<?xml version="1.0" encoding="UTF-8"?>
<testsuite xmlns:xsi="http://www.w3.org/2001/XMLSchema-instance" xsi:noNamespaceSchemaLocation="https://maven.apache.org/surefire/maven-surefire-plugin/xsd/surefire-test-report.xsd" name="org.apache.hadoop.ozone.client.rpc.TestMultiBlockWritesWithDnFailures" time="111.172" tests="2" errors="1" skipped="0" failures="0">
  <properties>
    <property name="awt.toolkit" value="sun.awt.X11.XToolkit"/>
    <property name="file.encoding.pkg" value="sun.io"/>
    <property name="java.specification.version" value="1.8"/>
    <property name="sun.cpu.isalist" value=""/>
    <property name="sun.jnu.encoding" value="UTF-8"/>
    <property name="java.class.path" value="/workdir/hadoop-ozone/integration-test/target/test-classes:/workdir/hadoop-ozone/integration-test/target/classes:/home/user/.m2/repository/org/apache/hadoop/hadoop-ozone-common/0.5.0-SNAPSHOT/hadoop-ozone-common-0.5.0-SNAPSHOT.jar:/home/user/.m2/repository/org/apache/commons/commons-compress/1.4.1/commons-compress-1.4.1.jar:/home/user/.m2/repository/org/tukaani/xz/1.0/xz-1.0.jar:/home/user/.m2/repository/org/apache/hadoop/hadoop-common/3.2.0/hadoop-common-3.2.0.jar:/home/user/.m2/repository/org/apache/hadoop/hadoop-hdfs/3.2.0/hadoop-hdfs-3.2.0.jar:/home/user/.m2/repository/org/apache/hadoop/hadoop-hdfs-client/3.2.0/hadoop-hdfs-client-3.2.0.jar:/home/user/.m2/repository/com/fasterxml/jackson/core/jackson-annotations/2.9.5/jackson-annotations-2.9.5.jar:/home/user/.m2/repository/org/apache/hadoop/hadoop-hdds-common/0.5.0-SNAPSHOT/hadoop-hdds-common-0.5.0-SNAPSHOT.jar:/home/user/.m2/repository/javax/annotation/javax.annotation-api/1.2/javax.annotation-api-1.2.jar:/home/user/.m2/repository/org/apache/ratis/ratis-server/0.4.0-2337318-SNAPSHOT/ratis-server-0.4.0-2337318-SNAPSHOT.jar:/home/user/.m2/repository/org/apache/ratis/ratis-thirdparty-misc/0.2.0/ratis-thirdparty-misc-0.2.0.jar:/home/user/.m2/repository/org/apache/ratis/ratis-proto/0.4.0-2337318-SNAPSHOT/ratis-proto-0.4.0-2337318-SNAPSHOT.jar:/home/user/.m2/repository/org/apache/ratis/ratis-common/0.4.0-2337318-SNAPSHOT/ratis-common-0.4.0-2337318-SNAPSHOT.jar:/home/user/.m2/repository/org/apache/ratis/ratis-client/0.4.0-2337318-SNAPSHOT/ratis-client-0.4.0-2337318-SNAPSHOT.jar:/home/user/.m2/repository/org/apache/ratis/ratis-metrics/0.4.0-2337318-SNAPSHOT/ratis-metrics-0.4.0-2337318-SNAPSHOT.jar:/home/user/.m2/repository/org/apache/ratis/ratis-netty/0.4.0-2337318-SNAPSHOT/ratis-netty-0.4.0-2337318-SNAPSHOT.jar:/home/user/.m2/repository/org/apache/ratis/ratis-grpc/0.4.0-2337318-SNAPSHOT/ratis-grpc-0.4.0-2337318-SNAPSHOT.jar:/home/user/.m2/repository/org/rocksdb/rocksdbjni/6.0.1/rocksdbjni-6.0.1.jar:/home/user/.m2/repository/org/apache/logging/log4j/log4j-api/2.11.0/log4j-api-2.11.0.jar:/home/user/.m2/repository/org/apache/logging/log4j/log4j-core/2.11.0/log4j-core-2.11.0.jar:/home/user/.m2/repository/com/lmax/disruptor/3.4.2/disruptor-3.4.2.jar:/home/user/.m2/repository/org/apache/commons/commons-pool2/2.6.0/commons-pool2-2.6.0.jar:/home/user/.m2/repository/org/bouncycastle/bcpkix-jdk15on/1.60/bcpkix-jdk15on-1.60.jar:/home/user/.m2/repository/commons-validator/commons-validator/1.6/commons-validator-1.6.jar:/home/user/.m2/repository/commons-digester/commons-digester/1.8.1/commons-digester-1.8.1.jar:/home/user/.m2/repository/io/jaegertracing/jaeger-client/0.33.1/jaeger-client-0.33.1.jar:/home/user/.m2/repository/io/jaegertracing/jaeger-thrift/0.33.1/jaeger-thrift-0.33.1.jar:/home/user/.m2/repository/org/apache/thrift/libthrift/0.11.0/libthrift-0.11.0.jar:/home/user/.m2/repository/com/squareup/okhttp3/okhttp/3.9.0/okhttp-3.9.0.jar:/home/user/.m2/repository/com/squareup/okio/okio/1.13.0/okio-1.13.0.jar:/home/user/.m2/repository/io/jaegertracing/jaeger-core/0.33.1/jaeger-core-0.33.1.jar:/home/user/.m2/repository/io/jaegertracing/jaeger-tracerresolver/0.33.1/jaeger-tracerresolver-0.33.1.jar:/home/user/.m2/repository/io/opentracing/contrib/opentracing-tracerresolver/0.1.5/opentracing-tracerresolver-0.1.5.jar:/home/user/.m2/repository/io/opentracing/opentracing-util/0.31.0/opentracing-util-0.31.0.jar:/home/user/.m2/repository/io/opentracing/opentracing-api/0.31.0/opentracing-api-0.31.0.jar:/home/user/.m2/repository/io/opentracing/opentracing-noop/0.31.0/opentracing-noop-0.31.0.jar:/home/user/.m2/repository/org/apache/hadoop/hadoop-hdds-server-framework/0.5.0-SNAPSHOT/hadoop-hdds-server-framework-0.5.0-SNAPSHOT.jar:/home/user/.m2/repository/org/apache/hadoop/hadoop-hdds-container-service/0.5.0-SNAPSHOT/hadoop-hdds-container-service-0.5.0-SNAPSHOT.jar:/home/user/.m2/repository/org/apache/hadoop/hadoop-hdds-client/0.5.0-SNAPSHOT/hadoop-hdds-client-0.5.0-SNAPSHOT.jar:/home/user/.m2/repository/org/apache/hadoop/hadoop-hdds-tools/0.5.0-SNAPSHOT/hadoop-hdds-tools-0.5.0-SNAPSHOT.jar:/home/user/.m2/repository/org/apache/hadoop/hadoop-hdds-server-scm/0.5.0-SNAPSHOT/hadoop-hdds-server-scm-0.5.0-SNAPSHOT.jar:/home/user/.m2/repository/org/apache/hadoop/hadoop-hdds-docs/0.5.0-SNAPSHOT/hadoop-hdds-docs-0.5.0-SNAPSHOT.jar:/home/user/.m2/repository/io/dropwizard/metrics/metrics-core/3.2.4/metrics-core-3.2.4.jar:/home/user/.m2/repository/org/hamcrest/hamcrest-all/1.3/hamcrest-all-1.3.jar:/home/user/.m2/repository/org/bouncycastle/bcprov-jdk15on/1.60/bcprov-jdk15on-1.60.jar:/home/user/.m2/repository/info/picocli/picocli/3.9.6/picocli-3.9.6.jar:/home/user/.m2/repository/com/google/protobuf/protobuf-java/2.5.0/protobuf-java-2.5.0.jar:/home/user/.m2/repository/com/google/guava/guava/11.0.2/guava-11.0.2.jar:/home/user/.m2/repository/org/apache/hadoop/hadoop-ozone-ozone-manager/0.5.0-SNAPSHOT/hadoop-ozone-ozone-manager-0.5.0-SNAPSHOT.jar:/home/user/.m2/repository/org/apache/hadoop/hadoop-minikdc/3.2.0/hadoop-minikdc-3.2.0.jar:/home/user/.m2/repository/commons-io/commons-io/2.5/commons-io-2.5.jar:/home/user/.m2/repository/org/apache/kerby/kerb-simplekdc/1.0.1/kerb-simplekdc-1.0.1.jar:/home/user/.m2/repository/org/apache/kerby/kerb-client/1.0.1/kerb-client-1.0.1.jar:/home/user/.m2/repository/org/apache/kerby/kerby-config/1.0.1/kerby-config-1.0.1.jar:/home/user/.m2/repository/org/apache/kerby/kerb-core/1.0.1/kerb-core-1.0.1.jar:/home/user/.m2/repository/org/apache/kerby/kerby-pkix/1.0.1/kerby-pkix-1.0.1.jar:/home/user/.m2/repository/org/apache/kerby/kerby-asn1/1.0.1/kerby-asn1-1.0.1.jar:/home/user/.m2/repository/org/apache/kerby/kerby-util/1.0.1/kerby-util-1.0.1.jar:/home/user/.m2/repository/org/apache/kerby/kerb-common/1.0.1/kerb-common-1.0.1.jar:/home/user/.m2/repository/org/apache/kerby/kerb-crypto/1.0.1/kerb-crypto-1.0.1.jar:/home/user/.m2/repository/org/apache/kerby/kerb-util/1.0.1/kerb-util-1.0.1.jar:/home/user/.m2/repository/org/apache/kerby/token-provider/1.0.1/token-provider-1.0.1.jar:/home/user/.m2/repository/org/apache/kerby/kerb-admin/1.0.1/kerb-admin-1.0.1.jar:/home/user/.m2/repository/org/apache/kerby/kerb-server/1.0.1/kerb-server-1.0.1.jar:/home/user/.m2/repository/org/apache/kerby/kerb-identity/1.0.1/kerb-identity-1.0.1.jar:/home/user/.m2/repository/org/apache/kerby/kerby-xdr/1.0.1/kerby-xdr-1.0.1.jar:/home/user/.m2/repository/org/slf4j/slf4j-log4j12/1.7.25/slf4j-log4j12-1.7.25.jar:/home/user/.m2/repository/org/apache/hadoop/hadoop-ozone-objectstore-service/0.5.0-SNAPSHOT/hadoop-ozone-objectstore-service-0.5.0-SNAPSHOT.jar:/home/user/.m2/repository/org/apache/hadoop/hadoop-ozone-s3gateway/0.5.0-SNAPSHOT/hadoop-ozone-s3gateway-0.5.0-SNAPSHOT.jar:/home/user/.m2/repository/org/jboss/weld/servlet/weld-servlet/2.4.7.Final/weld-servlet-2.4.7.Final.jar:/home/user/.m2/repository/org/glassfish/jersey/containers/jersey-container-servlet-core/2.27/jersey-container-servlet-core-2.27.jar:/home/user/.m2/repository/org/glassfish/hk2/external/javax.inject/2.5.0-b42/javax.inject-2.5.0-b42.jar:/home/user/.m2/repository/org/glassfish/jersey/core/jersey-common/2.27/jersey-common-2.27.jar:/home/user/.m2/repository/org/glassfish/hk2/osgi-resource-locator/1.0.1/osgi-resource-locator-1.0.1.jar:/home/user/.m2/repository/javax/ws/rs/javax.ws.rs-api/2.1/javax.ws.rs-api-2.1.jar:/home/user/.m2/repository/org/glassfish/jersey/ext/cdi/jersey-cdi1x/2.27/jersey-cdi1x-2.27.jar:/home/user/.m2/repository/org/glassfish/jersey/inject/jersey-hk2/2.27/jersey-hk2-2.27.jar:/home/user/.m2/repository/org/glassfish/hk2/hk2-locator/2.5.0-b42/hk2-locator-2.5.0-b42.jar:/home/user/.m2/repository/org/javassist/javassist/3.22.0-CR2/javassist-3.22.0-CR2.jar:/home/user/.m2/repository/org/glassfish/hk2/hk2-api/2.5.0/hk2-api-2.5.0.jar:/home/user/.m2/repository/org/glassfish/hk2/external/jakarta.inject/2.5.0/jakarta.inject-2.5.0.jar:/home/user/.m2/repository/org/glassfish/hk2/hk2-utils/2.5.0/hk2-utils-2.5.0.jar:/home/user/.m2/repository/jakarta/annotation/jakarta.annotation-api/1.3.4/jakarta.annotation-api-1.3.4.jar:/home/user/.m2/repository/org/glassfish/hk2/external/aopalliance-repackaged/2.5.0/aopalliance-repackaged-2.5.0.jar:/home/user/.m2/repository/com/fasterxml/jackson/dataformat/jackson-dataformat-xml/2.9.0/jackson-dataformat-xml-2.9.0.jar:/home/user/.m2/repository/com/fasterxml/jackson/core/jackson-core/2.9.5/jackson-core-2.9.5.jar:/home/user/.m2/repository/com/fasterxml/jackson/module/jackson-module-jaxb-annotations/2.9.5/jackson-module-jaxb-annotations-2.9.5.jar:/home/user/.m2/repository/javax/enterprise/cdi-api/1.2/cdi-api-1.2.jar:/home/user/.m2/repository/javax/el/javax.el-api/3.0.0/javax.el-api-3.0.0.jar:/home/user/.m2/repository/javax/interceptor/javax.interceptor-api/1.2/javax.interceptor-api-1.2.jar:/home/user/.m2/repository/javax/inject/javax.inject/1/javax.inject-1.jar:/home/user/.m2/repository/com/sun/xml/bind/jaxb-impl/2.3.0.1/jaxb-impl-2.3.0.1.jar:/home/user/.m2/repository/com/sun/xml/bind/jaxb-core/2.3.0.1/jaxb-core-2.3.0.1.jar:/home/user/.m2/repository/javax/xml/bind/jaxb-api/2.3.0/jaxb-api-2.3.0.jar:/home/user/.m2/repository/javax/activation/activation/1.1.1/activation-1.1.1.jar:/home/user/.m2/repository/org/apache/hadoop/hadoop-ozone-csi/0.5.0-SNAPSHOT/hadoop-ozone-csi-0.5.0-SNAPSHOT.jar:/home/user/.m2/repository/com/google/protobuf/protobuf-java-util/3.5.1/protobuf-java-util-3.5.1.jar:/home/user/.m2/repository/org/apache/hadoop/hadoop-hdds-config/0.5.0-SNAPSHOT/hadoop-hdds-config-0.5.0-SNAPSHOT.jar:/home/user/.m2/repository/io/grpc/grpc-netty/1.17.1/grpc-netty-1.17.1.jar:/home/user/.m2/repository/io/grpc/grpc-core/1.17.1/grpc-core-1.17.1.jar:/home/user/.m2/repository/io/grpc/grpc-context/1.17.1/grpc-context-1.17.1.jar:/home/user/.m2/repository/com/google/errorprone/error_prone_annotations/2.2.0/error_prone_annotations-2.2.0.jar:/home/user/.m2/repository/org/codehaus/mojo/animal-sniffer-annotations/1.17/animal-sniffer-annotations-1.17.jar:/home/user/.m2/repository/io/opencensus/opencensus-api/0.17.0/opencensus-api-0.17.0.jar:/home/user/.m2/repository/io/opencensus/opencensus-contrib-grpc-metrics/0.17.0/opencensus-contrib-grpc-metrics-0.17.0.jar:/home/user/.m2/repository/io/netty/netty-codec-http2/4.1.30.Final/netty-codec-http2-4.1.30.Final.jar:/home/user/.m2/repository/io/netty/netty-codec-http/4.1.30.Final/netty-codec-http-4.1.30.Final.jar:/home/user/.m2/repository/io/netty/netty-codec/4.1.30.Final/netty-codec-4.1.30.Final.jar:/home/user/.m2/repository/io/netty/netty-handler/4.1.30.Final/netty-handler-4.1.30.Final.jar:/home/user/.m2/repository/io/netty/netty-handler-proxy/4.1.30.Final/netty-handler-proxy-4.1.30.Final.jar:/home/user/.m2/repository/io/netty/netty-codec-socks/4.1.30.Final/netty-codec-socks-4.1.30.Final.jar:/home/user/.m2/repository/io/netty/netty-transport-native-epoll/4.1.30.Final/netty-transport-native-epoll-4.1.30.Final.jar:/home/user/.m2/repository/io/netty/netty-common/4.1.30.Final/netty-common-4.1.30.Final.jar:/home/user/.m2/repository/io/netty/netty-buffer/4.1.30.Final/netty-buffer-4.1.30.Final.jar:/home/user/.m2/repository/io/netty/netty-transport/4.1.30.Final/netty-transport-4.1.30.Final.jar:/home/user/.m2/repository/io/netty/netty-resolver/4.1.30.Final/netty-resolver-4.1.30.Final.jar:/home/user/.m2/repository/io/netty/netty-transport-native-unix-common/4.1.30.Final/netty-transport-native-unix-common-4.1.30.Final.jar:/home/user/.m2/repository/io/grpc/grpc-protobuf/1.17.1/grpc-protobuf-1.17.1.jar:/home/user/.m2/repository/com/google/api/grpc/proto-google-common-protos/1.0.0/proto-google-common-protos-1.0.0.jar:/home/user/.m2/repository/io/grpc/grpc-protobuf-lite/1.17.1/grpc-protobuf-lite-1.17.1.jar:/home/user/.m2/repository/io/grpc/grpc-stub/1.17.1/grpc-stub-1.17.1.jar:/home/user/.m2/repository/org/apache/hadoop/hadoop-ozone-recon/0.5.0-SNAPSHOT/hadoop-ozone-recon-0.5.0-SNAPSHOT.jar:/home/user/.m2/repository/org/apache/hadoop/hadoop-ozone-reconcodegen/0.5.0-SNAPSHOT/hadoop-ozone-reconcodegen-0.5.0-SNAPSHOT.jar:/home/user/.m2/repository/com/google/inject/extensions/guice-multibindings/4.0/guice-multibindings-4.0.jar:/home/user/.m2/repository/com/google/inject/guice/4.0/guice-4.0.jar:/home/user/.m2/repository/aopalliance/aopalliance/1.0/aopalliance-1.0.jar:/home/user/.m2/repository/com/google/inject/extensions/guice-servlet/4.0/guice-servlet-4.0.jar:/home/user/.m2/repository/org/glassfish/jersey/containers/jersey-container-servlet/2.27/jersey-container-servlet-2.27.jar:/home/user/.m2/repository/org/glassfish/hk2/guice-bridge/2.5.0/guice-bridge-2.5.0.jar:/home/user/.m2/repository/org/glassfish/jersey/core/jersey-server/2.27/jersey-server-2.27.jar:/home/user/.m2/repository/org/glassfish/jersey/core/jersey-client/2.27/jersey-client-2.27.jar:/home/user/.m2/repository/org/glassfish/jersey/media/jersey-media-jaxb/2.27/jersey-media-jaxb-2.27.jar:/home/user/.m2/repository/javax/validation/validation-api/1.1.0.Final/validation-api-1.1.0.Final.jar:/home/user/.m2/repository/org/glassfish/jersey/media/jersey-media-json-jackson/2.27/jersey-media-json-jackson-2.27.jar:/home/user/.m2/repository/org/glassfish/jersey/ext/jersey-entity-filtering/2.27/jersey-entity-filtering-2.27.jar:/home/user/.m2/repository/com/google/inject/extensions/guice-assistedinject/4.0/guice-assistedinject-4.0.jar:/home/user/.m2/repository/org/jooq/jooq/3.11.10/jooq-3.11.10.jar:/home/user/.m2/repository/org/jooq/jooq-meta/3.11.10/jooq-meta-3.11.10.jar:/home/user/.m2/repository/org/jooq/jooq-codegen/3.11.10/jooq-codegen-3.11.10.jar:/home/user/.m2/repository/com/jolbox/bonecp/0.8.0.RELEASE/bonecp-0.8.0.RELEASE.jar:/home/user/.m2/repository/org/xerial/sqlite-jdbc/3.25.2/sqlite-jdbc-3.25.2.jar:/home/user/.m2/repository/org/springframework/spring-jdbc/5.1.3.RELEASE/spring-jdbc-5.1.3.RELEASE.jar:/home/user/.m2/repository/org/springframework/spring-beans/5.1.3.RELEASE/spring-beans-5.1.3.RELEASE.jar:/home/user/.m2/repository/org/springframework/spring-core/5.1.3.RELEASE/spring-core-5.1.3.RELEASE.jar:/home/user/.m2/repository/org/springframework/spring-jcl/5.1.3.RELEASE/spring-jcl-5.1.3.RELEASE.jar:/home/user/.m2/repository/org/springframework/spring-tx/5.1.3.RELEASE/spring-tx-5.1.3.RELEASE.jar:/home/user/.m2/repository/org/apache/hadoop/hadoop-ozone-client/0.5.0-SNAPSHOT/hadoop-ozone-client-0.5.0-SNAPSHOT.jar:/home/user/.m2/repository/commons-lang/commons-lang/2.6/commons-lang-2.6.jar:/home/user/.m2/repository/org/apache/hadoop/hadoop-ozone-ozone-manager/0.5.0-SNAPSHOT/hadoop-ozone-ozone-manager-0.5.0-SNAPSHOT-tests.jar:/home/user/.m2/repository/junit/junit/4.11/junit-4.11.jar:/home/user/.m2/repository/org/hamcrest/hamcrest-core/1.3/hamcrest-core-1.3.jar:/home/user/.m2/repository/org/openjdk/jmh/jmh-core/1.19/jmh-core-1.19.jar:/home/user/.m2/repository/net/sf/jopt-simple/jopt-simple/4.6/jopt-simple-4.6.jar:/home/user/.m2/repository/org/apache/commons/commons-math3/3.1.1/commons-math3-3.1.1.jar:/home/user/.m2/repository/org/openjdk/jmh/jmh-generator-annprocess/1.19/jmh-generator-annprocess-1.19.jar:/home/user/.m2/repository/org/mockito/mockito-all/1.8.5/mockito-all-1.8.5.jar:/home/user/.m2/repository/org/apache/hadoop/hadoop-kms/3.2.0/hadoop-kms-3.2.0.jar:/home/user/.m2/repository/org/apache/hadoop/hadoop-auth/3.2.0/hadoop-auth-3.2.0.jar:/home/user/.m2/repository/com/nimbusds/nimbus-jose-jwt/4.41.1/nimbus-jose-jwt-4.41.1.jar:/home/user/.m2/repository/com/github/stephenc/jcip/jcip-annotations/1.0-1/jcip-annotations-1.0-1.jar:/home/user/.m2/repository/net/minidev/json-smart/2.3/json-smart-2.3.jar:/home/user/.m2/repository/net/minidev/accessors-smart/1.2/accessors-smart-1.2.jar:/home/user/.m2/repository/org/ow2/asm/asm/5.0.4/asm-5.0.4.jar:/home/user/.m2/repository/org/apache/curator/curator-framework/2.12.0/curator-framework-2.12.0.jar:/home/user/.m2/repository/com/sun/jersey/jersey-core/1.19/jersey-core-1.19.jar:/home/user/.m2/repository/javax/ws/rs/jsr311-api/1.1.1/jsr311-api-1.1.1.jar:/home/user/.m2/repository/com/sun/jersey/jersey-server/1.19/jersey-server-1.19.jar:/home/user/.m2/repository/javax/servlet/javax.servlet-api/3.1.0/javax.servlet-api-3.1.0.jar:/home/user/.m2/repository/org/eclipse/jetty/jetty-server/9.3.24.v20180605/jetty-server-9.3.24.v20180605.jar:/home/user/.m2/repository/org/eclipse/jetty/jetty-http/9.3.24.v20180605/jetty-http-9.3.24.v20180605.jar:/home/user/.m2/repository/org/eclipse/jetty/jetty-io/9.3.24.v20180605/jetty-io-9.3.24.v20180605.jar:/home/user/.m2/repository/org/eclipse/jetty/jetty-webapp/9.3.24.v20180605/jetty-webapp-9.3.24.v20180605.jar:/home/user/.m2/repository/org/eclipse/jetty/jetty-xml/9.3.24.v20180605/jetty-xml-9.3.24.v20180605.jar:/home/user/.m2/repository/log4j/log4j/1.2.17/log4j-1.2.17.jar:/home/user/.m2/repository/org/slf4j/slf4j-api/1.7.25/slf4j-api-1.7.25.jar:/home/user/.m2/repository/org/slf4j/jul-to-slf4j/1.7.25/jul-to-slf4j-1.7.25.jar:/home/user/.m2/repository/org/eclipse/jetty/jetty-util/9.3.24.v20180605/jetty-util-9.3.24.v20180605.jar:/home/user/.m2/repository/com/fasterxml/jackson/core/jackson-databind/2.9.5/jackson-databind-2.9.5.jar:/home/user/.m2/repository/org/apache/hadoop/hadoop-kms/3.2.0/hadoop-kms-3.2.0-tests.jar:/home/user/.m2/repository/org/apache/hadoop/hadoop-hdds-server-scm/0.5.0-SNAPSHOT/hadoop-hdds-server-scm-0.5.0-SNAPSHOT-tests.jar:/home/user/.m2/repository/org/apache/hadoop/hadoop-hdds-container-service/0.5.0-SNAPSHOT/hadoop-hdds-container-service-0.5.0-SNAPSHOT-tests.jar:/home/user/.m2/repository/org/yaml/snakeyaml/1.16/snakeyaml-1.16.jar:/home/user/.m2/repository/org/apache/hadoop/hadoop-common/3.2.0/hadoop-common-3.2.0-tests.jar:/home/user/.m2/repository/org/apache/hadoop/hadoop-annotations/3.2.0/hadoop-annotations-3.2.0.jar:/usr/lib/jvm/java-1.8-openjdk/jre/../lib/tools.jar:/home/user/.m2/repository/commons-cli/commons-cli/1.2/commons-cli-1.2.jar:/home/user/.m2/repository/org/apache/httpcomponents/httpclient/4.5.2/httpclient-4.5.2.jar:/home/user/.m2/repository/org/apache/httpcomponents/httpcore/4.4.4/httpcore-4.4.4.jar:/home/user/.m2/repository/commons-codec/commons-codec/1.11/commons-codec-1.11.jar:/home/user/.m2/repository/commons-net/commons-net/3.6/commons-net-3.6.jar:/home/user/.m2/repository/commons-collections/commons-collections/3.2.2/commons-collections-3.2.2.jar:/home/user/.m2/repository/org/eclipse/jetty/jetty-servlet/9.3.24.v20180605/jetty-servlet-9.3.24.v20180605.jar:/home/user/.m2/repository/org/eclipse/jetty/jetty-security/9.3.24.v20180605/jetty-security-9.3.24.v20180605.jar:/home/user/.m2/repository/javax/servlet/jsp/jsp-api/2.1/jsp-api-2.1.jar:/home/user/.m2/repository/com/sun/jersey/jersey-servlet/1.19/jersey-servlet-1.19.jar:/home/user/.m2/repository/com/sun/jersey/jersey-json/1.19/jersey-json-1.19.jar:/home/user/.m2/repository/org/codehaus/jettison/jettison/1.1/jettison-1.1.jar:/home/user/.m2/repository/org/codehaus/jackson/jackson-core-asl/1.9.13/jackson-core-asl-1.9.13.jar:/home/user/.m2/repository/org/codehaus/jackson/jackson-mapper-asl/1.9.13/jackson-mapper-asl-1.9.13.jar:/home/user/.m2/repository/org/codehaus/jackson/jackson-jaxrs/1.9.13/jackson-jaxrs-1.9.13.jar:/home/user/.m2/repository/org/codehaus/jackson/jackson-xc/1.9.13/jackson-xc-1.9.13.jar:/home/user/.m2/repository/commons-logging/commons-logging/1.1.3/commons-logging-1.1.3.jar:/home/user/.m2/repository/commons-beanutils/commons-beanutils/1.9.3/commons-beanutils-1.9.3.jar:/home/user/.m2/repository/org/apache/commons/commons-configuration2/2.1.1/commons-configuration2-2.1.1.jar:/home/user/.m2/repository/org/apache/commons/commons-lang3/3.7/commons-lang3-3.7.jar:/home/user/.m2/repository/org/apache/commons/commons-text/1.4/commons-text-1.4.jar:/home/user/.m2/repository/org/apache/avro/avro/1.7.7/avro-1.7.7.jar:/home/user/.m2/repository/com/thoughtworks/paranamer/paranamer/2.3/paranamer-2.3.jar:/home/user/.m2/repository/org/xerial/snappy/snappy-java/1.0.5/snappy-java-1.0.5.jar:/home/user/.m2/repository/com/google/re2j/re2j/1.1/re2j-1.1.jar:/home/user/.m2/repository/com/google/code/gson/gson/2.2.4/gson-2.2.4.jar:/home/user/.m2/repository/com/jcraft/jsch/0.1.54/jsch-0.1.54.jar:/home/user/.m2/repository/org/apache/curator/curator-client/2.12.0/curator-client-2.12.0.jar:/home/user/.m2/repository/org/apache/curator/curator-recipes/2.12.0/curator-recipes-2.12.0.jar:/home/user/.m2/repository/com/google/code/findbugs/jsr305/3.0.0/jsr305-3.0.0.jar:/home/user/.m2/repository/org/apache/htrace/htrace-core4/4.1.0-incubating/htrace-core4-4.1.0-incubating.jar:/home/user/.m2/repository/org/apache/zookeeper/zookeeper/3.4.13/zookeeper-3.4.13.jar:/home/user/.m2/repository/org/apache/yetus/audience-annotations/0.5.0/audience-annotations-0.5.0.jar:/home/user/.m2/repository/org/codehaus/woodstox/stax2-api/3.1.4/stax2-api-3.1.4.jar:/home/user/.m2/repository/com/fasterxml/woodstox/woodstox-core/5.0.3/woodstox-core-5.0.3.jar:/home/user/.m2/repository/dnsjava/dnsjava/2.1.7/dnsjava-2.1.7.jar:/home/user/.m2/repository/org/apache/hadoop/hadoop-hdfs/3.2.0/hadoop-hdfs-3.2.0-tests.jar:/home/user/.m2/repository/org/eclipse/jetty/jetty-util-ajax/9.3.24.v20180605/jetty-util-ajax-9.3.24.v20180605.jar:/home/user/.m2/repository/commons-daemon/commons-daemon/1.0.13/commons-daemon-1.0.13.jar:/home/user/.m2/repository/io/netty/netty/3.10.5.Final/netty-3.10.5.Final.jar:/home/user/.m2/repository/io/netty/netty-all/4.0.52.Final/netty-all-4.0.52.Final.jar:/home/user/.m2/repository/org/fusesource/leveldbjni/leveldbjni-all/1.8/leveldbjni-all-1.8.jar:"/>
    <property name="java.vm.vendor" value="IcedTea"/>
    <property name="sun.arch.data.model" value="64"/>
    <property name="test.build.dir" value="/workdir/hadoop-ozone/integration-test/target/test-dir"/>
    <property name="test.cache.data" value=""/>
    <property name="java.vendor.url" value="https://icedtea.classpath.org"/>
    <property name="user.timezone" value=""/>
    <property name="java.vm.specification.version" value="1.8"/>
    <property name="os.name" value="Linux"/>
    <property name="test.build.data" value="/workdir/hadoop-ozone/integration-test/target/test-dir"/>
    <property name="user.country" value="US"/>
    <property name="sun.java.launcher" value="SUN_STANDARD"/>
    <property name="sun.boot.library.path" value="/usr/lib/jvm/java-1.8-openjdk/jre/lib/amd64"/>
    <property name="sun.java.command" value="/workdir/hadoop-ozone/integration-test/target/surefire/surefirebooter7989154223081042143.jar /workdir/hadoop-ozone/integration-test/target/surefire 2019-08-22T09-05-11_403-jvmRun1 surefire1757493824115917821tmp surefire_147930649006503102551tmp"/>
    <property name="test" value="!TestMiniChaosOzoneCluster"/>
    <property name="surefire.test.class.path" value="/workdir/hadoop-ozone/integration-test/target/test-classes:/workdir/hadoop-ozone/integration-test/target/classes:/home/user/.m2/repository/org/apache/hadoop/hadoop-ozone-common/0.5.0-SNAPSHOT/hadoop-ozone-common-0.5.0-SNAPSHOT.jar:/home/user/.m2/repository/org/apache/commons/commons-compress/1.4.1/commons-compress-1.4.1.jar:/home/user/.m2/repository/org/tukaani/xz/1.0/xz-1.0.jar:/home/user/.m2/repository/org/apache/hadoop/hadoop-common/3.2.0/hadoop-common-3.2.0.jar:/home/user/.m2/repository/org/apache/hadoop/hadoop-hdfs/3.2.0/hadoop-hdfs-3.2.0.jar:/home/user/.m2/repository/org/apache/hadoop/hadoop-hdfs-client/3.2.0/hadoop-hdfs-client-3.2.0.jar:/home/user/.m2/repository/com/fasterxml/jackson/core/jackson-annotations/2.9.5/jackson-annotations-2.9.5.jar:/home/user/.m2/repository/org/apache/hadoop/hadoop-hdds-common/0.5.0-SNAPSHOT/hadoop-hdds-common-0.5.0-SNAPSHOT.jar:/home/user/.m2/repository/javax/annotation/javax.annotation-api/1.2/javax.annotation-api-1.2.jar:/home/user/.m2/repository/org/apache/ratis/ratis-server/0.4.0-2337318-SNAPSHOT/ratis-server-0.4.0-2337318-SNAPSHOT.jar:/home/user/.m2/repository/org/apache/ratis/ratis-thirdparty-misc/0.2.0/ratis-thirdparty-misc-0.2.0.jar:/home/user/.m2/repository/org/apache/ratis/ratis-proto/0.4.0-2337318-SNAPSHOT/ratis-proto-0.4.0-2337318-SNAPSHOT.jar:/home/user/.m2/repository/org/apache/ratis/ratis-common/0.4.0-2337318-SNAPSHOT/ratis-common-0.4.0-2337318-SNAPSHOT.jar:/home/user/.m2/repository/org/apache/ratis/ratis-client/0.4.0-2337318-SNAPSHOT/ratis-client-0.4.0-2337318-SNAPSHOT.jar:/home/user/.m2/repository/org/apache/ratis/ratis-metrics/0.4.0-2337318-SNAPSHOT/ratis-metrics-0.4.0-2337318-SNAPSHOT.jar:/home/user/.m2/repository/org/apache/ratis/ratis-netty/0.4.0-2337318-SNAPSHOT/ratis-netty-0.4.0-2337318-SNAPSHOT.jar:/home/user/.m2/repository/org/apache/ratis/ratis-grpc/0.4.0-2337318-SNAPSHOT/ratis-grpc-0.4.0-2337318-SNAPSHOT.jar:/home/user/.m2/repository/org/rocksdb/rocksdbjni/6.0.1/rocksdbjni-6.0.1.jar:/home/user/.m2/repository/org/apache/logging/log4j/log4j-api/2.11.0/log4j-api-2.11.0.jar:/home/user/.m2/repository/org/apache/logging/log4j/log4j-core/2.11.0/log4j-core-2.11.0.jar:/home/user/.m2/repository/com/lmax/disruptor/3.4.2/disruptor-3.4.2.jar:/home/user/.m2/repository/org/apache/commons/commons-pool2/2.6.0/commons-pool2-2.6.0.jar:/home/user/.m2/repository/org/bouncycastle/bcpkix-jdk15on/1.60/bcpkix-jdk15on-1.60.jar:/home/user/.m2/repository/commons-validator/commons-validator/1.6/commons-validator-1.6.jar:/home/user/.m2/repository/commons-digester/commons-digester/1.8.1/commons-digester-1.8.1.jar:/home/user/.m2/repository/io/jaegertracing/jaeger-client/0.33.1/jaeger-client-0.33.1.jar:/home/user/.m2/repository/io/jaegertracing/jaeger-thrift/0.33.1/jaeger-thrift-0.33.1.jar:/home/user/.m2/repository/org/apache/thrift/libthrift/0.11.0/libthrift-0.11.0.jar:/home/user/.m2/repository/com/squareup/okhttp3/okhttp/3.9.0/okhttp-3.9.0.jar:/home/user/.m2/repository/com/squareup/okio/okio/1.13.0/okio-1.13.0.jar:/home/user/.m2/repository/io/jaegertracing/jaeger-core/0.33.1/jaeger-core-0.33.1.jar:/home/user/.m2/repository/io/jaegertracing/jaeger-tracerresolver/0.33.1/jaeger-tracerresolver-0.33.1.jar:/home/user/.m2/repository/io/opentracing/contrib/opentracing-tracerresolver/0.1.5/opentracing-tracerresolver-0.1.5.jar:/home/user/.m2/repository/io/opentracing/opentracing-util/0.31.0/opentracing-util-0.31.0.jar:/home/user/.m2/repository/io/opentracing/opentracing-api/0.31.0/opentracing-api-0.31.0.jar:/home/user/.m2/repository/io/opentracing/opentracing-noop/0.31.0/opentracing-noop-0.31.0.jar:/home/user/.m2/repository/org/apache/hadoop/hadoop-hdds-server-framework/0.5.0-SNAPSHOT/hadoop-hdds-server-framework-0.5.0-SNAPSHOT.jar:/home/user/.m2/repository/org/apache/hadoop/hadoop-hdds-container-service/0.5.0-SNAPSHOT/hadoop-hdds-container-service-0.5.0-SNAPSHOT.jar:/home/user/.m2/repository/org/apache/hadoop/hadoop-hdds-client/0.5.0-SNAPSHOT/hadoop-hdds-client-0.5.0-SNAPSHOT.jar:/home/user/.m2/repository/org/apache/hadoop/hadoop-hdds-tools/0.5.0-SNAPSHOT/hadoop-hdds-tools-0.5.0-SNAPSHOT.jar:/home/user/.m2/repository/org/apache/hadoop/hadoop-hdds-server-scm/0.5.0-SNAPSHOT/hadoop-hdds-server-scm-0.5.0-SNAPSHOT.jar:/home/user/.m2/repository/org/apache/hadoop/hadoop-hdds-docs/0.5.0-SNAPSHOT/hadoop-hdds-docs-0.5.0-SNAPSHOT.jar:/home/user/.m2/repository/io/dropwizard/metrics/metrics-core/3.2.4/metrics-core-3.2.4.jar:/home/user/.m2/repository/org/hamcrest/hamcrest-all/1.3/hamcrest-all-1.3.jar:/home/user/.m2/repository/org/bouncycastle/bcprov-jdk15on/1.60/bcprov-jdk15on-1.60.jar:/home/user/.m2/repository/info/picocli/picocli/3.9.6/picocli-3.9.6.jar:/home/user/.m2/repository/com/google/protobuf/protobuf-java/2.5.0/protobuf-java-2.5.0.jar:/home/user/.m2/repository/com/google/guava/guava/11.0.2/guava-11.0.2.jar:/home/user/.m2/repository/org/apache/hadoop/hadoop-ozone-ozone-manager/0.5.0-SNAPSHOT/hadoop-ozone-ozone-manager-0.5.0-SNAPSHOT.jar:/home/user/.m2/repository/org/apache/hadoop/hadoop-minikdc/3.2.0/hadoop-minikdc-3.2.0.jar:/home/user/.m2/repository/commons-io/commons-io/2.5/commons-io-2.5.jar:/home/user/.m2/repository/org/apache/kerby/kerb-simplekdc/1.0.1/kerb-simplekdc-1.0.1.jar:/home/user/.m2/repository/org/apache/kerby/kerb-client/1.0.1/kerb-client-1.0.1.jar:/home/user/.m2/repository/org/apache/kerby/kerby-config/1.0.1/kerby-config-1.0.1.jar:/home/user/.m2/repository/org/apache/kerby/kerb-core/1.0.1/kerb-core-1.0.1.jar:/home/user/.m2/repository/org/apache/kerby/kerby-pkix/1.0.1/kerby-pkix-1.0.1.jar:/home/user/.m2/repository/org/apache/kerby/kerby-asn1/1.0.1/kerby-asn1-1.0.1.jar:/home/user/.m2/repository/org/apache/kerby/kerby-util/1.0.1/kerby-util-1.0.1.jar:/home/user/.m2/repository/org/apache/kerby/kerb-common/1.0.1/kerb-common-1.0.1.jar:/home/user/.m2/repository/org/apache/kerby/kerb-crypto/1.0.1/kerb-crypto-1.0.1.jar:/home/user/.m2/repository/org/apache/kerby/kerb-util/1.0.1/kerb-util-1.0.1.jar:/home/user/.m2/repository/org/apache/kerby/token-provider/1.0.1/token-provider-1.0.1.jar:/home/user/.m2/repository/org/apache/kerby/kerb-admin/1.0.1/kerb-admin-1.0.1.jar:/home/user/.m2/repository/org/apache/kerby/kerb-server/1.0.1/kerb-server-1.0.1.jar:/home/user/.m2/repository/org/apache/kerby/kerb-identity/1.0.1/kerb-identity-1.0.1.jar:/home/user/.m2/repository/org/apache/kerby/kerby-xdr/1.0.1/kerby-xdr-1.0.1.jar:/home/user/.m2/repository/org/slf4j/slf4j-log4j12/1.7.25/slf4j-log4j12-1.7.25.jar:/home/user/.m2/repository/org/apache/hadoop/hadoop-ozone-objectstore-service/0.5.0-SNAPSHOT/hadoop-ozone-objectstore-service-0.5.0-SNAPSHOT.jar:/home/user/.m2/repository/org/apache/hadoop/hadoop-ozone-s3gateway/0.5.0-SNAPSHOT/hadoop-ozone-s3gateway-0.5.0-SNAPSHOT.jar:/home/user/.m2/repository/org/jboss/weld/servlet/weld-servlet/2.4.7.Final/weld-servlet-2.4.7.Final.jar:/home/user/.m2/repository/org/glassfish/jersey/containers/jersey-container-servlet-core/2.27/jersey-container-servlet-core-2.27.jar:/home/user/.m2/repository/org/glassfish/hk2/external/javax.inject/2.5.0-b42/javax.inject-2.5.0-b42.jar:/home/user/.m2/repository/org/glassfish/jersey/core/jersey-common/2.27/jersey-common-2.27.jar:/home/user/.m2/repository/org/glassfish/hk2/osgi-resource-locator/1.0.1/osgi-resource-locator-1.0.1.jar:/home/user/.m2/repository/javax/ws/rs/javax.ws.rs-api/2.1/javax.ws.rs-api-2.1.jar:/home/user/.m2/repository/org/glassfish/jersey/ext/cdi/jersey-cdi1x/2.27/jersey-cdi1x-2.27.jar:/home/user/.m2/repository/org/glassfish/jersey/inject/jersey-hk2/2.27/jersey-hk2-2.27.jar:/home/user/.m2/repository/org/glassfish/hk2/hk2-locator/2.5.0-b42/hk2-locator-2.5.0-b42.jar:/home/user/.m2/repository/org/javassist/javassist/3.22.0-CR2/javassist-3.22.0-CR2.jar:/home/user/.m2/repository/org/glassfish/hk2/hk2-api/2.5.0/hk2-api-2.5.0.jar:/home/user/.m2/repository/org/glassfish/hk2/external/jakarta.inject/2.5.0/jakarta.inject-2.5.0.jar:/home/user/.m2/repository/org/glassfish/hk2/hk2-utils/2.5.0/hk2-utils-2.5.0.jar:/home/user/.m2/repository/jakarta/annotation/jakarta.annotation-api/1.3.4/jakarta.annotation-api-1.3.4.jar:/home/user/.m2/repository/org/glassfish/hk2/external/aopalliance-repackaged/2.5.0/aopalliance-repackaged-2.5.0.jar:/home/user/.m2/repository/com/fasterxml/jackson/dataformat/jackson-dataformat-xml/2.9.0/jackson-dataformat-xml-2.9.0.jar:/home/user/.m2/repository/com/fasterxml/jackson/core/jackson-core/2.9.5/jackson-core-2.9.5.jar:/home/user/.m2/repository/com/fasterxml/jackson/module/jackson-module-jaxb-annotations/2.9.5/jackson-module-jaxb-annotations-2.9.5.jar:/home/user/.m2/repository/javax/enterprise/cdi-api/1.2/cdi-api-1.2.jar:/home/user/.m2/repository/javax/el/javax.el-api/3.0.0/javax.el-api-3.0.0.jar:/home/user/.m2/repository/javax/interceptor/javax.interceptor-api/1.2/javax.interceptor-api-1.2.jar:/home/user/.m2/repository/javax/inject/javax.inject/1/javax.inject-1.jar:/home/user/.m2/repository/com/sun/xml/bind/jaxb-impl/2.3.0.1/jaxb-impl-2.3.0.1.jar:/home/user/.m2/repository/com/sun/xml/bind/jaxb-core/2.3.0.1/jaxb-core-2.3.0.1.jar:/home/user/.m2/repository/javax/xml/bind/jaxb-api/2.3.0/jaxb-api-2.3.0.jar:/home/user/.m2/repository/javax/activation/activation/1.1.1/activation-1.1.1.jar:/home/user/.m2/repository/org/apache/hadoop/hadoop-ozone-csi/0.5.0-SNAPSHOT/hadoop-ozone-csi-0.5.0-SNAPSHOT.jar:/home/user/.m2/repository/com/google/protobuf/protobuf-java-util/3.5.1/protobuf-java-util-3.5.1.jar:/home/user/.m2/repository/org/apache/hadoop/hadoop-hdds-config/0.5.0-SNAPSHOT/hadoop-hdds-config-0.5.0-SNAPSHOT.jar:/home/user/.m2/repository/io/grpc/grpc-netty/1.17.1/grpc-netty-1.17.1.jar:/home/user/.m2/repository/io/grpc/grpc-core/1.17.1/grpc-core-1.17.1.jar:/home/user/.m2/repository/io/grpc/grpc-context/1.17.1/grpc-context-1.17.1.jar:/home/user/.m2/repository/com/google/errorprone/error_prone_annotations/2.2.0/error_prone_annotations-2.2.0.jar:/home/user/.m2/repository/org/codehaus/mojo/animal-sniffer-annotations/1.17/animal-sniffer-annotations-1.17.jar:/home/user/.m2/repository/io/opencensus/opencensus-api/0.17.0/opencensus-api-0.17.0.jar:/home/user/.m2/repository/io/opencensus/opencensus-contrib-grpc-metrics/0.17.0/opencensus-contrib-grpc-metrics-0.17.0.jar:/home/user/.m2/repository/io/netty/netty-codec-http2/4.1.30.Final/netty-codec-http2-4.1.30.Final.jar:/home/user/.m2/repository/io/netty/netty-codec-http/4.1.30.Final/netty-codec-http-4.1.30.Final.jar:/home/user/.m2/repository/io/netty/netty-codec/4.1.30.Final/netty-codec-4.1.30.Final.jar:/home/user/.m2/repository/io/netty/netty-handler/4.1.30.Final/netty-handler-4.1.30.Final.jar:/home/user/.m2/repository/io/netty/netty-handler-proxy/4.1.30.Final/netty-handler-proxy-4.1.30.Final.jar:/home/user/.m2/repository/io/netty/netty-codec-socks/4.1.30.Final/netty-codec-socks-4.1.30.Final.jar:/home/user/.m2/repository/io/netty/netty-transport-native-epoll/4.1.30.Final/netty-transport-native-epoll-4.1.30.Final.jar:/home/user/.m2/repository/io/netty/netty-common/4.1.30.Final/netty-common-4.1.30.Final.jar:/home/user/.m2/repository/io/netty/netty-buffer/4.1.30.Final/netty-buffer-4.1.30.Final.jar:/home/user/.m2/repository/io/netty/netty-transport/4.1.30.Final/netty-transport-4.1.30.Final.jar:/home/user/.m2/repository/io/netty/netty-resolver/4.1.30.Final/netty-resolver-4.1.30.Final.jar:/home/user/.m2/repository/io/netty/netty-transport-native-unix-common/4.1.30.Final/netty-transport-native-unix-common-4.1.30.Final.jar:/home/user/.m2/repository/io/grpc/grpc-protobuf/1.17.1/grpc-protobuf-1.17.1.jar:/home/user/.m2/repository/com/google/api/grpc/proto-google-common-protos/1.0.0/proto-google-common-protos-1.0.0.jar:/home/user/.m2/repository/io/grpc/grpc-protobuf-lite/1.17.1/grpc-protobuf-lite-1.17.1.jar:/home/user/.m2/repository/io/grpc/grpc-stub/1.17.1/grpc-stub-1.17.1.jar:/home/user/.m2/repository/org/apache/hadoop/hadoop-ozone-recon/0.5.0-SNAPSHOT/hadoop-ozone-recon-0.5.0-SNAPSHOT.jar:/home/user/.m2/repository/org/apache/hadoop/hadoop-ozone-reconcodegen/0.5.0-SNAPSHOT/hadoop-ozone-reconcodegen-0.5.0-SNAPSHOT.jar:/home/user/.m2/repository/com/google/inject/extensions/guice-multibindings/4.0/guice-multibindings-4.0.jar:/home/user/.m2/repository/com/google/inject/guice/4.0/guice-4.0.jar:/home/user/.m2/repository/aopalliance/aopalliance/1.0/aopalliance-1.0.jar:/home/user/.m2/repository/com/google/inject/extensions/guice-servlet/4.0/guice-servlet-4.0.jar:/home/user/.m2/repository/org/glassfish/jersey/containers/jersey-container-servlet/2.27/jersey-container-servlet-2.27.jar:/home/user/.m2/repository/org/glassfish/hk2/guice-bridge/2.5.0/guice-bridge-2.5.0.jar:/home/user/.m2/repository/org/glassfish/jersey/core/jersey-server/2.27/jersey-server-2.27.jar:/home/user/.m2/repository/org/glassfish/jersey/core/jersey-client/2.27/jersey-client-2.27.jar:/home/user/.m2/repository/org/glassfish/jersey/media/jersey-media-jaxb/2.27/jersey-media-jaxb-2.27.jar:/home/user/.m2/repository/javax/validation/validation-api/1.1.0.Final/validation-api-1.1.0.Final.jar:/home/user/.m2/repository/org/glassfish/jersey/media/jersey-media-json-jackson/2.27/jersey-media-json-jackson-2.27.jar:/home/user/.m2/repository/org/glassfish/jersey/ext/jersey-entity-filtering/2.27/jersey-entity-filtering-2.27.jar:/home/user/.m2/repository/com/google/inject/extensions/guice-assistedinject/4.0/guice-assistedinject-4.0.jar:/home/user/.m2/repository/org/jooq/jooq/3.11.10/jooq-3.11.10.jar:/home/user/.m2/repository/org/jooq/jooq-meta/3.11.10/jooq-meta-3.11.10.jar:/home/user/.m2/repository/org/jooq/jooq-codegen/3.11.10/jooq-codegen-3.11.10.jar:/home/user/.m2/repository/com/jolbox/bonecp/0.8.0.RELEASE/bonecp-0.8.0.RELEASE.jar:/home/user/.m2/repository/org/xerial/sqlite-jdbc/3.25.2/sqlite-jdbc-3.25.2.jar:/home/user/.m2/repository/org/springframework/spring-jdbc/5.1.3.RELEASE/spring-jdbc-5.1.3.RELEASE.jar:/home/user/.m2/repository/org/springframework/spring-beans/5.1.3.RELEASE/spring-beans-5.1.3.RELEASE.jar:/home/user/.m2/repository/org/springframework/spring-core/5.1.3.RELEASE/spring-core-5.1.3.RELEASE.jar:/home/user/.m2/repository/org/springframework/spring-jcl/5.1.3.RELEASE/spring-jcl-5.1.3.RELEASE.jar:/home/user/.m2/repository/org/springframework/spring-tx/5.1.3.RELEASE/spring-tx-5.1.3.RELEASE.jar:/home/user/.m2/repository/org/apache/hadoop/hadoop-ozone-client/0.5.0-SNAPSHOT/hadoop-ozone-client-0.5.0-SNAPSHOT.jar:/home/user/.m2/repository/commons-lang/commons-lang/2.6/commons-lang-2.6.jar:/home/user/.m2/repository/org/apache/hadoop/hadoop-ozone-ozone-manager/0.5.0-SNAPSHOT/hadoop-ozone-ozone-manager-0.5.0-SNAPSHOT-tests.jar:/home/user/.m2/repository/junit/junit/4.11/junit-4.11.jar:/home/user/.m2/repository/org/hamcrest/hamcrest-core/1.3/hamcrest-core-1.3.jar:/home/user/.m2/repository/org/openjdk/jmh/jmh-core/1.19/jmh-core-1.19.jar:/home/user/.m2/repository/net/sf/jopt-simple/jopt-simple/4.6/jopt-simple-4.6.jar:/home/user/.m2/repository/org/apache/commons/commons-math3/3.1.1/commons-math3-3.1.1.jar:/home/user/.m2/repository/org/openjdk/jmh/jmh-generator-annprocess/1.19/jmh-generator-annprocess-1.19.jar:/home/user/.m2/repository/org/mockito/mockito-all/1.8.5/mockito-all-1.8.5.jar:/home/user/.m2/repository/org/apache/hadoop/hadoop-kms/3.2.0/hadoop-kms-3.2.0.jar:/home/user/.m2/repository/org/apache/hadoop/hadoop-auth/3.2.0/hadoop-auth-3.2.0.jar:/home/user/.m2/repository/com/nimbusds/nimbus-jose-jwt/4.41.1/nimbus-jose-jwt-4.41.1.jar:/home/user/.m2/repository/com/github/stephenc/jcip/jcip-annotations/1.0-1/jcip-annotations-1.0-1.jar:/home/user/.m2/repository/net/minidev/json-smart/2.3/json-smart-2.3.jar:/home/user/.m2/repository/net/minidev/accessors-smart/1.2/accessors-smart-1.2.jar:/home/user/.m2/repository/org/ow2/asm/asm/5.0.4/asm-5.0.4.jar:/home/user/.m2/repository/org/apache/curator/curator-framework/2.12.0/curator-framework-2.12.0.jar:/home/user/.m2/repository/com/sun/jersey/jersey-core/1.19/jersey-core-1.19.jar:/home/user/.m2/repository/javax/ws/rs/jsr311-api/1.1.1/jsr311-api-1.1.1.jar:/home/user/.m2/repository/com/sun/jersey/jersey-server/1.19/jersey-server-1.19.jar:/home/user/.m2/repository/javax/servlet/javax.servlet-api/3.1.0/javax.servlet-api-3.1.0.jar:/home/user/.m2/repository/org/eclipse/jetty/jetty-server/9.3.24.v20180605/jetty-server-9.3.24.v20180605.jar:/home/user/.m2/repository/org/eclipse/jetty/jetty-http/9.3.24.v20180605/jetty-http-9.3.24.v20180605.jar:/home/user/.m2/repository/org/eclipse/jetty/jetty-io/9.3.24.v20180605/jetty-io-9.3.24.v20180605.jar:/home/user/.m2/repository/org/eclipse/jetty/jetty-webapp/9.3.24.v20180605/jetty-webapp-9.3.24.v20180605.jar:/home/user/.m2/repository/org/eclipse/jetty/jetty-xml/9.3.24.v20180605/jetty-xml-9.3.24.v20180605.jar:/home/user/.m2/repository/log4j/log4j/1.2.17/log4j-1.2.17.jar:/home/user/.m2/repository/org/slf4j/slf4j-api/1.7.25/slf4j-api-1.7.25.jar:/home/user/.m2/repository/org/slf4j/jul-to-slf4j/1.7.25/jul-to-slf4j-1.7.25.jar:/home/user/.m2/repository/org/eclipse/jetty/jetty-util/9.3.24.v20180605/jetty-util-9.3.24.v20180605.jar:/home/user/.m2/repository/com/fasterxml/jackson/core/jackson-databind/2.9.5/jackson-databind-2.9.5.jar:/home/user/.m2/repository/org/apache/hadoop/hadoop-kms/3.2.0/hadoop-kms-3.2.0-tests.jar:/home/user/.m2/repository/org/apache/hadoop/hadoop-hdds-server-scm/0.5.0-SNAPSHOT/hadoop-hdds-server-scm-0.5.0-SNAPSHOT-tests.jar:/home/user/.m2/repository/org/apache/hadoop/hadoop-hdds-container-service/0.5.0-SNAPSHOT/hadoop-hdds-container-service-0.5.0-SNAPSHOT-tests.jar:/home/user/.m2/repository/org/yaml/snakeyaml/1.16/snakeyaml-1.16.jar:/home/user/.m2/repository/org/apache/hadoop/hadoop-common/3.2.0/hadoop-common-3.2.0-tests.jar:/home/user/.m2/repository/org/apache/hadoop/hadoop-annotations/3.2.0/hadoop-annotations-3.2.0.jar:/usr/lib/jvm/java-1.8-openjdk/jre/../lib/tools.jar:/home/user/.m2/repository/commons-cli/commons-cli/1.2/commons-cli-1.2.jar:/home/user/.m2/repository/org/apache/httpcomponents/httpclient/4.5.2/httpclient-4.5.2.jar:/home/user/.m2/repository/org/apache/httpcomponents/httpcore/4.4.4/httpcore-4.4.4.jar:/home/user/.m2/repository/commons-codec/commons-codec/1.11/commons-codec-1.11.jar:/home/user/.m2/repository/commons-net/commons-net/3.6/commons-net-3.6.jar:/home/user/.m2/repository/commons-collections/commons-collections/3.2.2/commons-collections-3.2.2.jar:/home/user/.m2/repository/org/eclipse/jetty/jetty-servlet/9.3.24.v20180605/jetty-servlet-9.3.24.v20180605.jar:/home/user/.m2/repository/org/eclipse/jetty/jetty-security/9.3.24.v20180605/jetty-security-9.3.24.v20180605.jar:/home/user/.m2/repository/javax/servlet/jsp/jsp-api/2.1/jsp-api-2.1.jar:/home/user/.m2/repository/com/sun/jersey/jersey-servlet/1.19/jersey-servlet-1.19.jar:/home/user/.m2/repository/com/sun/jersey/jersey-json/1.19/jersey-json-1.19.jar:/home/user/.m2/repository/org/codehaus/jettison/jettison/1.1/jettison-1.1.jar:/home/user/.m2/repository/org/codehaus/jackson/jackson-core-asl/1.9.13/jackson-core-asl-1.9.13.jar:/home/user/.m2/repository/org/codehaus/jackson/jackson-mapper-asl/1.9.13/jackson-mapper-asl-1.9.13.jar:/home/user/.m2/repository/org/codehaus/jackson/jackson-jaxrs/1.9.13/jackson-jaxrs-1.9.13.jar:/home/user/.m2/repository/org/codehaus/jackson/jackson-xc/1.9.13/jackson-xc-1.9.13.jar:/home/user/.m2/repository/commons-logging/commons-logging/1.1.3/commons-logging-1.1.3.jar:/home/user/.m2/repository/commons-beanutils/commons-beanutils/1.9.3/commons-beanutils-1.9.3.jar:/home/user/.m2/repository/org/apache/commons/commons-configuration2/2.1.1/commons-configuration2-2.1.1.jar:/home/user/.m2/repository/org/apache/commons/commons-lang3/3.7/commons-lang3-3.7.jar:/home/user/.m2/repository/org/apache/commons/commons-text/1.4/commons-text-1.4.jar:/home/user/.m2/repository/org/apache/avro/avro/1.7.7/avro-1.7.7.jar:/home/user/.m2/repository/com/thoughtworks/paranamer/paranamer/2.3/paranamer-2.3.jar:/home/user/.m2/repository/org/xerial/snappy/snappy-java/1.0.5/snappy-java-1.0.5.jar:/home/user/.m2/repository/com/google/re2j/re2j/1.1/re2j-1.1.jar:/home/user/.m2/repository/com/google/code/gson/gson/2.2.4/gson-2.2.4.jar:/home/user/.m2/repository/com/jcraft/jsch/0.1.54/jsch-0.1.54.jar:/home/user/.m2/repository/org/apache/curator/curator-client/2.12.0/curator-client-2.12.0.jar:/home/user/.m2/repository/org/apache/curator/curator-recipes/2.12.0/curator-recipes-2.12.0.jar:/home/user/.m2/repository/com/google/code/findbugs/jsr305/3.0.0/jsr305-3.0.0.jar:/home/user/.m2/repository/org/apache/htrace/htrace-core4/4.1.0-incubating/htrace-core4-4.1.0-incubating.jar:/home/user/.m2/repository/org/apache/zookeeper/zookeeper/3.4.13/zookeeper-3.4.13.jar:/home/user/.m2/repository/org/apache/yetus/audience-annotations/0.5.0/audience-annotations-0.5.0.jar:/home/user/.m2/repository/org/codehaus/woodstox/stax2-api/3.1.4/stax2-api-3.1.4.jar:/home/user/.m2/repository/com/fasterxml/woodstox/woodstox-core/5.0.3/woodstox-core-5.0.3.jar:/home/user/.m2/repository/dnsjava/dnsjava/2.1.7/dnsjava-2.1.7.jar:/home/user/.m2/repository/org/apache/hadoop/hadoop-hdfs/3.2.0/hadoop-hdfs-3.2.0-tests.jar:/home/user/.m2/repository/org/eclipse/jetty/jetty-util-ajax/9.3.24.v20180605/jetty-util-ajax-9.3.24.v20180605.jar:/home/user/.m2/repository/commons-daemon/commons-daemon/1.0.13/commons-daemon-1.0.13.jar:/home/user/.m2/repository/io/netty/netty/3.10.5.Final/netty-3.10.5.Final.jar:/home/user/.m2/repository/io/netty/netty-all/4.0.52.Final/netty-all-4.0.52.Final.jar:/home/user/.m2/repository/org/fusesource/leveldbjni/leveldbjni-all/1.8/leveldbjni-all-1.8.jar:"/>
    <property name="sun.cpu.endian" value="little"/>
    <property name="user.home" value="/home/user"/>
    <property name="user.language" value="en"/>
    <property name="java.specification.vendor" value="Oracle Corporation"/>
    <property name="java.home" value="/usr/lib/jvm/java-1.8-openjdk/jre"/>
    <property name="java.security.krb5.conf" value="/workdir/hadoop-ozone/integration-test/target/test-classes/krb5.conf"/>
    <property name="basedir" value="/workdir/hadoop-ozone/integration-test"/>
    <property name="file.separator" value="/"/>
    <property name="line.separator" value="&#10;"/>
    <property name="java.vm.specification.vendor" value="Oracle Corporation"/>
    <property name="java.specification.name" value="Java Platform API Specification"/>
    <property name="java.awt.graphicsenv" value="sun.awt.X11GraphicsEnvironment"/>
    <property name="surefire.real.class.path" value="/workdir/hadoop-ozone/integration-test/target/surefire/surefirebooter7989154223081042143.jar"/>
    <property name="hadoop.log.dir" value="/workdir/hadoop-ozone/integration-test/target/log"/>
    <property name="sun.boot.class.path" value="/usr/lib/jvm/java-1.8-openjdk/jre/lib/resources.jar:/usr/lib/jvm/java-1.8-openjdk/jre/lib/rt.jar:/usr/lib/jvm/java-1.8-openjdk/jre/lib/sunrsasign.jar:/usr/lib/jvm/java-1.8-openjdk/jre/lib/jsse.jar:/usr/lib/jvm/java-1.8-openjdk/jre/lib/jce.jar:/usr/lib/jvm/java-1.8-openjdk/jre/lib/charsets.jar:/usr/lib/jvm/java-1.8-openjdk/jre/lib/jfr.jar:/usr/lib/jvm/java-1.8-openjdk/jre/classes"/>
    <property name="sun.management.compiler" value="HotSpot 64-Bit Tiered Compilers"/>
    <property name="java.runtime.version" value="1.8.0_212-b04"/>
    <property name="java.net.preferIPv4Stack" value="true"/>
    <property name="user.name" value="jenkins1000"/>
    <property name="path.separator" value=":"/>
    <property name="java.security.egd" value="file:///dev/urandom"/>
    <property name="os.version" value="3.10.0-957.12.2.el7.x86_64"/>
    <property name="java.endorsed.dirs" value="/usr/lib/jvm/java-1.8-openjdk/jre/lib/endorsed"/>
    <property name="java.runtime.name" value="OpenJDK Runtime Environment"/>
    <property name="file.encoding" value="UTF-8"/>
    <property name="java.vm.name" value="OpenJDK 64-Bit Server VM"/>
    <property name="test.build.webapps" value=""/>
    <property name="localRepository" value="/home/user/.m2/repository"/>
    <property name="java.vendor.url.bug" value="https://icedtea.classpath.org/bugzilla"/>
    <property name="java.io.tmpdir" value="/tmp"/>
    <property name="require.test.libhadoop" value=""/>
    <property name="java.version" value="1.8.0_212"/>
    <property name="user.dir" value="/workdir/hadoop-ozone/integration-test"/>
    <property name="os.arch" value="amd64"/>
    <property name="java.vm.specification.name" value="Java Virtual Machine Specification"/>
    <property name="test.build.classes" value="/workdir/hadoop-ozone/integration-test/target/test-classes"/>
    <property name="java.awt.printerjob" value="sun.print.PSPrinterJob"/>
    <property name="sun.os.patch.level" value="unknown"/>
    <property name="hadoop.tmp.dir" value="/workdir/hadoop-ozone/integration-test/target/tmp"/>
    <property name="java.library.path" value="/usr/lib/jvm/java-1.8-openjdk/jre/lib/amd64/server:/usr/lib/jvm/java-1.8-openjdk/jre/lib/amd64:/usr/lib/jvm/java-1.8-openjdk/jre/../lib/amd64:/workdir/hadoop-ozone/integration-test/target/native/target/usr/local/lib:/workdir/hadoop-ozone/integration-test/../../hadoop-common-project/hadoop-common/target/native/target/usr/local/lib:/usr/java/packages/lib/amd64:/usr/lib64:/lib64:/lib:/usr/lib"/>
    <property name="java.vm.info" value="mixed mode"/>
    <property name="java.vendor" value="IcedTea"/>
    <property name="java.vm.version" value="25.212-b04"/>
    <property name="java.ext.dirs" value="/usr/lib/jvm/java-1.8-openjdk/jre/lib/ext:/usr/java/packages/lib/ext"/>
    <property name="sun.io.unicode.encoding" value="UnicodeLittle"/>
    <property name="java.class.version" value="52.0"/>
  </properties>
  <testcase name="testMultiBlockWritesWithIntermittentDnFailures" classname="org.apache.hadoop.ozone.client.rpc.TestMultiBlockWritesWithDnFailures" time="62.949"/>
  <testcase name="testMultiBlockWritesWithDnFailures" classname="org.apache.hadoop.ozone.client.rpc.TestMultiBlockWritesWithDnFailures" time="48.158">
    <error message="Allocated 0 blocks. Requested 1 blocks" type="INTERNAL_ERROR org.apache.hadoop.ozone.om.exceptions.OMException">INTERNAL_ERROR org.apache.hadoop.ozone.om.exceptions.OMException: Allocated 0 blocks. Requested 1 blocks
	at org.apache.hadoop.ozone.om.protocolPB.OzoneManagerProtocolClientSideTranslatorPB.handleError(OzoneManagerProtocolClientSideTranslatorPB.java:725)
	at org.apache.hadoop.ozone.om.protocolPB.OzoneManagerProtocolClientSideTranslatorPB.allocateBlock(OzoneManagerProtocolClientSideTranslatorPB.java:757)
	at org.apache.hadoop.ozone.client.io.BlockOutputStreamEntryPool.allocateNewBlock(BlockOutputStreamEntryPool.java:248)
	at org.apache.hadoop.ozone.client.io.BlockOutputStreamEntryPool.allocateBlockIfNeeded(BlockOutputStreamEntryPool.java:296)
	at org.apache.hadoop.ozone.client.io.KeyOutputStream.handleWrite(KeyOutputStream.java:201)
	at org.apache.hadoop.ozone.client.io.KeyOutputStream.handleRetry(KeyOutputStream.java:376)
	at org.apache.hadoop.ozone.client.io.KeyOutputStream.handleException(KeyOutputStream.java:325)
	at org.apache.hadoop.ozone.client.io.KeyOutputStream.handleWrite(KeyOutputStream.java:231)
	at org.apache.hadoop.ozone.client.io.KeyOutputStream.write(KeyOutputStream.java:193)
	at org.apache.hadoop.ozone.client.io.OzoneOutputStream.write(OzoneOutputStream.java:49)
	at java.io.OutputStream.write(OutputStream.java:75)
	at org.apache.hadoop.ozone.client.rpc.TestMultiBlockWritesWithDnFailures.testMultiBlockWritesWithDnFailures(TestMultiBlockWritesWithDnFailures.java:145)
	at sun.reflect.NativeMethodAccessorImpl.invoke0(Native Method)
	at sun.reflect.NativeMethodAccessorImpl.invoke(NativeMethodAccessorImpl.java:62)
	at sun.reflect.DelegatingMethodAccessorImpl.invoke(DelegatingMethodAccessorImpl.java:43)
	at java.lang.reflect.Method.invoke(Method.java:498)
	at org.junit.runners.model.FrameworkMethod$1.runReflectiveCall(FrameworkMethod.java:47)
	at org.junit.internal.runners.model.ReflectiveCallable.run(ReflectiveCallable.java:12)
	at org.junit.runners.model.FrameworkMethod.invokeExplosively(FrameworkMethod.java:44)
	at org.junit.internal.runners.statements.InvokeMethod.evaluate(InvokeMethod.java:17)
	at org.junit.internal.runners.statements.RunAfters.evaluate(RunAfters.java:27)
	at org.junit.runners.ParentRunner.runLeaf(ParentRunner.java:271)
	at org.junit.runners.BlockJUnit4ClassRunner.runChild(BlockJUnit4ClassRunner.java:70)
	at org.junit.runners.BlockJUnit4ClassRunner.runChild(BlockJUnit4ClassRunner.java:50)
	at org.junit.runners.ParentRunner$3.run(ParentRunner.java:238)
	at org.junit.runners.ParentRunner$1.schedule(ParentRunner.java:63)
	at org.junit.runners.ParentRunner.runChildren(ParentRunner.java:236)
	at org.junit.runners.ParentRunner.access$000(ParentRunner.java:53)
	at org.junit.runners.ParentRunner$2.evaluate(ParentRunner.java:229)
	at org.junit.runners.ParentRunner.run(ParentRunner.java:309)
	at org.apache.maven.surefire.junit4.JUnit4Provider.execute(JUnit4Provider.java:365)
	at org.apache.maven.surefire.junit4.JUnit4Provider.executeWithRerun(JUnit4Provider.java:273)
	at org.apache.maven.surefire.junit4.JUnit4Provider.executeTestSet(JUnit4Provider.java:238)
	at org.apache.maven.surefire.junit4.JUnit4Provider.invoke(JUnit4Provider.java:159)
	at org.apache.maven.surefire.booter.ForkedBooter.invokeProviderInSameClassLoader(ForkedBooter.java:384)
	at org.apache.maven.surefire.booter.ForkedBooter.runSuitesInProcess(ForkedBooter.java:345)
	at org.apache.maven.surefire.booter.ForkedBooter.execute(ForkedBooter.java:126)
	at org.apache.maven.surefire.booter.ForkedBooter.main(ForkedBooter.java:418)
</error>
    <system-out><![CDATA[2019-08-22 09:16:56,187 [main] WARN  server.ServerUtils (ServerUtils.java:getScmDbDir(145)) - ozone.scm.db.dirs is not configured. We recommend adding this setting. Falling back to ozone.metadata.dirs instead.
2019-08-22 09:16:56,225 [main] WARN  server.ServerUtils (ServerUtils.java:getScmDbDir(145)) - ozone.scm.db.dirs is not configured. We recommend adding this setting. Falling back to ozone.metadata.dirs instead.
2019-08-22 09:16:56,225 [main] WARN  server.ServerUtils (ServerUtils.java:getScmDbDir(145)) - ozone.scm.db.dirs is not configured. We recommend adding this setting. Falling back to ozone.metadata.dirs instead.
2019-08-22 09:16:56,226 [main] INFO  db.DBStoreBuilder (DBStoreBuilder.java:addTable(110)) - using custom profile for table: deletedBlocks
2019-08-22 09:16:56,227 [main] INFO  db.DBStoreBuilder (DBStoreBuilder.java:processTables(161)) - Using default column profile:DBProfile.DISK for Table:deletedBlocks
2019-08-22 09:16:56,227 [main] INFO  db.DBStoreBuilder (DBStoreBuilder.java:addTable(110)) - using custom profile for table: validCerts
2019-08-22 09:16:56,227 [main] INFO  db.DBStoreBuilder (DBStoreBuilder.java:processTables(161)) - Using default column profile:DBProfile.DISK for Table:validCerts
2019-08-22 09:16:56,228 [main] INFO  db.DBStoreBuilder (DBStoreBuilder.java:addTable(110)) - using custom profile for table: revokedCerts
2019-08-22 09:16:56,228 [main] INFO  db.DBStoreBuilder (DBStoreBuilder.java:processTables(161)) - Using default column profile:DBProfile.DISK for Table:revokedCerts
2019-08-22 09:16:56,228 [main] INFO  db.DBStoreBuilder (DBStoreBuilder.java:addTable(110)) - using custom profile for table: default
2019-08-22 09:16:56,228 [main] INFO  db.DBStoreBuilder (DBStoreBuilder.java:processTables(167)) - Using default column profile:DBProfile.DISK for Table:default
2019-08-22 09:16:56,229 [main] INFO  db.DBStoreBuilder (DBStoreBuilder.java:getDbProfile(198)) - Using default options. DBProfile.DISK
2019-08-22 09:16:56,504 [main] INFO  net.NodeSchemaLoader (NodeSchemaLoader.java:loadSchemaFromFile(125)) - Loading file from sun.misc.CompoundEnumeration@35ceec81
2019-08-22 09:16:56,505 [main] INFO  net.NodeSchemaLoader (NodeSchemaLoader.java:loadSchema(171)) - Loading network topology layer schema file
2019-08-22 09:16:56,512 [main] INFO  node.SCMNodeManager (SCMNodeManager.java:<init>(121)) - Entering startup safe mode.
2019-08-22 09:16:56,513 [main] INFO  algorithms.ContainerPlacementPolicyFactory (ContainerPlacementPolicyFactory.java:getPolicy(55)) - Create container placement policy of type org.apache.hadoop.hdds.scm.container.placement.algorithms.SCMContainerPlacementRandom
2019-08-22 09:16:56,513 [main] WARN  server.ServerUtils (ServerUtils.java:getScmDbDir(145)) - ozone.scm.db.dirs is not configured. We recommend adding this setting. Falling back to ozone.metadata.dirs instead.
2019-08-22 09:16:56,608 [main] INFO  pipeline.SCMPipelineManager (SCMPipelineManager.java:initializePipelineState(126)) - No pipeline exists in current db
2019-08-22 09:16:56,608 [main] WARN  server.ServerUtils (ServerUtils.java:getScmDbDir(145)) - ozone.scm.db.dirs is not configured. We recommend adding this setting. Falling back to ozone.metadata.dirs instead.
2019-08-22 09:16:56,720 [main] WARN  events.EventQueue (EventQueue.java:fireEvent(175)) - No event handler registered for event TypedEvent{payloadType=SafeModeStatus, name='SafeModeStatus'}
2019-08-22 09:16:56,721 [main] INFO  ipc.CallQueueManager (CallQueueManager.java:<init>(84)) - Using callQueue: class java.util.concurrent.LinkedBlockingQueue, queueCapacity: 2000, scheduler: class org.apache.hadoop.ipc.DefaultRpcScheduler, ipcBackoff: false.
2019-08-22 09:16:56,723 [Socket Reader #1 for port 39733] INFO  ipc.Server (Server.java:run(1074)) - Starting Socket Reader #1 for port 39733
2019-08-22 09:16:56,725 [main] INFO  ipc.CallQueueManager (CallQueueManager.java:<init>(84)) - Using callQueue: class java.util.concurrent.LinkedBlockingQueue, queueCapacity: 2000, scheduler: class org.apache.hadoop.ipc.DefaultRpcScheduler, ipcBackoff: false.
2019-08-22 09:16:56,726 [Socket Reader #1 for port 45916] INFO  ipc.Server (Server.java:run(1074)) - Starting Socket Reader #1 for port 45916
2019-08-22 09:16:56,727 [main] INFO  ipc.CallQueueManager (CallQueueManager.java:<init>(84)) - Using callQueue: class java.util.concurrent.LinkedBlockingQueue, queueCapacity: 2000, scheduler: class org.apache.hadoop.ipc.DefaultRpcScheduler, ipcBackoff: false.
2019-08-22 09:16:56,728 [Socket Reader #1 for port 36053] INFO  ipc.Server (Server.java:run(1074)) - Starting Socket Reader #1 for port 36053
2019-08-22 09:16:56,732 [main] INFO  hdfs.DFSUtil (DFSUtil.java:httpServerTemplateForNNAndJN(1641)) - Starting Web-server for scm at: http://0.0.0.0:0
2019-08-22 09:16:56,735 [main] INFO  server.AuthenticationFilter (AuthenticationFilter.java:constructSecretProvider(240)) - Unable to initialize FileSignerSecretProvider, falling back to use random secrets.
2019-08-22 09:16:56,736 [main] WARN  http.HttpRequestLog (HttpRequestLog.java:getRequestLog(97)) - Jetty request log can only be enabled using Log4j
2019-08-22 09:16:56,739 [main] INFO  http.HttpServer2 (HttpServer2.java:addGlobalFilter(975)) - Added global filter 'safety' (class=org.apache.hadoop.http.HttpServer2$QuotingInputFilter)
2019-08-22 09:16:56,740 [main] INFO  http.HttpServer2 (HttpServer2.java:addFilter(948)) - Added filter static_user_filter (class=org.apache.hadoop.http.lib.StaticUserWebFilter$StaticUserFilter) to context scm
2019-08-22 09:16:56,740 [main] INFO  http.HttpServer2 (HttpServer2.java:addFilter(958)) - Added filter static_user_filter (class=org.apache.hadoop.http.lib.StaticUserWebFilter$StaticUserFilter) to context static
2019-08-22 09:16:56,740 [main] INFO  http.HttpServer2 (HttpServer2.java:addFilter(958)) - Added filter static_user_filter (class=org.apache.hadoop.http.lib.StaticUserWebFilter$StaticUserFilter) to context logs
2019-08-22 09:16:56,744 [main] INFO  server.StorageContainerManager (StorageContainerManager.java:start(759)) - StorageContainerLocationProtocol RPC server is listening at /0.0.0.0:36053
2019-08-22 09:16:56,747 [main] WARN  impl.MetricsConfig (MetricsConfig.java:loadFirst(134)) - Cannot locate configuration: tried hadoop-metrics2-storagecontainermanager.properties,hadoop-metrics2.properties
2019-08-22 09:16:56,748 [main] INFO  impl.MetricsSystemImpl (MetricsSystemImpl.java:startTimer(374)) - Scheduled Metric snapshot period at 10 second(s).
2019-08-22 09:16:56,748 [main] INFO  impl.MetricsSystemImpl (MetricsSystemImpl.java:start(191)) - StorageContainerManager metrics system started
2019-08-22 09:16:56,815 [main] INFO  server.SCMClientProtocolServer (SCMClientProtocolServer.java:start(151)) - RPC server for Client  is listening at /0.0.0.0:36053
2019-08-22 09:16:56,815 [IPC Server Responder] INFO  ipc.Server (Server.java:run(1314)) - IPC Server Responder: starting
2019-08-22 09:16:56,815 [IPC Server listener on 36053] INFO  ipc.Server (Server.java:run(1153)) - IPC Server listener on 36053: starting
2019-08-22 09:16:56,819 [main] INFO  server.StorageContainerManager (StorageContainerManager.java:start(769)) - ScmBlockLocationProtocol RPC server is listening at /0.0.0.0:45916
2019-08-22 09:16:56,819 [main] INFO  server.SCMBlockProtocolServer (SCMBlockProtocolServer.java:start(140)) - RPC server for Block Protocol is listening at /0.0.0.0:45916
2019-08-22 09:16:56,820 [IPC Server Responder] INFO  ipc.Server (Server.java:run(1314)) - IPC Server Responder: starting
2019-08-22 09:16:56,820 [IPC Server listener on 45916] INFO  ipc.Server (Server.java:run(1153)) - IPC Server listener on 45916: starting
2019-08-22 09:16:56,823 [main] INFO  server.StorageContainerManager (StorageContainerManager.java:start(773)) - ScmDatanodeProtocl RPC server is listening at /0.0.0.0:39733
2019-08-22 09:16:56,824 [main] INFO  server.SCMDatanodeProtocolServer (SCMDatanodeProtocolServer.java:start(191)) - RPC server for DataNodes is listening at /0.0.0.0:39733
2019-08-22 09:16:56,824 [IPC Server Responder] INFO  ipc.Server (Server.java:run(1314)) - IPC Server Responder: starting
2019-08-22 09:16:56,824 [IPC Server listener on 39733] INFO  ipc.Server (Server.java:run(1153)) - IPC Server listener on 39733: starting
2019-08-22 09:16:56,828 [main] INFO  http.HttpServer2 (HttpServer2.java:bindListener(1191)) - Jetty bound to port 34060
2019-08-22 09:16:56,828 [main] INFO  server.Server (Server.java:doStart(351)) - jetty-9.3.24.v20180605, build timestamp: 2018-06-05T17:11:56Z, git hash: 84205aa28f11a4f31f2a3b86d1bba2cc8ab69827
2019-08-22 09:16:56,830 [main] INFO  handler.ContextHandler (ContextHandler.java:doStart(781)) - Started o.e.j.s.ServletContextHandler@389008d1{/logs,file:///workdir/hadoop-ozone/integration-test/target/log,AVAILABLE}
2019-08-22 09:16:56,830 [main] INFO  handler.ContextHandler (ContextHandler.java:doStart(781)) - Started o.e.j.s.ServletContextHandler@11adab6d{/static,file:///workdir/hadoop-ozone/integration-test/target/test-classes/webapps/static,AVAILABLE}
2019-08-22 09:16:56,834 [main] INFO  handler.ContextHandler (ContextHandler.java:doStart(781)) - Started o.e.j.w.WebAppContext@4ef31221{/,file:///workdir/hadoop-ozone/integration-test/target/test-classes/webapps/scm/,AVAILABLE}{/scm}
2019-08-22 09:16:56,835 [main] INFO  server.AbstractConnector (AbstractConnector.java:doStart(278)) - Started ServerConnector@4e9e0c6{HTTP/1.1,[http/1.1]}{0.0.0.0:34060}
2019-08-22 09:16:56,836 [main] INFO  server.Server (Server.java:doStart(419)) - Started @64002ms
2019-08-22 09:16:56,837 [main] INFO  server.BaseHttpServer (BaseHttpServer.java:updateConnectorAddress(213)) - HTTP server of SCM is listening at http://0.0.0.0:34060
2019-08-22 09:16:56,839 [main] WARN  server.ServerUtils (ServerUtils.java:getDBPath(222)) - ozone.om.db.dirs is not configured. We recommend adding this setting. Falling back to ozone.metadata.dirs instead.
2019-08-22 09:16:56,839 [org.apache.hadoop.util.JvmPauseMonitor$Monitor@588d630d] INFO  util.JvmPauseMonitor (JvmPauseMonitor.java:run(188)) - Starting JVM pause monitor
2019-08-22 09:16:56,862 [main] WARN  server.ServerUtils (ServerUtils.java:getDBPath(222)) - ozone.om.db.dirs is not configured. We recommend adding this setting. Falling back to ozone.metadata.dirs instead.
2019-08-22 09:16:56,862 [main] WARN  server.ServerUtils (ServerUtils.java:getDBPath(222)) - ozone.om.db.dirs is not configured. We recommend adding this setting. Falling back to ozone.metadata.dirs instead.
2019-08-22 09:16:56,863 [main] INFO  om.OzoneManager (OzoneManager.java:setOMNodeDetails(648)) - OM Service ID is not set. Setting it to the default ID: omServiceIdDefault
2019-08-22 09:16:56,863 [main] INFO  om.OzoneManager (OzoneManager.java:setOMNodeDetails(654)) - OM Node ID is not set. Setting it to the OmStorage's OmID: 2f568cc0-1336-436b-8bf5-8b81bb4b3c4f
2019-08-22 09:16:56,863 [main] INFO  om.OzoneManager (OzoneManager.java:loadOMHAConfigs(605)) - Found matching OM address with OMServiceId: null, OMNodeId: null, RPC Address: localhost:0 and Ratis port: 9872
2019-08-22 09:16:56,868 | INFO  | SCMAudit | user=jenkins1000 | ip=192.168.36.85 | op=GET_SCM_INFO null | ret=SUCCESS |  
2019-08-22 09:16:56,871 [main] WARN  server.ServerUtils (ServerUtils.java:getDBPath(222)) - ozone.om.db.dirs is not configured. We recommend adding this setting. Falling back to ozone.metadata.dirs instead.
2019-08-22 09:16:56,872 [main] INFO  db.DBStoreBuilder (DBStoreBuilder.java:addTable(110)) - using custom profile for table: userTable
2019-08-22 09:16:56,872 [main] INFO  db.DBStoreBuilder (DBStoreBuilder.java:processTables(161)) - Using default column profile:DBProfile.DISK for Table:userTable
2019-08-22 09:16:56,873 [main] INFO  db.DBStoreBuilder (DBStoreBuilder.java:addTable(110)) - using custom profile for table: volumeTable
2019-08-22 09:16:56,873 [main] INFO  db.DBStoreBuilder (DBStoreBuilder.java:processTables(161)) - Using default column profile:DBProfile.DISK for Table:volumeTable
2019-08-22 09:16:56,873 [main] INFO  db.DBStoreBuilder (DBStoreBuilder.java:addTable(110)) - using custom profile for table: bucketTable
2019-08-22 09:16:56,873 [main] INFO  db.DBStoreBuilder (DBStoreBuilder.java:processTables(161)) - Using default column profile:DBProfile.DISK for Table:bucketTable
2019-08-22 09:16:56,874 [main] INFO  db.DBStoreBuilder (DBStoreBuilder.java:addTable(110)) - using custom profile for table: keyTable
2019-08-22 09:16:56,874 [main] INFO  db.DBStoreBuilder (DBStoreBuilder.java:processTables(161)) - Using default column profile:DBProfile.DISK for Table:keyTable
2019-08-22 09:16:56,874 [main] INFO  db.DBStoreBuilder (DBStoreBuilder.java:addTable(110)) - using custom profile for table: deletedTable
2019-08-22 09:16:56,874 [main] INFO  db.DBStoreBuilder (DBStoreBuilder.java:processTables(161)) - Using default column profile:DBProfile.DISK for Table:deletedTable
2019-08-22 09:16:56,875 [main] INFO  db.DBStoreBuilder (DBStoreBuilder.java:addTable(110)) - using custom profile for table: openKeyTable
2019-08-22 09:16:56,875 [main] INFO  db.DBStoreBuilder (DBStoreBuilder.java:processTables(161)) - Using default column profile:DBProfile.DISK for Table:openKeyTable
2019-08-22 09:16:56,875 [main] INFO  db.DBStoreBuilder (DBStoreBuilder.java:addTable(110)) - using custom profile for table: s3Table
2019-08-22 09:16:56,876 [main] INFO  db.DBStoreBuilder (DBStoreBuilder.java:processTables(161)) - Using default column profile:DBProfile.DISK for Table:s3Table
2019-08-22 09:16:56,876 [main] INFO  db.DBStoreBuilder (DBStoreBuilder.java:addTable(110)) - using custom profile for table: multipartInfoTable
2019-08-22 09:16:56,876 [main] INFO  db.DBStoreBuilder (DBStoreBuilder.java:processTables(161)) - Using default column profile:DBProfile.DISK for Table:multipartInfoTable
2019-08-22 09:16:56,876 [main] INFO  db.DBStoreBuilder (DBStoreBuilder.java:addTable(110)) - using custom profile for table: dTokenTable
2019-08-22 09:16:56,877 [main] INFO  db.DBStoreBuilder (DBStoreBuilder.java:processTables(161)) - Using default column profile:DBProfile.DISK for Table:dTokenTable
2019-08-22 09:16:56,877 [main] INFO  db.DBStoreBuilder (DBStoreBuilder.java:addTable(110)) - using custom profile for table: s3SecretTable
2019-08-22 09:16:56,877 [main] INFO  db.DBStoreBuilder (DBStoreBuilder.java:processTables(161)) - Using default column profile:DBProfile.DISK for Table:s3SecretTable
2019-08-22 09:16:56,877 [main] INFO  db.DBStoreBuilder (DBStoreBuilder.java:addTable(110)) - using custom profile for table: prefixTable
2019-08-22 09:16:56,878 [main] INFO  db.DBStoreBuilder (DBStoreBuilder.java:processTables(161)) - Using default column profile:DBProfile.DISK for Table:prefixTable
2019-08-22 09:16:56,878 [main] INFO  db.DBStoreBuilder (DBStoreBuilder.java:addTable(110)) - using custom profile for table: default
2019-08-22 09:16:56,878 [main] INFO  db.DBStoreBuilder (DBStoreBuilder.java:processTables(167)) - Using default column profile:DBProfile.DISK for Table:default
2019-08-22 09:16:56,878 [main] INFO  db.DBStoreBuilder (DBStoreBuilder.java:getDbProfile(198)) - Using default options. DBProfile.DISK
2019-08-22 09:16:57,458 [main] INFO  ipc.CallQueueManager (CallQueueManager.java:<init>(84)) - Using callQueue: class java.util.concurrent.LinkedBlockingQueue, queueCapacity: 2000, scheduler: class org.apache.hadoop.ipc.DefaultRpcScheduler, ipcBackoff: false.
2019-08-22 09:16:57,460 [Socket Reader #1 for port 46261] INFO  ipc.Server (Server.java:run(1074)) - Starting Socket Reader #1 for port 46261
2019-08-22 09:16:57,483 [main] INFO  om.OzoneManager (OzoneManager.java:start(1259)) - OzoneManager RPC server is listening at localhost/127.0.0.1:46261
2019-08-22 09:16:57,484 [main] INFO  impl.MetricsSystemImpl (MetricsSystemImpl.java:init(158)) - OzoneManager metrics system started (again)
2019-08-22 09:16:57,485 [IPC Server Responder] INFO  ipc.Server (Server.java:run(1314)) - IPC Server Responder: starting
2019-08-22 09:16:57,485 [IPC Server listener on 46261] INFO  ipc.Server (Server.java:run(1153)) - IPC Server listener on 46261: starting
2019-08-22 09:16:57,491 [main] INFO  hdfs.DFSUtil (DFSUtil.java:httpServerTemplateForNNAndJN(1641)) - Starting Web-server for ozoneManager at: http://0.0.0.0:0
2019-08-22 09:16:57,493 [main] INFO  server.AuthenticationFilter (AuthenticationFilter.java:constructSecretProvider(240)) - Unable to initialize FileSignerSecretProvider, falling back to use random secrets.
2019-08-22 09:16:57,493 [main] WARN  http.HttpRequestLog (HttpRequestLog.java:getRequestLog(97)) - Jetty request log can only be enabled using Log4j
2019-08-22 09:16:57,495 [main] INFO  http.HttpServer2 (HttpServer2.java:addGlobalFilter(975)) - Added global filter 'safety' (class=org.apache.hadoop.http.HttpServer2$QuotingInputFilter)
2019-08-22 09:16:57,496 [main] INFO  http.HttpServer2 (HttpServer2.java:addFilter(948)) - Added filter static_user_filter (class=org.apache.hadoop.http.lib.StaticUserWebFilter$StaticUserFilter) to context ozoneManager
2019-08-22 09:16:57,496 [main] INFO  http.HttpServer2 (HttpServer2.java:addFilter(958)) - Added filter static_user_filter (class=org.apache.hadoop.http.lib.StaticUserWebFilter$StaticUserFilter) to context static
2019-08-22 09:16:57,497 [main] INFO  http.HttpServer2 (HttpServer2.java:addFilter(958)) - Added filter static_user_filter (class=org.apache.hadoop.http.lib.StaticUserWebFilter$StaticUserFilter) to context logs
2019-08-22 09:16:57,498 [main] INFO  http.HttpServer2 (HttpServer2.java:bindListener(1191)) - Jetty bound to port 43493
2019-08-22 09:16:57,498 [main] INFO  server.Server (Server.java:doStart(351)) - jetty-9.3.24.v20180605, build timestamp: 2018-06-05T17:11:56Z, git hash: 84205aa28f11a4f31f2a3b86d1bba2cc8ab69827
2019-08-22 09:16:57,500 [main] INFO  handler.ContextHandler (ContextHandler.java:doStart(781)) - Started o.e.j.s.ServletContextHandler@1fb71788{/logs,file:///workdir/hadoop-ozone/integration-test/target/log,AVAILABLE}
2019-08-22 09:16:57,500 [main] INFO  handler.ContextHandler (ContextHandler.java:doStart(781)) - Started o.e.j.s.ServletContextHandler@4dac40b{/static,file:///workdir/hadoop-ozone/integration-test/target/test-classes/webapps/static,AVAILABLE}
2019-08-22 09:16:57,505 [main] INFO  handler.ContextHandler (ContextHandler.java:doStart(781)) - Started o.e.j.w.WebAppContext@1ef93e01{/,file:///workdir/hadoop-ozone/integration-test/target/test-classes/webapps/ozoneManager/,AVAILABLE}{/ozoneManager}
2019-08-22 09:16:57,506 [main] INFO  server.AbstractConnector (AbstractConnector.java:doStart(278)) - Started ServerConnector@4fafd27e{HTTP/1.1,[http/1.1]}{0.0.0.0:43493}
2019-08-22 09:16:57,506 [main] INFO  server.Server (Server.java:doStart(419)) - Started @64673ms
2019-08-22 09:16:57,507 [main] INFO  server.BaseHttpServer (BaseHttpServer.java:updateConnectorAddress(213)) - HTTP server of OZONEMANAGER is listening at http://0.0.0.0:43493
2019-08-22 09:16:57,521 [main] INFO  impl.MetricsSystemImpl (MetricsSystemImpl.java:init(158)) - HddsDatanode metrics system started (again)
2019-08-22 09:16:57,524 [main] INFO  ozone.HddsDatanodeService (HddsDatanodeService.java:start(184)) - HddsDatanodeService host:pr-hdds-1898-9jx57-4170240974 ip:192.168.36.85
2019-08-22 09:16:57,531 [main] INFO  volume.HddsVolume (HddsVolume.java:<init>(176)) - Creating Volume: /workdir/hadoop-ozone/integration-test/target/test-dir/MiniOzoneClusterImpl-b4094933-c81e-4e47-9f4e-b6682d02a4e3/datanode-0/data/containers/hdds of  storage type : DISK and capacity : 1482555576320
2019-08-22 09:16:57,531 [main] INFO  volume.VolumeSet (VolumeSet.java:initializeVolumeSet(170)) - Added Volume : /workdir/hadoop-ozone/integration-test/target/test-dir/MiniOzoneClusterImpl-b4094933-c81e-4e47-9f4e-b6682d02a4e3/datanode-0/data/containers/hdds to VolumeSet
2019-08-22 09:16:57,531 [main] INFO  volume.ThrottledAsyncChecker (ThrottledAsyncChecker.java:schedule(140)) - Scheduling a check for org.apache.hadoop.ozone.container.common.volume.HddsVolume@1efcba00
2019-08-22 09:16:57,532 [main] INFO  volume.HddsVolumeChecker (HddsVolumeChecker.java:checkAllVolumes(203)) - Scheduled health check for volume org.apache.hadoop.ozone.container.common.volume.HddsVolume@1efcba00
2019-08-22 09:16:57,548 [main] INFO  impl.RaftServerProxy (ConfUtils.java:logGet(43)) - raft.rpc.type = GRPC (default)
2019-08-22 09:16:57,549 [main] INFO  grpc.GrpcFactory (GrpcFactory.java:checkPooledByteBufAllocatorUseCacheForAllThreads(45)) - PERFORMANCE WARNING: useCacheForAllThreads is true that may cause Netty to create a lot garbage objects and, as a result, trigger GC.
	It is recommended to disable useCacheForAllThreads by setting -Dorg.apache.ratis.thirdparty.io.netty.allocator.useCacheForAllThreads=false in command line.
2019-08-22 09:16:57,549 [main] INFO  grpc.GrpcConfigKeys$Server (ConfUtils.java:logGet(43)) - raft.grpc.server.port = 0 (default)
2019-08-22 09:16:57,549 [main] INFO  server.GrpcService (ConfUtils.java:logGet(43)) - raft.grpc.message.size.max = 33570816 (custom)
2019-08-22 09:16:57,549 [main] INFO  server.RaftServerConfigKeys (ConfUtils.java:logGet(43)) - raft.server.log.appender.buffer.byte-limit = 33554432 (custom)
2019-08-22 09:16:57,550 [main] INFO  server.GrpcService (ConfUtils.java:logGet(43)) - raft.grpc.flow.control.window = 1MB (=1048576) (default)
2019-08-22 09:16:57,550 [main] INFO  server.RaftServerConfigKeys (ConfUtils.java:logGet(43)) - raft.server.rpc.request.timeout = 3000ms (default)
2019-08-22 09:16:57,551 [main] INFO  server.RaftServerConfigKeys (ConfUtils.java:logGet(43)) - raft.server.storage.dir = [/workdir/hadoop-ozone/integration-test/target/test-dir/MiniOzoneClusterImpl-b4094933-c81e-4e47-9f4e-b6682d02a4e3/datanode-0/data/ratis] (custom)
2019-08-22 09:16:57,551 [main] INFO  replication.SimpleContainerDownloader (SimpleContainerDownloader.java:<init>(72)) - Starting container downloader service to copy containers to replicate.
2019-08-22 09:16:57,553 [main] INFO  hdfs.DFSUtil (DFSUtil.java:httpServerTemplateForNNAndJN(1641)) - Starting Web-server for hddsDatanode at: http://0.0.0.0:0
2019-08-22 09:16:57,554 [main] INFO  server.AuthenticationFilter (AuthenticationFilter.java:constructSecretProvider(240)) - Unable to initialize FileSignerSecretProvider, falling back to use random secrets.
2019-08-22 09:16:57,555 [main] WARN  http.HttpRequestLog (HttpRequestLog.java:getRequestLog(97)) - Jetty request log can only be enabled using Log4j
2019-08-22 09:16:57,556 [main] INFO  http.HttpServer2 (HttpServer2.java:addGlobalFilter(975)) - Added global filter 'safety' (class=org.apache.hadoop.http.HttpServer2$QuotingInputFilter)
2019-08-22 09:16:57,557 [main] INFO  http.HttpServer2 (HttpServer2.java:addFilter(948)) - Added filter static_user_filter (class=org.apache.hadoop.http.lib.StaticUserWebFilter$StaticUserFilter) to context hddsDatanode
2019-08-22 09:16:57,557 [main] INFO  http.HttpServer2 (HttpServer2.java:addFilter(958)) - Added filter static_user_filter (class=org.apache.hadoop.http.lib.StaticUserWebFilter$StaticUserFilter) to context logs
2019-08-22 09:16:57,557 [main] INFO  http.HttpServer2 (HttpServer2.java:addFilter(958)) - Added filter static_user_filter (class=org.apache.hadoop.http.lib.StaticUserWebFilter$StaticUserFilter) to context static
2019-08-22 09:16:57,558 [main] INFO  http.HttpServer2 (HttpServer2.java:bindListener(1191)) - Jetty bound to port 44358
2019-08-22 09:16:57,558 [main] INFO  server.Server (Server.java:doStart(351)) - jetty-9.3.24.v20180605, build timestamp: 2018-06-05T17:11:56Z, git hash: 84205aa28f11a4f31f2a3b86d1bba2cc8ab69827
2019-08-22 09:16:57,560 [main] INFO  handler.ContextHandler (ContextHandler.java:doStart(781)) - Started o.e.j.s.ServletContextHandler@57fce8b{/logs,file:///workdir/hadoop-ozone/integration-test/target/log,AVAILABLE}
2019-08-22 09:16:57,561 [main] INFO  handler.ContextHandler (ContextHandler.java:doStart(781)) - Started o.e.j.s.ServletContextHandler@51cca357{/static,jar:file:/home/user/.m2/repository/org/apache/hadoop/hadoop-hdds-container-service/0.5.0-SNAPSHOT/hadoop-hdds-container-service-0.5.0-SNAPSHOT.jar!/webapps/static,AVAILABLE}
2019-08-22 09:16:57,591 [main] INFO  handler.ContextHandler (ContextHandler.java:doStart(781)) - Started o.e.j.w.WebAppContext@8b89b3a{/,file:///tmp/jetty-0.0.0.0-44358-hddsDatanode-_-any-3693484532564608172.dir/webapp/,AVAILABLE}{/hddsDatanode}
2019-08-22 09:16:57,592 [main] INFO  server.AbstractConnector (AbstractConnector.java:doStart(278)) - Started ServerConnector@526893f{HTTP/1.1,[http/1.1]}{0.0.0.0:44358}
2019-08-22 09:16:57,593 [main] INFO  server.Server (Server.java:doStart(419)) - Started @64760ms
2019-08-22 09:16:57,594 [main] INFO  server.BaseHttpServer (BaseHttpServer.java:updateConnectorAddress(213)) - HTTP server of HDDSDATANODE is listening at http://0.0.0.0:44358
2019-08-22 09:16:57,728 | INFO  | ObjectStoreRestHttpServer | Listening HDDS REST traffic on /0.0.0.0:43288 |  
2019-08-22 09:16:57,728 [main] INFO  ozone.HddsDatanodeService (HddsDatanodeService.java:startPlugins(395)) - Started plug-in org.apache.hadoop.ozone.web.OzoneHddsDatanodeService@3ec7ad61
2019-08-22 09:16:57,729 [main] INFO  impl.MetricsSystemImpl (MetricsSystemImpl.java:init(158)) - HddsDatanode metrics system started (again)
2019-08-22 09:16:57,731 [org.apache.hadoop.util.JvmPauseMonitor$Monitor@342bd8f5] INFO  util.JvmPauseMonitor (JvmPauseMonitor.java:run(188)) - Starting JVM pause monitor
2019-08-22 09:16:57,732 [main] INFO  ozone.HddsDatanodeService (HddsDatanodeService.java:start(184)) - HddsDatanodeService host:pr-hdds-1898-9jx57-4170240974 ip:192.168.36.85
2019-08-22 09:16:57,733 [Datanode State Machine Thread - 0] INFO  datanode.InitDatanodeState (InitDatanodeState.java:persistContainerDatanodeDetails(140)) - DatanodeDetails is persisted to /workdir/hadoop-ozone/integration-test/target/test-dir/MiniOzoneClusterImpl-b4094933-c81e-4e47-9f4e-b6682d02a4e3/datanode-0/meta/datanode.id
2019-08-22 09:16:57,739 [main] INFO  volume.HddsVolume (HddsVolume.java:<init>(176)) - Creating Volume: /workdir/hadoop-ozone/integration-test/target/test-dir/MiniOzoneClusterImpl-b4094933-c81e-4e47-9f4e-b6682d02a4e3/datanode-1/data/containers/hdds of  storage type : DISK and capacity : 1482555576320
2019-08-22 09:16:57,740 [main] INFO  volume.VolumeSet (VolumeSet.java:initializeVolumeSet(170)) - Added Volume : /workdir/hadoop-ozone/integration-test/target/test-dir/MiniOzoneClusterImpl-b4094933-c81e-4e47-9f4e-b6682d02a4e3/datanode-1/data/containers/hdds to VolumeSet
2019-08-22 09:16:57,740 [main] INFO  volume.ThrottledAsyncChecker (ThrottledAsyncChecker.java:schedule(140)) - Scheduling a check for org.apache.hadoop.ozone.container.common.volume.HddsVolume@2adc1e84
2019-08-22 09:16:57,740 [main] INFO  volume.HddsVolumeChecker (HddsVolumeChecker.java:checkAllVolumes(203)) - Scheduled health check for volume org.apache.hadoop.ozone.container.common.volume.HddsVolume@2adc1e84
2019-08-22 09:16:57,755 [main] INFO  impl.RaftServerProxy (ConfUtils.java:logGet(43)) - raft.rpc.type = GRPC (default)
2019-08-22 09:16:57,756 [main] INFO  grpc.GrpcFactory (GrpcFactory.java:checkPooledByteBufAllocatorUseCacheForAllThreads(45)) - PERFORMANCE WARNING: useCacheForAllThreads is true that may cause Netty to create a lot garbage objects and, as a result, trigger GC.
	It is recommended to disable useCacheForAllThreads by setting -Dorg.apache.ratis.thirdparty.io.netty.allocator.useCacheForAllThreads=false in command line.
2019-08-22 09:16:57,756 [main] INFO  grpc.GrpcConfigKeys$Server (ConfUtils.java:logGet(43)) - raft.grpc.server.port = 0 (default)
2019-08-22 09:16:57,756 [main] INFO  server.GrpcService (ConfUtils.java:logGet(43)) - raft.grpc.message.size.max = 33570816 (custom)
2019-08-22 09:16:57,756 [main] INFO  server.RaftServerConfigKeys (ConfUtils.java:logGet(43)) - raft.server.log.appender.buffer.byte-limit = 33554432 (custom)
2019-08-22 09:16:57,757 [main] INFO  server.GrpcService (ConfUtils.java:logGet(43)) - raft.grpc.flow.control.window = 1MB (=1048576) (default)
2019-08-22 09:16:57,757 [main] INFO  server.RaftServerConfigKeys (ConfUtils.java:logGet(43)) - raft.server.rpc.request.timeout = 3000ms (default)
2019-08-22 09:16:57,757 [main] INFO  server.RaftServerConfigKeys (ConfUtils.java:logGet(43)) - raft.server.storage.dir = [/workdir/hadoop-ozone/integration-test/target/test-dir/MiniOzoneClusterImpl-b4094933-c81e-4e47-9f4e-b6682d02a4e3/datanode-1/data/ratis] (custom)
2019-08-22 09:16:57,758 [main] INFO  replication.SimpleContainerDownloader (SimpleContainerDownloader.java:<init>(72)) - Starting container downloader service to copy containers to replicate.
2019-08-22 09:16:57,759 [main] INFO  hdfs.DFSUtil (DFSUtil.java:httpServerTemplateForNNAndJN(1641)) - Starting Web-server for hddsDatanode at: http://0.0.0.0:0
2019-08-22 09:16:57,761 [main] INFO  server.AuthenticationFilter (AuthenticationFilter.java:constructSecretProvider(240)) - Unable to initialize FileSignerSecretProvider, falling back to use random secrets.
2019-08-22 09:16:57,761 [main] WARN  http.HttpRequestLog (HttpRequestLog.java:getRequestLog(97)) - Jetty request log can only be enabled using Log4j
2019-08-22 09:16:57,763 [main] INFO  http.HttpServer2 (HttpServer2.java:addGlobalFilter(975)) - Added global filter 'safety' (class=org.apache.hadoop.http.HttpServer2$QuotingInputFilter)
2019-08-22 09:16:57,763 [main] INFO  http.HttpServer2 (HttpServer2.java:addFilter(948)) - Added filter static_user_filter (class=org.apache.hadoop.http.lib.StaticUserWebFilter$StaticUserFilter) to context hddsDatanode
2019-08-22 09:16:57,764 [main] INFO  http.HttpServer2 (HttpServer2.java:addFilter(958)) - Added filter static_user_filter (class=org.apache.hadoop.http.lib.StaticUserWebFilter$StaticUserFilter) to context logs
2019-08-22 09:16:57,764 [main] INFO  http.HttpServer2 (HttpServer2.java:addFilter(958)) - Added filter static_user_filter (class=org.apache.hadoop.http.lib.StaticUserWebFilter$StaticUserFilter) to context static
2019-08-22 09:16:57,764 [main] INFO  http.HttpServer2 (HttpServer2.java:bindListener(1191)) - Jetty bound to port 46120
2019-08-22 09:16:57,765 [main] INFO  server.Server (Server.java:doStart(351)) - jetty-9.3.24.v20180605, build timestamp: 2018-06-05T17:11:56Z, git hash: 84205aa28f11a4f31f2a3b86d1bba2cc8ab69827
2019-08-22 09:16:57,767 [main] INFO  handler.ContextHandler (ContextHandler.java:doStart(781)) - Started o.e.j.s.ServletContextHandler@186f7434{/logs,file:///workdir/hadoop-ozone/integration-test/target/log,AVAILABLE}
2019-08-22 09:16:57,767 [main] INFO  handler.ContextHandler (ContextHandler.java:doStart(781)) - Started o.e.j.s.ServletContextHandler@6ffc6ea7{/static,jar:file:/home/user/.m2/repository/org/apache/hadoop/hadoop-hdds-container-service/0.5.0-SNAPSHOT/hadoop-hdds-container-service-0.5.0-SNAPSHOT.jar!/webapps/static,AVAILABLE}
2019-08-22 09:16:57,796 [main] INFO  handler.ContextHandler (ContextHandler.java:doStart(781)) - Started o.e.j.w.WebAppContext@53a09566{/,file:///tmp/jetty-0.0.0.0-46120-hddsDatanode-_-any-8150074389185441680.dir/webapp/,AVAILABLE}{/hddsDatanode}
2019-08-22 09:16:57,797 [main] INFO  server.AbstractConnector (AbstractConnector.java:doStart(278)) - Started ServerConnector@1c815814{HTTP/1.1,[http/1.1]}{0.0.0.0:46120}
2019-08-22 09:16:57,798 [main] INFO  server.Server (Server.java:doStart(419)) - Started @64965ms
2019-08-22 09:16:57,799 [main] INFO  server.BaseHttpServer (BaseHttpServer.java:updateConnectorAddress(213)) - HTTP server of HDDSDATANODE is listening at http://0.0.0.0:46120
2019-08-22 09:16:57,920 | INFO  | ObjectStoreRestHttpServer | Listening HDDS REST traffic on /0.0.0.0:38509 |  
2019-08-22 09:16:57,921 [main] INFO  ozone.HddsDatanodeService (HddsDatanodeService.java:startPlugins(395)) - Started plug-in org.apache.hadoop.ozone.web.OzoneHddsDatanodeService@26c6288d
2019-08-22 09:16:57,921 [main] INFO  impl.MetricsSystemImpl (MetricsSystemImpl.java:init(158)) - HddsDatanode metrics system started (again)
2019-08-22 09:16:57,923 [org.apache.hadoop.util.JvmPauseMonitor$Monitor@31c8da00] INFO  util.JvmPauseMonitor (JvmPauseMonitor.java:run(188)) - Starting JVM pause monitor
2019-08-22 09:16:57,924 [main] INFO  ozone.HddsDatanodeService (HddsDatanodeService.java:start(184)) - HddsDatanodeService host:pr-hdds-1898-9jx57-4170240974 ip:192.168.36.85
2019-08-22 09:16:57,925 [Datanode State Machine Thread - 0] INFO  datanode.InitDatanodeState (InitDatanodeState.java:persistContainerDatanodeDetails(140)) - DatanodeDetails is persisted to /workdir/hadoop-ozone/integration-test/target/test-dir/MiniOzoneClusterImpl-b4094933-c81e-4e47-9f4e-b6682d02a4e3/datanode-1/meta/datanode.id
2019-08-22 09:16:57,932 [main] INFO  volume.HddsVolume (HddsVolume.java:<init>(176)) - Creating Volume: /workdir/hadoop-ozone/integration-test/target/test-dir/MiniOzoneClusterImpl-b4094933-c81e-4e47-9f4e-b6682d02a4e3/datanode-2/data/containers/hdds of  storage type : DISK and capacity : 1482555576320
2019-08-22 09:16:57,933 [main] INFO  volume.VolumeSet (VolumeSet.java:initializeVolumeSet(170)) - Added Volume : /workdir/hadoop-ozone/integration-test/target/test-dir/MiniOzoneClusterImpl-b4094933-c81e-4e47-9f4e-b6682d02a4e3/datanode-2/data/containers/hdds to VolumeSet
2019-08-22 09:16:57,934 [main] INFO  volume.ThrottledAsyncChecker (ThrottledAsyncChecker.java:schedule(140)) - Scheduling a check for org.apache.hadoop.ozone.container.common.volume.HddsVolume@69d58731
2019-08-22 09:16:57,935 [main] INFO  volume.HddsVolumeChecker (HddsVolumeChecker.java:checkAllVolumes(203)) - Scheduled health check for volume org.apache.hadoop.ozone.container.common.volume.HddsVolume@69d58731
2019-08-22 09:16:57,951 [main] INFO  impl.RaftServerProxy (ConfUtils.java:logGet(43)) - raft.rpc.type = GRPC (default)
2019-08-22 09:16:57,951 [main] INFO  grpc.GrpcFactory (GrpcFactory.java:checkPooledByteBufAllocatorUseCacheForAllThreads(45)) - PERFORMANCE WARNING: useCacheForAllThreads is true that may cause Netty to create a lot garbage objects and, as a result, trigger GC.
	It is recommended to disable useCacheForAllThreads by setting -Dorg.apache.ratis.thirdparty.io.netty.allocator.useCacheForAllThreads=false in command line.
2019-08-22 09:16:57,951 [main] INFO  grpc.GrpcConfigKeys$Server (ConfUtils.java:logGet(43)) - raft.grpc.server.port = 0 (default)
2019-08-22 09:16:57,951 [main] INFO  server.GrpcService (ConfUtils.java:logGet(43)) - raft.grpc.message.size.max = 33570816 (custom)
2019-08-22 09:16:57,951 [main] INFO  server.RaftServerConfigKeys (ConfUtils.java:logGet(43)) - raft.server.log.appender.buffer.byte-limit = 33554432 (custom)
2019-08-22 09:16:57,952 [main] INFO  server.GrpcService (ConfUtils.java:logGet(43)) - raft.grpc.flow.control.window = 1MB (=1048576) (default)
2019-08-22 09:16:57,952 [main] INFO  server.RaftServerConfigKeys (ConfUtils.java:logGet(43)) - raft.server.rpc.request.timeout = 3000ms (default)
2019-08-22 09:16:57,952 [main] INFO  server.RaftServerConfigKeys (ConfUtils.java:logGet(43)) - raft.server.storage.dir = [/workdir/hadoop-ozone/integration-test/target/test-dir/MiniOzoneClusterImpl-b4094933-c81e-4e47-9f4e-b6682d02a4e3/datanode-2/data/ratis] (custom)
2019-08-22 09:16:57,953 [main] INFO  replication.SimpleContainerDownloader (SimpleContainerDownloader.java:<init>(72)) - Starting container downloader service to copy containers to replicate.
2019-08-22 09:16:57,954 [main] INFO  hdfs.DFSUtil (DFSUtil.java:httpServerTemplateForNNAndJN(1641)) - Starting Web-server for hddsDatanode at: http://0.0.0.0:0
2019-08-22 09:16:57,956 [main] INFO  server.AuthenticationFilter (AuthenticationFilter.java:constructSecretProvider(240)) - Unable to initialize FileSignerSecretProvider, falling back to use random secrets.
2019-08-22 09:16:57,957 [main] WARN  http.HttpRequestLog (HttpRequestLog.java:getRequestLog(97)) - Jetty request log can only be enabled using Log4j
2019-08-22 09:16:57,959 [main] INFO  http.HttpServer2 (HttpServer2.java:addGlobalFilter(975)) - Added global filter 'safety' (class=org.apache.hadoop.http.HttpServer2$QuotingInputFilter)
2019-08-22 09:16:57,960 [main] INFO  http.HttpServer2 (HttpServer2.java:addFilter(948)) - Added filter static_user_filter (class=org.apache.hadoop.http.lib.StaticUserWebFilter$StaticUserFilter) to context hddsDatanode
2019-08-22 09:16:57,960 [main] INFO  http.HttpServer2 (HttpServer2.java:addFilter(958)) - Added filter static_user_filter (class=org.apache.hadoop.http.lib.StaticUserWebFilter$StaticUserFilter) to context static
2019-08-22 09:16:57,960 [main] INFO  http.HttpServer2 (HttpServer2.java:addFilter(958)) - Added filter static_user_filter (class=org.apache.hadoop.http.lib.StaticUserWebFilter$StaticUserFilter) to context logs
2019-08-22 09:16:57,961 [main] INFO  http.HttpServer2 (HttpServer2.java:bindListener(1191)) - Jetty bound to port 36491
2019-08-22 09:16:57,962 [main] INFO  server.Server (Server.java:doStart(351)) - jetty-9.3.24.v20180605, build timestamp: 2018-06-05T17:11:56Z, git hash: 84205aa28f11a4f31f2a3b86d1bba2cc8ab69827
2019-08-22 09:16:57,963 [main] INFO  handler.ContextHandler (ContextHandler.java:doStart(781)) - Started o.e.j.s.ServletContextHandler@4a41caed{/logs,file:///workdir/hadoop-ozone/integration-test/target/log,AVAILABLE}
2019-08-22 09:16:57,964 [main] INFO  handler.ContextHandler (ContextHandler.java:doStart(781)) - Started o.e.j.s.ServletContextHandler@7404aff2{/static,jar:file:/home/user/.m2/repository/org/apache/hadoop/hadoop-hdds-container-service/0.5.0-SNAPSHOT/hadoop-hdds-container-service-0.5.0-SNAPSHOT.jar!/webapps/static,AVAILABLE}
2019-08-22 09:16:58,000 [main] INFO  handler.ContextHandler (ContextHandler.java:doStart(781)) - Started o.e.j.w.WebAppContext@4805069b{/,file:///tmp/jetty-0.0.0.0-36491-hddsDatanode-_-any-6605432518055426431.dir/webapp/,AVAILABLE}{/hddsDatanode}
2019-08-22 09:16:58,001 [main] INFO  server.AbstractConnector (AbstractConnector.java:doStart(278)) - Started ServerConnector@14ca88bc{HTTP/1.1,[http/1.1]}{0.0.0.0:36491}
2019-08-22 09:16:58,003 [main] INFO  server.Server (Server.java:doStart(419)) - Started @65169ms
2019-08-22 09:16:58,006 [main] INFO  server.BaseHttpServer (BaseHttpServer.java:updateConnectorAddress(213)) - HTTP server of HDDSDATANODE is listening at http://0.0.0.0:36491
2019-08-22 09:16:58,155 | INFO  | ObjectStoreRestHttpServer | Listening HDDS REST traffic on /0.0.0.0:37310 |  
2019-08-22 09:16:58,155 [main] INFO  ozone.HddsDatanodeService (HddsDatanodeService.java:startPlugins(395)) - Started plug-in org.apache.hadoop.ozone.web.OzoneHddsDatanodeService@36a1fd20
2019-08-22 09:16:58,155 [main] INFO  impl.MetricsSystemImpl (MetricsSystemImpl.java:init(158)) - HddsDatanode metrics system started (again)
2019-08-22 09:16:58,158 [org.apache.hadoop.util.JvmPauseMonitor$Monitor@7155f4ef] INFO  util.JvmPauseMonitor (JvmPauseMonitor.java:run(188)) - Starting JVM pause monitor
2019-08-22 09:16:58,159 [main] INFO  ozone.HddsDatanodeService (HddsDatanodeService.java:start(184)) - HddsDatanodeService host:pr-hdds-1898-9jx57-4170240974 ip:192.168.36.85
2019-08-22 09:16:58,159 [Datanode State Machine Thread - 0] INFO  datanode.InitDatanodeState (InitDatanodeState.java:persistContainerDatanodeDetails(140)) - DatanodeDetails is persisted to /workdir/hadoop-ozone/integration-test/target/test-dir/MiniOzoneClusterImpl-b4094933-c81e-4e47-9f4e-b6682d02a4e3/datanode-2/meta/datanode.id
2019-08-22 09:16:58,166 [main] INFO  volume.HddsVolume (HddsVolume.java:<init>(176)) - Creating Volume: /workdir/hadoop-ozone/integration-test/target/test-dir/MiniOzoneClusterImpl-b4094933-c81e-4e47-9f4e-b6682d02a4e3/datanode-3/data/containers/hdds of  storage type : DISK and capacity : 1482555576320
2019-08-22 09:16:58,166 [main] INFO  volume.VolumeSet (VolumeSet.java:initializeVolumeSet(170)) - Added Volume : /workdir/hadoop-ozone/integration-test/target/test-dir/MiniOzoneClusterImpl-b4094933-c81e-4e47-9f4e-b6682d02a4e3/datanode-3/data/containers/hdds to VolumeSet
2019-08-22 09:16:58,166 [main] INFO  volume.ThrottledAsyncChecker (ThrottledAsyncChecker.java:schedule(140)) - Scheduling a check for org.apache.hadoop.ozone.container.common.volume.HddsVolume@114b2414
2019-08-22 09:16:58,167 [main] INFO  volume.HddsVolumeChecker (HddsVolumeChecker.java:checkAllVolumes(203)) - Scheduled health check for volume org.apache.hadoop.ozone.container.common.volume.HddsVolume@114b2414
2019-08-22 09:16:58,183 [main] INFO  impl.RaftServerProxy (ConfUtils.java:logGet(43)) - raft.rpc.type = GRPC (default)
2019-08-22 09:16:58,183 [main] INFO  grpc.GrpcFactory (GrpcFactory.java:checkPooledByteBufAllocatorUseCacheForAllThreads(45)) - PERFORMANCE WARNING: useCacheForAllThreads is true that may cause Netty to create a lot garbage objects and, as a result, trigger GC.
	It is recommended to disable useCacheForAllThreads by setting -Dorg.apache.ratis.thirdparty.io.netty.allocator.useCacheForAllThreads=false in command line.
2019-08-22 09:16:58,184 [main] INFO  grpc.GrpcConfigKeys$Server (ConfUtils.java:logGet(43)) - raft.grpc.server.port = 0 (default)
2019-08-22 09:16:58,184 [main] INFO  server.GrpcService (ConfUtils.java:logGet(43)) - raft.grpc.message.size.max = 33570816 (custom)
2019-08-22 09:16:58,184 [main] INFO  server.RaftServerConfigKeys (ConfUtils.java:logGet(43)) - raft.server.log.appender.buffer.byte-limit = 33554432 (custom)
2019-08-22 09:16:58,184 [main] INFO  server.GrpcService (ConfUtils.java:logGet(43)) - raft.grpc.flow.control.window = 1MB (=1048576) (default)
2019-08-22 09:16:58,184 [main] INFO  server.RaftServerConfigKeys (ConfUtils.java:logGet(43)) - raft.server.rpc.request.timeout = 3000ms (default)
2019-08-22 09:16:58,185 [main] INFO  server.RaftServerConfigKeys (ConfUtils.java:logGet(43)) - raft.server.storage.dir = [/workdir/hadoop-ozone/integration-test/target/test-dir/MiniOzoneClusterImpl-b4094933-c81e-4e47-9f4e-b6682d02a4e3/datanode-3/data/ratis] (custom)
2019-08-22 09:16:58,185 [main] INFO  replication.SimpleContainerDownloader (SimpleContainerDownloader.java:<init>(72)) - Starting container downloader service to copy containers to replicate.
2019-08-22 09:16:58,186 [main] INFO  hdfs.DFSUtil (DFSUtil.java:httpServerTemplateForNNAndJN(1641)) - Starting Web-server for hddsDatanode at: http://0.0.0.0:0
2019-08-22 09:16:58,188 [main] INFO  server.AuthenticationFilter (AuthenticationFilter.java:constructSecretProvider(240)) - Unable to initialize FileSignerSecretProvider, falling back to use random secrets.
2019-08-22 09:16:58,189 [main] WARN  http.HttpRequestLog (HttpRequestLog.java:getRequestLog(97)) - Jetty request log can only be enabled using Log4j
2019-08-22 09:16:58,190 [main] INFO  http.HttpServer2 (HttpServer2.java:addGlobalFilter(975)) - Added global filter 'safety' (class=org.apache.hadoop.http.HttpServer2$QuotingInputFilter)
2019-08-22 09:16:58,190 [main] INFO  http.HttpServer2 (HttpServer2.java:addFilter(948)) - Added filter static_user_filter (class=org.apache.hadoop.http.lib.StaticUserWebFilter$StaticUserFilter) to context hddsDatanode
2019-08-22 09:16:58,191 [main] INFO  http.HttpServer2 (HttpServer2.java:addFilter(958)) - Added filter static_user_filter (class=org.apache.hadoop.http.lib.StaticUserWebFilter$StaticUserFilter) to context logs
2019-08-22 09:16:58,191 [main] INFO  http.HttpServer2 (HttpServer2.java:addFilter(958)) - Added filter static_user_filter (class=org.apache.hadoop.http.lib.StaticUserWebFilter$StaticUserFilter) to context static
2019-08-22 09:16:58,191 [main] INFO  http.HttpServer2 (HttpServer2.java:bindListener(1191)) - Jetty bound to port 44369
2019-08-22 09:16:58,192 [main] INFO  server.Server (Server.java:doStart(351)) - jetty-9.3.24.v20180605, build timestamp: 2018-06-05T17:11:56Z, git hash: 84205aa28f11a4f31f2a3b86d1bba2cc8ab69827
2019-08-22 09:16:58,193 [main] INFO  handler.ContextHandler (ContextHandler.java:doStart(781)) - Started o.e.j.s.ServletContextHandler@17332039{/logs,file:///workdir/hadoop-ozone/integration-test/target/log,AVAILABLE}
2019-08-22 09:16:58,193 [main] INFO  handler.ContextHandler (ContextHandler.java:doStart(781)) - Started o.e.j.s.ServletContextHandler@71418a4a{/static,jar:file:/home/user/.m2/repository/org/apache/hadoop/hadoop-hdds-container-service/0.5.0-SNAPSHOT/hadoop-hdds-container-service-0.5.0-SNAPSHOT.jar!/webapps/static,AVAILABLE}
2019-08-22 09:16:58,221 [main] INFO  handler.ContextHandler (ContextHandler.java:doStart(781)) - Started o.e.j.w.WebAppContext@6fefc5ea{/,file:///tmp/jetty-0.0.0.0-44369-hddsDatanode-_-any-6341831192311463561.dir/webapp/,AVAILABLE}{/hddsDatanode}
2019-08-22 09:16:58,221 [main] INFO  server.AbstractConnector (AbstractConnector.java:doStart(278)) - Started ServerConnector@6159fb3c{HTTP/1.1,[http/1.1]}{0.0.0.0:44369}
2019-08-22 09:16:58,223 [main] INFO  server.Server (Server.java:doStart(419)) - Started @65390ms
2019-08-22 09:16:58,224 [main] INFO  server.BaseHttpServer (BaseHttpServer.java:updateConnectorAddress(213)) - HTTP server of HDDSDATANODE is listening at http://0.0.0.0:44369
2019-08-22 09:16:58,350 | INFO  | ObjectStoreRestHttpServer | Listening HDDS REST traffic on /0.0.0.0:33268 |  
2019-08-22 09:16:58,350 [main] INFO  ozone.HddsDatanodeService (HddsDatanodeService.java:startPlugins(395)) - Started plug-in org.apache.hadoop.ozone.web.OzoneHddsDatanodeService@1a77eb6
2019-08-22 09:16:58,351 [main] INFO  impl.MetricsSystemImpl (MetricsSystemImpl.java:init(158)) - HddsDatanode metrics system started (again)
2019-08-22 09:16:58,352 [org.apache.hadoop.util.JvmPauseMonitor$Monitor@344007d4] INFO  util.JvmPauseMonitor (JvmPauseMonitor.java:run(188)) - Starting JVM pause monitor
2019-08-22 09:16:58,353 [Datanode State Machine Thread - 0] INFO  datanode.InitDatanodeState (InitDatanodeState.java:persistContainerDatanodeDetails(140)) - DatanodeDetails is persisted to /workdir/hadoop-ozone/integration-test/target/test-dir/MiniOzoneClusterImpl-b4094933-c81e-4e47-9f4e-b6682d02a4e3/datanode-3/meta/datanode.id
2019-08-22 09:16:58,354 [main] INFO  ozone.HddsDatanodeService (HddsDatanodeService.java:start(184)) - HddsDatanodeService host:pr-hdds-1898-9jx57-4170240974 ip:192.168.36.85
2019-08-22 09:16:58,362 [main] INFO  volume.HddsVolume (HddsVolume.java:<init>(176)) - Creating Volume: /workdir/hadoop-ozone/integration-test/target/test-dir/MiniOzoneClusterImpl-b4094933-c81e-4e47-9f4e-b6682d02a4e3/datanode-4/data/containers/hdds of  storage type : DISK and capacity : 1482555576320
2019-08-22 09:16:58,362 [main] INFO  volume.VolumeSet (VolumeSet.java:initializeVolumeSet(170)) - Added Volume : /workdir/hadoop-ozone/integration-test/target/test-dir/MiniOzoneClusterImpl-b4094933-c81e-4e47-9f4e-b6682d02a4e3/datanode-4/data/containers/hdds to VolumeSet
2019-08-22 09:16:58,362 [main] INFO  volume.ThrottledAsyncChecker (ThrottledAsyncChecker.java:schedule(140)) - Scheduling a check for org.apache.hadoop.ozone.container.common.volume.HddsVolume@1987807b
2019-08-22 09:16:58,363 [main] INFO  volume.HddsVolumeChecker (HddsVolumeChecker.java:checkAllVolumes(203)) - Scheduled health check for volume org.apache.hadoop.ozone.container.common.volume.HddsVolume@1987807b
2019-08-22 09:16:58,378 [main] INFO  impl.RaftServerProxy (ConfUtils.java:logGet(43)) - raft.rpc.type = GRPC (default)
2019-08-22 09:16:58,378 [main] INFO  grpc.GrpcFactory (GrpcFactory.java:checkPooledByteBufAllocatorUseCacheForAllThreads(45)) - PERFORMANCE WARNING: useCacheForAllThreads is true that may cause Netty to create a lot garbage objects and, as a result, trigger GC.
	It is recommended to disable useCacheForAllThreads by setting -Dorg.apache.ratis.thirdparty.io.netty.allocator.useCacheForAllThreads=false in command line.
2019-08-22 09:16:58,378 [main] INFO  grpc.GrpcConfigKeys$Server (ConfUtils.java:logGet(43)) - raft.grpc.server.port = 0 (default)
2019-08-22 09:16:58,378 [main] INFO  server.GrpcService (ConfUtils.java:logGet(43)) - raft.grpc.message.size.max = 33570816 (custom)
2019-08-22 09:16:58,379 [main] INFO  server.RaftServerConfigKeys (ConfUtils.java:logGet(43)) - raft.server.log.appender.buffer.byte-limit = 33554432 (custom)
2019-08-22 09:16:58,379 [main] INFO  server.GrpcService (ConfUtils.java:logGet(43)) - raft.grpc.flow.control.window = 1MB (=1048576) (default)
2019-08-22 09:16:58,379 [main] INFO  server.RaftServerConfigKeys (ConfUtils.java:logGet(43)) - raft.server.rpc.request.timeout = 3000ms (default)
2019-08-22 09:16:58,380 [main] INFO  server.RaftServerConfigKeys (ConfUtils.java:logGet(43)) - raft.server.storage.dir = [/workdir/hadoop-ozone/integration-test/target/test-dir/MiniOzoneClusterImpl-b4094933-c81e-4e47-9f4e-b6682d02a4e3/datanode-4/data/ratis] (custom)
2019-08-22 09:16:58,380 [main] INFO  replication.SimpleContainerDownloader (SimpleContainerDownloader.java:<init>(72)) - Starting container downloader service to copy containers to replicate.
2019-08-22 09:16:58,381 [main] INFO  hdfs.DFSUtil (DFSUtil.java:httpServerTemplateForNNAndJN(1641)) - Starting Web-server for hddsDatanode at: http://0.0.0.0:0
2019-08-22 09:16:58,382 [main] INFO  server.AuthenticationFilter (AuthenticationFilter.java:constructSecretProvider(240)) - Unable to initialize FileSignerSecretProvider, falling back to use random secrets.
2019-08-22 09:16:58,383 [main] WARN  http.HttpRequestLog (HttpRequestLog.java:getRequestLog(97)) - Jetty request log can only be enabled using Log4j
2019-08-22 09:16:58,384 [main] INFO  http.HttpServer2 (HttpServer2.java:addGlobalFilter(975)) - Added global filter 'safety' (class=org.apache.hadoop.http.HttpServer2$QuotingInputFilter)
2019-08-22 09:16:58,385 [main] INFO  http.HttpServer2 (HttpServer2.java:addFilter(948)) - Added filter static_user_filter (class=org.apache.hadoop.http.lib.StaticUserWebFilter$StaticUserFilter) to context hddsDatanode
2019-08-22 09:16:58,385 [main] INFO  http.HttpServer2 (HttpServer2.java:addFilter(958)) - Added filter static_user_filter (class=org.apache.hadoop.http.lib.StaticUserWebFilter$StaticUserFilter) to context logs
2019-08-22 09:16:58,385 [main] INFO  http.HttpServer2 (HttpServer2.java:addFilter(958)) - Added filter static_user_filter (class=org.apache.hadoop.http.lib.StaticUserWebFilter$StaticUserFilter) to context static
2019-08-22 09:16:58,386 [main] INFO  http.HttpServer2 (HttpServer2.java:bindListener(1191)) - Jetty bound to port 42659
2019-08-22 09:16:58,386 [main] INFO  server.Server (Server.java:doStart(351)) - jetty-9.3.24.v20180605, build timestamp: 2018-06-05T17:11:56Z, git hash: 84205aa28f11a4f31f2a3b86d1bba2cc8ab69827
2019-08-22 09:16:58,388 [main] INFO  handler.ContextHandler (ContextHandler.java:doStart(781)) - Started o.e.j.s.ServletContextHandler@3acc3ee{/logs,file:///workdir/hadoop-ozone/integration-test/target/log,AVAILABLE}
2019-08-22 09:16:58,388 [main] INFO  handler.ContextHandler (ContextHandler.java:doStart(781)) - Started o.e.j.s.ServletContextHandler@5972e3a{/static,jar:file:/home/user/.m2/repository/org/apache/hadoop/hadoop-hdds-container-service/0.5.0-SNAPSHOT/hadoop-hdds-container-service-0.5.0-SNAPSHOT.jar!/webapps/static,AVAILABLE}
2019-08-22 09:16:58,417 [main] INFO  handler.ContextHandler (ContextHandler.java:doStart(781)) - Started o.e.j.w.WebAppContext@787a0fd6{/,file:///tmp/jetty-0.0.0.0-42659-hddsDatanode-_-any-3321415730104947047.dir/webapp/,AVAILABLE}{/hddsDatanode}
2019-08-22 09:16:58,418 [main] INFO  server.AbstractConnector (AbstractConnector.java:doStart(278)) - Started ServerConnector@48b09105{HTTP/1.1,[http/1.1]}{0.0.0.0:42659}
2019-08-22 09:16:58,419 [main] INFO  server.Server (Server.java:doStart(419)) - Started @65586ms
2019-08-22 09:16:58,420 [main] INFO  server.BaseHttpServer (BaseHttpServer.java:updateConnectorAddress(213)) - HTTP server of HDDSDATANODE is listening at http://0.0.0.0:42659
2019-08-22 09:16:58,555 | INFO  | ObjectStoreRestHttpServer | Listening HDDS REST traffic on /0.0.0.0:36084 |  
2019-08-22 09:16:58,555 [main] INFO  ozone.HddsDatanodeService (HddsDatanodeService.java:startPlugins(395)) - Started plug-in org.apache.hadoop.ozone.web.OzoneHddsDatanodeService@25e353dc
2019-08-22 09:16:58,555 [main] INFO  impl.MetricsSystemImpl (MetricsSystemImpl.java:init(158)) - HddsDatanode metrics system started (again)
2019-08-22 09:16:58,556 [org.apache.hadoop.util.JvmPauseMonitor$Monitor@6dc2631a] INFO  util.JvmPauseMonitor (JvmPauseMonitor.java:run(188)) - Starting JVM pause monitor
2019-08-22 09:16:58,559 [main] INFO  ozone.HddsDatanodeService (HddsDatanodeService.java:start(184)) - HddsDatanodeService host:pr-hdds-1898-9jx57-4170240974 ip:192.168.36.85
2019-08-22 09:16:58,559 [Datanode State Machine Thread - 0] INFO  datanode.InitDatanodeState (InitDatanodeState.java:persistContainerDatanodeDetails(140)) - DatanodeDetails is persisted to /workdir/hadoop-ozone/integration-test/target/test-dir/MiniOzoneClusterImpl-b4094933-c81e-4e47-9f4e-b6682d02a4e3/datanode-4/meta/datanode.id
2019-08-22 09:16:58,567 [main] INFO  volume.HddsVolume (HddsVolume.java:<init>(176)) - Creating Volume: /workdir/hadoop-ozone/integration-test/target/test-dir/MiniOzoneClusterImpl-b4094933-c81e-4e47-9f4e-b6682d02a4e3/datanode-5/data/containers/hdds of  storage type : DISK and capacity : 1482555576320
2019-08-22 09:16:58,567 [main] INFO  volume.VolumeSet (VolumeSet.java:initializeVolumeSet(170)) - Added Volume : /workdir/hadoop-ozone/integration-test/target/test-dir/MiniOzoneClusterImpl-b4094933-c81e-4e47-9f4e-b6682d02a4e3/datanode-5/data/containers/hdds to VolumeSet
2019-08-22 09:16:58,567 [main] INFO  volume.ThrottledAsyncChecker (ThrottledAsyncChecker.java:schedule(140)) - Scheduling a check for org.apache.hadoop.ozone.container.common.volume.HddsVolume@1b5f960a
2019-08-22 09:16:58,568 [main] INFO  volume.HddsVolumeChecker (HddsVolumeChecker.java:checkAllVolumes(203)) - Scheduled health check for volume org.apache.hadoop.ozone.container.common.volume.HddsVolume@1b5f960a
2019-08-22 09:16:58,586 [main] INFO  impl.RaftServerProxy (ConfUtils.java:logGet(43)) - raft.rpc.type = GRPC (default)
2019-08-22 09:16:58,586 [main] INFO  grpc.GrpcFactory (GrpcFactory.java:checkPooledByteBufAllocatorUseCacheForAllThreads(45)) - PERFORMANCE WARNING: useCacheForAllThreads is true that may cause Netty to create a lot garbage objects and, as a result, trigger GC.
	It is recommended to disable useCacheForAllThreads by setting -Dorg.apache.ratis.thirdparty.io.netty.allocator.useCacheForAllThreads=false in command line.
2019-08-22 09:16:58,586 [main] INFO  grpc.GrpcConfigKeys$Server (ConfUtils.java:logGet(43)) - raft.grpc.server.port = 0 (default)
2019-08-22 09:16:58,586 [main] INFO  server.GrpcService (ConfUtils.java:logGet(43)) - raft.grpc.message.size.max = 33570816 (custom)
2019-08-22 09:16:58,587 [main] INFO  server.RaftServerConfigKeys (ConfUtils.java:logGet(43)) - raft.server.log.appender.buffer.byte-limit = 33554432 (custom)
2019-08-22 09:16:58,587 [main] INFO  server.GrpcService (ConfUtils.java:logGet(43)) - raft.grpc.flow.control.window = 1MB (=1048576) (default)
2019-08-22 09:16:58,587 [main] INFO  server.RaftServerConfigKeys (ConfUtils.java:logGet(43)) - raft.server.rpc.request.timeout = 3000ms (default)
2019-08-22 09:16:58,588 [main] INFO  server.RaftServerConfigKeys (ConfUtils.java:logGet(43)) - raft.server.storage.dir = [/workdir/hadoop-ozone/integration-test/target/test-dir/MiniOzoneClusterImpl-b4094933-c81e-4e47-9f4e-b6682d02a4e3/datanode-5/data/ratis] (custom)
2019-08-22 09:16:58,588 [main] INFO  replication.SimpleContainerDownloader (SimpleContainerDownloader.java:<init>(72)) - Starting container downloader service to copy containers to replicate.
2019-08-22 09:16:58,590 [main] INFO  hdfs.DFSUtil (DFSUtil.java:httpServerTemplateForNNAndJN(1641)) - Starting Web-server for hddsDatanode at: http://0.0.0.0:0
2019-08-22 09:16:58,591 [main] INFO  server.AuthenticationFilter (AuthenticationFilter.java:constructSecretProvider(240)) - Unable to initialize FileSignerSecretProvider, falling back to use random secrets.
2019-08-22 09:16:58,592 [main] WARN  http.HttpRequestLog (HttpRequestLog.java:getRequestLog(97)) - Jetty request log can only be enabled using Log4j
2019-08-22 09:16:58,593 [main] INFO  http.HttpServer2 (HttpServer2.java:addGlobalFilter(975)) - Added global filter 'safety' (class=org.apache.hadoop.http.HttpServer2$QuotingInputFilter)
2019-08-22 09:16:58,594 [main] INFO  http.HttpServer2 (HttpServer2.java:addFilter(948)) - Added filter static_user_filter (class=org.apache.hadoop.http.lib.StaticUserWebFilter$StaticUserFilter) to context hddsDatanode
2019-08-22 09:16:58,594 [main] INFO  http.HttpServer2 (HttpServer2.java:addFilter(958)) - Added filter static_user_filter (class=org.apache.hadoop.http.lib.StaticUserWebFilter$StaticUserFilter) to context logs
2019-08-22 09:16:58,594 [main] INFO  http.HttpServer2 (HttpServer2.java:addFilter(958)) - Added filter static_user_filter (class=org.apache.hadoop.http.lib.StaticUserWebFilter$StaticUserFilter) to context static
2019-08-22 09:16:58,595 [main] INFO  http.HttpServer2 (HttpServer2.java:bindListener(1191)) - Jetty bound to port 40211
2019-08-22 09:16:58,595 [main] INFO  server.Server (Server.java:doStart(351)) - jetty-9.3.24.v20180605, build timestamp: 2018-06-05T17:11:56Z, git hash: 84205aa28f11a4f31f2a3b86d1bba2cc8ab69827
2019-08-22 09:16:58,597 [main] INFO  handler.ContextHandler (ContextHandler.java:doStart(781)) - Started o.e.j.s.ServletContextHandler@5cba890e{/logs,file:///workdir/hadoop-ozone/integration-test/target/log,AVAILABLE}
2019-08-22 09:16:58,597 [main] INFO  handler.ContextHandler (ContextHandler.java:doStart(781)) - Started o.e.j.s.ServletContextHandler@4d770bcd{/static,jar:file:/home/user/.m2/repository/org/apache/hadoop/hadoop-hdds-container-service/0.5.0-SNAPSHOT/hadoop-hdds-container-service-0.5.0-SNAPSHOT.jar!/webapps/static,AVAILABLE}
2019-08-22 09:16:58,625 [main] INFO  handler.ContextHandler (ContextHandler.java:doStart(781)) - Started o.e.j.w.WebAppContext@2f39b534{/,file:///tmp/jetty-0.0.0.0-40211-hddsDatanode-_-any-1850365614476865310.dir/webapp/,AVAILABLE}{/hddsDatanode}
2019-08-22 09:16:58,625 [main] INFO  server.AbstractConnector (AbstractConnector.java:doStart(278)) - Started ServerConnector@60fbc34d{HTTP/1.1,[http/1.1]}{0.0.0.0:40211}
2019-08-22 09:16:58,628 [main] INFO  server.Server (Server.java:doStart(419)) - Started @65795ms
2019-08-22 09:16:58,629 [main] INFO  server.BaseHttpServer (BaseHttpServer.java:updateConnectorAddress(213)) - HTTP server of HDDSDATANODE is listening at http://0.0.0.0:40211
2019-08-22 09:16:58,795 | INFO  | ObjectStoreRestHttpServer | Listening HDDS REST traffic on /0.0.0.0:46282 |  
2019-08-22 09:16:58,795 [main] INFO  ozone.HddsDatanodeService (HddsDatanodeService.java:startPlugins(395)) - Started plug-in org.apache.hadoop.ozone.web.OzoneHddsDatanodeService@5dc7391e
2019-08-22 09:16:58,796 [main] INFO  ozone.MiniOzoneClusterImpl (MiniOzoneClusterImpl.java:lambda$waitForClusterToBeReady$0(142)) - Waiting for cluster to be ready. Got 0 of 6 DN Heartbeats.
2019-08-22 09:16:58,797 [org.apache.hadoop.util.JvmPauseMonitor$Monitor@7618b0dc] INFO  util.JvmPauseMonitor (JvmPauseMonitor.java:run(188)) - Starting JVM pause monitor
2019-08-22 09:16:58,799 [Datanode State Machine Thread - 0] INFO  datanode.InitDatanodeState (InitDatanodeState.java:persistContainerDatanodeDetails(140)) - DatanodeDetails is persisted to /workdir/hadoop-ozone/integration-test/target/test-dir/MiniOzoneClusterImpl-b4094933-c81e-4e47-9f4e-b6682d02a4e3/datanode-5/meta/datanode.id
2019-08-22 09:16:59,737 | INFO  | SCMAudit | user=jenkins1000 | ip=192.168.36.85 | op=GET_VERSION null | ret=SUCCESS |  
2019-08-22 09:16:59,770 [Datanode State Machine Thread - 0] INFO  ozoneimpl.OzoneContainer (OzoneContainer.java:start(186)) - Attempting to start container services.
2019-08-22 09:16:59,770 [Datanode State Machine Thread - 0] INFO  ozoneimpl.OzoneContainer (OzoneContainer.java:startContainerScrub(160)) - Background container scrubber has been disabled by hdds.containerscrub.enabled
2019-08-22 09:16:59,770 [Datanode State Machine Thread - 0] INFO  ratis.XceiverServerRatis (XceiverServerRatis.java:start(404)) - Starting XceiverServerRatis 093f9392-15a1-447b-85fb-4daaec7caf94 at port 0
2019-08-22 09:16:59,776 [Datanode State Machine Thread - 0] INFO  impl.RaftServerProxy (RaftServerProxy.java:lambda$start$3(299)) - 093f9392-15a1-447b-85fb-4daaec7caf94: start RPC server
2019-08-22 09:16:59,778 [Datanode State Machine Thread - 0] INFO  server.GrpcService (GrpcService.java:startImpl(149)) - 093f9392-15a1-447b-85fb-4daaec7caf94: GrpcService started, listening on 0.0.0.0/0.0.0.0:46381
2019-08-22 09:16:59,778 [Datanode State Machine Thread - 0] INFO  ratis.XceiverServerRatis (XceiverServerRatis.java:start(414)) - XceiverServerRatis 093f9392-15a1-447b-85fb-4daaec7caf94 is started using port 46381
2019-08-22 09:16:59,779 [Datanode State Machine Thread - 0] INFO  server.XceiverServerGrpc (XceiverServerGrpc.java:start(161)) - XceiverServerGrpc 093f9392-15a1-447b-85fb-4daaec7caf94 is started using port 32849
2019-08-22 09:16:59,796 [main] INFO  ozone.MiniOzoneClusterImpl (MiniOzoneClusterImpl.java:lambda$waitForClusterToBeReady$0(142)) - Waiting for cluster to be ready. Got 0 of 6 DN Heartbeats.
2019-08-22 09:16:59,924 | INFO  | SCMAudit | user=jenkins1000 | ip=192.168.36.85 | op=GET_VERSION null | ret=SUCCESS |  
2019-08-22 09:16:59,948 [Datanode State Machine Thread - 0] INFO  ozoneimpl.OzoneContainer (OzoneContainer.java:start(186)) - Attempting to start container services.
2019-08-22 09:16:59,948 [Datanode State Machine Thread - 0] INFO  ozoneimpl.OzoneContainer (OzoneContainer.java:startContainerScrub(160)) - Background container scrubber has been disabled by hdds.containerscrub.enabled
2019-08-22 09:16:59,948 [Datanode State Machine Thread - 0] INFO  ratis.XceiverServerRatis (XceiverServerRatis.java:start(404)) - Starting XceiverServerRatis d22de7f6-7510-48e4-8f97-1191f0294a01 at port 0
2019-08-22 09:16:59,955 [Datanode State Machine Thread - 0] INFO  impl.RaftServerProxy (RaftServerProxy.java:lambda$start$3(299)) - d22de7f6-7510-48e4-8f97-1191f0294a01: start RPC server
2019-08-22 09:16:59,956 [Datanode State Machine Thread - 0] INFO  server.GrpcService (GrpcService.java:startImpl(149)) - d22de7f6-7510-48e4-8f97-1191f0294a01: GrpcService started, listening on 0.0.0.0/0.0.0.0:43465
2019-08-22 09:16:59,956 [Datanode State Machine Thread - 0] INFO  ratis.XceiverServerRatis (XceiverServerRatis.java:start(414)) - XceiverServerRatis d22de7f6-7510-48e4-8f97-1191f0294a01 is started using port 43465
2019-08-22 09:16:59,956 [Datanode State Machine Thread - 0] INFO  server.XceiverServerGrpc (XceiverServerGrpc.java:start(161)) - XceiverServerGrpc d22de7f6-7510-48e4-8f97-1191f0294a01 is started using port 43611
2019-08-22 09:17:00,159 | INFO  | SCMAudit | user=jenkins1000 | ip=192.168.36.85 | op=GET_VERSION null | ret=SUCCESS |  
2019-08-22 09:17:00,185 [Datanode State Machine Thread - 0] INFO  ozoneimpl.OzoneContainer (OzoneContainer.java:start(186)) - Attempting to start container services.
2019-08-22 09:17:00,185 [Datanode State Machine Thread - 0] INFO  ozoneimpl.OzoneContainer (OzoneContainer.java:startContainerScrub(160)) - Background container scrubber has been disabled by hdds.containerscrub.enabled
2019-08-22 09:17:00,185 [Datanode State Machine Thread - 0] INFO  ratis.XceiverServerRatis (XceiverServerRatis.java:start(404)) - Starting XceiverServerRatis 8e0331fc-a6ad-49c6-b07b-7e2a4ec9a890 at port 0
2019-08-22 09:17:00,191 [Datanode State Machine Thread - 0] INFO  impl.RaftServerProxy (RaftServerProxy.java:lambda$start$3(299)) - 8e0331fc-a6ad-49c6-b07b-7e2a4ec9a890: start RPC server
2019-08-22 09:17:00,193 [Datanode State Machine Thread - 0] INFO  server.GrpcService (GrpcService.java:startImpl(149)) - 8e0331fc-a6ad-49c6-b07b-7e2a4ec9a890: GrpcService started, listening on 0.0.0.0/0.0.0.0:46730
2019-08-22 09:17:00,193 [Datanode State Machine Thread - 0] INFO  ratis.XceiverServerRatis (XceiverServerRatis.java:start(414)) - XceiverServerRatis 8e0331fc-a6ad-49c6-b07b-7e2a4ec9a890 is started using port 46730
2019-08-22 09:17:00,196 [Datanode State Machine Thread - 0] INFO  server.XceiverServerGrpc (XceiverServerGrpc.java:start(161)) - XceiverServerGrpc 8e0331fc-a6ad-49c6-b07b-7e2a4ec9a890 is started using port 43850
2019-08-22 09:17:00,353 | INFO  | SCMAudit | user=jenkins1000 | ip=192.168.36.85 | op=GET_VERSION null | ret=SUCCESS |  
2019-08-22 09:17:00,374 [Datanode State Machine Thread - 0] INFO  ozoneimpl.OzoneContainer (OzoneContainer.java:start(186)) - Attempting to start container services.
2019-08-22 09:17:00,374 [Datanode State Machine Thread - 0] INFO  ozoneimpl.OzoneContainer (OzoneContainer.java:startContainerScrub(160)) - Background container scrubber has been disabled by hdds.containerscrub.enabled
2019-08-22 09:17:00,374 [Datanode State Machine Thread - 0] INFO  ratis.XceiverServerRatis (XceiverServerRatis.java:start(404)) - Starting XceiverServerRatis efb90bff-72c5-4ce9-affc-3f37be090605 at port 0
2019-08-22 09:17:00,383 [Datanode State Machine Thread - 0] INFO  impl.RaftServerProxy (RaftServerProxy.java:lambda$start$3(299)) - efb90bff-72c5-4ce9-affc-3f37be090605: start RPC server
2019-08-22 09:17:00,384 [Datanode State Machine Thread - 0] INFO  server.GrpcService (GrpcService.java:startImpl(149)) - efb90bff-72c5-4ce9-affc-3f37be090605: GrpcService started, listening on 0.0.0.0/0.0.0.0:35511
2019-08-22 09:17:00,384 [Datanode State Machine Thread - 0] INFO  ratis.XceiverServerRatis (XceiverServerRatis.java:start(414)) - XceiverServerRatis efb90bff-72c5-4ce9-affc-3f37be090605 is started using port 35511
2019-08-22 09:17:00,387 [Datanode State Machine Thread - 0] INFO  server.XceiverServerGrpc (XceiverServerGrpc.java:start(161)) - XceiverServerGrpc efb90bff-72c5-4ce9-affc-3f37be090605 is started using port 37007
2019-08-22 09:17:00,557 | INFO  | SCMAudit | user=jenkins1000 | ip=192.168.36.85 | op=GET_VERSION null | ret=SUCCESS |  
2019-08-22 09:17:00,571 [Datanode State Machine Thread - 0] INFO  ozoneimpl.OzoneContainer (OzoneContainer.java:start(186)) - Attempting to start container services.
2019-08-22 09:17:00,571 [Datanode State Machine Thread - 0] INFO  ozoneimpl.OzoneContainer (OzoneContainer.java:startContainerScrub(160)) - Background container scrubber has been disabled by hdds.containerscrub.enabled
2019-08-22 09:17:00,571 [Datanode State Machine Thread - 0] INFO  ratis.XceiverServerRatis (XceiverServerRatis.java:start(404)) - Starting XceiverServerRatis 4d51b372-1aca-44dd-a481-2d5d38da6b73 at port 0
2019-08-22 09:17:00,578 [Datanode State Machine Thread - 0] INFO  impl.RaftServerProxy (RaftServerProxy.java:lambda$start$3(299)) - 4d51b372-1aca-44dd-a481-2d5d38da6b73: start RPC server
2019-08-22 09:17:00,578 [Datanode State Machine Thread - 0] INFO  server.GrpcService (GrpcService.java:startImpl(149)) - 4d51b372-1aca-44dd-a481-2d5d38da6b73: GrpcService started, listening on 0.0.0.0/0.0.0.0:36387
2019-08-22 09:17:00,579 [Datanode State Machine Thread - 0] INFO  ratis.XceiverServerRatis (XceiverServerRatis.java:start(414)) - XceiverServerRatis 4d51b372-1aca-44dd-a481-2d5d38da6b73 is started using port 36387
2019-08-22 09:17:00,579 [Datanode State Machine Thread - 0] INFO  server.XceiverServerGrpc (XceiverServerGrpc.java:start(161)) - XceiverServerGrpc 4d51b372-1aca-44dd-a481-2d5d38da6b73 is started using port 41766
2019-08-22 09:17:00,796 [main] INFO  ozone.MiniOzoneClusterImpl (MiniOzoneClusterImpl.java:lambda$waitForClusterToBeReady$0(142)) - Waiting for cluster to be ready. Got 0 of 6 DN Heartbeats.
2019-08-22 09:17:00,797 | INFO  | SCMAudit | user=jenkins1000 | ip=192.168.36.85 | op=GET_VERSION null | ret=SUCCESS |  
2019-08-22 09:17:00,818 [Datanode State Machine Thread - 0] INFO  ozoneimpl.OzoneContainer (OzoneContainer.java:start(186)) - Attempting to start container services.
2019-08-22 09:17:00,819 [Datanode State Machine Thread - 0] INFO  ozoneimpl.OzoneContainer (OzoneContainer.java:startContainerScrub(160)) - Background container scrubber has been disabled by hdds.containerscrub.enabled
2019-08-22 09:17:00,820 [Datanode State Machine Thread - 0] INFO  ratis.XceiverServerRatis (XceiverServerRatis.java:start(404)) - Starting XceiverServerRatis 67abc4f8-8424-4a13-a91f-3faee2bb56e5 at port 0
2019-08-22 09:17:00,825 [Datanode State Machine Thread - 0] INFO  impl.RaftServerProxy (RaftServerProxy.java:lambda$start$3(299)) - 67abc4f8-8424-4a13-a91f-3faee2bb56e5: start RPC server
2019-08-22 09:17:00,826 [Datanode State Machine Thread - 0] INFO  server.GrpcService (GrpcService.java:startImpl(149)) - 67abc4f8-8424-4a13-a91f-3faee2bb56e5: GrpcService started, listening on 0.0.0.0/0.0.0.0:44730
2019-08-22 09:17:00,826 [Datanode State Machine Thread - 0] INFO  ratis.XceiverServerRatis (XceiverServerRatis.java:start(414)) - XceiverServerRatis 67abc4f8-8424-4a13-a91f-3faee2bb56e5 is started using port 44730
2019-08-22 09:17:00,827 [Datanode State Machine Thread - 0] INFO  server.XceiverServerGrpc (XceiverServerGrpc.java:start(161)) - XceiverServerGrpc 67abc4f8-8424-4a13-a91f-3faee2bb56e5 is started using port 37357
2019-08-22 09:17:01,736 [IPC Server handler 4 on 39733] INFO  net.NetworkTopology (NetworkTopologyImpl.java:add(110)) - Added a new node: /default-rack/093f9392-15a1-447b-85fb-4daaec7caf94
2019-08-22 09:17:01,738 [IPC Server handler 4 on 39733] INFO  node.SCMNodeManager (SCMNodeManager.java:register(273)) - Registered Data node : 093f9392-15a1-447b-85fb-4daaec7caf94{ip: 192.168.36.85, host: pr-hdds-1898-9jx57-4170240974, networkLocation: /default-rack, certSerialId: null}
2019-08-22 09:17:01,739 [EventQueue-NodeRegistrationContainerReportForDataNodeSafeModeRule] INFO  safemode.SCMSafeModeManager (DataNodeSafeModeRule.java:process(71)) - SCM in safe mode. 1 DataNodes registered, 1 required.
2019-08-22 09:17:01,741 [EventQueue-NodeRegistrationContainerReportForDataNodeSafeModeRule] INFO  safemode.SCMSafeModeManager (SCMSafeModeManager.java:validateSafeModeExitRules(177)) - ScmSafeModeManager, all rules are successfully validated
2019-08-22 09:17:01,741 [EventQueue-NodeRegistrationContainerReportForDataNodeSafeModeRule] INFO  safemode.SCMSafeModeManager (SCMSafeModeManager.java:exitSafeMode(193)) - SCM exiting safe mode.
2019-08-22 09:17:01,741 | INFO  | SCMAudit | user=jenkins1000 | ip=192.168.36.85 | op=REGISTER {datanodeDetails=093f9392-15a1-447b-85fb-4daaec7caf94{ip: 192.168.36.85, host: pr-hdds-1898-9jx57-4170240974, networkLocation: /default-rack, certSerialId: null}} | ret=SUCCESS |  
2019-08-22 09:17:01,751 [grpc-default-executor-4] INFO  impl.RaftServerProxy (RaftServerProxy.java:addNew(89)) - 093f9392-15a1-447b-85fb-4daaec7caf94: addNew group-5DBE13816419:[093f9392-15a1-447b-85fb-4daaec7caf94:192.168.36.85:46381] returns group-5DBE13816419:java.util.concurrent.CompletableFuture@41cf23fd[Not completed]
2019-08-22 09:17:01,753 [pool-163-thread-1] INFO  impl.RaftServerImpl (RaftServerImpl.java:<init>(93)) - 093f9392-15a1-447b-85fb-4daaec7caf94: new RaftServerImpl for group-5DBE13816419:[093f9392-15a1-447b-85fb-4daaec7caf94:192.168.36.85:46381] with ContainerStateMachine:uninitialized
2019-08-22 09:17:01,753 [pool-163-thread-1] INFO  server.RaftServerConfigKeys (ConfUtils.java:logGet(43)) - raft.server.rpc.timeout.min = 1s (custom)
2019-08-22 09:17:01,753 [pool-163-thread-1] INFO  server.RaftServerConfigKeys (ConfUtils.java:logGet(43)) - raft.server.rpc.timeout.max = 1200ms (custom)
2019-08-22 09:17:01,753 [pool-163-thread-1] INFO  server.RaftServerConfigKeys (ConfUtils.java:logGet(43)) - raft.server.rpcslowness.timeout = 120s (custom)
2019-08-22 09:17:01,754 [pool-163-thread-1] INFO  server.RaftServerConfigKeys (ConfUtils.java:logGet(43)) - raft.server.sleep.deviation.threshold = 300 (default)
2019-08-22 09:17:01,754 [pool-163-thread-1] INFO  server.RaftServerConfigKeys (ConfUtils.java:logGet(43)) - raft.server.log.appender.install.snapshot.enabled = false (custom)
2019-08-22 09:17:01,754 [pool-163-thread-1] INFO  impl.RaftServerImpl (ServerState.java:<init>(105)) - 093f9392-15a1-447b-85fb-4daaec7caf94:group-5DBE13816419 ConfigurationManager, init=-1: [093f9392-15a1-447b-85fb-4daaec7caf94:192.168.36.85:46381], old=null, confs=<EMPTY_MAP>
2019-08-22 09:17:01,754 [pool-163-thread-1] INFO  server.RaftServerConfigKeys (ConfUtils.java:logGet(43)) - raft.server.storage.dir = [/workdir/hadoop-ozone/integration-test/target/test-dir/MiniOzoneClusterImpl-b4094933-c81e-4e47-9f4e-b6682d02a4e3/datanode-0/data/ratis] (custom)
2019-08-22 09:17:01,754 [pool-163-thread-1] INFO  storage.RaftStorageDirectory (RaftStorageDirectory.java:analyzeStorage(246)) - The storage directory /workdir/hadoop-ozone/integration-test/target/test-dir/MiniOzoneClusterImpl-b4094933-c81e-4e47-9f4e-b6682d02a4e3/datanode-0/data/ratis/9d77570e-18b5-4e96-821f-5dbe13816419 does not exist. Creating ...
2019-08-22 09:17:01,776 [pool-163-thread-1] INFO  storage.RaftStorageDirectory (RaftStorageDirectory.java:tryLock(328)) - Lock on /workdir/hadoop-ozone/integration-test/target/test-dir/MiniOzoneClusterImpl-b4094933-c81e-4e47-9f4e-b6682d02a4e3/datanode-0/data/ratis/9d77570e-18b5-4e96-821f-5dbe13816419/in_use.lock acquired by nodename 18071@pr-hdds-1898-9jx57-4170240974
2019-08-22 09:17:01,796 [pool-163-thread-1] INFO  storage.RaftStorage (RaftStorage.java:format(72)) - Storage directory /workdir/hadoop-ozone/integration-test/target/test-dir/MiniOzoneClusterImpl-b4094933-c81e-4e47-9f4e-b6682d02a4e3/datanode-0/data/ratis/9d77570e-18b5-4e96-821f-5dbe13816419 has been successfully formatted.
2019-08-22 09:17:01,797 [pool-163-thread-1] INFO  ratis.ContainerStateMachine (ContainerStateMachine.java:loadSnapshot(226)) - group-5DBE13816419: The snapshot info is null. Setting the last applied indexto:(t:0, i:~)
2019-08-22 09:17:01,797 [pool-163-thread-1] INFO  server.RaftServerConfigKeys (ConfUtils.java:logGet(43)) - raft.server.leader.election.timeout = 120s (custom)
2019-08-22 09:17:01,797 [pool-163-thread-1] INFO  server.RaftServerConfigKeys (ConfUtils.java:logGet(43)) - raft.server.log.use.memory = false (default)
2019-08-22 09:17:01,797 [main] INFO  ozone.MiniOzoneClusterImpl (MiniOzoneClusterImpl.java:lambda$waitForClusterToBeReady$0(142)) - Waiting for cluster to be ready. Got 1 of 6 DN Heartbeats.
2019-08-22 09:17:01,797 [pool-163-thread-1] INFO  server.RaftServerConfigKeys (ConfUtils.java:logGet(43)) - raft.server.log.purge.gap = 1000000 (custom)
2019-08-22 09:17:01,797 [pool-163-thread-1] INFO  server.RaftServerConfigKeys (ConfUtils.java:logGet(43)) - raft.server.log.appender.buffer.byte-limit = 33554432 (custom)
2019-08-22 09:17:01,798 [pool-163-thread-1] INFO  server.RaftServerConfigKeys (ConfUtils.java:logGet(43)) - raft.server.log.segment.size.max = 1048576 (custom)
2019-08-22 09:17:01,798 [pool-163-thread-1] INFO  server.RaftServerConfigKeys (ConfUtils.java:logGet(43)) - raft.server.log.segment.cache.num.max = 2 (custom)
2019-08-22 09:17:01,798 [pool-163-thread-1] INFO  segmented.SegmentedRaftLogWorker (SegmentedRaftLogWorker.java:<init>(172)) - new 093f9392-15a1-447b-85fb-4daaec7caf94-SegmentedRaftLogWorker:Storage Directory /workdir/hadoop-ozone/integration-test/target/test-dir/MiniOzoneClusterImpl-b4094933-c81e-4e47-9f4e-b6682d02a4e3/datanode-0/data/ratis/9d77570e-18b5-4e96-821f-5dbe13816419 for RaftStorage:Storage Directory /workdir/hadoop-ozone/integration-test/target/test-dir/MiniOzoneClusterImpl-b4094933-c81e-4e47-9f4e-b6682d02a4e3/datanode-0/data/ratis/9d77570e-18b5-4e96-821f-5dbe13816419
2019-08-22 09:17:01,798 [pool-163-thread-1] INFO  server.RaftServerConfigKeys (ConfUtils.java:logGet(43)) - raft.server.log.queue.byte-limit = 2147483647 (custom)
2019-08-22 09:17:01,798 [pool-163-thread-1] INFO  server.RaftServerConfigKeys (ConfUtils.java:logGet(43)) - raft.server.log.queue.element-limit = 1024 (custom)
2019-08-22 09:17:01,798 [pool-163-thread-1] INFO  server.RaftServerConfigKeys (ConfUtils.java:logGet(43)) - raft.server.log.segment.size.max = 1048576 (custom)
2019-08-22 09:17:01,799 [pool-163-thread-1] INFO  server.RaftServerConfigKeys (ConfUtils.java:logGet(43)) - raft.server.log.preallocated.size = 16384 (custom)
2019-08-22 09:17:01,799 [pool-163-thread-1] INFO  server.RaftServerConfigKeys (ConfUtils.java:logGet(43)) - raft.server.log.write.buffer.size = 33554432 (custom)
2019-08-22 09:17:01,799 [pool-163-thread-1] INFO  server.RaftServerConfigKeys (ConfUtils.java:logGet(43)) - raft.server.log.force.sync.num = 128 (default)
2019-08-22 09:17:01,799 [pool-163-thread-1] INFO  server.RaftServerConfigKeys (ConfUtils.java:logGet(43)) - raft.server.log.statemachine.data.sync = true (default)
2019-08-22 09:17:01,799 [pool-163-thread-1] INFO  server.RaftServerConfigKeys (ConfUtils.java:logGet(43)) - raft.server.log.statemachine.data.sync.timeout = 10s (default)
2019-08-22 09:17:01,799 [pool-163-thread-1] INFO  server.RaftServerConfigKeys (ConfUtils.java:logGet(43)) - raft.server.log.statemachine.data.sync.timeout.retry = -1 (default)
2019-08-22 09:17:01,799 [pool-163-thread-1] INFO  server.RaftServerConfigKeys (ConfUtils.java:logGet(43)) - raft.server.log.statemachine.data.caching.enabled = true (custom)
2019-08-22 09:17:01,800 [pool-163-thread-1] INFO  segmented.SegmentedRaftLogWorker (SegmentedRaftLogWorker.java:lambda$new$0(132)) - 093f9392-15a1-447b-85fb-4daaec7caf94-SegmentedRaftLogWorker:Storage Directory /workdir/hadoop-ozone/integration-test/target/test-dir/MiniOzoneClusterImpl-b4094933-c81e-4e47-9f4e-b6682d02a4e3/datanode-0/data/ratis/9d77570e-18b5-4e96-821f-5dbe13816419: flushIndex: setUnconditionally 0 -> -1
2019-08-22 09:17:01,800 [pool-163-thread-1] INFO  server.RaftServerConfigKeys (ConfUtils.java:logGet(43)) - raft.server.snapshot.auto.trigger.enabled = true (custom)
2019-08-22 09:17:01,800 [pool-163-thread-1] INFO  server.RaftServerConfigKeys (ConfUtils.java:logGet(43)) - raft.server.snapshot.auto.trigger.threshold = 10000 (custom)
2019-08-22 09:17:01,800 [pool-163-thread-1] INFO  server.RaftServerConfigKeys (ConfUtils.java:logGet(43)) - raft.server.retrycache.expirytime = 600000ms (custom)
2019-08-22 09:17:01,800 [pool-163-thread-1] INFO  impl.RaftServerImpl (RaftServerImpl.java:start(180)) - 093f9392-15a1-447b-85fb-4daaec7caf94: start group-5DBE13816419
2019-08-22 09:17:01,801 [pool-163-thread-1] INFO  impl.RaftServerImpl (RaftServerImpl.java:setRole(171)) - 093f9392-15a1-447b-85fb-4daaec7caf94:group-5DBE13816419 changes role from null to FOLLOWER at term 0 for startAsFollower
2019-08-22 09:17:01,801 [pool-163-thread-1] INFO  impl.RoleInfo (RoleInfo.java:updateAndGet(143)) - 093f9392-15a1-447b-85fb-4daaec7caf94: start FollowerState
2019-08-22 09:17:01,808 [pool-163-thread-1] INFO  util.JmxRegister (JmxRegister.java:tryRegister(44)) - Successfully registered JMX Bean with object name Ratis:service=RaftServer,group=group-5DBE13816419,id=093f9392-15a1-447b-85fb-4daaec7caf94
2019-08-22 09:17:01,816 [RatisPipelineUtilsThread] INFO  pipeline.PipelineStateManager (PipelineStateManager.java:addPipeline(56)) - Created pipeline Pipeline[ Id: 9d77570e-18b5-4e96-821f-5dbe13816419, Nodes: 093f9392-15a1-447b-85fb-4daaec7caf94{ip: 192.168.36.85, host: pr-hdds-1898-9jx57-4170240974, networkLocation: /default-rack, certSerialId: null}, Type:RATIS, Factor:ONE, State:OPEN]
2019-08-22 09:17:01,924 [IPC Server handler 0 on 39733] INFO  net.NetworkTopology (NetworkTopologyImpl.java:add(110)) - Added a new node: /default-rack/d22de7f6-7510-48e4-8f97-1191f0294a01
2019-08-22 09:17:01,924 [IPC Server handler 0 on 39733] INFO  node.SCMNodeManager (SCMNodeManager.java:register(273)) - Registered Data node : d22de7f6-7510-48e4-8f97-1191f0294a01{ip: 192.168.36.85, host: pr-hdds-1898-9jx57-4170240974, networkLocation: /default-rack, certSerialId: null}
2019-08-22 09:17:01,925 | INFO  | SCMAudit | user=jenkins1000 | ip=192.168.36.85 | op=REGISTER {datanodeDetails=d22de7f6-7510-48e4-8f97-1191f0294a01{ip: 192.168.36.85, host: pr-hdds-1898-9jx57-4170240974, networkLocation: /default-rack, certSerialId: null}} | ret=SUCCESS |  
2019-08-22 09:17:01,931 [grpc-default-executor-4] INFO  impl.RaftServerProxy (RaftServerProxy.java:addNew(89)) - d22de7f6-7510-48e4-8f97-1191f0294a01: addNew group-5F5C89E411E9:[d22de7f6-7510-48e4-8f97-1191f0294a01:192.168.36.85:43465] returns group-5F5C89E411E9:java.util.concurrent.CompletableFuture@5b1e9192[Not completed]
2019-08-22 09:17:01,932 [pool-174-thread-1] INFO  impl.RaftServerImpl (RaftServerImpl.java:<init>(93)) - d22de7f6-7510-48e4-8f97-1191f0294a01: new RaftServerImpl for group-5F5C89E411E9:[d22de7f6-7510-48e4-8f97-1191f0294a01:192.168.36.85:43465] with ContainerStateMachine:uninitialized
2019-08-22 09:17:01,933 [pool-174-thread-1] INFO  server.RaftServerConfigKeys (ConfUtils.java:logGet(43)) - raft.server.rpc.timeout.min = 1s (custom)
2019-08-22 09:17:01,933 [pool-174-thread-1] INFO  server.RaftServerConfigKeys (ConfUtils.java:logGet(43)) - raft.server.rpc.timeout.max = 1200ms (custom)
2019-08-22 09:17:01,933 [pool-174-thread-1] INFO  server.RaftServerConfigKeys (ConfUtils.java:logGet(43)) - raft.server.rpcslowness.timeout = 120s (custom)
2019-08-22 09:17:01,933 [pool-174-thread-1] INFO  server.RaftServerConfigKeys (ConfUtils.java:logGet(43)) - raft.server.sleep.deviation.threshold = 300 (default)
2019-08-22 09:17:01,933 [pool-174-thread-1] INFO  server.RaftServerConfigKeys (ConfUtils.java:logGet(43)) - raft.server.log.appender.install.snapshot.enabled = false (custom)
2019-08-22 09:17:01,933 [pool-174-thread-1] INFO  impl.RaftServerImpl (ServerState.java:<init>(105)) - d22de7f6-7510-48e4-8f97-1191f0294a01:group-5F5C89E411E9 ConfigurationManager, init=-1: [d22de7f6-7510-48e4-8f97-1191f0294a01:192.168.36.85:43465], old=null, confs=<EMPTY_MAP>
2019-08-22 09:17:01,933 [pool-174-thread-1] INFO  server.RaftServerConfigKeys (ConfUtils.java:logGet(43)) - raft.server.storage.dir = [/workdir/hadoop-ozone/integration-test/target/test-dir/MiniOzoneClusterImpl-b4094933-c81e-4e47-9f4e-b6682d02a4e3/datanode-1/data/ratis] (custom)
2019-08-22 09:17:01,934 [pool-174-thread-1] INFO  storage.RaftStorageDirectory (RaftStorageDirectory.java:analyzeStorage(246)) - The storage directory /workdir/hadoop-ozone/integration-test/target/test-dir/MiniOzoneClusterImpl-b4094933-c81e-4e47-9f4e-b6682d02a4e3/datanode-1/data/ratis/d848b57a-f9d2-4724-8dce-5f5c89e411e9 does not exist. Creating ...
2019-08-22 09:17:01,970 [pool-174-thread-1] INFO  storage.RaftStorageDirectory (RaftStorageDirectory.java:tryLock(328)) - Lock on /workdir/hadoop-ozone/integration-test/target/test-dir/MiniOzoneClusterImpl-b4094933-c81e-4e47-9f4e-b6682d02a4e3/datanode-1/data/ratis/d848b57a-f9d2-4724-8dce-5f5c89e411e9/in_use.lock acquired by nodename 18071@pr-hdds-1898-9jx57-4170240974
2019-08-22 09:17:01,987 [pool-174-thread-1] INFO  storage.RaftStorage (RaftStorage.java:format(72)) - Storage directory /workdir/hadoop-ozone/integration-test/target/test-dir/MiniOzoneClusterImpl-b4094933-c81e-4e47-9f4e-b6682d02a4e3/datanode-1/data/ratis/d848b57a-f9d2-4724-8dce-5f5c89e411e9 has been successfully formatted.
2019-08-22 09:17:01,987 [pool-174-thread-1] INFO  ratis.ContainerStateMachine (ContainerStateMachine.java:loadSnapshot(226)) - group-5F5C89E411E9: The snapshot info is null. Setting the last applied indexto:(t:0, i:~)
2019-08-22 09:17:01,987 [pool-174-thread-1] INFO  server.RaftServerConfigKeys (ConfUtils.java:logGet(43)) - raft.server.leader.election.timeout = 120s (custom)
2019-08-22 09:17:01,988 [pool-174-thread-1] INFO  server.RaftServerConfigKeys (ConfUtils.java:logGet(43)) - raft.server.log.use.memory = false (default)
2019-08-22 09:17:01,988 [pool-174-thread-1] INFO  server.RaftServerConfigKeys (ConfUtils.java:logGet(43)) - raft.server.log.purge.gap = 1000000 (custom)
2019-08-22 09:17:01,988 [pool-174-thread-1] INFO  server.RaftServerConfigKeys (ConfUtils.java:logGet(43)) - raft.server.log.appender.buffer.byte-limit = 33554432 (custom)
2019-08-22 09:17:01,988 [pool-174-thread-1] INFO  server.RaftServerConfigKeys (ConfUtils.java:logGet(43)) - raft.server.log.segment.size.max = 1048576 (custom)
2019-08-22 09:17:01,988 [pool-174-thread-1] INFO  server.RaftServerConfigKeys (ConfUtils.java:logGet(43)) - raft.server.log.segment.cache.num.max = 2 (custom)
2019-08-22 09:17:01,988 [pool-174-thread-1] INFO  segmented.SegmentedRaftLogWorker (SegmentedRaftLogWorker.java:<init>(172)) - new d22de7f6-7510-48e4-8f97-1191f0294a01-SegmentedRaftLogWorker:Storage Directory /workdir/hadoop-ozone/integration-test/target/test-dir/MiniOzoneClusterImpl-b4094933-c81e-4e47-9f4e-b6682d02a4e3/datanode-1/data/ratis/d848b57a-f9d2-4724-8dce-5f5c89e411e9 for RaftStorage:Storage Directory /workdir/hadoop-ozone/integration-test/target/test-dir/MiniOzoneClusterImpl-b4094933-c81e-4e47-9f4e-b6682d02a4e3/datanode-1/data/ratis/d848b57a-f9d2-4724-8dce-5f5c89e411e9
2019-08-22 09:17:01,989 [pool-174-thread-1] INFO  server.RaftServerConfigKeys (ConfUtils.java:logGet(43)) - raft.server.log.queue.byte-limit = 2147483647 (custom)
2019-08-22 09:17:01,989 [pool-174-thread-1] INFO  server.RaftServerConfigKeys (ConfUtils.java:logGet(43)) - raft.server.log.queue.element-limit = 1024 (custom)
2019-08-22 09:17:01,989 [pool-174-thread-1] INFO  server.RaftServerConfigKeys (ConfUtils.java:logGet(43)) - raft.server.log.segment.size.max = 1048576 (custom)
2019-08-22 09:17:01,989 [pool-174-thread-1] INFO  server.RaftServerConfigKeys (ConfUtils.java:logGet(43)) - raft.server.log.preallocated.size = 16384 (custom)
2019-08-22 09:17:01,989 [pool-174-thread-1] INFO  server.RaftServerConfigKeys (ConfUtils.java:logGet(43)) - raft.server.log.write.buffer.size = 33554432 (custom)
2019-08-22 09:17:01,989 [pool-174-thread-1] INFO  server.RaftServerConfigKeys (ConfUtils.java:logGet(43)) - raft.server.log.force.sync.num = 128 (default)
2019-08-22 09:17:01,989 [pool-174-thread-1] INFO  server.RaftServerConfigKeys (ConfUtils.java:logGet(43)) - raft.server.log.statemachine.data.sync = true (default)
2019-08-22 09:17:01,990 [pool-174-thread-1] INFO  server.RaftServerConfigKeys (ConfUtils.java:logGet(43)) - raft.server.log.statemachine.data.sync.timeout = 10s (default)
2019-08-22 09:17:01,990 [pool-174-thread-1] INFO  server.RaftServerConfigKeys (ConfUtils.java:logGet(43)) - raft.server.log.statemachine.data.sync.timeout.retry = -1 (default)
2019-08-22 09:17:01,990 [pool-174-thread-1] INFO  server.RaftServerConfigKeys (ConfUtils.java:logGet(43)) - raft.server.log.statemachine.data.caching.enabled = true (custom)
2019-08-22 09:17:01,990 [pool-174-thread-1] INFO  segmented.SegmentedRaftLogWorker (SegmentedRaftLogWorker.java:lambda$new$0(132)) - d22de7f6-7510-48e4-8f97-1191f0294a01-SegmentedRaftLogWorker:Storage Directory /workdir/hadoop-ozone/integration-test/target/test-dir/MiniOzoneClusterImpl-b4094933-c81e-4e47-9f4e-b6682d02a4e3/datanode-1/data/ratis/d848b57a-f9d2-4724-8dce-5f5c89e411e9: flushIndex: setUnconditionally 0 -> -1
2019-08-22 09:17:01,991 [pool-174-thread-1] INFO  server.RaftServerConfigKeys (ConfUtils.java:logGet(43)) - raft.server.snapshot.auto.trigger.enabled = true (custom)
2019-08-22 09:17:01,991 [pool-174-thread-1] INFO  server.RaftServerConfigKeys (ConfUtils.java:logGet(43)) - raft.server.snapshot.auto.trigger.threshold = 10000 (custom)
2019-08-22 09:17:01,991 [pool-174-thread-1] INFO  server.RaftServerConfigKeys (ConfUtils.java:logGet(43)) - raft.server.retrycache.expirytime = 600000ms (custom)
2019-08-22 09:17:01,991 [pool-174-thread-1] INFO  impl.RaftServerImpl (RaftServerImpl.java:start(180)) - d22de7f6-7510-48e4-8f97-1191f0294a01: start group-5F5C89E411E9
2019-08-22 09:17:01,991 [pool-174-thread-1] INFO  impl.RaftServerImpl (RaftServerImpl.java:setRole(171)) - d22de7f6-7510-48e4-8f97-1191f0294a01:group-5F5C89E411E9 changes role from null to FOLLOWER at term 0 for startAsFollower
2019-08-22 09:17:01,991 [pool-174-thread-1] INFO  impl.RoleInfo (RoleInfo.java:updateAndGet(143)) - d22de7f6-7510-48e4-8f97-1191f0294a01: start FollowerState
2019-08-22 09:17:01,992 [pool-174-thread-1] INFO  util.JmxRegister (JmxRegister.java:tryRegister(44)) - Successfully registered JMX Bean with object name Ratis:service=RaftServer,group=group-5F5C89E411E9,id=d22de7f6-7510-48e4-8f97-1191f0294a01
2019-08-22 09:17:01,994 [RatisPipelineUtilsThread] INFO  pipeline.PipelineStateManager (PipelineStateManager.java:addPipeline(56)) - Created pipeline Pipeline[ Id: d848b57a-f9d2-4724-8dce-5f5c89e411e9, Nodes: d22de7f6-7510-48e4-8f97-1191f0294a01{ip: 192.168.36.85, host: pr-hdds-1898-9jx57-4170240974, networkLocation: /default-rack, certSerialId: null}, Type:RATIS, Factor:ONE, State:OPEN]
2019-08-22 09:17:02,159 [IPC Server handler 2 on 39733] INFO  net.NetworkTopology (NetworkTopologyImpl.java:add(110)) - Added a new node: /default-rack/8e0331fc-a6ad-49c6-b07b-7e2a4ec9a890
2019-08-22 09:17:02,159 [IPC Server handler 2 on 39733] INFO  node.SCMNodeManager (SCMNodeManager.java:register(273)) - Registered Data node : 8e0331fc-a6ad-49c6-b07b-7e2a4ec9a890{ip: 192.168.36.85, host: pr-hdds-1898-9jx57-4170240974, networkLocation: /default-rack, certSerialId: null}
2019-08-22 09:17:02,168 | INFO  | SCMAudit | user=jenkins1000 | ip=192.168.36.85 | op=REGISTER {datanodeDetails=8e0331fc-a6ad-49c6-b07b-7e2a4ec9a890{ip: 192.168.36.85, host: pr-hdds-1898-9jx57-4170240974, networkLocation: /default-rack, certSerialId: null}} | ret=SUCCESS |  
2019-08-22 09:17:02,175 [grpc-default-executor-4] INFO  impl.RaftServerProxy (RaftServerProxy.java:addNew(89)) - 8e0331fc-a6ad-49c6-b07b-7e2a4ec9a890: addNew group-1D662FBA22E7:[8e0331fc-a6ad-49c6-b07b-7e2a4ec9a890:192.168.36.85:46730] returns group-1D662FBA22E7:java.util.concurrent.CompletableFuture@32097421[Not completed]
2019-08-22 09:17:02,177 [pool-185-thread-1] INFO  impl.RaftServerImpl (RaftServerImpl.java:<init>(93)) - 8e0331fc-a6ad-49c6-b07b-7e2a4ec9a890: new RaftServerImpl for group-1D662FBA22E7:[8e0331fc-a6ad-49c6-b07b-7e2a4ec9a890:192.168.36.85:46730] with ContainerStateMachine:uninitialized
2019-08-22 09:17:02,177 [pool-185-thread-1] INFO  server.RaftServerConfigKeys (ConfUtils.java:logGet(43)) - raft.server.rpc.timeout.min = 1s (custom)
2019-08-22 09:17:02,177 [pool-185-thread-1] INFO  server.RaftServerConfigKeys (ConfUtils.java:logGet(43)) - raft.server.rpc.timeout.max = 1200ms (custom)
2019-08-22 09:17:02,177 [pool-185-thread-1] INFO  server.RaftServerConfigKeys (ConfUtils.java:logGet(43)) - raft.server.rpcslowness.timeout = 120s (custom)
2019-08-22 09:17:02,177 [pool-185-thread-1] INFO  server.RaftServerConfigKeys (ConfUtils.java:logGet(43)) - raft.server.sleep.deviation.threshold = 300 (default)
2019-08-22 09:17:02,177 [pool-185-thread-1] INFO  server.RaftServerConfigKeys (ConfUtils.java:logGet(43)) - raft.server.log.appender.install.snapshot.enabled = false (custom)
2019-08-22 09:17:02,178 [pool-185-thread-1] INFO  impl.RaftServerImpl (ServerState.java:<init>(105)) - 8e0331fc-a6ad-49c6-b07b-7e2a4ec9a890:group-1D662FBA22E7 ConfigurationManager, init=-1: [8e0331fc-a6ad-49c6-b07b-7e2a4ec9a890:192.168.36.85:46730], old=null, confs=<EMPTY_MAP>
2019-08-22 09:17:02,178 [pool-185-thread-1] INFO  server.RaftServerConfigKeys (ConfUtils.java:logGet(43)) - raft.server.storage.dir = [/workdir/hadoop-ozone/integration-test/target/test-dir/MiniOzoneClusterImpl-b4094933-c81e-4e47-9f4e-b6682d02a4e3/datanode-2/data/ratis] (custom)
2019-08-22 09:17:02,178 [pool-185-thread-1] INFO  storage.RaftStorageDirectory (RaftStorageDirectory.java:analyzeStorage(246)) - The storage directory /workdir/hadoop-ozone/integration-test/target/test-dir/MiniOzoneClusterImpl-b4094933-c81e-4e47-9f4e-b6682d02a4e3/datanode-2/data/ratis/b6779e4c-b207-4d36-b110-1d662fba22e7 does not exist. Creating ...
2019-08-22 09:17:02,196 [pool-185-thread-1] INFO  storage.RaftStorageDirectory (RaftStorageDirectory.java:tryLock(328)) - Lock on /workdir/hadoop-ozone/integration-test/target/test-dir/MiniOzoneClusterImpl-b4094933-c81e-4e47-9f4e-b6682d02a4e3/datanode-2/data/ratis/b6779e4c-b207-4d36-b110-1d662fba22e7/in_use.lock acquired by nodename 18071@pr-hdds-1898-9jx57-4170240974
2019-08-22 09:17:02,221 [pool-185-thread-1] INFO  storage.RaftStorage (RaftStorage.java:format(72)) - Storage directory /workdir/hadoop-ozone/integration-test/target/test-dir/MiniOzoneClusterImpl-b4094933-c81e-4e47-9f4e-b6682d02a4e3/datanode-2/data/ratis/b6779e4c-b207-4d36-b110-1d662fba22e7 has been successfully formatted.
2019-08-22 09:17:02,221 [pool-185-thread-1] INFO  ratis.ContainerStateMachine (ContainerStateMachine.java:loadSnapshot(226)) - group-1D662FBA22E7: The snapshot info is null. Setting the last applied indexto:(t:0, i:~)
2019-08-22 09:17:02,221 [pool-185-thread-1] INFO  server.RaftServerConfigKeys (ConfUtils.java:logGet(43)) - raft.server.leader.election.timeout = 120s (custom)
2019-08-22 09:17:02,221 [pool-185-thread-1] INFO  server.RaftServerConfigKeys (ConfUtils.java:logGet(43)) - raft.server.log.use.memory = false (default)
2019-08-22 09:17:02,222 [pool-185-thread-1] INFO  server.RaftServerConfigKeys (ConfUtils.java:logGet(43)) - raft.server.log.purge.gap = 1000000 (custom)
2019-08-22 09:17:02,222 [pool-185-thread-1] INFO  server.RaftServerConfigKeys (ConfUtils.java:logGet(43)) - raft.server.log.appender.buffer.byte-limit = 33554432 (custom)
2019-08-22 09:17:02,222 [pool-185-thread-1] INFO  server.RaftServerConfigKeys (ConfUtils.java:logGet(43)) - raft.server.log.segment.size.max = 1048576 (custom)
2019-08-22 09:17:02,222 [pool-185-thread-1] INFO  server.RaftServerConfigKeys (ConfUtils.java:logGet(43)) - raft.server.log.segment.cache.num.max = 2 (custom)
2019-08-22 09:17:02,222 [pool-185-thread-1] INFO  segmented.SegmentedRaftLogWorker (SegmentedRaftLogWorker.java:<init>(172)) - new 8e0331fc-a6ad-49c6-b07b-7e2a4ec9a890-SegmentedRaftLogWorker:Storage Directory /workdir/hadoop-ozone/integration-test/target/test-dir/MiniOzoneClusterImpl-b4094933-c81e-4e47-9f4e-b6682d02a4e3/datanode-2/data/ratis/b6779e4c-b207-4d36-b110-1d662fba22e7 for RaftStorage:Storage Directory /workdir/hadoop-ozone/integration-test/target/test-dir/MiniOzoneClusterImpl-b4094933-c81e-4e47-9f4e-b6682d02a4e3/datanode-2/data/ratis/b6779e4c-b207-4d36-b110-1d662fba22e7
2019-08-22 09:17:02,222 [pool-185-thread-1] INFO  server.RaftServerConfigKeys (ConfUtils.java:logGet(43)) - raft.server.log.queue.byte-limit = 2147483647 (custom)
2019-08-22 09:17:02,222 [pool-185-thread-1] INFO  server.RaftServerConfigKeys (ConfUtils.java:logGet(43)) - raft.server.log.queue.element-limit = 1024 (custom)
2019-08-22 09:17:02,223 [pool-185-thread-1] INFO  server.RaftServerConfigKeys (ConfUtils.java:logGet(43)) - raft.server.log.segment.size.max = 1048576 (custom)
2019-08-22 09:17:02,223 [pool-185-thread-1] INFO  server.RaftServerConfigKeys (ConfUtils.java:logGet(43)) - raft.server.log.preallocated.size = 16384 (custom)
2019-08-22 09:17:02,223 [pool-185-thread-1] INFO  server.RaftServerConfigKeys (ConfUtils.java:logGet(43)) - raft.server.log.write.buffer.size = 33554432 (custom)
2019-08-22 09:17:02,223 [pool-185-thread-1] INFO  server.RaftServerConfigKeys (ConfUtils.java:logGet(43)) - raft.server.log.force.sync.num = 128 (default)
2019-08-22 09:17:02,223 [pool-185-thread-1] INFO  server.RaftServerConfigKeys (ConfUtils.java:logGet(43)) - raft.server.log.statemachine.data.sync = true (default)
2019-08-22 09:17:02,223 [pool-185-thread-1] INFO  server.RaftServerConfigKeys (ConfUtils.java:logGet(43)) - raft.server.log.statemachine.data.sync.timeout = 10s (default)
2019-08-22 09:17:02,223 [pool-185-thread-1] INFO  server.RaftServerConfigKeys (ConfUtils.java:logGet(43)) - raft.server.log.statemachine.data.sync.timeout.retry = -1 (default)
2019-08-22 09:17:02,223 [pool-185-thread-1] INFO  server.RaftServerConfigKeys (ConfUtils.java:logGet(43)) - raft.server.log.statemachine.data.caching.enabled = true (custom)
2019-08-22 09:17:02,224 [pool-185-thread-1] INFO  segmented.SegmentedRaftLogWorker (SegmentedRaftLogWorker.java:lambda$new$0(132)) - 8e0331fc-a6ad-49c6-b07b-7e2a4ec9a890-SegmentedRaftLogWorker:Storage Directory /workdir/hadoop-ozone/integration-test/target/test-dir/MiniOzoneClusterImpl-b4094933-c81e-4e47-9f4e-b6682d02a4e3/datanode-2/data/ratis/b6779e4c-b207-4d36-b110-1d662fba22e7: flushIndex: setUnconditionally 0 -> -1
2019-08-22 09:17:02,224 [pool-185-thread-1] INFO  server.RaftServerConfigKeys (ConfUtils.java:logGet(43)) - raft.server.snapshot.auto.trigger.enabled = true (custom)
2019-08-22 09:17:02,224 [pool-185-thread-1] INFO  server.RaftServerConfigKeys (ConfUtils.java:logGet(43)) - raft.server.snapshot.auto.trigger.threshold = 10000 (custom)
2019-08-22 09:17:02,224 [pool-185-thread-1] INFO  server.RaftServerConfigKeys (ConfUtils.java:logGet(43)) - raft.server.retrycache.expirytime = 600000ms (custom)
2019-08-22 09:17:02,224 [pool-185-thread-1] INFO  impl.RaftServerImpl (RaftServerImpl.java:start(180)) - 8e0331fc-a6ad-49c6-b07b-7e2a4ec9a890: start group-1D662FBA22E7
2019-08-22 09:17:02,224 [pool-185-thread-1] INFO  impl.RaftServerImpl (RaftServerImpl.java:setRole(171)) - 8e0331fc-a6ad-49c6-b07b-7e2a4ec9a890:group-1D662FBA22E7 changes role from null to FOLLOWER at term 0 for startAsFollower
2019-08-22 09:17:02,224 [pool-185-thread-1] INFO  impl.RoleInfo (RoleInfo.java:updateAndGet(143)) - 8e0331fc-a6ad-49c6-b07b-7e2a4ec9a890: start FollowerState
2019-08-22 09:17:02,225 [pool-185-thread-1] INFO  util.JmxRegister (JmxRegister.java:tryRegister(44)) - Successfully registered JMX Bean with object name Ratis:service=RaftServer,group=group-1D662FBA22E7,id=8e0331fc-a6ad-49c6-b07b-7e2a4ec9a890
2019-08-22 09:17:02,226 [RatisPipelineUtilsThread] INFO  pipeline.PipelineStateManager (PipelineStateManager.java:addPipeline(56)) - Created pipeline Pipeline[ Id: b6779e4c-b207-4d36-b110-1d662fba22e7, Nodes: 8e0331fc-a6ad-49c6-b07b-7e2a4ec9a890{ip: 192.168.36.85, host: pr-hdds-1898-9jx57-4170240974, networkLocation: /default-rack, certSerialId: null}, Type:RATIS, Factor:ONE, State:OPEN]
2019-08-22 09:17:02,238 [grpc-default-executor-3] INFO  impl.RaftServerProxy (RaftServerProxy.java:addNew(89)) - d22de7f6-7510-48e4-8f97-1191f0294a01: addNew group-D53B9E930755:[d22de7f6-7510-48e4-8f97-1191f0294a01:192.168.36.85:43465, 8e0331fc-a6ad-49c6-b07b-7e2a4ec9a890:192.168.36.85:46730, 093f9392-15a1-447b-85fb-4daaec7caf94:192.168.36.85:46381] returns group-D53B9E930755:java.util.concurrent.CompletableFuture@7322cf4a[Not completed]
2019-08-22 09:17:02,238 [grpc-default-executor-4] INFO  impl.RaftServerProxy (RaftServerProxy.java:addNew(89)) - 8e0331fc-a6ad-49c6-b07b-7e2a4ec9a890: addNew group-D53B9E930755:[d22de7f6-7510-48e4-8f97-1191f0294a01:192.168.36.85:43465, 8e0331fc-a6ad-49c6-b07b-7e2a4ec9a890:192.168.36.85:46730, 093f9392-15a1-447b-85fb-4daaec7caf94:192.168.36.85:46381] returns group-D53B9E930755:java.util.concurrent.CompletableFuture@4a9b332b[Not completed]
2019-08-22 09:17:02,238 [grpc-default-executor-1] INFO  impl.RaftServerProxy (RaftServerProxy.java:addNew(89)) - 093f9392-15a1-447b-85fb-4daaec7caf94: addNew group-D53B9E930755:[d22de7f6-7510-48e4-8f97-1191f0294a01:192.168.36.85:43465, 8e0331fc-a6ad-49c6-b07b-7e2a4ec9a890:192.168.36.85:46730, 093f9392-15a1-447b-85fb-4daaec7caf94:192.168.36.85:46381] returns group-D53B9E930755:java.util.concurrent.CompletableFuture@4cd00f88[Not completed]
2019-08-22 09:17:02,239 [pool-163-thread-1] INFO  impl.RaftServerImpl (RaftServerImpl.java:<init>(93)) - 093f9392-15a1-447b-85fb-4daaec7caf94: new RaftServerImpl for group-D53B9E930755:[d22de7f6-7510-48e4-8f97-1191f0294a01:192.168.36.85:43465, 8e0331fc-a6ad-49c6-b07b-7e2a4ec9a890:192.168.36.85:46730, 093f9392-15a1-447b-85fb-4daaec7caf94:192.168.36.85:46381] with ContainerStateMachine:uninitialized
2019-08-22 09:17:02,240 [pool-163-thread-1] INFO  server.RaftServerConfigKeys (ConfUtils.java:logGet(43)) - raft.server.rpc.timeout.min = 1s (custom)
2019-08-22 09:17:02,240 [pool-163-thread-1] INFO  server.RaftServerConfigKeys (ConfUtils.java:logGet(43)) - raft.server.rpc.timeout.max = 1200ms (custom)
2019-08-22 09:17:02,240 [pool-163-thread-1] INFO  server.RaftServerConfigKeys (ConfUtils.java:logGet(43)) - raft.server.rpcslowness.timeout = 120s (custom)
2019-08-22 09:17:02,240 [pool-163-thread-1] INFO  server.RaftServerConfigKeys (ConfUtils.java:logGet(43)) - raft.server.sleep.deviation.threshold = 300 (default)
2019-08-22 09:17:02,240 [pool-185-thread-1] INFO  impl.RaftServerImpl (RaftServerImpl.java:<init>(93)) - 8e0331fc-a6ad-49c6-b07b-7e2a4ec9a890: new RaftServerImpl for group-D53B9E930755:[d22de7f6-7510-48e4-8f97-1191f0294a01:192.168.36.85:43465, 8e0331fc-a6ad-49c6-b07b-7e2a4ec9a890:192.168.36.85:46730, 093f9392-15a1-447b-85fb-4daaec7caf94:192.168.36.85:46381] with ContainerStateMachine:uninitialized
2019-08-22 09:17:02,240 [pool-163-thread-1] INFO  server.RaftServerConfigKeys (ConfUtils.java:logGet(43)) - raft.server.log.appender.install.snapshot.enabled = false (custom)
2019-08-22 09:17:02,240 [pool-185-thread-1] INFO  server.RaftServerConfigKeys (ConfUtils.java:logGet(43)) - raft.server.rpc.timeout.min = 1s (custom)
2019-08-22 09:17:02,240 [pool-163-thread-1] INFO  impl.RaftServerImpl (ServerState.java:<init>(105)) - 093f9392-15a1-447b-85fb-4daaec7caf94:group-D53B9E930755 ConfigurationManager, init=-1: [d22de7f6-7510-48e4-8f97-1191f0294a01:192.168.36.85:43465, 8e0331fc-a6ad-49c6-b07b-7e2a4ec9a890:192.168.36.85:46730, 093f9392-15a1-447b-85fb-4daaec7caf94:192.168.36.85:46381], old=null, confs=<EMPTY_MAP>
2019-08-22 09:17:02,240 [pool-185-thread-1] INFO  server.RaftServerConfigKeys (ConfUtils.java:logGet(43)) - raft.server.rpc.timeout.max = 1200ms (custom)
2019-08-22 09:17:02,240 [pool-174-thread-1] INFO  impl.RaftServerImpl (RaftServerImpl.java:<init>(93)) - d22de7f6-7510-48e4-8f97-1191f0294a01: new RaftServerImpl for group-D53B9E930755:[d22de7f6-7510-48e4-8f97-1191f0294a01:192.168.36.85:43465, 8e0331fc-a6ad-49c6-b07b-7e2a4ec9a890:192.168.36.85:46730, 093f9392-15a1-447b-85fb-4daaec7caf94:192.168.36.85:46381] with ContainerStateMachine:uninitialized
2019-08-22 09:17:02,240 [pool-163-thread-1] INFO  server.RaftServerConfigKeys (ConfUtils.java:logGet(43)) - raft.server.storage.dir = [/workdir/hadoop-ozone/integration-test/target/test-dir/MiniOzoneClusterImpl-b4094933-c81e-4e47-9f4e-b6682d02a4e3/datanode-0/data/ratis] (custom)
2019-08-22 09:17:02,240 [pool-185-thread-1] INFO  server.RaftServerConfigKeys (ConfUtils.java:logGet(43)) - raft.server.rpcslowness.timeout = 120s (custom)
2019-08-22 09:17:02,240 [pool-174-thread-1] INFO  server.RaftServerConfigKeys (ConfUtils.java:logGet(43)) - raft.server.rpc.timeout.min = 1s (custom)
2019-08-22 09:17:02,241 [pool-185-thread-1] INFO  server.RaftServerConfigKeys (ConfUtils.java:logGet(43)) - raft.server.sleep.deviation.threshold = 300 (default)
2019-08-22 09:17:02,241 [pool-163-thread-1] INFO  storage.RaftStorageDirectory (RaftStorageDirectory.java:analyzeStorage(246)) - The storage directory /workdir/hadoop-ozone/integration-test/target/test-dir/MiniOzoneClusterImpl-b4094933-c81e-4e47-9f4e-b6682d02a4e3/datanode-0/data/ratis/842c8521-cd23-4f59-9d81-d53b9e930755 does not exist. Creating ...
2019-08-22 09:17:02,241 [pool-174-thread-1] INFO  server.RaftServerConfigKeys (ConfUtils.java:logGet(43)) - raft.server.rpc.timeout.max = 1200ms (custom)
2019-08-22 09:17:02,241 [pool-185-thread-1] INFO  server.RaftServerConfigKeys (ConfUtils.java:logGet(43)) - raft.server.log.appender.install.snapshot.enabled = false (custom)
2019-08-22 09:17:02,241 [pool-174-thread-1] INFO  server.RaftServerConfigKeys (ConfUtils.java:logGet(43)) - raft.server.rpcslowness.timeout = 120s (custom)
2019-08-22 09:17:02,241 [pool-185-thread-1] INFO  impl.RaftServerImpl (ServerState.java:<init>(105)) - 8e0331fc-a6ad-49c6-b07b-7e2a4ec9a890:group-D53B9E930755 ConfigurationManager, init=-1: [d22de7f6-7510-48e4-8f97-1191f0294a01:192.168.36.85:43465, 8e0331fc-a6ad-49c6-b07b-7e2a4ec9a890:192.168.36.85:46730, 093f9392-15a1-447b-85fb-4daaec7caf94:192.168.36.85:46381], old=null, confs=<EMPTY_MAP>
2019-08-22 09:17:02,241 [pool-174-thread-1] INFO  server.RaftServerConfigKeys (ConfUtils.java:logGet(43)) - raft.server.sleep.deviation.threshold = 300 (default)
2019-08-22 09:17:02,241 [pool-174-thread-1] INFO  server.RaftServerConfigKeys (ConfUtils.java:logGet(43)) - raft.server.log.appender.install.snapshot.enabled = false (custom)
2019-08-22 09:17:02,241 [pool-185-thread-1] INFO  server.RaftServerConfigKeys (ConfUtils.java:logGet(43)) - raft.server.storage.dir = [/workdir/hadoop-ozone/integration-test/target/test-dir/MiniOzoneClusterImpl-b4094933-c81e-4e47-9f4e-b6682d02a4e3/datanode-2/data/ratis] (custom)
2019-08-22 09:17:02,241 [pool-174-thread-1] INFO  impl.RaftServerImpl (ServerState.java:<init>(105)) - d22de7f6-7510-48e4-8f97-1191f0294a01:group-D53B9E930755 ConfigurationManager, init=-1: [d22de7f6-7510-48e4-8f97-1191f0294a01:192.168.36.85:43465, 8e0331fc-a6ad-49c6-b07b-7e2a4ec9a890:192.168.36.85:46730, 093f9392-15a1-447b-85fb-4daaec7caf94:192.168.36.85:46381], old=null, confs=<EMPTY_MAP>
2019-08-22 09:17:02,242 [pool-174-thread-1] INFO  server.RaftServerConfigKeys (ConfUtils.java:logGet(43)) - raft.server.storage.dir = [/workdir/hadoop-ozone/integration-test/target/test-dir/MiniOzoneClusterImpl-b4094933-c81e-4e47-9f4e-b6682d02a4e3/datanode-1/data/ratis] (custom)
2019-08-22 09:17:02,242 [pool-185-thread-1] INFO  storage.RaftStorageDirectory (RaftStorageDirectory.java:analyzeStorage(246)) - The storage directory /workdir/hadoop-ozone/integration-test/target/test-dir/MiniOzoneClusterImpl-b4094933-c81e-4e47-9f4e-b6682d02a4e3/datanode-2/data/ratis/842c8521-cd23-4f59-9d81-d53b9e930755 does not exist. Creating ...
2019-08-22 09:17:02,242 [pool-174-thread-1] INFO  storage.RaftStorageDirectory (RaftStorageDirectory.java:analyzeStorage(246)) - The storage directory /workdir/hadoop-ozone/integration-test/target/test-dir/MiniOzoneClusterImpl-b4094933-c81e-4e47-9f4e-b6682d02a4e3/datanode-1/data/ratis/842c8521-cd23-4f59-9d81-d53b9e930755 does not exist. Creating ...
2019-08-22 09:17:02,272 [pool-163-thread-1] INFO  storage.RaftStorageDirectory (RaftStorageDirectory.java:tryLock(328)) - Lock on /workdir/hadoop-ozone/integration-test/target/test-dir/MiniOzoneClusterImpl-b4094933-c81e-4e47-9f4e-b6682d02a4e3/datanode-0/data/ratis/842c8521-cd23-4f59-9d81-d53b9e930755/in_use.lock acquired by nodename 18071@pr-hdds-1898-9jx57-4170240974
2019-08-22 09:17:02,272 [pool-174-thread-1] INFO  storage.RaftStorageDirectory (RaftStorageDirectory.java:tryLock(328)) - Lock on /workdir/hadoop-ozone/integration-test/target/test-dir/MiniOzoneClusterImpl-b4094933-c81e-4e47-9f4e-b6682d02a4e3/datanode-1/data/ratis/842c8521-cd23-4f59-9d81-d53b9e930755/in_use.lock acquired by nodename 18071@pr-hdds-1898-9jx57-4170240974
2019-08-22 09:17:02,272 [pool-185-thread-1] INFO  storage.RaftStorageDirectory (RaftStorageDirectory.java:tryLock(328)) - Lock on /workdir/hadoop-ozone/integration-test/target/test-dir/MiniOzoneClusterImpl-b4094933-c81e-4e47-9f4e-b6682d02a4e3/datanode-2/data/ratis/842c8521-cd23-4f59-9d81-d53b9e930755/in_use.lock acquired by nodename 18071@pr-hdds-1898-9jx57-4170240974
2019-08-22 09:17:02,289 [pool-185-thread-1] INFO  storage.RaftStorage (RaftStorage.java:format(72)) - Storage directory /workdir/hadoop-ozone/integration-test/target/test-dir/MiniOzoneClusterImpl-b4094933-c81e-4e47-9f4e-b6682d02a4e3/datanode-2/data/ratis/842c8521-cd23-4f59-9d81-d53b9e930755 has been successfully formatted.
2019-08-22 09:17:02,289 [pool-163-thread-1] INFO  storage.RaftStorage (RaftStorage.java:format(72)) - Storage directory /workdir/hadoop-ozone/integration-test/target/test-dir/MiniOzoneClusterImpl-b4094933-c81e-4e47-9f4e-b6682d02a4e3/datanode-0/data/ratis/842c8521-cd23-4f59-9d81-d53b9e930755 has been successfully formatted.
2019-08-22 09:17:02,289 [pool-185-thread-1] INFO  ratis.ContainerStateMachine (ContainerStateMachine.java:loadSnapshot(226)) - group-D53B9E930755: The snapshot info is null. Setting the last applied indexto:(t:0, i:~)
2019-08-22 09:17:02,289 [pool-174-thread-1] INFO  storage.RaftStorage (RaftStorage.java:format(72)) - Storage directory /workdir/hadoop-ozone/integration-test/target/test-dir/MiniOzoneClusterImpl-b4094933-c81e-4e47-9f4e-b6682d02a4e3/datanode-1/data/ratis/842c8521-cd23-4f59-9d81-d53b9e930755 has been successfully formatted.
2019-08-22 09:17:02,289 [pool-163-thread-1] INFO  ratis.ContainerStateMachine (ContainerStateMachine.java:loadSnapshot(226)) - group-D53B9E930755: The snapshot info is null. Setting the last applied indexto:(t:0, i:~)
2019-08-22 09:17:02,289 [pool-174-thread-1] INFO  ratis.ContainerStateMachine (ContainerStateMachine.java:loadSnapshot(226)) - group-D53B9E930755: The snapshot info is null. Setting the last applied indexto:(t:0, i:~)
2019-08-22 09:17:02,289 [pool-163-thread-1] INFO  server.RaftServerConfigKeys (ConfUtils.java:logGet(43)) - raft.server.leader.election.timeout = 120s (custom)
2019-08-22 09:17:02,289 [pool-185-thread-1] INFO  server.RaftServerConfigKeys (ConfUtils.java:logGet(43)) - raft.server.leader.election.timeout = 120s (custom)
2019-08-22 09:17:02,290 [pool-163-thread-1] INFO  server.RaftServerConfigKeys (ConfUtils.java:logGet(43)) - raft.server.log.use.memory = false (default)
2019-08-22 09:17:02,290 [pool-174-thread-1] INFO  server.RaftServerConfigKeys (ConfUtils.java:logGet(43)) - raft.server.leader.election.timeout = 120s (custom)
2019-08-22 09:17:02,290 [pool-163-thread-1] INFO  server.RaftServerConfigKeys (ConfUtils.java:logGet(43)) - raft.server.log.purge.gap = 1000000 (custom)
2019-08-22 09:17:02,290 [pool-185-thread-1] INFO  server.RaftServerConfigKeys (ConfUtils.java:logGet(43)) - raft.server.log.use.memory = false (default)
2019-08-22 09:17:02,290 [pool-163-thread-1] INFO  server.RaftServerConfigKeys (ConfUtils.java:logGet(43)) - raft.server.log.appender.buffer.byte-limit = 33554432 (custom)
2019-08-22 09:17:02,290 [pool-174-thread-1] INFO  server.RaftServerConfigKeys (ConfUtils.java:logGet(43)) - raft.server.log.use.memory = false (default)
2019-08-22 09:17:02,290 [pool-163-thread-1] INFO  server.RaftServerConfigKeys (ConfUtils.java:logGet(43)) - raft.server.log.segment.size.max = 1048576 (custom)
2019-08-22 09:17:02,290 [pool-185-thread-1] INFO  server.RaftServerConfigKeys (ConfUtils.java:logGet(43)) - raft.server.log.purge.gap = 1000000 (custom)
2019-08-22 09:17:02,290 [pool-163-thread-1] INFO  server.RaftServerConfigKeys (ConfUtils.java:logGet(43)) - raft.server.log.segment.cache.num.max = 2 (custom)
2019-08-22 09:17:02,290 [pool-174-thread-1] INFO  server.RaftServerConfigKeys (ConfUtils.java:logGet(43)) - raft.server.log.purge.gap = 1000000 (custom)
2019-08-22 09:17:02,291 [pool-163-thread-1] INFO  segmented.SegmentedRaftLogWorker (SegmentedRaftLogWorker.java:<init>(172)) - new 093f9392-15a1-447b-85fb-4daaec7caf94-SegmentedRaftLogWorker:Storage Directory /workdir/hadoop-ozone/integration-test/target/test-dir/MiniOzoneClusterImpl-b4094933-c81e-4e47-9f4e-b6682d02a4e3/datanode-0/data/ratis/842c8521-cd23-4f59-9d81-d53b9e930755 for RaftStorage:Storage Directory /workdir/hadoop-ozone/integration-test/target/test-dir/MiniOzoneClusterImpl-b4094933-c81e-4e47-9f4e-b6682d02a4e3/datanode-0/data/ratis/842c8521-cd23-4f59-9d81-d53b9e930755
2019-08-22 09:17:02,290 [pool-185-thread-1] INFO  server.RaftServerConfigKeys (ConfUtils.java:logGet(43)) - raft.server.log.appender.buffer.byte-limit = 33554432 (custom)
2019-08-22 09:17:02,291 [pool-163-thread-1] INFO  server.RaftServerConfigKeys (ConfUtils.java:logGet(43)) - raft.server.log.queue.byte-limit = 2147483647 (custom)
2019-08-22 09:17:02,291 [pool-174-thread-1] INFO  server.RaftServerConfigKeys (ConfUtils.java:logGet(43)) - raft.server.log.appender.buffer.byte-limit = 33554432 (custom)
2019-08-22 09:17:02,291 [pool-163-thread-1] INFO  server.RaftServerConfigKeys (ConfUtils.java:logGet(43)) - raft.server.log.queue.element-limit = 1024 (custom)
2019-08-22 09:17:02,291 [pool-185-thread-1] INFO  server.RaftServerConfigKeys (ConfUtils.java:logGet(43)) - raft.server.log.segment.size.max = 1048576 (custom)
2019-08-22 09:17:02,291 [pool-163-thread-1] INFO  server.RaftServerConfigKeys (ConfUtils.java:logGet(43)) - raft.server.log.segment.size.max = 1048576 (custom)
2019-08-22 09:17:02,291 [pool-174-thread-1] INFO  server.RaftServerConfigKeys (ConfUtils.java:logGet(43)) - raft.server.log.segment.size.max = 1048576 (custom)
2019-08-22 09:17:02,291 [pool-163-thread-1] INFO  server.RaftServerConfigKeys (ConfUtils.java:logGet(43)) - raft.server.log.preallocated.size = 16384 (custom)
2019-08-22 09:17:02,291 [pool-185-thread-1] INFO  server.RaftServerConfigKeys (ConfUtils.java:logGet(43)) - raft.server.log.segment.cache.num.max = 2 (custom)
2019-08-22 09:17:02,291 [pool-163-thread-1] INFO  server.RaftServerConfigKeys (ConfUtils.java:logGet(43)) - raft.server.log.write.buffer.size = 33554432 (custom)
2019-08-22 09:17:02,291 [pool-174-thread-1] INFO  server.RaftServerConfigKeys (ConfUtils.java:logGet(43)) - raft.server.log.segment.cache.num.max = 2 (custom)
2019-08-22 09:17:02,292 [pool-163-thread-1] INFO  server.RaftServerConfigKeys (ConfUtils.java:logGet(43)) - raft.server.log.force.sync.num = 128 (default)
2019-08-22 09:17:02,292 [pool-163-thread-1] INFO  server.RaftServerConfigKeys (ConfUtils.java:logGet(43)) - raft.server.log.statemachine.data.sync = true (default)
2019-08-22 09:17:02,292 [pool-185-thread-1] INFO  segmented.SegmentedRaftLogWorker (SegmentedRaftLogWorker.java:<init>(172)) - new 8e0331fc-a6ad-49c6-b07b-7e2a4ec9a890-SegmentedRaftLogWorker:Storage Directory /workdir/hadoop-ozone/integration-test/target/test-dir/MiniOzoneClusterImpl-b4094933-c81e-4e47-9f4e-b6682d02a4e3/datanode-2/data/ratis/842c8521-cd23-4f59-9d81-d53b9e930755 for RaftStorage:Storage Directory /workdir/hadoop-ozone/integration-test/target/test-dir/MiniOzoneClusterImpl-b4094933-c81e-4e47-9f4e-b6682d02a4e3/datanode-2/data/ratis/842c8521-cd23-4f59-9d81-d53b9e930755
2019-08-22 09:17:02,292 [pool-163-thread-1] INFO  server.RaftServerConfigKeys (ConfUtils.java:logGet(43)) - raft.server.log.statemachine.data.sync.timeout = 10s (default)
2019-08-22 09:17:02,292 [pool-163-thread-1] INFO  server.RaftServerConfigKeys (ConfUtils.java:logGet(43)) - raft.server.log.statemachine.data.sync.timeout.retry = -1 (default)
2019-08-22 09:17:02,292 [pool-174-thread-1] INFO  segmented.SegmentedRaftLogWorker (SegmentedRaftLogWorker.java:<init>(172)) - new d22de7f6-7510-48e4-8f97-1191f0294a01-SegmentedRaftLogWorker:Storage Directory /workdir/hadoop-ozone/integration-test/target/test-dir/MiniOzoneClusterImpl-b4094933-c81e-4e47-9f4e-b6682d02a4e3/datanode-1/data/ratis/842c8521-cd23-4f59-9d81-d53b9e930755 for RaftStorage:Storage Directory /workdir/hadoop-ozone/integration-test/target/test-dir/MiniOzoneClusterImpl-b4094933-c81e-4e47-9f4e-b6682d02a4e3/datanode-1/data/ratis/842c8521-cd23-4f59-9d81-d53b9e930755
2019-08-22 09:17:02,292 [pool-163-thread-1] INFO  server.RaftServerConfigKeys (ConfUtils.java:logGet(43)) - raft.server.log.statemachine.data.caching.enabled = true (custom)
2019-08-22 09:17:02,292 [pool-185-thread-1] INFO  server.RaftServerConfigKeys (ConfUtils.java:logGet(43)) - raft.server.log.queue.byte-limit = 2147483647 (custom)
2019-08-22 09:17:02,292 [pool-174-thread-1] INFO  server.RaftServerConfigKeys (ConfUtils.java:logGet(43)) - raft.server.log.queue.byte-limit = 2147483647 (custom)
2019-08-22 09:17:02,293 [pool-163-thread-1] INFO  segmented.SegmentedRaftLogWorker (SegmentedRaftLogWorker.java:lambda$new$0(132)) - 093f9392-15a1-447b-85fb-4daaec7caf94-SegmentedRaftLogWorker:Storage Directory /workdir/hadoop-ozone/integration-test/target/test-dir/MiniOzoneClusterImpl-b4094933-c81e-4e47-9f4e-b6682d02a4e3/datanode-0/data/ratis/842c8521-cd23-4f59-9d81-d53b9e930755: flushIndex: setUnconditionally 0 -> -1
2019-08-22 09:17:02,292 [pool-185-thread-1] INFO  server.RaftServerConfigKeys (ConfUtils.java:logGet(43)) - raft.server.log.queue.element-limit = 1024 (custom)
2019-08-22 09:17:02,293 [pool-174-thread-1] INFO  server.RaftServerConfigKeys (ConfUtils.java:logGet(43)) - raft.server.log.queue.element-limit = 1024 (custom)
2019-08-22 09:17:02,293 [pool-185-thread-1] INFO  server.RaftServerConfigKeys (ConfUtils.java:logGet(43)) - raft.server.log.segment.size.max = 1048576 (custom)
2019-08-22 09:17:02,293 [pool-163-thread-1] INFO  server.RaftServerConfigKeys (ConfUtils.java:logGet(43)) - raft.server.snapshot.auto.trigger.enabled = true (custom)
2019-08-22 09:17:02,293 [pool-185-thread-1] INFO  server.RaftServerConfigKeys (ConfUtils.java:logGet(43)) - raft.server.log.preallocated.size = 16384 (custom)
2019-08-22 09:17:02,293 [pool-174-thread-1] INFO  server.RaftServerConfigKeys (ConfUtils.java:logGet(43)) - raft.server.log.segment.size.max = 1048576 (custom)
2019-08-22 09:17:02,293 [pool-185-thread-1] INFO  server.RaftServerConfigKeys (ConfUtils.java:logGet(43)) - raft.server.log.write.buffer.size = 33554432 (custom)
2019-08-22 09:17:02,293 [pool-163-thread-1] INFO  server.RaftServerConfigKeys (ConfUtils.java:logGet(43)) - raft.server.snapshot.auto.trigger.threshold = 10000 (custom)
2019-08-22 09:17:02,293 [pool-185-thread-1] INFO  server.RaftServerConfigKeys (ConfUtils.java:logGet(43)) - raft.server.log.force.sync.num = 128 (default)
2019-08-22 09:17:02,293 [pool-174-thread-1] INFO  server.RaftServerConfigKeys (ConfUtils.java:logGet(43)) - raft.server.log.preallocated.size = 16384 (custom)
2019-08-22 09:17:02,294 [pool-185-thread-1] INFO  server.RaftServerConfigKeys (ConfUtils.java:logGet(43)) - raft.server.log.statemachine.data.sync = true (default)
2019-08-22 09:17:02,293 [pool-163-thread-1] INFO  server.RaftServerConfigKeys (ConfUtils.java:logGet(43)) - raft.server.retrycache.expirytime = 600000ms (custom)
2019-08-22 09:17:02,294 [pool-185-thread-1] INFO  server.RaftServerConfigKeys (ConfUtils.java:logGet(43)) - raft.server.log.statemachine.data.sync.timeout = 10s (default)
2019-08-22 09:17:02,294 [pool-174-thread-1] INFO  server.RaftServerConfigKeys (ConfUtils.java:logGet(43)) - raft.server.log.write.buffer.size = 33554432 (custom)
2019-08-22 09:17:02,294 [pool-185-thread-1] INFO  server.RaftServerConfigKeys (ConfUtils.java:logGet(43)) - raft.server.log.statemachine.data.sync.timeout.retry = -1 (default)
2019-08-22 09:17:02,294 [pool-163-thread-1] INFO  impl.RaftServerImpl (RaftServerImpl.java:start(180)) - 093f9392-15a1-447b-85fb-4daaec7caf94: start group-D53B9E930755
2019-08-22 09:17:02,294 [pool-185-thread-1] INFO  server.RaftServerConfigKeys (ConfUtils.java:logGet(43)) - raft.server.log.statemachine.data.caching.enabled = true (custom)
2019-08-22 09:17:02,294 [pool-174-thread-1] INFO  server.RaftServerConfigKeys (ConfUtils.java:logGet(43)) - raft.server.log.force.sync.num = 128 (default)
2019-08-22 09:17:02,294 [pool-163-thread-1] INFO  impl.RaftServerImpl (RaftServerImpl.java:setRole(171)) - 093f9392-15a1-447b-85fb-4daaec7caf94:group-D53B9E930755 changes role from null to FOLLOWER at term 0 for startAsFollower
2019-08-22 09:17:02,294 [pool-185-thread-1] INFO  segmented.SegmentedRaftLogWorker (SegmentedRaftLogWorker.java:lambda$new$0(132)) - 8e0331fc-a6ad-49c6-b07b-7e2a4ec9a890-SegmentedRaftLogWorker:Storage Directory /workdir/hadoop-ozone/integration-test/target/test-dir/MiniOzoneClusterImpl-b4094933-c81e-4e47-9f4e-b6682d02a4e3/datanode-2/data/ratis/842c8521-cd23-4f59-9d81-d53b9e930755: flushIndex: setUnconditionally 0 -> -1
2019-08-22 09:17:02,294 [pool-174-thread-1] INFO  server.RaftServerConfigKeys (ConfUtils.java:logGet(43)) - raft.server.log.statemachine.data.sync = true (default)
2019-08-22 09:17:02,294 [pool-163-thread-1] INFO  impl.RoleInfo (RoleInfo.java:updateAndGet(143)) - 093f9392-15a1-447b-85fb-4daaec7caf94: start FollowerState
2019-08-22 09:17:02,295 [pool-185-thread-1] INFO  server.RaftServerConfigKeys (ConfUtils.java:logGet(43)) - raft.server.snapshot.auto.trigger.enabled = true (custom)
2019-08-22 09:17:02,295 [pool-174-thread-1] INFO  server.RaftServerConfigKeys (ConfUtils.java:logGet(43)) - raft.server.log.statemachine.data.sync.timeout = 10s (default)
2019-08-22 09:17:02,295 [pool-185-thread-1] INFO  server.RaftServerConfigKeys (ConfUtils.java:logGet(43)) - raft.server.snapshot.auto.trigger.threshold = 10000 (custom)
2019-08-22 09:17:02,295 [pool-174-thread-1] INFO  server.RaftServerConfigKeys (ConfUtils.java:logGet(43)) - raft.server.log.statemachine.data.sync.timeout.retry = -1 (default)
2019-08-22 09:17:02,295 [pool-163-thread-1] INFO  util.JmxRegister (JmxRegister.java:tryRegister(44)) - Successfully registered JMX Bean with object name Ratis:service=RaftServer,group=group-D53B9E930755,id=093f9392-15a1-447b-85fb-4daaec7caf94
2019-08-22 09:17:02,295 [pool-185-thread-1] INFO  server.RaftServerConfigKeys (ConfUtils.java:logGet(43)) - raft.server.retrycache.expirytime = 600000ms (custom)
2019-08-22 09:17:02,295 [pool-174-thread-1] INFO  server.RaftServerConfigKeys (ConfUtils.java:logGet(43)) - raft.server.log.statemachine.data.caching.enabled = true (custom)
2019-08-22 09:17:02,295 [pool-185-thread-1] INFO  impl.RaftServerImpl (RaftServerImpl.java:start(180)) - 8e0331fc-a6ad-49c6-b07b-7e2a4ec9a890: start group-D53B9E930755
2019-08-22 09:17:02,295 [pool-185-thread-1] INFO  impl.RaftServerImpl (RaftServerImpl.java:setRole(171)) - 8e0331fc-a6ad-49c6-b07b-7e2a4ec9a890:group-D53B9E930755 changes role from null to FOLLOWER at term 0 for startAsFollower
2019-08-22 09:17:02,295 [pool-174-thread-1] INFO  segmented.SegmentedRaftLogWorker (SegmentedRaftLogWorker.java:lambda$new$0(132)) - d22de7f6-7510-48e4-8f97-1191f0294a01-SegmentedRaftLogWorker:Storage Directory /workdir/hadoop-ozone/integration-test/target/test-dir/MiniOzoneClusterImpl-b4094933-c81e-4e47-9f4e-b6682d02a4e3/datanode-1/data/ratis/842c8521-cd23-4f59-9d81-d53b9e930755: flushIndex: setUnconditionally 0 -> -1
2019-08-22 09:17:02,295 [pool-185-thread-1] INFO  impl.RoleInfo (RoleInfo.java:updateAndGet(143)) - 8e0331fc-a6ad-49c6-b07b-7e2a4ec9a890: start FollowerState
2019-08-22 09:17:02,296 [pool-174-thread-1] INFO  server.RaftServerConfigKeys (ConfUtils.java:logGet(43)) - raft.server.snapshot.auto.trigger.enabled = true (custom)
2019-08-22 09:17:02,296 [pool-174-thread-1] INFO  server.RaftServerConfigKeys (ConfUtils.java:logGet(43)) - raft.server.snapshot.auto.trigger.threshold = 10000 (custom)
2019-08-22 09:17:02,296 [pool-185-thread-1] INFO  util.JmxRegister (JmxRegister.java:tryRegister(44)) - Successfully registered JMX Bean with object name Ratis:service=RaftServer,group=group-D53B9E930755,id=8e0331fc-a6ad-49c6-b07b-7e2a4ec9a890
2019-08-22 09:17:02,296 [pool-174-thread-1] INFO  server.RaftServerConfigKeys (ConfUtils.java:logGet(43)) - raft.server.retrycache.expirytime = 600000ms (custom)
2019-08-22 09:17:02,296 [pool-174-thread-1] INFO  impl.RaftServerImpl (RaftServerImpl.java:start(180)) - d22de7f6-7510-48e4-8f97-1191f0294a01: start group-D53B9E930755
2019-08-22 09:17:02,296 [pool-174-thread-1] INFO  impl.RaftServerImpl (RaftServerImpl.java:setRole(171)) - d22de7f6-7510-48e4-8f97-1191f0294a01:group-D53B9E930755 changes role from null to FOLLOWER at term 0 for startAsFollower
2019-08-22 09:17:02,296 [pool-174-thread-1] INFO  impl.RoleInfo (RoleInfo.java:updateAndGet(143)) - d22de7f6-7510-48e4-8f97-1191f0294a01: start FollowerState
2019-08-22 09:17:02,297 [pool-174-thread-1] INFO  util.JmxRegister (JmxRegister.java:tryRegister(44)) - Successfully registered JMX Bean with object name Ratis:service=RaftServer,group=group-D53B9E930755,id=d22de7f6-7510-48e4-8f97-1191f0294a01
2019-08-22 09:17:02,298 [RatisPipelineUtilsThread] INFO  pipeline.PipelineStateManager (PipelineStateManager.java:addPipeline(56)) - Created pipeline Pipeline[ Id: 842c8521-cd23-4f59-9d81-d53b9e930755, Nodes: d22de7f6-7510-48e4-8f97-1191f0294a01{ip: 192.168.36.85, host: pr-hdds-1898-9jx57-4170240974, networkLocation: /default-rack, certSerialId: null}8e0331fc-a6ad-49c6-b07b-7e2a4ec9a890{ip: 192.168.36.85, host: pr-hdds-1898-9jx57-4170240974, networkLocation: /default-rack, certSerialId: null}093f9392-15a1-447b-85fb-4daaec7caf94{ip: 192.168.36.85, host: pr-hdds-1898-9jx57-4170240974, networkLocation: /default-rack, certSerialId: null}, Type:RATIS, Factor:THREE, State:OPEN]
2019-08-22 09:17:02,353 [IPC Server handler 1 on 39733] INFO  net.NetworkTopology (NetworkTopologyImpl.java:add(110)) - Added a new node: /default-rack/efb90bff-72c5-4ce9-affc-3f37be090605
2019-08-22 09:17:02,354 [IPC Server handler 1 on 39733] INFO  node.SCMNodeManager (SCMNodeManager.java:register(273)) - Registered Data node : efb90bff-72c5-4ce9-affc-3f37be090605{ip: 192.168.36.85, host: pr-hdds-1898-9jx57-4170240974, networkLocation: /default-rack, certSerialId: null}
2019-08-22 09:17:02,354 | INFO  | SCMAudit | user=jenkins1000 | ip=192.168.36.85 | op=REGISTER {datanodeDetails=efb90bff-72c5-4ce9-affc-3f37be090605{ip: 192.168.36.85, host: pr-hdds-1898-9jx57-4170240974, networkLocation: /default-rack, certSerialId: null}} | ret=SUCCESS |  
2019-08-22 09:17:02,361 [grpc-default-executor-1] INFO  impl.RaftServerProxy (RaftServerProxy.java:addNew(89)) - efb90bff-72c5-4ce9-affc-3f37be090605: addNew group-2EE541EC6892:[efb90bff-72c5-4ce9-affc-3f37be090605:192.168.36.85:35511] returns group-2EE541EC6892:java.util.concurrent.CompletableFuture@60e5c540[Not completed]
2019-08-22 09:17:02,364 [pool-196-thread-1] INFO  impl.RaftServerImpl (RaftServerImpl.java:<init>(93)) - efb90bff-72c5-4ce9-affc-3f37be090605: new RaftServerImpl for group-2EE541EC6892:[efb90bff-72c5-4ce9-affc-3f37be090605:192.168.36.85:35511] with ContainerStateMachine:uninitialized
2019-08-22 09:17:02,364 [pool-196-thread-1] INFO  server.RaftServerConfigKeys (ConfUtils.java:logGet(43)) - raft.server.rpc.timeout.min = 1s (custom)
2019-08-22 09:17:02,364 [pool-196-thread-1] INFO  server.RaftServerConfigKeys (ConfUtils.java:logGet(43)) - raft.server.rpc.timeout.max = 1200ms (custom)
2019-08-22 09:17:02,364 [pool-196-thread-1] INFO  server.RaftServerConfigKeys (ConfUtils.java:logGet(43)) - raft.server.rpcslowness.timeout = 120s (custom)
2019-08-22 09:17:02,365 [pool-196-thread-1] INFO  server.RaftServerConfigKeys (ConfUtils.java:logGet(43)) - raft.server.sleep.deviation.threshold = 300 (default)
2019-08-22 09:17:02,365 [pool-196-thread-1] INFO  server.RaftServerConfigKeys (ConfUtils.java:logGet(43)) - raft.server.log.appender.install.snapshot.enabled = false (custom)
2019-08-22 09:17:02,365 [pool-196-thread-1] INFO  impl.RaftServerImpl (ServerState.java:<init>(105)) - efb90bff-72c5-4ce9-affc-3f37be090605:group-2EE541EC6892 ConfigurationManager, init=-1: [efb90bff-72c5-4ce9-affc-3f37be090605:192.168.36.85:35511], old=null, confs=<EMPTY_MAP>
2019-08-22 09:17:02,365 [pool-196-thread-1] INFO  server.RaftServerConfigKeys (ConfUtils.java:logGet(43)) - raft.server.storage.dir = [/workdir/hadoop-ozone/integration-test/target/test-dir/MiniOzoneClusterImpl-b4094933-c81e-4e47-9f4e-b6682d02a4e3/datanode-3/data/ratis] (custom)
2019-08-22 09:17:02,366 [pool-196-thread-1] INFO  storage.RaftStorageDirectory (RaftStorageDirectory.java:analyzeStorage(246)) - The storage directory /workdir/hadoop-ozone/integration-test/target/test-dir/MiniOzoneClusterImpl-b4094933-c81e-4e47-9f4e-b6682d02a4e3/datanode-3/data/ratis/142b0a14-7f79-4db5-9028-2ee541ec6892 does not exist. Creating ...
2019-08-22 09:17:02,381 [pool-196-thread-1] INFO  storage.RaftStorageDirectory (RaftStorageDirectory.java:tryLock(328)) - Lock on /workdir/hadoop-ozone/integration-test/target/test-dir/MiniOzoneClusterImpl-b4094933-c81e-4e47-9f4e-b6682d02a4e3/datanode-3/data/ratis/142b0a14-7f79-4db5-9028-2ee541ec6892/in_use.lock acquired by nodename 18071@pr-hdds-1898-9jx57-4170240974
2019-08-22 09:17:02,398 [pool-196-thread-1] INFO  storage.RaftStorage (RaftStorage.java:format(72)) - Storage directory /workdir/hadoop-ozone/integration-test/target/test-dir/MiniOzoneClusterImpl-b4094933-c81e-4e47-9f4e-b6682d02a4e3/datanode-3/data/ratis/142b0a14-7f79-4db5-9028-2ee541ec6892 has been successfully formatted.
2019-08-22 09:17:02,398 [pool-196-thread-1] INFO  ratis.ContainerStateMachine (ContainerStateMachine.java:loadSnapshot(226)) - group-2EE541EC6892: The snapshot info is null. Setting the last applied indexto:(t:0, i:~)
2019-08-22 09:17:02,399 [pool-196-thread-1] INFO  server.RaftServerConfigKeys (ConfUtils.java:logGet(43)) - raft.server.leader.election.timeout = 120s (custom)
2019-08-22 09:17:02,399 [pool-196-thread-1] INFO  server.RaftServerConfigKeys (ConfUtils.java:logGet(43)) - raft.server.log.use.memory = false (default)
2019-08-22 09:17:02,399 [pool-196-thread-1] INFO  server.RaftServerConfigKeys (ConfUtils.java:logGet(43)) - raft.server.log.purge.gap = 1000000 (custom)
2019-08-22 09:17:02,399 [pool-196-thread-1] INFO  server.RaftServerConfigKeys (ConfUtils.java:logGet(43)) - raft.server.log.appender.buffer.byte-limit = 33554432 (custom)
2019-08-22 09:17:02,399 [pool-196-thread-1] INFO  server.RaftServerConfigKeys (ConfUtils.java:logGet(43)) - raft.server.log.segment.size.max = 1048576 (custom)
2019-08-22 09:17:02,400 [pool-196-thread-1] INFO  server.RaftServerConfigKeys (ConfUtils.java:logGet(43)) - raft.server.log.segment.cache.num.max = 2 (custom)
2019-08-22 09:17:02,400 [pool-196-thread-1] INFO  segmented.SegmentedRaftLogWorker (SegmentedRaftLogWorker.java:<init>(172)) - new efb90bff-72c5-4ce9-affc-3f37be090605-SegmentedRaftLogWorker:Storage Directory /workdir/hadoop-ozone/integration-test/target/test-dir/MiniOzoneClusterImpl-b4094933-c81e-4e47-9f4e-b6682d02a4e3/datanode-3/data/ratis/142b0a14-7f79-4db5-9028-2ee541ec6892 for RaftStorage:Storage Directory /workdir/hadoop-ozone/integration-test/target/test-dir/MiniOzoneClusterImpl-b4094933-c81e-4e47-9f4e-b6682d02a4e3/datanode-3/data/ratis/142b0a14-7f79-4db5-9028-2ee541ec6892
2019-08-22 09:17:02,400 [pool-196-thread-1] INFO  server.RaftServerConfigKeys (ConfUtils.java:logGet(43)) - raft.server.log.queue.byte-limit = 2147483647 (custom)
2019-08-22 09:17:02,400 [pool-196-thread-1] INFO  server.RaftServerConfigKeys (ConfUtils.java:logGet(43)) - raft.server.log.queue.element-limit = 1024 (custom)
2019-08-22 09:17:02,401 [pool-196-thread-1] INFO  server.RaftServerConfigKeys (ConfUtils.java:logGet(43)) - raft.server.log.segment.size.max = 1048576 (custom)
2019-08-22 09:17:02,401 [pool-196-thread-1] INFO  server.RaftServerConfigKeys (ConfUtils.java:logGet(43)) - raft.server.log.preallocated.size = 16384 (custom)
2019-08-22 09:17:02,401 [pool-196-thread-1] INFO  server.RaftServerConfigKeys (ConfUtils.java:logGet(43)) - raft.server.log.write.buffer.size = 33554432 (custom)
2019-08-22 09:17:02,401 [pool-196-thread-1] INFO  server.RaftServerConfigKeys (ConfUtils.java:logGet(43)) - raft.server.log.force.sync.num = 128 (default)
2019-08-22 09:17:02,401 [pool-196-thread-1] INFO  server.RaftServerConfigKeys (ConfUtils.java:logGet(43)) - raft.server.log.statemachine.data.sync = true (default)
2019-08-22 09:17:02,401 [pool-196-thread-1] INFO  server.RaftServerConfigKeys (ConfUtils.java:logGet(43)) - raft.server.log.statemachine.data.sync.timeout = 10s (default)
2019-08-22 09:17:02,402 [pool-196-thread-1] INFO  server.RaftServerConfigKeys (ConfUtils.java:logGet(43)) - raft.server.log.statemachine.data.sync.timeout.retry = -1 (default)
2019-08-22 09:17:02,402 [pool-196-thread-1] INFO  server.RaftServerConfigKeys (ConfUtils.java:logGet(43)) - raft.server.log.statemachine.data.caching.enabled = true (custom)
2019-08-22 09:17:02,402 [pool-196-thread-1] INFO  segmented.SegmentedRaftLogWorker (SegmentedRaftLogWorker.java:lambda$new$0(132)) - efb90bff-72c5-4ce9-affc-3f37be090605-SegmentedRaftLogWorker:Storage Directory /workdir/hadoop-ozone/integration-test/target/test-dir/MiniOzoneClusterImpl-b4094933-c81e-4e47-9f4e-b6682d02a4e3/datanode-3/data/ratis/142b0a14-7f79-4db5-9028-2ee541ec6892: flushIndex: setUnconditionally 0 -> -1
2019-08-22 09:17:02,403 [pool-196-thread-1] INFO  server.RaftServerConfigKeys (ConfUtils.java:logGet(43)) - raft.server.snapshot.auto.trigger.enabled = true (custom)
2019-08-22 09:17:02,403 [pool-196-thread-1] INFO  server.RaftServerConfigKeys (ConfUtils.java:logGet(43)) - raft.server.snapshot.auto.trigger.threshold = 10000 (custom)
2019-08-22 09:17:02,403 [pool-196-thread-1] INFO  server.RaftServerConfigKeys (ConfUtils.java:logGet(43)) - raft.server.retrycache.expirytime = 600000ms (custom)
2019-08-22 09:17:02,403 [pool-196-thread-1] INFO  impl.RaftServerImpl (RaftServerImpl.java:start(180)) - efb90bff-72c5-4ce9-affc-3f37be090605: start group-2EE541EC6892
2019-08-22 09:17:02,403 [pool-196-thread-1] INFO  impl.RaftServerImpl (RaftServerImpl.java:setRole(171)) - efb90bff-72c5-4ce9-affc-3f37be090605:group-2EE541EC6892 changes role from null to FOLLOWER at term 0 for startAsFollower
2019-08-22 09:17:02,404 [pool-196-thread-1] INFO  impl.RoleInfo (RoleInfo.java:updateAndGet(143)) - efb90bff-72c5-4ce9-affc-3f37be090605: start FollowerState
2019-08-22 09:17:02,404 [pool-196-thread-1] INFO  util.JmxRegister (JmxRegister.java:tryRegister(44)) - Successfully registered JMX Bean with object name Ratis:service=RaftServer,group=group-2EE541EC6892,id=efb90bff-72c5-4ce9-affc-3f37be090605
2019-08-22 09:17:02,407 [RatisPipelineUtilsThread] INFO  pipeline.PipelineStateManager (PipelineStateManager.java:addPipeline(56)) - Created pipeline Pipeline[ Id: 142b0a14-7f79-4db5-9028-2ee541ec6892, Nodes: efb90bff-72c5-4ce9-affc-3f37be090605{ip: 192.168.36.85, host: pr-hdds-1898-9jx57-4170240974, networkLocation: /default-rack, certSerialId: null}, Type:RATIS, Factor:ONE, State:OPEN]
2019-08-22 09:17:02,558 [IPC Server handler 3 on 39733] INFO  net.NetworkTopology (NetworkTopologyImpl.java:add(110)) - Added a new node: /default-rack/4d51b372-1aca-44dd-a481-2d5d38da6b73
2019-08-22 09:17:02,558 [IPC Server handler 3 on 39733] INFO  node.SCMNodeManager (SCMNodeManager.java:register(273)) - Registered Data node : 4d51b372-1aca-44dd-a481-2d5d38da6b73{ip: 192.168.36.85, host: pr-hdds-1898-9jx57-4170240974, networkLocation: /default-rack, certSerialId: null}
2019-08-22 09:17:02,558 | INFO  | SCMAudit | user=jenkins1000 | ip=192.168.36.85 | op=REGISTER {datanodeDetails=4d51b372-1aca-44dd-a481-2d5d38da6b73{ip: 192.168.36.85, host: pr-hdds-1898-9jx57-4170240974, networkLocation: /default-rack, certSerialId: null}} | ret=SUCCESS |  
2019-08-22 09:17:02,566 [grpc-default-executor-1] INFO  impl.RaftServerProxy (RaftServerProxy.java:addNew(89)) - 4d51b372-1aca-44dd-a481-2d5d38da6b73: addNew group-E25F9BD743B7:[4d51b372-1aca-44dd-a481-2d5d38da6b73:192.168.36.85:36387] returns group-E25F9BD743B7:java.util.concurrent.CompletableFuture@711b44[Not completed]
2019-08-22 09:17:02,568 [pool-207-thread-1] INFO  impl.RaftServerImpl (RaftServerImpl.java:<init>(93)) - 4d51b372-1aca-44dd-a481-2d5d38da6b73: new RaftServerImpl for group-E25F9BD743B7:[4d51b372-1aca-44dd-a481-2d5d38da6b73:192.168.36.85:36387] with ContainerStateMachine:uninitialized
2019-08-22 09:17:02,568 [pool-207-thread-1] INFO  server.RaftServerConfigKeys (ConfUtils.java:logGet(43)) - raft.server.rpc.timeout.min = 1s (custom)
2019-08-22 09:17:02,568 [pool-207-thread-1] INFO  server.RaftServerConfigKeys (ConfUtils.java:logGet(43)) - raft.server.rpc.timeout.max = 1200ms (custom)
2019-08-22 09:17:02,568 [pool-207-thread-1] INFO  server.RaftServerConfigKeys (ConfUtils.java:logGet(43)) - raft.server.rpcslowness.timeout = 120s (custom)
2019-08-22 09:17:02,568 [pool-207-thread-1] INFO  server.RaftServerConfigKeys (ConfUtils.java:logGet(43)) - raft.server.sleep.deviation.threshold = 300 (default)
2019-08-22 09:17:02,568 [pool-207-thread-1] INFO  server.RaftServerConfigKeys (ConfUtils.java:logGet(43)) - raft.server.log.appender.install.snapshot.enabled = false (custom)
2019-08-22 09:17:02,569 [pool-207-thread-1] INFO  impl.RaftServerImpl (ServerState.java:<init>(105)) - 4d51b372-1aca-44dd-a481-2d5d38da6b73:group-E25F9BD743B7 ConfigurationManager, init=-1: [4d51b372-1aca-44dd-a481-2d5d38da6b73:192.168.36.85:36387], old=null, confs=<EMPTY_MAP>
2019-08-22 09:17:02,569 [pool-207-thread-1] INFO  server.RaftServerConfigKeys (ConfUtils.java:logGet(43)) - raft.server.storage.dir = [/workdir/hadoop-ozone/integration-test/target/test-dir/MiniOzoneClusterImpl-b4094933-c81e-4e47-9f4e-b6682d02a4e3/datanode-4/data/ratis] (custom)
2019-08-22 09:17:02,569 [pool-207-thread-1] INFO  storage.RaftStorageDirectory (RaftStorageDirectory.java:analyzeStorage(246)) - The storage directory /workdir/hadoop-ozone/integration-test/target/test-dir/MiniOzoneClusterImpl-b4094933-c81e-4e47-9f4e-b6682d02a4e3/datanode-4/data/ratis/bff50e1e-c5b2-43cd-8339-e25f9bd743b7 does not exist. Creating ...
2019-08-22 09:17:02,598 [pool-207-thread-1] INFO  storage.RaftStorageDirectory (RaftStorageDirectory.java:tryLock(328)) - Lock on /workdir/hadoop-ozone/integration-test/target/test-dir/MiniOzoneClusterImpl-b4094933-c81e-4e47-9f4e-b6682d02a4e3/datanode-4/data/ratis/bff50e1e-c5b2-43cd-8339-e25f9bd743b7/in_use.lock acquired by nodename 18071@pr-hdds-1898-9jx57-4170240974
2019-08-22 09:17:02,615 [pool-207-thread-1] INFO  storage.RaftStorage (RaftStorage.java:format(72)) - Storage directory /workdir/hadoop-ozone/integration-test/target/test-dir/MiniOzoneClusterImpl-b4094933-c81e-4e47-9f4e-b6682d02a4e3/datanode-4/data/ratis/bff50e1e-c5b2-43cd-8339-e25f9bd743b7 has been successfully formatted.
2019-08-22 09:17:02,616 [pool-207-thread-1] INFO  ratis.ContainerStateMachine (ContainerStateMachine.java:loadSnapshot(226)) - group-E25F9BD743B7: The snapshot info is null. Setting the last applied indexto:(t:0, i:~)
2019-08-22 09:17:02,616 [pool-207-thread-1] INFO  server.RaftServerConfigKeys (ConfUtils.java:logGet(43)) - raft.server.leader.election.timeout = 120s (custom)
2019-08-22 09:17:02,616 [pool-207-thread-1] INFO  server.RaftServerConfigKeys (ConfUtils.java:logGet(43)) - raft.server.log.use.memory = false (default)
2019-08-22 09:17:02,616 [pool-207-thread-1] INFO  server.RaftServerConfigKeys (ConfUtils.java:logGet(43)) - raft.server.log.purge.gap = 1000000 (custom)
2019-08-22 09:17:02,616 [pool-207-thread-1] INFO  server.RaftServerConfigKeys (ConfUtils.java:logGet(43)) - raft.server.log.appender.buffer.byte-limit = 33554432 (custom)
2019-08-22 09:17:02,617 [pool-207-thread-1] INFO  server.RaftServerConfigKeys (ConfUtils.java:logGet(43)) - raft.server.log.segment.size.max = 1048576 (custom)
2019-08-22 09:17:02,617 [pool-207-thread-1] INFO  server.RaftServerConfigKeys (ConfUtils.java:logGet(43)) - raft.server.log.segment.cache.num.max = 2 (custom)
2019-08-22 09:17:02,617 [pool-207-thread-1] INFO  segmented.SegmentedRaftLogWorker (SegmentedRaftLogWorker.java:<init>(172)) - new 4d51b372-1aca-44dd-a481-2d5d38da6b73-SegmentedRaftLogWorker:Storage Directory /workdir/hadoop-ozone/integration-test/target/test-dir/MiniOzoneClusterImpl-b4094933-c81e-4e47-9f4e-b6682d02a4e3/datanode-4/data/ratis/bff50e1e-c5b2-43cd-8339-e25f9bd743b7 for RaftStorage:Storage Directory /workdir/hadoop-ozone/integration-test/target/test-dir/MiniOzoneClusterImpl-b4094933-c81e-4e47-9f4e-b6682d02a4e3/datanode-4/data/ratis/bff50e1e-c5b2-43cd-8339-e25f9bd743b7
2019-08-22 09:17:02,617 [pool-207-thread-1] INFO  server.RaftServerConfigKeys (ConfUtils.java:logGet(43)) - raft.server.log.queue.byte-limit = 2147483647 (custom)
2019-08-22 09:17:02,617 [pool-207-thread-1] INFO  server.RaftServerConfigKeys (ConfUtils.java:logGet(43)) - raft.server.log.queue.element-limit = 1024 (custom)
2019-08-22 09:17:02,618 [pool-207-thread-1] INFO  server.RaftServerConfigKeys (ConfUtils.java:logGet(43)) - raft.server.log.segment.size.max = 1048576 (custom)
2019-08-22 09:17:02,618 [pool-207-thread-1] INFO  server.RaftServerConfigKeys (ConfUtils.java:logGet(43)) - raft.server.log.preallocated.size = 16384 (custom)
2019-08-22 09:17:02,618 [pool-207-thread-1] INFO  server.RaftServerConfigKeys (ConfUtils.java:logGet(43)) - raft.server.log.write.buffer.size = 33554432 (custom)
2019-08-22 09:17:02,618 [pool-207-thread-1] INFO  server.RaftServerConfigKeys (ConfUtils.java:logGet(43)) - raft.server.log.force.sync.num = 128 (default)
2019-08-22 09:17:02,618 [pool-207-thread-1] INFO  server.RaftServerConfigKeys (ConfUtils.java:logGet(43)) - raft.server.log.statemachine.data.sync = true (default)
2019-08-22 09:17:02,618 [pool-207-thread-1] INFO  server.RaftServerConfigKeys (ConfUtils.java:logGet(43)) - raft.server.log.statemachine.data.sync.timeout = 10s (default)
2019-08-22 09:17:02,618 [pool-207-thread-1] INFO  server.RaftServerConfigKeys (ConfUtils.java:logGet(43)) - raft.server.log.statemachine.data.sync.timeout.retry = -1 (default)
2019-08-22 09:17:02,619 [pool-207-thread-1] INFO  server.RaftServerConfigKeys (ConfUtils.java:logGet(43)) - raft.server.log.statemachine.data.caching.enabled = true (custom)
2019-08-22 09:17:02,619 [pool-207-thread-1] INFO  segmented.SegmentedRaftLogWorker (SegmentedRaftLogWorker.java:lambda$new$0(132)) - 4d51b372-1aca-44dd-a481-2d5d38da6b73-SegmentedRaftLogWorker:Storage Directory /workdir/hadoop-ozone/integration-test/target/test-dir/MiniOzoneClusterImpl-b4094933-c81e-4e47-9f4e-b6682d02a4e3/datanode-4/data/ratis/bff50e1e-c5b2-43cd-8339-e25f9bd743b7: flushIndex: setUnconditionally 0 -> -1
2019-08-22 09:17:02,619 [pool-207-thread-1] INFO  server.RaftServerConfigKeys (ConfUtils.java:logGet(43)) - raft.server.snapshot.auto.trigger.enabled = true (custom)
2019-08-22 09:17:02,620 [pool-207-thread-1] INFO  server.RaftServerConfigKeys (ConfUtils.java:logGet(43)) - raft.server.snapshot.auto.trigger.threshold = 10000 (custom)
2019-08-22 09:17:02,620 [pool-207-thread-1] INFO  server.RaftServerConfigKeys (ConfUtils.java:logGet(43)) - raft.server.retrycache.expirytime = 600000ms (custom)
2019-08-22 09:17:02,620 [pool-207-thread-1] INFO  impl.RaftServerImpl (RaftServerImpl.java:start(180)) - 4d51b372-1aca-44dd-a481-2d5d38da6b73: start group-E25F9BD743B7
2019-08-22 09:17:02,620 [pool-207-thread-1] INFO  impl.RaftServerImpl (RaftServerImpl.java:setRole(171)) - 4d51b372-1aca-44dd-a481-2d5d38da6b73:group-E25F9BD743B7 changes role from null to FOLLOWER at term 0 for startAsFollower
2019-08-22 09:17:02,620 [pool-207-thread-1] INFO  impl.RoleInfo (RoleInfo.java:updateAndGet(143)) - 4d51b372-1aca-44dd-a481-2d5d38da6b73: start FollowerState
2019-08-22 09:17:02,621 [pool-207-thread-1] INFO  util.JmxRegister (JmxRegister.java:tryRegister(44)) - Successfully registered JMX Bean with object name Ratis:service=RaftServer,group=group-E25F9BD743B7,id=4d51b372-1aca-44dd-a481-2d5d38da6b73
2019-08-22 09:17:02,623 [RatisPipelineUtilsThread] INFO  pipeline.PipelineStateManager (PipelineStateManager.java:addPipeline(56)) - Created pipeline Pipeline[ Id: bff50e1e-c5b2-43cd-8339-e25f9bd743b7, Nodes: 4d51b372-1aca-44dd-a481-2d5d38da6b73{ip: 192.168.36.85, host: pr-hdds-1898-9jx57-4170240974, networkLocation: /default-rack, certSerialId: null}, Type:RATIS, Factor:ONE, State:OPEN]
2019-08-22 09:17:02,797 [main] INFO  ozone.MiniOzoneClusterImpl (MiniOzoneClusterImpl.java:lambda$waitForClusterToBeReady$0(142)) - Waiting for cluster to be ready. Got 5 of 6 DN Heartbeats.
2019-08-22 09:17:02,799 [IPC Server handler 5 on 39733] INFO  net.NetworkTopology (NetworkTopologyImpl.java:add(110)) - Added a new node: /default-rack/67abc4f8-8424-4a13-a91f-3faee2bb56e5
2019-08-22 09:17:02,799 [IPC Server handler 5 on 39733] INFO  node.SCMNodeManager (SCMNodeManager.java:register(273)) - Registered Data node : 67abc4f8-8424-4a13-a91f-3faee2bb56e5{ip: 192.168.36.85, host: pr-hdds-1898-9jx57-4170240974, networkLocation: /default-rack, certSerialId: null}
2019-08-22 09:17:02,803 | INFO  | SCMAudit | user=jenkins1000 | ip=192.168.36.85 | op=REGISTER {datanodeDetails=67abc4f8-8424-4a13-a91f-3faee2bb56e5{ip: 192.168.36.85, host: pr-hdds-1898-9jx57-4170240974, networkLocation: /default-rack, certSerialId: null}} | ret=SUCCESS |  
2019-08-22 09:17:02,820 [grpc-default-executor-1] INFO  impl.RaftServerProxy (RaftServerProxy.java:addNew(89)) - 67abc4f8-8424-4a13-a91f-3faee2bb56e5: addNew group-B079725AEC53:[67abc4f8-8424-4a13-a91f-3faee2bb56e5:192.168.36.85:44730] returns group-B079725AEC53:java.util.concurrent.CompletableFuture@52996da4[Not completed]
2019-08-22 09:17:02,822 [pool-218-thread-1] INFO  impl.RaftServerImpl (RaftServerImpl.java:<init>(93)) - 67abc4f8-8424-4a13-a91f-3faee2bb56e5: new RaftServerImpl for group-B079725AEC53:[67abc4f8-8424-4a13-a91f-3faee2bb56e5:192.168.36.85:44730] with ContainerStateMachine:uninitialized
2019-08-22 09:17:02,822 [pool-218-thread-1] INFO  server.RaftServerConfigKeys (ConfUtils.java:logGet(43)) - raft.server.rpc.timeout.min = 1s (custom)
2019-08-22 09:17:02,822 [pool-218-thread-1] INFO  server.RaftServerConfigKeys (ConfUtils.java:logGet(43)) - raft.server.rpc.timeout.max = 1200ms (custom)
2019-08-22 09:17:02,822 [pool-218-thread-1] INFO  server.RaftServerConfigKeys (ConfUtils.java:logGet(43)) - raft.server.rpcslowness.timeout = 120s (custom)
2019-08-22 09:17:02,823 [pool-218-thread-1] INFO  server.RaftServerConfigKeys (ConfUtils.java:logGet(43)) - raft.server.sleep.deviation.threshold = 300 (default)
2019-08-22 09:17:02,823 [pool-218-thread-1] INFO  server.RaftServerConfigKeys (ConfUtils.java:logGet(43)) - raft.server.log.appender.install.snapshot.enabled = false (custom)
2019-08-22 09:17:02,823 [pool-218-thread-1] INFO  impl.RaftServerImpl (ServerState.java:<init>(105)) - 67abc4f8-8424-4a13-a91f-3faee2bb56e5:group-B079725AEC53 ConfigurationManager, init=-1: [67abc4f8-8424-4a13-a91f-3faee2bb56e5:192.168.36.85:44730], old=null, confs=<EMPTY_MAP>
2019-08-22 09:17:02,823 [pool-218-thread-1] INFO  server.RaftServerConfigKeys (ConfUtils.java:logGet(43)) - raft.server.storage.dir = [/workdir/hadoop-ozone/integration-test/target/test-dir/MiniOzoneClusterImpl-b4094933-c81e-4e47-9f4e-b6682d02a4e3/datanode-5/data/ratis] (custom)
2019-08-22 09:17:02,824 [pool-218-thread-1] INFO  storage.RaftStorageDirectory (RaftStorageDirectory.java:analyzeStorage(246)) - The storage directory /workdir/hadoop-ozone/integration-test/target/test-dir/MiniOzoneClusterImpl-b4094933-c81e-4e47-9f4e-b6682d02a4e3/datanode-5/data/ratis/cc2ebe58-1383-4202-b200-b079725aec53 does not exist. Creating ...
2019-08-22 09:17:02,849 [pool-218-thread-1] INFO  storage.RaftStorageDirectory (RaftStorageDirectory.java:tryLock(328)) - Lock on /workdir/hadoop-ozone/integration-test/target/test-dir/MiniOzoneClusterImpl-b4094933-c81e-4e47-9f4e-b6682d02a4e3/datanode-5/data/ratis/cc2ebe58-1383-4202-b200-b079725aec53/in_use.lock acquired by nodename 18071@pr-hdds-1898-9jx57-4170240974
2019-08-22 09:17:02,858 [Thread-1304] INFO  impl.FollowerState (FollowerState.java:run(106)) - 093f9392-15a1-447b-85fb-4daaec7caf94:group-5DBE13816419 changes to CANDIDATE, lastRpcTime:1057, electionTimeout:1057ms
2019-08-22 09:17:02,858 [Thread-1304] INFO  impl.RoleInfo (RoleInfo.java:shutdownFollowerState(121)) - 093f9392-15a1-447b-85fb-4daaec7caf94: shutdown FollowerState
2019-08-22 09:17:02,858 [Thread-1304] INFO  impl.RaftServerImpl (RaftServerImpl.java:setRole(171)) - 093f9392-15a1-447b-85fb-4daaec7caf94:group-5DBE13816419 changes role from FOLLOWER to CANDIDATE at term 0 for changeToCandidate
2019-08-22 09:17:02,858 [Thread-1304] INFO  impl.RoleInfo (RoleInfo.java:updateAndGet(143)) - 093f9392-15a1-447b-85fb-4daaec7caf94: start LeaderElection
2019-08-22 09:17:02,875 [pool-218-thread-1] INFO  storage.RaftStorage (RaftStorage.java:format(72)) - Storage directory /workdir/hadoop-ozone/integration-test/target/test-dir/MiniOzoneClusterImpl-b4094933-c81e-4e47-9f4e-b6682d02a4e3/datanode-5/data/ratis/cc2ebe58-1383-4202-b200-b079725aec53 has been successfully formatted.
2019-08-22 09:17:02,875 [pool-218-thread-1] INFO  ratis.ContainerStateMachine (ContainerStateMachine.java:loadSnapshot(226)) - group-B079725AEC53: The snapshot info is null. Setting the last applied indexto:(t:0, i:~)
2019-08-22 09:17:02,875 [pool-218-thread-1] INFO  server.RaftServerConfigKeys (ConfUtils.java:logGet(43)) - raft.server.leader.election.timeout = 120s (custom)
2019-08-22 09:17:02,875 [pool-218-thread-1] INFO  server.RaftServerConfigKeys (ConfUtils.java:logGet(43)) - raft.server.log.use.memory = false (default)
2019-08-22 09:17:02,875 [pool-218-thread-1] INFO  server.RaftServerConfigKeys (ConfUtils.java:logGet(43)) - raft.server.log.purge.gap = 1000000 (custom)
2019-08-22 09:17:02,876 [pool-218-thread-1] INFO  server.RaftServerConfigKeys (ConfUtils.java:logGet(43)) - raft.server.log.appender.buffer.byte-limit = 33554432 (custom)
2019-08-22 09:17:02,876 [pool-218-thread-1] INFO  server.RaftServerConfigKeys (ConfUtils.java:logGet(43)) - raft.server.log.segment.size.max = 1048576 (custom)
2019-08-22 09:17:02,876 [pool-218-thread-1] INFO  server.RaftServerConfigKeys (ConfUtils.java:logGet(43)) - raft.server.log.segment.cache.num.max = 2 (custom)
2019-08-22 09:17:02,876 [pool-218-thread-1] INFO  segmented.SegmentedRaftLogWorker (SegmentedRaftLogWorker.java:<init>(172)) - new 67abc4f8-8424-4a13-a91f-3faee2bb56e5-SegmentedRaftLogWorker:Storage Directory /workdir/hadoop-ozone/integration-test/target/test-dir/MiniOzoneClusterImpl-b4094933-c81e-4e47-9f4e-b6682d02a4e3/datanode-5/data/ratis/cc2ebe58-1383-4202-b200-b079725aec53 for RaftStorage:Storage Directory /workdir/hadoop-ozone/integration-test/target/test-dir/MiniOzoneClusterImpl-b4094933-c81e-4e47-9f4e-b6682d02a4e3/datanode-5/data/ratis/cc2ebe58-1383-4202-b200-b079725aec53
2019-08-22 09:17:02,876 [pool-218-thread-1] INFO  server.RaftServerConfigKeys (ConfUtils.java:logGet(43)) - raft.server.log.queue.byte-limit = 2147483647 (custom)
2019-08-22 09:17:02,876 [pool-218-thread-1] INFO  server.RaftServerConfigKeys (ConfUtils.java:logGet(43)) - raft.server.log.queue.element-limit = 1024 (custom)
2019-08-22 09:17:02,877 [pool-218-thread-1] INFO  server.RaftServerConfigKeys (ConfUtils.java:logGet(43)) - raft.server.log.segment.size.max = 1048576 (custom)
2019-08-22 09:17:02,877 [pool-218-thread-1] INFO  server.RaftServerConfigKeys (ConfUtils.java:logGet(43)) - raft.server.log.preallocated.size = 16384 (custom)
2019-08-22 09:17:02,877 [pool-218-thread-1] INFO  server.RaftServerConfigKeys (ConfUtils.java:logGet(43)) - raft.server.log.write.buffer.size = 33554432 (custom)
2019-08-22 09:17:02,877 [pool-218-thread-1] INFO  server.RaftServerConfigKeys (ConfUtils.java:logGet(43)) - raft.server.log.force.sync.num = 128 (default)
2019-08-22 09:17:02,877 [pool-218-thread-1] INFO  server.RaftServerConfigKeys (ConfUtils.java:logGet(43)) - raft.server.log.statemachine.data.sync = true (default)
2019-08-22 09:17:02,878 [pool-218-thread-1] INFO  server.RaftServerConfigKeys (ConfUtils.java:logGet(43)) - raft.server.log.statemachine.data.sync.timeout = 10s (default)
2019-08-22 09:17:02,878 [pool-218-thread-1] INFO  server.RaftServerConfigKeys (ConfUtils.java:logGet(43)) - raft.server.log.statemachine.data.sync.timeout.retry = -1 (default)
2019-08-22 09:17:02,878 [pool-218-thread-1] INFO  server.RaftServerConfigKeys (ConfUtils.java:logGet(43)) - raft.server.log.statemachine.data.caching.enabled = true (custom)
2019-08-22 09:17:02,878 [pool-218-thread-1] INFO  segmented.SegmentedRaftLogWorker (SegmentedRaftLogWorker.java:lambda$new$0(132)) - 67abc4f8-8424-4a13-a91f-3faee2bb56e5-SegmentedRaftLogWorker:Storage Directory /workdir/hadoop-ozone/integration-test/target/test-dir/MiniOzoneClusterImpl-b4094933-c81e-4e47-9f4e-b6682d02a4e3/datanode-5/data/ratis/cc2ebe58-1383-4202-b200-b079725aec53: flushIndex: setUnconditionally 0 -> -1
2019-08-22 09:17:02,879 [pool-218-thread-1] INFO  server.RaftServerConfigKeys (ConfUtils.java:logGet(43)) - raft.server.snapshot.auto.trigger.enabled = true (custom)
2019-08-22 09:17:02,879 [pool-218-thread-1] INFO  server.RaftServerConfigKeys (ConfUtils.java:logGet(43)) - raft.server.snapshot.auto.trigger.threshold = 10000 (custom)
2019-08-22 09:17:02,879 [pool-218-thread-1] INFO  server.RaftServerConfigKeys (ConfUtils.java:logGet(43)) - raft.server.retrycache.expirytime = 600000ms (custom)
2019-08-22 09:17:02,879 [pool-218-thread-1] INFO  impl.RaftServerImpl (RaftServerImpl.java:start(180)) - 67abc4f8-8424-4a13-a91f-3faee2bb56e5: start group-B079725AEC53
2019-08-22 09:17:02,880 [pool-218-thread-1] INFO  impl.RaftServerImpl (RaftServerImpl.java:setRole(171)) - 67abc4f8-8424-4a13-a91f-3faee2bb56e5:group-B079725AEC53 changes role from null to FOLLOWER at term 0 for startAsFollower
2019-08-22 09:17:02,880 [pool-218-thread-1] INFO  impl.RoleInfo (RoleInfo.java:updateAndGet(143)) - 67abc4f8-8424-4a13-a91f-3faee2bb56e5: start FollowerState
2019-08-22 09:17:02,880 [pool-218-thread-1] INFO  util.JmxRegister (JmxRegister.java:tryRegister(44)) - Successfully registered JMX Bean with object name Ratis:service=RaftServer,group=group-B079725AEC53,id=67abc4f8-8424-4a13-a91f-3faee2bb56e5
2019-08-22 09:17:02,883 [RatisPipelineUtilsThread] INFO  pipeline.PipelineStateManager (PipelineStateManager.java:addPipeline(56)) - Created pipeline Pipeline[ Id: cc2ebe58-1383-4202-b200-b079725aec53, Nodes: 67abc4f8-8424-4a13-a91f-3faee2bb56e5{ip: 192.168.36.85, host: pr-hdds-1898-9jx57-4170240974, networkLocation: /default-rack, certSerialId: null}, Type:RATIS, Factor:ONE, State:OPEN]
2019-08-22 09:17:02,892 [093f9392-15a1-447b-85fb-4daaec7caf94:group-5DBE13816419:LeaderElection37] INFO  impl.LeaderElection (LeaderElection.java:askForVotes(181)) - 093f9392-15a1-447b-85fb-4daaec7caf94:group-5DBE13816419:LeaderElection37: begin an election at term 1 for -1: [093f9392-15a1-447b-85fb-4daaec7caf94:192.168.36.85:46381], old=null
2019-08-22 09:17:02,893 [093f9392-15a1-447b-85fb-4daaec7caf94:group-5DBE13816419:LeaderElection37] INFO  impl.RoleInfo (RoleInfo.java:shutdownLeaderElection(134)) - 093f9392-15a1-447b-85fb-4daaec7caf94: shutdown LeaderElection
2019-08-22 09:17:02,893 [093f9392-15a1-447b-85fb-4daaec7caf94:group-5DBE13816419:LeaderElection37] INFO  impl.RaftServerImpl (RaftServerImpl.java:setRole(171)) - 093f9392-15a1-447b-85fb-4daaec7caf94:group-5DBE13816419 changes role from CANDIDATE to LEADER at term 1 for changeToLeader
2019-08-22 09:17:02,893 [093f9392-15a1-447b-85fb-4daaec7caf94:group-5DBE13816419:LeaderElection37] INFO  impl.RaftServerImpl (ServerState.java:setLeader(263)) - 093f9392-15a1-447b-85fb-4daaec7caf94:group-5DBE13816419 change Leader from null to 093f9392-15a1-447b-85fb-4daaec7caf94 at term 1 for becomeLeader, leader elected after 1096ms
2019-08-22 09:17:02,893 [093f9392-15a1-447b-85fb-4daaec7caf94:group-5DBE13816419:LeaderElection37] INFO  server.RaftServerConfigKeys (ConfUtils.java:logGet(43)) - raft.server.staging.catchup.gap = 1000 (default)
2019-08-22 09:17:02,893 [093f9392-15a1-447b-85fb-4daaec7caf94:group-5DBE13816419:LeaderElection37] INFO  server.RaftServerConfigKeys (ConfUtils.java:logGet(43)) - raft.server.rpc.sleep.time = 25ms (default)
2019-08-22 09:17:02,893 [093f9392-15a1-447b-85fb-4daaec7caf94:group-5DBE13816419:LeaderElection37] INFO  server.RaftServerConfigKeys (ConfUtils.java:logGet(43)) - raft.server.write.element-limit = 4096 (default)
2019-08-22 09:17:02,894 [093f9392-15a1-447b-85fb-4daaec7caf94:group-5DBE13816419:LeaderElection37] INFO  server.RaftServerConfigKeys (ConfUtils.java:logGet(43)) - raft.server.watch.timeout = 10s (default)
2019-08-22 09:17:02,894 [093f9392-15a1-447b-85fb-4daaec7caf94:group-5DBE13816419:LeaderElection37] INFO  server.RaftServerConfigKeys (ConfUtils.java:logGet(43)) - raft.server.watch.timeout.denomination = 1s (default)
2019-08-22 09:17:02,894 [093f9392-15a1-447b-85fb-4daaec7caf94:group-5DBE13816419:LeaderElection37] INFO  server.RaftServerConfigKeys (ConfUtils.java:logGet(43)) - raft.server.watch.element-limit = 65536 (default)
2019-08-22 09:17:02,894 [093f9392-15a1-447b-85fb-4daaec7caf94:group-5DBE13816419:LeaderElection37] INFO  impl.RoleInfo (RoleInfo.java:updateAndGet(143)) - 093f9392-15a1-447b-85fb-4daaec7caf94: start LeaderState
2019-08-22 09:17:02,894 [grpc-default-executor-4] INFO  impl.RaftServerProxy (RaftServerProxy.java:addNew(89)) - 67abc4f8-8424-4a13-a91f-3faee2bb56e5: addNew group-EF5DD0F5256D:[67abc4f8-8424-4a13-a91f-3faee2bb56e5:192.168.36.85:44730, 4d51b372-1aca-44dd-a481-2d5d38da6b73:192.168.36.85:36387, efb90bff-72c5-4ce9-affc-3f37be090605:192.168.36.85:35511] returns group-EF5DD0F5256D:java.util.concurrent.CompletableFuture@7d550785[Not completed]
2019-08-22 09:17:02,894 [grpc-default-executor-3] INFO  impl.RaftServerProxy (RaftServerProxy.java:addNew(89)) - efb90bff-72c5-4ce9-affc-3f37be090605: addNew group-EF5DD0F5256D:[67abc4f8-8424-4a13-a91f-3faee2bb56e5:192.168.36.85:44730, 4d51b372-1aca-44dd-a481-2d5d38da6b73:192.168.36.85:36387, efb90bff-72c5-4ce9-affc-3f37be090605:192.168.36.85:35511] returns group-EF5DD0F5256D:java.util.concurrent.CompletableFuture@3e930d17[Not completed]
2019-08-22 09:17:02,894 [grpc-default-executor-1] INFO  impl.RaftServerProxy (RaftServerProxy.java:addNew(89)) - 4d51b372-1aca-44dd-a481-2d5d38da6b73: addNew group-EF5DD0F5256D:[67abc4f8-8424-4a13-a91f-3faee2bb56e5:192.168.36.85:44730, 4d51b372-1aca-44dd-a481-2d5d38da6b73:192.168.36.85:36387, efb90bff-72c5-4ce9-affc-3f37be090605:192.168.36.85:35511] returns group-EF5DD0F5256D:java.util.concurrent.CompletableFuture@140afb79[Not completed]
2019-08-22 09:17:02,895 [093f9392-15a1-447b-85fb-4daaec7caf94:group-5DBE13816419:LeaderElection37] INFO  segmented.SegmentedRaftLogWorker (SegmentedRaftLogWorker.java:startLogSegment(380)) - 093f9392-15a1-447b-85fb-4daaec7caf94-SegmentedRaftLogWorker:Storage Directory /workdir/hadoop-ozone/integration-test/target/test-dir/MiniOzoneClusterImpl-b4094933-c81e-4e47-9f4e-b6682d02a4e3/datanode-0/data/ratis/9d77570e-18b5-4e96-821f-5dbe13816419: Starting segment from index:0
2019-08-22 09:17:02,896 [093f9392-15a1-447b-85fb-4daaec7caf94:group-5DBE13816419:LeaderElection37] INFO  impl.RaftServerImpl (ServerState.java:setRaftConf(361)) - 093f9392-15a1-447b-85fb-4daaec7caf94:group-5DBE13816419 set configuration 0: [093f9392-15a1-447b-85fb-4daaec7caf94:192.168.36.85:46381], old=null at 0
2019-08-22 09:17:02,925 [pool-207-thread-1] INFO  impl.RaftServerImpl (RaftServerImpl.java:<init>(93)) - 4d51b372-1aca-44dd-a481-2d5d38da6b73: new RaftServerImpl for group-EF5DD0F5256D:[67abc4f8-8424-4a13-a91f-3faee2bb56e5:192.168.36.85:44730, 4d51b372-1aca-44dd-a481-2d5d38da6b73:192.168.36.85:36387, efb90bff-72c5-4ce9-affc-3f37be090605:192.168.36.85:35511] with ContainerStateMachine:uninitialized
2019-08-22 09:17:02,925 [pool-207-thread-1] INFO  server.RaftServerConfigKeys (ConfUtils.java:logGet(43)) - raft.server.rpc.timeout.min = 1s (custom)
2019-08-22 09:17:02,925 [pool-207-thread-1] INFO  server.RaftServerConfigKeys (ConfUtils.java:logGet(43)) - raft.server.rpc.timeout.max = 1200ms (custom)
2019-08-22 09:17:02,925 [pool-207-thread-1] INFO  server.RaftServerConfigKeys (ConfUtils.java:logGet(43)) - raft.server.rpcslowness.timeout = 120s (custom)
2019-08-22 09:17:02,925 [pool-207-thread-1] INFO  server.RaftServerConfigKeys (ConfUtils.java:logGet(43)) - raft.server.sleep.deviation.threshold = 300 (default)
2019-08-22 09:17:02,925 [pool-207-thread-1] INFO  server.RaftServerConfigKeys (ConfUtils.java:logGet(43)) - raft.server.log.appender.install.snapshot.enabled = false (custom)
2019-08-22 09:17:02,926 [pool-207-thread-1] INFO  impl.RaftServerImpl (ServerState.java:<init>(105)) - 4d51b372-1aca-44dd-a481-2d5d38da6b73:group-EF5DD0F5256D ConfigurationManager, init=-1: [67abc4f8-8424-4a13-a91f-3faee2bb56e5:192.168.36.85:44730, 4d51b372-1aca-44dd-a481-2d5d38da6b73:192.168.36.85:36387, efb90bff-72c5-4ce9-affc-3f37be090605:192.168.36.85:35511], old=null, confs=<EMPTY_MAP>
2019-08-22 09:17:02,926 [pool-207-thread-1] INFO  server.RaftServerConfigKeys (ConfUtils.java:logGet(43)) - raft.server.storage.dir = [/workdir/hadoop-ozone/integration-test/target/test-dir/MiniOzoneClusterImpl-b4094933-c81e-4e47-9f4e-b6682d02a4e3/datanode-4/data/ratis] (custom)
2019-08-22 09:17:02,926 [pool-207-thread-1] INFO  storage.RaftStorageDirectory (RaftStorageDirectory.java:analyzeStorage(246)) - The storage directory /workdir/hadoop-ozone/integration-test/target/test-dir/MiniOzoneClusterImpl-b4094933-c81e-4e47-9f4e-b6682d02a4e3/datanode-4/data/ratis/e1a9f66e-de0f-4eaa-b925-ef5dd0f5256d does not exist. Creating ...
2019-08-22 09:17:02,926 [pool-196-thread-1] INFO  impl.RaftServerImpl (RaftServerImpl.java:<init>(93)) - efb90bff-72c5-4ce9-affc-3f37be090605: new RaftServerImpl for group-EF5DD0F5256D:[67abc4f8-8424-4a13-a91f-3faee2bb56e5:192.168.36.85:44730, 4d51b372-1aca-44dd-a481-2d5d38da6b73:192.168.36.85:36387, efb90bff-72c5-4ce9-affc-3f37be090605:192.168.36.85:35511] with ContainerStateMachine:uninitialized
2019-08-22 09:17:02,927 [pool-196-thread-1] INFO  server.RaftServerConfigKeys (ConfUtils.java:logGet(43)) - raft.server.rpc.timeout.min = 1s (custom)
2019-08-22 09:17:02,927 [pool-196-thread-1] INFO  server.RaftServerConfigKeys (ConfUtils.java:logGet(43)) - raft.server.rpc.timeout.max = 1200ms (custom)
2019-08-22 09:17:02,927 [pool-218-thread-1] INFO  impl.RaftServerImpl (RaftServerImpl.java:<init>(93)) - 67abc4f8-8424-4a13-a91f-3faee2bb56e5: new RaftServerImpl for group-EF5DD0F5256D:[67abc4f8-8424-4a13-a91f-3faee2bb56e5:192.168.36.85:44730, 4d51b372-1aca-44dd-a481-2d5d38da6b73:192.168.36.85:36387, efb90bff-72c5-4ce9-affc-3f37be090605:192.168.36.85:35511] with ContainerStateMachine:uninitialized
2019-08-22 09:17:02,927 [pool-196-thread-1] INFO  server.RaftServerConfigKeys (ConfUtils.java:logGet(43)) - raft.server.rpcslowness.timeout = 120s (custom)
2019-08-22 09:17:02,927 [pool-218-thread-1] INFO  server.RaftServerConfigKeys (ConfUtils.java:logGet(43)) - raft.server.rpc.timeout.min = 1s (custom)
2019-08-22 09:17:02,928 [pool-196-thread-1] INFO  server.RaftServerConfigKeys (ConfUtils.java:logGet(43)) - raft.server.sleep.deviation.threshold = 300 (default)
2019-08-22 09:17:02,928 [pool-218-thread-1] INFO  server.RaftServerConfigKeys (ConfUtils.java:logGet(43)) - raft.server.rpc.timeout.max = 1200ms (custom)
2019-08-22 09:17:02,928 [pool-196-thread-1] INFO  server.RaftServerConfigKeys (ConfUtils.java:logGet(43)) - raft.server.log.appender.install.snapshot.enabled = false (custom)
2019-08-22 09:17:02,928 [pool-218-thread-1] INFO  server.RaftServerConfigKeys (ConfUtils.java:logGet(43)) - raft.server.rpcslowness.timeout = 120s (custom)
2019-08-22 09:17:02,929 [pool-196-thread-1] INFO  impl.RaftServerImpl (ServerState.java:<init>(105)) - efb90bff-72c5-4ce9-affc-3f37be090605:group-EF5DD0F5256D ConfigurationManager, init=-1: [67abc4f8-8424-4a13-a91f-3faee2bb56e5:192.168.36.85:44730, 4d51b372-1aca-44dd-a481-2d5d38da6b73:192.168.36.85:36387, efb90bff-72c5-4ce9-affc-3f37be090605:192.168.36.85:35511], old=null, confs=<EMPTY_MAP>
2019-08-22 09:17:02,929 [pool-218-thread-1] INFO  server.RaftServerConfigKeys (ConfUtils.java:logGet(43)) - raft.server.sleep.deviation.threshold = 300 (default)
2019-08-22 09:17:02,929 [pool-196-thread-1] INFO  server.RaftServerConfigKeys (ConfUtils.java:logGet(43)) - raft.server.storage.dir = [/workdir/hadoop-ozone/integration-test/target/test-dir/MiniOzoneClusterImpl-b4094933-c81e-4e47-9f4e-b6682d02a4e3/datanode-3/data/ratis] (custom)
2019-08-22 09:17:02,929 [pool-218-thread-1] INFO  server.RaftServerConfigKeys (ConfUtils.java:logGet(43)) - raft.server.log.appender.install.snapshot.enabled = false (custom)
2019-08-22 09:17:02,929 [pool-218-thread-1] INFO  impl.RaftServerImpl (ServerState.java:<init>(105)) - 67abc4f8-8424-4a13-a91f-3faee2bb56e5:group-EF5DD0F5256D ConfigurationManager, init=-1: [67abc4f8-8424-4a13-a91f-3faee2bb56e5:192.168.36.85:44730, 4d51b372-1aca-44dd-a481-2d5d38da6b73:192.168.36.85:36387, efb90bff-72c5-4ce9-affc-3f37be090605:192.168.36.85:35511], old=null, confs=<EMPTY_MAP>
2019-08-22 09:17:02,930 [pool-218-thread-1] INFO  server.RaftServerConfigKeys (ConfUtils.java:logGet(43)) - raft.server.storage.dir = [/workdir/hadoop-ozone/integration-test/target/test-dir/MiniOzoneClusterImpl-b4094933-c81e-4e47-9f4e-b6682d02a4e3/datanode-5/data/ratis] (custom)
2019-08-22 09:17:02,930 [pool-196-thread-1] INFO  storage.RaftStorageDirectory (RaftStorageDirectory.java:analyzeStorage(246)) - The storage directory /workdir/hadoop-ozone/integration-test/target/test-dir/MiniOzoneClusterImpl-b4094933-c81e-4e47-9f4e-b6682d02a4e3/datanode-3/data/ratis/e1a9f66e-de0f-4eaa-b925-ef5dd0f5256d does not exist. Creating ...
2019-08-22 09:17:02,930 [pool-218-thread-1] INFO  storage.RaftStorageDirectory (RaftStorageDirectory.java:analyzeStorage(246)) - The storage directory /workdir/hadoop-ozone/integration-test/target/test-dir/MiniOzoneClusterImpl-b4094933-c81e-4e47-9f4e-b6682d02a4e3/datanode-5/data/ratis/e1a9f66e-de0f-4eaa-b925-ef5dd0f5256d does not exist. Creating ...
2019-08-22 09:17:02,950 [pool-218-thread-1] INFO  storage.RaftStorageDirectory (RaftStorageDirectory.java:tryLock(328)) - Lock on /workdir/hadoop-ozone/integration-test/target/test-dir/MiniOzoneClusterImpl-b4094933-c81e-4e47-9f4e-b6682d02a4e3/datanode-5/data/ratis/e1a9f66e-de0f-4eaa-b925-ef5dd0f5256d/in_use.lock acquired by nodename 18071@pr-hdds-1898-9jx57-4170240974
2019-08-22 09:17:02,951 [093f9392-15a1-447b-85fb-4daaec7caf94-SegmentedRaftLogWorker:Storage Directory /workdir/hadoop-ozone/integration-test/target/test-dir/MiniOzoneClusterImpl-b4094933-c81e-4e47-9f4e-b6682d02a4e3/datanode-0/data/ratis/9d77570e-18b5-4e96-821f-5dbe13816419] INFO  segmented.SegmentedRaftLogWorker (SegmentedRaftLogWorker.java:execute(569)) - 093f9392-15a1-447b-85fb-4daaec7caf94-SegmentedRaftLogWorker:Storage Directory /workdir/hadoop-ozone/integration-test/target/test-dir/MiniOzoneClusterImpl-b4094933-c81e-4e47-9f4e-b6682d02a4e3/datanode-0/data/ratis/9d77570e-18b5-4e96-821f-5dbe13816419: created new log segment /workdir/hadoop-ozone/integration-test/target/test-dir/MiniOzoneClusterImpl-b4094933-c81e-4e47-9f4e-b6682d02a4e3/datanode-0/data/ratis/9d77570e-18b5-4e96-821f-5dbe13816419/current/log_inprogress_0
2019-08-22 09:17:02,950 [pool-196-thread-1] INFO  storage.RaftStorageDirectory (RaftStorageDirectory.java:tryLock(328)) - Lock on /workdir/hadoop-ozone/integration-test/target/test-dir/MiniOzoneClusterImpl-b4094933-c81e-4e47-9f4e-b6682d02a4e3/datanode-3/data/ratis/e1a9f66e-de0f-4eaa-b925-ef5dd0f5256d/in_use.lock acquired by nodename 18071@pr-hdds-1898-9jx57-4170240974
2019-08-22 09:17:02,950 [pool-207-thread-1] INFO  storage.RaftStorageDirectory (RaftStorageDirectory.java:tryLock(328)) - Lock on /workdir/hadoop-ozone/integration-test/target/test-dir/MiniOzoneClusterImpl-b4094933-c81e-4e47-9f4e-b6682d02a4e3/datanode-4/data/ratis/e1a9f66e-de0f-4eaa-b925-ef5dd0f5256d/in_use.lock acquired by nodename 18071@pr-hdds-1898-9jx57-4170240974
2019-08-22 09:17:02,976 [pool-207-thread-1] INFO  storage.RaftStorage (RaftStorage.java:format(72)) - Storage directory /workdir/hadoop-ozone/integration-test/target/test-dir/MiniOzoneClusterImpl-b4094933-c81e-4e47-9f4e-b6682d02a4e3/datanode-4/data/ratis/e1a9f66e-de0f-4eaa-b925-ef5dd0f5256d has been successfully formatted.
2019-08-22 09:17:02,976 [pool-196-thread-1] INFO  storage.RaftStorage (RaftStorage.java:format(72)) - Storage directory /workdir/hadoop-ozone/integration-test/target/test-dir/MiniOzoneClusterImpl-b4094933-c81e-4e47-9f4e-b6682d02a4e3/datanode-3/data/ratis/e1a9f66e-de0f-4eaa-b925-ef5dd0f5256d has been successfully formatted.
2019-08-22 09:17:02,976 [pool-218-thread-1] INFO  storage.RaftStorage (RaftStorage.java:format(72)) - Storage directory /workdir/hadoop-ozone/integration-test/target/test-dir/MiniOzoneClusterImpl-b4094933-c81e-4e47-9f4e-b6682d02a4e3/datanode-5/data/ratis/e1a9f66e-de0f-4eaa-b925-ef5dd0f5256d has been successfully formatted.
2019-08-22 09:17:02,977 [pool-196-thread-1] INFO  ratis.ContainerStateMachine (ContainerStateMachine.java:loadSnapshot(226)) - group-EF5DD0F5256D: The snapshot info is null. Setting the last applied indexto:(t:0, i:~)
2019-08-22 09:17:02,977 [pool-218-thread-1] INFO  ratis.ContainerStateMachine (ContainerStateMachine.java:loadSnapshot(226)) - group-EF5DD0F5256D: The snapshot info is null. Setting the last applied indexto:(t:0, i:~)
2019-08-22 09:17:02,977 [pool-207-thread-1] INFO  ratis.ContainerStateMachine (ContainerStateMachine.java:loadSnapshot(226)) - group-EF5DD0F5256D: The snapshot info is null. Setting the last applied indexto:(t:0, i:~)
2019-08-22 09:17:02,977 [pool-218-thread-1] INFO  server.RaftServerConfigKeys (ConfUtils.java:logGet(43)) - raft.server.leader.election.timeout = 120s (custom)
2019-08-22 09:17:02,978 [pool-218-thread-1] INFO  server.RaftServerConfigKeys (ConfUtils.java:logGet(43)) - raft.server.log.use.memory = false (default)
2019-08-22 09:17:02,977 [pool-196-thread-1] INFO  server.RaftServerConfigKeys (ConfUtils.java:logGet(43)) - raft.server.leader.election.timeout = 120s (custom)
2019-08-22 09:17:02,978 [pool-218-thread-1] INFO  server.RaftServerConfigKeys (ConfUtils.java:logGet(43)) - raft.server.log.purge.gap = 1000000 (custom)
2019-08-22 09:17:02,977 [pool-207-thread-1] INFO  server.RaftServerConfigKeys (ConfUtils.java:logGet(43)) - raft.server.leader.election.timeout = 120s (custom)
2019-08-22 09:17:02,978 [pool-218-thread-1] INFO  server.RaftServerConfigKeys (ConfUtils.java:logGet(43)) - raft.server.log.appender.buffer.byte-limit = 33554432 (custom)
2019-08-22 09:17:02,978 [pool-196-thread-1] INFO  server.RaftServerConfigKeys (ConfUtils.java:logGet(43)) - raft.server.log.use.memory = false (default)
2019-08-22 09:17:02,978 [pool-218-thread-1] INFO  server.RaftServerConfigKeys (ConfUtils.java:logGet(43)) - raft.server.log.segment.size.max = 1048576 (custom)
2019-08-22 09:17:02,978 [pool-207-thread-1] INFO  server.RaftServerConfigKeys (ConfUtils.java:logGet(43)) - raft.server.log.use.memory = false (default)
2019-08-22 09:17:02,979 [pool-218-thread-1] INFO  server.RaftServerConfigKeys (ConfUtils.java:logGet(43)) - raft.server.log.segment.cache.num.max = 2 (custom)
2019-08-22 09:17:02,979 [pool-196-thread-1] INFO  server.RaftServerConfigKeys (ConfUtils.java:logGet(43)) - raft.server.log.purge.gap = 1000000 (custom)
2019-08-22 09:17:02,979 [pool-218-thread-1] INFO  segmented.SegmentedRaftLogWorker (SegmentedRaftLogWorker.java:<init>(172)) - new 67abc4f8-8424-4a13-a91f-3faee2bb56e5-SegmentedRaftLogWorker:Storage Directory /workdir/hadoop-ozone/integration-test/target/test-dir/MiniOzoneClusterImpl-b4094933-c81e-4e47-9f4e-b6682d02a4e3/datanode-5/data/ratis/e1a9f66e-de0f-4eaa-b925-ef5dd0f5256d for RaftStorage:Storage Directory /workdir/hadoop-ozone/integration-test/target/test-dir/MiniOzoneClusterImpl-b4094933-c81e-4e47-9f4e-b6682d02a4e3/datanode-5/data/ratis/e1a9f66e-de0f-4eaa-b925-ef5dd0f5256d
2019-08-22 09:17:02,979 [pool-207-thread-1] INFO  server.RaftServerConfigKeys (ConfUtils.java:logGet(43)) - raft.server.log.purge.gap = 1000000 (custom)
2019-08-22 09:17:02,980 [pool-218-thread-1] INFO  server.RaftServerConfigKeys (ConfUtils.java:logGet(43)) - raft.server.log.queue.byte-limit = 2147483647 (custom)
2019-08-22 09:17:02,979 [pool-196-thread-1] INFO  server.RaftServerConfigKeys (ConfUtils.java:logGet(43)) - raft.server.log.appender.buffer.byte-limit = 33554432 (custom)
2019-08-22 09:17:02,980 [pool-218-thread-1] INFO  server.RaftServerConfigKeys (ConfUtils.java:logGet(43)) - raft.server.log.queue.element-limit = 1024 (custom)
2019-08-22 09:17:02,980 [pool-207-thread-1] INFO  server.RaftServerConfigKeys (ConfUtils.java:logGet(43)) - raft.server.log.appender.buffer.byte-limit = 33554432 (custom)
2019-08-22 09:17:02,980 [pool-218-thread-1] INFO  server.RaftServerConfigKeys (ConfUtils.java:logGet(43)) - raft.server.log.segment.size.max = 1048576 (custom)
2019-08-22 09:17:02,981 [pool-218-thread-1] INFO  server.RaftServerConfigKeys (ConfUtils.java:logGet(43)) - raft.server.log.preallocated.size = 16384 (custom)
2019-08-22 09:17:02,980 [pool-196-thread-1] INFO  server.RaftServerConfigKeys (ConfUtils.java:logGet(43)) - raft.server.log.segment.size.max = 1048576 (custom)
2019-08-22 09:17:02,981 [pool-218-thread-1] INFO  server.RaftServerConfigKeys (ConfUtils.java:logGet(43)) - raft.server.log.write.buffer.size = 33554432 (custom)
2019-08-22 09:17:02,980 [pool-207-thread-1] INFO  server.RaftServerConfigKeys (ConfUtils.java:logGet(43)) - raft.server.log.segment.size.max = 1048576 (custom)
2019-08-22 09:17:02,981 [pool-218-thread-1] INFO  server.RaftServerConfigKeys (ConfUtils.java:logGet(43)) - raft.server.log.force.sync.num = 128 (default)
2019-08-22 09:17:02,982 [pool-218-thread-1] INFO  server.RaftServerConfigKeys (ConfUtils.java:logGet(43)) - raft.server.log.statemachine.data.sync = true (default)
2019-08-22 09:17:02,981 [pool-196-thread-1] INFO  server.RaftServerConfigKeys (ConfUtils.java:logGet(43)) - raft.server.log.segment.cache.num.max = 2 (custom)
2019-08-22 09:17:02,982 [pool-218-thread-1] INFO  server.RaftServerConfigKeys (ConfUtils.java:logGet(43)) - raft.server.log.statemachine.data.sync.timeout = 10s (default)
2019-08-22 09:17:02,981 [pool-207-thread-1] INFO  server.RaftServerConfigKeys (ConfUtils.java:logGet(43)) - raft.server.log.segment.cache.num.max = 2 (custom)
2019-08-22 09:17:02,982 [pool-218-thread-1] INFO  server.RaftServerConfigKeys (ConfUtils.java:logGet(43)) - raft.server.log.statemachine.data.sync.timeout.retry = -1 (default)
2019-08-22 09:17:02,982 [pool-196-thread-1] INFO  segmented.SegmentedRaftLogWorker (SegmentedRaftLogWorker.java:<init>(172)) - new efb90bff-72c5-4ce9-affc-3f37be090605-SegmentedRaftLogWorker:Storage Directory /workdir/hadoop-ozone/integration-test/target/test-dir/MiniOzoneClusterImpl-b4094933-c81e-4e47-9f4e-b6682d02a4e3/datanode-3/data/ratis/e1a9f66e-de0f-4eaa-b925-ef5dd0f5256d for RaftStorage:Storage Directory /workdir/hadoop-ozone/integration-test/target/test-dir/MiniOzoneClusterImpl-b4094933-c81e-4e47-9f4e-b6682d02a4e3/datanode-3/data/ratis/e1a9f66e-de0f-4eaa-b925-ef5dd0f5256d
2019-08-22 09:17:02,983 [pool-218-thread-1] INFO  server.RaftServerConfigKeys (ConfUtils.java:logGet(43)) - raft.server.log.statemachine.data.caching.enabled = true (custom)
2019-08-22 09:17:02,982 [pool-207-thread-1] INFO  segmented.SegmentedRaftLogWorker (SegmentedRaftLogWorker.java:<init>(172)) - new 4d51b372-1aca-44dd-a481-2d5d38da6b73-SegmentedRaftLogWorker:Storage Directory /workdir/hadoop-ozone/integration-test/target/test-dir/MiniOzoneClusterImpl-b4094933-c81e-4e47-9f4e-b6682d02a4e3/datanode-4/data/ratis/e1a9f66e-de0f-4eaa-b925-ef5dd0f5256d for RaftStorage:Storage Directory /workdir/hadoop-ozone/integration-test/target/test-dir/MiniOzoneClusterImpl-b4094933-c81e-4e47-9f4e-b6682d02a4e3/datanode-4/data/ratis/e1a9f66e-de0f-4eaa-b925-ef5dd0f5256d
2019-08-22 09:17:02,983 [pool-196-thread-1] INFO  server.RaftServerConfigKeys (ConfUtils.java:logGet(43)) - raft.server.log.queue.byte-limit = 2147483647 (custom)
2019-08-22 09:17:02,983 [pool-218-thread-1] INFO  segmented.SegmentedRaftLogWorker (SegmentedRaftLogWorker.java:lambda$new$0(132)) - 67abc4f8-8424-4a13-a91f-3faee2bb56e5-SegmentedRaftLogWorker:Storage Directory /workdir/hadoop-ozone/integration-test/target/test-dir/MiniOzoneClusterImpl-b4094933-c81e-4e47-9f4e-b6682d02a4e3/datanode-5/data/ratis/e1a9f66e-de0f-4eaa-b925-ef5dd0f5256d: flushIndex: setUnconditionally 0 -> -1
2019-08-22 09:17:02,983 [pool-207-thread-1] INFO  server.RaftServerConfigKeys (ConfUtils.java:logGet(43)) - raft.server.log.queue.byte-limit = 2147483647 (custom)
2019-08-22 09:17:02,983 [pool-196-thread-1] INFO  server.RaftServerConfigKeys (ConfUtils.java:logGet(43)) - raft.server.log.queue.element-limit = 1024 (custom)
2019-08-22 09:17:02,984 [pool-218-thread-1] INFO  server.RaftServerConfigKeys (ConfUtils.java:logGet(43)) - raft.server.snapshot.auto.trigger.enabled = true (custom)
2019-08-22 09:17:02,984 [pool-207-thread-1] INFO  server.RaftServerConfigKeys (ConfUtils.java:logGet(43)) - raft.server.log.queue.element-limit = 1024 (custom)
2019-08-22 09:17:02,984 [pool-218-thread-1] INFO  server.RaftServerConfigKeys (ConfUtils.java:logGet(43)) - raft.server.snapshot.auto.trigger.threshold = 10000 (custom)
2019-08-22 09:17:02,984 [pool-196-thread-1] INFO  server.RaftServerConfigKeys (ConfUtils.java:logGet(43)) - raft.server.log.segment.size.max = 1048576 (custom)
2019-08-22 09:17:02,984 [pool-218-thread-1] INFO  server.RaftServerConfigKeys (ConfUtils.java:logGet(43)) - raft.server.retrycache.expirytime = 600000ms (custom)
2019-08-22 09:17:02,984 [pool-207-thread-1] INFO  server.RaftServerConfigKeys (ConfUtils.java:logGet(43)) - raft.server.log.segment.size.max = 1048576 (custom)
2019-08-22 09:17:02,985 [pool-218-thread-1] INFO  impl.RaftServerImpl (RaftServerImpl.java:start(180)) - 67abc4f8-8424-4a13-a91f-3faee2bb56e5: start group-EF5DD0F5256D
2019-08-22 09:17:02,984 [pool-196-thread-1] INFO  server.RaftServerConfigKeys (ConfUtils.java:logGet(43)) - raft.server.log.preallocated.size = 16384 (custom)
2019-08-22 09:17:02,985 [pool-218-thread-1] INFO  impl.RaftServerImpl (RaftServerImpl.java:setRole(171)) - 67abc4f8-8424-4a13-a91f-3faee2bb56e5:group-EF5DD0F5256D changes role from null to FOLLOWER at term 0 for startAsFollower
2019-08-22 09:17:02,985 [pool-207-thread-1] INFO  server.RaftServerConfigKeys (ConfUtils.java:logGet(43)) - raft.server.log.preallocated.size = 16384 (custom)
2019-08-22 09:17:02,985 [pool-218-thread-1] INFO  impl.RoleInfo (RoleInfo.java:updateAndGet(143)) - 67abc4f8-8424-4a13-a91f-3faee2bb56e5: start FollowerState
2019-08-22 09:17:02,985 [pool-196-thread-1] INFO  server.RaftServerConfigKeys (ConfUtils.java:logGet(43)) - raft.server.log.write.buffer.size = 33554432 (custom)
2019-08-22 09:17:02,985 [pool-207-thread-1] INFO  server.RaftServerConfigKeys (ConfUtils.java:logGet(43)) - raft.server.log.write.buffer.size = 33554432 (custom)
2019-08-22 09:17:02,986 [pool-196-thread-1] INFO  server.RaftServerConfigKeys (ConfUtils.java:logGet(43)) - raft.server.log.force.sync.num = 128 (default)
2019-08-22 09:17:02,986 [pool-218-thread-1] INFO  util.JmxRegister (JmxRegister.java:tryRegister(44)) - Successfully registered JMX Bean with object name Ratis:service=RaftServer,group=group-EF5DD0F5256D,id=67abc4f8-8424-4a13-a91f-3faee2bb56e5
2019-08-22 09:17:02,986 [pool-207-thread-1] INFO  server.RaftServerConfigKeys (ConfUtils.java:logGet(43)) - raft.server.log.force.sync.num = 128 (default)
2019-08-22 09:17:02,986 [pool-196-thread-1] INFO  server.RaftServerConfigKeys (ConfUtils.java:logGet(43)) - raft.server.log.statemachine.data.sync = true (default)
2019-08-22 09:17:02,987 [pool-207-thread-1] INFO  server.RaftServerConfigKeys (ConfUtils.java:logGet(43)) - raft.server.log.statemachine.data.sync = true (default)
2019-08-22 09:17:02,987 [pool-196-thread-1] INFO  server.RaftServerConfigKeys (ConfUtils.java:logGet(43)) - raft.server.log.statemachine.data.sync.timeout = 10s (default)
2019-08-22 09:17:02,987 [pool-207-thread-1] INFO  server.RaftServerConfigKeys (ConfUtils.java:logGet(43)) - raft.server.log.statemachine.data.sync.timeout = 10s (default)
2019-08-22 09:17:02,987 [pool-196-thread-1] INFO  server.RaftServerConfigKeys (ConfUtils.java:logGet(43)) - raft.server.log.statemachine.data.sync.timeout.retry = -1 (default)
2019-08-22 09:17:02,987 [pool-207-thread-1] INFO  server.RaftServerConfigKeys (ConfUtils.java:logGet(43)) - raft.server.log.statemachine.data.sync.timeout.retry = -1 (default)
2019-08-22 09:17:02,987 [pool-196-thread-1] INFO  server.RaftServerConfigKeys (ConfUtils.java:logGet(43)) - raft.server.log.statemachine.data.caching.enabled = true (custom)
2019-08-22 09:17:02,988 [pool-207-thread-1] INFO  server.RaftServerConfigKeys (ConfUtils.java:logGet(43)) - raft.server.log.statemachine.data.caching.enabled = true (custom)
2019-08-22 09:17:02,988 [pool-196-thread-1] INFO  segmented.SegmentedRaftLogWorker (SegmentedRaftLogWorker.java:lambda$new$0(132)) - efb90bff-72c5-4ce9-affc-3f37be090605-SegmentedRaftLogWorker:Storage Directory /workdir/hadoop-ozone/integration-test/target/test-dir/MiniOzoneClusterImpl-b4094933-c81e-4e47-9f4e-b6682d02a4e3/datanode-3/data/ratis/e1a9f66e-de0f-4eaa-b925-ef5dd0f5256d: flushIndex: setUnconditionally 0 -> -1
2019-08-22 09:17:02,988 [pool-207-thread-1] INFO  segmented.SegmentedRaftLogWorker (SegmentedRaftLogWorker.java:lambda$new$0(132)) - 4d51b372-1aca-44dd-a481-2d5d38da6b73-SegmentedRaftLogWorker:Storage Directory /workdir/hadoop-ozone/integration-test/target/test-dir/MiniOzoneClusterImpl-b4094933-c81e-4e47-9f4e-b6682d02a4e3/datanode-4/data/ratis/e1a9f66e-de0f-4eaa-b925-ef5dd0f5256d: flushIndex: setUnconditionally 0 -> -1
2019-08-22 09:17:02,988 [pool-196-thread-1] INFO  server.RaftServerConfigKeys (ConfUtils.java:logGet(43)) - raft.server.snapshot.auto.trigger.enabled = true (custom)
2019-08-22 09:17:02,989 [pool-207-thread-1] INFO  server.RaftServerConfigKeys (ConfUtils.java:logGet(43)) - raft.server.snapshot.auto.trigger.enabled = true (custom)
2019-08-22 09:17:02,989 [pool-196-thread-1] INFO  server.RaftServerConfigKeys (ConfUtils.java:logGet(43)) - raft.server.snapshot.auto.trigger.threshold = 10000 (custom)
2019-08-22 09:17:02,989 [pool-207-thread-1] INFO  server.RaftServerConfigKeys (ConfUtils.java:logGet(43)) - raft.server.snapshot.auto.trigger.threshold = 10000 (custom)
2019-08-22 09:17:02,989 [pool-196-thread-1] INFO  server.RaftServerConfigKeys (ConfUtils.java:logGet(43)) - raft.server.retrycache.expirytime = 600000ms (custom)
2019-08-22 09:17:02,989 [pool-207-thread-1] INFO  server.RaftServerConfigKeys (ConfUtils.java:logGet(43)) - raft.server.retrycache.expirytime = 600000ms (custom)
2019-08-22 09:17:02,989 [pool-196-thread-1] INFO  impl.RaftServerImpl (RaftServerImpl.java:start(180)) - efb90bff-72c5-4ce9-affc-3f37be090605: start group-EF5DD0F5256D
2019-08-22 09:17:02,989 [pool-207-thread-1] INFO  impl.RaftServerImpl (RaftServerImpl.java:start(180)) - 4d51b372-1aca-44dd-a481-2d5d38da6b73: start group-EF5DD0F5256D
2019-08-22 09:17:02,989 [pool-196-thread-1] INFO  impl.RaftServerImpl (RaftServerImpl.java:setRole(171)) - efb90bff-72c5-4ce9-affc-3f37be090605:group-EF5DD0F5256D changes role from null to FOLLOWER at term 0 for startAsFollower
2019-08-22 09:17:02,990 [pool-207-thread-1] INFO  impl.RaftServerImpl (RaftServerImpl.java:setRole(171)) - 4d51b372-1aca-44dd-a481-2d5d38da6b73:group-EF5DD0F5256D changes role from null to FOLLOWER at term 0 for startAsFollower
2019-08-22 09:17:02,990 [pool-196-thread-1] INFO  impl.RoleInfo (RoleInfo.java:updateAndGet(143)) - efb90bff-72c5-4ce9-affc-3f37be090605: start FollowerState
2019-08-22 09:17:02,990 [pool-207-thread-1] INFO  impl.RoleInfo (RoleInfo.java:updateAndGet(143)) - 4d51b372-1aca-44dd-a481-2d5d38da6b73: start FollowerState
2019-08-22 09:17:02,990 [pool-196-thread-1] INFO  util.JmxRegister (JmxRegister.java:tryRegister(44)) - Successfully registered JMX Bean with object name Ratis:service=RaftServer,group=group-EF5DD0F5256D,id=efb90bff-72c5-4ce9-affc-3f37be090605
2019-08-22 09:17:02,990 [pool-207-thread-1] INFO  util.JmxRegister (JmxRegister.java:tryRegister(44)) - Successfully registered JMX Bean with object name Ratis:service=RaftServer,group=group-EF5DD0F5256D,id=4d51b372-1aca-44dd-a481-2d5d38da6b73
2019-08-22 09:17:02,994 [RatisPipelineUtilsThread] INFO  pipeline.PipelineStateManager (PipelineStateManager.java:addPipeline(56)) - Created pipeline Pipeline[ Id: e1a9f66e-de0f-4eaa-b925-ef5dd0f5256d, Nodes: 4d51b372-1aca-44dd-a481-2d5d38da6b73{ip: 192.168.36.85, host: pr-hdds-1898-9jx57-4170240974, networkLocation: /default-rack, certSerialId: null}67abc4f8-8424-4a13-a91f-3faee2bb56e5{ip: 192.168.36.85, host: pr-hdds-1898-9jx57-4170240974, networkLocation: /default-rack, certSerialId: null}efb90bff-72c5-4ce9-affc-3f37be090605{ip: 192.168.36.85, host: pr-hdds-1898-9jx57-4170240974, networkLocation: /default-rack, certSerialId: null}, Type:RATIS, Factor:THREE, State:OPEN]
2019-08-22 09:17:03,031 [Thread-1307] INFO  impl.FollowerState (FollowerState.java:run(106)) - d22de7f6-7510-48e4-8f97-1191f0294a01:group-5F5C89E411E9 changes to CANDIDATE, lastRpcTime:1039, electionTimeout:1039ms
2019-08-22 09:17:03,031 [Thread-1307] INFO  impl.RoleInfo (RoleInfo.java:shutdownFollowerState(121)) - d22de7f6-7510-48e4-8f97-1191f0294a01: shutdown FollowerState
2019-08-22 09:17:03,031 [Thread-1307] INFO  impl.RaftServerImpl (RaftServerImpl.java:setRole(171)) - d22de7f6-7510-48e4-8f97-1191f0294a01:group-5F5C89E411E9 changes role from FOLLOWER to CANDIDATE at term 0 for changeToCandidate
2019-08-22 09:17:03,031 [Thread-1307] INFO  impl.RoleInfo (RoleInfo.java:updateAndGet(143)) - d22de7f6-7510-48e4-8f97-1191f0294a01: start LeaderElection
2019-08-22 09:17:03,060 [d22de7f6-7510-48e4-8f97-1191f0294a01:group-5F5C89E411E9:LeaderElection38] INFO  impl.LeaderElection (LeaderElection.java:askForVotes(181)) - d22de7f6-7510-48e4-8f97-1191f0294a01:group-5F5C89E411E9:LeaderElection38: begin an election at term 1 for -1: [d22de7f6-7510-48e4-8f97-1191f0294a01:192.168.36.85:43465], old=null
2019-08-22 09:17:03,060 [d22de7f6-7510-48e4-8f97-1191f0294a01:group-5F5C89E411E9:LeaderElection38] INFO  impl.RoleInfo (RoleInfo.java:shutdownLeaderElection(134)) - d22de7f6-7510-48e4-8f97-1191f0294a01: shutdown LeaderElection
2019-08-22 09:17:03,060 [d22de7f6-7510-48e4-8f97-1191f0294a01:group-5F5C89E411E9:LeaderElection38] INFO  impl.RaftServerImpl (RaftServerImpl.java:setRole(171)) - d22de7f6-7510-48e4-8f97-1191f0294a01:group-5F5C89E411E9 changes role from CANDIDATE to LEADER at term 1 for changeToLeader
2019-08-22 09:17:03,061 [d22de7f6-7510-48e4-8f97-1191f0294a01:group-5F5C89E411E9:LeaderElection38] INFO  impl.RaftServerImpl (ServerState.java:setLeader(263)) - d22de7f6-7510-48e4-8f97-1191f0294a01:group-5F5C89E411E9 change Leader from null to d22de7f6-7510-48e4-8f97-1191f0294a01 at term 1 for becomeLeader, leader elected after 1073ms
2019-08-22 09:17:03,061 [d22de7f6-7510-48e4-8f97-1191f0294a01:group-5F5C89E411E9:LeaderElection38] INFO  server.RaftServerConfigKeys (ConfUtils.java:logGet(43)) - raft.server.staging.catchup.gap = 1000 (default)
2019-08-22 09:17:03,061 [d22de7f6-7510-48e4-8f97-1191f0294a01:group-5F5C89E411E9:LeaderElection38] INFO  server.RaftServerConfigKeys (ConfUtils.java:logGet(43)) - raft.server.rpc.sleep.time = 25ms (default)
2019-08-22 09:17:03,061 [d22de7f6-7510-48e4-8f97-1191f0294a01:group-5F5C89E411E9:LeaderElection38] INFO  server.RaftServerConfigKeys (ConfUtils.java:logGet(43)) - raft.server.write.element-limit = 4096 (default)
2019-08-22 09:17:03,061 [d22de7f6-7510-48e4-8f97-1191f0294a01:group-5F5C89E411E9:LeaderElection38] INFO  server.RaftServerConfigKeys (ConfUtils.java:logGet(43)) - raft.server.watch.timeout = 10s (default)
2019-08-22 09:17:03,062 [d22de7f6-7510-48e4-8f97-1191f0294a01:group-5F5C89E411E9:LeaderElection38] INFO  server.RaftServerConfigKeys (ConfUtils.java:logGet(43)) - raft.server.watch.timeout.denomination = 1s (default)
2019-08-22 09:17:03,062 [d22de7f6-7510-48e4-8f97-1191f0294a01:group-5F5C89E411E9:LeaderElection38] INFO  server.RaftServerConfigKeys (ConfUtils.java:logGet(43)) - raft.server.watch.element-limit = 65536 (default)
2019-08-22 09:17:03,062 [d22de7f6-7510-48e4-8f97-1191f0294a01:group-5F5C89E411E9:LeaderElection38] INFO  impl.RoleInfo (RoleInfo.java:updateAndGet(143)) - d22de7f6-7510-48e4-8f97-1191f0294a01: start LeaderState
2019-08-22 09:17:03,062 [d22de7f6-7510-48e4-8f97-1191f0294a01:group-5F5C89E411E9:LeaderElection38] INFO  segmented.SegmentedRaftLogWorker (SegmentedRaftLogWorker.java:startLogSegment(380)) - d22de7f6-7510-48e4-8f97-1191f0294a01-SegmentedRaftLogWorker:Storage Directory /workdir/hadoop-ozone/integration-test/target/test-dir/MiniOzoneClusterImpl-b4094933-c81e-4e47-9f4e-b6682d02a4e3/datanode-1/data/ratis/d848b57a-f9d2-4724-8dce-5f5c89e411e9: Starting segment from index:0
2019-08-22 09:17:03,063 [d22de7f6-7510-48e4-8f97-1191f0294a01:group-5F5C89E411E9:LeaderElection38] INFO  impl.RaftServerImpl (ServerState.java:setRaftConf(361)) - d22de7f6-7510-48e4-8f97-1191f0294a01:group-5F5C89E411E9 set configuration 0: [d22de7f6-7510-48e4-8f97-1191f0294a01:192.168.36.85:43465], old=null at 0
2019-08-22 09:17:03,119 [d22de7f6-7510-48e4-8f97-1191f0294a01-SegmentedRaftLogWorker:Storage Directory /workdir/hadoop-ozone/integration-test/target/test-dir/MiniOzoneClusterImpl-b4094933-c81e-4e47-9f4e-b6682d02a4e3/datanode-1/data/ratis/d848b57a-f9d2-4724-8dce-5f5c89e411e9] INFO  segmented.SegmentedRaftLogWorker (SegmentedRaftLogWorker.java:execute(569)) - d22de7f6-7510-48e4-8f97-1191f0294a01-SegmentedRaftLogWorker:Storage Directory /workdir/hadoop-ozone/integration-test/target/test-dir/MiniOzoneClusterImpl-b4094933-c81e-4e47-9f4e-b6682d02a4e3/datanode-1/data/ratis/d848b57a-f9d2-4724-8dce-5f5c89e411e9: created new log segment /workdir/hadoop-ozone/integration-test/target/test-dir/MiniOzoneClusterImpl-b4094933-c81e-4e47-9f4e-b6682d02a4e3/datanode-1/data/ratis/d848b57a-f9d2-4724-8dce-5f5c89e411e9/current/log_inprogress_0
2019-08-22 09:17:03,307 [Thread-1316] INFO  impl.FollowerState (FollowerState.java:run(106)) - 8e0331fc-a6ad-49c6-b07b-7e2a4ec9a890:group-D53B9E930755 changes to CANDIDATE, lastRpcTime:1011, electionTimeout:1011ms
2019-08-22 09:17:03,307 [Thread-1316] INFO  impl.RoleInfo (RoleInfo.java:shutdownFollowerState(121)) - 8e0331fc-a6ad-49c6-b07b-7e2a4ec9a890: shutdown FollowerState
2019-08-22 09:17:03,307 [Thread-1316] INFO  impl.RaftServerImpl (RaftServerImpl.java:setRole(171)) - 8e0331fc-a6ad-49c6-b07b-7e2a4ec9a890:group-D53B9E930755 changes role from FOLLOWER to CANDIDATE at term 0 for changeToCandidate
2019-08-22 09:17:03,307 [Thread-1316] INFO  impl.RoleInfo (RoleInfo.java:updateAndGet(143)) - 8e0331fc-a6ad-49c6-b07b-7e2a4ec9a890: start LeaderElection
2019-08-22 09:17:03,344 [8e0331fc-a6ad-49c6-b07b-7e2a4ec9a890:group-D53B9E930755:LeaderElection39] INFO  impl.LeaderElection (LeaderElection.java:askForVotes(181)) - 8e0331fc-a6ad-49c6-b07b-7e2a4ec9a890:group-D53B9E930755:LeaderElection39: begin an election at term 1 for -1: [d22de7f6-7510-48e4-8f97-1191f0294a01:192.168.36.85:43465, 8e0331fc-a6ad-49c6-b07b-7e2a4ec9a890:192.168.36.85:46730, 093f9392-15a1-447b-85fb-4daaec7caf94:192.168.36.85:46381], old=null
2019-08-22 09:17:03,350 [grpc-default-executor-3] INFO  impl.RaftServerImpl (RaftServerImpl.java:setRole(171)) - 093f9392-15a1-447b-85fb-4daaec7caf94:group-D53B9E930755 changes role from FOLLOWER to FOLLOWER at term 1 for recognizeCandidate:8e0331fc-a6ad-49c6-b07b-7e2a4ec9a890
2019-08-22 09:17:03,350 [grpc-default-executor-1] INFO  impl.RaftServerImpl (RaftServerImpl.java:setRole(171)) - d22de7f6-7510-48e4-8f97-1191f0294a01:group-D53B9E930755 changes role from FOLLOWER to FOLLOWER at term 1 for recognizeCandidate:8e0331fc-a6ad-49c6-b07b-7e2a4ec9a890
2019-08-22 09:17:03,350 [grpc-default-executor-3] INFO  impl.RoleInfo (RoleInfo.java:shutdownFollowerState(121)) - 093f9392-15a1-447b-85fb-4daaec7caf94: shutdown FollowerState
2019-08-22 09:17:03,350 [grpc-default-executor-1] INFO  impl.RoleInfo (RoleInfo.java:shutdownFollowerState(121)) - d22de7f6-7510-48e4-8f97-1191f0294a01: shutdown FollowerState
2019-08-22 09:17:03,350 [Thread-1313] INFO  impl.FollowerState (FollowerState.java:run(114)) - 093f9392-15a1-447b-85fb-4daaec7caf94: FollowerState was interrupted: java.lang.InterruptedException: sleep interrupted
2019-08-22 09:17:03,350 [grpc-default-executor-3] INFO  impl.RoleInfo (RoleInfo.java:updateAndGet(143)) - 093f9392-15a1-447b-85fb-4daaec7caf94: start FollowerState
2019-08-22 09:17:03,350 [Thread-1319] INFO  impl.FollowerState (FollowerState.java:run(114)) - d22de7f6-7510-48e4-8f97-1191f0294a01: FollowerState was interrupted: java.lang.InterruptedException: sleep interrupted
2019-08-22 09:17:03,350 [grpc-default-executor-1] INFO  impl.RoleInfo (RoleInfo.java:updateAndGet(143)) - d22de7f6-7510-48e4-8f97-1191f0294a01: start FollowerState
2019-08-22 09:17:03,366 [Thread-1310] INFO  impl.FollowerState (FollowerState.java:run(106)) - 8e0331fc-a6ad-49c6-b07b-7e2a4ec9a890:group-1D662FBA22E7 changes to CANDIDATE, lastRpcTime:1141, electionTimeout:1141ms
2019-08-22 09:17:03,366 [Thread-1310] INFO  impl.RoleInfo (RoleInfo.java:shutdownFollowerState(121)) - 8e0331fc-a6ad-49c6-b07b-7e2a4ec9a890: shutdown FollowerState
2019-08-22 09:17:03,366 [Thread-1310] INFO  impl.RaftServerImpl (RaftServerImpl.java:setRole(171)) - 8e0331fc-a6ad-49c6-b07b-7e2a4ec9a890:group-1D662FBA22E7 changes role from FOLLOWER to CANDIDATE at term 0 for changeToCandidate
2019-08-22 09:17:03,366 [Thread-1310] INFO  impl.RoleInfo (RoleInfo.java:updateAndGet(143)) - 8e0331fc-a6ad-49c6-b07b-7e2a4ec9a890: start LeaderElection
2019-08-22 09:17:03,379 [8e0331fc-a6ad-49c6-b07b-7e2a4ec9a890:group-D53B9E930755:LeaderElection39] INFO  impl.LeaderElection (LeaderElection.java:logAndReturn(56)) - 8e0331fc-a6ad-49c6-b07b-7e2a4ec9a890:group-D53B9E930755:LeaderElection39: Election PASSED; received 1 response(s) [8e0331fc-a6ad-49c6-b07b-7e2a4ec9a890<-d22de7f6-7510-48e4-8f97-1191f0294a01#0:OK-t1] and 0 exception(s); 8e0331fc-a6ad-49c6-b07b-7e2a4ec9a890:t1, leader=null, voted=8e0331fc-a6ad-49c6-b07b-7e2a4ec9a890, raftlog=8e0331fc-a6ad-49c6-b07b-7e2a4ec9a890-SegmentedRaftLog:OPENED:c-1,f-1,i0, conf=-1: [d22de7f6-7510-48e4-8f97-1191f0294a01:192.168.36.85:43465, 8e0331fc-a6ad-49c6-b07b-7e2a4ec9a890:192.168.36.85:46730, 093f9392-15a1-447b-85fb-4daaec7caf94:192.168.36.85:46381], old=null
2019-08-22 09:17:03,379 [8e0331fc-a6ad-49c6-b07b-7e2a4ec9a890:group-D53B9E930755:LeaderElection39] INFO  impl.RoleInfo (RoleInfo.java:shutdownLeaderElection(134)) - 8e0331fc-a6ad-49c6-b07b-7e2a4ec9a890: shutdown LeaderElection
2019-08-22 09:17:03,379 [8e0331fc-a6ad-49c6-b07b-7e2a4ec9a890:group-D53B9E930755:LeaderElection39] INFO  impl.RaftServerImpl (RaftServerImpl.java:setRole(171)) - 8e0331fc-a6ad-49c6-b07b-7e2a4ec9a890:group-D53B9E930755 changes role from CANDIDATE to LEADER at term 1 for changeToLeader
2019-08-22 09:17:03,379 [8e0331fc-a6ad-49c6-b07b-7e2a4ec9a890:group-D53B9E930755:LeaderElection39] INFO  impl.RaftServerImpl (ServerState.java:setLeader(263)) - 8e0331fc-a6ad-49c6-b07b-7e2a4ec9a890:group-D53B9E930755 change Leader from null to 8e0331fc-a6ad-49c6-b07b-7e2a4ec9a890 at term 1 for becomeLeader, leader elected after 1090ms
2019-08-22 09:17:03,380 [8e0331fc-a6ad-49c6-b07b-7e2a4ec9a890:group-D53B9E930755:LeaderElection39] INFO  server.RaftServerConfigKeys (ConfUtils.java:logGet(43)) - raft.server.staging.catchup.gap = 1000 (default)
2019-08-22 09:17:03,380 [8e0331fc-a6ad-49c6-b07b-7e2a4ec9a890:group-D53B9E930755:LeaderElection39] INFO  server.RaftServerConfigKeys (ConfUtils.java:logGet(43)) - raft.server.rpc.sleep.time = 25ms (default)
2019-08-22 09:17:03,380 [8e0331fc-a6ad-49c6-b07b-7e2a4ec9a890:group-D53B9E930755:LeaderElection39] INFO  server.RaftServerConfigKeys (ConfUtils.java:logGet(43)) - raft.server.write.element-limit = 4096 (default)
2019-08-22 09:17:03,380 [8e0331fc-a6ad-49c6-b07b-7e2a4ec9a890:group-D53B9E930755:LeaderElection39] INFO  server.RaftServerConfigKeys (ConfUtils.java:logGet(43)) - raft.server.watch.timeout = 10s (default)
2019-08-22 09:17:03,380 [8e0331fc-a6ad-49c6-b07b-7e2a4ec9a890:group-D53B9E930755:LeaderElection39] INFO  server.RaftServerConfigKeys (ConfUtils.java:logGet(43)) - raft.server.watch.timeout.denomination = 1s (default)
2019-08-22 09:17:03,380 [8e0331fc-a6ad-49c6-b07b-7e2a4ec9a890:group-D53B9E930755:LeaderElection39] INFO  server.RaftServerConfigKeys (ConfUtils.java:logGet(43)) - raft.server.watch.element-limit = 65536 (default)
2019-08-22 09:17:03,381 [8e0331fc-a6ad-49c6-b07b-7e2a4ec9a890:group-D53B9E930755:LeaderElection39] INFO  server.RaftServerConfigKeys (ConfUtils.java:logGet(43)) - raft.server.log.appender.snapshot.chunk.size.max = 16MB (=16777216) (default)
2019-08-22 09:17:03,381 [8e0331fc-a6ad-49c6-b07b-7e2a4ec9a890:group-D53B9E930755:LeaderElection39] INFO  server.RaftServerConfigKeys (ConfUtils.java:logGet(43)) - raft.server.log.appender.buffer.byte-limit = 33554432 (custom)
2019-08-22 09:17:03,381 [8e0331fc-a6ad-49c6-b07b-7e2a4ec9a890:group-D53B9E930755:LeaderElection39] INFO  server.RaftServerConfigKeys (ConfUtils.java:logGet(43)) - raft.server.log.appender.buffer.element-limit = 1 (custom)
2019-08-22 09:17:03,381 [8e0331fc-a6ad-49c6-b07b-7e2a4ec9a890:group-D53B9E930755:LeaderElection39] INFO  grpc.GrpcConfigKeys$Server (ConfUtils.java:logGet(43)) - raft.grpc.server.leader.outstanding.appends.max = 128 (default)
2019-08-22 09:17:03,382 [8e0331fc-a6ad-49c6-b07b-7e2a4ec9a890:group-D53B9E930755:LeaderElection39] INFO  server.RaftServerConfigKeys (ConfUtils.java:logGet(43)) - raft.server.rpc.request.timeout = 3000ms (default)
2019-08-22 09:17:03,382 [8e0331fc-a6ad-49c6-b07b-7e2a4ec9a890:group-D53B9E930755:LeaderElection39] INFO  server.RaftServerConfigKeys (ConfUtils.java:logGet(43)) - raft.server.log.appender.install.snapshot.enabled = false (custom)
2019-08-22 09:17:03,382 [8e0331fc-a6ad-49c6-b07b-7e2a4ec9a890:group-D53B9E930755:LeaderElection39] INFO  server.RaftServerConfigKeys (ConfUtils.java:logGet(43)) - raft.server.log.appender.snapshot.chunk.size.max = 16MB (=16777216) (default)
2019-08-22 09:17:03,382 [8e0331fc-a6ad-49c6-b07b-7e2a4ec9a890:group-D53B9E930755:LeaderElection39] INFO  server.RaftServerConfigKeys (ConfUtils.java:logGet(43)) - raft.server.log.appender.buffer.byte-limit = 33554432 (custom)
2019-08-22 09:17:03,382 [8e0331fc-a6ad-49c6-b07b-7e2a4ec9a890:group-D53B9E930755:LeaderElection39] INFO  server.RaftServerConfigKeys (ConfUtils.java:logGet(43)) - raft.server.log.appender.buffer.element-limit = 1 (custom)
2019-08-22 09:17:03,383 [8e0331fc-a6ad-49c6-b07b-7e2a4ec9a890:group-D53B9E930755:LeaderElection39] INFO  grpc.GrpcConfigKeys$Server (ConfUtils.java:logGet(43)) - raft.grpc.server.leader.outstanding.appends.max = 128 (default)
2019-08-22 09:17:03,383 [8e0331fc-a6ad-49c6-b07b-7e2a4ec9a890:group-D53B9E930755:LeaderElection39] INFO  server.RaftServerConfigKeys (ConfUtils.java:logGet(43)) - raft.server.rpc.request.timeout = 3000ms (default)
2019-08-22 09:17:03,383 [8e0331fc-a6ad-49c6-b07b-7e2a4ec9a890:group-D53B9E930755:LeaderElection39] INFO  server.RaftServerConfigKeys (ConfUtils.java:logGet(43)) - raft.server.log.appender.install.snapshot.enabled = false (custom)
2019-08-22 09:17:03,383 [8e0331fc-a6ad-49c6-b07b-7e2a4ec9a890:group-D53B9E930755:LeaderElection39] INFO  impl.RoleInfo (RoleInfo.java:updateAndGet(143)) - 8e0331fc-a6ad-49c6-b07b-7e2a4ec9a890: start LeaderState
2019-08-22 09:17:03,384 [8e0331fc-a6ad-49c6-b07b-7e2a4ec9a890:group-D53B9E930755:LeaderElection39] INFO  segmented.SegmentedRaftLogWorker (SegmentedRaftLogWorker.java:startLogSegment(380)) - 8e0331fc-a6ad-49c6-b07b-7e2a4ec9a890-SegmentedRaftLogWorker:Storage Directory /workdir/hadoop-ozone/integration-test/target/test-dir/MiniOzoneClusterImpl-b4094933-c81e-4e47-9f4e-b6682d02a4e3/datanode-2/data/ratis/842c8521-cd23-4f59-9d81-d53b9e930755: Starting segment from index:0
2019-08-22 09:17:03,384 [8e0331fc-a6ad-49c6-b07b-7e2a4ec9a890:group-D53B9E930755:LeaderElection39] INFO  impl.RaftServerImpl (ServerState.java:setRaftConf(361)) - 8e0331fc-a6ad-49c6-b07b-7e2a4ec9a890:group-D53B9E930755 set configuration 0: [d22de7f6-7510-48e4-8f97-1191f0294a01:192.168.36.85:43465, 8e0331fc-a6ad-49c6-b07b-7e2a4ec9a890:192.168.36.85:46730, 093f9392-15a1-447b-85fb-4daaec7caf94:192.168.36.85:46381], old=null at 0
2019-08-22 09:17:03,387 [grpc-default-executor-1] INFO  impl.RaftServerImpl (ServerState.java:setLeader(263)) - d22de7f6-7510-48e4-8f97-1191f0294a01:group-D53B9E930755 change Leader from null to 8e0331fc-a6ad-49c6-b07b-7e2a4ec9a890 at term 1 for appendEntries, leader elected after 1097ms
2019-08-22 09:17:03,415 [Thread-1322] INFO  impl.FollowerState (FollowerState.java:run(106)) - efb90bff-72c5-4ce9-affc-3f37be090605:group-2EE541EC6892 changes to CANDIDATE, lastRpcTime:1010, electionTimeout:1001ms
2019-08-22 09:17:03,415 [8e0331fc-a6ad-49c6-b07b-7e2a4ec9a890:group-1D662FBA22E7:LeaderElection40] INFO  impl.LeaderElection (LeaderElection.java:askForVotes(181)) - 8e0331fc-a6ad-49c6-b07b-7e2a4ec9a890:group-1D662FBA22E7:LeaderElection40: begin an election at term 1 for -1: [8e0331fc-a6ad-49c6-b07b-7e2a4ec9a890:192.168.36.85:46730], old=null
2019-08-22 09:17:03,415 [Thread-1322] INFO  impl.RoleInfo (RoleInfo.java:shutdownFollowerState(121)) - efb90bff-72c5-4ce9-affc-3f37be090605: shutdown FollowerState
2019-08-22 09:17:03,417 [grpc-default-executor-1] INFO  impl.RaftServerImpl (ServerState.java:setLeader(263)) - 093f9392-15a1-447b-85fb-4daaec7caf94:group-D53B9E930755 change Leader from null to 8e0331fc-a6ad-49c6-b07b-7e2a4ec9a890 at term 1 for appendEntries, leader elected after 1127ms
2019-08-22 09:17:03,415 [8e0331fc-a6ad-49c6-b07b-7e2a4ec9a890:group-1D662FBA22E7:LeaderElection40] INFO  impl.RoleInfo (RoleInfo.java:shutdownLeaderElection(134)) - 8e0331fc-a6ad-49c6-b07b-7e2a4ec9a890: shutdown LeaderElection
2019-08-22 09:17:03,417 [Thread-1322] INFO  impl.RaftServerImpl (RaftServerImpl.java:setRole(171)) - efb90bff-72c5-4ce9-affc-3f37be090605:group-2EE541EC6892 changes role from FOLLOWER to CANDIDATE at term 0 for changeToCandidate
2019-08-22 09:17:03,417 [8e0331fc-a6ad-49c6-b07b-7e2a4ec9a890:group-1D662FBA22E7:LeaderElection40] INFO  impl.RaftServerImpl (RaftServerImpl.java:setRole(171)) - 8e0331fc-a6ad-49c6-b07b-7e2a4ec9a890:group-1D662FBA22E7 changes role from CANDIDATE to LEADER at term 1 for changeToLeader
2019-08-22 09:17:03,417 [Thread-1322] INFO  impl.RoleInfo (RoleInfo.java:updateAndGet(143)) - efb90bff-72c5-4ce9-affc-3f37be090605: start LeaderElection
2019-08-22 09:17:03,417 [8e0331fc-a6ad-49c6-b07b-7e2a4ec9a890:group-1D662FBA22E7:LeaderElection40] INFO  impl.RaftServerImpl (ServerState.java:setLeader(263)) - 8e0331fc-a6ad-49c6-b07b-7e2a4ec9a890:group-1D662FBA22E7 change Leader from null to 8e0331fc-a6ad-49c6-b07b-7e2a4ec9a890 at term 1 for becomeLeader, leader elected after 1196ms
2019-08-22 09:17:03,419 [8e0331fc-a6ad-49c6-b07b-7e2a4ec9a890:group-1D662FBA22E7:LeaderElection40] INFO  server.RaftServerConfigKeys (ConfUtils.java:logGet(43)) - raft.server.staging.catchup.gap = 1000 (default)
2019-08-22 09:17:03,419 [8e0331fc-a6ad-49c6-b07b-7e2a4ec9a890:group-1D662FBA22E7:LeaderElection40] INFO  server.RaftServerConfigKeys (ConfUtils.java:logGet(43)) - raft.server.rpc.sleep.time = 25ms (default)
2019-08-22 09:17:03,421 [grpc-default-executor-1] INFO  impl.RaftServerImpl (ServerState.java:setRaftConf(361)) - d22de7f6-7510-48e4-8f97-1191f0294a01:group-D53B9E930755 set configuration 0: [d22de7f6-7510-48e4-8f97-1191f0294a01:192.168.36.85:43465, 8e0331fc-a6ad-49c6-b07b-7e2a4ec9a890:192.168.36.85:46730, 093f9392-15a1-447b-85fb-4daaec7caf94:192.168.36.85:46381], old=null at 0
2019-08-22 09:17:03,421 [8e0331fc-a6ad-49c6-b07b-7e2a4ec9a890:group-1D662FBA22E7:LeaderElection40] INFO  server.RaftServerConfigKeys (ConfUtils.java:logGet(43)) - raft.server.write.element-limit = 4096 (default)
2019-08-22 09:17:03,421 [grpc-default-executor-1] INFO  segmented.SegmentedRaftLogWorker (SegmentedRaftLogWorker.java:startLogSegment(380)) - d22de7f6-7510-48e4-8f97-1191f0294a01-SegmentedRaftLogWorker:Storage Directory /workdir/hadoop-ozone/integration-test/target/test-dir/MiniOzoneClusterImpl-b4094933-c81e-4e47-9f4e-b6682d02a4e3/datanode-1/data/ratis/842c8521-cd23-4f59-9d81-d53b9e930755: Starting segment from index:0
2019-08-22 09:17:03,422 [8e0331fc-a6ad-49c6-b07b-7e2a4ec9a890:group-1D662FBA22E7:LeaderElection40] INFO  server.RaftServerConfigKeys (ConfUtils.java:logGet(43)) - raft.server.watch.timeout = 10s (default)
2019-08-22 09:17:03,422 [8e0331fc-a6ad-49c6-b07b-7e2a4ec9a890:group-1D662FBA22E7:LeaderElection40] INFO  server.RaftServerConfigKeys (ConfUtils.java:logGet(43)) - raft.server.watch.timeout.denomination = 1s (default)
2019-08-22 09:17:03,422 [8e0331fc-a6ad-49c6-b07b-7e2a4ec9a890:group-1D662FBA22E7:LeaderElection40] INFO  server.RaftServerConfigKeys (ConfUtils.java:logGet(43)) - raft.server.watch.element-limit = 65536 (default)
2019-08-22 09:17:03,459 [efb90bff-72c5-4ce9-affc-3f37be090605:group-2EE541EC6892:LeaderElection41] INFO  impl.LeaderElection (LeaderElection.java:askForVotes(181)) - efb90bff-72c5-4ce9-affc-3f37be090605:group-2EE541EC6892:LeaderElection41: begin an election at term 1 for -1: [efb90bff-72c5-4ce9-affc-3f37be090605:192.168.36.85:35511], old=null
2019-08-22 09:17:03,459 [grpc-default-executor-1] INFO  impl.RaftServerImpl (ServerState.java:setRaftConf(361)) - 093f9392-15a1-447b-85fb-4daaec7caf94:group-D53B9E930755 set configuration 0: [d22de7f6-7510-48e4-8f97-1191f0294a01:192.168.36.85:43465, 8e0331fc-a6ad-49c6-b07b-7e2a4ec9a890:192.168.36.85:46730, 093f9392-15a1-447b-85fb-4daaec7caf94:192.168.36.85:46381], old=null at 0
2019-08-22 09:17:03,459 [8e0331fc-a6ad-49c6-b07b-7e2a4ec9a890-SegmentedRaftLogWorker:Storage Directory /workdir/hadoop-ozone/integration-test/target/test-dir/MiniOzoneClusterImpl-b4094933-c81e-4e47-9f4e-b6682d02a4e3/datanode-2/data/ratis/842c8521-cd23-4f59-9d81-d53b9e930755] INFO  segmented.SegmentedRaftLogWorker (SegmentedRaftLogWorker.java:execute(569)) - 8e0331fc-a6ad-49c6-b07b-7e2a4ec9a890-SegmentedRaftLogWorker:Storage Directory /workdir/hadoop-ozone/integration-test/target/test-dir/MiniOzoneClusterImpl-b4094933-c81e-4e47-9f4e-b6682d02a4e3/datanode-2/data/ratis/842c8521-cd23-4f59-9d81-d53b9e930755: created new log segment /workdir/hadoop-ozone/integration-test/target/test-dir/MiniOzoneClusterImpl-b4094933-c81e-4e47-9f4e-b6682d02a4e3/datanode-2/data/ratis/842c8521-cd23-4f59-9d81-d53b9e930755/current/log_inprogress_0
2019-08-22 09:17:03,460 [grpc-default-executor-1] INFO  segmented.SegmentedRaftLogWorker (SegmentedRaftLogWorker.java:startLogSegment(380)) - 093f9392-15a1-447b-85fb-4daaec7caf94-SegmentedRaftLogWorker:Storage Directory /workdir/hadoop-ozone/integration-test/target/test-dir/MiniOzoneClusterImpl-b4094933-c81e-4e47-9f4e-b6682d02a4e3/datanode-0/data/ratis/842c8521-cd23-4f59-9d81-d53b9e930755: Starting segment from index:0
2019-08-22 09:17:03,459 [efb90bff-72c5-4ce9-affc-3f37be090605:group-2EE541EC6892:LeaderElection41] INFO  impl.RoleInfo (RoleInfo.java:shutdownLeaderElection(134)) - efb90bff-72c5-4ce9-affc-3f37be090605: shutdown LeaderElection
2019-08-22 09:17:03,459 [8e0331fc-a6ad-49c6-b07b-7e2a4ec9a890:group-1D662FBA22E7:LeaderElection40] INFO  impl.RoleInfo (RoleInfo.java:updateAndGet(143)) - 8e0331fc-a6ad-49c6-b07b-7e2a4ec9a890: start LeaderState
2019-08-22 09:17:03,460 [efb90bff-72c5-4ce9-affc-3f37be090605:group-2EE541EC6892:LeaderElection41] INFO  impl.RaftServerImpl (RaftServerImpl.java:setRole(171)) - efb90bff-72c5-4ce9-affc-3f37be090605:group-2EE541EC6892 changes role from CANDIDATE to LEADER at term 1 for changeToLeader
2019-08-22 09:17:03,460 [8e0331fc-a6ad-49c6-b07b-7e2a4ec9a890:group-1D662FBA22E7:LeaderElection40] INFO  segmented.SegmentedRaftLogWorker (SegmentedRaftLogWorker.java:startLogSegment(380)) - 8e0331fc-a6ad-49c6-b07b-7e2a4ec9a890-SegmentedRaftLogWorker:Storage Directory /workdir/hadoop-ozone/integration-test/target/test-dir/MiniOzoneClusterImpl-b4094933-c81e-4e47-9f4e-b6682d02a4e3/datanode-2/data/ratis/b6779e4c-b207-4d36-b110-1d662fba22e7: Starting segment from index:0
2019-08-22 09:17:03,460 [efb90bff-72c5-4ce9-affc-3f37be090605:group-2EE541EC6892:LeaderElection41] INFO  impl.RaftServerImpl (ServerState.java:setLeader(263)) - efb90bff-72c5-4ce9-affc-3f37be090605:group-2EE541EC6892 change Leader from null to efb90bff-72c5-4ce9-affc-3f37be090605 at term 1 for becomeLeader, leader elected after 1061ms
2019-08-22 09:17:03,461 [8e0331fc-a6ad-49c6-b07b-7e2a4ec9a890:group-1D662FBA22E7:LeaderElection40] INFO  impl.RaftServerImpl (ServerState.java:setRaftConf(361)) - 8e0331fc-a6ad-49c6-b07b-7e2a4ec9a890:group-1D662FBA22E7 set configuration 0: [8e0331fc-a6ad-49c6-b07b-7e2a4ec9a890:192.168.36.85:46730], old=null at 0
2019-08-22 09:17:03,461 [efb90bff-72c5-4ce9-affc-3f37be090605:group-2EE541EC6892:LeaderElection41] INFO  server.RaftServerConfigKeys (ConfUtils.java:logGet(43)) - raft.server.staging.catchup.gap = 1000 (default)
2019-08-22 09:17:03,503 [d22de7f6-7510-48e4-8f97-1191f0294a01-SegmentedRaftLogWorker:Storage Directory /workdir/hadoop-ozone/integration-test/target/test-dir/MiniOzoneClusterImpl-b4094933-c81e-4e47-9f4e-b6682d02a4e3/datanode-1/data/ratis/842c8521-cd23-4f59-9d81-d53b9e930755] INFO  segmented.SegmentedRaftLogWorker (SegmentedRaftLogWorker.java:execute(569)) - d22de7f6-7510-48e4-8f97-1191f0294a01-SegmentedRaftLogWorker:Storage Directory /workdir/hadoop-ozone/integration-test/target/test-dir/MiniOzoneClusterImpl-b4094933-c81e-4e47-9f4e-b6682d02a4e3/datanode-1/data/ratis/842c8521-cd23-4f59-9d81-d53b9e930755: created new log segment /workdir/hadoop-ozone/integration-test/target/test-dir/MiniOzoneClusterImpl-b4094933-c81e-4e47-9f4e-b6682d02a4e3/datanode-1/data/ratis/842c8521-cd23-4f59-9d81-d53b9e930755/current/log_inprogress_0
2019-08-22 09:17:03,504 [efb90bff-72c5-4ce9-affc-3f37be090605:group-2EE541EC6892:LeaderElection41] INFO  server.RaftServerConfigKeys (ConfUtils.java:logGet(43)) - raft.server.rpc.sleep.time = 25ms (default)
2019-08-22 09:17:03,504 [efb90bff-72c5-4ce9-affc-3f37be090605:group-2EE541EC6892:LeaderElection41] INFO  server.RaftServerConfigKeys (ConfUtils.java:logGet(43)) - raft.server.write.element-limit = 4096 (default)
2019-08-22 09:17:03,504 [efb90bff-72c5-4ce9-affc-3f37be090605:group-2EE541EC6892:LeaderElection41] INFO  server.RaftServerConfigKeys (ConfUtils.java:logGet(43)) - raft.server.watch.timeout = 10s (default)
2019-08-22 09:17:03,504 [efb90bff-72c5-4ce9-affc-3f37be090605:group-2EE541EC6892:LeaderElection41] INFO  server.RaftServerConfigKeys (ConfUtils.java:logGet(43)) - raft.server.watch.timeout.denomination = 1s (default)
2019-08-22 09:17:03,504 [efb90bff-72c5-4ce9-affc-3f37be090605:group-2EE541EC6892:LeaderElection41] INFO  server.RaftServerConfigKeys (ConfUtils.java:logGet(43)) - raft.server.watch.element-limit = 65536 (default)
2019-08-22 09:17:03,505 [efb90bff-72c5-4ce9-affc-3f37be090605:group-2EE541EC6892:LeaderElection41] INFO  impl.RoleInfo (RoleInfo.java:updateAndGet(143)) - efb90bff-72c5-4ce9-affc-3f37be090605: start LeaderState
2019-08-22 09:17:03,505 [efb90bff-72c5-4ce9-affc-3f37be090605:group-2EE541EC6892:LeaderElection41] INFO  segmented.SegmentedRaftLogWorker (SegmentedRaftLogWorker.java:startLogSegment(380)) - efb90bff-72c5-4ce9-affc-3f37be090605-SegmentedRaftLogWorker:Storage Directory /workdir/hadoop-ozone/integration-test/target/test-dir/MiniOzoneClusterImpl-b4094933-c81e-4e47-9f4e-b6682d02a4e3/datanode-3/data/ratis/142b0a14-7f79-4db5-9028-2ee541ec6892: Starting segment from index:0
2019-08-22 09:17:03,505 [efb90bff-72c5-4ce9-affc-3f37be090605:group-2EE541EC6892:LeaderElection41] INFO  impl.RaftServerImpl (ServerState.java:setRaftConf(361)) - efb90bff-72c5-4ce9-affc-3f37be090605:group-2EE541EC6892 set configuration 0: [efb90bff-72c5-4ce9-affc-3f37be090605:192.168.36.85:35511], old=null at 0
2019-08-22 09:17:03,543 [093f9392-15a1-447b-85fb-4daaec7caf94-SegmentedRaftLogWorker:Storage Directory /workdir/hadoop-ozone/integration-test/target/test-dir/MiniOzoneClusterImpl-b4094933-c81e-4e47-9f4e-b6682d02a4e3/datanode-0/data/ratis/842c8521-cd23-4f59-9d81-d53b9e930755] INFO  segmented.SegmentedRaftLogWorker (SegmentedRaftLogWorker.java:execute(569)) - 093f9392-15a1-447b-85fb-4daaec7caf94-SegmentedRaftLogWorker:Storage Directory /workdir/hadoop-ozone/integration-test/target/test-dir/MiniOzoneClusterImpl-b4094933-c81e-4e47-9f4e-b6682d02a4e3/datanode-0/data/ratis/842c8521-cd23-4f59-9d81-d53b9e930755: created new log segment /workdir/hadoop-ozone/integration-test/target/test-dir/MiniOzoneClusterImpl-b4094933-c81e-4e47-9f4e-b6682d02a4e3/datanode-0/data/ratis/842c8521-cd23-4f59-9d81-d53b9e930755/current/log_inprogress_0
2019-08-22 09:17:03,543 [8e0331fc-a6ad-49c6-b07b-7e2a4ec9a890-SegmentedRaftLogWorker:Storage Directory /workdir/hadoop-ozone/integration-test/target/test-dir/MiniOzoneClusterImpl-b4094933-c81e-4e47-9f4e-b6682d02a4e3/datanode-2/data/ratis/b6779e4c-b207-4d36-b110-1d662fba22e7] INFO  segmented.SegmentedRaftLogWorker (SegmentedRaftLogWorker.java:execute(569)) - 8e0331fc-a6ad-49c6-b07b-7e2a4ec9a890-SegmentedRaftLogWorker:Storage Directory /workdir/hadoop-ozone/integration-test/target/test-dir/MiniOzoneClusterImpl-b4094933-c81e-4e47-9f4e-b6682d02a4e3/datanode-2/data/ratis/b6779e4c-b207-4d36-b110-1d662fba22e7: created new log segment /workdir/hadoop-ozone/integration-test/target/test-dir/MiniOzoneClusterImpl-b4094933-c81e-4e47-9f4e-b6682d02a4e3/datanode-2/data/ratis/b6779e4c-b207-4d36-b110-1d662fba22e7/current/log_inprogress_0
2019-08-22 09:17:03,564 [efb90bff-72c5-4ce9-affc-3f37be090605-SegmentedRaftLogWorker:Storage Directory /workdir/hadoop-ozone/integration-test/target/test-dir/MiniOzoneClusterImpl-b4094933-c81e-4e47-9f4e-b6682d02a4e3/datanode-3/data/ratis/142b0a14-7f79-4db5-9028-2ee541ec6892] INFO  segmented.SegmentedRaftLogWorker (SegmentedRaftLogWorker.java:execute(569)) - efb90bff-72c5-4ce9-affc-3f37be090605-SegmentedRaftLogWorker:Storage Directory /workdir/hadoop-ozone/integration-test/target/test-dir/MiniOzoneClusterImpl-b4094933-c81e-4e47-9f4e-b6682d02a4e3/datanode-3/data/ratis/142b0a14-7f79-4db5-9028-2ee541ec6892: created new log segment /workdir/hadoop-ozone/integration-test/target/test-dir/MiniOzoneClusterImpl-b4094933-c81e-4e47-9f4e-b6682d02a4e3/datanode-3/data/ratis/142b0a14-7f79-4db5-9028-2ee541ec6892/current/log_inprogress_0
2019-08-22 09:17:03,683 [Thread-1325] INFO  impl.FollowerState (FollowerState.java:run(106)) - 4d51b372-1aca-44dd-a481-2d5d38da6b73:group-E25F9BD743B7 changes to CANDIDATE, lastRpcTime:1062, electionTimeout:1062ms
2019-08-22 09:17:03,683 [Thread-1325] INFO  impl.RoleInfo (RoleInfo.java:shutdownFollowerState(121)) - 4d51b372-1aca-44dd-a481-2d5d38da6b73: shutdown FollowerState
2019-08-22 09:17:03,683 [Thread-1325] INFO  impl.RaftServerImpl (RaftServerImpl.java:setRole(171)) - 4d51b372-1aca-44dd-a481-2d5d38da6b73:group-E25F9BD743B7 changes role from FOLLOWER to CANDIDATE at term 0 for changeToCandidate
2019-08-22 09:17:03,683 [Thread-1325] INFO  impl.RoleInfo (RoleInfo.java:updateAndGet(143)) - 4d51b372-1aca-44dd-a481-2d5d38da6b73: start LeaderElection
2019-08-22 09:17:03,722 [4d51b372-1aca-44dd-a481-2d5d38da6b73:group-E25F9BD743B7:LeaderElection42] INFO  impl.LeaderElection (LeaderElection.java:askForVotes(181)) - 4d51b372-1aca-44dd-a481-2d5d38da6b73:group-E25F9BD743B7:LeaderElection42: begin an election at term 1 for -1: [4d51b372-1aca-44dd-a481-2d5d38da6b73:192.168.36.85:36387], old=null
2019-08-22 09:17:03,722 [4d51b372-1aca-44dd-a481-2d5d38da6b73:group-E25F9BD743B7:LeaderElection42] INFO  impl.RoleInfo (RoleInfo.java:shutdownLeaderElection(134)) - 4d51b372-1aca-44dd-a481-2d5d38da6b73: shutdown LeaderElection
2019-08-22 09:17:03,723 [4d51b372-1aca-44dd-a481-2d5d38da6b73:group-E25F9BD743B7:LeaderElection42] INFO  impl.RaftServerImpl (RaftServerImpl.java:setRole(171)) - 4d51b372-1aca-44dd-a481-2d5d38da6b73:group-E25F9BD743B7 changes role from CANDIDATE to LEADER at term 1 for changeToLeader
2019-08-22 09:17:03,723 [4d51b372-1aca-44dd-a481-2d5d38da6b73:group-E25F9BD743B7:LeaderElection42] INFO  impl.RaftServerImpl (ServerState.java:setLeader(263)) - 4d51b372-1aca-44dd-a481-2d5d38da6b73:group-E25F9BD743B7 change Leader from null to 4d51b372-1aca-44dd-a481-2d5d38da6b73 at term 1 for becomeLeader, leader elected after 1106ms
2019-08-22 09:17:03,723 [4d51b372-1aca-44dd-a481-2d5d38da6b73:group-E25F9BD743B7:LeaderElection42] INFO  server.RaftServerConfigKeys (ConfUtils.java:logGet(43)) - raft.server.staging.catchup.gap = 1000 (default)
2019-08-22 09:17:03,723 [4d51b372-1aca-44dd-a481-2d5d38da6b73:group-E25F9BD743B7:LeaderElection42] INFO  server.RaftServerConfigKeys (ConfUtils.java:logGet(43)) - raft.server.rpc.sleep.time = 25ms (default)
2019-08-22 09:17:03,723 [4d51b372-1aca-44dd-a481-2d5d38da6b73:group-E25F9BD743B7:LeaderElection42] INFO  server.RaftServerConfigKeys (ConfUtils.java:logGet(43)) - raft.server.write.element-limit = 4096 (default)
2019-08-22 09:17:03,724 [4d51b372-1aca-44dd-a481-2d5d38da6b73:group-E25F9BD743B7:LeaderElection42] INFO  server.RaftServerConfigKeys (ConfUtils.java:logGet(43)) - raft.server.watch.timeout = 10s (default)
2019-08-22 09:17:03,724 [4d51b372-1aca-44dd-a481-2d5d38da6b73:group-E25F9BD743B7:LeaderElection42] INFO  server.RaftServerConfigKeys (ConfUtils.java:logGet(43)) - raft.server.watch.timeout.denomination = 1s (default)
2019-08-22 09:17:03,724 [4d51b372-1aca-44dd-a481-2d5d38da6b73:group-E25F9BD743B7:LeaderElection42] INFO  server.RaftServerConfigKeys (ConfUtils.java:logGet(43)) - raft.server.watch.element-limit = 65536 (default)
2019-08-22 09:17:03,724 [4d51b372-1aca-44dd-a481-2d5d38da6b73:group-E25F9BD743B7:LeaderElection42] INFO  impl.RoleInfo (RoleInfo.java:updateAndGet(143)) - 4d51b372-1aca-44dd-a481-2d5d38da6b73: start LeaderState
2019-08-22 09:17:03,724 [4d51b372-1aca-44dd-a481-2d5d38da6b73:group-E25F9BD743B7:LeaderElection42] INFO  segmented.SegmentedRaftLogWorker (SegmentedRaftLogWorker.java:startLogSegment(380)) - 4d51b372-1aca-44dd-a481-2d5d38da6b73-SegmentedRaftLogWorker:Storage Directory /workdir/hadoop-ozone/integration-test/target/test-dir/MiniOzoneClusterImpl-b4094933-c81e-4e47-9f4e-b6682d02a4e3/datanode-4/data/ratis/bff50e1e-c5b2-43cd-8339-e25f9bd743b7: Starting segment from index:0
2019-08-22 09:17:03,725 [4d51b372-1aca-44dd-a481-2d5d38da6b73:group-E25F9BD743B7:LeaderElection42] INFO  impl.RaftServerImpl (ServerState.java:setRaftConf(361)) - 4d51b372-1aca-44dd-a481-2d5d38da6b73:group-E25F9BD743B7 set configuration 0: [4d51b372-1aca-44dd-a481-2d5d38da6b73:192.168.36.85:36387], old=null at 0
2019-08-22 09:17:03,767 | INFO  | SCMAudit | user=jenkins1000 | ip=192.168.36.85 | op=SEND_HEARTBEAT {datanodeUUID=093f9392-15a1-447b-85fb-4daaec7caf94, command=[]} | ret=SUCCESS |  
2019-08-22 09:17:03,781 [4d51b372-1aca-44dd-a481-2d5d38da6b73-SegmentedRaftLogWorker:Storage Directory /workdir/hadoop-ozone/integration-test/target/test-dir/MiniOzoneClusterImpl-b4094933-c81e-4e47-9f4e-b6682d02a4e3/datanode-4/data/ratis/bff50e1e-c5b2-43cd-8339-e25f9bd743b7] INFO  segmented.SegmentedRaftLogWorker (SegmentedRaftLogWorker.java:execute(569)) - 4d51b372-1aca-44dd-a481-2d5d38da6b73-SegmentedRaftLogWorker:Storage Directory /workdir/hadoop-ozone/integration-test/target/test-dir/MiniOzoneClusterImpl-b4094933-c81e-4e47-9f4e-b6682d02a4e3/datanode-4/data/ratis/bff50e1e-c5b2-43cd-8339-e25f9bd743b7: created new log segment /workdir/hadoop-ozone/integration-test/target/test-dir/MiniOzoneClusterImpl-b4094933-c81e-4e47-9f4e-b6682d02a4e3/datanode-4/data/ratis/bff50e1e-c5b2-43cd-8339-e25f9bd743b7/current/log_inprogress_0
2019-08-22 09:17:03,798 [main] INFO  ozone.MiniOzoneClusterImpl (MiniOzoneClusterImpl.java:lambda$waitForClusterToBeReady$0(142)) - Cluster is ready. Got 6 of 6 DN Heartbeats.
2019-08-22 09:17:03,836 [main] INFO  rpc.RpcClient (RpcClient.java:createVolume(292)) - Creating Volume: datanodefailurehandlingtest, with jenkins1000 as owner.
2019-08-22 09:17:03,839 | INFO  | OMAudit | user=jenkins1000 | ip=127.0.0.1 | op=CREATE_VOLUME {admin=jenkins1000, owner=jenkins1000, volume=datanodefailurehandlingtest, creationTime=1566465423838, quotaInBytes=1152921504606846976} | ret=SUCCESS |  
2019-08-22 09:17:03,850 | INFO  | OMAudit | user=jenkins1000 | ip=127.0.0.1 | op=READ_VOLUME {volume=datanodefailurehandlingtest} | ret=SUCCESS |  
2019-08-22 09:17:03,851 [main] INFO  rpc.RpcClient (RpcClient.java:createBucket(431)) - Creating Bucket: datanodefailurehandlingtest/datanodefailurehandlingtest, with Versioning false and Storage Type set to DISK and Encryption set to false 
2019-08-22 09:17:03,855 | INFO  | OMAudit | user=jenkins1000 | ip=127.0.0.1 | op=CREATE_BUCKET {volume=datanodefailurehandlingtest, bucket=datanodefailurehandlingtest, acls=[user:jenkins1000:a[ACCESS], group:default:a[ACCESS]], isVersionEnabled=false, storageType=DISK, creationTime=0} | ret=SUCCESS |  
2019-08-22 09:17:03,857 | INFO  | OMAudit | user=jenkins1000 | ip=127.0.0.1 | op=READ_VOLUME {volume=datanodefailurehandlingtest} | ret=SUCCESS |  
2019-08-22 09:17:03,859 | INFO  | OMAudit | user=jenkins1000 | ip=127.0.0.1 | op=READ_BUCKET {volume=datanodefailurehandlingtest, bucket=datanodefailurehandlingtest} | ret=SUCCESS |  
2019-08-22 09:17:03,863 | INFO  | SCMAudit | user=jenkins1000 | ip=192.168.36.85 | op=ALLOCATE_BLOCK {owner=2f568cc0-1336-436b-8bf5-8b81bb4b3c4f, size=4194304, type=RATIS, factor=THREE} | ret=SUCCESS |  
2019-08-22 09:17:03,865 | INFO  | OMAudit | user=jenkins1000 | ip=127.0.0.1 | op=ALLOCATE_KEY {volume=datanodefailurehandlingtest, bucket=datanodefailurehandlingtest, key=ratis3, dataSize=0, replicationType=RATIS, replicationFactor=THREE, keyLocationInfo=null} | ret=SUCCESS |  
2019-08-22 09:17:03,923 [Thread-1329] INFO  impl.FollowerState (FollowerState.java:run(106)) - 67abc4f8-8424-4a13-a91f-3faee2bb56e5:group-B079725AEC53 changes to CANDIDATE, lastRpcTime:1043, electionTimeout:1043ms
2019-08-22 09:17:03,924 [Thread-1329] INFO  impl.RoleInfo (RoleInfo.java:shutdownFollowerState(121)) - 67abc4f8-8424-4a13-a91f-3faee2bb56e5: shutdown FollowerState
2019-08-22 09:17:03,924 [Thread-1329] INFO  impl.RaftServerImpl (RaftServerImpl.java:setRole(171)) - 67abc4f8-8424-4a13-a91f-3faee2bb56e5:group-B079725AEC53 changes role from FOLLOWER to CANDIDATE at term 0 for changeToCandidate
2019-08-22 09:17:03,924 [Thread-1329] INFO  impl.RoleInfo (RoleInfo.java:updateAndGet(143)) - 67abc4f8-8424-4a13-a91f-3faee2bb56e5: start LeaderElection
2019-08-22 09:17:03,924 | INFO  | SCMAudit | user=jenkins1000 | ip=192.168.36.85 | op=SEND_HEARTBEAT {datanodeUUID=d22de7f6-7510-48e4-8f97-1191f0294a01, command=[]} | ret=SUCCESS |  
2019-08-22 09:17:03,959 [67abc4f8-8424-4a13-a91f-3faee2bb56e5:group-B079725AEC53:LeaderElection43] INFO  impl.LeaderElection (LeaderElection.java:askForVotes(181)) - 67abc4f8-8424-4a13-a91f-3faee2bb56e5:group-B079725AEC53:LeaderElection43: begin an election at term 1 for -1: [67abc4f8-8424-4a13-a91f-3faee2bb56e5:192.168.36.85:44730], old=null
2019-08-22 09:17:03,959 [67abc4f8-8424-4a13-a91f-3faee2bb56e5:group-B079725AEC53:LeaderElection43] INFO  impl.RoleInfo (RoleInfo.java:shutdownLeaderElection(134)) - 67abc4f8-8424-4a13-a91f-3faee2bb56e5: shutdown LeaderElection
2019-08-22 09:17:03,959 [67abc4f8-8424-4a13-a91f-3faee2bb56e5:group-B079725AEC53:LeaderElection43] INFO  impl.RaftServerImpl (RaftServerImpl.java:setRole(171)) - 67abc4f8-8424-4a13-a91f-3faee2bb56e5:group-B079725AEC53 changes role from CANDIDATE to LEADER at term 1 for changeToLeader
2019-08-22 09:17:03,959 [67abc4f8-8424-4a13-a91f-3faee2bb56e5:group-B079725AEC53:LeaderElection43] INFO  impl.RaftServerImpl (ServerState.java:setLeader(263)) - 67abc4f8-8424-4a13-a91f-3faee2bb56e5:group-B079725AEC53 change Leader from null to 67abc4f8-8424-4a13-a91f-3faee2bb56e5 at term 1 for becomeLeader, leader elected after 1084ms
2019-08-22 09:17:03,960 [67abc4f8-8424-4a13-a91f-3faee2bb56e5:group-B079725AEC53:LeaderElection43] INFO  server.RaftServerConfigKeys (ConfUtils.java:logGet(43)) - raft.server.staging.catchup.gap = 1000 (default)
2019-08-22 09:17:03,960 [67abc4f8-8424-4a13-a91f-3faee2bb56e5:group-B079725AEC53:LeaderElection43] INFO  server.RaftServerConfigKeys (ConfUtils.java:logGet(43)) - raft.server.rpc.sleep.time = 25ms (default)
2019-08-22 09:17:03,960 [67abc4f8-8424-4a13-a91f-3faee2bb56e5:group-B079725AEC53:LeaderElection43] INFO  server.RaftServerConfigKeys (ConfUtils.java:logGet(43)) - raft.server.write.element-limit = 4096 (default)
2019-08-22 09:17:03,960 [67abc4f8-8424-4a13-a91f-3faee2bb56e5:group-B079725AEC53:LeaderElection43] INFO  server.RaftServerConfigKeys (ConfUtils.java:logGet(43)) - raft.server.watch.timeout = 10s (default)
2019-08-22 09:17:03,960 [67abc4f8-8424-4a13-a91f-3faee2bb56e5:group-B079725AEC53:LeaderElection43] INFO  server.RaftServerConfigKeys (ConfUtils.java:logGet(43)) - raft.server.watch.timeout.denomination = 1s (default)
2019-08-22 09:17:03,961 [67abc4f8-8424-4a13-a91f-3faee2bb56e5:group-B079725AEC53:LeaderElection43] INFO  server.RaftServerConfigKeys (ConfUtils.java:logGet(43)) - raft.server.watch.element-limit = 65536 (default)
2019-08-22 09:17:03,961 [67abc4f8-8424-4a13-a91f-3faee2bb56e5:group-B079725AEC53:LeaderElection43] INFO  impl.RoleInfo (RoleInfo.java:updateAndGet(143)) - 67abc4f8-8424-4a13-a91f-3faee2bb56e5: start LeaderState
2019-08-22 09:17:03,961 [67abc4f8-8424-4a13-a91f-3faee2bb56e5:group-B079725AEC53:LeaderElection43] INFO  segmented.SegmentedRaftLogWorker (SegmentedRaftLogWorker.java:startLogSegment(380)) - 67abc4f8-8424-4a13-a91f-3faee2bb56e5-SegmentedRaftLogWorker:Storage Directory /workdir/hadoop-ozone/integration-test/target/test-dir/MiniOzoneClusterImpl-b4094933-c81e-4e47-9f4e-b6682d02a4e3/datanode-5/data/ratis/cc2ebe58-1383-4202-b200-b079725aec53: Starting segment from index:0
2019-08-22 09:17:03,962 [67abc4f8-8424-4a13-a91f-3faee2bb56e5:group-B079725AEC53:LeaderElection43] INFO  impl.RaftServerImpl (ServerState.java:setRaftConf(361)) - 67abc4f8-8424-4a13-a91f-3faee2bb56e5:group-B079725AEC53 set configuration 0: [67abc4f8-8424-4a13-a91f-3faee2bb56e5:192.168.36.85:44730], old=null at 0
2019-08-22 09:17:04,015 [grpc-default-executor-3] INFO  client.GrpcClientProtocolClient (GrpcClientProtocolClient.java:onNext(255)) - client-6D6AD7790121->4d51b372-1aca-44dd-a481-2d5d38da6b73: receive RaftClientReply:client-6D6AD7790121->4d51b372-1aca-44dd-a481-2d5d38da6b73@group-EF5DD0F5256D, cid=83, FAILED org.apache.ratis.protocol.NotLeaderException: Server 4d51b372-1aca-44dd-a481-2d5d38da6b73 is not the leader (null). Request must be sent to leader., logIndex=0, commits[4d51b372-1aca-44dd-a481-2d5d38da6b73:c-1]
2019-08-22 09:17:04,036 [67abc4f8-8424-4a13-a91f-3faee2bb56e5-SegmentedRaftLogWorker:Storage Directory /workdir/hadoop-ozone/integration-test/target/test-dir/MiniOzoneClusterImpl-b4094933-c81e-4e47-9f4e-b6682d02a4e3/datanode-5/data/ratis/cc2ebe58-1383-4202-b200-b079725aec53] INFO  segmented.SegmentedRaftLogWorker (SegmentedRaftLogWorker.java:execute(569)) - 67abc4f8-8424-4a13-a91f-3faee2bb56e5-SegmentedRaftLogWorker:Storage Directory /workdir/hadoop-ozone/integration-test/target/test-dir/MiniOzoneClusterImpl-b4094933-c81e-4e47-9f4e-b6682d02a4e3/datanode-5/data/ratis/cc2ebe58-1383-4202-b200-b079725aec53: created new log segment /workdir/hadoop-ozone/integration-test/target/test-dir/MiniOzoneClusterImpl-b4094933-c81e-4e47-9f4e-b6682d02a4e3/datanode-5/data/ratis/cc2ebe58-1383-4202-b200-b079725aec53/current/log_inprogress_0
2019-08-22 09:17:04,059 [Thread-1338] INFO  impl.FollowerState (FollowerState.java:run(106)) - 4d51b372-1aca-44dd-a481-2d5d38da6b73:group-EF5DD0F5256D changes to CANDIDATE, lastRpcTime:1069, electionTimeout:1069ms
2019-08-22 09:17:04,060 [Thread-1338] INFO  impl.RoleInfo (RoleInfo.java:shutdownFollowerState(121)) - 4d51b372-1aca-44dd-a481-2d5d38da6b73: shutdown FollowerState
2019-08-22 09:17:04,060 [Thread-1338] INFO  impl.RaftServerImpl (RaftServerImpl.java:setRole(171)) - 4d51b372-1aca-44dd-a481-2d5d38da6b73:group-EF5DD0F5256D changes role from FOLLOWER to CANDIDATE at term 0 for changeToCandidate
2019-08-22 09:17:04,060 [Thread-1338] INFO  impl.RoleInfo (RoleInfo.java:updateAndGet(143)) - 4d51b372-1aca-44dd-a481-2d5d38da6b73: start LeaderElection
2019-08-22 09:17:04,087 [4d51b372-1aca-44dd-a481-2d5d38da6b73:group-EF5DD0F5256D:LeaderElection44] INFO  impl.LeaderElection (LeaderElection.java:askForVotes(181)) - 4d51b372-1aca-44dd-a481-2d5d38da6b73:group-EF5DD0F5256D:LeaderElection44: begin an election at term 1 for -1: [67abc4f8-8424-4a13-a91f-3faee2bb56e5:192.168.36.85:44730, 4d51b372-1aca-44dd-a481-2d5d38da6b73:192.168.36.85:36387, efb90bff-72c5-4ce9-affc-3f37be090605:192.168.36.85:35511], old=null
2019-08-22 09:17:04,091 [Thread-1333] INFO  impl.FollowerState (FollowerState.java:run(106)) - 67abc4f8-8424-4a13-a91f-3faee2bb56e5:group-EF5DD0F5256D changes to CANDIDATE, lastRpcTime:1105, electionTimeout:1105ms
2019-08-22 09:17:04,091 [Thread-1333] INFO  impl.RoleInfo (RoleInfo.java:shutdownFollowerState(121)) - 67abc4f8-8424-4a13-a91f-3faee2bb56e5: shutdown FollowerState
2019-08-22 09:17:04,091 [Thread-1333] INFO  impl.RaftServerImpl (RaftServerImpl.java:setRole(171)) - 67abc4f8-8424-4a13-a91f-3faee2bb56e5:group-EF5DD0F5256D changes role from FOLLOWER to CANDIDATE at term 0 for changeToCandidate
2019-08-22 09:17:04,091 [Thread-1333] INFO  impl.RoleInfo (RoleInfo.java:updateAndGet(143)) - 67abc4f8-8424-4a13-a91f-3faee2bb56e5: start LeaderElection
2019-08-22 09:17:04,094 [grpc-default-executor-1] INFO  impl.RaftServerImpl (RaftServerImpl.java:setRole(171)) - efb90bff-72c5-4ce9-affc-3f37be090605:group-EF5DD0F5256D changes role from FOLLOWER to FOLLOWER at term 1 for recognizeCandidate:4d51b372-1aca-44dd-a481-2d5d38da6b73
2019-08-22 09:17:04,099 [grpc-default-executor-1] INFO  impl.RoleInfo (RoleInfo.java:shutdownFollowerState(121)) - efb90bff-72c5-4ce9-affc-3f37be090605: shutdown FollowerState
2019-08-22 09:17:04,100 [grpc-default-executor-3] INFO  impl.RaftServerImpl (RaftServerImpl.java:setRole(171)) - 67abc4f8-8424-4a13-a91f-3faee2bb56e5:group-EF5DD0F5256D changes role from CANDIDATE to FOLLOWER at term 1 for recognizeCandidate:4d51b372-1aca-44dd-a481-2d5d38da6b73
2019-08-22 09:17:04,100 [grpc-default-executor-1] INFO  impl.RoleInfo (RoleInfo.java:updateAndGet(143)) - efb90bff-72c5-4ce9-affc-3f37be090605: start FollowerState
2019-08-22 09:17:04,100 [grpc-default-executor-3] INFO  impl.RoleInfo (RoleInfo.java:shutdownLeaderElection(134)) - 67abc4f8-8424-4a13-a91f-3faee2bb56e5: shutdown LeaderElection
2019-08-22 09:17:04,100 [grpc-default-executor-3] INFO  impl.RoleInfo (RoleInfo.java:updateAndGet(143)) - 67abc4f8-8424-4a13-a91f-3faee2bb56e5: start FollowerState
2019-08-22 09:17:04,124 [4d51b372-1aca-44dd-a481-2d5d38da6b73:group-EF5DD0F5256D:LeaderElection44] INFO  impl.LeaderElection (LeaderElection.java:logAndReturn(56)) - 4d51b372-1aca-44dd-a481-2d5d38da6b73:group-EF5DD0F5256D:LeaderElection44: Election PASSED; received 1 response(s) [4d51b372-1aca-44dd-a481-2d5d38da6b73<-efb90bff-72c5-4ce9-affc-3f37be090605#0:OK-t1] and 0 exception(s); 4d51b372-1aca-44dd-a481-2d5d38da6b73:t1, leader=null, voted=4d51b372-1aca-44dd-a481-2d5d38da6b73, raftlog=4d51b372-1aca-44dd-a481-2d5d38da6b73-SegmentedRaftLog:OPENED:c-1,f-1,i0, conf=-1: [67abc4f8-8424-4a13-a91f-3faee2bb56e5:192.168.36.85:44730, 4d51b372-1aca-44dd-a481-2d5d38da6b73:192.168.36.85:36387, efb90bff-72c5-4ce9-affc-3f37be090605:192.168.36.85:35511], old=null
2019-08-22 09:17:04,124 [4d51b372-1aca-44dd-a481-2d5d38da6b73:group-EF5DD0F5256D:LeaderElection44] INFO  impl.RoleInfo (RoleInfo.java:shutdownLeaderElection(134)) - 4d51b372-1aca-44dd-a481-2d5d38da6b73: shutdown LeaderElection
2019-08-22 09:17:04,124 [4d51b372-1aca-44dd-a481-2d5d38da6b73:group-EF5DD0F5256D:LeaderElection44] INFO  impl.RaftServerImpl (RaftServerImpl.java:setRole(171)) - 4d51b372-1aca-44dd-a481-2d5d38da6b73:group-EF5DD0F5256D changes role from CANDIDATE to LEADER at term 1 for changeToLeader
2019-08-22 09:17:04,124 [4d51b372-1aca-44dd-a481-2d5d38da6b73:group-EF5DD0F5256D:LeaderElection44] INFO  impl.RaftServerImpl (ServerState.java:setLeader(263)) - 4d51b372-1aca-44dd-a481-2d5d38da6b73:group-EF5DD0F5256D change Leader from null to 4d51b372-1aca-44dd-a481-2d5d38da6b73 at term 1 for becomeLeader, leader elected after 1146ms
2019-08-22 09:17:04,124 [4d51b372-1aca-44dd-a481-2d5d38da6b73:group-EF5DD0F5256D:LeaderElection44] INFO  server.RaftServerConfigKeys (ConfUtils.java:logGet(43)) - raft.server.staging.catchup.gap = 1000 (default)
2019-08-22 09:17:04,124 [4d51b372-1aca-44dd-a481-2d5d38da6b73:group-EF5DD0F5256D:LeaderElection44] INFO  server.RaftServerConfigKeys (ConfUtils.java:logGet(43)) - raft.server.rpc.sleep.time = 25ms (default)
2019-08-22 09:17:04,125 [4d51b372-1aca-44dd-a481-2d5d38da6b73:group-EF5DD0F5256D:LeaderElection44] INFO  server.RaftServerConfigKeys (ConfUtils.java:logGet(43)) - raft.server.write.element-limit = 4096 (default)
2019-08-22 09:17:04,125 [4d51b372-1aca-44dd-a481-2d5d38da6b73:group-EF5DD0F5256D:LeaderElection44] INFO  server.RaftServerConfigKeys (ConfUtils.java:logGet(43)) - raft.server.watch.timeout = 10s (default)
2019-08-22 09:17:04,125 [4d51b372-1aca-44dd-a481-2d5d38da6b73:group-EF5DD0F5256D:LeaderElection44] INFO  server.RaftServerConfigKeys (ConfUtils.java:logGet(43)) - raft.server.watch.timeout.denomination = 1s (default)
2019-08-22 09:17:04,125 [4d51b372-1aca-44dd-a481-2d5d38da6b73:group-EF5DD0F5256D:LeaderElection44] INFO  server.RaftServerConfigKeys (ConfUtils.java:logGet(43)) - raft.server.watch.element-limit = 65536 (default)
2019-08-22 09:17:04,125 [4d51b372-1aca-44dd-a481-2d5d38da6b73:group-EF5DD0F5256D:LeaderElection44] INFO  server.RaftServerConfigKeys (ConfUtils.java:logGet(43)) - raft.server.log.appender.snapshot.chunk.size.max = 16MB (=16777216) (default)
2019-08-22 09:17:04,126 [4d51b372-1aca-44dd-a481-2d5d38da6b73:group-EF5DD0F5256D:LeaderElection44] INFO  server.RaftServerConfigKeys (ConfUtils.java:logGet(43)) - raft.server.log.appender.buffer.byte-limit = 33554432 (custom)
2019-08-22 09:17:04,126 [4d51b372-1aca-44dd-a481-2d5d38da6b73:group-EF5DD0F5256D:LeaderElection44] INFO  server.RaftServerConfigKeys (ConfUtils.java:logGet(43)) - raft.server.log.appender.buffer.element-limit = 1 (custom)
2019-08-22 09:17:04,126 [4d51b372-1aca-44dd-a481-2d5d38da6b73:group-EF5DD0F5256D:LeaderElection44] INFO  grpc.GrpcConfigKeys$Server (ConfUtils.java:logGet(43)) - raft.grpc.server.leader.outstanding.appends.max = 128 (default)
2019-08-22 09:17:04,126 [4d51b372-1aca-44dd-a481-2d5d38da6b73:group-EF5DD0F5256D:LeaderElection44] INFO  server.RaftServerConfigKeys (ConfUtils.java:logGet(43)) - raft.server.rpc.request.timeout = 3000ms (default)
2019-08-22 09:17:04,127 [4d51b372-1aca-44dd-a481-2d5d38da6b73:group-EF5DD0F5256D:LeaderElection44] INFO  server.RaftServerConfigKeys (ConfUtils.java:logGet(43)) - raft.server.log.appender.install.snapshot.enabled = false (custom)
2019-08-22 09:17:04,127 [4d51b372-1aca-44dd-a481-2d5d38da6b73:group-EF5DD0F5256D:LeaderElection44] INFO  server.RaftServerConfigKeys (ConfUtils.java:logGet(43)) - raft.server.log.appender.snapshot.chunk.size.max = 16MB (=16777216) (default)
2019-08-22 09:17:04,127 [4d51b372-1aca-44dd-a481-2d5d38da6b73:group-EF5DD0F5256D:LeaderElection44] INFO  server.RaftServerConfigKeys (ConfUtils.java:logGet(43)) - raft.server.log.appender.buffer.byte-limit = 33554432 (custom)
2019-08-22 09:17:04,127 [4d51b372-1aca-44dd-a481-2d5d38da6b73:group-EF5DD0F5256D:LeaderElection44] INFO  server.RaftServerConfigKeys (ConfUtils.java:logGet(43)) - raft.server.log.appender.buffer.element-limit = 1 (custom)
2019-08-22 09:17:04,127 [4d51b372-1aca-44dd-a481-2d5d38da6b73:group-EF5DD0F5256D:LeaderElection44] INFO  grpc.GrpcConfigKeys$Server (ConfUtils.java:logGet(43)) - raft.grpc.server.leader.outstanding.appends.max = 128 (default)
2019-08-22 09:17:04,128 [4d51b372-1aca-44dd-a481-2d5d38da6b73:group-EF5DD0F5256D:LeaderElection44] INFO  server.RaftServerConfigKeys (ConfUtils.java:logGet(43)) - raft.server.rpc.request.timeout = 3000ms (default)
2019-08-22 09:17:04,128 [4d51b372-1aca-44dd-a481-2d5d38da6b73:group-EF5DD0F5256D:LeaderElection44] INFO  server.RaftServerConfigKeys (ConfUtils.java:logGet(43)) - raft.server.log.appender.install.snapshot.enabled = false (custom)
2019-08-22 09:17:04,128 [4d51b372-1aca-44dd-a481-2d5d38da6b73:group-EF5DD0F5256D:LeaderElection44] INFO  impl.RoleInfo (RoleInfo.java:updateAndGet(143)) - 4d51b372-1aca-44dd-a481-2d5d38da6b73: start LeaderState
2019-08-22 09:17:04,128 [4d51b372-1aca-44dd-a481-2d5d38da6b73:group-EF5DD0F5256D:LeaderElection44] INFO  segmented.SegmentedRaftLogWorker (SegmentedRaftLogWorker.java:startLogSegment(380)) - 4d51b372-1aca-44dd-a481-2d5d38da6b73-SegmentedRaftLogWorker:Storage Directory /workdir/hadoop-ozone/integration-test/target/test-dir/MiniOzoneClusterImpl-b4094933-c81e-4e47-9f4e-b6682d02a4e3/datanode-4/data/ratis/e1a9f66e-de0f-4eaa-b925-ef5dd0f5256d: Starting segment from index:0
2019-08-22 09:17:04,130 [4d51b372-1aca-44dd-a481-2d5d38da6b73:group-EF5DD0F5256D:LeaderElection44] INFO  impl.RaftServerImpl (ServerState.java:setRaftConf(361)) - 4d51b372-1aca-44dd-a481-2d5d38da6b73:group-EF5DD0F5256D set configuration 0: [67abc4f8-8424-4a13-a91f-3faee2bb56e5:192.168.36.85:44730, 4d51b372-1aca-44dd-a481-2d5d38da6b73:192.168.36.85:36387, efb90bff-72c5-4ce9-affc-3f37be090605:192.168.36.85:35511], old=null at 0
2019-08-22 09:17:04,131 [grpc-default-executor-3] INFO  impl.RaftServerImpl (ServerState.java:setLeader(263)) - efb90bff-72c5-4ce9-affc-3f37be090605:group-EF5DD0F5256D change Leader from null to 4d51b372-1aca-44dd-a481-2d5d38da6b73 at term 1 for appendEntries, leader elected after 1153ms
2019-08-22 09:17:04,133 [grpc-default-executor-3] INFO  impl.RaftServerImpl (ServerState.java:setRaftConf(361)) - efb90bff-72c5-4ce9-affc-3f37be090605:group-EF5DD0F5256D set configuration 0: [67abc4f8-8424-4a13-a91f-3faee2bb56e5:192.168.36.85:44730, 4d51b372-1aca-44dd-a481-2d5d38da6b73:192.168.36.85:36387, efb90bff-72c5-4ce9-affc-3f37be090605:192.168.36.85:35511], old=null at 0
2019-08-22 09:17:04,133 [grpc-default-executor-3] INFO  segmented.SegmentedRaftLogWorker (SegmentedRaftLogWorker.java:startLogSegment(380)) - efb90bff-72c5-4ce9-affc-3f37be090605-SegmentedRaftLogWorker:Storage Directory /workdir/hadoop-ozone/integration-test/target/test-dir/MiniOzoneClusterImpl-b4094933-c81e-4e47-9f4e-b6682d02a4e3/datanode-3/data/ratis/e1a9f66e-de0f-4eaa-b925-ef5dd0f5256d: Starting segment from index:0
2019-08-22 09:17:04,146 [67abc4f8-8424-4a13-a91f-3faee2bb56e5:group-EF5DD0F5256D:LeaderElection45] INFO  impl.LeaderElection (LeaderElection.java:askForVotes(181)) - 67abc4f8-8424-4a13-a91f-3faee2bb56e5:group-EF5DD0F5256D:LeaderElection45: begin an election at term 2 for -1: [67abc4f8-8424-4a13-a91f-3faee2bb56e5:192.168.36.85:44730, 4d51b372-1aca-44dd-a481-2d5d38da6b73:192.168.36.85:36387, efb90bff-72c5-4ce9-affc-3f37be090605:192.168.36.85:35511], old=null
2019-08-22 09:17:04,147 [67abc4f8-8424-4a13-a91f-3faee2bb56e5:group-EF5DD0F5256D:LeaderElection45] INFO  impl.LeaderElection (LeaderElection.java:logAndReturn(56)) - 67abc4f8-8424-4a13-a91f-3faee2bb56e5:group-EF5DD0F5256D:LeaderElection45: Election REJECTED; received 0 response(s) [] and 0 exception(s); 67abc4f8-8424-4a13-a91f-3faee2bb56e5:t2, leader=null, voted=67abc4f8-8424-4a13-a91f-3faee2bb56e5, raftlog=67abc4f8-8424-4a13-a91f-3faee2bb56e5-SegmentedRaftLog:OPENED:c-1,f-1,i0, conf=-1: [67abc4f8-8424-4a13-a91f-3faee2bb56e5:192.168.36.85:44730, 4d51b372-1aca-44dd-a481-2d5d38da6b73:192.168.36.85:36387, efb90bff-72c5-4ce9-affc-3f37be090605:192.168.36.85:35511], old=null
2019-08-22 09:17:04,173 [Thread-1378] INFO  impl.RaftServerImpl (ServerState.java:setLeader(263)) - 4d51b372-1aca-44dd-a481-2d5d38da6b73:group-EF5DD0F5256D change Leader from 4d51b372-1aca-44dd-a481-2d5d38da6b73 to null at term 2 for updateCurrentTerm
2019-08-22 09:17:04,173 [Thread-1378] INFO  impl.RaftServerImpl (RaftServerImpl.java:setRole(171)) - 4d51b372-1aca-44dd-a481-2d5d38da6b73:group-EF5DD0F5256D changes role from LEADER to FOLLOWER at term 2 for stepDown
2019-08-22 09:17:04,173 [Thread-1378] INFO  impl.RoleInfo (RoleInfo.java:shutdownLeaderState(104)) - 4d51b372-1aca-44dd-a481-2d5d38da6b73: shutdown LeaderState
2019-08-22 09:17:04,177 [Thread-1378] INFO  impl.PendingRequests (PendingRequests.java:sendNotLeaderResponses(202)) - 4d51b372-1aca-44dd-a481-2d5d38da6b73-PendingRequests: sendNotLeaderResponses
2019-08-22 09:17:04,177 [org.apache.ratis.server.impl.LogAppender$AppenderDaemon$$Lambda$363/153538228@486cd42f] WARN  server.GrpcLogAppender (GrpcLogAppender.java:mayWait(143)) - GrpcLogAppender(4d51b372-1aca-44dd-a481-2d5d38da6b73->efb90bff-72c5-4ce9-affc-3f37be090605): Wait interrupted by java.lang.InterruptedException
2019-08-22 09:17:04,177 [Thread-1378] INFO  impl.RoleInfo (RoleInfo.java:updateAndGet(143)) - 4d51b372-1aca-44dd-a481-2d5d38da6b73: start FollowerState
2019-08-22 09:17:04,177 [org.apache.ratis.server.impl.LogAppender$AppenderDaemon$$Lambda$363/153538228@d6e4be6] WARN  server.GrpcLogAppender (GrpcLogAppender.java:mayWait(143)) - GrpcLogAppender(4d51b372-1aca-44dd-a481-2d5d38da6b73->67abc4f8-8424-4a13-a91f-3faee2bb56e5): Wait interrupted by java.lang.InterruptedException
2019-08-22 09:17:04,177 | INFO  | SCMAudit | user=jenkins1000 | ip=192.168.36.85 | op=SEND_HEARTBEAT {datanodeUUID=8e0331fc-a6ad-49c6-b07b-7e2a4ec9a890, command=[]} | ret=SUCCESS |  
2019-08-22 09:17:04,180 [grpc-default-executor-3] INFO  server.GrpcServerProtocolService (GrpcServerProtocolService.java:onCompleted(104)) - 67abc4f8-8424-4a13-a91f-3faee2bb56e5: appendEntries completed
2019-08-22 09:17:04,180 [grpc-default-executor-4] INFO  server.GrpcServerProtocolService (GrpcServerProtocolService.java:onCompleted(104)) - efb90bff-72c5-4ce9-affc-3f37be090605: appendEntries completed
2019-08-22 09:17:04,180 [grpc-default-executor-3] INFO  server.GrpcLogAppender (GrpcLogAppender.java:onCompleted(292)) - 4d51b372-1aca-44dd-a481-2d5d38da6b73->67abc4f8-8424-4a13-a91f-3faee2bb56e5: follower responses appendEntries COMPLETED
2019-08-22 09:17:04,180 [grpc-default-executor-4] INFO  server.GrpcLogAppender (GrpcLogAppender.java:onCompleted(292)) - 4d51b372-1aca-44dd-a481-2d5d38da6b73->efb90bff-72c5-4ce9-affc-3f37be090605: follower responses appendEntries COMPLETED
2019-08-22 09:17:04,181 [grpc-default-executor-3] INFO  impl.FollowerInfo (FollowerInfo.java:lambda$new$0(50)) - 4d51b372-1aca-44dd-a481-2d5d38da6b73->67abc4f8-8424-4a13-a91f-3faee2bb56e5: nextIndex: updateUnconditionally 0 -> 0
2019-08-22 09:17:04,181 [grpc-default-executor-4] INFO  impl.FollowerInfo (FollowerInfo.java:lambda$new$0(50)) - 4d51b372-1aca-44dd-a481-2d5d38da6b73->efb90bff-72c5-4ce9-affc-3f37be090605: nextIndex: updateUnconditionally 1 -> 0
2019-08-22 09:17:04,181 [grpc-default-executor-3] INFO  impl.RaftServerImpl (ServerState.java:setLeader(263)) - efb90bff-72c5-4ce9-affc-3f37be090605:group-EF5DD0F5256D change Leader from 4d51b372-1aca-44dd-a481-2d5d38da6b73 to null at term 2 for updateCurrentTerm
2019-08-22 09:17:04,181 [grpc-default-executor-3] INFO  impl.RaftServerImpl (RaftServerImpl.java:setRole(171)) - efb90bff-72c5-4ce9-affc-3f37be090605:group-EF5DD0F5256D changes role from FOLLOWER to FOLLOWER at term 2 for recognizeCandidate:67abc4f8-8424-4a13-a91f-3faee2bb56e5
2019-08-22 09:17:04,182 [grpc-default-executor-3] INFO  impl.RoleInfo (RoleInfo.java:shutdownFollowerState(121)) - efb90bff-72c5-4ce9-affc-3f37be090605: shutdown FollowerState
2019-08-22 09:17:04,182 [grpc-default-executor-3] INFO  impl.RoleInfo (RoleInfo.java:updateAndGet(143)) - efb90bff-72c5-4ce9-affc-3f37be090605: start FollowerState
2019-08-22 09:17:04,182 [Thread-1376] INFO  impl.FollowerState (FollowerState.java:run(114)) - efb90bff-72c5-4ce9-affc-3f37be090605: FollowerState was interrupted: java.lang.InterruptedException: sleep interrupted
2019-08-22 09:17:04,187 [4d51b372-1aca-44dd-a481-2d5d38da6b73-SegmentedRaftLogWorker:Storage Directory /workdir/hadoop-ozone/integration-test/target/test-dir/MiniOzoneClusterImpl-b4094933-c81e-4e47-9f4e-b6682d02a4e3/datanode-4/data/ratis/e1a9f66e-de0f-4eaa-b925-ef5dd0f5256d] INFO  segmented.SegmentedRaftLogWorker (SegmentedRaftLogWorker.java:execute(569)) - 4d51b372-1aca-44dd-a481-2d5d38da6b73-SegmentedRaftLogWorker:Storage Directory /workdir/hadoop-ozone/integration-test/target/test-dir/MiniOzoneClusterImpl-b4094933-c81e-4e47-9f4e-b6682d02a4e3/datanode-4/data/ratis/e1a9f66e-de0f-4eaa-b925-ef5dd0f5256d: created new log segment /workdir/hadoop-ozone/integration-test/target/test-dir/MiniOzoneClusterImpl-b4094933-c81e-4e47-9f4e-b6682d02a4e3/datanode-4/data/ratis/e1a9f66e-de0f-4eaa-b925-ef5dd0f5256d/current/log_inprogress_0
2019-08-22 09:17:04,187 [efb90bff-72c5-4ce9-affc-3f37be090605-SegmentedRaftLogWorker:Storage Directory /workdir/hadoop-ozone/integration-test/target/test-dir/MiniOzoneClusterImpl-b4094933-c81e-4e47-9f4e-b6682d02a4e3/datanode-3/data/ratis/e1a9f66e-de0f-4eaa-b925-ef5dd0f5256d] INFO  segmented.SegmentedRaftLogWorker (SegmentedRaftLogWorker.java:execute(569)) - efb90bff-72c5-4ce9-affc-3f37be090605-SegmentedRaftLogWorker:Storage Directory /workdir/hadoop-ozone/integration-test/target/test-dir/MiniOzoneClusterImpl-b4094933-c81e-4e47-9f4e-b6682d02a4e3/datanode-3/data/ratis/e1a9f66e-de0f-4eaa-b925-ef5dd0f5256d: created new log segment /workdir/hadoop-ozone/integration-test/target/test-dir/MiniOzoneClusterImpl-b4094933-c81e-4e47-9f4e-b6682d02a4e3/datanode-3/data/ratis/e1a9f66e-de0f-4eaa-b925-ef5dd0f5256d/current/log_inprogress_0
2019-08-22 09:17:04,209 [grpc-default-executor-1] INFO  impl.RaftServerImpl (RaftServerImpl.java:setRole(171)) - 4d51b372-1aca-44dd-a481-2d5d38da6b73:group-EF5DD0F5256D changes role from FOLLOWER to FOLLOWER at term 2 for recognizeCandidate:67abc4f8-8424-4a13-a91f-3faee2bb56e5
2019-08-22 09:17:04,209 [grpc-default-executor-1] INFO  impl.RoleInfo (RoleInfo.java:shutdownFollowerState(121)) - 4d51b372-1aca-44dd-a481-2d5d38da6b73: shutdown FollowerState
2019-08-22 09:17:04,210 [grpc-default-executor-1] INFO  impl.RoleInfo (RoleInfo.java:updateAndGet(143)) - 4d51b372-1aca-44dd-a481-2d5d38da6b73: start FollowerState
2019-08-22 09:17:04,210 [Thread-1386] INFO  impl.FollowerState (FollowerState.java:run(114)) - 4d51b372-1aca-44dd-a481-2d5d38da6b73: FollowerState was interrupted: java.lang.InterruptedException: sleep interrupted
2019-08-22 09:17:04,354 | INFO  | SCMAudit | user=jenkins1000 | ip=192.168.36.85 | op=SEND_HEARTBEAT {datanodeUUID=efb90bff-72c5-4ce9-affc-3f37be090605, command=[]} | ret=SUCCESS |  
2019-08-22 09:17:04,557 | INFO  | SCMAudit | user=jenkins1000 | ip=192.168.36.85 | op=SEND_HEARTBEAT {datanodeUUID=4d51b372-1aca-44dd-a481-2d5d38da6b73, command=[]} | ret=SUCCESS |  
2019-08-22 09:17:04,742 [Thread-1302] INFO  container.ReplicationManager (ReplicationManager.java:start(152)) - Starting Replication Monitor Thread.
2019-08-22 09:17:04,746 [ReplicationMonitor] INFO  container.ReplicationManager (ReplicationManager.java:run(215)) - Replication Monitor Thread took 1 milliseconds for processing 1 containers.
2019-08-22 09:17:04,767 | INFO  | SCMAudit | user=jenkins1000 | ip=192.168.36.85 | op=SEND_HEARTBEAT {datanodeUUID=093f9392-15a1-447b-85fb-4daaec7caf94, command=[]} | ret=SUCCESS |  
2019-08-22 09:17:04,798 | INFO  | SCMAudit | user=jenkins1000 | ip=192.168.36.85 | op=SEND_HEARTBEAT {datanodeUUID=67abc4f8-8424-4a13-a91f-3faee2bb56e5, command=[]} | ret=SUCCESS |  
2019-08-22 09:17:04,924 | INFO  | SCMAudit | user=jenkins1000 | ip=192.168.36.85 | op=SEND_HEARTBEAT {datanodeUUID=d22de7f6-7510-48e4-8f97-1191f0294a01, command=[]} | ret=SUCCESS |  
2019-08-22 09:17:05,044 [grpc-default-executor-3] INFO  client.GrpcClientProtocolClient (GrpcClientProtocolClient.java:onNext(255)) - client-6D6AD7790121->efb90bff-72c5-4ce9-affc-3f37be090605: receive RaftClientReply:client-6D6AD7790121->efb90bff-72c5-4ce9-affc-3f37be090605@group-EF5DD0F5256D, cid=83, FAILED org.apache.ratis.protocol.NotLeaderException: Server efb90bff-72c5-4ce9-affc-3f37be090605 is not the leader (null). Request must be sent to leader., logIndex=0, commits[efb90bff-72c5-4ce9-affc-3f37be090605:c-1, 67abc4f8-8424-4a13-a91f-3faee2bb56e5:c-1, 4d51b372-1aca-44dd-a481-2d5d38da6b73:c-1]
2019-08-22 09:17:05,174 | INFO  | SCMAudit | user=jenkins1000 | ip=192.168.36.85 | op=SEND_HEARTBEAT {datanodeUUID=8e0331fc-a6ad-49c6-b07b-7e2a4ec9a890, command=[]} | ret=SUCCESS |  
2019-08-22 09:17:05,204 [Thread-1377] INFO  impl.FollowerState (FollowerState.java:run(106)) - 67abc4f8-8424-4a13-a91f-3faee2bb56e5:group-EF5DD0F5256D changes to CANDIDATE, lastRpcTime:1103, electionTimeout:1103ms
2019-08-22 09:17:05,204 [Thread-1377] INFO  impl.RoleInfo (RoleInfo.java:shutdownFollowerState(121)) - 67abc4f8-8424-4a13-a91f-3faee2bb56e5: shutdown FollowerState
2019-08-22 09:17:05,204 [Thread-1377] INFO  impl.RaftServerImpl (RaftServerImpl.java:setRole(171)) - 67abc4f8-8424-4a13-a91f-3faee2bb56e5:group-EF5DD0F5256D changes role from FOLLOWER to CANDIDATE at term 2 for changeToCandidate
2019-08-22 09:17:05,205 [Thread-1377] INFO  impl.RoleInfo (RoleInfo.java:updateAndGet(143)) - 67abc4f8-8424-4a13-a91f-3faee2bb56e5: start LeaderElection
2019-08-22 09:17:05,211 [Thread-1387] INFO  impl.FollowerState (FollowerState.java:run(106)) - efb90bff-72c5-4ce9-affc-3f37be090605:group-EF5DD0F5256D changes to CANDIDATE, lastRpcTime:1029, electionTimeout:1026ms
2019-08-22 09:17:05,211 [Thread-1387] INFO  impl.RoleInfo (RoleInfo.java:shutdownFollowerState(121)) - efb90bff-72c5-4ce9-affc-3f37be090605: shutdown FollowerState
2019-08-22 09:17:05,212 [Thread-1387] INFO  impl.RaftServerImpl (RaftServerImpl.java:setRole(171)) - efb90bff-72c5-4ce9-affc-3f37be090605:group-EF5DD0F5256D changes role from FOLLOWER to CANDIDATE at term 2 for changeToCandidate
2019-08-22 09:17:05,212 [Thread-1387] INFO  impl.RoleInfo (RoleInfo.java:updateAndGet(143)) - efb90bff-72c5-4ce9-affc-3f37be090605: start LeaderElection
2019-08-22 09:17:05,255 [Thread-1389] INFO  impl.FollowerState (FollowerState.java:run(106)) - 4d51b372-1aca-44dd-a481-2d5d38da6b73:group-EF5DD0F5256D changes to CANDIDATE, lastRpcTime:1044, electionTimeout:1042ms
2019-08-22 09:17:05,255 [Thread-1389] INFO  impl.RoleInfo (RoleInfo.java:shutdownFollowerState(121)) - 4d51b372-1aca-44dd-a481-2d5d38da6b73: shutdown FollowerState
2019-08-22 09:17:05,255 [Thread-1389] INFO  impl.RaftServerImpl (RaftServerImpl.java:setRole(171)) - 4d51b372-1aca-44dd-a481-2d5d38da6b73:group-EF5DD0F5256D changes role from FOLLOWER to CANDIDATE at term 2 for changeToCandidate
2019-08-22 09:17:05,255 [Thread-1389] INFO  impl.RoleInfo (RoleInfo.java:updateAndGet(143)) - 4d51b372-1aca-44dd-a481-2d5d38da6b73: start LeaderElection
2019-08-22 09:17:05,352 | INFO  | SCMAudit | user=jenkins1000 | ip=192.168.36.85 | op=SEND_HEARTBEAT {datanodeUUID=efb90bff-72c5-4ce9-affc-3f37be090605, command=[]} | ret=SUCCESS |  
2019-08-22 09:17:05,557 | INFO  | SCMAudit | user=jenkins1000 | ip=192.168.36.85 | op=SEND_HEARTBEAT {datanodeUUID=4d51b372-1aca-44dd-a481-2d5d38da6b73, command=[]} | ret=SUCCESS |  
2019-08-22 09:17:05,767 | INFO  | SCMAudit | user=jenkins1000 | ip=192.168.36.85 | op=SEND_HEARTBEAT {datanodeUUID=093f9392-15a1-447b-85fb-4daaec7caf94, command=[]} | ret=SUCCESS |  
2019-08-22 09:17:05,798 | INFO  | SCMAudit | user=jenkins1000 | ip=192.168.36.85 | op=SEND_HEARTBEAT {datanodeUUID=67abc4f8-8424-4a13-a91f-3faee2bb56e5, command=[]} | ret=SUCCESS |  
2019-08-22 09:17:05,924 | INFO  | SCMAudit | user=jenkins1000 | ip=192.168.36.85 | op=SEND_HEARTBEAT {datanodeUUID=d22de7f6-7510-48e4-8f97-1191f0294a01, command=[]} | ret=SUCCESS |  
2019-08-22 09:17:06,067 [grpc-default-executor-1] INFO  client.GrpcClientProtocolClient (GrpcClientProtocolClient.java:onNext(255)) - client-6D6AD7790121->67abc4f8-8424-4a13-a91f-3faee2bb56e5: receive RaftClientReply:client-6D6AD7790121->67abc4f8-8424-4a13-a91f-3faee2bb56e5@group-EF5DD0F5256D, cid=83, FAILED org.apache.ratis.protocol.NotLeaderException: Server 67abc4f8-8424-4a13-a91f-3faee2bb56e5 is not the leader (null). Request must be sent to leader., logIndex=0, commits[67abc4f8-8424-4a13-a91f-3faee2bb56e5:c-1]
2019-08-22 09:17:06,174 | INFO  | SCMAudit | user=jenkins1000 | ip=192.168.36.85 | op=SEND_HEARTBEAT {datanodeUUID=8e0331fc-a6ad-49c6-b07b-7e2a4ec9a890, command=[]} | ret=SUCCESS |  
2019-08-22 09:17:06,353 | INFO  | SCMAudit | user=jenkins1000 | ip=192.168.36.85 | op=SEND_HEARTBEAT {datanodeUUID=efb90bff-72c5-4ce9-affc-3f37be090605, command=[]} | ret=SUCCESS |  
2019-08-22 09:17:06,556 | INFO  | SCMAudit | user=jenkins1000 | ip=192.168.36.85 | op=SEND_HEARTBEAT {datanodeUUID=4d51b372-1aca-44dd-a481-2d5d38da6b73, command=[]} | ret=SUCCESS |  
2019-08-22 09:17:06,767 | INFO  | SCMAudit | user=jenkins1000 | ip=192.168.36.85 | op=SEND_HEARTBEAT {datanodeUUID=093f9392-15a1-447b-85fb-4daaec7caf94, command=[]} | ret=SUCCESS |  
2019-08-22 09:17:06,798 | INFO  | SCMAudit | user=jenkins1000 | ip=192.168.36.85 | op=SEND_HEARTBEAT {datanodeUUID=67abc4f8-8424-4a13-a91f-3faee2bb56e5, command=[]} | ret=SUCCESS |  
2019-08-22 09:17:06,924 | INFO  | SCMAudit | user=jenkins1000 | ip=192.168.36.85 | op=SEND_HEARTBEAT {datanodeUUID=d22de7f6-7510-48e4-8f97-1191f0294a01, command=[]} | ret=SUCCESS |  
2019-08-22 09:17:07,086 [grpc-default-executor-1] INFO  client.GrpcClientProtocolClient (GrpcClientProtocolClient.java:onNext(255)) - client-6D6AD7790121->4d51b372-1aca-44dd-a481-2d5d38da6b73: receive RaftClientReply:client-6D6AD7790121->4d51b372-1aca-44dd-a481-2d5d38da6b73@group-EF5DD0F5256D, cid=83, FAILED org.apache.ratis.protocol.NotLeaderException: Server 4d51b372-1aca-44dd-a481-2d5d38da6b73 is not the leader (null). Request must be sent to leader., logIndex=0, commits[4d51b372-1aca-44dd-a481-2d5d38da6b73:c-1, 67abc4f8-8424-4a13-a91f-3faee2bb56e5:c-1, efb90bff-72c5-4ce9-affc-3f37be090605:c-1]
2019-08-22 09:17:07,174 | INFO  | SCMAudit | user=jenkins1000 | ip=192.168.36.85 | op=SEND_HEARTBEAT {datanodeUUID=8e0331fc-a6ad-49c6-b07b-7e2a4ec9a890, command=[]} | ret=SUCCESS |  
2019-08-22 09:17:07,353 | INFO  | SCMAudit | user=jenkins1000 | ip=192.168.36.85 | op=SEND_HEARTBEAT {datanodeUUID=efb90bff-72c5-4ce9-affc-3f37be090605, command=[]} | ret=SUCCESS |  
2019-08-22 09:17:07,557 | INFO  | SCMAudit | user=jenkins1000 | ip=192.168.36.85 | op=SEND_HEARTBEAT {datanodeUUID=4d51b372-1aca-44dd-a481-2d5d38da6b73, command=[]} | ret=SUCCESS |  
2019-08-22 09:17:07,768 | INFO  | SCMAudit | user=jenkins1000 | ip=192.168.36.85 | op=SEND_HEARTBEAT {datanodeUUID=093f9392-15a1-447b-85fb-4daaec7caf94, command=[]} | ret=SUCCESS |  
2019-08-22 09:17:07,798 | INFO  | SCMAudit | user=jenkins1000 | ip=192.168.36.85 | op=SEND_HEARTBEAT {datanodeUUID=67abc4f8-8424-4a13-a91f-3faee2bb56e5, command=[]} | ret=SUCCESS |  
2019-08-22 09:17:07,923 | INFO  | SCMAudit | user=jenkins1000 | ip=192.168.36.85 | op=SEND_HEARTBEAT {datanodeUUID=d22de7f6-7510-48e4-8f97-1191f0294a01, command=[]} | ret=SUCCESS |  
2019-08-22 09:17:08,108 [grpc-default-executor-3] INFO  client.GrpcClientProtocolClient (GrpcClientProtocolClient.java:onNext(255)) - client-6D6AD7790121->67abc4f8-8424-4a13-a91f-3faee2bb56e5: receive RaftClientReply:client-6D6AD7790121->67abc4f8-8424-4a13-a91f-3faee2bb56e5@group-EF5DD0F5256D, cid=83, FAILED org.apache.ratis.protocol.NotLeaderException: Server 67abc4f8-8424-4a13-a91f-3faee2bb56e5 is not the leader (null). Request must be sent to leader., logIndex=0, commits[67abc4f8-8424-4a13-a91f-3faee2bb56e5:c-1]
2019-08-22 09:17:08,174 | INFO  | SCMAudit | user=jenkins1000 | ip=192.168.36.85 | op=SEND_HEARTBEAT {datanodeUUID=8e0331fc-a6ad-49c6-b07b-7e2a4ec9a890, command=[]} | ret=SUCCESS |  
2019-08-22 09:17:08,353 | INFO  | SCMAudit | user=jenkins1000 | ip=192.168.36.85 | op=SEND_HEARTBEAT {datanodeUUID=efb90bff-72c5-4ce9-affc-3f37be090605, command=[]} | ret=SUCCESS |  
2019-08-22 09:17:08,557 | INFO  | SCMAudit | user=jenkins1000 | ip=192.168.36.85 | op=SEND_HEARTBEAT {datanodeUUID=4d51b372-1aca-44dd-a481-2d5d38da6b73, command=[]} | ret=SUCCESS |  
2019-08-22 09:17:08,768 | INFO  | SCMAudit | user=jenkins1000 | ip=192.168.36.85 | op=SEND_HEARTBEAT {datanodeUUID=093f9392-15a1-447b-85fb-4daaec7caf94, command=[]} | ret=SUCCESS |  
2019-08-22 09:17:08,798 | INFO  | SCMAudit | user=jenkins1000 | ip=192.168.36.85 | op=SEND_HEARTBEAT {datanodeUUID=67abc4f8-8424-4a13-a91f-3faee2bb56e5, command=[]} | ret=SUCCESS |  
2019-08-22 09:17:08,924 | INFO  | SCMAudit | user=jenkins1000 | ip=192.168.36.85 | op=SEND_HEARTBEAT {datanodeUUID=d22de7f6-7510-48e4-8f97-1191f0294a01, command=[]} | ret=SUCCESS |  
2019-08-22 09:17:09,124 [grpc-default-executor-1] INFO  client.GrpcClientProtocolClient (GrpcClientProtocolClient.java:onNext(255)) - client-6D6AD7790121->4d51b372-1aca-44dd-a481-2d5d38da6b73: receive RaftClientReply:client-6D6AD7790121->4d51b372-1aca-44dd-a481-2d5d38da6b73@group-EF5DD0F5256D, cid=83, FAILED org.apache.ratis.protocol.NotLeaderException: Server 4d51b372-1aca-44dd-a481-2d5d38da6b73 is not the leader (null). Request must be sent to leader., logIndex=0, commits[4d51b372-1aca-44dd-a481-2d5d38da6b73:c-1, 67abc4f8-8424-4a13-a91f-3faee2bb56e5:c-1, efb90bff-72c5-4ce9-affc-3f37be090605:c-1]
2019-08-22 09:17:09,175 | INFO  | SCMAudit | user=jenkins1000 | ip=192.168.36.85 | op=SEND_HEARTBEAT {datanodeUUID=8e0331fc-a6ad-49c6-b07b-7e2a4ec9a890, command=[]} | ret=SUCCESS |  
2019-08-22 09:17:09,353 | INFO  | SCMAudit | user=jenkins1000 | ip=192.168.36.85 | op=SEND_HEARTBEAT {datanodeUUID=efb90bff-72c5-4ce9-affc-3f37be090605, command=[]} | ret=SUCCESS |  
2019-08-22 09:17:09,557 | INFO  | SCMAudit | user=jenkins1000 | ip=192.168.36.85 | op=SEND_HEARTBEAT {datanodeUUID=4d51b372-1aca-44dd-a481-2d5d38da6b73, command=[]} | ret=SUCCESS |  
2019-08-22 09:17:09,768 | INFO  | SCMAudit | user=jenkins1000 | ip=192.168.36.85 | op=SEND_HEARTBEAT {datanodeUUID=093f9392-15a1-447b-85fb-4daaec7caf94, command=[]} | ret=SUCCESS |  
2019-08-22 09:17:09,798 | INFO  | SCMAudit | user=jenkins1000 | ip=192.168.36.85 | op=SEND_HEARTBEAT {datanodeUUID=67abc4f8-8424-4a13-a91f-3faee2bb56e5, command=[]} | ret=SUCCESS |  
2019-08-22 09:17:09,925 | INFO  | SCMAudit | user=jenkins1000 | ip=192.168.36.85 | op=SEND_HEARTBEAT {datanodeUUID=d22de7f6-7510-48e4-8f97-1191f0294a01, command=[]} | ret=SUCCESS |  
2019-08-22 09:17:10,146 [grpc-default-executor-1] INFO  client.GrpcClientProtocolClient (GrpcClientProtocolClient.java:onNext(255)) - client-6D6AD7790121->efb90bff-72c5-4ce9-affc-3f37be090605: receive RaftClientReply:client-6D6AD7790121->efb90bff-72c5-4ce9-affc-3f37be090605@group-EF5DD0F5256D, cid=83, FAILED org.apache.ratis.protocol.NotLeaderException: Server efb90bff-72c5-4ce9-affc-3f37be090605 is not the leader (null). Request must be sent to leader., logIndex=0, commits[efb90bff-72c5-4ce9-affc-3f37be090605:c-1, 67abc4f8-8424-4a13-a91f-3faee2bb56e5:c-1, 4d51b372-1aca-44dd-a481-2d5d38da6b73:c-1]
2019-08-22 09:17:10,174 | INFO  | SCMAudit | user=jenkins1000 | ip=192.168.36.85 | op=SEND_HEARTBEAT {datanodeUUID=8e0331fc-a6ad-49c6-b07b-7e2a4ec9a890, command=[]} | ret=SUCCESS |  
2019-08-22 09:17:10,314 [67abc4f8-8424-4a13-a91f-3faee2bb56e5:group-EF5DD0F5256D:LeaderElection46] INFO  impl.LeaderElection (LeaderElection.java:askForVotes(181)) - 67abc4f8-8424-4a13-a91f-3faee2bb56e5:group-EF5DD0F5256D:LeaderElection46: begin an election at term 3 for -1: [67abc4f8-8424-4a13-a91f-3faee2bb56e5:192.168.36.85:44730, 4d51b372-1aca-44dd-a481-2d5d38da6b73:192.168.36.85:36387, efb90bff-72c5-4ce9-affc-3f37be090605:192.168.36.85:35511], old=null
2019-08-22 09:17:10,314 [4d51b372-1aca-44dd-a481-2d5d38da6b73:group-EF5DD0F5256D:LeaderElection48] INFO  impl.LeaderElection (LeaderElection.java:askForVotes(181)) - 4d51b372-1aca-44dd-a481-2d5d38da6b73:group-EF5DD0F5256D:LeaderElection48: begin an election at term 3 for 0: [67abc4f8-8424-4a13-a91f-3faee2bb56e5:192.168.36.85:44730, 4d51b372-1aca-44dd-a481-2d5d38da6b73:192.168.36.85:36387, efb90bff-72c5-4ce9-affc-3f37be090605:192.168.36.85:35511], old=null
2019-08-22 09:17:10,314 [efb90bff-72c5-4ce9-affc-3f37be090605:group-EF5DD0F5256D:LeaderElection47] INFO  impl.LeaderElection (LeaderElection.java:askForVotes(181)) - efb90bff-72c5-4ce9-affc-3f37be090605:group-EF5DD0F5256D:LeaderElection47: begin an election at term 3 for 0: [67abc4f8-8424-4a13-a91f-3faee2bb56e5:192.168.36.85:44730, 4d51b372-1aca-44dd-a481-2d5d38da6b73:192.168.36.85:36387, efb90bff-72c5-4ce9-affc-3f37be090605:192.168.36.85:35511], old=null
2019-08-22 09:17:10,319 [67abc4f8-8424-4a13-a91f-3faee2bb56e5:group-EF5DD0F5256D:LeaderElection46] INFO  impl.LeaderElection (LeaderElection.java:logAndReturn(56)) - 67abc4f8-8424-4a13-a91f-3faee2bb56e5:group-EF5DD0F5256D:LeaderElection46: Election REJECTED; received 2 response(s) [67abc4f8-8424-4a13-a91f-3faee2bb56e5<-4d51b372-1aca-44dd-a481-2d5d38da6b73#0:FAIL-t3, 67abc4f8-8424-4a13-a91f-3faee2bb56e5<-efb90bff-72c5-4ce9-affc-3f37be090605#0:FAIL-t3] and 0 exception(s); 67abc4f8-8424-4a13-a91f-3faee2bb56e5:t3, leader=null, voted=67abc4f8-8424-4a13-a91f-3faee2bb56e5, raftlog=67abc4f8-8424-4a13-a91f-3faee2bb56e5-SegmentedRaftLog:OPENED:c-1,f-1,i0, conf=-1: [67abc4f8-8424-4a13-a91f-3faee2bb56e5:192.168.36.85:44730, 4d51b372-1aca-44dd-a481-2d5d38da6b73:192.168.36.85:36387, efb90bff-72c5-4ce9-affc-3f37be090605:192.168.36.85:35511], old=null
2019-08-22 09:17:10,319 [67abc4f8-8424-4a13-a91f-3faee2bb56e5:group-EF5DD0F5256D:LeaderElection46] INFO  impl.RaftServerImpl (RaftServerImpl.java:setRole(171)) - 67abc4f8-8424-4a13-a91f-3faee2bb56e5:group-EF5DD0F5256D changes role from CANDIDATE to FOLLOWER at term 3 for DISCOVERED_A_NEW_TERM
2019-08-22 09:17:10,320 [67abc4f8-8424-4a13-a91f-3faee2bb56e5:group-EF5DD0F5256D:LeaderElection46] INFO  impl.RoleInfo (RoleInfo.java:shutdownLeaderElection(134)) - 67abc4f8-8424-4a13-a91f-3faee2bb56e5: shutdown LeaderElection
2019-08-22 09:17:10,320 [67abc4f8-8424-4a13-a91f-3faee2bb56e5:group-EF5DD0F5256D:LeaderElection46] INFO  impl.RoleInfo (RoleInfo.java:updateAndGet(143)) - 67abc4f8-8424-4a13-a91f-3faee2bb56e5: start FollowerState
2019-08-22 09:17:10,323 [4d51b372-1aca-44dd-a481-2d5d38da6b73:group-EF5DD0F5256D:LeaderElection48] INFO  impl.LeaderElection (LeaderElection.java:logAndReturn(56)) - 4d51b372-1aca-44dd-a481-2d5d38da6b73:group-EF5DD0F5256D:LeaderElection48: Election REJECTED; received 2 response(s) [4d51b372-1aca-44dd-a481-2d5d38da6b73<-67abc4f8-8424-4a13-a91f-3faee2bb56e5#0:FAIL-t3, 4d51b372-1aca-44dd-a481-2d5d38da6b73<-efb90bff-72c5-4ce9-affc-3f37be090605#0:FAIL-t3] and 0 exception(s); 4d51b372-1aca-44dd-a481-2d5d38da6b73:t3, leader=null, voted=4d51b372-1aca-44dd-a481-2d5d38da6b73, raftlog=4d51b372-1aca-44dd-a481-2d5d38da6b73-SegmentedRaftLog:OPENED:c-1,f0,i0, conf=0: [67abc4f8-8424-4a13-a91f-3faee2bb56e5:192.168.36.85:44730, 4d51b372-1aca-44dd-a481-2d5d38da6b73:192.168.36.85:36387, efb90bff-72c5-4ce9-affc-3f37be090605:192.168.36.85:35511], old=null
2019-08-22 09:17:10,323 [4d51b372-1aca-44dd-a481-2d5d38da6b73:group-EF5DD0F5256D:LeaderElection48] INFO  impl.RaftServerImpl (RaftServerImpl.java:setRole(171)) - 4d51b372-1aca-44dd-a481-2d5d38da6b73:group-EF5DD0F5256D changes role from CANDIDATE to FOLLOWER at term 3 for DISCOVERED_A_NEW_TERM
2019-08-22 09:17:10,323 [4d51b372-1aca-44dd-a481-2d5d38da6b73:group-EF5DD0F5256D:LeaderElection48] INFO  impl.RoleInfo (RoleInfo.java:shutdownLeaderElection(134)) - 4d51b372-1aca-44dd-a481-2d5d38da6b73: shutdown LeaderElection
2019-08-22 09:17:10,323 [efb90bff-72c5-4ce9-affc-3f37be090605:group-EF5DD0F5256D:LeaderElection47] INFO  impl.LeaderElection (LeaderElection.java:logAndReturn(56)) - efb90bff-72c5-4ce9-affc-3f37be090605:group-EF5DD0F5256D:LeaderElection47: Election REJECTED; received 2 response(s) [efb90bff-72c5-4ce9-affc-3f37be090605<-67abc4f8-8424-4a13-a91f-3faee2bb56e5#0:FAIL-t3, efb90bff-72c5-4ce9-affc-3f37be090605<-4d51b372-1aca-44dd-a481-2d5d38da6b73#0:FAIL-t3] and 0 exception(s); efb90bff-72c5-4ce9-affc-3f37be090605:t3, leader=null, voted=efb90bff-72c5-4ce9-affc-3f37be090605, raftlog=efb90bff-72c5-4ce9-affc-3f37be090605-SegmentedRaftLog:OPENED:c-1,f0,i0, conf=0: [67abc4f8-8424-4a13-a91f-3faee2bb56e5:192.168.36.85:44730, 4d51b372-1aca-44dd-a481-2d5d38da6b73:192.168.36.85:36387, efb90bff-72c5-4ce9-affc-3f37be090605:192.168.36.85:35511], old=null
2019-08-22 09:17:10,323 [4d51b372-1aca-44dd-a481-2d5d38da6b73:group-EF5DD0F5256D:LeaderElection48] INFO  impl.RoleInfo (RoleInfo.java:updateAndGet(143)) - 4d51b372-1aca-44dd-a481-2d5d38da6b73: start FollowerState
2019-08-22 09:17:10,323 [efb90bff-72c5-4ce9-affc-3f37be090605:group-EF5DD0F5256D:LeaderElection47] INFO  impl.RaftServerImpl (RaftServerImpl.java:setRole(171)) - efb90bff-72c5-4ce9-affc-3f37be090605:group-EF5DD0F5256D changes role from CANDIDATE to FOLLOWER at term 3 for DISCOVERED_A_NEW_TERM
2019-08-22 09:17:10,324 [efb90bff-72c5-4ce9-affc-3f37be090605:group-EF5DD0F5256D:LeaderElection47] INFO  impl.RoleInfo (RoleInfo.java:shutdownLeaderElection(134)) - efb90bff-72c5-4ce9-affc-3f37be090605: shutdown LeaderElection
2019-08-22 09:17:10,324 [efb90bff-72c5-4ce9-affc-3f37be090605:group-EF5DD0F5256D:LeaderElection47] INFO  impl.RoleInfo (RoleInfo.java:updateAndGet(143)) - efb90bff-72c5-4ce9-affc-3f37be090605: start FollowerState
2019-08-22 09:17:10,353 | INFO  | SCMAudit | user=jenkins1000 | ip=192.168.36.85 | op=SEND_HEARTBEAT {datanodeUUID=efb90bff-72c5-4ce9-affc-3f37be090605, command=[]} | ret=SUCCESS |  
2019-08-22 09:17:10,557 | INFO  | SCMAudit | user=jenkins1000 | ip=192.168.36.85 | op=SEND_HEARTBEAT {datanodeUUID=4d51b372-1aca-44dd-a481-2d5d38da6b73, command=[]} | ret=SUCCESS |  
2019-08-22 09:17:10,769 | INFO  | SCMAudit | user=jenkins1000 | ip=192.168.36.85 | op=SEND_HEARTBEAT {datanodeUUID=093f9392-15a1-447b-85fb-4daaec7caf94, command=[]} | ret=SUCCESS |  
2019-08-22 09:17:10,798 | INFO  | SCMAudit | user=jenkins1000 | ip=192.168.36.85 | op=SEND_HEARTBEAT {datanodeUUID=67abc4f8-8424-4a13-a91f-3faee2bb56e5, command=[]} | ret=SUCCESS |  
2019-08-22 09:17:10,925 | INFO  | SCMAudit | user=jenkins1000 | ip=192.168.36.85 | op=SEND_HEARTBEAT {datanodeUUID=d22de7f6-7510-48e4-8f97-1191f0294a01, command=[]} | ret=SUCCESS |  
2019-08-22 09:17:11,166 [grpc-default-executor-3] INFO  client.GrpcClientProtocolClient (GrpcClientProtocolClient.java:onNext(255)) - client-6D6AD7790121->4d51b372-1aca-44dd-a481-2d5d38da6b73: receive RaftClientReply:client-6D6AD7790121->4d51b372-1aca-44dd-a481-2d5d38da6b73@group-EF5DD0F5256D, cid=83, FAILED org.apache.ratis.protocol.NotLeaderException: Server 4d51b372-1aca-44dd-a481-2d5d38da6b73 is not the leader (null). Request must be sent to leader., logIndex=0, commits[4d51b372-1aca-44dd-a481-2d5d38da6b73:c-1, 67abc4f8-8424-4a13-a91f-3faee2bb56e5:c-1, efb90bff-72c5-4ce9-affc-3f37be090605:c-1]
2019-08-22 09:17:11,175 | INFO  | SCMAudit | user=jenkins1000 | ip=192.168.36.85 | op=SEND_HEARTBEAT {datanodeUUID=8e0331fc-a6ad-49c6-b07b-7e2a4ec9a890, command=[]} | ret=SUCCESS |  
2019-08-22 09:17:11,353 | INFO  | SCMAudit | user=jenkins1000 | ip=192.168.36.85 | op=SEND_HEARTBEAT {datanodeUUID=efb90bff-72c5-4ce9-affc-3f37be090605, command=[]} | ret=SUCCESS |  
2019-08-22 09:17:11,424 [Thread-1442] INFO  impl.FollowerState (FollowerState.java:run(106)) - 67abc4f8-8424-4a13-a91f-3faee2bb56e5:group-EF5DD0F5256D changes to CANDIDATE, lastRpcTime:1103, electionTimeout:1103ms
2019-08-22 09:17:11,424 [Thread-1442] INFO  impl.RoleInfo (RoleInfo.java:shutdownFollowerState(121)) - 67abc4f8-8424-4a13-a91f-3faee2bb56e5: shutdown FollowerState
2019-08-22 09:17:11,424 [Thread-1442] INFO  impl.RaftServerImpl (RaftServerImpl.java:setRole(171)) - 67abc4f8-8424-4a13-a91f-3faee2bb56e5:group-EF5DD0F5256D changes role from FOLLOWER to CANDIDATE at term 3 for changeToCandidate
2019-08-22 09:17:11,425 [Thread-1442] INFO  impl.RoleInfo (RoleInfo.java:updateAndGet(143)) - 67abc4f8-8424-4a13-a91f-3faee2bb56e5: start LeaderElection
2019-08-22 09:17:11,489 [Thread-1443] INFO  impl.FollowerState (FollowerState.java:run(106)) - 4d51b372-1aca-44dd-a481-2d5d38da6b73:group-EF5DD0F5256D changes to CANDIDATE, lastRpcTime:1165, electionTimeout:1165ms
2019-08-22 09:17:11,489 [Thread-1443] INFO  impl.RoleInfo (RoleInfo.java:shutdownFollowerState(121)) - 4d51b372-1aca-44dd-a481-2d5d38da6b73: shutdown FollowerState
2019-08-22 09:17:11,489 [Thread-1443] INFO  impl.RaftServerImpl (RaftServerImpl.java:setRole(171)) - 4d51b372-1aca-44dd-a481-2d5d38da6b73:group-EF5DD0F5256D changes role from FOLLOWER to CANDIDATE at term 3 for changeToCandidate
2019-08-22 09:17:11,489 [Thread-1443] INFO  impl.RoleInfo (RoleInfo.java:updateAndGet(143)) - 4d51b372-1aca-44dd-a481-2d5d38da6b73: start LeaderElection
2019-08-22 09:17:11,523 [Thread-1444] INFO  impl.FollowerState (FollowerState.java:run(106)) - efb90bff-72c5-4ce9-affc-3f37be090605:group-EF5DD0F5256D changes to CANDIDATE, lastRpcTime:1198, electionTimeout:1198ms
2019-08-22 09:17:11,523 [Thread-1444] INFO  impl.RoleInfo (RoleInfo.java:shutdownFollowerState(121)) - efb90bff-72c5-4ce9-affc-3f37be090605: shutdown FollowerState
2019-08-22 09:17:11,523 [Thread-1444] INFO  impl.RaftServerImpl (RaftServerImpl.java:setRole(171)) - efb90bff-72c5-4ce9-affc-3f37be090605:group-EF5DD0F5256D changes role from FOLLOWER to CANDIDATE at term 3 for changeToCandidate
2019-08-22 09:17:11,523 [Thread-1444] INFO  impl.RoleInfo (RoleInfo.java:updateAndGet(143)) - efb90bff-72c5-4ce9-affc-3f37be090605: start LeaderElection
2019-08-22 09:17:11,557 | INFO  | SCMAudit | user=jenkins1000 | ip=192.168.36.85 | op=SEND_HEARTBEAT {datanodeUUID=4d51b372-1aca-44dd-a481-2d5d38da6b73, command=[]} | ret=SUCCESS |  
2019-08-22 09:17:11,767 | INFO  | SCMAudit | user=jenkins1000 | ip=192.168.36.85 | op=SEND_HEARTBEAT {datanodeUUID=093f9392-15a1-447b-85fb-4daaec7caf94, command=[]} | ret=SUCCESS |  
2019-08-22 09:17:11,798 | INFO  | SCMAudit | user=jenkins1000 | ip=192.168.36.85 | op=SEND_HEARTBEAT {datanodeUUID=67abc4f8-8424-4a13-a91f-3faee2bb56e5, command=[]} | ret=SUCCESS |  
2019-08-22 09:17:11,925 | INFO  | SCMAudit | user=jenkins1000 | ip=192.168.36.85 | op=SEND_HEARTBEAT {datanodeUUID=d22de7f6-7510-48e4-8f97-1191f0294a01, command=[]} | ret=SUCCESS |  
2019-08-22 09:17:12,174 | INFO  | SCMAudit | user=jenkins1000 | ip=192.168.36.85 | op=SEND_HEARTBEAT {datanodeUUID=8e0331fc-a6ad-49c6-b07b-7e2a4ec9a890, command=[]} | ret=SUCCESS |  
2019-08-22 09:17:12,183 [grpc-default-executor-3] INFO  client.GrpcClientProtocolClient (GrpcClientProtocolClient.java:onNext(255)) - client-6D6AD7790121->efb90bff-72c5-4ce9-affc-3f37be090605: receive RaftClientReply:client-6D6AD7790121->efb90bff-72c5-4ce9-affc-3f37be090605@group-EF5DD0F5256D, cid=83, FAILED org.apache.ratis.protocol.NotLeaderException: Server efb90bff-72c5-4ce9-affc-3f37be090605 is not the leader (null). Request must be sent to leader., logIndex=0, commits[efb90bff-72c5-4ce9-affc-3f37be090605:c-1, 67abc4f8-8424-4a13-a91f-3faee2bb56e5:c-1, 4d51b372-1aca-44dd-a481-2d5d38da6b73:c-1]
2019-08-22 09:17:12,353 | INFO  | SCMAudit | user=jenkins1000 | ip=192.168.36.85 | op=SEND_HEARTBEAT {datanodeUUID=efb90bff-72c5-4ce9-affc-3f37be090605, command=[]} | ret=SUCCESS |  
2019-08-22 09:17:12,522 [4d51b372-1aca-44dd-a481-2d5d38da6b73:group-EF5DD0F5256D:LeaderElection50] INFO  impl.LeaderElection (LeaderElection.java:askForVotes(181)) - 4d51b372-1aca-44dd-a481-2d5d38da6b73:group-EF5DD0F5256D:LeaderElection50: begin an election at term 4 for 0: [67abc4f8-8424-4a13-a91f-3faee2bb56e5:192.168.36.85:44730, 4d51b372-1aca-44dd-a481-2d5d38da6b73:192.168.36.85:36387, efb90bff-72c5-4ce9-affc-3f37be090605:192.168.36.85:35511], old=null
2019-08-22 09:17:12,522 [67abc4f8-8424-4a13-a91f-3faee2bb56e5:group-EF5DD0F5256D:LeaderElection49] INFO  impl.LeaderElection (LeaderElection.java:askForVotes(181)) - 67abc4f8-8424-4a13-a91f-3faee2bb56e5:group-EF5DD0F5256D:LeaderElection49: begin an election at term 4 for -1: [67abc4f8-8424-4a13-a91f-3faee2bb56e5:192.168.36.85:44730, 4d51b372-1aca-44dd-a481-2d5d38da6b73:192.168.36.85:36387, efb90bff-72c5-4ce9-affc-3f37be090605:192.168.36.85:35511], old=null
2019-08-22 09:17:12,522 [efb90bff-72c5-4ce9-affc-3f37be090605:group-EF5DD0F5256D:LeaderElection51] INFO  impl.LeaderElection (LeaderElection.java:askForVotes(181)) - efb90bff-72c5-4ce9-affc-3f37be090605:group-EF5DD0F5256D:LeaderElection51: begin an election at term 4 for 0: [67abc4f8-8424-4a13-a91f-3faee2bb56e5:192.168.36.85:44730, 4d51b372-1aca-44dd-a481-2d5d38da6b73:192.168.36.85:36387, efb90bff-72c5-4ce9-affc-3f37be090605:192.168.36.85:35511], old=null
2019-08-22 09:17:12,528 [4d51b372-1aca-44dd-a481-2d5d38da6b73:group-EF5DD0F5256D:LeaderElection50] INFO  impl.LeaderElection (LeaderElection.java:logAndReturn(56)) - 4d51b372-1aca-44dd-a481-2d5d38da6b73:group-EF5DD0F5256D:LeaderElection50: Election REJECTED; received 2 response(s) [4d51b372-1aca-44dd-a481-2d5d38da6b73<-67abc4f8-8424-4a13-a91f-3faee2bb56e5#0:FAIL-t4, 4d51b372-1aca-44dd-a481-2d5d38da6b73<-efb90bff-72c5-4ce9-affc-3f37be090605#0:FAIL-t4] and 0 exception(s); 4d51b372-1aca-44dd-a481-2d5d38da6b73:t4, leader=null, voted=4d51b372-1aca-44dd-a481-2d5d38da6b73, raftlog=4d51b372-1aca-44dd-a481-2d5d38da6b73-SegmentedRaftLog:OPENED:c-1,f0,i0, conf=0: [67abc4f8-8424-4a13-a91f-3faee2bb56e5:192.168.36.85:44730, 4d51b372-1aca-44dd-a481-2d5d38da6b73:192.168.36.85:36387, efb90bff-72c5-4ce9-affc-3f37be090605:192.168.36.85:35511], old=null
2019-08-22 09:17:12,528 [4d51b372-1aca-44dd-a481-2d5d38da6b73:group-EF5DD0F5256D:LeaderElection50] INFO  impl.RaftServerImpl (RaftServerImpl.java:setRole(171)) - 4d51b372-1aca-44dd-a481-2d5d38da6b73:group-EF5DD0F5256D changes role from CANDIDATE to FOLLOWER at term 4 for DISCOVERED_A_NEW_TERM
2019-08-22 09:17:12,528 [efb90bff-72c5-4ce9-affc-3f37be090605:group-EF5DD0F5256D:LeaderElection51] INFO  impl.LeaderElection (LeaderElection.java:logAndReturn(56)) - efb90bff-72c5-4ce9-affc-3f37be090605:group-EF5DD0F5256D:LeaderElection51: Election REJECTED; received 2 response(s) [efb90bff-72c5-4ce9-affc-3f37be090605<-67abc4f8-8424-4a13-a91f-3faee2bb56e5#0:FAIL-t4, efb90bff-72c5-4ce9-affc-3f37be090605<-4d51b372-1aca-44dd-a481-2d5d38da6b73#0:FAIL-t4] and 0 exception(s); efb90bff-72c5-4ce9-affc-3f37be090605:t4, leader=null, voted=efb90bff-72c5-4ce9-affc-3f37be090605, raftlog=efb90bff-72c5-4ce9-affc-3f37be090605-SegmentedRaftLog:OPENED:c-1,f0,i0, conf=0: [67abc4f8-8424-4a13-a91f-3faee2bb56e5:192.168.36.85:44730, 4d51b372-1aca-44dd-a481-2d5d38da6b73:192.168.36.85:36387, efb90bff-72c5-4ce9-affc-3f37be090605:192.168.36.85:35511], old=null
2019-08-22 09:17:12,528 [4d51b372-1aca-44dd-a481-2d5d38da6b73:group-EF5DD0F5256D:LeaderElection50] INFO  impl.RoleInfo (RoleInfo.java:shutdownLeaderElection(134)) - 4d51b372-1aca-44dd-a481-2d5d38da6b73: shutdown LeaderElection
2019-08-22 09:17:12,529 [efb90bff-72c5-4ce9-affc-3f37be090605:group-EF5DD0F5256D:LeaderElection51] INFO  impl.RaftServerImpl (RaftServerImpl.java:setRole(171)) - efb90bff-72c5-4ce9-affc-3f37be090605:group-EF5DD0F5256D changes role from CANDIDATE to FOLLOWER at term 4 for DISCOVERED_A_NEW_TERM
2019-08-22 09:17:12,529 [4d51b372-1aca-44dd-a481-2d5d38da6b73:group-EF5DD0F5256D:LeaderElection50] INFO  impl.RoleInfo (RoleInfo.java:updateAndGet(143)) - 4d51b372-1aca-44dd-a481-2d5d38da6b73: start FollowerState
2019-08-22 09:17:12,529 [67abc4f8-8424-4a13-a91f-3faee2bb56e5:group-EF5DD0F5256D:LeaderElection49] INFO  impl.LeaderElection (LeaderElection.java:logAndReturn(56)) - 67abc4f8-8424-4a13-a91f-3faee2bb56e5:group-EF5DD0F5256D:LeaderElection49: Election REJECTED; received 2 response(s) [67abc4f8-8424-4a13-a91f-3faee2bb56e5<-4d51b372-1aca-44dd-a481-2d5d38da6b73#0:FAIL-t4, 67abc4f8-8424-4a13-a91f-3faee2bb56e5<-efb90bff-72c5-4ce9-affc-3f37be090605#0:FAIL-t4] and 0 exception(s); 67abc4f8-8424-4a13-a91f-3faee2bb56e5:t4, leader=null, voted=67abc4f8-8424-4a13-a91f-3faee2bb56e5, raftlog=67abc4f8-8424-4a13-a91f-3faee2bb56e5-SegmentedRaftLog:OPENED:c-1,f-1,i0, conf=-1: [67abc4f8-8424-4a13-a91f-3faee2bb56e5:192.168.36.85:44730, 4d51b372-1aca-44dd-a481-2d5d38da6b73:192.168.36.85:36387, efb90bff-72c5-4ce9-affc-3f37be090605:192.168.36.85:35511], old=null
2019-08-22 09:17:12,529 [efb90bff-72c5-4ce9-affc-3f37be090605:group-EF5DD0F5256D:LeaderElection51] INFO  impl.RoleInfo (RoleInfo.java:shutdownLeaderElection(134)) - efb90bff-72c5-4ce9-affc-3f37be090605: shutdown LeaderElection
2019-08-22 09:17:12,529 [67abc4f8-8424-4a13-a91f-3faee2bb56e5:group-EF5DD0F5256D:LeaderElection49] INFO  impl.RaftServerImpl (RaftServerImpl.java:setRole(171)) - 67abc4f8-8424-4a13-a91f-3faee2bb56e5:group-EF5DD0F5256D changes role from CANDIDATE to FOLLOWER at term 4 for DISCOVERED_A_NEW_TERM
2019-08-22 09:17:12,529 [efb90bff-72c5-4ce9-affc-3f37be090605:group-EF5DD0F5256D:LeaderElection51] INFO  impl.RoleInfo (RoleInfo.java:updateAndGet(143)) - efb90bff-72c5-4ce9-affc-3f37be090605: start FollowerState
2019-08-22 09:17:12,530 [67abc4f8-8424-4a13-a91f-3faee2bb56e5:group-EF5DD0F5256D:LeaderElection49] INFO  impl.RoleInfo (RoleInfo.java:shutdownLeaderElection(134)) - 67abc4f8-8424-4a13-a91f-3faee2bb56e5: shutdown LeaderElection
2019-08-22 09:17:12,530 [67abc4f8-8424-4a13-a91f-3faee2bb56e5:group-EF5DD0F5256D:LeaderElection49] INFO  impl.RoleInfo (RoleInfo.java:updateAndGet(143)) - 67abc4f8-8424-4a13-a91f-3faee2bb56e5: start FollowerState
2019-08-22 09:17:12,557 | INFO  | SCMAudit | user=jenkins1000 | ip=192.168.36.85 | op=SEND_HEARTBEAT {datanodeUUID=4d51b372-1aca-44dd-a481-2d5d38da6b73, command=[]} | ret=SUCCESS |  
2019-08-22 09:17:12,768 | INFO  | SCMAudit | user=jenkins1000 | ip=192.168.36.85 | op=SEND_HEARTBEAT {datanodeUUID=093f9392-15a1-447b-85fb-4daaec7caf94, command=[]} | ret=SUCCESS |  
2019-08-22 09:17:12,798 | INFO  | SCMAudit | user=jenkins1000 | ip=192.168.36.85 | op=SEND_HEARTBEAT {datanodeUUID=67abc4f8-8424-4a13-a91f-3faee2bb56e5, command=[]} | ret=SUCCESS |  
2019-08-22 09:17:12,926 | INFO  | SCMAudit | user=jenkins1000 | ip=192.168.36.85 | op=SEND_HEARTBEAT {datanodeUUID=d22de7f6-7510-48e4-8f97-1191f0294a01, command=[]} | ret=SUCCESS |  
2019-08-22 09:17:13,174 | INFO  | SCMAudit | user=jenkins1000 | ip=192.168.36.85 | op=SEND_HEARTBEAT {datanodeUUID=8e0331fc-a6ad-49c6-b07b-7e2a4ec9a890, command=[]} | ret=SUCCESS |  
2019-08-22 09:17:13,204 [grpc-default-executor-3] INFO  client.GrpcClientProtocolClient (GrpcClientProtocolClient.java:onNext(255)) - client-6D6AD7790121->67abc4f8-8424-4a13-a91f-3faee2bb56e5: receive RaftClientReply:client-6D6AD7790121->67abc4f8-8424-4a13-a91f-3faee2bb56e5@group-EF5DD0F5256D, cid=83, FAILED org.apache.ratis.protocol.NotLeaderException: Server 67abc4f8-8424-4a13-a91f-3faee2bb56e5 is not the leader (null). Request must be sent to leader., logIndex=0, commits[67abc4f8-8424-4a13-a91f-3faee2bb56e5:c-1]
2019-08-22 09:17:13,211 [main] WARN  io.KeyOutputStream (KeyOutputStream.java:handleException(276)) - Encountered exception java.io.IOException: Unexpected Storage Container Exception: java.util.concurrent.CompletionException: java.util.concurrent.CompletionException: org.apache.ratis.protocol.RaftRetryFailureException: Failed RaftClientRequest:client-6D6AD7790121->67abc4f8-8424-4a13-a91f-3faee2bb56e5@group-EF5DD0F5256D, cid=83, seq=1*, RW, org.apache.hadoop.hdds.scm.XceiverClientRatis$$Lambda$474/119156209@14bbbb2b for 10 attempts with RetryLimited(maxAttempts=10, sleepTime=1000ms) on the pipeline Pipeline[ Id: e1a9f66e-de0f-4eaa-b925-ef5dd0f5256d, Nodes: 4d51b372-1aca-44dd-a481-2d5d38da6b73{ip: 192.168.36.85, host: pr-hdds-1898-9jx57-4170240974, networkLocation: /default-rack, certSerialId: null}67abc4f8-8424-4a13-a91f-3faee2bb56e5{ip: 192.168.36.85, host: pr-hdds-1898-9jx57-4170240974, networkLocation: /default-rack, certSerialId: null}efb90bff-72c5-4ce9-affc-3f37be090605{ip: 192.168.36.85, host: pr-hdds-1898-9jx57-4170240974, networkLocation: /default-rack, certSerialId: null}, Type:RATIS, Factor:THREE, State:OPEN]. The last committed block length is 0, uncommitted data length is 2097152 retry count 0
2019-08-22 09:17:13,231 | INFO  | SCMAudit | user=jenkins1000 | ip=192.168.36.85 | op=ALLOCATE_BLOCK {owner=2f568cc0-1336-436b-8bf5-8b81bb4b3c4f, size=4194304, type=RATIS, factor=THREE} | ret=SUCCESS |  
2019-08-22 09:17:13,233 | INFO  | OMAudit | user=jenkins1000 | ip=127.0.0.1 | op=ALLOCATE_BLOCK {volume=datanodefailurehandlingtest, bucket=datanodefailurehandlingtest, key=ratis3, dataSize=0, replicationType=null, replicationFactor=null, keyLocationInfo=null, clientID=102659878018154503} | ret=SUCCESS |  
2019-08-22 09:17:13,247 [grpc-default-executor-3] INFO  client.GrpcClientProtocolClient (GrpcClientProtocolClient.java:onNext(255)) - client-12FE3A59FB04->d22de7f6-7510-48e4-8f97-1191f0294a01: receive RaftClientReply:client-12FE3A59FB04->d22de7f6-7510-48e4-8f97-1191f0294a01@group-D53B9E930755, cid=87, FAILED org.apache.ratis.protocol.NotLeaderException: Server d22de7f6-7510-48e4-8f97-1191f0294a01 is not the leader (8e0331fc-a6ad-49c6-b07b-7e2a4ec9a890:192.168.36.85:46730). Request must be sent to leader., logIndex=0, commits[d22de7f6-7510-48e4-8f97-1191f0294a01:c0, 8e0331fc-a6ad-49c6-b07b-7e2a4ec9a890:c0, 093f9392-15a1-447b-85fb-4daaec7caf94:c0]
2019-08-22 09:17:13,352 | INFO  | SCMAudit | user=jenkins1000 | ip=192.168.36.85 | op=SEND_HEARTBEAT {datanodeUUID=efb90bff-72c5-4ce9-affc-3f37be090605, command=[]} | ret=SUCCESS |  
2019-08-22 09:17:13,492 | INFO  | SCMAudit | user=jenkins1000 | ip=192.168.36.85 | op=SEND_HEARTBEAT {datanodeUUID=d22de7f6-7510-48e4-8f97-1191f0294a01, command=[]} | ret=SUCCESS |  
2019-08-22 09:17:13,492 | INFO  | SCMAudit | user=jenkins1000 | ip=192.168.36.85 | op=SEND_HEARTBEAT {datanodeUUID=093f9392-15a1-447b-85fb-4daaec7caf94, command=[]} | ret=SUCCESS |  
2019-08-22 09:17:13,492 | INFO  | SCMAudit | user=jenkins1000 | ip=192.168.36.85 | op=SEND_HEARTBEAT {datanodeUUID=8e0331fc-a6ad-49c6-b07b-7e2a4ec9a890, command=[]} | ret=SUCCESS |  
2019-08-22 09:17:13,502 | INFO  | DNAudit | user=null | ip=null | op=WRITE_CHUNK {blockData=conID: 2 locID: 102659878632226825 bcsId: 0} | ret=SUCCESS |  
2019-08-22 09:17:13,502 | INFO  | DNAudit | user=null | ip=null | op=WRITE_CHUNK {blockData=conID: 2 locID: 102659878632226825 bcsId: 0} | ret=SUCCESS |  
2019-08-22 09:17:13,502 | INFO  | DNAudit | user=null | ip=null | op=WRITE_CHUNK {blockData=conID: 2 locID: 102659878632226825 bcsId: 0} | ret=SUCCESS |  
2019-08-22 09:17:13,521 | INFO  | DNAudit | user=null | ip=null | op=WRITE_CHUNK {blockData=conID: 2 locID: 102659878632226825 bcsId: 0} | ret=SUCCESS |  
2019-08-22 09:17:13,525 [grpc-default-executor-5] INFO  client.GrpcClientProtocolClient (GrpcClientProtocolClient.java:onNext(255)) - client-12FE3A59FB04->8e0331fc-a6ad-49c6-b07b-7e2a4ec9a890: receive RaftClientReply:client-12FE3A59FB04->8e0331fc-a6ad-49c6-b07b-7e2a4ec9a890@group-D53B9E930755, cid=87, SUCCESS, logIndex=1, commits[8e0331fc-a6ad-49c6-b07b-7e2a4ec9a890:c1, d22de7f6-7510-48e4-8f97-1191f0294a01:c0, 093f9392-15a1-447b-85fb-4daaec7caf94:c0]
2019-08-22 09:17:13,537 | INFO  | DNAudit | user=null | ip=null | op=WRITE_CHUNK {blockData=conID: 2 locID: 102659878632226825 bcsId: 0} | ret=SUCCESS |  
2019-08-22 09:17:13,540 | INFO  | DNAudit | user=null | ip=null | op=WRITE_CHUNK {blockData=conID: 2 locID: 102659878632226825 bcsId: 0} | ret=SUCCESS |  
2019-08-22 09:17:13,545 | INFO  | DNAudit | user=null | ip=null | op=WRITE_CHUNK {blockData=conID: 2 locID: 102659878632226825 bcsId: 0} | ret=SUCCESS |  
2019-08-22 09:17:13,552 | INFO  | DNAudit | user=null | ip=null | op=WRITE_CHUNK {blockData=conID: 2 locID: 102659878632226825 bcsId: 0} | ret=SUCCESS |  
2019-08-22 09:17:13,552 | INFO  | DNAudit | user=null | ip=null | op=WRITE_CHUNK {blockData=conID: 2 locID: 102659878632226825 bcsId: 0} | ret=SUCCESS |  
2019-08-22 09:17:13,556 | INFO  | SCMAudit | user=jenkins1000 | ip=192.168.36.85 | op=SEND_HEARTBEAT {datanodeUUID=4d51b372-1aca-44dd-a481-2d5d38da6b73, command=[]} | ret=SUCCESS |  
2019-08-22 09:17:13,632 | INFO  | DNAudit | user=null | ip=null | op=PUT_BLOCK {blockData=[blockId=conID: 2 locID: 102659878632226825 bcsId: 0,size=1048576]} | ret=SUCCESS |  
2019-08-22 09:17:13,636 | INFO  | DNAudit | user=null | ip=null | op=WRITE_CHUNK {blockData=conID: 2 locID: 102659878632226825 bcsId: 0} | ret=SUCCESS |  
2019-08-22 09:17:13,636 [grpc-default-executor-0] INFO  client.GrpcClientProtocolClient (GrpcClientProtocolClient.java:onNext(255)) - client-12FE3A59FB04->8e0331fc-a6ad-49c6-b07b-7e2a4ec9a890: receive RaftClientReply:client-12FE3A59FB04->8e0331fc-a6ad-49c6-b07b-7e2a4ec9a890@group-D53B9E930755, cid=88, SUCCESS, logIndex=3, commits[8e0331fc-a6ad-49c6-b07b-7e2a4ec9a890:c7, d22de7f6-7510-48e4-8f97-1191f0294a01:c6, 093f9392-15a1-447b-85fb-4daaec7caf94:c6]
2019-08-22 09:17:13,637 [grpc-default-executor-0] INFO  client.GrpcClientProtocolClient (GrpcClientProtocolClient.java:onNext(255)) - client-12FE3A59FB04->8e0331fc-a6ad-49c6-b07b-7e2a4ec9a890: receive RaftClientReply:client-12FE3A59FB04->8e0331fc-a6ad-49c6-b07b-7e2a4ec9a890@group-D53B9E930755, cid=89, SUCCESS, logIndex=5, commits[8e0331fc-a6ad-49c6-b07b-7e2a4ec9a890:c7, d22de7f6-7510-48e4-8f97-1191f0294a01:c6, 093f9392-15a1-447b-85fb-4daaec7caf94:c6]
2019-08-22 09:17:13,669 [Thread-1470] INFO  impl.FollowerState (FollowerState.java:run(106)) - 67abc4f8-8424-4a13-a91f-3faee2bb56e5:group-EF5DD0F5256D changes to CANDIDATE, lastRpcTime:1138, electionTimeout:1138ms
2019-08-22 09:17:13,669 [Thread-1470] INFO  impl.RoleInfo (RoleInfo.java:shutdownFollowerState(121)) - 67abc4f8-8424-4a13-a91f-3faee2bb56e5: shutdown FollowerState
2019-08-22 09:17:13,669 [Thread-1470] INFO  impl.RaftServerImpl (RaftServerImpl.java:setRole(171)) - 67abc4f8-8424-4a13-a91f-3faee2bb56e5:group-EF5DD0F5256D changes role from FOLLOWER to CANDIDATE at term 4 for changeToCandidate
2019-08-22 09:17:13,669 [Thread-1470] INFO  impl.RoleInfo (RoleInfo.java:updateAndGet(143)) - 67abc4f8-8424-4a13-a91f-3faee2bb56e5: start LeaderElection
2019-08-22 09:17:13,676 [Thread-1469] INFO  impl.FollowerState (FollowerState.java:run(106)) - efb90bff-72c5-4ce9-affc-3f37be090605:group-EF5DD0F5256D changes to CANDIDATE, lastRpcTime:1146, electionTimeout:1146ms
2019-08-22 09:17:13,676 [Thread-1469] INFO  impl.RoleInfo (RoleInfo.java:shutdownFollowerState(121)) - efb90bff-72c5-4ce9-affc-3f37be090605: shutdown FollowerState
2019-08-22 09:17:13,677 [Thread-1469] INFO  impl.RaftServerImpl (RaftServerImpl.java:setRole(171)) - efb90bff-72c5-4ce9-affc-3f37be090605:group-EF5DD0F5256D changes role from FOLLOWER to CANDIDATE at term 4 for changeToCandidate
2019-08-22 09:17:13,677 [Thread-1469] INFO  impl.RoleInfo (RoleInfo.java:updateAndGet(143)) - efb90bff-72c5-4ce9-affc-3f37be090605: start LeaderElection
2019-08-22 09:17:13,680 [Thread-1468] INFO  impl.FollowerState (FollowerState.java:run(106)) - 4d51b372-1aca-44dd-a481-2d5d38da6b73:group-EF5DD0F5256D changes to CANDIDATE, lastRpcTime:1150, electionTimeout:1150ms
2019-08-22 09:17:13,680 [Thread-1468] INFO  impl.RoleInfo (RoleInfo.java:shutdownFollowerState(121)) - 4d51b372-1aca-44dd-a481-2d5d38da6b73: shutdown FollowerState
2019-08-22 09:17:13,680 [Thread-1468] INFO  impl.RaftServerImpl (RaftServerImpl.java:setRole(171)) - 4d51b372-1aca-44dd-a481-2d5d38da6b73:group-EF5DD0F5256D changes role from FOLLOWER to CANDIDATE at term 4 for changeToCandidate
2019-08-22 09:17:13,680 [Thread-1468] INFO  impl.RoleInfo (RoleInfo.java:updateAndGet(143)) - 4d51b372-1aca-44dd-a481-2d5d38da6b73: start LeaderElection
2019-08-22 09:17:13,699 [efb90bff-72c5-4ce9-affc-3f37be090605:group-EF5DD0F5256D:LeaderElection53] INFO  impl.LeaderElection (LeaderElection.java:askForVotes(181)) - efb90bff-72c5-4ce9-affc-3f37be090605:group-EF5DD0F5256D:LeaderElection53: begin an election at term 5 for 0: [67abc4f8-8424-4a13-a91f-3faee2bb56e5:192.168.36.85:44730, 4d51b372-1aca-44dd-a481-2d5d38da6b73:192.168.36.85:36387, efb90bff-72c5-4ce9-affc-3f37be090605:192.168.36.85:35511], old=null
2019-08-22 09:17:13,699 [67abc4f8-8424-4a13-a91f-3faee2bb56e5:group-EF5DD0F5256D:LeaderElection52] INFO  impl.LeaderElection (LeaderElection.java:askForVotes(181)) - 67abc4f8-8424-4a13-a91f-3faee2bb56e5:group-EF5DD0F5256D:LeaderElection52: begin an election at term 5 for -1: [67abc4f8-8424-4a13-a91f-3faee2bb56e5:192.168.36.85:44730, 4d51b372-1aca-44dd-a481-2d5d38da6b73:192.168.36.85:36387, efb90bff-72c5-4ce9-affc-3f37be090605:192.168.36.85:35511], old=null
2019-08-22 09:17:13,700 [4d51b372-1aca-44dd-a481-2d5d38da6b73:group-EF5DD0F5256D:LeaderElection54] INFO  impl.LeaderElection (LeaderElection.java:askForVotes(181)) - 4d51b372-1aca-44dd-a481-2d5d38da6b73:group-EF5DD0F5256D:LeaderElection54: begin an election at term 5 for 0: [67abc4f8-8424-4a13-a91f-3faee2bb56e5:192.168.36.85:44730, 4d51b372-1aca-44dd-a481-2d5d38da6b73:192.168.36.85:36387, efb90bff-72c5-4ce9-affc-3f37be090605:192.168.36.85:35511], old=null
2019-08-22 09:17:13,840 | INFO  | DNAudit | user=null | ip=null | op=PUT_BLOCK {blockData=[blockId=conID: 2 locID: 102659878632226825 bcsId: 0,size=1048576]} | ret=SUCCESS |  
2019-08-22 09:17:13,839 | INFO  | SCMAudit | user=jenkins1000 | ip=192.168.36.85 | op=SEND_HEARTBEAT {datanodeUUID=67abc4f8-8424-4a13-a91f-3faee2bb56e5, command=[]} | ret=SUCCESS |  
2019-08-22 09:17:13,852 | INFO  | DNAudit | user=null | ip=null | op=WRITE_CHUNK {blockData=conID: 2 locID: 102659878632226825 bcsId: 0} | ret=SUCCESS |  
2019-08-22 09:17:13,865 [efb90bff-72c5-4ce9-affc-3f37be090605:group-EF5DD0F5256D:LeaderElection53] INFO  impl.LeaderElection (LeaderElection.java:logAndReturn(56)) - efb90bff-72c5-4ce9-affc-3f37be090605:group-EF5DD0F5256D:LeaderElection53: Election REJECTED; received 2 response(s) [efb90bff-72c5-4ce9-affc-3f37be090605<-67abc4f8-8424-4a13-a91f-3faee2bb56e5#0:FAIL-t5, efb90bff-72c5-4ce9-affc-3f37be090605<-4d51b372-1aca-44dd-a481-2d5d38da6b73#0:FAIL-t5] and 0 exception(s); efb90bff-72c5-4ce9-affc-3f37be090605:t5, leader=null, voted=efb90bff-72c5-4ce9-affc-3f37be090605, raftlog=efb90bff-72c5-4ce9-affc-3f37be090605-SegmentedRaftLog:OPENED:c-1,f0,i0, conf=0: [67abc4f8-8424-4a13-a91f-3faee2bb56e5:192.168.36.85:44730, 4d51b372-1aca-44dd-a481-2d5d38da6b73:192.168.36.85:36387, efb90bff-72c5-4ce9-affc-3f37be090605:192.168.36.85:35511], old=null
2019-08-22 09:17:13,865 [efb90bff-72c5-4ce9-affc-3f37be090605:group-EF5DD0F5256D:LeaderElection53] INFO  impl.RaftServerImpl (RaftServerImpl.java:setRole(171)) - efb90bff-72c5-4ce9-affc-3f37be090605:group-EF5DD0F5256D changes role from CANDIDATE to FOLLOWER at term 5 for DISCOVERED_A_NEW_TERM
2019-08-22 09:17:13,865 [efb90bff-72c5-4ce9-affc-3f37be090605:group-EF5DD0F5256D:LeaderElection53] INFO  impl.RoleInfo (RoleInfo.java:shutdownLeaderElection(134)) - efb90bff-72c5-4ce9-affc-3f37be090605: shutdown LeaderElection
2019-08-22 09:17:13,865 [efb90bff-72c5-4ce9-affc-3f37be090605:group-EF5DD0F5256D:LeaderElection53] INFO  impl.RoleInfo (RoleInfo.java:updateAndGet(143)) - efb90bff-72c5-4ce9-affc-3f37be090605: start FollowerState
2019-08-22 09:17:13,866 [4d51b372-1aca-44dd-a481-2d5d38da6b73:group-EF5DD0F5256D:LeaderElection54] INFO  impl.LeaderElection (LeaderElection.java:logAndReturn(56)) - 4d51b372-1aca-44dd-a481-2d5d38da6b73:group-EF5DD0F5256D:LeaderElection54: Election REJECTED; received 2 response(s) [4d51b372-1aca-44dd-a481-2d5d38da6b73<-67abc4f8-8424-4a13-a91f-3faee2bb56e5#0:FAIL-t5, 4d51b372-1aca-44dd-a481-2d5d38da6b73<-efb90bff-72c5-4ce9-affc-3f37be090605#0:FAIL-t5] and 0 exception(s); 4d51b372-1aca-44dd-a481-2d5d38da6b73:t5, leader=null, voted=4d51b372-1aca-44dd-a481-2d5d38da6b73, raftlog=4d51b372-1aca-44dd-a481-2d5d38da6b73-SegmentedRaftLog:OPENED:c-1,f0,i0, conf=0: [67abc4f8-8424-4a13-a91f-3faee2bb56e5:192.168.36.85:44730, 4d51b372-1aca-44dd-a481-2d5d38da6b73:192.168.36.85:36387, efb90bff-72c5-4ce9-affc-3f37be090605:192.168.36.85:35511], old=null
2019-08-22 09:17:13,866 [4d51b372-1aca-44dd-a481-2d5d38da6b73:group-EF5DD0F5256D:LeaderElection54] INFO  impl.RaftServerImpl (RaftServerImpl.java:setRole(171)) - 4d51b372-1aca-44dd-a481-2d5d38da6b73:group-EF5DD0F5256D changes role from CANDIDATE to FOLLOWER at term 5 for DISCOVERED_A_NEW_TERM
2019-08-22 09:17:13,866 [4d51b372-1aca-44dd-a481-2d5d38da6b73:group-EF5DD0F5256D:LeaderElection54] INFO  impl.RoleInfo (RoleInfo.java:shutdownLeaderElection(134)) - 4d51b372-1aca-44dd-a481-2d5d38da6b73: shutdown LeaderElection
2019-08-22 09:17:13,866 [4d51b372-1aca-44dd-a481-2d5d38da6b73:group-EF5DD0F5256D:LeaderElection54] INFO  impl.RoleInfo (RoleInfo.java:updateAndGet(143)) - 4d51b372-1aca-44dd-a481-2d5d38da6b73: start FollowerState
2019-08-22 09:17:13,866 [67abc4f8-8424-4a13-a91f-3faee2bb56e5:group-EF5DD0F5256D:LeaderElection52] INFO  impl.LeaderElection (LeaderElection.java:logAndReturn(56)) - 67abc4f8-8424-4a13-a91f-3faee2bb56e5:group-EF5DD0F5256D:LeaderElection52: Election REJECTED; received 2 response(s) [67abc4f8-8424-4a13-a91f-3faee2bb56e5<-4d51b372-1aca-44dd-a481-2d5d38da6b73#0:FAIL-t5, 67abc4f8-8424-4a13-a91f-3faee2bb56e5<-efb90bff-72c5-4ce9-affc-3f37be090605#0:FAIL-t5] and 0 exception(s); 67abc4f8-8424-4a13-a91f-3faee2bb56e5:t5, leader=null, voted=67abc4f8-8424-4a13-a91f-3faee2bb56e5, raftlog=67abc4f8-8424-4a13-a91f-3faee2bb56e5-SegmentedRaftLog:OPENED:c-1,f-1,i0, conf=-1: [67abc4f8-8424-4a13-a91f-3faee2bb56e5:192.168.36.85:44730, 4d51b372-1aca-44dd-a481-2d5d38da6b73:192.168.36.85:36387, efb90bff-72c5-4ce9-affc-3f37be090605:192.168.36.85:35511], old=null
2019-08-22 09:17:13,867 [67abc4f8-8424-4a13-a91f-3faee2bb56e5:group-EF5DD0F5256D:LeaderElection52] INFO  impl.RaftServerImpl (RaftServerImpl.java:setRole(171)) - 67abc4f8-8424-4a13-a91f-3faee2bb56e5:group-EF5DD0F5256D changes role from CANDIDATE to FOLLOWER at term 5 for DISCOVERED_A_NEW_TERM
2019-08-22 09:17:13,867 [67abc4f8-8424-4a13-a91f-3faee2bb56e5:group-EF5DD0F5256D:LeaderElection52] INFO  impl.RoleInfo (RoleInfo.java:shutdownLeaderElection(134)) - 67abc4f8-8424-4a13-a91f-3faee2bb56e5: shutdown LeaderElection
2019-08-22 09:17:13,867 [67abc4f8-8424-4a13-a91f-3faee2bb56e5:group-EF5DD0F5256D:LeaderElection52] INFO  impl.RoleInfo (RoleInfo.java:updateAndGet(143)) - 67abc4f8-8424-4a13-a91f-3faee2bb56e5: start FollowerState
2019-08-22 09:17:13,924 | INFO  | DNAudit | user=null | ip=null | op=PUT_BLOCK {blockData=[blockId=conID: 2 locID: 102659878632226825 bcsId: 0,size=1048576]} | ret=SUCCESS |  
2019-08-22 09:17:13,924 | INFO  | DNAudit | user=null | ip=null | op=PUT_BLOCK {blockData=[blockId=conID: 2 locID: 102659878632226825 bcsId: 0,size=2097152]} | ret=SUCCESS |  
2019-08-22 09:17:13,924 | INFO  | DNAudit | user=null | ip=null | op=PUT_BLOCK {blockData=[blockId=conID: 2 locID: 102659878632226825 bcsId: 0,size=2097152]} | ret=SUCCESS |  
2019-08-22 09:17:13,924 | INFO  | DNAudit | user=null | ip=null | op=WRITE_CHUNK {blockData=conID: 2 locID: 102659878632226825 bcsId: 0} | ret=SUCCESS |  
2019-08-22 09:17:13,925 | INFO  | DNAudit | user=null | ip=null | op=PUT_BLOCK {blockData=[blockId=conID: 2 locID: 102659878632226825 bcsId: 0,size=2097152]} | ret=SUCCESS |  
2019-08-22 09:17:13,925 [grpc-default-executor-5] INFO  client.GrpcClientProtocolClient (GrpcClientProtocolClient.java:onNext(255)) - client-12FE3A59FB04->8e0331fc-a6ad-49c6-b07b-7e2a4ec9a890: receive RaftClientReply:client-12FE3A59FB04->8e0331fc-a6ad-49c6-b07b-7e2a4ec9a890@group-D53B9E930755, cid=90, SUCCESS, logIndex=6, commits[8e0331fc-a6ad-49c6-b07b-7e2a4ec9a890:c7, d22de7f6-7510-48e4-8f97-1191f0294a01:c6, 093f9392-15a1-447b-85fb-4daaec7caf94:c6]
2019-08-22 09:17:13,938 | INFO  | DNAudit | user=null | ip=null | op=WRITE_CHUNK {blockData=conID: 2 locID: 102659878632226825 bcsId: 6} | ret=SUCCESS |  
2019-08-22 09:17:13,944 | INFO  | DNAudit | user=null | ip=null | op=WRITE_CHUNK {blockData=conID: 2 locID: 102659878632226825 bcsId: 6} | ret=SUCCESS |  
2019-08-22 09:17:13,944 | INFO  | DNAudit | user=null | ip=null | op=WRITE_CHUNK {blockData=conID: 2 locID: 102659878632226825 bcsId: 6} | ret=SUCCESS |  
2019-08-22 09:17:13,945 | INFO  | DNAudit | user=null | ip=null | op=WRITE_CHUNK {blockData=conID: 2 locID: 102659878632226825 bcsId: 6} | ret=SUCCESS |  
2019-08-22 09:17:13,949 | INFO  | DNAudit | user=null | ip=null | op=WRITE_CHUNK {blockData=conID: 2 locID: 102659878632226825 bcsId: 6} | ret=SUCCESS |  
2019-08-22 09:17:13,949 | INFO  | DNAudit | user=null | ip=null | op=WRITE_CHUNK {blockData=conID: 2 locID: 102659878632226825 bcsId: 6} | ret=SUCCESS |  
2019-08-22 09:17:13,954 | INFO  | DNAudit | user=null | ip=null | op=WRITE_CHUNK {blockData=conID: 2 locID: 102659878632226825 bcsId: 6} | ret=SUCCESS |  
2019-08-22 09:17:13,955 | INFO  | DNAudit | user=null | ip=null | op=PUT_BLOCK {blockData=[blockId=conID: 2 locID: 102659878632226825 bcsId: 0,size=3145728]} | ret=SUCCESS |  
2019-08-22 09:17:13,956 [grpc-default-executor-4] INFO  client.GrpcClientProtocolClient (GrpcClientProtocolClient.java:onNext(255)) - client-12FE3A59FB04->8e0331fc-a6ad-49c6-b07b-7e2a4ec9a890: receive RaftClientReply:client-12FE3A59FB04->8e0331fc-a6ad-49c6-b07b-7e2a4ec9a890@group-D53B9E930755, cid=91, SUCCESS, logIndex=8, commits[8e0331fc-a6ad-49c6-b07b-7e2a4ec9a890:c9, d22de7f6-7510-48e4-8f97-1191f0294a01:c7, 093f9392-15a1-447b-85fb-4daaec7caf94:c7]
2019-08-22 09:17:13,956 | INFO  | DNAudit | user=null | ip=null | op=WRITE_CHUNK {blockData=conID: 2 locID: 102659878632226825 bcsId: 6} | ret=SUCCESS |  
2019-08-22 09:17:13,956 | INFO  | DNAudit | user=null | ip=null | op=WRITE_CHUNK {blockData=conID: 2 locID: 102659878632226825 bcsId: 6} | ret=SUCCESS |  
2019-08-22 09:17:13,956 | INFO  | DNAudit | user=null | ip=null | op=WRITE_CHUNK {blockData=conID: 2 locID: 102659878632226825 bcsId: 6} | ret=SUCCESS |  
2019-08-22 09:17:13,957 | INFO  | DNAudit | user=null | ip=null | op=PUT_BLOCK {blockData=[blockId=conID: 2 locID: 102659878632226825 bcsId: 0,size=4194304]} | ret=SUCCESS |  
2019-08-22 09:17:13,957 [grpc-default-executor-4] INFO  client.GrpcClientProtocolClient (GrpcClientProtocolClient.java:onNext(255)) - client-12FE3A59FB04->8e0331fc-a6ad-49c6-b07b-7e2a4ec9a890: receive RaftClientReply:client-12FE3A59FB04->8e0331fc-a6ad-49c6-b07b-7e2a4ec9a890@group-D53B9E930755, cid=92, SUCCESS, logIndex=9, commits[8e0331fc-a6ad-49c6-b07b-7e2a4ec9a890:c11, d22de7f6-7510-48e4-8f97-1191f0294a01:c7, 093f9392-15a1-447b-85fb-4daaec7caf94:c7]
2019-08-22 09:17:13,957 | INFO  | DNAudit | user=null | ip=null | op=PUT_BLOCK {blockData=[blockId=conID: 2 locID: 102659878632226825 bcsId: 0,size=3145728]} | ret=SUCCESS |  
2019-08-22 09:17:13,957 | INFO  | DNAudit | user=null | ip=null | op=PUT_BLOCK {blockData=[blockId=conID: 2 locID: 102659878632226825 bcsId: 0,size=3145728]} | ret=SUCCESS |  
2019-08-22 09:17:13,958 [grpc-default-executor-4] INFO  client.GrpcClientProtocolClient (GrpcClientProtocolClient.java:onNext(255)) - client-12FE3A59FB04->8e0331fc-a6ad-49c6-b07b-7e2a4ec9a890: receive RaftClientReply:client-12FE3A59FB04->8e0331fc-a6ad-49c6-b07b-7e2a4ec9a890@group-D53B9E930755, cid=93, SUCCESS, logIndex=10, commits[8e0331fc-a6ad-49c6-b07b-7e2a4ec9a890:c11, d22de7f6-7510-48e4-8f97-1191f0294a01:c7, 093f9392-15a1-447b-85fb-4daaec7caf94:c7]
2019-08-22 09:17:13,958 | INFO  | DNAudit | user=null | ip=null | op=WRITE_CHUNK {blockData=conID: 2 locID: 102659878632226825 bcsId: 6} | ret=SUCCESS |  
2019-08-22 09:17:13,958 | INFO  | DNAudit | user=null | ip=null | op=WRITE_CHUNK {blockData=conID: 2 locID: 102659878632226825 bcsId: 6} | ret=SUCCESS |  
2019-08-22 09:17:13,959 | INFO  | DNAudit | user=null | ip=null | op=PUT_BLOCK {blockData=[blockId=conID: 2 locID: 102659878632226825 bcsId: 0,size=4194304]} | ret=SUCCESS |  
2019-08-22 09:17:13,959 [grpc-default-executor-4] INFO  client.GrpcClientProtocolClient (GrpcClientProtocolClient.java:onNext(255)) - client-12FE3A59FB04->8e0331fc-a6ad-49c6-b07b-7e2a4ec9a890: receive RaftClientReply:client-12FE3A59FB04->8e0331fc-a6ad-49c6-b07b-7e2a4ec9a890@group-D53B9E930755, cid=94, SUCCESS, logIndex=11, commits[8e0331fc-a6ad-49c6-b07b-7e2a4ec9a890:c12, d22de7f6-7510-48e4-8f97-1191f0294a01:c9, 093f9392-15a1-447b-85fb-4daaec7caf94:c7]
2019-08-22 09:17:13,959 | INFO  | DNAudit | user=null | ip=null | op=PUT_BLOCK {blockData=[blockId=conID: 2 locID: 102659878632226825 bcsId: 0,size=4194304]} | ret=SUCCESS |  
2019-08-22 09:17:13,966 [grpc-default-executor-0] INFO  client.GrpcClientProtocolClient (GrpcClientProtocolClient.java:onNext(255)) - client-12FE3A59FB04->8e0331fc-a6ad-49c6-b07b-7e2a4ec9a890: receive RaftClientReply:client-12FE3A59FB04->8e0331fc-a6ad-49c6-b07b-7e2a4ec9a890@group-D53B9E930755, cid=95, SUCCESS, logIndex=0, commits[8e0331fc-a6ad-49c6-b07b-7e2a4ec9a890:c14, d22de7f6-7510-48e4-8f97-1191f0294a01:c11, 093f9392-15a1-447b-85fb-4daaec7caf94:c11]
2019-08-22 09:17:13,968 [grpc-default-executor-0] INFO  client.GrpcClientProtocolClient (GrpcClientProtocolClient.java:onNext(255)) - client-12FE3A59FB04->8e0331fc-a6ad-49c6-b07b-7e2a4ec9a890: receive RaftClientReply:client-12FE3A59FB04->8e0331fc-a6ad-49c6-b07b-7e2a4ec9a890@group-D53B9E930755, cid=96, SUCCESS, logIndex=0, commits[8e0331fc-a6ad-49c6-b07b-7e2a4ec9a890:c14, d22de7f6-7510-48e4-8f97-1191f0294a01:c11, 093f9392-15a1-447b-85fb-4daaec7caf94:c11]
2019-08-22 09:17:13,971 | INFO  | SCMAudit | user=jenkins1000 | ip=192.168.36.85 | op=ALLOCATE_BLOCK {owner=2f568cc0-1336-436b-8bf5-8b81bb4b3c4f, size=4194304, type=RATIS, factor=THREE} | ret=SUCCESS |  
2019-08-22 09:17:13,972 | INFO  | OMAudit | user=jenkins1000 | ip=127.0.0.1 | op=ALLOCATE_BLOCK {volume=datanodefailurehandlingtest, bucket=datanodefailurehandlingtest, key=ratis3, dataSize=0, replicationType=null, replicationFactor=null, keyLocationInfo=null, clientID=102659878018154503} | ret=SUCCESS |  
2019-08-22 09:17:13,977 [main] INFO  datanode.ObjectStoreHandler (ObjectStoreHandler.java:close(155)) - Closing ObjectStoreHandler.
2019-08-22 09:17:13,978 [main] INFO  ozone.HddsDatanodeService (HddsDatanodeService.java:stop(451)) - Stopped plug-in org.apache.hadoop.ozone.web.OzoneHddsDatanodeService@26c6288d
2019-08-22 09:17:14,149 [Datanode State Machine Thread - 0] INFO  statemachine.DatanodeStateMachine (DatanodeStateMachine.java:lambda$startDaemon$0(350)) - Ozone container server started.
2019-08-22 09:17:14,150 | INFO  | SCMAudit | user=jenkins1000 | ip=192.168.36.85 | op=SEND_HEARTBEAT {datanodeUUID=8e0331fc-a6ad-49c6-b07b-7e2a4ec9a890, command=[]} | ret=SUCCESS |  
2019-08-22 09:17:14,150 | INFO  | SCMAudit | user=jenkins1000 | ip=192.168.36.85 | op=SEND_HEARTBEAT {datanodeUUID=093f9392-15a1-447b-85fb-4daaec7caf94, command=[]} | ret=SUCCESS |  
2019-08-22 09:17:14,157 | INFO  | DNAudit | user=null | ip=null | op=WRITE_CHUNK {blockData=conID: 3 locID: 102659878680723466 bcsId: 0} | ret=SUCCESS |  
2019-08-22 09:17:14,157 | INFO  | DNAudit | user=null | ip=null | op=WRITE_CHUNK {blockData=conID: 3 locID: 102659878680723466 bcsId: 0} | ret=SUCCESS |  
2019-08-22 09:17:14,157 | INFO  | DNAudit | user=null | ip=null | op=WRITE_CHUNK {blockData=conID: 3 locID: 102659878680723466 bcsId: 0} | ret=SUCCESS |  
2019-08-22 09:17:14,168 | INFO  | DNAudit | user=null | ip=null | op=WRITE_CHUNK {blockData=conID: 3 locID: 102659878680723466 bcsId: 0} | ret=SUCCESS |  
2019-08-22 09:17:14,175 [grpc-default-executor-5] INFO  client.GrpcClientProtocolClient (GrpcClientProtocolClient.java:onNext(255)) - client-12FE3A59FB04->8e0331fc-a6ad-49c6-b07b-7e2a4ec9a890: receive RaftClientReply:client-12FE3A59FB04->8e0331fc-a6ad-49c6-b07b-7e2a4ec9a890@group-D53B9E930755, cid=97, SUCCESS, logIndex=15, commits[8e0331fc-a6ad-49c6-b07b-7e2a4ec9a890:c16, d22de7f6-7510-48e4-8f97-1191f0294a01:c14, 093f9392-15a1-447b-85fb-4daaec7caf94:c14]
2019-08-22 09:17:14,179 | INFO  | DNAudit | user=null | ip=null | op=WRITE_CHUNK {blockData=conID: 3 locID: 102659878680723466 bcsId: 0} | ret=SUCCESS |  
2019-08-22 09:17:14,179 | INFO  | DNAudit | user=null | ip=null | op=WRITE_CHUNK {blockData=conID: 3 locID: 102659878680723466 bcsId: 0} | ret=SUCCESS |  
2019-08-22 09:17:14,254 | INFO  | DNAudit | user=null | ip=null | op=PUT_BLOCK {blockData=[blockId=conID: 3 locID: 102659878680723466 bcsId: 0,size=1048576]} | ret=SUCCESS |  
2019-08-22 09:17:14,258 [grpc-default-executor-5] INFO  client.GrpcClientProtocolClient (GrpcClientProtocolClient.java:onNext(255)) - client-12FE3A59FB04->8e0331fc-a6ad-49c6-b07b-7e2a4ec9a890: receive RaftClientReply:client-12FE3A59FB04->8e0331fc-a6ad-49c6-b07b-7e2a4ec9a890@group-D53B9E930755, cid=98, SUCCESS, logIndex=16, commits[8e0331fc-a6ad-49c6-b07b-7e2a4ec9a890:c18, d22de7f6-7510-48e4-8f97-1191f0294a01:c16, 093f9392-15a1-447b-85fb-4daaec7caf94:c16]
2019-08-22 09:17:14,324 | INFO  | DNAudit | user=null | ip=null | op=PUT_BLOCK {blockData=[blockId=conID: 3 locID: 102659878680723466 bcsId: 0,size=1048576]} | ret=SUCCESS |  
2019-08-22 09:17:14,353 | INFO  | SCMAudit | user=jenkins1000 | ip=192.168.36.85 | op=SEND_HEARTBEAT {datanodeUUID=efb90bff-72c5-4ce9-affc-3f37be090605, command=[]} | ret=SUCCESS |  
2019-08-22 09:17:14,405 | INFO  | DNAudit | user=null | ip=null | op=PUT_BLOCK {blockData=[blockId=conID: 3 locID: 102659878680723466 bcsId: 0,size=1048576]} | ret=SUCCESS |  
2019-08-22 09:17:14,557 | INFO  | SCMAudit | user=jenkins1000 | ip=192.168.36.85 | op=SEND_HEARTBEAT {datanodeUUID=4d51b372-1aca-44dd-a481-2d5d38da6b73, command=[]} | ret=SUCCESS |  
2019-08-22 09:17:14,811 | INFO  | SCMAudit | user=jenkins1000 | ip=192.168.36.85 | op=SEND_HEARTBEAT {datanodeUUID=67abc4f8-8424-4a13-a91f-3faee2bb56e5, command=[]} | ret=SUCCESS |  
2019-08-22 09:17:15,032 [Thread-1516] INFO  impl.FollowerState (FollowerState.java:run(106)) - 4d51b372-1aca-44dd-a481-2d5d38da6b73:group-EF5DD0F5256D changes to CANDIDATE, lastRpcTime:1165, electionTimeout:1165ms
2019-08-22 09:17:15,032 [Thread-1516] INFO  impl.RoleInfo (RoleInfo.java:shutdownFollowerState(121)) - 4d51b372-1aca-44dd-a481-2d5d38da6b73: shutdown FollowerState
2019-08-22 09:17:15,033 [Thread-1516] INFO  impl.RaftServerImpl (RaftServerImpl.java:setRole(171)) - 4d51b372-1aca-44dd-a481-2d5d38da6b73:group-EF5DD0F5256D changes role from FOLLOWER to CANDIDATE at term 5 for changeToCandidate
2019-08-22 09:17:15,033 [Thread-1516] INFO  impl.RoleInfo (RoleInfo.java:updateAndGet(143)) - 4d51b372-1aca-44dd-a481-2d5d38da6b73: start LeaderElection
2019-08-22 09:17:15,050 [Thread-1515] INFO  impl.FollowerState (FollowerState.java:run(106)) - efb90bff-72c5-4ce9-affc-3f37be090605:group-EF5DD0F5256D changes to CANDIDATE, lastRpcTime:1184, electionTimeout:1184ms
2019-08-22 09:17:15,050 [Thread-1515] INFO  impl.RoleInfo (RoleInfo.java:shutdownFollowerState(121)) - efb90bff-72c5-4ce9-affc-3f37be090605: shutdown FollowerState
2019-08-22 09:17:15,050 [Thread-1515] INFO  impl.RaftServerImpl (RaftServerImpl.java:setRole(171)) - efb90bff-72c5-4ce9-affc-3f37be090605:group-EF5DD0F5256D changes role from FOLLOWER to CANDIDATE at term 5 for changeToCandidate
2019-08-22 09:17:15,050 [Thread-1515] INFO  impl.RoleInfo (RoleInfo.java:updateAndGet(143)) - efb90bff-72c5-4ce9-affc-3f37be090605: start LeaderElection
2019-08-22 09:17:15,055 [Thread-1517] INFO  impl.FollowerState (FollowerState.java:run(106)) - 67abc4f8-8424-4a13-a91f-3faee2bb56e5:group-EF5DD0F5256D changes to CANDIDATE, lastRpcTime:1188, electionTimeout:1186ms
2019-08-22 09:17:15,056 [Thread-1517] INFO  impl.RoleInfo (RoleInfo.java:shutdownFollowerState(121)) - 67abc4f8-8424-4a13-a91f-3faee2bb56e5: shutdown FollowerState
2019-08-22 09:17:15,056 [Thread-1517] INFO  impl.RaftServerImpl (RaftServerImpl.java:setRole(171)) - 67abc4f8-8424-4a13-a91f-3faee2bb56e5:group-EF5DD0F5256D changes role from FOLLOWER to CANDIDATE at term 5 for changeToCandidate
2019-08-22 09:17:15,056 [Thread-1517] INFO  impl.RoleInfo (RoleInfo.java:updateAndGet(143)) - 67abc4f8-8424-4a13-a91f-3faee2bb56e5: start LeaderElection
2019-08-22 09:17:15,061 [4d51b372-1aca-44dd-a481-2d5d38da6b73:group-EF5DD0F5256D:LeaderElection55] INFO  impl.LeaderElection (LeaderElection.java:askForVotes(181)) - 4d51b372-1aca-44dd-a481-2d5d38da6b73:group-EF5DD0F5256D:LeaderElection55: begin an election at term 6 for 0: [67abc4f8-8424-4a13-a91f-3faee2bb56e5:192.168.36.85:44730, 4d51b372-1aca-44dd-a481-2d5d38da6b73:192.168.36.85:36387, efb90bff-72c5-4ce9-affc-3f37be090605:192.168.36.85:35511], old=null
2019-08-22 09:17:15,083 [67abc4f8-8424-4a13-a91f-3faee2bb56e5:group-EF5DD0F5256D:LeaderElection57] INFO  impl.LeaderElection (LeaderElection.java:askForVotes(181)) - 67abc4f8-8424-4a13-a91f-3faee2bb56e5:group-EF5DD0F5256D:LeaderElection57: begin an election at term 6 for -1: [67abc4f8-8424-4a13-a91f-3faee2bb56e5:192.168.36.85:44730, 4d51b372-1aca-44dd-a481-2d5d38da6b73:192.168.36.85:36387, efb90bff-72c5-4ce9-affc-3f37be090605:192.168.36.85:35511], old=null
2019-08-22 09:17:15,083 [efb90bff-72c5-4ce9-affc-3f37be090605:group-EF5DD0F5256D:LeaderElection56] INFO  impl.LeaderElection (LeaderElection.java:askForVotes(181)) - efb90bff-72c5-4ce9-affc-3f37be090605:group-EF5DD0F5256D:LeaderElection56: begin an election at term 6 for 0: [67abc4f8-8424-4a13-a91f-3faee2bb56e5:192.168.36.85:44730, 4d51b372-1aca-44dd-a481-2d5d38da6b73:192.168.36.85:36387, efb90bff-72c5-4ce9-affc-3f37be090605:192.168.36.85:35511], old=null
2019-08-22 09:17:15,085 [4d51b372-1aca-44dd-a481-2d5d38da6b73:group-EF5DD0F5256D:LeaderElection55] INFO  impl.LeaderElection (LeaderElection.java:logAndReturn(56)) - 4d51b372-1aca-44dd-a481-2d5d38da6b73:group-EF5DD0F5256D:LeaderElection55: Election REJECTED; received 2 response(s) [4d51b372-1aca-44dd-a481-2d5d38da6b73<-67abc4f8-8424-4a13-a91f-3faee2bb56e5#0:FAIL-t6, 4d51b372-1aca-44dd-a481-2d5d38da6b73<-efb90bff-72c5-4ce9-affc-3f37be090605#0:FAIL-t6] and 0 exception(s); 4d51b372-1aca-44dd-a481-2d5d38da6b73:t6, leader=null, voted=4d51b372-1aca-44dd-a481-2d5d38da6b73, raftlog=4d51b372-1aca-44dd-a481-2d5d38da6b73-SegmentedRaftLog:OPENED:c-1,f0,i0, conf=0: [67abc4f8-8424-4a13-a91f-3faee2bb56e5:192.168.36.85:44730, 4d51b372-1aca-44dd-a481-2d5d38da6b73:192.168.36.85:36387, efb90bff-72c5-4ce9-affc-3f37be090605:192.168.36.85:35511], old=null
2019-08-22 09:17:15,085 [4d51b372-1aca-44dd-a481-2d5d38da6b73:group-EF5DD0F5256D:LeaderElection55] INFO  impl.RaftServerImpl (RaftServerImpl.java:setRole(171)) - 4d51b372-1aca-44dd-a481-2d5d38da6b73:group-EF5DD0F5256D changes role from CANDIDATE to FOLLOWER at term 6 for DISCOVERED_A_NEW_TERM
2019-08-22 09:17:15,085 [4d51b372-1aca-44dd-a481-2d5d38da6b73:group-EF5DD0F5256D:LeaderElection55] INFO  impl.RoleInfo (RoleInfo.java:shutdownLeaderElection(134)) - 4d51b372-1aca-44dd-a481-2d5d38da6b73: shutdown LeaderElection
2019-08-22 09:17:15,086 [4d51b372-1aca-44dd-a481-2d5d38da6b73:group-EF5DD0F5256D:LeaderElection55] INFO  impl.RoleInfo (RoleInfo.java:updateAndGet(143)) - 4d51b372-1aca-44dd-a481-2d5d38da6b73: start FollowerState
2019-08-22 09:17:15,089 [efb90bff-72c5-4ce9-affc-3f37be090605:group-EF5DD0F5256D:LeaderElection56] INFO  impl.LeaderElection (LeaderElection.java:logAndReturn(56)) - efb90bff-72c5-4ce9-affc-3f37be090605:group-EF5DD0F5256D:LeaderElection56: Election REJECTED; received 2 response(s) [efb90bff-72c5-4ce9-affc-3f37be090605<-67abc4f8-8424-4a13-a91f-3faee2bb56e5#0:FAIL-t6, efb90bff-72c5-4ce9-affc-3f37be090605<-4d51b372-1aca-44dd-a481-2d5d38da6b73#0:FAIL-t6] and 0 exception(s); efb90bff-72c5-4ce9-affc-3f37be090605:t6, leader=null, voted=efb90bff-72c5-4ce9-affc-3f37be090605, raftlog=efb90bff-72c5-4ce9-affc-3f37be090605-SegmentedRaftLog:OPENED:c-1,f0,i0, conf=0: [67abc4f8-8424-4a13-a91f-3faee2bb56e5:192.168.36.85:44730, 4d51b372-1aca-44dd-a481-2d5d38da6b73:192.168.36.85:36387, efb90bff-72c5-4ce9-affc-3f37be090605:192.168.36.85:35511], old=null
2019-08-22 09:17:15,089 [efb90bff-72c5-4ce9-affc-3f37be090605:group-EF5DD0F5256D:LeaderElection56] INFO  impl.RaftServerImpl (RaftServerImpl.java:setRole(171)) - efb90bff-72c5-4ce9-affc-3f37be090605:group-EF5DD0F5256D changes role from CANDIDATE to FOLLOWER at term 6 for DISCOVERED_A_NEW_TERM
2019-08-22 09:17:15,090 [efb90bff-72c5-4ce9-affc-3f37be090605:group-EF5DD0F5256D:LeaderElection56] INFO  impl.RoleInfo (RoleInfo.java:shutdownLeaderElection(134)) - efb90bff-72c5-4ce9-affc-3f37be090605: shutdown LeaderElection
2019-08-22 09:17:15,091 [67abc4f8-8424-4a13-a91f-3faee2bb56e5:group-EF5DD0F5256D:LeaderElection57] INFO  impl.LeaderElection (LeaderElection.java:logAndReturn(56)) - 67abc4f8-8424-4a13-a91f-3faee2bb56e5:group-EF5DD0F5256D:LeaderElection57: Election REJECTED; received 2 response(s) [67abc4f8-8424-4a13-a91f-3faee2bb56e5<-4d51b372-1aca-44dd-a481-2d5d38da6b73#0:FAIL-t6, 67abc4f8-8424-4a13-a91f-3faee2bb56e5<-efb90bff-72c5-4ce9-affc-3f37be090605#0:FAIL-t6] and 0 exception(s); 67abc4f8-8424-4a13-a91f-3faee2bb56e5:t6, leader=null, voted=67abc4f8-8424-4a13-a91f-3faee2bb56e5, raftlog=67abc4f8-8424-4a13-a91f-3faee2bb56e5-SegmentedRaftLog:OPENED:c-1,f-1,i0, conf=-1: [67abc4f8-8424-4a13-a91f-3faee2bb56e5:192.168.36.85:44730, 4d51b372-1aca-44dd-a481-2d5d38da6b73:192.168.36.85:36387, efb90bff-72c5-4ce9-affc-3f37be090605:192.168.36.85:35511], old=null
2019-08-22 09:17:15,091 [efb90bff-72c5-4ce9-affc-3f37be090605:group-EF5DD0F5256D:LeaderElection56] INFO  impl.RoleInfo (RoleInfo.java:updateAndGet(143)) - efb90bff-72c5-4ce9-affc-3f37be090605: start FollowerState
2019-08-22 09:17:15,091 [67abc4f8-8424-4a13-a91f-3faee2bb56e5:group-EF5DD0F5256D:LeaderElection57] INFO  impl.RaftServerImpl (RaftServerImpl.java:setRole(171)) - 67abc4f8-8424-4a13-a91f-3faee2bb56e5:group-EF5DD0F5256D changes role from CANDIDATE to FOLLOWER at term 6 for DISCOVERED_A_NEW_TERM
2019-08-22 09:17:15,091 [67abc4f8-8424-4a13-a91f-3faee2bb56e5:group-EF5DD0F5256D:LeaderElection57] INFO  impl.RoleInfo (RoleInfo.java:shutdownLeaderElection(134)) - 67abc4f8-8424-4a13-a91f-3faee2bb56e5: shutdown LeaderElection
2019-08-22 09:17:15,092 [67abc4f8-8424-4a13-a91f-3faee2bb56e5:group-EF5DD0F5256D:LeaderElection57] INFO  impl.RoleInfo (RoleInfo.java:updateAndGet(143)) - 67abc4f8-8424-4a13-a91f-3faee2bb56e5: start FollowerState
2019-08-22 09:17:15,150 | INFO  | SCMAudit | user=jenkins1000 | ip=192.168.36.85 | op=SEND_HEARTBEAT {datanodeUUID=8e0331fc-a6ad-49c6-b07b-7e2a4ec9a890, command=[]} | ret=SUCCESS |  
2019-08-22 09:17:15,150 | INFO  | SCMAudit | user=jenkins1000 | ip=192.168.36.85 | op=SEND_HEARTBEAT {datanodeUUID=093f9392-15a1-447b-85fb-4daaec7caf94, command=[]} | ret=SUCCESS |  
2019-08-22 09:17:15,353 | INFO  | SCMAudit | user=jenkins1000 | ip=192.168.36.85 | op=SEND_HEARTBEAT {datanodeUUID=efb90bff-72c5-4ce9-affc-3f37be090605, command=[]} | ret=SUCCESS |  
2019-08-22 09:17:15,557 | INFO  | SCMAudit | user=jenkins1000 | ip=192.168.36.85 | op=SEND_HEARTBEAT {datanodeUUID=4d51b372-1aca-44dd-a481-2d5d38da6b73, command=[]} | ret=SUCCESS |  
2019-08-22 09:17:15,811 | INFO  | SCMAudit | user=jenkins1000 | ip=192.168.36.85 | op=SEND_HEARTBEAT {datanodeUUID=67abc4f8-8424-4a13-a91f-3faee2bb56e5, command=[]} | ret=SUCCESS |  
2019-08-22 09:17:16,149 | INFO  | SCMAudit | user=jenkins1000 | ip=192.168.36.85 | op=SEND_HEARTBEAT {datanodeUUID=8e0331fc-a6ad-49c6-b07b-7e2a4ec9a890, command=[]} | ret=SUCCESS |  
2019-08-22 09:17:16,149 | INFO  | SCMAudit | user=jenkins1000 | ip=192.168.36.85 | op=SEND_HEARTBEAT {datanodeUUID=093f9392-15a1-447b-85fb-4daaec7caf94, command=[]} | ret=SUCCESS |  
2019-08-22 09:17:16,168 [Thread-1566] INFO  impl.FollowerState (FollowerState.java:run(106)) - 4d51b372-1aca-44dd-a481-2d5d38da6b73:group-EF5DD0F5256D changes to CANDIDATE, lastRpcTime:1082, electionTimeout:1082ms
2019-08-22 09:17:16,168 [Thread-1566] INFO  impl.RoleInfo (RoleInfo.java:shutdownFollowerState(121)) - 4d51b372-1aca-44dd-a481-2d5d38da6b73: shutdown FollowerState
2019-08-22 09:17:16,169 [Thread-1566] INFO  impl.RaftServerImpl (RaftServerImpl.java:setRole(171)) - 4d51b372-1aca-44dd-a481-2d5d38da6b73:group-EF5DD0F5256D changes role from FOLLOWER to CANDIDATE at term 6 for changeToCandidate
2019-08-22 09:17:16,169 [Thread-1566] INFO  impl.RoleInfo (RoleInfo.java:updateAndGet(143)) - 4d51b372-1aca-44dd-a481-2d5d38da6b73: start LeaderElection
2019-08-22 09:17:16,181 [Thread-1568] INFO  impl.FollowerState (FollowerState.java:run(106)) - 67abc4f8-8424-4a13-a91f-3faee2bb56e5:group-EF5DD0F5256D changes to CANDIDATE, lastRpcTime:1089, electionTimeout:1086ms
2019-08-22 09:17:16,181 [Thread-1567] INFO  impl.FollowerState (FollowerState.java:run(106)) - efb90bff-72c5-4ce9-affc-3f37be090605:group-EF5DD0F5256D changes to CANDIDATE, lastRpcTime:1089, electionTimeout:1089ms
2019-08-22 09:17:16,181 [Thread-1568] INFO  impl.RoleInfo (RoleInfo.java:shutdownFollowerState(121)) - 67abc4f8-8424-4a13-a91f-3faee2bb56e5: shutdown FollowerState
2019-08-22 09:17:16,181 [Thread-1567] INFO  impl.RoleInfo (RoleInfo.java:shutdownFollowerState(121)) - efb90bff-72c5-4ce9-affc-3f37be090605: shutdown FollowerState
2019-08-22 09:17:16,181 [Thread-1568] INFO  impl.RaftServerImpl (RaftServerImpl.java:setRole(171)) - 67abc4f8-8424-4a13-a91f-3faee2bb56e5:group-EF5DD0F5256D changes role from FOLLOWER to CANDIDATE at term 6 for changeToCandidate
2019-08-22 09:17:16,181 [Thread-1567] INFO  impl.RaftServerImpl (RaftServerImpl.java:setRole(171)) - efb90bff-72c5-4ce9-affc-3f37be090605:group-EF5DD0F5256D changes role from FOLLOWER to CANDIDATE at term 6 for changeToCandidate
2019-08-22 09:17:16,181 [Thread-1568] INFO  impl.RoleInfo (RoleInfo.java:updateAndGet(143)) - 67abc4f8-8424-4a13-a91f-3faee2bb56e5: start LeaderElection
2019-08-22 09:17:16,181 [Thread-1567] INFO  impl.RoleInfo (RoleInfo.java:updateAndGet(143)) - efb90bff-72c5-4ce9-affc-3f37be090605: start LeaderElection
2019-08-22 09:17:16,333 [4d51b372-1aca-44dd-a481-2d5d38da6b73:group-EF5DD0F5256D:LeaderElection58] INFO  impl.LeaderElection (LeaderElection.java:askForVotes(181)) - 4d51b372-1aca-44dd-a481-2d5d38da6b73:group-EF5DD0F5256D:LeaderElection58: begin an election at term 7 for 0: [67abc4f8-8424-4a13-a91f-3faee2bb56e5:192.168.36.85:44730, 4d51b372-1aca-44dd-a481-2d5d38da6b73:192.168.36.85:36387, efb90bff-72c5-4ce9-affc-3f37be090605:192.168.36.85:35511], old=null
2019-08-22 09:17:16,333 [67abc4f8-8424-4a13-a91f-3faee2bb56e5:group-EF5DD0F5256D:LeaderElection59] INFO  impl.LeaderElection (LeaderElection.java:askForVotes(181)) - 67abc4f8-8424-4a13-a91f-3faee2bb56e5:group-EF5DD0F5256D:LeaderElection59: begin an election at term 7 for -1: [67abc4f8-8424-4a13-a91f-3faee2bb56e5:192.168.36.85:44730, 4d51b372-1aca-44dd-a481-2d5d38da6b73:192.168.36.85:36387, efb90bff-72c5-4ce9-affc-3f37be090605:192.168.36.85:35511], old=null
2019-08-22 09:17:16,333 [efb90bff-72c5-4ce9-affc-3f37be090605:group-EF5DD0F5256D:LeaderElection60] INFO  impl.LeaderElection (LeaderElection.java:askForVotes(181)) - efb90bff-72c5-4ce9-affc-3f37be090605:group-EF5DD0F5256D:LeaderElection60: begin an election at term 7 for 0: [67abc4f8-8424-4a13-a91f-3faee2bb56e5:192.168.36.85:44730, 4d51b372-1aca-44dd-a481-2d5d38da6b73:192.168.36.85:36387, efb90bff-72c5-4ce9-affc-3f37be090605:192.168.36.85:35511], old=null
2019-08-22 09:17:16,339 [4d51b372-1aca-44dd-a481-2d5d38da6b73:group-EF5DD0F5256D:LeaderElection58] INFO  impl.LeaderElection (LeaderElection.java:logAndReturn(56)) - 4d51b372-1aca-44dd-a481-2d5d38da6b73:group-EF5DD0F5256D:LeaderElection58: Election REJECTED; received 2 response(s) [4d51b372-1aca-44dd-a481-2d5d38da6b73<-67abc4f8-8424-4a13-a91f-3faee2bb56e5#0:FAIL-t7, 4d51b372-1aca-44dd-a481-2d5d38da6b73<-efb90bff-72c5-4ce9-affc-3f37be090605#0:FAIL-t7] and 0 exception(s); 4d51b372-1aca-44dd-a481-2d5d38da6b73:t7, leader=null, voted=4d51b372-1aca-44dd-a481-2d5d38da6b73, raftlog=4d51b372-1aca-44dd-a481-2d5d38da6b73-SegmentedRaftLog:OPENED:c-1,f0,i0, conf=0: [67abc4f8-8424-4a13-a91f-3faee2bb56e5:192.168.36.85:44730, 4d51b372-1aca-44dd-a481-2d5d38da6b73:192.168.36.85:36387, efb90bff-72c5-4ce9-affc-3f37be090605:192.168.36.85:35511], old=null
2019-08-22 09:17:16,339 [4d51b372-1aca-44dd-a481-2d5d38da6b73:group-EF5DD0F5256D:LeaderElection58] INFO  impl.RaftServerImpl (RaftServerImpl.java:setRole(171)) - 4d51b372-1aca-44dd-a481-2d5d38da6b73:group-EF5DD0F5256D changes role from CANDIDATE to FOLLOWER at term 7 for DISCOVERED_A_NEW_TERM
2019-08-22 09:17:16,339 [efb90bff-72c5-4ce9-affc-3f37be090605:group-EF5DD0F5256D:LeaderElection60] INFO  impl.LeaderElection (LeaderElection.java:logAndReturn(56)) - efb90bff-72c5-4ce9-affc-3f37be090605:group-EF5DD0F5256D:LeaderElection60: Election REJECTED; received 2 response(s) [efb90bff-72c5-4ce9-affc-3f37be090605<-67abc4f8-8424-4a13-a91f-3faee2bb56e5#0:FAIL-t7, efb90bff-72c5-4ce9-affc-3f37be090605<-4d51b372-1aca-44dd-a481-2d5d38da6b73#0:FAIL-t7] and 0 exception(s); efb90bff-72c5-4ce9-affc-3f37be090605:t7, leader=null, voted=efb90bff-72c5-4ce9-affc-3f37be090605, raftlog=efb90bff-72c5-4ce9-affc-3f37be090605-SegmentedRaftLog:OPENED:c-1,f0,i0, conf=0: [67abc4f8-8424-4a13-a91f-3faee2bb56e5:192.168.36.85:44730, 4d51b372-1aca-44dd-a481-2d5d38da6b73:192.168.36.85:36387, efb90bff-72c5-4ce9-affc-3f37be090605:192.168.36.85:35511], old=null
2019-08-22 09:17:16,339 [4d51b372-1aca-44dd-a481-2d5d38da6b73:group-EF5DD0F5256D:LeaderElection58] INFO  impl.RoleInfo (RoleInfo.java:shutdownLeaderElection(134)) - 4d51b372-1aca-44dd-a481-2d5d38da6b73: shutdown LeaderElection
2019-08-22 09:17:16,340 [efb90bff-72c5-4ce9-affc-3f37be090605:group-EF5DD0F5256D:LeaderElection60] INFO  impl.RaftServerImpl (RaftServerImpl.java:setRole(171)) - efb90bff-72c5-4ce9-affc-3f37be090605:group-EF5DD0F5256D changes role from CANDIDATE to FOLLOWER at term 7 for DISCOVERED_A_NEW_TERM
2019-08-22 09:17:16,340 [67abc4f8-8424-4a13-a91f-3faee2bb56e5:group-EF5DD0F5256D:LeaderElection59] INFO  impl.LeaderElection (LeaderElection.java:logAndReturn(56)) - 67abc4f8-8424-4a13-a91f-3faee2bb56e5:group-EF5DD0F5256D:LeaderElection59: Election REJECTED; received 2 response(s) [67abc4f8-8424-4a13-a91f-3faee2bb56e5<-4d51b372-1aca-44dd-a481-2d5d38da6b73#0:FAIL-t7, 67abc4f8-8424-4a13-a91f-3faee2bb56e5<-efb90bff-72c5-4ce9-affc-3f37be090605#0:FAIL-t7] and 0 exception(s); 67abc4f8-8424-4a13-a91f-3faee2bb56e5:t7, leader=null, voted=67abc4f8-8424-4a13-a91f-3faee2bb56e5, raftlog=67abc4f8-8424-4a13-a91f-3faee2bb56e5-SegmentedRaftLog:OPENED:c-1,f-1,i0, conf=-1: [67abc4f8-8424-4a13-a91f-3faee2bb56e5:192.168.36.85:44730, 4d51b372-1aca-44dd-a481-2d5d38da6b73:192.168.36.85:36387, efb90bff-72c5-4ce9-affc-3f37be090605:192.168.36.85:35511], old=null
2019-08-22 09:17:16,340 [4d51b372-1aca-44dd-a481-2d5d38da6b73:group-EF5DD0F5256D:LeaderElection58] INFO  impl.RoleInfo (RoleInfo.java:updateAndGet(143)) - 4d51b372-1aca-44dd-a481-2d5d38da6b73: start FollowerState
2019-08-22 09:17:16,340 [67abc4f8-8424-4a13-a91f-3faee2bb56e5:group-EF5DD0F5256D:LeaderElection59] INFO  impl.RaftServerImpl (RaftServerImpl.java:setRole(171)) - 67abc4f8-8424-4a13-a91f-3faee2bb56e5:group-EF5DD0F5256D changes role from CANDIDATE to FOLLOWER at term 7 for DISCOVERED_A_NEW_TERM
2019-08-22 09:17:16,340 [efb90bff-72c5-4ce9-affc-3f37be090605:group-EF5DD0F5256D:LeaderElection60] INFO  impl.RoleInfo (RoleInfo.java:shutdownLeaderElection(134)) - efb90bff-72c5-4ce9-affc-3f37be090605: shutdown LeaderElection
2019-08-22 09:17:16,340 [67abc4f8-8424-4a13-a91f-3faee2bb56e5:group-EF5DD0F5256D:LeaderElection59] INFO  impl.RoleInfo (RoleInfo.java:shutdownLeaderElection(134)) - 67abc4f8-8424-4a13-a91f-3faee2bb56e5: shutdown LeaderElection
2019-08-22 09:17:16,341 [efb90bff-72c5-4ce9-affc-3f37be090605:group-EF5DD0F5256D:LeaderElection60] INFO  impl.RoleInfo (RoleInfo.java:updateAndGet(143)) - efb90bff-72c5-4ce9-affc-3f37be090605: start FollowerState
2019-08-22 09:17:16,341 [67abc4f8-8424-4a13-a91f-3faee2bb56e5:group-EF5DD0F5256D:LeaderElection59] INFO  impl.RoleInfo (RoleInfo.java:updateAndGet(143)) - 67abc4f8-8424-4a13-a91f-3faee2bb56e5: start FollowerState
2019-08-22 09:17:16,353 | INFO  | SCMAudit | user=jenkins1000 | ip=192.168.36.85 | op=SEND_HEARTBEAT {datanodeUUID=efb90bff-72c5-4ce9-affc-3f37be090605, command=[]} | ret=SUCCESS |  
2019-08-22 09:17:16,557 | INFO  | SCMAudit | user=jenkins1000 | ip=192.168.36.85 | op=SEND_HEARTBEAT {datanodeUUID=4d51b372-1aca-44dd-a481-2d5d38da6b73, command=[]} | ret=SUCCESS |  
2019-08-22 09:17:16,811 | INFO  | SCMAudit | user=jenkins1000 | ip=192.168.36.85 | op=SEND_HEARTBEAT {datanodeUUID=67abc4f8-8424-4a13-a91f-3faee2bb56e5, command=[]} | ret=SUCCESS |  
2019-08-22 09:17:17,150 | INFO  | SCMAudit | user=jenkins1000 | ip=192.168.36.85 | op=SEND_HEARTBEAT {datanodeUUID=8e0331fc-a6ad-49c6-b07b-7e2a4ec9a890, command=[]} | ret=SUCCESS |  
2019-08-22 09:17:17,150 | INFO  | SCMAudit | user=jenkins1000 | ip=192.168.36.85 | op=SEND_HEARTBEAT {datanodeUUID=093f9392-15a1-447b-85fb-4daaec7caf94, command=[]} | ret=SUCCESS |  
2019-08-22 09:17:17,353 | INFO  | SCMAudit | user=jenkins1000 | ip=192.168.36.85 | op=SEND_HEARTBEAT {datanodeUUID=efb90bff-72c5-4ce9-affc-3f37be090605, command=[]} | ret=SUCCESS |  
2019-08-22 09:17:17,442 [Thread-1587] INFO  impl.FollowerState (FollowerState.java:run(106)) - 4d51b372-1aca-44dd-a481-2d5d38da6b73:group-EF5DD0F5256D changes to CANDIDATE, lastRpcTime:1101, electionTimeout:1101ms
2019-08-22 09:17:17,442 [Thread-1587] INFO  impl.RoleInfo (RoleInfo.java:shutdownFollowerState(121)) - 4d51b372-1aca-44dd-a481-2d5d38da6b73: shutdown FollowerState
2019-08-22 09:17:17,442 [Thread-1587] INFO  impl.RaftServerImpl (RaftServerImpl.java:setRole(171)) - 4d51b372-1aca-44dd-a481-2d5d38da6b73:group-EF5DD0F5256D changes role from FOLLOWER to CANDIDATE at term 7 for changeToCandidate
2019-08-22 09:17:17,442 [Thread-1587] INFO  impl.RoleInfo (RoleInfo.java:updateAndGet(143)) - 4d51b372-1aca-44dd-a481-2d5d38da6b73: start LeaderElection
2019-08-22 09:17:17,477 [Thread-1588] INFO  impl.FollowerState (FollowerState.java:run(106)) - efb90bff-72c5-4ce9-affc-3f37be090605:group-EF5DD0F5256D changes to CANDIDATE, lastRpcTime:1136, electionTimeout:1136ms
2019-08-22 09:17:17,477 [Thread-1589] INFO  impl.FollowerState (FollowerState.java:run(106)) - 67abc4f8-8424-4a13-a91f-3faee2bb56e5:group-EF5DD0F5256D changes to CANDIDATE, lastRpcTime:1136, electionTimeout:1136ms
2019-08-22 09:17:17,478 [Thread-1588] INFO  impl.RoleInfo (RoleInfo.java:shutdownFollowerState(121)) - efb90bff-72c5-4ce9-affc-3f37be090605: shutdown FollowerState
2019-08-22 09:17:17,478 [Thread-1589] INFO  impl.RoleInfo (RoleInfo.java:shutdownFollowerState(121)) - 67abc4f8-8424-4a13-a91f-3faee2bb56e5: shutdown FollowerState
2019-08-22 09:17:17,478 [Thread-1588] INFO  impl.RaftServerImpl (RaftServerImpl.java:setRole(171)) - efb90bff-72c5-4ce9-affc-3f37be090605:group-EF5DD0F5256D changes role from FOLLOWER to CANDIDATE at term 7 for changeToCandidate
2019-08-22 09:17:17,478 [Thread-1589] INFO  impl.RaftServerImpl (RaftServerImpl.java:setRole(171)) - 67abc4f8-8424-4a13-a91f-3faee2bb56e5:group-EF5DD0F5256D changes role from FOLLOWER to CANDIDATE at term 7 for changeToCandidate
2019-08-22 09:17:17,478 [Thread-1588] INFO  impl.RoleInfo (RoleInfo.java:updateAndGet(143)) - efb90bff-72c5-4ce9-affc-3f37be090605: start LeaderElection
2019-08-22 09:17:17,478 [Thread-1589] INFO  impl.RoleInfo (RoleInfo.java:updateAndGet(143)) - 67abc4f8-8424-4a13-a91f-3faee2bb56e5: start LeaderElection
2019-08-22 09:17:17,557 | INFO  | SCMAudit | user=jenkins1000 | ip=192.168.36.85 | op=SEND_HEARTBEAT {datanodeUUID=4d51b372-1aca-44dd-a481-2d5d38da6b73, command=[]} | ret=SUCCESS |  
2019-08-22 09:17:17,710 [4d51b372-1aca-44dd-a481-2d5d38da6b73:group-EF5DD0F5256D:LeaderElection61] INFO  impl.LeaderElection (LeaderElection.java:askForVotes(181)) - 4d51b372-1aca-44dd-a481-2d5d38da6b73:group-EF5DD0F5256D:LeaderElection61: begin an election at term 8 for 0: [67abc4f8-8424-4a13-a91f-3faee2bb56e5:192.168.36.85:44730, 4d51b372-1aca-44dd-a481-2d5d38da6b73:192.168.36.85:36387, efb90bff-72c5-4ce9-affc-3f37be090605:192.168.36.85:35511], old=null
2019-08-22 09:17:17,745 [efb90bff-72c5-4ce9-affc-3f37be090605:group-EF5DD0F5256D:LeaderElection62] INFO  impl.LeaderElection (LeaderElection.java:askForVotes(181)) - efb90bff-72c5-4ce9-affc-3f37be090605:group-EF5DD0F5256D:LeaderElection62: begin an election at term 8 for 0: [67abc4f8-8424-4a13-a91f-3faee2bb56e5:192.168.36.85:44730, 4d51b372-1aca-44dd-a481-2d5d38da6b73:192.168.36.85:36387, efb90bff-72c5-4ce9-affc-3f37be090605:192.168.36.85:35511], old=null
2019-08-22 09:17:17,745 [67abc4f8-8424-4a13-a91f-3faee2bb56e5:group-EF5DD0F5256D:LeaderElection63] INFO  impl.LeaderElection (LeaderElection.java:askForVotes(181)) - 67abc4f8-8424-4a13-a91f-3faee2bb56e5:group-EF5DD0F5256D:LeaderElection63: begin an election at term 8 for -1: [67abc4f8-8424-4a13-a91f-3faee2bb56e5:192.168.36.85:44730, 4d51b372-1aca-44dd-a481-2d5d38da6b73:192.168.36.85:36387, efb90bff-72c5-4ce9-affc-3f37be090605:192.168.36.85:35511], old=null
2019-08-22 09:17:17,746 [4d51b372-1aca-44dd-a481-2d5d38da6b73:group-EF5DD0F5256D:LeaderElection61] INFO  impl.LeaderElection (LeaderElection.java:logAndReturn(56)) - 4d51b372-1aca-44dd-a481-2d5d38da6b73:group-EF5DD0F5256D:LeaderElection61: Election REJECTED; received 2 response(s) [4d51b372-1aca-44dd-a481-2d5d38da6b73<-67abc4f8-8424-4a13-a91f-3faee2bb56e5#0:FAIL-t8, 4d51b372-1aca-44dd-a481-2d5d38da6b73<-efb90bff-72c5-4ce9-affc-3f37be090605#0:FAIL-t8] and 0 exception(s); 4d51b372-1aca-44dd-a481-2d5d38da6b73:t8, leader=null, voted=4d51b372-1aca-44dd-a481-2d5d38da6b73, raftlog=4d51b372-1aca-44dd-a481-2d5d38da6b73-SegmentedRaftLog:OPENED:c-1,f0,i0, conf=0: [67abc4f8-8424-4a13-a91f-3faee2bb56e5:192.168.36.85:44730, 4d51b372-1aca-44dd-a481-2d5d38da6b73:192.168.36.85:36387, efb90bff-72c5-4ce9-affc-3f37be090605:192.168.36.85:35511], old=null
2019-08-22 09:17:17,746 [4d51b372-1aca-44dd-a481-2d5d38da6b73:group-EF5DD0F5256D:LeaderElection61] INFO  impl.RaftServerImpl (RaftServerImpl.java:setRole(171)) - 4d51b372-1aca-44dd-a481-2d5d38da6b73:group-EF5DD0F5256D changes role from CANDIDATE to FOLLOWER at term 8 for DISCOVERED_A_NEW_TERM
2019-08-22 09:17:17,746 [4d51b372-1aca-44dd-a481-2d5d38da6b73:group-EF5DD0F5256D:LeaderElection61] INFO  impl.RoleInfo (RoleInfo.java:shutdownLeaderElection(134)) - 4d51b372-1aca-44dd-a481-2d5d38da6b73: shutdown LeaderElection
2019-08-22 09:17:17,746 [4d51b372-1aca-44dd-a481-2d5d38da6b73:group-EF5DD0F5256D:LeaderElection61] INFO  impl.RoleInfo (RoleInfo.java:updateAndGet(143)) - 4d51b372-1aca-44dd-a481-2d5d38da6b73: start FollowerState
2019-08-22 09:17:17,749 [67abc4f8-8424-4a13-a91f-3faee2bb56e5:group-EF5DD0F5256D:LeaderElection63] INFO  impl.LeaderElection (LeaderElection.java:logAndReturn(56)) - 67abc4f8-8424-4a13-a91f-3faee2bb56e5:group-EF5DD0F5256D:LeaderElection63: Election REJECTED; received 2 response(s) [67abc4f8-8424-4a13-a91f-3faee2bb56e5<-4d51b372-1aca-44dd-a481-2d5d38da6b73#0:FAIL-t8, 67abc4f8-8424-4a13-a91f-3faee2bb56e5<-efb90bff-72c5-4ce9-affc-3f37be090605#0:FAIL-t8] and 0 exception(s); 67abc4f8-8424-4a13-a91f-3faee2bb56e5:t8, leader=null, voted=67abc4f8-8424-4a13-a91f-3faee2bb56e5, raftlog=67abc4f8-8424-4a13-a91f-3faee2bb56e5-SegmentedRaftLog:OPENED:c-1,f-1,i0, conf=-1: [67abc4f8-8424-4a13-a91f-3faee2bb56e5:192.168.36.85:44730, 4d51b372-1aca-44dd-a481-2d5d38da6b73:192.168.36.85:36387, efb90bff-72c5-4ce9-affc-3f37be090605:192.168.36.85:35511], old=null
2019-08-22 09:17:17,749 [efb90bff-72c5-4ce9-affc-3f37be090605:group-EF5DD0F5256D:LeaderElection62] INFO  impl.LeaderElection (LeaderElection.java:logAndReturn(56)) - efb90bff-72c5-4ce9-affc-3f37be090605:group-EF5DD0F5256D:LeaderElection62: Election REJECTED; received 2 response(s) [efb90bff-72c5-4ce9-affc-3f37be090605<-67abc4f8-8424-4a13-a91f-3faee2bb56e5#0:FAIL-t8, efb90bff-72c5-4ce9-affc-3f37be090605<-4d51b372-1aca-44dd-a481-2d5d38da6b73#0:FAIL-t8] and 0 exception(s); efb90bff-72c5-4ce9-affc-3f37be090605:t8, leader=null, voted=efb90bff-72c5-4ce9-affc-3f37be090605, raftlog=efb90bff-72c5-4ce9-affc-3f37be090605-SegmentedRaftLog:OPENED:c-1,f0,i0, conf=0: [67abc4f8-8424-4a13-a91f-3faee2bb56e5:192.168.36.85:44730, 4d51b372-1aca-44dd-a481-2d5d38da6b73:192.168.36.85:36387, efb90bff-72c5-4ce9-affc-3f37be090605:192.168.36.85:35511], old=null
2019-08-22 09:17:17,749 [67abc4f8-8424-4a13-a91f-3faee2bb56e5:group-EF5DD0F5256D:LeaderElection63] INFO  impl.RaftServerImpl (RaftServerImpl.java:setRole(171)) - 67abc4f8-8424-4a13-a91f-3faee2bb56e5:group-EF5DD0F5256D changes role from CANDIDATE to FOLLOWER at term 8 for DISCOVERED_A_NEW_TERM
2019-08-22 09:17:17,749 [efb90bff-72c5-4ce9-affc-3f37be090605:group-EF5DD0F5256D:LeaderElection62] INFO  impl.RaftServerImpl (RaftServerImpl.java:setRole(171)) - efb90bff-72c5-4ce9-affc-3f37be090605:group-EF5DD0F5256D changes role from CANDIDATE to FOLLOWER at term 8 for DISCOVERED_A_NEW_TERM
2019-08-22 09:17:17,749 [67abc4f8-8424-4a13-a91f-3faee2bb56e5:group-EF5DD0F5256D:LeaderElection63] INFO  impl.RoleInfo (RoleInfo.java:shutdownLeaderElection(134)) - 67abc4f8-8424-4a13-a91f-3faee2bb56e5: shutdown LeaderElection
2019-08-22 09:17:17,749 [efb90bff-72c5-4ce9-affc-3f37be090605:group-EF5DD0F5256D:LeaderElection62] INFO  impl.RoleInfo (RoleInfo.java:shutdownLeaderElection(134)) - efb90bff-72c5-4ce9-affc-3f37be090605: shutdown LeaderElection
2019-08-22 09:17:17,749 [67abc4f8-8424-4a13-a91f-3faee2bb56e5:group-EF5DD0F5256D:LeaderElection63] INFO  impl.RoleInfo (RoleInfo.java:updateAndGet(143)) - 67abc4f8-8424-4a13-a91f-3faee2bb56e5: start FollowerState
2019-08-22 09:17:17,749 [efb90bff-72c5-4ce9-affc-3f37be090605:group-EF5DD0F5256D:LeaderElection62] INFO  impl.RoleInfo (RoleInfo.java:updateAndGet(143)) - efb90bff-72c5-4ce9-affc-3f37be090605: start FollowerState
2019-08-22 09:17:17,811 | INFO  | SCMAudit | user=jenkins1000 | ip=192.168.36.85 | op=SEND_HEARTBEAT {datanodeUUID=67abc4f8-8424-4a13-a91f-3faee2bb56e5, command=[]} | ret=SUCCESS |  
2019-08-22 09:17:18,149 | INFO  | SCMAudit | user=jenkins1000 | ip=192.168.36.85 | op=SEND_HEARTBEAT {datanodeUUID=8e0331fc-a6ad-49c6-b07b-7e2a4ec9a890, command=[]} | ret=SUCCESS |  
2019-08-22 09:17:18,149 | INFO  | SCMAudit | user=jenkins1000 | ip=192.168.36.85 | op=SEND_HEARTBEAT {datanodeUUID=093f9392-15a1-447b-85fb-4daaec7caf94, command=[]} | ret=SUCCESS |  
2019-08-22 09:17:18,352 | INFO  | SCMAudit | user=jenkins1000 | ip=192.168.36.85 | op=SEND_HEARTBEAT {datanodeUUID=efb90bff-72c5-4ce9-affc-3f37be090605, command=[]} | ret=SUCCESS |  
2019-08-22 09:17:18,557 | INFO  | SCMAudit | user=jenkins1000 | ip=192.168.36.85 | op=SEND_HEARTBEAT {datanodeUUID=4d51b372-1aca-44dd-a481-2d5d38da6b73, command=[]} | ret=SUCCESS |  
2019-08-22 09:17:18,761 [Thread-1606] INFO  impl.FollowerState (FollowerState.java:run(106)) - 67abc4f8-8424-4a13-a91f-3faee2bb56e5:group-EF5DD0F5256D changes to CANDIDATE, lastRpcTime:1011, electionTimeout:1011ms
2019-08-22 09:17:18,761 [Thread-1606] INFO  impl.RoleInfo (RoleInfo.java:shutdownFollowerState(121)) - 67abc4f8-8424-4a13-a91f-3faee2bb56e5: shutdown FollowerState
2019-08-22 09:17:18,761 [Thread-1606] INFO  impl.RaftServerImpl (RaftServerImpl.java:setRole(171)) - 67abc4f8-8424-4a13-a91f-3faee2bb56e5:group-EF5DD0F5256D changes role from FOLLOWER to CANDIDATE at term 8 for changeToCandidate
2019-08-22 09:17:18,761 [Thread-1606] INFO  impl.RoleInfo (RoleInfo.java:updateAndGet(143)) - 67abc4f8-8424-4a13-a91f-3faee2bb56e5: start LeaderElection
2019-08-22 09:17:18,812 | INFO  | SCMAudit | user=jenkins1000 | ip=192.168.36.85 | op=SEND_HEARTBEAT {datanodeUUID=67abc4f8-8424-4a13-a91f-3faee2bb56e5, command=[]} | ret=SUCCESS |  
2019-08-22 09:17:18,854 [Thread-1607] INFO  impl.FollowerState (FollowerState.java:run(106)) - efb90bff-72c5-4ce9-affc-3f37be090605:group-EF5DD0F5256D changes to CANDIDATE, lastRpcTime:1104, electionTimeout:1104ms
2019-08-22 09:17:18,854 [Thread-1607] INFO  impl.RoleInfo (RoleInfo.java:shutdownFollowerState(121)) - efb90bff-72c5-4ce9-affc-3f37be090605: shutdown FollowerState
2019-08-22 09:17:18,854 [Thread-1607] INFO  impl.RaftServerImpl (RaftServerImpl.java:setRole(171)) - efb90bff-72c5-4ce9-affc-3f37be090605:group-EF5DD0F5256D changes role from FOLLOWER to CANDIDATE at term 8 for changeToCandidate
2019-08-22 09:17:18,854 [Thread-1607] INFO  impl.RoleInfo (RoleInfo.java:updateAndGet(143)) - efb90bff-72c5-4ce9-affc-3f37be090605: start LeaderElection
2019-08-22 09:17:18,906 [Thread-1605] INFO  impl.FollowerState (FollowerState.java:run(106)) - 4d51b372-1aca-44dd-a481-2d5d38da6b73:group-EF5DD0F5256D changes to CANDIDATE, lastRpcTime:1159, electionTimeout:1159ms
2019-08-22 09:17:18,906 [Thread-1605] INFO  impl.RoleInfo (RoleInfo.java:shutdownFollowerState(121)) - 4d51b372-1aca-44dd-a481-2d5d38da6b73: shutdown FollowerState
2019-08-22 09:17:18,906 [Thread-1605] INFO  impl.RaftServerImpl (RaftServerImpl.java:setRole(171)) - 4d51b372-1aca-44dd-a481-2d5d38da6b73:group-EF5DD0F5256D changes role from FOLLOWER to CANDIDATE at term 8 for changeToCandidate
2019-08-22 09:17:18,906 [Thread-1605] INFO  impl.RoleInfo (RoleInfo.java:updateAndGet(143)) - 4d51b372-1aca-44dd-a481-2d5d38da6b73: start LeaderElection
2019-08-22 09:17:18,978 [main] INFO  ozoneimpl.OzoneContainer (OzoneContainer.java:stop(199)) - Attempting to stop container services.
2019-08-22 09:17:18,979 [main] INFO  impl.RaftServerProxy (RaftServerProxy.java:lambda$close$4(314)) - d22de7f6-7510-48e4-8f97-1191f0294a01: close
2019-08-22 09:17:18,980 [main] INFO  impl.RaftServerImpl (RaftServerImpl.java:lambda$shutdown$3(245)) - d22de7f6-7510-48e4-8f97-1191f0294a01: shutdown group-5F5C89E411E9
2019-08-22 09:17:18,980 [main] INFO  util.JmxRegister (JmxRegister.java:unregister(73)) - Successfully un-registered JMX Bean with object name Ratis:service=RaftServer,group=group-5F5C89E411E9,id=d22de7f6-7510-48e4-8f97-1191f0294a01
2019-08-22 09:17:18,981 [main] INFO  impl.RoleInfo (RoleInfo.java:shutdownLeaderState(104)) - d22de7f6-7510-48e4-8f97-1191f0294a01: shutdown LeaderState
2019-08-22 09:17:18,981 [main] INFO  impl.PendingRequests (PendingRequests.java:sendNotLeaderResponses(202)) - d22de7f6-7510-48e4-8f97-1191f0294a01-PendingRequests: sendNotLeaderResponses
2019-08-22 09:17:18,982 [main] INFO  impl.StateMachineUpdater (StateMachineUpdater.java:stopAndJoin(115)) - StateMachineUpdater:d22de7f6-7510-48e4-8f97-1191f0294a01:group-5F5C89E411E9: set stopIndex = 0
2019-08-22 09:17:18,982 [main] INFO  impl.RaftServerImpl (ServerState.java:close(394)) - d22de7f6-7510-48e4-8f97-1191f0294a01:group-5F5C89E411E9 closes. The last applied log index is 0
2019-08-22 09:17:18,983 [d22de7f6-7510-48e4-8f97-1191f0294a01-SegmentedRaftLogWorker:Storage Directory /workdir/hadoop-ozone/integration-test/target/test-dir/MiniOzoneClusterImpl-b4094933-c81e-4e47-9f4e-b6682d02a4e3/datanode-1/data/ratis/d848b57a-f9d2-4724-8dce-5f5c89e411e9] INFO  segmented.SegmentedRaftLogWorker (SegmentedRaftLogWorker.java:run(313)) - d22de7f6-7510-48e4-8f97-1191f0294a01-SegmentedRaftLogWorker:Storage Directory /workdir/hadoop-ozone/integration-test/target/test-dir/MiniOzoneClusterImpl-b4094933-c81e-4e47-9f4e-b6682d02a4e3/datanode-1/data/ratis/d848b57a-f9d2-4724-8dce-5f5c89e411e9 was interrupted, exiting. There are 0 tasks remaining in the queue.
2019-08-22 09:17:18,986 [67abc4f8-8424-4a13-a91f-3faee2bb56e5:group-EF5DD0F5256D:LeaderElection64] INFO  impl.LeaderElection (LeaderElection.java:askForVotes(181)) - 67abc4f8-8424-4a13-a91f-3faee2bb56e5:group-EF5DD0F5256D:LeaderElection64: begin an election at term 9 for -1: [67abc4f8-8424-4a13-a91f-3faee2bb56e5:192.168.36.85:44730, 4d51b372-1aca-44dd-a481-2d5d38da6b73:192.168.36.85:36387, efb90bff-72c5-4ce9-affc-3f37be090605:192.168.36.85:35511], old=null
2019-08-22 09:17:18,986 [main] INFO  segmented.SegmentedRaftLogWorker (SegmentedRaftLogWorker.java:close(228)) - d22de7f6-7510-48e4-8f97-1191f0294a01-SegmentedRaftLogWorker:Storage Directory /workdir/hadoop-ozone/integration-test/target/test-dir/MiniOzoneClusterImpl-b4094933-c81e-4e47-9f4e-b6682d02a4e3/datanode-1/data/ratis/d848b57a-f9d2-4724-8dce-5f5c89e411e9 close()
2019-08-22 09:17:19,006 [main] INFO  impl.RaftServerImpl (RaftServerImpl.java:lambda$shutdown$3(245)) - d22de7f6-7510-48e4-8f97-1191f0294a01: shutdown group-D53B9E930755
2019-08-22 09:17:19,006 [4d51b372-1aca-44dd-a481-2d5d38da6b73:group-EF5DD0F5256D:LeaderElection66] INFO  impl.LeaderElection (LeaderElection.java:askForVotes(181)) - 4d51b372-1aca-44dd-a481-2d5d38da6b73:group-EF5DD0F5256D:LeaderElection66: begin an election at term 9 for 0: [67abc4f8-8424-4a13-a91f-3faee2bb56e5:192.168.36.85:44730, 4d51b372-1aca-44dd-a481-2d5d38da6b73:192.168.36.85:36387, efb90bff-72c5-4ce9-affc-3f37be090605:192.168.36.85:35511], old=null
2019-08-22 09:17:19,006 [efb90bff-72c5-4ce9-affc-3f37be090605:group-EF5DD0F5256D:LeaderElection65] INFO  impl.LeaderElection (LeaderElection.java:askForVotes(181)) - efb90bff-72c5-4ce9-affc-3f37be090605:group-EF5DD0F5256D:LeaderElection65: begin an election at term 9 for 0: [67abc4f8-8424-4a13-a91f-3faee2bb56e5:192.168.36.85:44730, 4d51b372-1aca-44dd-a481-2d5d38da6b73:192.168.36.85:36387, efb90bff-72c5-4ce9-affc-3f37be090605:192.168.36.85:35511], old=null
2019-08-22 09:17:19,006 [main] INFO  util.JmxRegister (JmxRegister.java:unregister(73)) - Successfully un-registered JMX Bean with object name Ratis:service=RaftServer,group=group-D53B9E930755,id=d22de7f6-7510-48e4-8f97-1191f0294a01
2019-08-22 09:17:19,007 [main] INFO  impl.RoleInfo (RoleInfo.java:shutdownFollowerState(121)) - d22de7f6-7510-48e4-8f97-1191f0294a01: shutdown FollowerState
2019-08-22 09:17:19,008 [main] INFO  impl.StateMachineUpdater (StateMachineUpdater.java:stopAndJoin(115)) - StateMachineUpdater:d22de7f6-7510-48e4-8f97-1191f0294a01:group-D53B9E930755: set stopIndex = 18
2019-08-22 09:17:19,008 [StateMachineUpdater:d22de7f6-7510-48e4-8f97-1191f0294a01:group-D53B9E930755] INFO  ratis.ContainerStateMachine (ContainerStateMachine.java:takeSnapshot(283)) - group-D53B9E930755: Taking a snapshot at:(t:1, i:16) file /workdir/hadoop-ozone/integration-test/target/test-dir/MiniOzoneClusterImpl-b4094933-c81e-4e47-9f4e-b6682d02a4e3/datanode-1/data/ratis/842c8521-cd23-4f59-9d81-d53b9e930755/sm/snapshot.1_16
2019-08-22 09:17:19,008 [Thread-1347] INFO  impl.FollowerState (FollowerState.java:run(114)) - d22de7f6-7510-48e4-8f97-1191f0294a01: FollowerState was interrupted: java.lang.InterruptedException: sleep interrupted
2019-08-22 09:17:19,009 [67abc4f8-8424-4a13-a91f-3faee2bb56e5:group-EF5DD0F5256D:LeaderElection64] INFO  impl.LeaderElection (LeaderElection.java:logAndReturn(56)) - 67abc4f8-8424-4a13-a91f-3faee2bb56e5:group-EF5DD0F5256D:LeaderElection64: Election REJECTED; received 2 response(s) [67abc4f8-8424-4a13-a91f-3faee2bb56e5<-4d51b372-1aca-44dd-a481-2d5d38da6b73#0:FAIL-t9, 67abc4f8-8424-4a13-a91f-3faee2bb56e5<-efb90bff-72c5-4ce9-affc-3f37be090605#0:FAIL-t9] and 0 exception(s); 67abc4f8-8424-4a13-a91f-3faee2bb56e5:t9, leader=null, voted=67abc4f8-8424-4a13-a91f-3faee2bb56e5, raftlog=67abc4f8-8424-4a13-a91f-3faee2bb56e5-SegmentedRaftLog:OPENED:c-1,f-1,i0, conf=-1: [67abc4f8-8424-4a13-a91f-3faee2bb56e5:192.168.36.85:44730, 4d51b372-1aca-44dd-a481-2d5d38da6b73:192.168.36.85:36387, efb90bff-72c5-4ce9-affc-3f37be090605:192.168.36.85:35511], old=null
2019-08-22 09:17:19,010 [67abc4f8-8424-4a13-a91f-3faee2bb56e5:group-EF5DD0F5256D:LeaderElection64] INFO  impl.RaftServerImpl (RaftServerImpl.java:setRole(171)) - 67abc4f8-8424-4a13-a91f-3faee2bb56e5:group-EF5DD0F5256D changes role from CANDIDATE to FOLLOWER at term 9 for DISCOVERED_A_NEW_TERM
2019-08-22 09:17:19,010 [67abc4f8-8424-4a13-a91f-3faee2bb56e5:group-EF5DD0F5256D:LeaderElection64] INFO  impl.RoleInfo (RoleInfo.java:shutdownLeaderElection(134)) - 67abc4f8-8424-4a13-a91f-3faee2bb56e5: shutdown LeaderElection
2019-08-22 09:17:19,010 [67abc4f8-8424-4a13-a91f-3faee2bb56e5:group-EF5DD0F5256D:LeaderElection64] INFO  impl.RoleInfo (RoleInfo.java:updateAndGet(143)) - 67abc4f8-8424-4a13-a91f-3faee2bb56e5: start FollowerState
2019-08-22 09:17:19,011 [efb90bff-72c5-4ce9-affc-3f37be090605:group-EF5DD0F5256D:LeaderElection65] INFO  impl.LeaderElection (LeaderElection.java:logAndReturn(56)) - efb90bff-72c5-4ce9-affc-3f37be090605:group-EF5DD0F5256D:LeaderElection65: Election REJECTED; received 2 response(s) [efb90bff-72c5-4ce9-affc-3f37be090605<-67abc4f8-8424-4a13-a91f-3faee2bb56e5#0:FAIL-t9, efb90bff-72c5-4ce9-affc-3f37be090605<-4d51b372-1aca-44dd-a481-2d5d38da6b73#0:FAIL-t9] and 0 exception(s); efb90bff-72c5-4ce9-affc-3f37be090605:t9, leader=null, voted=efb90bff-72c5-4ce9-affc-3f37be090605, raftlog=efb90bff-72c5-4ce9-affc-3f37be090605-SegmentedRaftLog:OPENED:c-1,f0,i0, conf=0: [67abc4f8-8424-4a13-a91f-3faee2bb56e5:192.168.36.85:44730, 4d51b372-1aca-44dd-a481-2d5d38da6b73:192.168.36.85:36387, efb90bff-72c5-4ce9-affc-3f37be090605:192.168.36.85:35511], old=null
2019-08-22 09:17:19,012 [efb90bff-72c5-4ce9-affc-3f37be090605:group-EF5DD0F5256D:LeaderElection65] INFO  impl.RaftServerImpl (RaftServerImpl.java:setRole(171)) - efb90bff-72c5-4ce9-affc-3f37be090605:group-EF5DD0F5256D changes role from CANDIDATE to FOLLOWER at term 9 for DISCOVERED_A_NEW_TERM
2019-08-22 09:17:19,012 [4d51b372-1aca-44dd-a481-2d5d38da6b73:group-EF5DD0F5256D:LeaderElection66] INFO  impl.LeaderElection (LeaderElection.java:logAndReturn(56)) - 4d51b372-1aca-44dd-a481-2d5d38da6b73:group-EF5DD0F5256D:LeaderElection66: Election REJECTED; received 2 response(s) [4d51b372-1aca-44dd-a481-2d5d38da6b73<-67abc4f8-8424-4a13-a91f-3faee2bb56e5#0:FAIL-t9, 4d51b372-1aca-44dd-a481-2d5d38da6b73<-efb90bff-72c5-4ce9-affc-3f37be090605#0:FAIL-t9] and 0 exception(s); 4d51b372-1aca-44dd-a481-2d5d38da6b73:t9, leader=null, voted=4d51b372-1aca-44dd-a481-2d5d38da6b73, raftlog=4d51b372-1aca-44dd-a481-2d5d38da6b73-SegmentedRaftLog:OPENED:c-1,f0,i0, conf=0: [67abc4f8-8424-4a13-a91f-3faee2bb56e5:192.168.36.85:44730, 4d51b372-1aca-44dd-a481-2d5d38da6b73:192.168.36.85:36387, efb90bff-72c5-4ce9-affc-3f37be090605:192.168.36.85:35511], old=null
2019-08-22 09:17:19,012 [efb90bff-72c5-4ce9-affc-3f37be090605:group-EF5DD0F5256D:LeaderElection65] INFO  impl.RoleInfo (RoleInfo.java:shutdownLeaderElection(134)) - efb90bff-72c5-4ce9-affc-3f37be090605: shutdown LeaderElection
2019-08-22 09:17:19,012 [4d51b372-1aca-44dd-a481-2d5d38da6b73:group-EF5DD0F5256D:LeaderElection66] INFO  impl.RaftServerImpl (RaftServerImpl.java:setRole(171)) - 4d51b372-1aca-44dd-a481-2d5d38da6b73:group-EF5DD0F5256D changes role from CANDIDATE to FOLLOWER at term 9 for DISCOVERED_A_NEW_TERM
2019-08-22 09:17:19,012 [efb90bff-72c5-4ce9-affc-3f37be090605:group-EF5DD0F5256D:LeaderElection65] INFO  impl.RoleInfo (RoleInfo.java:updateAndGet(143)) - efb90bff-72c5-4ce9-affc-3f37be090605: start FollowerState
2019-08-22 09:17:19,012 [4d51b372-1aca-44dd-a481-2d5d38da6b73:group-EF5DD0F5256D:LeaderElection66] INFO  impl.RoleInfo (RoleInfo.java:shutdownLeaderElection(134)) - 4d51b372-1aca-44dd-a481-2d5d38da6b73: shutdown LeaderElection
2019-08-22 09:17:19,013 [4d51b372-1aca-44dd-a481-2d5d38da6b73:group-EF5DD0F5256D:LeaderElection66] INFO  impl.RoleInfo (RoleInfo.java:updateAndGet(143)) - 4d51b372-1aca-44dd-a481-2d5d38da6b73: start FollowerState
2019-08-22 09:17:19,032 [StateMachineUpdater:d22de7f6-7510-48e4-8f97-1191f0294a01:group-D53B9E930755] INFO  ratis.ContainerStateMachine (ContainerStateMachine.java:takeSnapshot(294)) - group-D53B9E930755: Finished taking a snapshot at:(t:1, i:16) file:/workdir/hadoop-ozone/integration-test/target/test-dir/MiniOzoneClusterImpl-b4094933-c81e-4e47-9f4e-b6682d02a4e3/datanode-1/data/ratis/842c8521-cd23-4f59-9d81-d53b9e930755/sm/snapshot.1_16 time:24
2019-08-22 09:17:19,032 [StateMachineUpdater:d22de7f6-7510-48e4-8f97-1191f0294a01:group-D53B9E930755] INFO  impl.StateMachineUpdater (StateMachineUpdater.java:takeSnapshot(242)) - StateMachineUpdater:d22de7f6-7510-48e4-8f97-1191f0294a01:group-D53B9E930755: Took a snapshot at index 16
2019-08-22 09:17:19,032 [StateMachineUpdater:d22de7f6-7510-48e4-8f97-1191f0294a01:group-D53B9E930755] INFO  impl.StateMachineUpdater (StateMachineUpdater.java:lambda$new$0(80)) - StateMachineUpdater:d22de7f6-7510-48e4-8f97-1191f0294a01:group-D53B9E930755: snapshotIndex: updateIncreasingly -1 -> 16
2019-08-22 09:17:19,033 [main] INFO  impl.RaftServerImpl (ServerState.java:close(394)) - d22de7f6-7510-48e4-8f97-1191f0294a01:group-D53B9E930755 closes. The last applied log index is 18
2019-08-22 09:17:19,033 [d22de7f6-7510-48e4-8f97-1191f0294a01-SegmentedRaftLogWorker:Storage Directory /workdir/hadoop-ozone/integration-test/target/test-dir/MiniOzoneClusterImpl-b4094933-c81e-4e47-9f4e-b6682d02a4e3/datanode-1/data/ratis/842c8521-cd23-4f59-9d81-d53b9e930755] INFO  segmented.SegmentedRaftLogWorker (SegmentedRaftLogWorker.java:run(313)) - d22de7f6-7510-48e4-8f97-1191f0294a01-SegmentedRaftLogWorker:Storage Directory /workdir/hadoop-ozone/integration-test/target/test-dir/MiniOzoneClusterImpl-b4094933-c81e-4e47-9f4e-b6682d02a4e3/datanode-1/data/ratis/842c8521-cd23-4f59-9d81-d53b9e930755 was interrupted, exiting. There are 0 tasks remaining in the queue.
2019-08-22 09:17:19,038 [main] INFO  segmented.SegmentedRaftLogWorker (SegmentedRaftLogWorker.java:close(228)) - d22de7f6-7510-48e4-8f97-1191f0294a01-SegmentedRaftLogWorker:Storage Directory /workdir/hadoop-ozone/integration-test/target/test-dir/MiniOzoneClusterImpl-b4094933-c81e-4e47-9f4e-b6682d02a4e3/datanode-1/data/ratis/842c8521-cd23-4f59-9d81-d53b9e930755 close()
2019-08-22 09:17:19,041 [main] INFO  server.GrpcService (GrpcService.java:closeImpl(155)) - d22de7f6-7510-48e4-8f97-1191f0294a01: shutdown server with port 43465 now
2019-08-22 09:17:19,042 [grpc-default-executor-0] WARN  server.GrpcServerProtocolService (LogUtils.java:warn(134)) - d22de7f6-7510-48e4-8f97-1191f0294a01: appendEntries onError: org.apache.ratis.thirdparty.io.grpc.StatusRuntimeException: CANCELLED: cancelled before receiving half close
2019-08-22 09:17:19,042 [main] INFO  server.GrpcService (GrpcService.java:closeImpl(163)) - d22de7f6-7510-48e4-8f97-1191f0294a01: shutdown server with port 43465 successfully
2019-08-22 09:17:19,043 [grpc-default-executor-5] WARN  server.GrpcLogAppender (LogUtils.java:warn(134)) - 8e0331fc-a6ad-49c6-b07b-7e2a4ec9a890->d22de7f6-7510-48e4-8f97-1191f0294a01: Failed appendEntries: org.apache.ratis.thirdparty.io.grpc.StatusRuntimeException: CANCELLED: HTTP/2 error code: CANCEL
Received Rst Stream
2019-08-22 09:17:19,043 [grpc-default-executor-5] INFO  impl.FollowerInfo (FollowerInfo.java:lambda$new$0(50)) - 8e0331fc-a6ad-49c6-b07b-7e2a4ec9a890->d22de7f6-7510-48e4-8f97-1191f0294a01: nextIndex: updateUnconditionally 19 -> 18
2019-08-22 09:17:19,043 [main] INFO  utils.BackgroundService (BackgroundService.java:shutdown(148)) - Shutting down service BlockDeletingService
2019-08-22 09:17:19,045 [refreshUsed-/workdir/hadoop-ozone/integration-test/target/test-dir/MiniOzoneClusterImpl-b4094933-c81e-4e47-9f4e-b6682d02a4e3/datanode-1/data/containers] WARN  fs.CachingGetSpaceUsed (CachingGetSpaceUsed.java:run(183)) - Thread Interrupted waiting to refresh disk information: sleep interrupted
2019-08-22 09:17:19,064 [main] INFO  statemachine.DatanodeStateMachine (DatanodeStateMachine.java:stopDaemon(395)) - Ozone container server stopped.
2019-08-22 09:17:19,065 [main] INFO  handler.ContextHandler (ContextHandler.java:doStop(910)) - Stopped o.e.j.w.WebAppContext@53a09566{/,null,UNAVAILABLE}{/hddsDatanode}
2019-08-22 09:17:19,066 [main] INFO  server.AbstractConnector (AbstractConnector.java:doStop(318)) - Stopped ServerConnector@1c815814{HTTP/1.1,[http/1.1]}{0.0.0.0:0}
2019-08-22 09:17:19,066 [main] INFO  handler.ContextHandler (ContextHandler.java:doStop(910)) - Stopped o.e.j.s.ServletContextHandler@6ffc6ea7{/static,jar:file:/home/user/.m2/repository/org/apache/hadoop/hadoop-hdds-container-service/0.5.0-SNAPSHOT/hadoop-hdds-container-service-0.5.0-SNAPSHOT.jar!/webapps/static,UNAVAILABLE}
2019-08-22 09:17:19,066 [main] INFO  handler.ContextHandler (ContextHandler.java:doStop(910)) - Stopped o.e.j.s.ServletContextHandler@186f7434{/logs,file:///workdir/hadoop-ozone/integration-test/target/log,UNAVAILABLE}
2019-08-22 09:17:19,067 [main] INFO  datanode.ObjectStoreHandler (ObjectStoreHandler.java:close(155)) - Closing ObjectStoreHandler.
2019-08-22 09:17:19,067 [main] INFO  ozone.HddsDatanodeService (HddsDatanodeService.java:stop(451)) - Stopped plug-in org.apache.hadoop.ozone.web.OzoneHddsDatanodeService@36a1fd20
2019-08-22 09:17:19,149 [Datanode State Machine Thread - 0] INFO  statemachine.DatanodeStateMachine (DatanodeStateMachine.java:lambda$startDaemon$0(350)) - Ozone container server started.
2019-08-22 09:17:19,150 | INFO  | SCMAudit | user=jenkins1000 | ip=192.168.36.85 | op=SEND_HEARTBEAT {datanodeUUID=093f9392-15a1-447b-85fb-4daaec7caf94, command=[]} | ret=SUCCESS |  
2019-08-22 09:17:19,207 [grpc-default-executor-0] WARN  server.GrpcLogAppender (LogUtils.java:warn(134)) - 8e0331fc-a6ad-49c6-b07b-7e2a4ec9a890->d22de7f6-7510-48e4-8f97-1191f0294a01: Failed appendEntries: org.apache.ratis.thirdparty.io.grpc.StatusRuntimeException: UNAVAILABLE: io exception
2019-08-22 09:17:19,208 [grpc-default-executor-0] INFO  impl.FollowerInfo (FollowerInfo.java:lambda$new$0(50)) - 8e0331fc-a6ad-49c6-b07b-7e2a4ec9a890->d22de7f6-7510-48e4-8f97-1191f0294a01: nextIndex: updateUnconditionally 18 -> 17
2019-08-22 09:17:19,353 | INFO  | SCMAudit | user=jenkins1000 | ip=192.168.36.85 | op=SEND_HEARTBEAT {datanodeUUID=efb90bff-72c5-4ce9-affc-3f37be090605, command=[]} | ret=SUCCESS |  
2019-08-22 09:17:19,557 | INFO  | SCMAudit | user=jenkins1000 | ip=192.168.36.85 | op=SEND_HEARTBEAT {datanodeUUID=4d51b372-1aca-44dd-a481-2d5d38da6b73, command=[]} | ret=SUCCESS |  
2019-08-22 09:17:19,708 [grpc-default-executor-4] WARN  server.GrpcLogAppender (LogUtils.java:warn(134)) - 8e0331fc-a6ad-49c6-b07b-7e2a4ec9a890->d22de7f6-7510-48e4-8f97-1191f0294a01: Failed appendEntries: org.apache.ratis.thirdparty.io.grpc.StatusRuntimeException: UNAVAILABLE: io exception
2019-08-22 09:17:19,709 [grpc-default-executor-4] INFO  impl.FollowerInfo (FollowerInfo.java:lambda$new$0(50)) - 8e0331fc-a6ad-49c6-b07b-7e2a4ec9a890->d22de7f6-7510-48e4-8f97-1191f0294a01: nextIndex: updateUnconditionally 17 -> 16
2019-08-22 09:17:19,812 | INFO  | SCMAudit | user=jenkins1000 | ip=192.168.36.85 | op=SEND_HEARTBEAT {datanodeUUID=67abc4f8-8424-4a13-a91f-3faee2bb56e5, command=[]} | ret=SUCCESS |  
2019-08-22 09:17:20,055 [Thread-1621] INFO  impl.FollowerState (FollowerState.java:run(106)) - 67abc4f8-8424-4a13-a91f-3faee2bb56e5:group-EF5DD0F5256D changes to CANDIDATE, lastRpcTime:1044, electionTimeout:1044ms
2019-08-22 09:17:20,055 [Thread-1621] INFO  impl.RoleInfo (RoleInfo.java:shutdownFollowerState(121)) - 67abc4f8-8424-4a13-a91f-3faee2bb56e5: shutdown FollowerState
2019-08-22 09:17:20,055 [Thread-1621] INFO  impl.RaftServerImpl (RaftServerImpl.java:setRole(171)) - 67abc4f8-8424-4a13-a91f-3faee2bb56e5:group-EF5DD0F5256D changes role from FOLLOWER to CANDIDATE at term 9 for changeToCandidate
2019-08-22 09:17:20,055 [Thread-1621] INFO  impl.RoleInfo (RoleInfo.java:updateAndGet(143)) - 67abc4f8-8424-4a13-a91f-3faee2bb56e5: start LeaderElection
2019-08-22 09:17:20,088 [Thread-1623] INFO  impl.FollowerState (FollowerState.java:run(106)) - 4d51b372-1aca-44dd-a481-2d5d38da6b73:group-EF5DD0F5256D changes to CANDIDATE, lastRpcTime:1075, electionTimeout:1075ms
2019-08-22 09:17:20,088 [Thread-1623] INFO  impl.RoleInfo (RoleInfo.java:shutdownFollowerState(121)) - 4d51b372-1aca-44dd-a481-2d5d38da6b73: shutdown FollowerState
2019-08-22 09:17:20,089 [Thread-1623] INFO  impl.RaftServerImpl (RaftServerImpl.java:setRole(171)) - 4d51b372-1aca-44dd-a481-2d5d38da6b73:group-EF5DD0F5256D changes role from FOLLOWER to CANDIDATE at term 9 for changeToCandidate
2019-08-22 09:17:20,089 [Thread-1623] INFO  impl.RoleInfo (RoleInfo.java:updateAndGet(143)) - 4d51b372-1aca-44dd-a481-2d5d38da6b73: start LeaderElection
2019-08-22 09:17:20,113 [Thread-1622] INFO  impl.FollowerState (FollowerState.java:run(106)) - efb90bff-72c5-4ce9-affc-3f37be090605:group-EF5DD0F5256D changes to CANDIDATE, lastRpcTime:1100, electionTimeout:1100ms
2019-08-22 09:17:20,113 [Thread-1622] INFO  impl.RoleInfo (RoleInfo.java:shutdownFollowerState(121)) - efb90bff-72c5-4ce9-affc-3f37be090605: shutdown FollowerState
2019-08-22 09:17:20,113 [Thread-1622] INFO  impl.RaftServerImpl (RaftServerImpl.java:setRole(171)) - efb90bff-72c5-4ce9-affc-3f37be090605:group-EF5DD0F5256D changes role from FOLLOWER to CANDIDATE at term 9 for changeToCandidate
2019-08-22 09:17:20,113 [Thread-1622] INFO  impl.RoleInfo (RoleInfo.java:updateAndGet(143)) - efb90bff-72c5-4ce9-affc-3f37be090605: start LeaderElection
2019-08-22 09:17:20,150 | INFO  | SCMAudit | user=jenkins1000 | ip=192.168.36.85 | op=SEND_HEARTBEAT {datanodeUUID=093f9392-15a1-447b-85fb-4daaec7caf94, command=[]} | ret=SUCCESS |  
2019-08-22 09:17:20,210 [grpc-default-executor-3] WARN  server.GrpcLogAppender (LogUtils.java:warn(134)) - 8e0331fc-a6ad-49c6-b07b-7e2a4ec9a890->d22de7f6-7510-48e4-8f97-1191f0294a01: Failed appendEntries: org.apache.ratis.thirdparty.io.grpc.StatusRuntimeException: UNAVAILABLE: io exception
2019-08-22 09:17:20,210 [grpc-default-executor-3] INFO  impl.FollowerInfo (FollowerInfo.java:lambda$new$0(50)) - 8e0331fc-a6ad-49c6-b07b-7e2a4ec9a890->d22de7f6-7510-48e4-8f97-1191f0294a01: nextIndex: updateUnconditionally 16 -> 15
2019-08-22 09:17:20,266 [67abc4f8-8424-4a13-a91f-3faee2bb56e5:group-EF5DD0F5256D:LeaderElection67] INFO  impl.LeaderElection (LeaderElection.java:askForVotes(181)) - 67abc4f8-8424-4a13-a91f-3faee2bb56e5:group-EF5DD0F5256D:LeaderElection67: begin an election at term 10 for -1: [67abc4f8-8424-4a13-a91f-3faee2bb56e5:192.168.36.85:44730, 4d51b372-1aca-44dd-a481-2d5d38da6b73:192.168.36.85:36387, efb90bff-72c5-4ce9-affc-3f37be090605:192.168.36.85:35511], old=null
2019-08-22 09:17:20,274 [efb90bff-72c5-4ce9-affc-3f37be090605:group-EF5DD0F5256D:LeaderElection69] INFO  impl.LeaderElection (LeaderElection.java:askForVotes(181)) - efb90bff-72c5-4ce9-affc-3f37be090605:group-EF5DD0F5256D:LeaderElection69: begin an election at term 10 for 0: [67abc4f8-8424-4a13-a91f-3faee2bb56e5:192.168.36.85:44730, 4d51b372-1aca-44dd-a481-2d5d38da6b73:192.168.36.85:36387, efb90bff-72c5-4ce9-affc-3f37be090605:192.168.36.85:35511], old=null
2019-08-22 09:17:20,275 [4d51b372-1aca-44dd-a481-2d5d38da6b73:group-EF5DD0F5256D:LeaderElection68] INFO  impl.LeaderElection (LeaderElection.java:askForVotes(181)) - 4d51b372-1aca-44dd-a481-2d5d38da6b73:group-EF5DD0F5256D:LeaderElection68: begin an election at term 10 for 0: [67abc4f8-8424-4a13-a91f-3faee2bb56e5:192.168.36.85:44730, 4d51b372-1aca-44dd-a481-2d5d38da6b73:192.168.36.85:36387, efb90bff-72c5-4ce9-affc-3f37be090605:192.168.36.85:35511], old=null
2019-08-22 09:17:20,276 [67abc4f8-8424-4a13-a91f-3faee2bb56e5:group-EF5DD0F5256D:LeaderElection67] INFO  impl.LeaderElection (LeaderElection.java:logAndReturn(56)) - 67abc4f8-8424-4a13-a91f-3faee2bb56e5:group-EF5DD0F5256D:LeaderElection67: Election REJECTED; received 2 response(s) [67abc4f8-8424-4a13-a91f-3faee2bb56e5<-4d51b372-1aca-44dd-a481-2d5d38da6b73#0:FAIL-t10, 67abc4f8-8424-4a13-a91f-3faee2bb56e5<-efb90bff-72c5-4ce9-affc-3f37be090605#0:FAIL-t10] and 0 exception(s); 67abc4f8-8424-4a13-a91f-3faee2bb56e5:t10, leader=null, voted=67abc4f8-8424-4a13-a91f-3faee2bb56e5, raftlog=67abc4f8-8424-4a13-a91f-3faee2bb56e5-SegmentedRaftLog:OPENED:c-1,f-1,i0, conf=-1: [67abc4f8-8424-4a13-a91f-3faee2bb56e5:192.168.36.85:44730, 4d51b372-1aca-44dd-a481-2d5d38da6b73:192.168.36.85:36387, efb90bff-72c5-4ce9-affc-3f37be090605:192.168.36.85:35511], old=null
2019-08-22 09:17:20,276 [67abc4f8-8424-4a13-a91f-3faee2bb56e5:group-EF5DD0F5256D:LeaderElection67] INFO  impl.RaftServerImpl (RaftServerImpl.java:setRole(171)) - 67abc4f8-8424-4a13-a91f-3faee2bb56e5:group-EF5DD0F5256D changes role from CANDIDATE to FOLLOWER at term 10 for DISCOVERED_A_NEW_TERM
2019-08-22 09:17:20,276 [67abc4f8-8424-4a13-a91f-3faee2bb56e5:group-EF5DD0F5256D:LeaderElection67] INFO  impl.RoleInfo (RoleInfo.java:shutdownLeaderElection(134)) - 67abc4f8-8424-4a13-a91f-3faee2bb56e5: shutdown LeaderElection
2019-08-22 09:17:20,276 [67abc4f8-8424-4a13-a91f-3faee2bb56e5:group-EF5DD0F5256D:LeaderElection67] INFO  impl.RoleInfo (RoleInfo.java:updateAndGet(143)) - 67abc4f8-8424-4a13-a91f-3faee2bb56e5: start FollowerState
2019-08-22 09:17:20,279 [4d51b372-1aca-44dd-a481-2d5d38da6b73:group-EF5DD0F5256D:LeaderElection68] INFO  impl.LeaderElection (LeaderElection.java:logAndReturn(56)) - 4d51b372-1aca-44dd-a481-2d5d38da6b73:group-EF5DD0F5256D:LeaderElection68: Election REJECTED; received 2 response(s) [4d51b372-1aca-44dd-a481-2d5d38da6b73<-67abc4f8-8424-4a13-a91f-3faee2bb56e5#0:FAIL-t10, 4d51b372-1aca-44dd-a481-2d5d38da6b73<-efb90bff-72c5-4ce9-affc-3f37be090605#0:FAIL-t10] and 0 exception(s); 4d51b372-1aca-44dd-a481-2d5d38da6b73:t10, leader=null, voted=4d51b372-1aca-44dd-a481-2d5d38da6b73, raftlog=4d51b372-1aca-44dd-a481-2d5d38da6b73-SegmentedRaftLog:OPENED:c-1,f0,i0, conf=0: [67abc4f8-8424-4a13-a91f-3faee2bb56e5:192.168.36.85:44730, 4d51b372-1aca-44dd-a481-2d5d38da6b73:192.168.36.85:36387, efb90bff-72c5-4ce9-affc-3f37be090605:192.168.36.85:35511], old=null
2019-08-22 09:17:20,279 [4d51b372-1aca-44dd-a481-2d5d38da6b73:group-EF5DD0F5256D:LeaderElection68] INFO  impl.RaftServerImpl (RaftServerImpl.java:setRole(171)) - 4d51b372-1aca-44dd-a481-2d5d38da6b73:group-EF5DD0F5256D changes role from CANDIDATE to FOLLOWER at term 10 for DISCOVERED_A_NEW_TERM
2019-08-22 09:17:20,280 [efb90bff-72c5-4ce9-affc-3f37be090605:group-EF5DD0F5256D:LeaderElection69] INFO  impl.LeaderElection (LeaderElection.java:logAndReturn(56)) - efb90bff-72c5-4ce9-affc-3f37be090605:group-EF5DD0F5256D:LeaderElection69: Election REJECTED; received 2 response(s) [efb90bff-72c5-4ce9-affc-3f37be090605<-67abc4f8-8424-4a13-a91f-3faee2bb56e5#0:FAIL-t10, efb90bff-72c5-4ce9-affc-3f37be090605<-4d51b372-1aca-44dd-a481-2d5d38da6b73#0:FAIL-t10] and 0 exception(s); efb90bff-72c5-4ce9-affc-3f37be090605:t10, leader=null, voted=efb90bff-72c5-4ce9-affc-3f37be090605, raftlog=efb90bff-72c5-4ce9-affc-3f37be090605-SegmentedRaftLog:OPENED:c-1,f0,i0, conf=0: [67abc4f8-8424-4a13-a91f-3faee2bb56e5:192.168.36.85:44730, 4d51b372-1aca-44dd-a481-2d5d38da6b73:192.168.36.85:36387, efb90bff-72c5-4ce9-affc-3f37be090605:192.168.36.85:35511], old=null
2019-08-22 09:17:20,280 [4d51b372-1aca-44dd-a481-2d5d38da6b73:group-EF5DD0F5256D:LeaderElection68] INFO  impl.RoleInfo (RoleInfo.java:shutdownLeaderElection(134)) - 4d51b372-1aca-44dd-a481-2d5d38da6b73: shutdown LeaderElection
2019-08-22 09:17:20,280 [efb90bff-72c5-4ce9-affc-3f37be090605:group-EF5DD0F5256D:LeaderElection69] INFO  impl.RaftServerImpl (RaftServerImpl.java:setRole(171)) - efb90bff-72c5-4ce9-affc-3f37be090605:group-EF5DD0F5256D changes role from CANDIDATE to FOLLOWER at term 10 for DISCOVERED_A_NEW_TERM
2019-08-22 09:17:20,280 [efb90bff-72c5-4ce9-affc-3f37be090605:group-EF5DD0F5256D:LeaderElection69] INFO  impl.RoleInfo (RoleInfo.java:shutdownLeaderElection(134)) - efb90bff-72c5-4ce9-affc-3f37be090605: shutdown LeaderElection
2019-08-22 09:17:20,280 [4d51b372-1aca-44dd-a481-2d5d38da6b73:group-EF5DD0F5256D:LeaderElection68] INFO  impl.RoleInfo (RoleInfo.java:updateAndGet(143)) - 4d51b372-1aca-44dd-a481-2d5d38da6b73: start FollowerState
2019-08-22 09:17:20,280 [efb90bff-72c5-4ce9-affc-3f37be090605:group-EF5DD0F5256D:LeaderElection69] INFO  impl.RoleInfo (RoleInfo.java:updateAndGet(143)) - efb90bff-72c5-4ce9-affc-3f37be090605: start FollowerState
2019-08-22 09:17:20,353 | INFO  | SCMAudit | user=jenkins1000 | ip=192.168.36.85 | op=SEND_HEARTBEAT {datanodeUUID=efb90bff-72c5-4ce9-affc-3f37be090605, command=[]} | ret=SUCCESS |  
2019-08-22 09:17:20,557 | INFO  | SCMAudit | user=jenkins1000 | ip=192.168.36.85 | op=SEND_HEARTBEAT {datanodeUUID=4d51b372-1aca-44dd-a481-2d5d38da6b73, command=[]} | ret=SUCCESS |  
2019-08-22 09:17:20,711 [grpc-default-executor-0] WARN  server.GrpcLogAppender (LogUtils.java:warn(134)) - 8e0331fc-a6ad-49c6-b07b-7e2a4ec9a890->d22de7f6-7510-48e4-8f97-1191f0294a01: Failed appendEntries: org.apache.ratis.thirdparty.io.grpc.StatusRuntimeException: UNAVAILABLE: io exception
2019-08-22 09:17:20,711 [grpc-default-executor-0] INFO  impl.FollowerInfo (FollowerInfo.java:lambda$new$0(50)) - 8e0331fc-a6ad-49c6-b07b-7e2a4ec9a890->d22de7f6-7510-48e4-8f97-1191f0294a01: nextIndex: updateUnconditionally 15 -> 14
2019-08-22 09:17:20,812 | INFO  | SCMAudit | user=jenkins1000 | ip=192.168.36.85 | op=SEND_HEARTBEAT {datanodeUUID=67abc4f8-8424-4a13-a91f-3faee2bb56e5, command=[]} | ret=SUCCESS |  
2019-08-22 09:17:21,149 | INFO  | SCMAudit | user=jenkins1000 | ip=192.168.36.85 | op=SEND_HEARTBEAT {datanodeUUID=093f9392-15a1-447b-85fb-4daaec7caf94, command=[]} | ret=SUCCESS |  
2019-08-22 09:17:21,211 [grpc-default-executor-3] WARN  server.GrpcLogAppender (LogUtils.java:warn(134)) - 8e0331fc-a6ad-49c6-b07b-7e2a4ec9a890->d22de7f6-7510-48e4-8f97-1191f0294a01: Failed appendEntries: org.apache.ratis.thirdparty.io.grpc.StatusRuntimeException: UNAVAILABLE: io exception
2019-08-22 09:17:21,211 [grpc-default-executor-3] INFO  impl.FollowerInfo (FollowerInfo.java:lambda$new$0(50)) - 8e0331fc-a6ad-49c6-b07b-7e2a4ec9a890->d22de7f6-7510-48e4-8f97-1191f0294a01: nextIndex: updateUnconditionally 14 -> 13
2019-08-22 09:17:21,353 | INFO  | SCMAudit | user=jenkins1000 | ip=192.168.36.85 | op=SEND_HEARTBEAT {datanodeUUID=efb90bff-72c5-4ce9-affc-3f37be090605, command=[]} | ret=SUCCESS |  
2019-08-22 09:17:21,428 [Thread-1638] INFO  impl.FollowerState (FollowerState.java:run(106)) - efb90bff-72c5-4ce9-affc-3f37be090605:group-EF5DD0F5256D changes to CANDIDATE, lastRpcTime:1147, electionTimeout:1147ms
2019-08-22 09:17:21,428 [Thread-1638] INFO  impl.RoleInfo (RoleInfo.java:shutdownFollowerState(121)) - efb90bff-72c5-4ce9-affc-3f37be090605: shutdown FollowerState
2019-08-22 09:17:21,429 [Thread-1638] INFO  impl.RaftServerImpl (RaftServerImpl.java:setRole(171)) - efb90bff-72c5-4ce9-affc-3f37be090605:group-EF5DD0F5256D changes role from FOLLOWER to CANDIDATE at term 10 for changeToCandidate
2019-08-22 09:17:21,429 [Thread-1638] INFO  impl.RoleInfo (RoleInfo.java:updateAndGet(143)) - efb90bff-72c5-4ce9-affc-3f37be090605: start LeaderElection
2019-08-22 09:17:21,467 [Thread-1636] INFO  impl.FollowerState (FollowerState.java:run(106)) - 67abc4f8-8424-4a13-a91f-3faee2bb56e5:group-EF5DD0F5256D changes to CANDIDATE, lastRpcTime:1190, electionTimeout:1190ms
2019-08-22 09:17:21,467 [Thread-1636] INFO  impl.RoleInfo (RoleInfo.java:shutdownFollowerState(121)) - 67abc4f8-8424-4a13-a91f-3faee2bb56e5: shutdown FollowerState
2019-08-22 09:17:21,467 [Thread-1636] INFO  impl.RaftServerImpl (RaftServerImpl.java:setRole(171)) - 67abc4f8-8424-4a13-a91f-3faee2bb56e5:group-EF5DD0F5256D changes role from FOLLOWER to CANDIDATE at term 10 for changeToCandidate
2019-08-22 09:17:21,467 [Thread-1636] INFO  impl.RoleInfo (RoleInfo.java:updateAndGet(143)) - 67abc4f8-8424-4a13-a91f-3faee2bb56e5: start LeaderElection
2019-08-22 09:17:21,481 [Thread-1637] INFO  impl.FollowerState (FollowerState.java:run(106)) - 4d51b372-1aca-44dd-a481-2d5d38da6b73:group-EF5DD0F5256D changes to CANDIDATE, lastRpcTime:1200, electionTimeout:1200ms
2019-08-22 09:17:21,481 [Thread-1637] INFO  impl.RoleInfo (RoleInfo.java:shutdownFollowerState(121)) - 4d51b372-1aca-44dd-a481-2d5d38da6b73: shutdown FollowerState
2019-08-22 09:17:21,481 [Thread-1637] INFO  impl.RaftServerImpl (RaftServerImpl.java:setRole(171)) - 4d51b372-1aca-44dd-a481-2d5d38da6b73:group-EF5DD0F5256D changes role from FOLLOWER to CANDIDATE at term 10 for changeToCandidate
2019-08-22 09:17:21,481 [Thread-1637] INFO  impl.RoleInfo (RoleInfo.java:updateAndGet(143)) - 4d51b372-1aca-44dd-a481-2d5d38da6b73: start LeaderElection
2019-08-22 09:17:21,544 [efb90bff-72c5-4ce9-affc-3f37be090605:group-EF5DD0F5256D:LeaderElection70] INFO  impl.LeaderElection (LeaderElection.java:askForVotes(181)) - efb90bff-72c5-4ce9-affc-3f37be090605:group-EF5DD0F5256D:LeaderElection70: begin an election at term 11 for 0: [67abc4f8-8424-4a13-a91f-3faee2bb56e5:192.168.36.85:44730, 4d51b372-1aca-44dd-a481-2d5d38da6b73:192.168.36.85:36387, efb90bff-72c5-4ce9-affc-3f37be090605:192.168.36.85:35511], old=null
2019-08-22 09:17:21,544 [67abc4f8-8424-4a13-a91f-3faee2bb56e5:group-EF5DD0F5256D:LeaderElection71] INFO  impl.LeaderElection (LeaderElection.java:askForVotes(181)) - 67abc4f8-8424-4a13-a91f-3faee2bb56e5:group-EF5DD0F5256D:LeaderElection71: begin an election at term 11 for -1: [67abc4f8-8424-4a13-a91f-3faee2bb56e5:192.168.36.85:44730, 4d51b372-1aca-44dd-a481-2d5d38da6b73:192.168.36.85:36387, efb90bff-72c5-4ce9-affc-3f37be090605:192.168.36.85:35511], old=null
2019-08-22 09:17:21,544 [4d51b372-1aca-44dd-a481-2d5d38da6b73:group-EF5DD0F5256D:LeaderElection72] INFO  impl.LeaderElection (LeaderElection.java:askForVotes(181)) - 4d51b372-1aca-44dd-a481-2d5d38da6b73:group-EF5DD0F5256D:LeaderElection72: begin an election at term 11 for 0: [67abc4f8-8424-4a13-a91f-3faee2bb56e5:192.168.36.85:44730, 4d51b372-1aca-44dd-a481-2d5d38da6b73:192.168.36.85:36387, efb90bff-72c5-4ce9-affc-3f37be090605:192.168.36.85:35511], old=null
2019-08-22 09:17:21,548 [67abc4f8-8424-4a13-a91f-3faee2bb56e5:group-EF5DD0F5256D:LeaderElection71] INFO  impl.LeaderElection (LeaderElection.java:logAndReturn(56)) - 67abc4f8-8424-4a13-a91f-3faee2bb56e5:group-EF5DD0F5256D:LeaderElection71: Election REJECTED; received 2 response(s) [67abc4f8-8424-4a13-a91f-3faee2bb56e5<-4d51b372-1aca-44dd-a481-2d5d38da6b73#0:FAIL-t11, 67abc4f8-8424-4a13-a91f-3faee2bb56e5<-efb90bff-72c5-4ce9-affc-3f37be090605#0:FAIL-t11] and 0 exception(s); 67abc4f8-8424-4a13-a91f-3faee2bb56e5:t11, leader=null, voted=67abc4f8-8424-4a13-a91f-3faee2bb56e5, raftlog=67abc4f8-8424-4a13-a91f-3faee2bb56e5-SegmentedRaftLog:OPENED:c-1,f-1,i0, conf=-1: [67abc4f8-8424-4a13-a91f-3faee2bb56e5:192.168.36.85:44730, 4d51b372-1aca-44dd-a481-2d5d38da6b73:192.168.36.85:36387, efb90bff-72c5-4ce9-affc-3f37be090605:192.168.36.85:35511], old=null
2019-08-22 09:17:21,548 [67abc4f8-8424-4a13-a91f-3faee2bb56e5:group-EF5DD0F5256D:LeaderElection71] INFO  impl.RaftServerImpl (RaftServerImpl.java:setRole(171)) - 67abc4f8-8424-4a13-a91f-3faee2bb56e5:group-EF5DD0F5256D changes role from CANDIDATE to FOLLOWER at term 11 for DISCOVERED_A_NEW_TERM
2019-08-22 09:17:21,548 [efb90bff-72c5-4ce9-affc-3f37be090605:group-EF5DD0F5256D:LeaderElection70] INFO  impl.LeaderElection (LeaderElection.java:logAndReturn(56)) - efb90bff-72c5-4ce9-affc-3f37be090605:group-EF5DD0F5256D:LeaderElection70: Election REJECTED; received 2 response(s) [efb90bff-72c5-4ce9-affc-3f37be090605<-67abc4f8-8424-4a13-a91f-3faee2bb56e5#0:FAIL-t11, efb90bff-72c5-4ce9-affc-3f37be090605<-4d51b372-1aca-44dd-a481-2d5d38da6b73#0:FAIL-t11] and 0 exception(s); efb90bff-72c5-4ce9-affc-3f37be090605:t11, leader=null, voted=efb90bff-72c5-4ce9-affc-3f37be090605, raftlog=efb90bff-72c5-4ce9-affc-3f37be090605-SegmentedRaftLog:OPENED:c-1,f0,i0, conf=0: [67abc4f8-8424-4a13-a91f-3faee2bb56e5:192.168.36.85:44730, 4d51b372-1aca-44dd-a481-2d5d38da6b73:192.168.36.85:36387, efb90bff-72c5-4ce9-affc-3f37be090605:192.168.36.85:35511], old=null
2019-08-22 09:17:21,549 [4d51b372-1aca-44dd-a481-2d5d38da6b73:group-EF5DD0F5256D:LeaderElection72] INFO  impl.LeaderElection (LeaderElection.java:logAndReturn(56)) - 4d51b372-1aca-44dd-a481-2d5d38da6b73:group-EF5DD0F5256D:LeaderElection72: Election REJECTED; received 2 response(s) [4d51b372-1aca-44dd-a481-2d5d38da6b73<-67abc4f8-8424-4a13-a91f-3faee2bb56e5#0:FAIL-t11, 4d51b372-1aca-44dd-a481-2d5d38da6b73<-efb90bff-72c5-4ce9-affc-3f37be090605#0:FAIL-t11] and 0 exception(s); 4d51b372-1aca-44dd-a481-2d5d38da6b73:t11, leader=null, voted=4d51b372-1aca-44dd-a481-2d5d38da6b73, raftlog=4d51b372-1aca-44dd-a481-2d5d38da6b73-SegmentedRaftLog:OPENED:c-1,f0,i0, conf=0: [67abc4f8-8424-4a13-a91f-3faee2bb56e5:192.168.36.85:44730, 4d51b372-1aca-44dd-a481-2d5d38da6b73:192.168.36.85:36387, efb90bff-72c5-4ce9-affc-3f37be090605:192.168.36.85:35511], old=null
2019-08-22 09:17:21,548 [67abc4f8-8424-4a13-a91f-3faee2bb56e5:group-EF5DD0F5256D:LeaderElection71] INFO  impl.RoleInfo (RoleInfo.java:shutdownLeaderElection(134)) - 67abc4f8-8424-4a13-a91f-3faee2bb56e5: shutdown LeaderElection
2019-08-22 09:17:21,549 [4d51b372-1aca-44dd-a481-2d5d38da6b73:group-EF5DD0F5256D:LeaderElection72] INFO  impl.RaftServerImpl (RaftServerImpl.java:setRole(171)) - 4d51b372-1aca-44dd-a481-2d5d38da6b73:group-EF5DD0F5256D changes role from CANDIDATE to FOLLOWER at term 11 for DISCOVERED_A_NEW_TERM
2019-08-22 09:17:21,549 [efb90bff-72c5-4ce9-affc-3f37be090605:group-EF5DD0F5256D:LeaderElection70] INFO  impl.RaftServerImpl (RaftServerImpl.java:setRole(171)) - efb90bff-72c5-4ce9-affc-3f37be090605:group-EF5DD0F5256D changes role from CANDIDATE to FOLLOWER at term 11 for DISCOVERED_A_NEW_TERM
2019-08-22 09:17:21,549 [4d51b372-1aca-44dd-a481-2d5d38da6b73:group-EF5DD0F5256D:LeaderElection72] INFO  impl.RoleInfo (RoleInfo.java:shutdownLeaderElection(134)) - 4d51b372-1aca-44dd-a481-2d5d38da6b73: shutdown LeaderElection
2019-08-22 09:17:21,549 [67abc4f8-8424-4a13-a91f-3faee2bb56e5:group-EF5DD0F5256D:LeaderElection71] INFO  impl.RoleInfo (RoleInfo.java:updateAndGet(143)) - 67abc4f8-8424-4a13-a91f-3faee2bb56e5: start FollowerState
2019-08-22 09:17:21,550 [4d51b372-1aca-44dd-a481-2d5d38da6b73:group-EF5DD0F5256D:LeaderElection72] INFO  impl.RoleInfo (RoleInfo.java:updateAndGet(143)) - 4d51b372-1aca-44dd-a481-2d5d38da6b73: start FollowerState
2019-08-22 09:17:21,549 [efb90bff-72c5-4ce9-affc-3f37be090605:group-EF5DD0F5256D:LeaderElection70] INFO  impl.RoleInfo (RoleInfo.java:shutdownLeaderElection(134)) - efb90bff-72c5-4ce9-affc-3f37be090605: shutdown LeaderElection
2019-08-22 09:17:21,550 [efb90bff-72c5-4ce9-affc-3f37be090605:group-EF5DD0F5256D:LeaderElection70] INFO  impl.RoleInfo (RoleInfo.java:updateAndGet(143)) - efb90bff-72c5-4ce9-affc-3f37be090605: start FollowerState
2019-08-22 09:17:21,557 | INFO  | SCMAudit | user=jenkins1000 | ip=192.168.36.85 | op=SEND_HEARTBEAT {datanodeUUID=4d51b372-1aca-44dd-a481-2d5d38da6b73, command=[]} | ret=SUCCESS |  
2019-08-22 09:17:21,712 [grpc-default-executor-1] WARN  server.GrpcLogAppender (LogUtils.java:warn(134)) - 8e0331fc-a6ad-49c6-b07b-7e2a4ec9a890->d22de7f6-7510-48e4-8f97-1191f0294a01: Failed appendEntries: org.apache.ratis.thirdparty.io.grpc.StatusRuntimeException: UNAVAILABLE: io exception
2019-08-22 09:17:21,712 [grpc-default-executor-1] INFO  impl.FollowerInfo (FollowerInfo.java:lambda$new$0(50)) - 8e0331fc-a6ad-49c6-b07b-7e2a4ec9a890->d22de7f6-7510-48e4-8f97-1191f0294a01: nextIndex: updateUnconditionally 13 -> 12
2019-08-22 09:17:21,812 | INFO  | SCMAudit | user=jenkins1000 | ip=192.168.36.85 | op=SEND_HEARTBEAT {datanodeUUID=67abc4f8-8424-4a13-a91f-3faee2bb56e5, command=[]} | ret=SUCCESS |  
2019-08-22 09:17:22,150 | INFO  | SCMAudit | user=jenkins1000 | ip=192.168.36.85 | op=SEND_HEARTBEAT {datanodeUUID=093f9392-15a1-447b-85fb-4daaec7caf94, command=[]} | ret=SUCCESS |  
2019-08-22 09:17:22,213 [grpc-default-executor-1] WARN  server.GrpcLogAppender (LogUtils.java:warn(134)) - 8e0331fc-a6ad-49c6-b07b-7e2a4ec9a890->d22de7f6-7510-48e4-8f97-1191f0294a01: Failed appendEntries: org.apache.ratis.thirdparty.io.grpc.StatusRuntimeException: UNAVAILABLE: io exception
2019-08-22 09:17:22,214 [grpc-default-executor-1] INFO  impl.FollowerInfo (FollowerInfo.java:lambda$new$0(50)) - 8e0331fc-a6ad-49c6-b07b-7e2a4ec9a890->d22de7f6-7510-48e4-8f97-1191f0294a01: nextIndex: updateUnconditionally 12 -> 11
2019-08-22 09:17:22,353 | INFO  | SCMAudit | user=jenkins1000 | ip=192.168.36.85 | op=SEND_HEARTBEAT {datanodeUUID=efb90bff-72c5-4ce9-affc-3f37be090605, command=[]} | ret=SUCCESS |  
2019-08-22 09:17:22,557 | INFO  | SCMAudit | user=jenkins1000 | ip=192.168.36.85 | op=SEND_HEARTBEAT {datanodeUUID=4d51b372-1aca-44dd-a481-2d5d38da6b73, command=[]} | ret=SUCCESS |  
2019-08-22 09:17:22,621 [Thread-1652] INFO  impl.FollowerState (FollowerState.java:run(106)) - efb90bff-72c5-4ce9-affc-3f37be090605:group-EF5DD0F5256D changes to CANDIDATE, lastRpcTime:1071, electionTimeout:1071ms
2019-08-22 09:17:22,622 [Thread-1652] INFO  impl.RoleInfo (RoleInfo.java:shutdownFollowerState(121)) - efb90bff-72c5-4ce9-affc-3f37be090605: shutdown FollowerState
2019-08-22 09:17:22,622 [Thread-1652] INFO  impl.RaftServerImpl (RaftServerImpl.java:setRole(171)) - efb90bff-72c5-4ce9-affc-3f37be090605:group-EF5DD0F5256D changes role from FOLLOWER to CANDIDATE at term 11 for changeToCandidate
2019-08-22 09:17:22,622 [Thread-1652] INFO  impl.RoleInfo (RoleInfo.java:updateAndGet(143)) - efb90bff-72c5-4ce9-affc-3f37be090605: start LeaderElection
2019-08-22 09:17:22,641 [efb90bff-72c5-4ce9-affc-3f37be090605:group-EF5DD0F5256D:LeaderElection73] INFO  impl.LeaderElection (LeaderElection.java:askForVotes(181)) - efb90bff-72c5-4ce9-affc-3f37be090605:group-EF5DD0F5256D:LeaderElection73: begin an election at term 12 for 0: [67abc4f8-8424-4a13-a91f-3faee2bb56e5:192.168.36.85:44730, 4d51b372-1aca-44dd-a481-2d5d38da6b73:192.168.36.85:36387, efb90bff-72c5-4ce9-affc-3f37be090605:192.168.36.85:35511], old=null
2019-08-22 09:17:22,645 [grpc-default-executor-1] INFO  impl.RaftServerImpl (RaftServerImpl.java:setRole(171)) - 4d51b372-1aca-44dd-a481-2d5d38da6b73:group-EF5DD0F5256D changes role from FOLLOWER to FOLLOWER at term 12 for recognizeCandidate:efb90bff-72c5-4ce9-affc-3f37be090605
2019-08-22 09:17:22,645 [grpc-default-executor-3] INFO  impl.RaftServerImpl (RaftServerImpl.java:setRole(171)) - 67abc4f8-8424-4a13-a91f-3faee2bb56e5:group-EF5DD0F5256D changes role from FOLLOWER to FOLLOWER at term 12 for recognizeCandidate:efb90bff-72c5-4ce9-affc-3f37be090605
2019-08-22 09:17:22,645 [grpc-default-executor-1] INFO  impl.RoleInfo (RoleInfo.java:shutdownFollowerState(121)) - 4d51b372-1aca-44dd-a481-2d5d38da6b73: shutdown FollowerState
2019-08-22 09:17:22,645 [grpc-default-executor-3] INFO  impl.RoleInfo (RoleInfo.java:shutdownFollowerState(121)) - 67abc4f8-8424-4a13-a91f-3faee2bb56e5: shutdown FollowerState
2019-08-22 09:17:22,646 [Thread-1651] INFO  impl.FollowerState (FollowerState.java:run(114)) - 4d51b372-1aca-44dd-a481-2d5d38da6b73: FollowerState was interrupted: java.lang.InterruptedException: sleep interrupted
2019-08-22 09:17:22,645 [grpc-default-executor-1] INFO  impl.RoleInfo (RoleInfo.java:updateAndGet(143)) - 4d51b372-1aca-44dd-a481-2d5d38da6b73: start FollowerState
2019-08-22 09:17:22,646 [grpc-default-executor-3] INFO  impl.RoleInfo (RoleInfo.java:updateAndGet(143)) - 67abc4f8-8424-4a13-a91f-3faee2bb56e5: start FollowerState
2019-08-22 09:17:22,646 [Thread-1650] INFO  impl.FollowerState (FollowerState.java:run(114)) - 67abc4f8-8424-4a13-a91f-3faee2bb56e5: FollowerState was interrupted: java.lang.InterruptedException: sleep interrupted
2019-08-22 09:17:22,669 [efb90bff-72c5-4ce9-affc-3f37be090605:group-EF5DD0F5256D:LeaderElection73] INFO  impl.LeaderElection (LeaderElection.java:logAndReturn(56)) - efb90bff-72c5-4ce9-affc-3f37be090605:group-EF5DD0F5256D:LeaderElection73: Election PASSED; received 1 response(s) [efb90bff-72c5-4ce9-affc-3f37be090605<-67abc4f8-8424-4a13-a91f-3faee2bb56e5#0:OK-t12] and 0 exception(s); efb90bff-72c5-4ce9-affc-3f37be090605:t12, leader=null, voted=efb90bff-72c5-4ce9-affc-3f37be090605, raftlog=efb90bff-72c5-4ce9-affc-3f37be090605-SegmentedRaftLog:OPENED:c-1,f0,i0, conf=0: [67abc4f8-8424-4a13-a91f-3faee2bb56e5:192.168.36.85:44730, 4d51b372-1aca-44dd-a481-2d5d38da6b73:192.168.36.85:36387, efb90bff-72c5-4ce9-affc-3f37be090605:192.168.36.85:35511], old=null
2019-08-22 09:17:22,669 [efb90bff-72c5-4ce9-affc-3f37be090605:group-EF5DD0F5256D:LeaderElection73] INFO  impl.RoleInfo (RoleInfo.java:shutdownLeaderElection(134)) - efb90bff-72c5-4ce9-affc-3f37be090605: shutdown LeaderElection
2019-08-22 09:17:22,669 [efb90bff-72c5-4ce9-affc-3f37be090605:group-EF5DD0F5256D:LeaderElection73] INFO  impl.RaftServerImpl (RaftServerImpl.java:setRole(171)) - efb90bff-72c5-4ce9-affc-3f37be090605:group-EF5DD0F5256D changes role from CANDIDATE to LEADER at term 12 for changeToLeader
2019-08-22 09:17:22,669 [efb90bff-72c5-4ce9-affc-3f37be090605:group-EF5DD0F5256D:LeaderElection73] INFO  impl.RaftServerImpl (ServerState.java:setLeader(263)) - efb90bff-72c5-4ce9-affc-3f37be090605:group-EF5DD0F5256D change Leader from null to efb90bff-72c5-4ce9-affc-3f37be090605 at term 12 for becomeLeader, leader elected after 18487ms
2019-08-22 09:17:22,669 [efb90bff-72c5-4ce9-affc-3f37be090605:group-EF5DD0F5256D:LeaderElection73] INFO  server.RaftServerConfigKeys (ConfUtils.java:logGet(43)) - raft.server.staging.catchup.gap = 1000 (default)
2019-08-22 09:17:22,669 [efb90bff-72c5-4ce9-affc-3f37be090605:group-EF5DD0F5256D:LeaderElection73] INFO  server.RaftServerConfigKeys (ConfUtils.java:logGet(43)) - raft.server.rpc.sleep.time = 25ms (default)
2019-08-22 09:17:22,670 [efb90bff-72c5-4ce9-affc-3f37be090605:group-EF5DD0F5256D:LeaderElection73] INFO  server.RaftServerConfigKeys (ConfUtils.java:logGet(43)) - raft.server.write.element-limit = 4096 (default)
2019-08-22 09:17:22,670 [efb90bff-72c5-4ce9-affc-3f37be090605:group-EF5DD0F5256D:LeaderElection73] INFO  server.RaftServerConfigKeys (ConfUtils.java:logGet(43)) - raft.server.watch.timeout = 10s (default)
2019-08-22 09:17:22,670 [efb90bff-72c5-4ce9-affc-3f37be090605:group-EF5DD0F5256D:LeaderElection73] INFO  server.RaftServerConfigKeys (ConfUtils.java:logGet(43)) - raft.server.watch.timeout.denomination = 1s (default)
2019-08-22 09:17:22,670 [efb90bff-72c5-4ce9-affc-3f37be090605:group-EF5DD0F5256D:LeaderElection73] INFO  server.RaftServerConfigKeys (ConfUtils.java:logGet(43)) - raft.server.watch.element-limit = 65536 (default)
2019-08-22 09:17:22,670 [efb90bff-72c5-4ce9-affc-3f37be090605:group-EF5DD0F5256D:LeaderElection73] INFO  server.RaftServerConfigKeys (ConfUtils.java:logGet(43)) - raft.server.log.appender.snapshot.chunk.size.max = 16MB (=16777216) (default)
2019-08-22 09:17:22,670 [efb90bff-72c5-4ce9-affc-3f37be090605:group-EF5DD0F5256D:LeaderElection73] INFO  server.RaftServerConfigKeys (ConfUtils.java:logGet(43)) - raft.server.log.appender.buffer.byte-limit = 33554432 (custom)
2019-08-22 09:17:22,671 [efb90bff-72c5-4ce9-affc-3f37be090605:group-EF5DD0F5256D:LeaderElection73] INFO  server.RaftServerConfigKeys (ConfUtils.java:logGet(43)) - raft.server.log.appender.buffer.element-limit = 1 (custom)
2019-08-22 09:17:22,671 [efb90bff-72c5-4ce9-affc-3f37be090605:group-EF5DD0F5256D:LeaderElection73] INFO  grpc.GrpcConfigKeys$Server (ConfUtils.java:logGet(43)) - raft.grpc.server.leader.outstanding.appends.max = 128 (default)
2019-08-22 09:17:22,671 [efb90bff-72c5-4ce9-affc-3f37be090605:group-EF5DD0F5256D:LeaderElection73] INFO  server.RaftServerConfigKeys (ConfUtils.java:logGet(43)) - raft.server.rpc.request.timeout = 3000ms (default)
2019-08-22 09:17:22,671 [efb90bff-72c5-4ce9-affc-3f37be090605:group-EF5DD0F5256D:LeaderElection73] INFO  server.RaftServerConfigKeys (ConfUtils.java:logGet(43)) - raft.server.log.appender.install.snapshot.enabled = false (custom)
2019-08-22 09:17:22,671 [efb90bff-72c5-4ce9-affc-3f37be090605:group-EF5DD0F5256D:LeaderElection73] INFO  server.RaftServerConfigKeys (ConfUtils.java:logGet(43)) - raft.server.log.appender.snapshot.chunk.size.max = 16MB (=16777216) (default)
2019-08-22 09:17:22,671 [efb90bff-72c5-4ce9-affc-3f37be090605:group-EF5DD0F5256D:LeaderElection73] INFO  server.RaftServerConfigKeys (ConfUtils.java:logGet(43)) - raft.server.log.appender.buffer.byte-limit = 33554432 (custom)
2019-08-22 09:17:22,672 [efb90bff-72c5-4ce9-affc-3f37be090605:group-EF5DD0F5256D:LeaderElection73] INFO  server.RaftServerConfigKeys (ConfUtils.java:logGet(43)) - raft.server.log.appender.buffer.element-limit = 1 (custom)
2019-08-22 09:17:22,672 [efb90bff-72c5-4ce9-affc-3f37be090605:group-EF5DD0F5256D:LeaderElection73] INFO  grpc.GrpcConfigKeys$Server (ConfUtils.java:logGet(43)) - raft.grpc.server.leader.outstanding.appends.max = 128 (default)
2019-08-22 09:17:22,672 [efb90bff-72c5-4ce9-affc-3f37be090605:group-EF5DD0F5256D:LeaderElection73] INFO  server.RaftServerConfigKeys (ConfUtils.java:logGet(43)) - raft.server.rpc.request.timeout = 3000ms (default)
2019-08-22 09:17:22,672 [efb90bff-72c5-4ce9-affc-3f37be090605:group-EF5DD0F5256D:LeaderElection73] INFO  server.RaftServerConfigKeys (ConfUtils.java:logGet(43)) - raft.server.log.appender.install.snapshot.enabled = false (custom)
2019-08-22 09:17:22,672 [efb90bff-72c5-4ce9-affc-3f37be090605:group-EF5DD0F5256D:LeaderElection73] INFO  impl.RoleInfo (RoleInfo.java:updateAndGet(143)) - efb90bff-72c5-4ce9-affc-3f37be090605: start LeaderState
2019-08-22 09:17:22,672 [efb90bff-72c5-4ce9-affc-3f37be090605:group-EF5DD0F5256D:LeaderElection73] INFO  segmented.SegmentedRaftLogWorker (SegmentedRaftLogWorker.java:rollLogSegment(385)) - efb90bff-72c5-4ce9-affc-3f37be090605-SegmentedRaftLogWorker:Storage Directory /workdir/hadoop-ozone/integration-test/target/test-dir/MiniOzoneClusterImpl-b4094933-c81e-4e47-9f4e-b6682d02a4e3/datanode-3/data/ratis/e1a9f66e-de0f-4eaa-b925-ef5dd0f5256d: Rolling segment log-0_0 to index:0
2019-08-22 09:17:22,673 [efb90bff-72c5-4ce9-affc-3f37be090605-SegmentedRaftLogWorker:Storage Directory /workdir/hadoop-ozone/integration-test/target/test-dir/MiniOzoneClusterImpl-b4094933-c81e-4e47-9f4e-b6682d02a4e3/datanode-3/data/ratis/e1a9f66e-de0f-4eaa-b925-ef5dd0f5256d] INFO  segmented.SegmentedRaftLogWorker (SegmentedRaftLogWorker.java:execute(526)) - efb90bff-72c5-4ce9-affc-3f37be090605-SegmentedRaftLogWorker:Storage Directory /workdir/hadoop-ozone/integration-test/target/test-dir/MiniOzoneClusterImpl-b4094933-c81e-4e47-9f4e-b6682d02a4e3/datanode-3/data/ratis/e1a9f66e-de0f-4eaa-b925-ef5dd0f5256d: Rolled log segment from /workdir/hadoop-ozone/integration-test/target/test-dir/MiniOzoneClusterImpl-b4094933-c81e-4e47-9f4e-b6682d02a4e3/datanode-3/data/ratis/e1a9f66e-de0f-4eaa-b925-ef5dd0f5256d/current/log_inprogress_0 to /workdir/hadoop-ozone/integration-test/target/test-dir/MiniOzoneClusterImpl-b4094933-c81e-4e47-9f4e-b6682d02a4e3/datanode-3/data/ratis/e1a9f66e-de0f-4eaa-b925-ef5dd0f5256d/current/log_0-0
2019-08-22 09:17:22,673 [efb90bff-72c5-4ce9-affc-3f37be090605:group-EF5DD0F5256D:LeaderElection73] INFO  impl.RaftServerImpl (ServerState.java:setRaftConf(361)) - efb90bff-72c5-4ce9-affc-3f37be090605:group-EF5DD0F5256D set configuration 1: [67abc4f8-8424-4a13-a91f-3faee2bb56e5:192.168.36.85:44730, 4d51b372-1aca-44dd-a481-2d5d38da6b73:192.168.36.85:36387, efb90bff-72c5-4ce9-affc-3f37be090605:192.168.36.85:35511], old=null at 1
2019-08-22 09:17:22,675 [grpc-default-executor-1] INFO  impl.RaftServerImpl (ServerState.java:setLeader(263)) - 67abc4f8-8424-4a13-a91f-3faee2bb56e5:group-EF5DD0F5256D change Leader from null to efb90bff-72c5-4ce9-affc-3f37be090605 at term 12 for appendEntries, leader elected after 19697ms
2019-08-22 09:17:22,675 [grpc-default-executor-1] INFO  impl.RaftServerImpl (RaftServerImpl.java:checkInconsistentAppendEntries(999)) - 67abc4f8-8424-4a13-a91f-3faee2bb56e5: Failed appendEntries as previous log entry ((t:1, i:0)) is not found
2019-08-22 09:17:22,675 [grpc-default-executor-1] INFO  impl.RaftServerImpl (RaftServerImpl.java:checkInconsistentAppendEntries(972)) - 67abc4f8-8424-4a13-a91f-3faee2bb56e5: inconsistency entries. Reply:efb90bff-72c5-4ce9-affc-3f37be090605<-67abc4f8-8424-4a13-a91f-3faee2bb56e5#0:FAIL,INCONSISTENCY,nextIndex:0,term:12,followerCommit:-1
2019-08-22 09:17:22,675 [grpc-default-executor-3] INFO  impl.RaftServerImpl (ServerState.java:setLeader(263)) - 4d51b372-1aca-44dd-a481-2d5d38da6b73:group-EF5DD0F5256D change Leader from null to efb90bff-72c5-4ce9-affc-3f37be090605 at term 12 for appendEntries, leader elected after 18502ms
2019-08-22 09:17:22,677 [grpc-default-executor-1] INFO  impl.FollowerInfo (FollowerInfo.java:lambda$new$0(50)) - efb90bff-72c5-4ce9-affc-3f37be090605->67abc4f8-8424-4a13-a91f-3faee2bb56e5: nextIndex: updateUnconditionally 1 -> 0
2019-08-22 09:17:22,678 [grpc-default-executor-1] INFO  impl.RaftServerImpl (ServerState.java:setRaftConf(361)) - 4d51b372-1aca-44dd-a481-2d5d38da6b73:group-EF5DD0F5256D set configuration 1: [67abc4f8-8424-4a13-a91f-3faee2bb56e5:192.168.36.85:44730, 4d51b372-1aca-44dd-a481-2d5d38da6b73:192.168.36.85:36387, efb90bff-72c5-4ce9-affc-3f37be090605:192.168.36.85:35511], old=null at 1
2019-08-22 09:17:22,678 [grpc-default-executor-3] INFO  impl.RaftServerImpl (ServerState.java:setRaftConf(361)) - 67abc4f8-8424-4a13-a91f-3faee2bb56e5:group-EF5DD0F5256D set configuration 0: [67abc4f8-8424-4a13-a91f-3faee2bb56e5:192.168.36.85:44730, 4d51b372-1aca-44dd-a481-2d5d38da6b73:192.168.36.85:36387, efb90bff-72c5-4ce9-affc-3f37be090605:192.168.36.85:35511], old=null at 0
2019-08-22 09:17:22,678 [grpc-default-executor-1] INFO  segmented.SegmentedRaftLogWorker (SegmentedRaftLogWorker.java:rollLogSegment(385)) - 4d51b372-1aca-44dd-a481-2d5d38da6b73-SegmentedRaftLogWorker:Storage Directory /workdir/hadoop-ozone/integration-test/target/test-dir/MiniOzoneClusterImpl-b4094933-c81e-4e47-9f4e-b6682d02a4e3/datanode-4/data/ratis/e1a9f66e-de0f-4eaa-b925-ef5dd0f5256d: Rolling segment log-0_0 to index:0
2019-08-22 09:17:22,678 [grpc-default-executor-3] INFO  segmented.SegmentedRaftLogWorker (SegmentedRaftLogWorker.java:startLogSegment(380)) - 67abc4f8-8424-4a13-a91f-3faee2bb56e5-SegmentedRaftLogWorker:Storage Directory /workdir/hadoop-ozone/integration-test/target/test-dir/MiniOzoneClusterImpl-b4094933-c81e-4e47-9f4e-b6682d02a4e3/datanode-5/data/ratis/e1a9f66e-de0f-4eaa-b925-ef5dd0f5256d: Starting segment from index:0
2019-08-22 09:17:22,679 [4d51b372-1aca-44dd-a481-2d5d38da6b73-SegmentedRaftLogWorker:Storage Directory /workdir/hadoop-ozone/integration-test/target/test-dir/MiniOzoneClusterImpl-b4094933-c81e-4e47-9f4e-b6682d02a4e3/datanode-4/data/ratis/e1a9f66e-de0f-4eaa-b925-ef5dd0f5256d] INFO  segmented.SegmentedRaftLogWorker (SegmentedRaftLogWorker.java:execute(526)) - 4d51b372-1aca-44dd-a481-2d5d38da6b73-SegmentedRaftLogWorker:Storage Directory /workdir/hadoop-ozone/integration-test/target/test-dir/MiniOzoneClusterImpl-b4094933-c81e-4e47-9f4e-b6682d02a4e3/datanode-4/data/ratis/e1a9f66e-de0f-4eaa-b925-ef5dd0f5256d: Rolled log segment from /workdir/hadoop-ozone/integration-test/target/test-dir/MiniOzoneClusterImpl-b4094933-c81e-4e47-9f4e-b6682d02a4e3/datanode-4/data/ratis/e1a9f66e-de0f-4eaa-b925-ef5dd0f5256d/current/log_inprogress_0 to /workdir/hadoop-ozone/integration-test/target/test-dir/MiniOzoneClusterImpl-b4094933-c81e-4e47-9f4e-b6682d02a4e3/datanode-4/data/ratis/e1a9f66e-de0f-4eaa-b925-ef5dd0f5256d/current/log_0-0
2019-08-22 09:17:22,679 [grpc-default-executor-3] INFO  impl.RaftServerImpl (ServerState.java:setRaftConf(361)) - 67abc4f8-8424-4a13-a91f-3faee2bb56e5:group-EF5DD0F5256D set configuration 1: [67abc4f8-8424-4a13-a91f-3faee2bb56e5:192.168.36.85:44730, 4d51b372-1aca-44dd-a481-2d5d38da6b73:192.168.36.85:36387, efb90bff-72c5-4ce9-affc-3f37be090605:192.168.36.85:35511], old=null at 1
2019-08-22 09:17:22,679 [grpc-default-executor-3] INFO  segmented.SegmentedRaftLogWorker (SegmentedRaftLogWorker.java:rollLogSegment(385)) - 67abc4f8-8424-4a13-a91f-3faee2bb56e5-SegmentedRaftLogWorker:Storage Directory /workdir/hadoop-ozone/integration-test/target/test-dir/MiniOzoneClusterImpl-b4094933-c81e-4e47-9f4e-b6682d02a4e3/datanode-5/data/ratis/e1a9f66e-de0f-4eaa-b925-ef5dd0f5256d: Rolling segment log-0_0 to index:0
2019-08-22 09:17:22,714 [grpc-default-executor-3] WARN  server.GrpcLogAppender (LogUtils.java:warn(134)) - 8e0331fc-a6ad-49c6-b07b-7e2a4ec9a890->d22de7f6-7510-48e4-8f97-1191f0294a01: Failed appendEntries: org.apache.ratis.thirdparty.io.grpc.StatusRuntimeException: UNAVAILABLE: io exception
2019-08-22 09:17:22,715 [grpc-default-executor-3] INFO  impl.FollowerInfo (FollowerInfo.java:lambda$new$0(50)) - 8e0331fc-a6ad-49c6-b07b-7e2a4ec9a890->d22de7f6-7510-48e4-8f97-1191f0294a01: nextIndex: updateUnconditionally 11 -> 10
2019-08-22 09:17:22,736 [67abc4f8-8424-4a13-a91f-3faee2bb56e5-SegmentedRaftLogWorker:Storage Directory /workdir/hadoop-ozone/integration-test/target/test-dir/MiniOzoneClusterImpl-b4094933-c81e-4e47-9f4e-b6682d02a4e3/datanode-5/data/ratis/e1a9f66e-de0f-4eaa-b925-ef5dd0f5256d] INFO  segmented.SegmentedRaftLogWorker (SegmentedRaftLogWorker.java:execute(569)) - 67abc4f8-8424-4a13-a91f-3faee2bb56e5-SegmentedRaftLogWorker:Storage Directory /workdir/hadoop-ozone/integration-test/target/test-dir/MiniOzoneClusterImpl-b4094933-c81e-4e47-9f4e-b6682d02a4e3/datanode-5/data/ratis/e1a9f66e-de0f-4eaa-b925-ef5dd0f5256d: created new log segment /workdir/hadoop-ozone/integration-test/target/test-dir/MiniOzoneClusterImpl-b4094933-c81e-4e47-9f4e-b6682d02a4e3/datanode-5/data/ratis/e1a9f66e-de0f-4eaa-b925-ef5dd0f5256d/current/log_inprogress_0
2019-08-22 09:17:22,736 [efb90bff-72c5-4ce9-affc-3f37be090605-SegmentedRaftLogWorker:Storage Directory /workdir/hadoop-ozone/integration-test/target/test-dir/MiniOzoneClusterImpl-b4094933-c81e-4e47-9f4e-b6682d02a4e3/datanode-3/data/ratis/e1a9f66e-de0f-4eaa-b925-ef5dd0f5256d] INFO  segmented.SegmentedRaftLogWorker (SegmentedRaftLogWorker.java:execute(569)) - efb90bff-72c5-4ce9-affc-3f37be090605-SegmentedRaftLogWorker:Storage Directory /workdir/hadoop-ozone/integration-test/target/test-dir/MiniOzoneClusterImpl-b4094933-c81e-4e47-9f4e-b6682d02a4e3/datanode-3/data/ratis/e1a9f66e-de0f-4eaa-b925-ef5dd0f5256d: created new log segment /workdir/hadoop-ozone/integration-test/target/test-dir/MiniOzoneClusterImpl-b4094933-c81e-4e47-9f4e-b6682d02a4e3/datanode-3/data/ratis/e1a9f66e-de0f-4eaa-b925-ef5dd0f5256d/current/log_inprogress_1
2019-08-22 09:17:22,736 [4d51b372-1aca-44dd-a481-2d5d38da6b73-SegmentedRaftLogWorker:Storage Directory /workdir/hadoop-ozone/integration-test/target/test-dir/MiniOzoneClusterImpl-b4094933-c81e-4e47-9f4e-b6682d02a4e3/datanode-4/data/ratis/e1a9f66e-de0f-4eaa-b925-ef5dd0f5256d] INFO  segmented.SegmentedRaftLogWorker (SegmentedRaftLogWorker.java:execute(569)) - 4d51b372-1aca-44dd-a481-2d5d38da6b73-SegmentedRaftLogWorker:Storage Directory /workdir/hadoop-ozone/integration-test/target/test-dir/MiniOzoneClusterImpl-b4094933-c81e-4e47-9f4e-b6682d02a4e3/datanode-4/data/ratis/e1a9f66e-de0f-4eaa-b925-ef5dd0f5256d: created new log segment /workdir/hadoop-ozone/integration-test/target/test-dir/MiniOzoneClusterImpl-b4094933-c81e-4e47-9f4e-b6682d02a4e3/datanode-4/data/ratis/e1a9f66e-de0f-4eaa-b925-ef5dd0f5256d/current/log_inprogress_1
2019-08-22 09:17:22,739 [67abc4f8-8424-4a13-a91f-3faee2bb56e5-SegmentedRaftLogWorker:Storage Directory /workdir/hadoop-ozone/integration-test/target/test-dir/MiniOzoneClusterImpl-b4094933-c81e-4e47-9f4e-b6682d02a4e3/datanode-5/data/ratis/e1a9f66e-de0f-4eaa-b925-ef5dd0f5256d] INFO  segmented.SegmentedRaftLogWorker (SegmentedRaftLogWorker.java:execute(526)) - 67abc4f8-8424-4a13-a91f-3faee2bb56e5-SegmentedRaftLogWorker:Storage Directory /workdir/hadoop-ozone/integration-test/target/test-dir/MiniOzoneClusterImpl-b4094933-c81e-4e47-9f4e-b6682d02a4e3/datanode-5/data/ratis/e1a9f66e-de0f-4eaa-b925-ef5dd0f5256d: Rolled log segment from /workdir/hadoop-ozone/integration-test/target/test-dir/MiniOzoneClusterImpl-b4094933-c81e-4e47-9f4e-b6682d02a4e3/datanode-5/data/ratis/e1a9f66e-de0f-4eaa-b925-ef5dd0f5256d/current/log_inprogress_0 to /workdir/hadoop-ozone/integration-test/target/test-dir/MiniOzoneClusterImpl-b4094933-c81e-4e47-9f4e-b6682d02a4e3/datanode-5/data/ratis/e1a9f66e-de0f-4eaa-b925-ef5dd0f5256d/current/log_0-0
2019-08-22 09:17:22,791 [67abc4f8-8424-4a13-a91f-3faee2bb56e5-SegmentedRaftLogWorker:Storage Directory /workdir/hadoop-ozone/integration-test/target/test-dir/MiniOzoneClusterImpl-b4094933-c81e-4e47-9f4e-b6682d02a4e3/datanode-5/data/ratis/e1a9f66e-de0f-4eaa-b925-ef5dd0f5256d] INFO  segmented.SegmentedRaftLogWorker (SegmentedRaftLogWorker.java:execute(569)) - 67abc4f8-8424-4a13-a91f-3faee2bb56e5-SegmentedRaftLogWorker:Storage Directory /workdir/hadoop-ozone/integration-test/target/test-dir/MiniOzoneClusterImpl-b4094933-c81e-4e47-9f4e-b6682d02a4e3/datanode-5/data/ratis/e1a9f66e-de0f-4eaa-b925-ef5dd0f5256d: created new log segment /workdir/hadoop-ozone/integration-test/target/test-dir/MiniOzoneClusterImpl-b4094933-c81e-4e47-9f4e-b6682d02a4e3/datanode-5/data/ratis/e1a9f66e-de0f-4eaa-b925-ef5dd0f5256d/current/log_inprogress_1
2019-08-22 09:17:22,812 | INFO  | SCMAudit | user=jenkins1000 | ip=192.168.36.85 | op=SEND_HEARTBEAT {datanodeUUID=67abc4f8-8424-4a13-a91f-3faee2bb56e5, command=[]} | ret=SUCCESS |  
2019-08-22 09:17:23,150 | INFO  | SCMAudit | user=jenkins1000 | ip=192.168.36.85 | op=SEND_HEARTBEAT {datanodeUUID=093f9392-15a1-447b-85fb-4daaec7caf94, command=[]} | ret=SUCCESS |  
2019-08-22 09:17:23,215 [grpc-default-executor-1] WARN  server.GrpcLogAppender (LogUtils.java:warn(134)) - 8e0331fc-a6ad-49c6-b07b-7e2a4ec9a890->d22de7f6-7510-48e4-8f97-1191f0294a01: Failed appendEntries: org.apache.ratis.thirdparty.io.grpc.StatusRuntimeException: UNAVAILABLE: io exception
2019-08-22 09:17:23,216 [grpc-default-executor-1] INFO  impl.FollowerInfo (FollowerInfo.java:lambda$new$0(50)) - 8e0331fc-a6ad-49c6-b07b-7e2a4ec9a890->d22de7f6-7510-48e4-8f97-1191f0294a01: nextIndex: updateUnconditionally 10 -> 9
2019-08-22 09:17:23,353 | INFO  | SCMAudit | user=jenkins1000 | ip=192.168.36.85 | op=SEND_HEARTBEAT {datanodeUUID=efb90bff-72c5-4ce9-affc-3f37be090605, command=[]} | ret=SUCCESS |  
2019-08-22 09:17:23,558 | INFO  | SCMAudit | user=jenkins1000 | ip=192.168.36.85 | op=SEND_HEARTBEAT {datanodeUUID=4d51b372-1aca-44dd-a481-2d5d38da6b73, command=[]} | ret=SUCCESS |  
2019-08-22 09:17:23,716 [grpc-default-executor-4] WARN  server.GrpcLogAppender (LogUtils.java:warn(134)) - 8e0331fc-a6ad-49c6-b07b-7e2a4ec9a890->d22de7f6-7510-48e4-8f97-1191f0294a01: Failed appendEntries: org.apache.ratis.thirdparty.io.grpc.StatusRuntimeException: UNAVAILABLE: io exception
2019-08-22 09:17:23,717 [grpc-default-executor-4] INFO  impl.FollowerInfo (FollowerInfo.java:lambda$new$0(50)) - 8e0331fc-a6ad-49c6-b07b-7e2a4ec9a890->d22de7f6-7510-48e4-8f97-1191f0294a01: nextIndex: updateUnconditionally 9 -> 8
2019-08-22 09:17:23,811 | INFO  | SCMAudit | user=jenkins1000 | ip=192.168.36.85 | op=SEND_HEARTBEAT {datanodeUUID=67abc4f8-8424-4a13-a91f-3faee2bb56e5, command=[]} | ret=SUCCESS |  
2019-08-22 09:17:24,068 [main] INFO  ozoneimpl.OzoneContainer (OzoneContainer.java:stop(199)) - Attempting to stop container services.
2019-08-22 09:17:24,069 [main] INFO  impl.RaftServerProxy (RaftServerProxy.java:lambda$close$4(314)) - 8e0331fc-a6ad-49c6-b07b-7e2a4ec9a890: close
2019-08-22 09:17:24,069 [main] INFO  impl.RaftServerImpl (RaftServerImpl.java:lambda$shutdown$3(245)) - 8e0331fc-a6ad-49c6-b07b-7e2a4ec9a890: shutdown group-1D662FBA22E7
2019-08-22 09:17:24,069 [ForkJoinPool.commonPool-worker-0] INFO  impl.RaftServerImpl (RaftServerImpl.java:lambda$shutdown$3(245)) - 8e0331fc-a6ad-49c6-b07b-7e2a4ec9a890: shutdown group-D53B9E930755
2019-08-22 09:17:24,070 [main] INFO  util.JmxRegister (JmxRegister.java:unregister(73)) - Successfully un-registered JMX Bean with object name Ratis:service=RaftServer,group=group-1D662FBA22E7,id=8e0331fc-a6ad-49c6-b07b-7e2a4ec9a890
2019-08-22 09:17:24,070 [main] INFO  impl.RoleInfo (RoleInfo.java:shutdownLeaderState(104)) - 8e0331fc-a6ad-49c6-b07b-7e2a4ec9a890: shutdown LeaderState
2019-08-22 09:17:24,070 [ForkJoinPool.commonPool-worker-0] INFO  util.JmxRegister (JmxRegister.java:unregister(73)) - Successfully un-registered JMX Bean with object name Ratis:service=RaftServer,group=group-D53B9E930755,id=8e0331fc-a6ad-49c6-b07b-7e2a4ec9a890
2019-08-22 09:17:24,071 [main] INFO  impl.PendingRequests (PendingRequests.java:sendNotLeaderResponses(202)) - 8e0331fc-a6ad-49c6-b07b-7e2a4ec9a890-PendingRequests: sendNotLeaderResponses
2019-08-22 09:17:24,071 [ForkJoinPool.commonPool-worker-0] INFO  impl.RoleInfo (RoleInfo.java:shutdownLeaderState(104)) - 8e0331fc-a6ad-49c6-b07b-7e2a4ec9a890: shutdown LeaderState
2019-08-22 09:17:24,072 [main] INFO  impl.StateMachineUpdater (StateMachineUpdater.java:stopAndJoin(115)) - StateMachineUpdater:8e0331fc-a6ad-49c6-b07b-7e2a4ec9a890:group-1D662FBA22E7: set stopIndex = 0
2019-08-22 09:17:24,077 [main] INFO  impl.RaftServerImpl (ServerState.java:close(394)) - 8e0331fc-a6ad-49c6-b07b-7e2a4ec9a890:group-1D662FBA22E7 closes. The last applied log index is 0
2019-08-22 09:17:24,077 [org.apache.ratis.server.impl.LogAppender$AppenderDaemon$$Lambda$363/153538228@29bcfd1a] WARN  server.GrpcLogAppender (GrpcLogAppender.java:mayWait(143)) - GrpcLogAppender(8e0331fc-a6ad-49c6-b07b-7e2a4ec9a890->d22de7f6-7510-48e4-8f97-1191f0294a01): Wait interrupted by java.lang.InterruptedException
2019-08-22 09:17:24,078 [8e0331fc-a6ad-49c6-b07b-7e2a4ec9a890-SegmentedRaftLogWorker:Storage Directory /workdir/hadoop-ozone/integration-test/target/test-dir/MiniOzoneClusterImpl-b4094933-c81e-4e47-9f4e-b6682d02a4e3/datanode-2/data/ratis/b6779e4c-b207-4d36-b110-1d662fba22e7] INFO  segmented.SegmentedRaftLogWorker (SegmentedRaftLogWorker.java:run(313)) - 8e0331fc-a6ad-49c6-b07b-7e2a4ec9a890-SegmentedRaftLogWorker:Storage Directory /workdir/hadoop-ozone/integration-test/target/test-dir/MiniOzoneClusterImpl-b4094933-c81e-4e47-9f4e-b6682d02a4e3/datanode-2/data/ratis/b6779e4c-b207-4d36-b110-1d662fba22e7 was interrupted, exiting. There are 0 tasks remaining in the queue.
2019-08-22 09:17:24,077 [org.apache.ratis.server.impl.LogAppender$AppenderDaemon$$Lambda$363/153538228@6cbe7649] WARN  server.GrpcLogAppender (GrpcLogAppender.java:mayWait(143)) - GrpcLogAppender(8e0331fc-a6ad-49c6-b07b-7e2a4ec9a890->093f9392-15a1-447b-85fb-4daaec7caf94): Wait interrupted by java.lang.InterruptedException
2019-08-22 09:17:24,077 [ForkJoinPool.commonPool-worker-0] INFO  impl.PendingRequests (PendingRequests.java:sendNotLeaderResponses(202)) - 8e0331fc-a6ad-49c6-b07b-7e2a4ec9a890-PendingRequests: sendNotLeaderResponses
2019-08-22 09:17:24,080 [main] INFO  segmented.SegmentedRaftLogWorker (SegmentedRaftLogWorker.java:close(228)) - 8e0331fc-a6ad-49c6-b07b-7e2a4ec9a890-SegmentedRaftLogWorker:Storage Directory /workdir/hadoop-ozone/integration-test/target/test-dir/MiniOzoneClusterImpl-b4094933-c81e-4e47-9f4e-b6682d02a4e3/datanode-2/data/ratis/b6779e4c-b207-4d36-b110-1d662fba22e7 close()
2019-08-22 09:17:24,081 [grpc-default-executor-4] INFO  server.GrpcServerProtocolService (GrpcServerProtocolService.java:onCompleted(104)) - 093f9392-15a1-447b-85fb-4daaec7caf94: appendEntries completed
2019-08-22 09:17:24,103 [StateMachineUpdater:8e0331fc-a6ad-49c6-b07b-7e2a4ec9a890:group-D53B9E930755] INFO  ratis.ContainerStateMachine (ContainerStateMachine.java:takeSnapshot(283)) - group-D53B9E930755: Taking a snapshot at:(t:1, i:18) file /workdir/hadoop-ozone/integration-test/target/test-dir/MiniOzoneClusterImpl-b4094933-c81e-4e47-9f4e-b6682d02a4e3/datanode-2/data/ratis/842c8521-cd23-4f59-9d81-d53b9e930755/sm/snapshot.1_18
2019-08-22 09:17:24,102 [ForkJoinPool.commonPool-worker-0] INFO  impl.StateMachineUpdater (StateMachineUpdater.java:stopAndJoin(115)) - StateMachineUpdater:8e0331fc-a6ad-49c6-b07b-7e2a4ec9a890:group-D53B9E930755: set stopIndex = 18
2019-08-22 09:17:24,104 [grpc-default-executor-1] INFO  server.GrpcLogAppender (GrpcLogAppender.java:onCompleted(292)) - 8e0331fc-a6ad-49c6-b07b-7e2a4ec9a890->093f9392-15a1-447b-85fb-4daaec7caf94: follower responses appendEntries COMPLETED
2019-08-22 09:17:24,104 [grpc-default-executor-1] INFO  impl.FollowerInfo (FollowerInfo.java:lambda$new$0(50)) - 8e0331fc-a6ad-49c6-b07b-7e2a4ec9a890->093f9392-15a1-447b-85fb-4daaec7caf94: nextIndex: updateUnconditionally 19 -> 18
2019-08-22 09:17:24,150 | INFO  | SCMAudit | user=jenkins1000 | ip=192.168.36.85 | op=SEND_HEARTBEAT {datanodeUUID=093f9392-15a1-447b-85fb-4daaec7caf94, command=[]} | ret=SUCCESS |  
2019-08-22 09:17:24,353 | INFO  | SCMAudit | user=jenkins1000 | ip=192.168.36.85 | op=SEND_HEARTBEAT {datanodeUUID=efb90bff-72c5-4ce9-affc-3f37be090605, command=[]} | ret=SUCCESS |  
2019-08-22 09:17:24,556 | INFO  | SCMAudit | user=jenkins1000 | ip=192.168.36.85 | op=SEND_HEARTBEAT {datanodeUUID=4d51b372-1aca-44dd-a481-2d5d38da6b73, command=[]} | ret=SUCCESS |  
2019-08-22 09:17:24,760 [StateMachineUpdater:8e0331fc-a6ad-49c6-b07b-7e2a4ec9a890:group-D53B9E930755] INFO  ratis.ContainerStateMachine (ContainerStateMachine.java:takeSnapshot(294)) - group-D53B9E930755: Finished taking a snapshot at:(t:1, i:18) file:/workdir/hadoop-ozone/integration-test/target/test-dir/MiniOzoneClusterImpl-b4094933-c81e-4e47-9f4e-b6682d02a4e3/datanode-2/data/ratis/842c8521-cd23-4f59-9d81-d53b9e930755/sm/snapshot.1_18 time:657
2019-08-22 09:17:24,761 [StateMachineUpdater:8e0331fc-a6ad-49c6-b07b-7e2a4ec9a890:group-D53B9E930755] INFO  impl.StateMachineUpdater (StateMachineUpdater.java:takeSnapshot(242)) - StateMachineUpdater:8e0331fc-a6ad-49c6-b07b-7e2a4ec9a890:group-D53B9E930755: Took a snapshot at index 18
2019-08-22 09:17:24,761 [StateMachineUpdater:8e0331fc-a6ad-49c6-b07b-7e2a4ec9a890:group-D53B9E930755] INFO  impl.StateMachineUpdater (StateMachineUpdater.java:lambda$new$0(80)) - StateMachineUpdater:8e0331fc-a6ad-49c6-b07b-7e2a4ec9a890:group-D53B9E930755: snapshotIndex: updateIncreasingly -1 -> 18
2019-08-22 09:17:24,761 [ForkJoinPool.commonPool-worker-0] INFO  impl.RaftServerImpl (ServerState.java:close(394)) - 8e0331fc-a6ad-49c6-b07b-7e2a4ec9a890:group-D53B9E930755 closes. The last applied log index is 18
2019-08-22 09:17:24,762 [8e0331fc-a6ad-49c6-b07b-7e2a4ec9a890-SegmentedRaftLogWorker:Storage Directory /workdir/hadoop-ozone/integration-test/target/test-dir/MiniOzoneClusterImpl-b4094933-c81e-4e47-9f4e-b6682d02a4e3/datanode-2/data/ratis/842c8521-cd23-4f59-9d81-d53b9e930755] INFO  segmented.SegmentedRaftLogWorker (SegmentedRaftLogWorker.java:run(313)) - 8e0331fc-a6ad-49c6-b07b-7e2a4ec9a890-SegmentedRaftLogWorker:Storage Directory /workdir/hadoop-ozone/integration-test/target/test-dir/MiniOzoneClusterImpl-b4094933-c81e-4e47-9f4e-b6682d02a4e3/datanode-2/data/ratis/842c8521-cd23-4f59-9d81-d53b9e930755 was interrupted, exiting. There are 0 tasks remaining in the queue.
2019-08-22 09:17:24,765 [ForkJoinPool.commonPool-worker-0] INFO  segmented.SegmentedRaftLogWorker (SegmentedRaftLogWorker.java:close(228)) - 8e0331fc-a6ad-49c6-b07b-7e2a4ec9a890-SegmentedRaftLogWorker:Storage Directory /workdir/hadoop-ozone/integration-test/target/test-dir/MiniOzoneClusterImpl-b4094933-c81e-4e47-9f4e-b6682d02a4e3/datanode-2/data/ratis/842c8521-cd23-4f59-9d81-d53b9e930755 close()
2019-08-22 09:17:24,768 [main] INFO  server.GrpcService (GrpcService.java:closeImpl(155)) - 8e0331fc-a6ad-49c6-b07b-7e2a4ec9a890: shutdown server with port 46730 now
2019-08-22 09:17:24,769 [grpc-default-executor-4] WARN  client.GrpcClientProtocolService (LogUtils.java:warn(134)) - 1-UnorderedRequestStreamObserver1: onError: org.apache.ratis.thirdparty.io.grpc.StatusRuntimeException: CANCELLED: cancelled before receiving half close
2019-08-22 09:17:24,769 [main] INFO  server.GrpcService (GrpcService.java:closeImpl(163)) - 8e0331fc-a6ad-49c6-b07b-7e2a4ec9a890: shutdown server with port 46730 successfully
2019-08-22 09:17:24,773 [main] INFO  utils.BackgroundService (BackgroundService.java:shutdown(148)) - Shutting down service BlockDeletingService
2019-08-22 09:17:24,775 [refreshUsed-/workdir/hadoop-ozone/integration-test/target/test-dir/MiniOzoneClusterImpl-b4094933-c81e-4e47-9f4e-b6682d02a4e3/datanode-2/data/containers] WARN  fs.CachingGetSpaceUsed (CachingGetSpaceUsed.java:run(183)) - Thread Interrupted waiting to refresh disk information: sleep interrupted
2019-08-22 09:17:24,806 [main] INFO  statemachine.DatanodeStateMachine (DatanodeStateMachine.java:stopDaemon(395)) - Ozone container server stopped.
2019-08-22 09:17:24,808 [main] INFO  handler.ContextHandler (ContextHandler.java:doStop(910)) - Stopped o.e.j.w.WebAppContext@4805069b{/,null,UNAVAILABLE}{/hddsDatanode}
2019-08-22 09:17:24,809 [main] INFO  server.AbstractConnector (AbstractConnector.java:doStop(318)) - Stopped ServerConnector@14ca88bc{HTTP/1.1,[http/1.1]}{0.0.0.0:0}
2019-08-22 09:17:24,809 [main] INFO  handler.ContextHandler (ContextHandler.java:doStop(910)) - Stopped o.e.j.s.ServletContextHandler@7404aff2{/static,jar:file:/home/user/.m2/repository/org/apache/hadoop/hadoop-hdds-container-service/0.5.0-SNAPSHOT/hadoop-hdds-container-service-0.5.0-SNAPSHOT.jar!/webapps/static,UNAVAILABLE}
2019-08-22 09:17:24,810 [main] INFO  handler.ContextHandler (ContextHandler.java:doStop(910)) - Stopped o.e.j.s.ServletContextHandler@4a41caed{/logs,file:///workdir/hadoop-ozone/integration-test/target/log,UNAVAILABLE}
2019-08-22 09:17:24,812 | INFO  | SCMAudit | user=jenkins1000 | ip=192.168.36.85 | op=SEND_HEARTBEAT {datanodeUUID=67abc4f8-8424-4a13-a91f-3faee2bb56e5, command=[]} | ret=SUCCESS |  
2019-08-22 09:17:25,150 | INFO  | SCMAudit | user=jenkins1000 | ip=192.168.36.85 | op=SEND_HEARTBEAT {datanodeUUID=093f9392-15a1-447b-85fb-4daaec7caf94, command=[]} | ret=SUCCESS |  
2019-08-22 09:17:25,203 [Thread-1346] INFO  impl.FollowerState (FollowerState.java:run(106)) - 093f9392-15a1-447b-85fb-4daaec7caf94:group-D53B9E930755 changes to CANDIDATE, lastRpcTime:1479, electionTimeout:1064ms
2019-08-22 09:17:25,203 [Thread-1346] INFO  impl.RoleInfo (RoleInfo.java:shutdownFollowerState(121)) - 093f9392-15a1-447b-85fb-4daaec7caf94: shutdown FollowerState
2019-08-22 09:17:25,203 [Thread-1346] INFO  impl.RaftServerImpl (RaftServerImpl.java:setRole(171)) - 093f9392-15a1-447b-85fb-4daaec7caf94:group-D53B9E930755 changes role from FOLLOWER to CANDIDATE at term 1 for changeToCandidate
2019-08-22 09:17:25,203 [Thread-1346] INFO  impl.RoleInfo (RoleInfo.java:updateAndGet(143)) - 093f9392-15a1-447b-85fb-4daaec7caf94: start LeaderElection
2019-08-22 09:17:25,204 [093f9392-15a1-447b-85fb-4daaec7caf94:group-D53B9E930755:LeaderElection74] INFO  impl.RaftServerImpl (ServerState.java:setLeader(263)) - 093f9392-15a1-447b-85fb-4daaec7caf94:group-D53B9E930755 change Leader from 8e0331fc-a6ad-49c6-b07b-7e2a4ec9a890 to null at term 1 for initElection
2019-08-22 09:17:25,219 [093f9392-15a1-447b-85fb-4daaec7caf94:group-D53B9E930755:LeaderElection74] INFO  impl.LeaderElection (LeaderElection.java:askForVotes(181)) - 093f9392-15a1-447b-85fb-4daaec7caf94:group-D53B9E930755:LeaderElection74: begin an election at term 2 for 0: [d22de7f6-7510-48e4-8f97-1191f0294a01:192.168.36.85:43465, 8e0331fc-a6ad-49c6-b07b-7e2a4ec9a890:192.168.36.85:46730, 093f9392-15a1-447b-85fb-4daaec7caf94:192.168.36.85:46381], old=null
2019-08-22 09:17:25,223 [093f9392-15a1-447b-85fb-4daaec7caf94:group-D53B9E930755:LeaderElection74] INFO  impl.LeaderElection (LogUtils.java:infoOrTrace(149)) - 093f9392-15a1-447b-85fb-4daaec7caf94:group-D53B9E930755:LeaderElection74 got exception when requesting votes: {}
java.util.concurrent.ExecutionException: org.apache.ratis.thirdparty.io.grpc.StatusRuntimeException: UNAVAILABLE: io exception
	at java.util.concurrent.FutureTask.report(FutureTask.java:122)
	at java.util.concurrent.FutureTask.get(FutureTask.java:192)
	at org.apache.ratis.server.impl.LeaderElection.waitForResults(LeaderElection.java:262)
	at org.apache.ratis.server.impl.LeaderElection.askForVotes(LeaderElection.java:200)
	at org.apache.ratis.server.impl.LeaderElection.run(LeaderElection.java:130)
	at java.lang.Thread.run(Thread.java:748)
Caused by: org.apache.ratis.thirdparty.io.grpc.StatusRuntimeException: UNAVAILABLE: io exception
	at org.apache.ratis.thirdparty.io.grpc.stub.ClientCalls.toStatusRuntimeException(ClientCalls.java:233)
	at org.apache.ratis.thirdparty.io.grpc.stub.ClientCalls.getUnchecked(ClientCalls.java:214)
	at org.apache.ratis.thirdparty.io.grpc.stub.ClientCalls.blockingUnaryCall(ClientCalls.java:139)
	at org.apache.ratis.proto.grpc.RaftServerProtocolServiceGrpc$RaftServerProtocolServiceBlockingStub.requestVote(RaftServerProtocolServiceGrpc.java:265)
	at org.apache.ratis.grpc.server.GrpcServerProtocolClient.requestVote(GrpcServerProtocolClient.java:83)
	at org.apache.ratis.grpc.server.GrpcService.requestVote(GrpcService.java:195)
	at org.apache.ratis.server.impl.LeaderElection.lambda$submitRequests$1(LeaderElection.java:237)
	at java.util.concurrent.FutureTask.run(FutureTask.java:266)
	at java.util.concurrent.Executors$RunnableAdapter.call(Executors.java:511)
	at java.util.concurrent.FutureTask.run(FutureTask.java:266)
	at java.util.concurrent.ThreadPoolExecutor.runWorker(ThreadPoolExecutor.java:1149)
	at java.util.concurrent.ThreadPoolExecutor$Worker.run(ThreadPoolExecutor.java:624)
	... 1 more
Caused by: org.apache.ratis.thirdparty.io.netty.channel.AbstractChannel$AnnotatedConnectException: Connection refused: /192.168.36.85:46730
	at sun.nio.ch.SocketChannelImpl.checkConnect(Native Method)
	at sun.nio.ch.SocketChannelImpl.finishConnect(SocketChannelImpl.java:717)
	at org.apache.ratis.thirdparty.io.netty.channel.socket.nio.NioSocketChannel.doFinishConnect(NioSocketChannel.java:327)
	at org.apache.ratis.thirdparty.io.netty.channel.nio.AbstractNioChannel$AbstractNioUnsafe.finishConnect(AbstractNioChannel.java:340)
	at org.apache.ratis.thirdparty.io.netty.channel.nio.NioEventLoop.processSelectedKey(NioEventLoop.java:632)
	at org.apache.ratis.thirdparty.io.netty.channel.nio.NioEventLoop.processSelectedKeysOptimized(NioEventLoop.java:579)
	at org.apache.ratis.thirdparty.io.netty.channel.nio.NioEventLoop.processSelectedKeys(NioEventLoop.java:496)
	at org.apache.ratis.thirdparty.io.netty.channel.nio.NioEventLoop.run(NioEventLoop.java:458)
	at org.apache.ratis.thirdparty.io.netty.util.concurrent.SingleThreadEventExecutor$5.run(SingleThreadEventExecutor.java:897)
	at org.apache.ratis.thirdparty.io.netty.util.concurrent.FastThreadLocalRunnable.run(FastThreadLocalRunnable.java:30)
	... 1 more
Caused by: java.net.ConnectException: Connection refused
	... 11 more
2019-08-22 09:17:25,226 [093f9392-15a1-447b-85fb-4daaec7caf94:group-D53B9E930755:LeaderElection74] INFO  impl.LeaderElection (LogUtils.java:infoOrTrace(149)) - 093f9392-15a1-447b-85fb-4daaec7caf94:group-D53B9E930755:LeaderElection74 got exception when requesting votes: {}
java.util.concurrent.ExecutionException: org.apache.ratis.thirdparty.io.grpc.StatusRuntimeException: UNAVAILABLE: io exception
	at java.util.concurrent.FutureTask.report(FutureTask.java:122)
	at java.util.concurrent.FutureTask.get(FutureTask.java:192)
	at org.apache.ratis.server.impl.LeaderElection.waitForResults(LeaderElection.java:262)
	at org.apache.ratis.server.impl.LeaderElection.askForVotes(LeaderElection.java:200)
	at org.apache.ratis.server.impl.LeaderElection.run(LeaderElection.java:130)
	at java.lang.Thread.run(Thread.java:748)
Caused by: org.apache.ratis.thirdparty.io.grpc.StatusRuntimeException: UNAVAILABLE: io exception
	at org.apache.ratis.thirdparty.io.grpc.stub.ClientCalls.toStatusRuntimeException(ClientCalls.java:233)
	at org.apache.ratis.thirdparty.io.grpc.stub.ClientCalls.getUnchecked(ClientCalls.java:214)
	at org.apache.ratis.thirdparty.io.grpc.stub.ClientCalls.blockingUnaryCall(ClientCalls.java:139)
	at org.apache.ratis.proto.grpc.RaftServerProtocolServiceGrpc$RaftServerProtocolServiceBlockingStub.requestVote(RaftServerProtocolServiceGrpc.java:265)
	at org.apache.ratis.grpc.server.GrpcServerProtocolClient.requestVote(GrpcServerProtocolClient.java:83)
	at org.apache.ratis.grpc.server.GrpcService.requestVote(GrpcService.java:195)
	at org.apache.ratis.server.impl.LeaderElection.lambda$submitRequests$1(LeaderElection.java:237)
	at java.util.concurrent.FutureTask.run(FutureTask.java:266)
	at java.util.concurrent.Executors$RunnableAdapter.call(Executors.java:511)
	at java.util.concurrent.FutureTask.run(FutureTask.java:266)
	at java.util.concurrent.ThreadPoolExecutor.runWorker(ThreadPoolExecutor.java:1149)
	at java.util.concurrent.ThreadPoolExecutor$Worker.run(ThreadPoolExecutor.java:624)
	... 1 more
Caused by: org.apache.ratis.thirdparty.io.netty.channel.AbstractChannel$AnnotatedConnectException: Connection refused: /192.168.36.85:43465
	at sun.nio.ch.SocketChannelImpl.checkConnect(Native Method)
	at sun.nio.ch.SocketChannelImpl.finishConnect(SocketChannelImpl.java:717)
	at org.apache.ratis.thirdparty.io.netty.channel.socket.nio.NioSocketChannel.doFinishConnect(NioSocketChannel.java:327)
	at org.apache.ratis.thirdparty.io.netty.channel.nio.AbstractNioChannel$AbstractNioUnsafe.finishConnect(AbstractNioChannel.java:340)
	at org.apache.ratis.thirdparty.io.netty.channel.nio.NioEventLoop.processSelectedKey(NioEventLoop.java:632)
	at org.apache.ratis.thirdparty.io.netty.channel.nio.NioEventLoop.processSelectedKeysOptimized(NioEventLoop.java:579)
	at org.apache.ratis.thirdparty.io.netty.channel.nio.NioEventLoop.processSelectedKeys(NioEventLoop.java:496)
	at org.apache.ratis.thirdparty.io.netty.channel.nio.NioEventLoop.run(NioEventLoop.java:458)
	at org.apache.ratis.thirdparty.io.netty.util.concurrent.SingleThreadEventExecutor$5.run(SingleThreadEventExecutor.java:897)
	at org.apache.ratis.thirdparty.io.netty.util.concurrent.FastThreadLocalRunnable.run(FastThreadLocalRunnable.java:30)
	... 1 more
Caused by: java.net.ConnectException: Connection refused
	... 11 more
2019-08-22 09:17:25,229 [093f9392-15a1-447b-85fb-4daaec7caf94:group-D53B9E930755:LeaderElection74] INFO  impl.LeaderElection (LeaderElection.java:logAndReturn(56)) - 093f9392-15a1-447b-85fb-4daaec7caf94:group-D53B9E930755:LeaderElection74: Election REJECTED; received 0 response(s) [] and 2 exception(s); 093f9392-15a1-447b-85fb-4daaec7caf94:t2, leader=null, voted=093f9392-15a1-447b-85fb-4daaec7caf94, raftlog=093f9392-15a1-447b-85fb-4daaec7caf94-SegmentedRaftLog:OPENED:c18,f18,i18, conf=0: [d22de7f6-7510-48e4-8f97-1191f0294a01:192.168.36.85:43465, 8e0331fc-a6ad-49c6-b07b-7e2a4ec9a890:192.168.36.85:46730, 093f9392-15a1-447b-85fb-4daaec7caf94:192.168.36.85:46381], old=null
2019-08-22 09:17:25,229 [093f9392-15a1-447b-85fb-4daaec7caf94:group-D53B9E930755:LeaderElection74] INFO  impl.LeaderElection (LogUtils.java:infoOrTrace(149)) -   Exception 0: {}
java.util.concurrent.ExecutionException: org.apache.ratis.thirdparty.io.grpc.StatusRuntimeException: UNAVAILABLE: io exception
	at java.util.concurrent.FutureTask.report(FutureTask.java:122)
	at java.util.concurrent.FutureTask.get(FutureTask.java:192)
	at org.apache.ratis.server.impl.LeaderElection.waitForResults(LeaderElection.java:262)
	at org.apache.ratis.server.impl.LeaderElection.askForVotes(LeaderElection.java:200)
	at org.apache.ratis.server.impl.LeaderElection.run(LeaderElection.java:130)
	at java.lang.Thread.run(Thread.java:748)
Caused by: org.apache.ratis.thirdparty.io.grpc.StatusRuntimeException: UNAVAILABLE: io exception
	at org.apache.ratis.thirdparty.io.grpc.stub.ClientCalls.toStatusRuntimeException(ClientCalls.java:233)
	at org.apache.ratis.thirdparty.io.grpc.stub.ClientCalls.getUnchecked(ClientCalls.java:214)
	at org.apache.ratis.thirdparty.io.grpc.stub.ClientCalls.blockingUnaryCall(ClientCalls.java:139)
	at org.apache.ratis.proto.grpc.RaftServerProtocolServiceGrpc$RaftServerProtocolServiceBlockingStub.requestVote(RaftServerProtocolServiceGrpc.java:265)
	at org.apache.ratis.grpc.server.GrpcServerProtocolClient.requestVote(GrpcServerProtocolClient.java:83)
	at org.apache.ratis.grpc.server.GrpcService.requestVote(GrpcService.java:195)
	at org.apache.ratis.server.impl.LeaderElection.lambda$submitRequests$1(LeaderElection.java:237)
	at java.util.concurrent.FutureTask.run(FutureTask.java:266)
	at java.util.concurrent.Executors$RunnableAdapter.call(Executors.java:511)
	at java.util.concurrent.FutureTask.run(FutureTask.java:266)
	at java.util.concurrent.ThreadPoolExecutor.runWorker(ThreadPoolExecutor.java:1149)
	at java.util.concurrent.ThreadPoolExecutor$Worker.run(ThreadPoolExecutor.java:624)
	... 1 more
Caused by: org.apache.ratis.thirdparty.io.netty.channel.AbstractChannel$AnnotatedConnectException: Connection refused: /192.168.36.85:46730
	at sun.nio.ch.SocketChannelImpl.checkConnect(Native Method)
	at sun.nio.ch.SocketChannelImpl.finishConnect(SocketChannelImpl.java:717)
	at org.apache.ratis.thirdparty.io.netty.channel.socket.nio.NioSocketChannel.doFinishConnect(NioSocketChannel.java:327)
	at org.apache.ratis.thirdparty.io.netty.channel.nio.AbstractNioChannel$AbstractNioUnsafe.finishConnect(AbstractNioChannel.java:340)
	at org.apache.ratis.thirdparty.io.netty.channel.nio.NioEventLoop.processSelectedKey(NioEventLoop.java:632)
	at org.apache.ratis.thirdparty.io.netty.channel.nio.NioEventLoop.processSelectedKeysOptimized(NioEventLoop.java:579)
	at org.apache.ratis.thirdparty.io.netty.channel.nio.NioEventLoop.processSelectedKeys(NioEventLoop.java:496)
	at org.apache.ratis.thirdparty.io.netty.channel.nio.NioEventLoop.run(NioEventLoop.java:458)
	at org.apache.ratis.thirdparty.io.netty.util.concurrent.SingleThreadEventExecutor$5.run(SingleThreadEventExecutor.java:897)
	at org.apache.ratis.thirdparty.io.netty.util.concurrent.FastThreadLocalRunnable.run(FastThreadLocalRunnable.java:30)
	... 1 more
Caused by: java.net.ConnectException: Connection refused
	... 11 more
2019-08-22 09:17:25,230 [093f9392-15a1-447b-85fb-4daaec7caf94:group-D53B9E930755:LeaderElection74] INFO  impl.LeaderElection (LogUtils.java:infoOrTrace(149)) -   Exception 1: {}
java.util.concurrent.ExecutionException: org.apache.ratis.thirdparty.io.grpc.StatusRuntimeException: UNAVAILABLE: io exception
	at java.util.concurrent.FutureTask.report(FutureTask.java:122)
	at java.util.concurrent.FutureTask.get(FutureTask.java:192)
	at org.apache.ratis.server.impl.LeaderElection.waitForResults(LeaderElection.java:262)
	at org.apache.ratis.server.impl.LeaderElection.askForVotes(LeaderElection.java:200)
	at org.apache.ratis.server.impl.LeaderElection.run(LeaderElection.java:130)
	at java.lang.Thread.run(Thread.java:748)
Caused by: org.apache.ratis.thirdparty.io.grpc.StatusRuntimeException: UNAVAILABLE: io exception
	at org.apache.ratis.thirdparty.io.grpc.stub.ClientCalls.toStatusRuntimeException(ClientCalls.java:233)
	at org.apache.ratis.thirdparty.io.grpc.stub.ClientCalls.getUnchecked(ClientCalls.java:214)
	at org.apache.ratis.thirdparty.io.grpc.stub.ClientCalls.blockingUnaryCall(ClientCalls.java:139)
	at org.apache.ratis.proto.grpc.RaftServerProtocolServiceGrpc$RaftServerProtocolServiceBlockingStub.requestVote(RaftServerProtocolServiceGrpc.java:265)
	at org.apache.ratis.grpc.server.GrpcServerProtocolClient.requestVote(GrpcServerProtocolClient.java:83)
	at org.apache.ratis.grpc.server.GrpcService.requestVote(GrpcService.java:195)
	at org.apache.ratis.server.impl.LeaderElection.lambda$submitRequests$1(LeaderElection.java:237)
	at java.util.concurrent.FutureTask.run(FutureTask.java:266)
	at java.util.concurrent.Executors$RunnableAdapter.call(Executors.java:511)
	at java.util.concurrent.FutureTask.run(FutureTask.java:266)
	at java.util.concurrent.ThreadPoolExecutor.runWorker(ThreadPoolExecutor.java:1149)
	at java.util.concurrent.ThreadPoolExecutor$Worker.run(ThreadPoolExecutor.java:624)
	... 1 more
Caused by: org.apache.ratis.thirdparty.io.netty.channel.AbstractChannel$AnnotatedConnectException: Connection refused: /192.168.36.85:43465
	at sun.nio.ch.SocketChannelImpl.checkConnect(Native Method)
	at sun.nio.ch.SocketChannelImpl.finishConnect(SocketChannelImpl.java:717)
	at org.apache.ratis.thirdparty.io.netty.channel.socket.nio.NioSocketChannel.doFinishConnect(NioSocketChannel.java:327)
	at org.apache.ratis.thirdparty.io.netty.channel.nio.AbstractNioChannel$AbstractNioUnsafe.finishConnect(AbstractNioChannel.java:340)
	at org.apache.ratis.thirdparty.io.netty.channel.nio.NioEventLoop.processSelectedKey(NioEventLoop.java:632)
	at org.apache.ratis.thirdparty.io.netty.channel.nio.NioEventLoop.processSelectedKeysOptimized(NioEventLoop.java:579)
	at org.apache.ratis.thirdparty.io.netty.channel.nio.NioEventLoop.processSelectedKeys(NioEventLoop.java:496)
	at org.apache.ratis.thirdparty.io.netty.channel.nio.NioEventLoop.run(NioEventLoop.java:458)
	at org.apache.ratis.thirdparty.io.netty.util.concurrent.SingleThreadEventExecutor$5.run(SingleThreadEventExecutor.java:897)
	at org.apache.ratis.thirdparty.io.netty.util.concurrent.FastThreadLocalRunnable.run(FastThreadLocalRunnable.java:30)
	... 1 more
Caused by: java.net.ConnectException: Connection refused
	... 11 more
2019-08-22 09:17:25,230 [093f9392-15a1-447b-85fb-4daaec7caf94:group-D53B9E930755:LeaderElection74] INFO  impl.RaftServerImpl (RaftServerImpl.java:setRole(171)) - 093f9392-15a1-447b-85fb-4daaec7caf94:group-D53B9E930755 changes role from CANDIDATE to FOLLOWER at term 2 for DISCOVERED_A_NEW_TERM
2019-08-22 09:17:25,230 [093f9392-15a1-447b-85fb-4daaec7caf94:group-D53B9E930755:LeaderElection74] INFO  impl.RoleInfo (RoleInfo.java:shutdownLeaderElection(134)) - 093f9392-15a1-447b-85fb-4daaec7caf94: shutdown LeaderElection
2019-08-22 09:17:25,230 [093f9392-15a1-447b-85fb-4daaec7caf94:group-D53B9E930755:LeaderElection74] INFO  impl.RoleInfo (RoleInfo.java:updateAndGet(143)) - 093f9392-15a1-447b-85fb-4daaec7caf94: start FollowerState
2019-08-22 09:17:25,352 | INFO  | SCMAudit | user=jenkins1000 | ip=192.168.36.85 | op=SEND_HEARTBEAT {datanodeUUID=efb90bff-72c5-4ce9-affc-3f37be090605, command=[]} | ret=SUCCESS |  
2019-08-22 09:17:25,557 | INFO  | SCMAudit | user=jenkins1000 | ip=192.168.36.85 | op=SEND_HEARTBEAT {datanodeUUID=4d51b372-1aca-44dd-a481-2d5d38da6b73, command=[]} | ret=SUCCESS |  
2019-08-22 09:17:25,812 | INFO  | SCMAudit | user=jenkins1000 | ip=192.168.36.85 | op=SEND_HEARTBEAT {datanodeUUID=67abc4f8-8424-4a13-a91f-3faee2bb56e5, command=[]} | ret=SUCCESS |  
2019-08-22 09:17:26,150 | INFO  | SCMAudit | user=jenkins1000 | ip=192.168.36.85 | op=SEND_HEARTBEAT {datanodeUUID=093f9392-15a1-447b-85fb-4daaec7caf94, command=[]} | ret=SUCCESS |  
2019-08-22 09:17:26,353 | INFO  | SCMAudit | user=jenkins1000 | ip=192.168.36.85 | op=SEND_HEARTBEAT {datanodeUUID=efb90bff-72c5-4ce9-affc-3f37be090605, command=[]} | ret=SUCCESS |  
2019-08-22 09:17:26,384 [Thread-1686] INFO  impl.FollowerState (FollowerState.java:run(106)) - 093f9392-15a1-447b-85fb-4daaec7caf94:group-D53B9E930755 changes to CANDIDATE, lastRpcTime:1153, electionTimeout:1153ms
2019-08-22 09:17:26,384 [Thread-1686] INFO  impl.RoleInfo (RoleInfo.java:shutdownFollowerState(121)) - 093f9392-15a1-447b-85fb-4daaec7caf94: shutdown FollowerState
2019-08-22 09:17:26,384 [Thread-1686] INFO  impl.RaftServerImpl (RaftServerImpl.java:setRole(171)) - 093f9392-15a1-447b-85fb-4daaec7caf94:group-D53B9E930755 changes role from FOLLOWER to CANDIDATE at term 2 for changeToCandidate
2019-08-22 09:17:26,384 [Thread-1686] INFO  impl.RoleInfo (RoleInfo.java:updateAndGet(143)) - 093f9392-15a1-447b-85fb-4daaec7caf94: start LeaderElection
2019-08-22 09:17:26,446 [093f9392-15a1-447b-85fb-4daaec7caf94:group-D53B9E930755:LeaderElection75] INFO  impl.LeaderElection (LeaderElection.java:askForVotes(181)) - 093f9392-15a1-447b-85fb-4daaec7caf94:group-D53B9E930755:LeaderElection75: begin an election at term 3 for 0: [d22de7f6-7510-48e4-8f97-1191f0294a01:192.168.36.85:43465, 8e0331fc-a6ad-49c6-b07b-7e2a4ec9a890:192.168.36.85:46730, 093f9392-15a1-447b-85fb-4daaec7caf94:192.168.36.85:46381], old=null
2019-08-22 09:17:26,447 [093f9392-15a1-447b-85fb-4daaec7caf94:group-D53B9E930755:LeaderElection75] INFO  impl.LeaderElection (LogUtils.java:infoOrTrace(149)) - 093f9392-15a1-447b-85fb-4daaec7caf94:group-D53B9E930755:LeaderElection75 got exception when requesting votes: {}
java.util.concurrent.ExecutionException: org.apache.ratis.thirdparty.io.grpc.StatusRuntimeException: UNAVAILABLE: io exception
	at java.util.concurrent.FutureTask.report(FutureTask.java:122)
	at java.util.concurrent.FutureTask.get(FutureTask.java:192)
	at org.apache.ratis.server.impl.LeaderElection.waitForResults(LeaderElection.java:262)
	at org.apache.ratis.server.impl.LeaderElection.askForVotes(LeaderElection.java:200)
	at org.apache.ratis.server.impl.LeaderElection.run(LeaderElection.java:130)
	at java.lang.Thread.run(Thread.java:748)
Caused by: org.apache.ratis.thirdparty.io.grpc.StatusRuntimeException: UNAVAILABLE: io exception
	at org.apache.ratis.thirdparty.io.grpc.stub.ClientCalls.toStatusRuntimeException(ClientCalls.java:233)
	at org.apache.ratis.thirdparty.io.grpc.stub.ClientCalls.getUnchecked(ClientCalls.java:214)
	at org.apache.ratis.thirdparty.io.grpc.stub.ClientCalls.blockingUnaryCall(ClientCalls.java:139)
	at org.apache.ratis.proto.grpc.RaftServerProtocolServiceGrpc$RaftServerProtocolServiceBlockingStub.requestVote(RaftServerProtocolServiceGrpc.java:265)
	at org.apache.ratis.grpc.server.GrpcServerProtocolClient.requestVote(GrpcServerProtocolClient.java:83)
	at org.apache.ratis.grpc.server.GrpcService.requestVote(GrpcService.java:195)
	at org.apache.ratis.server.impl.LeaderElection.lambda$submitRequests$1(LeaderElection.java:237)
	at java.util.concurrent.FutureTask.run(FutureTask.java:266)
	at java.util.concurrent.Executors$RunnableAdapter.call(Executors.java:511)
	at java.util.concurrent.FutureTask.run(FutureTask.java:266)
	at java.util.concurrent.ThreadPoolExecutor.runWorker(ThreadPoolExecutor.java:1149)
	at java.util.concurrent.ThreadPoolExecutor$Worker.run(ThreadPoolExecutor.java:624)
	... 1 more
Caused by: org.apache.ratis.thirdparty.io.netty.channel.AbstractChannel$AnnotatedConnectException: Connection refused: /192.168.36.85:43465
	at sun.nio.ch.SocketChannelImpl.checkConnect(Native Method)
	at sun.nio.ch.SocketChannelImpl.finishConnect(SocketChannelImpl.java:717)
	at org.apache.ratis.thirdparty.io.netty.channel.socket.nio.NioSocketChannel.doFinishConnect(NioSocketChannel.java:327)
	at org.apache.ratis.thirdparty.io.netty.channel.nio.AbstractNioChannel$AbstractNioUnsafe.finishConnect(AbstractNioChannel.java:340)
	at org.apache.ratis.thirdparty.io.netty.channel.nio.NioEventLoop.processSelectedKey(NioEventLoop.java:632)
	at org.apache.ratis.thirdparty.io.netty.channel.nio.NioEventLoop.processSelectedKeysOptimized(NioEventLoop.java:579)
	at org.apache.ratis.thirdparty.io.netty.channel.nio.NioEventLoop.processSelectedKeys(NioEventLoop.java:496)
	at org.apache.ratis.thirdparty.io.netty.channel.nio.NioEventLoop.run(NioEventLoop.java:458)
	at org.apache.ratis.thirdparty.io.netty.util.concurrent.SingleThreadEventExecutor$5.run(SingleThreadEventExecutor.java:897)
	at org.apache.ratis.thirdparty.io.netty.util.concurrent.FastThreadLocalRunnable.run(FastThreadLocalRunnable.java:30)
	... 1 more
Caused by: java.net.ConnectException: Connection refused
	... 11 more
2019-08-22 09:17:26,451 [093f9392-15a1-447b-85fb-4daaec7caf94:group-D53B9E930755:LeaderElection75] INFO  impl.LeaderElection (LogUtils.java:infoOrTrace(149)) - 093f9392-15a1-447b-85fb-4daaec7caf94:group-D53B9E930755:LeaderElection75 got exception when requesting votes: {}
java.util.concurrent.ExecutionException: org.apache.ratis.thirdparty.io.grpc.StatusRuntimeException: UNAVAILABLE: io exception
	at java.util.concurrent.FutureTask.report(FutureTask.java:122)
	at java.util.concurrent.FutureTask.get(FutureTask.java:192)
	at org.apache.ratis.server.impl.LeaderElection.waitForResults(LeaderElection.java:262)
	at org.apache.ratis.server.impl.LeaderElection.askForVotes(LeaderElection.java:200)
	at org.apache.ratis.server.impl.LeaderElection.run(LeaderElection.java:130)
	at java.lang.Thread.run(Thread.java:748)
Caused by: org.apache.ratis.thirdparty.io.grpc.StatusRuntimeException: UNAVAILABLE: io exception
	at org.apache.ratis.thirdparty.io.grpc.stub.ClientCalls.toStatusRuntimeException(ClientCalls.java:233)
	at org.apache.ratis.thirdparty.io.grpc.stub.ClientCalls.getUnchecked(ClientCalls.java:214)
	at org.apache.ratis.thirdparty.io.grpc.stub.ClientCalls.blockingUnaryCall(ClientCalls.java:139)
	at org.apache.ratis.proto.grpc.RaftServerProtocolServiceGrpc$RaftServerProtocolServiceBlockingStub.requestVote(RaftServerProtocolServiceGrpc.java:265)
	at org.apache.ratis.grpc.server.GrpcServerProtocolClient.requestVote(GrpcServerProtocolClient.java:83)
	at org.apache.ratis.grpc.server.GrpcService.requestVote(GrpcService.java:195)
	at org.apache.ratis.server.impl.LeaderElection.lambda$submitRequests$1(LeaderElection.java:237)
	at java.util.concurrent.FutureTask.run(FutureTask.java:266)
	at java.util.concurrent.Executors$RunnableAdapter.call(Executors.java:511)
	at java.util.concurrent.FutureTask.run(FutureTask.java:266)
	at java.util.concurrent.ThreadPoolExecutor.runWorker(ThreadPoolExecutor.java:1149)
	at java.util.concurrent.ThreadPoolExecutor$Worker.run(ThreadPoolExecutor.java:624)
	... 1 more
Caused by: org.apache.ratis.thirdparty.io.netty.channel.AbstractChannel$AnnotatedConnectException: Connection refused: /192.168.36.85:46730
	at sun.nio.ch.SocketChannelImpl.checkConnect(Native Method)
	at sun.nio.ch.SocketChannelImpl.finishConnect(SocketChannelImpl.java:717)
	at org.apache.ratis.thirdparty.io.netty.channel.socket.nio.NioSocketChannel.doFinishConnect(NioSocketChannel.java:327)
	at org.apache.ratis.thirdparty.io.netty.channel.nio.AbstractNioChannel$AbstractNioUnsafe.finishConnect(AbstractNioChannel.java:340)
	at org.apache.ratis.thirdparty.io.netty.channel.nio.NioEventLoop.processSelectedKey(NioEventLoop.java:632)
	at org.apache.ratis.thirdparty.io.netty.channel.nio.NioEventLoop.processSelectedKeysOptimized(NioEventLoop.java:579)
	at org.apache.ratis.thirdparty.io.netty.channel.nio.NioEventLoop.processSelectedKeys(NioEventLoop.java:496)
	at org.apache.ratis.thirdparty.io.netty.channel.nio.NioEventLoop.run(NioEventLoop.java:458)
	at org.apache.ratis.thirdparty.io.netty.util.concurrent.SingleThreadEventExecutor$5.run(SingleThreadEventExecutor.java:897)
	at org.apache.ratis.thirdparty.io.netty.util.concurrent.FastThreadLocalRunnable.run(FastThreadLocalRunnable.java:30)
	... 1 more
Caused by: java.net.ConnectException: Connection refused
	... 11 more
2019-08-22 09:17:26,453 [093f9392-15a1-447b-85fb-4daaec7caf94:group-D53B9E930755:LeaderElection75] INFO  impl.LeaderElection (LeaderElection.java:logAndReturn(56)) - 093f9392-15a1-447b-85fb-4daaec7caf94:group-D53B9E930755:LeaderElection75: Election REJECTED; received 0 response(s) [] and 2 exception(s); 093f9392-15a1-447b-85fb-4daaec7caf94:t3, leader=null, voted=093f9392-15a1-447b-85fb-4daaec7caf94, raftlog=093f9392-15a1-447b-85fb-4daaec7caf94-SegmentedRaftLog:OPENED:c18,f18,i18, conf=0: [d22de7f6-7510-48e4-8f97-1191f0294a01:192.168.36.85:43465, 8e0331fc-a6ad-49c6-b07b-7e2a4ec9a890:192.168.36.85:46730, 093f9392-15a1-447b-85fb-4daaec7caf94:192.168.36.85:46381], old=null
2019-08-22 09:17:26,453 [093f9392-15a1-447b-85fb-4daaec7caf94:group-D53B9E930755:LeaderElection75] INFO  impl.LeaderElection (LogUtils.java:infoOrTrace(149)) -   Exception 0: {}
java.util.concurrent.ExecutionException: org.apache.ratis.thirdparty.io.grpc.StatusRuntimeException: UNAVAILABLE: io exception
	at java.util.concurrent.FutureTask.report(FutureTask.java:122)
	at java.util.concurrent.FutureTask.get(FutureTask.java:192)
	at org.apache.ratis.server.impl.LeaderElection.waitForResults(LeaderElection.java:262)
	at org.apache.ratis.server.impl.LeaderElection.askForVotes(LeaderElection.java:200)
	at org.apache.ratis.server.impl.LeaderElection.run(LeaderElection.java:130)
	at java.lang.Thread.run(Thread.java:748)
Caused by: org.apache.ratis.thirdparty.io.grpc.StatusRuntimeException: UNAVAILABLE: io exception
	at org.apache.ratis.thirdparty.io.grpc.stub.ClientCalls.toStatusRuntimeException(ClientCalls.java:233)
	at org.apache.ratis.thirdparty.io.grpc.stub.ClientCalls.getUnchecked(ClientCalls.java:214)
	at org.apache.ratis.thirdparty.io.grpc.stub.ClientCalls.blockingUnaryCall(ClientCalls.java:139)
	at org.apache.ratis.proto.grpc.RaftServerProtocolServiceGrpc$RaftServerProtocolServiceBlockingStub.requestVote(RaftServerProtocolServiceGrpc.java:265)
	at org.apache.ratis.grpc.server.GrpcServerProtocolClient.requestVote(GrpcServerProtocolClient.java:83)
	at org.apache.ratis.grpc.server.GrpcService.requestVote(GrpcService.java:195)
	at org.apache.ratis.server.impl.LeaderElection.lambda$submitRequests$1(LeaderElection.java:237)
	at java.util.concurrent.FutureTask.run(FutureTask.java:266)
	at java.util.concurrent.Executors$RunnableAdapter.call(Executors.java:511)
	at java.util.concurrent.FutureTask.run(FutureTask.java:266)
	at java.util.concurrent.ThreadPoolExecutor.runWorker(ThreadPoolExecutor.java:1149)
	at java.util.concurrent.ThreadPoolExecutor$Worker.run(ThreadPoolExecutor.java:624)
	... 1 more
Caused by: org.apache.ratis.thirdparty.io.netty.channel.AbstractChannel$AnnotatedConnectException: Connection refused: /192.168.36.85:43465
	at sun.nio.ch.SocketChannelImpl.checkConnect(Native Method)
	at sun.nio.ch.SocketChannelImpl.finishConnect(SocketChannelImpl.java:717)
	at org.apache.ratis.thirdparty.io.netty.channel.socket.nio.NioSocketChannel.doFinishConnect(NioSocketChannel.java:327)
	at org.apache.ratis.thirdparty.io.netty.channel.nio.AbstractNioChannel$AbstractNioUnsafe.finishConnect(AbstractNioChannel.java:340)
	at org.apache.ratis.thirdparty.io.netty.channel.nio.NioEventLoop.processSelectedKey(NioEventLoop.java:632)
	at org.apache.ratis.thirdparty.io.netty.channel.nio.NioEventLoop.processSelectedKeysOptimized(NioEventLoop.java:579)
	at org.apache.ratis.thirdparty.io.netty.channel.nio.NioEventLoop.processSelectedKeys(NioEventLoop.java:496)
	at org.apache.ratis.thirdparty.io.netty.channel.nio.NioEventLoop.run(NioEventLoop.java:458)
	at org.apache.ratis.thirdparty.io.netty.util.concurrent.SingleThreadEventExecutor$5.run(SingleThreadEventExecutor.java:897)
	at org.apache.ratis.thirdparty.io.netty.util.concurrent.FastThreadLocalRunnable.run(FastThreadLocalRunnable.java:30)
	... 1 more
Caused by: java.net.ConnectException: Connection refused
	... 11 more
2019-08-22 09:17:26,454 [093f9392-15a1-447b-85fb-4daaec7caf94:group-D53B9E930755:LeaderElection75] INFO  impl.LeaderElection (LogUtils.java:infoOrTrace(149)) -   Exception 1: {}
java.util.concurrent.ExecutionException: org.apache.ratis.thirdparty.io.grpc.StatusRuntimeException: UNAVAILABLE: io exception
	at java.util.concurrent.FutureTask.report(FutureTask.java:122)
	at java.util.concurrent.FutureTask.get(FutureTask.java:192)
	at org.apache.ratis.server.impl.LeaderElection.waitForResults(LeaderElection.java:262)
	at org.apache.ratis.server.impl.LeaderElection.askForVotes(LeaderElection.java:200)
	at org.apache.ratis.server.impl.LeaderElection.run(LeaderElection.java:130)
	at java.lang.Thread.run(Thread.java:748)
Caused by: org.apache.ratis.thirdparty.io.grpc.StatusRuntimeException: UNAVAILABLE: io exception
	at org.apache.ratis.thirdparty.io.grpc.stub.ClientCalls.toStatusRuntimeException(ClientCalls.java:233)
	at org.apache.ratis.thirdparty.io.grpc.stub.ClientCalls.getUnchecked(ClientCalls.java:214)
	at org.apache.ratis.thirdparty.io.grpc.stub.ClientCalls.blockingUnaryCall(ClientCalls.java:139)
	at org.apache.ratis.proto.grpc.RaftServerProtocolServiceGrpc$RaftServerProtocolServiceBlockingStub.requestVote(RaftServerProtocolServiceGrpc.java:265)
	at org.apache.ratis.grpc.server.GrpcServerProtocolClient.requestVote(GrpcServerProtocolClient.java:83)
	at org.apache.ratis.grpc.server.GrpcService.requestVote(GrpcService.java:195)
	at org.apache.ratis.server.impl.LeaderElection.lambda$submitRequests$1(LeaderElection.java:237)
	at java.util.concurrent.FutureTask.run(FutureTask.java:266)
	at java.util.concurrent.Executors$RunnableAdapter.call(Executors.java:511)
	at java.util.concurrent.FutureTask.run(FutureTask.java:266)
	at java.util.concurrent.ThreadPoolExecutor.runWorker(ThreadPoolExecutor.java:1149)
	at java.util.concurrent.ThreadPoolExecutor$Worker.run(ThreadPoolExecutor.java:624)
	... 1 more
Caused by: org.apache.ratis.thirdparty.io.netty.channel.AbstractChannel$AnnotatedConnectException: Connection refused: /192.168.36.85:46730
	at sun.nio.ch.SocketChannelImpl.checkConnect(Native Method)
	at sun.nio.ch.SocketChannelImpl.finishConnect(SocketChannelImpl.java:717)
	at org.apache.ratis.thirdparty.io.netty.channel.socket.nio.NioSocketChannel.doFinishConnect(NioSocketChannel.java:327)
	at org.apache.ratis.thirdparty.io.netty.channel.nio.AbstractNioChannel$AbstractNioUnsafe.finishConnect(AbstractNioChannel.java:340)
	at org.apache.ratis.thirdparty.io.netty.channel.nio.NioEventLoop.processSelectedKey(NioEventLoop.java:632)
	at org.apache.ratis.thirdparty.io.netty.channel.nio.NioEventLoop.processSelectedKeysOptimized(NioEventLoop.java:579)
	at org.apache.ratis.thirdparty.io.netty.channel.nio.NioEventLoop.processSelectedKeys(NioEventLoop.java:496)
	at org.apache.ratis.thirdparty.io.netty.channel.nio.NioEventLoop.run(NioEventLoop.java:458)
	at org.apache.ratis.thirdparty.io.netty.util.concurrent.SingleThreadEventExecutor$5.run(SingleThreadEventExecutor.java:897)
	at org.apache.ratis.thirdparty.io.netty.util.concurrent.FastThreadLocalRunnable.run(FastThreadLocalRunnable.java:30)
	... 1 more
Caused by: java.net.ConnectException: Connection refused
	... 11 more
2019-08-22 09:17:26,454 [093f9392-15a1-447b-85fb-4daaec7caf94:group-D53B9E930755:LeaderElection75] INFO  impl.RaftServerImpl (RaftServerImpl.java:setRole(171)) - 093f9392-15a1-447b-85fb-4daaec7caf94:group-D53B9E930755 changes role from CANDIDATE to FOLLOWER at term 3 for DISCOVERED_A_NEW_TERM
2019-08-22 09:17:26,455 [093f9392-15a1-447b-85fb-4daaec7caf94:group-D53B9E930755:LeaderElection75] INFO  impl.RoleInfo (RoleInfo.java:shutdownLeaderElection(134)) - 093f9392-15a1-447b-85fb-4daaec7caf94: shutdown LeaderElection
2019-08-22 09:17:26,455 [093f9392-15a1-447b-85fb-4daaec7caf94:group-D53B9E930755:LeaderElection75] INFO  impl.RoleInfo (RoleInfo.java:updateAndGet(143)) - 093f9392-15a1-447b-85fb-4daaec7caf94: start FollowerState
2019-08-22 09:17:26,557 | INFO  | SCMAudit | user=jenkins1000 | ip=192.168.36.85 | op=SEND_HEARTBEAT {datanodeUUID=4d51b372-1aca-44dd-a481-2d5d38da6b73, command=[]} | ret=SUCCESS |  
2019-08-22 09:17:26,812 | INFO  | SCMAudit | user=jenkins1000 | ip=192.168.36.85 | op=SEND_HEARTBEAT {datanodeUUID=67abc4f8-8424-4a13-a91f-3faee2bb56e5, command=[]} | ret=SUCCESS |  
2019-08-22 09:17:26,858 [grpc-default-executor-4] INFO  client.GrpcClientProtocolClient (GrpcClientProtocolClient.java:onNext(255)) - client-12FE3A59FB04->093f9392-15a1-447b-85fb-4daaec7caf94: receive RaftClientReply:client-12FE3A59FB04->093f9392-15a1-447b-85fb-4daaec7caf94@group-D53B9E930755, cid=99, FAILED org.apache.ratis.protocol.NotLeaderException: Server 093f9392-15a1-447b-85fb-4daaec7caf94 is not the leader (null). Request must be sent to leader., logIndex=0, commits[093f9392-15a1-447b-85fb-4daaec7caf94:c18, d22de7f6-7510-48e4-8f97-1191f0294a01:c18, 8e0331fc-a6ad-49c6-b07b-7e2a4ec9a890:c18]
2019-08-22 09:17:27,150 | INFO  | SCMAudit | user=jenkins1000 | ip=192.168.36.85 | op=SEND_HEARTBEAT {datanodeUUID=093f9392-15a1-447b-85fb-4daaec7caf94, command=[]} | ret=SUCCESS |  
2019-08-22 09:17:27,353 | INFO  | SCMAudit | user=jenkins1000 | ip=192.168.36.85 | op=SEND_HEARTBEAT {datanodeUUID=efb90bff-72c5-4ce9-affc-3f37be090605, command=[]} | ret=SUCCESS |  
2019-08-22 09:17:27,510 [Thread-1697] INFO  impl.FollowerState (FollowerState.java:run(106)) - 093f9392-15a1-447b-85fb-4daaec7caf94:group-D53B9E930755 changes to CANDIDATE, lastRpcTime:1055, electionTimeout:1055ms
2019-08-22 09:17:27,510 [Thread-1697] INFO  impl.RoleInfo (RoleInfo.java:shutdownFollowerState(121)) - 093f9392-15a1-447b-85fb-4daaec7caf94: shutdown FollowerState
2019-08-22 09:17:27,511 [Thread-1697] INFO  impl.RaftServerImpl (RaftServerImpl.java:setRole(171)) - 093f9392-15a1-447b-85fb-4daaec7caf94:group-D53B9E930755 changes role from FOLLOWER to CANDIDATE at term 3 for changeToCandidate
2019-08-22 09:17:27,511 [Thread-1697] INFO  impl.RoleInfo (RoleInfo.java:updateAndGet(143)) - 093f9392-15a1-447b-85fb-4daaec7caf94: start LeaderElection
2019-08-22 09:17:27,557 | INFO  | SCMAudit | user=jenkins1000 | ip=192.168.36.85 | op=SEND_HEARTBEAT {datanodeUUID=4d51b372-1aca-44dd-a481-2d5d38da6b73, command=[]} | ret=SUCCESS |  
2019-08-22 09:17:27,812 | INFO  | SCMAudit | user=jenkins1000 | ip=192.168.36.85 | op=SEND_HEARTBEAT {datanodeUUID=67abc4f8-8424-4a13-a91f-3faee2bb56e5, command=[]} | ret=SUCCESS |  
2019-08-22 09:17:28,065 [093f9392-15a1-447b-85fb-4daaec7caf94:group-D53B9E930755:LeaderElection76] INFO  impl.LeaderElection (LeaderElection.java:askForVotes(181)) - 093f9392-15a1-447b-85fb-4daaec7caf94:group-D53B9E930755:LeaderElection76: begin an election at term 4 for 0: [d22de7f6-7510-48e4-8f97-1191f0294a01:192.168.36.85:43465, 8e0331fc-a6ad-49c6-b07b-7e2a4ec9a890:192.168.36.85:46730, 093f9392-15a1-447b-85fb-4daaec7caf94:192.168.36.85:46381], old=null
2019-08-22 09:17:28,066 [093f9392-15a1-447b-85fb-4daaec7caf94:group-D53B9E930755:LeaderElection76] INFO  impl.LeaderElection (LogUtils.java:infoOrTrace(149)) - 093f9392-15a1-447b-85fb-4daaec7caf94:group-D53B9E930755:LeaderElection76 got exception when requesting votes: {}
java.util.concurrent.ExecutionException: org.apache.ratis.thirdparty.io.grpc.StatusRuntimeException: UNAVAILABLE: io exception
	at java.util.concurrent.FutureTask.report(FutureTask.java:122)
	at java.util.concurrent.FutureTask.get(FutureTask.java:192)
	at org.apache.ratis.server.impl.LeaderElection.waitForResults(LeaderElection.java:262)
	at org.apache.ratis.server.impl.LeaderElection.askForVotes(LeaderElection.java:200)
	at org.apache.ratis.server.impl.LeaderElection.run(LeaderElection.java:130)
	at java.lang.Thread.run(Thread.java:748)
Caused by: org.apache.ratis.thirdparty.io.grpc.StatusRuntimeException: UNAVAILABLE: io exception
	at org.apache.ratis.thirdparty.io.grpc.stub.ClientCalls.toStatusRuntimeException(ClientCalls.java:233)
	at org.apache.ratis.thirdparty.io.grpc.stub.ClientCalls.getUnchecked(ClientCalls.java:214)
	at org.apache.ratis.thirdparty.io.grpc.stub.ClientCalls.blockingUnaryCall(ClientCalls.java:139)
	at org.apache.ratis.proto.grpc.RaftServerProtocolServiceGrpc$RaftServerProtocolServiceBlockingStub.requestVote(RaftServerProtocolServiceGrpc.java:265)
	at org.apache.ratis.grpc.server.GrpcServerProtocolClient.requestVote(GrpcServerProtocolClient.java:83)
	at org.apache.ratis.grpc.server.GrpcService.requestVote(GrpcService.java:195)
	at org.apache.ratis.server.impl.LeaderElection.lambda$submitRequests$1(LeaderElection.java:237)
	at java.util.concurrent.FutureTask.run(FutureTask.java:266)
	at java.util.concurrent.Executors$RunnableAdapter.call(Executors.java:511)
	at java.util.concurrent.FutureTask.run(FutureTask.java:266)
	at java.util.concurrent.ThreadPoolExecutor.runWorker(ThreadPoolExecutor.java:1149)
	at java.util.concurrent.ThreadPoolExecutor$Worker.run(ThreadPoolExecutor.java:624)
	... 1 more
Caused by: org.apache.ratis.thirdparty.io.netty.channel.AbstractChannel$AnnotatedConnectException: Connection refused: /192.168.36.85:43465
	at sun.nio.ch.SocketChannelImpl.checkConnect(Native Method)
	at sun.nio.ch.SocketChannelImpl.finishConnect(SocketChannelImpl.java:717)
	at org.apache.ratis.thirdparty.io.netty.channel.socket.nio.NioSocketChannel.doFinishConnect(NioSocketChannel.java:327)
	at org.apache.ratis.thirdparty.io.netty.channel.nio.AbstractNioChannel$AbstractNioUnsafe.finishConnect(AbstractNioChannel.java:340)
	at org.apache.ratis.thirdparty.io.netty.channel.nio.NioEventLoop.processSelectedKey(NioEventLoop.java:632)
	at org.apache.ratis.thirdparty.io.netty.channel.nio.NioEventLoop.processSelectedKeysOptimized(NioEventLoop.java:579)
	at org.apache.ratis.thirdparty.io.netty.channel.nio.NioEventLoop.processSelectedKeys(NioEventLoop.java:496)
	at org.apache.ratis.thirdparty.io.netty.channel.nio.NioEventLoop.run(NioEventLoop.java:458)
	at org.apache.ratis.thirdparty.io.netty.util.concurrent.SingleThreadEventExecutor$5.run(SingleThreadEventExecutor.java:897)
	at org.apache.ratis.thirdparty.io.netty.util.concurrent.FastThreadLocalRunnable.run(FastThreadLocalRunnable.java:30)
	... 1 more
Caused by: java.net.ConnectException: Connection refused
	... 11 more
2019-08-22 09:17:28,069 [093f9392-15a1-447b-85fb-4daaec7caf94:group-D53B9E930755:LeaderElection76] INFO  impl.LeaderElection (LogUtils.java:infoOrTrace(149)) - 093f9392-15a1-447b-85fb-4daaec7caf94:group-D53B9E930755:LeaderElection76 got exception when requesting votes: {}
java.util.concurrent.ExecutionException: org.apache.ratis.thirdparty.io.grpc.StatusRuntimeException: UNAVAILABLE: io exception
	at java.util.concurrent.FutureTask.report(FutureTask.java:122)
	at java.util.concurrent.FutureTask.get(FutureTask.java:192)
	at org.apache.ratis.server.impl.LeaderElection.waitForResults(LeaderElection.java:262)
	at org.apache.ratis.server.impl.LeaderElection.askForVotes(LeaderElection.java:200)
	at org.apache.ratis.server.impl.LeaderElection.run(LeaderElection.java:130)
	at java.lang.Thread.run(Thread.java:748)
Caused by: org.apache.ratis.thirdparty.io.grpc.StatusRuntimeException: UNAVAILABLE: io exception
	at org.apache.ratis.thirdparty.io.grpc.stub.ClientCalls.toStatusRuntimeException(ClientCalls.java:233)
	at org.apache.ratis.thirdparty.io.grpc.stub.ClientCalls.getUnchecked(ClientCalls.java:214)
	at org.apache.ratis.thirdparty.io.grpc.stub.ClientCalls.blockingUnaryCall(ClientCalls.java:139)
	at org.apache.ratis.proto.grpc.RaftServerProtocolServiceGrpc$RaftServerProtocolServiceBlockingStub.requestVote(RaftServerProtocolServiceGrpc.java:265)
	at org.apache.ratis.grpc.server.GrpcServerProtocolClient.requestVote(GrpcServerProtocolClient.java:83)
	at org.apache.ratis.grpc.server.GrpcService.requestVote(GrpcService.java:195)
	at org.apache.ratis.server.impl.LeaderElection.lambda$submitRequests$1(LeaderElection.java:237)
	at java.util.concurrent.FutureTask.run(FutureTask.java:266)
	at java.util.concurrent.Executors$RunnableAdapter.call(Executors.java:511)
	at java.util.concurrent.FutureTask.run(FutureTask.java:266)
	at java.util.concurrent.ThreadPoolExecutor.runWorker(ThreadPoolExecutor.java:1149)
	at java.util.concurrent.ThreadPoolExecutor$Worker.run(ThreadPoolExecutor.java:624)
	... 1 more
Caused by: org.apache.ratis.thirdparty.io.netty.channel.AbstractChannel$AnnotatedConnectException: Connection refused: /192.168.36.85:46730
	at sun.nio.ch.SocketChannelImpl.checkConnect(Native Method)
	at sun.nio.ch.SocketChannelImpl.finishConnect(SocketChannelImpl.java:717)
	at org.apache.ratis.thirdparty.io.netty.channel.socket.nio.NioSocketChannel.doFinishConnect(NioSocketChannel.java:327)
	at org.apache.ratis.thirdparty.io.netty.channel.nio.AbstractNioChannel$AbstractNioUnsafe.finishConnect(AbstractNioChannel.java:340)
	at org.apache.ratis.thirdparty.io.netty.channel.nio.NioEventLoop.processSelectedKey(NioEventLoop.java:632)
	at org.apache.ratis.thirdparty.io.netty.channel.nio.NioEventLoop.processSelectedKeysOptimized(NioEventLoop.java:579)
	at org.apache.ratis.thirdparty.io.netty.channel.nio.NioEventLoop.processSelectedKeys(NioEventLoop.java:496)
	at org.apache.ratis.thirdparty.io.netty.channel.nio.NioEventLoop.run(NioEventLoop.java:458)
	at org.apache.ratis.thirdparty.io.netty.util.concurrent.SingleThreadEventExecutor$5.run(SingleThreadEventExecutor.java:897)
	at org.apache.ratis.thirdparty.io.netty.util.concurrent.FastThreadLocalRunnable.run(FastThreadLocalRunnable.java:30)
	... 1 more
Caused by: java.net.ConnectException: Connection refused
	... 11 more
2019-08-22 09:17:28,071 [093f9392-15a1-447b-85fb-4daaec7caf94:group-D53B9E930755:LeaderElection76] INFO  impl.LeaderElection (LeaderElection.java:logAndReturn(56)) - 093f9392-15a1-447b-85fb-4daaec7caf94:group-D53B9E930755:LeaderElection76: Election REJECTED; received 0 response(s) [] and 2 exception(s); 093f9392-15a1-447b-85fb-4daaec7caf94:t4, leader=null, voted=093f9392-15a1-447b-85fb-4daaec7caf94, raftlog=093f9392-15a1-447b-85fb-4daaec7caf94-SegmentedRaftLog:OPENED:c18,f18,i18, conf=0: [d22de7f6-7510-48e4-8f97-1191f0294a01:192.168.36.85:43465, 8e0331fc-a6ad-49c6-b07b-7e2a4ec9a890:192.168.36.85:46730, 093f9392-15a1-447b-85fb-4daaec7caf94:192.168.36.85:46381], old=null
2019-08-22 09:17:28,071 [093f9392-15a1-447b-85fb-4daaec7caf94:group-D53B9E930755:LeaderElection76] INFO  impl.LeaderElection (LogUtils.java:infoOrTrace(149)) -   Exception 0: {}
java.util.concurrent.ExecutionException: org.apache.ratis.thirdparty.io.grpc.StatusRuntimeException: UNAVAILABLE: io exception
	at java.util.concurrent.FutureTask.report(FutureTask.java:122)
	at java.util.concurrent.FutureTask.get(FutureTask.java:192)
	at org.apache.ratis.server.impl.LeaderElection.waitForResults(LeaderElection.java:262)
	at org.apache.ratis.server.impl.LeaderElection.askForVotes(LeaderElection.java:200)
	at org.apache.ratis.server.impl.LeaderElection.run(LeaderElection.java:130)
	at java.lang.Thread.run(Thread.java:748)
Caused by: org.apache.ratis.thirdparty.io.grpc.StatusRuntimeException: UNAVAILABLE: io exception
	at org.apache.ratis.thirdparty.io.grpc.stub.ClientCalls.toStatusRuntimeException(ClientCalls.java:233)
	at org.apache.ratis.thirdparty.io.grpc.stub.ClientCalls.getUnchecked(ClientCalls.java:214)
	at org.apache.ratis.thirdparty.io.grpc.stub.ClientCalls.blockingUnaryCall(ClientCalls.java:139)
	at org.apache.ratis.proto.grpc.RaftServerProtocolServiceGrpc$RaftServerProtocolServiceBlockingStub.requestVote(RaftServerProtocolServiceGrpc.java:265)
	at org.apache.ratis.grpc.server.GrpcServerProtocolClient.requestVote(GrpcServerProtocolClient.java:83)
	at org.apache.ratis.grpc.server.GrpcService.requestVote(GrpcService.java:195)
	at org.apache.ratis.server.impl.LeaderElection.lambda$submitRequests$1(LeaderElection.java:237)
	at java.util.concurrent.FutureTask.run(FutureTask.java:266)
	at java.util.concurrent.Executors$RunnableAdapter.call(Executors.java:511)
	at java.util.concurrent.FutureTask.run(FutureTask.java:266)
	at java.util.concurrent.ThreadPoolExecutor.runWorker(ThreadPoolExecutor.java:1149)
	at java.util.concurrent.ThreadPoolExecutor$Worker.run(ThreadPoolExecutor.java:624)
	... 1 more
Caused by: org.apache.ratis.thirdparty.io.netty.channel.AbstractChannel$AnnotatedConnectException: Connection refused: /192.168.36.85:43465
	at sun.nio.ch.SocketChannelImpl.checkConnect(Native Method)
	at sun.nio.ch.SocketChannelImpl.finishConnect(SocketChannelImpl.java:717)
	at org.apache.ratis.thirdparty.io.netty.channel.socket.nio.NioSocketChannel.doFinishConnect(NioSocketChannel.java:327)
	at org.apache.ratis.thirdparty.io.netty.channel.nio.AbstractNioChannel$AbstractNioUnsafe.finishConnect(AbstractNioChannel.java:340)
	at org.apache.ratis.thirdparty.io.netty.channel.nio.NioEventLoop.processSelectedKey(NioEventLoop.java:632)
	at org.apache.ratis.thirdparty.io.netty.channel.nio.NioEventLoop.processSelectedKeysOptimized(NioEventLoop.java:579)
	at org.apache.ratis.thirdparty.io.netty.channel.nio.NioEventLoop.processSelectedKeys(NioEventLoop.java:496)
	at org.apache.ratis.thirdparty.io.netty.channel.nio.NioEventLoop.run(NioEventLoop.java:458)
	at org.apache.ratis.thirdparty.io.netty.util.concurrent.SingleThreadEventExecutor$5.run(SingleThreadEventExecutor.java:897)
	at org.apache.ratis.thirdparty.io.netty.util.concurrent.FastThreadLocalRunnable.run(FastThreadLocalRunnable.java:30)
	... 1 more
Caused by: java.net.ConnectException: Connection refused
	... 11 more
2019-08-22 09:17:28,072 [093f9392-15a1-447b-85fb-4daaec7caf94:group-D53B9E930755:LeaderElection76] INFO  impl.LeaderElection (LogUtils.java:infoOrTrace(149)) -   Exception 1: {}
java.util.concurrent.ExecutionException: org.apache.ratis.thirdparty.io.grpc.StatusRuntimeException: UNAVAILABLE: io exception
	at java.util.concurrent.FutureTask.report(FutureTask.java:122)
	at java.util.concurrent.FutureTask.get(FutureTask.java:192)
	at org.apache.ratis.server.impl.LeaderElection.waitForResults(LeaderElection.java:262)
	at org.apache.ratis.server.impl.LeaderElection.askForVotes(LeaderElection.java:200)
	at org.apache.ratis.server.impl.LeaderElection.run(LeaderElection.java:130)
	at java.lang.Thread.run(Thread.java:748)
Caused by: org.apache.ratis.thirdparty.io.grpc.StatusRuntimeException: UNAVAILABLE: io exception
	at org.apache.ratis.thirdparty.io.grpc.stub.ClientCalls.toStatusRuntimeException(ClientCalls.java:233)
	at org.apache.ratis.thirdparty.io.grpc.stub.ClientCalls.getUnchecked(ClientCalls.java:214)
	at org.apache.ratis.thirdparty.io.grpc.stub.ClientCalls.blockingUnaryCall(ClientCalls.java:139)
	at org.apache.ratis.proto.grpc.RaftServerProtocolServiceGrpc$RaftServerProtocolServiceBlockingStub.requestVote(RaftServerProtocolServiceGrpc.java:265)
	at org.apache.ratis.grpc.server.GrpcServerProtocolClient.requestVote(GrpcServerProtocolClient.java:83)
	at org.apache.ratis.grpc.server.GrpcService.requestVote(GrpcService.java:195)
	at org.apache.ratis.server.impl.LeaderElection.lambda$submitRequests$1(LeaderElection.java:237)
	at java.util.concurrent.FutureTask.run(FutureTask.java:266)
	at java.util.concurrent.Executors$RunnableAdapter.call(Executors.java:511)
	at java.util.concurrent.FutureTask.run(FutureTask.java:266)
	at java.util.concurrent.ThreadPoolExecutor.runWorker(ThreadPoolExecutor.java:1149)
	at java.util.concurrent.ThreadPoolExecutor$Worker.run(ThreadPoolExecutor.java:624)
	... 1 more
Caused by: org.apache.ratis.thirdparty.io.netty.channel.AbstractChannel$AnnotatedConnectException: Connection refused: /192.168.36.85:46730
	at sun.nio.ch.SocketChannelImpl.checkConnect(Native Method)
	at sun.nio.ch.SocketChannelImpl.finishConnect(SocketChannelImpl.java:717)
	at org.apache.ratis.thirdparty.io.netty.channel.socket.nio.NioSocketChannel.doFinishConnect(NioSocketChannel.java:327)
	at org.apache.ratis.thirdparty.io.netty.channel.nio.AbstractNioChannel$AbstractNioUnsafe.finishConnect(AbstractNioChannel.java:340)
	at org.apache.ratis.thirdparty.io.netty.channel.nio.NioEventLoop.processSelectedKey(NioEventLoop.java:632)
	at org.apache.ratis.thirdparty.io.netty.channel.nio.NioEventLoop.processSelectedKeysOptimized(NioEventLoop.java:579)
	at org.apache.ratis.thirdparty.io.netty.channel.nio.NioEventLoop.processSelectedKeys(NioEventLoop.java:496)
	at org.apache.ratis.thirdparty.io.netty.channel.nio.NioEventLoop.run(NioEventLoop.java:458)
	at org.apache.ratis.thirdparty.io.netty.util.concurrent.SingleThreadEventExecutor$5.run(SingleThreadEventExecutor.java:897)
	at org.apache.ratis.thirdparty.io.netty.util.concurrent.FastThreadLocalRunnable.run(FastThreadLocalRunnable.java:30)
	... 1 more
Caused by: java.net.ConnectException: Connection refused
	... 11 more
2019-08-22 09:17:28,072 [093f9392-15a1-447b-85fb-4daaec7caf94:group-D53B9E930755:LeaderElection76] INFO  impl.RaftServerImpl (RaftServerImpl.java:setRole(171)) - 093f9392-15a1-447b-85fb-4daaec7caf94:group-D53B9E930755 changes role from CANDIDATE to FOLLOWER at term 4 for DISCOVERED_A_NEW_TERM
2019-08-22 09:17:28,072 [093f9392-15a1-447b-85fb-4daaec7caf94:group-D53B9E930755:LeaderElection76] INFO  impl.RoleInfo (RoleInfo.java:shutdownLeaderElection(134)) - 093f9392-15a1-447b-85fb-4daaec7caf94: shutdown LeaderElection
2019-08-22 09:17:28,072 [093f9392-15a1-447b-85fb-4daaec7caf94:group-D53B9E930755:LeaderElection76] INFO  impl.RoleInfo (RoleInfo.java:updateAndGet(143)) - 093f9392-15a1-447b-85fb-4daaec7caf94: start FollowerState
2019-08-22 09:17:28,150 | INFO  | SCMAudit | user=jenkins1000 | ip=192.168.36.85 | op=SEND_HEARTBEAT {datanodeUUID=093f9392-15a1-447b-85fb-4daaec7caf94, command=[]} | ret=SUCCESS |  
2019-08-22 09:17:28,353 | INFO  | SCMAudit | user=jenkins1000 | ip=192.168.36.85 | op=SEND_HEARTBEAT {datanodeUUID=efb90bff-72c5-4ce9-affc-3f37be090605, command=[]} | ret=SUCCESS |  
2019-08-22 09:17:28,557 | INFO  | SCMAudit | user=jenkins1000 | ip=192.168.36.85 | op=SEND_HEARTBEAT {datanodeUUID=4d51b372-1aca-44dd-a481-2d5d38da6b73, command=[]} | ret=SUCCESS |  
2019-08-22 09:17:28,812 | INFO  | SCMAudit | user=jenkins1000 | ip=192.168.36.85 | op=SEND_HEARTBEAT {datanodeUUID=67abc4f8-8424-4a13-a91f-3faee2bb56e5, command=[]} | ret=SUCCESS |  
2019-08-22 09:17:29,150 | INFO  | SCMAudit | user=jenkins1000 | ip=192.168.36.85 | op=SEND_HEARTBEAT {datanodeUUID=093f9392-15a1-447b-85fb-4daaec7caf94, command=[]} | ret=SUCCESS |  
2019-08-22 09:17:29,177 [Thread-1710] INFO  impl.FollowerState (FollowerState.java:run(106)) - 093f9392-15a1-447b-85fb-4daaec7caf94:group-D53B9E930755 changes to CANDIDATE, lastRpcTime:1104, electionTimeout:1104ms
2019-08-22 09:17:29,177 [Thread-1710] INFO  impl.RoleInfo (RoleInfo.java:shutdownFollowerState(121)) - 093f9392-15a1-447b-85fb-4daaec7caf94: shutdown FollowerState
2019-08-22 09:17:29,178 [Thread-1710] INFO  impl.RaftServerImpl (RaftServerImpl.java:setRole(171)) - 093f9392-15a1-447b-85fb-4daaec7caf94:group-D53B9E930755 changes role from FOLLOWER to CANDIDATE at term 4 for changeToCandidate
2019-08-22 09:17:29,178 [Thread-1710] INFO  impl.RoleInfo (RoleInfo.java:updateAndGet(143)) - 093f9392-15a1-447b-85fb-4daaec7caf94: start LeaderElection
2019-08-22 09:17:29,203 [093f9392-15a1-447b-85fb-4daaec7caf94:group-D53B9E930755:LeaderElection77] INFO  impl.LeaderElection (LeaderElection.java:askForVotes(181)) - 093f9392-15a1-447b-85fb-4daaec7caf94:group-D53B9E930755:LeaderElection77: begin an election at term 5 for 0: [d22de7f6-7510-48e4-8f97-1191f0294a01:192.168.36.85:43465, 8e0331fc-a6ad-49c6-b07b-7e2a4ec9a890:192.168.36.85:46730, 093f9392-15a1-447b-85fb-4daaec7caf94:192.168.36.85:46381], old=null
2019-08-22 09:17:29,204 [093f9392-15a1-447b-85fb-4daaec7caf94:group-D53B9E930755:LeaderElection77] INFO  impl.LeaderElection (LogUtils.java:infoOrTrace(149)) - 093f9392-15a1-447b-85fb-4daaec7caf94:group-D53B9E930755:LeaderElection77 got exception when requesting votes: {}
java.util.concurrent.ExecutionException: org.apache.ratis.thirdparty.io.grpc.StatusRuntimeException: UNAVAILABLE: io exception
	at java.util.concurrent.FutureTask.report(FutureTask.java:122)
	at java.util.concurrent.FutureTask.get(FutureTask.java:192)
	at org.apache.ratis.server.impl.LeaderElection.waitForResults(LeaderElection.java:262)
	at org.apache.ratis.server.impl.LeaderElection.askForVotes(LeaderElection.java:200)
	at org.apache.ratis.server.impl.LeaderElection.run(LeaderElection.java:130)
	at java.lang.Thread.run(Thread.java:748)
Caused by: org.apache.ratis.thirdparty.io.grpc.StatusRuntimeException: UNAVAILABLE: io exception
	at org.apache.ratis.thirdparty.io.grpc.stub.ClientCalls.toStatusRuntimeException(ClientCalls.java:233)
	at org.apache.ratis.thirdparty.io.grpc.stub.ClientCalls.getUnchecked(ClientCalls.java:214)
	at org.apache.ratis.thirdparty.io.grpc.stub.ClientCalls.blockingUnaryCall(ClientCalls.java:139)
	at org.apache.ratis.proto.grpc.RaftServerProtocolServiceGrpc$RaftServerProtocolServiceBlockingStub.requestVote(RaftServerProtocolServiceGrpc.java:265)
	at org.apache.ratis.grpc.server.GrpcServerProtocolClient.requestVote(GrpcServerProtocolClient.java:83)
	at org.apache.ratis.grpc.server.GrpcService.requestVote(GrpcService.java:195)
	at org.apache.ratis.server.impl.LeaderElection.lambda$submitRequests$1(LeaderElection.java:237)
	at java.util.concurrent.FutureTask.run(FutureTask.java:266)
	at java.util.concurrent.Executors$RunnableAdapter.call(Executors.java:511)
	at java.util.concurrent.FutureTask.run(FutureTask.java:266)
	at java.util.concurrent.ThreadPoolExecutor.runWorker(ThreadPoolExecutor.java:1149)
	at java.util.concurrent.ThreadPoolExecutor$Worker.run(ThreadPoolExecutor.java:624)
	... 1 more
Caused by: org.apache.ratis.thirdparty.io.netty.channel.AbstractChannel$AnnotatedConnectException: Connection refused: /192.168.36.85:43465
	at sun.nio.ch.SocketChannelImpl.checkConnect(Native Method)
	at sun.nio.ch.SocketChannelImpl.finishConnect(SocketChannelImpl.java:717)
	at org.apache.ratis.thirdparty.io.netty.channel.socket.nio.NioSocketChannel.doFinishConnect(NioSocketChannel.java:327)
	at org.apache.ratis.thirdparty.io.netty.channel.nio.AbstractNioChannel$AbstractNioUnsafe.finishConnect(AbstractNioChannel.java:340)
	at org.apache.ratis.thirdparty.io.netty.channel.nio.NioEventLoop.processSelectedKey(NioEventLoop.java:632)
	at org.apache.ratis.thirdparty.io.netty.channel.nio.NioEventLoop.processSelectedKeysOptimized(NioEventLoop.java:579)
	at org.apache.ratis.thirdparty.io.netty.channel.nio.NioEventLoop.processSelectedKeys(NioEventLoop.java:496)
	at org.apache.ratis.thirdparty.io.netty.channel.nio.NioEventLoop.run(NioEventLoop.java:458)
	at org.apache.ratis.thirdparty.io.netty.util.concurrent.SingleThreadEventExecutor$5.run(SingleThreadEventExecutor.java:897)
	at org.apache.ratis.thirdparty.io.netty.util.concurrent.FastThreadLocalRunnable.run(FastThreadLocalRunnable.java:30)
	... 1 more
Caused by: java.net.ConnectException: Connection refused
	... 11 more
2019-08-22 09:17:29,208 [093f9392-15a1-447b-85fb-4daaec7caf94:group-D53B9E930755:LeaderElection77] INFO  impl.LeaderElection (LogUtils.java:infoOrTrace(149)) - 093f9392-15a1-447b-85fb-4daaec7caf94:group-D53B9E930755:LeaderElection77 got exception when requesting votes: {}
java.util.concurrent.ExecutionException: org.apache.ratis.thirdparty.io.grpc.StatusRuntimeException: UNAVAILABLE: io exception
	at java.util.concurrent.FutureTask.report(FutureTask.java:122)
	at java.util.concurrent.FutureTask.get(FutureTask.java:192)
	at org.apache.ratis.server.impl.LeaderElection.waitForResults(LeaderElection.java:262)
	at org.apache.ratis.server.impl.LeaderElection.askForVotes(LeaderElection.java:200)
	at org.apache.ratis.server.impl.LeaderElection.run(LeaderElection.java:130)
	at java.lang.Thread.run(Thread.java:748)
Caused by: org.apache.ratis.thirdparty.io.grpc.StatusRuntimeException: UNAVAILABLE: io exception
	at org.apache.ratis.thirdparty.io.grpc.stub.ClientCalls.toStatusRuntimeException(ClientCalls.java:233)
	at org.apache.ratis.thirdparty.io.grpc.stub.ClientCalls.getUnchecked(ClientCalls.java:214)
	at org.apache.ratis.thirdparty.io.grpc.stub.ClientCalls.blockingUnaryCall(ClientCalls.java:139)
	at org.apache.ratis.proto.grpc.RaftServerProtocolServiceGrpc$RaftServerProtocolServiceBlockingStub.requestVote(RaftServerProtocolServiceGrpc.java:265)
	at org.apache.ratis.grpc.server.GrpcServerProtocolClient.requestVote(GrpcServerProtocolClient.java:83)
	at org.apache.ratis.grpc.server.GrpcService.requestVote(GrpcService.java:195)
	at org.apache.ratis.server.impl.LeaderElection.lambda$submitRequests$1(LeaderElection.java:237)
	at java.util.concurrent.FutureTask.run(FutureTask.java:266)
	at java.util.concurrent.Executors$RunnableAdapter.call(Executors.java:511)
	at java.util.concurrent.FutureTask.run(FutureTask.java:266)
	at java.util.concurrent.ThreadPoolExecutor.runWorker(ThreadPoolExecutor.java:1149)
	at java.util.concurrent.ThreadPoolExecutor$Worker.run(ThreadPoolExecutor.java:624)
	... 1 more
Caused by: org.apache.ratis.thirdparty.io.netty.channel.AbstractChannel$AnnotatedConnectException: Connection refused: /192.168.36.85:46730
	at sun.nio.ch.SocketChannelImpl.checkConnect(Native Method)
	at sun.nio.ch.SocketChannelImpl.finishConnect(SocketChannelImpl.java:717)
	at org.apache.ratis.thirdparty.io.netty.channel.socket.nio.NioSocketChannel.doFinishConnect(NioSocketChannel.java:327)
	at org.apache.ratis.thirdparty.io.netty.channel.nio.AbstractNioChannel$AbstractNioUnsafe.finishConnect(AbstractNioChannel.java:340)
	at org.apache.ratis.thirdparty.io.netty.channel.nio.NioEventLoop.processSelectedKey(NioEventLoop.java:632)
	at org.apache.ratis.thirdparty.io.netty.channel.nio.NioEventLoop.processSelectedKeysOptimized(NioEventLoop.java:579)
	at org.apache.ratis.thirdparty.io.netty.channel.nio.NioEventLoop.processSelectedKeys(NioEventLoop.java:496)
	at org.apache.ratis.thirdparty.io.netty.channel.nio.NioEventLoop.run(NioEventLoop.java:458)
	at org.apache.ratis.thirdparty.io.netty.util.concurrent.SingleThreadEventExecutor$5.run(SingleThreadEventExecutor.java:897)
	at org.apache.ratis.thirdparty.io.netty.util.concurrent.FastThreadLocalRunnable.run(FastThreadLocalRunnable.java:30)
	... 1 more
Caused by: java.net.ConnectException: Connection refused
	... 11 more
2019-08-22 09:17:29,210 [093f9392-15a1-447b-85fb-4daaec7caf94:group-D53B9E930755:LeaderElection77] INFO  impl.LeaderElection (LeaderElection.java:logAndReturn(56)) - 093f9392-15a1-447b-85fb-4daaec7caf94:group-D53B9E930755:LeaderElection77: Election REJECTED; received 0 response(s) [] and 2 exception(s); 093f9392-15a1-447b-85fb-4daaec7caf94:t5, leader=null, voted=093f9392-15a1-447b-85fb-4daaec7caf94, raftlog=093f9392-15a1-447b-85fb-4daaec7caf94-SegmentedRaftLog:OPENED:c18,f18,i18, conf=0: [d22de7f6-7510-48e4-8f97-1191f0294a01:192.168.36.85:43465, 8e0331fc-a6ad-49c6-b07b-7e2a4ec9a890:192.168.36.85:46730, 093f9392-15a1-447b-85fb-4daaec7caf94:192.168.36.85:46381], old=null
2019-08-22 09:17:29,211 [093f9392-15a1-447b-85fb-4daaec7caf94:group-D53B9E930755:LeaderElection77] INFO  impl.LeaderElection (LogUtils.java:infoOrTrace(149)) -   Exception 0: {}
java.util.concurrent.ExecutionException: org.apache.ratis.thirdparty.io.grpc.StatusRuntimeException: UNAVAILABLE: io exception
	at java.util.concurrent.FutureTask.report(FutureTask.java:122)
	at java.util.concurrent.FutureTask.get(FutureTask.java:192)
	at org.apache.ratis.server.impl.LeaderElection.waitForResults(LeaderElection.java:262)
	at org.apache.ratis.server.impl.LeaderElection.askForVotes(LeaderElection.java:200)
	at org.apache.ratis.server.impl.LeaderElection.run(LeaderElection.java:130)
	at java.lang.Thread.run(Thread.java:748)
Caused by: org.apache.ratis.thirdparty.io.grpc.StatusRuntimeException: UNAVAILABLE: io exception
	at org.apache.ratis.thirdparty.io.grpc.stub.ClientCalls.toStatusRuntimeException(ClientCalls.java:233)
	at org.apache.ratis.thirdparty.io.grpc.stub.ClientCalls.getUnchecked(ClientCalls.java:214)
	at org.apache.ratis.thirdparty.io.grpc.stub.ClientCalls.blockingUnaryCall(ClientCalls.java:139)
	at org.apache.ratis.proto.grpc.RaftServerProtocolServiceGrpc$RaftServerProtocolServiceBlockingStub.requestVote(RaftServerProtocolServiceGrpc.java:265)
	at org.apache.ratis.grpc.server.GrpcServerProtocolClient.requestVote(GrpcServerProtocolClient.java:83)
	at org.apache.ratis.grpc.server.GrpcService.requestVote(GrpcService.java:195)
	at org.apache.ratis.server.impl.LeaderElection.lambda$submitRequests$1(LeaderElection.java:237)
	at java.util.concurrent.FutureTask.run(FutureTask.java:266)
	at java.util.concurrent.Executors$RunnableAdapter.call(Executors.java:511)
	at java.util.concurrent.FutureTask.run(FutureTask.java:266)
	at java.util.concurrent.ThreadPoolExecutor.runWorker(ThreadPoolExecutor.java:1149)
	at java.util.concurrent.ThreadPoolExecutor$Worker.run(ThreadPoolExecutor.java:624)
	... 1 more
Caused by: org.apache.ratis.thirdparty.io.netty.channel.AbstractChannel$AnnotatedConnectException: Connection refused: /192.168.36.85:43465
	at sun.nio.ch.SocketChannelImpl.checkConnect(Native Method)
	at sun.nio.ch.SocketChannelImpl.finishConnect(SocketChannelImpl.java:717)
	at org.apache.ratis.thirdparty.io.netty.channel.socket.nio.NioSocketChannel.doFinishConnect(NioSocketChannel.java:327)
	at org.apache.ratis.thirdparty.io.netty.channel.nio.AbstractNioChannel$AbstractNioUnsafe.finishConnect(AbstractNioChannel.java:340)
	at org.apache.ratis.thirdparty.io.netty.channel.nio.NioEventLoop.processSelectedKey(NioEventLoop.java:632)
	at org.apache.ratis.thirdparty.io.netty.channel.nio.NioEventLoop.processSelectedKeysOptimized(NioEventLoop.java:579)
	at org.apache.ratis.thirdparty.io.netty.channel.nio.NioEventLoop.processSelectedKeys(NioEventLoop.java:496)
	at org.apache.ratis.thirdparty.io.netty.channel.nio.NioEventLoop.run(NioEventLoop.java:458)
	at org.apache.ratis.thirdparty.io.netty.util.concurrent.SingleThreadEventExecutor$5.run(SingleThreadEventExecutor.java:897)
	at org.apache.ratis.thirdparty.io.netty.util.concurrent.FastThreadLocalRunnable.run(FastThreadLocalRunnable.java:30)
	... 1 more
Caused by: java.net.ConnectException: Connection refused
	... 11 more
2019-08-22 09:17:29,211 [093f9392-15a1-447b-85fb-4daaec7caf94:group-D53B9E930755:LeaderElection77] INFO  impl.LeaderElection (LogUtils.java:infoOrTrace(149)) -   Exception 1: {}
java.util.concurrent.ExecutionException: org.apache.ratis.thirdparty.io.grpc.StatusRuntimeException: UNAVAILABLE: io exception
	at java.util.concurrent.FutureTask.report(FutureTask.java:122)
	at java.util.concurrent.FutureTask.get(FutureTask.java:192)
	at org.apache.ratis.server.impl.LeaderElection.waitForResults(LeaderElection.java:262)
	at org.apache.ratis.server.impl.LeaderElection.askForVotes(LeaderElection.java:200)
	at org.apache.ratis.server.impl.LeaderElection.run(LeaderElection.java:130)
	at java.lang.Thread.run(Thread.java:748)
Caused by: org.apache.ratis.thirdparty.io.grpc.StatusRuntimeException: UNAVAILABLE: io exception
	at org.apache.ratis.thirdparty.io.grpc.stub.ClientCalls.toStatusRuntimeException(ClientCalls.java:233)
	at org.apache.ratis.thirdparty.io.grpc.stub.ClientCalls.getUnchecked(ClientCalls.java:214)
	at org.apache.ratis.thirdparty.io.grpc.stub.ClientCalls.blockingUnaryCall(ClientCalls.java:139)
	at org.apache.ratis.proto.grpc.RaftServerProtocolServiceGrpc$RaftServerProtocolServiceBlockingStub.requestVote(RaftServerProtocolServiceGrpc.java:265)
	at org.apache.ratis.grpc.server.GrpcServerProtocolClient.requestVote(GrpcServerProtocolClient.java:83)
	at org.apache.ratis.grpc.server.GrpcService.requestVote(GrpcService.java:195)
	at org.apache.ratis.server.impl.LeaderElection.lambda$submitRequests$1(LeaderElection.java:237)
	at java.util.concurrent.FutureTask.run(FutureTask.java:266)
	at java.util.concurrent.Executors$RunnableAdapter.call(Executors.java:511)
	at java.util.concurrent.FutureTask.run(FutureTask.java:266)
	at java.util.concurrent.ThreadPoolExecutor.runWorker(ThreadPoolExecutor.java:1149)
	at java.util.concurrent.ThreadPoolExecutor$Worker.run(ThreadPoolExecutor.java:624)
	... 1 more
Caused by: org.apache.ratis.thirdparty.io.netty.channel.AbstractChannel$AnnotatedConnectException: Connection refused: /192.168.36.85:46730
	at sun.nio.ch.SocketChannelImpl.checkConnect(Native Method)
	at sun.nio.ch.SocketChannelImpl.finishConnect(SocketChannelImpl.java:717)
	at org.apache.ratis.thirdparty.io.netty.channel.socket.nio.NioSocketChannel.doFinishConnect(NioSocketChannel.java:327)
	at org.apache.ratis.thirdparty.io.netty.channel.nio.AbstractNioChannel$AbstractNioUnsafe.finishConnect(AbstractNioChannel.java:340)
	at org.apache.ratis.thirdparty.io.netty.channel.nio.NioEventLoop.processSelectedKey(NioEventLoop.java:632)
	at org.apache.ratis.thirdparty.io.netty.channel.nio.NioEventLoop.processSelectedKeysOptimized(NioEventLoop.java:579)
	at org.apache.ratis.thirdparty.io.netty.channel.nio.NioEventLoop.processSelectedKeys(NioEventLoop.java:496)
	at org.apache.ratis.thirdparty.io.netty.channel.nio.NioEventLoop.run(NioEventLoop.java:458)
	at org.apache.ratis.thirdparty.io.netty.util.concurrent.SingleThreadEventExecutor$5.run(SingleThreadEventExecutor.java:897)
	at org.apache.ratis.thirdparty.io.netty.util.concurrent.FastThreadLocalRunnable.run(FastThreadLocalRunnable.java:30)
	... 1 more
Caused by: java.net.ConnectException: Connection refused
	... 11 more
2019-08-22 09:17:29,211 [093f9392-15a1-447b-85fb-4daaec7caf94:group-D53B9E930755:LeaderElection77] INFO  impl.RaftServerImpl (RaftServerImpl.java:setRole(171)) - 093f9392-15a1-447b-85fb-4daaec7caf94:group-D53B9E930755 changes role from CANDIDATE to FOLLOWER at term 5 for DISCOVERED_A_NEW_TERM
2019-08-22 09:17:29,212 [093f9392-15a1-447b-85fb-4daaec7caf94:group-D53B9E930755:LeaderElection77] INFO  impl.RoleInfo (RoleInfo.java:shutdownLeaderElection(134)) - 093f9392-15a1-447b-85fb-4daaec7caf94: shutdown LeaderElection
2019-08-22 09:17:29,212 [093f9392-15a1-447b-85fb-4daaec7caf94:group-D53B9E930755:LeaderElection77] INFO  impl.RoleInfo (RoleInfo.java:updateAndGet(143)) - 093f9392-15a1-447b-85fb-4daaec7caf94: start FollowerState
2019-08-22 09:17:29,353 | INFO  | SCMAudit | user=jenkins1000 | ip=192.168.36.85 | op=SEND_HEARTBEAT {datanodeUUID=efb90bff-72c5-4ce9-affc-3f37be090605, command=[]} | ret=SUCCESS |  
2019-08-22 09:17:29,557 | INFO  | SCMAudit | user=jenkins1000 | ip=192.168.36.85 | op=SEND_HEARTBEAT {datanodeUUID=4d51b372-1aca-44dd-a481-2d5d38da6b73, command=[]} | ret=SUCCESS |  
2019-08-22 09:17:29,812 | INFO  | SCMAudit | user=jenkins1000 | ip=192.168.36.85 | op=SEND_HEARTBEAT {datanodeUUID=67abc4f8-8424-4a13-a91f-3faee2bb56e5, command=[]} | ret=SUCCESS |  
2019-08-22 09:17:30,150 | INFO  | SCMAudit | user=jenkins1000 | ip=192.168.36.85 | op=SEND_HEARTBEAT {datanodeUUID=093f9392-15a1-447b-85fb-4daaec7caf94, command=[]} | ret=SUCCESS |  
2019-08-22 09:17:30,240 [Thread-1720] INFO  impl.FollowerState (FollowerState.java:run(106)) - 093f9392-15a1-447b-85fb-4daaec7caf94:group-D53B9E930755 changes to CANDIDATE, lastRpcTime:1027, electionTimeout:1027ms
2019-08-22 09:17:30,240 [Thread-1720] INFO  impl.RoleInfo (RoleInfo.java:shutdownFollowerState(121)) - 093f9392-15a1-447b-85fb-4daaec7caf94: shutdown FollowerState
2019-08-22 09:17:30,240 [Thread-1720] INFO  impl.RaftServerImpl (RaftServerImpl.java:setRole(171)) - 093f9392-15a1-447b-85fb-4daaec7caf94:group-D53B9E930755 changes role from FOLLOWER to CANDIDATE at term 5 for changeToCandidate
2019-08-22 09:17:30,240 [Thread-1720] INFO  impl.RoleInfo (RoleInfo.java:updateAndGet(143)) - 093f9392-15a1-447b-85fb-4daaec7caf94: start LeaderElection
2019-08-22 09:17:30,265 [093f9392-15a1-447b-85fb-4daaec7caf94:group-D53B9E930755:LeaderElection78] INFO  impl.LeaderElection (LeaderElection.java:askForVotes(181)) - 093f9392-15a1-447b-85fb-4daaec7caf94:group-D53B9E930755:LeaderElection78: begin an election at term 6 for 0: [d22de7f6-7510-48e4-8f97-1191f0294a01:192.168.36.85:43465, 8e0331fc-a6ad-49c6-b07b-7e2a4ec9a890:192.168.36.85:46730, 093f9392-15a1-447b-85fb-4daaec7caf94:192.168.36.85:46381], old=null
2019-08-22 09:17:30,266 [093f9392-15a1-447b-85fb-4daaec7caf94:group-D53B9E930755:LeaderElection78] INFO  impl.LeaderElection (LogUtils.java:infoOrTrace(149)) - 093f9392-15a1-447b-85fb-4daaec7caf94:group-D53B9E930755:LeaderElection78 got exception when requesting votes: {}
java.util.concurrent.ExecutionException: org.apache.ratis.thirdparty.io.grpc.StatusRuntimeException: UNAVAILABLE: io exception
	at java.util.concurrent.FutureTask.report(FutureTask.java:122)
	at java.util.concurrent.FutureTask.get(FutureTask.java:192)
	at org.apache.ratis.server.impl.LeaderElection.waitForResults(LeaderElection.java:262)
	at org.apache.ratis.server.impl.LeaderElection.askForVotes(LeaderElection.java:200)
	at org.apache.ratis.server.impl.LeaderElection.run(LeaderElection.java:130)
	at java.lang.Thread.run(Thread.java:748)
Caused by: org.apache.ratis.thirdparty.io.grpc.StatusRuntimeException: UNAVAILABLE: io exception
	at org.apache.ratis.thirdparty.io.grpc.stub.ClientCalls.toStatusRuntimeException(ClientCalls.java:233)
	at org.apache.ratis.thirdparty.io.grpc.stub.ClientCalls.getUnchecked(ClientCalls.java:214)
	at org.apache.ratis.thirdparty.io.grpc.stub.ClientCalls.blockingUnaryCall(ClientCalls.java:139)
	at org.apache.ratis.proto.grpc.RaftServerProtocolServiceGrpc$RaftServerProtocolServiceBlockingStub.requestVote(RaftServerProtocolServiceGrpc.java:265)
	at org.apache.ratis.grpc.server.GrpcServerProtocolClient.requestVote(GrpcServerProtocolClient.java:83)
	at org.apache.ratis.grpc.server.GrpcService.requestVote(GrpcService.java:195)
	at org.apache.ratis.server.impl.LeaderElection.lambda$submitRequests$1(LeaderElection.java:237)
	at java.util.concurrent.FutureTask.run(FutureTask.java:266)
	at java.util.concurrent.Executors$RunnableAdapter.call(Executors.java:511)
	at java.util.concurrent.FutureTask.run(FutureTask.java:266)
	at java.util.concurrent.ThreadPoolExecutor.runWorker(ThreadPoolExecutor.java:1149)
	at java.util.concurrent.ThreadPoolExecutor$Worker.run(ThreadPoolExecutor.java:624)
	... 1 more
Caused by: org.apache.ratis.thirdparty.io.netty.channel.AbstractChannel$AnnotatedConnectException: Connection refused: /192.168.36.85:43465
	at sun.nio.ch.SocketChannelImpl.checkConnect(Native Method)
	at sun.nio.ch.SocketChannelImpl.finishConnect(SocketChannelImpl.java:717)
	at org.apache.ratis.thirdparty.io.netty.channel.socket.nio.NioSocketChannel.doFinishConnect(NioSocketChannel.java:327)
	at org.apache.ratis.thirdparty.io.netty.channel.nio.AbstractNioChannel$AbstractNioUnsafe.finishConnect(AbstractNioChannel.java:340)
	at org.apache.ratis.thirdparty.io.netty.channel.nio.NioEventLoop.processSelectedKey(NioEventLoop.java:632)
	at org.apache.ratis.thirdparty.io.netty.channel.nio.NioEventLoop.processSelectedKeysOptimized(NioEventLoop.java:579)
	at org.apache.ratis.thirdparty.io.netty.channel.nio.NioEventLoop.processSelectedKeys(NioEventLoop.java:496)
	at org.apache.ratis.thirdparty.io.netty.channel.nio.NioEventLoop.run(NioEventLoop.java:458)
	at org.apache.ratis.thirdparty.io.netty.util.concurrent.SingleThreadEventExecutor$5.run(SingleThreadEventExecutor.java:897)
	at org.apache.ratis.thirdparty.io.netty.util.concurrent.FastThreadLocalRunnable.run(FastThreadLocalRunnable.java:30)
	... 1 more
Caused by: java.net.ConnectException: Connection refused
	... 11 more
2019-08-22 09:17:30,270 [093f9392-15a1-447b-85fb-4daaec7caf94:group-D53B9E930755:LeaderElection78] INFO  impl.LeaderElection (LogUtils.java:infoOrTrace(149)) - 093f9392-15a1-447b-85fb-4daaec7caf94:group-D53B9E930755:LeaderElection78 got exception when requesting votes: {}
java.util.concurrent.ExecutionException: org.apache.ratis.thirdparty.io.grpc.StatusRuntimeException: UNAVAILABLE: io exception
	at java.util.concurrent.FutureTask.report(FutureTask.java:122)
	at java.util.concurrent.FutureTask.get(FutureTask.java:192)
	at org.apache.ratis.server.impl.LeaderElection.waitForResults(LeaderElection.java:262)
	at org.apache.ratis.server.impl.LeaderElection.askForVotes(LeaderElection.java:200)
	at org.apache.ratis.server.impl.LeaderElection.run(LeaderElection.java:130)
	at java.lang.Thread.run(Thread.java:748)
Caused by: org.apache.ratis.thirdparty.io.grpc.StatusRuntimeException: UNAVAILABLE: io exception
	at org.apache.ratis.thirdparty.io.grpc.stub.ClientCalls.toStatusRuntimeException(ClientCalls.java:233)
	at org.apache.ratis.thirdparty.io.grpc.stub.ClientCalls.getUnchecked(ClientCalls.java:214)
	at org.apache.ratis.thirdparty.io.grpc.stub.ClientCalls.blockingUnaryCall(ClientCalls.java:139)
	at org.apache.ratis.proto.grpc.RaftServerProtocolServiceGrpc$RaftServerProtocolServiceBlockingStub.requestVote(RaftServerProtocolServiceGrpc.java:265)
	at org.apache.ratis.grpc.server.GrpcServerProtocolClient.requestVote(GrpcServerProtocolClient.java:83)
	at org.apache.ratis.grpc.server.GrpcService.requestVote(GrpcService.java:195)
	at org.apache.ratis.server.impl.LeaderElection.lambda$submitRequests$1(LeaderElection.java:237)
	at java.util.concurrent.FutureTask.run(FutureTask.java:266)
	at java.util.concurrent.Executors$RunnableAdapter.call(Executors.java:511)
	at java.util.concurrent.FutureTask.run(FutureTask.java:266)
	at java.util.concurrent.ThreadPoolExecutor.runWorker(ThreadPoolExecutor.java:1149)
	at java.util.concurrent.ThreadPoolExecutor$Worker.run(ThreadPoolExecutor.java:624)
	... 1 more
Caused by: org.apache.ratis.thirdparty.io.netty.channel.AbstractChannel$AnnotatedConnectException: Connection refused: /192.168.36.85:46730
	at sun.nio.ch.SocketChannelImpl.checkConnect(Native Method)
	at sun.nio.ch.SocketChannelImpl.finishConnect(SocketChannelImpl.java:717)
	at org.apache.ratis.thirdparty.io.netty.channel.socket.nio.NioSocketChannel.doFinishConnect(NioSocketChannel.java:327)
	at org.apache.ratis.thirdparty.io.netty.channel.nio.AbstractNioChannel$AbstractNioUnsafe.finishConnect(AbstractNioChannel.java:340)
	at org.apache.ratis.thirdparty.io.netty.channel.nio.NioEventLoop.processSelectedKey(NioEventLoop.java:632)
	at org.apache.ratis.thirdparty.io.netty.channel.nio.NioEventLoop.processSelectedKeysOptimized(NioEventLoop.java:579)
	at org.apache.ratis.thirdparty.io.netty.channel.nio.NioEventLoop.processSelectedKeys(NioEventLoop.java:496)
	at org.apache.ratis.thirdparty.io.netty.channel.nio.NioEventLoop.run(NioEventLoop.java:458)
	at org.apache.ratis.thirdparty.io.netty.util.concurrent.SingleThreadEventExecutor$5.run(SingleThreadEventExecutor.java:897)
	at org.apache.ratis.thirdparty.io.netty.util.concurrent.FastThreadLocalRunnable.run(FastThreadLocalRunnable.java:30)
	... 1 more
Caused by: java.net.ConnectException: Connection refused
	... 11 more
2019-08-22 09:17:30,273 [093f9392-15a1-447b-85fb-4daaec7caf94:group-D53B9E930755:LeaderElection78] INFO  impl.LeaderElection (LeaderElection.java:logAndReturn(56)) - 093f9392-15a1-447b-85fb-4daaec7caf94:group-D53B9E930755:LeaderElection78: Election REJECTED; received 0 response(s) [] and 2 exception(s); 093f9392-15a1-447b-85fb-4daaec7caf94:t6, leader=null, voted=093f9392-15a1-447b-85fb-4daaec7caf94, raftlog=093f9392-15a1-447b-85fb-4daaec7caf94-SegmentedRaftLog:OPENED:c18,f18,i18, conf=0: [d22de7f6-7510-48e4-8f97-1191f0294a01:192.168.36.85:43465, 8e0331fc-a6ad-49c6-b07b-7e2a4ec9a890:192.168.36.85:46730, 093f9392-15a1-447b-85fb-4daaec7caf94:192.168.36.85:46381], old=null
2019-08-22 09:17:30,273 [093f9392-15a1-447b-85fb-4daaec7caf94:group-D53B9E930755:LeaderElection78] INFO  impl.LeaderElection (LogUtils.java:infoOrTrace(149)) -   Exception 0: {}
java.util.concurrent.ExecutionException: org.apache.ratis.thirdparty.io.grpc.StatusRuntimeException: UNAVAILABLE: io exception
	at java.util.concurrent.FutureTask.report(FutureTask.java:122)
	at java.util.concurrent.FutureTask.get(FutureTask.java:192)
	at org.apache.ratis.server.impl.LeaderElection.waitForResults(LeaderElection.java:262)
	at org.apache.ratis.server.impl.LeaderElection.askForVotes(LeaderElection.java:200)
	at org.apache.ratis.server.impl.LeaderElection.run(LeaderElection.java:130)
	at java.lang.Thread.run(Thread.java:748)
Caused by: org.apache.ratis.thirdparty.io.grpc.StatusRuntimeException: UNAVAILABLE: io exception
	at org.apache.ratis.thirdparty.io.grpc.stub.ClientCalls.toStatusRuntimeException(ClientCalls.java:233)
	at org.apache.ratis.thirdparty.io.grpc.stub.ClientCalls.getUnchecked(ClientCalls.java:214)
	at org.apache.ratis.thirdparty.io.grpc.stub.ClientCalls.blockingUnaryCall(ClientCalls.java:139)
	at org.apache.ratis.proto.grpc.RaftServerProtocolServiceGrpc$RaftServerProtocolServiceBlockingStub.requestVote(RaftServerProtocolServiceGrpc.java:265)
	at org.apache.ratis.grpc.server.GrpcServerProtocolClient.requestVote(GrpcServerProtocolClient.java:83)
	at org.apache.ratis.grpc.server.GrpcService.requestVote(GrpcService.java:195)
	at org.apache.ratis.server.impl.LeaderElection.lambda$submitRequests$1(LeaderElection.java:237)
	at java.util.concurrent.FutureTask.run(FutureTask.java:266)
	at java.util.concurrent.Executors$RunnableAdapter.call(Executors.java:511)
	at java.util.concurrent.FutureTask.run(FutureTask.java:266)
	at java.util.concurrent.ThreadPoolExecutor.runWorker(ThreadPoolExecutor.java:1149)
	at java.util.concurrent.ThreadPoolExecutor$Worker.run(ThreadPoolExecutor.java:624)
	... 1 more
Caused by: org.apache.ratis.thirdparty.io.netty.channel.AbstractChannel$AnnotatedConnectException: Connection refused: /192.168.36.85:43465
	at sun.nio.ch.SocketChannelImpl.checkConnect(Native Method)
	at sun.nio.ch.SocketChannelImpl.finishConnect(SocketChannelImpl.java:717)
	at org.apache.ratis.thirdparty.io.netty.channel.socket.nio.NioSocketChannel.doFinishConnect(NioSocketChannel.java:327)
	at org.apache.ratis.thirdparty.io.netty.channel.nio.AbstractNioChannel$AbstractNioUnsafe.finishConnect(AbstractNioChannel.java:340)
	at org.apache.ratis.thirdparty.io.netty.channel.nio.NioEventLoop.processSelectedKey(NioEventLoop.java:632)
	at org.apache.ratis.thirdparty.io.netty.channel.nio.NioEventLoop.processSelectedKeysOptimized(NioEventLoop.java:579)
	at org.apache.ratis.thirdparty.io.netty.channel.nio.NioEventLoop.processSelectedKeys(NioEventLoop.java:496)
	at org.apache.ratis.thirdparty.io.netty.channel.nio.NioEventLoop.run(NioEventLoop.java:458)
	at org.apache.ratis.thirdparty.io.netty.util.concurrent.SingleThreadEventExecutor$5.run(SingleThreadEventExecutor.java:897)
	at org.apache.ratis.thirdparty.io.netty.util.concurrent.FastThreadLocalRunnable.run(FastThreadLocalRunnable.java:30)
	... 1 more
Caused by: java.net.ConnectException: Connection refused
	... 11 more
2019-08-22 09:17:30,273 [093f9392-15a1-447b-85fb-4daaec7caf94:group-D53B9E930755:LeaderElection78] INFO  impl.LeaderElection (LogUtils.java:infoOrTrace(149)) -   Exception 1: {}
java.util.concurrent.ExecutionException: org.apache.ratis.thirdparty.io.grpc.StatusRuntimeException: UNAVAILABLE: io exception
	at java.util.concurrent.FutureTask.report(FutureTask.java:122)
	at java.util.concurrent.FutureTask.get(FutureTask.java:192)
	at org.apache.ratis.server.impl.LeaderElection.waitForResults(LeaderElection.java:262)
	at org.apache.ratis.server.impl.LeaderElection.askForVotes(LeaderElection.java:200)
	at org.apache.ratis.server.impl.LeaderElection.run(LeaderElection.java:130)
	at java.lang.Thread.run(Thread.java:748)
Caused by: org.apache.ratis.thirdparty.io.grpc.StatusRuntimeException: UNAVAILABLE: io exception
	at org.apache.ratis.thirdparty.io.grpc.stub.ClientCalls.toStatusRuntimeException(ClientCalls.java:233)
	at org.apache.ratis.thirdparty.io.grpc.stub.ClientCalls.getUnchecked(ClientCalls.java:214)
	at org.apache.ratis.thirdparty.io.grpc.stub.ClientCalls.blockingUnaryCall(ClientCalls.java:139)
	at org.apache.ratis.proto.grpc.RaftServerProtocolServiceGrpc$RaftServerProtocolServiceBlockingStub.requestVote(RaftServerProtocolServiceGrpc.java:265)
	at org.apache.ratis.grpc.server.GrpcServerProtocolClient.requestVote(GrpcServerProtocolClient.java:83)
	at org.apache.ratis.grpc.server.GrpcService.requestVote(GrpcService.java:195)
	at org.apache.ratis.server.impl.LeaderElection.lambda$submitRequests$1(LeaderElection.java:237)
	at java.util.concurrent.FutureTask.run(FutureTask.java:266)
	at java.util.concurrent.Executors$RunnableAdapter.call(Executors.java:511)
	at java.util.concurrent.FutureTask.run(FutureTask.java:266)
	at java.util.concurrent.ThreadPoolExecutor.runWorker(ThreadPoolExecutor.java:1149)
	at java.util.concurrent.ThreadPoolExecutor$Worker.run(ThreadPoolExecutor.java:624)
	... 1 more
Caused by: org.apache.ratis.thirdparty.io.netty.channel.AbstractChannel$AnnotatedConnectException: Connection refused: /192.168.36.85:46730
	at sun.nio.ch.SocketChannelImpl.checkConnect(Native Method)
	at sun.nio.ch.SocketChannelImpl.finishConnect(SocketChannelImpl.java:717)
	at org.apache.ratis.thirdparty.io.netty.channel.socket.nio.NioSocketChannel.doFinishConnect(NioSocketChannel.java:327)
	at org.apache.ratis.thirdparty.io.netty.channel.nio.AbstractNioChannel$AbstractNioUnsafe.finishConnect(AbstractNioChannel.java:340)
	at org.apache.ratis.thirdparty.io.netty.channel.nio.NioEventLoop.processSelectedKey(NioEventLoop.java:632)
	at org.apache.ratis.thirdparty.io.netty.channel.nio.NioEventLoop.processSelectedKeysOptimized(NioEventLoop.java:579)
	at org.apache.ratis.thirdparty.io.netty.channel.nio.NioEventLoop.processSelectedKeys(NioEventLoop.java:496)
	at org.apache.ratis.thirdparty.io.netty.channel.nio.NioEventLoop.run(NioEventLoop.java:458)
	at org.apache.ratis.thirdparty.io.netty.util.concurrent.SingleThreadEventExecutor$5.run(SingleThreadEventExecutor.java:897)
	at org.apache.ratis.thirdparty.io.netty.util.concurrent.FastThreadLocalRunnable.run(FastThreadLocalRunnable.java:30)
	... 1 more
Caused by: java.net.ConnectException: Connection refused
	... 11 more
2019-08-22 09:17:30,273 [093f9392-15a1-447b-85fb-4daaec7caf94:group-D53B9E930755:LeaderElection78] INFO  impl.RaftServerImpl (RaftServerImpl.java:setRole(171)) - 093f9392-15a1-447b-85fb-4daaec7caf94:group-D53B9E930755 changes role from CANDIDATE to FOLLOWER at term 6 for DISCOVERED_A_NEW_TERM
2019-08-22 09:17:30,274 [093f9392-15a1-447b-85fb-4daaec7caf94:group-D53B9E930755:LeaderElection78] INFO  impl.RoleInfo (RoleInfo.java:shutdownLeaderElection(134)) - 093f9392-15a1-447b-85fb-4daaec7caf94: shutdown LeaderElection
2019-08-22 09:17:30,274 [093f9392-15a1-447b-85fb-4daaec7caf94:group-D53B9E930755:LeaderElection78] INFO  impl.RoleInfo (RoleInfo.java:updateAndGet(143)) - 093f9392-15a1-447b-85fb-4daaec7caf94: start FollowerState
2019-08-22 09:17:30,353 | INFO  | SCMAudit | user=jenkins1000 | ip=192.168.36.85 | op=SEND_HEARTBEAT {datanodeUUID=efb90bff-72c5-4ce9-affc-3f37be090605, command=[]} | ret=SUCCESS |  
2019-08-22 09:17:30,557 | INFO  | SCMAudit | user=jenkins1000 | ip=192.168.36.85 | op=SEND_HEARTBEAT {datanodeUUID=4d51b372-1aca-44dd-a481-2d5d38da6b73, command=[]} | ret=SUCCESS |  
2019-08-22 09:17:30,812 | INFO  | SCMAudit | user=jenkins1000 | ip=192.168.36.85 | op=SEND_HEARTBEAT {datanodeUUID=67abc4f8-8424-4a13-a91f-3faee2bb56e5, command=[]} | ret=SUCCESS |  
2019-08-22 09:17:31,150 | INFO  | SCMAudit | user=jenkins1000 | ip=192.168.36.85 | op=SEND_HEARTBEAT {datanodeUUID=093f9392-15a1-447b-85fb-4daaec7caf94, command=[]} | ret=SUCCESS |  
2019-08-22 09:17:31,354 | INFO  | SCMAudit | user=jenkins1000 | ip=192.168.36.85 | op=SEND_HEARTBEAT {datanodeUUID=efb90bff-72c5-4ce9-affc-3f37be090605, command=[]} | ret=SUCCESS |  
2019-08-22 09:17:31,379 [Thread-1730] INFO  impl.FollowerState (FollowerState.java:run(106)) - 093f9392-15a1-447b-85fb-4daaec7caf94:group-D53B9E930755 changes to CANDIDATE, lastRpcTime:1105, electionTimeout:1105ms
2019-08-22 09:17:31,380 [Thread-1730] INFO  impl.RoleInfo (RoleInfo.java:shutdownFollowerState(121)) - 093f9392-15a1-447b-85fb-4daaec7caf94: shutdown FollowerState
2019-08-22 09:17:31,380 [Thread-1730] INFO  impl.RaftServerImpl (RaftServerImpl.java:setRole(171)) - 093f9392-15a1-447b-85fb-4daaec7caf94:group-D53B9E930755 changes role from FOLLOWER to CANDIDATE at term 6 for changeToCandidate
2019-08-22 09:17:31,380 [Thread-1730] INFO  impl.RoleInfo (RoleInfo.java:updateAndGet(143)) - 093f9392-15a1-447b-85fb-4daaec7caf94: start LeaderElection
2019-08-22 09:17:31,399 [093f9392-15a1-447b-85fb-4daaec7caf94:group-D53B9E930755:LeaderElection79] INFO  impl.LeaderElection (LeaderElection.java:askForVotes(181)) - 093f9392-15a1-447b-85fb-4daaec7caf94:group-D53B9E930755:LeaderElection79: begin an election at term 7 for 0: [d22de7f6-7510-48e4-8f97-1191f0294a01:192.168.36.85:43465, 8e0331fc-a6ad-49c6-b07b-7e2a4ec9a890:192.168.36.85:46730, 093f9392-15a1-447b-85fb-4daaec7caf94:192.168.36.85:46381], old=null
2019-08-22 09:17:31,400 [093f9392-15a1-447b-85fb-4daaec7caf94:group-D53B9E930755:LeaderElection79] INFO  impl.LeaderElection (LogUtils.java:infoOrTrace(149)) - 093f9392-15a1-447b-85fb-4daaec7caf94:group-D53B9E930755:LeaderElection79 got exception when requesting votes: {}
java.util.concurrent.ExecutionException: org.apache.ratis.thirdparty.io.grpc.StatusRuntimeException: UNAVAILABLE: io exception
	at java.util.concurrent.FutureTask.report(FutureTask.java:122)
	at java.util.concurrent.FutureTask.get(FutureTask.java:192)
	at org.apache.ratis.server.impl.LeaderElection.waitForResults(LeaderElection.java:262)
	at org.apache.ratis.server.impl.LeaderElection.askForVotes(LeaderElection.java:200)
	at org.apache.ratis.server.impl.LeaderElection.run(LeaderElection.java:130)
	at java.lang.Thread.run(Thread.java:748)
Caused by: org.apache.ratis.thirdparty.io.grpc.StatusRuntimeException: UNAVAILABLE: io exception
	at org.apache.ratis.thirdparty.io.grpc.stub.ClientCalls.toStatusRuntimeException(ClientCalls.java:233)
	at org.apache.ratis.thirdparty.io.grpc.stub.ClientCalls.getUnchecked(ClientCalls.java:214)
	at org.apache.ratis.thirdparty.io.grpc.stub.ClientCalls.blockingUnaryCall(ClientCalls.java:139)
	at org.apache.ratis.proto.grpc.RaftServerProtocolServiceGrpc$RaftServerProtocolServiceBlockingStub.requestVote(RaftServerProtocolServiceGrpc.java:265)
	at org.apache.ratis.grpc.server.GrpcServerProtocolClient.requestVote(GrpcServerProtocolClient.java:83)
	at org.apache.ratis.grpc.server.GrpcService.requestVote(GrpcService.java:195)
	at org.apache.ratis.server.impl.LeaderElection.lambda$submitRequests$1(LeaderElection.java:237)
	at java.util.concurrent.FutureTask.run(FutureTask.java:266)
	at java.util.concurrent.Executors$RunnableAdapter.call(Executors.java:511)
	at java.util.concurrent.FutureTask.run(FutureTask.java:266)
	at java.util.concurrent.ThreadPoolExecutor.runWorker(ThreadPoolExecutor.java:1149)
	at java.util.concurrent.ThreadPoolExecutor$Worker.run(ThreadPoolExecutor.java:624)
	... 1 more
Caused by: org.apache.ratis.thirdparty.io.netty.channel.AbstractChannel$AnnotatedConnectException: Connection refused: /192.168.36.85:43465
	at sun.nio.ch.SocketChannelImpl.checkConnect(Native Method)
	at sun.nio.ch.SocketChannelImpl.finishConnect(SocketChannelImpl.java:717)
	at org.apache.ratis.thirdparty.io.netty.channel.socket.nio.NioSocketChannel.doFinishConnect(NioSocketChannel.java:327)
	at org.apache.ratis.thirdparty.io.netty.channel.nio.AbstractNioChannel$AbstractNioUnsafe.finishConnect(AbstractNioChannel.java:340)
	at org.apache.ratis.thirdparty.io.netty.channel.nio.NioEventLoop.processSelectedKey(NioEventLoop.java:632)
	at org.apache.ratis.thirdparty.io.netty.channel.nio.NioEventLoop.processSelectedKeysOptimized(NioEventLoop.java:579)
	at org.apache.ratis.thirdparty.io.netty.channel.nio.NioEventLoop.processSelectedKeys(NioEventLoop.java:496)
	at org.apache.ratis.thirdparty.io.netty.channel.nio.NioEventLoop.run(NioEventLoop.java:458)
	at org.apache.ratis.thirdparty.io.netty.util.concurrent.SingleThreadEventExecutor$5.run(SingleThreadEventExecutor.java:897)
	at org.apache.ratis.thirdparty.io.netty.util.concurrent.FastThreadLocalRunnable.run(FastThreadLocalRunnable.java:30)
	... 1 more
Caused by: java.net.ConnectException: Connection refused
	... 11 more
2019-08-22 09:17:31,403 [093f9392-15a1-447b-85fb-4daaec7caf94:group-D53B9E930755:LeaderElection79] INFO  impl.LeaderElection (LogUtils.java:infoOrTrace(149)) - 093f9392-15a1-447b-85fb-4daaec7caf94:group-D53B9E930755:LeaderElection79 got exception when requesting votes: {}
java.util.concurrent.ExecutionException: org.apache.ratis.thirdparty.io.grpc.StatusRuntimeException: UNAVAILABLE: io exception
	at java.util.concurrent.FutureTask.report(FutureTask.java:122)
	at java.util.concurrent.FutureTask.get(FutureTask.java:192)
	at org.apache.ratis.server.impl.LeaderElection.waitForResults(LeaderElection.java:262)
	at org.apache.ratis.server.impl.LeaderElection.askForVotes(LeaderElection.java:200)
	at org.apache.ratis.server.impl.LeaderElection.run(LeaderElection.java:130)
	at java.lang.Thread.run(Thread.java:748)
Caused by: org.apache.ratis.thirdparty.io.grpc.StatusRuntimeException: UNAVAILABLE: io exception
	at org.apache.ratis.thirdparty.io.grpc.stub.ClientCalls.toStatusRuntimeException(ClientCalls.java:233)
	at org.apache.ratis.thirdparty.io.grpc.stub.ClientCalls.getUnchecked(ClientCalls.java:214)
	at org.apache.ratis.thirdparty.io.grpc.stub.ClientCalls.blockingUnaryCall(ClientCalls.java:139)
	at org.apache.ratis.proto.grpc.RaftServerProtocolServiceGrpc$RaftServerProtocolServiceBlockingStub.requestVote(RaftServerProtocolServiceGrpc.java:265)
	at org.apache.ratis.grpc.server.GrpcServerProtocolClient.requestVote(GrpcServerProtocolClient.java:83)
	at org.apache.ratis.grpc.server.GrpcService.requestVote(GrpcService.java:195)
	at org.apache.ratis.server.impl.LeaderElection.lambda$submitRequests$1(LeaderElection.java:237)
	at java.util.concurrent.FutureTask.run(FutureTask.java:266)
	at java.util.concurrent.Executors$RunnableAdapter.call(Executors.java:511)
	at java.util.concurrent.FutureTask.run(FutureTask.java:266)
	at java.util.concurrent.ThreadPoolExecutor.runWorker(ThreadPoolExecutor.java:1149)
	at java.util.concurrent.ThreadPoolExecutor$Worker.run(ThreadPoolExecutor.java:624)
	... 1 more
Caused by: org.apache.ratis.thirdparty.io.netty.channel.AbstractChannel$AnnotatedConnectException: Connection refused: /192.168.36.85:46730
	at sun.nio.ch.SocketChannelImpl.checkConnect(Native Method)
	at sun.nio.ch.SocketChannelImpl.finishConnect(SocketChannelImpl.java:717)
	at org.apache.ratis.thirdparty.io.netty.channel.socket.nio.NioSocketChannel.doFinishConnect(NioSocketChannel.java:327)
	at org.apache.ratis.thirdparty.io.netty.channel.nio.AbstractNioChannel$AbstractNioUnsafe.finishConnect(AbstractNioChannel.java:340)
	at org.apache.ratis.thirdparty.io.netty.channel.nio.NioEventLoop.processSelectedKey(NioEventLoop.java:632)
	at org.apache.ratis.thirdparty.io.netty.channel.nio.NioEventLoop.processSelectedKeysOptimized(NioEventLoop.java:579)
	at org.apache.ratis.thirdparty.io.netty.channel.nio.NioEventLoop.processSelectedKeys(NioEventLoop.java:496)
	at org.apache.ratis.thirdparty.io.netty.channel.nio.NioEventLoop.run(NioEventLoop.java:458)
	at org.apache.ratis.thirdparty.io.netty.util.concurrent.SingleThreadEventExecutor$5.run(SingleThreadEventExecutor.java:897)
	at org.apache.ratis.thirdparty.io.netty.util.concurrent.FastThreadLocalRunnable.run(FastThreadLocalRunnable.java:30)
	... 1 more
Caused by: java.net.ConnectException: Connection refused
	... 11 more
2019-08-22 09:17:31,404 [093f9392-15a1-447b-85fb-4daaec7caf94:group-D53B9E930755:LeaderElection79] INFO  impl.LeaderElection (LeaderElection.java:logAndReturn(56)) - 093f9392-15a1-447b-85fb-4daaec7caf94:group-D53B9E930755:LeaderElection79: Election REJECTED; received 0 response(s) [] and 2 exception(s); 093f9392-15a1-447b-85fb-4daaec7caf94:t7, leader=null, voted=093f9392-15a1-447b-85fb-4daaec7caf94, raftlog=093f9392-15a1-447b-85fb-4daaec7caf94-SegmentedRaftLog:OPENED:c18,f18,i18, conf=0: [d22de7f6-7510-48e4-8f97-1191f0294a01:192.168.36.85:43465, 8e0331fc-a6ad-49c6-b07b-7e2a4ec9a890:192.168.36.85:46730, 093f9392-15a1-447b-85fb-4daaec7caf94:192.168.36.85:46381], old=null
2019-08-22 09:17:31,404 [093f9392-15a1-447b-85fb-4daaec7caf94:group-D53B9E930755:LeaderElection79] INFO  impl.LeaderElection (LogUtils.java:infoOrTrace(149)) -   Exception 0: {}
java.util.concurrent.ExecutionException: org.apache.ratis.thirdparty.io.grpc.StatusRuntimeException: UNAVAILABLE: io exception
	at java.util.concurrent.FutureTask.report(FutureTask.java:122)
	at java.util.concurrent.FutureTask.get(FutureTask.java:192)
	at org.apache.ratis.server.impl.LeaderElection.waitForResults(LeaderElection.java:262)
	at org.apache.ratis.server.impl.LeaderElection.askForVotes(LeaderElection.java:200)
	at org.apache.ratis.server.impl.LeaderElection.run(LeaderElection.java:130)
	at java.lang.Thread.run(Thread.java:748)
Caused by: org.apache.ratis.thirdparty.io.grpc.StatusRuntimeException: UNAVAILABLE: io exception
	at org.apache.ratis.thirdparty.io.grpc.stub.ClientCalls.toStatusRuntimeException(ClientCalls.java:233)
	at org.apache.ratis.thirdparty.io.grpc.stub.ClientCalls.getUnchecked(ClientCalls.java:214)
	at org.apache.ratis.thirdparty.io.grpc.stub.ClientCalls.blockingUnaryCall(ClientCalls.java:139)
	at org.apache.ratis.proto.grpc.RaftServerProtocolServiceGrpc$RaftServerProtocolServiceBlockingStub.requestVote(RaftServerProtocolServiceGrpc.java:265)
	at org.apache.ratis.grpc.server.GrpcServerProtocolClient.requestVote(GrpcServerProtocolClient.java:83)
	at org.apache.ratis.grpc.server.GrpcService.requestVote(GrpcService.java:195)
	at org.apache.ratis.server.impl.LeaderElection.lambda$submitRequests$1(LeaderElection.java:237)
	at java.util.concurrent.FutureTask.run(FutureTask.java:266)
	at java.util.concurrent.Executors$RunnableAdapter.call(Executors.java:511)
	at java.util.concurrent.FutureTask.run(FutureTask.java:266)
	at java.util.concurrent.ThreadPoolExecutor.runWorker(ThreadPoolExecutor.java:1149)
	at java.util.concurrent.ThreadPoolExecutor$Worker.run(ThreadPoolExecutor.java:624)
	... 1 more
Caused by: org.apache.ratis.thirdparty.io.netty.channel.AbstractChannel$AnnotatedConnectException: Connection refused: /192.168.36.85:43465
	at sun.nio.ch.SocketChannelImpl.checkConnect(Native Method)
	at sun.nio.ch.SocketChannelImpl.finishConnect(SocketChannelImpl.java:717)
	at org.apache.ratis.thirdparty.io.netty.channel.socket.nio.NioSocketChannel.doFinishConnect(NioSocketChannel.java:327)
	at org.apache.ratis.thirdparty.io.netty.channel.nio.AbstractNioChannel$AbstractNioUnsafe.finishConnect(AbstractNioChannel.java:340)
	at org.apache.ratis.thirdparty.io.netty.channel.nio.NioEventLoop.processSelectedKey(NioEventLoop.java:632)
	at org.apache.ratis.thirdparty.io.netty.channel.nio.NioEventLoop.processSelectedKeysOptimized(NioEventLoop.java:579)
	at org.apache.ratis.thirdparty.io.netty.channel.nio.NioEventLoop.processSelectedKeys(NioEventLoop.java:496)
	at org.apache.ratis.thirdparty.io.netty.channel.nio.NioEventLoop.run(NioEventLoop.java:458)
	at org.apache.ratis.thirdparty.io.netty.util.concurrent.SingleThreadEventExecutor$5.run(SingleThreadEventExecutor.java:897)
	at org.apache.ratis.thirdparty.io.netty.util.concurrent.FastThreadLocalRunnable.run(FastThreadLocalRunnable.java:30)
	... 1 more
Caused by: java.net.ConnectException: Connection refused
	... 11 more
2019-08-22 09:17:31,404 [093f9392-15a1-447b-85fb-4daaec7caf94:group-D53B9E930755:LeaderElection79] INFO  impl.LeaderElection (LogUtils.java:infoOrTrace(149)) -   Exception 1: {}
java.util.concurrent.ExecutionException: org.apache.ratis.thirdparty.io.grpc.StatusRuntimeException: UNAVAILABLE: io exception
	at java.util.concurrent.FutureTask.report(FutureTask.java:122)
	at java.util.concurrent.FutureTask.get(FutureTask.java:192)
	at org.apache.ratis.server.impl.LeaderElection.waitForResults(LeaderElection.java:262)
	at org.apache.ratis.server.impl.LeaderElection.askForVotes(LeaderElection.java:200)
	at org.apache.ratis.server.impl.LeaderElection.run(LeaderElection.java:130)
	at java.lang.Thread.run(Thread.java:748)
Caused by: org.apache.ratis.thirdparty.io.grpc.StatusRuntimeException: UNAVAILABLE: io exception
	at org.apache.ratis.thirdparty.io.grpc.stub.ClientCalls.toStatusRuntimeException(ClientCalls.java:233)
	at org.apache.ratis.thirdparty.io.grpc.stub.ClientCalls.getUnchecked(ClientCalls.java:214)
	at org.apache.ratis.thirdparty.io.grpc.stub.ClientCalls.blockingUnaryCall(ClientCalls.java:139)
	at org.apache.ratis.proto.grpc.RaftServerProtocolServiceGrpc$RaftServerProtocolServiceBlockingStub.requestVote(RaftServerProtocolServiceGrpc.java:265)
	at org.apache.ratis.grpc.server.GrpcServerProtocolClient.requestVote(GrpcServerProtocolClient.java:83)
	at org.apache.ratis.grpc.server.GrpcService.requestVote(GrpcService.java:195)
	at org.apache.ratis.server.impl.LeaderElection.lambda$submitRequests$1(LeaderElection.java:237)
	at java.util.concurrent.FutureTask.run(FutureTask.java:266)
	at java.util.concurrent.Executors$RunnableAdapter.call(Executors.java:511)
	at java.util.concurrent.FutureTask.run(FutureTask.java:266)
	at java.util.concurrent.ThreadPoolExecutor.runWorker(ThreadPoolExecutor.java:1149)
	at java.util.concurrent.ThreadPoolExecutor$Worker.run(ThreadPoolExecutor.java:624)
	... 1 more
Caused by: org.apache.ratis.thirdparty.io.netty.channel.AbstractChannel$AnnotatedConnectException: Connection refused: /192.168.36.85:46730
	at sun.nio.ch.SocketChannelImpl.checkConnect(Native Method)
	at sun.nio.ch.SocketChannelImpl.finishConnect(SocketChannelImpl.java:717)
	at org.apache.ratis.thirdparty.io.netty.channel.socket.nio.NioSocketChannel.doFinishConnect(NioSocketChannel.java:327)
	at org.apache.ratis.thirdparty.io.netty.channel.nio.AbstractNioChannel$AbstractNioUnsafe.finishConnect(AbstractNioChannel.java:340)
	at org.apache.ratis.thirdparty.io.netty.channel.nio.NioEventLoop.processSelectedKey(NioEventLoop.java:632)
	at org.apache.ratis.thirdparty.io.netty.channel.nio.NioEventLoop.processSelectedKeysOptimized(NioEventLoop.java:579)
	at org.apache.ratis.thirdparty.io.netty.channel.nio.NioEventLoop.processSelectedKeys(NioEventLoop.java:496)
	at org.apache.ratis.thirdparty.io.netty.channel.nio.NioEventLoop.run(NioEventLoop.java:458)
	at org.apache.ratis.thirdparty.io.netty.util.concurrent.SingleThreadEventExecutor$5.run(SingleThreadEventExecutor.java:897)
	at org.apache.ratis.thirdparty.io.netty.util.concurrent.FastThreadLocalRunnable.run(FastThreadLocalRunnable.java:30)
	... 1 more
Caused by: java.net.ConnectException: Connection refused
	... 11 more
2019-08-22 09:17:31,405 [093f9392-15a1-447b-85fb-4daaec7caf94:group-D53B9E930755:LeaderElection79] INFO  impl.RaftServerImpl (RaftServerImpl.java:setRole(171)) - 093f9392-15a1-447b-85fb-4daaec7caf94:group-D53B9E930755 changes role from CANDIDATE to FOLLOWER at term 7 for DISCOVERED_A_NEW_TERM
2019-08-22 09:17:31,405 [093f9392-15a1-447b-85fb-4daaec7caf94:group-D53B9E930755:LeaderElection79] INFO  impl.RoleInfo (RoleInfo.java:shutdownLeaderElection(134)) - 093f9392-15a1-447b-85fb-4daaec7caf94: shutdown LeaderElection
2019-08-22 09:17:31,405 [093f9392-15a1-447b-85fb-4daaec7caf94:group-D53B9E930755:LeaderElection79] INFO  impl.RoleInfo (RoleInfo.java:updateAndGet(143)) - 093f9392-15a1-447b-85fb-4daaec7caf94: start FollowerState
2019-08-22 09:17:31,557 | INFO  | SCMAudit | user=jenkins1000 | ip=192.168.36.85 | op=SEND_HEARTBEAT {datanodeUUID=4d51b372-1aca-44dd-a481-2d5d38da6b73, command=[]} | ret=SUCCESS |  
2019-08-22 09:17:31,812 | INFO  | SCMAudit | user=jenkins1000 | ip=192.168.36.85 | op=SEND_HEARTBEAT {datanodeUUID=67abc4f8-8424-4a13-a91f-3faee2bb56e5, command=[]} | ret=SUCCESS |  
2019-08-22 09:17:31,907 [grpc-default-executor-3] INFO  client.GrpcClientProtocolClient (GrpcClientProtocolClient.java:onNext(255)) - client-12FE3A59FB04->093f9392-15a1-447b-85fb-4daaec7caf94: receive RaftClientReply:client-12FE3A59FB04->093f9392-15a1-447b-85fb-4daaec7caf94@group-D53B9E930755, cid=99, FAILED org.apache.ratis.protocol.NotLeaderException: Server 093f9392-15a1-447b-85fb-4daaec7caf94 is not the leader (null). Request must be sent to leader., logIndex=0, commits[093f9392-15a1-447b-85fb-4daaec7caf94:c18, d22de7f6-7510-48e4-8f97-1191f0294a01:c18, 8e0331fc-a6ad-49c6-b07b-7e2a4ec9a890:c18]
2019-08-22 09:17:32,151 | INFO  | SCMAudit | user=jenkins1000 | ip=192.168.36.85 | op=SEND_HEARTBEAT {datanodeUUID=093f9392-15a1-447b-85fb-4daaec7caf94, command=[]} | ret=SUCCESS |  
2019-08-22 09:17:32,354 | INFO  | SCMAudit | user=jenkins1000 | ip=192.168.36.85 | op=SEND_HEARTBEAT {datanodeUUID=efb90bff-72c5-4ce9-affc-3f37be090605, command=[]} | ret=SUCCESS |  
2019-08-22 09:17:32,557 | INFO  | SCMAudit | user=jenkins1000 | ip=192.168.36.85 | op=SEND_HEARTBEAT {datanodeUUID=4d51b372-1aca-44dd-a481-2d5d38da6b73, command=[]} | ret=SUCCESS |  
2019-08-22 09:17:32,582 [Thread-1742] INFO  impl.FollowerState (FollowerState.java:run(106)) - 093f9392-15a1-447b-85fb-4daaec7caf94:group-D53B9E930755 changes to CANDIDATE, lastRpcTime:1177, electionTimeout:1177ms
2019-08-22 09:17:32,582 [Thread-1742] INFO  impl.RoleInfo (RoleInfo.java:shutdownFollowerState(121)) - 093f9392-15a1-447b-85fb-4daaec7caf94: shutdown FollowerState
2019-08-22 09:17:32,583 [Thread-1742] INFO  impl.RaftServerImpl (RaftServerImpl.java:setRole(171)) - 093f9392-15a1-447b-85fb-4daaec7caf94:group-D53B9E930755 changes role from FOLLOWER to CANDIDATE at term 7 for changeToCandidate
2019-08-22 09:17:32,583 [Thread-1742] INFO  impl.RoleInfo (RoleInfo.java:updateAndGet(143)) - 093f9392-15a1-447b-85fb-4daaec7caf94: start LeaderElection
2019-08-22 09:17:32,608 [093f9392-15a1-447b-85fb-4daaec7caf94:group-D53B9E930755:LeaderElection80] INFO  impl.LeaderElection (LeaderElection.java:askForVotes(181)) - 093f9392-15a1-447b-85fb-4daaec7caf94:group-D53B9E930755:LeaderElection80: begin an election at term 8 for 0: [d22de7f6-7510-48e4-8f97-1191f0294a01:192.168.36.85:43465, 8e0331fc-a6ad-49c6-b07b-7e2a4ec9a890:192.168.36.85:46730, 093f9392-15a1-447b-85fb-4daaec7caf94:192.168.36.85:46381], old=null
2019-08-22 09:17:32,609 [093f9392-15a1-447b-85fb-4daaec7caf94:group-D53B9E930755:LeaderElection80] INFO  impl.LeaderElection (LogUtils.java:infoOrTrace(149)) - 093f9392-15a1-447b-85fb-4daaec7caf94:group-D53B9E930755:LeaderElection80 got exception when requesting votes: {}
java.util.concurrent.ExecutionException: org.apache.ratis.thirdparty.io.grpc.StatusRuntimeException: UNAVAILABLE: io exception
	at java.util.concurrent.FutureTask.report(FutureTask.java:122)
	at java.util.concurrent.FutureTask.get(FutureTask.java:192)
	at org.apache.ratis.server.impl.LeaderElection.waitForResults(LeaderElection.java:262)
	at org.apache.ratis.server.impl.LeaderElection.askForVotes(LeaderElection.java:200)
	at org.apache.ratis.server.impl.LeaderElection.run(LeaderElection.java:130)
	at java.lang.Thread.run(Thread.java:748)
Caused by: org.apache.ratis.thirdparty.io.grpc.StatusRuntimeException: UNAVAILABLE: io exception
	at org.apache.ratis.thirdparty.io.grpc.stub.ClientCalls.toStatusRuntimeException(ClientCalls.java:233)
	at org.apache.ratis.thirdparty.io.grpc.stub.ClientCalls.getUnchecked(ClientCalls.java:214)
	at org.apache.ratis.thirdparty.io.grpc.stub.ClientCalls.blockingUnaryCall(ClientCalls.java:139)
	at org.apache.ratis.proto.grpc.RaftServerProtocolServiceGrpc$RaftServerProtocolServiceBlockingStub.requestVote(RaftServerProtocolServiceGrpc.java:265)
	at org.apache.ratis.grpc.server.GrpcServerProtocolClient.requestVote(GrpcServerProtocolClient.java:83)
	at org.apache.ratis.grpc.server.GrpcService.requestVote(GrpcService.java:195)
	at org.apache.ratis.server.impl.LeaderElection.lambda$submitRequests$1(LeaderElection.java:237)
	at java.util.concurrent.FutureTask.run(FutureTask.java:266)
	at java.util.concurrent.Executors$RunnableAdapter.call(Executors.java:511)
	at java.util.concurrent.FutureTask.run(FutureTask.java:266)
	at java.util.concurrent.ThreadPoolExecutor.runWorker(ThreadPoolExecutor.java:1149)
	at java.util.concurrent.ThreadPoolExecutor$Worker.run(ThreadPoolExecutor.java:624)
	... 1 more
Caused by: org.apache.ratis.thirdparty.io.netty.channel.AbstractChannel$AnnotatedConnectException: Connection refused: /192.168.36.85:43465
	at sun.nio.ch.SocketChannelImpl.checkConnect(Native Method)
	at sun.nio.ch.SocketChannelImpl.finishConnect(SocketChannelImpl.java:717)
	at org.apache.ratis.thirdparty.io.netty.channel.socket.nio.NioSocketChannel.doFinishConnect(NioSocketChannel.java:327)
	at org.apache.ratis.thirdparty.io.netty.channel.nio.AbstractNioChannel$AbstractNioUnsafe.finishConnect(AbstractNioChannel.java:340)
	at org.apache.ratis.thirdparty.io.netty.channel.nio.NioEventLoop.processSelectedKey(NioEventLoop.java:632)
	at org.apache.ratis.thirdparty.io.netty.channel.nio.NioEventLoop.processSelectedKeysOptimized(NioEventLoop.java:579)
	at org.apache.ratis.thirdparty.io.netty.channel.nio.NioEventLoop.processSelectedKeys(NioEventLoop.java:496)
	at org.apache.ratis.thirdparty.io.netty.channel.nio.NioEventLoop.run(NioEventLoop.java:458)
	at org.apache.ratis.thirdparty.io.netty.util.concurrent.SingleThreadEventExecutor$5.run(SingleThreadEventExecutor.java:897)
	at org.apache.ratis.thirdparty.io.netty.util.concurrent.FastThreadLocalRunnable.run(FastThreadLocalRunnable.java:30)
	... 1 more
Caused by: java.net.ConnectException: Connection refused
	... 11 more
2019-08-22 09:17:32,613 [093f9392-15a1-447b-85fb-4daaec7caf94:group-D53B9E930755:LeaderElection80] INFO  impl.LeaderElection (LogUtils.java:infoOrTrace(149)) - 093f9392-15a1-447b-85fb-4daaec7caf94:group-D53B9E930755:LeaderElection80 got exception when requesting votes: {}
java.util.concurrent.ExecutionException: org.apache.ratis.thirdparty.io.grpc.StatusRuntimeException: UNAVAILABLE: io exception
	at java.util.concurrent.FutureTask.report(FutureTask.java:122)
	at java.util.concurrent.FutureTask.get(FutureTask.java:192)
	at org.apache.ratis.server.impl.LeaderElection.waitForResults(LeaderElection.java:262)
	at org.apache.ratis.server.impl.LeaderElection.askForVotes(LeaderElection.java:200)
	at org.apache.ratis.server.impl.LeaderElection.run(LeaderElection.java:130)
	at java.lang.Thread.run(Thread.java:748)
Caused by: org.apache.ratis.thirdparty.io.grpc.StatusRuntimeException: UNAVAILABLE: io exception
	at org.apache.ratis.thirdparty.io.grpc.stub.ClientCalls.toStatusRuntimeException(ClientCalls.java:233)
	at org.apache.ratis.thirdparty.io.grpc.stub.ClientCalls.getUnchecked(ClientCalls.java:214)
	at org.apache.ratis.thirdparty.io.grpc.stub.ClientCalls.blockingUnaryCall(ClientCalls.java:139)
	at org.apache.ratis.proto.grpc.RaftServerProtocolServiceGrpc$RaftServerProtocolServiceBlockingStub.requestVote(RaftServerProtocolServiceGrpc.java:265)
	at org.apache.ratis.grpc.server.GrpcServerProtocolClient.requestVote(GrpcServerProtocolClient.java:83)
	at org.apache.ratis.grpc.server.GrpcService.requestVote(GrpcService.java:195)
	at org.apache.ratis.server.impl.LeaderElection.lambda$submitRequests$1(LeaderElection.java:237)
	at java.util.concurrent.FutureTask.run(FutureTask.java:266)
	at java.util.concurrent.Executors$RunnableAdapter.call(Executors.java:511)
	at java.util.concurrent.FutureTask.run(FutureTask.java:266)
	at java.util.concurrent.ThreadPoolExecutor.runWorker(ThreadPoolExecutor.java:1149)
	at java.util.concurrent.ThreadPoolExecutor$Worker.run(ThreadPoolExecutor.java:624)
	... 1 more
Caused by: org.apache.ratis.thirdparty.io.netty.channel.AbstractChannel$AnnotatedConnectException: Connection refused: /192.168.36.85:46730
	at sun.nio.ch.SocketChannelImpl.checkConnect(Native Method)
	at sun.nio.ch.SocketChannelImpl.finishConnect(SocketChannelImpl.java:717)
	at org.apache.ratis.thirdparty.io.netty.channel.socket.nio.NioSocketChannel.doFinishConnect(NioSocketChannel.java:327)
	at org.apache.ratis.thirdparty.io.netty.channel.nio.AbstractNioChannel$AbstractNioUnsafe.finishConnect(AbstractNioChannel.java:340)
	at org.apache.ratis.thirdparty.io.netty.channel.nio.NioEventLoop.processSelectedKey(NioEventLoop.java:632)
	at org.apache.ratis.thirdparty.io.netty.channel.nio.NioEventLoop.processSelectedKeysOptimized(NioEventLoop.java:579)
	at org.apache.ratis.thirdparty.io.netty.channel.nio.NioEventLoop.processSelectedKeys(NioEventLoop.java:496)
	at org.apache.ratis.thirdparty.io.netty.channel.nio.NioEventLoop.run(NioEventLoop.java:458)
	at org.apache.ratis.thirdparty.io.netty.util.concurrent.SingleThreadEventExecutor$5.run(SingleThreadEventExecutor.java:897)
	at org.apache.ratis.thirdparty.io.netty.util.concurrent.FastThreadLocalRunnable.run(FastThreadLocalRunnable.java:30)
	... 1 more
Caused by: java.net.ConnectException: Connection refused
	... 11 more
2019-08-22 09:17:32,615 [093f9392-15a1-447b-85fb-4daaec7caf94:group-D53B9E930755:LeaderElection80] INFO  impl.LeaderElection (LeaderElection.java:logAndReturn(56)) - 093f9392-15a1-447b-85fb-4daaec7caf94:group-D53B9E930755:LeaderElection80: Election REJECTED; received 0 response(s) [] and 2 exception(s); 093f9392-15a1-447b-85fb-4daaec7caf94:t8, leader=null, voted=093f9392-15a1-447b-85fb-4daaec7caf94, raftlog=093f9392-15a1-447b-85fb-4daaec7caf94-SegmentedRaftLog:OPENED:c18,f18,i18, conf=0: [d22de7f6-7510-48e4-8f97-1191f0294a01:192.168.36.85:43465, 8e0331fc-a6ad-49c6-b07b-7e2a4ec9a890:192.168.36.85:46730, 093f9392-15a1-447b-85fb-4daaec7caf94:192.168.36.85:46381], old=null
2019-08-22 09:17:32,615 [093f9392-15a1-447b-85fb-4daaec7caf94:group-D53B9E930755:LeaderElection80] INFO  impl.LeaderElection (LogUtils.java:infoOrTrace(149)) -   Exception 0: {}
java.util.concurrent.ExecutionException: org.apache.ratis.thirdparty.io.grpc.StatusRuntimeException: UNAVAILABLE: io exception
	at java.util.concurrent.FutureTask.report(FutureTask.java:122)
	at java.util.concurrent.FutureTask.get(FutureTask.java:192)
	at org.apache.ratis.server.impl.LeaderElection.waitForResults(LeaderElection.java:262)
	at org.apache.ratis.server.impl.LeaderElection.askForVotes(LeaderElection.java:200)
	at org.apache.ratis.server.impl.LeaderElection.run(LeaderElection.java:130)
	at java.lang.Thread.run(Thread.java:748)
Caused by: org.apache.ratis.thirdparty.io.grpc.StatusRuntimeException: UNAVAILABLE: io exception
	at org.apache.ratis.thirdparty.io.grpc.stub.ClientCalls.toStatusRuntimeException(ClientCalls.java:233)
	at org.apache.ratis.thirdparty.io.grpc.stub.ClientCalls.getUnchecked(ClientCalls.java:214)
	at org.apache.ratis.thirdparty.io.grpc.stub.ClientCalls.blockingUnaryCall(ClientCalls.java:139)
	at org.apache.ratis.proto.grpc.RaftServerProtocolServiceGrpc$RaftServerProtocolServiceBlockingStub.requestVote(RaftServerProtocolServiceGrpc.java:265)
	at org.apache.ratis.grpc.server.GrpcServerProtocolClient.requestVote(GrpcServerProtocolClient.java:83)
	at org.apache.ratis.grpc.server.GrpcService.requestVote(GrpcService.java:195)
	at org.apache.ratis.server.impl.LeaderElection.lambda$submitRequests$1(LeaderElection.java:237)
	at java.util.concurrent.FutureTask.run(FutureTask.java:266)
	at java.util.concurrent.Executors$RunnableAdapter.call(Executors.java:511)
	at java.util.concurrent.FutureTask.run(FutureTask.java:266)
	at java.util.concurrent.ThreadPoolExecutor.runWorker(ThreadPoolExecutor.java:1149)
	at java.util.concurrent.ThreadPoolExecutor$Worker.run(ThreadPoolExecutor.java:624)
	... 1 more
Caused by: org.apache.ratis.thirdparty.io.netty.channel.AbstractChannel$AnnotatedConnectException: Connection refused: /192.168.36.85:43465
	at sun.nio.ch.SocketChannelImpl.checkConnect(Native Method)
	at sun.nio.ch.SocketChannelImpl.finishConnect(SocketChannelImpl.java:717)
	at org.apache.ratis.thirdparty.io.netty.channel.socket.nio.NioSocketChannel.doFinishConnect(NioSocketChannel.java:327)
	at org.apache.ratis.thirdparty.io.netty.channel.nio.AbstractNioChannel$AbstractNioUnsafe.finishConnect(AbstractNioChannel.java:340)
	at org.apache.ratis.thirdparty.io.netty.channel.nio.NioEventLoop.processSelectedKey(NioEventLoop.java:632)
	at org.apache.ratis.thirdparty.io.netty.channel.nio.NioEventLoop.processSelectedKeysOptimized(NioEventLoop.java:579)
	at org.apache.ratis.thirdparty.io.netty.channel.nio.NioEventLoop.processSelectedKeys(NioEventLoop.java:496)
	at org.apache.ratis.thirdparty.io.netty.channel.nio.NioEventLoop.run(NioEventLoop.java:458)
	at org.apache.ratis.thirdparty.io.netty.util.concurrent.SingleThreadEventExecutor$5.run(SingleThreadEventExecutor.java:897)
	at org.apache.ratis.thirdparty.io.netty.util.concurrent.FastThreadLocalRunnable.run(FastThreadLocalRunnable.java:30)
	... 1 more
Caused by: java.net.ConnectException: Connection refused
	... 11 more
2019-08-22 09:17:32,616 [093f9392-15a1-447b-85fb-4daaec7caf94:group-D53B9E930755:LeaderElection80] INFO  impl.LeaderElection (LogUtils.java:infoOrTrace(149)) -   Exception 1: {}
java.util.concurrent.ExecutionException: org.apache.ratis.thirdparty.io.grpc.StatusRuntimeException: UNAVAILABLE: io exception
	at java.util.concurrent.FutureTask.report(FutureTask.java:122)
	at java.util.concurrent.FutureTask.get(FutureTask.java:192)
	at org.apache.ratis.server.impl.LeaderElection.waitForResults(LeaderElection.java:262)
	at org.apache.ratis.server.impl.LeaderElection.askForVotes(LeaderElection.java:200)
	at org.apache.ratis.server.impl.LeaderElection.run(LeaderElection.java:130)
	at java.lang.Thread.run(Thread.java:748)
Caused by: org.apache.ratis.thirdparty.io.grpc.StatusRuntimeException: UNAVAILABLE: io exception
	at org.apache.ratis.thirdparty.io.grpc.stub.ClientCalls.toStatusRuntimeException(ClientCalls.java:233)
	at org.apache.ratis.thirdparty.io.grpc.stub.ClientCalls.getUnchecked(ClientCalls.java:214)
	at org.apache.ratis.thirdparty.io.grpc.stub.ClientCalls.blockingUnaryCall(ClientCalls.java:139)
	at org.apache.ratis.proto.grpc.RaftServerProtocolServiceGrpc$RaftServerProtocolServiceBlockingStub.requestVote(RaftServerProtocolServiceGrpc.java:265)
	at org.apache.ratis.grpc.server.GrpcServerProtocolClient.requestVote(GrpcServerProtocolClient.java:83)
	at org.apache.ratis.grpc.server.GrpcService.requestVote(GrpcService.java:195)
	at org.apache.ratis.server.impl.LeaderElection.lambda$submitRequests$1(LeaderElection.java:237)
	at java.util.concurrent.FutureTask.run(FutureTask.java:266)
	at java.util.concurrent.Executors$RunnableAdapter.call(Executors.java:511)
	at java.util.concurrent.FutureTask.run(FutureTask.java:266)
	at java.util.concurrent.ThreadPoolExecutor.runWorker(ThreadPoolExecutor.java:1149)
	at java.util.concurrent.ThreadPoolExecutor$Worker.run(ThreadPoolExecutor.java:624)
	... 1 more
Caused by: org.apache.ratis.thirdparty.io.netty.channel.AbstractChannel$AnnotatedConnectException: Connection refused: /192.168.36.85:46730
	at sun.nio.ch.SocketChannelImpl.checkConnect(Native Method)
	at sun.nio.ch.SocketChannelImpl.finishConnect(SocketChannelImpl.java:717)
	at org.apache.ratis.thirdparty.io.netty.channel.socket.nio.NioSocketChannel.doFinishConnect(NioSocketChannel.java:327)
	at org.apache.ratis.thirdparty.io.netty.channel.nio.AbstractNioChannel$AbstractNioUnsafe.finishConnect(AbstractNioChannel.java:340)
	at org.apache.ratis.thirdparty.io.netty.channel.nio.NioEventLoop.processSelectedKey(NioEventLoop.java:632)
	at org.apache.ratis.thirdparty.io.netty.channel.nio.NioEventLoop.processSelectedKeysOptimized(NioEventLoop.java:579)
	at org.apache.ratis.thirdparty.io.netty.channel.nio.NioEventLoop.processSelectedKeys(NioEventLoop.java:496)
	at org.apache.ratis.thirdparty.io.netty.channel.nio.NioEventLoop.run(NioEventLoop.java:458)
	at org.apache.ratis.thirdparty.io.netty.util.concurrent.SingleThreadEventExecutor$5.run(SingleThreadEventExecutor.java:897)
	at org.apache.ratis.thirdparty.io.netty.util.concurrent.FastThreadLocalRunnable.run(FastThreadLocalRunnable.java:30)
	... 1 more
Caused by: java.net.ConnectException: Connection refused
	... 11 more
2019-08-22 09:17:32,616 [093f9392-15a1-447b-85fb-4daaec7caf94:group-D53B9E930755:LeaderElection80] INFO  impl.RaftServerImpl (RaftServerImpl.java:setRole(171)) - 093f9392-15a1-447b-85fb-4daaec7caf94:group-D53B9E930755 changes role from CANDIDATE to FOLLOWER at term 8 for DISCOVERED_A_NEW_TERM
2019-08-22 09:17:32,616 [093f9392-15a1-447b-85fb-4daaec7caf94:group-D53B9E930755:LeaderElection80] INFO  impl.RoleInfo (RoleInfo.java:shutdownLeaderElection(134)) - 093f9392-15a1-447b-85fb-4daaec7caf94: shutdown LeaderElection
2019-08-22 09:17:32,616 [093f9392-15a1-447b-85fb-4daaec7caf94:group-D53B9E930755:LeaderElection80] INFO  impl.RoleInfo (RoleInfo.java:updateAndGet(143)) - 093f9392-15a1-447b-85fb-4daaec7caf94: start FollowerState
2019-08-22 09:17:32,813 | INFO  | SCMAudit | user=jenkins1000 | ip=192.168.36.85 | op=SEND_HEARTBEAT {datanodeUUID=67abc4f8-8424-4a13-a91f-3faee2bb56e5, command=[]} | ret=SUCCESS |  
2019-08-22 09:17:33,151 | INFO  | SCMAudit | user=jenkins1000 | ip=192.168.36.85 | op=SEND_HEARTBEAT {datanodeUUID=093f9392-15a1-447b-85fb-4daaec7caf94, command=[]} | ret=SUCCESS |  
2019-08-22 09:17:33,354 | INFO  | SCMAudit | user=jenkins1000 | ip=192.168.36.85 | op=SEND_HEARTBEAT {datanodeUUID=efb90bff-72c5-4ce9-affc-3f37be090605, command=[]} | ret=SUCCESS |  
2019-08-22 09:17:33,556 | INFO  | SCMAudit | user=jenkins1000 | ip=192.168.36.85 | op=SEND_HEARTBEAT {datanodeUUID=4d51b372-1aca-44dd-a481-2d5d38da6b73, command=[]} | ret=SUCCESS |  
2019-08-22 09:17:33,674 [Thread-1753] INFO  impl.FollowerState (FollowerState.java:run(106)) - 093f9392-15a1-447b-85fb-4daaec7caf94:group-D53B9E930755 changes to CANDIDATE, lastRpcTime:1057, electionTimeout:1057ms
2019-08-22 09:17:33,674 [Thread-1753] INFO  impl.RoleInfo (RoleInfo.java:shutdownFollowerState(121)) - 093f9392-15a1-447b-85fb-4daaec7caf94: shutdown FollowerState
2019-08-22 09:17:33,675 [Thread-1753] INFO  impl.RaftServerImpl (RaftServerImpl.java:setRole(171)) - 093f9392-15a1-447b-85fb-4daaec7caf94:group-D53B9E930755 changes role from FOLLOWER to CANDIDATE at term 8 for changeToCandidate
2019-08-22 09:17:33,675 [Thread-1753] INFO  impl.RoleInfo (RoleInfo.java:updateAndGet(143)) - 093f9392-15a1-447b-85fb-4daaec7caf94: start LeaderElection
2019-08-22 09:17:33,813 | INFO  | SCMAudit | user=jenkins1000 | ip=192.168.36.85 | op=SEND_HEARTBEAT {datanodeUUID=67abc4f8-8424-4a13-a91f-3faee2bb56e5, command=[]} | ret=SUCCESS |  
2019-08-22 09:17:33,930 [grpc-default-executor-3] INFO  client.GrpcClientProtocolClient (GrpcClientProtocolClient.java:onNext(255)) - client-12FE3A59FB04->093f9392-15a1-447b-85fb-4daaec7caf94: receive RaftClientReply:client-12FE3A59FB04->093f9392-15a1-447b-85fb-4daaec7caf94@group-D53B9E930755, cid=99, FAILED org.apache.ratis.protocol.NotLeaderException: Server 093f9392-15a1-447b-85fb-4daaec7caf94 is not the leader (null). Request must be sent to leader., logIndex=0, commits[093f9392-15a1-447b-85fb-4daaec7caf94:c18, d22de7f6-7510-48e4-8f97-1191f0294a01:c18, 8e0331fc-a6ad-49c6-b07b-7e2a4ec9a890:c18]
2019-08-22 09:17:33,941 [main] WARN  io.KeyOutputStream (KeyOutputStream.java:handleException(276)) - Encountered exception java.io.IOException: Unexpected Storage Container Exception: java.util.concurrent.CompletionException: java.util.concurrent.CompletionException: org.apache.ratis.protocol.RaftRetryFailureException: Failed RaftClientRequest:client-12FE3A59FB04->093f9392-15a1-447b-85fb-4daaec7caf94@group-D53B9E930755, cid=99, seq=11*, RW, org.apache.hadoop.hdds.scm.XceiverClientRatis$$Lambda$474/119156209@1f5ba628 for 10 attempts with RetryLimited(maxAttempts=10, sleepTime=1000ms) on the pipeline Pipeline[ Id: 842c8521-cd23-4f59-9d81-d53b9e930755, Nodes: d22de7f6-7510-48e4-8f97-1191f0294a01{ip: 192.168.36.85, host: pr-hdds-1898-9jx57-4170240974, networkLocation: /default-rack, certSerialId: null}8e0331fc-a6ad-49c6-b07b-7e2a4ec9a890{ip: 192.168.36.85, host: pr-hdds-1898-9jx57-4170240974, networkLocation: /default-rack, certSerialId: null}093f9392-15a1-447b-85fb-4daaec7caf94{ip: 192.168.36.85, host: pr-hdds-1898-9jx57-4170240974, networkLocation: /default-rack, certSerialId: null}, Type:RATIS, Factor:THREE, State:OPEN]. The last committed block length is 1048576, uncommitted data length is 1048576 retry count 0
2019-08-22 09:17:33,967 [IPC Server handler 8 on 45916] WARN  block.BlockManagerImpl (BlockManagerImpl.java:allocateBlock(192)) - Pipeline creation failed for type:RATIS factor:THREE. Retrying get pipelines call once.
org.apache.hadoop.hdds.scm.pipeline.InsufficientDatanodesException: Cannot create pipeline of factor 3 using 0 nodes.
	at org.apache.hadoop.hdds.scm.pipeline.RatisPipelineProvider.create(RatisPipelineProvider.java:151)
	at org.apache.hadoop.hdds.scm.pipeline.PipelineFactory.create(PipelineFactory.java:57)
	at org.apache.hadoop.hdds.scm.pipeline.SCMPipelineManager.createPipeline(SCMPipelineManager.java:149)
	at org.apache.hadoop.hdds.scm.block.BlockManagerImpl.allocateBlock(BlockManagerImpl.java:190)
	at org.apache.hadoop.hdds.scm.server.SCMBlockProtocolServer.allocateBlock(SCMBlockProtocolServer.java:175)
	at org.apache.hadoop.ozone.protocolPB.ScmBlockLocationProtocolServerSideTranslatorPB.allocateScmBlock(ScmBlockLocationProtocolServerSideTranslatorPB.java:153)
	at org.apache.hadoop.ozone.protocolPB.ScmBlockLocationProtocolServerSideTranslatorPB.send(ScmBlockLocationProtocolServerSideTranslatorPB.java:112)
	at org.apache.hadoop.hdds.protocol.proto.ScmBlockLocationProtocolProtos$ScmBlockLocationProtocolService$2.callBlockingMethod(ScmBlockLocationProtocolProtos.java:13157)
	at org.apache.hadoop.ipc.ProtobufRpcEngine$Server$ProtoBufRpcInvoker.call(ProtobufRpcEngine.java:524)
	at org.apache.hadoop.ipc.RPC$Server.call(RPC.java:1025)
	at org.apache.hadoop.ipc.Server$RpcCall.run(Server.java:876)
	at org.apache.hadoop.ipc.Server$RpcCall.run(Server.java:822)
	at java.security.AccessController.doPrivileged(Native Method)
	at javax.security.auth.Subject.doAs(Subject.java:422)
	at org.apache.hadoop.security.UserGroupInformation.doAs(UserGroupInformation.java:1730)
	at org.apache.hadoop.ipc.Server$Handler.run(Server.java:2682)
2019-08-22 09:17:33,967 [IPC Server handler 8 on 45916] INFO  block.BlockManagerImpl (BlockManagerImpl.java:allocateBlock(198)) - Could not find available pipeline of type:RATIS and factor:THREE even after retrying
2019-08-22 09:17:33,967 [IPC Server handler 8 on 45916] ERROR block.BlockManagerImpl (BlockManagerImpl.java:allocateBlock(222)) - Unable to allocate a block for the size: 4194304, type: RATIS, factor: THREE
2019-08-22 09:17:33,968 | INFO  | SCMAudit | user=jenkins1000 | ip=192.168.36.85 | op=ALLOCATE_BLOCK {owner=2f568cc0-1336-436b-8bf5-8b81bb4b3c4f, size=4194304, type=RATIS, factor=THREE} | ret=SUCCESS |  
2019-08-22 09:17:33,970 | ERROR | OMAudit | user=jenkins1000 | ip=127.0.0.1 | op=ALLOCATE_BLOCK {volume=datanodefailurehandlingtest, bucket=datanodefailurehandlingtest, key=ratis3, dataSize=0, replicationType=null, replicationFactor=null, keyLocationInfo=null, clientID=102659878018154503} | ret=FAILURE | org.apache.hadoop.hdds.scm.exceptions.SCMException: Allocated 0 blocks. Requested 1 blocks
	at org.apache.hadoop.hdds.scm.protocolPB.ScmBlockLocationProtocolClientSideTranslatorPB.handleError(ScmBlockLocationProtocolClientSideTranslatorPB.java:118)
	at org.apache.hadoop.hdds.scm.protocolPB.ScmBlockLocationProtocolClientSideTranslatorPB.allocateBlock(ScmBlockLocationProtocolClientSideTranslatorPB.java:156) 
2019-08-22 09:17:33,975 [main] ERROR io.BlockOutputStreamEntryPool (BlockOutputStreamEntryPool.java:allocateBlockIfNeeded(299)) - Try to allocate more blocks for write failed, already allocated 0 blocks for this write.
INTERNAL_ERROR org.apache.hadoop.ozone.om.exceptions.OMException: Allocated 0 blocks. Requested 1 blocks
	at org.apache.hadoop.ozone.om.protocolPB.OzoneManagerProtocolClientSideTranslatorPB.handleError(OzoneManagerProtocolClientSideTranslatorPB.java:725)
	at org.apache.hadoop.ozone.om.protocolPB.OzoneManagerProtocolClientSideTranslatorPB.allocateBlock(OzoneManagerProtocolClientSideTranslatorPB.java:757)
	at org.apache.hadoop.ozone.client.io.BlockOutputStreamEntryPool.allocateNewBlock(BlockOutputStreamEntryPool.java:248)
	at org.apache.hadoop.ozone.client.io.BlockOutputStreamEntryPool.allocateBlockIfNeeded(BlockOutputStreamEntryPool.java:296)
	at org.apache.hadoop.ozone.client.io.KeyOutputStream.handleWrite(KeyOutputStream.java:201)
	at org.apache.hadoop.ozone.client.io.KeyOutputStream.handleRetry(KeyOutputStream.java:376)
	at org.apache.hadoop.ozone.client.io.KeyOutputStream.handleException(KeyOutputStream.java:325)
	at org.apache.hadoop.ozone.client.io.KeyOutputStream.handleWrite(KeyOutputStream.java:231)
	at org.apache.hadoop.ozone.client.io.KeyOutputStream.write(KeyOutputStream.java:193)
	at org.apache.hadoop.ozone.client.io.OzoneOutputStream.write(OzoneOutputStream.java:49)
	at java.io.OutputStream.write(OutputStream.java:75)
	at org.apache.hadoop.ozone.client.rpc.TestMultiBlockWritesWithDnFailures.testMultiBlockWritesWithDnFailures(TestMultiBlockWritesWithDnFailures.java:145)
	at sun.reflect.NativeMethodAccessorImpl.invoke0(Native Method)
	at sun.reflect.NativeMethodAccessorImpl.invoke(NativeMethodAccessorImpl.java:62)
	at sun.reflect.DelegatingMethodAccessorImpl.invoke(DelegatingMethodAccessorImpl.java:43)
	at java.lang.reflect.Method.invoke(Method.java:498)
	at org.junit.runners.model.FrameworkMethod$1.runReflectiveCall(FrameworkMethod.java:47)
	at org.junit.internal.runners.model.ReflectiveCallable.run(ReflectiveCallable.java:12)
	at org.junit.runners.model.FrameworkMethod.invokeExplosively(FrameworkMethod.java:44)
	at org.junit.internal.runners.statements.InvokeMethod.evaluate(InvokeMethod.java:17)
	at org.junit.internal.runners.statements.RunAfters.evaluate(RunAfters.java:27)
	at org.junit.runners.ParentRunner.runLeaf(ParentRunner.java:271)
	at org.junit.runners.BlockJUnit4ClassRunner.runChild(BlockJUnit4ClassRunner.java:70)
	at org.junit.runners.BlockJUnit4ClassRunner.runChild(BlockJUnit4ClassRunner.java:50)
	at org.junit.runners.ParentRunner$3.run(ParentRunner.java:238)
	at org.junit.runners.ParentRunner$1.schedule(ParentRunner.java:63)
	at org.junit.runners.ParentRunner.runChildren(ParentRunner.java:236)
	at org.junit.runners.ParentRunner.access$000(ParentRunner.java:53)
	at org.junit.runners.ParentRunner$2.evaluate(ParentRunner.java:229)
	at org.junit.runners.ParentRunner.run(ParentRunner.java:309)
	at org.apache.maven.surefire.junit4.JUnit4Provider.execute(JUnit4Provider.java:365)
	at org.apache.maven.surefire.junit4.JUnit4Provider.executeWithRerun(JUnit4Provider.java:273)
	at org.apache.maven.surefire.junit4.JUnit4Provider.executeTestSet(JUnit4Provider.java:238)
	at org.apache.maven.surefire.junit4.JUnit4Provider.invoke(JUnit4Provider.java:159)
	at org.apache.maven.surefire.booter.ForkedBooter.invokeProviderInSameClassLoader(ForkedBooter.java:384)
	at org.apache.maven.surefire.booter.ForkedBooter.runSuitesInProcess(ForkedBooter.java:345)
	at org.apache.maven.surefire.booter.ForkedBooter.execute(ForkedBooter.java:126)
	at org.apache.maven.surefire.booter.ForkedBooter.main(ForkedBooter.java:418)
2019-08-22 09:17:33,976 [main] INFO  ozone.MiniOzoneClusterImpl (MiniOzoneClusterImpl.java:shutdown(321)) - Shutting down the Mini Ozone Cluster
2019-08-22 09:17:33,976 | INFO  | SCMAudit | user=null | ip=null | op=GET_SCM_INFO null | ret=SUCCESS |  
2019-08-22 09:17:33,976 [main] INFO  ozone.MiniOzoneClusterImpl (MiniOzoneClusterImpl.java:stop(336)) - Stopping the Mini Ozone Cluster
2019-08-22 09:17:33,976 [main] INFO  ozone.MiniOzoneClusterImpl (MiniOzoneClusterImpl.java:stop(338)) - Stopping the OzoneManager
2019-08-22 09:17:33,977 [main] INFO  ipc.Server (Server.java:stop(3082)) - Stopping server on 46261
2019-08-22 09:17:33,993 [main] INFO  ratis.OzoneManagerDoubleBuffer (OzoneManagerDoubleBuffer.java:stop(248)) - Stopping OMDoubleBuffer flush thread
2019-08-22 09:17:33,993 [IPC Server Responder] INFO  ipc.Server (Server.java:run(1319)) - Stopping IPC Server Responder
2019-08-22 09:17:33,993 [IPC Server listener on 46261] INFO  ipc.Server (Server.java:run(1185)) - Stopping IPC Server listener on 46261
2019-08-22 09:17:34,007 [OMDoubleBufferFlushThread] INFO  ratis.OzoneManagerDoubleBuffer (OzoneManagerDoubleBuffer.java:flushTransactions(191)) - OMDoubleBuffer flush thread OMDoubleBufferFlushThread is interrupted and will exit. OMDoubleBufferFlushThread
2019-08-22 09:17:34,010 [main] INFO  utils.BackgroundService (BackgroundService.java:shutdown(148)) - Shutting down service KeyDeletingService
2019-08-22 09:17:34,011 [main] INFO  handler.ContextHandler (ContextHandler.java:doStop(910)) - Stopped o.e.j.w.WebAppContext@1ef93e01{/,null,UNAVAILABLE}{/ozoneManager}
2019-08-22 09:17:34,012 [main] INFO  server.AbstractConnector (AbstractConnector.java:doStop(318)) - Stopped ServerConnector@4fafd27e{HTTP/1.1,[http/1.1]}{0.0.0.0:0}
2019-08-22 09:17:34,012 [main] INFO  handler.ContextHandler (ContextHandler.java:doStop(910)) - Stopped o.e.j.s.ServletContextHandler@4dac40b{/static,file:///workdir/hadoop-ozone/integration-test/target/test-classes/webapps/static,UNAVAILABLE}
2019-08-22 09:17:34,012 [main] INFO  handler.ContextHandler (ContextHandler.java:doStop(910)) - Stopped o.e.j.s.ServletContextHandler@1fb71788{/logs,file:///workdir/hadoop-ozone/integration-test/target/log,UNAVAILABLE}
2019-08-22 09:17:34,015 [main] INFO  ozone.MiniOzoneClusterImpl (MiniOzoneClusterImpl.java:stop(344)) - Shutting the HddsDatanodes
2019-08-22 09:17:34,015 [main] INFO  datanode.ObjectStoreHandler (ObjectStoreHandler.java:close(155)) - Closing ObjectStoreHandler.
2019-08-22 09:17:34,016 [ForkJoinPool.commonPool-worker-1] INFO  datanode.ObjectStoreHandler (ObjectStoreHandler.java:close(155)) - Closing ObjectStoreHandler.
2019-08-22 09:17:34,016 [main] INFO  ozone.HddsDatanodeService (HddsDatanodeService.java:stop(451)) - Stopped plug-in org.apache.hadoop.ozone.web.OzoneHddsDatanodeService@1a77eb6
2019-08-22 09:17:34,016 [ForkJoinPool.commonPool-worker-1] INFO  ozone.HddsDatanodeService (HddsDatanodeService.java:stop(451)) - Stopped plug-in org.apache.hadoop.ozone.web.OzoneHddsDatanodeService@3ec7ad61
2019-08-22 09:17:34,151 [Datanode State Machine Thread - 0] INFO  statemachine.DatanodeStateMachine (DatanodeStateMachine.java:lambda$startDaemon$0(350)) - Ozone container server started.
2019-08-22 09:17:34,353 [Datanode State Machine Thread - 0] INFO  statemachine.DatanodeStateMachine (DatanodeStateMachine.java:lambda$startDaemon$0(350)) - Ozone container server started.
2019-08-22 09:17:34,557 | INFO  | SCMAudit | user=jenkins1000 | ip=192.168.36.85 | op=SEND_HEARTBEAT {datanodeUUID=4d51b372-1aca-44dd-a481-2d5d38da6b73, command=[]} | ret=SUCCESS |  
2019-08-22 09:17:34,813 | INFO  | SCMAudit | user=jenkins1000 | ip=192.168.36.85 | op=SEND_HEARTBEAT {datanodeUUID=67abc4f8-8424-4a13-a91f-3faee2bb56e5, command=[]} | ret=SUCCESS |  
2019-08-22 09:17:35,557 | INFO  | SCMAudit | user=jenkins1000 | ip=192.168.36.85 | op=SEND_HEARTBEAT {datanodeUUID=4d51b372-1aca-44dd-a481-2d5d38da6b73, command=[]} | ret=SUCCESS |  
2019-08-22 09:17:35,721 [093f9392-15a1-447b-85fb-4daaec7caf94:group-D53B9E930755:LeaderElection81] INFO  impl.LeaderElection (LeaderElection.java:askForVotes(181)) - 093f9392-15a1-447b-85fb-4daaec7caf94:group-D53B9E930755:LeaderElection81: begin an election at term 9 for 0: [d22de7f6-7510-48e4-8f97-1191f0294a01:192.168.36.85:43465, 8e0331fc-a6ad-49c6-b07b-7e2a4ec9a890:192.168.36.85:46730, 093f9392-15a1-447b-85fb-4daaec7caf94:192.168.36.85:46381], old=null
2019-08-22 09:17:35,722 [093f9392-15a1-447b-85fb-4daaec7caf94:group-D53B9E930755:LeaderElection81] INFO  impl.LeaderElection (LogUtils.java:infoOrTrace(149)) - 093f9392-15a1-447b-85fb-4daaec7caf94:group-D53B9E930755:LeaderElection81 got exception when requesting votes: {}
java.util.concurrent.ExecutionException: org.apache.ratis.thirdparty.io.grpc.StatusRuntimeException: UNAVAILABLE: io exception
	at java.util.concurrent.FutureTask.report(FutureTask.java:122)
	at java.util.concurrent.FutureTask.get(FutureTask.java:192)
	at org.apache.ratis.server.impl.LeaderElection.waitForResults(LeaderElection.java:262)
	at org.apache.ratis.server.impl.LeaderElection.askForVotes(LeaderElection.java:200)
	at org.apache.ratis.server.impl.LeaderElection.run(LeaderElection.java:130)
	at java.lang.Thread.run(Thread.java:748)
Caused by: org.apache.ratis.thirdparty.io.grpc.StatusRuntimeException: UNAVAILABLE: io exception
	at org.apache.ratis.thirdparty.io.grpc.stub.ClientCalls.toStatusRuntimeException(ClientCalls.java:233)
	at org.apache.ratis.thirdparty.io.grpc.stub.ClientCalls.getUnchecked(ClientCalls.java:214)
	at org.apache.ratis.thirdparty.io.grpc.stub.ClientCalls.blockingUnaryCall(ClientCalls.java:139)
	at org.apache.ratis.proto.grpc.RaftServerProtocolServiceGrpc$RaftServerProtocolServiceBlockingStub.requestVote(RaftServerProtocolServiceGrpc.java:265)
	at org.apache.ratis.grpc.server.GrpcServerProtocolClient.requestVote(GrpcServerProtocolClient.java:83)
	at org.apache.ratis.grpc.server.GrpcService.requestVote(GrpcService.java:195)
	at org.apache.ratis.server.impl.LeaderElection.lambda$submitRequests$1(LeaderElection.java:237)
	at java.util.concurrent.FutureTask.run(FutureTask.java:266)
	at java.util.concurrent.Executors$RunnableAdapter.call(Executors.java:511)
	at java.util.concurrent.FutureTask.run(FutureTask.java:266)
	at java.util.concurrent.ThreadPoolExecutor.runWorker(ThreadPoolExecutor.java:1149)
	at java.util.concurrent.ThreadPoolExecutor$Worker.run(ThreadPoolExecutor.java:624)
	... 1 more
Caused by: org.apache.ratis.thirdparty.io.netty.channel.AbstractChannel$AnnotatedConnectException: Connection refused: /192.168.36.85:43465
	at sun.nio.ch.SocketChannelImpl.checkConnect(Native Method)
	at sun.nio.ch.SocketChannelImpl.finishConnect(SocketChannelImpl.java:717)
	at org.apache.ratis.thirdparty.io.netty.channel.socket.nio.NioSocketChannel.doFinishConnect(NioSocketChannel.java:327)
	at org.apache.ratis.thirdparty.io.netty.channel.nio.AbstractNioChannel$AbstractNioUnsafe.finishConnect(AbstractNioChannel.java:340)
	at org.apache.ratis.thirdparty.io.netty.channel.nio.NioEventLoop.processSelectedKey(NioEventLoop.java:632)
	at org.apache.ratis.thirdparty.io.netty.channel.nio.NioEventLoop.processSelectedKeysOptimized(NioEventLoop.java:579)
	at org.apache.ratis.thirdparty.io.netty.channel.nio.NioEventLoop.processSelectedKeys(NioEventLoop.java:496)
	at org.apache.ratis.thirdparty.io.netty.channel.nio.NioEventLoop.run(NioEventLoop.java:458)
	at org.apache.ratis.thirdparty.io.netty.util.concurrent.SingleThreadEventExecutor$5.run(SingleThreadEventExecutor.java:897)
	at org.apache.ratis.thirdparty.io.netty.util.concurrent.FastThreadLocalRunnable.run(FastThreadLocalRunnable.java:30)
	... 1 more
Caused by: java.net.ConnectException: Connection refused
	... 11 more
2019-08-22 09:17:35,726 [093f9392-15a1-447b-85fb-4daaec7caf94:group-D53B9E930755:LeaderElection81] INFO  impl.LeaderElection (LogUtils.java:infoOrTrace(149)) - 093f9392-15a1-447b-85fb-4daaec7caf94:group-D53B9E930755:LeaderElection81 got exception when requesting votes: {}
java.util.concurrent.ExecutionException: org.apache.ratis.thirdparty.io.grpc.StatusRuntimeException: UNAVAILABLE: io exception
	at java.util.concurrent.FutureTask.report(FutureTask.java:122)
	at java.util.concurrent.FutureTask.get(FutureTask.java:192)
	at org.apache.ratis.server.impl.LeaderElection.waitForResults(LeaderElection.java:262)
	at org.apache.ratis.server.impl.LeaderElection.askForVotes(LeaderElection.java:200)
	at org.apache.ratis.server.impl.LeaderElection.run(LeaderElection.java:130)
	at java.lang.Thread.run(Thread.java:748)
Caused by: org.apache.ratis.thirdparty.io.grpc.StatusRuntimeException: UNAVAILABLE: io exception
	at org.apache.ratis.thirdparty.io.grpc.stub.ClientCalls.toStatusRuntimeException(ClientCalls.java:233)
	at org.apache.ratis.thirdparty.io.grpc.stub.ClientCalls.getUnchecked(ClientCalls.java:214)
	at org.apache.ratis.thirdparty.io.grpc.stub.ClientCalls.blockingUnaryCall(ClientCalls.java:139)
	at org.apache.ratis.proto.grpc.RaftServerProtocolServiceGrpc$RaftServerProtocolServiceBlockingStub.requestVote(RaftServerProtocolServiceGrpc.java:265)
	at org.apache.ratis.grpc.server.GrpcServerProtocolClient.requestVote(GrpcServerProtocolClient.java:83)
	at org.apache.ratis.grpc.server.GrpcService.requestVote(GrpcService.java:195)
	at org.apache.ratis.server.impl.LeaderElection.lambda$submitRequests$1(LeaderElection.java:237)
	at java.util.concurrent.FutureTask.run(FutureTask.java:266)
	at java.util.concurrent.Executors$RunnableAdapter.call(Executors.java:511)
	at java.util.concurrent.FutureTask.run(FutureTask.java:266)
	at java.util.concurrent.ThreadPoolExecutor.runWorker(ThreadPoolExecutor.java:1149)
	at java.util.concurrent.ThreadPoolExecutor$Worker.run(ThreadPoolExecutor.java:624)
	... 1 more
Caused by: org.apache.ratis.thirdparty.io.netty.channel.AbstractChannel$AnnotatedConnectException: Connection refused: /192.168.36.85:46730
	at sun.nio.ch.SocketChannelImpl.checkConnect(Native Method)
	at sun.nio.ch.SocketChannelImpl.finishConnect(SocketChannelImpl.java:717)
	at org.apache.ratis.thirdparty.io.netty.channel.socket.nio.NioSocketChannel.doFinishConnect(NioSocketChannel.java:327)
	at org.apache.ratis.thirdparty.io.netty.channel.nio.AbstractNioChannel$AbstractNioUnsafe.finishConnect(AbstractNioChannel.java:340)
	at org.apache.ratis.thirdparty.io.netty.channel.nio.NioEventLoop.processSelectedKey(NioEventLoop.java:632)
	at org.apache.ratis.thirdparty.io.netty.channel.nio.NioEventLoop.processSelectedKeysOptimized(NioEventLoop.java:579)
	at org.apache.ratis.thirdparty.io.netty.channel.nio.NioEventLoop.processSelectedKeys(NioEventLoop.java:496)
	at org.apache.ratis.thirdparty.io.netty.channel.nio.NioEventLoop.run(NioEventLoop.java:458)
	at org.apache.ratis.thirdparty.io.netty.util.concurrent.SingleThreadEventExecutor$5.run(SingleThreadEventExecutor.java:897)
	at org.apache.ratis.thirdparty.io.netty.util.concurrent.FastThreadLocalRunnable.run(FastThreadLocalRunnable.java:30)
	... 1 more
Caused by: java.net.ConnectException: Connection refused
	... 11 more
2019-08-22 09:17:35,728 [093f9392-15a1-447b-85fb-4daaec7caf94:group-D53B9E930755:LeaderElection81] INFO  impl.LeaderElection (LeaderElection.java:logAndReturn(56)) - 093f9392-15a1-447b-85fb-4daaec7caf94:group-D53B9E930755:LeaderElection81: Election REJECTED; received 0 response(s) [] and 2 exception(s); 093f9392-15a1-447b-85fb-4daaec7caf94:t9, leader=null, voted=093f9392-15a1-447b-85fb-4daaec7caf94, raftlog=093f9392-15a1-447b-85fb-4daaec7caf94-SegmentedRaftLog:OPENED:c18,f18,i18, conf=0: [d22de7f6-7510-48e4-8f97-1191f0294a01:192.168.36.85:43465, 8e0331fc-a6ad-49c6-b07b-7e2a4ec9a890:192.168.36.85:46730, 093f9392-15a1-447b-85fb-4daaec7caf94:192.168.36.85:46381], old=null
2019-08-22 09:17:35,728 [093f9392-15a1-447b-85fb-4daaec7caf94:group-D53B9E930755:LeaderElection81] INFO  impl.LeaderElection (LogUtils.java:infoOrTrace(149)) -   Exception 0: {}
java.util.concurrent.ExecutionException: org.apache.ratis.thirdparty.io.grpc.StatusRuntimeException: UNAVAILABLE: io exception
	at java.util.concurrent.FutureTask.report(FutureTask.java:122)
	at java.util.concurrent.FutureTask.get(FutureTask.java:192)
	at org.apache.ratis.server.impl.LeaderElection.waitForResults(LeaderElection.java:262)
	at org.apache.ratis.server.impl.LeaderElection.askForVotes(LeaderElection.java:200)
	at org.apache.ratis.server.impl.LeaderElection.run(LeaderElection.java:130)
	at java.lang.Thread.run(Thread.java:748)
Caused by: org.apache.ratis.thirdparty.io.grpc.StatusRuntimeException: UNAVAILABLE: io exception
	at org.apache.ratis.thirdparty.io.grpc.stub.ClientCalls.toStatusRuntimeException(ClientCalls.java:233)
	at org.apache.ratis.thirdparty.io.grpc.stub.ClientCalls.getUnchecked(ClientCalls.java:214)
	at org.apache.ratis.thirdparty.io.grpc.stub.ClientCalls.blockingUnaryCall(ClientCalls.java:139)
	at org.apache.ratis.proto.grpc.RaftServerProtocolServiceGrpc$RaftServerProtocolServiceBlockingStub.requestVote(RaftServerProtocolServiceGrpc.java:265)
	at org.apache.ratis.grpc.server.GrpcServerProtocolClient.requestVote(GrpcServerProtocolClient.java:83)
	at org.apache.ratis.grpc.server.GrpcService.requestVote(GrpcService.java:195)
	at org.apache.ratis.server.impl.LeaderElection.lambda$submitRequests$1(LeaderElection.java:237)
	at java.util.concurrent.FutureTask.run(FutureTask.java:266)
	at java.util.concurrent.Executors$RunnableAdapter.call(Executors.java:511)
	at java.util.concurrent.FutureTask.run(FutureTask.java:266)
	at java.util.concurrent.ThreadPoolExecutor.runWorker(ThreadPoolExecutor.java:1149)
	at java.util.concurrent.ThreadPoolExecutor$Worker.run(ThreadPoolExecutor.java:624)
	... 1 more
Caused by: org.apache.ratis.thirdparty.io.netty.channel.AbstractChannel$AnnotatedConnectException: Connection refused: /192.168.36.85:43465
	at sun.nio.ch.SocketChannelImpl.checkConnect(Native Method)
	at sun.nio.ch.SocketChannelImpl.finishConnect(SocketChannelImpl.java:717)
	at org.apache.ratis.thirdparty.io.netty.channel.socket.nio.NioSocketChannel.doFinishConnect(NioSocketChannel.java:327)
	at org.apache.ratis.thirdparty.io.netty.channel.nio.AbstractNioChannel$AbstractNioUnsafe.finishConnect(AbstractNioChannel.java:340)
	at org.apache.ratis.thirdparty.io.netty.channel.nio.NioEventLoop.processSelectedKey(NioEventLoop.java:632)
	at org.apache.ratis.thirdparty.io.netty.channel.nio.NioEventLoop.processSelectedKeysOptimized(NioEventLoop.java:579)
	at org.apache.ratis.thirdparty.io.netty.channel.nio.NioEventLoop.processSelectedKeys(NioEventLoop.java:496)
	at org.apache.ratis.thirdparty.io.netty.channel.nio.NioEventLoop.run(NioEventLoop.java:458)
	at org.apache.ratis.thirdparty.io.netty.util.concurrent.SingleThreadEventExecutor$5.run(SingleThreadEventExecutor.java:897)
	at org.apache.ratis.thirdparty.io.netty.util.concurrent.FastThreadLocalRunnable.run(FastThreadLocalRunnable.java:30)
	... 1 more
Caused by: java.net.ConnectException: Connection refused
	... 11 more
2019-08-22 09:17:35,729 [093f9392-15a1-447b-85fb-4daaec7caf94:group-D53B9E930755:LeaderElection81] INFO  impl.LeaderElection (LogUtils.java:infoOrTrace(149)) -   Exception 1: {}
java.util.concurrent.ExecutionException: org.apache.ratis.thirdparty.io.grpc.StatusRuntimeException: UNAVAILABLE: io exception
	at java.util.concurrent.FutureTask.report(FutureTask.java:122)
	at java.util.concurrent.FutureTask.get(FutureTask.java:192)
	at org.apache.ratis.server.impl.LeaderElection.waitForResults(LeaderElection.java:262)
	at org.apache.ratis.server.impl.LeaderElection.askForVotes(LeaderElection.java:200)
	at org.apache.ratis.server.impl.LeaderElection.run(LeaderElection.java:130)
	at java.lang.Thread.run(Thread.java:748)
Caused by: org.apache.ratis.thirdparty.io.grpc.StatusRuntimeException: UNAVAILABLE: io exception
	at org.apache.ratis.thirdparty.io.grpc.stub.ClientCalls.toStatusRuntimeException(ClientCalls.java:233)
	at org.apache.ratis.thirdparty.io.grpc.stub.ClientCalls.getUnchecked(ClientCalls.java:214)
	at org.apache.ratis.thirdparty.io.grpc.stub.ClientCalls.blockingUnaryCall(ClientCalls.java:139)
	at org.apache.ratis.proto.grpc.RaftServerProtocolServiceGrpc$RaftServerProtocolServiceBlockingStub.requestVote(RaftServerProtocolServiceGrpc.java:265)
	at org.apache.ratis.grpc.server.GrpcServerProtocolClient.requestVote(GrpcServerProtocolClient.java:83)
	at org.apache.ratis.grpc.server.GrpcService.requestVote(GrpcService.java:195)
	at org.apache.ratis.server.impl.LeaderElection.lambda$submitRequests$1(LeaderElection.java:237)
	at java.util.concurrent.FutureTask.run(FutureTask.java:266)
	at java.util.concurrent.Executors$RunnableAdapter.call(Executors.java:511)
	at java.util.concurrent.FutureTask.run(FutureTask.java:266)
	at java.util.concurrent.ThreadPoolExecutor.runWorker(ThreadPoolExecutor.java:1149)
	at java.util.concurrent.ThreadPoolExecutor$Worker.run(ThreadPoolExecutor.java:624)
	... 1 more
Caused by: org.apache.ratis.thirdparty.io.netty.channel.AbstractChannel$AnnotatedConnectException: Connection refused: /192.168.36.85:46730
	at sun.nio.ch.SocketChannelImpl.checkConnect(Native Method)
	at sun.nio.ch.SocketChannelImpl.finishConnect(SocketChannelImpl.java:717)
	at org.apache.ratis.thirdparty.io.netty.channel.socket.nio.NioSocketChannel.doFinishConnect(NioSocketChannel.java:327)
	at org.apache.ratis.thirdparty.io.netty.channel.nio.AbstractNioChannel$AbstractNioUnsafe.finishConnect(AbstractNioChannel.java:340)
	at org.apache.ratis.thirdparty.io.netty.channel.nio.NioEventLoop.processSelectedKey(NioEventLoop.java:632)
	at org.apache.ratis.thirdparty.io.netty.channel.nio.NioEventLoop.processSelectedKeysOptimized(NioEventLoop.java:579)
	at org.apache.ratis.thirdparty.io.netty.channel.nio.NioEventLoop.processSelectedKeys(NioEventLoop.java:496)
	at org.apache.ratis.thirdparty.io.netty.channel.nio.NioEventLoop.run(NioEventLoop.java:458)
	at org.apache.ratis.thirdparty.io.netty.util.concurrent.SingleThreadEventExecutor$5.run(SingleThreadEventExecutor.java:897)
	at org.apache.ratis.thirdparty.io.netty.util.concurrent.FastThreadLocalRunnable.run(FastThreadLocalRunnable.java:30)
	... 1 more
Caused by: java.net.ConnectException: Connection refused
	... 11 more
2019-08-22 09:17:35,729 [093f9392-15a1-447b-85fb-4daaec7caf94:group-D53B9E930755:LeaderElection81] INFO  impl.RaftServerImpl (RaftServerImpl.java:setRole(171)) - 093f9392-15a1-447b-85fb-4daaec7caf94:group-D53B9E930755 changes role from CANDIDATE to FOLLOWER at term 9 for DISCOVERED_A_NEW_TERM
2019-08-22 09:17:35,729 [093f9392-15a1-447b-85fb-4daaec7caf94:group-D53B9E930755:LeaderElection81] INFO  impl.RoleInfo (RoleInfo.java:shutdownLeaderElection(134)) - 093f9392-15a1-447b-85fb-4daaec7caf94: shutdown LeaderElection
2019-08-22 09:17:35,730 [093f9392-15a1-447b-85fb-4daaec7caf94:group-D53B9E930755:LeaderElection81] INFO  impl.RoleInfo (RoleInfo.java:updateAndGet(143)) - 093f9392-15a1-447b-85fb-4daaec7caf94: start FollowerState
2019-08-22 09:17:35,813 | INFO  | SCMAudit | user=jenkins1000 | ip=192.168.36.85 | op=SEND_HEARTBEAT {datanodeUUID=67abc4f8-8424-4a13-a91f-3faee2bb56e5, command=[]} | ret=SUCCESS |  
2019-08-22 09:17:36,557 | INFO  | SCMAudit | user=jenkins1000 | ip=192.168.36.85 | op=SEND_HEARTBEAT {datanodeUUID=4d51b372-1aca-44dd-a481-2d5d38da6b73, command=[]} | ret=SUCCESS |  
2019-08-22 09:17:36,814 | INFO  | SCMAudit | user=jenkins1000 | ip=192.168.36.85 | op=SEND_HEARTBEAT {datanodeUUID=67abc4f8-8424-4a13-a91f-3faee2bb56e5, command=[]} | ret=SUCCESS |  
2019-08-22 09:17:36,923 [Thread-1777] INFO  impl.FollowerState (FollowerState.java:run(106)) - 093f9392-15a1-447b-85fb-4daaec7caf94:group-D53B9E930755 changes to CANDIDATE, lastRpcTime:1193, electionTimeout:1191ms
2019-08-22 09:17:36,923 [Thread-1777] INFO  impl.RoleInfo (RoleInfo.java:shutdownFollowerState(121)) - 093f9392-15a1-447b-85fb-4daaec7caf94: shutdown FollowerState
2019-08-22 09:17:36,923 [Thread-1777] INFO  impl.RaftServerImpl (RaftServerImpl.java:setRole(171)) - 093f9392-15a1-447b-85fb-4daaec7caf94:group-D53B9E930755 changes role from FOLLOWER to CANDIDATE at term 9 for changeToCandidate
2019-08-22 09:17:36,924 [Thread-1777] INFO  impl.RoleInfo (RoleInfo.java:updateAndGet(143)) - 093f9392-15a1-447b-85fb-4daaec7caf94: start LeaderElection
2019-08-22 09:17:36,947 [093f9392-15a1-447b-85fb-4daaec7caf94:group-D53B9E930755:LeaderElection82] INFO  impl.LeaderElection (LeaderElection.java:askForVotes(181)) - 093f9392-15a1-447b-85fb-4daaec7caf94:group-D53B9E930755:LeaderElection82: begin an election at term 10 for 0: [d22de7f6-7510-48e4-8f97-1191f0294a01:192.168.36.85:43465, 8e0331fc-a6ad-49c6-b07b-7e2a4ec9a890:192.168.36.85:46730, 093f9392-15a1-447b-85fb-4daaec7caf94:192.168.36.85:46381], old=null
2019-08-22 09:17:36,949 [093f9392-15a1-447b-85fb-4daaec7caf94:group-D53B9E930755:LeaderElection82] INFO  impl.LeaderElection (LogUtils.java:infoOrTrace(149)) - 093f9392-15a1-447b-85fb-4daaec7caf94:group-D53B9E930755:LeaderElection82 got exception when requesting votes: {}
java.util.concurrent.ExecutionException: org.apache.ratis.thirdparty.io.grpc.StatusRuntimeException: UNAVAILABLE: io exception
	at java.util.concurrent.FutureTask.report(FutureTask.java:122)
	at java.util.concurrent.FutureTask.get(FutureTask.java:192)
	at org.apache.ratis.server.impl.LeaderElection.waitForResults(LeaderElection.java:262)
	at org.apache.ratis.server.impl.LeaderElection.askForVotes(LeaderElection.java:200)
	at org.apache.ratis.server.impl.LeaderElection.run(LeaderElection.java:130)
	at java.lang.Thread.run(Thread.java:748)
Caused by: org.apache.ratis.thirdparty.io.grpc.StatusRuntimeException: UNAVAILABLE: io exception
	at org.apache.ratis.thirdparty.io.grpc.stub.ClientCalls.toStatusRuntimeException(ClientCalls.java:233)
	at org.apache.ratis.thirdparty.io.grpc.stub.ClientCalls.getUnchecked(ClientCalls.java:214)
	at org.apache.ratis.thirdparty.io.grpc.stub.ClientCalls.blockingUnaryCall(ClientCalls.java:139)
	at org.apache.ratis.proto.grpc.RaftServerProtocolServiceGrpc$RaftServerProtocolServiceBlockingStub.requestVote(RaftServerProtocolServiceGrpc.java:265)
	at org.apache.ratis.grpc.server.GrpcServerProtocolClient.requestVote(GrpcServerProtocolClient.java:83)
	at org.apache.ratis.grpc.server.GrpcService.requestVote(GrpcService.java:195)
	at org.apache.ratis.server.impl.LeaderElection.lambda$submitRequests$1(LeaderElection.java:237)
	at java.util.concurrent.FutureTask.run(FutureTask.java:266)
	at java.util.concurrent.Executors$RunnableAdapter.call(Executors.java:511)
	at java.util.concurrent.FutureTask.run(FutureTask.java:266)
	at java.util.concurrent.ThreadPoolExecutor.runWorker(ThreadPoolExecutor.java:1149)
	at java.util.concurrent.ThreadPoolExecutor$Worker.run(ThreadPoolExecutor.java:624)
	... 1 more
Caused by: org.apache.ratis.thirdparty.io.netty.channel.AbstractChannel$AnnotatedConnectException: Connection refused: /192.168.36.85:43465
	at sun.nio.ch.SocketChannelImpl.checkConnect(Native Method)
	at sun.nio.ch.SocketChannelImpl.finishConnect(SocketChannelImpl.java:717)
	at org.apache.ratis.thirdparty.io.netty.channel.socket.nio.NioSocketChannel.doFinishConnect(NioSocketChannel.java:327)
	at org.apache.ratis.thirdparty.io.netty.channel.nio.AbstractNioChannel$AbstractNioUnsafe.finishConnect(AbstractNioChannel.java:340)
	at org.apache.ratis.thirdparty.io.netty.channel.nio.NioEventLoop.processSelectedKey(NioEventLoop.java:632)
	at org.apache.ratis.thirdparty.io.netty.channel.nio.NioEventLoop.processSelectedKeysOptimized(NioEventLoop.java:579)
	at org.apache.ratis.thirdparty.io.netty.channel.nio.NioEventLoop.processSelectedKeys(NioEventLoop.java:496)
	at org.apache.ratis.thirdparty.io.netty.channel.nio.NioEventLoop.run(NioEventLoop.java:458)
	at org.apache.ratis.thirdparty.io.netty.util.concurrent.SingleThreadEventExecutor$5.run(SingleThreadEventExecutor.java:897)
	at org.apache.ratis.thirdparty.io.netty.util.concurrent.FastThreadLocalRunnable.run(FastThreadLocalRunnable.java:30)
	... 1 more
Caused by: java.net.ConnectException: Connection refused
	... 11 more
2019-08-22 09:17:36,951 [093f9392-15a1-447b-85fb-4daaec7caf94:group-D53B9E930755:LeaderElection82] INFO  impl.LeaderElection (LogUtils.java:infoOrTrace(149)) - 093f9392-15a1-447b-85fb-4daaec7caf94:group-D53B9E930755:LeaderElection82 got exception when requesting votes: {}
java.util.concurrent.ExecutionException: org.apache.ratis.thirdparty.io.grpc.StatusRuntimeException: UNAVAILABLE: io exception
	at java.util.concurrent.FutureTask.report(FutureTask.java:122)
	at java.util.concurrent.FutureTask.get(FutureTask.java:192)
	at org.apache.ratis.server.impl.LeaderElection.waitForResults(LeaderElection.java:262)
	at org.apache.ratis.server.impl.LeaderElection.askForVotes(LeaderElection.java:200)
	at org.apache.ratis.server.impl.LeaderElection.run(LeaderElection.java:130)
	at java.lang.Thread.run(Thread.java:748)
Caused by: org.apache.ratis.thirdparty.io.grpc.StatusRuntimeException: UNAVAILABLE: io exception
	at org.apache.ratis.thirdparty.io.grpc.stub.ClientCalls.toStatusRuntimeException(ClientCalls.java:233)
	at org.apache.ratis.thirdparty.io.grpc.stub.ClientCalls.getUnchecked(ClientCalls.java:214)
	at org.apache.ratis.thirdparty.io.grpc.stub.ClientCalls.blockingUnaryCall(ClientCalls.java:139)
	at org.apache.ratis.proto.grpc.RaftServerProtocolServiceGrpc$RaftServerProtocolServiceBlockingStub.requestVote(RaftServerProtocolServiceGrpc.java:265)
	at org.apache.ratis.grpc.server.GrpcServerProtocolClient.requestVote(GrpcServerProtocolClient.java:83)
	at org.apache.ratis.grpc.server.GrpcService.requestVote(GrpcService.java:195)
	at org.apache.ratis.server.impl.LeaderElection.lambda$submitRequests$1(LeaderElection.java:237)
	at java.util.concurrent.FutureTask.run(FutureTask.java:266)
	at java.util.concurrent.Executors$RunnableAdapter.call(Executors.java:511)
	at java.util.concurrent.FutureTask.run(FutureTask.java:266)
	at java.util.concurrent.ThreadPoolExecutor.runWorker(ThreadPoolExecutor.java:1149)
	at java.util.concurrent.ThreadPoolExecutor$Worker.run(ThreadPoolExecutor.java:624)
	... 1 more
Caused by: org.apache.ratis.thirdparty.io.netty.channel.AbstractChannel$AnnotatedConnectException: Connection refused: /192.168.36.85:46730
	at sun.nio.ch.SocketChannelImpl.checkConnect(Native Method)
	at sun.nio.ch.SocketChannelImpl.finishConnect(SocketChannelImpl.java:717)
	at org.apache.ratis.thirdparty.io.netty.channel.socket.nio.NioSocketChannel.doFinishConnect(NioSocketChannel.java:327)
	at org.apache.ratis.thirdparty.io.netty.channel.nio.AbstractNioChannel$AbstractNioUnsafe.finishConnect(AbstractNioChannel.java:340)
	at org.apache.ratis.thirdparty.io.netty.channel.nio.NioEventLoop.processSelectedKey(NioEventLoop.java:632)
	at org.apache.ratis.thirdparty.io.netty.channel.nio.NioEventLoop.processSelectedKeysOptimized(NioEventLoop.java:579)
	at org.apache.ratis.thirdparty.io.netty.channel.nio.NioEventLoop.processSelectedKeys(NioEventLoop.java:496)
	at org.apache.ratis.thirdparty.io.netty.channel.nio.NioEventLoop.run(NioEventLoop.java:458)
	at org.apache.ratis.thirdparty.io.netty.util.concurrent.SingleThreadEventExecutor$5.run(SingleThreadEventExecutor.java:897)
	at org.apache.ratis.thirdparty.io.netty.util.concurrent.FastThreadLocalRunnable.run(FastThreadLocalRunnable.java:30)
	... 1 more
Caused by: java.net.ConnectException: Connection refused
	... 11 more
2019-08-22 09:17:36,953 [093f9392-15a1-447b-85fb-4daaec7caf94:group-D53B9E930755:LeaderElection82] INFO  impl.LeaderElection (LeaderElection.java:logAndReturn(56)) - 093f9392-15a1-447b-85fb-4daaec7caf94:group-D53B9E930755:LeaderElection82: Election REJECTED; received 0 response(s) [] and 2 exception(s); 093f9392-15a1-447b-85fb-4daaec7caf94:t10, leader=null, voted=093f9392-15a1-447b-85fb-4daaec7caf94, raftlog=093f9392-15a1-447b-85fb-4daaec7caf94-SegmentedRaftLog:OPENED:c18,f18,i18, conf=0: [d22de7f6-7510-48e4-8f97-1191f0294a01:192.168.36.85:43465, 8e0331fc-a6ad-49c6-b07b-7e2a4ec9a890:192.168.36.85:46730, 093f9392-15a1-447b-85fb-4daaec7caf94:192.168.36.85:46381], old=null
2019-08-22 09:17:36,954 [093f9392-15a1-447b-85fb-4daaec7caf94:group-D53B9E930755:LeaderElection82] INFO  impl.LeaderElection (LogUtils.java:infoOrTrace(149)) -   Exception 0: {}
java.util.concurrent.ExecutionException: org.apache.ratis.thirdparty.io.grpc.StatusRuntimeException: UNAVAILABLE: io exception
	at java.util.concurrent.FutureTask.report(FutureTask.java:122)
	at java.util.concurrent.FutureTask.get(FutureTask.java:192)
	at org.apache.ratis.server.impl.LeaderElection.waitForResults(LeaderElection.java:262)
	at org.apache.ratis.server.impl.LeaderElection.askForVotes(LeaderElection.java:200)
	at org.apache.ratis.server.impl.LeaderElection.run(LeaderElection.java:130)
	at java.lang.Thread.run(Thread.java:748)
Caused by: org.apache.ratis.thirdparty.io.grpc.StatusRuntimeException: UNAVAILABLE: io exception
	at org.apache.ratis.thirdparty.io.grpc.stub.ClientCalls.toStatusRuntimeException(ClientCalls.java:233)
	at org.apache.ratis.thirdparty.io.grpc.stub.ClientCalls.getUnchecked(ClientCalls.java:214)
	at org.apache.ratis.thirdparty.io.grpc.stub.ClientCalls.blockingUnaryCall(ClientCalls.java:139)
	at org.apache.ratis.proto.grpc.RaftServerProtocolServiceGrpc$RaftServerProtocolServiceBlockingStub.requestVote(RaftServerProtocolServiceGrpc.java:265)
	at org.apache.ratis.grpc.server.GrpcServerProtocolClient.requestVote(GrpcServerProtocolClient.java:83)
	at org.apache.ratis.grpc.server.GrpcService.requestVote(GrpcService.java:195)
	at org.apache.ratis.server.impl.LeaderElection.lambda$submitRequests$1(LeaderElection.java:237)
	at java.util.concurrent.FutureTask.run(FutureTask.java:266)
	at java.util.concurrent.Executors$RunnableAdapter.call(Executors.java:511)
	at java.util.concurrent.FutureTask.run(FutureTask.java:266)
	at java.util.concurrent.ThreadPoolExecutor.runWorker(ThreadPoolExecutor.java:1149)
	at java.util.concurrent.ThreadPoolExecutor$Worker.run(ThreadPoolExecutor.java:624)
	... 1 more
Caused by: org.apache.ratis.thirdparty.io.netty.channel.AbstractChannel$AnnotatedConnectException: Connection refused: /192.168.36.85:43465
	at sun.nio.ch.SocketChannelImpl.checkConnect(Native Method)
	at sun.nio.ch.SocketChannelImpl.finishConnect(SocketChannelImpl.java:717)
	at org.apache.ratis.thirdparty.io.netty.channel.socket.nio.NioSocketChannel.doFinishConnect(NioSocketChannel.java:327)
	at org.apache.ratis.thirdparty.io.netty.channel.nio.AbstractNioChannel$AbstractNioUnsafe.finishConnect(AbstractNioChannel.java:340)
	at org.apache.ratis.thirdparty.io.netty.channel.nio.NioEventLoop.processSelectedKey(NioEventLoop.java:632)
	at org.apache.ratis.thirdparty.io.netty.channel.nio.NioEventLoop.processSelectedKeysOptimized(NioEventLoop.java:579)
	at org.apache.ratis.thirdparty.io.netty.channel.nio.NioEventLoop.processSelectedKeys(NioEventLoop.java:496)
	at org.apache.ratis.thirdparty.io.netty.channel.nio.NioEventLoop.run(NioEventLoop.java:458)
	at org.apache.ratis.thirdparty.io.netty.util.concurrent.SingleThreadEventExecutor$5.run(SingleThreadEventExecutor.java:897)
	at org.apache.ratis.thirdparty.io.netty.util.concurrent.FastThreadLocalRunnable.run(FastThreadLocalRunnable.java:30)
	... 1 more
Caused by: java.net.ConnectException: Connection refused
	... 11 more
2019-08-22 09:17:36,954 [093f9392-15a1-447b-85fb-4daaec7caf94:group-D53B9E930755:LeaderElection82] INFO  impl.LeaderElection (LogUtils.java:infoOrTrace(149)) -   Exception 1: {}
java.util.concurrent.ExecutionException: org.apache.ratis.thirdparty.io.grpc.StatusRuntimeException: UNAVAILABLE: io exception
	at java.util.concurrent.FutureTask.report(FutureTask.java:122)
	at java.util.concurrent.FutureTask.get(FutureTask.java:192)
	at org.apache.ratis.server.impl.LeaderElection.waitForResults(LeaderElection.java:262)
	at org.apache.ratis.server.impl.LeaderElection.askForVotes(LeaderElection.java:200)
	at org.apache.ratis.server.impl.LeaderElection.run(LeaderElection.java:130)
	at java.lang.Thread.run(Thread.java:748)
Caused by: org.apache.ratis.thirdparty.io.grpc.StatusRuntimeException: UNAVAILABLE: io exception
	at org.apache.ratis.thirdparty.io.grpc.stub.ClientCalls.toStatusRuntimeException(ClientCalls.java:233)
	at org.apache.ratis.thirdparty.io.grpc.stub.ClientCalls.getUnchecked(ClientCalls.java:214)
	at org.apache.ratis.thirdparty.io.grpc.stub.ClientCalls.blockingUnaryCall(ClientCalls.java:139)
	at org.apache.ratis.proto.grpc.RaftServerProtocolServiceGrpc$RaftServerProtocolServiceBlockingStub.requestVote(RaftServerProtocolServiceGrpc.java:265)
	at org.apache.ratis.grpc.server.GrpcServerProtocolClient.requestVote(GrpcServerProtocolClient.java:83)
	at org.apache.ratis.grpc.server.GrpcService.requestVote(GrpcService.java:195)
	at org.apache.ratis.server.impl.LeaderElection.lambda$submitRequests$1(LeaderElection.java:237)
	at java.util.concurrent.FutureTask.run(FutureTask.java:266)
	at java.util.concurrent.Executors$RunnableAdapter.call(Executors.java:511)
	at java.util.concurrent.FutureTask.run(FutureTask.java:266)
	at java.util.concurrent.ThreadPoolExecutor.runWorker(ThreadPoolExecutor.java:1149)
	at java.util.concurrent.ThreadPoolExecutor$Worker.run(ThreadPoolExecutor.java:624)
	... 1 more
Caused by: org.apache.ratis.thirdparty.io.netty.channel.AbstractChannel$AnnotatedConnectException: Connection refused: /192.168.36.85:46730
	at sun.nio.ch.SocketChannelImpl.checkConnect(Native Method)
	at sun.nio.ch.SocketChannelImpl.finishConnect(SocketChannelImpl.java:717)
	at org.apache.ratis.thirdparty.io.netty.channel.socket.nio.NioSocketChannel.doFinishConnect(NioSocketChannel.java:327)
	at org.apache.ratis.thirdparty.io.netty.channel.nio.AbstractNioChannel$AbstractNioUnsafe.finishConnect(AbstractNioChannel.java:340)
	at org.apache.ratis.thirdparty.io.netty.channel.nio.NioEventLoop.processSelectedKey(NioEventLoop.java:632)
	at org.apache.ratis.thirdparty.io.netty.channel.nio.NioEventLoop.processSelectedKeysOptimized(NioEventLoop.java:579)
	at org.apache.ratis.thirdparty.io.netty.channel.nio.NioEventLoop.processSelectedKeys(NioEventLoop.java:496)
	at org.apache.ratis.thirdparty.io.netty.channel.nio.NioEventLoop.run(NioEventLoop.java:458)
	at org.apache.ratis.thirdparty.io.netty.util.concurrent.SingleThreadEventExecutor$5.run(SingleThreadEventExecutor.java:897)
	at org.apache.ratis.thirdparty.io.netty.util.concurrent.FastThreadLocalRunnable.run(FastThreadLocalRunnable.java:30)
	... 1 more
Caused by: java.net.ConnectException: Connection refused
	... 11 more
2019-08-22 09:17:36,955 [093f9392-15a1-447b-85fb-4daaec7caf94:group-D53B9E930755:LeaderElection82] INFO  impl.RaftServerImpl (RaftServerImpl.java:setRole(171)) - 093f9392-15a1-447b-85fb-4daaec7caf94:group-D53B9E930755 changes role from CANDIDATE to FOLLOWER at term 10 for DISCOVERED_A_NEW_TERM
2019-08-22 09:17:36,955 [093f9392-15a1-447b-85fb-4daaec7caf94:group-D53B9E930755:LeaderElection82] INFO  impl.RoleInfo (RoleInfo.java:shutdownLeaderElection(134)) - 093f9392-15a1-447b-85fb-4daaec7caf94: shutdown LeaderElection
2019-08-22 09:17:36,955 [093f9392-15a1-447b-85fb-4daaec7caf94:group-D53B9E930755:LeaderElection82] INFO  impl.RoleInfo (RoleInfo.java:updateAndGet(143)) - 093f9392-15a1-447b-85fb-4daaec7caf94: start FollowerState
2019-08-22 09:17:37,557 | INFO  | SCMAudit | user=jenkins1000 | ip=192.168.36.85 | op=SEND_HEARTBEAT {datanodeUUID=4d51b372-1aca-44dd-a481-2d5d38da6b73, command=[]} | ret=SUCCESS |  
2019-08-22 09:17:37,814 | INFO  | SCMAudit | user=jenkins1000 | ip=192.168.36.85 | op=SEND_HEARTBEAT {datanodeUUID=67abc4f8-8424-4a13-a91f-3faee2bb56e5, command=[]} | ret=SUCCESS |  
2019-08-22 09:17:38,067 [Thread-1789] INFO  impl.FollowerState (FollowerState.java:run(106)) - 093f9392-15a1-447b-85fb-4daaec7caf94:group-D53B9E930755 changes to CANDIDATE, lastRpcTime:1111, electionTimeout:1111ms
2019-08-22 09:17:38,067 [Thread-1789] INFO  impl.RoleInfo (RoleInfo.java:shutdownFollowerState(121)) - 093f9392-15a1-447b-85fb-4daaec7caf94: shutdown FollowerState
2019-08-22 09:17:38,068 [Thread-1789] INFO  impl.RaftServerImpl (RaftServerImpl.java:setRole(171)) - 093f9392-15a1-447b-85fb-4daaec7caf94:group-D53B9E930755 changes role from FOLLOWER to CANDIDATE at term 10 for changeToCandidate
2019-08-22 09:17:38,068 [Thread-1789] INFO  impl.RoleInfo (RoleInfo.java:updateAndGet(143)) - 093f9392-15a1-447b-85fb-4daaec7caf94: start LeaderElection
2019-08-22 09:17:38,092 [093f9392-15a1-447b-85fb-4daaec7caf94:group-D53B9E930755:LeaderElection83] INFO  impl.LeaderElection (LeaderElection.java:askForVotes(181)) - 093f9392-15a1-447b-85fb-4daaec7caf94:group-D53B9E930755:LeaderElection83: begin an election at term 11 for 0: [d22de7f6-7510-48e4-8f97-1191f0294a01:192.168.36.85:43465, 8e0331fc-a6ad-49c6-b07b-7e2a4ec9a890:192.168.36.85:46730, 093f9392-15a1-447b-85fb-4daaec7caf94:192.168.36.85:46381], old=null
2019-08-22 09:17:38,093 [093f9392-15a1-447b-85fb-4daaec7caf94:group-D53B9E930755:LeaderElection83] INFO  impl.LeaderElection (LogUtils.java:infoOrTrace(149)) - 093f9392-15a1-447b-85fb-4daaec7caf94:group-D53B9E930755:LeaderElection83 got exception when requesting votes: {}
java.util.concurrent.ExecutionException: org.apache.ratis.thirdparty.io.grpc.StatusRuntimeException: UNAVAILABLE: io exception
	at java.util.concurrent.FutureTask.report(FutureTask.java:122)
	at java.util.concurrent.FutureTask.get(FutureTask.java:192)
	at org.apache.ratis.server.impl.LeaderElection.waitForResults(LeaderElection.java:262)
	at org.apache.ratis.server.impl.LeaderElection.askForVotes(LeaderElection.java:200)
	at org.apache.ratis.server.impl.LeaderElection.run(LeaderElection.java:130)
	at java.lang.Thread.run(Thread.java:748)
Caused by: org.apache.ratis.thirdparty.io.grpc.StatusRuntimeException: UNAVAILABLE: io exception
	at org.apache.ratis.thirdparty.io.grpc.stub.ClientCalls.toStatusRuntimeException(ClientCalls.java:233)
	at org.apache.ratis.thirdparty.io.grpc.stub.ClientCalls.getUnchecked(ClientCalls.java:214)
	at org.apache.ratis.thirdparty.io.grpc.stub.ClientCalls.blockingUnaryCall(ClientCalls.java:139)
	at org.apache.ratis.proto.grpc.RaftServerProtocolServiceGrpc$RaftServerProtocolServiceBlockingStub.requestVote(RaftServerProtocolServiceGrpc.java:265)
	at org.apache.ratis.grpc.server.GrpcServerProtocolClient.requestVote(GrpcServerProtocolClient.java:83)
	at org.apache.ratis.grpc.server.GrpcService.requestVote(GrpcService.java:195)
	at org.apache.ratis.server.impl.LeaderElection.lambda$submitRequests$1(LeaderElection.java:237)
	at java.util.concurrent.FutureTask.run(FutureTask.java:266)
	at java.util.concurrent.Executors$RunnableAdapter.call(Executors.java:511)
	at java.util.concurrent.FutureTask.run(FutureTask.java:266)
	at java.util.concurrent.ThreadPoolExecutor.runWorker(ThreadPoolExecutor.java:1149)
	at java.util.concurrent.ThreadPoolExecutor$Worker.run(ThreadPoolExecutor.java:624)
	... 1 more
Caused by: org.apache.ratis.thirdparty.io.netty.channel.AbstractChannel$AnnotatedConnectException: Connection refused: /192.168.36.85:43465
	at sun.nio.ch.SocketChannelImpl.checkConnect(Native Method)
	at sun.nio.ch.SocketChannelImpl.finishConnect(SocketChannelImpl.java:717)
	at org.apache.ratis.thirdparty.io.netty.channel.socket.nio.NioSocketChannel.doFinishConnect(NioSocketChannel.java:327)
	at org.apache.ratis.thirdparty.io.netty.channel.nio.AbstractNioChannel$AbstractNioUnsafe.finishConnect(AbstractNioChannel.java:340)
	at org.apache.ratis.thirdparty.io.netty.channel.nio.NioEventLoop.processSelectedKey(NioEventLoop.java:632)
	at org.apache.ratis.thirdparty.io.netty.channel.nio.NioEventLoop.processSelectedKeysOptimized(NioEventLoop.java:579)
	at org.apache.ratis.thirdparty.io.netty.channel.nio.NioEventLoop.processSelectedKeys(NioEventLoop.java:496)
	at org.apache.ratis.thirdparty.io.netty.channel.nio.NioEventLoop.run(NioEventLoop.java:458)
	at org.apache.ratis.thirdparty.io.netty.util.concurrent.SingleThreadEventExecutor$5.run(SingleThreadEventExecutor.java:897)
	at org.apache.ratis.thirdparty.io.netty.util.concurrent.FastThreadLocalRunnable.run(FastThreadLocalRunnable.java:30)
	... 1 more
Caused by: java.net.ConnectException: Connection refused
	... 11 more
2019-08-22 09:17:38,097 [093f9392-15a1-447b-85fb-4daaec7caf94:group-D53B9E930755:LeaderElection83] INFO  impl.LeaderElection (LogUtils.java:infoOrTrace(149)) - 093f9392-15a1-447b-85fb-4daaec7caf94:group-D53B9E930755:LeaderElection83 got exception when requesting votes: {}
java.util.concurrent.ExecutionException: org.apache.ratis.thirdparty.io.grpc.StatusRuntimeException: UNAVAILABLE: io exception
	at java.util.concurrent.FutureTask.report(FutureTask.java:122)
	at java.util.concurrent.FutureTask.get(FutureTask.java:192)
	at org.apache.ratis.server.impl.LeaderElection.waitForResults(LeaderElection.java:262)
	at org.apache.ratis.server.impl.LeaderElection.askForVotes(LeaderElection.java:200)
	at org.apache.ratis.server.impl.LeaderElection.run(LeaderElection.java:130)
	at java.lang.Thread.run(Thread.java:748)
Caused by: org.apache.ratis.thirdparty.io.grpc.StatusRuntimeException: UNAVAILABLE: io exception
	at org.apache.ratis.thirdparty.io.grpc.stub.ClientCalls.toStatusRuntimeException(ClientCalls.java:233)
	at org.apache.ratis.thirdparty.io.grpc.stub.ClientCalls.getUnchecked(ClientCalls.java:214)
	at org.apache.ratis.thirdparty.io.grpc.stub.ClientCalls.blockingUnaryCall(ClientCalls.java:139)
	at org.apache.ratis.proto.grpc.RaftServerProtocolServiceGrpc$RaftServerProtocolServiceBlockingStub.requestVote(RaftServerProtocolServiceGrpc.java:265)
	at org.apache.ratis.grpc.server.GrpcServerProtocolClient.requestVote(GrpcServerProtocolClient.java:83)
	at org.apache.ratis.grpc.server.GrpcService.requestVote(GrpcService.java:195)
	at org.apache.ratis.server.impl.LeaderElection.lambda$submitRequests$1(LeaderElection.java:237)
	at java.util.concurrent.FutureTask.run(FutureTask.java:266)
	at java.util.concurrent.Executors$RunnableAdapter.call(Executors.java:511)
	at java.util.concurrent.FutureTask.run(FutureTask.java:266)
	at java.util.concurrent.ThreadPoolExecutor.runWorker(ThreadPoolExecutor.java:1149)
	at java.util.concurrent.ThreadPoolExecutor$Worker.run(ThreadPoolExecutor.java:624)
	... 1 more
Caused by: org.apache.ratis.thirdparty.io.netty.channel.AbstractChannel$AnnotatedConnectException: Connection refused: /192.168.36.85:46730
	at sun.nio.ch.SocketChannelImpl.checkConnect(Native Method)
	at sun.nio.ch.SocketChannelImpl.finishConnect(SocketChannelImpl.java:717)
	at org.apache.ratis.thirdparty.io.netty.channel.socket.nio.NioSocketChannel.doFinishConnect(NioSocketChannel.java:327)
	at org.apache.ratis.thirdparty.io.netty.channel.nio.AbstractNioChannel$AbstractNioUnsafe.finishConnect(AbstractNioChannel.java:340)
	at org.apache.ratis.thirdparty.io.netty.channel.nio.NioEventLoop.processSelectedKey(NioEventLoop.java:632)
	at org.apache.ratis.thirdparty.io.netty.channel.nio.NioEventLoop.processSelectedKeysOptimized(NioEventLoop.java:579)
	at org.apache.ratis.thirdparty.io.netty.channel.nio.NioEventLoop.processSelectedKeys(NioEventLoop.java:496)
	at org.apache.ratis.thirdparty.io.netty.channel.nio.NioEventLoop.run(NioEventLoop.java:458)
	at org.apache.ratis.thirdparty.io.netty.util.concurrent.SingleThreadEventExecutor$5.run(SingleThreadEventExecutor.java:897)
	at org.apache.ratis.thirdparty.io.netty.util.concurrent.FastThreadLocalRunnable.run(FastThreadLocalRunnable.java:30)
	... 1 more
Caused by: java.net.ConnectException: Connection refused
	... 11 more
2019-08-22 09:17:38,113 [093f9392-15a1-447b-85fb-4daaec7caf94:group-D53B9E930755:LeaderElection83] INFO  impl.LeaderElection (LeaderElection.java:logAndReturn(56)) - 093f9392-15a1-447b-85fb-4daaec7caf94:group-D53B9E930755:LeaderElection83: Election REJECTED; received 0 response(s) [] and 2 exception(s); 093f9392-15a1-447b-85fb-4daaec7caf94:t11, leader=null, voted=093f9392-15a1-447b-85fb-4daaec7caf94, raftlog=093f9392-15a1-447b-85fb-4daaec7caf94-SegmentedRaftLog:OPENED:c18,f18,i18, conf=0: [d22de7f6-7510-48e4-8f97-1191f0294a01:192.168.36.85:43465, 8e0331fc-a6ad-49c6-b07b-7e2a4ec9a890:192.168.36.85:46730, 093f9392-15a1-447b-85fb-4daaec7caf94:192.168.36.85:46381], old=null
2019-08-22 09:17:38,113 [093f9392-15a1-447b-85fb-4daaec7caf94:group-D53B9E930755:LeaderElection83] INFO  impl.LeaderElection (LogUtils.java:infoOrTrace(149)) -   Exception 0: {}
java.util.concurrent.ExecutionException: org.apache.ratis.thirdparty.io.grpc.StatusRuntimeException: UNAVAILABLE: io exception
	at java.util.concurrent.FutureTask.report(FutureTask.java:122)
	at java.util.concurrent.FutureTask.get(FutureTask.java:192)
	at org.apache.ratis.server.impl.LeaderElection.waitForResults(LeaderElection.java:262)
	at org.apache.ratis.server.impl.LeaderElection.askForVotes(LeaderElection.java:200)
	at org.apache.ratis.server.impl.LeaderElection.run(LeaderElection.java:130)
	at java.lang.Thread.run(Thread.java:748)
Caused by: org.apache.ratis.thirdparty.io.grpc.StatusRuntimeException: UNAVAILABLE: io exception
	at org.apache.ratis.thirdparty.io.grpc.stub.ClientCalls.toStatusRuntimeException(ClientCalls.java:233)
	at org.apache.ratis.thirdparty.io.grpc.stub.ClientCalls.getUnchecked(ClientCalls.java:214)
	at org.apache.ratis.thirdparty.io.grpc.stub.ClientCalls.blockingUnaryCall(ClientCalls.java:139)
	at org.apache.ratis.proto.grpc.RaftServerProtocolServiceGrpc$RaftServerProtocolServiceBlockingStub.requestVote(RaftServerProtocolServiceGrpc.java:265)
	at org.apache.ratis.grpc.server.GrpcServerProtocolClient.requestVote(GrpcServerProtocolClient.java:83)
	at org.apache.ratis.grpc.server.GrpcService.requestVote(GrpcService.java:195)
	at org.apache.ratis.server.impl.LeaderElection.lambda$submitRequests$1(LeaderElection.java:237)
	at java.util.concurrent.FutureTask.run(FutureTask.java:266)
	at java.util.concurrent.Executors$RunnableAdapter.call(Executors.java:511)
	at java.util.concurrent.FutureTask.run(FutureTask.java:266)
	at java.util.concurrent.ThreadPoolExecutor.runWorker(ThreadPoolExecutor.java:1149)
	at java.util.concurrent.ThreadPoolExecutor$Worker.run(ThreadPoolExecutor.java:624)
	... 1 more
Caused by: org.apache.ratis.thirdparty.io.netty.channel.AbstractChannel$AnnotatedConnectException: Connection refused: /192.168.36.85:43465
	at sun.nio.ch.SocketChannelImpl.checkConnect(Native Method)
	at sun.nio.ch.SocketChannelImpl.finishConnect(SocketChannelImpl.java:717)
	at org.apache.ratis.thirdparty.io.netty.channel.socket.nio.NioSocketChannel.doFinishConnect(NioSocketChannel.java:327)
	at org.apache.ratis.thirdparty.io.netty.channel.nio.AbstractNioChannel$AbstractNioUnsafe.finishConnect(AbstractNioChannel.java:340)
	at org.apache.ratis.thirdparty.io.netty.channel.nio.NioEventLoop.processSelectedKey(NioEventLoop.java:632)
	at org.apache.ratis.thirdparty.io.netty.channel.nio.NioEventLoop.processSelectedKeysOptimized(NioEventLoop.java:579)
	at org.apache.ratis.thirdparty.io.netty.channel.nio.NioEventLoop.processSelectedKeys(NioEventLoop.java:496)
	at org.apache.ratis.thirdparty.io.netty.channel.nio.NioEventLoop.run(NioEventLoop.java:458)
	at org.apache.ratis.thirdparty.io.netty.util.concurrent.SingleThreadEventExecutor$5.run(SingleThreadEventExecutor.java:897)
	at org.apache.ratis.thirdparty.io.netty.util.concurrent.FastThreadLocalRunnable.run(FastThreadLocalRunnable.java:30)
	... 1 more
Caused by: java.net.ConnectException: Connection refused
	... 11 more
2019-08-22 09:17:38,114 [093f9392-15a1-447b-85fb-4daaec7caf94:group-D53B9E930755:LeaderElection83] INFO  impl.LeaderElection (LogUtils.java:infoOrTrace(149)) -   Exception 1: {}
java.util.concurrent.ExecutionException: org.apache.ratis.thirdparty.io.grpc.StatusRuntimeException: UNAVAILABLE: io exception
	at java.util.concurrent.FutureTask.report(FutureTask.java:122)
	at java.util.concurrent.FutureTask.get(FutureTask.java:192)
	at org.apache.ratis.server.impl.LeaderElection.waitForResults(LeaderElection.java:262)
	at org.apache.ratis.server.impl.LeaderElection.askForVotes(LeaderElection.java:200)
	at org.apache.ratis.server.impl.LeaderElection.run(LeaderElection.java:130)
	at java.lang.Thread.run(Thread.java:748)
Caused by: org.apache.ratis.thirdparty.io.grpc.StatusRuntimeException: UNAVAILABLE: io exception
	at org.apache.ratis.thirdparty.io.grpc.stub.ClientCalls.toStatusRuntimeException(ClientCalls.java:233)
	at org.apache.ratis.thirdparty.io.grpc.stub.ClientCalls.getUnchecked(ClientCalls.java:214)
	at org.apache.ratis.thirdparty.io.grpc.stub.ClientCalls.blockingUnaryCall(ClientCalls.java:139)
	at org.apache.ratis.proto.grpc.RaftServerProtocolServiceGrpc$RaftServerProtocolServiceBlockingStub.requestVote(RaftServerProtocolServiceGrpc.java:265)
	at org.apache.ratis.grpc.server.GrpcServerProtocolClient.requestVote(GrpcServerProtocolClient.java:83)
	at org.apache.ratis.grpc.server.GrpcService.requestVote(GrpcService.java:195)
	at org.apache.ratis.server.impl.LeaderElection.lambda$submitRequests$1(LeaderElection.java:237)
	at java.util.concurrent.FutureTask.run(FutureTask.java:266)
	at java.util.concurrent.Executors$RunnableAdapter.call(Executors.java:511)
	at java.util.concurrent.FutureTask.run(FutureTask.java:266)
	at java.util.concurrent.ThreadPoolExecutor.runWorker(ThreadPoolExecutor.java:1149)
	at java.util.concurrent.ThreadPoolExecutor$Worker.run(ThreadPoolExecutor.java:624)
	... 1 more
Caused by: org.apache.ratis.thirdparty.io.netty.channel.AbstractChannel$AnnotatedConnectException: Connection refused: /192.168.36.85:46730
	at sun.nio.ch.SocketChannelImpl.checkConnect(Native Method)
	at sun.nio.ch.SocketChannelImpl.finishConnect(SocketChannelImpl.java:717)
	at org.apache.ratis.thirdparty.io.netty.channel.socket.nio.NioSocketChannel.doFinishConnect(NioSocketChannel.java:327)
	at org.apache.ratis.thirdparty.io.netty.channel.nio.AbstractNioChannel$AbstractNioUnsafe.finishConnect(AbstractNioChannel.java:340)
	at org.apache.ratis.thirdparty.io.netty.channel.nio.NioEventLoop.processSelectedKey(NioEventLoop.java:632)
	at org.apache.ratis.thirdparty.io.netty.channel.nio.NioEventLoop.processSelectedKeysOptimized(NioEventLoop.java:579)
	at org.apache.ratis.thirdparty.io.netty.channel.nio.NioEventLoop.processSelectedKeys(NioEventLoop.java:496)
	at org.apache.ratis.thirdparty.io.netty.channel.nio.NioEventLoop.run(NioEventLoop.java:458)
	at org.apache.ratis.thirdparty.io.netty.util.concurrent.SingleThreadEventExecutor$5.run(SingleThreadEventExecutor.java:897)
	at org.apache.ratis.thirdparty.io.netty.util.concurrent.FastThreadLocalRunnable.run(FastThreadLocalRunnable.java:30)
	... 1 more
Caused by: java.net.ConnectException: Connection refused
	... 11 more
2019-08-22 09:17:38,114 [093f9392-15a1-447b-85fb-4daaec7caf94:group-D53B9E930755:LeaderElection83] INFO  impl.RaftServerImpl (RaftServerImpl.java:setRole(171)) - 093f9392-15a1-447b-85fb-4daaec7caf94:group-D53B9E930755 changes role from CANDIDATE to FOLLOWER at term 11 for DISCOVERED_A_NEW_TERM
2019-08-22 09:17:38,115 [093f9392-15a1-447b-85fb-4daaec7caf94:group-D53B9E930755:LeaderElection83] INFO  impl.RoleInfo (RoleInfo.java:shutdownLeaderElection(134)) - 093f9392-15a1-447b-85fb-4daaec7caf94: shutdown LeaderElection
2019-08-22 09:17:38,115 [093f9392-15a1-447b-85fb-4daaec7caf94:group-D53B9E930755:LeaderElection83] INFO  impl.RoleInfo (RoleInfo.java:updateAndGet(143)) - 093f9392-15a1-447b-85fb-4daaec7caf94: start FollowerState
2019-08-22 09:17:38,556 | INFO  | SCMAudit | user=jenkins1000 | ip=192.168.36.85 | op=SEND_HEARTBEAT {datanodeUUID=4d51b372-1aca-44dd-a481-2d5d38da6b73, command=[]} | ret=SUCCESS |  
2019-08-22 09:17:38,814 | INFO  | SCMAudit | user=jenkins1000 | ip=192.168.36.85 | op=SEND_HEARTBEAT {datanodeUUID=67abc4f8-8424-4a13-a91f-3faee2bb56e5, command=[]} | ret=SUCCESS |  
2019-08-22 09:17:39,017 [main] INFO  ozoneimpl.OzoneContainer (OzoneContainer.java:stop(199)) - Attempting to stop container services.
2019-08-22 09:17:39,017 [ForkJoinPool.commonPool-worker-1] INFO  ozoneimpl.OzoneContainer (OzoneContainer.java:stop(199)) - Attempting to stop container services.
2019-08-22 09:17:39,018 [main] INFO  impl.RaftServerProxy (RaftServerProxy.java:lambda$close$4(314)) - efb90bff-72c5-4ce9-affc-3f37be090605: close
2019-08-22 09:17:39,018 [ForkJoinPool.commonPool-worker-1] INFO  impl.RaftServerProxy (RaftServerProxy.java:lambda$close$4(314)) - 093f9392-15a1-447b-85fb-4daaec7caf94: close
2019-08-22 09:17:39,018 [main] INFO  impl.RaftServerImpl (RaftServerImpl.java:lambda$shutdown$3(245)) - efb90bff-72c5-4ce9-affc-3f37be090605: shutdown group-2EE541EC6892
2019-08-22 09:17:39,018 [ForkJoinPool.commonPool-worker-1] INFO  impl.RaftServerImpl (RaftServerImpl.java:lambda$shutdown$3(245)) - 093f9392-15a1-447b-85fb-4daaec7caf94: shutdown group-5DBE13816419
2019-08-22 09:17:39,019 [main] INFO  util.JmxRegister (JmxRegister.java:unregister(73)) - Successfully un-registered JMX Bean with object name Ratis:service=RaftServer,group=group-2EE541EC6892,id=efb90bff-72c5-4ce9-affc-3f37be090605
2019-08-22 09:17:39,019 [ForkJoinPool.commonPool-worker-1] INFO  util.JmxRegister (JmxRegister.java:unregister(73)) - Successfully un-registered JMX Bean with object name Ratis:service=RaftServer,group=group-5DBE13816419,id=093f9392-15a1-447b-85fb-4daaec7caf94
2019-08-22 09:17:39,019 [main] INFO  impl.RoleInfo (RoleInfo.java:shutdownLeaderState(104)) - efb90bff-72c5-4ce9-affc-3f37be090605: shutdown LeaderState
2019-08-22 09:17:39,020 [ForkJoinPool.commonPool-worker-1] INFO  impl.RoleInfo (RoleInfo.java:shutdownLeaderState(104)) - 093f9392-15a1-447b-85fb-4daaec7caf94: shutdown LeaderState
2019-08-22 09:17:39,020 [main] INFO  impl.PendingRequests (PendingRequests.java:sendNotLeaderResponses(202)) - efb90bff-72c5-4ce9-affc-3f37be090605-PendingRequests: sendNotLeaderResponses
2019-08-22 09:17:39,020 [ForkJoinPool.commonPool-worker-1] INFO  impl.PendingRequests (PendingRequests.java:sendNotLeaderResponses(202)) - 093f9392-15a1-447b-85fb-4daaec7caf94-PendingRequests: sendNotLeaderResponses
2019-08-22 09:17:39,024 [main] INFO  impl.StateMachineUpdater (StateMachineUpdater.java:stopAndJoin(115)) - StateMachineUpdater:efb90bff-72c5-4ce9-affc-3f37be090605:group-2EE541EC6892: set stopIndex = 0
2019-08-22 09:17:39,024 [ForkJoinPool.commonPool-worker-1] INFO  impl.StateMachineUpdater (StateMachineUpdater.java:stopAndJoin(115)) - StateMachineUpdater:093f9392-15a1-447b-85fb-4daaec7caf94:group-5DBE13816419: set stopIndex = 0
2019-08-22 09:17:39,025 [main] INFO  impl.RaftServerImpl (ServerState.java:close(394)) - efb90bff-72c5-4ce9-affc-3f37be090605:group-2EE541EC6892 closes. The last applied log index is 0
2019-08-22 09:17:39,025 [ForkJoinPool.commonPool-worker-1] INFO  impl.RaftServerImpl (ServerState.java:close(394)) - 093f9392-15a1-447b-85fb-4daaec7caf94:group-5DBE13816419 closes. The last applied log index is 0
2019-08-22 09:17:39,026 [efb90bff-72c5-4ce9-affc-3f37be090605-SegmentedRaftLogWorker:Storage Directory /workdir/hadoop-ozone/integration-test/target/test-dir/MiniOzoneClusterImpl-b4094933-c81e-4e47-9f4e-b6682d02a4e3/datanode-3/data/ratis/142b0a14-7f79-4db5-9028-2ee541ec6892] INFO  segmented.SegmentedRaftLogWorker (SegmentedRaftLogWorker.java:run(313)) - efb90bff-72c5-4ce9-affc-3f37be090605-SegmentedRaftLogWorker:Storage Directory /workdir/hadoop-ozone/integration-test/target/test-dir/MiniOzoneClusterImpl-b4094933-c81e-4e47-9f4e-b6682d02a4e3/datanode-3/data/ratis/142b0a14-7f79-4db5-9028-2ee541ec6892 was interrupted, exiting. There are 0 tasks remaining in the queue.
2019-08-22 09:17:39,026 [093f9392-15a1-447b-85fb-4daaec7caf94-SegmentedRaftLogWorker:Storage Directory /workdir/hadoop-ozone/integration-test/target/test-dir/MiniOzoneClusterImpl-b4094933-c81e-4e47-9f4e-b6682d02a4e3/datanode-0/data/ratis/9d77570e-18b5-4e96-821f-5dbe13816419] INFO  segmented.SegmentedRaftLogWorker (SegmentedRaftLogWorker.java:run(313)) - 093f9392-15a1-447b-85fb-4daaec7caf94-SegmentedRaftLogWorker:Storage Directory /workdir/hadoop-ozone/integration-test/target/test-dir/MiniOzoneClusterImpl-b4094933-c81e-4e47-9f4e-b6682d02a4e3/datanode-0/data/ratis/9d77570e-18b5-4e96-821f-5dbe13816419 was interrupted, exiting. There are 0 tasks remaining in the queue.
2019-08-22 09:17:39,028 [main] INFO  segmented.SegmentedRaftLogWorker (SegmentedRaftLogWorker.java:close(228)) - efb90bff-72c5-4ce9-affc-3f37be090605-SegmentedRaftLogWorker:Storage Directory /workdir/hadoop-ozone/integration-test/target/test-dir/MiniOzoneClusterImpl-b4094933-c81e-4e47-9f4e-b6682d02a4e3/datanode-3/data/ratis/142b0a14-7f79-4db5-9028-2ee541ec6892 close()
2019-08-22 09:17:39,030 [ForkJoinPool.commonPool-worker-1] INFO  segmented.SegmentedRaftLogWorker (SegmentedRaftLogWorker.java:close(228)) - 093f9392-15a1-447b-85fb-4daaec7caf94-SegmentedRaftLogWorker:Storage Directory /workdir/hadoop-ozone/integration-test/target/test-dir/MiniOzoneClusterImpl-b4094933-c81e-4e47-9f4e-b6682d02a4e3/datanode-0/data/ratis/9d77570e-18b5-4e96-821f-5dbe13816419 close()
2019-08-22 09:17:39,032 [main] INFO  impl.RaftServerImpl (RaftServerImpl.java:lambda$shutdown$3(245)) - efb90bff-72c5-4ce9-affc-3f37be090605: shutdown group-EF5DD0F5256D
2019-08-22 09:17:39,034 [ForkJoinPool.commonPool-worker-1] INFO  impl.RaftServerImpl (RaftServerImpl.java:lambda$shutdown$3(245)) - 093f9392-15a1-447b-85fb-4daaec7caf94: shutdown group-D53B9E930755
2019-08-22 09:17:39,035 [main] INFO  util.JmxRegister (JmxRegister.java:unregister(73)) - Successfully un-registered JMX Bean with object name Ratis:service=RaftServer,group=group-EF5DD0F5256D,id=efb90bff-72c5-4ce9-affc-3f37be090605
2019-08-22 09:17:39,035 [ForkJoinPool.commonPool-worker-1] INFO  util.JmxRegister (JmxRegister.java:unregister(73)) - Successfully un-registered JMX Bean with object name Ratis:service=RaftServer,group=group-D53B9E930755,id=093f9392-15a1-447b-85fb-4daaec7caf94
2019-08-22 09:17:39,035 [main] INFO  impl.RoleInfo (RoleInfo.java:shutdownLeaderState(104)) - efb90bff-72c5-4ce9-affc-3f37be090605: shutdown LeaderState
2019-08-22 09:17:39,035 [ForkJoinPool.commonPool-worker-1] INFO  impl.RoleInfo (RoleInfo.java:shutdownFollowerState(121)) - 093f9392-15a1-447b-85fb-4daaec7caf94: shutdown FollowerState
2019-08-22 09:17:39,039 [main] INFO  impl.PendingRequests (PendingRequests.java:sendNotLeaderResponses(202)) - efb90bff-72c5-4ce9-affc-3f37be090605-PendingRequests: sendNotLeaderResponses
2019-08-22 09:17:39,040 [StateMachineUpdater:093f9392-15a1-447b-85fb-4daaec7caf94:group-D53B9E930755] INFO  ratis.ContainerStateMachine (ContainerStateMachine.java:takeSnapshot(283)) - group-D53B9E930755: Taking a snapshot at:(t:1, i:16) file /workdir/hadoop-ozone/integration-test/target/test-dir/MiniOzoneClusterImpl-b4094933-c81e-4e47-9f4e-b6682d02a4e3/datanode-0/data/ratis/842c8521-cd23-4f59-9d81-d53b9e930755/sm/snapshot.1_16
2019-08-22 09:17:39,040 [Thread-1797] INFO  impl.FollowerState (FollowerState.java:run(114)) - 093f9392-15a1-447b-85fb-4daaec7caf94: FollowerState was interrupted: java.lang.InterruptedException: sleep interrupted
2019-08-22 09:17:39,040 [org.apache.ratis.server.impl.LogAppender$AppenderDaemon$$Lambda$363/153538228@51b2be32] WARN  server.GrpcLogAppender (GrpcLogAppender.java:mayWait(143)) - GrpcLogAppender(efb90bff-72c5-4ce9-affc-3f37be090605->4d51b372-1aca-44dd-a481-2d5d38da6b73): Wait interrupted by java.lang.InterruptedException
2019-08-22 09:17:39,040 [ForkJoinPool.commonPool-worker-1] INFO  impl.StateMachineUpdater (StateMachineUpdater.java:stopAndJoin(115)) - StateMachineUpdater:093f9392-15a1-447b-85fb-4daaec7caf94:group-D53B9E930755: set stopIndex = 18
2019-08-22 09:17:39,039 [org.apache.ratis.server.impl.LogAppender$AppenderDaemon$$Lambda$363/153538228@14b032c0] WARN  server.GrpcLogAppender (GrpcLogAppender.java:mayWait(143)) - GrpcLogAppender(efb90bff-72c5-4ce9-affc-3f37be090605->67abc4f8-8424-4a13-a91f-3faee2bb56e5): Wait interrupted by java.lang.InterruptedException
2019-08-22 09:17:39,041 [grpc-default-executor-3] INFO  server.GrpcServerProtocolService (GrpcServerProtocolService.java:onCompleted(104)) - 4d51b372-1aca-44dd-a481-2d5d38da6b73: appendEntries completed
2019-08-22 09:17:39,040 [main] INFO  impl.StateMachineUpdater (StateMachineUpdater.java:stopAndJoin(115)) - StateMachineUpdater:efb90bff-72c5-4ce9-affc-3f37be090605:group-EF5DD0F5256D: set stopIndex = 2
2019-08-22 09:17:39,041 [grpc-default-executor-3] INFO  server.GrpcServerProtocolService (GrpcServerProtocolService.java:onCompleted(104)) - 67abc4f8-8424-4a13-a91f-3faee2bb56e5: appendEntries completed
2019-08-22 09:17:39,042 [main] INFO  impl.RaftServerImpl (ServerState.java:close(394)) - efb90bff-72c5-4ce9-affc-3f37be090605:group-EF5DD0F5256D closes. The last applied log index is 2
2019-08-22 09:17:39,042 [grpc-default-executor-1] INFO  server.GrpcLogAppender (GrpcLogAppender.java:onCompleted(292)) - efb90bff-72c5-4ce9-affc-3f37be090605->4d51b372-1aca-44dd-a481-2d5d38da6b73: follower responses appendEntries COMPLETED
2019-08-22 09:17:39,043 [efb90bff-72c5-4ce9-affc-3f37be090605-SegmentedRaftLogWorker:Storage Directory /workdir/hadoop-ozone/integration-test/target/test-dir/MiniOzoneClusterImpl-b4094933-c81e-4e47-9f4e-b6682d02a4e3/datanode-3/data/ratis/e1a9f66e-de0f-4eaa-b925-ef5dd0f5256d] INFO  segmented.SegmentedRaftLogWorker (SegmentedRaftLogWorker.java:run(313)) - efb90bff-72c5-4ce9-affc-3f37be090605-SegmentedRaftLogWorker:Storage Directory /workdir/hadoop-ozone/integration-test/target/test-dir/MiniOzoneClusterImpl-b4094933-c81e-4e47-9f4e-b6682d02a4e3/datanode-3/data/ratis/e1a9f66e-de0f-4eaa-b925-ef5dd0f5256d was interrupted, exiting. There are 0 tasks remaining in the queue.
2019-08-22 09:17:39,042 [grpc-default-executor-3] INFO  server.GrpcLogAppender (GrpcLogAppender.java:onCompleted(292)) - efb90bff-72c5-4ce9-affc-3f37be090605->67abc4f8-8424-4a13-a91f-3faee2bb56e5: follower responses appendEntries COMPLETED
2019-08-22 09:17:39,045 [main] INFO  segmented.SegmentedRaftLogWorker (SegmentedRaftLogWorker.java:close(228)) - efb90bff-72c5-4ce9-affc-3f37be090605-SegmentedRaftLogWorker:Storage Directory /workdir/hadoop-ozone/integration-test/target/test-dir/MiniOzoneClusterImpl-b4094933-c81e-4e47-9f4e-b6682d02a4e3/datanode-3/data/ratis/e1a9f66e-de0f-4eaa-b925-ef5dd0f5256d close()
2019-08-22 09:17:39,043 [grpc-default-executor-1] INFO  impl.FollowerInfo (FollowerInfo.java:lambda$new$0(50)) - efb90bff-72c5-4ce9-affc-3f37be090605->4d51b372-1aca-44dd-a481-2d5d38da6b73: nextIndex: updateUnconditionally 3 -> 2
2019-08-22 09:17:39,047 [main] INFO  server.GrpcService (GrpcService.java:closeImpl(155)) - efb90bff-72c5-4ce9-affc-3f37be090605: shutdown server with port 35511 now
2019-08-22 09:17:39,045 [grpc-default-executor-3] INFO  impl.FollowerInfo (FollowerInfo.java:lambda$new$0(50)) - efb90bff-72c5-4ce9-affc-3f37be090605->67abc4f8-8424-4a13-a91f-3faee2bb56e5: nextIndex: updateUnconditionally 3 -> 2
2019-08-22 09:17:39,048 [main] INFO  server.GrpcService (GrpcService.java:closeImpl(163)) - efb90bff-72c5-4ce9-affc-3f37be090605: shutdown server with port 35511 successfully
2019-08-22 09:17:39,049 [main] INFO  utils.BackgroundService (BackgroundService.java:shutdown(148)) - Shutting down service BlockDeletingService
2019-08-22 09:17:39,051 [refreshUsed-/workdir/hadoop-ozone/integration-test/target/test-dir/MiniOzoneClusterImpl-b4094933-c81e-4e47-9f4e-b6682d02a4e3/datanode-3/data/containers] WARN  fs.CachingGetSpaceUsed (CachingGetSpaceUsed.java:run(183)) - Thread Interrupted waiting to refresh disk information: sleep interrupted
2019-08-22 09:17:39,064 [StateMachineUpdater:093f9392-15a1-447b-85fb-4daaec7caf94:group-D53B9E930755] INFO  ratis.ContainerStateMachine (ContainerStateMachine.java:takeSnapshot(294)) - group-D53B9E930755: Finished taking a snapshot at:(t:1, i:16) file:/workdir/hadoop-ozone/integration-test/target/test-dir/MiniOzoneClusterImpl-b4094933-c81e-4e47-9f4e-b6682d02a4e3/datanode-0/data/ratis/842c8521-cd23-4f59-9d81-d53b9e930755/sm/snapshot.1_16 time:24
2019-08-22 09:17:39,064 [StateMachineUpdater:093f9392-15a1-447b-85fb-4daaec7caf94:group-D53B9E930755] INFO  impl.StateMachineUpdater (StateMachineUpdater.java:takeSnapshot(242)) - StateMachineUpdater:093f9392-15a1-447b-85fb-4daaec7caf94:group-D53B9E930755: Took a snapshot at index 16
2019-08-22 09:17:39,064 [StateMachineUpdater:093f9392-15a1-447b-85fb-4daaec7caf94:group-D53B9E930755] INFO  impl.StateMachineUpdater (StateMachineUpdater.java:lambda$new$0(80)) - StateMachineUpdater:093f9392-15a1-447b-85fb-4daaec7caf94:group-D53B9E930755: snapshotIndex: updateIncreasingly -1 -> 16
2019-08-22 09:17:39,065 [ForkJoinPool.commonPool-worker-1] INFO  impl.RaftServerImpl (ServerState.java:close(394)) - 093f9392-15a1-447b-85fb-4daaec7caf94:group-D53B9E930755 closes. The last applied log index is 18
2019-08-22 09:17:39,065 [093f9392-15a1-447b-85fb-4daaec7caf94-SegmentedRaftLogWorker:Storage Directory /workdir/hadoop-ozone/integration-test/target/test-dir/MiniOzoneClusterImpl-b4094933-c81e-4e47-9f4e-b6682d02a4e3/datanode-0/data/ratis/842c8521-cd23-4f59-9d81-d53b9e930755] INFO  segmented.SegmentedRaftLogWorker (SegmentedRaftLogWorker.java:run(313)) - 093f9392-15a1-447b-85fb-4daaec7caf94-SegmentedRaftLogWorker:Storage Directory /workdir/hadoop-ozone/integration-test/target/test-dir/MiniOzoneClusterImpl-b4094933-c81e-4e47-9f4e-b6682d02a4e3/datanode-0/data/ratis/842c8521-cd23-4f59-9d81-d53b9e930755 was interrupted, exiting. There are 0 tasks remaining in the queue.
2019-08-22 09:17:39,068 [ForkJoinPool.commonPool-worker-1] INFO  segmented.SegmentedRaftLogWorker (SegmentedRaftLogWorker.java:close(228)) - 093f9392-15a1-447b-85fb-4daaec7caf94-SegmentedRaftLogWorker:Storage Directory /workdir/hadoop-ozone/integration-test/target/test-dir/MiniOzoneClusterImpl-b4094933-c81e-4e47-9f4e-b6682d02a4e3/datanode-0/data/ratis/842c8521-cd23-4f59-9d81-d53b9e930755 close()
2019-08-22 09:17:39,070 [ForkJoinPool.commonPool-worker-1] INFO  server.GrpcService (GrpcService.java:closeImpl(155)) - 093f9392-15a1-447b-85fb-4daaec7caf94: shutdown server with port 46381 now
2019-08-22 09:17:39,071 [ForkJoinPool.commonPool-worker-1] INFO  server.GrpcService (GrpcService.java:closeImpl(163)) - 093f9392-15a1-447b-85fb-4daaec7caf94: shutdown server with port 46381 successfully
2019-08-22 09:17:39,072 [grpc-default-executor-3] WARN  client.GrpcClientProtocolService (LogUtils.java:warn(134)) - 2-OrderedRequestStreamObserver2: onError: org.apache.ratis.thirdparty.io.grpc.StatusRuntimeException: CANCELLED: cancelled before receiving half close
2019-08-22 09:17:39,072 [ForkJoinPool.commonPool-worker-1] INFO  utils.BackgroundService (BackgroundService.java:shutdown(148)) - Shutting down service BlockDeletingService
2019-08-22 09:17:39,073 [refreshUsed-/workdir/hadoop-ozone/integration-test/target/test-dir/MiniOzoneClusterImpl-b4094933-c81e-4e47-9f4e-b6682d02a4e3/datanode-0/data/containers] WARN  fs.CachingGetSpaceUsed (CachingGetSpaceUsed.java:run(183)) - Thread Interrupted waiting to refresh disk information: sleep interrupted
2019-08-22 09:17:39,083 [main] INFO  statemachine.DatanodeStateMachine (DatanodeStateMachine.java:stopDaemon(395)) - Ozone container server stopped.
2019-08-22 09:17:39,085 [main] INFO  handler.ContextHandler (ContextHandler.java:doStop(910)) - Stopped o.e.j.w.WebAppContext@6fefc5ea{/,null,UNAVAILABLE}{/hddsDatanode}
2019-08-22 09:17:39,086 [main] INFO  server.AbstractConnector (AbstractConnector.java:doStop(318)) - Stopped ServerConnector@6159fb3c{HTTP/1.1,[http/1.1]}{0.0.0.0:0}
2019-08-22 09:17:39,086 [main] INFO  handler.ContextHandler (ContextHandler.java:doStop(910)) - Stopped o.e.j.s.ServletContextHandler@71418a4a{/static,jar:file:/home/user/.m2/repository/org/apache/hadoop/hadoop-hdds-container-service/0.5.0-SNAPSHOT/hadoop-hdds-container-service-0.5.0-SNAPSHOT.jar!/webapps/static,UNAVAILABLE}
2019-08-22 09:17:39,087 [main] INFO  handler.ContextHandler (ContextHandler.java:doStop(910)) - Stopped o.e.j.s.ServletContextHandler@17332039{/logs,file:///workdir/hadoop-ozone/integration-test/target/log,UNAVAILABLE}
2019-08-22 09:17:39,088 [main] INFO  datanode.ObjectStoreHandler (ObjectStoreHandler.java:close(155)) - Closing ObjectStoreHandler.
2019-08-22 09:17:39,088 [main] INFO  ozone.HddsDatanodeService (HddsDatanodeService.java:stop(451)) - Stopped plug-in org.apache.hadoop.ozone.web.OzoneHddsDatanodeService@5dc7391e
2019-08-22 09:17:39,101 [ForkJoinPool.commonPool-worker-1] INFO  statemachine.DatanodeStateMachine (DatanodeStateMachine.java:stopDaemon(395)) - Ozone container server stopped.
2019-08-22 09:17:39,106 [ForkJoinPool.commonPool-worker-1] INFO  handler.ContextHandler (ContextHandler.java:doStop(910)) - Stopped o.e.j.w.WebAppContext@8b89b3a{/,null,UNAVAILABLE}{/hddsDatanode}
2019-08-22 09:17:39,106 [ForkJoinPool.commonPool-worker-1] INFO  server.AbstractConnector (AbstractConnector.java:doStop(318)) - Stopped ServerConnector@526893f{HTTP/1.1,[http/1.1]}{0.0.0.0:0}
2019-08-22 09:17:39,108 [ForkJoinPool.commonPool-worker-1] INFO  handler.ContextHandler (ContextHandler.java:doStop(910)) - Stopped o.e.j.s.ServletContextHandler@51cca357{/static,jar:file:/home/user/.m2/repository/org/apache/hadoop/hadoop-hdds-container-service/0.5.0-SNAPSHOT/hadoop-hdds-container-service-0.5.0-SNAPSHOT.jar!/webapps/static,UNAVAILABLE}
2019-08-22 09:17:39,110 [ForkJoinPool.commonPool-worker-1] INFO  handler.ContextHandler (ContextHandler.java:doStop(910)) - Stopped o.e.j.s.ServletContextHandler@57fce8b{/logs,file:///workdir/hadoop-ozone/integration-test/target/log,UNAVAILABLE}
2019-08-22 09:17:39,111 [ForkJoinPool.commonPool-worker-1] INFO  datanode.ObjectStoreHandler (ObjectStoreHandler.java:close(155)) - Closing ObjectStoreHandler.
2019-08-22 09:17:39,112 [ForkJoinPool.commonPool-worker-1] INFO  ozone.HddsDatanodeService (HddsDatanodeService.java:stop(451)) - Stopped plug-in org.apache.hadoop.ozone.web.OzoneHddsDatanodeService@25e353dc
2019-08-22 09:17:39,556 [Datanode State Machine Thread - 0] INFO  statemachine.DatanodeStateMachine (DatanodeStateMachine.java:lambda$startDaemon$0(350)) - Ozone container server started.
2019-08-22 09:17:39,813 [Datanode State Machine Thread - 0] INFO  statemachine.DatanodeStateMachine (DatanodeStateMachine.java:lambda$startDaemon$0(350)) - Ozone container server started.
2019-08-22 09:17:40,165 [Thread-1659] INFO  impl.FollowerState (FollowerState.java:run(106)) - 67abc4f8-8424-4a13-a91f-3faee2bb56e5:group-EF5DD0F5256D changes to CANDIDATE, lastRpcTime:1302, electionTimeout:1151ms
2019-08-22 09:17:40,165 [Thread-1659] INFO  impl.RoleInfo (RoleInfo.java:shutdownFollowerState(121)) - 67abc4f8-8424-4a13-a91f-3faee2bb56e5: shutdown FollowerState
2019-08-22 09:17:40,165 [Thread-1659] INFO  impl.RaftServerImpl (RaftServerImpl.java:setRole(171)) - 67abc4f8-8424-4a13-a91f-3faee2bb56e5:group-EF5DD0F5256D changes role from FOLLOWER to CANDIDATE at term 12 for changeToCandidate
2019-08-22 09:17:40,165 [Thread-1659] INFO  impl.RoleInfo (RoleInfo.java:updateAndGet(143)) - 67abc4f8-8424-4a13-a91f-3faee2bb56e5: start LeaderElection
2019-08-22 09:17:40,166 [67abc4f8-8424-4a13-a91f-3faee2bb56e5:group-EF5DD0F5256D:LeaderElection84] INFO  impl.RaftServerImpl (ServerState.java:setLeader(263)) - 67abc4f8-8424-4a13-a91f-3faee2bb56e5:group-EF5DD0F5256D change Leader from efb90bff-72c5-4ce9-affc-3f37be090605 to null at term 12 for initElection
2019-08-22 09:17:40,186 [67abc4f8-8424-4a13-a91f-3faee2bb56e5:group-EF5DD0F5256D:LeaderElection84] INFO  impl.LeaderElection (LeaderElection.java:askForVotes(181)) - 67abc4f8-8424-4a13-a91f-3faee2bb56e5:group-EF5DD0F5256D:LeaderElection84: begin an election at term 13 for 1: [67abc4f8-8424-4a13-a91f-3faee2bb56e5:192.168.36.85:44730, 4d51b372-1aca-44dd-a481-2d5d38da6b73:192.168.36.85:36387, efb90bff-72c5-4ce9-affc-3f37be090605:192.168.36.85:35511], old=null
2019-08-22 09:17:40,190 [67abc4f8-8424-4a13-a91f-3faee2bb56e5:group-EF5DD0F5256D:LeaderElection84] INFO  impl.LeaderElection (LogUtils.java:infoOrTrace(149)) - 67abc4f8-8424-4a13-a91f-3faee2bb56e5:group-EF5DD0F5256D:LeaderElection84 got exception when requesting votes: {}
java.util.concurrent.ExecutionException: org.apache.ratis.thirdparty.io.grpc.StatusRuntimeException: UNAVAILABLE: io exception
	at java.util.concurrent.FutureTask.report(FutureTask.java:122)
	at java.util.concurrent.FutureTask.get(FutureTask.java:192)
	at org.apache.ratis.server.impl.LeaderElection.waitForResults(LeaderElection.java:262)
	at org.apache.ratis.server.impl.LeaderElection.askForVotes(LeaderElection.java:200)
	at org.apache.ratis.server.impl.LeaderElection.run(LeaderElection.java:130)
	at java.lang.Thread.run(Thread.java:748)
Caused by: org.apache.ratis.thirdparty.io.grpc.StatusRuntimeException: UNAVAILABLE: io exception
	at org.apache.ratis.thirdparty.io.grpc.stub.ClientCalls.toStatusRuntimeException(ClientCalls.java:233)
	at org.apache.ratis.thirdparty.io.grpc.stub.ClientCalls.getUnchecked(ClientCalls.java:214)
	at org.apache.ratis.thirdparty.io.grpc.stub.ClientCalls.blockingUnaryCall(ClientCalls.java:139)
	at org.apache.ratis.proto.grpc.RaftServerProtocolServiceGrpc$RaftServerProtocolServiceBlockingStub.requestVote(RaftServerProtocolServiceGrpc.java:265)
	at org.apache.ratis.grpc.server.GrpcServerProtocolClient.requestVote(GrpcServerProtocolClient.java:83)
	at org.apache.ratis.grpc.server.GrpcService.requestVote(GrpcService.java:195)
	at org.apache.ratis.server.impl.LeaderElection.lambda$submitRequests$1(LeaderElection.java:237)
	at java.util.concurrent.FutureTask.run(FutureTask.java:266)
	at java.util.concurrent.Executors$RunnableAdapter.call(Executors.java:511)
	at java.util.concurrent.FutureTask.run(FutureTask.java:266)
	at java.util.concurrent.ThreadPoolExecutor.runWorker(ThreadPoolExecutor.java:1149)
	at java.util.concurrent.ThreadPoolExecutor$Worker.run(ThreadPoolExecutor.java:624)
	... 1 more
Caused by: org.apache.ratis.thirdparty.io.netty.channel.AbstractChannel$AnnotatedConnectException: Connection refused: /192.168.36.85:35511
	at sun.nio.ch.SocketChannelImpl.checkConnect(Native Method)
	at sun.nio.ch.SocketChannelImpl.finishConnect(SocketChannelImpl.java:717)
	at org.apache.ratis.thirdparty.io.netty.channel.socket.nio.NioSocketChannel.doFinishConnect(NioSocketChannel.java:327)
	at org.apache.ratis.thirdparty.io.netty.channel.nio.AbstractNioChannel$AbstractNioUnsafe.finishConnect(AbstractNioChannel.java:340)
	at org.apache.ratis.thirdparty.io.netty.channel.nio.NioEventLoop.processSelectedKey(NioEventLoop.java:632)
	at org.apache.ratis.thirdparty.io.netty.channel.nio.NioEventLoop.processSelectedKeysOptimized(NioEventLoop.java:579)
	at org.apache.ratis.thirdparty.io.netty.channel.nio.NioEventLoop.processSelectedKeys(NioEventLoop.java:496)
	at org.apache.ratis.thirdparty.io.netty.channel.nio.NioEventLoop.run(NioEventLoop.java:458)
	at org.apache.ratis.thirdparty.io.netty.util.concurrent.SingleThreadEventExecutor$5.run(SingleThreadEventExecutor.java:897)
	at org.apache.ratis.thirdparty.io.netty.util.concurrent.FastThreadLocalRunnable.run(FastThreadLocalRunnable.java:30)
	... 1 more
Caused by: java.net.ConnectException: Connection refused
	... 11 more
2019-08-22 09:17:40,192 [grpc-default-executor-3] INFO  impl.RaftServerImpl (ServerState.java:setLeader(263)) - 4d51b372-1aca-44dd-a481-2d5d38da6b73:group-EF5DD0F5256D change Leader from efb90bff-72c5-4ce9-affc-3f37be090605 to null at term 13 for updateCurrentTerm
2019-08-22 09:17:40,193 [grpc-default-executor-3] INFO  impl.RaftServerImpl (RaftServerImpl.java:setRole(171)) - 4d51b372-1aca-44dd-a481-2d5d38da6b73:group-EF5DD0F5256D changes role from FOLLOWER to FOLLOWER at term 13 for recognizeCandidate:67abc4f8-8424-4a13-a91f-3faee2bb56e5
2019-08-22 09:17:40,193 [grpc-default-executor-3] INFO  impl.RoleInfo (RoleInfo.java:shutdownFollowerState(121)) - 4d51b372-1aca-44dd-a481-2d5d38da6b73: shutdown FollowerState
2019-08-22 09:17:40,193 [grpc-default-executor-3] INFO  impl.RoleInfo (RoleInfo.java:updateAndGet(143)) - 4d51b372-1aca-44dd-a481-2d5d38da6b73: start FollowerState
2019-08-22 09:17:40,193 [Thread-1658] INFO  impl.FollowerState (FollowerState.java:run(114)) - 4d51b372-1aca-44dd-a481-2d5d38da6b73: FollowerState was interrupted: java.lang.InterruptedException: sleep interrupted
2019-08-22 09:17:40,222 [67abc4f8-8424-4a13-a91f-3faee2bb56e5:group-EF5DD0F5256D:LeaderElection84] INFO  impl.LeaderElection (LeaderElection.java:logAndReturn(56)) - 67abc4f8-8424-4a13-a91f-3faee2bb56e5:group-EF5DD0F5256D:LeaderElection84: Election PASSED; received 1 response(s) [67abc4f8-8424-4a13-a91f-3faee2bb56e5<-4d51b372-1aca-44dd-a481-2d5d38da6b73#0:OK-t13] and 1 exception(s); 67abc4f8-8424-4a13-a91f-3faee2bb56e5:t13, leader=null, voted=67abc4f8-8424-4a13-a91f-3faee2bb56e5, raftlog=67abc4f8-8424-4a13-a91f-3faee2bb56e5-SegmentedRaftLog:OPENED:c2,f2,i2, conf=1: [67abc4f8-8424-4a13-a91f-3faee2bb56e5:192.168.36.85:44730, 4d51b372-1aca-44dd-a481-2d5d38da6b73:192.168.36.85:36387, efb90bff-72c5-4ce9-affc-3f37be090605:192.168.36.85:35511], old=null
2019-08-22 09:17:40,222 [67abc4f8-8424-4a13-a91f-3faee2bb56e5:group-EF5DD0F5256D:LeaderElection84] INFO  impl.LeaderElection (LogUtils.java:infoOrTrace(149)) -   Exception 0: {}
java.util.concurrent.ExecutionException: org.apache.ratis.thirdparty.io.grpc.StatusRuntimeException: UNAVAILABLE: io exception
	at java.util.concurrent.FutureTask.report(FutureTask.java:122)
	at java.util.concurrent.FutureTask.get(FutureTask.java:192)
	at org.apache.ratis.server.impl.LeaderElection.waitForResults(LeaderElection.java:262)
	at org.apache.ratis.server.impl.LeaderElection.askForVotes(LeaderElection.java:200)
	at org.apache.ratis.server.impl.LeaderElection.run(LeaderElection.java:130)
	at java.lang.Thread.run(Thread.java:748)
Caused by: org.apache.ratis.thirdparty.io.grpc.StatusRuntimeException: UNAVAILABLE: io exception
	at org.apache.ratis.thirdparty.io.grpc.stub.ClientCalls.toStatusRuntimeException(ClientCalls.java:233)
	at org.apache.ratis.thirdparty.io.grpc.stub.ClientCalls.getUnchecked(ClientCalls.java:214)
	at org.apache.ratis.thirdparty.io.grpc.stub.ClientCalls.blockingUnaryCall(ClientCalls.java:139)
	at org.apache.ratis.proto.grpc.RaftServerProtocolServiceGrpc$RaftServerProtocolServiceBlockingStub.requestVote(RaftServerProtocolServiceGrpc.java:265)
	at org.apache.ratis.grpc.server.GrpcServerProtocolClient.requestVote(GrpcServerProtocolClient.java:83)
	at org.apache.ratis.grpc.server.GrpcService.requestVote(GrpcService.java:195)
	at org.apache.ratis.server.impl.LeaderElection.lambda$submitRequests$1(LeaderElection.java:237)
	at java.util.concurrent.FutureTask.run(FutureTask.java:266)
	at java.util.concurrent.Executors$RunnableAdapter.call(Executors.java:511)
	at java.util.concurrent.FutureTask.run(FutureTask.java:266)
	at java.util.concurrent.ThreadPoolExecutor.runWorker(ThreadPoolExecutor.java:1149)
	at java.util.concurrent.ThreadPoolExecutor$Worker.run(ThreadPoolExecutor.java:624)
	... 1 more
Caused by: org.apache.ratis.thirdparty.io.netty.channel.AbstractChannel$AnnotatedConnectException: Connection refused: /192.168.36.85:35511
	at sun.nio.ch.SocketChannelImpl.checkConnect(Native Method)
	at sun.nio.ch.SocketChannelImpl.finishConnect(SocketChannelImpl.java:717)
	at org.apache.ratis.thirdparty.io.netty.channel.socket.nio.NioSocketChannel.doFinishConnect(NioSocketChannel.java:327)
	at org.apache.ratis.thirdparty.io.netty.channel.nio.AbstractNioChannel$AbstractNioUnsafe.finishConnect(AbstractNioChannel.java:340)
	at org.apache.ratis.thirdparty.io.netty.channel.nio.NioEventLoop.processSelectedKey(NioEventLoop.java:632)
	at org.apache.ratis.thirdparty.io.netty.channel.nio.NioEventLoop.processSelectedKeysOptimized(NioEventLoop.java:579)
	at org.apache.ratis.thirdparty.io.netty.channel.nio.NioEventLoop.processSelectedKeys(NioEventLoop.java:496)
	at org.apache.ratis.thirdparty.io.netty.channel.nio.NioEventLoop.run(NioEventLoop.java:458)
	at org.apache.ratis.thirdparty.io.netty.util.concurrent.SingleThreadEventExecutor$5.run(SingleThreadEventExecutor.java:897)
	at org.apache.ratis.thirdparty.io.netty.util.concurrent.FastThreadLocalRunnable.run(FastThreadLocalRunnable.java:30)
	... 1 more
Caused by: java.net.ConnectException: Connection refused
	... 11 more
2019-08-22 09:17:40,223 [67abc4f8-8424-4a13-a91f-3faee2bb56e5:group-EF5DD0F5256D:LeaderElection84] INFO  impl.RoleInfo (RoleInfo.java:shutdownLeaderElection(134)) - 67abc4f8-8424-4a13-a91f-3faee2bb56e5: shutdown LeaderElection
2019-08-22 09:17:40,223 [67abc4f8-8424-4a13-a91f-3faee2bb56e5:group-EF5DD0F5256D:LeaderElection84] INFO  impl.RaftServerImpl (RaftServerImpl.java:setRole(171)) - 67abc4f8-8424-4a13-a91f-3faee2bb56e5:group-EF5DD0F5256D changes role from CANDIDATE to LEADER at term 13 for changeToLeader
2019-08-22 09:17:40,223 [67abc4f8-8424-4a13-a91f-3faee2bb56e5:group-EF5DD0F5256D:LeaderElection84] INFO  impl.RaftServerImpl (ServerState.java:setLeader(263)) - 67abc4f8-8424-4a13-a91f-3faee2bb56e5:group-EF5DD0F5256D change Leader from null to 67abc4f8-8424-4a13-a91f-3faee2bb56e5 at term 13 for becomeLeader, leader elected after 57ms
2019-08-22 09:17:40,223 [67abc4f8-8424-4a13-a91f-3faee2bb56e5:group-EF5DD0F5256D:LeaderElection84] INFO  server.RaftServerConfigKeys (ConfUtils.java:logGet(43)) - raft.server.staging.catchup.gap = 1000 (default)
2019-08-22 09:17:40,223 [67abc4f8-8424-4a13-a91f-3faee2bb56e5:group-EF5DD0F5256D:LeaderElection84] INFO  server.RaftServerConfigKeys (ConfUtils.java:logGet(43)) - raft.server.rpc.sleep.time = 25ms (default)
2019-08-22 09:17:40,224 [67abc4f8-8424-4a13-a91f-3faee2bb56e5:group-EF5DD0F5256D:LeaderElection84] INFO  server.RaftServerConfigKeys (ConfUtils.java:logGet(43)) - raft.server.write.element-limit = 4096 (default)
2019-08-22 09:17:40,224 [67abc4f8-8424-4a13-a91f-3faee2bb56e5:group-EF5DD0F5256D:LeaderElection84] INFO  server.RaftServerConfigKeys (ConfUtils.java:logGet(43)) - raft.server.watch.timeout = 10s (default)
2019-08-22 09:17:40,224 [67abc4f8-8424-4a13-a91f-3faee2bb56e5:group-EF5DD0F5256D:LeaderElection84] INFO  server.RaftServerConfigKeys (ConfUtils.java:logGet(43)) - raft.server.watch.timeout.denomination = 1s (default)
2019-08-22 09:17:40,224 [67abc4f8-8424-4a13-a91f-3faee2bb56e5:group-EF5DD0F5256D:LeaderElection84] INFO  server.RaftServerConfigKeys (ConfUtils.java:logGet(43)) - raft.server.watch.element-limit = 65536 (default)
2019-08-22 09:17:40,224 [67abc4f8-8424-4a13-a91f-3faee2bb56e5:group-EF5DD0F5256D:LeaderElection84] INFO  server.RaftServerConfigKeys (ConfUtils.java:logGet(43)) - raft.server.log.appender.snapshot.chunk.size.max = 16MB (=16777216) (default)
2019-08-22 09:17:40,225 [67abc4f8-8424-4a13-a91f-3faee2bb56e5:group-EF5DD0F5256D:LeaderElection84] INFO  server.RaftServerConfigKeys (ConfUtils.java:logGet(43)) - raft.server.log.appender.buffer.byte-limit = 33554432 (custom)
2019-08-22 09:17:40,225 [67abc4f8-8424-4a13-a91f-3faee2bb56e5:group-EF5DD0F5256D:LeaderElection84] INFO  server.RaftServerConfigKeys (ConfUtils.java:logGet(43)) - raft.server.log.appender.buffer.element-limit = 1 (custom)
2019-08-22 09:17:40,225 [67abc4f8-8424-4a13-a91f-3faee2bb56e5:group-EF5DD0F5256D:LeaderElection84] INFO  grpc.GrpcConfigKeys$Server (ConfUtils.java:logGet(43)) - raft.grpc.server.leader.outstanding.appends.max = 128 (default)
2019-08-22 09:17:40,226 [67abc4f8-8424-4a13-a91f-3faee2bb56e5:group-EF5DD0F5256D:LeaderElection84] INFO  server.RaftServerConfigKeys (ConfUtils.java:logGet(43)) - raft.server.rpc.request.timeout = 3000ms (default)
2019-08-22 09:17:40,226 [67abc4f8-8424-4a13-a91f-3faee2bb56e5:group-EF5DD0F5256D:LeaderElection84] INFO  server.RaftServerConfigKeys (ConfUtils.java:logGet(43)) - raft.server.log.appender.install.snapshot.enabled = false (custom)
2019-08-22 09:17:40,226 [67abc4f8-8424-4a13-a91f-3faee2bb56e5:group-EF5DD0F5256D:LeaderElection84] INFO  server.RaftServerConfigKeys (ConfUtils.java:logGet(43)) - raft.server.log.appender.snapshot.chunk.size.max = 16MB (=16777216) (default)
2019-08-22 09:17:40,226 [67abc4f8-8424-4a13-a91f-3faee2bb56e5:group-EF5DD0F5256D:LeaderElection84] INFO  server.RaftServerConfigKeys (ConfUtils.java:logGet(43)) - raft.server.log.appender.buffer.byte-limit = 33554432 (custom)
2019-08-22 09:17:40,226 [67abc4f8-8424-4a13-a91f-3faee2bb56e5:group-EF5DD0F5256D:LeaderElection84] INFO  server.RaftServerConfigKeys (ConfUtils.java:logGet(43)) - raft.server.log.appender.buffer.element-limit = 1 (custom)
2019-08-22 09:17:40,227 [67abc4f8-8424-4a13-a91f-3faee2bb56e5:group-EF5DD0F5256D:LeaderElection84] INFO  grpc.GrpcConfigKeys$Server (ConfUtils.java:logGet(43)) - raft.grpc.server.leader.outstanding.appends.max = 128 (default)
2019-08-22 09:17:40,227 [67abc4f8-8424-4a13-a91f-3faee2bb56e5:group-EF5DD0F5256D:LeaderElection84] INFO  server.RaftServerConfigKeys (ConfUtils.java:logGet(43)) - raft.server.rpc.request.timeout = 3000ms (default)
2019-08-22 09:17:40,227 [67abc4f8-8424-4a13-a91f-3faee2bb56e5:group-EF5DD0F5256D:LeaderElection84] INFO  server.RaftServerConfigKeys (ConfUtils.java:logGet(43)) - raft.server.log.appender.install.snapshot.enabled = false (custom)
2019-08-22 09:17:40,227 [67abc4f8-8424-4a13-a91f-3faee2bb56e5:group-EF5DD0F5256D:LeaderElection84] INFO  impl.RoleInfo (RoleInfo.java:updateAndGet(143)) - 67abc4f8-8424-4a13-a91f-3faee2bb56e5: start LeaderState
2019-08-22 09:17:40,228 [67abc4f8-8424-4a13-a91f-3faee2bb56e5:group-EF5DD0F5256D:LeaderElection84] INFO  segmented.SegmentedRaftLogWorker (SegmentedRaftLogWorker.java:rollLogSegment(385)) - 67abc4f8-8424-4a13-a91f-3faee2bb56e5-SegmentedRaftLogWorker:Storage Directory /workdir/hadoop-ozone/integration-test/target/test-dir/MiniOzoneClusterImpl-b4094933-c81e-4e47-9f4e-b6682d02a4e3/datanode-5/data/ratis/e1a9f66e-de0f-4eaa-b925-ef5dd0f5256d: Rolling segment log-1_2 to index:2
2019-08-22 09:17:40,229 [67abc4f8-8424-4a13-a91f-3faee2bb56e5-SegmentedRaftLogWorker:Storage Directory /workdir/hadoop-ozone/integration-test/target/test-dir/MiniOzoneClusterImpl-b4094933-c81e-4e47-9f4e-b6682d02a4e3/datanode-5/data/ratis/e1a9f66e-de0f-4eaa-b925-ef5dd0f5256d] INFO  segmented.SegmentedRaftLogWorker (SegmentedRaftLogWorker.java:execute(526)) - 67abc4f8-8424-4a13-a91f-3faee2bb56e5-SegmentedRaftLogWorker:Storage Directory /workdir/hadoop-ozone/integration-test/target/test-dir/MiniOzoneClusterImpl-b4094933-c81e-4e47-9f4e-b6682d02a4e3/datanode-5/data/ratis/e1a9f66e-de0f-4eaa-b925-ef5dd0f5256d: Rolled log segment from /workdir/hadoop-ozone/integration-test/target/test-dir/MiniOzoneClusterImpl-b4094933-c81e-4e47-9f4e-b6682d02a4e3/datanode-5/data/ratis/e1a9f66e-de0f-4eaa-b925-ef5dd0f5256d/current/log_inprogress_1 to /workdir/hadoop-ozone/integration-test/target/test-dir/MiniOzoneClusterImpl-b4094933-c81e-4e47-9f4e-b6682d02a4e3/datanode-5/data/ratis/e1a9f66e-de0f-4eaa-b925-ef5dd0f5256d/current/log_1-2
2019-08-22 09:17:40,229 [67abc4f8-8424-4a13-a91f-3faee2bb56e5:group-EF5DD0F5256D:LeaderElection84] INFO  impl.RaftServerImpl (ServerState.java:setRaftConf(361)) - 67abc4f8-8424-4a13-a91f-3faee2bb56e5:group-EF5DD0F5256D set configuration 3: [67abc4f8-8424-4a13-a91f-3faee2bb56e5:192.168.36.85:44730, 4d51b372-1aca-44dd-a481-2d5d38da6b73:192.168.36.85:36387, efb90bff-72c5-4ce9-affc-3f37be090605:192.168.36.85:35511], old=null at 3
2019-08-22 09:17:40,229 [grpc-default-executor-3] WARN  server.GrpcLogAppender (LogUtils.java:warn(134)) - 67abc4f8-8424-4a13-a91f-3faee2bb56e5->efb90bff-72c5-4ce9-affc-3f37be090605: Failed appendEntries: org.apache.ratis.thirdparty.io.grpc.StatusRuntimeException: UNAVAILABLE: io exception
2019-08-22 09:17:40,230 [grpc-default-executor-3] INFO  impl.FollowerInfo (FollowerInfo.java:lambda$new$0(50)) - 67abc4f8-8424-4a13-a91f-3faee2bb56e5->efb90bff-72c5-4ce9-affc-3f37be090605: nextIndex: updateUnconditionally 3 -> 1
2019-08-22 09:17:40,230 [grpc-default-executor-1] INFO  impl.RaftServerImpl (ServerState.java:setLeader(263)) - 4d51b372-1aca-44dd-a481-2d5d38da6b73:group-EF5DD0F5256D change Leader from null to 67abc4f8-8424-4a13-a91f-3faee2bb56e5 at term 13 for appendEntries, leader elected after 37ms
2019-08-22 09:17:40,234 [grpc-default-executor-1] INFO  impl.RaftServerImpl (ServerState.java:setRaftConf(361)) - 4d51b372-1aca-44dd-a481-2d5d38da6b73:group-EF5DD0F5256D set configuration 3: [67abc4f8-8424-4a13-a91f-3faee2bb56e5:192.168.36.85:44730, 4d51b372-1aca-44dd-a481-2d5d38da6b73:192.168.36.85:36387, efb90bff-72c5-4ce9-affc-3f37be090605:192.168.36.85:35511], old=null at 3
2019-08-22 09:17:40,234 [grpc-default-executor-1] INFO  segmented.SegmentedRaftLogWorker (SegmentedRaftLogWorker.java:rollLogSegment(385)) - 4d51b372-1aca-44dd-a481-2d5d38da6b73-SegmentedRaftLogWorker:Storage Directory /workdir/hadoop-ozone/integration-test/target/test-dir/MiniOzoneClusterImpl-b4094933-c81e-4e47-9f4e-b6682d02a4e3/datanode-4/data/ratis/e1a9f66e-de0f-4eaa-b925-ef5dd0f5256d: Rolling segment log-1_2 to index:2
2019-08-22 09:17:40,235 [4d51b372-1aca-44dd-a481-2d5d38da6b73-SegmentedRaftLogWorker:Storage Directory /workdir/hadoop-ozone/integration-test/target/test-dir/MiniOzoneClusterImpl-b4094933-c81e-4e47-9f4e-b6682d02a4e3/datanode-4/data/ratis/e1a9f66e-de0f-4eaa-b925-ef5dd0f5256d] INFO  segmented.SegmentedRaftLogWorker (SegmentedRaftLogWorker.java:execute(526)) - 4d51b372-1aca-44dd-a481-2d5d38da6b73-SegmentedRaftLogWorker:Storage Directory /workdir/hadoop-ozone/integration-test/target/test-dir/MiniOzoneClusterImpl-b4094933-c81e-4e47-9f4e-b6682d02a4e3/datanode-4/data/ratis/e1a9f66e-de0f-4eaa-b925-ef5dd0f5256d: Rolled log segment from /workdir/hadoop-ozone/integration-test/target/test-dir/MiniOzoneClusterImpl-b4094933-c81e-4e47-9f4e-b6682d02a4e3/datanode-4/data/ratis/e1a9f66e-de0f-4eaa-b925-ef5dd0f5256d/current/log_inprogress_1 to /workdir/hadoop-ozone/integration-test/target/test-dir/MiniOzoneClusterImpl-b4094933-c81e-4e47-9f4e-b6682d02a4e3/datanode-4/data/ratis/e1a9f66e-de0f-4eaa-b925-ef5dd0f5256d/current/log_1-2
2019-08-22 09:17:40,294 [4d51b372-1aca-44dd-a481-2d5d38da6b73-SegmentedRaftLogWorker:Storage Directory /workdir/hadoop-ozone/integration-test/target/test-dir/MiniOzoneClusterImpl-b4094933-c81e-4e47-9f4e-b6682d02a4e3/datanode-4/data/ratis/e1a9f66e-de0f-4eaa-b925-ef5dd0f5256d] INFO  segmented.SegmentedRaftLogWorker (SegmentedRaftLogWorker.java:execute(569)) - 4d51b372-1aca-44dd-a481-2d5d38da6b73-SegmentedRaftLogWorker:Storage Directory /workdir/hadoop-ozone/integration-test/target/test-dir/MiniOzoneClusterImpl-b4094933-c81e-4e47-9f4e-b6682d02a4e3/datanode-4/data/ratis/e1a9f66e-de0f-4eaa-b925-ef5dd0f5256d: created new log segment /workdir/hadoop-ozone/integration-test/target/test-dir/MiniOzoneClusterImpl-b4094933-c81e-4e47-9f4e-b6682d02a4e3/datanode-4/data/ratis/e1a9f66e-de0f-4eaa-b925-ef5dd0f5256d/current/log_inprogress_3
2019-08-22 09:17:40,294 [67abc4f8-8424-4a13-a91f-3faee2bb56e5-SegmentedRaftLogWorker:Storage Directory /workdir/hadoop-ozone/integration-test/target/test-dir/MiniOzoneClusterImpl-b4094933-c81e-4e47-9f4e-b6682d02a4e3/datanode-5/data/ratis/e1a9f66e-de0f-4eaa-b925-ef5dd0f5256d] INFO  segmented.SegmentedRaftLogWorker (SegmentedRaftLogWorker.java:execute(569)) - 67abc4f8-8424-4a13-a91f-3faee2bb56e5-SegmentedRaftLogWorker:Storage Directory /workdir/hadoop-ozone/integration-test/target/test-dir/MiniOzoneClusterImpl-b4094933-c81e-4e47-9f4e-b6682d02a4e3/datanode-5/data/ratis/e1a9f66e-de0f-4eaa-b925-ef5dd0f5256d: created new log segment /workdir/hadoop-ozone/integration-test/target/test-dir/MiniOzoneClusterImpl-b4094933-c81e-4e47-9f4e-b6682d02a4e3/datanode-5/data/ratis/e1a9f66e-de0f-4eaa-b925-ef5dd0f5256d/current/log_inprogress_3
2019-08-22 09:17:40,313 [grpc-default-executor-4] WARN  server.GrpcLogAppender (LogUtils.java:warn(134)) - 67abc4f8-8424-4a13-a91f-3faee2bb56e5->efb90bff-72c5-4ce9-affc-3f37be090605: Failed appendEntries: org.apache.ratis.thirdparty.io.grpc.StatusRuntimeException: UNAVAILABLE: io exception
2019-08-22 09:17:40,314 [grpc-default-executor-4] INFO  impl.FollowerInfo (FollowerInfo.java:lambda$new$0(50)) - 67abc4f8-8424-4a13-a91f-3faee2bb56e5->efb90bff-72c5-4ce9-affc-3f37be090605: nextIndex: updateUnconditionally 2 -> 1
2019-08-22 09:17:40,326 [grpc-default-executor-3] WARN  server.GrpcLogAppender (LogUtils.java:warn(134)) - 67abc4f8-8424-4a13-a91f-3faee2bb56e5->efb90bff-72c5-4ce9-affc-3f37be090605: Failed appendEntries: org.apache.ratis.thirdparty.io.grpc.StatusRuntimeException: UNAVAILABLE: io exception
2019-08-22 09:17:40,326 [grpc-default-executor-3] INFO  impl.FollowerInfo (FollowerInfo.java:lambda$new$0(50)) - 67abc4f8-8424-4a13-a91f-3faee2bb56e5->efb90bff-72c5-4ce9-affc-3f37be090605: nextIndex: updateUnconditionally 2 -> 1
2019-08-22 09:17:40,827 [grpc-default-executor-1] WARN  server.GrpcLogAppender (LogUtils.java:warn(134)) - 67abc4f8-8424-4a13-a91f-3faee2bb56e5->efb90bff-72c5-4ce9-affc-3f37be090605: Failed appendEntries: org.apache.ratis.thirdparty.io.grpc.StatusRuntimeException: UNAVAILABLE: io exception
2019-08-22 09:17:40,827 [grpc-default-executor-1] INFO  impl.FollowerInfo (FollowerInfo.java:lambda$new$0(50)) - 67abc4f8-8424-4a13-a91f-3faee2bb56e5->efb90bff-72c5-4ce9-affc-3f37be090605: nextIndex: updateUnconditionally 1 -> 0
2019-08-22 09:17:41,328 [grpc-default-executor-4] WARN  server.GrpcLogAppender (LogUtils.java:warn(134)) - 67abc4f8-8424-4a13-a91f-3faee2bb56e5->efb90bff-72c5-4ce9-affc-3f37be090605: Failed appendEntries: org.apache.ratis.thirdparty.io.grpc.StatusRuntimeException: UNAVAILABLE: io exception
2019-08-22 09:17:41,329 [grpc-default-executor-4] INFO  impl.FollowerInfo (FollowerInfo.java:lambda$new$0(50)) - 67abc4f8-8424-4a13-a91f-3faee2bb56e5->efb90bff-72c5-4ce9-affc-3f37be090605: nextIndex: updateUnconditionally 0 -> 0
2019-08-22 09:17:41,829 [grpc-default-executor-4] WARN  server.GrpcLogAppender (LogUtils.java:warn(134)) - 67abc4f8-8424-4a13-a91f-3faee2bb56e5->efb90bff-72c5-4ce9-affc-3f37be090605: Failed appendEntries: org.apache.ratis.thirdparty.io.grpc.StatusRuntimeException: UNAVAILABLE: io exception
2019-08-22 09:17:41,829 [grpc-default-executor-4] INFO  impl.FollowerInfo (FollowerInfo.java:lambda$new$0(50)) - 67abc4f8-8424-4a13-a91f-3faee2bb56e5->efb90bff-72c5-4ce9-affc-3f37be090605: nextIndex: updateUnconditionally 0 -> 0
2019-08-22 09:17:42,334 [grpc-default-executor-1] WARN  server.GrpcLogAppender (LogUtils.java:warn(134)) - 67abc4f8-8424-4a13-a91f-3faee2bb56e5->efb90bff-72c5-4ce9-affc-3f37be090605: Failed appendEntries: org.apache.ratis.thirdparty.io.grpc.StatusRuntimeException: UNAVAILABLE: io exception
2019-08-22 09:17:42,335 [grpc-default-executor-1] INFO  impl.FollowerInfo (FollowerInfo.java:lambda$new$0(50)) - 67abc4f8-8424-4a13-a91f-3faee2bb56e5->efb90bff-72c5-4ce9-affc-3f37be090605: nextIndex: updateUnconditionally 0 -> 0
2019-08-22 09:17:42,833 [grpc-default-executor-1] WARN  server.GrpcLogAppender (LogUtils.java:warn(134)) - 67abc4f8-8424-4a13-a91f-3faee2bb56e5->efb90bff-72c5-4ce9-affc-3f37be090605: Failed appendEntries: org.apache.ratis.thirdparty.io.grpc.StatusRuntimeException: UNAVAILABLE: io exception
2019-08-22 09:17:42,834 [grpc-default-executor-1] INFO  impl.FollowerInfo (FollowerInfo.java:lambda$new$0(50)) - 67abc4f8-8424-4a13-a91f-3faee2bb56e5->efb90bff-72c5-4ce9-affc-3f37be090605: nextIndex: updateUnconditionally 0 -> 0
2019-08-22 09:17:43,334 [grpc-default-executor-3] WARN  server.GrpcLogAppender (LogUtils.java:warn(134)) - 67abc4f8-8424-4a13-a91f-3faee2bb56e5->efb90bff-72c5-4ce9-affc-3f37be090605: Failed appendEntries: org.apache.ratis.thirdparty.io.grpc.StatusRuntimeException: UNAVAILABLE: io exception
2019-08-22 09:17:43,335 [grpc-default-executor-3] INFO  impl.FollowerInfo (FollowerInfo.java:lambda$new$0(50)) - 67abc4f8-8424-4a13-a91f-3faee2bb56e5->efb90bff-72c5-4ce9-affc-3f37be090605: nextIndex: updateUnconditionally 0 -> 0
2019-08-22 09:17:43,835 [grpc-default-executor-1] WARN  server.GrpcLogAppender (LogUtils.java:warn(134)) - 67abc4f8-8424-4a13-a91f-3faee2bb56e5->efb90bff-72c5-4ce9-affc-3f37be090605: Failed appendEntries: org.apache.ratis.thirdparty.io.grpc.StatusRuntimeException: UNAVAILABLE: io exception
2019-08-22 09:17:43,836 [grpc-default-executor-1] INFO  impl.FollowerInfo (FollowerInfo.java:lambda$new$0(50)) - 67abc4f8-8424-4a13-a91f-3faee2bb56e5->efb90bff-72c5-4ce9-affc-3f37be090605: nextIndex: updateUnconditionally 0 -> 0
2019-08-22 09:17:44,090 [main] INFO  ozoneimpl.OzoneContainer (OzoneContainer.java:stop(199)) - Attempting to stop container services.
2019-08-22 09:17:44,091 [main] INFO  impl.RaftServerProxy (RaftServerProxy.java:lambda$close$4(314)) - 67abc4f8-8424-4a13-a91f-3faee2bb56e5: close
2019-08-22 09:17:44,091 [main] INFO  impl.RaftServerImpl (RaftServerImpl.java:lambda$shutdown$3(245)) - 67abc4f8-8424-4a13-a91f-3faee2bb56e5: shutdown group-EF5DD0F5256D
2019-08-22 09:17:44,092 [main] INFO  util.JmxRegister (JmxRegister.java:unregister(73)) - Successfully un-registered JMX Bean with object name Ratis:service=RaftServer,group=group-EF5DD0F5256D,id=67abc4f8-8424-4a13-a91f-3faee2bb56e5
2019-08-22 09:17:44,092 [main] INFO  impl.RoleInfo (RoleInfo.java:shutdownLeaderState(104)) - 67abc4f8-8424-4a13-a91f-3faee2bb56e5: shutdown LeaderState
2019-08-22 09:17:44,096 [main] INFO  impl.PendingRequests (PendingRequests.java:sendNotLeaderResponses(202)) - 67abc4f8-8424-4a13-a91f-3faee2bb56e5-PendingRequests: sendNotLeaderResponses
2019-08-22 09:17:44,096 [org.apache.ratis.server.impl.LogAppender$AppenderDaemon$$Lambda$363/153538228@2fd6e7b2] WARN  server.GrpcLogAppender (GrpcLogAppender.java:mayWait(143)) - GrpcLogAppender(67abc4f8-8424-4a13-a91f-3faee2bb56e5->efb90bff-72c5-4ce9-affc-3f37be090605): Wait interrupted by java.lang.InterruptedException
2019-08-22 09:17:44,097 [main] INFO  impl.StateMachineUpdater (StateMachineUpdater.java:stopAndJoin(115)) - StateMachineUpdater:67abc4f8-8424-4a13-a91f-3faee2bb56e5:group-EF5DD0F5256D: set stopIndex = 4
2019-08-22 09:17:44,097 [main] INFO  impl.RaftServerImpl (ServerState.java:close(394)) - 67abc4f8-8424-4a13-a91f-3faee2bb56e5:group-EF5DD0F5256D closes. The last applied log index is 4
2019-08-22 09:17:44,096 [org.apache.ratis.server.impl.LogAppender$AppenderDaemon$$Lambda$363/153538228@87a5306] WARN  server.GrpcLogAppender (GrpcLogAppender.java:mayWait(143)) - GrpcLogAppender(67abc4f8-8424-4a13-a91f-3faee2bb56e5->4d51b372-1aca-44dd-a481-2d5d38da6b73): Wait interrupted by java.lang.InterruptedException
2019-08-22 09:17:44,098 [67abc4f8-8424-4a13-a91f-3faee2bb56e5-SegmentedRaftLogWorker:Storage Directory /workdir/hadoop-ozone/integration-test/target/test-dir/MiniOzoneClusterImpl-b4094933-c81e-4e47-9f4e-b6682d02a4e3/datanode-5/data/ratis/e1a9f66e-de0f-4eaa-b925-ef5dd0f5256d] INFO  segmented.SegmentedRaftLogWorker (SegmentedRaftLogWorker.java:run(313)) - 67abc4f8-8424-4a13-a91f-3faee2bb56e5-SegmentedRaftLogWorker:Storage Directory /workdir/hadoop-ozone/integration-test/target/test-dir/MiniOzoneClusterImpl-b4094933-c81e-4e47-9f4e-b6682d02a4e3/datanode-5/data/ratis/e1a9f66e-de0f-4eaa-b925-ef5dd0f5256d was interrupted, exiting. There are 0 tasks remaining in the queue.
2019-08-22 09:17:44,100 [grpc-default-executor-1] INFO  server.GrpcServerProtocolService (GrpcServerProtocolService.java:onCompleted(104)) - 4d51b372-1aca-44dd-a481-2d5d38da6b73: appendEntries completed
2019-08-22 09:17:44,100 [main] INFO  segmented.SegmentedRaftLogWorker (SegmentedRaftLogWorker.java:close(228)) - 67abc4f8-8424-4a13-a91f-3faee2bb56e5-SegmentedRaftLogWorker:Storage Directory /workdir/hadoop-ozone/integration-test/target/test-dir/MiniOzoneClusterImpl-b4094933-c81e-4e47-9f4e-b6682d02a4e3/datanode-5/data/ratis/e1a9f66e-de0f-4eaa-b925-ef5dd0f5256d close()
2019-08-22 09:17:44,102 [grpc-default-executor-1] INFO  server.GrpcLogAppender (GrpcLogAppender.java:onCompleted(292)) - 67abc4f8-8424-4a13-a91f-3faee2bb56e5->4d51b372-1aca-44dd-a481-2d5d38da6b73: follower responses appendEntries COMPLETED
2019-08-22 09:17:44,102 [main] INFO  impl.RaftServerImpl (RaftServerImpl.java:lambda$shutdown$3(245)) - 67abc4f8-8424-4a13-a91f-3faee2bb56e5: shutdown group-B079725AEC53
2019-08-22 09:17:44,103 [grpc-default-executor-1] INFO  impl.FollowerInfo (FollowerInfo.java:lambda$new$0(50)) - 67abc4f8-8424-4a13-a91f-3faee2bb56e5->4d51b372-1aca-44dd-a481-2d5d38da6b73: nextIndex: updateUnconditionally 5 -> 4
2019-08-22 09:17:44,103 [main] INFO  util.JmxRegister (JmxRegister.java:unregister(73)) - Successfully un-registered JMX Bean with object name Ratis:service=RaftServer,group=group-B079725AEC53,id=67abc4f8-8424-4a13-a91f-3faee2bb56e5
2019-08-22 09:17:44,104 [main] INFO  impl.RoleInfo (RoleInfo.java:shutdownLeaderState(104)) - 67abc4f8-8424-4a13-a91f-3faee2bb56e5: shutdown LeaderState
2019-08-22 09:17:44,104 [main] INFO  impl.PendingRequests (PendingRequests.java:sendNotLeaderResponses(202)) - 67abc4f8-8424-4a13-a91f-3faee2bb56e5-PendingRequests: sendNotLeaderResponses
2019-08-22 09:17:44,105 [main] INFO  impl.StateMachineUpdater (StateMachineUpdater.java:stopAndJoin(115)) - StateMachineUpdater:67abc4f8-8424-4a13-a91f-3faee2bb56e5:group-B079725AEC53: set stopIndex = 0
2019-08-22 09:17:44,105 [main] INFO  impl.RaftServerImpl (ServerState.java:close(394)) - 67abc4f8-8424-4a13-a91f-3faee2bb56e5:group-B079725AEC53 closes. The last applied log index is 0
2019-08-22 09:17:44,106 [67abc4f8-8424-4a13-a91f-3faee2bb56e5-SegmentedRaftLogWorker:Storage Directory /workdir/hadoop-ozone/integration-test/target/test-dir/MiniOzoneClusterImpl-b4094933-c81e-4e47-9f4e-b6682d02a4e3/datanode-5/data/ratis/cc2ebe58-1383-4202-b200-b079725aec53] INFO  segmented.SegmentedRaftLogWorker (SegmentedRaftLogWorker.java:run(313)) - 67abc4f8-8424-4a13-a91f-3faee2bb56e5-SegmentedRaftLogWorker:Storage Directory /workdir/hadoop-ozone/integration-test/target/test-dir/MiniOzoneClusterImpl-b4094933-c81e-4e47-9f4e-b6682d02a4e3/datanode-5/data/ratis/cc2ebe58-1383-4202-b200-b079725aec53 was interrupted, exiting. There are 0 tasks remaining in the queue.
2019-08-22 09:17:44,108 [main] INFO  segmented.SegmentedRaftLogWorker (SegmentedRaftLogWorker.java:close(228)) - 67abc4f8-8424-4a13-a91f-3faee2bb56e5-SegmentedRaftLogWorker:Storage Directory /workdir/hadoop-ozone/integration-test/target/test-dir/MiniOzoneClusterImpl-b4094933-c81e-4e47-9f4e-b6682d02a4e3/datanode-5/data/ratis/cc2ebe58-1383-4202-b200-b079725aec53 close()
2019-08-22 09:17:44,117 [main] INFO  server.GrpcService (GrpcService.java:closeImpl(155)) - 67abc4f8-8424-4a13-a91f-3faee2bb56e5: shutdown server with port 44730 now
2019-08-22 09:17:44,117 [ForkJoinPool.commonPool-worker-1] INFO  ozoneimpl.OzoneContainer (OzoneContainer.java:stop(199)) - Attempting to stop container services.
2019-08-22 09:17:44,118 [ForkJoinPool.commonPool-worker-1] INFO  impl.RaftServerProxy (RaftServerProxy.java:lambda$close$4(314)) - 4d51b372-1aca-44dd-a481-2d5d38da6b73: close
2019-08-22 09:17:44,118 [main] INFO  server.GrpcService (GrpcService.java:closeImpl(163)) - 67abc4f8-8424-4a13-a91f-3faee2bb56e5: shutdown server with port 44730 successfully
2019-08-22 09:17:44,118 [ForkJoinPool.commonPool-worker-1] INFO  impl.RaftServerImpl (RaftServerImpl.java:lambda$shutdown$3(245)) - 4d51b372-1aca-44dd-a481-2d5d38da6b73: shutdown group-E25F9BD743B7
2019-08-22 09:17:44,119 [ForkJoinPool.commonPool-worker-1] INFO  util.JmxRegister (JmxRegister.java:unregister(73)) - Successfully un-registered JMX Bean with object name Ratis:service=RaftServer,group=group-E25F9BD743B7,id=4d51b372-1aca-44dd-a481-2d5d38da6b73
2019-08-22 09:17:44,119 [ForkJoinPool.commonPool-worker-1] INFO  impl.RoleInfo (RoleInfo.java:shutdownLeaderState(104)) - 4d51b372-1aca-44dd-a481-2d5d38da6b73: shutdown LeaderState
2019-08-22 09:17:44,120 [ForkJoinPool.commonPool-worker-1] INFO  impl.PendingRequests (PendingRequests.java:sendNotLeaderResponses(202)) - 4d51b372-1aca-44dd-a481-2d5d38da6b73-PendingRequests: sendNotLeaderResponses
2019-08-22 09:17:44,120 [main] INFO  utils.BackgroundService (BackgroundService.java:shutdown(148)) - Shutting down service BlockDeletingService
2019-08-22 09:17:44,120 [ForkJoinPool.commonPool-worker-1] INFO  impl.StateMachineUpdater (StateMachineUpdater.java:stopAndJoin(115)) - StateMachineUpdater:4d51b372-1aca-44dd-a481-2d5d38da6b73:group-E25F9BD743B7: set stopIndex = 0
2019-08-22 09:17:44,121 [ForkJoinPool.commonPool-worker-1] INFO  impl.RaftServerImpl (ServerState.java:close(394)) - 4d51b372-1aca-44dd-a481-2d5d38da6b73:group-E25F9BD743B7 closes. The last applied log index is 0
2019-08-22 09:17:44,122 [4d51b372-1aca-44dd-a481-2d5d38da6b73-SegmentedRaftLogWorker:Storage Directory /workdir/hadoop-ozone/integration-test/target/test-dir/MiniOzoneClusterImpl-b4094933-c81e-4e47-9f4e-b6682d02a4e3/datanode-4/data/ratis/bff50e1e-c5b2-43cd-8339-e25f9bd743b7] INFO  segmented.SegmentedRaftLogWorker (SegmentedRaftLogWorker.java:run(313)) - 4d51b372-1aca-44dd-a481-2d5d38da6b73-SegmentedRaftLogWorker:Storage Directory /workdir/hadoop-ozone/integration-test/target/test-dir/MiniOzoneClusterImpl-b4094933-c81e-4e47-9f4e-b6682d02a4e3/datanode-4/data/ratis/bff50e1e-c5b2-43cd-8339-e25f9bd743b7 was interrupted, exiting. There are 0 tasks remaining in the queue.
2019-08-22 09:17:44,122 [ForkJoinPool.commonPool-worker-1] INFO  segmented.SegmentedRaftLogWorker (SegmentedRaftLogWorker.java:close(228)) - 4d51b372-1aca-44dd-a481-2d5d38da6b73-SegmentedRaftLogWorker:Storage Directory /workdir/hadoop-ozone/integration-test/target/test-dir/MiniOzoneClusterImpl-b4094933-c81e-4e47-9f4e-b6682d02a4e3/datanode-4/data/ratis/bff50e1e-c5b2-43cd-8339-e25f9bd743b7 close()
2019-08-22 09:17:44,122 [refreshUsed-/workdir/hadoop-ozone/integration-test/target/test-dir/MiniOzoneClusterImpl-b4094933-c81e-4e47-9f4e-b6682d02a4e3/datanode-5/data/containers] WARN  fs.CachingGetSpaceUsed (CachingGetSpaceUsed.java:run(183)) - Thread Interrupted waiting to refresh disk information: sleep interrupted
2019-08-22 09:17:44,123 [ForkJoinPool.commonPool-worker-1] INFO  impl.RaftServerImpl (RaftServerImpl.java:lambda$shutdown$3(245)) - 4d51b372-1aca-44dd-a481-2d5d38da6b73: shutdown group-EF5DD0F5256D
2019-08-22 09:17:44,123 [ForkJoinPool.commonPool-worker-1] INFO  util.JmxRegister (JmxRegister.java:unregister(73)) - Successfully un-registered JMX Bean with object name Ratis:service=RaftServer,group=group-EF5DD0F5256D,id=4d51b372-1aca-44dd-a481-2d5d38da6b73
2019-08-22 09:17:44,124 [ForkJoinPool.commonPool-worker-1] INFO  impl.RoleInfo (RoleInfo.java:shutdownFollowerState(121)) - 4d51b372-1aca-44dd-a481-2d5d38da6b73: shutdown FollowerState
2019-08-22 09:17:44,124 [ForkJoinPool.commonPool-worker-1] INFO  impl.StateMachineUpdater (StateMachineUpdater.java:stopAndJoin(115)) - StateMachineUpdater:4d51b372-1aca-44dd-a481-2d5d38da6b73:group-EF5DD0F5256D: set stopIndex = 4
2019-08-22 09:17:44,124 [Thread-1805] INFO  impl.FollowerState (FollowerState.java:run(114)) - 4d51b372-1aca-44dd-a481-2d5d38da6b73: FollowerState was interrupted: java.lang.InterruptedException: sleep interrupted
2019-08-22 09:17:44,125 [ForkJoinPool.commonPool-worker-1] INFO  impl.RaftServerImpl (ServerState.java:close(394)) - 4d51b372-1aca-44dd-a481-2d5d38da6b73:group-EF5DD0F5256D closes. The last applied log index is 4
2019-08-22 09:17:44,127 [4d51b372-1aca-44dd-a481-2d5d38da6b73-SegmentedRaftLogWorker:Storage Directory /workdir/hadoop-ozone/integration-test/target/test-dir/MiniOzoneClusterImpl-b4094933-c81e-4e47-9f4e-b6682d02a4e3/datanode-4/data/ratis/e1a9f66e-de0f-4eaa-b925-ef5dd0f5256d] INFO  segmented.SegmentedRaftLogWorker (SegmentedRaftLogWorker.java:run(313)) - 4d51b372-1aca-44dd-a481-2d5d38da6b73-SegmentedRaftLogWorker:Storage Directory /workdir/hadoop-ozone/integration-test/target/test-dir/MiniOzoneClusterImpl-b4094933-c81e-4e47-9f4e-b6682d02a4e3/datanode-4/data/ratis/e1a9f66e-de0f-4eaa-b925-ef5dd0f5256d was interrupted, exiting. There are 0 tasks remaining in the queue.
2019-08-22 09:17:44,128 [ForkJoinPool.commonPool-worker-1] INFO  segmented.SegmentedRaftLogWorker (SegmentedRaftLogWorker.java:close(228)) - 4d51b372-1aca-44dd-a481-2d5d38da6b73-SegmentedRaftLogWorker:Storage Directory /workdir/hadoop-ozone/integration-test/target/test-dir/MiniOzoneClusterImpl-b4094933-c81e-4e47-9f4e-b6682d02a4e3/datanode-4/data/ratis/e1a9f66e-de0f-4eaa-b925-ef5dd0f5256d close()
2019-08-22 09:17:44,128 [ForkJoinPool.commonPool-worker-1] INFO  server.GrpcService (GrpcService.java:closeImpl(155)) - 4d51b372-1aca-44dd-a481-2d5d38da6b73: shutdown server with port 36387 now
2019-08-22 09:17:44,128 [ForkJoinPool.commonPool-worker-1] INFO  server.GrpcService (GrpcService.java:closeImpl(163)) - 4d51b372-1aca-44dd-a481-2d5d38da6b73: shutdown server with port 36387 successfully
2019-08-22 09:17:44,130 [ForkJoinPool.commonPool-worker-1] INFO  utils.BackgroundService (BackgroundService.java:shutdown(148)) - Shutting down service BlockDeletingService
2019-08-22 09:17:44,131 [refreshUsed-/workdir/hadoop-ozone/integration-test/target/test-dir/MiniOzoneClusterImpl-b4094933-c81e-4e47-9f4e-b6682d02a4e3/datanode-4/data/containers] WARN  fs.CachingGetSpaceUsed (CachingGetSpaceUsed.java:run(183)) - Thread Interrupted waiting to refresh disk information: sleep interrupted
2019-08-22 09:17:44,153 [main] INFO  statemachine.DatanodeStateMachine (DatanodeStateMachine.java:stopDaemon(395)) - Ozone container server stopped.
2019-08-22 09:17:44,156 [ForkJoinPool.commonPool-worker-1] INFO  statemachine.DatanodeStateMachine (DatanodeStateMachine.java:stopDaemon(395)) - Ozone container server stopped.
2019-08-22 09:17:44,161 [main] INFO  handler.ContextHandler (ContextHandler.java:doStop(910)) - Stopped o.e.j.w.WebAppContext@2f39b534{/,null,UNAVAILABLE}{/hddsDatanode}
2019-08-22 09:17:44,161 [ForkJoinPool.commonPool-worker-1] INFO  handler.ContextHandler (ContextHandler.java:doStop(910)) - Stopped o.e.j.w.WebAppContext@787a0fd6{/,null,UNAVAILABLE}{/hddsDatanode}
2019-08-22 09:17:44,162 [main] INFO  server.AbstractConnector (AbstractConnector.java:doStop(318)) - Stopped ServerConnector@60fbc34d{HTTP/1.1,[http/1.1]}{0.0.0.0:0}
2019-08-22 09:17:44,162 [ForkJoinPool.commonPool-worker-1] INFO  server.AbstractConnector (AbstractConnector.java:doStop(318)) - Stopped ServerConnector@48b09105{HTTP/1.1,[http/1.1]}{0.0.0.0:0}
2019-08-22 09:17:44,162 [main] INFO  handler.ContextHandler (ContextHandler.java:doStop(910)) - Stopped o.e.j.s.ServletContextHandler@4d770bcd{/static,jar:file:/home/user/.m2/repository/org/apache/hadoop/hadoop-hdds-container-service/0.5.0-SNAPSHOT/hadoop-hdds-container-service-0.5.0-SNAPSHOT.jar!/webapps/static,UNAVAILABLE}
2019-08-22 09:17:44,164 [ForkJoinPool.commonPool-worker-1] INFO  handler.ContextHandler (ContextHandler.java:doStop(910)) - Stopped o.e.j.s.ServletContextHandler@5972e3a{/static,jar:file:/home/user/.m2/repository/org/apache/hadoop/hadoop-hdds-container-service/0.5.0-SNAPSHOT/hadoop-hdds-container-service-0.5.0-SNAPSHOT.jar!/webapps/static,UNAVAILABLE}
2019-08-22 09:17:44,164 [main] INFO  handler.ContextHandler (ContextHandler.java:doStop(910)) - Stopped o.e.j.s.ServletContextHandler@5cba890e{/logs,file:///workdir/hadoop-ozone/integration-test/target/log,UNAVAILABLE}
2019-08-22 09:17:44,165 [ForkJoinPool.commonPool-worker-1] INFO  handler.ContextHandler (ContextHandler.java:doStop(910)) - Stopped o.e.j.s.ServletContextHandler@3acc3ee{/logs,file:///workdir/hadoop-ozone/integration-test/target/log,UNAVAILABLE}
2019-08-22 09:17:44,167 [main] INFO  ozone.MiniOzoneClusterImpl (MiniOzoneClusterImpl.java:stop(353)) - Stopping the StorageContainerManager
2019-08-22 09:17:44,167 [main] INFO  server.StorageContainerManager (StorageContainerManager.java:stop(797)) - Stopping Replication Manager Service.
2019-08-22 09:17:44,167 [main] INFO  container.ReplicationManager (ReplicationManager.java:stop(193)) - Stopping Replication Monitor Thread.
2019-08-22 09:17:44,167 [main] INFO  server.StorageContainerManager (StorageContainerManager.java:stop(804)) - Stopping Lease Manager of the command watchers
2019-08-22 09:17:44,168 [main] INFO  server.StorageContainerManager (StorageContainerManager.java:stop(811)) - Stopping datanode service RPC server
2019-08-22 09:17:44,168 [main] INFO  server.SCMDatanodeProtocolServer (SCMDatanodeProtocolServer.java:stop(367)) - Stopping the RPC server for DataNodes
2019-08-22 09:17:44,168 [main] INFO  ipc.Server (Server.java:stop(3082)) - Stopping server on 39733
2019-08-22 09:17:44,170 [IPC Server listener on 39733] INFO  ipc.Server (Server.java:run(1185)) - Stopping IPC Server listener on 39733
2019-08-22 09:17:44,171 [IPC Server Responder] INFO  ipc.Server (Server.java:run(1319)) - Stopping IPC Server Responder
2019-08-22 09:17:44,262 [SCM Heartbeat Processing Thread - 0] WARN  node.NodeStateManager (NodeStateManager.java:scheduleNextHealthCheck(646)) - Current Thread is interrupted, shutting down HB processing thread for Node Manager.
2019-08-22 09:17:44,263 [main] INFO  server.StorageContainerManager (StorageContainerManager.java:stop(819)) - Stopping block service RPC server
2019-08-22 09:17:44,263 [main] INFO  server.SCMBlockProtocolServer (SCMBlockProtocolServer.java:stop(148)) - Stopping the RPC server for Block Protocol
2019-08-22 09:17:44,263 [main] INFO  ipc.Server (Server.java:stop(3082)) - Stopping server on 45916
2019-08-22 09:17:44,265 [IPC Server listener on 45916] INFO  ipc.Server (Server.java:run(1185)) - Stopping IPC Server listener on 45916
2019-08-22 09:17:44,265 [main] INFO  server.StorageContainerManager (StorageContainerManager.java:stop(826)) - Stopping the StorageContainerLocationProtocol RPC server
2019-08-22 09:17:44,265 [main] INFO  server.SCMClientProtocolServer (SCMClientProtocolServer.java:stop(159)) - Stopping the RPC server for Client Protocol
2019-08-22 09:17:44,265 [IPC Server Responder] INFO  ipc.Server (Server.java:run(1319)) - Stopping IPC Server Responder
2019-08-22 09:17:44,265 [main] INFO  ipc.Server (Server.java:stop(3082)) - Stopping server on 36053
2019-08-22 09:17:44,268 [IPC Server listener on 36053] INFO  ipc.Server (Server.java:run(1185)) - Stopping IPC Server listener on 36053
2019-08-22 09:17:44,269 [main] INFO  server.StorageContainerManager (StorageContainerManager.java:stop(833)) - Stopping Storage Container Manager HTTP server.
2019-08-22 09:17:44,271 [IPC Server Responder] INFO  ipc.Server (Server.java:run(1319)) - Stopping IPC Server Responder
2019-08-22 09:17:44,271 [main] INFO  handler.ContextHandler (ContextHandler.java:doStop(910)) - Stopped o.e.j.w.WebAppContext@4ef31221{/,null,UNAVAILABLE}{/scm}
2019-08-22 09:17:44,272 [main] INFO  server.AbstractConnector (AbstractConnector.java:doStop(318)) - Stopped ServerConnector@4e9e0c6{HTTP/1.1,[http/1.1]}{0.0.0.0:0}
2019-08-22 09:17:44,272 [main] INFO  handler.ContextHandler (ContextHandler.java:doStop(910)) - Stopped o.e.j.s.ServletContextHandler@11adab6d{/static,file:///workdir/hadoop-ozone/integration-test/target/test-classes/webapps/static,UNAVAILABLE}
2019-08-22 09:17:44,273 [main] INFO  handler.ContextHandler (ContextHandler.java:doStop(910)) - Stopped o.e.j.s.ServletContextHandler@389008d1{/logs,file:///workdir/hadoop-ozone/integration-test/target/log,UNAVAILABLE}
2019-08-22 09:17:44,274 [main] INFO  server.StorageContainerManager (StorageContainerManager.java:stop(844)) - Stopping Block Manager Service.
2019-08-22 09:17:44,274 [main] INFO  utils.BackgroundService (BackgroundService.java:shutdown(148)) - Shutting down service SCMBlockDeletingService
2019-08-22 09:17:44,275 [main] INFO  utils.BackgroundService (BackgroundService.java:shutdown(148)) - Shutting down service SCMBlockDeletingService
2019-08-22 09:17:44,275 [main] INFO  server.StorageContainerManager (StorageContainerManager.java:stop(866)) - Stopping SCM Event Queue.
2019-08-22 09:17:44,279 [main] INFO  impl.MetricsSystemImpl (MetricsSystemImpl.java:stop(210)) - Stopping HddsDatanode metrics system...
2019-08-22 09:17:44,284 [main] INFO  impl.MetricsSystemImpl (MetricsSystemImpl.java:stop(216)) - HddsDatanode metrics system stopped.
]]></system-out>
    <system-err><![CDATA[Aug 22, 2019 9:16:57 AM com.sun.jersey.server.impl.application.WebApplicationImpl _initiate
INFO: Initiating Jersey application, version 'Jersey: 1.19 02/11/2015 03:25 AM'
Aug 22, 2019 9:16:57 AM com.sun.jersey.server.impl.application.WebApplicationImpl _initiate
INFO: Initiating Jersey application, version 'Jersey: 1.19 02/11/2015 03:25 AM'
Aug 22, 2019 9:16:58 AM com.sun.jersey.server.impl.application.WebApplicationImpl _initiate
INFO: Initiating Jersey application, version 'Jersey: 1.19 02/11/2015 03:25 AM'
Aug 22, 2019 9:16:58 AM com.sun.jersey.server.impl.application.WebApplicationImpl _initiate
INFO: Initiating Jersey application, version 'Jersey: 1.19 02/11/2015 03:25 AM'
Aug 22, 2019 9:16:58 AM com.sun.jersey.server.impl.application.WebApplicationImpl _initiate
INFO: Initiating Jersey application, version 'Jersey: 1.19 02/11/2015 03:25 AM'
Aug 22, 2019 9:16:58 AM com.sun.jersey.server.impl.application.WebApplicationImpl _initiate
INFO: Initiating Jersey application, version 'Jersey: 1.19 02/11/2015 03:25 AM'
]]></system-err>
  </testcase>
</testsuite>