<?xml version="1.0" encoding="UTF-8"?>
<testsuite xmlns:xsi="http://www.w3.org/2001/XMLSchema-instance" xsi:noNamespaceSchemaLocation="https://maven.apache.org/surefire/maven-surefire-plugin/xsd/surefire-test-report.xsd" name="org.apache.hadoop.ozone.client.rpc.TestWatchForCommit" time="291.038" tests="5" errors="1" skipped="0" failures="0">
  <properties>
    <property name="awt.toolkit" value="sun.awt.X11.XToolkit"/>
    <property name="file.encoding.pkg" value="sun.io"/>
    <property name="java.specification.version" value="1.8"/>
    <property name="sun.cpu.isalist" value=""/>
    <property name="sun.jnu.encoding" value="UTF-8"/>
    <property name="java.class.path" value="/workdir/hadoop-ozone/integration-test/target/test-classes:/workdir/hadoop-ozone/integration-test/target/classes:/home/user/.m2/repository/org/apache/hadoop/hadoop-ozone-common/0.5.0-SNAPSHOT/hadoop-ozone-common-0.5.0-SNAPSHOT.jar:/home/user/.m2/repository/org/apache/commons/commons-compress/1.4.1/commons-compress-1.4.1.jar:/home/user/.m2/repository/org/tukaani/xz/1.0/xz-1.0.jar:/home/user/.m2/repository/org/apache/hadoop/hadoop-common/3.2.0/hadoop-common-3.2.0.jar:/home/user/.m2/repository/org/apache/hadoop/hadoop-hdfs/3.2.0/hadoop-hdfs-3.2.0.jar:/home/user/.m2/repository/org/apache/hadoop/hadoop-hdfs-client/3.2.0/hadoop-hdfs-client-3.2.0.jar:/home/user/.m2/repository/com/fasterxml/jackson/core/jackson-annotations/2.9.5/jackson-annotations-2.9.5.jar:/home/user/.m2/repository/org/apache/hadoop/hadoop-hdds-common/0.5.0-SNAPSHOT/hadoop-hdds-common-0.5.0-SNAPSHOT.jar:/home/user/.m2/repository/javax/annotation/javax.annotation-api/1.2/javax.annotation-api-1.2.jar:/home/user/.m2/repository/org/apache/ratis/ratis-server/0.4.0-2337318-SNAPSHOT/ratis-server-0.4.0-2337318-SNAPSHOT.jar:/home/user/.m2/repository/org/apache/ratis/ratis-thirdparty-misc/0.2.0/ratis-thirdparty-misc-0.2.0.jar:/home/user/.m2/repository/org/apache/ratis/ratis-proto/0.4.0-2337318-SNAPSHOT/ratis-proto-0.4.0-2337318-SNAPSHOT.jar:/home/user/.m2/repository/org/apache/ratis/ratis-common/0.4.0-2337318-SNAPSHOT/ratis-common-0.4.0-2337318-SNAPSHOT.jar:/home/user/.m2/repository/org/apache/ratis/ratis-client/0.4.0-2337318-SNAPSHOT/ratis-client-0.4.0-2337318-SNAPSHOT.jar:/home/user/.m2/repository/org/apache/ratis/ratis-metrics/0.4.0-2337318-SNAPSHOT/ratis-metrics-0.4.0-2337318-SNAPSHOT.jar:/home/user/.m2/repository/org/apache/ratis/ratis-netty/0.4.0-2337318-SNAPSHOT/ratis-netty-0.4.0-2337318-SNAPSHOT.jar:/home/user/.m2/repository/org/apache/ratis/ratis-grpc/0.4.0-2337318-SNAPSHOT/ratis-grpc-0.4.0-2337318-SNAPSHOT.jar:/home/user/.m2/repository/org/rocksdb/rocksdbjni/6.0.1/rocksdbjni-6.0.1.jar:/home/user/.m2/repository/org/apache/logging/log4j/log4j-api/2.11.0/log4j-api-2.11.0.jar:/home/user/.m2/repository/org/apache/logging/log4j/log4j-core/2.11.0/log4j-core-2.11.0.jar:/home/user/.m2/repository/com/lmax/disruptor/3.4.2/disruptor-3.4.2.jar:/home/user/.m2/repository/org/apache/commons/commons-pool2/2.6.0/commons-pool2-2.6.0.jar:/home/user/.m2/repository/org/bouncycastle/bcpkix-jdk15on/1.60/bcpkix-jdk15on-1.60.jar:/home/user/.m2/repository/commons-validator/commons-validator/1.6/commons-validator-1.6.jar:/home/user/.m2/repository/commons-digester/commons-digester/1.8.1/commons-digester-1.8.1.jar:/home/user/.m2/repository/io/jaegertracing/jaeger-client/0.33.1/jaeger-client-0.33.1.jar:/home/user/.m2/repository/io/jaegertracing/jaeger-thrift/0.33.1/jaeger-thrift-0.33.1.jar:/home/user/.m2/repository/org/apache/thrift/libthrift/0.11.0/libthrift-0.11.0.jar:/home/user/.m2/repository/com/squareup/okhttp3/okhttp/3.9.0/okhttp-3.9.0.jar:/home/user/.m2/repository/com/squareup/okio/okio/1.13.0/okio-1.13.0.jar:/home/user/.m2/repository/io/jaegertracing/jaeger-core/0.33.1/jaeger-core-0.33.1.jar:/home/user/.m2/repository/io/jaegertracing/jaeger-tracerresolver/0.33.1/jaeger-tracerresolver-0.33.1.jar:/home/user/.m2/repository/io/opentracing/contrib/opentracing-tracerresolver/0.1.5/opentracing-tracerresolver-0.1.5.jar:/home/user/.m2/repository/io/opentracing/opentracing-util/0.31.0/opentracing-util-0.31.0.jar:/home/user/.m2/repository/io/opentracing/opentracing-api/0.31.0/opentracing-api-0.31.0.jar:/home/user/.m2/repository/io/opentracing/opentracing-noop/0.31.0/opentracing-noop-0.31.0.jar:/home/user/.m2/repository/org/apache/hadoop/hadoop-hdds-server-framework/0.5.0-SNAPSHOT/hadoop-hdds-server-framework-0.5.0-SNAPSHOT.jar:/home/user/.m2/repository/org/apache/hadoop/hadoop-hdds-container-service/0.5.0-SNAPSHOT/hadoop-hdds-container-service-0.5.0-SNAPSHOT.jar:/home/user/.m2/repository/org/apache/hadoop/hadoop-hdds-client/0.5.0-SNAPSHOT/hadoop-hdds-client-0.5.0-SNAPSHOT.jar:/home/user/.m2/repository/org/apache/hadoop/hadoop-hdds-tools/0.5.0-SNAPSHOT/hadoop-hdds-tools-0.5.0-SNAPSHOT.jar:/home/user/.m2/repository/org/apache/hadoop/hadoop-hdds-server-scm/0.5.0-SNAPSHOT/hadoop-hdds-server-scm-0.5.0-SNAPSHOT.jar:/home/user/.m2/repository/org/apache/hadoop/hadoop-hdds-docs/0.5.0-SNAPSHOT/hadoop-hdds-docs-0.5.0-SNAPSHOT.jar:/home/user/.m2/repository/io/dropwizard/metrics/metrics-core/3.2.4/metrics-core-3.2.4.jar:/home/user/.m2/repository/org/hamcrest/hamcrest-all/1.3/hamcrest-all-1.3.jar:/home/user/.m2/repository/org/bouncycastle/bcprov-jdk15on/1.60/bcprov-jdk15on-1.60.jar:/home/user/.m2/repository/info/picocli/picocli/3.9.6/picocli-3.9.6.jar:/home/user/.m2/repository/com/google/protobuf/protobuf-java/2.5.0/protobuf-java-2.5.0.jar:/home/user/.m2/repository/com/google/guava/guava/11.0.2/guava-11.0.2.jar:/home/user/.m2/repository/org/apache/hadoop/hadoop-ozone-ozone-manager/0.5.0-SNAPSHOT/hadoop-ozone-ozone-manager-0.5.0-SNAPSHOT.jar:/home/user/.m2/repository/org/apache/hadoop/hadoop-minikdc/3.2.0/hadoop-minikdc-3.2.0.jar:/home/user/.m2/repository/commons-io/commons-io/2.5/commons-io-2.5.jar:/home/user/.m2/repository/org/apache/kerby/kerb-simplekdc/1.0.1/kerb-simplekdc-1.0.1.jar:/home/user/.m2/repository/org/apache/kerby/kerb-client/1.0.1/kerb-client-1.0.1.jar:/home/user/.m2/repository/org/apache/kerby/kerby-config/1.0.1/kerby-config-1.0.1.jar:/home/user/.m2/repository/org/apache/kerby/kerb-core/1.0.1/kerb-core-1.0.1.jar:/home/user/.m2/repository/org/apache/kerby/kerby-pkix/1.0.1/kerby-pkix-1.0.1.jar:/home/user/.m2/repository/org/apache/kerby/kerby-asn1/1.0.1/kerby-asn1-1.0.1.jar:/home/user/.m2/repository/org/apache/kerby/kerby-util/1.0.1/kerby-util-1.0.1.jar:/home/user/.m2/repository/org/apache/kerby/kerb-common/1.0.1/kerb-common-1.0.1.jar:/home/user/.m2/repository/org/apache/kerby/kerb-crypto/1.0.1/kerb-crypto-1.0.1.jar:/home/user/.m2/repository/org/apache/kerby/kerb-util/1.0.1/kerb-util-1.0.1.jar:/home/user/.m2/repository/org/apache/kerby/token-provider/1.0.1/token-provider-1.0.1.jar:/home/user/.m2/repository/org/apache/kerby/kerb-admin/1.0.1/kerb-admin-1.0.1.jar:/home/user/.m2/repository/org/apache/kerby/kerb-server/1.0.1/kerb-server-1.0.1.jar:/home/user/.m2/repository/org/apache/kerby/kerb-identity/1.0.1/kerb-identity-1.0.1.jar:/home/user/.m2/repository/org/apache/kerby/kerby-xdr/1.0.1/kerby-xdr-1.0.1.jar:/home/user/.m2/repository/org/slf4j/slf4j-log4j12/1.7.25/slf4j-log4j12-1.7.25.jar:/home/user/.m2/repository/org/apache/hadoop/hadoop-ozone-objectstore-service/0.5.0-SNAPSHOT/hadoop-ozone-objectstore-service-0.5.0-SNAPSHOT.jar:/home/user/.m2/repository/org/apache/hadoop/hadoop-ozone-s3gateway/0.5.0-SNAPSHOT/hadoop-ozone-s3gateway-0.5.0-SNAPSHOT.jar:/home/user/.m2/repository/org/jboss/weld/servlet/weld-servlet/2.4.7.Final/weld-servlet-2.4.7.Final.jar:/home/user/.m2/repository/org/glassfish/jersey/containers/jersey-container-servlet-core/2.27/jersey-container-servlet-core-2.27.jar:/home/user/.m2/repository/org/glassfish/hk2/external/javax.inject/2.5.0-b42/javax.inject-2.5.0-b42.jar:/home/user/.m2/repository/org/glassfish/jersey/core/jersey-common/2.27/jersey-common-2.27.jar:/home/user/.m2/repository/org/glassfish/hk2/osgi-resource-locator/1.0.1/osgi-resource-locator-1.0.1.jar:/home/user/.m2/repository/javax/ws/rs/javax.ws.rs-api/2.1/javax.ws.rs-api-2.1.jar:/home/user/.m2/repository/org/glassfish/jersey/ext/cdi/jersey-cdi1x/2.27/jersey-cdi1x-2.27.jar:/home/user/.m2/repository/org/glassfish/jersey/inject/jersey-hk2/2.27/jersey-hk2-2.27.jar:/home/user/.m2/repository/org/glassfish/hk2/hk2-locator/2.5.0-b42/hk2-locator-2.5.0-b42.jar:/home/user/.m2/repository/org/javassist/javassist/3.22.0-CR2/javassist-3.22.0-CR2.jar:/home/user/.m2/repository/org/glassfish/hk2/hk2-api/2.5.0/hk2-api-2.5.0.jar:/home/user/.m2/repository/org/glassfish/hk2/external/jakarta.inject/2.5.0/jakarta.inject-2.5.0.jar:/home/user/.m2/repository/org/glassfish/hk2/hk2-utils/2.5.0/hk2-utils-2.5.0.jar:/home/user/.m2/repository/jakarta/annotation/jakarta.annotation-api/1.3.4/jakarta.annotation-api-1.3.4.jar:/home/user/.m2/repository/org/glassfish/hk2/external/aopalliance-repackaged/2.5.0/aopalliance-repackaged-2.5.0.jar:/home/user/.m2/repository/com/fasterxml/jackson/dataformat/jackson-dataformat-xml/2.9.0/jackson-dataformat-xml-2.9.0.jar:/home/user/.m2/repository/com/fasterxml/jackson/core/jackson-core/2.9.5/jackson-core-2.9.5.jar:/home/user/.m2/repository/com/fasterxml/jackson/module/jackson-module-jaxb-annotations/2.9.5/jackson-module-jaxb-annotations-2.9.5.jar:/home/user/.m2/repository/javax/enterprise/cdi-api/1.2/cdi-api-1.2.jar:/home/user/.m2/repository/javax/el/javax.el-api/3.0.0/javax.el-api-3.0.0.jar:/home/user/.m2/repository/javax/interceptor/javax.interceptor-api/1.2/javax.interceptor-api-1.2.jar:/home/user/.m2/repository/javax/inject/javax.inject/1/javax.inject-1.jar:/home/user/.m2/repository/com/sun/xml/bind/jaxb-impl/2.3.0.1/jaxb-impl-2.3.0.1.jar:/home/user/.m2/repository/com/sun/xml/bind/jaxb-core/2.3.0.1/jaxb-core-2.3.0.1.jar:/home/user/.m2/repository/javax/xml/bind/jaxb-api/2.3.0/jaxb-api-2.3.0.jar:/home/user/.m2/repository/javax/activation/activation/1.1.1/activation-1.1.1.jar:/home/user/.m2/repository/org/apache/hadoop/hadoop-ozone-csi/0.5.0-SNAPSHOT/hadoop-ozone-csi-0.5.0-SNAPSHOT.jar:/home/user/.m2/repository/com/google/protobuf/protobuf-java-util/3.5.1/protobuf-java-util-3.5.1.jar:/home/user/.m2/repository/org/apache/hadoop/hadoop-hdds-config/0.5.0-SNAPSHOT/hadoop-hdds-config-0.5.0-SNAPSHOT.jar:/home/user/.m2/repository/io/grpc/grpc-netty/1.17.1/grpc-netty-1.17.1.jar:/home/user/.m2/repository/io/grpc/grpc-core/1.17.1/grpc-core-1.17.1.jar:/home/user/.m2/repository/io/grpc/grpc-context/1.17.1/grpc-context-1.17.1.jar:/home/user/.m2/repository/com/google/errorprone/error_prone_annotations/2.2.0/error_prone_annotations-2.2.0.jar:/home/user/.m2/repository/org/codehaus/mojo/animal-sniffer-annotations/1.17/animal-sniffer-annotations-1.17.jar:/home/user/.m2/repository/io/opencensus/opencensus-api/0.17.0/opencensus-api-0.17.0.jar:/home/user/.m2/repository/io/opencensus/opencensus-contrib-grpc-metrics/0.17.0/opencensus-contrib-grpc-metrics-0.17.0.jar:/home/user/.m2/repository/io/netty/netty-codec-http2/4.1.30.Final/netty-codec-http2-4.1.30.Final.jar:/home/user/.m2/repository/io/netty/netty-codec-http/4.1.30.Final/netty-codec-http-4.1.30.Final.jar:/home/user/.m2/repository/io/netty/netty-codec/4.1.30.Final/netty-codec-4.1.30.Final.jar:/home/user/.m2/repository/io/netty/netty-handler/4.1.30.Final/netty-handler-4.1.30.Final.jar:/home/user/.m2/repository/io/netty/netty-handler-proxy/4.1.30.Final/netty-handler-proxy-4.1.30.Final.jar:/home/user/.m2/repository/io/netty/netty-codec-socks/4.1.30.Final/netty-codec-socks-4.1.30.Final.jar:/home/user/.m2/repository/io/netty/netty-transport-native-epoll/4.1.30.Final/netty-transport-native-epoll-4.1.30.Final.jar:/home/user/.m2/repository/io/netty/netty-common/4.1.30.Final/netty-common-4.1.30.Final.jar:/home/user/.m2/repository/io/netty/netty-buffer/4.1.30.Final/netty-buffer-4.1.30.Final.jar:/home/user/.m2/repository/io/netty/netty-transport/4.1.30.Final/netty-transport-4.1.30.Final.jar:/home/user/.m2/repository/io/netty/netty-resolver/4.1.30.Final/netty-resolver-4.1.30.Final.jar:/home/user/.m2/repository/io/netty/netty-transport-native-unix-common/4.1.30.Final/netty-transport-native-unix-common-4.1.30.Final.jar:/home/user/.m2/repository/io/grpc/grpc-protobuf/1.17.1/grpc-protobuf-1.17.1.jar:/home/user/.m2/repository/com/google/api/grpc/proto-google-common-protos/1.0.0/proto-google-common-protos-1.0.0.jar:/home/user/.m2/repository/io/grpc/grpc-protobuf-lite/1.17.1/grpc-protobuf-lite-1.17.1.jar:/home/user/.m2/repository/io/grpc/grpc-stub/1.17.1/grpc-stub-1.17.1.jar:/home/user/.m2/repository/org/apache/hadoop/hadoop-ozone-recon/0.5.0-SNAPSHOT/hadoop-ozone-recon-0.5.0-SNAPSHOT.jar:/home/user/.m2/repository/org/apache/hadoop/hadoop-ozone-reconcodegen/0.5.0-SNAPSHOT/hadoop-ozone-reconcodegen-0.5.0-SNAPSHOT.jar:/home/user/.m2/repository/com/google/inject/extensions/guice-multibindings/4.0/guice-multibindings-4.0.jar:/home/user/.m2/repository/com/google/inject/guice/4.0/guice-4.0.jar:/home/user/.m2/repository/aopalliance/aopalliance/1.0/aopalliance-1.0.jar:/home/user/.m2/repository/com/google/inject/extensions/guice-servlet/4.0/guice-servlet-4.0.jar:/home/user/.m2/repository/org/glassfish/jersey/containers/jersey-container-servlet/2.27/jersey-container-servlet-2.27.jar:/home/user/.m2/repository/org/glassfish/hk2/guice-bridge/2.5.0/guice-bridge-2.5.0.jar:/home/user/.m2/repository/org/glassfish/jersey/core/jersey-server/2.27/jersey-server-2.27.jar:/home/user/.m2/repository/org/glassfish/jersey/core/jersey-client/2.27/jersey-client-2.27.jar:/home/user/.m2/repository/org/glassfish/jersey/media/jersey-media-jaxb/2.27/jersey-media-jaxb-2.27.jar:/home/user/.m2/repository/javax/validation/validation-api/1.1.0.Final/validation-api-1.1.0.Final.jar:/home/user/.m2/repository/org/glassfish/jersey/media/jersey-media-json-jackson/2.27/jersey-media-json-jackson-2.27.jar:/home/user/.m2/repository/org/glassfish/jersey/ext/jersey-entity-filtering/2.27/jersey-entity-filtering-2.27.jar:/home/user/.m2/repository/com/google/inject/extensions/guice-assistedinject/4.0/guice-assistedinject-4.0.jar:/home/user/.m2/repository/org/jooq/jooq/3.11.10/jooq-3.11.10.jar:/home/user/.m2/repository/org/jooq/jooq-meta/3.11.10/jooq-meta-3.11.10.jar:/home/user/.m2/repository/org/jooq/jooq-codegen/3.11.10/jooq-codegen-3.11.10.jar:/home/user/.m2/repository/com/jolbox/bonecp/0.8.0.RELEASE/bonecp-0.8.0.RELEASE.jar:/home/user/.m2/repository/org/xerial/sqlite-jdbc/3.25.2/sqlite-jdbc-3.25.2.jar:/home/user/.m2/repository/org/springframework/spring-jdbc/5.1.3.RELEASE/spring-jdbc-5.1.3.RELEASE.jar:/home/user/.m2/repository/org/springframework/spring-beans/5.1.3.RELEASE/spring-beans-5.1.3.RELEASE.jar:/home/user/.m2/repository/org/springframework/spring-core/5.1.3.RELEASE/spring-core-5.1.3.RELEASE.jar:/home/user/.m2/repository/org/springframework/spring-jcl/5.1.3.RELEASE/spring-jcl-5.1.3.RELEASE.jar:/home/user/.m2/repository/org/springframework/spring-tx/5.1.3.RELEASE/spring-tx-5.1.3.RELEASE.jar:/home/user/.m2/repository/org/apache/hadoop/hadoop-ozone-client/0.5.0-SNAPSHOT/hadoop-ozone-client-0.5.0-SNAPSHOT.jar:/home/user/.m2/repository/commons-lang/commons-lang/2.6/commons-lang-2.6.jar:/home/user/.m2/repository/org/apache/hadoop/hadoop-ozone-ozone-manager/0.5.0-SNAPSHOT/hadoop-ozone-ozone-manager-0.5.0-SNAPSHOT-tests.jar:/home/user/.m2/repository/junit/junit/4.11/junit-4.11.jar:/home/user/.m2/repository/org/hamcrest/hamcrest-core/1.3/hamcrest-core-1.3.jar:/home/user/.m2/repository/org/openjdk/jmh/jmh-core/1.19/jmh-core-1.19.jar:/home/user/.m2/repository/net/sf/jopt-simple/jopt-simple/4.6/jopt-simple-4.6.jar:/home/user/.m2/repository/org/apache/commons/commons-math3/3.1.1/commons-math3-3.1.1.jar:/home/user/.m2/repository/org/openjdk/jmh/jmh-generator-annprocess/1.19/jmh-generator-annprocess-1.19.jar:/home/user/.m2/repository/org/mockito/mockito-all/1.8.5/mockito-all-1.8.5.jar:/home/user/.m2/repository/org/apache/hadoop/hadoop-kms/3.2.0/hadoop-kms-3.2.0.jar:/home/user/.m2/repository/org/apache/hadoop/hadoop-auth/3.2.0/hadoop-auth-3.2.0.jar:/home/user/.m2/repository/com/nimbusds/nimbus-jose-jwt/4.41.1/nimbus-jose-jwt-4.41.1.jar:/home/user/.m2/repository/com/github/stephenc/jcip/jcip-annotations/1.0-1/jcip-annotations-1.0-1.jar:/home/user/.m2/repository/net/minidev/json-smart/2.3/json-smart-2.3.jar:/home/user/.m2/repository/net/minidev/accessors-smart/1.2/accessors-smart-1.2.jar:/home/user/.m2/repository/org/ow2/asm/asm/5.0.4/asm-5.0.4.jar:/home/user/.m2/repository/org/apache/curator/curator-framework/2.12.0/curator-framework-2.12.0.jar:/home/user/.m2/repository/com/sun/jersey/jersey-core/1.19/jersey-core-1.19.jar:/home/user/.m2/repository/javax/ws/rs/jsr311-api/1.1.1/jsr311-api-1.1.1.jar:/home/user/.m2/repository/com/sun/jersey/jersey-server/1.19/jersey-server-1.19.jar:/home/user/.m2/repository/javax/servlet/javax.servlet-api/3.1.0/javax.servlet-api-3.1.0.jar:/home/user/.m2/repository/org/eclipse/jetty/jetty-server/9.3.24.v20180605/jetty-server-9.3.24.v20180605.jar:/home/user/.m2/repository/org/eclipse/jetty/jetty-http/9.3.24.v20180605/jetty-http-9.3.24.v20180605.jar:/home/user/.m2/repository/org/eclipse/jetty/jetty-io/9.3.24.v20180605/jetty-io-9.3.24.v20180605.jar:/home/user/.m2/repository/org/eclipse/jetty/jetty-webapp/9.3.24.v20180605/jetty-webapp-9.3.24.v20180605.jar:/home/user/.m2/repository/org/eclipse/jetty/jetty-xml/9.3.24.v20180605/jetty-xml-9.3.24.v20180605.jar:/home/user/.m2/repository/log4j/log4j/1.2.17/log4j-1.2.17.jar:/home/user/.m2/repository/org/slf4j/slf4j-api/1.7.25/slf4j-api-1.7.25.jar:/home/user/.m2/repository/org/slf4j/jul-to-slf4j/1.7.25/jul-to-slf4j-1.7.25.jar:/home/user/.m2/repository/org/eclipse/jetty/jetty-util/9.3.24.v20180605/jetty-util-9.3.24.v20180605.jar:/home/user/.m2/repository/com/fasterxml/jackson/core/jackson-databind/2.9.5/jackson-databind-2.9.5.jar:/home/user/.m2/repository/org/apache/hadoop/hadoop-kms/3.2.0/hadoop-kms-3.2.0-tests.jar:/home/user/.m2/repository/org/apache/hadoop/hadoop-hdds-server-scm/0.5.0-SNAPSHOT/hadoop-hdds-server-scm-0.5.0-SNAPSHOT-tests.jar:/home/user/.m2/repository/org/apache/hadoop/hadoop-hdds-container-service/0.5.0-SNAPSHOT/hadoop-hdds-container-service-0.5.0-SNAPSHOT-tests.jar:/home/user/.m2/repository/org/yaml/snakeyaml/1.16/snakeyaml-1.16.jar:/home/user/.m2/repository/org/apache/hadoop/hadoop-common/3.2.0/hadoop-common-3.2.0-tests.jar:/home/user/.m2/repository/org/apache/hadoop/hadoop-annotations/3.2.0/hadoop-annotations-3.2.0.jar:/usr/lib/jvm/java-1.8-openjdk/jre/../lib/tools.jar:/home/user/.m2/repository/commons-cli/commons-cli/1.2/commons-cli-1.2.jar:/home/user/.m2/repository/org/apache/httpcomponents/httpclient/4.5.2/httpclient-4.5.2.jar:/home/user/.m2/repository/org/apache/httpcomponents/httpcore/4.4.4/httpcore-4.4.4.jar:/home/user/.m2/repository/commons-codec/commons-codec/1.11/commons-codec-1.11.jar:/home/user/.m2/repository/commons-net/commons-net/3.6/commons-net-3.6.jar:/home/user/.m2/repository/commons-collections/commons-collections/3.2.2/commons-collections-3.2.2.jar:/home/user/.m2/repository/org/eclipse/jetty/jetty-servlet/9.3.24.v20180605/jetty-servlet-9.3.24.v20180605.jar:/home/user/.m2/repository/org/eclipse/jetty/jetty-security/9.3.24.v20180605/jetty-security-9.3.24.v20180605.jar:/home/user/.m2/repository/javax/servlet/jsp/jsp-api/2.1/jsp-api-2.1.jar:/home/user/.m2/repository/com/sun/jersey/jersey-servlet/1.19/jersey-servlet-1.19.jar:/home/user/.m2/repository/com/sun/jersey/jersey-json/1.19/jersey-json-1.19.jar:/home/user/.m2/repository/org/codehaus/jettison/jettison/1.1/jettison-1.1.jar:/home/user/.m2/repository/org/codehaus/jackson/jackson-core-asl/1.9.13/jackson-core-asl-1.9.13.jar:/home/user/.m2/repository/org/codehaus/jackson/jackson-mapper-asl/1.9.13/jackson-mapper-asl-1.9.13.jar:/home/user/.m2/repository/org/codehaus/jackson/jackson-jaxrs/1.9.13/jackson-jaxrs-1.9.13.jar:/home/user/.m2/repository/org/codehaus/jackson/jackson-xc/1.9.13/jackson-xc-1.9.13.jar:/home/user/.m2/repository/commons-logging/commons-logging/1.1.3/commons-logging-1.1.3.jar:/home/user/.m2/repository/commons-beanutils/commons-beanutils/1.9.3/commons-beanutils-1.9.3.jar:/home/user/.m2/repository/org/apache/commons/commons-configuration2/2.1.1/commons-configuration2-2.1.1.jar:/home/user/.m2/repository/org/apache/commons/commons-lang3/3.7/commons-lang3-3.7.jar:/home/user/.m2/repository/org/apache/commons/commons-text/1.4/commons-text-1.4.jar:/home/user/.m2/repository/org/apache/avro/avro/1.7.7/avro-1.7.7.jar:/home/user/.m2/repository/com/thoughtworks/paranamer/paranamer/2.3/paranamer-2.3.jar:/home/user/.m2/repository/org/xerial/snappy/snappy-java/1.0.5/snappy-java-1.0.5.jar:/home/user/.m2/repository/com/google/re2j/re2j/1.1/re2j-1.1.jar:/home/user/.m2/repository/com/google/code/gson/gson/2.2.4/gson-2.2.4.jar:/home/user/.m2/repository/com/jcraft/jsch/0.1.54/jsch-0.1.54.jar:/home/user/.m2/repository/org/apache/curator/curator-client/2.12.0/curator-client-2.12.0.jar:/home/user/.m2/repository/org/apache/curator/curator-recipes/2.12.0/curator-recipes-2.12.0.jar:/home/user/.m2/repository/com/google/code/findbugs/jsr305/3.0.0/jsr305-3.0.0.jar:/home/user/.m2/repository/org/apache/htrace/htrace-core4/4.1.0-incubating/htrace-core4-4.1.0-incubating.jar:/home/user/.m2/repository/org/apache/zookeeper/zookeeper/3.4.13/zookeeper-3.4.13.jar:/home/user/.m2/repository/org/apache/yetus/audience-annotations/0.5.0/audience-annotations-0.5.0.jar:/home/user/.m2/repository/org/codehaus/woodstox/stax2-api/3.1.4/stax2-api-3.1.4.jar:/home/user/.m2/repository/com/fasterxml/woodstox/woodstox-core/5.0.3/woodstox-core-5.0.3.jar:/home/user/.m2/repository/dnsjava/dnsjava/2.1.7/dnsjava-2.1.7.jar:/home/user/.m2/repository/org/apache/hadoop/hadoop-hdfs/3.2.0/hadoop-hdfs-3.2.0-tests.jar:/home/user/.m2/repository/org/eclipse/jetty/jetty-util-ajax/9.3.24.v20180605/jetty-util-ajax-9.3.24.v20180605.jar:/home/user/.m2/repository/commons-daemon/commons-daemon/1.0.13/commons-daemon-1.0.13.jar:/home/user/.m2/repository/io/netty/netty/3.10.5.Final/netty-3.10.5.Final.jar:/home/user/.m2/repository/io/netty/netty-all/4.0.52.Final/netty-all-4.0.52.Final.jar:/home/user/.m2/repository/org/fusesource/leveldbjni/leveldbjni-all/1.8/leveldbjni-all-1.8.jar:"/>
    <property name="java.vm.vendor" value="IcedTea"/>
    <property name="sun.arch.data.model" value="64"/>
    <property name="test.build.dir" value="/workdir/hadoop-ozone/integration-test/target/test-dir"/>
    <property name="test.cache.data" value=""/>
    <property name="java.vendor.url" value="https://icedtea.classpath.org"/>
    <property name="user.timezone" value=""/>
    <property name="java.vm.specification.version" value="1.8"/>
    <property name="os.name" value="Linux"/>
    <property name="test.build.data" value="/workdir/hadoop-ozone/integration-test/target/test-dir"/>
    <property name="user.country" value="US"/>
    <property name="sun.java.launcher" value="SUN_STANDARD"/>
    <property name="sun.boot.library.path" value="/usr/lib/jvm/java-1.8-openjdk/jre/lib/amd64"/>
    <property name="sun.java.command" value="/workdir/hadoop-ozone/integration-test/target/surefire/surefirebooter3129529737467554835.jar /workdir/hadoop-ozone/integration-test/target/surefire 2019-08-22T09-05-11_403-jvmRun1 surefire6579409647319233438tmp surefire_183937790645401436626tmp"/>
    <property name="test" value="!TestMiniChaosOzoneCluster"/>
    <property name="surefire.test.class.path" value="/workdir/hadoop-ozone/integration-test/target/test-classes:/workdir/hadoop-ozone/integration-test/target/classes:/home/user/.m2/repository/org/apache/hadoop/hadoop-ozone-common/0.5.0-SNAPSHOT/hadoop-ozone-common-0.5.0-SNAPSHOT.jar:/home/user/.m2/repository/org/apache/commons/commons-compress/1.4.1/commons-compress-1.4.1.jar:/home/user/.m2/repository/org/tukaani/xz/1.0/xz-1.0.jar:/home/user/.m2/repository/org/apache/hadoop/hadoop-common/3.2.0/hadoop-common-3.2.0.jar:/home/user/.m2/repository/org/apache/hadoop/hadoop-hdfs/3.2.0/hadoop-hdfs-3.2.0.jar:/home/user/.m2/repository/org/apache/hadoop/hadoop-hdfs-client/3.2.0/hadoop-hdfs-client-3.2.0.jar:/home/user/.m2/repository/com/fasterxml/jackson/core/jackson-annotations/2.9.5/jackson-annotations-2.9.5.jar:/home/user/.m2/repository/org/apache/hadoop/hadoop-hdds-common/0.5.0-SNAPSHOT/hadoop-hdds-common-0.5.0-SNAPSHOT.jar:/home/user/.m2/repository/javax/annotation/javax.annotation-api/1.2/javax.annotation-api-1.2.jar:/home/user/.m2/repository/org/apache/ratis/ratis-server/0.4.0-2337318-SNAPSHOT/ratis-server-0.4.0-2337318-SNAPSHOT.jar:/home/user/.m2/repository/org/apache/ratis/ratis-thirdparty-misc/0.2.0/ratis-thirdparty-misc-0.2.0.jar:/home/user/.m2/repository/org/apache/ratis/ratis-proto/0.4.0-2337318-SNAPSHOT/ratis-proto-0.4.0-2337318-SNAPSHOT.jar:/home/user/.m2/repository/org/apache/ratis/ratis-common/0.4.0-2337318-SNAPSHOT/ratis-common-0.4.0-2337318-SNAPSHOT.jar:/home/user/.m2/repository/org/apache/ratis/ratis-client/0.4.0-2337318-SNAPSHOT/ratis-client-0.4.0-2337318-SNAPSHOT.jar:/home/user/.m2/repository/org/apache/ratis/ratis-metrics/0.4.0-2337318-SNAPSHOT/ratis-metrics-0.4.0-2337318-SNAPSHOT.jar:/home/user/.m2/repository/org/apache/ratis/ratis-netty/0.4.0-2337318-SNAPSHOT/ratis-netty-0.4.0-2337318-SNAPSHOT.jar:/home/user/.m2/repository/org/apache/ratis/ratis-grpc/0.4.0-2337318-SNAPSHOT/ratis-grpc-0.4.0-2337318-SNAPSHOT.jar:/home/user/.m2/repository/org/rocksdb/rocksdbjni/6.0.1/rocksdbjni-6.0.1.jar:/home/user/.m2/repository/org/apache/logging/log4j/log4j-api/2.11.0/log4j-api-2.11.0.jar:/home/user/.m2/repository/org/apache/logging/log4j/log4j-core/2.11.0/log4j-core-2.11.0.jar:/home/user/.m2/repository/com/lmax/disruptor/3.4.2/disruptor-3.4.2.jar:/home/user/.m2/repository/org/apache/commons/commons-pool2/2.6.0/commons-pool2-2.6.0.jar:/home/user/.m2/repository/org/bouncycastle/bcpkix-jdk15on/1.60/bcpkix-jdk15on-1.60.jar:/home/user/.m2/repository/commons-validator/commons-validator/1.6/commons-validator-1.6.jar:/home/user/.m2/repository/commons-digester/commons-digester/1.8.1/commons-digester-1.8.1.jar:/home/user/.m2/repository/io/jaegertracing/jaeger-client/0.33.1/jaeger-client-0.33.1.jar:/home/user/.m2/repository/io/jaegertracing/jaeger-thrift/0.33.1/jaeger-thrift-0.33.1.jar:/home/user/.m2/repository/org/apache/thrift/libthrift/0.11.0/libthrift-0.11.0.jar:/home/user/.m2/repository/com/squareup/okhttp3/okhttp/3.9.0/okhttp-3.9.0.jar:/home/user/.m2/repository/com/squareup/okio/okio/1.13.0/okio-1.13.0.jar:/home/user/.m2/repository/io/jaegertracing/jaeger-core/0.33.1/jaeger-core-0.33.1.jar:/home/user/.m2/repository/io/jaegertracing/jaeger-tracerresolver/0.33.1/jaeger-tracerresolver-0.33.1.jar:/home/user/.m2/repository/io/opentracing/contrib/opentracing-tracerresolver/0.1.5/opentracing-tracerresolver-0.1.5.jar:/home/user/.m2/repository/io/opentracing/opentracing-util/0.31.0/opentracing-util-0.31.0.jar:/home/user/.m2/repository/io/opentracing/opentracing-api/0.31.0/opentracing-api-0.31.0.jar:/home/user/.m2/repository/io/opentracing/opentracing-noop/0.31.0/opentracing-noop-0.31.0.jar:/home/user/.m2/repository/org/apache/hadoop/hadoop-hdds-server-framework/0.5.0-SNAPSHOT/hadoop-hdds-server-framework-0.5.0-SNAPSHOT.jar:/home/user/.m2/repository/org/apache/hadoop/hadoop-hdds-container-service/0.5.0-SNAPSHOT/hadoop-hdds-container-service-0.5.0-SNAPSHOT.jar:/home/user/.m2/repository/org/apache/hadoop/hadoop-hdds-client/0.5.0-SNAPSHOT/hadoop-hdds-client-0.5.0-SNAPSHOT.jar:/home/user/.m2/repository/org/apache/hadoop/hadoop-hdds-tools/0.5.0-SNAPSHOT/hadoop-hdds-tools-0.5.0-SNAPSHOT.jar:/home/user/.m2/repository/org/apache/hadoop/hadoop-hdds-server-scm/0.5.0-SNAPSHOT/hadoop-hdds-server-scm-0.5.0-SNAPSHOT.jar:/home/user/.m2/repository/org/apache/hadoop/hadoop-hdds-docs/0.5.0-SNAPSHOT/hadoop-hdds-docs-0.5.0-SNAPSHOT.jar:/home/user/.m2/repository/io/dropwizard/metrics/metrics-core/3.2.4/metrics-core-3.2.4.jar:/home/user/.m2/repository/org/hamcrest/hamcrest-all/1.3/hamcrest-all-1.3.jar:/home/user/.m2/repository/org/bouncycastle/bcprov-jdk15on/1.60/bcprov-jdk15on-1.60.jar:/home/user/.m2/repository/info/picocli/picocli/3.9.6/picocli-3.9.6.jar:/home/user/.m2/repository/com/google/protobuf/protobuf-java/2.5.0/protobuf-java-2.5.0.jar:/home/user/.m2/repository/com/google/guava/guava/11.0.2/guava-11.0.2.jar:/home/user/.m2/repository/org/apache/hadoop/hadoop-ozone-ozone-manager/0.5.0-SNAPSHOT/hadoop-ozone-ozone-manager-0.5.0-SNAPSHOT.jar:/home/user/.m2/repository/org/apache/hadoop/hadoop-minikdc/3.2.0/hadoop-minikdc-3.2.0.jar:/home/user/.m2/repository/commons-io/commons-io/2.5/commons-io-2.5.jar:/home/user/.m2/repository/org/apache/kerby/kerb-simplekdc/1.0.1/kerb-simplekdc-1.0.1.jar:/home/user/.m2/repository/org/apache/kerby/kerb-client/1.0.1/kerb-client-1.0.1.jar:/home/user/.m2/repository/org/apache/kerby/kerby-config/1.0.1/kerby-config-1.0.1.jar:/home/user/.m2/repository/org/apache/kerby/kerb-core/1.0.1/kerb-core-1.0.1.jar:/home/user/.m2/repository/org/apache/kerby/kerby-pkix/1.0.1/kerby-pkix-1.0.1.jar:/home/user/.m2/repository/org/apache/kerby/kerby-asn1/1.0.1/kerby-asn1-1.0.1.jar:/home/user/.m2/repository/org/apache/kerby/kerby-util/1.0.1/kerby-util-1.0.1.jar:/home/user/.m2/repository/org/apache/kerby/kerb-common/1.0.1/kerb-common-1.0.1.jar:/home/user/.m2/repository/org/apache/kerby/kerb-crypto/1.0.1/kerb-crypto-1.0.1.jar:/home/user/.m2/repository/org/apache/kerby/kerb-util/1.0.1/kerb-util-1.0.1.jar:/home/user/.m2/repository/org/apache/kerby/token-provider/1.0.1/token-provider-1.0.1.jar:/home/user/.m2/repository/org/apache/kerby/kerb-admin/1.0.1/kerb-admin-1.0.1.jar:/home/user/.m2/repository/org/apache/kerby/kerb-server/1.0.1/kerb-server-1.0.1.jar:/home/user/.m2/repository/org/apache/kerby/kerb-identity/1.0.1/kerb-identity-1.0.1.jar:/home/user/.m2/repository/org/apache/kerby/kerby-xdr/1.0.1/kerby-xdr-1.0.1.jar:/home/user/.m2/repository/org/slf4j/slf4j-log4j12/1.7.25/slf4j-log4j12-1.7.25.jar:/home/user/.m2/repository/org/apache/hadoop/hadoop-ozone-objectstore-service/0.5.0-SNAPSHOT/hadoop-ozone-objectstore-service-0.5.0-SNAPSHOT.jar:/home/user/.m2/repository/org/apache/hadoop/hadoop-ozone-s3gateway/0.5.0-SNAPSHOT/hadoop-ozone-s3gateway-0.5.0-SNAPSHOT.jar:/home/user/.m2/repository/org/jboss/weld/servlet/weld-servlet/2.4.7.Final/weld-servlet-2.4.7.Final.jar:/home/user/.m2/repository/org/glassfish/jersey/containers/jersey-container-servlet-core/2.27/jersey-container-servlet-core-2.27.jar:/home/user/.m2/repository/org/glassfish/hk2/external/javax.inject/2.5.0-b42/javax.inject-2.5.0-b42.jar:/home/user/.m2/repository/org/glassfish/jersey/core/jersey-common/2.27/jersey-common-2.27.jar:/home/user/.m2/repository/org/glassfish/hk2/osgi-resource-locator/1.0.1/osgi-resource-locator-1.0.1.jar:/home/user/.m2/repository/javax/ws/rs/javax.ws.rs-api/2.1/javax.ws.rs-api-2.1.jar:/home/user/.m2/repository/org/glassfish/jersey/ext/cdi/jersey-cdi1x/2.27/jersey-cdi1x-2.27.jar:/home/user/.m2/repository/org/glassfish/jersey/inject/jersey-hk2/2.27/jersey-hk2-2.27.jar:/home/user/.m2/repository/org/glassfish/hk2/hk2-locator/2.5.0-b42/hk2-locator-2.5.0-b42.jar:/home/user/.m2/repository/org/javassist/javassist/3.22.0-CR2/javassist-3.22.0-CR2.jar:/home/user/.m2/repository/org/glassfish/hk2/hk2-api/2.5.0/hk2-api-2.5.0.jar:/home/user/.m2/repository/org/glassfish/hk2/external/jakarta.inject/2.5.0/jakarta.inject-2.5.0.jar:/home/user/.m2/repository/org/glassfish/hk2/hk2-utils/2.5.0/hk2-utils-2.5.0.jar:/home/user/.m2/repository/jakarta/annotation/jakarta.annotation-api/1.3.4/jakarta.annotation-api-1.3.4.jar:/home/user/.m2/repository/org/glassfish/hk2/external/aopalliance-repackaged/2.5.0/aopalliance-repackaged-2.5.0.jar:/home/user/.m2/repository/com/fasterxml/jackson/dataformat/jackson-dataformat-xml/2.9.0/jackson-dataformat-xml-2.9.0.jar:/home/user/.m2/repository/com/fasterxml/jackson/core/jackson-core/2.9.5/jackson-core-2.9.5.jar:/home/user/.m2/repository/com/fasterxml/jackson/module/jackson-module-jaxb-annotations/2.9.5/jackson-module-jaxb-annotations-2.9.5.jar:/home/user/.m2/repository/javax/enterprise/cdi-api/1.2/cdi-api-1.2.jar:/home/user/.m2/repository/javax/el/javax.el-api/3.0.0/javax.el-api-3.0.0.jar:/home/user/.m2/repository/javax/interceptor/javax.interceptor-api/1.2/javax.interceptor-api-1.2.jar:/home/user/.m2/repository/javax/inject/javax.inject/1/javax.inject-1.jar:/home/user/.m2/repository/com/sun/xml/bind/jaxb-impl/2.3.0.1/jaxb-impl-2.3.0.1.jar:/home/user/.m2/repository/com/sun/xml/bind/jaxb-core/2.3.0.1/jaxb-core-2.3.0.1.jar:/home/user/.m2/repository/javax/xml/bind/jaxb-api/2.3.0/jaxb-api-2.3.0.jar:/home/user/.m2/repository/javax/activation/activation/1.1.1/activation-1.1.1.jar:/home/user/.m2/repository/org/apache/hadoop/hadoop-ozone-csi/0.5.0-SNAPSHOT/hadoop-ozone-csi-0.5.0-SNAPSHOT.jar:/home/user/.m2/repository/com/google/protobuf/protobuf-java-util/3.5.1/protobuf-java-util-3.5.1.jar:/home/user/.m2/repository/org/apache/hadoop/hadoop-hdds-config/0.5.0-SNAPSHOT/hadoop-hdds-config-0.5.0-SNAPSHOT.jar:/home/user/.m2/repository/io/grpc/grpc-netty/1.17.1/grpc-netty-1.17.1.jar:/home/user/.m2/repository/io/grpc/grpc-core/1.17.1/grpc-core-1.17.1.jar:/home/user/.m2/repository/io/grpc/grpc-context/1.17.1/grpc-context-1.17.1.jar:/home/user/.m2/repository/com/google/errorprone/error_prone_annotations/2.2.0/error_prone_annotations-2.2.0.jar:/home/user/.m2/repository/org/codehaus/mojo/animal-sniffer-annotations/1.17/animal-sniffer-annotations-1.17.jar:/home/user/.m2/repository/io/opencensus/opencensus-api/0.17.0/opencensus-api-0.17.0.jar:/home/user/.m2/repository/io/opencensus/opencensus-contrib-grpc-metrics/0.17.0/opencensus-contrib-grpc-metrics-0.17.0.jar:/home/user/.m2/repository/io/netty/netty-codec-http2/4.1.30.Final/netty-codec-http2-4.1.30.Final.jar:/home/user/.m2/repository/io/netty/netty-codec-http/4.1.30.Final/netty-codec-http-4.1.30.Final.jar:/home/user/.m2/repository/io/netty/netty-codec/4.1.30.Final/netty-codec-4.1.30.Final.jar:/home/user/.m2/repository/io/netty/netty-handler/4.1.30.Final/netty-handler-4.1.30.Final.jar:/home/user/.m2/repository/io/netty/netty-handler-proxy/4.1.30.Final/netty-handler-proxy-4.1.30.Final.jar:/home/user/.m2/repository/io/netty/netty-codec-socks/4.1.30.Final/netty-codec-socks-4.1.30.Final.jar:/home/user/.m2/repository/io/netty/netty-transport-native-epoll/4.1.30.Final/netty-transport-native-epoll-4.1.30.Final.jar:/home/user/.m2/repository/io/netty/netty-common/4.1.30.Final/netty-common-4.1.30.Final.jar:/home/user/.m2/repository/io/netty/netty-buffer/4.1.30.Final/netty-buffer-4.1.30.Final.jar:/home/user/.m2/repository/io/netty/netty-transport/4.1.30.Final/netty-transport-4.1.30.Final.jar:/home/user/.m2/repository/io/netty/netty-resolver/4.1.30.Final/netty-resolver-4.1.30.Final.jar:/home/user/.m2/repository/io/netty/netty-transport-native-unix-common/4.1.30.Final/netty-transport-native-unix-common-4.1.30.Final.jar:/home/user/.m2/repository/io/grpc/grpc-protobuf/1.17.1/grpc-protobuf-1.17.1.jar:/home/user/.m2/repository/com/google/api/grpc/proto-google-common-protos/1.0.0/proto-google-common-protos-1.0.0.jar:/home/user/.m2/repository/io/grpc/grpc-protobuf-lite/1.17.1/grpc-protobuf-lite-1.17.1.jar:/home/user/.m2/repository/io/grpc/grpc-stub/1.17.1/grpc-stub-1.17.1.jar:/home/user/.m2/repository/org/apache/hadoop/hadoop-ozone-recon/0.5.0-SNAPSHOT/hadoop-ozone-recon-0.5.0-SNAPSHOT.jar:/home/user/.m2/repository/org/apache/hadoop/hadoop-ozone-reconcodegen/0.5.0-SNAPSHOT/hadoop-ozone-reconcodegen-0.5.0-SNAPSHOT.jar:/home/user/.m2/repository/com/google/inject/extensions/guice-multibindings/4.0/guice-multibindings-4.0.jar:/home/user/.m2/repository/com/google/inject/guice/4.0/guice-4.0.jar:/home/user/.m2/repository/aopalliance/aopalliance/1.0/aopalliance-1.0.jar:/home/user/.m2/repository/com/google/inject/extensions/guice-servlet/4.0/guice-servlet-4.0.jar:/home/user/.m2/repository/org/glassfish/jersey/containers/jersey-container-servlet/2.27/jersey-container-servlet-2.27.jar:/home/user/.m2/repository/org/glassfish/hk2/guice-bridge/2.5.0/guice-bridge-2.5.0.jar:/home/user/.m2/repository/org/glassfish/jersey/core/jersey-server/2.27/jersey-server-2.27.jar:/home/user/.m2/repository/org/glassfish/jersey/core/jersey-client/2.27/jersey-client-2.27.jar:/home/user/.m2/repository/org/glassfish/jersey/media/jersey-media-jaxb/2.27/jersey-media-jaxb-2.27.jar:/home/user/.m2/repository/javax/validation/validation-api/1.1.0.Final/validation-api-1.1.0.Final.jar:/home/user/.m2/repository/org/glassfish/jersey/media/jersey-media-json-jackson/2.27/jersey-media-json-jackson-2.27.jar:/home/user/.m2/repository/org/glassfish/jersey/ext/jersey-entity-filtering/2.27/jersey-entity-filtering-2.27.jar:/home/user/.m2/repository/com/google/inject/extensions/guice-assistedinject/4.0/guice-assistedinject-4.0.jar:/home/user/.m2/repository/org/jooq/jooq/3.11.10/jooq-3.11.10.jar:/home/user/.m2/repository/org/jooq/jooq-meta/3.11.10/jooq-meta-3.11.10.jar:/home/user/.m2/repository/org/jooq/jooq-codegen/3.11.10/jooq-codegen-3.11.10.jar:/home/user/.m2/repository/com/jolbox/bonecp/0.8.0.RELEASE/bonecp-0.8.0.RELEASE.jar:/home/user/.m2/repository/org/xerial/sqlite-jdbc/3.25.2/sqlite-jdbc-3.25.2.jar:/home/user/.m2/repository/org/springframework/spring-jdbc/5.1.3.RELEASE/spring-jdbc-5.1.3.RELEASE.jar:/home/user/.m2/repository/org/springframework/spring-beans/5.1.3.RELEASE/spring-beans-5.1.3.RELEASE.jar:/home/user/.m2/repository/org/springframework/spring-core/5.1.3.RELEASE/spring-core-5.1.3.RELEASE.jar:/home/user/.m2/repository/org/springframework/spring-jcl/5.1.3.RELEASE/spring-jcl-5.1.3.RELEASE.jar:/home/user/.m2/repository/org/springframework/spring-tx/5.1.3.RELEASE/spring-tx-5.1.3.RELEASE.jar:/home/user/.m2/repository/org/apache/hadoop/hadoop-ozone-client/0.5.0-SNAPSHOT/hadoop-ozone-client-0.5.0-SNAPSHOT.jar:/home/user/.m2/repository/commons-lang/commons-lang/2.6/commons-lang-2.6.jar:/home/user/.m2/repository/org/apache/hadoop/hadoop-ozone-ozone-manager/0.5.0-SNAPSHOT/hadoop-ozone-ozone-manager-0.5.0-SNAPSHOT-tests.jar:/home/user/.m2/repository/junit/junit/4.11/junit-4.11.jar:/home/user/.m2/repository/org/hamcrest/hamcrest-core/1.3/hamcrest-core-1.3.jar:/home/user/.m2/repository/org/openjdk/jmh/jmh-core/1.19/jmh-core-1.19.jar:/home/user/.m2/repository/net/sf/jopt-simple/jopt-simple/4.6/jopt-simple-4.6.jar:/home/user/.m2/repository/org/apache/commons/commons-math3/3.1.1/commons-math3-3.1.1.jar:/home/user/.m2/repository/org/openjdk/jmh/jmh-generator-annprocess/1.19/jmh-generator-annprocess-1.19.jar:/home/user/.m2/repository/org/mockito/mockito-all/1.8.5/mockito-all-1.8.5.jar:/home/user/.m2/repository/org/apache/hadoop/hadoop-kms/3.2.0/hadoop-kms-3.2.0.jar:/home/user/.m2/repository/org/apache/hadoop/hadoop-auth/3.2.0/hadoop-auth-3.2.0.jar:/home/user/.m2/repository/com/nimbusds/nimbus-jose-jwt/4.41.1/nimbus-jose-jwt-4.41.1.jar:/home/user/.m2/repository/com/github/stephenc/jcip/jcip-annotations/1.0-1/jcip-annotations-1.0-1.jar:/home/user/.m2/repository/net/minidev/json-smart/2.3/json-smart-2.3.jar:/home/user/.m2/repository/net/minidev/accessors-smart/1.2/accessors-smart-1.2.jar:/home/user/.m2/repository/org/ow2/asm/asm/5.0.4/asm-5.0.4.jar:/home/user/.m2/repository/org/apache/curator/curator-framework/2.12.0/curator-framework-2.12.0.jar:/home/user/.m2/repository/com/sun/jersey/jersey-core/1.19/jersey-core-1.19.jar:/home/user/.m2/repository/javax/ws/rs/jsr311-api/1.1.1/jsr311-api-1.1.1.jar:/home/user/.m2/repository/com/sun/jersey/jersey-server/1.19/jersey-server-1.19.jar:/home/user/.m2/repository/javax/servlet/javax.servlet-api/3.1.0/javax.servlet-api-3.1.0.jar:/home/user/.m2/repository/org/eclipse/jetty/jetty-server/9.3.24.v20180605/jetty-server-9.3.24.v20180605.jar:/home/user/.m2/repository/org/eclipse/jetty/jetty-http/9.3.24.v20180605/jetty-http-9.3.24.v20180605.jar:/home/user/.m2/repository/org/eclipse/jetty/jetty-io/9.3.24.v20180605/jetty-io-9.3.24.v20180605.jar:/home/user/.m2/repository/org/eclipse/jetty/jetty-webapp/9.3.24.v20180605/jetty-webapp-9.3.24.v20180605.jar:/home/user/.m2/repository/org/eclipse/jetty/jetty-xml/9.3.24.v20180605/jetty-xml-9.3.24.v20180605.jar:/home/user/.m2/repository/log4j/log4j/1.2.17/log4j-1.2.17.jar:/home/user/.m2/repository/org/slf4j/slf4j-api/1.7.25/slf4j-api-1.7.25.jar:/home/user/.m2/repository/org/slf4j/jul-to-slf4j/1.7.25/jul-to-slf4j-1.7.25.jar:/home/user/.m2/repository/org/eclipse/jetty/jetty-util/9.3.24.v20180605/jetty-util-9.3.24.v20180605.jar:/home/user/.m2/repository/com/fasterxml/jackson/core/jackson-databind/2.9.5/jackson-databind-2.9.5.jar:/home/user/.m2/repository/org/apache/hadoop/hadoop-kms/3.2.0/hadoop-kms-3.2.0-tests.jar:/home/user/.m2/repository/org/apache/hadoop/hadoop-hdds-server-scm/0.5.0-SNAPSHOT/hadoop-hdds-server-scm-0.5.0-SNAPSHOT-tests.jar:/home/user/.m2/repository/org/apache/hadoop/hadoop-hdds-container-service/0.5.0-SNAPSHOT/hadoop-hdds-container-service-0.5.0-SNAPSHOT-tests.jar:/home/user/.m2/repository/org/yaml/snakeyaml/1.16/snakeyaml-1.16.jar:/home/user/.m2/repository/org/apache/hadoop/hadoop-common/3.2.0/hadoop-common-3.2.0-tests.jar:/home/user/.m2/repository/org/apache/hadoop/hadoop-annotations/3.2.0/hadoop-annotations-3.2.0.jar:/usr/lib/jvm/java-1.8-openjdk/jre/../lib/tools.jar:/home/user/.m2/repository/commons-cli/commons-cli/1.2/commons-cli-1.2.jar:/home/user/.m2/repository/org/apache/httpcomponents/httpclient/4.5.2/httpclient-4.5.2.jar:/home/user/.m2/repository/org/apache/httpcomponents/httpcore/4.4.4/httpcore-4.4.4.jar:/home/user/.m2/repository/commons-codec/commons-codec/1.11/commons-codec-1.11.jar:/home/user/.m2/repository/commons-net/commons-net/3.6/commons-net-3.6.jar:/home/user/.m2/repository/commons-collections/commons-collections/3.2.2/commons-collections-3.2.2.jar:/home/user/.m2/repository/org/eclipse/jetty/jetty-servlet/9.3.24.v20180605/jetty-servlet-9.3.24.v20180605.jar:/home/user/.m2/repository/org/eclipse/jetty/jetty-security/9.3.24.v20180605/jetty-security-9.3.24.v20180605.jar:/home/user/.m2/repository/javax/servlet/jsp/jsp-api/2.1/jsp-api-2.1.jar:/home/user/.m2/repository/com/sun/jersey/jersey-servlet/1.19/jersey-servlet-1.19.jar:/home/user/.m2/repository/com/sun/jersey/jersey-json/1.19/jersey-json-1.19.jar:/home/user/.m2/repository/org/codehaus/jettison/jettison/1.1/jettison-1.1.jar:/home/user/.m2/repository/org/codehaus/jackson/jackson-core-asl/1.9.13/jackson-core-asl-1.9.13.jar:/home/user/.m2/repository/org/codehaus/jackson/jackson-mapper-asl/1.9.13/jackson-mapper-asl-1.9.13.jar:/home/user/.m2/repository/org/codehaus/jackson/jackson-jaxrs/1.9.13/jackson-jaxrs-1.9.13.jar:/home/user/.m2/repository/org/codehaus/jackson/jackson-xc/1.9.13/jackson-xc-1.9.13.jar:/home/user/.m2/repository/commons-logging/commons-logging/1.1.3/commons-logging-1.1.3.jar:/home/user/.m2/repository/commons-beanutils/commons-beanutils/1.9.3/commons-beanutils-1.9.3.jar:/home/user/.m2/repository/org/apache/commons/commons-configuration2/2.1.1/commons-configuration2-2.1.1.jar:/home/user/.m2/repository/org/apache/commons/commons-lang3/3.7/commons-lang3-3.7.jar:/home/user/.m2/repository/org/apache/commons/commons-text/1.4/commons-text-1.4.jar:/home/user/.m2/repository/org/apache/avro/avro/1.7.7/avro-1.7.7.jar:/home/user/.m2/repository/com/thoughtworks/paranamer/paranamer/2.3/paranamer-2.3.jar:/home/user/.m2/repository/org/xerial/snappy/snappy-java/1.0.5/snappy-java-1.0.5.jar:/home/user/.m2/repository/com/google/re2j/re2j/1.1/re2j-1.1.jar:/home/user/.m2/repository/com/google/code/gson/gson/2.2.4/gson-2.2.4.jar:/home/user/.m2/repository/com/jcraft/jsch/0.1.54/jsch-0.1.54.jar:/home/user/.m2/repository/org/apache/curator/curator-client/2.12.0/curator-client-2.12.0.jar:/home/user/.m2/repository/org/apache/curator/curator-recipes/2.12.0/curator-recipes-2.12.0.jar:/home/user/.m2/repository/com/google/code/findbugs/jsr305/3.0.0/jsr305-3.0.0.jar:/home/user/.m2/repository/org/apache/htrace/htrace-core4/4.1.0-incubating/htrace-core4-4.1.0-incubating.jar:/home/user/.m2/repository/org/apache/zookeeper/zookeeper/3.4.13/zookeeper-3.4.13.jar:/home/user/.m2/repository/org/apache/yetus/audience-annotations/0.5.0/audience-annotations-0.5.0.jar:/home/user/.m2/repository/org/codehaus/woodstox/stax2-api/3.1.4/stax2-api-3.1.4.jar:/home/user/.m2/repository/com/fasterxml/woodstox/woodstox-core/5.0.3/woodstox-core-5.0.3.jar:/home/user/.m2/repository/dnsjava/dnsjava/2.1.7/dnsjava-2.1.7.jar:/home/user/.m2/repository/org/apache/hadoop/hadoop-hdfs/3.2.0/hadoop-hdfs-3.2.0-tests.jar:/home/user/.m2/repository/org/eclipse/jetty/jetty-util-ajax/9.3.24.v20180605/jetty-util-ajax-9.3.24.v20180605.jar:/home/user/.m2/repository/commons-daemon/commons-daemon/1.0.13/commons-daemon-1.0.13.jar:/home/user/.m2/repository/io/netty/netty/3.10.5.Final/netty-3.10.5.Final.jar:/home/user/.m2/repository/io/netty/netty-all/4.0.52.Final/netty-all-4.0.52.Final.jar:/home/user/.m2/repository/org/fusesource/leveldbjni/leveldbjni-all/1.8/leveldbjni-all-1.8.jar:"/>
    <property name="sun.cpu.endian" value="little"/>
    <property name="user.home" value="/home/user"/>
    <property name="user.language" value="en"/>
    <property name="java.specification.vendor" value="Oracle Corporation"/>
    <property name="java.home" value="/usr/lib/jvm/java-1.8-openjdk/jre"/>
    <property name="java.security.krb5.conf" value="/workdir/hadoop-ozone/integration-test/target/test-classes/krb5.conf"/>
    <property name="basedir" value="/workdir/hadoop-ozone/integration-test"/>
    <property name="file.separator" value="/"/>
    <property name="line.separator" value="&#10;"/>
    <property name="java.vm.specification.vendor" value="Oracle Corporation"/>
    <property name="java.specification.name" value="Java Platform API Specification"/>
    <property name="java.awt.graphicsenv" value="sun.awt.X11GraphicsEnvironment"/>
    <property name="surefire.real.class.path" value="/workdir/hadoop-ozone/integration-test/target/surefire/surefirebooter3129529737467554835.jar"/>
    <property name="hadoop.log.dir" value="/workdir/hadoop-ozone/integration-test/target/log"/>
    <property name="sun.boot.class.path" value="/usr/lib/jvm/java-1.8-openjdk/jre/lib/resources.jar:/usr/lib/jvm/java-1.8-openjdk/jre/lib/rt.jar:/usr/lib/jvm/java-1.8-openjdk/jre/lib/sunrsasign.jar:/usr/lib/jvm/java-1.8-openjdk/jre/lib/jsse.jar:/usr/lib/jvm/java-1.8-openjdk/jre/lib/jce.jar:/usr/lib/jvm/java-1.8-openjdk/jre/lib/charsets.jar:/usr/lib/jvm/java-1.8-openjdk/jre/lib/jfr.jar:/usr/lib/jvm/java-1.8-openjdk/jre/classes"/>
    <property name="sun.management.compiler" value="HotSpot 64-Bit Tiered Compilers"/>
    <property name="java.runtime.version" value="1.8.0_212-b04"/>
    <property name="java.net.preferIPv4Stack" value="true"/>
    <property name="user.name" value="jenkins1000"/>
    <property name="path.separator" value=":"/>
    <property name="java.security.egd" value="file:///dev/urandom"/>
    <property name="os.version" value="3.10.0-957.12.2.el7.x86_64"/>
    <property name="java.endorsed.dirs" value="/usr/lib/jvm/java-1.8-openjdk/jre/lib/endorsed"/>
    <property name="java.runtime.name" value="OpenJDK Runtime Environment"/>
    <property name="file.encoding" value="UTF-8"/>
    <property name="java.vm.name" value="OpenJDK 64-Bit Server VM"/>
    <property name="test.build.webapps" value=""/>
    <property name="localRepository" value="/home/user/.m2/repository"/>
    <property name="java.vendor.url.bug" value="https://icedtea.classpath.org/bugzilla"/>
    <property name="java.io.tmpdir" value="/tmp"/>
    <property name="require.test.libhadoop" value=""/>
    <property name="java.version" value="1.8.0_212"/>
    <property name="user.dir" value="/workdir/hadoop-ozone/integration-test"/>
    <property name="os.arch" value="amd64"/>
    <property name="java.vm.specification.name" value="Java Virtual Machine Specification"/>
    <property name="test.build.classes" value="/workdir/hadoop-ozone/integration-test/target/test-classes"/>
    <property name="java.awt.printerjob" value="sun.print.PSPrinterJob"/>
    <property name="sun.os.patch.level" value="unknown"/>
    <property name="hadoop.tmp.dir" value="/workdir/hadoop-ozone/integration-test/target/tmp"/>
    <property name="java.library.path" value="/usr/lib/jvm/java-1.8-openjdk/jre/lib/amd64/server:/usr/lib/jvm/java-1.8-openjdk/jre/lib/amd64:/usr/lib/jvm/java-1.8-openjdk/jre/../lib/amd64:/workdir/hadoop-ozone/integration-test/target/native/target/usr/local/lib:/workdir/hadoop-ozone/integration-test/../../hadoop-common-project/hadoop-common/target/native/target/usr/local/lib:/usr/java/packages/lib/amd64:/usr/lib64:/lib64:/lib:/usr/lib"/>
    <property name="java.vm.info" value="mixed mode"/>
    <property name="java.vendor" value="IcedTea"/>
    <property name="java.vm.version" value="25.212-b04"/>
    <property name="java.ext.dirs" value="/usr/lib/jvm/java-1.8-openjdk/jre/lib/ext:/usr/java/packages/lib/ext"/>
    <property name="sun.io.unicode.encoding" value="UnicodeLittle"/>
    <property name="java.class.version" value="52.0"/>
  </properties>
  <testcase name="testWatchForCommitWithKeyWrite" classname="org.apache.hadoop.ozone.client.rpc.TestWatchForCommit" time="83.536"/>
  <testcase name="testWatchForCommitWithSmallerTimeoutValue" classname="org.apache.hadoop.ozone.client.rpc.TestWatchForCommit" time="49.101"/>
  <testcase name="testWatchForCommitForRetryfailure" classname="org.apache.hadoop.ozone.client.rpc.TestWatchForCommit" time="84.762"/>
  <testcase name="testWatchForCommitForGroupMismatchException" classname="org.apache.hadoop.ozone.client.rpc.TestWatchForCommit" time="41.799"/>
  <testcase name="test2WayCommitForTimeoutException" classname="org.apache.hadoop.ozone.client.rpc.TestWatchForCommit" time="31.778">
    <error message="org.apache.ratis.protocol.RaftRetryFailureException: Failed RaftClientRequest:client-616E12732757-&gt;7e3ed9e5-7ea8-4d90-923a-b1baa67973a8@group-46B1F343BA37, cid=104, seq=2*, RW, org.apache.hadoop.hdds.scm.XceiverClientRatis$$Lambda$350/1239710170@5eafa52d for 20 attempts with RetryLimited(maxAttempts=20, sleepTime=1000ms)" type="java.util.concurrent.ExecutionException">java.util.concurrent.ExecutionException: org.apache.ratis.protocol.RaftRetryFailureException: Failed RaftClientRequest:client-616E12732757->7e3ed9e5-7ea8-4d90-923a-b1baa67973a8@group-46B1F343BA37, cid=104, seq=2*, RW, org.apache.hadoop.hdds.scm.XceiverClientRatis$$Lambda$350/1239710170@5eafa52d for 20 attempts with RetryLimited(maxAttempts=20, sleepTime=1000ms)
	at java.util.concurrent.CompletableFuture.reportGet(CompletableFuture.java:357)
	at java.util.concurrent.CompletableFuture.get(CompletableFuture.java:1895)
	at org.apache.hadoop.ozone.client.rpc.TestWatchForCommit.test2WayCommitForTimeoutException(TestWatchForCommit.java:390)
	at sun.reflect.NativeMethodAccessorImpl.invoke0(Native Method)
	at sun.reflect.NativeMethodAccessorImpl.invoke(NativeMethodAccessorImpl.java:62)
	at sun.reflect.DelegatingMethodAccessorImpl.invoke(DelegatingMethodAccessorImpl.java:43)
	at java.lang.reflect.Method.invoke(Method.java:498)
	at org.junit.runners.model.FrameworkMethod$1.runReflectiveCall(FrameworkMethod.java:47)
	at org.junit.internal.runners.model.ReflectiveCallable.run(ReflectiveCallable.java:12)
	at org.junit.runners.model.FrameworkMethod.invokeExplosively(FrameworkMethod.java:44)
	at org.junit.internal.runners.statements.InvokeMethod.evaluate(InvokeMethod.java:17)
	at org.junit.runners.ParentRunner.runLeaf(ParentRunner.java:271)
	at org.junit.runners.BlockJUnit4ClassRunner.runChild(BlockJUnit4ClassRunner.java:70)
	at org.junit.runners.BlockJUnit4ClassRunner.runChild(BlockJUnit4ClassRunner.java:50)
	at org.junit.runners.ParentRunner$3.run(ParentRunner.java:238)
	at org.junit.runners.ParentRunner$1.schedule(ParentRunner.java:63)
	at org.junit.runners.ParentRunner.runChildren(ParentRunner.java:236)
	at org.junit.runners.ParentRunner.access$000(ParentRunner.java:53)
	at org.junit.runners.ParentRunner$2.evaluate(ParentRunner.java:229)
	at org.junit.runners.ParentRunner.run(ParentRunner.java:309)
	at org.apache.maven.surefire.junit4.JUnit4Provider.execute(JUnit4Provider.java:365)
	at org.apache.maven.surefire.junit4.JUnit4Provider.executeWithRerun(JUnit4Provider.java:273)
	at org.apache.maven.surefire.junit4.JUnit4Provider.executeTestSet(JUnit4Provider.java:238)
	at org.apache.maven.surefire.junit4.JUnit4Provider.invoke(JUnit4Provider.java:159)
	at org.apache.maven.surefire.booter.ForkedBooter.invokeProviderInSameClassLoader(ForkedBooter.java:384)
	at org.apache.maven.surefire.booter.ForkedBooter.runSuitesInProcess(ForkedBooter.java:345)
	at org.apache.maven.surefire.booter.ForkedBooter.execute(ForkedBooter.java:126)
	at org.apache.maven.surefire.booter.ForkedBooter.main(ForkedBooter.java:418)
Caused by: org.apache.ratis.protocol.RaftRetryFailureException: Failed RaftClientRequest:client-616E12732757->7e3ed9e5-7ea8-4d90-923a-b1baa67973a8@group-46B1F343BA37, cid=104, seq=2*, RW, org.apache.hadoop.hdds.scm.XceiverClientRatis$$Lambda$350/1239710170@5eafa52d for 20 attempts with RetryLimited(maxAttempts=20, sleepTime=1000ms)
	at org.apache.ratis.client.impl.RaftClientImpl.noMoreRetries(RaftClientImpl.java:272)
	at org.apache.ratis.client.impl.OrderedAsync.handleAsyncRetryFailure(OrderedAsync.java:138)
	at org.apache.ratis.client.impl.OrderedAsync.lambda$sendRequest$10(OrderedAsync.java:230)
	at java.util.concurrent.CompletableFuture.uniExceptionally(CompletableFuture.java:870)
	at java.util.concurrent.CompletableFuture$UniExceptionally.tryFire(CompletableFuture.java:852)
	at java.util.concurrent.CompletableFuture.postComplete(CompletableFuture.java:474)
	at java.util.concurrent.CompletableFuture.completeExceptionally(CompletableFuture.java:1977)
	at org.apache.ratis.grpc.client.GrpcClientProtocolClient$AsyncStreamObservers.completeReplyExceptionally(GrpcClientProtocolClient.java:330)
	at org.apache.ratis.grpc.client.GrpcClientProtocolClient$AsyncStreamObservers.access$000(GrpcClientProtocolClient.java:246)
	at org.apache.ratis.grpc.client.GrpcClientProtocolClient$AsyncStreamObservers$1.onNext(GrpcClientProtocolClient.java:258)
	at org.apache.ratis.grpc.client.GrpcClientProtocolClient$AsyncStreamObservers$1.onNext(GrpcClientProtocolClient.java:249)
	at org.apache.ratis.thirdparty.io.grpc.stub.ClientCalls$StreamObserverToCallListenerAdapter.onMessage(ClientCalls.java:421)
	at org.apache.ratis.thirdparty.io.grpc.ForwardingClientCallListener.onMessage(ForwardingClientCallListener.java:33)
	at org.apache.ratis.thirdparty.io.grpc.ForwardingClientCallListener.onMessage(ForwardingClientCallListener.java:33)
	at org.apache.ratis.thirdparty.io.grpc.internal.ClientCallImpl$ClientStreamListenerImpl$1MessagesAvailable.runInContext(ClientCallImpl.java:519)
	at org.apache.ratis.thirdparty.io.grpc.internal.ContextRunnable.run(ContextRunnable.java:37)
	at org.apache.ratis.thirdparty.io.grpc.internal.SerializingExecutor.run(SerializingExecutor.java:123)
	at java.util.concurrent.ThreadPoolExecutor.runWorker(ThreadPoolExecutor.java:1149)
	at java.util.concurrent.ThreadPoolExecutor$Worker.run(ThreadPoolExecutor.java:624)
	at java.lang.Thread.run(Thread.java:748)
Caused by: org.apache.ratis.protocol.NotLeaderException: Server 7e3ed9e5-7ea8-4d90-923a-b1baa67973a8 is not the leader (null). Request must be sent to leader.
	at org.apache.ratis.client.impl.ClientProtoUtils.toRaftClientReply(ClientProtoUtils.java:242)
	at org.apache.ratis.grpc.client.GrpcClientProtocolClient$AsyncStreamObservers$1.onNext(GrpcClientProtocolClient.java:254)
	... 10 more
</error>
    <system-out><![CDATA[2019-08-22 09:35:44,579 [main] WARN  server.ServerUtils (ServerUtils.java:getScmDbDir(145)) - ozone.scm.db.dirs is not configured. We recommend adding this setting. Falling back to ozone.metadata.dirs instead.
2019-08-22 09:35:46,310 [main] WARN  server.ServerUtils (ServerUtils.java:getScmDbDir(145)) - ozone.scm.db.dirs is not configured. We recommend adding this setting. Falling back to ozone.metadata.dirs instead.
2019-08-22 09:35:46,310 [main] WARN  server.ServerUtils (ServerUtils.java:getScmDbDir(145)) - ozone.scm.db.dirs is not configured. We recommend adding this setting. Falling back to ozone.metadata.dirs instead.
2019-08-22 09:35:46,311 [main] INFO  db.DBStoreBuilder (DBStoreBuilder.java:addTable(110)) - using custom profile for table: deletedBlocks
2019-08-22 09:35:46,311 [main] INFO  db.DBStoreBuilder (DBStoreBuilder.java:processTables(161)) - Using default column profile:DBProfile.DISK for Table:deletedBlocks
2019-08-22 09:35:46,312 [main] INFO  db.DBStoreBuilder (DBStoreBuilder.java:addTable(110)) - using custom profile for table: validCerts
2019-08-22 09:35:46,312 [main] INFO  db.DBStoreBuilder (DBStoreBuilder.java:processTables(161)) - Using default column profile:DBProfile.DISK for Table:validCerts
2019-08-22 09:35:46,312 [main] INFO  db.DBStoreBuilder (DBStoreBuilder.java:addTable(110)) - using custom profile for table: revokedCerts
2019-08-22 09:35:46,313 [main] INFO  db.DBStoreBuilder (DBStoreBuilder.java:processTables(161)) - Using default column profile:DBProfile.DISK for Table:revokedCerts
2019-08-22 09:35:46,313 [main] INFO  db.DBStoreBuilder (DBStoreBuilder.java:addTable(110)) - using custom profile for table: default
2019-08-22 09:35:46,313 [main] INFO  db.DBStoreBuilder (DBStoreBuilder.java:processTables(167)) - Using default column profile:DBProfile.DISK for Table:default
2019-08-22 09:35:46,313 [main] INFO  db.DBStoreBuilder (DBStoreBuilder.java:getDbProfile(198)) - Using default options. DBProfile.DISK
2019-08-22 09:35:46,748 [main] INFO  net.NodeSchemaLoader (NodeSchemaLoader.java:loadSchemaFromFile(125)) - Loading file from sun.misc.CompoundEnumeration@7680beac
2019-08-22 09:35:46,749 [main] INFO  net.NodeSchemaLoader (NodeSchemaLoader.java:loadSchema(171)) - Loading network topology layer schema file
2019-08-22 09:35:46,755 [main] WARN  server.ServerUtils (ServerUtils.java:sanitizeUserArgs(70)) - ozone.scm.stale.node.interval value = 300000 is larger than max = 100000 based on the key value of ozone.scm.heartbeat.thread.interval, reset to the max value 100000.
2019-08-22 09:35:46,755 [main] WARN  server.ServerUtils (ServerUtils.java:sanitizeUserArgs(70)) - ozone.scm.stale.node.interval value = 300000 is larger than max = 100000 based on the key value of ozone.scm.heartbeat.thread.interval, reset to the max value 100000.
2019-08-22 09:35:46,755 [main] INFO  node.SCMNodeManager (SCMNodeManager.java:<init>(121)) - Entering startup safe mode.
2019-08-22 09:35:46,756 [main] INFO  algorithms.ContainerPlacementPolicyFactory (ContainerPlacementPolicyFactory.java:getPolicy(55)) - Create container placement policy of type org.apache.hadoop.hdds.scm.container.placement.algorithms.SCMContainerPlacementRandom
2019-08-22 09:35:46,757 [main] WARN  server.ServerUtils (ServerUtils.java:getScmDbDir(145)) - ozone.scm.db.dirs is not configured. We recommend adding this setting. Falling back to ozone.metadata.dirs instead.
2019-08-22 09:35:46,909 [main] INFO  pipeline.SCMPipelineManager (SCMPipelineManager.java:initializePipelineState(126)) - No pipeline exists in current db
2019-08-22 09:35:46,909 [main] WARN  server.ServerUtils (ServerUtils.java:getScmDbDir(145)) - ozone.scm.db.dirs is not configured. We recommend adding this setting. Falling back to ozone.metadata.dirs instead.
2019-08-22 09:35:47,069 [main] WARN  events.EventQueue (EventQueue.java:fireEvent(175)) - No event handler registered for event TypedEvent{payloadType=SafeModeStatus, name='SafeModeStatus'}
2019-08-22 09:35:47,071 [main] INFO  ipc.CallQueueManager (CallQueueManager.java:<init>(84)) - Using callQueue: class java.util.concurrent.LinkedBlockingQueue, queueCapacity: 2000, scheduler: class org.apache.hadoop.ipc.DefaultRpcScheduler, ipcBackoff: false.
2019-08-22 09:35:47,072 [Socket Reader #1 for port 46757] INFO  ipc.Server (Server.java:run(1074)) - Starting Socket Reader #1 for port 46757
2019-08-22 09:35:47,074 [main] INFO  ipc.CallQueueManager (CallQueueManager.java:<init>(84)) - Using callQueue: class java.util.concurrent.LinkedBlockingQueue, queueCapacity: 2000, scheduler: class org.apache.hadoop.ipc.DefaultRpcScheduler, ipcBackoff: false.
2019-08-22 09:35:47,075 [Socket Reader #1 for port 36287] INFO  ipc.Server (Server.java:run(1074)) - Starting Socket Reader #1 for port 36287
2019-08-22 09:35:47,076 [main] INFO  ipc.CallQueueManager (CallQueueManager.java:<init>(84)) - Using callQueue: class java.util.concurrent.LinkedBlockingQueue, queueCapacity: 2000, scheduler: class org.apache.hadoop.ipc.DefaultRpcScheduler, ipcBackoff: false.
2019-08-22 09:35:47,077 [Socket Reader #1 for port 41805] INFO  ipc.Server (Server.java:run(1074)) - Starting Socket Reader #1 for port 41805
2019-08-22 09:35:47,080 [main] INFO  hdfs.DFSUtil (DFSUtil.java:httpServerTemplateForNNAndJN(1641)) - Starting Web-server for scm at: http://0.0.0.0:0
2019-08-22 09:35:47,082 [main] INFO  server.AuthenticationFilter (AuthenticationFilter.java:constructSecretProvider(240)) - Unable to initialize FileSignerSecretProvider, falling back to use random secrets.
2019-08-22 09:35:47,083 [main] WARN  http.HttpRequestLog (HttpRequestLog.java:getRequestLog(97)) - Jetty request log can only be enabled using Log4j
2019-08-22 09:35:47,085 [main] INFO  http.HttpServer2 (HttpServer2.java:addGlobalFilter(975)) - Added global filter 'safety' (class=org.apache.hadoop.http.HttpServer2$QuotingInputFilter)
2019-08-22 09:35:47,086 [main] INFO  http.HttpServer2 (HttpServer2.java:addFilter(948)) - Added filter static_user_filter (class=org.apache.hadoop.http.lib.StaticUserWebFilter$StaticUserFilter) to context scm
2019-08-22 09:35:47,086 [main] INFO  http.HttpServer2 (HttpServer2.java:addFilter(958)) - Added filter static_user_filter (class=org.apache.hadoop.http.lib.StaticUserWebFilter$StaticUserFilter) to context logs
2019-08-22 09:35:47,086 [main] INFO  http.HttpServer2 (HttpServer2.java:addFilter(958)) - Added filter static_user_filter (class=org.apache.hadoop.http.lib.StaticUserWebFilter$StaticUserFilter) to context static
2019-08-22 09:35:47,088 [main] INFO  server.StorageContainerManager (StorageContainerManager.java:start(759)) - StorageContainerLocationProtocol RPC server is listening at /0.0.0.0:41805
2019-08-22 09:35:47,091 [main] WARN  impl.MetricsConfig (MetricsConfig.java:loadFirst(134)) - Cannot locate configuration: tried hadoop-metrics2-storagecontainermanager.properties,hadoop-metrics2.properties
2019-08-22 09:35:47,092 [main] INFO  impl.MetricsSystemImpl (MetricsSystemImpl.java:startTimer(374)) - Scheduled Metric snapshot period at 10 second(s).
2019-08-22 09:35:47,093 [main] INFO  impl.MetricsSystemImpl (MetricsSystemImpl.java:start(191)) - StorageContainerManager metrics system started
2019-08-22 09:35:47,179 [main] INFO  server.SCMClientProtocolServer (SCMClientProtocolServer.java:start(151)) - RPC server for Client  is listening at /0.0.0.0:41805
2019-08-22 09:35:47,180 [IPC Server Responder] INFO  ipc.Server (Server.java:run(1314)) - IPC Server Responder: starting
2019-08-22 09:35:47,180 [IPC Server listener on 41805] INFO  ipc.Server (Server.java:run(1153)) - IPC Server listener on 41805: starting
2019-08-22 09:35:47,184 [main] INFO  server.StorageContainerManager (StorageContainerManager.java:start(769)) - ScmBlockLocationProtocol RPC server is listening at /0.0.0.0:36287
2019-08-22 09:35:47,184 [main] INFO  server.SCMBlockProtocolServer (SCMBlockProtocolServer.java:start(140)) - RPC server for Block Protocol is listening at /0.0.0.0:36287
2019-08-22 09:35:47,184 [IPC Server Responder] INFO  ipc.Server (Server.java:run(1314)) - IPC Server Responder: starting
2019-08-22 09:35:47,184 [IPC Server listener on 36287] INFO  ipc.Server (Server.java:run(1153)) - IPC Server listener on 36287: starting
2019-08-22 09:35:47,188 [main] INFO  server.StorageContainerManager (StorageContainerManager.java:start(773)) - ScmDatanodeProtocl RPC server is listening at /0.0.0.0:46757
2019-08-22 09:35:47,188 [main] INFO  server.SCMDatanodeProtocolServer (SCMDatanodeProtocolServer.java:start(191)) - RPC server for DataNodes is listening at /0.0.0.0:46757
2019-08-22 09:35:47,188 [IPC Server Responder] INFO  ipc.Server (Server.java:run(1314)) - IPC Server Responder: starting
2019-08-22 09:35:47,189 [IPC Server listener on 46757] INFO  ipc.Server (Server.java:run(1153)) - IPC Server listener on 46757: starting
2019-08-22 09:35:47,193 [main] INFO  http.HttpServer2 (HttpServer2.java:bindListener(1191)) - Jetty bound to port 42569
2019-08-22 09:35:47,193 [main] INFO  server.Server (Server.java:doStart(351)) - jetty-9.3.24.v20180605, build timestamp: 2018-06-05T17:11:56Z, git hash: 84205aa28f11a4f31f2a3b86d1bba2cc8ab69827
2019-08-22 09:35:47,195 [main] INFO  handler.ContextHandler (ContextHandler.java:doStart(781)) - Started o.e.j.s.ServletContextHandler@4f2a0909{/logs,file:///workdir/hadoop-ozone/integration-test/target/log,AVAILABLE}
2019-08-22 09:35:47,195 [main] INFO  handler.ContextHandler (ContextHandler.java:doStart(781)) - Started o.e.j.s.ServletContextHandler@62ad5f35{/static,file:///workdir/hadoop-ozone/integration-test/target/test-classes/webapps/static,AVAILABLE}
2019-08-22 09:35:47,200 [main] INFO  handler.ContextHandler (ContextHandler.java:doStart(781)) - Started o.e.j.w.WebAppContext@4512f5f1{/,file:///workdir/hadoop-ozone/integration-test/target/test-classes/webapps/scm/,AVAILABLE}{/scm}
2019-08-22 09:35:47,200 [main] INFO  server.AbstractConnector (AbstractConnector.java:doStart(278)) - Started ServerConnector@2a22e7e2{HTTP/1.1,[http/1.1]}{0.0.0.0:42569}
2019-08-22 09:35:47,201 [main] INFO  server.Server (Server.java:doStart(419)) - Started @262241ms
2019-08-22 09:35:47,202 [main] INFO  server.BaseHttpServer (BaseHttpServer.java:updateConnectorAddress(213)) - HTTP server of SCM is listening at http://0.0.0.0:42569
2019-08-22 09:35:47,202 [main] WARN  server.ServerUtils (ServerUtils.java:getDBPath(222)) - ozone.om.db.dirs is not configured. We recommend adding this setting. Falling back to ozone.metadata.dirs instead.
2019-08-22 09:35:47,202 [org.apache.hadoop.util.JvmPauseMonitor$Monitor@5799b8a2] INFO  util.JvmPauseMonitor (JvmPauseMonitor.java:run(188)) - Starting JVM pause monitor
2019-08-22 09:35:47,242 [main] WARN  server.ServerUtils (ServerUtils.java:getDBPath(222)) - ozone.om.db.dirs is not configured. We recommend adding this setting. Falling back to ozone.metadata.dirs instead.
2019-08-22 09:35:47,242 [main] WARN  server.ServerUtils (ServerUtils.java:getDBPath(222)) - ozone.om.db.dirs is not configured. We recommend adding this setting. Falling back to ozone.metadata.dirs instead.
2019-08-22 09:35:47,242 [main] INFO  om.OzoneManager (OzoneManager.java:setOMNodeDetails(648)) - OM Service ID is not set. Setting it to the default ID: omServiceIdDefault
2019-08-22 09:35:47,243 [main] INFO  om.OzoneManager (OzoneManager.java:setOMNodeDetails(654)) - OM Node ID is not set. Setting it to the OmStorage's OmID: c792bdd1-c6a5-4285-b223-a893390e5993
2019-08-22 09:35:47,243 [main] INFO  om.OzoneManager (OzoneManager.java:loadOMHAConfigs(605)) - Found matching OM address with OMServiceId: null, OMNodeId: null, RPC Address: localhost:0 and Ratis port: 9872
2019-08-22 09:35:47,248 | INFO  | SCMAudit | user=jenkins1000 | ip=192.168.36.85 | op=GET_SCM_INFO null | ret=SUCCESS |  
2019-08-22 09:35:47,250 [main] WARN  server.ServerUtils (ServerUtils.java:getDBPath(222)) - ozone.om.db.dirs is not configured. We recommend adding this setting. Falling back to ozone.metadata.dirs instead.
2019-08-22 09:35:47,251 [main] INFO  db.DBStoreBuilder (DBStoreBuilder.java:addTable(110)) - using custom profile for table: userTable
2019-08-22 09:35:47,251 [main] INFO  db.DBStoreBuilder (DBStoreBuilder.java:processTables(161)) - Using default column profile:DBProfile.DISK for Table:userTable
2019-08-22 09:35:47,251 [main] INFO  db.DBStoreBuilder (DBStoreBuilder.java:addTable(110)) - using custom profile for table: volumeTable
2019-08-22 09:35:47,251 [main] INFO  db.DBStoreBuilder (DBStoreBuilder.java:processTables(161)) - Using default column profile:DBProfile.DISK for Table:volumeTable
2019-08-22 09:35:47,252 [main] INFO  db.DBStoreBuilder (DBStoreBuilder.java:addTable(110)) - using custom profile for table: bucketTable
2019-08-22 09:35:47,252 [main] INFO  db.DBStoreBuilder (DBStoreBuilder.java:processTables(161)) - Using default column profile:DBProfile.DISK for Table:bucketTable
2019-08-22 09:35:47,252 [main] INFO  db.DBStoreBuilder (DBStoreBuilder.java:addTable(110)) - using custom profile for table: keyTable
2019-08-22 09:35:47,252 [main] INFO  db.DBStoreBuilder (DBStoreBuilder.java:processTables(161)) - Using default column profile:DBProfile.DISK for Table:keyTable
2019-08-22 09:35:47,252 [main] INFO  db.DBStoreBuilder (DBStoreBuilder.java:addTable(110)) - using custom profile for table: deletedTable
2019-08-22 09:35:47,252 [main] INFO  db.DBStoreBuilder (DBStoreBuilder.java:processTables(161)) - Using default column profile:DBProfile.DISK for Table:deletedTable
2019-08-22 09:35:47,253 [main] INFO  db.DBStoreBuilder (DBStoreBuilder.java:addTable(110)) - using custom profile for table: openKeyTable
2019-08-22 09:35:47,253 [main] INFO  db.DBStoreBuilder (DBStoreBuilder.java:processTables(161)) - Using default column profile:DBProfile.DISK for Table:openKeyTable
2019-08-22 09:35:47,253 [main] INFO  db.DBStoreBuilder (DBStoreBuilder.java:addTable(110)) - using custom profile for table: s3Table
2019-08-22 09:35:47,253 [main] INFO  db.DBStoreBuilder (DBStoreBuilder.java:processTables(161)) - Using default column profile:DBProfile.DISK for Table:s3Table
2019-08-22 09:35:47,253 [main] INFO  db.DBStoreBuilder (DBStoreBuilder.java:addTable(110)) - using custom profile for table: multipartInfoTable
2019-08-22 09:35:47,254 [main] INFO  db.DBStoreBuilder (DBStoreBuilder.java:processTables(161)) - Using default column profile:DBProfile.DISK for Table:multipartInfoTable
2019-08-22 09:35:47,254 [main] INFO  db.DBStoreBuilder (DBStoreBuilder.java:addTable(110)) - using custom profile for table: dTokenTable
2019-08-22 09:35:47,254 [main] INFO  db.DBStoreBuilder (DBStoreBuilder.java:processTables(161)) - Using default column profile:DBProfile.DISK for Table:dTokenTable
2019-08-22 09:35:47,254 [main] INFO  db.DBStoreBuilder (DBStoreBuilder.java:addTable(110)) - using custom profile for table: s3SecretTable
2019-08-22 09:35:47,254 [main] INFO  db.DBStoreBuilder (DBStoreBuilder.java:processTables(161)) - Using default column profile:DBProfile.DISK for Table:s3SecretTable
2019-08-22 09:35:47,254 [main] INFO  db.DBStoreBuilder (DBStoreBuilder.java:addTable(110)) - using custom profile for table: prefixTable
2019-08-22 09:35:47,255 [main] INFO  db.DBStoreBuilder (DBStoreBuilder.java:processTables(161)) - Using default column profile:DBProfile.DISK for Table:prefixTable
2019-08-22 09:35:47,255 [main] INFO  db.DBStoreBuilder (DBStoreBuilder.java:addTable(110)) - using custom profile for table: default
2019-08-22 09:35:47,255 [main] INFO  db.DBStoreBuilder (DBStoreBuilder.java:processTables(167)) - Using default column profile:DBProfile.DISK for Table:default
2019-08-22 09:35:47,255 [main] INFO  db.DBStoreBuilder (DBStoreBuilder.java:getDbProfile(198)) - Using default options. DBProfile.DISK
2019-08-22 09:35:47,971 [main] INFO  ipc.CallQueueManager (CallQueueManager.java:<init>(84)) - Using callQueue: class java.util.concurrent.LinkedBlockingQueue, queueCapacity: 2000, scheduler: class org.apache.hadoop.ipc.DefaultRpcScheduler, ipcBackoff: false.
2019-08-22 09:35:47,972 [Socket Reader #1 for port 46732] INFO  ipc.Server (Server.java:run(1074)) - Starting Socket Reader #1 for port 46732
2019-08-22 09:35:47,994 [main] INFO  om.OzoneManager (OzoneManager.java:start(1259)) - OzoneManager RPC server is listening at localhost/127.0.0.1:46732
2019-08-22 09:35:47,994 [main] INFO  impl.MetricsSystemImpl (MetricsSystemImpl.java:init(158)) - OzoneManager metrics system started (again)
2019-08-22 09:35:47,995 [IPC Server Responder] INFO  ipc.Server (Server.java:run(1314)) - IPC Server Responder: starting
2019-08-22 09:35:47,999 [IPC Server listener on 46732] INFO  ipc.Server (Server.java:run(1153)) - IPC Server listener on 46732: starting
2019-08-22 09:35:48,005 [main] INFO  hdfs.DFSUtil (DFSUtil.java:httpServerTemplateForNNAndJN(1641)) - Starting Web-server for ozoneManager at: http://0.0.0.0:0
2019-08-22 09:35:48,007 [main] INFO  server.AuthenticationFilter (AuthenticationFilter.java:constructSecretProvider(240)) - Unable to initialize FileSignerSecretProvider, falling back to use random secrets.
2019-08-22 09:35:48,008 [main] WARN  http.HttpRequestLog (HttpRequestLog.java:getRequestLog(97)) - Jetty request log can only be enabled using Log4j
2019-08-22 09:35:48,011 [main] INFO  http.HttpServer2 (HttpServer2.java:addGlobalFilter(975)) - Added global filter 'safety' (class=org.apache.hadoop.http.HttpServer2$QuotingInputFilter)
2019-08-22 09:35:48,011 [main] INFO  http.HttpServer2 (HttpServer2.java:addFilter(948)) - Added filter static_user_filter (class=org.apache.hadoop.http.lib.StaticUserWebFilter$StaticUserFilter) to context ozoneManager
2019-08-22 09:35:48,012 [main] INFO  http.HttpServer2 (HttpServer2.java:addFilter(958)) - Added filter static_user_filter (class=org.apache.hadoop.http.lib.StaticUserWebFilter$StaticUserFilter) to context logs
2019-08-22 09:35:48,012 [main] INFO  http.HttpServer2 (HttpServer2.java:addFilter(958)) - Added filter static_user_filter (class=org.apache.hadoop.http.lib.StaticUserWebFilter$StaticUserFilter) to context static
2019-08-22 09:35:48,013 [main] INFO  http.HttpServer2 (HttpServer2.java:bindListener(1191)) - Jetty bound to port 37140
2019-08-22 09:35:48,013 [main] INFO  server.Server (Server.java:doStart(351)) - jetty-9.3.24.v20180605, build timestamp: 2018-06-05T17:11:56Z, git hash: 84205aa28f11a4f31f2a3b86d1bba2cc8ab69827
2019-08-22 09:35:48,016 [main] INFO  handler.ContextHandler (ContextHandler.java:doStart(781)) - Started o.e.j.s.ServletContextHandler@3f0c2eff{/logs,file:///workdir/hadoop-ozone/integration-test/target/log,AVAILABLE}
2019-08-22 09:35:48,017 [main] INFO  handler.ContextHandler (ContextHandler.java:doStart(781)) - Started o.e.j.s.ServletContextHandler@1e60890c{/static,file:///workdir/hadoop-ozone/integration-test/target/test-classes/webapps/static,AVAILABLE}
2019-08-22 09:35:48,022 [main] INFO  handler.ContextHandler (ContextHandler.java:doStart(781)) - Started o.e.j.w.WebAppContext@6bb46040{/,file:///workdir/hadoop-ozone/integration-test/target/test-classes/webapps/ozoneManager/,AVAILABLE}{/ozoneManager}
2019-08-22 09:35:48,022 [main] INFO  server.AbstractConnector (AbstractConnector.java:doStart(278)) - Started ServerConnector@2b71a12e{HTTP/1.1,[http/1.1]}{0.0.0.0:37140}
2019-08-22 09:35:48,024 [main] INFO  server.Server (Server.java:doStart(419)) - Started @263063ms
2019-08-22 09:35:48,025 [main] INFO  server.BaseHttpServer (BaseHttpServer.java:updateConnectorAddress(213)) - HTTP server of OZONEMANAGER is listening at http://0.0.0.0:37140
2019-08-22 09:35:48,043 [main] INFO  impl.MetricsSystemImpl (MetricsSystemImpl.java:init(158)) - HddsDatanode metrics system started (again)
2019-08-22 09:35:48,046 [main] INFO  ozone.HddsDatanodeService (HddsDatanodeService.java:start(184)) - HddsDatanodeService host:pr-hdds-1898-9jx57-4170240974 ip:192.168.36.85
2019-08-22 09:35:48,057 [main] INFO  volume.HddsVolume (HddsVolume.java:<init>(176)) - Creating Volume: /workdir/hadoop-ozone/integration-test/target/test-dir/MiniOzoneClusterImpl-80cc2eff-e08e-44d5-a632-61dd17984c66/datanode-0/data/containers/hdds of  storage type : DISK and capacity : 1482555576320
2019-08-22 09:35:48,057 [main] INFO  volume.VolumeSet (VolumeSet.java:initializeVolumeSet(170)) - Added Volume : /workdir/hadoop-ozone/integration-test/target/test-dir/MiniOzoneClusterImpl-80cc2eff-e08e-44d5-a632-61dd17984c66/datanode-0/data/containers/hdds to VolumeSet
2019-08-22 09:35:48,057 [main] INFO  volume.ThrottledAsyncChecker (ThrottledAsyncChecker.java:schedule(140)) - Scheduling a check for org.apache.hadoop.ozone.container.common.volume.HddsVolume@68a1bb31
2019-08-22 09:35:48,058 [main] INFO  volume.HddsVolumeChecker (HddsVolumeChecker.java:checkAllVolumes(203)) - Scheduled health check for volume org.apache.hadoop.ozone.container.common.volume.HddsVolume@68a1bb31
2019-08-22 09:35:48,076 [main] INFO  impl.RaftServerProxy (ConfUtils.java:logGet(43)) - raft.rpc.type = GRPC (default)
2019-08-22 09:35:48,076 [main] INFO  grpc.GrpcFactory (GrpcFactory.java:checkPooledByteBufAllocatorUseCacheForAllThreads(45)) - PERFORMANCE WARNING: useCacheForAllThreads is true that may cause Netty to create a lot garbage objects and, as a result, trigger GC.
	It is recommended to disable useCacheForAllThreads by setting -Dorg.apache.ratis.thirdparty.io.netty.allocator.useCacheForAllThreads=false in command line.
2019-08-22 09:35:48,076 [main] INFO  grpc.GrpcConfigKeys$Server (ConfUtils.java:logGet(43)) - raft.grpc.server.port = 0 (default)
2019-08-22 09:35:48,077 [main] INFO  server.GrpcService (ConfUtils.java:logGet(43)) - raft.grpc.message.size.max = 33570816 (custom)
2019-08-22 09:35:48,077 [main] INFO  server.RaftServerConfigKeys (ConfUtils.java:logGet(43)) - raft.server.log.appender.buffer.byte-limit = 33554432 (custom)
2019-08-22 09:35:48,077 [main] INFO  server.GrpcService (ConfUtils.java:logGet(43)) - raft.grpc.flow.control.window = 1MB (=1048576) (default)
2019-08-22 09:35:48,077 [main] INFO  server.RaftServerConfigKeys (ConfUtils.java:logGet(43)) - raft.server.rpc.request.timeout = 3000ms (default)
2019-08-22 09:35:48,078 [main] INFO  server.RaftServerConfigKeys (ConfUtils.java:logGet(43)) - raft.server.storage.dir = [/workdir/hadoop-ozone/integration-test/target/test-dir/MiniOzoneClusterImpl-80cc2eff-e08e-44d5-a632-61dd17984c66/datanode-0/data/ratis] (custom)
2019-08-22 09:35:48,079 [main] INFO  replication.SimpleContainerDownloader (SimpleContainerDownloader.java:<init>(72)) - Starting container downloader service to copy containers to replicate.
2019-08-22 09:35:48,080 [main] INFO  hdfs.DFSUtil (DFSUtil.java:httpServerTemplateForNNAndJN(1641)) - Starting Web-server for hddsDatanode at: http://0.0.0.0:0
2019-08-22 09:35:48,082 [main] INFO  server.AuthenticationFilter (AuthenticationFilter.java:constructSecretProvider(240)) - Unable to initialize FileSignerSecretProvider, falling back to use random secrets.
2019-08-22 09:35:48,082 [main] WARN  http.HttpRequestLog (HttpRequestLog.java:getRequestLog(97)) - Jetty request log can only be enabled using Log4j
2019-08-22 09:35:48,084 [main] INFO  http.HttpServer2 (HttpServer2.java:addGlobalFilter(975)) - Added global filter 'safety' (class=org.apache.hadoop.http.HttpServer2$QuotingInputFilter)
2019-08-22 09:35:48,084 [main] INFO  http.HttpServer2 (HttpServer2.java:addFilter(948)) - Added filter static_user_filter (class=org.apache.hadoop.http.lib.StaticUserWebFilter$StaticUserFilter) to context hddsDatanode
2019-08-22 09:35:48,084 [main] INFO  http.HttpServer2 (HttpServer2.java:addFilter(958)) - Added filter static_user_filter (class=org.apache.hadoop.http.lib.StaticUserWebFilter$StaticUserFilter) to context logs
2019-08-22 09:35:48,084 [main] INFO  http.HttpServer2 (HttpServer2.java:addFilter(958)) - Added filter static_user_filter (class=org.apache.hadoop.http.lib.StaticUserWebFilter$StaticUserFilter) to context static
2019-08-22 09:35:48,085 [main] INFO  http.HttpServer2 (HttpServer2.java:bindListener(1191)) - Jetty bound to port 41622
2019-08-22 09:35:48,085 [main] INFO  server.Server (Server.java:doStart(351)) - jetty-9.3.24.v20180605, build timestamp: 2018-06-05T17:11:56Z, git hash: 84205aa28f11a4f31f2a3b86d1bba2cc8ab69827
2019-08-22 09:35:48,087 [main] INFO  handler.ContextHandler (ContextHandler.java:doStart(781)) - Started o.e.j.s.ServletContextHandler@5cb3cfef{/logs,file:///workdir/hadoop-ozone/integration-test/target/log,AVAILABLE}
2019-08-22 09:35:48,088 [main] INFO  handler.ContextHandler (ContextHandler.java:doStart(781)) - Started o.e.j.s.ServletContextHandler@197da701{/static,jar:file:/home/user/.m2/repository/org/apache/hadoop/hadoop-hdds-container-service/0.5.0-SNAPSHOT/hadoop-hdds-container-service-0.5.0-SNAPSHOT.jar!/webapps/static,AVAILABLE}
2019-08-22 09:35:48,118 [main] INFO  handler.ContextHandler (ContextHandler.java:doStart(781)) - Started o.e.j.w.WebAppContext@72924f19{/,file:///tmp/jetty-0.0.0.0-41622-hddsDatanode-_-any-2307712638131320685.dir/webapp/,AVAILABLE}{/hddsDatanode}
2019-08-22 09:35:48,119 [main] INFO  server.AbstractConnector (AbstractConnector.java:doStart(278)) - Started ServerConnector@46c093b4{HTTP/1.1,[http/1.1]}{0.0.0.0:41622}
2019-08-22 09:35:48,120 [main] INFO  server.Server (Server.java:doStart(419)) - Started @263160ms
2019-08-22 09:35:48,121 [main] INFO  server.BaseHttpServer (BaseHttpServer.java:updateConnectorAddress(213)) - HTTP server of HDDSDATANODE is listening at http://0.0.0.0:41622
2019-08-22 09:35:48,251 | INFO  | ObjectStoreRestHttpServer | Listening HDDS REST traffic on /0.0.0.0:45908 |  
2019-08-22 09:35:48,251 [main] INFO  ozone.HddsDatanodeService (HddsDatanodeService.java:startPlugins(395)) - Started plug-in org.apache.hadoop.ozone.web.OzoneHddsDatanodeService@752573df
2019-08-22 09:35:48,251 [main] INFO  impl.MetricsSystemImpl (MetricsSystemImpl.java:init(158)) - HddsDatanode metrics system started (again)
2019-08-22 09:35:48,254 [main] INFO  ozone.HddsDatanodeService (HddsDatanodeService.java:start(184)) - HddsDatanodeService host:pr-hdds-1898-9jx57-4170240974 ip:192.168.36.85
2019-08-22 09:35:48,254 [org.apache.hadoop.util.JvmPauseMonitor$Monitor@37545b42] INFO  util.JvmPauseMonitor (JvmPauseMonitor.java:run(188)) - Starting JVM pause monitor
2019-08-22 09:35:48,255 [Datanode State Machine Thread - 0] INFO  datanode.InitDatanodeState (InitDatanodeState.java:persistContainerDatanodeDetails(140)) - DatanodeDetails is persisted to /workdir/hadoop-ozone/integration-test/target/test-dir/MiniOzoneClusterImpl-80cc2eff-e08e-44d5-a632-61dd17984c66/datanode-0/meta/datanode.id
2019-08-22 09:35:48,263 [main] INFO  volume.HddsVolume (HddsVolume.java:<init>(176)) - Creating Volume: /workdir/hadoop-ozone/integration-test/target/test-dir/MiniOzoneClusterImpl-80cc2eff-e08e-44d5-a632-61dd17984c66/datanode-1/data/containers/hdds of  storage type : DISK and capacity : 1482555576320
2019-08-22 09:35:48,264 [main] INFO  volume.VolumeSet (VolumeSet.java:initializeVolumeSet(170)) - Added Volume : /workdir/hadoop-ozone/integration-test/target/test-dir/MiniOzoneClusterImpl-80cc2eff-e08e-44d5-a632-61dd17984c66/datanode-1/data/containers/hdds to VolumeSet
2019-08-22 09:35:48,264 [main] INFO  volume.ThrottledAsyncChecker (ThrottledAsyncChecker.java:schedule(140)) - Scheduling a check for org.apache.hadoop.ozone.container.common.volume.HddsVolume@4c897417
2019-08-22 09:35:48,265 [main] INFO  volume.HddsVolumeChecker (HddsVolumeChecker.java:checkAllVolumes(203)) - Scheduled health check for volume org.apache.hadoop.ozone.container.common.volume.HddsVolume@4c897417
2019-08-22 09:35:48,285 [main] INFO  impl.RaftServerProxy (ConfUtils.java:logGet(43)) - raft.rpc.type = GRPC (default)
2019-08-22 09:35:48,285 [main] INFO  grpc.GrpcFactory (GrpcFactory.java:checkPooledByteBufAllocatorUseCacheForAllThreads(45)) - PERFORMANCE WARNING: useCacheForAllThreads is true that may cause Netty to create a lot garbage objects and, as a result, trigger GC.
	It is recommended to disable useCacheForAllThreads by setting -Dorg.apache.ratis.thirdparty.io.netty.allocator.useCacheForAllThreads=false in command line.
2019-08-22 09:35:48,286 [main] INFO  grpc.GrpcConfigKeys$Server (ConfUtils.java:logGet(43)) - raft.grpc.server.port = 0 (default)
2019-08-22 09:35:48,286 [main] INFO  server.GrpcService (ConfUtils.java:logGet(43)) - raft.grpc.message.size.max = 33570816 (custom)
2019-08-22 09:35:48,286 [main] INFO  server.RaftServerConfigKeys (ConfUtils.java:logGet(43)) - raft.server.log.appender.buffer.byte-limit = 33554432 (custom)
2019-08-22 09:35:48,286 [main] INFO  server.GrpcService (ConfUtils.java:logGet(43)) - raft.grpc.flow.control.window = 1MB (=1048576) (default)
2019-08-22 09:35:48,287 [main] INFO  server.RaftServerConfigKeys (ConfUtils.java:logGet(43)) - raft.server.rpc.request.timeout = 3000ms (default)
2019-08-22 09:35:48,287 [main] INFO  server.RaftServerConfigKeys (ConfUtils.java:logGet(43)) - raft.server.storage.dir = [/workdir/hadoop-ozone/integration-test/target/test-dir/MiniOzoneClusterImpl-80cc2eff-e08e-44d5-a632-61dd17984c66/datanode-1/data/ratis] (custom)
2019-08-22 09:35:48,288 [main] INFO  replication.SimpleContainerDownloader (SimpleContainerDownloader.java:<init>(72)) - Starting container downloader service to copy containers to replicate.
2019-08-22 09:35:48,289 [main] INFO  hdfs.DFSUtil (DFSUtil.java:httpServerTemplateForNNAndJN(1641)) - Starting Web-server for hddsDatanode at: http://0.0.0.0:0
2019-08-22 09:35:48,291 [main] INFO  server.AuthenticationFilter (AuthenticationFilter.java:constructSecretProvider(240)) - Unable to initialize FileSignerSecretProvider, falling back to use random secrets.
2019-08-22 09:35:48,291 [main] WARN  http.HttpRequestLog (HttpRequestLog.java:getRequestLog(97)) - Jetty request log can only be enabled using Log4j
2019-08-22 09:35:48,293 [main] INFO  http.HttpServer2 (HttpServer2.java:addGlobalFilter(975)) - Added global filter 'safety' (class=org.apache.hadoop.http.HttpServer2$QuotingInputFilter)
2019-08-22 09:35:48,293 [main] INFO  http.HttpServer2 (HttpServer2.java:addFilter(948)) - Added filter static_user_filter (class=org.apache.hadoop.http.lib.StaticUserWebFilter$StaticUserFilter) to context hddsDatanode
2019-08-22 09:35:48,293 [main] INFO  http.HttpServer2 (HttpServer2.java:addFilter(958)) - Added filter static_user_filter (class=org.apache.hadoop.http.lib.StaticUserWebFilter$StaticUserFilter) to context static
2019-08-22 09:35:48,294 [main] INFO  http.HttpServer2 (HttpServer2.java:addFilter(958)) - Added filter static_user_filter (class=org.apache.hadoop.http.lib.StaticUserWebFilter$StaticUserFilter) to context logs
2019-08-22 09:35:48,294 [main] INFO  http.HttpServer2 (HttpServer2.java:bindListener(1191)) - Jetty bound to port 42427
2019-08-22 09:35:48,294 [main] INFO  server.Server (Server.java:doStart(351)) - jetty-9.3.24.v20180605, build timestamp: 2018-06-05T17:11:56Z, git hash: 84205aa28f11a4f31f2a3b86d1bba2cc8ab69827
2019-08-22 09:35:48,296 [main] INFO  handler.ContextHandler (ContextHandler.java:doStart(781)) - Started o.e.j.s.ServletContextHandler@6c4eccd2{/logs,file:///workdir/hadoop-ozone/integration-test/target/log,AVAILABLE}
2019-08-22 09:35:48,297 [main] INFO  handler.ContextHandler (ContextHandler.java:doStart(781)) - Started o.e.j.s.ServletContextHandler@4c7d19bf{/static,jar:file:/home/user/.m2/repository/org/apache/hadoop/hadoop-hdds-container-service/0.5.0-SNAPSHOT/hadoop-hdds-container-service-0.5.0-SNAPSHOT.jar!/webapps/static,AVAILABLE}
2019-08-22 09:35:48,332 [main] INFO  handler.ContextHandler (ContextHandler.java:doStart(781)) - Started o.e.j.w.WebAppContext@65384249{/,file:///tmp/jetty-0.0.0.0-42427-hddsDatanode-_-any-3325736937844588730.dir/webapp/,AVAILABLE}{/hddsDatanode}
2019-08-22 09:35:48,333 [main] INFO  server.AbstractConnector (AbstractConnector.java:doStart(278)) - Started ServerConnector@6441db2c{HTTP/1.1,[http/1.1]}{0.0.0.0:42427}
2019-08-22 09:35:48,334 [main] INFO  server.Server (Server.java:doStart(419)) - Started @263374ms
2019-08-22 09:35:48,335 [main] INFO  server.BaseHttpServer (BaseHttpServer.java:updateConnectorAddress(213)) - HTTP server of HDDSDATANODE is listening at http://0.0.0.0:42427
2019-08-22 09:35:48,477 | INFO  | ObjectStoreRestHttpServer | Listening HDDS REST traffic on /0.0.0.0:45600 |  
2019-08-22 09:35:48,477 [main] INFO  ozone.HddsDatanodeService (HddsDatanodeService.java:startPlugins(395)) - Started plug-in org.apache.hadoop.ozone.web.OzoneHddsDatanodeService@2802caa2
2019-08-22 09:35:48,477 [main] INFO  impl.MetricsSystemImpl (MetricsSystemImpl.java:init(158)) - HddsDatanode metrics system started (again)
2019-08-22 09:35:48,480 [org.apache.hadoop.util.JvmPauseMonitor$Monitor@12442d3] INFO  util.JvmPauseMonitor (JvmPauseMonitor.java:run(188)) - Starting JVM pause monitor
2019-08-22 09:35:48,480 [main] INFO  ozone.HddsDatanodeService (HddsDatanodeService.java:start(184)) - HddsDatanodeService host:pr-hdds-1898-9jx57-4170240974 ip:192.168.36.85
2019-08-22 09:35:48,482 [Datanode State Machine Thread - 0] INFO  datanode.InitDatanodeState (InitDatanodeState.java:persistContainerDatanodeDetails(140)) - DatanodeDetails is persisted to /workdir/hadoop-ozone/integration-test/target/test-dir/MiniOzoneClusterImpl-80cc2eff-e08e-44d5-a632-61dd17984c66/datanode-1/meta/datanode.id
2019-08-22 09:35:48,489 [main] INFO  volume.HddsVolume (HddsVolume.java:<init>(176)) - Creating Volume: /workdir/hadoop-ozone/integration-test/target/test-dir/MiniOzoneClusterImpl-80cc2eff-e08e-44d5-a632-61dd17984c66/datanode-2/data/containers/hdds of  storage type : DISK and capacity : 1482555576320
2019-08-22 09:35:48,490 [main] INFO  volume.VolumeSet (VolumeSet.java:initializeVolumeSet(170)) - Added Volume : /workdir/hadoop-ozone/integration-test/target/test-dir/MiniOzoneClusterImpl-80cc2eff-e08e-44d5-a632-61dd17984c66/datanode-2/data/containers/hdds to VolumeSet
2019-08-22 09:35:48,490 [main] INFO  volume.ThrottledAsyncChecker (ThrottledAsyncChecker.java:schedule(140)) - Scheduling a check for org.apache.hadoop.ozone.container.common.volume.HddsVolume@6ceeb592
2019-08-22 09:35:48,490 [main] INFO  volume.HddsVolumeChecker (HddsVolumeChecker.java:checkAllVolumes(203)) - Scheduled health check for volume org.apache.hadoop.ozone.container.common.volume.HddsVolume@6ceeb592
2019-08-22 09:35:48,504 [main] INFO  impl.RaftServerProxy (ConfUtils.java:logGet(43)) - raft.rpc.type = GRPC (default)
2019-08-22 09:35:48,505 [main] INFO  grpc.GrpcFactory (GrpcFactory.java:checkPooledByteBufAllocatorUseCacheForAllThreads(45)) - PERFORMANCE WARNING: useCacheForAllThreads is true that may cause Netty to create a lot garbage objects and, as a result, trigger GC.
	It is recommended to disable useCacheForAllThreads by setting -Dorg.apache.ratis.thirdparty.io.netty.allocator.useCacheForAllThreads=false in command line.
2019-08-22 09:35:48,505 [main] INFO  grpc.GrpcConfigKeys$Server (ConfUtils.java:logGet(43)) - raft.grpc.server.port = 0 (default)
2019-08-22 09:35:48,505 [main] INFO  server.GrpcService (ConfUtils.java:logGet(43)) - raft.grpc.message.size.max = 33570816 (custom)
2019-08-22 09:35:48,505 [main] INFO  server.RaftServerConfigKeys (ConfUtils.java:logGet(43)) - raft.server.log.appender.buffer.byte-limit = 33554432 (custom)
2019-08-22 09:35:48,505 [main] INFO  server.GrpcService (ConfUtils.java:logGet(43)) - raft.grpc.flow.control.window = 1MB (=1048576) (default)
2019-08-22 09:35:48,505 [main] INFO  server.RaftServerConfigKeys (ConfUtils.java:logGet(43)) - raft.server.rpc.request.timeout = 3000ms (default)
2019-08-22 09:35:48,506 [main] INFO  server.RaftServerConfigKeys (ConfUtils.java:logGet(43)) - raft.server.storage.dir = [/workdir/hadoop-ozone/integration-test/target/test-dir/MiniOzoneClusterImpl-80cc2eff-e08e-44d5-a632-61dd17984c66/datanode-2/data/ratis] (custom)
2019-08-22 09:35:48,506 [main] INFO  replication.SimpleContainerDownloader (SimpleContainerDownloader.java:<init>(72)) - Starting container downloader service to copy containers to replicate.
2019-08-22 09:35:48,507 [main] INFO  hdfs.DFSUtil (DFSUtil.java:httpServerTemplateForNNAndJN(1641)) - Starting Web-server for hddsDatanode at: http://0.0.0.0:0
2019-08-22 09:35:48,508 [main] INFO  server.AuthenticationFilter (AuthenticationFilter.java:constructSecretProvider(240)) - Unable to initialize FileSignerSecretProvider, falling back to use random secrets.
2019-08-22 09:35:48,509 [main] WARN  http.HttpRequestLog (HttpRequestLog.java:getRequestLog(97)) - Jetty request log can only be enabled using Log4j
2019-08-22 09:35:48,511 [main] INFO  http.HttpServer2 (HttpServer2.java:addGlobalFilter(975)) - Added global filter 'safety' (class=org.apache.hadoop.http.HttpServer2$QuotingInputFilter)
2019-08-22 09:35:48,512 [main] INFO  http.HttpServer2 (HttpServer2.java:addFilter(948)) - Added filter static_user_filter (class=org.apache.hadoop.http.lib.StaticUserWebFilter$StaticUserFilter) to context hddsDatanode
2019-08-22 09:35:48,512 [main] INFO  http.HttpServer2 (HttpServer2.java:addFilter(958)) - Added filter static_user_filter (class=org.apache.hadoop.http.lib.StaticUserWebFilter$StaticUserFilter) to context logs
2019-08-22 09:35:48,512 [main] INFO  http.HttpServer2 (HttpServer2.java:addFilter(958)) - Added filter static_user_filter (class=org.apache.hadoop.http.lib.StaticUserWebFilter$StaticUserFilter) to context static
2019-08-22 09:35:48,513 [main] INFO  http.HttpServer2 (HttpServer2.java:bindListener(1191)) - Jetty bound to port 40555
2019-08-22 09:35:48,513 [main] INFO  server.Server (Server.java:doStart(351)) - jetty-9.3.24.v20180605, build timestamp: 2018-06-05T17:11:56Z, git hash: 84205aa28f11a4f31f2a3b86d1bba2cc8ab69827
2019-08-22 09:35:48,515 [main] INFO  handler.ContextHandler (ContextHandler.java:doStart(781)) - Started o.e.j.s.ServletContextHandler@7d8c264{/logs,file:///workdir/hadoop-ozone/integration-test/target/log,AVAILABLE}
2019-08-22 09:35:48,516 [main] INFO  handler.ContextHandler (ContextHandler.java:doStart(781)) - Started o.e.j.s.ServletContextHandler@7479cdf7{/static,jar:file:/home/user/.m2/repository/org/apache/hadoop/hadoop-hdds-container-service/0.5.0-SNAPSHOT/hadoop-hdds-container-service-0.5.0-SNAPSHOT.jar!/webapps/static,AVAILABLE}
2019-08-22 09:35:48,554 [main] INFO  handler.ContextHandler (ContextHandler.java:doStart(781)) - Started o.e.j.w.WebAppContext@1b472cad{/,file:///tmp/jetty-0.0.0.0-40555-hddsDatanode-_-any-2110203353379033554.dir/webapp/,AVAILABLE}{/hddsDatanode}
2019-08-22 09:35:48,555 [main] INFO  server.AbstractConnector (AbstractConnector.java:doStart(278)) - Started ServerConnector@27aa0720{HTTP/1.1,[http/1.1]}{0.0.0.0:40555}
2019-08-22 09:35:48,556 [main] INFO  server.Server (Server.java:doStart(419)) - Started @263596ms
2019-08-22 09:35:48,557 [main] INFO  server.BaseHttpServer (BaseHttpServer.java:updateConnectorAddress(213)) - HTTP server of HDDSDATANODE is listening at http://0.0.0.0:40555
2019-08-22 09:35:48,689 | INFO  | ObjectStoreRestHttpServer | Listening HDDS REST traffic on /0.0.0.0:33871 |  
2019-08-22 09:35:48,689 [main] INFO  ozone.HddsDatanodeService (HddsDatanodeService.java:startPlugins(395)) - Started plug-in org.apache.hadoop.ozone.web.OzoneHddsDatanodeService@623dc0b8
2019-08-22 09:35:48,690 [main] INFO  impl.MetricsSystemImpl (MetricsSystemImpl.java:init(158)) - HddsDatanode metrics system started (again)
2019-08-22 09:35:48,693 [org.apache.hadoop.util.JvmPauseMonitor$Monitor@401e342c] INFO  util.JvmPauseMonitor (JvmPauseMonitor.java:run(188)) - Starting JVM pause monitor
2019-08-22 09:35:48,693 [main] INFO  ozone.HddsDatanodeService (HddsDatanodeService.java:start(184)) - HddsDatanodeService host:pr-hdds-1898-9jx57-4170240974 ip:192.168.36.85
2019-08-22 09:35:48,694 [Datanode State Machine Thread - 0] INFO  datanode.InitDatanodeState (InitDatanodeState.java:persistContainerDatanodeDetails(140)) - DatanodeDetails is persisted to /workdir/hadoop-ozone/integration-test/target/test-dir/MiniOzoneClusterImpl-80cc2eff-e08e-44d5-a632-61dd17984c66/datanode-2/meta/datanode.id
2019-08-22 09:35:48,704 [main] INFO  volume.HddsVolume (HddsVolume.java:<init>(176)) - Creating Volume: /workdir/hadoop-ozone/integration-test/target/test-dir/MiniOzoneClusterImpl-80cc2eff-e08e-44d5-a632-61dd17984c66/datanode-3/data/containers/hdds of  storage type : DISK and capacity : 1482555576320
2019-08-22 09:35:48,704 [main] INFO  volume.VolumeSet (VolumeSet.java:initializeVolumeSet(170)) - Added Volume : /workdir/hadoop-ozone/integration-test/target/test-dir/MiniOzoneClusterImpl-80cc2eff-e08e-44d5-a632-61dd17984c66/datanode-3/data/containers/hdds to VolumeSet
2019-08-22 09:35:48,704 [main] INFO  volume.ThrottledAsyncChecker (ThrottledAsyncChecker.java:schedule(140)) - Scheduling a check for org.apache.hadoop.ozone.container.common.volume.HddsVolume@9203db8
2019-08-22 09:35:48,705 [main] INFO  volume.HddsVolumeChecker (HddsVolumeChecker.java:checkAllVolumes(203)) - Scheduled health check for volume org.apache.hadoop.ozone.container.common.volume.HddsVolume@9203db8
2019-08-22 09:35:48,719 [main] INFO  impl.RaftServerProxy (ConfUtils.java:logGet(43)) - raft.rpc.type = GRPC (default)
2019-08-22 09:35:48,720 [main] INFO  grpc.GrpcFactory (GrpcFactory.java:checkPooledByteBufAllocatorUseCacheForAllThreads(45)) - PERFORMANCE WARNING: useCacheForAllThreads is true that may cause Netty to create a lot garbage objects and, as a result, trigger GC.
	It is recommended to disable useCacheForAllThreads by setting -Dorg.apache.ratis.thirdparty.io.netty.allocator.useCacheForAllThreads=false in command line.
2019-08-22 09:35:48,720 [main] INFO  grpc.GrpcConfigKeys$Server (ConfUtils.java:logGet(43)) - raft.grpc.server.port = 0 (default)
2019-08-22 09:35:48,720 [main] INFO  server.GrpcService (ConfUtils.java:logGet(43)) - raft.grpc.message.size.max = 33570816 (custom)
2019-08-22 09:35:48,720 [main] INFO  server.RaftServerConfigKeys (ConfUtils.java:logGet(43)) - raft.server.log.appender.buffer.byte-limit = 33554432 (custom)
2019-08-22 09:35:48,720 [main] INFO  server.GrpcService (ConfUtils.java:logGet(43)) - raft.grpc.flow.control.window = 1MB (=1048576) (default)
2019-08-22 09:35:48,721 [main] INFO  server.RaftServerConfigKeys (ConfUtils.java:logGet(43)) - raft.server.rpc.request.timeout = 3000ms (default)
2019-08-22 09:35:48,721 [main] INFO  server.RaftServerConfigKeys (ConfUtils.java:logGet(43)) - raft.server.storage.dir = [/workdir/hadoop-ozone/integration-test/target/test-dir/MiniOzoneClusterImpl-80cc2eff-e08e-44d5-a632-61dd17984c66/datanode-3/data/ratis] (custom)
2019-08-22 09:35:48,721 [main] INFO  replication.SimpleContainerDownloader (SimpleContainerDownloader.java:<init>(72)) - Starting container downloader service to copy containers to replicate.
2019-08-22 09:35:48,723 [main] INFO  hdfs.DFSUtil (DFSUtil.java:httpServerTemplateForNNAndJN(1641)) - Starting Web-server for hddsDatanode at: http://0.0.0.0:0
2019-08-22 09:35:48,724 [main] INFO  server.AuthenticationFilter (AuthenticationFilter.java:constructSecretProvider(240)) - Unable to initialize FileSignerSecretProvider, falling back to use random secrets.
2019-08-22 09:35:48,724 [main] WARN  http.HttpRequestLog (HttpRequestLog.java:getRequestLog(97)) - Jetty request log can only be enabled using Log4j
2019-08-22 09:35:48,726 [main] INFO  http.HttpServer2 (HttpServer2.java:addGlobalFilter(975)) - Added global filter 'safety' (class=org.apache.hadoop.http.HttpServer2$QuotingInputFilter)
2019-08-22 09:35:48,726 [main] INFO  http.HttpServer2 (HttpServer2.java:addFilter(948)) - Added filter static_user_filter (class=org.apache.hadoop.http.lib.StaticUserWebFilter$StaticUserFilter) to context hddsDatanode
2019-08-22 09:35:48,726 [main] INFO  http.HttpServer2 (HttpServer2.java:addFilter(958)) - Added filter static_user_filter (class=org.apache.hadoop.http.lib.StaticUserWebFilter$StaticUserFilter) to context static
2019-08-22 09:35:48,726 [main] INFO  http.HttpServer2 (HttpServer2.java:addFilter(958)) - Added filter static_user_filter (class=org.apache.hadoop.http.lib.StaticUserWebFilter$StaticUserFilter) to context logs
2019-08-22 09:35:48,727 [main] INFO  http.HttpServer2 (HttpServer2.java:bindListener(1191)) - Jetty bound to port 43583
2019-08-22 09:35:48,727 [main] INFO  server.Server (Server.java:doStart(351)) - jetty-9.3.24.v20180605, build timestamp: 2018-06-05T17:11:56Z, git hash: 84205aa28f11a4f31f2a3b86d1bba2cc8ab69827
2019-08-22 09:35:48,729 [main] INFO  handler.ContextHandler (ContextHandler.java:doStart(781)) - Started o.e.j.s.ServletContextHandler@5dc90de7{/logs,file:///workdir/hadoop-ozone/integration-test/target/log,AVAILABLE}
2019-08-22 09:35:48,729 [main] INFO  handler.ContextHandler (ContextHandler.java:doStart(781)) - Started o.e.j.s.ServletContextHandler@20711b02{/static,jar:file:/home/user/.m2/repository/org/apache/hadoop/hadoop-hdds-container-service/0.5.0-SNAPSHOT/hadoop-hdds-container-service-0.5.0-SNAPSHOT.jar!/webapps/static,AVAILABLE}
2019-08-22 09:35:48,756 [main] INFO  handler.ContextHandler (ContextHandler.java:doStart(781)) - Started o.e.j.w.WebAppContext@2e9bff08{/,file:///tmp/jetty-0.0.0.0-43583-hddsDatanode-_-any-2402933294854635936.dir/webapp/,AVAILABLE}{/hddsDatanode}
2019-08-22 09:35:48,756 [main] INFO  server.AbstractConnector (AbstractConnector.java:doStart(278)) - Started ServerConnector@54151d07{HTTP/1.1,[http/1.1]}{0.0.0.0:43583}
2019-08-22 09:35:48,758 [main] INFO  server.Server (Server.java:doStart(419)) - Started @263798ms
2019-08-22 09:35:48,758 [main] INFO  server.BaseHttpServer (BaseHttpServer.java:updateConnectorAddress(213)) - HTTP server of HDDSDATANODE is listening at http://0.0.0.0:43583
2019-08-22 09:35:48,887 | INFO  | ObjectStoreRestHttpServer | Listening HDDS REST traffic on /0.0.0.0:34122 |  
2019-08-22 09:35:48,887 [main] INFO  ozone.HddsDatanodeService (HddsDatanodeService.java:startPlugins(395)) - Started plug-in org.apache.hadoop.ozone.web.OzoneHddsDatanodeService@5fc3dfc1
2019-08-22 09:35:48,887 [main] INFO  impl.MetricsSystemImpl (MetricsSystemImpl.java:init(158)) - HddsDatanode metrics system started (again)
2019-08-22 09:35:48,891 [org.apache.hadoop.util.JvmPauseMonitor$Monitor@4ce8f0e6] INFO  util.JvmPauseMonitor (JvmPauseMonitor.java:run(188)) - Starting JVM pause monitor
2019-08-22 09:35:48,891 [main] INFO  ozone.HddsDatanodeService (HddsDatanodeService.java:start(184)) - HddsDatanodeService host:pr-hdds-1898-9jx57-4170240974 ip:192.168.36.85
2019-08-22 09:35:48,892 [Datanode State Machine Thread - 0] INFO  datanode.InitDatanodeState (InitDatanodeState.java:persistContainerDatanodeDetails(140)) - DatanodeDetails is persisted to /workdir/hadoop-ozone/integration-test/target/test-dir/MiniOzoneClusterImpl-80cc2eff-e08e-44d5-a632-61dd17984c66/datanode-3/meta/datanode.id
2019-08-22 09:35:48,902 [main] INFO  volume.HddsVolume (HddsVolume.java:<init>(176)) - Creating Volume: /workdir/hadoop-ozone/integration-test/target/test-dir/MiniOzoneClusterImpl-80cc2eff-e08e-44d5-a632-61dd17984c66/datanode-4/data/containers/hdds of  storage type : DISK and capacity : 1482555576320
2019-08-22 09:35:48,902 [main] INFO  volume.VolumeSet (VolumeSet.java:initializeVolumeSet(170)) - Added Volume : /workdir/hadoop-ozone/integration-test/target/test-dir/MiniOzoneClusterImpl-80cc2eff-e08e-44d5-a632-61dd17984c66/datanode-4/data/containers/hdds to VolumeSet
2019-08-22 09:35:48,902 [main] INFO  volume.ThrottledAsyncChecker (ThrottledAsyncChecker.java:schedule(140)) - Scheduling a check for org.apache.hadoop.ozone.container.common.volume.HddsVolume@9677f54
2019-08-22 09:35:48,903 [main] INFO  volume.HddsVolumeChecker (HddsVolumeChecker.java:checkAllVolumes(203)) - Scheduled health check for volume org.apache.hadoop.ozone.container.common.volume.HddsVolume@9677f54
2019-08-22 09:35:48,919 [main] INFO  impl.RaftServerProxy (ConfUtils.java:logGet(43)) - raft.rpc.type = GRPC (default)
2019-08-22 09:35:48,919 [main] INFO  grpc.GrpcFactory (GrpcFactory.java:checkPooledByteBufAllocatorUseCacheForAllThreads(45)) - PERFORMANCE WARNING: useCacheForAllThreads is true that may cause Netty to create a lot garbage objects and, as a result, trigger GC.
	It is recommended to disable useCacheForAllThreads by setting -Dorg.apache.ratis.thirdparty.io.netty.allocator.useCacheForAllThreads=false in command line.
2019-08-22 09:35:48,919 [main] INFO  grpc.GrpcConfigKeys$Server (ConfUtils.java:logGet(43)) - raft.grpc.server.port = 0 (default)
2019-08-22 09:35:48,920 [main] INFO  server.GrpcService (ConfUtils.java:logGet(43)) - raft.grpc.message.size.max = 33570816 (custom)
2019-08-22 09:35:48,920 [main] INFO  server.RaftServerConfigKeys (ConfUtils.java:logGet(43)) - raft.server.log.appender.buffer.byte-limit = 33554432 (custom)
2019-08-22 09:35:48,920 [main] INFO  server.GrpcService (ConfUtils.java:logGet(43)) - raft.grpc.flow.control.window = 1MB (=1048576) (default)
2019-08-22 09:35:48,920 [main] INFO  server.RaftServerConfigKeys (ConfUtils.java:logGet(43)) - raft.server.rpc.request.timeout = 3000ms (default)
2019-08-22 09:35:48,921 [main] INFO  server.RaftServerConfigKeys (ConfUtils.java:logGet(43)) - raft.server.storage.dir = [/workdir/hadoop-ozone/integration-test/target/test-dir/MiniOzoneClusterImpl-80cc2eff-e08e-44d5-a632-61dd17984c66/datanode-4/data/ratis] (custom)
2019-08-22 09:35:48,921 [main] INFO  replication.SimpleContainerDownloader (SimpleContainerDownloader.java:<init>(72)) - Starting container downloader service to copy containers to replicate.
2019-08-22 09:35:48,922 [main] INFO  hdfs.DFSUtil (DFSUtil.java:httpServerTemplateForNNAndJN(1641)) - Starting Web-server for hddsDatanode at: http://0.0.0.0:0
2019-08-22 09:35:48,924 [main] INFO  server.AuthenticationFilter (AuthenticationFilter.java:constructSecretProvider(240)) - Unable to initialize FileSignerSecretProvider, falling back to use random secrets.
2019-08-22 09:35:48,924 [main] WARN  http.HttpRequestLog (HttpRequestLog.java:getRequestLog(97)) - Jetty request log can only be enabled using Log4j
2019-08-22 09:35:48,926 [main] INFO  http.HttpServer2 (HttpServer2.java:addGlobalFilter(975)) - Added global filter 'safety' (class=org.apache.hadoop.http.HttpServer2$QuotingInputFilter)
2019-08-22 09:35:48,927 [main] INFO  http.HttpServer2 (HttpServer2.java:addFilter(948)) - Added filter static_user_filter (class=org.apache.hadoop.http.lib.StaticUserWebFilter$StaticUserFilter) to context hddsDatanode
2019-08-22 09:35:48,927 [main] INFO  http.HttpServer2 (HttpServer2.java:addFilter(958)) - Added filter static_user_filter (class=org.apache.hadoop.http.lib.StaticUserWebFilter$StaticUserFilter) to context static
2019-08-22 09:35:48,928 [main] INFO  http.HttpServer2 (HttpServer2.java:addFilter(958)) - Added filter static_user_filter (class=org.apache.hadoop.http.lib.StaticUserWebFilter$StaticUserFilter) to context logs
2019-08-22 09:35:48,928 [main] INFO  http.HttpServer2 (HttpServer2.java:bindListener(1191)) - Jetty bound to port 41349
2019-08-22 09:35:48,929 [main] INFO  server.Server (Server.java:doStart(351)) - jetty-9.3.24.v20180605, build timestamp: 2018-06-05T17:11:56Z, git hash: 84205aa28f11a4f31f2a3b86d1bba2cc8ab69827
2019-08-22 09:35:48,931 [main] INFO  handler.ContextHandler (ContextHandler.java:doStart(781)) - Started o.e.j.s.ServletContextHandler@5713e35f{/logs,file:///workdir/hadoop-ozone/integration-test/target/log,AVAILABLE}
2019-08-22 09:35:48,932 [main] INFO  handler.ContextHandler (ContextHandler.java:doStart(781)) - Started o.e.j.s.ServletContextHandler@c42ee90{/static,jar:file:/home/user/.m2/repository/org/apache/hadoop/hadoop-hdds-container-service/0.5.0-SNAPSHOT/hadoop-hdds-container-service-0.5.0-SNAPSHOT.jar!/webapps/static,AVAILABLE}
2019-08-22 09:35:48,970 [main] INFO  handler.ContextHandler (ContextHandler.java:doStart(781)) - Started o.e.j.w.WebAppContext@566dc0c3{/,file:///tmp/jetty-0.0.0.0-41349-hddsDatanode-_-any-7862606648151877931.dir/webapp/,AVAILABLE}{/hddsDatanode}
2019-08-22 09:35:48,970 [main] INFO  server.AbstractConnector (AbstractConnector.java:doStart(278)) - Started ServerConnector@c925ae1{HTTP/1.1,[http/1.1]}{0.0.0.0:41349}
2019-08-22 09:35:48,973 [main] INFO  server.Server (Server.java:doStart(419)) - Started @264013ms
2019-08-22 09:35:48,974 [main] INFO  server.BaseHttpServer (BaseHttpServer.java:updateConnectorAddress(213)) - HTTP server of HDDSDATANODE is listening at http://0.0.0.0:41349
2019-08-22 09:35:49,109 | INFO  | ObjectStoreRestHttpServer | Listening HDDS REST traffic on /0.0.0.0:34071 |  
2019-08-22 09:35:49,110 [main] INFO  ozone.HddsDatanodeService (HddsDatanodeService.java:startPlugins(395)) - Started plug-in org.apache.hadoop.ozone.web.OzoneHddsDatanodeService@61799152
2019-08-22 09:35:49,111 [main] INFO  impl.MetricsSystemImpl (MetricsSystemImpl.java:init(158)) - HddsDatanode metrics system started (again)
2019-08-22 09:35:49,116 [org.apache.hadoop.util.JvmPauseMonitor$Monitor@1f87d698] INFO  util.JvmPauseMonitor (JvmPauseMonitor.java:run(188)) - Starting JVM pause monitor
2019-08-22 09:35:49,116 [main] INFO  ozone.HddsDatanodeService (HddsDatanodeService.java:start(184)) - HddsDatanodeService host:pr-hdds-1898-9jx57-4170240974 ip:192.168.36.85
2019-08-22 09:35:49,119 [Datanode State Machine Thread - 0] INFO  datanode.InitDatanodeState (InitDatanodeState.java:persistContainerDatanodeDetails(140)) - DatanodeDetails is persisted to /workdir/hadoop-ozone/integration-test/target/test-dir/MiniOzoneClusterImpl-80cc2eff-e08e-44d5-a632-61dd17984c66/datanode-4/meta/datanode.id
2019-08-22 09:35:49,128 [main] INFO  volume.HddsVolume (HddsVolume.java:<init>(176)) - Creating Volume: /workdir/hadoop-ozone/integration-test/target/test-dir/MiniOzoneClusterImpl-80cc2eff-e08e-44d5-a632-61dd17984c66/datanode-5/data/containers/hdds of  storage type : DISK and capacity : 1482555576320
2019-08-22 09:35:49,129 [main] INFO  volume.VolumeSet (VolumeSet.java:initializeVolumeSet(170)) - Added Volume : /workdir/hadoop-ozone/integration-test/target/test-dir/MiniOzoneClusterImpl-80cc2eff-e08e-44d5-a632-61dd17984c66/datanode-5/data/containers/hdds to VolumeSet
2019-08-22 09:35:49,129 [main] INFO  volume.ThrottledAsyncChecker (ThrottledAsyncChecker.java:schedule(140)) - Scheduling a check for org.apache.hadoop.ozone.container.common.volume.HddsVolume@57573880
2019-08-22 09:35:49,129 [main] INFO  volume.HddsVolumeChecker (HddsVolumeChecker.java:checkAllVolumes(203)) - Scheduled health check for volume org.apache.hadoop.ozone.container.common.volume.HddsVolume@57573880
2019-08-22 09:35:49,152 [main] INFO  impl.RaftServerProxy (ConfUtils.java:logGet(43)) - raft.rpc.type = GRPC (default)
2019-08-22 09:35:49,152 [main] INFO  grpc.GrpcFactory (GrpcFactory.java:checkPooledByteBufAllocatorUseCacheForAllThreads(45)) - PERFORMANCE WARNING: useCacheForAllThreads is true that may cause Netty to create a lot garbage objects and, as a result, trigger GC.
	It is recommended to disable useCacheForAllThreads by setting -Dorg.apache.ratis.thirdparty.io.netty.allocator.useCacheForAllThreads=false in command line.
2019-08-22 09:35:49,153 [main] INFO  grpc.GrpcConfigKeys$Server (ConfUtils.java:logGet(43)) - raft.grpc.server.port = 0 (default)
2019-08-22 09:35:49,153 [main] INFO  server.GrpcService (ConfUtils.java:logGet(43)) - raft.grpc.message.size.max = 33570816 (custom)
2019-08-22 09:35:49,153 [main] INFO  server.RaftServerConfigKeys (ConfUtils.java:logGet(43)) - raft.server.log.appender.buffer.byte-limit = 33554432 (custom)
2019-08-22 09:35:49,153 [main] INFO  server.GrpcService (ConfUtils.java:logGet(43)) - raft.grpc.flow.control.window = 1MB (=1048576) (default)
2019-08-22 09:35:49,153 [main] INFO  server.RaftServerConfigKeys (ConfUtils.java:logGet(43)) - raft.server.rpc.request.timeout = 3000ms (default)
2019-08-22 09:35:49,154 [main] INFO  server.RaftServerConfigKeys (ConfUtils.java:logGet(43)) - raft.server.storage.dir = [/workdir/hadoop-ozone/integration-test/target/test-dir/MiniOzoneClusterImpl-80cc2eff-e08e-44d5-a632-61dd17984c66/datanode-5/data/ratis] (custom)
2019-08-22 09:35:49,155 [main] INFO  replication.SimpleContainerDownloader (SimpleContainerDownloader.java:<init>(72)) - Starting container downloader service to copy containers to replicate.
2019-08-22 09:35:49,156 [main] INFO  hdfs.DFSUtil (DFSUtil.java:httpServerTemplateForNNAndJN(1641)) - Starting Web-server for hddsDatanode at: http://0.0.0.0:0
2019-08-22 09:35:49,158 [main] INFO  server.AuthenticationFilter (AuthenticationFilter.java:constructSecretProvider(240)) - Unable to initialize FileSignerSecretProvider, falling back to use random secrets.
2019-08-22 09:35:49,159 [main] WARN  http.HttpRequestLog (HttpRequestLog.java:getRequestLog(97)) - Jetty request log can only be enabled using Log4j
2019-08-22 09:35:49,161 [main] INFO  http.HttpServer2 (HttpServer2.java:addGlobalFilter(975)) - Added global filter 'safety' (class=org.apache.hadoop.http.HttpServer2$QuotingInputFilter)
2019-08-22 09:35:49,162 [main] INFO  http.HttpServer2 (HttpServer2.java:addFilter(948)) - Added filter static_user_filter (class=org.apache.hadoop.http.lib.StaticUserWebFilter$StaticUserFilter) to context hddsDatanode
2019-08-22 09:35:49,162 [main] INFO  http.HttpServer2 (HttpServer2.java:addFilter(958)) - Added filter static_user_filter (class=org.apache.hadoop.http.lib.StaticUserWebFilter$StaticUserFilter) to context static
2019-08-22 09:35:49,162 [main] INFO  http.HttpServer2 (HttpServer2.java:addFilter(958)) - Added filter static_user_filter (class=org.apache.hadoop.http.lib.StaticUserWebFilter$StaticUserFilter) to context logs
2019-08-22 09:35:49,163 [main] INFO  http.HttpServer2 (HttpServer2.java:bindListener(1191)) - Jetty bound to port 41764
2019-08-22 09:35:49,163 [main] INFO  server.Server (Server.java:doStart(351)) - jetty-9.3.24.v20180605, build timestamp: 2018-06-05T17:11:56Z, git hash: 84205aa28f11a4f31f2a3b86d1bba2cc8ab69827
2019-08-22 09:35:49,165 [main] INFO  handler.ContextHandler (ContextHandler.java:doStart(781)) - Started o.e.j.s.ServletContextHandler@5317a7ef{/logs,file:///workdir/hadoop-ozone/integration-test/target/log,AVAILABLE}
2019-08-22 09:35:49,166 [main] INFO  handler.ContextHandler (ContextHandler.java:doStart(781)) - Started o.e.j.s.ServletContextHandler@a422390{/static,jar:file:/home/user/.m2/repository/org/apache/hadoop/hadoop-hdds-container-service/0.5.0-SNAPSHOT/hadoop-hdds-container-service-0.5.0-SNAPSHOT.jar!/webapps/static,AVAILABLE}
2019-08-22 09:35:49,210 [main] INFO  handler.ContextHandler (ContextHandler.java:doStart(781)) - Started o.e.j.w.WebAppContext@68596992{/,file:///tmp/jetty-0.0.0.0-41764-hddsDatanode-_-any-6837950189312454428.dir/webapp/,AVAILABLE}{/hddsDatanode}
2019-08-22 09:35:49,210 [main] INFO  server.AbstractConnector (AbstractConnector.java:doStart(278)) - Started ServerConnector@5f0c45ae{HTTP/1.1,[http/1.1]}{0.0.0.0:41764}
2019-08-22 09:35:49,212 [main] INFO  server.Server (Server.java:doStart(419)) - Started @264252ms
2019-08-22 09:35:49,213 [main] INFO  server.BaseHttpServer (BaseHttpServer.java:updateConnectorAddress(213)) - HTTP server of HDDSDATANODE is listening at http://0.0.0.0:41764
2019-08-22 09:35:49,377 | INFO  | ObjectStoreRestHttpServer | Listening HDDS REST traffic on /0.0.0.0:36759 |  
2019-08-22 09:35:49,377 [main] INFO  ozone.HddsDatanodeService (HddsDatanodeService.java:startPlugins(395)) - Started plug-in org.apache.hadoop.ozone.web.OzoneHddsDatanodeService@109a462e
2019-08-22 09:35:49,377 [main] INFO  impl.MetricsSystemImpl (MetricsSystemImpl.java:init(158)) - HddsDatanode metrics system started (again)
2019-08-22 09:35:49,382 [org.apache.hadoop.util.JvmPauseMonitor$Monitor@42a11e96] INFO  util.JvmPauseMonitor (JvmPauseMonitor.java:run(188)) - Starting JVM pause monitor
2019-08-22 09:35:49,382 [main] INFO  ozone.HddsDatanodeService (HddsDatanodeService.java:start(184)) - HddsDatanodeService host:pr-hdds-1898-9jx57-4170240974 ip:192.168.36.85
2019-08-22 09:35:49,384 [Datanode State Machine Thread - 0] INFO  datanode.InitDatanodeState (InitDatanodeState.java:persistContainerDatanodeDetails(140)) - DatanodeDetails is persisted to /workdir/hadoop-ozone/integration-test/target/test-dir/MiniOzoneClusterImpl-80cc2eff-e08e-44d5-a632-61dd17984c66/datanode-5/meta/datanode.id
2019-08-22 09:35:49,394 [main] INFO  volume.HddsVolume (HddsVolume.java:<init>(176)) - Creating Volume: /workdir/hadoop-ozone/integration-test/target/test-dir/MiniOzoneClusterImpl-80cc2eff-e08e-44d5-a632-61dd17984c66/datanode-6/data/containers/hdds of  storage type : DISK and capacity : 1482555576320
2019-08-22 09:35:49,394 [main] INFO  volume.VolumeSet (VolumeSet.java:initializeVolumeSet(170)) - Added Volume : /workdir/hadoop-ozone/integration-test/target/test-dir/MiniOzoneClusterImpl-80cc2eff-e08e-44d5-a632-61dd17984c66/datanode-6/data/containers/hdds to VolumeSet
2019-08-22 09:35:49,395 [main] INFO  volume.ThrottledAsyncChecker (ThrottledAsyncChecker.java:schedule(140)) - Scheduling a check for org.apache.hadoop.ozone.container.common.volume.HddsVolume@44b99f09
2019-08-22 09:35:49,395 [main] INFO  volume.HddsVolumeChecker (HddsVolumeChecker.java:checkAllVolumes(203)) - Scheduled health check for volume org.apache.hadoop.ozone.container.common.volume.HddsVolume@44b99f09
2019-08-22 09:35:49,414 [main] INFO  impl.RaftServerProxy (ConfUtils.java:logGet(43)) - raft.rpc.type = GRPC (default)
2019-08-22 09:35:49,414 [main] INFO  grpc.GrpcFactory (GrpcFactory.java:checkPooledByteBufAllocatorUseCacheForAllThreads(45)) - PERFORMANCE WARNING: useCacheForAllThreads is true that may cause Netty to create a lot garbage objects and, as a result, trigger GC.
	It is recommended to disable useCacheForAllThreads by setting -Dorg.apache.ratis.thirdparty.io.netty.allocator.useCacheForAllThreads=false in command line.
2019-08-22 09:35:49,414 [main] INFO  grpc.GrpcConfigKeys$Server (ConfUtils.java:logGet(43)) - raft.grpc.server.port = 0 (default)
2019-08-22 09:35:49,414 [main] INFO  server.GrpcService (ConfUtils.java:logGet(43)) - raft.grpc.message.size.max = 33570816 (custom)
2019-08-22 09:35:49,414 [main] INFO  server.RaftServerConfigKeys (ConfUtils.java:logGet(43)) - raft.server.log.appender.buffer.byte-limit = 33554432 (custom)
2019-08-22 09:35:49,415 [main] INFO  server.GrpcService (ConfUtils.java:logGet(43)) - raft.grpc.flow.control.window = 1MB (=1048576) (default)
2019-08-22 09:35:49,415 [main] INFO  server.RaftServerConfigKeys (ConfUtils.java:logGet(43)) - raft.server.rpc.request.timeout = 3000ms (default)
2019-08-22 09:35:49,415 [main] INFO  server.RaftServerConfigKeys (ConfUtils.java:logGet(43)) - raft.server.storage.dir = [/workdir/hadoop-ozone/integration-test/target/test-dir/MiniOzoneClusterImpl-80cc2eff-e08e-44d5-a632-61dd17984c66/datanode-6/data/ratis] (custom)
2019-08-22 09:35:49,416 [main] INFO  replication.SimpleContainerDownloader (SimpleContainerDownloader.java:<init>(72)) - Starting container downloader service to copy containers to replicate.
2019-08-22 09:35:49,418 [main] INFO  hdfs.DFSUtil (DFSUtil.java:httpServerTemplateForNNAndJN(1641)) - Starting Web-server for hddsDatanode at: http://0.0.0.0:0
2019-08-22 09:35:49,420 [main] INFO  server.AuthenticationFilter (AuthenticationFilter.java:constructSecretProvider(240)) - Unable to initialize FileSignerSecretProvider, falling back to use random secrets.
2019-08-22 09:35:49,420 [main] WARN  http.HttpRequestLog (HttpRequestLog.java:getRequestLog(97)) - Jetty request log can only be enabled using Log4j
2019-08-22 09:35:49,422 [main] INFO  http.HttpServer2 (HttpServer2.java:addGlobalFilter(975)) - Added global filter 'safety' (class=org.apache.hadoop.http.HttpServer2$QuotingInputFilter)
2019-08-22 09:35:49,422 [main] INFO  http.HttpServer2 (HttpServer2.java:addFilter(948)) - Added filter static_user_filter (class=org.apache.hadoop.http.lib.StaticUserWebFilter$StaticUserFilter) to context hddsDatanode
2019-08-22 09:35:49,422 [main] INFO  http.HttpServer2 (HttpServer2.java:addFilter(958)) - Added filter static_user_filter (class=org.apache.hadoop.http.lib.StaticUserWebFilter$StaticUserFilter) to context logs
2019-08-22 09:35:49,423 [main] INFO  http.HttpServer2 (HttpServer2.java:addFilter(958)) - Added filter static_user_filter (class=org.apache.hadoop.http.lib.StaticUserWebFilter$StaticUserFilter) to context static
2019-08-22 09:35:49,423 [main] INFO  http.HttpServer2 (HttpServer2.java:bindListener(1191)) - Jetty bound to port 42407
2019-08-22 09:35:49,423 [main] INFO  server.Server (Server.java:doStart(351)) - jetty-9.3.24.v20180605, build timestamp: 2018-06-05T17:11:56Z, git hash: 84205aa28f11a4f31f2a3b86d1bba2cc8ab69827
2019-08-22 09:35:49,425 [main] INFO  handler.ContextHandler (ContextHandler.java:doStart(781)) - Started o.e.j.s.ServletContextHandler@138d85f8{/logs,file:///workdir/hadoop-ozone/integration-test/target/log,AVAILABLE}
2019-08-22 09:35:49,426 [main] INFO  handler.ContextHandler (ContextHandler.java:doStart(781)) - Started o.e.j.s.ServletContextHandler@2e29a7d{/static,jar:file:/home/user/.m2/repository/org/apache/hadoop/hadoop-hdds-container-service/0.5.0-SNAPSHOT/hadoop-hdds-container-service-0.5.0-SNAPSHOT.jar!/webapps/static,AVAILABLE}
2019-08-22 09:35:49,453 [main] INFO  handler.ContextHandler (ContextHandler.java:doStart(781)) - Started o.e.j.w.WebAppContext@695f382c{/,file:///tmp/jetty-0.0.0.0-42407-hddsDatanode-_-any-8883825773684526193.dir/webapp/,AVAILABLE}{/hddsDatanode}
2019-08-22 09:35:49,454 [main] INFO  server.AbstractConnector (AbstractConnector.java:doStart(278)) - Started ServerConnector@29fa465a{HTTP/1.1,[http/1.1]}{0.0.0.0:42407}
2019-08-22 09:35:49,458 [main] INFO  server.Server (Server.java:doStart(419)) - Started @264498ms
2019-08-22 09:35:49,459 [main] INFO  server.BaseHttpServer (BaseHttpServer.java:updateConnectorAddress(213)) - HTTP server of HDDSDATANODE is listening at http://0.0.0.0:42407
2019-08-22 09:35:49,617 | INFO  | ObjectStoreRestHttpServer | Listening HDDS REST traffic on /0.0.0.0:39083 |  
2019-08-22 09:35:49,618 [main] INFO  ozone.HddsDatanodeService (HddsDatanodeService.java:startPlugins(395)) - Started plug-in org.apache.hadoop.ozone.web.OzoneHddsDatanodeService@48149568
2019-08-22 09:35:49,618 [main] INFO  ozone.MiniOzoneClusterImpl (MiniOzoneClusterImpl.java:lambda$waitForClusterToBeReady$0(142)) - Waiting for cluster to be ready. Got 0 of 7 DN Heartbeats.
2019-08-22 09:35:49,620 [org.apache.hadoop.util.JvmPauseMonitor$Monitor@c6045d1] INFO  util.JvmPauseMonitor (JvmPauseMonitor.java:run(188)) - Starting JVM pause monitor
2019-08-22 09:35:49,621 [Datanode State Machine Thread - 0] INFO  datanode.InitDatanodeState (InitDatanodeState.java:persistContainerDatanodeDetails(140)) - DatanodeDetails is persisted to /workdir/hadoop-ozone/integration-test/target/test-dir/MiniOzoneClusterImpl-80cc2eff-e08e-44d5-a632-61dd17984c66/datanode-6/meta/datanode.id
2019-08-22 09:35:50,262 | INFO  | SCMAudit | user=jenkins1000 | ip=192.168.36.85 | op=GET_VERSION null | ret=SUCCESS |  
2019-08-22 09:35:50,481 | INFO  | SCMAudit | user=jenkins1000 | ip=192.168.36.85 | op=GET_VERSION null | ret=SUCCESS |  
2019-08-22 09:35:50,549 [Datanode State Machine Thread - 0] INFO  ozoneimpl.OzoneContainer (OzoneContainer.java:start(186)) - Attempting to start container services.
2019-08-22 09:35:50,549 [Datanode State Machine Thread - 0] INFO  ozoneimpl.OzoneContainer (OzoneContainer.java:start(186)) - Attempting to start container services.
2019-08-22 09:35:50,549 [Datanode State Machine Thread - 0] INFO  ozoneimpl.OzoneContainer (OzoneContainer.java:startContainerScrub(160)) - Background container scrubber has been disabled by hdds.containerscrub.enabled
2019-08-22 09:35:50,549 [Datanode State Machine Thread - 0] INFO  ozoneimpl.OzoneContainer (OzoneContainer.java:startContainerScrub(160)) - Background container scrubber has been disabled by hdds.containerscrub.enabled
2019-08-22 09:35:50,549 [Datanode State Machine Thread - 0] INFO  ratis.XceiverServerRatis (XceiverServerRatis.java:start(404)) - Starting XceiverServerRatis c75f594f-7fe8-46d5-8f5f-f3b104ff8c20 at port 0
2019-08-22 09:35:50,549 [Datanode State Machine Thread - 0] INFO  ratis.XceiverServerRatis (XceiverServerRatis.java:start(404)) - Starting XceiverServerRatis 928f99c2-e2f9-4772-8177-d8e129777645 at port 0
2019-08-22 09:35:50,569 [Datanode State Machine Thread - 0] INFO  impl.RaftServerProxy (RaftServerProxy.java:lambda$start$3(299)) - c75f594f-7fe8-46d5-8f5f-f3b104ff8c20: start RPC server
2019-08-22 09:35:50,569 [Datanode State Machine Thread - 0] INFO  impl.RaftServerProxy (RaftServerProxy.java:lambda$start$3(299)) - 928f99c2-e2f9-4772-8177-d8e129777645: start RPC server
2019-08-22 09:35:50,572 [Datanode State Machine Thread - 0] INFO  server.GrpcService (GrpcService.java:startImpl(149)) - 928f99c2-e2f9-4772-8177-d8e129777645: GrpcService started, listening on 0.0.0.0/0.0.0.0:35249
2019-08-22 09:35:50,572 [Datanode State Machine Thread - 0] INFO  server.GrpcService (GrpcService.java:startImpl(149)) - c75f594f-7fe8-46d5-8f5f-f3b104ff8c20: GrpcService started, listening on 0.0.0.0/0.0.0.0:45466
2019-08-22 09:35:50,572 [Datanode State Machine Thread - 0] INFO  ratis.XceiverServerRatis (XceiverServerRatis.java:start(414)) - XceiverServerRatis 928f99c2-e2f9-4772-8177-d8e129777645 is started using port 35249
2019-08-22 09:35:50,572 [Datanode State Machine Thread - 0] INFO  ratis.XceiverServerRatis (XceiverServerRatis.java:start(414)) - XceiverServerRatis c75f594f-7fe8-46d5-8f5f-f3b104ff8c20 is started using port 45466
2019-08-22 09:35:50,573 [Datanode State Machine Thread - 0] INFO  server.XceiverServerGrpc (XceiverServerGrpc.java:start(161)) - XceiverServerGrpc 928f99c2-e2f9-4772-8177-d8e129777645 is started using port 43696
2019-08-22 09:35:50,575 [Datanode State Machine Thread - 0] INFO  server.XceiverServerGrpc (XceiverServerGrpc.java:start(161)) - XceiverServerGrpc c75f594f-7fe8-46d5-8f5f-f3b104ff8c20 is started using port 45625
2019-08-22 09:35:50,618 [main] INFO  ozone.MiniOzoneClusterImpl (MiniOzoneClusterImpl.java:lambda$waitForClusterToBeReady$0(142)) - Waiting for cluster to be ready. Got 0 of 7 DN Heartbeats.
2019-08-22 09:35:50,694 | INFO  | SCMAudit | user=jenkins1000 | ip=192.168.36.85 | op=GET_VERSION null | ret=SUCCESS |  
2019-08-22 09:35:50,716 [Datanode State Machine Thread - 0] INFO  ozoneimpl.OzoneContainer (OzoneContainer.java:start(186)) - Attempting to start container services.
2019-08-22 09:35:50,716 [Datanode State Machine Thread - 0] INFO  ozoneimpl.OzoneContainer (OzoneContainer.java:startContainerScrub(160)) - Background container scrubber has been disabled by hdds.containerscrub.enabled
2019-08-22 09:35:50,716 [Datanode State Machine Thread - 0] INFO  ratis.XceiverServerRatis (XceiverServerRatis.java:start(404)) - Starting XceiverServerRatis 7e3ed9e5-7ea8-4d90-923a-b1baa67973a8 at port 0
2019-08-22 09:35:50,726 [Datanode State Machine Thread - 0] INFO  impl.RaftServerProxy (RaftServerProxy.java:lambda$start$3(299)) - 7e3ed9e5-7ea8-4d90-923a-b1baa67973a8: start RPC server
2019-08-22 09:35:50,726 [Datanode State Machine Thread - 0] INFO  server.GrpcService (GrpcService.java:startImpl(149)) - 7e3ed9e5-7ea8-4d90-923a-b1baa67973a8: GrpcService started, listening on 0.0.0.0/0.0.0.0:40333
2019-08-22 09:35:50,727 [Datanode State Machine Thread - 0] INFO  ratis.XceiverServerRatis (XceiverServerRatis.java:start(414)) - XceiverServerRatis 7e3ed9e5-7ea8-4d90-923a-b1baa67973a8 is started using port 40333
2019-08-22 09:35:50,727 [Datanode State Machine Thread - 0] INFO  server.XceiverServerGrpc (XceiverServerGrpc.java:start(161)) - XceiverServerGrpc 7e3ed9e5-7ea8-4d90-923a-b1baa67973a8 is started using port 34734
2019-08-22 09:35:50,891 | INFO  | SCMAudit | user=jenkins1000 | ip=192.168.36.85 | op=GET_VERSION null | ret=SUCCESS |  
2019-08-22 09:35:50,927 [Datanode State Machine Thread - 0] INFO  ozoneimpl.OzoneContainer (OzoneContainer.java:start(186)) - Attempting to start container services.
2019-08-22 09:35:50,928 [Datanode State Machine Thread - 0] INFO  ozoneimpl.OzoneContainer (OzoneContainer.java:startContainerScrub(160)) - Background container scrubber has been disabled by hdds.containerscrub.enabled
2019-08-22 09:35:50,928 [Datanode State Machine Thread - 0] INFO  ratis.XceiverServerRatis (XceiverServerRatis.java:start(404)) - Starting XceiverServerRatis 37dd13aa-6312-450c-897a-882b9a6833d0 at port 0
2019-08-22 09:35:50,937 [Datanode State Machine Thread - 0] INFO  impl.RaftServerProxy (RaftServerProxy.java:lambda$start$3(299)) - 37dd13aa-6312-450c-897a-882b9a6833d0: start RPC server
2019-08-22 09:35:50,940 [Datanode State Machine Thread - 0] INFO  server.GrpcService (GrpcService.java:startImpl(149)) - 37dd13aa-6312-450c-897a-882b9a6833d0: GrpcService started, listening on 0.0.0.0/0.0.0.0:45436
2019-08-22 09:35:50,940 [Datanode State Machine Thread - 0] INFO  ratis.XceiverServerRatis (XceiverServerRatis.java:start(414)) - XceiverServerRatis 37dd13aa-6312-450c-897a-882b9a6833d0 is started using port 45436
2019-08-22 09:35:50,941 [Datanode State Machine Thread - 0] INFO  server.XceiverServerGrpc (XceiverServerGrpc.java:start(161)) - XceiverServerGrpc 37dd13aa-6312-450c-897a-882b9a6833d0 is started using port 33882
2019-08-22 09:35:51,117 | INFO  | SCMAudit | user=jenkins1000 | ip=192.168.36.85 | op=GET_VERSION null | ret=SUCCESS |  
2019-08-22 09:35:51,144 [Datanode State Machine Thread - 0] INFO  ozoneimpl.OzoneContainer (OzoneContainer.java:start(186)) - Attempting to start container services.
2019-08-22 09:35:51,145 [Datanode State Machine Thread - 0] INFO  ozoneimpl.OzoneContainer (OzoneContainer.java:startContainerScrub(160)) - Background container scrubber has been disabled by hdds.containerscrub.enabled
2019-08-22 09:35:51,145 [Datanode State Machine Thread - 0] INFO  ratis.XceiverServerRatis (XceiverServerRatis.java:start(404)) - Starting XceiverServerRatis 4f4d579b-2395-4f8f-ab4b-4f7e52b3791b at port 0
2019-08-22 09:35:51,156 [Datanode State Machine Thread - 0] INFO  impl.RaftServerProxy (RaftServerProxy.java:lambda$start$3(299)) - 4f4d579b-2395-4f8f-ab4b-4f7e52b3791b: start RPC server
2019-08-22 09:35:51,157 [Datanode State Machine Thread - 0] INFO  server.GrpcService (GrpcService.java:startImpl(149)) - 4f4d579b-2395-4f8f-ab4b-4f7e52b3791b: GrpcService started, listening on 0.0.0.0/0.0.0.0:42308
2019-08-22 09:35:51,157 [Datanode State Machine Thread - 0] INFO  ratis.XceiverServerRatis (XceiverServerRatis.java:start(414)) - XceiverServerRatis 4f4d579b-2395-4f8f-ab4b-4f7e52b3791b is started using port 42308
2019-08-22 09:35:51,157 [Datanode State Machine Thread - 0] INFO  server.XceiverServerGrpc (XceiverServerGrpc.java:start(161)) - XceiverServerGrpc 4f4d579b-2395-4f8f-ab4b-4f7e52b3791b is started using port 36234
2019-08-22 09:35:51,383 | INFO  | SCMAudit | user=jenkins1000 | ip=192.168.36.85 | op=GET_VERSION null | ret=SUCCESS |  
2019-08-22 09:35:51,420 [Datanode State Machine Thread - 0] INFO  ozoneimpl.OzoneContainer (OzoneContainer.java:start(186)) - Attempting to start container services.
2019-08-22 09:35:51,420 [Datanode State Machine Thread - 0] INFO  ozoneimpl.OzoneContainer (OzoneContainer.java:startContainerScrub(160)) - Background container scrubber has been disabled by hdds.containerscrub.enabled
2019-08-22 09:35:51,420 [Datanode State Machine Thread - 0] INFO  ratis.XceiverServerRatis (XceiverServerRatis.java:start(404)) - Starting XceiverServerRatis ca66d9bc-c58f-4ab4-a4f7-21def37deae7 at port 0
2019-08-22 09:35:51,429 [Datanode State Machine Thread - 0] INFO  impl.RaftServerProxy (RaftServerProxy.java:lambda$start$3(299)) - ca66d9bc-c58f-4ab4-a4f7-21def37deae7: start RPC server
2019-08-22 09:35:51,430 [Datanode State Machine Thread - 0] INFO  server.GrpcService (GrpcService.java:startImpl(149)) - ca66d9bc-c58f-4ab4-a4f7-21def37deae7: GrpcService started, listening on 0.0.0.0/0.0.0.0:34878
2019-08-22 09:35:51,430 [Datanode State Machine Thread - 0] INFO  ratis.XceiverServerRatis (XceiverServerRatis.java:start(414)) - XceiverServerRatis ca66d9bc-c58f-4ab4-a4f7-21def37deae7 is started using port 34878
2019-08-22 09:35:51,434 [Datanode State Machine Thread - 0] INFO  server.XceiverServerGrpc (XceiverServerGrpc.java:start(161)) - XceiverServerGrpc ca66d9bc-c58f-4ab4-a4f7-21def37deae7 is started using port 44575
2019-08-22 09:35:51,619 [main] INFO  ozone.MiniOzoneClusterImpl (MiniOzoneClusterImpl.java:lambda$waitForClusterToBeReady$0(142)) - Waiting for cluster to be ready. Got 0 of 7 DN Heartbeats.
2019-08-22 09:35:51,621 | INFO  | SCMAudit | user=jenkins1000 | ip=192.168.36.85 | op=GET_VERSION null | ret=SUCCESS |  
2019-08-22 09:35:51,645 [Datanode State Machine Thread - 0] INFO  ozoneimpl.OzoneContainer (OzoneContainer.java:start(186)) - Attempting to start container services.
2019-08-22 09:35:51,645 [Datanode State Machine Thread - 0] INFO  ozoneimpl.OzoneContainer (OzoneContainer.java:startContainerScrub(160)) - Background container scrubber has been disabled by hdds.containerscrub.enabled
2019-08-22 09:35:51,646 [Datanode State Machine Thread - 0] INFO  ratis.XceiverServerRatis (XceiverServerRatis.java:start(404)) - Starting XceiverServerRatis bf450a64-9bba-4cb4-9d6d-a37eaaa67dc9 at port 0
2019-08-22 09:35:51,655 [Datanode State Machine Thread - 0] INFO  impl.RaftServerProxy (RaftServerProxy.java:lambda$start$3(299)) - bf450a64-9bba-4cb4-9d6d-a37eaaa67dc9: start RPC server
2019-08-22 09:35:51,655 [Datanode State Machine Thread - 0] INFO  server.GrpcService (GrpcService.java:startImpl(149)) - bf450a64-9bba-4cb4-9d6d-a37eaaa67dc9: GrpcService started, listening on 0.0.0.0/0.0.0.0:44036
2019-08-22 09:35:51,656 [Datanode State Machine Thread - 0] INFO  ratis.XceiverServerRatis (XceiverServerRatis.java:start(414)) - XceiverServerRatis bf450a64-9bba-4cb4-9d6d-a37eaaa67dc9 is started using port 44036
2019-08-22 09:35:51,656 [Datanode State Machine Thread - 0] INFO  server.XceiverServerGrpc (XceiverServerGrpc.java:start(161)) - XceiverServerGrpc bf450a64-9bba-4cb4-9d6d-a37eaaa67dc9 is started using port 45554
2019-08-22 09:35:52,261 [IPC Server handler 0 on 46757] INFO  net.NetworkTopology (NetworkTopologyImpl.java:add(110)) - Added a new node: /default-rack/c75f594f-7fe8-46d5-8f5f-f3b104ff8c20
2019-08-22 09:35:52,263 [IPC Server handler 0 on 46757] INFO  node.SCMNodeManager (SCMNodeManager.java:register(273)) - Registered Data node : c75f594f-7fe8-46d5-8f5f-f3b104ff8c20{ip: 192.168.36.85, host: pr-hdds-1898-9jx57-4170240974, networkLocation: /default-rack, certSerialId: null}
2019-08-22 09:35:52,265 [EventQueue-NodeRegistrationContainerReportForDataNodeSafeModeRule] INFO  safemode.SCMSafeModeManager (DataNodeSafeModeRule.java:process(71)) - SCM in safe mode. 1 DataNodes registered, 1 required.
2019-08-22 09:35:52,267 [EventQueue-NodeRegistrationContainerReportForDataNodeSafeModeRule] INFO  safemode.SCMSafeModeManager (SCMSafeModeManager.java:validateSafeModeExitRules(177)) - ScmSafeModeManager, all rules are successfully validated
2019-08-22 09:35:52,268 | INFO  | SCMAudit | user=jenkins1000 | ip=192.168.36.85 | op=REGISTER {datanodeDetails=c75f594f-7fe8-46d5-8f5f-f3b104ff8c20{ip: 192.168.36.85, host: pr-hdds-1898-9jx57-4170240974, networkLocation: /default-rack, certSerialId: null}} | ret=SUCCESS |  
2019-08-22 09:35:52,268 [EventQueue-NodeRegistrationContainerReportForDataNodeSafeModeRule] INFO  safemode.SCMSafeModeManager (SCMSafeModeManager.java:exitSafeMode(193)) - SCM exiting safe mode.
2019-08-22 09:35:52,309 [grpc-default-executor-6] INFO  impl.RaftServerProxy (RaftServerProxy.java:addNew(89)) - c75f594f-7fe8-46d5-8f5f-f3b104ff8c20: addNew group-2CADA4ED903A:[c75f594f-7fe8-46d5-8f5f-f3b104ff8c20:192.168.36.85:45466] returns group-2CADA4ED903A:java.util.concurrent.CompletableFuture@4c5f0736[Not completed]
2019-08-22 09:35:52,312 [pool-411-thread-1] INFO  impl.RaftServerImpl (RaftServerImpl.java:<init>(93)) - c75f594f-7fe8-46d5-8f5f-f3b104ff8c20: new RaftServerImpl for group-2CADA4ED903A:[c75f594f-7fe8-46d5-8f5f-f3b104ff8c20:192.168.36.85:45466] with ContainerStateMachine:uninitialized
2019-08-22 09:35:52,313 [pool-411-thread-1] INFO  server.RaftServerConfigKeys (ConfUtils.java:logGet(43)) - raft.server.rpc.timeout.min = 5s (custom)
2019-08-22 09:35:52,313 [pool-411-thread-1] INFO  server.RaftServerConfigKeys (ConfUtils.java:logGet(43)) - raft.server.rpc.timeout.max = 5200ms (custom)
2019-08-22 09:35:52,313 [pool-411-thread-1] INFO  server.RaftServerConfigKeys (ConfUtils.java:logGet(43)) - raft.server.rpcslowness.timeout = 120s (custom)
2019-08-22 09:35:52,313 [pool-411-thread-1] INFO  server.RaftServerConfigKeys (ConfUtils.java:logGet(43)) - raft.server.sleep.deviation.threshold = 300 (default)
2019-08-22 09:35:52,313 [pool-411-thread-1] INFO  server.RaftServerConfigKeys (ConfUtils.java:logGet(43)) - raft.server.log.appender.install.snapshot.enabled = false (custom)
2019-08-22 09:35:52,313 [pool-411-thread-1] INFO  impl.RaftServerImpl (ServerState.java:<init>(105)) - c75f594f-7fe8-46d5-8f5f-f3b104ff8c20:group-2CADA4ED903A ConfigurationManager, init=-1: [c75f594f-7fe8-46d5-8f5f-f3b104ff8c20:192.168.36.85:45466], old=null, confs=<EMPTY_MAP>
2019-08-22 09:35:52,314 [pool-411-thread-1] INFO  server.RaftServerConfigKeys (ConfUtils.java:logGet(43)) - raft.server.storage.dir = [/workdir/hadoop-ozone/integration-test/target/test-dir/MiniOzoneClusterImpl-80cc2eff-e08e-44d5-a632-61dd17984c66/datanode-0/data/ratis] (custom)
2019-08-22 09:35:52,315 [pool-411-thread-1] INFO  storage.RaftStorageDirectory (RaftStorageDirectory.java:analyzeStorage(246)) - The storage directory /workdir/hadoop-ozone/integration-test/target/test-dir/MiniOzoneClusterImpl-80cc2eff-e08e-44d5-a632-61dd17984c66/datanode-0/data/ratis/dc825bf7-1411-42be-85cc-2cada4ed903a does not exist. Creating ...
2019-08-22 09:35:52,345 [pool-411-thread-1] INFO  storage.RaftStorageDirectory (RaftStorageDirectory.java:tryLock(328)) - Lock on /workdir/hadoop-ozone/integration-test/target/test-dir/MiniOzoneClusterImpl-80cc2eff-e08e-44d5-a632-61dd17984c66/datanode-0/data/ratis/dc825bf7-1411-42be-85cc-2cada4ed903a/in_use.lock acquired by nodename 4402@pr-hdds-1898-9jx57-4170240974
2019-08-22 09:35:52,371 [pool-411-thread-1] INFO  storage.RaftStorage (RaftStorage.java:format(72)) - Storage directory /workdir/hadoop-ozone/integration-test/target/test-dir/MiniOzoneClusterImpl-80cc2eff-e08e-44d5-a632-61dd17984c66/datanode-0/data/ratis/dc825bf7-1411-42be-85cc-2cada4ed903a has been successfully formatted.
2019-08-22 09:35:52,371 [pool-411-thread-1] INFO  ratis.ContainerStateMachine (ContainerStateMachine.java:loadSnapshot(226)) - group-2CADA4ED903A: The snapshot info is null. Setting the last applied indexto:(t:0, i:~)
2019-08-22 09:35:52,371 [pool-411-thread-1] INFO  server.RaftServerConfigKeys (ConfUtils.java:logGet(43)) - raft.server.leader.election.timeout = 120s (custom)
2019-08-22 09:35:52,371 [pool-411-thread-1] INFO  server.RaftServerConfigKeys (ConfUtils.java:logGet(43)) - raft.server.log.use.memory = false (default)
2019-08-22 09:35:52,372 [pool-411-thread-1] INFO  server.RaftServerConfigKeys (ConfUtils.java:logGet(43)) - raft.server.log.purge.gap = 1000000 (custom)
2019-08-22 09:35:52,372 [pool-411-thread-1] INFO  server.RaftServerConfigKeys (ConfUtils.java:logGet(43)) - raft.server.log.appender.buffer.byte-limit = 33554432 (custom)
2019-08-22 09:35:52,372 [pool-411-thread-1] INFO  server.RaftServerConfigKeys (ConfUtils.java:logGet(43)) - raft.server.log.segment.size.max = 1048576 (custom)
2019-08-22 09:35:52,372 [pool-411-thread-1] INFO  server.RaftServerConfigKeys (ConfUtils.java:logGet(43)) - raft.server.log.segment.cache.num.max = 2 (custom)
2019-08-22 09:35:52,372 [pool-411-thread-1] INFO  segmented.SegmentedRaftLogWorker (SegmentedRaftLogWorker.java:<init>(172)) - new c75f594f-7fe8-46d5-8f5f-f3b104ff8c20-SegmentedRaftLogWorker:Storage Directory /workdir/hadoop-ozone/integration-test/target/test-dir/MiniOzoneClusterImpl-80cc2eff-e08e-44d5-a632-61dd17984c66/datanode-0/data/ratis/dc825bf7-1411-42be-85cc-2cada4ed903a for RaftStorage:Storage Directory /workdir/hadoop-ozone/integration-test/target/test-dir/MiniOzoneClusterImpl-80cc2eff-e08e-44d5-a632-61dd17984c66/datanode-0/data/ratis/dc825bf7-1411-42be-85cc-2cada4ed903a
2019-08-22 09:35:52,373 [pool-411-thread-1] INFO  server.RaftServerConfigKeys (ConfUtils.java:logGet(43)) - raft.server.log.queue.byte-limit = 2147483647 (custom)
2019-08-22 09:35:52,373 [pool-411-thread-1] INFO  server.RaftServerConfigKeys (ConfUtils.java:logGet(43)) - raft.server.log.queue.element-limit = 1024 (custom)
2019-08-22 09:35:52,373 [pool-411-thread-1] INFO  server.RaftServerConfigKeys (ConfUtils.java:logGet(43)) - raft.server.log.segment.size.max = 1048576 (custom)
2019-08-22 09:35:52,374 [pool-411-thread-1] INFO  server.RaftServerConfigKeys (ConfUtils.java:logGet(43)) - raft.server.log.preallocated.size = 16384 (custom)
2019-08-22 09:35:52,374 [pool-411-thread-1] INFO  server.RaftServerConfigKeys (ConfUtils.java:logGet(43)) - raft.server.log.write.buffer.size = 33554432 (custom)
2019-08-22 09:35:52,374 [pool-411-thread-1] INFO  server.RaftServerConfigKeys (ConfUtils.java:logGet(43)) - raft.server.log.force.sync.num = 128 (default)
2019-08-22 09:35:52,374 [pool-411-thread-1] INFO  server.RaftServerConfigKeys (ConfUtils.java:logGet(43)) - raft.server.log.statemachine.data.sync = true (default)
2019-08-22 09:35:52,374 [pool-411-thread-1] INFO  server.RaftServerConfigKeys (ConfUtils.java:logGet(43)) - raft.server.log.statemachine.data.sync.timeout = 10s (default)
2019-08-22 09:35:52,374 [pool-411-thread-1] INFO  server.RaftServerConfigKeys (ConfUtils.java:logGet(43)) - raft.server.log.statemachine.data.sync.timeout.retry = -1 (default)
2019-08-22 09:35:52,375 [pool-411-thread-1] INFO  server.RaftServerConfigKeys (ConfUtils.java:logGet(43)) - raft.server.log.statemachine.data.caching.enabled = true (custom)
2019-08-22 09:35:52,375 [pool-411-thread-1] INFO  segmented.SegmentedRaftLogWorker (SegmentedRaftLogWorker.java:lambda$new$0(132)) - c75f594f-7fe8-46d5-8f5f-f3b104ff8c20-SegmentedRaftLogWorker:Storage Directory /workdir/hadoop-ozone/integration-test/target/test-dir/MiniOzoneClusterImpl-80cc2eff-e08e-44d5-a632-61dd17984c66/datanode-0/data/ratis/dc825bf7-1411-42be-85cc-2cada4ed903a: flushIndex: setUnconditionally 0 -> -1
2019-08-22 09:35:52,376 [pool-411-thread-1] INFO  server.RaftServerConfigKeys (ConfUtils.java:logGet(43)) - raft.server.snapshot.auto.trigger.enabled = true (custom)
2019-08-22 09:35:52,376 [pool-411-thread-1] INFO  server.RaftServerConfigKeys (ConfUtils.java:logGet(43)) - raft.server.snapshot.auto.trigger.threshold = 10000 (custom)
2019-08-22 09:35:52,376 [pool-411-thread-1] INFO  server.RaftServerConfigKeys (ConfUtils.java:logGet(43)) - raft.server.retrycache.expirytime = 600000ms (custom)
2019-08-22 09:35:52,377 [pool-411-thread-1] INFO  impl.RaftServerImpl (RaftServerImpl.java:start(180)) - c75f594f-7fe8-46d5-8f5f-f3b104ff8c20: start group-2CADA4ED903A
2019-08-22 09:35:52,377 [pool-411-thread-1] INFO  impl.RaftServerImpl (RaftServerImpl.java:setRole(171)) - c75f594f-7fe8-46d5-8f5f-f3b104ff8c20:group-2CADA4ED903A changes role from null to FOLLOWER at term 0 for startAsFollower
2019-08-22 09:35:52,377 [pool-411-thread-1] INFO  impl.RoleInfo (RoleInfo.java:updateAndGet(143)) - c75f594f-7fe8-46d5-8f5f-f3b104ff8c20: start FollowerState
2019-08-22 09:35:52,379 [pool-411-thread-1] INFO  util.JmxRegister (JmxRegister.java:tryRegister(44)) - Successfully registered JMX Bean with object name Ratis:service=RaftServer,group=group-2CADA4ED903A,id=c75f594f-7fe8-46d5-8f5f-f3b104ff8c20
2019-08-22 09:35:52,384 [RatisPipelineUtilsThread] INFO  pipeline.PipelineStateManager (PipelineStateManager.java:addPipeline(56)) - Created pipeline Pipeline[ Id: dc825bf7-1411-42be-85cc-2cada4ed903a, Nodes: c75f594f-7fe8-46d5-8f5f-f3b104ff8c20{ip: 192.168.36.85, host: pr-hdds-1898-9jx57-4170240974, networkLocation: /default-rack, certSerialId: null}, Type:RATIS, Factor:ONE, State:OPEN]
2019-08-22 09:35:52,483 [IPC Server handler 3 on 46757] INFO  net.NetworkTopology (NetworkTopologyImpl.java:add(110)) - Added a new node: /default-rack/928f99c2-e2f9-4772-8177-d8e129777645
2019-08-22 09:35:52,483 [IPC Server handler 3 on 46757] INFO  node.SCMNodeManager (SCMNodeManager.java:register(273)) - Registered Data node : 928f99c2-e2f9-4772-8177-d8e129777645{ip: 192.168.36.85, host: pr-hdds-1898-9jx57-4170240974, networkLocation: /default-rack, certSerialId: null}
2019-08-22 09:35:52,484 | INFO  | SCMAudit | user=jenkins1000 | ip=192.168.36.85 | op=REGISTER {datanodeDetails=928f99c2-e2f9-4772-8177-d8e129777645{ip: 192.168.36.85, host: pr-hdds-1898-9jx57-4170240974, networkLocation: /default-rack, certSerialId: null}} | ret=SUCCESS |  
2019-08-22 09:35:52,492 [grpc-default-executor-6] INFO  impl.RaftServerProxy (RaftServerProxy.java:addNew(89)) - 928f99c2-e2f9-4772-8177-d8e129777645: addNew group-D24149C745D2:[928f99c2-e2f9-4772-8177-d8e129777645:192.168.36.85:35249] returns group-D24149C745D2:java.util.concurrent.CompletableFuture@340efa51[Not completed]
2019-08-22 09:35:52,494 [pool-422-thread-1] INFO  impl.RaftServerImpl (RaftServerImpl.java:<init>(93)) - 928f99c2-e2f9-4772-8177-d8e129777645: new RaftServerImpl for group-D24149C745D2:[928f99c2-e2f9-4772-8177-d8e129777645:192.168.36.85:35249] with ContainerStateMachine:uninitialized
2019-08-22 09:35:52,494 [pool-422-thread-1] INFO  server.RaftServerConfigKeys (ConfUtils.java:logGet(43)) - raft.server.rpc.timeout.min = 5s (custom)
2019-08-22 09:35:52,494 [pool-422-thread-1] INFO  server.RaftServerConfigKeys (ConfUtils.java:logGet(43)) - raft.server.rpc.timeout.max = 5200ms (custom)
2019-08-22 09:35:52,494 [pool-422-thread-1] INFO  server.RaftServerConfigKeys (ConfUtils.java:logGet(43)) - raft.server.rpcslowness.timeout = 120s (custom)
2019-08-22 09:35:52,494 [pool-422-thread-1] INFO  server.RaftServerConfigKeys (ConfUtils.java:logGet(43)) - raft.server.sleep.deviation.threshold = 300 (default)
2019-08-22 09:35:52,494 [pool-422-thread-1] INFO  server.RaftServerConfigKeys (ConfUtils.java:logGet(43)) - raft.server.log.appender.install.snapshot.enabled = false (custom)
2019-08-22 09:35:52,495 [pool-422-thread-1] INFO  impl.RaftServerImpl (ServerState.java:<init>(105)) - 928f99c2-e2f9-4772-8177-d8e129777645:group-D24149C745D2 ConfigurationManager, init=-1: [928f99c2-e2f9-4772-8177-d8e129777645:192.168.36.85:35249], old=null, confs=<EMPTY_MAP>
2019-08-22 09:35:52,495 [pool-422-thread-1] INFO  server.RaftServerConfigKeys (ConfUtils.java:logGet(43)) - raft.server.storage.dir = [/workdir/hadoop-ozone/integration-test/target/test-dir/MiniOzoneClusterImpl-80cc2eff-e08e-44d5-a632-61dd17984c66/datanode-1/data/ratis] (custom)
2019-08-22 09:35:52,495 [pool-422-thread-1] INFO  storage.RaftStorageDirectory (RaftStorageDirectory.java:analyzeStorage(246)) - The storage directory /workdir/hadoop-ozone/integration-test/target/test-dir/MiniOzoneClusterImpl-80cc2eff-e08e-44d5-a632-61dd17984c66/datanode-1/data/ratis/c4827d4a-6d4e-49ac-8bc2-d24149c745d2 does not exist. Creating ...
2019-08-22 09:35:52,521 [pool-422-thread-1] INFO  storage.RaftStorageDirectory (RaftStorageDirectory.java:tryLock(328)) - Lock on /workdir/hadoop-ozone/integration-test/target/test-dir/MiniOzoneClusterImpl-80cc2eff-e08e-44d5-a632-61dd17984c66/datanode-1/data/ratis/c4827d4a-6d4e-49ac-8bc2-d24149c745d2/in_use.lock acquired by nodename 4402@pr-hdds-1898-9jx57-4170240974
2019-08-22 09:35:52,546 [pool-422-thread-1] INFO  storage.RaftStorage (RaftStorage.java:format(72)) - Storage directory /workdir/hadoop-ozone/integration-test/target/test-dir/MiniOzoneClusterImpl-80cc2eff-e08e-44d5-a632-61dd17984c66/datanode-1/data/ratis/c4827d4a-6d4e-49ac-8bc2-d24149c745d2 has been successfully formatted.
2019-08-22 09:35:52,547 [pool-422-thread-1] INFO  ratis.ContainerStateMachine (ContainerStateMachine.java:loadSnapshot(226)) - group-D24149C745D2: The snapshot info is null. Setting the last applied indexto:(t:0, i:~)
2019-08-22 09:35:52,547 [pool-422-thread-1] INFO  server.RaftServerConfigKeys (ConfUtils.java:logGet(43)) - raft.server.leader.election.timeout = 120s (custom)
2019-08-22 09:35:52,547 [pool-422-thread-1] INFO  server.RaftServerConfigKeys (ConfUtils.java:logGet(43)) - raft.server.log.use.memory = false (default)
2019-08-22 09:35:52,547 [pool-422-thread-1] INFO  server.RaftServerConfigKeys (ConfUtils.java:logGet(43)) - raft.server.log.purge.gap = 1000000 (custom)
2019-08-22 09:35:52,547 [pool-422-thread-1] INFO  server.RaftServerConfigKeys (ConfUtils.java:logGet(43)) - raft.server.log.appender.buffer.byte-limit = 33554432 (custom)
2019-08-22 09:35:52,548 [pool-422-thread-1] INFO  server.RaftServerConfigKeys (ConfUtils.java:logGet(43)) - raft.server.log.segment.size.max = 1048576 (custom)
2019-08-22 09:35:52,548 [pool-422-thread-1] INFO  server.RaftServerConfigKeys (ConfUtils.java:logGet(43)) - raft.server.log.segment.cache.num.max = 2 (custom)
2019-08-22 09:35:52,548 [pool-422-thread-1] INFO  segmented.SegmentedRaftLogWorker (SegmentedRaftLogWorker.java:<init>(172)) - new 928f99c2-e2f9-4772-8177-d8e129777645-SegmentedRaftLogWorker:Storage Directory /workdir/hadoop-ozone/integration-test/target/test-dir/MiniOzoneClusterImpl-80cc2eff-e08e-44d5-a632-61dd17984c66/datanode-1/data/ratis/c4827d4a-6d4e-49ac-8bc2-d24149c745d2 for RaftStorage:Storage Directory /workdir/hadoop-ozone/integration-test/target/test-dir/MiniOzoneClusterImpl-80cc2eff-e08e-44d5-a632-61dd17984c66/datanode-1/data/ratis/c4827d4a-6d4e-49ac-8bc2-d24149c745d2
2019-08-22 09:35:52,548 [pool-422-thread-1] INFO  server.RaftServerConfigKeys (ConfUtils.java:logGet(43)) - raft.server.log.queue.byte-limit = 2147483647 (custom)
2019-08-22 09:35:52,548 [pool-422-thread-1] INFO  server.RaftServerConfigKeys (ConfUtils.java:logGet(43)) - raft.server.log.queue.element-limit = 1024 (custom)
2019-08-22 09:35:52,549 [pool-422-thread-1] INFO  server.RaftServerConfigKeys (ConfUtils.java:logGet(43)) - raft.server.log.segment.size.max = 1048576 (custom)
2019-08-22 09:35:52,549 [pool-422-thread-1] INFO  server.RaftServerConfigKeys (ConfUtils.java:logGet(43)) - raft.server.log.preallocated.size = 16384 (custom)
2019-08-22 09:35:52,549 [pool-422-thread-1] INFO  server.RaftServerConfigKeys (ConfUtils.java:logGet(43)) - raft.server.log.write.buffer.size = 33554432 (custom)
2019-08-22 09:35:52,549 [pool-422-thread-1] INFO  server.RaftServerConfigKeys (ConfUtils.java:logGet(43)) - raft.server.log.force.sync.num = 128 (default)
2019-08-22 09:35:52,549 [pool-422-thread-1] INFO  server.RaftServerConfigKeys (ConfUtils.java:logGet(43)) - raft.server.log.statemachine.data.sync = true (default)
2019-08-22 09:35:52,550 [pool-422-thread-1] INFO  server.RaftServerConfigKeys (ConfUtils.java:logGet(43)) - raft.server.log.statemachine.data.sync.timeout = 10s (default)
2019-08-22 09:35:52,550 [pool-422-thread-1] INFO  server.RaftServerConfigKeys (ConfUtils.java:logGet(43)) - raft.server.log.statemachine.data.sync.timeout.retry = -1 (default)
2019-08-22 09:35:52,550 [pool-422-thread-1] INFO  server.RaftServerConfigKeys (ConfUtils.java:logGet(43)) - raft.server.log.statemachine.data.caching.enabled = true (custom)
2019-08-22 09:35:52,550 [pool-422-thread-1] INFO  segmented.SegmentedRaftLogWorker (SegmentedRaftLogWorker.java:lambda$new$0(132)) - 928f99c2-e2f9-4772-8177-d8e129777645-SegmentedRaftLogWorker:Storage Directory /workdir/hadoop-ozone/integration-test/target/test-dir/MiniOzoneClusterImpl-80cc2eff-e08e-44d5-a632-61dd17984c66/datanode-1/data/ratis/c4827d4a-6d4e-49ac-8bc2-d24149c745d2: flushIndex: setUnconditionally 0 -> -1
2019-08-22 09:35:52,551 [pool-422-thread-1] INFO  server.RaftServerConfigKeys (ConfUtils.java:logGet(43)) - raft.server.snapshot.auto.trigger.enabled = true (custom)
2019-08-22 09:35:52,551 [pool-422-thread-1] INFO  server.RaftServerConfigKeys (ConfUtils.java:logGet(43)) - raft.server.snapshot.auto.trigger.threshold = 10000 (custom)
2019-08-22 09:35:52,551 [pool-422-thread-1] INFO  server.RaftServerConfigKeys (ConfUtils.java:logGet(43)) - raft.server.retrycache.expirytime = 600000ms (custom)
2019-08-22 09:35:52,551 [pool-422-thread-1] INFO  impl.RaftServerImpl (RaftServerImpl.java:start(180)) - 928f99c2-e2f9-4772-8177-d8e129777645: start group-D24149C745D2
2019-08-22 09:35:52,551 [pool-422-thread-1] INFO  impl.RaftServerImpl (RaftServerImpl.java:setRole(171)) - 928f99c2-e2f9-4772-8177-d8e129777645:group-D24149C745D2 changes role from null to FOLLOWER at term 0 for startAsFollower
2019-08-22 09:35:52,552 [pool-422-thread-1] INFO  impl.RoleInfo (RoleInfo.java:updateAndGet(143)) - 928f99c2-e2f9-4772-8177-d8e129777645: start FollowerState
2019-08-22 09:35:52,552 [pool-422-thread-1] INFO  util.JmxRegister (JmxRegister.java:tryRegister(44)) - Successfully registered JMX Bean with object name Ratis:service=RaftServer,group=group-D24149C745D2,id=928f99c2-e2f9-4772-8177-d8e129777645
2019-08-22 09:35:52,555 [RatisPipelineUtilsThread] INFO  pipeline.PipelineStateManager (PipelineStateManager.java:addPipeline(56)) - Created pipeline Pipeline[ Id: c4827d4a-6d4e-49ac-8bc2-d24149c745d2, Nodes: 928f99c2-e2f9-4772-8177-d8e129777645{ip: 192.168.36.85, host: pr-hdds-1898-9jx57-4170240974, networkLocation: /default-rack, certSerialId: null}, Type:RATIS, Factor:ONE, State:OPEN]
2019-08-22 09:35:52,620 [main] INFO  ozone.MiniOzoneClusterImpl (MiniOzoneClusterImpl.java:lambda$waitForClusterToBeReady$0(142)) - Waiting for cluster to be ready. Got 2 of 7 DN Heartbeats.
2019-08-22 09:35:52,695 [IPC Server handler 1 on 46757] INFO  net.NetworkTopology (NetworkTopologyImpl.java:add(110)) - Added a new node: /default-rack/7e3ed9e5-7ea8-4d90-923a-b1baa67973a8
2019-08-22 09:35:52,695 [IPC Server handler 1 on 46757] INFO  node.SCMNodeManager (SCMNodeManager.java:register(273)) - Registered Data node : 7e3ed9e5-7ea8-4d90-923a-b1baa67973a8{ip: 192.168.36.85, host: pr-hdds-1898-9jx57-4170240974, networkLocation: /default-rack, certSerialId: null}
2019-08-22 09:35:52,696 | INFO  | SCMAudit | user=jenkins1000 | ip=192.168.36.85 | op=REGISTER {datanodeDetails=7e3ed9e5-7ea8-4d90-923a-b1baa67973a8{ip: 192.168.36.85, host: pr-hdds-1898-9jx57-4170240974, networkLocation: /default-rack, certSerialId: null}} | ret=SUCCESS |  
2019-08-22 09:35:52,705 [grpc-default-executor-6] INFO  impl.RaftServerProxy (RaftServerProxy.java:addNew(89)) - 7e3ed9e5-7ea8-4d90-923a-b1baa67973a8: addNew group-7D434A94B9DF:[7e3ed9e5-7ea8-4d90-923a-b1baa67973a8:192.168.36.85:40333] returns group-7D434A94B9DF:java.util.concurrent.CompletableFuture@23487606[Not completed]
2019-08-22 09:35:52,706 [pool-433-thread-1] INFO  impl.RaftServerImpl (RaftServerImpl.java:<init>(93)) - 7e3ed9e5-7ea8-4d90-923a-b1baa67973a8: new RaftServerImpl for group-7D434A94B9DF:[7e3ed9e5-7ea8-4d90-923a-b1baa67973a8:192.168.36.85:40333] with ContainerStateMachine:uninitialized
2019-08-22 09:35:52,707 [pool-433-thread-1] INFO  server.RaftServerConfigKeys (ConfUtils.java:logGet(43)) - raft.server.rpc.timeout.min = 5s (custom)
2019-08-22 09:35:52,707 [pool-433-thread-1] INFO  server.RaftServerConfigKeys (ConfUtils.java:logGet(43)) - raft.server.rpc.timeout.max = 5200ms (custom)
2019-08-22 09:35:52,707 [pool-433-thread-1] INFO  server.RaftServerConfigKeys (ConfUtils.java:logGet(43)) - raft.server.rpcslowness.timeout = 120s (custom)
2019-08-22 09:35:52,707 [pool-433-thread-1] INFO  server.RaftServerConfigKeys (ConfUtils.java:logGet(43)) - raft.server.sleep.deviation.threshold = 300 (default)
2019-08-22 09:35:52,707 [pool-433-thread-1] INFO  server.RaftServerConfigKeys (ConfUtils.java:logGet(43)) - raft.server.log.appender.install.snapshot.enabled = false (custom)
2019-08-22 09:35:52,707 [pool-433-thread-1] INFO  impl.RaftServerImpl (ServerState.java:<init>(105)) - 7e3ed9e5-7ea8-4d90-923a-b1baa67973a8:group-7D434A94B9DF ConfigurationManager, init=-1: [7e3ed9e5-7ea8-4d90-923a-b1baa67973a8:192.168.36.85:40333], old=null, confs=<EMPTY_MAP>
2019-08-22 09:35:52,708 [pool-433-thread-1] INFO  server.RaftServerConfigKeys (ConfUtils.java:logGet(43)) - raft.server.storage.dir = [/workdir/hadoop-ozone/integration-test/target/test-dir/MiniOzoneClusterImpl-80cc2eff-e08e-44d5-a632-61dd17984c66/datanode-2/data/ratis] (custom)
2019-08-22 09:35:52,708 [pool-433-thread-1] INFO  storage.RaftStorageDirectory (RaftStorageDirectory.java:analyzeStorage(246)) - The storage directory /workdir/hadoop-ozone/integration-test/target/test-dir/MiniOzoneClusterImpl-80cc2eff-e08e-44d5-a632-61dd17984c66/datanode-2/data/ratis/7138de32-c22a-4e39-a47c-7d434a94b9df does not exist. Creating ...
2019-08-22 09:35:52,738 [pool-433-thread-1] INFO  storage.RaftStorageDirectory (RaftStorageDirectory.java:tryLock(328)) - Lock on /workdir/hadoop-ozone/integration-test/target/test-dir/MiniOzoneClusterImpl-80cc2eff-e08e-44d5-a632-61dd17984c66/datanode-2/data/ratis/7138de32-c22a-4e39-a47c-7d434a94b9df/in_use.lock acquired by nodename 4402@pr-hdds-1898-9jx57-4170240974
2019-08-22 09:35:52,764 [pool-433-thread-1] INFO  storage.RaftStorage (RaftStorage.java:format(72)) - Storage directory /workdir/hadoop-ozone/integration-test/target/test-dir/MiniOzoneClusterImpl-80cc2eff-e08e-44d5-a632-61dd17984c66/datanode-2/data/ratis/7138de32-c22a-4e39-a47c-7d434a94b9df has been successfully formatted.
2019-08-22 09:35:52,764 [pool-433-thread-1] INFO  ratis.ContainerStateMachine (ContainerStateMachine.java:loadSnapshot(226)) - group-7D434A94B9DF: The snapshot info is null. Setting the last applied indexto:(t:0, i:~)
2019-08-22 09:35:52,765 [pool-433-thread-1] INFO  server.RaftServerConfigKeys (ConfUtils.java:logGet(43)) - raft.server.leader.election.timeout = 120s (custom)
2019-08-22 09:35:52,765 [pool-433-thread-1] INFO  server.RaftServerConfigKeys (ConfUtils.java:logGet(43)) - raft.server.log.use.memory = false (default)
2019-08-22 09:35:52,765 [pool-433-thread-1] INFO  server.RaftServerConfigKeys (ConfUtils.java:logGet(43)) - raft.server.log.purge.gap = 1000000 (custom)
2019-08-22 09:35:52,765 [pool-433-thread-1] INFO  server.RaftServerConfigKeys (ConfUtils.java:logGet(43)) - raft.server.log.appender.buffer.byte-limit = 33554432 (custom)
2019-08-22 09:35:52,765 [pool-433-thread-1] INFO  server.RaftServerConfigKeys (ConfUtils.java:logGet(43)) - raft.server.log.segment.size.max = 1048576 (custom)
2019-08-22 09:35:52,766 [pool-433-thread-1] INFO  server.RaftServerConfigKeys (ConfUtils.java:logGet(43)) - raft.server.log.segment.cache.num.max = 2 (custom)
2019-08-22 09:35:52,766 [pool-433-thread-1] INFO  segmented.SegmentedRaftLogWorker (SegmentedRaftLogWorker.java:<init>(172)) - new 7e3ed9e5-7ea8-4d90-923a-b1baa67973a8-SegmentedRaftLogWorker:Storage Directory /workdir/hadoop-ozone/integration-test/target/test-dir/MiniOzoneClusterImpl-80cc2eff-e08e-44d5-a632-61dd17984c66/datanode-2/data/ratis/7138de32-c22a-4e39-a47c-7d434a94b9df for RaftStorage:Storage Directory /workdir/hadoop-ozone/integration-test/target/test-dir/MiniOzoneClusterImpl-80cc2eff-e08e-44d5-a632-61dd17984c66/datanode-2/data/ratis/7138de32-c22a-4e39-a47c-7d434a94b9df
2019-08-22 09:35:52,766 [pool-433-thread-1] INFO  server.RaftServerConfigKeys (ConfUtils.java:logGet(43)) - raft.server.log.queue.byte-limit = 2147483647 (custom)
2019-08-22 09:35:52,766 [pool-433-thread-1] INFO  server.RaftServerConfigKeys (ConfUtils.java:logGet(43)) - raft.server.log.queue.element-limit = 1024 (custom)
2019-08-22 09:35:52,767 [pool-433-thread-1] INFO  server.RaftServerConfigKeys (ConfUtils.java:logGet(43)) - raft.server.log.segment.size.max = 1048576 (custom)
2019-08-22 09:35:52,767 [pool-433-thread-1] INFO  server.RaftServerConfigKeys (ConfUtils.java:logGet(43)) - raft.server.log.preallocated.size = 16384 (custom)
2019-08-22 09:35:52,767 [pool-433-thread-1] INFO  server.RaftServerConfigKeys (ConfUtils.java:logGet(43)) - raft.server.log.write.buffer.size = 33554432 (custom)
2019-08-22 09:35:52,767 [pool-433-thread-1] INFO  server.RaftServerConfigKeys (ConfUtils.java:logGet(43)) - raft.server.log.force.sync.num = 128 (default)
2019-08-22 09:35:52,768 [pool-433-thread-1] INFO  server.RaftServerConfigKeys (ConfUtils.java:logGet(43)) - raft.server.log.statemachine.data.sync = true (default)
2019-08-22 09:35:52,768 [pool-433-thread-1] INFO  server.RaftServerConfigKeys (ConfUtils.java:logGet(43)) - raft.server.log.statemachine.data.sync.timeout = 10s (default)
2019-08-22 09:35:52,768 [pool-433-thread-1] INFO  server.RaftServerConfigKeys (ConfUtils.java:logGet(43)) - raft.server.log.statemachine.data.sync.timeout.retry = -1 (default)
2019-08-22 09:35:52,769 [pool-433-thread-1] INFO  server.RaftServerConfigKeys (ConfUtils.java:logGet(43)) - raft.server.log.statemachine.data.caching.enabled = true (custom)
2019-08-22 09:35:52,769 [pool-433-thread-1] INFO  segmented.SegmentedRaftLogWorker (SegmentedRaftLogWorker.java:lambda$new$0(132)) - 7e3ed9e5-7ea8-4d90-923a-b1baa67973a8-SegmentedRaftLogWorker:Storage Directory /workdir/hadoop-ozone/integration-test/target/test-dir/MiniOzoneClusterImpl-80cc2eff-e08e-44d5-a632-61dd17984c66/datanode-2/data/ratis/7138de32-c22a-4e39-a47c-7d434a94b9df: flushIndex: setUnconditionally 0 -> -1
2019-08-22 09:35:52,769 [pool-433-thread-1] INFO  server.RaftServerConfigKeys (ConfUtils.java:logGet(43)) - raft.server.snapshot.auto.trigger.enabled = true (custom)
2019-08-22 09:35:52,770 [pool-433-thread-1] INFO  server.RaftServerConfigKeys (ConfUtils.java:logGet(43)) - raft.server.snapshot.auto.trigger.threshold = 10000 (custom)
2019-08-22 09:35:52,770 [pool-433-thread-1] INFO  server.RaftServerConfigKeys (ConfUtils.java:logGet(43)) - raft.server.retrycache.expirytime = 600000ms (custom)
2019-08-22 09:35:52,770 [pool-433-thread-1] INFO  impl.RaftServerImpl (RaftServerImpl.java:start(180)) - 7e3ed9e5-7ea8-4d90-923a-b1baa67973a8: start group-7D434A94B9DF
2019-08-22 09:35:52,770 [pool-433-thread-1] INFO  impl.RaftServerImpl (RaftServerImpl.java:setRole(171)) - 7e3ed9e5-7ea8-4d90-923a-b1baa67973a8:group-7D434A94B9DF changes role from null to FOLLOWER at term 0 for startAsFollower
2019-08-22 09:35:52,771 [pool-433-thread-1] INFO  impl.RoleInfo (RoleInfo.java:updateAndGet(143)) - 7e3ed9e5-7ea8-4d90-923a-b1baa67973a8: start FollowerState
2019-08-22 09:35:52,771 [pool-433-thread-1] INFO  util.JmxRegister (JmxRegister.java:tryRegister(44)) - Successfully registered JMX Bean with object name Ratis:service=RaftServer,group=group-7D434A94B9DF,id=7e3ed9e5-7ea8-4d90-923a-b1baa67973a8
2019-08-22 09:35:52,774 [RatisPipelineUtilsThread] INFO  pipeline.PipelineStateManager (PipelineStateManager.java:addPipeline(56)) - Created pipeline Pipeline[ Id: 7138de32-c22a-4e39-a47c-7d434a94b9df, Nodes: 7e3ed9e5-7ea8-4d90-923a-b1baa67973a8{ip: 192.168.36.85, host: pr-hdds-1898-9jx57-4170240974, networkLocation: /default-rack, certSerialId: null}, Type:RATIS, Factor:ONE, State:OPEN]
2019-08-22 09:35:52,791 [grpc-default-executor-2] INFO  impl.RaftServerProxy (RaftServerProxy.java:addNew(89)) - c75f594f-7fe8-46d5-8f5f-f3b104ff8c20: addNew group-46B1F343BA37:[928f99c2-e2f9-4772-8177-d8e129777645:192.168.36.85:35249, c75f594f-7fe8-46d5-8f5f-f3b104ff8c20:192.168.36.85:45466, 7e3ed9e5-7ea8-4d90-923a-b1baa67973a8:192.168.36.85:40333] returns group-46B1F343BA37:java.util.concurrent.CompletableFuture@d7e89d4[Not completed]
2019-08-22 09:35:52,791 [grpc-default-executor-5] INFO  impl.RaftServerProxy (RaftServerProxy.java:addNew(89)) - 7e3ed9e5-7ea8-4d90-923a-b1baa67973a8: addNew group-46B1F343BA37:[928f99c2-e2f9-4772-8177-d8e129777645:192.168.36.85:35249, c75f594f-7fe8-46d5-8f5f-f3b104ff8c20:192.168.36.85:45466, 7e3ed9e5-7ea8-4d90-923a-b1baa67973a8:192.168.36.85:40333] returns group-46B1F343BA37:java.util.concurrent.CompletableFuture@72e4e0e5[Not completed]
2019-08-22 09:35:52,792 [grpc-default-executor-6] INFO  impl.RaftServerProxy (RaftServerProxy.java:addNew(89)) - 928f99c2-e2f9-4772-8177-d8e129777645: addNew group-46B1F343BA37:[928f99c2-e2f9-4772-8177-d8e129777645:192.168.36.85:35249, c75f594f-7fe8-46d5-8f5f-f3b104ff8c20:192.168.36.85:45466, 7e3ed9e5-7ea8-4d90-923a-b1baa67973a8:192.168.36.85:40333] returns group-46B1F343BA37:java.util.concurrent.CompletableFuture@10043a2[Not completed]
2019-08-22 09:35:52,792 [pool-411-thread-1] INFO  impl.RaftServerImpl (RaftServerImpl.java:<init>(93)) - c75f594f-7fe8-46d5-8f5f-f3b104ff8c20: new RaftServerImpl for group-46B1F343BA37:[928f99c2-e2f9-4772-8177-d8e129777645:192.168.36.85:35249, c75f594f-7fe8-46d5-8f5f-f3b104ff8c20:192.168.36.85:45466, 7e3ed9e5-7ea8-4d90-923a-b1baa67973a8:192.168.36.85:40333] with ContainerStateMachine:uninitialized
2019-08-22 09:35:52,793 [pool-411-thread-1] INFO  server.RaftServerConfigKeys (ConfUtils.java:logGet(43)) - raft.server.rpc.timeout.min = 5s (custom)
2019-08-22 09:35:52,793 [pool-411-thread-1] INFO  server.RaftServerConfigKeys (ConfUtils.java:logGet(43)) - raft.server.rpc.timeout.max = 5200ms (custom)
2019-08-22 09:35:52,793 [pool-411-thread-1] INFO  server.RaftServerConfigKeys (ConfUtils.java:logGet(43)) - raft.server.rpcslowness.timeout = 120s (custom)
2019-08-22 09:35:52,793 [pool-411-thread-1] INFO  server.RaftServerConfigKeys (ConfUtils.java:logGet(43)) - raft.server.sleep.deviation.threshold = 300 (default)
2019-08-22 09:35:52,793 [pool-422-thread-1] INFO  impl.RaftServerImpl (RaftServerImpl.java:<init>(93)) - 928f99c2-e2f9-4772-8177-d8e129777645: new RaftServerImpl for group-46B1F343BA37:[928f99c2-e2f9-4772-8177-d8e129777645:192.168.36.85:35249, c75f594f-7fe8-46d5-8f5f-f3b104ff8c20:192.168.36.85:45466, 7e3ed9e5-7ea8-4d90-923a-b1baa67973a8:192.168.36.85:40333] with ContainerStateMachine:uninitialized
2019-08-22 09:35:52,793 [pool-411-thread-1] INFO  server.RaftServerConfigKeys (ConfUtils.java:logGet(43)) - raft.server.log.appender.install.snapshot.enabled = false (custom)
2019-08-22 09:35:52,793 [pool-422-thread-1] INFO  server.RaftServerConfigKeys (ConfUtils.java:logGet(43)) - raft.server.rpc.timeout.min = 5s (custom)
2019-08-22 09:35:52,793 [pool-411-thread-1] INFO  impl.RaftServerImpl (ServerState.java:<init>(105)) - c75f594f-7fe8-46d5-8f5f-f3b104ff8c20:group-46B1F343BA37 ConfigurationManager, init=-1: [928f99c2-e2f9-4772-8177-d8e129777645:192.168.36.85:35249, c75f594f-7fe8-46d5-8f5f-f3b104ff8c20:192.168.36.85:45466, 7e3ed9e5-7ea8-4d90-923a-b1baa67973a8:192.168.36.85:40333], old=null, confs=<EMPTY_MAP>
2019-08-22 09:35:52,794 [pool-433-thread-1] INFO  impl.RaftServerImpl (RaftServerImpl.java:<init>(93)) - 7e3ed9e5-7ea8-4d90-923a-b1baa67973a8: new RaftServerImpl for group-46B1F343BA37:[928f99c2-e2f9-4772-8177-d8e129777645:192.168.36.85:35249, c75f594f-7fe8-46d5-8f5f-f3b104ff8c20:192.168.36.85:45466, 7e3ed9e5-7ea8-4d90-923a-b1baa67973a8:192.168.36.85:40333] with ContainerStateMachine:uninitialized
2019-08-22 09:35:52,794 [pool-422-thread-1] INFO  server.RaftServerConfigKeys (ConfUtils.java:logGet(43)) - raft.server.rpc.timeout.max = 5200ms (custom)
2019-08-22 09:35:52,794 [pool-433-thread-1] INFO  server.RaftServerConfigKeys (ConfUtils.java:logGet(43)) - raft.server.rpc.timeout.min = 5s (custom)
2019-08-22 09:35:52,794 [pool-411-thread-1] INFO  server.RaftServerConfigKeys (ConfUtils.java:logGet(43)) - raft.server.storage.dir = [/workdir/hadoop-ozone/integration-test/target/test-dir/MiniOzoneClusterImpl-80cc2eff-e08e-44d5-a632-61dd17984c66/datanode-0/data/ratis] (custom)
2019-08-22 09:35:52,794 [pool-433-thread-1] INFO  server.RaftServerConfigKeys (ConfUtils.java:logGet(43)) - raft.server.rpc.timeout.max = 5200ms (custom)
2019-08-22 09:35:52,794 [pool-422-thread-1] INFO  server.RaftServerConfigKeys (ConfUtils.java:logGet(43)) - raft.server.rpcslowness.timeout = 120s (custom)
2019-08-22 09:35:52,795 [pool-411-thread-1] INFO  storage.RaftStorageDirectory (RaftStorageDirectory.java:analyzeStorage(246)) - The storage directory /workdir/hadoop-ozone/integration-test/target/test-dir/MiniOzoneClusterImpl-80cc2eff-e08e-44d5-a632-61dd17984c66/datanode-0/data/ratis/aef5861c-4399-4962-955d-46b1f343ba37 does not exist. Creating ...
2019-08-22 09:35:52,794 [pool-433-thread-1] INFO  server.RaftServerConfigKeys (ConfUtils.java:logGet(43)) - raft.server.rpcslowness.timeout = 120s (custom)
2019-08-22 09:35:52,795 [pool-433-thread-1] INFO  server.RaftServerConfigKeys (ConfUtils.java:logGet(43)) - raft.server.sleep.deviation.threshold = 300 (default)
2019-08-22 09:35:52,795 [pool-422-thread-1] INFO  server.RaftServerConfigKeys (ConfUtils.java:logGet(43)) - raft.server.sleep.deviation.threshold = 300 (default)
2019-08-22 09:35:52,795 [pool-433-thread-1] INFO  server.RaftServerConfigKeys (ConfUtils.java:logGet(43)) - raft.server.log.appender.install.snapshot.enabled = false (custom)
2019-08-22 09:35:52,795 [pool-422-thread-1] INFO  server.RaftServerConfigKeys (ConfUtils.java:logGet(43)) - raft.server.log.appender.install.snapshot.enabled = false (custom)
2019-08-22 09:35:52,795 [pool-433-thread-1] INFO  impl.RaftServerImpl (ServerState.java:<init>(105)) - 7e3ed9e5-7ea8-4d90-923a-b1baa67973a8:group-46B1F343BA37 ConfigurationManager, init=-1: [928f99c2-e2f9-4772-8177-d8e129777645:192.168.36.85:35249, c75f594f-7fe8-46d5-8f5f-f3b104ff8c20:192.168.36.85:45466, 7e3ed9e5-7ea8-4d90-923a-b1baa67973a8:192.168.36.85:40333], old=null, confs=<EMPTY_MAP>
2019-08-22 09:35:52,796 [pool-422-thread-1] INFO  impl.RaftServerImpl (ServerState.java:<init>(105)) - 928f99c2-e2f9-4772-8177-d8e129777645:group-46B1F343BA37 ConfigurationManager, init=-1: [928f99c2-e2f9-4772-8177-d8e129777645:192.168.36.85:35249, c75f594f-7fe8-46d5-8f5f-f3b104ff8c20:192.168.36.85:45466, 7e3ed9e5-7ea8-4d90-923a-b1baa67973a8:192.168.36.85:40333], old=null, confs=<EMPTY_MAP>
2019-08-22 09:35:52,796 [pool-433-thread-1] INFO  server.RaftServerConfigKeys (ConfUtils.java:logGet(43)) - raft.server.storage.dir = [/workdir/hadoop-ozone/integration-test/target/test-dir/MiniOzoneClusterImpl-80cc2eff-e08e-44d5-a632-61dd17984c66/datanode-2/data/ratis] (custom)
2019-08-22 09:35:52,796 [pool-422-thread-1] INFO  server.RaftServerConfigKeys (ConfUtils.java:logGet(43)) - raft.server.storage.dir = [/workdir/hadoop-ozone/integration-test/target/test-dir/MiniOzoneClusterImpl-80cc2eff-e08e-44d5-a632-61dd17984c66/datanode-1/data/ratis] (custom)
2019-08-22 09:35:52,796 [pool-433-thread-1] INFO  storage.RaftStorageDirectory (RaftStorageDirectory.java:analyzeStorage(246)) - The storage directory /workdir/hadoop-ozone/integration-test/target/test-dir/MiniOzoneClusterImpl-80cc2eff-e08e-44d5-a632-61dd17984c66/datanode-2/data/ratis/aef5861c-4399-4962-955d-46b1f343ba37 does not exist. Creating ...
2019-08-22 09:35:52,796 [pool-422-thread-1] INFO  storage.RaftStorageDirectory (RaftStorageDirectory.java:analyzeStorage(246)) - The storage directory /workdir/hadoop-ozone/integration-test/target/test-dir/MiniOzoneClusterImpl-80cc2eff-e08e-44d5-a632-61dd17984c66/datanode-1/data/ratis/aef5861c-4399-4962-955d-46b1f343ba37 does not exist. Creating ...
2019-08-22 09:35:52,823 [pool-433-thread-1] INFO  storage.RaftStorageDirectory (RaftStorageDirectory.java:tryLock(328)) - Lock on /workdir/hadoop-ozone/integration-test/target/test-dir/MiniOzoneClusterImpl-80cc2eff-e08e-44d5-a632-61dd17984c66/datanode-2/data/ratis/aef5861c-4399-4962-955d-46b1f343ba37/in_use.lock acquired by nodename 4402@pr-hdds-1898-9jx57-4170240974
2019-08-22 09:35:52,823 [pool-411-thread-1] INFO  storage.RaftStorageDirectory (RaftStorageDirectory.java:tryLock(328)) - Lock on /workdir/hadoop-ozone/integration-test/target/test-dir/MiniOzoneClusterImpl-80cc2eff-e08e-44d5-a632-61dd17984c66/datanode-0/data/ratis/aef5861c-4399-4962-955d-46b1f343ba37/in_use.lock acquired by nodename 4402@pr-hdds-1898-9jx57-4170240974
2019-08-22 09:35:52,823 [pool-422-thread-1] INFO  storage.RaftStorageDirectory (RaftStorageDirectory.java:tryLock(328)) - Lock on /workdir/hadoop-ozone/integration-test/target/test-dir/MiniOzoneClusterImpl-80cc2eff-e08e-44d5-a632-61dd17984c66/datanode-1/data/ratis/aef5861c-4399-4962-955d-46b1f343ba37/in_use.lock acquired by nodename 4402@pr-hdds-1898-9jx57-4170240974
2019-08-22 09:35:52,848 [pool-433-thread-1] INFO  storage.RaftStorage (RaftStorage.java:format(72)) - Storage directory /workdir/hadoop-ozone/integration-test/target/test-dir/MiniOzoneClusterImpl-80cc2eff-e08e-44d5-a632-61dd17984c66/datanode-2/data/ratis/aef5861c-4399-4962-955d-46b1f343ba37 has been successfully formatted.
2019-08-22 09:35:52,848 [pool-422-thread-1] INFO  storage.RaftStorage (RaftStorage.java:format(72)) - Storage directory /workdir/hadoop-ozone/integration-test/target/test-dir/MiniOzoneClusterImpl-80cc2eff-e08e-44d5-a632-61dd17984c66/datanode-1/data/ratis/aef5861c-4399-4962-955d-46b1f343ba37 has been successfully formatted.
2019-08-22 09:35:52,848 [pool-411-thread-1] INFO  storage.RaftStorage (RaftStorage.java:format(72)) - Storage directory /workdir/hadoop-ozone/integration-test/target/test-dir/MiniOzoneClusterImpl-80cc2eff-e08e-44d5-a632-61dd17984c66/datanode-0/data/ratis/aef5861c-4399-4962-955d-46b1f343ba37 has been successfully formatted.
2019-08-22 09:35:52,849 [pool-433-thread-1] INFO  ratis.ContainerStateMachine (ContainerStateMachine.java:loadSnapshot(226)) - group-46B1F343BA37: The snapshot info is null. Setting the last applied indexto:(t:0, i:~)
2019-08-22 09:35:52,849 [pool-422-thread-1] INFO  ratis.ContainerStateMachine (ContainerStateMachine.java:loadSnapshot(226)) - group-46B1F343BA37: The snapshot info is null. Setting the last applied indexto:(t:0, i:~)
2019-08-22 09:35:52,849 [pool-433-thread-1] INFO  server.RaftServerConfigKeys (ConfUtils.java:logGet(43)) - raft.server.leader.election.timeout = 120s (custom)
2019-08-22 09:35:52,849 [pool-411-thread-1] INFO  ratis.ContainerStateMachine (ContainerStateMachine.java:loadSnapshot(226)) - group-46B1F343BA37: The snapshot info is null. Setting the last applied indexto:(t:0, i:~)
2019-08-22 09:35:52,849 [pool-433-thread-1] INFO  server.RaftServerConfigKeys (ConfUtils.java:logGet(43)) - raft.server.log.use.memory = false (default)
2019-08-22 09:35:52,849 [pool-422-thread-1] INFO  server.RaftServerConfigKeys (ConfUtils.java:logGet(43)) - raft.server.leader.election.timeout = 120s (custom)
2019-08-22 09:35:52,850 [pool-433-thread-1] INFO  server.RaftServerConfigKeys (ConfUtils.java:logGet(43)) - raft.server.log.purge.gap = 1000000 (custom)
2019-08-22 09:35:52,850 [pool-433-thread-1] INFO  server.RaftServerConfigKeys (ConfUtils.java:logGet(43)) - raft.server.log.appender.buffer.byte-limit = 33554432 (custom)
2019-08-22 09:35:52,849 [pool-411-thread-1] INFO  server.RaftServerConfigKeys (ConfUtils.java:logGet(43)) - raft.server.leader.election.timeout = 120s (custom)
2019-08-22 09:35:52,850 [pool-433-thread-1] INFO  server.RaftServerConfigKeys (ConfUtils.java:logGet(43)) - raft.server.log.segment.size.max = 1048576 (custom)
2019-08-22 09:35:52,850 [pool-422-thread-1] INFO  server.RaftServerConfigKeys (ConfUtils.java:logGet(43)) - raft.server.log.use.memory = false (default)
2019-08-22 09:35:52,850 [pool-433-thread-1] INFO  server.RaftServerConfigKeys (ConfUtils.java:logGet(43)) - raft.server.log.segment.cache.num.max = 2 (custom)
2019-08-22 09:35:52,851 [pool-433-thread-1] INFO  segmented.SegmentedRaftLogWorker (SegmentedRaftLogWorker.java:<init>(172)) - new 7e3ed9e5-7ea8-4d90-923a-b1baa67973a8-SegmentedRaftLogWorker:Storage Directory /workdir/hadoop-ozone/integration-test/target/test-dir/MiniOzoneClusterImpl-80cc2eff-e08e-44d5-a632-61dd17984c66/datanode-2/data/ratis/aef5861c-4399-4962-955d-46b1f343ba37 for RaftStorage:Storage Directory /workdir/hadoop-ozone/integration-test/target/test-dir/MiniOzoneClusterImpl-80cc2eff-e08e-44d5-a632-61dd17984c66/datanode-2/data/ratis/aef5861c-4399-4962-955d-46b1f343ba37
2019-08-22 09:35:52,850 [pool-411-thread-1] INFO  server.RaftServerConfigKeys (ConfUtils.java:logGet(43)) - raft.server.log.use.memory = false (default)
2019-08-22 09:35:52,851 [pool-433-thread-1] INFO  server.RaftServerConfigKeys (ConfUtils.java:logGet(43)) - raft.server.log.queue.byte-limit = 2147483647 (custom)
2019-08-22 09:35:52,850 [pool-422-thread-1] INFO  server.RaftServerConfigKeys (ConfUtils.java:logGet(43)) - raft.server.log.purge.gap = 1000000 (custom)
2019-08-22 09:35:52,851 [pool-433-thread-1] INFO  server.RaftServerConfigKeys (ConfUtils.java:logGet(43)) - raft.server.log.queue.element-limit = 1024 (custom)
2019-08-22 09:35:52,851 [pool-411-thread-1] INFO  server.RaftServerConfigKeys (ConfUtils.java:logGet(43)) - raft.server.log.purge.gap = 1000000 (custom)
2019-08-22 09:35:52,851 [pool-433-thread-1] INFO  server.RaftServerConfigKeys (ConfUtils.java:logGet(43)) - raft.server.log.segment.size.max = 1048576 (custom)
2019-08-22 09:35:52,851 [pool-422-thread-1] INFO  server.RaftServerConfigKeys (ConfUtils.java:logGet(43)) - raft.server.log.appender.buffer.byte-limit = 33554432 (custom)
2019-08-22 09:35:52,851 [pool-433-thread-1] INFO  server.RaftServerConfigKeys (ConfUtils.java:logGet(43)) - raft.server.log.preallocated.size = 16384 (custom)
2019-08-22 09:35:52,851 [pool-411-thread-1] INFO  server.RaftServerConfigKeys (ConfUtils.java:logGet(43)) - raft.server.log.appender.buffer.byte-limit = 33554432 (custom)
2019-08-22 09:35:52,852 [pool-433-thread-1] INFO  server.RaftServerConfigKeys (ConfUtils.java:logGet(43)) - raft.server.log.write.buffer.size = 33554432 (custom)
2019-08-22 09:35:52,852 [pool-433-thread-1] INFO  server.RaftServerConfigKeys (ConfUtils.java:logGet(43)) - raft.server.log.force.sync.num = 128 (default)
2019-08-22 09:35:52,852 [pool-422-thread-1] INFO  server.RaftServerConfigKeys (ConfUtils.java:logGet(43)) - raft.server.log.segment.size.max = 1048576 (custom)
2019-08-22 09:35:52,852 [pool-433-thread-1] INFO  server.RaftServerConfigKeys (ConfUtils.java:logGet(43)) - raft.server.log.statemachine.data.sync = true (default)
2019-08-22 09:35:52,852 [pool-411-thread-1] INFO  server.RaftServerConfigKeys (ConfUtils.java:logGet(43)) - raft.server.log.segment.size.max = 1048576 (custom)
2019-08-22 09:35:52,852 [pool-433-thread-1] INFO  server.RaftServerConfigKeys (ConfUtils.java:logGet(43)) - raft.server.log.statemachine.data.sync.timeout = 10s (default)
2019-08-22 09:35:52,852 [pool-422-thread-1] INFO  server.RaftServerConfigKeys (ConfUtils.java:logGet(43)) - raft.server.log.segment.cache.num.max = 2 (custom)
2019-08-22 09:35:52,853 [pool-433-thread-1] INFO  server.RaftServerConfigKeys (ConfUtils.java:logGet(43)) - raft.server.log.statemachine.data.sync.timeout.retry = -1 (default)
2019-08-22 09:35:52,853 [pool-411-thread-1] INFO  server.RaftServerConfigKeys (ConfUtils.java:logGet(43)) - raft.server.log.segment.cache.num.max = 2 (custom)
2019-08-22 09:35:52,853 [pool-433-thread-1] INFO  server.RaftServerConfigKeys (ConfUtils.java:logGet(43)) - raft.server.log.statemachine.data.caching.enabled = true (custom)
2019-08-22 09:35:52,853 [pool-422-thread-1] INFO  segmented.SegmentedRaftLogWorker (SegmentedRaftLogWorker.java:<init>(172)) - new 928f99c2-e2f9-4772-8177-d8e129777645-SegmentedRaftLogWorker:Storage Directory /workdir/hadoop-ozone/integration-test/target/test-dir/MiniOzoneClusterImpl-80cc2eff-e08e-44d5-a632-61dd17984c66/datanode-1/data/ratis/aef5861c-4399-4962-955d-46b1f343ba37 for RaftStorage:Storage Directory /workdir/hadoop-ozone/integration-test/target/test-dir/MiniOzoneClusterImpl-80cc2eff-e08e-44d5-a632-61dd17984c66/datanode-1/data/ratis/aef5861c-4399-4962-955d-46b1f343ba37
2019-08-22 09:35:52,853 [pool-433-thread-1] INFO  segmented.SegmentedRaftLogWorker (SegmentedRaftLogWorker.java:lambda$new$0(132)) - 7e3ed9e5-7ea8-4d90-923a-b1baa67973a8-SegmentedRaftLogWorker:Storage Directory /workdir/hadoop-ozone/integration-test/target/test-dir/MiniOzoneClusterImpl-80cc2eff-e08e-44d5-a632-61dd17984c66/datanode-2/data/ratis/aef5861c-4399-4962-955d-46b1f343ba37: flushIndex: setUnconditionally 0 -> -1
2019-08-22 09:35:52,853 [pool-411-thread-1] INFO  segmented.SegmentedRaftLogWorker (SegmentedRaftLogWorker.java:<init>(172)) - new c75f594f-7fe8-46d5-8f5f-f3b104ff8c20-SegmentedRaftLogWorker:Storage Directory /workdir/hadoop-ozone/integration-test/target/test-dir/MiniOzoneClusterImpl-80cc2eff-e08e-44d5-a632-61dd17984c66/datanode-0/data/ratis/aef5861c-4399-4962-955d-46b1f343ba37 for RaftStorage:Storage Directory /workdir/hadoop-ozone/integration-test/target/test-dir/MiniOzoneClusterImpl-80cc2eff-e08e-44d5-a632-61dd17984c66/datanode-0/data/ratis/aef5861c-4399-4962-955d-46b1f343ba37
2019-08-22 09:35:52,854 [pool-422-thread-1] INFO  server.RaftServerConfigKeys (ConfUtils.java:logGet(43)) - raft.server.log.queue.byte-limit = 2147483647 (custom)
2019-08-22 09:35:52,854 [pool-433-thread-1] INFO  server.RaftServerConfigKeys (ConfUtils.java:logGet(43)) - raft.server.snapshot.auto.trigger.enabled = true (custom)
2019-08-22 09:35:52,854 [pool-411-thread-1] INFO  server.RaftServerConfigKeys (ConfUtils.java:logGet(43)) - raft.server.log.queue.byte-limit = 2147483647 (custom)
2019-08-22 09:35:52,854 [pool-433-thread-1] INFO  server.RaftServerConfigKeys (ConfUtils.java:logGet(43)) - raft.server.snapshot.auto.trigger.threshold = 10000 (custom)
2019-08-22 09:35:52,854 [pool-422-thread-1] INFO  server.RaftServerConfigKeys (ConfUtils.java:logGet(43)) - raft.server.log.queue.element-limit = 1024 (custom)
2019-08-22 09:35:52,854 [pool-433-thread-1] INFO  server.RaftServerConfigKeys (ConfUtils.java:logGet(43)) - raft.server.retrycache.expirytime = 600000ms (custom)
2019-08-22 09:35:52,854 [pool-411-thread-1] INFO  server.RaftServerConfigKeys (ConfUtils.java:logGet(43)) - raft.server.log.queue.element-limit = 1024 (custom)
2019-08-22 09:35:52,855 [pool-433-thread-1] INFO  impl.RaftServerImpl (RaftServerImpl.java:start(180)) - 7e3ed9e5-7ea8-4d90-923a-b1baa67973a8: start group-46B1F343BA37
2019-08-22 09:35:52,854 [pool-422-thread-1] INFO  server.RaftServerConfigKeys (ConfUtils.java:logGet(43)) - raft.server.log.segment.size.max = 1048576 (custom)
2019-08-22 09:35:52,855 [pool-433-thread-1] INFO  impl.RaftServerImpl (RaftServerImpl.java:setRole(171)) - 7e3ed9e5-7ea8-4d90-923a-b1baa67973a8:group-46B1F343BA37 changes role from null to FOLLOWER at term 0 for startAsFollower
2019-08-22 09:35:52,855 [pool-411-thread-1] INFO  server.RaftServerConfigKeys (ConfUtils.java:logGet(43)) - raft.server.log.segment.size.max = 1048576 (custom)
2019-08-22 09:35:52,855 [pool-433-thread-1] INFO  impl.RoleInfo (RoleInfo.java:updateAndGet(143)) - 7e3ed9e5-7ea8-4d90-923a-b1baa67973a8: start FollowerState
2019-08-22 09:35:52,855 [pool-422-thread-1] INFO  server.RaftServerConfigKeys (ConfUtils.java:logGet(43)) - raft.server.log.preallocated.size = 16384 (custom)
2019-08-22 09:35:52,855 [pool-411-thread-1] INFO  server.RaftServerConfigKeys (ConfUtils.java:logGet(43)) - raft.server.log.preallocated.size = 16384 (custom)
2019-08-22 09:35:52,856 [pool-422-thread-1] INFO  server.RaftServerConfigKeys (ConfUtils.java:logGet(43)) - raft.server.log.write.buffer.size = 33554432 (custom)
2019-08-22 09:35:52,856 [pool-433-thread-1] INFO  util.JmxRegister (JmxRegister.java:tryRegister(44)) - Successfully registered JMX Bean with object name Ratis:service=RaftServer,group=group-46B1F343BA37,id=7e3ed9e5-7ea8-4d90-923a-b1baa67973a8
2019-08-22 09:35:52,856 [pool-411-thread-1] INFO  server.RaftServerConfigKeys (ConfUtils.java:logGet(43)) - raft.server.log.write.buffer.size = 33554432 (custom)
2019-08-22 09:35:52,856 [pool-422-thread-1] INFO  server.RaftServerConfigKeys (ConfUtils.java:logGet(43)) - raft.server.log.force.sync.num = 128 (default)
2019-08-22 09:35:52,856 [pool-411-thread-1] INFO  server.RaftServerConfigKeys (ConfUtils.java:logGet(43)) - raft.server.log.force.sync.num = 128 (default)
2019-08-22 09:35:52,856 [pool-422-thread-1] INFO  server.RaftServerConfigKeys (ConfUtils.java:logGet(43)) - raft.server.log.statemachine.data.sync = true (default)
2019-08-22 09:35:52,856 [pool-411-thread-1] INFO  server.RaftServerConfigKeys (ConfUtils.java:logGet(43)) - raft.server.log.statemachine.data.sync = true (default)
2019-08-22 09:35:52,857 [pool-422-thread-1] INFO  server.RaftServerConfigKeys (ConfUtils.java:logGet(43)) - raft.server.log.statemachine.data.sync.timeout = 10s (default)
2019-08-22 09:35:52,857 [pool-411-thread-1] INFO  server.RaftServerConfigKeys (ConfUtils.java:logGet(43)) - raft.server.log.statemachine.data.sync.timeout = 10s (default)
2019-08-22 09:35:52,857 [pool-422-thread-1] INFO  server.RaftServerConfigKeys (ConfUtils.java:logGet(43)) - raft.server.log.statemachine.data.sync.timeout.retry = -1 (default)
2019-08-22 09:35:52,857 [pool-411-thread-1] INFO  server.RaftServerConfigKeys (ConfUtils.java:logGet(43)) - raft.server.log.statemachine.data.sync.timeout.retry = -1 (default)
2019-08-22 09:35:52,857 [pool-422-thread-1] INFO  server.RaftServerConfigKeys (ConfUtils.java:logGet(43)) - raft.server.log.statemachine.data.caching.enabled = true (custom)
2019-08-22 09:35:52,857 [pool-411-thread-1] INFO  server.RaftServerConfigKeys (ConfUtils.java:logGet(43)) - raft.server.log.statemachine.data.caching.enabled = true (custom)
2019-08-22 09:35:52,858 [pool-422-thread-1] INFO  segmented.SegmentedRaftLogWorker (SegmentedRaftLogWorker.java:lambda$new$0(132)) - 928f99c2-e2f9-4772-8177-d8e129777645-SegmentedRaftLogWorker:Storage Directory /workdir/hadoop-ozone/integration-test/target/test-dir/MiniOzoneClusterImpl-80cc2eff-e08e-44d5-a632-61dd17984c66/datanode-1/data/ratis/aef5861c-4399-4962-955d-46b1f343ba37: flushIndex: setUnconditionally 0 -> -1
2019-08-22 09:35:52,858 [pool-411-thread-1] INFO  segmented.SegmentedRaftLogWorker (SegmentedRaftLogWorker.java:lambda$new$0(132)) - c75f594f-7fe8-46d5-8f5f-f3b104ff8c20-SegmentedRaftLogWorker:Storage Directory /workdir/hadoop-ozone/integration-test/target/test-dir/MiniOzoneClusterImpl-80cc2eff-e08e-44d5-a632-61dd17984c66/datanode-0/data/ratis/aef5861c-4399-4962-955d-46b1f343ba37: flushIndex: setUnconditionally 0 -> -1
2019-08-22 09:35:52,858 [pool-422-thread-1] INFO  server.RaftServerConfigKeys (ConfUtils.java:logGet(43)) - raft.server.snapshot.auto.trigger.enabled = true (custom)
2019-08-22 09:35:52,858 [pool-411-thread-1] INFO  server.RaftServerConfigKeys (ConfUtils.java:logGet(43)) - raft.server.snapshot.auto.trigger.enabled = true (custom)
2019-08-22 09:35:52,858 [pool-422-thread-1] INFO  server.RaftServerConfigKeys (ConfUtils.java:logGet(43)) - raft.server.snapshot.auto.trigger.threshold = 10000 (custom)
2019-08-22 09:35:52,859 [pool-411-thread-1] INFO  server.RaftServerConfigKeys (ConfUtils.java:logGet(43)) - raft.server.snapshot.auto.trigger.threshold = 10000 (custom)
2019-08-22 09:35:52,859 [pool-422-thread-1] INFO  server.RaftServerConfigKeys (ConfUtils.java:logGet(43)) - raft.server.retrycache.expirytime = 600000ms (custom)
2019-08-22 09:35:52,859 [pool-411-thread-1] INFO  server.RaftServerConfigKeys (ConfUtils.java:logGet(43)) - raft.server.retrycache.expirytime = 600000ms (custom)
2019-08-22 09:35:52,859 [pool-422-thread-1] INFO  impl.RaftServerImpl (RaftServerImpl.java:start(180)) - 928f99c2-e2f9-4772-8177-d8e129777645: start group-46B1F343BA37
2019-08-22 09:35:52,859 [pool-411-thread-1] INFO  impl.RaftServerImpl (RaftServerImpl.java:start(180)) - c75f594f-7fe8-46d5-8f5f-f3b104ff8c20: start group-46B1F343BA37
2019-08-22 09:35:52,859 [pool-422-thread-1] INFO  impl.RaftServerImpl (RaftServerImpl.java:setRole(171)) - 928f99c2-e2f9-4772-8177-d8e129777645:group-46B1F343BA37 changes role from null to FOLLOWER at term 0 for startAsFollower
2019-08-22 09:35:52,859 [pool-411-thread-1] INFO  impl.RaftServerImpl (RaftServerImpl.java:setRole(171)) - c75f594f-7fe8-46d5-8f5f-f3b104ff8c20:group-46B1F343BA37 changes role from null to FOLLOWER at term 0 for startAsFollower
2019-08-22 09:35:52,860 [pool-422-thread-1] INFO  impl.RoleInfo (RoleInfo.java:updateAndGet(143)) - 928f99c2-e2f9-4772-8177-d8e129777645: start FollowerState
2019-08-22 09:35:52,860 [pool-411-thread-1] INFO  impl.RoleInfo (RoleInfo.java:updateAndGet(143)) - c75f594f-7fe8-46d5-8f5f-f3b104ff8c20: start FollowerState
2019-08-22 09:35:52,860 [pool-422-thread-1] INFO  util.JmxRegister (JmxRegister.java:tryRegister(44)) - Successfully registered JMX Bean with object name Ratis:service=RaftServer,group=group-46B1F343BA37,id=928f99c2-e2f9-4772-8177-d8e129777645
2019-08-22 09:35:52,860 [pool-411-thread-1] INFO  util.JmxRegister (JmxRegister.java:tryRegister(44)) - Successfully registered JMX Bean with object name Ratis:service=RaftServer,group=group-46B1F343BA37,id=c75f594f-7fe8-46d5-8f5f-f3b104ff8c20
2019-08-22 09:35:52,864 [RatisPipelineUtilsThread] INFO  pipeline.PipelineStateManager (PipelineStateManager.java:addPipeline(56)) - Created pipeline Pipeline[ Id: aef5861c-4399-4962-955d-46b1f343ba37, Nodes: 928f99c2-e2f9-4772-8177-d8e129777645{ip: 192.168.36.85, host: pr-hdds-1898-9jx57-4170240974, networkLocation: /default-rack, certSerialId: null}7e3ed9e5-7ea8-4d90-923a-b1baa67973a8{ip: 192.168.36.85, host: pr-hdds-1898-9jx57-4170240974, networkLocation: /default-rack, certSerialId: null}c75f594f-7fe8-46d5-8f5f-f3b104ff8c20{ip: 192.168.36.85, host: pr-hdds-1898-9jx57-4170240974, networkLocation: /default-rack, certSerialId: null}, Type:RATIS, Factor:THREE, State:OPEN]
2019-08-22 09:35:52,893 [IPC Server handler 5 on 46757] INFO  net.NetworkTopology (NetworkTopologyImpl.java:add(110)) - Added a new node: /default-rack/37dd13aa-6312-450c-897a-882b9a6833d0
2019-08-22 09:35:52,893 [IPC Server handler 5 on 46757] INFO  node.SCMNodeManager (SCMNodeManager.java:register(273)) - Registered Data node : 37dd13aa-6312-450c-897a-882b9a6833d0{ip: 192.168.36.85, host: pr-hdds-1898-9jx57-4170240974, networkLocation: /default-rack, certSerialId: null}
2019-08-22 09:35:52,893 | INFO  | SCMAudit | user=jenkins1000 | ip=192.168.36.85 | op=REGISTER {datanodeDetails=37dd13aa-6312-450c-897a-882b9a6833d0{ip: 192.168.36.85, host: pr-hdds-1898-9jx57-4170240974, networkLocation: /default-rack, certSerialId: null}} | ret=SUCCESS |  
2019-08-22 09:35:52,902 [grpc-default-executor-6] INFO  impl.RaftServerProxy (RaftServerProxy.java:addNew(89)) - 37dd13aa-6312-450c-897a-882b9a6833d0: addNew group-5302F6C183C6:[37dd13aa-6312-450c-897a-882b9a6833d0:192.168.36.85:45436] returns group-5302F6C183C6:java.util.concurrent.CompletableFuture@4a30b82d[Not completed]
2019-08-22 09:35:52,903 [pool-444-thread-1] INFO  impl.RaftServerImpl (RaftServerImpl.java:<init>(93)) - 37dd13aa-6312-450c-897a-882b9a6833d0: new RaftServerImpl for group-5302F6C183C6:[37dd13aa-6312-450c-897a-882b9a6833d0:192.168.36.85:45436] with ContainerStateMachine:uninitialized
2019-08-22 09:35:52,903 [pool-444-thread-1] INFO  server.RaftServerConfigKeys (ConfUtils.java:logGet(43)) - raft.server.rpc.timeout.min = 5s (custom)
2019-08-22 09:35:52,904 [pool-444-thread-1] INFO  server.RaftServerConfigKeys (ConfUtils.java:logGet(43)) - raft.server.rpc.timeout.max = 5200ms (custom)
2019-08-22 09:35:52,904 [pool-444-thread-1] INFO  server.RaftServerConfigKeys (ConfUtils.java:logGet(43)) - raft.server.rpcslowness.timeout = 120s (custom)
2019-08-22 09:35:52,904 [pool-444-thread-1] INFO  server.RaftServerConfigKeys (ConfUtils.java:logGet(43)) - raft.server.sleep.deviation.threshold = 300 (default)
2019-08-22 09:35:52,904 [pool-444-thread-1] INFO  server.RaftServerConfigKeys (ConfUtils.java:logGet(43)) - raft.server.log.appender.install.snapshot.enabled = false (custom)
2019-08-22 09:35:52,904 [pool-444-thread-1] INFO  impl.RaftServerImpl (ServerState.java:<init>(105)) - 37dd13aa-6312-450c-897a-882b9a6833d0:group-5302F6C183C6 ConfigurationManager, init=-1: [37dd13aa-6312-450c-897a-882b9a6833d0:192.168.36.85:45436], old=null, confs=<EMPTY_MAP>
2019-08-22 09:35:52,904 [pool-444-thread-1] INFO  server.RaftServerConfigKeys (ConfUtils.java:logGet(43)) - raft.server.storage.dir = [/workdir/hadoop-ozone/integration-test/target/test-dir/MiniOzoneClusterImpl-80cc2eff-e08e-44d5-a632-61dd17984c66/datanode-3/data/ratis] (custom)
2019-08-22 09:35:52,905 [pool-444-thread-1] INFO  storage.RaftStorageDirectory (RaftStorageDirectory.java:analyzeStorage(246)) - The storage directory /workdir/hadoop-ozone/integration-test/target/test-dir/MiniOzoneClusterImpl-80cc2eff-e08e-44d5-a632-61dd17984c66/datanode-3/data/ratis/300a67b4-4b86-4330-8a33-5302f6c183c6 does not exist. Creating ...
2019-08-22 09:35:52,932 [pool-444-thread-1] INFO  storage.RaftStorageDirectory (RaftStorageDirectory.java:tryLock(328)) - Lock on /workdir/hadoop-ozone/integration-test/target/test-dir/MiniOzoneClusterImpl-80cc2eff-e08e-44d5-a632-61dd17984c66/datanode-3/data/ratis/300a67b4-4b86-4330-8a33-5302f6c183c6/in_use.lock acquired by nodename 4402@pr-hdds-1898-9jx57-4170240974
2019-08-22 09:35:52,958 [pool-444-thread-1] INFO  storage.RaftStorage (RaftStorage.java:format(72)) - Storage directory /workdir/hadoop-ozone/integration-test/target/test-dir/MiniOzoneClusterImpl-80cc2eff-e08e-44d5-a632-61dd17984c66/datanode-3/data/ratis/300a67b4-4b86-4330-8a33-5302f6c183c6 has been successfully formatted.
2019-08-22 09:35:52,958 [pool-444-thread-1] INFO  ratis.ContainerStateMachine (ContainerStateMachine.java:loadSnapshot(226)) - group-5302F6C183C6: The snapshot info is null. Setting the last applied indexto:(t:0, i:~)
2019-08-22 09:35:52,958 [pool-444-thread-1] INFO  server.RaftServerConfigKeys (ConfUtils.java:logGet(43)) - raft.server.leader.election.timeout = 120s (custom)
2019-08-22 09:35:52,958 [pool-444-thread-1] INFO  server.RaftServerConfigKeys (ConfUtils.java:logGet(43)) - raft.server.log.use.memory = false (default)
2019-08-22 09:35:52,958 [pool-444-thread-1] INFO  server.RaftServerConfigKeys (ConfUtils.java:logGet(43)) - raft.server.log.purge.gap = 1000000 (custom)
2019-08-22 09:35:52,958 [pool-444-thread-1] INFO  server.RaftServerConfigKeys (ConfUtils.java:logGet(43)) - raft.server.log.appender.buffer.byte-limit = 33554432 (custom)
2019-08-22 09:35:52,959 [pool-444-thread-1] INFO  server.RaftServerConfigKeys (ConfUtils.java:logGet(43)) - raft.server.log.segment.size.max = 1048576 (custom)
2019-08-22 09:35:52,959 [pool-444-thread-1] INFO  server.RaftServerConfigKeys (ConfUtils.java:logGet(43)) - raft.server.log.segment.cache.num.max = 2 (custom)
2019-08-22 09:35:52,959 [pool-444-thread-1] INFO  segmented.SegmentedRaftLogWorker (SegmentedRaftLogWorker.java:<init>(172)) - new 37dd13aa-6312-450c-897a-882b9a6833d0-SegmentedRaftLogWorker:Storage Directory /workdir/hadoop-ozone/integration-test/target/test-dir/MiniOzoneClusterImpl-80cc2eff-e08e-44d5-a632-61dd17984c66/datanode-3/data/ratis/300a67b4-4b86-4330-8a33-5302f6c183c6 for RaftStorage:Storage Directory /workdir/hadoop-ozone/integration-test/target/test-dir/MiniOzoneClusterImpl-80cc2eff-e08e-44d5-a632-61dd17984c66/datanode-3/data/ratis/300a67b4-4b86-4330-8a33-5302f6c183c6
2019-08-22 09:35:52,959 [pool-444-thread-1] INFO  server.RaftServerConfigKeys (ConfUtils.java:logGet(43)) - raft.server.log.queue.byte-limit = 2147483647 (custom)
2019-08-22 09:35:52,959 [pool-444-thread-1] INFO  server.RaftServerConfigKeys (ConfUtils.java:logGet(43)) - raft.server.log.queue.element-limit = 1024 (custom)
2019-08-22 09:35:52,959 [pool-444-thread-1] INFO  server.RaftServerConfigKeys (ConfUtils.java:logGet(43)) - raft.server.log.segment.size.max = 1048576 (custom)
2019-08-22 09:35:52,959 [pool-444-thread-1] INFO  server.RaftServerConfigKeys (ConfUtils.java:logGet(43)) - raft.server.log.preallocated.size = 16384 (custom)
2019-08-22 09:35:52,960 [pool-444-thread-1] INFO  server.RaftServerConfigKeys (ConfUtils.java:logGet(43)) - raft.server.log.write.buffer.size = 33554432 (custom)
2019-08-22 09:35:52,960 [pool-444-thread-1] INFO  server.RaftServerConfigKeys (ConfUtils.java:logGet(43)) - raft.server.log.force.sync.num = 128 (default)
2019-08-22 09:35:52,960 [pool-444-thread-1] INFO  server.RaftServerConfigKeys (ConfUtils.java:logGet(43)) - raft.server.log.statemachine.data.sync = true (default)
2019-08-22 09:35:52,960 [pool-444-thread-1] INFO  server.RaftServerConfigKeys (ConfUtils.java:logGet(43)) - raft.server.log.statemachine.data.sync.timeout = 10s (default)
2019-08-22 09:35:52,960 [pool-444-thread-1] INFO  server.RaftServerConfigKeys (ConfUtils.java:logGet(43)) - raft.server.log.statemachine.data.sync.timeout.retry = -1 (default)
2019-08-22 09:35:52,960 [pool-444-thread-1] INFO  server.RaftServerConfigKeys (ConfUtils.java:logGet(43)) - raft.server.log.statemachine.data.caching.enabled = true (custom)
2019-08-22 09:35:52,960 [pool-444-thread-1] INFO  segmented.SegmentedRaftLogWorker (SegmentedRaftLogWorker.java:lambda$new$0(132)) - 37dd13aa-6312-450c-897a-882b9a6833d0-SegmentedRaftLogWorker:Storage Directory /workdir/hadoop-ozone/integration-test/target/test-dir/MiniOzoneClusterImpl-80cc2eff-e08e-44d5-a632-61dd17984c66/datanode-3/data/ratis/300a67b4-4b86-4330-8a33-5302f6c183c6: flushIndex: setUnconditionally 0 -> -1
2019-08-22 09:35:52,961 [pool-444-thread-1] INFO  server.RaftServerConfigKeys (ConfUtils.java:logGet(43)) - raft.server.snapshot.auto.trigger.enabled = true (custom)
2019-08-22 09:35:52,961 [pool-444-thread-1] INFO  server.RaftServerConfigKeys (ConfUtils.java:logGet(43)) - raft.server.snapshot.auto.trigger.threshold = 10000 (custom)
2019-08-22 09:35:52,961 [pool-444-thread-1] INFO  server.RaftServerConfigKeys (ConfUtils.java:logGet(43)) - raft.server.retrycache.expirytime = 600000ms (custom)
2019-08-22 09:35:52,961 [pool-444-thread-1] INFO  impl.RaftServerImpl (RaftServerImpl.java:start(180)) - 37dd13aa-6312-450c-897a-882b9a6833d0: start group-5302F6C183C6
2019-08-22 09:35:52,961 [pool-444-thread-1] INFO  impl.RaftServerImpl (RaftServerImpl.java:setRole(171)) - 37dd13aa-6312-450c-897a-882b9a6833d0:group-5302F6C183C6 changes role from null to FOLLOWER at term 0 for startAsFollower
2019-08-22 09:35:52,961 [pool-444-thread-1] INFO  impl.RoleInfo (RoleInfo.java:updateAndGet(143)) - 37dd13aa-6312-450c-897a-882b9a6833d0: start FollowerState
2019-08-22 09:35:52,962 [pool-444-thread-1] INFO  util.JmxRegister (JmxRegister.java:tryRegister(44)) - Successfully registered JMX Bean with object name Ratis:service=RaftServer,group=group-5302F6C183C6,id=37dd13aa-6312-450c-897a-882b9a6833d0
2019-08-22 09:35:52,964 [RatisPipelineUtilsThread] INFO  pipeline.PipelineStateManager (PipelineStateManager.java:addPipeline(56)) - Created pipeline Pipeline[ Id: 300a67b4-4b86-4330-8a33-5302f6c183c6, Nodes: 37dd13aa-6312-450c-897a-882b9a6833d0{ip: 192.168.36.85, host: pr-hdds-1898-9jx57-4170240974, networkLocation: /default-rack, certSerialId: null}, Type:RATIS, Factor:ONE, State:OPEN]
2019-08-22 09:35:53,118 [IPC Server handler 6 on 46757] INFO  net.NetworkTopology (NetworkTopologyImpl.java:add(110)) - Added a new node: /default-rack/4f4d579b-2395-4f8f-ab4b-4f7e52b3791b
2019-08-22 09:35:53,118 [IPC Server handler 6 on 46757] INFO  node.SCMNodeManager (SCMNodeManager.java:register(273)) - Registered Data node : 4f4d579b-2395-4f8f-ab4b-4f7e52b3791b{ip: 192.168.36.85, host: pr-hdds-1898-9jx57-4170240974, networkLocation: /default-rack, certSerialId: null}
2019-08-22 09:35:53,135 | INFO  | SCMAudit | user=jenkins1000 | ip=192.168.36.85 | op=REGISTER {datanodeDetails=4f4d579b-2395-4f8f-ab4b-4f7e52b3791b{ip: 192.168.36.85, host: pr-hdds-1898-9jx57-4170240974, networkLocation: /default-rack, certSerialId: null}} | ret=SUCCESS |  
2019-08-22 09:35:53,143 [grpc-default-executor-5] INFO  impl.RaftServerProxy (RaftServerProxy.java:addNew(89)) - 4f4d579b-2395-4f8f-ab4b-4f7e52b3791b: addNew group-ED6EB80A8A73:[4f4d579b-2395-4f8f-ab4b-4f7e52b3791b:192.168.36.85:42308] returns group-ED6EB80A8A73:java.util.concurrent.CompletableFuture@7f68da94[Not completed]
2019-08-22 09:35:53,145 [pool-455-thread-1] INFO  impl.RaftServerImpl (RaftServerImpl.java:<init>(93)) - 4f4d579b-2395-4f8f-ab4b-4f7e52b3791b: new RaftServerImpl for group-ED6EB80A8A73:[4f4d579b-2395-4f8f-ab4b-4f7e52b3791b:192.168.36.85:42308] with ContainerStateMachine:uninitialized
2019-08-22 09:35:53,145 [pool-455-thread-1] INFO  server.RaftServerConfigKeys (ConfUtils.java:logGet(43)) - raft.server.rpc.timeout.min = 5s (custom)
2019-08-22 09:35:53,145 [pool-455-thread-1] INFO  server.RaftServerConfigKeys (ConfUtils.java:logGet(43)) - raft.server.rpc.timeout.max = 5200ms (custom)
2019-08-22 09:35:53,145 [pool-455-thread-1] INFO  server.RaftServerConfigKeys (ConfUtils.java:logGet(43)) - raft.server.rpcslowness.timeout = 120s (custom)
2019-08-22 09:35:53,145 [pool-455-thread-1] INFO  server.RaftServerConfigKeys (ConfUtils.java:logGet(43)) - raft.server.sleep.deviation.threshold = 300 (default)
2019-08-22 09:35:53,145 [pool-455-thread-1] INFO  server.RaftServerConfigKeys (ConfUtils.java:logGet(43)) - raft.server.log.appender.install.snapshot.enabled = false (custom)
2019-08-22 09:35:53,146 [pool-455-thread-1] INFO  impl.RaftServerImpl (ServerState.java:<init>(105)) - 4f4d579b-2395-4f8f-ab4b-4f7e52b3791b:group-ED6EB80A8A73 ConfigurationManager, init=-1: [4f4d579b-2395-4f8f-ab4b-4f7e52b3791b:192.168.36.85:42308], old=null, confs=<EMPTY_MAP>
2019-08-22 09:35:53,146 [pool-455-thread-1] INFO  server.RaftServerConfigKeys (ConfUtils.java:logGet(43)) - raft.server.storage.dir = [/workdir/hadoop-ozone/integration-test/target/test-dir/MiniOzoneClusterImpl-80cc2eff-e08e-44d5-a632-61dd17984c66/datanode-4/data/ratis] (custom)
2019-08-22 09:35:53,146 [pool-455-thread-1] INFO  storage.RaftStorageDirectory (RaftStorageDirectory.java:analyzeStorage(246)) - The storage directory /workdir/hadoop-ozone/integration-test/target/test-dir/MiniOzoneClusterImpl-80cc2eff-e08e-44d5-a632-61dd17984c66/datanode-4/data/ratis/86b9f852-3fd8-4a73-abf0-ed6eb80a8a73 does not exist. Creating ...
2019-08-22 09:35:53,166 [pool-455-thread-1] INFO  storage.RaftStorageDirectory (RaftStorageDirectory.java:tryLock(328)) - Lock on /workdir/hadoop-ozone/integration-test/target/test-dir/MiniOzoneClusterImpl-80cc2eff-e08e-44d5-a632-61dd17984c66/datanode-4/data/ratis/86b9f852-3fd8-4a73-abf0-ed6eb80a8a73/in_use.lock acquired by nodename 4402@pr-hdds-1898-9jx57-4170240974
2019-08-22 09:35:53,192 [pool-455-thread-1] INFO  storage.RaftStorage (RaftStorage.java:format(72)) - Storage directory /workdir/hadoop-ozone/integration-test/target/test-dir/MiniOzoneClusterImpl-80cc2eff-e08e-44d5-a632-61dd17984c66/datanode-4/data/ratis/86b9f852-3fd8-4a73-abf0-ed6eb80a8a73 has been successfully formatted.
2019-08-22 09:35:53,192 [pool-455-thread-1] INFO  ratis.ContainerStateMachine (ContainerStateMachine.java:loadSnapshot(226)) - group-ED6EB80A8A73: The snapshot info is null. Setting the last applied indexto:(t:0, i:~)
2019-08-22 09:35:53,192 [pool-455-thread-1] INFO  server.RaftServerConfigKeys (ConfUtils.java:logGet(43)) - raft.server.leader.election.timeout = 120s (custom)
2019-08-22 09:35:53,192 [pool-455-thread-1] INFO  server.RaftServerConfigKeys (ConfUtils.java:logGet(43)) - raft.server.log.use.memory = false (default)
2019-08-22 09:35:53,192 [pool-455-thread-1] INFO  server.RaftServerConfigKeys (ConfUtils.java:logGet(43)) - raft.server.log.purge.gap = 1000000 (custom)
2019-08-22 09:35:53,193 [pool-455-thread-1] INFO  server.RaftServerConfigKeys (ConfUtils.java:logGet(43)) - raft.server.log.appender.buffer.byte-limit = 33554432 (custom)
2019-08-22 09:35:53,193 [pool-455-thread-1] INFO  server.RaftServerConfigKeys (ConfUtils.java:logGet(43)) - raft.server.log.segment.size.max = 1048576 (custom)
2019-08-22 09:35:53,193 [pool-455-thread-1] INFO  server.RaftServerConfigKeys (ConfUtils.java:logGet(43)) - raft.server.log.segment.cache.num.max = 2 (custom)
2019-08-22 09:35:53,193 [pool-455-thread-1] INFO  segmented.SegmentedRaftLogWorker (SegmentedRaftLogWorker.java:<init>(172)) - new 4f4d579b-2395-4f8f-ab4b-4f7e52b3791b-SegmentedRaftLogWorker:Storage Directory /workdir/hadoop-ozone/integration-test/target/test-dir/MiniOzoneClusterImpl-80cc2eff-e08e-44d5-a632-61dd17984c66/datanode-4/data/ratis/86b9f852-3fd8-4a73-abf0-ed6eb80a8a73 for RaftStorage:Storage Directory /workdir/hadoop-ozone/integration-test/target/test-dir/MiniOzoneClusterImpl-80cc2eff-e08e-44d5-a632-61dd17984c66/datanode-4/data/ratis/86b9f852-3fd8-4a73-abf0-ed6eb80a8a73
2019-08-22 09:35:53,194 [pool-455-thread-1] INFO  server.RaftServerConfigKeys (ConfUtils.java:logGet(43)) - raft.server.log.queue.byte-limit = 2147483647 (custom)
2019-08-22 09:35:53,194 [pool-455-thread-1] INFO  server.RaftServerConfigKeys (ConfUtils.java:logGet(43)) - raft.server.log.queue.element-limit = 1024 (custom)
2019-08-22 09:35:53,194 [pool-455-thread-1] INFO  server.RaftServerConfigKeys (ConfUtils.java:logGet(43)) - raft.server.log.segment.size.max = 1048576 (custom)
2019-08-22 09:35:53,194 [pool-455-thread-1] INFO  server.RaftServerConfigKeys (ConfUtils.java:logGet(43)) - raft.server.log.preallocated.size = 16384 (custom)
2019-08-22 09:35:53,194 [pool-455-thread-1] INFO  server.RaftServerConfigKeys (ConfUtils.java:logGet(43)) - raft.server.log.write.buffer.size = 33554432 (custom)
2019-08-22 09:35:53,194 [pool-455-thread-1] INFO  server.RaftServerConfigKeys (ConfUtils.java:logGet(43)) - raft.server.log.force.sync.num = 128 (default)
2019-08-22 09:35:53,195 [pool-455-thread-1] INFO  server.RaftServerConfigKeys (ConfUtils.java:logGet(43)) - raft.server.log.statemachine.data.sync = true (default)
2019-08-22 09:35:53,195 [pool-455-thread-1] INFO  server.RaftServerConfigKeys (ConfUtils.java:logGet(43)) - raft.server.log.statemachine.data.sync.timeout = 10s (default)
2019-08-22 09:35:53,195 [pool-455-thread-1] INFO  server.RaftServerConfigKeys (ConfUtils.java:logGet(43)) - raft.server.log.statemachine.data.sync.timeout.retry = -1 (default)
2019-08-22 09:35:53,195 [pool-455-thread-1] INFO  server.RaftServerConfigKeys (ConfUtils.java:logGet(43)) - raft.server.log.statemachine.data.caching.enabled = true (custom)
2019-08-22 09:35:53,196 [pool-455-thread-1] INFO  segmented.SegmentedRaftLogWorker (SegmentedRaftLogWorker.java:lambda$new$0(132)) - 4f4d579b-2395-4f8f-ab4b-4f7e52b3791b-SegmentedRaftLogWorker:Storage Directory /workdir/hadoop-ozone/integration-test/target/test-dir/MiniOzoneClusterImpl-80cc2eff-e08e-44d5-a632-61dd17984c66/datanode-4/data/ratis/86b9f852-3fd8-4a73-abf0-ed6eb80a8a73: flushIndex: setUnconditionally 0 -> -1
2019-08-22 09:35:53,196 [pool-455-thread-1] INFO  server.RaftServerConfigKeys (ConfUtils.java:logGet(43)) - raft.server.snapshot.auto.trigger.enabled = true (custom)
2019-08-22 09:35:53,196 [pool-455-thread-1] INFO  server.RaftServerConfigKeys (ConfUtils.java:logGet(43)) - raft.server.snapshot.auto.trigger.threshold = 10000 (custom)
2019-08-22 09:35:53,196 [pool-455-thread-1] INFO  server.RaftServerConfigKeys (ConfUtils.java:logGet(43)) - raft.server.retrycache.expirytime = 600000ms (custom)
2019-08-22 09:35:53,197 [pool-455-thread-1] INFO  impl.RaftServerImpl (RaftServerImpl.java:start(180)) - 4f4d579b-2395-4f8f-ab4b-4f7e52b3791b: start group-ED6EB80A8A73
2019-08-22 09:35:53,197 [pool-455-thread-1] INFO  impl.RaftServerImpl (RaftServerImpl.java:setRole(171)) - 4f4d579b-2395-4f8f-ab4b-4f7e52b3791b:group-ED6EB80A8A73 changes role from null to FOLLOWER at term 0 for startAsFollower
2019-08-22 09:35:53,197 [pool-455-thread-1] INFO  impl.RoleInfo (RoleInfo.java:updateAndGet(143)) - 4f4d579b-2395-4f8f-ab4b-4f7e52b3791b: start FollowerState
2019-08-22 09:35:53,198 [pool-455-thread-1] INFO  util.JmxRegister (JmxRegister.java:tryRegister(44)) - Successfully registered JMX Bean with object name Ratis:service=RaftServer,group=group-ED6EB80A8A73,id=4f4d579b-2395-4f8f-ab4b-4f7e52b3791b
2019-08-22 09:35:53,200 [RatisPipelineUtilsThread] INFO  pipeline.PipelineStateManager (PipelineStateManager.java:addPipeline(56)) - Created pipeline Pipeline[ Id: 86b9f852-3fd8-4a73-abf0-ed6eb80a8a73, Nodes: 4f4d579b-2395-4f8f-ab4b-4f7e52b3791b{ip: 192.168.36.85, host: pr-hdds-1898-9jx57-4170240974, networkLocation: /default-rack, certSerialId: null}, Type:RATIS, Factor:ONE, State:OPEN]
2019-08-22 09:35:53,384 [IPC Server handler 2 on 46757] INFO  net.NetworkTopology (NetworkTopologyImpl.java:add(110)) - Added a new node: /default-rack/ca66d9bc-c58f-4ab4-a4f7-21def37deae7
2019-08-22 09:35:53,384 [IPC Server handler 2 on 46757] INFO  node.SCMNodeManager (SCMNodeManager.java:register(273)) - Registered Data node : ca66d9bc-c58f-4ab4-a4f7-21def37deae7{ip: 192.168.36.85, host: pr-hdds-1898-9jx57-4170240974, networkLocation: /default-rack, certSerialId: null}
2019-08-22 09:35:53,387 | INFO  | SCMAudit | user=jenkins1000 | ip=192.168.36.85 | op=REGISTER {datanodeDetails=ca66d9bc-c58f-4ab4-a4f7-21def37deae7{ip: 192.168.36.85, host: pr-hdds-1898-9jx57-4170240974, networkLocation: /default-rack, certSerialId: null}} | ret=SUCCESS |  
2019-08-22 09:35:53,395 [grpc-default-executor-5] INFO  impl.RaftServerProxy (RaftServerProxy.java:addNew(89)) - ca66d9bc-c58f-4ab4-a4f7-21def37deae7: addNew group-6A3D1E44032A:[ca66d9bc-c58f-4ab4-a4f7-21def37deae7:192.168.36.85:34878] returns group-6A3D1E44032A:java.util.concurrent.CompletableFuture@2f80e5f9[Not completed]
2019-08-22 09:35:53,397 [pool-466-thread-1] INFO  impl.RaftServerImpl (RaftServerImpl.java:<init>(93)) - ca66d9bc-c58f-4ab4-a4f7-21def37deae7: new RaftServerImpl for group-6A3D1E44032A:[ca66d9bc-c58f-4ab4-a4f7-21def37deae7:192.168.36.85:34878] with ContainerStateMachine:uninitialized
2019-08-22 09:35:53,397 [pool-466-thread-1] INFO  server.RaftServerConfigKeys (ConfUtils.java:logGet(43)) - raft.server.rpc.timeout.min = 5s (custom)
2019-08-22 09:35:53,397 [pool-466-thread-1] INFO  server.RaftServerConfigKeys (ConfUtils.java:logGet(43)) - raft.server.rpc.timeout.max = 5200ms (custom)
2019-08-22 09:35:53,397 [pool-466-thread-1] INFO  server.RaftServerConfigKeys (ConfUtils.java:logGet(43)) - raft.server.rpcslowness.timeout = 120s (custom)
2019-08-22 09:35:53,397 [pool-466-thread-1] INFO  server.RaftServerConfigKeys (ConfUtils.java:logGet(43)) - raft.server.sleep.deviation.threshold = 300 (default)
2019-08-22 09:35:53,398 [pool-466-thread-1] INFO  server.RaftServerConfigKeys (ConfUtils.java:logGet(43)) - raft.server.log.appender.install.snapshot.enabled = false (custom)
2019-08-22 09:35:53,398 [pool-466-thread-1] INFO  impl.RaftServerImpl (ServerState.java:<init>(105)) - ca66d9bc-c58f-4ab4-a4f7-21def37deae7:group-6A3D1E44032A ConfigurationManager, init=-1: [ca66d9bc-c58f-4ab4-a4f7-21def37deae7:192.168.36.85:34878], old=null, confs=<EMPTY_MAP>
2019-08-22 09:35:53,398 [pool-466-thread-1] INFO  server.RaftServerConfigKeys (ConfUtils.java:logGet(43)) - raft.server.storage.dir = [/workdir/hadoop-ozone/integration-test/target/test-dir/MiniOzoneClusterImpl-80cc2eff-e08e-44d5-a632-61dd17984c66/datanode-5/data/ratis] (custom)
2019-08-22 09:35:53,399 [pool-466-thread-1] INFO  storage.RaftStorageDirectory (RaftStorageDirectory.java:analyzeStorage(246)) - The storage directory /workdir/hadoop-ozone/integration-test/target/test-dir/MiniOzoneClusterImpl-80cc2eff-e08e-44d5-a632-61dd17984c66/datanode-5/data/ratis/3a36dfa8-4c39-42c4-a56e-6a3d1e44032a does not exist. Creating ...
2019-08-22 09:35:53,425 [pool-466-thread-1] INFO  storage.RaftStorageDirectory (RaftStorageDirectory.java:tryLock(328)) - Lock on /workdir/hadoop-ozone/integration-test/target/test-dir/MiniOzoneClusterImpl-80cc2eff-e08e-44d5-a632-61dd17984c66/datanode-5/data/ratis/3a36dfa8-4c39-42c4-a56e-6a3d1e44032a/in_use.lock acquired by nodename 4402@pr-hdds-1898-9jx57-4170240974
2019-08-22 09:35:53,451 [pool-466-thread-1] INFO  storage.RaftStorage (RaftStorage.java:format(72)) - Storage directory /workdir/hadoop-ozone/integration-test/target/test-dir/MiniOzoneClusterImpl-80cc2eff-e08e-44d5-a632-61dd17984c66/datanode-5/data/ratis/3a36dfa8-4c39-42c4-a56e-6a3d1e44032a has been successfully formatted.
2019-08-22 09:35:53,451 [pool-466-thread-1] INFO  ratis.ContainerStateMachine (ContainerStateMachine.java:loadSnapshot(226)) - group-6A3D1E44032A: The snapshot info is null. Setting the last applied indexto:(t:0, i:~)
2019-08-22 09:35:53,451 [pool-466-thread-1] INFO  server.RaftServerConfigKeys (ConfUtils.java:logGet(43)) - raft.server.leader.election.timeout = 120s (custom)
2019-08-22 09:35:53,452 [pool-466-thread-1] INFO  server.RaftServerConfigKeys (ConfUtils.java:logGet(43)) - raft.server.log.use.memory = false (default)
2019-08-22 09:35:53,452 [pool-466-thread-1] INFO  server.RaftServerConfigKeys (ConfUtils.java:logGet(43)) - raft.server.log.purge.gap = 1000000 (custom)
2019-08-22 09:35:53,452 [pool-466-thread-1] INFO  server.RaftServerConfigKeys (ConfUtils.java:logGet(43)) - raft.server.log.appender.buffer.byte-limit = 33554432 (custom)
2019-08-22 09:35:53,452 [pool-466-thread-1] INFO  server.RaftServerConfigKeys (ConfUtils.java:logGet(43)) - raft.server.log.segment.size.max = 1048576 (custom)
2019-08-22 09:35:53,452 [pool-466-thread-1] INFO  server.RaftServerConfigKeys (ConfUtils.java:logGet(43)) - raft.server.log.segment.cache.num.max = 2 (custom)
2019-08-22 09:35:53,453 [pool-466-thread-1] INFO  segmented.SegmentedRaftLogWorker (SegmentedRaftLogWorker.java:<init>(172)) - new ca66d9bc-c58f-4ab4-a4f7-21def37deae7-SegmentedRaftLogWorker:Storage Directory /workdir/hadoop-ozone/integration-test/target/test-dir/MiniOzoneClusterImpl-80cc2eff-e08e-44d5-a632-61dd17984c66/datanode-5/data/ratis/3a36dfa8-4c39-42c4-a56e-6a3d1e44032a for RaftStorage:Storage Directory /workdir/hadoop-ozone/integration-test/target/test-dir/MiniOzoneClusterImpl-80cc2eff-e08e-44d5-a632-61dd17984c66/datanode-5/data/ratis/3a36dfa8-4c39-42c4-a56e-6a3d1e44032a
2019-08-22 09:35:53,453 [pool-466-thread-1] INFO  server.RaftServerConfigKeys (ConfUtils.java:logGet(43)) - raft.server.log.queue.byte-limit = 2147483647 (custom)
2019-08-22 09:35:53,453 [pool-466-thread-1] INFO  server.RaftServerConfigKeys (ConfUtils.java:logGet(43)) - raft.server.log.queue.element-limit = 1024 (custom)
2019-08-22 09:35:53,453 [pool-466-thread-1] INFO  server.RaftServerConfigKeys (ConfUtils.java:logGet(43)) - raft.server.log.segment.size.max = 1048576 (custom)
2019-08-22 09:35:53,454 [pool-466-thread-1] INFO  server.RaftServerConfigKeys (ConfUtils.java:logGet(43)) - raft.server.log.preallocated.size = 16384 (custom)
2019-08-22 09:35:53,454 [pool-466-thread-1] INFO  server.RaftServerConfigKeys (ConfUtils.java:logGet(43)) - raft.server.log.write.buffer.size = 33554432 (custom)
2019-08-22 09:35:53,454 [pool-466-thread-1] INFO  server.RaftServerConfigKeys (ConfUtils.java:logGet(43)) - raft.server.log.force.sync.num = 128 (default)
2019-08-22 09:35:53,454 [pool-466-thread-1] INFO  server.RaftServerConfigKeys (ConfUtils.java:logGet(43)) - raft.server.log.statemachine.data.sync = true (default)
2019-08-22 09:35:53,454 [pool-466-thread-1] INFO  server.RaftServerConfigKeys (ConfUtils.java:logGet(43)) - raft.server.log.statemachine.data.sync.timeout = 10s (default)
2019-08-22 09:35:53,455 [pool-466-thread-1] INFO  server.RaftServerConfigKeys (ConfUtils.java:logGet(43)) - raft.server.log.statemachine.data.sync.timeout.retry = -1 (default)
2019-08-22 09:35:53,455 [pool-466-thread-1] INFO  server.RaftServerConfigKeys (ConfUtils.java:logGet(43)) - raft.server.log.statemachine.data.caching.enabled = true (custom)
2019-08-22 09:35:53,455 [pool-466-thread-1] INFO  segmented.SegmentedRaftLogWorker (SegmentedRaftLogWorker.java:lambda$new$0(132)) - ca66d9bc-c58f-4ab4-a4f7-21def37deae7-SegmentedRaftLogWorker:Storage Directory /workdir/hadoop-ozone/integration-test/target/test-dir/MiniOzoneClusterImpl-80cc2eff-e08e-44d5-a632-61dd17984c66/datanode-5/data/ratis/3a36dfa8-4c39-42c4-a56e-6a3d1e44032a: flushIndex: setUnconditionally 0 -> -1
2019-08-22 09:35:53,456 [pool-466-thread-1] INFO  server.RaftServerConfigKeys (ConfUtils.java:logGet(43)) - raft.server.snapshot.auto.trigger.enabled = true (custom)
2019-08-22 09:35:53,456 [pool-466-thread-1] INFO  server.RaftServerConfigKeys (ConfUtils.java:logGet(43)) - raft.server.snapshot.auto.trigger.threshold = 10000 (custom)
2019-08-22 09:35:53,456 [pool-466-thread-1] INFO  server.RaftServerConfigKeys (ConfUtils.java:logGet(43)) - raft.server.retrycache.expirytime = 600000ms (custom)
2019-08-22 09:35:53,456 [pool-466-thread-1] INFO  impl.RaftServerImpl (RaftServerImpl.java:start(180)) - ca66d9bc-c58f-4ab4-a4f7-21def37deae7: start group-6A3D1E44032A
2019-08-22 09:35:53,457 [pool-466-thread-1] INFO  impl.RaftServerImpl (RaftServerImpl.java:setRole(171)) - ca66d9bc-c58f-4ab4-a4f7-21def37deae7:group-6A3D1E44032A changes role from null to FOLLOWER at term 0 for startAsFollower
2019-08-22 09:35:53,457 [pool-466-thread-1] INFO  impl.RoleInfo (RoleInfo.java:updateAndGet(143)) - ca66d9bc-c58f-4ab4-a4f7-21def37deae7: start FollowerState
2019-08-22 09:35:53,457 [pool-466-thread-1] INFO  util.JmxRegister (JmxRegister.java:tryRegister(44)) - Successfully registered JMX Bean with object name Ratis:service=RaftServer,group=group-6A3D1E44032A,id=ca66d9bc-c58f-4ab4-a4f7-21def37deae7
2019-08-22 09:35:53,460 [RatisPipelineUtilsThread] INFO  pipeline.PipelineStateManager (PipelineStateManager.java:addPipeline(56)) - Created pipeline Pipeline[ Id: 3a36dfa8-4c39-42c4-a56e-6a3d1e44032a, Nodes: ca66d9bc-c58f-4ab4-a4f7-21def37deae7{ip: 192.168.36.85, host: pr-hdds-1898-9jx57-4170240974, networkLocation: /default-rack, certSerialId: null}, Type:RATIS, Factor:ONE, State:OPEN]
2019-08-22 09:35:53,471 [grpc-default-executor-5] INFO  impl.RaftServerProxy (RaftServerProxy.java:addNew(89)) - 4f4d579b-2395-4f8f-ab4b-4f7e52b3791b: addNew group-FABD2DF2A42E:[4f4d579b-2395-4f8f-ab4b-4f7e52b3791b:192.168.36.85:42308, 37dd13aa-6312-450c-897a-882b9a6833d0:192.168.36.85:45436, ca66d9bc-c58f-4ab4-a4f7-21def37deae7:192.168.36.85:34878] returns group-FABD2DF2A42E:java.util.concurrent.CompletableFuture@72b7341e[Not completed]
2019-08-22 09:35:53,471 [grpc-default-executor-2] INFO  impl.RaftServerProxy (RaftServerProxy.java:addNew(89)) - 37dd13aa-6312-450c-897a-882b9a6833d0: addNew group-FABD2DF2A42E:[4f4d579b-2395-4f8f-ab4b-4f7e52b3791b:192.168.36.85:42308, 37dd13aa-6312-450c-897a-882b9a6833d0:192.168.36.85:45436, ca66d9bc-c58f-4ab4-a4f7-21def37deae7:192.168.36.85:34878] returns group-FABD2DF2A42E:java.util.concurrent.CompletableFuture@1e763812[Not completed]
2019-08-22 09:35:53,471 [grpc-default-executor-6] INFO  impl.RaftServerProxy (RaftServerProxy.java:addNew(89)) - ca66d9bc-c58f-4ab4-a4f7-21def37deae7: addNew group-FABD2DF2A42E:[4f4d579b-2395-4f8f-ab4b-4f7e52b3791b:192.168.36.85:42308, 37dd13aa-6312-450c-897a-882b9a6833d0:192.168.36.85:45436, ca66d9bc-c58f-4ab4-a4f7-21def37deae7:192.168.36.85:34878] returns group-FABD2DF2A42E:java.util.concurrent.CompletableFuture@6c950ca4[Not completed]
2019-08-22 09:35:53,473 [pool-466-thread-1] INFO  impl.RaftServerImpl (RaftServerImpl.java:<init>(93)) - ca66d9bc-c58f-4ab4-a4f7-21def37deae7: new RaftServerImpl for group-FABD2DF2A42E:[4f4d579b-2395-4f8f-ab4b-4f7e52b3791b:192.168.36.85:42308, 37dd13aa-6312-450c-897a-882b9a6833d0:192.168.36.85:45436, ca66d9bc-c58f-4ab4-a4f7-21def37deae7:192.168.36.85:34878] with ContainerStateMachine:uninitialized
2019-08-22 09:35:53,473 [pool-466-thread-1] INFO  server.RaftServerConfigKeys (ConfUtils.java:logGet(43)) - raft.server.rpc.timeout.min = 5s (custom)
2019-08-22 09:35:53,473 [pool-466-thread-1] INFO  server.RaftServerConfigKeys (ConfUtils.java:logGet(43)) - raft.server.rpc.timeout.max = 5200ms (custom)
2019-08-22 09:35:53,474 [pool-466-thread-1] INFO  server.RaftServerConfigKeys (ConfUtils.java:logGet(43)) - raft.server.rpcslowness.timeout = 120s (custom)
2019-08-22 09:35:53,474 [pool-466-thread-1] INFO  server.RaftServerConfigKeys (ConfUtils.java:logGet(43)) - raft.server.sleep.deviation.threshold = 300 (default)
2019-08-22 09:35:53,474 [pool-444-thread-1] INFO  impl.RaftServerImpl (RaftServerImpl.java:<init>(93)) - 37dd13aa-6312-450c-897a-882b9a6833d0: new RaftServerImpl for group-FABD2DF2A42E:[4f4d579b-2395-4f8f-ab4b-4f7e52b3791b:192.168.36.85:42308, 37dd13aa-6312-450c-897a-882b9a6833d0:192.168.36.85:45436, ca66d9bc-c58f-4ab4-a4f7-21def37deae7:192.168.36.85:34878] with ContainerStateMachine:uninitialized
2019-08-22 09:35:53,474 [pool-466-thread-1] INFO  server.RaftServerConfigKeys (ConfUtils.java:logGet(43)) - raft.server.log.appender.install.snapshot.enabled = false (custom)
2019-08-22 09:35:53,474 [pool-444-thread-1] INFO  server.RaftServerConfigKeys (ConfUtils.java:logGet(43)) - raft.server.rpc.timeout.min = 5s (custom)
2019-08-22 09:35:53,474 [pool-455-thread-1] INFO  impl.RaftServerImpl (RaftServerImpl.java:<init>(93)) - 4f4d579b-2395-4f8f-ab4b-4f7e52b3791b: new RaftServerImpl for group-FABD2DF2A42E:[4f4d579b-2395-4f8f-ab4b-4f7e52b3791b:192.168.36.85:42308, 37dd13aa-6312-450c-897a-882b9a6833d0:192.168.36.85:45436, ca66d9bc-c58f-4ab4-a4f7-21def37deae7:192.168.36.85:34878] with ContainerStateMachine:uninitialized
2019-08-22 09:35:53,474 [pool-466-thread-1] INFO  impl.RaftServerImpl (ServerState.java:<init>(105)) - ca66d9bc-c58f-4ab4-a4f7-21def37deae7:group-FABD2DF2A42E ConfigurationManager, init=-1: [4f4d579b-2395-4f8f-ab4b-4f7e52b3791b:192.168.36.85:42308, 37dd13aa-6312-450c-897a-882b9a6833d0:192.168.36.85:45436, ca66d9bc-c58f-4ab4-a4f7-21def37deae7:192.168.36.85:34878], old=null, confs=<EMPTY_MAP>
2019-08-22 09:35:53,475 [pool-455-thread-1] INFO  server.RaftServerConfigKeys (ConfUtils.java:logGet(43)) - raft.server.rpc.timeout.min = 5s (custom)
2019-08-22 09:35:53,475 [pool-455-thread-1] INFO  server.RaftServerConfigKeys (ConfUtils.java:logGet(43)) - raft.server.rpc.timeout.max = 5200ms (custom)
2019-08-22 09:35:53,474 [pool-444-thread-1] INFO  server.RaftServerConfigKeys (ConfUtils.java:logGet(43)) - raft.server.rpc.timeout.max = 5200ms (custom)
2019-08-22 09:35:53,475 [pool-455-thread-1] INFO  server.RaftServerConfigKeys (ConfUtils.java:logGet(43)) - raft.server.rpcslowness.timeout = 120s (custom)
2019-08-22 09:35:53,475 [pool-466-thread-1] INFO  server.RaftServerConfigKeys (ConfUtils.java:logGet(43)) - raft.server.storage.dir = [/workdir/hadoop-ozone/integration-test/target/test-dir/MiniOzoneClusterImpl-80cc2eff-e08e-44d5-a632-61dd17984c66/datanode-5/data/ratis] (custom)
2019-08-22 09:35:53,475 [pool-455-thread-1] INFO  server.RaftServerConfigKeys (ConfUtils.java:logGet(43)) - raft.server.sleep.deviation.threshold = 300 (default)
2019-08-22 09:35:53,475 [pool-444-thread-1] INFO  server.RaftServerConfigKeys (ConfUtils.java:logGet(43)) - raft.server.rpcslowness.timeout = 120s (custom)
2019-08-22 09:35:53,476 [pool-466-thread-1] INFO  storage.RaftStorageDirectory (RaftStorageDirectory.java:analyzeStorage(246)) - The storage directory /workdir/hadoop-ozone/integration-test/target/test-dir/MiniOzoneClusterImpl-80cc2eff-e08e-44d5-a632-61dd17984c66/datanode-5/data/ratis/a089a283-317e-41db-8b7b-fabd2df2a42e does not exist. Creating ...
2019-08-22 09:35:53,476 [pool-455-thread-1] INFO  server.RaftServerConfigKeys (ConfUtils.java:logGet(43)) - raft.server.log.appender.install.snapshot.enabled = false (custom)
2019-08-22 09:35:53,476 [pool-444-thread-1] INFO  server.RaftServerConfigKeys (ConfUtils.java:logGet(43)) - raft.server.sleep.deviation.threshold = 300 (default)
2019-08-22 09:35:53,476 [pool-455-thread-1] INFO  impl.RaftServerImpl (ServerState.java:<init>(105)) - 4f4d579b-2395-4f8f-ab4b-4f7e52b3791b:group-FABD2DF2A42E ConfigurationManager, init=-1: [4f4d579b-2395-4f8f-ab4b-4f7e52b3791b:192.168.36.85:42308, 37dd13aa-6312-450c-897a-882b9a6833d0:192.168.36.85:45436, ca66d9bc-c58f-4ab4-a4f7-21def37deae7:192.168.36.85:34878], old=null, confs=<EMPTY_MAP>
2019-08-22 09:35:53,476 [pool-444-thread-1] INFO  server.RaftServerConfigKeys (ConfUtils.java:logGet(43)) - raft.server.log.appender.install.snapshot.enabled = false (custom)
2019-08-22 09:35:53,476 [pool-455-thread-1] INFO  server.RaftServerConfigKeys (ConfUtils.java:logGet(43)) - raft.server.storage.dir = [/workdir/hadoop-ozone/integration-test/target/test-dir/MiniOzoneClusterImpl-80cc2eff-e08e-44d5-a632-61dd17984c66/datanode-4/data/ratis] (custom)
2019-08-22 09:35:53,477 [pool-444-thread-1] INFO  impl.RaftServerImpl (ServerState.java:<init>(105)) - 37dd13aa-6312-450c-897a-882b9a6833d0:group-FABD2DF2A42E ConfigurationManager, init=-1: [4f4d579b-2395-4f8f-ab4b-4f7e52b3791b:192.168.36.85:42308, 37dd13aa-6312-450c-897a-882b9a6833d0:192.168.36.85:45436, ca66d9bc-c58f-4ab4-a4f7-21def37deae7:192.168.36.85:34878], old=null, confs=<EMPTY_MAP>
2019-08-22 09:35:53,477 [pool-444-thread-1] INFO  server.RaftServerConfigKeys (ConfUtils.java:logGet(43)) - raft.server.storage.dir = [/workdir/hadoop-ozone/integration-test/target/test-dir/MiniOzoneClusterImpl-80cc2eff-e08e-44d5-a632-61dd17984c66/datanode-3/data/ratis] (custom)
2019-08-22 09:35:53,477 [pool-455-thread-1] INFO  storage.RaftStorageDirectory (RaftStorageDirectory.java:analyzeStorage(246)) - The storage directory /workdir/hadoop-ozone/integration-test/target/test-dir/MiniOzoneClusterImpl-80cc2eff-e08e-44d5-a632-61dd17984c66/datanode-4/data/ratis/a089a283-317e-41db-8b7b-fabd2df2a42e does not exist. Creating ...
2019-08-22 09:35:53,477 [pool-444-thread-1] INFO  storage.RaftStorageDirectory (RaftStorageDirectory.java:analyzeStorage(246)) - The storage directory /workdir/hadoop-ozone/integration-test/target/test-dir/MiniOzoneClusterImpl-80cc2eff-e08e-44d5-a632-61dd17984c66/datanode-3/data/ratis/a089a283-317e-41db-8b7b-fabd2df2a42e does not exist. Creating ...
2019-08-22 09:35:53,501 [pool-455-thread-1] INFO  storage.RaftStorageDirectory (RaftStorageDirectory.java:tryLock(328)) - Lock on /workdir/hadoop-ozone/integration-test/target/test-dir/MiniOzoneClusterImpl-80cc2eff-e08e-44d5-a632-61dd17984c66/datanode-4/data/ratis/a089a283-317e-41db-8b7b-fabd2df2a42e/in_use.lock acquired by nodename 4402@pr-hdds-1898-9jx57-4170240974
2019-08-22 09:35:53,501 [pool-444-thread-1] INFO  storage.RaftStorageDirectory (RaftStorageDirectory.java:tryLock(328)) - Lock on /workdir/hadoop-ozone/integration-test/target/test-dir/MiniOzoneClusterImpl-80cc2eff-e08e-44d5-a632-61dd17984c66/datanode-3/data/ratis/a089a283-317e-41db-8b7b-fabd2df2a42e/in_use.lock acquired by nodename 4402@pr-hdds-1898-9jx57-4170240974
2019-08-22 09:35:53,501 [pool-466-thread-1] INFO  storage.RaftStorageDirectory (RaftStorageDirectory.java:tryLock(328)) - Lock on /workdir/hadoop-ozone/integration-test/target/test-dir/MiniOzoneClusterImpl-80cc2eff-e08e-44d5-a632-61dd17984c66/datanode-5/data/ratis/a089a283-317e-41db-8b7b-fabd2df2a42e/in_use.lock acquired by nodename 4402@pr-hdds-1898-9jx57-4170240974
2019-08-22 09:35:53,527 [pool-455-thread-1] INFO  storage.RaftStorage (RaftStorage.java:format(72)) - Storage directory /workdir/hadoop-ozone/integration-test/target/test-dir/MiniOzoneClusterImpl-80cc2eff-e08e-44d5-a632-61dd17984c66/datanode-4/data/ratis/a089a283-317e-41db-8b7b-fabd2df2a42e has been successfully formatted.
2019-08-22 09:35:53,527 [pool-444-thread-1] INFO  storage.RaftStorage (RaftStorage.java:format(72)) - Storage directory /workdir/hadoop-ozone/integration-test/target/test-dir/MiniOzoneClusterImpl-80cc2eff-e08e-44d5-a632-61dd17984c66/datanode-3/data/ratis/a089a283-317e-41db-8b7b-fabd2df2a42e has been successfully formatted.
2019-08-22 09:35:53,528 [pool-455-thread-1] INFO  ratis.ContainerStateMachine (ContainerStateMachine.java:loadSnapshot(226)) - group-FABD2DF2A42E: The snapshot info is null. Setting the last applied indexto:(t:0, i:~)
2019-08-22 09:35:53,528 [pool-444-thread-1] INFO  ratis.ContainerStateMachine (ContainerStateMachine.java:loadSnapshot(226)) - group-FABD2DF2A42E: The snapshot info is null. Setting the last applied indexto:(t:0, i:~)
2019-08-22 09:35:53,527 [pool-466-thread-1] INFO  storage.RaftStorage (RaftStorage.java:format(72)) - Storage directory /workdir/hadoop-ozone/integration-test/target/test-dir/MiniOzoneClusterImpl-80cc2eff-e08e-44d5-a632-61dd17984c66/datanode-5/data/ratis/a089a283-317e-41db-8b7b-fabd2df2a42e has been successfully formatted.
2019-08-22 09:35:53,528 [pool-444-thread-1] INFO  server.RaftServerConfigKeys (ConfUtils.java:logGet(43)) - raft.server.leader.election.timeout = 120s (custom)
2019-08-22 09:35:53,528 [pool-466-thread-1] INFO  ratis.ContainerStateMachine (ContainerStateMachine.java:loadSnapshot(226)) - group-FABD2DF2A42E: The snapshot info is null. Setting the last applied indexto:(t:0, i:~)
2019-08-22 09:35:53,528 [pool-455-thread-1] INFO  server.RaftServerConfigKeys (ConfUtils.java:logGet(43)) - raft.server.leader.election.timeout = 120s (custom)
2019-08-22 09:35:53,528 [pool-466-thread-1] INFO  server.RaftServerConfigKeys (ConfUtils.java:logGet(43)) - raft.server.leader.election.timeout = 120s (custom)
2019-08-22 09:35:53,528 [pool-444-thread-1] INFO  server.RaftServerConfigKeys (ConfUtils.java:logGet(43)) - raft.server.log.use.memory = false (default)
2019-08-22 09:35:53,529 [pool-466-thread-1] INFO  server.RaftServerConfigKeys (ConfUtils.java:logGet(43)) - raft.server.log.use.memory = false (default)
2019-08-22 09:35:53,529 [pool-455-thread-1] INFO  server.RaftServerConfigKeys (ConfUtils.java:logGet(43)) - raft.server.log.use.memory = false (default)
2019-08-22 09:35:53,529 [pool-466-thread-1] INFO  server.RaftServerConfigKeys (ConfUtils.java:logGet(43)) - raft.server.log.purge.gap = 1000000 (custom)
2019-08-22 09:35:53,529 [pool-444-thread-1] INFO  server.RaftServerConfigKeys (ConfUtils.java:logGet(43)) - raft.server.log.purge.gap = 1000000 (custom)
2019-08-22 09:35:53,529 [pool-466-thread-1] INFO  server.RaftServerConfigKeys (ConfUtils.java:logGet(43)) - raft.server.log.appender.buffer.byte-limit = 33554432 (custom)
2019-08-22 09:35:53,529 [pool-455-thread-1] INFO  server.RaftServerConfigKeys (ConfUtils.java:logGet(43)) - raft.server.log.purge.gap = 1000000 (custom)
2019-08-22 09:35:53,530 [pool-466-thread-1] INFO  server.RaftServerConfigKeys (ConfUtils.java:logGet(43)) - raft.server.log.segment.size.max = 1048576 (custom)
2019-08-22 09:35:53,530 [pool-444-thread-1] INFO  server.RaftServerConfigKeys (ConfUtils.java:logGet(43)) - raft.server.log.appender.buffer.byte-limit = 33554432 (custom)
2019-08-22 09:35:53,530 [pool-466-thread-1] INFO  server.RaftServerConfigKeys (ConfUtils.java:logGet(43)) - raft.server.log.segment.cache.num.max = 2 (custom)
2019-08-22 09:35:53,530 [pool-455-thread-1] INFO  server.RaftServerConfigKeys (ConfUtils.java:logGet(43)) - raft.server.log.appender.buffer.byte-limit = 33554432 (custom)
2019-08-22 09:35:53,531 [pool-466-thread-1] INFO  segmented.SegmentedRaftLogWorker (SegmentedRaftLogWorker.java:<init>(172)) - new ca66d9bc-c58f-4ab4-a4f7-21def37deae7-SegmentedRaftLogWorker:Storage Directory /workdir/hadoop-ozone/integration-test/target/test-dir/MiniOzoneClusterImpl-80cc2eff-e08e-44d5-a632-61dd17984c66/datanode-5/data/ratis/a089a283-317e-41db-8b7b-fabd2df2a42e for RaftStorage:Storage Directory /workdir/hadoop-ozone/integration-test/target/test-dir/MiniOzoneClusterImpl-80cc2eff-e08e-44d5-a632-61dd17984c66/datanode-5/data/ratis/a089a283-317e-41db-8b7b-fabd2df2a42e
2019-08-22 09:35:53,530 [pool-444-thread-1] INFO  server.RaftServerConfigKeys (ConfUtils.java:logGet(43)) - raft.server.log.segment.size.max = 1048576 (custom)
2019-08-22 09:35:53,531 [pool-466-thread-1] INFO  server.RaftServerConfigKeys (ConfUtils.java:logGet(43)) - raft.server.log.queue.byte-limit = 2147483647 (custom)
2019-08-22 09:35:53,531 [pool-455-thread-1] INFO  server.RaftServerConfigKeys (ConfUtils.java:logGet(43)) - raft.server.log.segment.size.max = 1048576 (custom)
2019-08-22 09:35:53,531 [pool-466-thread-1] INFO  server.RaftServerConfigKeys (ConfUtils.java:logGet(43)) - raft.server.log.queue.element-limit = 1024 (custom)
2019-08-22 09:35:53,531 [pool-444-thread-1] INFO  server.RaftServerConfigKeys (ConfUtils.java:logGet(43)) - raft.server.log.segment.cache.num.max = 2 (custom)
2019-08-22 09:35:53,532 [pool-466-thread-1] INFO  server.RaftServerConfigKeys (ConfUtils.java:logGet(43)) - raft.server.log.segment.size.max = 1048576 (custom)
2019-08-22 09:35:53,532 [pool-455-thread-1] INFO  server.RaftServerConfigKeys (ConfUtils.java:logGet(43)) - raft.server.log.segment.cache.num.max = 2 (custom)
2019-08-22 09:35:53,532 [pool-466-thread-1] INFO  server.RaftServerConfigKeys (ConfUtils.java:logGet(43)) - raft.server.log.preallocated.size = 16384 (custom)
2019-08-22 09:35:53,532 [pool-466-thread-1] INFO  server.RaftServerConfigKeys (ConfUtils.java:logGet(43)) - raft.server.log.write.buffer.size = 33554432 (custom)
2019-08-22 09:35:53,532 [pool-444-thread-1] INFO  segmented.SegmentedRaftLogWorker (SegmentedRaftLogWorker.java:<init>(172)) - new 37dd13aa-6312-450c-897a-882b9a6833d0-SegmentedRaftLogWorker:Storage Directory /workdir/hadoop-ozone/integration-test/target/test-dir/MiniOzoneClusterImpl-80cc2eff-e08e-44d5-a632-61dd17984c66/datanode-3/data/ratis/a089a283-317e-41db-8b7b-fabd2df2a42e for RaftStorage:Storage Directory /workdir/hadoop-ozone/integration-test/target/test-dir/MiniOzoneClusterImpl-80cc2eff-e08e-44d5-a632-61dd17984c66/datanode-3/data/ratis/a089a283-317e-41db-8b7b-fabd2df2a42e
2019-08-22 09:35:53,533 [pool-466-thread-1] INFO  server.RaftServerConfigKeys (ConfUtils.java:logGet(43)) - raft.server.log.force.sync.num = 128 (default)
2019-08-22 09:35:53,532 [pool-455-thread-1] INFO  segmented.SegmentedRaftLogWorker (SegmentedRaftLogWorker.java:<init>(172)) - new 4f4d579b-2395-4f8f-ab4b-4f7e52b3791b-SegmentedRaftLogWorker:Storage Directory /workdir/hadoop-ozone/integration-test/target/test-dir/MiniOzoneClusterImpl-80cc2eff-e08e-44d5-a632-61dd17984c66/datanode-4/data/ratis/a089a283-317e-41db-8b7b-fabd2df2a42e for RaftStorage:Storage Directory /workdir/hadoop-ozone/integration-test/target/test-dir/MiniOzoneClusterImpl-80cc2eff-e08e-44d5-a632-61dd17984c66/datanode-4/data/ratis/a089a283-317e-41db-8b7b-fabd2df2a42e
2019-08-22 09:35:53,533 [pool-466-thread-1] INFO  server.RaftServerConfigKeys (ConfUtils.java:logGet(43)) - raft.server.log.statemachine.data.sync = true (default)
2019-08-22 09:35:53,533 [pool-444-thread-1] INFO  server.RaftServerConfigKeys (ConfUtils.java:logGet(43)) - raft.server.log.queue.byte-limit = 2147483647 (custom)
2019-08-22 09:35:53,533 [pool-466-thread-1] INFO  server.RaftServerConfigKeys (ConfUtils.java:logGet(43)) - raft.server.log.statemachine.data.sync.timeout = 10s (default)
2019-08-22 09:35:53,533 [pool-455-thread-1] INFO  server.RaftServerConfigKeys (ConfUtils.java:logGet(43)) - raft.server.log.queue.byte-limit = 2147483647 (custom)
2019-08-22 09:35:53,534 [pool-466-thread-1] INFO  server.RaftServerConfigKeys (ConfUtils.java:logGet(43)) - raft.server.log.statemachine.data.sync.timeout.retry = -1 (default)
2019-08-22 09:35:53,534 [pool-444-thread-1] INFO  server.RaftServerConfigKeys (ConfUtils.java:logGet(43)) - raft.server.log.queue.element-limit = 1024 (custom)
2019-08-22 09:35:53,534 [pool-466-thread-1] INFO  server.RaftServerConfigKeys (ConfUtils.java:logGet(43)) - raft.server.log.statemachine.data.caching.enabled = true (custom)
2019-08-22 09:35:53,534 [pool-455-thread-1] INFO  server.RaftServerConfigKeys (ConfUtils.java:logGet(43)) - raft.server.log.queue.element-limit = 1024 (custom)
2019-08-22 09:35:53,534 [pool-444-thread-1] INFO  server.RaftServerConfigKeys (ConfUtils.java:logGet(43)) - raft.server.log.segment.size.max = 1048576 (custom)
2019-08-22 09:35:53,535 [pool-455-thread-1] INFO  server.RaftServerConfigKeys (ConfUtils.java:logGet(43)) - raft.server.log.segment.size.max = 1048576 (custom)
2019-08-22 09:35:53,535 [pool-466-thread-1] INFO  segmented.SegmentedRaftLogWorker (SegmentedRaftLogWorker.java:lambda$new$0(132)) - ca66d9bc-c58f-4ab4-a4f7-21def37deae7-SegmentedRaftLogWorker:Storage Directory /workdir/hadoop-ozone/integration-test/target/test-dir/MiniOzoneClusterImpl-80cc2eff-e08e-44d5-a632-61dd17984c66/datanode-5/data/ratis/a089a283-317e-41db-8b7b-fabd2df2a42e: flushIndex: setUnconditionally 0 -> -1
2019-08-22 09:35:53,535 [pool-455-thread-1] INFO  server.RaftServerConfigKeys (ConfUtils.java:logGet(43)) - raft.server.log.preallocated.size = 16384 (custom)
2019-08-22 09:35:53,535 [pool-444-thread-1] INFO  server.RaftServerConfigKeys (ConfUtils.java:logGet(43)) - raft.server.log.preallocated.size = 16384 (custom)
2019-08-22 09:35:53,535 [pool-466-thread-1] INFO  server.RaftServerConfigKeys (ConfUtils.java:logGet(43)) - raft.server.snapshot.auto.trigger.enabled = true (custom)
2019-08-22 09:35:53,535 [pool-455-thread-1] INFO  server.RaftServerConfigKeys (ConfUtils.java:logGet(43)) - raft.server.log.write.buffer.size = 33554432 (custom)
2019-08-22 09:35:53,536 [pool-466-thread-1] INFO  server.RaftServerConfigKeys (ConfUtils.java:logGet(43)) - raft.server.snapshot.auto.trigger.threshold = 10000 (custom)
2019-08-22 09:35:53,536 [pool-444-thread-1] INFO  server.RaftServerConfigKeys (ConfUtils.java:logGet(43)) - raft.server.log.write.buffer.size = 33554432 (custom)
2019-08-22 09:35:53,536 [pool-466-thread-1] INFO  server.RaftServerConfigKeys (ConfUtils.java:logGet(43)) - raft.server.retrycache.expirytime = 600000ms (custom)
2019-08-22 09:35:53,536 [pool-455-thread-1] INFO  server.RaftServerConfigKeys (ConfUtils.java:logGet(43)) - raft.server.log.force.sync.num = 128 (default)
2019-08-22 09:35:53,536 [pool-466-thread-1] INFO  impl.RaftServerImpl (RaftServerImpl.java:start(180)) - ca66d9bc-c58f-4ab4-a4f7-21def37deae7: start group-FABD2DF2A42E
2019-08-22 09:35:53,537 [pool-466-thread-1] INFO  impl.RaftServerImpl (RaftServerImpl.java:setRole(171)) - ca66d9bc-c58f-4ab4-a4f7-21def37deae7:group-FABD2DF2A42E changes role from null to FOLLOWER at term 0 for startAsFollower
2019-08-22 09:35:53,536 [pool-444-thread-1] INFO  server.RaftServerConfigKeys (ConfUtils.java:logGet(43)) - raft.server.log.force.sync.num = 128 (default)
2019-08-22 09:35:53,537 [pool-466-thread-1] INFO  impl.RoleInfo (RoleInfo.java:updateAndGet(143)) - ca66d9bc-c58f-4ab4-a4f7-21def37deae7: start FollowerState
2019-08-22 09:35:53,537 [pool-455-thread-1] INFO  server.RaftServerConfigKeys (ConfUtils.java:logGet(43)) - raft.server.log.statemachine.data.sync = true (default)
2019-08-22 09:35:53,537 [pool-444-thread-1] INFO  server.RaftServerConfigKeys (ConfUtils.java:logGet(43)) - raft.server.log.statemachine.data.sync = true (default)
2019-08-22 09:35:53,537 [pool-466-thread-1] INFO  util.JmxRegister (JmxRegister.java:tryRegister(44)) - Successfully registered JMX Bean with object name Ratis:service=RaftServer,group=group-FABD2DF2A42E,id=ca66d9bc-c58f-4ab4-a4f7-21def37deae7
2019-08-22 09:35:53,537 [pool-455-thread-1] INFO  server.RaftServerConfigKeys (ConfUtils.java:logGet(43)) - raft.server.log.statemachine.data.sync.timeout = 10s (default)
2019-08-22 09:35:53,538 [pool-455-thread-1] INFO  server.RaftServerConfigKeys (ConfUtils.java:logGet(43)) - raft.server.log.statemachine.data.sync.timeout.retry = -1 (default)
2019-08-22 09:35:53,538 [pool-444-thread-1] INFO  server.RaftServerConfigKeys (ConfUtils.java:logGet(43)) - raft.server.log.statemachine.data.sync.timeout = 10s (default)
2019-08-22 09:35:53,538 [pool-455-thread-1] INFO  server.RaftServerConfigKeys (ConfUtils.java:logGet(43)) - raft.server.log.statemachine.data.caching.enabled = true (custom)
2019-08-22 09:35:53,538 [pool-444-thread-1] INFO  server.RaftServerConfigKeys (ConfUtils.java:logGet(43)) - raft.server.log.statemachine.data.sync.timeout.retry = -1 (default)
2019-08-22 09:35:53,539 [pool-444-thread-1] INFO  server.RaftServerConfigKeys (ConfUtils.java:logGet(43)) - raft.server.log.statemachine.data.caching.enabled = true (custom)
2019-08-22 09:35:53,539 [pool-455-thread-1] INFO  segmented.SegmentedRaftLogWorker (SegmentedRaftLogWorker.java:lambda$new$0(132)) - 4f4d579b-2395-4f8f-ab4b-4f7e52b3791b-SegmentedRaftLogWorker:Storage Directory /workdir/hadoop-ozone/integration-test/target/test-dir/MiniOzoneClusterImpl-80cc2eff-e08e-44d5-a632-61dd17984c66/datanode-4/data/ratis/a089a283-317e-41db-8b7b-fabd2df2a42e: flushIndex: setUnconditionally 0 -> -1
2019-08-22 09:35:53,539 [pool-444-thread-1] INFO  segmented.SegmentedRaftLogWorker (SegmentedRaftLogWorker.java:lambda$new$0(132)) - 37dd13aa-6312-450c-897a-882b9a6833d0-SegmentedRaftLogWorker:Storage Directory /workdir/hadoop-ozone/integration-test/target/test-dir/MiniOzoneClusterImpl-80cc2eff-e08e-44d5-a632-61dd17984c66/datanode-3/data/ratis/a089a283-317e-41db-8b7b-fabd2df2a42e: flushIndex: setUnconditionally 0 -> -1
2019-08-22 09:35:53,539 [pool-455-thread-1] INFO  server.RaftServerConfigKeys (ConfUtils.java:logGet(43)) - raft.server.snapshot.auto.trigger.enabled = true (custom)
2019-08-22 09:35:53,540 [pool-444-thread-1] INFO  server.RaftServerConfigKeys (ConfUtils.java:logGet(43)) - raft.server.snapshot.auto.trigger.enabled = true (custom)
2019-08-22 09:35:53,540 [pool-455-thread-1] INFO  server.RaftServerConfigKeys (ConfUtils.java:logGet(43)) - raft.server.snapshot.auto.trigger.threshold = 10000 (custom)
2019-08-22 09:35:53,540 [pool-444-thread-1] INFO  server.RaftServerConfigKeys (ConfUtils.java:logGet(43)) - raft.server.snapshot.auto.trigger.threshold = 10000 (custom)
2019-08-22 09:35:53,540 [pool-455-thread-1] INFO  server.RaftServerConfigKeys (ConfUtils.java:logGet(43)) - raft.server.retrycache.expirytime = 600000ms (custom)
2019-08-22 09:35:53,540 [pool-444-thread-1] INFO  server.RaftServerConfigKeys (ConfUtils.java:logGet(43)) - raft.server.retrycache.expirytime = 600000ms (custom)
2019-08-22 09:35:53,540 [pool-455-thread-1] INFO  impl.RaftServerImpl (RaftServerImpl.java:start(180)) - 4f4d579b-2395-4f8f-ab4b-4f7e52b3791b: start group-FABD2DF2A42E
2019-08-22 09:35:53,540 [pool-444-thread-1] INFO  impl.RaftServerImpl (RaftServerImpl.java:start(180)) - 37dd13aa-6312-450c-897a-882b9a6833d0: start group-FABD2DF2A42E
2019-08-22 09:35:53,540 [pool-455-thread-1] INFO  impl.RaftServerImpl (RaftServerImpl.java:setRole(171)) - 4f4d579b-2395-4f8f-ab4b-4f7e52b3791b:group-FABD2DF2A42E changes role from null to FOLLOWER at term 0 for startAsFollower
2019-08-22 09:35:53,541 [pool-444-thread-1] INFO  impl.RaftServerImpl (RaftServerImpl.java:setRole(171)) - 37dd13aa-6312-450c-897a-882b9a6833d0:group-FABD2DF2A42E changes role from null to FOLLOWER at term 0 for startAsFollower
2019-08-22 09:35:53,541 [pool-455-thread-1] INFO  impl.RoleInfo (RoleInfo.java:updateAndGet(143)) - 4f4d579b-2395-4f8f-ab4b-4f7e52b3791b: start FollowerState
2019-08-22 09:35:53,541 [pool-444-thread-1] INFO  impl.RoleInfo (RoleInfo.java:updateAndGet(143)) - 37dd13aa-6312-450c-897a-882b9a6833d0: start FollowerState
2019-08-22 09:35:53,541 [pool-455-thread-1] INFO  util.JmxRegister (JmxRegister.java:tryRegister(44)) - Successfully registered JMX Bean with object name Ratis:service=RaftServer,group=group-FABD2DF2A42E,id=4f4d579b-2395-4f8f-ab4b-4f7e52b3791b
2019-08-22 09:35:53,542 [pool-444-thread-1] INFO  util.JmxRegister (JmxRegister.java:tryRegister(44)) - Successfully registered JMX Bean with object name Ratis:service=RaftServer,group=group-FABD2DF2A42E,id=37dd13aa-6312-450c-897a-882b9a6833d0
2019-08-22 09:35:53,545 [RatisPipelineUtilsThread] INFO  pipeline.PipelineStateManager (PipelineStateManager.java:addPipeline(56)) - Created pipeline Pipeline[ Id: a089a283-317e-41db-8b7b-fabd2df2a42e, Nodes: 37dd13aa-6312-450c-897a-882b9a6833d0{ip: 192.168.36.85, host: pr-hdds-1898-9jx57-4170240974, networkLocation: /default-rack, certSerialId: null}4f4d579b-2395-4f8f-ab4b-4f7e52b3791b{ip: 192.168.36.85, host: pr-hdds-1898-9jx57-4170240974, networkLocation: /default-rack, certSerialId: null}ca66d9bc-c58f-4ab4-a4f7-21def37deae7{ip: 192.168.36.85, host: pr-hdds-1898-9jx57-4170240974, networkLocation: /default-rack, certSerialId: null}, Type:RATIS, Factor:THREE, State:OPEN]
2019-08-22 09:35:53,620 [main] INFO  ozone.MiniOzoneClusterImpl (MiniOzoneClusterImpl.java:lambda$waitForClusterToBeReady$0(142)) - Waiting for cluster to be ready. Got 6 of 7 DN Heartbeats.
2019-08-22 09:35:53,621 [IPC Server handler 1 on 46757] INFO  net.NetworkTopology (NetworkTopologyImpl.java:add(110)) - Added a new node: /default-rack/bf450a64-9bba-4cb4-9d6d-a37eaaa67dc9
2019-08-22 09:35:53,621 [IPC Server handler 1 on 46757] INFO  node.SCMNodeManager (SCMNodeManager.java:register(273)) - Registered Data node : bf450a64-9bba-4cb4-9d6d-a37eaaa67dc9{ip: 192.168.36.85, host: pr-hdds-1898-9jx57-4170240974, networkLocation: /default-rack, certSerialId: null}
2019-08-22 09:35:53,622 | INFO  | SCMAudit | user=jenkins1000 | ip=192.168.36.85 | op=REGISTER {datanodeDetails=bf450a64-9bba-4cb4-9d6d-a37eaaa67dc9{ip: 192.168.36.85, host: pr-hdds-1898-9jx57-4170240974, networkLocation: /default-rack, certSerialId: null}} | ret=SUCCESS |  
2019-08-22 09:35:53,629 [grpc-default-executor-6] INFO  impl.RaftServerProxy (RaftServerProxy.java:addNew(89)) - bf450a64-9bba-4cb4-9d6d-a37eaaa67dc9: addNew group-4B7C25ABC31E:[bf450a64-9bba-4cb4-9d6d-a37eaaa67dc9:192.168.36.85:44036] returns group-4B7C25ABC31E:java.util.concurrent.CompletableFuture@52c74fbb[Not completed]
2019-08-22 09:35:53,631 [pool-477-thread-1] INFO  impl.RaftServerImpl (RaftServerImpl.java:<init>(93)) - bf450a64-9bba-4cb4-9d6d-a37eaaa67dc9: new RaftServerImpl for group-4B7C25ABC31E:[bf450a64-9bba-4cb4-9d6d-a37eaaa67dc9:192.168.36.85:44036] with ContainerStateMachine:uninitialized
2019-08-22 09:35:53,631 [pool-477-thread-1] INFO  server.RaftServerConfigKeys (ConfUtils.java:logGet(43)) - raft.server.rpc.timeout.min = 5s (custom)
2019-08-22 09:35:53,631 [pool-477-thread-1] INFO  server.RaftServerConfigKeys (ConfUtils.java:logGet(43)) - raft.server.rpc.timeout.max = 5200ms (custom)
2019-08-22 09:35:53,632 [pool-477-thread-1] INFO  server.RaftServerConfigKeys (ConfUtils.java:logGet(43)) - raft.server.rpcslowness.timeout = 120s (custom)
2019-08-22 09:35:53,632 [pool-477-thread-1] INFO  server.RaftServerConfigKeys (ConfUtils.java:logGet(43)) - raft.server.sleep.deviation.threshold = 300 (default)
2019-08-22 09:35:53,632 [pool-477-thread-1] INFO  server.RaftServerConfigKeys (ConfUtils.java:logGet(43)) - raft.server.log.appender.install.snapshot.enabled = false (custom)
2019-08-22 09:35:53,632 [pool-477-thread-1] INFO  impl.RaftServerImpl (ServerState.java:<init>(105)) - bf450a64-9bba-4cb4-9d6d-a37eaaa67dc9:group-4B7C25ABC31E ConfigurationManager, init=-1: [bf450a64-9bba-4cb4-9d6d-a37eaaa67dc9:192.168.36.85:44036], old=null, confs=<EMPTY_MAP>
2019-08-22 09:35:53,632 [pool-477-thread-1] INFO  server.RaftServerConfigKeys (ConfUtils.java:logGet(43)) - raft.server.storage.dir = [/workdir/hadoop-ozone/integration-test/target/test-dir/MiniOzoneClusterImpl-80cc2eff-e08e-44d5-a632-61dd17984c66/datanode-6/data/ratis] (custom)
2019-08-22 09:35:53,633 [pool-477-thread-1] INFO  storage.RaftStorageDirectory (RaftStorageDirectory.java:analyzeStorage(246)) - The storage directory /workdir/hadoop-ozone/integration-test/target/test-dir/MiniOzoneClusterImpl-80cc2eff-e08e-44d5-a632-61dd17984c66/datanode-6/data/ratis/64c5dc86-6dac-464d-b0ed-4b7c25abc31e does not exist. Creating ...
2019-08-22 09:35:53,662 [pool-477-thread-1] INFO  storage.RaftStorageDirectory (RaftStorageDirectory.java:tryLock(328)) - Lock on /workdir/hadoop-ozone/integration-test/target/test-dir/MiniOzoneClusterImpl-80cc2eff-e08e-44d5-a632-61dd17984c66/datanode-6/data/ratis/64c5dc86-6dac-464d-b0ed-4b7c25abc31e/in_use.lock acquired by nodename 4402@pr-hdds-1898-9jx57-4170240974
2019-08-22 09:35:53,687 [pool-477-thread-1] INFO  storage.RaftStorage (RaftStorage.java:format(72)) - Storage directory /workdir/hadoop-ozone/integration-test/target/test-dir/MiniOzoneClusterImpl-80cc2eff-e08e-44d5-a632-61dd17984c66/datanode-6/data/ratis/64c5dc86-6dac-464d-b0ed-4b7c25abc31e has been successfully formatted.
2019-08-22 09:35:53,687 [pool-477-thread-1] INFO  ratis.ContainerStateMachine (ContainerStateMachine.java:loadSnapshot(226)) - group-4B7C25ABC31E: The snapshot info is null. Setting the last applied indexto:(t:0, i:~)
2019-08-22 09:35:53,688 [pool-477-thread-1] INFO  server.RaftServerConfigKeys (ConfUtils.java:logGet(43)) - raft.server.leader.election.timeout = 120s (custom)
2019-08-22 09:35:53,688 [pool-477-thread-1] INFO  server.RaftServerConfigKeys (ConfUtils.java:logGet(43)) - raft.server.log.use.memory = false (default)
2019-08-22 09:35:53,688 [pool-477-thread-1] INFO  server.RaftServerConfigKeys (ConfUtils.java:logGet(43)) - raft.server.log.purge.gap = 1000000 (custom)
2019-08-22 09:35:53,688 [pool-477-thread-1] INFO  server.RaftServerConfigKeys (ConfUtils.java:logGet(43)) - raft.server.log.appender.buffer.byte-limit = 33554432 (custom)
2019-08-22 09:35:53,688 [pool-477-thread-1] INFO  server.RaftServerConfigKeys (ConfUtils.java:logGet(43)) - raft.server.log.segment.size.max = 1048576 (custom)
2019-08-22 09:35:53,689 [pool-477-thread-1] INFO  server.RaftServerConfigKeys (ConfUtils.java:logGet(43)) - raft.server.log.segment.cache.num.max = 2 (custom)
2019-08-22 09:35:53,689 [pool-477-thread-1] INFO  segmented.SegmentedRaftLogWorker (SegmentedRaftLogWorker.java:<init>(172)) - new bf450a64-9bba-4cb4-9d6d-a37eaaa67dc9-SegmentedRaftLogWorker:Storage Directory /workdir/hadoop-ozone/integration-test/target/test-dir/MiniOzoneClusterImpl-80cc2eff-e08e-44d5-a632-61dd17984c66/datanode-6/data/ratis/64c5dc86-6dac-464d-b0ed-4b7c25abc31e for RaftStorage:Storage Directory /workdir/hadoop-ozone/integration-test/target/test-dir/MiniOzoneClusterImpl-80cc2eff-e08e-44d5-a632-61dd17984c66/datanode-6/data/ratis/64c5dc86-6dac-464d-b0ed-4b7c25abc31e
2019-08-22 09:35:53,689 [pool-477-thread-1] INFO  server.RaftServerConfigKeys (ConfUtils.java:logGet(43)) - raft.server.log.queue.byte-limit = 2147483647 (custom)
2019-08-22 09:35:53,689 [pool-477-thread-1] INFO  server.RaftServerConfigKeys (ConfUtils.java:logGet(43)) - raft.server.log.queue.element-limit = 1024 (custom)
2019-08-22 09:35:53,690 [pool-477-thread-1] INFO  server.RaftServerConfigKeys (ConfUtils.java:logGet(43)) - raft.server.log.segment.size.max = 1048576 (custom)
2019-08-22 09:35:53,690 [pool-477-thread-1] INFO  server.RaftServerConfigKeys (ConfUtils.java:logGet(43)) - raft.server.log.preallocated.size = 16384 (custom)
2019-08-22 09:35:53,690 [pool-477-thread-1] INFO  server.RaftServerConfigKeys (ConfUtils.java:logGet(43)) - raft.server.log.write.buffer.size = 33554432 (custom)
2019-08-22 09:35:53,690 [pool-477-thread-1] INFO  server.RaftServerConfigKeys (ConfUtils.java:logGet(43)) - raft.server.log.force.sync.num = 128 (default)
2019-08-22 09:35:53,690 [pool-477-thread-1] INFO  server.RaftServerConfigKeys (ConfUtils.java:logGet(43)) - raft.server.log.statemachine.data.sync = true (default)
2019-08-22 09:35:53,690 [pool-477-thread-1] INFO  server.RaftServerConfigKeys (ConfUtils.java:logGet(43)) - raft.server.log.statemachine.data.sync.timeout = 10s (default)
2019-08-22 09:35:53,691 [pool-477-thread-1] INFO  server.RaftServerConfigKeys (ConfUtils.java:logGet(43)) - raft.server.log.statemachine.data.sync.timeout.retry = -1 (default)
2019-08-22 09:35:53,691 [pool-477-thread-1] INFO  server.RaftServerConfigKeys (ConfUtils.java:logGet(43)) - raft.server.log.statemachine.data.caching.enabled = true (custom)
2019-08-22 09:35:53,691 [pool-477-thread-1] INFO  segmented.SegmentedRaftLogWorker (SegmentedRaftLogWorker.java:lambda$new$0(132)) - bf450a64-9bba-4cb4-9d6d-a37eaaa67dc9-SegmentedRaftLogWorker:Storage Directory /workdir/hadoop-ozone/integration-test/target/test-dir/MiniOzoneClusterImpl-80cc2eff-e08e-44d5-a632-61dd17984c66/datanode-6/data/ratis/64c5dc86-6dac-464d-b0ed-4b7c25abc31e: flushIndex: setUnconditionally 0 -> -1
2019-08-22 09:35:53,692 [pool-477-thread-1] INFO  server.RaftServerConfigKeys (ConfUtils.java:logGet(43)) - raft.server.snapshot.auto.trigger.enabled = true (custom)
2019-08-22 09:35:53,692 [pool-477-thread-1] INFO  server.RaftServerConfigKeys (ConfUtils.java:logGet(43)) - raft.server.snapshot.auto.trigger.threshold = 10000 (custom)
2019-08-22 09:35:53,692 [pool-477-thread-1] INFO  server.RaftServerConfigKeys (ConfUtils.java:logGet(43)) - raft.server.retrycache.expirytime = 600000ms (custom)
2019-08-22 09:35:53,692 [pool-477-thread-1] INFO  impl.RaftServerImpl (RaftServerImpl.java:start(180)) - bf450a64-9bba-4cb4-9d6d-a37eaaa67dc9: start group-4B7C25ABC31E
2019-08-22 09:35:53,692 [pool-477-thread-1] INFO  impl.RaftServerImpl (RaftServerImpl.java:setRole(171)) - bf450a64-9bba-4cb4-9d6d-a37eaaa67dc9:group-4B7C25ABC31E changes role from null to FOLLOWER at term 0 for startAsFollower
2019-08-22 09:35:53,693 [pool-477-thread-1] INFO  impl.RoleInfo (RoleInfo.java:updateAndGet(143)) - bf450a64-9bba-4cb4-9d6d-a37eaaa67dc9: start FollowerState
2019-08-22 09:35:53,693 [pool-477-thread-1] INFO  util.JmxRegister (JmxRegister.java:tryRegister(44)) - Successfully registered JMX Bean with object name Ratis:service=RaftServer,group=group-4B7C25ABC31E,id=bf450a64-9bba-4cb4-9d6d-a37eaaa67dc9
2019-08-22 09:35:53,696 [RatisPipelineUtilsThread] INFO  pipeline.PipelineStateManager (PipelineStateManager.java:addPipeline(56)) - Created pipeline Pipeline[ Id: 64c5dc86-6dac-464d-b0ed-4b7c25abc31e, Nodes: bf450a64-9bba-4cb4-9d6d-a37eaaa67dc9{ip: 192.168.36.85, host: pr-hdds-1898-9jx57-4170240974, networkLocation: /default-rack, certSerialId: null}, Type:RATIS, Factor:ONE, State:OPEN]
2019-08-22 09:35:54,255 | INFO  | SCMAudit | user=jenkins1000 | ip=192.168.36.85 | op=SEND_HEARTBEAT {datanodeUUID=c75f594f-7fe8-46d5-8f5f-f3b104ff8c20, command=[]} | ret=SUCCESS |  
2019-08-22 09:35:54,481 | INFO  | SCMAudit | user=jenkins1000 | ip=192.168.36.85 | op=SEND_HEARTBEAT {datanodeUUID=928f99c2-e2f9-4772-8177-d8e129777645, command=[]} | ret=SUCCESS |  
2019-08-22 09:35:54,621 [main] INFO  ozone.MiniOzoneClusterImpl (MiniOzoneClusterImpl.java:lambda$waitForClusterToBeReady$0(142)) - Cluster is ready. Got 7 of 7 DN Heartbeats.
2019-08-22 09:35:54,668 [main] INFO  rpc.RpcClient (RpcClient.java:createVolume(292)) - Creating Volume: watchforcommithandlingtest, with jenkins1000 as owner.
2019-08-22 09:35:54,671 | INFO  | OMAudit | user=jenkins1000 | ip=127.0.0.1 | op=CREATE_VOLUME {admin=jenkins1000, owner=jenkins1000, volume=watchforcommithandlingtest, creationTime=1566466554670, quotaInBytes=1152921504606846976} | ret=SUCCESS |  
2019-08-22 09:35:54,685 | INFO  | OMAudit | user=jenkins1000 | ip=127.0.0.1 | op=READ_VOLUME {volume=watchforcommithandlingtest} | ret=SUCCESS |  
2019-08-22 09:35:54,686 [main] INFO  rpc.RpcClient (RpcClient.java:createBucket(431)) - Creating Bucket: watchforcommithandlingtest/watchforcommithandlingtest, with Versioning false and Storage Type set to DISK and Encryption set to false 
2019-08-22 09:35:54,691 | INFO  | OMAudit | user=jenkins1000 | ip=127.0.0.1 | op=CREATE_BUCKET {volume=watchforcommithandlingtest, bucket=watchforcommithandlingtest, acls=[user:jenkins1000:a[ACCESS], group:default:a[ACCESS]], isVersionEnabled=false, storageType=DISK, creationTime=0} | ret=SUCCESS |  
2019-08-22 09:35:54,692 [main] INFO  ozone.MiniOzoneClusterImpl (MiniOzoneClusterImpl.java:getStorageContainerLocationClient(241)) - Creating StorageContainerLocationProtocol RPC client with address /0.0.0.0:41805
2019-08-22 09:35:54,694 | INFO  | SCMAudit | user=jenkins1000 | ip=192.168.36.85 | op=SEND_HEARTBEAT {datanodeUUID=7e3ed9e5-7ea8-4d90-923a-b1baa67973a8, command=[]} | ret=SUCCESS |  
2019-08-22 09:35:54,713 [grpc-default-executor-6] INFO  client.GrpcClientProtocolClient (GrpcClientProtocolClient.java:onNext(255)) - client-616E12732757->928f99c2-e2f9-4772-8177-d8e129777645: receive RaftClientReply:client-616E12732757->928f99c2-e2f9-4772-8177-d8e129777645@group-46B1F343BA37, cid=103, FAILED org.apache.ratis.protocol.NotLeaderException: Server 928f99c2-e2f9-4772-8177-d8e129777645 is not the leader (null). Request must be sent to leader., logIndex=0, commits[928f99c2-e2f9-4772-8177-d8e129777645:c-1]
2019-08-22 09:35:54,892 | INFO  | SCMAudit | user=jenkins1000 | ip=192.168.36.85 | op=SEND_HEARTBEAT {datanodeUUID=37dd13aa-6312-450c-897a-882b9a6833d0, command=[]} | ret=SUCCESS |  
2019-08-22 09:35:55,116 | INFO  | SCMAudit | user=jenkins1000 | ip=192.168.36.85 | op=SEND_HEARTBEAT {datanodeUUID=4f4d579b-2395-4f8f-ab4b-4f7e52b3791b, command=[]} | ret=SUCCESS |  
2019-08-22 09:35:55,255 | INFO  | SCMAudit | user=jenkins1000 | ip=192.168.36.85 | op=SEND_HEARTBEAT {datanodeUUID=c75f594f-7fe8-46d5-8f5f-f3b104ff8c20, command=[]} | ret=SUCCESS |  
2019-08-22 09:35:55,269 [Thread-2499] INFO  container.ReplicationManager (ReplicationManager.java:start(152)) - Starting Replication Monitor Thread.
2019-08-22 09:35:55,274 [ReplicationMonitor] INFO  container.ReplicationManager (ReplicationManager.java:run(215)) - Replication Monitor Thread took 0 milliseconds for processing 1 containers.
2019-08-22 09:35:55,384 | INFO  | SCMAudit | user=jenkins1000 | ip=192.168.36.85 | op=SEND_HEARTBEAT {datanodeUUID=ca66d9bc-c58f-4ab4-a4f7-21def37deae7, command=[]} | ret=SUCCESS |  
2019-08-22 09:35:55,480 | INFO  | SCMAudit | user=jenkins1000 | ip=192.168.36.85 | op=SEND_HEARTBEAT {datanodeUUID=928f99c2-e2f9-4772-8177-d8e129777645, command=[]} | ret=SUCCESS |  
2019-08-22 09:35:55,620 | INFO  | SCMAudit | user=jenkins1000 | ip=192.168.36.85 | op=SEND_HEARTBEAT {datanodeUUID=bf450a64-9bba-4cb4-9d6d-a37eaaa67dc9, command=[]} | ret=SUCCESS |  
2019-08-22 09:35:55,695 | INFO  | SCMAudit | user=jenkins1000 | ip=192.168.36.85 | op=SEND_HEARTBEAT {datanodeUUID=7e3ed9e5-7ea8-4d90-923a-b1baa67973a8, command=[]} | ret=SUCCESS |  
2019-08-22 09:35:55,730 [grpc-default-executor-6] INFO  client.GrpcClientProtocolClient (GrpcClientProtocolClient.java:onNext(255)) - client-616E12732757->c75f594f-7fe8-46d5-8f5f-f3b104ff8c20: receive RaftClientReply:client-616E12732757->c75f594f-7fe8-46d5-8f5f-f3b104ff8c20@group-46B1F343BA37, cid=103, FAILED org.apache.ratis.protocol.NotLeaderException: Server c75f594f-7fe8-46d5-8f5f-f3b104ff8c20 is not the leader (null). Request must be sent to leader., logIndex=0, commits[c75f594f-7fe8-46d5-8f5f-f3b104ff8c20:c-1]
2019-08-22 09:35:55,892 | INFO  | SCMAudit | user=jenkins1000 | ip=192.168.36.85 | op=SEND_HEARTBEAT {datanodeUUID=37dd13aa-6312-450c-897a-882b9a6833d0, command=[]} | ret=SUCCESS |  
2019-08-22 09:35:56,117 | INFO  | SCMAudit | user=jenkins1000 | ip=192.168.36.85 | op=SEND_HEARTBEAT {datanodeUUID=4f4d579b-2395-4f8f-ab4b-4f7e52b3791b, command=[]} | ret=SUCCESS |  
2019-08-22 09:35:56,255 | INFO  | SCMAudit | user=jenkins1000 | ip=192.168.36.85 | op=SEND_HEARTBEAT {datanodeUUID=c75f594f-7fe8-46d5-8f5f-f3b104ff8c20, command=[]} | ret=SUCCESS |  
2019-08-22 09:35:56,384 | INFO  | SCMAudit | user=jenkins1000 | ip=192.168.36.85 | op=SEND_HEARTBEAT {datanodeUUID=ca66d9bc-c58f-4ab4-a4f7-21def37deae7, command=[]} | ret=SUCCESS |  
2019-08-22 09:35:56,481 | INFO  | SCMAudit | user=jenkins1000 | ip=192.168.36.85 | op=SEND_HEARTBEAT {datanodeUUID=928f99c2-e2f9-4772-8177-d8e129777645, command=[]} | ret=SUCCESS |  
2019-08-22 09:35:56,621 | INFO  | SCMAudit | user=jenkins1000 | ip=192.168.36.85 | op=SEND_HEARTBEAT {datanodeUUID=bf450a64-9bba-4cb4-9d6d-a37eaaa67dc9, command=[]} | ret=SUCCESS |  
2019-08-22 09:35:56,698 | INFO  | SCMAudit | user=jenkins1000 | ip=192.168.36.85 | op=SEND_HEARTBEAT {datanodeUUID=7e3ed9e5-7ea8-4d90-923a-b1baa67973a8, command=[]} | ret=SUCCESS |  
2019-08-22 09:35:56,744 [grpc-default-executor-6] INFO  client.GrpcClientProtocolClient (GrpcClientProtocolClient.java:onNext(255)) - client-616E12732757->928f99c2-e2f9-4772-8177-d8e129777645: receive RaftClientReply:client-616E12732757->928f99c2-e2f9-4772-8177-d8e129777645@group-46B1F343BA37, cid=103, FAILED org.apache.ratis.protocol.NotLeaderException: Server 928f99c2-e2f9-4772-8177-d8e129777645 is not the leader (null). Request must be sent to leader., logIndex=0, commits[928f99c2-e2f9-4772-8177-d8e129777645:c-1]
2019-08-22 09:35:56,893 | INFO  | SCMAudit | user=jenkins1000 | ip=192.168.36.85 | op=SEND_HEARTBEAT {datanodeUUID=37dd13aa-6312-450c-897a-882b9a6833d0, command=[]} | ret=SUCCESS |  
2019-08-22 09:35:57,117 | INFO  | SCMAudit | user=jenkins1000 | ip=192.168.36.85 | op=SEND_HEARTBEAT {datanodeUUID=4f4d579b-2395-4f8f-ab4b-4f7e52b3791b, command=[]} | ret=SUCCESS |  
2019-08-22 09:35:57,256 | INFO  | SCMAudit | user=jenkins1000 | ip=192.168.36.85 | op=SEND_HEARTBEAT {datanodeUUID=c75f594f-7fe8-46d5-8f5f-f3b104ff8c20, command=[]} | ret=SUCCESS |  
2019-08-22 09:35:57,384 | INFO  | SCMAudit | user=jenkins1000 | ip=192.168.36.85 | op=SEND_HEARTBEAT {datanodeUUID=ca66d9bc-c58f-4ab4-a4f7-21def37deae7, command=[]} | ret=SUCCESS |  
2019-08-22 09:35:57,432 [Thread-2501] INFO  impl.FollowerState (FollowerState.java:run(106)) - c75f594f-7fe8-46d5-8f5f-f3b104ff8c20:group-2CADA4ED903A changes to CANDIDATE, lastRpcTime:5054, electionTimeout:5054ms
2019-08-22 09:35:57,432 [Thread-2501] INFO  impl.RoleInfo (RoleInfo.java:shutdownFollowerState(121)) - c75f594f-7fe8-46d5-8f5f-f3b104ff8c20: shutdown FollowerState
2019-08-22 09:35:57,432 [Thread-2501] INFO  impl.RaftServerImpl (RaftServerImpl.java:setRole(171)) - c75f594f-7fe8-46d5-8f5f-f3b104ff8c20:group-2CADA4ED903A changes role from FOLLOWER to CANDIDATE at term 0 for changeToCandidate
2019-08-22 09:35:57,432 [Thread-2501] INFO  impl.RoleInfo (RoleInfo.java:updateAndGet(143)) - c75f594f-7fe8-46d5-8f5f-f3b104ff8c20: start LeaderElection
2019-08-22 09:35:57,481 | INFO  | SCMAudit | user=jenkins1000 | ip=192.168.36.85 | op=SEND_HEARTBEAT {datanodeUUID=928f99c2-e2f9-4772-8177-d8e129777645, command=[]} | ret=SUCCESS |  
2019-08-22 09:35:57,496 [c75f594f-7fe8-46d5-8f5f-f3b104ff8c20:group-2CADA4ED903A:LeaderElection75] INFO  impl.LeaderElection (LeaderElection.java:askForVotes(181)) - c75f594f-7fe8-46d5-8f5f-f3b104ff8c20:group-2CADA4ED903A:LeaderElection75: begin an election at term 1 for -1: [c75f594f-7fe8-46d5-8f5f-f3b104ff8c20:192.168.36.85:45466], old=null
2019-08-22 09:35:57,496 [c75f594f-7fe8-46d5-8f5f-f3b104ff8c20:group-2CADA4ED903A:LeaderElection75] INFO  impl.RoleInfo (RoleInfo.java:shutdownLeaderElection(134)) - c75f594f-7fe8-46d5-8f5f-f3b104ff8c20: shutdown LeaderElection
2019-08-22 09:35:57,497 [c75f594f-7fe8-46d5-8f5f-f3b104ff8c20:group-2CADA4ED903A:LeaderElection75] INFO  impl.RaftServerImpl (RaftServerImpl.java:setRole(171)) - c75f594f-7fe8-46d5-8f5f-f3b104ff8c20:group-2CADA4ED903A changes role from CANDIDATE to LEADER at term 1 for changeToLeader
2019-08-22 09:35:57,497 [c75f594f-7fe8-46d5-8f5f-f3b104ff8c20:group-2CADA4ED903A:LeaderElection75] INFO  impl.RaftServerImpl (ServerState.java:setLeader(263)) - c75f594f-7fe8-46d5-8f5f-f3b104ff8c20:group-2CADA4ED903A change Leader from null to c75f594f-7fe8-46d5-8f5f-f3b104ff8c20 at term 1 for becomeLeader, leader elected after 5125ms
2019-08-22 09:35:57,497 [c75f594f-7fe8-46d5-8f5f-f3b104ff8c20:group-2CADA4ED903A:LeaderElection75] INFO  server.RaftServerConfigKeys (ConfUtils.java:logGet(43)) - raft.server.staging.catchup.gap = 1000 (default)
2019-08-22 09:35:57,497 [c75f594f-7fe8-46d5-8f5f-f3b104ff8c20:group-2CADA4ED903A:LeaderElection75] INFO  server.RaftServerConfigKeys (ConfUtils.java:logGet(43)) - raft.server.rpc.sleep.time = 25ms (default)
2019-08-22 09:35:57,497 [c75f594f-7fe8-46d5-8f5f-f3b104ff8c20:group-2CADA4ED903A:LeaderElection75] INFO  server.RaftServerConfigKeys (ConfUtils.java:logGet(43)) - raft.server.write.element-limit = 4096 (default)
2019-08-22 09:35:57,498 [c75f594f-7fe8-46d5-8f5f-f3b104ff8c20:group-2CADA4ED903A:LeaderElection75] INFO  server.RaftServerConfigKeys (ConfUtils.java:logGet(43)) - raft.server.watch.timeout = 10s (default)
2019-08-22 09:35:57,498 [c75f594f-7fe8-46d5-8f5f-f3b104ff8c20:group-2CADA4ED903A:LeaderElection75] INFO  server.RaftServerConfigKeys (ConfUtils.java:logGet(43)) - raft.server.watch.timeout.denomination = 1s (default)
2019-08-22 09:35:57,498 [c75f594f-7fe8-46d5-8f5f-f3b104ff8c20:group-2CADA4ED903A:LeaderElection75] INFO  server.RaftServerConfigKeys (ConfUtils.java:logGet(43)) - raft.server.watch.element-limit = 65536 (default)
2019-08-22 09:35:57,498 [c75f594f-7fe8-46d5-8f5f-f3b104ff8c20:group-2CADA4ED903A:LeaderElection75] INFO  impl.RoleInfo (RoleInfo.java:updateAndGet(143)) - c75f594f-7fe8-46d5-8f5f-f3b104ff8c20: start LeaderState
2019-08-22 09:35:57,499 [c75f594f-7fe8-46d5-8f5f-f3b104ff8c20:group-2CADA4ED903A:LeaderElection75] INFO  segmented.SegmentedRaftLogWorker (SegmentedRaftLogWorker.java:startLogSegment(380)) - c75f594f-7fe8-46d5-8f5f-f3b104ff8c20-SegmentedRaftLogWorker:Storage Directory /workdir/hadoop-ozone/integration-test/target/test-dir/MiniOzoneClusterImpl-80cc2eff-e08e-44d5-a632-61dd17984c66/datanode-0/data/ratis/dc825bf7-1411-42be-85cc-2cada4ed903a: Starting segment from index:0
2019-08-22 09:35:57,500 [c75f594f-7fe8-46d5-8f5f-f3b104ff8c20:group-2CADA4ED903A:LeaderElection75] INFO  impl.RaftServerImpl (ServerState.java:setRaftConf(361)) - c75f594f-7fe8-46d5-8f5f-f3b104ff8c20:group-2CADA4ED903A set configuration 0: [c75f594f-7fe8-46d5-8f5f-f3b104ff8c20:192.168.36.85:45466], old=null at 0
2019-08-22 09:35:57,554 [c75f594f-7fe8-46d5-8f5f-f3b104ff8c20-SegmentedRaftLogWorker:Storage Directory /workdir/hadoop-ozone/integration-test/target/test-dir/MiniOzoneClusterImpl-80cc2eff-e08e-44d5-a632-61dd17984c66/datanode-0/data/ratis/dc825bf7-1411-42be-85cc-2cada4ed903a] INFO  segmented.SegmentedRaftLogWorker (SegmentedRaftLogWorker.java:execute(569)) - c75f594f-7fe8-46d5-8f5f-f3b104ff8c20-SegmentedRaftLogWorker:Storage Directory /workdir/hadoop-ozone/integration-test/target/test-dir/MiniOzoneClusterImpl-80cc2eff-e08e-44d5-a632-61dd17984c66/datanode-0/data/ratis/dc825bf7-1411-42be-85cc-2cada4ed903a: created new log segment /workdir/hadoop-ozone/integration-test/target/test-dir/MiniOzoneClusterImpl-80cc2eff-e08e-44d5-a632-61dd17984c66/datanode-0/data/ratis/dc825bf7-1411-42be-85cc-2cada4ed903a/current/log_inprogress_0
2019-08-22 09:35:57,568 [Thread-2504] INFO  impl.FollowerState (FollowerState.java:run(106)) - 928f99c2-e2f9-4772-8177-d8e129777645:group-D24149C745D2 changes to CANDIDATE, lastRpcTime:5016, electionTimeout:5016ms
2019-08-22 09:35:57,568 [Thread-2504] INFO  impl.RoleInfo (RoleInfo.java:shutdownFollowerState(121)) - 928f99c2-e2f9-4772-8177-d8e129777645: shutdown FollowerState
2019-08-22 09:35:57,568 [Thread-2504] INFO  impl.RaftServerImpl (RaftServerImpl.java:setRole(171)) - 928f99c2-e2f9-4772-8177-d8e129777645:group-D24149C745D2 changes role from FOLLOWER to CANDIDATE at term 0 for changeToCandidate
2019-08-22 09:35:57,569 [Thread-2504] INFO  impl.RoleInfo (RoleInfo.java:updateAndGet(143)) - 928f99c2-e2f9-4772-8177-d8e129777645: start LeaderElection
2019-08-22 09:35:57,597 [928f99c2-e2f9-4772-8177-d8e129777645:group-D24149C745D2:LeaderElection76] INFO  impl.LeaderElection (LeaderElection.java:askForVotes(181)) - 928f99c2-e2f9-4772-8177-d8e129777645:group-D24149C745D2:LeaderElection76: begin an election at term 1 for -1: [928f99c2-e2f9-4772-8177-d8e129777645:192.168.36.85:35249], old=null
2019-08-22 09:35:57,597 [928f99c2-e2f9-4772-8177-d8e129777645:group-D24149C745D2:LeaderElection76] INFO  impl.RoleInfo (RoleInfo.java:shutdownLeaderElection(134)) - 928f99c2-e2f9-4772-8177-d8e129777645: shutdown LeaderElection
2019-08-22 09:35:57,597 [928f99c2-e2f9-4772-8177-d8e129777645:group-D24149C745D2:LeaderElection76] INFO  impl.RaftServerImpl (RaftServerImpl.java:setRole(171)) - 928f99c2-e2f9-4772-8177-d8e129777645:group-D24149C745D2 changes role from CANDIDATE to LEADER at term 1 for changeToLeader
2019-08-22 09:35:57,597 [928f99c2-e2f9-4772-8177-d8e129777645:group-D24149C745D2:LeaderElection76] INFO  impl.RaftServerImpl (ServerState.java:setLeader(263)) - 928f99c2-e2f9-4772-8177-d8e129777645:group-D24149C745D2 change Leader from null to 928f99c2-e2f9-4772-8177-d8e129777645 at term 1 for becomeLeader, leader elected after 5049ms
2019-08-22 09:35:57,597 [928f99c2-e2f9-4772-8177-d8e129777645:group-D24149C745D2:LeaderElection76] INFO  server.RaftServerConfigKeys (ConfUtils.java:logGet(43)) - raft.server.staging.catchup.gap = 1000 (default)
2019-08-22 09:35:57,597 [928f99c2-e2f9-4772-8177-d8e129777645:group-D24149C745D2:LeaderElection76] INFO  server.RaftServerConfigKeys (ConfUtils.java:logGet(43)) - raft.server.rpc.sleep.time = 25ms (default)
2019-08-22 09:35:57,597 [928f99c2-e2f9-4772-8177-d8e129777645:group-D24149C745D2:LeaderElection76] INFO  server.RaftServerConfigKeys (ConfUtils.java:logGet(43)) - raft.server.write.element-limit = 4096 (default)
2019-08-22 09:35:57,597 [928f99c2-e2f9-4772-8177-d8e129777645:group-D24149C745D2:LeaderElection76] INFO  server.RaftServerConfigKeys (ConfUtils.java:logGet(43)) - raft.server.watch.timeout = 10s (default)
2019-08-22 09:35:57,598 [928f99c2-e2f9-4772-8177-d8e129777645:group-D24149C745D2:LeaderElection76] INFO  server.RaftServerConfigKeys (ConfUtils.java:logGet(43)) - raft.server.watch.timeout.denomination = 1s (default)
2019-08-22 09:35:57,598 [928f99c2-e2f9-4772-8177-d8e129777645:group-D24149C745D2:LeaderElection76] INFO  server.RaftServerConfigKeys (ConfUtils.java:logGet(43)) - raft.server.watch.element-limit = 65536 (default)
2019-08-22 09:35:57,598 [928f99c2-e2f9-4772-8177-d8e129777645:group-D24149C745D2:LeaderElection76] INFO  impl.RoleInfo (RoleInfo.java:updateAndGet(143)) - 928f99c2-e2f9-4772-8177-d8e129777645: start LeaderState
2019-08-22 09:35:57,598 [928f99c2-e2f9-4772-8177-d8e129777645:group-D24149C745D2:LeaderElection76] INFO  segmented.SegmentedRaftLogWorker (SegmentedRaftLogWorker.java:startLogSegment(380)) - 928f99c2-e2f9-4772-8177-d8e129777645-SegmentedRaftLogWorker:Storage Directory /workdir/hadoop-ozone/integration-test/target/test-dir/MiniOzoneClusterImpl-80cc2eff-e08e-44d5-a632-61dd17984c66/datanode-1/data/ratis/c4827d4a-6d4e-49ac-8bc2-d24149c745d2: Starting segment from index:0
2019-08-22 09:35:57,598 [928f99c2-e2f9-4772-8177-d8e129777645:group-D24149C745D2:LeaderElection76] INFO  impl.RaftServerImpl (ServerState.java:setRaftConf(361)) - 928f99c2-e2f9-4772-8177-d8e129777645:group-D24149C745D2 set configuration 0: [928f99c2-e2f9-4772-8177-d8e129777645:192.168.36.85:35249], old=null at 0
2019-08-22 09:35:57,621 | INFO  | SCMAudit | user=jenkins1000 | ip=192.168.36.85 | op=SEND_HEARTBEAT {datanodeUUID=bf450a64-9bba-4cb4-9d6d-a37eaaa67dc9, command=[]} | ret=SUCCESS |  
2019-08-22 09:35:57,647 [928f99c2-e2f9-4772-8177-d8e129777645-SegmentedRaftLogWorker:Storage Directory /workdir/hadoop-ozone/integration-test/target/test-dir/MiniOzoneClusterImpl-80cc2eff-e08e-44d5-a632-61dd17984c66/datanode-1/data/ratis/c4827d4a-6d4e-49ac-8bc2-d24149c745d2] INFO  segmented.SegmentedRaftLogWorker (SegmentedRaftLogWorker.java:execute(569)) - 928f99c2-e2f9-4772-8177-d8e129777645-SegmentedRaftLogWorker:Storage Directory /workdir/hadoop-ozone/integration-test/target/test-dir/MiniOzoneClusterImpl-80cc2eff-e08e-44d5-a632-61dd17984c66/datanode-1/data/ratis/c4827d4a-6d4e-49ac-8bc2-d24149c745d2: created new log segment /workdir/hadoop-ozone/integration-test/target/test-dir/MiniOzoneClusterImpl-80cc2eff-e08e-44d5-a632-61dd17984c66/datanode-1/data/ratis/c4827d4a-6d4e-49ac-8bc2-d24149c745d2/current/log_inprogress_0
2019-08-22 09:35:57,699 | INFO  | SCMAudit | user=jenkins1000 | ip=192.168.36.85 | op=SEND_HEARTBEAT {datanodeUUID=7e3ed9e5-7ea8-4d90-923a-b1baa67973a8, command=[]} | ret=SUCCESS |  
2019-08-22 09:35:57,758 [grpc-default-executor-2] INFO  client.GrpcClientProtocolClient (GrpcClientProtocolClient.java:onNext(255)) - client-616E12732757->7e3ed9e5-7ea8-4d90-923a-b1baa67973a8: receive RaftClientReply:client-616E12732757->7e3ed9e5-7ea8-4d90-923a-b1baa67973a8@group-46B1F343BA37, cid=103, FAILED org.apache.ratis.protocol.NotLeaderException: Server 7e3ed9e5-7ea8-4d90-923a-b1baa67973a8 is not the leader (null). Request must be sent to leader., logIndex=0, commits[7e3ed9e5-7ea8-4d90-923a-b1baa67973a8:c-1]
2019-08-22 09:35:57,885 [Thread-2514] INFO  impl.FollowerState (FollowerState.java:run(106)) - 928f99c2-e2f9-4772-8177-d8e129777645:group-46B1F343BA37 changes to CANDIDATE, lastRpcTime:5025, electionTimeout:5025ms
2019-08-22 09:35:57,886 [Thread-2514] INFO  impl.RoleInfo (RoleInfo.java:shutdownFollowerState(121)) - 928f99c2-e2f9-4772-8177-d8e129777645: shutdown FollowerState
2019-08-22 09:35:57,886 [Thread-2514] INFO  impl.RaftServerImpl (RaftServerImpl.java:setRole(171)) - 928f99c2-e2f9-4772-8177-d8e129777645:group-46B1F343BA37 changes role from FOLLOWER to CANDIDATE at term 0 for changeToCandidate
2019-08-22 09:35:57,886 [Thread-2514] INFO  impl.RoleInfo (RoleInfo.java:updateAndGet(143)) - 928f99c2-e2f9-4772-8177-d8e129777645: start LeaderElection
2019-08-22 09:35:57,892 | INFO  | SCMAudit | user=jenkins1000 | ip=192.168.36.85 | op=SEND_HEARTBEAT {datanodeUUID=37dd13aa-6312-450c-897a-882b9a6833d0, command=[]} | ret=SUCCESS |  
2019-08-22 09:35:57,904 [Thread-2507] INFO  impl.FollowerState (FollowerState.java:run(106)) - 7e3ed9e5-7ea8-4d90-923a-b1baa67973a8:group-7D434A94B9DF changes to CANDIDATE, lastRpcTime:5133, electionTimeout:5133ms
2019-08-22 09:35:57,905 [Thread-2507] INFO  impl.RoleInfo (RoleInfo.java:shutdownFollowerState(121)) - 7e3ed9e5-7ea8-4d90-923a-b1baa67973a8: shutdown FollowerState
2019-08-22 09:35:57,905 [Thread-2507] INFO  impl.RaftServerImpl (RaftServerImpl.java:setRole(171)) - 7e3ed9e5-7ea8-4d90-923a-b1baa67973a8:group-7D434A94B9DF changes role from FOLLOWER to CANDIDATE at term 0 for changeToCandidate
2019-08-22 09:35:57,905 [Thread-2507] INFO  impl.RoleInfo (RoleInfo.java:updateAndGet(143)) - 7e3ed9e5-7ea8-4d90-923a-b1baa67973a8: start LeaderElection
2019-08-22 09:35:57,912 [928f99c2-e2f9-4772-8177-d8e129777645:group-46B1F343BA37:LeaderElection77] INFO  impl.LeaderElection (LeaderElection.java:askForVotes(181)) - 928f99c2-e2f9-4772-8177-d8e129777645:group-46B1F343BA37:LeaderElection77: begin an election at term 1 for -1: [928f99c2-e2f9-4772-8177-d8e129777645:192.168.36.85:35249, c75f594f-7fe8-46d5-8f5f-f3b104ff8c20:192.168.36.85:45466, 7e3ed9e5-7ea8-4d90-923a-b1baa67973a8:192.168.36.85:40333], old=null
2019-08-22 09:35:57,915 [Thread-2510] INFO  impl.FollowerState (FollowerState.java:run(106)) - 7e3ed9e5-7ea8-4d90-923a-b1baa67973a8:group-46B1F343BA37 changes to CANDIDATE, lastRpcTime:5059, electionTimeout:5059ms
2019-08-22 09:35:57,915 [Thread-2510] INFO  impl.RoleInfo (RoleInfo.java:shutdownFollowerState(121)) - 7e3ed9e5-7ea8-4d90-923a-b1baa67973a8: shutdown FollowerState
2019-08-22 09:35:57,915 [Thread-2510] INFO  impl.RaftServerImpl (RaftServerImpl.java:setRole(171)) - 7e3ed9e5-7ea8-4d90-923a-b1baa67973a8:group-46B1F343BA37 changes role from FOLLOWER to CANDIDATE at term 0 for changeToCandidate
2019-08-22 09:35:57,916 [Thread-2510] INFO  impl.RoleInfo (RoleInfo.java:updateAndGet(143)) - 7e3ed9e5-7ea8-4d90-923a-b1baa67973a8: start LeaderElection
2019-08-22 09:35:57,921 [grpc-default-executor-2] INFO  impl.RaftServerImpl (RaftServerImpl.java:setRole(171)) - c75f594f-7fe8-46d5-8f5f-f3b104ff8c20:group-46B1F343BA37 changes role from FOLLOWER to FOLLOWER at term 1 for recognizeCandidate:928f99c2-e2f9-4772-8177-d8e129777645
2019-08-22 09:35:57,921 [grpc-default-executor-2] INFO  impl.RoleInfo (RoleInfo.java:shutdownFollowerState(121)) - c75f594f-7fe8-46d5-8f5f-f3b104ff8c20: shutdown FollowerState
2019-08-22 09:35:57,921 [grpc-default-executor-2] INFO  impl.RoleInfo (RoleInfo.java:updateAndGet(143)) - c75f594f-7fe8-46d5-8f5f-f3b104ff8c20: start FollowerState
2019-08-22 09:35:57,921 [Thread-2515] INFO  impl.FollowerState (FollowerState.java:run(114)) - c75f594f-7fe8-46d5-8f5f-f3b104ff8c20: FollowerState was interrupted: java.lang.InterruptedException: sleep interrupted
2019-08-22 09:35:57,931 [7e3ed9e5-7ea8-4d90-923a-b1baa67973a8:group-7D434A94B9DF:LeaderElection78] INFO  impl.LeaderElection (LeaderElection.java:askForVotes(181)) - 7e3ed9e5-7ea8-4d90-923a-b1baa67973a8:group-7D434A94B9DF:LeaderElection78: begin an election at term 1 for -1: [7e3ed9e5-7ea8-4d90-923a-b1baa67973a8:192.168.36.85:40333], old=null
2019-08-22 09:35:57,931 [7e3ed9e5-7ea8-4d90-923a-b1baa67973a8:group-7D434A94B9DF:LeaderElection78] INFO  impl.RoleInfo (RoleInfo.java:shutdownLeaderElection(134)) - 7e3ed9e5-7ea8-4d90-923a-b1baa67973a8: shutdown LeaderElection
2019-08-22 09:35:57,931 [7e3ed9e5-7ea8-4d90-923a-b1baa67973a8:group-7D434A94B9DF:LeaderElection78] INFO  impl.RaftServerImpl (RaftServerImpl.java:setRole(171)) - 7e3ed9e5-7ea8-4d90-923a-b1baa67973a8:group-7D434A94B9DF changes role from CANDIDATE to LEADER at term 1 for changeToLeader
2019-08-22 09:35:57,931 [7e3ed9e5-7ea8-4d90-923a-b1baa67973a8:group-7D434A94B9DF:LeaderElection78] INFO  impl.RaftServerImpl (ServerState.java:setLeader(263)) - 7e3ed9e5-7ea8-4d90-923a-b1baa67973a8:group-7D434A94B9DF change Leader from null to 7e3ed9e5-7ea8-4d90-923a-b1baa67973a8 at term 1 for becomeLeader, leader elected after 5166ms
2019-08-22 09:35:57,931 [7e3ed9e5-7ea8-4d90-923a-b1baa67973a8:group-7D434A94B9DF:LeaderElection78] INFO  server.RaftServerConfigKeys (ConfUtils.java:logGet(43)) - raft.server.staging.catchup.gap = 1000 (default)
2019-08-22 09:35:57,932 [7e3ed9e5-7ea8-4d90-923a-b1baa67973a8:group-7D434A94B9DF:LeaderElection78] INFO  server.RaftServerConfigKeys (ConfUtils.java:logGet(43)) - raft.server.rpc.sleep.time = 25ms (default)
2019-08-22 09:35:57,932 [7e3ed9e5-7ea8-4d90-923a-b1baa67973a8:group-7D434A94B9DF:LeaderElection78] INFO  server.RaftServerConfigKeys (ConfUtils.java:logGet(43)) - raft.server.write.element-limit = 4096 (default)
2019-08-22 09:35:57,932 [7e3ed9e5-7ea8-4d90-923a-b1baa67973a8:group-7D434A94B9DF:LeaderElection78] INFO  server.RaftServerConfigKeys (ConfUtils.java:logGet(43)) - raft.server.watch.timeout = 10s (default)
2019-08-22 09:35:57,932 [7e3ed9e5-7ea8-4d90-923a-b1baa67973a8:group-7D434A94B9DF:LeaderElection78] INFO  server.RaftServerConfigKeys (ConfUtils.java:logGet(43)) - raft.server.watch.timeout.denomination = 1s (default)
2019-08-22 09:35:57,932 [7e3ed9e5-7ea8-4d90-923a-b1baa67973a8:group-7D434A94B9DF:LeaderElection78] INFO  server.RaftServerConfigKeys (ConfUtils.java:logGet(43)) - raft.server.watch.element-limit = 65536 (default)
2019-08-22 09:35:57,932 [7e3ed9e5-7ea8-4d90-923a-b1baa67973a8:group-7D434A94B9DF:LeaderElection78] INFO  impl.RoleInfo (RoleInfo.java:updateAndGet(143)) - 7e3ed9e5-7ea8-4d90-923a-b1baa67973a8: start LeaderState
2019-08-22 09:35:57,932 [7e3ed9e5-7ea8-4d90-923a-b1baa67973a8:group-7D434A94B9DF:LeaderElection78] INFO  segmented.SegmentedRaftLogWorker (SegmentedRaftLogWorker.java:startLogSegment(380)) - 7e3ed9e5-7ea8-4d90-923a-b1baa67973a8-SegmentedRaftLogWorker:Storage Directory /workdir/hadoop-ozone/integration-test/target/test-dir/MiniOzoneClusterImpl-80cc2eff-e08e-44d5-a632-61dd17984c66/datanode-2/data/ratis/7138de32-c22a-4e39-a47c-7d434a94b9df: Starting segment from index:0
2019-08-22 09:35:57,933 [7e3ed9e5-7ea8-4d90-923a-b1baa67973a8:group-7D434A94B9DF:LeaderElection78] INFO  impl.RaftServerImpl (ServerState.java:setRaftConf(361)) - 7e3ed9e5-7ea8-4d90-923a-b1baa67973a8:group-7D434A94B9DF set configuration 0: [7e3ed9e5-7ea8-4d90-923a-b1baa67973a8:192.168.36.85:40333], old=null at 0
2019-08-22 09:35:57,948 [7e3ed9e5-7ea8-4d90-923a-b1baa67973a8:group-46B1F343BA37:LeaderElection79] INFO  impl.LeaderElection (LeaderElection.java:askForVotes(181)) - 7e3ed9e5-7ea8-4d90-923a-b1baa67973a8:group-46B1F343BA37:LeaderElection79: begin an election at term 1 for -1: [928f99c2-e2f9-4772-8177-d8e129777645:192.168.36.85:35249, c75f594f-7fe8-46d5-8f5f-f3b104ff8c20:192.168.36.85:45466, 7e3ed9e5-7ea8-4d90-923a-b1baa67973a8:192.168.36.85:40333], old=null
2019-08-22 09:35:57,950 [928f99c2-e2f9-4772-8177-d8e129777645:group-46B1F343BA37:LeaderElection77] INFO  impl.LeaderElection (LeaderElection.java:logAndReturn(56)) - 928f99c2-e2f9-4772-8177-d8e129777645:group-46B1F343BA37:LeaderElection77: Election PASSED; received 2 response(s) [928f99c2-e2f9-4772-8177-d8e129777645<-c75f594f-7fe8-46d5-8f5f-f3b104ff8c20#0:OK-t1, 928f99c2-e2f9-4772-8177-d8e129777645<-7e3ed9e5-7ea8-4d90-923a-b1baa67973a8#0:FAIL-t1] and 0 exception(s); 928f99c2-e2f9-4772-8177-d8e129777645:t1, leader=null, voted=928f99c2-e2f9-4772-8177-d8e129777645, raftlog=928f99c2-e2f9-4772-8177-d8e129777645-SegmentedRaftLog:OPENED:c-1,f-1,i0, conf=-1: [928f99c2-e2f9-4772-8177-d8e129777645:192.168.36.85:35249, c75f594f-7fe8-46d5-8f5f-f3b104ff8c20:192.168.36.85:45466, 7e3ed9e5-7ea8-4d90-923a-b1baa67973a8:192.168.36.85:40333], old=null
2019-08-22 09:35:57,950 [928f99c2-e2f9-4772-8177-d8e129777645:group-46B1F343BA37:LeaderElection77] INFO  impl.RoleInfo (RoleInfo.java:shutdownLeaderElection(134)) - 928f99c2-e2f9-4772-8177-d8e129777645: shutdown LeaderElection
2019-08-22 09:35:57,950 [928f99c2-e2f9-4772-8177-d8e129777645:group-46B1F343BA37:LeaderElection77] INFO  impl.RaftServerImpl (RaftServerImpl.java:setRole(171)) - 928f99c2-e2f9-4772-8177-d8e129777645:group-46B1F343BA37 changes role from CANDIDATE to LEADER at term 1 for changeToLeader
2019-08-22 09:35:57,950 [928f99c2-e2f9-4772-8177-d8e129777645:group-46B1F343BA37:LeaderElection77] INFO  impl.RaftServerImpl (ServerState.java:setLeader(263)) - 928f99c2-e2f9-4772-8177-d8e129777645:group-46B1F343BA37 change Leader from null to 928f99c2-e2f9-4772-8177-d8e129777645 at term 1 for becomeLeader, leader elected after 5100ms
2019-08-22 09:35:57,950 [928f99c2-e2f9-4772-8177-d8e129777645:group-46B1F343BA37:LeaderElection77] INFO  server.RaftServerConfigKeys (ConfUtils.java:logGet(43)) - raft.server.staging.catchup.gap = 1000 (default)
2019-08-22 09:35:57,950 [928f99c2-e2f9-4772-8177-d8e129777645:group-46B1F343BA37:LeaderElection77] INFO  server.RaftServerConfigKeys (ConfUtils.java:logGet(43)) - raft.server.rpc.sleep.time = 25ms (default)
2019-08-22 09:35:57,951 [928f99c2-e2f9-4772-8177-d8e129777645:group-46B1F343BA37:LeaderElection77] INFO  server.RaftServerConfigKeys (ConfUtils.java:logGet(43)) - raft.server.write.element-limit = 4096 (default)
2019-08-22 09:35:57,951 [928f99c2-e2f9-4772-8177-d8e129777645:group-46B1F343BA37:LeaderElection77] INFO  server.RaftServerConfigKeys (ConfUtils.java:logGet(43)) - raft.server.watch.timeout = 10s (default)
2019-08-22 09:35:57,951 [928f99c2-e2f9-4772-8177-d8e129777645:group-46B1F343BA37:LeaderElection77] INFO  server.RaftServerConfigKeys (ConfUtils.java:logGet(43)) - raft.server.watch.timeout.denomination = 1s (default)
2019-08-22 09:35:57,951 [928f99c2-e2f9-4772-8177-d8e129777645:group-46B1F343BA37:LeaderElection77] INFO  server.RaftServerConfigKeys (ConfUtils.java:logGet(43)) - raft.server.watch.element-limit = 65536 (default)
2019-08-22 09:35:57,951 [928f99c2-e2f9-4772-8177-d8e129777645:group-46B1F343BA37:LeaderElection77] INFO  server.RaftServerConfigKeys (ConfUtils.java:logGet(43)) - raft.server.log.appender.snapshot.chunk.size.max = 16MB (=16777216) (default)
2019-08-22 09:35:57,951 [928f99c2-e2f9-4772-8177-d8e129777645:group-46B1F343BA37:LeaderElection77] INFO  server.RaftServerConfigKeys (ConfUtils.java:logGet(43)) - raft.server.log.appender.buffer.byte-limit = 33554432 (custom)
2019-08-22 09:35:57,952 [928f99c2-e2f9-4772-8177-d8e129777645:group-46B1F343BA37:LeaderElection77] INFO  server.RaftServerConfigKeys (ConfUtils.java:logGet(43)) - raft.server.log.appender.buffer.element-limit = 1 (custom)
2019-08-22 09:35:57,952 [928f99c2-e2f9-4772-8177-d8e129777645:group-46B1F343BA37:LeaderElection77] INFO  grpc.GrpcConfigKeys$Server (ConfUtils.java:logGet(43)) - raft.grpc.server.leader.outstanding.appends.max = 128 (default)
2019-08-22 09:35:57,952 [928f99c2-e2f9-4772-8177-d8e129777645:group-46B1F343BA37:LeaderElection77] INFO  server.RaftServerConfigKeys (ConfUtils.java:logGet(43)) - raft.server.rpc.request.timeout = 3000ms (default)
2019-08-22 09:35:57,964 [928f99c2-e2f9-4772-8177-d8e129777645:group-46B1F343BA37:LeaderElection77] INFO  server.RaftServerConfigKeys (ConfUtils.java:logGet(43)) - raft.server.log.appender.install.snapshot.enabled = false (custom)
2019-08-22 09:35:57,964 [928f99c2-e2f9-4772-8177-d8e129777645:group-46B1F343BA37:LeaderElection77] INFO  server.RaftServerConfigKeys (ConfUtils.java:logGet(43)) - raft.server.log.appender.snapshot.chunk.size.max = 16MB (=16777216) (default)
2019-08-22 09:35:57,964 [928f99c2-e2f9-4772-8177-d8e129777645:group-46B1F343BA37:LeaderElection77] INFO  server.RaftServerConfigKeys (ConfUtils.java:logGet(43)) - raft.server.log.appender.buffer.byte-limit = 33554432 (custom)
2019-08-22 09:35:57,964 [928f99c2-e2f9-4772-8177-d8e129777645:group-46B1F343BA37:LeaderElection77] INFO  server.RaftServerConfigKeys (ConfUtils.java:logGet(43)) - raft.server.log.appender.buffer.element-limit = 1 (custom)
2019-08-22 09:35:57,964 [928f99c2-e2f9-4772-8177-d8e129777645:group-46B1F343BA37:LeaderElection77] INFO  grpc.GrpcConfigKeys$Server (ConfUtils.java:logGet(43)) - raft.grpc.server.leader.outstanding.appends.max = 128 (default)
2019-08-22 09:35:57,964 [928f99c2-e2f9-4772-8177-d8e129777645:group-46B1F343BA37:LeaderElection77] INFO  server.RaftServerConfigKeys (ConfUtils.java:logGet(43)) - raft.server.rpc.request.timeout = 3000ms (default)
2019-08-22 09:35:57,964 [928f99c2-e2f9-4772-8177-d8e129777645:group-46B1F343BA37:LeaderElection77] INFO  server.RaftServerConfigKeys (ConfUtils.java:logGet(43)) - raft.server.log.appender.install.snapshot.enabled = false (custom)
2019-08-22 09:35:57,965 [928f99c2-e2f9-4772-8177-d8e129777645:group-46B1F343BA37:LeaderElection77] INFO  impl.RoleInfo (RoleInfo.java:updateAndGet(143)) - 928f99c2-e2f9-4772-8177-d8e129777645: start LeaderState
2019-08-22 09:35:57,965 [928f99c2-e2f9-4772-8177-d8e129777645:group-46B1F343BA37:LeaderElection77] INFO  segmented.SegmentedRaftLogWorker (SegmentedRaftLogWorker.java:startLogSegment(380)) - 928f99c2-e2f9-4772-8177-d8e129777645-SegmentedRaftLogWorker:Storage Directory /workdir/hadoop-ozone/integration-test/target/test-dir/MiniOzoneClusterImpl-80cc2eff-e08e-44d5-a632-61dd17984c66/datanode-1/data/ratis/aef5861c-4399-4962-955d-46b1f343ba37: Starting segment from index:0
2019-08-22 09:35:57,965 [928f99c2-e2f9-4772-8177-d8e129777645:group-46B1F343BA37:LeaderElection77] INFO  impl.RaftServerImpl (ServerState.java:setRaftConf(361)) - 928f99c2-e2f9-4772-8177-d8e129777645:group-46B1F343BA37 set configuration 0: [928f99c2-e2f9-4772-8177-d8e129777645:192.168.36.85:35249, c75f594f-7fe8-46d5-8f5f-f3b104ff8c20:192.168.36.85:45466, 7e3ed9e5-7ea8-4d90-923a-b1baa67973a8:192.168.36.85:40333], old=null at 0
2019-08-22 09:35:57,965 [grpc-default-executor-2] INFO  impl.RaftServerImpl (RaftServerImpl.java:requestVote(754)) - 928f99c2-e2f9-4772-8177-d8e129777645-LEADER: Withhold vote from candidate 7e3ed9e5-7ea8-4d90-923a-b1baa67973a8 with term 1. State: leader=928f99c2-e2f9-4772-8177-d8e129777645, term=1, lastRpcElapsed=null
2019-08-22 09:35:57,967 [grpc-default-executor-2] INFO  impl.RaftServerImpl (ServerState.java:setLeader(263)) - c75f594f-7fe8-46d5-8f5f-f3b104ff8c20:group-46B1F343BA37 change Leader from null to 928f99c2-e2f9-4772-8177-d8e129777645 at term 1 for appendEntries, leader elected after 5117ms
2019-08-22 09:35:57,967 [grpc-default-executor-6] INFO  impl.RaftServerImpl (RaftServerImpl.java:setRole(171)) - 7e3ed9e5-7ea8-4d90-923a-b1baa67973a8:group-46B1F343BA37 changes role from CANDIDATE to FOLLOWER at term 1 for appendEntries
2019-08-22 09:35:57,967 [7e3ed9e5-7ea8-4d90-923a-b1baa67973a8:group-46B1F343BA37:LeaderElection79] INFO  impl.LeaderElection (LeaderElection.java:logAndReturn(56)) - 7e3ed9e5-7ea8-4d90-923a-b1baa67973a8:group-46B1F343BA37:LeaderElection79: Election REJECTED; received 2 response(s) [7e3ed9e5-7ea8-4d90-923a-b1baa67973a8<-928f99c2-e2f9-4772-8177-d8e129777645#0:FAIL-t1, 7e3ed9e5-7ea8-4d90-923a-b1baa67973a8<-c75f594f-7fe8-46d5-8f5f-f3b104ff8c20#0:FAIL-t1] and 0 exception(s); 7e3ed9e5-7ea8-4d90-923a-b1baa67973a8:t1, leader=null, voted=7e3ed9e5-7ea8-4d90-923a-b1baa67973a8, raftlog=7e3ed9e5-7ea8-4d90-923a-b1baa67973a8-SegmentedRaftLog:OPENED:c-1,f-1,i0, conf=-1: [928f99c2-e2f9-4772-8177-d8e129777645:192.168.36.85:35249, c75f594f-7fe8-46d5-8f5f-f3b104ff8c20:192.168.36.85:45466, 7e3ed9e5-7ea8-4d90-923a-b1baa67973a8:192.168.36.85:40333], old=null
2019-08-22 09:35:57,967 [grpc-default-executor-6] INFO  impl.RoleInfo (RoleInfo.java:shutdownLeaderElection(134)) - 7e3ed9e5-7ea8-4d90-923a-b1baa67973a8: shutdown LeaderElection
2019-08-22 09:35:57,967 [grpc-default-executor-6] INFO  impl.RoleInfo (RoleInfo.java:updateAndGet(143)) - 7e3ed9e5-7ea8-4d90-923a-b1baa67973a8: start FollowerState
2019-08-22 09:35:57,968 [grpc-default-executor-6] INFO  impl.RaftServerImpl (ServerState.java:setLeader(263)) - 7e3ed9e5-7ea8-4d90-923a-b1baa67973a8:group-46B1F343BA37 change Leader from null to 928f99c2-e2f9-4772-8177-d8e129777645 at term 1 for appendEntries, leader elected after 5118ms
2019-08-22 09:35:57,969 [grpc-default-executor-6] INFO  impl.RaftServerImpl (ServerState.java:setRaftConf(361)) - c75f594f-7fe8-46d5-8f5f-f3b104ff8c20:group-46B1F343BA37 set configuration 0: [928f99c2-e2f9-4772-8177-d8e129777645:192.168.36.85:35249, c75f594f-7fe8-46d5-8f5f-f3b104ff8c20:192.168.36.85:45466, 7e3ed9e5-7ea8-4d90-923a-b1baa67973a8:192.168.36.85:40333], old=null at 0
2019-08-22 09:35:57,970 [grpc-default-executor-6] INFO  segmented.SegmentedRaftLogWorker (SegmentedRaftLogWorker.java:startLogSegment(380)) - c75f594f-7fe8-46d5-8f5f-f3b104ff8c20-SegmentedRaftLogWorker:Storage Directory /workdir/hadoop-ozone/integration-test/target/test-dir/MiniOzoneClusterImpl-80cc2eff-e08e-44d5-a632-61dd17984c66/datanode-0/data/ratis/aef5861c-4399-4962-955d-46b1f343ba37: Starting segment from index:0
2019-08-22 09:35:57,970 [grpc-default-executor-2] INFO  impl.RaftServerImpl (ServerState.java:setRaftConf(361)) - 7e3ed9e5-7ea8-4d90-923a-b1baa67973a8:group-46B1F343BA37 set configuration 0: [928f99c2-e2f9-4772-8177-d8e129777645:192.168.36.85:35249, c75f594f-7fe8-46d5-8f5f-f3b104ff8c20:192.168.36.85:45466, 7e3ed9e5-7ea8-4d90-923a-b1baa67973a8:192.168.36.85:40333], old=null at 0
2019-08-22 09:35:57,970 [grpc-default-executor-2] INFO  segmented.SegmentedRaftLogWorker (SegmentedRaftLogWorker.java:startLogSegment(380)) - 7e3ed9e5-7ea8-4d90-923a-b1baa67973a8-SegmentedRaftLogWorker:Storage Directory /workdir/hadoop-ozone/integration-test/target/test-dir/MiniOzoneClusterImpl-80cc2eff-e08e-44d5-a632-61dd17984c66/datanode-2/data/ratis/aef5861c-4399-4962-955d-46b1f343ba37: Starting segment from index:0
2019-08-22 09:35:57,971 [Thread-2519] INFO  impl.FollowerState (FollowerState.java:run(106)) - 37dd13aa-6312-450c-897a-882b9a6833d0:group-5302F6C183C6 changes to CANDIDATE, lastRpcTime:5009, electionTimeout:5009ms
2019-08-22 09:35:57,971 [Thread-2519] INFO  impl.RoleInfo (RoleInfo.java:shutdownFollowerState(121)) - 37dd13aa-6312-450c-897a-882b9a6833d0: shutdown FollowerState
2019-08-22 09:35:57,971 [Thread-2519] INFO  impl.RaftServerImpl (RaftServerImpl.java:setRole(171)) - 37dd13aa-6312-450c-897a-882b9a6833d0:group-5302F6C183C6 changes role from FOLLOWER to CANDIDATE at term 0 for changeToCandidate
2019-08-22 09:35:57,971 [Thread-2519] INFO  impl.RoleInfo (RoleInfo.java:updateAndGet(143)) - 37dd13aa-6312-450c-897a-882b9a6833d0: start LeaderElection
2019-08-22 09:35:58,008 [7e3ed9e5-7ea8-4d90-923a-b1baa67973a8-SegmentedRaftLogWorker:Storage Directory /workdir/hadoop-ozone/integration-test/target/test-dir/MiniOzoneClusterImpl-80cc2eff-e08e-44d5-a632-61dd17984c66/datanode-2/data/ratis/7138de32-c22a-4e39-a47c-7d434a94b9df] INFO  segmented.SegmentedRaftLogWorker (SegmentedRaftLogWorker.java:execute(569)) - 7e3ed9e5-7ea8-4d90-923a-b1baa67973a8-SegmentedRaftLogWorker:Storage Directory /workdir/hadoop-ozone/integration-test/target/test-dir/MiniOzoneClusterImpl-80cc2eff-e08e-44d5-a632-61dd17984c66/datanode-2/data/ratis/7138de32-c22a-4e39-a47c-7d434a94b9df: created new log segment /workdir/hadoop-ozone/integration-test/target/test-dir/MiniOzoneClusterImpl-80cc2eff-e08e-44d5-a632-61dd17984c66/datanode-2/data/ratis/7138de32-c22a-4e39-a47c-7d434a94b9df/current/log_inprogress_0
2019-08-22 09:35:58,024 [928f99c2-e2f9-4772-8177-d8e129777645-SegmentedRaftLogWorker:Storage Directory /workdir/hadoop-ozone/integration-test/target/test-dir/MiniOzoneClusterImpl-80cc2eff-e08e-44d5-a632-61dd17984c66/datanode-1/data/ratis/aef5861c-4399-4962-955d-46b1f343ba37] INFO  segmented.SegmentedRaftLogWorker (SegmentedRaftLogWorker.java:execute(569)) - 928f99c2-e2f9-4772-8177-d8e129777645-SegmentedRaftLogWorker:Storage Directory /workdir/hadoop-ozone/integration-test/target/test-dir/MiniOzoneClusterImpl-80cc2eff-e08e-44d5-a632-61dd17984c66/datanode-1/data/ratis/aef5861c-4399-4962-955d-46b1f343ba37: created new log segment /workdir/hadoop-ozone/integration-test/target/test-dir/MiniOzoneClusterImpl-80cc2eff-e08e-44d5-a632-61dd17984c66/datanode-1/data/ratis/aef5861c-4399-4962-955d-46b1f343ba37/current/log_inprogress_0
2019-08-22 09:35:58,024 [37dd13aa-6312-450c-897a-882b9a6833d0:group-5302F6C183C6:LeaderElection80] INFO  impl.LeaderElection (LeaderElection.java:askForVotes(181)) - 37dd13aa-6312-450c-897a-882b9a6833d0:group-5302F6C183C6:LeaderElection80: begin an election at term 1 for -1: [37dd13aa-6312-450c-897a-882b9a6833d0:192.168.36.85:45436], old=null
2019-08-22 09:35:58,024 [7e3ed9e5-7ea8-4d90-923a-b1baa67973a8-SegmentedRaftLogWorker:Storage Directory /workdir/hadoop-ozone/integration-test/target/test-dir/MiniOzoneClusterImpl-80cc2eff-e08e-44d5-a632-61dd17984c66/datanode-2/data/ratis/aef5861c-4399-4962-955d-46b1f343ba37] INFO  segmented.SegmentedRaftLogWorker (SegmentedRaftLogWorker.java:execute(569)) - 7e3ed9e5-7ea8-4d90-923a-b1baa67973a8-SegmentedRaftLogWorker:Storage Directory /workdir/hadoop-ozone/integration-test/target/test-dir/MiniOzoneClusterImpl-80cc2eff-e08e-44d5-a632-61dd17984c66/datanode-2/data/ratis/aef5861c-4399-4962-955d-46b1f343ba37: created new log segment /workdir/hadoop-ozone/integration-test/target/test-dir/MiniOzoneClusterImpl-80cc2eff-e08e-44d5-a632-61dd17984c66/datanode-2/data/ratis/aef5861c-4399-4962-955d-46b1f343ba37/current/log_inprogress_0
2019-08-22 09:35:58,024 [c75f594f-7fe8-46d5-8f5f-f3b104ff8c20-SegmentedRaftLogWorker:Storage Directory /workdir/hadoop-ozone/integration-test/target/test-dir/MiniOzoneClusterImpl-80cc2eff-e08e-44d5-a632-61dd17984c66/datanode-0/data/ratis/aef5861c-4399-4962-955d-46b1f343ba37] INFO  segmented.SegmentedRaftLogWorker (SegmentedRaftLogWorker.java:execute(569)) - c75f594f-7fe8-46d5-8f5f-f3b104ff8c20-SegmentedRaftLogWorker:Storage Directory /workdir/hadoop-ozone/integration-test/target/test-dir/MiniOzoneClusterImpl-80cc2eff-e08e-44d5-a632-61dd17984c66/datanode-0/data/ratis/aef5861c-4399-4962-955d-46b1f343ba37: created new log segment /workdir/hadoop-ozone/integration-test/target/test-dir/MiniOzoneClusterImpl-80cc2eff-e08e-44d5-a632-61dd17984c66/datanode-0/data/ratis/aef5861c-4399-4962-955d-46b1f343ba37/current/log_inprogress_0
2019-08-22 09:35:58,024 [37dd13aa-6312-450c-897a-882b9a6833d0:group-5302F6C183C6:LeaderElection80] INFO  impl.RoleInfo (RoleInfo.java:shutdownLeaderElection(134)) - 37dd13aa-6312-450c-897a-882b9a6833d0: shutdown LeaderElection
2019-08-22 09:35:58,025 [37dd13aa-6312-450c-897a-882b9a6833d0:group-5302F6C183C6:LeaderElection80] INFO  impl.RaftServerImpl (RaftServerImpl.java:setRole(171)) - 37dd13aa-6312-450c-897a-882b9a6833d0:group-5302F6C183C6 changes role from CANDIDATE to LEADER at term 1 for changeToLeader
2019-08-22 09:35:58,025 [37dd13aa-6312-450c-897a-882b9a6833d0:group-5302F6C183C6:LeaderElection80] INFO  impl.RaftServerImpl (ServerState.java:setLeader(263)) - 37dd13aa-6312-450c-897a-882b9a6833d0:group-5302F6C183C6 change Leader from null to 37dd13aa-6312-450c-897a-882b9a6833d0 at term 1 for becomeLeader, leader elected after 5066ms
2019-08-22 09:35:58,025 [37dd13aa-6312-450c-897a-882b9a6833d0:group-5302F6C183C6:LeaderElection80] INFO  server.RaftServerConfigKeys (ConfUtils.java:logGet(43)) - raft.server.staging.catchup.gap = 1000 (default)
2019-08-22 09:35:58,025 [37dd13aa-6312-450c-897a-882b9a6833d0:group-5302F6C183C6:LeaderElection80] INFO  server.RaftServerConfigKeys (ConfUtils.java:logGet(43)) - raft.server.rpc.sleep.time = 25ms (default)
2019-08-22 09:35:58,025 [37dd13aa-6312-450c-897a-882b9a6833d0:group-5302F6C183C6:LeaderElection80] INFO  server.RaftServerConfigKeys (ConfUtils.java:logGet(43)) - raft.server.write.element-limit = 4096 (default)
2019-08-22 09:35:58,025 [37dd13aa-6312-450c-897a-882b9a6833d0:group-5302F6C183C6:LeaderElection80] INFO  server.RaftServerConfigKeys (ConfUtils.java:logGet(43)) - raft.server.watch.timeout = 10s (default)
2019-08-22 09:35:58,025 [37dd13aa-6312-450c-897a-882b9a6833d0:group-5302F6C183C6:LeaderElection80] INFO  server.RaftServerConfigKeys (ConfUtils.java:logGet(43)) - raft.server.watch.timeout.denomination = 1s (default)
2019-08-22 09:35:58,025 [37dd13aa-6312-450c-897a-882b9a6833d0:group-5302F6C183C6:LeaderElection80] INFO  server.RaftServerConfigKeys (ConfUtils.java:logGet(43)) - raft.server.watch.element-limit = 65536 (default)
2019-08-22 09:35:58,026 [37dd13aa-6312-450c-897a-882b9a6833d0:group-5302F6C183C6:LeaderElection80] INFO  impl.RoleInfo (RoleInfo.java:updateAndGet(143)) - 37dd13aa-6312-450c-897a-882b9a6833d0: start LeaderState
2019-08-22 09:35:58,026 [37dd13aa-6312-450c-897a-882b9a6833d0:group-5302F6C183C6:LeaderElection80] INFO  segmented.SegmentedRaftLogWorker (SegmentedRaftLogWorker.java:startLogSegment(380)) - 37dd13aa-6312-450c-897a-882b9a6833d0-SegmentedRaftLogWorker:Storage Directory /workdir/hadoop-ozone/integration-test/target/test-dir/MiniOzoneClusterImpl-80cc2eff-e08e-44d5-a632-61dd17984c66/datanode-3/data/ratis/300a67b4-4b86-4330-8a33-5302f6c183c6: Starting segment from index:0
2019-08-22 09:35:58,026 [37dd13aa-6312-450c-897a-882b9a6833d0:group-5302F6C183C6:LeaderElection80] INFO  impl.RaftServerImpl (ServerState.java:setRaftConf(361)) - 37dd13aa-6312-450c-897a-882b9a6833d0:group-5302F6C183C6 set configuration 0: [37dd13aa-6312-450c-897a-882b9a6833d0:192.168.36.85:45436], old=null at 0
2019-08-22 09:35:58,074 [37dd13aa-6312-450c-897a-882b9a6833d0-SegmentedRaftLogWorker:Storage Directory /workdir/hadoop-ozone/integration-test/target/test-dir/MiniOzoneClusterImpl-80cc2eff-e08e-44d5-a632-61dd17984c66/datanode-3/data/ratis/300a67b4-4b86-4330-8a33-5302f6c183c6] INFO  segmented.SegmentedRaftLogWorker (SegmentedRaftLogWorker.java:execute(569)) - 37dd13aa-6312-450c-897a-882b9a6833d0-SegmentedRaftLogWorker:Storage Directory /workdir/hadoop-ozone/integration-test/target/test-dir/MiniOzoneClusterImpl-80cc2eff-e08e-44d5-a632-61dd17984c66/datanode-3/data/ratis/300a67b4-4b86-4330-8a33-5302f6c183c6: created new log segment /workdir/hadoop-ozone/integration-test/target/test-dir/MiniOzoneClusterImpl-80cc2eff-e08e-44d5-a632-61dd17984c66/datanode-3/data/ratis/300a67b4-4b86-4330-8a33-5302f6c183c6/current/log_inprogress_0
2019-08-22 09:35:58,117 | INFO  | SCMAudit | user=jenkins1000 | ip=192.168.36.85 | op=SEND_HEARTBEAT {datanodeUUID=4f4d579b-2395-4f8f-ab4b-4f7e52b3791b, command=[]} | ret=SUCCESS |  
2019-08-22 09:35:58,256 | INFO  | SCMAudit | user=jenkins1000 | ip=192.168.36.85 | op=SEND_HEARTBEAT {datanodeUUID=c75f594f-7fe8-46d5-8f5f-f3b104ff8c20, command=[]} | ret=SUCCESS |  
2019-08-22 09:35:58,330 [Thread-2522] INFO  impl.FollowerState (FollowerState.java:run(106)) - 4f4d579b-2395-4f8f-ab4b-4f7e52b3791b:group-ED6EB80A8A73 changes to CANDIDATE, lastRpcTime:5132, electionTimeout:5132ms
2019-08-22 09:35:58,330 [Thread-2522] INFO  impl.RoleInfo (RoleInfo.java:shutdownFollowerState(121)) - 4f4d579b-2395-4f8f-ab4b-4f7e52b3791b: shutdown FollowerState
2019-08-22 09:35:58,330 [Thread-2522] INFO  impl.RaftServerImpl (RaftServerImpl.java:setRole(171)) - 4f4d579b-2395-4f8f-ab4b-4f7e52b3791b:group-ED6EB80A8A73 changes role from FOLLOWER to CANDIDATE at term 0 for changeToCandidate
2019-08-22 09:35:58,330 [Thread-2522] INFO  impl.RoleInfo (RoleInfo.java:updateAndGet(143)) - 4f4d579b-2395-4f8f-ab4b-4f7e52b3791b: start LeaderElection
2019-08-22 09:35:58,350 [4f4d579b-2395-4f8f-ab4b-4f7e52b3791b:group-ED6EB80A8A73:LeaderElection81] INFO  impl.LeaderElection (LeaderElection.java:askForVotes(181)) - 4f4d579b-2395-4f8f-ab4b-4f7e52b3791b:group-ED6EB80A8A73:LeaderElection81: begin an election at term 1 for -1: [4f4d579b-2395-4f8f-ab4b-4f7e52b3791b:192.168.36.85:42308], old=null
2019-08-22 09:35:58,350 [4f4d579b-2395-4f8f-ab4b-4f7e52b3791b:group-ED6EB80A8A73:LeaderElection81] INFO  impl.RoleInfo (RoleInfo.java:shutdownLeaderElection(134)) - 4f4d579b-2395-4f8f-ab4b-4f7e52b3791b: shutdown LeaderElection
2019-08-22 09:35:58,350 [4f4d579b-2395-4f8f-ab4b-4f7e52b3791b:group-ED6EB80A8A73:LeaderElection81] INFO  impl.RaftServerImpl (RaftServerImpl.java:setRole(171)) - 4f4d579b-2395-4f8f-ab4b-4f7e52b3791b:group-ED6EB80A8A73 changes role from CANDIDATE to LEADER at term 1 for changeToLeader
2019-08-22 09:35:58,350 [4f4d579b-2395-4f8f-ab4b-4f7e52b3791b:group-ED6EB80A8A73:LeaderElection81] INFO  impl.RaftServerImpl (ServerState.java:setLeader(263)) - 4f4d579b-2395-4f8f-ab4b-4f7e52b3791b:group-ED6EB80A8A73 change Leader from null to 4f4d579b-2395-4f8f-ab4b-4f7e52b3791b at term 1 for becomeLeader, leader elected after 5158ms
2019-08-22 09:35:58,350 [4f4d579b-2395-4f8f-ab4b-4f7e52b3791b:group-ED6EB80A8A73:LeaderElection81] INFO  server.RaftServerConfigKeys (ConfUtils.java:logGet(43)) - raft.server.staging.catchup.gap = 1000 (default)
2019-08-22 09:35:58,350 [4f4d579b-2395-4f8f-ab4b-4f7e52b3791b:group-ED6EB80A8A73:LeaderElection81] INFO  server.RaftServerConfigKeys (ConfUtils.java:logGet(43)) - raft.server.rpc.sleep.time = 25ms (default)
2019-08-22 09:35:58,351 [4f4d579b-2395-4f8f-ab4b-4f7e52b3791b:group-ED6EB80A8A73:LeaderElection81] INFO  server.RaftServerConfigKeys (ConfUtils.java:logGet(43)) - raft.server.write.element-limit = 4096 (default)
2019-08-22 09:35:58,351 [4f4d579b-2395-4f8f-ab4b-4f7e52b3791b:group-ED6EB80A8A73:LeaderElection81] INFO  server.RaftServerConfigKeys (ConfUtils.java:logGet(43)) - raft.server.watch.timeout = 10s (default)
2019-08-22 09:35:58,351 [4f4d579b-2395-4f8f-ab4b-4f7e52b3791b:group-ED6EB80A8A73:LeaderElection81] INFO  server.RaftServerConfigKeys (ConfUtils.java:logGet(43)) - raft.server.watch.timeout.denomination = 1s (default)
2019-08-22 09:35:58,351 [4f4d579b-2395-4f8f-ab4b-4f7e52b3791b:group-ED6EB80A8A73:LeaderElection81] INFO  server.RaftServerConfigKeys (ConfUtils.java:logGet(43)) - raft.server.watch.element-limit = 65536 (default)
2019-08-22 09:35:58,351 [4f4d579b-2395-4f8f-ab4b-4f7e52b3791b:group-ED6EB80A8A73:LeaderElection81] INFO  impl.RoleInfo (RoleInfo.java:updateAndGet(143)) - 4f4d579b-2395-4f8f-ab4b-4f7e52b3791b: start LeaderState
2019-08-22 09:35:58,351 [4f4d579b-2395-4f8f-ab4b-4f7e52b3791b:group-ED6EB80A8A73:LeaderElection81] INFO  segmented.SegmentedRaftLogWorker (SegmentedRaftLogWorker.java:startLogSegment(380)) - 4f4d579b-2395-4f8f-ab4b-4f7e52b3791b-SegmentedRaftLogWorker:Storage Directory /workdir/hadoop-ozone/integration-test/target/test-dir/MiniOzoneClusterImpl-80cc2eff-e08e-44d5-a632-61dd17984c66/datanode-4/data/ratis/86b9f852-3fd8-4a73-abf0-ed6eb80a8a73: Starting segment from index:0
2019-08-22 09:35:58,352 [4f4d579b-2395-4f8f-ab4b-4f7e52b3791b:group-ED6EB80A8A73:LeaderElection81] INFO  impl.RaftServerImpl (ServerState.java:setRaftConf(361)) - 4f4d579b-2395-4f8f-ab4b-4f7e52b3791b:group-ED6EB80A8A73 set configuration 0: [4f4d579b-2395-4f8f-ab4b-4f7e52b3791b:192.168.36.85:42308], old=null at 0
2019-08-22 09:35:58,383 | INFO  | SCMAudit | user=jenkins1000 | ip=192.168.36.85 | op=SEND_HEARTBEAT {datanodeUUID=ca66d9bc-c58f-4ab4-a4f7-21def37deae7, command=[]} | ret=SUCCESS |  
2019-08-22 09:35:58,400 [4f4d579b-2395-4f8f-ab4b-4f7e52b3791b-SegmentedRaftLogWorker:Storage Directory /workdir/hadoop-ozone/integration-test/target/test-dir/MiniOzoneClusterImpl-80cc2eff-e08e-44d5-a632-61dd17984c66/datanode-4/data/ratis/86b9f852-3fd8-4a73-abf0-ed6eb80a8a73] INFO  segmented.SegmentedRaftLogWorker (SegmentedRaftLogWorker.java:execute(569)) - 4f4d579b-2395-4f8f-ab4b-4f7e52b3791b-SegmentedRaftLogWorker:Storage Directory /workdir/hadoop-ozone/integration-test/target/test-dir/MiniOzoneClusterImpl-80cc2eff-e08e-44d5-a632-61dd17984c66/datanode-4/data/ratis/86b9f852-3fd8-4a73-abf0-ed6eb80a8a73: created new log segment /workdir/hadoop-ozone/integration-test/target/test-dir/MiniOzoneClusterImpl-80cc2eff-e08e-44d5-a632-61dd17984c66/datanode-4/data/ratis/86b9f852-3fd8-4a73-abf0-ed6eb80a8a73/current/log_inprogress_0
2019-08-22 09:35:58,481 [Thread-2525] INFO  impl.FollowerState (FollowerState.java:run(106)) - ca66d9bc-c58f-4ab4-a4f7-21def37deae7:group-6A3D1E44032A changes to CANDIDATE, lastRpcTime:5024, electionTimeout:5024ms
2019-08-22 09:35:58,482 [Thread-2525] INFO  impl.RoleInfo (RoleInfo.java:shutdownFollowerState(121)) - ca66d9bc-c58f-4ab4-a4f7-21def37deae7: shutdown FollowerState
2019-08-22 09:35:58,482 [Thread-2525] INFO  impl.RaftServerImpl (RaftServerImpl.java:setRole(171)) - ca66d9bc-c58f-4ab4-a4f7-21def37deae7:group-6A3D1E44032A changes role from FOLLOWER to CANDIDATE at term 0 for changeToCandidate
2019-08-22 09:35:58,482 | INFO  | SCMAudit | user=jenkins1000 | ip=192.168.36.85 | op=SEND_HEARTBEAT {datanodeUUID=928f99c2-e2f9-4772-8177-d8e129777645, command=[]} | ret=SUCCESS |  
2019-08-22 09:35:58,482 [Thread-2525] INFO  impl.RoleInfo (RoleInfo.java:updateAndGet(143)) - ca66d9bc-c58f-4ab4-a4f7-21def37deae7: start LeaderElection
2019-08-22 09:35:58,509 [ca66d9bc-c58f-4ab4-a4f7-21def37deae7:group-6A3D1E44032A:LeaderElection82] INFO  impl.LeaderElection (LeaderElection.java:askForVotes(181)) - ca66d9bc-c58f-4ab4-a4f7-21def37deae7:group-6A3D1E44032A:LeaderElection82: begin an election at term 1 for -1: [ca66d9bc-c58f-4ab4-a4f7-21def37deae7:192.168.36.85:34878], old=null
2019-08-22 09:35:58,509 [ca66d9bc-c58f-4ab4-a4f7-21def37deae7:group-6A3D1E44032A:LeaderElection82] INFO  impl.RoleInfo (RoleInfo.java:shutdownLeaderElection(134)) - ca66d9bc-c58f-4ab4-a4f7-21def37deae7: shutdown LeaderElection
2019-08-22 09:35:58,509 [ca66d9bc-c58f-4ab4-a4f7-21def37deae7:group-6A3D1E44032A:LeaderElection82] INFO  impl.RaftServerImpl (RaftServerImpl.java:setRole(171)) - ca66d9bc-c58f-4ab4-a4f7-21def37deae7:group-6A3D1E44032A changes role from CANDIDATE to LEADER at term 1 for changeToLeader
2019-08-22 09:35:58,509 [ca66d9bc-c58f-4ab4-a4f7-21def37deae7:group-6A3D1E44032A:LeaderElection82] INFO  impl.RaftServerImpl (ServerState.java:setLeader(263)) - ca66d9bc-c58f-4ab4-a4f7-21def37deae7:group-6A3D1E44032A change Leader from null to ca66d9bc-c58f-4ab4-a4f7-21def37deae7 at term 1 for becomeLeader, leader elected after 5057ms
2019-08-22 09:35:58,509 [ca66d9bc-c58f-4ab4-a4f7-21def37deae7:group-6A3D1E44032A:LeaderElection82] INFO  server.RaftServerConfigKeys (ConfUtils.java:logGet(43)) - raft.server.staging.catchup.gap = 1000 (default)
2019-08-22 09:35:58,509 [ca66d9bc-c58f-4ab4-a4f7-21def37deae7:group-6A3D1E44032A:LeaderElection82] INFO  server.RaftServerConfigKeys (ConfUtils.java:logGet(43)) - raft.server.rpc.sleep.time = 25ms (default)
2019-08-22 09:35:58,510 [ca66d9bc-c58f-4ab4-a4f7-21def37deae7:group-6A3D1E44032A:LeaderElection82] INFO  server.RaftServerConfigKeys (ConfUtils.java:logGet(43)) - raft.server.write.element-limit = 4096 (default)
2019-08-22 09:35:58,510 [ca66d9bc-c58f-4ab4-a4f7-21def37deae7:group-6A3D1E44032A:LeaderElection82] INFO  server.RaftServerConfigKeys (ConfUtils.java:logGet(43)) - raft.server.watch.timeout = 10s (default)
2019-08-22 09:35:58,510 [ca66d9bc-c58f-4ab4-a4f7-21def37deae7:group-6A3D1E44032A:LeaderElection82] INFO  server.RaftServerConfigKeys (ConfUtils.java:logGet(43)) - raft.server.watch.timeout.denomination = 1s (default)
2019-08-22 09:35:58,510 [ca66d9bc-c58f-4ab4-a4f7-21def37deae7:group-6A3D1E44032A:LeaderElection82] INFO  server.RaftServerConfigKeys (ConfUtils.java:logGet(43)) - raft.server.watch.element-limit = 65536 (default)
2019-08-22 09:35:58,510 [ca66d9bc-c58f-4ab4-a4f7-21def37deae7:group-6A3D1E44032A:LeaderElection82] INFO  impl.RoleInfo (RoleInfo.java:updateAndGet(143)) - ca66d9bc-c58f-4ab4-a4f7-21def37deae7: start LeaderState
2019-08-22 09:35:58,510 [ca66d9bc-c58f-4ab4-a4f7-21def37deae7:group-6A3D1E44032A:LeaderElection82] INFO  segmented.SegmentedRaftLogWorker (SegmentedRaftLogWorker.java:startLogSegment(380)) - ca66d9bc-c58f-4ab4-a4f7-21def37deae7-SegmentedRaftLogWorker:Storage Directory /workdir/hadoop-ozone/integration-test/target/test-dir/MiniOzoneClusterImpl-80cc2eff-e08e-44d5-a632-61dd17984c66/datanode-5/data/ratis/3a36dfa8-4c39-42c4-a56e-6a3d1e44032a: Starting segment from index:0
2019-08-22 09:35:58,511 [ca66d9bc-c58f-4ab4-a4f7-21def37deae7:group-6A3D1E44032A:LeaderElection82] INFO  impl.RaftServerImpl (ServerState.java:setRaftConf(361)) - ca66d9bc-c58f-4ab4-a4f7-21def37deae7:group-6A3D1E44032A set configuration 0: [ca66d9bc-c58f-4ab4-a4f7-21def37deae7:192.168.36.85:34878], old=null at 0
2019-08-22 09:35:58,550 [Thread-2532] INFO  impl.FollowerState (FollowerState.java:run(106)) - 4f4d579b-2395-4f8f-ab4b-4f7e52b3791b:group-FABD2DF2A42E changes to CANDIDATE, lastRpcTime:5008, electionTimeout:5008ms
2019-08-22 09:35:58,550 [Thread-2532] INFO  impl.RoleInfo (RoleInfo.java:shutdownFollowerState(121)) - 4f4d579b-2395-4f8f-ab4b-4f7e52b3791b: shutdown FollowerState
2019-08-22 09:35:58,550 [Thread-2532] INFO  impl.RaftServerImpl (RaftServerImpl.java:setRole(171)) - 4f4d579b-2395-4f8f-ab4b-4f7e52b3791b:group-FABD2DF2A42E changes role from FOLLOWER to CANDIDATE at term 0 for changeToCandidate
2019-08-22 09:35:58,550 [Thread-2532] INFO  impl.RoleInfo (RoleInfo.java:updateAndGet(143)) - 4f4d579b-2395-4f8f-ab4b-4f7e52b3791b: start LeaderElection
2019-08-22 09:35:58,567 [ca66d9bc-c58f-4ab4-a4f7-21def37deae7-SegmentedRaftLogWorker:Storage Directory /workdir/hadoop-ozone/integration-test/target/test-dir/MiniOzoneClusterImpl-80cc2eff-e08e-44d5-a632-61dd17984c66/datanode-5/data/ratis/3a36dfa8-4c39-42c4-a56e-6a3d1e44032a] INFO  segmented.SegmentedRaftLogWorker (SegmentedRaftLogWorker.java:execute(569)) - ca66d9bc-c58f-4ab4-a4f7-21def37deae7-SegmentedRaftLogWorker:Storage Directory /workdir/hadoop-ozone/integration-test/target/test-dir/MiniOzoneClusterImpl-80cc2eff-e08e-44d5-a632-61dd17984c66/datanode-5/data/ratis/3a36dfa8-4c39-42c4-a56e-6a3d1e44032a: created new log segment /workdir/hadoop-ozone/integration-test/target/test-dir/MiniOzoneClusterImpl-80cc2eff-e08e-44d5-a632-61dd17984c66/datanode-5/data/ratis/3a36dfa8-4c39-42c4-a56e-6a3d1e44032a/current/log_inprogress_0
2019-08-22 09:35:58,581 [Thread-2528] INFO  impl.FollowerState (FollowerState.java:run(106)) - ca66d9bc-c58f-4ab4-a4f7-21def37deae7:group-FABD2DF2A42E changes to CANDIDATE, lastRpcTime:5043, electionTimeout:5043ms
2019-08-22 09:35:58,581 [Thread-2528] INFO  impl.RoleInfo (RoleInfo.java:shutdownFollowerState(121)) - ca66d9bc-c58f-4ab4-a4f7-21def37deae7: shutdown FollowerState
2019-08-22 09:35:58,581 [Thread-2528] INFO  impl.RaftServerImpl (RaftServerImpl.java:setRole(171)) - ca66d9bc-c58f-4ab4-a4f7-21def37deae7:group-FABD2DF2A42E changes role from FOLLOWER to CANDIDATE at term 0 for changeToCandidate
2019-08-22 09:35:58,581 [Thread-2528] INFO  impl.RoleInfo (RoleInfo.java:updateAndGet(143)) - ca66d9bc-c58f-4ab4-a4f7-21def37deae7: start LeaderElection
2019-08-22 09:35:58,588 [4f4d579b-2395-4f8f-ab4b-4f7e52b3791b:group-FABD2DF2A42E:LeaderElection83] INFO  impl.LeaderElection (LeaderElection.java:askForVotes(181)) - 4f4d579b-2395-4f8f-ab4b-4f7e52b3791b:group-FABD2DF2A42E:LeaderElection83: begin an election at term 1 for -1: [4f4d579b-2395-4f8f-ab4b-4f7e52b3791b:192.168.36.85:42308, 37dd13aa-6312-450c-897a-882b9a6833d0:192.168.36.85:45436, ca66d9bc-c58f-4ab4-a4f7-21def37deae7:192.168.36.85:34878], old=null
2019-08-22 09:35:58,594 [grpc-default-executor-6] INFO  impl.RaftServerImpl (RaftServerImpl.java:setRole(171)) - 37dd13aa-6312-450c-897a-882b9a6833d0:group-FABD2DF2A42E changes role from FOLLOWER to FOLLOWER at term 1 for recognizeCandidate:4f4d579b-2395-4f8f-ab4b-4f7e52b3791b
2019-08-22 09:35:58,594 [grpc-default-executor-6] INFO  impl.RoleInfo (RoleInfo.java:shutdownFollowerState(121)) - 37dd13aa-6312-450c-897a-882b9a6833d0: shutdown FollowerState
2019-08-22 09:35:58,594 [grpc-default-executor-6] INFO  impl.RoleInfo (RoleInfo.java:updateAndGet(143)) - 37dd13aa-6312-450c-897a-882b9a6833d0: start FollowerState
2019-08-22 09:35:58,594 [Thread-2533] INFO  impl.FollowerState (FollowerState.java:run(114)) - 37dd13aa-6312-450c-897a-882b9a6833d0: FollowerState was interrupted: java.lang.InterruptedException: sleep interrupted
2019-08-22 09:35:58,621 | INFO  | SCMAudit | user=jenkins1000 | ip=192.168.36.85 | op=SEND_HEARTBEAT {datanodeUUID=bf450a64-9bba-4cb4-9d6d-a37eaaa67dc9, command=[]} | ret=SUCCESS |  
2019-08-22 09:35:58,627 [ca66d9bc-c58f-4ab4-a4f7-21def37deae7:group-FABD2DF2A42E:LeaderElection84] INFO  impl.LeaderElection (LeaderElection.java:askForVotes(181)) - ca66d9bc-c58f-4ab4-a4f7-21def37deae7:group-FABD2DF2A42E:LeaderElection84: begin an election at term 1 for -1: [4f4d579b-2395-4f8f-ab4b-4f7e52b3791b:192.168.36.85:42308, 37dd13aa-6312-450c-897a-882b9a6833d0:192.168.36.85:45436, ca66d9bc-c58f-4ab4-a4f7-21def37deae7:192.168.36.85:34878], old=null
2019-08-22 09:35:58,628 [4f4d579b-2395-4f8f-ab4b-4f7e52b3791b:group-FABD2DF2A42E:LeaderElection83] INFO  impl.LeaderElection (LeaderElection.java:logAndReturn(56)) - 4f4d579b-2395-4f8f-ab4b-4f7e52b3791b:group-FABD2DF2A42E:LeaderElection83: Election PASSED; received 1 response(s) [4f4d579b-2395-4f8f-ab4b-4f7e52b3791b<-37dd13aa-6312-450c-897a-882b9a6833d0#0:OK-t1] and 0 exception(s); 4f4d579b-2395-4f8f-ab4b-4f7e52b3791b:t1, leader=null, voted=4f4d579b-2395-4f8f-ab4b-4f7e52b3791b, raftlog=4f4d579b-2395-4f8f-ab4b-4f7e52b3791b-SegmentedRaftLog:OPENED:c-1,f-1,i0, conf=-1: [4f4d579b-2395-4f8f-ab4b-4f7e52b3791b:192.168.36.85:42308, 37dd13aa-6312-450c-897a-882b9a6833d0:192.168.36.85:45436, ca66d9bc-c58f-4ab4-a4f7-21def37deae7:192.168.36.85:34878], old=null
2019-08-22 09:35:58,628 [4f4d579b-2395-4f8f-ab4b-4f7e52b3791b:group-FABD2DF2A42E:LeaderElection83] INFO  impl.RoleInfo (RoleInfo.java:shutdownLeaderElection(134)) - 4f4d579b-2395-4f8f-ab4b-4f7e52b3791b: shutdown LeaderElection
2019-08-22 09:35:58,628 [4f4d579b-2395-4f8f-ab4b-4f7e52b3791b:group-FABD2DF2A42E:LeaderElection83] INFO  impl.RaftServerImpl (RaftServerImpl.java:setRole(171)) - 4f4d579b-2395-4f8f-ab4b-4f7e52b3791b:group-FABD2DF2A42E changes role from CANDIDATE to LEADER at term 1 for changeToLeader
2019-08-22 09:35:58,628 [4f4d579b-2395-4f8f-ab4b-4f7e52b3791b:group-FABD2DF2A42E:LeaderElection83] INFO  impl.RaftServerImpl (ServerState.java:setLeader(263)) - 4f4d579b-2395-4f8f-ab4b-4f7e52b3791b:group-FABD2DF2A42E change Leader from null to 4f4d579b-2395-4f8f-ab4b-4f7e52b3791b at term 1 for becomeLeader, leader elected after 5100ms
2019-08-22 09:35:58,631 [4f4d579b-2395-4f8f-ab4b-4f7e52b3791b:group-FABD2DF2A42E:LeaderElection83] INFO  server.RaftServerConfigKeys (ConfUtils.java:logGet(43)) - raft.server.staging.catchup.gap = 1000 (default)
2019-08-22 09:35:58,631 [4f4d579b-2395-4f8f-ab4b-4f7e52b3791b:group-FABD2DF2A42E:LeaderElection83] INFO  server.RaftServerConfigKeys (ConfUtils.java:logGet(43)) - raft.server.rpc.sleep.time = 25ms (default)
2019-08-22 09:35:58,631 [4f4d579b-2395-4f8f-ab4b-4f7e52b3791b:group-FABD2DF2A42E:LeaderElection83] INFO  server.RaftServerConfigKeys (ConfUtils.java:logGet(43)) - raft.server.write.element-limit = 4096 (default)
2019-08-22 09:35:58,632 [4f4d579b-2395-4f8f-ab4b-4f7e52b3791b:group-FABD2DF2A42E:LeaderElection83] INFO  server.RaftServerConfigKeys (ConfUtils.java:logGet(43)) - raft.server.watch.timeout = 10s (default)
2019-08-22 09:35:58,632 [4f4d579b-2395-4f8f-ab4b-4f7e52b3791b:group-FABD2DF2A42E:LeaderElection83] INFO  server.RaftServerConfigKeys (ConfUtils.java:logGet(43)) - raft.server.watch.timeout.denomination = 1s (default)
2019-08-22 09:35:58,632 [4f4d579b-2395-4f8f-ab4b-4f7e52b3791b:group-FABD2DF2A42E:LeaderElection83] INFO  server.RaftServerConfigKeys (ConfUtils.java:logGet(43)) - raft.server.watch.element-limit = 65536 (default)
2019-08-22 09:35:58,632 [4f4d579b-2395-4f8f-ab4b-4f7e52b3791b:group-FABD2DF2A42E:LeaderElection83] INFO  server.RaftServerConfigKeys (ConfUtils.java:logGet(43)) - raft.server.log.appender.snapshot.chunk.size.max = 16MB (=16777216) (default)
2019-08-22 09:35:58,632 [4f4d579b-2395-4f8f-ab4b-4f7e52b3791b:group-FABD2DF2A42E:LeaderElection83] INFO  server.RaftServerConfigKeys (ConfUtils.java:logGet(43)) - raft.server.log.appender.buffer.byte-limit = 33554432 (custom)
2019-08-22 09:35:58,632 [4f4d579b-2395-4f8f-ab4b-4f7e52b3791b:group-FABD2DF2A42E:LeaderElection83] INFO  server.RaftServerConfigKeys (ConfUtils.java:logGet(43)) - raft.server.log.appender.buffer.element-limit = 1 (custom)
2019-08-22 09:35:58,633 [4f4d579b-2395-4f8f-ab4b-4f7e52b3791b:group-FABD2DF2A42E:LeaderElection83] INFO  grpc.GrpcConfigKeys$Server (ConfUtils.java:logGet(43)) - raft.grpc.server.leader.outstanding.appends.max = 128 (default)
2019-08-22 09:35:58,633 [4f4d579b-2395-4f8f-ab4b-4f7e52b3791b:group-FABD2DF2A42E:LeaderElection83] INFO  server.RaftServerConfigKeys (ConfUtils.java:logGet(43)) - raft.server.rpc.request.timeout = 3000ms (default)
2019-08-22 09:35:58,633 [4f4d579b-2395-4f8f-ab4b-4f7e52b3791b:group-FABD2DF2A42E:LeaderElection83] INFO  server.RaftServerConfigKeys (ConfUtils.java:logGet(43)) - raft.server.log.appender.install.snapshot.enabled = false (custom)
2019-08-22 09:35:58,633 [4f4d579b-2395-4f8f-ab4b-4f7e52b3791b:group-FABD2DF2A42E:LeaderElection83] INFO  server.RaftServerConfigKeys (ConfUtils.java:logGet(43)) - raft.server.log.appender.snapshot.chunk.size.max = 16MB (=16777216) (default)
2019-08-22 09:35:58,633 [4f4d579b-2395-4f8f-ab4b-4f7e52b3791b:group-FABD2DF2A42E:LeaderElection83] INFO  server.RaftServerConfigKeys (ConfUtils.java:logGet(43)) - raft.server.log.appender.buffer.byte-limit = 33554432 (custom)
2019-08-22 09:35:58,635 [4f4d579b-2395-4f8f-ab4b-4f7e52b3791b:group-FABD2DF2A42E:LeaderElection83] INFO  server.RaftServerConfigKeys (ConfUtils.java:logGet(43)) - raft.server.log.appender.buffer.element-limit = 1 (custom)
2019-08-22 09:35:58,635 [4f4d579b-2395-4f8f-ab4b-4f7e52b3791b:group-FABD2DF2A42E:LeaderElection83] INFO  grpc.GrpcConfigKeys$Server (ConfUtils.java:logGet(43)) - raft.grpc.server.leader.outstanding.appends.max = 128 (default)
2019-08-22 09:35:58,635 [4f4d579b-2395-4f8f-ab4b-4f7e52b3791b:group-FABD2DF2A42E:LeaderElection83] INFO  server.RaftServerConfigKeys (ConfUtils.java:logGet(43)) - raft.server.rpc.request.timeout = 3000ms (default)
2019-08-22 09:35:58,636 [4f4d579b-2395-4f8f-ab4b-4f7e52b3791b:group-FABD2DF2A42E:LeaderElection83] INFO  server.RaftServerConfigKeys (ConfUtils.java:logGet(43)) - raft.server.log.appender.install.snapshot.enabled = false (custom)
2019-08-22 09:35:58,636 [4f4d579b-2395-4f8f-ab4b-4f7e52b3791b:group-FABD2DF2A42E:LeaderElection83] INFO  impl.RoleInfo (RoleInfo.java:updateAndGet(143)) - 4f4d579b-2395-4f8f-ab4b-4f7e52b3791b: start LeaderState
2019-08-22 09:35:58,636 [4f4d579b-2395-4f8f-ab4b-4f7e52b3791b:group-FABD2DF2A42E:LeaderElection83] INFO  segmented.SegmentedRaftLogWorker (SegmentedRaftLogWorker.java:startLogSegment(380)) - 4f4d579b-2395-4f8f-ab4b-4f7e52b3791b-SegmentedRaftLogWorker:Storage Directory /workdir/hadoop-ozone/integration-test/target/test-dir/MiniOzoneClusterImpl-80cc2eff-e08e-44d5-a632-61dd17984c66/datanode-4/data/ratis/a089a283-317e-41db-8b7b-fabd2df2a42e: Starting segment from index:0
2019-08-22 09:35:58,637 [4f4d579b-2395-4f8f-ab4b-4f7e52b3791b:group-FABD2DF2A42E:LeaderElection83] INFO  impl.RaftServerImpl (ServerState.java:setRaftConf(361)) - 4f4d579b-2395-4f8f-ab4b-4f7e52b3791b:group-FABD2DF2A42E set configuration 0: [4f4d579b-2395-4f8f-ab4b-4f7e52b3791b:192.168.36.85:42308, 37dd13aa-6312-450c-897a-882b9a6833d0:192.168.36.85:45436, ca66d9bc-c58f-4ab4-a4f7-21def37deae7:192.168.36.85:34878], old=null at 0
2019-08-22 09:35:58,637 [grpc-default-executor-6] INFO  impl.RaftServerImpl (RaftServerImpl.java:requestVote(754)) - 4f4d579b-2395-4f8f-ab4b-4f7e52b3791b-LEADER: Withhold vote from candidate ca66d9bc-c58f-4ab4-a4f7-21def37deae7 with term 1. State: leader=4f4d579b-2395-4f8f-ab4b-4f7e52b3791b, term=1, lastRpcElapsed=null
2019-08-22 09:35:58,638 [grpc-default-executor-2] INFO  impl.RaftServerImpl (ServerState.java:setLeader(263)) - 37dd13aa-6312-450c-897a-882b9a6833d0:group-FABD2DF2A42E change Leader from null to 4f4d579b-2395-4f8f-ab4b-4f7e52b3791b at term 1 for appendEntries, leader elected after 5109ms
2019-08-22 09:35:58,638 [ca66d9bc-c58f-4ab4-a4f7-21def37deae7:group-FABD2DF2A42E:LeaderElection84] INFO  impl.LeaderElection (LeaderElection.java:logAndReturn(56)) - ca66d9bc-c58f-4ab4-a4f7-21def37deae7:group-FABD2DF2A42E:LeaderElection84: Election REJECTED; received 2 response(s) [ca66d9bc-c58f-4ab4-a4f7-21def37deae7<-4f4d579b-2395-4f8f-ab4b-4f7e52b3791b#0:FAIL-t1, ca66d9bc-c58f-4ab4-a4f7-21def37deae7<-37dd13aa-6312-450c-897a-882b9a6833d0#0:FAIL-t1] and 0 exception(s); ca66d9bc-c58f-4ab4-a4f7-21def37deae7:t1, leader=null, voted=ca66d9bc-c58f-4ab4-a4f7-21def37deae7, raftlog=ca66d9bc-c58f-4ab4-a4f7-21def37deae7-SegmentedRaftLog:OPENED:c-1,f-1,i0, conf=-1: [4f4d579b-2395-4f8f-ab4b-4f7e52b3791b:192.168.36.85:42308, 37dd13aa-6312-450c-897a-882b9a6833d0:192.168.36.85:45436, ca66d9bc-c58f-4ab4-a4f7-21def37deae7:192.168.36.85:34878], old=null
2019-08-22 09:35:58,638 [ca66d9bc-c58f-4ab4-a4f7-21def37deae7:group-FABD2DF2A42E:LeaderElection84] INFO  impl.RaftServerImpl (RaftServerImpl.java:setRole(171)) - ca66d9bc-c58f-4ab4-a4f7-21def37deae7:group-FABD2DF2A42E changes role from CANDIDATE to FOLLOWER at term 1 for DISCOVERED_A_NEW_TERM
2019-08-22 09:35:58,638 [ca66d9bc-c58f-4ab4-a4f7-21def37deae7:group-FABD2DF2A42E:LeaderElection84] INFO  impl.RoleInfo (RoleInfo.java:shutdownLeaderElection(134)) - ca66d9bc-c58f-4ab4-a4f7-21def37deae7: shutdown LeaderElection
2019-08-22 09:35:58,639 [ca66d9bc-c58f-4ab4-a4f7-21def37deae7:group-FABD2DF2A42E:LeaderElection84] INFO  impl.RoleInfo (RoleInfo.java:updateAndGet(143)) - ca66d9bc-c58f-4ab4-a4f7-21def37deae7: start FollowerState
2019-08-22 09:35:58,639 [grpc-default-executor-2] INFO  impl.RaftServerImpl (ServerState.java:setLeader(263)) - ca66d9bc-c58f-4ab4-a4f7-21def37deae7:group-FABD2DF2A42E change Leader from null to 4f4d579b-2395-4f8f-ab4b-4f7e52b3791b at term 1 for appendEntries, leader elected after 5110ms
2019-08-22 09:35:58,641 [grpc-default-executor-2] INFO  impl.RaftServerImpl (ServerState.java:setRaftConf(361)) - 37dd13aa-6312-450c-897a-882b9a6833d0:group-FABD2DF2A42E set configuration 0: [4f4d579b-2395-4f8f-ab4b-4f7e52b3791b:192.168.36.85:42308, 37dd13aa-6312-450c-897a-882b9a6833d0:192.168.36.85:45436, ca66d9bc-c58f-4ab4-a4f7-21def37deae7:192.168.36.85:34878], old=null at 0
2019-08-22 09:35:58,641 [grpc-default-executor-2] INFO  segmented.SegmentedRaftLogWorker (SegmentedRaftLogWorker.java:startLogSegment(380)) - 37dd13aa-6312-450c-897a-882b9a6833d0-SegmentedRaftLogWorker:Storage Directory /workdir/hadoop-ozone/integration-test/target/test-dir/MiniOzoneClusterImpl-80cc2eff-e08e-44d5-a632-61dd17984c66/datanode-3/data/ratis/a089a283-317e-41db-8b7b-fabd2df2a42e: Starting segment from index:0
2019-08-22 09:35:58,641 [grpc-default-executor-6] INFO  impl.RaftServerImpl (ServerState.java:setRaftConf(361)) - ca66d9bc-c58f-4ab4-a4f7-21def37deae7:group-FABD2DF2A42E set configuration 0: [4f4d579b-2395-4f8f-ab4b-4f7e52b3791b:192.168.36.85:42308, 37dd13aa-6312-450c-897a-882b9a6833d0:192.168.36.85:45436, ca66d9bc-c58f-4ab4-a4f7-21def37deae7:192.168.36.85:34878], old=null at 0
2019-08-22 09:35:58,641 [grpc-default-executor-6] INFO  segmented.SegmentedRaftLogWorker (SegmentedRaftLogWorker.java:startLogSegment(380)) - ca66d9bc-c58f-4ab4-a4f7-21def37deae7-SegmentedRaftLogWorker:Storage Directory /workdir/hadoop-ozone/integration-test/target/test-dir/MiniOzoneClusterImpl-80cc2eff-e08e-44d5-a632-61dd17984c66/datanode-5/data/ratis/a089a283-317e-41db-8b7b-fabd2df2a42e: Starting segment from index:0
2019-08-22 09:35:58,685 [4f4d579b-2395-4f8f-ab4b-4f7e52b3791b-SegmentedRaftLogWorker:Storage Directory /workdir/hadoop-ozone/integration-test/target/test-dir/MiniOzoneClusterImpl-80cc2eff-e08e-44d5-a632-61dd17984c66/datanode-4/data/ratis/a089a283-317e-41db-8b7b-fabd2df2a42e] INFO  segmented.SegmentedRaftLogWorker (SegmentedRaftLogWorker.java:execute(569)) - 4f4d579b-2395-4f8f-ab4b-4f7e52b3791b-SegmentedRaftLogWorker:Storage Directory /workdir/hadoop-ozone/integration-test/target/test-dir/MiniOzoneClusterImpl-80cc2eff-e08e-44d5-a632-61dd17984c66/datanode-4/data/ratis/a089a283-317e-41db-8b7b-fabd2df2a42e: created new log segment /workdir/hadoop-ozone/integration-test/target/test-dir/MiniOzoneClusterImpl-80cc2eff-e08e-44d5-a632-61dd17984c66/datanode-4/data/ratis/a089a283-317e-41db-8b7b-fabd2df2a42e/current/log_inprogress_0
2019-08-22 09:35:58,685 [ca66d9bc-c58f-4ab4-a4f7-21def37deae7-SegmentedRaftLogWorker:Storage Directory /workdir/hadoop-ozone/integration-test/target/test-dir/MiniOzoneClusterImpl-80cc2eff-e08e-44d5-a632-61dd17984c66/datanode-5/data/ratis/a089a283-317e-41db-8b7b-fabd2df2a42e] INFO  segmented.SegmentedRaftLogWorker (SegmentedRaftLogWorker.java:execute(569)) - ca66d9bc-c58f-4ab4-a4f7-21def37deae7-SegmentedRaftLogWorker:Storage Directory /workdir/hadoop-ozone/integration-test/target/test-dir/MiniOzoneClusterImpl-80cc2eff-e08e-44d5-a632-61dd17984c66/datanode-5/data/ratis/a089a283-317e-41db-8b7b-fabd2df2a42e: created new log segment /workdir/hadoop-ozone/integration-test/target/test-dir/MiniOzoneClusterImpl-80cc2eff-e08e-44d5-a632-61dd17984c66/datanode-5/data/ratis/a089a283-317e-41db-8b7b-fabd2df2a42e/current/log_inprogress_0
2019-08-22 09:35:58,699 | INFO  | SCMAudit | user=jenkins1000 | ip=192.168.36.85 | op=SEND_HEARTBEAT {datanodeUUID=7e3ed9e5-7ea8-4d90-923a-b1baa67973a8, command=[]} | ret=SUCCESS |  
2019-08-22 09:35:58,702 [37dd13aa-6312-450c-897a-882b9a6833d0-SegmentedRaftLogWorker:Storage Directory /workdir/hadoop-ozone/integration-test/target/test-dir/MiniOzoneClusterImpl-80cc2eff-e08e-44d5-a632-61dd17984c66/datanode-3/data/ratis/a089a283-317e-41db-8b7b-fabd2df2a42e] INFO  segmented.SegmentedRaftLogWorker (SegmentedRaftLogWorker.java:execute(569)) - 37dd13aa-6312-450c-897a-882b9a6833d0-SegmentedRaftLogWorker:Storage Directory /workdir/hadoop-ozone/integration-test/target/test-dir/MiniOzoneClusterImpl-80cc2eff-e08e-44d5-a632-61dd17984c66/datanode-3/data/ratis/a089a283-317e-41db-8b7b-fabd2df2a42e: created new log segment /workdir/hadoop-ozone/integration-test/target/test-dir/MiniOzoneClusterImpl-80cc2eff-e08e-44d5-a632-61dd17984c66/datanode-3/data/ratis/a089a283-317e-41db-8b7b-fabd2df2a42e/current/log_inprogress_0
2019-08-22 09:35:58,872 [Thread-2537] INFO  impl.FollowerState (FollowerState.java:run(106)) - bf450a64-9bba-4cb4-9d6d-a37eaaa67dc9:group-4B7C25ABC31E changes to CANDIDATE, lastRpcTime:5179, electionTimeout:5179ms
2019-08-22 09:35:58,872 [Thread-2537] INFO  impl.RoleInfo (RoleInfo.java:shutdownFollowerState(121)) - bf450a64-9bba-4cb4-9d6d-a37eaaa67dc9: shutdown FollowerState
2019-08-22 09:35:58,873 [Thread-2537] INFO  impl.RaftServerImpl (RaftServerImpl.java:setRole(171)) - bf450a64-9bba-4cb4-9d6d-a37eaaa67dc9:group-4B7C25ABC31E changes role from FOLLOWER to CANDIDATE at term 0 for changeToCandidate
2019-08-22 09:35:58,873 [Thread-2537] INFO  impl.RoleInfo (RoleInfo.java:updateAndGet(143)) - bf450a64-9bba-4cb4-9d6d-a37eaaa67dc9: start LeaderElection
2019-08-22 09:35:58,893 | INFO  | SCMAudit | user=jenkins1000 | ip=192.168.36.85 | op=SEND_HEARTBEAT {datanodeUUID=37dd13aa-6312-450c-897a-882b9a6833d0, command=[]} | ret=SUCCESS |  
2019-08-22 09:35:58,913 | INFO  | DNAudit | user=null | ip=null | op=CREATE_CONTAINER {containerID=1, containerType=KeyValueContainer} | ret=SUCCESS |  
2019-08-22 09:35:58,914 | INFO  | SCMAudit | user=jenkins1000 | ip=192.168.36.85 | op=SEND_HEARTBEAT {datanodeUUID=c75f594f-7fe8-46d5-8f5f-f3b104ff8c20, command=[]} | ret=SUCCESS |  
2019-08-22 09:35:58,915 [bf450a64-9bba-4cb4-9d6d-a37eaaa67dc9:group-4B7C25ABC31E:LeaderElection85] INFO  impl.LeaderElection (LeaderElection.java:askForVotes(181)) - bf450a64-9bba-4cb4-9d6d-a37eaaa67dc9:group-4B7C25ABC31E:LeaderElection85: begin an election at term 1 for -1: [bf450a64-9bba-4cb4-9d6d-a37eaaa67dc9:192.168.36.85:44036], old=null
2019-08-22 09:35:58,916 [bf450a64-9bba-4cb4-9d6d-a37eaaa67dc9:group-4B7C25ABC31E:LeaderElection85] INFO  impl.RoleInfo (RoleInfo.java:shutdownLeaderElection(134)) - bf450a64-9bba-4cb4-9d6d-a37eaaa67dc9: shutdown LeaderElection
2019-08-22 09:35:58,916 [bf450a64-9bba-4cb4-9d6d-a37eaaa67dc9:group-4B7C25ABC31E:LeaderElection85] INFO  impl.RaftServerImpl (RaftServerImpl.java:setRole(171)) - bf450a64-9bba-4cb4-9d6d-a37eaaa67dc9:group-4B7C25ABC31E changes role from CANDIDATE to LEADER at term 1 for changeToLeader
2019-08-22 09:35:58,916 [bf450a64-9bba-4cb4-9d6d-a37eaaa67dc9:group-4B7C25ABC31E:LeaderElection85] INFO  impl.RaftServerImpl (ServerState.java:setLeader(263)) - bf450a64-9bba-4cb4-9d6d-a37eaaa67dc9:group-4B7C25ABC31E change Leader from null to bf450a64-9bba-4cb4-9d6d-a37eaaa67dc9 at term 1 for becomeLeader, leader elected after 5228ms
2019-08-22 09:35:58,916 [bf450a64-9bba-4cb4-9d6d-a37eaaa67dc9:group-4B7C25ABC31E:LeaderElection85] INFO  server.RaftServerConfigKeys (ConfUtils.java:logGet(43)) - raft.server.staging.catchup.gap = 1000 (default)
2019-08-22 09:35:58,916 [bf450a64-9bba-4cb4-9d6d-a37eaaa67dc9:group-4B7C25ABC31E:LeaderElection85] INFO  server.RaftServerConfigKeys (ConfUtils.java:logGet(43)) - raft.server.rpc.sleep.time = 25ms (default)
2019-08-22 09:35:58,916 [bf450a64-9bba-4cb4-9d6d-a37eaaa67dc9:group-4B7C25ABC31E:LeaderElection85] INFO  server.RaftServerConfigKeys (ConfUtils.java:logGet(43)) - raft.server.write.element-limit = 4096 (default)
2019-08-22 09:35:58,917 [bf450a64-9bba-4cb4-9d6d-a37eaaa67dc9:group-4B7C25ABC31E:LeaderElection85] INFO  server.RaftServerConfigKeys (ConfUtils.java:logGet(43)) - raft.server.watch.timeout = 10s (default)
2019-08-22 09:35:58,917 [bf450a64-9bba-4cb4-9d6d-a37eaaa67dc9:group-4B7C25ABC31E:LeaderElection85] INFO  server.RaftServerConfigKeys (ConfUtils.java:logGet(43)) - raft.server.watch.timeout.denomination = 1s (default)
2019-08-22 09:35:58,917 [bf450a64-9bba-4cb4-9d6d-a37eaaa67dc9:group-4B7C25ABC31E:LeaderElection85] INFO  server.RaftServerConfigKeys (ConfUtils.java:logGet(43)) - raft.server.watch.element-limit = 65536 (default)
2019-08-22 09:35:58,917 [bf450a64-9bba-4cb4-9d6d-a37eaaa67dc9:group-4B7C25ABC31E:LeaderElection85] INFO  impl.RoleInfo (RoleInfo.java:updateAndGet(143)) - bf450a64-9bba-4cb4-9d6d-a37eaaa67dc9: start LeaderState
2019-08-22 09:35:58,917 [bf450a64-9bba-4cb4-9d6d-a37eaaa67dc9:group-4B7C25ABC31E:LeaderElection85] INFO  segmented.SegmentedRaftLogWorker (SegmentedRaftLogWorker.java:startLogSegment(380)) - bf450a64-9bba-4cb4-9d6d-a37eaaa67dc9-SegmentedRaftLogWorker:Storage Directory /workdir/hadoop-ozone/integration-test/target/test-dir/MiniOzoneClusterImpl-80cc2eff-e08e-44d5-a632-61dd17984c66/datanode-6/data/ratis/64c5dc86-6dac-464d-b0ed-4b7c25abc31e: Starting segment from index:0
2019-08-22 09:35:58,918 [bf450a64-9bba-4cb4-9d6d-a37eaaa67dc9:group-4B7C25ABC31E:LeaderElection85] INFO  impl.RaftServerImpl (ServerState.java:setRaftConf(361)) - bf450a64-9bba-4cb4-9d6d-a37eaaa67dc9:group-4B7C25ABC31E set configuration 0: [bf450a64-9bba-4cb4-9d6d-a37eaaa67dc9:192.168.36.85:44036], old=null at 0
2019-08-22 09:35:58,974 [bf450a64-9bba-4cb4-9d6d-a37eaaa67dc9-SegmentedRaftLogWorker:Storage Directory /workdir/hadoop-ozone/integration-test/target/test-dir/MiniOzoneClusterImpl-80cc2eff-e08e-44d5-a632-61dd17984c66/datanode-6/data/ratis/64c5dc86-6dac-464d-b0ed-4b7c25abc31e] INFO  segmented.SegmentedRaftLogWorker (SegmentedRaftLogWorker.java:execute(569)) - bf450a64-9bba-4cb4-9d6d-a37eaaa67dc9-SegmentedRaftLogWorker:Storage Directory /workdir/hadoop-ozone/integration-test/target/test-dir/MiniOzoneClusterImpl-80cc2eff-e08e-44d5-a632-61dd17984c66/datanode-6/data/ratis/64c5dc86-6dac-464d-b0ed-4b7c25abc31e: created new log segment /workdir/hadoop-ozone/integration-test/target/test-dir/MiniOzoneClusterImpl-80cc2eff-e08e-44d5-a632-61dd17984c66/datanode-6/data/ratis/64c5dc86-6dac-464d-b0ed-4b7c25abc31e/current/log_inprogress_0
2019-08-22 09:35:58,999 | INFO  | DNAudit | user=null | ip=null | op=CREATE_CONTAINER {containerID=1, containerType=KeyValueContainer} | ret=SUCCESS |  
2019-08-22 09:35:58,999 | INFO  | DNAudit | user=null | ip=null | op=CREATE_CONTAINER {containerID=1, containerType=KeyValueContainer} | ret=SUCCESS |  
2019-08-22 09:35:59,010 | INFO  | SCMAudit | user=jenkins1000 | ip=192.168.36.85 | op=SEND_HEARTBEAT {datanodeUUID=928f99c2-e2f9-4772-8177-d8e129777645, command=[]} | ret=SUCCESS |  
2019-08-22 09:35:59,010 | INFO  | SCMAudit | user=jenkins1000 | ip=192.168.36.85 | op=SEND_HEARTBEAT {datanodeUUID=7e3ed9e5-7ea8-4d90-923a-b1baa67973a8, command=[]} | ret=SUCCESS |  
2019-08-22 09:35:59,011 [grpc-default-executor-6] INFO  client.GrpcClientProtocolClient (GrpcClientProtocolClient.java:onNext(255)) - client-616E12732757->928f99c2-e2f9-4772-8177-d8e129777645: receive RaftClientReply:client-616E12732757->928f99c2-e2f9-4772-8177-d8e129777645@group-46B1F343BA37, cid=103, SUCCESS, logIndex=1, commits[928f99c2-e2f9-4772-8177-d8e129777645:c2, c75f594f-7fe8-46d5-8f5f-f3b104ff8c20:c1, 7e3ed9e5-7ea8-4d90-923a-b1baa67973a8:c1]
2019-08-22 09:35:59,012 [main] INFO  datanode.ObjectStoreHandler (ObjectStoreHandler.java:close(155)) - Closing ObjectStoreHandler.
2019-08-22 09:35:59,013 [main] INFO  ozone.HddsDatanodeService (HddsDatanodeService.java:stop(451)) - Stopped plug-in org.apache.hadoop.ozone.web.OzoneHddsDatanodeService@2802caa2
2019-08-22 09:35:59,117 | INFO  | SCMAudit | user=jenkins1000 | ip=192.168.36.85 | op=SEND_HEARTBEAT {datanodeUUID=4f4d579b-2395-4f8f-ab4b-4f7e52b3791b, command=[]} | ret=SUCCESS |  
2019-08-22 09:35:59,384 | INFO  | SCMAudit | user=jenkins1000 | ip=192.168.36.85 | op=SEND_HEARTBEAT {datanodeUUID=ca66d9bc-c58f-4ab4-a4f7-21def37deae7, command=[]} | ret=SUCCESS |  
2019-08-22 09:35:59,622 | INFO  | SCMAudit | user=jenkins1000 | ip=192.168.36.85 | op=SEND_HEARTBEAT {datanodeUUID=bf450a64-9bba-4cb4-9d6d-a37eaaa67dc9, command=[]} | ret=SUCCESS |  
2019-08-22 09:35:59,892 | INFO  | SCMAudit | user=jenkins1000 | ip=192.168.36.85 | op=SEND_HEARTBEAT {datanodeUUID=37dd13aa-6312-450c-897a-882b9a6833d0, command=[]} | ret=SUCCESS |  
2019-08-22 09:35:59,910 | INFO  | SCMAudit | user=jenkins1000 | ip=192.168.36.85 | op=SEND_HEARTBEAT {datanodeUUID=c75f594f-7fe8-46d5-8f5f-f3b104ff8c20, command=[]} | ret=SUCCESS |  
2019-08-22 09:35:59,999 | INFO  | SCMAudit | user=jenkins1000 | ip=192.168.36.85 | op=SEND_HEARTBEAT {datanodeUUID=7e3ed9e5-7ea8-4d90-923a-b1baa67973a8, command=[]} | ret=SUCCESS |  
2019-08-22 09:35:59,999 [Datanode State Machine Thread - 0] INFO  statemachine.DatanodeStateMachine (DatanodeStateMachine.java:lambda$startDaemon$0(350)) - Ozone container server started.
2019-08-22 09:36:00,116 | INFO  | SCMAudit | user=jenkins1000 | ip=192.168.36.85 | op=SEND_HEARTBEAT {datanodeUUID=4f4d579b-2395-4f8f-ab4b-4f7e52b3791b, command=[]} | ret=SUCCESS |  
2019-08-22 09:36:00,384 | INFO  | SCMAudit | user=jenkins1000 | ip=192.168.36.85 | op=SEND_HEARTBEAT {datanodeUUID=ca66d9bc-c58f-4ab4-a4f7-21def37deae7, command=[]} | ret=SUCCESS |  
2019-08-22 09:36:00,621 | INFO  | SCMAudit | user=jenkins1000 | ip=192.168.36.85 | op=SEND_HEARTBEAT {datanodeUUID=bf450a64-9bba-4cb4-9d6d-a37eaaa67dc9, command=[]} | ret=SUCCESS |  
2019-08-22 09:36:00,893 | INFO  | SCMAudit | user=jenkins1000 | ip=192.168.36.85 | op=SEND_HEARTBEAT {datanodeUUID=37dd13aa-6312-450c-897a-882b9a6833d0, command=[]} | ret=SUCCESS |  
2019-08-22 09:36:00,910 | INFO  | SCMAudit | user=jenkins1000 | ip=192.168.36.85 | op=SEND_HEARTBEAT {datanodeUUID=c75f594f-7fe8-46d5-8f5f-f3b104ff8c20, command=[]} | ret=SUCCESS |  
2019-08-22 09:36:00,999 | INFO  | SCMAudit | user=jenkins1000 | ip=192.168.36.85 | op=SEND_HEARTBEAT {datanodeUUID=7e3ed9e5-7ea8-4d90-923a-b1baa67973a8, command=[]} | ret=SUCCESS |  
2019-08-22 09:36:01,117 | INFO  | SCMAudit | user=jenkins1000 | ip=192.168.36.85 | op=SEND_HEARTBEAT {datanodeUUID=4f4d579b-2395-4f8f-ab4b-4f7e52b3791b, command=[]} | ret=SUCCESS |  
2019-08-22 09:36:01,384 | INFO  | SCMAudit | user=jenkins1000 | ip=192.168.36.85 | op=SEND_HEARTBEAT {datanodeUUID=ca66d9bc-c58f-4ab4-a4f7-21def37deae7, command=[]} | ret=SUCCESS |  
2019-08-22 09:36:01,622 | INFO  | SCMAudit | user=jenkins1000 | ip=192.168.36.85 | op=SEND_HEARTBEAT {datanodeUUID=bf450a64-9bba-4cb4-9d6d-a37eaaa67dc9, command=[]} | ret=SUCCESS |  
2019-08-22 09:36:01,892 | INFO  | SCMAudit | user=jenkins1000 | ip=192.168.36.85 | op=SEND_HEARTBEAT {datanodeUUID=37dd13aa-6312-450c-897a-882b9a6833d0, command=[]} | ret=SUCCESS |  
2019-08-22 09:36:01,911 | INFO  | SCMAudit | user=jenkins1000 | ip=192.168.36.85 | op=SEND_HEARTBEAT {datanodeUUID=c75f594f-7fe8-46d5-8f5f-f3b104ff8c20, command=[]} | ret=SUCCESS |  
2019-08-22 09:36:02,000 | INFO  | SCMAudit | user=jenkins1000 | ip=192.168.36.85 | op=SEND_HEARTBEAT {datanodeUUID=7e3ed9e5-7ea8-4d90-923a-b1baa67973a8, command=[]} | ret=SUCCESS |  
2019-08-22 09:36:02,117 | INFO  | SCMAudit | user=jenkins1000 | ip=192.168.36.85 | op=SEND_HEARTBEAT {datanodeUUID=4f4d579b-2395-4f8f-ab4b-4f7e52b3791b, command=[]} | ret=SUCCESS |  
2019-08-22 09:36:02,384 | INFO  | SCMAudit | user=jenkins1000 | ip=192.168.36.85 | op=SEND_HEARTBEAT {datanodeUUID=ca66d9bc-c58f-4ab4-a4f7-21def37deae7, command=[]} | ret=SUCCESS |  
2019-08-22 09:36:02,622 | INFO  | SCMAudit | user=jenkins1000 | ip=192.168.36.85 | op=SEND_HEARTBEAT {datanodeUUID=bf450a64-9bba-4cb4-9d6d-a37eaaa67dc9, command=[]} | ret=SUCCESS |  
2019-08-22 09:36:02,893 | INFO  | SCMAudit | user=jenkins1000 | ip=192.168.36.85 | op=SEND_HEARTBEAT {datanodeUUID=37dd13aa-6312-450c-897a-882b9a6833d0, command=[]} | ret=SUCCESS |  
2019-08-22 09:36:02,911 | INFO  | SCMAudit | user=jenkins1000 | ip=192.168.36.85 | op=SEND_HEARTBEAT {datanodeUUID=c75f594f-7fe8-46d5-8f5f-f3b104ff8c20, command=[]} | ret=SUCCESS |  
2019-08-22 09:36:02,999 | INFO  | SCMAudit | user=jenkins1000 | ip=192.168.36.85 | op=SEND_HEARTBEAT {datanodeUUID=7e3ed9e5-7ea8-4d90-923a-b1baa67973a8, command=[]} | ret=SUCCESS |  
2019-08-22 09:36:03,117 | INFO  | SCMAudit | user=jenkins1000 | ip=192.168.36.85 | op=SEND_HEARTBEAT {datanodeUUID=4f4d579b-2395-4f8f-ab4b-4f7e52b3791b, command=[]} | ret=SUCCESS |  
2019-08-22 09:36:03,384 | INFO  | SCMAudit | user=jenkins1000 | ip=192.168.36.85 | op=SEND_HEARTBEAT {datanodeUUID=ca66d9bc-c58f-4ab4-a4f7-21def37deae7, command=[]} | ret=SUCCESS |  
2019-08-22 09:36:03,622 | INFO  | SCMAudit | user=jenkins1000 | ip=192.168.36.85 | op=SEND_HEARTBEAT {datanodeUUID=bf450a64-9bba-4cb4-9d6d-a37eaaa67dc9, command=[]} | ret=SUCCESS |  
2019-08-22 09:36:03,893 | INFO  | SCMAudit | user=jenkins1000 | ip=192.168.36.85 | op=SEND_HEARTBEAT {datanodeUUID=37dd13aa-6312-450c-897a-882b9a6833d0, command=[]} | ret=SUCCESS |  
2019-08-22 09:36:03,910 | INFO  | SCMAudit | user=jenkins1000 | ip=192.168.36.85 | op=SEND_HEARTBEAT {datanodeUUID=c75f594f-7fe8-46d5-8f5f-f3b104ff8c20, command=[]} | ret=SUCCESS |  
2019-08-22 09:36:04,000 | INFO  | SCMAudit | user=jenkins1000 | ip=192.168.36.85 | op=SEND_HEARTBEAT {datanodeUUID=7e3ed9e5-7ea8-4d90-923a-b1baa67973a8, command=[]} | ret=SUCCESS |  
2019-08-22 09:36:04,014 [main] INFO  ozoneimpl.OzoneContainer (OzoneContainer.java:stop(199)) - Attempting to stop container services.
2019-08-22 09:36:04,014 [main] INFO  impl.RaftServerProxy (RaftServerProxy.java:lambda$close$4(314)) - 928f99c2-e2f9-4772-8177-d8e129777645: close
2019-08-22 09:36:04,015 [main] INFO  impl.RaftServerImpl (RaftServerImpl.java:lambda$shutdown$3(245)) - 928f99c2-e2f9-4772-8177-d8e129777645: shutdown group-46B1F343BA37
2019-08-22 09:36:04,015 [main] INFO  util.JmxRegister (JmxRegister.java:unregister(73)) - Successfully un-registered JMX Bean with object name Ratis:service=RaftServer,group=group-46B1F343BA37,id=928f99c2-e2f9-4772-8177-d8e129777645
2019-08-22 09:36:04,016 [main] INFO  impl.RoleInfo (RoleInfo.java:shutdownLeaderState(104)) - 928f99c2-e2f9-4772-8177-d8e129777645: shutdown LeaderState
2019-08-22 09:36:04,022 [org.apache.ratis.server.impl.LogAppender$AppenderDaemon$$Lambda$492/531305670@1a7d8984] WARN  server.GrpcLogAppender (GrpcLogAppender.java:mayWait(143)) - GrpcLogAppender(928f99c2-e2f9-4772-8177-d8e129777645->c75f594f-7fe8-46d5-8f5f-f3b104ff8c20): Wait interrupted by java.lang.InterruptedException
2019-08-22 09:36:04,022 [org.apache.ratis.server.impl.LogAppender$AppenderDaemon$$Lambda$492/531305670@5f7f04af] WARN  server.GrpcLogAppender (GrpcLogAppender.java:mayWait(143)) - GrpcLogAppender(928f99c2-e2f9-4772-8177-d8e129777645->7e3ed9e5-7ea8-4d90-923a-b1baa67973a8): Wait interrupted by java.lang.InterruptedException
2019-08-22 09:36:04,022 [main] INFO  impl.PendingRequests (PendingRequests.java:sendNotLeaderResponses(202)) - 928f99c2-e2f9-4772-8177-d8e129777645-PendingRequests: sendNotLeaderResponses
2019-08-22 09:36:04,025 [grpc-default-executor-2] INFO  server.GrpcServerProtocolService (GrpcServerProtocolService.java:onCompleted(104)) - c75f594f-7fe8-46d5-8f5f-f3b104ff8c20: appendEntries completed
2019-08-22 09:36:04,033 [main] INFO  impl.StateMachineUpdater (StateMachineUpdater.java:stopAndJoin(115)) - StateMachineUpdater:928f99c2-e2f9-4772-8177-d8e129777645:group-46B1F343BA37: set stopIndex = 2
2019-08-22 09:36:04,033 [StateMachineUpdater:928f99c2-e2f9-4772-8177-d8e129777645:group-46B1F343BA37] INFO  ratis.ContainerStateMachine (ContainerStateMachine.java:takeSnapshot(283)) - group-46B1F343BA37: Taking a snapshot at:(t:1, i:2) file /workdir/hadoop-ozone/integration-test/target/test-dir/MiniOzoneClusterImpl-80cc2eff-e08e-44d5-a632-61dd17984c66/datanode-1/data/ratis/aef5861c-4399-4962-955d-46b1f343ba37/sm/snapshot.1_2
2019-08-22 09:36:04,030 [grpc-default-executor-6] INFO  server.GrpcServerProtocolService (GrpcServerProtocolService.java:onCompleted(104)) - 7e3ed9e5-7ea8-4d90-923a-b1baa67973a8: appendEntries completed
2019-08-22 09:36:04,034 [grpc-default-executor-6] INFO  server.GrpcLogAppender (GrpcLogAppender.java:onCompleted(292)) - 928f99c2-e2f9-4772-8177-d8e129777645->c75f594f-7fe8-46d5-8f5f-f3b104ff8c20: follower responses appendEntries COMPLETED
2019-08-22 09:36:04,034 [grpc-default-executor-2] INFO  server.GrpcLogAppender (GrpcLogAppender.java:onCompleted(292)) - 928f99c2-e2f9-4772-8177-d8e129777645->7e3ed9e5-7ea8-4d90-923a-b1baa67973a8: follower responses appendEntries COMPLETED
2019-08-22 09:36:04,034 [grpc-default-executor-6] INFO  impl.FollowerInfo (FollowerInfo.java:lambda$new$0(50)) - 928f99c2-e2f9-4772-8177-d8e129777645->c75f594f-7fe8-46d5-8f5f-f3b104ff8c20: nextIndex: updateUnconditionally 3 -> 2
2019-08-22 09:36:04,034 [grpc-default-executor-2] INFO  impl.FollowerInfo (FollowerInfo.java:lambda$new$0(50)) - 928f99c2-e2f9-4772-8177-d8e129777645->7e3ed9e5-7ea8-4d90-923a-b1baa67973a8: nextIndex: updateUnconditionally 3 -> 2
2019-08-22 09:36:04,045 [StateMachineUpdater:928f99c2-e2f9-4772-8177-d8e129777645:group-46B1F343BA37] INFO  ratis.ContainerStateMachine (ContainerStateMachine.java:takeSnapshot(294)) - group-46B1F343BA37: Finished taking a snapshot at:(t:1, i:2) file:/workdir/hadoop-ozone/integration-test/target/test-dir/MiniOzoneClusterImpl-80cc2eff-e08e-44d5-a632-61dd17984c66/datanode-1/data/ratis/aef5861c-4399-4962-955d-46b1f343ba37/sm/snapshot.1_2 time:12
2019-08-22 09:36:04,045 [StateMachineUpdater:928f99c2-e2f9-4772-8177-d8e129777645:group-46B1F343BA37] INFO  impl.StateMachineUpdater (StateMachineUpdater.java:takeSnapshot(242)) - StateMachineUpdater:928f99c2-e2f9-4772-8177-d8e129777645:group-46B1F343BA37: Took a snapshot at index 2
2019-08-22 09:36:04,045 [StateMachineUpdater:928f99c2-e2f9-4772-8177-d8e129777645:group-46B1F343BA37] INFO  impl.StateMachineUpdater (StateMachineUpdater.java:lambda$new$0(80)) - StateMachineUpdater:928f99c2-e2f9-4772-8177-d8e129777645:group-46B1F343BA37: snapshotIndex: updateIncreasingly -1 -> 2
2019-08-22 09:36:04,046 [main] INFO  impl.RaftServerImpl (ServerState.java:close(394)) - 928f99c2-e2f9-4772-8177-d8e129777645:group-46B1F343BA37 closes. The last applied log index is 2
2019-08-22 09:36:04,046 [928f99c2-e2f9-4772-8177-d8e129777645-SegmentedRaftLogWorker:Storage Directory /workdir/hadoop-ozone/integration-test/target/test-dir/MiniOzoneClusterImpl-80cc2eff-e08e-44d5-a632-61dd17984c66/datanode-1/data/ratis/aef5861c-4399-4962-955d-46b1f343ba37] INFO  segmented.SegmentedRaftLogWorker (SegmentedRaftLogWorker.java:run(313)) - 928f99c2-e2f9-4772-8177-d8e129777645-SegmentedRaftLogWorker:Storage Directory /workdir/hadoop-ozone/integration-test/target/test-dir/MiniOzoneClusterImpl-80cc2eff-e08e-44d5-a632-61dd17984c66/datanode-1/data/ratis/aef5861c-4399-4962-955d-46b1f343ba37 was interrupted, exiting. There are 0 tasks remaining in the queue.
2019-08-22 09:36:04,049 [main] INFO  segmented.SegmentedRaftLogWorker (SegmentedRaftLogWorker.java:close(228)) - 928f99c2-e2f9-4772-8177-d8e129777645-SegmentedRaftLogWorker:Storage Directory /workdir/hadoop-ozone/integration-test/target/test-dir/MiniOzoneClusterImpl-80cc2eff-e08e-44d5-a632-61dd17984c66/datanode-1/data/ratis/aef5861c-4399-4962-955d-46b1f343ba37 close()
2019-08-22 09:36:04,054 [main] INFO  impl.RaftServerImpl (RaftServerImpl.java:lambda$shutdown$3(245)) - 928f99c2-e2f9-4772-8177-d8e129777645: shutdown group-D24149C745D2
2019-08-22 09:36:04,054 [main] INFO  util.JmxRegister (JmxRegister.java:unregister(73)) - Successfully un-registered JMX Bean with object name Ratis:service=RaftServer,group=group-D24149C745D2,id=928f99c2-e2f9-4772-8177-d8e129777645
2019-08-22 09:36:04,054 [main] INFO  impl.RoleInfo (RoleInfo.java:shutdownLeaderState(104)) - 928f99c2-e2f9-4772-8177-d8e129777645: shutdown LeaderState
2019-08-22 09:36:04,054 [main] INFO  impl.PendingRequests (PendingRequests.java:sendNotLeaderResponses(202)) - 928f99c2-e2f9-4772-8177-d8e129777645-PendingRequests: sendNotLeaderResponses
2019-08-22 09:36:04,055 [main] INFO  impl.StateMachineUpdater (StateMachineUpdater.java:stopAndJoin(115)) - StateMachineUpdater:928f99c2-e2f9-4772-8177-d8e129777645:group-D24149C745D2: set stopIndex = 0
2019-08-22 09:36:04,055 [main] INFO  impl.RaftServerImpl (ServerState.java:close(394)) - 928f99c2-e2f9-4772-8177-d8e129777645:group-D24149C745D2 closes. The last applied log index is 0
2019-08-22 09:36:04,055 [928f99c2-e2f9-4772-8177-d8e129777645-SegmentedRaftLogWorker:Storage Directory /workdir/hadoop-ozone/integration-test/target/test-dir/MiniOzoneClusterImpl-80cc2eff-e08e-44d5-a632-61dd17984c66/datanode-1/data/ratis/c4827d4a-6d4e-49ac-8bc2-d24149c745d2] INFO  segmented.SegmentedRaftLogWorker (SegmentedRaftLogWorker.java:run(313)) - 928f99c2-e2f9-4772-8177-d8e129777645-SegmentedRaftLogWorker:Storage Directory /workdir/hadoop-ozone/integration-test/target/test-dir/MiniOzoneClusterImpl-80cc2eff-e08e-44d5-a632-61dd17984c66/datanode-1/data/ratis/c4827d4a-6d4e-49ac-8bc2-d24149c745d2 was interrupted, exiting. There are 0 tasks remaining in the queue.
2019-08-22 09:36:04,058 [main] INFO  segmented.SegmentedRaftLogWorker (SegmentedRaftLogWorker.java:close(228)) - 928f99c2-e2f9-4772-8177-d8e129777645-SegmentedRaftLogWorker:Storage Directory /workdir/hadoop-ozone/integration-test/target/test-dir/MiniOzoneClusterImpl-80cc2eff-e08e-44d5-a632-61dd17984c66/datanode-1/data/ratis/c4827d4a-6d4e-49ac-8bc2-d24149c745d2 close()
2019-08-22 09:36:04,063 [main] INFO  server.GrpcService (GrpcService.java:closeImpl(155)) - 928f99c2-e2f9-4772-8177-d8e129777645: shutdown server with port 35249 now
2019-08-22 09:36:04,064 [main] INFO  server.GrpcService (GrpcService.java:closeImpl(163)) - 928f99c2-e2f9-4772-8177-d8e129777645: shutdown server with port 35249 successfully
2019-08-22 09:36:04,065 [main] INFO  utils.BackgroundService (BackgroundService.java:shutdown(148)) - Shutting down service BlockDeletingService
2019-08-22 09:36:04,067 [refreshUsed-/workdir/hadoop-ozone/integration-test/target/test-dir/MiniOzoneClusterImpl-80cc2eff-e08e-44d5-a632-61dd17984c66/datanode-1/data/containers] WARN  fs.CachingGetSpaceUsed (CachingGetSpaceUsed.java:run(183)) - Thread Interrupted waiting to refresh disk information: sleep interrupted
2019-08-22 09:36:04,092 [main] INFO  statemachine.DatanodeStateMachine (DatanodeStateMachine.java:stopDaemon(395)) - Ozone container server stopped.
2019-08-22 09:36:04,094 [main] INFO  handler.ContextHandler (ContextHandler.java:doStop(910)) - Stopped o.e.j.w.WebAppContext@65384249{/,null,UNAVAILABLE}{/hddsDatanode}
2019-08-22 09:36:04,095 [main] INFO  server.AbstractConnector (AbstractConnector.java:doStop(318)) - Stopped ServerConnector@6441db2c{HTTP/1.1,[http/1.1]}{0.0.0.0:0}
2019-08-22 09:36:04,095 [main] INFO  handler.ContextHandler (ContextHandler.java:doStop(910)) - Stopped o.e.j.s.ServletContextHandler@4c7d19bf{/static,jar:file:/home/user/.m2/repository/org/apache/hadoop/hadoop-hdds-container-service/0.5.0-SNAPSHOT/hadoop-hdds-container-service-0.5.0-SNAPSHOT.jar!/webapps/static,UNAVAILABLE}
2019-08-22 09:36:04,095 [main] INFO  handler.ContextHandler (ContextHandler.java:doStop(910)) - Stopped o.e.j.s.ServletContextHandler@6c4eccd2{/logs,file:///workdir/hadoop-ozone/integration-test/target/log,UNAVAILABLE}
2019-08-22 09:36:04,117 | INFO  | SCMAudit | user=jenkins1000 | ip=192.168.36.85 | op=SEND_HEARTBEAT {datanodeUUID=4f4d579b-2395-4f8f-ab4b-4f7e52b3791b, command=[]} | ret=SUCCESS |  
2019-08-22 09:36:04,384 | INFO  | SCMAudit | user=jenkins1000 | ip=192.168.36.85 | op=SEND_HEARTBEAT {datanodeUUID=ca66d9bc-c58f-4ab4-a4f7-21def37deae7, command=[]} | ret=SUCCESS |  
2019-08-22 09:36:04,621 | INFO  | SCMAudit | user=jenkins1000 | ip=192.168.36.85 | op=SEND_HEARTBEAT {datanodeUUID=bf450a64-9bba-4cb4-9d6d-a37eaaa67dc9, command=[]} | ret=SUCCESS |  
2019-08-22 09:36:04,894 | INFO  | SCMAudit | user=jenkins1000 | ip=192.168.36.85 | op=SEND_HEARTBEAT {datanodeUUID=37dd13aa-6312-450c-897a-882b9a6833d0, command=[]} | ret=SUCCESS |  
2019-08-22 09:36:04,910 | INFO  | SCMAudit | user=jenkins1000 | ip=192.168.36.85 | op=SEND_HEARTBEAT {datanodeUUID=c75f594f-7fe8-46d5-8f5f-f3b104ff8c20, command=[]} | ret=SUCCESS |  
2019-08-22 09:36:05,000 | INFO  | SCMAudit | user=jenkins1000 | ip=192.168.36.85 | op=SEND_HEARTBEAT {datanodeUUID=7e3ed9e5-7ea8-4d90-923a-b1baa67973a8, command=[]} | ret=SUCCESS |  
2019-08-22 09:36:05,117 | INFO  | SCMAudit | user=jenkins1000 | ip=192.168.36.85 | op=SEND_HEARTBEAT {datanodeUUID=4f4d579b-2395-4f8f-ab4b-4f7e52b3791b, command=[]} | ret=SUCCESS |  
2019-08-22 09:36:05,384 | INFO  | SCMAudit | user=jenkins1000 | ip=192.168.36.85 | op=SEND_HEARTBEAT {datanodeUUID=ca66d9bc-c58f-4ab4-a4f7-21def37deae7, command=[]} | ret=SUCCESS |  
2019-08-22 09:36:05,622 | INFO  | SCMAudit | user=jenkins1000 | ip=192.168.36.85 | op=SEND_HEARTBEAT {datanodeUUID=bf450a64-9bba-4cb4-9d6d-a37eaaa67dc9, command=[]} | ret=SUCCESS |  
2019-08-22 09:36:05,893 | INFO  | SCMAudit | user=jenkins1000 | ip=192.168.36.85 | op=SEND_HEARTBEAT {datanodeUUID=37dd13aa-6312-450c-897a-882b9a6833d0, command=[]} | ret=SUCCESS |  
2019-08-22 09:36:05,911 | INFO  | SCMAudit | user=jenkins1000 | ip=192.168.36.85 | op=SEND_HEARTBEAT {datanodeUUID=c75f594f-7fe8-46d5-8f5f-f3b104ff8c20, command=[]} | ret=SUCCESS |  
2019-08-22 09:36:06,000 | INFO  | SCMAudit | user=jenkins1000 | ip=192.168.36.85 | op=SEND_HEARTBEAT {datanodeUUID=7e3ed9e5-7ea8-4d90-923a-b1baa67973a8, command=[]} | ret=SUCCESS |  
2019-08-22 09:36:06,125 | INFO  | SCMAudit | user=jenkins1000 | ip=192.168.36.85 | op=SEND_HEARTBEAT {datanodeUUID=4f4d579b-2395-4f8f-ab4b-4f7e52b3791b, command=[]} | ret=SUCCESS |  
2019-08-22 09:36:06,125 [grpc-default-executor-6] INFO  client.GrpcClientProtocolClient (GrpcClientProtocolClient.java:onNext(255)) - client-616E12732757->c75f594f-7fe8-46d5-8f5f-f3b104ff8c20: receive RaftClientReply:client-616E12732757->c75f594f-7fe8-46d5-8f5f-f3b104ff8c20@group-46B1F343BA37, cid=104, FAILED org.apache.ratis.protocol.NotLeaderException: Server c75f594f-7fe8-46d5-8f5f-f3b104ff8c20 is not the leader (928f99c2-e2f9-4772-8177-d8e129777645:192.168.36.85:35249). Request must be sent to leader., logIndex=0, commits[c75f594f-7fe8-46d5-8f5f-f3b104ff8c20:c2, 928f99c2-e2f9-4772-8177-d8e129777645:c2, 7e3ed9e5-7ea8-4d90-923a-b1baa67973a8:c2]
2019-08-22 09:36:06,384 | INFO  | SCMAudit | user=jenkins1000 | ip=192.168.36.85 | op=SEND_HEARTBEAT {datanodeUUID=ca66d9bc-c58f-4ab4-a4f7-21def37deae7, command=[]} | ret=SUCCESS |  
2019-08-22 09:36:06,622 | INFO  | SCMAudit | user=jenkins1000 | ip=192.168.36.85 | op=SEND_HEARTBEAT {datanodeUUID=bf450a64-9bba-4cb4-9d6d-a37eaaa67dc9, command=[]} | ret=SUCCESS |  
2019-08-22 09:36:06,894 | INFO  | SCMAudit | user=jenkins1000 | ip=192.168.36.85 | op=SEND_HEARTBEAT {datanodeUUID=37dd13aa-6312-450c-897a-882b9a6833d0, command=[]} | ret=SUCCESS |  
2019-08-22 09:36:06,911 | INFO  | SCMAudit | user=jenkins1000 | ip=192.168.36.85 | op=SEND_HEARTBEAT {datanodeUUID=c75f594f-7fe8-46d5-8f5f-f3b104ff8c20, command=[]} | ret=SUCCESS |  
2019-08-22 09:36:07,000 | INFO  | SCMAudit | user=jenkins1000 | ip=192.168.36.85 | op=SEND_HEARTBEAT {datanodeUUID=7e3ed9e5-7ea8-4d90-923a-b1baa67973a8, command=[]} | ret=SUCCESS |  
2019-08-22 09:36:07,125 | INFO  | SCMAudit | user=jenkins1000 | ip=192.168.36.85 | op=SEND_HEARTBEAT {datanodeUUID=4f4d579b-2395-4f8f-ab4b-4f7e52b3791b, command=[]} | ret=SUCCESS |  
2019-08-22 09:36:07,167 [grpc-default-executor-6] INFO  client.GrpcClientProtocolClient (GrpcClientProtocolClient.java:onNext(255)) - client-616E12732757->c75f594f-7fe8-46d5-8f5f-f3b104ff8c20: receive RaftClientReply:client-616E12732757->c75f594f-7fe8-46d5-8f5f-f3b104ff8c20@group-46B1F343BA37, cid=104, FAILED org.apache.ratis.protocol.NotLeaderException: Server c75f594f-7fe8-46d5-8f5f-f3b104ff8c20 is not the leader (928f99c2-e2f9-4772-8177-d8e129777645:192.168.36.85:35249). Request must be sent to leader., logIndex=0, commits[c75f594f-7fe8-46d5-8f5f-f3b104ff8c20:c2, 928f99c2-e2f9-4772-8177-d8e129777645:c2, 7e3ed9e5-7ea8-4d90-923a-b1baa67973a8:c2]
2019-08-22 09:36:07,384 | INFO  | SCMAudit | user=jenkins1000 | ip=192.168.36.85 | op=SEND_HEARTBEAT {datanodeUUID=ca66d9bc-c58f-4ab4-a4f7-21def37deae7, command=[]} | ret=SUCCESS |  
2019-08-22 09:36:07,622 | INFO  | SCMAudit | user=jenkins1000 | ip=192.168.36.85 | op=SEND_HEARTBEAT {datanodeUUID=bf450a64-9bba-4cb4-9d6d-a37eaaa67dc9, command=[]} | ret=SUCCESS |  
2019-08-22 09:36:07,893 | INFO  | SCMAudit | user=jenkins1000 | ip=192.168.36.85 | op=SEND_HEARTBEAT {datanodeUUID=37dd13aa-6312-450c-897a-882b9a6833d0, command=[]} | ret=SUCCESS |  
2019-08-22 09:36:07,911 | INFO  | SCMAudit | user=jenkins1000 | ip=192.168.36.85 | op=SEND_HEARTBEAT {datanodeUUID=c75f594f-7fe8-46d5-8f5f-f3b104ff8c20, command=[]} | ret=SUCCESS |  
2019-08-22 09:36:08,000 | INFO  | SCMAudit | user=jenkins1000 | ip=192.168.36.85 | op=SEND_HEARTBEAT {datanodeUUID=7e3ed9e5-7ea8-4d90-923a-b1baa67973a8, command=[]} | ret=SUCCESS |  
2019-08-22 09:36:08,124 | INFO  | SCMAudit | user=jenkins1000 | ip=192.168.36.85 | op=SEND_HEARTBEAT {datanodeUUID=4f4d579b-2395-4f8f-ab4b-4f7e52b3791b, command=[]} | ret=SUCCESS |  
2019-08-22 09:36:08,184 [grpc-default-executor-2] INFO  client.GrpcClientProtocolClient (GrpcClientProtocolClient.java:onNext(255)) - client-616E12732757->7e3ed9e5-7ea8-4d90-923a-b1baa67973a8: receive RaftClientReply:client-616E12732757->7e3ed9e5-7ea8-4d90-923a-b1baa67973a8@group-46B1F343BA37, cid=104, FAILED org.apache.ratis.protocol.NotLeaderException: Server 7e3ed9e5-7ea8-4d90-923a-b1baa67973a8 is not the leader (928f99c2-e2f9-4772-8177-d8e129777645:192.168.36.85:35249). Request must be sent to leader., logIndex=0, commits[7e3ed9e5-7ea8-4d90-923a-b1baa67973a8:c2, 928f99c2-e2f9-4772-8177-d8e129777645:c2, c75f594f-7fe8-46d5-8f5f-f3b104ff8c20:c2]
2019-08-22 09:36:08,384 | INFO  | SCMAudit | user=jenkins1000 | ip=192.168.36.85 | op=SEND_HEARTBEAT {datanodeUUID=ca66d9bc-c58f-4ab4-a4f7-21def37deae7, command=[]} | ret=SUCCESS |  
2019-08-22 09:36:08,621 | INFO  | SCMAudit | user=jenkins1000 | ip=192.168.36.85 | op=SEND_HEARTBEAT {datanodeUUID=bf450a64-9bba-4cb4-9d6d-a37eaaa67dc9, command=[]} | ret=SUCCESS |  
2019-08-22 09:36:08,893 | INFO  | SCMAudit | user=jenkins1000 | ip=192.168.36.85 | op=SEND_HEARTBEAT {datanodeUUID=37dd13aa-6312-450c-897a-882b9a6833d0, command=[]} | ret=SUCCESS |  
2019-08-22 09:36:08,912 | INFO  | SCMAudit | user=jenkins1000 | ip=192.168.36.85 | op=SEND_HEARTBEAT {datanodeUUID=c75f594f-7fe8-46d5-8f5f-f3b104ff8c20, command=[]} | ret=SUCCESS |  
2019-08-22 09:36:08,999 | INFO  | SCMAudit | user=jenkins1000 | ip=192.168.36.85 | op=SEND_HEARTBEAT {datanodeUUID=7e3ed9e5-7ea8-4d90-923a-b1baa67973a8, command=[]} | ret=SUCCESS |  
2019-08-22 09:36:09,125 | INFO  | SCMAudit | user=jenkins1000 | ip=192.168.36.85 | op=SEND_HEARTBEAT {datanodeUUID=4f4d579b-2395-4f8f-ab4b-4f7e52b3791b, command=[]} | ret=SUCCESS |  
2019-08-22 09:36:09,199 [grpc-default-executor-2] INFO  client.GrpcClientProtocolClient (GrpcClientProtocolClient.java:onNext(255)) - client-616E12732757->c75f594f-7fe8-46d5-8f5f-f3b104ff8c20: receive RaftClientReply:client-616E12732757->c75f594f-7fe8-46d5-8f5f-f3b104ff8c20@group-46B1F343BA37, cid=104, FAILED org.apache.ratis.protocol.NotLeaderException: Server c75f594f-7fe8-46d5-8f5f-f3b104ff8c20 is not the leader (928f99c2-e2f9-4772-8177-d8e129777645:192.168.36.85:35249). Request must be sent to leader., logIndex=0, commits[c75f594f-7fe8-46d5-8f5f-f3b104ff8c20:c2, 928f99c2-e2f9-4772-8177-d8e129777645:c2, 7e3ed9e5-7ea8-4d90-923a-b1baa67973a8:c2]
2019-08-22 09:36:09,383 | INFO  | SCMAudit | user=jenkins1000 | ip=192.168.36.85 | op=SEND_HEARTBEAT {datanodeUUID=ca66d9bc-c58f-4ab4-a4f7-21def37deae7, command=[]} | ret=SUCCESS |  
2019-08-22 09:36:09,622 | INFO  | SCMAudit | user=jenkins1000 | ip=192.168.36.85 | op=SEND_HEARTBEAT {datanodeUUID=bf450a64-9bba-4cb4-9d6d-a37eaaa67dc9, command=[]} | ret=SUCCESS |  
2019-08-22 09:36:09,894 | INFO  | SCMAudit | user=jenkins1000 | ip=192.168.36.85 | op=SEND_HEARTBEAT {datanodeUUID=37dd13aa-6312-450c-897a-882b9a6833d0, command=[]} | ret=SUCCESS |  
2019-08-22 09:36:09,912 | INFO  | SCMAudit | user=jenkins1000 | ip=192.168.36.85 | op=SEND_HEARTBEAT {datanodeUUID=c75f594f-7fe8-46d5-8f5f-f3b104ff8c20, command=[]} | ret=SUCCESS |  
2019-08-22 09:36:10,000 | INFO  | SCMAudit | user=jenkins1000 | ip=192.168.36.85 | op=SEND_HEARTBEAT {datanodeUUID=7e3ed9e5-7ea8-4d90-923a-b1baa67973a8, command=[]} | ret=SUCCESS |  
2019-08-22 09:36:10,124 | INFO  | SCMAudit | user=jenkins1000 | ip=192.168.36.85 | op=SEND_HEARTBEAT {datanodeUUID=4f4d579b-2395-4f8f-ab4b-4f7e52b3791b, command=[]} | ret=SUCCESS |  
2019-08-22 09:36:10,219 [grpc-default-executor-6] INFO  client.GrpcClientProtocolClient (GrpcClientProtocolClient.java:onNext(255)) - client-616E12732757->7e3ed9e5-7ea8-4d90-923a-b1baa67973a8: receive RaftClientReply:client-616E12732757->7e3ed9e5-7ea8-4d90-923a-b1baa67973a8@group-46B1F343BA37, cid=104, FAILED org.apache.ratis.protocol.NotLeaderException: Server 7e3ed9e5-7ea8-4d90-923a-b1baa67973a8 is not the leader (928f99c2-e2f9-4772-8177-d8e129777645:192.168.36.85:35249). Request must be sent to leader., logIndex=0, commits[7e3ed9e5-7ea8-4d90-923a-b1baa67973a8:c2, 928f99c2-e2f9-4772-8177-d8e129777645:c2, c75f594f-7fe8-46d5-8f5f-f3b104ff8c20:c2]
2019-08-22 09:36:10,383 | INFO  | SCMAudit | user=jenkins1000 | ip=192.168.36.85 | op=SEND_HEARTBEAT {datanodeUUID=ca66d9bc-c58f-4ab4-a4f7-21def37deae7, command=[]} | ret=SUCCESS |  
2019-08-22 09:36:10,622 | INFO  | SCMAudit | user=jenkins1000 | ip=192.168.36.85 | op=SEND_HEARTBEAT {datanodeUUID=bf450a64-9bba-4cb4-9d6d-a37eaaa67dc9, command=[]} | ret=SUCCESS |  
2019-08-22 09:36:10,893 | INFO  | SCMAudit | user=jenkins1000 | ip=192.168.36.85 | op=SEND_HEARTBEAT {datanodeUUID=37dd13aa-6312-450c-897a-882b9a6833d0, command=[]} | ret=SUCCESS |  
2019-08-22 09:36:10,912 | INFO  | SCMAudit | user=jenkins1000 | ip=192.168.36.85 | op=SEND_HEARTBEAT {datanodeUUID=c75f594f-7fe8-46d5-8f5f-f3b104ff8c20, command=[]} | ret=SUCCESS |  
2019-08-22 09:36:10,999 | INFO  | SCMAudit | user=jenkins1000 | ip=192.168.36.85 | op=SEND_HEARTBEAT {datanodeUUID=7e3ed9e5-7ea8-4d90-923a-b1baa67973a8, command=[]} | ret=SUCCESS |  
2019-08-22 09:36:11,125 | INFO  | SCMAudit | user=jenkins1000 | ip=192.168.36.85 | op=SEND_HEARTBEAT {datanodeUUID=4f4d579b-2395-4f8f-ab4b-4f7e52b3791b, command=[]} | ret=SUCCESS |  
2019-08-22 09:36:11,241 [grpc-default-executor-5] INFO  client.GrpcClientProtocolClient (GrpcClientProtocolClient.java:onNext(255)) - client-616E12732757->7e3ed9e5-7ea8-4d90-923a-b1baa67973a8: receive RaftClientReply:client-616E12732757->7e3ed9e5-7ea8-4d90-923a-b1baa67973a8@group-46B1F343BA37, cid=104, FAILED org.apache.ratis.protocol.NotLeaderException: Server 7e3ed9e5-7ea8-4d90-923a-b1baa67973a8 is not the leader (928f99c2-e2f9-4772-8177-d8e129777645:192.168.36.85:35249). Request must be sent to leader., logIndex=0, commits[7e3ed9e5-7ea8-4d90-923a-b1baa67973a8:c2, 928f99c2-e2f9-4772-8177-d8e129777645:c2, c75f594f-7fe8-46d5-8f5f-f3b104ff8c20:c2]
2019-08-22 09:36:11,384 | INFO  | SCMAudit | user=jenkins1000 | ip=192.168.36.85 | op=SEND_HEARTBEAT {datanodeUUID=ca66d9bc-c58f-4ab4-a4f7-21def37deae7, command=[]} | ret=SUCCESS |  
2019-08-22 09:36:11,622 | INFO  | SCMAudit | user=jenkins1000 | ip=192.168.36.85 | op=SEND_HEARTBEAT {datanodeUUID=bf450a64-9bba-4cb4-9d6d-a37eaaa67dc9, command=[]} | ret=SUCCESS |  
2019-08-22 09:36:11,894 | INFO  | SCMAudit | user=jenkins1000 | ip=192.168.36.85 | op=SEND_HEARTBEAT {datanodeUUID=37dd13aa-6312-450c-897a-882b9a6833d0, command=[]} | ret=SUCCESS |  
2019-08-22 09:36:11,912 | INFO  | SCMAudit | user=jenkins1000 | ip=192.168.36.85 | op=SEND_HEARTBEAT {datanodeUUID=c75f594f-7fe8-46d5-8f5f-f3b104ff8c20, command=[]} | ret=SUCCESS |  
2019-08-22 09:36:12,000 | INFO  | SCMAudit | user=jenkins1000 | ip=192.168.36.85 | op=SEND_HEARTBEAT {datanodeUUID=7e3ed9e5-7ea8-4d90-923a-b1baa67973a8, command=[]} | ret=SUCCESS |  
2019-08-22 09:36:12,124 | INFO  | SCMAudit | user=jenkins1000 | ip=192.168.36.85 | op=SEND_HEARTBEAT {datanodeUUID=4f4d579b-2395-4f8f-ab4b-4f7e52b3791b, command=[]} | ret=SUCCESS |  
2019-08-22 09:36:12,262 [grpc-default-executor-2] INFO  client.GrpcClientProtocolClient (GrpcClientProtocolClient.java:onNext(255)) - client-616E12732757->c75f594f-7fe8-46d5-8f5f-f3b104ff8c20: receive RaftClientReply:client-616E12732757->c75f594f-7fe8-46d5-8f5f-f3b104ff8c20@group-46B1F343BA37, cid=104, FAILED org.apache.ratis.protocol.NotLeaderException: Server c75f594f-7fe8-46d5-8f5f-f3b104ff8c20 is not the leader (928f99c2-e2f9-4772-8177-d8e129777645:192.168.36.85:35249). Request must be sent to leader., logIndex=0, commits[c75f594f-7fe8-46d5-8f5f-f3b104ff8c20:c2, 928f99c2-e2f9-4772-8177-d8e129777645:c2, 7e3ed9e5-7ea8-4d90-923a-b1baa67973a8:c2]
2019-08-22 09:36:12,384 | INFO  | SCMAudit | user=jenkins1000 | ip=192.168.36.85 | op=SEND_HEARTBEAT {datanodeUUID=ca66d9bc-c58f-4ab4-a4f7-21def37deae7, command=[]} | ret=SUCCESS |  
2019-08-22 09:36:12,622 | INFO  | SCMAudit | user=jenkins1000 | ip=192.168.36.85 | op=SEND_HEARTBEAT {datanodeUUID=bf450a64-9bba-4cb4-9d6d-a37eaaa67dc9, command=[]} | ret=SUCCESS |  
2019-08-22 09:36:12,893 | INFO  | SCMAudit | user=jenkins1000 | ip=192.168.36.85 | op=SEND_HEARTBEAT {datanodeUUID=37dd13aa-6312-450c-897a-882b9a6833d0, command=[]} | ret=SUCCESS |  
2019-08-22 09:36:12,912 | INFO  | SCMAudit | user=jenkins1000 | ip=192.168.36.85 | op=SEND_HEARTBEAT {datanodeUUID=c75f594f-7fe8-46d5-8f5f-f3b104ff8c20, command=[]} | ret=SUCCESS |  
2019-08-22 09:36:13,000 | INFO  | SCMAudit | user=jenkins1000 | ip=192.168.36.85 | op=SEND_HEARTBEAT {datanodeUUID=7e3ed9e5-7ea8-4d90-923a-b1baa67973a8, command=[]} | ret=SUCCESS |  
2019-08-22 09:36:13,125 | INFO  | SCMAudit | user=jenkins1000 | ip=192.168.36.85 | op=SEND_HEARTBEAT {datanodeUUID=4f4d579b-2395-4f8f-ab4b-4f7e52b3791b, command=[]} | ret=SUCCESS |  
2019-08-22 09:36:13,150 [Thread-2563] INFO  impl.FollowerState (FollowerState.java:run(106)) - c75f594f-7fe8-46d5-8f5f-f3b104ff8c20:group-46B1F343BA37 changes to CANDIDATE, lastRpcTime:9368, electionTimeout:5134ms
2019-08-22 09:36:13,150 [Thread-2563] INFO  impl.RoleInfo (RoleInfo.java:shutdownFollowerState(121)) - c75f594f-7fe8-46d5-8f5f-f3b104ff8c20: shutdown FollowerState
2019-08-22 09:36:13,150 [Thread-2563] INFO  impl.RaftServerImpl (RaftServerImpl.java:setRole(171)) - c75f594f-7fe8-46d5-8f5f-f3b104ff8c20:group-46B1F343BA37 changes role from FOLLOWER to CANDIDATE at term 1 for changeToCandidate
2019-08-22 09:36:13,150 [Thread-2563] INFO  impl.RoleInfo (RoleInfo.java:updateAndGet(143)) - c75f594f-7fe8-46d5-8f5f-f3b104ff8c20: start LeaderElection
2019-08-22 09:36:13,155 [c75f594f-7fe8-46d5-8f5f-f3b104ff8c20:group-46B1F343BA37:LeaderElection86] INFO  impl.RaftServerImpl (ServerState.java:setLeader(263)) - c75f594f-7fe8-46d5-8f5f-f3b104ff8c20:group-46B1F343BA37 change Leader from 928f99c2-e2f9-4772-8177-d8e129777645 to null at term 1 for initElection
2019-08-22 09:36:13,161 [Thread-2573] INFO  impl.FollowerState (FollowerState.java:run(106)) - 7e3ed9e5-7ea8-4d90-923a-b1baa67973a8:group-46B1F343BA37 changes to CANDIDATE, lastRpcTime:9376, electionTimeout:5095ms
2019-08-22 09:36:13,161 [Thread-2573] INFO  impl.RoleInfo (RoleInfo.java:shutdownFollowerState(121)) - 7e3ed9e5-7ea8-4d90-923a-b1baa67973a8: shutdown FollowerState
2019-08-22 09:36:13,162 [Thread-2573] INFO  impl.RaftServerImpl (RaftServerImpl.java:setRole(171)) - 7e3ed9e5-7ea8-4d90-923a-b1baa67973a8:group-46B1F343BA37 changes role from FOLLOWER to CANDIDATE at term 1 for changeToCandidate
2019-08-22 09:36:13,162 [Thread-2573] INFO  impl.RoleInfo (RoleInfo.java:updateAndGet(143)) - 7e3ed9e5-7ea8-4d90-923a-b1baa67973a8: start LeaderElection
2019-08-22 09:36:13,165 [7e3ed9e5-7ea8-4d90-923a-b1baa67973a8:group-46B1F343BA37:LeaderElection87] INFO  impl.RaftServerImpl (ServerState.java:setLeader(263)) - 7e3ed9e5-7ea8-4d90-923a-b1baa67973a8:group-46B1F343BA37 change Leader from 928f99c2-e2f9-4772-8177-d8e129777645 to null at term 1 for initElection
2019-08-22 09:36:13,206 [7e3ed9e5-7ea8-4d90-923a-b1baa67973a8:group-46B1F343BA37:LeaderElection87] INFO  impl.LeaderElection (LeaderElection.java:askForVotes(181)) - 7e3ed9e5-7ea8-4d90-923a-b1baa67973a8:group-46B1F343BA37:LeaderElection87: begin an election at term 2 for 0: [928f99c2-e2f9-4772-8177-d8e129777645:192.168.36.85:35249, c75f594f-7fe8-46d5-8f5f-f3b104ff8c20:192.168.36.85:45466, 7e3ed9e5-7ea8-4d90-923a-b1baa67973a8:192.168.36.85:40333], old=null
2019-08-22 09:36:13,206 [c75f594f-7fe8-46d5-8f5f-f3b104ff8c20:group-46B1F343BA37:LeaderElection86] INFO  impl.LeaderElection (LeaderElection.java:askForVotes(181)) - c75f594f-7fe8-46d5-8f5f-f3b104ff8c20:group-46B1F343BA37:LeaderElection86: begin an election at term 2 for 0: [928f99c2-e2f9-4772-8177-d8e129777645:192.168.36.85:35249, c75f594f-7fe8-46d5-8f5f-f3b104ff8c20:192.168.36.85:45466, 7e3ed9e5-7ea8-4d90-923a-b1baa67973a8:192.168.36.85:40333], old=null
2019-08-22 09:36:13,209 [7e3ed9e5-7ea8-4d90-923a-b1baa67973a8:group-46B1F343BA37:LeaderElection87] INFO  impl.LeaderElection (LogUtils.java:infoOrTrace(149)) - 7e3ed9e5-7ea8-4d90-923a-b1baa67973a8:group-46B1F343BA37:LeaderElection87 got exception when requesting votes: {}
java.util.concurrent.ExecutionException: org.apache.ratis.thirdparty.io.grpc.StatusRuntimeException: UNAVAILABLE: io exception
	at java.util.concurrent.FutureTask.report(FutureTask.java:122)
	at java.util.concurrent.FutureTask.get(FutureTask.java:192)
	at org.apache.ratis.server.impl.LeaderElection.waitForResults(LeaderElection.java:262)
	at org.apache.ratis.server.impl.LeaderElection.askForVotes(LeaderElection.java:200)
	at org.apache.ratis.server.impl.LeaderElection.run(LeaderElection.java:130)
	at java.lang.Thread.run(Thread.java:748)
Caused by: org.apache.ratis.thirdparty.io.grpc.StatusRuntimeException: UNAVAILABLE: io exception
	at org.apache.ratis.thirdparty.io.grpc.stub.ClientCalls.toStatusRuntimeException(ClientCalls.java:233)
	at org.apache.ratis.thirdparty.io.grpc.stub.ClientCalls.getUnchecked(ClientCalls.java:214)
	at org.apache.ratis.thirdparty.io.grpc.stub.ClientCalls.blockingUnaryCall(ClientCalls.java:139)
	at org.apache.ratis.proto.grpc.RaftServerProtocolServiceGrpc$RaftServerProtocolServiceBlockingStub.requestVote(RaftServerProtocolServiceGrpc.java:265)
	at org.apache.ratis.grpc.server.GrpcServerProtocolClient.requestVote(GrpcServerProtocolClient.java:83)
	at org.apache.ratis.grpc.server.GrpcService.requestVote(GrpcService.java:195)
	at org.apache.ratis.server.impl.LeaderElection.lambda$submitRequests$1(LeaderElection.java:237)
	at java.util.concurrent.FutureTask.run(FutureTask.java:266)
	at java.util.concurrent.Executors$RunnableAdapter.call(Executors.java:511)
	at java.util.concurrent.FutureTask.run(FutureTask.java:266)
	at java.util.concurrent.ThreadPoolExecutor.runWorker(ThreadPoolExecutor.java:1149)
	at java.util.concurrent.ThreadPoolExecutor$Worker.run(ThreadPoolExecutor.java:624)
	... 1 more
Caused by: org.apache.ratis.thirdparty.io.netty.channel.AbstractChannel$AnnotatedConnectException: Connection refused: /192.168.36.85:35249
	at sun.nio.ch.SocketChannelImpl.checkConnect(Native Method)
	at sun.nio.ch.SocketChannelImpl.finishConnect(SocketChannelImpl.java:717)
	at org.apache.ratis.thirdparty.io.netty.channel.socket.nio.NioSocketChannel.doFinishConnect(NioSocketChannel.java:327)
	at org.apache.ratis.thirdparty.io.netty.channel.nio.AbstractNioChannel$AbstractNioUnsafe.finishConnect(AbstractNioChannel.java:340)
	at org.apache.ratis.thirdparty.io.netty.channel.nio.NioEventLoop.processSelectedKey(NioEventLoop.java:632)
	at org.apache.ratis.thirdparty.io.netty.channel.nio.NioEventLoop.processSelectedKeysOptimized(NioEventLoop.java:579)
	at org.apache.ratis.thirdparty.io.netty.channel.nio.NioEventLoop.processSelectedKeys(NioEventLoop.java:496)
	at org.apache.ratis.thirdparty.io.netty.channel.nio.NioEventLoop.run(NioEventLoop.java:458)
	at org.apache.ratis.thirdparty.io.netty.util.concurrent.SingleThreadEventExecutor$5.run(SingleThreadEventExecutor.java:897)
	at org.apache.ratis.thirdparty.io.netty.util.concurrent.FastThreadLocalRunnable.run(FastThreadLocalRunnable.java:30)
	... 1 more
Caused by: java.net.ConnectException: Connection refused
	... 11 more
2019-08-22 09:36:13,209 [c75f594f-7fe8-46d5-8f5f-f3b104ff8c20:group-46B1F343BA37:LeaderElection86] INFO  impl.LeaderElection (LogUtils.java:infoOrTrace(149)) - c75f594f-7fe8-46d5-8f5f-f3b104ff8c20:group-46B1F343BA37:LeaderElection86 got exception when requesting votes: {}
java.util.concurrent.ExecutionException: org.apache.ratis.thirdparty.io.grpc.StatusRuntimeException: UNAVAILABLE: io exception
	at java.util.concurrent.FutureTask.report(FutureTask.java:122)
	at java.util.concurrent.FutureTask.get(FutureTask.java:192)
	at org.apache.ratis.server.impl.LeaderElection.waitForResults(LeaderElection.java:262)
	at org.apache.ratis.server.impl.LeaderElection.askForVotes(LeaderElection.java:200)
	at org.apache.ratis.server.impl.LeaderElection.run(LeaderElection.java:130)
	at java.lang.Thread.run(Thread.java:748)
Caused by: org.apache.ratis.thirdparty.io.grpc.StatusRuntimeException: UNAVAILABLE: io exception
	at org.apache.ratis.thirdparty.io.grpc.stub.ClientCalls.toStatusRuntimeException(ClientCalls.java:233)
	at org.apache.ratis.thirdparty.io.grpc.stub.ClientCalls.getUnchecked(ClientCalls.java:214)
	at org.apache.ratis.thirdparty.io.grpc.stub.ClientCalls.blockingUnaryCall(ClientCalls.java:139)
	at org.apache.ratis.proto.grpc.RaftServerProtocolServiceGrpc$RaftServerProtocolServiceBlockingStub.requestVote(RaftServerProtocolServiceGrpc.java:265)
	at org.apache.ratis.grpc.server.GrpcServerProtocolClient.requestVote(GrpcServerProtocolClient.java:83)
	at org.apache.ratis.grpc.server.GrpcService.requestVote(GrpcService.java:195)
	at org.apache.ratis.server.impl.LeaderElection.lambda$submitRequests$1(LeaderElection.java:237)
	at java.util.concurrent.FutureTask.run(FutureTask.java:266)
	at java.util.concurrent.Executors$RunnableAdapter.call(Executors.java:511)
	at java.util.concurrent.FutureTask.run(FutureTask.java:266)
	at java.util.concurrent.ThreadPoolExecutor.runWorker(ThreadPoolExecutor.java:1149)
	at java.util.concurrent.ThreadPoolExecutor$Worker.run(ThreadPoolExecutor.java:624)
	... 1 more
Caused by: org.apache.ratis.thirdparty.io.netty.channel.AbstractChannel$AnnotatedConnectException: Connection refused: /192.168.36.85:35249
	at sun.nio.ch.SocketChannelImpl.checkConnect(Native Method)
	at sun.nio.ch.SocketChannelImpl.finishConnect(SocketChannelImpl.java:717)
	at org.apache.ratis.thirdparty.io.netty.channel.socket.nio.NioSocketChannel.doFinishConnect(NioSocketChannel.java:327)
	at org.apache.ratis.thirdparty.io.netty.channel.nio.AbstractNioChannel$AbstractNioUnsafe.finishConnect(AbstractNioChannel.java:340)
	at org.apache.ratis.thirdparty.io.netty.channel.nio.NioEventLoop.processSelectedKey(NioEventLoop.java:632)
	at org.apache.ratis.thirdparty.io.netty.channel.nio.NioEventLoop.processSelectedKeysOptimized(NioEventLoop.java:579)
	at org.apache.ratis.thirdparty.io.netty.channel.nio.NioEventLoop.processSelectedKeys(NioEventLoop.java:496)
	at org.apache.ratis.thirdparty.io.netty.channel.nio.NioEventLoop.run(NioEventLoop.java:458)
	at org.apache.ratis.thirdparty.io.netty.util.concurrent.SingleThreadEventExecutor$5.run(SingleThreadEventExecutor.java:897)
	at org.apache.ratis.thirdparty.io.netty.util.concurrent.FastThreadLocalRunnable.run(FastThreadLocalRunnable.java:30)
	... 1 more
Caused by: java.net.ConnectException: Connection refused
	... 11 more
2019-08-22 09:36:13,217 [7e3ed9e5-7ea8-4d90-923a-b1baa67973a8:group-46B1F343BA37:LeaderElection87] INFO  impl.LeaderElection (LeaderElection.java:logAndReturn(56)) - 7e3ed9e5-7ea8-4d90-923a-b1baa67973a8:group-46B1F343BA37:LeaderElection87: Election REJECTED; received 1 response(s) [7e3ed9e5-7ea8-4d90-923a-b1baa67973a8<-c75f594f-7fe8-46d5-8f5f-f3b104ff8c20#0:FAIL-t2] and 1 exception(s); 7e3ed9e5-7ea8-4d90-923a-b1baa67973a8:t2, leader=null, voted=7e3ed9e5-7ea8-4d90-923a-b1baa67973a8, raftlog=7e3ed9e5-7ea8-4d90-923a-b1baa67973a8-SegmentedRaftLog:OPENED:c2,f2,i2, conf=0: [928f99c2-e2f9-4772-8177-d8e129777645:192.168.36.85:35249, c75f594f-7fe8-46d5-8f5f-f3b104ff8c20:192.168.36.85:45466, 7e3ed9e5-7ea8-4d90-923a-b1baa67973a8:192.168.36.85:40333], old=null
2019-08-22 09:36:13,217 [7e3ed9e5-7ea8-4d90-923a-b1baa67973a8:group-46B1F343BA37:LeaderElection87] INFO  impl.LeaderElection (LogUtils.java:infoOrTrace(149)) -   Exception 0: {}
java.util.concurrent.ExecutionException: org.apache.ratis.thirdparty.io.grpc.StatusRuntimeException: UNAVAILABLE: io exception
	at java.util.concurrent.FutureTask.report(FutureTask.java:122)
	at java.util.concurrent.FutureTask.get(FutureTask.java:192)
	at org.apache.ratis.server.impl.LeaderElection.waitForResults(LeaderElection.java:262)
	at org.apache.ratis.server.impl.LeaderElection.askForVotes(LeaderElection.java:200)
	at org.apache.ratis.server.impl.LeaderElection.run(LeaderElection.java:130)
	at java.lang.Thread.run(Thread.java:748)
Caused by: org.apache.ratis.thirdparty.io.grpc.StatusRuntimeException: UNAVAILABLE: io exception
	at org.apache.ratis.thirdparty.io.grpc.stub.ClientCalls.toStatusRuntimeException(ClientCalls.java:233)
	at org.apache.ratis.thirdparty.io.grpc.stub.ClientCalls.getUnchecked(ClientCalls.java:214)
	at org.apache.ratis.thirdparty.io.grpc.stub.ClientCalls.blockingUnaryCall(ClientCalls.java:139)
	at org.apache.ratis.proto.grpc.RaftServerProtocolServiceGrpc$RaftServerProtocolServiceBlockingStub.requestVote(RaftServerProtocolServiceGrpc.java:265)
	at org.apache.ratis.grpc.server.GrpcServerProtocolClient.requestVote(GrpcServerProtocolClient.java:83)
	at org.apache.ratis.grpc.server.GrpcService.requestVote(GrpcService.java:195)
	at org.apache.ratis.server.impl.LeaderElection.lambda$submitRequests$1(LeaderElection.java:237)
	at java.util.concurrent.FutureTask.run(FutureTask.java:266)
	at java.util.concurrent.Executors$RunnableAdapter.call(Executors.java:511)
	at java.util.concurrent.FutureTask.run(FutureTask.java:266)
	at java.util.concurrent.ThreadPoolExecutor.runWorker(ThreadPoolExecutor.java:1149)
	at java.util.concurrent.ThreadPoolExecutor$Worker.run(ThreadPoolExecutor.java:624)
	... 1 more
Caused by: org.apache.ratis.thirdparty.io.netty.channel.AbstractChannel$AnnotatedConnectException: Connection refused: /192.168.36.85:35249
	at sun.nio.ch.SocketChannelImpl.checkConnect(Native Method)
	at sun.nio.ch.SocketChannelImpl.finishConnect(SocketChannelImpl.java:717)
	at org.apache.ratis.thirdparty.io.netty.channel.socket.nio.NioSocketChannel.doFinishConnect(NioSocketChannel.java:327)
	at org.apache.ratis.thirdparty.io.netty.channel.nio.AbstractNioChannel$AbstractNioUnsafe.finishConnect(AbstractNioChannel.java:340)
	at org.apache.ratis.thirdparty.io.netty.channel.nio.NioEventLoop.processSelectedKey(NioEventLoop.java:632)
	at org.apache.ratis.thirdparty.io.netty.channel.nio.NioEventLoop.processSelectedKeysOptimized(NioEventLoop.java:579)
	at org.apache.ratis.thirdparty.io.netty.channel.nio.NioEventLoop.processSelectedKeys(NioEventLoop.java:496)
	at org.apache.ratis.thirdparty.io.netty.channel.nio.NioEventLoop.run(NioEventLoop.java:458)
	at org.apache.ratis.thirdparty.io.netty.util.concurrent.SingleThreadEventExecutor$5.run(SingleThreadEventExecutor.java:897)
	at org.apache.ratis.thirdparty.io.netty.util.concurrent.FastThreadLocalRunnable.run(FastThreadLocalRunnable.java:30)
	... 1 more
Caused by: java.net.ConnectException: Connection refused
	... 11 more
2019-08-22 09:36:13,218 [c75f594f-7fe8-46d5-8f5f-f3b104ff8c20:group-46B1F343BA37:LeaderElection86] INFO  impl.LeaderElection (LeaderElection.java:logAndReturn(56)) - c75f594f-7fe8-46d5-8f5f-f3b104ff8c20:group-46B1F343BA37:LeaderElection86: Election REJECTED; received 1 response(s) [c75f594f-7fe8-46d5-8f5f-f3b104ff8c20<-7e3ed9e5-7ea8-4d90-923a-b1baa67973a8#0:FAIL-t2] and 1 exception(s); c75f594f-7fe8-46d5-8f5f-f3b104ff8c20:t2, leader=null, voted=c75f594f-7fe8-46d5-8f5f-f3b104ff8c20, raftlog=c75f594f-7fe8-46d5-8f5f-f3b104ff8c20-SegmentedRaftLog:OPENED:c2,f2,i2, conf=0: [928f99c2-e2f9-4772-8177-d8e129777645:192.168.36.85:35249, c75f594f-7fe8-46d5-8f5f-f3b104ff8c20:192.168.36.85:45466, 7e3ed9e5-7ea8-4d90-923a-b1baa67973a8:192.168.36.85:40333], old=null
2019-08-22 09:36:13,218 [7e3ed9e5-7ea8-4d90-923a-b1baa67973a8:group-46B1F343BA37:LeaderElection87] INFO  impl.RaftServerImpl (RaftServerImpl.java:setRole(171)) - 7e3ed9e5-7ea8-4d90-923a-b1baa67973a8:group-46B1F343BA37 changes role from CANDIDATE to FOLLOWER at term 2 for DISCOVERED_A_NEW_TERM
2019-08-22 09:36:13,218 [c75f594f-7fe8-46d5-8f5f-f3b104ff8c20:group-46B1F343BA37:LeaderElection86] INFO  impl.LeaderElection (LogUtils.java:infoOrTrace(149)) -   Exception 0: {}
java.util.concurrent.ExecutionException: org.apache.ratis.thirdparty.io.grpc.StatusRuntimeException: UNAVAILABLE: io exception
	at java.util.concurrent.FutureTask.report(FutureTask.java:122)
	at java.util.concurrent.FutureTask.get(FutureTask.java:192)
	at org.apache.ratis.server.impl.LeaderElection.waitForResults(LeaderElection.java:262)
	at org.apache.ratis.server.impl.LeaderElection.askForVotes(LeaderElection.java:200)
	at org.apache.ratis.server.impl.LeaderElection.run(LeaderElection.java:130)
	at java.lang.Thread.run(Thread.java:748)
Caused by: org.apache.ratis.thirdparty.io.grpc.StatusRuntimeException: UNAVAILABLE: io exception
	at org.apache.ratis.thirdparty.io.grpc.stub.ClientCalls.toStatusRuntimeException(ClientCalls.java:233)
	at org.apache.ratis.thirdparty.io.grpc.stub.ClientCalls.getUnchecked(ClientCalls.java:214)
	at org.apache.ratis.thirdparty.io.grpc.stub.ClientCalls.blockingUnaryCall(ClientCalls.java:139)
	at org.apache.ratis.proto.grpc.RaftServerProtocolServiceGrpc$RaftServerProtocolServiceBlockingStub.requestVote(RaftServerProtocolServiceGrpc.java:265)
	at org.apache.ratis.grpc.server.GrpcServerProtocolClient.requestVote(GrpcServerProtocolClient.java:83)
	at org.apache.ratis.grpc.server.GrpcService.requestVote(GrpcService.java:195)
	at org.apache.ratis.server.impl.LeaderElection.lambda$submitRequests$1(LeaderElection.java:237)
	at java.util.concurrent.FutureTask.run(FutureTask.java:266)
	at java.util.concurrent.Executors$RunnableAdapter.call(Executors.java:511)
	at java.util.concurrent.FutureTask.run(FutureTask.java:266)
	at java.util.concurrent.ThreadPoolExecutor.runWorker(ThreadPoolExecutor.java:1149)
	at java.util.concurrent.ThreadPoolExecutor$Worker.run(ThreadPoolExecutor.java:624)
	... 1 more
Caused by: org.apache.ratis.thirdparty.io.netty.channel.AbstractChannel$AnnotatedConnectException: Connection refused: /192.168.36.85:35249
	at sun.nio.ch.SocketChannelImpl.checkConnect(Native Method)
	at sun.nio.ch.SocketChannelImpl.finishConnect(SocketChannelImpl.java:717)
	at org.apache.ratis.thirdparty.io.netty.channel.socket.nio.NioSocketChannel.doFinishConnect(NioSocketChannel.java:327)
	at org.apache.ratis.thirdparty.io.netty.channel.nio.AbstractNioChannel$AbstractNioUnsafe.finishConnect(AbstractNioChannel.java:340)
	at org.apache.ratis.thirdparty.io.netty.channel.nio.NioEventLoop.processSelectedKey(NioEventLoop.java:632)
	at org.apache.ratis.thirdparty.io.netty.channel.nio.NioEventLoop.processSelectedKeysOptimized(NioEventLoop.java:579)
	at org.apache.ratis.thirdparty.io.netty.channel.nio.NioEventLoop.processSelectedKeys(NioEventLoop.java:496)
	at org.apache.ratis.thirdparty.io.netty.channel.nio.NioEventLoop.run(NioEventLoop.java:458)
	at org.apache.ratis.thirdparty.io.netty.util.concurrent.SingleThreadEventExecutor$5.run(SingleThreadEventExecutor.java:897)
	at org.apache.ratis.thirdparty.io.netty.util.concurrent.FastThreadLocalRunnable.run(FastThreadLocalRunnable.java:30)
	... 1 more
Caused by: java.net.ConnectException: Connection refused
	... 11 more
2019-08-22 09:36:13,218 [7e3ed9e5-7ea8-4d90-923a-b1baa67973a8:group-46B1F343BA37:LeaderElection87] INFO  impl.RoleInfo (RoleInfo.java:shutdownLeaderElection(134)) - 7e3ed9e5-7ea8-4d90-923a-b1baa67973a8: shutdown LeaderElection
2019-08-22 09:36:13,219 [c75f594f-7fe8-46d5-8f5f-f3b104ff8c20:group-46B1F343BA37:LeaderElection86] INFO  impl.RaftServerImpl (RaftServerImpl.java:setRole(171)) - c75f594f-7fe8-46d5-8f5f-f3b104ff8c20:group-46B1F343BA37 changes role from CANDIDATE to FOLLOWER at term 2 for DISCOVERED_A_NEW_TERM
2019-08-22 09:36:13,219 [7e3ed9e5-7ea8-4d90-923a-b1baa67973a8:group-46B1F343BA37:LeaderElection87] INFO  impl.RoleInfo (RoleInfo.java:updateAndGet(143)) - 7e3ed9e5-7ea8-4d90-923a-b1baa67973a8: start FollowerState
2019-08-22 09:36:13,220 [c75f594f-7fe8-46d5-8f5f-f3b104ff8c20:group-46B1F343BA37:LeaderElection86] INFO  impl.RoleInfo (RoleInfo.java:shutdownLeaderElection(134)) - c75f594f-7fe8-46d5-8f5f-f3b104ff8c20: shutdown LeaderElection
2019-08-22 09:36:13,220 [c75f594f-7fe8-46d5-8f5f-f3b104ff8c20:group-46B1F343BA37:LeaderElection86] INFO  impl.RoleInfo (RoleInfo.java:updateAndGet(143)) - c75f594f-7fe8-46d5-8f5f-f3b104ff8c20: start FollowerState
2019-08-22 09:36:13,280 [grpc-default-executor-6] INFO  client.GrpcClientProtocolClient (GrpcClientProtocolClient.java:onNext(255)) - client-616E12732757->7e3ed9e5-7ea8-4d90-923a-b1baa67973a8: receive RaftClientReply:client-616E12732757->7e3ed9e5-7ea8-4d90-923a-b1baa67973a8@group-46B1F343BA37, cid=104, FAILED org.apache.ratis.protocol.NotLeaderException: Server 7e3ed9e5-7ea8-4d90-923a-b1baa67973a8 is not the leader (null). Request must be sent to leader., logIndex=0, commits[7e3ed9e5-7ea8-4d90-923a-b1baa67973a8:c2, 928f99c2-e2f9-4772-8177-d8e129777645:c2, c75f594f-7fe8-46d5-8f5f-f3b104ff8c20:c2]
2019-08-22 09:36:13,384 | INFO  | SCMAudit | user=jenkins1000 | ip=192.168.36.85 | op=SEND_HEARTBEAT {datanodeUUID=ca66d9bc-c58f-4ab4-a4f7-21def37deae7, command=[]} | ret=SUCCESS |  
2019-08-22 09:36:13,622 | INFO  | SCMAudit | user=jenkins1000 | ip=192.168.36.85 | op=SEND_HEARTBEAT {datanodeUUID=bf450a64-9bba-4cb4-9d6d-a37eaaa67dc9, command=[]} | ret=SUCCESS |  
2019-08-22 09:36:13,894 | INFO  | SCMAudit | user=jenkins1000 | ip=192.168.36.85 | op=SEND_HEARTBEAT {datanodeUUID=37dd13aa-6312-450c-897a-882b9a6833d0, command=[]} | ret=SUCCESS |  
2019-08-22 09:36:13,912 | INFO  | SCMAudit | user=jenkins1000 | ip=192.168.36.85 | op=SEND_HEARTBEAT {datanodeUUID=c75f594f-7fe8-46d5-8f5f-f3b104ff8c20, command=[]} | ret=SUCCESS |  
2019-08-22 09:36:14,000 | INFO  | SCMAudit | user=jenkins1000 | ip=192.168.36.85 | op=SEND_HEARTBEAT {datanodeUUID=7e3ed9e5-7ea8-4d90-923a-b1baa67973a8, command=[]} | ret=SUCCESS |  
2019-08-22 09:36:14,124 | INFO  | SCMAudit | user=jenkins1000 | ip=192.168.36.85 | op=SEND_HEARTBEAT {datanodeUUID=4f4d579b-2395-4f8f-ab4b-4f7e52b3791b, command=[]} | ret=SUCCESS |  
2019-08-22 09:36:14,293 [grpc-default-executor-2] INFO  client.GrpcClientProtocolClient (GrpcClientProtocolClient.java:onNext(255)) - client-616E12732757->c75f594f-7fe8-46d5-8f5f-f3b104ff8c20: receive RaftClientReply:client-616E12732757->c75f594f-7fe8-46d5-8f5f-f3b104ff8c20@group-46B1F343BA37, cid=104, FAILED org.apache.ratis.protocol.NotLeaderException: Server c75f594f-7fe8-46d5-8f5f-f3b104ff8c20 is not the leader (null). Request must be sent to leader., logIndex=0, commits[c75f594f-7fe8-46d5-8f5f-f3b104ff8c20:c2, 928f99c2-e2f9-4772-8177-d8e129777645:c2, 7e3ed9e5-7ea8-4d90-923a-b1baa67973a8:c2]
2019-08-22 09:36:14,385 | INFO  | SCMAudit | user=jenkins1000 | ip=192.168.36.85 | op=SEND_HEARTBEAT {datanodeUUID=ca66d9bc-c58f-4ab4-a4f7-21def37deae7, command=[]} | ret=SUCCESS |  
2019-08-22 09:36:14,622 | INFO  | SCMAudit | user=jenkins1000 | ip=192.168.36.85 | op=SEND_HEARTBEAT {datanodeUUID=bf450a64-9bba-4cb4-9d6d-a37eaaa67dc9, command=[]} | ret=SUCCESS |  
2019-08-22 09:36:14,894 | INFO  | SCMAudit | user=jenkins1000 | ip=192.168.36.85 | op=SEND_HEARTBEAT {datanodeUUID=37dd13aa-6312-450c-897a-882b9a6833d0, command=[]} | ret=SUCCESS |  
2019-08-22 09:36:14,911 | INFO  | SCMAudit | user=jenkins1000 | ip=192.168.36.85 | op=SEND_HEARTBEAT {datanodeUUID=c75f594f-7fe8-46d5-8f5f-f3b104ff8c20, command=[]} | ret=SUCCESS |  
2019-08-22 09:36:14,999 | INFO  | SCMAudit | user=jenkins1000 | ip=192.168.36.85 | op=SEND_HEARTBEAT {datanodeUUID=7e3ed9e5-7ea8-4d90-923a-b1baa67973a8, command=[]} | ret=SUCCESS |  
2019-08-22 09:36:15,125 | INFO  | SCMAudit | user=jenkins1000 | ip=192.168.36.85 | op=SEND_HEARTBEAT {datanodeUUID=4f4d579b-2395-4f8f-ab4b-4f7e52b3791b, command=[]} | ret=SUCCESS |  
2019-08-22 09:36:15,385 | INFO  | SCMAudit | user=jenkins1000 | ip=192.168.36.85 | op=SEND_HEARTBEAT {datanodeUUID=ca66d9bc-c58f-4ab4-a4f7-21def37deae7, command=[]} | ret=SUCCESS |  
2019-08-22 09:36:15,622 | INFO  | SCMAudit | user=jenkins1000 | ip=192.168.36.85 | op=SEND_HEARTBEAT {datanodeUUID=bf450a64-9bba-4cb4-9d6d-a37eaaa67dc9, command=[]} | ret=SUCCESS |  
2019-08-22 09:36:15,894 | INFO  | SCMAudit | user=jenkins1000 | ip=192.168.36.85 | op=SEND_HEARTBEAT {datanodeUUID=37dd13aa-6312-450c-897a-882b9a6833d0, command=[]} | ret=SUCCESS |  
2019-08-22 09:36:15,911 | INFO  | SCMAudit | user=jenkins1000 | ip=192.168.36.85 | op=SEND_HEARTBEAT {datanodeUUID=c75f594f-7fe8-46d5-8f5f-f3b104ff8c20, command=[]} | ret=SUCCESS |  
2019-08-22 09:36:15,999 | INFO  | SCMAudit | user=jenkins1000 | ip=192.168.36.85 | op=SEND_HEARTBEAT {datanodeUUID=7e3ed9e5-7ea8-4d90-923a-b1baa67973a8, command=[]} | ret=SUCCESS |  
2019-08-22 09:36:16,124 | INFO  | SCMAudit | user=jenkins1000 | ip=192.168.36.85 | op=SEND_HEARTBEAT {datanodeUUID=4f4d579b-2395-4f8f-ab4b-4f7e52b3791b, command=[]} | ret=SUCCESS |  
2019-08-22 09:36:16,312 [grpc-default-executor-6] INFO  client.GrpcClientProtocolClient (GrpcClientProtocolClient.java:onNext(255)) - client-616E12732757->7e3ed9e5-7ea8-4d90-923a-b1baa67973a8: receive RaftClientReply:client-616E12732757->7e3ed9e5-7ea8-4d90-923a-b1baa67973a8@group-46B1F343BA37, cid=104, FAILED org.apache.ratis.protocol.NotLeaderException: Server 7e3ed9e5-7ea8-4d90-923a-b1baa67973a8 is not the leader (null). Request must be sent to leader., logIndex=0, commits[7e3ed9e5-7ea8-4d90-923a-b1baa67973a8:c2, 928f99c2-e2f9-4772-8177-d8e129777645:c2, c75f594f-7fe8-46d5-8f5f-f3b104ff8c20:c2]
]]></system-out>
    <system-err><![CDATA[Aug 22, 2019 9:35:48 AM com.sun.jersey.server.impl.application.WebApplicationImpl _initiate
INFO: Initiating Jersey application, version 'Jersey: 1.19 02/11/2015 03:25 AM'
Aug 22, 2019 9:35:48 AM com.sun.jersey.server.impl.application.WebApplicationImpl _initiate
INFO: Initiating Jersey application, version 'Jersey: 1.19 02/11/2015 03:25 AM'
Aug 22, 2019 9:35:48 AM com.sun.jersey.server.impl.application.WebApplicationImpl _initiate
INFO: Initiating Jersey application, version 'Jersey: 1.19 02/11/2015 03:25 AM'
Aug 22, 2019 9:35:48 AM com.sun.jersey.server.impl.application.WebApplicationImpl _initiate
INFO: Initiating Jersey application, version 'Jersey: 1.19 02/11/2015 03:25 AM'
Aug 22, 2019 9:35:48 AM com.sun.jersey.server.impl.application.WebApplicationImpl _initiate
INFO: Initiating Jersey application, version 'Jersey: 1.19 02/11/2015 03:25 AM'
Aug 22, 2019 9:35:49 AM com.sun.jersey.server.impl.application.WebApplicationImpl _initiate
INFO: Initiating Jersey application, version 'Jersey: 1.19 02/11/2015 03:25 AM'
Aug 22, 2019 9:35:49 AM com.sun.jersey.server.impl.application.WebApplicationImpl _initiate
INFO: Initiating Jersey application, version 'Jersey: 1.19 02/11/2015 03:25 AM'
Aug 22, 2019 9:35:52 AM org.apache.ratis.thirdparty.io.grpc.internal.ManagedChannelOrphanWrapper$ManagedChannelReference cleanQueue
SEVERE: *~*~*~ Channel ManagedChannelImpl{logId=1543, target=192.168.36.85:41397} was not shutdown properly!!! ~*~*~*
    Make sure to call shutdown()/shutdownNow() and wait until awaitTermination() returns true.
java.lang.RuntimeException: ManagedChannel allocation site
	at org.apache.ratis.thirdparty.io.grpc.internal.ManagedChannelOrphanWrapper$ManagedChannelReference.<init>(ManagedChannelOrphanWrapper.java:103)
	at org.apache.ratis.thirdparty.io.grpc.internal.ManagedChannelOrphanWrapper.<init>(ManagedChannelOrphanWrapper.java:53)
	at org.apache.ratis.thirdparty.io.grpc.internal.ManagedChannelOrphanWrapper.<init>(ManagedChannelOrphanWrapper.java:44)
	at org.apache.ratis.thirdparty.io.grpc.internal.AbstractManagedChannelImplBuilder.build(AbstractManagedChannelImplBuilder.java:411)
	at org.apache.ratis.grpc.client.GrpcClientProtocolClient.<init>(GrpcClientProtocolClient.java:119)
	at org.apache.ratis.grpc.client.GrpcClientRpc.lambda$new$0(GrpcClientRpc.java:55)
	at org.apache.ratis.util.PeerProxyMap$PeerAndProxy.lambda$getProxy$0(PeerProxyMap.java:61)
	at org.apache.ratis.util.LifeCycle.startAndTransition(LifeCycle.java:202)
	at org.apache.ratis.util.PeerProxyMap$PeerAndProxy.getProxy(PeerProxyMap.java:60)
	at org.apache.ratis.util.PeerProxyMap.getProxy(PeerProxyMap.java:107)
	at org.apache.ratis.grpc.client.GrpcClientRpc.sendRequestAsyncUnordered(GrpcClientRpc.java:78)
	at org.apache.ratis.client.impl.UnorderedAsync.sendRequestWithRetry(UnorderedAsync.java:75)
	at org.apache.ratis.client.impl.UnorderedAsync.lambda$null$2(UnorderedAsync.java:120)
	at org.apache.ratis.util.TimeoutScheduler.lambda$onTimeout$0(TimeoutScheduler.java:85)
	at org.apache.ratis.util.TimeoutScheduler.lambda$onTimeout$1(TimeoutScheduler.java:104)
	at org.apache.ratis.util.LogUtils.runAndLog(LogUtils.java:50)
	at org.apache.ratis.util.LogUtils$1.run(LogUtils.java:91)
	at java.util.concurrent.Executors$RunnableAdapter.call(Executors.java:511)
	at java.util.concurrent.FutureTask.run(FutureTask.java:266)
	at java.util.concurrent.ScheduledThreadPoolExecutor$ScheduledFutureTask.access$201(ScheduledThreadPoolExecutor.java:180)
	at java.util.concurrent.ScheduledThreadPoolExecutor$ScheduledFutureTask.run(ScheduledThreadPoolExecutor.java:293)
	at java.util.concurrent.ThreadPoolExecutor.runWorker(ThreadPoolExecutor.java:1149)
	at java.util.concurrent.ThreadPoolExecutor$Worker.run(ThreadPoolExecutor.java:624)
	at java.lang.Thread.run(Thread.java:748)

Aug 22, 2019 9:35:52 AM org.apache.ratis.thirdparty.io.grpc.internal.ManagedChannelOrphanWrapper$ManagedChannelReference cleanQueue
SEVERE: *~*~*~ Channel ManagedChannelImpl{logId=2147, target=192.168.36.85:43062} was not shutdown properly!!! ~*~*~*
    Make sure to call shutdown()/shutdownNow() and wait until awaitTermination() returns true.
java.lang.RuntimeException: ManagedChannel allocation site
	at org.apache.ratis.thirdparty.io.grpc.internal.ManagedChannelOrphanWrapper$ManagedChannelReference.<init>(ManagedChannelOrphanWrapper.java:103)
	at org.apache.ratis.thirdparty.io.grpc.internal.ManagedChannelOrphanWrapper.<init>(ManagedChannelOrphanWrapper.java:53)
	at org.apache.ratis.thirdparty.io.grpc.internal.ManagedChannelOrphanWrapper.<init>(ManagedChannelOrphanWrapper.java:44)
	at org.apache.ratis.thirdparty.io.grpc.internal.AbstractManagedChannelImplBuilder.build(AbstractManagedChannelImplBuilder.java:411)
	at org.apache.ratis.grpc.client.GrpcClientProtocolClient.<init>(GrpcClientProtocolClient.java:119)
	at org.apache.ratis.grpc.client.GrpcClientRpc.lambda$new$0(GrpcClientRpc.java:55)
	at org.apache.ratis.util.PeerProxyMap$PeerAndProxy.lambda$getProxy$0(PeerProxyMap.java:61)
	at org.apache.ratis.util.LifeCycle.startAndTransition(LifeCycle.java:202)
	at org.apache.ratis.util.PeerProxyMap$PeerAndProxy.getProxy(PeerProxyMap.java:60)
	at org.apache.ratis.util.PeerProxyMap.getProxy(PeerProxyMap.java:107)
	at org.apache.ratis.grpc.client.GrpcClientRpc.sendRequestAsync(GrpcClientRpc.java:66)
	at org.apache.ratis.client.impl.OrderedAsync.sendRequest(OrderedAsync.java:208)
	at org.apache.ratis.client.impl.OrderedAsync.sendRequestWithRetry(OrderedAsync.java:169)
	at org.apache.ratis.util.SlidingWindow$Client.sendOrDelayRequest(SlidingWindow.java:278)
	at org.apache.ratis.util.SlidingWindow$Client.retry(SlidingWindow.java:294)
	at org.apache.ratis.client.impl.OrderedAsync.lambda$scheduleWithTimeout$7(OrderedAsync.java:195)
	at org.apache.ratis.util.TimeoutScheduler.lambda$onTimeout$0(TimeoutScheduler.java:85)
	at org.apache.ratis.util.TimeoutScheduler.lambda$onTimeout$1(TimeoutScheduler.java:104)
	at org.apache.ratis.util.LogUtils.runAndLog(LogUtils.java:50)
	at org.apache.ratis.util.LogUtils$1.run(LogUtils.java:91)
	at java.util.concurrent.Executors$RunnableAdapter.call(Executors.java:511)
	at java.util.concurrent.FutureTask.run(FutureTask.java:266)
	at java.util.concurrent.ScheduledThreadPoolExecutor$ScheduledFutureTask.access$201(ScheduledThreadPoolExecutor.java:180)
	at java.util.concurrent.ScheduledThreadPoolExecutor$ScheduledFutureTask.run(ScheduledThreadPoolExecutor.java:293)
	at java.util.concurrent.ThreadPoolExecutor.runWorker(ThreadPoolExecutor.java:1149)
	at java.util.concurrent.ThreadPoolExecutor$Worker.run(ThreadPoolExecutor.java:624)
	at java.lang.Thread.run(Thread.java:748)

Aug 22, 2019 9:35:52 AM org.apache.ratis.thirdparty.io.grpc.internal.ManagedChannelOrphanWrapper$ManagedChannelReference cleanQueue
SEVERE: *~*~*~ Channel ManagedChannelImpl{logId=1878, target=192.168.36.85:44954} was not shutdown properly!!! ~*~*~*
    Make sure to call shutdown()/shutdownNow() and wait until awaitTermination() returns true.
java.lang.RuntimeException: ManagedChannel allocation site
	at org.apache.ratis.thirdparty.io.grpc.internal.ManagedChannelOrphanWrapper$ManagedChannelReference.<init>(ManagedChannelOrphanWrapper.java:103)
	at org.apache.ratis.thirdparty.io.grpc.internal.ManagedChannelOrphanWrapper.<init>(ManagedChannelOrphanWrapper.java:53)
	at org.apache.ratis.thirdparty.io.grpc.internal.ManagedChannelOrphanWrapper.<init>(ManagedChannelOrphanWrapper.java:44)
	at org.apache.ratis.thirdparty.io.grpc.internal.AbstractManagedChannelImplBuilder.build(AbstractManagedChannelImplBuilder.java:411)
	at org.apache.ratis.grpc.client.GrpcClientProtocolClient.<init>(GrpcClientProtocolClient.java:119)
	at org.apache.ratis.grpc.client.GrpcClientRpc.lambda$new$0(GrpcClientRpc.java:55)
	at org.apache.ratis.util.PeerProxyMap$PeerAndProxy.lambda$getProxy$0(PeerProxyMap.java:61)
	at org.apache.ratis.util.LifeCycle.startAndTransition(LifeCycle.java:202)
	at org.apache.ratis.util.PeerProxyMap$PeerAndProxy.getProxy(PeerProxyMap.java:60)
	at org.apache.ratis.util.PeerProxyMap.getProxy(PeerProxyMap.java:107)
	at org.apache.ratis.grpc.client.GrpcClientRpc.sendRequestAsyncUnordered(GrpcClientRpc.java:78)
	at org.apache.ratis.client.impl.UnorderedAsync.sendRequestWithRetry(UnorderedAsync.java:75)
	at org.apache.ratis.client.impl.UnorderedAsync.lambda$null$2(UnorderedAsync.java:120)
	at org.apache.ratis.util.TimeoutScheduler.lambda$onTimeout$0(TimeoutScheduler.java:85)
	at org.apache.ratis.util.TimeoutScheduler.lambda$onTimeout$1(TimeoutScheduler.java:104)
	at org.apache.ratis.util.LogUtils.runAndLog(LogUtils.java:50)
	at org.apache.ratis.util.LogUtils$1.run(LogUtils.java:91)
	at java.util.concurrent.Executors$RunnableAdapter.call(Executors.java:511)
	at java.util.concurrent.FutureTask.run(FutureTask.java:266)
	at java.util.concurrent.ScheduledThreadPoolExecutor$ScheduledFutureTask.access$201(ScheduledThreadPoolExecutor.java:180)
	at java.util.concurrent.ScheduledThreadPoolExecutor$ScheduledFutureTask.run(ScheduledThreadPoolExecutor.java:293)
	at java.util.concurrent.ThreadPoolExecutor.runWorker(ThreadPoolExecutor.java:1149)
	at java.util.concurrent.ThreadPoolExecutor$Worker.run(ThreadPoolExecutor.java:624)
	at java.lang.Thread.run(Thread.java:748)

]]></system-err>
  </testcase>
</testsuite>