<?xml version="1.0" encoding="UTF-8"?>
<testsuite xmlns:xsi="http://www.w3.org/2001/XMLSchema-instance" xsi:noNamespaceSchemaLocation="https://maven.apache.org/surefire/maven-surefire-plugin/xsd/surefire-test-report.xsd" name="org.apache.hadoop.ozone.freon.TestFreonWithPipelineDestroy" time="31.611" tests="1" errors="1" skipped="0" failures="0">
  <properties>
    <property name="awt.toolkit" value="sun.awt.X11.XToolkit"/>
    <property name="file.encoding.pkg" value="sun.io"/>
    <property name="java.specification.version" value="1.8"/>
    <property name="sun.cpu.isalist" value=""/>
    <property name="sun.jnu.encoding" value="UTF-8"/>
    <property name="java.class.path" value="/tmp/workdir/hadoop-ozone/tools/target/test-classes:/tmp/workdir/hadoop-ozone/tools/target/classes:/tmp/workdir/hadoop-ozone/ozone-manager/target/classes:/tmp/workdir/hadoop-hdds/docs/target/classes:/home/user/.m2/repository/org/bouncycastle/bcprov-jdk15on/1.60/bcprov-jdk15on-1.60.jar:/tmp/workdir/hadoop-ozone/common/target/classes:/home/user/.m2/repository/org/apache/commons/commons-compress/1.4.1/commons-compress-1.4.1.jar:/home/user/.m2/repository/org/tukaani/xz/1.0/xz-1.0.jar:/home/user/.m2/repository/org/apache/hadoop/hadoop-hdfs-client/3.2.0/hadoop-hdfs-client-3.2.0.jar:/home/user/.m2/repository/com/fasterxml/jackson/core/jackson-annotations/2.9.5/jackson-annotations-2.9.5.jar:/tmp/workdir/hadoop-hdds/common/target/classes:/tmp/workdir/hadoop-hdds/config/target/classes:/home/user/.m2/repository/javax/annotation/javax.annotation-api/1.2/javax.annotation-api-1.2.jar:/home/user/.m2/repository/org/apache/ratis/ratis-server/0.4.0-2337318-SNAPSHOT/ratis-server-0.4.0-2337318-SNAPSHOT.jar:/home/user/.m2/repository/org/apache/ratis/ratis-thirdparty-misc/0.2.0/ratis-thirdparty-misc-0.2.0.jar:/home/user/.m2/repository/org/apache/ratis/ratis-proto/0.4.0-2337318-SNAPSHOT/ratis-proto-0.4.0-2337318-SNAPSHOT.jar:/home/user/.m2/repository/org/apache/ratis/ratis-common/0.4.0-2337318-SNAPSHOT/ratis-common-0.4.0-2337318-SNAPSHOT.jar:/home/user/.m2/repository/org/apache/ratis/ratis-client/0.4.0-2337318-SNAPSHOT/ratis-client-0.4.0-2337318-SNAPSHOT.jar:/home/user/.m2/repository/org/apache/ratis/ratis-metrics/0.4.0-2337318-SNAPSHOT/ratis-metrics-0.4.0-2337318-SNAPSHOT.jar:/home/user/.m2/repository/org/apache/ratis/ratis-netty/0.4.0-2337318-SNAPSHOT/ratis-netty-0.4.0-2337318-SNAPSHOT.jar:/home/user/.m2/repository/org/apache/ratis/ratis-grpc/0.4.0-2337318-SNAPSHOT/ratis-grpc-0.4.0-2337318-SNAPSHOT.jar:/home/user/.m2/repository/org/rocksdb/rocksdbjni/6.0.1/rocksdbjni-6.0.1.jar:/home/user/.m2/repository/org/apache/logging/log4j/log4j-api/2.11.0/log4j-api-2.11.0.jar:/home/user/.m2/repository/org/apache/logging/log4j/log4j-core/2.11.0/log4j-core-2.11.0.jar:/home/user/.m2/repository/com/lmax/disruptor/3.4.2/disruptor-3.4.2.jar:/home/user/.m2/repository/org/apache/commons/commons-pool2/2.6.0/commons-pool2-2.6.0.jar:/home/user/.m2/repository/org/bouncycastle/bcpkix-jdk15on/1.60/bcpkix-jdk15on-1.60.jar:/home/user/.m2/repository/commons-validator/commons-validator/1.6/commons-validator-1.6.jar:/home/user/.m2/repository/commons-digester/commons-digester/1.8.1/commons-digester-1.8.1.jar:/home/user/.m2/repository/io/jaegertracing/jaeger-client/0.33.1/jaeger-client-0.33.1.jar:/home/user/.m2/repository/io/jaegertracing/jaeger-thrift/0.33.1/jaeger-thrift-0.33.1.jar:/home/user/.m2/repository/org/apache/thrift/libthrift/0.11.0/libthrift-0.11.0.jar:/home/user/.m2/repository/com/squareup/okhttp3/okhttp/3.9.0/okhttp-3.9.0.jar:/home/user/.m2/repository/com/squareup/okio/okio/1.13.0/okio-1.13.0.jar:/home/user/.m2/repository/io/jaegertracing/jaeger-core/0.33.1/jaeger-core-0.33.1.jar:/home/user/.m2/repository/io/jaegertracing/jaeger-tracerresolver/0.33.1/jaeger-tracerresolver-0.33.1.jar:/home/user/.m2/repository/io/opentracing/contrib/opentracing-tracerresolver/0.1.5/opentracing-tracerresolver-0.1.5.jar:/home/user/.m2/repository/io/opentracing/opentracing-util/0.31.0/opentracing-util-0.31.0.jar:/home/user/.m2/repository/io/opentracing/opentracing-api/0.31.0/opentracing-api-0.31.0.jar:/home/user/.m2/repository/io/opentracing/opentracing-noop/0.31.0/opentracing-noop-0.31.0.jar:/home/user/.m2/repository/org/yaml/snakeyaml/1.16/snakeyaml-1.16.jar:/tmp/workdir/hadoop-hdds/container-service/target/classes:/tmp/workdir/hadoop-hdds/client/target/classes:/tmp/workdir/hadoop-hdds/tools/target/classes:/home/user/.m2/repository/org/xerial/sqlite-jdbc/3.25.2/sqlite-jdbc-3.25.2.jar:/tmp/workdir/hadoop-hdds/server-scm/target/classes:/home/user/.m2/repository/org/hamcrest/hamcrest-all/1.3/hamcrest-all-1.3.jar:/home/user/.m2/repository/info/picocli/picocli/3.9.6/picocli-3.9.6.jar:/home/user/.m2/repository/com/google/protobuf/protobuf-java/2.5.0/protobuf-java-2.5.0.jar:/home/user/.m2/repository/com/google/guava/guava/11.0.2/guava-11.0.2.jar:/tmp/workdir/hadoop-ozone/client/target/classes:/home/user/.m2/repository/org/apache/hadoop/hadoop-ozone-filesystem/0.5.0-SNAPSHOT/hadoop-ozone-filesystem-0.5.0-SNAPSHOT.jar:/tmp/workdir/hadoop-hdds/framework/target/classes:/home/user/.m2/repository/org/apache/hadoop/hadoop-common/3.2.0/hadoop-common-3.2.0.jar:/home/user/.m2/repository/org/apache/hadoop/hadoop-annotations/3.2.0/hadoop-annotations-3.2.0.jar:/usr/lib/jvm/java-1.8-openjdk/jre/../lib/tools.jar:/home/user/.m2/repository/commons-cli/commons-cli/1.2/commons-cli-1.2.jar:/home/user/.m2/repository/org/apache/commons/commons-math3/3.1.1/commons-math3-3.1.1.jar:/home/user/.m2/repository/org/apache/httpcomponents/httpclient/4.5.2/httpclient-4.5.2.jar:/home/user/.m2/repository/org/apache/httpcomponents/httpcore/4.4.4/httpcore-4.4.4.jar:/home/user/.m2/repository/commons-codec/commons-codec/1.11/commons-codec-1.11.jar:/home/user/.m2/repository/commons-io/commons-io/2.5/commons-io-2.5.jar:/home/user/.m2/repository/commons-net/commons-net/3.6/commons-net-3.6.jar:/home/user/.m2/repository/commons-collections/commons-collections/3.2.2/commons-collections-3.2.2.jar:/home/user/.m2/repository/javax/servlet/javax.servlet-api/3.1.0/javax.servlet-api-3.1.0.jar:/home/user/.m2/repository/org/eclipse/jetty/jetty-server/9.3.24.v20180605/jetty-server-9.3.24.v20180605.jar:/home/user/.m2/repository/org/eclipse/jetty/jetty-http/9.3.24.v20180605/jetty-http-9.3.24.v20180605.jar:/home/user/.m2/repository/org/eclipse/jetty/jetty-io/9.3.24.v20180605/jetty-io-9.3.24.v20180605.jar:/home/user/.m2/repository/org/eclipse/jetty/jetty-util/9.3.24.v20180605/jetty-util-9.3.24.v20180605.jar:/home/user/.m2/repository/org/eclipse/jetty/jetty-servlet/9.3.24.v20180605/jetty-servlet-9.3.24.v20180605.jar:/home/user/.m2/repository/org/eclipse/jetty/jetty-security/9.3.24.v20180605/jetty-security-9.3.24.v20180605.jar:/home/user/.m2/repository/org/eclipse/jetty/jetty-webapp/9.3.24.v20180605/jetty-webapp-9.3.24.v20180605.jar:/home/user/.m2/repository/org/eclipse/jetty/jetty-xml/9.3.24.v20180605/jetty-xml-9.3.24.v20180605.jar:/home/user/.m2/repository/javax/servlet/jsp/jsp-api/2.1/jsp-api-2.1.jar:/home/user/.m2/repository/com/sun/jersey/jersey-core/1.19/jersey-core-1.19.jar:/home/user/.m2/repository/javax/ws/rs/jsr311-api/1.1.1/jsr311-api-1.1.1.jar:/home/user/.m2/repository/com/sun/jersey/jersey-servlet/1.19/jersey-servlet-1.19.jar:/home/user/.m2/repository/com/sun/jersey/jersey-json/1.19/jersey-json-1.19.jar:/home/user/.m2/repository/org/codehaus/jettison/jettison/1.1/jettison-1.1.jar:/home/user/.m2/repository/com/sun/xml/bind/jaxb-impl/2.3.0.1/jaxb-impl-2.3.0.1.jar:/home/user/.m2/repository/org/codehaus/jackson/jackson-core-asl/1.9.13/jackson-core-asl-1.9.13.jar:/home/user/.m2/repository/org/codehaus/jackson/jackson-mapper-asl/1.9.13/jackson-mapper-asl-1.9.13.jar:/home/user/.m2/repository/org/codehaus/jackson/jackson-jaxrs/1.9.13/jackson-jaxrs-1.9.13.jar:/home/user/.m2/repository/org/codehaus/jackson/jackson-xc/1.9.13/jackson-xc-1.9.13.jar:/home/user/.m2/repository/com/sun/jersey/jersey-server/1.19/jersey-server-1.19.jar:/home/user/.m2/repository/commons-logging/commons-logging/1.1.3/commons-logging-1.1.3.jar:/home/user/.m2/repository/log4j/log4j/1.2.17/log4j-1.2.17.jar:/home/user/.m2/repository/commons-beanutils/commons-beanutils/1.9.3/commons-beanutils-1.9.3.jar:/home/user/.m2/repository/org/apache/commons/commons-configuration2/2.1.1/commons-configuration2-2.1.1.jar:/home/user/.m2/repository/org/apache/commons/commons-lang3/3.7/commons-lang3-3.7.jar:/home/user/.m2/repository/org/apache/commons/commons-text/1.4/commons-text-1.4.jar:/home/user/.m2/repository/org/slf4j/slf4j-api/1.7.25/slf4j-api-1.7.25.jar:/home/user/.m2/repository/org/slf4j/slf4j-log4j12/1.7.25/slf4j-log4j12-1.7.25.jar:/home/user/.m2/repository/org/apache/avro/avro/1.7.7/avro-1.7.7.jar:/home/user/.m2/repository/com/thoughtworks/paranamer/paranamer/2.3/paranamer-2.3.jar:/home/user/.m2/repository/org/xerial/snappy/snappy-java/1.0.5/snappy-java-1.0.5.jar:/home/user/.m2/repository/com/google/re2j/re2j/1.1/re2j-1.1.jar:/home/user/.m2/repository/com/google/code/gson/gson/2.2.4/gson-2.2.4.jar:/home/user/.m2/repository/org/apache/hadoop/hadoop-auth/3.2.0/hadoop-auth-3.2.0.jar:/home/user/.m2/repository/com/nimbusds/nimbus-jose-jwt/4.41.1/nimbus-jose-jwt-4.41.1.jar:/home/user/.m2/repository/com/github/stephenc/jcip/jcip-annotations/1.0-1/jcip-annotations-1.0-1.jar:/home/user/.m2/repository/net/minidev/json-smart/2.3/json-smart-2.3.jar:/home/user/.m2/repository/net/minidev/accessors-smart/1.2/accessors-smart-1.2.jar:/home/user/.m2/repository/org/apache/curator/curator-framework/2.12.0/curator-framework-2.12.0.jar:/home/user/.m2/repository/com/jcraft/jsch/0.1.54/jsch-0.1.54.jar:/home/user/.m2/repository/org/apache/curator/curator-client/2.12.0/curator-client-2.12.0.jar:/home/user/.m2/repository/org/apache/curator/curator-recipes/2.12.0/curator-recipes-2.12.0.jar:/home/user/.m2/repository/com/google/code/findbugs/jsr305/3.0.0/jsr305-3.0.0.jar:/home/user/.m2/repository/org/apache/htrace/htrace-core4/4.1.0-incubating/htrace-core4-4.1.0-incubating.jar:/home/user/.m2/repository/org/apache/zookeeper/zookeeper/3.4.13/zookeeper-3.4.13.jar:/home/user/.m2/repository/org/apache/yetus/audience-annotations/0.5.0/audience-annotations-0.5.0.jar:/home/user/.m2/repository/org/apache/kerby/kerb-simplekdc/1.0.1/kerb-simplekdc-1.0.1.jar:/home/user/.m2/repository/org/apache/kerby/kerb-client/1.0.1/kerb-client-1.0.1.jar:/home/user/.m2/repository/org/apache/kerby/kerby-config/1.0.1/kerby-config-1.0.1.jar:/home/user/.m2/repository/org/apache/kerby/kerb-core/1.0.1/kerb-core-1.0.1.jar:/home/user/.m2/repository/org/apache/kerby/kerby-pkix/1.0.1/kerby-pkix-1.0.1.jar:/home/user/.m2/repository/org/apache/kerby/kerby-asn1/1.0.1/kerby-asn1-1.0.1.jar:/home/user/.m2/repository/org/apache/kerby/kerby-util/1.0.1/kerby-util-1.0.1.jar:/home/user/.m2/repository/org/apache/kerby/kerb-common/1.0.1/kerb-common-1.0.1.jar:/home/user/.m2/repository/org/apache/kerby/kerb-crypto/1.0.1/kerb-crypto-1.0.1.jar:/home/user/.m2/repository/org/apache/kerby/kerb-util/1.0.1/kerb-util-1.0.1.jar:/home/user/.m2/repository/org/apache/kerby/token-provider/1.0.1/token-provider-1.0.1.jar:/home/user/.m2/repository/org/apache/kerby/kerb-admin/1.0.1/kerb-admin-1.0.1.jar:/home/user/.m2/repository/org/apache/kerby/kerb-server/1.0.1/kerb-server-1.0.1.jar:/home/user/.m2/repository/org/apache/kerby/kerb-identity/1.0.1/kerb-identity-1.0.1.jar:/home/user/.m2/repository/org/apache/kerby/kerby-xdr/1.0.1/kerby-xdr-1.0.1.jar:/home/user/.m2/repository/com/fasterxml/jackson/core/jackson-databind/2.9.5/jackson-databind-2.9.5.jar:/home/user/.m2/repository/com/fasterxml/jackson/core/jackson-core/2.9.5/jackson-core-2.9.5.jar:/home/user/.m2/repository/org/codehaus/woodstox/stax2-api/3.1.4/stax2-api-3.1.4.jar:/home/user/.m2/repository/com/fasterxml/woodstox/woodstox-core/5.0.3/woodstox-core-5.0.3.jar:/home/user/.m2/repository/dnsjava/dnsjava/2.1.7/dnsjava-2.1.7.jar:/home/user/.m2/repository/org/apache/hadoop/hadoop-hdfs/3.2.0/hadoop-hdfs-3.2.0.jar:/home/user/.m2/repository/org/eclipse/jetty/jetty-util-ajax/9.3.24.v20180605/jetty-util-ajax-9.3.24.v20180605.jar:/home/user/.m2/repository/commons-daemon/commons-daemon/1.0.13/commons-daemon-1.0.13.jar:/home/user/.m2/repository/io/netty/netty/3.10.5.Final/netty-3.10.5.Final.jar:/home/user/.m2/repository/io/netty/netty-all/4.0.52.Final/netty-all-4.0.52.Final.jar:/home/user/.m2/repository/org/fusesource/leveldbjni/leveldbjni-all/1.8/leveldbjni-all-1.8.jar:/home/user/.m2/repository/com/sun/xml/bind/jaxb-core/2.3.0.1/jaxb-core-2.3.0.1.jar:/home/user/.m2/repository/javax/xml/bind/jaxb-api/2.3.0/jaxb-api-2.3.0.jar:/home/user/.m2/repository/javax/activation/activation/1.1.1/activation-1.1.1.jar:/home/user/.m2/repository/io/dropwizard/metrics/metrics-core/3.2.4/metrics-core-3.2.4.jar:/home/user/.m2/repository/org/openjdk/jmh/jmh-core/1.19/jmh-core-1.19.jar:/home/user/.m2/repository/net/sf/jopt-simple/jopt-simple/4.6/jopt-simple-4.6.jar:/home/user/.m2/repository/org/openjdk/jmh/jmh-generator-annprocess/1.19/jmh-generator-annprocess-1.19.jar:/home/user/.m2/repository/com/google/code/findbugs/findbugs/3.0.1/findbugs-3.0.1.jar:/home/user/.m2/repository/net/jcip/jcip-annotations/1.0/jcip-annotations-1.0.jar:/home/user/.m2/repository/com/google/code/findbugs/bcel-findbugs/6.0/bcel-findbugs-6.0.jar:/home/user/.m2/repository/com/google/code/findbugs/jFormatString/2.0.1/jFormatString-2.0.1.jar:/home/user/.m2/repository/dom4j/dom4j/1.6.1/dom4j-1.6.1.jar:/home/user/.m2/repository/xml-apis/xml-apis/1.0.b2/xml-apis-1.0.b2.jar:/home/user/.m2/repository/org/ow2/asm/asm-debug-all/5.0.2/asm-debug-all-5.0.2.jar:/home/user/.m2/repository/org/ow2/asm/asm-commons/5.0.2/asm-commons-5.0.2.jar:/home/user/.m2/repository/org/ow2/asm/asm-tree/5.0.2/asm-tree-5.0.2.jar:/home/user/.m2/repository/org/ow2/asm/asm/5.0.4/asm-5.0.4.jar:/home/user/.m2/repository/commons-lang/commons-lang/2.6/commons-lang-2.6.jar:/home/user/.m2/repository/com/apple/AppleJavaExtensions/1.4/AppleJavaExtensions-1.4.jar:/home/user/.m2/repository/jaxen/jaxen/1.1.6/jaxen-1.1.6.jar:/home/user/.m2/repository/junit/junit/4.11/junit-4.11.jar:/home/user/.m2/repository/org/hamcrest/hamcrest-core/1.3/hamcrest-core-1.3.jar:/home/user/.m2/repository/org/apache/hadoop/hadoop-common/3.2.0/hadoop-common-3.2.0-tests.jar:/home/user/.m2/repository/org/apache/hadoop/hadoop-ozone-integration-test/0.5.0-SNAPSHOT/hadoop-ozone-integration-test-0.5.0-SNAPSHOT-tests.jar:/tmp/workdir/hadoop-ozone/objectstore-service/target/classes:/tmp/workdir/hadoop-ozone/s3gateway/target/classes:/home/user/.m2/repository/org/jboss/weld/servlet/weld-servlet/2.4.7.Final/weld-servlet-2.4.7.Final.jar:/home/user/.m2/repository/org/glassfish/jersey/containers/jersey-container-servlet-core/2.27/jersey-container-servlet-core-2.27.jar:/home/user/.m2/repository/org/glassfish/hk2/external/javax.inject/2.5.0-b42/javax.inject-2.5.0-b42.jar:/home/user/.m2/repository/org/glassfish/jersey/core/jersey-common/2.27/jersey-common-2.27.jar:/home/user/.m2/repository/org/glassfish/hk2/osgi-resource-locator/1.0.1/osgi-resource-locator-1.0.1.jar:/home/user/.m2/repository/javax/ws/rs/javax.ws.rs-api/2.1/javax.ws.rs-api-2.1.jar:/home/user/.m2/repository/org/glassfish/jersey/ext/cdi/jersey-cdi1x/2.27/jersey-cdi1x-2.27.jar:/home/user/.m2/repository/org/glassfish/jersey/inject/jersey-hk2/2.27/jersey-hk2-2.27.jar:/home/user/.m2/repository/org/glassfish/hk2/hk2-locator/2.5.0-b42/hk2-locator-2.5.0-b42.jar:/home/user/.m2/repository/org/javassist/javassist/3.22.0-CR2/javassist-3.22.0-CR2.jar:/home/user/.m2/repository/org/glassfish/hk2/hk2-api/2.5.0/hk2-api-2.5.0.jar:/home/user/.m2/repository/org/glassfish/hk2/external/jakarta.inject/2.5.0/jakarta.inject-2.5.0.jar:/home/user/.m2/repository/org/glassfish/hk2/hk2-utils/2.5.0/hk2-utils-2.5.0.jar:/home/user/.m2/repository/jakarta/annotation/jakarta.annotation-api/1.3.4/jakarta.annotation-api-1.3.4.jar:/home/user/.m2/repository/org/glassfish/hk2/external/aopalliance-repackaged/2.5.0/aopalliance-repackaged-2.5.0.jar:/home/user/.m2/repository/com/fasterxml/jackson/dataformat/jackson-dataformat-xml/2.9.0/jackson-dataformat-xml-2.9.0.jar:/home/user/.m2/repository/com/fasterxml/jackson/module/jackson-module-jaxb-annotations/2.9.5/jackson-module-jaxb-annotations-2.9.5.jar:/home/user/.m2/repository/javax/enterprise/cdi-api/1.2/cdi-api-1.2.jar:/home/user/.m2/repository/javax/el/javax.el-api/3.0.0/javax.el-api-3.0.0.jar:/home/user/.m2/repository/javax/interceptor/javax.interceptor-api/1.2/javax.interceptor-api-1.2.jar:/home/user/.m2/repository/javax/inject/javax.inject/1/javax.inject-1.jar:/tmp/workdir/hadoop-ozone/csi/target/classes:/home/user/.m2/repository/com/google/protobuf/protobuf-java-util/3.5.1/protobuf-java-util-3.5.1.jar:/home/user/.m2/repository/io/grpc/grpc-netty/1.17.1/grpc-netty-1.17.1.jar:/home/user/.m2/repository/io/grpc/grpc-core/1.17.1/grpc-core-1.17.1.jar:/home/user/.m2/repository/io/grpc/grpc-context/1.17.1/grpc-context-1.17.1.jar:/home/user/.m2/repository/com/google/errorprone/error_prone_annotations/2.2.0/error_prone_annotations-2.2.0.jar:/home/user/.m2/repository/org/codehaus/mojo/animal-sniffer-annotations/1.17/animal-sniffer-annotations-1.17.jar:/home/user/.m2/repository/io/opencensus/opencensus-api/0.17.0/opencensus-api-0.17.0.jar:/home/user/.m2/repository/io/opencensus/opencensus-contrib-grpc-metrics/0.17.0/opencensus-contrib-grpc-metrics-0.17.0.jar:/home/user/.m2/repository/io/netty/netty-codec-http2/4.1.30.Final/netty-codec-http2-4.1.30.Final.jar:/home/user/.m2/repository/io/netty/netty-codec-http/4.1.30.Final/netty-codec-http-4.1.30.Final.jar:/home/user/.m2/repository/io/netty/netty-codec/4.1.30.Final/netty-codec-4.1.30.Final.jar:/home/user/.m2/repository/io/netty/netty-handler/4.1.30.Final/netty-handler-4.1.30.Final.jar:/home/user/.m2/repository/io/netty/netty-handler-proxy/4.1.30.Final/netty-handler-proxy-4.1.30.Final.jar:/home/user/.m2/repository/io/netty/netty-codec-socks/4.1.30.Final/netty-codec-socks-4.1.30.Final.jar:/home/user/.m2/repository/io/netty/netty-transport-native-epoll/4.1.30.Final/netty-transport-native-epoll-4.1.30.Final.jar:/home/user/.m2/repository/io/netty/netty-common/4.1.30.Final/netty-common-4.1.30.Final.jar:/home/user/.m2/repository/io/netty/netty-buffer/4.1.30.Final/netty-buffer-4.1.30.Final.jar:/home/user/.m2/repository/io/netty/netty-transport/4.1.30.Final/netty-transport-4.1.30.Final.jar:/home/user/.m2/repository/io/netty/netty-resolver/4.1.30.Final/netty-resolver-4.1.30.Final.jar:/home/user/.m2/repository/io/netty/netty-transport-native-unix-common/4.1.30.Final/netty-transport-native-unix-common-4.1.30.Final.jar:/home/user/.m2/repository/io/grpc/grpc-protobuf/1.17.1/grpc-protobuf-1.17.1.jar:/home/user/.m2/repository/com/google/api/grpc/proto-google-common-protos/1.0.0/proto-google-common-protos-1.0.0.jar:/home/user/.m2/repository/io/grpc/grpc-protobuf-lite/1.17.1/grpc-protobuf-lite-1.17.1.jar:/home/user/.m2/repository/io/grpc/grpc-stub/1.17.1/grpc-stub-1.17.1.jar:/tmp/workdir/hadoop-ozone/ozone-recon/target/classes:/tmp/workdir/hadoop-ozone/ozone-recon-codegen/target/classes:/home/user/.m2/repository/com/google/inject/extensions/guice-multibindings/4.0/guice-multibindings-4.0.jar:/home/user/.m2/repository/com/google/inject/guice/4.0/guice-4.0.jar:/home/user/.m2/repository/aopalliance/aopalliance/1.0/aopalliance-1.0.jar:/home/user/.m2/repository/com/google/inject/extensions/guice-servlet/4.0/guice-servlet-4.0.jar:/home/user/.m2/repository/org/glassfish/jersey/containers/jersey-container-servlet/2.27/jersey-container-servlet-2.27.jar:/home/user/.m2/repository/org/glassfish/hk2/guice-bridge/2.5.0/guice-bridge-2.5.0.jar:/home/user/.m2/repository/org/glassfish/jersey/core/jersey-server/2.27/jersey-server-2.27.jar:/home/user/.m2/repository/org/glassfish/jersey/core/jersey-client/2.27/jersey-client-2.27.jar:/home/user/.m2/repository/org/glassfish/jersey/media/jersey-media-jaxb/2.27/jersey-media-jaxb-2.27.jar:/home/user/.m2/repository/javax/validation/validation-api/1.1.0.Final/validation-api-1.1.0.Final.jar:/home/user/.m2/repository/org/glassfish/jersey/media/jersey-media-json-jackson/2.27/jersey-media-json-jackson-2.27.jar:/home/user/.m2/repository/org/glassfish/jersey/ext/jersey-entity-filtering/2.27/jersey-entity-filtering-2.27.jar:/home/user/.m2/repository/com/google/inject/extensions/guice-assistedinject/4.0/guice-assistedinject-4.0.jar:/home/user/.m2/repository/org/jooq/jooq/3.11.10/jooq-3.11.10.jar:/home/user/.m2/repository/org/jooq/jooq-meta/3.11.10/jooq-meta-3.11.10.jar:/home/user/.m2/repository/org/jooq/jooq-codegen/3.11.10/jooq-codegen-3.11.10.jar:/home/user/.m2/repository/com/jolbox/bonecp/0.8.0.RELEASE/bonecp-0.8.0.RELEASE.jar:/home/user/.m2/repository/org/springframework/spring-jdbc/5.1.3.RELEASE/spring-jdbc-5.1.3.RELEASE.jar:/home/user/.m2/repository/org/springframework/spring-beans/5.1.3.RELEASE/spring-beans-5.1.3.RELEASE.jar:/home/user/.m2/repository/org/springframework/spring-core/5.1.3.RELEASE/spring-core-5.1.3.RELEASE.jar:/home/user/.m2/repository/org/springframework/spring-jcl/5.1.3.RELEASE/spring-jcl-5.1.3.RELEASE.jar:/home/user/.m2/repository/org/springframework/spring-tx/5.1.3.RELEASE/spring-tx-5.1.3.RELEASE.jar:/home/user/.m2/repository/org/mockito/mockito-core/2.15.0/mockito-core-2.15.0.jar:/home/user/.m2/repository/net/bytebuddy/byte-buddy/1.7.9/byte-buddy-1.7.9.jar:/home/user/.m2/repository/net/bytebuddy/byte-buddy-agent/1.7.9/byte-buddy-agent-1.7.9.jar:/home/user/.m2/repository/org/objenesis/objenesis/1.0/objenesis-1.0.jar:"/>
    <property name="java.vm.vendor" value="IcedTea"/>
    <property name="sun.arch.data.model" value="64"/>
    <property name="test.build.dir" value="/tmp/workdir/hadoop-ozone/tools/target/test-dir"/>
    <property name="test.cache.data" value=""/>
    <property name="java.vendor.url" value="https://icedtea.classpath.org"/>
    <property name="user.timezone" value=""/>
    <property name="java.vm.specification.version" value="1.8"/>
    <property name="os.name" value="Linux"/>
    <property name="test.build.data" value="/tmp/workdir/hadoop-ozone/tools/target/test-dir"/>
    <property name="user.country" value="US"/>
    <property name="sun.java.launcher" value="SUN_STANDARD"/>
    <property name="sun.boot.library.path" value="/usr/lib/jvm/java-1.8-openjdk/jre/lib/amd64"/>
    <property name="sun.java.command" value="/tmp/workdir/hadoop-ozone/tools/target/surefire/surefirebooter4289640044491033119.jar /tmp/workdir/hadoop-ozone/tools/target/surefire 2019-07-10T05-21-31_123-jvmRun1 surefire7173996925309865558tmp surefire_1019071763850413583750tmp"/>
    <property name="surefire.test.class.path" value="/tmp/workdir/hadoop-ozone/tools/target/test-classes:/tmp/workdir/hadoop-ozone/tools/target/classes:/tmp/workdir/hadoop-ozone/ozone-manager/target/classes:/tmp/workdir/hadoop-hdds/docs/target/classes:/home/user/.m2/repository/org/bouncycastle/bcprov-jdk15on/1.60/bcprov-jdk15on-1.60.jar:/tmp/workdir/hadoop-ozone/common/target/classes:/home/user/.m2/repository/org/apache/commons/commons-compress/1.4.1/commons-compress-1.4.1.jar:/home/user/.m2/repository/org/tukaani/xz/1.0/xz-1.0.jar:/home/user/.m2/repository/org/apache/hadoop/hadoop-hdfs-client/3.2.0/hadoop-hdfs-client-3.2.0.jar:/home/user/.m2/repository/com/fasterxml/jackson/core/jackson-annotations/2.9.5/jackson-annotations-2.9.5.jar:/tmp/workdir/hadoop-hdds/common/target/classes:/tmp/workdir/hadoop-hdds/config/target/classes:/home/user/.m2/repository/javax/annotation/javax.annotation-api/1.2/javax.annotation-api-1.2.jar:/home/user/.m2/repository/org/apache/ratis/ratis-server/0.4.0-2337318-SNAPSHOT/ratis-server-0.4.0-2337318-SNAPSHOT.jar:/home/user/.m2/repository/org/apache/ratis/ratis-thirdparty-misc/0.2.0/ratis-thirdparty-misc-0.2.0.jar:/home/user/.m2/repository/org/apache/ratis/ratis-proto/0.4.0-2337318-SNAPSHOT/ratis-proto-0.4.0-2337318-SNAPSHOT.jar:/home/user/.m2/repository/org/apache/ratis/ratis-common/0.4.0-2337318-SNAPSHOT/ratis-common-0.4.0-2337318-SNAPSHOT.jar:/home/user/.m2/repository/org/apache/ratis/ratis-client/0.4.0-2337318-SNAPSHOT/ratis-client-0.4.0-2337318-SNAPSHOT.jar:/home/user/.m2/repository/org/apache/ratis/ratis-metrics/0.4.0-2337318-SNAPSHOT/ratis-metrics-0.4.0-2337318-SNAPSHOT.jar:/home/user/.m2/repository/org/apache/ratis/ratis-netty/0.4.0-2337318-SNAPSHOT/ratis-netty-0.4.0-2337318-SNAPSHOT.jar:/home/user/.m2/repository/org/apache/ratis/ratis-grpc/0.4.0-2337318-SNAPSHOT/ratis-grpc-0.4.0-2337318-SNAPSHOT.jar:/home/user/.m2/repository/org/rocksdb/rocksdbjni/6.0.1/rocksdbjni-6.0.1.jar:/home/user/.m2/repository/org/apache/logging/log4j/log4j-api/2.11.0/log4j-api-2.11.0.jar:/home/user/.m2/repository/org/apache/logging/log4j/log4j-core/2.11.0/log4j-core-2.11.0.jar:/home/user/.m2/repository/com/lmax/disruptor/3.4.2/disruptor-3.4.2.jar:/home/user/.m2/repository/org/apache/commons/commons-pool2/2.6.0/commons-pool2-2.6.0.jar:/home/user/.m2/repository/org/bouncycastle/bcpkix-jdk15on/1.60/bcpkix-jdk15on-1.60.jar:/home/user/.m2/repository/commons-validator/commons-validator/1.6/commons-validator-1.6.jar:/home/user/.m2/repository/commons-digester/commons-digester/1.8.1/commons-digester-1.8.1.jar:/home/user/.m2/repository/io/jaegertracing/jaeger-client/0.33.1/jaeger-client-0.33.1.jar:/home/user/.m2/repository/io/jaegertracing/jaeger-thrift/0.33.1/jaeger-thrift-0.33.1.jar:/home/user/.m2/repository/org/apache/thrift/libthrift/0.11.0/libthrift-0.11.0.jar:/home/user/.m2/repository/com/squareup/okhttp3/okhttp/3.9.0/okhttp-3.9.0.jar:/home/user/.m2/repository/com/squareup/okio/okio/1.13.0/okio-1.13.0.jar:/home/user/.m2/repository/io/jaegertracing/jaeger-core/0.33.1/jaeger-core-0.33.1.jar:/home/user/.m2/repository/io/jaegertracing/jaeger-tracerresolver/0.33.1/jaeger-tracerresolver-0.33.1.jar:/home/user/.m2/repository/io/opentracing/contrib/opentracing-tracerresolver/0.1.5/opentracing-tracerresolver-0.1.5.jar:/home/user/.m2/repository/io/opentracing/opentracing-util/0.31.0/opentracing-util-0.31.0.jar:/home/user/.m2/repository/io/opentracing/opentracing-api/0.31.0/opentracing-api-0.31.0.jar:/home/user/.m2/repository/io/opentracing/opentracing-noop/0.31.0/opentracing-noop-0.31.0.jar:/home/user/.m2/repository/org/yaml/snakeyaml/1.16/snakeyaml-1.16.jar:/tmp/workdir/hadoop-hdds/container-service/target/classes:/tmp/workdir/hadoop-hdds/client/target/classes:/tmp/workdir/hadoop-hdds/tools/target/classes:/home/user/.m2/repository/org/xerial/sqlite-jdbc/3.25.2/sqlite-jdbc-3.25.2.jar:/tmp/workdir/hadoop-hdds/server-scm/target/classes:/home/user/.m2/repository/org/hamcrest/hamcrest-all/1.3/hamcrest-all-1.3.jar:/home/user/.m2/repository/info/picocli/picocli/3.9.6/picocli-3.9.6.jar:/home/user/.m2/repository/com/google/protobuf/protobuf-java/2.5.0/protobuf-java-2.5.0.jar:/home/user/.m2/repository/com/google/guava/guava/11.0.2/guava-11.0.2.jar:/tmp/workdir/hadoop-ozone/client/target/classes:/home/user/.m2/repository/org/apache/hadoop/hadoop-ozone-filesystem/0.5.0-SNAPSHOT/hadoop-ozone-filesystem-0.5.0-SNAPSHOT.jar:/tmp/workdir/hadoop-hdds/framework/target/classes:/home/user/.m2/repository/org/apache/hadoop/hadoop-common/3.2.0/hadoop-common-3.2.0.jar:/home/user/.m2/repository/org/apache/hadoop/hadoop-annotations/3.2.0/hadoop-annotations-3.2.0.jar:/usr/lib/jvm/java-1.8-openjdk/jre/../lib/tools.jar:/home/user/.m2/repository/commons-cli/commons-cli/1.2/commons-cli-1.2.jar:/home/user/.m2/repository/org/apache/commons/commons-math3/3.1.1/commons-math3-3.1.1.jar:/home/user/.m2/repository/org/apache/httpcomponents/httpclient/4.5.2/httpclient-4.5.2.jar:/home/user/.m2/repository/org/apache/httpcomponents/httpcore/4.4.4/httpcore-4.4.4.jar:/home/user/.m2/repository/commons-codec/commons-codec/1.11/commons-codec-1.11.jar:/home/user/.m2/repository/commons-io/commons-io/2.5/commons-io-2.5.jar:/home/user/.m2/repository/commons-net/commons-net/3.6/commons-net-3.6.jar:/home/user/.m2/repository/commons-collections/commons-collections/3.2.2/commons-collections-3.2.2.jar:/home/user/.m2/repository/javax/servlet/javax.servlet-api/3.1.0/javax.servlet-api-3.1.0.jar:/home/user/.m2/repository/org/eclipse/jetty/jetty-server/9.3.24.v20180605/jetty-server-9.3.24.v20180605.jar:/home/user/.m2/repository/org/eclipse/jetty/jetty-http/9.3.24.v20180605/jetty-http-9.3.24.v20180605.jar:/home/user/.m2/repository/org/eclipse/jetty/jetty-io/9.3.24.v20180605/jetty-io-9.3.24.v20180605.jar:/home/user/.m2/repository/org/eclipse/jetty/jetty-util/9.3.24.v20180605/jetty-util-9.3.24.v20180605.jar:/home/user/.m2/repository/org/eclipse/jetty/jetty-servlet/9.3.24.v20180605/jetty-servlet-9.3.24.v20180605.jar:/home/user/.m2/repository/org/eclipse/jetty/jetty-security/9.3.24.v20180605/jetty-security-9.3.24.v20180605.jar:/home/user/.m2/repository/org/eclipse/jetty/jetty-webapp/9.3.24.v20180605/jetty-webapp-9.3.24.v20180605.jar:/home/user/.m2/repository/org/eclipse/jetty/jetty-xml/9.3.24.v20180605/jetty-xml-9.3.24.v20180605.jar:/home/user/.m2/repository/javax/servlet/jsp/jsp-api/2.1/jsp-api-2.1.jar:/home/user/.m2/repository/com/sun/jersey/jersey-core/1.19/jersey-core-1.19.jar:/home/user/.m2/repository/javax/ws/rs/jsr311-api/1.1.1/jsr311-api-1.1.1.jar:/home/user/.m2/repository/com/sun/jersey/jersey-servlet/1.19/jersey-servlet-1.19.jar:/home/user/.m2/repository/com/sun/jersey/jersey-json/1.19/jersey-json-1.19.jar:/home/user/.m2/repository/org/codehaus/jettison/jettison/1.1/jettison-1.1.jar:/home/user/.m2/repository/com/sun/xml/bind/jaxb-impl/2.3.0.1/jaxb-impl-2.3.0.1.jar:/home/user/.m2/repository/org/codehaus/jackson/jackson-core-asl/1.9.13/jackson-core-asl-1.9.13.jar:/home/user/.m2/repository/org/codehaus/jackson/jackson-mapper-asl/1.9.13/jackson-mapper-asl-1.9.13.jar:/home/user/.m2/repository/org/codehaus/jackson/jackson-jaxrs/1.9.13/jackson-jaxrs-1.9.13.jar:/home/user/.m2/repository/org/codehaus/jackson/jackson-xc/1.9.13/jackson-xc-1.9.13.jar:/home/user/.m2/repository/com/sun/jersey/jersey-server/1.19/jersey-server-1.19.jar:/home/user/.m2/repository/commons-logging/commons-logging/1.1.3/commons-logging-1.1.3.jar:/home/user/.m2/repository/log4j/log4j/1.2.17/log4j-1.2.17.jar:/home/user/.m2/repository/commons-beanutils/commons-beanutils/1.9.3/commons-beanutils-1.9.3.jar:/home/user/.m2/repository/org/apache/commons/commons-configuration2/2.1.1/commons-configuration2-2.1.1.jar:/home/user/.m2/repository/org/apache/commons/commons-lang3/3.7/commons-lang3-3.7.jar:/home/user/.m2/repository/org/apache/commons/commons-text/1.4/commons-text-1.4.jar:/home/user/.m2/repository/org/slf4j/slf4j-api/1.7.25/slf4j-api-1.7.25.jar:/home/user/.m2/repository/org/slf4j/slf4j-log4j12/1.7.25/slf4j-log4j12-1.7.25.jar:/home/user/.m2/repository/org/apache/avro/avro/1.7.7/avro-1.7.7.jar:/home/user/.m2/repository/com/thoughtworks/paranamer/paranamer/2.3/paranamer-2.3.jar:/home/user/.m2/repository/org/xerial/snappy/snappy-java/1.0.5/snappy-java-1.0.5.jar:/home/user/.m2/repository/com/google/re2j/re2j/1.1/re2j-1.1.jar:/home/user/.m2/repository/com/google/code/gson/gson/2.2.4/gson-2.2.4.jar:/home/user/.m2/repository/org/apache/hadoop/hadoop-auth/3.2.0/hadoop-auth-3.2.0.jar:/home/user/.m2/repository/com/nimbusds/nimbus-jose-jwt/4.41.1/nimbus-jose-jwt-4.41.1.jar:/home/user/.m2/repository/com/github/stephenc/jcip/jcip-annotations/1.0-1/jcip-annotations-1.0-1.jar:/home/user/.m2/repository/net/minidev/json-smart/2.3/json-smart-2.3.jar:/home/user/.m2/repository/net/minidev/accessors-smart/1.2/accessors-smart-1.2.jar:/home/user/.m2/repository/org/apache/curator/curator-framework/2.12.0/curator-framework-2.12.0.jar:/home/user/.m2/repository/com/jcraft/jsch/0.1.54/jsch-0.1.54.jar:/home/user/.m2/repository/org/apache/curator/curator-client/2.12.0/curator-client-2.12.0.jar:/home/user/.m2/repository/org/apache/curator/curator-recipes/2.12.0/curator-recipes-2.12.0.jar:/home/user/.m2/repository/com/google/code/findbugs/jsr305/3.0.0/jsr305-3.0.0.jar:/home/user/.m2/repository/org/apache/htrace/htrace-core4/4.1.0-incubating/htrace-core4-4.1.0-incubating.jar:/home/user/.m2/repository/org/apache/zookeeper/zookeeper/3.4.13/zookeeper-3.4.13.jar:/home/user/.m2/repository/org/apache/yetus/audience-annotations/0.5.0/audience-annotations-0.5.0.jar:/home/user/.m2/repository/org/apache/kerby/kerb-simplekdc/1.0.1/kerb-simplekdc-1.0.1.jar:/home/user/.m2/repository/org/apache/kerby/kerb-client/1.0.1/kerb-client-1.0.1.jar:/home/user/.m2/repository/org/apache/kerby/kerby-config/1.0.1/kerby-config-1.0.1.jar:/home/user/.m2/repository/org/apache/kerby/kerb-core/1.0.1/kerb-core-1.0.1.jar:/home/user/.m2/repository/org/apache/kerby/kerby-pkix/1.0.1/kerby-pkix-1.0.1.jar:/home/user/.m2/repository/org/apache/kerby/kerby-asn1/1.0.1/kerby-asn1-1.0.1.jar:/home/user/.m2/repository/org/apache/kerby/kerby-util/1.0.1/kerby-util-1.0.1.jar:/home/user/.m2/repository/org/apache/kerby/kerb-common/1.0.1/kerb-common-1.0.1.jar:/home/user/.m2/repository/org/apache/kerby/kerb-crypto/1.0.1/kerb-crypto-1.0.1.jar:/home/user/.m2/repository/org/apache/kerby/kerb-util/1.0.1/kerb-util-1.0.1.jar:/home/user/.m2/repository/org/apache/kerby/token-provider/1.0.1/token-provider-1.0.1.jar:/home/user/.m2/repository/org/apache/kerby/kerb-admin/1.0.1/kerb-admin-1.0.1.jar:/home/user/.m2/repository/org/apache/kerby/kerb-server/1.0.1/kerb-server-1.0.1.jar:/home/user/.m2/repository/org/apache/kerby/kerb-identity/1.0.1/kerb-identity-1.0.1.jar:/home/user/.m2/repository/org/apache/kerby/kerby-xdr/1.0.1/kerby-xdr-1.0.1.jar:/home/user/.m2/repository/com/fasterxml/jackson/core/jackson-databind/2.9.5/jackson-databind-2.9.5.jar:/home/user/.m2/repository/com/fasterxml/jackson/core/jackson-core/2.9.5/jackson-core-2.9.5.jar:/home/user/.m2/repository/org/codehaus/woodstox/stax2-api/3.1.4/stax2-api-3.1.4.jar:/home/user/.m2/repository/com/fasterxml/woodstox/woodstox-core/5.0.3/woodstox-core-5.0.3.jar:/home/user/.m2/repository/dnsjava/dnsjava/2.1.7/dnsjava-2.1.7.jar:/home/user/.m2/repository/org/apache/hadoop/hadoop-hdfs/3.2.0/hadoop-hdfs-3.2.0.jar:/home/user/.m2/repository/org/eclipse/jetty/jetty-util-ajax/9.3.24.v20180605/jetty-util-ajax-9.3.24.v20180605.jar:/home/user/.m2/repository/commons-daemon/commons-daemon/1.0.13/commons-daemon-1.0.13.jar:/home/user/.m2/repository/io/netty/netty/3.10.5.Final/netty-3.10.5.Final.jar:/home/user/.m2/repository/io/netty/netty-all/4.0.52.Final/netty-all-4.0.52.Final.jar:/home/user/.m2/repository/org/fusesource/leveldbjni/leveldbjni-all/1.8/leveldbjni-all-1.8.jar:/home/user/.m2/repository/com/sun/xml/bind/jaxb-core/2.3.0.1/jaxb-core-2.3.0.1.jar:/home/user/.m2/repository/javax/xml/bind/jaxb-api/2.3.0/jaxb-api-2.3.0.jar:/home/user/.m2/repository/javax/activation/activation/1.1.1/activation-1.1.1.jar:/home/user/.m2/repository/io/dropwizard/metrics/metrics-core/3.2.4/metrics-core-3.2.4.jar:/home/user/.m2/repository/org/openjdk/jmh/jmh-core/1.19/jmh-core-1.19.jar:/home/user/.m2/repository/net/sf/jopt-simple/jopt-simple/4.6/jopt-simple-4.6.jar:/home/user/.m2/repository/org/openjdk/jmh/jmh-generator-annprocess/1.19/jmh-generator-annprocess-1.19.jar:/home/user/.m2/repository/com/google/code/findbugs/findbugs/3.0.1/findbugs-3.0.1.jar:/home/user/.m2/repository/net/jcip/jcip-annotations/1.0/jcip-annotations-1.0.jar:/home/user/.m2/repository/com/google/code/findbugs/bcel-findbugs/6.0/bcel-findbugs-6.0.jar:/home/user/.m2/repository/com/google/code/findbugs/jFormatString/2.0.1/jFormatString-2.0.1.jar:/home/user/.m2/repository/dom4j/dom4j/1.6.1/dom4j-1.6.1.jar:/home/user/.m2/repository/xml-apis/xml-apis/1.0.b2/xml-apis-1.0.b2.jar:/home/user/.m2/repository/org/ow2/asm/asm-debug-all/5.0.2/asm-debug-all-5.0.2.jar:/home/user/.m2/repository/org/ow2/asm/asm-commons/5.0.2/asm-commons-5.0.2.jar:/home/user/.m2/repository/org/ow2/asm/asm-tree/5.0.2/asm-tree-5.0.2.jar:/home/user/.m2/repository/org/ow2/asm/asm/5.0.4/asm-5.0.4.jar:/home/user/.m2/repository/commons-lang/commons-lang/2.6/commons-lang-2.6.jar:/home/user/.m2/repository/com/apple/AppleJavaExtensions/1.4/AppleJavaExtensions-1.4.jar:/home/user/.m2/repository/jaxen/jaxen/1.1.6/jaxen-1.1.6.jar:/home/user/.m2/repository/junit/junit/4.11/junit-4.11.jar:/home/user/.m2/repository/org/hamcrest/hamcrest-core/1.3/hamcrest-core-1.3.jar:/home/user/.m2/repository/org/apache/hadoop/hadoop-common/3.2.0/hadoop-common-3.2.0-tests.jar:/home/user/.m2/repository/org/apache/hadoop/hadoop-ozone-integration-test/0.5.0-SNAPSHOT/hadoop-ozone-integration-test-0.5.0-SNAPSHOT-tests.jar:/tmp/workdir/hadoop-ozone/objectstore-service/target/classes:/tmp/workdir/hadoop-ozone/s3gateway/target/classes:/home/user/.m2/repository/org/jboss/weld/servlet/weld-servlet/2.4.7.Final/weld-servlet-2.4.7.Final.jar:/home/user/.m2/repository/org/glassfish/jersey/containers/jersey-container-servlet-core/2.27/jersey-container-servlet-core-2.27.jar:/home/user/.m2/repository/org/glassfish/hk2/external/javax.inject/2.5.0-b42/javax.inject-2.5.0-b42.jar:/home/user/.m2/repository/org/glassfish/jersey/core/jersey-common/2.27/jersey-common-2.27.jar:/home/user/.m2/repository/org/glassfish/hk2/osgi-resource-locator/1.0.1/osgi-resource-locator-1.0.1.jar:/home/user/.m2/repository/javax/ws/rs/javax.ws.rs-api/2.1/javax.ws.rs-api-2.1.jar:/home/user/.m2/repository/org/glassfish/jersey/ext/cdi/jersey-cdi1x/2.27/jersey-cdi1x-2.27.jar:/home/user/.m2/repository/org/glassfish/jersey/inject/jersey-hk2/2.27/jersey-hk2-2.27.jar:/home/user/.m2/repository/org/glassfish/hk2/hk2-locator/2.5.0-b42/hk2-locator-2.5.0-b42.jar:/home/user/.m2/repository/org/javassist/javassist/3.22.0-CR2/javassist-3.22.0-CR2.jar:/home/user/.m2/repository/org/glassfish/hk2/hk2-api/2.5.0/hk2-api-2.5.0.jar:/home/user/.m2/repository/org/glassfish/hk2/external/jakarta.inject/2.5.0/jakarta.inject-2.5.0.jar:/home/user/.m2/repository/org/glassfish/hk2/hk2-utils/2.5.0/hk2-utils-2.5.0.jar:/home/user/.m2/repository/jakarta/annotation/jakarta.annotation-api/1.3.4/jakarta.annotation-api-1.3.4.jar:/home/user/.m2/repository/org/glassfish/hk2/external/aopalliance-repackaged/2.5.0/aopalliance-repackaged-2.5.0.jar:/home/user/.m2/repository/com/fasterxml/jackson/dataformat/jackson-dataformat-xml/2.9.0/jackson-dataformat-xml-2.9.0.jar:/home/user/.m2/repository/com/fasterxml/jackson/module/jackson-module-jaxb-annotations/2.9.5/jackson-module-jaxb-annotations-2.9.5.jar:/home/user/.m2/repository/javax/enterprise/cdi-api/1.2/cdi-api-1.2.jar:/home/user/.m2/repository/javax/el/javax.el-api/3.0.0/javax.el-api-3.0.0.jar:/home/user/.m2/repository/javax/interceptor/javax.interceptor-api/1.2/javax.interceptor-api-1.2.jar:/home/user/.m2/repository/javax/inject/javax.inject/1/javax.inject-1.jar:/tmp/workdir/hadoop-ozone/csi/target/classes:/home/user/.m2/repository/com/google/protobuf/protobuf-java-util/3.5.1/protobuf-java-util-3.5.1.jar:/home/user/.m2/repository/io/grpc/grpc-netty/1.17.1/grpc-netty-1.17.1.jar:/home/user/.m2/repository/io/grpc/grpc-core/1.17.1/grpc-core-1.17.1.jar:/home/user/.m2/repository/io/grpc/grpc-context/1.17.1/grpc-context-1.17.1.jar:/home/user/.m2/repository/com/google/errorprone/error_prone_annotations/2.2.0/error_prone_annotations-2.2.0.jar:/home/user/.m2/repository/org/codehaus/mojo/animal-sniffer-annotations/1.17/animal-sniffer-annotations-1.17.jar:/home/user/.m2/repository/io/opencensus/opencensus-api/0.17.0/opencensus-api-0.17.0.jar:/home/user/.m2/repository/io/opencensus/opencensus-contrib-grpc-metrics/0.17.0/opencensus-contrib-grpc-metrics-0.17.0.jar:/home/user/.m2/repository/io/netty/netty-codec-http2/4.1.30.Final/netty-codec-http2-4.1.30.Final.jar:/home/user/.m2/repository/io/netty/netty-codec-http/4.1.30.Final/netty-codec-http-4.1.30.Final.jar:/home/user/.m2/repository/io/netty/netty-codec/4.1.30.Final/netty-codec-4.1.30.Final.jar:/home/user/.m2/repository/io/netty/netty-handler/4.1.30.Final/netty-handler-4.1.30.Final.jar:/home/user/.m2/repository/io/netty/netty-handler-proxy/4.1.30.Final/netty-handler-proxy-4.1.30.Final.jar:/home/user/.m2/repository/io/netty/netty-codec-socks/4.1.30.Final/netty-codec-socks-4.1.30.Final.jar:/home/user/.m2/repository/io/netty/netty-transport-native-epoll/4.1.30.Final/netty-transport-native-epoll-4.1.30.Final.jar:/home/user/.m2/repository/io/netty/netty-common/4.1.30.Final/netty-common-4.1.30.Final.jar:/home/user/.m2/repository/io/netty/netty-buffer/4.1.30.Final/netty-buffer-4.1.30.Final.jar:/home/user/.m2/repository/io/netty/netty-transport/4.1.30.Final/netty-transport-4.1.30.Final.jar:/home/user/.m2/repository/io/netty/netty-resolver/4.1.30.Final/netty-resolver-4.1.30.Final.jar:/home/user/.m2/repository/io/netty/netty-transport-native-unix-common/4.1.30.Final/netty-transport-native-unix-common-4.1.30.Final.jar:/home/user/.m2/repository/io/grpc/grpc-protobuf/1.17.1/grpc-protobuf-1.17.1.jar:/home/user/.m2/repository/com/google/api/grpc/proto-google-common-protos/1.0.0/proto-google-common-protos-1.0.0.jar:/home/user/.m2/repository/io/grpc/grpc-protobuf-lite/1.17.1/grpc-protobuf-lite-1.17.1.jar:/home/user/.m2/repository/io/grpc/grpc-stub/1.17.1/grpc-stub-1.17.1.jar:/tmp/workdir/hadoop-ozone/ozone-recon/target/classes:/tmp/workdir/hadoop-ozone/ozone-recon-codegen/target/classes:/home/user/.m2/repository/com/google/inject/extensions/guice-multibindings/4.0/guice-multibindings-4.0.jar:/home/user/.m2/repository/com/google/inject/guice/4.0/guice-4.0.jar:/home/user/.m2/repository/aopalliance/aopalliance/1.0/aopalliance-1.0.jar:/home/user/.m2/repository/com/google/inject/extensions/guice-servlet/4.0/guice-servlet-4.0.jar:/home/user/.m2/repository/org/glassfish/jersey/containers/jersey-container-servlet/2.27/jersey-container-servlet-2.27.jar:/home/user/.m2/repository/org/glassfish/hk2/guice-bridge/2.5.0/guice-bridge-2.5.0.jar:/home/user/.m2/repository/org/glassfish/jersey/core/jersey-server/2.27/jersey-server-2.27.jar:/home/user/.m2/repository/org/glassfish/jersey/core/jersey-client/2.27/jersey-client-2.27.jar:/home/user/.m2/repository/org/glassfish/jersey/media/jersey-media-jaxb/2.27/jersey-media-jaxb-2.27.jar:/home/user/.m2/repository/javax/validation/validation-api/1.1.0.Final/validation-api-1.1.0.Final.jar:/home/user/.m2/repository/org/glassfish/jersey/media/jersey-media-json-jackson/2.27/jersey-media-json-jackson-2.27.jar:/home/user/.m2/repository/org/glassfish/jersey/ext/jersey-entity-filtering/2.27/jersey-entity-filtering-2.27.jar:/home/user/.m2/repository/com/google/inject/extensions/guice-assistedinject/4.0/guice-assistedinject-4.0.jar:/home/user/.m2/repository/org/jooq/jooq/3.11.10/jooq-3.11.10.jar:/home/user/.m2/repository/org/jooq/jooq-meta/3.11.10/jooq-meta-3.11.10.jar:/home/user/.m2/repository/org/jooq/jooq-codegen/3.11.10/jooq-codegen-3.11.10.jar:/home/user/.m2/repository/com/jolbox/bonecp/0.8.0.RELEASE/bonecp-0.8.0.RELEASE.jar:/home/user/.m2/repository/org/springframework/spring-jdbc/5.1.3.RELEASE/spring-jdbc-5.1.3.RELEASE.jar:/home/user/.m2/repository/org/springframework/spring-beans/5.1.3.RELEASE/spring-beans-5.1.3.RELEASE.jar:/home/user/.m2/repository/org/springframework/spring-core/5.1.3.RELEASE/spring-core-5.1.3.RELEASE.jar:/home/user/.m2/repository/org/springframework/spring-jcl/5.1.3.RELEASE/spring-jcl-5.1.3.RELEASE.jar:/home/user/.m2/repository/org/springframework/spring-tx/5.1.3.RELEASE/spring-tx-5.1.3.RELEASE.jar:/home/user/.m2/repository/org/mockito/mockito-core/2.15.0/mockito-core-2.15.0.jar:/home/user/.m2/repository/net/bytebuddy/byte-buddy/1.7.9/byte-buddy-1.7.9.jar:/home/user/.m2/repository/net/bytebuddy/byte-buddy-agent/1.7.9/byte-buddy-agent-1.7.9.jar:/home/user/.m2/repository/org/objenesis/objenesis/1.0/objenesis-1.0.jar:"/>
    <property name="sun.cpu.endian" value="little"/>
    <property name="user.home" value="/home/user"/>
    <property name="user.language" value="en"/>
    <property name="java.specification.vendor" value="Oracle Corporation"/>
    <property name="java.home" value="/usr/lib/jvm/java-1.8-openjdk/jre"/>
    <property name="java.security.krb5.conf" value="/tmp/workdir/hadoop-ozone/tools/target/test-classes/krb5.conf"/>
    <property name="basedir" value="/tmp/workdir/hadoop-ozone/tools"/>
    <property name="file.separator" value="/"/>
    <property name="line.separator" value="&#10;"/>
    <property name="java.vm.specification.vendor" value="Oracle Corporation"/>
    <property name="java.specification.name" value="Java Platform API Specification"/>
    <property name="java.awt.graphicsenv" value="sun.awt.X11GraphicsEnvironment"/>
    <property name="surefire.real.class.path" value="/tmp/workdir/hadoop-ozone/tools/target/surefire/surefirebooter4289640044491033119.jar"/>
    <property name="hadoop.log.dir" value="/tmp/workdir/hadoop-ozone/tools/target/log"/>
    <property name="sun.boot.class.path" value="/usr/lib/jvm/java-1.8-openjdk/jre/lib/resources.jar:/usr/lib/jvm/java-1.8-openjdk/jre/lib/rt.jar:/usr/lib/jvm/java-1.8-openjdk/jre/lib/sunrsasign.jar:/usr/lib/jvm/java-1.8-openjdk/jre/lib/jsse.jar:/usr/lib/jvm/java-1.8-openjdk/jre/lib/jce.jar:/usr/lib/jvm/java-1.8-openjdk/jre/lib/charsets.jar:/usr/lib/jvm/java-1.8-openjdk/jre/lib/jfr.jar:/usr/lib/jvm/java-1.8-openjdk/jre/classes"/>
    <property name="sun.management.compiler" value="HotSpot 64-Bit Tiered Compilers"/>
    <property name="java.runtime.version" value="1.8.0_212-b04"/>
    <property name="java.net.preferIPv4Stack" value="true"/>
    <property name="user.name" value="jenkins1000"/>
    <property name="path.separator" value=":"/>
    <property name="java.security.egd" value="file:///dev/urandom"/>
    <property name="os.version" value="3.10.0-957.12.2.el7.x86_64"/>
    <property name="java.endorsed.dirs" value="/usr/lib/jvm/java-1.8-openjdk/jre/lib/endorsed"/>
    <property name="java.runtime.name" value="OpenJDK Runtime Environment"/>
    <property name="file.encoding" value="UTF-8"/>
    <property name="java.vm.name" value="OpenJDK 64-Bit Server VM"/>
    <property name="test.build.webapps" value=""/>
    <property name="localRepository" value="/home/user/.m2/repository"/>
    <property name="java.vendor.url.bug" value="https://icedtea.classpath.org/bugzilla"/>
    <property name="java.io.tmpdir" value="/tmp"/>
    <property name="require.test.libhadoop" value=""/>
    <property name="java.version" value="1.8.0_212"/>
    <property name="user.dir" value="/tmp/workdir/hadoop-ozone/tools"/>
    <property name="os.arch" value="amd64"/>
    <property name="java.vm.specification.name" value="Java Virtual Machine Specification"/>
    <property name="test.build.classes" value="/tmp/workdir/hadoop-ozone/tools/target/test-classes"/>
    <property name="java.awt.printerjob" value="sun.print.PSPrinterJob"/>
    <property name="sun.os.patch.level" value="unknown"/>
    <property name="hadoop.tmp.dir" value="/tmp/workdir/hadoop-ozone/tools/target/tmp"/>
    <property name="java.library.path" value="/usr/lib/jvm/java-1.8-openjdk/jre/lib/amd64/server:/usr/lib/jvm/java-1.8-openjdk/jre/lib/amd64:/usr/lib/jvm/java-1.8-openjdk/jre/../lib/amd64:/tmp/workdir/hadoop-ozone/tools/target/native/target/usr/local/lib:/tmp/workdir/hadoop-ozone/tools/../../hadoop-common-project/hadoop-common/target/native/target/usr/local/lib:/usr/java/packages/lib/amd64:/usr/lib64:/lib64:/lib:/usr/lib"/>
    <property name="java.vm.info" value="mixed mode"/>
    <property name="java.vendor" value="IcedTea"/>
    <property name="java.vm.version" value="25.212-b04"/>
    <property name="java.ext.dirs" value="/usr/lib/jvm/java-1.8-openjdk/jre/lib/ext:/usr/java/packages/lib/ext"/>
    <property name="sun.io.unicode.encoding" value="UnicodeLittle"/>
    <property name="java.class.version" value="52.0"/>
  </properties>
  <testcase name="testRestart" classname="org.apache.hadoop.ozone.freon.TestFreonWithPipelineDestroy" time="19.569">
    <error message="Unexpected Storage Container Exception: org.apache.hadoop.hdds.scm.container.common.helpers.StorageContainerException: ContainerID 5 does not exist" type="java.io.IOException">java.io.IOException: Unexpected Storage Container Exception: org.apache.hadoop.hdds.scm.container.common.helpers.StorageContainerException: ContainerID 5 does not exist
	at org.apache.hadoop.hdds.scm.storage.BlockOutputStream.setIoException(BlockOutputStream.java:548)
	at org.apache.hadoop.hdds.scm.storage.BlockOutputStream.validateResponse(BlockOutputStream.java:539)
	at org.apache.hadoop.hdds.scm.storage.BlockOutputStream.lambda$writeChunkToContainer$2(BlockOutputStream.java:614)
	at java.util.concurrent.CompletableFuture.uniApply(CompletableFuture.java:602)
	at java.util.concurrent.CompletableFuture$UniApply.tryFire(CompletableFuture.java:577)
	at java.util.concurrent.CompletableFuture$Completion.run(CompletableFuture.java:442)
	at java.util.concurrent.ThreadPoolExecutor.runWorker(ThreadPoolExecutor.java:1149)
	at java.util.concurrent.ThreadPoolExecutor$Worker.run(ThreadPoolExecutor.java:624)
	at java.lang.Thread.run(Thread.java:748)
Caused by: org.apache.hadoop.hdds.scm.container.common.helpers.StorageContainerException: ContainerID 5 does not exist
	at org.apache.hadoop.hdds.scm.storage.ContainerProtocolCalls.validateContainerResponse(ContainerProtocolCalls.java:536)
	at org.apache.hadoop.hdds.scm.storage.BlockOutputStream.validateResponse(BlockOutputStream.java:536)
	... 7 more
</error>
    <system-out><![CDATA[2019-07-10 05:30:32,170 WARN  server.ServerUtils (ServerUtils.java:getScmDbDir(145)) - ozone.scm.db.dirs is not configured. We recommend adding this setting. Falling back to ozone.metadata.dirs instead.
2019-07-10 05:30:32,254 WARN  server.ServerUtils (ServerUtils.java:getScmDbDir(145)) - ozone.scm.db.dirs is not configured. We recommend adding this setting. Falling back to ozone.metadata.dirs instead.
2019-07-10 05:30:32,256 WARN  server.ServerUtils (ServerUtils.java:getScmDbDir(145)) - ozone.scm.db.dirs is not configured. We recommend adding this setting. Falling back to ozone.metadata.dirs instead.
2019-07-10 05:30:32,270 INFO  util.log (Log.java:initialized(192)) - Logging initialized @845ms
2019-07-10 05:30:32,348 INFO  db.DBStoreBuilder (DBStoreBuilder.java:addTable(110)) - using custom profile for table: deletedBlocks
2019-07-10 05:30:32,349 INFO  db.DBStoreBuilder (DBStoreBuilder.java:processTables(161)) - Using default column profile:DBProfile.DISK for Table:deletedBlocks
2019-07-10 05:30:32,349 INFO  db.DBStoreBuilder (DBStoreBuilder.java:addTable(110)) - using custom profile for table: validCerts
2019-07-10 05:30:32,349 INFO  db.DBStoreBuilder (DBStoreBuilder.java:processTables(161)) - Using default column profile:DBProfile.DISK for Table:validCerts
2019-07-10 05:30:32,350 INFO  db.DBStoreBuilder (DBStoreBuilder.java:addTable(110)) - using custom profile for table: revokedCerts
2019-07-10 05:30:32,350 INFO  db.DBStoreBuilder (DBStoreBuilder.java:processTables(161)) - Using default column profile:DBProfile.DISK for Table:revokedCerts
2019-07-10 05:30:32,359 INFO  db.DBStoreBuilder (DBStoreBuilder.java:addTable(110)) - using custom profile for table: default
2019-07-10 05:30:32,360 INFO  db.DBStoreBuilder (DBStoreBuilder.java:processTables(167)) - Using default column profile:DBProfile.DISK for Table:default
2019-07-10 05:30:32,360 INFO  db.DBStoreBuilder (DBStoreBuilder.java:getDbProfile(198)) - Using default options. DBProfile.DISK
2019-07-10 05:30:32,587 INFO  net.NodeSchemaLoader (NodeSchemaLoader.java:loadSchemaFromFile(125)) - Loading file from sun.misc.CompoundEnumeration@12b0404f
2019-07-10 05:30:32,589 INFO  net.NodeSchemaLoader (NodeSchemaLoader.java:loadSchema(171)) - Loading network topology layer schema file
2019-07-10 05:30:32,760 INFO  node.SCMNodeManager (SCMNodeManager.java:<init>(119)) - Entering startup safe mode.
2019-07-10 05:30:32,851 WARN  server.ServerUtils (ServerUtils.java:getScmDbDir(145)) - ozone.scm.db.dirs is not configured. We recommend adding this setting. Falling back to ozone.metadata.dirs instead.
2019-07-10 05:30:32,922 INFO  pipeline.SCMPipelineManager (SCMPipelineManager.java:initializePipelineState(126)) - No pipeline exists in current db
2019-07-10 05:30:32,924 WARN  server.ServerUtils (ServerUtils.java:getScmDbDir(145)) - ozone.scm.db.dirs is not configured. We recommend adding this setting. Falling back to ozone.metadata.dirs instead.
2019-07-10 05:30:33,070 WARN  events.EventQueue (EventQueue.java:fireEvent(175)) - No event handler registered for event TypedEvent{payloadType=SafeModeStatus, name='SafeModeStatus'}
2019-07-10 05:30:33,422 INFO  ipc.CallQueueManager (CallQueueManager.java:<init>(84)) - Using callQueue: class java.util.concurrent.LinkedBlockingQueue, queueCapacity: 2000, scheduler: class org.apache.hadoop.ipc.DefaultRpcScheduler, ipcBackoff: false.
2019-07-10 05:30:33,450 INFO  ipc.Server (Server.java:run(1074)) - Starting Socket Reader #1 for port 43585
2019-07-10 05:30:33,473 INFO  ipc.CallQueueManager (CallQueueManager.java:<init>(84)) - Using callQueue: class java.util.concurrent.LinkedBlockingQueue, queueCapacity: 2000, scheduler: class org.apache.hadoop.ipc.DefaultRpcScheduler, ipcBackoff: false.
2019-07-10 05:30:33,474 INFO  ipc.Server (Server.java:run(1074)) - Starting Socket Reader #1 for port 39226
2019-07-10 05:30:33,481 INFO  ipc.CallQueueManager (CallQueueManager.java:<init>(84)) - Using callQueue: class java.util.concurrent.LinkedBlockingQueue, queueCapacity: 2000, scheduler: class org.apache.hadoop.ipc.DefaultRpcScheduler, ipcBackoff: false.
2019-07-10 05:30:33,482 INFO  ipc.Server (Server.java:run(1074)) - Starting Socket Reader #1 for port 46297
2019-07-10 05:30:33,503 INFO  hdfs.DFSUtil (DFSUtil.java:httpServerTemplateForNNAndJN(1641)) - Starting Web-server for scm at: http://0.0.0.0:0
2019-07-10 05:30:33,778 INFO  server.AuthenticationFilter (AuthenticationFilter.java:constructSecretProvider(240)) - Unable to initialize FileSignerSecretProvider, falling back to use random secrets.
2019-07-10 05:30:33,795 WARN  http.HttpRequestLog (HttpRequestLog.java:getRequestLog(97)) - Jetty request log can only be enabled using Log4j
2019-07-10 05:30:33,803 INFO  http.HttpServer2 (HttpServer2.java:addGlobalFilter(975)) - Added global filter 'safety' (class=org.apache.hadoop.http.HttpServer2$QuotingInputFilter)
2019-07-10 05:30:33,806 INFO  http.HttpServer2 (HttpServer2.java:addFilter(948)) - Added filter static_user_filter (class=org.apache.hadoop.http.lib.StaticUserWebFilter$StaticUserFilter) to context scm
2019-07-10 05:30:33,806 INFO  http.HttpServer2 (HttpServer2.java:addFilter(958)) - Added filter static_user_filter (class=org.apache.hadoop.http.lib.StaticUserWebFilter$StaticUserFilter) to context logs
2019-07-10 05:30:33,806 INFO  http.HttpServer2 (HttpServer2.java:addFilter(958)) - Added filter static_user_filter (class=org.apache.hadoop.http.lib.StaticUserWebFilter$StaticUserFilter) to context static
2019-07-10 05:30:33,832 INFO  server.StorageContainerManager (StorageContainerManager.java:start(753)) - StorageContainerLocationProtocol RPC server is listening at /0.0.0.0:46297
2019-07-10 05:30:33,887 WARN  impl.MetricsConfig (MetricsConfig.java:loadFirst(134)) - Cannot locate configuration: tried hadoop-metrics2-storagecontainermanager.properties,hadoop-metrics2.properties
2019-07-10 05:30:33,900 INFO  impl.MetricsSystemImpl (MetricsSystemImpl.java:startTimer(374)) - Scheduled Metric snapshot period at 10 second(s).
2019-07-10 05:30:33,901 INFO  impl.MetricsSystemImpl (MetricsSystemImpl.java:start(191)) - StorageContainerManager metrics system started
2019-07-10 05:30:34,121 INFO  server.SCMClientProtocolServer (SCMClientProtocolServer.java:start(149)) - RPC server for Client  is listening at /0.0.0.0:46297
2019-07-10 05:30:34,122 INFO  ipc.Server (Server.java:run(1314)) - IPC Server Responder: starting
2019-07-10 05:30:34,123 INFO  ipc.Server (Server.java:run(1153)) - IPC Server listener on 46297: starting
2019-07-10 05:30:34,127 INFO  server.StorageContainerManager (StorageContainerManager.java:start(762)) - ScmBlockLocationProtocol RPC server is listening at /0.0.0.0:39226
2019-07-10 05:30:34,127 INFO  server.SCMBlockProtocolServer (SCMBlockProtocolServer.java:start(137)) - RPC server for Block Protocol is listening at /0.0.0.0:39226
2019-07-10 05:30:34,129 INFO  ipc.Server (Server.java:run(1314)) - IPC Server Responder: starting
2019-07-10 05:30:34,129 INFO  ipc.Server (Server.java:run(1153)) - IPC Server listener on 39226: starting
2019-07-10 05:30:34,139 INFO  server.StorageContainerManager (StorageContainerManager.java:start(766)) - ScmDatanodeProtocl RPC server is listening at /0.0.0.0:43585
2019-07-10 05:30:34,140 INFO  server.SCMDatanodeProtocolServer (SCMDatanodeProtocolServer.java:start(191)) - RPC server for DataNodes is listening at /0.0.0.0:43585
2019-07-10 05:30:34,141 INFO  ipc.Server (Server.java:run(1314)) - IPC Server Responder: starting
2019-07-10 05:30:34,142 INFO  ipc.Server (Server.java:run(1153)) - IPC Server listener on 43585: starting
2019-07-10 05:30:34,160 INFO  http.HttpServer2 (HttpServer2.java:bindListener(1191)) - Jetty bound to port 44513
2019-07-10 05:30:34,163 INFO  server.Server (Server.java:doStart(351)) - jetty-9.3.24.v20180605, build timestamp: 2018-06-05T17:11:56Z, git hash: 84205aa28f11a4f31f2a3b86d1bba2cc8ab69827
2019-07-10 05:30:34,215 INFO  handler.ContextHandler (ContextHandler.java:doStart(781)) - Started o.e.j.s.ServletContextHandler@413f69cc{/logs,file:///tmp/workdir/hadoop-ozone/tools/target/log,AVAILABLE}
2019-07-10 05:30:34,216 INFO  handler.ContextHandler (ContextHandler.java:doStart(781)) - Started o.e.j.s.ServletContextHandler@1b75c2e3{/static,file:///tmp/workdir/hadoop-hdds/server-scm/target/classes/webapps/static/,AVAILABLE}
2019-07-10 05:30:34,253 INFO  handler.ContextHandler (ContextHandler.java:doStart(781)) - Started o.e.j.w.WebAppContext@3918c187{/,file:///tmp/workdir/hadoop-hdds/server-scm/target/classes/webapps/scm/,AVAILABLE}{/scm}
2019-07-10 05:30:34,259 INFO  server.AbstractConnector (AbstractConnector.java:doStart(278)) - Started ServerConnector@11eadcba{HTTP/1.1,[http/1.1]}{0.0.0.0:44513}
2019-07-10 05:30:34,259 INFO  server.Server (Server.java:doStart(419)) - Started @2834ms
2019-07-10 05:30:34,260 INFO  server.BaseHttpServer (BaseHttpServer.java:updateConnectorAddress(207)) - HTTP server of SCM is listening at http://0.0.0.0:44513
2019-07-10 05:30:34,269 INFO  util.JvmPauseMonitor (JvmPauseMonitor.java:run(188)) - Starting JVM pause monitor
2019-07-10 05:30:34,271 WARN  server.ServerUtils (ServerUtils.java:getDBPath(222)) - ozone.om.db.dirs is not configured. We recommend adding this setting. Falling back to ozone.metadata.dirs instead.
2019-07-10 05:30:34,372 WARN  server.ServerUtils (ServerUtils.java:getDBPath(222)) - ozone.om.db.dirs is not configured. We recommend adding this setting. Falling back to ozone.metadata.dirs instead.
2019-07-10 05:30:34,373 INFO  om.OzoneManager (OzoneManager.java:setOMNodeDetails(621)) - OM Service ID is not set. Setting it to the default ID: omServiceIdDefault
2019-07-10 05:30:34,373 INFO  om.OzoneManager (OzoneManager.java:setOMNodeDetails(627)) - OM Node ID is not set. Setting it to the OmStorage's OmID: 062ef107-96f8-4e8b-935b-2fc008d40015
2019-07-10 05:30:34,374 INFO  om.OzoneManager (OzoneManager.java:loadOMHAConfigs(578)) - Found matching OM address with OMServiceId: null, OMNodeId: null, RPC Address: localhost:0 and Ratis port: 9872
2019-07-10 05:30:34,647 WARN  server.ServerUtils (ServerUtils.java:getDBPath(222)) - ozone.om.db.dirs is not configured. We recommend adding this setting. Falling back to ozone.metadata.dirs instead.
2019-07-10 05:30:34,658 INFO  db.DBStoreBuilder (DBStoreBuilder.java:addTable(110)) - using custom profile for table: userTable
2019-07-10 05:30:34,658 INFO  db.DBStoreBuilder (DBStoreBuilder.java:processTables(161)) - Using default column profile:DBProfile.DISK for Table:userTable
2019-07-10 05:30:34,659 INFO  db.DBStoreBuilder (DBStoreBuilder.java:addTable(110)) - using custom profile for table: volumeTable
2019-07-10 05:30:34,659 INFO  db.DBStoreBuilder (DBStoreBuilder.java:processTables(161)) - Using default column profile:DBProfile.DISK for Table:volumeTable
2019-07-10 05:30:34,660 INFO  db.DBStoreBuilder (DBStoreBuilder.java:addTable(110)) - using custom profile for table: bucketTable
2019-07-10 05:30:34,660 INFO  db.DBStoreBuilder (DBStoreBuilder.java:processTables(161)) - Using default column profile:DBProfile.DISK for Table:bucketTable
2019-07-10 05:30:34,660 INFO  db.DBStoreBuilder (DBStoreBuilder.java:addTable(110)) - using custom profile for table: keyTable
2019-07-10 05:30:34,661 INFO  db.DBStoreBuilder (DBStoreBuilder.java:processTables(161)) - Using default column profile:DBProfile.DISK for Table:keyTable
2019-07-10 05:30:34,661 INFO  db.DBStoreBuilder (DBStoreBuilder.java:addTable(110)) - using custom profile for table: deletedTable
2019-07-10 05:30:34,661 INFO  db.DBStoreBuilder (DBStoreBuilder.java:processTables(161)) - Using default column profile:DBProfile.DISK for Table:deletedTable
2019-07-10 05:30:34,662 INFO  db.DBStoreBuilder (DBStoreBuilder.java:addTable(110)) - using custom profile for table: openKeyTable
2019-07-10 05:30:34,662 INFO  db.DBStoreBuilder (DBStoreBuilder.java:processTables(161)) - Using default column profile:DBProfile.DISK for Table:openKeyTable
2019-07-10 05:30:34,663 INFO  db.DBStoreBuilder (DBStoreBuilder.java:addTable(110)) - using custom profile for table: s3Table
2019-07-10 05:30:34,663 INFO  db.DBStoreBuilder (DBStoreBuilder.java:processTables(161)) - Using default column profile:DBProfile.DISK for Table:s3Table
2019-07-10 05:30:34,663 INFO  db.DBStoreBuilder (DBStoreBuilder.java:addTable(110)) - using custom profile for table: multipartInfoTable
2019-07-10 05:30:34,664 INFO  db.DBStoreBuilder (DBStoreBuilder.java:processTables(161)) - Using default column profile:DBProfile.DISK for Table:multipartInfoTable
2019-07-10 05:30:34,665 INFO  db.DBStoreBuilder (DBStoreBuilder.java:addTable(110)) - using custom profile for table: dTokenTable
2019-07-10 05:30:34,665 INFO  db.DBStoreBuilder (DBStoreBuilder.java:processTables(161)) - Using default column profile:DBProfile.DISK for Table:dTokenTable
2019-07-10 05:30:34,666 INFO  db.DBStoreBuilder (DBStoreBuilder.java:addTable(110)) - using custom profile for table: s3SecretTable
2019-07-10 05:30:34,666 INFO  db.DBStoreBuilder (DBStoreBuilder.java:processTables(161)) - Using default column profile:DBProfile.DISK for Table:s3SecretTable
2019-07-10 05:30:34,667 INFO  db.DBStoreBuilder (DBStoreBuilder.java:addTable(110)) - using custom profile for table: prefixTable
2019-07-10 05:30:34,667 INFO  db.DBStoreBuilder (DBStoreBuilder.java:processTables(161)) - Using default column profile:DBProfile.DISK for Table:prefixTable
2019-07-10 05:30:34,668 INFO  db.DBStoreBuilder (DBStoreBuilder.java:addTable(110)) - using custom profile for table: default
2019-07-10 05:30:34,668 INFO  db.DBStoreBuilder (DBStoreBuilder.java:processTables(167)) - Using default column profile:DBProfile.DISK for Table:default
2019-07-10 05:30:34,669 INFO  db.DBStoreBuilder (DBStoreBuilder.java:getDbProfile(198)) - Using default options. DBProfile.DISK
2019-07-10 05:30:35,782 INFO  ipc.CallQueueManager (CallQueueManager.java:<init>(84)) - Using callQueue: class java.util.concurrent.LinkedBlockingQueue, queueCapacity: 2000, scheduler: class org.apache.hadoop.ipc.DefaultRpcScheduler, ipcBackoff: false.
2019-07-10 05:30:35,784 INFO  ipc.Server (Server.java:run(1074)) - Starting Socket Reader #1 for port 39863
2019-07-10 05:30:35,825 WARN  server.ServerUtils (ServerUtils.java:getDBPath(222)) - ozone.om.db.dirs is not configured. We recommend adding this setting. Falling back to ozone.metadata.dirs instead.
2019-07-10 05:30:35,826 INFO  om.OzoneManager (OzoneManager.java:start(1219)) - OzoneManager RPC server is listening at localhost/127.0.0.1:39863
2019-07-10 05:30:35,826 INFO  impl.MetricsSystemImpl (MetricsSystemImpl.java:init(158)) - OzoneManager metrics system started (again)
2019-07-10 05:30:35,828 INFO  ipc.Server (Server.java:run(1314)) - IPC Server Responder: starting
2019-07-10 05:30:35,829 INFO  ipc.Server (Server.java:run(1153)) - IPC Server listener on 39863: starting
2019-07-10 05:30:35,846 INFO  hdfs.DFSUtil (DFSUtil.java:httpServerTemplateForNNAndJN(1641)) - Starting Web-server for ozoneManager at: http://0.0.0.0:0
2019-07-10 05:30:35,851 INFO  server.AuthenticationFilter (AuthenticationFilter.java:constructSecretProvider(240)) - Unable to initialize FileSignerSecretProvider, falling back to use random secrets.
2019-07-10 05:30:35,852 WARN  http.HttpRequestLog (HttpRequestLog.java:getRequestLog(97)) - Jetty request log can only be enabled using Log4j
2019-07-10 05:30:35,859 INFO  http.HttpServer2 (HttpServer2.java:addGlobalFilter(975)) - Added global filter 'safety' (class=org.apache.hadoop.http.HttpServer2$QuotingInputFilter)
2019-07-10 05:30:35,861 INFO  http.HttpServer2 (HttpServer2.java:addFilter(948)) - Added filter static_user_filter (class=org.apache.hadoop.http.lib.StaticUserWebFilter$StaticUserFilter) to context ozoneManager
2019-07-10 05:30:35,861 INFO  http.HttpServer2 (HttpServer2.java:addFilter(958)) - Added filter static_user_filter (class=org.apache.hadoop.http.lib.StaticUserWebFilter$StaticUserFilter) to context static
2019-07-10 05:30:35,861 INFO  http.HttpServer2 (HttpServer2.java:addFilter(958)) - Added filter static_user_filter (class=org.apache.hadoop.http.lib.StaticUserWebFilter$StaticUserFilter) to context logs
2019-07-10 05:30:35,865 INFO  http.HttpServer2 (HttpServer2.java:bindListener(1191)) - Jetty bound to port 34888
2019-07-10 05:30:35,865 INFO  server.Server (Server.java:doStart(351)) - jetty-9.3.24.v20180605, build timestamp: 2018-06-05T17:11:56Z, git hash: 84205aa28f11a4f31f2a3b86d1bba2cc8ab69827
2019-07-10 05:30:35,869 INFO  handler.ContextHandler (ContextHandler.java:doStart(781)) - Started o.e.j.s.ServletContextHandler@85ec632{/logs,file:///tmp/workdir/hadoop-ozone/tools/target/log,AVAILABLE}
2019-07-10 05:30:35,870 INFO  handler.ContextHandler (ContextHandler.java:doStart(781)) - Started o.e.j.s.ServletContextHandler@65ef722a{/static,file:///tmp/workdir/hadoop-ozone/ozone-manager/target/classes/webapps/static/,AVAILABLE}
2019-07-10 05:30:35,878 INFO  handler.ContextHandler (ContextHandler.java:doStart(781)) - Started o.e.j.w.WebAppContext@1c65121{/,file:///tmp/workdir/hadoop-ozone/ozone-manager/target/classes/webapps/ozoneManager/,AVAILABLE}{/ozoneManager}
2019-07-10 05:30:35,880 INFO  server.AbstractConnector (AbstractConnector.java:doStart(278)) - Started ServerConnector@159e366{HTTP/1.1,[http/1.1]}{0.0.0.0:34888}
2019-07-10 05:30:35,881 INFO  server.Server (Server.java:doStart(419)) - Started @4456ms
2019-07-10 05:30:35,882 INFO  server.BaseHttpServer (BaseHttpServer.java:updateConnectorAddress(207)) - HTTP server of OZONEMANAGER is listening at http://0.0.0.0:34888
2019-07-10 05:30:36,249 INFO  impl.MetricsSystemImpl (MetricsSystemImpl.java:init(158)) - HddsDatanode metrics system started (again)
2019-07-10 05:30:36,348 INFO  ozone.HddsDatanodeService (HddsDatanodeService.java:start(185)) - HddsDatanodeService host:hdds1735-lrt95-4085904335 ip:192.168.69.125
2019-07-10 05:30:36,382 INFO  volume.HddsVolume (HddsVolume.java:<init>(176)) - Creating Volume: /tmp/workdir/hadoop-ozone/tools/target/test-dir/MiniOzoneClusterImpl-587e744c-4b24-421a-a7fb-bdad0f71af90/datanode-0/data/containers/hdds of  storage type : DISK and capacity : 52710309888
2019-07-10 05:30:36,384 INFO  volume.VolumeSet (VolumeSet.java:initializeVolumeSet(170)) - Added Volume : /tmp/workdir/hadoop-ozone/tools/target/test-dir/MiniOzoneClusterImpl-587e744c-4b24-421a-a7fb-bdad0f71af90/datanode-0/data/containers/hdds to VolumeSet
2019-07-10 05:30:36,387 INFO  volume.ThrottledAsyncChecker (ThrottledAsyncChecker.java:schedule(140)) - Scheduling a check for org.apache.hadoop.ozone.container.common.volume.HddsVolume@3122b117
2019-07-10 05:30:36,406 INFO  volume.HddsVolumeChecker (HddsVolumeChecker.java:checkAllVolumes(203)) - Scheduled health check for volume org.apache.hadoop.ozone.container.common.volume.HddsVolume@3122b117
2019-07-10 05:30:36,453 INFO  ratis.XceiverServerRatis (XceiverServerRatis.java:newXceiverServerRatis(411)) - Found a free port for the server : 46182
2019-07-10 05:30:36,527 INFO  impl.RaftServerProxy (ConfUtils.java:logGet(43)) - raft.rpc.type = GRPC (default)
2019-07-10 05:30:36,597 INFO  grpc.GrpcFactory (GrpcFactory.java:checkPooledByteBufAllocatorUseCacheForAllThreads(45)) - PERFORMANCE WARNING: useCacheForAllThreads is true that may cause Netty to create a lot garbage objects and, as a result, trigger GC.
	It is recommended to disable useCacheForAllThreads by setting -Dorg.apache.ratis.thirdparty.io.netty.allocator.useCacheForAllThreads=false in command line.
2019-07-10 05:30:36,602 INFO  grpc.GrpcConfigKeys$Server (ConfUtils.java:logGet(43)) - raft.grpc.server.port = 46182 (custom)
2019-07-10 05:30:36,603 INFO  server.GrpcService (ConfUtils.java:logGet(43)) - raft.grpc.message.size.max = 33570816 (custom)
2019-07-10 05:30:36,604 INFO  server.RaftServerConfigKeys (ConfUtils.java:logGet(43)) - raft.server.log.appender.buffer.byte-limit = 33554432 (custom)
2019-07-10 05:30:36,605 INFO  server.GrpcService (ConfUtils.java:logGet(43)) - raft.grpc.flow.control.window = 1MB (=1048576) (default)
2019-07-10 05:30:36,606 INFO  server.RaftServerConfigKeys (ConfUtils.java:logGet(43)) - raft.server.rpc.request.timeout = 3000ms (default)
2019-07-10 05:30:36,787 INFO  server.RaftServerConfigKeys (ConfUtils.java:logGet(43)) - raft.server.storage.dir = [/tmp/workdir/hadoop-ozone/tools/target/test-dir/MiniOzoneClusterImpl-587e744c-4b24-421a-a7fb-bdad0f71af90/datanode-0/data/ratis] (custom)
2019-07-10 05:30:36,794 INFO  server.XceiverServerGrpc (XceiverServerGrpc.java:<init>(97)) - Found a free port for the server : 40751
2019-07-10 05:30:36,825 INFO  replication.SimpleContainerDownloader (SimpleContainerDownloader.java:<init>(72)) - Starting container downloader service to copy containers to replicate.
2019-07-10 05:30:36,845 INFO  hdfs.DFSUtil (DFSUtil.java:httpServerTemplateForNNAndJN(1641)) - Starting Web-server for hddsDatanode at: http://0.0.0.0:0
2019-07-10 05:30:36,847 INFO  server.AuthenticationFilter (AuthenticationFilter.java:constructSecretProvider(240)) - Unable to initialize FileSignerSecretProvider, falling back to use random secrets.
2019-07-10 05:30:36,848 WARN  http.HttpRequestLog (HttpRequestLog.java:getRequestLog(97)) - Jetty request log can only be enabled using Log4j
2019-07-10 05:30:36,852 INFO  http.HttpServer2 (HttpServer2.java:addGlobalFilter(975)) - Added global filter 'safety' (class=org.apache.hadoop.http.HttpServer2$QuotingInputFilter)
2019-07-10 05:30:36,853 INFO  http.HttpServer2 (HttpServer2.java:addFilter(948)) - Added filter static_user_filter (class=org.apache.hadoop.http.lib.StaticUserWebFilter$StaticUserFilter) to context hddsDatanode
2019-07-10 05:30:36,853 INFO  http.HttpServer2 (HttpServer2.java:addFilter(958)) - Added filter static_user_filter (class=org.apache.hadoop.http.lib.StaticUserWebFilter$StaticUserFilter) to context static
2019-07-10 05:30:36,853 INFO  http.HttpServer2 (HttpServer2.java:addFilter(958)) - Added filter static_user_filter (class=org.apache.hadoop.http.lib.StaticUserWebFilter$StaticUserFilter) to context logs
2019-07-10 05:30:36,855 INFO  http.HttpServer2 (HttpServer2.java:bindListener(1191)) - Jetty bound to port 34666
2019-07-10 05:30:36,855 INFO  server.Server (Server.java:doStart(351)) - jetty-9.3.24.v20180605, build timestamp: 2018-06-05T17:11:56Z, git hash: 84205aa28f11a4f31f2a3b86d1bba2cc8ab69827
2019-07-10 05:30:36,858 INFO  handler.ContextHandler (ContextHandler.java:doStart(781)) - Started o.e.j.s.ServletContextHandler@3f4cd155{/logs,file:///tmp/workdir/hadoop-ozone/tools/target/log,AVAILABLE}
2019-07-10 05:30:36,859 INFO  handler.ContextHandler (ContextHandler.java:doStart(781)) - Started o.e.j.s.ServletContextHandler@506dcf55{/static,file:///tmp/workdir/hadoop-hdds/container-service/target/classes/webapps/static,AVAILABLE}
2019-07-10 05:30:36,866 INFO  handler.ContextHandler (ContextHandler.java:doStart(781)) - Started o.e.j.w.WebAppContext@6145b81e{/,file:///tmp/workdir/hadoop-hdds/container-service/target/classes/webapps/hddsDatanode/,AVAILABLE}{/hddsDatanode}
2019-07-10 05:30:36,869 INFO  server.AbstractConnector (AbstractConnector.java:doStart(278)) - Started ServerConnector@64355120{HTTP/1.1,[http/1.1]}{0.0.0.0:34666}
2019-07-10 05:30:36,871 INFO  server.Server (Server.java:doStart(419)) - Started @5446ms
2019-07-10 05:30:36,872 INFO  server.BaseHttpServer (BaseHttpServer.java:updateConnectorAddress(207)) - HTTP server of HDDSDATANODE is listening at http://0.0.0.0:34666
2019-07-10 05:30:38,013 INFO  ozone.HddsDatanodeService (HddsDatanodeService.java:startPlugins(396)) - Started plug-in org.apache.hadoop.ozone.web.OzoneHddsDatanodeService@36920bd6
2019-07-10 05:30:38,014 INFO  impl.MetricsSystemImpl (MetricsSystemImpl.java:init(158)) - HddsDatanode metrics system started (again)
2019-07-10 05:30:38,016 INFO  ozone.HddsDatanodeService (HddsDatanodeService.java:start(185)) - HddsDatanodeService host:hdds1735-lrt95-4085904335 ip:192.168.69.125
2019-07-10 05:30:38,022 INFO  util.JvmPauseMonitor (JvmPauseMonitor.java:run(188)) - Starting JVM pause monitor
2019-07-10 05:30:38,028 INFO  volume.HddsVolume (HddsVolume.java:<init>(176)) - Creating Volume: /tmp/workdir/hadoop-ozone/tools/target/test-dir/MiniOzoneClusterImpl-587e744c-4b24-421a-a7fb-bdad0f71af90/datanode-1/data/containers/hdds of  storage type : DISK and capacity : 52710309888
2019-07-10 05:30:38,029 INFO  volume.VolumeSet (VolumeSet.java:initializeVolumeSet(170)) - Added Volume : /tmp/workdir/hadoop-ozone/tools/target/test-dir/MiniOzoneClusterImpl-587e744c-4b24-421a-a7fb-bdad0f71af90/datanode-1/data/containers/hdds to VolumeSet
2019-07-10 05:30:38,029 INFO  volume.ThrottledAsyncChecker (ThrottledAsyncChecker.java:schedule(140)) - Scheduling a check for org.apache.hadoop.ozone.container.common.volume.HddsVolume@208f0007
2019-07-10 05:30:38,030 INFO  volume.HddsVolumeChecker (HddsVolumeChecker.java:checkAllVolumes(203)) - Scheduled health check for volume org.apache.hadoop.ozone.container.common.volume.HddsVolume@208f0007
2019-07-10 05:30:38,054 INFO  ratis.XceiverServerRatis (XceiverServerRatis.java:newXceiverServerRatis(411)) - Found a free port for the server : 37494
2019-07-10 05:30:38,056 INFO  impl.RaftServerProxy (ConfUtils.java:logGet(43)) - raft.rpc.type = GRPC (default)
2019-07-10 05:30:38,056 INFO  grpc.GrpcFactory (GrpcFactory.java:checkPooledByteBufAllocatorUseCacheForAllThreads(45)) - PERFORMANCE WARNING: useCacheForAllThreads is true that may cause Netty to create a lot garbage objects and, as a result, trigger GC.
	It is recommended to disable useCacheForAllThreads by setting -Dorg.apache.ratis.thirdparty.io.netty.allocator.useCacheForAllThreads=false in command line.
2019-07-10 05:30:38,057 INFO  grpc.GrpcConfigKeys$Server (ConfUtils.java:logGet(43)) - raft.grpc.server.port = 37494 (custom)
2019-07-10 05:30:38,057 INFO  server.GrpcService (ConfUtils.java:logGet(43)) - raft.grpc.message.size.max = 33570816 (custom)
2019-07-10 05:30:38,057 INFO  server.RaftServerConfigKeys (ConfUtils.java:logGet(43)) - raft.server.log.appender.buffer.byte-limit = 33554432 (custom)
2019-07-10 05:30:38,057 INFO  server.GrpcService (ConfUtils.java:logGet(43)) - raft.grpc.flow.control.window = 1MB (=1048576) (default)
2019-07-10 05:30:38,058 INFO  server.RaftServerConfigKeys (ConfUtils.java:logGet(43)) - raft.server.rpc.request.timeout = 3000ms (default)
2019-07-10 05:30:38,059 INFO  server.RaftServerConfigKeys (ConfUtils.java:logGet(43)) - raft.server.storage.dir = [/tmp/workdir/hadoop-ozone/tools/target/test-dir/MiniOzoneClusterImpl-587e744c-4b24-421a-a7fb-bdad0f71af90/datanode-1/data/ratis] (custom)
2019-07-10 05:30:38,059 INFO  server.XceiverServerGrpc (XceiverServerGrpc.java:<init>(97)) - Found a free port for the server : 39312
2019-07-10 05:30:38,060 INFO  replication.SimpleContainerDownloader (SimpleContainerDownloader.java:<init>(72)) - Starting container downloader service to copy containers to replicate.
2019-07-10 05:30:38,061 INFO  hdfs.DFSUtil (DFSUtil.java:httpServerTemplateForNNAndJN(1641)) - Starting Web-server for hddsDatanode at: http://0.0.0.0:0
2019-07-10 05:30:38,063 INFO  server.AuthenticationFilter (AuthenticationFilter.java:constructSecretProvider(240)) - Unable to initialize FileSignerSecretProvider, falling back to use random secrets.
2019-07-10 05:30:38,064 WARN  http.HttpRequestLog (HttpRequestLog.java:getRequestLog(97)) - Jetty request log can only be enabled using Log4j
2019-07-10 05:30:38,067 INFO  http.HttpServer2 (HttpServer2.java:addGlobalFilter(975)) - Added global filter 'safety' (class=org.apache.hadoop.http.HttpServer2$QuotingInputFilter)
2019-07-10 05:30:38,068 INFO  http.HttpServer2 (HttpServer2.java:addFilter(948)) - Added filter static_user_filter (class=org.apache.hadoop.http.lib.StaticUserWebFilter$StaticUserFilter) to context hddsDatanode
2019-07-10 05:30:38,068 INFO  http.HttpServer2 (HttpServer2.java:addFilter(958)) - Added filter static_user_filter (class=org.apache.hadoop.http.lib.StaticUserWebFilter$StaticUserFilter) to context logs
2019-07-10 05:30:38,068 INFO  http.HttpServer2 (HttpServer2.java:addFilter(958)) - Added filter static_user_filter (class=org.apache.hadoop.http.lib.StaticUserWebFilter$StaticUserFilter) to context static
2019-07-10 05:30:38,069 INFO  http.HttpServer2 (HttpServer2.java:bindListener(1191)) - Jetty bound to port 43198
2019-07-10 05:30:38,070 INFO  server.Server (Server.java:doStart(351)) - jetty-9.3.24.v20180605, build timestamp: 2018-06-05T17:11:56Z, git hash: 84205aa28f11a4f31f2a3b86d1bba2cc8ab69827
2019-07-10 05:30:38,073 INFO  handler.ContextHandler (ContextHandler.java:doStart(781)) - Started o.e.j.s.ServletContextHandler@51dae791{/logs,file:///tmp/workdir/hadoop-ozone/tools/target/log,AVAILABLE}
2019-07-10 05:30:38,074 INFO  handler.ContextHandler (ContextHandler.java:doStart(781)) - Started o.e.j.s.ServletContextHandler@5de5e95{/static,file:///tmp/workdir/hadoop-hdds/container-service/target/classes/webapps/static,AVAILABLE}
2019-07-10 05:30:38,080 INFO  handler.ContextHandler (ContextHandler.java:doStart(781)) - Started o.e.j.w.WebAppContext@34c70b5e{/,file:///tmp/workdir/hadoop-hdds/container-service/target/classes/webapps/hddsDatanode/,AVAILABLE}{/hddsDatanode}
2019-07-10 05:30:38,081 INFO  server.AbstractConnector (AbstractConnector.java:doStart(278)) - Started ServerConnector@4f2d995e{HTTP/1.1,[http/1.1]}{0.0.0.0:43198}
2019-07-10 05:30:38,081 INFO  server.Server (Server.java:doStart(419)) - Started @6656ms
2019-07-10 05:30:38,083 INFO  server.BaseHttpServer (BaseHttpServer.java:updateConnectorAddress(207)) - HTTP server of HDDSDATANODE is listening at http://0.0.0.0:43198
2019-07-10 05:30:38,135 INFO  datanode.InitDatanodeState (InitDatanodeState.java:persistContainerDatanodeDetails(140)) - DatanodeDetails is persisted to /tmp/workdir/hadoop-ozone/tools/target/test-dir/MiniOzoneClusterImpl-587e744c-4b24-421a-a7fb-bdad0f71af90/datanode-0/meta/datanode.id
2019-07-10 05:30:38,226 INFO  ozone.HddsDatanodeService (HddsDatanodeService.java:startPlugins(396)) - Started plug-in org.apache.hadoop.ozone.web.OzoneHddsDatanodeService@696db620
2019-07-10 05:30:38,226 INFO  impl.MetricsSystemImpl (MetricsSystemImpl.java:init(158)) - HddsDatanode metrics system started (again)
2019-07-10 05:30:38,228 INFO  ozone.HddsDatanodeService (HddsDatanodeService.java:start(185)) - HddsDatanodeService host:hdds1735-lrt95-4085904335 ip:192.168.69.125
2019-07-10 05:30:38,229 INFO  util.JvmPauseMonitor (JvmPauseMonitor.java:run(188)) - Starting JVM pause monitor
2019-07-10 05:30:38,239 INFO  volume.HddsVolume (HddsVolume.java:<init>(176)) - Creating Volume: /tmp/workdir/hadoop-ozone/tools/target/test-dir/MiniOzoneClusterImpl-587e744c-4b24-421a-a7fb-bdad0f71af90/datanode-2/data/containers/hdds of  storage type : DISK and capacity : 52710309888
2019-07-10 05:30:38,240 INFO  volume.VolumeSet (VolumeSet.java:initializeVolumeSet(170)) - Added Volume : /tmp/workdir/hadoop-ozone/tools/target/test-dir/MiniOzoneClusterImpl-587e744c-4b24-421a-a7fb-bdad0f71af90/datanode-2/data/containers/hdds to VolumeSet
2019-07-10 05:30:38,240 INFO  volume.ThrottledAsyncChecker (ThrottledAsyncChecker.java:schedule(140)) - Scheduling a check for org.apache.hadoop.ozone.container.common.volume.HddsVolume@12a470dd
2019-07-10 05:30:38,241 INFO  volume.HddsVolumeChecker (HddsVolumeChecker.java:checkAllVolumes(203)) - Scheduled health check for volume org.apache.hadoop.ozone.container.common.volume.HddsVolume@12a470dd
2019-07-10 05:30:38,242 INFO  datanode.InitDatanodeState (InitDatanodeState.java:persistContainerDatanodeDetails(140)) - DatanodeDetails is persisted to /tmp/workdir/hadoop-ozone/tools/target/test-dir/MiniOzoneClusterImpl-587e744c-4b24-421a-a7fb-bdad0f71af90/datanode-1/meta/datanode.id
2019-07-10 05:30:38,258 INFO  ratis.XceiverServerRatis (XceiverServerRatis.java:newXceiverServerRatis(411)) - Found a free port for the server : 35587
2019-07-10 05:30:38,259 INFO  impl.RaftServerProxy (ConfUtils.java:logGet(43)) - raft.rpc.type = GRPC (default)
2019-07-10 05:30:38,260 INFO  grpc.GrpcFactory (GrpcFactory.java:checkPooledByteBufAllocatorUseCacheForAllThreads(45)) - PERFORMANCE WARNING: useCacheForAllThreads is true that may cause Netty to create a lot garbage objects and, as a result, trigger GC.
	It is recommended to disable useCacheForAllThreads by setting -Dorg.apache.ratis.thirdparty.io.netty.allocator.useCacheForAllThreads=false in command line.
2019-07-10 05:30:38,260 INFO  grpc.GrpcConfigKeys$Server (ConfUtils.java:logGet(43)) - raft.grpc.server.port = 35587 (custom)
2019-07-10 05:30:38,260 INFO  server.GrpcService (ConfUtils.java:logGet(43)) - raft.grpc.message.size.max = 33570816 (custom)
2019-07-10 05:30:38,260 INFO  server.RaftServerConfigKeys (ConfUtils.java:logGet(43)) - raft.server.log.appender.buffer.byte-limit = 33554432 (custom)
2019-07-10 05:30:38,260 INFO  server.GrpcService (ConfUtils.java:logGet(43)) - raft.grpc.flow.control.window = 1MB (=1048576) (default)
2019-07-10 05:30:38,261 INFO  server.RaftServerConfigKeys (ConfUtils.java:logGet(43)) - raft.server.rpc.request.timeout = 3000ms (default)
2019-07-10 05:30:38,261 INFO  server.RaftServerConfigKeys (ConfUtils.java:logGet(43)) - raft.server.storage.dir = [/tmp/workdir/hadoop-ozone/tools/target/test-dir/MiniOzoneClusterImpl-587e744c-4b24-421a-a7fb-bdad0f71af90/datanode-2/data/ratis] (custom)
2019-07-10 05:30:38,262 INFO  server.XceiverServerGrpc (XceiverServerGrpc.java:<init>(97)) - Found a free port for the server : 37450
2019-07-10 05:30:38,263 INFO  replication.SimpleContainerDownloader (SimpleContainerDownloader.java:<init>(72)) - Starting container downloader service to copy containers to replicate.
2019-07-10 05:30:38,264 INFO  hdfs.DFSUtil (DFSUtil.java:httpServerTemplateForNNAndJN(1641)) - Starting Web-server for hddsDatanode at: http://0.0.0.0:0
2019-07-10 05:30:38,265 INFO  server.AuthenticationFilter (AuthenticationFilter.java:constructSecretProvider(240)) - Unable to initialize FileSignerSecretProvider, falling back to use random secrets.
2019-07-10 05:30:38,266 WARN  http.HttpRequestLog (HttpRequestLog.java:getRequestLog(97)) - Jetty request log can only be enabled using Log4j
2019-07-10 05:30:38,267 INFO  http.HttpServer2 (HttpServer2.java:addGlobalFilter(975)) - Added global filter 'safety' (class=org.apache.hadoop.http.HttpServer2$QuotingInputFilter)
2019-07-10 05:30:38,268 INFO  http.HttpServer2 (HttpServer2.java:addFilter(948)) - Added filter static_user_filter (class=org.apache.hadoop.http.lib.StaticUserWebFilter$StaticUserFilter) to context hddsDatanode
2019-07-10 05:30:38,268 INFO  http.HttpServer2 (HttpServer2.java:addFilter(958)) - Added filter static_user_filter (class=org.apache.hadoop.http.lib.StaticUserWebFilter$StaticUserFilter) to context static
2019-07-10 05:30:38,268 INFO  http.HttpServer2 (HttpServer2.java:addFilter(958)) - Added filter static_user_filter (class=org.apache.hadoop.http.lib.StaticUserWebFilter$StaticUserFilter) to context logs
2019-07-10 05:30:38,269 INFO  http.HttpServer2 (HttpServer2.java:bindListener(1191)) - Jetty bound to port 40666
2019-07-10 05:30:38,269 INFO  server.Server (Server.java:doStart(351)) - jetty-9.3.24.v20180605, build timestamp: 2018-06-05T17:11:56Z, git hash: 84205aa28f11a4f31f2a3b86d1bba2cc8ab69827
2019-07-10 05:30:38,271 INFO  handler.ContextHandler (ContextHandler.java:doStart(781)) - Started o.e.j.s.ServletContextHandler@3a3ed300{/logs,file:///tmp/workdir/hadoop-ozone/tools/target/log,AVAILABLE}
2019-07-10 05:30:38,271 INFO  handler.ContextHandler (ContextHandler.java:doStart(781)) - Started o.e.j.s.ServletContextHandler@39f5b723{/static,file:///tmp/workdir/hadoop-hdds/container-service/target/classes/webapps/static,AVAILABLE}
2019-07-10 05:30:38,275 INFO  handler.ContextHandler (ContextHandler.java:doStart(781)) - Started o.e.j.w.WebAppContext@16736040{/,file:///tmp/workdir/hadoop-hdds/container-service/target/classes/webapps/hddsDatanode/,AVAILABLE}{/hddsDatanode}
2019-07-10 05:30:38,276 INFO  server.AbstractConnector (AbstractConnector.java:doStart(278)) - Started ServerConnector@7c5d1d25{HTTP/1.1,[http/1.1]}{0.0.0.0:40666}
2019-07-10 05:30:38,277 INFO  server.Server (Server.java:doStart(419)) - Started @6851ms
2019-07-10 05:30:38,277 INFO  server.BaseHttpServer (BaseHttpServer.java:updateConnectorAddress(207)) - HTTP server of HDDSDATANODE is listening at http://0.0.0.0:40666
2019-07-10 05:30:38,407 INFO  ozone.HddsDatanodeService (HddsDatanodeService.java:startPlugins(396)) - Started plug-in org.apache.hadoop.ozone.web.OzoneHddsDatanodeService@62cba181
2019-07-10 05:30:38,409 INFO  ozone.MiniOzoneClusterImpl (MiniOzoneClusterImpl.java:lambda$waitForClusterToBeReady$0(142)) - Waiting for cluster to be ready. Got 0 of 3 DN Heartbeats.
2019-07-10 05:30:38,411 INFO  util.JvmPauseMonitor (JvmPauseMonitor.java:run(188)) - Starting JVM pause monitor
2019-07-10 05:30:38,415 INFO  datanode.InitDatanodeState (InitDatanodeState.java:persistContainerDatanodeDetails(140)) - DatanodeDetails is persisted to /tmp/workdir/hadoop-ozone/tools/target/test-dir/MiniOzoneClusterImpl-587e744c-4b24-421a-a7fb-bdad0f71af90/datanode-2/meta/datanode.id
2019-07-10 05:30:39,409 INFO  ozone.MiniOzoneClusterImpl (MiniOzoneClusterImpl.java:lambda$waitForClusterToBeReady$0(142)) - Waiting for cluster to be ready. Got 0 of 3 DN Heartbeats.
2019-07-10 05:30:40,076 INFO  ozoneimpl.OzoneContainer (OzoneContainer.java:start(186)) - Attempting to start container services.
2019-07-10 05:30:40,078 INFO  ozoneimpl.OzoneContainer (OzoneContainer.java:startContainerScrub(160)) - Background container scrubber has been disabled by hdds.containerscrub.enabled
2019-07-10 05:30:40,078 INFO  ratis.XceiverServerRatis (XceiverServerRatis.java:start(428)) - Starting XceiverServerRatis 9c25cf13-0c21-4ac4-bbef-b0be8d0caf59 at port 46182
2019-07-10 05:30:40,107 INFO  impl.RaftServerProxy (RaftServerProxy.java:lambda$start$3(299)) - 9c25cf13-0c21-4ac4-bbef-b0be8d0caf59: start RPC server
2019-07-10 05:30:40,239 INFO  server.GrpcService (GrpcService.java:startImpl(149)) - 9c25cf13-0c21-4ac4-bbef-b0be8d0caf59: GrpcService started, listening on 0.0.0.0/0.0.0.0:46182
2019-07-10 05:30:40,247 INFO  ozoneimpl.OzoneContainer (OzoneContainer.java:start(186)) - Attempting to start container services.
2019-07-10 05:30:40,249 INFO  ozoneimpl.OzoneContainer (OzoneContainer.java:startContainerScrub(160)) - Background container scrubber has been disabled by hdds.containerscrub.enabled
2019-07-10 05:30:40,250 INFO  ratis.XceiverServerRatis (XceiverServerRatis.java:start(428)) - Starting XceiverServerRatis 1a04e0aa-3aef-47f2-8f0f-c5477652f054 at port 37494
2019-07-10 05:30:40,262 INFO  impl.RaftServerProxy (RaftServerProxy.java:lambda$start$3(299)) - 1a04e0aa-3aef-47f2-8f0f-c5477652f054: start RPC server
2019-07-10 05:30:40,265 INFO  server.GrpcService (GrpcService.java:startImpl(149)) - 1a04e0aa-3aef-47f2-8f0f-c5477652f054: GrpcService started, listening on 0.0.0.0/0.0.0.0:37494
2019-07-10 05:30:40,410 INFO  ozone.MiniOzoneClusterImpl (MiniOzoneClusterImpl.java:lambda$waitForClusterToBeReady$0(142)) - Waiting for cluster to be ready. Got 0 of 3 DN Heartbeats.
2019-07-10 05:30:40,441 INFO  ozoneimpl.OzoneContainer (OzoneContainer.java:start(186)) - Attempting to start container services.
2019-07-10 05:30:40,443 INFO  ozoneimpl.OzoneContainer (OzoneContainer.java:startContainerScrub(160)) - Background container scrubber has been disabled by hdds.containerscrub.enabled
2019-07-10 05:30:40,443 INFO  ratis.XceiverServerRatis (XceiverServerRatis.java:start(428)) - Starting XceiverServerRatis 40d6e57f-8571-40cf-9170-698c71b23faf at port 35587
2019-07-10 05:30:40,499 INFO  impl.RaftServerProxy (RaftServerProxy.java:lambda$start$3(299)) - 40d6e57f-8571-40cf-9170-698c71b23faf: start RPC server
2019-07-10 05:30:40,503 INFO  server.GrpcService (GrpcService.java:startImpl(149)) - 40d6e57f-8571-40cf-9170-698c71b23faf: GrpcService started, listening on 0.0.0.0/0.0.0.0:35587
2019-07-10 05:30:41,411 INFO  ozone.MiniOzoneClusterImpl (MiniOzoneClusterImpl.java:lambda$waitForClusterToBeReady$0(142)) - Waiting for cluster to be ready. Got 0 of 3 DN Heartbeats.
2019-07-10 05:30:42,063 INFO  net.NetworkTopology (NetworkTopologyImpl.java:add(109)) - Added a new node: /default-rack/192.168.69.125
2019-07-10 05:30:42,064 INFO  node.SCMNodeManager (SCMNodeManager.java:register(268)) - Registered Data node : 9c25cf13-0c21-4ac4-bbef-b0be8d0caf59{ip: 192.168.69.125, host: hdds1735-lrt95-4085904335, networkLocation: /default-rack, certSerialId: null}
2019-07-10 05:30:42,070 INFO  safemode.SCMSafeModeManager (DataNodeSafeModeRule.java:process(71)) - SCM in safe mode. 1 DataNodes registered, 1 required.
2019-07-10 05:30:42,070 INFO  safemode.SCMSafeModeManager (SCMSafeModeManager.java:validateSafeModeExitRules(177)) - ScmSafeModeManager, all rules are successfully validated
2019-07-10 05:30:42,070 INFO  safemode.SCMSafeModeManager (SCMSafeModeManager.java:exitSafeMode(193)) - SCM exiting safe mode.
2019-07-10 05:30:42,233 INFO  node.SCMNodeManager (SCMNodeManager.java:register(268)) - Registered Data node : 1a04e0aa-3aef-47f2-8f0f-c5477652f054{ip: 192.168.69.125, host: hdds1735-lrt95-4085904335, networkLocation: /default-rack, certSerialId: null}
2019-07-10 05:30:42,411 INFO  ozone.MiniOzoneClusterImpl (MiniOzoneClusterImpl.java:lambda$waitForClusterToBeReady$0(142)) - Waiting for cluster to be ready. Got 2 of 3 DN Heartbeats.
2019-07-10 05:30:42,415 INFO  node.SCMNodeManager (SCMNodeManager.java:register(268)) - Registered Data node : 40d6e57f-8571-40cf-9170-698c71b23faf{ip: 192.168.69.125, host: hdds1735-lrt95-4085904335, networkLocation: /default-rack, certSerialId: null}
2019-07-10 05:30:42,627 INFO  impl.RaftServerProxy (RaftServerProxy.java:addNew(89)) - 9c25cf13-0c21-4ac4-bbef-b0be8d0caf59: addNew group-D49AA7CF14C3:[9c25cf13-0c21-4ac4-bbef-b0be8d0caf59:192.168.69.125:46182] returns group-D49AA7CF14C3:java.util.concurrent.CompletableFuture@741fb1e9[Not completed]
2019-07-10 05:30:42,642 INFO  impl.RaftServerImpl (RaftServerImpl.java:<init>(93)) - 9c25cf13-0c21-4ac4-bbef-b0be8d0caf59: new RaftServerImpl for group-D49AA7CF14C3:[9c25cf13-0c21-4ac4-bbef-b0be8d0caf59:192.168.69.125:46182] with ContainerStateMachine:uninitialized
2019-07-10 05:30:42,645 INFO  server.RaftServerConfigKeys (ConfUtils.java:logGet(43)) - raft.server.rpc.timeout.min = 1s (custom)
2019-07-10 05:30:42,647 INFO  server.RaftServerConfigKeys (ConfUtils.java:logGet(43)) - raft.server.rpc.timeout.max = 1200ms (custom)
2019-07-10 05:30:42,647 INFO  server.RaftServerConfigKeys (ConfUtils.java:logGet(43)) - raft.server.rpcslowness.timeout = 120s (custom)
2019-07-10 05:30:42,648 INFO  server.RaftServerConfigKeys (ConfUtils.java:logGet(43)) - raft.server.sleep.deviation.threshold = 300 (default)
2019-07-10 05:30:42,649 INFO  server.RaftServerConfigKeys (ConfUtils.java:logGet(43)) - raft.server.log.appender.install.snapshot.enabled = false (custom)
2019-07-10 05:30:42,659 INFO  impl.RaftServerImpl (ServerState.java:<init>(105)) - 9c25cf13-0c21-4ac4-bbef-b0be8d0caf59:group-D49AA7CF14C3 ConfigurationManager, init=-1: [9c25cf13-0c21-4ac4-bbef-b0be8d0caf59:192.168.69.125:46182], old=null, confs=<EMPTY_MAP>
2019-07-10 05:30:42,659 INFO  server.RaftServerConfigKeys (ConfUtils.java:logGet(43)) - raft.server.storage.dir = [/tmp/workdir/hadoop-ozone/tools/target/test-dir/MiniOzoneClusterImpl-587e744c-4b24-421a-a7fb-bdad0f71af90/datanode-0/data/ratis] (custom)
2019-07-10 05:30:42,668 INFO  storage.RaftStorageDirectory (RaftStorageDirectory.java:analyzeStorage(246)) - The storage directory /tmp/workdir/hadoop-ozone/tools/target/test-dir/MiniOzoneClusterImpl-587e744c-4b24-421a-a7fb-bdad0f71af90/datanode-0/data/ratis/e7889980-7175-4168-a125-d49aa7cf14c3 does not exist. Creating ...
2019-07-10 05:30:42,687 INFO  storage.RaftStorageDirectory (RaftStorageDirectory.java:tryLock(328)) - Lock on /tmp/workdir/hadoop-ozone/tools/target/test-dir/MiniOzoneClusterImpl-587e744c-4b24-421a-a7fb-bdad0f71af90/datanode-0/data/ratis/e7889980-7175-4168-a125-d49aa7cf14c3/in_use.lock acquired by nodename 21157@hdds1735-lrt95-4085904335
2019-07-10 05:30:42,693 INFO  storage.RaftStorage (RaftStorage.java:format(72)) - Storage directory /tmp/workdir/hadoop-ozone/tools/target/test-dir/MiniOzoneClusterImpl-587e744c-4b24-421a-a7fb-bdad0f71af90/datanode-0/data/ratis/e7889980-7175-4168-a125-d49aa7cf14c3 has been successfully formatted.
2019-07-10 05:30:42,697 INFO  ratis.ContainerStateMachine (ContainerStateMachine.java:loadSnapshot(198)) - The snapshot info is null.Setting the last applied index to:(t:0, i:~)
2019-07-10 05:30:42,697 INFO  server.RaftServerConfigKeys (ConfUtils.java:logGet(43)) - raft.server.leader.election.timeout = 120s (custom)
2019-07-10 05:30:42,700 INFO  server.RaftServerConfigKeys (ConfUtils.java:logGet(43)) - raft.server.log.use.memory = false (default)
2019-07-10 05:30:42,708 INFO  server.RaftServerConfigKeys (ConfUtils.java:logGet(43)) - raft.server.log.purge.gap = 1000000000 (custom)
2019-07-10 05:30:42,708 INFO  server.RaftServerConfigKeys (ConfUtils.java:logGet(43)) - raft.server.log.appender.buffer.byte-limit = 33554432 (custom)
2019-07-10 05:30:42,710 INFO  server.RaftServerConfigKeys (ConfUtils.java:logGet(43)) - raft.server.log.segment.size.max = 1048576 (custom)
2019-07-10 05:30:42,716 INFO  server.RaftServerConfigKeys (ConfUtils.java:logGet(43)) - raft.server.log.segment.cache.num.max = 2 (custom)
2019-07-10 05:30:42,723 INFO  segmented.SegmentedRaftLogWorker (SegmentedRaftLogWorker.java:<init>(172)) - new 9c25cf13-0c21-4ac4-bbef-b0be8d0caf59-SegmentedRaftLogWorker:Storage Directory /tmp/workdir/hadoop-ozone/tools/target/test-dir/MiniOzoneClusterImpl-587e744c-4b24-421a-a7fb-bdad0f71af90/datanode-0/data/ratis/e7889980-7175-4168-a125-d49aa7cf14c3 for RaftStorage:Storage Directory /tmp/workdir/hadoop-ozone/tools/target/test-dir/MiniOzoneClusterImpl-587e744c-4b24-421a-a7fb-bdad0f71af90/datanode-0/data/ratis/e7889980-7175-4168-a125-d49aa7cf14c3
2019-07-10 05:30:42,740 INFO  server.RaftServerConfigKeys (ConfUtils.java:logGet(43)) - raft.server.log.queue.byte-limit = 2147483647 (custom)
2019-07-10 05:30:42,741 INFO  server.RaftServerConfigKeys (ConfUtils.java:logGet(43)) - raft.server.log.queue.element-limit = 1024 (custom)
2019-07-10 05:30:42,747 INFO  server.RaftServerConfigKeys (ConfUtils.java:logGet(43)) - raft.server.log.segment.size.max = 1048576 (custom)
2019-07-10 05:30:42,748 INFO  server.RaftServerConfigKeys (ConfUtils.java:logGet(43)) - raft.server.log.preallocated.size = 16384 (custom)
2019-07-10 05:30:42,748 INFO  server.RaftServerConfigKeys (ConfUtils.java:logGet(43)) - raft.server.log.write.buffer.size = 33554432 (custom)
2019-07-10 05:30:42,749 INFO  server.RaftServerConfigKeys (ConfUtils.java:logGet(43)) - raft.server.log.force.sync.num = 128 (default)
2019-07-10 05:30:42,750 INFO  server.RaftServerConfigKeys (ConfUtils.java:logGet(43)) - raft.server.log.statemachine.data.sync = true (default)
2019-07-10 05:30:42,750 INFO  server.RaftServerConfigKeys (ConfUtils.java:logGet(43)) - raft.server.log.statemachine.data.sync.timeout = 10s (default)
2019-07-10 05:30:42,750 INFO  server.RaftServerConfigKeys (ConfUtils.java:logGet(43)) - raft.server.log.statemachine.data.sync.timeout.retry = -1 (default)
2019-07-10 05:30:42,763 INFO  server.RaftServerConfigKeys (ConfUtils.java:logGet(43)) - raft.server.log.statemachine.data.caching.enabled = true (custom)
2019-07-10 05:30:42,768 INFO  segmented.SegmentedRaftLogWorker (SegmentedRaftLogWorker.java:lambda$new$0(132)) - 9c25cf13-0c21-4ac4-bbef-b0be8d0caf59-SegmentedRaftLogWorker:Storage Directory /tmp/workdir/hadoop-ozone/tools/target/test-dir/MiniOzoneClusterImpl-587e744c-4b24-421a-a7fb-bdad0f71af90/datanode-0/data/ratis/e7889980-7175-4168-a125-d49aa7cf14c3: flushIndex: setUnconditionally 0 -> -1
2019-07-10 05:30:42,772 INFO  server.RaftServerConfigKeys (ConfUtils.java:logGet(43)) - raft.server.snapshot.auto.trigger.enabled = true (custom)
2019-07-10 05:30:42,773 INFO  server.RaftServerConfigKeys (ConfUtils.java:logGet(43)) - raft.server.snapshot.auto.trigger.threshold = 10000 (custom)
2019-07-10 05:30:42,773 INFO  server.RaftServerConfigKeys (ConfUtils.java:logGet(43)) - raft.server.retrycache.expirytime = 600000ms (custom)
2019-07-10 05:30:43,082 INFO  impl.RaftServerImpl (RaftServerImpl.java:start(180)) - 9c25cf13-0c21-4ac4-bbef-b0be8d0caf59: start group-D49AA7CF14C3
2019-07-10 05:30:43,083 INFO  impl.RaftServerImpl (RaftServerImpl.java:setRole(171)) - 9c25cf13-0c21-4ac4-bbef-b0be8d0caf59:group-D49AA7CF14C3 changes role from null to FOLLOWER at term 0 for startAsFollower
2019-07-10 05:30:43,085 INFO  impl.RoleInfo (RoleInfo.java:updateAndGet(143)) - 9c25cf13-0c21-4ac4-bbef-b0be8d0caf59: start FollowerState
2019-07-10 05:30:43,088 INFO  util.JmxRegister (JmxRegister.java:tryRegister(44)) - Successfully registered JMX Bean with object name Ratis:service=RaftServer,group=group-D49AA7CF14C3,id=9c25cf13-0c21-4ac4-bbef-b0be8d0caf59
2019-07-10 05:30:43,159 INFO  pipeline.PipelineStateManager (PipelineStateManager.java:addPipeline(56)) - Created pipeline Pipeline[ Id: e7889980-7175-4168-a125-d49aa7cf14c3, Nodes: 9c25cf13-0c21-4ac4-bbef-b0be8d0caf59{ip: 192.168.69.125, host: hdds1735-lrt95-4085904335, networkLocation: /default-rack, certSerialId: null}, Type:RATIS, Factor:ONE, State:OPEN]
2019-07-10 05:30:43,184 INFO  impl.RaftServerProxy (RaftServerProxy.java:addNew(89)) - 40d6e57f-8571-40cf-9170-698c71b23faf: addNew group-029F80BD3F70:[40d6e57f-8571-40cf-9170-698c71b23faf:192.168.69.125:35587] returns group-029F80BD3F70:java.util.concurrent.CompletableFuture@3a2bf83a[Not completed]
2019-07-10 05:30:43,217 INFO  impl.RaftServerImpl (RaftServerImpl.java:<init>(93)) - 40d6e57f-8571-40cf-9170-698c71b23faf: new RaftServerImpl for group-029F80BD3F70:[40d6e57f-8571-40cf-9170-698c71b23faf:192.168.69.125:35587] with ContainerStateMachine:uninitialized
2019-07-10 05:30:43,219 INFO  server.RaftServerConfigKeys (ConfUtils.java:logGet(43)) - raft.server.rpc.timeout.min = 1s (custom)
2019-07-10 05:30:43,219 INFO  server.RaftServerConfigKeys (ConfUtils.java:logGet(43)) - raft.server.rpc.timeout.max = 1200ms (custom)
2019-07-10 05:30:43,220 INFO  server.RaftServerConfigKeys (ConfUtils.java:logGet(43)) - raft.server.rpcslowness.timeout = 120s (custom)
2019-07-10 05:30:43,220 INFO  server.RaftServerConfigKeys (ConfUtils.java:logGet(43)) - raft.server.sleep.deviation.threshold = 300 (default)
2019-07-10 05:30:43,220 INFO  server.RaftServerConfigKeys (ConfUtils.java:logGet(43)) - raft.server.log.appender.install.snapshot.enabled = false (custom)
2019-07-10 05:30:43,220 INFO  impl.RaftServerImpl (ServerState.java:<init>(105)) - 40d6e57f-8571-40cf-9170-698c71b23faf:group-029F80BD3F70 ConfigurationManager, init=-1: [40d6e57f-8571-40cf-9170-698c71b23faf:192.168.69.125:35587], old=null, confs=<EMPTY_MAP>
2019-07-10 05:30:43,221 INFO  server.RaftServerConfigKeys (ConfUtils.java:logGet(43)) - raft.server.storage.dir = [/tmp/workdir/hadoop-ozone/tools/target/test-dir/MiniOzoneClusterImpl-587e744c-4b24-421a-a7fb-bdad0f71af90/datanode-2/data/ratis] (custom)
2019-07-10 05:30:43,221 INFO  storage.RaftStorageDirectory (RaftStorageDirectory.java:analyzeStorage(246)) - The storage directory /tmp/workdir/hadoop-ozone/tools/target/test-dir/MiniOzoneClusterImpl-587e744c-4b24-421a-a7fb-bdad0f71af90/datanode-2/data/ratis/a09ade79-8ec0-4705-ab4b-029f80bd3f70 does not exist. Creating ...
2019-07-10 05:30:43,247 INFO  storage.RaftStorageDirectory (RaftStorageDirectory.java:tryLock(328)) - Lock on /tmp/workdir/hadoop-ozone/tools/target/test-dir/MiniOzoneClusterImpl-587e744c-4b24-421a-a7fb-bdad0f71af90/datanode-2/data/ratis/a09ade79-8ec0-4705-ab4b-029f80bd3f70/in_use.lock acquired by nodename 21157@hdds1735-lrt95-4085904335
2019-07-10 05:30:43,262 INFO  storage.RaftStorage (RaftStorage.java:format(72)) - Storage directory /tmp/workdir/hadoop-ozone/tools/target/test-dir/MiniOzoneClusterImpl-587e744c-4b24-421a-a7fb-bdad0f71af90/datanode-2/data/ratis/a09ade79-8ec0-4705-ab4b-029f80bd3f70 has been successfully formatted.
2019-07-10 05:30:43,263 INFO  ratis.ContainerStateMachine (ContainerStateMachine.java:loadSnapshot(198)) - The snapshot info is null.Setting the last applied index to:(t:0, i:~)
2019-07-10 05:30:43,264 INFO  server.RaftServerConfigKeys (ConfUtils.java:logGet(43)) - raft.server.leader.election.timeout = 120s (custom)
2019-07-10 05:30:43,265 INFO  server.RaftServerConfigKeys (ConfUtils.java:logGet(43)) - raft.server.log.use.memory = false (default)
2019-07-10 05:30:43,265 INFO  server.RaftServerConfigKeys (ConfUtils.java:logGet(43)) - raft.server.log.purge.gap = 1000000000 (custom)
2019-07-10 05:30:43,265 INFO  server.RaftServerConfigKeys (ConfUtils.java:logGet(43)) - raft.server.log.appender.buffer.byte-limit = 33554432 (custom)
2019-07-10 05:30:43,265 INFO  server.RaftServerConfigKeys (ConfUtils.java:logGet(43)) - raft.server.log.segment.size.max = 1048576 (custom)
2019-07-10 05:30:43,265 INFO  server.RaftServerConfigKeys (ConfUtils.java:logGet(43)) - raft.server.log.segment.cache.num.max = 2 (custom)
2019-07-10 05:30:43,266 INFO  segmented.SegmentedRaftLogWorker (SegmentedRaftLogWorker.java:<init>(172)) - new 40d6e57f-8571-40cf-9170-698c71b23faf-SegmentedRaftLogWorker:Storage Directory /tmp/workdir/hadoop-ozone/tools/target/test-dir/MiniOzoneClusterImpl-587e744c-4b24-421a-a7fb-bdad0f71af90/datanode-2/data/ratis/a09ade79-8ec0-4705-ab4b-029f80bd3f70 for RaftStorage:Storage Directory /tmp/workdir/hadoop-ozone/tools/target/test-dir/MiniOzoneClusterImpl-587e744c-4b24-421a-a7fb-bdad0f71af90/datanode-2/data/ratis/a09ade79-8ec0-4705-ab4b-029f80bd3f70
2019-07-10 05:30:43,267 INFO  server.RaftServerConfigKeys (ConfUtils.java:logGet(43)) - raft.server.log.queue.byte-limit = 2147483647 (custom)
2019-07-10 05:30:43,267 INFO  server.RaftServerConfigKeys (ConfUtils.java:logGet(43)) - raft.server.log.queue.element-limit = 1024 (custom)
2019-07-10 05:30:43,268 INFO  server.RaftServerConfigKeys (ConfUtils.java:logGet(43)) - raft.server.log.segment.size.max = 1048576 (custom)
2019-07-10 05:30:43,268 INFO  server.RaftServerConfigKeys (ConfUtils.java:logGet(43)) - raft.server.log.preallocated.size = 16384 (custom)
2019-07-10 05:30:43,268 INFO  server.RaftServerConfigKeys (ConfUtils.java:logGet(43)) - raft.server.log.write.buffer.size = 33554432 (custom)
2019-07-10 05:30:43,269 INFO  server.RaftServerConfigKeys (ConfUtils.java:logGet(43)) - raft.server.log.force.sync.num = 128 (default)
2019-07-10 05:30:43,269 INFO  server.RaftServerConfigKeys (ConfUtils.java:logGet(43)) - raft.server.log.statemachine.data.sync = true (default)
2019-07-10 05:30:43,269 INFO  server.RaftServerConfigKeys (ConfUtils.java:logGet(43)) - raft.server.log.statemachine.data.sync.timeout = 10s (default)
2019-07-10 05:30:43,270 INFO  server.RaftServerConfigKeys (ConfUtils.java:logGet(43)) - raft.server.log.statemachine.data.sync.timeout.retry = -1 (default)
2019-07-10 05:30:43,270 INFO  server.RaftServerConfigKeys (ConfUtils.java:logGet(43)) - raft.server.log.statemachine.data.caching.enabled = true (custom)
2019-07-10 05:30:43,271 INFO  segmented.SegmentedRaftLogWorker (SegmentedRaftLogWorker.java:lambda$new$0(132)) - 40d6e57f-8571-40cf-9170-698c71b23faf-SegmentedRaftLogWorker:Storage Directory /tmp/workdir/hadoop-ozone/tools/target/test-dir/MiniOzoneClusterImpl-587e744c-4b24-421a-a7fb-bdad0f71af90/datanode-2/data/ratis/a09ade79-8ec0-4705-ab4b-029f80bd3f70: flushIndex: setUnconditionally 0 -> -1
2019-07-10 05:30:43,271 INFO  server.RaftServerConfigKeys (ConfUtils.java:logGet(43)) - raft.server.snapshot.auto.trigger.enabled = true (custom)
2019-07-10 05:30:43,272 INFO  server.RaftServerConfigKeys (ConfUtils.java:logGet(43)) - raft.server.snapshot.auto.trigger.threshold = 10000 (custom)
2019-07-10 05:30:43,272 INFO  server.RaftServerConfigKeys (ConfUtils.java:logGet(43)) - raft.server.retrycache.expirytime = 600000ms (custom)
2019-07-10 05:30:43,273 INFO  impl.RaftServerImpl (RaftServerImpl.java:start(180)) - 40d6e57f-8571-40cf-9170-698c71b23faf: start group-029F80BD3F70
2019-07-10 05:30:43,273 INFO  impl.RaftServerImpl (RaftServerImpl.java:setRole(171)) - 40d6e57f-8571-40cf-9170-698c71b23faf:group-029F80BD3F70 changes role from null to FOLLOWER at term 0 for startAsFollower
2019-07-10 05:30:43,273 INFO  impl.RoleInfo (RoleInfo.java:updateAndGet(143)) - 40d6e57f-8571-40cf-9170-698c71b23faf: start FollowerState
2019-07-10 05:30:43,275 INFO  util.JmxRegister (JmxRegister.java:tryRegister(44)) - Successfully registered JMX Bean with object name Ratis:service=RaftServer,group=group-029F80BD3F70,id=40d6e57f-8571-40cf-9170-698c71b23faf
2019-07-10 05:30:43,293 INFO  pipeline.PipelineStateManager (PipelineStateManager.java:addPipeline(56)) - Created pipeline Pipeline[ Id: a09ade79-8ec0-4705-ab4b-029f80bd3f70, Nodes: 40d6e57f-8571-40cf-9170-698c71b23faf{ip: 192.168.69.125, host: hdds1735-lrt95-4085904335, networkLocation: /default-rack, certSerialId: null}, Type:RATIS, Factor:ONE, State:OPEN]
2019-07-10 05:30:43,314 INFO  impl.RaftServerProxy (RaftServerProxy.java:addNew(89)) - 1a04e0aa-3aef-47f2-8f0f-c5477652f054: addNew group-DCA0867757A3:[1a04e0aa-3aef-47f2-8f0f-c5477652f054:192.168.69.125:37494] returns group-DCA0867757A3:java.util.concurrent.CompletableFuture@54571bbc[Not completed]
2019-07-10 05:30:43,318 INFO  impl.RaftServerImpl (RaftServerImpl.java:<init>(93)) - 1a04e0aa-3aef-47f2-8f0f-c5477652f054: new RaftServerImpl for group-DCA0867757A3:[1a04e0aa-3aef-47f2-8f0f-c5477652f054:192.168.69.125:37494] with ContainerStateMachine:uninitialized
2019-07-10 05:30:43,319 INFO  server.RaftServerConfigKeys (ConfUtils.java:logGet(43)) - raft.server.rpc.timeout.min = 1s (custom)
2019-07-10 05:30:43,320 INFO  server.RaftServerConfigKeys (ConfUtils.java:logGet(43)) - raft.server.rpc.timeout.max = 1200ms (custom)
2019-07-10 05:30:43,320 INFO  server.RaftServerConfigKeys (ConfUtils.java:logGet(43)) - raft.server.rpcslowness.timeout = 120s (custom)
2019-07-10 05:30:43,320 INFO  server.RaftServerConfigKeys (ConfUtils.java:logGet(43)) - raft.server.sleep.deviation.threshold = 300 (default)
2019-07-10 05:30:43,320 INFO  server.RaftServerConfigKeys (ConfUtils.java:logGet(43)) - raft.server.log.appender.install.snapshot.enabled = false (custom)
2019-07-10 05:30:43,320 INFO  impl.RaftServerImpl (ServerState.java:<init>(105)) - 1a04e0aa-3aef-47f2-8f0f-c5477652f054:group-DCA0867757A3 ConfigurationManager, init=-1: [1a04e0aa-3aef-47f2-8f0f-c5477652f054:192.168.69.125:37494], old=null, confs=<EMPTY_MAP>
2019-07-10 05:30:43,320 INFO  server.RaftServerConfigKeys (ConfUtils.java:logGet(43)) - raft.server.storage.dir = [/tmp/workdir/hadoop-ozone/tools/target/test-dir/MiniOzoneClusterImpl-587e744c-4b24-421a-a7fb-bdad0f71af90/datanode-1/data/ratis] (custom)
2019-07-10 05:30:43,321 INFO  storage.RaftStorageDirectory (RaftStorageDirectory.java:analyzeStorage(246)) - The storage directory /tmp/workdir/hadoop-ozone/tools/target/test-dir/MiniOzoneClusterImpl-587e744c-4b24-421a-a7fb-bdad0f71af90/datanode-1/data/ratis/ab96e0ae-35af-4e9f-8aad-dca0867757a3 does not exist. Creating ...
2019-07-10 05:30:43,342 INFO  storage.RaftStorageDirectory (RaftStorageDirectory.java:tryLock(328)) - Lock on /tmp/workdir/hadoop-ozone/tools/target/test-dir/MiniOzoneClusterImpl-587e744c-4b24-421a-a7fb-bdad0f71af90/datanode-1/data/ratis/ab96e0ae-35af-4e9f-8aad-dca0867757a3/in_use.lock acquired by nodename 21157@hdds1735-lrt95-4085904335
2019-07-10 05:30:43,355 INFO  storage.RaftStorage (RaftStorage.java:format(72)) - Storage directory /tmp/workdir/hadoop-ozone/tools/target/test-dir/MiniOzoneClusterImpl-587e744c-4b24-421a-a7fb-bdad0f71af90/datanode-1/data/ratis/ab96e0ae-35af-4e9f-8aad-dca0867757a3 has been successfully formatted.
2019-07-10 05:30:43,355 INFO  ratis.ContainerStateMachine (ContainerStateMachine.java:loadSnapshot(198)) - The snapshot info is null.Setting the last applied index to:(t:0, i:~)
2019-07-10 05:30:43,356 INFO  server.RaftServerConfigKeys (ConfUtils.java:logGet(43)) - raft.server.leader.election.timeout = 120s (custom)
2019-07-10 05:30:43,356 INFO  server.RaftServerConfigKeys (ConfUtils.java:logGet(43)) - raft.server.log.use.memory = false (default)
2019-07-10 05:30:43,356 INFO  server.RaftServerConfigKeys (ConfUtils.java:logGet(43)) - raft.server.log.purge.gap = 1000000000 (custom)
2019-07-10 05:30:43,356 INFO  server.RaftServerConfigKeys (ConfUtils.java:logGet(43)) - raft.server.log.appender.buffer.byte-limit = 33554432 (custom)
2019-07-10 05:30:43,357 INFO  server.RaftServerConfigKeys (ConfUtils.java:logGet(43)) - raft.server.log.segment.size.max = 1048576 (custom)
2019-07-10 05:30:43,357 INFO  server.RaftServerConfigKeys (ConfUtils.java:logGet(43)) - raft.server.log.segment.cache.num.max = 2 (custom)
2019-07-10 05:30:43,357 INFO  segmented.SegmentedRaftLogWorker (SegmentedRaftLogWorker.java:<init>(172)) - new 1a04e0aa-3aef-47f2-8f0f-c5477652f054-SegmentedRaftLogWorker:Storage Directory /tmp/workdir/hadoop-ozone/tools/target/test-dir/MiniOzoneClusterImpl-587e744c-4b24-421a-a7fb-bdad0f71af90/datanode-1/data/ratis/ab96e0ae-35af-4e9f-8aad-dca0867757a3 for RaftStorage:Storage Directory /tmp/workdir/hadoop-ozone/tools/target/test-dir/MiniOzoneClusterImpl-587e744c-4b24-421a-a7fb-bdad0f71af90/datanode-1/data/ratis/ab96e0ae-35af-4e9f-8aad-dca0867757a3
2019-07-10 05:30:43,357 INFO  server.RaftServerConfigKeys (ConfUtils.java:logGet(43)) - raft.server.log.queue.byte-limit = 2147483647 (custom)
2019-07-10 05:30:43,358 INFO  server.RaftServerConfigKeys (ConfUtils.java:logGet(43)) - raft.server.log.queue.element-limit = 1024 (custom)
2019-07-10 05:30:43,358 INFO  server.RaftServerConfigKeys (ConfUtils.java:logGet(43)) - raft.server.log.segment.size.max = 1048576 (custom)
2019-07-10 05:30:43,358 INFO  server.RaftServerConfigKeys (ConfUtils.java:logGet(43)) - raft.server.log.preallocated.size = 16384 (custom)
2019-07-10 05:30:43,359 INFO  server.RaftServerConfigKeys (ConfUtils.java:logGet(43)) - raft.server.log.write.buffer.size = 33554432 (custom)
2019-07-10 05:30:43,359 INFO  server.RaftServerConfigKeys (ConfUtils.java:logGet(43)) - raft.server.log.force.sync.num = 128 (default)
2019-07-10 05:30:43,359 INFO  server.RaftServerConfigKeys (ConfUtils.java:logGet(43)) - raft.server.log.statemachine.data.sync = true (default)
2019-07-10 05:30:43,359 INFO  server.RaftServerConfigKeys (ConfUtils.java:logGet(43)) - raft.server.log.statemachine.data.sync.timeout = 10s (default)
2019-07-10 05:30:43,359 INFO  server.RaftServerConfigKeys (ConfUtils.java:logGet(43)) - raft.server.log.statemachine.data.sync.timeout.retry = -1 (default)
2019-07-10 05:30:43,360 INFO  server.RaftServerConfigKeys (ConfUtils.java:logGet(43)) - raft.server.log.statemachine.data.caching.enabled = true (custom)
2019-07-10 05:30:43,360 INFO  segmented.SegmentedRaftLogWorker (SegmentedRaftLogWorker.java:lambda$new$0(132)) - 1a04e0aa-3aef-47f2-8f0f-c5477652f054-SegmentedRaftLogWorker:Storage Directory /tmp/workdir/hadoop-ozone/tools/target/test-dir/MiniOzoneClusterImpl-587e744c-4b24-421a-a7fb-bdad0f71af90/datanode-1/data/ratis/ab96e0ae-35af-4e9f-8aad-dca0867757a3: flushIndex: setUnconditionally 0 -> -1
2019-07-10 05:30:43,361 INFO  server.RaftServerConfigKeys (ConfUtils.java:logGet(43)) - raft.server.snapshot.auto.trigger.enabled = true (custom)
2019-07-10 05:30:43,361 INFO  server.RaftServerConfigKeys (ConfUtils.java:logGet(43)) - raft.server.snapshot.auto.trigger.threshold = 10000 (custom)
2019-07-10 05:30:43,361 INFO  server.RaftServerConfigKeys (ConfUtils.java:logGet(43)) - raft.server.retrycache.expirytime = 600000ms (custom)
2019-07-10 05:30:43,362 INFO  impl.RaftServerImpl (RaftServerImpl.java:start(180)) - 1a04e0aa-3aef-47f2-8f0f-c5477652f054: start group-DCA0867757A3
2019-07-10 05:30:43,362 INFO  impl.RaftServerImpl (RaftServerImpl.java:setRole(171)) - 1a04e0aa-3aef-47f2-8f0f-c5477652f054:group-DCA0867757A3 changes role from null to FOLLOWER at term 0 for startAsFollower
2019-07-10 05:30:43,362 INFO  impl.RoleInfo (RoleInfo.java:updateAndGet(143)) - 1a04e0aa-3aef-47f2-8f0f-c5477652f054: start FollowerState
2019-07-10 05:30:43,363 INFO  util.JmxRegister (JmxRegister.java:tryRegister(44)) - Successfully registered JMX Bean with object name Ratis:service=RaftServer,group=group-DCA0867757A3,id=1a04e0aa-3aef-47f2-8f0f-c5477652f054
2019-07-10 05:30:43,374 INFO  pipeline.PipelineStateManager (PipelineStateManager.java:addPipeline(56)) - Created pipeline Pipeline[ Id: ab96e0ae-35af-4e9f-8aad-dca0867757a3, Nodes: 1a04e0aa-3aef-47f2-8f0f-c5477652f054{ip: 192.168.69.125, host: hdds1735-lrt95-4085904335, networkLocation: /default-rack, certSerialId: null}, Type:RATIS, Factor:ONE, State:OPEN]
2019-07-10 05:30:43,412 INFO  ozone.MiniOzoneClusterImpl (MiniOzoneClusterImpl.java:lambda$waitForClusterToBeReady$0(142)) - Cluster is ready. Got 3 of 3 DN Heartbeats.
2019-07-10 05:30:43,417 INFO  impl.RaftServerProxy (RaftServerProxy.java:addNew(89)) - 9c25cf13-0c21-4ac4-bbef-b0be8d0caf59: addNew group-EE565679AD62:[1a04e0aa-3aef-47f2-8f0f-c5477652f054:192.168.69.125:37494, 40d6e57f-8571-40cf-9170-698c71b23faf:192.168.69.125:35587, 9c25cf13-0c21-4ac4-bbef-b0be8d0caf59:192.168.69.125:46182] returns group-EE565679AD62:java.util.concurrent.CompletableFuture@401c0397[Not completed]
2019-07-10 05:30:43,417 INFO  impl.RaftServerProxy (RaftServerProxy.java:addNew(89)) - 40d6e57f-8571-40cf-9170-698c71b23faf: addNew group-EE565679AD62:[1a04e0aa-3aef-47f2-8f0f-c5477652f054:192.168.69.125:37494, 40d6e57f-8571-40cf-9170-698c71b23faf:192.168.69.125:35587, 9c25cf13-0c21-4ac4-bbef-b0be8d0caf59:192.168.69.125:46182] returns group-EE565679AD62:java.util.concurrent.CompletableFuture@724316f0[Not completed]
2019-07-10 05:30:43,417 INFO  impl.RaftServerProxy (RaftServerProxy.java:addNew(89)) - 1a04e0aa-3aef-47f2-8f0f-c5477652f054: addNew group-EE565679AD62:[1a04e0aa-3aef-47f2-8f0f-c5477652f054:192.168.69.125:37494, 40d6e57f-8571-40cf-9170-698c71b23faf:192.168.69.125:35587, 9c25cf13-0c21-4ac4-bbef-b0be8d0caf59:192.168.69.125:46182] returns group-EE565679AD62:java.util.concurrent.CompletableFuture@4b968f55[Not completed]
2019-07-10 05:30:43,418 INFO  impl.RaftServerImpl (RaftServerImpl.java:<init>(93)) - 9c25cf13-0c21-4ac4-bbef-b0be8d0caf59: new RaftServerImpl for group-EE565679AD62:[1a04e0aa-3aef-47f2-8f0f-c5477652f054:192.168.69.125:37494, 40d6e57f-8571-40cf-9170-698c71b23faf:192.168.69.125:35587, 9c25cf13-0c21-4ac4-bbef-b0be8d0caf59:192.168.69.125:46182] with ContainerStateMachine:uninitialized
2019-07-10 05:30:43,418 INFO  server.RaftServerConfigKeys (ConfUtils.java:logGet(43)) - raft.server.rpc.timeout.min = 1s (custom)
2019-07-10 05:30:43,418 INFO  server.RaftServerConfigKeys (ConfUtils.java:logGet(43)) - raft.server.rpc.timeout.max = 1200ms (custom)
2019-07-10 05:30:43,418 INFO  server.RaftServerConfigKeys (ConfUtils.java:logGet(43)) - raft.server.rpcslowness.timeout = 120s (custom)
2019-07-10 05:30:43,419 INFO  server.RaftServerConfigKeys (ConfUtils.java:logGet(43)) - raft.server.sleep.deviation.threshold = 300 (default)
2019-07-10 05:30:43,419 INFO  impl.RaftServerImpl (RaftServerImpl.java:<init>(93)) - 1a04e0aa-3aef-47f2-8f0f-c5477652f054: new RaftServerImpl for group-EE565679AD62:[1a04e0aa-3aef-47f2-8f0f-c5477652f054:192.168.69.125:37494, 40d6e57f-8571-40cf-9170-698c71b23faf:192.168.69.125:35587, 9c25cf13-0c21-4ac4-bbef-b0be8d0caf59:192.168.69.125:46182] with ContainerStateMachine:uninitialized
2019-07-10 05:30:43,419 INFO  server.RaftServerConfigKeys (ConfUtils.java:logGet(43)) - raft.server.log.appender.install.snapshot.enabled = false (custom)
2019-07-10 05:30:43,419 INFO  server.RaftServerConfigKeys (ConfUtils.java:logGet(43)) - raft.server.rpc.timeout.min = 1s (custom)
2019-07-10 05:30:43,419 INFO  impl.RaftServerImpl (ServerState.java:<init>(105)) - 9c25cf13-0c21-4ac4-bbef-b0be8d0caf59:group-EE565679AD62 ConfigurationManager, init=-1: [1a04e0aa-3aef-47f2-8f0f-c5477652f054:192.168.69.125:37494, 40d6e57f-8571-40cf-9170-698c71b23faf:192.168.69.125:35587, 9c25cf13-0c21-4ac4-bbef-b0be8d0caf59:192.168.69.125:46182], old=null, confs=<EMPTY_MAP>
2019-07-10 05:30:43,419 INFO  server.RaftServerConfigKeys (ConfUtils.java:logGet(43)) - raft.server.rpc.timeout.max = 1200ms (custom)
2019-07-10 05:30:43,419 INFO  impl.RaftServerImpl (RaftServerImpl.java:<init>(93)) - 40d6e57f-8571-40cf-9170-698c71b23faf: new RaftServerImpl for group-EE565679AD62:[1a04e0aa-3aef-47f2-8f0f-c5477652f054:192.168.69.125:37494, 40d6e57f-8571-40cf-9170-698c71b23faf:192.168.69.125:35587, 9c25cf13-0c21-4ac4-bbef-b0be8d0caf59:192.168.69.125:46182] with ContainerStateMachine:uninitialized
2019-07-10 05:30:43,419 INFO  server.RaftServerConfigKeys (ConfUtils.java:logGet(43)) - raft.server.storage.dir = [/tmp/workdir/hadoop-ozone/tools/target/test-dir/MiniOzoneClusterImpl-587e744c-4b24-421a-a7fb-bdad0f71af90/datanode-0/data/ratis] (custom)
2019-07-10 05:30:43,419 INFO  server.RaftServerConfigKeys (ConfUtils.java:logGet(43)) - raft.server.rpcslowness.timeout = 120s (custom)
2019-07-10 05:30:43,420 INFO  server.RaftServerConfigKeys (ConfUtils.java:logGet(43)) - raft.server.rpc.timeout.min = 1s (custom)
2019-07-10 05:30:43,420 INFO  server.RaftServerConfigKeys (ConfUtils.java:logGet(43)) - raft.server.sleep.deviation.threshold = 300 (default)
2019-07-10 05:30:43,420 INFO  server.RaftServerConfigKeys (ConfUtils.java:logGet(43)) - raft.server.rpc.timeout.max = 1200ms (custom)
2019-07-10 05:30:43,420 INFO  server.RaftServerConfigKeys (ConfUtils.java:logGet(43)) - raft.server.log.appender.install.snapshot.enabled = false (custom)
2019-07-10 05:30:43,420 INFO  storage.RaftStorageDirectory (RaftStorageDirectory.java:analyzeStorage(246)) - The storage directory /tmp/workdir/hadoop-ozone/tools/target/test-dir/MiniOzoneClusterImpl-587e744c-4b24-421a-a7fb-bdad0f71af90/datanode-0/data/ratis/bb7ba5c3-0458-4cfe-a4d6-ee565679ad62 does not exist. Creating ...
2019-07-10 05:30:43,420 INFO  impl.RaftServerImpl (ServerState.java:<init>(105)) - 1a04e0aa-3aef-47f2-8f0f-c5477652f054:group-EE565679AD62 ConfigurationManager, init=-1: [1a04e0aa-3aef-47f2-8f0f-c5477652f054:192.168.69.125:37494, 40d6e57f-8571-40cf-9170-698c71b23faf:192.168.69.125:35587, 9c25cf13-0c21-4ac4-bbef-b0be8d0caf59:192.168.69.125:46182], old=null, confs=<EMPTY_MAP>
2019-07-10 05:30:43,420 INFO  server.RaftServerConfigKeys (ConfUtils.java:logGet(43)) - raft.server.rpcslowness.timeout = 120s (custom)
2019-07-10 05:30:43,421 INFO  server.RaftServerConfigKeys (ConfUtils.java:logGet(43)) - raft.server.storage.dir = [/tmp/workdir/hadoop-ozone/tools/target/test-dir/MiniOzoneClusterImpl-587e744c-4b24-421a-a7fb-bdad0f71af90/datanode-1/data/ratis] (custom)
2019-07-10 05:30:43,421 INFO  server.RaftServerConfigKeys (ConfUtils.java:logGet(43)) - raft.server.sleep.deviation.threshold = 300 (default)
2019-07-10 05:30:43,421 INFO  server.RaftServerConfigKeys (ConfUtils.java:logGet(43)) - raft.server.log.appender.install.snapshot.enabled = false (custom)
2019-07-10 05:30:43,421 INFO  storage.RaftStorageDirectory (RaftStorageDirectory.java:analyzeStorage(246)) - The storage directory /tmp/workdir/hadoop-ozone/tools/target/test-dir/MiniOzoneClusterImpl-587e744c-4b24-421a-a7fb-bdad0f71af90/datanode-1/data/ratis/bb7ba5c3-0458-4cfe-a4d6-ee565679ad62 does not exist. Creating ...
2019-07-10 05:30:43,421 INFO  impl.RaftServerImpl (ServerState.java:<init>(105)) - 40d6e57f-8571-40cf-9170-698c71b23faf:group-EE565679AD62 ConfigurationManager, init=-1: [1a04e0aa-3aef-47f2-8f0f-c5477652f054:192.168.69.125:37494, 40d6e57f-8571-40cf-9170-698c71b23faf:192.168.69.125:35587, 9c25cf13-0c21-4ac4-bbef-b0be8d0caf59:192.168.69.125:46182], old=null, confs=<EMPTY_MAP>
2019-07-10 05:30:43,422 INFO  server.RaftServerConfigKeys (ConfUtils.java:logGet(43)) - raft.server.storage.dir = [/tmp/workdir/hadoop-ozone/tools/target/test-dir/MiniOzoneClusterImpl-587e744c-4b24-421a-a7fb-bdad0f71af90/datanode-2/data/ratis] (custom)
2019-07-10 05:30:43,422 INFO  storage.RaftStorageDirectory (RaftStorageDirectory.java:analyzeStorage(246)) - The storage directory /tmp/workdir/hadoop-ozone/tools/target/test-dir/MiniOzoneClusterImpl-587e744c-4b24-421a-a7fb-bdad0f71af90/datanode-2/data/ratis/bb7ba5c3-0458-4cfe-a4d6-ee565679ad62 does not exist. Creating ...
2019-07-10 05:30:43,446 INFO  storage.RaftStorageDirectory (RaftStorageDirectory.java:tryLock(328)) - Lock on /tmp/workdir/hadoop-ozone/tools/target/test-dir/MiniOzoneClusterImpl-587e744c-4b24-421a-a7fb-bdad0f71af90/datanode-2/data/ratis/bb7ba5c3-0458-4cfe-a4d6-ee565679ad62/in_use.lock acquired by nodename 21157@hdds1735-lrt95-4085904335
2019-07-10 05:30:43,446 INFO  storage.RaftStorageDirectory (RaftStorageDirectory.java:tryLock(328)) - Lock on /tmp/workdir/hadoop-ozone/tools/target/test-dir/MiniOzoneClusterImpl-587e744c-4b24-421a-a7fb-bdad0f71af90/datanode-0/data/ratis/bb7ba5c3-0458-4cfe-a4d6-ee565679ad62/in_use.lock acquired by nodename 21157@hdds1735-lrt95-4085904335
2019-07-10 05:30:43,446 INFO  storage.RaftStorageDirectory (RaftStorageDirectory.java:tryLock(328)) - Lock on /tmp/workdir/hadoop-ozone/tools/target/test-dir/MiniOzoneClusterImpl-587e744c-4b24-421a-a7fb-bdad0f71af90/datanode-1/data/ratis/bb7ba5c3-0458-4cfe-a4d6-ee565679ad62/in_use.lock acquired by nodename 21157@hdds1735-lrt95-4085904335
2019-07-10 05:30:43,460 INFO  storage.RaftStorage (RaftStorage.java:format(72)) - Storage directory /tmp/workdir/hadoop-ozone/tools/target/test-dir/MiniOzoneClusterImpl-587e744c-4b24-421a-a7fb-bdad0f71af90/datanode-1/data/ratis/bb7ba5c3-0458-4cfe-a4d6-ee565679ad62 has been successfully formatted.
2019-07-10 05:30:43,460 INFO  storage.RaftStorage (RaftStorage.java:format(72)) - Storage directory /tmp/workdir/hadoop-ozone/tools/target/test-dir/MiniOzoneClusterImpl-587e744c-4b24-421a-a7fb-bdad0f71af90/datanode-2/data/ratis/bb7ba5c3-0458-4cfe-a4d6-ee565679ad62 has been successfully formatted.
2019-07-10 05:30:43,460 INFO  storage.RaftStorage (RaftStorage.java:format(72)) - Storage directory /tmp/workdir/hadoop-ozone/tools/target/test-dir/MiniOzoneClusterImpl-587e744c-4b24-421a-a7fb-bdad0f71af90/datanode-0/data/ratis/bb7ba5c3-0458-4cfe-a4d6-ee565679ad62 has been successfully formatted.
2019-07-10 05:30:43,460 INFO  ratis.ContainerStateMachine (ContainerStateMachine.java:loadSnapshot(198)) - The snapshot info is null.Setting the last applied index to:(t:0, i:~)
2019-07-10 05:30:43,460 INFO  ratis.ContainerStateMachine (ContainerStateMachine.java:loadSnapshot(198)) - The snapshot info is null.Setting the last applied index to:(t:0, i:~)
2019-07-10 05:30:43,461 INFO  server.RaftServerConfigKeys (ConfUtils.java:logGet(43)) - raft.server.leader.election.timeout = 120s (custom)
2019-07-10 05:30:43,461 INFO  ratis.ContainerStateMachine (ContainerStateMachine.java:loadSnapshot(198)) - The snapshot info is null.Setting the last applied index to:(t:0, i:~)
2019-07-10 05:30:43,461 INFO  server.RaftServerConfigKeys (ConfUtils.java:logGet(43)) - raft.server.log.use.memory = false (default)
2019-07-10 05:30:43,461 INFO  server.RaftServerConfigKeys (ConfUtils.java:logGet(43)) - raft.server.leader.election.timeout = 120s (custom)
2019-07-10 05:30:43,461 INFO  server.RaftServerConfigKeys (ConfUtils.java:logGet(43)) - raft.server.log.purge.gap = 1000000000 (custom)
2019-07-10 05:30:43,461 INFO  server.RaftServerConfigKeys (ConfUtils.java:logGet(43)) - raft.server.leader.election.timeout = 120s (custom)
2019-07-10 05:30:43,462 INFO  server.RaftServerConfigKeys (ConfUtils.java:logGet(43)) - raft.server.log.appender.buffer.byte-limit = 33554432 (custom)
2019-07-10 05:30:43,461 INFO  server.RaftServerConfigKeys (ConfUtils.java:logGet(43)) - raft.server.log.use.memory = false (default)
2019-07-10 05:30:43,462 INFO  server.RaftServerConfigKeys (ConfUtils.java:logGet(43)) - raft.server.log.segment.size.max = 1048576 (custom)
2019-07-10 05:30:43,462 INFO  server.RaftServerConfigKeys (ConfUtils.java:logGet(43)) - raft.server.log.use.memory = false (default)
2019-07-10 05:30:43,462 INFO  server.RaftServerConfigKeys (ConfUtils.java:logGet(43)) - raft.server.log.segment.cache.num.max = 2 (custom)
2019-07-10 05:30:43,462 INFO  server.RaftServerConfigKeys (ConfUtils.java:logGet(43)) - raft.server.log.purge.gap = 1000000000 (custom)
2019-07-10 05:30:43,463 INFO  segmented.SegmentedRaftLogWorker (SegmentedRaftLogWorker.java:<init>(172)) - new 40d6e57f-8571-40cf-9170-698c71b23faf-SegmentedRaftLogWorker:Storage Directory /tmp/workdir/hadoop-ozone/tools/target/test-dir/MiniOzoneClusterImpl-587e744c-4b24-421a-a7fb-bdad0f71af90/datanode-2/data/ratis/bb7ba5c3-0458-4cfe-a4d6-ee565679ad62 for RaftStorage:Storage Directory /tmp/workdir/hadoop-ozone/tools/target/test-dir/MiniOzoneClusterImpl-587e744c-4b24-421a-a7fb-bdad0f71af90/datanode-2/data/ratis/bb7ba5c3-0458-4cfe-a4d6-ee565679ad62
2019-07-10 05:30:43,462 INFO  server.RaftServerConfigKeys (ConfUtils.java:logGet(43)) - raft.server.log.purge.gap = 1000000000 (custom)
2019-07-10 05:30:43,463 INFO  server.RaftServerConfigKeys (ConfUtils.java:logGet(43)) - raft.server.log.queue.byte-limit = 2147483647 (custom)
2019-07-10 05:30:43,463 INFO  server.RaftServerConfigKeys (ConfUtils.java:logGet(43)) - raft.server.log.appender.buffer.byte-limit = 33554432 (custom)
2019-07-10 05:30:43,464 INFO  server.RaftServerConfigKeys (ConfUtils.java:logGet(43)) - raft.server.log.queue.element-limit = 1024 (custom)
2019-07-10 05:30:43,463 INFO  server.RaftServerConfigKeys (ConfUtils.java:logGet(43)) - raft.server.log.appender.buffer.byte-limit = 33554432 (custom)
2019-07-10 05:30:43,465 INFO  server.RaftServerConfigKeys (ConfUtils.java:logGet(43)) - raft.server.log.segment.size.max = 1048576 (custom)
2019-07-10 05:30:43,465 INFO  server.RaftServerConfigKeys (ConfUtils.java:logGet(43)) - raft.server.log.segment.size.max = 1048576 (custom)
2019-07-10 05:30:43,465 INFO  server.RaftServerConfigKeys (ConfUtils.java:logGet(43)) - raft.server.log.preallocated.size = 16384 (custom)
2019-07-10 05:30:43,465 INFO  server.RaftServerConfigKeys (ConfUtils.java:logGet(43)) - raft.server.log.segment.size.max = 1048576 (custom)
2019-07-10 05:30:43,465 INFO  server.RaftServerConfigKeys (ConfUtils.java:logGet(43)) - raft.server.log.write.buffer.size = 33554432 (custom)
2019-07-10 05:30:43,465 INFO  server.RaftServerConfigKeys (ConfUtils.java:logGet(43)) - raft.server.log.segment.cache.num.max = 2 (custom)
2019-07-10 05:30:43,466 INFO  server.RaftServerConfigKeys (ConfUtils.java:logGet(43)) - raft.server.log.force.sync.num = 128 (default)
2019-07-10 05:30:43,466 INFO  server.RaftServerConfigKeys (ConfUtils.java:logGet(43)) - raft.server.log.segment.cache.num.max = 2 (custom)
2019-07-10 05:30:43,466 INFO  server.RaftServerConfigKeys (ConfUtils.java:logGet(43)) - raft.server.log.statemachine.data.sync = true (default)
2019-07-10 05:30:43,466 INFO  segmented.SegmentedRaftLogWorker (SegmentedRaftLogWorker.java:<init>(172)) - new 1a04e0aa-3aef-47f2-8f0f-c5477652f054-SegmentedRaftLogWorker:Storage Directory /tmp/workdir/hadoop-ozone/tools/target/test-dir/MiniOzoneClusterImpl-587e744c-4b24-421a-a7fb-bdad0f71af90/datanode-1/data/ratis/bb7ba5c3-0458-4cfe-a4d6-ee565679ad62 for RaftStorage:Storage Directory /tmp/workdir/hadoop-ozone/tools/target/test-dir/MiniOzoneClusterImpl-587e744c-4b24-421a-a7fb-bdad0f71af90/datanode-1/data/ratis/bb7ba5c3-0458-4cfe-a4d6-ee565679ad62
2019-07-10 05:30:43,466 INFO  server.RaftServerConfigKeys (ConfUtils.java:logGet(43)) - raft.server.log.statemachine.data.sync.timeout = 10s (default)
2019-07-10 05:30:43,466 INFO  segmented.SegmentedRaftLogWorker (SegmentedRaftLogWorker.java:<init>(172)) - new 9c25cf13-0c21-4ac4-bbef-b0be8d0caf59-SegmentedRaftLogWorker:Storage Directory /tmp/workdir/hadoop-ozone/tools/target/test-dir/MiniOzoneClusterImpl-587e744c-4b24-421a-a7fb-bdad0f71af90/datanode-0/data/ratis/bb7ba5c3-0458-4cfe-a4d6-ee565679ad62 for RaftStorage:Storage Directory /tmp/workdir/hadoop-ozone/tools/target/test-dir/MiniOzoneClusterImpl-587e744c-4b24-421a-a7fb-bdad0f71af90/datanode-0/data/ratis/bb7ba5c3-0458-4cfe-a4d6-ee565679ad62
2019-07-10 05:30:43,467 INFO  server.RaftServerConfigKeys (ConfUtils.java:logGet(43)) - raft.server.log.statemachine.data.sync.timeout.retry = -1 (default)
2019-07-10 05:30:43,466 INFO  server.RaftServerConfigKeys (ConfUtils.java:logGet(43)) - raft.server.log.queue.byte-limit = 2147483647 (custom)
2019-07-10 05:30:43,469 INFO  server.RaftServerConfigKeys (ConfUtils.java:logGet(43)) - raft.server.log.statemachine.data.caching.enabled = true (custom)
2019-07-10 05:30:43,468 INFO  server.RaftServerConfigKeys (ConfUtils.java:logGet(43)) - raft.server.log.queue.byte-limit = 2147483647 (custom)
2019-07-10 05:30:43,470 INFO  segmented.SegmentedRaftLogWorker (SegmentedRaftLogWorker.java:lambda$new$0(132)) - 40d6e57f-8571-40cf-9170-698c71b23faf-SegmentedRaftLogWorker:Storage Directory /tmp/workdir/hadoop-ozone/tools/target/test-dir/MiniOzoneClusterImpl-587e744c-4b24-421a-a7fb-bdad0f71af90/datanode-2/data/ratis/bb7ba5c3-0458-4cfe-a4d6-ee565679ad62: flushIndex: setUnconditionally 0 -> -1
2019-07-10 05:30:43,469 INFO  server.RaftServerConfigKeys (ConfUtils.java:logGet(43)) - raft.server.log.queue.element-limit = 1024 (custom)
2019-07-10 05:30:43,470 INFO  server.RaftServerConfigKeys (ConfUtils.java:logGet(43)) - raft.server.log.queue.element-limit = 1024 (custom)
2019-07-10 05:30:43,470 INFO  server.RaftServerConfigKeys (ConfUtils.java:logGet(43)) - raft.server.snapshot.auto.trigger.enabled = true (custom)
2019-07-10 05:30:43,470 INFO  server.RaftServerConfigKeys (ConfUtils.java:logGet(43)) - raft.server.log.segment.size.max = 1048576 (custom)
2019-07-10 05:30:43,471 INFO  server.RaftServerConfigKeys (ConfUtils.java:logGet(43)) - raft.server.snapshot.auto.trigger.threshold = 10000 (custom)
2019-07-10 05:30:43,470 INFO  server.RaftServerConfigKeys (ConfUtils.java:logGet(43)) - raft.server.log.segment.size.max = 1048576 (custom)
2019-07-10 05:30:43,471 INFO  server.RaftServerConfigKeys (ConfUtils.java:logGet(43)) - raft.server.retrycache.expirytime = 600000ms (custom)
2019-07-10 05:30:43,471 INFO  server.RaftServerConfigKeys (ConfUtils.java:logGet(43)) - raft.server.log.preallocated.size = 16384 (custom)
2019-07-10 05:30:43,471 INFO  server.RaftServerConfigKeys (ConfUtils.java:logGet(43)) - raft.server.log.preallocated.size = 16384 (custom)
2019-07-10 05:30:43,471 INFO  server.RaftServerConfigKeys (ConfUtils.java:logGet(43)) - raft.server.log.write.buffer.size = 33554432 (custom)
2019-07-10 05:30:43,471 INFO  impl.RaftServerImpl (RaftServerImpl.java:start(180)) - 40d6e57f-8571-40cf-9170-698c71b23faf: start group-EE565679AD62
2019-07-10 05:30:43,471 INFO  server.RaftServerConfigKeys (ConfUtils.java:logGet(43)) - raft.server.log.force.sync.num = 128 (default)
2019-07-10 05:30:43,471 INFO  server.RaftServerConfigKeys (ConfUtils.java:logGet(43)) - raft.server.log.write.buffer.size = 33554432 (custom)
2019-07-10 05:30:43,472 INFO  server.RaftServerConfigKeys (ConfUtils.java:logGet(43)) - raft.server.log.statemachine.data.sync = true (default)
2019-07-10 05:30:43,472 INFO  impl.RaftServerImpl (RaftServerImpl.java:setRole(171)) - 40d6e57f-8571-40cf-9170-698c71b23faf:group-EE565679AD62 changes role from null to FOLLOWER at term 0 for startAsFollower
2019-07-10 05:30:43,472 INFO  server.RaftServerConfigKeys (ConfUtils.java:logGet(43)) - raft.server.log.statemachine.data.sync.timeout = 10s (default)
2019-07-10 05:30:43,472 INFO  server.RaftServerConfigKeys (ConfUtils.java:logGet(43)) - raft.server.log.force.sync.num = 128 (default)
2019-07-10 05:30:43,472 INFO  server.RaftServerConfigKeys (ConfUtils.java:logGet(43)) - raft.server.log.statemachine.data.sync.timeout.retry = -1 (default)
2019-07-10 05:30:43,472 INFO  impl.RoleInfo (RoleInfo.java:updateAndGet(143)) - 40d6e57f-8571-40cf-9170-698c71b23faf: start FollowerState
2019-07-10 05:30:43,473 INFO  server.RaftServerConfigKeys (ConfUtils.java:logGet(43)) - raft.server.log.statemachine.data.caching.enabled = true (custom)
2019-07-10 05:30:43,472 INFO  server.RaftServerConfigKeys (ConfUtils.java:logGet(43)) - raft.server.log.statemachine.data.sync = true (default)
2019-07-10 05:30:43,473 INFO  segmented.SegmentedRaftLogWorker (SegmentedRaftLogWorker.java:lambda$new$0(132)) - 1a04e0aa-3aef-47f2-8f0f-c5477652f054-SegmentedRaftLogWorker:Storage Directory /tmp/workdir/hadoop-ozone/tools/target/test-dir/MiniOzoneClusterImpl-587e744c-4b24-421a-a7fb-bdad0f71af90/datanode-1/data/ratis/bb7ba5c3-0458-4cfe-a4d6-ee565679ad62: flushIndex: setUnconditionally 0 -> -1
2019-07-10 05:30:43,473 INFO  util.JmxRegister (JmxRegister.java:tryRegister(44)) - Successfully registered JMX Bean with object name Ratis:service=RaftServer,group=group-EE565679AD62,id=40d6e57f-8571-40cf-9170-698c71b23faf
2019-07-10 05:30:43,473 INFO  server.RaftServerConfigKeys (ConfUtils.java:logGet(43)) - raft.server.log.statemachine.data.sync.timeout = 10s (default)
2019-07-10 05:30:43,473 INFO  server.RaftServerConfigKeys (ConfUtils.java:logGet(43)) - raft.server.snapshot.auto.trigger.enabled = true (custom)
2019-07-10 05:30:43,473 INFO  server.RaftServerConfigKeys (ConfUtils.java:logGet(43)) - raft.server.log.statemachine.data.sync.timeout.retry = -1 (default)
2019-07-10 05:30:43,474 INFO  server.RaftServerConfigKeys (ConfUtils.java:logGet(43)) - raft.server.snapshot.auto.trigger.threshold = 10000 (custom)
2019-07-10 05:30:43,474 INFO  server.RaftServerConfigKeys (ConfUtils.java:logGet(43)) - raft.server.log.statemachine.data.caching.enabled = true (custom)
2019-07-10 05:30:43,474 INFO  server.RaftServerConfigKeys (ConfUtils.java:logGet(43)) - raft.server.retrycache.expirytime = 600000ms (custom)
2019-07-10 05:30:43,475 INFO  segmented.SegmentedRaftLogWorker (SegmentedRaftLogWorker.java:lambda$new$0(132)) - 9c25cf13-0c21-4ac4-bbef-b0be8d0caf59-SegmentedRaftLogWorker:Storage Directory /tmp/workdir/hadoop-ozone/tools/target/test-dir/MiniOzoneClusterImpl-587e744c-4b24-421a-a7fb-bdad0f71af90/datanode-0/data/ratis/bb7ba5c3-0458-4cfe-a4d6-ee565679ad62: flushIndex: setUnconditionally 0 -> -1
2019-07-10 05:30:43,476 INFO  impl.RaftServerImpl (RaftServerImpl.java:start(180)) - 1a04e0aa-3aef-47f2-8f0f-c5477652f054: start group-EE565679AD62
2019-07-10 05:30:43,476 INFO  impl.RaftServerImpl (RaftServerImpl.java:setRole(171)) - 1a04e0aa-3aef-47f2-8f0f-c5477652f054:group-EE565679AD62 changes role from null to FOLLOWER at term 0 for startAsFollower
2019-07-10 05:30:43,476 INFO  server.RaftServerConfigKeys (ConfUtils.java:logGet(43)) - raft.server.snapshot.auto.trigger.enabled = true (custom)
2019-07-10 05:30:43,477 INFO  impl.RoleInfo (RoleInfo.java:updateAndGet(143)) - 1a04e0aa-3aef-47f2-8f0f-c5477652f054: start FollowerState
2019-07-10 05:30:43,478 INFO  server.RaftServerConfigKeys (ConfUtils.java:logGet(43)) - raft.server.snapshot.auto.trigger.threshold = 10000 (custom)
2019-07-10 05:30:43,483 INFO  util.JmxRegister (JmxRegister.java:tryRegister(44)) - Successfully registered JMX Bean with object name Ratis:service=RaftServer,group=group-EE565679AD62,id=1a04e0aa-3aef-47f2-8f0f-c5477652f054
2019-07-10 05:30:43,483 INFO  server.RaftServerConfigKeys (ConfUtils.java:logGet(43)) - raft.server.retrycache.expirytime = 600000ms (custom)
2019-07-10 05:30:43,485 INFO  impl.RaftServerImpl (RaftServerImpl.java:start(180)) - 9c25cf13-0c21-4ac4-bbef-b0be8d0caf59: start group-EE565679AD62
2019-07-10 05:30:43,485 INFO  impl.RaftServerImpl (RaftServerImpl.java:setRole(171)) - 9c25cf13-0c21-4ac4-bbef-b0be8d0caf59:group-EE565679AD62 changes role from null to FOLLOWER at term 0 for startAsFollower
2019-07-10 05:30:43,486 INFO  impl.RoleInfo (RoleInfo.java:updateAndGet(143)) - 9c25cf13-0c21-4ac4-bbef-b0be8d0caf59: start FollowerState
2019-07-10 05:30:43,488 INFO  util.JmxRegister (JmxRegister.java:tryRegister(44)) - Successfully registered JMX Bean with object name Ratis:service=RaftServer,group=group-EE565679AD62,id=9c25cf13-0c21-4ac4-bbef-b0be8d0caf59
2019-07-10 05:30:43,516 INFO  pipeline.PipelineStateManager (PipelineStateManager.java:addPipeline(56)) - Created pipeline Pipeline[ Id: bb7ba5c3-0458-4cfe-a4d6-ee565679ad62, Nodes: 40d6e57f-8571-40cf-9170-698c71b23faf{ip: 192.168.69.125, host: hdds1735-lrt95-4085904335, networkLocation: /default-rack, certSerialId: null}9c25cf13-0c21-4ac4-bbef-b0be8d0caf59{ip: 192.168.69.125, host: hdds1735-lrt95-4085904335, networkLocation: /default-rack, certSerialId: null}1a04e0aa-3aef-47f2-8f0f-c5477652f054{ip: 192.168.69.125, host: hdds1735-lrt95-4085904335, networkLocation: /default-rack, certSerialId: null}, Type:RATIS, Factor:THREE, State:OPEN]
2019-07-10 05:30:43,835 INFO  freon.RandomKeyGenerator (RandomKeyGenerator.java:call(262)) - Number of Threads: 10
2019-07-10 05:30:43,836 INFO  freon.RandomKeyGenerator (RandomKeyGenerator.java:call(267)) - Number of Volumes: 1.
2019-07-10 05:30:43,836 INFO  freon.RandomKeyGenerator (RandomKeyGenerator.java:call(268)) - Number of Buckets per Volume: 1.
2019-07-10 05:30:43,836 INFO  freon.RandomKeyGenerator (RandomKeyGenerator.java:call(269)) - Number of Keys per Bucket: 1.
2019-07-10 05:30:43,836 INFO  freon.RandomKeyGenerator (RandomKeyGenerator.java:call(270)) - Key size: 20971520 bytes
2019-07-10 05:30:43,837 INFO  freon.RandomKeyGenerator (RandomKeyGenerator.java:call(271)) - Buffer size: 4096 bytes
2019-07-10 05:30:43,838 INFO  freon.RandomKeyGenerator (RandomKeyGenerator.java:call(286)) - Data validation is enabled.
2019-07-10 05:30:43,839 INFO  freon.RandomKeyGenerator (RandomKeyGenerator.java:call(299)) - Starting progress bar Thread.

 0.00% |█                                                                                                    |  0/1 Time: 0:00:002019-07-10 05:30:43,875 INFO  rpc.RpcClient (RpcClient.java:createVolume(289)) - Creating Volume: vol-0-00102, with jenkins1000 as owner.
2019-07-10 05:30:43,923 INFO  rpc.RpcClient (RpcClient.java:createBucket(426)) - Creating Bucket: vol-0-00102/bucket-0-59017, with Versioning false and Storage Type set to DISK and Encryption set to false 
2019-07-10 05:30:44,218 INFO  impl.FollowerState (FollowerState.java:run(106)) - 9c25cf13-0c21-4ac4-bbef-b0be8d0caf59:group-D49AA7CF14C3 changes to CANDIDATE, lastRpcTime:1133, electionTimeout:1131ms
2019-07-10 05:30:44,220 INFO  impl.RoleInfo (RoleInfo.java:shutdownFollowerState(121)) - 9c25cf13-0c21-4ac4-bbef-b0be8d0caf59: shutdown FollowerState
2019-07-10 05:30:44,220 INFO  impl.RaftServerImpl (RaftServerImpl.java:setRole(171)) - 9c25cf13-0c21-4ac4-bbef-b0be8d0caf59:group-D49AA7CF14C3 changes role from FOLLOWER to CANDIDATE at term 0 for changeToCandidate
2019-07-10 05:30:44,228 INFO  impl.RoleInfo (RoleInfo.java:updateAndGet(143)) - 9c25cf13-0c21-4ac4-bbef-b0be8d0caf59: start LeaderElection
2019-07-10 05:30:44,249 INFO  impl.LeaderElection (LeaderElection.java:askForVotes(181)) - 9c25cf13-0c21-4ac4-bbef-b0be8d0caf59:group-D49AA7CF14C3:LeaderElection1: begin an election at term 1 for -1: [9c25cf13-0c21-4ac4-bbef-b0be8d0caf59:192.168.69.125:46182], old=null
2019-07-10 05:30:44,252 INFO  impl.RoleInfo (RoleInfo.java:shutdownLeaderElection(134)) - 9c25cf13-0c21-4ac4-bbef-b0be8d0caf59: shutdown LeaderElection
2019-07-10 05:30:44,253 INFO  impl.RaftServerImpl (RaftServerImpl.java:setRole(171)) - 9c25cf13-0c21-4ac4-bbef-b0be8d0caf59:group-D49AA7CF14C3 changes role from CANDIDATE to LEADER at term 1 for changeToLeader
2019-07-10 05:30:44,253 INFO  impl.RaftServerImpl (ServerState.java:setLeader(263)) - 9c25cf13-0c21-4ac4-bbef-b0be8d0caf59:group-D49AA7CF14C3 change Leader from null to 9c25cf13-0c21-4ac4-bbef-b0be8d0caf59 at term 1 for becomeLeader, leader elected after 1556ms
2019-07-10 05:30:44,262 INFO  server.RaftServerConfigKeys (ConfUtils.java:logGet(43)) - raft.server.staging.catchup.gap = 1000 (default)
2019-07-10 05:30:44,262 INFO  server.RaftServerConfigKeys (ConfUtils.java:logGet(43)) - raft.server.rpc.sleep.time = 25ms (default)
2019-07-10 05:30:44,267 INFO  server.RaftServerConfigKeys (ConfUtils.java:logGet(43)) - raft.server.write.element-limit = 4096 (default)
2019-07-10 05:30:44,271 INFO  server.RaftServerConfigKeys (ConfUtils.java:logGet(43)) - raft.server.watch.timeout = 10s (default)
2019-07-10 05:30:44,271 INFO  server.RaftServerConfigKeys (ConfUtils.java:logGet(43)) - raft.server.watch.timeout.denomination = 1s (default)
2019-07-10 05:30:44,272 INFO  server.RaftServerConfigKeys (ConfUtils.java:logGet(43)) - raft.server.watch.element-limit = 65536 (default)
2019-07-10 05:30:44,278 INFO  client.GrpcClientProtocolClient (GrpcClientProtocolClient.java:onNext(255)) - client-BBDD3DDB55D5->40d6e57f-8571-40cf-9170-698c71b23faf: receive RaftClientReply:client-BBDD3DDB55D5->40d6e57f-8571-40cf-9170-698c71b23faf@group-EE565679AD62, cid=6, FAILED org.apache.ratis.protocol.NotLeaderException: Server 40d6e57f-8571-40cf-9170-698c71b23faf is not the leader (null). Request must be sent to leader., logIndex=0, commits[40d6e57f-8571-40cf-9170-698c71b23faf:c-1]
2019-07-10 05:30:44,288 INFO  impl.RoleInfo (RoleInfo.java:updateAndGet(143)) - 9c25cf13-0c21-4ac4-bbef-b0be8d0caf59: start LeaderState
2019-07-10 05:30:44,317 INFO  segmented.SegmentedRaftLogWorker (SegmentedRaftLogWorker.java:startLogSegment(380)) - 9c25cf13-0c21-4ac4-bbef-b0be8d0caf59-SegmentedRaftLogWorker:Storage Directory /tmp/workdir/hadoop-ozone/tools/target/test-dir/MiniOzoneClusterImpl-587e744c-4b24-421a-a7fb-bdad0f71af90/datanode-0/data/ratis/e7889980-7175-4168-a125-d49aa7cf14c3: Starting segment from index:0
2019-07-10 05:30:44,327 INFO  impl.RaftServerImpl (ServerState.java:setRaftConf(361)) - 9c25cf13-0c21-4ac4-bbef-b0be8d0caf59:group-D49AA7CF14C3 set configuration 0: [9c25cf13-0c21-4ac4-bbef-b0be8d0caf59:192.168.69.125:46182], old=null at 0
2019-07-10 05:30:44,449 INFO  impl.FollowerState (FollowerState.java:run(106)) - 40d6e57f-8571-40cf-9170-698c71b23faf:group-029F80BD3F70 changes to CANDIDATE, lastRpcTime:1176, electionTimeout:1174ms
2019-07-10 05:30:44,450 INFO  impl.RoleInfo (RoleInfo.java:shutdownFollowerState(121)) - 40d6e57f-8571-40cf-9170-698c71b23faf: shutdown FollowerState
2019-07-10 05:30:44,450 INFO  impl.RaftServerImpl (RaftServerImpl.java:setRole(171)) - 40d6e57f-8571-40cf-9170-698c71b23faf:group-029F80BD3F70 changes role from FOLLOWER to CANDIDATE at term 0 for changeToCandidate
2019-07-10 05:30:44,451 INFO  impl.RoleInfo (RoleInfo.java:updateAndGet(143)) - 40d6e57f-8571-40cf-9170-698c71b23faf: start LeaderElection
2019-07-10 05:30:44,468 INFO  impl.LeaderElection (LeaderElection.java:askForVotes(181)) - 40d6e57f-8571-40cf-9170-698c71b23faf:group-029F80BD3F70:LeaderElection2: begin an election at term 1 for -1: [40d6e57f-8571-40cf-9170-698c71b23faf:192.168.69.125:35587], old=null
2019-07-10 05:30:44,470 INFO  impl.RoleInfo (RoleInfo.java:shutdownLeaderElection(134)) - 40d6e57f-8571-40cf-9170-698c71b23faf: shutdown LeaderElection
2019-07-10 05:30:44,470 INFO  impl.RaftServerImpl (RaftServerImpl.java:setRole(171)) - 40d6e57f-8571-40cf-9170-698c71b23faf:group-029F80BD3F70 changes role from CANDIDATE to LEADER at term 1 for changeToLeader
2019-07-10 05:30:44,470 INFO  impl.RaftServerImpl (ServerState.java:setLeader(263)) - 40d6e57f-8571-40cf-9170-698c71b23faf:group-029F80BD3F70 change Leader from null to 40d6e57f-8571-40cf-9170-698c71b23faf at term 1 for becomeLeader, leader elected after 1205ms
2019-07-10 05:30:44,470 INFO  server.RaftServerConfigKeys (ConfUtils.java:logGet(43)) - raft.server.staging.catchup.gap = 1000 (default)
2019-07-10 05:30:44,471 INFO  server.RaftServerConfigKeys (ConfUtils.java:logGet(43)) - raft.server.rpc.sleep.time = 25ms (default)
2019-07-10 05:30:44,471 INFO  server.RaftServerConfigKeys (ConfUtils.java:logGet(43)) - raft.server.write.element-limit = 4096 (default)
2019-07-10 05:30:44,471 INFO  server.RaftServerConfigKeys (ConfUtils.java:logGet(43)) - raft.server.watch.timeout = 10s (default)
2019-07-10 05:30:44,471 INFO  server.RaftServerConfigKeys (ConfUtils.java:logGet(43)) - raft.server.watch.timeout.denomination = 1s (default)
2019-07-10 05:30:44,472 INFO  server.RaftServerConfigKeys (ConfUtils.java:logGet(43)) - raft.server.watch.element-limit = 65536 (default)
2019-07-10 05:30:44,472 INFO  impl.RoleInfo (RoleInfo.java:updateAndGet(143)) - 40d6e57f-8571-40cf-9170-698c71b23faf: start LeaderState
2019-07-10 05:30:44,472 INFO  segmented.SegmentedRaftLogWorker (SegmentedRaftLogWorker.java:startLogSegment(380)) - 40d6e57f-8571-40cf-9170-698c71b23faf-SegmentedRaftLogWorker:Storage Directory /tmp/workdir/hadoop-ozone/tools/target/test-dir/MiniOzoneClusterImpl-587e744c-4b24-421a-a7fb-bdad0f71af90/datanode-2/data/ratis/a09ade79-8ec0-4705-ab4b-029f80bd3f70: Starting segment from index:0
2019-07-10 05:30:44,473 INFO  impl.RaftServerImpl (ServerState.java:setRaftConf(361)) - 40d6e57f-8571-40cf-9170-698c71b23faf:group-029F80BD3F70 set configuration 0: [40d6e57f-8571-40cf-9170-698c71b23faf:192.168.69.125:35587], old=null at 0
2019-07-10 05:30:44,494 INFO  impl.FollowerState (FollowerState.java:run(106)) - 40d6e57f-8571-40cf-9170-698c71b23faf:group-EE565679AD62 changes to CANDIDATE, lastRpcTime:1021, electionTimeout:1021ms
2019-07-10 05:30:44,494 INFO  impl.RoleInfo (RoleInfo.java:shutdownFollowerState(121)) - 40d6e57f-8571-40cf-9170-698c71b23faf: shutdown FollowerState
2019-07-10 05:30:44,495 INFO  impl.RaftServerImpl (RaftServerImpl.java:setRole(171)) - 40d6e57f-8571-40cf-9170-698c71b23faf:group-EE565679AD62 changes role from FOLLOWER to CANDIDATE at term 0 for changeToCandidate
2019-07-10 05:30:44,495 INFO  impl.RoleInfo (RoleInfo.java:updateAndGet(143)) - 40d6e57f-8571-40cf-9170-698c71b23faf: start LeaderElection
2019-07-10 05:30:44,509 INFO  impl.FollowerState (FollowerState.java:run(106)) - 9c25cf13-0c21-4ac4-bbef-b0be8d0caf59:group-EE565679AD62 changes to CANDIDATE, lastRpcTime:1022, electionTimeout:1021ms
2019-07-10 05:30:44,509 INFO  impl.RoleInfo (RoleInfo.java:shutdownFollowerState(121)) - 9c25cf13-0c21-4ac4-bbef-b0be8d0caf59: shutdown FollowerState
2019-07-10 05:30:44,510 INFO  impl.RaftServerImpl (RaftServerImpl.java:setRole(171)) - 9c25cf13-0c21-4ac4-bbef-b0be8d0caf59:group-EE565679AD62 changes role from FOLLOWER to CANDIDATE at term 0 for changeToCandidate
2019-07-10 05:30:44,510 INFO  impl.RoleInfo (RoleInfo.java:updateAndGet(143)) - 9c25cf13-0c21-4ac4-bbef-b0be8d0caf59: start LeaderElection
2019-07-10 05:30:44,514 INFO  segmented.SegmentedRaftLogWorker (SegmentedRaftLogWorker.java:execute(569)) - 40d6e57f-8571-40cf-9170-698c71b23faf-SegmentedRaftLogWorker:Storage Directory /tmp/workdir/hadoop-ozone/tools/target/test-dir/MiniOzoneClusterImpl-587e744c-4b24-421a-a7fb-bdad0f71af90/datanode-2/data/ratis/a09ade79-8ec0-4705-ab4b-029f80bd3f70: created new log segment /tmp/workdir/hadoop-ozone/tools/target/test-dir/MiniOzoneClusterImpl-587e744c-4b24-421a-a7fb-bdad0f71af90/datanode-2/data/ratis/a09ade79-8ec0-4705-ab4b-029f80bd3f70/current/log_inprogress_0
2019-07-10 05:30:44,514 INFO  segmented.SegmentedRaftLogWorker (SegmentedRaftLogWorker.java:execute(569)) - 9c25cf13-0c21-4ac4-bbef-b0be8d0caf59-SegmentedRaftLogWorker:Storage Directory /tmp/workdir/hadoop-ozone/tools/target/test-dir/MiniOzoneClusterImpl-587e744c-4b24-421a-a7fb-bdad0f71af90/datanode-0/data/ratis/e7889980-7175-4168-a125-d49aa7cf14c3: created new log segment /tmp/workdir/hadoop-ozone/tools/target/test-dir/MiniOzoneClusterImpl-587e744c-4b24-421a-a7fb-bdad0f71af90/datanode-0/data/ratis/e7889980-7175-4168-a125-d49aa7cf14c3/current/log_inprogress_0
2019-07-10 05:30:44,514 INFO  impl.LeaderElection (LeaderElection.java:askForVotes(181)) - 40d6e57f-8571-40cf-9170-698c71b23faf:group-EE565679AD62:LeaderElection3: begin an election at term 1 for -1: [1a04e0aa-3aef-47f2-8f0f-c5477652f054:192.168.69.125:37494, 40d6e57f-8571-40cf-9170-698c71b23faf:192.168.69.125:35587, 9c25cf13-0c21-4ac4-bbef-b0be8d0caf59:192.168.69.125:46182], old=null
2019-07-10 05:30:44,517 INFO  impl.LeaderElection (LeaderElection.java:askForVotes(181)) - 9c25cf13-0c21-4ac4-bbef-b0be8d0caf59:group-EE565679AD62:LeaderElection4: begin an election at term 1 for -1: [1a04e0aa-3aef-47f2-8f0f-c5477652f054:192.168.69.125:37494, 40d6e57f-8571-40cf-9170-698c71b23faf:192.168.69.125:35587, 9c25cf13-0c21-4ac4-bbef-b0be8d0caf59:192.168.69.125:46182], old=null
2019-07-10 05:30:44,549 INFO  impl.FollowerState (FollowerState.java:run(106)) - 1a04e0aa-3aef-47f2-8f0f-c5477652f054:group-DCA0867757A3 changes to CANDIDATE, lastRpcTime:1186, electionTimeout:1186ms
2019-07-10 05:30:44,549 INFO  impl.RoleInfo (RoleInfo.java:shutdownFollowerState(121)) - 1a04e0aa-3aef-47f2-8f0f-c5477652f054: shutdown FollowerState
2019-07-10 05:30:44,551 INFO  impl.RaftServerImpl (RaftServerImpl.java:setRole(171)) - 1a04e0aa-3aef-47f2-8f0f-c5477652f054:group-DCA0867757A3 changes role from FOLLOWER to CANDIDATE at term 0 for changeToCandidate
2019-07-10 05:30:44,551 INFO  impl.RoleInfo (RoleInfo.java:updateAndGet(143)) - 1a04e0aa-3aef-47f2-8f0f-c5477652f054: start LeaderElection
2019-07-10 05:30:44,552 INFO  impl.RaftServerImpl (RaftServerImpl.java:setRole(171)) - 1a04e0aa-3aef-47f2-8f0f-c5477652f054:group-EE565679AD62 changes role from FOLLOWER to FOLLOWER at term 1 for recognizeCandidate:40d6e57f-8571-40cf-9170-698c71b23faf
2019-07-10 05:30:44,553 INFO  impl.RoleInfo (RoleInfo.java:shutdownFollowerState(121)) - 1a04e0aa-3aef-47f2-8f0f-c5477652f054: shutdown FollowerState
2019-07-10 05:30:44,556 INFO  impl.RoleInfo (RoleInfo.java:updateAndGet(143)) - 1a04e0aa-3aef-47f2-8f0f-c5477652f054: start FollowerState
2019-07-10 05:30:44,556 INFO  impl.FollowerState (FollowerState.java:run(114)) - 1a04e0aa-3aef-47f2-8f0f-c5477652f054: FollowerState was interrupted: java.lang.InterruptedException: sleep interrupted
2019-07-10 05:30:44,569 INFO  impl.LeaderElection (LeaderElection.java:askForVotes(181)) - 1a04e0aa-3aef-47f2-8f0f-c5477652f054:group-DCA0867757A3:LeaderElection5: begin an election at term 1 for -1: [1a04e0aa-3aef-47f2-8f0f-c5477652f054:192.168.69.125:37494], old=null
2019-07-10 05:30:44,570 INFO  impl.RoleInfo (RoleInfo.java:shutdownLeaderElection(134)) - 1a04e0aa-3aef-47f2-8f0f-c5477652f054: shutdown LeaderElection
2019-07-10 05:30:44,570 INFO  impl.RaftServerImpl (RaftServerImpl.java:setRole(171)) - 1a04e0aa-3aef-47f2-8f0f-c5477652f054:group-DCA0867757A3 changes role from CANDIDATE to LEADER at term 1 for changeToLeader
2019-07-10 05:30:44,570 INFO  impl.RaftServerImpl (ServerState.java:setLeader(263)) - 1a04e0aa-3aef-47f2-8f0f-c5477652f054:group-DCA0867757A3 change Leader from null to 1a04e0aa-3aef-47f2-8f0f-c5477652f054 at term 1 for becomeLeader, leader elected after 1214ms
2019-07-10 05:30:44,571 INFO  server.RaftServerConfigKeys (ConfUtils.java:logGet(43)) - raft.server.staging.catchup.gap = 1000 (default)
2019-07-10 05:30:44,571 INFO  server.RaftServerConfigKeys (ConfUtils.java:logGet(43)) - raft.server.rpc.sleep.time = 25ms (default)
2019-07-10 05:30:44,571 INFO  server.RaftServerConfigKeys (ConfUtils.java:logGet(43)) - raft.server.write.element-limit = 4096 (default)
2019-07-10 05:30:44,571 INFO  server.RaftServerConfigKeys (ConfUtils.java:logGet(43)) - raft.server.watch.timeout = 10s (default)
2019-07-10 05:30:44,571 INFO  server.RaftServerConfigKeys (ConfUtils.java:logGet(43)) - raft.server.watch.timeout.denomination = 1s (default)
2019-07-10 05:30:44,571 INFO  server.RaftServerConfigKeys (ConfUtils.java:logGet(43)) - raft.server.watch.element-limit = 65536 (default)
2019-07-10 05:30:44,571 INFO  impl.RoleInfo (RoleInfo.java:updateAndGet(143)) - 1a04e0aa-3aef-47f2-8f0f-c5477652f054: start LeaderState
2019-07-10 05:30:44,572 INFO  segmented.SegmentedRaftLogWorker (SegmentedRaftLogWorker.java:startLogSegment(380)) - 1a04e0aa-3aef-47f2-8f0f-c5477652f054-SegmentedRaftLogWorker:Storage Directory /tmp/workdir/hadoop-ozone/tools/target/test-dir/MiniOzoneClusterImpl-587e744c-4b24-421a-a7fb-bdad0f71af90/datanode-1/data/ratis/ab96e0ae-35af-4e9f-8aad-dca0867757a3: Starting segment from index:0
2019-07-10 05:30:44,572 INFO  impl.RaftServerImpl (ServerState.java:setRaftConf(361)) - 1a04e0aa-3aef-47f2-8f0f-c5477652f054:group-DCA0867757A3 set configuration 0: [1a04e0aa-3aef-47f2-8f0f-c5477652f054:192.168.69.125:37494], old=null at 0
2019-07-10 05:30:44,599 INFO  segmented.SegmentedRaftLogWorker (SegmentedRaftLogWorker.java:execute(569)) - 1a04e0aa-3aef-47f2-8f0f-c5477652f054-SegmentedRaftLogWorker:Storage Directory /tmp/workdir/hadoop-ozone/tools/target/test-dir/MiniOzoneClusterImpl-587e744c-4b24-421a-a7fb-bdad0f71af90/datanode-1/data/ratis/ab96e0ae-35af-4e9f-8aad-dca0867757a3: created new log segment /tmp/workdir/hadoop-ozone/tools/target/test-dir/MiniOzoneClusterImpl-587e744c-4b24-421a-a7fb-bdad0f71af90/datanode-1/data/ratis/ab96e0ae-35af-4e9f-8aad-dca0867757a3/current/log_inprogress_0
2019-07-10 05:30:44,606 INFO  impl.LeaderElection (LeaderElection.java:logAndReturn(56)) - 40d6e57f-8571-40cf-9170-698c71b23faf:group-EE565679AD62:LeaderElection3: Election PASSED; received 2 response(s) [40d6e57f-8571-40cf-9170-698c71b23faf<-1a04e0aa-3aef-47f2-8f0f-c5477652f054#0:OK-t1, 40d6e57f-8571-40cf-9170-698c71b23faf<-9c25cf13-0c21-4ac4-bbef-b0be8d0caf59#0:FAIL-t1] and 0 exception(s); 40d6e57f-8571-40cf-9170-698c71b23faf:t1, leader=null, voted=40d6e57f-8571-40cf-9170-698c71b23faf, raftlog=40d6e57f-8571-40cf-9170-698c71b23faf-SegmentedRaftLog:OPENED:c-1,f-1,i0, conf=-1: [1a04e0aa-3aef-47f2-8f0f-c5477652f054:192.168.69.125:37494, 40d6e57f-8571-40cf-9170-698c71b23faf:192.168.69.125:35587, 9c25cf13-0c21-4ac4-bbef-b0be8d0caf59:192.168.69.125:46182], old=null
2019-07-10 05:30:44,606 INFO  impl.LeaderElection (LeaderElection.java:logAndReturn(56)) - 9c25cf13-0c21-4ac4-bbef-b0be8d0caf59:group-EE565679AD62:LeaderElection4: Election REJECTED; received 2 response(s) [9c25cf13-0c21-4ac4-bbef-b0be8d0caf59<-1a04e0aa-3aef-47f2-8f0f-c5477652f054#0:FAIL-t1, 9c25cf13-0c21-4ac4-bbef-b0be8d0caf59<-40d6e57f-8571-40cf-9170-698c71b23faf#0:FAIL-t1] and 0 exception(s); 9c25cf13-0c21-4ac4-bbef-b0be8d0caf59:t1, leader=null, voted=9c25cf13-0c21-4ac4-bbef-b0be8d0caf59, raftlog=9c25cf13-0c21-4ac4-bbef-b0be8d0caf59-SegmentedRaftLog:OPENED:c-1,f-1,i0, conf=-1: [1a04e0aa-3aef-47f2-8f0f-c5477652f054:192.168.69.125:37494, 40d6e57f-8571-40cf-9170-698c71b23faf:192.168.69.125:35587, 9c25cf13-0c21-4ac4-bbef-b0be8d0caf59:192.168.69.125:46182], old=null
2019-07-10 05:30:44,607 INFO  impl.RoleInfo (RoleInfo.java:shutdownLeaderElection(134)) - 40d6e57f-8571-40cf-9170-698c71b23faf: shutdown LeaderElection
2019-07-10 05:30:44,611 INFO  impl.RaftServerImpl (RaftServerImpl.java:setRole(171)) - 9c25cf13-0c21-4ac4-bbef-b0be8d0caf59:group-EE565679AD62 changes role from CANDIDATE to FOLLOWER at term 1 for DISCOVERED_A_NEW_TERM
2019-07-10 05:30:44,612 INFO  impl.RoleInfo (RoleInfo.java:shutdownLeaderElection(134)) - 9c25cf13-0c21-4ac4-bbef-b0be8d0caf59: shutdown LeaderElection
2019-07-10 05:30:44,611 INFO  impl.RaftServerImpl (RaftServerImpl.java:setRole(171)) - 40d6e57f-8571-40cf-9170-698c71b23faf:group-EE565679AD62 changes role from CANDIDATE to LEADER at term 1 for changeToLeader
2019-07-10 05:30:44,613 INFO  impl.RoleInfo (RoleInfo.java:updateAndGet(143)) - 9c25cf13-0c21-4ac4-bbef-b0be8d0caf59: start FollowerState
2019-07-10 05:30:44,613 INFO  impl.RaftServerImpl (ServerState.java:setLeader(263)) - 40d6e57f-8571-40cf-9170-698c71b23faf:group-EE565679AD62 change Leader from null to 40d6e57f-8571-40cf-9170-698c71b23faf at term 1 for becomeLeader, leader elected after 1152ms
2019-07-10 05:30:44,613 INFO  server.RaftServerConfigKeys (ConfUtils.java:logGet(43)) - raft.server.staging.catchup.gap = 1000 (default)
2019-07-10 05:30:44,614 INFO  server.RaftServerConfigKeys (ConfUtils.java:logGet(43)) - raft.server.rpc.sleep.time = 25ms (default)
2019-07-10 05:30:44,614 INFO  server.RaftServerConfigKeys (ConfUtils.java:logGet(43)) - raft.server.write.element-limit = 4096 (default)
2019-07-10 05:30:44,614 INFO  server.RaftServerConfigKeys (ConfUtils.java:logGet(43)) - raft.server.watch.timeout = 10s (default)
2019-07-10 05:30:44,615 INFO  server.RaftServerConfigKeys (ConfUtils.java:logGet(43)) - raft.server.watch.timeout.denomination = 1s (default)
2019-07-10 05:30:44,615 INFO  server.RaftServerConfigKeys (ConfUtils.java:logGet(43)) - raft.server.watch.element-limit = 65536 (default)
2019-07-10 05:30:44,618 INFO  server.RaftServerConfigKeys (ConfUtils.java:logGet(43)) - raft.server.log.appender.snapshot.chunk.size.max = 16MB (=16777216) (default)
2019-07-10 05:30:44,618 INFO  server.RaftServerConfigKeys (ConfUtils.java:logGet(43)) - raft.server.log.appender.buffer.byte-limit = 33554432 (custom)
2019-07-10 05:30:44,619 INFO  server.RaftServerConfigKeys (ConfUtils.java:logGet(43)) - raft.server.log.appender.buffer.element-limit = 1 (custom)
2019-07-10 05:30:44,623 INFO  grpc.GrpcConfigKeys$Server (ConfUtils.java:logGet(43)) - raft.grpc.server.leader.outstanding.appends.max = 128 (default)
2019-07-10 05:30:44,625 INFO  server.RaftServerConfigKeys (ConfUtils.java:logGet(43)) - raft.server.rpc.request.timeout = 3000ms (default)
2019-07-10 05:30:44,625 INFO  server.RaftServerConfigKeys (ConfUtils.java:logGet(43)) - raft.server.log.appender.install.snapshot.enabled = false (custom)
2019-07-10 05:30:44,625 INFO  server.RaftServerConfigKeys (ConfUtils.java:logGet(43)) - raft.server.log.appender.snapshot.chunk.size.max = 16MB (=16777216) (default)
2019-07-10 05:30:44,625 INFO  server.RaftServerConfigKeys (ConfUtils.java:logGet(43)) - raft.server.log.appender.buffer.byte-limit = 33554432 (custom)
2019-07-10 05:30:44,625 INFO  server.RaftServerConfigKeys (ConfUtils.java:logGet(43)) - raft.server.log.appender.buffer.element-limit = 1 (custom)
2019-07-10 05:30:44,626 INFO  grpc.GrpcConfigKeys$Server (ConfUtils.java:logGet(43)) - raft.grpc.server.leader.outstanding.appends.max = 128 (default)
2019-07-10 05:30:44,626 INFO  server.RaftServerConfigKeys (ConfUtils.java:logGet(43)) - raft.server.rpc.request.timeout = 3000ms (default)
2019-07-10 05:30:44,626 INFO  server.RaftServerConfigKeys (ConfUtils.java:logGet(43)) - raft.server.log.appender.install.snapshot.enabled = false (custom)
2019-07-10 05:30:44,628 INFO  impl.RoleInfo (RoleInfo.java:updateAndGet(143)) - 40d6e57f-8571-40cf-9170-698c71b23faf: start LeaderState
2019-07-10 05:30:44,628 INFO  segmented.SegmentedRaftLogWorker (SegmentedRaftLogWorker.java:startLogSegment(380)) - 40d6e57f-8571-40cf-9170-698c71b23faf-SegmentedRaftLogWorker:Storage Directory /tmp/workdir/hadoop-ozone/tools/target/test-dir/MiniOzoneClusterImpl-587e744c-4b24-421a-a7fb-bdad0f71af90/datanode-2/data/ratis/bb7ba5c3-0458-4cfe-a4d6-ee565679ad62: Starting segment from index:0
2019-07-10 05:30:44,629 INFO  impl.RaftServerImpl (ServerState.java:setRaftConf(361)) - 40d6e57f-8571-40cf-9170-698c71b23faf:group-EE565679AD62 set configuration 0: [1a04e0aa-3aef-47f2-8f0f-c5477652f054:192.168.69.125:37494, 40d6e57f-8571-40cf-9170-698c71b23faf:192.168.69.125:35587, 9c25cf13-0c21-4ac4-bbef-b0be8d0caf59:192.168.69.125:46182], old=null at 0
2019-07-10 05:30:44,657 INFO  segmented.SegmentedRaftLogWorker (SegmentedRaftLogWorker.java:execute(569)) - 40d6e57f-8571-40cf-9170-698c71b23faf-SegmentedRaftLogWorker:Storage Directory /tmp/workdir/hadoop-ozone/tools/target/test-dir/MiniOzoneClusterImpl-587e744c-4b24-421a-a7fb-bdad0f71af90/datanode-2/data/ratis/bb7ba5c3-0458-4cfe-a4d6-ee565679ad62: created new log segment /tmp/workdir/hadoop-ozone/tools/target/test-dir/MiniOzoneClusterImpl-587e744c-4b24-421a-a7fb-bdad0f71af90/datanode-2/data/ratis/bb7ba5c3-0458-4cfe-a4d6-ee565679ad62/current/log_inprogress_0
2019-07-10 05:30:44,663 INFO  impl.RaftServerImpl (ServerState.java:setLeader(263)) - 1a04e0aa-3aef-47f2-8f0f-c5477652f054:group-EE565679AD62 change Leader from null to 40d6e57f-8571-40cf-9170-698c71b23faf at term 1 for appendEntries, leader elected after 1202ms
2019-07-10 05:30:44,663 INFO  impl.RaftServerImpl (ServerState.java:setLeader(263)) - 9c25cf13-0c21-4ac4-bbef-b0be8d0caf59:group-EE565679AD62 change Leader from null to 40d6e57f-8571-40cf-9170-698c71b23faf at term 1 for appendEntries, leader elected after 1202ms
2019-07-10 05:30:44,702 INFO  impl.RaftServerImpl (ServerState.java:setRaftConf(361)) - 9c25cf13-0c21-4ac4-bbef-b0be8d0caf59:group-EE565679AD62 set configuration 0: [1a04e0aa-3aef-47f2-8f0f-c5477652f054:192.168.69.125:37494, 40d6e57f-8571-40cf-9170-698c71b23faf:192.168.69.125:35587, 9c25cf13-0c21-4ac4-bbef-b0be8d0caf59:192.168.69.125:46182], old=null at 0
2019-07-10 05:30:44,702 INFO  impl.RaftServerImpl (ServerState.java:setRaftConf(361)) - 1a04e0aa-3aef-47f2-8f0f-c5477652f054:group-EE565679AD62 set configuration 0: [1a04e0aa-3aef-47f2-8f0f-c5477652f054:192.168.69.125:37494, 40d6e57f-8571-40cf-9170-698c71b23faf:192.168.69.125:35587, 9c25cf13-0c21-4ac4-bbef-b0be8d0caf59:192.168.69.125:46182], old=null at 0
2019-07-10 05:30:44,702 INFO  segmented.SegmentedRaftLogWorker (SegmentedRaftLogWorker.java:startLogSegment(380)) - 9c25cf13-0c21-4ac4-bbef-b0be8d0caf59-SegmentedRaftLogWorker:Storage Directory /tmp/workdir/hadoop-ozone/tools/target/test-dir/MiniOzoneClusterImpl-587e744c-4b24-421a-a7fb-bdad0f71af90/datanode-0/data/ratis/bb7ba5c3-0458-4cfe-a4d6-ee565679ad62: Starting segment from index:0
2019-07-10 05:30:44,703 INFO  segmented.SegmentedRaftLogWorker (SegmentedRaftLogWorker.java:startLogSegment(380)) - 1a04e0aa-3aef-47f2-8f0f-c5477652f054-SegmentedRaftLogWorker:Storage Directory /tmp/workdir/hadoop-ozone/tools/target/test-dir/MiniOzoneClusterImpl-587e744c-4b24-421a-a7fb-bdad0f71af90/datanode-1/data/ratis/bb7ba5c3-0458-4cfe-a4d6-ee565679ad62: Starting segment from index:0
2019-07-10 05:30:44,730 INFO  segmented.SegmentedRaftLogWorker (SegmentedRaftLogWorker.java:execute(569)) - 9c25cf13-0c21-4ac4-bbef-b0be8d0caf59-SegmentedRaftLogWorker:Storage Directory /tmp/workdir/hadoop-ozone/tools/target/test-dir/MiniOzoneClusterImpl-587e744c-4b24-421a-a7fb-bdad0f71af90/datanode-0/data/ratis/bb7ba5c3-0458-4cfe-a4d6-ee565679ad62: created new log segment /tmp/workdir/hadoop-ozone/tools/target/test-dir/MiniOzoneClusterImpl-587e744c-4b24-421a-a7fb-bdad0f71af90/datanode-0/data/ratis/bb7ba5c3-0458-4cfe-a4d6-ee565679ad62/current/log_inprogress_0
2019-07-10 05:30:44,730 INFO  segmented.SegmentedRaftLogWorker (SegmentedRaftLogWorker.java:execute(569)) - 1a04e0aa-3aef-47f2-8f0f-c5477652f054-SegmentedRaftLogWorker:Storage Directory /tmp/workdir/hadoop-ozone/tools/target/test-dir/MiniOzoneClusterImpl-587e744c-4b24-421a-a7fb-bdad0f71af90/datanode-1/data/ratis/bb7ba5c3-0458-4cfe-a4d6-ee565679ad62: created new log segment /tmp/workdir/hadoop-ozone/tools/target/test-dir/MiniOzoneClusterImpl-587e744c-4b24-421a-a7fb-bdad0f71af90/datanode-1/data/ratis/bb7ba5c3-0458-4cfe-a4d6-ee565679ad62/current/log_inprogress_0
 0.00% |█                                                                                                    |  0/1 Time: 0:00:012019-07-10 05:30:45,327 INFO  client.GrpcClientProtocolClient (GrpcClientProtocolClient.java:onNext(255)) - client-BBDD3DDB55D5->9c25cf13-0c21-4ac4-bbef-b0be8d0caf59: receive RaftClientReply:client-BBDD3DDB55D5->9c25cf13-0c21-4ac4-bbef-b0be8d0caf59@group-EE565679AD62, cid=6, FAILED org.apache.ratis.protocol.NotLeaderException: Server 9c25cf13-0c21-4ac4-bbef-b0be8d0caf59 is not the leader (40d6e57f-8571-40cf-9170-698c71b23faf:192.168.69.125:35587). Request must be sent to leader., logIndex=0, commits[9c25cf13-0c21-4ac4-bbef-b0be8d0caf59:c0, 1a04e0aa-3aef-47f2-8f0f-c5477652f054:c0, 40d6e57f-8571-40cf-9170-698c71b23faf:c0]
2019-07-10 05:30:45,682 INFO  client.GrpcClientProtocolClient (GrpcClientProtocolClient.java:onNext(255)) - client-BBDD3DDB55D5->40d6e57f-8571-40cf-9170-698c71b23faf: receive RaftClientReply:client-BBDD3DDB55D5->40d6e57f-8571-40cf-9170-698c71b23faf@group-EE565679AD62, cid=6, SUCCESS, logIndex=1, commits[40d6e57f-8571-40cf-9170-698c71b23faf:c1, 1a04e0aa-3aef-47f2-8f0f-c5477652f054:c0, 9c25cf13-0c21-4ac4-bbef-b0be8d0caf59:c0]
2019-07-10 05:30:45,782 INFO  client.GrpcClientProtocolClient (GrpcClientProtocolClient.java:onNext(255)) - client-BBDD3DDB55D5->40d6e57f-8571-40cf-9170-698c71b23faf: receive RaftClientReply:client-BBDD3DDB55D5->40d6e57f-8571-40cf-9170-698c71b23faf@group-EE565679AD62, cid=7, SUCCESS, logIndex=3, commits[40d6e57f-8571-40cf-9170-698c71b23faf:c8, 1a04e0aa-3aef-47f2-8f0f-c5477652f054:c6, 9c25cf13-0c21-4ac4-bbef-b0be8d0caf59:c6]
2019-07-10 05:30:45,786 INFO  client.GrpcClientProtocolClient (GrpcClientProtocolClient.java:onNext(255)) - client-BBDD3DDB55D5->40d6e57f-8571-40cf-9170-698c71b23faf: receive RaftClientReply:client-BBDD3DDB55D5->40d6e57f-8571-40cf-9170-698c71b23faf@group-EE565679AD62, cid=8, SUCCESS, logIndex=4, commits[40d6e57f-8571-40cf-9170-698c71b23faf:c8, 1a04e0aa-3aef-47f2-8f0f-c5477652f054:c6, 9c25cf13-0c21-4ac4-bbef-b0be8d0caf59:c6]
 0.00% |█                                                                                                    |  0/1 Time: 0:00:022019-07-10 05:30:45,869 INFO  client.GrpcClientProtocolClient (GrpcClientProtocolClient.java:onNext(255)) - client-BBDD3DDB55D5->40d6e57f-8571-40cf-9170-698c71b23faf: receive RaftClientReply:client-BBDD3DDB55D5->40d6e57f-8571-40cf-9170-698c71b23faf@group-EE565679AD62, cid=9, SUCCESS, logIndex=5, commits[40d6e57f-8571-40cf-9170-698c71b23faf:c8, 1a04e0aa-3aef-47f2-8f0f-c5477652f054:c6, 9c25cf13-0c21-4ac4-bbef-b0be8d0caf59:c6]
2019-07-10 05:30:45,930 INFO  client.GrpcClientProtocolClient (GrpcClientProtocolClient.java:onNext(255)) - client-BBDD3DDB55D5->40d6e57f-8571-40cf-9170-698c71b23faf: receive RaftClientReply:client-BBDD3DDB55D5->40d6e57f-8571-40cf-9170-698c71b23faf@group-EE565679AD62, cid=10, SUCCESS, logIndex=9, commits[40d6e57f-8571-40cf-9170-698c71b23faf:c10, 1a04e0aa-3aef-47f2-8f0f-c5477652f054:c8, 9c25cf13-0c21-4ac4-bbef-b0be8d0caf59:c8]
2019-07-10 05:30:45,931 INFO  client.GrpcClientProtocolClient (GrpcClientProtocolClient.java:onNext(255)) - client-BBDD3DDB55D5->40d6e57f-8571-40cf-9170-698c71b23faf: receive RaftClientReply:client-BBDD3DDB55D5->40d6e57f-8571-40cf-9170-698c71b23faf@group-EE565679AD62, cid=11, SUCCESS, logIndex=10, commits[40d6e57f-8571-40cf-9170-698c71b23faf:c10, 1a04e0aa-3aef-47f2-8f0f-c5477652f054:c8, 9c25cf13-0c21-4ac4-bbef-b0be8d0caf59:c8]
2019-07-10 05:30:45,941 INFO  client.GrpcClientProtocolClient (GrpcClientProtocolClient.java:onNext(255)) - client-BBDD3DDB55D5->40d6e57f-8571-40cf-9170-698c71b23faf: receive RaftClientReply:client-BBDD3DDB55D5->40d6e57f-8571-40cf-9170-698c71b23faf@group-EE565679AD62, cid=12, SUCCESS, logIndex=11, commits[40d6e57f-8571-40cf-9170-698c71b23faf:c12, 1a04e0aa-3aef-47f2-8f0f-c5477652f054:c8, 9c25cf13-0c21-4ac4-bbef-b0be8d0caf59:c8]
2019-07-10 05:30:45,943 INFO  client.GrpcClientProtocolClient (GrpcClientProtocolClient.java:onNext(255)) - client-BBDD3DDB55D5->40d6e57f-8571-40cf-9170-698c71b23faf: receive RaftClientReply:client-BBDD3DDB55D5->40d6e57f-8571-40cf-9170-698c71b23faf@group-EE565679AD62, cid=13, SUCCESS, logIndex=12, commits[40d6e57f-8571-40cf-9170-698c71b23faf:c12, 1a04e0aa-3aef-47f2-8f0f-c5477652f054:c8, 9c25cf13-0c21-4ac4-bbef-b0be8d0caf59:c8]
2019-07-10 05:30:45,963 INFO  client.GrpcClientProtocolClient (GrpcClientProtocolClient.java:onNext(255)) - client-BBDD3DDB55D5->40d6e57f-8571-40cf-9170-698c71b23faf: receive RaftClientReply:client-BBDD3DDB55D5->40d6e57f-8571-40cf-9170-698c71b23faf@group-EE565679AD62, cid=14, SUCCESS, logIndex=0, commits[40d6e57f-8571-40cf-9170-698c71b23faf:c16, 1a04e0aa-3aef-47f2-8f0f-c5477652f054:c12, 9c25cf13-0c21-4ac4-bbef-b0be8d0caf59:c12]
2019-07-10 05:30:45,968 INFO  client.GrpcClientProtocolClient (GrpcClientProtocolClient.java:onNext(255)) - client-BBDD3DDB55D5->40d6e57f-8571-40cf-9170-698c71b23faf: receive RaftClientReply:client-BBDD3DDB55D5->40d6e57f-8571-40cf-9170-698c71b23faf@group-EE565679AD62, cid=15, SUCCESS, logIndex=0, commits[40d6e57f-8571-40cf-9170-698c71b23faf:c16, 1a04e0aa-3aef-47f2-8f0f-c5477652f054:c12, 9c25cf13-0c21-4ac4-bbef-b0be8d0caf59:c12]
2019-07-10 05:30:46,126 INFO  client.GrpcClientProtocolClient (GrpcClientProtocolClient.java:onNext(255)) - client-BBDD3DDB55D5->40d6e57f-8571-40cf-9170-698c71b23faf: receive RaftClientReply:client-BBDD3DDB55D5->40d6e57f-8571-40cf-9170-698c71b23faf@group-EE565679AD62, cid=16, SUCCESS, logIndex=17, commits[40d6e57f-8571-40cf-9170-698c71b23faf:c20, 1a04e0aa-3aef-47f2-8f0f-c5477652f054:c16, 9c25cf13-0c21-4ac4-bbef-b0be8d0caf59:c12]
2019-07-10 05:30:46,196 INFO  client.GrpcClientProtocolClient (GrpcClientProtocolClient.java:onNext(255)) - client-BBDD3DDB55D5->40d6e57f-8571-40cf-9170-698c71b23faf: receive RaftClientReply:client-BBDD3DDB55D5->40d6e57f-8571-40cf-9170-698c71b23faf@group-EE565679AD62, cid=17, SUCCESS, logIndex=18, commits[40d6e57f-8571-40cf-9170-698c71b23faf:c24, 1a04e0aa-3aef-47f2-8f0f-c5477652f054:c20, 9c25cf13-0c21-4ac4-bbef-b0be8d0caf59:c20]
2019-07-10 05:30:46,197 INFO  client.GrpcClientProtocolClient (GrpcClientProtocolClient.java:onNext(255)) - client-BBDD3DDB55D5->40d6e57f-8571-40cf-9170-698c71b23faf: receive RaftClientReply:client-BBDD3DDB55D5->40d6e57f-8571-40cf-9170-698c71b23faf@group-EE565679AD62, cid=18, SUCCESS, logIndex=19, commits[40d6e57f-8571-40cf-9170-698c71b23faf:c24, 1a04e0aa-3aef-47f2-8f0f-c5477652f054:c20, 9c25cf13-0c21-4ac4-bbef-b0be8d0caf59:c20]
2019-07-10 05:30:46,295 INFO  client.GrpcClientProtocolClient (GrpcClientProtocolClient.java:onNext(255)) - client-BBDD3DDB55D5->40d6e57f-8571-40cf-9170-698c71b23faf: receive RaftClientReply:client-BBDD3DDB55D5->40d6e57f-8571-40cf-9170-698c71b23faf@group-EE565679AD62, cid=19, SUCCESS, logIndex=20, commits[40d6e57f-8571-40cf-9170-698c71b23faf:c24, 1a04e0aa-3aef-47f2-8f0f-c5477652f054:c20, 9c25cf13-0c21-4ac4-bbef-b0be8d0caf59:c20]
2019-07-10 05:30:46,358 INFO  client.GrpcClientProtocolClient (GrpcClientProtocolClient.java:onNext(255)) - client-BBDD3DDB55D5->40d6e57f-8571-40cf-9170-698c71b23faf: receive RaftClientReply:client-BBDD3DDB55D5->40d6e57f-8571-40cf-9170-698c71b23faf@group-EE565679AD62, cid=20, SUCCESS, logIndex=25, commits[40d6e57f-8571-40cf-9170-698c71b23faf:c26, 1a04e0aa-3aef-47f2-8f0f-c5477652f054:c24, 9c25cf13-0c21-4ac4-bbef-b0be8d0caf59:c24]
2019-07-10 05:30:46,359 INFO  client.GrpcClientProtocolClient (GrpcClientProtocolClient.java:onNext(255)) - client-BBDD3DDB55D5->40d6e57f-8571-40cf-9170-698c71b23faf: receive RaftClientReply:client-BBDD3DDB55D5->40d6e57f-8571-40cf-9170-698c71b23faf@group-EE565679AD62, cid=21, SUCCESS, logIndex=26, commits[40d6e57f-8571-40cf-9170-698c71b23faf:c26, 1a04e0aa-3aef-47f2-8f0f-c5477652f054:c24, 9c25cf13-0c21-4ac4-bbef-b0be8d0caf59:c24]
2019-07-10 05:30:46,368 INFO  client.GrpcClientProtocolClient (GrpcClientProtocolClient.java:onNext(255)) - client-BBDD3DDB55D5->40d6e57f-8571-40cf-9170-698c71b23faf: receive RaftClientReply:client-BBDD3DDB55D5->40d6e57f-8571-40cf-9170-698c71b23faf@group-EE565679AD62, cid=22, SUCCESS, logIndex=27, commits[40d6e57f-8571-40cf-9170-698c71b23faf:c28, 1a04e0aa-3aef-47f2-8f0f-c5477652f054:c25, 9c25cf13-0c21-4ac4-bbef-b0be8d0caf59:c24]
2019-07-10 05:30:46,370 INFO  client.GrpcClientProtocolClient (GrpcClientProtocolClient.java:onNext(255)) - client-BBDD3DDB55D5->40d6e57f-8571-40cf-9170-698c71b23faf: receive RaftClientReply:client-BBDD3DDB55D5->40d6e57f-8571-40cf-9170-698c71b23faf@group-EE565679AD62, cid=23, SUCCESS, logIndex=28, commits[40d6e57f-8571-40cf-9170-698c71b23faf:c30, 1a04e0aa-3aef-47f2-8f0f-c5477652f054:c26, 9c25cf13-0c21-4ac4-bbef-b0be8d0caf59:c26]
2019-07-10 05:30:46,385 INFO  client.GrpcClientProtocolClient (GrpcClientProtocolClient.java:onNext(255)) - client-BBDD3DDB55D5->40d6e57f-8571-40cf-9170-698c71b23faf: receive RaftClientReply:client-BBDD3DDB55D5->40d6e57f-8571-40cf-9170-698c71b23faf@group-EE565679AD62, cid=24, SUCCESS, logIndex=0, commits[40d6e57f-8571-40cf-9170-698c71b23faf:c31, 1a04e0aa-3aef-47f2-8f0f-c5477652f054:c28, 9c25cf13-0c21-4ac4-bbef-b0be8d0caf59:c28]
2019-07-10 05:30:46,542 INFO  client.GrpcClientProtocolClient (GrpcClientProtocolClient.java:onNext(255)) - client-BBDD3DDB55D5->40d6e57f-8571-40cf-9170-698c71b23faf: receive RaftClientReply:client-BBDD3DDB55D5->40d6e57f-8571-40cf-9170-698c71b23faf@group-EE565679AD62, cid=25, SUCCESS, logIndex=33, commits[40d6e57f-8571-40cf-9170-698c71b23faf:c35, 1a04e0aa-3aef-47f2-8f0f-c5477652f054:c32, 9c25cf13-0c21-4ac4-bbef-b0be8d0caf59:c32]
2019-07-10 05:30:46,587 INFO  client.GrpcClientProtocolClient (GrpcClientProtocolClient.java:onNext(255)) - client-BBDD3DDB55D5->40d6e57f-8571-40cf-9170-698c71b23faf: receive RaftClientReply:client-BBDD3DDB55D5->40d6e57f-8571-40cf-9170-698c71b23faf@group-EE565679AD62, cid=26, SUCCESS, logIndex=34, commits[40d6e57f-8571-40cf-9170-698c71b23faf:c40, 1a04e0aa-3aef-47f2-8f0f-c5477652f054:c36, 9c25cf13-0c21-4ac4-bbef-b0be8d0caf59:c36]
2019-07-10 05:30:46,590 INFO  client.GrpcClientProtocolClient (GrpcClientProtocolClient.java:onNext(255)) - client-BBDD3DDB55D5->40d6e57f-8571-40cf-9170-698c71b23faf: receive RaftClientReply:client-BBDD3DDB55D5->40d6e57f-8571-40cf-9170-698c71b23faf@group-EE565679AD62, cid=27, SUCCESS, logIndex=35, commits[40d6e57f-8571-40cf-9170-698c71b23faf:c40, 1a04e0aa-3aef-47f2-8f0f-c5477652f054:c36, 9c25cf13-0c21-4ac4-bbef-b0be8d0caf59:c36]
2019-07-10 05:30:46,746 INFO  client.GrpcClientProtocolClient (GrpcClientProtocolClient.java:onNext(255)) - client-BBDD3DDB55D5->40d6e57f-8571-40cf-9170-698c71b23faf: receive RaftClientReply:client-BBDD3DDB55D5->40d6e57f-8571-40cf-9170-698c71b23faf@group-EE565679AD62, cid=28, SUCCESS, logIndex=36, commits[40d6e57f-8571-40cf-9170-698c71b23faf:c40, 1a04e0aa-3aef-47f2-8f0f-c5477652f054:c36, 9c25cf13-0c21-4ac4-bbef-b0be8d0caf59:c36]
2019-07-10 05:30:46,795 INFO  client.GrpcClientProtocolClient (GrpcClientProtocolClient.java:onNext(255)) - client-BBDD3DDB55D5->40d6e57f-8571-40cf-9170-698c71b23faf: receive RaftClientReply:client-BBDD3DDB55D5->40d6e57f-8571-40cf-9170-698c71b23faf@group-EE565679AD62, cid=29, SUCCESS, logIndex=41, commits[40d6e57f-8571-40cf-9170-698c71b23faf:c42, 1a04e0aa-3aef-47f2-8f0f-c5477652f054:c40, 9c25cf13-0c21-4ac4-bbef-b0be8d0caf59:c40]
2019-07-10 05:30:46,796 INFO  client.GrpcClientProtocolClient (GrpcClientProtocolClient.java:onNext(255)) - client-BBDD3DDB55D5->40d6e57f-8571-40cf-9170-698c71b23faf: receive RaftClientReply:client-BBDD3DDB55D5->40d6e57f-8571-40cf-9170-698c71b23faf@group-EE565679AD62, cid=30, SUCCESS, logIndex=42, commits[40d6e57f-8571-40cf-9170-698c71b23faf:c42, 1a04e0aa-3aef-47f2-8f0f-c5477652f054:c40, 9c25cf13-0c21-4ac4-bbef-b0be8d0caf59:c40]
2019-07-10 05:30:46,816 INFO  client.GrpcClientProtocolClient (GrpcClientProtocolClient.java:onNext(255)) - client-BBDD3DDB55D5->40d6e57f-8571-40cf-9170-698c71b23faf: receive RaftClientReply:client-BBDD3DDB55D5->40d6e57f-8571-40cf-9170-698c71b23faf@group-EE565679AD62, cid=31, SUCCESS, logIndex=43, commits[40d6e57f-8571-40cf-9170-698c71b23faf:c44, 1a04e0aa-3aef-47f2-8f0f-c5477652f054:c40, 9c25cf13-0c21-4ac4-bbef-b0be8d0caf59:c40]
2019-07-10 05:30:46,817 INFO  client.GrpcClientProtocolClient (GrpcClientProtocolClient.java:onNext(255)) - client-BBDD3DDB55D5->40d6e57f-8571-40cf-9170-698c71b23faf: receive RaftClientReply:client-BBDD3DDB55D5->40d6e57f-8571-40cf-9170-698c71b23faf@group-EE565679AD62, cid=32, SUCCESS, logIndex=44, commits[40d6e57f-8571-40cf-9170-698c71b23faf:c44, 1a04e0aa-3aef-47f2-8f0f-c5477652f054:c42, 9c25cf13-0c21-4ac4-bbef-b0be8d0caf59:c40]
2019-07-10 05:30:46,821 INFO  client.GrpcClientProtocolClient (GrpcClientProtocolClient.java:onNext(255)) - client-BBDD3DDB55D5->40d6e57f-8571-40cf-9170-698c71b23faf: receive RaftClientReply:client-BBDD3DDB55D5->40d6e57f-8571-40cf-9170-698c71b23faf@group-EE565679AD62, cid=33, SUCCESS, logIndex=0, commits[40d6e57f-8571-40cf-9170-698c71b23faf:c47, 1a04e0aa-3aef-47f2-8f0f-c5477652f054:c43, 9c25cf13-0c21-4ac4-bbef-b0be8d0caf59:c43]
2019-07-10 05:30:46,831 INFO  client.GrpcClientProtocolClient (GrpcClientProtocolClient.java:onNext(255)) - client-BBDD3DDB55D5->40d6e57f-8571-40cf-9170-698c71b23faf: receive RaftClientReply:client-BBDD3DDB55D5->40d6e57f-8571-40cf-9170-698c71b23faf@group-EE565679AD62, cid=34, SUCCESS, logIndex=0, commits[40d6e57f-8571-40cf-9170-698c71b23faf:c48, 1a04e0aa-3aef-47f2-8f0f-c5477652f054:c44, 9c25cf13-0c21-4ac4-bbef-b0be8d0caf59:c44]
 0.00% |█                                                                                                    |  0/1 Time: 0:00:032019-07-10 05:30:46,863 INFO  client.GrpcClientProtocolClient (GrpcClientProtocolClient.java:onNext(255)) - client-BBDD3DDB55D5->40d6e57f-8571-40cf-9170-698c71b23faf: receive RaftClientReply:client-BBDD3DDB55D5->40d6e57f-8571-40cf-9170-698c71b23faf@group-EE565679AD62, cid=35, SUCCESS, logIndex=49, commits[40d6e57f-8571-40cf-9170-698c71b23faf:c49, 1a04e0aa-3aef-47f2-8f0f-c5477652f054:c48, 9c25cf13-0c21-4ac4-bbef-b0be8d0caf59:c48]
2019-07-10 05:30:46,865 INFO  client.GrpcClientProtocolClient (GrpcClientProtocolClient.java:onNext(255)) - client-BBDD3DDB55D5->40d6e57f-8571-40cf-9170-698c71b23faf: receive RaftClientReply:client-BBDD3DDB55D5->40d6e57f-8571-40cf-9170-698c71b23faf@group-EE565679AD62, cid=36, SUCCESS, logIndex=50, commits[40d6e57f-8571-40cf-9170-698c71b23faf:c50, 1a04e0aa-3aef-47f2-8f0f-c5477652f054:c48, 9c25cf13-0c21-4ac4-bbef-b0be8d0caf59:c48]
2019-07-10 05:30:46,877 INFO  client.GrpcClientProtocolClient (GrpcClientProtocolClient.java:onNext(255)) - client-BBDD3DDB55D5->40d6e57f-8571-40cf-9170-698c71b23faf: receive RaftClientReply:client-BBDD3DDB55D5->40d6e57f-8571-40cf-9170-698c71b23faf@group-EE565679AD62, cid=37, SUCCESS, logIndex=51, commits[40d6e57f-8571-40cf-9170-698c71b23faf:c52, 1a04e0aa-3aef-47f2-8f0f-c5477652f054:c49, 9c25cf13-0c21-4ac4-bbef-b0be8d0caf59:c48]
2019-07-10 05:30:46,878 INFO  client.GrpcClientProtocolClient (GrpcClientProtocolClient.java:onNext(255)) - client-BBDD3DDB55D5->40d6e57f-8571-40cf-9170-698c71b23faf: receive RaftClientReply:client-BBDD3DDB55D5->40d6e57f-8571-40cf-9170-698c71b23faf@group-EE565679AD62, cid=38, SUCCESS, logIndex=52, commits[40d6e57f-8571-40cf-9170-698c71b23faf:c53, 1a04e0aa-3aef-47f2-8f0f-c5477652f054:c50, 9c25cf13-0c21-4ac4-bbef-b0be8d0caf59:c50]
2019-07-10 05:30:46,907 INFO  client.GrpcClientProtocolClient (GrpcClientProtocolClient.java:onNext(255)) - client-BBDD3DDB55D5->40d6e57f-8571-40cf-9170-698c71b23faf: receive RaftClientReply:client-BBDD3DDB55D5->40d6e57f-8571-40cf-9170-698c71b23faf@group-EE565679AD62, cid=39, SUCCESS, logIndex=57, commits[40d6e57f-8571-40cf-9170-698c71b23faf:c58, 1a04e0aa-3aef-47f2-8f0f-c5477652f054:c56, 9c25cf13-0c21-4ac4-bbef-b0be8d0caf59:c56]
2019-07-10 05:30:46,908 INFO  client.GrpcClientProtocolClient (GrpcClientProtocolClient.java:onNext(255)) - client-BBDD3DDB55D5->40d6e57f-8571-40cf-9170-698c71b23faf: receive RaftClientReply:client-BBDD3DDB55D5->40d6e57f-8571-40cf-9170-698c71b23faf@group-EE565679AD62, cid=40, SUCCESS, logIndex=58, commits[40d6e57f-8571-40cf-9170-698c71b23faf:c58, 1a04e0aa-3aef-47f2-8f0f-c5477652f054:c56, 9c25cf13-0c21-4ac4-bbef-b0be8d0caf59:c56]
2019-07-10 05:30:46,937 INFO  client.GrpcClientProtocolClient (GrpcClientProtocolClient.java:onNext(255)) - client-BBDD3DDB55D5->40d6e57f-8571-40cf-9170-698c71b23faf: receive RaftClientReply:client-BBDD3DDB55D5->40d6e57f-8571-40cf-9170-698c71b23faf@group-EE565679AD62, cid=41, SUCCESS, logIndex=61, commits[40d6e57f-8571-40cf-9170-698c71b23faf:c62, 1a04e0aa-3aef-47f2-8f0f-c5477652f054:c60, 9c25cf13-0c21-4ac4-bbef-b0be8d0caf59:c60]
2019-07-10 05:30:46,938 INFO  client.GrpcClientProtocolClient (GrpcClientProtocolClient.java:onNext(255)) - client-BBDD3DDB55D5->40d6e57f-8571-40cf-9170-698c71b23faf: receive RaftClientReply:client-BBDD3DDB55D5->40d6e57f-8571-40cf-9170-698c71b23faf@group-EE565679AD62, cid=42, SUCCESS, logIndex=62, commits[40d6e57f-8571-40cf-9170-698c71b23faf:c62, 1a04e0aa-3aef-47f2-8f0f-c5477652f054:c60, 9c25cf13-0c21-4ac4-bbef-b0be8d0caf59:c60]
2019-07-10 05:30:46,941 INFO  client.GrpcClientProtocolClient (GrpcClientProtocolClient.java:onNext(255)) - client-BBDD3DDB55D5->40d6e57f-8571-40cf-9170-698c71b23faf: receive RaftClientReply:client-BBDD3DDB55D5->40d6e57f-8571-40cf-9170-698c71b23faf@group-EE565679AD62, cid=43, SUCCESS, logIndex=0, commits[40d6e57f-8571-40cf-9170-698c71b23faf:c63, 1a04e0aa-3aef-47f2-8f0f-c5477652f054:c62, 9c25cf13-0c21-4ac4-bbef-b0be8d0caf59:c62]
2019-07-10 05:30:46,979 INFO  client.GrpcClientProtocolClient (GrpcClientProtocolClient.java:onNext(255)) - client-BBDD3DDB55D5->40d6e57f-8571-40cf-9170-698c71b23faf: receive RaftClientReply:client-BBDD3DDB55D5->40d6e57f-8571-40cf-9170-698c71b23faf@group-EE565679AD62, cid=44, SUCCESS, logIndex=65, commits[40d6e57f-8571-40cf-9170-698c71b23faf:c66, 1a04e0aa-3aef-47f2-8f0f-c5477652f054:c64, 9c25cf13-0c21-4ac4-bbef-b0be8d0caf59:c64]
2019-07-10 05:30:46,981 INFO  client.GrpcClientProtocolClient (GrpcClientProtocolClient.java:onNext(255)) - client-BBDD3DDB55D5->40d6e57f-8571-40cf-9170-698c71b23faf: receive RaftClientReply:client-BBDD3DDB55D5->40d6e57f-8571-40cf-9170-698c71b23faf@group-EE565679AD62, cid=45, SUCCESS, logIndex=66, commits[40d6e57f-8571-40cf-9170-698c71b23faf:c66, 1a04e0aa-3aef-47f2-8f0f-c5477652f054:c64, 9c25cf13-0c21-4ac4-bbef-b0be8d0caf59:c64]
2019-07-10 05:30:46,991 INFO  client.GrpcClientProtocolClient (GrpcClientProtocolClient.java:onNext(255)) - client-BBDD3DDB55D5->40d6e57f-8571-40cf-9170-698c71b23faf: receive RaftClientReply:client-BBDD3DDB55D5->40d6e57f-8571-40cf-9170-698c71b23faf@group-EE565679AD62, cid=46, SUCCESS, logIndex=67, commits[40d6e57f-8571-40cf-9170-698c71b23faf:c68, 1a04e0aa-3aef-47f2-8f0f-c5477652f054:c64, 9c25cf13-0c21-4ac4-bbef-b0be8d0caf59:c66]
2019-07-10 05:30:46,992 INFO  client.GrpcClientProtocolClient (GrpcClientProtocolClient.java:onNext(255)) - client-BBDD3DDB55D5->40d6e57f-8571-40cf-9170-698c71b23faf: receive RaftClientReply:client-BBDD3DDB55D5->40d6e57f-8571-40cf-9170-698c71b23faf@group-EE565679AD62, cid=47, SUCCESS, logIndex=68, commits[40d6e57f-8571-40cf-9170-698c71b23faf:c70, 1a04e0aa-3aef-47f2-8f0f-c5477652f054:c64, 9c25cf13-0c21-4ac4-bbef-b0be8d0caf59:c66]
2019-07-10 05:30:46,994 INFO  client.GrpcClientProtocolClient (GrpcClientProtocolClient.java:onNext(255)) - client-BBDD3DDB55D5->40d6e57f-8571-40cf-9170-698c71b23faf: receive RaftClientReply:client-BBDD3DDB55D5->40d6e57f-8571-40cf-9170-698c71b23faf@group-EE565679AD62, cid=48, SUCCESS, logIndex=0, commits[40d6e57f-8571-40cf-9170-698c71b23faf:c72, 1a04e0aa-3aef-47f2-8f0f-c5477652f054:c68, 9c25cf13-0c21-4ac4-bbef-b0be8d0caf59:c68]
2019-07-10 05:30:47,024 INFO  client.GrpcClientProtocolClient (GrpcClientProtocolClient.java:onNext(255)) - client-BBDD3DDB55D5->40d6e57f-8571-40cf-9170-698c71b23faf: receive RaftClientReply:client-BBDD3DDB55D5->40d6e57f-8571-40cf-9170-698c71b23faf@group-EE565679AD62, cid=49, SUCCESS, logIndex=73, commits[40d6e57f-8571-40cf-9170-698c71b23faf:c74, 1a04e0aa-3aef-47f2-8f0f-c5477652f054:c72, 9c25cf13-0c21-4ac4-bbef-b0be8d0caf59:c72]
2019-07-10 05:30:47,025 INFO  client.GrpcClientProtocolClient (GrpcClientProtocolClient.java:onNext(255)) - client-BBDD3DDB55D5->40d6e57f-8571-40cf-9170-698c71b23faf: receive RaftClientReply:client-BBDD3DDB55D5->40d6e57f-8571-40cf-9170-698c71b23faf@group-EE565679AD62, cid=50, SUCCESS, logIndex=74, commits[40d6e57f-8571-40cf-9170-698c71b23faf:c74, 1a04e0aa-3aef-47f2-8f0f-c5477652f054:c72, 9c25cf13-0c21-4ac4-bbef-b0be8d0caf59:c72]
2019-07-10 05:30:47,056 INFO  client.GrpcClientProtocolClient (GrpcClientProtocolClient.java:onNext(255)) - client-BBDD3DDB55D5->40d6e57f-8571-40cf-9170-698c71b23faf: receive RaftClientReply:client-BBDD3DDB55D5->40d6e57f-8571-40cf-9170-698c71b23faf@group-EE565679AD62, cid=51, SUCCESS, logIndex=77, commits[40d6e57f-8571-40cf-9170-698c71b23faf:c78, 1a04e0aa-3aef-47f2-8f0f-c5477652f054:c76, 9c25cf13-0c21-4ac4-bbef-b0be8d0caf59:c76]
2019-07-10 05:30:47,057 INFO  client.GrpcClientProtocolClient (GrpcClientProtocolClient.java:onNext(255)) - client-BBDD3DDB55D5->40d6e57f-8571-40cf-9170-698c71b23faf: receive RaftClientReply:client-BBDD3DDB55D5->40d6e57f-8571-40cf-9170-698c71b23faf@group-EE565679AD62, cid=52, SUCCESS, logIndex=78, commits[40d6e57f-8571-40cf-9170-698c71b23faf:c78, 1a04e0aa-3aef-47f2-8f0f-c5477652f054:c76, 9c25cf13-0c21-4ac4-bbef-b0be8d0caf59:c76]
2019-07-10 05:30:47,070 INFO  client.GrpcClientProtocolClient (GrpcClientProtocolClient.java:onNext(255)) - client-BBDD3DDB55D5->40d6e57f-8571-40cf-9170-698c71b23faf: receive RaftClientReply:client-BBDD3DDB55D5->40d6e57f-8571-40cf-9170-698c71b23faf@group-EE565679AD62, cid=53, SUCCESS, logIndex=0, commits[40d6e57f-8571-40cf-9170-698c71b23faf:c79, 1a04e0aa-3aef-47f2-8f0f-c5477652f054:c78, 9c25cf13-0c21-4ac4-bbef-b0be8d0caf59:c78]
 100.00% |█████████████████████████████████████████████████████████████████████████████████████████████████████|  1/1 Time: 0:00:04
2019-07-10 05:30:52,703 INFO  pipeline.SCMPipelineManager (SCMPipelineManager.java:finalizeAndDestroyPipeline(307)) - destroying pipeline:Pipeline[ Id: bb7ba5c3-0458-4cfe-a4d6-ee565679ad62, Nodes: 40d6e57f-8571-40cf-9170-698c71b23faf{ip: 192.168.69.125, host: hdds1735-lrt95-4085904335, networkLocation: /default-rack, certSerialId: null}9c25cf13-0c21-4ac4-bbef-b0be8d0caf59{ip: 192.168.69.125, host: hdds1735-lrt95-4085904335, networkLocation: /default-rack, certSerialId: null}1a04e0aa-3aef-47f2-8f0f-c5477652f054{ip: 192.168.69.125, host: hdds1735-lrt95-4085904335, networkLocation: /default-rack, certSerialId: null}, Type:RATIS, Factor:THREE, State:OPEN]
2019-07-10 05:30:52,705 INFO  pipeline.PipelineStateManager (PipelineStateManager.java:finalizePipeline(123)) - Pipeline Pipeline[ Id: bb7ba5c3-0458-4cfe-a4d6-ee565679ad62, Nodes: 40d6e57f-8571-40cf-9170-698c71b23faf{ip: 192.168.69.125, host: hdds1735-lrt95-4085904335, networkLocation: /default-rack, certSerialId: null}9c25cf13-0c21-4ac4-bbef-b0be8d0caf59{ip: 192.168.69.125, host: hdds1735-lrt95-4085904335, networkLocation: /default-rack, certSerialId: null}1a04e0aa-3aef-47f2-8f0f-c5477652f054{ip: 192.168.69.125, host: hdds1735-lrt95-4085904335, networkLocation: /default-rack, certSerialId: null}, Type:RATIS, Factor:THREE, State:CLOSED] moved to CLOSED state
2019-07-10 05:30:52,706 INFO  container.CloseContainerEventHandler (CloseContainerEventHandler.java:onMessage(61)) - Close container Event triggered for container : #1
2019-07-10 05:30:52,713 INFO  container.CloseContainerEventHandler (CloseContainerEventHandler.java:onMessage(61)) - Close container Event triggered for container : #2
2019-07-10 05:30:52,714 INFO  container.CloseContainerEventHandler (CloseContainerEventHandler.java:onMessage(61)) - Close container Event triggered for container : #3
2019-07-10 05:30:52,726 INFO  impl.RaftServerProxy (RaftServerProxy.java:remove(95)) - 40d6e57f-8571-40cf-9170-698c71b23faf: remove   LEADER group-EE565679AD62 40d6e57f-8571-40cf-9170-698c71b23faf:t1, leader=40d6e57f-8571-40cf-9170-698c71b23faf, voted=40d6e57f-8571-40cf-9170-698c71b23faf, raftlog=40d6e57f-8571-40cf-9170-698c71b23faf-SegmentedRaftLog:OPENED:c80,f80,i80, conf=0: [1a04e0aa-3aef-47f2-8f0f-c5477652f054:192.168.69.125:37494, 40d6e57f-8571-40cf-9170-698c71b23faf:192.168.69.125:35587, 9c25cf13-0c21-4ac4-bbef-b0be8d0caf59:192.168.69.125:46182], old=null RUNNING
2019-07-10 05:30:52,730 INFO  impl.RaftServerImpl (RaftServerImpl.java:lambda$shutdown$3(245)) - 40d6e57f-8571-40cf-9170-698c71b23faf: shutdown group-EE565679AD62
2019-07-10 05:30:52,730 INFO  util.JmxRegister (JmxRegister.java:unregister(73)) - Successfully un-registered JMX Bean with object name Ratis:service=RaftServer,group=group-EE565679AD62,id=40d6e57f-8571-40cf-9170-698c71b23faf
2019-07-10 05:30:52,731 INFO  impl.RoleInfo (RoleInfo.java:shutdownLeaderState(104)) - 40d6e57f-8571-40cf-9170-698c71b23faf: shutdown LeaderState
2019-07-10 05:30:52,734 INFO  impl.PendingRequests (PendingRequests.java:sendNotLeaderResponses(202)) - 40d6e57f-8571-40cf-9170-698c71b23faf-PendingRequests: sendNotLeaderResponses
2019-07-10 05:30:52,734 WARN  server.GrpcLogAppender (GrpcLogAppender.java:mayWait(143)) - GrpcLogAppender(40d6e57f-8571-40cf-9170-698c71b23faf->1a04e0aa-3aef-47f2-8f0f-c5477652f054): Wait interrupted by java.lang.InterruptedException
2019-07-10 05:30:52,734 WARN  server.GrpcLogAppender (GrpcLogAppender.java:mayWait(143)) - GrpcLogAppender(40d6e57f-8571-40cf-9170-698c71b23faf->9c25cf13-0c21-4ac4-bbef-b0be8d0caf59): Wait interrupted by java.lang.InterruptedException
2019-07-10 05:30:52,739 INFO  server.GrpcServerProtocolService (GrpcServerProtocolService.java:onCompleted(104)) - 9c25cf13-0c21-4ac4-bbef-b0be8d0caf59: appendEntries completed
2019-07-10 05:30:52,739 INFO  server.GrpcServerProtocolService (GrpcServerProtocolService.java:onCompleted(104)) - 1a04e0aa-3aef-47f2-8f0f-c5477652f054: appendEntries completed
2019-07-10 05:30:52,746 INFO  impl.StateMachineUpdater (StateMachineUpdater.java:stopAndJoin(115)) - StateMachineUpdater:40d6e57f-8571-40cf-9170-698c71b23faf:group-EE565679AD62: set stopIndex = 80
2019-07-10 05:30:52,746 INFO  server.GrpcLogAppender (GrpcLogAppender.java:onCompleted(292)) - 40d6e57f-8571-40cf-9170-698c71b23faf->9c25cf13-0c21-4ac4-bbef-b0be8d0caf59: follower responses appendEntries COMPLETED
2019-07-10 05:30:52,748 INFO  ratis.ContainerStateMachine (ContainerStateMachine.java:takeSnapshot(244)) - Taking snapshot at termIndex:(t:1, i:78)
2019-07-10 05:30:52,746 INFO  server.GrpcLogAppender (GrpcLogAppender.java:onCompleted(292)) - 40d6e57f-8571-40cf-9170-698c71b23faf->1a04e0aa-3aef-47f2-8f0f-c5477652f054: follower responses appendEntries COMPLETED
2019-07-10 05:30:52,749 INFO  ratis.ContainerStateMachine (ContainerStateMachine.java:takeSnapshot(248)) - Taking a snapshot to file /tmp/workdir/hadoop-ozone/tools/target/test-dir/MiniOzoneClusterImpl-587e744c-4b24-421a-a7fb-bdad0f71af90/datanode-2/data/ratis/bb7ba5c3-0458-4cfe-a4d6-ee565679ad62/sm/snapshot.1_78
2019-07-10 05:30:52,752 INFO  impl.FollowerInfo (FollowerInfo.java:lambda$new$0(50)) - 40d6e57f-8571-40cf-9170-698c71b23faf->9c25cf13-0c21-4ac4-bbef-b0be8d0caf59: nextIndex: updateUnconditionally 81 -> 80
2019-07-10 05:30:52,753 INFO  impl.FollowerInfo (FollowerInfo.java:lambda$new$0(50)) - 40d6e57f-8571-40cf-9170-698c71b23faf->1a04e0aa-3aef-47f2-8f0f-c5477652f054: nextIndex: updateUnconditionally 81 -> 80
2019-07-10 05:30:52,766 INFO  impl.StateMachineUpdater (StateMachineUpdater.java:takeSnapshot(242)) - StateMachineUpdater:40d6e57f-8571-40cf-9170-698c71b23faf:group-EE565679AD62: Took a snapshot at index 78
2019-07-10 05:30:52,767 INFO  impl.StateMachineUpdater (StateMachineUpdater.java:lambda$new$0(80)) - StateMachineUpdater:40d6e57f-8571-40cf-9170-698c71b23faf:group-EE565679AD62: snapshotIndex: updateIncreasingly -1 -> 78
2019-07-10 05:30:52,772 INFO  impl.RaftServerImpl (ServerState.java:close(394)) - 40d6e57f-8571-40cf-9170-698c71b23faf:group-EE565679AD62 closes. The last applied log index is 80
2019-07-10 05:30:52,775 INFO  segmented.SegmentedRaftLogWorker (SegmentedRaftLogWorker.java:run(313)) - 40d6e57f-8571-40cf-9170-698c71b23faf-SegmentedRaftLogWorker:Storage Directory /tmp/workdir/hadoop-ozone/tools/target/test-dir/MiniOzoneClusterImpl-587e744c-4b24-421a-a7fb-bdad0f71af90/datanode-2/data/ratis/bb7ba5c3-0458-4cfe-a4d6-ee565679ad62 was interrupted, exiting. There are 0 tasks remaining in the queue.
2019-07-10 05:30:52,776 INFO  segmented.SegmentedRaftLogWorker (SegmentedRaftLogWorker.java:close(228)) - 40d6e57f-8571-40cf-9170-698c71b23faf-SegmentedRaftLogWorker:Storage Directory /tmp/workdir/hadoop-ozone/tools/target/test-dir/MiniOzoneClusterImpl-587e744c-4b24-421a-a7fb-bdad0f71af90/datanode-2/data/ratis/bb7ba5c3-0458-4cfe-a4d6-ee565679ad62 close()
2019-07-10 05:30:52,803 INFO  impl.RaftServerProxy (RaftServerProxy.java:remove(95)) - 9c25cf13-0c21-4ac4-bbef-b0be8d0caf59: remove FOLLOWER group-EE565679AD62 9c25cf13-0c21-4ac4-bbef-b0be8d0caf59:t1, leader=40d6e57f-8571-40cf-9170-698c71b23faf, voted=9c25cf13-0c21-4ac4-bbef-b0be8d0caf59, raftlog=9c25cf13-0c21-4ac4-bbef-b0be8d0caf59-SegmentedRaftLog:OPENED:c80,f80,i80, conf=0: [1a04e0aa-3aef-47f2-8f0f-c5477652f054:192.168.69.125:37494, 40d6e57f-8571-40cf-9170-698c71b23faf:192.168.69.125:35587, 9c25cf13-0c21-4ac4-bbef-b0be8d0caf59:192.168.69.125:46182], old=null RUNNING
2019-07-10 05:30:52,803 INFO  impl.RaftServerImpl (RaftServerImpl.java:lambda$shutdown$3(245)) - 9c25cf13-0c21-4ac4-bbef-b0be8d0caf59: shutdown group-EE565679AD62
2019-07-10 05:30:52,804 INFO  util.JmxRegister (JmxRegister.java:unregister(73)) - Successfully un-registered JMX Bean with object name Ratis:service=RaftServer,group=group-EE565679AD62,id=9c25cf13-0c21-4ac4-bbef-b0be8d0caf59
2019-07-10 05:30:52,804 INFO  impl.RoleInfo (RoleInfo.java:shutdownFollowerState(121)) - 9c25cf13-0c21-4ac4-bbef-b0be8d0caf59: shutdown FollowerState
2019-07-10 05:30:52,804 INFO  impl.StateMachineUpdater (StateMachineUpdater.java:stopAndJoin(115)) - StateMachineUpdater:9c25cf13-0c21-4ac4-bbef-b0be8d0caf59:group-EE565679AD62: set stopIndex = 80
2019-07-10 05:30:52,804 INFO  ratis.ContainerStateMachine (ContainerStateMachine.java:takeSnapshot(244)) - Taking snapshot at termIndex:(t:1, i:78)
2019-07-10 05:30:52,809 INFO  impl.FollowerState (FollowerState.java:run(114)) - 9c25cf13-0c21-4ac4-bbef-b0be8d0caf59: FollowerState was interrupted: java.lang.InterruptedException: sleep interrupted
2019-07-10 05:30:52,809 INFO  ratis.ContainerStateMachine (ContainerStateMachine.java:takeSnapshot(248)) - Taking a snapshot to file /tmp/workdir/hadoop-ozone/tools/target/test-dir/MiniOzoneClusterImpl-587e744c-4b24-421a-a7fb-bdad0f71af90/datanode-0/data/ratis/bb7ba5c3-0458-4cfe-a4d6-ee565679ad62/sm/snapshot.1_78
2019-07-10 05:30:52,811 INFO  impl.StateMachineUpdater (StateMachineUpdater.java:takeSnapshot(242)) - StateMachineUpdater:9c25cf13-0c21-4ac4-bbef-b0be8d0caf59:group-EE565679AD62: Took a snapshot at index 78
2019-07-10 05:30:52,811 INFO  impl.StateMachineUpdater (StateMachineUpdater.java:lambda$new$0(80)) - StateMachineUpdater:9c25cf13-0c21-4ac4-bbef-b0be8d0caf59:group-EE565679AD62: snapshotIndex: updateIncreasingly -1 -> 78
2019-07-10 05:30:52,812 INFO  impl.RaftServerImpl (ServerState.java:close(394)) - 9c25cf13-0c21-4ac4-bbef-b0be8d0caf59:group-EE565679AD62 closes. The last applied log index is 80
2019-07-10 05:30:52,812 INFO  segmented.SegmentedRaftLogWorker (SegmentedRaftLogWorker.java:run(313)) - 9c25cf13-0c21-4ac4-bbef-b0be8d0caf59-SegmentedRaftLogWorker:Storage Directory /tmp/workdir/hadoop-ozone/tools/target/test-dir/MiniOzoneClusterImpl-587e744c-4b24-421a-a7fb-bdad0f71af90/datanode-0/data/ratis/bb7ba5c3-0458-4cfe-a4d6-ee565679ad62 was interrupted, exiting. There are 0 tasks remaining in the queue.
2019-07-10 05:30:52,813 INFO  segmented.SegmentedRaftLogWorker (SegmentedRaftLogWorker.java:close(228)) - 9c25cf13-0c21-4ac4-bbef-b0be8d0caf59-SegmentedRaftLogWorker:Storage Directory /tmp/workdir/hadoop-ozone/tools/target/test-dir/MiniOzoneClusterImpl-587e744c-4b24-421a-a7fb-bdad0f71af90/datanode-0/data/ratis/bb7ba5c3-0458-4cfe-a4d6-ee565679ad62 close()
2019-07-10 05:30:52,834 INFO  impl.RaftServerProxy (RaftServerProxy.java:remove(95)) - 1a04e0aa-3aef-47f2-8f0f-c5477652f054: remove FOLLOWER group-EE565679AD62 1a04e0aa-3aef-47f2-8f0f-c5477652f054:t1, leader=40d6e57f-8571-40cf-9170-698c71b23faf, voted=40d6e57f-8571-40cf-9170-698c71b23faf, raftlog=1a04e0aa-3aef-47f2-8f0f-c5477652f054-SegmentedRaftLog:OPENED:c80,f80,i80, conf=0: [1a04e0aa-3aef-47f2-8f0f-c5477652f054:192.168.69.125:37494, 40d6e57f-8571-40cf-9170-698c71b23faf:192.168.69.125:35587, 9c25cf13-0c21-4ac4-bbef-b0be8d0caf59:192.168.69.125:46182], old=null RUNNING
2019-07-10 05:30:52,834 INFO  impl.RaftServerImpl (RaftServerImpl.java:lambda$shutdown$3(245)) - 1a04e0aa-3aef-47f2-8f0f-c5477652f054: shutdown group-EE565679AD62
2019-07-10 05:30:52,835 INFO  util.JmxRegister (JmxRegister.java:unregister(73)) - Successfully un-registered JMX Bean with object name Ratis:service=RaftServer,group=group-EE565679AD62,id=1a04e0aa-3aef-47f2-8f0f-c5477652f054
2019-07-10 05:30:52,835 INFO  impl.RoleInfo (RoleInfo.java:shutdownFollowerState(121)) - 1a04e0aa-3aef-47f2-8f0f-c5477652f054: shutdown FollowerState
2019-07-10 05:30:52,835 INFO  impl.StateMachineUpdater (StateMachineUpdater.java:stopAndJoin(115)) - StateMachineUpdater:1a04e0aa-3aef-47f2-8f0f-c5477652f054:group-EE565679AD62: set stopIndex = 80
2019-07-10 05:30:52,835 INFO  impl.FollowerState (FollowerState.java:run(114)) - 1a04e0aa-3aef-47f2-8f0f-c5477652f054: FollowerState was interrupted: java.lang.InterruptedException: sleep interrupted
2019-07-10 05:30:52,835 INFO  ratis.ContainerStateMachine (ContainerStateMachine.java:takeSnapshot(244)) - Taking snapshot at termIndex:(t:1, i:78)
2019-07-10 05:30:52,838 INFO  ratis.ContainerStateMachine (ContainerStateMachine.java:takeSnapshot(248)) - Taking a snapshot to file /tmp/workdir/hadoop-ozone/tools/target/test-dir/MiniOzoneClusterImpl-587e744c-4b24-421a-a7fb-bdad0f71af90/datanode-1/data/ratis/bb7ba5c3-0458-4cfe-a4d6-ee565679ad62/sm/snapshot.1_78
2019-07-10 05:30:52,838 INFO  impl.StateMachineUpdater (StateMachineUpdater.java:takeSnapshot(242)) - StateMachineUpdater:1a04e0aa-3aef-47f2-8f0f-c5477652f054:group-EE565679AD62: Took a snapshot at index 78
2019-07-10 05:30:52,838 INFO  impl.StateMachineUpdater (StateMachineUpdater.java:lambda$new$0(80)) - StateMachineUpdater:1a04e0aa-3aef-47f2-8f0f-c5477652f054:group-EE565679AD62: snapshotIndex: updateIncreasingly -1 -> 78
2019-07-10 05:30:52,838 INFO  impl.RaftServerImpl (ServerState.java:close(394)) - 1a04e0aa-3aef-47f2-8f0f-c5477652f054:group-EE565679AD62 closes. The last applied log index is 80
2019-07-10 05:30:52,839 INFO  segmented.SegmentedRaftLogWorker (SegmentedRaftLogWorker.java:run(313)) - 1a04e0aa-3aef-47f2-8f0f-c5477652f054-SegmentedRaftLogWorker:Storage Directory /tmp/workdir/hadoop-ozone/tools/target/test-dir/MiniOzoneClusterImpl-587e744c-4b24-421a-a7fb-bdad0f71af90/datanode-1/data/ratis/bb7ba5c3-0458-4cfe-a4d6-ee565679ad62 was interrupted, exiting. There are 0 tasks remaining in the queue.
2019-07-10 05:30:52,840 INFO  segmented.SegmentedRaftLogWorker (SegmentedRaftLogWorker.java:close(228)) - 1a04e0aa-3aef-47f2-8f0f-c5477652f054-SegmentedRaftLogWorker:Storage Directory /tmp/workdir/hadoop-ozone/tools/target/test-dir/MiniOzoneClusterImpl-587e744c-4b24-421a-a7fb-bdad0f71af90/datanode-1/data/ratis/bb7ba5c3-0458-4cfe-a4d6-ee565679ad62 close()
2019-07-10 05:30:52,850 INFO  pipeline.PipelineStateManager (PipelineStateManager.java:removePipeline(108)) - Pipeline Pipeline[ Id: bb7ba5c3-0458-4cfe-a4d6-ee565679ad62, Nodes: 40d6e57f-8571-40cf-9170-698c71b23faf{ip: 192.168.69.125, host: hdds1735-lrt95-4085904335, networkLocation: /default-rack, certSerialId: null}9c25cf13-0c21-4ac4-bbef-b0be8d0caf59{ip: 192.168.69.125, host: hdds1735-lrt95-4085904335, networkLocation: /default-rack, certSerialId: null}1a04e0aa-3aef-47f2-8f0f-c5477652f054{ip: 192.168.69.125, host: hdds1735-lrt95-4085904335, networkLocation: /default-rack, certSerialId: null}, Type:RATIS, Factor:THREE, State:CLOSED] removed from db
2019-07-10 05:30:52,867 INFO  impl.RaftServerProxy (RaftServerProxy.java:addNew(89)) - 1a04e0aa-3aef-47f2-8f0f-c5477652f054: addNew group-4E1D25E8763B:[1a04e0aa-3aef-47f2-8f0f-c5477652f054:192.168.69.125:37494, 40d6e57f-8571-40cf-9170-698c71b23faf:192.168.69.125:35587, 9c25cf13-0c21-4ac4-bbef-b0be8d0caf59:192.168.69.125:46182] returns group-4E1D25E8763B:java.util.concurrent.CompletableFuture@288a7a82[Not completed]
2019-07-10 05:30:52,867 INFO  impl.RaftServerProxy (RaftServerProxy.java:addNew(89)) - 40d6e57f-8571-40cf-9170-698c71b23faf: addNew group-4E1D25E8763B:[1a04e0aa-3aef-47f2-8f0f-c5477652f054:192.168.69.125:37494, 40d6e57f-8571-40cf-9170-698c71b23faf:192.168.69.125:35587, 9c25cf13-0c21-4ac4-bbef-b0be8d0caf59:192.168.69.125:46182] returns group-4E1D25E8763B:java.util.concurrent.CompletableFuture@323d2c47[Not completed]
2019-07-10 05:30:52,867 INFO  impl.RaftServerProxy (RaftServerProxy.java:addNew(89)) - 9c25cf13-0c21-4ac4-bbef-b0be8d0caf59: addNew group-4E1D25E8763B:[1a04e0aa-3aef-47f2-8f0f-c5477652f054:192.168.69.125:37494, 40d6e57f-8571-40cf-9170-698c71b23faf:192.168.69.125:35587, 9c25cf13-0c21-4ac4-bbef-b0be8d0caf59:192.168.69.125:46182] returns group-4E1D25E8763B:java.util.concurrent.CompletableFuture@128f1e8[Not completed]
2019-07-10 05:30:52,870 INFO  impl.RaftServerImpl (RaftServerImpl.java:<init>(93)) - 1a04e0aa-3aef-47f2-8f0f-c5477652f054: new RaftServerImpl for group-4E1D25E8763B:[1a04e0aa-3aef-47f2-8f0f-c5477652f054:192.168.69.125:37494, 40d6e57f-8571-40cf-9170-698c71b23faf:192.168.69.125:35587, 9c25cf13-0c21-4ac4-bbef-b0be8d0caf59:192.168.69.125:46182] with ContainerStateMachine:uninitialized
2019-07-10 05:30:52,870 INFO  server.RaftServerConfigKeys (ConfUtils.java:logGet(43)) - raft.server.rpc.timeout.min = 1s (custom)
2019-07-10 05:30:52,870 INFO  server.RaftServerConfigKeys (ConfUtils.java:logGet(43)) - raft.server.rpc.timeout.max = 1200ms (custom)
2019-07-10 05:30:52,870 INFO  server.RaftServerConfigKeys (ConfUtils.java:logGet(43)) - raft.server.rpcslowness.timeout = 120s (custom)
2019-07-10 05:30:52,871 INFO  server.RaftServerConfigKeys (ConfUtils.java:logGet(43)) - raft.server.sleep.deviation.threshold = 300 (default)
2019-07-10 05:30:52,871 INFO  server.RaftServerConfigKeys (ConfUtils.java:logGet(43)) - raft.server.log.appender.install.snapshot.enabled = false (custom)
2019-07-10 05:30:52,871 INFO  impl.RaftServerImpl (ServerState.java:<init>(105)) - 1a04e0aa-3aef-47f2-8f0f-c5477652f054:group-4E1D25E8763B ConfigurationManager, init=-1: [1a04e0aa-3aef-47f2-8f0f-c5477652f054:192.168.69.125:37494, 40d6e57f-8571-40cf-9170-698c71b23faf:192.168.69.125:35587, 9c25cf13-0c21-4ac4-bbef-b0be8d0caf59:192.168.69.125:46182], old=null, confs=<EMPTY_MAP>
2019-07-10 05:30:52,871 INFO  impl.RaftServerImpl (RaftServerImpl.java:<init>(93)) - 40d6e57f-8571-40cf-9170-698c71b23faf: new RaftServerImpl for group-4E1D25E8763B:[1a04e0aa-3aef-47f2-8f0f-c5477652f054:192.168.69.125:37494, 40d6e57f-8571-40cf-9170-698c71b23faf:192.168.69.125:35587, 9c25cf13-0c21-4ac4-bbef-b0be8d0caf59:192.168.69.125:46182] with ContainerStateMachine:uninitialized
2019-07-10 05:30:52,871 INFO  server.RaftServerConfigKeys (ConfUtils.java:logGet(43)) - raft.server.storage.dir = [/tmp/workdir/hadoop-ozone/tools/target/test-dir/MiniOzoneClusterImpl-587e744c-4b24-421a-a7fb-bdad0f71af90/datanode-1/data/ratis] (custom)
2019-07-10 05:30:52,871 INFO  server.RaftServerConfigKeys (ConfUtils.java:logGet(43)) - raft.server.rpc.timeout.min = 1s (custom)
2019-07-10 05:30:52,872 INFO  server.RaftServerConfigKeys (ConfUtils.java:logGet(43)) - raft.server.rpc.timeout.max = 1200ms (custom)
2019-07-10 05:30:52,872 INFO  storage.RaftStorageDirectory (RaftStorageDirectory.java:analyzeStorage(246)) - The storage directory /tmp/workdir/hadoop-ozone/tools/target/test-dir/MiniOzoneClusterImpl-587e744c-4b24-421a-a7fb-bdad0f71af90/datanode-1/data/ratis/16ff2b60-33a1-4592-a806-4e1d25e8763b does not exist. Creating ...
2019-07-10 05:30:52,872 INFO  server.RaftServerConfigKeys (ConfUtils.java:logGet(43)) - raft.server.rpcslowness.timeout = 120s (custom)
2019-07-10 05:30:52,872 INFO  impl.RaftServerImpl (RaftServerImpl.java:<init>(93)) - 9c25cf13-0c21-4ac4-bbef-b0be8d0caf59: new RaftServerImpl for group-4E1D25E8763B:[1a04e0aa-3aef-47f2-8f0f-c5477652f054:192.168.69.125:37494, 40d6e57f-8571-40cf-9170-698c71b23faf:192.168.69.125:35587, 9c25cf13-0c21-4ac4-bbef-b0be8d0caf59:192.168.69.125:46182] with ContainerStateMachine:uninitialized
2019-07-10 05:30:52,872 INFO  server.RaftServerConfigKeys (ConfUtils.java:logGet(43)) - raft.server.sleep.deviation.threshold = 300 (default)
2019-07-10 05:30:52,872 INFO  server.RaftServerConfigKeys (ConfUtils.java:logGet(43)) - raft.server.rpc.timeout.min = 1s (custom)
2019-07-10 05:30:52,872 INFO  server.RaftServerConfigKeys (ConfUtils.java:logGet(43)) - raft.server.log.appender.install.snapshot.enabled = false (custom)
2019-07-10 05:30:52,873 INFO  server.RaftServerConfigKeys (ConfUtils.java:logGet(43)) - raft.server.rpc.timeout.max = 1200ms (custom)
2019-07-10 05:30:52,873 INFO  impl.RaftServerImpl (ServerState.java:<init>(105)) - 40d6e57f-8571-40cf-9170-698c71b23faf:group-4E1D25E8763B ConfigurationManager, init=-1: [1a04e0aa-3aef-47f2-8f0f-c5477652f054:192.168.69.125:37494, 40d6e57f-8571-40cf-9170-698c71b23faf:192.168.69.125:35587, 9c25cf13-0c21-4ac4-bbef-b0be8d0caf59:192.168.69.125:46182], old=null, confs=<EMPTY_MAP>
2019-07-10 05:30:52,873 INFO  server.RaftServerConfigKeys (ConfUtils.java:logGet(43)) - raft.server.rpcslowness.timeout = 120s (custom)
2019-07-10 05:30:52,873 INFO  server.RaftServerConfigKeys (ConfUtils.java:logGet(43)) - raft.server.storage.dir = [/tmp/workdir/hadoop-ozone/tools/target/test-dir/MiniOzoneClusterImpl-587e744c-4b24-421a-a7fb-bdad0f71af90/datanode-2/data/ratis] (custom)
2019-07-10 05:30:52,873 INFO  server.RaftServerConfigKeys (ConfUtils.java:logGet(43)) - raft.server.sleep.deviation.threshold = 300 (default)
2019-07-10 05:30:52,873 INFO  server.RaftServerConfigKeys (ConfUtils.java:logGet(43)) - raft.server.log.appender.install.snapshot.enabled = false (custom)
2019-07-10 05:30:52,874 INFO  storage.RaftStorageDirectory (RaftStorageDirectory.java:analyzeStorage(246)) - The storage directory /tmp/workdir/hadoop-ozone/tools/target/test-dir/MiniOzoneClusterImpl-587e744c-4b24-421a-a7fb-bdad0f71af90/datanode-2/data/ratis/16ff2b60-33a1-4592-a806-4e1d25e8763b does not exist. Creating ...
2019-07-10 05:30:52,874 INFO  impl.RaftServerImpl (ServerState.java:<init>(105)) - 9c25cf13-0c21-4ac4-bbef-b0be8d0caf59:group-4E1D25E8763B ConfigurationManager, init=-1: [1a04e0aa-3aef-47f2-8f0f-c5477652f054:192.168.69.125:37494, 40d6e57f-8571-40cf-9170-698c71b23faf:192.168.69.125:35587, 9c25cf13-0c21-4ac4-bbef-b0be8d0caf59:192.168.69.125:46182], old=null, confs=<EMPTY_MAP>
2019-07-10 05:30:52,874 INFO  server.RaftServerConfigKeys (ConfUtils.java:logGet(43)) - raft.server.storage.dir = [/tmp/workdir/hadoop-ozone/tools/target/test-dir/MiniOzoneClusterImpl-587e744c-4b24-421a-a7fb-bdad0f71af90/datanode-0/data/ratis] (custom)
2019-07-10 05:30:52,874 INFO  storage.RaftStorageDirectory (RaftStorageDirectory.java:analyzeStorage(246)) - The storage directory /tmp/workdir/hadoop-ozone/tools/target/test-dir/MiniOzoneClusterImpl-587e744c-4b24-421a-a7fb-bdad0f71af90/datanode-0/data/ratis/16ff2b60-33a1-4592-a806-4e1d25e8763b does not exist. Creating ...
2019-07-10 05:30:52,887 INFO  storage.RaftStorageDirectory (RaftStorageDirectory.java:tryLock(328)) - Lock on /tmp/workdir/hadoop-ozone/tools/target/test-dir/MiniOzoneClusterImpl-587e744c-4b24-421a-a7fb-bdad0f71af90/datanode-0/data/ratis/16ff2b60-33a1-4592-a806-4e1d25e8763b/in_use.lock acquired by nodename 21157@hdds1735-lrt95-4085904335
2019-07-10 05:30:52,887 INFO  storage.RaftStorageDirectory (RaftStorageDirectory.java:tryLock(328)) - Lock on /tmp/workdir/hadoop-ozone/tools/target/test-dir/MiniOzoneClusterImpl-587e744c-4b24-421a-a7fb-bdad0f71af90/datanode-1/data/ratis/16ff2b60-33a1-4592-a806-4e1d25e8763b/in_use.lock acquired by nodename 21157@hdds1735-lrt95-4085904335
2019-07-10 05:30:52,887 INFO  storage.RaftStorageDirectory (RaftStorageDirectory.java:tryLock(328)) - Lock on /tmp/workdir/hadoop-ozone/tools/target/test-dir/MiniOzoneClusterImpl-587e744c-4b24-421a-a7fb-bdad0f71af90/datanode-2/data/ratis/16ff2b60-33a1-4592-a806-4e1d25e8763b/in_use.lock acquired by nodename 21157@hdds1735-lrt95-4085904335
2019-07-10 05:30:52,902 INFO  storage.RaftStorage (RaftStorage.java:format(72)) - Storage directory /tmp/workdir/hadoop-ozone/tools/target/test-dir/MiniOzoneClusterImpl-587e744c-4b24-421a-a7fb-bdad0f71af90/datanode-1/data/ratis/16ff2b60-33a1-4592-a806-4e1d25e8763b has been successfully formatted.
2019-07-10 05:30:52,902 INFO  storage.RaftStorage (RaftStorage.java:format(72)) - Storage directory /tmp/workdir/hadoop-ozone/tools/target/test-dir/MiniOzoneClusterImpl-587e744c-4b24-421a-a7fb-bdad0f71af90/datanode-0/data/ratis/16ff2b60-33a1-4592-a806-4e1d25e8763b has been successfully formatted.
2019-07-10 05:30:52,902 INFO  storage.RaftStorage (RaftStorage.java:format(72)) - Storage directory /tmp/workdir/hadoop-ozone/tools/target/test-dir/MiniOzoneClusterImpl-587e744c-4b24-421a-a7fb-bdad0f71af90/datanode-2/data/ratis/16ff2b60-33a1-4592-a806-4e1d25e8763b has been successfully formatted.
2019-07-10 05:30:52,903 INFO  ratis.ContainerStateMachine (ContainerStateMachine.java:loadSnapshot(198)) - The snapshot info is null.Setting the last applied index to:(t:0, i:~)
2019-07-10 05:30:52,903 INFO  ratis.ContainerStateMachine (ContainerStateMachine.java:loadSnapshot(198)) - The snapshot info is null.Setting the last applied index to:(t:0, i:~)
2019-07-10 05:30:52,902 INFO  ratis.ContainerStateMachine (ContainerStateMachine.java:loadSnapshot(198)) - The snapshot info is null.Setting the last applied index to:(t:0, i:~)
2019-07-10 05:30:52,903 INFO  server.RaftServerConfigKeys (ConfUtils.java:logGet(43)) - raft.server.leader.election.timeout = 120s (custom)
2019-07-10 05:30:52,903 INFO  server.RaftServerConfigKeys (ConfUtils.java:logGet(43)) - raft.server.leader.election.timeout = 120s (custom)
2019-07-10 05:30:52,903 INFO  server.RaftServerConfigKeys (ConfUtils.java:logGet(43)) - raft.server.log.use.memory = false (default)
2019-07-10 05:30:52,903 INFO  server.RaftServerConfigKeys (ConfUtils.java:logGet(43)) - raft.server.leader.election.timeout = 120s (custom)
2019-07-10 05:30:52,904 INFO  server.RaftServerConfigKeys (ConfUtils.java:logGet(43)) - raft.server.log.purge.gap = 1000000000 (custom)
2019-07-10 05:30:52,903 INFO  server.RaftServerConfigKeys (ConfUtils.java:logGet(43)) - raft.server.log.use.memory = false (default)
2019-07-10 05:30:52,904 INFO  server.RaftServerConfigKeys (ConfUtils.java:logGet(43)) - raft.server.log.appender.buffer.byte-limit = 33554432 (custom)
2019-07-10 05:30:52,904 INFO  server.RaftServerConfigKeys (ConfUtils.java:logGet(43)) - raft.server.log.use.memory = false (default)
2019-07-10 05:30:52,904 INFO  server.RaftServerConfigKeys (ConfUtils.java:logGet(43)) - raft.server.log.segment.size.max = 1048576 (custom)
2019-07-10 05:30:52,904 INFO  server.RaftServerConfigKeys (ConfUtils.java:logGet(43)) - raft.server.log.purge.gap = 1000000000 (custom)
2019-07-10 05:30:52,905 INFO  server.RaftServerConfigKeys (ConfUtils.java:logGet(43)) - raft.server.log.segment.cache.num.max = 2 (custom)
2019-07-10 05:30:52,905 INFO  server.RaftServerConfigKeys (ConfUtils.java:logGet(43)) - raft.server.log.purge.gap = 1000000000 (custom)
2019-07-10 05:30:52,905 INFO  segmented.SegmentedRaftLogWorker (SegmentedRaftLogWorker.java:<init>(172)) - new 40d6e57f-8571-40cf-9170-698c71b23faf-SegmentedRaftLogWorker:Storage Directory /tmp/workdir/hadoop-ozone/tools/target/test-dir/MiniOzoneClusterImpl-587e744c-4b24-421a-a7fb-bdad0f71af90/datanode-2/data/ratis/16ff2b60-33a1-4592-a806-4e1d25e8763b for RaftStorage:Storage Directory /tmp/workdir/hadoop-ozone/tools/target/test-dir/MiniOzoneClusterImpl-587e744c-4b24-421a-a7fb-bdad0f71af90/datanode-2/data/ratis/16ff2b60-33a1-4592-a806-4e1d25e8763b
2019-07-10 05:30:52,905 INFO  server.RaftServerConfigKeys (ConfUtils.java:logGet(43)) - raft.server.log.appender.buffer.byte-limit = 33554432 (custom)
2019-07-10 05:30:52,905 INFO  server.RaftServerConfigKeys (ConfUtils.java:logGet(43)) - raft.server.log.queue.byte-limit = 2147483647 (custom)
2019-07-10 05:30:52,905 INFO  server.RaftServerConfigKeys (ConfUtils.java:logGet(43)) - raft.server.log.appender.buffer.byte-limit = 33554432 (custom)
2019-07-10 05:30:52,907 INFO  server.RaftServerConfigKeys (ConfUtils.java:logGet(43)) - raft.server.log.queue.element-limit = 1024 (custom)
2019-07-10 05:30:52,906 INFO  server.RaftServerConfigKeys (ConfUtils.java:logGet(43)) - raft.server.log.segment.size.max = 1048576 (custom)
2019-07-10 05:30:52,908 INFO  server.RaftServerConfigKeys (ConfUtils.java:logGet(43)) - raft.server.log.segment.size.max = 1048576 (custom)
2019-07-10 05:30:52,907 INFO  server.RaftServerConfigKeys (ConfUtils.java:logGet(43)) - raft.server.log.segment.size.max = 1048576 (custom)
2019-07-10 05:30:52,908 INFO  server.RaftServerConfigKeys (ConfUtils.java:logGet(43)) - raft.server.log.segment.cache.num.max = 2 (custom)
2019-07-10 05:30:52,908 INFO  server.RaftServerConfigKeys (ConfUtils.java:logGet(43)) - raft.server.log.segment.cache.num.max = 2 (custom)
2019-07-10 05:30:52,908 INFO  segmented.SegmentedRaftLogWorker (SegmentedRaftLogWorker.java:<init>(172)) - new 9c25cf13-0c21-4ac4-bbef-b0be8d0caf59-SegmentedRaftLogWorker:Storage Directory /tmp/workdir/hadoop-ozone/tools/target/test-dir/MiniOzoneClusterImpl-587e744c-4b24-421a-a7fb-bdad0f71af90/datanode-0/data/ratis/16ff2b60-33a1-4592-a806-4e1d25e8763b for RaftStorage:Storage Directory /tmp/workdir/hadoop-ozone/tools/target/test-dir/MiniOzoneClusterImpl-587e744c-4b24-421a-a7fb-bdad0f71af90/datanode-0/data/ratis/16ff2b60-33a1-4592-a806-4e1d25e8763b
2019-07-10 05:30:52,908 INFO  segmented.SegmentedRaftLogWorker (SegmentedRaftLogWorker.java:<init>(172)) - new 1a04e0aa-3aef-47f2-8f0f-c5477652f054-SegmentedRaftLogWorker:Storage Directory /tmp/workdir/hadoop-ozone/tools/target/test-dir/MiniOzoneClusterImpl-587e744c-4b24-421a-a7fb-bdad0f71af90/datanode-1/data/ratis/16ff2b60-33a1-4592-a806-4e1d25e8763b for RaftStorage:Storage Directory /tmp/workdir/hadoop-ozone/tools/target/test-dir/MiniOzoneClusterImpl-587e744c-4b24-421a-a7fb-bdad0f71af90/datanode-1/data/ratis/16ff2b60-33a1-4592-a806-4e1d25e8763b
2019-07-10 05:30:52,908 INFO  server.RaftServerConfigKeys (ConfUtils.java:logGet(43)) - raft.server.log.queue.byte-limit = 2147483647 (custom)
2019-07-10 05:30:52,909 INFO  server.RaftServerConfigKeys (ConfUtils.java:logGet(43)) - raft.server.log.preallocated.size = 16384 (custom)
2019-07-10 05:30:52,909 INFO  server.RaftServerConfigKeys (ConfUtils.java:logGet(43)) - raft.server.log.queue.byte-limit = 2147483647 (custom)
2019-07-10 05:30:52,912 INFO  server.RaftServerConfigKeys (ConfUtils.java:logGet(43)) - raft.server.log.write.buffer.size = 33554432 (custom)
2019-07-10 05:30:52,911 INFO  server.RaftServerConfigKeys (ConfUtils.java:logGet(43)) - raft.server.log.queue.element-limit = 1024 (custom)
2019-07-10 05:30:52,912 INFO  server.RaftServerConfigKeys (ConfUtils.java:logGet(43)) - raft.server.log.force.sync.num = 128 (default)
2019-07-10 05:30:52,912 INFO  server.RaftServerConfigKeys (ConfUtils.java:logGet(43)) - raft.server.log.queue.element-limit = 1024 (custom)
2019-07-10 05:30:52,912 INFO  server.RaftServerConfigKeys (ConfUtils.java:logGet(43)) - raft.server.log.statemachine.data.sync = true (default)
2019-07-10 05:30:52,912 INFO  server.RaftServerConfigKeys (ConfUtils.java:logGet(43)) - raft.server.log.segment.size.max = 1048576 (custom)
2019-07-10 05:30:52,913 INFO  server.RaftServerConfigKeys (ConfUtils.java:logGet(43)) - raft.server.log.statemachine.data.sync.timeout = 10s (default)
2019-07-10 05:30:52,912 INFO  server.RaftServerConfigKeys (ConfUtils.java:logGet(43)) - raft.server.log.segment.size.max = 1048576 (custom)
2019-07-10 05:30:52,913 INFO  server.RaftServerConfigKeys (ConfUtils.java:logGet(43)) - raft.server.log.statemachine.data.sync.timeout.retry = -1 (default)
2019-07-10 05:30:52,913 INFO  server.RaftServerConfigKeys (ConfUtils.java:logGet(43)) - raft.server.log.preallocated.size = 16384 (custom)
2019-07-10 05:30:52,914 INFO  server.RaftServerConfigKeys (ConfUtils.java:logGet(43)) - raft.server.log.statemachine.data.caching.enabled = true (custom)
2019-07-10 05:30:52,913 INFO  server.RaftServerConfigKeys (ConfUtils.java:logGet(43)) - raft.server.log.preallocated.size = 16384 (custom)
2019-07-10 05:30:52,914 INFO  server.RaftServerConfigKeys (ConfUtils.java:logGet(43)) - raft.server.log.write.buffer.size = 33554432 (custom)
2019-07-10 05:30:52,914 INFO  server.RaftServerConfigKeys (ConfUtils.java:logGet(43)) - raft.server.log.write.buffer.size = 33554432 (custom)
2019-07-10 05:30:52,914 INFO  segmented.SegmentedRaftLogWorker (SegmentedRaftLogWorker.java:lambda$new$0(132)) - 40d6e57f-8571-40cf-9170-698c71b23faf-SegmentedRaftLogWorker:Storage Directory /tmp/workdir/hadoop-ozone/tools/target/test-dir/MiniOzoneClusterImpl-587e744c-4b24-421a-a7fb-bdad0f71af90/datanode-2/data/ratis/16ff2b60-33a1-4592-a806-4e1d25e8763b: flushIndex: setUnconditionally 0 -> -1
2019-07-10 05:30:52,914 INFO  server.RaftServerConfigKeys (ConfUtils.java:logGet(43)) - raft.server.log.force.sync.num = 128 (default)
2019-07-10 05:30:52,914 INFO  server.RaftServerConfigKeys (ConfUtils.java:logGet(43)) - raft.server.log.force.sync.num = 128 (default)
2019-07-10 05:30:52,915 INFO  server.RaftServerConfigKeys (ConfUtils.java:logGet(43)) - raft.server.snapshot.auto.trigger.enabled = true (custom)
2019-07-10 05:30:52,915 INFO  server.RaftServerConfigKeys (ConfUtils.java:logGet(43)) - raft.server.log.statemachine.data.sync = true (default)
2019-07-10 05:30:52,915 INFO  server.RaftServerConfigKeys (ConfUtils.java:logGet(43)) - raft.server.snapshot.auto.trigger.threshold = 10000 (custom)
2019-07-10 05:30:52,915 INFO  server.RaftServerConfigKeys (ConfUtils.java:logGet(43)) - raft.server.log.statemachine.data.sync = true (default)
2019-07-10 05:30:52,916 INFO  server.RaftServerConfigKeys (ConfUtils.java:logGet(43)) - raft.server.retrycache.expirytime = 600000ms (custom)
2019-07-10 05:30:52,915 INFO  server.RaftServerConfigKeys (ConfUtils.java:logGet(43)) - raft.server.log.statemachine.data.sync.timeout = 10s (default)
2019-07-10 05:30:52,916 INFO  impl.RaftServerImpl (RaftServerImpl.java:start(180)) - 40d6e57f-8571-40cf-9170-698c71b23faf: start group-4E1D25E8763B
2019-07-10 05:30:52,916 INFO  server.RaftServerConfigKeys (ConfUtils.java:logGet(43)) - raft.server.log.statemachine.data.sync.timeout = 10s (default)
2019-07-10 05:30:52,916 INFO  impl.RaftServerImpl (RaftServerImpl.java:setRole(171)) - 40d6e57f-8571-40cf-9170-698c71b23faf:group-4E1D25E8763B changes role from null to FOLLOWER at term 0 for startAsFollower
2019-07-10 05:30:52,916 INFO  server.RaftServerConfigKeys (ConfUtils.java:logGet(43)) - raft.server.log.statemachine.data.sync.timeout.retry = -1 (default)
2019-07-10 05:30:52,917 INFO  impl.RoleInfo (RoleInfo.java:updateAndGet(143)) - 40d6e57f-8571-40cf-9170-698c71b23faf: start FollowerState
2019-07-10 05:30:52,916 INFO  server.RaftServerConfigKeys (ConfUtils.java:logGet(43)) - raft.server.log.statemachine.data.sync.timeout.retry = -1 (default)
2019-07-10 05:30:52,917 INFO  server.RaftServerConfigKeys (ConfUtils.java:logGet(43)) - raft.server.log.statemachine.data.caching.enabled = true (custom)
2019-07-10 05:30:52,917 INFO  server.RaftServerConfigKeys (ConfUtils.java:logGet(43)) - raft.server.log.statemachine.data.caching.enabled = true (custom)
2019-07-10 05:30:52,917 INFO  util.JmxRegister (JmxRegister.java:tryRegister(44)) - Successfully registered JMX Bean with object name Ratis:service=RaftServer,group=group-4E1D25E8763B,id=40d6e57f-8571-40cf-9170-698c71b23faf
2019-07-10 05:30:52,917 INFO  segmented.SegmentedRaftLogWorker (SegmentedRaftLogWorker.java:lambda$new$0(132)) - 1a04e0aa-3aef-47f2-8f0f-c5477652f054-SegmentedRaftLogWorker:Storage Directory /tmp/workdir/hadoop-ozone/tools/target/test-dir/MiniOzoneClusterImpl-587e744c-4b24-421a-a7fb-bdad0f71af90/datanode-1/data/ratis/16ff2b60-33a1-4592-a806-4e1d25e8763b: flushIndex: setUnconditionally 0 -> -1
2019-07-10 05:30:52,918 INFO  segmented.SegmentedRaftLogWorker (SegmentedRaftLogWorker.java:lambda$new$0(132)) - 9c25cf13-0c21-4ac4-bbef-b0be8d0caf59-SegmentedRaftLogWorker:Storage Directory /tmp/workdir/hadoop-ozone/tools/target/test-dir/MiniOzoneClusterImpl-587e744c-4b24-421a-a7fb-bdad0f71af90/datanode-0/data/ratis/16ff2b60-33a1-4592-a806-4e1d25e8763b: flushIndex: setUnconditionally 0 -> -1
2019-07-10 05:30:52,918 INFO  server.RaftServerConfigKeys (ConfUtils.java:logGet(43)) - raft.server.snapshot.auto.trigger.enabled = true (custom)
2019-07-10 05:30:52,918 INFO  server.RaftServerConfigKeys (ConfUtils.java:logGet(43)) - raft.server.snapshot.auto.trigger.threshold = 10000 (custom)
2019-07-10 05:30:52,918 INFO  server.RaftServerConfigKeys (ConfUtils.java:logGet(43)) - raft.server.snapshot.auto.trigger.enabled = true (custom)
2019-07-10 05:30:52,918 INFO  server.RaftServerConfigKeys (ConfUtils.java:logGet(43)) - raft.server.retrycache.expirytime = 600000ms (custom)
2019-07-10 05:30:52,918 INFO  server.RaftServerConfigKeys (ConfUtils.java:logGet(43)) - raft.server.snapshot.auto.trigger.threshold = 10000 (custom)
2019-07-10 05:30:52,919 INFO  impl.RaftServerImpl (RaftServerImpl.java:start(180)) - 1a04e0aa-3aef-47f2-8f0f-c5477652f054: start group-4E1D25E8763B
2019-07-10 05:30:52,919 INFO  server.RaftServerConfigKeys (ConfUtils.java:logGet(43)) - raft.server.retrycache.expirytime = 600000ms (custom)
2019-07-10 05:30:52,919 INFO  impl.RaftServerImpl (RaftServerImpl.java:setRole(171)) - 1a04e0aa-3aef-47f2-8f0f-c5477652f054:group-4E1D25E8763B changes role from null to FOLLOWER at term 0 for startAsFollower
2019-07-10 05:30:52,919 INFO  impl.RaftServerImpl (RaftServerImpl.java:start(180)) - 9c25cf13-0c21-4ac4-bbef-b0be8d0caf59: start group-4E1D25E8763B
2019-07-10 05:30:52,919 INFO  impl.RoleInfo (RoleInfo.java:updateAndGet(143)) - 1a04e0aa-3aef-47f2-8f0f-c5477652f054: start FollowerState
2019-07-10 05:30:52,919 INFO  impl.RaftServerImpl (RaftServerImpl.java:setRole(171)) - 9c25cf13-0c21-4ac4-bbef-b0be8d0caf59:group-4E1D25E8763B changes role from null to FOLLOWER at term 0 for startAsFollower
2019-07-10 05:30:52,919 INFO  impl.RoleInfo (RoleInfo.java:updateAndGet(143)) - 9c25cf13-0c21-4ac4-bbef-b0be8d0caf59: start FollowerState
2019-07-10 05:30:52,921 INFO  util.JmxRegister (JmxRegister.java:tryRegister(44)) - Successfully registered JMX Bean with object name Ratis:service=RaftServer,group=group-4E1D25E8763B,id=1a04e0aa-3aef-47f2-8f0f-c5477652f054
2019-07-10 05:30:52,921 INFO  util.JmxRegister (JmxRegister.java:tryRegister(44)) - Successfully registered JMX Bean with object name Ratis:service=RaftServer,group=group-4E1D25E8763B,id=9c25cf13-0c21-4ac4-bbef-b0be8d0caf59
2019-07-10 05:30:52,930 INFO  pipeline.PipelineStateManager (PipelineStateManager.java:addPipeline(56)) - Created pipeline Pipeline[ Id: 16ff2b60-33a1-4592-a806-4e1d25e8763b, Nodes: 40d6e57f-8571-40cf-9170-698c71b23faf{ip: 192.168.69.125, host: hdds1735-lrt95-4085904335, networkLocation: /default-rack, certSerialId: null}9c25cf13-0c21-4ac4-bbef-b0be8d0caf59{ip: 192.168.69.125, host: hdds1735-lrt95-4085904335, networkLocation: /default-rack, certSerialId: null}1a04e0aa-3aef-47f2-8f0f-c5477652f054{ip: 192.168.69.125, host: hdds1735-lrt95-4085904335, networkLocation: /default-rack, certSerialId: null}, Type:RATIS, Factor:THREE, State:OPEN]
2019-07-10 05:30:52,968 INFO  freon.RandomKeyGenerator (RandomKeyGenerator.java:call(262)) - Number of Threads: 10
2019-07-10 05:30:52,968 INFO  freon.RandomKeyGenerator (RandomKeyGenerator.java:call(267)) - Number of Volumes: 1.
2019-07-10 05:30:52,968 INFO  freon.RandomKeyGenerator (RandomKeyGenerator.java:call(268)) - Number of Buckets per Volume: 1.
2019-07-10 05:30:52,968 INFO  freon.RandomKeyGenerator (RandomKeyGenerator.java:call(269)) - Number of Keys per Bucket: 1.
2019-07-10 05:30:52,968 INFO  freon.RandomKeyGenerator (RandomKeyGenerator.java:call(270)) - Key size: 20971520 bytes
2019-07-10 05:30:52,968 INFO  freon.RandomKeyGenerator (RandomKeyGenerator.java:call(271)) - Buffer size: 4096 bytes
2019-07-10 05:30:52,969 INFO  freon.RandomKeyGenerator (RandomKeyGenerator.java:call(286)) - Data validation is enabled.
2019-07-10 05:30:52,969 INFO  freon.RandomKeyGenerator (RandomKeyGenerator.java:call(299)) - Starting progress bar Thread.

 0.00% |█                                                                                                    |  0/1 Time: 0:00:002019-07-10 05:30:52,970 INFO  rpc.RpcClient (RpcClient.java:createVolume(289)) - Creating Volume: vol-0-60959, with jenkins1000 as owner.
2019-07-10 05:30:52,983 INFO  rpc.RpcClient (RpcClient.java:createBucket(426)) - Creating Bucket: vol-0-60959/bucket-0-53991, with Versioning false and Storage Type set to DISK and Encryption set to false 
2019-07-10 05:30:53,023 INFO  client.GrpcClientProtocolClient (GrpcClientProtocolClient.java:onNext(255)) - client-4CF385FF967C->40d6e57f-8571-40cf-9170-698c71b23faf: receive RaftClientReply:client-4CF385FF967C->40d6e57f-8571-40cf-9170-698c71b23faf@group-4E1D25E8763B, cid=60, FAILED org.apache.ratis.protocol.NotLeaderException: Server 40d6e57f-8571-40cf-9170-698c71b23faf is not the leader (null). Request must be sent to leader., logIndex=0, commits[40d6e57f-8571-40cf-9170-698c71b23faf:c-1]
2019-07-10 05:30:53,937 INFO  impl.FollowerState (FollowerState.java:run(106)) - 9c25cf13-0c21-4ac4-bbef-b0be8d0caf59:group-4E1D25E8763B changes to CANDIDATE, lastRpcTime:1017, electionTimeout:1016ms
2019-07-10 05:30:53,938 INFO  impl.RoleInfo (RoleInfo.java:shutdownFollowerState(121)) - 9c25cf13-0c21-4ac4-bbef-b0be8d0caf59: shutdown FollowerState
2019-07-10 05:30:53,938 INFO  impl.RaftServerImpl (RaftServerImpl.java:setRole(171)) - 9c25cf13-0c21-4ac4-bbef-b0be8d0caf59:group-4E1D25E8763B changes role from FOLLOWER to CANDIDATE at term 0 for changeToCandidate
2019-07-10 05:30:53,938 INFO  impl.RoleInfo (RoleInfo.java:updateAndGet(143)) - 9c25cf13-0c21-4ac4-bbef-b0be8d0caf59: start LeaderElection
2019-07-10 05:30:53,957 INFO  impl.LeaderElection (LeaderElection.java:askForVotes(181)) - 9c25cf13-0c21-4ac4-bbef-b0be8d0caf59:group-4E1D25E8763B:LeaderElection6: begin an election at term 1 for -1: [1a04e0aa-3aef-47f2-8f0f-c5477652f054:192.168.69.125:37494, 40d6e57f-8571-40cf-9170-698c71b23faf:192.168.69.125:35587, 9c25cf13-0c21-4ac4-bbef-b0be8d0caf59:192.168.69.125:46182], old=null
2019-07-10 05:30:53,964 INFO  impl.RaftServerImpl (RaftServerImpl.java:setRole(171)) - 1a04e0aa-3aef-47f2-8f0f-c5477652f054:group-4E1D25E8763B changes role from FOLLOWER to FOLLOWER at term 1 for recognizeCandidate:9c25cf13-0c21-4ac4-bbef-b0be8d0caf59
2019-07-10 05:30:53,964 INFO  impl.RaftServerImpl (RaftServerImpl.java:setRole(171)) - 40d6e57f-8571-40cf-9170-698c71b23faf:group-4E1D25E8763B changes role from FOLLOWER to FOLLOWER at term 1 for recognizeCandidate:9c25cf13-0c21-4ac4-bbef-b0be8d0caf59
2019-07-10 05:30:53,964 INFO  impl.RoleInfo (RoleInfo.java:shutdownFollowerState(121)) - 1a04e0aa-3aef-47f2-8f0f-c5477652f054: shutdown FollowerState
2019-07-10 05:30:53,964 INFO  impl.RoleInfo (RoleInfo.java:shutdownFollowerState(121)) - 40d6e57f-8571-40cf-9170-698c71b23faf: shutdown FollowerState
2019-07-10 05:30:53,965 INFO  impl.FollowerState (FollowerState.java:run(114)) - 1a04e0aa-3aef-47f2-8f0f-c5477652f054: FollowerState was interrupted: java.lang.InterruptedException: sleep interrupted
2019-07-10 05:30:53,965 INFO  impl.RoleInfo (RoleInfo.java:updateAndGet(143)) - 40d6e57f-8571-40cf-9170-698c71b23faf: start FollowerState
2019-07-10 05:30:53,965 INFO  impl.RoleInfo (RoleInfo.java:updateAndGet(143)) - 1a04e0aa-3aef-47f2-8f0f-c5477652f054: start FollowerState
2019-07-10 05:30:53,965 INFO  impl.FollowerState (FollowerState.java:run(114)) - 40d6e57f-8571-40cf-9170-698c71b23faf: FollowerState was interrupted: java.lang.InterruptedException: sleep interrupted
 0.00% |█                                                                                                    |  0/1 Time: 0:00:012019-07-10 05:30:53,989 INFO  impl.LeaderElection (LeaderElection.java:logAndReturn(56)) - 9c25cf13-0c21-4ac4-bbef-b0be8d0caf59:group-4E1D25E8763B:LeaderElection6: Election PASSED; received 1 response(s) [9c25cf13-0c21-4ac4-bbef-b0be8d0caf59<-40d6e57f-8571-40cf-9170-698c71b23faf#0:OK-t1] and 0 exception(s); 9c25cf13-0c21-4ac4-bbef-b0be8d0caf59:t1, leader=null, voted=9c25cf13-0c21-4ac4-bbef-b0be8d0caf59, raftlog=9c25cf13-0c21-4ac4-bbef-b0be8d0caf59-SegmentedRaftLog:OPENED:c-1,f-1,i0, conf=-1: [1a04e0aa-3aef-47f2-8f0f-c5477652f054:192.168.69.125:37494, 40d6e57f-8571-40cf-9170-698c71b23faf:192.168.69.125:35587, 9c25cf13-0c21-4ac4-bbef-b0be8d0caf59:192.168.69.125:46182], old=null
2019-07-10 05:30:53,989 INFO  impl.RoleInfo (RoleInfo.java:shutdownLeaderElection(134)) - 9c25cf13-0c21-4ac4-bbef-b0be8d0caf59: shutdown LeaderElection
2019-07-10 05:30:53,991 INFO  impl.RaftServerImpl (RaftServerImpl.java:setRole(171)) - 9c25cf13-0c21-4ac4-bbef-b0be8d0caf59:group-4E1D25E8763B changes role from CANDIDATE to LEADER at term 1 for changeToLeader
2019-07-10 05:30:53,992 INFO  impl.RaftServerImpl (ServerState.java:setLeader(263)) - 9c25cf13-0c21-4ac4-bbef-b0be8d0caf59:group-4E1D25E8763B change Leader from null to 9c25cf13-0c21-4ac4-bbef-b0be8d0caf59 at term 1 for becomeLeader, leader elected after 1089ms
2019-07-10 05:30:53,992 INFO  server.RaftServerConfigKeys (ConfUtils.java:logGet(43)) - raft.server.staging.catchup.gap = 1000 (default)
2019-07-10 05:30:53,993 INFO  server.RaftServerConfigKeys (ConfUtils.java:logGet(43)) - raft.server.rpc.sleep.time = 25ms (default)
2019-07-10 05:30:53,993 INFO  server.RaftServerConfigKeys (ConfUtils.java:logGet(43)) - raft.server.write.element-limit = 4096 (default)
2019-07-10 05:30:53,993 INFO  server.RaftServerConfigKeys (ConfUtils.java:logGet(43)) - raft.server.watch.timeout = 10s (default)
2019-07-10 05:30:53,993 INFO  server.RaftServerConfigKeys (ConfUtils.java:logGet(43)) - raft.server.watch.timeout.denomination = 1s (default)
2019-07-10 05:30:53,994 INFO  server.RaftServerConfigKeys (ConfUtils.java:logGet(43)) - raft.server.watch.element-limit = 65536 (default)
2019-07-10 05:30:53,994 INFO  server.RaftServerConfigKeys (ConfUtils.java:logGet(43)) - raft.server.log.appender.snapshot.chunk.size.max = 16MB (=16777216) (default)
2019-07-10 05:30:53,994 INFO  server.RaftServerConfigKeys (ConfUtils.java:logGet(43)) - raft.server.log.appender.buffer.byte-limit = 33554432 (custom)
2019-07-10 05:30:53,995 INFO  server.RaftServerConfigKeys (ConfUtils.java:logGet(43)) - raft.server.log.appender.buffer.element-limit = 1 (custom)
2019-07-10 05:30:53,995 INFO  grpc.GrpcConfigKeys$Server (ConfUtils.java:logGet(43)) - raft.grpc.server.leader.outstanding.appends.max = 128 (default)
2019-07-10 05:30:53,995 INFO  server.RaftServerConfigKeys (ConfUtils.java:logGet(43)) - raft.server.rpc.request.timeout = 3000ms (default)
2019-07-10 05:30:53,995 INFO  server.RaftServerConfigKeys (ConfUtils.java:logGet(43)) - raft.server.log.appender.install.snapshot.enabled = false (custom)
2019-07-10 05:30:53,996 INFO  server.RaftServerConfigKeys (ConfUtils.java:logGet(43)) - raft.server.log.appender.snapshot.chunk.size.max = 16MB (=16777216) (default)
2019-07-10 05:30:53,996 INFO  server.RaftServerConfigKeys (ConfUtils.java:logGet(43)) - raft.server.log.appender.buffer.byte-limit = 33554432 (custom)
2019-07-10 05:30:53,996 INFO  server.RaftServerConfigKeys (ConfUtils.java:logGet(43)) - raft.server.log.appender.buffer.element-limit = 1 (custom)
2019-07-10 05:30:53,996 INFO  grpc.GrpcConfigKeys$Server (ConfUtils.java:logGet(43)) - raft.grpc.server.leader.outstanding.appends.max = 128 (default)
2019-07-10 05:30:53,996 INFO  server.RaftServerConfigKeys (ConfUtils.java:logGet(43)) - raft.server.rpc.request.timeout = 3000ms (default)
2019-07-10 05:30:53,997 INFO  server.RaftServerConfigKeys (ConfUtils.java:logGet(43)) - raft.server.log.appender.install.snapshot.enabled = false (custom)
2019-07-10 05:30:53,997 INFO  impl.RoleInfo (RoleInfo.java:updateAndGet(143)) - 9c25cf13-0c21-4ac4-bbef-b0be8d0caf59: start LeaderState
2019-07-10 05:30:53,998 INFO  segmented.SegmentedRaftLogWorker (SegmentedRaftLogWorker.java:startLogSegment(380)) - 9c25cf13-0c21-4ac4-bbef-b0be8d0caf59-SegmentedRaftLogWorker:Storage Directory /tmp/workdir/hadoop-ozone/tools/target/test-dir/MiniOzoneClusterImpl-587e744c-4b24-421a-a7fb-bdad0f71af90/datanode-0/data/ratis/16ff2b60-33a1-4592-a806-4e1d25e8763b: Starting segment from index:0
2019-07-10 05:30:53,999 INFO  impl.RaftServerImpl (ServerState.java:setRaftConf(361)) - 9c25cf13-0c21-4ac4-bbef-b0be8d0caf59:group-4E1D25E8763B set configuration 0: [1a04e0aa-3aef-47f2-8f0f-c5477652f054:192.168.69.125:37494, 40d6e57f-8571-40cf-9170-698c71b23faf:192.168.69.125:35587, 9c25cf13-0c21-4ac4-bbef-b0be8d0caf59:192.168.69.125:46182], old=null at 0
2019-07-10 05:30:54,022 INFO  impl.RaftServerImpl (ServerState.java:setLeader(263)) - 40d6e57f-8571-40cf-9170-698c71b23faf:group-4E1D25E8763B change Leader from null to 9c25cf13-0c21-4ac4-bbef-b0be8d0caf59 at term 1 for appendEntries, leader elected after 1118ms
2019-07-10 05:30:54,023 INFO  impl.RaftServerImpl (ServerState.java:setLeader(263)) - 1a04e0aa-3aef-47f2-8f0f-c5477652f054:group-4E1D25E8763B change Leader from null to 9c25cf13-0c21-4ac4-bbef-b0be8d0caf59 at term 1 for appendEntries, leader elected after 1118ms
2019-07-10 05:30:54,027 INFO  impl.RaftServerImpl (ServerState.java:setRaftConf(361)) - 40d6e57f-8571-40cf-9170-698c71b23faf:group-4E1D25E8763B set configuration 0: [1a04e0aa-3aef-47f2-8f0f-c5477652f054:192.168.69.125:37494, 40d6e57f-8571-40cf-9170-698c71b23faf:192.168.69.125:35587, 9c25cf13-0c21-4ac4-bbef-b0be8d0caf59:192.168.69.125:46182], old=null at 0
2019-07-10 05:30:54,027 INFO  segmented.SegmentedRaftLogWorker (SegmentedRaftLogWorker.java:startLogSegment(380)) - 40d6e57f-8571-40cf-9170-698c71b23faf-SegmentedRaftLogWorker:Storage Directory /tmp/workdir/hadoop-ozone/tools/target/test-dir/MiniOzoneClusterImpl-587e744c-4b24-421a-a7fb-bdad0f71af90/datanode-2/data/ratis/16ff2b60-33a1-4592-a806-4e1d25e8763b: Starting segment from index:0
2019-07-10 05:30:54,027 INFO  impl.RaftServerImpl (ServerState.java:setRaftConf(361)) - 1a04e0aa-3aef-47f2-8f0f-c5477652f054:group-4E1D25E8763B set configuration 0: [1a04e0aa-3aef-47f2-8f0f-c5477652f054:192.168.69.125:37494, 40d6e57f-8571-40cf-9170-698c71b23faf:192.168.69.125:35587, 9c25cf13-0c21-4ac4-bbef-b0be8d0caf59:192.168.69.125:46182], old=null at 0
2019-07-10 05:30:54,028 INFO  segmented.SegmentedRaftLogWorker (SegmentedRaftLogWorker.java:startLogSegment(380)) - 1a04e0aa-3aef-47f2-8f0f-c5477652f054-SegmentedRaftLogWorker:Storage Directory /tmp/workdir/hadoop-ozone/tools/target/test-dir/MiniOzoneClusterImpl-587e744c-4b24-421a-a7fb-bdad0f71af90/datanode-1/data/ratis/16ff2b60-33a1-4592-a806-4e1d25e8763b: Starting segment from index:0
2019-07-10 05:30:54,049 INFO  segmented.SegmentedRaftLogWorker (SegmentedRaftLogWorker.java:execute(569)) - 9c25cf13-0c21-4ac4-bbef-b0be8d0caf59-SegmentedRaftLogWorker:Storage Directory /tmp/workdir/hadoop-ozone/tools/target/test-dir/MiniOzoneClusterImpl-587e744c-4b24-421a-a7fb-bdad0f71af90/datanode-0/data/ratis/16ff2b60-33a1-4592-a806-4e1d25e8763b: created new log segment /tmp/workdir/hadoop-ozone/tools/target/test-dir/MiniOzoneClusterImpl-587e744c-4b24-421a-a7fb-bdad0f71af90/datanode-0/data/ratis/16ff2b60-33a1-4592-a806-4e1d25e8763b/current/log_inprogress_0
2019-07-10 05:30:54,062 INFO  segmented.SegmentedRaftLogWorker (SegmentedRaftLogWorker.java:execute(569)) - 40d6e57f-8571-40cf-9170-698c71b23faf-SegmentedRaftLogWorker:Storage Directory /tmp/workdir/hadoop-ozone/tools/target/test-dir/MiniOzoneClusterImpl-587e744c-4b24-421a-a7fb-bdad0f71af90/datanode-2/data/ratis/16ff2b60-33a1-4592-a806-4e1d25e8763b: created new log segment /tmp/workdir/hadoop-ozone/tools/target/test-dir/MiniOzoneClusterImpl-587e744c-4b24-421a-a7fb-bdad0f71af90/datanode-2/data/ratis/16ff2b60-33a1-4592-a806-4e1d25e8763b/current/log_inprogress_0
2019-07-10 05:30:54,062 INFO  segmented.SegmentedRaftLogWorker (SegmentedRaftLogWorker.java:execute(569)) - 1a04e0aa-3aef-47f2-8f0f-c5477652f054-SegmentedRaftLogWorker:Storage Directory /tmp/workdir/hadoop-ozone/tools/target/test-dir/MiniOzoneClusterImpl-587e744c-4b24-421a-a7fb-bdad0f71af90/datanode-1/data/ratis/16ff2b60-33a1-4592-a806-4e1d25e8763b: created new log segment /tmp/workdir/hadoop-ozone/tools/target/test-dir/MiniOzoneClusterImpl-587e744c-4b24-421a-a7fb-bdad0f71af90/datanode-1/data/ratis/16ff2b60-33a1-4592-a806-4e1d25e8763b/current/log_inprogress_0
2019-07-10 05:30:54,066 INFO  client.GrpcClientProtocolClient (GrpcClientProtocolClient.java:onNext(255)) - client-4CF385FF967C->1a04e0aa-3aef-47f2-8f0f-c5477652f054: receive RaftClientReply:client-4CF385FF967C->1a04e0aa-3aef-47f2-8f0f-c5477652f054@group-4E1D25E8763B, cid=60, FAILED org.apache.ratis.protocol.NotLeaderException: Server 1a04e0aa-3aef-47f2-8f0f-c5477652f054 is not the leader (9c25cf13-0c21-4ac4-bbef-b0be8d0caf59:192.168.69.125:46182). Request must be sent to leader., logIndex=0, commits[1a04e0aa-3aef-47f2-8f0f-c5477652f054:c-1, 40d6e57f-8571-40cf-9170-698c71b23faf:c-1, 9c25cf13-0c21-4ac4-bbef-b0be8d0caf59:c-1]
2019-07-10 05:30:54,218 INFO  client.GrpcClientProtocolClient (GrpcClientProtocolClient.java:onNext(255)) - client-4CF385FF967C->9c25cf13-0c21-4ac4-bbef-b0be8d0caf59: receive RaftClientReply:client-4CF385FF967C->9c25cf13-0c21-4ac4-bbef-b0be8d0caf59@group-4E1D25E8763B, cid=60, SUCCESS, logIndex=1, commits[9c25cf13-0c21-4ac4-bbef-b0be8d0caf59:c1, 1a04e0aa-3aef-47f2-8f0f-c5477652f054:c0, 40d6e57f-8571-40cf-9170-698c71b23faf:c0]
2019-07-10 05:30:54,302 INFO  client.GrpcClientProtocolClient (GrpcClientProtocolClient.java:onNext(255)) - client-4CF385FF967C->9c25cf13-0c21-4ac4-bbef-b0be8d0caf59: receive RaftClientReply:client-4CF385FF967C->9c25cf13-0c21-4ac4-bbef-b0be8d0caf59@group-4E1D25E8763B, cid=61, SUCCESS, logIndex=3, commits[9c25cf13-0c21-4ac4-bbef-b0be8d0caf59:c8, 1a04e0aa-3aef-47f2-8f0f-c5477652f054:c6, 40d6e57f-8571-40cf-9170-698c71b23faf:c5]
2019-07-10 05:30:54,302 INFO  client.GrpcClientProtocolClient (GrpcClientProtocolClient.java:onNext(255)) - client-4CF385FF967C->9c25cf13-0c21-4ac4-bbef-b0be8d0caf59: receive RaftClientReply:client-4CF385FF967C->9c25cf13-0c21-4ac4-bbef-b0be8d0caf59@group-4E1D25E8763B, cid=62, SUCCESS, logIndex=4, commits[9c25cf13-0c21-4ac4-bbef-b0be8d0caf59:c8, 1a04e0aa-3aef-47f2-8f0f-c5477652f054:c6, 40d6e57f-8571-40cf-9170-698c71b23faf:c5]
2019-07-10 05:30:54,396 INFO  client.GrpcClientProtocolClient (GrpcClientProtocolClient.java:onNext(255)) - client-4CF385FF967C->9c25cf13-0c21-4ac4-bbef-b0be8d0caf59: receive RaftClientReply:client-4CF385FF967C->9c25cf13-0c21-4ac4-bbef-b0be8d0caf59@group-4E1D25E8763B, cid=63, SUCCESS, logIndex=5, commits[9c25cf13-0c21-4ac4-bbef-b0be8d0caf59:c8, 1a04e0aa-3aef-47f2-8f0f-c5477652f054:c6, 40d6e57f-8571-40cf-9170-698c71b23faf:c5]
2019-07-10 05:30:54,427 INFO  client.GrpcClientProtocolClient (GrpcClientProtocolClient.java:onNext(255)) - client-4CF385FF967C->9c25cf13-0c21-4ac4-bbef-b0be8d0caf59: receive RaftClientReply:client-4CF385FF967C->9c25cf13-0c21-4ac4-bbef-b0be8d0caf59@group-4E1D25E8763B, cid=64, SUCCESS, logIndex=9, commits[9c25cf13-0c21-4ac4-bbef-b0be8d0caf59:c10, 1a04e0aa-3aef-47f2-8f0f-c5477652f054:c8, 40d6e57f-8571-40cf-9170-698c71b23faf:c8]
2019-07-10 05:30:54,430 INFO  client.GrpcClientProtocolClient (GrpcClientProtocolClient.java:onNext(255)) - client-4CF385FF967C->9c25cf13-0c21-4ac4-bbef-b0be8d0caf59: receive RaftClientReply:client-4CF385FF967C->9c25cf13-0c21-4ac4-bbef-b0be8d0caf59@group-4E1D25E8763B, cid=65, SUCCESS, logIndex=10, commits[9c25cf13-0c21-4ac4-bbef-b0be8d0caf59:c10, 1a04e0aa-3aef-47f2-8f0f-c5477652f054:c8, 40d6e57f-8571-40cf-9170-698c71b23faf:c8]
2019-07-10 05:30:54,440 INFO  client.GrpcClientProtocolClient (GrpcClientProtocolClient.java:onNext(255)) - client-4CF385FF967C->9c25cf13-0c21-4ac4-bbef-b0be8d0caf59: receive RaftClientReply:client-4CF385FF967C->9c25cf13-0c21-4ac4-bbef-b0be8d0caf59@group-4E1D25E8763B, cid=66, SUCCESS, logIndex=11, commits[9c25cf13-0c21-4ac4-bbef-b0be8d0caf59:c12, 1a04e0aa-3aef-47f2-8f0f-c5477652f054:c8, 40d6e57f-8571-40cf-9170-698c71b23faf:c8]
2019-07-10 05:30:54,440 INFO  client.GrpcClientProtocolClient (GrpcClientProtocolClient.java:onNext(255)) - client-4CF385FF967C->9c25cf13-0c21-4ac4-bbef-b0be8d0caf59: receive RaftClientReply:client-4CF385FF967C->9c25cf13-0c21-4ac4-bbef-b0be8d0caf59@group-4E1D25E8763B, cid=67, SUCCESS, logIndex=12, commits[9c25cf13-0c21-4ac4-bbef-b0be8d0caf59:c14, 1a04e0aa-3aef-47f2-8f0f-c5477652f054:c10, 40d6e57f-8571-40cf-9170-698c71b23faf:c10]
2019-07-10 05:30:54,446 INFO  client.GrpcClientProtocolClient (GrpcClientProtocolClient.java:onNext(255)) - client-4CF385FF967C->9c25cf13-0c21-4ac4-bbef-b0be8d0caf59: receive RaftClientReply:client-4CF385FF967C->9c25cf13-0c21-4ac4-bbef-b0be8d0caf59@group-4E1D25E8763B, cid=68, SUCCESS, logIndex=0, commits[9c25cf13-0c21-4ac4-bbef-b0be8d0caf59:c15, 1a04e0aa-3aef-47f2-8f0f-c5477652f054:c12, 40d6e57f-8571-40cf-9170-698c71b23faf:c12]
2019-07-10 05:30:54,456 INFO  keyvalue.KeyValueHandler (ContainerUtils.java:logAndReturnError(146)) - Operation: CreateContainer : Trace ID: 4263bcb05e414d1b:6b07856e4bc6df2d:a60d0c16112a88f1:0 : Message: Container creation failed, due to disk out of space : Result: DISK_OUT_OF_SPACE
2019-07-10 05:30:54,463 INFO  keyvalue.KeyValueHandler (ContainerUtils.java:logAndReturnError(146)) - Operation: CreateContainer : Trace ID: 4263bcb05e414d1b:6b07856e4bc6df2d:a60d0c16112a88f1:0 : Message: Container creation failed, due to disk out of space : Result: DISK_OUT_OF_SPACE
2019-07-10 05:30:54,465 INFO  keyvalue.KeyValueHandler (ContainerUtils.java:logAndReturnError(146)) - Operation: CreateContainer : Trace ID: 4263bcb05e414d1b:9b520f268ded7922:a60d0c16112a88f1:0 : Message: Container creation failed, due to disk out of space : Result: DISK_OUT_OF_SPACE
2019-07-10 05:30:54,466 INFO  keyvalue.KeyValueHandler (ContainerUtils.java:logAndReturnError(146)) - Operation: CreateContainer : Trace ID: 4263bcb05e414d1b:6b07856e4bc6df2d:a60d0c16112a88f1:0 : Message: Container creation failed, due to disk out of space : Result: DISK_OUT_OF_SPACE
2019-07-10 05:30:54,470 INFO  keyvalue.KeyValueHandler (ContainerUtils.java:logAndReturnError(146)) - Operation: CreateContainer : Trace ID: 4263bcb05e414d1b:9b520f268ded7922:a60d0c16112a88f1:0 : Message: Container creation failed, due to disk out of space : Result: DISK_OUT_OF_SPACE
2019-07-10 05:30:54,471 INFO  keyvalue.KeyValueHandler (ContainerUtils.java:logAndReturnError(146)) - Operation: CreateContainer : Trace ID: 4263bcb05e414d1b:9b520f268ded7922:a60d0c16112a88f1:0 : Message: Container creation failed, due to disk out of space : Result: DISK_OUT_OF_SPACE
05:30:54.466 [pool-26-thread-36] ERROR DNAudit - user=null | ip=null | op=WRITE_CHUNK {blockData=conID: 5 locID: 102415509290680328 bcsId: 0} | ret=FAILURE
org.apache.hadoop.hdds.scm.container.common.helpers.StorageContainerException: ContainerID 5 creation failed
	at org.apache.hadoop.ozone.container.common.impl.HddsDispatcher.dispatchRequest(HddsDispatcher.java:227) ~[classes/:?]
	at org.apache.hadoop.ozone.container.common.impl.HddsDispatcher.dispatch(HddsDispatcher.java:148) ~[classes/:?]
	at org.apache.hadoop.ozone.container.common.transport.server.ratis.ContainerStateMachine.dispatchCommand(ContainerStateMachine.java:346) ~[classes/:?]
	at org.apache.hadoop.ozone.container.common.transport.server.ratis.ContainerStateMachine.runCommand(ContainerStateMachine.java:353) ~[classes/:?]
	at org.apache.hadoop.ozone.container.common.transport.server.ratis.ContainerStateMachine.lambda$handleWriteChunk$0(ContainerStateMachine.java:384) ~[classes/:?]
	at java.util.concurrent.CompletableFuture$AsyncSupply.run(CompletableFuture.java:1590) [?:1.8.0_212]
	at java.util.concurrent.ThreadPoolExecutor.runWorker(ThreadPoolExecutor.java:1149) [?:1.8.0_212]
	at java.util.concurrent.ThreadPoolExecutor$Worker.run(ThreadPoolExecutor.java:624) [?:1.8.0_212]
	at java.lang.Thread.run(Thread.java:748) [?:1.8.0_212]
05:30:54.471 [pool-47-thread-26] ERROR DNAudit - user=null | ip=null | op=WRITE_CHUNK {blockData=conID: 5 locID: 102415509290680328 bcsId: 0} | ret=FAILURE
org.apache.hadoop.hdds.scm.container.common.helpers.StorageContainerException: ContainerID 5 creation failed
	at org.apache.hadoop.ozone.container.common.impl.HddsDispatcher.dispatchRequest(HddsDispatcher.java:227) ~[classes/:?]
	at org.apache.hadoop.ozone.container.common.impl.HddsDispatcher.dispatch(HddsDispatcher.java:148) ~[classes/:?]
	at org.apache.hadoop.ozone.container.common.transport.server.ratis.ContainerStateMachine.dispatchCommand(ContainerStateMachine.java:346) ~[classes/:?]
	at org.apache.hadoop.ozone.container.common.transport.server.ratis.ContainerStateMachine.runCommand(ContainerStateMachine.java:353) ~[classes/:?]
	at org.apache.hadoop.ozone.container.common.transport.server.ratis.ContainerStateMachine.lambda$handleWriteChunk$0(ContainerStateMachine.java:384) ~[classes/:?]
	at java.util.concurrent.CompletableFuture$AsyncSupply.run(CompletableFuture.java:1590) [?:1.8.0_212]
	at java.util.concurrent.ThreadPoolExecutor.runWorker(ThreadPoolExecutor.java:1149) [?:1.8.0_212]
	at java.util.concurrent.ThreadPoolExecutor$Worker.run(ThreadPoolExecutor.java:624) [?:1.8.0_212]
	at java.lang.Thread.run(Thread.java:748) [?:1.8.0_212]
05:30:54.466 [pool-68-thread-6] ERROR DNAudit - user=null | ip=null | op=WRITE_CHUNK {blockData=conID: 5 locID: 102415509290680328 bcsId: 0} | ret=FAILURE
org.apache.hadoop.hdds.scm.container.common.helpers.StorageContainerException: ContainerID 5 creation failed
	at org.apache.hadoop.ozone.container.common.impl.HddsDispatcher.dispatchRequest(HddsDispatcher.java:227) ~[classes/:?]
	at org.apache.hadoop.ozone.container.common.impl.HddsDispatcher.dispatch(HddsDispatcher.java:148) ~[classes/:?]
	at org.apache.hadoop.ozone.container.common.transport.server.ratis.ContainerStateMachine.dispatchCommand(ContainerStateMachine.java:346) ~[classes/:?]
	at org.apache.hadoop.ozone.container.common.transport.server.ratis.ContainerStateMachine.runCommand(ContainerStateMachine.java:353) ~[classes/:?]
	at org.apache.hadoop.ozone.container.common.transport.server.ratis.ContainerStateMachine.lambda$handleWriteChunk$0(ContainerStateMachine.java:384) ~[classes/:?]
	at java.util.concurrent.CompletableFuture$AsyncSupply.run(CompletableFuture.java:1590) [?:1.8.0_212]
	at java.util.concurrent.ThreadPoolExecutor.runWorker(ThreadPoolExecutor.java:1149) [?:1.8.0_212]
	at java.util.concurrent.ThreadPoolExecutor$Worker.run(ThreadPoolExecutor.java:624) [?:1.8.0_212]
	at java.lang.Thread.run(Thread.java:748) [?:1.8.0_212]
05:30:54.465 [pool-47-thread-25] ERROR DNAudit - user=null | ip=null | op=WRITE_CHUNK {blockData=conID: 5 locID: 102415509290680328 bcsId: 0} | ret=FAILURE
org.apache.hadoop.hdds.scm.container.common.helpers.StorageContainerException: ContainerID 5 creation failed
	at org.apache.hadoop.ozone.container.common.impl.HddsDispatcher.dispatchRequest(HddsDispatcher.java:227) ~[classes/:?]
	at org.apache.hadoop.ozone.container.common.impl.HddsDispatcher.dispatch(HddsDispatcher.java:148) ~[classes/:?]
	at org.apache.hadoop.ozone.container.common.transport.server.ratis.ContainerStateMachine.dispatchCommand(ContainerStateMachine.java:346) ~[classes/:?]
	at org.apache.hadoop.ozone.container.common.transport.server.ratis.ContainerStateMachine.runCommand(ContainerStateMachine.java:353) ~[classes/:?]
	at org.apache.hadoop.ozone.container.common.transport.server.ratis.ContainerStateMachine.lambda$handleWriteChunk$0(ContainerStateMachine.java:384) ~[classes/:?]
	at java.util.concurrent.CompletableFuture$AsyncSupply.run(CompletableFuture.java:1590) [?:1.8.0_212]
	at java.util.concurrent.ThreadPoolExecutor.runWorker(ThreadPoolExecutor.java:1149) [?:1.8.0_212]
	at java.util.concurrent.ThreadPoolExecutor$Worker.run(ThreadPoolExecutor.java:624) [?:1.8.0_212]
	at java.lang.Thread.run(Thread.java:748) [?:1.8.0_212]
05:30:54.470 [pool-68-thread-4] ERROR DNAudit - user=null | ip=null | op=WRITE_CHUNK {blockData=conID: 5 locID: 102415509290680328 bcsId: 0} | ret=FAILURE
org.apache.hadoop.hdds.scm.container.common.helpers.StorageContainerException: ContainerID 5 creation failed
	at org.apache.hadoop.ozone.container.common.impl.HddsDispatcher.dispatchRequest(HddsDispatcher.java:227) ~[classes/:?]
	at org.apache.hadoop.ozone.container.common.impl.HddsDispatcher.dispatch(HddsDispatcher.java:148) ~[classes/:?]
	at org.apache.hadoop.ozone.container.common.transport.server.ratis.ContainerStateMachine.dispatchCommand(ContainerStateMachine.java:346) ~[classes/:?]
	at org.apache.hadoop.ozone.container.common.transport.server.ratis.ContainerStateMachine.runCommand(ContainerStateMachine.java:353) ~[classes/:?]
	at org.apache.hadoop.ozone.container.common.transport.server.ratis.ContainerStateMachine.lambda$handleWriteChunk$0(ContainerStateMachine.java:384) ~[classes/:?]
	at java.util.concurrent.CompletableFuture$AsyncSupply.run(CompletableFuture.java:1590) [?:1.8.0_212]
	at java.util.concurrent.ThreadPoolExecutor.runWorker(ThreadPoolExecutor.java:1149) [?:1.8.0_212]
	at java.util.concurrent.ThreadPoolExecutor$Worker.run(ThreadPoolExecutor.java:624) [?:1.8.0_212]
	at java.lang.Thread.run(Thread.java:748) [?:1.8.0_212]
05:30:54.462 [pool-26-thread-33] ERROR DNAudit - user=null | ip=null | op=WRITE_CHUNK {blockData=conID: 5 locID: 102415509290680328 bcsId: 0} | ret=FAILURE
org.apache.hadoop.hdds.scm.container.common.helpers.StorageContainerException: ContainerID 5 creation failed
	at org.apache.hadoop.ozone.container.common.impl.HddsDispatcher.dispatchRequest(HddsDispatcher.java:227) ~[classes/:?]
	at org.apache.hadoop.ozone.container.common.impl.HddsDispatcher.dispatch(HddsDispatcher.java:148) ~[classes/:?]
	at org.apache.hadoop.ozone.container.common.transport.server.ratis.ContainerStateMachine.dispatchCommand(ContainerStateMachine.java:346) ~[classes/:?]
	at org.apache.hadoop.ozone.container.common.transport.server.ratis.ContainerStateMachine.runCommand(ContainerStateMachine.java:353) ~[classes/:?]
	at org.apache.hadoop.ozone.container.common.transport.server.ratis.ContainerStateMachine.lambda$handleWriteChunk$0(ContainerStateMachine.java:384) ~[classes/:?]
	at java.util.concurrent.CompletableFuture$AsyncSupply.run(CompletableFuture.java:1590) [?:1.8.0_212]
	at java.util.concurrent.ThreadPoolExecutor.runWorker(ThreadPoolExecutor.java:1149) [?:1.8.0_212]
	at java.util.concurrent.ThreadPoolExecutor$Worker.run(ThreadPoolExecutor.java:624) [?:1.8.0_212]
	at java.lang.Thread.run(Thread.java:748) [?:1.8.0_212]
2019-07-10 05:30:54,479 INFO  impl.HddsDispatcher (ContainerUtils.java:logAndReturnError(146)) - Operation: WriteChunk : Trace ID: 4263bcb05e414d1b:6b07856e4bc6df2d:a60d0c16112a88f1:0 : Message: ContainerID 5 creation failed : Result: DISK_OUT_OF_SPACE
2019-07-10 05:30:54,479 INFO  impl.HddsDispatcher (ContainerUtils.java:logAndReturnError(146)) - Operation: WriteChunk : Trace ID: 4263bcb05e414d1b:9b520f268ded7922:a60d0c16112a88f1:0 : Message: ContainerID 5 creation failed : Result: DISK_OUT_OF_SPACE
2019-07-10 05:30:54,481 INFO  impl.HddsDispatcher (ContainerUtils.java:logAndReturnError(146)) - Operation: WriteChunk : Trace ID: 4263bcb05e414d1b:6b07856e4bc6df2d:a60d0c16112a88f1:0 : Message: ContainerID 5 creation failed : Result: DISK_OUT_OF_SPACE
2019-07-10 05:30:54,481 INFO  impl.HddsDispatcher (ContainerUtils.java:logAndReturnError(146)) - Operation: WriteChunk : Trace ID: 4263bcb05e414d1b:6b07856e4bc6df2d:a60d0c16112a88f1:0 : Message: ContainerID 5 creation failed : Result: DISK_OUT_OF_SPACE
2019-07-10 05:30:54,481 INFO  impl.HddsDispatcher (ContainerUtils.java:logAndReturnError(146)) - Operation: WriteChunk : Trace ID: 4263bcb05e414d1b:9b520f268ded7922:a60d0c16112a88f1:0 : Message: ContainerID 5 creation failed : Result: DISK_OUT_OF_SPACE
2019-07-10 05:30:54,479 INFO  impl.HddsDispatcher (ContainerUtils.java:logAndReturnError(146)) - Operation: WriteChunk : Trace ID: 4263bcb05e414d1b:9b520f268ded7922:a60d0c16112a88f1:0 : Message: ContainerID 5 creation failed : Result: DISK_OUT_OF_SPACE
05:30:54.824 [pool-32-thread-1] ERROR DNAudit - user=null | ip=null | op=WRITE_CHUNK {blockData=conID: 5 locID: 102415509290680328 bcsId: 0} | ret=FAILURE
org.apache.hadoop.hdds.scm.container.common.helpers.StorageContainerException: ContainerID 5 does not exist
	at org.apache.hadoop.ozone.container.common.impl.HddsDispatcher.dispatchRequest(HddsDispatcher.java:242) ~[classes/:?]
	at org.apache.hadoop.ozone.container.common.impl.HddsDispatcher.dispatch(HddsDispatcher.java:148) ~[classes/:?]
	at org.apache.hadoop.ozone.container.common.transport.server.ratis.ContainerStateMachine.dispatchCommand(ContainerStateMachine.java:346) ~[classes/:?]
	at org.apache.hadoop.ozone.container.common.transport.server.ratis.ContainerStateMachine.runCommand(ContainerStateMachine.java:353) ~[classes/:?]
	at org.apache.hadoop.ozone.container.common.transport.server.ratis.ContainerStateMachine.lambda$applyTransaction$5(ContainerStateMachine.java:620) ~[classes/:?]
	at java.util.concurrent.CompletableFuture$AsyncSupply.run(CompletableFuture.java:1590) [?:1.8.0_212]
	at java.util.concurrent.ThreadPoolExecutor.runWorker(ThreadPoolExecutor.java:1149) [?:1.8.0_212]
	at java.util.concurrent.ThreadPoolExecutor$Worker.run(ThreadPoolExecutor.java:624) [?:1.8.0_212]
	at java.lang.Thread.run(Thread.java:748) [?:1.8.0_212]
2019-07-10 05:30:54,825 INFO  impl.HddsDispatcher (ContainerUtils.java:logAndReturnError(146)) - Operation: WriteChunk : Trace ID: 4263bcb05e414d1b:6b07856e4bc6df2d:a60d0c16112a88f1:0 : Message: ContainerID 5 does not exist : Result: CONTAINER_NOT_FOUND
05:30:54.826 [pool-32-thread-1] ERROR DNAudit - user=null | ip=null | op=PUT_BLOCK {blockData=[blockId=conID: 5 locID: 102415509290680328 bcsId: 0,size=1048576]} | ret=FAILURE
org.apache.hadoop.hdds.scm.container.common.helpers.StorageContainerException: ContainerID 5 does not exist
	at org.apache.hadoop.ozone.container.common.impl.HddsDispatcher.dispatchRequest(HddsDispatcher.java:242) ~[classes/:?]
	at org.apache.hadoop.ozone.container.common.impl.HddsDispatcher.dispatch(HddsDispatcher.java:148) ~[classes/:?]
	at org.apache.hadoop.ozone.container.common.transport.server.ratis.ContainerStateMachine.dispatchCommand(ContainerStateMachine.java:346) ~[classes/:?]
	at org.apache.hadoop.ozone.container.common.transport.server.ratis.ContainerStateMachine.runCommand(ContainerStateMachine.java:353) ~[classes/:?]
	at org.apache.hadoop.ozone.container.common.transport.server.ratis.ContainerStateMachine.lambda$applyTransaction$5(ContainerStateMachine.java:620) ~[classes/:?]
	at java.util.concurrent.CompletableFuture$AsyncSupply.run(CompletableFuture.java:1590) [?:1.8.0_212]
	at java.util.concurrent.ThreadPoolExecutor.runWorker(ThreadPoolExecutor.java:1149) [?:1.8.0_212]
	at java.util.concurrent.ThreadPoolExecutor$Worker.run(ThreadPoolExecutor.java:624) [?:1.8.0_212]
	at java.lang.Thread.run(Thread.java:748) [?:1.8.0_212]
2019-07-10 05:30:54,827 INFO  impl.HddsDispatcher (ContainerUtils.java:logAndReturnError(146)) - Operation: PutBlock : Trace ID: 4263bcb05e414d1b:3fd79de3aea26e76:a60d0c16112a88f1:0 : Message: ContainerID 5 does not exist : Result: CONTAINER_NOT_FOUND
2019-07-10 05:30:54,827 INFO  client.GrpcClientProtocolClient (GrpcClientProtocolClient.java:onNext(255)) - client-4CF385FF967C->9c25cf13-0c21-4ac4-bbef-b0be8d0caf59: receive RaftClientReply:client-4CF385FF967C->9c25cf13-0c21-4ac4-bbef-b0be8d0caf59@group-4E1D25E8763B, cid=69, SUCCESS, logIndex=17, commits[9c25cf13-0c21-4ac4-bbef-b0be8d0caf59:c20, 1a04e0aa-3aef-47f2-8f0f-c5477652f054:c16, 40d6e57f-8571-40cf-9170-698c71b23faf:c16]
05:30:54.827 [pool-32-thread-1] ERROR DNAudit - user=null | ip=null | op=WRITE_CHUNK {blockData=conID: 5 locID: 102415509290680328 bcsId: 0} | ret=FAILURE
org.apache.hadoop.hdds.scm.container.common.helpers.StorageContainerException: ContainerID 5 does not exist
	at org.apache.hadoop.ozone.container.common.impl.HddsDispatcher.dispatchRequest(HddsDispatcher.java:242) ~[classes/:?]
	at org.apache.hadoop.ozone.container.common.impl.HddsDispatcher.dispatch(HddsDispatcher.java:148) ~[classes/:?]
	at org.apache.hadoop.ozone.container.common.transport.server.ratis.ContainerStateMachine.dispatchCommand(ContainerStateMachine.java:346) ~[classes/:?]
	at org.apache.hadoop.ozone.container.common.transport.server.ratis.ContainerStateMachine.runCommand(ContainerStateMachine.java:353) ~[classes/:?]
	at org.apache.hadoop.ozone.container.common.transport.server.ratis.ContainerStateMachine.lambda$applyTransaction$5(ContainerStateMachine.java:620) ~[classes/:?]
	at java.util.concurrent.CompletableFuture$AsyncSupply.run(CompletableFuture.java:1590) [?:1.8.0_212]
	at java.util.concurrent.ThreadPoolExecutor.runWorker(ThreadPoolExecutor.java:1149) [?:1.8.0_212]
	at java.util.concurrent.ThreadPoolExecutor$Worker.run(ThreadPoolExecutor.java:624) [?:1.8.0_212]
	at java.lang.Thread.run(Thread.java:748) [?:1.8.0_212]
2019-07-10 05:30:54,828 INFO  impl.HddsDispatcher (ContainerUtils.java:logAndReturnError(146)) - Operation: WriteChunk : Trace ID: 4263bcb05e414d1b:9b520f268ded7922:a60d0c16112a88f1:0 : Message: ContainerID 5 does not exist : Result: CONTAINER_NOT_FOUND
2019-07-10 05:30:54,829 INFO  client.GrpcClientProtocolClient (GrpcClientProtocolClient.java:onNext(255)) - client-4CF385FF967C->9c25cf13-0c21-4ac4-bbef-b0be8d0caf59: receive RaftClientReply:client-4CF385FF967C->9c25cf13-0c21-4ac4-bbef-b0be8d0caf59@group-4E1D25E8763B, cid=70, SUCCESS, logIndex=18, commits[9c25cf13-0c21-4ac4-bbef-b0be8d0caf59:c20, 1a04e0aa-3aef-47f2-8f0f-c5477652f054:c16, 40d6e57f-8571-40cf-9170-698c71b23faf:c16]
05:30:54.829 [pool-32-thread-1] ERROR DNAudit - user=null | ip=null | op=PUT_BLOCK {blockData=[blockId=conID: 5 locID: 102415509290680328 bcsId: 0,size=2097152]} | ret=FAILURE
org.apache.hadoop.hdds.scm.container.common.helpers.StorageContainerException: ContainerID 5 does not exist
	at org.apache.hadoop.ozone.container.common.impl.HddsDispatcher.dispatchRequest(HddsDispatcher.java:242) ~[classes/:?]
	at org.apache.hadoop.ozone.container.common.impl.HddsDispatcher.dispatch(HddsDispatcher.java:148) ~[classes/:?]
	at org.apache.hadoop.ozone.container.common.transport.server.ratis.ContainerStateMachine.dispatchCommand(ContainerStateMachine.java:346) ~[classes/:?]
	at org.apache.hadoop.ozone.container.common.transport.server.ratis.ContainerStateMachine.runCommand(ContainerStateMachine.java:353) ~[classes/:?]
	at org.apache.hadoop.ozone.container.common.transport.server.ratis.ContainerStateMachine.lambda$applyTransaction$5(ContainerStateMachine.java:620) ~[classes/:?]
	at java.util.concurrent.CompletableFuture$AsyncSupply.run(CompletableFuture.java:1590) [?:1.8.0_212]
	at java.util.concurrent.ThreadPoolExecutor.runWorker(ThreadPoolExecutor.java:1149) [?:1.8.0_212]
	at java.util.concurrent.ThreadPoolExecutor$Worker.run(ThreadPoolExecutor.java:624) [?:1.8.0_212]
	at java.lang.Thread.run(Thread.java:748) [?:1.8.0_212]
2019-07-10 05:30:54,830 INFO  impl.HddsDispatcher (ContainerUtils.java:logAndReturnError(146)) - Operation: PutBlock : Trace ID: 4263bcb05e414d1b:4c879cf59c95b0c4:a60d0c16112a88f1:0 : Message: ContainerID 5 does not exist : Result: CONTAINER_NOT_FOUND
2019-07-10 05:30:54,830 INFO  client.GrpcClientProtocolClient (GrpcClientProtocolClient.java:onNext(255)) - client-4CF385FF967C->9c25cf13-0c21-4ac4-bbef-b0be8d0caf59: receive RaftClientReply:client-4CF385FF967C->9c25cf13-0c21-4ac4-bbef-b0be8d0caf59@group-4E1D25E8763B, cid=71, SUCCESS, logIndex=19, commits[9c25cf13-0c21-4ac4-bbef-b0be8d0caf59:c20, 1a04e0aa-3aef-47f2-8f0f-c5477652f054:c16, 40d6e57f-8571-40cf-9170-698c71b23faf:c16]
2019-07-10 05:30:54,830 ERROR storage.BlockOutputStream (BlockOutputStream.java:validateResponse(538)) - Unexpected Storage Container Exception: 
org.apache.hadoop.hdds.scm.container.common.helpers.StorageContainerException: ContainerID 5 does not exist
	at org.apache.hadoop.hdds.scm.storage.ContainerProtocolCalls.validateContainerResponse(ContainerProtocolCalls.java:536)
	at org.apache.hadoop.hdds.scm.storage.BlockOutputStream.validateResponse(BlockOutputStream.java:536)
	at org.apache.hadoop.hdds.scm.storage.BlockOutputStream.lambda$writeChunkToContainer$2(BlockOutputStream.java:614)
	at java.util.concurrent.CompletableFuture.uniApply(CompletableFuture.java:602)
	at java.util.concurrent.CompletableFuture$UniApply.tryFire(CompletableFuture.java:577)
	at java.util.concurrent.CompletableFuture$Completion.run(CompletableFuture.java:442)
	at java.util.concurrent.ThreadPoolExecutor.runWorker(ThreadPoolExecutor.java:1149)
	at java.util.concurrent.ThreadPoolExecutor$Worker.run(ThreadPoolExecutor.java:624)
	at java.lang.Thread.run(Thread.java:748)
2019-07-10 05:30:54,831 INFO  client.GrpcClientProtocolClient (GrpcClientProtocolClient.java:onNext(255)) - client-4CF385FF967C->9c25cf13-0c21-4ac4-bbef-b0be8d0caf59: receive RaftClientReply:client-4CF385FF967C->9c25cf13-0c21-4ac4-bbef-b0be8d0caf59@group-4E1D25E8763B, cid=72, SUCCESS, logIndex=20, commits[9c25cf13-0c21-4ac4-bbef-b0be8d0caf59:c20, 1a04e0aa-3aef-47f2-8f0f-c5477652f054:c16, 40d6e57f-8571-40cf-9170-698c71b23faf:c16]
2019-07-10 05:30:54,839 ERROR freon.RandomKeyGenerator (RandomKeyGenerator.java:run(718)) - Exception while adding key: key-0-47831 in bucket: bucket-0-53991 of volume: vol-0-60959.
java.io.IOException: Unexpected Storage Container Exception: org.apache.hadoop.hdds.scm.container.common.helpers.StorageContainerException: ContainerID 5 does not exist
	at org.apache.hadoop.hdds.scm.storage.BlockOutputStream.setIoException(BlockOutputStream.java:548)
	at org.apache.hadoop.hdds.scm.storage.BlockOutputStream.validateResponse(BlockOutputStream.java:539)
	at org.apache.hadoop.hdds.scm.storage.BlockOutputStream.lambda$writeChunkToContainer$2(BlockOutputStream.java:614)
	at java.util.concurrent.CompletableFuture.uniApply(CompletableFuture.java:602)
	at java.util.concurrent.CompletableFuture$UniApply.tryFire(CompletableFuture.java:577)
	at java.util.concurrent.CompletableFuture$Completion.run(CompletableFuture.java:442)
	at java.util.concurrent.ThreadPoolExecutor.runWorker(ThreadPoolExecutor.java:1149)
	at java.util.concurrent.ThreadPoolExecutor$Worker.run(ThreadPoolExecutor.java:624)
	at java.lang.Thread.run(Thread.java:748)
Caused by: org.apache.hadoop.hdds.scm.container.common.helpers.StorageContainerException: ContainerID 5 does not exist
	at org.apache.hadoop.hdds.scm.storage.ContainerProtocolCalls.validateContainerResponse(ContainerProtocolCalls.java:536)
	at org.apache.hadoop.hdds.scm.storage.BlockOutputStream.validateResponse(BlockOutputStream.java:536)
	... 7 more
05:30:54.837 [pool-74-thread-1] ERROR DNAudit - user=null | ip=null | op=WRITE_CHUNK {blockData=conID: 5 locID: 102415509290680328 bcsId: 0} | ret=FAILURE
org.apache.hadoop.hdds.scm.container.common.helpers.StorageContainerException: ContainerID 5 does not exist
	at org.apache.hadoop.ozone.container.common.impl.HddsDispatcher.dispatchRequest(HddsDispatcher.java:242) ~[classes/:?]
	at org.apache.hadoop.ozone.container.common.impl.HddsDispatcher.dispatch(HddsDispatcher.java:148) ~[classes/:?]
	at org.apache.hadoop.ozone.container.common.transport.server.ratis.ContainerStateMachine.dispatchCommand(ContainerStateMachine.java:346) ~[classes/:?]
	at org.apache.hadoop.ozone.container.common.transport.server.ratis.ContainerStateMachine.runCommand(ContainerStateMachine.java:353) ~[classes/:?]
	at org.apache.hadoop.ozone.container.common.transport.server.ratis.ContainerStateMachine.lambda$applyTransaction$5(ContainerStateMachine.java:620) ~[classes/:?]
	at java.util.concurrent.CompletableFuture$AsyncSupply.run(CompletableFuture.java:1590) [?:1.8.0_212]
	at java.util.concurrent.ThreadPoolExecutor.runWorker(ThreadPoolExecutor.java:1149) [?:1.8.0_212]
	at java.util.concurrent.ThreadPoolExecutor$Worker.run(ThreadPoolExecutor.java:624) [?:1.8.0_212]
	at java.lang.Thread.run(Thread.java:748) [?:1.8.0_212]
05:30:54.840 [pool-53-thread-1] ERROR DNAudit - user=null | ip=null | op=WRITE_CHUNK {blockData=conID: 5 locID: 102415509290680328 bcsId: 0} | ret=FAILURE
org.apache.hadoop.hdds.scm.container.common.helpers.StorageContainerException: ContainerID 5 does not exist
	at org.apache.hadoop.ozone.container.common.impl.HddsDispatcher.dispatchRequest(HddsDispatcher.java:242) ~[classes/:?]
	at org.apache.hadoop.ozone.container.common.impl.HddsDispatcher.dispatch(HddsDispatcher.java:148) ~[classes/:?]
	at org.apache.hadoop.ozone.container.common.transport.server.ratis.ContainerStateMachine.dispatchCommand(ContainerStateMachine.java:346) ~[classes/:?]
	at org.apache.hadoop.ozone.container.common.transport.server.ratis.ContainerStateMachine.runCommand(ContainerStateMachine.java:353) ~[classes/:?]
	at org.apache.hadoop.ozone.container.common.transport.server.ratis.ContainerStateMachine.lambda$applyTransaction$5(ContainerStateMachine.java:620) ~[classes/:?]
	at java.util.concurrent.CompletableFuture$AsyncSupply.run(CompletableFuture.java:1590) [?:1.8.0_212]
	at java.util.concurrent.ThreadPoolExecutor.runWorker(ThreadPoolExecutor.java:1149) [?:1.8.0_212]
	at java.util.concurrent.ThreadPoolExecutor$Worker.run(ThreadPoolExecutor.java:624) [?:1.8.0_212]
	at java.lang.Thread.run(Thread.java:748) [?:1.8.0_212]
2019-07-10 05:30:54,843 INFO  impl.HddsDispatcher (ContainerUtils.java:logAndReturnError(146)) - Operation: WriteChunk : Trace ID: 4263bcb05e414d1b:6b07856e4bc6df2d:a60d0c16112a88f1:0 : Message: ContainerID 5 does not exist : Result: CONTAINER_NOT_FOUND
2019-07-10 05:30:54,843 INFO  impl.HddsDispatcher (ContainerUtils.java:logAndReturnError(146)) - Operation: WriteChunk : Trace ID: 4263bcb05e414d1b:6b07856e4bc6df2d:a60d0c16112a88f1:0 : Message: ContainerID 5 does not exist : Result: CONTAINER_NOT_FOUND
05:30:54.843 [pool-53-thread-1] ERROR DNAudit - user=null | ip=null | op=PUT_BLOCK {blockData=[blockId=conID: 5 locID: 102415509290680328 bcsId: 0,size=1048576]} | ret=FAILURE
org.apache.hadoop.hdds.scm.container.common.helpers.StorageContainerException: ContainerID 5 does not exist
	at org.apache.hadoop.ozone.container.common.impl.HddsDispatcher.dispatchRequest(HddsDispatcher.java:242) ~[classes/:?]
	at org.apache.hadoop.ozone.container.common.impl.HddsDispatcher.dispatch(HddsDispatcher.java:148) ~[classes/:?]
	at org.apache.hadoop.ozone.container.common.transport.server.ratis.ContainerStateMachine.dispatchCommand(ContainerStateMachine.java:346) ~[classes/:?]
	at org.apache.hadoop.ozone.container.common.transport.server.ratis.ContainerStateMachine.runCommand(ContainerStateMachine.java:353) ~[classes/:?]
	at org.apache.hadoop.ozone.container.common.transport.server.ratis.ContainerStateMachine.lambda$applyTransaction$5(ContainerStateMachine.java:620) ~[classes/:?]
	at java.util.concurrent.CompletableFuture$AsyncSupply.run(CompletableFuture.java:1590) [?:1.8.0_212]
	at java.util.concurrent.ThreadPoolExecutor.runWorker(ThreadPoolExecutor.java:1149) [?:1.8.0_212]
	at java.util.concurrent.ThreadPoolExecutor$Worker.run(ThreadPoolExecutor.java:624) [?:1.8.0_212]
	at java.lang.Thread.run(Thread.java:748) [?:1.8.0_212]
05:30:54.843 [pool-74-thread-1] ERROR DNAudit - user=null | ip=null | op=PUT_BLOCK {blockData=[blockId=conID: 5 locID: 102415509290680328 bcsId: 0,size=1048576]} | ret=FAILURE
org.apache.hadoop.hdds.scm.container.common.helpers.StorageContainerException: ContainerID 5 does not exist
	at org.apache.hadoop.ozone.container.common.impl.HddsDispatcher.dispatchRequest(HddsDispatcher.java:242) ~[classes/:?]
	at org.apache.hadoop.ozone.container.common.impl.HddsDispatcher.dispatch(HddsDispatcher.java:148) ~[classes/:?]
	at org.apache.hadoop.ozone.container.common.transport.server.ratis.ContainerStateMachine.dispatchCommand(ContainerStateMachine.java:346) ~[classes/:?]
	at org.apache.hadoop.ozone.container.common.transport.server.ratis.ContainerStateMachine.runCommand(ContainerStateMachine.java:353) ~[classes/:?]
	at org.apache.hadoop.ozone.container.common.transport.server.ratis.ContainerStateMachine.lambda$applyTransaction$5(ContainerStateMachine.java:620) ~[classes/:?]
	at java.util.concurrent.CompletableFuture$AsyncSupply.run(CompletableFuture.java:1590) [?:1.8.0_212]
	at java.util.concurrent.ThreadPoolExecutor.runWorker(ThreadPoolExecutor.java:1149) [?:1.8.0_212]
	at java.util.concurrent.ThreadPoolExecutor$Worker.run(ThreadPoolExecutor.java:624) [?:1.8.0_212]
	at java.lang.Thread.run(Thread.java:748) [?:1.8.0_212]
2019-07-10 05:30:54,844 INFO  impl.HddsDispatcher (ContainerUtils.java:logAndReturnError(146)) - Operation: PutBlock : Trace ID: 4263bcb05e414d1b:3fd79de3aea26e76:a60d0c16112a88f1:0 : Message: ContainerID 5 does not exist : Result: CONTAINER_NOT_FOUND
2019-07-10 05:30:54,844 INFO  impl.HddsDispatcher (ContainerUtils.java:logAndReturnError(146)) - Operation: PutBlock : Trace ID: 4263bcb05e414d1b:3fd79de3aea26e76:a60d0c16112a88f1:0 : Message: ContainerID 5 does not exist : Result: CONTAINER_NOT_FOUND
05:30:54.845 [pool-53-thread-1] ERROR DNAudit - user=null | ip=null | op=WRITE_CHUNK {blockData=conID: 5 locID: 102415509290680328 bcsId: 0} | ret=FAILURE
org.apache.hadoop.hdds.scm.container.common.helpers.StorageContainerException: ContainerID 5 does not exist
	at org.apache.hadoop.ozone.container.common.impl.HddsDispatcher.dispatchRequest(HddsDispatcher.java:242) ~[classes/:?]
	at org.apache.hadoop.ozone.container.common.impl.HddsDispatcher.dispatch(HddsDispatcher.java:148) ~[classes/:?]
	at org.apache.hadoop.ozone.container.common.transport.server.ratis.ContainerStateMachine.dispatchCommand(ContainerStateMachine.java:346) ~[classes/:?]
	at org.apache.hadoop.ozone.container.common.transport.server.ratis.ContainerStateMachine.runCommand(ContainerStateMachine.java:353) ~[classes/:?]
	at org.apache.hadoop.ozone.container.common.transport.server.ratis.ContainerStateMachine.lambda$applyTransaction$5(ContainerStateMachine.java:620) ~[classes/:?]
	at java.util.concurrent.CompletableFuture$AsyncSupply.run(CompletableFuture.java:1590) [?:1.8.0_212]
	at java.util.concurrent.ThreadPoolExecutor.runWorker(ThreadPoolExecutor.java:1149) [?:1.8.0_212]
	at java.util.concurrent.ThreadPoolExecutor$Worker.run(ThreadPoolExecutor.java:624) [?:1.8.0_212]
	at java.lang.Thread.run(Thread.java:748) [?:1.8.0_212]
2019-07-10 05:30:54,845 INFO  impl.HddsDispatcher (ContainerUtils.java:logAndReturnError(146)) - Operation: WriteChunk : Trace ID: 4263bcb05e414d1b:9b520f268ded7922:a60d0c16112a88f1:0 : Message: ContainerID 5 does not exist : Result: CONTAINER_NOT_FOUND
05:30:54.845 [pool-74-thread-1] ERROR DNAudit - user=null | ip=null | op=WRITE_CHUNK {blockData=conID: 5 locID: 102415509290680328 bcsId: 0} | ret=FAILURE
org.apache.hadoop.hdds.scm.container.common.helpers.StorageContainerException: ContainerID 5 does not exist
	at org.apache.hadoop.ozone.container.common.impl.HddsDispatcher.dispatchRequest(HddsDispatcher.java:242) ~[classes/:?]
	at org.apache.hadoop.ozone.container.common.impl.HddsDispatcher.dispatch(HddsDispatcher.java:148) ~[classes/:?]
	at org.apache.hadoop.ozone.container.common.transport.server.ratis.ContainerStateMachine.dispatchCommand(ContainerStateMachine.java:346) ~[classes/:?]
	at org.apache.hadoop.ozone.container.common.transport.server.ratis.ContainerStateMachine.runCommand(ContainerStateMachine.java:353) ~[classes/:?]
	at org.apache.hadoop.ozone.container.common.transport.server.ratis.ContainerStateMachine.lambda$applyTransaction$5(ContainerStateMachine.java:620) ~[classes/:?]
	at java.util.concurrent.CompletableFuture$AsyncSupply.run(CompletableFuture.java:1590) [?:1.8.0_212]
	at java.util.concurrent.ThreadPoolExecutor.runWorker(ThreadPoolExecutor.java:1149) [?:1.8.0_212]
	at java.util.concurrent.ThreadPoolExecutor$Worker.run(ThreadPoolExecutor.java:624) [?:1.8.0_212]
	at java.lang.Thread.run(Thread.java:748) [?:1.8.0_212]
2019-07-10 05:30:54,846 INFO  impl.HddsDispatcher (ContainerUtils.java:logAndReturnError(146)) - Operation: WriteChunk : Trace ID: 4263bcb05e414d1b:9b520f268ded7922:a60d0c16112a88f1:0 : Message: ContainerID 5 does not exist : Result: CONTAINER_NOT_FOUND
05:30:54.846 [pool-53-thread-1] ERROR DNAudit - user=null | ip=null | op=PUT_BLOCK {blockData=[blockId=conID: 5 locID: 102415509290680328 bcsId: 0,size=2097152]} | ret=FAILURE
org.apache.hadoop.hdds.scm.container.common.helpers.StorageContainerException: ContainerID 5 does not exist
	at org.apache.hadoop.ozone.container.common.impl.HddsDispatcher.dispatchRequest(HddsDispatcher.java:242) ~[classes/:?]
	at org.apache.hadoop.ozone.container.common.impl.HddsDispatcher.dispatch(HddsDispatcher.java:148) ~[classes/:?]
	at org.apache.hadoop.ozone.container.common.transport.server.ratis.ContainerStateMachine.dispatchCommand(ContainerStateMachine.java:346) ~[classes/:?]
	at org.apache.hadoop.ozone.container.common.transport.server.ratis.ContainerStateMachine.runCommand(ContainerStateMachine.java:353) ~[classes/:?]
	at org.apache.hadoop.ozone.container.common.transport.server.ratis.ContainerStateMachine.lambda$applyTransaction$5(ContainerStateMachine.java:620) ~[classes/:?]
	at java.util.concurrent.CompletableFuture$AsyncSupply.run(CompletableFuture.java:1590) [?:1.8.0_212]
	at java.util.concurrent.ThreadPoolExecutor.runWorker(ThreadPoolExecutor.java:1149) [?:1.8.0_212]
	at java.util.concurrent.ThreadPoolExecutor$Worker.run(ThreadPoolExecutor.java:624) [?:1.8.0_212]
	at java.lang.Thread.run(Thread.java:748) [?:1.8.0_212]
2019-07-10 05:30:54,847 INFO  impl.HddsDispatcher (ContainerUtils.java:logAndReturnError(146)) - Operation: PutBlock : Trace ID: 4263bcb05e414d1b:4c879cf59c95b0c4:a60d0c16112a88f1:0 : Message: ContainerID 5 does not exist : Result: CONTAINER_NOT_FOUND
05:30:54.847 [pool-74-thread-1] ERROR DNAudit - user=null | ip=null | op=PUT_BLOCK {blockData=[blockId=conID: 5 locID: 102415509290680328 bcsId: 0,size=2097152]} | ret=FAILURE
org.apache.hadoop.hdds.scm.container.common.helpers.StorageContainerException: ContainerID 5 does not exist
	at org.apache.hadoop.ozone.container.common.impl.HddsDispatcher.dispatchRequest(HddsDispatcher.java:242) ~[classes/:?]
	at org.apache.hadoop.ozone.container.common.impl.HddsDispatcher.dispatch(HddsDispatcher.java:148) ~[classes/:?]
	at org.apache.hadoop.ozone.container.common.transport.server.ratis.ContainerStateMachine.dispatchCommand(ContainerStateMachine.java:346) ~[classes/:?]
	at org.apache.hadoop.ozone.container.common.transport.server.ratis.ContainerStateMachine.runCommand(ContainerStateMachine.java:353) ~[classes/:?]
	at org.apache.hadoop.ozone.container.common.transport.server.ratis.ContainerStateMachine.lambda$applyTransaction$5(ContainerStateMachine.java:620) ~[classes/:?]
	at java.util.concurrent.CompletableFuture$AsyncSupply.run(CompletableFuture.java:1590) [?:1.8.0_212]
	at java.util.concurrent.ThreadPoolExecutor.runWorker(ThreadPoolExecutor.java:1149) [?:1.8.0_212]
	at java.util.concurrent.ThreadPoolExecutor$Worker.run(ThreadPoolExecutor.java:624) [?:1.8.0_212]
	at java.lang.Thread.run(Thread.java:748) [?:1.8.0_212]
2019-07-10 05:30:54,848 INFO  impl.HddsDispatcher (ContainerUtils.java:logAndReturnError(146)) - Operation: PutBlock : Trace ID: 4263bcb05e414d1b:4c879cf59c95b0c4:a60d0c16112a88f1:0 : Message: ContainerID 5 does not exist : Result: CONTAINER_NOT_FOUND
 0.00% |█                                                                                                    |  0/1 Time: 0:00:02 0.00% |█                                                                                                    |  0/1 Time: 0:00:03 0.00% |█                                                                                                    |  0/1 Time: 0:00:04 100.00% |█████████████████████████████████████████████████████████████████████████████████████████████████████|  1/1 Time: 0:00:05
]]></system-out>
    <system-err><![CDATA[ERROR StatusLogger No Log4j 2 configuration file found. Using default configuration (logging only errors to the console), or user programmatically provided configurations. Set system property 'log4j2.debug' to show Log4j 2 internal initialization logging. See https://logging.apache.org/log4j/2.x/manual/configuration.html for instructions on how to configure Log4j 2
Jul 10, 2019 5:30:37 AM com.sun.jersey.server.impl.application.WebApplicationImpl _initiate
INFO: Initiating Jersey application, version 'Jersey: 1.19 02/11/2015 03:25 AM'
Jul 10, 2019 5:30:38 AM com.sun.jersey.server.impl.application.WebApplicationImpl _initiate
INFO: Initiating Jersey application, version 'Jersey: 1.19 02/11/2015 03:25 AM'
Jul 10, 2019 5:30:38 AM com.sun.jersey.server.impl.application.WebApplicationImpl _initiate
INFO: Initiating Jersey application, version 'Jersey: 1.19 02/11/2015 03:25 AM'
]]></system-err>
  </testcase>
</testsuite>