<?xml version="1.0" encoding="UTF-8"?>
<testsuite xmlns:xsi="http://www.w3.org/2001/XMLSchema-instance" xsi:noNamespaceSchemaLocation="https://maven.apache.org/surefire/maven-surefire-plugin/xsd/surefire-test-report.xsd" name="org.apache.hadoop.ozone.client.rpc.TestBlockOutputStreamWithFailures" time="680.147" tests="8" errors="0" skipped="0" failures="2">
  <properties>
    <property name="awt.toolkit" value="sun.awt.X11.XToolkit"/>
    <property name="file.encoding.pkg" value="sun.io"/>
    <property name="java.specification.version" value="1.8"/>
    <property name="sun.cpu.isalist" value=""/>
    <property name="sun.jnu.encoding" value="UTF-8"/>
    <property name="java.class.path" value="/workdir/hadoop-ozone/integration-test/target/test-classes:/workdir/hadoop-ozone/integration-test/target/classes:/home/user/.m2/repository/org/apache/hadoop/hadoop-ozone-common/0.4.1-SNAPSHOT/hadoop-ozone-common-0.4.1-SNAPSHOT.jar:/home/user/.m2/repository/org/apache/commons/commons-compress/1.4.1/commons-compress-1.4.1.jar:/home/user/.m2/repository/org/tukaani/xz/1.0/xz-1.0.jar:/home/user/.m2/repository/org/apache/hadoop/hadoop-common/3.2.0/hadoop-common-3.2.0.jar:/home/user/.m2/repository/org/apache/hadoop/hadoop-hdfs/3.2.0/hadoop-hdfs-3.2.0.jar:/home/user/.m2/repository/org/apache/hadoop/hadoop-hdfs-client/3.2.0/hadoop-hdfs-client-3.2.0.jar:/home/user/.m2/repository/com/fasterxml/jackson/core/jackson-annotations/2.9.5/jackson-annotations-2.9.5.jar:/home/user/.m2/repository/org/apache/hadoop/hadoop-hdds-common/0.4.1-SNAPSHOT/hadoop-hdds-common-0.4.1-SNAPSHOT.jar:/home/user/.m2/repository/javax/annotation/javax.annotation-api/1.2/javax.annotation-api-1.2.jar:/home/user/.m2/repository/org/apache/ratis/ratis-server/0.4.0-2337318-SNAPSHOT/ratis-server-0.4.0-2337318-SNAPSHOT.jar:/home/user/.m2/repository/org/apache/ratis/ratis-thirdparty-misc/0.2.0/ratis-thirdparty-misc-0.2.0.jar:/home/user/.m2/repository/org/apache/ratis/ratis-proto/0.4.0-2337318-SNAPSHOT/ratis-proto-0.4.0-2337318-SNAPSHOT.jar:/home/user/.m2/repository/org/apache/ratis/ratis-common/0.4.0-2337318-SNAPSHOT/ratis-common-0.4.0-2337318-SNAPSHOT.jar:/home/user/.m2/repository/org/apache/ratis/ratis-client/0.4.0-2337318-SNAPSHOT/ratis-client-0.4.0-2337318-SNAPSHOT.jar:/home/user/.m2/repository/org/apache/ratis/ratis-metrics/0.4.0-2337318-SNAPSHOT/ratis-metrics-0.4.0-2337318-SNAPSHOT.jar:/home/user/.m2/repository/org/apache/ratis/ratis-netty/0.4.0-2337318-SNAPSHOT/ratis-netty-0.4.0-2337318-SNAPSHOT.jar:/home/user/.m2/repository/org/apache/ratis/ratis-grpc/0.4.0-2337318-SNAPSHOT/ratis-grpc-0.4.0-2337318-SNAPSHOT.jar:/home/user/.m2/repository/org/rocksdb/rocksdbjni/6.0.1/rocksdbjni-6.0.1.jar:/home/user/.m2/repository/org/apache/logging/log4j/log4j-api/2.11.0/log4j-api-2.11.0.jar:/home/user/.m2/repository/org/apache/logging/log4j/log4j-core/2.11.0/log4j-core-2.11.0.jar:/home/user/.m2/repository/com/lmax/disruptor/3.4.2/disruptor-3.4.2.jar:/home/user/.m2/repository/org/apache/commons/commons-pool2/2.6.0/commons-pool2-2.6.0.jar:/home/user/.m2/repository/org/bouncycastle/bcpkix-jdk15on/1.60/bcpkix-jdk15on-1.60.jar:/home/user/.m2/repository/commons-validator/commons-validator/1.6/commons-validator-1.6.jar:/home/user/.m2/repository/commons-digester/commons-digester/1.8.1/commons-digester-1.8.1.jar:/home/user/.m2/repository/io/jaegertracing/jaeger-client/0.33.1/jaeger-client-0.33.1.jar:/home/user/.m2/repository/io/jaegertracing/jaeger-thrift/0.33.1/jaeger-thrift-0.33.1.jar:/home/user/.m2/repository/org/apache/thrift/libthrift/0.11.0/libthrift-0.11.0.jar:/home/user/.m2/repository/com/squareup/okhttp3/okhttp/3.9.0/okhttp-3.9.0.jar:/home/user/.m2/repository/com/squareup/okio/okio/1.13.0/okio-1.13.0.jar:/home/user/.m2/repository/io/jaegertracing/jaeger-core/0.33.1/jaeger-core-0.33.1.jar:/home/user/.m2/repository/io/jaegertracing/jaeger-tracerresolver/0.33.1/jaeger-tracerresolver-0.33.1.jar:/home/user/.m2/repository/io/opentracing/contrib/opentracing-tracerresolver/0.1.5/opentracing-tracerresolver-0.1.5.jar:/home/user/.m2/repository/io/opentracing/opentracing-util/0.31.0/opentracing-util-0.31.0.jar:/home/user/.m2/repository/io/opentracing/opentracing-api/0.31.0/opentracing-api-0.31.0.jar:/home/user/.m2/repository/io/opentracing/opentracing-noop/0.31.0/opentracing-noop-0.31.0.jar:/home/user/.m2/repository/org/apache/hadoop/hadoop-hdds-server-framework/0.4.1-SNAPSHOT/hadoop-hdds-server-framework-0.4.1-SNAPSHOT.jar:/home/user/.m2/repository/org/apache/hadoop/hadoop-hdds-container-service/0.4.1-SNAPSHOT/hadoop-hdds-container-service-0.4.1-SNAPSHOT.jar:/home/user/.m2/repository/org/apache/hadoop/hadoop-hdds-client/0.4.1-SNAPSHOT/hadoop-hdds-client-0.4.1-SNAPSHOT.jar:/home/user/.m2/repository/org/apache/hadoop/hadoop-hdds-tools/0.4.1-SNAPSHOT/hadoop-hdds-tools-0.4.1-SNAPSHOT.jar:/home/user/.m2/repository/org/apache/hadoop/hadoop-hdds-server-scm/0.4.1-SNAPSHOT/hadoop-hdds-server-scm-0.4.1-SNAPSHOT.jar:/home/user/.m2/repository/org/apache/hadoop/hadoop-hdds-docs/0.4.1-SNAPSHOT/hadoop-hdds-docs-0.4.1-SNAPSHOT.jar:/home/user/.m2/repository/io/dropwizard/metrics/metrics-core/3.2.4/metrics-core-3.2.4.jar:/home/user/.m2/repository/org/hamcrest/hamcrest-all/1.3/hamcrest-all-1.3.jar:/home/user/.m2/repository/org/bouncycastle/bcprov-jdk15on/1.60/bcprov-jdk15on-1.60.jar:/home/user/.m2/repository/info/picocli/picocli/3.9.6/picocli-3.9.6.jar:/home/user/.m2/repository/com/google/protobuf/protobuf-java/2.5.0/protobuf-java-2.5.0.jar:/home/user/.m2/repository/com/google/guava/guava/11.0.2/guava-11.0.2.jar:/home/user/.m2/repository/org/apache/hadoop/hadoop-ozone-ozone-manager/0.4.1-SNAPSHOT/hadoop-ozone-ozone-manager-0.4.1-SNAPSHOT.jar:/home/user/.m2/repository/org/apache/hadoop/hadoop-minikdc/3.2.0/hadoop-minikdc-3.2.0.jar:/home/user/.m2/repository/commons-io/commons-io/2.5/commons-io-2.5.jar:/home/user/.m2/repository/org/apache/kerby/kerb-simplekdc/1.0.1/kerb-simplekdc-1.0.1.jar:/home/user/.m2/repository/org/apache/kerby/kerb-client/1.0.1/kerb-client-1.0.1.jar:/home/user/.m2/repository/org/apache/kerby/kerby-config/1.0.1/kerby-config-1.0.1.jar:/home/user/.m2/repository/org/apache/kerby/kerb-core/1.0.1/kerb-core-1.0.1.jar:/home/user/.m2/repository/org/apache/kerby/kerby-pkix/1.0.1/kerby-pkix-1.0.1.jar:/home/user/.m2/repository/org/apache/kerby/kerby-asn1/1.0.1/kerby-asn1-1.0.1.jar:/home/user/.m2/repository/org/apache/kerby/kerby-util/1.0.1/kerby-util-1.0.1.jar:/home/user/.m2/repository/org/apache/kerby/kerb-common/1.0.1/kerb-common-1.0.1.jar:/home/user/.m2/repository/org/apache/kerby/kerb-crypto/1.0.1/kerb-crypto-1.0.1.jar:/home/user/.m2/repository/org/apache/kerby/kerb-util/1.0.1/kerb-util-1.0.1.jar:/home/user/.m2/repository/org/apache/kerby/token-provider/1.0.1/token-provider-1.0.1.jar:/home/user/.m2/repository/org/apache/kerby/kerb-admin/1.0.1/kerb-admin-1.0.1.jar:/home/user/.m2/repository/org/apache/kerby/kerb-server/1.0.1/kerb-server-1.0.1.jar:/home/user/.m2/repository/org/apache/kerby/kerb-identity/1.0.1/kerb-identity-1.0.1.jar:/home/user/.m2/repository/org/apache/kerby/kerby-xdr/1.0.1/kerby-xdr-1.0.1.jar:/home/user/.m2/repository/org/slf4j/slf4j-log4j12/1.7.25/slf4j-log4j12-1.7.25.jar:/home/user/.m2/repository/org/apache/hadoop/hadoop-ozone-objectstore-service/0.4.1-SNAPSHOT/hadoop-ozone-objectstore-service-0.4.1-SNAPSHOT.jar:/home/user/.m2/repository/org/apache/hadoop/hadoop-ozone-s3gateway/0.4.1-SNAPSHOT/hadoop-ozone-s3gateway-0.4.1-SNAPSHOT.jar:/home/user/.m2/repository/org/jboss/weld/servlet/weld-servlet/2.4.7.Final/weld-servlet-2.4.7.Final.jar:/home/user/.m2/repository/org/glassfish/jersey/containers/jersey-container-servlet-core/2.27/jersey-container-servlet-core-2.27.jar:/home/user/.m2/repository/org/glassfish/hk2/external/javax.inject/2.5.0-b42/javax.inject-2.5.0-b42.jar:/home/user/.m2/repository/org/glassfish/jersey/core/jersey-common/2.27/jersey-common-2.27.jar:/home/user/.m2/repository/org/glassfish/hk2/osgi-resource-locator/1.0.1/osgi-resource-locator-1.0.1.jar:/home/user/.m2/repository/javax/ws/rs/javax.ws.rs-api/2.1/javax.ws.rs-api-2.1.jar:/home/user/.m2/repository/org/glassfish/jersey/ext/cdi/jersey-cdi1x/2.27/jersey-cdi1x-2.27.jar:/home/user/.m2/repository/org/glassfish/jersey/inject/jersey-hk2/2.27/jersey-hk2-2.27.jar:/home/user/.m2/repository/org/glassfish/hk2/hk2-locator/2.5.0-b42/hk2-locator-2.5.0-b42.jar:/home/user/.m2/repository/org/javassist/javassist/3.22.0-CR2/javassist-3.22.0-CR2.jar:/home/user/.m2/repository/org/glassfish/hk2/hk2-api/2.5.0/hk2-api-2.5.0.jar:/home/user/.m2/repository/org/glassfish/hk2/external/jakarta.inject/2.5.0/jakarta.inject-2.5.0.jar:/home/user/.m2/repository/org/glassfish/hk2/hk2-utils/2.5.0/hk2-utils-2.5.0.jar:/home/user/.m2/repository/jakarta/annotation/jakarta.annotation-api/1.3.4/jakarta.annotation-api-1.3.4.jar:/home/user/.m2/repository/org/glassfish/hk2/external/aopalliance-repackaged/2.5.0/aopalliance-repackaged-2.5.0.jar:/home/user/.m2/repository/com/fasterxml/jackson/dataformat/jackson-dataformat-xml/2.9.0/jackson-dataformat-xml-2.9.0.jar:/home/user/.m2/repository/com/fasterxml/jackson/core/jackson-core/2.9.5/jackson-core-2.9.5.jar:/home/user/.m2/repository/com/fasterxml/jackson/module/jackson-module-jaxb-annotations/2.9.5/jackson-module-jaxb-annotations-2.9.5.jar:/home/user/.m2/repository/javax/enterprise/cdi-api/1.2/cdi-api-1.2.jar:/home/user/.m2/repository/javax/el/javax.el-api/3.0.0/javax.el-api-3.0.0.jar:/home/user/.m2/repository/javax/interceptor/javax.interceptor-api/1.2/javax.interceptor-api-1.2.jar:/home/user/.m2/repository/javax/inject/javax.inject/1/javax.inject-1.jar:/home/user/.m2/repository/com/sun/xml/bind/jaxb-impl/2.3.0.1/jaxb-impl-2.3.0.1.jar:/home/user/.m2/repository/com/sun/xml/bind/jaxb-core/2.3.0.1/jaxb-core-2.3.0.1.jar:/home/user/.m2/repository/javax/xml/bind/jaxb-api/2.3.0/jaxb-api-2.3.0.jar:/home/user/.m2/repository/javax/activation/activation/1.1.1/activation-1.1.1.jar:/home/user/.m2/repository/org/apache/hadoop/hadoop-ozone-csi/0.4.1-SNAPSHOT/hadoop-ozone-csi-0.4.1-SNAPSHOT.jar:/home/user/.m2/repository/com/google/protobuf/protobuf-java-util/3.5.1/protobuf-java-util-3.5.1.jar:/home/user/.m2/repository/org/apache/hadoop/hadoop-hdds-config/0.4.1-SNAPSHOT/hadoop-hdds-config-0.4.1-SNAPSHOT.jar:/home/user/.m2/repository/io/grpc/grpc-netty/1.17.1/grpc-netty-1.17.1.jar:/home/user/.m2/repository/io/grpc/grpc-core/1.17.1/grpc-core-1.17.1.jar:/home/user/.m2/repository/io/grpc/grpc-context/1.17.1/grpc-context-1.17.1.jar:/home/user/.m2/repository/com/google/errorprone/error_prone_annotations/2.2.0/error_prone_annotations-2.2.0.jar:/home/user/.m2/repository/org/codehaus/mojo/animal-sniffer-annotations/1.17/animal-sniffer-annotations-1.17.jar:/home/user/.m2/repository/io/opencensus/opencensus-api/0.17.0/opencensus-api-0.17.0.jar:/home/user/.m2/repository/io/opencensus/opencensus-contrib-grpc-metrics/0.17.0/opencensus-contrib-grpc-metrics-0.17.0.jar:/home/user/.m2/repository/io/netty/netty-codec-http2/4.1.30.Final/netty-codec-http2-4.1.30.Final.jar:/home/user/.m2/repository/io/netty/netty-codec-http/4.1.30.Final/netty-codec-http-4.1.30.Final.jar:/home/user/.m2/repository/io/netty/netty-codec/4.1.30.Final/netty-codec-4.1.30.Final.jar:/home/user/.m2/repository/io/netty/netty-handler/4.1.30.Final/netty-handler-4.1.30.Final.jar:/home/user/.m2/repository/io/netty/netty-handler-proxy/4.1.30.Final/netty-handler-proxy-4.1.30.Final.jar:/home/user/.m2/repository/io/netty/netty-codec-socks/4.1.30.Final/netty-codec-socks-4.1.30.Final.jar:/home/user/.m2/repository/io/netty/netty-transport-native-epoll/4.1.30.Final/netty-transport-native-epoll-4.1.30.Final.jar:/home/user/.m2/repository/io/netty/netty-common/4.1.30.Final/netty-common-4.1.30.Final.jar:/home/user/.m2/repository/io/netty/netty-buffer/4.1.30.Final/netty-buffer-4.1.30.Final.jar:/home/user/.m2/repository/io/netty/netty-transport/4.1.30.Final/netty-transport-4.1.30.Final.jar:/home/user/.m2/repository/io/netty/netty-resolver/4.1.30.Final/netty-resolver-4.1.30.Final.jar:/home/user/.m2/repository/io/netty/netty-transport-native-unix-common/4.1.30.Final/netty-transport-native-unix-common-4.1.30.Final.jar:/home/user/.m2/repository/io/grpc/grpc-protobuf/1.17.1/grpc-protobuf-1.17.1.jar:/home/user/.m2/repository/com/google/api/grpc/proto-google-common-protos/1.0.0/proto-google-common-protos-1.0.0.jar:/home/user/.m2/repository/io/grpc/grpc-protobuf-lite/1.17.1/grpc-protobuf-lite-1.17.1.jar:/home/user/.m2/repository/io/grpc/grpc-stub/1.17.1/grpc-stub-1.17.1.jar:/home/user/.m2/repository/org/apache/hadoop/hadoop-ozone-recon/0.4.1-SNAPSHOT/hadoop-ozone-recon-0.4.1-SNAPSHOT.jar:/home/user/.m2/repository/org/apache/hadoop/hadoop-ozone-reconcodegen/0.4.1-SNAPSHOT/hadoop-ozone-reconcodegen-0.4.1-SNAPSHOT.jar:/home/user/.m2/repository/com/google/inject/extensions/guice-multibindings/4.0/guice-multibindings-4.0.jar:/home/user/.m2/repository/com/google/inject/guice/4.0/guice-4.0.jar:/home/user/.m2/repository/aopalliance/aopalliance/1.0/aopalliance-1.0.jar:/home/user/.m2/repository/com/google/inject/extensions/guice-servlet/4.0/guice-servlet-4.0.jar:/home/user/.m2/repository/org/glassfish/jersey/containers/jersey-container-servlet/2.27/jersey-container-servlet-2.27.jar:/home/user/.m2/repository/org/glassfish/hk2/guice-bridge/2.5.0/guice-bridge-2.5.0.jar:/home/user/.m2/repository/org/glassfish/jersey/core/jersey-server/2.27/jersey-server-2.27.jar:/home/user/.m2/repository/org/glassfish/jersey/core/jersey-client/2.27/jersey-client-2.27.jar:/home/user/.m2/repository/org/glassfish/jersey/media/jersey-media-jaxb/2.27/jersey-media-jaxb-2.27.jar:/home/user/.m2/repository/javax/validation/validation-api/1.1.0.Final/validation-api-1.1.0.Final.jar:/home/user/.m2/repository/org/glassfish/jersey/media/jersey-media-json-jackson/2.27/jersey-media-json-jackson-2.27.jar:/home/user/.m2/repository/org/glassfish/jersey/ext/jersey-entity-filtering/2.27/jersey-entity-filtering-2.27.jar:/home/user/.m2/repository/com/google/inject/extensions/guice-assistedinject/4.0/guice-assistedinject-4.0.jar:/home/user/.m2/repository/org/jooq/jooq/3.11.10/jooq-3.11.10.jar:/home/user/.m2/repository/org/jooq/jooq-meta/3.11.10/jooq-meta-3.11.10.jar:/home/user/.m2/repository/org/jooq/jooq-codegen/3.11.10/jooq-codegen-3.11.10.jar:/home/user/.m2/repository/com/jolbox/bonecp/0.8.0.RELEASE/bonecp-0.8.0.RELEASE.jar:/home/user/.m2/repository/org/xerial/sqlite-jdbc/3.25.2/sqlite-jdbc-3.25.2.jar:/home/user/.m2/repository/org/springframework/spring-jdbc/5.1.3.RELEASE/spring-jdbc-5.1.3.RELEASE.jar:/home/user/.m2/repository/org/springframework/spring-beans/5.1.3.RELEASE/spring-beans-5.1.3.RELEASE.jar:/home/user/.m2/repository/org/springframework/spring-core/5.1.3.RELEASE/spring-core-5.1.3.RELEASE.jar:/home/user/.m2/repository/org/springframework/spring-jcl/5.1.3.RELEASE/spring-jcl-5.1.3.RELEASE.jar:/home/user/.m2/repository/org/springframework/spring-tx/5.1.3.RELEASE/spring-tx-5.1.3.RELEASE.jar:/home/user/.m2/repository/org/apache/hadoop/hadoop-ozone-client/0.4.1-SNAPSHOT/hadoop-ozone-client-0.4.1-SNAPSHOT.jar:/home/user/.m2/repository/commons-lang/commons-lang/2.6/commons-lang-2.6.jar:/home/user/.m2/repository/org/apache/hadoop/hadoop-ozone-ozone-manager/0.4.1-SNAPSHOT/hadoop-ozone-ozone-manager-0.4.1-SNAPSHOT-tests.jar:/home/user/.m2/repository/junit/junit/4.11/junit-4.11.jar:/home/user/.m2/repository/org/hamcrest/hamcrest-core/1.3/hamcrest-core-1.3.jar:/home/user/.m2/repository/org/openjdk/jmh/jmh-core/1.19/jmh-core-1.19.jar:/home/user/.m2/repository/net/sf/jopt-simple/jopt-simple/4.6/jopt-simple-4.6.jar:/home/user/.m2/repository/org/apache/commons/commons-math3/3.1.1/commons-math3-3.1.1.jar:/home/user/.m2/repository/org/openjdk/jmh/jmh-generator-annprocess/1.19/jmh-generator-annprocess-1.19.jar:/home/user/.m2/repository/org/mockito/mockito-all/1.8.5/mockito-all-1.8.5.jar:/home/user/.m2/repository/org/apache/hadoop/hadoop-kms/3.2.0/hadoop-kms-3.2.0.jar:/home/user/.m2/repository/org/apache/hadoop/hadoop-auth/3.2.0/hadoop-auth-3.2.0.jar:/home/user/.m2/repository/com/nimbusds/nimbus-jose-jwt/4.41.1/nimbus-jose-jwt-4.41.1.jar:/home/user/.m2/repository/com/github/stephenc/jcip/jcip-annotations/1.0-1/jcip-annotations-1.0-1.jar:/home/user/.m2/repository/net/minidev/json-smart/2.3/json-smart-2.3.jar:/home/user/.m2/repository/net/minidev/accessors-smart/1.2/accessors-smart-1.2.jar:/home/user/.m2/repository/org/ow2/asm/asm/5.0.4/asm-5.0.4.jar:/home/user/.m2/repository/org/apache/curator/curator-framework/2.12.0/curator-framework-2.12.0.jar:/home/user/.m2/repository/com/sun/jersey/jersey-core/1.19/jersey-core-1.19.jar:/home/user/.m2/repository/javax/ws/rs/jsr311-api/1.1.1/jsr311-api-1.1.1.jar:/home/user/.m2/repository/com/sun/jersey/jersey-server/1.19/jersey-server-1.19.jar:/home/user/.m2/repository/javax/servlet/javax.servlet-api/3.1.0/javax.servlet-api-3.1.0.jar:/home/user/.m2/repository/org/eclipse/jetty/jetty-server/9.3.24.v20180605/jetty-server-9.3.24.v20180605.jar:/home/user/.m2/repository/org/eclipse/jetty/jetty-http/9.3.24.v20180605/jetty-http-9.3.24.v20180605.jar:/home/user/.m2/repository/org/eclipse/jetty/jetty-io/9.3.24.v20180605/jetty-io-9.3.24.v20180605.jar:/home/user/.m2/repository/org/eclipse/jetty/jetty-webapp/9.3.24.v20180605/jetty-webapp-9.3.24.v20180605.jar:/home/user/.m2/repository/org/eclipse/jetty/jetty-xml/9.3.24.v20180605/jetty-xml-9.3.24.v20180605.jar:/home/user/.m2/repository/log4j/log4j/1.2.17/log4j-1.2.17.jar:/home/user/.m2/repository/org/slf4j/slf4j-api/1.7.25/slf4j-api-1.7.25.jar:/home/user/.m2/repository/org/slf4j/jul-to-slf4j/1.7.25/jul-to-slf4j-1.7.25.jar:/home/user/.m2/repository/org/eclipse/jetty/jetty-util/9.3.24.v20180605/jetty-util-9.3.24.v20180605.jar:/home/user/.m2/repository/com/fasterxml/jackson/core/jackson-databind/2.9.5/jackson-databind-2.9.5.jar:/home/user/.m2/repository/org/apache/hadoop/hadoop-kms/3.2.0/hadoop-kms-3.2.0-tests.jar:/home/user/.m2/repository/org/apache/hadoop/hadoop-hdds-server-scm/0.4.1-SNAPSHOT/hadoop-hdds-server-scm-0.4.1-SNAPSHOT-tests.jar:/home/user/.m2/repository/org/apache/hadoop/hadoop-hdds-container-service/0.4.1-SNAPSHOT/hadoop-hdds-container-service-0.4.1-SNAPSHOT-tests.jar:/home/user/.m2/repository/org/yaml/snakeyaml/1.16/snakeyaml-1.16.jar:/home/user/.m2/repository/org/apache/hadoop/hadoop-common/3.2.0/hadoop-common-3.2.0-tests.jar:/home/user/.m2/repository/org/apache/hadoop/hadoop-annotations/3.2.0/hadoop-annotations-3.2.0.jar:/usr/lib/jvm/java-1.8-openjdk/jre/../lib/tools.jar:/home/user/.m2/repository/commons-cli/commons-cli/1.2/commons-cli-1.2.jar:/home/user/.m2/repository/org/apache/httpcomponents/httpclient/4.5.2/httpclient-4.5.2.jar:/home/user/.m2/repository/org/apache/httpcomponents/httpcore/4.4.4/httpcore-4.4.4.jar:/home/user/.m2/repository/commons-codec/commons-codec/1.11/commons-codec-1.11.jar:/home/user/.m2/repository/commons-net/commons-net/3.6/commons-net-3.6.jar:/home/user/.m2/repository/commons-collections/commons-collections/3.2.2/commons-collections-3.2.2.jar:/home/user/.m2/repository/org/eclipse/jetty/jetty-servlet/9.3.24.v20180605/jetty-servlet-9.3.24.v20180605.jar:/home/user/.m2/repository/org/eclipse/jetty/jetty-security/9.3.24.v20180605/jetty-security-9.3.24.v20180605.jar:/home/user/.m2/repository/javax/servlet/jsp/jsp-api/2.1/jsp-api-2.1.jar:/home/user/.m2/repository/com/sun/jersey/jersey-servlet/1.19/jersey-servlet-1.19.jar:/home/user/.m2/repository/com/sun/jersey/jersey-json/1.19/jersey-json-1.19.jar:/home/user/.m2/repository/org/codehaus/jettison/jettison/1.1/jettison-1.1.jar:/home/user/.m2/repository/org/codehaus/jackson/jackson-core-asl/1.9.13/jackson-core-asl-1.9.13.jar:/home/user/.m2/repository/org/codehaus/jackson/jackson-mapper-asl/1.9.13/jackson-mapper-asl-1.9.13.jar:/home/user/.m2/repository/org/codehaus/jackson/jackson-jaxrs/1.9.13/jackson-jaxrs-1.9.13.jar:/home/user/.m2/repository/org/codehaus/jackson/jackson-xc/1.9.13/jackson-xc-1.9.13.jar:/home/user/.m2/repository/commons-logging/commons-logging/1.1.3/commons-logging-1.1.3.jar:/home/user/.m2/repository/commons-beanutils/commons-beanutils/1.9.3/commons-beanutils-1.9.3.jar:/home/user/.m2/repository/org/apache/commons/commons-configuration2/2.1.1/commons-configuration2-2.1.1.jar:/home/user/.m2/repository/org/apache/commons/commons-lang3/3.7/commons-lang3-3.7.jar:/home/user/.m2/repository/org/apache/commons/commons-text/1.4/commons-text-1.4.jar:/home/user/.m2/repository/org/apache/avro/avro/1.7.7/avro-1.7.7.jar:/home/user/.m2/repository/com/thoughtworks/paranamer/paranamer/2.3/paranamer-2.3.jar:/home/user/.m2/repository/org/xerial/snappy/snappy-java/1.0.5/snappy-java-1.0.5.jar:/home/user/.m2/repository/com/google/re2j/re2j/1.1/re2j-1.1.jar:/home/user/.m2/repository/com/google/code/gson/gson/2.2.4/gson-2.2.4.jar:/home/user/.m2/repository/com/jcraft/jsch/0.1.54/jsch-0.1.54.jar:/home/user/.m2/repository/org/apache/curator/curator-client/2.12.0/curator-client-2.12.0.jar:/home/user/.m2/repository/org/apache/curator/curator-recipes/2.12.0/curator-recipes-2.12.0.jar:/home/user/.m2/repository/com/google/code/findbugs/jsr305/3.0.0/jsr305-3.0.0.jar:/home/user/.m2/repository/org/apache/htrace/htrace-core4/4.1.0-incubating/htrace-core4-4.1.0-incubating.jar:/home/user/.m2/repository/org/apache/zookeeper/zookeeper/3.4.13/zookeeper-3.4.13.jar:/home/user/.m2/repository/org/apache/yetus/audience-annotations/0.5.0/audience-annotations-0.5.0.jar:/home/user/.m2/repository/org/codehaus/woodstox/stax2-api/3.1.4/stax2-api-3.1.4.jar:/home/user/.m2/repository/com/fasterxml/woodstox/woodstox-core/5.0.3/woodstox-core-5.0.3.jar:/home/user/.m2/repository/dnsjava/dnsjava/2.1.7/dnsjava-2.1.7.jar:/home/user/.m2/repository/org/apache/hadoop/hadoop-hdfs/3.2.0/hadoop-hdfs-3.2.0-tests.jar:/home/user/.m2/repository/org/eclipse/jetty/jetty-util-ajax/9.3.24.v20180605/jetty-util-ajax-9.3.24.v20180605.jar:/home/user/.m2/repository/commons-daemon/commons-daemon/1.0.13/commons-daemon-1.0.13.jar:/home/user/.m2/repository/io/netty/netty/3.10.5.Final/netty-3.10.5.Final.jar:/home/user/.m2/repository/io/netty/netty-all/4.0.52.Final/netty-all-4.0.52.Final.jar:/home/user/.m2/repository/org/fusesource/leveldbjni/leveldbjni-all/1.8/leveldbjni-all-1.8.jar:"/>
    <property name="java.vm.vendor" value="IcedTea"/>
    <property name="sun.arch.data.model" value="64"/>
    <property name="test.build.dir" value="/workdir/hadoop-ozone/integration-test/target/test-dir"/>
    <property name="test.cache.data" value=""/>
    <property name="java.vendor.url" value="https://icedtea.classpath.org"/>
    <property name="user.timezone" value=""/>
    <property name="java.vm.specification.version" value="1.8"/>
    <property name="os.name" value="Linux"/>
    <property name="test.build.data" value="/workdir/hadoop-ozone/integration-test/target/test-dir"/>
    <property name="user.country" value="US"/>
    <property name="sun.java.launcher" value="SUN_STANDARD"/>
    <property name="sun.boot.library.path" value="/usr/lib/jvm/java-1.8-openjdk/jre/lib/amd64"/>
    <property name="sun.java.command" value="/workdir/hadoop-ozone/integration-test/target/surefire/surefirebooter5865702060024530422.jar /workdir/hadoop-ozone/integration-test/target/surefire 2019-07-29T14-21-35_038-jvmRun1 surefire1078032420816910588tmp surefire_545852328851840052345tmp"/>
    <property name="surefire.test.class.path" value="/workdir/hadoop-ozone/integration-test/target/test-classes:/workdir/hadoop-ozone/integration-test/target/classes:/home/user/.m2/repository/org/apache/hadoop/hadoop-ozone-common/0.4.1-SNAPSHOT/hadoop-ozone-common-0.4.1-SNAPSHOT.jar:/home/user/.m2/repository/org/apache/commons/commons-compress/1.4.1/commons-compress-1.4.1.jar:/home/user/.m2/repository/org/tukaani/xz/1.0/xz-1.0.jar:/home/user/.m2/repository/org/apache/hadoop/hadoop-common/3.2.0/hadoop-common-3.2.0.jar:/home/user/.m2/repository/org/apache/hadoop/hadoop-hdfs/3.2.0/hadoop-hdfs-3.2.0.jar:/home/user/.m2/repository/org/apache/hadoop/hadoop-hdfs-client/3.2.0/hadoop-hdfs-client-3.2.0.jar:/home/user/.m2/repository/com/fasterxml/jackson/core/jackson-annotations/2.9.5/jackson-annotations-2.9.5.jar:/home/user/.m2/repository/org/apache/hadoop/hadoop-hdds-common/0.4.1-SNAPSHOT/hadoop-hdds-common-0.4.1-SNAPSHOT.jar:/home/user/.m2/repository/javax/annotation/javax.annotation-api/1.2/javax.annotation-api-1.2.jar:/home/user/.m2/repository/org/apache/ratis/ratis-server/0.4.0-2337318-SNAPSHOT/ratis-server-0.4.0-2337318-SNAPSHOT.jar:/home/user/.m2/repository/org/apache/ratis/ratis-thirdparty-misc/0.2.0/ratis-thirdparty-misc-0.2.0.jar:/home/user/.m2/repository/org/apache/ratis/ratis-proto/0.4.0-2337318-SNAPSHOT/ratis-proto-0.4.0-2337318-SNAPSHOT.jar:/home/user/.m2/repository/org/apache/ratis/ratis-common/0.4.0-2337318-SNAPSHOT/ratis-common-0.4.0-2337318-SNAPSHOT.jar:/home/user/.m2/repository/org/apache/ratis/ratis-client/0.4.0-2337318-SNAPSHOT/ratis-client-0.4.0-2337318-SNAPSHOT.jar:/home/user/.m2/repository/org/apache/ratis/ratis-metrics/0.4.0-2337318-SNAPSHOT/ratis-metrics-0.4.0-2337318-SNAPSHOT.jar:/home/user/.m2/repository/org/apache/ratis/ratis-netty/0.4.0-2337318-SNAPSHOT/ratis-netty-0.4.0-2337318-SNAPSHOT.jar:/home/user/.m2/repository/org/apache/ratis/ratis-grpc/0.4.0-2337318-SNAPSHOT/ratis-grpc-0.4.0-2337318-SNAPSHOT.jar:/home/user/.m2/repository/org/rocksdb/rocksdbjni/6.0.1/rocksdbjni-6.0.1.jar:/home/user/.m2/repository/org/apache/logging/log4j/log4j-api/2.11.0/log4j-api-2.11.0.jar:/home/user/.m2/repository/org/apache/logging/log4j/log4j-core/2.11.0/log4j-core-2.11.0.jar:/home/user/.m2/repository/com/lmax/disruptor/3.4.2/disruptor-3.4.2.jar:/home/user/.m2/repository/org/apache/commons/commons-pool2/2.6.0/commons-pool2-2.6.0.jar:/home/user/.m2/repository/org/bouncycastle/bcpkix-jdk15on/1.60/bcpkix-jdk15on-1.60.jar:/home/user/.m2/repository/commons-validator/commons-validator/1.6/commons-validator-1.6.jar:/home/user/.m2/repository/commons-digester/commons-digester/1.8.1/commons-digester-1.8.1.jar:/home/user/.m2/repository/io/jaegertracing/jaeger-client/0.33.1/jaeger-client-0.33.1.jar:/home/user/.m2/repository/io/jaegertracing/jaeger-thrift/0.33.1/jaeger-thrift-0.33.1.jar:/home/user/.m2/repository/org/apache/thrift/libthrift/0.11.0/libthrift-0.11.0.jar:/home/user/.m2/repository/com/squareup/okhttp3/okhttp/3.9.0/okhttp-3.9.0.jar:/home/user/.m2/repository/com/squareup/okio/okio/1.13.0/okio-1.13.0.jar:/home/user/.m2/repository/io/jaegertracing/jaeger-core/0.33.1/jaeger-core-0.33.1.jar:/home/user/.m2/repository/io/jaegertracing/jaeger-tracerresolver/0.33.1/jaeger-tracerresolver-0.33.1.jar:/home/user/.m2/repository/io/opentracing/contrib/opentracing-tracerresolver/0.1.5/opentracing-tracerresolver-0.1.5.jar:/home/user/.m2/repository/io/opentracing/opentracing-util/0.31.0/opentracing-util-0.31.0.jar:/home/user/.m2/repository/io/opentracing/opentracing-api/0.31.0/opentracing-api-0.31.0.jar:/home/user/.m2/repository/io/opentracing/opentracing-noop/0.31.0/opentracing-noop-0.31.0.jar:/home/user/.m2/repository/org/apache/hadoop/hadoop-hdds-server-framework/0.4.1-SNAPSHOT/hadoop-hdds-server-framework-0.4.1-SNAPSHOT.jar:/home/user/.m2/repository/org/apache/hadoop/hadoop-hdds-container-service/0.4.1-SNAPSHOT/hadoop-hdds-container-service-0.4.1-SNAPSHOT.jar:/home/user/.m2/repository/org/apache/hadoop/hadoop-hdds-client/0.4.1-SNAPSHOT/hadoop-hdds-client-0.4.1-SNAPSHOT.jar:/home/user/.m2/repository/org/apache/hadoop/hadoop-hdds-tools/0.4.1-SNAPSHOT/hadoop-hdds-tools-0.4.1-SNAPSHOT.jar:/home/user/.m2/repository/org/apache/hadoop/hadoop-hdds-server-scm/0.4.1-SNAPSHOT/hadoop-hdds-server-scm-0.4.1-SNAPSHOT.jar:/home/user/.m2/repository/org/apache/hadoop/hadoop-hdds-docs/0.4.1-SNAPSHOT/hadoop-hdds-docs-0.4.1-SNAPSHOT.jar:/home/user/.m2/repository/io/dropwizard/metrics/metrics-core/3.2.4/metrics-core-3.2.4.jar:/home/user/.m2/repository/org/hamcrest/hamcrest-all/1.3/hamcrest-all-1.3.jar:/home/user/.m2/repository/org/bouncycastle/bcprov-jdk15on/1.60/bcprov-jdk15on-1.60.jar:/home/user/.m2/repository/info/picocli/picocli/3.9.6/picocli-3.9.6.jar:/home/user/.m2/repository/com/google/protobuf/protobuf-java/2.5.0/protobuf-java-2.5.0.jar:/home/user/.m2/repository/com/google/guava/guava/11.0.2/guava-11.0.2.jar:/home/user/.m2/repository/org/apache/hadoop/hadoop-ozone-ozone-manager/0.4.1-SNAPSHOT/hadoop-ozone-ozone-manager-0.4.1-SNAPSHOT.jar:/home/user/.m2/repository/org/apache/hadoop/hadoop-minikdc/3.2.0/hadoop-minikdc-3.2.0.jar:/home/user/.m2/repository/commons-io/commons-io/2.5/commons-io-2.5.jar:/home/user/.m2/repository/org/apache/kerby/kerb-simplekdc/1.0.1/kerb-simplekdc-1.0.1.jar:/home/user/.m2/repository/org/apache/kerby/kerb-client/1.0.1/kerb-client-1.0.1.jar:/home/user/.m2/repository/org/apache/kerby/kerby-config/1.0.1/kerby-config-1.0.1.jar:/home/user/.m2/repository/org/apache/kerby/kerb-core/1.0.1/kerb-core-1.0.1.jar:/home/user/.m2/repository/org/apache/kerby/kerby-pkix/1.0.1/kerby-pkix-1.0.1.jar:/home/user/.m2/repository/org/apache/kerby/kerby-asn1/1.0.1/kerby-asn1-1.0.1.jar:/home/user/.m2/repository/org/apache/kerby/kerby-util/1.0.1/kerby-util-1.0.1.jar:/home/user/.m2/repository/org/apache/kerby/kerb-common/1.0.1/kerb-common-1.0.1.jar:/home/user/.m2/repository/org/apache/kerby/kerb-crypto/1.0.1/kerb-crypto-1.0.1.jar:/home/user/.m2/repository/org/apache/kerby/kerb-util/1.0.1/kerb-util-1.0.1.jar:/home/user/.m2/repository/org/apache/kerby/token-provider/1.0.1/token-provider-1.0.1.jar:/home/user/.m2/repository/org/apache/kerby/kerb-admin/1.0.1/kerb-admin-1.0.1.jar:/home/user/.m2/repository/org/apache/kerby/kerb-server/1.0.1/kerb-server-1.0.1.jar:/home/user/.m2/repository/org/apache/kerby/kerb-identity/1.0.1/kerb-identity-1.0.1.jar:/home/user/.m2/repository/org/apache/kerby/kerby-xdr/1.0.1/kerby-xdr-1.0.1.jar:/home/user/.m2/repository/org/slf4j/slf4j-log4j12/1.7.25/slf4j-log4j12-1.7.25.jar:/home/user/.m2/repository/org/apache/hadoop/hadoop-ozone-objectstore-service/0.4.1-SNAPSHOT/hadoop-ozone-objectstore-service-0.4.1-SNAPSHOT.jar:/home/user/.m2/repository/org/apache/hadoop/hadoop-ozone-s3gateway/0.4.1-SNAPSHOT/hadoop-ozone-s3gateway-0.4.1-SNAPSHOT.jar:/home/user/.m2/repository/org/jboss/weld/servlet/weld-servlet/2.4.7.Final/weld-servlet-2.4.7.Final.jar:/home/user/.m2/repository/org/glassfish/jersey/containers/jersey-container-servlet-core/2.27/jersey-container-servlet-core-2.27.jar:/home/user/.m2/repository/org/glassfish/hk2/external/javax.inject/2.5.0-b42/javax.inject-2.5.0-b42.jar:/home/user/.m2/repository/org/glassfish/jersey/core/jersey-common/2.27/jersey-common-2.27.jar:/home/user/.m2/repository/org/glassfish/hk2/osgi-resource-locator/1.0.1/osgi-resource-locator-1.0.1.jar:/home/user/.m2/repository/javax/ws/rs/javax.ws.rs-api/2.1/javax.ws.rs-api-2.1.jar:/home/user/.m2/repository/org/glassfish/jersey/ext/cdi/jersey-cdi1x/2.27/jersey-cdi1x-2.27.jar:/home/user/.m2/repository/org/glassfish/jersey/inject/jersey-hk2/2.27/jersey-hk2-2.27.jar:/home/user/.m2/repository/org/glassfish/hk2/hk2-locator/2.5.0-b42/hk2-locator-2.5.0-b42.jar:/home/user/.m2/repository/org/javassist/javassist/3.22.0-CR2/javassist-3.22.0-CR2.jar:/home/user/.m2/repository/org/glassfish/hk2/hk2-api/2.5.0/hk2-api-2.5.0.jar:/home/user/.m2/repository/org/glassfish/hk2/external/jakarta.inject/2.5.0/jakarta.inject-2.5.0.jar:/home/user/.m2/repository/org/glassfish/hk2/hk2-utils/2.5.0/hk2-utils-2.5.0.jar:/home/user/.m2/repository/jakarta/annotation/jakarta.annotation-api/1.3.4/jakarta.annotation-api-1.3.4.jar:/home/user/.m2/repository/org/glassfish/hk2/external/aopalliance-repackaged/2.5.0/aopalliance-repackaged-2.5.0.jar:/home/user/.m2/repository/com/fasterxml/jackson/dataformat/jackson-dataformat-xml/2.9.0/jackson-dataformat-xml-2.9.0.jar:/home/user/.m2/repository/com/fasterxml/jackson/core/jackson-core/2.9.5/jackson-core-2.9.5.jar:/home/user/.m2/repository/com/fasterxml/jackson/module/jackson-module-jaxb-annotations/2.9.5/jackson-module-jaxb-annotations-2.9.5.jar:/home/user/.m2/repository/javax/enterprise/cdi-api/1.2/cdi-api-1.2.jar:/home/user/.m2/repository/javax/el/javax.el-api/3.0.0/javax.el-api-3.0.0.jar:/home/user/.m2/repository/javax/interceptor/javax.interceptor-api/1.2/javax.interceptor-api-1.2.jar:/home/user/.m2/repository/javax/inject/javax.inject/1/javax.inject-1.jar:/home/user/.m2/repository/com/sun/xml/bind/jaxb-impl/2.3.0.1/jaxb-impl-2.3.0.1.jar:/home/user/.m2/repository/com/sun/xml/bind/jaxb-core/2.3.0.1/jaxb-core-2.3.0.1.jar:/home/user/.m2/repository/javax/xml/bind/jaxb-api/2.3.0/jaxb-api-2.3.0.jar:/home/user/.m2/repository/javax/activation/activation/1.1.1/activation-1.1.1.jar:/home/user/.m2/repository/org/apache/hadoop/hadoop-ozone-csi/0.4.1-SNAPSHOT/hadoop-ozone-csi-0.4.1-SNAPSHOT.jar:/home/user/.m2/repository/com/google/protobuf/protobuf-java-util/3.5.1/protobuf-java-util-3.5.1.jar:/home/user/.m2/repository/org/apache/hadoop/hadoop-hdds-config/0.4.1-SNAPSHOT/hadoop-hdds-config-0.4.1-SNAPSHOT.jar:/home/user/.m2/repository/io/grpc/grpc-netty/1.17.1/grpc-netty-1.17.1.jar:/home/user/.m2/repository/io/grpc/grpc-core/1.17.1/grpc-core-1.17.1.jar:/home/user/.m2/repository/io/grpc/grpc-context/1.17.1/grpc-context-1.17.1.jar:/home/user/.m2/repository/com/google/errorprone/error_prone_annotations/2.2.0/error_prone_annotations-2.2.0.jar:/home/user/.m2/repository/org/codehaus/mojo/animal-sniffer-annotations/1.17/animal-sniffer-annotations-1.17.jar:/home/user/.m2/repository/io/opencensus/opencensus-api/0.17.0/opencensus-api-0.17.0.jar:/home/user/.m2/repository/io/opencensus/opencensus-contrib-grpc-metrics/0.17.0/opencensus-contrib-grpc-metrics-0.17.0.jar:/home/user/.m2/repository/io/netty/netty-codec-http2/4.1.30.Final/netty-codec-http2-4.1.30.Final.jar:/home/user/.m2/repository/io/netty/netty-codec-http/4.1.30.Final/netty-codec-http-4.1.30.Final.jar:/home/user/.m2/repository/io/netty/netty-codec/4.1.30.Final/netty-codec-4.1.30.Final.jar:/home/user/.m2/repository/io/netty/netty-handler/4.1.30.Final/netty-handler-4.1.30.Final.jar:/home/user/.m2/repository/io/netty/netty-handler-proxy/4.1.30.Final/netty-handler-proxy-4.1.30.Final.jar:/home/user/.m2/repository/io/netty/netty-codec-socks/4.1.30.Final/netty-codec-socks-4.1.30.Final.jar:/home/user/.m2/repository/io/netty/netty-transport-native-epoll/4.1.30.Final/netty-transport-native-epoll-4.1.30.Final.jar:/home/user/.m2/repository/io/netty/netty-common/4.1.30.Final/netty-common-4.1.30.Final.jar:/home/user/.m2/repository/io/netty/netty-buffer/4.1.30.Final/netty-buffer-4.1.30.Final.jar:/home/user/.m2/repository/io/netty/netty-transport/4.1.30.Final/netty-transport-4.1.30.Final.jar:/home/user/.m2/repository/io/netty/netty-resolver/4.1.30.Final/netty-resolver-4.1.30.Final.jar:/home/user/.m2/repository/io/netty/netty-transport-native-unix-common/4.1.30.Final/netty-transport-native-unix-common-4.1.30.Final.jar:/home/user/.m2/repository/io/grpc/grpc-protobuf/1.17.1/grpc-protobuf-1.17.1.jar:/home/user/.m2/repository/com/google/api/grpc/proto-google-common-protos/1.0.0/proto-google-common-protos-1.0.0.jar:/home/user/.m2/repository/io/grpc/grpc-protobuf-lite/1.17.1/grpc-protobuf-lite-1.17.1.jar:/home/user/.m2/repository/io/grpc/grpc-stub/1.17.1/grpc-stub-1.17.1.jar:/home/user/.m2/repository/org/apache/hadoop/hadoop-ozone-recon/0.4.1-SNAPSHOT/hadoop-ozone-recon-0.4.1-SNAPSHOT.jar:/home/user/.m2/repository/org/apache/hadoop/hadoop-ozone-reconcodegen/0.4.1-SNAPSHOT/hadoop-ozone-reconcodegen-0.4.1-SNAPSHOT.jar:/home/user/.m2/repository/com/google/inject/extensions/guice-multibindings/4.0/guice-multibindings-4.0.jar:/home/user/.m2/repository/com/google/inject/guice/4.0/guice-4.0.jar:/home/user/.m2/repository/aopalliance/aopalliance/1.0/aopalliance-1.0.jar:/home/user/.m2/repository/com/google/inject/extensions/guice-servlet/4.0/guice-servlet-4.0.jar:/home/user/.m2/repository/org/glassfish/jersey/containers/jersey-container-servlet/2.27/jersey-container-servlet-2.27.jar:/home/user/.m2/repository/org/glassfish/hk2/guice-bridge/2.5.0/guice-bridge-2.5.0.jar:/home/user/.m2/repository/org/glassfish/jersey/core/jersey-server/2.27/jersey-server-2.27.jar:/home/user/.m2/repository/org/glassfish/jersey/core/jersey-client/2.27/jersey-client-2.27.jar:/home/user/.m2/repository/org/glassfish/jersey/media/jersey-media-jaxb/2.27/jersey-media-jaxb-2.27.jar:/home/user/.m2/repository/javax/validation/validation-api/1.1.0.Final/validation-api-1.1.0.Final.jar:/home/user/.m2/repository/org/glassfish/jersey/media/jersey-media-json-jackson/2.27/jersey-media-json-jackson-2.27.jar:/home/user/.m2/repository/org/glassfish/jersey/ext/jersey-entity-filtering/2.27/jersey-entity-filtering-2.27.jar:/home/user/.m2/repository/com/google/inject/extensions/guice-assistedinject/4.0/guice-assistedinject-4.0.jar:/home/user/.m2/repository/org/jooq/jooq/3.11.10/jooq-3.11.10.jar:/home/user/.m2/repository/org/jooq/jooq-meta/3.11.10/jooq-meta-3.11.10.jar:/home/user/.m2/repository/org/jooq/jooq-codegen/3.11.10/jooq-codegen-3.11.10.jar:/home/user/.m2/repository/com/jolbox/bonecp/0.8.0.RELEASE/bonecp-0.8.0.RELEASE.jar:/home/user/.m2/repository/org/xerial/sqlite-jdbc/3.25.2/sqlite-jdbc-3.25.2.jar:/home/user/.m2/repository/org/springframework/spring-jdbc/5.1.3.RELEASE/spring-jdbc-5.1.3.RELEASE.jar:/home/user/.m2/repository/org/springframework/spring-beans/5.1.3.RELEASE/spring-beans-5.1.3.RELEASE.jar:/home/user/.m2/repository/org/springframework/spring-core/5.1.3.RELEASE/spring-core-5.1.3.RELEASE.jar:/home/user/.m2/repository/org/springframework/spring-jcl/5.1.3.RELEASE/spring-jcl-5.1.3.RELEASE.jar:/home/user/.m2/repository/org/springframework/spring-tx/5.1.3.RELEASE/spring-tx-5.1.3.RELEASE.jar:/home/user/.m2/repository/org/apache/hadoop/hadoop-ozone-client/0.4.1-SNAPSHOT/hadoop-ozone-client-0.4.1-SNAPSHOT.jar:/home/user/.m2/repository/commons-lang/commons-lang/2.6/commons-lang-2.6.jar:/home/user/.m2/repository/org/apache/hadoop/hadoop-ozone-ozone-manager/0.4.1-SNAPSHOT/hadoop-ozone-ozone-manager-0.4.1-SNAPSHOT-tests.jar:/home/user/.m2/repository/junit/junit/4.11/junit-4.11.jar:/home/user/.m2/repository/org/hamcrest/hamcrest-core/1.3/hamcrest-core-1.3.jar:/home/user/.m2/repository/org/openjdk/jmh/jmh-core/1.19/jmh-core-1.19.jar:/home/user/.m2/repository/net/sf/jopt-simple/jopt-simple/4.6/jopt-simple-4.6.jar:/home/user/.m2/repository/org/apache/commons/commons-math3/3.1.1/commons-math3-3.1.1.jar:/home/user/.m2/repository/org/openjdk/jmh/jmh-generator-annprocess/1.19/jmh-generator-annprocess-1.19.jar:/home/user/.m2/repository/org/mockito/mockito-all/1.8.5/mockito-all-1.8.5.jar:/home/user/.m2/repository/org/apache/hadoop/hadoop-kms/3.2.0/hadoop-kms-3.2.0.jar:/home/user/.m2/repository/org/apache/hadoop/hadoop-auth/3.2.0/hadoop-auth-3.2.0.jar:/home/user/.m2/repository/com/nimbusds/nimbus-jose-jwt/4.41.1/nimbus-jose-jwt-4.41.1.jar:/home/user/.m2/repository/com/github/stephenc/jcip/jcip-annotations/1.0-1/jcip-annotations-1.0-1.jar:/home/user/.m2/repository/net/minidev/json-smart/2.3/json-smart-2.3.jar:/home/user/.m2/repository/net/minidev/accessors-smart/1.2/accessors-smart-1.2.jar:/home/user/.m2/repository/org/ow2/asm/asm/5.0.4/asm-5.0.4.jar:/home/user/.m2/repository/org/apache/curator/curator-framework/2.12.0/curator-framework-2.12.0.jar:/home/user/.m2/repository/com/sun/jersey/jersey-core/1.19/jersey-core-1.19.jar:/home/user/.m2/repository/javax/ws/rs/jsr311-api/1.1.1/jsr311-api-1.1.1.jar:/home/user/.m2/repository/com/sun/jersey/jersey-server/1.19/jersey-server-1.19.jar:/home/user/.m2/repository/javax/servlet/javax.servlet-api/3.1.0/javax.servlet-api-3.1.0.jar:/home/user/.m2/repository/org/eclipse/jetty/jetty-server/9.3.24.v20180605/jetty-server-9.3.24.v20180605.jar:/home/user/.m2/repository/org/eclipse/jetty/jetty-http/9.3.24.v20180605/jetty-http-9.3.24.v20180605.jar:/home/user/.m2/repository/org/eclipse/jetty/jetty-io/9.3.24.v20180605/jetty-io-9.3.24.v20180605.jar:/home/user/.m2/repository/org/eclipse/jetty/jetty-webapp/9.3.24.v20180605/jetty-webapp-9.3.24.v20180605.jar:/home/user/.m2/repository/org/eclipse/jetty/jetty-xml/9.3.24.v20180605/jetty-xml-9.3.24.v20180605.jar:/home/user/.m2/repository/log4j/log4j/1.2.17/log4j-1.2.17.jar:/home/user/.m2/repository/org/slf4j/slf4j-api/1.7.25/slf4j-api-1.7.25.jar:/home/user/.m2/repository/org/slf4j/jul-to-slf4j/1.7.25/jul-to-slf4j-1.7.25.jar:/home/user/.m2/repository/org/eclipse/jetty/jetty-util/9.3.24.v20180605/jetty-util-9.3.24.v20180605.jar:/home/user/.m2/repository/com/fasterxml/jackson/core/jackson-databind/2.9.5/jackson-databind-2.9.5.jar:/home/user/.m2/repository/org/apache/hadoop/hadoop-kms/3.2.0/hadoop-kms-3.2.0-tests.jar:/home/user/.m2/repository/org/apache/hadoop/hadoop-hdds-server-scm/0.4.1-SNAPSHOT/hadoop-hdds-server-scm-0.4.1-SNAPSHOT-tests.jar:/home/user/.m2/repository/org/apache/hadoop/hadoop-hdds-container-service/0.4.1-SNAPSHOT/hadoop-hdds-container-service-0.4.1-SNAPSHOT-tests.jar:/home/user/.m2/repository/org/yaml/snakeyaml/1.16/snakeyaml-1.16.jar:/home/user/.m2/repository/org/apache/hadoop/hadoop-common/3.2.0/hadoop-common-3.2.0-tests.jar:/home/user/.m2/repository/org/apache/hadoop/hadoop-annotations/3.2.0/hadoop-annotations-3.2.0.jar:/usr/lib/jvm/java-1.8-openjdk/jre/../lib/tools.jar:/home/user/.m2/repository/commons-cli/commons-cli/1.2/commons-cli-1.2.jar:/home/user/.m2/repository/org/apache/httpcomponents/httpclient/4.5.2/httpclient-4.5.2.jar:/home/user/.m2/repository/org/apache/httpcomponents/httpcore/4.4.4/httpcore-4.4.4.jar:/home/user/.m2/repository/commons-codec/commons-codec/1.11/commons-codec-1.11.jar:/home/user/.m2/repository/commons-net/commons-net/3.6/commons-net-3.6.jar:/home/user/.m2/repository/commons-collections/commons-collections/3.2.2/commons-collections-3.2.2.jar:/home/user/.m2/repository/org/eclipse/jetty/jetty-servlet/9.3.24.v20180605/jetty-servlet-9.3.24.v20180605.jar:/home/user/.m2/repository/org/eclipse/jetty/jetty-security/9.3.24.v20180605/jetty-security-9.3.24.v20180605.jar:/home/user/.m2/repository/javax/servlet/jsp/jsp-api/2.1/jsp-api-2.1.jar:/home/user/.m2/repository/com/sun/jersey/jersey-servlet/1.19/jersey-servlet-1.19.jar:/home/user/.m2/repository/com/sun/jersey/jersey-json/1.19/jersey-json-1.19.jar:/home/user/.m2/repository/org/codehaus/jettison/jettison/1.1/jettison-1.1.jar:/home/user/.m2/repository/org/codehaus/jackson/jackson-core-asl/1.9.13/jackson-core-asl-1.9.13.jar:/home/user/.m2/repository/org/codehaus/jackson/jackson-mapper-asl/1.9.13/jackson-mapper-asl-1.9.13.jar:/home/user/.m2/repository/org/codehaus/jackson/jackson-jaxrs/1.9.13/jackson-jaxrs-1.9.13.jar:/home/user/.m2/repository/org/codehaus/jackson/jackson-xc/1.9.13/jackson-xc-1.9.13.jar:/home/user/.m2/repository/commons-logging/commons-logging/1.1.3/commons-logging-1.1.3.jar:/home/user/.m2/repository/commons-beanutils/commons-beanutils/1.9.3/commons-beanutils-1.9.3.jar:/home/user/.m2/repository/org/apache/commons/commons-configuration2/2.1.1/commons-configuration2-2.1.1.jar:/home/user/.m2/repository/org/apache/commons/commons-lang3/3.7/commons-lang3-3.7.jar:/home/user/.m2/repository/org/apache/commons/commons-text/1.4/commons-text-1.4.jar:/home/user/.m2/repository/org/apache/avro/avro/1.7.7/avro-1.7.7.jar:/home/user/.m2/repository/com/thoughtworks/paranamer/paranamer/2.3/paranamer-2.3.jar:/home/user/.m2/repository/org/xerial/snappy/snappy-java/1.0.5/snappy-java-1.0.5.jar:/home/user/.m2/repository/com/google/re2j/re2j/1.1/re2j-1.1.jar:/home/user/.m2/repository/com/google/code/gson/gson/2.2.4/gson-2.2.4.jar:/home/user/.m2/repository/com/jcraft/jsch/0.1.54/jsch-0.1.54.jar:/home/user/.m2/repository/org/apache/curator/curator-client/2.12.0/curator-client-2.12.0.jar:/home/user/.m2/repository/org/apache/curator/curator-recipes/2.12.0/curator-recipes-2.12.0.jar:/home/user/.m2/repository/com/google/code/findbugs/jsr305/3.0.0/jsr305-3.0.0.jar:/home/user/.m2/repository/org/apache/htrace/htrace-core4/4.1.0-incubating/htrace-core4-4.1.0-incubating.jar:/home/user/.m2/repository/org/apache/zookeeper/zookeeper/3.4.13/zookeeper-3.4.13.jar:/home/user/.m2/repository/org/apache/yetus/audience-annotations/0.5.0/audience-annotations-0.5.0.jar:/home/user/.m2/repository/org/codehaus/woodstox/stax2-api/3.1.4/stax2-api-3.1.4.jar:/home/user/.m2/repository/com/fasterxml/woodstox/woodstox-core/5.0.3/woodstox-core-5.0.3.jar:/home/user/.m2/repository/dnsjava/dnsjava/2.1.7/dnsjava-2.1.7.jar:/home/user/.m2/repository/org/apache/hadoop/hadoop-hdfs/3.2.0/hadoop-hdfs-3.2.0-tests.jar:/home/user/.m2/repository/org/eclipse/jetty/jetty-util-ajax/9.3.24.v20180605/jetty-util-ajax-9.3.24.v20180605.jar:/home/user/.m2/repository/commons-daemon/commons-daemon/1.0.13/commons-daemon-1.0.13.jar:/home/user/.m2/repository/io/netty/netty/3.10.5.Final/netty-3.10.5.Final.jar:/home/user/.m2/repository/io/netty/netty-all/4.0.52.Final/netty-all-4.0.52.Final.jar:/home/user/.m2/repository/org/fusesource/leveldbjni/leveldbjni-all/1.8/leveldbjni-all-1.8.jar:"/>
    <property name="sun.cpu.endian" value="little"/>
    <property name="user.home" value="/home/user"/>
    <property name="user.language" value="en"/>
    <property name="java.specification.vendor" value="Oracle Corporation"/>
    <property name="java.home" value="/usr/lib/jvm/java-1.8-openjdk/jre"/>
    <property name="java.security.krb5.conf" value="/workdir/hadoop-ozone/integration-test/target/test-classes/krb5.conf"/>
    <property name="basedir" value="/workdir/hadoop-ozone/integration-test"/>
    <property name="file.separator" value="/"/>
    <property name="line.separator" value="&#10;"/>
    <property name="java.vm.specification.vendor" value="Oracle Corporation"/>
    <property name="java.specification.name" value="Java Platform API Specification"/>
    <property name="java.awt.graphicsenv" value="sun.awt.X11GraphicsEnvironment"/>
    <property name="surefire.real.class.path" value="/workdir/hadoop-ozone/integration-test/target/surefire/surefirebooter5865702060024530422.jar"/>
    <property name="hadoop.log.dir" value="/workdir/hadoop-ozone/integration-test/target/log"/>
    <property name="sun.boot.class.path" value="/usr/lib/jvm/java-1.8-openjdk/jre/lib/resources.jar:/usr/lib/jvm/java-1.8-openjdk/jre/lib/rt.jar:/usr/lib/jvm/java-1.8-openjdk/jre/lib/sunrsasign.jar:/usr/lib/jvm/java-1.8-openjdk/jre/lib/jsse.jar:/usr/lib/jvm/java-1.8-openjdk/jre/lib/jce.jar:/usr/lib/jvm/java-1.8-openjdk/jre/lib/charsets.jar:/usr/lib/jvm/java-1.8-openjdk/jre/lib/jfr.jar:/usr/lib/jvm/java-1.8-openjdk/jre/classes"/>
    <property name="sun.management.compiler" value="HotSpot 64-Bit Tiered Compilers"/>
    <property name="java.runtime.version" value="1.8.0_212-b04"/>
    <property name="java.net.preferIPv4Stack" value="true"/>
    <property name="user.name" value="jenkins1000"/>
    <property name="path.separator" value=":"/>
    <property name="java.security.egd" value="file:///dev/urandom"/>
    <property name="os.version" value="3.10.0-957.12.2.el7.x86_64"/>
    <property name="java.endorsed.dirs" value="/usr/lib/jvm/java-1.8-openjdk/jre/lib/endorsed"/>
    <property name="java.runtime.name" value="OpenJDK Runtime Environment"/>
    <property name="file.encoding" value="UTF-8"/>
    <property name="java.vm.name" value="OpenJDK 64-Bit Server VM"/>
    <property name="test.build.webapps" value=""/>
    <property name="localRepository" value="/home/user/.m2/repository"/>
    <property name="java.vendor.url.bug" value="https://icedtea.classpath.org/bugzilla"/>
    <property name="java.io.tmpdir" value="/tmp"/>
    <property name="require.test.libhadoop" value=""/>
    <property name="java.version" value="1.8.0_212"/>
    <property name="user.dir" value="/workdir/hadoop-ozone/integration-test"/>
    <property name="os.arch" value="amd64"/>
    <property name="java.vm.specification.name" value="Java Virtual Machine Specification"/>
    <property name="test.build.classes" value="/workdir/hadoop-ozone/integration-test/target/test-classes"/>
    <property name="java.awt.printerjob" value="sun.print.PSPrinterJob"/>
    <property name="sun.os.patch.level" value="unknown"/>
    <property name="hadoop.tmp.dir" value="/workdir/hadoop-ozone/integration-test/target/tmp"/>
    <property name="java.library.path" value="/usr/lib/jvm/java-1.8-openjdk/jre/lib/amd64/server:/usr/lib/jvm/java-1.8-openjdk/jre/lib/amd64:/usr/lib/jvm/java-1.8-openjdk/jre/../lib/amd64:/workdir/hadoop-ozone/integration-test/target/native/target/usr/local/lib:/workdir/hadoop-ozone/integration-test/../../hadoop-common-project/hadoop-common/target/native/target/usr/local/lib:/usr/java/packages/lib/amd64:/usr/lib64:/lib64:/lib:/usr/lib"/>
    <property name="java.vm.info" value="mixed mode"/>
    <property name="java.vendor" value="IcedTea"/>
    <property name="java.vm.version" value="25.212-b04"/>
    <property name="java.ext.dirs" value="/usr/lib/jvm/java-1.8-openjdk/jre/lib/ext:/usr/java/packages/lib/ext"/>
    <property name="sun.io.unicode.encoding" value="UnicodeLittle"/>
    <property name="java.class.version" value="52.0"/>
  </properties>
  <testcase name="test2DatanodesFailure" classname="org.apache.hadoop.ozone.client.rpc.TestBlockOutputStreamWithFailures" time="46.474">
    <failure message="expected:&lt;5&gt; but was:&lt;6&gt;" type="java.lang.AssertionError"><![CDATA[java.lang.AssertionError: expected:<5> but was:<6>
	at org.junit.Assert.fail(Assert.java:88)
	at org.junit.Assert.failNotEquals(Assert.java:743)
	at org.junit.Assert.assertEquals(Assert.java:118)
	at org.junit.Assert.assertEquals(Assert.java:555)
	at org.junit.Assert.assertEquals(Assert.java:542)
	at org.apache.hadoop.ozone.client.rpc.TestBlockOutputStreamWithFailures.test2DatanodesFailure(TestBlockOutputStreamWithFailures.java:467)
	at sun.reflect.NativeMethodAccessorImpl.invoke0(Native Method)
	at sun.reflect.NativeMethodAccessorImpl.invoke(NativeMethodAccessorImpl.java:62)
	at sun.reflect.DelegatingMethodAccessorImpl.invoke(DelegatingMethodAccessorImpl.java:43)
	at java.lang.reflect.Method.invoke(Method.java:498)
	at org.junit.runners.model.FrameworkMethod$1.runReflectiveCall(FrameworkMethod.java:47)
	at org.junit.internal.runners.model.ReflectiveCallable.run(ReflectiveCallable.java:12)
	at org.junit.runners.model.FrameworkMethod.invokeExplosively(FrameworkMethod.java:44)
	at org.junit.internal.runners.statements.InvokeMethod.evaluate(InvokeMethod.java:17)
	at org.junit.internal.runners.statements.RunBefores.evaluate(RunBefores.java:26)
	at org.junit.internal.runners.statements.RunAfters.evaluate(RunAfters.java:27)
	at org.junit.runners.ParentRunner.runLeaf(ParentRunner.java:271)
	at org.junit.runners.BlockJUnit4ClassRunner.runChild(BlockJUnit4ClassRunner.java:70)
	at org.junit.runners.BlockJUnit4ClassRunner.runChild(BlockJUnit4ClassRunner.java:50)
	at org.junit.runners.ParentRunner$3.run(ParentRunner.java:238)
	at org.junit.runners.ParentRunner$1.schedule(ParentRunner.java:63)
	at org.junit.runners.ParentRunner.runChildren(ParentRunner.java:236)
	at org.junit.runners.ParentRunner.access$000(ParentRunner.java:53)
	at org.junit.runners.ParentRunner$2.evaluate(ParentRunner.java:229)
	at org.junit.runners.ParentRunner.run(ParentRunner.java:309)
	at org.apache.maven.surefire.junit4.JUnit4Provider.execute(JUnit4Provider.java:365)
	at org.apache.maven.surefire.junit4.JUnit4Provider.executeWithRerun(JUnit4Provider.java:273)
	at org.apache.maven.surefire.junit4.JUnit4Provider.executeTestSet(JUnit4Provider.java:238)
	at org.apache.maven.surefire.junit4.JUnit4Provider.invoke(JUnit4Provider.java:159)
	at org.apache.maven.surefire.booter.ForkedBooter.invokeProviderInSameClassLoader(ForkedBooter.java:384)
	at org.apache.maven.surefire.booter.ForkedBooter.runSuitesInProcess(ForkedBooter.java:345)
	at org.apache.maven.surefire.booter.ForkedBooter.execute(ForkedBooter.java:126)
	at org.apache.maven.surefire.booter.ForkedBooter.main(ForkedBooter.java:418)
]]></failure>
    <system-out><![CDATA[2019-07-29 15:12:42,808 WARN  server.ServerUtils (ServerUtils.java:getScmDbDir(145)) - ozone.scm.db.dirs is not configured. We recommend adding this setting. Falling back to ozone.metadata.dirs instead.
2019-07-29 15:12:42,910 WARN  server.ServerUtils (ServerUtils.java:getScmDbDir(145)) - ozone.scm.db.dirs is not configured. We recommend adding this setting. Falling back to ozone.metadata.dirs instead.
2019-07-29 15:12:42,912 WARN  server.ServerUtils (ServerUtils.java:getScmDbDir(145)) - ozone.scm.db.dirs is not configured. We recommend adding this setting. Falling back to ozone.metadata.dirs instead.
2019-07-29 15:12:42,925 INFO  util.log (Log.java:initialized(192)) - Logging initialized @824ms
2019-07-29 15:12:43,006 INFO  db.DBStoreBuilder (DBStoreBuilder.java:addTable(110)) - using custom profile for table: deletedBlocks
2019-07-29 15:12:43,006 INFO  db.DBStoreBuilder (DBStoreBuilder.java:processTables(161)) - Using default column profile:DBProfile.DISK for Table:deletedBlocks
2019-07-29 15:12:43,007 INFO  db.DBStoreBuilder (DBStoreBuilder.java:addTable(110)) - using custom profile for table: validCerts
2019-07-29 15:12:43,007 INFO  db.DBStoreBuilder (DBStoreBuilder.java:processTables(161)) - Using default column profile:DBProfile.DISK for Table:validCerts
2019-07-29 15:12:43,007 INFO  db.DBStoreBuilder (DBStoreBuilder.java:addTable(110)) - using custom profile for table: revokedCerts
2019-07-29 15:12:43,007 INFO  db.DBStoreBuilder (DBStoreBuilder.java:processTables(161)) - Using default column profile:DBProfile.DISK for Table:revokedCerts
2019-07-29 15:12:43,017 INFO  db.DBStoreBuilder (DBStoreBuilder.java:addTable(110)) - using custom profile for table: default
2019-07-29 15:12:43,017 INFO  db.DBStoreBuilder (DBStoreBuilder.java:processTables(167)) - Using default column profile:DBProfile.DISK for Table:default
2019-07-29 15:12:43,018 INFO  db.DBStoreBuilder (DBStoreBuilder.java:getDbProfile(198)) - Using default options. DBProfile.DISK
2019-07-29 15:12:43,212 INFO  net.NodeSchemaLoader (NodeSchemaLoader.java:loadSchemaFromFile(125)) - Loading file from sun.misc.CompoundEnumeration@7714e963
2019-07-29 15:12:43,214 INFO  net.NodeSchemaLoader (NodeSchemaLoader.java:loadSchema(171)) - Loading network topology layer schema file
2019-07-29 15:12:43,271 INFO  node.SCMNodeManager (SCMNodeManager.java:<init>(121)) - Entering startup safe mode.
2019-07-29 15:12:43,340 WARN  server.ServerUtils (ServerUtils.java:getScmDbDir(145)) - ozone.scm.db.dirs is not configured. We recommend adding this setting. Falling back to ozone.metadata.dirs instead.
2019-07-29 15:12:43,414 INFO  pipeline.SCMPipelineManager (SCMPipelineManager.java:initializePipelineState(126)) - No pipeline exists in current db
2019-07-29 15:12:43,416 WARN  server.ServerUtils (ServerUtils.java:getScmDbDir(145)) - ozone.scm.db.dirs is not configured. We recommend adding this setting. Falling back to ozone.metadata.dirs instead.
2019-07-29 15:12:43,538 WARN  events.EventQueue (EventQueue.java:fireEvent(175)) - No event handler registered for event TypedEvent{payloadType=SafeModeStatus, name='SafeModeStatus'}
2019-07-29 15:12:43,870 INFO  ipc.CallQueueManager (CallQueueManager.java:<init>(84)) - Using callQueue: class java.util.concurrent.LinkedBlockingQueue, queueCapacity: 2000, scheduler: class org.apache.hadoop.ipc.DefaultRpcScheduler, ipcBackoff: false.
2019-07-29 15:12:43,897 INFO  ipc.Server (Server.java:run(1074)) - Starting Socket Reader #1 for port 38830
2019-07-29 15:12:43,919 INFO  ipc.CallQueueManager (CallQueueManager.java:<init>(84)) - Using callQueue: class java.util.concurrent.LinkedBlockingQueue, queueCapacity: 2000, scheduler: class org.apache.hadoop.ipc.DefaultRpcScheduler, ipcBackoff: false.
2019-07-29 15:12:43,920 INFO  ipc.Server (Server.java:run(1074)) - Starting Socket Reader #1 for port 42967
2019-07-29 15:12:43,926 INFO  ipc.CallQueueManager (CallQueueManager.java:<init>(84)) - Using callQueue: class java.util.concurrent.LinkedBlockingQueue, queueCapacity: 2000, scheduler: class org.apache.hadoop.ipc.DefaultRpcScheduler, ipcBackoff: false.
2019-07-29 15:12:43,928 INFO  ipc.Server (Server.java:run(1074)) - Starting Socket Reader #1 for port 35324
2019-07-29 15:12:44,076 INFO  hdfs.DFSUtil (DFSUtil.java:httpServerTemplateForNNAndJN(1641)) - Starting Web-server for scm at: http://0.0.0.0:0
2019-07-29 15:12:44,233 INFO  server.AuthenticationFilter (AuthenticationFilter.java:constructSecretProvider(240)) - Unable to initialize FileSignerSecretProvider, falling back to use random secrets.
2019-07-29 15:12:44,240 WARN  http.HttpRequestLog (HttpRequestLog.java:getRequestLog(97)) - Jetty request log can only be enabled using Log4j
2019-07-29 15:12:44,248 INFO  http.HttpServer2 (HttpServer2.java:addGlobalFilter(975)) - Added global filter 'safety' (class=org.apache.hadoop.http.HttpServer2$QuotingInputFilter)
2019-07-29 15:12:44,251 INFO  http.HttpServer2 (HttpServer2.java:addFilter(948)) - Added filter static_user_filter (class=org.apache.hadoop.http.lib.StaticUserWebFilter$StaticUserFilter) to context scm
2019-07-29 15:12:44,251 INFO  http.HttpServer2 (HttpServer2.java:addFilter(958)) - Added filter static_user_filter (class=org.apache.hadoop.http.lib.StaticUserWebFilter$StaticUserFilter) to context logs
2019-07-29 15:12:44,251 INFO  http.HttpServer2 (HttpServer2.java:addFilter(958)) - Added filter static_user_filter (class=org.apache.hadoop.http.lib.StaticUserWebFilter$StaticUserFilter) to context static
2019-07-29 15:12:44,277 INFO  server.StorageContainerManager (StorageContainerManager.java:start(758)) - StorageContainerLocationProtocol RPC server is listening at /0.0.0.0:35324
2019-07-29 15:12:44,333 WARN  impl.MetricsConfig (MetricsConfig.java:loadFirst(134)) - Cannot locate configuration: tried hadoop-metrics2-storagecontainermanager.properties,hadoop-metrics2.properties
2019-07-29 15:12:44,345 INFO  impl.MetricsSystemImpl (MetricsSystemImpl.java:startTimer(374)) - Scheduled Metric snapshot period at 10 second(s).
2019-07-29 15:12:44,346 INFO  impl.MetricsSystemImpl (MetricsSystemImpl.java:start(191)) - StorageContainerManager metrics system started
2019-07-29 15:12:44,563 INFO  server.SCMClientProtocolServer (SCMClientProtocolServer.java:start(151)) - RPC server for Client  is listening at /0.0.0.0:35324
2019-07-29 15:12:44,564 INFO  ipc.Server (Server.java:run(1314)) - IPC Server Responder: starting
2019-07-29 15:12:44,564 INFO  ipc.Server (Server.java:run(1153)) - IPC Server listener on 35324: starting
2019-07-29 15:12:44,569 INFO  server.StorageContainerManager (StorageContainerManager.java:start(768)) - ScmBlockLocationProtocol RPC server is listening at /0.0.0.0:42967
2019-07-29 15:12:44,569 INFO  server.SCMBlockProtocolServer (SCMBlockProtocolServer.java:start(140)) - RPC server for Block Protocol is listening at /0.0.0.0:42967
2019-07-29 15:12:44,570 INFO  ipc.Server (Server.java:run(1314)) - IPC Server Responder: starting
2019-07-29 15:12:44,570 INFO  ipc.Server (Server.java:run(1153)) - IPC Server listener on 42967: starting
2019-07-29 15:12:44,578 INFO  server.StorageContainerManager (StorageContainerManager.java:start(772)) - ScmDatanodeProtocl RPC server is listening at /0.0.0.0:38830
2019-07-29 15:12:44,578 INFO  server.SCMDatanodeProtocolServer (SCMDatanodeProtocolServer.java:start(191)) - RPC server for DataNodes is listening at /0.0.0.0:38830
2019-07-29 15:12:44,580 INFO  ipc.Server (Server.java:run(1314)) - IPC Server Responder: starting
2019-07-29 15:12:44,580 INFO  ipc.Server (Server.java:run(1153)) - IPC Server listener on 38830: starting
2019-07-29 15:12:44,593 INFO  http.HttpServer2 (HttpServer2.java:bindListener(1191)) - Jetty bound to port 35555
2019-07-29 15:12:44,595 INFO  server.Server (Server.java:doStart(351)) - jetty-9.3.24.v20180605, build timestamp: 2018-06-05T17:11:56Z, git hash: 84205aa28f11a4f31f2a3b86d1bba2cc8ab69827
2019-07-29 15:12:44,634 INFO  handler.ContextHandler (ContextHandler.java:doStart(781)) - Started o.e.j.s.ServletContextHandler@76012793{/logs,file:///workdir/hadoop-ozone/integration-test/target/log,AVAILABLE}
2019-07-29 15:12:44,635 INFO  handler.ContextHandler (ContextHandler.java:doStart(781)) - Started o.e.j.s.ServletContextHandler@79d94571{/static,file:///workdir/hadoop-ozone/integration-test/target/test-classes/webapps/static,AVAILABLE}
2019-07-29 15:12:44,666 INFO  handler.ContextHandler (ContextHandler.java:doStart(781)) - Started o.e.j.w.WebAppContext@15a902e7{/,file:///workdir/hadoop-ozone/integration-test/target/test-classes/webapps/scm/,AVAILABLE}{/scm}
2019-07-29 15:12:44,671 INFO  server.AbstractConnector (AbstractConnector.java:doStart(278)) - Started ServerConnector@2416a51{HTTP/1.1,[http/1.1]}{0.0.0.0:35555}
2019-07-29 15:12:44,672 INFO  server.Server (Server.java:doStart(419)) - Started @2571ms
2019-07-29 15:12:44,673 INFO  server.BaseHttpServer (BaseHttpServer.java:updateConnectorAddress(207)) - HTTP server of SCM is listening at http://0.0.0.0:35555
2019-07-29 15:12:44,679 INFO  util.JvmPauseMonitor (JvmPauseMonitor.java:run(188)) - Starting JVM pause monitor
2019-07-29 15:12:44,680 WARN  server.ServerUtils (ServerUtils.java:getDBPath(222)) - ozone.om.db.dirs is not configured. We recommend adding this setting. Falling back to ozone.metadata.dirs instead.
2019-07-29 15:12:44,775 WARN  server.ServerUtils (ServerUtils.java:getDBPath(222)) - ozone.om.db.dirs is not configured. We recommend adding this setting. Falling back to ozone.metadata.dirs instead.
2019-07-29 15:12:44,776 WARN  server.ServerUtils (ServerUtils.java:getDBPath(222)) - ozone.om.db.dirs is not configured. We recommend adding this setting. Falling back to ozone.metadata.dirs instead.
2019-07-29 15:12:44,777 INFO  om.OzoneManager (OzoneManager.java:setOMNodeDetails(644)) - OM Service ID is not set. Setting it to the default ID: omServiceIdDefault
2019-07-29 15:12:44,777 INFO  om.OzoneManager (OzoneManager.java:setOMNodeDetails(650)) - OM Node ID is not set. Setting it to the OmStorage's OmID: 060e302f-7485-4281-8015-38a98eec4a57
2019-07-29 15:12:44,778 INFO  om.OzoneManager (OzoneManager.java:loadOMHAConfigs(601)) - Found matching OM address with OMServiceId: null, OMNodeId: null, RPC Address: localhost:0 and Ratis port: 9872
2019-07-29 15:12:45,389 WARN  server.ServerUtils (ServerUtils.java:getDBPath(222)) - ozone.om.db.dirs is not configured. We recommend adding this setting. Falling back to ozone.metadata.dirs instead.
2019-07-29 15:12:45,394 INFO  db.DBStoreBuilder (DBStoreBuilder.java:addTable(110)) - using custom profile for table: userTable
2019-07-29 15:12:45,394 INFO  db.DBStoreBuilder (DBStoreBuilder.java:processTables(161)) - Using default column profile:DBProfile.DISK for Table:userTable
2019-07-29 15:12:45,395 INFO  db.DBStoreBuilder (DBStoreBuilder.java:addTable(110)) - using custom profile for table: volumeTable
2019-07-29 15:12:45,395 INFO  db.DBStoreBuilder (DBStoreBuilder.java:processTables(161)) - Using default column profile:DBProfile.DISK for Table:volumeTable
2019-07-29 15:12:45,395 INFO  db.DBStoreBuilder (DBStoreBuilder.java:addTable(110)) - using custom profile for table: bucketTable
2019-07-29 15:12:45,395 INFO  db.DBStoreBuilder (DBStoreBuilder.java:processTables(161)) - Using default column profile:DBProfile.DISK for Table:bucketTable
2019-07-29 15:12:45,395 INFO  db.DBStoreBuilder (DBStoreBuilder.java:addTable(110)) - using custom profile for table: keyTable
2019-07-29 15:12:45,396 INFO  db.DBStoreBuilder (DBStoreBuilder.java:processTables(161)) - Using default column profile:DBProfile.DISK for Table:keyTable
2019-07-29 15:12:45,396 INFO  db.DBStoreBuilder (DBStoreBuilder.java:addTable(110)) - using custom profile for table: deletedTable
2019-07-29 15:12:45,396 INFO  db.DBStoreBuilder (DBStoreBuilder.java:processTables(161)) - Using default column profile:DBProfile.DISK for Table:deletedTable
2019-07-29 15:12:45,396 INFO  db.DBStoreBuilder (DBStoreBuilder.java:addTable(110)) - using custom profile for table: openKeyTable
2019-07-29 15:12:45,396 INFO  db.DBStoreBuilder (DBStoreBuilder.java:processTables(161)) - Using default column profile:DBProfile.DISK for Table:openKeyTable
2019-07-29 15:12:45,397 INFO  db.DBStoreBuilder (DBStoreBuilder.java:addTable(110)) - using custom profile for table: s3Table
2019-07-29 15:12:45,397 INFO  db.DBStoreBuilder (DBStoreBuilder.java:processTables(161)) - Using default column profile:DBProfile.DISK for Table:s3Table
2019-07-29 15:12:45,397 INFO  db.DBStoreBuilder (DBStoreBuilder.java:addTable(110)) - using custom profile for table: multipartInfoTable
2019-07-29 15:12:45,397 INFO  db.DBStoreBuilder (DBStoreBuilder.java:processTables(161)) - Using default column profile:DBProfile.DISK for Table:multipartInfoTable
2019-07-29 15:12:45,397 INFO  db.DBStoreBuilder (DBStoreBuilder.java:addTable(110)) - using custom profile for table: dTokenTable
2019-07-29 15:12:45,398 INFO  db.DBStoreBuilder (DBStoreBuilder.java:processTables(161)) - Using default column profile:DBProfile.DISK for Table:dTokenTable
2019-07-29 15:12:45,398 INFO  db.DBStoreBuilder (DBStoreBuilder.java:addTable(110)) - using custom profile for table: s3SecretTable
2019-07-29 15:12:45,398 INFO  db.DBStoreBuilder (DBStoreBuilder.java:processTables(161)) - Using default column profile:DBProfile.DISK for Table:s3SecretTable
2019-07-29 15:12:45,398 INFO  db.DBStoreBuilder (DBStoreBuilder.java:addTable(110)) - using custom profile for table: prefixTable
2019-07-29 15:12:45,398 INFO  db.DBStoreBuilder (DBStoreBuilder.java:processTables(161)) - Using default column profile:DBProfile.DISK for Table:prefixTable
2019-07-29 15:12:45,399 INFO  db.DBStoreBuilder (DBStoreBuilder.java:addTable(110)) - using custom profile for table: default
2019-07-29 15:12:45,399 INFO  db.DBStoreBuilder (DBStoreBuilder.java:processTables(167)) - Using default column profile:DBProfile.DISK for Table:default
2019-07-29 15:12:45,399 INFO  db.DBStoreBuilder (DBStoreBuilder.java:getDbProfile(198)) - Using default options. DBProfile.DISK
2019-07-29 15:12:45,938 INFO  ipc.CallQueueManager (CallQueueManager.java:<init>(84)) - Using callQueue: class java.util.concurrent.LinkedBlockingQueue, queueCapacity: 2000, scheduler: class org.apache.hadoop.ipc.DefaultRpcScheduler, ipcBackoff: false.
2019-07-29 15:12:45,939 INFO  ipc.Server (Server.java:run(1074)) - Starting Socket Reader #1 for port 34900
2019-07-29 15:12:45,958 INFO  om.OzoneManager (OzoneManager.java:start(1255)) - OzoneManager RPC server is listening at localhost/127.0.0.1:34900
2019-07-29 15:12:45,958 INFO  impl.MetricsSystemImpl (MetricsSystemImpl.java:init(158)) - OzoneManager metrics system started (again)
2019-07-29 15:12:45,961 INFO  ipc.Server (Server.java:run(1314)) - IPC Server Responder: starting
2019-07-29 15:12:45,962 INFO  ipc.Server (Server.java:run(1153)) - IPC Server listener on 34900: starting
2019-07-29 15:12:45,976 INFO  hdfs.DFSUtil (DFSUtil.java:httpServerTemplateForNNAndJN(1641)) - Starting Web-server for ozoneManager at: http://0.0.0.0:0
2019-07-29 15:12:45,978 INFO  server.AuthenticationFilter (AuthenticationFilter.java:constructSecretProvider(240)) - Unable to initialize FileSignerSecretProvider, falling back to use random secrets.
2019-07-29 15:12:45,978 WARN  http.HttpRequestLog (HttpRequestLog.java:getRequestLog(97)) - Jetty request log can only be enabled using Log4j
2019-07-29 15:12:45,980 INFO  http.HttpServer2 (HttpServer2.java:addGlobalFilter(975)) - Added global filter 'safety' (class=org.apache.hadoop.http.HttpServer2$QuotingInputFilter)
2019-07-29 15:12:45,981 INFO  http.HttpServer2 (HttpServer2.java:addFilter(948)) - Added filter static_user_filter (class=org.apache.hadoop.http.lib.StaticUserWebFilter$StaticUserFilter) to context ozoneManager
2019-07-29 15:12:45,981 INFO  http.HttpServer2 (HttpServer2.java:addFilter(958)) - Added filter static_user_filter (class=org.apache.hadoop.http.lib.StaticUserWebFilter$StaticUserFilter) to context logs
2019-07-29 15:12:45,982 INFO  http.HttpServer2 (HttpServer2.java:addFilter(958)) - Added filter static_user_filter (class=org.apache.hadoop.http.lib.StaticUserWebFilter$StaticUserFilter) to context static
2019-07-29 15:12:45,983 INFO  http.HttpServer2 (HttpServer2.java:bindListener(1191)) - Jetty bound to port 36803
2019-07-29 15:12:45,983 INFO  server.Server (Server.java:doStart(351)) - jetty-9.3.24.v20180605, build timestamp: 2018-06-05T17:11:56Z, git hash: 84205aa28f11a4f31f2a3b86d1bba2cc8ab69827
2019-07-29 15:12:45,985 INFO  handler.ContextHandler (ContextHandler.java:doStart(781)) - Started o.e.j.s.ServletContextHandler@6e6fce47{/logs,file:///workdir/hadoop-ozone/integration-test/target/log,AVAILABLE}
2019-07-29 15:12:45,986 INFO  handler.ContextHandler (ContextHandler.java:doStart(781)) - Started o.e.j.s.ServletContextHandler@6ce90bc5{/static,file:///workdir/hadoop-ozone/integration-test/target/test-classes/webapps/static,AVAILABLE}
2019-07-29 15:12:45,990 INFO  handler.ContextHandler (ContextHandler.java:doStart(781)) - Started o.e.j.w.WebAppContext@61d01788{/,file:///workdir/hadoop-ozone/integration-test/target/test-classes/webapps/ozoneManager/,AVAILABLE}{/ozoneManager}
2019-07-29 15:12:45,991 INFO  server.AbstractConnector (AbstractConnector.java:doStart(278)) - Started ServerConnector@2b9b7f1f{HTTP/1.1,[http/1.1]}{0.0.0.0:36803}
2019-07-29 15:12:45,991 INFO  server.Server (Server.java:doStart(419)) - Started @3890ms
2019-07-29 15:12:45,992 INFO  server.BaseHttpServer (BaseHttpServer.java:updateConnectorAddress(207)) - HTTP server of OZONEMANAGER is listening at http://0.0.0.0:36803
2019-07-29 15:12:46,304 INFO  impl.MetricsSystemImpl (MetricsSystemImpl.java:init(158)) - HddsDatanode metrics system started (again)
2019-07-29 15:12:46,393 INFO  ozone.HddsDatanodeService (HddsDatanodeService.java:start(184)) - HddsDatanodeService host:byscane-nightly-74r8j-760408800 ip:192.168.157.194
2019-07-29 15:12:46,426 INFO  volume.HddsVolume (HddsVolume.java:<init>(176)) - Creating Volume: /workdir/hadoop-ozone/integration-test/target/test-dir/MiniOzoneClusterImpl-d73583e1-fe53-4975-a2cf-a60db5c49538/datanode-0/data/containers/hdds of  storage type : DISK and capacity : 52710309888
2019-07-29 15:12:46,428 INFO  volume.VolumeSet (VolumeSet.java:initializeVolumeSet(170)) - Added Volume : /workdir/hadoop-ozone/integration-test/target/test-dir/MiniOzoneClusterImpl-d73583e1-fe53-4975-a2cf-a60db5c49538/datanode-0/data/containers/hdds to VolumeSet
2019-07-29 15:12:46,431 INFO  volume.ThrottledAsyncChecker (ThrottledAsyncChecker.java:schedule(140)) - Scheduling a check for org.apache.hadoop.ozone.container.common.volume.HddsVolume@6345e7b9
2019-07-29 15:12:46,448 INFO  volume.HddsVolumeChecker (HddsVolumeChecker.java:checkAllVolumes(203)) - Scheduled health check for volume org.apache.hadoop.ozone.container.common.volume.HddsVolume@6345e7b9
2019-07-29 15:12:46,559 INFO  impl.RaftServerProxy (ConfUtils.java:logGet(43)) - raft.rpc.type = GRPC (default)
2019-07-29 15:12:46,623 INFO  grpc.GrpcFactory (GrpcFactory.java:checkPooledByteBufAllocatorUseCacheForAllThreads(45)) - PERFORMANCE WARNING: useCacheForAllThreads is true that may cause Netty to create a lot garbage objects and, as a result, trigger GC.
	It is recommended to disable useCacheForAllThreads by setting -Dorg.apache.ratis.thirdparty.io.netty.allocator.useCacheForAllThreads=false in command line.
2019-07-29 15:12:46,628 INFO  grpc.GrpcConfigKeys$Server (ConfUtils.java:logGet(43)) - raft.grpc.server.port = 0 (default)
2019-07-29 15:12:46,629 INFO  server.GrpcService (ConfUtils.java:logGet(43)) - raft.grpc.message.size.max = 33570816 (custom)
2019-07-29 15:12:46,630 INFO  server.RaftServerConfigKeys (ConfUtils.java:logGet(43)) - raft.server.log.appender.buffer.byte-limit = 33554432 (custom)
2019-07-29 15:12:46,631 INFO  server.GrpcService (ConfUtils.java:logGet(43)) - raft.grpc.flow.control.window = 1MB (=1048576) (default)
2019-07-29 15:12:46,632 INFO  server.RaftServerConfigKeys (ConfUtils.java:logGet(43)) - raft.server.rpc.request.timeout = 3000ms (default)
2019-07-29 15:12:46,789 INFO  server.RaftServerConfigKeys (ConfUtils.java:logGet(43)) - raft.server.storage.dir = [/workdir/hadoop-ozone/integration-test/target/test-dir/MiniOzoneClusterImpl-d73583e1-fe53-4975-a2cf-a60db5c49538/datanode-0/data/ratis] (custom)
2019-07-29 15:12:46,825 INFO  replication.SimpleContainerDownloader (SimpleContainerDownloader.java:<init>(72)) - Starting container downloader service to copy containers to replicate.
2019-07-29 15:12:46,838 INFO  hdfs.DFSUtil (DFSUtil.java:httpServerTemplateForNNAndJN(1641)) - Starting Web-server for hddsDatanode at: http://0.0.0.0:0
2019-07-29 15:12:46,840 INFO  server.AuthenticationFilter (AuthenticationFilter.java:constructSecretProvider(240)) - Unable to initialize FileSignerSecretProvider, falling back to use random secrets.
2019-07-29 15:12:46,841 WARN  http.HttpRequestLog (HttpRequestLog.java:getRequestLog(97)) - Jetty request log can only be enabled using Log4j
2019-07-29 15:12:46,844 INFO  http.HttpServer2 (HttpServer2.java:addGlobalFilter(975)) - Added global filter 'safety' (class=org.apache.hadoop.http.HttpServer2$QuotingInputFilter)
2019-07-29 15:12:46,846 INFO  http.HttpServer2 (HttpServer2.java:addFilter(948)) - Added filter static_user_filter (class=org.apache.hadoop.http.lib.StaticUserWebFilter$StaticUserFilter) to context hddsDatanode
2019-07-29 15:12:46,846 INFO  http.HttpServer2 (HttpServer2.java:addFilter(958)) - Added filter static_user_filter (class=org.apache.hadoop.http.lib.StaticUserWebFilter$StaticUserFilter) to context static
2019-07-29 15:12:46,846 INFO  http.HttpServer2 (HttpServer2.java:addFilter(958)) - Added filter static_user_filter (class=org.apache.hadoop.http.lib.StaticUserWebFilter$StaticUserFilter) to context logs
2019-07-29 15:12:46,848 INFO  http.HttpServer2 (HttpServer2.java:bindListener(1191)) - Jetty bound to port 40379
2019-07-29 15:12:46,848 INFO  server.Server (Server.java:doStart(351)) - jetty-9.3.24.v20180605, build timestamp: 2018-06-05T17:11:56Z, git hash: 84205aa28f11a4f31f2a3b86d1bba2cc8ab69827
2019-07-29 15:12:46,851 INFO  handler.ContextHandler (ContextHandler.java:doStart(781)) - Started o.e.j.s.ServletContextHandler@42ea287{/logs,file:///workdir/hadoop-ozone/integration-test/target/log,AVAILABLE}
2019-07-29 15:12:46,852 INFO  handler.ContextHandler (ContextHandler.java:doStart(781)) - Started o.e.j.s.ServletContextHandler@1f0b3cfe{/static,jar:file:/home/user/.m2/repository/org/apache/hadoop/hadoop-hdds-container-service/0.4.1-SNAPSHOT/hadoop-hdds-container-service-0.4.1-SNAPSHOT.jar!/webapps/static,AVAILABLE}
2019-07-29 15:12:46,915 INFO  handler.ContextHandler (ContextHandler.java:doStart(781)) - Started o.e.j.w.WebAppContext@dc79225{/,file:///tmp/jetty-0.0.0.0-40379-hddsDatanode-_-any-1954023528548437486.dir/webapp/,AVAILABLE}{/hddsDatanode}
2019-07-29 15:12:46,916 INFO  server.AbstractConnector (AbstractConnector.java:doStart(278)) - Started ServerConnector@30e9ca13{HTTP/1.1,[http/1.1]}{0.0.0.0:40379}
2019-07-29 15:12:46,917 INFO  server.Server (Server.java:doStart(419)) - Started @4815ms
2019-07-29 15:12:46,919 INFO  server.BaseHttpServer (BaseHttpServer.java:updateConnectorAddress(207)) - HTTP server of HDDSDATANODE is listening at http://0.0.0.0:40379
2019-07-29 15:12:48,224 INFO  ozone.HddsDatanodeService (HddsDatanodeService.java:startPlugins(395)) - Started plug-in org.apache.hadoop.ozone.web.OzoneHddsDatanodeService@364fd4ae
2019-07-29 15:12:48,227 INFO  impl.MetricsSystemImpl (MetricsSystemImpl.java:init(158)) - HddsDatanode metrics system started (again)
2019-07-29 15:12:48,232 INFO  ozone.HddsDatanodeService (HddsDatanodeService.java:start(184)) - HddsDatanodeService host:byscane-nightly-74r8j-760408800 ip:192.168.157.194
2019-07-29 15:12:48,235 INFO  util.JvmPauseMonitor (JvmPauseMonitor.java:run(188)) - Starting JVM pause monitor
2019-07-29 15:12:48,244 INFO  volume.HddsVolume (HddsVolume.java:<init>(176)) - Creating Volume: /workdir/hadoop-ozone/integration-test/target/test-dir/MiniOzoneClusterImpl-d73583e1-fe53-4975-a2cf-a60db5c49538/datanode-1/data/containers/hdds of  storage type : DISK and capacity : 52710309888
2019-07-29 15:12:48,245 INFO  volume.VolumeSet (VolumeSet.java:initializeVolumeSet(170)) - Added Volume : /workdir/hadoop-ozone/integration-test/target/test-dir/MiniOzoneClusterImpl-d73583e1-fe53-4975-a2cf-a60db5c49538/datanode-1/data/containers/hdds to VolumeSet
2019-07-29 15:12:48,246 INFO  volume.ThrottledAsyncChecker (ThrottledAsyncChecker.java:schedule(140)) - Scheduling a check for org.apache.hadoop.ozone.container.common.volume.HddsVolume@5c059a68
2019-07-29 15:12:48,247 INFO  volume.HddsVolumeChecker (HddsVolumeChecker.java:checkAllVolumes(203)) - Scheduled health check for volume org.apache.hadoop.ozone.container.common.volume.HddsVolume@5c059a68
2019-07-29 15:12:48,270 INFO  impl.RaftServerProxy (ConfUtils.java:logGet(43)) - raft.rpc.type = GRPC (default)
2019-07-29 15:12:48,270 INFO  grpc.GrpcFactory (GrpcFactory.java:checkPooledByteBufAllocatorUseCacheForAllThreads(45)) - PERFORMANCE WARNING: useCacheForAllThreads is true that may cause Netty to create a lot garbage objects and, as a result, trigger GC.
	It is recommended to disable useCacheForAllThreads by setting -Dorg.apache.ratis.thirdparty.io.netty.allocator.useCacheForAllThreads=false in command line.
2019-07-29 15:12:48,270 INFO  grpc.GrpcConfigKeys$Server (ConfUtils.java:logGet(43)) - raft.grpc.server.port = 0 (default)
2019-07-29 15:12:48,271 INFO  server.GrpcService (ConfUtils.java:logGet(43)) - raft.grpc.message.size.max = 33570816 (custom)
2019-07-29 15:12:48,271 INFO  server.RaftServerConfigKeys (ConfUtils.java:logGet(43)) - raft.server.log.appender.buffer.byte-limit = 33554432 (custom)
2019-07-29 15:12:48,271 INFO  server.GrpcService (ConfUtils.java:logGet(43)) - raft.grpc.flow.control.window = 1MB (=1048576) (default)
2019-07-29 15:12:48,272 INFO  server.RaftServerConfigKeys (ConfUtils.java:logGet(43)) - raft.server.rpc.request.timeout = 3000ms (default)
2019-07-29 15:12:48,273 INFO  server.RaftServerConfigKeys (ConfUtils.java:logGet(43)) - raft.server.storage.dir = [/workdir/hadoop-ozone/integration-test/target/test-dir/MiniOzoneClusterImpl-d73583e1-fe53-4975-a2cf-a60db5c49538/datanode-1/data/ratis] (custom)
2019-07-29 15:12:48,275 INFO  replication.SimpleContainerDownloader (SimpleContainerDownloader.java:<init>(72)) - Starting container downloader service to copy containers to replicate.
2019-07-29 15:12:48,277 INFO  hdfs.DFSUtil (DFSUtil.java:httpServerTemplateForNNAndJN(1641)) - Starting Web-server for hddsDatanode at: http://0.0.0.0:0
2019-07-29 15:12:48,280 INFO  server.AuthenticationFilter (AuthenticationFilter.java:constructSecretProvider(240)) - Unable to initialize FileSignerSecretProvider, falling back to use random secrets.
2019-07-29 15:12:48,281 WARN  http.HttpRequestLog (HttpRequestLog.java:getRequestLog(97)) - Jetty request log can only be enabled using Log4j
2019-07-29 15:12:48,283 INFO  http.HttpServer2 (HttpServer2.java:addGlobalFilter(975)) - Added global filter 'safety' (class=org.apache.hadoop.http.HttpServer2$QuotingInputFilter)
2019-07-29 15:12:48,284 INFO  http.HttpServer2 (HttpServer2.java:addFilter(948)) - Added filter static_user_filter (class=org.apache.hadoop.http.lib.StaticUserWebFilter$StaticUserFilter) to context hddsDatanode
2019-07-29 15:12:48,284 INFO  http.HttpServer2 (HttpServer2.java:addFilter(958)) - Added filter static_user_filter (class=org.apache.hadoop.http.lib.StaticUserWebFilter$StaticUserFilter) to context logs
2019-07-29 15:12:48,285 INFO  http.HttpServer2 (HttpServer2.java:addFilter(958)) - Added filter static_user_filter (class=org.apache.hadoop.http.lib.StaticUserWebFilter$StaticUserFilter) to context static
2019-07-29 15:12:48,286 INFO  http.HttpServer2 (HttpServer2.java:bindListener(1191)) - Jetty bound to port 39600
2019-07-29 15:12:48,286 INFO  server.Server (Server.java:doStart(351)) - jetty-9.3.24.v20180605, build timestamp: 2018-06-05T17:11:56Z, git hash: 84205aa28f11a4f31f2a3b86d1bba2cc8ab69827
2019-07-29 15:12:48,289 INFO  handler.ContextHandler (ContextHandler.java:doStart(781)) - Started o.e.j.s.ServletContextHandler@515b9d4a{/logs,file:///workdir/hadoop-ozone/integration-test/target/log,AVAILABLE}
2019-07-29 15:12:48,290 INFO  handler.ContextHandler (ContextHandler.java:doStart(781)) - Started o.e.j.s.ServletContextHandler@32a4ecbe{/static,jar:file:/home/user/.m2/repository/org/apache/hadoop/hadoop-hdds-container-service/0.4.1-SNAPSHOT/hadoop-hdds-container-service-0.4.1-SNAPSHOT.jar!/webapps/static,AVAILABLE}
2019-07-29 15:12:48,324 INFO  handler.ContextHandler (ContextHandler.java:doStart(781)) - Started o.e.j.w.WebAppContext@747835f5{/,file:///tmp/jetty-0.0.0.0-39600-hddsDatanode-_-any-2897444787088759504.dir/webapp/,AVAILABLE}{/hddsDatanode}
2019-07-29 15:12:48,325 INFO  server.AbstractConnector (AbstractConnector.java:doStart(278)) - Started ServerConnector@594131f2{HTTP/1.1,[http/1.1]}{0.0.0.0:39600}
2019-07-29 15:12:48,327 INFO  server.Server (Server.java:doStart(419)) - Started @6226ms
2019-07-29 15:12:48,328 INFO  server.BaseHttpServer (BaseHttpServer.java:updateConnectorAddress(207)) - HTTP server of HDDSDATANODE is listening at http://0.0.0.0:39600
2019-07-29 15:12:48,373 INFO  datanode.InitDatanodeState (InitDatanodeState.java:persistContainerDatanodeDetails(140)) - DatanodeDetails is persisted to /workdir/hadoop-ozone/integration-test/target/test-dir/MiniOzoneClusterImpl-d73583e1-fe53-4975-a2cf-a60db5c49538/datanode-0/meta/datanode.id
2019-07-29 15:12:48,498 INFO  ozone.HddsDatanodeService (HddsDatanodeService.java:startPlugins(395)) - Started plug-in org.apache.hadoop.ozone.web.OzoneHddsDatanodeService@20d19f2c
2019-07-29 15:12:48,499 INFO  impl.MetricsSystemImpl (MetricsSystemImpl.java:init(158)) - HddsDatanode metrics system started (again)
2019-07-29 15:12:48,502 INFO  util.JvmPauseMonitor (JvmPauseMonitor.java:run(188)) - Starting JVM pause monitor
2019-07-29 15:12:48,502 INFO  ozone.HddsDatanodeService (HddsDatanodeService.java:start(184)) - HddsDatanodeService host:byscane-nightly-74r8j-760408800 ip:192.168.157.194
2019-07-29 15:12:48,508 INFO  datanode.InitDatanodeState (InitDatanodeState.java:persistContainerDatanodeDetails(140)) - DatanodeDetails is persisted to /workdir/hadoop-ozone/integration-test/target/test-dir/MiniOzoneClusterImpl-d73583e1-fe53-4975-a2cf-a60db5c49538/datanode-1/meta/datanode.id
2019-07-29 15:12:48,515 INFO  volume.HddsVolume (HddsVolume.java:<init>(176)) - Creating Volume: /workdir/hadoop-ozone/integration-test/target/test-dir/MiniOzoneClusterImpl-d73583e1-fe53-4975-a2cf-a60db5c49538/datanode-2/data/containers/hdds of  storage type : DISK and capacity : 52710309888
2019-07-29 15:12:48,515 INFO  volume.VolumeSet (VolumeSet.java:initializeVolumeSet(170)) - Added Volume : /workdir/hadoop-ozone/integration-test/target/test-dir/MiniOzoneClusterImpl-d73583e1-fe53-4975-a2cf-a60db5c49538/datanode-2/data/containers/hdds to VolumeSet
2019-07-29 15:12:48,516 INFO  volume.ThrottledAsyncChecker (ThrottledAsyncChecker.java:schedule(140)) - Scheduling a check for org.apache.hadoop.ozone.container.common.volume.HddsVolume@7cff3f1d
2019-07-29 15:12:48,517 INFO  volume.HddsVolumeChecker (HddsVolumeChecker.java:checkAllVolumes(203)) - Scheduled health check for volume org.apache.hadoop.ozone.container.common.volume.HddsVolume@7cff3f1d
2019-07-29 15:12:48,538 INFO  impl.RaftServerProxy (ConfUtils.java:logGet(43)) - raft.rpc.type = GRPC (default)
2019-07-29 15:12:48,539 INFO  grpc.GrpcFactory (GrpcFactory.java:checkPooledByteBufAllocatorUseCacheForAllThreads(45)) - PERFORMANCE WARNING: useCacheForAllThreads is true that may cause Netty to create a lot garbage objects and, as a result, trigger GC.
	It is recommended to disable useCacheForAllThreads by setting -Dorg.apache.ratis.thirdparty.io.netty.allocator.useCacheForAllThreads=false in command line.
2019-07-29 15:12:48,539 INFO  grpc.GrpcConfigKeys$Server (ConfUtils.java:logGet(43)) - raft.grpc.server.port = 0 (default)
2019-07-29 15:12:48,540 INFO  server.GrpcService (ConfUtils.java:logGet(43)) - raft.grpc.message.size.max = 33570816 (custom)
2019-07-29 15:12:48,540 INFO  server.RaftServerConfigKeys (ConfUtils.java:logGet(43)) - raft.server.log.appender.buffer.byte-limit = 33554432 (custom)
2019-07-29 15:12:48,540 INFO  server.GrpcService (ConfUtils.java:logGet(43)) - raft.grpc.flow.control.window = 1MB (=1048576) (default)
2019-07-29 15:12:48,541 INFO  server.RaftServerConfigKeys (ConfUtils.java:logGet(43)) - raft.server.rpc.request.timeout = 3000ms (default)
2019-07-29 15:12:48,541 INFO  server.RaftServerConfigKeys (ConfUtils.java:logGet(43)) - raft.server.storage.dir = [/workdir/hadoop-ozone/integration-test/target/test-dir/MiniOzoneClusterImpl-d73583e1-fe53-4975-a2cf-a60db5c49538/datanode-2/data/ratis] (custom)
2019-07-29 15:12:48,543 INFO  replication.SimpleContainerDownloader (SimpleContainerDownloader.java:<init>(72)) - Starting container downloader service to copy containers to replicate.
2019-07-29 15:12:48,546 INFO  hdfs.DFSUtil (DFSUtil.java:httpServerTemplateForNNAndJN(1641)) - Starting Web-server for hddsDatanode at: http://0.0.0.0:0
2019-07-29 15:12:48,551 INFO  server.AuthenticationFilter (AuthenticationFilter.java:constructSecretProvider(240)) - Unable to initialize FileSignerSecretProvider, falling back to use random secrets.
2019-07-29 15:12:48,551 WARN  http.HttpRequestLog (HttpRequestLog.java:getRequestLog(97)) - Jetty request log can only be enabled using Log4j
2019-07-29 15:12:48,553 INFO  http.HttpServer2 (HttpServer2.java:addGlobalFilter(975)) - Added global filter 'safety' (class=org.apache.hadoop.http.HttpServer2$QuotingInputFilter)
2019-07-29 15:12:48,554 INFO  http.HttpServer2 (HttpServer2.java:addFilter(948)) - Added filter static_user_filter (class=org.apache.hadoop.http.lib.StaticUserWebFilter$StaticUserFilter) to context hddsDatanode
2019-07-29 15:12:48,554 INFO  http.HttpServer2 (HttpServer2.java:addFilter(958)) - Added filter static_user_filter (class=org.apache.hadoop.http.lib.StaticUserWebFilter$StaticUserFilter) to context logs
2019-07-29 15:12:48,555 INFO  http.HttpServer2 (HttpServer2.java:addFilter(958)) - Added filter static_user_filter (class=org.apache.hadoop.http.lib.StaticUserWebFilter$StaticUserFilter) to context static
2019-07-29 15:12:48,556 INFO  http.HttpServer2 (HttpServer2.java:bindListener(1191)) - Jetty bound to port 39433
2019-07-29 15:12:48,556 INFO  server.Server (Server.java:doStart(351)) - jetty-9.3.24.v20180605, build timestamp: 2018-06-05T17:11:56Z, git hash: 84205aa28f11a4f31f2a3b86d1bba2cc8ab69827
2019-07-29 15:12:48,560 INFO  handler.ContextHandler (ContextHandler.java:doStart(781)) - Started o.e.j.s.ServletContextHandler@7b351446{/logs,file:///workdir/hadoop-ozone/integration-test/target/log,AVAILABLE}
2019-07-29 15:12:48,561 INFO  handler.ContextHandler (ContextHandler.java:doStart(781)) - Started o.e.j.s.ServletContextHandler@a1691c0{/static,jar:file:/home/user/.m2/repository/org/apache/hadoop/hadoop-hdds-container-service/0.4.1-SNAPSHOT/hadoop-hdds-container-service-0.4.1-SNAPSHOT.jar!/webapps/static,AVAILABLE}
2019-07-29 15:12:48,599 INFO  handler.ContextHandler (ContextHandler.java:doStart(781)) - Started o.e.j.w.WebAppContext@37e0056e{/,file:///tmp/jetty-0.0.0.0-39433-hddsDatanode-_-any-5187422878890349161.dir/webapp/,AVAILABLE}{/hddsDatanode}
2019-07-29 15:12:48,599 INFO  server.AbstractConnector (AbstractConnector.java:doStart(278)) - Started ServerConnector@415795f3{HTTP/1.1,[http/1.1]}{0.0.0.0:39433}
2019-07-29 15:12:48,600 INFO  server.Server (Server.java:doStart(419)) - Started @6499ms
2019-07-29 15:12:48,602 INFO  server.BaseHttpServer (BaseHttpServer.java:updateConnectorAddress(207)) - HTTP server of HDDSDATANODE is listening at http://0.0.0.0:39433
2019-07-29 15:12:48,763 INFO  ozone.HddsDatanodeService (HddsDatanodeService.java:startPlugins(395)) - Started plug-in org.apache.hadoop.ozone.web.OzoneHddsDatanodeService@4702e7a5
2019-07-29 15:12:48,763 INFO  impl.MetricsSystemImpl (MetricsSystemImpl.java:init(158)) - HddsDatanode metrics system started (again)
2019-07-29 15:12:48,766 INFO  ozone.HddsDatanodeService (HddsDatanodeService.java:start(184)) - HddsDatanodeService host:byscane-nightly-74r8j-760408800 ip:192.168.157.194
2019-07-29 15:12:48,767 INFO  util.JvmPauseMonitor (JvmPauseMonitor.java:run(188)) - Starting JVM pause monitor
2019-07-29 15:12:48,770 INFO  datanode.InitDatanodeState (InitDatanodeState.java:persistContainerDatanodeDetails(140)) - DatanodeDetails is persisted to /workdir/hadoop-ozone/integration-test/target/test-dir/MiniOzoneClusterImpl-d73583e1-fe53-4975-a2cf-a60db5c49538/datanode-2/meta/datanode.id
2019-07-29 15:12:48,775 INFO  volume.HddsVolume (HddsVolume.java:<init>(176)) - Creating Volume: /workdir/hadoop-ozone/integration-test/target/test-dir/MiniOzoneClusterImpl-d73583e1-fe53-4975-a2cf-a60db5c49538/datanode-3/data/containers/hdds of  storage type : DISK and capacity : 52710309888
2019-07-29 15:12:48,776 INFO  volume.VolumeSet (VolumeSet.java:initializeVolumeSet(170)) - Added Volume : /workdir/hadoop-ozone/integration-test/target/test-dir/MiniOzoneClusterImpl-d73583e1-fe53-4975-a2cf-a60db5c49538/datanode-3/data/containers/hdds to VolumeSet
2019-07-29 15:12:48,776 INFO  volume.ThrottledAsyncChecker (ThrottledAsyncChecker.java:schedule(140)) - Scheduling a check for org.apache.hadoop.ozone.container.common.volume.HddsVolume@49580ca8
2019-07-29 15:12:48,777 INFO  volume.HddsVolumeChecker (HddsVolumeChecker.java:checkAllVolumes(203)) - Scheduled health check for volume org.apache.hadoop.ozone.container.common.volume.HddsVolume@49580ca8
2019-07-29 15:12:48,788 INFO  impl.RaftServerProxy (ConfUtils.java:logGet(43)) - raft.rpc.type = GRPC (default)
2019-07-29 15:12:48,788 INFO  grpc.GrpcFactory (GrpcFactory.java:checkPooledByteBufAllocatorUseCacheForAllThreads(45)) - PERFORMANCE WARNING: useCacheForAllThreads is true that may cause Netty to create a lot garbage objects and, as a result, trigger GC.
	It is recommended to disable useCacheForAllThreads by setting -Dorg.apache.ratis.thirdparty.io.netty.allocator.useCacheForAllThreads=false in command line.
2019-07-29 15:12:48,789 INFO  grpc.GrpcConfigKeys$Server (ConfUtils.java:logGet(43)) - raft.grpc.server.port = 0 (default)
2019-07-29 15:12:48,789 INFO  server.GrpcService (ConfUtils.java:logGet(43)) - raft.grpc.message.size.max = 33570816 (custom)
2019-07-29 15:12:48,789 INFO  server.RaftServerConfigKeys (ConfUtils.java:logGet(43)) - raft.server.log.appender.buffer.byte-limit = 33554432 (custom)
2019-07-29 15:12:48,789 INFO  server.GrpcService (ConfUtils.java:logGet(43)) - raft.grpc.flow.control.window = 1MB (=1048576) (default)
2019-07-29 15:12:48,789 INFO  server.RaftServerConfigKeys (ConfUtils.java:logGet(43)) - raft.server.rpc.request.timeout = 3000ms (default)
2019-07-29 15:12:48,790 INFO  server.RaftServerConfigKeys (ConfUtils.java:logGet(43)) - raft.server.storage.dir = [/workdir/hadoop-ozone/integration-test/target/test-dir/MiniOzoneClusterImpl-d73583e1-fe53-4975-a2cf-a60db5c49538/datanode-3/data/ratis] (custom)
2019-07-29 15:12:48,790 INFO  replication.SimpleContainerDownloader (SimpleContainerDownloader.java:<init>(72)) - Starting container downloader service to copy containers to replicate.
2019-07-29 15:12:48,791 INFO  hdfs.DFSUtil (DFSUtil.java:httpServerTemplateForNNAndJN(1641)) - Starting Web-server for hddsDatanode at: http://0.0.0.0:0
2019-07-29 15:12:48,792 INFO  server.AuthenticationFilter (AuthenticationFilter.java:constructSecretProvider(240)) - Unable to initialize FileSignerSecretProvider, falling back to use random secrets.
2019-07-29 15:12:48,793 WARN  http.HttpRequestLog (HttpRequestLog.java:getRequestLog(97)) - Jetty request log can only be enabled using Log4j
2019-07-29 15:12:48,794 INFO  http.HttpServer2 (HttpServer2.java:addGlobalFilter(975)) - Added global filter 'safety' (class=org.apache.hadoop.http.HttpServer2$QuotingInputFilter)
2019-07-29 15:12:48,794 INFO  http.HttpServer2 (HttpServer2.java:addFilter(948)) - Added filter static_user_filter (class=org.apache.hadoop.http.lib.StaticUserWebFilter$StaticUserFilter) to context hddsDatanode
2019-07-29 15:12:48,794 INFO  http.HttpServer2 (HttpServer2.java:addFilter(958)) - Added filter static_user_filter (class=org.apache.hadoop.http.lib.StaticUserWebFilter$StaticUserFilter) to context static
2019-07-29 15:12:48,794 INFO  http.HttpServer2 (HttpServer2.java:addFilter(958)) - Added filter static_user_filter (class=org.apache.hadoop.http.lib.StaticUserWebFilter$StaticUserFilter) to context logs
2019-07-29 15:12:48,795 INFO  http.HttpServer2 (HttpServer2.java:bindListener(1191)) - Jetty bound to port 34527
2019-07-29 15:12:48,795 INFO  server.Server (Server.java:doStart(351)) - jetty-9.3.24.v20180605, build timestamp: 2018-06-05T17:11:56Z, git hash: 84205aa28f11a4f31f2a3b86d1bba2cc8ab69827
2019-07-29 15:12:48,798 INFO  handler.ContextHandler (ContextHandler.java:doStart(781)) - Started o.e.j.s.ServletContextHandler@5b29ab61{/logs,file:///workdir/hadoop-ozone/integration-test/target/log,AVAILABLE}
2019-07-29 15:12:48,798 INFO  handler.ContextHandler (ContextHandler.java:doStart(781)) - Started o.e.j.s.ServletContextHandler@1e1e837d{/static,jar:file:/home/user/.m2/repository/org/apache/hadoop/hadoop-hdds-container-service/0.4.1-SNAPSHOT/hadoop-hdds-container-service-0.4.1-SNAPSHOT.jar!/webapps/static,AVAILABLE}
2019-07-29 15:12:48,820 INFO  handler.ContextHandler (ContextHandler.java:doStart(781)) - Started o.e.j.w.WebAppContext@33d7765a{/,file:///tmp/jetty-0.0.0.0-34527-hddsDatanode-_-any-4046769808413003927.dir/webapp/,AVAILABLE}{/hddsDatanode}
2019-07-29 15:12:48,820 INFO  server.AbstractConnector (AbstractConnector.java:doStart(278)) - Started ServerConnector@69ed5ea2{HTTP/1.1,[http/1.1]}{0.0.0.0:34527}
2019-07-29 15:12:48,821 INFO  server.Server (Server.java:doStart(419)) - Started @6720ms
2019-07-29 15:12:48,822 INFO  server.BaseHttpServer (BaseHttpServer.java:updateConnectorAddress(207)) - HTTP server of HDDSDATANODE is listening at http://0.0.0.0:34527
2019-07-29 15:12:48,928 INFO  ozone.HddsDatanodeService (HddsDatanodeService.java:startPlugins(395)) - Started plug-in org.apache.hadoop.ozone.web.OzoneHddsDatanodeService@285a4fe3
2019-07-29 15:12:48,928 INFO  impl.MetricsSystemImpl (MetricsSystemImpl.java:init(158)) - HddsDatanode metrics system started (again)
2019-07-29 15:12:48,932 INFO  ozone.HddsDatanodeService (HddsDatanodeService.java:start(184)) - HddsDatanodeService host:byscane-nightly-74r8j-760408800 ip:192.168.157.194
2019-07-29 15:12:48,932 INFO  util.JvmPauseMonitor (JvmPauseMonitor.java:run(188)) - Starting JVM pause monitor
2019-07-29 15:12:48,936 INFO  datanode.InitDatanodeState (InitDatanodeState.java:persistContainerDatanodeDetails(140)) - DatanodeDetails is persisted to /workdir/hadoop-ozone/integration-test/target/test-dir/MiniOzoneClusterImpl-d73583e1-fe53-4975-a2cf-a60db5c49538/datanode-3/meta/datanode.id
2019-07-29 15:12:48,940 INFO  volume.HddsVolume (HddsVolume.java:<init>(176)) - Creating Volume: /workdir/hadoop-ozone/integration-test/target/test-dir/MiniOzoneClusterImpl-d73583e1-fe53-4975-a2cf-a60db5c49538/datanode-4/data/containers/hdds of  storage type : DISK and capacity : 52710309888
2019-07-29 15:12:48,940 INFO  volume.VolumeSet (VolumeSet.java:initializeVolumeSet(170)) - Added Volume : /workdir/hadoop-ozone/integration-test/target/test-dir/MiniOzoneClusterImpl-d73583e1-fe53-4975-a2cf-a60db5c49538/datanode-4/data/containers/hdds to VolumeSet
2019-07-29 15:12:48,940 INFO  volume.ThrottledAsyncChecker (ThrottledAsyncChecker.java:schedule(140)) - Scheduling a check for org.apache.hadoop.ozone.container.common.volume.HddsVolume@2dc39b53
2019-07-29 15:12:48,941 INFO  volume.HddsVolumeChecker (HddsVolumeChecker.java:checkAllVolumes(203)) - Scheduled health check for volume org.apache.hadoop.ozone.container.common.volume.HddsVolume@2dc39b53
2019-07-29 15:12:48,962 INFO  impl.RaftServerProxy (ConfUtils.java:logGet(43)) - raft.rpc.type = GRPC (default)
2019-07-29 15:12:48,963 INFO  grpc.GrpcFactory (GrpcFactory.java:checkPooledByteBufAllocatorUseCacheForAllThreads(45)) - PERFORMANCE WARNING: useCacheForAllThreads is true that may cause Netty to create a lot garbage objects and, as a result, trigger GC.
	It is recommended to disable useCacheForAllThreads by setting -Dorg.apache.ratis.thirdparty.io.netty.allocator.useCacheForAllThreads=false in command line.
2019-07-29 15:12:48,963 INFO  grpc.GrpcConfigKeys$Server (ConfUtils.java:logGet(43)) - raft.grpc.server.port = 0 (default)
2019-07-29 15:12:48,963 INFO  server.GrpcService (ConfUtils.java:logGet(43)) - raft.grpc.message.size.max = 33570816 (custom)
2019-07-29 15:12:48,964 INFO  server.RaftServerConfigKeys (ConfUtils.java:logGet(43)) - raft.server.log.appender.buffer.byte-limit = 33554432 (custom)
2019-07-29 15:12:48,964 INFO  server.GrpcService (ConfUtils.java:logGet(43)) - raft.grpc.flow.control.window = 1MB (=1048576) (default)
2019-07-29 15:12:48,964 INFO  server.RaftServerConfigKeys (ConfUtils.java:logGet(43)) - raft.server.rpc.request.timeout = 3000ms (default)
2019-07-29 15:12:48,965 INFO  server.RaftServerConfigKeys (ConfUtils.java:logGet(43)) - raft.server.storage.dir = [/workdir/hadoop-ozone/integration-test/target/test-dir/MiniOzoneClusterImpl-d73583e1-fe53-4975-a2cf-a60db5c49538/datanode-4/data/ratis] (custom)
2019-07-29 15:12:48,966 INFO  replication.SimpleContainerDownloader (SimpleContainerDownloader.java:<init>(72)) - Starting container downloader service to copy containers to replicate.
2019-07-29 15:12:48,968 INFO  hdfs.DFSUtil (DFSUtil.java:httpServerTemplateForNNAndJN(1641)) - Starting Web-server for hddsDatanode at: http://0.0.0.0:0
2019-07-29 15:12:48,969 INFO  server.AuthenticationFilter (AuthenticationFilter.java:constructSecretProvider(240)) - Unable to initialize FileSignerSecretProvider, falling back to use random secrets.
2019-07-29 15:12:48,970 WARN  http.HttpRequestLog (HttpRequestLog.java:getRequestLog(97)) - Jetty request log can only be enabled using Log4j
2019-07-29 15:12:48,971 INFO  http.HttpServer2 (HttpServer2.java:addGlobalFilter(975)) - Added global filter 'safety' (class=org.apache.hadoop.http.HttpServer2$QuotingInputFilter)
2019-07-29 15:12:48,971 INFO  http.HttpServer2 (HttpServer2.java:addFilter(948)) - Added filter static_user_filter (class=org.apache.hadoop.http.lib.StaticUserWebFilter$StaticUserFilter) to context hddsDatanode
2019-07-29 15:12:48,971 INFO  http.HttpServer2 (HttpServer2.java:addFilter(958)) - Added filter static_user_filter (class=org.apache.hadoop.http.lib.StaticUserWebFilter$StaticUserFilter) to context static
2019-07-29 15:12:48,972 INFO  http.HttpServer2 (HttpServer2.java:addFilter(958)) - Added filter static_user_filter (class=org.apache.hadoop.http.lib.StaticUserWebFilter$StaticUserFilter) to context logs
2019-07-29 15:12:48,972 INFO  http.HttpServer2 (HttpServer2.java:bindListener(1191)) - Jetty bound to port 39494
2019-07-29 15:12:48,973 INFO  server.Server (Server.java:doStart(351)) - jetty-9.3.24.v20180605, build timestamp: 2018-06-05T17:11:56Z, git hash: 84205aa28f11a4f31f2a3b86d1bba2cc8ab69827
2019-07-29 15:12:48,977 INFO  handler.ContextHandler (ContextHandler.java:doStart(781)) - Started o.e.j.s.ServletContextHandler@42c12b3e{/logs,file:///workdir/hadoop-ozone/integration-test/target/log,AVAILABLE}
2019-07-29 15:12:48,977 INFO  handler.ContextHandler (ContextHandler.java:doStart(781)) - Started o.e.j.s.ServletContextHandler@46f73ffa{/static,jar:file:/home/user/.m2/repository/org/apache/hadoop/hadoop-hdds-container-service/0.4.1-SNAPSHOT/hadoop-hdds-container-service-0.4.1-SNAPSHOT.jar!/webapps/static,AVAILABLE}
2019-07-29 15:12:49,000 INFO  handler.ContextHandler (ContextHandler.java:doStart(781)) - Started o.e.j.w.WebAppContext@251c90f{/,file:///tmp/jetty-0.0.0.0-39494-hddsDatanode-_-any-6954800631703674077.dir/webapp/,AVAILABLE}{/hddsDatanode}
2019-07-29 15:12:49,000 INFO  server.AbstractConnector (AbstractConnector.java:doStart(278)) - Started ServerConnector@6629643d{HTTP/1.1,[http/1.1]}{0.0.0.0:39494}
2019-07-29 15:12:49,001 INFO  server.Server (Server.java:doStart(419)) - Started @6900ms
2019-07-29 15:12:49,002 INFO  server.BaseHttpServer (BaseHttpServer.java:updateConnectorAddress(207)) - HTTP server of HDDSDATANODE is listening at http://0.0.0.0:39494
2019-07-29 15:12:49,104 INFO  ozone.HddsDatanodeService (HddsDatanodeService.java:startPlugins(395)) - Started plug-in org.apache.hadoop.ozone.web.OzoneHddsDatanodeService@1c3b6963
2019-07-29 15:12:49,104 INFO  impl.MetricsSystemImpl (MetricsSystemImpl.java:init(158)) - HddsDatanode metrics system started (again)
2019-07-29 15:12:49,108 INFO  ozone.HddsDatanodeService (HddsDatanodeService.java:start(184)) - HddsDatanodeService host:byscane-nightly-74r8j-760408800 ip:192.168.157.194
2019-07-29 15:12:49,109 INFO  util.JvmPauseMonitor (JvmPauseMonitor.java:run(188)) - Starting JVM pause monitor
2019-07-29 15:12:49,112 INFO  datanode.InitDatanodeState (InitDatanodeState.java:persistContainerDatanodeDetails(140)) - DatanodeDetails is persisted to /workdir/hadoop-ozone/integration-test/target/test-dir/MiniOzoneClusterImpl-d73583e1-fe53-4975-a2cf-a60db5c49538/datanode-4/meta/datanode.id
2019-07-29 15:12:49,116 INFO  volume.HddsVolume (HddsVolume.java:<init>(176)) - Creating Volume: /workdir/hadoop-ozone/integration-test/target/test-dir/MiniOzoneClusterImpl-d73583e1-fe53-4975-a2cf-a60db5c49538/datanode-5/data/containers/hdds of  storage type : DISK and capacity : 52710309888
2019-07-29 15:12:49,116 INFO  volume.VolumeSet (VolumeSet.java:initializeVolumeSet(170)) - Added Volume : /workdir/hadoop-ozone/integration-test/target/test-dir/MiniOzoneClusterImpl-d73583e1-fe53-4975-a2cf-a60db5c49538/datanode-5/data/containers/hdds to VolumeSet
2019-07-29 15:12:49,117 INFO  volume.ThrottledAsyncChecker (ThrottledAsyncChecker.java:schedule(140)) - Scheduling a check for org.apache.hadoop.ozone.container.common.volume.HddsVolume@4bc9ca97
2019-07-29 15:12:49,117 INFO  volume.HddsVolumeChecker (HddsVolumeChecker.java:checkAllVolumes(203)) - Scheduled health check for volume org.apache.hadoop.ozone.container.common.volume.HddsVolume@4bc9ca97
2019-07-29 15:12:49,130 INFO  impl.RaftServerProxy (ConfUtils.java:logGet(43)) - raft.rpc.type = GRPC (default)
2019-07-29 15:12:49,130 INFO  grpc.GrpcFactory (GrpcFactory.java:checkPooledByteBufAllocatorUseCacheForAllThreads(45)) - PERFORMANCE WARNING: useCacheForAllThreads is true that may cause Netty to create a lot garbage objects and, as a result, trigger GC.
	It is recommended to disable useCacheForAllThreads by setting -Dorg.apache.ratis.thirdparty.io.netty.allocator.useCacheForAllThreads=false in command line.
2019-07-29 15:12:49,130 INFO  grpc.GrpcConfigKeys$Server (ConfUtils.java:logGet(43)) - raft.grpc.server.port = 0 (default)
2019-07-29 15:12:49,130 INFO  server.GrpcService (ConfUtils.java:logGet(43)) - raft.grpc.message.size.max = 33570816 (custom)
2019-07-29 15:12:49,131 INFO  server.RaftServerConfigKeys (ConfUtils.java:logGet(43)) - raft.server.log.appender.buffer.byte-limit = 33554432 (custom)
2019-07-29 15:12:49,131 INFO  server.GrpcService (ConfUtils.java:logGet(43)) - raft.grpc.flow.control.window = 1MB (=1048576) (default)
2019-07-29 15:12:49,131 INFO  server.RaftServerConfigKeys (ConfUtils.java:logGet(43)) - raft.server.rpc.request.timeout = 3000ms (default)
2019-07-29 15:12:49,131 INFO  server.RaftServerConfigKeys (ConfUtils.java:logGet(43)) - raft.server.storage.dir = [/workdir/hadoop-ozone/integration-test/target/test-dir/MiniOzoneClusterImpl-d73583e1-fe53-4975-a2cf-a60db5c49538/datanode-5/data/ratis] (custom)
2019-07-29 15:12:49,132 INFO  replication.SimpleContainerDownloader (SimpleContainerDownloader.java:<init>(72)) - Starting container downloader service to copy containers to replicate.
2019-07-29 15:12:49,133 INFO  hdfs.DFSUtil (DFSUtil.java:httpServerTemplateForNNAndJN(1641)) - Starting Web-server for hddsDatanode at: http://0.0.0.0:0
2019-07-29 15:12:49,134 INFO  server.AuthenticationFilter (AuthenticationFilter.java:constructSecretProvider(240)) - Unable to initialize FileSignerSecretProvider, falling back to use random secrets.
2019-07-29 15:12:49,134 WARN  http.HttpRequestLog (HttpRequestLog.java:getRequestLog(97)) - Jetty request log can only be enabled using Log4j
2019-07-29 15:12:49,136 INFO  http.HttpServer2 (HttpServer2.java:addGlobalFilter(975)) - Added global filter 'safety' (class=org.apache.hadoop.http.HttpServer2$QuotingInputFilter)
2019-07-29 15:12:49,136 INFO  http.HttpServer2 (HttpServer2.java:addFilter(948)) - Added filter static_user_filter (class=org.apache.hadoop.http.lib.StaticUserWebFilter$StaticUserFilter) to context hddsDatanode
2019-07-29 15:12:49,136 INFO  http.HttpServer2 (HttpServer2.java:addFilter(958)) - Added filter static_user_filter (class=org.apache.hadoop.http.lib.StaticUserWebFilter$StaticUserFilter) to context logs
2019-07-29 15:12:49,136 INFO  http.HttpServer2 (HttpServer2.java:addFilter(958)) - Added filter static_user_filter (class=org.apache.hadoop.http.lib.StaticUserWebFilter$StaticUserFilter) to context static
2019-07-29 15:12:49,137 INFO  http.HttpServer2 (HttpServer2.java:bindListener(1191)) - Jetty bound to port 46787
2019-07-29 15:12:49,137 INFO  server.Server (Server.java:doStart(351)) - jetty-9.3.24.v20180605, build timestamp: 2018-06-05T17:11:56Z, git hash: 84205aa28f11a4f31f2a3b86d1bba2cc8ab69827
2019-07-29 15:12:49,139 INFO  handler.ContextHandler (ContextHandler.java:doStart(781)) - Started o.e.j.s.ServletContextHandler@3f048c86{/logs,file:///workdir/hadoop-ozone/integration-test/target/log,AVAILABLE}
2019-07-29 15:12:49,140 INFO  handler.ContextHandler (ContextHandler.java:doStart(781)) - Started o.e.j.s.ServletContextHandler@1de13f34{/static,jar:file:/home/user/.m2/repository/org/apache/hadoop/hadoop-hdds-container-service/0.4.1-SNAPSHOT/hadoop-hdds-container-service-0.4.1-SNAPSHOT.jar!/webapps/static,AVAILABLE}
2019-07-29 15:12:49,164 INFO  handler.ContextHandler (ContextHandler.java:doStart(781)) - Started o.e.j.w.WebAppContext@256589a1{/,file:///tmp/jetty-0.0.0.0-46787-hddsDatanode-_-any-9109002846347090818.dir/webapp/,AVAILABLE}{/hddsDatanode}
2019-07-29 15:12:49,165 INFO  server.AbstractConnector (AbstractConnector.java:doStart(278)) - Started ServerConnector@935493d{HTTP/1.1,[http/1.1]}{0.0.0.0:46787}
2019-07-29 15:12:49,166 INFO  server.Server (Server.java:doStart(419)) - Started @7065ms
2019-07-29 15:12:49,166 INFO  server.BaseHttpServer (BaseHttpServer.java:updateConnectorAddress(207)) - HTTP server of HDDSDATANODE is listening at http://0.0.0.0:46787
2019-07-29 15:12:49,273 INFO  ozone.HddsDatanodeService (HddsDatanodeService.java:startPlugins(395)) - Started plug-in org.apache.hadoop.ozone.web.OzoneHddsDatanodeService@69d103f0
2019-07-29 15:12:49,274 INFO  impl.MetricsSystemImpl (MetricsSystemImpl.java:init(158)) - HddsDatanode metrics system started (again)
2019-07-29 15:12:49,277 INFO  ozone.HddsDatanodeService (HddsDatanodeService.java:start(184)) - HddsDatanodeService host:byscane-nightly-74r8j-760408800 ip:192.168.157.194
2019-07-29 15:12:49,278 INFO  util.JvmPauseMonitor (JvmPauseMonitor.java:run(188)) - Starting JVM pause monitor
2019-07-29 15:12:49,281 INFO  datanode.InitDatanodeState (InitDatanodeState.java:persistContainerDatanodeDetails(140)) - DatanodeDetails is persisted to /workdir/hadoop-ozone/integration-test/target/test-dir/MiniOzoneClusterImpl-d73583e1-fe53-4975-a2cf-a60db5c49538/datanode-5/meta/datanode.id
2019-07-29 15:12:49,287 INFO  volume.HddsVolume (HddsVolume.java:<init>(176)) - Creating Volume: /workdir/hadoop-ozone/integration-test/target/test-dir/MiniOzoneClusterImpl-d73583e1-fe53-4975-a2cf-a60db5c49538/datanode-6/data/containers/hdds of  storage type : DISK and capacity : 52710309888
2019-07-29 15:12:49,287 INFO  volume.VolumeSet (VolumeSet.java:initializeVolumeSet(170)) - Added Volume : /workdir/hadoop-ozone/integration-test/target/test-dir/MiniOzoneClusterImpl-d73583e1-fe53-4975-a2cf-a60db5c49538/datanode-6/data/containers/hdds to VolumeSet
2019-07-29 15:12:49,287 INFO  volume.ThrottledAsyncChecker (ThrottledAsyncChecker.java:schedule(140)) - Scheduling a check for org.apache.hadoop.ozone.container.common.volume.HddsVolume@120df990
2019-07-29 15:12:49,288 INFO  volume.HddsVolumeChecker (HddsVolumeChecker.java:checkAllVolumes(203)) - Scheduled health check for volume org.apache.hadoop.ozone.container.common.volume.HddsVolume@120df990
2019-07-29 15:12:49,345 INFO  impl.RaftServerProxy (ConfUtils.java:logGet(43)) - raft.rpc.type = GRPC (default)
2019-07-29 15:12:49,345 INFO  grpc.GrpcFactory (GrpcFactory.java:checkPooledByteBufAllocatorUseCacheForAllThreads(45)) - PERFORMANCE WARNING: useCacheForAllThreads is true that may cause Netty to create a lot garbage objects and, as a result, trigger GC.
	It is recommended to disable useCacheForAllThreads by setting -Dorg.apache.ratis.thirdparty.io.netty.allocator.useCacheForAllThreads=false in command line.
2019-07-29 15:12:49,345 INFO  grpc.GrpcConfigKeys$Server (ConfUtils.java:logGet(43)) - raft.grpc.server.port = 0 (default)
2019-07-29 15:12:49,345 INFO  server.GrpcService (ConfUtils.java:logGet(43)) - raft.grpc.message.size.max = 33570816 (custom)
2019-07-29 15:12:49,346 INFO  server.RaftServerConfigKeys (ConfUtils.java:logGet(43)) - raft.server.log.appender.buffer.byte-limit = 33554432 (custom)
2019-07-29 15:12:49,346 INFO  server.GrpcService (ConfUtils.java:logGet(43)) - raft.grpc.flow.control.window = 1MB (=1048576) (default)
2019-07-29 15:12:49,346 INFO  server.RaftServerConfigKeys (ConfUtils.java:logGet(43)) - raft.server.rpc.request.timeout = 3000ms (default)
2019-07-29 15:12:49,347 INFO  server.RaftServerConfigKeys (ConfUtils.java:logGet(43)) - raft.server.storage.dir = [/workdir/hadoop-ozone/integration-test/target/test-dir/MiniOzoneClusterImpl-d73583e1-fe53-4975-a2cf-a60db5c49538/datanode-6/data/ratis] (custom)
2019-07-29 15:12:49,355 INFO  replication.SimpleContainerDownloader (SimpleContainerDownloader.java:<init>(72)) - Starting container downloader service to copy containers to replicate.
2019-07-29 15:12:49,357 INFO  hdfs.DFSUtil (DFSUtil.java:httpServerTemplateForNNAndJN(1641)) - Starting Web-server for hddsDatanode at: http://0.0.0.0:0
2019-07-29 15:12:49,359 INFO  server.AuthenticationFilter (AuthenticationFilter.java:constructSecretProvider(240)) - Unable to initialize FileSignerSecretProvider, falling back to use random secrets.
2019-07-29 15:12:49,359 WARN  http.HttpRequestLog (HttpRequestLog.java:getRequestLog(97)) - Jetty request log can only be enabled using Log4j
2019-07-29 15:12:49,361 INFO  http.HttpServer2 (HttpServer2.java:addGlobalFilter(975)) - Added global filter 'safety' (class=org.apache.hadoop.http.HttpServer2$QuotingInputFilter)
2019-07-29 15:12:49,361 INFO  http.HttpServer2 (HttpServer2.java:addFilter(948)) - Added filter static_user_filter (class=org.apache.hadoop.http.lib.StaticUserWebFilter$StaticUserFilter) to context hddsDatanode
2019-07-29 15:12:49,362 INFO  http.HttpServer2 (HttpServer2.java:addFilter(958)) - Added filter static_user_filter (class=org.apache.hadoop.http.lib.StaticUserWebFilter$StaticUserFilter) to context logs
2019-07-29 15:12:49,362 INFO  http.HttpServer2 (HttpServer2.java:addFilter(958)) - Added filter static_user_filter (class=org.apache.hadoop.http.lib.StaticUserWebFilter$StaticUserFilter) to context static
2019-07-29 15:12:49,364 INFO  http.HttpServer2 (HttpServer2.java:bindListener(1191)) - Jetty bound to port 33422
2019-07-29 15:12:49,367 INFO  server.Server (Server.java:doStart(351)) - jetty-9.3.24.v20180605, build timestamp: 2018-06-05T17:11:56Z, git hash: 84205aa28f11a4f31f2a3b86d1bba2cc8ab69827
2019-07-29 15:12:49,380 INFO  handler.ContextHandler (ContextHandler.java:doStart(781)) - Started o.e.j.s.ServletContextHandler@4466cf5d{/logs,file:///workdir/hadoop-ozone/integration-test/target/log,AVAILABLE}
2019-07-29 15:12:49,381 INFO  handler.ContextHandler (ContextHandler.java:doStart(781)) - Started o.e.j.s.ServletContextHandler@2450256f{/static,jar:file:/home/user/.m2/repository/org/apache/hadoop/hadoop-hdds-container-service/0.4.1-SNAPSHOT/hadoop-hdds-container-service-0.4.1-SNAPSHOT.jar!/webapps/static,AVAILABLE}
2019-07-29 15:12:49,405 INFO  handler.ContextHandler (ContextHandler.java:doStart(781)) - Started o.e.j.w.WebAppContext@61a87366{/,file:///tmp/jetty-0.0.0.0-33422-hddsDatanode-_-any-5079409368956935936.dir/webapp/,AVAILABLE}{/hddsDatanode}
2019-07-29 15:12:49,405 INFO  server.AbstractConnector (AbstractConnector.java:doStart(278)) - Started ServerConnector@3c33fcf8{HTTP/1.1,[http/1.1]}{0.0.0.0:33422}
2019-07-29 15:12:49,406 INFO  server.Server (Server.java:doStart(419)) - Started @7305ms
2019-07-29 15:12:49,407 INFO  server.BaseHttpServer (BaseHttpServer.java:updateConnectorAddress(207)) - HTTP server of HDDSDATANODE is listening at http://0.0.0.0:33422
2019-07-29 15:12:49,523 INFO  ozone.HddsDatanodeService (HddsDatanodeService.java:startPlugins(395)) - Started plug-in org.apache.hadoop.ozone.web.OzoneHddsDatanodeService@33627576
2019-07-29 15:12:49,525 INFO  ozone.MiniOzoneClusterImpl (MiniOzoneClusterImpl.java:lambda$waitForClusterToBeReady$0(142)) - Waiting for cluster to be ready. Got 0 of 7 DN Heartbeats.
2019-07-29 15:12:49,526 INFO  util.JvmPauseMonitor (JvmPauseMonitor.java:run(188)) - Starting JVM pause monitor
2019-07-29 15:12:49,528 INFO  datanode.InitDatanodeState (InitDatanodeState.java:persistContainerDatanodeDetails(140)) - DatanodeDetails is persisted to /workdir/hadoop-ozone/integration-test/target/test-dir/MiniOzoneClusterImpl-d73583e1-fe53-4975-a2cf-a60db5c49538/datanode-6/meta/datanode.id
2019-07-29 15:12:50,290 INFO  ozoneimpl.OzoneContainer (OzoneContainer.java:start(186)) - Attempting to start container services.
2019-07-29 15:12:50,292 INFO  ozoneimpl.OzoneContainer (OzoneContainer.java:startContainerScrub(160)) - Background container scrubber has been disabled by hdds.containerscrub.enabled
2019-07-29 15:12:50,293 INFO  ratis.XceiverServerRatis (XceiverServerRatis.java:start(404)) - Starting XceiverServerRatis 8c12ddc8-f54c-45f0-a218-991996808d11 at port 0
2019-07-29 15:12:50,317 INFO  impl.RaftServerProxy (RaftServerProxy.java:lambda$start$3(299)) - 8c12ddc8-f54c-45f0-a218-991996808d11: start RPC server
2019-07-29 15:12:50,453 INFO  server.GrpcService (GrpcService.java:startImpl(149)) - 8c12ddc8-f54c-45f0-a218-991996808d11: GrpcService started, listening on 0.0.0.0/0.0.0.0:36552
2019-07-29 15:12:50,454 INFO  ratis.XceiverServerRatis (XceiverServerRatis.java:start(414)) - XceiverServerRatis 8c12ddc8-f54c-45f0-a218-991996808d11 is started using port 36552
2019-07-29 15:12:50,456 INFO  server.XceiverServerGrpc (XceiverServerGrpc.java:start(161)) - XceiverServerGrpc 8c12ddc8-f54c-45f0-a218-991996808d11 is started using port 40859
2019-07-29 15:12:50,518 INFO  ozoneimpl.OzoneContainer (OzoneContainer.java:start(186)) - Attempting to start container services.
2019-07-29 15:12:50,521 INFO  ozoneimpl.OzoneContainer (OzoneContainer.java:startContainerScrub(160)) - Background container scrubber has been disabled by hdds.containerscrub.enabled
2019-07-29 15:12:50,521 INFO  ratis.XceiverServerRatis (XceiverServerRatis.java:start(404)) - Starting XceiverServerRatis d230ad0e-bdba-4df4-b696-9a39b4846904 at port 0
2019-07-29 15:12:50,526 INFO  ozone.MiniOzoneClusterImpl (MiniOzoneClusterImpl.java:lambda$waitForClusterToBeReady$0(142)) - Waiting for cluster to be ready. Got 0 of 7 DN Heartbeats.
2019-07-29 15:12:50,529 INFO  impl.RaftServerProxy (RaftServerProxy.java:lambda$start$3(299)) - d230ad0e-bdba-4df4-b696-9a39b4846904: start RPC server
2019-07-29 15:12:50,533 INFO  server.GrpcService (GrpcService.java:startImpl(149)) - d230ad0e-bdba-4df4-b696-9a39b4846904: GrpcService started, listening on 0.0.0.0/0.0.0.0:33083
2019-07-29 15:12:50,534 INFO  ratis.XceiverServerRatis (XceiverServerRatis.java:start(414)) - XceiverServerRatis d230ad0e-bdba-4df4-b696-9a39b4846904 is started using port 33083
2019-07-29 15:12:50,536 INFO  server.XceiverServerGrpc (XceiverServerGrpc.java:start(161)) - XceiverServerGrpc d230ad0e-bdba-4df4-b696-9a39b4846904 is started using port 44257
2019-07-29 15:12:50,785 INFO  ozoneimpl.OzoneContainer (OzoneContainer.java:start(186)) - Attempting to start container services.
2019-07-29 15:12:50,787 INFO  ozoneimpl.OzoneContainer (OzoneContainer.java:startContainerScrub(160)) - Background container scrubber has been disabled by hdds.containerscrub.enabled
2019-07-29 15:12:50,788 INFO  ratis.XceiverServerRatis (XceiverServerRatis.java:start(404)) - Starting XceiverServerRatis 49751be9-4999-4a95-b2b7-8fc228ce6d9b at port 0
2019-07-29 15:12:50,796 INFO  impl.RaftServerProxy (RaftServerProxy.java:lambda$start$3(299)) - 49751be9-4999-4a95-b2b7-8fc228ce6d9b: start RPC server
2019-07-29 15:12:50,799 INFO  server.GrpcService (GrpcService.java:startImpl(149)) - 49751be9-4999-4a95-b2b7-8fc228ce6d9b: GrpcService started, listening on 0.0.0.0/0.0.0.0:33007
2019-07-29 15:12:50,799 INFO  ratis.XceiverServerRatis (XceiverServerRatis.java:start(414)) - XceiverServerRatis 49751be9-4999-4a95-b2b7-8fc228ce6d9b is started using port 33007
2019-07-29 15:12:50,802 INFO  server.XceiverServerGrpc (XceiverServerGrpc.java:start(161)) - XceiverServerGrpc 49751be9-4999-4a95-b2b7-8fc228ce6d9b is started using port 43629
2019-07-29 15:12:50,950 INFO  ozoneimpl.OzoneContainer (OzoneContainer.java:start(186)) - Attempting to start container services.
2019-07-29 15:12:50,956 INFO  ozoneimpl.OzoneContainer (OzoneContainer.java:startContainerScrub(160)) - Background container scrubber has been disabled by hdds.containerscrub.enabled
2019-07-29 15:12:50,957 INFO  ratis.XceiverServerRatis (XceiverServerRatis.java:start(404)) - Starting XceiverServerRatis c0e4dbcc-6d58-4d9c-983d-96ebbb2015c1 at port 0
2019-07-29 15:12:50,967 INFO  impl.RaftServerProxy (RaftServerProxy.java:lambda$start$3(299)) - c0e4dbcc-6d58-4d9c-983d-96ebbb2015c1: start RPC server
2019-07-29 15:12:50,971 INFO  server.GrpcService (GrpcService.java:startImpl(149)) - c0e4dbcc-6d58-4d9c-983d-96ebbb2015c1: GrpcService started, listening on 0.0.0.0/0.0.0.0:41135
2019-07-29 15:12:50,972 INFO  ratis.XceiverServerRatis (XceiverServerRatis.java:start(414)) - XceiverServerRatis c0e4dbcc-6d58-4d9c-983d-96ebbb2015c1 is started using port 41135
2019-07-29 15:12:50,975 INFO  server.XceiverServerGrpc (XceiverServerGrpc.java:start(161)) - XceiverServerGrpc c0e4dbcc-6d58-4d9c-983d-96ebbb2015c1 is started using port 36960
2019-07-29 15:12:51,124 INFO  ozoneimpl.OzoneContainer (OzoneContainer.java:start(186)) - Attempting to start container services.
2019-07-29 15:12:51,125 INFO  ozoneimpl.OzoneContainer (OzoneContainer.java:startContainerScrub(160)) - Background container scrubber has been disabled by hdds.containerscrub.enabled
2019-07-29 15:12:51,125 INFO  ratis.XceiverServerRatis (XceiverServerRatis.java:start(404)) - Starting XceiverServerRatis f4696a1b-635b-453d-b263-ccccb034112d at port 0
2019-07-29 15:12:51,136 INFO  impl.RaftServerProxy (RaftServerProxy.java:lambda$start$3(299)) - f4696a1b-635b-453d-b263-ccccb034112d: start RPC server
2019-07-29 15:12:51,140 INFO  server.GrpcService (GrpcService.java:startImpl(149)) - f4696a1b-635b-453d-b263-ccccb034112d: GrpcService started, listening on 0.0.0.0/0.0.0.0:41552
2019-07-29 15:12:51,140 INFO  ratis.XceiverServerRatis (XceiverServerRatis.java:start(414)) - XceiverServerRatis f4696a1b-635b-453d-b263-ccccb034112d is started using port 41552
2019-07-29 15:12:51,144 INFO  server.XceiverServerGrpc (XceiverServerGrpc.java:start(161)) - XceiverServerGrpc f4696a1b-635b-453d-b263-ccccb034112d is started using port 35387
2019-07-29 15:12:51,294 INFO  ozoneimpl.OzoneContainer (OzoneContainer.java:start(186)) - Attempting to start container services.
2019-07-29 15:12:51,294 INFO  ozoneimpl.OzoneContainer (OzoneContainer.java:startContainerScrub(160)) - Background container scrubber has been disabled by hdds.containerscrub.enabled
2019-07-29 15:12:51,294 INFO  ratis.XceiverServerRatis (XceiverServerRatis.java:start(404)) - Starting XceiverServerRatis 78bd14f6-8012-4f9d-b5f4-35e188091916 at port 0
2019-07-29 15:12:51,304 INFO  impl.RaftServerProxy (RaftServerProxy.java:lambda$start$3(299)) - 78bd14f6-8012-4f9d-b5f4-35e188091916: start RPC server
2019-07-29 15:12:51,308 INFO  server.GrpcService (GrpcService.java:startImpl(149)) - 78bd14f6-8012-4f9d-b5f4-35e188091916: GrpcService started, listening on 0.0.0.0/0.0.0.0:41572
2019-07-29 15:12:51,308 INFO  ratis.XceiverServerRatis (XceiverServerRatis.java:start(414)) - XceiverServerRatis 78bd14f6-8012-4f9d-b5f4-35e188091916 is started using port 41572
2019-07-29 15:12:51,313 INFO  server.XceiverServerGrpc (XceiverServerGrpc.java:start(161)) - XceiverServerGrpc 78bd14f6-8012-4f9d-b5f4-35e188091916 is started using port 41516
2019-07-29 15:12:51,526 INFO  ozone.MiniOzoneClusterImpl (MiniOzoneClusterImpl.java:lambda$waitForClusterToBeReady$0(142)) - Waiting for cluster to be ready. Got 0 of 7 DN Heartbeats.
2019-07-29 15:12:51,543 INFO  ozoneimpl.OzoneContainer (OzoneContainer.java:start(186)) - Attempting to start container services.
2019-07-29 15:12:51,543 INFO  ozoneimpl.OzoneContainer (OzoneContainer.java:startContainerScrub(160)) - Background container scrubber has been disabled by hdds.containerscrub.enabled
2019-07-29 15:12:51,543 INFO  ratis.XceiverServerRatis (XceiverServerRatis.java:start(404)) - Starting XceiverServerRatis c937352c-9ae0-4e18-9e19-db0ef9e031ea at port 0
2019-07-29 15:12:51,553 INFO  impl.RaftServerProxy (RaftServerProxy.java:lambda$start$3(299)) - c937352c-9ae0-4e18-9e19-db0ef9e031ea: start RPC server
2019-07-29 15:12:51,557 INFO  server.GrpcService (GrpcService.java:startImpl(149)) - c937352c-9ae0-4e18-9e19-db0ef9e031ea: GrpcService started, listening on 0.0.0.0/0.0.0.0:34585
2019-07-29 15:12:51,558 INFO  ratis.XceiverServerRatis (XceiverServerRatis.java:start(414)) - XceiverServerRatis c937352c-9ae0-4e18-9e19-db0ef9e031ea is started using port 34585
2019-07-29 15:12:51,562 INFO  server.XceiverServerGrpc (XceiverServerGrpc.java:start(161)) - XceiverServerGrpc c937352c-9ae0-4e18-9e19-db0ef9e031ea is started using port 35447
2019-07-29 15:12:52,281 INFO  net.NetworkTopology (NetworkTopologyImpl.java:add(110)) - Added a new node: /default-rack/8c12ddc8-f54c-45f0-a218-991996808d11
2019-07-29 15:12:52,282 INFO  node.SCMNodeManager (SCMNodeManager.java:register(273)) - Registered Data node : 8c12ddc8-f54c-45f0-a218-991996808d11{ip: 192.168.157.194, host: byscane-nightly-74r8j-760408800, networkLocation: /default-rack, certSerialId: null}
2019-07-29 15:12:52,289 INFO  safemode.SCMSafeModeManager (DataNodeSafeModeRule.java:process(71)) - SCM in safe mode. 1 DataNodes registered, 1 required.
2019-07-29 15:12:52,289 INFO  safemode.SCMSafeModeManager (SCMSafeModeManager.java:validateSafeModeExitRules(177)) - ScmSafeModeManager, all rules are successfully validated
2019-07-29 15:12:52,289 INFO  safemode.SCMSafeModeManager (SCMSafeModeManager.java:exitSafeMode(193)) - SCM exiting safe mode.
2019-07-29 15:12:52,505 INFO  net.NetworkTopology (NetworkTopologyImpl.java:add(110)) - Added a new node: /default-rack/d230ad0e-bdba-4df4-b696-9a39b4846904
2019-07-29 15:12:52,506 INFO  node.SCMNodeManager (SCMNodeManager.java:register(273)) - Registered Data node : d230ad0e-bdba-4df4-b696-9a39b4846904{ip: 192.168.157.194, host: byscane-nightly-74r8j-760408800, networkLocation: /default-rack, certSerialId: null}
2019-07-29 15:12:52,527 INFO  ozone.MiniOzoneClusterImpl (MiniOzoneClusterImpl.java:lambda$waitForClusterToBeReady$0(142)) - Waiting for cluster to be ready. Got 2 of 7 DN Heartbeats.
2019-07-29 15:12:52,771 INFO  net.NetworkTopology (NetworkTopologyImpl.java:add(110)) - Added a new node: /default-rack/49751be9-4999-4a95-b2b7-8fc228ce6d9b
2019-07-29 15:12:52,771 INFO  node.SCMNodeManager (SCMNodeManager.java:register(273)) - Registered Data node : 49751be9-4999-4a95-b2b7-8fc228ce6d9b{ip: 192.168.157.194, host: byscane-nightly-74r8j-760408800, networkLocation: /default-rack, certSerialId: null}
2019-07-29 15:12:53,263 INFO  net.NetworkTopology (NetworkTopologyImpl.java:add(110)) - Added a new node: /default-rack/c0e4dbcc-6d58-4d9c-983d-96ebbb2015c1
2019-07-29 15:12:53,263 INFO  net.NetworkTopology (NetworkTopologyImpl.java:add(110)) - Added a new node: /default-rack/f4696a1b-635b-453d-b263-ccccb034112d
2019-07-29 15:12:53,263 INFO  node.SCMNodeManager (SCMNodeManager.java:register(273)) - Registered Data node : c0e4dbcc-6d58-4d9c-983d-96ebbb2015c1{ip: 192.168.157.194, host: byscane-nightly-74r8j-760408800, networkLocation: /default-rack, certSerialId: null}
2019-07-29 15:12:53,263 INFO  node.SCMNodeManager (SCMNodeManager.java:register(273)) - Registered Data node : f4696a1b-635b-453d-b263-ccccb034112d{ip: 192.168.157.194, host: byscane-nightly-74r8j-760408800, networkLocation: /default-rack, certSerialId: null}
2019-07-29 15:12:53,274 INFO  impl.RaftServerProxy (RaftServerProxy.java:addNew(89)) - 8c12ddc8-f54c-45f0-a218-991996808d11: addNew group-91ADCD982E9A:[8c12ddc8-f54c-45f0-a218-991996808d11:192.168.157.194:36552] returns group-91ADCD982E9A:java.util.concurrent.CompletableFuture@7ff0790f[Not completed]
2019-07-29 15:12:53,291 INFO  net.NetworkTopology (NetworkTopologyImpl.java:add(110)) - Added a new node: /default-rack/78bd14f6-8012-4f9d-b5f4-35e188091916
2019-07-29 15:12:53,292 INFO  node.SCMNodeManager (SCMNodeManager.java:register(273)) - Registered Data node : 78bd14f6-8012-4f9d-b5f4-35e188091916{ip: 192.168.157.194, host: byscane-nightly-74r8j-760408800, networkLocation: /default-rack, certSerialId: null}
2019-07-29 15:12:53,307 INFO  impl.RaftServerImpl (RaftServerImpl.java:<init>(93)) - 8c12ddc8-f54c-45f0-a218-991996808d11: new RaftServerImpl for group-91ADCD982E9A:[8c12ddc8-f54c-45f0-a218-991996808d11:192.168.157.194:36552] with ContainerStateMachine:uninitialized
2019-07-29 15:12:53,309 INFO  server.RaftServerConfigKeys (ConfUtils.java:logGet(43)) - raft.server.rpc.timeout.min = 5s (custom)
2019-07-29 15:12:53,311 INFO  server.RaftServerConfigKeys (ConfUtils.java:logGet(43)) - raft.server.rpc.timeout.max = 5200ms (custom)
2019-07-29 15:12:53,311 INFO  server.RaftServerConfigKeys (ConfUtils.java:logGet(43)) - raft.server.rpcslowness.timeout = 120s (custom)
2019-07-29 15:12:53,312 INFO  server.RaftServerConfigKeys (ConfUtils.java:logGet(43)) - raft.server.sleep.deviation.threshold = 300 (default)
2019-07-29 15:12:53,313 INFO  server.RaftServerConfigKeys (ConfUtils.java:logGet(43)) - raft.server.log.appender.install.snapshot.enabled = false (custom)
2019-07-29 15:12:53,323 INFO  impl.RaftServerImpl (ServerState.java:<init>(105)) - 8c12ddc8-f54c-45f0-a218-991996808d11:group-91ADCD982E9A ConfigurationManager, init=-1: [8c12ddc8-f54c-45f0-a218-991996808d11:192.168.157.194:36552], old=null, confs=<EMPTY_MAP>
2019-07-29 15:12:53,324 INFO  server.RaftServerConfigKeys (ConfUtils.java:logGet(43)) - raft.server.storage.dir = [/workdir/hadoop-ozone/integration-test/target/test-dir/MiniOzoneClusterImpl-d73583e1-fe53-4975-a2cf-a60db5c49538/datanode-0/data/ratis] (custom)
2019-07-29 15:12:53,333 INFO  storage.RaftStorageDirectory (RaftStorageDirectory.java:analyzeStorage(246)) - The storage directory /workdir/hadoop-ozone/integration-test/target/test-dir/MiniOzoneClusterImpl-d73583e1-fe53-4975-a2cf-a60db5c49538/datanode-0/data/ratis/820c49a9-8067-47c7-9ac7-91adcd982e9a does not exist. Creating ...
2019-07-29 15:12:53,363 INFO  storage.RaftStorageDirectory (RaftStorageDirectory.java:tryLock(328)) - Lock on /workdir/hadoop-ozone/integration-test/target/test-dir/MiniOzoneClusterImpl-d73583e1-fe53-4975-a2cf-a60db5c49538/datanode-0/data/ratis/820c49a9-8067-47c7-9ac7-91adcd982e9a/in_use.lock acquired by nodename 31275@byscane-nightly-74r8j-760408800
2019-07-29 15:12:53,379 INFO  storage.RaftStorage (RaftStorage.java:format(72)) - Storage directory /workdir/hadoop-ozone/integration-test/target/test-dir/MiniOzoneClusterImpl-d73583e1-fe53-4975-a2cf-a60db5c49538/datanode-0/data/ratis/820c49a9-8067-47c7-9ac7-91adcd982e9a has been successfully formatted.
2019-07-29 15:12:53,381 INFO  ratis.ContainerStateMachine (ContainerStateMachine.java:loadSnapshot(213)) - group-91ADCD982E9A: The snapshot info is null. Setting the last applied indexto:(t:0, i:~)
2019-07-29 15:12:53,382 INFO  server.RaftServerConfigKeys (ConfUtils.java:logGet(43)) - raft.server.leader.election.timeout = 120s (custom)
2019-07-29 15:12:53,384 INFO  server.RaftServerConfigKeys (ConfUtils.java:logGet(43)) - raft.server.log.use.memory = false (default)
2019-07-29 15:12:53,391 INFO  server.RaftServerConfigKeys (ConfUtils.java:logGet(43)) - raft.server.log.purge.gap = 1000000000 (custom)
2019-07-29 15:12:53,391 INFO  server.RaftServerConfigKeys (ConfUtils.java:logGet(43)) - raft.server.log.appender.buffer.byte-limit = 33554432 (custom)
2019-07-29 15:12:53,393 INFO  server.RaftServerConfigKeys (ConfUtils.java:logGet(43)) - raft.server.log.segment.size.max = 1048576 (custom)
2019-07-29 15:12:53,398 INFO  server.RaftServerConfigKeys (ConfUtils.java:logGet(43)) - raft.server.log.segment.cache.num.max = 2 (custom)
2019-07-29 15:12:53,405 INFO  segmented.SegmentedRaftLogWorker (SegmentedRaftLogWorker.java:<init>(172)) - new 8c12ddc8-f54c-45f0-a218-991996808d11-SegmentedRaftLogWorker:Storage Directory /workdir/hadoop-ozone/integration-test/target/test-dir/MiniOzoneClusterImpl-d73583e1-fe53-4975-a2cf-a60db5c49538/datanode-0/data/ratis/820c49a9-8067-47c7-9ac7-91adcd982e9a for RaftStorage:Storage Directory /workdir/hadoop-ozone/integration-test/target/test-dir/MiniOzoneClusterImpl-d73583e1-fe53-4975-a2cf-a60db5c49538/datanode-0/data/ratis/820c49a9-8067-47c7-9ac7-91adcd982e9a
2019-07-29 15:12:53,418 INFO  server.RaftServerConfigKeys (ConfUtils.java:logGet(43)) - raft.server.log.queue.byte-limit = 2147483647 (custom)
2019-07-29 15:12:53,419 INFO  server.RaftServerConfigKeys (ConfUtils.java:logGet(43)) - raft.server.log.queue.element-limit = 1024 (custom)
2019-07-29 15:12:53,424 INFO  server.RaftServerConfigKeys (ConfUtils.java:logGet(43)) - raft.server.log.segment.size.max = 1048576 (custom)
2019-07-29 15:12:53,425 INFO  server.RaftServerConfigKeys (ConfUtils.java:logGet(43)) - raft.server.log.preallocated.size = 16384 (custom)
2019-07-29 15:12:53,425 INFO  server.RaftServerConfigKeys (ConfUtils.java:logGet(43)) - raft.server.log.write.buffer.size = 33554432 (custom)
2019-07-29 15:12:53,425 INFO  server.RaftServerConfigKeys (ConfUtils.java:logGet(43)) - raft.server.log.force.sync.num = 128 (default)
2019-07-29 15:12:53,426 INFO  server.RaftServerConfigKeys (ConfUtils.java:logGet(43)) - raft.server.log.statemachine.data.sync = true (default)
2019-07-29 15:12:53,427 INFO  server.RaftServerConfigKeys (ConfUtils.java:logGet(43)) - raft.server.log.statemachine.data.sync.timeout = 10s (default)
2019-07-29 15:12:53,427 INFO  server.RaftServerConfigKeys (ConfUtils.java:logGet(43)) - raft.server.log.statemachine.data.sync.timeout.retry = -1 (default)
2019-07-29 15:12:53,437 INFO  server.RaftServerConfigKeys (ConfUtils.java:logGet(43)) - raft.server.log.statemachine.data.caching.enabled = true (custom)
2019-07-29 15:12:53,441 INFO  segmented.SegmentedRaftLogWorker (SegmentedRaftLogWorker.java:lambda$new$0(132)) - 8c12ddc8-f54c-45f0-a218-991996808d11-SegmentedRaftLogWorker:Storage Directory /workdir/hadoop-ozone/integration-test/target/test-dir/MiniOzoneClusterImpl-d73583e1-fe53-4975-a2cf-a60db5c49538/datanode-0/data/ratis/820c49a9-8067-47c7-9ac7-91adcd982e9a: flushIndex: setUnconditionally 0 -> -1
2019-07-29 15:12:53,446 INFO  server.RaftServerConfigKeys (ConfUtils.java:logGet(43)) - raft.server.snapshot.auto.trigger.enabled = true (custom)
2019-07-29 15:12:53,446 INFO  server.RaftServerConfigKeys (ConfUtils.java:logGet(43)) - raft.server.snapshot.auto.trigger.threshold = 10000 (custom)
2019-07-29 15:12:53,447 INFO  server.RaftServerConfigKeys (ConfUtils.java:logGet(43)) - raft.server.retrycache.expirytime = 600000ms (custom)
2019-07-29 15:12:53,467 INFO  impl.RaftServerImpl (RaftServerImpl.java:start(180)) - 8c12ddc8-f54c-45f0-a218-991996808d11: start group-91ADCD982E9A
2019-07-29 15:12:53,468 INFO  impl.RaftServerImpl (RaftServerImpl.java:setRole(171)) - 8c12ddc8-f54c-45f0-a218-991996808d11:group-91ADCD982E9A changes role from null to FOLLOWER at term 0 for startAsFollower
2019-07-29 15:12:53,469 INFO  impl.RoleInfo (RoleInfo.java:updateAndGet(143)) - 8c12ddc8-f54c-45f0-a218-991996808d11: start FollowerState
2019-07-29 15:12:53,471 INFO  util.JmxRegister (JmxRegister.java:tryRegister(44)) - Successfully registered JMX Bean with object name Ratis:service=RaftServer,group=group-91ADCD982E9A,id=8c12ddc8-f54c-45f0-a218-991996808d11
2019-07-29 15:12:53,530 INFO  ozone.MiniOzoneClusterImpl (MiniOzoneClusterImpl.java:lambda$waitForClusterToBeReady$0(142)) - Waiting for cluster to be ready. Got 6 of 7 DN Heartbeats.
2019-07-29 15:12:53,532 INFO  net.NetworkTopology (NetworkTopologyImpl.java:add(110)) - Added a new node: /default-rack/c937352c-9ae0-4e18-9e19-db0ef9e031ea
2019-07-29 15:12:53,533 INFO  node.SCMNodeManager (SCMNodeManager.java:register(273)) - Registered Data node : c937352c-9ae0-4e18-9e19-db0ef9e031ea{ip: 192.168.157.194, host: byscane-nightly-74r8j-760408800, networkLocation: /default-rack, certSerialId: null}
2019-07-29 15:12:53,538 INFO  pipeline.PipelineStateManager (PipelineStateManager.java:addPipeline(56)) - Created pipeline Pipeline[ Id: 820c49a9-8067-47c7-9ac7-91adcd982e9a, Nodes: 8c12ddc8-f54c-45f0-a218-991996808d11{ip: 192.168.157.194, host: byscane-nightly-74r8j-760408800, networkLocation: /default-rack, certSerialId: null}, Type:RATIS, Factor:ONE, State:OPEN]
2019-07-29 15:12:53,568 INFO  impl.RaftServerProxy (RaftServerProxy.java:addNew(89)) - 49751be9-4999-4a95-b2b7-8fc228ce6d9b: addNew group-CCEDD4EB618C:[49751be9-4999-4a95-b2b7-8fc228ce6d9b:192.168.157.194:33007] returns group-CCEDD4EB618C:java.util.concurrent.CompletableFuture@1bc32ff0[Not completed]
2019-07-29 15:12:53,626 INFO  impl.RaftServerImpl (RaftServerImpl.java:<init>(93)) - 49751be9-4999-4a95-b2b7-8fc228ce6d9b: new RaftServerImpl for group-CCEDD4EB618C:[49751be9-4999-4a95-b2b7-8fc228ce6d9b:192.168.157.194:33007] with ContainerStateMachine:uninitialized
2019-07-29 15:12:53,628 INFO  server.RaftServerConfigKeys (ConfUtils.java:logGet(43)) - raft.server.rpc.timeout.min = 5s (custom)
2019-07-29 15:12:53,628 INFO  server.RaftServerConfigKeys (ConfUtils.java:logGet(43)) - raft.server.rpc.timeout.max = 5200ms (custom)
2019-07-29 15:12:53,628 INFO  server.RaftServerConfigKeys (ConfUtils.java:logGet(43)) - raft.server.rpcslowness.timeout = 120s (custom)
2019-07-29 15:12:53,628 INFO  server.RaftServerConfigKeys (ConfUtils.java:logGet(43)) - raft.server.sleep.deviation.threshold = 300 (default)
2019-07-29 15:12:53,629 INFO  server.RaftServerConfigKeys (ConfUtils.java:logGet(43)) - raft.server.log.appender.install.snapshot.enabled = false (custom)
2019-07-29 15:12:53,629 INFO  impl.RaftServerImpl (ServerState.java:<init>(105)) - 49751be9-4999-4a95-b2b7-8fc228ce6d9b:group-CCEDD4EB618C ConfigurationManager, init=-1: [49751be9-4999-4a95-b2b7-8fc228ce6d9b:192.168.157.194:33007], old=null, confs=<EMPTY_MAP>
2019-07-29 15:12:53,629 INFO  server.RaftServerConfigKeys (ConfUtils.java:logGet(43)) - raft.server.storage.dir = [/workdir/hadoop-ozone/integration-test/target/test-dir/MiniOzoneClusterImpl-d73583e1-fe53-4975-a2cf-a60db5c49538/datanode-2/data/ratis] (custom)
2019-07-29 15:12:53,630 INFO  storage.RaftStorageDirectory (RaftStorageDirectory.java:analyzeStorage(246)) - The storage directory /workdir/hadoop-ozone/integration-test/target/test-dir/MiniOzoneClusterImpl-d73583e1-fe53-4975-a2cf-a60db5c49538/datanode-2/data/ratis/d61291a1-46d8-456c-a41c-ccedd4eb618c does not exist. Creating ...
2019-07-29 15:12:53,656 INFO  storage.RaftStorageDirectory (RaftStorageDirectory.java:tryLock(328)) - Lock on /workdir/hadoop-ozone/integration-test/target/test-dir/MiniOzoneClusterImpl-d73583e1-fe53-4975-a2cf-a60db5c49538/datanode-2/data/ratis/d61291a1-46d8-456c-a41c-ccedd4eb618c/in_use.lock acquired by nodename 31275@byscane-nightly-74r8j-760408800
2019-07-29 15:12:53,668 INFO  storage.RaftStorage (RaftStorage.java:format(72)) - Storage directory /workdir/hadoop-ozone/integration-test/target/test-dir/MiniOzoneClusterImpl-d73583e1-fe53-4975-a2cf-a60db5c49538/datanode-2/data/ratis/d61291a1-46d8-456c-a41c-ccedd4eb618c has been successfully formatted.
2019-07-29 15:12:53,670 INFO  ratis.ContainerStateMachine (ContainerStateMachine.java:loadSnapshot(213)) - group-CCEDD4EB618C: The snapshot info is null. Setting the last applied indexto:(t:0, i:~)
2019-07-29 15:12:53,672 INFO  server.RaftServerConfigKeys (ConfUtils.java:logGet(43)) - raft.server.leader.election.timeout = 120s (custom)
2019-07-29 15:12:53,673 INFO  server.RaftServerConfigKeys (ConfUtils.java:logGet(43)) - raft.server.log.use.memory = false (default)
2019-07-29 15:12:53,673 INFO  server.RaftServerConfigKeys (ConfUtils.java:logGet(43)) - raft.server.log.purge.gap = 1000000000 (custom)
2019-07-29 15:12:53,673 INFO  server.RaftServerConfigKeys (ConfUtils.java:logGet(43)) - raft.server.log.appender.buffer.byte-limit = 33554432 (custom)
2019-07-29 15:12:53,673 INFO  server.RaftServerConfigKeys (ConfUtils.java:logGet(43)) - raft.server.log.segment.size.max = 1048576 (custom)
2019-07-29 15:12:53,673 INFO  server.RaftServerConfigKeys (ConfUtils.java:logGet(43)) - raft.server.log.segment.cache.num.max = 2 (custom)
2019-07-29 15:12:53,674 INFO  segmented.SegmentedRaftLogWorker (SegmentedRaftLogWorker.java:<init>(172)) - new 49751be9-4999-4a95-b2b7-8fc228ce6d9b-SegmentedRaftLogWorker:Storage Directory /workdir/hadoop-ozone/integration-test/target/test-dir/MiniOzoneClusterImpl-d73583e1-fe53-4975-a2cf-a60db5c49538/datanode-2/data/ratis/d61291a1-46d8-456c-a41c-ccedd4eb618c for RaftStorage:Storage Directory /workdir/hadoop-ozone/integration-test/target/test-dir/MiniOzoneClusterImpl-d73583e1-fe53-4975-a2cf-a60db5c49538/datanode-2/data/ratis/d61291a1-46d8-456c-a41c-ccedd4eb618c
2019-07-29 15:12:53,676 INFO  server.RaftServerConfigKeys (ConfUtils.java:logGet(43)) - raft.server.log.queue.byte-limit = 2147483647 (custom)
2019-07-29 15:12:53,676 INFO  server.RaftServerConfigKeys (ConfUtils.java:logGet(43)) - raft.server.log.queue.element-limit = 1024 (custom)
2019-07-29 15:12:53,676 INFO  server.RaftServerConfigKeys (ConfUtils.java:logGet(43)) - raft.server.log.segment.size.max = 1048576 (custom)
2019-07-29 15:12:53,677 INFO  server.RaftServerConfigKeys (ConfUtils.java:logGet(43)) - raft.server.log.preallocated.size = 16384 (custom)
2019-07-29 15:12:53,677 INFO  server.RaftServerConfigKeys (ConfUtils.java:logGet(43)) - raft.server.log.write.buffer.size = 33554432 (custom)
2019-07-29 15:12:53,677 INFO  server.RaftServerConfigKeys (ConfUtils.java:logGet(43)) - raft.server.log.force.sync.num = 128 (default)
2019-07-29 15:12:53,677 INFO  server.RaftServerConfigKeys (ConfUtils.java:logGet(43)) - raft.server.log.statemachine.data.sync = true (default)
2019-07-29 15:12:53,677 INFO  server.RaftServerConfigKeys (ConfUtils.java:logGet(43)) - raft.server.log.statemachine.data.sync.timeout = 10s (default)
2019-07-29 15:12:53,677 INFO  server.RaftServerConfigKeys (ConfUtils.java:logGet(43)) - raft.server.log.statemachine.data.sync.timeout.retry = -1 (default)
2019-07-29 15:12:53,678 INFO  server.RaftServerConfigKeys (ConfUtils.java:logGet(43)) - raft.server.log.statemachine.data.caching.enabled = true (custom)
2019-07-29 15:12:53,678 INFO  segmented.SegmentedRaftLogWorker (SegmentedRaftLogWorker.java:lambda$new$0(132)) - 49751be9-4999-4a95-b2b7-8fc228ce6d9b-SegmentedRaftLogWorker:Storage Directory /workdir/hadoop-ozone/integration-test/target/test-dir/MiniOzoneClusterImpl-d73583e1-fe53-4975-a2cf-a60db5c49538/datanode-2/data/ratis/d61291a1-46d8-456c-a41c-ccedd4eb618c: flushIndex: setUnconditionally 0 -> -1
2019-07-29 15:12:53,679 INFO  server.RaftServerConfigKeys (ConfUtils.java:logGet(43)) - raft.server.snapshot.auto.trigger.enabled = true (custom)
2019-07-29 15:12:53,679 INFO  server.RaftServerConfigKeys (ConfUtils.java:logGet(43)) - raft.server.snapshot.auto.trigger.threshold = 10000 (custom)
2019-07-29 15:12:53,679 INFO  server.RaftServerConfigKeys (ConfUtils.java:logGet(43)) - raft.server.retrycache.expirytime = 600000ms (custom)
2019-07-29 15:12:53,680 INFO  impl.RaftServerImpl (RaftServerImpl.java:start(180)) - 49751be9-4999-4a95-b2b7-8fc228ce6d9b: start group-CCEDD4EB618C
2019-07-29 15:12:53,680 INFO  impl.RaftServerImpl (RaftServerImpl.java:setRole(171)) - 49751be9-4999-4a95-b2b7-8fc228ce6d9b:group-CCEDD4EB618C changes role from null to FOLLOWER at term 0 for startAsFollower
2019-07-29 15:12:53,680 INFO  impl.RoleInfo (RoleInfo.java:updateAndGet(143)) - 49751be9-4999-4a95-b2b7-8fc228ce6d9b: start FollowerState
2019-07-29 15:12:53,683 INFO  util.JmxRegister (JmxRegister.java:tryRegister(44)) - Successfully registered JMX Bean with object name Ratis:service=RaftServer,group=group-CCEDD4EB618C,id=49751be9-4999-4a95-b2b7-8fc228ce6d9b
2019-07-29 15:12:53,700 INFO  pipeline.PipelineStateManager (PipelineStateManager.java:addPipeline(56)) - Created pipeline Pipeline[ Id: d61291a1-46d8-456c-a41c-ccedd4eb618c, Nodes: 49751be9-4999-4a95-b2b7-8fc228ce6d9b{ip: 192.168.157.194, host: byscane-nightly-74r8j-760408800, networkLocation: /default-rack, certSerialId: null}, Type:RATIS, Factor:ONE, State:OPEN]
2019-07-29 15:12:53,731 INFO  impl.RaftServerProxy (RaftServerProxy.java:addNew(89)) - f4696a1b-635b-453d-b263-ccccb034112d: addNew group-BBDD44FA803A:[f4696a1b-635b-453d-b263-ccccb034112d:192.168.157.194:41552] returns group-BBDD44FA803A:java.util.concurrent.CompletableFuture@2b341be9[Not completed]
2019-07-29 15:12:53,745 INFO  impl.RaftServerImpl (RaftServerImpl.java:<init>(93)) - f4696a1b-635b-453d-b263-ccccb034112d: new RaftServerImpl for group-BBDD44FA803A:[f4696a1b-635b-453d-b263-ccccb034112d:192.168.157.194:41552] with ContainerStateMachine:uninitialized
2019-07-29 15:12:53,745 INFO  server.RaftServerConfigKeys (ConfUtils.java:logGet(43)) - raft.server.rpc.timeout.min = 5s (custom)
2019-07-29 15:12:53,746 INFO  server.RaftServerConfigKeys (ConfUtils.java:logGet(43)) - raft.server.rpc.timeout.max = 5200ms (custom)
2019-07-29 15:12:53,746 INFO  server.RaftServerConfigKeys (ConfUtils.java:logGet(43)) - raft.server.rpcslowness.timeout = 120s (custom)
2019-07-29 15:12:53,746 INFO  server.RaftServerConfigKeys (ConfUtils.java:logGet(43)) - raft.server.sleep.deviation.threshold = 300 (default)
2019-07-29 15:12:53,746 INFO  server.RaftServerConfigKeys (ConfUtils.java:logGet(43)) - raft.server.log.appender.install.snapshot.enabled = false (custom)
2019-07-29 15:12:53,746 INFO  impl.RaftServerImpl (ServerState.java:<init>(105)) - f4696a1b-635b-453d-b263-ccccb034112d:group-BBDD44FA803A ConfigurationManager, init=-1: [f4696a1b-635b-453d-b263-ccccb034112d:192.168.157.194:41552], old=null, confs=<EMPTY_MAP>
2019-07-29 15:12:53,746 INFO  server.RaftServerConfigKeys (ConfUtils.java:logGet(43)) - raft.server.storage.dir = [/workdir/hadoop-ozone/integration-test/target/test-dir/MiniOzoneClusterImpl-d73583e1-fe53-4975-a2cf-a60db5c49538/datanode-4/data/ratis] (custom)
2019-07-29 15:12:53,747 INFO  storage.RaftStorageDirectory (RaftStorageDirectory.java:analyzeStorage(246)) - The storage directory /workdir/hadoop-ozone/integration-test/target/test-dir/MiniOzoneClusterImpl-d73583e1-fe53-4975-a2cf-a60db5c49538/datanode-4/data/ratis/448b1b8a-b8e9-4bf8-97fa-bbdd44fa803a does not exist. Creating ...
2019-07-29 15:12:53,760 INFO  storage.RaftStorageDirectory (RaftStorageDirectory.java:tryLock(328)) - Lock on /workdir/hadoop-ozone/integration-test/target/test-dir/MiniOzoneClusterImpl-d73583e1-fe53-4975-a2cf-a60db5c49538/datanode-4/data/ratis/448b1b8a-b8e9-4bf8-97fa-bbdd44fa803a/in_use.lock acquired by nodename 31275@byscane-nightly-74r8j-760408800
2019-07-29 15:12:53,776 INFO  storage.RaftStorage (RaftStorage.java:format(72)) - Storage directory /workdir/hadoop-ozone/integration-test/target/test-dir/MiniOzoneClusterImpl-d73583e1-fe53-4975-a2cf-a60db5c49538/datanode-4/data/ratis/448b1b8a-b8e9-4bf8-97fa-bbdd44fa803a has been successfully formatted.
2019-07-29 15:12:53,776 INFO  ratis.ContainerStateMachine (ContainerStateMachine.java:loadSnapshot(213)) - group-BBDD44FA803A: The snapshot info is null. Setting the last applied indexto:(t:0, i:~)
2019-07-29 15:12:53,777 INFO  server.RaftServerConfigKeys (ConfUtils.java:logGet(43)) - raft.server.leader.election.timeout = 120s (custom)
2019-07-29 15:12:53,777 INFO  server.RaftServerConfigKeys (ConfUtils.java:logGet(43)) - raft.server.log.use.memory = false (default)
2019-07-29 15:12:53,777 INFO  server.RaftServerConfigKeys (ConfUtils.java:logGet(43)) - raft.server.log.purge.gap = 1000000000 (custom)
2019-07-29 15:12:53,777 INFO  server.RaftServerConfigKeys (ConfUtils.java:logGet(43)) - raft.server.log.appender.buffer.byte-limit = 33554432 (custom)
2019-07-29 15:12:53,777 INFO  server.RaftServerConfigKeys (ConfUtils.java:logGet(43)) - raft.server.log.segment.size.max = 1048576 (custom)
2019-07-29 15:12:53,777 INFO  server.RaftServerConfigKeys (ConfUtils.java:logGet(43)) - raft.server.log.segment.cache.num.max = 2 (custom)
2019-07-29 15:12:53,778 INFO  segmented.SegmentedRaftLogWorker (SegmentedRaftLogWorker.java:<init>(172)) - new f4696a1b-635b-453d-b263-ccccb034112d-SegmentedRaftLogWorker:Storage Directory /workdir/hadoop-ozone/integration-test/target/test-dir/MiniOzoneClusterImpl-d73583e1-fe53-4975-a2cf-a60db5c49538/datanode-4/data/ratis/448b1b8a-b8e9-4bf8-97fa-bbdd44fa803a for RaftStorage:Storage Directory /workdir/hadoop-ozone/integration-test/target/test-dir/MiniOzoneClusterImpl-d73583e1-fe53-4975-a2cf-a60db5c49538/datanode-4/data/ratis/448b1b8a-b8e9-4bf8-97fa-bbdd44fa803a
2019-07-29 15:12:53,778 INFO  server.RaftServerConfigKeys (ConfUtils.java:logGet(43)) - raft.server.log.queue.byte-limit = 2147483647 (custom)
2019-07-29 15:12:53,778 INFO  server.RaftServerConfigKeys (ConfUtils.java:logGet(43)) - raft.server.log.queue.element-limit = 1024 (custom)
2019-07-29 15:12:53,779 INFO  server.RaftServerConfigKeys (ConfUtils.java:logGet(43)) - raft.server.log.segment.size.max = 1048576 (custom)
2019-07-29 15:12:53,779 INFO  server.RaftServerConfigKeys (ConfUtils.java:logGet(43)) - raft.server.log.preallocated.size = 16384 (custom)
2019-07-29 15:12:53,779 INFO  server.RaftServerConfigKeys (ConfUtils.java:logGet(43)) - raft.server.log.write.buffer.size = 33554432 (custom)
2019-07-29 15:12:53,779 INFO  server.RaftServerConfigKeys (ConfUtils.java:logGet(43)) - raft.server.log.force.sync.num = 128 (default)
2019-07-29 15:12:53,779 INFO  server.RaftServerConfigKeys (ConfUtils.java:logGet(43)) - raft.server.log.statemachine.data.sync = true (default)
2019-07-29 15:12:53,779 INFO  server.RaftServerConfigKeys (ConfUtils.java:logGet(43)) - raft.server.log.statemachine.data.sync.timeout = 10s (default)
2019-07-29 15:12:53,780 INFO  server.RaftServerConfigKeys (ConfUtils.java:logGet(43)) - raft.server.log.statemachine.data.sync.timeout.retry = -1 (default)
2019-07-29 15:12:53,780 INFO  server.RaftServerConfigKeys (ConfUtils.java:logGet(43)) - raft.server.log.statemachine.data.caching.enabled = true (custom)
2019-07-29 15:12:53,780 INFO  segmented.SegmentedRaftLogWorker (SegmentedRaftLogWorker.java:lambda$new$0(132)) - f4696a1b-635b-453d-b263-ccccb034112d-SegmentedRaftLogWorker:Storage Directory /workdir/hadoop-ozone/integration-test/target/test-dir/MiniOzoneClusterImpl-d73583e1-fe53-4975-a2cf-a60db5c49538/datanode-4/data/ratis/448b1b8a-b8e9-4bf8-97fa-bbdd44fa803a: flushIndex: setUnconditionally 0 -> -1
2019-07-29 15:12:53,781 INFO  server.RaftServerConfigKeys (ConfUtils.java:logGet(43)) - raft.server.snapshot.auto.trigger.enabled = true (custom)
2019-07-29 15:12:53,781 INFO  server.RaftServerConfigKeys (ConfUtils.java:logGet(43)) - raft.server.snapshot.auto.trigger.threshold = 10000 (custom)
2019-07-29 15:12:53,781 INFO  server.RaftServerConfigKeys (ConfUtils.java:logGet(43)) - raft.server.retrycache.expirytime = 600000ms (custom)
2019-07-29 15:12:53,781 INFO  impl.RaftServerImpl (RaftServerImpl.java:start(180)) - f4696a1b-635b-453d-b263-ccccb034112d: start group-BBDD44FA803A
2019-07-29 15:12:53,782 INFO  impl.RaftServerImpl (RaftServerImpl.java:setRole(171)) - f4696a1b-635b-453d-b263-ccccb034112d:group-BBDD44FA803A changes role from null to FOLLOWER at term 0 for startAsFollower
2019-07-29 15:12:53,782 INFO  impl.RoleInfo (RoleInfo.java:updateAndGet(143)) - f4696a1b-635b-453d-b263-ccccb034112d: start FollowerState
2019-07-29 15:12:53,782 INFO  util.JmxRegister (JmxRegister.java:tryRegister(44)) - Successfully registered JMX Bean with object name Ratis:service=RaftServer,group=group-BBDD44FA803A,id=f4696a1b-635b-453d-b263-ccccb034112d
2019-07-29 15:12:53,797 INFO  pipeline.PipelineStateManager (PipelineStateManager.java:addPipeline(56)) - Created pipeline Pipeline[ Id: 448b1b8a-b8e9-4bf8-97fa-bbdd44fa803a, Nodes: f4696a1b-635b-453d-b263-ccccb034112d{ip: 192.168.157.194, host: byscane-nightly-74r8j-760408800, networkLocation: /default-rack, certSerialId: null}, Type:RATIS, Factor:ONE, State:OPEN]
2019-07-29 15:12:53,823 INFO  impl.RaftServerProxy (RaftServerProxy.java:addNew(89)) - c0e4dbcc-6d58-4d9c-983d-96ebbb2015c1: addNew group-30BACA44B9DD:[c0e4dbcc-6d58-4d9c-983d-96ebbb2015c1:192.168.157.194:41135] returns group-30BACA44B9DD:java.util.concurrent.CompletableFuture@32ec07bd[Not completed]
2019-07-29 15:12:53,826 INFO  impl.RaftServerImpl (RaftServerImpl.java:<init>(93)) - c0e4dbcc-6d58-4d9c-983d-96ebbb2015c1: new RaftServerImpl for group-30BACA44B9DD:[c0e4dbcc-6d58-4d9c-983d-96ebbb2015c1:192.168.157.194:41135] with ContainerStateMachine:uninitialized
2019-07-29 15:12:53,826 INFO  server.RaftServerConfigKeys (ConfUtils.java:logGet(43)) - raft.server.rpc.timeout.min = 5s (custom)
2019-07-29 15:12:53,826 INFO  server.RaftServerConfigKeys (ConfUtils.java:logGet(43)) - raft.server.rpc.timeout.max = 5200ms (custom)
2019-07-29 15:12:53,826 INFO  server.RaftServerConfigKeys (ConfUtils.java:logGet(43)) - raft.server.rpcslowness.timeout = 120s (custom)
2019-07-29 15:12:53,827 INFO  server.RaftServerConfigKeys (ConfUtils.java:logGet(43)) - raft.server.sleep.deviation.threshold = 300 (default)
2019-07-29 15:12:53,827 INFO  server.RaftServerConfigKeys (ConfUtils.java:logGet(43)) - raft.server.log.appender.install.snapshot.enabled = false (custom)
2019-07-29 15:12:53,827 INFO  impl.RaftServerImpl (ServerState.java:<init>(105)) - c0e4dbcc-6d58-4d9c-983d-96ebbb2015c1:group-30BACA44B9DD ConfigurationManager, init=-1: [c0e4dbcc-6d58-4d9c-983d-96ebbb2015c1:192.168.157.194:41135], old=null, confs=<EMPTY_MAP>
2019-07-29 15:12:53,827 INFO  server.RaftServerConfigKeys (ConfUtils.java:logGet(43)) - raft.server.storage.dir = [/workdir/hadoop-ozone/integration-test/target/test-dir/MiniOzoneClusterImpl-d73583e1-fe53-4975-a2cf-a60db5c49538/datanode-3/data/ratis] (custom)
2019-07-29 15:12:53,828 INFO  storage.RaftStorageDirectory (RaftStorageDirectory.java:analyzeStorage(246)) - The storage directory /workdir/hadoop-ozone/integration-test/target/test-dir/MiniOzoneClusterImpl-d73583e1-fe53-4975-a2cf-a60db5c49538/datanode-3/data/ratis/1d8154bb-d509-45fb-b186-30baca44b9dd does not exist. Creating ...
2019-07-29 15:12:53,849 INFO  storage.RaftStorageDirectory (RaftStorageDirectory.java:tryLock(328)) - Lock on /workdir/hadoop-ozone/integration-test/target/test-dir/MiniOzoneClusterImpl-d73583e1-fe53-4975-a2cf-a60db5c49538/datanode-3/data/ratis/1d8154bb-d509-45fb-b186-30baca44b9dd/in_use.lock acquired by nodename 31275@byscane-nightly-74r8j-760408800
2019-07-29 15:12:53,861 INFO  storage.RaftStorage (RaftStorage.java:format(72)) - Storage directory /workdir/hadoop-ozone/integration-test/target/test-dir/MiniOzoneClusterImpl-d73583e1-fe53-4975-a2cf-a60db5c49538/datanode-3/data/ratis/1d8154bb-d509-45fb-b186-30baca44b9dd has been successfully formatted.
2019-07-29 15:12:53,862 INFO  ratis.ContainerStateMachine (ContainerStateMachine.java:loadSnapshot(213)) - group-30BACA44B9DD: The snapshot info is null. Setting the last applied indexto:(t:0, i:~)
2019-07-29 15:12:53,862 INFO  server.RaftServerConfigKeys (ConfUtils.java:logGet(43)) - raft.server.leader.election.timeout = 120s (custom)
2019-07-29 15:12:53,862 INFO  server.RaftServerConfigKeys (ConfUtils.java:logGet(43)) - raft.server.log.use.memory = false (default)
2019-07-29 15:12:53,863 INFO  server.RaftServerConfigKeys (ConfUtils.java:logGet(43)) - raft.server.log.purge.gap = 1000000000 (custom)
2019-07-29 15:12:53,863 INFO  server.RaftServerConfigKeys (ConfUtils.java:logGet(43)) - raft.server.log.appender.buffer.byte-limit = 33554432 (custom)
2019-07-29 15:12:53,863 INFO  server.RaftServerConfigKeys (ConfUtils.java:logGet(43)) - raft.server.log.segment.size.max = 1048576 (custom)
2019-07-29 15:12:53,863 INFO  server.RaftServerConfigKeys (ConfUtils.java:logGet(43)) - raft.server.log.segment.cache.num.max = 2 (custom)
2019-07-29 15:12:53,863 INFO  segmented.SegmentedRaftLogWorker (SegmentedRaftLogWorker.java:<init>(172)) - new c0e4dbcc-6d58-4d9c-983d-96ebbb2015c1-SegmentedRaftLogWorker:Storage Directory /workdir/hadoop-ozone/integration-test/target/test-dir/MiniOzoneClusterImpl-d73583e1-fe53-4975-a2cf-a60db5c49538/datanode-3/data/ratis/1d8154bb-d509-45fb-b186-30baca44b9dd for RaftStorage:Storage Directory /workdir/hadoop-ozone/integration-test/target/test-dir/MiniOzoneClusterImpl-d73583e1-fe53-4975-a2cf-a60db5c49538/datanode-3/data/ratis/1d8154bb-d509-45fb-b186-30baca44b9dd
2019-07-29 15:12:53,864 INFO  server.RaftServerConfigKeys (ConfUtils.java:logGet(43)) - raft.server.log.queue.byte-limit = 2147483647 (custom)
2019-07-29 15:12:53,864 INFO  server.RaftServerConfigKeys (ConfUtils.java:logGet(43)) - raft.server.log.queue.element-limit = 1024 (custom)
2019-07-29 15:12:53,864 INFO  server.RaftServerConfigKeys (ConfUtils.java:logGet(43)) - raft.server.log.segment.size.max = 1048576 (custom)
2019-07-29 15:12:53,864 INFO  server.RaftServerConfigKeys (ConfUtils.java:logGet(43)) - raft.server.log.preallocated.size = 16384 (custom)
2019-07-29 15:12:53,865 INFO  server.RaftServerConfigKeys (ConfUtils.java:logGet(43)) - raft.server.log.write.buffer.size = 33554432 (custom)
2019-07-29 15:12:53,865 INFO  server.RaftServerConfigKeys (ConfUtils.java:logGet(43)) - raft.server.log.force.sync.num = 128 (default)
2019-07-29 15:12:53,865 INFO  server.RaftServerConfigKeys (ConfUtils.java:logGet(43)) - raft.server.log.statemachine.data.sync = true (default)
2019-07-29 15:12:53,865 INFO  server.RaftServerConfigKeys (ConfUtils.java:logGet(43)) - raft.server.log.statemachine.data.sync.timeout = 10s (default)
2019-07-29 15:12:53,865 INFO  server.RaftServerConfigKeys (ConfUtils.java:logGet(43)) - raft.server.log.statemachine.data.sync.timeout.retry = -1 (default)
2019-07-29 15:12:53,866 INFO  server.RaftServerConfigKeys (ConfUtils.java:logGet(43)) - raft.server.log.statemachine.data.caching.enabled = true (custom)
2019-07-29 15:12:53,866 INFO  segmented.SegmentedRaftLogWorker (SegmentedRaftLogWorker.java:lambda$new$0(132)) - c0e4dbcc-6d58-4d9c-983d-96ebbb2015c1-SegmentedRaftLogWorker:Storage Directory /workdir/hadoop-ozone/integration-test/target/test-dir/MiniOzoneClusterImpl-d73583e1-fe53-4975-a2cf-a60db5c49538/datanode-3/data/ratis/1d8154bb-d509-45fb-b186-30baca44b9dd: flushIndex: setUnconditionally 0 -> -1
2019-07-29 15:12:53,867 INFO  server.RaftServerConfigKeys (ConfUtils.java:logGet(43)) - raft.server.snapshot.auto.trigger.enabled = true (custom)
2019-07-29 15:12:53,867 INFO  server.RaftServerConfigKeys (ConfUtils.java:logGet(43)) - raft.server.snapshot.auto.trigger.threshold = 10000 (custom)
2019-07-29 15:12:53,867 INFO  server.RaftServerConfigKeys (ConfUtils.java:logGet(43)) - raft.server.retrycache.expirytime = 600000ms (custom)
2019-07-29 15:12:53,867 INFO  impl.RaftServerImpl (RaftServerImpl.java:start(180)) - c0e4dbcc-6d58-4d9c-983d-96ebbb2015c1: start group-30BACA44B9DD
2019-07-29 15:12:53,868 INFO  impl.RaftServerImpl (RaftServerImpl.java:setRole(171)) - c0e4dbcc-6d58-4d9c-983d-96ebbb2015c1:group-30BACA44B9DD changes role from null to FOLLOWER at term 0 for startAsFollower
2019-07-29 15:12:53,868 INFO  impl.RoleInfo (RoleInfo.java:updateAndGet(143)) - c0e4dbcc-6d58-4d9c-983d-96ebbb2015c1: start FollowerState
2019-07-29 15:12:53,868 INFO  util.JmxRegister (JmxRegister.java:tryRegister(44)) - Successfully registered JMX Bean with object name Ratis:service=RaftServer,group=group-30BACA44B9DD,id=c0e4dbcc-6d58-4d9c-983d-96ebbb2015c1
2019-07-29 15:12:53,883 INFO  pipeline.PipelineStateManager (PipelineStateManager.java:addPipeline(56)) - Created pipeline Pipeline[ Id: 1d8154bb-d509-45fb-b186-30baca44b9dd, Nodes: c0e4dbcc-6d58-4d9c-983d-96ebbb2015c1{ip: 192.168.157.194, host: byscane-nightly-74r8j-760408800, networkLocation: /default-rack, certSerialId: null}, Type:RATIS, Factor:ONE, State:OPEN]
2019-07-29 15:12:53,908 INFO  impl.RaftServerProxy (RaftServerProxy.java:addNew(89)) - 78bd14f6-8012-4f9d-b5f4-35e188091916: addNew group-8555F418BC5F:[78bd14f6-8012-4f9d-b5f4-35e188091916:192.168.157.194:41572] returns group-8555F418BC5F:java.util.concurrent.CompletableFuture@96a8b45[Not completed]
2019-07-29 15:12:53,912 INFO  impl.RaftServerImpl (RaftServerImpl.java:<init>(93)) - 78bd14f6-8012-4f9d-b5f4-35e188091916: new RaftServerImpl for group-8555F418BC5F:[78bd14f6-8012-4f9d-b5f4-35e188091916:192.168.157.194:41572] with ContainerStateMachine:uninitialized
2019-07-29 15:12:53,912 INFO  server.RaftServerConfigKeys (ConfUtils.java:logGet(43)) - raft.server.rpc.timeout.min = 5s (custom)
2019-07-29 15:12:53,913 INFO  server.RaftServerConfigKeys (ConfUtils.java:logGet(43)) - raft.server.rpc.timeout.max = 5200ms (custom)
2019-07-29 15:12:53,913 INFO  server.RaftServerConfigKeys (ConfUtils.java:logGet(43)) - raft.server.rpcslowness.timeout = 120s (custom)
2019-07-29 15:12:53,913 INFO  server.RaftServerConfigKeys (ConfUtils.java:logGet(43)) - raft.server.sleep.deviation.threshold = 300 (default)
2019-07-29 15:12:53,913 INFO  server.RaftServerConfigKeys (ConfUtils.java:logGet(43)) - raft.server.log.appender.install.snapshot.enabled = false (custom)
2019-07-29 15:12:53,913 INFO  impl.RaftServerImpl (ServerState.java:<init>(105)) - 78bd14f6-8012-4f9d-b5f4-35e188091916:group-8555F418BC5F ConfigurationManager, init=-1: [78bd14f6-8012-4f9d-b5f4-35e188091916:192.168.157.194:41572], old=null, confs=<EMPTY_MAP>
2019-07-29 15:12:53,914 INFO  server.RaftServerConfigKeys (ConfUtils.java:logGet(43)) - raft.server.storage.dir = [/workdir/hadoop-ozone/integration-test/target/test-dir/MiniOzoneClusterImpl-d73583e1-fe53-4975-a2cf-a60db5c49538/datanode-5/data/ratis] (custom)
2019-07-29 15:12:53,914 INFO  storage.RaftStorageDirectory (RaftStorageDirectory.java:analyzeStorage(246)) - The storage directory /workdir/hadoop-ozone/integration-test/target/test-dir/MiniOzoneClusterImpl-d73583e1-fe53-4975-a2cf-a60db5c49538/datanode-5/data/ratis/9fd892e6-f713-47c2-b40b-8555f418bc5f does not exist. Creating ...
2019-07-29 15:12:53,926 INFO  storage.RaftStorageDirectory (RaftStorageDirectory.java:tryLock(328)) - Lock on /workdir/hadoop-ozone/integration-test/target/test-dir/MiniOzoneClusterImpl-d73583e1-fe53-4975-a2cf-a60db5c49538/datanode-5/data/ratis/9fd892e6-f713-47c2-b40b-8555f418bc5f/in_use.lock acquired by nodename 31275@byscane-nightly-74r8j-760408800
2019-07-29 15:12:53,939 INFO  storage.RaftStorage (RaftStorage.java:format(72)) - Storage directory /workdir/hadoop-ozone/integration-test/target/test-dir/MiniOzoneClusterImpl-d73583e1-fe53-4975-a2cf-a60db5c49538/datanode-5/data/ratis/9fd892e6-f713-47c2-b40b-8555f418bc5f has been successfully formatted.
2019-07-29 15:12:53,940 INFO  ratis.ContainerStateMachine (ContainerStateMachine.java:loadSnapshot(213)) - group-8555F418BC5F: The snapshot info is null. Setting the last applied indexto:(t:0, i:~)
2019-07-29 15:12:53,940 INFO  server.RaftServerConfigKeys (ConfUtils.java:logGet(43)) - raft.server.leader.election.timeout = 120s (custom)
2019-07-29 15:12:53,940 INFO  server.RaftServerConfigKeys (ConfUtils.java:logGet(43)) - raft.server.log.use.memory = false (default)
2019-07-29 15:12:53,940 INFO  server.RaftServerConfigKeys (ConfUtils.java:logGet(43)) - raft.server.log.purge.gap = 1000000000 (custom)
2019-07-29 15:12:53,940 INFO  server.RaftServerConfigKeys (ConfUtils.java:logGet(43)) - raft.server.log.appender.buffer.byte-limit = 33554432 (custom)
2019-07-29 15:12:53,941 INFO  server.RaftServerConfigKeys (ConfUtils.java:logGet(43)) - raft.server.log.segment.size.max = 1048576 (custom)
2019-07-29 15:12:53,941 INFO  server.RaftServerConfigKeys (ConfUtils.java:logGet(43)) - raft.server.log.segment.cache.num.max = 2 (custom)
2019-07-29 15:12:53,941 INFO  segmented.SegmentedRaftLogWorker (SegmentedRaftLogWorker.java:<init>(172)) - new 78bd14f6-8012-4f9d-b5f4-35e188091916-SegmentedRaftLogWorker:Storage Directory /workdir/hadoop-ozone/integration-test/target/test-dir/MiniOzoneClusterImpl-d73583e1-fe53-4975-a2cf-a60db5c49538/datanode-5/data/ratis/9fd892e6-f713-47c2-b40b-8555f418bc5f for RaftStorage:Storage Directory /workdir/hadoop-ozone/integration-test/target/test-dir/MiniOzoneClusterImpl-d73583e1-fe53-4975-a2cf-a60db5c49538/datanode-5/data/ratis/9fd892e6-f713-47c2-b40b-8555f418bc5f
2019-07-29 15:12:53,941 INFO  server.RaftServerConfigKeys (ConfUtils.java:logGet(43)) - raft.server.log.queue.byte-limit = 2147483647 (custom)
2019-07-29 15:12:53,941 INFO  server.RaftServerConfigKeys (ConfUtils.java:logGet(43)) - raft.server.log.queue.element-limit = 1024 (custom)
2019-07-29 15:12:53,942 INFO  server.RaftServerConfigKeys (ConfUtils.java:logGet(43)) - raft.server.log.segment.size.max = 1048576 (custom)
2019-07-29 15:12:53,942 INFO  server.RaftServerConfigKeys (ConfUtils.java:logGet(43)) - raft.server.log.preallocated.size = 16384 (custom)
2019-07-29 15:12:53,942 INFO  server.RaftServerConfigKeys (ConfUtils.java:logGet(43)) - raft.server.log.write.buffer.size = 33554432 (custom)
2019-07-29 15:12:53,942 INFO  server.RaftServerConfigKeys (ConfUtils.java:logGet(43)) - raft.server.log.force.sync.num = 128 (default)
2019-07-29 15:12:53,942 INFO  server.RaftServerConfigKeys (ConfUtils.java:logGet(43)) - raft.server.log.statemachine.data.sync = true (default)
2019-07-29 15:12:53,942 INFO  server.RaftServerConfigKeys (ConfUtils.java:logGet(43)) - raft.server.log.statemachine.data.sync.timeout = 10s (default)
2019-07-29 15:12:53,943 INFO  server.RaftServerConfigKeys (ConfUtils.java:logGet(43)) - raft.server.log.statemachine.data.sync.timeout.retry = -1 (default)
2019-07-29 15:12:53,943 INFO  server.RaftServerConfigKeys (ConfUtils.java:logGet(43)) - raft.server.log.statemachine.data.caching.enabled = true (custom)
2019-07-29 15:12:53,943 INFO  segmented.SegmentedRaftLogWorker (SegmentedRaftLogWorker.java:lambda$new$0(132)) - 78bd14f6-8012-4f9d-b5f4-35e188091916-SegmentedRaftLogWorker:Storage Directory /workdir/hadoop-ozone/integration-test/target/test-dir/MiniOzoneClusterImpl-d73583e1-fe53-4975-a2cf-a60db5c49538/datanode-5/data/ratis/9fd892e6-f713-47c2-b40b-8555f418bc5f: flushIndex: setUnconditionally 0 -> -1
2019-07-29 15:12:53,944 INFO  server.RaftServerConfigKeys (ConfUtils.java:logGet(43)) - raft.server.snapshot.auto.trigger.enabled = true (custom)
2019-07-29 15:12:53,944 INFO  server.RaftServerConfigKeys (ConfUtils.java:logGet(43)) - raft.server.snapshot.auto.trigger.threshold = 10000 (custom)
2019-07-29 15:12:53,944 INFO  server.RaftServerConfigKeys (ConfUtils.java:logGet(43)) - raft.server.retrycache.expirytime = 600000ms (custom)
2019-07-29 15:12:53,944 INFO  impl.RaftServerImpl (RaftServerImpl.java:start(180)) - 78bd14f6-8012-4f9d-b5f4-35e188091916: start group-8555F418BC5F
2019-07-29 15:12:53,945 INFO  impl.RaftServerImpl (RaftServerImpl.java:setRole(171)) - 78bd14f6-8012-4f9d-b5f4-35e188091916:group-8555F418BC5F changes role from null to FOLLOWER at term 0 for startAsFollower
2019-07-29 15:12:53,945 INFO  impl.RoleInfo (RoleInfo.java:updateAndGet(143)) - 78bd14f6-8012-4f9d-b5f4-35e188091916: start FollowerState
2019-07-29 15:12:53,945 INFO  util.JmxRegister (JmxRegister.java:tryRegister(44)) - Successfully registered JMX Bean with object name Ratis:service=RaftServer,group=group-8555F418BC5F,id=78bd14f6-8012-4f9d-b5f4-35e188091916
2019-07-29 15:12:53,961 INFO  pipeline.PipelineStateManager (PipelineStateManager.java:addPipeline(56)) - Created pipeline Pipeline[ Id: 9fd892e6-f713-47c2-b40b-8555f418bc5f, Nodes: 78bd14f6-8012-4f9d-b5f4-35e188091916{ip: 192.168.157.194, host: byscane-nightly-74r8j-760408800, networkLocation: /default-rack, certSerialId: null}, Type:RATIS, Factor:ONE, State:OPEN]
2019-07-29 15:12:53,989 INFO  impl.RaftServerProxy (RaftServerProxy.java:addNew(89)) - c937352c-9ae0-4e18-9e19-db0ef9e031ea: addNew group-3C6BF9D64188:[c937352c-9ae0-4e18-9e19-db0ef9e031ea:192.168.157.194:34585] returns group-3C6BF9D64188:java.util.concurrent.CompletableFuture@4d91cf4b[Not completed]
2019-07-29 15:12:53,995 INFO  impl.RaftServerImpl (RaftServerImpl.java:<init>(93)) - c937352c-9ae0-4e18-9e19-db0ef9e031ea: new RaftServerImpl for group-3C6BF9D64188:[c937352c-9ae0-4e18-9e19-db0ef9e031ea:192.168.157.194:34585] with ContainerStateMachine:uninitialized
2019-07-29 15:12:53,995 INFO  server.RaftServerConfigKeys (ConfUtils.java:logGet(43)) - raft.server.rpc.timeout.min = 5s (custom)
2019-07-29 15:12:53,995 INFO  server.RaftServerConfigKeys (ConfUtils.java:logGet(43)) - raft.server.rpc.timeout.max = 5200ms (custom)
2019-07-29 15:12:53,995 INFO  server.RaftServerConfigKeys (ConfUtils.java:logGet(43)) - raft.server.rpcslowness.timeout = 120s (custom)
2019-07-29 15:12:53,995 INFO  server.RaftServerConfigKeys (ConfUtils.java:logGet(43)) - raft.server.sleep.deviation.threshold = 300 (default)
2019-07-29 15:12:53,996 INFO  server.RaftServerConfigKeys (ConfUtils.java:logGet(43)) - raft.server.log.appender.install.snapshot.enabled = false (custom)
2019-07-29 15:12:53,996 INFO  impl.RaftServerImpl (ServerState.java:<init>(105)) - c937352c-9ae0-4e18-9e19-db0ef9e031ea:group-3C6BF9D64188 ConfigurationManager, init=-1: [c937352c-9ae0-4e18-9e19-db0ef9e031ea:192.168.157.194:34585], old=null, confs=<EMPTY_MAP>
2019-07-29 15:12:53,996 INFO  server.RaftServerConfigKeys (ConfUtils.java:logGet(43)) - raft.server.storage.dir = [/workdir/hadoop-ozone/integration-test/target/test-dir/MiniOzoneClusterImpl-d73583e1-fe53-4975-a2cf-a60db5c49538/datanode-6/data/ratis] (custom)
2019-07-29 15:12:53,997 INFO  storage.RaftStorageDirectory (RaftStorageDirectory.java:analyzeStorage(246)) - The storage directory /workdir/hadoop-ozone/integration-test/target/test-dir/MiniOzoneClusterImpl-d73583e1-fe53-4975-a2cf-a60db5c49538/datanode-6/data/ratis/37c5675a-4d6f-4075-a601-3c6bf9d64188 does not exist. Creating ...
2019-07-29 15:12:54,009 INFO  storage.RaftStorageDirectory (RaftStorageDirectory.java:tryLock(328)) - Lock on /workdir/hadoop-ozone/integration-test/target/test-dir/MiniOzoneClusterImpl-d73583e1-fe53-4975-a2cf-a60db5c49538/datanode-6/data/ratis/37c5675a-4d6f-4075-a601-3c6bf9d64188/in_use.lock acquired by nodename 31275@byscane-nightly-74r8j-760408800
2019-07-29 15:12:54,022 INFO  storage.RaftStorage (RaftStorage.java:format(72)) - Storage directory /workdir/hadoop-ozone/integration-test/target/test-dir/MiniOzoneClusterImpl-d73583e1-fe53-4975-a2cf-a60db5c49538/datanode-6/data/ratis/37c5675a-4d6f-4075-a601-3c6bf9d64188 has been successfully formatted.
2019-07-29 15:12:54,023 INFO  ratis.ContainerStateMachine (ContainerStateMachine.java:loadSnapshot(213)) - group-3C6BF9D64188: The snapshot info is null. Setting the last applied indexto:(t:0, i:~)
2019-07-29 15:12:54,023 INFO  server.RaftServerConfigKeys (ConfUtils.java:logGet(43)) - raft.server.leader.election.timeout = 120s (custom)
2019-07-29 15:12:54,023 INFO  server.RaftServerConfigKeys (ConfUtils.java:logGet(43)) - raft.server.log.use.memory = false (default)
2019-07-29 15:12:54,023 INFO  server.RaftServerConfigKeys (ConfUtils.java:logGet(43)) - raft.server.log.purge.gap = 1000000000 (custom)
2019-07-29 15:12:54,024 INFO  server.RaftServerConfigKeys (ConfUtils.java:logGet(43)) - raft.server.log.appender.buffer.byte-limit = 33554432 (custom)
2019-07-29 15:12:54,024 INFO  server.RaftServerConfigKeys (ConfUtils.java:logGet(43)) - raft.server.log.segment.size.max = 1048576 (custom)
2019-07-29 15:12:54,024 INFO  server.RaftServerConfigKeys (ConfUtils.java:logGet(43)) - raft.server.log.segment.cache.num.max = 2 (custom)
2019-07-29 15:12:54,024 INFO  segmented.SegmentedRaftLogWorker (SegmentedRaftLogWorker.java:<init>(172)) - new c937352c-9ae0-4e18-9e19-db0ef9e031ea-SegmentedRaftLogWorker:Storage Directory /workdir/hadoop-ozone/integration-test/target/test-dir/MiniOzoneClusterImpl-d73583e1-fe53-4975-a2cf-a60db5c49538/datanode-6/data/ratis/37c5675a-4d6f-4075-a601-3c6bf9d64188 for RaftStorage:Storage Directory /workdir/hadoop-ozone/integration-test/target/test-dir/MiniOzoneClusterImpl-d73583e1-fe53-4975-a2cf-a60db5c49538/datanode-6/data/ratis/37c5675a-4d6f-4075-a601-3c6bf9d64188
2019-07-29 15:12:54,024 INFO  server.RaftServerConfigKeys (ConfUtils.java:logGet(43)) - raft.server.log.queue.byte-limit = 2147483647 (custom)
2019-07-29 15:12:54,025 INFO  server.RaftServerConfigKeys (ConfUtils.java:logGet(43)) - raft.server.log.queue.element-limit = 1024 (custom)
2019-07-29 15:12:54,025 INFO  server.RaftServerConfigKeys (ConfUtils.java:logGet(43)) - raft.server.log.segment.size.max = 1048576 (custom)
2019-07-29 15:12:54,025 INFO  server.RaftServerConfigKeys (ConfUtils.java:logGet(43)) - raft.server.log.preallocated.size = 16384 (custom)
2019-07-29 15:12:54,025 INFO  server.RaftServerConfigKeys (ConfUtils.java:logGet(43)) - raft.server.log.write.buffer.size = 33554432 (custom)
2019-07-29 15:12:54,025 INFO  server.RaftServerConfigKeys (ConfUtils.java:logGet(43)) - raft.server.log.force.sync.num = 128 (default)
2019-07-29 15:12:54,026 INFO  server.RaftServerConfigKeys (ConfUtils.java:logGet(43)) - raft.server.log.statemachine.data.sync = true (default)
2019-07-29 15:12:54,026 INFO  server.RaftServerConfigKeys (ConfUtils.java:logGet(43)) - raft.server.log.statemachine.data.sync.timeout = 10s (default)
2019-07-29 15:12:54,026 INFO  server.RaftServerConfigKeys (ConfUtils.java:logGet(43)) - raft.server.log.statemachine.data.sync.timeout.retry = -1 (default)
2019-07-29 15:12:54,027 INFO  server.RaftServerConfigKeys (ConfUtils.java:logGet(43)) - raft.server.log.statemachine.data.caching.enabled = true (custom)
2019-07-29 15:12:54,027 INFO  segmented.SegmentedRaftLogWorker (SegmentedRaftLogWorker.java:lambda$new$0(132)) - c937352c-9ae0-4e18-9e19-db0ef9e031ea-SegmentedRaftLogWorker:Storage Directory /workdir/hadoop-ozone/integration-test/target/test-dir/MiniOzoneClusterImpl-d73583e1-fe53-4975-a2cf-a60db5c49538/datanode-6/data/ratis/37c5675a-4d6f-4075-a601-3c6bf9d64188: flushIndex: setUnconditionally 0 -> -1
2019-07-29 15:12:54,027 INFO  server.RaftServerConfigKeys (ConfUtils.java:logGet(43)) - raft.server.snapshot.auto.trigger.enabled = true (custom)
2019-07-29 15:12:54,028 INFO  server.RaftServerConfigKeys (ConfUtils.java:logGet(43)) - raft.server.snapshot.auto.trigger.threshold = 10000 (custom)
2019-07-29 15:12:54,028 INFO  server.RaftServerConfigKeys (ConfUtils.java:logGet(43)) - raft.server.retrycache.expirytime = 600000ms (custom)
2019-07-29 15:12:54,028 INFO  impl.RaftServerImpl (RaftServerImpl.java:start(180)) - c937352c-9ae0-4e18-9e19-db0ef9e031ea: start group-3C6BF9D64188
2019-07-29 15:12:54,028 INFO  impl.RaftServerImpl (RaftServerImpl.java:setRole(171)) - c937352c-9ae0-4e18-9e19-db0ef9e031ea:group-3C6BF9D64188 changes role from null to FOLLOWER at term 0 for startAsFollower
2019-07-29 15:12:54,029 INFO  impl.RoleInfo (RoleInfo.java:updateAndGet(143)) - c937352c-9ae0-4e18-9e19-db0ef9e031ea: start FollowerState
2019-07-29 15:12:54,029 INFO  util.JmxRegister (JmxRegister.java:tryRegister(44)) - Successfully registered JMX Bean with object name Ratis:service=RaftServer,group=group-3C6BF9D64188,id=c937352c-9ae0-4e18-9e19-db0ef9e031ea
2019-07-29 15:12:54,043 INFO  pipeline.PipelineStateManager (PipelineStateManager.java:addPipeline(56)) - Created pipeline Pipeline[ Id: 37c5675a-4d6f-4075-a601-3c6bf9d64188, Nodes: c937352c-9ae0-4e18-9e19-db0ef9e031ea{ip: 192.168.157.194, host: byscane-nightly-74r8j-760408800, networkLocation: /default-rack, certSerialId: null}, Type:RATIS, Factor:ONE, State:OPEN]
2019-07-29 15:12:54,063 INFO  impl.RaftServerProxy (RaftServerProxy.java:addNew(89)) - d230ad0e-bdba-4df4-b696-9a39b4846904: addNew group-6E8E1C968B99:[d230ad0e-bdba-4df4-b696-9a39b4846904:192.168.157.194:33083] returns group-6E8E1C968B99:java.util.concurrent.CompletableFuture@1d49bbce[Not completed]
2019-07-29 15:12:54,065 INFO  impl.RaftServerImpl (RaftServerImpl.java:<init>(93)) - d230ad0e-bdba-4df4-b696-9a39b4846904: new RaftServerImpl for group-6E8E1C968B99:[d230ad0e-bdba-4df4-b696-9a39b4846904:192.168.157.194:33083] with ContainerStateMachine:uninitialized
2019-07-29 15:12:54,065 INFO  server.RaftServerConfigKeys (ConfUtils.java:logGet(43)) - raft.server.rpc.timeout.min = 5s (custom)
2019-07-29 15:12:54,065 INFO  server.RaftServerConfigKeys (ConfUtils.java:logGet(43)) - raft.server.rpc.timeout.max = 5200ms (custom)
2019-07-29 15:12:54,065 INFO  server.RaftServerConfigKeys (ConfUtils.java:logGet(43)) - raft.server.rpcslowness.timeout = 120s (custom)
2019-07-29 15:12:54,066 INFO  server.RaftServerConfigKeys (ConfUtils.java:logGet(43)) - raft.server.sleep.deviation.threshold = 300 (default)
2019-07-29 15:12:54,066 INFO  server.RaftServerConfigKeys (ConfUtils.java:logGet(43)) - raft.server.log.appender.install.snapshot.enabled = false (custom)
2019-07-29 15:12:54,066 INFO  impl.RaftServerImpl (ServerState.java:<init>(105)) - d230ad0e-bdba-4df4-b696-9a39b4846904:group-6E8E1C968B99 ConfigurationManager, init=-1: [d230ad0e-bdba-4df4-b696-9a39b4846904:192.168.157.194:33083], old=null, confs=<EMPTY_MAP>
2019-07-29 15:12:54,066 INFO  server.RaftServerConfigKeys (ConfUtils.java:logGet(43)) - raft.server.storage.dir = [/workdir/hadoop-ozone/integration-test/target/test-dir/MiniOzoneClusterImpl-d73583e1-fe53-4975-a2cf-a60db5c49538/datanode-1/data/ratis] (custom)
2019-07-29 15:12:54,067 INFO  storage.RaftStorageDirectory (RaftStorageDirectory.java:analyzeStorage(246)) - The storage directory /workdir/hadoop-ozone/integration-test/target/test-dir/MiniOzoneClusterImpl-d73583e1-fe53-4975-a2cf-a60db5c49538/datanode-1/data/ratis/0afd5353-6989-4253-ac61-6e8e1c968b99 does not exist. Creating ...
2019-07-29 15:12:54,079 INFO  storage.RaftStorageDirectory (RaftStorageDirectory.java:tryLock(328)) - Lock on /workdir/hadoop-ozone/integration-test/target/test-dir/MiniOzoneClusterImpl-d73583e1-fe53-4975-a2cf-a60db5c49538/datanode-1/data/ratis/0afd5353-6989-4253-ac61-6e8e1c968b99/in_use.lock acquired by nodename 31275@byscane-nightly-74r8j-760408800
2019-07-29 15:12:54,092 INFO  storage.RaftStorage (RaftStorage.java:format(72)) - Storage directory /workdir/hadoop-ozone/integration-test/target/test-dir/MiniOzoneClusterImpl-d73583e1-fe53-4975-a2cf-a60db5c49538/datanode-1/data/ratis/0afd5353-6989-4253-ac61-6e8e1c968b99 has been successfully formatted.
2019-07-29 15:12:54,093 INFO  ratis.ContainerStateMachine (ContainerStateMachine.java:loadSnapshot(213)) - group-6E8E1C968B99: The snapshot info is null. Setting the last applied indexto:(t:0, i:~)
2019-07-29 15:12:54,093 INFO  server.RaftServerConfigKeys (ConfUtils.java:logGet(43)) - raft.server.leader.election.timeout = 120s (custom)
2019-07-29 15:12:54,093 INFO  server.RaftServerConfigKeys (ConfUtils.java:logGet(43)) - raft.server.log.use.memory = false (default)
2019-07-29 15:12:54,093 INFO  server.RaftServerConfigKeys (ConfUtils.java:logGet(43)) - raft.server.log.purge.gap = 1000000000 (custom)
2019-07-29 15:12:54,094 INFO  server.RaftServerConfigKeys (ConfUtils.java:logGet(43)) - raft.server.log.appender.buffer.byte-limit = 33554432 (custom)
2019-07-29 15:12:54,094 INFO  server.RaftServerConfigKeys (ConfUtils.java:logGet(43)) - raft.server.log.segment.size.max = 1048576 (custom)
2019-07-29 15:12:54,094 INFO  server.RaftServerConfigKeys (ConfUtils.java:logGet(43)) - raft.server.log.segment.cache.num.max = 2 (custom)
2019-07-29 15:12:54,094 INFO  segmented.SegmentedRaftLogWorker (SegmentedRaftLogWorker.java:<init>(172)) - new d230ad0e-bdba-4df4-b696-9a39b4846904-SegmentedRaftLogWorker:Storage Directory /workdir/hadoop-ozone/integration-test/target/test-dir/MiniOzoneClusterImpl-d73583e1-fe53-4975-a2cf-a60db5c49538/datanode-1/data/ratis/0afd5353-6989-4253-ac61-6e8e1c968b99 for RaftStorage:Storage Directory /workdir/hadoop-ozone/integration-test/target/test-dir/MiniOzoneClusterImpl-d73583e1-fe53-4975-a2cf-a60db5c49538/datanode-1/data/ratis/0afd5353-6989-4253-ac61-6e8e1c968b99
2019-07-29 15:12:54,094 INFO  server.RaftServerConfigKeys (ConfUtils.java:logGet(43)) - raft.server.log.queue.byte-limit = 2147483647 (custom)
2019-07-29 15:12:54,095 INFO  server.RaftServerConfigKeys (ConfUtils.java:logGet(43)) - raft.server.log.queue.element-limit = 1024 (custom)
2019-07-29 15:12:54,095 INFO  server.RaftServerConfigKeys (ConfUtils.java:logGet(43)) - raft.server.log.segment.size.max = 1048576 (custom)
2019-07-29 15:12:54,095 INFO  server.RaftServerConfigKeys (ConfUtils.java:logGet(43)) - raft.server.log.preallocated.size = 16384 (custom)
2019-07-29 15:12:54,095 INFO  server.RaftServerConfigKeys (ConfUtils.java:logGet(43)) - raft.server.log.write.buffer.size = 33554432 (custom)
2019-07-29 15:12:54,095 INFO  server.RaftServerConfigKeys (ConfUtils.java:logGet(43)) - raft.server.log.force.sync.num = 128 (default)
2019-07-29 15:12:54,096 INFO  server.RaftServerConfigKeys (ConfUtils.java:logGet(43)) - raft.server.log.statemachine.data.sync = true (default)
2019-07-29 15:12:54,096 INFO  server.RaftServerConfigKeys (ConfUtils.java:logGet(43)) - raft.server.log.statemachine.data.sync.timeout = 10s (default)
2019-07-29 15:12:54,096 INFO  server.RaftServerConfigKeys (ConfUtils.java:logGet(43)) - raft.server.log.statemachine.data.sync.timeout.retry = -1 (default)
2019-07-29 15:12:54,097 INFO  server.RaftServerConfigKeys (ConfUtils.java:logGet(43)) - raft.server.log.statemachine.data.caching.enabled = true (custom)
2019-07-29 15:12:54,097 INFO  segmented.SegmentedRaftLogWorker (SegmentedRaftLogWorker.java:lambda$new$0(132)) - d230ad0e-bdba-4df4-b696-9a39b4846904-SegmentedRaftLogWorker:Storage Directory /workdir/hadoop-ozone/integration-test/target/test-dir/MiniOzoneClusterImpl-d73583e1-fe53-4975-a2cf-a60db5c49538/datanode-1/data/ratis/0afd5353-6989-4253-ac61-6e8e1c968b99: flushIndex: setUnconditionally 0 -> -1
2019-07-29 15:12:54,098 INFO  server.RaftServerConfigKeys (ConfUtils.java:logGet(43)) - raft.server.snapshot.auto.trigger.enabled = true (custom)
2019-07-29 15:12:54,098 INFO  server.RaftServerConfigKeys (ConfUtils.java:logGet(43)) - raft.server.snapshot.auto.trigger.threshold = 10000 (custom)
2019-07-29 15:12:54,098 INFO  server.RaftServerConfigKeys (ConfUtils.java:logGet(43)) - raft.server.retrycache.expirytime = 600000ms (custom)
2019-07-29 15:12:54,098 INFO  impl.RaftServerImpl (RaftServerImpl.java:start(180)) - d230ad0e-bdba-4df4-b696-9a39b4846904: start group-6E8E1C968B99
2019-07-29 15:12:54,098 INFO  impl.RaftServerImpl (RaftServerImpl.java:setRole(171)) - d230ad0e-bdba-4df4-b696-9a39b4846904:group-6E8E1C968B99 changes role from null to FOLLOWER at term 0 for startAsFollower
2019-07-29 15:12:54,099 INFO  impl.RoleInfo (RoleInfo.java:updateAndGet(143)) - d230ad0e-bdba-4df4-b696-9a39b4846904: start FollowerState
2019-07-29 15:12:54,099 INFO  util.JmxRegister (JmxRegister.java:tryRegister(44)) - Successfully registered JMX Bean with object name Ratis:service=RaftServer,group=group-6E8E1C968B99,id=d230ad0e-bdba-4df4-b696-9a39b4846904
2019-07-29 15:12:54,119 INFO  pipeline.PipelineStateManager (PipelineStateManager.java:addPipeline(56)) - Created pipeline Pipeline[ Id: 0afd5353-6989-4253-ac61-6e8e1c968b99, Nodes: d230ad0e-bdba-4df4-b696-9a39b4846904{ip: 192.168.157.194, host: byscane-nightly-74r8j-760408800, networkLocation: /default-rack, certSerialId: null}, Type:RATIS, Factor:ONE, State:OPEN]
2019-07-29 15:12:54,157 INFO  impl.RaftServerProxy (RaftServerProxy.java:addNew(89)) - 49751be9-4999-4a95-b2b7-8fc228ce6d9b: addNew group-48E1E1823190:[f4696a1b-635b-453d-b263-ccccb034112d:192.168.157.194:41552, 49751be9-4999-4a95-b2b7-8fc228ce6d9b:192.168.157.194:33007, 8c12ddc8-f54c-45f0-a218-991996808d11:192.168.157.194:36552] returns group-48E1E1823190:java.util.concurrent.CompletableFuture@1c3411d8[Not completed]
2019-07-29 15:12:54,160 INFO  impl.RaftServerProxy (RaftServerProxy.java:addNew(89)) - f4696a1b-635b-453d-b263-ccccb034112d: addNew group-48E1E1823190:[f4696a1b-635b-453d-b263-ccccb034112d:192.168.157.194:41552, 49751be9-4999-4a95-b2b7-8fc228ce6d9b:192.168.157.194:33007, 8c12ddc8-f54c-45f0-a218-991996808d11:192.168.157.194:36552] returns group-48E1E1823190:java.util.concurrent.CompletableFuture@2c5ab48e[Not completed]
2019-07-29 15:12:54,162 INFO  impl.RaftServerProxy (RaftServerProxy.java:addNew(89)) - 8c12ddc8-f54c-45f0-a218-991996808d11: addNew group-48E1E1823190:[f4696a1b-635b-453d-b263-ccccb034112d:192.168.157.194:41552, 49751be9-4999-4a95-b2b7-8fc228ce6d9b:192.168.157.194:33007, 8c12ddc8-f54c-45f0-a218-991996808d11:192.168.157.194:36552] returns group-48E1E1823190:java.util.concurrent.CompletableFuture@4ca9c2d6[Not completed]
2019-07-29 15:12:54,163 INFO  impl.RaftServerImpl (RaftServerImpl.java:<init>(93)) - 49751be9-4999-4a95-b2b7-8fc228ce6d9b: new RaftServerImpl for group-48E1E1823190:[f4696a1b-635b-453d-b263-ccccb034112d:192.168.157.194:41552, 49751be9-4999-4a95-b2b7-8fc228ce6d9b:192.168.157.194:33007, 8c12ddc8-f54c-45f0-a218-991996808d11:192.168.157.194:36552] with ContainerStateMachine:uninitialized
2019-07-29 15:12:54,163 INFO  server.RaftServerConfigKeys (ConfUtils.java:logGet(43)) - raft.server.rpc.timeout.min = 5s (custom)
2019-07-29 15:12:54,163 INFO  server.RaftServerConfigKeys (ConfUtils.java:logGet(43)) - raft.server.rpc.timeout.max = 5200ms (custom)
2019-07-29 15:12:54,163 INFO  server.RaftServerConfigKeys (ConfUtils.java:logGet(43)) - raft.server.rpcslowness.timeout = 120s (custom)
2019-07-29 15:12:54,163 INFO  server.RaftServerConfigKeys (ConfUtils.java:logGet(43)) - raft.server.sleep.deviation.threshold = 300 (default)
2019-07-29 15:12:54,164 INFO  server.RaftServerConfigKeys (ConfUtils.java:logGet(43)) - raft.server.log.appender.install.snapshot.enabled = false (custom)
2019-07-29 15:12:54,164 INFO  impl.RaftServerImpl (ServerState.java:<init>(105)) - 49751be9-4999-4a95-b2b7-8fc228ce6d9b:group-48E1E1823190 ConfigurationManager, init=-1: [f4696a1b-635b-453d-b263-ccccb034112d:192.168.157.194:41552, 49751be9-4999-4a95-b2b7-8fc228ce6d9b:192.168.157.194:33007, 8c12ddc8-f54c-45f0-a218-991996808d11:192.168.157.194:36552], old=null, confs=<EMPTY_MAP>
2019-07-29 15:12:54,164 INFO  impl.RaftServerImpl (RaftServerImpl.java:<init>(93)) - f4696a1b-635b-453d-b263-ccccb034112d: new RaftServerImpl for group-48E1E1823190:[f4696a1b-635b-453d-b263-ccccb034112d:192.168.157.194:41552, 49751be9-4999-4a95-b2b7-8fc228ce6d9b:192.168.157.194:33007, 8c12ddc8-f54c-45f0-a218-991996808d11:192.168.157.194:36552] with ContainerStateMachine:uninitialized
2019-07-29 15:12:54,164 INFO  server.RaftServerConfigKeys (ConfUtils.java:logGet(43)) - raft.server.storage.dir = [/workdir/hadoop-ozone/integration-test/target/test-dir/MiniOzoneClusterImpl-d73583e1-fe53-4975-a2cf-a60db5c49538/datanode-2/data/ratis] (custom)
2019-07-29 15:12:54,164 INFO  server.RaftServerConfigKeys (ConfUtils.java:logGet(43)) - raft.server.rpc.timeout.min = 5s (custom)
2019-07-29 15:12:54,164 INFO  server.RaftServerConfigKeys (ConfUtils.java:logGet(43)) - raft.server.rpc.timeout.max = 5200ms (custom)
2019-07-29 15:12:54,165 INFO  storage.RaftStorageDirectory (RaftStorageDirectory.java:analyzeStorage(246)) - The storage directory /workdir/hadoop-ozone/integration-test/target/test-dir/MiniOzoneClusterImpl-d73583e1-fe53-4975-a2cf-a60db5c49538/datanode-2/data/ratis/4e983f73-a122-4011-adcd-48e1e1823190 does not exist. Creating ...
2019-07-29 15:12:54,165 INFO  server.RaftServerConfigKeys (ConfUtils.java:logGet(43)) - raft.server.rpcslowness.timeout = 120s (custom)
2019-07-29 15:12:54,165 INFO  server.RaftServerConfigKeys (ConfUtils.java:logGet(43)) - raft.server.sleep.deviation.threshold = 300 (default)
2019-07-29 15:12:54,165 INFO  server.RaftServerConfigKeys (ConfUtils.java:logGet(43)) - raft.server.log.appender.install.snapshot.enabled = false (custom)
2019-07-29 15:12:54,165 INFO  impl.RaftServerImpl (RaftServerImpl.java:<init>(93)) - 8c12ddc8-f54c-45f0-a218-991996808d11: new RaftServerImpl for group-48E1E1823190:[f4696a1b-635b-453d-b263-ccccb034112d:192.168.157.194:41552, 49751be9-4999-4a95-b2b7-8fc228ce6d9b:192.168.157.194:33007, 8c12ddc8-f54c-45f0-a218-991996808d11:192.168.157.194:36552] with ContainerStateMachine:uninitialized
2019-07-29 15:12:54,165 INFO  impl.RaftServerImpl (ServerState.java:<init>(105)) - f4696a1b-635b-453d-b263-ccccb034112d:group-48E1E1823190 ConfigurationManager, init=-1: [f4696a1b-635b-453d-b263-ccccb034112d:192.168.157.194:41552, 49751be9-4999-4a95-b2b7-8fc228ce6d9b:192.168.157.194:33007, 8c12ddc8-f54c-45f0-a218-991996808d11:192.168.157.194:36552], old=null, confs=<EMPTY_MAP>
2019-07-29 15:12:54,166 INFO  server.RaftServerConfigKeys (ConfUtils.java:logGet(43)) - raft.server.rpc.timeout.min = 5s (custom)
2019-07-29 15:12:54,166 INFO  server.RaftServerConfigKeys (ConfUtils.java:logGet(43)) - raft.server.storage.dir = [/workdir/hadoop-ozone/integration-test/target/test-dir/MiniOzoneClusterImpl-d73583e1-fe53-4975-a2cf-a60db5c49538/datanode-4/data/ratis] (custom)
2019-07-29 15:12:54,166 INFO  server.RaftServerConfigKeys (ConfUtils.java:logGet(43)) - raft.server.rpc.timeout.max = 5200ms (custom)
2019-07-29 15:12:54,166 INFO  server.RaftServerConfigKeys (ConfUtils.java:logGet(43)) - raft.server.rpcslowness.timeout = 120s (custom)
2019-07-29 15:12:54,166 INFO  storage.RaftStorageDirectory (RaftStorageDirectory.java:analyzeStorage(246)) - The storage directory /workdir/hadoop-ozone/integration-test/target/test-dir/MiniOzoneClusterImpl-d73583e1-fe53-4975-a2cf-a60db5c49538/datanode-4/data/ratis/4e983f73-a122-4011-adcd-48e1e1823190 does not exist. Creating ...
2019-07-29 15:12:54,166 INFO  server.RaftServerConfigKeys (ConfUtils.java:logGet(43)) - raft.server.sleep.deviation.threshold = 300 (default)
2019-07-29 15:12:54,167 INFO  server.RaftServerConfigKeys (ConfUtils.java:logGet(43)) - raft.server.log.appender.install.snapshot.enabled = false (custom)
2019-07-29 15:12:54,167 INFO  impl.RaftServerImpl (ServerState.java:<init>(105)) - 8c12ddc8-f54c-45f0-a218-991996808d11:group-48E1E1823190 ConfigurationManager, init=-1: [f4696a1b-635b-453d-b263-ccccb034112d:192.168.157.194:41552, 49751be9-4999-4a95-b2b7-8fc228ce6d9b:192.168.157.194:33007, 8c12ddc8-f54c-45f0-a218-991996808d11:192.168.157.194:36552], old=null, confs=<EMPTY_MAP>
2019-07-29 15:12:54,167 INFO  server.RaftServerConfigKeys (ConfUtils.java:logGet(43)) - raft.server.storage.dir = [/workdir/hadoop-ozone/integration-test/target/test-dir/MiniOzoneClusterImpl-d73583e1-fe53-4975-a2cf-a60db5c49538/datanode-0/data/ratis] (custom)
2019-07-29 15:12:54,168 INFO  storage.RaftStorageDirectory (RaftStorageDirectory.java:analyzeStorage(246)) - The storage directory /workdir/hadoop-ozone/integration-test/target/test-dir/MiniOzoneClusterImpl-d73583e1-fe53-4975-a2cf-a60db5c49538/datanode-0/data/ratis/4e983f73-a122-4011-adcd-48e1e1823190 does not exist. Creating ...
2019-07-29 15:12:54,189 INFO  storage.RaftStorageDirectory (RaftStorageDirectory.java:tryLock(328)) - Lock on /workdir/hadoop-ozone/integration-test/target/test-dir/MiniOzoneClusterImpl-d73583e1-fe53-4975-a2cf-a60db5c49538/datanode-2/data/ratis/4e983f73-a122-4011-adcd-48e1e1823190/in_use.lock acquired by nodename 31275@byscane-nightly-74r8j-760408800
2019-07-29 15:12:54,189 INFO  storage.RaftStorageDirectory (RaftStorageDirectory.java:tryLock(328)) - Lock on /workdir/hadoop-ozone/integration-test/target/test-dir/MiniOzoneClusterImpl-d73583e1-fe53-4975-a2cf-a60db5c49538/datanode-0/data/ratis/4e983f73-a122-4011-adcd-48e1e1823190/in_use.lock acquired by nodename 31275@byscane-nightly-74r8j-760408800
2019-07-29 15:12:54,189 INFO  storage.RaftStorageDirectory (RaftStorageDirectory.java:tryLock(328)) - Lock on /workdir/hadoop-ozone/integration-test/target/test-dir/MiniOzoneClusterImpl-d73583e1-fe53-4975-a2cf-a60db5c49538/datanode-4/data/ratis/4e983f73-a122-4011-adcd-48e1e1823190/in_use.lock acquired by nodename 31275@byscane-nightly-74r8j-760408800
2019-07-29 15:12:54,214 INFO  storage.RaftStorage (RaftStorage.java:format(72)) - Storage directory /workdir/hadoop-ozone/integration-test/target/test-dir/MiniOzoneClusterImpl-d73583e1-fe53-4975-a2cf-a60db5c49538/datanode-0/data/ratis/4e983f73-a122-4011-adcd-48e1e1823190 has been successfully formatted.
2019-07-29 15:12:54,214 INFO  storage.RaftStorage (RaftStorage.java:format(72)) - Storage directory /workdir/hadoop-ozone/integration-test/target/test-dir/MiniOzoneClusterImpl-d73583e1-fe53-4975-a2cf-a60db5c49538/datanode-4/data/ratis/4e983f73-a122-4011-adcd-48e1e1823190 has been successfully formatted.
2019-07-29 15:12:54,214 INFO  storage.RaftStorage (RaftStorage.java:format(72)) - Storage directory /workdir/hadoop-ozone/integration-test/target/test-dir/MiniOzoneClusterImpl-d73583e1-fe53-4975-a2cf-a60db5c49538/datanode-2/data/ratis/4e983f73-a122-4011-adcd-48e1e1823190 has been successfully formatted.
2019-07-29 15:12:54,214 INFO  ratis.ContainerStateMachine (ContainerStateMachine.java:loadSnapshot(213)) - group-48E1E1823190: The snapshot info is null. Setting the last applied indexto:(t:0, i:~)
2019-07-29 15:12:54,215 INFO  ratis.ContainerStateMachine (ContainerStateMachine.java:loadSnapshot(213)) - group-48E1E1823190: The snapshot info is null. Setting the last applied indexto:(t:0, i:~)
2019-07-29 15:12:54,215 INFO  server.RaftServerConfigKeys (ConfUtils.java:logGet(43)) - raft.server.leader.election.timeout = 120s (custom)
2019-07-29 15:12:54,215 INFO  ratis.ContainerStateMachine (ContainerStateMachine.java:loadSnapshot(213)) - group-48E1E1823190: The snapshot info is null. Setting the last applied indexto:(t:0, i:~)
2019-07-29 15:12:54,215 INFO  server.RaftServerConfigKeys (ConfUtils.java:logGet(43)) - raft.server.log.use.memory = false (default)
2019-07-29 15:12:54,215 INFO  server.RaftServerConfigKeys (ConfUtils.java:logGet(43)) - raft.server.leader.election.timeout = 120s (custom)
2019-07-29 15:12:54,215 INFO  server.RaftServerConfigKeys (ConfUtils.java:logGet(43)) - raft.server.log.purge.gap = 1000000000 (custom)
2019-07-29 15:12:54,215 INFO  server.RaftServerConfigKeys (ConfUtils.java:logGet(43)) - raft.server.leader.election.timeout = 120s (custom)
2019-07-29 15:12:54,216 INFO  server.RaftServerConfigKeys (ConfUtils.java:logGet(43)) - raft.server.log.appender.buffer.byte-limit = 33554432 (custom)
2019-07-29 15:12:54,216 INFO  server.RaftServerConfigKeys (ConfUtils.java:logGet(43)) - raft.server.log.use.memory = false (default)
2019-07-29 15:12:54,216 INFO  server.RaftServerConfigKeys (ConfUtils.java:logGet(43)) - raft.server.log.segment.size.max = 1048576 (custom)
2019-07-29 15:12:54,216 INFO  server.RaftServerConfigKeys (ConfUtils.java:logGet(43)) - raft.server.log.use.memory = false (default)
2019-07-29 15:12:54,217 INFO  server.RaftServerConfigKeys (ConfUtils.java:logGet(43)) - raft.server.log.segment.cache.num.max = 2 (custom)
2019-07-29 15:12:54,216 INFO  server.RaftServerConfigKeys (ConfUtils.java:logGet(43)) - raft.server.log.purge.gap = 1000000000 (custom)
2019-07-29 15:12:54,217 INFO  segmented.SegmentedRaftLogWorker (SegmentedRaftLogWorker.java:<init>(172)) - new 8c12ddc8-f54c-45f0-a218-991996808d11-SegmentedRaftLogWorker:Storage Directory /workdir/hadoop-ozone/integration-test/target/test-dir/MiniOzoneClusterImpl-d73583e1-fe53-4975-a2cf-a60db5c49538/datanode-0/data/ratis/4e983f73-a122-4011-adcd-48e1e1823190 for RaftStorage:Storage Directory /workdir/hadoop-ozone/integration-test/target/test-dir/MiniOzoneClusterImpl-d73583e1-fe53-4975-a2cf-a60db5c49538/datanode-0/data/ratis/4e983f73-a122-4011-adcd-48e1e1823190
2019-07-29 15:12:54,217 INFO  server.RaftServerConfigKeys (ConfUtils.java:logGet(43)) - raft.server.log.purge.gap = 1000000000 (custom)
2019-07-29 15:12:54,217 INFO  server.RaftServerConfigKeys (ConfUtils.java:logGet(43)) - raft.server.log.queue.byte-limit = 2147483647 (custom)
2019-07-29 15:12:54,217 INFO  server.RaftServerConfigKeys (ConfUtils.java:logGet(43)) - raft.server.log.appender.buffer.byte-limit = 33554432 (custom)
2019-07-29 15:12:54,220 INFO  server.RaftServerConfigKeys (ConfUtils.java:logGet(43)) - raft.server.log.queue.element-limit = 1024 (custom)
2019-07-29 15:12:54,218 INFO  server.RaftServerConfigKeys (ConfUtils.java:logGet(43)) - raft.server.log.appender.buffer.byte-limit = 33554432 (custom)
2019-07-29 15:12:54,220 INFO  server.RaftServerConfigKeys (ConfUtils.java:logGet(43)) - raft.server.log.segment.size.max = 1048576 (custom)
2019-07-29 15:12:54,220 INFO  server.RaftServerConfigKeys (ConfUtils.java:logGet(43)) - raft.server.log.segment.size.max = 1048576 (custom)
2019-07-29 15:12:54,221 INFO  server.RaftServerConfigKeys (ConfUtils.java:logGet(43)) - raft.server.log.preallocated.size = 16384 (custom)
2019-07-29 15:12:54,220 INFO  server.RaftServerConfigKeys (ConfUtils.java:logGet(43)) - raft.server.log.segment.size.max = 1048576 (custom)
2019-07-29 15:12:54,221 INFO  server.RaftServerConfigKeys (ConfUtils.java:logGet(43)) - raft.server.log.write.buffer.size = 33554432 (custom)
2019-07-29 15:12:54,221 INFO  server.RaftServerConfigKeys (ConfUtils.java:logGet(43)) - raft.server.log.force.sync.num = 128 (default)
2019-07-29 15:12:54,221 INFO  server.RaftServerConfigKeys (ConfUtils.java:logGet(43)) - raft.server.log.segment.cache.num.max = 2 (custom)
2019-07-29 15:12:54,221 INFO  server.RaftServerConfigKeys (ConfUtils.java:logGet(43)) - raft.server.log.statemachine.data.sync = true (default)
2019-07-29 15:12:54,221 INFO  server.RaftServerConfigKeys (ConfUtils.java:logGet(43)) - raft.server.log.segment.cache.num.max = 2 (custom)
2019-07-29 15:12:54,222 INFO  server.RaftServerConfigKeys (ConfUtils.java:logGet(43)) - raft.server.log.statemachine.data.sync.timeout = 10s (default)
2019-07-29 15:12:54,222 INFO  server.RaftServerConfigKeys (ConfUtils.java:logGet(43)) - raft.server.log.statemachine.data.sync.timeout.retry = -1 (default)
2019-07-29 15:12:54,222 INFO  segmented.SegmentedRaftLogWorker (SegmentedRaftLogWorker.java:<init>(172)) - new f4696a1b-635b-453d-b263-ccccb034112d-SegmentedRaftLogWorker:Storage Directory /workdir/hadoop-ozone/integration-test/target/test-dir/MiniOzoneClusterImpl-d73583e1-fe53-4975-a2cf-a60db5c49538/datanode-4/data/ratis/4e983f73-a122-4011-adcd-48e1e1823190 for RaftStorage:Storage Directory /workdir/hadoop-ozone/integration-test/target/test-dir/MiniOzoneClusterImpl-d73583e1-fe53-4975-a2cf-a60db5c49538/datanode-4/data/ratis/4e983f73-a122-4011-adcd-48e1e1823190
2019-07-29 15:12:54,223 INFO  server.RaftServerConfigKeys (ConfUtils.java:logGet(43)) - raft.server.log.statemachine.data.caching.enabled = true (custom)
2019-07-29 15:12:54,222 INFO  segmented.SegmentedRaftLogWorker (SegmentedRaftLogWorker.java:<init>(172)) - new 49751be9-4999-4a95-b2b7-8fc228ce6d9b-SegmentedRaftLogWorker:Storage Directory /workdir/hadoop-ozone/integration-test/target/test-dir/MiniOzoneClusterImpl-d73583e1-fe53-4975-a2cf-a60db5c49538/datanode-2/data/ratis/4e983f73-a122-4011-adcd-48e1e1823190 for RaftStorage:Storage Directory /workdir/hadoop-ozone/integration-test/target/test-dir/MiniOzoneClusterImpl-d73583e1-fe53-4975-a2cf-a60db5c49538/datanode-2/data/ratis/4e983f73-a122-4011-adcd-48e1e1823190
2019-07-29 15:12:54,225 INFO  segmented.SegmentedRaftLogWorker (SegmentedRaftLogWorker.java:lambda$new$0(132)) - 8c12ddc8-f54c-45f0-a218-991996808d11-SegmentedRaftLogWorker:Storage Directory /workdir/hadoop-ozone/integration-test/target/test-dir/MiniOzoneClusterImpl-d73583e1-fe53-4975-a2cf-a60db5c49538/datanode-0/data/ratis/4e983f73-a122-4011-adcd-48e1e1823190: flushIndex: setUnconditionally 0 -> -1
2019-07-29 15:12:54,223 INFO  server.RaftServerConfigKeys (ConfUtils.java:logGet(43)) - raft.server.log.queue.byte-limit = 2147483647 (custom)
2019-07-29 15:12:54,228 INFO  server.RaftServerConfigKeys (ConfUtils.java:logGet(43)) - raft.server.snapshot.auto.trigger.enabled = true (custom)
2019-07-29 15:12:54,225 INFO  server.RaftServerConfigKeys (ConfUtils.java:logGet(43)) - raft.server.log.queue.byte-limit = 2147483647 (custom)
2019-07-29 15:12:54,228 INFO  server.RaftServerConfigKeys (ConfUtils.java:logGet(43)) - raft.server.snapshot.auto.trigger.threshold = 10000 (custom)
2019-07-29 15:12:54,228 INFO  server.RaftServerConfigKeys (ConfUtils.java:logGet(43)) - raft.server.log.queue.element-limit = 1024 (custom)
2019-07-29 15:12:54,228 INFO  server.RaftServerConfigKeys (ConfUtils.java:logGet(43)) - raft.server.retrycache.expirytime = 600000ms (custom)
2019-07-29 15:12:54,228 INFO  server.RaftServerConfigKeys (ConfUtils.java:logGet(43)) - raft.server.log.queue.element-limit = 1024 (custom)
2019-07-29 15:12:54,229 INFO  impl.RaftServerImpl (RaftServerImpl.java:start(180)) - 8c12ddc8-f54c-45f0-a218-991996808d11: start group-48E1E1823190
2019-07-29 15:12:54,229 INFO  impl.RaftServerImpl (RaftServerImpl.java:setRole(171)) - 8c12ddc8-f54c-45f0-a218-991996808d11:group-48E1E1823190 changes role from null to FOLLOWER at term 0 for startAsFollower
2019-07-29 15:12:54,228 INFO  server.RaftServerConfigKeys (ConfUtils.java:logGet(43)) - raft.server.log.segment.size.max = 1048576 (custom)
2019-07-29 15:12:54,229 INFO  impl.RoleInfo (RoleInfo.java:updateAndGet(143)) - 8c12ddc8-f54c-45f0-a218-991996808d11: start FollowerState
2019-07-29 15:12:54,229 INFO  server.RaftServerConfigKeys (ConfUtils.java:logGet(43)) - raft.server.log.segment.size.max = 1048576 (custom)
2019-07-29 15:12:54,229 INFO  server.RaftServerConfigKeys (ConfUtils.java:logGet(43)) - raft.server.log.preallocated.size = 16384 (custom)
2019-07-29 15:12:54,230 INFO  util.JmxRegister (JmxRegister.java:tryRegister(44)) - Successfully registered JMX Bean with object name Ratis:service=RaftServer,group=group-48E1E1823190,id=8c12ddc8-f54c-45f0-a218-991996808d11
2019-07-29 15:12:54,230 INFO  server.RaftServerConfigKeys (ConfUtils.java:logGet(43)) - raft.server.log.preallocated.size = 16384 (custom)
2019-07-29 15:12:54,230 INFO  server.RaftServerConfigKeys (ConfUtils.java:logGet(43)) - raft.server.log.write.buffer.size = 33554432 (custom)
2019-07-29 15:12:54,230 INFO  server.RaftServerConfigKeys (ConfUtils.java:logGet(43)) - raft.server.log.write.buffer.size = 33554432 (custom)
2019-07-29 15:12:54,230 INFO  server.RaftServerConfigKeys (ConfUtils.java:logGet(43)) - raft.server.log.force.sync.num = 128 (default)
2019-07-29 15:12:54,231 INFO  server.RaftServerConfigKeys (ConfUtils.java:logGet(43)) - raft.server.log.force.sync.num = 128 (default)
2019-07-29 15:12:54,231 INFO  server.RaftServerConfigKeys (ConfUtils.java:logGet(43)) - raft.server.log.statemachine.data.sync = true (default)
2019-07-29 15:12:54,231 INFO  server.RaftServerConfigKeys (ConfUtils.java:logGet(43)) - raft.server.log.statemachine.data.sync = true (default)
2019-07-29 15:12:54,231 INFO  server.RaftServerConfigKeys (ConfUtils.java:logGet(43)) - raft.server.log.statemachine.data.sync.timeout = 10s (default)
2019-07-29 15:12:54,231 INFO  server.RaftServerConfigKeys (ConfUtils.java:logGet(43)) - raft.server.log.statemachine.data.sync.timeout = 10s (default)
2019-07-29 15:12:54,232 INFO  server.RaftServerConfigKeys (ConfUtils.java:logGet(43)) - raft.server.log.statemachine.data.sync.timeout.retry = -1 (default)
2019-07-29 15:12:54,232 INFO  server.RaftServerConfigKeys (ConfUtils.java:logGet(43)) - raft.server.log.statemachine.data.sync.timeout.retry = -1 (default)
2019-07-29 15:12:54,232 INFO  server.RaftServerConfigKeys (ConfUtils.java:logGet(43)) - raft.server.log.statemachine.data.caching.enabled = true (custom)
2019-07-29 15:12:54,232 INFO  server.RaftServerConfigKeys (ConfUtils.java:logGet(43)) - raft.server.log.statemachine.data.caching.enabled = true (custom)
2019-07-29 15:12:54,235 INFO  segmented.SegmentedRaftLogWorker (SegmentedRaftLogWorker.java:lambda$new$0(132)) - f4696a1b-635b-453d-b263-ccccb034112d-SegmentedRaftLogWorker:Storage Directory /workdir/hadoop-ozone/integration-test/target/test-dir/MiniOzoneClusterImpl-d73583e1-fe53-4975-a2cf-a60db5c49538/datanode-4/data/ratis/4e983f73-a122-4011-adcd-48e1e1823190: flushIndex: setUnconditionally 0 -> -1
2019-07-29 15:12:54,235 INFO  segmented.SegmentedRaftLogWorker (SegmentedRaftLogWorker.java:lambda$new$0(132)) - 49751be9-4999-4a95-b2b7-8fc228ce6d9b-SegmentedRaftLogWorker:Storage Directory /workdir/hadoop-ozone/integration-test/target/test-dir/MiniOzoneClusterImpl-d73583e1-fe53-4975-a2cf-a60db5c49538/datanode-2/data/ratis/4e983f73-a122-4011-adcd-48e1e1823190: flushIndex: setUnconditionally 0 -> -1
2019-07-29 15:12:54,237 INFO  server.RaftServerConfigKeys (ConfUtils.java:logGet(43)) - raft.server.snapshot.auto.trigger.enabled = true (custom)
2019-07-29 15:12:54,237 INFO  server.RaftServerConfigKeys (ConfUtils.java:logGet(43)) - raft.server.snapshot.auto.trigger.enabled = true (custom)
2019-07-29 15:12:54,237 INFO  server.RaftServerConfigKeys (ConfUtils.java:logGet(43)) - raft.server.snapshot.auto.trigger.threshold = 10000 (custom)
2019-07-29 15:12:54,238 INFO  server.RaftServerConfigKeys (ConfUtils.java:logGet(43)) - raft.server.snapshot.auto.trigger.threshold = 10000 (custom)
2019-07-29 15:12:54,240 INFO  server.RaftServerConfigKeys (ConfUtils.java:logGet(43)) - raft.server.retrycache.expirytime = 600000ms (custom)
2019-07-29 15:12:54,240 INFO  server.RaftServerConfigKeys (ConfUtils.java:logGet(43)) - raft.server.retrycache.expirytime = 600000ms (custom)
2019-07-29 15:12:54,240 INFO  impl.RaftServerImpl (RaftServerImpl.java:start(180)) - 49751be9-4999-4a95-b2b7-8fc228ce6d9b: start group-48E1E1823190
2019-07-29 15:12:54,241 INFO  impl.RaftServerImpl (RaftServerImpl.java:start(180)) - f4696a1b-635b-453d-b263-ccccb034112d: start group-48E1E1823190
2019-07-29 15:12:54,241 INFO  impl.RaftServerImpl (RaftServerImpl.java:setRole(171)) - 49751be9-4999-4a95-b2b7-8fc228ce6d9b:group-48E1E1823190 changes role from null to FOLLOWER at term 0 for startAsFollower
2019-07-29 15:12:54,241 INFO  impl.RaftServerImpl (RaftServerImpl.java:setRole(171)) - f4696a1b-635b-453d-b263-ccccb034112d:group-48E1E1823190 changes role from null to FOLLOWER at term 0 for startAsFollower
2019-07-29 15:12:54,244 INFO  impl.RoleInfo (RoleInfo.java:updateAndGet(143)) - 49751be9-4999-4a95-b2b7-8fc228ce6d9b: start FollowerState
2019-07-29 15:12:54,244 INFO  impl.RoleInfo (RoleInfo.java:updateAndGet(143)) - f4696a1b-635b-453d-b263-ccccb034112d: start FollowerState
2019-07-29 15:12:54,244 INFO  util.JmxRegister (JmxRegister.java:tryRegister(44)) - Successfully registered JMX Bean with object name Ratis:service=RaftServer,group=group-48E1E1823190,id=49751be9-4999-4a95-b2b7-8fc228ce6d9b
2019-07-29 15:12:54,245 INFO  util.JmxRegister (JmxRegister.java:tryRegister(44)) - Successfully registered JMX Bean with object name Ratis:service=RaftServer,group=group-48E1E1823190,id=f4696a1b-635b-453d-b263-ccccb034112d
2019-07-29 15:12:54,268 INFO  pipeline.PipelineStateManager (PipelineStateManager.java:addPipeline(56)) - Created pipeline Pipeline[ Id: 4e983f73-a122-4011-adcd-48e1e1823190, Nodes: 49751be9-4999-4a95-b2b7-8fc228ce6d9b{ip: 192.168.157.194, host: byscane-nightly-74r8j-760408800, networkLocation: /default-rack, certSerialId: null}f4696a1b-635b-453d-b263-ccccb034112d{ip: 192.168.157.194, host: byscane-nightly-74r8j-760408800, networkLocation: /default-rack, certSerialId: null}8c12ddc8-f54c-45f0-a218-991996808d11{ip: 192.168.157.194, host: byscane-nightly-74r8j-760408800, networkLocation: /default-rack, certSerialId: null}, Type:RATIS, Factor:THREE, State:OPEN]
2019-07-29 15:12:54,312 INFO  impl.RaftServerProxy (RaftServerProxy.java:addNew(89)) - c0e4dbcc-6d58-4d9c-983d-96ebbb2015c1: addNew group-6FB1848D186A:[c937352c-9ae0-4e18-9e19-db0ef9e031ea:192.168.157.194:34585, 78bd14f6-8012-4f9d-b5f4-35e188091916:192.168.157.194:41572, c0e4dbcc-6d58-4d9c-983d-96ebbb2015c1:192.168.157.194:41135] returns group-6FB1848D186A:java.util.concurrent.CompletableFuture@6d698bb8[Not completed]
2019-07-29 15:12:54,312 INFO  impl.RaftServerProxy (RaftServerProxy.java:addNew(89)) - c937352c-9ae0-4e18-9e19-db0ef9e031ea: addNew group-6FB1848D186A:[c937352c-9ae0-4e18-9e19-db0ef9e031ea:192.168.157.194:34585, 78bd14f6-8012-4f9d-b5f4-35e188091916:192.168.157.194:41572, c0e4dbcc-6d58-4d9c-983d-96ebbb2015c1:192.168.157.194:41135] returns group-6FB1848D186A:java.util.concurrent.CompletableFuture@54237297[Not completed]
2019-07-29 15:12:54,312 INFO  impl.RaftServerProxy (RaftServerProxy.java:addNew(89)) - 78bd14f6-8012-4f9d-b5f4-35e188091916: addNew group-6FB1848D186A:[c937352c-9ae0-4e18-9e19-db0ef9e031ea:192.168.157.194:34585, 78bd14f6-8012-4f9d-b5f4-35e188091916:192.168.157.194:41572, c0e4dbcc-6d58-4d9c-983d-96ebbb2015c1:192.168.157.194:41135] returns group-6FB1848D186A:java.util.concurrent.CompletableFuture@d94c8ed[Not completed]
2019-07-29 15:12:54,317 INFO  impl.RaftServerImpl (RaftServerImpl.java:<init>(93)) - 78bd14f6-8012-4f9d-b5f4-35e188091916: new RaftServerImpl for group-6FB1848D186A:[c937352c-9ae0-4e18-9e19-db0ef9e031ea:192.168.157.194:34585, 78bd14f6-8012-4f9d-b5f4-35e188091916:192.168.157.194:41572, c0e4dbcc-6d58-4d9c-983d-96ebbb2015c1:192.168.157.194:41135] with ContainerStateMachine:uninitialized
2019-07-29 15:12:54,317 INFO  server.RaftServerConfigKeys (ConfUtils.java:logGet(43)) - raft.server.rpc.timeout.min = 5s (custom)
2019-07-29 15:12:54,317 INFO  server.RaftServerConfigKeys (ConfUtils.java:logGet(43)) - raft.server.rpc.timeout.max = 5200ms (custom)
2019-07-29 15:12:54,317 INFO  server.RaftServerConfigKeys (ConfUtils.java:logGet(43)) - raft.server.rpcslowness.timeout = 120s (custom)
2019-07-29 15:12:54,317 INFO  server.RaftServerConfigKeys (ConfUtils.java:logGet(43)) - raft.server.sleep.deviation.threshold = 300 (default)
2019-07-29 15:12:54,318 INFO  server.RaftServerConfigKeys (ConfUtils.java:logGet(43)) - raft.server.log.appender.install.snapshot.enabled = false (custom)
2019-07-29 15:12:54,318 INFO  impl.RaftServerImpl (RaftServerImpl.java:<init>(93)) - c0e4dbcc-6d58-4d9c-983d-96ebbb2015c1: new RaftServerImpl for group-6FB1848D186A:[c937352c-9ae0-4e18-9e19-db0ef9e031ea:192.168.157.194:34585, 78bd14f6-8012-4f9d-b5f4-35e188091916:192.168.157.194:41572, c0e4dbcc-6d58-4d9c-983d-96ebbb2015c1:192.168.157.194:41135] with ContainerStateMachine:uninitialized
2019-07-29 15:12:54,318 INFO  impl.RaftServerImpl (ServerState.java:<init>(105)) - 78bd14f6-8012-4f9d-b5f4-35e188091916:group-6FB1848D186A ConfigurationManager, init=-1: [c937352c-9ae0-4e18-9e19-db0ef9e031ea:192.168.157.194:34585, 78bd14f6-8012-4f9d-b5f4-35e188091916:192.168.157.194:41572, c0e4dbcc-6d58-4d9c-983d-96ebbb2015c1:192.168.157.194:41135], old=null, confs=<EMPTY_MAP>
2019-07-29 15:12:54,318 INFO  server.RaftServerConfigKeys (ConfUtils.java:logGet(43)) - raft.server.rpc.timeout.min = 5s (custom)
2019-07-29 15:12:54,318 INFO  server.RaftServerConfigKeys (ConfUtils.java:logGet(43)) - raft.server.storage.dir = [/workdir/hadoop-ozone/integration-test/target/test-dir/MiniOzoneClusterImpl-d73583e1-fe53-4975-a2cf-a60db5c49538/datanode-5/data/ratis] (custom)
2019-07-29 15:12:54,318 INFO  server.RaftServerConfigKeys (ConfUtils.java:logGet(43)) - raft.server.rpc.timeout.max = 5200ms (custom)
2019-07-29 15:12:54,318 INFO  impl.RaftServerImpl (RaftServerImpl.java:<init>(93)) - c937352c-9ae0-4e18-9e19-db0ef9e031ea: new RaftServerImpl for group-6FB1848D186A:[c937352c-9ae0-4e18-9e19-db0ef9e031ea:192.168.157.194:34585, 78bd14f6-8012-4f9d-b5f4-35e188091916:192.168.157.194:41572, c0e4dbcc-6d58-4d9c-983d-96ebbb2015c1:192.168.157.194:41135] with ContainerStateMachine:uninitialized
2019-07-29 15:12:54,319 INFO  server.RaftServerConfigKeys (ConfUtils.java:logGet(43)) - raft.server.rpcslowness.timeout = 120s (custom)
2019-07-29 15:12:54,319 INFO  storage.RaftStorageDirectory (RaftStorageDirectory.java:analyzeStorage(246)) - The storage directory /workdir/hadoop-ozone/integration-test/target/test-dir/MiniOzoneClusterImpl-d73583e1-fe53-4975-a2cf-a60db5c49538/datanode-5/data/ratis/a86680ec-2824-43f3-93b5-6fb1848d186a does not exist. Creating ...
2019-07-29 15:12:54,319 INFO  server.RaftServerConfigKeys (ConfUtils.java:logGet(43)) - raft.server.rpc.timeout.min = 5s (custom)
2019-07-29 15:12:54,319 INFO  server.RaftServerConfigKeys (ConfUtils.java:logGet(43)) - raft.server.sleep.deviation.threshold = 300 (default)
2019-07-29 15:12:54,319 INFO  server.RaftServerConfigKeys (ConfUtils.java:logGet(43)) - raft.server.rpc.timeout.max = 5200ms (custom)
2019-07-29 15:12:54,319 INFO  server.RaftServerConfigKeys (ConfUtils.java:logGet(43)) - raft.server.log.appender.install.snapshot.enabled = false (custom)
2019-07-29 15:12:54,319 INFO  server.RaftServerConfigKeys (ConfUtils.java:logGet(43)) - raft.server.rpcslowness.timeout = 120s (custom)
2019-07-29 15:12:54,320 INFO  impl.RaftServerImpl (ServerState.java:<init>(105)) - c0e4dbcc-6d58-4d9c-983d-96ebbb2015c1:group-6FB1848D186A ConfigurationManager, init=-1: [c937352c-9ae0-4e18-9e19-db0ef9e031ea:192.168.157.194:34585, 78bd14f6-8012-4f9d-b5f4-35e188091916:192.168.157.194:41572, c0e4dbcc-6d58-4d9c-983d-96ebbb2015c1:192.168.157.194:41135], old=null, confs=<EMPTY_MAP>
2019-07-29 15:12:54,320 INFO  server.RaftServerConfigKeys (ConfUtils.java:logGet(43)) - raft.server.sleep.deviation.threshold = 300 (default)
2019-07-29 15:12:54,320 INFO  server.RaftServerConfigKeys (ConfUtils.java:logGet(43)) - raft.server.storage.dir = [/workdir/hadoop-ozone/integration-test/target/test-dir/MiniOzoneClusterImpl-d73583e1-fe53-4975-a2cf-a60db5c49538/datanode-3/data/ratis] (custom)
2019-07-29 15:12:54,320 INFO  server.RaftServerConfigKeys (ConfUtils.java:logGet(43)) - raft.server.log.appender.install.snapshot.enabled = false (custom)
2019-07-29 15:12:54,320 INFO  impl.RaftServerImpl (ServerState.java:<init>(105)) - c937352c-9ae0-4e18-9e19-db0ef9e031ea:group-6FB1848D186A ConfigurationManager, init=-1: [c937352c-9ae0-4e18-9e19-db0ef9e031ea:192.168.157.194:34585, 78bd14f6-8012-4f9d-b5f4-35e188091916:192.168.157.194:41572, c0e4dbcc-6d58-4d9c-983d-96ebbb2015c1:192.168.157.194:41135], old=null, confs=<EMPTY_MAP>
2019-07-29 15:12:54,320 INFO  storage.RaftStorageDirectory (RaftStorageDirectory.java:analyzeStorage(246)) - The storage directory /workdir/hadoop-ozone/integration-test/target/test-dir/MiniOzoneClusterImpl-d73583e1-fe53-4975-a2cf-a60db5c49538/datanode-3/data/ratis/a86680ec-2824-43f3-93b5-6fb1848d186a does not exist. Creating ...
2019-07-29 15:12:54,321 INFO  server.RaftServerConfigKeys (ConfUtils.java:logGet(43)) - raft.server.storage.dir = [/workdir/hadoop-ozone/integration-test/target/test-dir/MiniOzoneClusterImpl-d73583e1-fe53-4975-a2cf-a60db5c49538/datanode-6/data/ratis] (custom)
2019-07-29 15:12:54,321 INFO  storage.RaftStorageDirectory (RaftStorageDirectory.java:analyzeStorage(246)) - The storage directory /workdir/hadoop-ozone/integration-test/target/test-dir/MiniOzoneClusterImpl-d73583e1-fe53-4975-a2cf-a60db5c49538/datanode-6/data/ratis/a86680ec-2824-43f3-93b5-6fb1848d186a does not exist. Creating ...
2019-07-29 15:12:54,344 INFO  storage.RaftStorageDirectory (RaftStorageDirectory.java:tryLock(328)) - Lock on /workdir/hadoop-ozone/integration-test/target/test-dir/MiniOzoneClusterImpl-d73583e1-fe53-4975-a2cf-a60db5c49538/datanode-6/data/ratis/a86680ec-2824-43f3-93b5-6fb1848d186a/in_use.lock acquired by nodename 31275@byscane-nightly-74r8j-760408800
2019-07-29 15:12:54,344 INFO  storage.RaftStorageDirectory (RaftStorageDirectory.java:tryLock(328)) - Lock on /workdir/hadoop-ozone/integration-test/target/test-dir/MiniOzoneClusterImpl-d73583e1-fe53-4975-a2cf-a60db5c49538/datanode-5/data/ratis/a86680ec-2824-43f3-93b5-6fb1848d186a/in_use.lock acquired by nodename 31275@byscane-nightly-74r8j-760408800
2019-07-29 15:12:54,344 INFO  storage.RaftStorageDirectory (RaftStorageDirectory.java:tryLock(328)) - Lock on /workdir/hadoop-ozone/integration-test/target/test-dir/MiniOzoneClusterImpl-d73583e1-fe53-4975-a2cf-a60db5c49538/datanode-3/data/ratis/a86680ec-2824-43f3-93b5-6fb1848d186a/in_use.lock acquired by nodename 31275@byscane-nightly-74r8j-760408800
2019-07-29 15:12:54,365 INFO  storage.RaftStorage (RaftStorage.java:format(72)) - Storage directory /workdir/hadoop-ozone/integration-test/target/test-dir/MiniOzoneClusterImpl-d73583e1-fe53-4975-a2cf-a60db5c49538/datanode-5/data/ratis/a86680ec-2824-43f3-93b5-6fb1848d186a has been successfully formatted.
2019-07-29 15:12:54,365 INFO  storage.RaftStorage (RaftStorage.java:format(72)) - Storage directory /workdir/hadoop-ozone/integration-test/target/test-dir/MiniOzoneClusterImpl-d73583e1-fe53-4975-a2cf-a60db5c49538/datanode-6/data/ratis/a86680ec-2824-43f3-93b5-6fb1848d186a has been successfully formatted.
2019-07-29 15:12:54,366 INFO  ratis.ContainerStateMachine (ContainerStateMachine.java:loadSnapshot(213)) - group-6FB1848D186A: The snapshot info is null. Setting the last applied indexto:(t:0, i:~)
2019-07-29 15:12:54,366 INFO  ratis.ContainerStateMachine (ContainerStateMachine.java:loadSnapshot(213)) - group-6FB1848D186A: The snapshot info is null. Setting the last applied indexto:(t:0, i:~)
2019-07-29 15:12:54,365 INFO  storage.RaftStorage (RaftStorage.java:format(72)) - Storage directory /workdir/hadoop-ozone/integration-test/target/test-dir/MiniOzoneClusterImpl-d73583e1-fe53-4975-a2cf-a60db5c49538/datanode-3/data/ratis/a86680ec-2824-43f3-93b5-6fb1848d186a has been successfully formatted.
2019-07-29 15:12:54,366 INFO  server.RaftServerConfigKeys (ConfUtils.java:logGet(43)) - raft.server.leader.election.timeout = 120s (custom)
2019-07-29 15:12:54,366 INFO  server.RaftServerConfigKeys (ConfUtils.java:logGet(43)) - raft.server.leader.election.timeout = 120s (custom)
2019-07-29 15:12:54,366 INFO  server.RaftServerConfigKeys (ConfUtils.java:logGet(43)) - raft.server.log.use.memory = false (default)
2019-07-29 15:12:54,366 INFO  ratis.ContainerStateMachine (ContainerStateMachine.java:loadSnapshot(213)) - group-6FB1848D186A: The snapshot info is null. Setting the last applied indexto:(t:0, i:~)
2019-07-29 15:12:54,367 INFO  server.RaftServerConfigKeys (ConfUtils.java:logGet(43)) - raft.server.log.purge.gap = 1000000000 (custom)
2019-07-29 15:12:54,367 INFO  server.RaftServerConfigKeys (ConfUtils.java:logGet(43)) - raft.server.log.use.memory = false (default)
2019-07-29 15:12:54,367 INFO  server.RaftServerConfigKeys (ConfUtils.java:logGet(43)) - raft.server.log.appender.buffer.byte-limit = 33554432 (custom)
2019-07-29 15:12:54,367 INFO  server.RaftServerConfigKeys (ConfUtils.java:logGet(43)) - raft.server.leader.election.timeout = 120s (custom)
2019-07-29 15:12:54,367 INFO  server.RaftServerConfigKeys (ConfUtils.java:logGet(43)) - raft.server.log.segment.size.max = 1048576 (custom)
2019-07-29 15:12:54,367 INFO  server.RaftServerConfigKeys (ConfUtils.java:logGet(43)) - raft.server.log.purge.gap = 1000000000 (custom)
2019-07-29 15:12:54,368 INFO  server.RaftServerConfigKeys (ConfUtils.java:logGet(43)) - raft.server.log.segment.cache.num.max = 2 (custom)
2019-07-29 15:12:54,368 INFO  server.RaftServerConfigKeys (ConfUtils.java:logGet(43)) - raft.server.log.use.memory = false (default)
2019-07-29 15:12:54,368 INFO  segmented.SegmentedRaftLogWorker (SegmentedRaftLogWorker.java:<init>(172)) - new c937352c-9ae0-4e18-9e19-db0ef9e031ea-SegmentedRaftLogWorker:Storage Directory /workdir/hadoop-ozone/integration-test/target/test-dir/MiniOzoneClusterImpl-d73583e1-fe53-4975-a2cf-a60db5c49538/datanode-6/data/ratis/a86680ec-2824-43f3-93b5-6fb1848d186a for RaftStorage:Storage Directory /workdir/hadoop-ozone/integration-test/target/test-dir/MiniOzoneClusterImpl-d73583e1-fe53-4975-a2cf-a60db5c49538/datanode-6/data/ratis/a86680ec-2824-43f3-93b5-6fb1848d186a
2019-07-29 15:12:54,368 INFO  server.RaftServerConfigKeys (ConfUtils.java:logGet(43)) - raft.server.log.purge.gap = 1000000000 (custom)
2019-07-29 15:12:54,368 INFO  server.RaftServerConfigKeys (ConfUtils.java:logGet(43)) - raft.server.log.appender.buffer.byte-limit = 33554432 (custom)
2019-07-29 15:12:54,369 INFO  server.RaftServerConfigKeys (ConfUtils.java:logGet(43)) - raft.server.log.appender.buffer.byte-limit = 33554432 (custom)
2019-07-29 15:12:54,368 INFO  server.RaftServerConfigKeys (ConfUtils.java:logGet(43)) - raft.server.log.queue.byte-limit = 2147483647 (custom)
2019-07-29 15:12:54,371 INFO  server.RaftServerConfigKeys (ConfUtils.java:logGet(43)) - raft.server.log.segment.size.max = 1048576 (custom)
2019-07-29 15:12:54,371 INFO  server.RaftServerConfigKeys (ConfUtils.java:logGet(43)) - raft.server.log.segment.size.max = 1048576 (custom)
2019-07-29 15:12:54,371 INFO  server.RaftServerConfigKeys (ConfUtils.java:logGet(43)) - raft.server.log.segment.cache.num.max = 2 (custom)
2019-07-29 15:12:54,371 INFO  server.RaftServerConfigKeys (ConfUtils.java:logGet(43)) - raft.server.log.queue.element-limit = 1024 (custom)
2019-07-29 15:12:54,372 INFO  segmented.SegmentedRaftLogWorker (SegmentedRaftLogWorker.java:<init>(172)) - new c0e4dbcc-6d58-4d9c-983d-96ebbb2015c1-SegmentedRaftLogWorker:Storage Directory /workdir/hadoop-ozone/integration-test/target/test-dir/MiniOzoneClusterImpl-d73583e1-fe53-4975-a2cf-a60db5c49538/datanode-3/data/ratis/a86680ec-2824-43f3-93b5-6fb1848d186a for RaftStorage:Storage Directory /workdir/hadoop-ozone/integration-test/target/test-dir/MiniOzoneClusterImpl-d73583e1-fe53-4975-a2cf-a60db5c49538/datanode-3/data/ratis/a86680ec-2824-43f3-93b5-6fb1848d186a
2019-07-29 15:12:54,372 INFO  server.RaftServerConfigKeys (ConfUtils.java:logGet(43)) - raft.server.log.segment.cache.num.max = 2 (custom)
2019-07-29 15:12:54,372 INFO  server.RaftServerConfigKeys (ConfUtils.java:logGet(43)) - raft.server.log.queue.byte-limit = 2147483647 (custom)
2019-07-29 15:12:54,372 INFO  server.RaftServerConfigKeys (ConfUtils.java:logGet(43)) - raft.server.log.segment.size.max = 1048576 (custom)
2019-07-29 15:12:54,374 INFO  server.RaftServerConfigKeys (ConfUtils.java:logGet(43)) - raft.server.log.queue.element-limit = 1024 (custom)
2019-07-29 15:12:54,372 INFO  segmented.SegmentedRaftLogWorker (SegmentedRaftLogWorker.java:<init>(172)) - new 78bd14f6-8012-4f9d-b5f4-35e188091916-SegmentedRaftLogWorker:Storage Directory /workdir/hadoop-ozone/integration-test/target/test-dir/MiniOzoneClusterImpl-d73583e1-fe53-4975-a2cf-a60db5c49538/datanode-5/data/ratis/a86680ec-2824-43f3-93b5-6fb1848d186a for RaftStorage:Storage Directory /workdir/hadoop-ozone/integration-test/target/test-dir/MiniOzoneClusterImpl-d73583e1-fe53-4975-a2cf-a60db5c49538/datanode-5/data/ratis/a86680ec-2824-43f3-93b5-6fb1848d186a
2019-07-29 15:12:54,375 INFO  server.RaftServerConfigKeys (ConfUtils.java:logGet(43)) - raft.server.log.segment.size.max = 1048576 (custom)
2019-07-29 15:12:54,375 INFO  server.RaftServerConfigKeys (ConfUtils.java:logGet(43)) - raft.server.log.preallocated.size = 16384 (custom)
2019-07-29 15:12:54,375 INFO  server.RaftServerConfigKeys (ConfUtils.java:logGet(43)) - raft.server.log.preallocated.size = 16384 (custom)
2019-07-29 15:12:54,375 INFO  server.RaftServerConfigKeys (ConfUtils.java:logGet(43)) - raft.server.log.queue.byte-limit = 2147483647 (custom)
2019-07-29 15:12:54,378 INFO  server.RaftServerConfigKeys (ConfUtils.java:logGet(43)) - raft.server.log.write.buffer.size = 33554432 (custom)
2019-07-29 15:12:54,378 INFO  server.RaftServerConfigKeys (ConfUtils.java:logGet(43)) - raft.server.log.write.buffer.size = 33554432 (custom)
2019-07-29 15:12:54,378 INFO  server.RaftServerConfigKeys (ConfUtils.java:logGet(43)) - raft.server.log.force.sync.num = 128 (default)
2019-07-29 15:12:54,378 INFO  server.RaftServerConfigKeys (ConfUtils.java:logGet(43)) - raft.server.log.queue.element-limit = 1024 (custom)
2019-07-29 15:12:54,379 INFO  server.RaftServerConfigKeys (ConfUtils.java:logGet(43)) - raft.server.log.statemachine.data.sync = true (default)
2019-07-29 15:12:54,378 INFO  server.RaftServerConfigKeys (ConfUtils.java:logGet(43)) - raft.server.log.force.sync.num = 128 (default)
2019-07-29 15:12:54,379 INFO  server.RaftServerConfigKeys (ConfUtils.java:logGet(43)) - raft.server.log.statemachine.data.sync.timeout = 10s (default)
2019-07-29 15:12:54,379 INFO  server.RaftServerConfigKeys (ConfUtils.java:logGet(43)) - raft.server.log.segment.size.max = 1048576 (custom)
2019-07-29 15:12:54,379 INFO  server.RaftServerConfigKeys (ConfUtils.java:logGet(43)) - raft.server.log.statemachine.data.sync.timeout.retry = -1 (default)
2019-07-29 15:12:54,379 INFO  server.RaftServerConfigKeys (ConfUtils.java:logGet(43)) - raft.server.log.statemachine.data.sync = true (default)
2019-07-29 15:12:54,380 INFO  server.RaftServerConfigKeys (ConfUtils.java:logGet(43)) - raft.server.log.statemachine.data.caching.enabled = true (custom)
2019-07-29 15:12:54,380 INFO  server.RaftServerConfigKeys (ConfUtils.java:logGet(43)) - raft.server.log.preallocated.size = 16384 (custom)
2019-07-29 15:12:54,380 INFO  server.RaftServerConfigKeys (ConfUtils.java:logGet(43)) - raft.server.log.statemachine.data.sync.timeout = 10s (default)
2019-07-29 15:12:54,380 INFO  segmented.SegmentedRaftLogWorker (SegmentedRaftLogWorker.java:lambda$new$0(132)) - c0e4dbcc-6d58-4d9c-983d-96ebbb2015c1-SegmentedRaftLogWorker:Storage Directory /workdir/hadoop-ozone/integration-test/target/test-dir/MiniOzoneClusterImpl-d73583e1-fe53-4975-a2cf-a60db5c49538/datanode-3/data/ratis/a86680ec-2824-43f3-93b5-6fb1848d186a: flushIndex: setUnconditionally 0 -> -1
2019-07-29 15:12:54,380 INFO  server.RaftServerConfigKeys (ConfUtils.java:logGet(43)) - raft.server.log.write.buffer.size = 33554432 (custom)
2019-07-29 15:12:54,380 INFO  server.RaftServerConfigKeys (ConfUtils.java:logGet(43)) - raft.server.log.statemachine.data.sync.timeout.retry = -1 (default)
2019-07-29 15:12:54,381 INFO  server.RaftServerConfigKeys (ConfUtils.java:logGet(43)) - raft.server.log.force.sync.num = 128 (default)
2019-07-29 15:12:54,381 INFO  server.RaftServerConfigKeys (ConfUtils.java:logGet(43)) - raft.server.snapshot.auto.trigger.enabled = true (custom)
2019-07-29 15:12:54,381 INFO  server.RaftServerConfigKeys (ConfUtils.java:logGet(43)) - raft.server.log.statemachine.data.sync = true (default)
2019-07-29 15:12:54,381 INFO  server.RaftServerConfigKeys (ConfUtils.java:logGet(43)) - raft.server.log.statemachine.data.caching.enabled = true (custom)
2019-07-29 15:12:54,382 INFO  server.RaftServerConfigKeys (ConfUtils.java:logGet(43)) - raft.server.log.statemachine.data.sync.timeout = 10s (default)
2019-07-29 15:12:54,381 INFO  server.RaftServerConfigKeys (ConfUtils.java:logGet(43)) - raft.server.snapshot.auto.trigger.threshold = 10000 (custom)
2019-07-29 15:12:54,382 INFO  server.RaftServerConfigKeys (ConfUtils.java:logGet(43)) - raft.server.log.statemachine.data.sync.timeout.retry = -1 (default)
2019-07-29 15:12:54,382 INFO  segmented.SegmentedRaftLogWorker (SegmentedRaftLogWorker.java:lambda$new$0(132)) - c937352c-9ae0-4e18-9e19-db0ef9e031ea-SegmentedRaftLogWorker:Storage Directory /workdir/hadoop-ozone/integration-test/target/test-dir/MiniOzoneClusterImpl-d73583e1-fe53-4975-a2cf-a60db5c49538/datanode-6/data/ratis/a86680ec-2824-43f3-93b5-6fb1848d186a: flushIndex: setUnconditionally 0 -> -1
2019-07-29 15:12:54,382 INFO  server.RaftServerConfigKeys (ConfUtils.java:logGet(43)) - raft.server.log.statemachine.data.caching.enabled = true (custom)
2019-07-29 15:12:54,382 INFO  server.RaftServerConfigKeys (ConfUtils.java:logGet(43)) - raft.server.retrycache.expirytime = 600000ms (custom)
2019-07-29 15:12:54,383 INFO  server.RaftServerConfigKeys (ConfUtils.java:logGet(43)) - raft.server.snapshot.auto.trigger.enabled = true (custom)
2019-07-29 15:12:54,383 INFO  impl.RaftServerImpl (RaftServerImpl.java:start(180)) - c0e4dbcc-6d58-4d9c-983d-96ebbb2015c1: start group-6FB1848D186A
2019-07-29 15:12:54,383 INFO  segmented.SegmentedRaftLogWorker (SegmentedRaftLogWorker.java:lambda$new$0(132)) - 78bd14f6-8012-4f9d-b5f4-35e188091916-SegmentedRaftLogWorker:Storage Directory /workdir/hadoop-ozone/integration-test/target/test-dir/MiniOzoneClusterImpl-d73583e1-fe53-4975-a2cf-a60db5c49538/datanode-5/data/ratis/a86680ec-2824-43f3-93b5-6fb1848d186a: flushIndex: setUnconditionally 0 -> -1
2019-07-29 15:12:54,383 INFO  impl.RaftServerImpl (RaftServerImpl.java:setRole(171)) - c0e4dbcc-6d58-4d9c-983d-96ebbb2015c1:group-6FB1848D186A changes role from null to FOLLOWER at term 0 for startAsFollower
2019-07-29 15:12:54,383 INFO  server.RaftServerConfigKeys (ConfUtils.java:logGet(43)) - raft.server.snapshot.auto.trigger.threshold = 10000 (custom)
2019-07-29 15:12:54,384 INFO  server.RaftServerConfigKeys (ConfUtils.java:logGet(43)) - raft.server.snapshot.auto.trigger.enabled = true (custom)
2019-07-29 15:12:54,384 INFO  impl.RoleInfo (RoleInfo.java:updateAndGet(143)) - c0e4dbcc-6d58-4d9c-983d-96ebbb2015c1: start FollowerState
2019-07-29 15:12:54,384 INFO  server.RaftServerConfigKeys (ConfUtils.java:logGet(43)) - raft.server.snapshot.auto.trigger.threshold = 10000 (custom)
2019-07-29 15:12:54,384 INFO  server.RaftServerConfigKeys (ConfUtils.java:logGet(43)) - raft.server.retrycache.expirytime = 600000ms (custom)
2019-07-29 15:12:54,385 INFO  server.RaftServerConfigKeys (ConfUtils.java:logGet(43)) - raft.server.retrycache.expirytime = 600000ms (custom)
2019-07-29 15:12:54,385 INFO  impl.RaftServerImpl (RaftServerImpl.java:start(180)) - c937352c-9ae0-4e18-9e19-db0ef9e031ea: start group-6FB1848D186A
2019-07-29 15:12:54,385 INFO  util.JmxRegister (JmxRegister.java:tryRegister(44)) - Successfully registered JMX Bean with object name Ratis:service=RaftServer,group=group-6FB1848D186A,id=c0e4dbcc-6d58-4d9c-983d-96ebbb2015c1
2019-07-29 15:12:54,385 INFO  impl.RaftServerImpl (RaftServerImpl.java:setRole(171)) - c937352c-9ae0-4e18-9e19-db0ef9e031ea:group-6FB1848D186A changes role from null to FOLLOWER at term 0 for startAsFollower
2019-07-29 15:12:54,385 INFO  impl.RaftServerImpl (RaftServerImpl.java:start(180)) - 78bd14f6-8012-4f9d-b5f4-35e188091916: start group-6FB1848D186A
2019-07-29 15:12:54,385 INFO  impl.RoleInfo (RoleInfo.java:updateAndGet(143)) - c937352c-9ae0-4e18-9e19-db0ef9e031ea: start FollowerState
2019-07-29 15:12:54,385 INFO  impl.RaftServerImpl (RaftServerImpl.java:setRole(171)) - 78bd14f6-8012-4f9d-b5f4-35e188091916:group-6FB1848D186A changes role from null to FOLLOWER at term 0 for startAsFollower
2019-07-29 15:12:54,386 INFO  impl.RoleInfo (RoleInfo.java:updateAndGet(143)) - 78bd14f6-8012-4f9d-b5f4-35e188091916: start FollowerState
2019-07-29 15:12:54,386 INFO  util.JmxRegister (JmxRegister.java:tryRegister(44)) - Successfully registered JMX Bean with object name Ratis:service=RaftServer,group=group-6FB1848D186A,id=c937352c-9ae0-4e18-9e19-db0ef9e031ea
2019-07-29 15:12:54,386 INFO  util.JmxRegister (JmxRegister.java:tryRegister(44)) - Successfully registered JMX Bean with object name Ratis:service=RaftServer,group=group-6FB1848D186A,id=78bd14f6-8012-4f9d-b5f4-35e188091916
2019-07-29 15:12:54,410 INFO  pipeline.PipelineStateManager (PipelineStateManager.java:addPipeline(56)) - Created pipeline Pipeline[ Id: a86680ec-2824-43f3-93b5-6fb1848d186a, Nodes: c0e4dbcc-6d58-4d9c-983d-96ebbb2015c1{ip: 192.168.157.194, host: byscane-nightly-74r8j-760408800, networkLocation: /default-rack, certSerialId: null}78bd14f6-8012-4f9d-b5f4-35e188091916{ip: 192.168.157.194, host: byscane-nightly-74r8j-760408800, networkLocation: /default-rack, certSerialId: null}c937352c-9ae0-4e18-9e19-db0ef9e031ea{ip: 192.168.157.194, host: byscane-nightly-74r8j-760408800, networkLocation: /default-rack, certSerialId: null}, Type:RATIS, Factor:THREE, State:OPEN]
2019-07-29 15:12:54,532 INFO  ozone.MiniOzoneClusterImpl (MiniOzoneClusterImpl.java:lambda$waitForClusterToBeReady$0(142)) - Cluster is ready. Got 7 of 7 DN Heartbeats.
2019-07-29 15:12:54,893 INFO  rpc.RpcClient (RpcClient.java:createVolume(288)) - Creating Volume: testblockoutputstream, with jenkins1000 as owner.
2019-07-29 15:12:54,952 INFO  rpc.RpcClient (RpcClient.java:createBucket(425)) - Creating Bucket: testblockoutputstream/testblockoutputstream, with Versioning false and Storage Type set to DISK and Encryption set to false 
2019-07-29 15:12:54,978 INFO  impl.MetricsSystemImpl (MetricsSystemImpl.java:init(158)) - XceiverClientMetrics metrics system started (again)
2019-07-29 15:12:55,252 INFO  client.GrpcClientProtocolClient (GrpcClientProtocolClient.java:onNext(255)) - client-3A3B73AE8C0C->c0e4dbcc-6d58-4d9c-983d-96ebbb2015c1: receive RaftClientReply:client-3A3B73AE8C0C->c0e4dbcc-6d58-4d9c-983d-96ebbb2015c1@group-6FB1848D186A, cid=13, FAILED org.apache.ratis.protocol.NotLeaderException: Server c0e4dbcc-6d58-4d9c-983d-96ebbb2015c1 is not the leader (null). Request must be sent to leader., logIndex=0, commits[c0e4dbcc-6d58-4d9c-983d-96ebbb2015c1:c-1]
2019-07-29 15:12:55,292 INFO  container.ReplicationManager (ReplicationManager.java:start(155)) - Starting Replication Monitor Thread.
2019-07-29 15:12:55,296 INFO  container.ReplicationManager (ReplicationManager.java:run(207)) - Replication Monitor Thread took 3 milliseconds for processing 1 containers.
2019-07-29 15:12:56,303 INFO  client.GrpcClientProtocolClient (GrpcClientProtocolClient.java:onNext(255)) - client-3A3B73AE8C0C->78bd14f6-8012-4f9d-b5f4-35e188091916: receive RaftClientReply:client-3A3B73AE8C0C->78bd14f6-8012-4f9d-b5f4-35e188091916@group-6FB1848D186A, cid=13, FAILED org.apache.ratis.protocol.NotLeaderException: Server 78bd14f6-8012-4f9d-b5f4-35e188091916 is not the leader (null). Request must be sent to leader., logIndex=0, commits[78bd14f6-8012-4f9d-b5f4-35e188091916:c-1]
2019-07-29 15:12:57,333 INFO  client.GrpcClientProtocolClient (GrpcClientProtocolClient.java:onNext(255)) - client-3A3B73AE8C0C->c937352c-9ae0-4e18-9e19-db0ef9e031ea: receive RaftClientReply:client-3A3B73AE8C0C->c937352c-9ae0-4e18-9e19-db0ef9e031ea@group-6FB1848D186A, cid=13, FAILED org.apache.ratis.protocol.NotLeaderException: Server c937352c-9ae0-4e18-9e19-db0ef9e031ea is not the leader (null). Request must be sent to leader., logIndex=0, commits[c937352c-9ae0-4e18-9e19-db0ef9e031ea:c-1]
2019-07-29 15:12:58,359 INFO  client.GrpcClientProtocolClient (GrpcClientProtocolClient.java:onNext(255)) - client-3A3B73AE8C0C->78bd14f6-8012-4f9d-b5f4-35e188091916: receive RaftClientReply:client-3A3B73AE8C0C->78bd14f6-8012-4f9d-b5f4-35e188091916@group-6FB1848D186A, cid=13, FAILED org.apache.ratis.protocol.NotLeaderException: Server 78bd14f6-8012-4f9d-b5f4-35e188091916 is not the leader (null). Request must be sent to leader., logIndex=0, commits[78bd14f6-8012-4f9d-b5f4-35e188091916:c-1]
2019-07-29 15:12:58,612 INFO  impl.FollowerState (FollowerState.java:run(106)) - 8c12ddc8-f54c-45f0-a218-991996808d11:group-91ADCD982E9A changes to CANDIDATE, lastRpcTime:5143, electionTimeout:5142ms
2019-07-29 15:12:58,612 INFO  impl.RoleInfo (RoleInfo.java:shutdownFollowerState(121)) - 8c12ddc8-f54c-45f0-a218-991996808d11: shutdown FollowerState
2019-07-29 15:12:58,612 INFO  impl.RaftServerImpl (RaftServerImpl.java:setRole(171)) - 8c12ddc8-f54c-45f0-a218-991996808d11:group-91ADCD982E9A changes role from FOLLOWER to CANDIDATE at term 0 for changeToCandidate
2019-07-29 15:12:58,616 INFO  impl.RoleInfo (RoleInfo.java:updateAndGet(143)) - 8c12ddc8-f54c-45f0-a218-991996808d11: start LeaderElection
2019-07-29 15:12:58,638 INFO  impl.LeaderElection (LeaderElection.java:askForVotes(181)) - 8c12ddc8-f54c-45f0-a218-991996808d11:group-91ADCD982E9A:LeaderElection1: begin an election at term 1 for -1: [8c12ddc8-f54c-45f0-a218-991996808d11:192.168.157.194:36552], old=null
2019-07-29 15:12:58,640 INFO  impl.RoleInfo (RoleInfo.java:shutdownLeaderElection(134)) - 8c12ddc8-f54c-45f0-a218-991996808d11: shutdown LeaderElection
2019-07-29 15:12:58,641 INFO  impl.RaftServerImpl (RaftServerImpl.java:setRole(171)) - 8c12ddc8-f54c-45f0-a218-991996808d11:group-91ADCD982E9A changes role from CANDIDATE to LEADER at term 1 for changeToLeader
2019-07-29 15:12:58,641 INFO  impl.RaftServerImpl (ServerState.java:setLeader(263)) - 8c12ddc8-f54c-45f0-a218-991996808d11:group-91ADCD982E9A change Leader from null to 8c12ddc8-f54c-45f0-a218-991996808d11 at term 1 for becomeLeader, leader elected after 5259ms
2019-07-29 15:12:58,651 INFO  server.RaftServerConfigKeys (ConfUtils.java:logGet(43)) - raft.server.staging.catchup.gap = 1000 (default)
2019-07-29 15:12:58,651 INFO  server.RaftServerConfigKeys (ConfUtils.java:logGet(43)) - raft.server.rpc.sleep.time = 25ms (default)
2019-07-29 15:12:58,655 INFO  server.RaftServerConfigKeys (ConfUtils.java:logGet(43)) - raft.server.write.element-limit = 4096 (default)
2019-07-29 15:12:58,658 INFO  server.RaftServerConfigKeys (ConfUtils.java:logGet(43)) - raft.server.watch.timeout = 10s (default)
2019-07-29 15:12:58,658 INFO  server.RaftServerConfigKeys (ConfUtils.java:logGet(43)) - raft.server.watch.timeout.denomination = 1s (default)
2019-07-29 15:12:58,659 INFO  server.RaftServerConfigKeys (ConfUtils.java:logGet(43)) - raft.server.watch.element-limit = 65536 (default)
2019-07-29 15:12:58,670 INFO  impl.RoleInfo (RoleInfo.java:updateAndGet(143)) - 8c12ddc8-f54c-45f0-a218-991996808d11: start LeaderState
2019-07-29 15:12:58,689 INFO  impl.FollowerState (FollowerState.java:run(106)) - 49751be9-4999-4a95-b2b7-8fc228ce6d9b:group-CCEDD4EB618C changes to CANDIDATE, lastRpcTime:5008, electionTimeout:5006ms
2019-07-29 15:12:58,691 INFO  impl.RoleInfo (RoleInfo.java:shutdownFollowerState(121)) - 49751be9-4999-4a95-b2b7-8fc228ce6d9b: shutdown FollowerState
2019-07-29 15:12:58,691 INFO  impl.RaftServerImpl (RaftServerImpl.java:setRole(171)) - 49751be9-4999-4a95-b2b7-8fc228ce6d9b:group-CCEDD4EB618C changes role from FOLLOWER to CANDIDATE at term 0 for changeToCandidate
2019-07-29 15:12:58,691 INFO  impl.RoleInfo (RoleInfo.java:updateAndGet(143)) - 49751be9-4999-4a95-b2b7-8fc228ce6d9b: start LeaderElection
2019-07-29 15:12:58,705 INFO  segmented.SegmentedRaftLogWorker (SegmentedRaftLogWorker.java:startLogSegment(380)) - 8c12ddc8-f54c-45f0-a218-991996808d11-SegmentedRaftLogWorker:Storage Directory /workdir/hadoop-ozone/integration-test/target/test-dir/MiniOzoneClusterImpl-d73583e1-fe53-4975-a2cf-a60db5c49538/datanode-0/data/ratis/820c49a9-8067-47c7-9ac7-91adcd982e9a: Starting segment from index:0
2019-07-29 15:12:58,713 INFO  impl.LeaderElection (LeaderElection.java:askForVotes(181)) - 49751be9-4999-4a95-b2b7-8fc228ce6d9b:group-CCEDD4EB618C:LeaderElection2: begin an election at term 1 for -1: [49751be9-4999-4a95-b2b7-8fc228ce6d9b:192.168.157.194:33007], old=null
2019-07-29 15:12:58,715 INFO  impl.RoleInfo (RoleInfo.java:shutdownLeaderElection(134)) - 49751be9-4999-4a95-b2b7-8fc228ce6d9b: shutdown LeaderElection
2019-07-29 15:12:58,715 INFO  impl.RaftServerImpl (RaftServerImpl.java:setRole(171)) - 49751be9-4999-4a95-b2b7-8fc228ce6d9b:group-CCEDD4EB618C changes role from CANDIDATE to LEADER at term 1 for changeToLeader
2019-07-29 15:12:58,715 INFO  impl.RaftServerImpl (ServerState.java:setLeader(263)) - 49751be9-4999-4a95-b2b7-8fc228ce6d9b:group-CCEDD4EB618C change Leader from null to 49751be9-4999-4a95-b2b7-8fc228ce6d9b at term 1 for becomeLeader, leader elected after 5043ms
2019-07-29 15:12:58,717 INFO  server.RaftServerConfigKeys (ConfUtils.java:logGet(43)) - raft.server.staging.catchup.gap = 1000 (default)
2019-07-29 15:12:58,717 INFO  server.RaftServerConfigKeys (ConfUtils.java:logGet(43)) - raft.server.rpc.sleep.time = 25ms (default)
2019-07-29 15:12:58,718 INFO  server.RaftServerConfigKeys (ConfUtils.java:logGet(43)) - raft.server.write.element-limit = 4096 (default)
2019-07-29 15:12:58,718 INFO  server.RaftServerConfigKeys (ConfUtils.java:logGet(43)) - raft.server.watch.timeout = 10s (default)
2019-07-29 15:12:58,718 INFO  server.RaftServerConfigKeys (ConfUtils.java:logGet(43)) - raft.server.watch.timeout.denomination = 1s (default)
2019-07-29 15:12:58,718 INFO  server.RaftServerConfigKeys (ConfUtils.java:logGet(43)) - raft.server.watch.element-limit = 65536 (default)
2019-07-29 15:12:58,719 INFO  impl.RoleInfo (RoleInfo.java:updateAndGet(143)) - 49751be9-4999-4a95-b2b7-8fc228ce6d9b: start LeaderState
2019-07-29 15:12:58,719 INFO  segmented.SegmentedRaftLogWorker (SegmentedRaftLogWorker.java:startLogSegment(380)) - 49751be9-4999-4a95-b2b7-8fc228ce6d9b-SegmentedRaftLogWorker:Storage Directory /workdir/hadoop-ozone/integration-test/target/test-dir/MiniOzoneClusterImpl-d73583e1-fe53-4975-a2cf-a60db5c49538/datanode-2/data/ratis/d61291a1-46d8-456c-a41c-ccedd4eb618c: Starting segment from index:0
2019-07-29 15:12:58,721 INFO  impl.RaftServerImpl (ServerState.java:setRaftConf(361)) - 49751be9-4999-4a95-b2b7-8fc228ce6d9b:group-CCEDD4EB618C set configuration 0: [49751be9-4999-4a95-b2b7-8fc228ce6d9b:192.168.157.194:33007], old=null at 0
2019-07-29 15:12:58,721 INFO  impl.RaftServerImpl (ServerState.java:setRaftConf(361)) - 8c12ddc8-f54c-45f0-a218-991996808d11:group-91ADCD982E9A set configuration 0: [8c12ddc8-f54c-45f0-a218-991996808d11:192.168.157.194:36552], old=null at 0
2019-07-29 15:12:58,849 INFO  impl.FollowerState (FollowerState.java:run(106)) - f4696a1b-635b-453d-b263-ccccb034112d:group-BBDD44FA803A changes to CANDIDATE, lastRpcTime:5067, electionTimeout:5067ms
2019-07-29 15:12:58,849 INFO  impl.RoleInfo (RoleInfo.java:shutdownFollowerState(121)) - f4696a1b-635b-453d-b263-ccccb034112d: shutdown FollowerState
2019-07-29 15:12:58,850 INFO  impl.RaftServerImpl (RaftServerImpl.java:setRole(171)) - f4696a1b-635b-453d-b263-ccccb034112d:group-BBDD44FA803A changes role from FOLLOWER to CANDIDATE at term 0 for changeToCandidate
2019-07-29 15:12:58,850 INFO  impl.RoleInfo (RoleInfo.java:updateAndGet(143)) - f4696a1b-635b-453d-b263-ccccb034112d: start LeaderElection
2019-07-29 15:12:58,868 INFO  impl.LeaderElection (LeaderElection.java:askForVotes(181)) - f4696a1b-635b-453d-b263-ccccb034112d:group-BBDD44FA803A:LeaderElection3: begin an election at term 1 for -1: [f4696a1b-635b-453d-b263-ccccb034112d:192.168.157.194:41552], old=null
2019-07-29 15:12:58,868 INFO  impl.RoleInfo (RoleInfo.java:shutdownLeaderElection(134)) - f4696a1b-635b-453d-b263-ccccb034112d: shutdown LeaderElection
2019-07-29 15:12:58,869 INFO  impl.RaftServerImpl (RaftServerImpl.java:setRole(171)) - f4696a1b-635b-453d-b263-ccccb034112d:group-BBDD44FA803A changes role from CANDIDATE to LEADER at term 1 for changeToLeader
2019-07-29 15:12:58,869 INFO  impl.RaftServerImpl (ServerState.java:setLeader(263)) - f4696a1b-635b-453d-b263-ccccb034112d:group-BBDD44FA803A change Leader from null to f4696a1b-635b-453d-b263-ccccb034112d at term 1 for becomeLeader, leader elected after 5092ms
2019-07-29 15:12:58,871 INFO  server.RaftServerConfigKeys (ConfUtils.java:logGet(43)) - raft.server.staging.catchup.gap = 1000 (default)
2019-07-29 15:12:58,871 INFO  server.RaftServerConfigKeys (ConfUtils.java:logGet(43)) - raft.server.rpc.sleep.time = 25ms (default)
2019-07-29 15:12:58,871 INFO  server.RaftServerConfigKeys (ConfUtils.java:logGet(43)) - raft.server.write.element-limit = 4096 (default)
2019-07-29 15:12:58,871 INFO  server.RaftServerConfigKeys (ConfUtils.java:logGet(43)) - raft.server.watch.timeout = 10s (default)
2019-07-29 15:12:58,872 INFO  server.RaftServerConfigKeys (ConfUtils.java:logGet(43)) - raft.server.watch.timeout.denomination = 1s (default)
2019-07-29 15:12:58,872 INFO  server.RaftServerConfigKeys (ConfUtils.java:logGet(43)) - raft.server.watch.element-limit = 65536 (default)
2019-07-29 15:12:58,872 INFO  impl.RoleInfo (RoleInfo.java:updateAndGet(143)) - f4696a1b-635b-453d-b263-ccccb034112d: start LeaderState
2019-07-29 15:12:58,872 INFO  segmented.SegmentedRaftLogWorker (SegmentedRaftLogWorker.java:startLogSegment(380)) - f4696a1b-635b-453d-b263-ccccb034112d-SegmentedRaftLogWorker:Storage Directory /workdir/hadoop-ozone/integration-test/target/test-dir/MiniOzoneClusterImpl-d73583e1-fe53-4975-a2cf-a60db5c49538/datanode-4/data/ratis/448b1b8a-b8e9-4bf8-97fa-bbdd44fa803a: Starting segment from index:0
2019-07-29 15:12:58,873 INFO  impl.RaftServerImpl (ServerState.java:setRaftConf(361)) - f4696a1b-635b-453d-b263-ccccb034112d:group-BBDD44FA803A set configuration 0: [f4696a1b-635b-453d-b263-ccccb034112d:192.168.157.194:41552], old=null at 0
2019-07-29 15:12:58,911 INFO  segmented.SegmentedRaftLogWorker (SegmentedRaftLogWorker.java:execute(569)) - 8c12ddc8-f54c-45f0-a218-991996808d11-SegmentedRaftLogWorker:Storage Directory /workdir/hadoop-ozone/integration-test/target/test-dir/MiniOzoneClusterImpl-d73583e1-fe53-4975-a2cf-a60db5c49538/datanode-0/data/ratis/820c49a9-8067-47c7-9ac7-91adcd982e9a: created new log segment /workdir/hadoop-ozone/integration-test/target/test-dir/MiniOzoneClusterImpl-d73583e1-fe53-4975-a2cf-a60db5c49538/datanode-0/data/ratis/820c49a9-8067-47c7-9ac7-91adcd982e9a/current/log_inprogress_0
2019-07-29 15:12:58,911 INFO  segmented.SegmentedRaftLogWorker (SegmentedRaftLogWorker.java:execute(569)) - 49751be9-4999-4a95-b2b7-8fc228ce6d9b-SegmentedRaftLogWorker:Storage Directory /workdir/hadoop-ozone/integration-test/target/test-dir/MiniOzoneClusterImpl-d73583e1-fe53-4975-a2cf-a60db5c49538/datanode-2/data/ratis/d61291a1-46d8-456c-a41c-ccedd4eb618c: created new log segment /workdir/hadoop-ozone/integration-test/target/test-dir/MiniOzoneClusterImpl-d73583e1-fe53-4975-a2cf-a60db5c49538/datanode-2/data/ratis/d61291a1-46d8-456c-a41c-ccedd4eb618c/current/log_inprogress_0
2019-07-29 15:12:58,911 INFO  segmented.SegmentedRaftLogWorker (SegmentedRaftLogWorker.java:execute(569)) - f4696a1b-635b-453d-b263-ccccb034112d-SegmentedRaftLogWorker:Storage Directory /workdir/hadoop-ozone/integration-test/target/test-dir/MiniOzoneClusterImpl-d73583e1-fe53-4975-a2cf-a60db5c49538/datanode-4/data/ratis/448b1b8a-b8e9-4bf8-97fa-bbdd44fa803a: created new log segment /workdir/hadoop-ozone/integration-test/target/test-dir/MiniOzoneClusterImpl-d73583e1-fe53-4975-a2cf-a60db5c49538/datanode-4/data/ratis/448b1b8a-b8e9-4bf8-97fa-bbdd44fa803a/current/log_inprogress_0
2019-07-29 15:12:58,949 INFO  impl.FollowerState (FollowerState.java:run(106)) - c0e4dbcc-6d58-4d9c-983d-96ebbb2015c1:group-30BACA44B9DD changes to CANDIDATE, lastRpcTime:5081, electionTimeout:5081ms
2019-07-29 15:12:58,952 INFO  impl.RoleInfo (RoleInfo.java:shutdownFollowerState(121)) - c0e4dbcc-6d58-4d9c-983d-96ebbb2015c1: shutdown FollowerState
2019-07-29 15:12:58,952 INFO  impl.RaftServerImpl (RaftServerImpl.java:setRole(171)) - c0e4dbcc-6d58-4d9c-983d-96ebbb2015c1:group-30BACA44B9DD changes role from FOLLOWER to CANDIDATE at term 0 for changeToCandidate
2019-07-29 15:12:58,952 INFO  impl.RoleInfo (RoleInfo.java:updateAndGet(143)) - c0e4dbcc-6d58-4d9c-983d-96ebbb2015c1: start LeaderElection
2019-07-29 15:12:58,971 INFO  impl.LeaderElection (LeaderElection.java:askForVotes(181)) - c0e4dbcc-6d58-4d9c-983d-96ebbb2015c1:group-30BACA44B9DD:LeaderElection4: begin an election at term 1 for -1: [c0e4dbcc-6d58-4d9c-983d-96ebbb2015c1:192.168.157.194:41135], old=null
2019-07-29 15:12:58,973 INFO  impl.RoleInfo (RoleInfo.java:shutdownLeaderElection(134)) - c0e4dbcc-6d58-4d9c-983d-96ebbb2015c1: shutdown LeaderElection
2019-07-29 15:12:58,973 INFO  impl.RaftServerImpl (RaftServerImpl.java:setRole(171)) - c0e4dbcc-6d58-4d9c-983d-96ebbb2015c1:group-30BACA44B9DD changes role from CANDIDATE to LEADER at term 1 for changeToLeader
2019-07-29 15:12:58,973 INFO  impl.RaftServerImpl (ServerState.java:setLeader(263)) - c0e4dbcc-6d58-4d9c-983d-96ebbb2015c1:group-30BACA44B9DD change Leader from null to c0e4dbcc-6d58-4d9c-983d-96ebbb2015c1 at term 1 for becomeLeader, leader elected after 5110ms
2019-07-29 15:12:58,975 INFO  server.RaftServerConfigKeys (ConfUtils.java:logGet(43)) - raft.server.staging.catchup.gap = 1000 (default)
2019-07-29 15:12:58,975 INFO  server.RaftServerConfigKeys (ConfUtils.java:logGet(43)) - raft.server.rpc.sleep.time = 25ms (default)
2019-07-29 15:12:58,975 INFO  server.RaftServerConfigKeys (ConfUtils.java:logGet(43)) - raft.server.write.element-limit = 4096 (default)
2019-07-29 15:12:58,975 INFO  server.RaftServerConfigKeys (ConfUtils.java:logGet(43)) - raft.server.watch.timeout = 10s (default)
2019-07-29 15:12:58,975 INFO  server.RaftServerConfigKeys (ConfUtils.java:logGet(43)) - raft.server.watch.timeout.denomination = 1s (default)
2019-07-29 15:12:58,976 INFO  server.RaftServerConfigKeys (ConfUtils.java:logGet(43)) - raft.server.watch.element-limit = 65536 (default)
2019-07-29 15:12:58,976 INFO  impl.RoleInfo (RoleInfo.java:updateAndGet(143)) - c0e4dbcc-6d58-4d9c-983d-96ebbb2015c1: start LeaderState
2019-07-29 15:12:58,976 INFO  segmented.SegmentedRaftLogWorker (SegmentedRaftLogWorker.java:startLogSegment(380)) - c0e4dbcc-6d58-4d9c-983d-96ebbb2015c1-SegmentedRaftLogWorker:Storage Directory /workdir/hadoop-ozone/integration-test/target/test-dir/MiniOzoneClusterImpl-d73583e1-fe53-4975-a2cf-a60db5c49538/datanode-3/data/ratis/1d8154bb-d509-45fb-b186-30baca44b9dd: Starting segment from index:0
2019-07-29 15:12:58,977 INFO  impl.RaftServerImpl (ServerState.java:setRaftConf(361)) - c0e4dbcc-6d58-4d9c-983d-96ebbb2015c1:group-30BACA44B9DD set configuration 0: [c0e4dbcc-6d58-4d9c-983d-96ebbb2015c1:192.168.157.194:41135], old=null at 0
2019-07-29 15:12:59,008 INFO  segmented.SegmentedRaftLogWorker (SegmentedRaftLogWorker.java:execute(569)) - c0e4dbcc-6d58-4d9c-983d-96ebbb2015c1-SegmentedRaftLogWorker:Storage Directory /workdir/hadoop-ozone/integration-test/target/test-dir/MiniOzoneClusterImpl-d73583e1-fe53-4975-a2cf-a60db5c49538/datanode-3/data/ratis/1d8154bb-d509-45fb-b186-30baca44b9dd: created new log segment /workdir/hadoop-ozone/integration-test/target/test-dir/MiniOzoneClusterImpl-d73583e1-fe53-4975-a2cf-a60db5c49538/datanode-3/data/ratis/1d8154bb-d509-45fb-b186-30baca44b9dd/current/log_inprogress_0
2019-07-29 15:12:59,047 INFO  impl.FollowerState (FollowerState.java:run(106)) - 78bd14f6-8012-4f9d-b5f4-35e188091916:group-8555F418BC5F changes to CANDIDATE, lastRpcTime:5102, electionTimeout:5102ms
2019-07-29 15:12:59,048 INFO  impl.RoleInfo (RoleInfo.java:shutdownFollowerState(121)) - 78bd14f6-8012-4f9d-b5f4-35e188091916: shutdown FollowerState
2019-07-29 15:12:59,048 INFO  impl.RaftServerImpl (RaftServerImpl.java:setRole(171)) - 78bd14f6-8012-4f9d-b5f4-35e188091916:group-8555F418BC5F changes role from FOLLOWER to CANDIDATE at term 0 for changeToCandidate
2019-07-29 15:12:59,048 INFO  impl.RoleInfo (RoleInfo.java:updateAndGet(143)) - 78bd14f6-8012-4f9d-b5f4-35e188091916: start LeaderElection
2019-07-29 15:12:59,065 INFO  impl.LeaderElection (LeaderElection.java:askForVotes(181)) - 78bd14f6-8012-4f9d-b5f4-35e188091916:group-8555F418BC5F:LeaderElection5: begin an election at term 1 for -1: [78bd14f6-8012-4f9d-b5f4-35e188091916:192.168.157.194:41572], old=null
2019-07-29 15:12:59,067 INFO  impl.RoleInfo (RoleInfo.java:shutdownLeaderElection(134)) - 78bd14f6-8012-4f9d-b5f4-35e188091916: shutdown LeaderElection
2019-07-29 15:12:59,067 INFO  impl.RaftServerImpl (RaftServerImpl.java:setRole(171)) - 78bd14f6-8012-4f9d-b5f4-35e188091916:group-8555F418BC5F changes role from CANDIDATE to LEADER at term 1 for changeToLeader
2019-07-29 15:12:59,067 INFO  impl.RaftServerImpl (ServerState.java:setLeader(263)) - 78bd14f6-8012-4f9d-b5f4-35e188091916:group-8555F418BC5F change Leader from null to 78bd14f6-8012-4f9d-b5f4-35e188091916 at term 1 for becomeLeader, leader elected after 5127ms
2019-07-29 15:12:59,069 INFO  server.RaftServerConfigKeys (ConfUtils.java:logGet(43)) - raft.server.staging.catchup.gap = 1000 (default)
2019-07-29 15:12:59,070 INFO  server.RaftServerConfigKeys (ConfUtils.java:logGet(43)) - raft.server.rpc.sleep.time = 25ms (default)
2019-07-29 15:12:59,070 INFO  server.RaftServerConfigKeys (ConfUtils.java:logGet(43)) - raft.server.write.element-limit = 4096 (default)
2019-07-29 15:12:59,070 INFO  server.RaftServerConfigKeys (ConfUtils.java:logGet(43)) - raft.server.watch.timeout = 10s (default)
2019-07-29 15:12:59,070 INFO  server.RaftServerConfigKeys (ConfUtils.java:logGet(43)) - raft.server.watch.timeout.denomination = 1s (default)
2019-07-29 15:12:59,070 INFO  server.RaftServerConfigKeys (ConfUtils.java:logGet(43)) - raft.server.watch.element-limit = 65536 (default)
2019-07-29 15:12:59,071 INFO  impl.RoleInfo (RoleInfo.java:updateAndGet(143)) - 78bd14f6-8012-4f9d-b5f4-35e188091916: start LeaderState
2019-07-29 15:12:59,071 INFO  segmented.SegmentedRaftLogWorker (SegmentedRaftLogWorker.java:startLogSegment(380)) - 78bd14f6-8012-4f9d-b5f4-35e188091916-SegmentedRaftLogWorker:Storage Directory /workdir/hadoop-ozone/integration-test/target/test-dir/MiniOzoneClusterImpl-d73583e1-fe53-4975-a2cf-a60db5c49538/datanode-5/data/ratis/9fd892e6-f713-47c2-b40b-8555f418bc5f: Starting segment from index:0
2019-07-29 15:12:59,071 INFO  impl.RaftServerImpl (ServerState.java:setRaftConf(361)) - 78bd14f6-8012-4f9d-b5f4-35e188091916:group-8555F418BC5F set configuration 0: [78bd14f6-8012-4f9d-b5f4-35e188091916:192.168.157.194:41572], old=null at 0
2019-07-29 15:12:59,114 INFO  segmented.SegmentedRaftLogWorker (SegmentedRaftLogWorker.java:execute(569)) - 78bd14f6-8012-4f9d-b5f4-35e188091916-SegmentedRaftLogWorker:Storage Directory /workdir/hadoop-ozone/integration-test/target/test-dir/MiniOzoneClusterImpl-d73583e1-fe53-4975-a2cf-a60db5c49538/datanode-5/data/ratis/9fd892e6-f713-47c2-b40b-8555f418bc5f: created new log segment /workdir/hadoop-ozone/integration-test/target/test-dir/MiniOzoneClusterImpl-d73583e1-fe53-4975-a2cf-a60db5c49538/datanode-5/data/ratis/9fd892e6-f713-47c2-b40b-8555f418bc5f/current/log_inprogress_0
2019-07-29 15:12:59,145 INFO  impl.FollowerState (FollowerState.java:run(106)) - d230ad0e-bdba-4df4-b696-9a39b4846904:group-6E8E1C968B99 changes to CANDIDATE, lastRpcTime:5046, electionTimeout:5046ms
2019-07-29 15:12:59,145 INFO  impl.RoleInfo (RoleInfo.java:shutdownFollowerState(121)) - d230ad0e-bdba-4df4-b696-9a39b4846904: shutdown FollowerState
2019-07-29 15:12:59,146 INFO  impl.RaftServerImpl (RaftServerImpl.java:setRole(171)) - d230ad0e-bdba-4df4-b696-9a39b4846904:group-6E8E1C968B99 changes role from FOLLOWER to CANDIDATE at term 0 for changeToCandidate
2019-07-29 15:12:59,146 INFO  impl.RoleInfo (RoleInfo.java:updateAndGet(143)) - d230ad0e-bdba-4df4-b696-9a39b4846904: start LeaderElection
2019-07-29 15:12:59,163 INFO  impl.LeaderElection (LeaderElection.java:askForVotes(181)) - d230ad0e-bdba-4df4-b696-9a39b4846904:group-6E8E1C968B99:LeaderElection6: begin an election at term 1 for -1: [d230ad0e-bdba-4df4-b696-9a39b4846904:192.168.157.194:33083], old=null
2019-07-29 15:12:59,172 INFO  impl.RoleInfo (RoleInfo.java:shutdownLeaderElection(134)) - d230ad0e-bdba-4df4-b696-9a39b4846904: shutdown LeaderElection
2019-07-29 15:12:59,173 INFO  impl.RaftServerImpl (RaftServerImpl.java:setRole(171)) - d230ad0e-bdba-4df4-b696-9a39b4846904:group-6E8E1C968B99 changes role from CANDIDATE to LEADER at term 1 for changeToLeader
2019-07-29 15:12:59,173 INFO  impl.RaftServerImpl (ServerState.java:setLeader(263)) - d230ad0e-bdba-4df4-b696-9a39b4846904:group-6E8E1C968B99 change Leader from null to d230ad0e-bdba-4df4-b696-9a39b4846904 at term 1 for becomeLeader, leader elected after 5079ms
2019-07-29 15:12:59,175 INFO  server.RaftServerConfigKeys (ConfUtils.java:logGet(43)) - raft.server.staging.catchup.gap = 1000 (default)
2019-07-29 15:12:59,175 INFO  server.RaftServerConfigKeys (ConfUtils.java:logGet(43)) - raft.server.rpc.sleep.time = 25ms (default)
2019-07-29 15:12:59,175 INFO  server.RaftServerConfigKeys (ConfUtils.java:logGet(43)) - raft.server.write.element-limit = 4096 (default)
2019-07-29 15:12:59,175 INFO  server.RaftServerConfigKeys (ConfUtils.java:logGet(43)) - raft.server.watch.timeout = 10s (default)
2019-07-29 15:12:59,175 INFO  server.RaftServerConfigKeys (ConfUtils.java:logGet(43)) - raft.server.watch.timeout.denomination = 1s (default)
2019-07-29 15:12:59,176 INFO  server.RaftServerConfigKeys (ConfUtils.java:logGet(43)) - raft.server.watch.element-limit = 65536 (default)
2019-07-29 15:12:59,176 INFO  impl.RoleInfo (RoleInfo.java:updateAndGet(143)) - d230ad0e-bdba-4df4-b696-9a39b4846904: start LeaderState
2019-07-29 15:12:59,176 INFO  segmented.SegmentedRaftLogWorker (SegmentedRaftLogWorker.java:startLogSegment(380)) - d230ad0e-bdba-4df4-b696-9a39b4846904-SegmentedRaftLogWorker:Storage Directory /workdir/hadoop-ozone/integration-test/target/test-dir/MiniOzoneClusterImpl-d73583e1-fe53-4975-a2cf-a60db5c49538/datanode-1/data/ratis/0afd5353-6989-4253-ac61-6e8e1c968b99: Starting segment from index:0
2019-07-29 15:12:59,177 INFO  impl.RaftServerImpl (ServerState.java:setRaftConf(361)) - d230ad0e-bdba-4df4-b696-9a39b4846904:group-6E8E1C968B99 set configuration 0: [d230ad0e-bdba-4df4-b696-9a39b4846904:192.168.157.194:33083], old=null at 0
2019-07-29 15:12:59,208 INFO  segmented.SegmentedRaftLogWorker (SegmentedRaftLogWorker.java:execute(569)) - d230ad0e-bdba-4df4-b696-9a39b4846904-SegmentedRaftLogWorker:Storage Directory /workdir/hadoop-ozone/integration-test/target/test-dir/MiniOzoneClusterImpl-d73583e1-fe53-4975-a2cf-a60db5c49538/datanode-1/data/ratis/0afd5353-6989-4253-ac61-6e8e1c968b99: created new log segment /workdir/hadoop-ozone/integration-test/target/test-dir/MiniOzoneClusterImpl-d73583e1-fe53-4975-a2cf-a60db5c49538/datanode-1/data/ratis/0afd5353-6989-4253-ac61-6e8e1c968b99/current/log_inprogress_0
2019-07-29 15:12:59,226 INFO  impl.FollowerState (FollowerState.java:run(106)) - c937352c-9ae0-4e18-9e19-db0ef9e031ea:group-3C6BF9D64188 changes to CANDIDATE, lastRpcTime:5197, electionTimeout:5197ms
2019-07-29 15:12:59,226 INFO  impl.RoleInfo (RoleInfo.java:shutdownFollowerState(121)) - c937352c-9ae0-4e18-9e19-db0ef9e031ea: shutdown FollowerState
2019-07-29 15:12:59,227 INFO  impl.RaftServerImpl (RaftServerImpl.java:setRole(171)) - c937352c-9ae0-4e18-9e19-db0ef9e031ea:group-3C6BF9D64188 changes role from FOLLOWER to CANDIDATE at term 0 for changeToCandidate
2019-07-29 15:12:59,227 INFO  impl.RoleInfo (RoleInfo.java:updateAndGet(143)) - c937352c-9ae0-4e18-9e19-db0ef9e031ea: start LeaderElection
2019-07-29 15:12:59,241 INFO  impl.LeaderElection (LeaderElection.java:askForVotes(181)) - c937352c-9ae0-4e18-9e19-db0ef9e031ea:group-3C6BF9D64188:LeaderElection7: begin an election at term 1 for -1: [c937352c-9ae0-4e18-9e19-db0ef9e031ea:192.168.157.194:34585], old=null
2019-07-29 15:12:59,243 INFO  impl.RoleInfo (RoleInfo.java:shutdownLeaderElection(134)) - c937352c-9ae0-4e18-9e19-db0ef9e031ea: shutdown LeaderElection
2019-07-29 15:12:59,243 INFO  impl.RaftServerImpl (RaftServerImpl.java:setRole(171)) - c937352c-9ae0-4e18-9e19-db0ef9e031ea:group-3C6BF9D64188 changes role from CANDIDATE to LEADER at term 1 for changeToLeader
2019-07-29 15:12:59,244 INFO  impl.RaftServerImpl (ServerState.java:setLeader(263)) - c937352c-9ae0-4e18-9e19-db0ef9e031ea:group-3C6BF9D64188 change Leader from null to c937352c-9ae0-4e18-9e19-db0ef9e031ea at term 1 for becomeLeader, leader elected after 5220ms
2019-07-29 15:12:59,245 INFO  server.RaftServerConfigKeys (ConfUtils.java:logGet(43)) - raft.server.staging.catchup.gap = 1000 (default)
2019-07-29 15:12:59,246 INFO  server.RaftServerConfigKeys (ConfUtils.java:logGet(43)) - raft.server.rpc.sleep.time = 25ms (default)
2019-07-29 15:12:59,246 INFO  server.RaftServerConfigKeys (ConfUtils.java:logGet(43)) - raft.server.write.element-limit = 4096 (default)
2019-07-29 15:12:59,246 INFO  server.RaftServerConfigKeys (ConfUtils.java:logGet(43)) - raft.server.watch.timeout = 10s (default)
2019-07-29 15:12:59,246 INFO  server.RaftServerConfigKeys (ConfUtils.java:logGet(43)) - raft.server.watch.timeout.denomination = 1s (default)
2019-07-29 15:12:59,246 INFO  server.RaftServerConfigKeys (ConfUtils.java:logGet(43)) - raft.server.watch.element-limit = 65536 (default)
2019-07-29 15:12:59,247 INFO  impl.RoleInfo (RoleInfo.java:updateAndGet(143)) - c937352c-9ae0-4e18-9e19-db0ef9e031ea: start LeaderState
2019-07-29 15:12:59,247 INFO  segmented.SegmentedRaftLogWorker (SegmentedRaftLogWorker.java:startLogSegment(380)) - c937352c-9ae0-4e18-9e19-db0ef9e031ea-SegmentedRaftLogWorker:Storage Directory /workdir/hadoop-ozone/integration-test/target/test-dir/MiniOzoneClusterImpl-d73583e1-fe53-4975-a2cf-a60db5c49538/datanode-6/data/ratis/37c5675a-4d6f-4075-a601-3c6bf9d64188: Starting segment from index:0
2019-07-29 15:12:59,248 INFO  impl.RaftServerImpl (ServerState.java:setRaftConf(361)) - c937352c-9ae0-4e18-9e19-db0ef9e031ea:group-3C6BF9D64188 set configuration 0: [c937352c-9ae0-4e18-9e19-db0ef9e031ea:192.168.157.194:34585], old=null at 0
2019-07-29 15:12:59,268 INFO  impl.FollowerState (FollowerState.java:run(106)) - 49751be9-4999-4a95-b2b7-8fc228ce6d9b:group-48E1E1823190 changes to CANDIDATE, lastRpcTime:5026, electionTimeout:5021ms
2019-07-29 15:12:59,268 INFO  impl.RoleInfo (RoleInfo.java:shutdownFollowerState(121)) - 49751be9-4999-4a95-b2b7-8fc228ce6d9b: shutdown FollowerState
2019-07-29 15:12:59,268 INFO  impl.RaftServerImpl (RaftServerImpl.java:setRole(171)) - 49751be9-4999-4a95-b2b7-8fc228ce6d9b:group-48E1E1823190 changes role from FOLLOWER to CANDIDATE at term 0 for changeToCandidate
2019-07-29 15:12:59,268 INFO  impl.RoleInfo (RoleInfo.java:updateAndGet(143)) - 49751be9-4999-4a95-b2b7-8fc228ce6d9b: start LeaderElection
2019-07-29 15:12:59,289 INFO  segmented.SegmentedRaftLogWorker (SegmentedRaftLogWorker.java:execute(569)) - c937352c-9ae0-4e18-9e19-db0ef9e031ea-SegmentedRaftLogWorker:Storage Directory /workdir/hadoop-ozone/integration-test/target/test-dir/MiniOzoneClusterImpl-d73583e1-fe53-4975-a2cf-a60db5c49538/datanode-6/data/ratis/37c5675a-4d6f-4075-a601-3c6bf9d64188: created new log segment /workdir/hadoop-ozone/integration-test/target/test-dir/MiniOzoneClusterImpl-d73583e1-fe53-4975-a2cf-a60db5c49538/datanode-6/data/ratis/37c5675a-4d6f-4075-a601-3c6bf9d64188/current/log_inprogress_0
2019-07-29 15:12:59,289 INFO  impl.LeaderElection (LeaderElection.java:askForVotes(181)) - 49751be9-4999-4a95-b2b7-8fc228ce6d9b:group-48E1E1823190:LeaderElection8: begin an election at term 1 for -1: [f4696a1b-635b-453d-b263-ccccb034112d:192.168.157.194:41552, 49751be9-4999-4a95-b2b7-8fc228ce6d9b:192.168.157.194:33007, 8c12ddc8-f54c-45f0-a218-991996808d11:192.168.157.194:36552], old=null
2019-07-29 15:12:59,321 INFO  impl.RaftServerImpl (RaftServerImpl.java:setRole(171)) - f4696a1b-635b-453d-b263-ccccb034112d:group-48E1E1823190 changes role from FOLLOWER to FOLLOWER at term 1 for recognizeCandidate:49751be9-4999-4a95-b2b7-8fc228ce6d9b
2019-07-29 15:12:59,323 INFO  impl.RoleInfo (RoleInfo.java:shutdownFollowerState(121)) - f4696a1b-635b-453d-b263-ccccb034112d: shutdown FollowerState
2019-07-29 15:12:59,321 INFO  impl.RaftServerImpl (RaftServerImpl.java:setRole(171)) - 8c12ddc8-f54c-45f0-a218-991996808d11:group-48E1E1823190 changes role from FOLLOWER to FOLLOWER at term 1 for recognizeCandidate:49751be9-4999-4a95-b2b7-8fc228ce6d9b
2019-07-29 15:12:59,323 INFO  impl.RoleInfo (RoleInfo.java:updateAndGet(143)) - f4696a1b-635b-453d-b263-ccccb034112d: start FollowerState
2019-07-29 15:12:59,323 INFO  impl.RoleInfo (RoleInfo.java:shutdownFollowerState(121)) - 8c12ddc8-f54c-45f0-a218-991996808d11: shutdown FollowerState
2019-07-29 15:12:59,324 INFO  impl.RoleInfo (RoleInfo.java:updateAndGet(143)) - 8c12ddc8-f54c-45f0-a218-991996808d11: start FollowerState
2019-07-29 15:12:59,324 INFO  impl.FollowerState (FollowerState.java:run(114)) - 8c12ddc8-f54c-45f0-a218-991996808d11: FollowerState was interrupted: java.lang.InterruptedException: sleep interrupted
2019-07-29 15:12:59,355 INFO  impl.LeaderElection (LeaderElection.java:logAndReturn(56)) - 49751be9-4999-4a95-b2b7-8fc228ce6d9b:group-48E1E1823190:LeaderElection8: Election PASSED; received 1 response(s) [49751be9-4999-4a95-b2b7-8fc228ce6d9b<-8c12ddc8-f54c-45f0-a218-991996808d11#0:OK-t1] and 0 exception(s); 49751be9-4999-4a95-b2b7-8fc228ce6d9b:t1, leader=null, voted=49751be9-4999-4a95-b2b7-8fc228ce6d9b, raftlog=49751be9-4999-4a95-b2b7-8fc228ce6d9b-SegmentedRaftLog:OPENED:c-1,f-1,i0, conf=-1: [f4696a1b-635b-453d-b263-ccccb034112d:192.168.157.194:41552, 49751be9-4999-4a95-b2b7-8fc228ce6d9b:192.168.157.194:33007, 8c12ddc8-f54c-45f0-a218-991996808d11:192.168.157.194:36552], old=null
2019-07-29 15:12:59,356 INFO  impl.RoleInfo (RoleInfo.java:shutdownLeaderElection(134)) - 49751be9-4999-4a95-b2b7-8fc228ce6d9b: shutdown LeaderElection
2019-07-29 15:12:59,356 INFO  impl.RaftServerImpl (RaftServerImpl.java:setRole(171)) - 49751be9-4999-4a95-b2b7-8fc228ce6d9b:group-48E1E1823190 changes role from CANDIDATE to LEADER at term 1 for changeToLeader
2019-07-29 15:12:59,360 INFO  impl.RaftServerImpl (ServerState.java:setLeader(263)) - 49751be9-4999-4a95-b2b7-8fc228ce6d9b:group-48E1E1823190 change Leader from null to 49751be9-4999-4a95-b2b7-8fc228ce6d9b at term 1 for becomeLeader, leader elected after 5144ms
2019-07-29 15:12:59,360 INFO  server.RaftServerConfigKeys (ConfUtils.java:logGet(43)) - raft.server.staging.catchup.gap = 1000 (default)
2019-07-29 15:12:59,360 INFO  server.RaftServerConfigKeys (ConfUtils.java:logGet(43)) - raft.server.rpc.sleep.time = 25ms (default)
2019-07-29 15:12:59,360 INFO  server.RaftServerConfigKeys (ConfUtils.java:logGet(43)) - raft.server.write.element-limit = 4096 (default)
2019-07-29 15:12:59,360 INFO  server.RaftServerConfigKeys (ConfUtils.java:logGet(43)) - raft.server.watch.timeout = 10s (default)
2019-07-29 15:12:59,361 INFO  server.RaftServerConfigKeys (ConfUtils.java:logGet(43)) - raft.server.watch.timeout.denomination = 1s (default)
2019-07-29 15:12:59,361 INFO  server.RaftServerConfigKeys (ConfUtils.java:logGet(43)) - raft.server.watch.element-limit = 65536 (default)
2019-07-29 15:12:59,363 INFO  server.RaftServerConfigKeys (ConfUtils.java:logGet(43)) - raft.server.log.appender.snapshot.chunk.size.max = 16MB (=16777216) (default)
2019-07-29 15:12:59,364 INFO  server.RaftServerConfigKeys (ConfUtils.java:logGet(43)) - raft.server.log.appender.buffer.byte-limit = 33554432 (custom)
2019-07-29 15:12:59,364 INFO  server.RaftServerConfigKeys (ConfUtils.java:logGet(43)) - raft.server.log.appender.buffer.element-limit = 1 (custom)
2019-07-29 15:12:59,376 INFO  grpc.GrpcConfigKeys$Server (ConfUtils.java:logGet(43)) - raft.grpc.server.leader.outstanding.appends.max = 128 (default)
2019-07-29 15:12:59,378 INFO  server.RaftServerConfigKeys (ConfUtils.java:logGet(43)) - raft.server.rpc.request.timeout = 3000ms (default)
2019-07-29 15:12:59,378 INFO  server.RaftServerConfigKeys (ConfUtils.java:logGet(43)) - raft.server.log.appender.install.snapshot.enabled = false (custom)
2019-07-29 15:12:59,378 INFO  server.RaftServerConfigKeys (ConfUtils.java:logGet(43)) - raft.server.log.appender.snapshot.chunk.size.max = 16MB (=16777216) (default)
2019-07-29 15:12:59,379 INFO  server.RaftServerConfigKeys (ConfUtils.java:logGet(43)) - raft.server.log.appender.buffer.byte-limit = 33554432 (custom)
2019-07-29 15:12:59,379 INFO  server.RaftServerConfigKeys (ConfUtils.java:logGet(43)) - raft.server.log.appender.buffer.element-limit = 1 (custom)
2019-07-29 15:12:59,379 INFO  grpc.GrpcConfigKeys$Server (ConfUtils.java:logGet(43)) - raft.grpc.server.leader.outstanding.appends.max = 128 (default)
2019-07-29 15:12:59,379 INFO  server.RaftServerConfigKeys (ConfUtils.java:logGet(43)) - raft.server.rpc.request.timeout = 3000ms (default)
2019-07-29 15:12:59,379 INFO  server.RaftServerConfigKeys (ConfUtils.java:logGet(43)) - raft.server.log.appender.install.snapshot.enabled = false (custom)
2019-07-29 15:12:59,381 INFO  impl.RoleInfo (RoleInfo.java:updateAndGet(143)) - 49751be9-4999-4a95-b2b7-8fc228ce6d9b: start LeaderState
2019-07-29 15:12:59,381 INFO  segmented.SegmentedRaftLogWorker (SegmentedRaftLogWorker.java:startLogSegment(380)) - 49751be9-4999-4a95-b2b7-8fc228ce6d9b-SegmentedRaftLogWorker:Storage Directory /workdir/hadoop-ozone/integration-test/target/test-dir/MiniOzoneClusterImpl-d73583e1-fe53-4975-a2cf-a60db5c49538/datanode-2/data/ratis/4e983f73-a122-4011-adcd-48e1e1823190: Starting segment from index:0
2019-07-29 15:12:59,382 INFO  impl.RaftServerImpl (ServerState.java:setRaftConf(361)) - 49751be9-4999-4a95-b2b7-8fc228ce6d9b:group-48E1E1823190 set configuration 0: [f4696a1b-635b-453d-b263-ccccb034112d:192.168.157.194:41552, 49751be9-4999-4a95-b2b7-8fc228ce6d9b:192.168.157.194:33007, 8c12ddc8-f54c-45f0-a218-991996808d11:192.168.157.194:36552], old=null at 0
2019-07-29 15:12:59,413 INFO  impl.FollowerState (FollowerState.java:run(106)) - c937352c-9ae0-4e18-9e19-db0ef9e031ea:group-6FB1848D186A changes to CANDIDATE, lastRpcTime:5028, electionTimeout:5027ms
2019-07-29 15:12:59,415 INFO  impl.FollowerState (FollowerState.java:run(106)) - c0e4dbcc-6d58-4d9c-983d-96ebbb2015c1:group-6FB1848D186A changes to CANDIDATE, lastRpcTime:5031, electionTimeout:5027ms
2019-07-29 15:12:59,415 INFO  impl.RoleInfo (RoleInfo.java:shutdownFollowerState(121)) - c937352c-9ae0-4e18-9e19-db0ef9e031ea: shutdown FollowerState
2019-07-29 15:12:59,416 INFO  impl.RoleInfo (RoleInfo.java:shutdownFollowerState(121)) - c0e4dbcc-6d58-4d9c-983d-96ebbb2015c1: shutdown FollowerState
2019-07-29 15:12:59,416 INFO  segmented.SegmentedRaftLogWorker (SegmentedRaftLogWorker.java:execute(569)) - 49751be9-4999-4a95-b2b7-8fc228ce6d9b-SegmentedRaftLogWorker:Storage Directory /workdir/hadoop-ozone/integration-test/target/test-dir/MiniOzoneClusterImpl-d73583e1-fe53-4975-a2cf-a60db5c49538/datanode-2/data/ratis/4e983f73-a122-4011-adcd-48e1e1823190: created new log segment /workdir/hadoop-ozone/integration-test/target/test-dir/MiniOzoneClusterImpl-d73583e1-fe53-4975-a2cf-a60db5c49538/datanode-2/data/ratis/4e983f73-a122-4011-adcd-48e1e1823190/current/log_inprogress_0
2019-07-29 15:12:59,416 INFO  impl.RaftServerImpl (RaftServerImpl.java:setRole(171)) - c0e4dbcc-6d58-4d9c-983d-96ebbb2015c1:group-6FB1848D186A changes role from FOLLOWER to CANDIDATE at term 0 for changeToCandidate
2019-07-29 15:12:59,416 INFO  impl.RaftServerImpl (RaftServerImpl.java:setRole(171)) - c937352c-9ae0-4e18-9e19-db0ef9e031ea:group-6FB1848D186A changes role from FOLLOWER to CANDIDATE at term 0 for changeToCandidate
2019-07-29 15:12:59,420 INFO  impl.RoleInfo (RoleInfo.java:updateAndGet(143)) - c0e4dbcc-6d58-4d9c-983d-96ebbb2015c1: start LeaderElection
2019-07-29 15:12:59,420 INFO  impl.RoleInfo (RoleInfo.java:updateAndGet(143)) - c937352c-9ae0-4e18-9e19-db0ef9e031ea: start LeaderElection
2019-07-29 15:12:59,424 INFO  impl.FollowerState (FollowerState.java:run(106)) - 78bd14f6-8012-4f9d-b5f4-35e188091916:group-6FB1848D186A changes to CANDIDATE, lastRpcTime:5038, electionTimeout:5037ms
2019-07-29 15:12:59,426 INFO  impl.RoleInfo (RoleInfo.java:shutdownFollowerState(121)) - 78bd14f6-8012-4f9d-b5f4-35e188091916: shutdown FollowerState
2019-07-29 15:12:59,427 INFO  client.GrpcClientProtocolClient (GrpcClientProtocolClient.java:onNext(255)) - client-3A3B73AE8C0C->c0e4dbcc-6d58-4d9c-983d-96ebbb2015c1: receive RaftClientReply:client-3A3B73AE8C0C->c0e4dbcc-6d58-4d9c-983d-96ebbb2015c1@group-6FB1848D186A, cid=13, FAILED org.apache.ratis.protocol.NotLeaderException: Server c0e4dbcc-6d58-4d9c-983d-96ebbb2015c1 is not the leader (null). Request must be sent to leader., logIndex=0, commits[c0e4dbcc-6d58-4d9c-983d-96ebbb2015c1:c-1]
2019-07-29 15:12:59,427 INFO  impl.RaftServerImpl (RaftServerImpl.java:setRole(171)) - 78bd14f6-8012-4f9d-b5f4-35e188091916:group-6FB1848D186A changes role from FOLLOWER to CANDIDATE at term 0 for changeToCandidate
2019-07-29 15:12:59,432 INFO  impl.RoleInfo (RoleInfo.java:updateAndGet(143)) - 78bd14f6-8012-4f9d-b5f4-35e188091916: start LeaderElection
2019-07-29 15:12:59,453 INFO  impl.LeaderElection (LeaderElection.java:askForVotes(181)) - 78bd14f6-8012-4f9d-b5f4-35e188091916:group-6FB1848D186A:LeaderElection11: begin an election at term 1 for -1: [c937352c-9ae0-4e18-9e19-db0ef9e031ea:192.168.157.194:34585, 78bd14f6-8012-4f9d-b5f4-35e188091916:192.168.157.194:41572, c0e4dbcc-6d58-4d9c-983d-96ebbb2015c1:192.168.157.194:41135], old=null
2019-07-29 15:12:59,453 INFO  impl.LeaderElection (LeaderElection.java:askForVotes(181)) - c0e4dbcc-6d58-4d9c-983d-96ebbb2015c1:group-6FB1848D186A:LeaderElection9: begin an election at term 1 for -1: [c937352c-9ae0-4e18-9e19-db0ef9e031ea:192.168.157.194:34585, 78bd14f6-8012-4f9d-b5f4-35e188091916:192.168.157.194:41572, c0e4dbcc-6d58-4d9c-983d-96ebbb2015c1:192.168.157.194:41135], old=null
2019-07-29 15:12:59,453 INFO  impl.LeaderElection (LeaderElection.java:askForVotes(181)) - c937352c-9ae0-4e18-9e19-db0ef9e031ea:group-6FB1848D186A:LeaderElection10: begin an election at term 1 for -1: [c937352c-9ae0-4e18-9e19-db0ef9e031ea:192.168.157.194:34585, 78bd14f6-8012-4f9d-b5f4-35e188091916:192.168.157.194:41572, c0e4dbcc-6d58-4d9c-983d-96ebbb2015c1:192.168.157.194:41135], old=null
2019-07-29 15:12:59,475 INFO  impl.RaftServerImpl (ServerState.java:setLeader(263)) - 8c12ddc8-f54c-45f0-a218-991996808d11:group-48E1E1823190 change Leader from null to 49751be9-4999-4a95-b2b7-8fc228ce6d9b at term 1 for appendEntries, leader elected after 5260ms
2019-07-29 15:12:59,475 INFO  impl.RaftServerImpl (ServerState.java:setLeader(263)) - f4696a1b-635b-453d-b263-ccccb034112d:group-48E1E1823190 change Leader from null to 49751be9-4999-4a95-b2b7-8fc228ce6d9b at term 1 for appendEntries, leader elected after 5260ms
2019-07-29 15:12:59,496 INFO  impl.LeaderElection (LeaderElection.java:logAndReturn(56)) - c937352c-9ae0-4e18-9e19-db0ef9e031ea:group-6FB1848D186A:LeaderElection10: Election REJECTED; received 2 response(s) [c937352c-9ae0-4e18-9e19-db0ef9e031ea<-78bd14f6-8012-4f9d-b5f4-35e188091916#0:FAIL-t1, c937352c-9ae0-4e18-9e19-db0ef9e031ea<-c0e4dbcc-6d58-4d9c-983d-96ebbb2015c1#0:FAIL-t1] and 0 exception(s); c937352c-9ae0-4e18-9e19-db0ef9e031ea:t1, leader=null, voted=c937352c-9ae0-4e18-9e19-db0ef9e031ea, raftlog=c937352c-9ae0-4e18-9e19-db0ef9e031ea-SegmentedRaftLog:OPENED:c-1,f-1,i0, conf=-1: [c937352c-9ae0-4e18-9e19-db0ef9e031ea:192.168.157.194:34585, 78bd14f6-8012-4f9d-b5f4-35e188091916:192.168.157.194:41572, c0e4dbcc-6d58-4d9c-983d-96ebbb2015c1:192.168.157.194:41135], old=null
2019-07-29 15:12:59,498 INFO  impl.RaftServerImpl (RaftServerImpl.java:setRole(171)) - c937352c-9ae0-4e18-9e19-db0ef9e031ea:group-6FB1848D186A changes role from CANDIDATE to FOLLOWER at term 1 for DISCOVERED_A_NEW_TERM
2019-07-29 15:12:59,504 INFO  impl.RoleInfo (RoleInfo.java:shutdownLeaderElection(134)) - c937352c-9ae0-4e18-9e19-db0ef9e031ea: shutdown LeaderElection
2019-07-29 15:12:59,506 INFO  impl.RoleInfo (RoleInfo.java:updateAndGet(143)) - c937352c-9ae0-4e18-9e19-db0ef9e031ea: start FollowerState
2019-07-29 15:12:59,513 INFO  impl.LeaderElection (LeaderElection.java:logAndReturn(56)) - c0e4dbcc-6d58-4d9c-983d-96ebbb2015c1:group-6FB1848D186A:LeaderElection9: Election REJECTED; received 2 response(s) [c0e4dbcc-6d58-4d9c-983d-96ebbb2015c1<-c937352c-9ae0-4e18-9e19-db0ef9e031ea#0:FAIL-t1, c0e4dbcc-6d58-4d9c-983d-96ebbb2015c1<-78bd14f6-8012-4f9d-b5f4-35e188091916#0:FAIL-t1] and 0 exception(s); c0e4dbcc-6d58-4d9c-983d-96ebbb2015c1:t1, leader=null, voted=c0e4dbcc-6d58-4d9c-983d-96ebbb2015c1, raftlog=c0e4dbcc-6d58-4d9c-983d-96ebbb2015c1-SegmentedRaftLog:OPENED:c-1,f-1,i0, conf=-1: [c937352c-9ae0-4e18-9e19-db0ef9e031ea:192.168.157.194:34585, 78bd14f6-8012-4f9d-b5f4-35e188091916:192.168.157.194:41572, c0e4dbcc-6d58-4d9c-983d-96ebbb2015c1:192.168.157.194:41135], old=null
2019-07-29 15:12:59,515 INFO  impl.RaftServerImpl (RaftServerImpl.java:setRole(171)) - c0e4dbcc-6d58-4d9c-983d-96ebbb2015c1:group-6FB1848D186A changes role from CANDIDATE to FOLLOWER at term 1 for DISCOVERED_A_NEW_TERM
2019-07-29 15:12:59,516 INFO  impl.RoleInfo (RoleInfo.java:shutdownLeaderElection(134)) - c0e4dbcc-6d58-4d9c-983d-96ebbb2015c1: shutdown LeaderElection
2019-07-29 15:12:59,518 INFO  impl.RoleInfo (RoleInfo.java:updateAndGet(143)) - c0e4dbcc-6d58-4d9c-983d-96ebbb2015c1: start FollowerState
2019-07-29 15:12:59,520 INFO  impl.LeaderElection (LeaderElection.java:logAndReturn(56)) - 78bd14f6-8012-4f9d-b5f4-35e188091916:group-6FB1848D186A:LeaderElection11: Election REJECTED; received 2 response(s) [78bd14f6-8012-4f9d-b5f4-35e188091916<-c937352c-9ae0-4e18-9e19-db0ef9e031ea#0:FAIL-t1, 78bd14f6-8012-4f9d-b5f4-35e188091916<-c0e4dbcc-6d58-4d9c-983d-96ebbb2015c1#0:FAIL-t1] and 0 exception(s); 78bd14f6-8012-4f9d-b5f4-35e188091916:t1, leader=null, voted=78bd14f6-8012-4f9d-b5f4-35e188091916, raftlog=78bd14f6-8012-4f9d-b5f4-35e188091916-SegmentedRaftLog:OPENED:c-1,f-1,i0, conf=-1: [c937352c-9ae0-4e18-9e19-db0ef9e031ea:192.168.157.194:34585, 78bd14f6-8012-4f9d-b5f4-35e188091916:192.168.157.194:41572, c0e4dbcc-6d58-4d9c-983d-96ebbb2015c1:192.168.157.194:41135], old=null
2019-07-29 15:12:59,522 INFO  impl.RaftServerImpl (RaftServerImpl.java:setRole(171)) - 78bd14f6-8012-4f9d-b5f4-35e188091916:group-6FB1848D186A changes role from CANDIDATE to FOLLOWER at term 1 for DISCOVERED_A_NEW_TERM
2019-07-29 15:12:59,522 INFO  impl.RoleInfo (RoleInfo.java:shutdownLeaderElection(134)) - 78bd14f6-8012-4f9d-b5f4-35e188091916: shutdown LeaderElection
2019-07-29 15:12:59,525 INFO  impl.RoleInfo (RoleInfo.java:updateAndGet(143)) - 78bd14f6-8012-4f9d-b5f4-35e188091916: start FollowerState
2019-07-29 15:12:59,541 INFO  impl.RaftServerImpl (ServerState.java:setRaftConf(361)) - 8c12ddc8-f54c-45f0-a218-991996808d11:group-48E1E1823190 set configuration 0: [f4696a1b-635b-453d-b263-ccccb034112d:192.168.157.194:41552, 49751be9-4999-4a95-b2b7-8fc228ce6d9b:192.168.157.194:33007, 8c12ddc8-f54c-45f0-a218-991996808d11:192.168.157.194:36552], old=null at 0
2019-07-29 15:12:59,542 INFO  impl.RaftServerImpl (ServerState.java:setRaftConf(361)) - f4696a1b-635b-453d-b263-ccccb034112d:group-48E1E1823190 set configuration 0: [f4696a1b-635b-453d-b263-ccccb034112d:192.168.157.194:41552, 49751be9-4999-4a95-b2b7-8fc228ce6d9b:192.168.157.194:33007, 8c12ddc8-f54c-45f0-a218-991996808d11:192.168.157.194:36552], old=null at 0
2019-07-29 15:12:59,543 INFO  segmented.SegmentedRaftLogWorker (SegmentedRaftLogWorker.java:startLogSegment(380)) - 8c12ddc8-f54c-45f0-a218-991996808d11-SegmentedRaftLogWorker:Storage Directory /workdir/hadoop-ozone/integration-test/target/test-dir/MiniOzoneClusterImpl-d73583e1-fe53-4975-a2cf-a60db5c49538/datanode-0/data/ratis/4e983f73-a122-4011-adcd-48e1e1823190: Starting segment from index:0
2019-07-29 15:12:59,543 INFO  segmented.SegmentedRaftLogWorker (SegmentedRaftLogWorker.java:startLogSegment(380)) - f4696a1b-635b-453d-b263-ccccb034112d-SegmentedRaftLogWorker:Storage Directory /workdir/hadoop-ozone/integration-test/target/test-dir/MiniOzoneClusterImpl-d73583e1-fe53-4975-a2cf-a60db5c49538/datanode-4/data/ratis/4e983f73-a122-4011-adcd-48e1e1823190: Starting segment from index:0
2019-07-29 15:12:59,569 INFO  segmented.SegmentedRaftLogWorker (SegmentedRaftLogWorker.java:execute(569)) - f4696a1b-635b-453d-b263-ccccb034112d-SegmentedRaftLogWorker:Storage Directory /workdir/hadoop-ozone/integration-test/target/test-dir/MiniOzoneClusterImpl-d73583e1-fe53-4975-a2cf-a60db5c49538/datanode-4/data/ratis/4e983f73-a122-4011-adcd-48e1e1823190: created new log segment /workdir/hadoop-ozone/integration-test/target/test-dir/MiniOzoneClusterImpl-d73583e1-fe53-4975-a2cf-a60db5c49538/datanode-4/data/ratis/4e983f73-a122-4011-adcd-48e1e1823190/current/log_inprogress_0
2019-07-29 15:12:59,569 INFO  segmented.SegmentedRaftLogWorker (SegmentedRaftLogWorker.java:execute(569)) - 8c12ddc8-f54c-45f0-a218-991996808d11-SegmentedRaftLogWorker:Storage Directory /workdir/hadoop-ozone/integration-test/target/test-dir/MiniOzoneClusterImpl-d73583e1-fe53-4975-a2cf-a60db5c49538/datanode-0/data/ratis/4e983f73-a122-4011-adcd-48e1e1823190: created new log segment /workdir/hadoop-ozone/integration-test/target/test-dir/MiniOzoneClusterImpl-d73583e1-fe53-4975-a2cf-a60db5c49538/datanode-0/data/ratis/4e983f73-a122-4011-adcd-48e1e1823190/current/log_inprogress_0
2019-07-29 15:13:00,451 INFO  client.GrpcClientProtocolClient (GrpcClientProtocolClient.java:onNext(255)) - client-3A3B73AE8C0C->78bd14f6-8012-4f9d-b5f4-35e188091916: receive RaftClientReply:client-3A3B73AE8C0C->78bd14f6-8012-4f9d-b5f4-35e188091916@group-6FB1848D186A, cid=13, FAILED org.apache.ratis.protocol.NotLeaderException: Server 78bd14f6-8012-4f9d-b5f4-35e188091916 is not the leader (null). Request must be sent to leader., logIndex=0, commits[78bd14f6-8012-4f9d-b5f4-35e188091916:c-1]
2019-07-29 15:13:01,489 INFO  client.GrpcClientProtocolClient (GrpcClientProtocolClient.java:onNext(255)) - client-3A3B73AE8C0C->c0e4dbcc-6d58-4d9c-983d-96ebbb2015c1: receive RaftClientReply:client-3A3B73AE8C0C->c0e4dbcc-6d58-4d9c-983d-96ebbb2015c1@group-6FB1848D186A, cid=13, FAILED org.apache.ratis.protocol.NotLeaderException: Server c0e4dbcc-6d58-4d9c-983d-96ebbb2015c1 is not the leader (null). Request must be sent to leader., logIndex=0, commits[c0e4dbcc-6d58-4d9c-983d-96ebbb2015c1:c-1]
2019-07-29 15:13:02,513 INFO  client.GrpcClientProtocolClient (GrpcClientProtocolClient.java:onNext(255)) - client-3A3B73AE8C0C->78bd14f6-8012-4f9d-b5f4-35e188091916: receive RaftClientReply:client-3A3B73AE8C0C->78bd14f6-8012-4f9d-b5f4-35e188091916@group-6FB1848D186A, cid=13, FAILED org.apache.ratis.protocol.NotLeaderException: Server 78bd14f6-8012-4f9d-b5f4-35e188091916 is not the leader (null). Request must be sent to leader., logIndex=0, commits[78bd14f6-8012-4f9d-b5f4-35e188091916:c-1]
2019-07-29 15:13:03,538 INFO  client.GrpcClientProtocolClient (GrpcClientProtocolClient.java:onNext(255)) - client-3A3B73AE8C0C->c0e4dbcc-6d58-4d9c-983d-96ebbb2015c1: receive RaftClientReply:client-3A3B73AE8C0C->c0e4dbcc-6d58-4d9c-983d-96ebbb2015c1@group-6FB1848D186A, cid=13, FAILED org.apache.ratis.protocol.NotLeaderException: Server c0e4dbcc-6d58-4d9c-983d-96ebbb2015c1 is not the leader (null). Request must be sent to leader., logIndex=0, commits[c0e4dbcc-6d58-4d9c-983d-96ebbb2015c1:c-1]
2019-07-29 15:13:04,541 INFO  impl.FollowerState (FollowerState.java:run(106)) - c937352c-9ae0-4e18-9e19-db0ef9e031ea:group-6FB1848D186A changes to CANDIDATE, lastRpcTime:5035, electionTimeout:5033ms
2019-07-29 15:13:04,541 INFO  impl.RoleInfo (RoleInfo.java:shutdownFollowerState(121)) - c937352c-9ae0-4e18-9e19-db0ef9e031ea: shutdown FollowerState
2019-07-29 15:13:04,541 INFO  impl.RaftServerImpl (RaftServerImpl.java:setRole(171)) - c937352c-9ae0-4e18-9e19-db0ef9e031ea:group-6FB1848D186A changes role from FOLLOWER to CANDIDATE at term 1 for changeToCandidate
2019-07-29 15:13:04,542 INFO  impl.RoleInfo (RoleInfo.java:updateAndGet(143)) - c937352c-9ae0-4e18-9e19-db0ef9e031ea: start LeaderElection
2019-07-29 15:13:04,545 INFO  impl.FollowerState (FollowerState.java:run(106)) - c0e4dbcc-6d58-4d9c-983d-96ebbb2015c1:group-6FB1848D186A changes to CANDIDATE, lastRpcTime:5027, electionTimeout:5024ms
2019-07-29 15:13:04,545 INFO  impl.RoleInfo (RoleInfo.java:shutdownFollowerState(121)) - c0e4dbcc-6d58-4d9c-983d-96ebbb2015c1: shutdown FollowerState
2019-07-29 15:13:04,545 INFO  impl.RaftServerImpl (RaftServerImpl.java:setRole(171)) - c0e4dbcc-6d58-4d9c-983d-96ebbb2015c1:group-6FB1848D186A changes role from FOLLOWER to CANDIDATE at term 1 for changeToCandidate
2019-07-29 15:13:04,546 INFO  impl.RoleInfo (RoleInfo.java:updateAndGet(143)) - c0e4dbcc-6d58-4d9c-983d-96ebbb2015c1: start LeaderElection
2019-07-29 15:13:04,562 INFO  impl.LeaderElection (LeaderElection.java:askForVotes(181)) - c0e4dbcc-6d58-4d9c-983d-96ebbb2015c1:group-6FB1848D186A:LeaderElection13: begin an election at term 2 for -1: [c937352c-9ae0-4e18-9e19-db0ef9e031ea:192.168.157.194:34585, 78bd14f6-8012-4f9d-b5f4-35e188091916:192.168.157.194:41572, c0e4dbcc-6d58-4d9c-983d-96ebbb2015c1:192.168.157.194:41135], old=null
2019-07-29 15:13:04,562 INFO  impl.LeaderElection (LeaderElection.java:askForVotes(181)) - c937352c-9ae0-4e18-9e19-db0ef9e031ea:group-6FB1848D186A:LeaderElection12: begin an election at term 2 for -1: [c937352c-9ae0-4e18-9e19-db0ef9e031ea:192.168.157.194:34585, 78bd14f6-8012-4f9d-b5f4-35e188091916:192.168.157.194:41572, c0e4dbcc-6d58-4d9c-983d-96ebbb2015c1:192.168.157.194:41135], old=null
2019-07-29 15:13:04,566 INFO  client.GrpcClientProtocolClient (GrpcClientProtocolClient.java:onNext(255)) - client-3A3B73AE8C0C->c937352c-9ae0-4e18-9e19-db0ef9e031ea: receive RaftClientReply:client-3A3B73AE8C0C->c937352c-9ae0-4e18-9e19-db0ef9e031ea@group-6FB1848D186A, cid=13, FAILED org.apache.ratis.protocol.NotLeaderException: Server c937352c-9ae0-4e18-9e19-db0ef9e031ea is not the leader (null). Request must be sent to leader., logIndex=0, commits[c937352c-9ae0-4e18-9e19-db0ef9e031ea:c-1]
2019-07-29 15:13:04,576 INFO  impl.RaftServerImpl (RaftServerImpl.java:setRole(171)) - 78bd14f6-8012-4f9d-b5f4-35e188091916:group-6FB1848D186A changes role from FOLLOWER to FOLLOWER at term 2 for recognizeCandidate:c937352c-9ae0-4e18-9e19-db0ef9e031ea
2019-07-29 15:13:04,579 INFO  impl.RoleInfo (RoleInfo.java:shutdownFollowerState(121)) - 78bd14f6-8012-4f9d-b5f4-35e188091916: shutdown FollowerState
2019-07-29 15:13:04,581 INFO  impl.RoleInfo (RoleInfo.java:updateAndGet(143)) - 78bd14f6-8012-4f9d-b5f4-35e188091916: start FollowerState
2019-07-29 15:13:04,581 INFO  impl.FollowerState (FollowerState.java:run(114)) - 78bd14f6-8012-4f9d-b5f4-35e188091916: FollowerState was interrupted: java.lang.InterruptedException: sleep interrupted
2019-07-29 15:13:04,607 INFO  impl.LeaderElection (LeaderElection.java:logAndReturn(56)) - c0e4dbcc-6d58-4d9c-983d-96ebbb2015c1:group-6FB1848D186A:LeaderElection13: Election REJECTED; received 2 response(s) [c0e4dbcc-6d58-4d9c-983d-96ebbb2015c1<-c937352c-9ae0-4e18-9e19-db0ef9e031ea#0:FAIL-t2, c0e4dbcc-6d58-4d9c-983d-96ebbb2015c1<-78bd14f6-8012-4f9d-b5f4-35e188091916#0:FAIL-t2] and 0 exception(s); c0e4dbcc-6d58-4d9c-983d-96ebbb2015c1:t2, leader=null, voted=c0e4dbcc-6d58-4d9c-983d-96ebbb2015c1, raftlog=c0e4dbcc-6d58-4d9c-983d-96ebbb2015c1-SegmentedRaftLog:OPENED:c-1,f-1,i0, conf=-1: [c937352c-9ae0-4e18-9e19-db0ef9e031ea:192.168.157.194:34585, 78bd14f6-8012-4f9d-b5f4-35e188091916:192.168.157.194:41572, c0e4dbcc-6d58-4d9c-983d-96ebbb2015c1:192.168.157.194:41135], old=null
2019-07-29 15:13:04,607 INFO  impl.RaftServerImpl (RaftServerImpl.java:setRole(171)) - c0e4dbcc-6d58-4d9c-983d-96ebbb2015c1:group-6FB1848D186A changes role from CANDIDATE to FOLLOWER at term 2 for DISCOVERED_A_NEW_TERM
2019-07-29 15:13:04,607 INFO  impl.LeaderElection (LeaderElection.java:logAndReturn(56)) - c937352c-9ae0-4e18-9e19-db0ef9e031ea:group-6FB1848D186A:LeaderElection12: Election PASSED; received 2 response(s) [c937352c-9ae0-4e18-9e19-db0ef9e031ea<-78bd14f6-8012-4f9d-b5f4-35e188091916#0:OK-t2, c937352c-9ae0-4e18-9e19-db0ef9e031ea<-c0e4dbcc-6d58-4d9c-983d-96ebbb2015c1#0:FAIL-t2] and 0 exception(s); c937352c-9ae0-4e18-9e19-db0ef9e031ea:t2, leader=null, voted=c937352c-9ae0-4e18-9e19-db0ef9e031ea, raftlog=c937352c-9ae0-4e18-9e19-db0ef9e031ea-SegmentedRaftLog:OPENED:c-1,f-1,i0, conf=-1: [c937352c-9ae0-4e18-9e19-db0ef9e031ea:192.168.157.194:34585, 78bd14f6-8012-4f9d-b5f4-35e188091916:192.168.157.194:41572, c0e4dbcc-6d58-4d9c-983d-96ebbb2015c1:192.168.157.194:41135], old=null
2019-07-29 15:13:04,626 INFO  impl.RoleInfo (RoleInfo.java:shutdownLeaderElection(134)) - c0e4dbcc-6d58-4d9c-983d-96ebbb2015c1: shutdown LeaderElection
2019-07-29 15:13:04,626 INFO  impl.RoleInfo (RoleInfo.java:shutdownLeaderElection(134)) - c937352c-9ae0-4e18-9e19-db0ef9e031ea: shutdown LeaderElection
2019-07-29 15:13:04,629 INFO  impl.RaftServerImpl (RaftServerImpl.java:setRole(171)) - c937352c-9ae0-4e18-9e19-db0ef9e031ea:group-6FB1848D186A changes role from CANDIDATE to LEADER at term 2 for changeToLeader
2019-07-29 15:13:04,629 INFO  impl.RaftServerImpl (ServerState.java:setLeader(263)) - c937352c-9ae0-4e18-9e19-db0ef9e031ea:group-6FB1848D186A change Leader from null to c937352c-9ae0-4e18-9e19-db0ef9e031ea at term 2 for becomeLeader, leader elected after 10263ms
2019-07-29 15:13:04,629 INFO  server.RaftServerConfigKeys (ConfUtils.java:logGet(43)) - raft.server.staging.catchup.gap = 1000 (default)
2019-07-29 15:13:04,629 INFO  impl.RoleInfo (RoleInfo.java:updateAndGet(143)) - c0e4dbcc-6d58-4d9c-983d-96ebbb2015c1: start FollowerState
2019-07-29 15:13:04,629 INFO  server.RaftServerConfigKeys (ConfUtils.java:logGet(43)) - raft.server.rpc.sleep.time = 25ms (default)
2019-07-29 15:13:04,630 INFO  server.RaftServerConfigKeys (ConfUtils.java:logGet(43)) - raft.server.write.element-limit = 4096 (default)
2019-07-29 15:13:04,630 INFO  server.RaftServerConfigKeys (ConfUtils.java:logGet(43)) - raft.server.watch.timeout = 10s (default)
2019-07-29 15:13:04,630 INFO  server.RaftServerConfigKeys (ConfUtils.java:logGet(43)) - raft.server.watch.timeout.denomination = 1s (default)
2019-07-29 15:13:04,630 INFO  server.RaftServerConfigKeys (ConfUtils.java:logGet(43)) - raft.server.watch.element-limit = 65536 (default)
2019-07-29 15:13:04,631 INFO  server.RaftServerConfigKeys (ConfUtils.java:logGet(43)) - raft.server.log.appender.snapshot.chunk.size.max = 16MB (=16777216) (default)
2019-07-29 15:13:04,631 INFO  server.RaftServerConfigKeys (ConfUtils.java:logGet(43)) - raft.server.log.appender.buffer.byte-limit = 33554432 (custom)
2019-07-29 15:13:04,631 INFO  server.RaftServerConfigKeys (ConfUtils.java:logGet(43)) - raft.server.log.appender.buffer.element-limit = 1 (custom)
2019-07-29 15:13:04,632 INFO  grpc.GrpcConfigKeys$Server (ConfUtils.java:logGet(43)) - raft.grpc.server.leader.outstanding.appends.max = 128 (default)
2019-07-29 15:13:04,632 INFO  server.RaftServerConfigKeys (ConfUtils.java:logGet(43)) - raft.server.rpc.request.timeout = 3000ms (default)
2019-07-29 15:13:04,632 INFO  server.RaftServerConfigKeys (ConfUtils.java:logGet(43)) - raft.server.log.appender.install.snapshot.enabled = false (custom)
2019-07-29 15:13:04,632 INFO  server.RaftServerConfigKeys (ConfUtils.java:logGet(43)) - raft.server.log.appender.snapshot.chunk.size.max = 16MB (=16777216) (default)
2019-07-29 15:13:04,633 INFO  server.RaftServerConfigKeys (ConfUtils.java:logGet(43)) - raft.server.log.appender.buffer.byte-limit = 33554432 (custom)
2019-07-29 15:13:04,633 INFO  server.RaftServerConfigKeys (ConfUtils.java:logGet(43)) - raft.server.log.appender.buffer.element-limit = 1 (custom)
2019-07-29 15:13:04,633 INFO  grpc.GrpcConfigKeys$Server (ConfUtils.java:logGet(43)) - raft.grpc.server.leader.outstanding.appends.max = 128 (default)
2019-07-29 15:13:04,633 INFO  server.RaftServerConfigKeys (ConfUtils.java:logGet(43)) - raft.server.rpc.request.timeout = 3000ms (default)
2019-07-29 15:13:04,634 INFO  server.RaftServerConfigKeys (ConfUtils.java:logGet(43)) - raft.server.log.appender.install.snapshot.enabled = false (custom)
2019-07-29 15:13:04,634 INFO  impl.RoleInfo (RoleInfo.java:updateAndGet(143)) - c937352c-9ae0-4e18-9e19-db0ef9e031ea: start LeaderState
2019-07-29 15:13:04,635 INFO  segmented.SegmentedRaftLogWorker (SegmentedRaftLogWorker.java:startLogSegment(380)) - c937352c-9ae0-4e18-9e19-db0ef9e031ea-SegmentedRaftLogWorker:Storage Directory /workdir/hadoop-ozone/integration-test/target/test-dir/MiniOzoneClusterImpl-d73583e1-fe53-4975-a2cf-a60db5c49538/datanode-6/data/ratis/a86680ec-2824-43f3-93b5-6fb1848d186a: Starting segment from index:0
2019-07-29 15:13:04,636 INFO  impl.RaftServerImpl (ServerState.java:setRaftConf(361)) - c937352c-9ae0-4e18-9e19-db0ef9e031ea:group-6FB1848D186A set configuration 0: [c937352c-9ae0-4e18-9e19-db0ef9e031ea:192.168.157.194:34585, 78bd14f6-8012-4f9d-b5f4-35e188091916:192.168.157.194:41572, c0e4dbcc-6d58-4d9c-983d-96ebbb2015c1:192.168.157.194:41135], old=null at 0
2019-07-29 15:13:04,659 INFO  impl.RaftServerImpl (ServerState.java:setLeader(263)) - 78bd14f6-8012-4f9d-b5f4-35e188091916:group-6FB1848D186A change Leader from null to c937352c-9ae0-4e18-9e19-db0ef9e031ea at term 2 for appendEntries, leader elected after 10292ms
2019-07-29 15:13:04,659 INFO  impl.RaftServerImpl (ServerState.java:setLeader(263)) - c0e4dbcc-6d58-4d9c-983d-96ebbb2015c1:group-6FB1848D186A change Leader from null to c937352c-9ae0-4e18-9e19-db0ef9e031ea at term 2 for appendEntries, leader elected after 10292ms
2019-07-29 15:13:04,663 INFO  impl.RaftServerImpl (ServerState.java:setRaftConf(361)) - 78bd14f6-8012-4f9d-b5f4-35e188091916:group-6FB1848D186A set configuration 0: [c937352c-9ae0-4e18-9e19-db0ef9e031ea:192.168.157.194:34585, 78bd14f6-8012-4f9d-b5f4-35e188091916:192.168.157.194:41572, c0e4dbcc-6d58-4d9c-983d-96ebbb2015c1:192.168.157.194:41135], old=null at 0
2019-07-29 15:13:04,663 INFO  impl.RaftServerImpl (ServerState.java:setRaftConf(361)) - c0e4dbcc-6d58-4d9c-983d-96ebbb2015c1:group-6FB1848D186A set configuration 0: [c937352c-9ae0-4e18-9e19-db0ef9e031ea:192.168.157.194:34585, 78bd14f6-8012-4f9d-b5f4-35e188091916:192.168.157.194:41572, c0e4dbcc-6d58-4d9c-983d-96ebbb2015c1:192.168.157.194:41135], old=null at 0
2019-07-29 15:13:04,664 INFO  segmented.SegmentedRaftLogWorker (SegmentedRaftLogWorker.java:startLogSegment(380)) - 78bd14f6-8012-4f9d-b5f4-35e188091916-SegmentedRaftLogWorker:Storage Directory /workdir/hadoop-ozone/integration-test/target/test-dir/MiniOzoneClusterImpl-d73583e1-fe53-4975-a2cf-a60db5c49538/datanode-5/data/ratis/a86680ec-2824-43f3-93b5-6fb1848d186a: Starting segment from index:0
2019-07-29 15:13:04,664 INFO  segmented.SegmentedRaftLogWorker (SegmentedRaftLogWorker.java:startLogSegment(380)) - c0e4dbcc-6d58-4d9c-983d-96ebbb2015c1-SegmentedRaftLogWorker:Storage Directory /workdir/hadoop-ozone/integration-test/target/test-dir/MiniOzoneClusterImpl-d73583e1-fe53-4975-a2cf-a60db5c49538/datanode-3/data/ratis/a86680ec-2824-43f3-93b5-6fb1848d186a: Starting segment from index:0
2019-07-29 15:13:04,680 INFO  segmented.SegmentedRaftLogWorker (SegmentedRaftLogWorker.java:execute(569)) - c937352c-9ae0-4e18-9e19-db0ef9e031ea-SegmentedRaftLogWorker:Storage Directory /workdir/hadoop-ozone/integration-test/target/test-dir/MiniOzoneClusterImpl-d73583e1-fe53-4975-a2cf-a60db5c49538/datanode-6/data/ratis/a86680ec-2824-43f3-93b5-6fb1848d186a: created new log segment /workdir/hadoop-ozone/integration-test/target/test-dir/MiniOzoneClusterImpl-d73583e1-fe53-4975-a2cf-a60db5c49538/datanode-6/data/ratis/a86680ec-2824-43f3-93b5-6fb1848d186a/current/log_inprogress_0
2019-07-29 15:13:04,694 INFO  segmented.SegmentedRaftLogWorker (SegmentedRaftLogWorker.java:execute(569)) - 78bd14f6-8012-4f9d-b5f4-35e188091916-SegmentedRaftLogWorker:Storage Directory /workdir/hadoop-ozone/integration-test/target/test-dir/MiniOzoneClusterImpl-d73583e1-fe53-4975-a2cf-a60db5c49538/datanode-5/data/ratis/a86680ec-2824-43f3-93b5-6fb1848d186a: created new log segment /workdir/hadoop-ozone/integration-test/target/test-dir/MiniOzoneClusterImpl-d73583e1-fe53-4975-a2cf-a60db5c49538/datanode-5/data/ratis/a86680ec-2824-43f3-93b5-6fb1848d186a/current/log_inprogress_0
2019-07-29 15:13:04,694 INFO  segmented.SegmentedRaftLogWorker (SegmentedRaftLogWorker.java:execute(569)) - c0e4dbcc-6d58-4d9c-983d-96ebbb2015c1-SegmentedRaftLogWorker:Storage Directory /workdir/hadoop-ozone/integration-test/target/test-dir/MiniOzoneClusterImpl-d73583e1-fe53-4975-a2cf-a60db5c49538/datanode-3/data/ratis/a86680ec-2824-43f3-93b5-6fb1848d186a: created new log segment /workdir/hadoop-ozone/integration-test/target/test-dir/MiniOzoneClusterImpl-d73583e1-fe53-4975-a2cf-a60db5c49538/datanode-3/data/ratis/a86680ec-2824-43f3-93b5-6fb1848d186a/current/log_inprogress_0
2019-07-29 15:13:05,592 INFO  client.GrpcClientProtocolClient (GrpcClientProtocolClient.java:onNext(255)) - client-3A3B73AE8C0C->c0e4dbcc-6d58-4d9c-983d-96ebbb2015c1: receive RaftClientReply:client-3A3B73AE8C0C->c0e4dbcc-6d58-4d9c-983d-96ebbb2015c1@group-6FB1848D186A, cid=13, FAILED org.apache.ratis.protocol.NotLeaderException: Server c0e4dbcc-6d58-4d9c-983d-96ebbb2015c1 is not the leader (c937352c-9ae0-4e18-9e19-db0ef9e031ea:192.168.157.194:34585). Request must be sent to leader., logIndex=0, commits[c0e4dbcc-6d58-4d9c-983d-96ebbb2015c1:c-1, c937352c-9ae0-4e18-9e19-db0ef9e031ea:c-1, 78bd14f6-8012-4f9d-b5f4-35e188091916:c-1]
2019-07-29 15:13:05,917 INFO  client.GrpcClientProtocolClient (GrpcClientProtocolClient.java:onNext(255)) - client-3A3B73AE8C0C->c937352c-9ae0-4e18-9e19-db0ef9e031ea: receive RaftClientReply:client-3A3B73AE8C0C->c937352c-9ae0-4e18-9e19-db0ef9e031ea@group-6FB1848D186A, cid=13, SUCCESS, logIndex=1, commits[c937352c-9ae0-4e18-9e19-db0ef9e031ea:c1, 78bd14f6-8012-4f9d-b5f4-35e188091916:c0, c0e4dbcc-6d58-4d9c-983d-96ebbb2015c1:c0]
2019-07-29 15:13:05,953 INFO  client.GrpcClientProtocolClient (GrpcClientProtocolClient.java:onNext(255)) - client-3A3B73AE8C0C->c937352c-9ae0-4e18-9e19-db0ef9e031ea: receive RaftClientReply:client-3A3B73AE8C0C->c937352c-9ae0-4e18-9e19-db0ef9e031ea@group-6FB1848D186A, cid=14, SUCCESS, logIndex=3, commits[c937352c-9ae0-4e18-9e19-db0ef9e031ea:c3, 78bd14f6-8012-4f9d-b5f4-35e188091916:c1, c0e4dbcc-6d58-4d9c-983d-96ebbb2015c1:c2]
2019-07-29 15:13:06,058 INFO  client.GrpcClientProtocolClient (GrpcClientProtocolClient.java:onNext(255)) - client-3A3B73AE8C0C->c937352c-9ae0-4e18-9e19-db0ef9e031ea: receive RaftClientReply:client-3A3B73AE8C0C->c937352c-9ae0-4e18-9e19-db0ef9e031ea@group-6FB1848D186A, cid=15, SUCCESS, logIndex=4, commits[c937352c-9ae0-4e18-9e19-db0ef9e031ea:c12, 78bd14f6-8012-4f9d-b5f4-35e188091916:c9, c0e4dbcc-6d58-4d9c-983d-96ebbb2015c1:c9]
2019-07-29 15:13:06,072 INFO  client.GrpcClientProtocolClient (GrpcClientProtocolClient.java:onNext(255)) - client-3A3B73AE8C0C->c937352c-9ae0-4e18-9e19-db0ef9e031ea: receive RaftClientReply:client-3A3B73AE8C0C->c937352c-9ae0-4e18-9e19-db0ef9e031ea@group-6FB1848D186A, cid=16, SUCCESS, logIndex=5, commits[c937352c-9ae0-4e18-9e19-db0ef9e031ea:c12, 78bd14f6-8012-4f9d-b5f4-35e188091916:c9, c0e4dbcc-6d58-4d9c-983d-96ebbb2015c1:c9]
2019-07-29 15:13:06,073 INFO  client.GrpcClientProtocolClient (GrpcClientProtocolClient.java:onNext(255)) - client-3A3B73AE8C0C->c937352c-9ae0-4e18-9e19-db0ef9e031ea: receive RaftClientReply:client-3A3B73AE8C0C->c937352c-9ae0-4e18-9e19-db0ef9e031ea@group-6FB1848D186A, cid=17, SUCCESS, logIndex=6, commits[c937352c-9ae0-4e18-9e19-db0ef9e031ea:c12, 78bd14f6-8012-4f9d-b5f4-35e188091916:c9, c0e4dbcc-6d58-4d9c-983d-96ebbb2015c1:c9]
2019-07-29 15:13:06,149 INFO  client.GrpcClientProtocolClient (GrpcClientProtocolClient.java:onNext(255)) - client-3A3B73AE8C0C->c937352c-9ae0-4e18-9e19-db0ef9e031ea: receive RaftClientReply:client-3A3B73AE8C0C->c937352c-9ae0-4e18-9e19-db0ef9e031ea@group-6FB1848D186A, cid=18, SUCCESS, logIndex=8, commits[c937352c-9ae0-4e18-9e19-db0ef9e031ea:c12, 78bd14f6-8012-4f9d-b5f4-35e188091916:c9, c0e4dbcc-6d58-4d9c-983d-96ebbb2015c1:c9]
2019-07-29 15:13:06,181 INFO  client.GrpcClientProtocolClient (GrpcClientProtocolClient.java:onNext(255)) - client-3A3B73AE8C0C->c937352c-9ae0-4e18-9e19-db0ef9e031ea: receive RaftClientReply:client-3A3B73AE8C0C->c937352c-9ae0-4e18-9e19-db0ef9e031ea@group-6FB1848D186A, cid=19, SUCCESS, logIndex=13, commits[c937352c-9ae0-4e18-9e19-db0ef9e031ea:c13, 78bd14f6-8012-4f9d-b5f4-35e188091916:c12, c0e4dbcc-6d58-4d9c-983d-96ebbb2015c1:c12]
2019-07-29 15:13:06,192 INFO  client.GrpcClientProtocolClient (GrpcClientProtocolClient.java:onNext(255)) - client-3A3B73AE8C0C->c937352c-9ae0-4e18-9e19-db0ef9e031ea: receive RaftClientReply:client-3A3B73AE8C0C->c937352c-9ae0-4e18-9e19-db0ef9e031ea@group-6FB1848D186A, cid=20, SUCCESS, logIndex=14, commits[c937352c-9ae0-4e18-9e19-db0ef9e031ea:c14, 78bd14f6-8012-4f9d-b5f4-35e188091916:c12, c0e4dbcc-6d58-4d9c-983d-96ebbb2015c1:c12]
2019-07-29 15:13:07,209 WARN  scm.XceiverClientRatis (XceiverClientRatis.java:watchForCommit(262)) - 3 way commit failed on pipeline Pipeline[ Id: a86680ec-2824-43f3-93b5-6fb1848d186a, Nodes: c0e4dbcc-6d58-4d9c-983d-96ebbb2015c1{ip: 192.168.157.194, host: byscane-nightly-74r8j-760408800, networkLocation: /default-rack, certSerialId: null}78bd14f6-8012-4f9d-b5f4-35e188091916{ip: 192.168.157.194, host: byscane-nightly-74r8j-760408800, networkLocation: /default-rack, certSerialId: null}c937352c-9ae0-4e18-9e19-db0ef9e031ea{ip: 192.168.157.194, host: byscane-nightly-74r8j-760408800, networkLocation: /default-rack, certSerialId: null}, Type:RATIS, Factor:THREE, State:OPEN]
java.util.concurrent.TimeoutException
	at java.util.concurrent.CompletableFuture.timedGet(CompletableFuture.java:1771)
	at java.util.concurrent.CompletableFuture.get(CompletableFuture.java:1915)
	at org.apache.hadoop.hdds.scm.XceiverClientRatis.watchForCommit(XceiverClientRatis.java:259)
	at org.apache.hadoop.hdds.scm.storage.CommitWatcher.watchForCommit(CommitWatcher.java:194)
	at org.apache.hadoop.hdds.scm.storage.CommitWatcher.watchOnLastIndex(CommitWatcher.java:157)
	at org.apache.hadoop.hdds.scm.storage.BlockOutputStream.watchForCommit(BlockOutputStream.java:347)
	at org.apache.hadoop.hdds.scm.storage.BlockOutputStream.handleFlush(BlockOutputStream.java:479)
	at org.apache.hadoop.hdds.scm.storage.BlockOutputStream.flush(BlockOutputStream.java:428)
	at org.apache.hadoop.ozone.client.io.BlockOutputStreamEntry.flush(BlockOutputStreamEntry.java:136)
	at org.apache.hadoop.ozone.client.io.KeyOutputStream.handleFlushOrClose(KeyOutputStream.java:442)
	at org.apache.hadoop.ozone.client.io.KeyOutputStream.flush(KeyOutputStream.java:396)
	at org.apache.hadoop.ozone.client.io.OzoneOutputStream.flush(OzoneOutputStream.java:54)
	at org.apache.hadoop.ozone.client.rpc.TestBlockOutputStreamWithFailures.test2DatanodesFailure(TestBlockOutputStreamWithFailures.java:461)
	at sun.reflect.NativeMethodAccessorImpl.invoke0(Native Method)
	at sun.reflect.NativeMethodAccessorImpl.invoke(NativeMethodAccessorImpl.java:62)
	at sun.reflect.DelegatingMethodAccessorImpl.invoke(DelegatingMethodAccessorImpl.java:43)
	at java.lang.reflect.Method.invoke(Method.java:498)
	at org.junit.runners.model.FrameworkMethod$1.runReflectiveCall(FrameworkMethod.java:47)
	at org.junit.internal.runners.model.ReflectiveCallable.run(ReflectiveCallable.java:12)
	at org.junit.runners.model.FrameworkMethod.invokeExplosively(FrameworkMethod.java:44)
	at org.junit.internal.runners.statements.InvokeMethod.evaluate(InvokeMethod.java:17)
	at org.junit.internal.runners.statements.RunBefores.evaluate(RunBefores.java:26)
	at org.junit.internal.runners.statements.RunAfters.evaluate(RunAfters.java:27)
	at org.junit.runners.ParentRunner.runLeaf(ParentRunner.java:271)
	at org.junit.runners.BlockJUnit4ClassRunner.runChild(BlockJUnit4ClassRunner.java:70)
	at org.junit.runners.BlockJUnit4ClassRunner.runChild(BlockJUnit4ClassRunner.java:50)
	at org.junit.runners.ParentRunner$3.run(ParentRunner.java:238)
	at org.junit.runners.ParentRunner$1.schedule(ParentRunner.java:63)
	at org.junit.runners.ParentRunner.runChildren(ParentRunner.java:236)
	at org.junit.runners.ParentRunner.access$000(ParentRunner.java:53)
	at org.junit.runners.ParentRunner$2.evaluate(ParentRunner.java:229)
	at org.junit.runners.ParentRunner.run(ParentRunner.java:309)
	at org.apache.maven.surefire.junit4.JUnit4Provider.execute(JUnit4Provider.java:365)
	at org.apache.maven.surefire.junit4.JUnit4Provider.executeWithRerun(JUnit4Provider.java:273)
	at org.apache.maven.surefire.junit4.JUnit4Provider.executeTestSet(JUnit4Provider.java:238)
	at org.apache.maven.surefire.junit4.JUnit4Provider.invoke(JUnit4Provider.java:159)
	at org.apache.maven.surefire.booter.ForkedBooter.invokeProviderInSameClassLoader(ForkedBooter.java:384)
	at org.apache.maven.surefire.booter.ForkedBooter.runSuitesInProcess(ForkedBooter.java:345)
	at org.apache.maven.surefire.booter.ForkedBooter.execute(ForkedBooter.java:126)
	at org.apache.maven.surefire.booter.ForkedBooter.main(ForkedBooter.java:418)
2019-07-29 15:13:08,213 WARN  storage.CommitWatcher (CommitWatcher.java:watchForCommit(203)) - watchForCommit failed for index 14
java.util.concurrent.TimeoutException
	at java.util.concurrent.CompletableFuture.timedGet(CompletableFuture.java:1771)
	at java.util.concurrent.CompletableFuture.get(CompletableFuture.java:1915)
	at org.apache.hadoop.hdds.scm.XceiverClientRatis.watchForCommit(XceiverClientRatis.java:268)
	at org.apache.hadoop.hdds.scm.storage.CommitWatcher.watchForCommit(CommitWatcher.java:194)
	at org.apache.hadoop.hdds.scm.storage.CommitWatcher.watchOnLastIndex(CommitWatcher.java:157)
	at org.apache.hadoop.hdds.scm.storage.BlockOutputStream.watchForCommit(BlockOutputStream.java:347)
	at org.apache.hadoop.hdds.scm.storage.BlockOutputStream.handleFlush(BlockOutputStream.java:479)
	at org.apache.hadoop.hdds.scm.storage.BlockOutputStream.flush(BlockOutputStream.java:428)
	at org.apache.hadoop.ozone.client.io.BlockOutputStreamEntry.flush(BlockOutputStreamEntry.java:136)
	at org.apache.hadoop.ozone.client.io.KeyOutputStream.handleFlushOrClose(KeyOutputStream.java:442)
	at org.apache.hadoop.ozone.client.io.KeyOutputStream.flush(KeyOutputStream.java:396)
	at org.apache.hadoop.ozone.client.io.OzoneOutputStream.flush(OzoneOutputStream.java:54)
	at org.apache.hadoop.ozone.client.rpc.TestBlockOutputStreamWithFailures.test2DatanodesFailure(TestBlockOutputStreamWithFailures.java:461)
	at sun.reflect.NativeMethodAccessorImpl.invoke0(Native Method)
	at sun.reflect.NativeMethodAccessorImpl.invoke(NativeMethodAccessorImpl.java:62)
	at sun.reflect.DelegatingMethodAccessorImpl.invoke(DelegatingMethodAccessorImpl.java:43)
	at java.lang.reflect.Method.invoke(Method.java:498)
	at org.junit.runners.model.FrameworkMethod$1.runReflectiveCall(FrameworkMethod.java:47)
	at org.junit.internal.runners.model.ReflectiveCallable.run(ReflectiveCallable.java:12)
	at org.junit.runners.model.FrameworkMethod.invokeExplosively(FrameworkMethod.java:44)
	at org.junit.internal.runners.statements.InvokeMethod.evaluate(InvokeMethod.java:17)
	at org.junit.internal.runners.statements.RunBefores.evaluate(RunBefores.java:26)
	at org.junit.internal.runners.statements.RunAfters.evaluate(RunAfters.java:27)
	at org.junit.runners.ParentRunner.runLeaf(ParentRunner.java:271)
	at org.junit.runners.BlockJUnit4ClassRunner.runChild(BlockJUnit4ClassRunner.java:70)
	at org.junit.runners.BlockJUnit4ClassRunner.runChild(BlockJUnit4ClassRunner.java:50)
	at org.junit.runners.ParentRunner$3.run(ParentRunner.java:238)
	at org.junit.runners.ParentRunner$1.schedule(ParentRunner.java:63)
	at org.junit.runners.ParentRunner.runChildren(ParentRunner.java:236)
	at org.junit.runners.ParentRunner.access$000(ParentRunner.java:53)
	at org.junit.runners.ParentRunner$2.evaluate(ParentRunner.java:229)
	at org.junit.runners.ParentRunner.run(ParentRunner.java:309)
	at org.apache.maven.surefire.junit4.JUnit4Provider.execute(JUnit4Provider.java:365)
	at org.apache.maven.surefire.junit4.JUnit4Provider.executeWithRerun(JUnit4Provider.java:273)
	at org.apache.maven.surefire.junit4.JUnit4Provider.executeTestSet(JUnit4Provider.java:238)
	at org.apache.maven.surefire.junit4.JUnit4Provider.invoke(JUnit4Provider.java:159)
	at org.apache.maven.surefire.booter.ForkedBooter.invokeProviderInSameClassLoader(ForkedBooter.java:384)
	at org.apache.maven.surefire.booter.ForkedBooter.runSuitesInProcess(ForkedBooter.java:345)
	at org.apache.maven.surefire.booter.ForkedBooter.execute(ForkedBooter.java:126)
	at org.apache.maven.surefire.booter.ForkedBooter.main(ForkedBooter.java:418)
2019-07-29 15:13:08,216 WARN  io.KeyOutputStream (KeyOutputStream.java:handleException(276)) - Encountered exception java.io.IOException: Unexpected Storage Container Exception: java.io.IOException: Unexpected Storage Container Exception: java.util.concurrent.TimeoutException on the pipeline Pipeline[ Id: a86680ec-2824-43f3-93b5-6fb1848d186a, Nodes: c0e4dbcc-6d58-4d9c-983d-96ebbb2015c1{ip: 192.168.157.194, host: byscane-nightly-74r8j-760408800, networkLocation: /default-rack, certSerialId: null}78bd14f6-8012-4f9d-b5f4-35e188091916{ip: 192.168.157.194, host: byscane-nightly-74r8j-760408800, networkLocation: /default-rack, certSerialId: null}c937352c-9ae0-4e18-9e19-db0ef9e031ea{ip: 192.168.157.194, host: byscane-nightly-74r8j-760408800, networkLocation: /default-rack, certSerialId: null}, Type:RATIS, Factor:THREE, State:OPEN]. The last committed block length is 400, uncommitted data length is 50 retry count 0
2019-07-29 15:13:08,422 INFO  client.GrpcClientProtocolClient (GrpcClientProtocolClient.java:onNext(255)) - client-66481B67658F->49751be9-4999-4a95-b2b7-8fc228ce6d9b: receive RaftClientReply:client-66481B67658F->49751be9-4999-4a95-b2b7-8fc228ce6d9b@group-48E1E1823190, cid=23, SUCCESS, logIndex=1, commits[49751be9-4999-4a95-b2b7-8fc228ce6d9b:c1, f4696a1b-635b-453d-b263-ccccb034112d:c0, 8c12ddc8-f54c-45f0-a218-991996808d11:c0]
2019-07-29 15:13:08,518 INFO  client.GrpcClientProtocolClient (GrpcClientProtocolClient.java:onNext(255)) - client-66481B67658F->49751be9-4999-4a95-b2b7-8fc228ce6d9b: receive RaftClientReply:client-66481B67658F->49751be9-4999-4a95-b2b7-8fc228ce6d9b@group-48E1E1823190, cid=24, SUCCESS, logIndex=3, commits[49751be9-4999-4a95-b2b7-8fc228ce6d9b:c4, f4696a1b-635b-453d-b263-ccccb034112d:c3, 8c12ddc8-f54c-45f0-a218-991996808d11:c3]
2019-07-29 15:13:08,522 INFO  ozone.MiniOzoneClusterImpl (MiniOzoneClusterImpl.java:shutdown(321)) - Shutting down the Mini Ozone Cluster
2019-07-29 15:13:08,523 INFO  ozone.MiniOzoneClusterImpl (MiniOzoneClusterImpl.java:stop(336)) - Stopping the Mini Ozone Cluster
2019-07-29 15:13:08,523 INFO  ozone.MiniOzoneClusterImpl (MiniOzoneClusterImpl.java:stop(338)) - Stopping the OzoneManager
2019-07-29 15:13:08,523 INFO  ipc.Server (Server.java:stop(3082)) - Stopping server on 34900
2019-07-29 15:13:08,524 INFO  ipc.Server (Server.java:run(1185)) - Stopping IPC Server listener on 34900
2019-07-29 15:13:08,526 INFO  utils.BackgroundService (BackgroundService.java:shutdown(148)) - Shutting down service KeyDeletingService
2019-07-29 15:13:08,527 INFO  ipc.Server (Server.java:run(1319)) - Stopping IPC Server Responder
2019-07-29 15:13:08,532 INFO  handler.ContextHandler (ContextHandler.java:doStop(910)) - Stopped o.e.j.w.WebAppContext@61d01788{/,null,UNAVAILABLE}{/ozoneManager}
2019-07-29 15:13:08,540 INFO  server.AbstractConnector (AbstractConnector.java:doStop(318)) - Stopped ServerConnector@2b9b7f1f{HTTP/1.1,[http/1.1]}{0.0.0.0:0}
2019-07-29 15:13:08,541 INFO  handler.ContextHandler (ContextHandler.java:doStop(910)) - Stopped o.e.j.s.ServletContextHandler@6ce90bc5{/static,file:///workdir/hadoop-ozone/integration-test/target/test-classes/webapps/static,UNAVAILABLE}
2019-07-29 15:13:08,541 INFO  handler.ContextHandler (ContextHandler.java:doStop(910)) - Stopped o.e.j.s.ServletContextHandler@6e6fce47{/logs,file:///workdir/hadoop-ozone/integration-test/target/log,UNAVAILABLE}
2019-07-29 15:13:08,552 INFO  ozone.MiniOzoneClusterImpl (MiniOzoneClusterImpl.java:stop(344)) - Shutting the HddsDatanodes
2019-07-29 15:13:08,553 INFO  datanode.ObjectStoreHandler (ObjectStoreHandler.java:close(155)) - Closing ObjectStoreHandler.
2019-07-29 15:13:08,553 INFO  datanode.ObjectStoreHandler (ObjectStoreHandler.java:close(155)) - Closing ObjectStoreHandler.
2019-07-29 15:13:08,556 INFO  ozone.HddsDatanodeService (HddsDatanodeService.java:stop(451)) - Stopped plug-in org.apache.hadoop.ozone.web.OzoneHddsDatanodeService@1c3b6963
2019-07-29 15:13:08,556 INFO  ozone.HddsDatanodeService (HddsDatanodeService.java:stop(451)) - Stopped plug-in org.apache.hadoop.ozone.web.OzoneHddsDatanodeService@20d19f2c
2019-07-29 15:13:08,701 INFO  client.GrpcClientProtocolClient (GrpcClientProtocolClient.java:onNext(255)) - client-3A3B73AE8C0C->c937352c-9ae0-4e18-9e19-db0ef9e031ea: receive RaftClientReply:client-3A3B73AE8C0C->c937352c-9ae0-4e18-9e19-db0ef9e031ea@group-6FB1848D186A, cid=22, SUCCESS, logIndex=0, commits[c937352c-9ae0-4e18-9e19-db0ef9e031ea:c16, 78bd14f6-8012-4f9d-b5f4-35e188091916:c13, c0e4dbcc-6d58-4d9c-983d-96ebbb2015c1:c16]
2019-07-29 15:13:08,705 INFO  client.GrpcClientProtocolClient (GrpcClientProtocolClient.java:onNext(255)) - client-3A3B73AE8C0C->c937352c-9ae0-4e18-9e19-db0ef9e031ea: receive RaftClientReply:client-3A3B73AE8C0C->c937352c-9ae0-4e18-9e19-db0ef9e031ea@group-6FB1848D186A, cid=21, SUCCESS, logIndex=0, commits[c937352c-9ae0-4e18-9e19-db0ef9e031ea:c16, 78bd14f6-8012-4f9d-b5f4-35e188091916:c16, c0e4dbcc-6d58-4d9c-983d-96ebbb2015c1:c16]
2019-07-29 15:13:09,391 INFO  statemachine.DatanodeStateMachine (DatanodeStateMachine.java:lambda$startDaemon$0(350)) - Ozone container server started.
2019-07-29 15:13:09,507 INFO  statemachine.DatanodeStateMachine (DatanodeStateMachine.java:lambda$startDaemon$0(350)) - Ozone container server started.
2019-07-29 15:13:13,414 INFO  node.StaleNodeHandler (StaleNodeHandler.java:onMessage(58)) - Datanode f4696a1b-635b-453d-b263-ccccb034112d{ip: 192.168.157.194, host: byscane-nightly-74r8j-760408800, networkLocation: /default-rack, certSerialId: null} moved to stale state. Finalizing its pipelines [PipelineID=4e983f73-a122-4011-adcd-48e1e1823190, PipelineID=448b1b8a-b8e9-4bf8-97fa-bbdd44fa803a]
2019-07-29 15:13:13,415 INFO  pipeline.SCMPipelineManager (SCMPipelineManager.java:finalizeAndDestroyPipeline(309)) - destroying pipeline:Pipeline[ Id: 4e983f73-a122-4011-adcd-48e1e1823190, Nodes: 49751be9-4999-4a95-b2b7-8fc228ce6d9b{ip: 192.168.157.194, host: byscane-nightly-74r8j-760408800, networkLocation: /default-rack, certSerialId: null}f4696a1b-635b-453d-b263-ccccb034112d{ip: 192.168.157.194, host: byscane-nightly-74r8j-760408800, networkLocation: /default-rack, certSerialId: null}8c12ddc8-f54c-45f0-a218-991996808d11{ip: 192.168.157.194, host: byscane-nightly-74r8j-760408800, networkLocation: /default-rack, certSerialId: null}, Type:RATIS, Factor:THREE, State:OPEN]
2019-07-29 15:13:13,416 INFO  pipeline.PipelineStateManager (PipelineStateManager.java:finalizePipeline(123)) - Pipeline Pipeline[ Id: 4e983f73-a122-4011-adcd-48e1e1823190, Nodes: 49751be9-4999-4a95-b2b7-8fc228ce6d9b{ip: 192.168.157.194, host: byscane-nightly-74r8j-760408800, networkLocation: /default-rack, certSerialId: null}f4696a1b-635b-453d-b263-ccccb034112d{ip: 192.168.157.194, host: byscane-nightly-74r8j-760408800, networkLocation: /default-rack, certSerialId: null}8c12ddc8-f54c-45f0-a218-991996808d11{ip: 192.168.157.194, host: byscane-nightly-74r8j-760408800, networkLocation: /default-rack, certSerialId: null}, Type:RATIS, Factor:THREE, State:CLOSED] moved to CLOSED state
2019-07-29 15:13:13,417 INFO  container.CloseContainerEventHandler (CloseContainerEventHandler.java:onMessage(61)) - Close container Event triggered for container : #2
2019-07-29 15:13:13,421 INFO  pipeline.SCMPipelineManager (SCMPipelineManager.java:finalizeAndDestroyPipeline(309)) - destroying pipeline:Pipeline[ Id: 448b1b8a-b8e9-4bf8-97fa-bbdd44fa803a, Nodes: f4696a1b-635b-453d-b263-ccccb034112d{ip: 192.168.157.194, host: byscane-nightly-74r8j-760408800, networkLocation: /default-rack, certSerialId: null}, Type:RATIS, Factor:ONE, State:OPEN]
2019-07-29 15:13:13,424 INFO  pipeline.PipelineStateManager (PipelineStateManager.java:finalizePipeline(123)) - Pipeline Pipeline[ Id: 448b1b8a-b8e9-4bf8-97fa-bbdd44fa803a, Nodes: f4696a1b-635b-453d-b263-ccccb034112d{ip: 192.168.157.194, host: byscane-nightly-74r8j-760408800, networkLocation: /default-rack, certSerialId: null}, Type:RATIS, Factor:ONE, State:CLOSED] moved to CLOSED state
2019-07-29 15:13:13,514 INFO  node.StaleNodeHandler (StaleNodeHandler.java:onMessage(58)) - Datanode d230ad0e-bdba-4df4-b696-9a39b4846904{ip: 192.168.157.194, host: byscane-nightly-74r8j-760408800, networkLocation: /default-rack, certSerialId: null} moved to stale state. Finalizing its pipelines [PipelineID=0afd5353-6989-4253-ac61-6e8e1c968b99]
2019-07-29 15:13:13,514 INFO  pipeline.SCMPipelineManager (SCMPipelineManager.java:finalizeAndDestroyPipeline(309)) - destroying pipeline:Pipeline[ Id: 0afd5353-6989-4253-ac61-6e8e1c968b99, Nodes: d230ad0e-bdba-4df4-b696-9a39b4846904{ip: 192.168.157.194, host: byscane-nightly-74r8j-760408800, networkLocation: /default-rack, certSerialId: null}, Type:RATIS, Factor:ONE, State:OPEN]
2019-07-29 15:13:13,515 INFO  pipeline.PipelineStateManager (PipelineStateManager.java:finalizePipeline(123)) - Pipeline Pipeline[ Id: 0afd5353-6989-4253-ac61-6e8e1c968b99, Nodes: d230ad0e-bdba-4df4-b696-9a39b4846904{ip: 192.168.157.194, host: byscane-nightly-74r8j-760408800, networkLocation: /default-rack, certSerialId: null}, Type:RATIS, Factor:ONE, State:CLOSED] moved to CLOSED state
2019-07-29 15:13:13,558 INFO  ozoneimpl.OzoneContainer (OzoneContainer.java:stop(199)) - Attempting to stop container services.
2019-07-29 15:13:13,558 INFO  ozoneimpl.OzoneContainer (OzoneContainer.java:stop(199)) - Attempting to stop container services.
2019-07-29 15:13:13,560 INFO  impl.RaftServerProxy (RaftServerProxy.java:lambda$close$4(314)) - d230ad0e-bdba-4df4-b696-9a39b4846904: close
2019-07-29 15:13:13,560 INFO  impl.RaftServerProxy (RaftServerProxy.java:lambda$close$4(314)) - f4696a1b-635b-453d-b263-ccccb034112d: close
2019-07-29 15:13:13,562 INFO  impl.RaftServerImpl (RaftServerImpl.java:lambda$shutdown$3(245)) - f4696a1b-635b-453d-b263-ccccb034112d: shutdown group-48E1E1823190
2019-07-29 15:13:13,562 INFO  impl.RaftServerImpl (RaftServerImpl.java:lambda$shutdown$3(245)) - d230ad0e-bdba-4df4-b696-9a39b4846904: shutdown group-6E8E1C968B99
2019-07-29 15:13:13,563 INFO  util.JmxRegister (JmxRegister.java:unregister(73)) - Successfully un-registered JMX Bean with object name Ratis:service=RaftServer,group=group-48E1E1823190,id=f4696a1b-635b-453d-b263-ccccb034112d
2019-07-29 15:13:13,564 INFO  impl.RoleInfo (RoleInfo.java:shutdownFollowerState(121)) - f4696a1b-635b-453d-b263-ccccb034112d: shutdown FollowerState
2019-07-29 15:13:13,563 INFO  util.JmxRegister (JmxRegister.java:unregister(73)) - Successfully un-registered JMX Bean with object name Ratis:service=RaftServer,group=group-6E8E1C968B99,id=d230ad0e-bdba-4df4-b696-9a39b4846904
2019-07-29 15:13:13,565 INFO  ratis.ContainerStateMachine (ContainerStateMachine.java:takeSnapshot(262)) - group-48E1E1823190: Taking a snapshot at:(t:1, i:3) file /workdir/hadoop-ozone/integration-test/target/test-dir/MiniOzoneClusterImpl-d73583e1-fe53-4975-a2cf-a60db5c49538/datanode-4/data/ratis/4e983f73-a122-4011-adcd-48e1e1823190/sm/snapshot.1_3
2019-07-29 15:13:13,565 INFO  impl.RoleInfo (RoleInfo.java:shutdownLeaderState(104)) - d230ad0e-bdba-4df4-b696-9a39b4846904: shutdown LeaderState
2019-07-29 15:13:13,564 INFO  impl.StateMachineUpdater (StateMachineUpdater.java:stopAndJoin(115)) - StateMachineUpdater:f4696a1b-635b-453d-b263-ccccb034112d:group-48E1E1823190: set stopIndex = 4
2019-07-29 15:13:13,564 INFO  impl.FollowerState (FollowerState.java:run(114)) - f4696a1b-635b-453d-b263-ccccb034112d: FollowerState was interrupted: java.lang.InterruptedException: sleep interrupted
2019-07-29 15:13:13,569 INFO  impl.PendingRequests (PendingRequests.java:sendNotLeaderResponses(202)) - d230ad0e-bdba-4df4-b696-9a39b4846904-PendingRequests: sendNotLeaderResponses
2019-07-29 15:13:13,572 INFO  impl.StateMachineUpdater (StateMachineUpdater.java:stopAndJoin(115)) - StateMachineUpdater:d230ad0e-bdba-4df4-b696-9a39b4846904:group-6E8E1C968B99: set stopIndex = 0
2019-07-29 15:13:13,576 INFO  impl.RaftServerImpl (ServerState.java:close(394)) - d230ad0e-bdba-4df4-b696-9a39b4846904:group-6E8E1C968B99 closes. The last applied log index is 0
2019-07-29 15:13:13,579 INFO  segmented.SegmentedRaftLogWorker (SegmentedRaftLogWorker.java:run(313)) - d230ad0e-bdba-4df4-b696-9a39b4846904-SegmentedRaftLogWorker:Storage Directory /workdir/hadoop-ozone/integration-test/target/test-dir/MiniOzoneClusterImpl-d73583e1-fe53-4975-a2cf-a60db5c49538/datanode-1/data/ratis/0afd5353-6989-4253-ac61-6e8e1c968b99 was interrupted, exiting. There are 0 tasks remaining in the queue.
2019-07-29 15:13:13,582 INFO  segmented.SegmentedRaftLogWorker (SegmentedRaftLogWorker.java:close(228)) - d230ad0e-bdba-4df4-b696-9a39b4846904-SegmentedRaftLogWorker:Storage Directory /workdir/hadoop-ozone/integration-test/target/test-dir/MiniOzoneClusterImpl-d73583e1-fe53-4975-a2cf-a60db5c49538/datanode-1/data/ratis/0afd5353-6989-4253-ac61-6e8e1c968b99 close()
2019-07-29 15:13:13,587 INFO  server.GrpcService (GrpcService.java:closeImpl(155)) - d230ad0e-bdba-4df4-b696-9a39b4846904: shutdown server with port 33083 now
2019-07-29 15:13:13,592 INFO  server.GrpcService (GrpcService.java:closeImpl(163)) - d230ad0e-bdba-4df4-b696-9a39b4846904: shutdown server with port 33083 successfully
2019-07-29 15:13:13,595 INFO  utils.BackgroundService (BackgroundService.java:shutdown(148)) - Shutting down service BlockDeletingService
2019-07-29 15:13:13,596 WARN  fs.CachingGetSpaceUsed (CachingGetSpaceUsed.java:run(183)) - Thread Interrupted waiting to refresh disk information: sleep interrupted
2019-07-29 15:13:13,603 INFO  ratis.ContainerStateMachine (ContainerStateMachine.java:takeSnapshot(273)) - group-48E1E1823190: Finished taking a snapshot at:(t:1, i:3) file:/workdir/hadoop-ozone/integration-test/target/test-dir/MiniOzoneClusterImpl-d73583e1-fe53-4975-a2cf-a60db5c49538/datanode-4/data/ratis/4e983f73-a122-4011-adcd-48e1e1823190/sm/snapshot.1_3 time:38
2019-07-29 15:13:13,603 INFO  impl.StateMachineUpdater (StateMachineUpdater.java:takeSnapshot(242)) - StateMachineUpdater:f4696a1b-635b-453d-b263-ccccb034112d:group-48E1E1823190: Took a snapshot at index 3
2019-07-29 15:13:13,603 INFO  impl.StateMachineUpdater (StateMachineUpdater.java:lambda$new$0(80)) - StateMachineUpdater:f4696a1b-635b-453d-b263-ccccb034112d:group-48E1E1823190: snapshotIndex: updateIncreasingly -1 -> 3
2019-07-29 15:13:13,608 INFO  impl.RaftServerImpl (ServerState.java:close(394)) - f4696a1b-635b-453d-b263-ccccb034112d:group-48E1E1823190 closes. The last applied log index is 4
2019-07-29 15:13:13,609 INFO  segmented.SegmentedRaftLogWorker (SegmentedRaftLogWorker.java:run(313)) - f4696a1b-635b-453d-b263-ccccb034112d-SegmentedRaftLogWorker:Storage Directory /workdir/hadoop-ozone/integration-test/target/test-dir/MiniOzoneClusterImpl-d73583e1-fe53-4975-a2cf-a60db5c49538/datanode-4/data/ratis/4e983f73-a122-4011-adcd-48e1e1823190 was interrupted, exiting. There are 0 tasks remaining in the queue.
2019-07-29 15:13:13,611 INFO  segmented.SegmentedRaftLogWorker (SegmentedRaftLogWorker.java:close(228)) - f4696a1b-635b-453d-b263-ccccb034112d-SegmentedRaftLogWorker:Storage Directory /workdir/hadoop-ozone/integration-test/target/test-dir/MiniOzoneClusterImpl-d73583e1-fe53-4975-a2cf-a60db5c49538/datanode-4/data/ratis/4e983f73-a122-4011-adcd-48e1e1823190 close()
2019-07-29 15:13:13,615 INFO  impl.RaftServerImpl (RaftServerImpl.java:lambda$shutdown$3(245)) - f4696a1b-635b-453d-b263-ccccb034112d: shutdown group-BBDD44FA803A
2019-07-29 15:13:13,616 INFO  util.JmxRegister (JmxRegister.java:unregister(73)) - Successfully un-registered JMX Bean with object name Ratis:service=RaftServer,group=group-BBDD44FA803A,id=f4696a1b-635b-453d-b263-ccccb034112d
2019-07-29 15:13:13,616 INFO  impl.RoleInfo (RoleInfo.java:shutdownLeaderState(104)) - f4696a1b-635b-453d-b263-ccccb034112d: shutdown LeaderState
2019-07-29 15:13:13,617 INFO  impl.PendingRequests (PendingRequests.java:sendNotLeaderResponses(202)) - f4696a1b-635b-453d-b263-ccccb034112d-PendingRequests: sendNotLeaderResponses
2019-07-29 15:13:13,619 INFO  impl.StateMachineUpdater (StateMachineUpdater.java:stopAndJoin(115)) - StateMachineUpdater:f4696a1b-635b-453d-b263-ccccb034112d:group-BBDD44FA803A: set stopIndex = 0
2019-07-29 15:13:13,620 INFO  impl.RaftServerImpl (ServerState.java:close(394)) - f4696a1b-635b-453d-b263-ccccb034112d:group-BBDD44FA803A closes. The last applied log index is 0
2019-07-29 15:13:13,620 INFO  segmented.SegmentedRaftLogWorker (SegmentedRaftLogWorker.java:run(313)) - f4696a1b-635b-453d-b263-ccccb034112d-SegmentedRaftLogWorker:Storage Directory /workdir/hadoop-ozone/integration-test/target/test-dir/MiniOzoneClusterImpl-d73583e1-fe53-4975-a2cf-a60db5c49538/datanode-4/data/ratis/448b1b8a-b8e9-4bf8-97fa-bbdd44fa803a was interrupted, exiting. There are 0 tasks remaining in the queue.
2019-07-29 15:13:13,622 INFO  segmented.SegmentedRaftLogWorker (SegmentedRaftLogWorker.java:close(228)) - f4696a1b-635b-453d-b263-ccccb034112d-SegmentedRaftLogWorker:Storage Directory /workdir/hadoop-ozone/integration-test/target/test-dir/MiniOzoneClusterImpl-d73583e1-fe53-4975-a2cf-a60db5c49538/datanode-4/data/ratis/448b1b8a-b8e9-4bf8-97fa-bbdd44fa803a close()
2019-07-29 15:13:13,626 INFO  server.GrpcService (GrpcService.java:closeImpl(155)) - f4696a1b-635b-453d-b263-ccccb034112d: shutdown server with port 41552 now
2019-07-29 15:13:13,630 INFO  server.GrpcService (GrpcService.java:closeImpl(163)) - f4696a1b-635b-453d-b263-ccccb034112d: shutdown server with port 41552 successfully
2019-07-29 15:13:13,634 WARN  server.GrpcServerProtocolService (LogUtils.java:warn(134)) - f4696a1b-635b-453d-b263-ccccb034112d: appendEntries onError: org.apache.ratis.thirdparty.io.grpc.StatusRuntimeException: CANCELLED: cancelled before receiving half close
2019-07-29 15:13:13,640 INFO  statemachine.DatanodeStateMachine (DatanodeStateMachine.java:stopDaemon(395)) - Ozone container server stopped.
2019-07-29 15:13:13,649 INFO  handler.ContextHandler (ContextHandler.java:doStop(910)) - Stopped o.e.j.w.WebAppContext@747835f5{/,null,UNAVAILABLE}{/hddsDatanode}
2019-07-29 15:13:13,650 INFO  utils.BackgroundService (BackgroundService.java:shutdown(148)) - Shutting down service BlockDeletingService
2019-07-29 15:13:13,651 WARN  server.GrpcLogAppender (LogUtils.java:warn(134)) - 49751be9-4999-4a95-b2b7-8fc228ce6d9b->f4696a1b-635b-453d-b263-ccccb034112d: Failed appendEntries: org.apache.ratis.thirdparty.io.grpc.StatusRuntimeException: CANCELLED: HTTP/2 error code: CANCEL
Received Rst Stream
2019-07-29 15:13:13,651 INFO  server.AbstractConnector (AbstractConnector.java:doStop(318)) - Stopped ServerConnector@594131f2{HTTP/1.1,[http/1.1]}{0.0.0.0:0}
2019-07-29 15:13:13,656 INFO  handler.ContextHandler (ContextHandler.java:doStop(910)) - Stopped o.e.j.s.ServletContextHandler@32a4ecbe{/static,jar:file:/home/user/.m2/repository/org/apache/hadoop/hadoop-hdds-container-service/0.4.1-SNAPSHOT/hadoop-hdds-container-service-0.4.1-SNAPSHOT.jar!/webapps/static,UNAVAILABLE}
2019-07-29 15:13:13,659 INFO  handler.ContextHandler (ContextHandler.java:doStop(910)) - Stopped o.e.j.s.ServletContextHandler@515b9d4a{/logs,file:///workdir/hadoop-ozone/integration-test/target/log,UNAVAILABLE}
2019-07-29 15:13:13,659 INFO  impl.FollowerInfo (FollowerInfo.java:lambda$new$0(50)) - 49751be9-4999-4a95-b2b7-8fc228ce6d9b->f4696a1b-635b-453d-b263-ccccb034112d: nextIndex: updateUnconditionally 5 -> 4
2019-07-29 15:13:13,659 WARN  fs.CachingGetSpaceUsed (CachingGetSpaceUsed.java:run(183)) - Thread Interrupted waiting to refresh disk information: sleep interrupted
2019-07-29 15:13:13,664 INFO  datanode.ObjectStoreHandler (ObjectStoreHandler.java:close(155)) - Closing ObjectStoreHandler.
2019-07-29 15:13:13,664 INFO  ozone.HddsDatanodeService (HddsDatanodeService.java:stop(451)) - Stopped plug-in org.apache.hadoop.ozone.web.OzoneHddsDatanodeService@4702e7a5
2019-07-29 15:13:13,685 INFO  statemachine.DatanodeStateMachine (DatanodeStateMachine.java:stopDaemon(395)) - Ozone container server stopped.
2019-07-29 15:13:13,686 INFO  handler.ContextHandler (ContextHandler.java:doStop(910)) - Stopped o.e.j.w.WebAppContext@251c90f{/,null,UNAVAILABLE}{/hddsDatanode}
2019-07-29 15:13:13,687 INFO  server.AbstractConnector (AbstractConnector.java:doStop(318)) - Stopped ServerConnector@6629643d{HTTP/1.1,[http/1.1]}{0.0.0.0:0}
2019-07-29 15:13:13,687 INFO  handler.ContextHandler (ContextHandler.java:doStop(910)) - Stopped o.e.j.s.ServletContextHandler@46f73ffa{/static,jar:file:/home/user/.m2/repository/org/apache/hadoop/hadoop-hdds-container-service/0.4.1-SNAPSHOT/hadoop-hdds-container-service-0.4.1-SNAPSHOT.jar!/webapps/static,UNAVAILABLE}
2019-07-29 15:13:13,688 INFO  handler.ContextHandler (ContextHandler.java:doStop(910)) - Stopped o.e.j.s.ServletContextHandler@42c12b3e{/logs,file:///workdir/hadoop-ozone/integration-test/target/log,UNAVAILABLE}
2019-07-29 15:13:13,689 INFO  datanode.ObjectStoreHandler (ObjectStoreHandler.java:close(155)) - Closing ObjectStoreHandler.
2019-07-29 15:13:13,689 INFO  ozone.HddsDatanodeService (HddsDatanodeService.java:stop(451)) - Stopped plug-in org.apache.hadoop.ozone.web.OzoneHddsDatanodeService@285a4fe3
2019-07-29 15:13:13,881 INFO  statemachine.DatanodeStateMachine (DatanodeStateMachine.java:lambda$startDaemon$0(350)) - Ozone container server started.
2019-07-29 15:13:14,390 INFO  statemachine.DatanodeStateMachine (DatanodeStateMachine.java:lambda$startDaemon$0(350)) - Ozone container server started.
2019-07-29 15:13:15,994 WARN  server.GrpcLogAppender (LogUtils.java:warn(134)) - 49751be9-4999-4a95-b2b7-8fc228ce6d9b->f4696a1b-635b-453d-b263-ccccb034112d: Failed appendEntries: org.apache.ratis.thirdparty.io.grpc.StatusRuntimeException: UNAVAILABLE: io exception
2019-07-29 15:13:15,998 INFO  impl.FollowerInfo (FollowerInfo.java:lambda$new$0(50)) - 49751be9-4999-4a95-b2b7-8fc228ce6d9b->f4696a1b-635b-453d-b263-ccccb034112d: nextIndex: updateUnconditionally 4 -> 3
2019-07-29 15:13:17,922 INFO  node.StaleNodeHandler (StaleNodeHandler.java:onMessage(58)) - Datanode c0e4dbcc-6d58-4d9c-983d-96ebbb2015c1{ip: 192.168.157.194, host: byscane-nightly-74r8j-760408800, networkLocation: /default-rack, certSerialId: null} moved to stale state. Finalizing its pipelines [PipelineID=1d8154bb-d509-45fb-b186-30baca44b9dd, PipelineID=a86680ec-2824-43f3-93b5-6fb1848d186a]
2019-07-29 15:13:17,923 INFO  pipeline.SCMPipelineManager (SCMPipelineManager.java:finalizeAndDestroyPipeline(309)) - destroying pipeline:Pipeline[ Id: 1d8154bb-d509-45fb-b186-30baca44b9dd, Nodes: c0e4dbcc-6d58-4d9c-983d-96ebbb2015c1{ip: 192.168.157.194, host: byscane-nightly-74r8j-760408800, networkLocation: /default-rack, certSerialId: null}, Type:RATIS, Factor:ONE, State:OPEN]
2019-07-29 15:13:17,923 INFO  pipeline.PipelineStateManager (PipelineStateManager.java:finalizePipeline(123)) - Pipeline Pipeline[ Id: 1d8154bb-d509-45fb-b186-30baca44b9dd, Nodes: c0e4dbcc-6d58-4d9c-983d-96ebbb2015c1{ip: 192.168.157.194, host: byscane-nightly-74r8j-760408800, networkLocation: /default-rack, certSerialId: null}, Type:RATIS, Factor:ONE, State:CLOSED] moved to CLOSED state
2019-07-29 15:13:17,923 INFO  pipeline.SCMPipelineManager (SCMPipelineManager.java:finalizeAndDestroyPipeline(309)) - destroying pipeline:Pipeline[ Id: a86680ec-2824-43f3-93b5-6fb1848d186a, Nodes: c0e4dbcc-6d58-4d9c-983d-96ebbb2015c1{ip: 192.168.157.194, host: byscane-nightly-74r8j-760408800, networkLocation: /default-rack, certSerialId: null}78bd14f6-8012-4f9d-b5f4-35e188091916{ip: 192.168.157.194, host: byscane-nightly-74r8j-760408800, networkLocation: /default-rack, certSerialId: null}c937352c-9ae0-4e18-9e19-db0ef9e031ea{ip: 192.168.157.194, host: byscane-nightly-74r8j-760408800, networkLocation: /default-rack, certSerialId: null}, Type:RATIS, Factor:THREE, State:OPEN]
2019-07-29 15:13:17,923 INFO  pipeline.PipelineStateManager (PipelineStateManager.java:finalizePipeline(123)) - Pipeline Pipeline[ Id: a86680ec-2824-43f3-93b5-6fb1848d186a, Nodes: c0e4dbcc-6d58-4d9c-983d-96ebbb2015c1{ip: 192.168.157.194, host: byscane-nightly-74r8j-760408800, networkLocation: /default-rack, certSerialId: null}78bd14f6-8012-4f9d-b5f4-35e188091916{ip: 192.168.157.194, host: byscane-nightly-74r8j-760408800, networkLocation: /default-rack, certSerialId: null}c937352c-9ae0-4e18-9e19-db0ef9e031ea{ip: 192.168.157.194, host: byscane-nightly-74r8j-760408800, networkLocation: /default-rack, certSerialId: null}, Type:RATIS, Factor:THREE, State:CLOSED] moved to CLOSED state
2019-07-29 15:13:17,924 INFO  container.CloseContainerEventHandler (CloseContainerEventHandler.java:onMessage(61)) - Close container Event triggered for container : #1
2019-07-29 15:13:18,423 INFO  node.StaleNodeHandler (StaleNodeHandler.java:onMessage(58)) - Datanode 49751be9-4999-4a95-b2b7-8fc228ce6d9b{ip: 192.168.157.194, host: byscane-nightly-74r8j-760408800, networkLocation: /default-rack, certSerialId: null} moved to stale state. Finalizing its pipelines [PipelineID=d61291a1-46d8-456c-a41c-ccedd4eb618c, PipelineID=4e983f73-a122-4011-adcd-48e1e1823190]
2019-07-29 15:13:18,424 INFO  pipeline.SCMPipelineManager (SCMPipelineManager.java:finalizeAndDestroyPipeline(309)) - destroying pipeline:Pipeline[ Id: d61291a1-46d8-456c-a41c-ccedd4eb618c, Nodes: 49751be9-4999-4a95-b2b7-8fc228ce6d9b{ip: 192.168.157.194, host: byscane-nightly-74r8j-760408800, networkLocation: /default-rack, certSerialId: null}, Type:RATIS, Factor:ONE, State:OPEN]
2019-07-29 15:13:18,424 INFO  pipeline.PipelineStateManager (PipelineStateManager.java:finalizePipeline(123)) - Pipeline Pipeline[ Id: d61291a1-46d8-456c-a41c-ccedd4eb618c, Nodes: 49751be9-4999-4a95-b2b7-8fc228ce6d9b{ip: 192.168.157.194, host: byscane-nightly-74r8j-760408800, networkLocation: /default-rack, certSerialId: null}, Type:RATIS, Factor:ONE, State:CLOSED] moved to CLOSED state
2019-07-29 15:13:18,424 INFO  pipeline.SCMPipelineManager (SCMPipelineManager.java:finalizeAndDestroyPipeline(309)) - destroying pipeline:Pipeline[ Id: 4e983f73-a122-4011-adcd-48e1e1823190, Nodes: 49751be9-4999-4a95-b2b7-8fc228ce6d9b{ip: 192.168.157.194, host: byscane-nightly-74r8j-760408800, networkLocation: /default-rack, certSerialId: null}f4696a1b-635b-453d-b263-ccccb034112d{ip: 192.168.157.194, host: byscane-nightly-74r8j-760408800, networkLocation: /default-rack, certSerialId: null}8c12ddc8-f54c-45f0-a218-991996808d11{ip: 192.168.157.194, host: byscane-nightly-74r8j-760408800, networkLocation: /default-rack, certSerialId: null}, Type:RATIS, Factor:THREE, State:CLOSED]
2019-07-29 15:13:18,487 WARN  server.GrpcLogAppender (LogUtils.java:warn(134)) - 49751be9-4999-4a95-b2b7-8fc228ce6d9b->f4696a1b-635b-453d-b263-ccccb034112d: Failed appendEntries: org.apache.ratis.thirdparty.io.grpc.StatusRuntimeException: UNAVAILABLE: io exception
2019-07-29 15:13:18,489 INFO  impl.FollowerInfo (FollowerInfo.java:lambda$new$0(50)) - 49751be9-4999-4a95-b2b7-8fc228ce6d9b->f4696a1b-635b-453d-b263-ccccb034112d: nextIndex: updateUnconditionally 3 -> 2
2019-07-29 15:13:18,666 INFO  ozoneimpl.OzoneContainer (OzoneContainer.java:stop(199)) - Attempting to stop container services.
2019-07-29 15:13:18,666 INFO  impl.RaftServerProxy (RaftServerProxy.java:lambda$close$4(314)) - 49751be9-4999-4a95-b2b7-8fc228ce6d9b: close
2019-07-29 15:13:18,666 INFO  impl.RaftServerImpl (RaftServerImpl.java:lambda$shutdown$3(245)) - 49751be9-4999-4a95-b2b7-8fc228ce6d9b: shutdown group-CCEDD4EB618C
2019-07-29 15:13:18,667 INFO  util.JmxRegister (JmxRegister.java:unregister(73)) - Successfully un-registered JMX Bean with object name Ratis:service=RaftServer,group=group-CCEDD4EB618C,id=49751be9-4999-4a95-b2b7-8fc228ce6d9b
2019-07-29 15:13:18,667 INFO  impl.RoleInfo (RoleInfo.java:shutdownLeaderState(104)) - 49751be9-4999-4a95-b2b7-8fc228ce6d9b: shutdown LeaderState
2019-07-29 15:13:18,668 INFO  impl.PendingRequests (PendingRequests.java:sendNotLeaderResponses(202)) - 49751be9-4999-4a95-b2b7-8fc228ce6d9b-PendingRequests: sendNotLeaderResponses
2019-07-29 15:13:18,668 INFO  impl.StateMachineUpdater (StateMachineUpdater.java:stopAndJoin(115)) - StateMachineUpdater:49751be9-4999-4a95-b2b7-8fc228ce6d9b:group-CCEDD4EB618C: set stopIndex = 0
2019-07-29 15:13:18,668 INFO  impl.RaftServerImpl (ServerState.java:close(394)) - 49751be9-4999-4a95-b2b7-8fc228ce6d9b:group-CCEDD4EB618C closes. The last applied log index is 0
2019-07-29 15:13:18,669 INFO  segmented.SegmentedRaftLogWorker (SegmentedRaftLogWorker.java:run(313)) - 49751be9-4999-4a95-b2b7-8fc228ce6d9b-SegmentedRaftLogWorker:Storage Directory /workdir/hadoop-ozone/integration-test/target/test-dir/MiniOzoneClusterImpl-d73583e1-fe53-4975-a2cf-a60db5c49538/datanode-2/data/ratis/d61291a1-46d8-456c-a41c-ccedd4eb618c was interrupted, exiting. There are 0 tasks remaining in the queue.
2019-07-29 15:13:18,671 INFO  segmented.SegmentedRaftLogWorker (SegmentedRaftLogWorker.java:close(228)) - 49751be9-4999-4a95-b2b7-8fc228ce6d9b-SegmentedRaftLogWorker:Storage Directory /workdir/hadoop-ozone/integration-test/target/test-dir/MiniOzoneClusterImpl-d73583e1-fe53-4975-a2cf-a60db5c49538/datanode-2/data/ratis/d61291a1-46d8-456c-a41c-ccedd4eb618c close()
2019-07-29 15:13:18,675 INFO  impl.RaftServerImpl (RaftServerImpl.java:lambda$shutdown$3(245)) - 49751be9-4999-4a95-b2b7-8fc228ce6d9b: shutdown group-48E1E1823190
2019-07-29 15:13:18,675 INFO  util.JmxRegister (JmxRegister.java:unregister(73)) - Successfully un-registered JMX Bean with object name Ratis:service=RaftServer,group=group-48E1E1823190,id=49751be9-4999-4a95-b2b7-8fc228ce6d9b
2019-07-29 15:13:18,675 INFO  impl.RoleInfo (RoleInfo.java:shutdownLeaderState(104)) - 49751be9-4999-4a95-b2b7-8fc228ce6d9b: shutdown LeaderState
2019-07-29 15:13:18,679 INFO  impl.PendingRequests (PendingRequests.java:sendNotLeaderResponses(202)) - 49751be9-4999-4a95-b2b7-8fc228ce6d9b-PendingRequests: sendNotLeaderResponses
2019-07-29 15:13:18,679 WARN  server.GrpcLogAppender (GrpcLogAppender.java:mayWait(143)) - GrpcLogAppender(49751be9-4999-4a95-b2b7-8fc228ce6d9b->f4696a1b-635b-453d-b263-ccccb034112d): Wait interrupted by java.lang.InterruptedException
2019-07-29 15:13:18,679 WARN  server.GrpcLogAppender (GrpcLogAppender.java:mayWait(143)) - GrpcLogAppender(49751be9-4999-4a95-b2b7-8fc228ce6d9b->8c12ddc8-f54c-45f0-a218-991996808d11): Wait interrupted by java.lang.InterruptedException
2019-07-29 15:13:18,681 INFO  server.GrpcServerProtocolService (GrpcServerProtocolService.java:onCompleted(104)) - 8c12ddc8-f54c-45f0-a218-991996808d11: appendEntries completed
2019-07-29 15:13:18,686 INFO  server.GrpcLogAppender (GrpcLogAppender.java:onCompleted(292)) - 49751be9-4999-4a95-b2b7-8fc228ce6d9b->8c12ddc8-f54c-45f0-a218-991996808d11: follower responses appendEntries COMPLETED
2019-07-29 15:13:18,689 INFO  impl.StateMachineUpdater (StateMachineUpdater.java:stopAndJoin(115)) - StateMachineUpdater:49751be9-4999-4a95-b2b7-8fc228ce6d9b:group-48E1E1823190: set stopIndex = 4
2019-07-29 15:13:18,689 INFO  impl.FollowerInfo (FollowerInfo.java:lambda$new$0(50)) - 49751be9-4999-4a95-b2b7-8fc228ce6d9b->8c12ddc8-f54c-45f0-a218-991996808d11: nextIndex: updateUnconditionally 5 -> 4
2019-07-29 15:13:18,689 INFO  ratis.ContainerStateMachine (ContainerStateMachine.java:takeSnapshot(262)) - group-48E1E1823190: Taking a snapshot at:(t:1, i:4) file /workdir/hadoop-ozone/integration-test/target/test-dir/MiniOzoneClusterImpl-d73583e1-fe53-4975-a2cf-a60db5c49538/datanode-2/data/ratis/4e983f73-a122-4011-adcd-48e1e1823190/sm/snapshot.1_4
2019-07-29 15:13:18,690 INFO  ozoneimpl.OzoneContainer (OzoneContainer.java:stop(199)) - Attempting to stop container services.
2019-07-29 15:13:18,693 INFO  impl.RaftServerProxy (RaftServerProxy.java:lambda$close$4(314)) - c0e4dbcc-6d58-4d9c-983d-96ebbb2015c1: close
2019-07-29 15:13:18,693 INFO  impl.RaftServerImpl (RaftServerImpl.java:lambda$shutdown$3(245)) - c0e4dbcc-6d58-4d9c-983d-96ebbb2015c1: shutdown group-30BACA44B9DD
2019-07-29 15:13:18,694 INFO  util.JmxRegister (JmxRegister.java:unregister(73)) - Successfully un-registered JMX Bean with object name Ratis:service=RaftServer,group=group-30BACA44B9DD,id=c0e4dbcc-6d58-4d9c-983d-96ebbb2015c1
2019-07-29 15:13:18,694 INFO  impl.RoleInfo (RoleInfo.java:shutdownLeaderState(104)) - c0e4dbcc-6d58-4d9c-983d-96ebbb2015c1: shutdown LeaderState
2019-07-29 15:13:18,695 INFO  impl.PendingRequests (PendingRequests.java:sendNotLeaderResponses(202)) - c0e4dbcc-6d58-4d9c-983d-96ebbb2015c1-PendingRequests: sendNotLeaderResponses
2019-07-29 15:13:18,695 INFO  impl.StateMachineUpdater (StateMachineUpdater.java:stopAndJoin(115)) - StateMachineUpdater:c0e4dbcc-6d58-4d9c-983d-96ebbb2015c1:group-30BACA44B9DD: set stopIndex = 0
2019-07-29 15:13:18,696 INFO  impl.RaftServerImpl (ServerState.java:close(394)) - c0e4dbcc-6d58-4d9c-983d-96ebbb2015c1:group-30BACA44B9DD closes. The last applied log index is 0
2019-07-29 15:13:18,696 INFO  segmented.SegmentedRaftLogWorker (SegmentedRaftLogWorker.java:run(313)) - c0e4dbcc-6d58-4d9c-983d-96ebbb2015c1-SegmentedRaftLogWorker:Storage Directory /workdir/hadoop-ozone/integration-test/target/test-dir/MiniOzoneClusterImpl-d73583e1-fe53-4975-a2cf-a60db5c49538/datanode-3/data/ratis/1d8154bb-d509-45fb-b186-30baca44b9dd was interrupted, exiting. There are 0 tasks remaining in the queue.
2019-07-29 15:13:18,698 INFO  segmented.SegmentedRaftLogWorker (SegmentedRaftLogWorker.java:close(228)) - c0e4dbcc-6d58-4d9c-983d-96ebbb2015c1-SegmentedRaftLogWorker:Storage Directory /workdir/hadoop-ozone/integration-test/target/test-dir/MiniOzoneClusterImpl-d73583e1-fe53-4975-a2cf-a60db5c49538/datanode-3/data/ratis/1d8154bb-d509-45fb-b186-30baca44b9dd close()
2019-07-29 15:13:18,702 INFO  impl.RaftServerImpl (RaftServerImpl.java:lambda$shutdown$3(245)) - c0e4dbcc-6d58-4d9c-983d-96ebbb2015c1: shutdown group-6FB1848D186A
2019-07-29 15:13:18,702 INFO  util.JmxRegister (JmxRegister.java:unregister(73)) - Successfully un-registered JMX Bean with object name Ratis:service=RaftServer,group=group-6FB1848D186A,id=c0e4dbcc-6d58-4d9c-983d-96ebbb2015c1
2019-07-29 15:13:18,703 INFO  impl.RoleInfo (RoleInfo.java:shutdownFollowerState(121)) - c0e4dbcc-6d58-4d9c-983d-96ebbb2015c1: shutdown FollowerState
2019-07-29 15:13:18,703 INFO  impl.StateMachineUpdater (StateMachineUpdater.java:stopAndJoin(115)) - StateMachineUpdater:c0e4dbcc-6d58-4d9c-983d-96ebbb2015c1:group-6FB1848D186A: set stopIndex = 16
2019-07-29 15:13:18,703 INFO  ratis.ContainerStateMachine (ContainerStateMachine.java:takeSnapshot(262)) - group-6FB1848D186A: Taking a snapshot at:(t:2, i:16) file /workdir/hadoop-ozone/integration-test/target/test-dir/MiniOzoneClusterImpl-d73583e1-fe53-4975-a2cf-a60db5c49538/datanode-3/data/ratis/a86680ec-2824-43f3-93b5-6fb1848d186a/sm/snapshot.2_16
2019-07-29 15:13:18,703 INFO  impl.FollowerState (FollowerState.java:run(114)) - c0e4dbcc-6d58-4d9c-983d-96ebbb2015c1: FollowerState was interrupted: java.lang.InterruptedException: sleep interrupted
2019-07-29 15:13:18,707 INFO  ratis.ContainerStateMachine (ContainerStateMachine.java:takeSnapshot(273)) - group-48E1E1823190: Finished taking a snapshot at:(t:1, i:4) file:/workdir/hadoop-ozone/integration-test/target/test-dir/MiniOzoneClusterImpl-d73583e1-fe53-4975-a2cf-a60db5c49538/datanode-2/data/ratis/4e983f73-a122-4011-adcd-48e1e1823190/sm/snapshot.1_4 time:18
2019-07-29 15:13:18,707 INFO  impl.StateMachineUpdater (StateMachineUpdater.java:takeSnapshot(242)) - StateMachineUpdater:49751be9-4999-4a95-b2b7-8fc228ce6d9b:group-48E1E1823190: Took a snapshot at index 4
2019-07-29 15:13:18,707 INFO  impl.StateMachineUpdater (StateMachineUpdater.java:lambda$new$0(80)) - StateMachineUpdater:49751be9-4999-4a95-b2b7-8fc228ce6d9b:group-48E1E1823190: snapshotIndex: updateIncreasingly -1 -> 4
2019-07-29 15:13:18,708 INFO  impl.RaftServerImpl (ServerState.java:close(394)) - 49751be9-4999-4a95-b2b7-8fc228ce6d9b:group-48E1E1823190 closes. The last applied log index is 4
2019-07-29 15:13:18,708 INFO  segmented.SegmentedRaftLogWorker (SegmentedRaftLogWorker.java:run(313)) - 49751be9-4999-4a95-b2b7-8fc228ce6d9b-SegmentedRaftLogWorker:Storage Directory /workdir/hadoop-ozone/integration-test/target/test-dir/MiniOzoneClusterImpl-d73583e1-fe53-4975-a2cf-a60db5c49538/datanode-2/data/ratis/4e983f73-a122-4011-adcd-48e1e1823190 was interrupted, exiting. There are 0 tasks remaining in the queue.
2019-07-29 15:13:18,710 INFO  ratis.ContainerStateMachine (ContainerStateMachine.java:takeSnapshot(273)) - group-6FB1848D186A: Finished taking a snapshot at:(t:2, i:16) file:/workdir/hadoop-ozone/integration-test/target/test-dir/MiniOzoneClusterImpl-d73583e1-fe53-4975-a2cf-a60db5c49538/datanode-3/data/ratis/a86680ec-2824-43f3-93b5-6fb1848d186a/sm/snapshot.2_16 time:7
2019-07-29 15:13:18,710 INFO  segmented.SegmentedRaftLogWorker (SegmentedRaftLogWorker.java:close(228)) - 49751be9-4999-4a95-b2b7-8fc228ce6d9b-SegmentedRaftLogWorker:Storage Directory /workdir/hadoop-ozone/integration-test/target/test-dir/MiniOzoneClusterImpl-d73583e1-fe53-4975-a2cf-a60db5c49538/datanode-2/data/ratis/4e983f73-a122-4011-adcd-48e1e1823190 close()
2019-07-29 15:13:18,710 INFO  impl.StateMachineUpdater (StateMachineUpdater.java:takeSnapshot(242)) - StateMachineUpdater:c0e4dbcc-6d58-4d9c-983d-96ebbb2015c1:group-6FB1848D186A: Took a snapshot at index 16
2019-07-29 15:13:18,713 INFO  server.GrpcService (GrpcService.java:closeImpl(155)) - 49751be9-4999-4a95-b2b7-8fc228ce6d9b: shutdown server with port 33007 now
2019-07-29 15:13:18,713 INFO  impl.StateMachineUpdater (StateMachineUpdater.java:lambda$new$0(80)) - StateMachineUpdater:c0e4dbcc-6d58-4d9c-983d-96ebbb2015c1:group-6FB1848D186A: snapshotIndex: updateIncreasingly -1 -> 16
2019-07-29 15:13:18,714 INFO  impl.RaftServerImpl (ServerState.java:close(394)) - c0e4dbcc-6d58-4d9c-983d-96ebbb2015c1:group-6FB1848D186A closes. The last applied log index is 16
2019-07-29 15:13:18,714 INFO  server.GrpcService (GrpcService.java:closeImpl(163)) - 49751be9-4999-4a95-b2b7-8fc228ce6d9b: shutdown server with port 33007 successfully
2019-07-29 15:13:18,715 INFO  segmented.SegmentedRaftLogWorker (SegmentedRaftLogWorker.java:run(313)) - c0e4dbcc-6d58-4d9c-983d-96ebbb2015c1-SegmentedRaftLogWorker:Storage Directory /workdir/hadoop-ozone/integration-test/target/test-dir/MiniOzoneClusterImpl-d73583e1-fe53-4975-a2cf-a60db5c49538/datanode-3/data/ratis/a86680ec-2824-43f3-93b5-6fb1848d186a was interrupted, exiting. There are 0 tasks remaining in the queue.
2019-07-29 15:13:18,717 INFO  segmented.SegmentedRaftLogWorker (SegmentedRaftLogWorker.java:close(228)) - c0e4dbcc-6d58-4d9c-983d-96ebbb2015c1-SegmentedRaftLogWorker:Storage Directory /workdir/hadoop-ozone/integration-test/target/test-dir/MiniOzoneClusterImpl-d73583e1-fe53-4975-a2cf-a60db5c49538/datanode-3/data/ratis/a86680ec-2824-43f3-93b5-6fb1848d186a close()
2019-07-29 15:13:18,721 INFO  server.GrpcService (GrpcService.java:closeImpl(155)) - c0e4dbcc-6d58-4d9c-983d-96ebbb2015c1: shutdown server with port 41135 now
2019-07-29 15:13:18,726 WARN  server.GrpcServerProtocolService (LogUtils.java:warn(134)) - c0e4dbcc-6d58-4d9c-983d-96ebbb2015c1: appendEntries onError: org.apache.ratis.thirdparty.io.grpc.StatusRuntimeException: CANCELLED: cancelled before receiving half close
2019-07-29 15:13:18,728 WARN  server.GrpcLogAppender (LogUtils.java:warn(134)) - c937352c-9ae0-4e18-9e19-db0ef9e031ea->c0e4dbcc-6d58-4d9c-983d-96ebbb2015c1: Failed appendEntries: org.apache.ratis.thirdparty.io.grpc.StatusRuntimeException: CANCELLED: HTTP/2 error code: CANCEL
Received Rst Stream
2019-07-29 15:13:18,729 INFO  server.GrpcService (GrpcService.java:closeImpl(163)) - c0e4dbcc-6d58-4d9c-983d-96ebbb2015c1: shutdown server with port 41135 successfully
2019-07-29 15:13:18,731 INFO  impl.FollowerInfo (FollowerInfo.java:lambda$new$0(50)) - c937352c-9ae0-4e18-9e19-db0ef9e031ea->c0e4dbcc-6d58-4d9c-983d-96ebbb2015c1: nextIndex: updateUnconditionally 17 -> 16
2019-07-29 15:13:18,741 INFO  utils.BackgroundService (BackgroundService.java:shutdown(148)) - Shutting down service BlockDeletingService
2019-07-29 15:13:18,746 WARN  fs.CachingGetSpaceUsed (CachingGetSpaceUsed.java:run(183)) - Thread Interrupted waiting to refresh disk information: sleep interrupted
2019-07-29 15:13:18,750 INFO  utils.BackgroundService (BackgroundService.java:shutdown(148)) - Shutting down service BlockDeletingService
2019-07-29 15:13:18,752 WARN  fs.CachingGetSpaceUsed (CachingGetSpaceUsed.java:run(183)) - Thread Interrupted waiting to refresh disk information: sleep interrupted
2019-07-29 15:13:18,768 INFO  statemachine.DatanodeStateMachine (DatanodeStateMachine.java:stopDaemon(395)) - Ozone container server stopped.
2019-07-29 15:13:18,778 INFO  statemachine.DatanodeStateMachine (DatanodeStateMachine.java:stopDaemon(395)) - Ozone container server stopped.
2019-07-29 15:13:18,784 INFO  handler.ContextHandler (ContextHandler.java:doStop(910)) - Stopped o.e.j.w.WebAppContext@37e0056e{/,null,UNAVAILABLE}{/hddsDatanode}
2019-07-29 15:13:18,784 INFO  handler.ContextHandler (ContextHandler.java:doStop(910)) - Stopped o.e.j.w.WebAppContext@33d7765a{/,null,UNAVAILABLE}{/hddsDatanode}
2019-07-29 15:13:18,785 INFO  server.AbstractConnector (AbstractConnector.java:doStop(318)) - Stopped ServerConnector@415795f3{HTTP/1.1,[http/1.1]}{0.0.0.0:0}
2019-07-29 15:13:18,785 INFO  server.AbstractConnector (AbstractConnector.java:doStop(318)) - Stopped ServerConnector@69ed5ea2{HTTP/1.1,[http/1.1]}{0.0.0.0:0}
2019-07-29 15:13:18,786 INFO  handler.ContextHandler (ContextHandler.java:doStop(910)) - Stopped o.e.j.s.ServletContextHandler@a1691c0{/static,jar:file:/home/user/.m2/repository/org/apache/hadoop/hadoop-hdds-container-service/0.4.1-SNAPSHOT/hadoop-hdds-container-service-0.4.1-SNAPSHOT.jar!/webapps/static,UNAVAILABLE}
2019-07-29 15:13:18,786 INFO  handler.ContextHandler (ContextHandler.java:doStop(910)) - Stopped o.e.j.s.ServletContextHandler@1e1e837d{/static,jar:file:/home/user/.m2/repository/org/apache/hadoop/hadoop-hdds-container-service/0.4.1-SNAPSHOT/hadoop-hdds-container-service-0.4.1-SNAPSHOT.jar!/webapps/static,UNAVAILABLE}
2019-07-29 15:13:18,788 INFO  handler.ContextHandler (ContextHandler.java:doStop(910)) - Stopped o.e.j.s.ServletContextHandler@7b351446{/logs,file:///workdir/hadoop-ozone/integration-test/target/log,UNAVAILABLE}
2019-07-29 15:13:18,788 INFO  handler.ContextHandler (ContextHandler.java:doStop(910)) - Stopped o.e.j.s.ServletContextHandler@5b29ab61{/logs,file:///workdir/hadoop-ozone/integration-test/target/log,UNAVAILABLE}
2019-07-29 15:13:18,790 INFO  datanode.ObjectStoreHandler (ObjectStoreHandler.java:close(155)) - Closing ObjectStoreHandler.
2019-07-29 15:13:18,791 INFO  ozone.HddsDatanodeService (HddsDatanodeService.java:stop(451)) - Stopped plug-in org.apache.hadoop.ozone.web.OzoneHddsDatanodeService@364fd4ae
2019-07-29 15:13:18,791 INFO  datanode.ObjectStoreHandler (ObjectStoreHandler.java:close(155)) - Closing ObjectStoreHandler.
2019-07-29 15:13:18,791 INFO  ozone.HddsDatanodeService (HddsDatanodeService.java:stop(451)) - Stopped plug-in org.apache.hadoop.ozone.web.OzoneHddsDatanodeService@33627576
2019-07-29 15:13:19,413 INFO  statemachine.DatanodeStateMachine (DatanodeStateMachine.java:lambda$startDaemon$0(350)) - Ozone container server started.
2019-07-29 15:13:19,772 INFO  statemachine.DatanodeStateMachine (DatanodeStateMachine.java:lambda$startDaemon$0(350)) - Ozone container server started.
2019-07-29 15:13:21,214 WARN  server.GrpcLogAppender (LogUtils.java:warn(134)) - c937352c-9ae0-4e18-9e19-db0ef9e031ea->c0e4dbcc-6d58-4d9c-983d-96ebbb2015c1: Failed appendEntries: org.apache.ratis.thirdparty.io.grpc.StatusRuntimeException: UNAVAILABLE: io exception
2019-07-29 15:13:21,217 INFO  impl.FollowerInfo (FollowerInfo.java:lambda$new$0(50)) - c937352c-9ae0-4e18-9e19-db0ef9e031ea->c0e4dbcc-6d58-4d9c-983d-96ebbb2015c1: nextIndex: updateUnconditionally 16 -> 15
2019-07-29 15:13:23,432 INFO  node.StaleNodeHandler (StaleNodeHandler.java:onMessage(58)) - Datanode 8c12ddc8-f54c-45f0-a218-991996808d11{ip: 192.168.157.194, host: byscane-nightly-74r8j-760408800, networkLocation: /default-rack, certSerialId: null} moved to stale state. Finalizing its pipelines [PipelineID=4e983f73-a122-4011-adcd-48e1e1823190, PipelineID=820c49a9-8067-47c7-9ac7-91adcd982e9a]
2019-07-29 15:13:23,432 INFO  pipeline.SCMPipelineManager (SCMPipelineManager.java:finalizeAndDestroyPipeline(309)) - destroying pipeline:Pipeline[ Id: 4e983f73-a122-4011-adcd-48e1e1823190, Nodes: 49751be9-4999-4a95-b2b7-8fc228ce6d9b{ip: 192.168.157.194, host: byscane-nightly-74r8j-760408800, networkLocation: /default-rack, certSerialId: null}f4696a1b-635b-453d-b263-ccccb034112d{ip: 192.168.157.194, host: byscane-nightly-74r8j-760408800, networkLocation: /default-rack, certSerialId: null}8c12ddc8-f54c-45f0-a218-991996808d11{ip: 192.168.157.194, host: byscane-nightly-74r8j-760408800, networkLocation: /default-rack, certSerialId: null}, Type:RATIS, Factor:THREE, State:CLOSED]
2019-07-29 15:13:23,433 INFO  pipeline.SCMPipelineManager (SCMPipelineManager.java:finalizeAndDestroyPipeline(309)) - destroying pipeline:Pipeline[ Id: 820c49a9-8067-47c7-9ac7-91adcd982e9a, Nodes: 8c12ddc8-f54c-45f0-a218-991996808d11{ip: 192.168.157.194, host: byscane-nightly-74r8j-760408800, networkLocation: /default-rack, certSerialId: null}, Type:RATIS, Factor:ONE, State:OPEN]
2019-07-29 15:13:23,433 INFO  pipeline.PipelineStateManager (PipelineStateManager.java:finalizePipeline(123)) - Pipeline Pipeline[ Id: 820c49a9-8067-47c7-9ac7-91adcd982e9a, Nodes: 8c12ddc8-f54c-45f0-a218-991996808d11{ip: 192.168.157.194, host: byscane-nightly-74r8j-760408800, networkLocation: /default-rack, certSerialId: null}, Type:RATIS, Factor:ONE, State:CLOSED] moved to CLOSED state
2019-07-29 15:13:23,717 WARN  server.GrpcLogAppender (LogUtils.java:warn(134)) - c937352c-9ae0-4e18-9e19-db0ef9e031ea->c0e4dbcc-6d58-4d9c-983d-96ebbb2015c1: Failed appendEntries: org.apache.ratis.thirdparty.io.grpc.StatusRuntimeException: UNAVAILABLE: io exception
2019-07-29 15:13:23,724 INFO  impl.FollowerInfo (FollowerInfo.java:lambda$new$0(50)) - c937352c-9ae0-4e18-9e19-db0ef9e031ea->c0e4dbcc-6d58-4d9c-983d-96ebbb2015c1: nextIndex: updateUnconditionally 15 -> 14
2019-07-29 15:13:23,792 INFO  ozoneimpl.OzoneContainer (OzoneContainer.java:stop(199)) - Attempting to stop container services.
2019-07-29 15:13:23,792 INFO  ozoneimpl.OzoneContainer (OzoneContainer.java:stop(199)) - Attempting to stop container services.
2019-07-29 15:13:23,793 INFO  impl.RaftServerProxy (RaftServerProxy.java:lambda$close$4(314)) - 8c12ddc8-f54c-45f0-a218-991996808d11: close
2019-07-29 15:13:23,793 INFO  impl.RaftServerProxy (RaftServerProxy.java:lambda$close$4(314)) - c937352c-9ae0-4e18-9e19-db0ef9e031ea: close
2019-07-29 15:13:23,793 INFO  impl.RaftServerImpl (RaftServerImpl.java:lambda$shutdown$3(245)) - 8c12ddc8-f54c-45f0-a218-991996808d11: shutdown group-48E1E1823190
2019-07-29 15:13:23,794 INFO  impl.RaftServerImpl (RaftServerImpl.java:lambda$shutdown$3(245)) - c937352c-9ae0-4e18-9e19-db0ef9e031ea: shutdown group-3C6BF9D64188
2019-07-29 15:13:23,794 INFO  util.JmxRegister (JmxRegister.java:unregister(73)) - Successfully un-registered JMX Bean with object name Ratis:service=RaftServer,group=group-48E1E1823190,id=8c12ddc8-f54c-45f0-a218-991996808d11
2019-07-29 15:13:23,795 INFO  util.JmxRegister (JmxRegister.java:unregister(73)) - Successfully un-registered JMX Bean with object name Ratis:service=RaftServer,group=group-3C6BF9D64188,id=c937352c-9ae0-4e18-9e19-db0ef9e031ea
2019-07-29 15:13:23,795 INFO  impl.RoleInfo (RoleInfo.java:shutdownFollowerState(121)) - 8c12ddc8-f54c-45f0-a218-991996808d11: shutdown FollowerState
2019-07-29 15:13:23,795 INFO  impl.RoleInfo (RoleInfo.java:shutdownLeaderState(104)) - c937352c-9ae0-4e18-9e19-db0ef9e031ea: shutdown LeaderState
2019-07-29 15:13:23,796 INFO  ratis.ContainerStateMachine (ContainerStateMachine.java:takeSnapshot(262)) - group-48E1E1823190: Taking a snapshot at:(t:1, i:3) file /workdir/hadoop-ozone/integration-test/target/test-dir/MiniOzoneClusterImpl-d73583e1-fe53-4975-a2cf-a60db5c49538/datanode-0/data/ratis/4e983f73-a122-4011-adcd-48e1e1823190/sm/snapshot.1_3
2019-07-29 15:13:23,796 INFO  impl.FollowerState (FollowerState.java:run(114)) - 8c12ddc8-f54c-45f0-a218-991996808d11: FollowerState was interrupted: java.lang.InterruptedException: sleep interrupted
2019-07-29 15:13:23,796 INFO  impl.StateMachineUpdater (StateMachineUpdater.java:stopAndJoin(115)) - StateMachineUpdater:8c12ddc8-f54c-45f0-a218-991996808d11:group-48E1E1823190: set stopIndex = 4
2019-07-29 15:13:23,796 INFO  impl.PendingRequests (PendingRequests.java:sendNotLeaderResponses(202)) - c937352c-9ae0-4e18-9e19-db0ef9e031ea-PendingRequests: sendNotLeaderResponses
2019-07-29 15:13:23,799 INFO  impl.StateMachineUpdater (StateMachineUpdater.java:stopAndJoin(115)) - StateMachineUpdater:c937352c-9ae0-4e18-9e19-db0ef9e031ea:group-3C6BF9D64188: set stopIndex = 0
2019-07-29 15:13:23,799 INFO  impl.RaftServerImpl (ServerState.java:close(394)) - c937352c-9ae0-4e18-9e19-db0ef9e031ea:group-3C6BF9D64188 closes. The last applied log index is 0
2019-07-29 15:13:23,800 INFO  segmented.SegmentedRaftLogWorker (SegmentedRaftLogWorker.java:run(313)) - c937352c-9ae0-4e18-9e19-db0ef9e031ea-SegmentedRaftLogWorker:Storage Directory /workdir/hadoop-ozone/integration-test/target/test-dir/MiniOzoneClusterImpl-d73583e1-fe53-4975-a2cf-a60db5c49538/datanode-6/data/ratis/37c5675a-4d6f-4075-a601-3c6bf9d64188 was interrupted, exiting. There are 0 tasks remaining in the queue.
2019-07-29 15:13:23,802 INFO  segmented.SegmentedRaftLogWorker (SegmentedRaftLogWorker.java:close(228)) - c937352c-9ae0-4e18-9e19-db0ef9e031ea-SegmentedRaftLogWorker:Storage Directory /workdir/hadoop-ozone/integration-test/target/test-dir/MiniOzoneClusterImpl-d73583e1-fe53-4975-a2cf-a60db5c49538/datanode-6/data/ratis/37c5675a-4d6f-4075-a601-3c6bf9d64188 close()
2019-07-29 15:13:23,805 INFO  impl.RaftServerImpl (RaftServerImpl.java:lambda$shutdown$3(245)) - c937352c-9ae0-4e18-9e19-db0ef9e031ea: shutdown group-6FB1848D186A
2019-07-29 15:13:23,805 INFO  util.JmxRegister (JmxRegister.java:unregister(73)) - Successfully un-registered JMX Bean with object name Ratis:service=RaftServer,group=group-6FB1848D186A,id=c937352c-9ae0-4e18-9e19-db0ef9e031ea
2019-07-29 15:13:23,806 INFO  impl.RoleInfo (RoleInfo.java:shutdownLeaderState(104)) - c937352c-9ae0-4e18-9e19-db0ef9e031ea: shutdown LeaderState
2019-07-29 15:13:23,809 WARN  server.GrpcLogAppender (GrpcLogAppender.java:mayWait(143)) - GrpcLogAppender(c937352c-9ae0-4e18-9e19-db0ef9e031ea->78bd14f6-8012-4f9d-b5f4-35e188091916): Wait interrupted by java.lang.InterruptedException
2019-07-29 15:13:23,809 WARN  server.GrpcLogAppender (GrpcLogAppender.java:mayWait(143)) - GrpcLogAppender(c937352c-9ae0-4e18-9e19-db0ef9e031ea->c0e4dbcc-6d58-4d9c-983d-96ebbb2015c1): Wait interrupted by java.lang.InterruptedException
2019-07-29 15:13:23,809 INFO  impl.PendingRequests (PendingRequests.java:sendNotLeaderResponses(202)) - c937352c-9ae0-4e18-9e19-db0ef9e031ea-PendingRequests: sendNotLeaderResponses
2019-07-29 15:13:23,812 INFO  ratis.ContainerStateMachine (ContainerStateMachine.java:takeSnapshot(273)) - group-48E1E1823190: Finished taking a snapshot at:(t:1, i:3) file:/workdir/hadoop-ozone/integration-test/target/test-dir/MiniOzoneClusterImpl-d73583e1-fe53-4975-a2cf-a60db5c49538/datanode-0/data/ratis/4e983f73-a122-4011-adcd-48e1e1823190/sm/snapshot.1_3 time:16
2019-07-29 15:13:23,812 INFO  server.GrpcServerProtocolService (GrpcServerProtocolService.java:onCompleted(104)) - 78bd14f6-8012-4f9d-b5f4-35e188091916: appendEntries completed
2019-07-29 15:13:23,812 INFO  impl.StateMachineUpdater (StateMachineUpdater.java:takeSnapshot(242)) - StateMachineUpdater:8c12ddc8-f54c-45f0-a218-991996808d11:group-48E1E1823190: Took a snapshot at index 3
2019-07-29 15:13:23,815 INFO  ratis.ContainerStateMachine (ContainerStateMachine.java:takeSnapshot(262)) - group-6FB1848D186A: Taking a snapshot at:(t:2, i:14) file /workdir/hadoop-ozone/integration-test/target/test-dir/MiniOzoneClusterImpl-d73583e1-fe53-4975-a2cf-a60db5c49538/datanode-6/data/ratis/a86680ec-2824-43f3-93b5-6fb1848d186a/sm/snapshot.2_14
2019-07-29 15:13:23,815 INFO  impl.StateMachineUpdater (StateMachineUpdater.java:stopAndJoin(115)) - StateMachineUpdater:c937352c-9ae0-4e18-9e19-db0ef9e031ea:group-6FB1848D186A: set stopIndex = 16
2019-07-29 15:13:23,815 INFO  impl.StateMachineUpdater (StateMachineUpdater.java:lambda$new$0(80)) - StateMachineUpdater:8c12ddc8-f54c-45f0-a218-991996808d11:group-48E1E1823190: snapshotIndex: updateIncreasingly -1 -> 3
2019-07-29 15:13:23,821 INFO  server.GrpcLogAppender (GrpcLogAppender.java:onCompleted(292)) - c937352c-9ae0-4e18-9e19-db0ef9e031ea->78bd14f6-8012-4f9d-b5f4-35e188091916: follower responses appendEntries COMPLETED
2019-07-29 15:13:23,821 INFO  impl.RaftServerImpl (ServerState.java:close(394)) - 8c12ddc8-f54c-45f0-a218-991996808d11:group-48E1E1823190 closes. The last applied log index is 4
2019-07-29 15:13:23,821 INFO  impl.FollowerInfo (FollowerInfo.java:lambda$new$0(50)) - c937352c-9ae0-4e18-9e19-db0ef9e031ea->78bd14f6-8012-4f9d-b5f4-35e188091916: nextIndex: updateUnconditionally 17 -> 16
2019-07-29 15:13:23,822 INFO  segmented.SegmentedRaftLogWorker (SegmentedRaftLogWorker.java:run(313)) - 8c12ddc8-f54c-45f0-a218-991996808d11-SegmentedRaftLogWorker:Storage Directory /workdir/hadoop-ozone/integration-test/target/test-dir/MiniOzoneClusterImpl-d73583e1-fe53-4975-a2cf-a60db5c49538/datanode-0/data/ratis/4e983f73-a122-4011-adcd-48e1e1823190 was interrupted, exiting. There are 0 tasks remaining in the queue.
2019-07-29 15:13:23,823 INFO  segmented.SegmentedRaftLogWorker (SegmentedRaftLogWorker.java:close(228)) - 8c12ddc8-f54c-45f0-a218-991996808d11-SegmentedRaftLogWorker:Storage Directory /workdir/hadoop-ozone/integration-test/target/test-dir/MiniOzoneClusterImpl-d73583e1-fe53-4975-a2cf-a60db5c49538/datanode-0/data/ratis/4e983f73-a122-4011-adcd-48e1e1823190 close()
2019-07-29 15:13:23,827 INFO  impl.RaftServerImpl (RaftServerImpl.java:lambda$shutdown$3(245)) - 8c12ddc8-f54c-45f0-a218-991996808d11: shutdown group-91ADCD982E9A
2019-07-29 15:13:23,827 INFO  util.JmxRegister (JmxRegister.java:unregister(73)) - Successfully un-registered JMX Bean with object name Ratis:service=RaftServer,group=group-91ADCD982E9A,id=8c12ddc8-f54c-45f0-a218-991996808d11
2019-07-29 15:13:23,828 INFO  impl.RoleInfo (RoleInfo.java:shutdownLeaderState(104)) - 8c12ddc8-f54c-45f0-a218-991996808d11: shutdown LeaderState
2019-07-29 15:13:23,828 INFO  impl.PendingRequests (PendingRequests.java:sendNotLeaderResponses(202)) - 8c12ddc8-f54c-45f0-a218-991996808d11-PendingRequests: sendNotLeaderResponses
2019-07-29 15:13:23,829 INFO  impl.StateMachineUpdater (StateMachineUpdater.java:stopAndJoin(115)) - StateMachineUpdater:8c12ddc8-f54c-45f0-a218-991996808d11:group-91ADCD982E9A: set stopIndex = 0
2019-07-29 15:13:23,829 INFO  ratis.ContainerStateMachine (ContainerStateMachine.java:takeSnapshot(273)) - group-6FB1848D186A: Finished taking a snapshot at:(t:2, i:14) file:/workdir/hadoop-ozone/integration-test/target/test-dir/MiniOzoneClusterImpl-d73583e1-fe53-4975-a2cf-a60db5c49538/datanode-6/data/ratis/a86680ec-2824-43f3-93b5-6fb1848d186a/sm/snapshot.2_14 time:14
2019-07-29 15:13:23,829 INFO  impl.RaftServerImpl (ServerState.java:close(394)) - 8c12ddc8-f54c-45f0-a218-991996808d11:group-91ADCD982E9A closes. The last applied log index is 0
2019-07-29 15:13:23,829 INFO  impl.StateMachineUpdater (StateMachineUpdater.java:takeSnapshot(242)) - StateMachineUpdater:c937352c-9ae0-4e18-9e19-db0ef9e031ea:group-6FB1848D186A: Took a snapshot at index 14
2019-07-29 15:13:23,830 INFO  impl.StateMachineUpdater (StateMachineUpdater.java:lambda$new$0(80)) - StateMachineUpdater:c937352c-9ae0-4e18-9e19-db0ef9e031ea:group-6FB1848D186A: snapshotIndex: updateIncreasingly -1 -> 14
2019-07-29 15:13:23,830 INFO  segmented.SegmentedRaftLogWorker (SegmentedRaftLogWorker.java:run(313)) - 8c12ddc8-f54c-45f0-a218-991996808d11-SegmentedRaftLogWorker:Storage Directory /workdir/hadoop-ozone/integration-test/target/test-dir/MiniOzoneClusterImpl-d73583e1-fe53-4975-a2cf-a60db5c49538/datanode-0/data/ratis/820c49a9-8067-47c7-9ac7-91adcd982e9a was interrupted, exiting. There are 0 tasks remaining in the queue.
2019-07-29 15:13:23,832 INFO  impl.RaftServerImpl (ServerState.java:close(394)) - c937352c-9ae0-4e18-9e19-db0ef9e031ea:group-6FB1848D186A closes. The last applied log index is 16
2019-07-29 15:13:23,832 INFO  segmented.SegmentedRaftLogWorker (SegmentedRaftLogWorker.java:close(228)) - 8c12ddc8-f54c-45f0-a218-991996808d11-SegmentedRaftLogWorker:Storage Directory /workdir/hadoop-ozone/integration-test/target/test-dir/MiniOzoneClusterImpl-d73583e1-fe53-4975-a2cf-a60db5c49538/datanode-0/data/ratis/820c49a9-8067-47c7-9ac7-91adcd982e9a close()
2019-07-29 15:13:23,833 INFO  node.StaleNodeHandler (StaleNodeHandler.java:onMessage(58)) - Datanode c937352c-9ae0-4e18-9e19-db0ef9e031ea{ip: 192.168.157.194, host: byscane-nightly-74r8j-760408800, networkLocation: /default-rack, certSerialId: null} moved to stale state. Finalizing its pipelines [PipelineID=37c5675a-4d6f-4075-a601-3c6bf9d64188, PipelineID=a86680ec-2824-43f3-93b5-6fb1848d186a]
2019-07-29 15:13:23,833 INFO  segmented.SegmentedRaftLogWorker (SegmentedRaftLogWorker.java:run(313)) - c937352c-9ae0-4e18-9e19-db0ef9e031ea-SegmentedRaftLogWorker:Storage Directory /workdir/hadoop-ozone/integration-test/target/test-dir/MiniOzoneClusterImpl-d73583e1-fe53-4975-a2cf-a60db5c49538/datanode-6/data/ratis/a86680ec-2824-43f3-93b5-6fb1848d186a was interrupted, exiting. There are 0 tasks remaining in the queue.
2019-07-29 15:13:23,838 INFO  pipeline.SCMPipelineManager (SCMPipelineManager.java:finalizeAndDestroyPipeline(309)) - destroying pipeline:Pipeline[ Id: 37c5675a-4d6f-4075-a601-3c6bf9d64188, Nodes: c937352c-9ae0-4e18-9e19-db0ef9e031ea{ip: 192.168.157.194, host: byscane-nightly-74r8j-760408800, networkLocation: /default-rack, certSerialId: null}, Type:RATIS, Factor:ONE, State:OPEN]
2019-07-29 15:13:23,838 INFO  server.GrpcService (GrpcService.java:closeImpl(155)) - 8c12ddc8-f54c-45f0-a218-991996808d11: shutdown server with port 36552 now
2019-07-29 15:13:23,839 INFO  pipeline.PipelineStateManager (PipelineStateManager.java:finalizePipeline(123)) - Pipeline Pipeline[ Id: 37c5675a-4d6f-4075-a601-3c6bf9d64188, Nodes: c937352c-9ae0-4e18-9e19-db0ef9e031ea{ip: 192.168.157.194, host: byscane-nightly-74r8j-760408800, networkLocation: /default-rack, certSerialId: null}, Type:RATIS, Factor:ONE, State:CLOSED] moved to CLOSED state
2019-07-29 15:13:23,839 INFO  segmented.SegmentedRaftLogWorker (SegmentedRaftLogWorker.java:close(228)) - c937352c-9ae0-4e18-9e19-db0ef9e031ea-SegmentedRaftLogWorker:Storage Directory /workdir/hadoop-ozone/integration-test/target/test-dir/MiniOzoneClusterImpl-d73583e1-fe53-4975-a2cf-a60db5c49538/datanode-6/data/ratis/a86680ec-2824-43f3-93b5-6fb1848d186a close()
2019-07-29 15:13:23,839 INFO  pipeline.SCMPipelineManager (SCMPipelineManager.java:finalizeAndDestroyPipeline(309)) - destroying pipeline:Pipeline[ Id: a86680ec-2824-43f3-93b5-6fb1848d186a, Nodes: c0e4dbcc-6d58-4d9c-983d-96ebbb2015c1{ip: 192.168.157.194, host: byscane-nightly-74r8j-760408800, networkLocation: /default-rack, certSerialId: null}78bd14f6-8012-4f9d-b5f4-35e188091916{ip: 192.168.157.194, host: byscane-nightly-74r8j-760408800, networkLocation: /default-rack, certSerialId: null}c937352c-9ae0-4e18-9e19-db0ef9e031ea{ip: 192.168.157.194, host: byscane-nightly-74r8j-760408800, networkLocation: /default-rack, certSerialId: null}, Type:RATIS, Factor:THREE, State:CLOSED]
2019-07-29 15:13:23,841 INFO  server.GrpcService (GrpcService.java:closeImpl(155)) - c937352c-9ae0-4e18-9e19-db0ef9e031ea: shutdown server with port 34585 now
2019-07-29 15:13:23,839 INFO  server.GrpcService (GrpcService.java:closeImpl(163)) - 8c12ddc8-f54c-45f0-a218-991996808d11: shutdown server with port 36552 successfully
2019-07-29 15:13:23,843 INFO  server.GrpcService (GrpcService.java:closeImpl(163)) - c937352c-9ae0-4e18-9e19-db0ef9e031ea: shutdown server with port 34585 successfully
2019-07-29 15:13:23,845 WARN  client.GrpcClientProtocolService (LogUtils.java:warn(134)) - 3-UnorderedRequestStreamObserver3: onError: org.apache.ratis.thirdparty.io.grpc.StatusRuntimeException: CANCELLED: cancelled before receiving half close
2019-07-29 15:13:23,847 INFO  utils.BackgroundService (BackgroundService.java:shutdown(148)) - Shutting down service BlockDeletingService
2019-07-29 15:13:23,849 WARN  fs.CachingGetSpaceUsed (CachingGetSpaceUsed.java:run(183)) - Thread Interrupted waiting to refresh disk information: sleep interrupted
2019-07-29 15:13:23,867 INFO  utils.BackgroundService (BackgroundService.java:shutdown(148)) - Shutting down service BlockDeletingService
2019-07-29 15:13:23,871 WARN  fs.CachingGetSpaceUsed (CachingGetSpaceUsed.java:run(183)) - Thread Interrupted waiting to refresh disk information: sleep interrupted
2019-07-29 15:13:23,877 INFO  statemachine.DatanodeStateMachine (DatanodeStateMachine.java:stopDaemon(395)) - Ozone container server stopped.
2019-07-29 15:13:23,889 INFO  handler.ContextHandler (ContextHandler.java:doStop(910)) - Stopped o.e.j.w.WebAppContext@61a87366{/,null,UNAVAILABLE}{/hddsDatanode}
2019-07-29 15:13:23,893 INFO  statemachine.DatanodeStateMachine (DatanodeStateMachine.java:stopDaemon(395)) - Ozone container server stopped.
2019-07-29 15:13:23,895 INFO  server.AbstractConnector (AbstractConnector.java:doStop(318)) - Stopped ServerConnector@3c33fcf8{HTTP/1.1,[http/1.1]}{0.0.0.0:0}
2019-07-29 15:13:23,896 INFO  handler.ContextHandler (ContextHandler.java:doStop(910)) - Stopped o.e.j.w.WebAppContext@dc79225{/,null,UNAVAILABLE}{/hddsDatanode}
2019-07-29 15:13:23,897 INFO  handler.ContextHandler (ContextHandler.java:doStop(910)) - Stopped o.e.j.s.ServletContextHandler@2450256f{/static,jar:file:/home/user/.m2/repository/org/apache/hadoop/hadoop-hdds-container-service/0.4.1-SNAPSHOT/hadoop-hdds-container-service-0.4.1-SNAPSHOT.jar!/webapps/static,UNAVAILABLE}
2019-07-29 15:13:23,897 INFO  handler.ContextHandler (ContextHandler.java:doStop(910)) - Stopped o.e.j.s.ServletContextHandler@4466cf5d{/logs,file:///workdir/hadoop-ozone/integration-test/target/log,UNAVAILABLE}
2019-07-29 15:13:23,897 INFO  server.AbstractConnector (AbstractConnector.java:doStop(318)) - Stopped ServerConnector@30e9ca13{HTTP/1.1,[http/1.1]}{0.0.0.0:0}
2019-07-29 15:13:23,899 INFO  handler.ContextHandler (ContextHandler.java:doStop(910)) - Stopped o.e.j.s.ServletContextHandler@1f0b3cfe{/static,jar:file:/home/user/.m2/repository/org/apache/hadoop/hadoop-hdds-container-service/0.4.1-SNAPSHOT/hadoop-hdds-container-service-0.4.1-SNAPSHOT.jar!/webapps/static,UNAVAILABLE}
2019-07-29 15:13:23,901 INFO  handler.ContextHandler (ContextHandler.java:doStop(910)) - Stopped o.e.j.s.ServletContextHandler@42ea287{/logs,file:///workdir/hadoop-ozone/integration-test/target/log,UNAVAILABLE}
2019-07-29 15:13:23,901 INFO  datanode.ObjectStoreHandler (ObjectStoreHandler.java:close(155)) - Closing ObjectStoreHandler.
2019-07-29 15:13:23,901 INFO  ozone.HddsDatanodeService (HddsDatanodeService.java:stop(451)) - Stopped plug-in org.apache.hadoop.ozone.web.OzoneHddsDatanodeService@69d103f0
2019-07-29 15:13:23,905 INFO  statemachine.DatanodeStateMachine (DatanodeStateMachine.java:lambda$startDaemon$0(350)) - Ozone container server started.
2019-07-29 15:13:27,940 INFO  node.StaleNodeHandler (StaleNodeHandler.java:onMessage(58)) - Datanode 78bd14f6-8012-4f9d-b5f4-35e188091916{ip: 192.168.157.194, host: byscane-nightly-74r8j-760408800, networkLocation: /default-rack, certSerialId: null} moved to stale state. Finalizing its pipelines [PipelineID=9fd892e6-f713-47c2-b40b-8555f418bc5f, PipelineID=a86680ec-2824-43f3-93b5-6fb1848d186a]
2019-07-29 15:13:27,940 INFO  pipeline.SCMPipelineManager (SCMPipelineManager.java:finalizeAndDestroyPipeline(309)) - destroying pipeline:Pipeline[ Id: 9fd892e6-f713-47c2-b40b-8555f418bc5f, Nodes: 78bd14f6-8012-4f9d-b5f4-35e188091916{ip: 192.168.157.194, host: byscane-nightly-74r8j-760408800, networkLocation: /default-rack, certSerialId: null}, Type:RATIS, Factor:ONE, State:OPEN]
2019-07-29 15:13:27,940 INFO  pipeline.PipelineStateManager (PipelineStateManager.java:finalizePipeline(123)) - Pipeline Pipeline[ Id: 9fd892e6-f713-47c2-b40b-8555f418bc5f, Nodes: 78bd14f6-8012-4f9d-b5f4-35e188091916{ip: 192.168.157.194, host: byscane-nightly-74r8j-760408800, networkLocation: /default-rack, certSerialId: null}, Type:RATIS, Factor:ONE, State:CLOSED] moved to CLOSED state
2019-07-29 15:13:27,941 INFO  pipeline.SCMPipelineManager (SCMPipelineManager.java:finalizeAndDestroyPipeline(309)) - destroying pipeline:Pipeline[ Id: a86680ec-2824-43f3-93b5-6fb1848d186a, Nodes: c0e4dbcc-6d58-4d9c-983d-96ebbb2015c1{ip: 192.168.157.194, host: byscane-nightly-74r8j-760408800, networkLocation: /default-rack, certSerialId: null}78bd14f6-8012-4f9d-b5f4-35e188091916{ip: 192.168.157.194, host: byscane-nightly-74r8j-760408800, networkLocation: /default-rack, certSerialId: null}c937352c-9ae0-4e18-9e19-db0ef9e031ea{ip: 192.168.157.194, host: byscane-nightly-74r8j-760408800, networkLocation: /default-rack, certSerialId: null}, Type:RATIS, Factor:THREE, State:CLOSED]
2019-07-29 15:13:28,903 INFO  ozoneimpl.OzoneContainer (OzoneContainer.java:stop(199)) - Attempting to stop container services.
2019-07-29 15:13:28,904 INFO  impl.RaftServerProxy (RaftServerProxy.java:lambda$close$4(314)) - 78bd14f6-8012-4f9d-b5f4-35e188091916: close
2019-07-29 15:13:28,905 INFO  impl.RaftServerImpl (RaftServerImpl.java:lambda$shutdown$3(245)) - 78bd14f6-8012-4f9d-b5f4-35e188091916: shutdown group-8555F418BC5F
2019-07-29 15:13:28,905 INFO  impl.RaftServerImpl (RaftServerImpl.java:lambda$shutdown$3(245)) - 78bd14f6-8012-4f9d-b5f4-35e188091916: shutdown group-6FB1848D186A
2019-07-29 15:13:28,906 INFO  util.JmxRegister (JmxRegister.java:unregister(73)) - Successfully un-registered JMX Bean with object name Ratis:service=RaftServer,group=group-8555F418BC5F,id=78bd14f6-8012-4f9d-b5f4-35e188091916
2019-07-29 15:13:28,906 INFO  util.JmxRegister (JmxRegister.java:unregister(73)) - Successfully un-registered JMX Bean with object name Ratis:service=RaftServer,group=group-6FB1848D186A,id=78bd14f6-8012-4f9d-b5f4-35e188091916
2019-07-29 15:13:28,906 INFO  impl.RoleInfo (RoleInfo.java:shutdownLeaderState(104)) - 78bd14f6-8012-4f9d-b5f4-35e188091916: shutdown LeaderState
2019-07-29 15:13:28,907 INFO  impl.RoleInfo (RoleInfo.java:shutdownFollowerState(121)) - 78bd14f6-8012-4f9d-b5f4-35e188091916: shutdown FollowerState
2019-07-29 15:13:28,907 INFO  impl.PendingRequests (PendingRequests.java:sendNotLeaderResponses(202)) - 78bd14f6-8012-4f9d-b5f4-35e188091916-PendingRequests: sendNotLeaderResponses
2019-07-29 15:13:28,907 INFO  ratis.ContainerStateMachine (ContainerStateMachine.java:takeSnapshot(262)) - group-6FB1848D186A: Taking a snapshot at:(t:2, i:16) file /workdir/hadoop-ozone/integration-test/target/test-dir/MiniOzoneClusterImpl-d73583e1-fe53-4975-a2cf-a60db5c49538/datanode-5/data/ratis/a86680ec-2824-43f3-93b5-6fb1848d186a/sm/snapshot.2_16
2019-07-29 15:13:28,907 INFO  impl.FollowerState (FollowerState.java:run(114)) - 78bd14f6-8012-4f9d-b5f4-35e188091916: FollowerState was interrupted: java.lang.InterruptedException: sleep interrupted
2019-07-29 15:13:28,907 INFO  impl.StateMachineUpdater (StateMachineUpdater.java:stopAndJoin(115)) - StateMachineUpdater:78bd14f6-8012-4f9d-b5f4-35e188091916:group-6FB1848D186A: set stopIndex = 16
2019-07-29 15:13:28,908 INFO  impl.StateMachineUpdater (StateMachineUpdater.java:stopAndJoin(115)) - StateMachineUpdater:78bd14f6-8012-4f9d-b5f4-35e188091916:group-8555F418BC5F: set stopIndex = 0
2019-07-29 15:13:28,914 INFO  impl.RaftServerImpl (ServerState.java:close(394)) - 78bd14f6-8012-4f9d-b5f4-35e188091916:group-8555F418BC5F closes. The last applied log index is 0
2019-07-29 15:13:28,915 INFO  segmented.SegmentedRaftLogWorker (SegmentedRaftLogWorker.java:run(313)) - 78bd14f6-8012-4f9d-b5f4-35e188091916-SegmentedRaftLogWorker:Storage Directory /workdir/hadoop-ozone/integration-test/target/test-dir/MiniOzoneClusterImpl-d73583e1-fe53-4975-a2cf-a60db5c49538/datanode-5/data/ratis/9fd892e6-f713-47c2-b40b-8555f418bc5f was interrupted, exiting. There are 0 tasks remaining in the queue.
2019-07-29 15:13:28,915 INFO  segmented.SegmentedRaftLogWorker (SegmentedRaftLogWorker.java:close(228)) - 78bd14f6-8012-4f9d-b5f4-35e188091916-SegmentedRaftLogWorker:Storage Directory /workdir/hadoop-ozone/integration-test/target/test-dir/MiniOzoneClusterImpl-d73583e1-fe53-4975-a2cf-a60db5c49538/datanode-5/data/ratis/9fd892e6-f713-47c2-b40b-8555f418bc5f close()
2019-07-29 15:13:28,927 INFO  ratis.ContainerStateMachine (ContainerStateMachine.java:takeSnapshot(273)) - group-6FB1848D186A: Finished taking a snapshot at:(t:2, i:16) file:/workdir/hadoop-ozone/integration-test/target/test-dir/MiniOzoneClusterImpl-d73583e1-fe53-4975-a2cf-a60db5c49538/datanode-5/data/ratis/a86680ec-2824-43f3-93b5-6fb1848d186a/sm/snapshot.2_16 time:19
2019-07-29 15:13:28,927 INFO  impl.StateMachineUpdater (StateMachineUpdater.java:takeSnapshot(242)) - StateMachineUpdater:78bd14f6-8012-4f9d-b5f4-35e188091916:group-6FB1848D186A: Took a snapshot at index 16
2019-07-29 15:13:28,927 INFO  impl.StateMachineUpdater (StateMachineUpdater.java:lambda$new$0(80)) - StateMachineUpdater:78bd14f6-8012-4f9d-b5f4-35e188091916:group-6FB1848D186A: snapshotIndex: updateIncreasingly -1 -> 16
2019-07-29 15:13:28,928 INFO  impl.RaftServerImpl (ServerState.java:close(394)) - 78bd14f6-8012-4f9d-b5f4-35e188091916:group-6FB1848D186A closes. The last applied log index is 16
2019-07-29 15:13:28,928 INFO  segmented.SegmentedRaftLogWorker (SegmentedRaftLogWorker.java:run(313)) - 78bd14f6-8012-4f9d-b5f4-35e188091916-SegmentedRaftLogWorker:Storage Directory /workdir/hadoop-ozone/integration-test/target/test-dir/MiniOzoneClusterImpl-d73583e1-fe53-4975-a2cf-a60db5c49538/datanode-5/data/ratis/a86680ec-2824-43f3-93b5-6fb1848d186a was interrupted, exiting. There are 0 tasks remaining in the queue.
2019-07-29 15:13:28,928 INFO  segmented.SegmentedRaftLogWorker (SegmentedRaftLogWorker.java:close(228)) - 78bd14f6-8012-4f9d-b5f4-35e188091916-SegmentedRaftLogWorker:Storage Directory /workdir/hadoop-ozone/integration-test/target/test-dir/MiniOzoneClusterImpl-d73583e1-fe53-4975-a2cf-a60db5c49538/datanode-5/data/ratis/a86680ec-2824-43f3-93b5-6fb1848d186a close()
2019-07-29 15:13:28,930 INFO  server.GrpcService (GrpcService.java:closeImpl(155)) - 78bd14f6-8012-4f9d-b5f4-35e188091916: shutdown server with port 41572 now
2019-07-29 15:13:28,931 INFO  server.GrpcService (GrpcService.java:closeImpl(163)) - 78bd14f6-8012-4f9d-b5f4-35e188091916: shutdown server with port 41572 successfully
2019-07-29 15:13:28,932 INFO  utils.BackgroundService (BackgroundService.java:shutdown(148)) - Shutting down service BlockDeletingService
2019-07-29 15:13:28,935 WARN  fs.CachingGetSpaceUsed (CachingGetSpaceUsed.java:run(183)) - Thread Interrupted waiting to refresh disk information: sleep interrupted
2019-07-29 15:13:28,953 INFO  statemachine.DatanodeStateMachine (DatanodeStateMachine.java:stopDaemon(395)) - Ozone container server stopped.
2019-07-29 15:13:28,965 INFO  handler.ContextHandler (ContextHandler.java:doStop(910)) - Stopped o.e.j.w.WebAppContext@256589a1{/,null,UNAVAILABLE}{/hddsDatanode}
2019-07-29 15:13:28,966 INFO  server.AbstractConnector (AbstractConnector.java:doStop(318)) - Stopped ServerConnector@935493d{HTTP/1.1,[http/1.1]}{0.0.0.0:0}
2019-07-29 15:13:28,967 INFO  handler.ContextHandler (ContextHandler.java:doStop(910)) - Stopped o.e.j.s.ServletContextHandler@1de13f34{/static,jar:file:/home/user/.m2/repository/org/apache/hadoop/hadoop-hdds-container-service/0.4.1-SNAPSHOT/hadoop-hdds-container-service-0.4.1-SNAPSHOT.jar!/webapps/static,UNAVAILABLE}
2019-07-29 15:13:28,968 INFO  handler.ContextHandler (ContextHandler.java:doStop(910)) - Stopped o.e.j.s.ServletContextHandler@3f048c86{/logs,file:///workdir/hadoop-ozone/integration-test/target/log,UNAVAILABLE}
2019-07-29 15:13:28,970 INFO  ozone.MiniOzoneClusterImpl (MiniOzoneClusterImpl.java:stop(353)) - Stopping the StorageContainerManager
2019-07-29 15:13:28,970 INFO  server.StorageContainerManager (StorageContainerManager.java:stop(796)) - Stopping Replication Manager Service.
2019-07-29 15:13:28,970 INFO  container.ReplicationManager (ReplicationManager.java:stop(187)) - Stopping Replication Monitor Thread.
2019-07-29 15:13:28,970 INFO  server.StorageContainerManager (StorageContainerManager.java:stop(803)) - Stopping Lease Manager of the command watchers
2019-07-29 15:13:28,971 INFO  server.StorageContainerManager (StorageContainerManager.java:stop(810)) - Stopping datanode service RPC server
2019-07-29 15:13:28,971 INFO  server.SCMDatanodeProtocolServer (SCMDatanodeProtocolServer.java:stop(367)) - Stopping the RPC server for DataNodes
2019-07-29 15:13:28,971 INFO  ipc.Server (Server.java:stop(3082)) - Stopping server on 38830
2019-07-29 15:13:28,973 INFO  ipc.Server (Server.java:run(1185)) - Stopping IPC Server listener on 38830
2019-07-29 15:13:28,975 INFO  ipc.Server (Server.java:run(1319)) - Stopping IPC Server Responder
2019-07-29 15:13:29,041 WARN  node.NodeStateManager (NodeStateManager.java:scheduleNextHealthCheck(631)) - Current Thread is interrupted, shutting down HB processing thread for Node Manager.
2019-07-29 15:13:29,042 INFO  server.StorageContainerManager (StorageContainerManager.java:stop(818)) - Stopping block service RPC server
2019-07-29 15:13:29,042 INFO  server.SCMBlockProtocolServer (SCMBlockProtocolServer.java:stop(148)) - Stopping the RPC server for Block Protocol
2019-07-29 15:13:29,042 INFO  ipc.Server (Server.java:stop(3082)) - Stopping server on 42967
2019-07-29 15:13:29,045 INFO  ipc.Server (Server.java:run(1185)) - Stopping IPC Server listener on 42967
2019-07-29 15:13:29,045 INFO  server.StorageContainerManager (StorageContainerManager.java:stop(825)) - Stopping the StorageContainerLocationProtocol RPC server
2019-07-29 15:13:29,045 INFO  ipc.Server (Server.java:run(1319)) - Stopping IPC Server Responder
2019-07-29 15:13:29,045 INFO  server.SCMClientProtocolServer (SCMClientProtocolServer.java:stop(159)) - Stopping the RPC server for Client Protocol
2019-07-29 15:13:29,046 INFO  ipc.Server (Server.java:stop(3082)) - Stopping server on 35324
2019-07-29 15:13:29,048 INFO  ipc.Server (Server.java:run(1185)) - Stopping IPC Server listener on 35324
2019-07-29 15:13:29,048 INFO  server.StorageContainerManager (StorageContainerManager.java:stop(832)) - Stopping Storage Container Manager HTTP server.
2019-07-29 15:13:29,049 INFO  ipc.Server (Server.java:run(1319)) - Stopping IPC Server Responder
2019-07-29 15:13:29,049 INFO  handler.ContextHandler (ContextHandler.java:doStop(910)) - Stopped o.e.j.w.WebAppContext@15a902e7{/,null,UNAVAILABLE}{/scm}
2019-07-29 15:13:29,051 INFO  server.AbstractConnector (AbstractConnector.java:doStop(318)) - Stopped ServerConnector@2416a51{HTTP/1.1,[http/1.1]}{0.0.0.0:0}
2019-07-29 15:13:29,051 INFO  handler.ContextHandler (ContextHandler.java:doStop(910)) - Stopped o.e.j.s.ServletContextHandler@79d94571{/static,file:///workdir/hadoop-ozone/integration-test/target/test-classes/webapps/static,UNAVAILABLE}
2019-07-29 15:13:29,052 INFO  handler.ContextHandler (ContextHandler.java:doStop(910)) - Stopped o.e.j.s.ServletContextHandler@76012793{/logs,file:///workdir/hadoop-ozone/integration-test/target/log,UNAVAILABLE}
2019-07-29 15:13:29,054 INFO  server.StorageContainerManager (StorageContainerManager.java:stop(843)) - Stopping Block Manager Service.
2019-07-29 15:13:29,054 INFO  utils.BackgroundService (BackgroundService.java:shutdown(148)) - Shutting down service SCMBlockDeletingService
2019-07-29 15:13:29,054 INFO  utils.BackgroundService (BackgroundService.java:shutdown(148)) - Shutting down service SCMBlockDeletingService
2019-07-29 15:13:29,055 INFO  server.StorageContainerManager (StorageContainerManager.java:stop(865)) - Stopping SCM Event Queue.
2019-07-29 15:13:29,063 INFO  impl.MetricsSystemImpl (MetricsSystemImpl.java:stop(210)) - Stopping XceiverClientMetrics metrics system...
2019-07-29 15:13:29,071 INFO  impl.MetricsSystemImpl (MetricsSystemImpl.java:stop(216)) - XceiverClientMetrics metrics system stopped.
]]></system-out>
    <system-err><![CDATA[ERROR StatusLogger No Log4j 2 configuration file found. Using default configuration (logging only errors to the console), or user programmatically provided configurations. Set system property 'log4j2.debug' to show Log4j 2 internal initialization logging. See https://logging.apache.org/log4j/2.x/manual/configuration.html for instructions on how to configure Log4j 2
Jul 29, 2019 3:12:47 PM com.sun.jersey.server.impl.application.WebApplicationImpl _initiate
INFO: Initiating Jersey application, version 'Jersey: 1.19 02/11/2015 03:25 AM'
Jul 29, 2019 3:12:48 PM com.sun.jersey.server.impl.application.WebApplicationImpl _initiate
INFO: Initiating Jersey application, version 'Jersey: 1.19 02/11/2015 03:25 AM'
Jul 29, 2019 3:12:48 PM com.sun.jersey.server.impl.application.WebApplicationImpl _initiate
INFO: Initiating Jersey application, version 'Jersey: 1.19 02/11/2015 03:25 AM'
Jul 29, 2019 3:12:48 PM com.sun.jersey.server.impl.application.WebApplicationImpl _initiate
INFO: Initiating Jersey application, version 'Jersey: 1.19 02/11/2015 03:25 AM'
Jul 29, 2019 3:12:49 PM com.sun.jersey.server.impl.application.WebApplicationImpl _initiate
INFO: Initiating Jersey application, version 'Jersey: 1.19 02/11/2015 03:25 AM'
Jul 29, 2019 3:12:49 PM com.sun.jersey.server.impl.application.WebApplicationImpl _initiate
INFO: Initiating Jersey application, version 'Jersey: 1.19 02/11/2015 03:25 AM'
Jul 29, 2019 3:12:49 PM com.sun.jersey.server.impl.application.WebApplicationImpl _initiate
INFO: Initiating Jersey application, version 'Jersey: 1.19 02/11/2015 03:25 AM'
]]></system-err>
  </testcase>
  <testcase name="testDatanodeFailureWithPreAllocation" classname="org.apache.hadoop.ozone.client.rpc.TestBlockOutputStreamWithFailures" time="225.382"/>
  <testcase name="testDatanodeFailureWithSingleNodeRatis" classname="org.apache.hadoop.ozone.client.rpc.TestBlockOutputStreamWithFailures" time="226.816"/>
  <testcase name="testWatchForCommitWithSingleNodeRatis" classname="org.apache.hadoop.ozone.client.rpc.TestBlockOutputStreamWithFailures" time="34.2"/>
  <testcase name="testWatchForCommitDatanodeFailure" classname="org.apache.hadoop.ozone.client.rpc.TestBlockOutputStreamWithFailures" time="43.175">
    <failure message="expected:&lt;2&gt; but was:&lt;3&gt;" type="java.lang.AssertionError"><![CDATA[java.lang.AssertionError: expected:<2> but was:<3>
	at org.junit.Assert.fail(Assert.java:88)
	at org.junit.Assert.failNotEquals(Assert.java:743)
	at org.junit.Assert.assertEquals(Assert.java:118)
	at org.junit.Assert.assertEquals(Assert.java:555)
	at org.junit.Assert.assertEquals(Assert.java:542)
	at org.apache.hadoop.ozone.client.rpc.TestBlockOutputStreamWithFailures.testWatchForCommitDatanodeFailure(TestBlockOutputStreamWithFailures.java:366)
	at sun.reflect.NativeMethodAccessorImpl.invoke0(Native Method)
	at sun.reflect.NativeMethodAccessorImpl.invoke(NativeMethodAccessorImpl.java:62)
	at sun.reflect.DelegatingMethodAccessorImpl.invoke(DelegatingMethodAccessorImpl.java:43)
	at java.lang.reflect.Method.invoke(Method.java:498)
	at org.junit.runners.model.FrameworkMethod$1.runReflectiveCall(FrameworkMethod.java:47)
	at org.junit.internal.runners.model.ReflectiveCallable.run(ReflectiveCallable.java:12)
	at org.junit.runners.model.FrameworkMethod.invokeExplosively(FrameworkMethod.java:44)
	at org.junit.internal.runners.statements.InvokeMethod.evaluate(InvokeMethod.java:17)
	at org.junit.internal.runners.statements.RunBefores.evaluate(RunBefores.java:26)
	at org.junit.internal.runners.statements.RunAfters.evaluate(RunAfters.java:27)
	at org.junit.runners.ParentRunner.runLeaf(ParentRunner.java:271)
	at org.junit.runners.BlockJUnit4ClassRunner.runChild(BlockJUnit4ClassRunner.java:70)
	at org.junit.runners.BlockJUnit4ClassRunner.runChild(BlockJUnit4ClassRunner.java:50)
	at org.junit.runners.ParentRunner$3.run(ParentRunner.java:238)
	at org.junit.runners.ParentRunner$1.schedule(ParentRunner.java:63)
	at org.junit.runners.ParentRunner.runChildren(ParentRunner.java:236)
	at org.junit.runners.ParentRunner.access$000(ParentRunner.java:53)
	at org.junit.runners.ParentRunner$2.evaluate(ParentRunner.java:229)
	at org.junit.runners.ParentRunner.run(ParentRunner.java:309)
	at org.apache.maven.surefire.junit4.JUnit4Provider.execute(JUnit4Provider.java:365)
	at org.apache.maven.surefire.junit4.JUnit4Provider.executeWithRerun(JUnit4Provider.java:273)
	at org.apache.maven.surefire.junit4.JUnit4Provider.executeTestSet(JUnit4Provider.java:238)
	at org.apache.maven.surefire.junit4.JUnit4Provider.invoke(JUnit4Provider.java:159)
	at org.apache.maven.surefire.booter.ForkedBooter.invokeProviderInSameClassLoader(ForkedBooter.java:384)
	at org.apache.maven.surefire.booter.ForkedBooter.runSuitesInProcess(ForkedBooter.java:345)
	at org.apache.maven.surefire.booter.ForkedBooter.execute(ForkedBooter.java:126)
	at org.apache.maven.surefire.booter.ForkedBooter.main(ForkedBooter.java:418)
]]></failure>
    <system-out><![CDATA[2019-07-29 15:21:35,549 WARN  server.ServerUtils (ServerUtils.java:getScmDbDir(145)) - ozone.scm.db.dirs is not configured. We recommend adding this setting. Falling back to ozone.metadata.dirs instead.
2019-07-29 15:21:35,563 WARN  server.ServerUtils (ServerUtils.java:getScmDbDir(145)) - ozone.scm.db.dirs is not configured. We recommend adding this setting. Falling back to ozone.metadata.dirs instead.
2019-07-29 15:21:35,564 WARN  server.ServerUtils (ServerUtils.java:getScmDbDir(145)) - ozone.scm.db.dirs is not configured. We recommend adding this setting. Falling back to ozone.metadata.dirs instead.
2019-07-29 15:21:35,565 INFO  db.DBStoreBuilder (DBStoreBuilder.java:addTable(110)) - using custom profile for table: deletedBlocks
2019-07-29 15:21:35,565 INFO  db.DBStoreBuilder (DBStoreBuilder.java:processTables(161)) - Using default column profile:DBProfile.DISK for Table:deletedBlocks
2019-07-29 15:21:35,565 INFO  db.DBStoreBuilder (DBStoreBuilder.java:addTable(110)) - using custom profile for table: validCerts
2019-07-29 15:21:35,565 INFO  db.DBStoreBuilder (DBStoreBuilder.java:processTables(161)) - Using default column profile:DBProfile.DISK for Table:validCerts
2019-07-29 15:21:35,566 INFO  db.DBStoreBuilder (DBStoreBuilder.java:addTable(110)) - using custom profile for table: revokedCerts
2019-07-29 15:21:35,566 INFO  db.DBStoreBuilder (DBStoreBuilder.java:processTables(161)) - Using default column profile:DBProfile.DISK for Table:revokedCerts
2019-07-29 15:21:35,566 INFO  db.DBStoreBuilder (DBStoreBuilder.java:addTable(110)) - using custom profile for table: default
2019-07-29 15:21:35,566 INFO  db.DBStoreBuilder (DBStoreBuilder.java:processTables(167)) - Using default column profile:DBProfile.DISK for Table:default
2019-07-29 15:21:35,567 INFO  db.DBStoreBuilder (DBStoreBuilder.java:getDbProfile(198)) - Using default options. DBProfile.DISK
2019-07-29 15:21:35,705 INFO  net.NodeSchemaLoader (NodeSchemaLoader.java:loadSchemaFromFile(125)) - Loading file from sun.misc.CompoundEnumeration@39eea4f6
2019-07-29 15:21:35,705 INFO  net.NodeSchemaLoader (NodeSchemaLoader.java:loadSchema(171)) - Loading network topology layer schema file
2019-07-29 15:21:35,710 INFO  node.SCMNodeManager (SCMNodeManager.java:<init>(121)) - Entering startup safe mode.
2019-07-29 15:21:35,711 WARN  server.ServerUtils (ServerUtils.java:getScmDbDir(145)) - ozone.scm.db.dirs is not configured. We recommend adding this setting. Falling back to ozone.metadata.dirs instead.
2019-07-29 15:21:35,759 INFO  pipeline.SCMPipelineManager (SCMPipelineManager.java:initializePipelineState(126)) - No pipeline exists in current db
2019-07-29 15:21:35,759 WARN  server.ServerUtils (ServerUtils.java:getScmDbDir(145)) - ozone.scm.db.dirs is not configured. We recommend adding this setting. Falling back to ozone.metadata.dirs instead.
2019-07-29 15:21:35,809 WARN  events.EventQueue (EventQueue.java:fireEvent(175)) - No event handler registered for event TypedEvent{payloadType=SafeModeStatus, name='SafeModeStatus'}
2019-07-29 15:21:35,810 INFO  ipc.CallQueueManager (CallQueueManager.java:<init>(84)) - Using callQueue: class java.util.concurrent.LinkedBlockingQueue, queueCapacity: 2000, scheduler: class org.apache.hadoop.ipc.DefaultRpcScheduler, ipcBackoff: false.
2019-07-29 15:21:35,811 INFO  ipc.Server (Server.java:run(1074)) - Starting Socket Reader #1 for port 35566
2019-07-29 15:21:35,813 INFO  ipc.CallQueueManager (CallQueueManager.java:<init>(84)) - Using callQueue: class java.util.concurrent.LinkedBlockingQueue, queueCapacity: 2000, scheduler: class org.apache.hadoop.ipc.DefaultRpcScheduler, ipcBackoff: false.
2019-07-29 15:21:35,814 INFO  ipc.Server (Server.java:run(1074)) - Starting Socket Reader #1 for port 42170
2019-07-29 15:21:35,815 INFO  ipc.CallQueueManager (CallQueueManager.java:<init>(84)) - Using callQueue: class java.util.concurrent.LinkedBlockingQueue, queueCapacity: 2000, scheduler: class org.apache.hadoop.ipc.DefaultRpcScheduler, ipcBackoff: false.
2019-07-29 15:21:35,816 INFO  ipc.Server (Server.java:run(1074)) - Starting Socket Reader #1 for port 41386
2019-07-29 15:21:35,820 INFO  hdfs.DFSUtil (DFSUtil.java:httpServerTemplateForNNAndJN(1641)) - Starting Web-server for scm at: http://0.0.0.0:0
2019-07-29 15:21:35,822 INFO  server.AuthenticationFilter (AuthenticationFilter.java:constructSecretProvider(240)) - Unable to initialize FileSignerSecretProvider, falling back to use random secrets.
2019-07-29 15:21:35,823 WARN  http.HttpRequestLog (HttpRequestLog.java:getRequestLog(97)) - Jetty request log can only be enabled using Log4j
2019-07-29 15:21:35,825 INFO  http.HttpServer2 (HttpServer2.java:addGlobalFilter(975)) - Added global filter 'safety' (class=org.apache.hadoop.http.HttpServer2$QuotingInputFilter)
2019-07-29 15:21:35,826 INFO  http.HttpServer2 (HttpServer2.java:addFilter(948)) - Added filter static_user_filter (class=org.apache.hadoop.http.lib.StaticUserWebFilter$StaticUserFilter) to context scm
2019-07-29 15:21:35,826 INFO  http.HttpServer2 (HttpServer2.java:addFilter(958)) - Added filter static_user_filter (class=org.apache.hadoop.http.lib.StaticUserWebFilter$StaticUserFilter) to context static
2019-07-29 15:21:35,826 INFO  http.HttpServer2 (HttpServer2.java:addFilter(958)) - Added filter static_user_filter (class=org.apache.hadoop.http.lib.StaticUserWebFilter$StaticUserFilter) to context logs
2019-07-29 15:21:35,829 INFO  server.StorageContainerManager (StorageContainerManager.java:start(758)) - StorageContainerLocationProtocol RPC server is listening at /0.0.0.0:41386
2019-07-29 15:21:35,831 WARN  impl.MetricsConfig (MetricsConfig.java:loadFirst(134)) - Cannot locate configuration: tried hadoop-metrics2-storagecontainermanager.properties,hadoop-metrics2.properties
2019-07-29 15:21:35,832 INFO  impl.MetricsSystemImpl (MetricsSystemImpl.java:startTimer(374)) - Scheduled Metric snapshot period at 10 second(s).
2019-07-29 15:21:35,833 INFO  impl.MetricsSystemImpl (MetricsSystemImpl.java:start(191)) - StorageContainerManager metrics system started
2019-07-29 15:21:35,896 INFO  server.SCMClientProtocolServer (SCMClientProtocolServer.java:start(151)) - RPC server for Client  is listening at /0.0.0.0:41386
2019-07-29 15:21:35,896 INFO  ipc.Server (Server.java:run(1314)) - IPC Server Responder: starting
2019-07-29 15:21:35,896 INFO  ipc.Server (Server.java:run(1153)) - IPC Server listener on 41386: starting
2019-07-29 15:21:35,900 INFO  server.StorageContainerManager (StorageContainerManager.java:start(768)) - ScmBlockLocationProtocol RPC server is listening at /0.0.0.0:42170
2019-07-29 15:21:35,900 INFO  server.SCMBlockProtocolServer (SCMBlockProtocolServer.java:start(140)) - RPC server for Block Protocol is listening at /0.0.0.0:42170
2019-07-29 15:21:35,900 INFO  ipc.Server (Server.java:run(1314)) - IPC Server Responder: starting
2019-07-29 15:21:35,900 INFO  ipc.Server (Server.java:run(1153)) - IPC Server listener on 42170: starting
2019-07-29 15:21:35,904 INFO  server.StorageContainerManager (StorageContainerManager.java:start(772)) - ScmDatanodeProtocl RPC server is listening at /0.0.0.0:35566
2019-07-29 15:21:35,904 INFO  server.SCMDatanodeProtocolServer (SCMDatanodeProtocolServer.java:start(191)) - RPC server for DataNodes is listening at /0.0.0.0:35566
2019-07-29 15:21:35,904 INFO  ipc.Server (Server.java:run(1314)) - IPC Server Responder: starting
2019-07-29 15:21:35,905 INFO  ipc.Server (Server.java:run(1153)) - IPC Server listener on 35566: starting
2019-07-29 15:21:35,908 INFO  http.HttpServer2 (HttpServer2.java:bindListener(1191)) - Jetty bound to port 42553
2019-07-29 15:21:35,908 INFO  server.Server (Server.java:doStart(351)) - jetty-9.3.24.v20180605, build timestamp: 2018-06-05T17:11:56Z, git hash: 84205aa28f11a4f31f2a3b86d1bba2cc8ab69827
2019-07-29 15:21:35,910 INFO  handler.ContextHandler (ContextHandler.java:doStart(781)) - Started o.e.j.s.ServletContextHandler@18f1a81a{/logs,file:///workdir/hadoop-ozone/integration-test/target/log,AVAILABLE}
2019-07-29 15:21:35,910 INFO  handler.ContextHandler (ContextHandler.java:doStart(781)) - Started o.e.j.s.ServletContextHandler@304933cb{/static,file:///workdir/hadoop-ozone/integration-test/target/test-classes/webapps/static,AVAILABLE}
2019-07-29 15:21:35,914 INFO  handler.ContextHandler (ContextHandler.java:doStart(781)) - Started o.e.j.w.WebAppContext@72ea5674{/,file:///workdir/hadoop-ozone/integration-test/target/test-classes/webapps/scm/,AVAILABLE}{/scm}
2019-07-29 15:21:35,914 INFO  server.AbstractConnector (AbstractConnector.java:doStart(278)) - Started ServerConnector@7ecd6861{HTTP/1.1,[http/1.1]}{0.0.0.0:42553}
2019-07-29 15:21:35,914 INFO  server.Server (Server.java:doStart(419)) - Started @533813ms
2019-07-29 15:21:35,916 INFO  server.BaseHttpServer (BaseHttpServer.java:updateConnectorAddress(207)) - HTTP server of SCM is listening at http://0.0.0.0:42553
2019-07-29 15:21:35,916 WARN  server.ServerUtils (ServerUtils.java:getDBPath(222)) - ozone.om.db.dirs is not configured. We recommend adding this setting. Falling back to ozone.metadata.dirs instead.
2019-07-29 15:21:35,917 INFO  util.JvmPauseMonitor (JvmPauseMonitor.java:run(188)) - Starting JVM pause monitor
2019-07-29 15:21:35,931 WARN  server.ServerUtils (ServerUtils.java:getDBPath(222)) - ozone.om.db.dirs is not configured. We recommend adding this setting. Falling back to ozone.metadata.dirs instead.
2019-07-29 15:21:35,931 WARN  server.ServerUtils (ServerUtils.java:getDBPath(222)) - ozone.om.db.dirs is not configured. We recommend adding this setting. Falling back to ozone.metadata.dirs instead.
2019-07-29 15:21:35,932 INFO  om.OzoneManager (OzoneManager.java:setOMNodeDetails(644)) - OM Service ID is not set. Setting it to the default ID: omServiceIdDefault
2019-07-29 15:21:35,932 INFO  om.OzoneManager (OzoneManager.java:setOMNodeDetails(650)) - OM Node ID is not set. Setting it to the OmStorage's OmID: 56b547ef-32d5-43a5-89fb-045a587931a2
2019-07-29 15:21:35,932 INFO  om.OzoneManager (OzoneManager.java:loadOMHAConfigs(601)) - Found matching OM address with OMServiceId: null, OMNodeId: null, RPC Address: localhost:0 and Ratis port: 9872
2019-07-29 15:21:35,937 WARN  server.ServerUtils (ServerUtils.java:getDBPath(222)) - ozone.om.db.dirs is not configured. We recommend adding this setting. Falling back to ozone.metadata.dirs instead.
2019-07-29 15:21:35,938 INFO  db.DBStoreBuilder (DBStoreBuilder.java:addTable(110)) - using custom profile for table: userTable
2019-07-29 15:21:35,938 INFO  db.DBStoreBuilder (DBStoreBuilder.java:processTables(161)) - Using default column profile:DBProfile.DISK for Table:userTable
2019-07-29 15:21:35,938 INFO  db.DBStoreBuilder (DBStoreBuilder.java:addTable(110)) - using custom profile for table: volumeTable
2019-07-29 15:21:35,939 INFO  db.DBStoreBuilder (DBStoreBuilder.java:processTables(161)) - Using default column profile:DBProfile.DISK for Table:volumeTable
2019-07-29 15:21:35,939 INFO  db.DBStoreBuilder (DBStoreBuilder.java:addTable(110)) - using custom profile for table: bucketTable
2019-07-29 15:21:35,939 INFO  db.DBStoreBuilder (DBStoreBuilder.java:processTables(161)) - Using default column profile:DBProfile.DISK for Table:bucketTable
2019-07-29 15:21:35,939 INFO  db.DBStoreBuilder (DBStoreBuilder.java:addTable(110)) - using custom profile for table: keyTable
2019-07-29 15:21:35,940 INFO  db.DBStoreBuilder (DBStoreBuilder.java:processTables(161)) - Using default column profile:DBProfile.DISK for Table:keyTable
2019-07-29 15:21:35,940 INFO  db.DBStoreBuilder (DBStoreBuilder.java:addTable(110)) - using custom profile for table: deletedTable
2019-07-29 15:21:35,940 INFO  db.DBStoreBuilder (DBStoreBuilder.java:processTables(161)) - Using default column profile:DBProfile.DISK for Table:deletedTable
2019-07-29 15:21:35,940 INFO  db.DBStoreBuilder (DBStoreBuilder.java:addTable(110)) - using custom profile for table: openKeyTable
2019-07-29 15:21:35,940 INFO  db.DBStoreBuilder (DBStoreBuilder.java:processTables(161)) - Using default column profile:DBProfile.DISK for Table:openKeyTable
2019-07-29 15:21:35,941 INFO  db.DBStoreBuilder (DBStoreBuilder.java:addTable(110)) - using custom profile for table: s3Table
2019-07-29 15:21:35,941 INFO  db.DBStoreBuilder (DBStoreBuilder.java:processTables(161)) - Using default column profile:DBProfile.DISK for Table:s3Table
2019-07-29 15:21:35,941 INFO  db.DBStoreBuilder (DBStoreBuilder.java:addTable(110)) - using custom profile for table: multipartInfoTable
2019-07-29 15:21:35,941 INFO  db.DBStoreBuilder (DBStoreBuilder.java:processTables(161)) - Using default column profile:DBProfile.DISK for Table:multipartInfoTable
2019-07-29 15:21:35,942 INFO  db.DBStoreBuilder (DBStoreBuilder.java:addTable(110)) - using custom profile for table: dTokenTable
2019-07-29 15:21:35,942 INFO  db.DBStoreBuilder (DBStoreBuilder.java:processTables(161)) - Using default column profile:DBProfile.DISK for Table:dTokenTable
2019-07-29 15:21:35,942 INFO  db.DBStoreBuilder (DBStoreBuilder.java:addTable(110)) - using custom profile for table: s3SecretTable
2019-07-29 15:21:35,942 INFO  db.DBStoreBuilder (DBStoreBuilder.java:processTables(161)) - Using default column profile:DBProfile.DISK for Table:s3SecretTable
2019-07-29 15:21:35,942 INFO  db.DBStoreBuilder (DBStoreBuilder.java:addTable(110)) - using custom profile for table: prefixTable
2019-07-29 15:21:35,943 INFO  db.DBStoreBuilder (DBStoreBuilder.java:processTables(161)) - Using default column profile:DBProfile.DISK for Table:prefixTable
2019-07-29 15:21:35,943 INFO  db.DBStoreBuilder (DBStoreBuilder.java:addTable(110)) - using custom profile for table: default
2019-07-29 15:21:35,943 INFO  db.DBStoreBuilder (DBStoreBuilder.java:processTables(167)) - Using default column profile:DBProfile.DISK for Table:default
2019-07-29 15:21:35,943 INFO  db.DBStoreBuilder (DBStoreBuilder.java:getDbProfile(198)) - Using default options. DBProfile.DISK
2019-07-29 15:21:36,475 INFO  ipc.CallQueueManager (CallQueueManager.java:<init>(84)) - Using callQueue: class java.util.concurrent.LinkedBlockingQueue, queueCapacity: 2000, scheduler: class org.apache.hadoop.ipc.DefaultRpcScheduler, ipcBackoff: false.
2019-07-29 15:21:36,476 INFO  ipc.Server (Server.java:run(1074)) - Starting Socket Reader #1 for port 33355
2019-07-29 15:21:36,492 INFO  om.OzoneManager (OzoneManager.java:start(1255)) - OzoneManager RPC server is listening at localhost/127.0.0.1:33355
2019-07-29 15:21:36,492 INFO  impl.MetricsSystemImpl (MetricsSystemImpl.java:init(158)) - OzoneManager metrics system started (again)
2019-07-29 15:21:36,493 INFO  ipc.Server (Server.java:run(1153)) - IPC Server listener on 33355: starting
2019-07-29 15:21:36,493 INFO  ipc.Server (Server.java:run(1314)) - IPC Server Responder: starting
2019-07-29 15:21:36,500 INFO  hdfs.DFSUtil (DFSUtil.java:httpServerTemplateForNNAndJN(1641)) - Starting Web-server for ozoneManager at: http://0.0.0.0:0
2019-07-29 15:21:36,502 INFO  server.AuthenticationFilter (AuthenticationFilter.java:constructSecretProvider(240)) - Unable to initialize FileSignerSecretProvider, falling back to use random secrets.
2019-07-29 15:21:36,503 WARN  http.HttpRequestLog (HttpRequestLog.java:getRequestLog(97)) - Jetty request log can only be enabled using Log4j
2019-07-29 15:21:36,505 INFO  http.HttpServer2 (HttpServer2.java:addGlobalFilter(975)) - Added global filter 'safety' (class=org.apache.hadoop.http.HttpServer2$QuotingInputFilter)
2019-07-29 15:21:36,505 INFO  http.HttpServer2 (HttpServer2.java:addFilter(948)) - Added filter static_user_filter (class=org.apache.hadoop.http.lib.StaticUserWebFilter$StaticUserFilter) to context ozoneManager
2019-07-29 15:21:36,505 INFO  http.HttpServer2 (HttpServer2.java:addFilter(958)) - Added filter static_user_filter (class=org.apache.hadoop.http.lib.StaticUserWebFilter$StaticUserFilter) to context logs
2019-07-29 15:21:36,506 INFO  http.HttpServer2 (HttpServer2.java:addFilter(958)) - Added filter static_user_filter (class=org.apache.hadoop.http.lib.StaticUserWebFilter$StaticUserFilter) to context static
2019-07-29 15:21:36,506 INFO  http.HttpServer2 (HttpServer2.java:bindListener(1191)) - Jetty bound to port 45831
2019-07-29 15:21:36,507 INFO  server.Server (Server.java:doStart(351)) - jetty-9.3.24.v20180605, build timestamp: 2018-06-05T17:11:56Z, git hash: 84205aa28f11a4f31f2a3b86d1bba2cc8ab69827
2019-07-29 15:21:36,509 INFO  handler.ContextHandler (ContextHandler.java:doStart(781)) - Started o.e.j.s.ServletContextHandler@6b6c882c{/logs,file:///workdir/hadoop-ozone/integration-test/target/log,AVAILABLE}
2019-07-29 15:21:36,510 INFO  handler.ContextHandler (ContextHandler.java:doStart(781)) - Started o.e.j.s.ServletContextHandler@8d5b303{/static,file:///workdir/hadoop-ozone/integration-test/target/test-classes/webapps/static,AVAILABLE}
2019-07-29 15:21:36,515 INFO  handler.ContextHandler (ContextHandler.java:doStart(781)) - Started o.e.j.w.WebAppContext@2e10f765{/,file:///workdir/hadoop-ozone/integration-test/target/test-classes/webapps/ozoneManager/,AVAILABLE}{/ozoneManager}
2019-07-29 15:21:36,515 INFO  server.AbstractConnector (AbstractConnector.java:doStart(278)) - Started ServerConnector@100d071{HTTP/1.1,[http/1.1]}{0.0.0.0:45831}
2019-07-29 15:21:36,516 INFO  server.Server (Server.java:doStart(419)) - Started @534415ms
2019-07-29 15:21:36,517 INFO  server.BaseHttpServer (BaseHttpServer.java:updateConnectorAddress(207)) - HTTP server of OZONEMANAGER is listening at http://0.0.0.0:45831
2019-07-29 15:21:36,534 INFO  impl.MetricsSystemImpl (MetricsSystemImpl.java:init(158)) - HddsDatanode metrics system started (again)
2019-07-29 15:21:36,537 INFO  ozone.HddsDatanodeService (HddsDatanodeService.java:start(184)) - HddsDatanodeService host:byscane-nightly-74r8j-760408800 ip:192.168.157.194
2019-07-29 15:21:36,550 INFO  volume.HddsVolume (HddsVolume.java:<init>(176)) - Creating Volume: /workdir/hadoop-ozone/integration-test/target/test-dir/MiniOzoneClusterImpl-392193b7-5f74-4576-b673-8ecf0040bfb3/datanode-0/data/containers/hdds of  storage type : DISK and capacity : 52710309888
2019-07-29 15:21:36,550 INFO  volume.VolumeSet (VolumeSet.java:initializeVolumeSet(170)) - Added Volume : /workdir/hadoop-ozone/integration-test/target/test-dir/MiniOzoneClusterImpl-392193b7-5f74-4576-b673-8ecf0040bfb3/datanode-0/data/containers/hdds to VolumeSet
2019-07-29 15:21:36,550 INFO  volume.ThrottledAsyncChecker (ThrottledAsyncChecker.java:schedule(140)) - Scheduling a check for org.apache.hadoop.ozone.container.common.volume.HddsVolume@19c578bf
2019-07-29 15:21:36,552 INFO  volume.HddsVolumeChecker (HddsVolumeChecker.java:checkAllVolumes(203)) - Scheduled health check for volume org.apache.hadoop.ozone.container.common.volume.HddsVolume@19c578bf
2019-07-29 15:21:36,572 INFO  impl.RaftServerProxy (ConfUtils.java:logGet(43)) - raft.rpc.type = GRPC (default)
2019-07-29 15:21:36,573 INFO  grpc.GrpcFactory (GrpcFactory.java:checkPooledByteBufAllocatorUseCacheForAllThreads(45)) - PERFORMANCE WARNING: useCacheForAllThreads is true that may cause Netty to create a lot garbage objects and, as a result, trigger GC.
	It is recommended to disable useCacheForAllThreads by setting -Dorg.apache.ratis.thirdparty.io.netty.allocator.useCacheForAllThreads=false in command line.
2019-07-29 15:21:36,573 INFO  grpc.GrpcConfigKeys$Server (ConfUtils.java:logGet(43)) - raft.grpc.server.port = 0 (default)
2019-07-29 15:21:36,574 INFO  server.GrpcService (ConfUtils.java:logGet(43)) - raft.grpc.message.size.max = 33570816 (custom)
2019-07-29 15:21:36,574 INFO  server.RaftServerConfigKeys (ConfUtils.java:logGet(43)) - raft.server.log.appender.buffer.byte-limit = 33554432 (custom)
2019-07-29 15:21:36,575 INFO  server.GrpcService (ConfUtils.java:logGet(43)) - raft.grpc.flow.control.window = 1MB (=1048576) (default)
2019-07-29 15:21:36,575 INFO  server.RaftServerConfigKeys (ConfUtils.java:logGet(43)) - raft.server.rpc.request.timeout = 3000ms (default)
2019-07-29 15:21:36,576 INFO  server.RaftServerConfigKeys (ConfUtils.java:logGet(43)) - raft.server.storage.dir = [/workdir/hadoop-ozone/integration-test/target/test-dir/MiniOzoneClusterImpl-392193b7-5f74-4576-b673-8ecf0040bfb3/datanode-0/data/ratis] (custom)
2019-07-29 15:21:36,576 INFO  replication.SimpleContainerDownloader (SimpleContainerDownloader.java:<init>(72)) - Starting container downloader service to copy containers to replicate.
2019-07-29 15:21:36,578 INFO  hdfs.DFSUtil (DFSUtil.java:httpServerTemplateForNNAndJN(1641)) - Starting Web-server for hddsDatanode at: http://0.0.0.0:0
2019-07-29 15:21:36,579 INFO  server.AuthenticationFilter (AuthenticationFilter.java:constructSecretProvider(240)) - Unable to initialize FileSignerSecretProvider, falling back to use random secrets.
2019-07-29 15:21:36,580 WARN  http.HttpRequestLog (HttpRequestLog.java:getRequestLog(97)) - Jetty request log can only be enabled using Log4j
2019-07-29 15:21:36,582 INFO  http.HttpServer2 (HttpServer2.java:addGlobalFilter(975)) - Added global filter 'safety' (class=org.apache.hadoop.http.HttpServer2$QuotingInputFilter)
2019-07-29 15:21:36,582 INFO  http.HttpServer2 (HttpServer2.java:addFilter(948)) - Added filter static_user_filter (class=org.apache.hadoop.http.lib.StaticUserWebFilter$StaticUserFilter) to context hddsDatanode
2019-07-29 15:21:36,582 INFO  http.HttpServer2 (HttpServer2.java:addFilter(958)) - Added filter static_user_filter (class=org.apache.hadoop.http.lib.StaticUserWebFilter$StaticUserFilter) to context logs
2019-07-29 15:21:36,583 INFO  http.HttpServer2 (HttpServer2.java:addFilter(958)) - Added filter static_user_filter (class=org.apache.hadoop.http.lib.StaticUserWebFilter$StaticUserFilter) to context static
2019-07-29 15:21:36,583 INFO  http.HttpServer2 (HttpServer2.java:bindListener(1191)) - Jetty bound to port 35987
2019-07-29 15:21:36,584 INFO  server.Server (Server.java:doStart(351)) - jetty-9.3.24.v20180605, build timestamp: 2018-06-05T17:11:56Z, git hash: 84205aa28f11a4f31f2a3b86d1bba2cc8ab69827
2019-07-29 15:21:36,585 INFO  handler.ContextHandler (ContextHandler.java:doStart(781)) - Started o.e.j.s.ServletContextHandler@21d478f3{/logs,file:///workdir/hadoop-ozone/integration-test/target/log,AVAILABLE}
2019-07-29 15:21:36,586 INFO  handler.ContextHandler (ContextHandler.java:doStart(781)) - Started o.e.j.s.ServletContextHandler@19ea65f4{/static,jar:file:/home/user/.m2/repository/org/apache/hadoop/hadoop-hdds-container-service/0.4.1-SNAPSHOT/hadoop-hdds-container-service-0.4.1-SNAPSHOT.jar!/webapps/static,AVAILABLE}
2019-07-29 15:21:36,626 INFO  handler.ContextHandler (ContextHandler.java:doStart(781)) - Started o.e.j.w.WebAppContext@63f819a6{/,file:///tmp/jetty-0.0.0.0-35987-hddsDatanode-_-any-1078863178592948026.dir/webapp/,AVAILABLE}{/hddsDatanode}
2019-07-29 15:21:36,627 INFO  server.AbstractConnector (AbstractConnector.java:doStart(278)) - Started ServerConnector@44f5259a{HTTP/1.1,[http/1.1]}{0.0.0.0:35987}
2019-07-29 15:21:36,628 INFO  server.Server (Server.java:doStart(419)) - Started @534527ms
2019-07-29 15:21:36,629 INFO  server.BaseHttpServer (BaseHttpServer.java:updateConnectorAddress(207)) - HTTP server of HDDSDATANODE is listening at http://0.0.0.0:35987
2019-07-29 15:21:36,730 INFO  ozone.HddsDatanodeService (HddsDatanodeService.java:startPlugins(395)) - Started plug-in org.apache.hadoop.ozone.web.OzoneHddsDatanodeService@118d7e0e
2019-07-29 15:21:36,730 INFO  impl.MetricsSystemImpl (MetricsSystemImpl.java:init(158)) - HddsDatanode metrics system started (again)
2019-07-29 15:21:36,732 INFO  ozone.HddsDatanodeService (HddsDatanodeService.java:start(184)) - HddsDatanodeService host:byscane-nightly-74r8j-760408800 ip:192.168.157.194
2019-07-29 15:21:36,733 INFO  util.JvmPauseMonitor (JvmPauseMonitor.java:run(188)) - Starting JVM pause monitor
2019-07-29 15:21:36,735 INFO  datanode.InitDatanodeState (InitDatanodeState.java:persistContainerDatanodeDetails(140)) - DatanodeDetails is persisted to /workdir/hadoop-ozone/integration-test/target/test-dir/MiniOzoneClusterImpl-392193b7-5f74-4576-b673-8ecf0040bfb3/datanode-0/meta/datanode.id
2019-07-29 15:21:36,743 INFO  volume.HddsVolume (HddsVolume.java:<init>(176)) - Creating Volume: /workdir/hadoop-ozone/integration-test/target/test-dir/MiniOzoneClusterImpl-392193b7-5f74-4576-b673-8ecf0040bfb3/datanode-1/data/containers/hdds of  storage type : DISK and capacity : 52710309888
2019-07-29 15:21:36,743 INFO  volume.VolumeSet (VolumeSet.java:initializeVolumeSet(170)) - Added Volume : /workdir/hadoop-ozone/integration-test/target/test-dir/MiniOzoneClusterImpl-392193b7-5f74-4576-b673-8ecf0040bfb3/datanode-1/data/containers/hdds to VolumeSet
2019-07-29 15:21:36,743 INFO  volume.ThrottledAsyncChecker (ThrottledAsyncChecker.java:schedule(140)) - Scheduling a check for org.apache.hadoop.ozone.container.common.volume.HddsVolume@f28ee19
2019-07-29 15:21:36,744 INFO  volume.HddsVolumeChecker (HddsVolumeChecker.java:checkAllVolumes(203)) - Scheduled health check for volume org.apache.hadoop.ozone.container.common.volume.HddsVolume@f28ee19
2019-07-29 15:21:36,755 INFO  impl.RaftServerProxy (ConfUtils.java:logGet(43)) - raft.rpc.type = GRPC (default)
2019-07-29 15:21:36,756 INFO  grpc.GrpcFactory (GrpcFactory.java:checkPooledByteBufAllocatorUseCacheForAllThreads(45)) - PERFORMANCE WARNING: useCacheForAllThreads is true that may cause Netty to create a lot garbage objects and, as a result, trigger GC.
	It is recommended to disable useCacheForAllThreads by setting -Dorg.apache.ratis.thirdparty.io.netty.allocator.useCacheForAllThreads=false in command line.
2019-07-29 15:21:36,756 INFO  grpc.GrpcConfigKeys$Server (ConfUtils.java:logGet(43)) - raft.grpc.server.port = 0 (default)
2019-07-29 15:21:36,756 INFO  server.GrpcService (ConfUtils.java:logGet(43)) - raft.grpc.message.size.max = 33570816 (custom)
2019-07-29 15:21:36,757 INFO  server.RaftServerConfigKeys (ConfUtils.java:logGet(43)) - raft.server.log.appender.buffer.byte-limit = 33554432 (custom)
2019-07-29 15:21:36,757 INFO  server.GrpcService (ConfUtils.java:logGet(43)) - raft.grpc.flow.control.window = 1MB (=1048576) (default)
2019-07-29 15:21:36,757 INFO  server.RaftServerConfigKeys (ConfUtils.java:logGet(43)) - raft.server.rpc.request.timeout = 3000ms (default)
2019-07-29 15:21:36,758 INFO  server.RaftServerConfigKeys (ConfUtils.java:logGet(43)) - raft.server.storage.dir = [/workdir/hadoop-ozone/integration-test/target/test-dir/MiniOzoneClusterImpl-392193b7-5f74-4576-b673-8ecf0040bfb3/datanode-1/data/ratis] (custom)
2019-07-29 15:21:36,758 INFO  replication.SimpleContainerDownloader (SimpleContainerDownloader.java:<init>(72)) - Starting container downloader service to copy containers to replicate.
2019-07-29 15:21:36,760 INFO  hdfs.DFSUtil (DFSUtil.java:httpServerTemplateForNNAndJN(1641)) - Starting Web-server for hddsDatanode at: http://0.0.0.0:0
2019-07-29 15:21:36,761 INFO  server.AuthenticationFilter (AuthenticationFilter.java:constructSecretProvider(240)) - Unable to initialize FileSignerSecretProvider, falling back to use random secrets.
2019-07-29 15:21:36,761 WARN  http.HttpRequestLog (HttpRequestLog.java:getRequestLog(97)) - Jetty request log can only be enabled using Log4j
2019-07-29 15:21:36,762 INFO  http.HttpServer2 (HttpServer2.java:addGlobalFilter(975)) - Added global filter 'safety' (class=org.apache.hadoop.http.HttpServer2$QuotingInputFilter)
2019-07-29 15:21:36,763 INFO  http.HttpServer2 (HttpServer2.java:addFilter(948)) - Added filter static_user_filter (class=org.apache.hadoop.http.lib.StaticUserWebFilter$StaticUserFilter) to context hddsDatanode
2019-07-29 15:21:36,763 INFO  http.HttpServer2 (HttpServer2.java:addFilter(958)) - Added filter static_user_filter (class=org.apache.hadoop.http.lib.StaticUserWebFilter$StaticUserFilter) to context static
2019-07-29 15:21:36,763 INFO  http.HttpServer2 (HttpServer2.java:addFilter(958)) - Added filter static_user_filter (class=org.apache.hadoop.http.lib.StaticUserWebFilter$StaticUserFilter) to context logs
2019-07-29 15:21:36,763 INFO  http.HttpServer2 (HttpServer2.java:bindListener(1191)) - Jetty bound to port 37552
2019-07-29 15:21:36,764 INFO  server.Server (Server.java:doStart(351)) - jetty-9.3.24.v20180605, build timestamp: 2018-06-05T17:11:56Z, git hash: 84205aa28f11a4f31f2a3b86d1bba2cc8ab69827
2019-07-29 15:21:36,765 INFO  handler.ContextHandler (ContextHandler.java:doStart(781)) - Started o.e.j.s.ServletContextHandler@661d49d1{/logs,file:///workdir/hadoop-ozone/integration-test/target/log,AVAILABLE}
2019-07-29 15:21:36,766 INFO  handler.ContextHandler (ContextHandler.java:doStart(781)) - Started o.e.j.s.ServletContextHandler@27f43664{/static,jar:file:/home/user/.m2/repository/org/apache/hadoop/hadoop-hdds-container-service/0.4.1-SNAPSHOT/hadoop-hdds-container-service-0.4.1-SNAPSHOT.jar!/webapps/static,AVAILABLE}
2019-07-29 15:21:36,792 INFO  handler.ContextHandler (ContextHandler.java:doStart(781)) - Started o.e.j.w.WebAppContext@2ef5df8f{/,file:///tmp/jetty-0.0.0.0-37552-hddsDatanode-_-any-3115128501952013163.dir/webapp/,AVAILABLE}{/hddsDatanode}
2019-07-29 15:21:36,792 INFO  server.AbstractConnector (AbstractConnector.java:doStart(278)) - Started ServerConnector@708f238f{HTTP/1.1,[http/1.1]}{0.0.0.0:37552}
2019-07-29 15:21:36,792 INFO  server.Server (Server.java:doStart(419)) - Started @534692ms
2019-07-29 15:21:36,794 INFO  server.BaseHttpServer (BaseHttpServer.java:updateConnectorAddress(207)) - HTTP server of HDDSDATANODE is listening at http://0.0.0.0:37552
2019-07-29 15:21:36,900 INFO  ozone.HddsDatanodeService (HddsDatanodeService.java:startPlugins(395)) - Started plug-in org.apache.hadoop.ozone.web.OzoneHddsDatanodeService@722e1bff
2019-07-29 15:21:36,900 INFO  impl.MetricsSystemImpl (MetricsSystemImpl.java:init(158)) - HddsDatanode metrics system started (again)
2019-07-29 15:21:36,903 INFO  ozone.HddsDatanodeService (HddsDatanodeService.java:start(184)) - HddsDatanodeService host:byscane-nightly-74r8j-760408800 ip:192.168.157.194
2019-07-29 15:21:36,903 INFO  util.JvmPauseMonitor (JvmPauseMonitor.java:run(188)) - Starting JVM pause monitor
2019-07-29 15:21:36,904 INFO  datanode.InitDatanodeState (InitDatanodeState.java:persistContainerDatanodeDetails(140)) - DatanodeDetails is persisted to /workdir/hadoop-ozone/integration-test/target/test-dir/MiniOzoneClusterImpl-392193b7-5f74-4576-b673-8ecf0040bfb3/datanode-1/meta/datanode.id
2019-07-29 15:21:36,914 INFO  volume.HddsVolume (HddsVolume.java:<init>(176)) - Creating Volume: /workdir/hadoop-ozone/integration-test/target/test-dir/MiniOzoneClusterImpl-392193b7-5f74-4576-b673-8ecf0040bfb3/datanode-2/data/containers/hdds of  storage type : DISK and capacity : 52710309888
2019-07-29 15:21:36,915 INFO  volume.VolumeSet (VolumeSet.java:initializeVolumeSet(170)) - Added Volume : /workdir/hadoop-ozone/integration-test/target/test-dir/MiniOzoneClusterImpl-392193b7-5f74-4576-b673-8ecf0040bfb3/datanode-2/data/containers/hdds to VolumeSet
2019-07-29 15:21:36,915 INFO  volume.ThrottledAsyncChecker (ThrottledAsyncChecker.java:schedule(140)) - Scheduling a check for org.apache.hadoop.ozone.container.common.volume.HddsVolume@23657729
2019-07-29 15:21:36,915 INFO  volume.HddsVolumeChecker (HddsVolumeChecker.java:checkAllVolumes(203)) - Scheduled health check for volume org.apache.hadoop.ozone.container.common.volume.HddsVolume@23657729
2019-07-29 15:21:36,929 INFO  impl.RaftServerProxy (ConfUtils.java:logGet(43)) - raft.rpc.type = GRPC (default)
2019-07-29 15:21:36,930 INFO  grpc.GrpcFactory (GrpcFactory.java:checkPooledByteBufAllocatorUseCacheForAllThreads(45)) - PERFORMANCE WARNING: useCacheForAllThreads is true that may cause Netty to create a lot garbage objects and, as a result, trigger GC.
	It is recommended to disable useCacheForAllThreads by setting -Dorg.apache.ratis.thirdparty.io.netty.allocator.useCacheForAllThreads=false in command line.
2019-07-29 15:21:36,930 INFO  grpc.GrpcConfigKeys$Server (ConfUtils.java:logGet(43)) - raft.grpc.server.port = 0 (default)
2019-07-29 15:21:36,930 INFO  server.GrpcService (ConfUtils.java:logGet(43)) - raft.grpc.message.size.max = 33570816 (custom)
2019-07-29 15:21:36,930 INFO  server.RaftServerConfigKeys (ConfUtils.java:logGet(43)) - raft.server.log.appender.buffer.byte-limit = 33554432 (custom)
2019-07-29 15:21:36,930 INFO  server.GrpcService (ConfUtils.java:logGet(43)) - raft.grpc.flow.control.window = 1MB (=1048576) (default)
2019-07-29 15:21:36,931 INFO  server.RaftServerConfigKeys (ConfUtils.java:logGet(43)) - raft.server.rpc.request.timeout = 3000ms (default)
2019-07-29 15:21:36,931 INFO  server.RaftServerConfigKeys (ConfUtils.java:logGet(43)) - raft.server.storage.dir = [/workdir/hadoop-ozone/integration-test/target/test-dir/MiniOzoneClusterImpl-392193b7-5f74-4576-b673-8ecf0040bfb3/datanode-2/data/ratis] (custom)
2019-07-29 15:21:36,931 INFO  replication.SimpleContainerDownloader (SimpleContainerDownloader.java:<init>(72)) - Starting container downloader service to copy containers to replicate.
2019-07-29 15:21:36,932 INFO  hdfs.DFSUtil (DFSUtil.java:httpServerTemplateForNNAndJN(1641)) - Starting Web-server for hddsDatanode at: http://0.0.0.0:0
2019-07-29 15:21:36,934 INFO  server.AuthenticationFilter (AuthenticationFilter.java:constructSecretProvider(240)) - Unable to initialize FileSignerSecretProvider, falling back to use random secrets.
2019-07-29 15:21:36,934 WARN  http.HttpRequestLog (HttpRequestLog.java:getRequestLog(97)) - Jetty request log can only be enabled using Log4j
2019-07-29 15:21:36,936 INFO  http.HttpServer2 (HttpServer2.java:addGlobalFilter(975)) - Added global filter 'safety' (class=org.apache.hadoop.http.HttpServer2$QuotingInputFilter)
2019-07-29 15:21:36,936 INFO  http.HttpServer2 (HttpServer2.java:addFilter(948)) - Added filter static_user_filter (class=org.apache.hadoop.http.lib.StaticUserWebFilter$StaticUserFilter) to context hddsDatanode
2019-07-29 15:21:36,936 INFO  http.HttpServer2 (HttpServer2.java:addFilter(958)) - Added filter static_user_filter (class=org.apache.hadoop.http.lib.StaticUserWebFilter$StaticUserFilter) to context static
2019-07-29 15:21:36,937 INFO  http.HttpServer2 (HttpServer2.java:addFilter(958)) - Added filter static_user_filter (class=org.apache.hadoop.http.lib.StaticUserWebFilter$StaticUserFilter) to context logs
2019-07-29 15:21:36,937 INFO  http.HttpServer2 (HttpServer2.java:bindListener(1191)) - Jetty bound to port 45774
2019-07-29 15:21:36,938 INFO  server.Server (Server.java:doStart(351)) - jetty-9.3.24.v20180605, build timestamp: 2018-06-05T17:11:56Z, git hash: 84205aa28f11a4f31f2a3b86d1bba2cc8ab69827
2019-07-29 15:21:36,940 INFO  handler.ContextHandler (ContextHandler.java:doStart(781)) - Started o.e.j.s.ServletContextHandler@184e5c44{/logs,file:///workdir/hadoop-ozone/integration-test/target/log,AVAILABLE}
2019-07-29 15:21:36,940 INFO  handler.ContextHandler (ContextHandler.java:doStart(781)) - Started o.e.j.s.ServletContextHandler@6153aca1{/static,jar:file:/home/user/.m2/repository/org/apache/hadoop/hadoop-hdds-container-service/0.4.1-SNAPSHOT/hadoop-hdds-container-service-0.4.1-SNAPSHOT.jar!/webapps/static,AVAILABLE}
2019-07-29 15:21:36,981 INFO  handler.ContextHandler (ContextHandler.java:doStart(781)) - Started o.e.j.w.WebAppContext@624baf71{/,file:///tmp/jetty-0.0.0.0-45774-hddsDatanode-_-any-2550247066639795042.dir/webapp/,AVAILABLE}{/hddsDatanode}
2019-07-29 15:21:36,982 INFO  server.AbstractConnector (AbstractConnector.java:doStart(278)) - Started ServerConnector@70799ca7{HTTP/1.1,[http/1.1]}{0.0.0.0:45774}
2019-07-29 15:21:36,983 INFO  server.Server (Server.java:doStart(419)) - Started @534882ms
2019-07-29 15:21:36,984 INFO  server.BaseHttpServer (BaseHttpServer.java:updateConnectorAddress(207)) - HTTP server of HDDSDATANODE is listening at http://0.0.0.0:45774
2019-07-29 15:21:37,100 INFO  ozone.HddsDatanodeService (HddsDatanodeService.java:startPlugins(395)) - Started plug-in org.apache.hadoop.ozone.web.OzoneHddsDatanodeService@5ed1bc4f
2019-07-29 15:21:37,100 INFO  impl.MetricsSystemImpl (MetricsSystemImpl.java:init(158)) - HddsDatanode metrics system started (again)
2019-07-29 15:21:37,103 INFO  util.JvmPauseMonitor (JvmPauseMonitor.java:run(188)) - Starting JVM pause monitor
2019-07-29 15:21:37,104 INFO  ozone.HddsDatanodeService (HddsDatanodeService.java:start(184)) - HddsDatanodeService host:byscane-nightly-74r8j-760408800 ip:192.168.157.194
2019-07-29 15:21:37,105 INFO  datanode.InitDatanodeState (InitDatanodeState.java:persistContainerDatanodeDetails(140)) - DatanodeDetails is persisted to /workdir/hadoop-ozone/integration-test/target/test-dir/MiniOzoneClusterImpl-392193b7-5f74-4576-b673-8ecf0040bfb3/datanode-2/meta/datanode.id
2019-07-29 15:21:37,116 INFO  volume.HddsVolume (HddsVolume.java:<init>(176)) - Creating Volume: /workdir/hadoop-ozone/integration-test/target/test-dir/MiniOzoneClusterImpl-392193b7-5f74-4576-b673-8ecf0040bfb3/datanode-3/data/containers/hdds of  storage type : DISK and capacity : 52710309888
2019-07-29 15:21:37,116 INFO  volume.VolumeSet (VolumeSet.java:initializeVolumeSet(170)) - Added Volume : /workdir/hadoop-ozone/integration-test/target/test-dir/MiniOzoneClusterImpl-392193b7-5f74-4576-b673-8ecf0040bfb3/datanode-3/data/containers/hdds to VolumeSet
2019-07-29 15:21:37,116 INFO  volume.ThrottledAsyncChecker (ThrottledAsyncChecker.java:schedule(140)) - Scheduling a check for org.apache.hadoop.ozone.container.common.volume.HddsVolume@79408109
2019-07-29 15:21:37,117 INFO  volume.HddsVolumeChecker (HddsVolumeChecker.java:checkAllVolumes(203)) - Scheduled health check for volume org.apache.hadoop.ozone.container.common.volume.HddsVolume@79408109
2019-07-29 15:21:37,132 INFO  impl.RaftServerProxy (ConfUtils.java:logGet(43)) - raft.rpc.type = GRPC (default)
2019-07-29 15:21:37,133 INFO  grpc.GrpcFactory (GrpcFactory.java:checkPooledByteBufAllocatorUseCacheForAllThreads(45)) - PERFORMANCE WARNING: useCacheForAllThreads is true that may cause Netty to create a lot garbage objects and, as a result, trigger GC.
	It is recommended to disable useCacheForAllThreads by setting -Dorg.apache.ratis.thirdparty.io.netty.allocator.useCacheForAllThreads=false in command line.
2019-07-29 15:21:37,133 INFO  grpc.GrpcConfigKeys$Server (ConfUtils.java:logGet(43)) - raft.grpc.server.port = 0 (default)
2019-07-29 15:21:37,133 INFO  server.GrpcService (ConfUtils.java:logGet(43)) - raft.grpc.message.size.max = 33570816 (custom)
2019-07-29 15:21:37,133 INFO  server.RaftServerConfigKeys (ConfUtils.java:logGet(43)) - raft.server.log.appender.buffer.byte-limit = 33554432 (custom)
2019-07-29 15:21:37,134 INFO  server.GrpcService (ConfUtils.java:logGet(43)) - raft.grpc.flow.control.window = 1MB (=1048576) (default)
2019-07-29 15:21:37,134 INFO  server.RaftServerConfigKeys (ConfUtils.java:logGet(43)) - raft.server.rpc.request.timeout = 3000ms (default)
2019-07-29 15:21:37,134 INFO  server.RaftServerConfigKeys (ConfUtils.java:logGet(43)) - raft.server.storage.dir = [/workdir/hadoop-ozone/integration-test/target/test-dir/MiniOzoneClusterImpl-392193b7-5f74-4576-b673-8ecf0040bfb3/datanode-3/data/ratis] (custom)
2019-07-29 15:21:37,135 INFO  replication.SimpleContainerDownloader (SimpleContainerDownloader.java:<init>(72)) - Starting container downloader service to copy containers to replicate.
2019-07-29 15:21:37,136 INFO  hdfs.DFSUtil (DFSUtil.java:httpServerTemplateForNNAndJN(1641)) - Starting Web-server for hddsDatanode at: http://0.0.0.0:0
2019-07-29 15:21:37,138 INFO  server.AuthenticationFilter (AuthenticationFilter.java:constructSecretProvider(240)) - Unable to initialize FileSignerSecretProvider, falling back to use random secrets.
2019-07-29 15:21:37,139 WARN  http.HttpRequestLog (HttpRequestLog.java:getRequestLog(97)) - Jetty request log can only be enabled using Log4j
2019-07-29 15:21:37,140 INFO  http.HttpServer2 (HttpServer2.java:addGlobalFilter(975)) - Added global filter 'safety' (class=org.apache.hadoop.http.HttpServer2$QuotingInputFilter)
2019-07-29 15:21:37,141 INFO  http.HttpServer2 (HttpServer2.java:addFilter(948)) - Added filter static_user_filter (class=org.apache.hadoop.http.lib.StaticUserWebFilter$StaticUserFilter) to context hddsDatanode
2019-07-29 15:21:37,141 INFO  http.HttpServer2 (HttpServer2.java:addFilter(958)) - Added filter static_user_filter (class=org.apache.hadoop.http.lib.StaticUserWebFilter$StaticUserFilter) to context logs
2019-07-29 15:21:37,141 INFO  http.HttpServer2 (HttpServer2.java:addFilter(958)) - Added filter static_user_filter (class=org.apache.hadoop.http.lib.StaticUserWebFilter$StaticUserFilter) to context static
2019-07-29 15:21:37,142 INFO  http.HttpServer2 (HttpServer2.java:bindListener(1191)) - Jetty bound to port 44745
2019-07-29 15:21:37,142 INFO  server.Server (Server.java:doStart(351)) - jetty-9.3.24.v20180605, build timestamp: 2018-06-05T17:11:56Z, git hash: 84205aa28f11a4f31f2a3b86d1bba2cc8ab69827
2019-07-29 15:21:37,144 INFO  handler.ContextHandler (ContextHandler.java:doStart(781)) - Started o.e.j.s.ServletContextHandler@d20e900{/logs,file:///workdir/hadoop-ozone/integration-test/target/log,AVAILABLE}
2019-07-29 15:21:37,144 INFO  handler.ContextHandler (ContextHandler.java:doStart(781)) - Started o.e.j.s.ServletContextHandler@33ed6546{/static,jar:file:/home/user/.m2/repository/org/apache/hadoop/hadoop-hdds-container-service/0.4.1-SNAPSHOT/hadoop-hdds-container-service-0.4.1-SNAPSHOT.jar!/webapps/static,AVAILABLE}
2019-07-29 15:21:37,181 INFO  handler.ContextHandler (ContextHandler.java:doStart(781)) - Started o.e.j.w.WebAppContext@38f4a641{/,file:///tmp/jetty-0.0.0.0-44745-hddsDatanode-_-any-2596732835196155706.dir/webapp/,AVAILABLE}{/hddsDatanode}
2019-07-29 15:21:37,182 INFO  server.AbstractConnector (AbstractConnector.java:doStart(278)) - Started ServerConnector@1902ad0f{HTTP/1.1,[http/1.1]}{0.0.0.0:44745}
2019-07-29 15:21:37,183 INFO  server.Server (Server.java:doStart(419)) - Started @535081ms
2019-07-29 15:21:37,184 INFO  server.BaseHttpServer (BaseHttpServer.java:updateConnectorAddress(207)) - HTTP server of HDDSDATANODE is listening at http://0.0.0.0:44745
2019-07-29 15:21:37,420 INFO  ozone.HddsDatanodeService (HddsDatanodeService.java:startPlugins(395)) - Started plug-in org.apache.hadoop.ozone.web.OzoneHddsDatanodeService@35bfa7be
2019-07-29 15:21:37,421 INFO  impl.MetricsSystemImpl (MetricsSystemImpl.java:init(158)) - HddsDatanode metrics system started (again)
2019-07-29 15:21:37,425 INFO  util.JvmPauseMonitor (JvmPauseMonitor.java:run(188)) - Starting JVM pause monitor
2019-07-29 15:21:37,425 INFO  ozone.HddsDatanodeService (HddsDatanodeService.java:start(184)) - HddsDatanodeService host:byscane-nightly-74r8j-760408800 ip:192.168.157.194
2019-07-29 15:21:37,426 INFO  datanode.InitDatanodeState (InitDatanodeState.java:persistContainerDatanodeDetails(140)) - DatanodeDetails is persisted to /workdir/hadoop-ozone/integration-test/target/test-dir/MiniOzoneClusterImpl-392193b7-5f74-4576-b673-8ecf0040bfb3/datanode-3/meta/datanode.id
2019-07-29 15:21:37,437 INFO  volume.HddsVolume (HddsVolume.java:<init>(176)) - Creating Volume: /workdir/hadoop-ozone/integration-test/target/test-dir/MiniOzoneClusterImpl-392193b7-5f74-4576-b673-8ecf0040bfb3/datanode-4/data/containers/hdds of  storage type : DISK and capacity : 52710309888
2019-07-29 15:21:37,438 INFO  volume.VolumeSet (VolumeSet.java:initializeVolumeSet(170)) - Added Volume : /workdir/hadoop-ozone/integration-test/target/test-dir/MiniOzoneClusterImpl-392193b7-5f74-4576-b673-8ecf0040bfb3/datanode-4/data/containers/hdds to VolumeSet
2019-07-29 15:21:37,438 INFO  volume.ThrottledAsyncChecker (ThrottledAsyncChecker.java:schedule(140)) - Scheduling a check for org.apache.hadoop.ozone.container.common.volume.HddsVolume@5e8f1db2
2019-07-29 15:21:37,438 INFO  volume.HddsVolumeChecker (HddsVolumeChecker.java:checkAllVolumes(203)) - Scheduled health check for volume org.apache.hadoop.ozone.container.common.volume.HddsVolume@5e8f1db2
2019-07-29 15:21:37,454 INFO  impl.RaftServerProxy (ConfUtils.java:logGet(43)) - raft.rpc.type = GRPC (default)
2019-07-29 15:21:37,455 INFO  grpc.GrpcFactory (GrpcFactory.java:checkPooledByteBufAllocatorUseCacheForAllThreads(45)) - PERFORMANCE WARNING: useCacheForAllThreads is true that may cause Netty to create a lot garbage objects and, as a result, trigger GC.
	It is recommended to disable useCacheForAllThreads by setting -Dorg.apache.ratis.thirdparty.io.netty.allocator.useCacheForAllThreads=false in command line.
2019-07-29 15:21:37,455 INFO  grpc.GrpcConfigKeys$Server (ConfUtils.java:logGet(43)) - raft.grpc.server.port = 0 (default)
2019-07-29 15:21:37,455 INFO  server.GrpcService (ConfUtils.java:logGet(43)) - raft.grpc.message.size.max = 33570816 (custom)
2019-07-29 15:21:37,455 INFO  server.RaftServerConfigKeys (ConfUtils.java:logGet(43)) - raft.server.log.appender.buffer.byte-limit = 33554432 (custom)
2019-07-29 15:21:37,456 INFO  server.GrpcService (ConfUtils.java:logGet(43)) - raft.grpc.flow.control.window = 1MB (=1048576) (default)
2019-07-29 15:21:37,456 INFO  server.RaftServerConfigKeys (ConfUtils.java:logGet(43)) - raft.server.rpc.request.timeout = 3000ms (default)
2019-07-29 15:21:37,456 INFO  server.RaftServerConfigKeys (ConfUtils.java:logGet(43)) - raft.server.storage.dir = [/workdir/hadoop-ozone/integration-test/target/test-dir/MiniOzoneClusterImpl-392193b7-5f74-4576-b673-8ecf0040bfb3/datanode-4/data/ratis] (custom)
2019-07-29 15:21:37,457 INFO  replication.SimpleContainerDownloader (SimpleContainerDownloader.java:<init>(72)) - Starting container downloader service to copy containers to replicate.
2019-07-29 15:21:37,458 INFO  hdfs.DFSUtil (DFSUtil.java:httpServerTemplateForNNAndJN(1641)) - Starting Web-server for hddsDatanode at: http://0.0.0.0:0
2019-07-29 15:21:37,460 INFO  server.AuthenticationFilter (AuthenticationFilter.java:constructSecretProvider(240)) - Unable to initialize FileSignerSecretProvider, falling back to use random secrets.
2019-07-29 15:21:37,460 WARN  http.HttpRequestLog (HttpRequestLog.java:getRequestLog(97)) - Jetty request log can only be enabled using Log4j
2019-07-29 15:21:37,462 INFO  http.HttpServer2 (HttpServer2.java:addGlobalFilter(975)) - Added global filter 'safety' (class=org.apache.hadoop.http.HttpServer2$QuotingInputFilter)
2019-07-29 15:21:37,463 INFO  http.HttpServer2 (HttpServer2.java:addFilter(948)) - Added filter static_user_filter (class=org.apache.hadoop.http.lib.StaticUserWebFilter$StaticUserFilter) to context hddsDatanode
2019-07-29 15:21:37,463 INFO  http.HttpServer2 (HttpServer2.java:addFilter(958)) - Added filter static_user_filter (class=org.apache.hadoop.http.lib.StaticUserWebFilter$StaticUserFilter) to context logs
2019-07-29 15:21:37,463 INFO  http.HttpServer2 (HttpServer2.java:addFilter(958)) - Added filter static_user_filter (class=org.apache.hadoop.http.lib.StaticUserWebFilter$StaticUserFilter) to context static
2019-07-29 15:21:37,464 INFO  http.HttpServer2 (HttpServer2.java:bindListener(1191)) - Jetty bound to port 44811
2019-07-29 15:21:37,464 INFO  server.Server (Server.java:doStart(351)) - jetty-9.3.24.v20180605, build timestamp: 2018-06-05T17:11:56Z, git hash: 84205aa28f11a4f31f2a3b86d1bba2cc8ab69827
2019-07-29 15:21:37,466 INFO  handler.ContextHandler (ContextHandler.java:doStart(781)) - Started o.e.j.s.ServletContextHandler@293dd4b3{/logs,file:///workdir/hadoop-ozone/integration-test/target/log,AVAILABLE}
2019-07-29 15:21:37,467 INFO  handler.ContextHandler (ContextHandler.java:doStart(781)) - Started o.e.j.s.ServletContextHandler@51577fc8{/static,jar:file:/home/user/.m2/repository/org/apache/hadoop/hadoop-hdds-container-service/0.4.1-SNAPSHOT/hadoop-hdds-container-service-0.4.1-SNAPSHOT.jar!/webapps/static,AVAILABLE}
2019-07-29 15:21:37,497 INFO  handler.ContextHandler (ContextHandler.java:doStart(781)) - Started o.e.j.w.WebAppContext@3d056418{/,file:///tmp/jetty-0.0.0.0-44811-hddsDatanode-_-any-5556816862112057655.dir/webapp/,AVAILABLE}{/hddsDatanode}
2019-07-29 15:21:37,498 INFO  server.AbstractConnector (AbstractConnector.java:doStart(278)) - Started ServerConnector@769d0ef2{HTTP/1.1,[http/1.1]}{0.0.0.0:44811}
2019-07-29 15:21:37,499 INFO  server.Server (Server.java:doStart(419)) - Started @535398ms
2019-07-29 15:21:37,500 INFO  server.BaseHttpServer (BaseHttpServer.java:updateConnectorAddress(207)) - HTTP server of HDDSDATANODE is listening at http://0.0.0.0:44811
2019-07-29 15:21:37,608 INFO  ozone.HddsDatanodeService (HddsDatanodeService.java:startPlugins(395)) - Started plug-in org.apache.hadoop.ozone.web.OzoneHddsDatanodeService@108b2321
2019-07-29 15:21:37,609 INFO  impl.MetricsSystemImpl (MetricsSystemImpl.java:init(158)) - HddsDatanode metrics system started (again)
2019-07-29 15:21:37,612 INFO  ozone.HddsDatanodeService (HddsDatanodeService.java:start(184)) - HddsDatanodeService host:byscane-nightly-74r8j-760408800 ip:192.168.157.194
2019-07-29 15:21:37,612 INFO  util.JvmPauseMonitor (JvmPauseMonitor.java:run(188)) - Starting JVM pause monitor
2019-07-29 15:21:37,614 INFO  datanode.InitDatanodeState (InitDatanodeState.java:persistContainerDatanodeDetails(140)) - DatanodeDetails is persisted to /workdir/hadoop-ozone/integration-test/target/test-dir/MiniOzoneClusterImpl-392193b7-5f74-4576-b673-8ecf0040bfb3/datanode-4/meta/datanode.id
2019-07-29 15:21:37,623 INFO  volume.HddsVolume (HddsVolume.java:<init>(176)) - Creating Volume: /workdir/hadoop-ozone/integration-test/target/test-dir/MiniOzoneClusterImpl-392193b7-5f74-4576-b673-8ecf0040bfb3/datanode-5/data/containers/hdds of  storage type : DISK and capacity : 52710309888
2019-07-29 15:21:37,623 INFO  volume.VolumeSet (VolumeSet.java:initializeVolumeSet(170)) - Added Volume : /workdir/hadoop-ozone/integration-test/target/test-dir/MiniOzoneClusterImpl-392193b7-5f74-4576-b673-8ecf0040bfb3/datanode-5/data/containers/hdds to VolumeSet
2019-07-29 15:21:37,624 INFO  volume.ThrottledAsyncChecker (ThrottledAsyncChecker.java:schedule(140)) - Scheduling a check for org.apache.hadoop.ozone.container.common.volume.HddsVolume@5d16bb07
2019-07-29 15:21:37,624 INFO  volume.HddsVolumeChecker (HddsVolumeChecker.java:checkAllVolumes(203)) - Scheduled health check for volume org.apache.hadoop.ozone.container.common.volume.HddsVolume@5d16bb07
2019-07-29 15:21:37,641 INFO  impl.RaftServerProxy (ConfUtils.java:logGet(43)) - raft.rpc.type = GRPC (default)
2019-07-29 15:21:37,641 INFO  grpc.GrpcFactory (GrpcFactory.java:checkPooledByteBufAllocatorUseCacheForAllThreads(45)) - PERFORMANCE WARNING: useCacheForAllThreads is true that may cause Netty to create a lot garbage objects and, as a result, trigger GC.
	It is recommended to disable useCacheForAllThreads by setting -Dorg.apache.ratis.thirdparty.io.netty.allocator.useCacheForAllThreads=false in command line.
2019-07-29 15:21:37,642 INFO  grpc.GrpcConfigKeys$Server (ConfUtils.java:logGet(43)) - raft.grpc.server.port = 0 (default)
2019-07-29 15:21:37,642 INFO  server.GrpcService (ConfUtils.java:logGet(43)) - raft.grpc.message.size.max = 33570816 (custom)
2019-07-29 15:21:37,642 INFO  server.RaftServerConfigKeys (ConfUtils.java:logGet(43)) - raft.server.log.appender.buffer.byte-limit = 33554432 (custom)
2019-07-29 15:21:37,642 INFO  server.GrpcService (ConfUtils.java:logGet(43)) - raft.grpc.flow.control.window = 1MB (=1048576) (default)
2019-07-29 15:21:37,643 INFO  server.RaftServerConfigKeys (ConfUtils.java:logGet(43)) - raft.server.rpc.request.timeout = 3000ms (default)
2019-07-29 15:21:37,643 INFO  server.RaftServerConfigKeys (ConfUtils.java:logGet(43)) - raft.server.storage.dir = [/workdir/hadoop-ozone/integration-test/target/test-dir/MiniOzoneClusterImpl-392193b7-5f74-4576-b673-8ecf0040bfb3/datanode-5/data/ratis] (custom)
2019-07-29 15:21:37,644 INFO  replication.SimpleContainerDownloader (SimpleContainerDownloader.java:<init>(72)) - Starting container downloader service to copy containers to replicate.
2019-07-29 15:21:37,645 INFO  hdfs.DFSUtil (DFSUtil.java:httpServerTemplateForNNAndJN(1641)) - Starting Web-server for hddsDatanode at: http://0.0.0.0:0
2019-07-29 15:21:37,647 INFO  server.AuthenticationFilter (AuthenticationFilter.java:constructSecretProvider(240)) - Unable to initialize FileSignerSecretProvider, falling back to use random secrets.
2019-07-29 15:21:37,647 WARN  http.HttpRequestLog (HttpRequestLog.java:getRequestLog(97)) - Jetty request log can only be enabled using Log4j
2019-07-29 15:21:37,649 INFO  http.HttpServer2 (HttpServer2.java:addGlobalFilter(975)) - Added global filter 'safety' (class=org.apache.hadoop.http.HttpServer2$QuotingInputFilter)
2019-07-29 15:21:37,650 INFO  http.HttpServer2 (HttpServer2.java:addFilter(948)) - Added filter static_user_filter (class=org.apache.hadoop.http.lib.StaticUserWebFilter$StaticUserFilter) to context hddsDatanode
2019-07-29 15:21:37,650 INFO  http.HttpServer2 (HttpServer2.java:addFilter(958)) - Added filter static_user_filter (class=org.apache.hadoop.http.lib.StaticUserWebFilter$StaticUserFilter) to context logs
2019-07-29 15:21:37,650 INFO  http.HttpServer2 (HttpServer2.java:addFilter(958)) - Added filter static_user_filter (class=org.apache.hadoop.http.lib.StaticUserWebFilter$StaticUserFilter) to context static
2019-07-29 15:21:37,651 INFO  http.HttpServer2 (HttpServer2.java:bindListener(1191)) - Jetty bound to port 38546
2019-07-29 15:21:37,651 INFO  server.Server (Server.java:doStart(351)) - jetty-9.3.24.v20180605, build timestamp: 2018-06-05T17:11:56Z, git hash: 84205aa28f11a4f31f2a3b86d1bba2cc8ab69827
2019-07-29 15:21:37,653 INFO  handler.ContextHandler (ContextHandler.java:doStart(781)) - Started o.e.j.s.ServletContextHandler@943d0c2{/logs,file:///workdir/hadoop-ozone/integration-test/target/log,AVAILABLE}
2019-07-29 15:21:37,654 INFO  handler.ContextHandler (ContextHandler.java:doStart(781)) - Started o.e.j.s.ServletContextHandler@57f31caf{/static,jar:file:/home/user/.m2/repository/org/apache/hadoop/hadoop-hdds-container-service/0.4.1-SNAPSHOT/hadoop-hdds-container-service-0.4.1-SNAPSHOT.jar!/webapps/static,AVAILABLE}
2019-07-29 15:21:37,698 INFO  handler.ContextHandler (ContextHandler.java:doStart(781)) - Started o.e.j.w.WebAppContext@27115d45{/,file:///tmp/jetty-0.0.0.0-38546-hddsDatanode-_-any-1934010966305273511.dir/webapp/,AVAILABLE}{/hddsDatanode}
2019-07-29 15:21:37,699 INFO  server.AbstractConnector (AbstractConnector.java:doStart(278)) - Started ServerConnector@7789719e{HTTP/1.1,[http/1.1]}{0.0.0.0:38546}
2019-07-29 15:21:37,700 INFO  server.Server (Server.java:doStart(419)) - Started @535598ms
2019-07-29 15:21:37,701 INFO  server.BaseHttpServer (BaseHttpServer.java:updateConnectorAddress(207)) - HTTP server of HDDSDATANODE is listening at http://0.0.0.0:38546
2019-07-29 15:21:37,805 INFO  ozone.HddsDatanodeService (HddsDatanodeService.java:startPlugins(395)) - Started plug-in org.apache.hadoop.ozone.web.OzoneHddsDatanodeService@4b93a232
2019-07-29 15:21:37,806 INFO  impl.MetricsSystemImpl (MetricsSystemImpl.java:init(158)) - HddsDatanode metrics system started (again)
2019-07-29 15:21:37,810 INFO  util.JvmPauseMonitor (JvmPauseMonitor.java:run(188)) - Starting JVM pause monitor
2019-07-29 15:21:37,810 INFO  ozone.HddsDatanodeService (HddsDatanodeService.java:start(184)) - HddsDatanodeService host:byscane-nightly-74r8j-760408800 ip:192.168.157.194
2019-07-29 15:21:37,811 INFO  datanode.InitDatanodeState (InitDatanodeState.java:persistContainerDatanodeDetails(140)) - DatanodeDetails is persisted to /workdir/hadoop-ozone/integration-test/target/test-dir/MiniOzoneClusterImpl-392193b7-5f74-4576-b673-8ecf0040bfb3/datanode-5/meta/datanode.id
2019-07-29 15:21:37,821 INFO  volume.HddsVolume (HddsVolume.java:<init>(176)) - Creating Volume: /workdir/hadoop-ozone/integration-test/target/test-dir/MiniOzoneClusterImpl-392193b7-5f74-4576-b673-8ecf0040bfb3/datanode-6/data/containers/hdds of  storage type : DISK and capacity : 52710309888
2019-07-29 15:21:37,822 INFO  volume.VolumeSet (VolumeSet.java:initializeVolumeSet(170)) - Added Volume : /workdir/hadoop-ozone/integration-test/target/test-dir/MiniOzoneClusterImpl-392193b7-5f74-4576-b673-8ecf0040bfb3/datanode-6/data/containers/hdds to VolumeSet
2019-07-29 15:21:37,822 INFO  volume.ThrottledAsyncChecker (ThrottledAsyncChecker.java:schedule(140)) - Scheduling a check for org.apache.hadoop.ozone.container.common.volume.HddsVolume@465a121d
2019-07-29 15:21:37,822 INFO  volume.HddsVolumeChecker (HddsVolumeChecker.java:checkAllVolumes(203)) - Scheduled health check for volume org.apache.hadoop.ozone.container.common.volume.HddsVolume@465a121d
2019-07-29 15:21:37,845 INFO  impl.RaftServerProxy (ConfUtils.java:logGet(43)) - raft.rpc.type = GRPC (default)
2019-07-29 15:21:37,845 INFO  grpc.GrpcFactory (GrpcFactory.java:checkPooledByteBufAllocatorUseCacheForAllThreads(45)) - PERFORMANCE WARNING: useCacheForAllThreads is true that may cause Netty to create a lot garbage objects and, as a result, trigger GC.
	It is recommended to disable useCacheForAllThreads by setting -Dorg.apache.ratis.thirdparty.io.netty.allocator.useCacheForAllThreads=false in command line.
2019-07-29 15:21:37,846 INFO  grpc.GrpcConfigKeys$Server (ConfUtils.java:logGet(43)) - raft.grpc.server.port = 0 (default)
2019-07-29 15:21:37,846 INFO  server.GrpcService (ConfUtils.java:logGet(43)) - raft.grpc.message.size.max = 33570816 (custom)
2019-07-29 15:21:37,846 INFO  server.RaftServerConfigKeys (ConfUtils.java:logGet(43)) - raft.server.log.appender.buffer.byte-limit = 33554432 (custom)
2019-07-29 15:21:37,846 INFO  server.GrpcService (ConfUtils.java:logGet(43)) - raft.grpc.flow.control.window = 1MB (=1048576) (default)
2019-07-29 15:21:37,847 INFO  server.RaftServerConfigKeys (ConfUtils.java:logGet(43)) - raft.server.rpc.request.timeout = 3000ms (default)
2019-07-29 15:21:37,847 INFO  server.RaftServerConfigKeys (ConfUtils.java:logGet(43)) - raft.server.storage.dir = [/workdir/hadoop-ozone/integration-test/target/test-dir/MiniOzoneClusterImpl-392193b7-5f74-4576-b673-8ecf0040bfb3/datanode-6/data/ratis] (custom)
2019-07-29 15:21:37,848 INFO  replication.SimpleContainerDownloader (SimpleContainerDownloader.java:<init>(72)) - Starting container downloader service to copy containers to replicate.
2019-07-29 15:21:37,849 INFO  hdfs.DFSUtil (DFSUtil.java:httpServerTemplateForNNAndJN(1641)) - Starting Web-server for hddsDatanode at: http://0.0.0.0:0
2019-07-29 15:21:37,852 INFO  server.AuthenticationFilter (AuthenticationFilter.java:constructSecretProvider(240)) - Unable to initialize FileSignerSecretProvider, falling back to use random secrets.
2019-07-29 15:21:37,852 WARN  http.HttpRequestLog (HttpRequestLog.java:getRequestLog(97)) - Jetty request log can only be enabled using Log4j
2019-07-29 15:21:37,855 INFO  http.HttpServer2 (HttpServer2.java:addGlobalFilter(975)) - Added global filter 'safety' (class=org.apache.hadoop.http.HttpServer2$QuotingInputFilter)
2019-07-29 15:21:37,855 INFO  http.HttpServer2 (HttpServer2.java:addFilter(948)) - Added filter static_user_filter (class=org.apache.hadoop.http.lib.StaticUserWebFilter$StaticUserFilter) to context hddsDatanode
2019-07-29 15:21:37,855 INFO  http.HttpServer2 (HttpServer2.java:addFilter(958)) - Added filter static_user_filter (class=org.apache.hadoop.http.lib.StaticUserWebFilter$StaticUserFilter) to context static
2019-07-29 15:21:37,856 INFO  http.HttpServer2 (HttpServer2.java:addFilter(958)) - Added filter static_user_filter (class=org.apache.hadoop.http.lib.StaticUserWebFilter$StaticUserFilter) to context logs
2019-07-29 15:21:37,856 INFO  http.HttpServer2 (HttpServer2.java:bindListener(1191)) - Jetty bound to port 33262
2019-07-29 15:21:37,857 INFO  server.Server (Server.java:doStart(351)) - jetty-9.3.24.v20180605, build timestamp: 2018-06-05T17:11:56Z, git hash: 84205aa28f11a4f31f2a3b86d1bba2cc8ab69827
2019-07-29 15:21:37,859 INFO  handler.ContextHandler (ContextHandler.java:doStart(781)) - Started o.e.j.s.ServletContextHandler@a1143cc{/logs,file:///workdir/hadoop-ozone/integration-test/target/log,AVAILABLE}
2019-07-29 15:21:37,859 INFO  handler.ContextHandler (ContextHandler.java:doStart(781)) - Started o.e.j.s.ServletContextHandler@48149568{/static,jar:file:/home/user/.m2/repository/org/apache/hadoop/hadoop-hdds-container-service/0.4.1-SNAPSHOT/hadoop-hdds-container-service-0.4.1-SNAPSHOT.jar!/webapps/static,AVAILABLE}
2019-07-29 15:21:37,899 INFO  handler.ContextHandler (ContextHandler.java:doStart(781)) - Started o.e.j.w.WebAppContext@408573b1{/,file:///tmp/jetty-0.0.0.0-33262-hddsDatanode-_-any-785087249592846894.dir/webapp/,AVAILABLE}{/hddsDatanode}
2019-07-29 15:21:37,899 INFO  server.AbstractConnector (AbstractConnector.java:doStart(278)) - Started ServerConnector@5b7600ec{HTTP/1.1,[http/1.1]}{0.0.0.0:33262}
2019-07-29 15:21:37,899 INFO  server.Server (Server.java:doStart(419)) - Started @535798ms
2019-07-29 15:21:37,906 INFO  server.BaseHttpServer (BaseHttpServer.java:updateConnectorAddress(207)) - HTTP server of HDDSDATANODE is listening at http://0.0.0.0:33262
2019-07-29 15:21:38,017 INFO  ozone.HddsDatanodeService (HddsDatanodeService.java:startPlugins(395)) - Started plug-in org.apache.hadoop.ozone.web.OzoneHddsDatanodeService@62065d12
2019-07-29 15:21:38,018 INFO  ozone.MiniOzoneClusterImpl (MiniOzoneClusterImpl.java:lambda$waitForClusterToBeReady$0(142)) - Waiting for cluster to be ready. Got 0 of 7 DN Heartbeats.
2019-07-29 15:21:38,019 INFO  util.JvmPauseMonitor (JvmPauseMonitor.java:run(188)) - Starting JVM pause monitor
2019-07-29 15:21:38,020 INFO  datanode.InitDatanodeState (InitDatanodeState.java:persistContainerDatanodeDetails(140)) - DatanodeDetails is persisted to /workdir/hadoop-ozone/integration-test/target/test-dir/MiniOzoneClusterImpl-392193b7-5f74-4576-b673-8ecf0040bfb3/datanode-6/meta/datanode.id
2019-07-29 15:21:38,754 INFO  ozoneimpl.OzoneContainer (OzoneContainer.java:start(186)) - Attempting to start container services.
2019-07-29 15:21:38,755 INFO  ozoneimpl.OzoneContainer (OzoneContainer.java:startContainerScrub(160)) - Background container scrubber has been disabled by hdds.containerscrub.enabled
2019-07-29 15:21:38,755 INFO  ratis.XceiverServerRatis (XceiverServerRatis.java:start(404)) - Starting XceiverServerRatis 945d3641-7a53-4648-9e30-b458d7e8703c at port 0
2019-07-29 15:21:38,762 INFO  impl.RaftServerProxy (RaftServerProxy.java:lambda$start$3(299)) - 945d3641-7a53-4648-9e30-b458d7e8703c: start RPC server
2019-07-29 15:21:38,765 INFO  server.GrpcService (GrpcService.java:startImpl(149)) - 945d3641-7a53-4648-9e30-b458d7e8703c: GrpcService started, listening on 0.0.0.0/0.0.0.0:36927
2019-07-29 15:21:38,765 INFO  ratis.XceiverServerRatis (XceiverServerRatis.java:start(414)) - XceiverServerRatis 945d3641-7a53-4648-9e30-b458d7e8703c is started using port 36927
2019-07-29 15:21:38,766 INFO  server.XceiverServerGrpc (XceiverServerGrpc.java:start(161)) - XceiverServerGrpc 945d3641-7a53-4648-9e30-b458d7e8703c is started using port 46650
2019-07-29 15:21:38,920 INFO  ozoneimpl.OzoneContainer (OzoneContainer.java:start(186)) - Attempting to start container services.
2019-07-29 15:21:38,920 INFO  ozoneimpl.OzoneContainer (OzoneContainer.java:startContainerScrub(160)) - Background container scrubber has been disabled by hdds.containerscrub.enabled
2019-07-29 15:21:38,920 INFO  ratis.XceiverServerRatis (XceiverServerRatis.java:start(404)) - Starting XceiverServerRatis 6ac22818-cdca-4d71-9cf8-b397b04daa4f at port 0
2019-07-29 15:21:38,928 INFO  impl.RaftServerProxy (RaftServerProxy.java:lambda$start$3(299)) - 6ac22818-cdca-4d71-9cf8-b397b04daa4f: start RPC server
2019-07-29 15:21:38,929 INFO  server.GrpcService (GrpcService.java:startImpl(149)) - 6ac22818-cdca-4d71-9cf8-b397b04daa4f: GrpcService started, listening on 0.0.0.0/0.0.0.0:41668
2019-07-29 15:21:38,929 INFO  ratis.XceiverServerRatis (XceiverServerRatis.java:start(414)) - XceiverServerRatis 6ac22818-cdca-4d71-9cf8-b397b04daa4f is started using port 41668
2019-07-29 15:21:38,930 INFO  server.XceiverServerGrpc (XceiverServerGrpc.java:start(161)) - XceiverServerGrpc 6ac22818-cdca-4d71-9cf8-b397b04daa4f is started using port 44673
2019-07-29 15:21:39,018 INFO  ozone.MiniOzoneClusterImpl (MiniOzoneClusterImpl.java:lambda$waitForClusterToBeReady$0(142)) - Waiting for cluster to be ready. Got 0 of 7 DN Heartbeats.
2019-07-29 15:21:39,117 INFO  ozoneimpl.OzoneContainer (OzoneContainer.java:start(186)) - Attempting to start container services.
2019-07-29 15:21:39,117 INFO  ozoneimpl.OzoneContainer (OzoneContainer.java:startContainerScrub(160)) - Background container scrubber has been disabled by hdds.containerscrub.enabled
2019-07-29 15:21:39,118 INFO  ratis.XceiverServerRatis (XceiverServerRatis.java:start(404)) - Starting XceiverServerRatis 9705bf9f-4f79-40e1-9d63-8b56fa695f58 at port 0
2019-07-29 15:21:39,125 INFO  impl.RaftServerProxy (RaftServerProxy.java:lambda$start$3(299)) - 9705bf9f-4f79-40e1-9d63-8b56fa695f58: start RPC server
2019-07-29 15:21:39,126 INFO  server.GrpcService (GrpcService.java:startImpl(149)) - 9705bf9f-4f79-40e1-9d63-8b56fa695f58: GrpcService started, listening on 0.0.0.0/0.0.0.0:39210
2019-07-29 15:21:39,126 INFO  ratis.XceiverServerRatis (XceiverServerRatis.java:start(414)) - XceiverServerRatis 9705bf9f-4f79-40e1-9d63-8b56fa695f58 is started using port 39210
2019-07-29 15:21:39,126 INFO  server.XceiverServerGrpc (XceiverServerGrpc.java:start(161)) - XceiverServerGrpc 9705bf9f-4f79-40e1-9d63-8b56fa695f58 is started using port 34095
2019-07-29 15:21:39,439 INFO  ozoneimpl.OzoneContainer (OzoneContainer.java:start(186)) - Attempting to start container services.
2019-07-29 15:21:39,440 INFO  ozoneimpl.OzoneContainer (OzoneContainer.java:startContainerScrub(160)) - Background container scrubber has been disabled by hdds.containerscrub.enabled
2019-07-29 15:21:39,440 INFO  ratis.XceiverServerRatis (XceiverServerRatis.java:start(404)) - Starting XceiverServerRatis fa9d0e52-a768-41c3-8968-008b1a8ad335 at port 0
2019-07-29 15:21:39,448 INFO  impl.RaftServerProxy (RaftServerProxy.java:lambda$start$3(299)) - fa9d0e52-a768-41c3-8968-008b1a8ad335: start RPC server
2019-07-29 15:21:39,448 INFO  server.GrpcService (GrpcService.java:startImpl(149)) - fa9d0e52-a768-41c3-8968-008b1a8ad335: GrpcService started, listening on 0.0.0.0/0.0.0.0:44036
2019-07-29 15:21:39,448 INFO  ratis.XceiverServerRatis (XceiverServerRatis.java:start(414)) - XceiverServerRatis fa9d0e52-a768-41c3-8968-008b1a8ad335 is started using port 44036
2019-07-29 15:21:39,449 INFO  server.XceiverServerGrpc (XceiverServerGrpc.java:start(161)) - XceiverServerGrpc fa9d0e52-a768-41c3-8968-008b1a8ad335 is started using port 43042
2019-07-29 15:21:39,626 INFO  ozoneimpl.OzoneContainer (OzoneContainer.java:start(186)) - Attempting to start container services.
2019-07-29 15:21:39,627 INFO  ozoneimpl.OzoneContainer (OzoneContainer.java:startContainerScrub(160)) - Background container scrubber has been disabled by hdds.containerscrub.enabled
2019-07-29 15:21:39,627 INFO  ratis.XceiverServerRatis (XceiverServerRatis.java:start(404)) - Starting XceiverServerRatis 53a34721-2cd9-447b-bbac-6aced2b729b1 at port 0
2019-07-29 15:21:39,634 INFO  impl.RaftServerProxy (RaftServerProxy.java:lambda$start$3(299)) - 53a34721-2cd9-447b-bbac-6aced2b729b1: start RPC server
2019-07-29 15:21:39,638 INFO  server.GrpcService (GrpcService.java:startImpl(149)) - 53a34721-2cd9-447b-bbac-6aced2b729b1: GrpcService started, listening on 0.0.0.0/0.0.0.0:40688
2019-07-29 15:21:39,638 INFO  ratis.XceiverServerRatis (XceiverServerRatis.java:start(414)) - XceiverServerRatis 53a34721-2cd9-447b-bbac-6aced2b729b1 is started using port 40688
2019-07-29 15:21:39,639 INFO  server.XceiverServerGrpc (XceiverServerGrpc.java:start(161)) - XceiverServerGrpc 53a34721-2cd9-447b-bbac-6aced2b729b1 is started using port 42560
2019-07-29 15:21:39,824 INFO  ozoneimpl.OzoneContainer (OzoneContainer.java:start(186)) - Attempting to start container services.
2019-07-29 15:21:39,825 INFO  ozoneimpl.OzoneContainer (OzoneContainer.java:startContainerScrub(160)) - Background container scrubber has been disabled by hdds.containerscrub.enabled
2019-07-29 15:21:39,825 INFO  ratis.XceiverServerRatis (XceiverServerRatis.java:start(404)) - Starting XceiverServerRatis ea7b7c0e-fb12-41ce-8f6a-536568e7c128 at port 0
2019-07-29 15:21:39,833 INFO  impl.RaftServerProxy (RaftServerProxy.java:lambda$start$3(299)) - ea7b7c0e-fb12-41ce-8f6a-536568e7c128: start RPC server
2019-07-29 15:21:39,834 INFO  server.GrpcService (GrpcService.java:startImpl(149)) - ea7b7c0e-fb12-41ce-8f6a-536568e7c128: GrpcService started, listening on 0.0.0.0/0.0.0.0:35645
2019-07-29 15:21:39,834 INFO  ratis.XceiverServerRatis (XceiverServerRatis.java:start(414)) - XceiverServerRatis ea7b7c0e-fb12-41ce-8f6a-536568e7c128 is started using port 35645
2019-07-29 15:21:39,834 INFO  server.XceiverServerGrpc (XceiverServerGrpc.java:start(161)) - XceiverServerGrpc ea7b7c0e-fb12-41ce-8f6a-536568e7c128 is started using port 35079
2019-07-29 15:21:40,019 INFO  ozone.MiniOzoneClusterImpl (MiniOzoneClusterImpl.java:lambda$waitForClusterToBeReady$0(142)) - Waiting for cluster to be ready. Got 0 of 7 DN Heartbeats.
2019-07-29 15:21:40,034 INFO  ozoneimpl.OzoneContainer (OzoneContainer.java:start(186)) - Attempting to start container services.
2019-07-29 15:21:40,034 INFO  ozoneimpl.OzoneContainer (OzoneContainer.java:startContainerScrub(160)) - Background container scrubber has been disabled by hdds.containerscrub.enabled
2019-07-29 15:21:40,034 INFO  ratis.XceiverServerRatis (XceiverServerRatis.java:start(404)) - Starting XceiverServerRatis f4bc078d-76ca-44e5-91c7-b245da2b30cf at port 0
2019-07-29 15:21:40,042 INFO  impl.RaftServerProxy (RaftServerProxy.java:lambda$start$3(299)) - f4bc078d-76ca-44e5-91c7-b245da2b30cf: start RPC server
2019-07-29 15:21:40,047 INFO  server.GrpcService (GrpcService.java:startImpl(149)) - f4bc078d-76ca-44e5-91c7-b245da2b30cf: GrpcService started, listening on 0.0.0.0/0.0.0.0:42955
2019-07-29 15:21:40,047 INFO  ratis.XceiverServerRatis (XceiverServerRatis.java:start(414)) - XceiverServerRatis f4bc078d-76ca-44e5-91c7-b245da2b30cf is started using port 42955
2019-07-29 15:21:40,048 INFO  server.XceiverServerGrpc (XceiverServerGrpc.java:start(161)) - XceiverServerGrpc f4bc078d-76ca-44e5-91c7-b245da2b30cf is started using port 37019
2019-07-29 15:21:40,739 INFO  net.NetworkTopology (NetworkTopologyImpl.java:add(110)) - Added a new node: /default-rack/945d3641-7a53-4648-9e30-b458d7e8703c
2019-07-29 15:21:40,742 INFO  node.SCMNodeManager (SCMNodeManager.java:register(273)) - Registered Data node : 945d3641-7a53-4648-9e30-b458d7e8703c{ip: 192.168.157.194, host: byscane-nightly-74r8j-760408800, networkLocation: /default-rack, certSerialId: null}
2019-07-29 15:21:40,743 INFO  safemode.SCMSafeModeManager (DataNodeSafeModeRule.java:process(71)) - SCM in safe mode. 1 DataNodes registered, 1 required.
2019-07-29 15:21:40,745 INFO  safemode.SCMSafeModeManager (SCMSafeModeManager.java:validateSafeModeExitRules(177)) - ScmSafeModeManager, all rules are successfully validated
2019-07-29 15:21:40,745 INFO  safemode.SCMSafeModeManager (SCMSafeModeManager.java:exitSafeMode(193)) - SCM exiting safe mode.
2019-07-29 15:21:40,777 INFO  impl.RaftServerProxy (RaftServerProxy.java:addNew(89)) - 945d3641-7a53-4648-9e30-b458d7e8703c: addNew group-3689A7C30364:[945d3641-7a53-4648-9e30-b458d7e8703c:192.168.157.194:36927] returns group-3689A7C30364:java.util.concurrent.CompletableFuture@37493479[Not completed]
2019-07-29 15:21:40,778 INFO  impl.RaftServerImpl (RaftServerImpl.java:<init>(93)) - 945d3641-7a53-4648-9e30-b458d7e8703c: new RaftServerImpl for group-3689A7C30364:[945d3641-7a53-4648-9e30-b458d7e8703c:192.168.157.194:36927] with ContainerStateMachine:uninitialized
2019-07-29 15:21:40,778 INFO  server.RaftServerConfigKeys (ConfUtils.java:logGet(43)) - raft.server.rpc.timeout.min = 5s (custom)
2019-07-29 15:21:40,779 INFO  server.RaftServerConfigKeys (ConfUtils.java:logGet(43)) - raft.server.rpc.timeout.max = 5200ms (custom)
2019-07-29 15:21:40,779 INFO  server.RaftServerConfigKeys (ConfUtils.java:logGet(43)) - raft.server.rpcslowness.timeout = 120s (custom)
2019-07-29 15:21:40,779 INFO  server.RaftServerConfigKeys (ConfUtils.java:logGet(43)) - raft.server.sleep.deviation.threshold = 300 (default)
2019-07-29 15:21:40,779 INFO  server.RaftServerConfigKeys (ConfUtils.java:logGet(43)) - raft.server.log.appender.install.snapshot.enabled = false (custom)
2019-07-29 15:21:40,779 INFO  impl.RaftServerImpl (ServerState.java:<init>(105)) - 945d3641-7a53-4648-9e30-b458d7e8703c:group-3689A7C30364 ConfigurationManager, init=-1: [945d3641-7a53-4648-9e30-b458d7e8703c:192.168.157.194:36927], old=null, confs=<EMPTY_MAP>
2019-07-29 15:21:40,779 INFO  server.RaftServerConfigKeys (ConfUtils.java:logGet(43)) - raft.server.storage.dir = [/workdir/hadoop-ozone/integration-test/target/test-dir/MiniOzoneClusterImpl-392193b7-5f74-4576-b673-8ecf0040bfb3/datanode-0/data/ratis] (custom)
2019-07-29 15:21:40,780 INFO  storage.RaftStorageDirectory (RaftStorageDirectory.java:analyzeStorage(246)) - The storage directory /workdir/hadoop-ozone/integration-test/target/test-dir/MiniOzoneClusterImpl-392193b7-5f74-4576-b673-8ecf0040bfb3/datanode-0/data/ratis/fc0d4d48-034a-46a9-9095-3689a7c30364 does not exist. Creating ...
2019-07-29 15:21:40,793 INFO  storage.RaftStorageDirectory (RaftStorageDirectory.java:tryLock(328)) - Lock on /workdir/hadoop-ozone/integration-test/target/test-dir/MiniOzoneClusterImpl-392193b7-5f74-4576-b673-8ecf0040bfb3/datanode-0/data/ratis/fc0d4d48-034a-46a9-9095-3689a7c30364/in_use.lock acquired by nodename 31275@byscane-nightly-74r8j-760408800
2019-07-29 15:21:40,807 INFO  storage.RaftStorage (RaftStorage.java:format(72)) - Storage directory /workdir/hadoop-ozone/integration-test/target/test-dir/MiniOzoneClusterImpl-392193b7-5f74-4576-b673-8ecf0040bfb3/datanode-0/data/ratis/fc0d4d48-034a-46a9-9095-3689a7c30364 has been successfully formatted.
2019-07-29 15:21:40,807 INFO  ratis.ContainerStateMachine (ContainerStateMachine.java:loadSnapshot(213)) - group-3689A7C30364: The snapshot info is null. Setting the last applied indexto:(t:0, i:~)
2019-07-29 15:21:40,808 INFO  server.RaftServerConfigKeys (ConfUtils.java:logGet(43)) - raft.server.leader.election.timeout = 120s (custom)
2019-07-29 15:21:40,808 INFO  server.RaftServerConfigKeys (ConfUtils.java:logGet(43)) - raft.server.log.use.memory = false (default)
2019-07-29 15:21:40,808 INFO  server.RaftServerConfigKeys (ConfUtils.java:logGet(43)) - raft.server.log.purge.gap = 1000000000 (custom)
2019-07-29 15:21:40,808 INFO  server.RaftServerConfigKeys (ConfUtils.java:logGet(43)) - raft.server.log.appender.buffer.byte-limit = 33554432 (custom)
2019-07-29 15:21:40,808 INFO  server.RaftServerConfigKeys (ConfUtils.java:logGet(43)) - raft.server.log.segment.size.max = 1048576 (custom)
2019-07-29 15:21:40,808 INFO  server.RaftServerConfigKeys (ConfUtils.java:logGet(43)) - raft.server.log.segment.cache.num.max = 2 (custom)
2019-07-29 15:21:40,809 INFO  segmented.SegmentedRaftLogWorker (SegmentedRaftLogWorker.java:<init>(172)) - new 945d3641-7a53-4648-9e30-b458d7e8703c-SegmentedRaftLogWorker:Storage Directory /workdir/hadoop-ozone/integration-test/target/test-dir/MiniOzoneClusterImpl-392193b7-5f74-4576-b673-8ecf0040bfb3/datanode-0/data/ratis/fc0d4d48-034a-46a9-9095-3689a7c30364 for RaftStorage:Storage Directory /workdir/hadoop-ozone/integration-test/target/test-dir/MiniOzoneClusterImpl-392193b7-5f74-4576-b673-8ecf0040bfb3/datanode-0/data/ratis/fc0d4d48-034a-46a9-9095-3689a7c30364
2019-07-29 15:21:40,809 INFO  server.RaftServerConfigKeys (ConfUtils.java:logGet(43)) - raft.server.log.queue.byte-limit = 2147483647 (custom)
2019-07-29 15:21:40,809 INFO  server.RaftServerConfigKeys (ConfUtils.java:logGet(43)) - raft.server.log.queue.element-limit = 1024 (custom)
2019-07-29 15:21:40,809 INFO  server.RaftServerConfigKeys (ConfUtils.java:logGet(43)) - raft.server.log.segment.size.max = 1048576 (custom)
2019-07-29 15:21:40,809 INFO  server.RaftServerConfigKeys (ConfUtils.java:logGet(43)) - raft.server.log.preallocated.size = 16384 (custom)
2019-07-29 15:21:40,810 INFO  server.RaftServerConfigKeys (ConfUtils.java:logGet(43)) - raft.server.log.write.buffer.size = 33554432 (custom)
2019-07-29 15:21:40,810 INFO  server.RaftServerConfigKeys (ConfUtils.java:logGet(43)) - raft.server.log.force.sync.num = 128 (default)
2019-07-29 15:21:40,810 INFO  server.RaftServerConfigKeys (ConfUtils.java:logGet(43)) - raft.server.log.statemachine.data.sync = true (default)
2019-07-29 15:21:40,810 INFO  server.RaftServerConfigKeys (ConfUtils.java:logGet(43)) - raft.server.log.statemachine.data.sync.timeout = 10s (default)
2019-07-29 15:21:40,810 INFO  server.RaftServerConfigKeys (ConfUtils.java:logGet(43)) - raft.server.log.statemachine.data.sync.timeout.retry = -1 (default)
2019-07-29 15:21:40,811 INFO  server.RaftServerConfigKeys (ConfUtils.java:logGet(43)) - raft.server.log.statemachine.data.caching.enabled = true (custom)
2019-07-29 15:21:40,811 INFO  segmented.SegmentedRaftLogWorker (SegmentedRaftLogWorker.java:lambda$new$0(132)) - 945d3641-7a53-4648-9e30-b458d7e8703c-SegmentedRaftLogWorker:Storage Directory /workdir/hadoop-ozone/integration-test/target/test-dir/MiniOzoneClusterImpl-392193b7-5f74-4576-b673-8ecf0040bfb3/datanode-0/data/ratis/fc0d4d48-034a-46a9-9095-3689a7c30364: flushIndex: setUnconditionally 0 -> -1
2019-07-29 15:21:40,811 INFO  server.RaftServerConfigKeys (ConfUtils.java:logGet(43)) - raft.server.snapshot.auto.trigger.enabled = true (custom)
2019-07-29 15:21:40,811 INFO  server.RaftServerConfigKeys (ConfUtils.java:logGet(43)) - raft.server.snapshot.auto.trigger.threshold = 10000 (custom)
2019-07-29 15:21:40,812 INFO  server.RaftServerConfigKeys (ConfUtils.java:logGet(43)) - raft.server.retrycache.expirytime = 600000ms (custom)
2019-07-29 15:21:40,812 INFO  impl.RaftServerImpl (RaftServerImpl.java:start(180)) - 945d3641-7a53-4648-9e30-b458d7e8703c: start group-3689A7C30364
2019-07-29 15:21:40,812 INFO  impl.RaftServerImpl (RaftServerImpl.java:setRole(171)) - 945d3641-7a53-4648-9e30-b458d7e8703c:group-3689A7C30364 changes role from null to FOLLOWER at term 0 for startAsFollower
2019-07-29 15:21:40,812 INFO  impl.RoleInfo (RoleInfo.java:updateAndGet(143)) - 945d3641-7a53-4648-9e30-b458d7e8703c: start FollowerState
2019-07-29 15:21:40,813 INFO  util.JmxRegister (JmxRegister.java:tryRegister(44)) - Successfully registered JMX Bean with object name Ratis:service=RaftServer,group=group-3689A7C30364,id=945d3641-7a53-4648-9e30-b458d7e8703c
2019-07-29 15:21:40,816 INFO  pipeline.PipelineStateManager (PipelineStateManager.java:addPipeline(56)) - Created pipeline Pipeline[ Id: fc0d4d48-034a-46a9-9095-3689a7c30364, Nodes: 945d3641-7a53-4648-9e30-b458d7e8703c{ip: 192.168.157.194, host: byscane-nightly-74r8j-760408800, networkLocation: /default-rack, certSerialId: null}, Type:RATIS, Factor:ONE, State:OPEN]
2019-07-29 15:21:40,905 INFO  net.NetworkTopology (NetworkTopologyImpl.java:add(110)) - Added a new node: /default-rack/6ac22818-cdca-4d71-9cf8-b397b04daa4f
2019-07-29 15:21:40,905 INFO  node.SCMNodeManager (SCMNodeManager.java:register(273)) - Registered Data node : 6ac22818-cdca-4d71-9cf8-b397b04daa4f{ip: 192.168.157.194, host: byscane-nightly-74r8j-760408800, networkLocation: /default-rack, certSerialId: null}
2019-07-29 15:21:40,912 INFO  impl.RaftServerProxy (RaftServerProxy.java:addNew(89)) - 6ac22818-cdca-4d71-9cf8-b397b04daa4f: addNew group-F8588F8126C3:[6ac22818-cdca-4d71-9cf8-b397b04daa4f:192.168.157.194:41668] returns group-F8588F8126C3:java.util.concurrent.CompletableFuture@59a9ad73[Not completed]
2019-07-29 15:21:40,914 INFO  impl.RaftServerImpl (RaftServerImpl.java:<init>(93)) - 6ac22818-cdca-4d71-9cf8-b397b04daa4f: new RaftServerImpl for group-F8588F8126C3:[6ac22818-cdca-4d71-9cf8-b397b04daa4f:192.168.157.194:41668] with ContainerStateMachine:uninitialized
2019-07-29 15:21:40,914 INFO  server.RaftServerConfigKeys (ConfUtils.java:logGet(43)) - raft.server.rpc.timeout.min = 5s (custom)
2019-07-29 15:21:40,914 INFO  server.RaftServerConfigKeys (ConfUtils.java:logGet(43)) - raft.server.rpc.timeout.max = 5200ms (custom)
2019-07-29 15:21:40,914 INFO  server.RaftServerConfigKeys (ConfUtils.java:logGet(43)) - raft.server.rpcslowness.timeout = 120s (custom)
2019-07-29 15:21:40,914 INFO  server.RaftServerConfigKeys (ConfUtils.java:logGet(43)) - raft.server.sleep.deviation.threshold = 300 (default)
2019-07-29 15:21:40,914 INFO  server.RaftServerConfigKeys (ConfUtils.java:logGet(43)) - raft.server.log.appender.install.snapshot.enabled = false (custom)
2019-07-29 15:21:40,914 INFO  impl.RaftServerImpl (ServerState.java:<init>(105)) - 6ac22818-cdca-4d71-9cf8-b397b04daa4f:group-F8588F8126C3 ConfigurationManager, init=-1: [6ac22818-cdca-4d71-9cf8-b397b04daa4f:192.168.157.194:41668], old=null, confs=<EMPTY_MAP>
2019-07-29 15:21:40,915 INFO  server.RaftServerConfigKeys (ConfUtils.java:logGet(43)) - raft.server.storage.dir = [/workdir/hadoop-ozone/integration-test/target/test-dir/MiniOzoneClusterImpl-392193b7-5f74-4576-b673-8ecf0040bfb3/datanode-1/data/ratis] (custom)
2019-07-29 15:21:40,915 INFO  storage.RaftStorageDirectory (RaftStorageDirectory.java:analyzeStorage(246)) - The storage directory /workdir/hadoop-ozone/integration-test/target/test-dir/MiniOzoneClusterImpl-392193b7-5f74-4576-b673-8ecf0040bfb3/datanode-1/data/ratis/3eff2beb-48ce-4ab6-b456-f8588f8126c3 does not exist. Creating ...
2019-07-29 15:21:40,928 INFO  storage.RaftStorageDirectory (RaftStorageDirectory.java:tryLock(328)) - Lock on /workdir/hadoop-ozone/integration-test/target/test-dir/MiniOzoneClusterImpl-392193b7-5f74-4576-b673-8ecf0040bfb3/datanode-1/data/ratis/3eff2beb-48ce-4ab6-b456-f8588f8126c3/in_use.lock acquired by nodename 31275@byscane-nightly-74r8j-760408800
2019-07-29 15:21:40,942 INFO  storage.RaftStorage (RaftStorage.java:format(72)) - Storage directory /workdir/hadoop-ozone/integration-test/target/test-dir/MiniOzoneClusterImpl-392193b7-5f74-4576-b673-8ecf0040bfb3/datanode-1/data/ratis/3eff2beb-48ce-4ab6-b456-f8588f8126c3 has been successfully formatted.
2019-07-29 15:21:40,942 INFO  ratis.ContainerStateMachine (ContainerStateMachine.java:loadSnapshot(213)) - group-F8588F8126C3: The snapshot info is null. Setting the last applied indexto:(t:0, i:~)
2019-07-29 15:21:40,943 INFO  server.RaftServerConfigKeys (ConfUtils.java:logGet(43)) - raft.server.leader.election.timeout = 120s (custom)
2019-07-29 15:21:40,943 INFO  server.RaftServerConfigKeys (ConfUtils.java:logGet(43)) - raft.server.log.use.memory = false (default)
2019-07-29 15:21:40,943 INFO  server.RaftServerConfigKeys (ConfUtils.java:logGet(43)) - raft.server.log.purge.gap = 1000000000 (custom)
2019-07-29 15:21:40,943 INFO  server.RaftServerConfigKeys (ConfUtils.java:logGet(43)) - raft.server.log.appender.buffer.byte-limit = 33554432 (custom)
2019-07-29 15:21:40,943 INFO  server.RaftServerConfigKeys (ConfUtils.java:logGet(43)) - raft.server.log.segment.size.max = 1048576 (custom)
2019-07-29 15:21:40,943 INFO  server.RaftServerConfigKeys (ConfUtils.java:logGet(43)) - raft.server.log.segment.cache.num.max = 2 (custom)
2019-07-29 15:21:40,944 INFO  segmented.SegmentedRaftLogWorker (SegmentedRaftLogWorker.java:<init>(172)) - new 6ac22818-cdca-4d71-9cf8-b397b04daa4f-SegmentedRaftLogWorker:Storage Directory /workdir/hadoop-ozone/integration-test/target/test-dir/MiniOzoneClusterImpl-392193b7-5f74-4576-b673-8ecf0040bfb3/datanode-1/data/ratis/3eff2beb-48ce-4ab6-b456-f8588f8126c3 for RaftStorage:Storage Directory /workdir/hadoop-ozone/integration-test/target/test-dir/MiniOzoneClusterImpl-392193b7-5f74-4576-b673-8ecf0040bfb3/datanode-1/data/ratis/3eff2beb-48ce-4ab6-b456-f8588f8126c3
2019-07-29 15:21:40,944 INFO  server.RaftServerConfigKeys (ConfUtils.java:logGet(43)) - raft.server.log.queue.byte-limit = 2147483647 (custom)
2019-07-29 15:21:40,944 INFO  server.RaftServerConfigKeys (ConfUtils.java:logGet(43)) - raft.server.log.queue.element-limit = 1024 (custom)
2019-07-29 15:21:40,944 INFO  server.RaftServerConfigKeys (ConfUtils.java:logGet(43)) - raft.server.log.segment.size.max = 1048576 (custom)
2019-07-29 15:21:40,944 INFO  server.RaftServerConfigKeys (ConfUtils.java:logGet(43)) - raft.server.log.preallocated.size = 16384 (custom)
2019-07-29 15:21:40,944 INFO  server.RaftServerConfigKeys (ConfUtils.java:logGet(43)) - raft.server.log.write.buffer.size = 33554432 (custom)
2019-07-29 15:21:40,945 INFO  server.RaftServerConfigKeys (ConfUtils.java:logGet(43)) - raft.server.log.force.sync.num = 128 (default)
2019-07-29 15:21:40,945 INFO  server.RaftServerConfigKeys (ConfUtils.java:logGet(43)) - raft.server.log.statemachine.data.sync = true (default)
2019-07-29 15:21:40,945 INFO  server.RaftServerConfigKeys (ConfUtils.java:logGet(43)) - raft.server.log.statemachine.data.sync.timeout = 10s (default)
2019-07-29 15:21:40,945 INFO  server.RaftServerConfigKeys (ConfUtils.java:logGet(43)) - raft.server.log.statemachine.data.sync.timeout.retry = -1 (default)
2019-07-29 15:21:40,945 INFO  server.RaftServerConfigKeys (ConfUtils.java:logGet(43)) - raft.server.log.statemachine.data.caching.enabled = true (custom)
2019-07-29 15:21:40,946 INFO  segmented.SegmentedRaftLogWorker (SegmentedRaftLogWorker.java:lambda$new$0(132)) - 6ac22818-cdca-4d71-9cf8-b397b04daa4f-SegmentedRaftLogWorker:Storage Directory /workdir/hadoop-ozone/integration-test/target/test-dir/MiniOzoneClusterImpl-392193b7-5f74-4576-b673-8ecf0040bfb3/datanode-1/data/ratis/3eff2beb-48ce-4ab6-b456-f8588f8126c3: flushIndex: setUnconditionally 0 -> -1
2019-07-29 15:21:40,946 INFO  server.RaftServerConfigKeys (ConfUtils.java:logGet(43)) - raft.server.snapshot.auto.trigger.enabled = true (custom)
2019-07-29 15:21:40,946 INFO  server.RaftServerConfigKeys (ConfUtils.java:logGet(43)) - raft.server.snapshot.auto.trigger.threshold = 10000 (custom)
2019-07-29 15:21:40,946 INFO  server.RaftServerConfigKeys (ConfUtils.java:logGet(43)) - raft.server.retrycache.expirytime = 600000ms (custom)
2019-07-29 15:21:40,947 INFO  impl.RaftServerImpl (RaftServerImpl.java:start(180)) - 6ac22818-cdca-4d71-9cf8-b397b04daa4f: start group-F8588F8126C3
2019-07-29 15:21:40,947 INFO  impl.RaftServerImpl (RaftServerImpl.java:setRole(171)) - 6ac22818-cdca-4d71-9cf8-b397b04daa4f:group-F8588F8126C3 changes role from null to FOLLOWER at term 0 for startAsFollower
2019-07-29 15:21:40,947 INFO  impl.RoleInfo (RoleInfo.java:updateAndGet(143)) - 6ac22818-cdca-4d71-9cf8-b397b04daa4f: start FollowerState
2019-07-29 15:21:40,947 INFO  util.JmxRegister (JmxRegister.java:tryRegister(44)) - Successfully registered JMX Bean with object name Ratis:service=RaftServer,group=group-F8588F8126C3,id=6ac22818-cdca-4d71-9cf8-b397b04daa4f
2019-07-29 15:21:40,950 INFO  pipeline.PipelineStateManager (PipelineStateManager.java:addPipeline(56)) - Created pipeline Pipeline[ Id: 3eff2beb-48ce-4ab6-b456-f8588f8126c3, Nodes: 6ac22818-cdca-4d71-9cf8-b397b04daa4f{ip: 192.168.157.194, host: byscane-nightly-74r8j-760408800, networkLocation: /default-rack, certSerialId: null}, Type:RATIS, Factor:ONE, State:OPEN]
2019-07-29 15:21:41,019 INFO  ozone.MiniOzoneClusterImpl (MiniOzoneClusterImpl.java:lambda$waitForClusterToBeReady$0(142)) - Waiting for cluster to be ready. Got 2 of 7 DN Heartbeats.
2019-07-29 15:21:41,105 INFO  net.NetworkTopology (NetworkTopologyImpl.java:add(110)) - Added a new node: /default-rack/9705bf9f-4f79-40e1-9d63-8b56fa695f58
2019-07-29 15:21:41,105 INFO  node.SCMNodeManager (SCMNodeManager.java:register(273)) - Registered Data node : 9705bf9f-4f79-40e1-9d63-8b56fa695f58{ip: 192.168.157.194, host: byscane-nightly-74r8j-760408800, networkLocation: /default-rack, certSerialId: null}
2019-07-29 15:21:41,111 INFO  impl.RaftServerProxy (RaftServerProxy.java:addNew(89)) - 9705bf9f-4f79-40e1-9d63-8b56fa695f58: addNew group-AE9107EDFE80:[9705bf9f-4f79-40e1-9d63-8b56fa695f58:192.168.157.194:39210] returns group-AE9107EDFE80:java.util.concurrent.CompletableFuture@33d4abf6[Not completed]
2019-07-29 15:21:41,112 INFO  impl.RaftServerImpl (RaftServerImpl.java:<init>(93)) - 9705bf9f-4f79-40e1-9d63-8b56fa695f58: new RaftServerImpl for group-AE9107EDFE80:[9705bf9f-4f79-40e1-9d63-8b56fa695f58:192.168.157.194:39210] with ContainerStateMachine:uninitialized
2019-07-29 15:21:41,112 INFO  server.RaftServerConfigKeys (ConfUtils.java:logGet(43)) - raft.server.rpc.timeout.min = 5s (custom)
2019-07-29 15:21:41,112 INFO  server.RaftServerConfigKeys (ConfUtils.java:logGet(43)) - raft.server.rpc.timeout.max = 5200ms (custom)
2019-07-29 15:21:41,113 INFO  server.RaftServerConfigKeys (ConfUtils.java:logGet(43)) - raft.server.rpcslowness.timeout = 120s (custom)
2019-07-29 15:21:41,113 INFO  server.RaftServerConfigKeys (ConfUtils.java:logGet(43)) - raft.server.sleep.deviation.threshold = 300 (default)
2019-07-29 15:21:41,113 INFO  server.RaftServerConfigKeys (ConfUtils.java:logGet(43)) - raft.server.log.appender.install.snapshot.enabled = false (custom)
2019-07-29 15:21:41,113 INFO  impl.RaftServerImpl (ServerState.java:<init>(105)) - 9705bf9f-4f79-40e1-9d63-8b56fa695f58:group-AE9107EDFE80 ConfigurationManager, init=-1: [9705bf9f-4f79-40e1-9d63-8b56fa695f58:192.168.157.194:39210], old=null, confs=<EMPTY_MAP>
2019-07-29 15:21:41,113 INFO  server.RaftServerConfigKeys (ConfUtils.java:logGet(43)) - raft.server.storage.dir = [/workdir/hadoop-ozone/integration-test/target/test-dir/MiniOzoneClusterImpl-392193b7-5f74-4576-b673-8ecf0040bfb3/datanode-2/data/ratis] (custom)
2019-07-29 15:21:41,114 INFO  storage.RaftStorageDirectory (RaftStorageDirectory.java:analyzeStorage(246)) - The storage directory /workdir/hadoop-ozone/integration-test/target/test-dir/MiniOzoneClusterImpl-392193b7-5f74-4576-b673-8ecf0040bfb3/datanode-2/data/ratis/e7da1635-d67f-4ac5-b340-ae9107edfe80 does not exist. Creating ...
2019-07-29 15:21:41,127 INFO  storage.RaftStorageDirectory (RaftStorageDirectory.java:tryLock(328)) - Lock on /workdir/hadoop-ozone/integration-test/target/test-dir/MiniOzoneClusterImpl-392193b7-5f74-4576-b673-8ecf0040bfb3/datanode-2/data/ratis/e7da1635-d67f-4ac5-b340-ae9107edfe80/in_use.lock acquired by nodename 31275@byscane-nightly-74r8j-760408800
2019-07-29 15:21:41,141 INFO  storage.RaftStorage (RaftStorage.java:format(72)) - Storage directory /workdir/hadoop-ozone/integration-test/target/test-dir/MiniOzoneClusterImpl-392193b7-5f74-4576-b673-8ecf0040bfb3/datanode-2/data/ratis/e7da1635-d67f-4ac5-b340-ae9107edfe80 has been successfully formatted.
2019-07-29 15:21:41,142 INFO  ratis.ContainerStateMachine (ContainerStateMachine.java:loadSnapshot(213)) - group-AE9107EDFE80: The snapshot info is null. Setting the last applied indexto:(t:0, i:~)
2019-07-29 15:21:41,142 INFO  server.RaftServerConfigKeys (ConfUtils.java:logGet(43)) - raft.server.leader.election.timeout = 120s (custom)
2019-07-29 15:21:41,142 INFO  server.RaftServerConfigKeys (ConfUtils.java:logGet(43)) - raft.server.log.use.memory = false (default)
2019-07-29 15:21:41,142 INFO  server.RaftServerConfigKeys (ConfUtils.java:logGet(43)) - raft.server.log.purge.gap = 1000000000 (custom)
2019-07-29 15:21:41,142 INFO  server.RaftServerConfigKeys (ConfUtils.java:logGet(43)) - raft.server.log.appender.buffer.byte-limit = 33554432 (custom)
2019-07-29 15:21:41,143 INFO  server.RaftServerConfigKeys (ConfUtils.java:logGet(43)) - raft.server.log.segment.size.max = 1048576 (custom)
2019-07-29 15:21:41,143 INFO  server.RaftServerConfigKeys (ConfUtils.java:logGet(43)) - raft.server.log.segment.cache.num.max = 2 (custom)
2019-07-29 15:21:41,143 INFO  segmented.SegmentedRaftLogWorker (SegmentedRaftLogWorker.java:<init>(172)) - new 9705bf9f-4f79-40e1-9d63-8b56fa695f58-SegmentedRaftLogWorker:Storage Directory /workdir/hadoop-ozone/integration-test/target/test-dir/MiniOzoneClusterImpl-392193b7-5f74-4576-b673-8ecf0040bfb3/datanode-2/data/ratis/e7da1635-d67f-4ac5-b340-ae9107edfe80 for RaftStorage:Storage Directory /workdir/hadoop-ozone/integration-test/target/test-dir/MiniOzoneClusterImpl-392193b7-5f74-4576-b673-8ecf0040bfb3/datanode-2/data/ratis/e7da1635-d67f-4ac5-b340-ae9107edfe80
2019-07-29 15:21:41,143 INFO  server.RaftServerConfigKeys (ConfUtils.java:logGet(43)) - raft.server.log.queue.byte-limit = 2147483647 (custom)
2019-07-29 15:21:41,143 INFO  server.RaftServerConfigKeys (ConfUtils.java:logGet(43)) - raft.server.log.queue.element-limit = 1024 (custom)
2019-07-29 15:21:41,144 INFO  server.RaftServerConfigKeys (ConfUtils.java:logGet(43)) - raft.server.log.segment.size.max = 1048576 (custom)
2019-07-29 15:21:41,144 INFO  server.RaftServerConfigKeys (ConfUtils.java:logGet(43)) - raft.server.log.preallocated.size = 16384 (custom)
2019-07-29 15:21:41,144 INFO  server.RaftServerConfigKeys (ConfUtils.java:logGet(43)) - raft.server.log.write.buffer.size = 33554432 (custom)
2019-07-29 15:21:41,144 INFO  server.RaftServerConfigKeys (ConfUtils.java:logGet(43)) - raft.server.log.force.sync.num = 128 (default)
2019-07-29 15:21:41,144 INFO  server.RaftServerConfigKeys (ConfUtils.java:logGet(43)) - raft.server.log.statemachine.data.sync = true (default)
2019-07-29 15:21:41,145 INFO  server.RaftServerConfigKeys (ConfUtils.java:logGet(43)) - raft.server.log.statemachine.data.sync.timeout = 10s (default)
2019-07-29 15:21:41,145 INFO  server.RaftServerConfigKeys (ConfUtils.java:logGet(43)) - raft.server.log.statemachine.data.sync.timeout.retry = -1 (default)
2019-07-29 15:21:41,145 INFO  server.RaftServerConfigKeys (ConfUtils.java:logGet(43)) - raft.server.log.statemachine.data.caching.enabled = true (custom)
2019-07-29 15:21:41,145 INFO  segmented.SegmentedRaftLogWorker (SegmentedRaftLogWorker.java:lambda$new$0(132)) - 9705bf9f-4f79-40e1-9d63-8b56fa695f58-SegmentedRaftLogWorker:Storage Directory /workdir/hadoop-ozone/integration-test/target/test-dir/MiniOzoneClusterImpl-392193b7-5f74-4576-b673-8ecf0040bfb3/datanode-2/data/ratis/e7da1635-d67f-4ac5-b340-ae9107edfe80: flushIndex: setUnconditionally 0 -> -1
2019-07-29 15:21:41,146 INFO  server.RaftServerConfigKeys (ConfUtils.java:logGet(43)) - raft.server.snapshot.auto.trigger.enabled = true (custom)
2019-07-29 15:21:41,146 INFO  server.RaftServerConfigKeys (ConfUtils.java:logGet(43)) - raft.server.snapshot.auto.trigger.threshold = 10000 (custom)
2019-07-29 15:21:41,146 INFO  server.RaftServerConfigKeys (ConfUtils.java:logGet(43)) - raft.server.retrycache.expirytime = 600000ms (custom)
2019-07-29 15:21:41,147 INFO  impl.RaftServerImpl (RaftServerImpl.java:start(180)) - 9705bf9f-4f79-40e1-9d63-8b56fa695f58: start group-AE9107EDFE80
2019-07-29 15:21:41,147 INFO  impl.RaftServerImpl (RaftServerImpl.java:setRole(171)) - 9705bf9f-4f79-40e1-9d63-8b56fa695f58:group-AE9107EDFE80 changes role from null to FOLLOWER at term 0 for startAsFollower
2019-07-29 15:21:41,147 INFO  impl.RoleInfo (RoleInfo.java:updateAndGet(143)) - 9705bf9f-4f79-40e1-9d63-8b56fa695f58: start FollowerState
2019-07-29 15:21:41,148 INFO  util.JmxRegister (JmxRegister.java:tryRegister(44)) - Successfully registered JMX Bean with object name Ratis:service=RaftServer,group=group-AE9107EDFE80,id=9705bf9f-4f79-40e1-9d63-8b56fa695f58
2019-07-29 15:21:41,150 INFO  pipeline.PipelineStateManager (PipelineStateManager.java:addPipeline(56)) - Created pipeline Pipeline[ Id: e7da1635-d67f-4ac5-b340-ae9107edfe80, Nodes: 9705bf9f-4f79-40e1-9d63-8b56fa695f58{ip: 192.168.157.194, host: byscane-nightly-74r8j-760408800, networkLocation: /default-rack, certSerialId: null}, Type:RATIS, Factor:ONE, State:OPEN]
2019-07-29 15:21:41,162 INFO  impl.RaftServerProxy (RaftServerProxy.java:addNew(89)) - 945d3641-7a53-4648-9e30-b458d7e8703c: addNew group-884A75F1CF8B:[945d3641-7a53-4648-9e30-b458d7e8703c:192.168.157.194:36927, 6ac22818-cdca-4d71-9cf8-b397b04daa4f:192.168.157.194:41668, 9705bf9f-4f79-40e1-9d63-8b56fa695f58:192.168.157.194:39210] returns group-884A75F1CF8B:java.util.concurrent.CompletableFuture@366fb5e5[Not completed]
2019-07-29 15:21:41,163 INFO  impl.RaftServerProxy (RaftServerProxy.java:addNew(89)) - 6ac22818-cdca-4d71-9cf8-b397b04daa4f: addNew group-884A75F1CF8B:[945d3641-7a53-4648-9e30-b458d7e8703c:192.168.157.194:36927, 6ac22818-cdca-4d71-9cf8-b397b04daa4f:192.168.157.194:41668, 9705bf9f-4f79-40e1-9d63-8b56fa695f58:192.168.157.194:39210] returns group-884A75F1CF8B:java.util.concurrent.CompletableFuture@5ce624cd[Not completed]
2019-07-29 15:21:41,163 INFO  impl.RaftServerProxy (RaftServerProxy.java:addNew(89)) - 9705bf9f-4f79-40e1-9d63-8b56fa695f58: addNew group-884A75F1CF8B:[945d3641-7a53-4648-9e30-b458d7e8703c:192.168.157.194:36927, 6ac22818-cdca-4d71-9cf8-b397b04daa4f:192.168.157.194:41668, 9705bf9f-4f79-40e1-9d63-8b56fa695f58:192.168.157.194:39210] returns group-884A75F1CF8B:java.util.concurrent.CompletableFuture@7786f2c0[Not completed]
2019-07-29 15:21:41,163 INFO  impl.RaftServerImpl (RaftServerImpl.java:<init>(93)) - 945d3641-7a53-4648-9e30-b458d7e8703c: new RaftServerImpl for group-884A75F1CF8B:[945d3641-7a53-4648-9e30-b458d7e8703c:192.168.157.194:36927, 6ac22818-cdca-4d71-9cf8-b397b04daa4f:192.168.157.194:41668, 9705bf9f-4f79-40e1-9d63-8b56fa695f58:192.168.157.194:39210] with ContainerStateMachine:uninitialized
2019-07-29 15:21:41,164 INFO  server.RaftServerConfigKeys (ConfUtils.java:logGet(43)) - raft.server.rpc.timeout.min = 5s (custom)
2019-07-29 15:21:41,164 INFO  server.RaftServerConfigKeys (ConfUtils.java:logGet(43)) - raft.server.rpc.timeout.max = 5200ms (custom)
2019-07-29 15:21:41,164 INFO  impl.RaftServerImpl (RaftServerImpl.java:<init>(93)) - 6ac22818-cdca-4d71-9cf8-b397b04daa4f: new RaftServerImpl for group-884A75F1CF8B:[945d3641-7a53-4648-9e30-b458d7e8703c:192.168.157.194:36927, 6ac22818-cdca-4d71-9cf8-b397b04daa4f:192.168.157.194:41668, 9705bf9f-4f79-40e1-9d63-8b56fa695f58:192.168.157.194:39210] with ContainerStateMachine:uninitialized
2019-07-29 15:21:41,164 INFO  server.RaftServerConfigKeys (ConfUtils.java:logGet(43)) - raft.server.rpcslowness.timeout = 120s (custom)
2019-07-29 15:21:41,164 INFO  server.RaftServerConfigKeys (ConfUtils.java:logGet(43)) - raft.server.rpc.timeout.min = 5s (custom)
2019-07-29 15:21:41,164 INFO  impl.RaftServerImpl (RaftServerImpl.java:<init>(93)) - 9705bf9f-4f79-40e1-9d63-8b56fa695f58: new RaftServerImpl for group-884A75F1CF8B:[945d3641-7a53-4648-9e30-b458d7e8703c:192.168.157.194:36927, 6ac22818-cdca-4d71-9cf8-b397b04daa4f:192.168.157.194:41668, 9705bf9f-4f79-40e1-9d63-8b56fa695f58:192.168.157.194:39210] with ContainerStateMachine:uninitialized
2019-07-29 15:21:41,164 INFO  server.RaftServerConfigKeys (ConfUtils.java:logGet(43)) - raft.server.sleep.deviation.threshold = 300 (default)
2019-07-29 15:21:41,165 INFO  server.RaftServerConfigKeys (ConfUtils.java:logGet(43)) - raft.server.rpc.timeout.min = 5s (custom)
2019-07-29 15:21:41,164 INFO  server.RaftServerConfigKeys (ConfUtils.java:logGet(43)) - raft.server.rpc.timeout.max = 5200ms (custom)
2019-07-29 15:21:41,165 INFO  server.RaftServerConfigKeys (ConfUtils.java:logGet(43)) - raft.server.rpc.timeout.max = 5200ms (custom)
2019-07-29 15:21:41,165 INFO  server.RaftServerConfigKeys (ConfUtils.java:logGet(43)) - raft.server.rpcslowness.timeout = 120s (custom)
2019-07-29 15:21:41,165 INFO  server.RaftServerConfigKeys (ConfUtils.java:logGet(43)) - raft.server.log.appender.install.snapshot.enabled = false (custom)
2019-07-29 15:21:41,165 INFO  server.RaftServerConfigKeys (ConfUtils.java:logGet(43)) - raft.server.sleep.deviation.threshold = 300 (default)
2019-07-29 15:21:41,165 INFO  server.RaftServerConfigKeys (ConfUtils.java:logGet(43)) - raft.server.rpcslowness.timeout = 120s (custom)
2019-07-29 15:21:41,166 INFO  server.RaftServerConfigKeys (ConfUtils.java:logGet(43)) - raft.server.log.appender.install.snapshot.enabled = false (custom)
2019-07-29 15:21:41,165 INFO  impl.RaftServerImpl (ServerState.java:<init>(105)) - 945d3641-7a53-4648-9e30-b458d7e8703c:group-884A75F1CF8B ConfigurationManager, init=-1: [945d3641-7a53-4648-9e30-b458d7e8703c:192.168.157.194:36927, 6ac22818-cdca-4d71-9cf8-b397b04daa4f:192.168.157.194:41668, 9705bf9f-4f79-40e1-9d63-8b56fa695f58:192.168.157.194:39210], old=null, confs=<EMPTY_MAP>
2019-07-29 15:21:41,166 INFO  impl.RaftServerImpl (ServerState.java:<init>(105)) - 9705bf9f-4f79-40e1-9d63-8b56fa695f58:group-884A75F1CF8B ConfigurationManager, init=-1: [945d3641-7a53-4648-9e30-b458d7e8703c:192.168.157.194:36927, 6ac22818-cdca-4d71-9cf8-b397b04daa4f:192.168.157.194:41668, 9705bf9f-4f79-40e1-9d63-8b56fa695f58:192.168.157.194:39210], old=null, confs=<EMPTY_MAP>
2019-07-29 15:21:41,166 INFO  server.RaftServerConfigKeys (ConfUtils.java:logGet(43)) - raft.server.sleep.deviation.threshold = 300 (default)
2019-07-29 15:21:41,166 INFO  server.RaftServerConfigKeys (ConfUtils.java:logGet(43)) - raft.server.storage.dir = [/workdir/hadoop-ozone/integration-test/target/test-dir/MiniOzoneClusterImpl-392193b7-5f74-4576-b673-8ecf0040bfb3/datanode-2/data/ratis] (custom)
2019-07-29 15:21:41,166 INFO  server.RaftServerConfigKeys (ConfUtils.java:logGet(43)) - raft.server.storage.dir = [/workdir/hadoop-ozone/integration-test/target/test-dir/MiniOzoneClusterImpl-392193b7-5f74-4576-b673-8ecf0040bfb3/datanode-0/data/ratis] (custom)
2019-07-29 15:21:41,166 INFO  server.RaftServerConfigKeys (ConfUtils.java:logGet(43)) - raft.server.log.appender.install.snapshot.enabled = false (custom)
2019-07-29 15:21:41,167 INFO  storage.RaftStorageDirectory (RaftStorageDirectory.java:analyzeStorage(246)) - The storage directory /workdir/hadoop-ozone/integration-test/target/test-dir/MiniOzoneClusterImpl-392193b7-5f74-4576-b673-8ecf0040bfb3/datanode-2/data/ratis/016c1512-e650-470c-b621-884a75f1cf8b does not exist. Creating ...
2019-07-29 15:21:41,167 INFO  storage.RaftStorageDirectory (RaftStorageDirectory.java:analyzeStorage(246)) - The storage directory /workdir/hadoop-ozone/integration-test/target/test-dir/MiniOzoneClusterImpl-392193b7-5f74-4576-b673-8ecf0040bfb3/datanode-0/data/ratis/016c1512-e650-470c-b621-884a75f1cf8b does not exist. Creating ...
2019-07-29 15:21:41,167 INFO  impl.RaftServerImpl (ServerState.java:<init>(105)) - 6ac22818-cdca-4d71-9cf8-b397b04daa4f:group-884A75F1CF8B ConfigurationManager, init=-1: [945d3641-7a53-4648-9e30-b458d7e8703c:192.168.157.194:36927, 6ac22818-cdca-4d71-9cf8-b397b04daa4f:192.168.157.194:41668, 9705bf9f-4f79-40e1-9d63-8b56fa695f58:192.168.157.194:39210], old=null, confs=<EMPTY_MAP>
2019-07-29 15:21:41,167 INFO  server.RaftServerConfigKeys (ConfUtils.java:logGet(43)) - raft.server.storage.dir = [/workdir/hadoop-ozone/integration-test/target/test-dir/MiniOzoneClusterImpl-392193b7-5f74-4576-b673-8ecf0040bfb3/datanode-1/data/ratis] (custom)
2019-07-29 15:21:41,168 INFO  storage.RaftStorageDirectory (RaftStorageDirectory.java:analyzeStorage(246)) - The storage directory /workdir/hadoop-ozone/integration-test/target/test-dir/MiniOzoneClusterImpl-392193b7-5f74-4576-b673-8ecf0040bfb3/datanode-1/data/ratis/016c1512-e650-470c-b621-884a75f1cf8b does not exist. Creating ...
2019-07-29 15:21:41,180 INFO  storage.RaftStorageDirectory (RaftStorageDirectory.java:tryLock(328)) - Lock on /workdir/hadoop-ozone/integration-test/target/test-dir/MiniOzoneClusterImpl-392193b7-5f74-4576-b673-8ecf0040bfb3/datanode-0/data/ratis/016c1512-e650-470c-b621-884a75f1cf8b/in_use.lock acquired by nodename 31275@byscane-nightly-74r8j-760408800
2019-07-29 15:21:41,180 INFO  storage.RaftStorageDirectory (RaftStorageDirectory.java:tryLock(328)) - Lock on /workdir/hadoop-ozone/integration-test/target/test-dir/MiniOzoneClusterImpl-392193b7-5f74-4576-b673-8ecf0040bfb3/datanode-2/data/ratis/016c1512-e650-470c-b621-884a75f1cf8b/in_use.lock acquired by nodename 31275@byscane-nightly-74r8j-760408800
2019-07-29 15:21:41,180 INFO  storage.RaftStorageDirectory (RaftStorageDirectory.java:tryLock(328)) - Lock on /workdir/hadoop-ozone/integration-test/target/test-dir/MiniOzoneClusterImpl-392193b7-5f74-4576-b673-8ecf0040bfb3/datanode-1/data/ratis/016c1512-e650-470c-b621-884a75f1cf8b/in_use.lock acquired by nodename 31275@byscane-nightly-74r8j-760408800
2019-07-29 15:21:41,194 INFO  storage.RaftStorage (RaftStorage.java:format(72)) - Storage directory /workdir/hadoop-ozone/integration-test/target/test-dir/MiniOzoneClusterImpl-392193b7-5f74-4576-b673-8ecf0040bfb3/datanode-2/data/ratis/016c1512-e650-470c-b621-884a75f1cf8b has been successfully formatted.
2019-07-29 15:21:41,194 INFO  storage.RaftStorage (RaftStorage.java:format(72)) - Storage directory /workdir/hadoop-ozone/integration-test/target/test-dir/MiniOzoneClusterImpl-392193b7-5f74-4576-b673-8ecf0040bfb3/datanode-0/data/ratis/016c1512-e650-470c-b621-884a75f1cf8b has been successfully formatted.
2019-07-29 15:21:41,194 INFO  storage.RaftStorage (RaftStorage.java:format(72)) - Storage directory /workdir/hadoop-ozone/integration-test/target/test-dir/MiniOzoneClusterImpl-392193b7-5f74-4576-b673-8ecf0040bfb3/datanode-1/data/ratis/016c1512-e650-470c-b621-884a75f1cf8b has been successfully formatted.
2019-07-29 15:21:41,194 INFO  ratis.ContainerStateMachine (ContainerStateMachine.java:loadSnapshot(213)) - group-884A75F1CF8B: The snapshot info is null. Setting the last applied indexto:(t:0, i:~)
2019-07-29 15:21:41,194 INFO  ratis.ContainerStateMachine (ContainerStateMachine.java:loadSnapshot(213)) - group-884A75F1CF8B: The snapshot info is null. Setting the last applied indexto:(t:0, i:~)
2019-07-29 15:21:41,194 INFO  ratis.ContainerStateMachine (ContainerStateMachine.java:loadSnapshot(213)) - group-884A75F1CF8B: The snapshot info is null. Setting the last applied indexto:(t:0, i:~)
2019-07-29 15:21:41,195 INFO  server.RaftServerConfigKeys (ConfUtils.java:logGet(43)) - raft.server.leader.election.timeout = 120s (custom)
2019-07-29 15:21:41,194 INFO  server.RaftServerConfigKeys (ConfUtils.java:logGet(43)) - raft.server.leader.election.timeout = 120s (custom)
2019-07-29 15:21:41,195 INFO  server.RaftServerConfigKeys (ConfUtils.java:logGet(43)) - raft.server.log.use.memory = false (default)
2019-07-29 15:21:41,195 INFO  server.RaftServerConfigKeys (ConfUtils.java:logGet(43)) - raft.server.leader.election.timeout = 120s (custom)
2019-07-29 15:21:41,195 INFO  server.RaftServerConfigKeys (ConfUtils.java:logGet(43)) - raft.server.log.purge.gap = 1000000000 (custom)
2019-07-29 15:21:41,196 INFO  server.RaftServerConfigKeys (ConfUtils.java:logGet(43)) - raft.server.log.appender.buffer.byte-limit = 33554432 (custom)
2019-07-29 15:21:41,195 INFO  server.RaftServerConfigKeys (ConfUtils.java:logGet(43)) - raft.server.log.use.memory = false (default)
2019-07-29 15:21:41,196 INFO  server.RaftServerConfigKeys (ConfUtils.java:logGet(43)) - raft.server.log.segment.size.max = 1048576 (custom)
2019-07-29 15:21:41,195 INFO  server.RaftServerConfigKeys (ConfUtils.java:logGet(43)) - raft.server.log.use.memory = false (default)
2019-07-29 15:21:41,196 INFO  server.RaftServerConfigKeys (ConfUtils.java:logGet(43)) - raft.server.log.segment.cache.num.max = 2 (custom)
2019-07-29 15:21:41,196 INFO  server.RaftServerConfigKeys (ConfUtils.java:logGet(43)) - raft.server.log.purge.gap = 1000000000 (custom)
2019-07-29 15:21:41,196 INFO  segmented.SegmentedRaftLogWorker (SegmentedRaftLogWorker.java:<init>(172)) - new 6ac22818-cdca-4d71-9cf8-b397b04daa4f-SegmentedRaftLogWorker:Storage Directory /workdir/hadoop-ozone/integration-test/target/test-dir/MiniOzoneClusterImpl-392193b7-5f74-4576-b673-8ecf0040bfb3/datanode-1/data/ratis/016c1512-e650-470c-b621-884a75f1cf8b for RaftStorage:Storage Directory /workdir/hadoop-ozone/integration-test/target/test-dir/MiniOzoneClusterImpl-392193b7-5f74-4576-b673-8ecf0040bfb3/datanode-1/data/ratis/016c1512-e650-470c-b621-884a75f1cf8b
2019-07-29 15:21:41,196 INFO  server.RaftServerConfigKeys (ConfUtils.java:logGet(43)) - raft.server.log.purge.gap = 1000000000 (custom)
2019-07-29 15:21:41,197 INFO  server.RaftServerConfigKeys (ConfUtils.java:logGet(43)) - raft.server.log.queue.byte-limit = 2147483647 (custom)
2019-07-29 15:21:41,197 INFO  server.RaftServerConfigKeys (ConfUtils.java:logGet(43)) - raft.server.log.appender.buffer.byte-limit = 33554432 (custom)
2019-07-29 15:21:41,197 INFO  server.RaftServerConfigKeys (ConfUtils.java:logGet(43)) - raft.server.log.queue.element-limit = 1024 (custom)
2019-07-29 15:21:41,197 INFO  server.RaftServerConfigKeys (ConfUtils.java:logGet(43)) - raft.server.log.appender.buffer.byte-limit = 33554432 (custom)
2019-07-29 15:21:41,197 INFO  server.RaftServerConfigKeys (ConfUtils.java:logGet(43)) - raft.server.log.segment.size.max = 1048576 (custom)
2019-07-29 15:21:41,198 INFO  server.RaftServerConfigKeys (ConfUtils.java:logGet(43)) - raft.server.log.preallocated.size = 16384 (custom)
2019-07-29 15:21:41,197 INFO  server.RaftServerConfigKeys (ConfUtils.java:logGet(43)) - raft.server.log.segment.size.max = 1048576 (custom)
2019-07-29 15:21:41,198 INFO  server.RaftServerConfigKeys (ConfUtils.java:logGet(43)) - raft.server.log.write.buffer.size = 33554432 (custom)
2019-07-29 15:21:41,198 INFO  server.RaftServerConfigKeys (ConfUtils.java:logGet(43)) - raft.server.log.force.sync.num = 128 (default)
2019-07-29 15:21:41,198 INFO  server.RaftServerConfigKeys (ConfUtils.java:logGet(43)) - raft.server.log.segment.size.max = 1048576 (custom)
2019-07-29 15:21:41,198 INFO  server.RaftServerConfigKeys (ConfUtils.java:logGet(43)) - raft.server.log.statemachine.data.sync = true (default)
2019-07-29 15:21:41,198 INFO  server.RaftServerConfigKeys (ConfUtils.java:logGet(43)) - raft.server.log.segment.cache.num.max = 2 (custom)
2019-07-29 15:21:41,199 INFO  server.RaftServerConfigKeys (ConfUtils.java:logGet(43)) - raft.server.log.statemachine.data.sync.timeout = 10s (default)
2019-07-29 15:21:41,198 INFO  server.RaftServerConfigKeys (ConfUtils.java:logGet(43)) - raft.server.log.segment.cache.num.max = 2 (custom)
2019-07-29 15:21:41,199 INFO  server.RaftServerConfigKeys (ConfUtils.java:logGet(43)) - raft.server.log.statemachine.data.sync.timeout.retry = -1 (default)
2019-07-29 15:21:41,199 INFO  segmented.SegmentedRaftLogWorker (SegmentedRaftLogWorker.java:<init>(172)) - new 945d3641-7a53-4648-9e30-b458d7e8703c-SegmentedRaftLogWorker:Storage Directory /workdir/hadoop-ozone/integration-test/target/test-dir/MiniOzoneClusterImpl-392193b7-5f74-4576-b673-8ecf0040bfb3/datanode-0/data/ratis/016c1512-e650-470c-b621-884a75f1cf8b for RaftStorage:Storage Directory /workdir/hadoop-ozone/integration-test/target/test-dir/MiniOzoneClusterImpl-392193b7-5f74-4576-b673-8ecf0040bfb3/datanode-0/data/ratis/016c1512-e650-470c-b621-884a75f1cf8b
2019-07-29 15:21:41,199 INFO  server.RaftServerConfigKeys (ConfUtils.java:logGet(43)) - raft.server.log.statemachine.data.caching.enabled = true (custom)
2019-07-29 15:21:41,199 INFO  segmented.SegmentedRaftLogWorker (SegmentedRaftLogWorker.java:<init>(172)) - new 9705bf9f-4f79-40e1-9d63-8b56fa695f58-SegmentedRaftLogWorker:Storage Directory /workdir/hadoop-ozone/integration-test/target/test-dir/MiniOzoneClusterImpl-392193b7-5f74-4576-b673-8ecf0040bfb3/datanode-2/data/ratis/016c1512-e650-470c-b621-884a75f1cf8b for RaftStorage:Storage Directory /workdir/hadoop-ozone/integration-test/target/test-dir/MiniOzoneClusterImpl-392193b7-5f74-4576-b673-8ecf0040bfb3/datanode-2/data/ratis/016c1512-e650-470c-b621-884a75f1cf8b
2019-07-29 15:21:41,200 INFO  server.RaftServerConfigKeys (ConfUtils.java:logGet(43)) - raft.server.log.queue.byte-limit = 2147483647 (custom)
2019-07-29 15:21:41,200 INFO  segmented.SegmentedRaftLogWorker (SegmentedRaftLogWorker.java:lambda$new$0(132)) - 6ac22818-cdca-4d71-9cf8-b397b04daa4f-SegmentedRaftLogWorker:Storage Directory /workdir/hadoop-ozone/integration-test/target/test-dir/MiniOzoneClusterImpl-392193b7-5f74-4576-b673-8ecf0040bfb3/datanode-1/data/ratis/016c1512-e650-470c-b621-884a75f1cf8b: flushIndex: setUnconditionally 0 -> -1
2019-07-29 15:21:41,200 INFO  server.RaftServerConfigKeys (ConfUtils.java:logGet(43)) - raft.server.log.queue.byte-limit = 2147483647 (custom)
2019-07-29 15:21:41,200 INFO  server.RaftServerConfigKeys (ConfUtils.java:logGet(43)) - raft.server.log.queue.element-limit = 1024 (custom)
2019-07-29 15:21:41,200 INFO  server.RaftServerConfigKeys (ConfUtils.java:logGet(43)) - raft.server.snapshot.auto.trigger.enabled = true (custom)
2019-07-29 15:21:41,200 INFO  server.RaftServerConfigKeys (ConfUtils.java:logGet(43)) - raft.server.log.queue.element-limit = 1024 (custom)
2019-07-29 15:21:41,201 INFO  server.RaftServerConfigKeys (ConfUtils.java:logGet(43)) - raft.server.snapshot.auto.trigger.threshold = 10000 (custom)
2019-07-29 15:21:41,201 INFO  server.RaftServerConfigKeys (ConfUtils.java:logGet(43)) - raft.server.log.segment.size.max = 1048576 (custom)
2019-07-29 15:21:41,201 INFO  server.RaftServerConfigKeys (ConfUtils.java:logGet(43)) - raft.server.retrycache.expirytime = 600000ms (custom)
2019-07-29 15:21:41,201 INFO  server.RaftServerConfigKeys (ConfUtils.java:logGet(43)) - raft.server.log.segment.size.max = 1048576 (custom)
2019-07-29 15:21:41,201 INFO  impl.RaftServerImpl (RaftServerImpl.java:start(180)) - 6ac22818-cdca-4d71-9cf8-b397b04daa4f: start group-884A75F1CF8B
2019-07-29 15:21:41,201 INFO  server.RaftServerConfigKeys (ConfUtils.java:logGet(43)) - raft.server.log.preallocated.size = 16384 (custom)
2019-07-29 15:21:41,202 INFO  impl.RaftServerImpl (RaftServerImpl.java:setRole(171)) - 6ac22818-cdca-4d71-9cf8-b397b04daa4f:group-884A75F1CF8B changes role from null to FOLLOWER at term 0 for startAsFollower
2019-07-29 15:21:41,201 INFO  server.RaftServerConfigKeys (ConfUtils.java:logGet(43)) - raft.server.log.preallocated.size = 16384 (custom)
2019-07-29 15:21:41,202 INFO  impl.RoleInfo (RoleInfo.java:updateAndGet(143)) - 6ac22818-cdca-4d71-9cf8-b397b04daa4f: start FollowerState
2019-07-29 15:21:41,202 INFO  server.RaftServerConfigKeys (ConfUtils.java:logGet(43)) - raft.server.log.write.buffer.size = 33554432 (custom)
2019-07-29 15:21:41,202 INFO  server.RaftServerConfigKeys (ConfUtils.java:logGet(43)) - raft.server.log.write.buffer.size = 33554432 (custom)
2019-07-29 15:21:41,203 INFO  util.JmxRegister (JmxRegister.java:tryRegister(44)) - Successfully registered JMX Bean with object name Ratis:service=RaftServer,group=group-884A75F1CF8B,id=6ac22818-cdca-4d71-9cf8-b397b04daa4f
2019-07-29 15:21:41,202 INFO  server.RaftServerConfigKeys (ConfUtils.java:logGet(43)) - raft.server.log.force.sync.num = 128 (default)
2019-07-29 15:21:41,203 INFO  server.RaftServerConfigKeys (ConfUtils.java:logGet(43)) - raft.server.log.force.sync.num = 128 (default)
2019-07-29 15:21:41,203 INFO  server.RaftServerConfigKeys (ConfUtils.java:logGet(43)) - raft.server.log.statemachine.data.sync = true (default)
2019-07-29 15:21:41,203 INFO  server.RaftServerConfigKeys (ConfUtils.java:logGet(43)) - raft.server.log.statemachine.data.sync = true (default)
2019-07-29 15:21:41,203 INFO  server.RaftServerConfigKeys (ConfUtils.java:logGet(43)) - raft.server.log.statemachine.data.sync.timeout = 10s (default)
2019-07-29 15:21:41,204 INFO  server.RaftServerConfigKeys (ConfUtils.java:logGet(43)) - raft.server.log.statemachine.data.sync.timeout.retry = -1 (default)
2019-07-29 15:21:41,204 INFO  server.RaftServerConfigKeys (ConfUtils.java:logGet(43)) - raft.server.log.statemachine.data.sync.timeout = 10s (default)
2019-07-29 15:21:41,204 INFO  server.RaftServerConfigKeys (ConfUtils.java:logGet(43)) - raft.server.log.statemachine.data.caching.enabled = true (custom)
2019-07-29 15:21:41,204 INFO  server.RaftServerConfigKeys (ConfUtils.java:logGet(43)) - raft.server.log.statemachine.data.sync.timeout.retry = -1 (default)
2019-07-29 15:21:41,204 INFO  segmented.SegmentedRaftLogWorker (SegmentedRaftLogWorker.java:lambda$new$0(132)) - 945d3641-7a53-4648-9e30-b458d7e8703c-SegmentedRaftLogWorker:Storage Directory /workdir/hadoop-ozone/integration-test/target/test-dir/MiniOzoneClusterImpl-392193b7-5f74-4576-b673-8ecf0040bfb3/datanode-0/data/ratis/016c1512-e650-470c-b621-884a75f1cf8b: flushIndex: setUnconditionally 0 -> -1
2019-07-29 15:21:41,205 INFO  server.RaftServerConfigKeys (ConfUtils.java:logGet(43)) - raft.server.log.statemachine.data.caching.enabled = true (custom)
2019-07-29 15:21:41,205 INFO  server.RaftServerConfigKeys (ConfUtils.java:logGet(43)) - raft.server.snapshot.auto.trigger.enabled = true (custom)
2019-07-29 15:21:41,205 INFO  server.RaftServerConfigKeys (ConfUtils.java:logGet(43)) - raft.server.snapshot.auto.trigger.threshold = 10000 (custom)
2019-07-29 15:21:41,205 INFO  segmented.SegmentedRaftLogWorker (SegmentedRaftLogWorker.java:lambda$new$0(132)) - 9705bf9f-4f79-40e1-9d63-8b56fa695f58-SegmentedRaftLogWorker:Storage Directory /workdir/hadoop-ozone/integration-test/target/test-dir/MiniOzoneClusterImpl-392193b7-5f74-4576-b673-8ecf0040bfb3/datanode-2/data/ratis/016c1512-e650-470c-b621-884a75f1cf8b: flushIndex: setUnconditionally 0 -> -1
2019-07-29 15:21:41,205 INFO  server.RaftServerConfigKeys (ConfUtils.java:logGet(43)) - raft.server.retrycache.expirytime = 600000ms (custom)
2019-07-29 15:21:41,205 INFO  impl.RaftServerImpl (RaftServerImpl.java:start(180)) - 945d3641-7a53-4648-9e30-b458d7e8703c: start group-884A75F1CF8B
2019-07-29 15:21:41,205 INFO  server.RaftServerConfigKeys (ConfUtils.java:logGet(43)) - raft.server.snapshot.auto.trigger.enabled = true (custom)
2019-07-29 15:21:41,206 INFO  impl.RaftServerImpl (RaftServerImpl.java:setRole(171)) - 945d3641-7a53-4648-9e30-b458d7e8703c:group-884A75F1CF8B changes role from null to FOLLOWER at term 0 for startAsFollower
2019-07-29 15:21:41,206 INFO  server.RaftServerConfigKeys (ConfUtils.java:logGet(43)) - raft.server.snapshot.auto.trigger.threshold = 10000 (custom)
2019-07-29 15:21:41,206 INFO  impl.RoleInfo (RoleInfo.java:updateAndGet(143)) - 945d3641-7a53-4648-9e30-b458d7e8703c: start FollowerState
2019-07-29 15:21:41,206 INFO  server.RaftServerConfigKeys (ConfUtils.java:logGet(43)) - raft.server.retrycache.expirytime = 600000ms (custom)
2019-07-29 15:21:41,206 INFO  impl.RaftServerImpl (RaftServerImpl.java:start(180)) - 9705bf9f-4f79-40e1-9d63-8b56fa695f58: start group-884A75F1CF8B
2019-07-29 15:21:41,206 INFO  util.JmxRegister (JmxRegister.java:tryRegister(44)) - Successfully registered JMX Bean with object name Ratis:service=RaftServer,group=group-884A75F1CF8B,id=945d3641-7a53-4648-9e30-b458d7e8703c
2019-07-29 15:21:41,206 INFO  impl.RaftServerImpl (RaftServerImpl.java:setRole(171)) - 9705bf9f-4f79-40e1-9d63-8b56fa695f58:group-884A75F1CF8B changes role from null to FOLLOWER at term 0 for startAsFollower
2019-07-29 15:21:41,207 INFO  impl.RoleInfo (RoleInfo.java:updateAndGet(143)) - 9705bf9f-4f79-40e1-9d63-8b56fa695f58: start FollowerState
2019-07-29 15:21:41,207 INFO  util.JmxRegister (JmxRegister.java:tryRegister(44)) - Successfully registered JMX Bean with object name Ratis:service=RaftServer,group=group-884A75F1CF8B,id=9705bf9f-4f79-40e1-9d63-8b56fa695f58
2019-07-29 15:21:41,209 INFO  pipeline.PipelineStateManager (PipelineStateManager.java:addPipeline(56)) - Created pipeline Pipeline[ Id: 016c1512-e650-470c-b621-884a75f1cf8b, Nodes: 9705bf9f-4f79-40e1-9d63-8b56fa695f58{ip: 192.168.157.194, host: byscane-nightly-74r8j-760408800, networkLocation: /default-rack, certSerialId: null}945d3641-7a53-4648-9e30-b458d7e8703c{ip: 192.168.157.194, host: byscane-nightly-74r8j-760408800, networkLocation: /default-rack, certSerialId: null}6ac22818-cdca-4d71-9cf8-b397b04daa4f{ip: 192.168.157.194, host: byscane-nightly-74r8j-760408800, networkLocation: /default-rack, certSerialId: null}, Type:RATIS, Factor:THREE, State:OPEN]
2019-07-29 15:21:41,425 INFO  net.NetworkTopology (NetworkTopologyImpl.java:add(110)) - Added a new node: /default-rack/fa9d0e52-a768-41c3-8968-008b1a8ad335
2019-07-29 15:21:41,425 INFO  node.SCMNodeManager (SCMNodeManager.java:register(273)) - Registered Data node : fa9d0e52-a768-41c3-8968-008b1a8ad335{ip: 192.168.157.194, host: byscane-nightly-74r8j-760408800, networkLocation: /default-rack, certSerialId: null}
2019-07-29 15:21:41,432 INFO  impl.RaftServerProxy (RaftServerProxy.java:addNew(89)) - fa9d0e52-a768-41c3-8968-008b1a8ad335: addNew group-3681BEF178A2:[fa9d0e52-a768-41c3-8968-008b1a8ad335:192.168.157.194:44036] returns group-3681BEF178A2:java.util.concurrent.CompletableFuture@2c52df74[Not completed]
2019-07-29 15:21:41,433 INFO  impl.RaftServerImpl (RaftServerImpl.java:<init>(93)) - fa9d0e52-a768-41c3-8968-008b1a8ad335: new RaftServerImpl for group-3681BEF178A2:[fa9d0e52-a768-41c3-8968-008b1a8ad335:192.168.157.194:44036] with ContainerStateMachine:uninitialized
2019-07-29 15:21:41,433 INFO  server.RaftServerConfigKeys (ConfUtils.java:logGet(43)) - raft.server.rpc.timeout.min = 5s (custom)
2019-07-29 15:21:41,434 INFO  server.RaftServerConfigKeys (ConfUtils.java:logGet(43)) - raft.server.rpc.timeout.max = 5200ms (custom)
2019-07-29 15:21:41,434 INFO  server.RaftServerConfigKeys (ConfUtils.java:logGet(43)) - raft.server.rpcslowness.timeout = 120s (custom)
2019-07-29 15:21:41,434 INFO  server.RaftServerConfigKeys (ConfUtils.java:logGet(43)) - raft.server.sleep.deviation.threshold = 300 (default)
2019-07-29 15:21:41,434 INFO  server.RaftServerConfigKeys (ConfUtils.java:logGet(43)) - raft.server.log.appender.install.snapshot.enabled = false (custom)
2019-07-29 15:21:41,434 INFO  impl.RaftServerImpl (ServerState.java:<init>(105)) - fa9d0e52-a768-41c3-8968-008b1a8ad335:group-3681BEF178A2 ConfigurationManager, init=-1: [fa9d0e52-a768-41c3-8968-008b1a8ad335:192.168.157.194:44036], old=null, confs=<EMPTY_MAP>
2019-07-29 15:21:41,434 INFO  server.RaftServerConfigKeys (ConfUtils.java:logGet(43)) - raft.server.storage.dir = [/workdir/hadoop-ozone/integration-test/target/test-dir/MiniOzoneClusterImpl-392193b7-5f74-4576-b673-8ecf0040bfb3/datanode-3/data/ratis] (custom)
2019-07-29 15:21:41,435 INFO  storage.RaftStorageDirectory (RaftStorageDirectory.java:analyzeStorage(246)) - The storage directory /workdir/hadoop-ozone/integration-test/target/test-dir/MiniOzoneClusterImpl-392193b7-5f74-4576-b673-8ecf0040bfb3/datanode-3/data/ratis/44524a35-23ca-4d2a-ab17-3681bef178a2 does not exist. Creating ...
2019-07-29 15:21:41,448 INFO  storage.RaftStorageDirectory (RaftStorageDirectory.java:tryLock(328)) - Lock on /workdir/hadoop-ozone/integration-test/target/test-dir/MiniOzoneClusterImpl-392193b7-5f74-4576-b673-8ecf0040bfb3/datanode-3/data/ratis/44524a35-23ca-4d2a-ab17-3681bef178a2/in_use.lock acquired by nodename 31275@byscane-nightly-74r8j-760408800
2019-07-29 15:21:41,462 INFO  storage.RaftStorage (RaftStorage.java:format(72)) - Storage directory /workdir/hadoop-ozone/integration-test/target/test-dir/MiniOzoneClusterImpl-392193b7-5f74-4576-b673-8ecf0040bfb3/datanode-3/data/ratis/44524a35-23ca-4d2a-ab17-3681bef178a2 has been successfully formatted.
2019-07-29 15:21:41,462 INFO  ratis.ContainerStateMachine (ContainerStateMachine.java:loadSnapshot(213)) - group-3681BEF178A2: The snapshot info is null. Setting the last applied indexto:(t:0, i:~)
2019-07-29 15:21:41,462 INFO  server.RaftServerConfigKeys (ConfUtils.java:logGet(43)) - raft.server.leader.election.timeout = 120s (custom)
2019-07-29 15:21:41,462 INFO  server.RaftServerConfigKeys (ConfUtils.java:logGet(43)) - raft.server.log.use.memory = false (default)
2019-07-29 15:21:41,463 INFO  server.RaftServerConfigKeys (ConfUtils.java:logGet(43)) - raft.server.log.purge.gap = 1000000000 (custom)
2019-07-29 15:21:41,463 INFO  server.RaftServerConfigKeys (ConfUtils.java:logGet(43)) - raft.server.log.appender.buffer.byte-limit = 33554432 (custom)
2019-07-29 15:21:41,463 INFO  server.RaftServerConfigKeys (ConfUtils.java:logGet(43)) - raft.server.log.segment.size.max = 1048576 (custom)
2019-07-29 15:21:41,463 INFO  server.RaftServerConfigKeys (ConfUtils.java:logGet(43)) - raft.server.log.segment.cache.num.max = 2 (custom)
2019-07-29 15:21:41,463 INFO  segmented.SegmentedRaftLogWorker (SegmentedRaftLogWorker.java:<init>(172)) - new fa9d0e52-a768-41c3-8968-008b1a8ad335-SegmentedRaftLogWorker:Storage Directory /workdir/hadoop-ozone/integration-test/target/test-dir/MiniOzoneClusterImpl-392193b7-5f74-4576-b673-8ecf0040bfb3/datanode-3/data/ratis/44524a35-23ca-4d2a-ab17-3681bef178a2 for RaftStorage:Storage Directory /workdir/hadoop-ozone/integration-test/target/test-dir/MiniOzoneClusterImpl-392193b7-5f74-4576-b673-8ecf0040bfb3/datanode-3/data/ratis/44524a35-23ca-4d2a-ab17-3681bef178a2
2019-07-29 15:21:41,463 INFO  server.RaftServerConfigKeys (ConfUtils.java:logGet(43)) - raft.server.log.queue.byte-limit = 2147483647 (custom)
2019-07-29 15:21:41,463 INFO  server.RaftServerConfigKeys (ConfUtils.java:logGet(43)) - raft.server.log.queue.element-limit = 1024 (custom)
2019-07-29 15:21:41,464 INFO  server.RaftServerConfigKeys (ConfUtils.java:logGet(43)) - raft.server.log.segment.size.max = 1048576 (custom)
2019-07-29 15:21:41,464 INFO  server.RaftServerConfigKeys (ConfUtils.java:logGet(43)) - raft.server.log.preallocated.size = 16384 (custom)
2019-07-29 15:21:41,464 INFO  server.RaftServerConfigKeys (ConfUtils.java:logGet(43)) - raft.server.log.write.buffer.size = 33554432 (custom)
2019-07-29 15:21:41,464 INFO  server.RaftServerConfigKeys (ConfUtils.java:logGet(43)) - raft.server.log.force.sync.num = 128 (default)
2019-07-29 15:21:41,464 INFO  server.RaftServerConfigKeys (ConfUtils.java:logGet(43)) - raft.server.log.statemachine.data.sync = true (default)
2019-07-29 15:21:41,464 INFO  server.RaftServerConfigKeys (ConfUtils.java:logGet(43)) - raft.server.log.statemachine.data.sync.timeout = 10s (default)
2019-07-29 15:21:41,465 INFO  server.RaftServerConfigKeys (ConfUtils.java:logGet(43)) - raft.server.log.statemachine.data.sync.timeout.retry = -1 (default)
2019-07-29 15:21:41,465 INFO  server.RaftServerConfigKeys (ConfUtils.java:logGet(43)) - raft.server.log.statemachine.data.caching.enabled = true (custom)
2019-07-29 15:21:41,465 INFO  segmented.SegmentedRaftLogWorker (SegmentedRaftLogWorker.java:lambda$new$0(132)) - fa9d0e52-a768-41c3-8968-008b1a8ad335-SegmentedRaftLogWorker:Storage Directory /workdir/hadoop-ozone/integration-test/target/test-dir/MiniOzoneClusterImpl-392193b7-5f74-4576-b673-8ecf0040bfb3/datanode-3/data/ratis/44524a35-23ca-4d2a-ab17-3681bef178a2: flushIndex: setUnconditionally 0 -> -1
2019-07-29 15:21:41,465 INFO  server.RaftServerConfigKeys (ConfUtils.java:logGet(43)) - raft.server.snapshot.auto.trigger.enabled = true (custom)
2019-07-29 15:21:41,466 INFO  server.RaftServerConfigKeys (ConfUtils.java:logGet(43)) - raft.server.snapshot.auto.trigger.threshold = 10000 (custom)
2019-07-29 15:21:41,466 INFO  server.RaftServerConfigKeys (ConfUtils.java:logGet(43)) - raft.server.retrycache.expirytime = 600000ms (custom)
2019-07-29 15:21:41,466 INFO  impl.RaftServerImpl (RaftServerImpl.java:start(180)) - fa9d0e52-a768-41c3-8968-008b1a8ad335: start group-3681BEF178A2
2019-07-29 15:21:41,466 INFO  impl.RaftServerImpl (RaftServerImpl.java:setRole(171)) - fa9d0e52-a768-41c3-8968-008b1a8ad335:group-3681BEF178A2 changes role from null to FOLLOWER at term 0 for startAsFollower
2019-07-29 15:21:41,466 INFO  impl.RoleInfo (RoleInfo.java:updateAndGet(143)) - fa9d0e52-a768-41c3-8968-008b1a8ad335: start FollowerState
2019-07-29 15:21:41,477 INFO  util.JmxRegister (JmxRegister.java:tryRegister(44)) - Successfully registered JMX Bean with object name Ratis:service=RaftServer,group=group-3681BEF178A2,id=fa9d0e52-a768-41c3-8968-008b1a8ad335
2019-07-29 15:21:41,488 INFO  pipeline.PipelineStateManager (PipelineStateManager.java:addPipeline(56)) - Created pipeline Pipeline[ Id: 44524a35-23ca-4d2a-ab17-3681bef178a2, Nodes: fa9d0e52-a768-41c3-8968-008b1a8ad335{ip: 192.168.157.194, host: byscane-nightly-74r8j-760408800, networkLocation: /default-rack, certSerialId: null}, Type:RATIS, Factor:ONE, State:OPEN]
2019-07-29 15:21:41,614 INFO  net.NetworkTopology (NetworkTopologyImpl.java:add(110)) - Added a new node: /default-rack/53a34721-2cd9-447b-bbac-6aced2b729b1
2019-07-29 15:21:41,614 INFO  node.SCMNodeManager (SCMNodeManager.java:register(273)) - Registered Data node : 53a34721-2cd9-447b-bbac-6aced2b729b1{ip: 192.168.157.194, host: byscane-nightly-74r8j-760408800, networkLocation: /default-rack, certSerialId: null}
2019-07-29 15:21:41,620 INFO  impl.RaftServerProxy (RaftServerProxy.java:addNew(89)) - 53a34721-2cd9-447b-bbac-6aced2b729b1: addNew group-953E822C02B0:[53a34721-2cd9-447b-bbac-6aced2b729b1:192.168.157.194:40688] returns group-953E822C02B0:java.util.concurrent.CompletableFuture@48c697f3[Not completed]
2019-07-29 15:21:41,622 INFO  impl.RaftServerImpl (RaftServerImpl.java:<init>(93)) - 53a34721-2cd9-447b-bbac-6aced2b729b1: new RaftServerImpl for group-953E822C02B0:[53a34721-2cd9-447b-bbac-6aced2b729b1:192.168.157.194:40688] with ContainerStateMachine:uninitialized
2019-07-29 15:21:41,622 INFO  server.RaftServerConfigKeys (ConfUtils.java:logGet(43)) - raft.server.rpc.timeout.min = 5s (custom)
2019-07-29 15:21:41,622 INFO  server.RaftServerConfigKeys (ConfUtils.java:logGet(43)) - raft.server.rpc.timeout.max = 5200ms (custom)
2019-07-29 15:21:41,622 INFO  server.RaftServerConfigKeys (ConfUtils.java:logGet(43)) - raft.server.rpcslowness.timeout = 120s (custom)
2019-07-29 15:21:41,622 INFO  server.RaftServerConfigKeys (ConfUtils.java:logGet(43)) - raft.server.sleep.deviation.threshold = 300 (default)
2019-07-29 15:21:41,622 INFO  server.RaftServerConfigKeys (ConfUtils.java:logGet(43)) - raft.server.log.appender.install.snapshot.enabled = false (custom)
2019-07-29 15:21:41,622 INFO  impl.RaftServerImpl (ServerState.java:<init>(105)) - 53a34721-2cd9-447b-bbac-6aced2b729b1:group-953E822C02B0 ConfigurationManager, init=-1: [53a34721-2cd9-447b-bbac-6aced2b729b1:192.168.157.194:40688], old=null, confs=<EMPTY_MAP>
2019-07-29 15:21:41,623 INFO  server.RaftServerConfigKeys (ConfUtils.java:logGet(43)) - raft.server.storage.dir = [/workdir/hadoop-ozone/integration-test/target/test-dir/MiniOzoneClusterImpl-392193b7-5f74-4576-b673-8ecf0040bfb3/datanode-4/data/ratis] (custom)
2019-07-29 15:21:41,623 INFO  storage.RaftStorageDirectory (RaftStorageDirectory.java:analyzeStorage(246)) - The storage directory /workdir/hadoop-ozone/integration-test/target/test-dir/MiniOzoneClusterImpl-392193b7-5f74-4576-b673-8ecf0040bfb3/datanode-4/data/ratis/a135aabd-7433-4366-bfc9-953e822c02b0 does not exist. Creating ...
2019-07-29 15:21:41,636 INFO  storage.RaftStorageDirectory (RaftStorageDirectory.java:tryLock(328)) - Lock on /workdir/hadoop-ozone/integration-test/target/test-dir/MiniOzoneClusterImpl-392193b7-5f74-4576-b673-8ecf0040bfb3/datanode-4/data/ratis/a135aabd-7433-4366-bfc9-953e822c02b0/in_use.lock acquired by nodename 31275@byscane-nightly-74r8j-760408800
2019-07-29 15:21:41,651 INFO  storage.RaftStorage (RaftStorage.java:format(72)) - Storage directory /workdir/hadoop-ozone/integration-test/target/test-dir/MiniOzoneClusterImpl-392193b7-5f74-4576-b673-8ecf0040bfb3/datanode-4/data/ratis/a135aabd-7433-4366-bfc9-953e822c02b0 has been successfully formatted.
2019-07-29 15:21:41,651 INFO  ratis.ContainerStateMachine (ContainerStateMachine.java:loadSnapshot(213)) - group-953E822C02B0: The snapshot info is null. Setting the last applied indexto:(t:0, i:~)
2019-07-29 15:21:41,651 INFO  server.RaftServerConfigKeys (ConfUtils.java:logGet(43)) - raft.server.leader.election.timeout = 120s (custom)
2019-07-29 15:21:41,652 INFO  server.RaftServerConfigKeys (ConfUtils.java:logGet(43)) - raft.server.log.use.memory = false (default)
2019-07-29 15:21:41,652 INFO  server.RaftServerConfigKeys (ConfUtils.java:logGet(43)) - raft.server.log.purge.gap = 1000000000 (custom)
2019-07-29 15:21:41,652 INFO  server.RaftServerConfigKeys (ConfUtils.java:logGet(43)) - raft.server.log.appender.buffer.byte-limit = 33554432 (custom)
2019-07-29 15:21:41,652 INFO  server.RaftServerConfigKeys (ConfUtils.java:logGet(43)) - raft.server.log.segment.size.max = 1048576 (custom)
2019-07-29 15:21:41,652 INFO  server.RaftServerConfigKeys (ConfUtils.java:logGet(43)) - raft.server.log.segment.cache.num.max = 2 (custom)
2019-07-29 15:21:41,652 INFO  segmented.SegmentedRaftLogWorker (SegmentedRaftLogWorker.java:<init>(172)) - new 53a34721-2cd9-447b-bbac-6aced2b729b1-SegmentedRaftLogWorker:Storage Directory /workdir/hadoop-ozone/integration-test/target/test-dir/MiniOzoneClusterImpl-392193b7-5f74-4576-b673-8ecf0040bfb3/datanode-4/data/ratis/a135aabd-7433-4366-bfc9-953e822c02b0 for RaftStorage:Storage Directory /workdir/hadoop-ozone/integration-test/target/test-dir/MiniOzoneClusterImpl-392193b7-5f74-4576-b673-8ecf0040bfb3/datanode-4/data/ratis/a135aabd-7433-4366-bfc9-953e822c02b0
2019-07-29 15:21:41,652 INFO  server.RaftServerConfigKeys (ConfUtils.java:logGet(43)) - raft.server.log.queue.byte-limit = 2147483647 (custom)
2019-07-29 15:21:41,653 INFO  server.RaftServerConfigKeys (ConfUtils.java:logGet(43)) - raft.server.log.queue.element-limit = 1024 (custom)
2019-07-29 15:21:41,653 INFO  server.RaftServerConfigKeys (ConfUtils.java:logGet(43)) - raft.server.log.segment.size.max = 1048576 (custom)
2019-07-29 15:21:41,653 INFO  server.RaftServerConfigKeys (ConfUtils.java:logGet(43)) - raft.server.log.preallocated.size = 16384 (custom)
2019-07-29 15:21:41,653 INFO  server.RaftServerConfigKeys (ConfUtils.java:logGet(43)) - raft.server.log.write.buffer.size = 33554432 (custom)
2019-07-29 15:21:41,653 INFO  server.RaftServerConfigKeys (ConfUtils.java:logGet(43)) - raft.server.log.force.sync.num = 128 (default)
2019-07-29 15:21:41,653 INFO  server.RaftServerConfigKeys (ConfUtils.java:logGet(43)) - raft.server.log.statemachine.data.sync = true (default)
2019-07-29 15:21:41,654 INFO  server.RaftServerConfigKeys (ConfUtils.java:logGet(43)) - raft.server.log.statemachine.data.sync.timeout = 10s (default)
2019-07-29 15:21:41,654 INFO  server.RaftServerConfigKeys (ConfUtils.java:logGet(43)) - raft.server.log.statemachine.data.sync.timeout.retry = -1 (default)
2019-07-29 15:21:41,654 INFO  server.RaftServerConfigKeys (ConfUtils.java:logGet(43)) - raft.server.log.statemachine.data.caching.enabled = true (custom)
2019-07-29 15:21:41,654 INFO  segmented.SegmentedRaftLogWorker (SegmentedRaftLogWorker.java:lambda$new$0(132)) - 53a34721-2cd9-447b-bbac-6aced2b729b1-SegmentedRaftLogWorker:Storage Directory /workdir/hadoop-ozone/integration-test/target/test-dir/MiniOzoneClusterImpl-392193b7-5f74-4576-b673-8ecf0040bfb3/datanode-4/data/ratis/a135aabd-7433-4366-bfc9-953e822c02b0: flushIndex: setUnconditionally 0 -> -1
2019-07-29 15:21:41,655 INFO  server.RaftServerConfigKeys (ConfUtils.java:logGet(43)) - raft.server.snapshot.auto.trigger.enabled = true (custom)
2019-07-29 15:21:41,655 INFO  server.RaftServerConfigKeys (ConfUtils.java:logGet(43)) - raft.server.snapshot.auto.trigger.threshold = 10000 (custom)
2019-07-29 15:21:41,655 INFO  server.RaftServerConfigKeys (ConfUtils.java:logGet(43)) - raft.server.retrycache.expirytime = 600000ms (custom)
2019-07-29 15:21:41,655 INFO  impl.RaftServerImpl (RaftServerImpl.java:start(180)) - 53a34721-2cd9-447b-bbac-6aced2b729b1: start group-953E822C02B0
2019-07-29 15:21:41,655 INFO  impl.RaftServerImpl (RaftServerImpl.java:setRole(171)) - 53a34721-2cd9-447b-bbac-6aced2b729b1:group-953E822C02B0 changes role from null to FOLLOWER at term 0 for startAsFollower
2019-07-29 15:21:41,656 INFO  impl.RoleInfo (RoleInfo.java:updateAndGet(143)) - 53a34721-2cd9-447b-bbac-6aced2b729b1: start FollowerState
2019-07-29 15:21:41,656 INFO  util.JmxRegister (JmxRegister.java:tryRegister(44)) - Successfully registered JMX Bean with object name Ratis:service=RaftServer,group=group-953E822C02B0,id=53a34721-2cd9-447b-bbac-6aced2b729b1
2019-07-29 15:21:41,658 INFO  pipeline.PipelineStateManager (PipelineStateManager.java:addPipeline(56)) - Created pipeline Pipeline[ Id: a135aabd-7433-4366-bfc9-953e822c02b0, Nodes: 53a34721-2cd9-447b-bbac-6aced2b729b1{ip: 192.168.157.194, host: byscane-nightly-74r8j-760408800, networkLocation: /default-rack, certSerialId: null}, Type:RATIS, Factor:ONE, State:OPEN]
2019-07-29 15:21:41,811 INFO  net.NetworkTopology (NetworkTopologyImpl.java:add(110)) - Added a new node: /default-rack/ea7b7c0e-fb12-41ce-8f6a-536568e7c128
2019-07-29 15:21:41,811 INFO  node.SCMNodeManager (SCMNodeManager.java:register(273)) - Registered Data node : ea7b7c0e-fb12-41ce-8f6a-536568e7c128{ip: 192.168.157.194, host: byscane-nightly-74r8j-760408800, networkLocation: /default-rack, certSerialId: null}
2019-07-29 15:21:41,820 INFO  impl.RaftServerProxy (RaftServerProxy.java:addNew(89)) - ea7b7c0e-fb12-41ce-8f6a-536568e7c128: addNew group-306EF0E70560:[ea7b7c0e-fb12-41ce-8f6a-536568e7c128:192.168.157.194:35645] returns group-306EF0E70560:java.util.concurrent.CompletableFuture@70ced55a[Not completed]
2019-07-29 15:21:41,821 INFO  impl.RaftServerImpl (RaftServerImpl.java:<init>(93)) - ea7b7c0e-fb12-41ce-8f6a-536568e7c128: new RaftServerImpl for group-306EF0E70560:[ea7b7c0e-fb12-41ce-8f6a-536568e7c128:192.168.157.194:35645] with ContainerStateMachine:uninitialized
2019-07-29 15:21:41,821 INFO  server.RaftServerConfigKeys (ConfUtils.java:logGet(43)) - raft.server.rpc.timeout.min = 5s (custom)
2019-07-29 15:21:41,821 INFO  server.RaftServerConfigKeys (ConfUtils.java:logGet(43)) - raft.server.rpc.timeout.max = 5200ms (custom)
2019-07-29 15:21:41,821 INFO  server.RaftServerConfigKeys (ConfUtils.java:logGet(43)) - raft.server.rpcslowness.timeout = 120s (custom)
2019-07-29 15:21:41,822 INFO  server.RaftServerConfigKeys (ConfUtils.java:logGet(43)) - raft.server.sleep.deviation.threshold = 300 (default)
2019-07-29 15:21:41,822 INFO  server.RaftServerConfigKeys (ConfUtils.java:logGet(43)) - raft.server.log.appender.install.snapshot.enabled = false (custom)
2019-07-29 15:21:41,822 INFO  impl.RaftServerImpl (ServerState.java:<init>(105)) - ea7b7c0e-fb12-41ce-8f6a-536568e7c128:group-306EF0E70560 ConfigurationManager, init=-1: [ea7b7c0e-fb12-41ce-8f6a-536568e7c128:192.168.157.194:35645], old=null, confs=<EMPTY_MAP>
2019-07-29 15:21:41,822 INFO  server.RaftServerConfigKeys (ConfUtils.java:logGet(43)) - raft.server.storage.dir = [/workdir/hadoop-ozone/integration-test/target/test-dir/MiniOzoneClusterImpl-392193b7-5f74-4576-b673-8ecf0040bfb3/datanode-5/data/ratis] (custom)
2019-07-29 15:21:41,822 INFO  storage.RaftStorageDirectory (RaftStorageDirectory.java:analyzeStorage(246)) - The storage directory /workdir/hadoop-ozone/integration-test/target/test-dir/MiniOzoneClusterImpl-392193b7-5f74-4576-b673-8ecf0040bfb3/datanode-5/data/ratis/5b458a6c-f728-4a81-81b1-306ef0e70560 does not exist. Creating ...
2019-07-29 15:21:41,836 INFO  storage.RaftStorageDirectory (RaftStorageDirectory.java:tryLock(328)) - Lock on /workdir/hadoop-ozone/integration-test/target/test-dir/MiniOzoneClusterImpl-392193b7-5f74-4576-b673-8ecf0040bfb3/datanode-5/data/ratis/5b458a6c-f728-4a81-81b1-306ef0e70560/in_use.lock acquired by nodename 31275@byscane-nightly-74r8j-760408800
2019-07-29 15:21:41,849 INFO  storage.RaftStorage (RaftStorage.java:format(72)) - Storage directory /workdir/hadoop-ozone/integration-test/target/test-dir/MiniOzoneClusterImpl-392193b7-5f74-4576-b673-8ecf0040bfb3/datanode-5/data/ratis/5b458a6c-f728-4a81-81b1-306ef0e70560 has been successfully formatted.
2019-07-29 15:21:41,849 INFO  ratis.ContainerStateMachine (ContainerStateMachine.java:loadSnapshot(213)) - group-306EF0E70560: The snapshot info is null. Setting the last applied indexto:(t:0, i:~)
2019-07-29 15:21:41,849 INFO  server.RaftServerConfigKeys (ConfUtils.java:logGet(43)) - raft.server.leader.election.timeout = 120s (custom)
2019-07-29 15:21:41,850 INFO  server.RaftServerConfigKeys (ConfUtils.java:logGet(43)) - raft.server.log.use.memory = false (default)
2019-07-29 15:21:41,850 INFO  server.RaftServerConfigKeys (ConfUtils.java:logGet(43)) - raft.server.log.purge.gap = 1000000000 (custom)
2019-07-29 15:21:41,850 INFO  server.RaftServerConfigKeys (ConfUtils.java:logGet(43)) - raft.server.log.appender.buffer.byte-limit = 33554432 (custom)
2019-07-29 15:21:41,850 INFO  server.RaftServerConfigKeys (ConfUtils.java:logGet(43)) - raft.server.log.segment.size.max = 1048576 (custom)
2019-07-29 15:21:41,850 INFO  server.RaftServerConfigKeys (ConfUtils.java:logGet(43)) - raft.server.log.segment.cache.num.max = 2 (custom)
2019-07-29 15:21:41,850 INFO  segmented.SegmentedRaftLogWorker (SegmentedRaftLogWorker.java:<init>(172)) - new ea7b7c0e-fb12-41ce-8f6a-536568e7c128-SegmentedRaftLogWorker:Storage Directory /workdir/hadoop-ozone/integration-test/target/test-dir/MiniOzoneClusterImpl-392193b7-5f74-4576-b673-8ecf0040bfb3/datanode-5/data/ratis/5b458a6c-f728-4a81-81b1-306ef0e70560 for RaftStorage:Storage Directory /workdir/hadoop-ozone/integration-test/target/test-dir/MiniOzoneClusterImpl-392193b7-5f74-4576-b673-8ecf0040bfb3/datanode-5/data/ratis/5b458a6c-f728-4a81-81b1-306ef0e70560
2019-07-29 15:21:41,850 INFO  server.RaftServerConfigKeys (ConfUtils.java:logGet(43)) - raft.server.log.queue.byte-limit = 2147483647 (custom)
2019-07-29 15:21:41,851 INFO  server.RaftServerConfigKeys (ConfUtils.java:logGet(43)) - raft.server.log.queue.element-limit = 1024 (custom)
2019-07-29 15:21:41,851 INFO  server.RaftServerConfigKeys (ConfUtils.java:logGet(43)) - raft.server.log.segment.size.max = 1048576 (custom)
2019-07-29 15:21:41,851 INFO  server.RaftServerConfigKeys (ConfUtils.java:logGet(43)) - raft.server.log.preallocated.size = 16384 (custom)
2019-07-29 15:21:41,851 INFO  server.RaftServerConfigKeys (ConfUtils.java:logGet(43)) - raft.server.log.write.buffer.size = 33554432 (custom)
2019-07-29 15:21:41,851 INFO  server.RaftServerConfigKeys (ConfUtils.java:logGet(43)) - raft.server.log.force.sync.num = 128 (default)
2019-07-29 15:21:41,851 INFO  server.RaftServerConfigKeys (ConfUtils.java:logGet(43)) - raft.server.log.statemachine.data.sync = true (default)
2019-07-29 15:21:41,852 INFO  server.RaftServerConfigKeys (ConfUtils.java:logGet(43)) - raft.server.log.statemachine.data.sync.timeout = 10s (default)
2019-07-29 15:21:41,852 INFO  server.RaftServerConfigKeys (ConfUtils.java:logGet(43)) - raft.server.log.statemachine.data.sync.timeout.retry = -1 (default)
2019-07-29 15:21:41,852 INFO  server.RaftServerConfigKeys (ConfUtils.java:logGet(43)) - raft.server.log.statemachine.data.caching.enabled = true (custom)
2019-07-29 15:21:41,852 INFO  segmented.SegmentedRaftLogWorker (SegmentedRaftLogWorker.java:lambda$new$0(132)) - ea7b7c0e-fb12-41ce-8f6a-536568e7c128-SegmentedRaftLogWorker:Storage Directory /workdir/hadoop-ozone/integration-test/target/test-dir/MiniOzoneClusterImpl-392193b7-5f74-4576-b673-8ecf0040bfb3/datanode-5/data/ratis/5b458a6c-f728-4a81-81b1-306ef0e70560: flushIndex: setUnconditionally 0 -> -1
2019-07-29 15:21:41,853 INFO  server.RaftServerConfigKeys (ConfUtils.java:logGet(43)) - raft.server.snapshot.auto.trigger.enabled = true (custom)
2019-07-29 15:21:41,853 INFO  server.RaftServerConfigKeys (ConfUtils.java:logGet(43)) - raft.server.snapshot.auto.trigger.threshold = 10000 (custom)
2019-07-29 15:21:41,853 INFO  server.RaftServerConfigKeys (ConfUtils.java:logGet(43)) - raft.server.retrycache.expirytime = 600000ms (custom)
2019-07-29 15:21:41,853 INFO  impl.RaftServerImpl (RaftServerImpl.java:start(180)) - ea7b7c0e-fb12-41ce-8f6a-536568e7c128: start group-306EF0E70560
2019-07-29 15:21:41,853 INFO  impl.RaftServerImpl (RaftServerImpl.java:setRole(171)) - ea7b7c0e-fb12-41ce-8f6a-536568e7c128:group-306EF0E70560 changes role from null to FOLLOWER at term 0 for startAsFollower
2019-07-29 15:21:41,854 INFO  impl.RoleInfo (RoleInfo.java:updateAndGet(143)) - ea7b7c0e-fb12-41ce-8f6a-536568e7c128: start FollowerState
2019-07-29 15:21:41,854 INFO  util.JmxRegister (JmxRegister.java:tryRegister(44)) - Successfully registered JMX Bean with object name Ratis:service=RaftServer,group=group-306EF0E70560,id=ea7b7c0e-fb12-41ce-8f6a-536568e7c128
2019-07-29 15:21:41,856 INFO  pipeline.PipelineStateManager (PipelineStateManager.java:addPipeline(56)) - Created pipeline Pipeline[ Id: 5b458a6c-f728-4a81-81b1-306ef0e70560, Nodes: ea7b7c0e-fb12-41ce-8f6a-536568e7c128{ip: 192.168.157.194, host: byscane-nightly-74r8j-760408800, networkLocation: /default-rack, certSerialId: null}, Type:RATIS, Factor:ONE, State:OPEN]
2019-07-29 15:21:41,865 INFO  impl.RaftServerProxy (RaftServerProxy.java:addNew(89)) - 53a34721-2cd9-447b-bbac-6aced2b729b1: addNew group-C9F0E8A3F2C0:[fa9d0e52-a768-41c3-8968-008b1a8ad335:192.168.157.194:44036, ea7b7c0e-fb12-41ce-8f6a-536568e7c128:192.168.157.194:35645, 53a34721-2cd9-447b-bbac-6aced2b729b1:192.168.157.194:40688] returns group-C9F0E8A3F2C0:java.util.concurrent.CompletableFuture@a3eb127[Not completed]
2019-07-29 15:21:41,866 INFO  impl.RaftServerProxy (RaftServerProxy.java:addNew(89)) - ea7b7c0e-fb12-41ce-8f6a-536568e7c128: addNew group-C9F0E8A3F2C0:[fa9d0e52-a768-41c3-8968-008b1a8ad335:192.168.157.194:44036, ea7b7c0e-fb12-41ce-8f6a-536568e7c128:192.168.157.194:35645, 53a34721-2cd9-447b-bbac-6aced2b729b1:192.168.157.194:40688] returns group-C9F0E8A3F2C0:java.util.concurrent.CompletableFuture@5401768e[Not completed]
2019-07-29 15:21:41,865 INFO  impl.RaftServerProxy (RaftServerProxy.java:addNew(89)) - fa9d0e52-a768-41c3-8968-008b1a8ad335: addNew group-C9F0E8A3F2C0:[fa9d0e52-a768-41c3-8968-008b1a8ad335:192.168.157.194:44036, ea7b7c0e-fb12-41ce-8f6a-536568e7c128:192.168.157.194:35645, 53a34721-2cd9-447b-bbac-6aced2b729b1:192.168.157.194:40688] returns group-C9F0E8A3F2C0:java.util.concurrent.CompletableFuture@4824a47e[Not completed]
2019-07-29 15:21:41,867 INFO  impl.RaftServerImpl (RaftServerImpl.java:<init>(93)) - 53a34721-2cd9-447b-bbac-6aced2b729b1: new RaftServerImpl for group-C9F0E8A3F2C0:[fa9d0e52-a768-41c3-8968-008b1a8ad335:192.168.157.194:44036, ea7b7c0e-fb12-41ce-8f6a-536568e7c128:192.168.157.194:35645, 53a34721-2cd9-447b-bbac-6aced2b729b1:192.168.157.194:40688] with ContainerStateMachine:uninitialized
2019-07-29 15:21:41,867 INFO  server.RaftServerConfigKeys (ConfUtils.java:logGet(43)) - raft.server.rpc.timeout.min = 5s (custom)
2019-07-29 15:21:41,867 INFO  impl.RaftServerImpl (RaftServerImpl.java:<init>(93)) - ea7b7c0e-fb12-41ce-8f6a-536568e7c128: new RaftServerImpl for group-C9F0E8A3F2C0:[fa9d0e52-a768-41c3-8968-008b1a8ad335:192.168.157.194:44036, ea7b7c0e-fb12-41ce-8f6a-536568e7c128:192.168.157.194:35645, 53a34721-2cd9-447b-bbac-6aced2b729b1:192.168.157.194:40688] with ContainerStateMachine:uninitialized
2019-07-29 15:21:41,867 INFO  server.RaftServerConfigKeys (ConfUtils.java:logGet(43)) - raft.server.rpc.timeout.max = 5200ms (custom)
2019-07-29 15:21:41,867 INFO  server.RaftServerConfigKeys (ConfUtils.java:logGet(43)) - raft.server.rpc.timeout.min = 5s (custom)
2019-07-29 15:21:41,867 INFO  server.RaftServerConfigKeys (ConfUtils.java:logGet(43)) - raft.server.rpcslowness.timeout = 120s (custom)
2019-07-29 15:21:41,867 INFO  server.RaftServerConfigKeys (ConfUtils.java:logGet(43)) - raft.server.rpc.timeout.max = 5200ms (custom)
2019-07-29 15:21:41,868 INFO  impl.RaftServerImpl (RaftServerImpl.java:<init>(93)) - fa9d0e52-a768-41c3-8968-008b1a8ad335: new RaftServerImpl for group-C9F0E8A3F2C0:[fa9d0e52-a768-41c3-8968-008b1a8ad335:192.168.157.194:44036, ea7b7c0e-fb12-41ce-8f6a-536568e7c128:192.168.157.194:35645, 53a34721-2cd9-447b-bbac-6aced2b729b1:192.168.157.194:40688] with ContainerStateMachine:uninitialized
2019-07-29 15:21:41,868 INFO  server.RaftServerConfigKeys (ConfUtils.java:logGet(43)) - raft.server.rpcslowness.timeout = 120s (custom)
2019-07-29 15:21:41,868 INFO  server.RaftServerConfigKeys (ConfUtils.java:logGet(43)) - raft.server.sleep.deviation.threshold = 300 (default)
2019-07-29 15:21:41,868 INFO  server.RaftServerConfigKeys (ConfUtils.java:logGet(43)) - raft.server.sleep.deviation.threshold = 300 (default)
2019-07-29 15:21:41,868 INFO  server.RaftServerConfigKeys (ConfUtils.java:logGet(43)) - raft.server.log.appender.install.snapshot.enabled = false (custom)
2019-07-29 15:21:41,868 INFO  server.RaftServerConfigKeys (ConfUtils.java:logGet(43)) - raft.server.rpc.timeout.min = 5s (custom)
2019-07-29 15:21:41,868 INFO  impl.RaftServerImpl (ServerState.java:<init>(105)) - ea7b7c0e-fb12-41ce-8f6a-536568e7c128:group-C9F0E8A3F2C0 ConfigurationManager, init=-1: [fa9d0e52-a768-41c3-8968-008b1a8ad335:192.168.157.194:44036, ea7b7c0e-fb12-41ce-8f6a-536568e7c128:192.168.157.194:35645, 53a34721-2cd9-447b-bbac-6aced2b729b1:192.168.157.194:40688], old=null, confs=<EMPTY_MAP>
2019-07-29 15:21:41,868 INFO  server.RaftServerConfigKeys (ConfUtils.java:logGet(43)) - raft.server.log.appender.install.snapshot.enabled = false (custom)
2019-07-29 15:21:41,869 INFO  server.RaftServerConfigKeys (ConfUtils.java:logGet(43)) - raft.server.storage.dir = [/workdir/hadoop-ozone/integration-test/target/test-dir/MiniOzoneClusterImpl-392193b7-5f74-4576-b673-8ecf0040bfb3/datanode-5/data/ratis] (custom)
2019-07-29 15:21:41,869 INFO  server.RaftServerConfigKeys (ConfUtils.java:logGet(43)) - raft.server.rpc.timeout.max = 5200ms (custom)
2019-07-29 15:21:41,869 INFO  impl.RaftServerImpl (ServerState.java:<init>(105)) - 53a34721-2cd9-447b-bbac-6aced2b729b1:group-C9F0E8A3F2C0 ConfigurationManager, init=-1: [fa9d0e52-a768-41c3-8968-008b1a8ad335:192.168.157.194:44036, ea7b7c0e-fb12-41ce-8f6a-536568e7c128:192.168.157.194:35645, 53a34721-2cd9-447b-bbac-6aced2b729b1:192.168.157.194:40688], old=null, confs=<EMPTY_MAP>
2019-07-29 15:21:41,869 INFO  storage.RaftStorageDirectory (RaftStorageDirectory.java:analyzeStorage(246)) - The storage directory /workdir/hadoop-ozone/integration-test/target/test-dir/MiniOzoneClusterImpl-392193b7-5f74-4576-b673-8ecf0040bfb3/datanode-5/data/ratis/fe6790ca-0ab6-4cc5-9680-c9f0e8a3f2c0 does not exist. Creating ...
2019-07-29 15:21:41,869 INFO  server.RaftServerConfigKeys (ConfUtils.java:logGet(43)) - raft.server.rpcslowness.timeout = 120s (custom)
2019-07-29 15:21:41,869 INFO  server.RaftServerConfigKeys (ConfUtils.java:logGet(43)) - raft.server.storage.dir = [/workdir/hadoop-ozone/integration-test/target/test-dir/MiniOzoneClusterImpl-392193b7-5f74-4576-b673-8ecf0040bfb3/datanode-4/data/ratis] (custom)
2019-07-29 15:21:41,870 INFO  server.RaftServerConfigKeys (ConfUtils.java:logGet(43)) - raft.server.sleep.deviation.threshold = 300 (default)
2019-07-29 15:21:41,870 INFO  server.RaftServerConfigKeys (ConfUtils.java:logGet(43)) - raft.server.log.appender.install.snapshot.enabled = false (custom)
2019-07-29 15:21:41,870 INFO  storage.RaftStorageDirectory (RaftStorageDirectory.java:analyzeStorage(246)) - The storage directory /workdir/hadoop-ozone/integration-test/target/test-dir/MiniOzoneClusterImpl-392193b7-5f74-4576-b673-8ecf0040bfb3/datanode-4/data/ratis/fe6790ca-0ab6-4cc5-9680-c9f0e8a3f2c0 does not exist. Creating ...
2019-07-29 15:21:41,870 INFO  impl.RaftServerImpl (ServerState.java:<init>(105)) - fa9d0e52-a768-41c3-8968-008b1a8ad335:group-C9F0E8A3F2C0 ConfigurationManager, init=-1: [fa9d0e52-a768-41c3-8968-008b1a8ad335:192.168.157.194:44036, ea7b7c0e-fb12-41ce-8f6a-536568e7c128:192.168.157.194:35645, 53a34721-2cd9-447b-bbac-6aced2b729b1:192.168.157.194:40688], old=null, confs=<EMPTY_MAP>
2019-07-29 15:21:41,870 INFO  server.RaftServerConfigKeys (ConfUtils.java:logGet(43)) - raft.server.storage.dir = [/workdir/hadoop-ozone/integration-test/target/test-dir/MiniOzoneClusterImpl-392193b7-5f74-4576-b673-8ecf0040bfb3/datanode-3/data/ratis] (custom)
2019-07-29 15:21:41,871 INFO  storage.RaftStorageDirectory (RaftStorageDirectory.java:analyzeStorage(246)) - The storage directory /workdir/hadoop-ozone/integration-test/target/test-dir/MiniOzoneClusterImpl-392193b7-5f74-4576-b673-8ecf0040bfb3/datanode-3/data/ratis/fe6790ca-0ab6-4cc5-9680-c9f0e8a3f2c0 does not exist. Creating ...
2019-07-29 15:21:41,882 INFO  storage.RaftStorageDirectory (RaftStorageDirectory.java:tryLock(328)) - Lock on /workdir/hadoop-ozone/integration-test/target/test-dir/MiniOzoneClusterImpl-392193b7-5f74-4576-b673-8ecf0040bfb3/datanode-4/data/ratis/fe6790ca-0ab6-4cc5-9680-c9f0e8a3f2c0/in_use.lock acquired by nodename 31275@byscane-nightly-74r8j-760408800
2019-07-29 15:21:41,882 INFO  storage.RaftStorageDirectory (RaftStorageDirectory.java:tryLock(328)) - Lock on /workdir/hadoop-ozone/integration-test/target/test-dir/MiniOzoneClusterImpl-392193b7-5f74-4576-b673-8ecf0040bfb3/datanode-3/data/ratis/fe6790ca-0ab6-4cc5-9680-c9f0e8a3f2c0/in_use.lock acquired by nodename 31275@byscane-nightly-74r8j-760408800
2019-07-29 15:21:41,882 INFO  storage.RaftStorageDirectory (RaftStorageDirectory.java:tryLock(328)) - Lock on /workdir/hadoop-ozone/integration-test/target/test-dir/MiniOzoneClusterImpl-392193b7-5f74-4576-b673-8ecf0040bfb3/datanode-5/data/ratis/fe6790ca-0ab6-4cc5-9680-c9f0e8a3f2c0/in_use.lock acquired by nodename 31275@byscane-nightly-74r8j-760408800
2019-07-29 15:21:41,897 INFO  storage.RaftStorage (RaftStorage.java:format(72)) - Storage directory /workdir/hadoop-ozone/integration-test/target/test-dir/MiniOzoneClusterImpl-392193b7-5f74-4576-b673-8ecf0040bfb3/datanode-4/data/ratis/fe6790ca-0ab6-4cc5-9680-c9f0e8a3f2c0 has been successfully formatted.
2019-07-29 15:21:41,897 INFO  storage.RaftStorage (RaftStorage.java:format(72)) - Storage directory /workdir/hadoop-ozone/integration-test/target/test-dir/MiniOzoneClusterImpl-392193b7-5f74-4576-b673-8ecf0040bfb3/datanode-3/data/ratis/fe6790ca-0ab6-4cc5-9680-c9f0e8a3f2c0 has been successfully formatted.
2019-07-29 15:21:41,897 INFO  storage.RaftStorage (RaftStorage.java:format(72)) - Storage directory /workdir/hadoop-ozone/integration-test/target/test-dir/MiniOzoneClusterImpl-392193b7-5f74-4576-b673-8ecf0040bfb3/datanode-5/data/ratis/fe6790ca-0ab6-4cc5-9680-c9f0e8a3f2c0 has been successfully formatted.
2019-07-29 15:21:41,897 INFO  ratis.ContainerStateMachine (ContainerStateMachine.java:loadSnapshot(213)) - group-C9F0E8A3F2C0: The snapshot info is null. Setting the last applied indexto:(t:0, i:~)
2019-07-29 15:21:41,897 INFO  ratis.ContainerStateMachine (ContainerStateMachine.java:loadSnapshot(213)) - group-C9F0E8A3F2C0: The snapshot info is null. Setting the last applied indexto:(t:0, i:~)
2019-07-29 15:21:41,897 INFO  server.RaftServerConfigKeys (ConfUtils.java:logGet(43)) - raft.server.leader.election.timeout = 120s (custom)
2019-07-29 15:21:41,897 INFO  ratis.ContainerStateMachine (ContainerStateMachine.java:loadSnapshot(213)) - group-C9F0E8A3F2C0: The snapshot info is null. Setting the last applied indexto:(t:0, i:~)
2019-07-29 15:21:41,898 INFO  server.RaftServerConfigKeys (ConfUtils.java:logGet(43)) - raft.server.log.use.memory = false (default)
2019-07-29 15:21:41,897 INFO  server.RaftServerConfigKeys (ConfUtils.java:logGet(43)) - raft.server.leader.election.timeout = 120s (custom)
2019-07-29 15:21:41,898 INFO  server.RaftServerConfigKeys (ConfUtils.java:logGet(43)) - raft.server.log.purge.gap = 1000000000 (custom)
2019-07-29 15:21:41,898 INFO  server.RaftServerConfigKeys (ConfUtils.java:logGet(43)) - raft.server.log.appender.buffer.byte-limit = 33554432 (custom)
2019-07-29 15:21:41,898 INFO  server.RaftServerConfigKeys (ConfUtils.java:logGet(43)) - raft.server.leader.election.timeout = 120s (custom)
2019-07-29 15:21:41,898 INFO  server.RaftServerConfigKeys (ConfUtils.java:logGet(43)) - raft.server.log.segment.size.max = 1048576 (custom)
2019-07-29 15:21:41,899 INFO  server.RaftServerConfigKeys (ConfUtils.java:logGet(43)) - raft.server.log.segment.cache.num.max = 2 (custom)
2019-07-29 15:21:41,898 INFO  server.RaftServerConfigKeys (ConfUtils.java:logGet(43)) - raft.server.log.use.memory = false (default)
2019-07-29 15:21:41,899 INFO  segmented.SegmentedRaftLogWorker (SegmentedRaftLogWorker.java:<init>(172)) - new fa9d0e52-a768-41c3-8968-008b1a8ad335-SegmentedRaftLogWorker:Storage Directory /workdir/hadoop-ozone/integration-test/target/test-dir/MiniOzoneClusterImpl-392193b7-5f74-4576-b673-8ecf0040bfb3/datanode-3/data/ratis/fe6790ca-0ab6-4cc5-9680-c9f0e8a3f2c0 for RaftStorage:Storage Directory /workdir/hadoop-ozone/integration-test/target/test-dir/MiniOzoneClusterImpl-392193b7-5f74-4576-b673-8ecf0040bfb3/datanode-3/data/ratis/fe6790ca-0ab6-4cc5-9680-c9f0e8a3f2c0
2019-07-29 15:21:41,899 INFO  server.RaftServerConfigKeys (ConfUtils.java:logGet(43)) - raft.server.log.use.memory = false (default)
2019-07-29 15:21:41,899 INFO  server.RaftServerConfigKeys (ConfUtils.java:logGet(43)) - raft.server.log.queue.byte-limit = 2147483647 (custom)
2019-07-29 15:21:41,900 INFO  server.RaftServerConfigKeys (ConfUtils.java:logGet(43)) - raft.server.log.queue.element-limit = 1024 (custom)
2019-07-29 15:21:41,899 INFO  server.RaftServerConfigKeys (ConfUtils.java:logGet(43)) - raft.server.log.purge.gap = 1000000000 (custom)
2019-07-29 15:21:41,900 INFO  server.RaftServerConfigKeys (ConfUtils.java:logGet(43)) - raft.server.log.segment.size.max = 1048576 (custom)
2019-07-29 15:21:41,900 INFO  server.RaftServerConfigKeys (ConfUtils.java:logGet(43)) - raft.server.log.preallocated.size = 16384 (custom)
2019-07-29 15:21:41,900 INFO  server.RaftServerConfigKeys (ConfUtils.java:logGet(43)) - raft.server.log.purge.gap = 1000000000 (custom)
2019-07-29 15:21:41,900 INFO  server.RaftServerConfigKeys (ConfUtils.java:logGet(43)) - raft.server.log.write.buffer.size = 33554432 (custom)
2019-07-29 15:21:41,900 INFO  server.RaftServerConfigKeys (ConfUtils.java:logGet(43)) - raft.server.log.appender.buffer.byte-limit = 33554432 (custom)
2019-07-29 15:21:41,901 INFO  server.RaftServerConfigKeys (ConfUtils.java:logGet(43)) - raft.server.log.force.sync.num = 128 (default)
2019-07-29 15:21:41,900 INFO  server.RaftServerConfigKeys (ConfUtils.java:logGet(43)) - raft.server.log.appender.buffer.byte-limit = 33554432 (custom)
2019-07-29 15:21:41,901 INFO  server.RaftServerConfigKeys (ConfUtils.java:logGet(43)) - raft.server.log.statemachine.data.sync = true (default)
2019-07-29 15:21:41,901 INFO  server.RaftServerConfigKeys (ConfUtils.java:logGet(43)) - raft.server.log.statemachine.data.sync.timeout = 10s (default)
2019-07-29 15:21:41,901 INFO  server.RaftServerConfigKeys (ConfUtils.java:logGet(43)) - raft.server.log.segment.size.max = 1048576 (custom)
2019-07-29 15:21:41,901 INFO  server.RaftServerConfigKeys (ConfUtils.java:logGet(43)) - raft.server.log.statemachine.data.sync.timeout.retry = -1 (default)
2019-07-29 15:21:41,901 INFO  server.RaftServerConfigKeys (ConfUtils.java:logGet(43)) - raft.server.log.segment.size.max = 1048576 (custom)
2019-07-29 15:21:41,902 INFO  server.RaftServerConfigKeys (ConfUtils.java:logGet(43)) - raft.server.log.statemachine.data.caching.enabled = true (custom)
2019-07-29 15:21:41,902 INFO  server.RaftServerConfigKeys (ConfUtils.java:logGet(43)) - raft.server.log.segment.cache.num.max = 2 (custom)
2019-07-29 15:21:41,902 INFO  segmented.SegmentedRaftLogWorker (SegmentedRaftLogWorker.java:lambda$new$0(132)) - fa9d0e52-a768-41c3-8968-008b1a8ad335-SegmentedRaftLogWorker:Storage Directory /workdir/hadoop-ozone/integration-test/target/test-dir/MiniOzoneClusterImpl-392193b7-5f74-4576-b673-8ecf0040bfb3/datanode-3/data/ratis/fe6790ca-0ab6-4cc5-9680-c9f0e8a3f2c0: flushIndex: setUnconditionally 0 -> -1
2019-07-29 15:21:41,902 INFO  server.RaftServerConfigKeys (ConfUtils.java:logGet(43)) - raft.server.log.segment.cache.num.max = 2 (custom)
2019-07-29 15:21:41,902 INFO  segmented.SegmentedRaftLogWorker (SegmentedRaftLogWorker.java:<init>(172)) - new ea7b7c0e-fb12-41ce-8f6a-536568e7c128-SegmentedRaftLogWorker:Storage Directory /workdir/hadoop-ozone/integration-test/target/test-dir/MiniOzoneClusterImpl-392193b7-5f74-4576-b673-8ecf0040bfb3/datanode-5/data/ratis/fe6790ca-0ab6-4cc5-9680-c9f0e8a3f2c0 for RaftStorage:Storage Directory /workdir/hadoop-ozone/integration-test/target/test-dir/MiniOzoneClusterImpl-392193b7-5f74-4576-b673-8ecf0040bfb3/datanode-5/data/ratis/fe6790ca-0ab6-4cc5-9680-c9f0e8a3f2c0
2019-07-29 15:21:41,903 INFO  server.RaftServerConfigKeys (ConfUtils.java:logGet(43)) - raft.server.snapshot.auto.trigger.enabled = true (custom)
2019-07-29 15:21:41,903 INFO  segmented.SegmentedRaftLogWorker (SegmentedRaftLogWorker.java:<init>(172)) - new 53a34721-2cd9-447b-bbac-6aced2b729b1-SegmentedRaftLogWorker:Storage Directory /workdir/hadoop-ozone/integration-test/target/test-dir/MiniOzoneClusterImpl-392193b7-5f74-4576-b673-8ecf0040bfb3/datanode-4/data/ratis/fe6790ca-0ab6-4cc5-9680-c9f0e8a3f2c0 for RaftStorage:Storage Directory /workdir/hadoop-ozone/integration-test/target/test-dir/MiniOzoneClusterImpl-392193b7-5f74-4576-b673-8ecf0040bfb3/datanode-4/data/ratis/fe6790ca-0ab6-4cc5-9680-c9f0e8a3f2c0
2019-07-29 15:21:41,903 INFO  server.RaftServerConfigKeys (ConfUtils.java:logGet(43)) - raft.server.snapshot.auto.trigger.threshold = 10000 (custom)
2019-07-29 15:21:41,903 INFO  server.RaftServerConfigKeys (ConfUtils.java:logGet(43)) - raft.server.log.queue.byte-limit = 2147483647 (custom)
2019-07-29 15:21:41,903 INFO  server.RaftServerConfigKeys (ConfUtils.java:logGet(43)) - raft.server.retrycache.expirytime = 600000ms (custom)
2019-07-29 15:21:41,903 INFO  server.RaftServerConfigKeys (ConfUtils.java:logGet(43)) - raft.server.log.queue.byte-limit = 2147483647 (custom)
2019-07-29 15:21:41,904 INFO  impl.RaftServerImpl (RaftServerImpl.java:start(180)) - fa9d0e52-a768-41c3-8968-008b1a8ad335: start group-C9F0E8A3F2C0
2019-07-29 15:21:41,904 INFO  server.RaftServerConfigKeys (ConfUtils.java:logGet(43)) - raft.server.log.queue.element-limit = 1024 (custom)
2019-07-29 15:21:41,904 INFO  impl.RaftServerImpl (RaftServerImpl.java:setRole(171)) - fa9d0e52-a768-41c3-8968-008b1a8ad335:group-C9F0E8A3F2C0 changes role from null to FOLLOWER at term 0 for startAsFollower
2019-07-29 15:21:41,904 INFO  server.RaftServerConfigKeys (ConfUtils.java:logGet(43)) - raft.server.log.queue.element-limit = 1024 (custom)
2019-07-29 15:21:41,904 INFO  impl.RoleInfo (RoleInfo.java:updateAndGet(143)) - fa9d0e52-a768-41c3-8968-008b1a8ad335: start FollowerState
2019-07-29 15:21:41,904 INFO  server.RaftServerConfigKeys (ConfUtils.java:logGet(43)) - raft.server.log.segment.size.max = 1048576 (custom)
2019-07-29 15:21:41,905 INFO  server.RaftServerConfigKeys (ConfUtils.java:logGet(43)) - raft.server.log.segment.size.max = 1048576 (custom)
2019-07-29 15:21:41,905 INFO  util.JmxRegister (JmxRegister.java:tryRegister(44)) - Successfully registered JMX Bean with object name Ratis:service=RaftServer,group=group-C9F0E8A3F2C0,id=fa9d0e52-a768-41c3-8968-008b1a8ad335
2019-07-29 15:21:41,905 INFO  server.RaftServerConfigKeys (ConfUtils.java:logGet(43)) - raft.server.log.preallocated.size = 16384 (custom)
2019-07-29 15:21:41,905 INFO  server.RaftServerConfigKeys (ConfUtils.java:logGet(43)) - raft.server.log.preallocated.size = 16384 (custom)
2019-07-29 15:21:41,905 INFO  server.RaftServerConfigKeys (ConfUtils.java:logGet(43)) - raft.server.log.write.buffer.size = 33554432 (custom)
2019-07-29 15:21:41,906 INFO  server.RaftServerConfigKeys (ConfUtils.java:logGet(43)) - raft.server.log.write.buffer.size = 33554432 (custom)
2019-07-29 15:21:41,906 INFO  server.RaftServerConfigKeys (ConfUtils.java:logGet(43)) - raft.server.log.force.sync.num = 128 (default)
2019-07-29 15:21:41,906 INFO  server.RaftServerConfigKeys (ConfUtils.java:logGet(43)) - raft.server.log.force.sync.num = 128 (default)
2019-07-29 15:21:41,906 INFO  server.RaftServerConfigKeys (ConfUtils.java:logGet(43)) - raft.server.log.statemachine.data.sync = true (default)
2019-07-29 15:21:41,906 INFO  server.RaftServerConfigKeys (ConfUtils.java:logGet(43)) - raft.server.log.statemachine.data.sync = true (default)
2019-07-29 15:21:41,906 INFO  server.RaftServerConfigKeys (ConfUtils.java:logGet(43)) - raft.server.log.statemachine.data.sync.timeout = 10s (default)
2019-07-29 15:21:41,907 INFO  server.RaftServerConfigKeys (ConfUtils.java:logGet(43)) - raft.server.log.statemachine.data.sync.timeout = 10s (default)
2019-07-29 15:21:41,907 INFO  server.RaftServerConfigKeys (ConfUtils.java:logGet(43)) - raft.server.log.statemachine.data.sync.timeout.retry = -1 (default)
2019-07-29 15:21:41,907 INFO  server.RaftServerConfigKeys (ConfUtils.java:logGet(43)) - raft.server.log.statemachine.data.sync.timeout.retry = -1 (default)
2019-07-29 15:21:41,907 INFO  server.RaftServerConfigKeys (ConfUtils.java:logGet(43)) - raft.server.log.statemachine.data.caching.enabled = true (custom)
2019-07-29 15:21:41,907 INFO  server.RaftServerConfigKeys (ConfUtils.java:logGet(43)) - raft.server.log.statemachine.data.caching.enabled = true (custom)
2019-07-29 15:21:41,908 INFO  segmented.SegmentedRaftLogWorker (SegmentedRaftLogWorker.java:lambda$new$0(132)) - ea7b7c0e-fb12-41ce-8f6a-536568e7c128-SegmentedRaftLogWorker:Storage Directory /workdir/hadoop-ozone/integration-test/target/test-dir/MiniOzoneClusterImpl-392193b7-5f74-4576-b673-8ecf0040bfb3/datanode-5/data/ratis/fe6790ca-0ab6-4cc5-9680-c9f0e8a3f2c0: flushIndex: setUnconditionally 0 -> -1
2019-07-29 15:21:41,908 INFO  segmented.SegmentedRaftLogWorker (SegmentedRaftLogWorker.java:lambda$new$0(132)) - 53a34721-2cd9-447b-bbac-6aced2b729b1-SegmentedRaftLogWorker:Storage Directory /workdir/hadoop-ozone/integration-test/target/test-dir/MiniOzoneClusterImpl-392193b7-5f74-4576-b673-8ecf0040bfb3/datanode-4/data/ratis/fe6790ca-0ab6-4cc5-9680-c9f0e8a3f2c0: flushIndex: setUnconditionally 0 -> -1
2019-07-29 15:21:41,908 INFO  server.RaftServerConfigKeys (ConfUtils.java:logGet(43)) - raft.server.snapshot.auto.trigger.enabled = true (custom)
2019-07-29 15:21:41,908 INFO  server.RaftServerConfigKeys (ConfUtils.java:logGet(43)) - raft.server.snapshot.auto.trigger.threshold = 10000 (custom)
2019-07-29 15:21:41,908 INFO  server.RaftServerConfigKeys (ConfUtils.java:logGet(43)) - raft.server.snapshot.auto.trigger.enabled = true (custom)
2019-07-29 15:21:41,908 INFO  server.RaftServerConfigKeys (ConfUtils.java:logGet(43)) - raft.server.retrycache.expirytime = 600000ms (custom)
2019-07-29 15:21:41,908 INFO  server.RaftServerConfigKeys (ConfUtils.java:logGet(43)) - raft.server.snapshot.auto.trigger.threshold = 10000 (custom)
2019-07-29 15:21:41,909 INFO  impl.RaftServerImpl (RaftServerImpl.java:start(180)) - ea7b7c0e-fb12-41ce-8f6a-536568e7c128: start group-C9F0E8A3F2C0
2019-07-29 15:21:41,909 INFO  impl.RaftServerImpl (RaftServerImpl.java:setRole(171)) - ea7b7c0e-fb12-41ce-8f6a-536568e7c128:group-C9F0E8A3F2C0 changes role from null to FOLLOWER at term 0 for startAsFollower
2019-07-29 15:21:41,909 INFO  server.RaftServerConfigKeys (ConfUtils.java:logGet(43)) - raft.server.retrycache.expirytime = 600000ms (custom)
2019-07-29 15:21:41,909 INFO  impl.RoleInfo (RoleInfo.java:updateAndGet(143)) - ea7b7c0e-fb12-41ce-8f6a-536568e7c128: start FollowerState
2019-07-29 15:21:41,909 INFO  impl.RaftServerImpl (RaftServerImpl.java:start(180)) - 53a34721-2cd9-447b-bbac-6aced2b729b1: start group-C9F0E8A3F2C0
2019-07-29 15:21:41,909 INFO  impl.RaftServerImpl (RaftServerImpl.java:setRole(171)) - 53a34721-2cd9-447b-bbac-6aced2b729b1:group-C9F0E8A3F2C0 changes role from null to FOLLOWER at term 0 for startAsFollower
2019-07-29 15:21:41,910 INFO  impl.RoleInfo (RoleInfo.java:updateAndGet(143)) - 53a34721-2cd9-447b-bbac-6aced2b729b1: start FollowerState
2019-07-29 15:21:41,910 INFO  util.JmxRegister (JmxRegister.java:tryRegister(44)) - Successfully registered JMX Bean with object name Ratis:service=RaftServer,group=group-C9F0E8A3F2C0,id=ea7b7c0e-fb12-41ce-8f6a-536568e7c128
2019-07-29 15:21:41,910 INFO  util.JmxRegister (JmxRegister.java:tryRegister(44)) - Successfully registered JMX Bean with object name Ratis:service=RaftServer,group=group-C9F0E8A3F2C0,id=53a34721-2cd9-447b-bbac-6aced2b729b1
2019-07-29 15:21:41,912 INFO  pipeline.PipelineStateManager (PipelineStateManager.java:addPipeline(56)) - Created pipeline Pipeline[ Id: fe6790ca-0ab6-4cc5-9680-c9f0e8a3f2c0, Nodes: 53a34721-2cd9-447b-bbac-6aced2b729b1{ip: 192.168.157.194, host: byscane-nightly-74r8j-760408800, networkLocation: /default-rack, certSerialId: null}fa9d0e52-a768-41c3-8968-008b1a8ad335{ip: 192.168.157.194, host: byscane-nightly-74r8j-760408800, networkLocation: /default-rack, certSerialId: null}ea7b7c0e-fb12-41ce-8f6a-536568e7c128{ip: 192.168.157.194, host: byscane-nightly-74r8j-760408800, networkLocation: /default-rack, certSerialId: null}, Type:RATIS, Factor:THREE, State:OPEN]
2019-07-29 15:21:42,020 INFO  ozone.MiniOzoneClusterImpl (MiniOzoneClusterImpl.java:lambda$waitForClusterToBeReady$0(142)) - Waiting for cluster to be ready. Got 6 of 7 DN Heartbeats.
2019-07-29 15:21:42,020 INFO  net.NetworkTopology (NetworkTopologyImpl.java:add(110)) - Added a new node: /default-rack/f4bc078d-76ca-44e5-91c7-b245da2b30cf
2019-07-29 15:21:42,021 INFO  node.SCMNodeManager (SCMNodeManager.java:register(273)) - Registered Data node : f4bc078d-76ca-44e5-91c7-b245da2b30cf{ip: 192.168.157.194, host: byscane-nightly-74r8j-760408800, networkLocation: /default-rack, certSerialId: null}
2019-07-29 15:21:42,029 INFO  impl.RaftServerProxy (RaftServerProxy.java:addNew(89)) - f4bc078d-76ca-44e5-91c7-b245da2b30cf: addNew group-B19129B62125:[f4bc078d-76ca-44e5-91c7-b245da2b30cf:192.168.157.194:42955] returns group-B19129B62125:java.util.concurrent.CompletableFuture@77c40195[Not completed]
2019-07-29 15:21:42,030 INFO  impl.RaftServerImpl (RaftServerImpl.java:<init>(93)) - f4bc078d-76ca-44e5-91c7-b245da2b30cf: new RaftServerImpl for group-B19129B62125:[f4bc078d-76ca-44e5-91c7-b245da2b30cf:192.168.157.194:42955] with ContainerStateMachine:uninitialized
2019-07-29 15:21:42,031 INFO  server.RaftServerConfigKeys (ConfUtils.java:logGet(43)) - raft.server.rpc.timeout.min = 5s (custom)
2019-07-29 15:21:42,031 INFO  server.RaftServerConfigKeys (ConfUtils.java:logGet(43)) - raft.server.rpc.timeout.max = 5200ms (custom)
2019-07-29 15:21:42,031 INFO  server.RaftServerConfigKeys (ConfUtils.java:logGet(43)) - raft.server.rpcslowness.timeout = 120s (custom)
2019-07-29 15:21:42,031 INFO  server.RaftServerConfigKeys (ConfUtils.java:logGet(43)) - raft.server.sleep.deviation.threshold = 300 (default)
2019-07-29 15:21:42,031 INFO  server.RaftServerConfigKeys (ConfUtils.java:logGet(43)) - raft.server.log.appender.install.snapshot.enabled = false (custom)
2019-07-29 15:21:42,031 INFO  impl.RaftServerImpl (ServerState.java:<init>(105)) - f4bc078d-76ca-44e5-91c7-b245da2b30cf:group-B19129B62125 ConfigurationManager, init=-1: [f4bc078d-76ca-44e5-91c7-b245da2b30cf:192.168.157.194:42955], old=null, confs=<EMPTY_MAP>
2019-07-29 15:21:42,032 INFO  server.RaftServerConfigKeys (ConfUtils.java:logGet(43)) - raft.server.storage.dir = [/workdir/hadoop-ozone/integration-test/target/test-dir/MiniOzoneClusterImpl-392193b7-5f74-4576-b673-8ecf0040bfb3/datanode-6/data/ratis] (custom)
2019-07-29 15:21:42,032 INFO  storage.RaftStorageDirectory (RaftStorageDirectory.java:analyzeStorage(246)) - The storage directory /workdir/hadoop-ozone/integration-test/target/test-dir/MiniOzoneClusterImpl-392193b7-5f74-4576-b673-8ecf0040bfb3/datanode-6/data/ratis/7b1d7965-1884-445b-97b4-b19129b62125 does not exist. Creating ...
2019-07-29 15:21:42,045 INFO  storage.RaftStorageDirectory (RaftStorageDirectory.java:tryLock(328)) - Lock on /workdir/hadoop-ozone/integration-test/target/test-dir/MiniOzoneClusterImpl-392193b7-5f74-4576-b673-8ecf0040bfb3/datanode-6/data/ratis/7b1d7965-1884-445b-97b4-b19129b62125/in_use.lock acquired by nodename 31275@byscane-nightly-74r8j-760408800
2019-07-29 15:21:42,059 INFO  storage.RaftStorage (RaftStorage.java:format(72)) - Storage directory /workdir/hadoop-ozone/integration-test/target/test-dir/MiniOzoneClusterImpl-392193b7-5f74-4576-b673-8ecf0040bfb3/datanode-6/data/ratis/7b1d7965-1884-445b-97b4-b19129b62125 has been successfully formatted.
2019-07-29 15:21:42,059 INFO  ratis.ContainerStateMachine (ContainerStateMachine.java:loadSnapshot(213)) - group-B19129B62125: The snapshot info is null. Setting the last applied indexto:(t:0, i:~)
2019-07-29 15:21:42,059 INFO  server.RaftServerConfigKeys (ConfUtils.java:logGet(43)) - raft.server.leader.election.timeout = 120s (custom)
2019-07-29 15:21:42,060 INFO  server.RaftServerConfigKeys (ConfUtils.java:logGet(43)) - raft.server.log.use.memory = false (default)
2019-07-29 15:21:42,060 INFO  server.RaftServerConfigKeys (ConfUtils.java:logGet(43)) - raft.server.log.purge.gap = 1000000000 (custom)
2019-07-29 15:21:42,060 INFO  server.RaftServerConfigKeys (ConfUtils.java:logGet(43)) - raft.server.log.appender.buffer.byte-limit = 33554432 (custom)
2019-07-29 15:21:42,060 INFO  server.RaftServerConfigKeys (ConfUtils.java:logGet(43)) - raft.server.log.segment.size.max = 1048576 (custom)
2019-07-29 15:21:42,060 INFO  server.RaftServerConfigKeys (ConfUtils.java:logGet(43)) - raft.server.log.segment.cache.num.max = 2 (custom)
2019-07-29 15:21:42,060 INFO  segmented.SegmentedRaftLogWorker (SegmentedRaftLogWorker.java:<init>(172)) - new f4bc078d-76ca-44e5-91c7-b245da2b30cf-SegmentedRaftLogWorker:Storage Directory /workdir/hadoop-ozone/integration-test/target/test-dir/MiniOzoneClusterImpl-392193b7-5f74-4576-b673-8ecf0040bfb3/datanode-6/data/ratis/7b1d7965-1884-445b-97b4-b19129b62125 for RaftStorage:Storage Directory /workdir/hadoop-ozone/integration-test/target/test-dir/MiniOzoneClusterImpl-392193b7-5f74-4576-b673-8ecf0040bfb3/datanode-6/data/ratis/7b1d7965-1884-445b-97b4-b19129b62125
2019-07-29 15:21:42,060 INFO  server.RaftServerConfigKeys (ConfUtils.java:logGet(43)) - raft.server.log.queue.byte-limit = 2147483647 (custom)
2019-07-29 15:21:42,061 INFO  server.RaftServerConfigKeys (ConfUtils.java:logGet(43)) - raft.server.log.queue.element-limit = 1024 (custom)
2019-07-29 15:21:42,061 INFO  server.RaftServerConfigKeys (ConfUtils.java:logGet(43)) - raft.server.log.segment.size.max = 1048576 (custom)
2019-07-29 15:21:42,061 INFO  server.RaftServerConfigKeys (ConfUtils.java:logGet(43)) - raft.server.log.preallocated.size = 16384 (custom)
2019-07-29 15:21:42,061 INFO  server.RaftServerConfigKeys (ConfUtils.java:logGet(43)) - raft.server.log.write.buffer.size = 33554432 (custom)
2019-07-29 15:21:42,061 INFO  server.RaftServerConfigKeys (ConfUtils.java:logGet(43)) - raft.server.log.force.sync.num = 128 (default)
2019-07-29 15:21:42,061 INFO  server.RaftServerConfigKeys (ConfUtils.java:logGet(43)) - raft.server.log.statemachine.data.sync = true (default)
2019-07-29 15:21:42,061 INFO  server.RaftServerConfigKeys (ConfUtils.java:logGet(43)) - raft.server.log.statemachine.data.sync.timeout = 10s (default)
2019-07-29 15:21:42,062 INFO  server.RaftServerConfigKeys (ConfUtils.java:logGet(43)) - raft.server.log.statemachine.data.sync.timeout.retry = -1 (default)
2019-07-29 15:21:42,062 INFO  server.RaftServerConfigKeys (ConfUtils.java:logGet(43)) - raft.server.log.statemachine.data.caching.enabled = true (custom)
2019-07-29 15:21:42,062 INFO  segmented.SegmentedRaftLogWorker (SegmentedRaftLogWorker.java:lambda$new$0(132)) - f4bc078d-76ca-44e5-91c7-b245da2b30cf-SegmentedRaftLogWorker:Storage Directory /workdir/hadoop-ozone/integration-test/target/test-dir/MiniOzoneClusterImpl-392193b7-5f74-4576-b673-8ecf0040bfb3/datanode-6/data/ratis/7b1d7965-1884-445b-97b4-b19129b62125: flushIndex: setUnconditionally 0 -> -1
2019-07-29 15:21:42,063 INFO  server.RaftServerConfigKeys (ConfUtils.java:logGet(43)) - raft.server.snapshot.auto.trigger.enabled = true (custom)
2019-07-29 15:21:42,063 INFO  server.RaftServerConfigKeys (ConfUtils.java:logGet(43)) - raft.server.snapshot.auto.trigger.threshold = 10000 (custom)
2019-07-29 15:21:42,063 INFO  server.RaftServerConfigKeys (ConfUtils.java:logGet(43)) - raft.server.retrycache.expirytime = 600000ms (custom)
2019-07-29 15:21:42,063 INFO  impl.RaftServerImpl (RaftServerImpl.java:start(180)) - f4bc078d-76ca-44e5-91c7-b245da2b30cf: start group-B19129B62125
2019-07-29 15:21:42,063 INFO  impl.RaftServerImpl (RaftServerImpl.java:setRole(171)) - f4bc078d-76ca-44e5-91c7-b245da2b30cf:group-B19129B62125 changes role from null to FOLLOWER at term 0 for startAsFollower
2019-07-29 15:21:42,063 INFO  impl.RoleInfo (RoleInfo.java:updateAndGet(143)) - f4bc078d-76ca-44e5-91c7-b245da2b30cf: start FollowerState
2019-07-29 15:21:42,064 INFO  util.JmxRegister (JmxRegister.java:tryRegister(44)) - Successfully registered JMX Bean with object name Ratis:service=RaftServer,group=group-B19129B62125,id=f4bc078d-76ca-44e5-91c7-b245da2b30cf
2019-07-29 15:21:42,066 INFO  pipeline.PipelineStateManager (PipelineStateManager.java:addPipeline(56)) - Created pipeline Pipeline[ Id: 7b1d7965-1884-445b-97b4-b19129b62125, Nodes: f4bc078d-76ca-44e5-91c7-b245da2b30cf{ip: 192.168.157.194, host: byscane-nightly-74r8j-760408800, networkLocation: /default-rack, certSerialId: null}, Type:RATIS, Factor:ONE, State:OPEN]
2019-07-29 15:21:43,020 INFO  ozone.MiniOzoneClusterImpl (MiniOzoneClusterImpl.java:lambda$waitForClusterToBeReady$0(142)) - Cluster is ready. Got 7 of 7 DN Heartbeats.
2019-07-29 15:21:43,056 INFO  rpc.RpcClient (RpcClient.java:createVolume(288)) - Creating Volume: testblockoutputstream, with jenkins1000 as owner.
2019-07-29 15:21:43,074 INFO  rpc.RpcClient (RpcClient.java:createBucket(425)) - Creating Bucket: testblockoutputstream/testblockoutputstream, with Versioning false and Storage Type set to DISK and Encryption set to false 
2019-07-29 15:21:43,102 INFO  client.GrpcClientProtocolClient (GrpcClientProtocolClient.java:onNext(255)) - client-D2DA73030B1E->53a34721-2cd9-447b-bbac-6aced2b729b1: receive RaftClientReply:client-D2DA73030B1E->53a34721-2cd9-447b-bbac-6aced2b729b1@group-C9F0E8A3F2C0, cid=156, FAILED org.apache.ratis.protocol.NotLeaderException: Server 53a34721-2cd9-447b-bbac-6aced2b729b1 is not the leader (null). Request must be sent to leader., logIndex=0, commits[53a34721-2cd9-447b-bbac-6aced2b729b1:c-1]
2019-07-29 15:21:43,759 INFO  container.ReplicationManager (ReplicationManager.java:start(155)) - Starting Replication Monitor Thread.
2019-07-29 15:21:43,763 INFO  container.ReplicationManager (ReplicationManager.java:run(207)) - Replication Monitor Thread took 0 milliseconds for processing 1 containers.
2019-07-29 15:21:44,116 INFO  client.GrpcClientProtocolClient (GrpcClientProtocolClient.java:onNext(255)) - client-D2DA73030B1E->fa9d0e52-a768-41c3-8968-008b1a8ad335: receive RaftClientReply:client-D2DA73030B1E->fa9d0e52-a768-41c3-8968-008b1a8ad335@group-C9F0E8A3F2C0, cid=156, FAILED org.apache.ratis.protocol.NotLeaderException: Server fa9d0e52-a768-41c3-8968-008b1a8ad335 is not the leader (null). Request must be sent to leader., logIndex=0, commits[fa9d0e52-a768-41c3-8968-008b1a8ad335:c-1]
2019-07-29 15:21:45,132 INFO  client.GrpcClientProtocolClient (GrpcClientProtocolClient.java:onNext(255)) - client-D2DA73030B1E->ea7b7c0e-fb12-41ce-8f6a-536568e7c128: receive RaftClientReply:client-D2DA73030B1E->ea7b7c0e-fb12-41ce-8f6a-536568e7c128@group-C9F0E8A3F2C0, cid=156, FAILED org.apache.ratis.protocol.NotLeaderException: Server ea7b7c0e-fb12-41ce-8f6a-536568e7c128 is not the leader (null). Request must be sent to leader., logIndex=0, commits[ea7b7c0e-fb12-41ce-8f6a-536568e7c128:c-1]
2019-07-29 15:21:45,816 INFO  impl.FollowerState (FollowerState.java:run(106)) - 945d3641-7a53-4648-9e30-b458d7e8703c:group-3689A7C30364 changes to CANDIDATE, lastRpcTime:5003, electionTimeout:5003ms
2019-07-29 15:21:45,816 INFO  impl.RoleInfo (RoleInfo.java:shutdownFollowerState(121)) - 945d3641-7a53-4648-9e30-b458d7e8703c: shutdown FollowerState
2019-07-29 15:21:45,816 INFO  impl.RaftServerImpl (RaftServerImpl.java:setRole(171)) - 945d3641-7a53-4648-9e30-b458d7e8703c:group-3689A7C30364 changes role from FOLLOWER to CANDIDATE at term 0 for changeToCandidate
2019-07-29 15:21:45,816 INFO  impl.RoleInfo (RoleInfo.java:updateAndGet(143)) - 945d3641-7a53-4648-9e30-b458d7e8703c: start LeaderElection
2019-07-29 15:21:45,837 INFO  impl.LeaderElection (LeaderElection.java:askForVotes(181)) - 945d3641-7a53-4648-9e30-b458d7e8703c:group-3689A7C30364:LeaderElection60: begin an election at term 1 for -1: [945d3641-7a53-4648-9e30-b458d7e8703c:192.168.157.194:36927], old=null
2019-07-29 15:21:45,837 INFO  impl.RoleInfo (RoleInfo.java:shutdownLeaderElection(134)) - 945d3641-7a53-4648-9e30-b458d7e8703c: shutdown LeaderElection
2019-07-29 15:21:45,837 INFO  impl.RaftServerImpl (RaftServerImpl.java:setRole(171)) - 945d3641-7a53-4648-9e30-b458d7e8703c:group-3689A7C30364 changes role from CANDIDATE to LEADER at term 1 for changeToLeader
2019-07-29 15:21:45,837 INFO  impl.RaftServerImpl (ServerState.java:setLeader(263)) - 945d3641-7a53-4648-9e30-b458d7e8703c:group-3689A7C30364 change Leader from null to 945d3641-7a53-4648-9e30-b458d7e8703c at term 1 for becomeLeader, leader elected after 5029ms
2019-07-29 15:21:45,837 INFO  server.RaftServerConfigKeys (ConfUtils.java:logGet(43)) - raft.server.staging.catchup.gap = 1000 (default)
2019-07-29 15:21:45,837 INFO  server.RaftServerConfigKeys (ConfUtils.java:logGet(43)) - raft.server.rpc.sleep.time = 25ms (default)
2019-07-29 15:21:45,838 INFO  server.RaftServerConfigKeys (ConfUtils.java:logGet(43)) - raft.server.write.element-limit = 4096 (default)
2019-07-29 15:21:45,838 INFO  server.RaftServerConfigKeys (ConfUtils.java:logGet(43)) - raft.server.watch.timeout = 10s (default)
2019-07-29 15:21:45,838 INFO  server.RaftServerConfigKeys (ConfUtils.java:logGet(43)) - raft.server.watch.timeout.denomination = 1s (default)
2019-07-29 15:21:45,838 INFO  server.RaftServerConfigKeys (ConfUtils.java:logGet(43)) - raft.server.watch.element-limit = 65536 (default)
2019-07-29 15:21:45,838 INFO  impl.RoleInfo (RoleInfo.java:updateAndGet(143)) - 945d3641-7a53-4648-9e30-b458d7e8703c: start LeaderState
2019-07-29 15:21:45,839 INFO  segmented.SegmentedRaftLogWorker (SegmentedRaftLogWorker.java:startLogSegment(380)) - 945d3641-7a53-4648-9e30-b458d7e8703c-SegmentedRaftLogWorker:Storage Directory /workdir/hadoop-ozone/integration-test/target/test-dir/MiniOzoneClusterImpl-392193b7-5f74-4576-b673-8ecf0040bfb3/datanode-0/data/ratis/fc0d4d48-034a-46a9-9095-3689a7c30364: Starting segment from index:0
2019-07-29 15:21:45,839 INFO  impl.RaftServerImpl (ServerState.java:setRaftConf(361)) - 945d3641-7a53-4648-9e30-b458d7e8703c:group-3689A7C30364 set configuration 0: [945d3641-7a53-4648-9e30-b458d7e8703c:192.168.157.194:36927], old=null at 0
2019-07-29 15:21:45,870 INFO  segmented.SegmentedRaftLogWorker (SegmentedRaftLogWorker.java:execute(569)) - 945d3641-7a53-4648-9e30-b458d7e8703c-SegmentedRaftLogWorker:Storage Directory /workdir/hadoop-ozone/integration-test/target/test-dir/MiniOzoneClusterImpl-392193b7-5f74-4576-b673-8ecf0040bfb3/datanode-0/data/ratis/fc0d4d48-034a-46a9-9095-3689a7c30364: created new log segment /workdir/hadoop-ozone/integration-test/target/test-dir/MiniOzoneClusterImpl-392193b7-5f74-4576-b673-8ecf0040bfb3/datanode-0/data/ratis/fc0d4d48-034a-46a9-9095-3689a7c30364/current/log_inprogress_0
2019-07-29 15:21:46,082 INFO  impl.FollowerState (FollowerState.java:run(106)) - 6ac22818-cdca-4d71-9cf8-b397b04daa4f:group-F8588F8126C3 changes to CANDIDATE, lastRpcTime:5134, electionTimeout:5134ms
2019-07-29 15:21:46,082 INFO  impl.RoleInfo (RoleInfo.java:shutdownFollowerState(121)) - 6ac22818-cdca-4d71-9cf8-b397b04daa4f: shutdown FollowerState
2019-07-29 15:21:46,082 INFO  impl.RaftServerImpl (RaftServerImpl.java:setRole(171)) - 6ac22818-cdca-4d71-9cf8-b397b04daa4f:group-F8588F8126C3 changes role from FOLLOWER to CANDIDATE at term 0 for changeToCandidate
2019-07-29 15:21:46,082 INFO  impl.RoleInfo (RoleInfo.java:updateAndGet(143)) - 6ac22818-cdca-4d71-9cf8-b397b04daa4f: start LeaderElection
2019-07-29 15:21:46,099 INFO  impl.LeaderElection (LeaderElection.java:askForVotes(181)) - 6ac22818-cdca-4d71-9cf8-b397b04daa4f:group-F8588F8126C3:LeaderElection61: begin an election at term 1 for -1: [6ac22818-cdca-4d71-9cf8-b397b04daa4f:192.168.157.194:41668], old=null
2019-07-29 15:21:46,099 INFO  impl.RoleInfo (RoleInfo.java:shutdownLeaderElection(134)) - 6ac22818-cdca-4d71-9cf8-b397b04daa4f: shutdown LeaderElection
2019-07-29 15:21:46,100 INFO  impl.RaftServerImpl (RaftServerImpl.java:setRole(171)) - 6ac22818-cdca-4d71-9cf8-b397b04daa4f:group-F8588F8126C3 changes role from CANDIDATE to LEADER at term 1 for changeToLeader
2019-07-29 15:21:46,100 INFO  impl.RaftServerImpl (ServerState.java:setLeader(263)) - 6ac22818-cdca-4d71-9cf8-b397b04daa4f:group-F8588F8126C3 change Leader from null to 6ac22818-cdca-4d71-9cf8-b397b04daa4f at term 1 for becomeLeader, leader elected after 5157ms
2019-07-29 15:21:46,100 INFO  server.RaftServerConfigKeys (ConfUtils.java:logGet(43)) - raft.server.staging.catchup.gap = 1000 (default)
2019-07-29 15:21:46,100 INFO  server.RaftServerConfigKeys (ConfUtils.java:logGet(43)) - raft.server.rpc.sleep.time = 25ms (default)
2019-07-29 15:21:46,100 INFO  server.RaftServerConfigKeys (ConfUtils.java:logGet(43)) - raft.server.write.element-limit = 4096 (default)
2019-07-29 15:21:46,100 INFO  server.RaftServerConfigKeys (ConfUtils.java:logGet(43)) - raft.server.watch.timeout = 10s (default)
2019-07-29 15:21:46,100 INFO  server.RaftServerConfigKeys (ConfUtils.java:logGet(43)) - raft.server.watch.timeout.denomination = 1s (default)
2019-07-29 15:21:46,101 INFO  server.RaftServerConfigKeys (ConfUtils.java:logGet(43)) - raft.server.watch.element-limit = 65536 (default)
2019-07-29 15:21:46,101 INFO  impl.RoleInfo (RoleInfo.java:updateAndGet(143)) - 6ac22818-cdca-4d71-9cf8-b397b04daa4f: start LeaderState
2019-07-29 15:21:46,101 INFO  segmented.SegmentedRaftLogWorker (SegmentedRaftLogWorker.java:startLogSegment(380)) - 6ac22818-cdca-4d71-9cf8-b397b04daa4f-SegmentedRaftLogWorker:Storage Directory /workdir/hadoop-ozone/integration-test/target/test-dir/MiniOzoneClusterImpl-392193b7-5f74-4576-b673-8ecf0040bfb3/datanode-1/data/ratis/3eff2beb-48ce-4ab6-b456-f8588f8126c3: Starting segment from index:0
2019-07-29 15:21:46,102 INFO  impl.RaftServerImpl (ServerState.java:setRaftConf(361)) - 6ac22818-cdca-4d71-9cf8-b397b04daa4f:group-F8588F8126C3 set configuration 0: [6ac22818-cdca-4d71-9cf8-b397b04daa4f:192.168.157.194:41668], old=null at 0
2019-07-29 15:21:46,126 INFO  segmented.SegmentedRaftLogWorker (SegmentedRaftLogWorker.java:execute(569)) - 6ac22818-cdca-4d71-9cf8-b397b04daa4f-SegmentedRaftLogWorker:Storage Directory /workdir/hadoop-ozone/integration-test/target/test-dir/MiniOzoneClusterImpl-392193b7-5f74-4576-b673-8ecf0040bfb3/datanode-1/data/ratis/3eff2beb-48ce-4ab6-b456-f8588f8126c3: created new log segment /workdir/hadoop-ozone/integration-test/target/test-dir/MiniOzoneClusterImpl-392193b7-5f74-4576-b673-8ecf0040bfb3/datanode-1/data/ratis/3eff2beb-48ce-4ab6-b456-f8588f8126c3/current/log_inprogress_0
2019-07-29 15:21:46,142 INFO  client.GrpcClientProtocolClient (GrpcClientProtocolClient.java:onNext(255)) - client-D2DA73030B1E->53a34721-2cd9-447b-bbac-6aced2b729b1: receive RaftClientReply:client-D2DA73030B1E->53a34721-2cd9-447b-bbac-6aced2b729b1@group-C9F0E8A3F2C0, cid=156, FAILED org.apache.ratis.protocol.NotLeaderException: Server 53a34721-2cd9-447b-bbac-6aced2b729b1 is not the leader (null). Request must be sent to leader., logIndex=0, commits[53a34721-2cd9-447b-bbac-6aced2b729b1:c-1]
2019-07-29 15:21:46,217 INFO  impl.FollowerState (FollowerState.java:run(106)) - 6ac22818-cdca-4d71-9cf8-b397b04daa4f:group-884A75F1CF8B changes to CANDIDATE, lastRpcTime:5014, electionTimeout:5014ms
2019-07-29 15:21:46,217 INFO  impl.RoleInfo (RoleInfo.java:shutdownFollowerState(121)) - 6ac22818-cdca-4d71-9cf8-b397b04daa4f: shutdown FollowerState
2019-07-29 15:21:46,217 INFO  impl.RaftServerImpl (RaftServerImpl.java:setRole(171)) - 6ac22818-cdca-4d71-9cf8-b397b04daa4f:group-884A75F1CF8B changes role from FOLLOWER to CANDIDATE at term 0 for changeToCandidate
2019-07-29 15:21:46,217 INFO  impl.RoleInfo (RoleInfo.java:updateAndGet(143)) - 6ac22818-cdca-4d71-9cf8-b397b04daa4f: start LeaderElection
2019-07-29 15:21:46,235 INFO  impl.FollowerState (FollowerState.java:run(106)) - 9705bf9f-4f79-40e1-9d63-8b56fa695f58:group-884A75F1CF8B changes to CANDIDATE, lastRpcTime:5028, electionTimeout:5028ms
2019-07-29 15:21:46,236 INFO  impl.RoleInfo (RoleInfo.java:shutdownFollowerState(121)) - 9705bf9f-4f79-40e1-9d63-8b56fa695f58: shutdown FollowerState
2019-07-29 15:21:46,236 INFO  impl.RaftServerImpl (RaftServerImpl.java:setRole(171)) - 9705bf9f-4f79-40e1-9d63-8b56fa695f58:group-884A75F1CF8B changes role from FOLLOWER to CANDIDATE at term 0 for changeToCandidate
2019-07-29 15:21:46,236 INFO  impl.RoleInfo (RoleInfo.java:updateAndGet(143)) - 9705bf9f-4f79-40e1-9d63-8b56fa695f58: start LeaderElection
2019-07-29 15:21:46,251 INFO  impl.FollowerState (FollowerState.java:run(106)) - 945d3641-7a53-4648-9e30-b458d7e8703c:group-884A75F1CF8B changes to CANDIDATE, lastRpcTime:5045, electionTimeout:5039ms
2019-07-29 15:21:46,251 INFO  impl.LeaderElection (LeaderElection.java:askForVotes(181)) - 6ac22818-cdca-4d71-9cf8-b397b04daa4f:group-884A75F1CF8B:LeaderElection62: begin an election at term 1 for -1: [945d3641-7a53-4648-9e30-b458d7e8703c:192.168.157.194:36927, 6ac22818-cdca-4d71-9cf8-b397b04daa4f:192.168.157.194:41668, 9705bf9f-4f79-40e1-9d63-8b56fa695f58:192.168.157.194:39210], old=null
2019-07-29 15:21:46,251 INFO  impl.RoleInfo (RoleInfo.java:shutdownFollowerState(121)) - 945d3641-7a53-4648-9e30-b458d7e8703c: shutdown FollowerState
2019-07-29 15:21:46,252 INFO  impl.RaftServerImpl (RaftServerImpl.java:setRole(171)) - 945d3641-7a53-4648-9e30-b458d7e8703c:group-884A75F1CF8B changes role from FOLLOWER to CANDIDATE at term 0 for changeToCandidate
2019-07-29 15:21:46,252 INFO  impl.RoleInfo (RoleInfo.java:updateAndGet(143)) - 945d3641-7a53-4648-9e30-b458d7e8703c: start LeaderElection
2019-07-29 15:21:46,265 INFO  impl.LeaderElection (LeaderElection.java:askForVotes(181)) - 945d3641-7a53-4648-9e30-b458d7e8703c:group-884A75F1CF8B:LeaderElection64: begin an election at term 1 for -1: [945d3641-7a53-4648-9e30-b458d7e8703c:192.168.157.194:36927, 6ac22818-cdca-4d71-9cf8-b397b04daa4f:192.168.157.194:41668, 9705bf9f-4f79-40e1-9d63-8b56fa695f58:192.168.157.194:39210], old=null
2019-07-29 15:21:46,265 INFO  impl.LeaderElection (LeaderElection.java:askForVotes(181)) - 9705bf9f-4f79-40e1-9d63-8b56fa695f58:group-884A75F1CF8B:LeaderElection63: begin an election at term 1 for -1: [945d3641-7a53-4648-9e30-b458d7e8703c:192.168.157.194:36927, 6ac22818-cdca-4d71-9cf8-b397b04daa4f:192.168.157.194:41668, 9705bf9f-4f79-40e1-9d63-8b56fa695f58:192.168.157.194:39210], old=null
2019-07-29 15:21:46,269 INFO  impl.LeaderElection (LeaderElection.java:logAndReturn(56)) - 6ac22818-cdca-4d71-9cf8-b397b04daa4f:group-884A75F1CF8B:LeaderElection62: Election REJECTED; received 2 response(s) [6ac22818-cdca-4d71-9cf8-b397b04daa4f<-945d3641-7a53-4648-9e30-b458d7e8703c#0:FAIL-t1, 6ac22818-cdca-4d71-9cf8-b397b04daa4f<-9705bf9f-4f79-40e1-9d63-8b56fa695f58#0:FAIL-t1] and 0 exception(s); 6ac22818-cdca-4d71-9cf8-b397b04daa4f:t1, leader=null, voted=6ac22818-cdca-4d71-9cf8-b397b04daa4f, raftlog=6ac22818-cdca-4d71-9cf8-b397b04daa4f-SegmentedRaftLog:OPENED:c-1,f-1,i0, conf=-1: [945d3641-7a53-4648-9e30-b458d7e8703c:192.168.157.194:36927, 6ac22818-cdca-4d71-9cf8-b397b04daa4f:192.168.157.194:41668, 9705bf9f-4f79-40e1-9d63-8b56fa695f58:192.168.157.194:39210], old=null
2019-07-29 15:21:46,269 INFO  impl.RaftServerImpl (RaftServerImpl.java:setRole(171)) - 6ac22818-cdca-4d71-9cf8-b397b04daa4f:group-884A75F1CF8B changes role from CANDIDATE to FOLLOWER at term 1 for DISCOVERED_A_NEW_TERM
2019-07-29 15:21:46,270 INFO  impl.RoleInfo (RoleInfo.java:shutdownLeaderElection(134)) - 6ac22818-cdca-4d71-9cf8-b397b04daa4f: shutdown LeaderElection
2019-07-29 15:21:46,270 INFO  impl.RoleInfo (RoleInfo.java:updateAndGet(143)) - 6ac22818-cdca-4d71-9cf8-b397b04daa4f: start FollowerState
2019-07-29 15:21:46,274 INFO  impl.LeaderElection (LeaderElection.java:logAndReturn(56)) - 945d3641-7a53-4648-9e30-b458d7e8703c:group-884A75F1CF8B:LeaderElection64: Election REJECTED; received 2 response(s) [945d3641-7a53-4648-9e30-b458d7e8703c<-6ac22818-cdca-4d71-9cf8-b397b04daa4f#0:FAIL-t1, 945d3641-7a53-4648-9e30-b458d7e8703c<-9705bf9f-4f79-40e1-9d63-8b56fa695f58#0:FAIL-t1] and 0 exception(s); 945d3641-7a53-4648-9e30-b458d7e8703c:t1, leader=null, voted=945d3641-7a53-4648-9e30-b458d7e8703c, raftlog=945d3641-7a53-4648-9e30-b458d7e8703c-SegmentedRaftLog:OPENED:c-1,f-1,i0, conf=-1: [945d3641-7a53-4648-9e30-b458d7e8703c:192.168.157.194:36927, 6ac22818-cdca-4d71-9cf8-b397b04daa4f:192.168.157.194:41668, 9705bf9f-4f79-40e1-9d63-8b56fa695f58:192.168.157.194:39210], old=null
2019-07-29 15:21:46,274 INFO  impl.RaftServerImpl (RaftServerImpl.java:setRole(171)) - 945d3641-7a53-4648-9e30-b458d7e8703c:group-884A75F1CF8B changes role from CANDIDATE to FOLLOWER at term 1 for DISCOVERED_A_NEW_TERM
2019-07-29 15:21:46,274 INFO  impl.RoleInfo (RoleInfo.java:shutdownLeaderElection(134)) - 945d3641-7a53-4648-9e30-b458d7e8703c: shutdown LeaderElection
2019-07-29 15:21:46,274 INFO  impl.RoleInfo (RoleInfo.java:updateAndGet(143)) - 945d3641-7a53-4648-9e30-b458d7e8703c: start FollowerState
2019-07-29 15:21:46,274 INFO  impl.LeaderElection (LeaderElection.java:logAndReturn(56)) - 9705bf9f-4f79-40e1-9d63-8b56fa695f58:group-884A75F1CF8B:LeaderElection63: Election REJECTED; received 2 response(s) [9705bf9f-4f79-40e1-9d63-8b56fa695f58<-945d3641-7a53-4648-9e30-b458d7e8703c#0:FAIL-t1, 9705bf9f-4f79-40e1-9d63-8b56fa695f58<-6ac22818-cdca-4d71-9cf8-b397b04daa4f#0:FAIL-t1] and 0 exception(s); 9705bf9f-4f79-40e1-9d63-8b56fa695f58:t1, leader=null, voted=9705bf9f-4f79-40e1-9d63-8b56fa695f58, raftlog=9705bf9f-4f79-40e1-9d63-8b56fa695f58-SegmentedRaftLog:OPENED:c-1,f-1,i0, conf=-1: [945d3641-7a53-4648-9e30-b458d7e8703c:192.168.157.194:36927, 6ac22818-cdca-4d71-9cf8-b397b04daa4f:192.168.157.194:41668, 9705bf9f-4f79-40e1-9d63-8b56fa695f58:192.168.157.194:39210], old=null
2019-07-29 15:21:46,274 INFO  impl.RaftServerImpl (RaftServerImpl.java:setRole(171)) - 9705bf9f-4f79-40e1-9d63-8b56fa695f58:group-884A75F1CF8B changes role from CANDIDATE to FOLLOWER at term 1 for DISCOVERED_A_NEW_TERM
2019-07-29 15:21:46,275 INFO  impl.RoleInfo (RoleInfo.java:shutdownLeaderElection(134)) - 9705bf9f-4f79-40e1-9d63-8b56fa695f58: shutdown LeaderElection
2019-07-29 15:21:46,275 INFO  impl.RoleInfo (RoleInfo.java:updateAndGet(143)) - 9705bf9f-4f79-40e1-9d63-8b56fa695f58: start FollowerState
2019-07-29 15:21:46,299 INFO  impl.FollowerState (FollowerState.java:run(106)) - 9705bf9f-4f79-40e1-9d63-8b56fa695f58:group-AE9107EDFE80 changes to CANDIDATE, lastRpcTime:5152, electionTimeout:5152ms
2019-07-29 15:21:46,300 INFO  impl.RoleInfo (RoleInfo.java:shutdownFollowerState(121)) - 9705bf9f-4f79-40e1-9d63-8b56fa695f58: shutdown FollowerState
2019-07-29 15:21:46,300 INFO  impl.RaftServerImpl (RaftServerImpl.java:setRole(171)) - 9705bf9f-4f79-40e1-9d63-8b56fa695f58:group-AE9107EDFE80 changes role from FOLLOWER to CANDIDATE at term 0 for changeToCandidate
2019-07-29 15:21:46,300 INFO  impl.RoleInfo (RoleInfo.java:updateAndGet(143)) - 9705bf9f-4f79-40e1-9d63-8b56fa695f58: start LeaderElection
2019-07-29 15:21:46,317 INFO  impl.LeaderElection (LeaderElection.java:askForVotes(181)) - 9705bf9f-4f79-40e1-9d63-8b56fa695f58:group-AE9107EDFE80:LeaderElection65: begin an election at term 1 for -1: [9705bf9f-4f79-40e1-9d63-8b56fa695f58:192.168.157.194:39210], old=null
2019-07-29 15:21:46,317 INFO  impl.RoleInfo (RoleInfo.java:shutdownLeaderElection(134)) - 9705bf9f-4f79-40e1-9d63-8b56fa695f58: shutdown LeaderElection
2019-07-29 15:21:46,318 INFO  impl.RaftServerImpl (RaftServerImpl.java:setRole(171)) - 9705bf9f-4f79-40e1-9d63-8b56fa695f58:group-AE9107EDFE80 changes role from CANDIDATE to LEADER at term 1 for changeToLeader
2019-07-29 15:21:46,318 INFO  impl.RaftServerImpl (ServerState.java:setLeader(263)) - 9705bf9f-4f79-40e1-9d63-8b56fa695f58:group-AE9107EDFE80 change Leader from null to 9705bf9f-4f79-40e1-9d63-8b56fa695f58 at term 1 for becomeLeader, leader elected after 5175ms
2019-07-29 15:21:46,318 INFO  server.RaftServerConfigKeys (ConfUtils.java:logGet(43)) - raft.server.staging.catchup.gap = 1000 (default)
2019-07-29 15:21:46,318 INFO  server.RaftServerConfigKeys (ConfUtils.java:logGet(43)) - raft.server.rpc.sleep.time = 25ms (default)
2019-07-29 15:21:46,318 INFO  server.RaftServerConfigKeys (ConfUtils.java:logGet(43)) - raft.server.write.element-limit = 4096 (default)
2019-07-29 15:21:46,318 INFO  server.RaftServerConfigKeys (ConfUtils.java:logGet(43)) - raft.server.watch.timeout = 10s (default)
2019-07-29 15:21:46,318 INFO  server.RaftServerConfigKeys (ConfUtils.java:logGet(43)) - raft.server.watch.timeout.denomination = 1s (default)
2019-07-29 15:21:46,318 INFO  server.RaftServerConfigKeys (ConfUtils.java:logGet(43)) - raft.server.watch.element-limit = 65536 (default)
2019-07-29 15:21:46,319 INFO  impl.RoleInfo (RoleInfo.java:updateAndGet(143)) - 9705bf9f-4f79-40e1-9d63-8b56fa695f58: start LeaderState
2019-07-29 15:21:46,319 INFO  segmented.SegmentedRaftLogWorker (SegmentedRaftLogWorker.java:startLogSegment(380)) - 9705bf9f-4f79-40e1-9d63-8b56fa695f58-SegmentedRaftLogWorker:Storage Directory /workdir/hadoop-ozone/integration-test/target/test-dir/MiniOzoneClusterImpl-392193b7-5f74-4576-b673-8ecf0040bfb3/datanode-2/data/ratis/e7da1635-d67f-4ac5-b340-ae9107edfe80: Starting segment from index:0
2019-07-29 15:21:46,319 INFO  impl.RaftServerImpl (ServerState.java:setRaftConf(361)) - 9705bf9f-4f79-40e1-9d63-8b56fa695f58:group-AE9107EDFE80 set configuration 0: [9705bf9f-4f79-40e1-9d63-8b56fa695f58:192.168.157.194:39210], old=null at 0
2019-07-29 15:21:46,351 INFO  segmented.SegmentedRaftLogWorker (SegmentedRaftLogWorker.java:execute(569)) - 9705bf9f-4f79-40e1-9d63-8b56fa695f58-SegmentedRaftLogWorker:Storage Directory /workdir/hadoop-ozone/integration-test/target/test-dir/MiniOzoneClusterImpl-392193b7-5f74-4576-b673-8ecf0040bfb3/datanode-2/data/ratis/e7da1635-d67f-4ac5-b340-ae9107edfe80: created new log segment /workdir/hadoop-ozone/integration-test/target/test-dir/MiniOzoneClusterImpl-392193b7-5f74-4576-b673-8ecf0040bfb3/datanode-2/data/ratis/e7da1635-d67f-4ac5-b340-ae9107edfe80/current/log_inprogress_0
2019-07-29 15:21:46,502 INFO  impl.FollowerState (FollowerState.java:run(106)) - fa9d0e52-a768-41c3-8968-008b1a8ad335:group-3681BEF178A2 changes to CANDIDATE, lastRpcTime:5035, electionTimeout:5025ms
2019-07-29 15:21:46,502 INFO  impl.RoleInfo (RoleInfo.java:shutdownFollowerState(121)) - fa9d0e52-a768-41c3-8968-008b1a8ad335: shutdown FollowerState
2019-07-29 15:21:46,503 INFO  impl.RaftServerImpl (RaftServerImpl.java:setRole(171)) - fa9d0e52-a768-41c3-8968-008b1a8ad335:group-3681BEF178A2 changes role from FOLLOWER to CANDIDATE at term 0 for changeToCandidate
2019-07-29 15:21:46,503 INFO  impl.RoleInfo (RoleInfo.java:updateAndGet(143)) - fa9d0e52-a768-41c3-8968-008b1a8ad335: start LeaderElection
2019-07-29 15:21:46,520 INFO  impl.LeaderElection (LeaderElection.java:askForVotes(181)) - fa9d0e52-a768-41c3-8968-008b1a8ad335:group-3681BEF178A2:LeaderElection66: begin an election at term 1 for -1: [fa9d0e52-a768-41c3-8968-008b1a8ad335:192.168.157.194:44036], old=null
2019-07-29 15:21:46,520 INFO  impl.RoleInfo (RoleInfo.java:shutdownLeaderElection(134)) - fa9d0e52-a768-41c3-8968-008b1a8ad335: shutdown LeaderElection
2019-07-29 15:21:46,520 INFO  impl.RaftServerImpl (RaftServerImpl.java:setRole(171)) - fa9d0e52-a768-41c3-8968-008b1a8ad335:group-3681BEF178A2 changes role from CANDIDATE to LEADER at term 1 for changeToLeader
2019-07-29 15:21:46,520 INFO  impl.RaftServerImpl (ServerState.java:setLeader(263)) - fa9d0e52-a768-41c3-8968-008b1a8ad335:group-3681BEF178A2 change Leader from null to fa9d0e52-a768-41c3-8968-008b1a8ad335 at term 1 for becomeLeader, leader elected after 5057ms
2019-07-29 15:21:46,520 INFO  server.RaftServerConfigKeys (ConfUtils.java:logGet(43)) - raft.server.staging.catchup.gap = 1000 (default)
2019-07-29 15:21:46,520 INFO  server.RaftServerConfigKeys (ConfUtils.java:logGet(43)) - raft.server.rpc.sleep.time = 25ms (default)
2019-07-29 15:21:46,521 INFO  server.RaftServerConfigKeys (ConfUtils.java:logGet(43)) - raft.server.write.element-limit = 4096 (default)
2019-07-29 15:21:46,521 INFO  server.RaftServerConfigKeys (ConfUtils.java:logGet(43)) - raft.server.watch.timeout = 10s (default)
2019-07-29 15:21:46,521 INFO  server.RaftServerConfigKeys (ConfUtils.java:logGet(43)) - raft.server.watch.timeout.denomination = 1s (default)
2019-07-29 15:21:46,521 INFO  server.RaftServerConfigKeys (ConfUtils.java:logGet(43)) - raft.server.watch.element-limit = 65536 (default)
2019-07-29 15:21:46,521 INFO  impl.RoleInfo (RoleInfo.java:updateAndGet(143)) - fa9d0e52-a768-41c3-8968-008b1a8ad335: start LeaderState
2019-07-29 15:21:46,522 INFO  segmented.SegmentedRaftLogWorker (SegmentedRaftLogWorker.java:startLogSegment(380)) - fa9d0e52-a768-41c3-8968-008b1a8ad335-SegmentedRaftLogWorker:Storage Directory /workdir/hadoop-ozone/integration-test/target/test-dir/MiniOzoneClusterImpl-392193b7-5f74-4576-b673-8ecf0040bfb3/datanode-3/data/ratis/44524a35-23ca-4d2a-ab17-3681bef178a2: Starting segment from index:0
2019-07-29 15:21:46,522 INFO  impl.RaftServerImpl (ServerState.java:setRaftConf(361)) - fa9d0e52-a768-41c3-8968-008b1a8ad335:group-3681BEF178A2 set configuration 0: [fa9d0e52-a768-41c3-8968-008b1a8ad335:192.168.157.194:44036], old=null at 0
2019-07-29 15:21:46,554 INFO  segmented.SegmentedRaftLogWorker (SegmentedRaftLogWorker.java:execute(569)) - fa9d0e52-a768-41c3-8968-008b1a8ad335-SegmentedRaftLogWorker:Storage Directory /workdir/hadoop-ozone/integration-test/target/test-dir/MiniOzoneClusterImpl-392193b7-5f74-4576-b673-8ecf0040bfb3/datanode-3/data/ratis/44524a35-23ca-4d2a-ab17-3681bef178a2: created new log segment /workdir/hadoop-ozone/integration-test/target/test-dir/MiniOzoneClusterImpl-392193b7-5f74-4576-b673-8ecf0040bfb3/datanode-3/data/ratis/44524a35-23ca-4d2a-ab17-3681bef178a2/current/log_inprogress_0
2019-07-29 15:21:46,699 INFO  impl.FollowerState (FollowerState.java:run(106)) - 53a34721-2cd9-447b-bbac-6aced2b729b1:group-953E822C02B0 changes to CANDIDATE, lastRpcTime:5043, electionTimeout:5043ms
2019-07-29 15:21:46,699 INFO  impl.RoleInfo (RoleInfo.java:shutdownFollowerState(121)) - 53a34721-2cd9-447b-bbac-6aced2b729b1: shutdown FollowerState
2019-07-29 15:21:46,699 INFO  impl.RaftServerImpl (RaftServerImpl.java:setRole(171)) - 53a34721-2cd9-447b-bbac-6aced2b729b1:group-953E822C02B0 changes role from FOLLOWER to CANDIDATE at term 0 for changeToCandidate
2019-07-29 15:21:46,700 INFO  impl.RoleInfo (RoleInfo.java:updateAndGet(143)) - 53a34721-2cd9-447b-bbac-6aced2b729b1: start LeaderElection
2019-07-29 15:21:46,716 INFO  impl.LeaderElection (LeaderElection.java:askForVotes(181)) - 53a34721-2cd9-447b-bbac-6aced2b729b1:group-953E822C02B0:LeaderElection67: begin an election at term 1 for -1: [53a34721-2cd9-447b-bbac-6aced2b729b1:192.168.157.194:40688], old=null
2019-07-29 15:21:46,716 INFO  impl.RoleInfo (RoleInfo.java:shutdownLeaderElection(134)) - 53a34721-2cd9-447b-bbac-6aced2b729b1: shutdown LeaderElection
2019-07-29 15:21:46,716 INFO  impl.RaftServerImpl (RaftServerImpl.java:setRole(171)) - 53a34721-2cd9-447b-bbac-6aced2b729b1:group-953E822C02B0 changes role from CANDIDATE to LEADER at term 1 for changeToLeader
2019-07-29 15:21:46,716 INFO  impl.RaftServerImpl (ServerState.java:setLeader(263)) - 53a34721-2cd9-447b-bbac-6aced2b729b1:group-953E822C02B0 change Leader from null to 53a34721-2cd9-447b-bbac-6aced2b729b1 at term 1 for becomeLeader, leader elected after 5064ms
2019-07-29 15:21:46,716 INFO  server.RaftServerConfigKeys (ConfUtils.java:logGet(43)) - raft.server.staging.catchup.gap = 1000 (default)
2019-07-29 15:21:46,716 INFO  server.RaftServerConfigKeys (ConfUtils.java:logGet(43)) - raft.server.rpc.sleep.time = 25ms (default)
2019-07-29 15:21:46,717 INFO  server.RaftServerConfigKeys (ConfUtils.java:logGet(43)) - raft.server.write.element-limit = 4096 (default)
2019-07-29 15:21:46,717 INFO  server.RaftServerConfigKeys (ConfUtils.java:logGet(43)) - raft.server.watch.timeout = 10s (default)
2019-07-29 15:21:46,717 INFO  server.RaftServerConfigKeys (ConfUtils.java:logGet(43)) - raft.server.watch.timeout.denomination = 1s (default)
2019-07-29 15:21:46,717 INFO  server.RaftServerConfigKeys (ConfUtils.java:logGet(43)) - raft.server.watch.element-limit = 65536 (default)
2019-07-29 15:21:46,717 INFO  impl.RoleInfo (RoleInfo.java:updateAndGet(143)) - 53a34721-2cd9-447b-bbac-6aced2b729b1: start LeaderState
2019-07-29 15:21:46,717 INFO  segmented.SegmentedRaftLogWorker (SegmentedRaftLogWorker.java:startLogSegment(380)) - 53a34721-2cd9-447b-bbac-6aced2b729b1-SegmentedRaftLogWorker:Storage Directory /workdir/hadoop-ozone/integration-test/target/test-dir/MiniOzoneClusterImpl-392193b7-5f74-4576-b673-8ecf0040bfb3/datanode-4/data/ratis/a135aabd-7433-4366-bfc9-953e822c02b0: Starting segment from index:0
2019-07-29 15:21:46,718 INFO  impl.RaftServerImpl (ServerState.java:setRaftConf(361)) - 53a34721-2cd9-447b-bbac-6aced2b729b1:group-953E822C02B0 set configuration 0: [53a34721-2cd9-447b-bbac-6aced2b729b1:192.168.157.194:40688], old=null at 0
2019-07-29 15:21:46,752 INFO  segmented.SegmentedRaftLogWorker (SegmentedRaftLogWorker.java:execute(569)) - 53a34721-2cd9-447b-bbac-6aced2b729b1-SegmentedRaftLogWorker:Storage Directory /workdir/hadoop-ozone/integration-test/target/test-dir/MiniOzoneClusterImpl-392193b7-5f74-4576-b673-8ecf0040bfb3/datanode-4/data/ratis/a135aabd-7433-4366-bfc9-953e822c02b0: created new log segment /workdir/hadoop-ozone/integration-test/target/test-dir/MiniOzoneClusterImpl-392193b7-5f74-4576-b673-8ecf0040bfb3/datanode-4/data/ratis/a135aabd-7433-4366-bfc9-953e822c02b0/current/log_inprogress_0
2019-07-29 15:21:46,957 INFO  impl.FollowerState (FollowerState.java:run(106)) - ea7b7c0e-fb12-41ce-8f6a-536568e7c128:group-306EF0E70560 changes to CANDIDATE, lastRpcTime:5103, electionTimeout:5103ms
2019-07-29 15:21:46,957 INFO  impl.RoleInfo (RoleInfo.java:shutdownFollowerState(121)) - ea7b7c0e-fb12-41ce-8f6a-536568e7c128: shutdown FollowerState
2019-07-29 15:21:46,958 INFO  impl.RaftServerImpl (RaftServerImpl.java:setRole(171)) - ea7b7c0e-fb12-41ce-8f6a-536568e7c128:group-306EF0E70560 changes role from FOLLOWER to CANDIDATE at term 0 for changeToCandidate
2019-07-29 15:21:46,958 INFO  impl.RoleInfo (RoleInfo.java:updateAndGet(143)) - ea7b7c0e-fb12-41ce-8f6a-536568e7c128: start LeaderElection
2019-07-29 15:21:46,976 INFO  impl.LeaderElection (LeaderElection.java:askForVotes(181)) - ea7b7c0e-fb12-41ce-8f6a-536568e7c128:group-306EF0E70560:LeaderElection68: begin an election at term 1 for -1: [ea7b7c0e-fb12-41ce-8f6a-536568e7c128:192.168.157.194:35645], old=null
2019-07-29 15:21:46,976 INFO  impl.RoleInfo (RoleInfo.java:shutdownLeaderElection(134)) - ea7b7c0e-fb12-41ce-8f6a-536568e7c128: shutdown LeaderElection
2019-07-29 15:21:46,976 INFO  impl.RaftServerImpl (RaftServerImpl.java:setRole(171)) - ea7b7c0e-fb12-41ce-8f6a-536568e7c128:group-306EF0E70560 changes role from CANDIDATE to LEADER at term 1 for changeToLeader
2019-07-29 15:21:46,976 INFO  impl.RaftServerImpl (ServerState.java:setLeader(263)) - ea7b7c0e-fb12-41ce-8f6a-536568e7c128:group-306EF0E70560 change Leader from null to ea7b7c0e-fb12-41ce-8f6a-536568e7c128 at term 1 for becomeLeader, leader elected after 5126ms
2019-07-29 15:21:46,976 INFO  server.RaftServerConfigKeys (ConfUtils.java:logGet(43)) - raft.server.staging.catchup.gap = 1000 (default)
2019-07-29 15:21:46,977 INFO  server.RaftServerConfigKeys (ConfUtils.java:logGet(43)) - raft.server.rpc.sleep.time = 25ms (default)
2019-07-29 15:21:46,977 INFO  server.RaftServerConfigKeys (ConfUtils.java:logGet(43)) - raft.server.write.element-limit = 4096 (default)
2019-07-29 15:21:46,977 INFO  server.RaftServerConfigKeys (ConfUtils.java:logGet(43)) - raft.server.watch.timeout = 10s (default)
2019-07-29 15:21:46,977 INFO  server.RaftServerConfigKeys (ConfUtils.java:logGet(43)) - raft.server.watch.timeout.denomination = 1s (default)
2019-07-29 15:21:46,977 INFO  server.RaftServerConfigKeys (ConfUtils.java:logGet(43)) - raft.server.watch.element-limit = 65536 (default)
2019-07-29 15:21:46,977 INFO  impl.RoleInfo (RoleInfo.java:updateAndGet(143)) - ea7b7c0e-fb12-41ce-8f6a-536568e7c128: start LeaderState
2019-07-29 15:21:46,978 INFO  segmented.SegmentedRaftLogWorker (SegmentedRaftLogWorker.java:startLogSegment(380)) - ea7b7c0e-fb12-41ce-8f6a-536568e7c128-SegmentedRaftLogWorker:Storage Directory /workdir/hadoop-ozone/integration-test/target/test-dir/MiniOzoneClusterImpl-392193b7-5f74-4576-b673-8ecf0040bfb3/datanode-5/data/ratis/5b458a6c-f728-4a81-81b1-306ef0e70560: Starting segment from index:0
2019-07-29 15:21:46,978 INFO  impl.RaftServerImpl (ServerState.java:setRaftConf(361)) - ea7b7c0e-fb12-41ce-8f6a-536568e7c128:group-306EF0E70560 set configuration 0: [ea7b7c0e-fb12-41ce-8f6a-536568e7c128:192.168.157.194:35645], old=null at 0
2019-07-29 15:21:47,001 INFO  impl.FollowerState (FollowerState.java:run(106)) - fa9d0e52-a768-41c3-8968-008b1a8ad335:group-C9F0E8A3F2C0 changes to CANDIDATE, lastRpcTime:5096, electionTimeout:5096ms
2019-07-29 15:21:47,001 INFO  impl.FollowerState (FollowerState.java:run(106)) - 53a34721-2cd9-447b-bbac-6aced2b729b1:group-C9F0E8A3F2C0 changes to CANDIDATE, lastRpcTime:5091, electionTimeout:5082ms
2019-07-29 15:21:47,001 INFO  impl.RoleInfo (RoleInfo.java:shutdownFollowerState(121)) - fa9d0e52-a768-41c3-8968-008b1a8ad335: shutdown FollowerState
2019-07-29 15:21:47,002 INFO  impl.RoleInfo (RoleInfo.java:shutdownFollowerState(121)) - 53a34721-2cd9-447b-bbac-6aced2b729b1: shutdown FollowerState
2019-07-29 15:21:47,002 INFO  impl.RaftServerImpl (RaftServerImpl.java:setRole(171)) - fa9d0e52-a768-41c3-8968-008b1a8ad335:group-C9F0E8A3F2C0 changes role from FOLLOWER to CANDIDATE at term 0 for changeToCandidate
2019-07-29 15:21:47,002 INFO  impl.RaftServerImpl (RaftServerImpl.java:setRole(171)) - 53a34721-2cd9-447b-bbac-6aced2b729b1:group-C9F0E8A3F2C0 changes role from FOLLOWER to CANDIDATE at term 0 for changeToCandidate
2019-07-29 15:21:47,002 INFO  impl.RoleInfo (RoleInfo.java:updateAndGet(143)) - fa9d0e52-a768-41c3-8968-008b1a8ad335: start LeaderElection
2019-07-29 15:21:47,002 INFO  impl.RoleInfo (RoleInfo.java:updateAndGet(143)) - 53a34721-2cd9-447b-bbac-6aced2b729b1: start LeaderElection
2019-07-29 15:21:47,014 INFO  segmented.SegmentedRaftLogWorker (SegmentedRaftLogWorker.java:execute(569)) - ea7b7c0e-fb12-41ce-8f6a-536568e7c128-SegmentedRaftLogWorker:Storage Directory /workdir/hadoop-ozone/integration-test/target/test-dir/MiniOzoneClusterImpl-392193b7-5f74-4576-b673-8ecf0040bfb3/datanode-5/data/ratis/5b458a6c-f728-4a81-81b1-306ef0e70560: created new log segment /workdir/hadoop-ozone/integration-test/target/test-dir/MiniOzoneClusterImpl-392193b7-5f74-4576-b673-8ecf0040bfb3/datanode-5/data/ratis/5b458a6c-f728-4a81-81b1-306ef0e70560/current/log_inprogress_0
2019-07-29 15:21:47,014 INFO  impl.LeaderElection (LeaderElection.java:askForVotes(181)) - 53a34721-2cd9-447b-bbac-6aced2b729b1:group-C9F0E8A3F2C0:LeaderElection70: begin an election at term 1 for -1: [fa9d0e52-a768-41c3-8968-008b1a8ad335:192.168.157.194:44036, ea7b7c0e-fb12-41ce-8f6a-536568e7c128:192.168.157.194:35645, 53a34721-2cd9-447b-bbac-6aced2b729b1:192.168.157.194:40688], old=null
2019-07-29 15:21:47,014 INFO  impl.LeaderElection (LeaderElection.java:askForVotes(181)) - fa9d0e52-a768-41c3-8968-008b1a8ad335:group-C9F0E8A3F2C0:LeaderElection69: begin an election at term 1 for -1: [fa9d0e52-a768-41c3-8968-008b1a8ad335:192.168.157.194:44036, ea7b7c0e-fb12-41ce-8f6a-536568e7c128:192.168.157.194:35645, 53a34721-2cd9-447b-bbac-6aced2b729b1:192.168.157.194:40688], old=null
2019-07-29 15:21:47,019 INFO  impl.RaftServerImpl (RaftServerImpl.java:setRole(171)) - ea7b7c0e-fb12-41ce-8f6a-536568e7c128:group-C9F0E8A3F2C0 changes role from FOLLOWER to FOLLOWER at term 1 for recognizeCandidate:53a34721-2cd9-447b-bbac-6aced2b729b1
2019-07-29 15:21:47,022 INFO  impl.RoleInfo (RoleInfo.java:shutdownFollowerState(121)) - ea7b7c0e-fb12-41ce-8f6a-536568e7c128: shutdown FollowerState
2019-07-29 15:21:47,022 INFO  impl.RoleInfo (RoleInfo.java:updateAndGet(143)) - ea7b7c0e-fb12-41ce-8f6a-536568e7c128: start FollowerState
2019-07-29 15:21:47,022 INFO  impl.FollowerState (FollowerState.java:run(114)) - ea7b7c0e-fb12-41ce-8f6a-536568e7c128: FollowerState was interrupted: java.lang.InterruptedException: sleep interrupted
2019-07-29 15:21:47,028 INFO  impl.LeaderElection (LeaderElection.java:logAndReturn(56)) - fa9d0e52-a768-41c3-8968-008b1a8ad335:group-C9F0E8A3F2C0:LeaderElection69: Election REJECTED; received 2 response(s) [fa9d0e52-a768-41c3-8968-008b1a8ad335<-ea7b7c0e-fb12-41ce-8f6a-536568e7c128#0:FAIL-t1, fa9d0e52-a768-41c3-8968-008b1a8ad335<-53a34721-2cd9-447b-bbac-6aced2b729b1#0:FAIL-t1] and 0 exception(s); fa9d0e52-a768-41c3-8968-008b1a8ad335:t1, leader=null, voted=fa9d0e52-a768-41c3-8968-008b1a8ad335, raftlog=fa9d0e52-a768-41c3-8968-008b1a8ad335-SegmentedRaftLog:OPENED:c-1,f-1,i0, conf=-1: [fa9d0e52-a768-41c3-8968-008b1a8ad335:192.168.157.194:44036, ea7b7c0e-fb12-41ce-8f6a-536568e7c128:192.168.157.194:35645, 53a34721-2cd9-447b-bbac-6aced2b729b1:192.168.157.194:40688], old=null
2019-07-29 15:21:47,029 INFO  impl.LeaderElection (LeaderElection.java:logAndReturn(56)) - 53a34721-2cd9-447b-bbac-6aced2b729b1:group-C9F0E8A3F2C0:LeaderElection70: Election PASSED; received 2 response(s) [53a34721-2cd9-447b-bbac-6aced2b729b1<-fa9d0e52-a768-41c3-8968-008b1a8ad335#0:FAIL-t1, 53a34721-2cd9-447b-bbac-6aced2b729b1<-ea7b7c0e-fb12-41ce-8f6a-536568e7c128#0:OK-t1] and 0 exception(s); 53a34721-2cd9-447b-bbac-6aced2b729b1:t1, leader=null, voted=53a34721-2cd9-447b-bbac-6aced2b729b1, raftlog=53a34721-2cd9-447b-bbac-6aced2b729b1-SegmentedRaftLog:OPENED:c-1,f-1,i0, conf=-1: [fa9d0e52-a768-41c3-8968-008b1a8ad335:192.168.157.194:44036, ea7b7c0e-fb12-41ce-8f6a-536568e7c128:192.168.157.194:35645, 53a34721-2cd9-447b-bbac-6aced2b729b1:192.168.157.194:40688], old=null
2019-07-29 15:21:47,029 INFO  impl.RaftServerImpl (RaftServerImpl.java:setRole(171)) - fa9d0e52-a768-41c3-8968-008b1a8ad335:group-C9F0E8A3F2C0 changes role from CANDIDATE to FOLLOWER at term 1 for DISCOVERED_A_NEW_TERM
2019-07-29 15:21:47,029 INFO  impl.RoleInfo (RoleInfo.java:shutdownLeaderElection(134)) - 53a34721-2cd9-447b-bbac-6aced2b729b1: shutdown LeaderElection
2019-07-29 15:21:47,029 INFO  impl.RoleInfo (RoleInfo.java:shutdownLeaderElection(134)) - fa9d0e52-a768-41c3-8968-008b1a8ad335: shutdown LeaderElection
2019-07-29 15:21:47,029 INFO  impl.RaftServerImpl (RaftServerImpl.java:setRole(171)) - 53a34721-2cd9-447b-bbac-6aced2b729b1:group-C9F0E8A3F2C0 changes role from CANDIDATE to LEADER at term 1 for changeToLeader
2019-07-29 15:21:47,029 INFO  impl.RoleInfo (RoleInfo.java:updateAndGet(143)) - fa9d0e52-a768-41c3-8968-008b1a8ad335: start FollowerState
2019-07-29 15:21:47,029 INFO  impl.RaftServerImpl (ServerState.java:setLeader(263)) - 53a34721-2cd9-447b-bbac-6aced2b729b1:group-C9F0E8A3F2C0 change Leader from null to 53a34721-2cd9-447b-bbac-6aced2b729b1 at term 1 for becomeLeader, leader elected after 5131ms
2019-07-29 15:21:47,030 INFO  server.RaftServerConfigKeys (ConfUtils.java:logGet(43)) - raft.server.staging.catchup.gap = 1000 (default)
2019-07-29 15:21:47,030 INFO  server.RaftServerConfigKeys (ConfUtils.java:logGet(43)) - raft.server.rpc.sleep.time = 25ms (default)
2019-07-29 15:21:47,030 INFO  server.RaftServerConfigKeys (ConfUtils.java:logGet(43)) - raft.server.write.element-limit = 4096 (default)
2019-07-29 15:21:47,030 INFO  server.RaftServerConfigKeys (ConfUtils.java:logGet(43)) - raft.server.watch.timeout = 10s (default)
2019-07-29 15:21:47,030 INFO  server.RaftServerConfigKeys (ConfUtils.java:logGet(43)) - raft.server.watch.timeout.denomination = 1s (default)
2019-07-29 15:21:47,030 INFO  server.RaftServerConfigKeys (ConfUtils.java:logGet(43)) - raft.server.watch.element-limit = 65536 (default)
2019-07-29 15:21:47,031 INFO  server.RaftServerConfigKeys (ConfUtils.java:logGet(43)) - raft.server.log.appender.snapshot.chunk.size.max = 16MB (=16777216) (default)
2019-07-29 15:21:47,031 INFO  server.RaftServerConfigKeys (ConfUtils.java:logGet(43)) - raft.server.log.appender.buffer.byte-limit = 33554432 (custom)
2019-07-29 15:21:47,031 INFO  server.RaftServerConfigKeys (ConfUtils.java:logGet(43)) - raft.server.log.appender.buffer.element-limit = 1 (custom)
2019-07-29 15:21:47,032 INFO  grpc.GrpcConfigKeys$Server (ConfUtils.java:logGet(43)) - raft.grpc.server.leader.outstanding.appends.max = 128 (default)
2019-07-29 15:21:47,032 INFO  server.RaftServerConfigKeys (ConfUtils.java:logGet(43)) - raft.server.rpc.request.timeout = 3000ms (default)
2019-07-29 15:21:47,032 INFO  server.RaftServerConfigKeys (ConfUtils.java:logGet(43)) - raft.server.log.appender.install.snapshot.enabled = false (custom)
2019-07-29 15:21:47,032 INFO  server.RaftServerConfigKeys (ConfUtils.java:logGet(43)) - raft.server.log.appender.snapshot.chunk.size.max = 16MB (=16777216) (default)
2019-07-29 15:21:47,032 INFO  server.RaftServerConfigKeys (ConfUtils.java:logGet(43)) - raft.server.log.appender.buffer.byte-limit = 33554432 (custom)
2019-07-29 15:21:47,033 INFO  server.RaftServerConfigKeys (ConfUtils.java:logGet(43)) - raft.server.log.appender.buffer.element-limit = 1 (custom)
2019-07-29 15:21:47,033 INFO  grpc.GrpcConfigKeys$Server (ConfUtils.java:logGet(43)) - raft.grpc.server.leader.outstanding.appends.max = 128 (default)
2019-07-29 15:21:47,033 INFO  server.RaftServerConfigKeys (ConfUtils.java:logGet(43)) - raft.server.rpc.request.timeout = 3000ms (default)
2019-07-29 15:21:47,033 INFO  server.RaftServerConfigKeys (ConfUtils.java:logGet(43)) - raft.server.log.appender.install.snapshot.enabled = false (custom)
2019-07-29 15:21:47,033 INFO  impl.RoleInfo (RoleInfo.java:updateAndGet(143)) - 53a34721-2cd9-447b-bbac-6aced2b729b1: start LeaderState
2019-07-29 15:21:47,034 INFO  segmented.SegmentedRaftLogWorker (SegmentedRaftLogWorker.java:startLogSegment(380)) - 53a34721-2cd9-447b-bbac-6aced2b729b1-SegmentedRaftLogWorker:Storage Directory /workdir/hadoop-ozone/integration-test/target/test-dir/MiniOzoneClusterImpl-392193b7-5f74-4576-b673-8ecf0040bfb3/datanode-4/data/ratis/fe6790ca-0ab6-4cc5-9680-c9f0e8a3f2c0: Starting segment from index:0
2019-07-29 15:21:47,034 INFO  impl.RaftServerImpl (ServerState.java:setRaftConf(361)) - 53a34721-2cd9-447b-bbac-6aced2b729b1:group-C9F0E8A3F2C0 set configuration 0: [fa9d0e52-a768-41c3-8968-008b1a8ad335:192.168.157.194:44036, ea7b7c0e-fb12-41ce-8f6a-536568e7c128:192.168.157.194:35645, 53a34721-2cd9-447b-bbac-6aced2b729b1:192.168.157.194:40688], old=null at 0
2019-07-29 15:21:47,036 INFO  impl.RaftServerImpl (ServerState.java:setLeader(263)) - ea7b7c0e-fb12-41ce-8f6a-536568e7c128:group-C9F0E8A3F2C0 change Leader from null to 53a34721-2cd9-447b-bbac-6aced2b729b1 at term 1 for appendEntries, leader elected after 5138ms
2019-07-29 15:21:47,036 INFO  impl.RaftServerImpl (ServerState.java:setLeader(263)) - fa9d0e52-a768-41c3-8968-008b1a8ad335:group-C9F0E8A3F2C0 change Leader from null to 53a34721-2cd9-447b-bbac-6aced2b729b1 at term 1 for appendEntries, leader elected after 5138ms
2019-07-29 15:21:47,040 INFO  impl.RaftServerImpl (ServerState.java:setRaftConf(361)) - fa9d0e52-a768-41c3-8968-008b1a8ad335:group-C9F0E8A3F2C0 set configuration 0: [fa9d0e52-a768-41c3-8968-008b1a8ad335:192.168.157.194:44036, ea7b7c0e-fb12-41ce-8f6a-536568e7c128:192.168.157.194:35645, 53a34721-2cd9-447b-bbac-6aced2b729b1:192.168.157.194:40688], old=null at 0
2019-07-29 15:21:47,040 INFO  impl.RaftServerImpl (ServerState.java:setRaftConf(361)) - ea7b7c0e-fb12-41ce-8f6a-536568e7c128:group-C9F0E8A3F2C0 set configuration 0: [fa9d0e52-a768-41c3-8968-008b1a8ad335:192.168.157.194:44036, ea7b7c0e-fb12-41ce-8f6a-536568e7c128:192.168.157.194:35645, 53a34721-2cd9-447b-bbac-6aced2b729b1:192.168.157.194:40688], old=null at 0
2019-07-29 15:21:47,040 INFO  segmented.SegmentedRaftLogWorker (SegmentedRaftLogWorker.java:startLogSegment(380)) - fa9d0e52-a768-41c3-8968-008b1a8ad335-SegmentedRaftLogWorker:Storage Directory /workdir/hadoop-ozone/integration-test/target/test-dir/MiniOzoneClusterImpl-392193b7-5f74-4576-b673-8ecf0040bfb3/datanode-3/data/ratis/fe6790ca-0ab6-4cc5-9680-c9f0e8a3f2c0: Starting segment from index:0
2019-07-29 15:21:47,040 INFO  segmented.SegmentedRaftLogWorker (SegmentedRaftLogWorker.java:startLogSegment(380)) - ea7b7c0e-fb12-41ce-8f6a-536568e7c128-SegmentedRaftLogWorker:Storage Directory /workdir/hadoop-ozone/integration-test/target/test-dir/MiniOzoneClusterImpl-392193b7-5f74-4576-b673-8ecf0040bfb3/datanode-5/data/ratis/fe6790ca-0ab6-4cc5-9680-c9f0e8a3f2c0: Starting segment from index:0
2019-07-29 15:21:47,067 INFO  segmented.SegmentedRaftLogWorker (SegmentedRaftLogWorker.java:execute(569)) - ea7b7c0e-fb12-41ce-8f6a-536568e7c128-SegmentedRaftLogWorker:Storage Directory /workdir/hadoop-ozone/integration-test/target/test-dir/MiniOzoneClusterImpl-392193b7-5f74-4576-b673-8ecf0040bfb3/datanode-5/data/ratis/fe6790ca-0ab6-4cc5-9680-c9f0e8a3f2c0: created new log segment /workdir/hadoop-ozone/integration-test/target/test-dir/MiniOzoneClusterImpl-392193b7-5f74-4576-b673-8ecf0040bfb3/datanode-5/data/ratis/fe6790ca-0ab6-4cc5-9680-c9f0e8a3f2c0/current/log_inprogress_0
2019-07-29 15:21:47,068 INFO  segmented.SegmentedRaftLogWorker (SegmentedRaftLogWorker.java:execute(569)) - 53a34721-2cd9-447b-bbac-6aced2b729b1-SegmentedRaftLogWorker:Storage Directory /workdir/hadoop-ozone/integration-test/target/test-dir/MiniOzoneClusterImpl-392193b7-5f74-4576-b673-8ecf0040bfb3/datanode-4/data/ratis/fe6790ca-0ab6-4cc5-9680-c9f0e8a3f2c0: created new log segment /workdir/hadoop-ozone/integration-test/target/test-dir/MiniOzoneClusterImpl-392193b7-5f74-4576-b673-8ecf0040bfb3/datanode-4/data/ratis/fe6790ca-0ab6-4cc5-9680-c9f0e8a3f2c0/current/log_inprogress_0
2019-07-29 15:21:47,068 INFO  segmented.SegmentedRaftLogWorker (SegmentedRaftLogWorker.java:execute(569)) - fa9d0e52-a768-41c3-8968-008b1a8ad335-SegmentedRaftLogWorker:Storage Directory /workdir/hadoop-ozone/integration-test/target/test-dir/MiniOzoneClusterImpl-392193b7-5f74-4576-b673-8ecf0040bfb3/datanode-3/data/ratis/fe6790ca-0ab6-4cc5-9680-c9f0e8a3f2c0: created new log segment /workdir/hadoop-ozone/integration-test/target/test-dir/MiniOzoneClusterImpl-392193b7-5f74-4576-b673-8ecf0040bfb3/datanode-3/data/ratis/fe6790ca-0ab6-4cc5-9680-c9f0e8a3f2c0/current/log_inprogress_0
2019-07-29 15:21:47,132 INFO  impl.FollowerState (FollowerState.java:run(106)) - f4bc078d-76ca-44e5-91c7-b245da2b30cf:group-B19129B62125 changes to CANDIDATE, lastRpcTime:5068, electionTimeout:5068ms
2019-07-29 15:21:47,132 INFO  impl.RoleInfo (RoleInfo.java:shutdownFollowerState(121)) - f4bc078d-76ca-44e5-91c7-b245da2b30cf: shutdown FollowerState
2019-07-29 15:21:47,132 INFO  impl.RaftServerImpl (RaftServerImpl.java:setRole(171)) - f4bc078d-76ca-44e5-91c7-b245da2b30cf:group-B19129B62125 changes role from FOLLOWER to CANDIDATE at term 0 for changeToCandidate
2019-07-29 15:21:47,132 INFO  impl.RoleInfo (RoleInfo.java:updateAndGet(143)) - f4bc078d-76ca-44e5-91c7-b245da2b30cf: start LeaderElection
2019-07-29 15:21:47,149 INFO  impl.LeaderElection (LeaderElection.java:askForVotes(181)) - f4bc078d-76ca-44e5-91c7-b245da2b30cf:group-B19129B62125:LeaderElection71: begin an election at term 1 for -1: [f4bc078d-76ca-44e5-91c7-b245da2b30cf:192.168.157.194:42955], old=null
2019-07-29 15:21:47,150 INFO  impl.RoleInfo (RoleInfo.java:shutdownLeaderElection(134)) - f4bc078d-76ca-44e5-91c7-b245da2b30cf: shutdown LeaderElection
2019-07-29 15:21:47,150 INFO  impl.RaftServerImpl (RaftServerImpl.java:setRole(171)) - f4bc078d-76ca-44e5-91c7-b245da2b30cf:group-B19129B62125 changes role from CANDIDATE to LEADER at term 1 for changeToLeader
2019-07-29 15:21:47,150 INFO  impl.RaftServerImpl (ServerState.java:setLeader(263)) - f4bc078d-76ca-44e5-91c7-b245da2b30cf:group-B19129B62125 change Leader from null to f4bc078d-76ca-44e5-91c7-b245da2b30cf at term 1 for becomeLeader, leader elected after 5090ms
2019-07-29 15:21:47,150 INFO  server.RaftServerConfigKeys (ConfUtils.java:logGet(43)) - raft.server.staging.catchup.gap = 1000 (default)
2019-07-29 15:21:47,150 INFO  server.RaftServerConfigKeys (ConfUtils.java:logGet(43)) - raft.server.rpc.sleep.time = 25ms (default)
2019-07-29 15:21:47,150 INFO  server.RaftServerConfigKeys (ConfUtils.java:logGet(43)) - raft.server.write.element-limit = 4096 (default)
2019-07-29 15:21:47,150 INFO  client.GrpcClientProtocolClient (GrpcClientProtocolClient.java:onNext(255)) - client-D2DA73030B1E->ea7b7c0e-fb12-41ce-8f6a-536568e7c128: receive RaftClientReply:client-D2DA73030B1E->ea7b7c0e-fb12-41ce-8f6a-536568e7c128@group-C9F0E8A3F2C0, cid=156, FAILED org.apache.ratis.protocol.NotLeaderException: Server ea7b7c0e-fb12-41ce-8f6a-536568e7c128 is not the leader (53a34721-2cd9-447b-bbac-6aced2b729b1:192.168.157.194:40688). Request must be sent to leader., logIndex=0, commits[ea7b7c0e-fb12-41ce-8f6a-536568e7c128:c-1, fa9d0e52-a768-41c3-8968-008b1a8ad335:c-1, 53a34721-2cd9-447b-bbac-6aced2b729b1:c-1]
2019-07-29 15:21:47,151 INFO  server.RaftServerConfigKeys (ConfUtils.java:logGet(43)) - raft.server.watch.timeout = 10s (default)
2019-07-29 15:21:47,151 INFO  server.RaftServerConfigKeys (ConfUtils.java:logGet(43)) - raft.server.watch.timeout.denomination = 1s (default)
2019-07-29 15:21:47,151 INFO  server.RaftServerConfigKeys (ConfUtils.java:logGet(43)) - raft.server.watch.element-limit = 65536 (default)
2019-07-29 15:21:47,154 INFO  impl.RoleInfo (RoleInfo.java:updateAndGet(143)) - f4bc078d-76ca-44e5-91c7-b245da2b30cf: start LeaderState
2019-07-29 15:21:47,154 INFO  segmented.SegmentedRaftLogWorker (SegmentedRaftLogWorker.java:startLogSegment(380)) - f4bc078d-76ca-44e5-91c7-b245da2b30cf-SegmentedRaftLogWorker:Storage Directory /workdir/hadoop-ozone/integration-test/target/test-dir/MiniOzoneClusterImpl-392193b7-5f74-4576-b673-8ecf0040bfb3/datanode-6/data/ratis/7b1d7965-1884-445b-97b4-b19129b62125: Starting segment from index:0
2019-07-29 15:21:47,155 INFO  impl.RaftServerImpl (ServerState.java:setRaftConf(361)) - f4bc078d-76ca-44e5-91c7-b245da2b30cf:group-B19129B62125 set configuration 0: [f4bc078d-76ca-44e5-91c7-b245da2b30cf:192.168.157.194:42955], old=null at 0
2019-07-29 15:21:47,188 INFO  segmented.SegmentedRaftLogWorker (SegmentedRaftLogWorker.java:execute(569)) - f4bc078d-76ca-44e5-91c7-b245da2b30cf-SegmentedRaftLogWorker:Storage Directory /workdir/hadoop-ozone/integration-test/target/test-dir/MiniOzoneClusterImpl-392193b7-5f74-4576-b673-8ecf0040bfb3/datanode-6/data/ratis/7b1d7965-1884-445b-97b4-b19129b62125: created new log segment /workdir/hadoop-ozone/integration-test/target/test-dir/MiniOzoneClusterImpl-392193b7-5f74-4576-b673-8ecf0040bfb3/datanode-6/data/ratis/7b1d7965-1884-445b-97b4-b19129b62125/current/log_inprogress_0
2019-07-29 15:21:47,313 INFO  client.GrpcClientProtocolClient (GrpcClientProtocolClient.java:onNext(255)) - client-D2DA73030B1E->53a34721-2cd9-447b-bbac-6aced2b729b1: receive RaftClientReply:client-D2DA73030B1E->53a34721-2cd9-447b-bbac-6aced2b729b1@group-C9F0E8A3F2C0, cid=156, SUCCESS, logIndex=1, commits[53a34721-2cd9-447b-bbac-6aced2b729b1:c1, fa9d0e52-a768-41c3-8968-008b1a8ad335:c0, ea7b7c0e-fb12-41ce-8f6a-536568e7c128:c0]
2019-07-29 15:21:47,327 INFO  client.GrpcClientProtocolClient (GrpcClientProtocolClient.java:onNext(255)) - client-D2DA73030B1E->53a34721-2cd9-447b-bbac-6aced2b729b1: receive RaftClientReply:client-D2DA73030B1E->53a34721-2cd9-447b-bbac-6aced2b729b1@group-C9F0E8A3F2C0, cid=157, SUCCESS, logIndex=3, commits[53a34721-2cd9-447b-bbac-6aced2b729b1:c4, fa9d0e52-a768-41c3-8968-008b1a8ad335:c1, ea7b7c0e-fb12-41ce-8f6a-536568e7c128:c1]
2019-07-29 15:21:47,370 INFO  client.GrpcClientProtocolClient (GrpcClientProtocolClient.java:onNext(255)) - client-D2DA73030B1E->53a34721-2cd9-447b-bbac-6aced2b729b1: receive RaftClientReply:client-D2DA73030B1E->53a34721-2cd9-447b-bbac-6aced2b729b1@group-C9F0E8A3F2C0, cid=158, SUCCESS, logIndex=4, commits[53a34721-2cd9-447b-bbac-6aced2b729b1:c12, fa9d0e52-a768-41c3-8968-008b1a8ad335:c10, ea7b7c0e-fb12-41ce-8f6a-536568e7c128:c10]
2019-07-29 15:21:47,371 INFO  client.GrpcClientProtocolClient (GrpcClientProtocolClient.java:onNext(255)) - client-D2DA73030B1E->53a34721-2cd9-447b-bbac-6aced2b729b1: receive RaftClientReply:client-D2DA73030B1E->53a34721-2cd9-447b-bbac-6aced2b729b1@group-C9F0E8A3F2C0, cid=159, SUCCESS, logIndex=5, commits[53a34721-2cd9-447b-bbac-6aced2b729b1:c12, fa9d0e52-a768-41c3-8968-008b1a8ad335:c10, ea7b7c0e-fb12-41ce-8f6a-536568e7c128:c10]
2019-07-29 15:21:47,373 INFO  client.GrpcClientProtocolClient (GrpcClientProtocolClient.java:onNext(255)) - client-D2DA73030B1E->53a34721-2cd9-447b-bbac-6aced2b729b1: receive RaftClientReply:client-D2DA73030B1E->53a34721-2cd9-447b-bbac-6aced2b729b1@group-C9F0E8A3F2C0, cid=160, SUCCESS, logIndex=6, commits[53a34721-2cd9-447b-bbac-6aced2b729b1:c12, fa9d0e52-a768-41c3-8968-008b1a8ad335:c10, ea7b7c0e-fb12-41ce-8f6a-536568e7c128:c10]
2019-07-29 15:21:47,470 INFO  client.GrpcClientProtocolClient (GrpcClientProtocolClient.java:onNext(255)) - client-D2DA73030B1E->53a34721-2cd9-447b-bbac-6aced2b729b1: receive RaftClientReply:client-D2DA73030B1E->53a34721-2cd9-447b-bbac-6aced2b729b1@group-C9F0E8A3F2C0, cid=161, SUCCESS, logIndex=8, commits[53a34721-2cd9-447b-bbac-6aced2b729b1:c12, fa9d0e52-a768-41c3-8968-008b1a8ad335:c10, ea7b7c0e-fb12-41ce-8f6a-536568e7c128:c10]
2019-07-29 15:21:47,496 INFO  client.GrpcClientProtocolClient (GrpcClientProtocolClient.java:onNext(255)) - client-D2DA73030B1E->53a34721-2cd9-447b-bbac-6aced2b729b1: receive RaftClientReply:client-D2DA73030B1E->53a34721-2cd9-447b-bbac-6aced2b729b1@group-C9F0E8A3F2C0, cid=162, SUCCESS, logIndex=13, commits[53a34721-2cd9-447b-bbac-6aced2b729b1:c14, fa9d0e52-a768-41c3-8968-008b1a8ad335:c12, ea7b7c0e-fb12-41ce-8f6a-536568e7c128:c12]
2019-07-29 15:21:47,496 INFO  client.GrpcClientProtocolClient (GrpcClientProtocolClient.java:onNext(255)) - client-D2DA73030B1E->53a34721-2cd9-447b-bbac-6aced2b729b1: receive RaftClientReply:client-D2DA73030B1E->53a34721-2cd9-447b-bbac-6aced2b729b1@group-C9F0E8A3F2C0, cid=163, SUCCESS, logIndex=14, commits[53a34721-2cd9-447b-bbac-6aced2b729b1:c14, fa9d0e52-a768-41c3-8968-008b1a8ad335:c12, ea7b7c0e-fb12-41ce-8f6a-536568e7c128:c12]
2019-07-29 15:21:47,521 INFO  client.GrpcClientProtocolClient (GrpcClientProtocolClient.java:onNext(255)) - client-D2DA73030B1E->53a34721-2cd9-447b-bbac-6aced2b729b1: receive RaftClientReply:client-D2DA73030B1E->53a34721-2cd9-447b-bbac-6aced2b729b1@group-C9F0E8A3F2C0, cid=164, SUCCESS, logIndex=0, commits[53a34721-2cd9-447b-bbac-6aced2b729b1:c15, fa9d0e52-a768-41c3-8968-008b1a8ad335:c14, ea7b7c0e-fb12-41ce-8f6a-536568e7c128:c14]
2019-07-29 15:21:47,521 INFO  datanode.ObjectStoreHandler (ObjectStoreHandler.java:close(155)) - Closing ObjectStoreHandler.
2019-07-29 15:21:47,522 INFO  ozone.HddsDatanodeService (HddsDatanodeService.java:stop(451)) - Stopped plug-in org.apache.hadoop.ozone.web.OzoneHddsDatanodeService@108b2321
2019-07-29 15:21:48,296 INFO  statemachine.DatanodeStateMachine (DatanodeStateMachine.java:lambda$startDaemon$0(350)) - Ozone container server started.
2019-07-29 15:21:51,392 INFO  impl.FollowerState (FollowerState.java:run(106)) - 6ac22818-cdca-4d71-9cf8-b397b04daa4f:group-884A75F1CF8B changes to CANDIDATE, lastRpcTime:5122, electionTimeout:5122ms
2019-07-29 15:21:51,393 INFO  impl.RoleInfo (RoleInfo.java:shutdownFollowerState(121)) - 6ac22818-cdca-4d71-9cf8-b397b04daa4f: shutdown FollowerState
2019-07-29 15:21:51,393 INFO  impl.RaftServerImpl (RaftServerImpl.java:setRole(171)) - 6ac22818-cdca-4d71-9cf8-b397b04daa4f:group-884A75F1CF8B changes role from FOLLOWER to CANDIDATE at term 1 for changeToCandidate
2019-07-29 15:21:51,393 INFO  impl.RoleInfo (RoleInfo.java:updateAndGet(143)) - 6ac22818-cdca-4d71-9cf8-b397b04daa4f: start LeaderElection
2019-07-29 15:21:51,399 INFO  impl.LeaderElection (LeaderElection.java:askForVotes(181)) - 6ac22818-cdca-4d71-9cf8-b397b04daa4f:group-884A75F1CF8B:LeaderElection72: begin an election at term 2 for -1: [945d3641-7a53-4648-9e30-b458d7e8703c:192.168.157.194:36927, 6ac22818-cdca-4d71-9cf8-b397b04daa4f:192.168.157.194:41668, 9705bf9f-4f79-40e1-9d63-8b56fa695f58:192.168.157.194:39210], old=null
2019-07-29 15:21:51,402 INFO  impl.RaftServerImpl (RaftServerImpl.java:setRole(171)) - 945d3641-7a53-4648-9e30-b458d7e8703c:group-884A75F1CF8B changes role from FOLLOWER to FOLLOWER at term 2 for recognizeCandidate:6ac22818-cdca-4d71-9cf8-b397b04daa4f
2019-07-29 15:21:51,402 INFO  impl.RoleInfo (RoleInfo.java:shutdownFollowerState(121)) - 945d3641-7a53-4648-9e30-b458d7e8703c: shutdown FollowerState
2019-07-29 15:21:51,402 INFO  impl.RaftServerImpl (RaftServerImpl.java:setRole(171)) - 9705bf9f-4f79-40e1-9d63-8b56fa695f58:group-884A75F1CF8B changes role from FOLLOWER to FOLLOWER at term 2 for recognizeCandidate:6ac22818-cdca-4d71-9cf8-b397b04daa4f
2019-07-29 15:21:51,402 INFO  impl.FollowerState (FollowerState.java:run(114)) - 945d3641-7a53-4648-9e30-b458d7e8703c: FollowerState was interrupted: java.lang.InterruptedException: sleep interrupted
2019-07-29 15:21:51,402 INFO  impl.RoleInfo (RoleInfo.java:updateAndGet(143)) - 945d3641-7a53-4648-9e30-b458d7e8703c: start FollowerState
2019-07-29 15:21:51,402 INFO  impl.RoleInfo (RoleInfo.java:shutdownFollowerState(121)) - 9705bf9f-4f79-40e1-9d63-8b56fa695f58: shutdown FollowerState
2019-07-29 15:21:51,403 INFO  impl.RoleInfo (RoleInfo.java:updateAndGet(143)) - 9705bf9f-4f79-40e1-9d63-8b56fa695f58: start FollowerState
2019-07-29 15:21:51,403 INFO  impl.FollowerState (FollowerState.java:run(114)) - 9705bf9f-4f79-40e1-9d63-8b56fa695f58: FollowerState was interrupted: java.lang.InterruptedException: sleep interrupted
2019-07-29 15:21:51,418 INFO  impl.LeaderElection (LeaderElection.java:logAndReturn(56)) - 6ac22818-cdca-4d71-9cf8-b397b04daa4f:group-884A75F1CF8B:LeaderElection72: Election PASSED; received 1 response(s) [6ac22818-cdca-4d71-9cf8-b397b04daa4f<-945d3641-7a53-4648-9e30-b458d7e8703c#0:OK-t2] and 0 exception(s); 6ac22818-cdca-4d71-9cf8-b397b04daa4f:t2, leader=null, voted=6ac22818-cdca-4d71-9cf8-b397b04daa4f, raftlog=6ac22818-cdca-4d71-9cf8-b397b04daa4f-SegmentedRaftLog:OPENED:c-1,f-1,i0, conf=-1: [945d3641-7a53-4648-9e30-b458d7e8703c:192.168.157.194:36927, 6ac22818-cdca-4d71-9cf8-b397b04daa4f:192.168.157.194:41668, 9705bf9f-4f79-40e1-9d63-8b56fa695f58:192.168.157.194:39210], old=null
2019-07-29 15:21:51,419 INFO  impl.RoleInfo (RoleInfo.java:shutdownLeaderElection(134)) - 6ac22818-cdca-4d71-9cf8-b397b04daa4f: shutdown LeaderElection
2019-07-29 15:21:51,421 INFO  impl.RaftServerImpl (RaftServerImpl.java:setRole(171)) - 6ac22818-cdca-4d71-9cf8-b397b04daa4f:group-884A75F1CF8B changes role from CANDIDATE to LEADER at term 2 for changeToLeader
2019-07-29 15:21:51,421 INFO  impl.RaftServerImpl (ServerState.java:setLeader(263)) - 6ac22818-cdca-4d71-9cf8-b397b04daa4f:group-884A75F1CF8B change Leader from null to 6ac22818-cdca-4d71-9cf8-b397b04daa4f at term 2 for becomeLeader, leader elected after 10226ms
2019-07-29 15:21:51,422 INFO  server.RaftServerConfigKeys (ConfUtils.java:logGet(43)) - raft.server.staging.catchup.gap = 1000 (default)
2019-07-29 15:21:51,423 INFO  server.RaftServerConfigKeys (ConfUtils.java:logGet(43)) - raft.server.rpc.sleep.time = 25ms (default)
2019-07-29 15:21:51,423 INFO  server.RaftServerConfigKeys (ConfUtils.java:logGet(43)) - raft.server.write.element-limit = 4096 (default)
2019-07-29 15:21:51,423 INFO  server.RaftServerConfigKeys (ConfUtils.java:logGet(43)) - raft.server.watch.timeout = 10s (default)
2019-07-29 15:21:51,424 INFO  server.RaftServerConfigKeys (ConfUtils.java:logGet(43)) - raft.server.watch.timeout.denomination = 1s (default)
2019-07-29 15:21:51,424 INFO  server.RaftServerConfigKeys (ConfUtils.java:logGet(43)) - raft.server.watch.element-limit = 65536 (default)
2019-07-29 15:21:51,424 INFO  server.RaftServerConfigKeys (ConfUtils.java:logGet(43)) - raft.server.log.appender.snapshot.chunk.size.max = 16MB (=16777216) (default)
2019-07-29 15:21:51,425 INFO  server.RaftServerConfigKeys (ConfUtils.java:logGet(43)) - raft.server.log.appender.buffer.byte-limit = 33554432 (custom)
2019-07-29 15:21:51,425 INFO  server.RaftServerConfigKeys (ConfUtils.java:logGet(43)) - raft.server.log.appender.buffer.element-limit = 1 (custom)
2019-07-29 15:21:51,425 INFO  grpc.GrpcConfigKeys$Server (ConfUtils.java:logGet(43)) - raft.grpc.server.leader.outstanding.appends.max = 128 (default)
2019-07-29 15:21:51,425 INFO  server.RaftServerConfigKeys (ConfUtils.java:logGet(43)) - raft.server.rpc.request.timeout = 3000ms (default)
2019-07-29 15:21:51,425 INFO  server.RaftServerConfigKeys (ConfUtils.java:logGet(43)) - raft.server.log.appender.install.snapshot.enabled = false (custom)
2019-07-29 15:21:51,426 INFO  server.RaftServerConfigKeys (ConfUtils.java:logGet(43)) - raft.server.log.appender.snapshot.chunk.size.max = 16MB (=16777216) (default)
2019-07-29 15:21:51,426 INFO  server.RaftServerConfigKeys (ConfUtils.java:logGet(43)) - raft.server.log.appender.buffer.byte-limit = 33554432 (custom)
2019-07-29 15:21:51,426 INFO  server.RaftServerConfigKeys (ConfUtils.java:logGet(43)) - raft.server.log.appender.buffer.element-limit = 1 (custom)
2019-07-29 15:21:51,426 INFO  grpc.GrpcConfigKeys$Server (ConfUtils.java:logGet(43)) - raft.grpc.server.leader.outstanding.appends.max = 128 (default)
2019-07-29 15:21:51,426 INFO  server.RaftServerConfigKeys (ConfUtils.java:logGet(43)) - raft.server.rpc.request.timeout = 3000ms (default)
2019-07-29 15:21:51,427 INFO  server.RaftServerConfigKeys (ConfUtils.java:logGet(43)) - raft.server.log.appender.install.snapshot.enabled = false (custom)
2019-07-29 15:21:51,427 INFO  impl.RoleInfo (RoleInfo.java:updateAndGet(143)) - 6ac22818-cdca-4d71-9cf8-b397b04daa4f: start LeaderState
2019-07-29 15:21:51,427 INFO  segmented.SegmentedRaftLogWorker (SegmentedRaftLogWorker.java:startLogSegment(380)) - 6ac22818-cdca-4d71-9cf8-b397b04daa4f-SegmentedRaftLogWorker:Storage Directory /workdir/hadoop-ozone/integration-test/target/test-dir/MiniOzoneClusterImpl-392193b7-5f74-4576-b673-8ecf0040bfb3/datanode-1/data/ratis/016c1512-e650-470c-b621-884a75f1cf8b: Starting segment from index:0
2019-07-29 15:21:51,430 INFO  impl.RaftServerImpl (ServerState.java:setRaftConf(361)) - 6ac22818-cdca-4d71-9cf8-b397b04daa4f:group-884A75F1CF8B set configuration 0: [945d3641-7a53-4648-9e30-b458d7e8703c:192.168.157.194:36927, 6ac22818-cdca-4d71-9cf8-b397b04daa4f:192.168.157.194:41668, 9705bf9f-4f79-40e1-9d63-8b56fa695f58:192.168.157.194:39210], old=null at 0
2019-07-29 15:21:51,453 INFO  impl.RaftServerImpl (ServerState.java:setLeader(263)) - 945d3641-7a53-4648-9e30-b458d7e8703c:group-884A75F1CF8B change Leader from null to 6ac22818-cdca-4d71-9cf8-b397b04daa4f at term 2 for appendEntries, leader elected after 10259ms
2019-07-29 15:21:51,453 INFO  impl.RaftServerImpl (ServerState.java:setLeader(263)) - 9705bf9f-4f79-40e1-9d63-8b56fa695f58:group-884A75F1CF8B change Leader from null to 6ac22818-cdca-4d71-9cf8-b397b04daa4f at term 2 for appendEntries, leader elected after 10258ms
2019-07-29 15:21:51,456 INFO  impl.RaftServerImpl (ServerState.java:setRaftConf(361)) - 945d3641-7a53-4648-9e30-b458d7e8703c:group-884A75F1CF8B set configuration 0: [945d3641-7a53-4648-9e30-b458d7e8703c:192.168.157.194:36927, 6ac22818-cdca-4d71-9cf8-b397b04daa4f:192.168.157.194:41668, 9705bf9f-4f79-40e1-9d63-8b56fa695f58:192.168.157.194:39210], old=null at 0
2019-07-29 15:21:51,456 INFO  impl.RaftServerImpl (ServerState.java:setRaftConf(361)) - 9705bf9f-4f79-40e1-9d63-8b56fa695f58:group-884A75F1CF8B set configuration 0: [945d3641-7a53-4648-9e30-b458d7e8703c:192.168.157.194:36927, 6ac22818-cdca-4d71-9cf8-b397b04daa4f:192.168.157.194:41668, 9705bf9f-4f79-40e1-9d63-8b56fa695f58:192.168.157.194:39210], old=null at 0
2019-07-29 15:21:51,457 INFO  segmented.SegmentedRaftLogWorker (SegmentedRaftLogWorker.java:startLogSegment(380)) - 945d3641-7a53-4648-9e30-b458d7e8703c-SegmentedRaftLogWorker:Storage Directory /workdir/hadoop-ozone/integration-test/target/test-dir/MiniOzoneClusterImpl-392193b7-5f74-4576-b673-8ecf0040bfb3/datanode-0/data/ratis/016c1512-e650-470c-b621-884a75f1cf8b: Starting segment from index:0
2019-07-29 15:21:51,457 INFO  segmented.SegmentedRaftLogWorker (SegmentedRaftLogWorker.java:startLogSegment(380)) - 9705bf9f-4f79-40e1-9d63-8b56fa695f58-SegmentedRaftLogWorker:Storage Directory /workdir/hadoop-ozone/integration-test/target/test-dir/MiniOzoneClusterImpl-392193b7-5f74-4576-b673-8ecf0040bfb3/datanode-2/data/ratis/016c1512-e650-470c-b621-884a75f1cf8b: Starting segment from index:0
2019-07-29 15:21:51,462 INFO  segmented.SegmentedRaftLogWorker (SegmentedRaftLogWorker.java:execute(569)) - 6ac22818-cdca-4d71-9cf8-b397b04daa4f-SegmentedRaftLogWorker:Storage Directory /workdir/hadoop-ozone/integration-test/target/test-dir/MiniOzoneClusterImpl-392193b7-5f74-4576-b673-8ecf0040bfb3/datanode-1/data/ratis/016c1512-e650-470c-b621-884a75f1cf8b: created new log segment /workdir/hadoop-ozone/integration-test/target/test-dir/MiniOzoneClusterImpl-392193b7-5f74-4576-b673-8ecf0040bfb3/datanode-1/data/ratis/016c1512-e650-470c-b621-884a75f1cf8b/current/log_inprogress_0
2019-07-29 15:21:51,487 INFO  segmented.SegmentedRaftLogWorker (SegmentedRaftLogWorker.java:execute(569)) - 945d3641-7a53-4648-9e30-b458d7e8703c-SegmentedRaftLogWorker:Storage Directory /workdir/hadoop-ozone/integration-test/target/test-dir/MiniOzoneClusterImpl-392193b7-5f74-4576-b673-8ecf0040bfb3/datanode-0/data/ratis/016c1512-e650-470c-b621-884a75f1cf8b: created new log segment /workdir/hadoop-ozone/integration-test/target/test-dir/MiniOzoneClusterImpl-392193b7-5f74-4576-b673-8ecf0040bfb3/datanode-0/data/ratis/016c1512-e650-470c-b621-884a75f1cf8b/current/log_inprogress_0
2019-07-29 15:21:51,487 INFO  segmented.SegmentedRaftLogWorker (SegmentedRaftLogWorker.java:execute(569)) - 9705bf9f-4f79-40e1-9d63-8b56fa695f58-SegmentedRaftLogWorker:Storage Directory /workdir/hadoop-ozone/integration-test/target/test-dir/MiniOzoneClusterImpl-392193b7-5f74-4576-b673-8ecf0040bfb3/datanode-2/data/ratis/016c1512-e650-470c-b621-884a75f1cf8b: created new log segment /workdir/hadoop-ozone/integration-test/target/test-dir/MiniOzoneClusterImpl-392193b7-5f74-4576-b673-8ecf0040bfb3/datanode-2/data/ratis/016c1512-e650-470c-b621-884a75f1cf8b/current/log_inprogress_0
2019-07-29 15:21:52,309 INFO  node.StaleNodeHandler (StaleNodeHandler.java:onMessage(58)) - Datanode 53a34721-2cd9-447b-bbac-6aced2b729b1{ip: 192.168.157.194, host: byscane-nightly-74r8j-760408800, networkLocation: /default-rack, certSerialId: null} moved to stale state. Finalizing its pipelines [PipelineID=a135aabd-7433-4366-bfc9-953e822c02b0, PipelineID=fe6790ca-0ab6-4cc5-9680-c9f0e8a3f2c0]
2019-07-29 15:21:52,309 INFO  pipeline.SCMPipelineManager (SCMPipelineManager.java:finalizeAndDestroyPipeline(309)) - destroying pipeline:Pipeline[ Id: a135aabd-7433-4366-bfc9-953e822c02b0, Nodes: 53a34721-2cd9-447b-bbac-6aced2b729b1{ip: 192.168.157.194, host: byscane-nightly-74r8j-760408800, networkLocation: /default-rack, certSerialId: null}, Type:RATIS, Factor:ONE, State:OPEN]
2019-07-29 15:21:52,310 INFO  pipeline.PipelineStateManager (PipelineStateManager.java:finalizePipeline(123)) - Pipeline Pipeline[ Id: a135aabd-7433-4366-bfc9-953e822c02b0, Nodes: 53a34721-2cd9-447b-bbac-6aced2b729b1{ip: 192.168.157.194, host: byscane-nightly-74r8j-760408800, networkLocation: /default-rack, certSerialId: null}, Type:RATIS, Factor:ONE, State:CLOSED] moved to CLOSED state
2019-07-29 15:21:52,310 INFO  pipeline.SCMPipelineManager (SCMPipelineManager.java:finalizeAndDestroyPipeline(309)) - destroying pipeline:Pipeline[ Id: fe6790ca-0ab6-4cc5-9680-c9f0e8a3f2c0, Nodes: 53a34721-2cd9-447b-bbac-6aced2b729b1{ip: 192.168.157.194, host: byscane-nightly-74r8j-760408800, networkLocation: /default-rack, certSerialId: null}fa9d0e52-a768-41c3-8968-008b1a8ad335{ip: 192.168.157.194, host: byscane-nightly-74r8j-760408800, networkLocation: /default-rack, certSerialId: null}ea7b7c0e-fb12-41ce-8f6a-536568e7c128{ip: 192.168.157.194, host: byscane-nightly-74r8j-760408800, networkLocation: /default-rack, certSerialId: null}, Type:RATIS, Factor:THREE, State:OPEN]
2019-07-29 15:21:52,310 INFO  pipeline.PipelineStateManager (PipelineStateManager.java:finalizePipeline(123)) - Pipeline Pipeline[ Id: fe6790ca-0ab6-4cc5-9680-c9f0e8a3f2c0, Nodes: 53a34721-2cd9-447b-bbac-6aced2b729b1{ip: 192.168.157.194, host: byscane-nightly-74r8j-760408800, networkLocation: /default-rack, certSerialId: null}fa9d0e52-a768-41c3-8968-008b1a8ad335{ip: 192.168.157.194, host: byscane-nightly-74r8j-760408800, networkLocation: /default-rack, certSerialId: null}ea7b7c0e-fb12-41ce-8f6a-536568e7c128{ip: 192.168.157.194, host: byscane-nightly-74r8j-760408800, networkLocation: /default-rack, certSerialId: null}, Type:RATIS, Factor:THREE, State:CLOSED] moved to CLOSED state
2019-07-29 15:21:52,311 INFO  container.CloseContainerEventHandler (CloseContainerEventHandler.java:onMessage(61)) - Close container Event triggered for container : #1
2019-07-29 15:21:52,524 INFO  ozoneimpl.OzoneContainer (OzoneContainer.java:stop(199)) - Attempting to stop container services.
2019-07-29 15:21:52,525 INFO  impl.RaftServerProxy (RaftServerProxy.java:lambda$close$4(314)) - 53a34721-2cd9-447b-bbac-6aced2b729b1: close
2019-07-29 15:21:52,525 INFO  impl.RaftServerImpl (RaftServerImpl.java:lambda$shutdown$3(245)) - 53a34721-2cd9-447b-bbac-6aced2b729b1: shutdown group-953E822C02B0
2019-07-29 15:21:52,526 INFO  impl.RaftServerImpl (RaftServerImpl.java:lambda$shutdown$3(245)) - 53a34721-2cd9-447b-bbac-6aced2b729b1: shutdown group-C9F0E8A3F2C0
2019-07-29 15:21:52,526 INFO  util.JmxRegister (JmxRegister.java:unregister(73)) - Successfully un-registered JMX Bean with object name Ratis:service=RaftServer,group=group-953E822C02B0,id=53a34721-2cd9-447b-bbac-6aced2b729b1
2019-07-29 15:21:52,527 INFO  impl.RoleInfo (RoleInfo.java:shutdownLeaderState(104)) - 53a34721-2cd9-447b-bbac-6aced2b729b1: shutdown LeaderState
2019-07-29 15:21:52,526 INFO  util.JmxRegister (JmxRegister.java:unregister(73)) - Successfully un-registered JMX Bean with object name Ratis:service=RaftServer,group=group-C9F0E8A3F2C0,id=53a34721-2cd9-447b-bbac-6aced2b729b1
2019-07-29 15:21:52,527 INFO  impl.PendingRequests (PendingRequests.java:sendNotLeaderResponses(202)) - 53a34721-2cd9-447b-bbac-6aced2b729b1-PendingRequests: sendNotLeaderResponses
2019-07-29 15:21:52,527 INFO  impl.RoleInfo (RoleInfo.java:shutdownLeaderState(104)) - 53a34721-2cd9-447b-bbac-6aced2b729b1: shutdown LeaderState
2019-07-29 15:21:52,528 INFO  impl.StateMachineUpdater (StateMachineUpdater.java:stopAndJoin(115)) - StateMachineUpdater:53a34721-2cd9-447b-bbac-6aced2b729b1:group-953E822C02B0: set stopIndex = 0
2019-07-29 15:21:52,533 WARN  server.GrpcLogAppender (GrpcLogAppender.java:mayWait(143)) - GrpcLogAppender(53a34721-2cd9-447b-bbac-6aced2b729b1->fa9d0e52-a768-41c3-8968-008b1a8ad335): Wait interrupted by java.lang.InterruptedException
2019-07-29 15:21:52,533 WARN  server.GrpcLogAppender (GrpcLogAppender.java:mayWait(143)) - GrpcLogAppender(53a34721-2cd9-447b-bbac-6aced2b729b1->ea7b7c0e-fb12-41ce-8f6a-536568e7c128): Wait interrupted by java.lang.InterruptedException
2019-07-29 15:21:52,533 INFO  impl.PendingRequests (PendingRequests.java:sendNotLeaderResponses(202)) - 53a34721-2cd9-447b-bbac-6aced2b729b1-PendingRequests: sendNotLeaderResponses
2019-07-29 15:21:52,533 INFO  impl.RaftServerImpl (ServerState.java:close(394)) - 53a34721-2cd9-447b-bbac-6aced2b729b1:group-953E822C02B0 closes. The last applied log index is 0
2019-07-29 15:21:52,559 INFO  server.GrpcServerProtocolService (GrpcServerProtocolService.java:onCompleted(104)) - ea7b7c0e-fb12-41ce-8f6a-536568e7c128: appendEntries completed
2019-07-29 15:21:52,534 INFO  server.GrpcServerProtocolService (GrpcServerProtocolService.java:onCompleted(104)) - fa9d0e52-a768-41c3-8968-008b1a8ad335: appendEntries completed
2019-07-29 15:21:52,559 INFO  ratis.ContainerStateMachine (ContainerStateMachine.java:takeSnapshot(262)) - group-C9F0E8A3F2C0: Taking a snapshot at:(t:1, i:14) file /workdir/hadoop-ozone/integration-test/target/test-dir/MiniOzoneClusterImpl-392193b7-5f74-4576-b673-8ecf0040bfb3/datanode-4/data/ratis/fe6790ca-0ab6-4cc5-9680-c9f0e8a3f2c0/sm/snapshot.1_14
2019-07-29 15:21:52,559 INFO  segmented.SegmentedRaftLogWorker (SegmentedRaftLogWorker.java:run(313)) - 53a34721-2cd9-447b-bbac-6aced2b729b1-SegmentedRaftLogWorker:Storage Directory /workdir/hadoop-ozone/integration-test/target/test-dir/MiniOzoneClusterImpl-392193b7-5f74-4576-b673-8ecf0040bfb3/datanode-4/data/ratis/a135aabd-7433-4366-bfc9-953e822c02b0 was interrupted, exiting. There are 0 tasks remaining in the queue.
2019-07-29 15:21:52,559 INFO  impl.StateMachineUpdater (StateMachineUpdater.java:stopAndJoin(115)) - StateMachineUpdater:53a34721-2cd9-447b-bbac-6aced2b729b1:group-C9F0E8A3F2C0: set stopIndex = 16
2019-07-29 15:21:52,560 INFO  server.GrpcLogAppender (GrpcLogAppender.java:onCompleted(292)) - 53a34721-2cd9-447b-bbac-6aced2b729b1->ea7b7c0e-fb12-41ce-8f6a-536568e7c128: follower responses appendEntries COMPLETED
2019-07-29 15:21:52,560 INFO  server.GrpcLogAppender (GrpcLogAppender.java:onCompleted(292)) - 53a34721-2cd9-447b-bbac-6aced2b729b1->fa9d0e52-a768-41c3-8968-008b1a8ad335: follower responses appendEntries COMPLETED
2019-07-29 15:21:52,563 INFO  impl.FollowerInfo (FollowerInfo.java:lambda$new$0(50)) - 53a34721-2cd9-447b-bbac-6aced2b729b1->ea7b7c0e-fb12-41ce-8f6a-536568e7c128: nextIndex: updateUnconditionally 17 -> 16
2019-07-29 15:21:52,562 INFO  segmented.SegmentedRaftLogWorker (SegmentedRaftLogWorker.java:close(228)) - 53a34721-2cd9-447b-bbac-6aced2b729b1-SegmentedRaftLogWorker:Storage Directory /workdir/hadoop-ozone/integration-test/target/test-dir/MiniOzoneClusterImpl-392193b7-5f74-4576-b673-8ecf0040bfb3/datanode-4/data/ratis/a135aabd-7433-4366-bfc9-953e822c02b0 close()
2019-07-29 15:21:52,563 INFO  impl.FollowerInfo (FollowerInfo.java:lambda$new$0(50)) - 53a34721-2cd9-447b-bbac-6aced2b729b1->fa9d0e52-a768-41c3-8968-008b1a8ad335: nextIndex: updateUnconditionally 17 -> 16
2019-07-29 15:21:52,576 INFO  ratis.ContainerStateMachine (ContainerStateMachine.java:takeSnapshot(273)) - group-C9F0E8A3F2C0: Finished taking a snapshot at:(t:1, i:14) file:/workdir/hadoop-ozone/integration-test/target/test-dir/MiniOzoneClusterImpl-392193b7-5f74-4576-b673-8ecf0040bfb3/datanode-4/data/ratis/fe6790ca-0ab6-4cc5-9680-c9f0e8a3f2c0/sm/snapshot.1_14 time:17
2019-07-29 15:21:52,576 INFO  impl.StateMachineUpdater (StateMachineUpdater.java:takeSnapshot(242)) - StateMachineUpdater:53a34721-2cd9-447b-bbac-6aced2b729b1:group-C9F0E8A3F2C0: Took a snapshot at index 14
2019-07-29 15:21:52,576 INFO  impl.StateMachineUpdater (StateMachineUpdater.java:lambda$new$0(80)) - StateMachineUpdater:53a34721-2cd9-447b-bbac-6aced2b729b1:group-C9F0E8A3F2C0: snapshotIndex: updateIncreasingly -1 -> 14
2019-07-29 15:21:52,577 INFO  impl.RaftServerImpl (ServerState.java:close(394)) - 53a34721-2cd9-447b-bbac-6aced2b729b1:group-C9F0E8A3F2C0 closes. The last applied log index is 16
2019-07-29 15:21:52,577 INFO  segmented.SegmentedRaftLogWorker (SegmentedRaftLogWorker.java:run(313)) - 53a34721-2cd9-447b-bbac-6aced2b729b1-SegmentedRaftLogWorker:Storage Directory /workdir/hadoop-ozone/integration-test/target/test-dir/MiniOzoneClusterImpl-392193b7-5f74-4576-b673-8ecf0040bfb3/datanode-4/data/ratis/fe6790ca-0ab6-4cc5-9680-c9f0e8a3f2c0 was interrupted, exiting. There are 0 tasks remaining in the queue.
2019-07-29 15:21:52,580 INFO  segmented.SegmentedRaftLogWorker (SegmentedRaftLogWorker.java:close(228)) - 53a34721-2cd9-447b-bbac-6aced2b729b1-SegmentedRaftLogWorker:Storage Directory /workdir/hadoop-ozone/integration-test/target/test-dir/MiniOzoneClusterImpl-392193b7-5f74-4576-b673-8ecf0040bfb3/datanode-4/data/ratis/fe6790ca-0ab6-4cc5-9680-c9f0e8a3f2c0 close()
2019-07-29 15:21:52,585 INFO  server.GrpcService (GrpcService.java:closeImpl(155)) - 53a34721-2cd9-447b-bbac-6aced2b729b1: shutdown server with port 40688 now
2019-07-29 15:21:52,587 INFO  server.GrpcService (GrpcService.java:closeImpl(163)) - 53a34721-2cd9-447b-bbac-6aced2b729b1: shutdown server with port 40688 successfully
2019-07-29 15:21:52,587 WARN  client.GrpcClientProtocolService (LogUtils.java:warn(134)) - 3-UnorderedRequestStreamObserver3: onError: org.apache.ratis.thirdparty.io.grpc.StatusRuntimeException: CANCELLED: cancelled before receiving half close
2019-07-29 15:21:52,591 INFO  utils.BackgroundService (BackgroundService.java:shutdown(148)) - Shutting down service BlockDeletingService
2019-07-29 15:21:52,593 WARN  fs.CachingGetSpaceUsed (CachingGetSpaceUsed.java:run(183)) - Thread Interrupted waiting to refresh disk information: sleep interrupted
2019-07-29 15:21:52,617 INFO  statemachine.DatanodeStateMachine (DatanodeStateMachine.java:stopDaemon(395)) - Ozone container server stopped.
2019-07-29 15:21:52,630 INFO  handler.ContextHandler (ContextHandler.java:doStop(910)) - Stopped o.e.j.w.WebAppContext@3d056418{/,null,UNAVAILABLE}{/hddsDatanode}
2019-07-29 15:21:52,631 INFO  server.AbstractConnector (AbstractConnector.java:doStop(318)) - Stopped ServerConnector@769d0ef2{HTTP/1.1,[http/1.1]}{0.0.0.0:0}
2019-07-29 15:21:52,631 INFO  handler.ContextHandler (ContextHandler.java:doStop(910)) - Stopped o.e.j.s.ServletContextHandler@51577fc8{/static,jar:file:/home/user/.m2/repository/org/apache/hadoop/hadoop-hdds-container-service/0.4.1-SNAPSHOT/hadoop-hdds-container-service-0.4.1-SNAPSHOT.jar!/webapps/static,UNAVAILABLE}
2019-07-29 15:21:52,632 INFO  handler.ContextHandler (ContextHandler.java:doStop(910)) - Stopped o.e.j.s.ServletContextHandler@293dd4b3{/logs,file:///workdir/hadoop-ozone/integration-test/target/log,UNAVAILABLE}
2019-07-29 15:21:54,647 INFO  client.GrpcClientProtocolClient (GrpcClientProtocolClient.java:onNext(255)) - client-D2DA73030B1E->fa9d0e52-a768-41c3-8968-008b1a8ad335: receive RaftClientReply:client-D2DA73030B1E->fa9d0e52-a768-41c3-8968-008b1a8ad335@group-C9F0E8A3F2C0, cid=165, FAILED org.apache.ratis.protocol.NotLeaderException: Server fa9d0e52-a768-41c3-8968-008b1a8ad335 is not the leader (53a34721-2cd9-447b-bbac-6aced2b729b1:192.168.157.194:40688). Request must be sent to leader., logIndex=0, commits[fa9d0e52-a768-41c3-8968-008b1a8ad335:c16, ea7b7c0e-fb12-41ce-8f6a-536568e7c128:c16, 53a34721-2cd9-447b-bbac-6aced2b729b1:c16]
2019-07-29 15:21:55,666 INFO  client.GrpcClientProtocolClient (GrpcClientProtocolClient.java:onNext(255)) - client-D2DA73030B1E->fa9d0e52-a768-41c3-8968-008b1a8ad335: receive RaftClientReply:client-D2DA73030B1E->fa9d0e52-a768-41c3-8968-008b1a8ad335@group-C9F0E8A3F2C0, cid=165, FAILED org.apache.ratis.protocol.NotLeaderException: Server fa9d0e52-a768-41c3-8968-008b1a8ad335 is not the leader (53a34721-2cd9-447b-bbac-6aced2b729b1:192.168.157.194:40688). Request must be sent to leader., logIndex=0, commits[fa9d0e52-a768-41c3-8968-008b1a8ad335:c16, ea7b7c0e-fb12-41ce-8f6a-536568e7c128:c16, 53a34721-2cd9-447b-bbac-6aced2b729b1:c16]
2019-07-29 15:21:56,681 INFO  client.GrpcClientProtocolClient (GrpcClientProtocolClient.java:onNext(255)) - client-D2DA73030B1E->ea7b7c0e-fb12-41ce-8f6a-536568e7c128: receive RaftClientReply:client-D2DA73030B1E->ea7b7c0e-fb12-41ce-8f6a-536568e7c128@group-C9F0E8A3F2C0, cid=165, FAILED org.apache.ratis.protocol.NotLeaderException: Server ea7b7c0e-fb12-41ce-8f6a-536568e7c128 is not the leader (53a34721-2cd9-447b-bbac-6aced2b729b1:192.168.157.194:40688). Request must be sent to leader., logIndex=0, commits[ea7b7c0e-fb12-41ce-8f6a-536568e7c128:c16, fa9d0e52-a768-41c3-8968-008b1a8ad335:c16, 53a34721-2cd9-447b-bbac-6aced2b729b1:c16]
2019-07-29 15:21:57,696 INFO  client.GrpcClientProtocolClient (GrpcClientProtocolClient.java:onNext(255)) - client-D2DA73030B1E->ea7b7c0e-fb12-41ce-8f6a-536568e7c128: receive RaftClientReply:client-D2DA73030B1E->ea7b7c0e-fb12-41ce-8f6a-536568e7c128@group-C9F0E8A3F2C0, cid=165, FAILED org.apache.ratis.protocol.NotLeaderException: Server ea7b7c0e-fb12-41ce-8f6a-536568e7c128 is not the leader (53a34721-2cd9-447b-bbac-6aced2b729b1:192.168.157.194:40688). Request must be sent to leader., logIndex=0, commits[ea7b7c0e-fb12-41ce-8f6a-536568e7c128:c16, fa9d0e52-a768-41c3-8968-008b1a8ad335:c16, 53a34721-2cd9-447b-bbac-6aced2b729b1:c16]
2019-07-29 15:21:58,713 INFO  client.GrpcClientProtocolClient (GrpcClientProtocolClient.java:onNext(255)) - client-D2DA73030B1E->ea7b7c0e-fb12-41ce-8f6a-536568e7c128: receive RaftClientReply:client-D2DA73030B1E->ea7b7c0e-fb12-41ce-8f6a-536568e7c128@group-C9F0E8A3F2C0, cid=165, FAILED org.apache.ratis.protocol.NotLeaderException: Server ea7b7c0e-fb12-41ce-8f6a-536568e7c128 is not the leader (53a34721-2cd9-447b-bbac-6aced2b729b1:192.168.157.194:40688). Request must be sent to leader., logIndex=0, commits[ea7b7c0e-fb12-41ce-8f6a-536568e7c128:c16, fa9d0e52-a768-41c3-8968-008b1a8ad335:c16, 53a34721-2cd9-447b-bbac-6aced2b729b1:c16]
2019-07-29 15:21:59,729 INFO  client.GrpcClientProtocolClient (GrpcClientProtocolClient.java:onNext(255)) - client-D2DA73030B1E->fa9d0e52-a768-41c3-8968-008b1a8ad335: receive RaftClientReply:client-D2DA73030B1E->fa9d0e52-a768-41c3-8968-008b1a8ad335@group-C9F0E8A3F2C0, cid=165, FAILED org.apache.ratis.protocol.NotLeaderException: Server fa9d0e52-a768-41c3-8968-008b1a8ad335 is not the leader (53a34721-2cd9-447b-bbac-6aced2b729b1:192.168.157.194:40688). Request must be sent to leader., logIndex=0, commits[fa9d0e52-a768-41c3-8968-008b1a8ad335:c16, ea7b7c0e-fb12-41ce-8f6a-536568e7c128:c16, 53a34721-2cd9-447b-bbac-6aced2b729b1:c16]
2019-07-29 15:22:00,744 INFO  client.GrpcClientProtocolClient (GrpcClientProtocolClient.java:onNext(255)) - client-D2DA73030B1E->fa9d0e52-a768-41c3-8968-008b1a8ad335: receive RaftClientReply:client-D2DA73030B1E->fa9d0e52-a768-41c3-8968-008b1a8ad335@group-C9F0E8A3F2C0, cid=165, FAILED org.apache.ratis.protocol.NotLeaderException: Server fa9d0e52-a768-41c3-8968-008b1a8ad335 is not the leader (53a34721-2cd9-447b-bbac-6aced2b729b1:192.168.157.194:40688). Request must be sent to leader., logIndex=0, commits[fa9d0e52-a768-41c3-8968-008b1a8ad335:c16, ea7b7c0e-fb12-41ce-8f6a-536568e7c128:c16, 53a34721-2cd9-447b-bbac-6aced2b729b1:c16]
2019-07-29 15:22:01,757 INFO  client.GrpcClientProtocolClient (GrpcClientProtocolClient.java:onNext(255)) - client-D2DA73030B1E->fa9d0e52-a768-41c3-8968-008b1a8ad335: receive RaftClientReply:client-D2DA73030B1E->fa9d0e52-a768-41c3-8968-008b1a8ad335@group-C9F0E8A3F2C0, cid=165, FAILED org.apache.ratis.protocol.NotLeaderException: Server fa9d0e52-a768-41c3-8968-008b1a8ad335 is not the leader (53a34721-2cd9-447b-bbac-6aced2b729b1:192.168.157.194:40688). Request must be sent to leader., logIndex=0, commits[fa9d0e52-a768-41c3-8968-008b1a8ad335:c16, ea7b7c0e-fb12-41ce-8f6a-536568e7c128:c16, 53a34721-2cd9-447b-bbac-6aced2b729b1:c16]
2019-07-29 15:22:02,206 INFO  impl.FollowerState (FollowerState.java:run(106)) - fa9d0e52-a768-41c3-8968-008b1a8ad335:group-C9F0E8A3F2C0 changes to CANDIDATE, lastRpcTime:9682, electionTimeout:5019ms
2019-07-29 15:22:02,207 INFO  impl.RoleInfo (RoleInfo.java:shutdownFollowerState(121)) - fa9d0e52-a768-41c3-8968-008b1a8ad335: shutdown FollowerState
2019-07-29 15:22:02,207 INFO  impl.RaftServerImpl (RaftServerImpl.java:setRole(171)) - fa9d0e52-a768-41c3-8968-008b1a8ad335:group-C9F0E8A3F2C0 changes role from FOLLOWER to CANDIDATE at term 1 for changeToCandidate
2019-07-29 15:22:02,207 INFO  impl.RoleInfo (RoleInfo.java:updateAndGet(143)) - fa9d0e52-a768-41c3-8968-008b1a8ad335: start LeaderElection
2019-07-29 15:22:02,208 INFO  impl.RaftServerImpl (ServerState.java:setLeader(263)) - fa9d0e52-a768-41c3-8968-008b1a8ad335:group-C9F0E8A3F2C0 change Leader from 53a34721-2cd9-447b-bbac-6aced2b729b1 to null at term 1 for initElection
2019-07-29 15:22:02,222 INFO  impl.LeaderElection (LeaderElection.java:askForVotes(181)) - fa9d0e52-a768-41c3-8968-008b1a8ad335:group-C9F0E8A3F2C0:LeaderElection73: begin an election at term 2 for 0: [fa9d0e52-a768-41c3-8968-008b1a8ad335:192.168.157.194:44036, ea7b7c0e-fb12-41ce-8f6a-536568e7c128:192.168.157.194:35645, 53a34721-2cd9-447b-bbac-6aced2b729b1:192.168.157.194:40688], old=null
2019-07-29 15:22:02,225 INFO  impl.RaftServerImpl (ServerState.java:setLeader(263)) - ea7b7c0e-fb12-41ce-8f6a-536568e7c128:group-C9F0E8A3F2C0 change Leader from 53a34721-2cd9-447b-bbac-6aced2b729b1 to null at term 2 for updateCurrentTerm
2019-07-29 15:22:02,225 INFO  impl.LeaderElection (LogUtils.java:infoOrTrace(149)) - fa9d0e52-a768-41c3-8968-008b1a8ad335:group-C9F0E8A3F2C0:LeaderElection73 got exception when requesting votes: {}
java.util.concurrent.ExecutionException: org.apache.ratis.thirdparty.io.grpc.StatusRuntimeException: UNAVAILABLE: io exception
	at java.util.concurrent.FutureTask.report(FutureTask.java:122)
	at java.util.concurrent.FutureTask.get(FutureTask.java:192)
	at org.apache.ratis.server.impl.LeaderElection.waitForResults(LeaderElection.java:262)
	at org.apache.ratis.server.impl.LeaderElection.askForVotes(LeaderElection.java:200)
	at org.apache.ratis.server.impl.LeaderElection.run(LeaderElection.java:130)
	at java.lang.Thread.run(Thread.java:748)
Caused by: org.apache.ratis.thirdparty.io.grpc.StatusRuntimeException: UNAVAILABLE: io exception
	at org.apache.ratis.thirdparty.io.grpc.stub.ClientCalls.toStatusRuntimeException(ClientCalls.java:233)
	at org.apache.ratis.thirdparty.io.grpc.stub.ClientCalls.getUnchecked(ClientCalls.java:214)
	at org.apache.ratis.thirdparty.io.grpc.stub.ClientCalls.blockingUnaryCall(ClientCalls.java:139)
	at org.apache.ratis.proto.grpc.RaftServerProtocolServiceGrpc$RaftServerProtocolServiceBlockingStub.requestVote(RaftServerProtocolServiceGrpc.java:265)
	at org.apache.ratis.grpc.server.GrpcServerProtocolClient.requestVote(GrpcServerProtocolClient.java:83)
	at org.apache.ratis.grpc.server.GrpcService.requestVote(GrpcService.java:195)
	at org.apache.ratis.server.impl.LeaderElection.lambda$submitRequests$1(LeaderElection.java:237)
	at java.util.concurrent.FutureTask.run(FutureTask.java:266)
	at java.util.concurrent.Executors$RunnableAdapter.call(Executors.java:511)
	at java.util.concurrent.FutureTask.run(FutureTask.java:266)
	at java.util.concurrent.ThreadPoolExecutor.runWorker(ThreadPoolExecutor.java:1149)
	at java.util.concurrent.ThreadPoolExecutor$Worker.run(ThreadPoolExecutor.java:624)
	... 1 more
Caused by: org.apache.ratis.thirdparty.io.netty.channel.AbstractChannel$AnnotatedConnectException: Connection refused: /192.168.157.194:40688
	at sun.nio.ch.SocketChannelImpl.checkConnect(Native Method)
	at sun.nio.ch.SocketChannelImpl.finishConnect(SocketChannelImpl.java:717)
	at org.apache.ratis.thirdparty.io.netty.channel.socket.nio.NioSocketChannel.doFinishConnect(NioSocketChannel.java:327)
	at org.apache.ratis.thirdparty.io.netty.channel.nio.AbstractNioChannel$AbstractNioUnsafe.finishConnect(AbstractNioChannel.java:340)
	at org.apache.ratis.thirdparty.io.netty.channel.nio.NioEventLoop.processSelectedKey(NioEventLoop.java:632)
	at org.apache.ratis.thirdparty.io.netty.channel.nio.NioEventLoop.processSelectedKeysOptimized(NioEventLoop.java:579)
	at org.apache.ratis.thirdparty.io.netty.channel.nio.NioEventLoop.processSelectedKeys(NioEventLoop.java:496)
	at org.apache.ratis.thirdparty.io.netty.channel.nio.NioEventLoop.run(NioEventLoop.java:458)
	at org.apache.ratis.thirdparty.io.netty.util.concurrent.SingleThreadEventExecutor$5.run(SingleThreadEventExecutor.java:897)
	at org.apache.ratis.thirdparty.io.netty.util.concurrent.FastThreadLocalRunnable.run(FastThreadLocalRunnable.java:30)
	... 1 more
Caused by: java.net.ConnectException: Connection refused
	... 11 more
2019-07-29 15:22:02,225 INFO  impl.RaftServerImpl (RaftServerImpl.java:setRole(171)) - ea7b7c0e-fb12-41ce-8f6a-536568e7c128:group-C9F0E8A3F2C0 changes role from FOLLOWER to FOLLOWER at term 2 for recognizeCandidate:fa9d0e52-a768-41c3-8968-008b1a8ad335
2019-07-29 15:22:02,230 INFO  impl.RoleInfo (RoleInfo.java:shutdownFollowerState(121)) - ea7b7c0e-fb12-41ce-8f6a-536568e7c128: shutdown FollowerState
2019-07-29 15:22:02,230 INFO  impl.RoleInfo (RoleInfo.java:updateAndGet(143)) - ea7b7c0e-fb12-41ce-8f6a-536568e7c128: start FollowerState
2019-07-29 15:22:02,230 INFO  impl.FollowerState (FollowerState.java:run(114)) - ea7b7c0e-fb12-41ce-8f6a-536568e7c128: FollowerState was interrupted: java.lang.InterruptedException: sleep interrupted
2019-07-29 15:22:02,245 INFO  impl.LeaderElection (LeaderElection.java:logAndReturn(56)) - fa9d0e52-a768-41c3-8968-008b1a8ad335:group-C9F0E8A3F2C0:LeaderElection73: Election PASSED; received 1 response(s) [fa9d0e52-a768-41c3-8968-008b1a8ad335<-ea7b7c0e-fb12-41ce-8f6a-536568e7c128#0:OK-t2] and 1 exception(s); fa9d0e52-a768-41c3-8968-008b1a8ad335:t2, leader=null, voted=fa9d0e52-a768-41c3-8968-008b1a8ad335, raftlog=fa9d0e52-a768-41c3-8968-008b1a8ad335-SegmentedRaftLog:OPENED:c16,f16,i16, conf=0: [fa9d0e52-a768-41c3-8968-008b1a8ad335:192.168.157.194:44036, ea7b7c0e-fb12-41ce-8f6a-536568e7c128:192.168.157.194:35645, 53a34721-2cd9-447b-bbac-6aced2b729b1:192.168.157.194:40688], old=null
2019-07-29 15:22:02,245 INFO  impl.LeaderElection (LogUtils.java:infoOrTrace(149)) -   Exception 0: {}
java.util.concurrent.ExecutionException: org.apache.ratis.thirdparty.io.grpc.StatusRuntimeException: UNAVAILABLE: io exception
	at java.util.concurrent.FutureTask.report(FutureTask.java:122)
	at java.util.concurrent.FutureTask.get(FutureTask.java:192)
	at org.apache.ratis.server.impl.LeaderElection.waitForResults(LeaderElection.java:262)
	at org.apache.ratis.server.impl.LeaderElection.askForVotes(LeaderElection.java:200)
	at org.apache.ratis.server.impl.LeaderElection.run(LeaderElection.java:130)
	at java.lang.Thread.run(Thread.java:748)
Caused by: org.apache.ratis.thirdparty.io.grpc.StatusRuntimeException: UNAVAILABLE: io exception
	at org.apache.ratis.thirdparty.io.grpc.stub.ClientCalls.toStatusRuntimeException(ClientCalls.java:233)
	at org.apache.ratis.thirdparty.io.grpc.stub.ClientCalls.getUnchecked(ClientCalls.java:214)
	at org.apache.ratis.thirdparty.io.grpc.stub.ClientCalls.blockingUnaryCall(ClientCalls.java:139)
	at org.apache.ratis.proto.grpc.RaftServerProtocolServiceGrpc$RaftServerProtocolServiceBlockingStub.requestVote(RaftServerProtocolServiceGrpc.java:265)
	at org.apache.ratis.grpc.server.GrpcServerProtocolClient.requestVote(GrpcServerProtocolClient.java:83)
	at org.apache.ratis.grpc.server.GrpcService.requestVote(GrpcService.java:195)
	at org.apache.ratis.server.impl.LeaderElection.lambda$submitRequests$1(LeaderElection.java:237)
	at java.util.concurrent.FutureTask.run(FutureTask.java:266)
	at java.util.concurrent.Executors$RunnableAdapter.call(Executors.java:511)
	at java.util.concurrent.FutureTask.run(FutureTask.java:266)
	at java.util.concurrent.ThreadPoolExecutor.runWorker(ThreadPoolExecutor.java:1149)
	at java.util.concurrent.ThreadPoolExecutor$Worker.run(ThreadPoolExecutor.java:624)
	... 1 more
Caused by: org.apache.ratis.thirdparty.io.netty.channel.AbstractChannel$AnnotatedConnectException: Connection refused: /192.168.157.194:40688
	at sun.nio.ch.SocketChannelImpl.checkConnect(Native Method)
	at sun.nio.ch.SocketChannelImpl.finishConnect(SocketChannelImpl.java:717)
	at org.apache.ratis.thirdparty.io.netty.channel.socket.nio.NioSocketChannel.doFinishConnect(NioSocketChannel.java:327)
	at org.apache.ratis.thirdparty.io.netty.channel.nio.AbstractNioChannel$AbstractNioUnsafe.finishConnect(AbstractNioChannel.java:340)
	at org.apache.ratis.thirdparty.io.netty.channel.nio.NioEventLoop.processSelectedKey(NioEventLoop.java:632)
	at org.apache.ratis.thirdparty.io.netty.channel.nio.NioEventLoop.processSelectedKeysOptimized(NioEventLoop.java:579)
	at org.apache.ratis.thirdparty.io.netty.channel.nio.NioEventLoop.processSelectedKeys(NioEventLoop.java:496)
	at org.apache.ratis.thirdparty.io.netty.channel.nio.NioEventLoop.run(NioEventLoop.java:458)
	at org.apache.ratis.thirdparty.io.netty.util.concurrent.SingleThreadEventExecutor$5.run(SingleThreadEventExecutor.java:897)
	at org.apache.ratis.thirdparty.io.netty.util.concurrent.FastThreadLocalRunnable.run(FastThreadLocalRunnable.java:30)
	... 1 more
Caused by: java.net.ConnectException: Connection refused
	... 11 more
2019-07-29 15:22:02,245 INFO  impl.RoleInfo (RoleInfo.java:shutdownLeaderElection(134)) - fa9d0e52-a768-41c3-8968-008b1a8ad335: shutdown LeaderElection
2019-07-29 15:22:02,246 INFO  impl.RaftServerImpl (RaftServerImpl.java:setRole(171)) - fa9d0e52-a768-41c3-8968-008b1a8ad335:group-C9F0E8A3F2C0 changes role from CANDIDATE to LEADER at term 2 for changeToLeader
2019-07-29 15:22:02,246 INFO  impl.RaftServerImpl (ServerState.java:setLeader(263)) - fa9d0e52-a768-41c3-8968-008b1a8ad335:group-C9F0E8A3F2C0 change Leader from null to fa9d0e52-a768-41c3-8968-008b1a8ad335 at term 2 for becomeLeader, leader elected after 38ms
2019-07-29 15:22:02,246 INFO  server.RaftServerConfigKeys (ConfUtils.java:logGet(43)) - raft.server.staging.catchup.gap = 1000 (default)
2019-07-29 15:22:02,246 INFO  server.RaftServerConfigKeys (ConfUtils.java:logGet(43)) - raft.server.rpc.sleep.time = 25ms (default)
2019-07-29 15:22:02,246 INFO  server.RaftServerConfigKeys (ConfUtils.java:logGet(43)) - raft.server.write.element-limit = 4096 (default)
2019-07-29 15:22:02,246 INFO  server.RaftServerConfigKeys (ConfUtils.java:logGet(43)) - raft.server.watch.timeout = 10s (default)
2019-07-29 15:22:02,247 INFO  server.RaftServerConfigKeys (ConfUtils.java:logGet(43)) - raft.server.watch.timeout.denomination = 1s (default)
2019-07-29 15:22:02,247 INFO  server.RaftServerConfigKeys (ConfUtils.java:logGet(43)) - raft.server.watch.element-limit = 65536 (default)
2019-07-29 15:22:02,247 INFO  server.RaftServerConfigKeys (ConfUtils.java:logGet(43)) - raft.server.log.appender.snapshot.chunk.size.max = 16MB (=16777216) (default)
2019-07-29 15:22:02,247 INFO  server.RaftServerConfigKeys (ConfUtils.java:logGet(43)) - raft.server.log.appender.buffer.byte-limit = 33554432 (custom)
2019-07-29 15:22:02,248 INFO  server.RaftServerConfigKeys (ConfUtils.java:logGet(43)) - raft.server.log.appender.buffer.element-limit = 1 (custom)
2019-07-29 15:22:02,248 INFO  grpc.GrpcConfigKeys$Server (ConfUtils.java:logGet(43)) - raft.grpc.server.leader.outstanding.appends.max = 128 (default)
2019-07-29 15:22:02,248 INFO  server.RaftServerConfigKeys (ConfUtils.java:logGet(43)) - raft.server.rpc.request.timeout = 3000ms (default)
2019-07-29 15:22:02,248 INFO  server.RaftServerConfigKeys (ConfUtils.java:logGet(43)) - raft.server.log.appender.install.snapshot.enabled = false (custom)
2019-07-29 15:22:02,248 INFO  server.RaftServerConfigKeys (ConfUtils.java:logGet(43)) - raft.server.log.appender.snapshot.chunk.size.max = 16MB (=16777216) (default)
2019-07-29 15:22:02,249 INFO  server.RaftServerConfigKeys (ConfUtils.java:logGet(43)) - raft.server.log.appender.buffer.byte-limit = 33554432 (custom)
2019-07-29 15:22:02,249 INFO  server.RaftServerConfigKeys (ConfUtils.java:logGet(43)) - raft.server.log.appender.buffer.element-limit = 1 (custom)
2019-07-29 15:22:02,249 INFO  grpc.GrpcConfigKeys$Server (ConfUtils.java:logGet(43)) - raft.grpc.server.leader.outstanding.appends.max = 128 (default)
2019-07-29 15:22:02,249 INFO  server.RaftServerConfigKeys (ConfUtils.java:logGet(43)) - raft.server.rpc.request.timeout = 3000ms (default)
2019-07-29 15:22:02,249 INFO  server.RaftServerConfigKeys (ConfUtils.java:logGet(43)) - raft.server.log.appender.install.snapshot.enabled = false (custom)
2019-07-29 15:22:02,250 INFO  impl.RoleInfo (RoleInfo.java:updateAndGet(143)) - fa9d0e52-a768-41c3-8968-008b1a8ad335: start LeaderState
2019-07-29 15:22:02,250 INFO  segmented.SegmentedRaftLogWorker (SegmentedRaftLogWorker.java:rollLogSegment(385)) - fa9d0e52-a768-41c3-8968-008b1a8ad335-SegmentedRaftLogWorker:Storage Directory /workdir/hadoop-ozone/integration-test/target/test-dir/MiniOzoneClusterImpl-392193b7-5f74-4576-b673-8ecf0040bfb3/datanode-3/data/ratis/fe6790ca-0ab6-4cc5-9680-c9f0e8a3f2c0: Rolling segment log-0_16 to index:16
2019-07-29 15:22:02,251 INFO  segmented.SegmentedRaftLogWorker (SegmentedRaftLogWorker.java:execute(526)) - fa9d0e52-a768-41c3-8968-008b1a8ad335-SegmentedRaftLogWorker:Storage Directory /workdir/hadoop-ozone/integration-test/target/test-dir/MiniOzoneClusterImpl-392193b7-5f74-4576-b673-8ecf0040bfb3/datanode-3/data/ratis/fe6790ca-0ab6-4cc5-9680-c9f0e8a3f2c0: Rolled log segment from /workdir/hadoop-ozone/integration-test/target/test-dir/MiniOzoneClusterImpl-392193b7-5f74-4576-b673-8ecf0040bfb3/datanode-3/data/ratis/fe6790ca-0ab6-4cc5-9680-c9f0e8a3f2c0/current/log_inprogress_0 to /workdir/hadoop-ozone/integration-test/target/test-dir/MiniOzoneClusterImpl-392193b7-5f74-4576-b673-8ecf0040bfb3/datanode-3/data/ratis/fe6790ca-0ab6-4cc5-9680-c9f0e8a3f2c0/current/log_0-16
2019-07-29 15:22:02,251 INFO  impl.RaftServerImpl (ServerState.java:setRaftConf(361)) - fa9d0e52-a768-41c3-8968-008b1a8ad335:group-C9F0E8A3F2C0 set configuration 17: [fa9d0e52-a768-41c3-8968-008b1a8ad335:192.168.157.194:44036, ea7b7c0e-fb12-41ce-8f6a-536568e7c128:192.168.157.194:35645, 53a34721-2cd9-447b-bbac-6aced2b729b1:192.168.157.194:40688], old=null at 17
2019-07-29 15:22:02,252 WARN  server.GrpcLogAppender (LogUtils.java:warn(134)) - fa9d0e52-a768-41c3-8968-008b1a8ad335->53a34721-2cd9-447b-bbac-6aced2b729b1: Failed appendEntries: org.apache.ratis.thirdparty.io.grpc.StatusRuntimeException: UNAVAILABLE: io exception
2019-07-29 15:22:02,252 INFO  impl.FollowerInfo (FollowerInfo.java:lambda$new$0(50)) - fa9d0e52-a768-41c3-8968-008b1a8ad335->53a34721-2cd9-447b-bbac-6aced2b729b1: nextIndex: updateUnconditionally 17 -> 1
2019-07-29 15:22:02,252 INFO  impl.RaftServerImpl (ServerState.java:setLeader(263)) - ea7b7c0e-fb12-41ce-8f6a-536568e7c128:group-C9F0E8A3F2C0 change Leader from null to fa9d0e52-a768-41c3-8968-008b1a8ad335 at term 2 for appendEntries, leader elected after 27ms
2019-07-29 15:22:02,255 INFO  impl.RaftServerImpl (ServerState.java:setRaftConf(361)) - ea7b7c0e-fb12-41ce-8f6a-536568e7c128:group-C9F0E8A3F2C0 set configuration 17: [fa9d0e52-a768-41c3-8968-008b1a8ad335:192.168.157.194:44036, ea7b7c0e-fb12-41ce-8f6a-536568e7c128:192.168.157.194:35645, 53a34721-2cd9-447b-bbac-6aced2b729b1:192.168.157.194:40688], old=null at 17
2019-07-29 15:22:02,255 INFO  segmented.SegmentedRaftLogWorker (SegmentedRaftLogWorker.java:rollLogSegment(385)) - ea7b7c0e-fb12-41ce-8f6a-536568e7c128-SegmentedRaftLogWorker:Storage Directory /workdir/hadoop-ozone/integration-test/target/test-dir/MiniOzoneClusterImpl-392193b7-5f74-4576-b673-8ecf0040bfb3/datanode-5/data/ratis/fe6790ca-0ab6-4cc5-9680-c9f0e8a3f2c0: Rolling segment log-0_16 to index:16
2019-07-29 15:22:02,256 INFO  segmented.SegmentedRaftLogWorker (SegmentedRaftLogWorker.java:execute(526)) - ea7b7c0e-fb12-41ce-8f6a-536568e7c128-SegmentedRaftLogWorker:Storage Directory /workdir/hadoop-ozone/integration-test/target/test-dir/MiniOzoneClusterImpl-392193b7-5f74-4576-b673-8ecf0040bfb3/datanode-5/data/ratis/fe6790ca-0ab6-4cc5-9680-c9f0e8a3f2c0: Rolled log segment from /workdir/hadoop-ozone/integration-test/target/test-dir/MiniOzoneClusterImpl-392193b7-5f74-4576-b673-8ecf0040bfb3/datanode-5/data/ratis/fe6790ca-0ab6-4cc5-9680-c9f0e8a3f2c0/current/log_inprogress_0 to /workdir/hadoop-ozone/integration-test/target/test-dir/MiniOzoneClusterImpl-392193b7-5f74-4576-b673-8ecf0040bfb3/datanode-5/data/ratis/fe6790ca-0ab6-4cc5-9680-c9f0e8a3f2c0/current/log_0-16
2019-07-29 15:22:02,284 INFO  segmented.SegmentedRaftLogWorker (SegmentedRaftLogWorker.java:execute(569)) - fa9d0e52-a768-41c3-8968-008b1a8ad335-SegmentedRaftLogWorker:Storage Directory /workdir/hadoop-ozone/integration-test/target/test-dir/MiniOzoneClusterImpl-392193b7-5f74-4576-b673-8ecf0040bfb3/datanode-3/data/ratis/fe6790ca-0ab6-4cc5-9680-c9f0e8a3f2c0: created new log segment /workdir/hadoop-ozone/integration-test/target/test-dir/MiniOzoneClusterImpl-392193b7-5f74-4576-b673-8ecf0040bfb3/datanode-3/data/ratis/fe6790ca-0ab6-4cc5-9680-c9f0e8a3f2c0/current/log_inprogress_17
2019-07-29 15:22:02,284 INFO  segmented.SegmentedRaftLogWorker (SegmentedRaftLogWorker.java:execute(569)) - ea7b7c0e-fb12-41ce-8f6a-536568e7c128-SegmentedRaftLogWorker:Storage Directory /workdir/hadoop-ozone/integration-test/target/test-dir/MiniOzoneClusterImpl-392193b7-5f74-4576-b673-8ecf0040bfb3/datanode-5/data/ratis/fe6790ca-0ab6-4cc5-9680-c9f0e8a3f2c0: created new log segment /workdir/hadoop-ozone/integration-test/target/test-dir/MiniOzoneClusterImpl-392193b7-5f74-4576-b673-8ecf0040bfb3/datanode-5/data/ratis/fe6790ca-0ab6-4cc5-9680-c9f0e8a3f2c0/current/log_inprogress_17
2019-07-29 15:22:02,317 WARN  server.GrpcLogAppender (LogUtils.java:warn(134)) - fa9d0e52-a768-41c3-8968-008b1a8ad335->53a34721-2cd9-447b-bbac-6aced2b729b1: Failed appendEntries: org.apache.ratis.thirdparty.io.grpc.StatusRuntimeException: UNAVAILABLE: io exception
2019-07-29 15:22:02,317 INFO  impl.FollowerInfo (FollowerInfo.java:lambda$new$0(50)) - fa9d0e52-a768-41c3-8968-008b1a8ad335->53a34721-2cd9-447b-bbac-6aced2b729b1: nextIndex: updateUnconditionally 2 -> 1
15:22:02.768 [grpc-default-executor-11] ERROR DNAudit - user=null | ip=null | op=WRITE_CHUNK {blockData=conID: 1 locID: 102525416445378574 bcsId: 14} | ret=FAILURE
org.apache.hadoop.hdds.scm.container.common.helpers.ContainerNotOpenException: Container 1 in CLOSING state
	at org.apache.hadoop.ozone.container.common.impl.HddsDispatcher.validateContainerCommand(HddsDispatcher.java:408) ~[hadoop-hdds-container-service-0.4.1-SNAPSHOT.jar:?]
	at org.apache.hadoop.ozone.container.common.transport.server.ratis.ContainerStateMachine.startTransaction(ContainerStateMachine.java:288) ~[hadoop-hdds-container-service-0.4.1-SNAPSHOT.jar:?]
	at org.apache.ratis.server.impl.RaftServerImpl.submitClientRequestAsync(RaftServerImpl.java:566) ~[ratis-server-0.4.0-2337318-SNAPSHOT.jar:0.4.0-2337318-SNAPSHOT]
	at org.apache.ratis.server.impl.RaftServerProxy.lambda$submitClientRequestAsync$7(RaftServerProxy.java:333) ~[ratis-server-0.4.0-2337318-SNAPSHOT.jar:0.4.0-2337318-SNAPSHOT]
	at org.apache.ratis.server.impl.RaftServerProxy.lambda$null$5(RaftServerProxy.java:328) ~[ratis-server-0.4.0-2337318-SNAPSHOT.jar:0.4.0-2337318-SNAPSHOT]
	at org.apache.ratis.util.JavaUtils.callAsUnchecked(JavaUtils.java:109) ~[ratis-common-0.4.0-2337318-SNAPSHOT.jar:0.4.0-2337318-SNAPSHOT]
	at org.apache.ratis.server.impl.RaftServerProxy.lambda$submitRequest$6(RaftServerProxy.java:328) ~[ratis-server-0.4.0-2337318-SNAPSHOT.jar:0.4.0-2337318-SNAPSHOT]
	at java.util.concurrent.CompletableFuture.uniComposeStage(CompletableFuture.java:981) ~[?:1.8.0_212]
	at java.util.concurrent.CompletableFuture.thenCompose(CompletableFuture.java:2124) ~[?:1.8.0_212]
	at org.apache.ratis.server.impl.RaftServerProxy.submitRequest(RaftServerProxy.java:327) ~[ratis-server-0.4.0-2337318-SNAPSHOT.jar:0.4.0-2337318-SNAPSHOT]
	at org.apache.ratis.server.impl.RaftServerProxy.submitClientRequestAsync(RaftServerProxy.java:333) ~[ratis-server-0.4.0-2337318-SNAPSHOT.jar:0.4.0-2337318-SNAPSHOT]
	at org.apache.ratis.grpc.client.GrpcClientProtocolService$RequestStreamObserver.processClientRequest(GrpcClientProtocolService.java:220) ~[ratis-grpc-0.4.0-2337318-SNAPSHOT.jar:0.4.0-2337318-SNAPSHOT]
	at org.apache.ratis.grpc.client.GrpcClientProtocolService$OrderedRequestStreamObserver.processClientRequest(GrpcClientProtocolService.java:326) ~[ratis-grpc-0.4.0-2337318-SNAPSHOT.jar:0.4.0-2337318-SNAPSHOT]
	at org.apache.ratis.util.SlidingWindow$Server.processRequestsFromHead(SlidingWindow.java:429) [ratis-common-0.4.0-2337318-SNAPSHOT.jar:0.4.0-2337318-SNAPSHOT]
	at org.apache.ratis.util.SlidingWindow$Server.receivedRequest(SlidingWindow.java:421) [ratis-common-0.4.0-2337318-SNAPSHOT.jar:0.4.0-2337318-SNAPSHOT]
	at org.apache.ratis.grpc.client.GrpcClientProtocolService$OrderedRequestStreamObserver.processClientRequest(GrpcClientProtocolService.java:345) [ratis-grpc-0.4.0-2337318-SNAPSHOT.jar:0.4.0-2337318-SNAPSHOT]
	at org.apache.ratis.grpc.client.GrpcClientProtocolService$RequestStreamObserver.onNext(GrpcClientProtocolService.java:240) [ratis-grpc-0.4.0-2337318-SNAPSHOT.jar:0.4.0-2337318-SNAPSHOT]
	at org.apache.ratis.grpc.client.GrpcClientProtocolService$RequestStreamObserver.onNext(GrpcClientProtocolService.java:168) [ratis-grpc-0.4.0-2337318-SNAPSHOT.jar:0.4.0-2337318-SNAPSHOT]
	at org.apache.ratis.thirdparty.io.grpc.stub.ServerCalls$StreamingServerCallHandler$StreamingServerCallListener.onMessage(ServerCalls.java:248) [ratis-thirdparty-misc-0.2.0.jar:0.2.0]
	at org.apache.ratis.thirdparty.io.grpc.internal.ServerCallImpl$ServerStreamListenerImpl.messagesAvailable(ServerCallImpl.java:263) [ratis-thirdparty-misc-0.2.0.jar:0.2.0]
	at org.apache.ratis.thirdparty.io.grpc.internal.ServerImpl$JumpToApplicationThreadServerStreamListener$1MessagesAvailable.runInContext(ServerImpl.java:686) [ratis-thirdparty-misc-0.2.0.jar:0.2.0]
	at org.apache.ratis.thirdparty.io.grpc.internal.ContextRunnable.run(ContextRunnable.java:37) [ratis-thirdparty-misc-0.2.0.jar:0.2.0]
	at org.apache.ratis.thirdparty.io.grpc.internal.SerializingExecutor.run(SerializingExecutor.java:123) [ratis-thirdparty-misc-0.2.0.jar:0.2.0]
	at java.util.concurrent.ThreadPoolExecutor.runWorker(ThreadPoolExecutor.java:1149) [?:1.8.0_212]
	at java.util.concurrent.ThreadPoolExecutor$Worker.run(ThreadPoolExecutor.java:624) [?:1.8.0_212]
	at java.lang.Thread.run(Thread.java:748) [?:1.8.0_212]
2019-07-29 15:22:02,793 INFO  client.GrpcClientProtocolClient (GrpcClientProtocolClient.java:onNext(255)) - client-D2DA73030B1E->fa9d0e52-a768-41c3-8968-008b1a8ad335: receive RaftClientReply:client-D2DA73030B1E->fa9d0e52-a768-41c3-8968-008b1a8ad335@group-C9F0E8A3F2C0, cid=165, FAILED org.apache.ratis.protocol.StateMachineException: org.apache.hadoop.hdds.scm.container.common.helpers.ContainerNotOpenException from Server fa9d0e52-a768-41c3-8968-008b1a8ad335: Container 1 in CLOSING state, logIndex=0, commits[fa9d0e52-a768-41c3-8968-008b1a8ad335:c18, ea7b7c0e-fb12-41ce-8f6a-536568e7c128:c17, 53a34721-2cd9-447b-bbac-6aced2b729b1:c16]
15:22:02.797 [grpc-default-executor-10] ERROR DNAudit - user=null | ip=null | op=WRITE_CHUNK {blockData=conID: 1 locID: 102525416445378574 bcsId: 14} | ret=FAILURE
org.apache.hadoop.hdds.scm.container.common.helpers.ContainerNotOpenException: Container 1 in CLOSING state
	at org.apache.hadoop.ozone.container.common.impl.HddsDispatcher.validateContainerCommand(HddsDispatcher.java:408) ~[hadoop-hdds-container-service-0.4.1-SNAPSHOT.jar:?]
	at org.apache.hadoop.ozone.container.common.transport.server.ratis.ContainerStateMachine.startTransaction(ContainerStateMachine.java:288) ~[hadoop-hdds-container-service-0.4.1-SNAPSHOT.jar:?]
	at org.apache.ratis.server.impl.RaftServerImpl.submitClientRequestAsync(RaftServerImpl.java:566) ~[ratis-server-0.4.0-2337318-SNAPSHOT.jar:0.4.0-2337318-SNAPSHOT]
	at org.apache.ratis.server.impl.RaftServerProxy.lambda$submitClientRequestAsync$7(RaftServerProxy.java:333) ~[ratis-server-0.4.0-2337318-SNAPSHOT.jar:0.4.0-2337318-SNAPSHOT]
	at org.apache.ratis.server.impl.RaftServerProxy.lambda$null$5(RaftServerProxy.java:328) ~[ratis-server-0.4.0-2337318-SNAPSHOT.jar:0.4.0-2337318-SNAPSHOT]
	at org.apache.ratis.util.JavaUtils.callAsUnchecked(JavaUtils.java:109) ~[ratis-common-0.4.0-2337318-SNAPSHOT.jar:0.4.0-2337318-SNAPSHOT]
	at org.apache.ratis.server.impl.RaftServerProxy.lambda$submitRequest$6(RaftServerProxy.java:328) ~[ratis-server-0.4.0-2337318-SNAPSHOT.jar:0.4.0-2337318-SNAPSHOT]
	at java.util.concurrent.CompletableFuture.uniComposeStage(CompletableFuture.java:981) ~[?:1.8.0_212]
	at java.util.concurrent.CompletableFuture.thenCompose(CompletableFuture.java:2124) ~[?:1.8.0_212]
	at org.apache.ratis.server.impl.RaftServerProxy.submitRequest(RaftServerProxy.java:327) ~[ratis-server-0.4.0-2337318-SNAPSHOT.jar:0.4.0-2337318-SNAPSHOT]
	at org.apache.ratis.server.impl.RaftServerProxy.submitClientRequestAsync(RaftServerProxy.java:333) ~[ratis-server-0.4.0-2337318-SNAPSHOT.jar:0.4.0-2337318-SNAPSHOT]
	at org.apache.ratis.grpc.client.GrpcClientProtocolService$RequestStreamObserver.processClientRequest(GrpcClientProtocolService.java:220) ~[ratis-grpc-0.4.0-2337318-SNAPSHOT.jar:0.4.0-2337318-SNAPSHOT]
	at org.apache.ratis.grpc.client.GrpcClientProtocolService$OrderedRequestStreamObserver.processClientRequest(GrpcClientProtocolService.java:326) ~[ratis-grpc-0.4.0-2337318-SNAPSHOT.jar:0.4.0-2337318-SNAPSHOT]
	at org.apache.ratis.util.SlidingWindow$Server.processRequestsFromHead(SlidingWindow.java:429) [ratis-common-0.4.0-2337318-SNAPSHOT.jar:0.4.0-2337318-SNAPSHOT]
	at org.apache.ratis.util.SlidingWindow$Server.receivedRequest(SlidingWindow.java:421) [ratis-common-0.4.0-2337318-SNAPSHOT.jar:0.4.0-2337318-SNAPSHOT]
	at org.apache.ratis.grpc.client.GrpcClientProtocolService$OrderedRequestStreamObserver.processClientRequest(GrpcClientProtocolService.java:345) [ratis-grpc-0.4.0-2337318-SNAPSHOT.jar:0.4.0-2337318-SNAPSHOT]
	at org.apache.ratis.grpc.client.GrpcClientProtocolService$RequestStreamObserver.onNext(GrpcClientProtocolService.java:240) [ratis-grpc-0.4.0-2337318-SNAPSHOT.jar:0.4.0-2337318-SNAPSHOT]
	at org.apache.ratis.grpc.client.GrpcClientProtocolService$RequestStreamObserver.onNext(GrpcClientProtocolService.java:168) [ratis-grpc-0.4.0-2337318-SNAPSHOT.jar:0.4.0-2337318-SNAPSHOT]
	at org.apache.ratis.thirdparty.io.grpc.stub.ServerCalls$StreamingServerCallHandler$StreamingServerCallListener.onMessage(ServerCalls.java:248) [ratis-thirdparty-misc-0.2.0.jar:0.2.0]
	at org.apache.ratis.thirdparty.io.grpc.internal.ServerCallImpl$ServerStreamListenerImpl.messagesAvailable(ServerCallImpl.java:263) [ratis-thirdparty-misc-0.2.0.jar:0.2.0]
	at org.apache.ratis.thirdparty.io.grpc.internal.ServerImpl$JumpToApplicationThreadServerStreamListener$1MessagesAvailable.runInContext(ServerImpl.java:686) [ratis-thirdparty-misc-0.2.0.jar:0.2.0]
	at org.apache.ratis.thirdparty.io.grpc.internal.ContextRunnable.run(ContextRunnable.java:37) [ratis-thirdparty-misc-0.2.0.jar:0.2.0]
	at org.apache.ratis.thirdparty.io.grpc.internal.SerializingExecutor.run(SerializingExecutor.java:123) [ratis-thirdparty-misc-0.2.0.jar:0.2.0]
	at java.util.concurrent.ThreadPoolExecutor.runWorker(ThreadPoolExecutor.java:1149) [?:1.8.0_212]
	at java.util.concurrent.ThreadPoolExecutor$Worker.run(ThreadPoolExecutor.java:624) [?:1.8.0_212]
	at java.lang.Thread.run(Thread.java:748) [?:1.8.0_212]
15:22:02.812 [grpc-default-executor-10] ERROR DNAudit - user=null | ip=null | op=PUT_BLOCK {blockData=[blockId=conID: 1 locID: 102525416445378574 bcsId: 0,size=650]} | ret=FAILURE
org.apache.hadoop.hdds.scm.container.common.helpers.ContainerNotOpenException: Container 1 in CLOSING state
	at org.apache.hadoop.ozone.container.common.impl.HddsDispatcher.validateContainerCommand(HddsDispatcher.java:408) ~[hadoop-hdds-container-service-0.4.1-SNAPSHOT.jar:?]
	at org.apache.hadoop.ozone.container.common.transport.server.ratis.ContainerStateMachine.startTransaction(ContainerStateMachine.java:288) ~[hadoop-hdds-container-service-0.4.1-SNAPSHOT.jar:?]
	at org.apache.ratis.server.impl.RaftServerImpl.submitClientRequestAsync(RaftServerImpl.java:566) ~[ratis-server-0.4.0-2337318-SNAPSHOT.jar:0.4.0-2337318-SNAPSHOT]
	at org.apache.ratis.server.impl.RaftServerProxy.lambda$submitClientRequestAsync$7(RaftServerProxy.java:333) ~[ratis-server-0.4.0-2337318-SNAPSHOT.jar:0.4.0-2337318-SNAPSHOT]
	at org.apache.ratis.server.impl.RaftServerProxy.lambda$null$5(RaftServerProxy.java:328) ~[ratis-server-0.4.0-2337318-SNAPSHOT.jar:0.4.0-2337318-SNAPSHOT]
	at org.apache.ratis.util.JavaUtils.callAsUnchecked(JavaUtils.java:109) ~[ratis-common-0.4.0-2337318-SNAPSHOT.jar:0.4.0-2337318-SNAPSHOT]
	at org.apache.ratis.server.impl.RaftServerProxy.lambda$submitRequest$6(RaftServerProxy.java:328) ~[ratis-server-0.4.0-2337318-SNAPSHOT.jar:0.4.0-2337318-SNAPSHOT]
	at java.util.concurrent.CompletableFuture.uniComposeStage(CompletableFuture.java:981) ~[?:1.8.0_212]
	at java.util.concurrent.CompletableFuture.thenCompose(CompletableFuture.java:2124) ~[?:1.8.0_212]
	at org.apache.ratis.server.impl.RaftServerProxy.submitRequest(RaftServerProxy.java:327) ~[ratis-server-0.4.0-2337318-SNAPSHOT.jar:0.4.0-2337318-SNAPSHOT]
	at org.apache.ratis.server.impl.RaftServerProxy.submitClientRequestAsync(RaftServerProxy.java:333) ~[ratis-server-0.4.0-2337318-SNAPSHOT.jar:0.4.0-2337318-SNAPSHOT]
	at org.apache.ratis.grpc.client.GrpcClientProtocolService$RequestStreamObserver.processClientRequest(GrpcClientProtocolService.java:220) ~[ratis-grpc-0.4.0-2337318-SNAPSHOT.jar:0.4.0-2337318-SNAPSHOT]
	at org.apache.ratis.grpc.client.GrpcClientProtocolService$OrderedRequestStreamObserver.processClientRequest(GrpcClientProtocolService.java:326) ~[ratis-grpc-0.4.0-2337318-SNAPSHOT.jar:0.4.0-2337318-SNAPSHOT]
	at org.apache.ratis.util.SlidingWindow$Server.processRequestsFromHead(SlidingWindow.java:429) [ratis-common-0.4.0-2337318-SNAPSHOT.jar:0.4.0-2337318-SNAPSHOT]
	at org.apache.ratis.util.SlidingWindow$Server.receivedRequest(SlidingWindow.java:421) [ratis-common-0.4.0-2337318-SNAPSHOT.jar:0.4.0-2337318-SNAPSHOT]
	at org.apache.ratis.grpc.client.GrpcClientProtocolService$OrderedRequestStreamObserver.processClientRequest(GrpcClientProtocolService.java:345) [ratis-grpc-0.4.0-2337318-SNAPSHOT.jar:0.4.0-2337318-SNAPSHOT]
	at org.apache.ratis.grpc.client.GrpcClientProtocolService$RequestStreamObserver.onNext(GrpcClientProtocolService.java:240) [ratis-grpc-0.4.0-2337318-SNAPSHOT.jar:0.4.0-2337318-SNAPSHOT]
	at org.apache.ratis.grpc.client.GrpcClientProtocolService$RequestStreamObserver.onNext(GrpcClientProtocolService.java:168) [ratis-grpc-0.4.0-2337318-SNAPSHOT.jar:0.4.0-2337318-SNAPSHOT]
	at org.apache.ratis.thirdparty.io.grpc.stub.ServerCalls$StreamingServerCallHandler$StreamingServerCallListener.onMessage(ServerCalls.java:248) [ratis-thirdparty-misc-0.2.0.jar:0.2.0]
	at org.apache.ratis.thirdparty.io.grpc.internal.ServerCallImpl$ServerStreamListenerImpl.messagesAvailable(ServerCallImpl.java:263) [ratis-thirdparty-misc-0.2.0.jar:0.2.0]
	at org.apache.ratis.thirdparty.io.grpc.internal.ServerImpl$JumpToApplicationThreadServerStreamListener$1MessagesAvailable.runInContext(ServerImpl.java:686) [ratis-thirdparty-misc-0.2.0.jar:0.2.0]
	at org.apache.ratis.thirdparty.io.grpc.internal.ContextRunnable.run(ContextRunnable.java:37) [ratis-thirdparty-misc-0.2.0.jar:0.2.0]
	at org.apache.ratis.thirdparty.io.grpc.internal.SerializingExecutor.run(SerializingExecutor.java:123) [ratis-thirdparty-misc-0.2.0.jar:0.2.0]
	at java.util.concurrent.ThreadPoolExecutor.runWorker(ThreadPoolExecutor.java:1149) [?:1.8.0_212]
	at java.util.concurrent.ThreadPoolExecutor$Worker.run(ThreadPoolExecutor.java:624) [?:1.8.0_212]
	at java.lang.Thread.run(Thread.java:748) [?:1.8.0_212]
2019-07-29 15:22:02,813 INFO  client.GrpcClientProtocolClient (GrpcClientProtocolClient.java:onNext(255)) - client-D2DA73030B1E->fa9d0e52-a768-41c3-8968-008b1a8ad335: receive RaftClientReply:client-D2DA73030B1E->fa9d0e52-a768-41c3-8968-008b1a8ad335@group-C9F0E8A3F2C0, cid=166, FAILED org.apache.ratis.protocol.StateMachineException: org.apache.hadoop.hdds.scm.container.common.helpers.ContainerNotOpenException from Server fa9d0e52-a768-41c3-8968-008b1a8ad335: Container 1 in CLOSING state, logIndex=0, commits[fa9d0e52-a768-41c3-8968-008b1a8ad335:c18, ea7b7c0e-fb12-41ce-8f6a-536568e7c128:c17, 53a34721-2cd9-447b-bbac-6aced2b729b1:c16]
15:22:02.820 [grpc-default-executor-10] ERROR DNAudit - user=null | ip=null | op=WRITE_CHUNK {blockData=conID: 1 locID: 102525416445378574 bcsId: 14} | ret=FAILURE
org.apache.hadoop.hdds.scm.container.common.helpers.ContainerNotOpenException: Container 1 in CLOSING state
	at org.apache.hadoop.ozone.container.common.impl.HddsDispatcher.validateContainerCommand(HddsDispatcher.java:408) ~[hadoop-hdds-container-service-0.4.1-SNAPSHOT.jar:?]
	at org.apache.hadoop.ozone.container.common.transport.server.ratis.ContainerStateMachine.startTransaction(ContainerStateMachine.java:288) ~[hadoop-hdds-container-service-0.4.1-SNAPSHOT.jar:?]
	at org.apache.ratis.server.impl.RaftServerImpl.submitClientRequestAsync(RaftServerImpl.java:566) ~[ratis-server-0.4.0-2337318-SNAPSHOT.jar:0.4.0-2337318-SNAPSHOT]
	at org.apache.ratis.server.impl.RaftServerProxy.lambda$submitClientRequestAsync$7(RaftServerProxy.java:333) ~[ratis-server-0.4.0-2337318-SNAPSHOT.jar:0.4.0-2337318-SNAPSHOT]
	at org.apache.ratis.server.impl.RaftServerProxy.lambda$null$5(RaftServerProxy.java:328) ~[ratis-server-0.4.0-2337318-SNAPSHOT.jar:0.4.0-2337318-SNAPSHOT]
	at org.apache.ratis.util.JavaUtils.callAsUnchecked(JavaUtils.java:109) ~[ratis-common-0.4.0-2337318-SNAPSHOT.jar:0.4.0-2337318-SNAPSHOT]
	at org.apache.ratis.server.impl.RaftServerProxy.lambda$submitRequest$6(RaftServerProxy.java:328) ~[ratis-server-0.4.0-2337318-SNAPSHOT.jar:0.4.0-2337318-SNAPSHOT]
	at java.util.concurrent.CompletableFuture.uniComposeStage(CompletableFuture.java:981) ~[?:1.8.0_212]
	at java.util.concurrent.CompletableFuture.thenCompose(CompletableFuture.java:2124) ~[?:1.8.0_212]
	at org.apache.ratis.server.impl.RaftServerProxy.submitRequest(RaftServerProxy.java:327) ~[ratis-server-0.4.0-2337318-SNAPSHOT.jar:0.4.0-2337318-SNAPSHOT]
	at org.apache.ratis.server.impl.RaftServerProxy.submitClientRequestAsync(RaftServerProxy.java:333) ~[ratis-server-0.4.0-2337318-SNAPSHOT.jar:0.4.0-2337318-SNAPSHOT]
	at org.apache.ratis.grpc.client.GrpcClientProtocolService$RequestStreamObserver.processClientRequest(GrpcClientProtocolService.java:220) ~[ratis-grpc-0.4.0-2337318-SNAPSHOT.jar:0.4.0-2337318-SNAPSHOT]
	at org.apache.ratis.grpc.client.GrpcClientProtocolService$OrderedRequestStreamObserver.processClientRequest(GrpcClientProtocolService.java:326) ~[ratis-grpc-0.4.0-2337318-SNAPSHOT.jar:0.4.0-2337318-SNAPSHOT]
	at org.apache.ratis.util.SlidingWindow$Server.processRequestsFromHead(SlidingWindow.java:429) [ratis-common-0.4.0-2337318-SNAPSHOT.jar:0.4.0-2337318-SNAPSHOT]
	at org.apache.ratis.util.SlidingWindow$Server.receivedRequest(SlidingWindow.java:421) [ratis-common-0.4.0-2337318-SNAPSHOT.jar:0.4.0-2337318-SNAPSHOT]
	at org.apache.ratis.grpc.client.GrpcClientProtocolService$OrderedRequestStreamObserver.processClientRequest(GrpcClientProtocolService.java:345) [ratis-grpc-0.4.0-2337318-SNAPSHOT.jar:0.4.0-2337318-SNAPSHOT]
	at org.apache.ratis.grpc.client.GrpcClientProtocolService$RequestStreamObserver.onNext(GrpcClientProtocolService.java:240) [ratis-grpc-0.4.0-2337318-SNAPSHOT.jar:0.4.0-2337318-SNAPSHOT]
	at org.apache.ratis.grpc.client.GrpcClientProtocolService$RequestStreamObserver.onNext(GrpcClientProtocolService.java:168) [ratis-grpc-0.4.0-2337318-SNAPSHOT.jar:0.4.0-2337318-SNAPSHOT]
	at org.apache.ratis.thirdparty.io.grpc.stub.ServerCalls$StreamingServerCallHandler$StreamingServerCallListener.onMessage(ServerCalls.java:248) [ratis-thirdparty-misc-0.2.0.jar:0.2.0]
	at org.apache.ratis.thirdparty.io.grpc.internal.ServerCallImpl$ServerStreamListenerImpl.messagesAvailable(ServerCallImpl.java:263) [ratis-thirdparty-misc-0.2.0.jar:0.2.0]
	at org.apache.ratis.thirdparty.io.grpc.internal.ServerImpl$JumpToApplicationThreadServerStreamListener$1MessagesAvailable.runInContext(ServerImpl.java:686) [ratis-thirdparty-misc-0.2.0.jar:0.2.0]
	at org.apache.ratis.thirdparty.io.grpc.internal.ContextRunnable.run(ContextRunnable.java:37) [ratis-thirdparty-misc-0.2.0.jar:0.2.0]
	at org.apache.ratis.thirdparty.io.grpc.internal.SerializingExecutor.run(SerializingExecutor.java:123) [ratis-thirdparty-misc-0.2.0.jar:0.2.0]
	at java.util.concurrent.ThreadPoolExecutor.runWorker(ThreadPoolExecutor.java:1149) [?:1.8.0_212]
	at java.util.concurrent.ThreadPoolExecutor$Worker.run(ThreadPoolExecutor.java:624) [?:1.8.0_212]
	at java.lang.Thread.run(Thread.java:748) [?:1.8.0_212]
2019-07-29 15:22:02,822 INFO  client.GrpcClientProtocolClient (GrpcClientProtocolClient.java:onNext(255)) - client-D2DA73030B1E->fa9d0e52-a768-41c3-8968-008b1a8ad335: receive RaftClientReply:client-D2DA73030B1E->fa9d0e52-a768-41c3-8968-008b1a8ad335@group-C9F0E8A3F2C0, cid=167, FAILED org.apache.ratis.protocol.StateMachineException: org.apache.hadoop.hdds.scm.container.common.helpers.ContainerNotOpenException from Server fa9d0e52-a768-41c3-8968-008b1a8ad335: Container 1 in CLOSING state, logIndex=0, commits[fa9d0e52-a768-41c3-8968-008b1a8ad335:c18, ea7b7c0e-fb12-41ce-8f6a-536568e7c128:c17, 53a34721-2cd9-447b-bbac-6aced2b729b1:c16]
15:22:02.822 [grpc-default-executor-10] ERROR DNAudit - user=null | ip=null | op=WRITE_CHUNK {blockData=conID: 1 locID: 102525416445378574 bcsId: 14} | ret=FAILURE
org.apache.hadoop.hdds.scm.container.common.helpers.ContainerNotOpenException: Container 1 in CLOSING state
	at org.apache.hadoop.ozone.container.common.impl.HddsDispatcher.validateContainerCommand(HddsDispatcher.java:408) ~[hadoop-hdds-container-service-0.4.1-SNAPSHOT.jar:?]
	at org.apache.hadoop.ozone.container.common.transport.server.ratis.ContainerStateMachine.startTransaction(ContainerStateMachine.java:288) ~[hadoop-hdds-container-service-0.4.1-SNAPSHOT.jar:?]
	at org.apache.ratis.server.impl.RaftServerImpl.submitClientRequestAsync(RaftServerImpl.java:566) ~[ratis-server-0.4.0-2337318-SNAPSHOT.jar:0.4.0-2337318-SNAPSHOT]
	at org.apache.ratis.server.impl.RaftServerProxy.lambda$submitClientRequestAsync$7(RaftServerProxy.java:333) ~[ratis-server-0.4.0-2337318-SNAPSHOT.jar:0.4.0-2337318-SNAPSHOT]
	at org.apache.ratis.server.impl.RaftServerProxy.lambda$null$5(RaftServerProxy.java:328) ~[ratis-server-0.4.0-2337318-SNAPSHOT.jar:0.4.0-2337318-SNAPSHOT]
	at org.apache.ratis.util.JavaUtils.callAsUnchecked(JavaUtils.java:109) ~[ratis-common-0.4.0-2337318-SNAPSHOT.jar:0.4.0-2337318-SNAPSHOT]
	at org.apache.ratis.server.impl.RaftServerProxy.lambda$submitRequest$6(RaftServerProxy.java:328) ~[ratis-server-0.4.0-2337318-SNAPSHOT.jar:0.4.0-2337318-SNAPSHOT]
	at java.util.concurrent.CompletableFuture.uniComposeStage(CompletableFuture.java:981) ~[?:1.8.0_212]
	at java.util.concurrent.CompletableFuture.thenCompose(CompletableFuture.java:2124) ~[?:1.8.0_212]
	at org.apache.ratis.server.impl.RaftServerProxy.submitRequest(RaftServerProxy.java:327) ~[ratis-server-0.4.0-2337318-SNAPSHOT.jar:0.4.0-2337318-SNAPSHOT]
	at org.apache.ratis.server.impl.RaftServerProxy.submitClientRequestAsync(RaftServerProxy.java:333) ~[ratis-server-0.4.0-2337318-SNAPSHOT.jar:0.4.0-2337318-SNAPSHOT]
	at org.apache.ratis.grpc.client.GrpcClientProtocolService$RequestStreamObserver.processClientRequest(GrpcClientProtocolService.java:220) ~[ratis-grpc-0.4.0-2337318-SNAPSHOT.jar:0.4.0-2337318-SNAPSHOT]
	at org.apache.ratis.grpc.client.GrpcClientProtocolService$OrderedRequestStreamObserver.processClientRequest(GrpcClientProtocolService.java:326) ~[ratis-grpc-0.4.0-2337318-SNAPSHOT.jar:0.4.0-2337318-SNAPSHOT]
	at org.apache.ratis.util.SlidingWindow$Server.processRequestsFromHead(SlidingWindow.java:429) [ratis-common-0.4.0-2337318-SNAPSHOT.jar:0.4.0-2337318-SNAPSHOT]
	at org.apache.ratis.util.SlidingWindow$Server.receivedRequest(SlidingWindow.java:421) [ratis-common-0.4.0-2337318-SNAPSHOT.jar:0.4.0-2337318-SNAPSHOT]
	at org.apache.ratis.grpc.client.GrpcClientProtocolService$OrderedRequestStreamObserver.processClientRequest(GrpcClientProtocolService.java:345) [ratis-grpc-0.4.0-2337318-SNAPSHOT.jar:0.4.0-2337318-SNAPSHOT]
	at org.apache.ratis.grpc.client.GrpcClientProtocolService$RequestStreamObserver.onNext(GrpcClientProtocolService.java:240) [ratis-grpc-0.4.0-2337318-SNAPSHOT.jar:0.4.0-2337318-SNAPSHOT]
	at org.apache.ratis.grpc.client.GrpcClientProtocolService$RequestStreamObserver.onNext(GrpcClientProtocolService.java:168) [ratis-grpc-0.4.0-2337318-SNAPSHOT.jar:0.4.0-2337318-SNAPSHOT]
	at org.apache.ratis.thirdparty.io.grpc.stub.ServerCalls$StreamingServerCallHandler$StreamingServerCallListener.onMessage(ServerCalls.java:248) [ratis-thirdparty-misc-0.2.0.jar:0.2.0]
	at org.apache.ratis.thirdparty.io.grpc.internal.ServerCallImpl$ServerStreamListenerImpl.messagesAvailable(ServerCallImpl.java:263) [ratis-thirdparty-misc-0.2.0.jar:0.2.0]
	at org.apache.ratis.thirdparty.io.grpc.internal.ServerImpl$JumpToApplicationThreadServerStreamListener$1MessagesAvailable.runInContext(ServerImpl.java:686) [ratis-thirdparty-misc-0.2.0.jar:0.2.0]
	at org.apache.ratis.thirdparty.io.grpc.internal.ContextRunnable.run(ContextRunnable.java:37) [ratis-thirdparty-misc-0.2.0.jar:0.2.0]
	at org.apache.ratis.thirdparty.io.grpc.internal.SerializingExecutor.run(SerializingExecutor.java:123) [ratis-thirdparty-misc-0.2.0.jar:0.2.0]
	at java.util.concurrent.ThreadPoolExecutor.runWorker(ThreadPoolExecutor.java:1149) [?:1.8.0_212]
	at java.util.concurrent.ThreadPoolExecutor$Worker.run(ThreadPoolExecutor.java:624) [?:1.8.0_212]
	at java.lang.Thread.run(Thread.java:748) [?:1.8.0_212]
2019-07-29 15:22:02,836 INFO  client.GrpcClientProtocolClient (GrpcClientProtocolClient.java:onNext(255)) - client-D2DA73030B1E->fa9d0e52-a768-41c3-8968-008b1a8ad335: receive RaftClientReply:client-D2DA73030B1E->fa9d0e52-a768-41c3-8968-008b1a8ad335@group-C9F0E8A3F2C0, cid=168, FAILED org.apache.ratis.protocol.StateMachineException: org.apache.hadoop.hdds.scm.container.common.helpers.ContainerNotOpenException from Server fa9d0e52-a768-41c3-8968-008b1a8ad335: Container 1 in CLOSING state, logIndex=0, commits[fa9d0e52-a768-41c3-8968-008b1a8ad335:c18, ea7b7c0e-fb12-41ce-8f6a-536568e7c128:c17, 53a34721-2cd9-447b-bbac-6aced2b729b1:c16]
15:22:02.836 [grpc-default-executor-10] ERROR DNAudit - user=null | ip=null | op=PUT_BLOCK {blockData=[blockId=conID: 1 locID: 102525416445378574 bcsId: 0,size=800]} | ret=FAILURE
org.apache.hadoop.hdds.scm.container.common.helpers.ContainerNotOpenException: Container 1 in CLOSING state
	at org.apache.hadoop.ozone.container.common.impl.HddsDispatcher.validateContainerCommand(HddsDispatcher.java:408) ~[hadoop-hdds-container-service-0.4.1-SNAPSHOT.jar:?]
	at org.apache.hadoop.ozone.container.common.transport.server.ratis.ContainerStateMachine.startTransaction(ContainerStateMachine.java:288) ~[hadoop-hdds-container-service-0.4.1-SNAPSHOT.jar:?]
	at org.apache.ratis.server.impl.RaftServerImpl.submitClientRequestAsync(RaftServerImpl.java:566) ~[ratis-server-0.4.0-2337318-SNAPSHOT.jar:0.4.0-2337318-SNAPSHOT]
	at org.apache.ratis.server.impl.RaftServerProxy.lambda$submitClientRequestAsync$7(RaftServerProxy.java:333) ~[ratis-server-0.4.0-2337318-SNAPSHOT.jar:0.4.0-2337318-SNAPSHOT]
	at org.apache.ratis.server.impl.RaftServerProxy.lambda$null$5(RaftServerProxy.java:328) ~[ratis-server-0.4.0-2337318-SNAPSHOT.jar:0.4.0-2337318-SNAPSHOT]
	at org.apache.ratis.util.JavaUtils.callAsUnchecked(JavaUtils.java:109) ~[ratis-common-0.4.0-2337318-SNAPSHOT.jar:0.4.0-2337318-SNAPSHOT]
	at org.apache.ratis.server.impl.RaftServerProxy.lambda$submitRequest$6(RaftServerProxy.java:328) ~[ratis-server-0.4.0-2337318-SNAPSHOT.jar:0.4.0-2337318-SNAPSHOT]
	at java.util.concurrent.CompletableFuture.uniComposeStage(CompletableFuture.java:981) ~[?:1.8.0_212]
	at java.util.concurrent.CompletableFuture.thenCompose(CompletableFuture.java:2124) ~[?:1.8.0_212]
	at org.apache.ratis.server.impl.RaftServerProxy.submitRequest(RaftServerProxy.java:327) ~[ratis-server-0.4.0-2337318-SNAPSHOT.jar:0.4.0-2337318-SNAPSHOT]
	at org.apache.ratis.server.impl.RaftServerProxy.submitClientRequestAsync(RaftServerProxy.java:333) ~[ratis-server-0.4.0-2337318-SNAPSHOT.jar:0.4.0-2337318-SNAPSHOT]
	at org.apache.ratis.grpc.client.GrpcClientProtocolService$RequestStreamObserver.processClientRequest(GrpcClientProtocolService.java:220) ~[ratis-grpc-0.4.0-2337318-SNAPSHOT.jar:0.4.0-2337318-SNAPSHOT]
	at org.apache.ratis.grpc.client.GrpcClientProtocolService$OrderedRequestStreamObserver.processClientRequest(GrpcClientProtocolService.java:326) ~[ratis-grpc-0.4.0-2337318-SNAPSHOT.jar:0.4.0-2337318-SNAPSHOT]
	at org.apache.ratis.util.SlidingWindow$Server.processRequestsFromHead(SlidingWindow.java:429) [ratis-common-0.4.0-2337318-SNAPSHOT.jar:0.4.0-2337318-SNAPSHOT]
	at org.apache.ratis.util.SlidingWindow$Server.receivedRequest(SlidingWindow.java:421) [ratis-common-0.4.0-2337318-SNAPSHOT.jar:0.4.0-2337318-SNAPSHOT]
	at org.apache.ratis.grpc.client.GrpcClientProtocolService$OrderedRequestStreamObserver.processClientRequest(GrpcClientProtocolService.java:345) [ratis-grpc-0.4.0-2337318-SNAPSHOT.jar:0.4.0-2337318-SNAPSHOT]
	at org.apache.ratis.grpc.client.GrpcClientProtocolService$RequestStreamObserver.onNext(GrpcClientProtocolService.java:240) [ratis-grpc-0.4.0-2337318-SNAPSHOT.jar:0.4.0-2337318-SNAPSHOT]
	at org.apache.ratis.grpc.client.GrpcClientProtocolService$RequestStreamObserver.onNext(GrpcClientProtocolService.java:168) [ratis-grpc-0.4.0-2337318-SNAPSHOT.jar:0.4.0-2337318-SNAPSHOT]
	at org.apache.ratis.thirdparty.io.grpc.stub.ServerCalls$StreamingServerCallHandler$StreamingServerCallListener.onMessage(ServerCalls.java:248) [ratis-thirdparty-misc-0.2.0.jar:0.2.0]
	at org.apache.ratis.thirdparty.io.grpc.internal.ServerCallImpl$ServerStreamListenerImpl.messagesAvailable(ServerCallImpl.java:263) [ratis-thirdparty-misc-0.2.0.jar:0.2.0]
	at org.apache.ratis.thirdparty.io.grpc.internal.ServerImpl$JumpToApplicationThreadServerStreamListener$1MessagesAvailable.runInContext(ServerImpl.java:686) [ratis-thirdparty-misc-0.2.0.jar:0.2.0]
	at org.apache.ratis.thirdparty.io.grpc.internal.ContextRunnable.run(ContextRunnable.java:37) [ratis-thirdparty-misc-0.2.0.jar:0.2.0]
	at org.apache.ratis.thirdparty.io.grpc.internal.SerializingExecutor.run(SerializingExecutor.java:123) [ratis-thirdparty-misc-0.2.0.jar:0.2.0]
	at java.util.concurrent.ThreadPoolExecutor.runWorker(ThreadPoolExecutor.java:1149) [?:1.8.0_212]
	at java.util.concurrent.ThreadPoolExecutor$Worker.run(ThreadPoolExecutor.java:624) [?:1.8.0_212]
	at java.lang.Thread.run(Thread.java:748) [?:1.8.0_212]
2019-07-29 15:22:02,842 INFO  client.GrpcClientProtocolClient (GrpcClientProtocolClient.java:onNext(255)) - client-D2DA73030B1E->fa9d0e52-a768-41c3-8968-008b1a8ad335: receive RaftClientReply:client-D2DA73030B1E->fa9d0e52-a768-41c3-8968-008b1a8ad335@group-C9F0E8A3F2C0, cid=169, FAILED org.apache.ratis.protocol.StateMachineException: org.apache.hadoop.hdds.scm.container.common.helpers.ContainerNotOpenException from Server fa9d0e52-a768-41c3-8968-008b1a8ad335: Container 1 in CLOSING state, logIndex=0, commits[fa9d0e52-a768-41c3-8968-008b1a8ad335:c18, ea7b7c0e-fb12-41ce-8f6a-536568e7c128:c17, 53a34721-2cd9-447b-bbac-6aced2b729b1:c16]
2019-07-29 15:22:02,844 INFO  client.GrpcClientProtocolClient (GrpcClientProtocolClient.java:onNext(255)) - client-D2DA73030B1E->fa9d0e52-a768-41c3-8968-008b1a8ad335: receive RaftClientReply:client-D2DA73030B1E->fa9d0e52-a768-41c3-8968-008b1a8ad335@group-C9F0E8A3F2C0, cid=170, FAILED org.apache.ratis.protocol.StateMachineException: org.apache.hadoop.hdds.scm.container.common.helpers.ContainerNotOpenException from Server fa9d0e52-a768-41c3-8968-008b1a8ad335: Container 1 in CLOSING state, logIndex=0, commits[fa9d0e52-a768-41c3-8968-008b1a8ad335:c18, ea7b7c0e-fb12-41ce-8f6a-536568e7c128:c17, 53a34721-2cd9-447b-bbac-6aced2b729b1:c16]
2019-07-29 15:22:02,894 INFO  client.GrpcClientProtocolClient (GrpcClientProtocolClient.java:onNext(255)) - client-3BF0397D7348->9705bf9f-4f79-40e1-9d63-8b56fa695f58: receive RaftClientReply:client-3BF0397D7348->9705bf9f-4f79-40e1-9d63-8b56fa695f58@group-884A75F1CF8B, cid=171, FAILED org.apache.ratis.protocol.NotLeaderException: Server 9705bf9f-4f79-40e1-9d63-8b56fa695f58 is not the leader (6ac22818-cdca-4d71-9cf8-b397b04daa4f:192.168.157.194:41668). Request must be sent to leader., logIndex=0, commits[9705bf9f-4f79-40e1-9d63-8b56fa695f58:c0, 945d3641-7a53-4648-9e30-b458d7e8703c:c0, 6ac22818-cdca-4d71-9cf8-b397b04daa4f:c0]
2019-07-29 15:22:03,051 INFO  client.GrpcClientProtocolClient (GrpcClientProtocolClient.java:onNext(255)) - client-3BF0397D7348->6ac22818-cdca-4d71-9cf8-b397b04daa4f: receive RaftClientReply:client-3BF0397D7348->6ac22818-cdca-4d71-9cf8-b397b04daa4f@group-884A75F1CF8B, cid=171, SUCCESS, logIndex=1, commits[6ac22818-cdca-4d71-9cf8-b397b04daa4f:c1, 945d3641-7a53-4648-9e30-b458d7e8703c:c0, 9705bf9f-4f79-40e1-9d63-8b56fa695f58:c0]
2019-07-29 15:22:03,083 INFO  client.GrpcClientProtocolClient (GrpcClientProtocolClient.java:onNext(255)) - client-3BF0397D7348->6ac22818-cdca-4d71-9cf8-b397b04daa4f: receive RaftClientReply:client-3BF0397D7348->6ac22818-cdca-4d71-9cf8-b397b04daa4f@group-884A75F1CF8B, cid=172, SUCCESS, logIndex=3, commits[6ac22818-cdca-4d71-9cf8-b397b04daa4f:c4, 945d3641-7a53-4648-9e30-b458d7e8703c:c1, 9705bf9f-4f79-40e1-9d63-8b56fa695f58:c1]
2019-07-29 15:22:03,134 INFO  client.GrpcClientProtocolClient (GrpcClientProtocolClient.java:onNext(255)) - client-3BF0397D7348->6ac22818-cdca-4d71-9cf8-b397b04daa4f: receive RaftClientReply:client-3BF0397D7348->6ac22818-cdca-4d71-9cf8-b397b04daa4f@group-884A75F1CF8B, cid=173, SUCCESS, logIndex=4, commits[6ac22818-cdca-4d71-9cf8-b397b04daa4f:c12, 945d3641-7a53-4648-9e30-b458d7e8703c:c7, 9705bf9f-4f79-40e1-9d63-8b56fa695f58:c7]
2019-07-29 15:22:03,135 INFO  client.GrpcClientProtocolClient (GrpcClientProtocolClient.java:onNext(255)) - client-3BF0397D7348->6ac22818-cdca-4d71-9cf8-b397b04daa4f: receive RaftClientReply:client-3BF0397D7348->6ac22818-cdca-4d71-9cf8-b397b04daa4f@group-884A75F1CF8B, cid=174, SUCCESS, logIndex=5, commits[6ac22818-cdca-4d71-9cf8-b397b04daa4f:c12, 945d3641-7a53-4648-9e30-b458d7e8703c:c7, 9705bf9f-4f79-40e1-9d63-8b56fa695f58:c7]
2019-07-29 15:22:03,136 INFO  client.GrpcClientProtocolClient (GrpcClientProtocolClient.java:onNext(255)) - client-3BF0397D7348->6ac22818-cdca-4d71-9cf8-b397b04daa4f: receive RaftClientReply:client-3BF0397D7348->6ac22818-cdca-4d71-9cf8-b397b04daa4f@group-884A75F1CF8B, cid=175, SUCCESS, logIndex=6, commits[6ac22818-cdca-4d71-9cf8-b397b04daa4f:c12, 945d3641-7a53-4648-9e30-b458d7e8703c:c7, 9705bf9f-4f79-40e1-9d63-8b56fa695f58:c7]
2019-07-29 15:22:03,225 INFO  client.GrpcClientProtocolClient (GrpcClientProtocolClient.java:onNext(255)) - client-3BF0397D7348->6ac22818-cdca-4d71-9cf8-b397b04daa4f: receive RaftClientReply:client-3BF0397D7348->6ac22818-cdca-4d71-9cf8-b397b04daa4f@group-884A75F1CF8B, cid=176, SUCCESS, logIndex=7, commits[6ac22818-cdca-4d71-9cf8-b397b04daa4f:c12, 945d3641-7a53-4648-9e30-b458d7e8703c:c7, 9705bf9f-4f79-40e1-9d63-8b56fa695f58:c7]
2019-07-29 15:22:03,249 INFO  client.GrpcClientProtocolClient (GrpcClientProtocolClient.java:onNext(255)) - client-3BF0397D7348->6ac22818-cdca-4d71-9cf8-b397b04daa4f: receive RaftClientReply:client-3BF0397D7348->6ac22818-cdca-4d71-9cf8-b397b04daa4f@group-884A75F1CF8B, cid=177, SUCCESS, logIndex=13, commits[6ac22818-cdca-4d71-9cf8-b397b04daa4f:c14, 945d3641-7a53-4648-9e30-b458d7e8703c:c12, 9705bf9f-4f79-40e1-9d63-8b56fa695f58:c12]
2019-07-29 15:22:03,250 INFO  client.GrpcClientProtocolClient (GrpcClientProtocolClient.java:onNext(255)) - client-3BF0397D7348->6ac22818-cdca-4d71-9cf8-b397b04daa4f: receive RaftClientReply:client-3BF0397D7348->6ac22818-cdca-4d71-9cf8-b397b04daa4f@group-884A75F1CF8B, cid=178, SUCCESS, logIndex=14, commits[6ac22818-cdca-4d71-9cf8-b397b04daa4f:c14, 945d3641-7a53-4648-9e30-b458d7e8703c:c12, 9705bf9f-4f79-40e1-9d63-8b56fa695f58:c12]
2019-07-29 15:22:03,267 INFO  client.GrpcClientProtocolClient (GrpcClientProtocolClient.java:onNext(255)) - client-3BF0397D7348->6ac22818-cdca-4d71-9cf8-b397b04daa4f: receive RaftClientReply:client-3BF0397D7348->6ac22818-cdca-4d71-9cf8-b397b04daa4f@group-884A75F1CF8B, cid=179, SUCCESS, logIndex=0, commits[6ac22818-cdca-4d71-9cf8-b397b04daa4f:c15, 945d3641-7a53-4648-9e30-b458d7e8703c:c14, 9705bf9f-4f79-40e1-9d63-8b56fa695f58:c14]
2019-07-29 15:22:03,268 INFO  ozone.MiniOzoneClusterImpl (MiniOzoneClusterImpl.java:shutdown(321)) - Shutting down the Mini Ozone Cluster
2019-07-29 15:22:03,268 INFO  ozone.MiniOzoneClusterImpl (MiniOzoneClusterImpl.java:stop(336)) - Stopping the Mini Ozone Cluster
2019-07-29 15:22:03,269 INFO  ozone.MiniOzoneClusterImpl (MiniOzoneClusterImpl.java:stop(338)) - Stopping the OzoneManager
2019-07-29 15:22:03,269 INFO  ipc.Server (Server.java:stop(3082)) - Stopping server on 33355
2019-07-29 15:22:03,291 INFO  ipc.Server (Server.java:run(1185)) - Stopping IPC Server listener on 33355
2019-07-29 15:22:03,294 INFO  ipc.Server (Server.java:run(1319)) - Stopping IPC Server Responder
2019-07-29 15:22:03,294 INFO  utils.BackgroundService (BackgroundService.java:shutdown(148)) - Shutting down service KeyDeletingService
2019-07-29 15:22:03,313 INFO  handler.ContextHandler (ContextHandler.java:doStop(910)) - Stopped o.e.j.w.WebAppContext@2e10f765{/,null,UNAVAILABLE}{/ozoneManager}
2019-07-29 15:22:03,314 INFO  server.AbstractConnector (AbstractConnector.java:doStop(318)) - Stopped ServerConnector@100d071{HTTP/1.1,[http/1.1]}{0.0.0.0:0}
2019-07-29 15:22:03,314 INFO  handler.ContextHandler (ContextHandler.java:doStop(910)) - Stopped o.e.j.s.ServletContextHandler@8d5b303{/static,file:///workdir/hadoop-ozone/integration-test/target/test-classes/webapps/static,UNAVAILABLE}
2019-07-29 15:22:03,315 INFO  handler.ContextHandler (ContextHandler.java:doStop(910)) - Stopped o.e.j.s.ServletContextHandler@6b6c882c{/logs,file:///workdir/hadoop-ozone/integration-test/target/log,UNAVAILABLE}
2019-07-29 15:22:03,331 INFO  ozone.MiniOzoneClusterImpl (MiniOzoneClusterImpl.java:stop(344)) - Shutting the HddsDatanodes
2019-07-29 15:22:03,331 INFO  datanode.ObjectStoreHandler (ObjectStoreHandler.java:close(155)) - Closing ObjectStoreHandler.
2019-07-29 15:22:03,331 INFO  datanode.ObjectStoreHandler (ObjectStoreHandler.java:close(155)) - Closing ObjectStoreHandler.
2019-07-29 15:22:03,332 INFO  ozone.HddsDatanodeService (HddsDatanodeService.java:stop(451)) - Stopped plug-in org.apache.hadoop.ozone.web.OzoneHddsDatanodeService@35bfa7be
2019-07-29 15:22:03,332 INFO  ozone.HddsDatanodeService (HddsDatanodeService.java:stop(451)) - Stopped plug-in org.apache.hadoop.ozone.web.OzoneHddsDatanodeService@722e1bff
2019-07-29 15:22:04,034 INFO  statemachine.DatanodeStateMachine (DatanodeStateMachine.java:lambda$startDaemon$0(350)) - Ozone container server started.
2019-07-29 15:22:04,315 INFO  statemachine.DatanodeStateMachine (DatanodeStateMachine.java:lambda$startDaemon$0(350)) - Ozone container server started.
2019-07-29 15:22:04,823 WARN  server.GrpcLogAppender (LogUtils.java:warn(134)) - fa9d0e52-a768-41c3-8968-008b1a8ad335->53a34721-2cd9-447b-bbac-6aced2b729b1: Failed appendEntries: org.apache.ratis.thirdparty.io.grpc.StatusRuntimeException: UNAVAILABLE: io exception
2019-07-29 15:22:04,823 INFO  impl.FollowerInfo (FollowerInfo.java:lambda$new$0(50)) - fa9d0e52-a768-41c3-8968-008b1a8ad335->53a34721-2cd9-447b-bbac-6aced2b729b1: nextIndex: updateUnconditionally 1 -> 0
2019-07-29 15:22:07,319 WARN  server.GrpcLogAppender (LogUtils.java:warn(134)) - fa9d0e52-a768-41c3-8968-008b1a8ad335->53a34721-2cd9-447b-bbac-6aced2b729b1: Failed appendEntries: org.apache.ratis.thirdparty.io.grpc.StatusRuntimeException: UNAVAILABLE: io exception
2019-07-29 15:22:07,320 INFO  impl.FollowerInfo (FollowerInfo.java:lambda$new$0(50)) - fa9d0e52-a768-41c3-8968-008b1a8ad335->53a34721-2cd9-447b-bbac-6aced2b729b1: nextIndex: updateUnconditionally 0 -> 0
2019-07-29 15:22:08,135 INFO  node.StaleNodeHandler (StaleNodeHandler.java:onMessage(58)) - Datanode 6ac22818-cdca-4d71-9cf8-b397b04daa4f{ip: 192.168.157.194, host: byscane-nightly-74r8j-760408800, networkLocation: /default-rack, certSerialId: null} moved to stale state. Finalizing its pipelines [PipelineID=3eff2beb-48ce-4ab6-b456-f8588f8126c3, PipelineID=016c1512-e650-470c-b621-884a75f1cf8b]
2019-07-29 15:22:08,135 INFO  pipeline.SCMPipelineManager (SCMPipelineManager.java:finalizeAndDestroyPipeline(309)) - destroying pipeline:Pipeline[ Id: 3eff2beb-48ce-4ab6-b456-f8588f8126c3, Nodes: 6ac22818-cdca-4d71-9cf8-b397b04daa4f{ip: 192.168.157.194, host: byscane-nightly-74r8j-760408800, networkLocation: /default-rack, certSerialId: null}, Type:RATIS, Factor:ONE, State:OPEN]
2019-07-29 15:22:08,135 INFO  pipeline.PipelineStateManager (PipelineStateManager.java:finalizePipeline(123)) - Pipeline Pipeline[ Id: 3eff2beb-48ce-4ab6-b456-f8588f8126c3, Nodes: 6ac22818-cdca-4d71-9cf8-b397b04daa4f{ip: 192.168.157.194, host: byscane-nightly-74r8j-760408800, networkLocation: /default-rack, certSerialId: null}, Type:RATIS, Factor:ONE, State:CLOSED] moved to CLOSED state
2019-07-29 15:22:08,136 INFO  pipeline.SCMPipelineManager (SCMPipelineManager.java:finalizeAndDestroyPipeline(309)) - destroying pipeline:Pipeline[ Id: 016c1512-e650-470c-b621-884a75f1cf8b, Nodes: 9705bf9f-4f79-40e1-9d63-8b56fa695f58{ip: 192.168.157.194, host: byscane-nightly-74r8j-760408800, networkLocation: /default-rack, certSerialId: null}945d3641-7a53-4648-9e30-b458d7e8703c{ip: 192.168.157.194, host: byscane-nightly-74r8j-760408800, networkLocation: /default-rack, certSerialId: null}6ac22818-cdca-4d71-9cf8-b397b04daa4f{ip: 192.168.157.194, host: byscane-nightly-74r8j-760408800, networkLocation: /default-rack, certSerialId: null}, Type:RATIS, Factor:THREE, State:OPEN]
2019-07-29 15:22:08,136 INFO  pipeline.PipelineStateManager (PipelineStateManager.java:finalizePipeline(123)) - Pipeline Pipeline[ Id: 016c1512-e650-470c-b621-884a75f1cf8b, Nodes: 9705bf9f-4f79-40e1-9d63-8b56fa695f58{ip: 192.168.157.194, host: byscane-nightly-74r8j-760408800, networkLocation: /default-rack, certSerialId: null}945d3641-7a53-4648-9e30-b458d7e8703c{ip: 192.168.157.194, host: byscane-nightly-74r8j-760408800, networkLocation: /default-rack, certSerialId: null}6ac22818-cdca-4d71-9cf8-b397b04daa4f{ip: 192.168.157.194, host: byscane-nightly-74r8j-760408800, networkLocation: /default-rack, certSerialId: null}, Type:RATIS, Factor:THREE, State:CLOSED] moved to CLOSED state
2019-07-29 15:22:08,136 INFO  container.CloseContainerEventHandler (CloseContainerEventHandler.java:onMessage(61)) - Close container Event triggered for container : #2
2019-07-29 15:22:08,332 INFO  ozoneimpl.OzoneContainer (OzoneContainer.java:stop(199)) - Attempting to stop container services.
2019-07-29 15:22:08,333 INFO  ozoneimpl.OzoneContainer (OzoneContainer.java:stop(199)) - Attempting to stop container services.
2019-07-29 15:22:08,333 INFO  impl.RaftServerProxy (RaftServerProxy.java:lambda$close$4(314)) - fa9d0e52-a768-41c3-8968-008b1a8ad335: close
2019-07-29 15:22:08,334 INFO  impl.RaftServerProxy (RaftServerProxy.java:lambda$close$4(314)) - 6ac22818-cdca-4d71-9cf8-b397b04daa4f: close
2019-07-29 15:22:08,334 INFO  impl.RaftServerImpl (RaftServerImpl.java:lambda$shutdown$3(245)) - fa9d0e52-a768-41c3-8968-008b1a8ad335: shutdown group-3681BEF178A2
2019-07-29 15:22:08,334 INFO  impl.RaftServerImpl (RaftServerImpl.java:lambda$shutdown$3(245)) - 6ac22818-cdca-4d71-9cf8-b397b04daa4f: shutdown group-F8588F8126C3
2019-07-29 15:22:08,334 INFO  util.JmxRegister (JmxRegister.java:unregister(73)) - Successfully un-registered JMX Bean with object name Ratis:service=RaftServer,group=group-3681BEF178A2,id=fa9d0e52-a768-41c3-8968-008b1a8ad335
2019-07-29 15:22:08,335 INFO  node.StaleNodeHandler (StaleNodeHandler.java:onMessage(58)) - Datanode fa9d0e52-a768-41c3-8968-008b1a8ad335{ip: 192.168.157.194, host: byscane-nightly-74r8j-760408800, networkLocation: /default-rack, certSerialId: null} moved to stale state. Finalizing its pipelines [PipelineID=44524a35-23ca-4d2a-ab17-3681bef178a2, PipelineID=fe6790ca-0ab6-4cc5-9680-c9f0e8a3f2c0]
2019-07-29 15:22:08,335 INFO  util.JmxRegister (JmxRegister.java:unregister(73)) - Successfully un-registered JMX Bean with object name Ratis:service=RaftServer,group=group-F8588F8126C3,id=6ac22818-cdca-4d71-9cf8-b397b04daa4f
2019-07-29 15:22:08,335 INFO  pipeline.SCMPipelineManager (SCMPipelineManager.java:finalizeAndDestroyPipeline(309)) - destroying pipeline:Pipeline[ Id: 44524a35-23ca-4d2a-ab17-3681bef178a2, Nodes: fa9d0e52-a768-41c3-8968-008b1a8ad335{ip: 192.168.157.194, host: byscane-nightly-74r8j-760408800, networkLocation: /default-rack, certSerialId: null}, Type:RATIS, Factor:ONE, State:OPEN]
2019-07-29 15:22:08,335 INFO  impl.RoleInfo (RoleInfo.java:shutdownLeaderState(104)) - fa9d0e52-a768-41c3-8968-008b1a8ad335: shutdown LeaderState
2019-07-29 15:22:08,336 INFO  pipeline.PipelineStateManager (PipelineStateManager.java:finalizePipeline(123)) - Pipeline Pipeline[ Id: 44524a35-23ca-4d2a-ab17-3681bef178a2, Nodes: fa9d0e52-a768-41c3-8968-008b1a8ad335{ip: 192.168.157.194, host: byscane-nightly-74r8j-760408800, networkLocation: /default-rack, certSerialId: null}, Type:RATIS, Factor:ONE, State:CLOSED] moved to CLOSED state
2019-07-29 15:22:08,336 INFO  impl.RoleInfo (RoleInfo.java:shutdownLeaderState(104)) - 6ac22818-cdca-4d71-9cf8-b397b04daa4f: shutdown LeaderState
2019-07-29 15:22:08,336 INFO  pipeline.SCMPipelineManager (SCMPipelineManager.java:finalizeAndDestroyPipeline(309)) - destroying pipeline:Pipeline[ Id: fe6790ca-0ab6-4cc5-9680-c9f0e8a3f2c0, Nodes: 53a34721-2cd9-447b-bbac-6aced2b729b1{ip: 192.168.157.194, host: byscane-nightly-74r8j-760408800, networkLocation: /default-rack, certSerialId: null}fa9d0e52-a768-41c3-8968-008b1a8ad335{ip: 192.168.157.194, host: byscane-nightly-74r8j-760408800, networkLocation: /default-rack, certSerialId: null}ea7b7c0e-fb12-41ce-8f6a-536568e7c128{ip: 192.168.157.194, host: byscane-nightly-74r8j-760408800, networkLocation: /default-rack, certSerialId: null}, Type:RATIS, Factor:THREE, State:CLOSED]
2019-07-29 15:22:08,336 INFO  impl.PendingRequests (PendingRequests.java:sendNotLeaderResponses(202)) - fa9d0e52-a768-41c3-8968-008b1a8ad335-PendingRequests: sendNotLeaderResponses
2019-07-29 15:22:08,337 INFO  impl.PendingRequests (PendingRequests.java:sendNotLeaderResponses(202)) - 6ac22818-cdca-4d71-9cf8-b397b04daa4f-PendingRequests: sendNotLeaderResponses
2019-07-29 15:22:08,337 INFO  impl.StateMachineUpdater (StateMachineUpdater.java:stopAndJoin(115)) - StateMachineUpdater:fa9d0e52-a768-41c3-8968-008b1a8ad335:group-3681BEF178A2: set stopIndex = 0
2019-07-29 15:22:08,338 INFO  impl.StateMachineUpdater (StateMachineUpdater.java:stopAndJoin(115)) - StateMachineUpdater:6ac22818-cdca-4d71-9cf8-b397b04daa4f:group-F8588F8126C3: set stopIndex = 0
2019-07-29 15:22:08,338 INFO  impl.RaftServerImpl (ServerState.java:close(394)) - fa9d0e52-a768-41c3-8968-008b1a8ad335:group-3681BEF178A2 closes. The last applied log index is 0
2019-07-29 15:22:08,339 INFO  impl.RaftServerImpl (ServerState.java:close(394)) - 6ac22818-cdca-4d71-9cf8-b397b04daa4f:group-F8588F8126C3 closes. The last applied log index is 0
2019-07-29 15:22:08,339 INFO  segmented.SegmentedRaftLogWorker (SegmentedRaftLogWorker.java:run(313)) - fa9d0e52-a768-41c3-8968-008b1a8ad335-SegmentedRaftLogWorker:Storage Directory /workdir/hadoop-ozone/integration-test/target/test-dir/MiniOzoneClusterImpl-392193b7-5f74-4576-b673-8ecf0040bfb3/datanode-3/data/ratis/44524a35-23ca-4d2a-ab17-3681bef178a2 was interrupted, exiting. There are 0 tasks remaining in the queue.
2019-07-29 15:22:08,339 INFO  segmented.SegmentedRaftLogWorker (SegmentedRaftLogWorker.java:run(313)) - 6ac22818-cdca-4d71-9cf8-b397b04daa4f-SegmentedRaftLogWorker:Storage Directory /workdir/hadoop-ozone/integration-test/target/test-dir/MiniOzoneClusterImpl-392193b7-5f74-4576-b673-8ecf0040bfb3/datanode-1/data/ratis/3eff2beb-48ce-4ab6-b456-f8588f8126c3 was interrupted, exiting. There are 0 tasks remaining in the queue.
2019-07-29 15:22:08,344 INFO  segmented.SegmentedRaftLogWorker (SegmentedRaftLogWorker.java:close(228)) - fa9d0e52-a768-41c3-8968-008b1a8ad335-SegmentedRaftLogWorker:Storage Directory /workdir/hadoop-ozone/integration-test/target/test-dir/MiniOzoneClusterImpl-392193b7-5f74-4576-b673-8ecf0040bfb3/datanode-3/data/ratis/44524a35-23ca-4d2a-ab17-3681bef178a2 close()
2019-07-29 15:22:08,346 INFO  segmented.SegmentedRaftLogWorker (SegmentedRaftLogWorker.java:close(228)) - 6ac22818-cdca-4d71-9cf8-b397b04daa4f-SegmentedRaftLogWorker:Storage Directory /workdir/hadoop-ozone/integration-test/target/test-dir/MiniOzoneClusterImpl-392193b7-5f74-4576-b673-8ecf0040bfb3/datanode-1/data/ratis/3eff2beb-48ce-4ab6-b456-f8588f8126c3 close()
2019-07-29 15:22:08,356 INFO  impl.RaftServerImpl (RaftServerImpl.java:lambda$shutdown$3(245)) - 6ac22818-cdca-4d71-9cf8-b397b04daa4f: shutdown group-884A75F1CF8B
2019-07-29 15:22:08,356 INFO  impl.RaftServerImpl (RaftServerImpl.java:lambda$shutdown$3(245)) - fa9d0e52-a768-41c3-8968-008b1a8ad335: shutdown group-C9F0E8A3F2C0
2019-07-29 15:22:08,356 INFO  util.JmxRegister (JmxRegister.java:unregister(73)) - Successfully un-registered JMX Bean with object name Ratis:service=RaftServer,group=group-884A75F1CF8B,id=6ac22818-cdca-4d71-9cf8-b397b04daa4f
2019-07-29 15:22:08,356 INFO  util.JmxRegister (JmxRegister.java:unregister(73)) - Successfully un-registered JMX Bean with object name Ratis:service=RaftServer,group=group-C9F0E8A3F2C0,id=fa9d0e52-a768-41c3-8968-008b1a8ad335
2019-07-29 15:22:08,357 INFO  impl.RoleInfo (RoleInfo.java:shutdownLeaderState(104)) - 6ac22818-cdca-4d71-9cf8-b397b04daa4f: shutdown LeaderState
2019-07-29 15:22:08,357 INFO  impl.RoleInfo (RoleInfo.java:shutdownLeaderState(104)) - fa9d0e52-a768-41c3-8968-008b1a8ad335: shutdown LeaderState
2019-07-29 15:22:08,362 WARN  server.GrpcLogAppender (GrpcLogAppender.java:mayWait(143)) - GrpcLogAppender(6ac22818-cdca-4d71-9cf8-b397b04daa4f->945d3641-7a53-4648-9e30-b458d7e8703c): Wait interrupted by java.lang.InterruptedException
2019-07-29 15:22:08,366 WARN  server.GrpcLogAppender (GrpcLogAppender.java:mayWait(143)) - GrpcLogAppender(fa9d0e52-a768-41c3-8968-008b1a8ad335->53a34721-2cd9-447b-bbac-6aced2b729b1): Wait interrupted by java.lang.InterruptedException
2019-07-29 15:22:08,362 WARN  server.GrpcLogAppender (GrpcLogAppender.java:mayWait(143)) - GrpcLogAppender(6ac22818-cdca-4d71-9cf8-b397b04daa4f->9705bf9f-4f79-40e1-9d63-8b56fa695f58): Wait interrupted by java.lang.InterruptedException
2019-07-29 15:22:08,362 INFO  impl.PendingRequests (PendingRequests.java:sendNotLeaderResponses(202)) - 6ac22818-cdca-4d71-9cf8-b397b04daa4f-PendingRequests: sendNotLeaderResponses
2019-07-29 15:22:08,367 INFO  server.GrpcServerProtocolService (GrpcServerProtocolService.java:onCompleted(104)) - 945d3641-7a53-4648-9e30-b458d7e8703c: appendEntries completed
2019-07-29 15:22:08,371 INFO  server.GrpcServerProtocolService (GrpcServerProtocolService.java:onCompleted(104)) - 9705bf9f-4f79-40e1-9d63-8b56fa695f58: appendEntries completed
2019-07-29 15:22:08,366 INFO  impl.PendingRequests (PendingRequests.java:sendNotLeaderResponses(202)) - fa9d0e52-a768-41c3-8968-008b1a8ad335-PendingRequests: sendNotLeaderResponses
2019-07-29 15:22:08,366 WARN  server.GrpcLogAppender (GrpcLogAppender.java:mayWait(143)) - GrpcLogAppender(fa9d0e52-a768-41c3-8968-008b1a8ad335->ea7b7c0e-fb12-41ce-8f6a-536568e7c128): Wait interrupted by java.lang.InterruptedException
2019-07-29 15:22:08,372 INFO  server.GrpcLogAppender (GrpcLogAppender.java:onCompleted(292)) - 6ac22818-cdca-4d71-9cf8-b397b04daa4f->9705bf9f-4f79-40e1-9d63-8b56fa695f58: follower responses appendEntries COMPLETED
2019-07-29 15:22:08,372 INFO  server.GrpcLogAppender (GrpcLogAppender.java:onCompleted(292)) - 6ac22818-cdca-4d71-9cf8-b397b04daa4f->945d3641-7a53-4648-9e30-b458d7e8703c: follower responses appendEntries COMPLETED
2019-07-29 15:22:08,372 INFO  ratis.ContainerStateMachine (ContainerStateMachine.java:takeSnapshot(262)) - group-884A75F1CF8B: Taking a snapshot at:(t:2, i:14) file /workdir/hadoop-ozone/integration-test/target/test-dir/MiniOzoneClusterImpl-392193b7-5f74-4576-b673-8ecf0040bfb3/datanode-1/data/ratis/016c1512-e650-470c-b621-884a75f1cf8b/sm/snapshot.2_14
2019-07-29 15:22:08,372 INFO  impl.StateMachineUpdater (StateMachineUpdater.java:stopAndJoin(115)) - StateMachineUpdater:6ac22818-cdca-4d71-9cf8-b397b04daa4f:group-884A75F1CF8B: set stopIndex = 16
2019-07-29 15:22:08,373 INFO  impl.FollowerInfo (FollowerInfo.java:lambda$new$0(50)) - 6ac22818-cdca-4d71-9cf8-b397b04daa4f->945d3641-7a53-4648-9e30-b458d7e8703c: nextIndex: updateUnconditionally 17 -> 16
2019-07-29 15:22:08,373 INFO  impl.FollowerInfo (FollowerInfo.java:lambda$new$0(50)) - 6ac22818-cdca-4d71-9cf8-b397b04daa4f->9705bf9f-4f79-40e1-9d63-8b56fa695f58: nextIndex: updateUnconditionally 17 -> 16
2019-07-29 15:22:08,373 INFO  server.GrpcServerProtocolService (GrpcServerProtocolService.java:onCompleted(104)) - ea7b7c0e-fb12-41ce-8f6a-536568e7c128: appendEntries completed
2019-07-29 15:22:08,373 INFO  ratis.ContainerStateMachine (ContainerStateMachine.java:takeSnapshot(262)) - group-C9F0E8A3F2C0: Taking a snapshot at:(t:1, i:14) file /workdir/hadoop-ozone/integration-test/target/test-dir/MiniOzoneClusterImpl-392193b7-5f74-4576-b673-8ecf0040bfb3/datanode-3/data/ratis/fe6790ca-0ab6-4cc5-9680-c9f0e8a3f2c0/sm/snapshot.1_14
2019-07-29 15:22:08,372 INFO  impl.StateMachineUpdater (StateMachineUpdater.java:stopAndJoin(115)) - StateMachineUpdater:fa9d0e52-a768-41c3-8968-008b1a8ad335:group-C9F0E8A3F2C0: set stopIndex = 18
2019-07-29 15:22:08,375 INFO  server.GrpcLogAppender (GrpcLogAppender.java:onCompleted(292)) - fa9d0e52-a768-41c3-8968-008b1a8ad335->ea7b7c0e-fb12-41ce-8f6a-536568e7c128: follower responses appendEntries COMPLETED
2019-07-29 15:22:08,375 INFO  impl.FollowerInfo (FollowerInfo.java:lambda$new$0(50)) - fa9d0e52-a768-41c3-8968-008b1a8ad335->ea7b7c0e-fb12-41ce-8f6a-536568e7c128: nextIndex: updateUnconditionally 19 -> 18
2019-07-29 15:22:08,386 INFO  ratis.ContainerStateMachine (ContainerStateMachine.java:takeSnapshot(273)) - group-884A75F1CF8B: Finished taking a snapshot at:(t:2, i:14) file:/workdir/hadoop-ozone/integration-test/target/test-dir/MiniOzoneClusterImpl-392193b7-5f74-4576-b673-8ecf0040bfb3/datanode-1/data/ratis/016c1512-e650-470c-b621-884a75f1cf8b/sm/snapshot.2_14 time:15
2019-07-29 15:22:08,386 INFO  impl.StateMachineUpdater (StateMachineUpdater.java:takeSnapshot(242)) - StateMachineUpdater:6ac22818-cdca-4d71-9cf8-b397b04daa4f:group-884A75F1CF8B: Took a snapshot at index 14
2019-07-29 15:22:08,386 INFO  ratis.ContainerStateMachine (ContainerStateMachine.java:takeSnapshot(273)) - group-C9F0E8A3F2C0: Finished taking a snapshot at:(t:1, i:14) file:/workdir/hadoop-ozone/integration-test/target/test-dir/MiniOzoneClusterImpl-392193b7-5f74-4576-b673-8ecf0040bfb3/datanode-3/data/ratis/fe6790ca-0ab6-4cc5-9680-c9f0e8a3f2c0/sm/snapshot.1_14 time:14
2019-07-29 15:22:08,387 INFO  impl.StateMachineUpdater (StateMachineUpdater.java:takeSnapshot(242)) - StateMachineUpdater:fa9d0e52-a768-41c3-8968-008b1a8ad335:group-C9F0E8A3F2C0: Took a snapshot at index 14
2019-07-29 15:22:08,387 INFO  impl.StateMachineUpdater (StateMachineUpdater.java:lambda$new$0(80)) - StateMachineUpdater:6ac22818-cdca-4d71-9cf8-b397b04daa4f:group-884A75F1CF8B: snapshotIndex: updateIncreasingly -1 -> 14
2019-07-29 15:22:08,387 INFO  impl.StateMachineUpdater (StateMachineUpdater.java:lambda$new$0(80)) - StateMachineUpdater:fa9d0e52-a768-41c3-8968-008b1a8ad335:group-C9F0E8A3F2C0: snapshotIndex: updateIncreasingly -1 -> 14
2019-07-29 15:22:08,387 INFO  impl.RaftServerImpl (ServerState.java:close(394)) - fa9d0e52-a768-41c3-8968-008b1a8ad335:group-C9F0E8A3F2C0 closes. The last applied log index is 18
2019-07-29 15:22:08,387 INFO  impl.RaftServerImpl (ServerState.java:close(394)) - 6ac22818-cdca-4d71-9cf8-b397b04daa4f:group-884A75F1CF8B closes. The last applied log index is 16
2019-07-29 15:22:08,388 INFO  segmented.SegmentedRaftLogWorker (SegmentedRaftLogWorker.java:run(313)) - fa9d0e52-a768-41c3-8968-008b1a8ad335-SegmentedRaftLogWorker:Storage Directory /workdir/hadoop-ozone/integration-test/target/test-dir/MiniOzoneClusterImpl-392193b7-5f74-4576-b673-8ecf0040bfb3/datanode-3/data/ratis/fe6790ca-0ab6-4cc5-9680-c9f0e8a3f2c0 was interrupted, exiting. There are 0 tasks remaining in the queue.
2019-07-29 15:22:08,388 INFO  segmented.SegmentedRaftLogWorker (SegmentedRaftLogWorker.java:run(313)) - 6ac22818-cdca-4d71-9cf8-b397b04daa4f-SegmentedRaftLogWorker:Storage Directory /workdir/hadoop-ozone/integration-test/target/test-dir/MiniOzoneClusterImpl-392193b7-5f74-4576-b673-8ecf0040bfb3/datanode-1/data/ratis/016c1512-e650-470c-b621-884a75f1cf8b was interrupted, exiting. There are 0 tasks remaining in the queue.
2019-07-29 15:22:08,391 INFO  segmented.SegmentedRaftLogWorker (SegmentedRaftLogWorker.java:close(228)) - fa9d0e52-a768-41c3-8968-008b1a8ad335-SegmentedRaftLogWorker:Storage Directory /workdir/hadoop-ozone/integration-test/target/test-dir/MiniOzoneClusterImpl-392193b7-5f74-4576-b673-8ecf0040bfb3/datanode-3/data/ratis/fe6790ca-0ab6-4cc5-9680-c9f0e8a3f2c0 close()
2019-07-29 15:22:08,394 INFO  segmented.SegmentedRaftLogWorker (SegmentedRaftLogWorker.java:close(228)) - 6ac22818-cdca-4d71-9cf8-b397b04daa4f-SegmentedRaftLogWorker:Storage Directory /workdir/hadoop-ozone/integration-test/target/test-dir/MiniOzoneClusterImpl-392193b7-5f74-4576-b673-8ecf0040bfb3/datanode-1/data/ratis/016c1512-e650-470c-b621-884a75f1cf8b close()
2019-07-29 15:22:08,399 INFO  server.GrpcService (GrpcService.java:closeImpl(155)) - fa9d0e52-a768-41c3-8968-008b1a8ad335: shutdown server with port 44036 now
2019-07-29 15:22:08,403 INFO  server.GrpcService (GrpcService.java:closeImpl(155)) - 6ac22818-cdca-4d71-9cf8-b397b04daa4f: shutdown server with port 41668 now
2019-07-29 15:22:08,404 INFO  server.GrpcService (GrpcService.java:closeImpl(163)) - fa9d0e52-a768-41c3-8968-008b1a8ad335: shutdown server with port 44036 successfully
2019-07-29 15:22:08,404 WARN  client.GrpcClientProtocolService (LogUtils.java:warn(134)) - 1-UnorderedRequestStreamObserver1: onError: org.apache.ratis.thirdparty.io.grpc.StatusRuntimeException: CANCELLED: cancelled before receiving half close
2019-07-29 15:22:08,404 INFO  server.GrpcService (GrpcService.java:closeImpl(163)) - 6ac22818-cdca-4d71-9cf8-b397b04daa4f: shutdown server with port 41668 successfully
2019-07-29 15:22:08,406 INFO  utils.BackgroundService (BackgroundService.java:shutdown(148)) - Shutting down service BlockDeletingService
2019-07-29 15:22:08,407 INFO  utils.BackgroundService (BackgroundService.java:shutdown(148)) - Shutting down service BlockDeletingService
2019-07-29 15:22:08,416 WARN  fs.CachingGetSpaceUsed (CachingGetSpaceUsed.java:run(183)) - Thread Interrupted waiting to refresh disk information: sleep interrupted
2019-07-29 15:22:08,416 WARN  fs.CachingGetSpaceUsed (CachingGetSpaceUsed.java:run(183)) - Thread Interrupted waiting to refresh disk information: sleep interrupted
2019-07-29 15:22:08,434 INFO  statemachine.DatanodeStateMachine (DatanodeStateMachine.java:stopDaemon(395)) - Ozone container server stopped.
2019-07-29 15:22:08,435 INFO  handler.ContextHandler (ContextHandler.java:doStop(910)) - Stopped o.e.j.w.WebAppContext@38f4a641{/,null,UNAVAILABLE}{/hddsDatanode}
2019-07-29 15:22:08,439 INFO  server.AbstractConnector (AbstractConnector.java:doStop(318)) - Stopped ServerConnector@1902ad0f{HTTP/1.1,[http/1.1]}{0.0.0.0:0}
2019-07-29 15:22:08,441 INFO  statemachine.DatanodeStateMachine (DatanodeStateMachine.java:stopDaemon(395)) - Ozone container server stopped.
2019-07-29 15:22:08,441 INFO  handler.ContextHandler (ContextHandler.java:doStop(910)) - Stopped o.e.j.s.ServletContextHandler@33ed6546{/static,jar:file:/home/user/.m2/repository/org/apache/hadoop/hadoop-hdds-container-service/0.4.1-SNAPSHOT/hadoop-hdds-container-service-0.4.1-SNAPSHOT.jar!/webapps/static,UNAVAILABLE}
2019-07-29 15:22:08,445 INFO  handler.ContextHandler (ContextHandler.java:doStop(910)) - Stopped o.e.j.s.ServletContextHandler@d20e900{/logs,file:///workdir/hadoop-ozone/integration-test/target/log,UNAVAILABLE}
2019-07-29 15:22:08,447 INFO  handler.ContextHandler (ContextHandler.java:doStop(910)) - Stopped o.e.j.w.WebAppContext@2ef5df8f{/,null,UNAVAILABLE}{/hddsDatanode}
2019-07-29 15:22:08,448 INFO  datanode.ObjectStoreHandler (ObjectStoreHandler.java:close(155)) - Closing ObjectStoreHandler.
2019-07-29 15:22:08,448 INFO  server.AbstractConnector (AbstractConnector.java:doStop(318)) - Stopped ServerConnector@708f238f{HTTP/1.1,[http/1.1]}{0.0.0.0:0}
2019-07-29 15:22:08,450 INFO  handler.ContextHandler (ContextHandler.java:doStop(910)) - Stopped o.e.j.s.ServletContextHandler@27f43664{/static,jar:file:/home/user/.m2/repository/org/apache/hadoop/hadoop-hdds-container-service/0.4.1-SNAPSHOT/hadoop-hdds-container-service-0.4.1-SNAPSHOT.jar!/webapps/static,UNAVAILABLE}
2019-07-29 15:22:08,450 INFO  ozone.HddsDatanodeService (HddsDatanodeService.java:stop(451)) - Stopped plug-in org.apache.hadoop.ozone.web.OzoneHddsDatanodeService@62065d12
2019-07-29 15:22:08,452 INFO  handler.ContextHandler (ContextHandler.java:doStop(910)) - Stopped o.e.j.s.ServletContextHandler@661d49d1{/logs,file:///workdir/hadoop-ozone/integration-test/target/log,UNAVAILABLE}
2019-07-29 15:22:08,453 INFO  datanode.ObjectStoreHandler (ObjectStoreHandler.java:close(155)) - Closing ObjectStoreHandler.
2019-07-29 15:22:08,453 INFO  ozone.HddsDatanodeService (HddsDatanodeService.java:stop(451)) - Stopped plug-in org.apache.hadoop.ozone.web.OzoneHddsDatanodeService@5ed1bc4f
2019-07-29 15:22:09,026 INFO  statemachine.DatanodeStateMachine (DatanodeStateMachine.java:lambda$startDaemon$0(350)) - Ozone container server started.
2019-07-29 15:22:09,034 INFO  statemachine.DatanodeStateMachine (DatanodeStateMachine.java:lambda$startDaemon$0(350)) - Ozone container server started.
2019-07-29 15:22:12,430 INFO  impl.FollowerState (FollowerState.java:run(106)) - ea7b7c0e-fb12-41ce-8f6a-536568e7c128:group-C9F0E8A3F2C0 changes to CANDIDATE, lastRpcTime:5110, electionTimeout:5008ms
2019-07-29 15:22:12,430 INFO  impl.RoleInfo (RoleInfo.java:shutdownFollowerState(121)) - ea7b7c0e-fb12-41ce-8f6a-536568e7c128: shutdown FollowerState
2019-07-29 15:22:12,430 INFO  impl.RaftServerImpl (RaftServerImpl.java:setRole(171)) - ea7b7c0e-fb12-41ce-8f6a-536568e7c128:group-C9F0E8A3F2C0 changes role from FOLLOWER to CANDIDATE at term 2 for changeToCandidate
2019-07-29 15:22:12,431 INFO  impl.RoleInfo (RoleInfo.java:updateAndGet(143)) - ea7b7c0e-fb12-41ce-8f6a-536568e7c128: start LeaderElection
2019-07-29 15:22:12,431 INFO  impl.RaftServerImpl (ServerState.java:setLeader(263)) - ea7b7c0e-fb12-41ce-8f6a-536568e7c128:group-C9F0E8A3F2C0 change Leader from fa9d0e52-a768-41c3-8968-008b1a8ad335 to null at term 2 for initElection
2019-07-29 15:22:12,445 INFO  impl.LeaderElection (LeaderElection.java:askForVotes(181)) - ea7b7c0e-fb12-41ce-8f6a-536568e7c128:group-C9F0E8A3F2C0:LeaderElection74: begin an election at term 3 for 17: [fa9d0e52-a768-41c3-8968-008b1a8ad335:192.168.157.194:44036, ea7b7c0e-fb12-41ce-8f6a-536568e7c128:192.168.157.194:35645, 53a34721-2cd9-447b-bbac-6aced2b729b1:192.168.157.194:40688], old=null
2019-07-29 15:22:12,448 INFO  impl.LeaderElection (LogUtils.java:infoOrTrace(149)) - ea7b7c0e-fb12-41ce-8f6a-536568e7c128:group-C9F0E8A3F2C0:LeaderElection74 got exception when requesting votes: {}
java.util.concurrent.ExecutionException: org.apache.ratis.thirdparty.io.grpc.StatusRuntimeException: UNAVAILABLE: io exception
	at java.util.concurrent.FutureTask.report(FutureTask.java:122)
	at java.util.concurrent.FutureTask.get(FutureTask.java:192)
	at org.apache.ratis.server.impl.LeaderElection.waitForResults(LeaderElection.java:262)
	at org.apache.ratis.server.impl.LeaderElection.askForVotes(LeaderElection.java:200)
	at org.apache.ratis.server.impl.LeaderElection.run(LeaderElection.java:130)
	at java.lang.Thread.run(Thread.java:748)
Caused by: org.apache.ratis.thirdparty.io.grpc.StatusRuntimeException: UNAVAILABLE: io exception
	at org.apache.ratis.thirdparty.io.grpc.stub.ClientCalls.toStatusRuntimeException(ClientCalls.java:233)
	at org.apache.ratis.thirdparty.io.grpc.stub.ClientCalls.getUnchecked(ClientCalls.java:214)
	at org.apache.ratis.thirdparty.io.grpc.stub.ClientCalls.blockingUnaryCall(ClientCalls.java:139)
	at org.apache.ratis.proto.grpc.RaftServerProtocolServiceGrpc$RaftServerProtocolServiceBlockingStub.requestVote(RaftServerProtocolServiceGrpc.java:265)
	at org.apache.ratis.grpc.server.GrpcServerProtocolClient.requestVote(GrpcServerProtocolClient.java:83)
	at org.apache.ratis.grpc.server.GrpcService.requestVote(GrpcService.java:195)
	at org.apache.ratis.server.impl.LeaderElection.lambda$submitRequests$1(LeaderElection.java:237)
	at java.util.concurrent.FutureTask.run(FutureTask.java:266)
	at java.util.concurrent.Executors$RunnableAdapter.call(Executors.java:511)
	at java.util.concurrent.FutureTask.run(FutureTask.java:266)
	at java.util.concurrent.ThreadPoolExecutor.runWorker(ThreadPoolExecutor.java:1149)
	at java.util.concurrent.ThreadPoolExecutor$Worker.run(ThreadPoolExecutor.java:624)
	... 1 more
Caused by: org.apache.ratis.thirdparty.io.netty.channel.AbstractChannel$AnnotatedConnectException: Connection refused: /192.168.157.194:44036
	at sun.nio.ch.SocketChannelImpl.checkConnect(Native Method)
	at sun.nio.ch.SocketChannelImpl.finishConnect(SocketChannelImpl.java:717)
	at org.apache.ratis.thirdparty.io.netty.channel.socket.nio.NioSocketChannel.doFinishConnect(NioSocketChannel.java:327)
	at org.apache.ratis.thirdparty.io.netty.channel.nio.AbstractNioChannel$AbstractNioUnsafe.finishConnect(AbstractNioChannel.java:340)
	at org.apache.ratis.thirdparty.io.netty.channel.nio.NioEventLoop.processSelectedKey(NioEventLoop.java:632)
	at org.apache.ratis.thirdparty.io.netty.channel.nio.NioEventLoop.processSelectedKeysOptimized(NioEventLoop.java:579)
	at org.apache.ratis.thirdparty.io.netty.channel.nio.NioEventLoop.processSelectedKeys(NioEventLoop.java:496)
	at org.apache.ratis.thirdparty.io.netty.channel.nio.NioEventLoop.run(NioEventLoop.java:458)
	at org.apache.ratis.thirdparty.io.netty.util.concurrent.SingleThreadEventExecutor$5.run(SingleThreadEventExecutor.java:897)
	at org.apache.ratis.thirdparty.io.netty.util.concurrent.FastThreadLocalRunnable.run(FastThreadLocalRunnable.java:30)
	... 1 more
Caused by: java.net.ConnectException: Connection refused
	... 11 more
2019-07-29 15:22:12,452 INFO  impl.LeaderElection (LogUtils.java:infoOrTrace(149)) - ea7b7c0e-fb12-41ce-8f6a-536568e7c128:group-C9F0E8A3F2C0:LeaderElection74 got exception when requesting votes: {}
java.util.concurrent.ExecutionException: org.apache.ratis.thirdparty.io.grpc.StatusRuntimeException: UNAVAILABLE: io exception
	at java.util.concurrent.FutureTask.report(FutureTask.java:122)
	at java.util.concurrent.FutureTask.get(FutureTask.java:192)
	at org.apache.ratis.server.impl.LeaderElection.waitForResults(LeaderElection.java:262)
	at org.apache.ratis.server.impl.LeaderElection.askForVotes(LeaderElection.java:200)
	at org.apache.ratis.server.impl.LeaderElection.run(LeaderElection.java:130)
	at java.lang.Thread.run(Thread.java:748)
Caused by: org.apache.ratis.thirdparty.io.grpc.StatusRuntimeException: UNAVAILABLE: io exception
	at org.apache.ratis.thirdparty.io.grpc.stub.ClientCalls.toStatusRuntimeException(ClientCalls.java:233)
	at org.apache.ratis.thirdparty.io.grpc.stub.ClientCalls.getUnchecked(ClientCalls.java:214)
	at org.apache.ratis.thirdparty.io.grpc.stub.ClientCalls.blockingUnaryCall(ClientCalls.java:139)
	at org.apache.ratis.proto.grpc.RaftServerProtocolServiceGrpc$RaftServerProtocolServiceBlockingStub.requestVote(RaftServerProtocolServiceGrpc.java:265)
	at org.apache.ratis.grpc.server.GrpcServerProtocolClient.requestVote(GrpcServerProtocolClient.java:83)
	at org.apache.ratis.grpc.server.GrpcService.requestVote(GrpcService.java:195)
	at org.apache.ratis.server.impl.LeaderElection.lambda$submitRequests$1(LeaderElection.java:237)
	at java.util.concurrent.FutureTask.run(FutureTask.java:266)
	at java.util.concurrent.Executors$RunnableAdapter.call(Executors.java:511)
	at java.util.concurrent.FutureTask.run(FutureTask.java:266)
	at java.util.concurrent.ThreadPoolExecutor.runWorker(ThreadPoolExecutor.java:1149)
	at java.util.concurrent.ThreadPoolExecutor$Worker.run(ThreadPoolExecutor.java:624)
	... 1 more
Caused by: org.apache.ratis.thirdparty.io.netty.channel.AbstractChannel$AnnotatedConnectException: Connection refused: /192.168.157.194:40688
	at sun.nio.ch.SocketChannelImpl.checkConnect(Native Method)
	at sun.nio.ch.SocketChannelImpl.finishConnect(SocketChannelImpl.java:717)
	at org.apache.ratis.thirdparty.io.netty.channel.socket.nio.NioSocketChannel.doFinishConnect(NioSocketChannel.java:327)
	at org.apache.ratis.thirdparty.io.netty.channel.nio.AbstractNioChannel$AbstractNioUnsafe.finishConnect(AbstractNioChannel.java:340)
	at org.apache.ratis.thirdparty.io.netty.channel.nio.NioEventLoop.processSelectedKey(NioEventLoop.java:632)
	at org.apache.ratis.thirdparty.io.netty.channel.nio.NioEventLoop.processSelectedKeysOptimized(NioEventLoop.java:579)
	at org.apache.ratis.thirdparty.io.netty.channel.nio.NioEventLoop.processSelectedKeys(NioEventLoop.java:496)
	at org.apache.ratis.thirdparty.io.netty.channel.nio.NioEventLoop.run(NioEventLoop.java:458)
	at org.apache.ratis.thirdparty.io.netty.util.concurrent.SingleThreadEventExecutor$5.run(SingleThreadEventExecutor.java:897)
	at org.apache.ratis.thirdparty.io.netty.util.concurrent.FastThreadLocalRunnable.run(FastThreadLocalRunnable.java:30)
	... 1 more
Caused by: java.net.ConnectException: Connection refused
	... 11 more
2019-07-29 15:22:12,454 INFO  impl.LeaderElection (LeaderElection.java:logAndReturn(56)) - ea7b7c0e-fb12-41ce-8f6a-536568e7c128:group-C9F0E8A3F2C0:LeaderElection74: Election REJECTED; received 0 response(s) [] and 2 exception(s); ea7b7c0e-fb12-41ce-8f6a-536568e7c128:t3, leader=null, voted=ea7b7c0e-fb12-41ce-8f6a-536568e7c128, raftlog=ea7b7c0e-fb12-41ce-8f6a-536568e7c128-SegmentedRaftLog:OPENED:c18,f18,i18, conf=17: [fa9d0e52-a768-41c3-8968-008b1a8ad335:192.168.157.194:44036, ea7b7c0e-fb12-41ce-8f6a-536568e7c128:192.168.157.194:35645, 53a34721-2cd9-447b-bbac-6aced2b729b1:192.168.157.194:40688], old=null
2019-07-29 15:22:12,454 INFO  impl.LeaderElection (LogUtils.java:infoOrTrace(149)) -   Exception 0: {}
java.util.concurrent.ExecutionException: org.apache.ratis.thirdparty.io.grpc.StatusRuntimeException: UNAVAILABLE: io exception
	at java.util.concurrent.FutureTask.report(FutureTask.java:122)
	at java.util.concurrent.FutureTask.get(FutureTask.java:192)
	at org.apache.ratis.server.impl.LeaderElection.waitForResults(LeaderElection.java:262)
	at org.apache.ratis.server.impl.LeaderElection.askForVotes(LeaderElection.java:200)
	at org.apache.ratis.server.impl.LeaderElection.run(LeaderElection.java:130)
	at java.lang.Thread.run(Thread.java:748)
Caused by: org.apache.ratis.thirdparty.io.grpc.StatusRuntimeException: UNAVAILABLE: io exception
	at org.apache.ratis.thirdparty.io.grpc.stub.ClientCalls.toStatusRuntimeException(ClientCalls.java:233)
	at org.apache.ratis.thirdparty.io.grpc.stub.ClientCalls.getUnchecked(ClientCalls.java:214)
	at org.apache.ratis.thirdparty.io.grpc.stub.ClientCalls.blockingUnaryCall(ClientCalls.java:139)
	at org.apache.ratis.proto.grpc.RaftServerProtocolServiceGrpc$RaftServerProtocolServiceBlockingStub.requestVote(RaftServerProtocolServiceGrpc.java:265)
	at org.apache.ratis.grpc.server.GrpcServerProtocolClient.requestVote(GrpcServerProtocolClient.java:83)
	at org.apache.ratis.grpc.server.GrpcService.requestVote(GrpcService.java:195)
	at org.apache.ratis.server.impl.LeaderElection.lambda$submitRequests$1(LeaderElection.java:237)
	at java.util.concurrent.FutureTask.run(FutureTask.java:266)
	at java.util.concurrent.Executors$RunnableAdapter.call(Executors.java:511)
	at java.util.concurrent.FutureTask.run(FutureTask.java:266)
	at java.util.concurrent.ThreadPoolExecutor.runWorker(ThreadPoolExecutor.java:1149)
	at java.util.concurrent.ThreadPoolExecutor$Worker.run(ThreadPoolExecutor.java:624)
	... 1 more
Caused by: org.apache.ratis.thirdparty.io.netty.channel.AbstractChannel$AnnotatedConnectException: Connection refused: /192.168.157.194:44036
	at sun.nio.ch.SocketChannelImpl.checkConnect(Native Method)
	at sun.nio.ch.SocketChannelImpl.finishConnect(SocketChannelImpl.java:717)
	at org.apache.ratis.thirdparty.io.netty.channel.socket.nio.NioSocketChannel.doFinishConnect(NioSocketChannel.java:327)
	at org.apache.ratis.thirdparty.io.netty.channel.nio.AbstractNioChannel$AbstractNioUnsafe.finishConnect(AbstractNioChannel.java:340)
	at org.apache.ratis.thirdparty.io.netty.channel.nio.NioEventLoop.processSelectedKey(NioEventLoop.java:632)
	at org.apache.ratis.thirdparty.io.netty.channel.nio.NioEventLoop.processSelectedKeysOptimized(NioEventLoop.java:579)
	at org.apache.ratis.thirdparty.io.netty.channel.nio.NioEventLoop.processSelectedKeys(NioEventLoop.java:496)
	at org.apache.ratis.thirdparty.io.netty.channel.nio.NioEventLoop.run(NioEventLoop.java:458)
	at org.apache.ratis.thirdparty.io.netty.util.concurrent.SingleThreadEventExecutor$5.run(SingleThreadEventExecutor.java:897)
	at org.apache.ratis.thirdparty.io.netty.util.concurrent.FastThreadLocalRunnable.run(FastThreadLocalRunnable.java:30)
	... 1 more
Caused by: java.net.ConnectException: Connection refused
	... 11 more
2019-07-29 15:22:12,454 INFO  impl.LeaderElection (LogUtils.java:infoOrTrace(149)) -   Exception 1: {}
java.util.concurrent.ExecutionException: org.apache.ratis.thirdparty.io.grpc.StatusRuntimeException: UNAVAILABLE: io exception
	at java.util.concurrent.FutureTask.report(FutureTask.java:122)
	at java.util.concurrent.FutureTask.get(FutureTask.java:192)
	at org.apache.ratis.server.impl.LeaderElection.waitForResults(LeaderElection.java:262)
	at org.apache.ratis.server.impl.LeaderElection.askForVotes(LeaderElection.java:200)
	at org.apache.ratis.server.impl.LeaderElection.run(LeaderElection.java:130)
	at java.lang.Thread.run(Thread.java:748)
Caused by: org.apache.ratis.thirdparty.io.grpc.StatusRuntimeException: UNAVAILABLE: io exception
	at org.apache.ratis.thirdparty.io.grpc.stub.ClientCalls.toStatusRuntimeException(ClientCalls.java:233)
	at org.apache.ratis.thirdparty.io.grpc.stub.ClientCalls.getUnchecked(ClientCalls.java:214)
	at org.apache.ratis.thirdparty.io.grpc.stub.ClientCalls.blockingUnaryCall(ClientCalls.java:139)
	at org.apache.ratis.proto.grpc.RaftServerProtocolServiceGrpc$RaftServerProtocolServiceBlockingStub.requestVote(RaftServerProtocolServiceGrpc.java:265)
	at org.apache.ratis.grpc.server.GrpcServerProtocolClient.requestVote(GrpcServerProtocolClient.java:83)
	at org.apache.ratis.grpc.server.GrpcService.requestVote(GrpcService.java:195)
	at org.apache.ratis.server.impl.LeaderElection.lambda$submitRequests$1(LeaderElection.java:237)
	at java.util.concurrent.FutureTask.run(FutureTask.java:266)
	at java.util.concurrent.Executors$RunnableAdapter.call(Executors.java:511)
	at java.util.concurrent.FutureTask.run(FutureTask.java:266)
	at java.util.concurrent.ThreadPoolExecutor.runWorker(ThreadPoolExecutor.java:1149)
	at java.util.concurrent.ThreadPoolExecutor$Worker.run(ThreadPoolExecutor.java:624)
	... 1 more
Caused by: org.apache.ratis.thirdparty.io.netty.channel.AbstractChannel$AnnotatedConnectException: Connection refused: /192.168.157.194:40688
	at sun.nio.ch.SocketChannelImpl.checkConnect(Native Method)
	at sun.nio.ch.SocketChannelImpl.finishConnect(SocketChannelImpl.java:717)
	at org.apache.ratis.thirdparty.io.netty.channel.socket.nio.NioSocketChannel.doFinishConnect(NioSocketChannel.java:327)
	at org.apache.ratis.thirdparty.io.netty.channel.nio.AbstractNioChannel$AbstractNioUnsafe.finishConnect(AbstractNioChannel.java:340)
	at org.apache.ratis.thirdparty.io.netty.channel.nio.NioEventLoop.processSelectedKey(NioEventLoop.java:632)
	at org.apache.ratis.thirdparty.io.netty.channel.nio.NioEventLoop.processSelectedKeysOptimized(NioEventLoop.java:579)
	at org.apache.ratis.thirdparty.io.netty.channel.nio.NioEventLoop.processSelectedKeys(NioEventLoop.java:496)
	at org.apache.ratis.thirdparty.io.netty.channel.nio.NioEventLoop.run(NioEventLoop.java:458)
	at org.apache.ratis.thirdparty.io.netty.util.concurrent.SingleThreadEventExecutor$5.run(SingleThreadEventExecutor.java:897)
	at org.apache.ratis.thirdparty.io.netty.util.concurrent.FastThreadLocalRunnable.run(FastThreadLocalRunnable.java:30)
	... 1 more
Caused by: java.net.ConnectException: Connection refused
	... 11 more
2019-07-29 15:22:12,455 INFO  impl.RaftServerImpl (RaftServerImpl.java:setRole(171)) - ea7b7c0e-fb12-41ce-8f6a-536568e7c128:group-C9F0E8A3F2C0 changes role from CANDIDATE to FOLLOWER at term 3 for DISCOVERED_A_NEW_TERM
2019-07-29 15:22:12,455 INFO  impl.RoleInfo (RoleInfo.java:shutdownLeaderElection(134)) - ea7b7c0e-fb12-41ce-8f6a-536568e7c128: shutdown LeaderElection
2019-07-29 15:22:12,455 INFO  impl.RoleInfo (RoleInfo.java:updateAndGet(143)) - ea7b7c0e-fb12-41ce-8f6a-536568e7c128: start FollowerState
2019-07-29 15:22:13,043 INFO  node.StaleNodeHandler (StaleNodeHandler.java:onMessage(58)) - Datanode 9705bf9f-4f79-40e1-9d63-8b56fa695f58{ip: 192.168.157.194, host: byscane-nightly-74r8j-760408800, networkLocation: /default-rack, certSerialId: null} moved to stale state. Finalizing its pipelines [PipelineID=016c1512-e650-470c-b621-884a75f1cf8b, PipelineID=e7da1635-d67f-4ac5-b340-ae9107edfe80]
2019-07-29 15:22:13,043 INFO  pipeline.SCMPipelineManager (SCMPipelineManager.java:finalizeAndDestroyPipeline(309)) - destroying pipeline:Pipeline[ Id: 016c1512-e650-470c-b621-884a75f1cf8b, Nodes: 9705bf9f-4f79-40e1-9d63-8b56fa695f58{ip: 192.168.157.194, host: byscane-nightly-74r8j-760408800, networkLocation: /default-rack, certSerialId: null}945d3641-7a53-4648-9e30-b458d7e8703c{ip: 192.168.157.194, host: byscane-nightly-74r8j-760408800, networkLocation: /default-rack, certSerialId: null}6ac22818-cdca-4d71-9cf8-b397b04daa4f{ip: 192.168.157.194, host: byscane-nightly-74r8j-760408800, networkLocation: /default-rack, certSerialId: null}, Type:RATIS, Factor:THREE, State:CLOSED]
2019-07-29 15:22:13,044 INFO  pipeline.SCMPipelineManager (SCMPipelineManager.java:finalizeAndDestroyPipeline(309)) - destroying pipeline:Pipeline[ Id: e7da1635-d67f-4ac5-b340-ae9107edfe80, Nodes: 9705bf9f-4f79-40e1-9d63-8b56fa695f58{ip: 192.168.157.194, host: byscane-nightly-74r8j-760408800, networkLocation: /default-rack, certSerialId: null}, Type:RATIS, Factor:ONE, State:OPEN]
2019-07-29 15:22:13,044 INFO  pipeline.PipelineStateManager (PipelineStateManager.java:finalizePipeline(123)) - Pipeline Pipeline[ Id: e7da1635-d67f-4ac5-b340-ae9107edfe80, Nodes: 9705bf9f-4f79-40e1-9d63-8b56fa695f58{ip: 192.168.157.194, host: byscane-nightly-74r8j-760408800, networkLocation: /default-rack, certSerialId: null}, Type:RATIS, Factor:ONE, State:CLOSED] moved to CLOSED state
2019-07-29 15:22:13,044 INFO  node.StaleNodeHandler (StaleNodeHandler.java:onMessage(58)) - Datanode f4bc078d-76ca-44e5-91c7-b245da2b30cf{ip: 192.168.157.194, host: byscane-nightly-74r8j-760408800, networkLocation: /default-rack, certSerialId: null} moved to stale state. Finalizing its pipelines [PipelineID=7b1d7965-1884-445b-97b4-b19129b62125]
2019-07-29 15:22:13,044 INFO  pipeline.SCMPipelineManager (SCMPipelineManager.java:finalizeAndDestroyPipeline(309)) - destroying pipeline:Pipeline[ Id: 7b1d7965-1884-445b-97b4-b19129b62125, Nodes: f4bc078d-76ca-44e5-91c7-b245da2b30cf{ip: 192.168.157.194, host: byscane-nightly-74r8j-760408800, networkLocation: /default-rack, certSerialId: null}, Type:RATIS, Factor:ONE, State:OPEN]
2019-07-29 15:22:13,044 INFO  pipeline.PipelineStateManager (PipelineStateManager.java:finalizePipeline(123)) - Pipeline Pipeline[ Id: 7b1d7965-1884-445b-97b4-b19129b62125, Nodes: f4bc078d-76ca-44e5-91c7-b245da2b30cf{ip: 192.168.157.194, host: byscane-nightly-74r8j-760408800, networkLocation: /default-rack, certSerialId: null}, Type:RATIS, Factor:ONE, State:CLOSED] moved to CLOSED state
2019-07-29 15:22:13,453 INFO  ozoneimpl.OzoneContainer (OzoneContainer.java:stop(199)) - Attempting to stop container services.
2019-07-29 15:22:13,453 INFO  impl.RaftServerProxy (RaftServerProxy.java:lambda$close$4(314)) - f4bc078d-76ca-44e5-91c7-b245da2b30cf: close
2019-07-29 15:22:13,454 INFO  impl.RaftServerImpl (RaftServerImpl.java:lambda$shutdown$3(245)) - f4bc078d-76ca-44e5-91c7-b245da2b30cf: shutdown group-B19129B62125
2019-07-29 15:22:13,454 INFO  ozoneimpl.OzoneContainer (OzoneContainer.java:stop(199)) - Attempting to stop container services.
2019-07-29 15:22:13,454 INFO  util.JmxRegister (JmxRegister.java:unregister(73)) - Successfully un-registered JMX Bean with object name Ratis:service=RaftServer,group=group-B19129B62125,id=f4bc078d-76ca-44e5-91c7-b245da2b30cf
2019-07-29 15:22:13,455 INFO  impl.RaftServerProxy (RaftServerProxy.java:lambda$close$4(314)) - 9705bf9f-4f79-40e1-9d63-8b56fa695f58: close
2019-07-29 15:22:13,455 INFO  impl.RoleInfo (RoleInfo.java:shutdownLeaderState(104)) - f4bc078d-76ca-44e5-91c7-b245da2b30cf: shutdown LeaderState
2019-07-29 15:22:13,455 INFO  impl.RaftServerImpl (RaftServerImpl.java:lambda$shutdown$3(245)) - 9705bf9f-4f79-40e1-9d63-8b56fa695f58: shutdown group-884A75F1CF8B
2019-07-29 15:22:13,456 INFO  impl.PendingRequests (PendingRequests.java:sendNotLeaderResponses(202)) - f4bc078d-76ca-44e5-91c7-b245da2b30cf-PendingRequests: sendNotLeaderResponses
2019-07-29 15:22:13,456 INFO  util.JmxRegister (JmxRegister.java:unregister(73)) - Successfully un-registered JMX Bean with object name Ratis:service=RaftServer,group=group-884A75F1CF8B,id=9705bf9f-4f79-40e1-9d63-8b56fa695f58
2019-07-29 15:22:13,457 INFO  impl.StateMachineUpdater (StateMachineUpdater.java:stopAndJoin(115)) - StateMachineUpdater:f4bc078d-76ca-44e5-91c7-b245da2b30cf:group-B19129B62125: set stopIndex = 0
2019-07-29 15:22:13,457 INFO  impl.RoleInfo (RoleInfo.java:shutdownFollowerState(121)) - 9705bf9f-4f79-40e1-9d63-8b56fa695f58: shutdown FollowerState
2019-07-29 15:22:13,458 INFO  impl.RaftServerImpl (ServerState.java:close(394)) - f4bc078d-76ca-44e5-91c7-b245da2b30cf:group-B19129B62125 closes. The last applied log index is 0
2019-07-29 15:22:13,458 INFO  impl.FollowerState (FollowerState.java:run(114)) - 9705bf9f-4f79-40e1-9d63-8b56fa695f58: FollowerState was interrupted: java.lang.InterruptedException: sleep interrupted
2019-07-29 15:22:13,459 INFO  segmented.SegmentedRaftLogWorker (SegmentedRaftLogWorker.java:run(313)) - f4bc078d-76ca-44e5-91c7-b245da2b30cf-SegmentedRaftLogWorker:Storage Directory /workdir/hadoop-ozone/integration-test/target/test-dir/MiniOzoneClusterImpl-392193b7-5f74-4576-b673-8ecf0040bfb3/datanode-6/data/ratis/7b1d7965-1884-445b-97b4-b19129b62125 was interrupted, exiting. There are 0 tasks remaining in the queue.
2019-07-29 15:22:13,458 INFO  ratis.ContainerStateMachine (ContainerStateMachine.java:takeSnapshot(262)) - group-884A75F1CF8B: Taking a snapshot at:(t:2, i:14) file /workdir/hadoop-ozone/integration-test/target/test-dir/MiniOzoneClusterImpl-392193b7-5f74-4576-b673-8ecf0040bfb3/datanode-2/data/ratis/016c1512-e650-470c-b621-884a75f1cf8b/sm/snapshot.2_14
2019-07-29 15:22:13,458 INFO  impl.StateMachineUpdater (StateMachineUpdater.java:stopAndJoin(115)) - StateMachineUpdater:9705bf9f-4f79-40e1-9d63-8b56fa695f58:group-884A75F1CF8B: set stopIndex = 16
2019-07-29 15:22:13,461 INFO  segmented.SegmentedRaftLogWorker (SegmentedRaftLogWorker.java:close(228)) - f4bc078d-76ca-44e5-91c7-b245da2b30cf-SegmentedRaftLogWorker:Storage Directory /workdir/hadoop-ozone/integration-test/target/test-dir/MiniOzoneClusterImpl-392193b7-5f74-4576-b673-8ecf0040bfb3/datanode-6/data/ratis/7b1d7965-1884-445b-97b4-b19129b62125 close()
2019-07-29 15:22:13,466 INFO  server.GrpcService (GrpcService.java:closeImpl(155)) - f4bc078d-76ca-44e5-91c7-b245da2b30cf: shutdown server with port 42955 now
2019-07-29 15:22:13,468 INFO  server.GrpcService (GrpcService.java:closeImpl(163)) - f4bc078d-76ca-44e5-91c7-b245da2b30cf: shutdown server with port 42955 successfully
2019-07-29 15:22:13,469 INFO  utils.BackgroundService (BackgroundService.java:shutdown(148)) - Shutting down service BlockDeletingService
2019-07-29 15:22:13,475 INFO  ratis.ContainerStateMachine (ContainerStateMachine.java:takeSnapshot(273)) - group-884A75F1CF8B: Finished taking a snapshot at:(t:2, i:14) file:/workdir/hadoop-ozone/integration-test/target/test-dir/MiniOzoneClusterImpl-392193b7-5f74-4576-b673-8ecf0040bfb3/datanode-2/data/ratis/016c1512-e650-470c-b621-884a75f1cf8b/sm/snapshot.2_14 time:17
2019-07-29 15:22:13,475 INFO  impl.StateMachineUpdater (StateMachineUpdater.java:takeSnapshot(242)) - StateMachineUpdater:9705bf9f-4f79-40e1-9d63-8b56fa695f58:group-884A75F1CF8B: Took a snapshot at index 14
2019-07-29 15:22:13,476 INFO  impl.StateMachineUpdater (StateMachineUpdater.java:lambda$new$0(80)) - StateMachineUpdater:9705bf9f-4f79-40e1-9d63-8b56fa695f58:group-884A75F1CF8B: snapshotIndex: updateIncreasingly -1 -> 14
2019-07-29 15:22:13,476 INFO  impl.RaftServerImpl (ServerState.java:close(394)) - 9705bf9f-4f79-40e1-9d63-8b56fa695f58:group-884A75F1CF8B closes. The last applied log index is 16
2019-07-29 15:22:13,476 WARN  fs.CachingGetSpaceUsed (CachingGetSpaceUsed.java:run(183)) - Thread Interrupted waiting to refresh disk information: sleep interrupted
2019-07-29 15:22:13,477 INFO  segmented.SegmentedRaftLogWorker (SegmentedRaftLogWorker.java:run(313)) - 9705bf9f-4f79-40e1-9d63-8b56fa695f58-SegmentedRaftLogWorker:Storage Directory /workdir/hadoop-ozone/integration-test/target/test-dir/MiniOzoneClusterImpl-392193b7-5f74-4576-b673-8ecf0040bfb3/datanode-2/data/ratis/016c1512-e650-470c-b621-884a75f1cf8b was interrupted, exiting. There are 0 tasks remaining in the queue.
2019-07-29 15:22:13,478 INFO  segmented.SegmentedRaftLogWorker (SegmentedRaftLogWorker.java:close(228)) - 9705bf9f-4f79-40e1-9d63-8b56fa695f58-SegmentedRaftLogWorker:Storage Directory /workdir/hadoop-ozone/integration-test/target/test-dir/MiniOzoneClusterImpl-392193b7-5f74-4576-b673-8ecf0040bfb3/datanode-2/data/ratis/016c1512-e650-470c-b621-884a75f1cf8b close()
2019-07-29 15:22:13,482 INFO  impl.RaftServerImpl (RaftServerImpl.java:lambda$shutdown$3(245)) - 9705bf9f-4f79-40e1-9d63-8b56fa695f58: shutdown group-AE9107EDFE80
2019-07-29 15:22:13,483 INFO  util.JmxRegister (JmxRegister.java:unregister(73)) - Successfully un-registered JMX Bean with object name Ratis:service=RaftServer,group=group-AE9107EDFE80,id=9705bf9f-4f79-40e1-9d63-8b56fa695f58
2019-07-29 15:22:13,483 INFO  impl.RoleInfo (RoleInfo.java:shutdownLeaderState(104)) - 9705bf9f-4f79-40e1-9d63-8b56fa695f58: shutdown LeaderState
2019-07-29 15:22:13,484 INFO  impl.PendingRequests (PendingRequests.java:sendNotLeaderResponses(202)) - 9705bf9f-4f79-40e1-9d63-8b56fa695f58-PendingRequests: sendNotLeaderResponses
2019-07-29 15:22:13,484 INFO  impl.StateMachineUpdater (StateMachineUpdater.java:stopAndJoin(115)) - StateMachineUpdater:9705bf9f-4f79-40e1-9d63-8b56fa695f58:group-AE9107EDFE80: set stopIndex = 0
2019-07-29 15:22:13,485 INFO  impl.RaftServerImpl (ServerState.java:close(394)) - 9705bf9f-4f79-40e1-9d63-8b56fa695f58:group-AE9107EDFE80 closes. The last applied log index is 0
2019-07-29 15:22:13,485 INFO  segmented.SegmentedRaftLogWorker (SegmentedRaftLogWorker.java:run(313)) - 9705bf9f-4f79-40e1-9d63-8b56fa695f58-SegmentedRaftLogWorker:Storage Directory /workdir/hadoop-ozone/integration-test/target/test-dir/MiniOzoneClusterImpl-392193b7-5f74-4576-b673-8ecf0040bfb3/datanode-2/data/ratis/e7da1635-d67f-4ac5-b340-ae9107edfe80 was interrupted, exiting. There are 0 tasks remaining in the queue.
2019-07-29 15:22:13,487 INFO  segmented.SegmentedRaftLogWorker (SegmentedRaftLogWorker.java:close(228)) - 9705bf9f-4f79-40e1-9d63-8b56fa695f58-SegmentedRaftLogWorker:Storage Directory /workdir/hadoop-ozone/integration-test/target/test-dir/MiniOzoneClusterImpl-392193b7-5f74-4576-b673-8ecf0040bfb3/datanode-2/data/ratis/e7da1635-d67f-4ac5-b340-ae9107edfe80 close()
2019-07-29 15:22:13,491 INFO  server.GrpcService (GrpcService.java:closeImpl(155)) - 9705bf9f-4f79-40e1-9d63-8b56fa695f58: shutdown server with port 39210 now
2019-07-29 15:22:13,499 INFO  server.GrpcService (GrpcService.java:closeImpl(163)) - 9705bf9f-4f79-40e1-9d63-8b56fa695f58: shutdown server with port 39210 successfully
2019-07-29 15:22:13,501 INFO  utils.BackgroundService (BackgroundService.java:shutdown(148)) - Shutting down service BlockDeletingService
2019-07-29 15:22:13,503 WARN  fs.CachingGetSpaceUsed (CachingGetSpaceUsed.java:run(183)) - Thread Interrupted waiting to refresh disk information: sleep interrupted
2019-07-29 15:22:13,514 INFO  statemachine.DatanodeStateMachine (DatanodeStateMachine.java:stopDaemon(395)) - Ozone container server stopped.
2019-07-29 15:22:13,515 INFO  handler.ContextHandler (ContextHandler.java:doStop(910)) - Stopped o.e.j.w.WebAppContext@408573b1{/,null,UNAVAILABLE}{/hddsDatanode}
2019-07-29 15:22:13,517 INFO  server.AbstractConnector (AbstractConnector.java:doStop(318)) - Stopped ServerConnector@5b7600ec{HTTP/1.1,[http/1.1]}{0.0.0.0:0}
2019-07-29 15:22:13,518 INFO  handler.ContextHandler (ContextHandler.java:doStop(910)) - Stopped o.e.j.s.ServletContextHandler@48149568{/static,jar:file:/home/user/.m2/repository/org/apache/hadoop/hadoop-hdds-container-service/0.4.1-SNAPSHOT/hadoop-hdds-container-service-0.4.1-SNAPSHOT.jar!/webapps/static,UNAVAILABLE}
2019-07-29 15:22:13,518 INFO  handler.ContextHandler (ContextHandler.java:doStop(910)) - Stopped o.e.j.s.ServletContextHandler@a1143cc{/logs,file:///workdir/hadoop-ozone/integration-test/target/log,UNAVAILABLE}
2019-07-29 15:22:13,520 INFO  datanode.ObjectStoreHandler (ObjectStoreHandler.java:close(155)) - Closing ObjectStoreHandler.
2019-07-29 15:22:13,520 INFO  ozone.HddsDatanodeService (HddsDatanodeService.java:stop(451)) - Stopped plug-in org.apache.hadoop.ozone.web.OzoneHddsDatanodeService@4b93a232
2019-07-29 15:22:13,526 INFO  statemachine.DatanodeStateMachine (DatanodeStateMachine.java:stopDaemon(395)) - Ozone container server stopped.
2019-07-29 15:22:13,531 INFO  handler.ContextHandler (ContextHandler.java:doStop(910)) - Stopped o.e.j.w.WebAppContext@624baf71{/,null,UNAVAILABLE}{/hddsDatanode}
2019-07-29 15:22:13,531 INFO  server.AbstractConnector (AbstractConnector.java:doStop(318)) - Stopped ServerConnector@70799ca7{HTTP/1.1,[http/1.1]}{0.0.0.0:0}
2019-07-29 15:22:13,533 INFO  handler.ContextHandler (ContextHandler.java:doStop(910)) - Stopped o.e.j.s.ServletContextHandler@6153aca1{/static,jar:file:/home/user/.m2/repository/org/apache/hadoop/hadoop-hdds-container-service/0.4.1-SNAPSHOT/hadoop-hdds-container-service-0.4.1-SNAPSHOT.jar!/webapps/static,UNAVAILABLE}
2019-07-29 15:22:13,534 INFO  handler.ContextHandler (ContextHandler.java:doStop(910)) - Stopped o.e.j.s.ServletContextHandler@184e5c44{/logs,file:///workdir/hadoop-ozone/integration-test/target/log,UNAVAILABLE}
2019-07-29 15:22:13,535 INFO  datanode.ObjectStoreHandler (ObjectStoreHandler.java:close(155)) - Closing ObjectStoreHandler.
2019-07-29 15:22:13,535 INFO  ozone.HddsDatanodeService (HddsDatanodeService.java:stop(451)) - Stopped plug-in org.apache.hadoop.ozone.web.OzoneHddsDatanodeService@118d7e0e
2019-07-29 15:22:14,051 INFO  statemachine.DatanodeStateMachine (DatanodeStateMachine.java:lambda$startDaemon$0(350)) - Ozone container server started.
2019-07-29 15:22:14,316 INFO  statemachine.DatanodeStateMachine (DatanodeStateMachine.java:lambda$startDaemon$0(350)) - Ozone container server started.
2019-07-29 15:22:16,838 INFO  impl.FollowerState (FollowerState.java:run(106)) - 945d3641-7a53-4648-9e30-b458d7e8703c:group-884A75F1CF8B changes to CANDIDATE, lastRpcTime:8567, electionTimeout:5016ms
2019-07-29 15:22:16,838 INFO  impl.RoleInfo (RoleInfo.java:shutdownFollowerState(121)) - 945d3641-7a53-4648-9e30-b458d7e8703c: shutdown FollowerState
2019-07-29 15:22:16,838 INFO  impl.RaftServerImpl (RaftServerImpl.java:setRole(171)) - 945d3641-7a53-4648-9e30-b458d7e8703c:group-884A75F1CF8B changes role from FOLLOWER to CANDIDATE at term 2 for changeToCandidate
2019-07-29 15:22:16,838 INFO  impl.RoleInfo (RoleInfo.java:updateAndGet(143)) - 945d3641-7a53-4648-9e30-b458d7e8703c: start LeaderElection
2019-07-29 15:22:16,839 INFO  impl.RaftServerImpl (ServerState.java:setLeader(263)) - 945d3641-7a53-4648-9e30-b458d7e8703c:group-884A75F1CF8B change Leader from 6ac22818-cdca-4d71-9cf8-b397b04daa4f to null at term 2 for initElection
2019-07-29 15:22:16,854 INFO  impl.LeaderElection (LeaderElection.java:askForVotes(181)) - 945d3641-7a53-4648-9e30-b458d7e8703c:group-884A75F1CF8B:LeaderElection75: begin an election at term 3 for 0: [945d3641-7a53-4648-9e30-b458d7e8703c:192.168.157.194:36927, 6ac22818-cdca-4d71-9cf8-b397b04daa4f:192.168.157.194:41668, 9705bf9f-4f79-40e1-9d63-8b56fa695f58:192.168.157.194:39210], old=null
2019-07-29 15:22:16,856 INFO  impl.LeaderElection (LogUtils.java:infoOrTrace(149)) - 945d3641-7a53-4648-9e30-b458d7e8703c:group-884A75F1CF8B:LeaderElection75 got exception when requesting votes: {}
java.util.concurrent.ExecutionException: org.apache.ratis.thirdparty.io.grpc.StatusRuntimeException: UNAVAILABLE: io exception
	at java.util.concurrent.FutureTask.report(FutureTask.java:122)
	at java.util.concurrent.FutureTask.get(FutureTask.java:192)
	at org.apache.ratis.server.impl.LeaderElection.waitForResults(LeaderElection.java:262)
	at org.apache.ratis.server.impl.LeaderElection.askForVotes(LeaderElection.java:200)
	at org.apache.ratis.server.impl.LeaderElection.run(LeaderElection.java:130)
	at java.lang.Thread.run(Thread.java:748)
Caused by: org.apache.ratis.thirdparty.io.grpc.StatusRuntimeException: UNAVAILABLE: io exception
	at org.apache.ratis.thirdparty.io.grpc.stub.ClientCalls.toStatusRuntimeException(ClientCalls.java:233)
	at org.apache.ratis.thirdparty.io.grpc.stub.ClientCalls.getUnchecked(ClientCalls.java:214)
	at org.apache.ratis.thirdparty.io.grpc.stub.ClientCalls.blockingUnaryCall(ClientCalls.java:139)
	at org.apache.ratis.proto.grpc.RaftServerProtocolServiceGrpc$RaftServerProtocolServiceBlockingStub.requestVote(RaftServerProtocolServiceGrpc.java:265)
	at org.apache.ratis.grpc.server.GrpcServerProtocolClient.requestVote(GrpcServerProtocolClient.java:83)
	at org.apache.ratis.grpc.server.GrpcService.requestVote(GrpcService.java:195)
	at org.apache.ratis.server.impl.LeaderElection.lambda$submitRequests$1(LeaderElection.java:237)
	at java.util.concurrent.FutureTask.run(FutureTask.java:266)
	at java.util.concurrent.Executors$RunnableAdapter.call(Executors.java:511)
	at java.util.concurrent.FutureTask.run(FutureTask.java:266)
	at java.util.concurrent.ThreadPoolExecutor.runWorker(ThreadPoolExecutor.java:1149)
	at java.util.concurrent.ThreadPoolExecutor$Worker.run(ThreadPoolExecutor.java:624)
	... 1 more
Caused by: org.apache.ratis.thirdparty.io.netty.channel.AbstractChannel$AnnotatedConnectException: Connection refused: /192.168.157.194:39210
	at sun.nio.ch.SocketChannelImpl.checkConnect(Native Method)
	at sun.nio.ch.SocketChannelImpl.finishConnect(SocketChannelImpl.java:717)
	at org.apache.ratis.thirdparty.io.netty.channel.socket.nio.NioSocketChannel.doFinishConnect(NioSocketChannel.java:327)
	at org.apache.ratis.thirdparty.io.netty.channel.nio.AbstractNioChannel$AbstractNioUnsafe.finishConnect(AbstractNioChannel.java:340)
	at org.apache.ratis.thirdparty.io.netty.channel.nio.NioEventLoop.processSelectedKey(NioEventLoop.java:632)
	at org.apache.ratis.thirdparty.io.netty.channel.nio.NioEventLoop.processSelectedKeysOptimized(NioEventLoop.java:579)
	at org.apache.ratis.thirdparty.io.netty.channel.nio.NioEventLoop.processSelectedKeys(NioEventLoop.java:496)
	at org.apache.ratis.thirdparty.io.netty.channel.nio.NioEventLoop.run(NioEventLoop.java:458)
	at org.apache.ratis.thirdparty.io.netty.util.concurrent.SingleThreadEventExecutor$5.run(SingleThreadEventExecutor.java:897)
	at org.apache.ratis.thirdparty.io.netty.util.concurrent.FastThreadLocalRunnable.run(FastThreadLocalRunnable.java:30)
	... 1 more
Caused by: java.net.ConnectException: Connection refused
	... 11 more
2019-07-29 15:22:16,860 INFO  impl.LeaderElection (LogUtils.java:infoOrTrace(149)) - 945d3641-7a53-4648-9e30-b458d7e8703c:group-884A75F1CF8B:LeaderElection75 got exception when requesting votes: {}
java.util.concurrent.ExecutionException: org.apache.ratis.thirdparty.io.grpc.StatusRuntimeException: UNAVAILABLE: io exception
	at java.util.concurrent.FutureTask.report(FutureTask.java:122)
	at java.util.concurrent.FutureTask.get(FutureTask.java:192)
	at org.apache.ratis.server.impl.LeaderElection.waitForResults(LeaderElection.java:262)
	at org.apache.ratis.server.impl.LeaderElection.askForVotes(LeaderElection.java:200)
	at org.apache.ratis.server.impl.LeaderElection.run(LeaderElection.java:130)
	at java.lang.Thread.run(Thread.java:748)
Caused by: org.apache.ratis.thirdparty.io.grpc.StatusRuntimeException: UNAVAILABLE: io exception
	at org.apache.ratis.thirdparty.io.grpc.stub.ClientCalls.toStatusRuntimeException(ClientCalls.java:233)
	at org.apache.ratis.thirdparty.io.grpc.stub.ClientCalls.getUnchecked(ClientCalls.java:214)
	at org.apache.ratis.thirdparty.io.grpc.stub.ClientCalls.blockingUnaryCall(ClientCalls.java:139)
	at org.apache.ratis.proto.grpc.RaftServerProtocolServiceGrpc$RaftServerProtocolServiceBlockingStub.requestVote(RaftServerProtocolServiceGrpc.java:265)
	at org.apache.ratis.grpc.server.GrpcServerProtocolClient.requestVote(GrpcServerProtocolClient.java:83)
	at org.apache.ratis.grpc.server.GrpcService.requestVote(GrpcService.java:195)
	at org.apache.ratis.server.impl.LeaderElection.lambda$submitRequests$1(LeaderElection.java:237)
	at java.util.concurrent.FutureTask.run(FutureTask.java:266)
	at java.util.concurrent.Executors$RunnableAdapter.call(Executors.java:511)
	at java.util.concurrent.FutureTask.run(FutureTask.java:266)
	at java.util.concurrent.ThreadPoolExecutor.runWorker(ThreadPoolExecutor.java:1149)
	at java.util.concurrent.ThreadPoolExecutor$Worker.run(ThreadPoolExecutor.java:624)
	... 1 more
Caused by: org.apache.ratis.thirdparty.io.netty.channel.AbstractChannel$AnnotatedConnectException: Connection refused: /192.168.157.194:41668
	at sun.nio.ch.SocketChannelImpl.checkConnect(Native Method)
	at sun.nio.ch.SocketChannelImpl.finishConnect(SocketChannelImpl.java:717)
	at org.apache.ratis.thirdparty.io.netty.channel.socket.nio.NioSocketChannel.doFinishConnect(NioSocketChannel.java:327)
	at org.apache.ratis.thirdparty.io.netty.channel.nio.AbstractNioChannel$AbstractNioUnsafe.finishConnect(AbstractNioChannel.java:340)
	at org.apache.ratis.thirdparty.io.netty.channel.nio.NioEventLoop.processSelectedKey(NioEventLoop.java:632)
	at org.apache.ratis.thirdparty.io.netty.channel.nio.NioEventLoop.processSelectedKeysOptimized(NioEventLoop.java:579)
	at org.apache.ratis.thirdparty.io.netty.channel.nio.NioEventLoop.processSelectedKeys(NioEventLoop.java:496)
	at org.apache.ratis.thirdparty.io.netty.channel.nio.NioEventLoop.run(NioEventLoop.java:458)
	at org.apache.ratis.thirdparty.io.netty.util.concurrent.SingleThreadEventExecutor$5.run(SingleThreadEventExecutor.java:897)
	at org.apache.ratis.thirdparty.io.netty.util.concurrent.FastThreadLocalRunnable.run(FastThreadLocalRunnable.java:30)
	... 1 more
Caused by: java.net.ConnectException: Connection refused
	... 11 more
2019-07-29 15:22:16,862 INFO  impl.LeaderElection (LeaderElection.java:logAndReturn(56)) - 945d3641-7a53-4648-9e30-b458d7e8703c:group-884A75F1CF8B:LeaderElection75: Election REJECTED; received 0 response(s) [] and 2 exception(s); 945d3641-7a53-4648-9e30-b458d7e8703c:t3, leader=null, voted=945d3641-7a53-4648-9e30-b458d7e8703c, raftlog=945d3641-7a53-4648-9e30-b458d7e8703c-SegmentedRaftLog:OPENED:c16,f16,i16, conf=0: [945d3641-7a53-4648-9e30-b458d7e8703c:192.168.157.194:36927, 6ac22818-cdca-4d71-9cf8-b397b04daa4f:192.168.157.194:41668, 9705bf9f-4f79-40e1-9d63-8b56fa695f58:192.168.157.194:39210], old=null
2019-07-29 15:22:16,862 INFO  impl.LeaderElection (LogUtils.java:infoOrTrace(149)) -   Exception 0: {}
java.util.concurrent.ExecutionException: org.apache.ratis.thirdparty.io.grpc.StatusRuntimeException: UNAVAILABLE: io exception
	at java.util.concurrent.FutureTask.report(FutureTask.java:122)
	at java.util.concurrent.FutureTask.get(FutureTask.java:192)
	at org.apache.ratis.server.impl.LeaderElection.waitForResults(LeaderElection.java:262)
	at org.apache.ratis.server.impl.LeaderElection.askForVotes(LeaderElection.java:200)
	at org.apache.ratis.server.impl.LeaderElection.run(LeaderElection.java:130)
	at java.lang.Thread.run(Thread.java:748)
Caused by: org.apache.ratis.thirdparty.io.grpc.StatusRuntimeException: UNAVAILABLE: io exception
	at org.apache.ratis.thirdparty.io.grpc.stub.ClientCalls.toStatusRuntimeException(ClientCalls.java:233)
	at org.apache.ratis.thirdparty.io.grpc.stub.ClientCalls.getUnchecked(ClientCalls.java:214)
	at org.apache.ratis.thirdparty.io.grpc.stub.ClientCalls.blockingUnaryCall(ClientCalls.java:139)
	at org.apache.ratis.proto.grpc.RaftServerProtocolServiceGrpc$RaftServerProtocolServiceBlockingStub.requestVote(RaftServerProtocolServiceGrpc.java:265)
	at org.apache.ratis.grpc.server.GrpcServerProtocolClient.requestVote(GrpcServerProtocolClient.java:83)
	at org.apache.ratis.grpc.server.GrpcService.requestVote(GrpcService.java:195)
	at org.apache.ratis.server.impl.LeaderElection.lambda$submitRequests$1(LeaderElection.java:237)
	at java.util.concurrent.FutureTask.run(FutureTask.java:266)
	at java.util.concurrent.Executors$RunnableAdapter.call(Executors.java:511)
	at java.util.concurrent.FutureTask.run(FutureTask.java:266)
	at java.util.concurrent.ThreadPoolExecutor.runWorker(ThreadPoolExecutor.java:1149)
	at java.util.concurrent.ThreadPoolExecutor$Worker.run(ThreadPoolExecutor.java:624)
	... 1 more
Caused by: org.apache.ratis.thirdparty.io.netty.channel.AbstractChannel$AnnotatedConnectException: Connection refused: /192.168.157.194:39210
	at sun.nio.ch.SocketChannelImpl.checkConnect(Native Method)
	at sun.nio.ch.SocketChannelImpl.finishConnect(SocketChannelImpl.java:717)
	at org.apache.ratis.thirdparty.io.netty.channel.socket.nio.NioSocketChannel.doFinishConnect(NioSocketChannel.java:327)
	at org.apache.ratis.thirdparty.io.netty.channel.nio.AbstractNioChannel$AbstractNioUnsafe.finishConnect(AbstractNioChannel.java:340)
	at org.apache.ratis.thirdparty.io.netty.channel.nio.NioEventLoop.processSelectedKey(NioEventLoop.java:632)
	at org.apache.ratis.thirdparty.io.netty.channel.nio.NioEventLoop.processSelectedKeysOptimized(NioEventLoop.java:579)
	at org.apache.ratis.thirdparty.io.netty.channel.nio.NioEventLoop.processSelectedKeys(NioEventLoop.java:496)
	at org.apache.ratis.thirdparty.io.netty.channel.nio.NioEventLoop.run(NioEventLoop.java:458)
	at org.apache.ratis.thirdparty.io.netty.util.concurrent.SingleThreadEventExecutor$5.run(SingleThreadEventExecutor.java:897)
	at org.apache.ratis.thirdparty.io.netty.util.concurrent.FastThreadLocalRunnable.run(FastThreadLocalRunnable.java:30)
	... 1 more
Caused by: java.net.ConnectException: Connection refused
	... 11 more
2019-07-29 15:22:16,862 INFO  impl.LeaderElection (LogUtils.java:infoOrTrace(149)) -   Exception 1: {}
java.util.concurrent.ExecutionException: org.apache.ratis.thirdparty.io.grpc.StatusRuntimeException: UNAVAILABLE: io exception
	at java.util.concurrent.FutureTask.report(FutureTask.java:122)
	at java.util.concurrent.FutureTask.get(FutureTask.java:192)
	at org.apache.ratis.server.impl.LeaderElection.waitForResults(LeaderElection.java:262)
	at org.apache.ratis.server.impl.LeaderElection.askForVotes(LeaderElection.java:200)
	at org.apache.ratis.server.impl.LeaderElection.run(LeaderElection.java:130)
	at java.lang.Thread.run(Thread.java:748)
Caused by: org.apache.ratis.thirdparty.io.grpc.StatusRuntimeException: UNAVAILABLE: io exception
	at org.apache.ratis.thirdparty.io.grpc.stub.ClientCalls.toStatusRuntimeException(ClientCalls.java:233)
	at org.apache.ratis.thirdparty.io.grpc.stub.ClientCalls.getUnchecked(ClientCalls.java:214)
	at org.apache.ratis.thirdparty.io.grpc.stub.ClientCalls.blockingUnaryCall(ClientCalls.java:139)
	at org.apache.ratis.proto.grpc.RaftServerProtocolServiceGrpc$RaftServerProtocolServiceBlockingStub.requestVote(RaftServerProtocolServiceGrpc.java:265)
	at org.apache.ratis.grpc.server.GrpcServerProtocolClient.requestVote(GrpcServerProtocolClient.java:83)
	at org.apache.ratis.grpc.server.GrpcService.requestVote(GrpcService.java:195)
	at org.apache.ratis.server.impl.LeaderElection.lambda$submitRequests$1(LeaderElection.java:237)
	at java.util.concurrent.FutureTask.run(FutureTask.java:266)
	at java.util.concurrent.Executors$RunnableAdapter.call(Executors.java:511)
	at java.util.concurrent.FutureTask.run(FutureTask.java:266)
	at java.util.concurrent.ThreadPoolExecutor.runWorker(ThreadPoolExecutor.java:1149)
	at java.util.concurrent.ThreadPoolExecutor$Worker.run(ThreadPoolExecutor.java:624)
	... 1 more
Caused by: org.apache.ratis.thirdparty.io.netty.channel.AbstractChannel$AnnotatedConnectException: Connection refused: /192.168.157.194:41668
	at sun.nio.ch.SocketChannelImpl.checkConnect(Native Method)
	at sun.nio.ch.SocketChannelImpl.finishConnect(SocketChannelImpl.java:717)
	at org.apache.ratis.thirdparty.io.netty.channel.socket.nio.NioSocketChannel.doFinishConnect(NioSocketChannel.java:327)
	at org.apache.ratis.thirdparty.io.netty.channel.nio.AbstractNioChannel$AbstractNioUnsafe.finishConnect(AbstractNioChannel.java:340)
	at org.apache.ratis.thirdparty.io.netty.channel.nio.NioEventLoop.processSelectedKey(NioEventLoop.java:632)
	at org.apache.ratis.thirdparty.io.netty.channel.nio.NioEventLoop.processSelectedKeysOptimized(NioEventLoop.java:579)
	at org.apache.ratis.thirdparty.io.netty.channel.nio.NioEventLoop.processSelectedKeys(NioEventLoop.java:496)
	at org.apache.ratis.thirdparty.io.netty.channel.nio.NioEventLoop.run(NioEventLoop.java:458)
	at org.apache.ratis.thirdparty.io.netty.util.concurrent.SingleThreadEventExecutor$5.run(SingleThreadEventExecutor.java:897)
	at org.apache.ratis.thirdparty.io.netty.util.concurrent.FastThreadLocalRunnable.run(FastThreadLocalRunnable.java:30)
	... 1 more
Caused by: java.net.ConnectException: Connection refused
	... 11 more
2019-07-29 15:22:16,863 INFO  impl.RaftServerImpl (RaftServerImpl.java:setRole(171)) - 945d3641-7a53-4648-9e30-b458d7e8703c:group-884A75F1CF8B changes role from CANDIDATE to FOLLOWER at term 3 for DISCOVERED_A_NEW_TERM
2019-07-29 15:22:16,863 INFO  impl.RoleInfo (RoleInfo.java:shutdownLeaderElection(134)) - 945d3641-7a53-4648-9e30-b458d7e8703c: shutdown LeaderElection
2019-07-29 15:22:16,863 INFO  impl.RoleInfo (RoleInfo.java:updateAndGet(143)) - 945d3641-7a53-4648-9e30-b458d7e8703c: start FollowerState
2019-07-29 15:22:17,481 INFO  impl.FollowerState (FollowerState.java:run(106)) - ea7b7c0e-fb12-41ce-8f6a-536568e7c128:group-C9F0E8A3F2C0 changes to CANDIDATE, lastRpcTime:5025, electionTimeout:5025ms
2019-07-29 15:22:17,481 INFO  impl.RoleInfo (RoleInfo.java:shutdownFollowerState(121)) - ea7b7c0e-fb12-41ce-8f6a-536568e7c128: shutdown FollowerState
2019-07-29 15:22:17,481 INFO  impl.RaftServerImpl (RaftServerImpl.java:setRole(171)) - ea7b7c0e-fb12-41ce-8f6a-536568e7c128:group-C9F0E8A3F2C0 changes role from FOLLOWER to CANDIDATE at term 3 for changeToCandidate
2019-07-29 15:22:17,481 INFO  impl.RoleInfo (RoleInfo.java:updateAndGet(143)) - ea7b7c0e-fb12-41ce-8f6a-536568e7c128: start LeaderElection
2019-07-29 15:22:17,496 INFO  impl.LeaderElection (LeaderElection.java:askForVotes(181)) - ea7b7c0e-fb12-41ce-8f6a-536568e7c128:group-C9F0E8A3F2C0:LeaderElection76: begin an election at term 4 for 17: [fa9d0e52-a768-41c3-8968-008b1a8ad335:192.168.157.194:44036, ea7b7c0e-fb12-41ce-8f6a-536568e7c128:192.168.157.194:35645, 53a34721-2cd9-447b-bbac-6aced2b729b1:192.168.157.194:40688], old=null
2019-07-29 15:22:17,497 INFO  impl.LeaderElection (LogUtils.java:infoOrTrace(149)) - ea7b7c0e-fb12-41ce-8f6a-536568e7c128:group-C9F0E8A3F2C0:LeaderElection76 got exception when requesting votes: {}
java.util.concurrent.ExecutionException: org.apache.ratis.thirdparty.io.grpc.StatusRuntimeException: UNAVAILABLE: io exception
	at java.util.concurrent.FutureTask.report(FutureTask.java:122)
	at java.util.concurrent.FutureTask.get(FutureTask.java:192)
	at org.apache.ratis.server.impl.LeaderElection.waitForResults(LeaderElection.java:262)
	at org.apache.ratis.server.impl.LeaderElection.askForVotes(LeaderElection.java:200)
	at org.apache.ratis.server.impl.LeaderElection.run(LeaderElection.java:130)
	at java.lang.Thread.run(Thread.java:748)
Caused by: org.apache.ratis.thirdparty.io.grpc.StatusRuntimeException: UNAVAILABLE: io exception
	at org.apache.ratis.thirdparty.io.grpc.stub.ClientCalls.toStatusRuntimeException(ClientCalls.java:233)
	at org.apache.ratis.thirdparty.io.grpc.stub.ClientCalls.getUnchecked(ClientCalls.java:214)
	at org.apache.ratis.thirdparty.io.grpc.stub.ClientCalls.blockingUnaryCall(ClientCalls.java:139)
	at org.apache.ratis.proto.grpc.RaftServerProtocolServiceGrpc$RaftServerProtocolServiceBlockingStub.requestVote(RaftServerProtocolServiceGrpc.java:265)
	at org.apache.ratis.grpc.server.GrpcServerProtocolClient.requestVote(GrpcServerProtocolClient.java:83)
	at org.apache.ratis.grpc.server.GrpcService.requestVote(GrpcService.java:195)
	at org.apache.ratis.server.impl.LeaderElection.lambda$submitRequests$1(LeaderElection.java:237)
	at java.util.concurrent.FutureTask.run(FutureTask.java:266)
	at java.util.concurrent.Executors$RunnableAdapter.call(Executors.java:511)
	at java.util.concurrent.FutureTask.run(FutureTask.java:266)
	at java.util.concurrent.ThreadPoolExecutor.runWorker(ThreadPoolExecutor.java:1149)
	at java.util.concurrent.ThreadPoolExecutor$Worker.run(ThreadPoolExecutor.java:624)
	... 1 more
Caused by: org.apache.ratis.thirdparty.io.netty.channel.AbstractChannel$AnnotatedConnectException: Connection refused: /192.168.157.194:44036
	at sun.nio.ch.SocketChannelImpl.checkConnect(Native Method)
	at sun.nio.ch.SocketChannelImpl.finishConnect(SocketChannelImpl.java:717)
	at org.apache.ratis.thirdparty.io.netty.channel.socket.nio.NioSocketChannel.doFinishConnect(NioSocketChannel.java:327)
	at org.apache.ratis.thirdparty.io.netty.channel.nio.AbstractNioChannel$AbstractNioUnsafe.finishConnect(AbstractNioChannel.java:340)
	at org.apache.ratis.thirdparty.io.netty.channel.nio.NioEventLoop.processSelectedKey(NioEventLoop.java:632)
	at org.apache.ratis.thirdparty.io.netty.channel.nio.NioEventLoop.processSelectedKeysOptimized(NioEventLoop.java:579)
	at org.apache.ratis.thirdparty.io.netty.channel.nio.NioEventLoop.processSelectedKeys(NioEventLoop.java:496)
	at org.apache.ratis.thirdparty.io.netty.channel.nio.NioEventLoop.run(NioEventLoop.java:458)
	at org.apache.ratis.thirdparty.io.netty.util.concurrent.SingleThreadEventExecutor$5.run(SingleThreadEventExecutor.java:897)
	at org.apache.ratis.thirdparty.io.netty.util.concurrent.FastThreadLocalRunnable.run(FastThreadLocalRunnable.java:30)
	... 1 more
Caused by: java.net.ConnectException: Connection refused
	... 11 more
2019-07-29 15:22:17,500 INFO  impl.LeaderElection (LogUtils.java:infoOrTrace(149)) - ea7b7c0e-fb12-41ce-8f6a-536568e7c128:group-C9F0E8A3F2C0:LeaderElection76 got exception when requesting votes: {}
java.util.concurrent.ExecutionException: org.apache.ratis.thirdparty.io.grpc.StatusRuntimeException: UNAVAILABLE: io exception
	at java.util.concurrent.FutureTask.report(FutureTask.java:122)
	at java.util.concurrent.FutureTask.get(FutureTask.java:192)
	at org.apache.ratis.server.impl.LeaderElection.waitForResults(LeaderElection.java:262)
	at org.apache.ratis.server.impl.LeaderElection.askForVotes(LeaderElection.java:200)
	at org.apache.ratis.server.impl.LeaderElection.run(LeaderElection.java:130)
	at java.lang.Thread.run(Thread.java:748)
Caused by: org.apache.ratis.thirdparty.io.grpc.StatusRuntimeException: UNAVAILABLE: io exception
	at org.apache.ratis.thirdparty.io.grpc.stub.ClientCalls.toStatusRuntimeException(ClientCalls.java:233)
	at org.apache.ratis.thirdparty.io.grpc.stub.ClientCalls.getUnchecked(ClientCalls.java:214)
	at org.apache.ratis.thirdparty.io.grpc.stub.ClientCalls.blockingUnaryCall(ClientCalls.java:139)
	at org.apache.ratis.proto.grpc.RaftServerProtocolServiceGrpc$RaftServerProtocolServiceBlockingStub.requestVote(RaftServerProtocolServiceGrpc.java:265)
	at org.apache.ratis.grpc.server.GrpcServerProtocolClient.requestVote(GrpcServerProtocolClient.java:83)
	at org.apache.ratis.grpc.server.GrpcService.requestVote(GrpcService.java:195)
	at org.apache.ratis.server.impl.LeaderElection.lambda$submitRequests$1(LeaderElection.java:237)
	at java.util.concurrent.FutureTask.run(FutureTask.java:266)
	at java.util.concurrent.Executors$RunnableAdapter.call(Executors.java:511)
	at java.util.concurrent.FutureTask.run(FutureTask.java:266)
	at java.util.concurrent.ThreadPoolExecutor.runWorker(ThreadPoolExecutor.java:1149)
	at java.util.concurrent.ThreadPoolExecutor$Worker.run(ThreadPoolExecutor.java:624)
	... 1 more
Caused by: org.apache.ratis.thirdparty.io.netty.channel.AbstractChannel$AnnotatedConnectException: Connection refused: /192.168.157.194:40688
	at sun.nio.ch.SocketChannelImpl.checkConnect(Native Method)
	at sun.nio.ch.SocketChannelImpl.finishConnect(SocketChannelImpl.java:717)
	at org.apache.ratis.thirdparty.io.netty.channel.socket.nio.NioSocketChannel.doFinishConnect(NioSocketChannel.java:327)
	at org.apache.ratis.thirdparty.io.netty.channel.nio.AbstractNioChannel$AbstractNioUnsafe.finishConnect(AbstractNioChannel.java:340)
	at org.apache.ratis.thirdparty.io.netty.channel.nio.NioEventLoop.processSelectedKey(NioEventLoop.java:632)
	at org.apache.ratis.thirdparty.io.netty.channel.nio.NioEventLoop.processSelectedKeysOptimized(NioEventLoop.java:579)
	at org.apache.ratis.thirdparty.io.netty.channel.nio.NioEventLoop.processSelectedKeys(NioEventLoop.java:496)
	at org.apache.ratis.thirdparty.io.netty.channel.nio.NioEventLoop.run(NioEventLoop.java:458)
	at org.apache.ratis.thirdparty.io.netty.util.concurrent.SingleThreadEventExecutor$5.run(SingleThreadEventExecutor.java:897)
	at org.apache.ratis.thirdparty.io.netty.util.concurrent.FastThreadLocalRunnable.run(FastThreadLocalRunnable.java:30)
	... 1 more
Caused by: java.net.ConnectException: Connection refused
	... 11 more
2019-07-29 15:22:17,502 INFO  impl.LeaderElection (LeaderElection.java:logAndReturn(56)) - ea7b7c0e-fb12-41ce-8f6a-536568e7c128:group-C9F0E8A3F2C0:LeaderElection76: Election REJECTED; received 0 response(s) [] and 2 exception(s); ea7b7c0e-fb12-41ce-8f6a-536568e7c128:t4, leader=null, voted=ea7b7c0e-fb12-41ce-8f6a-536568e7c128, raftlog=ea7b7c0e-fb12-41ce-8f6a-536568e7c128-SegmentedRaftLog:OPENED:c18,f18,i18, conf=17: [fa9d0e52-a768-41c3-8968-008b1a8ad335:192.168.157.194:44036, ea7b7c0e-fb12-41ce-8f6a-536568e7c128:192.168.157.194:35645, 53a34721-2cd9-447b-bbac-6aced2b729b1:192.168.157.194:40688], old=null
2019-07-29 15:22:17,502 INFO  impl.LeaderElection (LogUtils.java:infoOrTrace(149)) -   Exception 0: {}
java.util.concurrent.ExecutionException: org.apache.ratis.thirdparty.io.grpc.StatusRuntimeException: UNAVAILABLE: io exception
	at java.util.concurrent.FutureTask.report(FutureTask.java:122)
	at java.util.concurrent.FutureTask.get(FutureTask.java:192)
	at org.apache.ratis.server.impl.LeaderElection.waitForResults(LeaderElection.java:262)
	at org.apache.ratis.server.impl.LeaderElection.askForVotes(LeaderElection.java:200)
	at org.apache.ratis.server.impl.LeaderElection.run(LeaderElection.java:130)
	at java.lang.Thread.run(Thread.java:748)
Caused by: org.apache.ratis.thirdparty.io.grpc.StatusRuntimeException: UNAVAILABLE: io exception
	at org.apache.ratis.thirdparty.io.grpc.stub.ClientCalls.toStatusRuntimeException(ClientCalls.java:233)
	at org.apache.ratis.thirdparty.io.grpc.stub.ClientCalls.getUnchecked(ClientCalls.java:214)
	at org.apache.ratis.thirdparty.io.grpc.stub.ClientCalls.blockingUnaryCall(ClientCalls.java:139)
	at org.apache.ratis.proto.grpc.RaftServerProtocolServiceGrpc$RaftServerProtocolServiceBlockingStub.requestVote(RaftServerProtocolServiceGrpc.java:265)
	at org.apache.ratis.grpc.server.GrpcServerProtocolClient.requestVote(GrpcServerProtocolClient.java:83)
	at org.apache.ratis.grpc.server.GrpcService.requestVote(GrpcService.java:195)
	at org.apache.ratis.server.impl.LeaderElection.lambda$submitRequests$1(LeaderElection.java:237)
	at java.util.concurrent.FutureTask.run(FutureTask.java:266)
	at java.util.concurrent.Executors$RunnableAdapter.call(Executors.java:511)
	at java.util.concurrent.FutureTask.run(FutureTask.java:266)
	at java.util.concurrent.ThreadPoolExecutor.runWorker(ThreadPoolExecutor.java:1149)
	at java.util.concurrent.ThreadPoolExecutor$Worker.run(ThreadPoolExecutor.java:624)
	... 1 more
Caused by: org.apache.ratis.thirdparty.io.netty.channel.AbstractChannel$AnnotatedConnectException: Connection refused: /192.168.157.194:44036
	at sun.nio.ch.SocketChannelImpl.checkConnect(Native Method)
	at sun.nio.ch.SocketChannelImpl.finishConnect(SocketChannelImpl.java:717)
	at org.apache.ratis.thirdparty.io.netty.channel.socket.nio.NioSocketChannel.doFinishConnect(NioSocketChannel.java:327)
	at org.apache.ratis.thirdparty.io.netty.channel.nio.AbstractNioChannel$AbstractNioUnsafe.finishConnect(AbstractNioChannel.java:340)
	at org.apache.ratis.thirdparty.io.netty.channel.nio.NioEventLoop.processSelectedKey(NioEventLoop.java:632)
	at org.apache.ratis.thirdparty.io.netty.channel.nio.NioEventLoop.processSelectedKeysOptimized(NioEventLoop.java:579)
	at org.apache.ratis.thirdparty.io.netty.channel.nio.NioEventLoop.processSelectedKeys(NioEventLoop.java:496)
	at org.apache.ratis.thirdparty.io.netty.channel.nio.NioEventLoop.run(NioEventLoop.java:458)
	at org.apache.ratis.thirdparty.io.netty.util.concurrent.SingleThreadEventExecutor$5.run(SingleThreadEventExecutor.java:897)
	at org.apache.ratis.thirdparty.io.netty.util.concurrent.FastThreadLocalRunnable.run(FastThreadLocalRunnable.java:30)
	... 1 more
Caused by: java.net.ConnectException: Connection refused
	... 11 more
2019-07-29 15:22:17,503 INFO  impl.LeaderElection (LogUtils.java:infoOrTrace(149)) -   Exception 1: {}
java.util.concurrent.ExecutionException: org.apache.ratis.thirdparty.io.grpc.StatusRuntimeException: UNAVAILABLE: io exception
	at java.util.concurrent.FutureTask.report(FutureTask.java:122)
	at java.util.concurrent.FutureTask.get(FutureTask.java:192)
	at org.apache.ratis.server.impl.LeaderElection.waitForResults(LeaderElection.java:262)
	at org.apache.ratis.server.impl.LeaderElection.askForVotes(LeaderElection.java:200)
	at org.apache.ratis.server.impl.LeaderElection.run(LeaderElection.java:130)
	at java.lang.Thread.run(Thread.java:748)
Caused by: org.apache.ratis.thirdparty.io.grpc.StatusRuntimeException: UNAVAILABLE: io exception
	at org.apache.ratis.thirdparty.io.grpc.stub.ClientCalls.toStatusRuntimeException(ClientCalls.java:233)
	at org.apache.ratis.thirdparty.io.grpc.stub.ClientCalls.getUnchecked(ClientCalls.java:214)
	at org.apache.ratis.thirdparty.io.grpc.stub.ClientCalls.blockingUnaryCall(ClientCalls.java:139)
	at org.apache.ratis.proto.grpc.RaftServerProtocolServiceGrpc$RaftServerProtocolServiceBlockingStub.requestVote(RaftServerProtocolServiceGrpc.java:265)
	at org.apache.ratis.grpc.server.GrpcServerProtocolClient.requestVote(GrpcServerProtocolClient.java:83)
	at org.apache.ratis.grpc.server.GrpcService.requestVote(GrpcService.java:195)
	at org.apache.ratis.server.impl.LeaderElection.lambda$submitRequests$1(LeaderElection.java:237)
	at java.util.concurrent.FutureTask.run(FutureTask.java:266)
	at java.util.concurrent.Executors$RunnableAdapter.call(Executors.java:511)
	at java.util.concurrent.FutureTask.run(FutureTask.java:266)
	at java.util.concurrent.ThreadPoolExecutor.runWorker(ThreadPoolExecutor.java:1149)
	at java.util.concurrent.ThreadPoolExecutor$Worker.run(ThreadPoolExecutor.java:624)
	... 1 more
Caused by: org.apache.ratis.thirdparty.io.netty.channel.AbstractChannel$AnnotatedConnectException: Connection refused: /192.168.157.194:40688
	at sun.nio.ch.SocketChannelImpl.checkConnect(Native Method)
	at sun.nio.ch.SocketChannelImpl.finishConnect(SocketChannelImpl.java:717)
	at org.apache.ratis.thirdparty.io.netty.channel.socket.nio.NioSocketChannel.doFinishConnect(NioSocketChannel.java:327)
	at org.apache.ratis.thirdparty.io.netty.channel.nio.AbstractNioChannel$AbstractNioUnsafe.finishConnect(AbstractNioChannel.java:340)
	at org.apache.ratis.thirdparty.io.netty.channel.nio.NioEventLoop.processSelectedKey(NioEventLoop.java:632)
	at org.apache.ratis.thirdparty.io.netty.channel.nio.NioEventLoop.processSelectedKeysOptimized(NioEventLoop.java:579)
	at org.apache.ratis.thirdparty.io.netty.channel.nio.NioEventLoop.processSelectedKeys(NioEventLoop.java:496)
	at org.apache.ratis.thirdparty.io.netty.channel.nio.NioEventLoop.run(NioEventLoop.java:458)
	at org.apache.ratis.thirdparty.io.netty.util.concurrent.SingleThreadEventExecutor$5.run(SingleThreadEventExecutor.java:897)
	at org.apache.ratis.thirdparty.io.netty.util.concurrent.FastThreadLocalRunnable.run(FastThreadLocalRunnable.java:30)
	... 1 more
Caused by: java.net.ConnectException: Connection refused
	... 11 more
2019-07-29 15:22:17,503 INFO  impl.RaftServerImpl (RaftServerImpl.java:setRole(171)) - ea7b7c0e-fb12-41ce-8f6a-536568e7c128:group-C9F0E8A3F2C0 changes role from CANDIDATE to FOLLOWER at term 4 for DISCOVERED_A_NEW_TERM
2019-07-29 15:22:17,503 INFO  impl.RoleInfo (RoleInfo.java:shutdownLeaderElection(134)) - ea7b7c0e-fb12-41ce-8f6a-536568e7c128: shutdown LeaderElection
2019-07-29 15:22:17,503 INFO  impl.RoleInfo (RoleInfo.java:updateAndGet(143)) - ea7b7c0e-fb12-41ce-8f6a-536568e7c128: start FollowerState
2019-07-29 15:22:18,149 INFO  node.StaleNodeHandler (StaleNodeHandler.java:onMessage(58)) - Datanode 945d3641-7a53-4648-9e30-b458d7e8703c{ip: 192.168.157.194, host: byscane-nightly-74r8j-760408800, networkLocation: /default-rack, certSerialId: null} moved to stale state. Finalizing its pipelines [PipelineID=016c1512-e650-470c-b621-884a75f1cf8b, PipelineID=fc0d4d48-034a-46a9-9095-3689a7c30364]
2019-07-29 15:22:18,149 INFO  pipeline.SCMPipelineManager (SCMPipelineManager.java:finalizeAndDestroyPipeline(309)) - destroying pipeline:Pipeline[ Id: 016c1512-e650-470c-b621-884a75f1cf8b, Nodes: 9705bf9f-4f79-40e1-9d63-8b56fa695f58{ip: 192.168.157.194, host: byscane-nightly-74r8j-760408800, networkLocation: /default-rack, certSerialId: null}945d3641-7a53-4648-9e30-b458d7e8703c{ip: 192.168.157.194, host: byscane-nightly-74r8j-760408800, networkLocation: /default-rack, certSerialId: null}6ac22818-cdca-4d71-9cf8-b397b04daa4f{ip: 192.168.157.194, host: byscane-nightly-74r8j-760408800, networkLocation: /default-rack, certSerialId: null}, Type:RATIS, Factor:THREE, State:CLOSED]
2019-07-29 15:22:18,150 INFO  pipeline.SCMPipelineManager (SCMPipelineManager.java:finalizeAndDestroyPipeline(309)) - destroying pipeline:Pipeline[ Id: fc0d4d48-034a-46a9-9095-3689a7c30364, Nodes: 945d3641-7a53-4648-9e30-b458d7e8703c{ip: 192.168.157.194, host: byscane-nightly-74r8j-760408800, networkLocation: /default-rack, certSerialId: null}, Type:RATIS, Factor:ONE, State:OPEN]
2019-07-29 15:22:18,150 INFO  pipeline.PipelineStateManager (PipelineStateManager.java:finalizePipeline(123)) - Pipeline Pipeline[ Id: fc0d4d48-034a-46a9-9095-3689a7c30364, Nodes: 945d3641-7a53-4648-9e30-b458d7e8703c{ip: 192.168.157.194, host: byscane-nightly-74r8j-760408800, networkLocation: /default-rack, certSerialId: null}, Type:RATIS, Factor:ONE, State:CLOSED] moved to CLOSED state
2019-07-29 15:22:18,349 INFO  node.StaleNodeHandler (StaleNodeHandler.java:onMessage(58)) - Datanode ea7b7c0e-fb12-41ce-8f6a-536568e7c128{ip: 192.168.157.194, host: byscane-nightly-74r8j-760408800, networkLocation: /default-rack, certSerialId: null} moved to stale state. Finalizing its pipelines [PipelineID=5b458a6c-f728-4a81-81b1-306ef0e70560, PipelineID=fe6790ca-0ab6-4cc5-9680-c9f0e8a3f2c0]
2019-07-29 15:22:18,350 INFO  pipeline.SCMPipelineManager (SCMPipelineManager.java:finalizeAndDestroyPipeline(309)) - destroying pipeline:Pipeline[ Id: 5b458a6c-f728-4a81-81b1-306ef0e70560, Nodes: ea7b7c0e-fb12-41ce-8f6a-536568e7c128{ip: 192.168.157.194, host: byscane-nightly-74r8j-760408800, networkLocation: /default-rack, certSerialId: null}, Type:RATIS, Factor:ONE, State:OPEN]
2019-07-29 15:22:18,350 INFO  pipeline.PipelineStateManager (PipelineStateManager.java:finalizePipeline(123)) - Pipeline Pipeline[ Id: 5b458a6c-f728-4a81-81b1-306ef0e70560, Nodes: ea7b7c0e-fb12-41ce-8f6a-536568e7c128{ip: 192.168.157.194, host: byscane-nightly-74r8j-760408800, networkLocation: /default-rack, certSerialId: null}, Type:RATIS, Factor:ONE, State:CLOSED] moved to CLOSED state
2019-07-29 15:22:18,350 INFO  pipeline.SCMPipelineManager (SCMPipelineManager.java:finalizeAndDestroyPipeline(309)) - destroying pipeline:Pipeline[ Id: fe6790ca-0ab6-4cc5-9680-c9f0e8a3f2c0, Nodes: 53a34721-2cd9-447b-bbac-6aced2b729b1{ip: 192.168.157.194, host: byscane-nightly-74r8j-760408800, networkLocation: /default-rack, certSerialId: null}fa9d0e52-a768-41c3-8968-008b1a8ad335{ip: 192.168.157.194, host: byscane-nightly-74r8j-760408800, networkLocation: /default-rack, certSerialId: null}ea7b7c0e-fb12-41ce-8f6a-536568e7c128{ip: 192.168.157.194, host: byscane-nightly-74r8j-760408800, networkLocation: /default-rack, certSerialId: null}, Type:RATIS, Factor:THREE, State:CLOSED]
2019-07-29 15:22:18,521 INFO  ozoneimpl.OzoneContainer (OzoneContainer.java:stop(199)) - Attempting to stop container services.
2019-07-29 15:22:18,522 INFO  impl.RaftServerProxy (RaftServerProxy.java:lambda$close$4(314)) - ea7b7c0e-fb12-41ce-8f6a-536568e7c128: close
2019-07-29 15:22:18,522 INFO  impl.RaftServerImpl (RaftServerImpl.java:lambda$shutdown$3(245)) - ea7b7c0e-fb12-41ce-8f6a-536568e7c128: shutdown group-306EF0E70560
2019-07-29 15:22:18,523 INFO  util.JmxRegister (JmxRegister.java:unregister(73)) - Successfully un-registered JMX Bean with object name Ratis:service=RaftServer,group=group-306EF0E70560,id=ea7b7c0e-fb12-41ce-8f6a-536568e7c128
2019-07-29 15:22:18,523 INFO  impl.RoleInfo (RoleInfo.java:shutdownLeaderState(104)) - ea7b7c0e-fb12-41ce-8f6a-536568e7c128: shutdown LeaderState
2019-07-29 15:22:18,523 INFO  impl.PendingRequests (PendingRequests.java:sendNotLeaderResponses(202)) - ea7b7c0e-fb12-41ce-8f6a-536568e7c128-PendingRequests: sendNotLeaderResponses
2019-07-29 15:22:18,524 INFO  impl.StateMachineUpdater (StateMachineUpdater.java:stopAndJoin(115)) - StateMachineUpdater:ea7b7c0e-fb12-41ce-8f6a-536568e7c128:group-306EF0E70560: set stopIndex = 0
2019-07-29 15:22:18,525 INFO  impl.RaftServerImpl (ServerState.java:close(394)) - ea7b7c0e-fb12-41ce-8f6a-536568e7c128:group-306EF0E70560 closes. The last applied log index is 0
2019-07-29 15:22:18,526 INFO  segmented.SegmentedRaftLogWorker (SegmentedRaftLogWorker.java:run(313)) - ea7b7c0e-fb12-41ce-8f6a-536568e7c128-SegmentedRaftLogWorker:Storage Directory /workdir/hadoop-ozone/integration-test/target/test-dir/MiniOzoneClusterImpl-392193b7-5f74-4576-b673-8ecf0040bfb3/datanode-5/data/ratis/5b458a6c-f728-4a81-81b1-306ef0e70560 was interrupted, exiting. There are 0 tasks remaining in the queue.
2019-07-29 15:22:18,533 INFO  segmented.SegmentedRaftLogWorker (SegmentedRaftLogWorker.java:close(228)) - ea7b7c0e-fb12-41ce-8f6a-536568e7c128-SegmentedRaftLogWorker:Storage Directory /workdir/hadoop-ozone/integration-test/target/test-dir/MiniOzoneClusterImpl-392193b7-5f74-4576-b673-8ecf0040bfb3/datanode-5/data/ratis/5b458a6c-f728-4a81-81b1-306ef0e70560 close()
2019-07-29 15:22:18,535 INFO  impl.RaftServerImpl (RaftServerImpl.java:lambda$shutdown$3(245)) - ea7b7c0e-fb12-41ce-8f6a-536568e7c128: shutdown group-C9F0E8A3F2C0
2019-07-29 15:22:18,535 INFO  util.JmxRegister (JmxRegister.java:unregister(73)) - Successfully un-registered JMX Bean with object name Ratis:service=RaftServer,group=group-C9F0E8A3F2C0,id=ea7b7c0e-fb12-41ce-8f6a-536568e7c128
2019-07-29 15:22:18,536 INFO  impl.RoleInfo (RoleInfo.java:shutdownFollowerState(121)) - ea7b7c0e-fb12-41ce-8f6a-536568e7c128: shutdown FollowerState
2019-07-29 15:22:18,536 INFO  ozoneimpl.OzoneContainer (OzoneContainer.java:stop(199)) - Attempting to stop container services.
2019-07-29 15:22:18,536 INFO  ratis.ContainerStateMachine (ContainerStateMachine.java:takeSnapshot(262)) - group-C9F0E8A3F2C0: Taking a snapshot at:(t:1, i:14) file /workdir/hadoop-ozone/integration-test/target/test-dir/MiniOzoneClusterImpl-392193b7-5f74-4576-b673-8ecf0040bfb3/datanode-5/data/ratis/fe6790ca-0ab6-4cc5-9680-c9f0e8a3f2c0/sm/snapshot.1_14
2019-07-29 15:22:18,536 INFO  impl.FollowerState (FollowerState.java:run(114)) - ea7b7c0e-fb12-41ce-8f6a-536568e7c128: FollowerState was interrupted: java.lang.InterruptedException: sleep interrupted
2019-07-29 15:22:18,536 INFO  impl.StateMachineUpdater (StateMachineUpdater.java:stopAndJoin(115)) - StateMachineUpdater:ea7b7c0e-fb12-41ce-8f6a-536568e7c128:group-C9F0E8A3F2C0: set stopIndex = 18
2019-07-29 15:22:18,537 INFO  impl.RaftServerProxy (RaftServerProxy.java:lambda$close$4(314)) - 945d3641-7a53-4648-9e30-b458d7e8703c: close
2019-07-29 15:22:18,538 INFO  impl.RaftServerImpl (RaftServerImpl.java:lambda$shutdown$3(245)) - 945d3641-7a53-4648-9e30-b458d7e8703c: shutdown group-884A75F1CF8B
2019-07-29 15:22:18,538 INFO  util.JmxRegister (JmxRegister.java:unregister(73)) - Successfully un-registered JMX Bean with object name Ratis:service=RaftServer,group=group-884A75F1CF8B,id=945d3641-7a53-4648-9e30-b458d7e8703c
2019-07-29 15:22:18,538 INFO  impl.RoleInfo (RoleInfo.java:shutdownFollowerState(121)) - 945d3641-7a53-4648-9e30-b458d7e8703c: shutdown FollowerState
2019-07-29 15:22:18,538 INFO  impl.StateMachineUpdater (StateMachineUpdater.java:stopAndJoin(115)) - StateMachineUpdater:945d3641-7a53-4648-9e30-b458d7e8703c:group-884A75F1CF8B: set stopIndex = 16
2019-07-29 15:22:18,539 INFO  impl.FollowerState (FollowerState.java:run(114)) - 945d3641-7a53-4648-9e30-b458d7e8703c: FollowerState was interrupted: java.lang.InterruptedException: sleep interrupted
2019-07-29 15:22:18,538 INFO  ratis.ContainerStateMachine (ContainerStateMachine.java:takeSnapshot(262)) - group-884A75F1CF8B: Taking a snapshot at:(t:2, i:14) file /workdir/hadoop-ozone/integration-test/target/test-dir/MiniOzoneClusterImpl-392193b7-5f74-4576-b673-8ecf0040bfb3/datanode-0/data/ratis/016c1512-e650-470c-b621-884a75f1cf8b/sm/snapshot.2_14
2019-07-29 15:22:18,551 INFO  ratis.ContainerStateMachine (ContainerStateMachine.java:takeSnapshot(273)) - group-C9F0E8A3F2C0: Finished taking a snapshot at:(t:1, i:14) file:/workdir/hadoop-ozone/integration-test/target/test-dir/MiniOzoneClusterImpl-392193b7-5f74-4576-b673-8ecf0040bfb3/datanode-5/data/ratis/fe6790ca-0ab6-4cc5-9680-c9f0e8a3f2c0/sm/snapshot.1_14 time:15
2019-07-29 15:22:18,551 INFO  impl.StateMachineUpdater (StateMachineUpdater.java:takeSnapshot(242)) - StateMachineUpdater:ea7b7c0e-fb12-41ce-8f6a-536568e7c128:group-C9F0E8A3F2C0: Took a snapshot at index 14
2019-07-29 15:22:18,551 INFO  impl.StateMachineUpdater (StateMachineUpdater.java:lambda$new$0(80)) - StateMachineUpdater:ea7b7c0e-fb12-41ce-8f6a-536568e7c128:group-C9F0E8A3F2C0: snapshotIndex: updateIncreasingly -1 -> 14
2019-07-29 15:22:18,551 INFO  ratis.ContainerStateMachine (ContainerStateMachine.java:takeSnapshot(273)) - group-884A75F1CF8B: Finished taking a snapshot at:(t:2, i:14) file:/workdir/hadoop-ozone/integration-test/target/test-dir/MiniOzoneClusterImpl-392193b7-5f74-4576-b673-8ecf0040bfb3/datanode-0/data/ratis/016c1512-e650-470c-b621-884a75f1cf8b/sm/snapshot.2_14 time:13
2019-07-29 15:22:18,552 INFO  impl.StateMachineUpdater (StateMachineUpdater.java:takeSnapshot(242)) - StateMachineUpdater:945d3641-7a53-4648-9e30-b458d7e8703c:group-884A75F1CF8B: Took a snapshot at index 14
2019-07-29 15:22:18,552 INFO  impl.StateMachineUpdater (StateMachineUpdater.java:lambda$new$0(80)) - StateMachineUpdater:945d3641-7a53-4648-9e30-b458d7e8703c:group-884A75F1CF8B: snapshotIndex: updateIncreasingly -1 -> 14
2019-07-29 15:22:18,552 INFO  impl.RaftServerImpl (ServerState.java:close(394)) - ea7b7c0e-fb12-41ce-8f6a-536568e7c128:group-C9F0E8A3F2C0 closes. The last applied log index is 18
2019-07-29 15:22:18,552 INFO  impl.RaftServerImpl (ServerState.java:close(394)) - 945d3641-7a53-4648-9e30-b458d7e8703c:group-884A75F1CF8B closes. The last applied log index is 16
2019-07-29 15:22:18,553 INFO  segmented.SegmentedRaftLogWorker (SegmentedRaftLogWorker.java:run(313)) - ea7b7c0e-fb12-41ce-8f6a-536568e7c128-SegmentedRaftLogWorker:Storage Directory /workdir/hadoop-ozone/integration-test/target/test-dir/MiniOzoneClusterImpl-392193b7-5f74-4576-b673-8ecf0040bfb3/datanode-5/data/ratis/fe6790ca-0ab6-4cc5-9680-c9f0e8a3f2c0 was interrupted, exiting. There are 0 tasks remaining in the queue.
2019-07-29 15:22:18,553 INFO  segmented.SegmentedRaftLogWorker (SegmentedRaftLogWorker.java:run(313)) - 945d3641-7a53-4648-9e30-b458d7e8703c-SegmentedRaftLogWorker:Storage Directory /workdir/hadoop-ozone/integration-test/target/test-dir/MiniOzoneClusterImpl-392193b7-5f74-4576-b673-8ecf0040bfb3/datanode-0/data/ratis/016c1512-e650-470c-b621-884a75f1cf8b was interrupted, exiting. There are 0 tasks remaining in the queue.
2019-07-29 15:22:18,553 INFO  segmented.SegmentedRaftLogWorker (SegmentedRaftLogWorker.java:close(228)) - ea7b7c0e-fb12-41ce-8f6a-536568e7c128-SegmentedRaftLogWorker:Storage Directory /workdir/hadoop-ozone/integration-test/target/test-dir/MiniOzoneClusterImpl-392193b7-5f74-4576-b673-8ecf0040bfb3/datanode-5/data/ratis/fe6790ca-0ab6-4cc5-9680-c9f0e8a3f2c0 close()
2019-07-29 15:22:18,553 INFO  segmented.SegmentedRaftLogWorker (SegmentedRaftLogWorker.java:close(228)) - 945d3641-7a53-4648-9e30-b458d7e8703c-SegmentedRaftLogWorker:Storage Directory /workdir/hadoop-ozone/integration-test/target/test-dir/MiniOzoneClusterImpl-392193b7-5f74-4576-b673-8ecf0040bfb3/datanode-0/data/ratis/016c1512-e650-470c-b621-884a75f1cf8b close()
2019-07-29 15:22:18,555 INFO  server.GrpcService (GrpcService.java:closeImpl(155)) - ea7b7c0e-fb12-41ce-8f6a-536568e7c128: shutdown server with port 35645 now
2019-07-29 15:22:18,557 INFO  impl.RaftServerImpl (RaftServerImpl.java:lambda$shutdown$3(245)) - 945d3641-7a53-4648-9e30-b458d7e8703c: shutdown group-3689A7C30364
2019-07-29 15:22:18,557 INFO  server.GrpcService (GrpcService.java:closeImpl(163)) - ea7b7c0e-fb12-41ce-8f6a-536568e7c128: shutdown server with port 35645 successfully
2019-07-29 15:22:18,557 INFO  util.JmxRegister (JmxRegister.java:unregister(73)) - Successfully un-registered JMX Bean with object name Ratis:service=RaftServer,group=group-3689A7C30364,id=945d3641-7a53-4648-9e30-b458d7e8703c
2019-07-29 15:22:18,558 INFO  impl.RoleInfo (RoleInfo.java:shutdownLeaderState(104)) - 945d3641-7a53-4648-9e30-b458d7e8703c: shutdown LeaderState
2019-07-29 15:22:18,558 INFO  impl.PendingRequests (PendingRequests.java:sendNotLeaderResponses(202)) - 945d3641-7a53-4648-9e30-b458d7e8703c-PendingRequests: sendNotLeaderResponses
2019-07-29 15:22:18,559 INFO  utils.BackgroundService (BackgroundService.java:shutdown(148)) - Shutting down service BlockDeletingService
2019-07-29 15:22:18,559 INFO  impl.StateMachineUpdater (StateMachineUpdater.java:stopAndJoin(115)) - StateMachineUpdater:945d3641-7a53-4648-9e30-b458d7e8703c:group-3689A7C30364: set stopIndex = 0
2019-07-29 15:22:18,560 INFO  impl.RaftServerImpl (ServerState.java:close(394)) - 945d3641-7a53-4648-9e30-b458d7e8703c:group-3689A7C30364 closes. The last applied log index is 0
2019-07-29 15:22:18,561 INFO  segmented.SegmentedRaftLogWorker (SegmentedRaftLogWorker.java:run(313)) - 945d3641-7a53-4648-9e30-b458d7e8703c-SegmentedRaftLogWorker:Storage Directory /workdir/hadoop-ozone/integration-test/target/test-dir/MiniOzoneClusterImpl-392193b7-5f74-4576-b673-8ecf0040bfb3/datanode-0/data/ratis/fc0d4d48-034a-46a9-9095-3689a7c30364 was interrupted, exiting. There are 0 tasks remaining in the queue.
2019-07-29 15:22:18,563 INFO  segmented.SegmentedRaftLogWorker (SegmentedRaftLogWorker.java:close(228)) - 945d3641-7a53-4648-9e30-b458d7e8703c-SegmentedRaftLogWorker:Storage Directory /workdir/hadoop-ozone/integration-test/target/test-dir/MiniOzoneClusterImpl-392193b7-5f74-4576-b673-8ecf0040bfb3/datanode-0/data/ratis/fc0d4d48-034a-46a9-9095-3689a7c30364 close()
2019-07-29 15:22:18,565 WARN  fs.CachingGetSpaceUsed (CachingGetSpaceUsed.java:run(183)) - Thread Interrupted waiting to refresh disk information: sleep interrupted
2019-07-29 15:22:18,565 INFO  server.GrpcService (GrpcService.java:closeImpl(155)) - 945d3641-7a53-4648-9e30-b458d7e8703c: shutdown server with port 36927 now
2019-07-29 15:22:18,565 INFO  server.GrpcService (GrpcService.java:closeImpl(163)) - 945d3641-7a53-4648-9e30-b458d7e8703c: shutdown server with port 36927 successfully
2019-07-29 15:22:18,567 INFO  utils.BackgroundService (BackgroundService.java:shutdown(148)) - Shutting down service BlockDeletingService
2019-07-29 15:22:18,568 WARN  fs.CachingGetSpaceUsed (CachingGetSpaceUsed.java:run(183)) - Thread Interrupted waiting to refresh disk information: sleep interrupted
2019-07-29 15:22:18,588 INFO  statemachine.DatanodeStateMachine (DatanodeStateMachine.java:stopDaemon(395)) - Ozone container server stopped.
2019-07-29 15:22:18,594 INFO  statemachine.DatanodeStateMachine (DatanodeStateMachine.java:stopDaemon(395)) - Ozone container server stopped.
2019-07-29 15:22:18,596 INFO  handler.ContextHandler (ContextHandler.java:doStop(910)) - Stopped o.e.j.w.WebAppContext@63f819a6{/,null,UNAVAILABLE}{/hddsDatanode}
2019-07-29 15:22:18,596 INFO  handler.ContextHandler (ContextHandler.java:doStop(910)) - Stopped o.e.j.w.WebAppContext@27115d45{/,null,UNAVAILABLE}{/hddsDatanode}
2019-07-29 15:22:18,597 INFO  server.AbstractConnector (AbstractConnector.java:doStop(318)) - Stopped ServerConnector@44f5259a{HTTP/1.1,[http/1.1]}{0.0.0.0:0}
2019-07-29 15:22:18,598 INFO  handler.ContextHandler (ContextHandler.java:doStop(910)) - Stopped o.e.j.s.ServletContextHandler@19ea65f4{/static,jar:file:/home/user/.m2/repository/org/apache/hadoop/hadoop-hdds-container-service/0.4.1-SNAPSHOT/hadoop-hdds-container-service-0.4.1-SNAPSHOT.jar!/webapps/static,UNAVAILABLE}
2019-07-29 15:22:18,598 INFO  server.AbstractConnector (AbstractConnector.java:doStop(318)) - Stopped ServerConnector@7789719e{HTTP/1.1,[http/1.1]}{0.0.0.0:0}
2019-07-29 15:22:18,600 INFO  handler.ContextHandler (ContextHandler.java:doStop(910)) - Stopped o.e.j.s.ServletContextHandler@21d478f3{/logs,file:///workdir/hadoop-ozone/integration-test/target/log,UNAVAILABLE}
2019-07-29 15:22:18,600 INFO  handler.ContextHandler (ContextHandler.java:doStop(910)) - Stopped o.e.j.s.ServletContextHandler@57f31caf{/static,jar:file:/home/user/.m2/repository/org/apache/hadoop/hadoop-hdds-container-service/0.4.1-SNAPSHOT/hadoop-hdds-container-service-0.4.1-SNAPSHOT.jar!/webapps/static,UNAVAILABLE}
2019-07-29 15:22:18,601 INFO  handler.ContextHandler (ContextHandler.java:doStop(910)) - Stopped o.e.j.s.ServletContextHandler@943d0c2{/logs,file:///workdir/hadoop-ozone/integration-test/target/log,UNAVAILABLE}
2019-07-29 15:22:18,602 INFO  ozone.MiniOzoneClusterImpl (MiniOzoneClusterImpl.java:stop(353)) - Stopping the StorageContainerManager
2019-07-29 15:22:18,602 INFO  server.StorageContainerManager (StorageContainerManager.java:stop(796)) - Stopping Replication Manager Service.
2019-07-29 15:22:18,602 INFO  container.ReplicationManager (ReplicationManager.java:stop(187)) - Stopping Replication Monitor Thread.
2019-07-29 15:22:18,603 INFO  server.StorageContainerManager (StorageContainerManager.java:stop(803)) - Stopping Lease Manager of the command watchers
2019-07-29 15:22:18,603 INFO  server.StorageContainerManager (StorageContainerManager.java:stop(810)) - Stopping datanode service RPC server
2019-07-29 15:22:18,603 INFO  server.SCMDatanodeProtocolServer (SCMDatanodeProtocolServer.java:stop(367)) - Stopping the RPC server for DataNodes
2019-07-29 15:22:18,604 INFO  ipc.Server (Server.java:stop(3082)) - Stopping server on 35566
2019-07-29 15:22:18,607 INFO  ipc.Server (Server.java:run(1185)) - Stopping IPC Server listener on 35566
2019-07-29 15:22:18,607 INFO  ipc.Server (Server.java:run(1319)) - Stopping IPC Server Responder
2019-07-29 15:22:18,650 WARN  node.NodeStateManager (NodeStateManager.java:scheduleNextHealthCheck(631)) - Current Thread is interrupted, shutting down HB processing thread for Node Manager.
2019-07-29 15:22:18,650 INFO  server.StorageContainerManager (StorageContainerManager.java:stop(818)) - Stopping block service RPC server
2019-07-29 15:22:18,650 INFO  server.SCMBlockProtocolServer (SCMBlockProtocolServer.java:stop(148)) - Stopping the RPC server for Block Protocol
2019-07-29 15:22:18,651 INFO  ipc.Server (Server.java:stop(3082)) - Stopping server on 42170
2019-07-29 15:22:18,652 INFO  server.StorageContainerManager (StorageContainerManager.java:stop(825)) - Stopping the StorageContainerLocationProtocol RPC server
2019-07-29 15:22:18,653 INFO  ipc.Server (Server.java:run(1185)) - Stopping IPC Server listener on 42170
2019-07-29 15:22:18,653 INFO  server.SCMClientProtocolServer (SCMClientProtocolServer.java:stop(159)) - Stopping the RPC server for Client Protocol
2019-07-29 15:22:18,654 INFO  ipc.Server (Server.java:run(1319)) - Stopping IPC Server Responder
2019-07-29 15:22:18,654 INFO  ipc.Server (Server.java:stop(3082)) - Stopping server on 41386
2019-07-29 15:22:18,657 INFO  ipc.Server (Server.java:run(1185)) - Stopping IPC Server listener on 41386
2019-07-29 15:22:18,658 INFO  server.StorageContainerManager (StorageContainerManager.java:stop(832)) - Stopping Storage Container Manager HTTP server.
2019-07-29 15:22:18,658 INFO  ipc.Server (Server.java:run(1319)) - Stopping IPC Server Responder
2019-07-29 15:22:18,658 INFO  handler.ContextHandler (ContextHandler.java:doStop(910)) - Stopped o.e.j.w.WebAppContext@72ea5674{/,null,UNAVAILABLE}{/scm}
2019-07-29 15:22:18,659 INFO  server.AbstractConnector (AbstractConnector.java:doStop(318)) - Stopped ServerConnector@7ecd6861{HTTP/1.1,[http/1.1]}{0.0.0.0:0}
2019-07-29 15:22:18,659 INFO  handler.ContextHandler (ContextHandler.java:doStop(910)) - Stopped o.e.j.s.ServletContextHandler@304933cb{/static,file:///workdir/hadoop-ozone/integration-test/target/test-classes/webapps/static,UNAVAILABLE}
2019-07-29 15:22:18,660 INFO  handler.ContextHandler (ContextHandler.java:doStop(910)) - Stopped o.e.j.s.ServletContextHandler@18f1a81a{/logs,file:///workdir/hadoop-ozone/integration-test/target/log,UNAVAILABLE}
2019-07-29 15:22:18,661 INFO  server.StorageContainerManager (StorageContainerManager.java:stop(843)) - Stopping Block Manager Service.
2019-07-29 15:22:18,661 INFO  utils.BackgroundService (BackgroundService.java:shutdown(148)) - Shutting down service SCMBlockDeletingService
2019-07-29 15:22:18,662 INFO  utils.BackgroundService (BackgroundService.java:shutdown(148)) - Shutting down service SCMBlockDeletingService
2019-07-29 15:22:18,662 INFO  server.StorageContainerManager (StorageContainerManager.java:stop(865)) - Stopping SCM Event Queue.
2019-07-29 15:22:18,666 INFO  impl.MetricsSystemImpl (MetricsSystemImpl.java:stop(210)) - Stopping HddsDatanode metrics system...
2019-07-29 15:22:18,677 INFO  impl.MetricsSystemImpl (MetricsSystemImpl.java:stop(216)) - HddsDatanode metrics system stopped.
]]></system-out>
    <system-err><![CDATA[Jul 29, 2019 3:21:36 PM com.sun.jersey.server.impl.application.WebApplicationImpl _initiate
INFO: Initiating Jersey application, version 'Jersey: 1.19 02/11/2015 03:25 AM'
Jul 29, 2019 3:21:36 PM com.sun.jersey.server.impl.application.WebApplicationImpl _initiate
INFO: Initiating Jersey application, version 'Jersey: 1.19 02/11/2015 03:25 AM'
Jul 29, 2019 3:21:36 PM com.sun.jersey.server.impl.application.WebApplicationImpl _initiate
INFO: Initiating Jersey application, version 'Jersey: 1.19 02/11/2015 03:25 AM'
Jul 29, 2019 3:21:37 PM com.sun.jersey.server.impl.application.WebApplicationImpl _initiate
INFO: Initiating Jersey application, version 'Jersey: 1.19 02/11/2015 03:25 AM'
Jul 29, 2019 3:21:37 PM com.sun.jersey.server.impl.application.WebApplicationImpl _initiate
INFO: Initiating Jersey application, version 'Jersey: 1.19 02/11/2015 03:25 AM'
Jul 29, 2019 3:21:37 PM com.sun.jersey.server.impl.application.WebApplicationImpl _initiate
INFO: Initiating Jersey application, version 'Jersey: 1.19 02/11/2015 03:25 AM'
Jul 29, 2019 3:21:37 PM com.sun.jersey.server.impl.application.WebApplicationImpl _initiate
INFO: Initiating Jersey application, version 'Jersey: 1.19 02/11/2015 03:25 AM'
Jul 29, 2019 3:21:40 PM org.apache.ratis.thirdparty.io.grpc.internal.ManagedChannelOrphanWrapper$ManagedChannelReference cleanQueue
SEVERE: *~*~*~ Channel ManagedChannelImpl{logId=2499, target=192.168.157.194:37602} was not shutdown properly!!! ~*~*~*
    Make sure to call shutdown()/shutdownNow() and wait until awaitTermination() returns true.
java.lang.RuntimeException: ManagedChannel allocation site
	at org.apache.ratis.thirdparty.io.grpc.internal.ManagedChannelOrphanWrapper$ManagedChannelReference.<init>(ManagedChannelOrphanWrapper.java:103)
	at org.apache.ratis.thirdparty.io.grpc.internal.ManagedChannelOrphanWrapper.<init>(ManagedChannelOrphanWrapper.java:53)
	at org.apache.ratis.thirdparty.io.grpc.internal.ManagedChannelOrphanWrapper.<init>(ManagedChannelOrphanWrapper.java:44)
	at org.apache.ratis.thirdparty.io.grpc.internal.AbstractManagedChannelImplBuilder.build(AbstractManagedChannelImplBuilder.java:411)
	at org.apache.hadoop.hdds.scm.XceiverClientGrpc.connectToDatanode(XceiverClientGrpc.java:174)
	at org.apache.hadoop.hdds.scm.XceiverClientGrpc.reconnect(XceiverClientGrpc.java:422)
	at org.apache.hadoop.hdds.scm.XceiverClientGrpc.sendCommandAsync(XceiverClientGrpc.java:371)
	at org.apache.hadoop.hdds.scm.XceiverClientGrpc.sendCommandWithRetry(XceiverClientGrpc.java:284)
	at org.apache.hadoop.hdds.scm.XceiverClientGrpc.sendCommandWithTraceIDAndRetry(XceiverClientGrpc.java:250)
	at org.apache.hadoop.hdds.scm.XceiverClientGrpc.sendCommand(XceiverClientGrpc.java:233)
	at org.apache.hadoop.hdds.scm.storage.ContainerProtocolCalls.getBlock(ContainerProtocolCalls.java:118)
	at org.apache.hadoop.hdds.scm.storage.BlockInputStream.getChunkInfos(BlockInputStream.java:167)
	at org.apache.hadoop.hdds.scm.storage.BlockInputStream.initialize(BlockInputStream.java:118)
	at org.apache.hadoop.hdds.scm.storage.BlockInputStream.read(BlockInputStream.java:222)
	at org.apache.hadoop.ozone.client.io.KeyInputStream.read(KeyInputStream.java:171)
	at org.apache.hadoop.ozone.client.io.OzoneInputStream.read(OzoneInputStream.java:47)
	at java.io.InputStream.read(InputStream.java:101)
	at org.apache.hadoop.ozone.container.ContainerTestHelper.validateData(ContainerTestHelper.java:709)
	at org.apache.hadoop.ozone.client.rpc.TestBlockOutputStreamWithFailures.validateData(TestBlockOutputStreamWithFailures.java:1212)
	at org.apache.hadoop.ozone.client.rpc.TestBlockOutputStreamWithFailures.testWatchForCommitWithSingleNodeRatis(TestBlockOutputStreamWithFailures.java:914)
	at sun.reflect.NativeMethodAccessorImpl.invoke0(Native Method)
	at sun.reflect.NativeMethodAccessorImpl.invoke(NativeMethodAccessorImpl.java:62)
	at sun.reflect.DelegatingMethodAccessorImpl.invoke(DelegatingMethodAccessorImpl.java:43)
	at java.lang.reflect.Method.invoke(Method.java:498)
	at org.junit.runners.model.FrameworkMethod$1.runReflectiveCall(FrameworkMethod.java:47)
	at org.junit.internal.runners.model.ReflectiveCallable.run(ReflectiveCallable.java:12)
	at org.junit.runners.model.FrameworkMethod.invokeExplosively(FrameworkMethod.java:44)
	at org.junit.internal.runners.statements.InvokeMethod.evaluate(InvokeMethod.java:17)
	at org.junit.internal.runners.statements.RunBefores.evaluate(RunBefores.java:26)
	at org.junit.internal.runners.statements.RunAfters.evaluate(RunAfters.java:27)
	at org.junit.runners.ParentRunner.runLeaf(ParentRunner.java:271)
	at org.junit.runners.BlockJUnit4ClassRunner.runChild(BlockJUnit4ClassRunner.java:70)
	at org.junit.runners.BlockJUnit4ClassRunner.runChild(BlockJUnit4ClassRunner.java:50)
	at org.junit.runners.ParentRunner$3.run(ParentRunner.java:238)
	at org.junit.runners.ParentRunner$1.schedule(ParentRunner.java:63)
	at org.junit.runners.ParentRunner.runChildren(ParentRunner.java:236)
	at org.junit.runners.ParentRunner.access$000(ParentRunner.java:53)
	at org.junit.runners.ParentRunner$2.evaluate(ParentRunner.java:229)
	at org.junit.runners.ParentRunner.run(ParentRunner.java:309)
	at org.apache.maven.surefire.junit4.JUnit4Provider.execute(JUnit4Provider.java:365)
	at org.apache.maven.surefire.junit4.JUnit4Provider.executeWithRerun(JUnit4Provider.java:273)
	at org.apache.maven.surefire.junit4.JUnit4Provider.executeTestSet(JUnit4Provider.java:238)
	at org.apache.maven.surefire.junit4.JUnit4Provider.invoke(JUnit4Provider.java:159)
	at org.apache.maven.surefire.booter.ForkedBooter.invokeProviderInSameClassLoader(ForkedBooter.java:384)
	at org.apache.maven.surefire.booter.ForkedBooter.runSuitesInProcess(ForkedBooter.java:345)
	at org.apache.maven.surefire.booter.ForkedBooter.execute(ForkedBooter.java:126)
	at org.apache.maven.surefire.booter.ForkedBooter.main(ForkedBooter.java:418)

Jul 29, 2019 3:21:40 PM org.apache.ratis.thirdparty.io.grpc.internal.ManagedChannelOrphanWrapper$ManagedChannelReference cleanQueue
SEVERE: *~*~*~ Channel ManagedChannelImpl{logId=2504, target=192.168.157.194:44840} was not shutdown properly!!! ~*~*~*
    Make sure to call shutdown()/shutdownNow() and wait until awaitTermination() returns true.
java.lang.RuntimeException: ManagedChannel allocation site
	at org.apache.ratis.thirdparty.io.grpc.internal.ManagedChannelOrphanWrapper$ManagedChannelReference.<init>(ManagedChannelOrphanWrapper.java:103)
	at org.apache.ratis.thirdparty.io.grpc.internal.ManagedChannelOrphanWrapper.<init>(ManagedChannelOrphanWrapper.java:53)
	at org.apache.ratis.thirdparty.io.grpc.internal.ManagedChannelOrphanWrapper.<init>(ManagedChannelOrphanWrapper.java:44)
	at org.apache.ratis.thirdparty.io.grpc.internal.AbstractManagedChannelImplBuilder.build(AbstractManagedChannelImplBuilder.java:411)
	at org.apache.hadoop.hdds.scm.XceiverClientGrpc.connectToDatanode(XceiverClientGrpc.java:174)
	at org.apache.hadoop.hdds.scm.XceiverClientGrpc.reconnect(XceiverClientGrpc.java:422)
	at org.apache.hadoop.hdds.scm.XceiverClientGrpc.sendCommandAsync(XceiverClientGrpc.java:371)
	at org.apache.hadoop.hdds.scm.XceiverClientGrpc.sendCommandWithRetry(XceiverClientGrpc.java:284)
	at org.apache.hadoop.hdds.scm.XceiverClientGrpc.sendCommandWithTraceIDAndRetry(XceiverClientGrpc.java:250)
	at org.apache.hadoop.hdds.scm.XceiverClientGrpc.sendCommand(XceiverClientGrpc.java:233)
	at org.apache.hadoop.hdds.scm.storage.ContainerProtocolCalls.getBlock(ContainerProtocolCalls.java:118)
	at org.apache.hadoop.hdds.scm.storage.BlockInputStream.getChunkInfos(BlockInputStream.java:167)
	at org.apache.hadoop.hdds.scm.storage.BlockInputStream.initialize(BlockInputStream.java:118)
	at org.apache.hadoop.hdds.scm.storage.BlockInputStream.read(BlockInputStream.java:222)
	at org.apache.hadoop.ozone.client.io.KeyInputStream.read(KeyInputStream.java:171)
	at org.apache.hadoop.ozone.client.io.OzoneInputStream.read(OzoneInputStream.java:47)
	at java.io.InputStream.read(InputStream.java:101)
	at org.apache.hadoop.ozone.container.ContainerTestHelper.validateData(ContainerTestHelper.java:709)
	at org.apache.hadoop.ozone.client.rpc.TestBlockOutputStreamWithFailures.validateData(TestBlockOutputStreamWithFailures.java:1212)
	at org.apache.hadoop.ozone.client.rpc.TestBlockOutputStreamWithFailures.testWatchForCommitWithSingleNodeRatis(TestBlockOutputStreamWithFailures.java:914)
	at sun.reflect.NativeMethodAccessorImpl.invoke0(Native Method)
	at sun.reflect.NativeMethodAccessorImpl.invoke(NativeMethodAccessorImpl.java:62)
	at sun.reflect.DelegatingMethodAccessorImpl.invoke(DelegatingMethodAccessorImpl.java:43)
	at java.lang.reflect.Method.invoke(Method.java:498)
	at org.junit.runners.model.FrameworkMethod$1.runReflectiveCall(FrameworkMethod.java:47)
	at org.junit.internal.runners.model.ReflectiveCallable.run(ReflectiveCallable.java:12)
	at org.junit.runners.model.FrameworkMethod.invokeExplosively(FrameworkMethod.java:44)
	at org.junit.internal.runners.statements.InvokeMethod.evaluate(InvokeMethod.java:17)
	at org.junit.internal.runners.statements.RunBefores.evaluate(RunBefores.java:26)
	at org.junit.internal.runners.statements.RunAfters.evaluate(RunAfters.java:27)
	at org.junit.runners.ParentRunner.runLeaf(ParentRunner.java:271)
	at org.junit.runners.BlockJUnit4ClassRunner.runChild(BlockJUnit4ClassRunner.java:70)
	at org.junit.runners.BlockJUnit4ClassRunner.runChild(BlockJUnit4ClassRunner.java:50)
	at org.junit.runners.ParentRunner$3.run(ParentRunner.java:238)
	at org.junit.runners.ParentRunner$1.schedule(ParentRunner.java:63)
	at org.junit.runners.ParentRunner.runChildren(ParentRunner.java:236)
	at org.junit.runners.ParentRunner.access$000(ParentRunner.java:53)
	at org.junit.runners.ParentRunner$2.evaluate(ParentRunner.java:229)
	at org.junit.runners.ParentRunner.run(ParentRunner.java:309)
	at org.apache.maven.surefire.junit4.JUnit4Provider.execute(JUnit4Provider.java:365)
	at org.apache.maven.surefire.junit4.JUnit4Provider.executeWithRerun(JUnit4Provider.java:273)
	at org.apache.maven.surefire.junit4.JUnit4Provider.executeTestSet(JUnit4Provider.java:238)
	at org.apache.maven.surefire.junit4.JUnit4Provider.invoke(JUnit4Provider.java:159)
	at org.apache.maven.surefire.booter.ForkedBooter.invokeProviderInSameClassLoader(ForkedBooter.java:384)
	at org.apache.maven.surefire.booter.ForkedBooter.runSuitesInProcess(ForkedBooter.java:345)
	at org.apache.maven.surefire.booter.ForkedBooter.execute(ForkedBooter.java:126)
	at org.apache.maven.surefire.booter.ForkedBooter.main(ForkedBooter.java:418)

Jul 29, 2019 3:21:40 PM org.apache.ratis.thirdparty.io.grpc.internal.ManagedChannelOrphanWrapper$ManagedChannelReference cleanQueue
SEVERE: *~*~*~ Channel ManagedChannelImpl{logId=2494, target=192.168.157.194:45305} was not shutdown properly!!! ~*~*~*
    Make sure to call shutdown()/shutdownNow() and wait until awaitTermination() returns true.
java.lang.RuntimeException: ManagedChannel allocation site
	at org.apache.ratis.thirdparty.io.grpc.internal.ManagedChannelOrphanWrapper$ManagedChannelReference.<init>(ManagedChannelOrphanWrapper.java:103)
	at org.apache.ratis.thirdparty.io.grpc.internal.ManagedChannelOrphanWrapper.<init>(ManagedChannelOrphanWrapper.java:53)
	at org.apache.ratis.thirdparty.io.grpc.internal.ManagedChannelOrphanWrapper.<init>(ManagedChannelOrphanWrapper.java:44)
	at org.apache.ratis.thirdparty.io.grpc.internal.AbstractManagedChannelImplBuilder.build(AbstractManagedChannelImplBuilder.java:411)
	at org.apache.ratis.grpc.client.GrpcClientProtocolClient.<init>(GrpcClientProtocolClient.java:119)
	at org.apache.ratis.grpc.client.GrpcClientRpc.lambda$new$0(GrpcClientRpc.java:55)
	at org.apache.ratis.util.PeerProxyMap$PeerAndProxy.lambda$getProxy$0(PeerProxyMap.java:61)
	at org.apache.ratis.util.LifeCycle.startAndTransition(LifeCycle.java:202)
	at org.apache.ratis.util.PeerProxyMap$PeerAndProxy.getProxy(PeerProxyMap.java:60)
	at org.apache.ratis.util.PeerProxyMap.getProxy(PeerProxyMap.java:107)
	at org.apache.ratis.grpc.client.GrpcClientRpc.sendRequestAsync(GrpcClientRpc.java:66)
	at org.apache.ratis.client.impl.OrderedAsync.sendRequest(OrderedAsync.java:208)
	at org.apache.ratis.client.impl.OrderedAsync.sendRequestWithRetry(OrderedAsync.java:169)
	at org.apache.ratis.util.SlidingWindow$Client.sendOrDelayRequest(SlidingWindow.java:278)
	at org.apache.ratis.util.SlidingWindow$Client.submitNewRequest(SlidingWindow.java:257)
	at org.apache.ratis.client.impl.OrderedAsync.send(OrderedAsync.java:155)
	at org.apache.ratis.client.impl.RaftClientImpl.sendAsync(RaftClientImpl.java:145)
	at org.apache.ratis.client.impl.RaftClientImpl.sendAsync(RaftClientImpl.java:125)
	at org.apache.hadoop.hdds.scm.XceiverClientRatis.sendRequestAsync(XceiverClientRatis.java:224)
	at org.apache.hadoop.hdds.scm.XceiverClientRatis.sendCommandAsync(XceiverClientRatis.java:302)
	at org.apache.hadoop.hdds.scm.storage.ContainerProtocolCalls.writeChunkAsync(ContainerProtocolCalls.java:310)
	at org.apache.hadoop.hdds.scm.storage.BlockOutputStream.writeChunkToContainer(BlockOutputStream.java:601)
	at org.apache.hadoop.hdds.scm.storage.BlockOutputStream.writeChunk(BlockOutputStream.java:459)
	at org.apache.hadoop.hdds.scm.storage.BlockOutputStream.writeOnRetry(BlockOutputStream.java:285)
	at org.apache.hadoop.ozone.client.io.BlockOutputStreamEntry.writeOnRetry(BlockOutputStreamEntry.java:200)
	at org.apache.hadoop.ozone.client.io.KeyOutputStream.handleWrite(KeyOutputStream.java:209)
	at org.apache.hadoop.ozone.client.io.KeyOutputStream.handleRetry(KeyOutputStream.java:376)
	at org.apache.hadoop.ozone.client.io.KeyOutputStream.handleException(KeyOutputStream.java:325)
	at org.apache.hadoop.ozone.client.io.KeyOutputStream.handleFlushOrClose(KeyOutputStream.java:448)
	at org.apache.hadoop.ozone.client.io.KeyOutputStream.handleWrite(KeyOutputStream.java:235)
	at org.apache.hadoop.ozone.client.io.KeyOutputStream.write(KeyOutputStream.java:193)
	at org.apache.hadoop.ozone.client.io.OzoneOutputStream.write(OzoneOutputStream.java:49)
	at java.io.OutputStream.write(OutputStream.java:75)
	at org.apache.hadoop.ozone.client.rpc.TestBlockOutputStreamWithFailures.testWatchForCommitWithSingleNodeRatis(TestBlockOutputStreamWithFailures.java:881)
	at sun.reflect.NativeMethodAccessorImpl.invoke0(Native Method)
	at sun.reflect.NativeMethodAccessorImpl.invoke(NativeMethodAccessorImpl.java:62)
	at sun.reflect.DelegatingMethodAccessorImpl.invoke(DelegatingMethodAccessorImpl.java:43)
	at java.lang.reflect.Method.invoke(Method.java:498)
	at org.junit.runners.model.FrameworkMethod$1.runReflectiveCall(FrameworkMethod.java:47)
	at org.junit.internal.runners.model.ReflectiveCallable.run(ReflectiveCallable.java:12)
	at org.junit.runners.model.FrameworkMethod.invokeExplosively(FrameworkMethod.java:44)
	at org.junit.internal.runners.statements.InvokeMethod.evaluate(InvokeMethod.java:17)
	at org.junit.internal.runners.statements.RunBefores.evaluate(RunBefores.java:26)
	at org.junit.internal.runners.statements.RunAfters.evaluate(RunAfters.java:27)
	at org.junit.runners.ParentRunner.runLeaf(ParentRunner.java:271)
	at org.junit.runners.BlockJUnit4ClassRunner.runChild(BlockJUnit4ClassRunner.java:70)
	at org.junit.runners.BlockJUnit4ClassRunner.runChild(BlockJUnit4ClassRunner.java:50)
	at org.junit.runners.ParentRunner$3.run(ParentRunner.java:238)
	at org.junit.runners.ParentRunner$1.schedule(ParentRunner.java:63)
	at org.junit.runners.ParentRunner.runChildren(ParentRunner.java:236)
	at org.junit.runners.ParentRunner.access$000(ParentRunner.java:53)
	at org.junit.runners.ParentRunner$2.evaluate(ParentRunner.java:229)
	at org.junit.runners.ParentRunner.run(ParentRunner.java:309)
	at org.apache.maven.surefire.junit4.JUnit4Provider.execute(JUnit4Provider.java:365)
	at org.apache.maven.surefire.junit4.JUnit4Provider.executeWithRerun(JUnit4Provider.java:273)
	at org.apache.maven.surefire.junit4.JUnit4Provider.executeTestSet(JUnit4Provider.java:238)
	at org.apache.maven.surefire.junit4.JUnit4Provider.invoke(JUnit4Provider.java:159)
	at org.apache.maven.surefire.booter.ForkedBooter.invokeProviderInSameClassLoader(ForkedBooter.java:384)
	at org.apache.maven.surefire.booter.ForkedBooter.runSuitesInProcess(ForkedBooter.java:345)
	at org.apache.maven.surefire.booter.ForkedBooter.execute(ForkedBooter.java:126)
	at org.apache.maven.surefire.booter.ForkedBooter.main(ForkedBooter.java:418)

Jul 29, 2019 3:21:40 PM org.apache.ratis.thirdparty.io.grpc.internal.ManagedChannelOrphanWrapper$ManagedChannelReference cleanQueue
SEVERE: *~*~*~ Channel ManagedChannelImpl{logId=2489, target=192.168.157.194:45938} was not shutdown properly!!! ~*~*~*
    Make sure to call shutdown()/shutdownNow() and wait until awaitTermination() returns true.
java.lang.RuntimeException: ManagedChannel allocation site
	at org.apache.ratis.thirdparty.io.grpc.internal.ManagedChannelOrphanWrapper$ManagedChannelReference.<init>(ManagedChannelOrphanWrapper.java:103)
	at org.apache.ratis.thirdparty.io.grpc.internal.ManagedChannelOrphanWrapper.<init>(ManagedChannelOrphanWrapper.java:53)
	at org.apache.ratis.thirdparty.io.grpc.internal.ManagedChannelOrphanWrapper.<init>(ManagedChannelOrphanWrapper.java:44)
	at org.apache.ratis.thirdparty.io.grpc.internal.AbstractManagedChannelImplBuilder.build(AbstractManagedChannelImplBuilder.java:411)
	at org.apache.ratis.grpc.client.GrpcClientProtocolClient.<init>(GrpcClientProtocolClient.java:119)
	at org.apache.ratis.grpc.client.GrpcClientRpc.lambda$new$0(GrpcClientRpc.java:55)
	at org.apache.ratis.util.PeerProxyMap$PeerAndProxy.lambda$getProxy$0(PeerProxyMap.java:61)
	at org.apache.ratis.util.LifeCycle.startAndTransition(LifeCycle.java:202)
	at org.apache.ratis.util.PeerProxyMap$PeerAndProxy.getProxy(PeerProxyMap.java:60)
	at org.apache.ratis.util.PeerProxyMap.getProxy(PeerProxyMap.java:107)
	at org.apache.ratis.grpc.client.GrpcClientRpc.sendRequestAsync(GrpcClientRpc.java:66)
	at org.apache.ratis.client.impl.OrderedAsync.sendRequest(OrderedAsync.java:208)
	at org.apache.ratis.client.impl.OrderedAsync.sendRequestWithRetry(OrderedAsync.java:169)
	at org.apache.ratis.util.SlidingWindow$Client.sendOrDelayRequest(SlidingWindow.java:278)
	at org.apache.ratis.util.SlidingWindow$Client.retry(SlidingWindow.java:294)
	at org.apache.ratis.client.impl.OrderedAsync.lambda$scheduleWithTimeout$7(OrderedAsync.java:195)
	at org.apache.ratis.util.TimeoutScheduler.lambda$onTimeout$0(TimeoutScheduler.java:85)
	at org.apache.ratis.util.TimeoutScheduler.lambda$onTimeout$1(TimeoutScheduler.java:104)
	at org.apache.ratis.util.LogUtils.runAndLog(LogUtils.java:50)
	at org.apache.ratis.util.LogUtils$1.run(LogUtils.java:91)
	at java.util.concurrent.Executors$RunnableAdapter.call(Executors.java:511)
	at java.util.concurrent.FutureTask.run(FutureTask.java:266)
	at java.util.concurrent.ScheduledThreadPoolExecutor$ScheduledFutureTask.access$201(ScheduledThreadPoolExecutor.java:180)
	at java.util.concurrent.ScheduledThreadPoolExecutor$ScheduledFutureTask.run(ScheduledThreadPoolExecutor.java:293)
	at java.util.concurrent.ThreadPoolExecutor.runWorker(ThreadPoolExecutor.java:1149)
	at java.util.concurrent.ThreadPoolExecutor$Worker.run(ThreadPoolExecutor.java:624)
	at java.lang.Thread.run(Thread.java:748)

]]></system-err>
  </testcase>
  <testcase name="testFailureWithPrimeSizedData" classname="org.apache.hadoop.ozone.client.rpc.TestBlockOutputStreamWithFailures" time="34.735"/>
  <testcase name="testWatchForCommitWithCloseContainerException" classname="org.apache.hadoop.ozone.client.rpc.TestBlockOutputStreamWithFailures" time="34.535"/>
  <testcase name="testExceptionDuringClose" classname="org.apache.hadoop.ozone.client.rpc.TestBlockOutputStreamWithFailures" time="34.604"/>
</testsuite>