<?xml version="1.0" encoding="UTF-8"?>
<testsuite xmlns:xsi="http://www.w3.org/2001/XMLSchema-instance" xsi:noNamespaceSchemaLocation="https://maven.apache.org/surefire/maven-surefire-plugin/xsd/surefire-test-report.xsd" name="org.apache.hadoop.ozone.client.rpc.TestCommitWatcher" time="56.849" tests="2" errors="0" skipped="0" failures="1">
  <properties>
    <property name="awt.toolkit" value="sun.awt.X11.XToolkit"/>
    <property name="file.encoding.pkg" value="sun.io"/>
    <property name="java.specification.version" value="1.8"/>
    <property name="sun.cpu.isalist" value=""/>
    <property name="sun.jnu.encoding" value="UTF-8"/>
    <property name="java.class.path" value="/workdir/hadoop-ozone/integration-test/target/test-classes:/workdir/hadoop-ozone/integration-test/target/classes:/home/user/.m2/repository/org/apache/hadoop/hadoop-ozone-common/0.5.0-SNAPSHOT/hadoop-ozone-common-0.5.0-SNAPSHOT.jar:/home/user/.m2/repository/org/apache/commons/commons-compress/1.4.1/commons-compress-1.4.1.jar:/home/user/.m2/repository/org/tukaani/xz/1.0/xz-1.0.jar:/home/user/.m2/repository/org/apache/hadoop/hadoop-common/3.2.0/hadoop-common-3.2.0.jar:/home/user/.m2/repository/org/apache/hadoop/hadoop-hdfs/3.2.0/hadoop-hdfs-3.2.0.jar:/home/user/.m2/repository/org/apache/hadoop/hadoop-hdfs-client/3.2.0/hadoop-hdfs-client-3.2.0.jar:/home/user/.m2/repository/com/fasterxml/jackson/core/jackson-annotations/2.9.5/jackson-annotations-2.9.5.jar:/home/user/.m2/repository/org/apache/hadoop/hadoop-hdds-common/0.5.0-SNAPSHOT/hadoop-hdds-common-0.5.0-SNAPSHOT.jar:/home/user/.m2/repository/javax/annotation/javax.annotation-api/1.2/javax.annotation-api-1.2.jar:/home/user/.m2/repository/org/apache/ratis/ratis-server/0.4.0-2337318-SNAPSHOT/ratis-server-0.4.0-2337318-SNAPSHOT.jar:/home/user/.m2/repository/org/apache/ratis/ratis-thirdparty-misc/0.2.0/ratis-thirdparty-misc-0.2.0.jar:/home/user/.m2/repository/org/apache/ratis/ratis-proto/0.4.0-2337318-SNAPSHOT/ratis-proto-0.4.0-2337318-SNAPSHOT.jar:/home/user/.m2/repository/org/apache/ratis/ratis-common/0.4.0-2337318-SNAPSHOT/ratis-common-0.4.0-2337318-SNAPSHOT.jar:/home/user/.m2/repository/org/apache/ratis/ratis-client/0.4.0-2337318-SNAPSHOT/ratis-client-0.4.0-2337318-SNAPSHOT.jar:/home/user/.m2/repository/org/apache/ratis/ratis-metrics/0.4.0-2337318-SNAPSHOT/ratis-metrics-0.4.0-2337318-SNAPSHOT.jar:/home/user/.m2/repository/org/apache/ratis/ratis-netty/0.4.0-2337318-SNAPSHOT/ratis-netty-0.4.0-2337318-SNAPSHOT.jar:/home/user/.m2/repository/org/apache/ratis/ratis-grpc/0.4.0-2337318-SNAPSHOT/ratis-grpc-0.4.0-2337318-SNAPSHOT.jar:/home/user/.m2/repository/org/rocksdb/rocksdbjni/6.0.1/rocksdbjni-6.0.1.jar:/home/user/.m2/repository/org/apache/logging/log4j/log4j-api/2.11.0/log4j-api-2.11.0.jar:/home/user/.m2/repository/org/apache/logging/log4j/log4j-core/2.11.0/log4j-core-2.11.0.jar:/home/user/.m2/repository/com/lmax/disruptor/3.4.2/disruptor-3.4.2.jar:/home/user/.m2/repository/org/apache/commons/commons-pool2/2.6.0/commons-pool2-2.6.0.jar:/home/user/.m2/repository/org/bouncycastle/bcpkix-jdk15on/1.60/bcpkix-jdk15on-1.60.jar:/home/user/.m2/repository/commons-validator/commons-validator/1.6/commons-validator-1.6.jar:/home/user/.m2/repository/commons-digester/commons-digester/1.8.1/commons-digester-1.8.1.jar:/home/user/.m2/repository/io/jaegertracing/jaeger-client/0.33.1/jaeger-client-0.33.1.jar:/home/user/.m2/repository/io/jaegertracing/jaeger-thrift/0.33.1/jaeger-thrift-0.33.1.jar:/home/user/.m2/repository/org/apache/thrift/libthrift/0.11.0/libthrift-0.11.0.jar:/home/user/.m2/repository/com/squareup/okhttp3/okhttp/3.9.0/okhttp-3.9.0.jar:/home/user/.m2/repository/com/squareup/okio/okio/1.13.0/okio-1.13.0.jar:/home/user/.m2/repository/io/jaegertracing/jaeger-core/0.33.1/jaeger-core-0.33.1.jar:/home/user/.m2/repository/io/jaegertracing/jaeger-tracerresolver/0.33.1/jaeger-tracerresolver-0.33.1.jar:/home/user/.m2/repository/io/opentracing/contrib/opentracing-tracerresolver/0.1.5/opentracing-tracerresolver-0.1.5.jar:/home/user/.m2/repository/io/opentracing/opentracing-util/0.31.0/opentracing-util-0.31.0.jar:/home/user/.m2/repository/io/opentracing/opentracing-api/0.31.0/opentracing-api-0.31.0.jar:/home/user/.m2/repository/io/opentracing/opentracing-noop/0.31.0/opentracing-noop-0.31.0.jar:/home/user/.m2/repository/org/apache/hadoop/hadoop-hdds-server-framework/0.5.0-SNAPSHOT/hadoop-hdds-server-framework-0.5.0-SNAPSHOT.jar:/home/user/.m2/repository/org/apache/hadoop/hadoop-hdds-container-service/0.5.0-SNAPSHOT/hadoop-hdds-container-service-0.5.0-SNAPSHOT.jar:/home/user/.m2/repository/org/apache/hadoop/hadoop-hdds-client/0.5.0-SNAPSHOT/hadoop-hdds-client-0.5.0-SNAPSHOT.jar:/home/user/.m2/repository/org/apache/hadoop/hadoop-hdds-tools/0.5.0-SNAPSHOT/hadoop-hdds-tools-0.5.0-SNAPSHOT.jar:/home/user/.m2/repository/org/apache/hadoop/hadoop-hdds-server-scm/0.5.0-SNAPSHOT/hadoop-hdds-server-scm-0.5.0-SNAPSHOT.jar:/home/user/.m2/repository/org/apache/hadoop/hadoop-hdds-docs/0.5.0-SNAPSHOT/hadoop-hdds-docs-0.5.0-SNAPSHOT.jar:/home/user/.m2/repository/io/dropwizard/metrics/metrics-core/3.2.4/metrics-core-3.2.4.jar:/home/user/.m2/repository/org/hamcrest/hamcrest-all/1.3/hamcrest-all-1.3.jar:/home/user/.m2/repository/org/bouncycastle/bcprov-jdk15on/1.60/bcprov-jdk15on-1.60.jar:/home/user/.m2/repository/info/picocli/picocli/3.9.6/picocli-3.9.6.jar:/home/user/.m2/repository/com/google/protobuf/protobuf-java/2.5.0/protobuf-java-2.5.0.jar:/home/user/.m2/repository/com/google/guava/guava/11.0.2/guava-11.0.2.jar:/home/user/.m2/repository/org/apache/hadoop/hadoop-ozone-ozone-manager/0.5.0-SNAPSHOT/hadoop-ozone-ozone-manager-0.5.0-SNAPSHOT.jar:/home/user/.m2/repository/org/apache/hadoop/hadoop-minikdc/3.2.0/hadoop-minikdc-3.2.0.jar:/home/user/.m2/repository/commons-io/commons-io/2.5/commons-io-2.5.jar:/home/user/.m2/repository/org/apache/kerby/kerb-simplekdc/1.0.1/kerb-simplekdc-1.0.1.jar:/home/user/.m2/repository/org/apache/kerby/kerb-client/1.0.1/kerb-client-1.0.1.jar:/home/user/.m2/repository/org/apache/kerby/kerby-config/1.0.1/kerby-config-1.0.1.jar:/home/user/.m2/repository/org/apache/kerby/kerb-core/1.0.1/kerb-core-1.0.1.jar:/home/user/.m2/repository/org/apache/kerby/kerby-pkix/1.0.1/kerby-pkix-1.0.1.jar:/home/user/.m2/repository/org/apache/kerby/kerby-asn1/1.0.1/kerby-asn1-1.0.1.jar:/home/user/.m2/repository/org/apache/kerby/kerby-util/1.0.1/kerby-util-1.0.1.jar:/home/user/.m2/repository/org/apache/kerby/kerb-common/1.0.1/kerb-common-1.0.1.jar:/home/user/.m2/repository/org/apache/kerby/kerb-crypto/1.0.1/kerb-crypto-1.0.1.jar:/home/user/.m2/repository/org/apache/kerby/kerb-util/1.0.1/kerb-util-1.0.1.jar:/home/user/.m2/repository/org/apache/kerby/token-provider/1.0.1/token-provider-1.0.1.jar:/home/user/.m2/repository/org/apache/kerby/kerb-admin/1.0.1/kerb-admin-1.0.1.jar:/home/user/.m2/repository/org/apache/kerby/kerb-server/1.0.1/kerb-server-1.0.1.jar:/home/user/.m2/repository/org/apache/kerby/kerb-identity/1.0.1/kerb-identity-1.0.1.jar:/home/user/.m2/repository/org/apache/kerby/kerby-xdr/1.0.1/kerby-xdr-1.0.1.jar:/home/user/.m2/repository/org/slf4j/slf4j-log4j12/1.7.25/slf4j-log4j12-1.7.25.jar:/home/user/.m2/repository/org/apache/hadoop/hadoop-ozone-objectstore-service/0.5.0-SNAPSHOT/hadoop-ozone-objectstore-service-0.5.0-SNAPSHOT.jar:/home/user/.m2/repository/org/apache/hadoop/hadoop-ozone-s3gateway/0.5.0-SNAPSHOT/hadoop-ozone-s3gateway-0.5.0-SNAPSHOT.jar:/home/user/.m2/repository/org/jboss/weld/servlet/weld-servlet/2.4.7.Final/weld-servlet-2.4.7.Final.jar:/home/user/.m2/repository/org/glassfish/jersey/containers/jersey-container-servlet-core/2.27/jersey-container-servlet-core-2.27.jar:/home/user/.m2/repository/org/glassfish/hk2/external/javax.inject/2.5.0-b42/javax.inject-2.5.0-b42.jar:/home/user/.m2/repository/org/glassfish/jersey/core/jersey-common/2.27/jersey-common-2.27.jar:/home/user/.m2/repository/org/glassfish/hk2/osgi-resource-locator/1.0.1/osgi-resource-locator-1.0.1.jar:/home/user/.m2/repository/javax/ws/rs/javax.ws.rs-api/2.1/javax.ws.rs-api-2.1.jar:/home/user/.m2/repository/org/glassfish/jersey/ext/cdi/jersey-cdi1x/2.27/jersey-cdi1x-2.27.jar:/home/user/.m2/repository/org/glassfish/jersey/inject/jersey-hk2/2.27/jersey-hk2-2.27.jar:/home/user/.m2/repository/org/glassfish/hk2/hk2-locator/2.5.0-b42/hk2-locator-2.5.0-b42.jar:/home/user/.m2/repository/org/javassist/javassist/3.22.0-CR2/javassist-3.22.0-CR2.jar:/home/user/.m2/repository/org/glassfish/hk2/hk2-api/2.5.0/hk2-api-2.5.0.jar:/home/user/.m2/repository/org/glassfish/hk2/external/jakarta.inject/2.5.0/jakarta.inject-2.5.0.jar:/home/user/.m2/repository/org/glassfish/hk2/hk2-utils/2.5.0/hk2-utils-2.5.0.jar:/home/user/.m2/repository/jakarta/annotation/jakarta.annotation-api/1.3.4/jakarta.annotation-api-1.3.4.jar:/home/user/.m2/repository/org/glassfish/hk2/external/aopalliance-repackaged/2.5.0/aopalliance-repackaged-2.5.0.jar:/home/user/.m2/repository/com/fasterxml/jackson/dataformat/jackson-dataformat-xml/2.9.0/jackson-dataformat-xml-2.9.0.jar:/home/user/.m2/repository/com/fasterxml/jackson/core/jackson-core/2.9.5/jackson-core-2.9.5.jar:/home/user/.m2/repository/com/fasterxml/jackson/module/jackson-module-jaxb-annotations/2.9.5/jackson-module-jaxb-annotations-2.9.5.jar:/home/user/.m2/repository/javax/enterprise/cdi-api/1.2/cdi-api-1.2.jar:/home/user/.m2/repository/javax/el/javax.el-api/3.0.0/javax.el-api-3.0.0.jar:/home/user/.m2/repository/javax/interceptor/javax.interceptor-api/1.2/javax.interceptor-api-1.2.jar:/home/user/.m2/repository/javax/inject/javax.inject/1/javax.inject-1.jar:/home/user/.m2/repository/com/sun/xml/bind/jaxb-impl/2.3.0.1/jaxb-impl-2.3.0.1.jar:/home/user/.m2/repository/com/sun/xml/bind/jaxb-core/2.3.0.1/jaxb-core-2.3.0.1.jar:/home/user/.m2/repository/javax/xml/bind/jaxb-api/2.3.0/jaxb-api-2.3.0.jar:/home/user/.m2/repository/javax/activation/activation/1.1.1/activation-1.1.1.jar:/home/user/.m2/repository/org/apache/hadoop/hadoop-ozone-csi/0.5.0-SNAPSHOT/hadoop-ozone-csi-0.5.0-SNAPSHOT.jar:/home/user/.m2/repository/com/google/protobuf/protobuf-java-util/3.5.1/protobuf-java-util-3.5.1.jar:/home/user/.m2/repository/org/apache/hadoop/hadoop-hdds-config/0.5.0-SNAPSHOT/hadoop-hdds-config-0.5.0-SNAPSHOT.jar:/home/user/.m2/repository/io/grpc/grpc-netty/1.17.1/grpc-netty-1.17.1.jar:/home/user/.m2/repository/io/grpc/grpc-core/1.17.1/grpc-core-1.17.1.jar:/home/user/.m2/repository/io/grpc/grpc-context/1.17.1/grpc-context-1.17.1.jar:/home/user/.m2/repository/com/google/errorprone/error_prone_annotations/2.2.0/error_prone_annotations-2.2.0.jar:/home/user/.m2/repository/org/codehaus/mojo/animal-sniffer-annotations/1.17/animal-sniffer-annotations-1.17.jar:/home/user/.m2/repository/io/opencensus/opencensus-api/0.17.0/opencensus-api-0.17.0.jar:/home/user/.m2/repository/io/opencensus/opencensus-contrib-grpc-metrics/0.17.0/opencensus-contrib-grpc-metrics-0.17.0.jar:/home/user/.m2/repository/io/netty/netty-codec-http2/4.1.30.Final/netty-codec-http2-4.1.30.Final.jar:/home/user/.m2/repository/io/netty/netty-codec-http/4.1.30.Final/netty-codec-http-4.1.30.Final.jar:/home/user/.m2/repository/io/netty/netty-codec/4.1.30.Final/netty-codec-4.1.30.Final.jar:/home/user/.m2/repository/io/netty/netty-handler/4.1.30.Final/netty-handler-4.1.30.Final.jar:/home/user/.m2/repository/io/netty/netty-handler-proxy/4.1.30.Final/netty-handler-proxy-4.1.30.Final.jar:/home/user/.m2/repository/io/netty/netty-codec-socks/4.1.30.Final/netty-codec-socks-4.1.30.Final.jar:/home/user/.m2/repository/io/netty/netty-transport-native-epoll/4.1.30.Final/netty-transport-native-epoll-4.1.30.Final.jar:/home/user/.m2/repository/io/netty/netty-common/4.1.30.Final/netty-common-4.1.30.Final.jar:/home/user/.m2/repository/io/netty/netty-buffer/4.1.30.Final/netty-buffer-4.1.30.Final.jar:/home/user/.m2/repository/io/netty/netty-transport/4.1.30.Final/netty-transport-4.1.30.Final.jar:/home/user/.m2/repository/io/netty/netty-resolver/4.1.30.Final/netty-resolver-4.1.30.Final.jar:/home/user/.m2/repository/io/netty/netty-transport-native-unix-common/4.1.30.Final/netty-transport-native-unix-common-4.1.30.Final.jar:/home/user/.m2/repository/io/grpc/grpc-protobuf/1.17.1/grpc-protobuf-1.17.1.jar:/home/user/.m2/repository/com/google/api/grpc/proto-google-common-protos/1.0.0/proto-google-common-protos-1.0.0.jar:/home/user/.m2/repository/io/grpc/grpc-protobuf-lite/1.17.1/grpc-protobuf-lite-1.17.1.jar:/home/user/.m2/repository/io/grpc/grpc-stub/1.17.1/grpc-stub-1.17.1.jar:/home/user/.m2/repository/org/apache/hadoop/hadoop-ozone-recon/0.5.0-SNAPSHOT/hadoop-ozone-recon-0.5.0-SNAPSHOT.jar:/home/user/.m2/repository/org/apache/hadoop/hadoop-ozone-reconcodegen/0.5.0-SNAPSHOT/hadoop-ozone-reconcodegen-0.5.0-SNAPSHOT.jar:/home/user/.m2/repository/com/google/inject/extensions/guice-multibindings/4.0/guice-multibindings-4.0.jar:/home/user/.m2/repository/com/google/inject/guice/4.0/guice-4.0.jar:/home/user/.m2/repository/aopalliance/aopalliance/1.0/aopalliance-1.0.jar:/home/user/.m2/repository/com/google/inject/extensions/guice-servlet/4.0/guice-servlet-4.0.jar:/home/user/.m2/repository/org/glassfish/jersey/containers/jersey-container-servlet/2.27/jersey-container-servlet-2.27.jar:/home/user/.m2/repository/org/glassfish/hk2/guice-bridge/2.5.0/guice-bridge-2.5.0.jar:/home/user/.m2/repository/org/glassfish/jersey/core/jersey-server/2.27/jersey-server-2.27.jar:/home/user/.m2/repository/org/glassfish/jersey/core/jersey-client/2.27/jersey-client-2.27.jar:/home/user/.m2/repository/org/glassfish/jersey/media/jersey-media-jaxb/2.27/jersey-media-jaxb-2.27.jar:/home/user/.m2/repository/javax/validation/validation-api/1.1.0.Final/validation-api-1.1.0.Final.jar:/home/user/.m2/repository/org/glassfish/jersey/media/jersey-media-json-jackson/2.27/jersey-media-json-jackson-2.27.jar:/home/user/.m2/repository/org/glassfish/jersey/ext/jersey-entity-filtering/2.27/jersey-entity-filtering-2.27.jar:/home/user/.m2/repository/com/google/inject/extensions/guice-assistedinject/4.0/guice-assistedinject-4.0.jar:/home/user/.m2/repository/org/jooq/jooq/3.11.10/jooq-3.11.10.jar:/home/user/.m2/repository/org/jooq/jooq-meta/3.11.10/jooq-meta-3.11.10.jar:/home/user/.m2/repository/org/jooq/jooq-codegen/3.11.10/jooq-codegen-3.11.10.jar:/home/user/.m2/repository/com/jolbox/bonecp/0.8.0.RELEASE/bonecp-0.8.0.RELEASE.jar:/home/user/.m2/repository/org/xerial/sqlite-jdbc/3.25.2/sqlite-jdbc-3.25.2.jar:/home/user/.m2/repository/org/springframework/spring-jdbc/5.1.3.RELEASE/spring-jdbc-5.1.3.RELEASE.jar:/home/user/.m2/repository/org/springframework/spring-beans/5.1.3.RELEASE/spring-beans-5.1.3.RELEASE.jar:/home/user/.m2/repository/org/springframework/spring-core/5.1.3.RELEASE/spring-core-5.1.3.RELEASE.jar:/home/user/.m2/repository/org/springframework/spring-jcl/5.1.3.RELEASE/spring-jcl-5.1.3.RELEASE.jar:/home/user/.m2/repository/org/springframework/spring-tx/5.1.3.RELEASE/spring-tx-5.1.3.RELEASE.jar:/home/user/.m2/repository/org/apache/hadoop/hadoop-ozone-client/0.5.0-SNAPSHOT/hadoop-ozone-client-0.5.0-SNAPSHOT.jar:/home/user/.m2/repository/commons-lang/commons-lang/2.6/commons-lang-2.6.jar:/home/user/.m2/repository/org/apache/hadoop/hadoop-ozone-ozone-manager/0.5.0-SNAPSHOT/hadoop-ozone-ozone-manager-0.5.0-SNAPSHOT-tests.jar:/home/user/.m2/repository/junit/junit/4.11/junit-4.11.jar:/home/user/.m2/repository/org/hamcrest/hamcrest-core/1.3/hamcrest-core-1.3.jar:/home/user/.m2/repository/org/openjdk/jmh/jmh-core/1.19/jmh-core-1.19.jar:/home/user/.m2/repository/net/sf/jopt-simple/jopt-simple/4.6/jopt-simple-4.6.jar:/home/user/.m2/repository/org/apache/commons/commons-math3/3.1.1/commons-math3-3.1.1.jar:/home/user/.m2/repository/org/openjdk/jmh/jmh-generator-annprocess/1.19/jmh-generator-annprocess-1.19.jar:/home/user/.m2/repository/org/mockito/mockito-all/1.8.5/mockito-all-1.8.5.jar:/home/user/.m2/repository/org/apache/hadoop/hadoop-kms/3.2.0/hadoop-kms-3.2.0.jar:/home/user/.m2/repository/org/apache/hadoop/hadoop-auth/3.2.0/hadoop-auth-3.2.0.jar:/home/user/.m2/repository/com/nimbusds/nimbus-jose-jwt/4.41.1/nimbus-jose-jwt-4.41.1.jar:/home/user/.m2/repository/com/github/stephenc/jcip/jcip-annotations/1.0-1/jcip-annotations-1.0-1.jar:/home/user/.m2/repository/net/minidev/json-smart/2.3/json-smart-2.3.jar:/home/user/.m2/repository/net/minidev/accessors-smart/1.2/accessors-smart-1.2.jar:/home/user/.m2/repository/org/ow2/asm/asm/5.0.4/asm-5.0.4.jar:/home/user/.m2/repository/org/apache/curator/curator-framework/2.12.0/curator-framework-2.12.0.jar:/home/user/.m2/repository/com/sun/jersey/jersey-core/1.19/jersey-core-1.19.jar:/home/user/.m2/repository/javax/ws/rs/jsr311-api/1.1.1/jsr311-api-1.1.1.jar:/home/user/.m2/repository/com/sun/jersey/jersey-server/1.19/jersey-server-1.19.jar:/home/user/.m2/repository/javax/servlet/javax.servlet-api/3.1.0/javax.servlet-api-3.1.0.jar:/home/user/.m2/repository/org/eclipse/jetty/jetty-server/9.3.24.v20180605/jetty-server-9.3.24.v20180605.jar:/home/user/.m2/repository/org/eclipse/jetty/jetty-http/9.3.24.v20180605/jetty-http-9.3.24.v20180605.jar:/home/user/.m2/repository/org/eclipse/jetty/jetty-io/9.3.24.v20180605/jetty-io-9.3.24.v20180605.jar:/home/user/.m2/repository/org/eclipse/jetty/jetty-webapp/9.3.24.v20180605/jetty-webapp-9.3.24.v20180605.jar:/home/user/.m2/repository/org/eclipse/jetty/jetty-xml/9.3.24.v20180605/jetty-xml-9.3.24.v20180605.jar:/home/user/.m2/repository/log4j/log4j/1.2.17/log4j-1.2.17.jar:/home/user/.m2/repository/org/slf4j/slf4j-api/1.7.25/slf4j-api-1.7.25.jar:/home/user/.m2/repository/org/slf4j/jul-to-slf4j/1.7.25/jul-to-slf4j-1.7.25.jar:/home/user/.m2/repository/org/eclipse/jetty/jetty-util/9.3.24.v20180605/jetty-util-9.3.24.v20180605.jar:/home/user/.m2/repository/com/fasterxml/jackson/core/jackson-databind/2.9.5/jackson-databind-2.9.5.jar:/home/user/.m2/repository/org/apache/hadoop/hadoop-kms/3.2.0/hadoop-kms-3.2.0-tests.jar:/home/user/.m2/repository/org/apache/hadoop/hadoop-hdds-server-scm/0.5.0-SNAPSHOT/hadoop-hdds-server-scm-0.5.0-SNAPSHOT-tests.jar:/home/user/.m2/repository/org/apache/hadoop/hadoop-hdds-container-service/0.5.0-SNAPSHOT/hadoop-hdds-container-service-0.5.0-SNAPSHOT-tests.jar:/home/user/.m2/repository/org/yaml/snakeyaml/1.16/snakeyaml-1.16.jar:/home/user/.m2/repository/org/apache/hadoop/hadoop-common/3.2.0/hadoop-common-3.2.0-tests.jar:/home/user/.m2/repository/org/apache/hadoop/hadoop-annotations/3.2.0/hadoop-annotations-3.2.0.jar:/usr/lib/jvm/java-1.8-openjdk/jre/../lib/tools.jar:/home/user/.m2/repository/commons-cli/commons-cli/1.2/commons-cli-1.2.jar:/home/user/.m2/repository/org/apache/httpcomponents/httpclient/4.5.2/httpclient-4.5.2.jar:/home/user/.m2/repository/org/apache/httpcomponents/httpcore/4.4.4/httpcore-4.4.4.jar:/home/user/.m2/repository/commons-codec/commons-codec/1.11/commons-codec-1.11.jar:/home/user/.m2/repository/commons-net/commons-net/3.6/commons-net-3.6.jar:/home/user/.m2/repository/commons-collections/commons-collections/3.2.2/commons-collections-3.2.2.jar:/home/user/.m2/repository/org/eclipse/jetty/jetty-servlet/9.3.24.v20180605/jetty-servlet-9.3.24.v20180605.jar:/home/user/.m2/repository/org/eclipse/jetty/jetty-security/9.3.24.v20180605/jetty-security-9.3.24.v20180605.jar:/home/user/.m2/repository/javax/servlet/jsp/jsp-api/2.1/jsp-api-2.1.jar:/home/user/.m2/repository/com/sun/jersey/jersey-servlet/1.19/jersey-servlet-1.19.jar:/home/user/.m2/repository/com/sun/jersey/jersey-json/1.19/jersey-json-1.19.jar:/home/user/.m2/repository/org/codehaus/jettison/jettison/1.1/jettison-1.1.jar:/home/user/.m2/repository/org/codehaus/jackson/jackson-core-asl/1.9.13/jackson-core-asl-1.9.13.jar:/home/user/.m2/repository/org/codehaus/jackson/jackson-mapper-asl/1.9.13/jackson-mapper-asl-1.9.13.jar:/home/user/.m2/repository/org/codehaus/jackson/jackson-jaxrs/1.9.13/jackson-jaxrs-1.9.13.jar:/home/user/.m2/repository/org/codehaus/jackson/jackson-xc/1.9.13/jackson-xc-1.9.13.jar:/home/user/.m2/repository/commons-logging/commons-logging/1.1.3/commons-logging-1.1.3.jar:/home/user/.m2/repository/commons-beanutils/commons-beanutils/1.9.3/commons-beanutils-1.9.3.jar:/home/user/.m2/repository/org/apache/commons/commons-configuration2/2.1.1/commons-configuration2-2.1.1.jar:/home/user/.m2/repository/org/apache/commons/commons-lang3/3.7/commons-lang3-3.7.jar:/home/user/.m2/repository/org/apache/commons/commons-text/1.4/commons-text-1.4.jar:/home/user/.m2/repository/org/apache/avro/avro/1.7.7/avro-1.7.7.jar:/home/user/.m2/repository/com/thoughtworks/paranamer/paranamer/2.3/paranamer-2.3.jar:/home/user/.m2/repository/org/xerial/snappy/snappy-java/1.0.5/snappy-java-1.0.5.jar:/home/user/.m2/repository/com/google/re2j/re2j/1.1/re2j-1.1.jar:/home/user/.m2/repository/com/google/code/gson/gson/2.2.4/gson-2.2.4.jar:/home/user/.m2/repository/com/jcraft/jsch/0.1.54/jsch-0.1.54.jar:/home/user/.m2/repository/org/apache/curator/curator-client/2.12.0/curator-client-2.12.0.jar:/home/user/.m2/repository/org/apache/curator/curator-recipes/2.12.0/curator-recipes-2.12.0.jar:/home/user/.m2/repository/com/google/code/findbugs/jsr305/3.0.0/jsr305-3.0.0.jar:/home/user/.m2/repository/org/apache/htrace/htrace-core4/4.1.0-incubating/htrace-core4-4.1.0-incubating.jar:/home/user/.m2/repository/org/apache/zookeeper/zookeeper/3.4.13/zookeeper-3.4.13.jar:/home/user/.m2/repository/org/apache/yetus/audience-annotations/0.5.0/audience-annotations-0.5.0.jar:/home/user/.m2/repository/org/codehaus/woodstox/stax2-api/3.1.4/stax2-api-3.1.4.jar:/home/user/.m2/repository/com/fasterxml/woodstox/woodstox-core/5.0.3/woodstox-core-5.0.3.jar:/home/user/.m2/repository/dnsjava/dnsjava/2.1.7/dnsjava-2.1.7.jar:/home/user/.m2/repository/org/apache/hadoop/hadoop-hdfs/3.2.0/hadoop-hdfs-3.2.0-tests.jar:/home/user/.m2/repository/org/eclipse/jetty/jetty-util-ajax/9.3.24.v20180605/jetty-util-ajax-9.3.24.v20180605.jar:/home/user/.m2/repository/commons-daemon/commons-daemon/1.0.13/commons-daemon-1.0.13.jar:/home/user/.m2/repository/io/netty/netty/3.10.5.Final/netty-3.10.5.Final.jar:/home/user/.m2/repository/io/netty/netty-all/4.0.52.Final/netty-all-4.0.52.Final.jar:/home/user/.m2/repository/org/fusesource/leveldbjni/leveldbjni-all/1.8/leveldbjni-all-1.8.jar:"/>
    <property name="java.vm.vendor" value="IcedTea"/>
    <property name="sun.arch.data.model" value="64"/>
    <property name="test.build.dir" value="/workdir/hadoop-ozone/integration-test/target/test-dir"/>
    <property name="test.cache.data" value=""/>
    <property name="java.vendor.url" value="https://icedtea.classpath.org"/>
    <property name="user.timezone" value=""/>
    <property name="java.vm.specification.version" value="1.8"/>
    <property name="os.name" value="Linux"/>
    <property name="test.build.data" value="/workdir/hadoop-ozone/integration-test/target/test-dir"/>
    <property name="user.country" value="US"/>
    <property name="sun.java.launcher" value="SUN_STANDARD"/>
    <property name="sun.boot.library.path" value="/usr/lib/jvm/java-1.8-openjdk/jre/lib/amd64"/>
    <property name="sun.java.command" value="/workdir/hadoop-ozone/integration-test/target/surefire/surefirebooter7194454319902846896.jar /workdir/hadoop-ozone/integration-test/target/surefire 2019-08-28T18-47-49_567-jvmRun1 surefire2199326636028579500tmp surefire_315924698804106485816tmp"/>
    <property name="test" value="!TestMiniChaosOzoneCluster"/>
    <property name="surefire.test.class.path" value="/workdir/hadoop-ozone/integration-test/target/test-classes:/workdir/hadoop-ozone/integration-test/target/classes:/home/user/.m2/repository/org/apache/hadoop/hadoop-ozone-common/0.5.0-SNAPSHOT/hadoop-ozone-common-0.5.0-SNAPSHOT.jar:/home/user/.m2/repository/org/apache/commons/commons-compress/1.4.1/commons-compress-1.4.1.jar:/home/user/.m2/repository/org/tukaani/xz/1.0/xz-1.0.jar:/home/user/.m2/repository/org/apache/hadoop/hadoop-common/3.2.0/hadoop-common-3.2.0.jar:/home/user/.m2/repository/org/apache/hadoop/hadoop-hdfs/3.2.0/hadoop-hdfs-3.2.0.jar:/home/user/.m2/repository/org/apache/hadoop/hadoop-hdfs-client/3.2.0/hadoop-hdfs-client-3.2.0.jar:/home/user/.m2/repository/com/fasterxml/jackson/core/jackson-annotations/2.9.5/jackson-annotations-2.9.5.jar:/home/user/.m2/repository/org/apache/hadoop/hadoop-hdds-common/0.5.0-SNAPSHOT/hadoop-hdds-common-0.5.0-SNAPSHOT.jar:/home/user/.m2/repository/javax/annotation/javax.annotation-api/1.2/javax.annotation-api-1.2.jar:/home/user/.m2/repository/org/apache/ratis/ratis-server/0.4.0-2337318-SNAPSHOT/ratis-server-0.4.0-2337318-SNAPSHOT.jar:/home/user/.m2/repository/org/apache/ratis/ratis-thirdparty-misc/0.2.0/ratis-thirdparty-misc-0.2.0.jar:/home/user/.m2/repository/org/apache/ratis/ratis-proto/0.4.0-2337318-SNAPSHOT/ratis-proto-0.4.0-2337318-SNAPSHOT.jar:/home/user/.m2/repository/org/apache/ratis/ratis-common/0.4.0-2337318-SNAPSHOT/ratis-common-0.4.0-2337318-SNAPSHOT.jar:/home/user/.m2/repository/org/apache/ratis/ratis-client/0.4.0-2337318-SNAPSHOT/ratis-client-0.4.0-2337318-SNAPSHOT.jar:/home/user/.m2/repository/org/apache/ratis/ratis-metrics/0.4.0-2337318-SNAPSHOT/ratis-metrics-0.4.0-2337318-SNAPSHOT.jar:/home/user/.m2/repository/org/apache/ratis/ratis-netty/0.4.0-2337318-SNAPSHOT/ratis-netty-0.4.0-2337318-SNAPSHOT.jar:/home/user/.m2/repository/org/apache/ratis/ratis-grpc/0.4.0-2337318-SNAPSHOT/ratis-grpc-0.4.0-2337318-SNAPSHOT.jar:/home/user/.m2/repository/org/rocksdb/rocksdbjni/6.0.1/rocksdbjni-6.0.1.jar:/home/user/.m2/repository/org/apache/logging/log4j/log4j-api/2.11.0/log4j-api-2.11.0.jar:/home/user/.m2/repository/org/apache/logging/log4j/log4j-core/2.11.0/log4j-core-2.11.0.jar:/home/user/.m2/repository/com/lmax/disruptor/3.4.2/disruptor-3.4.2.jar:/home/user/.m2/repository/org/apache/commons/commons-pool2/2.6.0/commons-pool2-2.6.0.jar:/home/user/.m2/repository/org/bouncycastle/bcpkix-jdk15on/1.60/bcpkix-jdk15on-1.60.jar:/home/user/.m2/repository/commons-validator/commons-validator/1.6/commons-validator-1.6.jar:/home/user/.m2/repository/commons-digester/commons-digester/1.8.1/commons-digester-1.8.1.jar:/home/user/.m2/repository/io/jaegertracing/jaeger-client/0.33.1/jaeger-client-0.33.1.jar:/home/user/.m2/repository/io/jaegertracing/jaeger-thrift/0.33.1/jaeger-thrift-0.33.1.jar:/home/user/.m2/repository/org/apache/thrift/libthrift/0.11.0/libthrift-0.11.0.jar:/home/user/.m2/repository/com/squareup/okhttp3/okhttp/3.9.0/okhttp-3.9.0.jar:/home/user/.m2/repository/com/squareup/okio/okio/1.13.0/okio-1.13.0.jar:/home/user/.m2/repository/io/jaegertracing/jaeger-core/0.33.1/jaeger-core-0.33.1.jar:/home/user/.m2/repository/io/jaegertracing/jaeger-tracerresolver/0.33.1/jaeger-tracerresolver-0.33.1.jar:/home/user/.m2/repository/io/opentracing/contrib/opentracing-tracerresolver/0.1.5/opentracing-tracerresolver-0.1.5.jar:/home/user/.m2/repository/io/opentracing/opentracing-util/0.31.0/opentracing-util-0.31.0.jar:/home/user/.m2/repository/io/opentracing/opentracing-api/0.31.0/opentracing-api-0.31.0.jar:/home/user/.m2/repository/io/opentracing/opentracing-noop/0.31.0/opentracing-noop-0.31.0.jar:/home/user/.m2/repository/org/apache/hadoop/hadoop-hdds-server-framework/0.5.0-SNAPSHOT/hadoop-hdds-server-framework-0.5.0-SNAPSHOT.jar:/home/user/.m2/repository/org/apache/hadoop/hadoop-hdds-container-service/0.5.0-SNAPSHOT/hadoop-hdds-container-service-0.5.0-SNAPSHOT.jar:/home/user/.m2/repository/org/apache/hadoop/hadoop-hdds-client/0.5.0-SNAPSHOT/hadoop-hdds-client-0.5.0-SNAPSHOT.jar:/home/user/.m2/repository/org/apache/hadoop/hadoop-hdds-tools/0.5.0-SNAPSHOT/hadoop-hdds-tools-0.5.0-SNAPSHOT.jar:/home/user/.m2/repository/org/apache/hadoop/hadoop-hdds-server-scm/0.5.0-SNAPSHOT/hadoop-hdds-server-scm-0.5.0-SNAPSHOT.jar:/home/user/.m2/repository/org/apache/hadoop/hadoop-hdds-docs/0.5.0-SNAPSHOT/hadoop-hdds-docs-0.5.0-SNAPSHOT.jar:/home/user/.m2/repository/io/dropwizard/metrics/metrics-core/3.2.4/metrics-core-3.2.4.jar:/home/user/.m2/repository/org/hamcrest/hamcrest-all/1.3/hamcrest-all-1.3.jar:/home/user/.m2/repository/org/bouncycastle/bcprov-jdk15on/1.60/bcprov-jdk15on-1.60.jar:/home/user/.m2/repository/info/picocli/picocli/3.9.6/picocli-3.9.6.jar:/home/user/.m2/repository/com/google/protobuf/protobuf-java/2.5.0/protobuf-java-2.5.0.jar:/home/user/.m2/repository/com/google/guava/guava/11.0.2/guava-11.0.2.jar:/home/user/.m2/repository/org/apache/hadoop/hadoop-ozone-ozone-manager/0.5.0-SNAPSHOT/hadoop-ozone-ozone-manager-0.5.0-SNAPSHOT.jar:/home/user/.m2/repository/org/apache/hadoop/hadoop-minikdc/3.2.0/hadoop-minikdc-3.2.0.jar:/home/user/.m2/repository/commons-io/commons-io/2.5/commons-io-2.5.jar:/home/user/.m2/repository/org/apache/kerby/kerb-simplekdc/1.0.1/kerb-simplekdc-1.0.1.jar:/home/user/.m2/repository/org/apache/kerby/kerb-client/1.0.1/kerb-client-1.0.1.jar:/home/user/.m2/repository/org/apache/kerby/kerby-config/1.0.1/kerby-config-1.0.1.jar:/home/user/.m2/repository/org/apache/kerby/kerb-core/1.0.1/kerb-core-1.0.1.jar:/home/user/.m2/repository/org/apache/kerby/kerby-pkix/1.0.1/kerby-pkix-1.0.1.jar:/home/user/.m2/repository/org/apache/kerby/kerby-asn1/1.0.1/kerby-asn1-1.0.1.jar:/home/user/.m2/repository/org/apache/kerby/kerby-util/1.0.1/kerby-util-1.0.1.jar:/home/user/.m2/repository/org/apache/kerby/kerb-common/1.0.1/kerb-common-1.0.1.jar:/home/user/.m2/repository/org/apache/kerby/kerb-crypto/1.0.1/kerb-crypto-1.0.1.jar:/home/user/.m2/repository/org/apache/kerby/kerb-util/1.0.1/kerb-util-1.0.1.jar:/home/user/.m2/repository/org/apache/kerby/token-provider/1.0.1/token-provider-1.0.1.jar:/home/user/.m2/repository/org/apache/kerby/kerb-admin/1.0.1/kerb-admin-1.0.1.jar:/home/user/.m2/repository/org/apache/kerby/kerb-server/1.0.1/kerb-server-1.0.1.jar:/home/user/.m2/repository/org/apache/kerby/kerb-identity/1.0.1/kerb-identity-1.0.1.jar:/home/user/.m2/repository/org/apache/kerby/kerby-xdr/1.0.1/kerby-xdr-1.0.1.jar:/home/user/.m2/repository/org/slf4j/slf4j-log4j12/1.7.25/slf4j-log4j12-1.7.25.jar:/home/user/.m2/repository/org/apache/hadoop/hadoop-ozone-objectstore-service/0.5.0-SNAPSHOT/hadoop-ozone-objectstore-service-0.5.0-SNAPSHOT.jar:/home/user/.m2/repository/org/apache/hadoop/hadoop-ozone-s3gateway/0.5.0-SNAPSHOT/hadoop-ozone-s3gateway-0.5.0-SNAPSHOT.jar:/home/user/.m2/repository/org/jboss/weld/servlet/weld-servlet/2.4.7.Final/weld-servlet-2.4.7.Final.jar:/home/user/.m2/repository/org/glassfish/jersey/containers/jersey-container-servlet-core/2.27/jersey-container-servlet-core-2.27.jar:/home/user/.m2/repository/org/glassfish/hk2/external/javax.inject/2.5.0-b42/javax.inject-2.5.0-b42.jar:/home/user/.m2/repository/org/glassfish/jersey/core/jersey-common/2.27/jersey-common-2.27.jar:/home/user/.m2/repository/org/glassfish/hk2/osgi-resource-locator/1.0.1/osgi-resource-locator-1.0.1.jar:/home/user/.m2/repository/javax/ws/rs/javax.ws.rs-api/2.1/javax.ws.rs-api-2.1.jar:/home/user/.m2/repository/org/glassfish/jersey/ext/cdi/jersey-cdi1x/2.27/jersey-cdi1x-2.27.jar:/home/user/.m2/repository/org/glassfish/jersey/inject/jersey-hk2/2.27/jersey-hk2-2.27.jar:/home/user/.m2/repository/org/glassfish/hk2/hk2-locator/2.5.0-b42/hk2-locator-2.5.0-b42.jar:/home/user/.m2/repository/org/javassist/javassist/3.22.0-CR2/javassist-3.22.0-CR2.jar:/home/user/.m2/repository/org/glassfish/hk2/hk2-api/2.5.0/hk2-api-2.5.0.jar:/home/user/.m2/repository/org/glassfish/hk2/external/jakarta.inject/2.5.0/jakarta.inject-2.5.0.jar:/home/user/.m2/repository/org/glassfish/hk2/hk2-utils/2.5.0/hk2-utils-2.5.0.jar:/home/user/.m2/repository/jakarta/annotation/jakarta.annotation-api/1.3.4/jakarta.annotation-api-1.3.4.jar:/home/user/.m2/repository/org/glassfish/hk2/external/aopalliance-repackaged/2.5.0/aopalliance-repackaged-2.5.0.jar:/home/user/.m2/repository/com/fasterxml/jackson/dataformat/jackson-dataformat-xml/2.9.0/jackson-dataformat-xml-2.9.0.jar:/home/user/.m2/repository/com/fasterxml/jackson/core/jackson-core/2.9.5/jackson-core-2.9.5.jar:/home/user/.m2/repository/com/fasterxml/jackson/module/jackson-module-jaxb-annotations/2.9.5/jackson-module-jaxb-annotations-2.9.5.jar:/home/user/.m2/repository/javax/enterprise/cdi-api/1.2/cdi-api-1.2.jar:/home/user/.m2/repository/javax/el/javax.el-api/3.0.0/javax.el-api-3.0.0.jar:/home/user/.m2/repository/javax/interceptor/javax.interceptor-api/1.2/javax.interceptor-api-1.2.jar:/home/user/.m2/repository/javax/inject/javax.inject/1/javax.inject-1.jar:/home/user/.m2/repository/com/sun/xml/bind/jaxb-impl/2.3.0.1/jaxb-impl-2.3.0.1.jar:/home/user/.m2/repository/com/sun/xml/bind/jaxb-core/2.3.0.1/jaxb-core-2.3.0.1.jar:/home/user/.m2/repository/javax/xml/bind/jaxb-api/2.3.0/jaxb-api-2.3.0.jar:/home/user/.m2/repository/javax/activation/activation/1.1.1/activation-1.1.1.jar:/home/user/.m2/repository/org/apache/hadoop/hadoop-ozone-csi/0.5.0-SNAPSHOT/hadoop-ozone-csi-0.5.0-SNAPSHOT.jar:/home/user/.m2/repository/com/google/protobuf/protobuf-java-util/3.5.1/protobuf-java-util-3.5.1.jar:/home/user/.m2/repository/org/apache/hadoop/hadoop-hdds-config/0.5.0-SNAPSHOT/hadoop-hdds-config-0.5.0-SNAPSHOT.jar:/home/user/.m2/repository/io/grpc/grpc-netty/1.17.1/grpc-netty-1.17.1.jar:/home/user/.m2/repository/io/grpc/grpc-core/1.17.1/grpc-core-1.17.1.jar:/home/user/.m2/repository/io/grpc/grpc-context/1.17.1/grpc-context-1.17.1.jar:/home/user/.m2/repository/com/google/errorprone/error_prone_annotations/2.2.0/error_prone_annotations-2.2.0.jar:/home/user/.m2/repository/org/codehaus/mojo/animal-sniffer-annotations/1.17/animal-sniffer-annotations-1.17.jar:/home/user/.m2/repository/io/opencensus/opencensus-api/0.17.0/opencensus-api-0.17.0.jar:/home/user/.m2/repository/io/opencensus/opencensus-contrib-grpc-metrics/0.17.0/opencensus-contrib-grpc-metrics-0.17.0.jar:/home/user/.m2/repository/io/netty/netty-codec-http2/4.1.30.Final/netty-codec-http2-4.1.30.Final.jar:/home/user/.m2/repository/io/netty/netty-codec-http/4.1.30.Final/netty-codec-http-4.1.30.Final.jar:/home/user/.m2/repository/io/netty/netty-codec/4.1.30.Final/netty-codec-4.1.30.Final.jar:/home/user/.m2/repository/io/netty/netty-handler/4.1.30.Final/netty-handler-4.1.30.Final.jar:/home/user/.m2/repository/io/netty/netty-handler-proxy/4.1.30.Final/netty-handler-proxy-4.1.30.Final.jar:/home/user/.m2/repository/io/netty/netty-codec-socks/4.1.30.Final/netty-codec-socks-4.1.30.Final.jar:/home/user/.m2/repository/io/netty/netty-transport-native-epoll/4.1.30.Final/netty-transport-native-epoll-4.1.30.Final.jar:/home/user/.m2/repository/io/netty/netty-common/4.1.30.Final/netty-common-4.1.30.Final.jar:/home/user/.m2/repository/io/netty/netty-buffer/4.1.30.Final/netty-buffer-4.1.30.Final.jar:/home/user/.m2/repository/io/netty/netty-transport/4.1.30.Final/netty-transport-4.1.30.Final.jar:/home/user/.m2/repository/io/netty/netty-resolver/4.1.30.Final/netty-resolver-4.1.30.Final.jar:/home/user/.m2/repository/io/netty/netty-transport-native-unix-common/4.1.30.Final/netty-transport-native-unix-common-4.1.30.Final.jar:/home/user/.m2/repository/io/grpc/grpc-protobuf/1.17.1/grpc-protobuf-1.17.1.jar:/home/user/.m2/repository/com/google/api/grpc/proto-google-common-protos/1.0.0/proto-google-common-protos-1.0.0.jar:/home/user/.m2/repository/io/grpc/grpc-protobuf-lite/1.17.1/grpc-protobuf-lite-1.17.1.jar:/home/user/.m2/repository/io/grpc/grpc-stub/1.17.1/grpc-stub-1.17.1.jar:/home/user/.m2/repository/org/apache/hadoop/hadoop-ozone-recon/0.5.0-SNAPSHOT/hadoop-ozone-recon-0.5.0-SNAPSHOT.jar:/home/user/.m2/repository/org/apache/hadoop/hadoop-ozone-reconcodegen/0.5.0-SNAPSHOT/hadoop-ozone-reconcodegen-0.5.0-SNAPSHOT.jar:/home/user/.m2/repository/com/google/inject/extensions/guice-multibindings/4.0/guice-multibindings-4.0.jar:/home/user/.m2/repository/com/google/inject/guice/4.0/guice-4.0.jar:/home/user/.m2/repository/aopalliance/aopalliance/1.0/aopalliance-1.0.jar:/home/user/.m2/repository/com/google/inject/extensions/guice-servlet/4.0/guice-servlet-4.0.jar:/home/user/.m2/repository/org/glassfish/jersey/containers/jersey-container-servlet/2.27/jersey-container-servlet-2.27.jar:/home/user/.m2/repository/org/glassfish/hk2/guice-bridge/2.5.0/guice-bridge-2.5.0.jar:/home/user/.m2/repository/org/glassfish/jersey/core/jersey-server/2.27/jersey-server-2.27.jar:/home/user/.m2/repository/org/glassfish/jersey/core/jersey-client/2.27/jersey-client-2.27.jar:/home/user/.m2/repository/org/glassfish/jersey/media/jersey-media-jaxb/2.27/jersey-media-jaxb-2.27.jar:/home/user/.m2/repository/javax/validation/validation-api/1.1.0.Final/validation-api-1.1.0.Final.jar:/home/user/.m2/repository/org/glassfish/jersey/media/jersey-media-json-jackson/2.27/jersey-media-json-jackson-2.27.jar:/home/user/.m2/repository/org/glassfish/jersey/ext/jersey-entity-filtering/2.27/jersey-entity-filtering-2.27.jar:/home/user/.m2/repository/com/google/inject/extensions/guice-assistedinject/4.0/guice-assistedinject-4.0.jar:/home/user/.m2/repository/org/jooq/jooq/3.11.10/jooq-3.11.10.jar:/home/user/.m2/repository/org/jooq/jooq-meta/3.11.10/jooq-meta-3.11.10.jar:/home/user/.m2/repository/org/jooq/jooq-codegen/3.11.10/jooq-codegen-3.11.10.jar:/home/user/.m2/repository/com/jolbox/bonecp/0.8.0.RELEASE/bonecp-0.8.0.RELEASE.jar:/home/user/.m2/repository/org/xerial/sqlite-jdbc/3.25.2/sqlite-jdbc-3.25.2.jar:/home/user/.m2/repository/org/springframework/spring-jdbc/5.1.3.RELEASE/spring-jdbc-5.1.3.RELEASE.jar:/home/user/.m2/repository/org/springframework/spring-beans/5.1.3.RELEASE/spring-beans-5.1.3.RELEASE.jar:/home/user/.m2/repository/org/springframework/spring-core/5.1.3.RELEASE/spring-core-5.1.3.RELEASE.jar:/home/user/.m2/repository/org/springframework/spring-jcl/5.1.3.RELEASE/spring-jcl-5.1.3.RELEASE.jar:/home/user/.m2/repository/org/springframework/spring-tx/5.1.3.RELEASE/spring-tx-5.1.3.RELEASE.jar:/home/user/.m2/repository/org/apache/hadoop/hadoop-ozone-client/0.5.0-SNAPSHOT/hadoop-ozone-client-0.5.0-SNAPSHOT.jar:/home/user/.m2/repository/commons-lang/commons-lang/2.6/commons-lang-2.6.jar:/home/user/.m2/repository/org/apache/hadoop/hadoop-ozone-ozone-manager/0.5.0-SNAPSHOT/hadoop-ozone-ozone-manager-0.5.0-SNAPSHOT-tests.jar:/home/user/.m2/repository/junit/junit/4.11/junit-4.11.jar:/home/user/.m2/repository/org/hamcrest/hamcrest-core/1.3/hamcrest-core-1.3.jar:/home/user/.m2/repository/org/openjdk/jmh/jmh-core/1.19/jmh-core-1.19.jar:/home/user/.m2/repository/net/sf/jopt-simple/jopt-simple/4.6/jopt-simple-4.6.jar:/home/user/.m2/repository/org/apache/commons/commons-math3/3.1.1/commons-math3-3.1.1.jar:/home/user/.m2/repository/org/openjdk/jmh/jmh-generator-annprocess/1.19/jmh-generator-annprocess-1.19.jar:/home/user/.m2/repository/org/mockito/mockito-all/1.8.5/mockito-all-1.8.5.jar:/home/user/.m2/repository/org/apache/hadoop/hadoop-kms/3.2.0/hadoop-kms-3.2.0.jar:/home/user/.m2/repository/org/apache/hadoop/hadoop-auth/3.2.0/hadoop-auth-3.2.0.jar:/home/user/.m2/repository/com/nimbusds/nimbus-jose-jwt/4.41.1/nimbus-jose-jwt-4.41.1.jar:/home/user/.m2/repository/com/github/stephenc/jcip/jcip-annotations/1.0-1/jcip-annotations-1.0-1.jar:/home/user/.m2/repository/net/minidev/json-smart/2.3/json-smart-2.3.jar:/home/user/.m2/repository/net/minidev/accessors-smart/1.2/accessors-smart-1.2.jar:/home/user/.m2/repository/org/ow2/asm/asm/5.0.4/asm-5.0.4.jar:/home/user/.m2/repository/org/apache/curator/curator-framework/2.12.0/curator-framework-2.12.0.jar:/home/user/.m2/repository/com/sun/jersey/jersey-core/1.19/jersey-core-1.19.jar:/home/user/.m2/repository/javax/ws/rs/jsr311-api/1.1.1/jsr311-api-1.1.1.jar:/home/user/.m2/repository/com/sun/jersey/jersey-server/1.19/jersey-server-1.19.jar:/home/user/.m2/repository/javax/servlet/javax.servlet-api/3.1.0/javax.servlet-api-3.1.0.jar:/home/user/.m2/repository/org/eclipse/jetty/jetty-server/9.3.24.v20180605/jetty-server-9.3.24.v20180605.jar:/home/user/.m2/repository/org/eclipse/jetty/jetty-http/9.3.24.v20180605/jetty-http-9.3.24.v20180605.jar:/home/user/.m2/repository/org/eclipse/jetty/jetty-io/9.3.24.v20180605/jetty-io-9.3.24.v20180605.jar:/home/user/.m2/repository/org/eclipse/jetty/jetty-webapp/9.3.24.v20180605/jetty-webapp-9.3.24.v20180605.jar:/home/user/.m2/repository/org/eclipse/jetty/jetty-xml/9.3.24.v20180605/jetty-xml-9.3.24.v20180605.jar:/home/user/.m2/repository/log4j/log4j/1.2.17/log4j-1.2.17.jar:/home/user/.m2/repository/org/slf4j/slf4j-api/1.7.25/slf4j-api-1.7.25.jar:/home/user/.m2/repository/org/slf4j/jul-to-slf4j/1.7.25/jul-to-slf4j-1.7.25.jar:/home/user/.m2/repository/org/eclipse/jetty/jetty-util/9.3.24.v20180605/jetty-util-9.3.24.v20180605.jar:/home/user/.m2/repository/com/fasterxml/jackson/core/jackson-databind/2.9.5/jackson-databind-2.9.5.jar:/home/user/.m2/repository/org/apache/hadoop/hadoop-kms/3.2.0/hadoop-kms-3.2.0-tests.jar:/home/user/.m2/repository/org/apache/hadoop/hadoop-hdds-server-scm/0.5.0-SNAPSHOT/hadoop-hdds-server-scm-0.5.0-SNAPSHOT-tests.jar:/home/user/.m2/repository/org/apache/hadoop/hadoop-hdds-container-service/0.5.0-SNAPSHOT/hadoop-hdds-container-service-0.5.0-SNAPSHOT-tests.jar:/home/user/.m2/repository/org/yaml/snakeyaml/1.16/snakeyaml-1.16.jar:/home/user/.m2/repository/org/apache/hadoop/hadoop-common/3.2.0/hadoop-common-3.2.0-tests.jar:/home/user/.m2/repository/org/apache/hadoop/hadoop-annotations/3.2.0/hadoop-annotations-3.2.0.jar:/usr/lib/jvm/java-1.8-openjdk/jre/../lib/tools.jar:/home/user/.m2/repository/commons-cli/commons-cli/1.2/commons-cli-1.2.jar:/home/user/.m2/repository/org/apache/httpcomponents/httpclient/4.5.2/httpclient-4.5.2.jar:/home/user/.m2/repository/org/apache/httpcomponents/httpcore/4.4.4/httpcore-4.4.4.jar:/home/user/.m2/repository/commons-codec/commons-codec/1.11/commons-codec-1.11.jar:/home/user/.m2/repository/commons-net/commons-net/3.6/commons-net-3.6.jar:/home/user/.m2/repository/commons-collections/commons-collections/3.2.2/commons-collections-3.2.2.jar:/home/user/.m2/repository/org/eclipse/jetty/jetty-servlet/9.3.24.v20180605/jetty-servlet-9.3.24.v20180605.jar:/home/user/.m2/repository/org/eclipse/jetty/jetty-security/9.3.24.v20180605/jetty-security-9.3.24.v20180605.jar:/home/user/.m2/repository/javax/servlet/jsp/jsp-api/2.1/jsp-api-2.1.jar:/home/user/.m2/repository/com/sun/jersey/jersey-servlet/1.19/jersey-servlet-1.19.jar:/home/user/.m2/repository/com/sun/jersey/jersey-json/1.19/jersey-json-1.19.jar:/home/user/.m2/repository/org/codehaus/jettison/jettison/1.1/jettison-1.1.jar:/home/user/.m2/repository/org/codehaus/jackson/jackson-core-asl/1.9.13/jackson-core-asl-1.9.13.jar:/home/user/.m2/repository/org/codehaus/jackson/jackson-mapper-asl/1.9.13/jackson-mapper-asl-1.9.13.jar:/home/user/.m2/repository/org/codehaus/jackson/jackson-jaxrs/1.9.13/jackson-jaxrs-1.9.13.jar:/home/user/.m2/repository/org/codehaus/jackson/jackson-xc/1.9.13/jackson-xc-1.9.13.jar:/home/user/.m2/repository/commons-logging/commons-logging/1.1.3/commons-logging-1.1.3.jar:/home/user/.m2/repository/commons-beanutils/commons-beanutils/1.9.3/commons-beanutils-1.9.3.jar:/home/user/.m2/repository/org/apache/commons/commons-configuration2/2.1.1/commons-configuration2-2.1.1.jar:/home/user/.m2/repository/org/apache/commons/commons-lang3/3.7/commons-lang3-3.7.jar:/home/user/.m2/repository/org/apache/commons/commons-text/1.4/commons-text-1.4.jar:/home/user/.m2/repository/org/apache/avro/avro/1.7.7/avro-1.7.7.jar:/home/user/.m2/repository/com/thoughtworks/paranamer/paranamer/2.3/paranamer-2.3.jar:/home/user/.m2/repository/org/xerial/snappy/snappy-java/1.0.5/snappy-java-1.0.5.jar:/home/user/.m2/repository/com/google/re2j/re2j/1.1/re2j-1.1.jar:/home/user/.m2/repository/com/google/code/gson/gson/2.2.4/gson-2.2.4.jar:/home/user/.m2/repository/com/jcraft/jsch/0.1.54/jsch-0.1.54.jar:/home/user/.m2/repository/org/apache/curator/curator-client/2.12.0/curator-client-2.12.0.jar:/home/user/.m2/repository/org/apache/curator/curator-recipes/2.12.0/curator-recipes-2.12.0.jar:/home/user/.m2/repository/com/google/code/findbugs/jsr305/3.0.0/jsr305-3.0.0.jar:/home/user/.m2/repository/org/apache/htrace/htrace-core4/4.1.0-incubating/htrace-core4-4.1.0-incubating.jar:/home/user/.m2/repository/org/apache/zookeeper/zookeeper/3.4.13/zookeeper-3.4.13.jar:/home/user/.m2/repository/org/apache/yetus/audience-annotations/0.5.0/audience-annotations-0.5.0.jar:/home/user/.m2/repository/org/codehaus/woodstox/stax2-api/3.1.4/stax2-api-3.1.4.jar:/home/user/.m2/repository/com/fasterxml/woodstox/woodstox-core/5.0.3/woodstox-core-5.0.3.jar:/home/user/.m2/repository/dnsjava/dnsjava/2.1.7/dnsjava-2.1.7.jar:/home/user/.m2/repository/org/apache/hadoop/hadoop-hdfs/3.2.0/hadoop-hdfs-3.2.0-tests.jar:/home/user/.m2/repository/org/eclipse/jetty/jetty-util-ajax/9.3.24.v20180605/jetty-util-ajax-9.3.24.v20180605.jar:/home/user/.m2/repository/commons-daemon/commons-daemon/1.0.13/commons-daemon-1.0.13.jar:/home/user/.m2/repository/io/netty/netty/3.10.5.Final/netty-3.10.5.Final.jar:/home/user/.m2/repository/io/netty/netty-all/4.0.52.Final/netty-all-4.0.52.Final.jar:/home/user/.m2/repository/org/fusesource/leveldbjni/leveldbjni-all/1.8/leveldbjni-all-1.8.jar:"/>
    <property name="sun.cpu.endian" value="little"/>
    <property name="user.home" value="/home/user"/>
    <property name="user.language" value="en"/>
    <property name="java.specification.vendor" value="Oracle Corporation"/>
    <property name="java.home" value="/usr/lib/jvm/java-1.8-openjdk/jre"/>
    <property name="java.security.krb5.conf" value="/workdir/hadoop-ozone/integration-test/target/test-classes/krb5.conf"/>
    <property name="basedir" value="/workdir/hadoop-ozone/integration-test"/>
    <property name="file.separator" value="/"/>
    <property name="line.separator" value="&#10;"/>
    <property name="java.vm.specification.vendor" value="Oracle Corporation"/>
    <property name="java.specification.name" value="Java Platform API Specification"/>
    <property name="java.awt.graphicsenv" value="sun.awt.X11GraphicsEnvironment"/>
    <property name="surefire.real.class.path" value="/workdir/hadoop-ozone/integration-test/target/surefire/surefirebooter7194454319902846896.jar"/>
    <property name="hadoop.log.dir" value="/workdir/hadoop-ozone/integration-test/target/log"/>
    <property name="sun.boot.class.path" value="/usr/lib/jvm/java-1.8-openjdk/jre/lib/resources.jar:/usr/lib/jvm/java-1.8-openjdk/jre/lib/rt.jar:/usr/lib/jvm/java-1.8-openjdk/jre/lib/sunrsasign.jar:/usr/lib/jvm/java-1.8-openjdk/jre/lib/jsse.jar:/usr/lib/jvm/java-1.8-openjdk/jre/lib/jce.jar:/usr/lib/jvm/java-1.8-openjdk/jre/lib/charsets.jar:/usr/lib/jvm/java-1.8-openjdk/jre/lib/jfr.jar:/usr/lib/jvm/java-1.8-openjdk/jre/classes"/>
    <property name="sun.management.compiler" value="HotSpot 64-Bit Tiered Compilers"/>
    <property name="java.runtime.version" value="1.8.0_212-b04"/>
    <property name="java.net.preferIPv4Stack" value="true"/>
    <property name="user.name" value="jenkins1000"/>
    <property name="path.separator" value=":"/>
    <property name="java.security.egd" value="file:///dev/urandom"/>
    <property name="os.version" value="3.10.0-957.12.2.el7.x86_64"/>
    <property name="java.endorsed.dirs" value="/usr/lib/jvm/java-1.8-openjdk/jre/lib/endorsed"/>
    <property name="java.runtime.name" value="OpenJDK Runtime Environment"/>
    <property name="file.encoding" value="UTF-8"/>
    <property name="java.vm.name" value="OpenJDK 64-Bit Server VM"/>
    <property name="test.build.webapps" value=""/>
    <property name="localRepository" value="/home/user/.m2/repository"/>
    <property name="java.vendor.url.bug" value="https://icedtea.classpath.org/bugzilla"/>
    <property name="java.io.tmpdir" value="/tmp"/>
    <property name="require.test.libhadoop" value=""/>
    <property name="java.version" value="1.8.0_212"/>
    <property name="user.dir" value="/workdir/hadoop-ozone/integration-test"/>
    <property name="os.arch" value="amd64"/>
    <property name="java.vm.specification.name" value="Java Virtual Machine Specification"/>
    <property name="test.build.classes" value="/workdir/hadoop-ozone/integration-test/target/test-classes"/>
    <property name="java.awt.printerjob" value="sun.print.PSPrinterJob"/>
    <property name="sun.os.patch.level" value="unknown"/>
    <property name="hadoop.tmp.dir" value="/workdir/hadoop-ozone/integration-test/target/tmp"/>
    <property name="java.library.path" value="/usr/lib/jvm/java-1.8-openjdk/jre/lib/amd64/server:/usr/lib/jvm/java-1.8-openjdk/jre/lib/amd64:/usr/lib/jvm/java-1.8-openjdk/jre/../lib/amd64:/workdir/hadoop-ozone/integration-test/target/native/target/usr/local/lib:/workdir/hadoop-ozone/integration-test/../../hadoop-common-project/hadoop-common/target/native/target/usr/local/lib:/usr/java/packages/lib/amd64:/usr/lib64:/lib64:/lib:/usr/lib"/>
    <property name="java.vm.info" value="mixed mode"/>
    <property name="java.vendor" value="IcedTea"/>
    <property name="java.vm.version" value="25.212-b04"/>
    <property name="java.ext.dirs" value="/usr/lib/jvm/java-1.8-openjdk/jre/lib/ext:/usr/java/packages/lib/ext"/>
    <property name="sun.io.unicode.encoding" value="UnicodeLittle"/>
    <property name="java.class.version" value="52.0"/>
  </properties>
  <testcase name="testReleaseBuffers" classname="org.apache.hadoop.ozone.client.rpc.TestCommitWatcher" time="16.513"/>
  <testcase name="testReleaseBuffersOnException" classname="org.apache.hadoop.ozone.client.rpc.TestCommitWatcher" time="10.903">
    <failure type="java.lang.AssertionError">java.lang.AssertionError
	at org.junit.Assert.fail(Assert.java:86)
	at org.junit.Assert.assertTrue(Assert.java:41)
	at org.junit.Assert.assertTrue(Assert.java:52)
	at org.apache.hadoop.ozone.client.rpc.TestCommitWatcher.testReleaseBuffersOnException(TestCommitWatcher.java:284)
	at sun.reflect.NativeMethodAccessorImpl.invoke0(Native Method)
	at sun.reflect.NativeMethodAccessorImpl.invoke(NativeMethodAccessorImpl.java:62)
	at sun.reflect.DelegatingMethodAccessorImpl.invoke(DelegatingMethodAccessorImpl.java:43)
	at java.lang.reflect.Method.invoke(Method.java:498)
	at org.junit.runners.model.FrameworkMethod$1.runReflectiveCall(FrameworkMethod.java:47)
	at org.junit.internal.runners.model.ReflectiveCallable.run(ReflectiveCallable.java:12)
	at org.junit.runners.model.FrameworkMethod.invokeExplosively(FrameworkMethod.java:44)
	at org.junit.internal.runners.statements.InvokeMethod.evaluate(InvokeMethod.java:17)
	at org.junit.runners.ParentRunner.runLeaf(ParentRunner.java:271)
	at org.junit.runners.BlockJUnit4ClassRunner.runChild(BlockJUnit4ClassRunner.java:70)
	at org.junit.runners.BlockJUnit4ClassRunner.runChild(BlockJUnit4ClassRunner.java:50)
	at org.junit.runners.ParentRunner$3.run(ParentRunner.java:238)
	at org.junit.runners.ParentRunner$1.schedule(ParentRunner.java:63)
	at org.junit.runners.ParentRunner.runChildren(ParentRunner.java:236)
	at org.junit.runners.ParentRunner.access$000(ParentRunner.java:53)
	at org.junit.runners.ParentRunner$2.evaluate(ParentRunner.java:229)
	at org.junit.internal.runners.statements.RunBefores.evaluate(RunBefores.java:26)
	at org.junit.internal.runners.statements.RunAfters.evaluate(RunAfters.java:27)
	at org.junit.runners.ParentRunner.run(ParentRunner.java:309)
	at org.apache.maven.surefire.junit4.JUnit4Provider.execute(JUnit4Provider.java:365)
	at org.apache.maven.surefire.junit4.JUnit4Provider.executeWithRerun(JUnit4Provider.java:273)
	at org.apache.maven.surefire.junit4.JUnit4Provider.executeTestSet(JUnit4Provider.java:238)
	at org.apache.maven.surefire.junit4.JUnit4Provider.invoke(JUnit4Provider.java:159)
	at org.apache.maven.surefire.booter.ForkedBooter.invokeProviderInSameClassLoader(ForkedBooter.java:384)
	at org.apache.maven.surefire.booter.ForkedBooter.runSuitesInProcess(ForkedBooter.java:345)
	at org.apache.maven.surefire.booter.ForkedBooter.execute(ForkedBooter.java:126)
	at org.apache.maven.surefire.booter.ForkedBooter.main(ForkedBooter.java:418)
</failure>
    <system-out><![CDATA[2019-08-28 19:25:40,047 | INFO  | SCMAudit | user=jenkins1000 | ip=192.168.69.126 | op=SEND_HEARTBEAT {datanodeUUID=9f0ea794-dc21-4d72-892f-d37355476cfb, command=[]} | ret=SUCCESS |  
2019-08-28 19:25:40,067 | INFO  | SCMAudit | user=jenkins1000 | ip=192.168.69.126 | op=SEND_HEARTBEAT {datanodeUUID=bc18feaf-8f96-4c84-9e59-b456ae2c76e3, command=[]} | ret=SUCCESS |  
2019-08-28 19:25:40,072 | INFO  | DNAudit | user=null | ip=null | op=WRITE_CHUNK {blockData=conID: 2 locID: 1567020339855 bcsId: 0} | ret=SUCCESS |  
2019-08-28 19:25:40,097 | INFO  | SCMAudit | user=jenkins1000 | ip=192.168.69.126 | op=SEND_HEARTBEAT {datanodeUUID=67aecd00-d394-4058-8f12-21053b0e6d32, command=[]} | ret=SUCCESS |  
2019-08-28 19:25:40,097 | INFO  | SCMAudit | user=jenkins1000 | ip=192.168.69.126 | op=SEND_HEARTBEAT {datanodeUUID=3636e1f9-877e-4574-b9f5-2f0e11cc8105, command=[]} | ret=SUCCESS |  
2019-08-28 19:25:40,104 | INFO  | DNAudit | user=null | ip=null | op=WRITE_CHUNK {blockData=conID: 2 locID: 1567020339855 bcsId: 0} | ret=SUCCESS |  
2019-08-28 19:25:40,104 | INFO  | DNAudit | user=null | ip=null | op=WRITE_CHUNK {blockData=conID: 2 locID: 1567020339855 bcsId: 0} | ret=SUCCESS |  
2019-08-28 19:25:40,117 | INFO  | DNAudit | user=null | ip=null | op=WRITE_CHUNK {blockData=conID: 2 locID: 1567020339855 bcsId: 0} | ret=SUCCESS |  
2019-08-28 19:25:40,127 | INFO  | DNAudit | user=null | ip=null | op=WRITE_CHUNK {blockData=conID: 2 locID: 1567020339855 bcsId: 0} | ret=SUCCESS |  
2019-08-28 19:25:40,127 [grpc-default-executor-2] INFO  client.GrpcClientProtocolClient (GrpcClientProtocolClient.java:onNext(255)) - client-4AF3F833CA4C->bc18feaf-8f96-4c84-9e59-b456ae2c76e3: receive RaftClientReply:client-4AF3F833CA4C->bc18feaf-8f96-4c84-9e59-b456ae2c76e3@group-5E52F94D4DC5, cid=17, SUCCESS, logIndex=1, commits[bc18feaf-8f96-4c84-9e59-b456ae2c76e3:c1, 3636e1f9-877e-4574-b9f5-2f0e11cc8105:c0, 67aecd00-d394-4058-8f12-21053b0e6d32:c0]
2019-08-28 19:25:40,136 | INFO  | DNAudit | user=null | ip=null | op=WRITE_CHUNK {blockData=conID: 2 locID: 1567020339855 bcsId: 0} | ret=SUCCESS |  
2019-08-28 19:25:40,146 [pool-37-thread-4] WARN  impl.ChunkManagerImpl (ChunkUtils.java:validateChunkForOverwrite(218)) - Duplicate write chunk request. Chunk overwrite without explicit request. ChunkInfo{chunkName='1567020339855.data.0, offset=0, len=1048576}
2019-08-28 19:25:40,146 [pool-37-thread-4] WARN  impl.ChunkManagerImpl (ChunkManagerImpl.java:writeChunk(111)) - ChunkFile already exists/workdir/hadoop-ozone/integration-test/target/test-dir/MiniOzoneClusterImpl-9ca71147-26ba-4d0e-ae51-0b8e50f8ef26/datanode-1/data/containers/hdds/9f2e9ccb-e370-40ba-b0b4-b7e77fb64345/current/containerDir0/2/chunks/1567020339855.data.0.Deleting it.
2019-08-28 19:25:40,154 | INFO  | DNAudit | user=null | ip=null | op=WRITE_CHUNK {blockData=conID: 2 locID: 1567020339855 bcsId: 0} | ret=SUCCESS |  
2019-08-28 19:25:40,155 [pool-59-thread-2] WARN  impl.ChunkManagerImpl (ChunkUtils.java:validateChunkForOverwrite(218)) - Duplicate write chunk request. Chunk overwrite without explicit request. ChunkInfo{chunkName='1567020339855.data.0, offset=0, len=1048576}
2019-08-28 19:25:40,156 [pool-59-thread-2] WARN  impl.ChunkManagerImpl (ChunkManagerImpl.java:writeChunk(111)) - ChunkFile already exists/workdir/hadoop-ozone/integration-test/target/test-dir/MiniOzoneClusterImpl-9ca71147-26ba-4d0e-ae51-0b8e50f8ef26/datanode-3/data/containers/hdds/9f2e9ccb-e370-40ba-b0b4-b7e77fb64345/current/containerDir0/2/chunks/1567020339855.data.0.Deleting it.
2019-08-28 19:25:40,160 | INFO  | DNAudit | user=null | ip=null | op=WRITE_CHUNK {blockData=conID: 2 locID: 1567020339855 bcsId: 0} | ret=SUCCESS |  
2019-08-28 19:25:40,163 [pool-81-thread-2] WARN  impl.ChunkManagerImpl (ChunkUtils.java:validateChunkForOverwrite(218)) - Duplicate write chunk request. Chunk overwrite without explicit request. ChunkInfo{chunkName='1567020339855.data.0, offset=0, len=1048576}
2019-08-28 19:25:40,163 [pool-81-thread-2] WARN  impl.ChunkManagerImpl (ChunkManagerImpl.java:writeChunk(111)) - ChunkFile already exists/workdir/hadoop-ozone/integration-test/target/test-dir/MiniOzoneClusterImpl-9ca71147-26ba-4d0e-ae51-0b8e50f8ef26/datanode-5/data/containers/hdds/9f2e9ccb-e370-40ba-b0b4-b7e77fb64345/current/containerDir0/2/chunks/1567020339855.data.0.Deleting it.
2019-08-28 19:25:40,177 | INFO  | DNAudit | user=null | ip=null | op=WRITE_CHUNK {blockData=conID: 2 locID: 1567020339855 bcsId: 0} | ret=SUCCESS |  
2019-08-28 19:25:40,232 | INFO  | DNAudit | user=null | ip=null | op=PUT_BLOCK {blockData=[blockId=conID: 2 locID: 1567020339855 bcsId: 0,size=1048576]} | ret=SUCCESS |  
2019-08-28 19:25:40,246 | INFO  | DNAudit | user=null | ip=null | op=WRITE_CHUNK {blockData=conID: 2 locID: 1567020339855 bcsId: 0} | ret=SUCCESS |  
2019-08-28 19:25:40,247 [grpc-default-executor-1] INFO  client.GrpcClientProtocolClient (GrpcClientProtocolClient.java:onNext(255)) - client-4AF3F833CA4C->bc18feaf-8f96-4c84-9e59-b456ae2c76e3: receive RaftClientReply:client-4AF3F833CA4C->bc18feaf-8f96-4c84-9e59-b456ae2c76e3@group-5E52F94D4DC5, cid=18, SUCCESS, logIndex=3, commits[bc18feaf-8f96-4c84-9e59-b456ae2c76e3:c8, 3636e1f9-877e-4574-b9f5-2f0e11cc8105:c6, 67aecd00-d394-4058-8f12-21053b0e6d32:c6]
2019-08-28 19:25:40,248 [grpc-default-executor-1] INFO  client.GrpcClientProtocolClient (GrpcClientProtocolClient.java:onNext(255)) - client-4AF3F833CA4C->bc18feaf-8f96-4c84-9e59-b456ae2c76e3: receive RaftClientReply:client-4AF3F833CA4C->bc18feaf-8f96-4c84-9e59-b456ae2c76e3@group-5E52F94D4DC5, cid=19, SUCCESS, logIndex=4, commits[bc18feaf-8f96-4c84-9e59-b456ae2c76e3:c8, 3636e1f9-877e-4574-b9f5-2f0e11cc8105:c6, 67aecd00-d394-4058-8f12-21053b0e6d32:c6]
2019-08-28 19:25:40,313 | INFO  | DNAudit | user=null | ip=null | op=PUT_BLOCK {blockData=[blockId=conID: 2 locID: 1567020339855 bcsId: 0,size=1048576]} | ret=SUCCESS |  
2019-08-28 19:25:40,314 | INFO  | DNAudit | user=null | ip=null | op=WRITE_CHUNK {blockData=conID: 2 locID: 1567020339855 bcsId: 0} | ret=SUCCESS |  
2019-08-28 19:25:40,383 | INFO  | SCMAudit | user=jenkins1000 | ip=192.168.69.126 | op=SEND_HEARTBEAT {datanodeUUID=60fe9033-1005-445b-9da0-63480a031258, command=[]} | ret=SUCCESS |  
2019-08-28 19:25:40,383 | INFO  | SCMAudit | user=jenkins1000 | ip=192.168.69.126 | op=SEND_HEARTBEAT {datanodeUUID=a7502f97-c4ab-41e4-933e-c70d636e3ed4, command=[]} | ret=SUCCESS |  
2019-08-28 19:25:40,394 | INFO  | SCMAudit | user=jenkins1000 | ip=192.168.69.126 | op=SEND_HEARTBEAT {datanodeUUID=ed4c9ace-9dd8-4cbe-9552-627873b59ee9, command=[]} | ret=SUCCESS |  
2019-08-28 19:25:40,452 | INFO  | DNAudit | user=null | ip=null | op=PUT_BLOCK {blockData=[blockId=conID: 2 locID: 1567020339855 bcsId: 0,size=1048576]} | ret=SUCCESS |  
2019-08-28 19:25:40,452 | INFO  | DNAudit | user=null | ip=null | op=PUT_BLOCK {blockData=[blockId=conID: 2 locID: 1567020339855 bcsId: 0,size=1048576]} | ret=SUCCESS |  
2019-08-28 19:25:40,452 | INFO  | DNAudit | user=null | ip=null | op=PUT_BLOCK {blockData=[blockId=conID: 2 locID: 1567020339855 bcsId: 0,size=1048576]} | ret=SUCCESS |  
2019-08-28 19:25:40,453 | INFO  | DNAudit | user=null | ip=null | op=WRITE_CHUNK {blockData=conID: 2 locID: 1567020339855 bcsId: 0} | ret=SUCCESS |  
2019-08-28 19:25:40,454 | INFO  | DNAudit | user=null | ip=null | op=PUT_BLOCK {blockData=[blockId=conID: 2 locID: 1567020339855 bcsId: 0,size=1048576]} | ret=SUCCESS |  
2019-08-28 19:25:40,454 [grpc-default-executor-1] INFO  client.GrpcClientProtocolClient (GrpcClientProtocolClient.java:onNext(255)) - client-4AF3F833CA4C->bc18feaf-8f96-4c84-9e59-b456ae2c76e3: receive RaftClientReply:client-4AF3F833CA4C->bc18feaf-8f96-4c84-9e59-b456ae2c76e3@group-5E52F94D4DC5, cid=20, SUCCESS, logIndex=5, commits[bc18feaf-8f96-4c84-9e59-b456ae2c76e3:c8, 3636e1f9-877e-4574-b9f5-2f0e11cc8105:c6, 67aecd00-d394-4058-8f12-21053b0e6d32:c6]
2019-08-28 19:25:40,456 [main] INFO  datanode.ObjectStoreHandler (ObjectStoreHandler.java:close(155)) - Closing ObjectStoreHandler.
2019-08-28 19:25:40,457 [main] INFO  ozone.HddsDatanodeService (HddsDatanodeService.java:stop(451)) - Stopped plug-in org.apache.hadoop.ozone.web.OzoneHddsDatanodeService@57151b3a
2019-08-28 19:25:41,047 | INFO  | SCMAudit | user=jenkins1000 | ip=192.168.69.126 | op=SEND_HEARTBEAT {datanodeUUID=9f0ea794-dc21-4d72-892f-d37355476cfb, command=[]} | ret=SUCCESS |  
2019-08-28 19:25:41,066 [Datanode State Machine Thread - 0] INFO  statemachine.DatanodeStateMachine (DatanodeStateMachine.java:lambda$startDaemon$0(350)) - Ozone container server started.
2019-08-28 19:25:41,098 | INFO  | SCMAudit | user=jenkins1000 | ip=192.168.69.126 | op=SEND_HEARTBEAT {datanodeUUID=3636e1f9-877e-4574-b9f5-2f0e11cc8105, command=[]} | ret=SUCCESS |  
2019-08-28 19:25:41,098 | INFO  | SCMAudit | user=jenkins1000 | ip=192.168.69.126 | op=SEND_HEARTBEAT {datanodeUUID=67aecd00-d394-4058-8f12-21053b0e6d32, command=[]} | ret=SUCCESS |  
2019-08-28 19:25:41,383 | INFO  | SCMAudit | user=jenkins1000 | ip=192.168.69.126 | op=SEND_HEARTBEAT {datanodeUUID=60fe9033-1005-445b-9da0-63480a031258, command=[]} | ret=SUCCESS |  
2019-08-28 19:25:41,383 | INFO  | SCMAudit | user=jenkins1000 | ip=192.168.69.126 | op=SEND_HEARTBEAT {datanodeUUID=a7502f97-c4ab-41e4-933e-c70d636e3ed4, command=[]} | ret=SUCCESS |  
2019-08-28 19:25:41,394 | INFO  | SCMAudit | user=jenkins1000 | ip=192.168.69.126 | op=SEND_HEARTBEAT {datanodeUUID=ed4c9ace-9dd8-4cbe-9552-627873b59ee9, command=[]} | ret=SUCCESS |  
2019-08-28 19:25:42,047 | INFO  | SCMAudit | user=jenkins1000 | ip=192.168.69.126 | op=SEND_HEARTBEAT {datanodeUUID=9f0ea794-dc21-4d72-892f-d37355476cfb, command=[]} | ret=SUCCESS |  
2019-08-28 19:25:42,098 | INFO  | SCMAudit | user=jenkins1000 | ip=192.168.69.126 | op=SEND_HEARTBEAT {datanodeUUID=3636e1f9-877e-4574-b9f5-2f0e11cc8105, command=[]} | ret=SUCCESS |  
2019-08-28 19:25:42,098 | INFO  | SCMAudit | user=jenkins1000 | ip=192.168.69.126 | op=SEND_HEARTBEAT {datanodeUUID=67aecd00-d394-4058-8f12-21053b0e6d32, command=[]} | ret=SUCCESS |  
2019-08-28 19:25:42,383 | INFO  | SCMAudit | user=jenkins1000 | ip=192.168.69.126 | op=SEND_HEARTBEAT {datanodeUUID=60fe9033-1005-445b-9da0-63480a031258, command=[]} | ret=SUCCESS |  
2019-08-28 19:25:42,383 | INFO  | SCMAudit | user=jenkins1000 | ip=192.168.69.126 | op=SEND_HEARTBEAT {datanodeUUID=a7502f97-c4ab-41e4-933e-c70d636e3ed4, command=[]} | ret=SUCCESS |  
2019-08-28 19:25:42,395 | INFO  | SCMAudit | user=jenkins1000 | ip=192.168.69.126 | op=SEND_HEARTBEAT {datanodeUUID=ed4c9ace-9dd8-4cbe-9552-627873b59ee9, command=[]} | ret=SUCCESS |  
2019-08-28 19:25:43,047 | INFO  | SCMAudit | user=jenkins1000 | ip=192.168.69.126 | op=SEND_HEARTBEAT {datanodeUUID=9f0ea794-dc21-4d72-892f-d37355476cfb, command=[]} | ret=SUCCESS |  
2019-08-28 19:25:43,098 | INFO  | SCMAudit | user=jenkins1000 | ip=192.168.69.126 | op=SEND_HEARTBEAT {datanodeUUID=3636e1f9-877e-4574-b9f5-2f0e11cc8105, command=[]} | ret=SUCCESS |  
2019-08-28 19:25:43,098 | INFO  | SCMAudit | user=jenkins1000 | ip=192.168.69.126 | op=SEND_HEARTBEAT {datanodeUUID=67aecd00-d394-4058-8f12-21053b0e6d32, command=[]} | ret=SUCCESS |  
2019-08-28 19:25:43,148 [EventQueue-StaleNodeForStaleNodeHandler] INFO  node.StaleNodeHandler (StaleNodeHandler.java:onMessage(58)) - Datanode bc18feaf-8f96-4c84-9e59-b456ae2c76e3{ip: 192.168.69.126, host: pr-hdds-2018-mtlbb-3651089407, networkLocation: /default-rack, certSerialId: null} moved to stale state. Finalizing its pipelines [PipelineID=9f28e845-c022-4206-b08a-80b7db79a44d, PipelineID=a7398f46-bb7f-4eb7-9ae9-5e52f94d4dc5]
2019-08-28 19:25:43,149 [EventQueue-StaleNodeForStaleNodeHandler] INFO  pipeline.SCMPipelineManager (SCMPipelineManager.java:finalizeAndDestroyPipeline(309)) - destroying pipeline:Pipeline[ Id: 9f28e845-c022-4206-b08a-80b7db79a44d, Nodes: bc18feaf-8f96-4c84-9e59-b456ae2c76e3{ip: 192.168.69.126, host: pr-hdds-2018-mtlbb-3651089407, networkLocation: /default-rack, certSerialId: null}, Type:RATIS, Factor:ONE, State:OPEN]
2019-08-28 19:25:43,150 [EventQueue-StaleNodeForStaleNodeHandler] INFO  pipeline.PipelineStateManager (PipelineStateManager.java:finalizePipeline(123)) - Pipeline Pipeline[ Id: 9f28e845-c022-4206-b08a-80b7db79a44d, Nodes: bc18feaf-8f96-4c84-9e59-b456ae2c76e3{ip: 192.168.69.126, host: pr-hdds-2018-mtlbb-3651089407, networkLocation: /default-rack, certSerialId: null}, Type:RATIS, Factor:ONE, State:CLOSED] moved to CLOSED state
2019-08-28 19:25:43,152 [EventQueue-StaleNodeForStaleNodeHandler] INFO  pipeline.SCMPipelineManager (SCMPipelineManager.java:finalizeAndDestroyPipeline(309)) - destroying pipeline:Pipeline[ Id: a7398f46-bb7f-4eb7-9ae9-5e52f94d4dc5, Nodes: bc18feaf-8f96-4c84-9e59-b456ae2c76e3{ip: 192.168.69.126, host: pr-hdds-2018-mtlbb-3651089407, networkLocation: /default-rack, certSerialId: null}3636e1f9-877e-4574-b9f5-2f0e11cc8105{ip: 192.168.69.126, host: pr-hdds-2018-mtlbb-3651089407, networkLocation: /default-rack, certSerialId: null}67aecd00-d394-4058-8f12-21053b0e6d32{ip: 192.168.69.126, host: pr-hdds-2018-mtlbb-3651089407, networkLocation: /default-rack, certSerialId: null}, Type:RATIS, Factor:THREE, State:OPEN]
2019-08-28 19:25:43,152 [EventQueue-StaleNodeForStaleNodeHandler] INFO  pipeline.PipelineStateManager (PipelineStateManager.java:finalizePipeline(123)) - Pipeline Pipeline[ Id: a7398f46-bb7f-4eb7-9ae9-5e52f94d4dc5, Nodes: bc18feaf-8f96-4c84-9e59-b456ae2c76e3{ip: 192.168.69.126, host: pr-hdds-2018-mtlbb-3651089407, networkLocation: /default-rack, certSerialId: null}3636e1f9-877e-4574-b9f5-2f0e11cc8105{ip: 192.168.69.126, host: pr-hdds-2018-mtlbb-3651089407, networkLocation: /default-rack, certSerialId: null}67aecd00-d394-4058-8f12-21053b0e6d32{ip: 192.168.69.126, host: pr-hdds-2018-mtlbb-3651089407, networkLocation: /default-rack, certSerialId: null}, Type:RATIS, Factor:THREE, State:CLOSED] moved to CLOSED state
2019-08-28 19:25:43,153 [EventQueue-CloseContainerForCloseContainerEventHandler] INFO  container.CloseContainerEventHandler (CloseContainerEventHandler.java:onMessage(61)) - Close container Event triggered for container : #2
2019-08-28 19:25:43,384 | INFO  | SCMAudit | user=jenkins1000 | ip=192.168.69.126 | op=SEND_HEARTBEAT {datanodeUUID=a7502f97-c4ab-41e4-933e-c70d636e3ed4, command=[]} | ret=SUCCESS |  
2019-08-28 19:25:43,385 | INFO  | SCMAudit | user=jenkins1000 | ip=192.168.69.126 | op=SEND_HEARTBEAT {datanodeUUID=60fe9033-1005-445b-9da0-63480a031258, command=[]} | ret=SUCCESS |  
2019-08-28 19:25:43,395 | INFO  | SCMAudit | user=jenkins1000 | ip=192.168.69.126 | op=SEND_HEARTBEAT {datanodeUUID=ed4c9ace-9dd8-4cbe-9552-627873b59ee9, command=[]} | ret=SUCCESS |  
2019-08-28 19:25:44,048 | INFO  | SCMAudit | user=jenkins1000 | ip=192.168.69.126 | op=SEND_HEARTBEAT {datanodeUUID=9f0ea794-dc21-4d72-892f-d37355476cfb, command=[]} | ret=SUCCESS |  
2019-08-28 19:25:44,138 | INFO  | SCMAudit | user=jenkins1000 | ip=192.168.69.126 | op=SEND_HEARTBEAT {datanodeUUID=67aecd00-d394-4058-8f12-21053b0e6d32, command=[commandType: closeContainerCommand closeContainerCommandProto { containerID: 2 pipelineID { id: "a7398f46-bb7f-4eb7-9ae9-5e52f94d4dc5" } cmdId: 2 force: false } ]} | ret=SUCCESS |  
2019-08-28 19:25:44,138 | INFO  | SCMAudit | user=jenkins1000 | ip=192.168.69.126 | op=SEND_HEARTBEAT {datanodeUUID=3636e1f9-877e-4574-b9f5-2f0e11cc8105, command=[commandType: closeContainerCommand closeContainerCommandProto { containerID: 2 pipelineID { id: "a7398f46-bb7f-4eb7-9ae9-5e52f94d4dc5" } cmdId: 2 force: false } ]} | ret=SUCCESS |  
2019-08-28 19:25:44,384 | INFO  | SCMAudit | user=jenkins1000 | ip=192.168.69.126 | op=SEND_HEARTBEAT {datanodeUUID=60fe9033-1005-445b-9da0-63480a031258, command=[]} | ret=SUCCESS |  
2019-08-28 19:25:44,384 | INFO  | SCMAudit | user=jenkins1000 | ip=192.168.69.126 | op=SEND_HEARTBEAT {datanodeUUID=a7502f97-c4ab-41e4-933e-c70d636e3ed4, command=[]} | ret=SUCCESS |  
2019-08-28 19:25:44,395 | INFO  | SCMAudit | user=jenkins1000 | ip=192.168.69.126 | op=SEND_HEARTBEAT {datanodeUUID=ed4c9ace-9dd8-4cbe-9552-627873b59ee9, command=[]} | ret=SUCCESS |  
2019-08-28 19:25:45,070 | INFO  | SCMAudit | user=jenkins1000 | ip=192.168.69.126 | op=SEND_HEARTBEAT {datanodeUUID=9f0ea794-dc21-4d72-892f-d37355476cfb, command=[]} | ret=SUCCESS |  
2019-08-28 19:25:45,098 | INFO  | SCMAudit | user=jenkins1000 | ip=192.168.69.126 | op=SEND_HEARTBEAT {datanodeUUID=67aecd00-d394-4058-8f12-21053b0e6d32, command=[]} | ret=SUCCESS |  
2019-08-28 19:25:45,098 | INFO  | SCMAudit | user=jenkins1000 | ip=192.168.69.126 | op=SEND_HEARTBEAT {datanodeUUID=3636e1f9-877e-4574-b9f5-2f0e11cc8105, command=[]} | ret=SUCCESS |  
2019-08-28 19:25:45,131 | INFO  | SCMAudit | user=jenkins1000 | ip=192.168.69.126 | op=SEND_HEARTBEAT {datanodeUUID=67aecd00-d394-4058-8f12-21053b0e6d32, command=[]} | ret=SUCCESS |  
2019-08-28 19:25:45,131 | INFO  | SCMAudit | user=jenkins1000 | ip=192.168.69.126 | op=SEND_HEARTBEAT {datanodeUUID=3636e1f9-877e-4574-b9f5-2f0e11cc8105, command=[]} | ret=SUCCESS |  
2019-08-28 19:25:45,384 | INFO  | SCMAudit | user=jenkins1000 | ip=192.168.69.126 | op=SEND_HEARTBEAT {datanodeUUID=60fe9033-1005-445b-9da0-63480a031258, command=[]} | ret=SUCCESS |  
2019-08-28 19:25:45,384 | INFO  | SCMAudit | user=jenkins1000 | ip=192.168.69.126 | op=SEND_HEARTBEAT {datanodeUUID=a7502f97-c4ab-41e4-933e-c70d636e3ed4, command=[]} | ret=SUCCESS |  
2019-08-28 19:25:45,394 | INFO  | SCMAudit | user=jenkins1000 | ip=192.168.69.126 | op=SEND_HEARTBEAT {datanodeUUID=ed4c9ace-9dd8-4cbe-9552-627873b59ee9, command=[]} | ret=SUCCESS |  
2019-08-28 19:25:45,459 [main] INFO  ozoneimpl.OzoneContainer (OzoneContainer.java:stop(199)) - Attempting to stop container services.
2019-08-28 19:25:45,460 [main] INFO  impl.RaftServerProxy (RaftServerProxy.java:lambda$close$4(314)) - bc18feaf-8f96-4c84-9e59-b456ae2c76e3: close
2019-08-28 19:25:45,462 [main] INFO  impl.RaftServerImpl (RaftServerImpl.java:lambda$shutdown$3(245)) - bc18feaf-8f96-4c84-9e59-b456ae2c76e3: shutdown group-80B7DB79A44D
2019-08-28 19:25:45,462 [main] INFO  util.JmxRegister (JmxRegister.java:unregister(73)) - Successfully un-registered JMX Bean with object name Ratis:service=RaftServer,group=group-80B7DB79A44D,id=bc18feaf-8f96-4c84-9e59-b456ae2c76e3
2019-08-28 19:25:45,462 [main] INFO  impl.RoleInfo (RoleInfo.java:shutdownLeaderState(104)) - bc18feaf-8f96-4c84-9e59-b456ae2c76e3: shutdown LeaderState
2019-08-28 19:25:45,463 [main] INFO  impl.PendingRequests (PendingRequests.java:sendNotLeaderResponses(202)) - bc18feaf-8f96-4c84-9e59-b456ae2c76e3-PendingRequests: sendNotLeaderResponses
2019-08-28 19:25:45,465 [main] INFO  impl.StateMachineUpdater (StateMachineUpdater.java:stopAndJoin(115)) - StateMachineUpdater:bc18feaf-8f96-4c84-9e59-b456ae2c76e3:group-80B7DB79A44D: set stopIndex = 0
2019-08-28 19:25:45,465 [main] INFO  impl.RaftServerImpl (ServerState.java:close(394)) - bc18feaf-8f96-4c84-9e59-b456ae2c76e3:group-80B7DB79A44D closes. The last applied log index is 0
2019-08-28 19:25:45,467 [bc18feaf-8f96-4c84-9e59-b456ae2c76e3-SegmentedRaftLogWorker:Storage Directory /workdir/hadoop-ozone/integration-test/target/test-dir/MiniOzoneClusterImpl-9ca71147-26ba-4d0e-ae51-0b8e50f8ef26/datanode-1/data/ratis/9f28e845-c022-4206-b08a-80b7db79a44d] INFO  segmented.SegmentedRaftLogWorker (SegmentedRaftLogWorker.java:run(313)) - bc18feaf-8f96-4c84-9e59-b456ae2c76e3-SegmentedRaftLogWorker:Storage Directory /workdir/hadoop-ozone/integration-test/target/test-dir/MiniOzoneClusterImpl-9ca71147-26ba-4d0e-ae51-0b8e50f8ef26/datanode-1/data/ratis/9f28e845-c022-4206-b08a-80b7db79a44d was interrupted, exiting. There are 0 tasks remaining in the queue.
2019-08-28 19:25:45,471 [main] INFO  segmented.SegmentedRaftLogWorker (SegmentedRaftLogWorker.java:close(228)) - bc18feaf-8f96-4c84-9e59-b456ae2c76e3-SegmentedRaftLogWorker:Storage Directory /workdir/hadoop-ozone/integration-test/target/test-dir/MiniOzoneClusterImpl-9ca71147-26ba-4d0e-ae51-0b8e50f8ef26/datanode-1/data/ratis/9f28e845-c022-4206-b08a-80b7db79a44d close()
2019-08-28 19:25:45,475 [main] INFO  impl.RaftServerImpl (RaftServerImpl.java:lambda$shutdown$3(245)) - bc18feaf-8f96-4c84-9e59-b456ae2c76e3: shutdown group-5E52F94D4DC5
2019-08-28 19:25:45,475 [main] INFO  util.JmxRegister (JmxRegister.java:unregister(73)) - Successfully un-registered JMX Bean with object name Ratis:service=RaftServer,group=group-5E52F94D4DC5,id=bc18feaf-8f96-4c84-9e59-b456ae2c76e3
2019-08-28 19:25:45,475 [main] INFO  impl.RoleInfo (RoleInfo.java:shutdownLeaderState(104)) - bc18feaf-8f96-4c84-9e59-b456ae2c76e3: shutdown LeaderState
2019-08-28 19:25:45,480 [main] INFO  impl.PendingRequests (PendingRequests.java:sendNotLeaderResponses(202)) - bc18feaf-8f96-4c84-9e59-b456ae2c76e3-PendingRequests: sendNotLeaderResponses
2019-08-28 19:25:45,480 [org.apache.ratis.server.impl.LogAppender$AppenderDaemon$$Lambda$496/2146143745@436326fb] WARN  server.GrpcLogAppender (GrpcLogAppender.java:mayWait(143)) - GrpcLogAppender(bc18feaf-8f96-4c84-9e59-b456ae2c76e3->67aecd00-d394-4058-8f12-21053b0e6d32): Wait interrupted by java.lang.InterruptedException
2019-08-28 19:25:45,480 [org.apache.ratis.server.impl.LogAppender$AppenderDaemon$$Lambda$496/2146143745@4d6057cd] WARN  server.GrpcLogAppender (GrpcLogAppender.java:mayWait(143)) - GrpcLogAppender(bc18feaf-8f96-4c84-9e59-b456ae2c76e3->3636e1f9-877e-4574-b9f5-2f0e11cc8105): Wait interrupted by java.lang.InterruptedException
2019-08-28 19:25:45,494 [grpc-default-executor-1] INFO  server.GrpcServerProtocolService (GrpcServerProtocolService.java:onCompleted(104)) - 67aecd00-d394-4058-8f12-21053b0e6d32: appendEntries completed
2019-08-28 19:25:45,494 [grpc-default-executor-4] INFO  server.GrpcServerProtocolService (GrpcServerProtocolService.java:onCompleted(104)) - 3636e1f9-877e-4574-b9f5-2f0e11cc8105: appendEntries completed
2019-08-28 19:25:45,500 [main] INFO  impl.StateMachineUpdater (StateMachineUpdater.java:stopAndJoin(115)) - StateMachineUpdater:bc18feaf-8f96-4c84-9e59-b456ae2c76e3:group-5E52F94D4DC5: set stopIndex = 8
2019-08-28 19:25:45,500 [StateMachineUpdater:bc18feaf-8f96-4c84-9e59-b456ae2c76e3:group-5E52F94D4DC5] INFO  ratis.ContainerStateMachine (ContainerStateMachine.java:takeSnapshot(283)) - group-5E52F94D4DC5: Taking a snapshot at:(t:1, i:8) file /workdir/hadoop-ozone/integration-test/target/test-dir/MiniOzoneClusterImpl-9ca71147-26ba-4d0e-ae51-0b8e50f8ef26/datanode-1/data/ratis/a7398f46-bb7f-4eb7-9ae9-5e52f94d4dc5/sm/snapshot.1_8
2019-08-28 19:25:45,500 [grpc-default-executor-1] INFO  server.GrpcLogAppender (GrpcLogAppender.java:onCompleted(292)) - bc18feaf-8f96-4c84-9e59-b456ae2c76e3->67aecd00-d394-4058-8f12-21053b0e6d32: follower responses appendEntries COMPLETED
2019-08-28 19:25:45,500 [grpc-default-executor-4] INFO  server.GrpcLogAppender (GrpcLogAppender.java:onCompleted(292)) - bc18feaf-8f96-4c84-9e59-b456ae2c76e3->3636e1f9-877e-4574-b9f5-2f0e11cc8105: follower responses appendEntries COMPLETED
2019-08-28 19:25:45,507 [grpc-default-executor-1] INFO  impl.FollowerInfo (FollowerInfo.java:lambda$new$0(50)) - bc18feaf-8f96-4c84-9e59-b456ae2c76e3->67aecd00-d394-4058-8f12-21053b0e6d32: nextIndex: updateUnconditionally 9 -> 8
2019-08-28 19:25:45,507 [grpc-default-executor-4] INFO  impl.FollowerInfo (FollowerInfo.java:lambda$new$0(50)) - bc18feaf-8f96-4c84-9e59-b456ae2c76e3->3636e1f9-877e-4574-b9f5-2f0e11cc8105: nextIndex: updateUnconditionally 9 -> 8
2019-08-28 19:25:45,554 [StateMachineUpdater:bc18feaf-8f96-4c84-9e59-b456ae2c76e3:group-5E52F94D4DC5] INFO  ratis.ContainerStateMachine (ContainerStateMachine.java:takeSnapshot(294)) - group-5E52F94D4DC5: Finished taking a snapshot at:(t:1, i:8) file:/workdir/hadoop-ozone/integration-test/target/test-dir/MiniOzoneClusterImpl-9ca71147-26ba-4d0e-ae51-0b8e50f8ef26/datanode-1/data/ratis/a7398f46-bb7f-4eb7-9ae9-5e52f94d4dc5/sm/snapshot.1_8 time:55
2019-08-28 19:25:45,554 [StateMachineUpdater:bc18feaf-8f96-4c84-9e59-b456ae2c76e3:group-5E52F94D4DC5] INFO  impl.StateMachineUpdater (StateMachineUpdater.java:takeSnapshot(242)) - StateMachineUpdater:bc18feaf-8f96-4c84-9e59-b456ae2c76e3:group-5E52F94D4DC5: Took a snapshot at index 8
2019-08-28 19:25:45,558 [StateMachineUpdater:bc18feaf-8f96-4c84-9e59-b456ae2c76e3:group-5E52F94D4DC5] INFO  impl.StateMachineUpdater (StateMachineUpdater.java:lambda$new$0(80)) - StateMachineUpdater:bc18feaf-8f96-4c84-9e59-b456ae2c76e3:group-5E52F94D4DC5: snapshotIndex: updateIncreasingly -1 -> 8
2019-08-28 19:25:45,561 [main] INFO  impl.RaftServerImpl (ServerState.java:close(394)) - bc18feaf-8f96-4c84-9e59-b456ae2c76e3:group-5E52F94D4DC5 closes. The last applied log index is 8
2019-08-28 19:25:45,562 [bc18feaf-8f96-4c84-9e59-b456ae2c76e3-SegmentedRaftLogWorker:Storage Directory /workdir/hadoop-ozone/integration-test/target/test-dir/MiniOzoneClusterImpl-9ca71147-26ba-4d0e-ae51-0b8e50f8ef26/datanode-1/data/ratis/a7398f46-bb7f-4eb7-9ae9-5e52f94d4dc5] INFO  segmented.SegmentedRaftLogWorker (SegmentedRaftLogWorker.java:run(313)) - bc18feaf-8f96-4c84-9e59-b456ae2c76e3-SegmentedRaftLogWorker:Storage Directory /workdir/hadoop-ozone/integration-test/target/test-dir/MiniOzoneClusterImpl-9ca71147-26ba-4d0e-ae51-0b8e50f8ef26/datanode-1/data/ratis/a7398f46-bb7f-4eb7-9ae9-5e52f94d4dc5 was interrupted, exiting. There are 0 tasks remaining in the queue.
2019-08-28 19:25:45,564 [main] INFO  segmented.SegmentedRaftLogWorker (SegmentedRaftLogWorker.java:close(228)) - bc18feaf-8f96-4c84-9e59-b456ae2c76e3-SegmentedRaftLogWorker:Storage Directory /workdir/hadoop-ozone/integration-test/target/test-dir/MiniOzoneClusterImpl-9ca71147-26ba-4d0e-ae51-0b8e50f8ef26/datanode-1/data/ratis/a7398f46-bb7f-4eb7-9ae9-5e52f94d4dc5 close()
2019-08-28 19:25:45,567 [main] INFO  server.GrpcService (GrpcService.java:closeImpl(155)) - bc18feaf-8f96-4c84-9e59-b456ae2c76e3: shutdown server with port 38073 now
2019-08-28 19:25:45,570 [main] INFO  server.GrpcService (GrpcService.java:closeImpl(163)) - bc18feaf-8f96-4c84-9e59-b456ae2c76e3: shutdown server with port 38073 successfully
2019-08-28 19:25:45,571 [main] INFO  utils.BackgroundService (BackgroundService.java:shutdown(148)) - Shutting down service BlockDeletingService
2019-08-28 19:25:45,572 [refreshUsed-/workdir/hadoop-ozone/integration-test/target/test-dir/MiniOzoneClusterImpl-9ca71147-26ba-4d0e-ae51-0b8e50f8ef26/datanode-1/data/containers] WARN  fs.CachingGetSpaceUsed (CachingGetSpaceUsed.java:run(183)) - Thread Interrupted waiting to refresh disk information: sleep interrupted
2019-08-28 19:25:45,590 [main] INFO  statemachine.DatanodeStateMachine (DatanodeStateMachine.java:stopDaemon(395)) - Ozone container server stopped.
2019-08-28 19:25:45,593 [main] INFO  handler.ContextHandler (ContextHandler.java:doStop(910)) - Stopped o.e.j.w.WebAppContext@697a0948{/,null,UNAVAILABLE}{/hddsDatanode}
2019-08-28 19:25:45,598 [main] INFO  server.AbstractConnector (AbstractConnector.java:doStop(318)) - Stopped ServerConnector@7cf63b9a{HTTP/1.1,[http/1.1]}{0.0.0.0:0}
2019-08-28 19:25:45,598 [main] INFO  handler.ContextHandler (ContextHandler.java:doStop(910)) - Stopped o.e.j.s.ServletContextHandler@31834a2b{/static,jar:file:/home/user/.m2/repository/org/apache/hadoop/hadoop-hdds-container-service/0.5.0-SNAPSHOT/hadoop-hdds-container-service-0.5.0-SNAPSHOT.jar!/webapps/static,UNAVAILABLE}
2019-08-28 19:25:45,598 [main] INFO  handler.ContextHandler (ContextHandler.java:doStop(910)) - Stopped o.e.j.s.ServletContextHandler@2f3928ac{/logs,file:///workdir/hadoop-ozone/integration-test/target/log,UNAVAILABLE}
2019-08-28 19:25:45,600 [main] INFO  datanode.ObjectStoreHandler (ObjectStoreHandler.java:close(155)) - Closing ObjectStoreHandler.
2019-08-28 19:25:45,600 [main] INFO  ozone.HddsDatanodeService (HddsDatanodeService.java:stop(451)) - Stopped plug-in org.apache.hadoop.ozone.web.OzoneHddsDatanodeService@221b77d7
2019-08-28 19:25:46,063 | INFO  | SCMAudit | user=jenkins1000 | ip=192.168.69.126 | op=SEND_HEARTBEAT {datanodeUUID=9f0ea794-dc21-4d72-892f-d37355476cfb, command=[]} | ret=SUCCESS |  
2019-08-28 19:25:46,129 [Datanode State Machine Thread - 0] INFO  statemachine.DatanodeStateMachine (DatanodeStateMachine.java:lambda$startDaemon$0(350)) - Ozone container server started.
2019-08-28 19:25:46,134 | INFO  | SCMAudit | user=jenkins1000 | ip=192.168.69.126 | op=SEND_HEARTBEAT {datanodeUUID=67aecd00-d394-4058-8f12-21053b0e6d32, command=[]} | ret=SUCCESS |  
2019-08-28 19:25:46,384 | INFO  | SCMAudit | user=jenkins1000 | ip=192.168.69.126 | op=SEND_HEARTBEAT {datanodeUUID=60fe9033-1005-445b-9da0-63480a031258, command=[]} | ret=SUCCESS |  
2019-08-28 19:25:46,384 | INFO  | SCMAudit | user=jenkins1000 | ip=192.168.69.126 | op=SEND_HEARTBEAT {datanodeUUID=a7502f97-c4ab-41e4-933e-c70d636e3ed4, command=[]} | ret=SUCCESS |  
2019-08-28 19:25:46,394 | INFO  | SCMAudit | user=jenkins1000 | ip=192.168.69.126 | op=SEND_HEARTBEAT {datanodeUUID=ed4c9ace-9dd8-4cbe-9552-627873b59ee9, command=[]} | ret=SUCCESS |  
2019-08-28 19:25:47,064 | INFO  | SCMAudit | user=jenkins1000 | ip=192.168.69.126 | op=SEND_HEARTBEAT {datanodeUUID=9f0ea794-dc21-4d72-892f-d37355476cfb, command=[]} | ret=SUCCESS |  
2019-08-28 19:25:47,131 | INFO  | SCMAudit | user=jenkins1000 | ip=192.168.69.126 | op=SEND_HEARTBEAT {datanodeUUID=67aecd00-d394-4058-8f12-21053b0e6d32, command=[]} | ret=SUCCESS |  
2019-08-28 19:25:47,385 | INFO  | SCMAudit | user=jenkins1000 | ip=192.168.69.126 | op=SEND_HEARTBEAT {datanodeUUID=a7502f97-c4ab-41e4-933e-c70d636e3ed4, command=[]} | ret=SUCCESS |  
2019-08-28 19:25:47,385 | INFO  | SCMAudit | user=jenkins1000 | ip=192.168.69.126 | op=SEND_HEARTBEAT {datanodeUUID=60fe9033-1005-445b-9da0-63480a031258, command=[]} | ret=SUCCESS |  
2019-08-28 19:25:47,395 | INFO  | SCMAudit | user=jenkins1000 | ip=192.168.69.126 | op=SEND_HEARTBEAT {datanodeUUID=ed4c9ace-9dd8-4cbe-9552-627873b59ee9, command=[]} | ret=SUCCESS |  
2019-08-28 19:25:48,064 | INFO  | SCMAudit | user=jenkins1000 | ip=192.168.69.126 | op=SEND_HEARTBEAT {datanodeUUID=9f0ea794-dc21-4d72-892f-d37355476cfb, command=[]} | ret=SUCCESS |  
2019-08-28 19:25:48,131 | INFO  | SCMAudit | user=jenkins1000 | ip=192.168.69.126 | op=SEND_HEARTBEAT {datanodeUUID=67aecd00-d394-4058-8f12-21053b0e6d32, command=[]} | ret=SUCCESS |  
2019-08-28 19:25:48,167 [EventQueue-StaleNodeForStaleNodeHandler] INFO  node.StaleNodeHandler (StaleNodeHandler.java:onMessage(58)) - Datanode 3636e1f9-877e-4574-b9f5-2f0e11cc8105{ip: 192.168.69.126, host: pr-hdds-2018-mtlbb-3651089407, networkLocation: /default-rack, certSerialId: null} moved to stale state. Finalizing its pipelines [PipelineID=8985439c-025c-40c9-88c7-03da54b043c0, PipelineID=a7398f46-bb7f-4eb7-9ae9-5e52f94d4dc5]
2019-08-28 19:25:48,167 [EventQueue-StaleNodeForStaleNodeHandler] INFO  pipeline.SCMPipelineManager (SCMPipelineManager.java:finalizeAndDestroyPipeline(309)) - destroying pipeline:Pipeline[ Id: 8985439c-025c-40c9-88c7-03da54b043c0, Nodes: 3636e1f9-877e-4574-b9f5-2f0e11cc8105{ip: 192.168.69.126, host: pr-hdds-2018-mtlbb-3651089407, networkLocation: /default-rack, certSerialId: null}, Type:RATIS, Factor:ONE, State:OPEN]
2019-08-28 19:25:48,167 [EventQueue-StaleNodeForStaleNodeHandler] INFO  pipeline.PipelineStateManager (PipelineStateManager.java:finalizePipeline(123)) - Pipeline Pipeline[ Id: 8985439c-025c-40c9-88c7-03da54b043c0, Nodes: 3636e1f9-877e-4574-b9f5-2f0e11cc8105{ip: 192.168.69.126, host: pr-hdds-2018-mtlbb-3651089407, networkLocation: /default-rack, certSerialId: null}, Type:RATIS, Factor:ONE, State:CLOSED] moved to CLOSED state
2019-08-28 19:25:48,167 [EventQueue-StaleNodeForStaleNodeHandler] INFO  pipeline.SCMPipelineManager (SCMPipelineManager.java:finalizeAndDestroyPipeline(309)) - destroying pipeline:Pipeline[ Id: a7398f46-bb7f-4eb7-9ae9-5e52f94d4dc5, Nodes: bc18feaf-8f96-4c84-9e59-b456ae2c76e3{ip: 192.168.69.126, host: pr-hdds-2018-mtlbb-3651089407, networkLocation: /default-rack, certSerialId: null}3636e1f9-877e-4574-b9f5-2f0e11cc8105{ip: 192.168.69.126, host: pr-hdds-2018-mtlbb-3651089407, networkLocation: /default-rack, certSerialId: null}67aecd00-d394-4058-8f12-21053b0e6d32{ip: 192.168.69.126, host: pr-hdds-2018-mtlbb-3651089407, networkLocation: /default-rack, certSerialId: null}, Type:RATIS, Factor:THREE, State:CLOSED]
2019-08-28 19:25:48,385 | INFO  | SCMAudit | user=jenkins1000 | ip=192.168.69.126 | op=SEND_HEARTBEAT {datanodeUUID=60fe9033-1005-445b-9da0-63480a031258, command=[]} | ret=SUCCESS |  
2019-08-28 19:25:48,385 | INFO  | SCMAudit | user=jenkins1000 | ip=192.168.69.126 | op=SEND_HEARTBEAT {datanodeUUID=a7502f97-c4ab-41e4-933e-c70d636e3ed4, command=[]} | ret=SUCCESS |  
2019-08-28 19:25:48,396 | INFO  | SCMAudit | user=jenkins1000 | ip=192.168.69.126 | op=SEND_HEARTBEAT {datanodeUUID=ed4c9ace-9dd8-4cbe-9552-627873b59ee9, command=[]} | ret=SUCCESS |  
2019-08-28 19:25:49,065 | INFO  | SCMAudit | user=jenkins1000 | ip=192.168.69.126 | op=SEND_HEARTBEAT {datanodeUUID=9f0ea794-dc21-4d72-892f-d37355476cfb, command=[]} | ret=SUCCESS |  
2019-08-28 19:25:49,131 | INFO  | SCMAudit | user=jenkins1000 | ip=192.168.69.126 | op=SEND_HEARTBEAT {datanodeUUID=67aecd00-d394-4058-8f12-21053b0e6d32, command=[]} | ret=SUCCESS |  
2019-08-28 19:25:49,386 | INFO  | SCMAudit | user=jenkins1000 | ip=192.168.69.126 | op=SEND_HEARTBEAT {datanodeUUID=a7502f97-c4ab-41e4-933e-c70d636e3ed4, command=[]} | ret=SUCCESS |  
2019-08-28 19:25:49,386 | INFO  | SCMAudit | user=jenkins1000 | ip=192.168.69.126 | op=SEND_HEARTBEAT {datanodeUUID=60fe9033-1005-445b-9da0-63480a031258, command=[]} | ret=SUCCESS |  
2019-08-28 19:25:49,395 | INFO  | SCMAudit | user=jenkins1000 | ip=192.168.69.126 | op=SEND_HEARTBEAT {datanodeUUID=ed4c9ace-9dd8-4cbe-9552-627873b59ee9, command=[]} | ret=SUCCESS |  
2019-08-28 19:25:50,064 | INFO  | SCMAudit | user=jenkins1000 | ip=192.168.69.126 | op=SEND_HEARTBEAT {datanodeUUID=9f0ea794-dc21-4d72-892f-d37355476cfb, command=[]} | ret=SUCCESS |  
2019-08-28 19:25:50,131 | INFO  | SCMAudit | user=jenkins1000 | ip=192.168.69.126 | op=SEND_HEARTBEAT {datanodeUUID=67aecd00-d394-4058-8f12-21053b0e6d32, command=[]} | ret=SUCCESS |  
2019-08-28 19:25:50,386 | INFO  | SCMAudit | user=jenkins1000 | ip=192.168.69.126 | op=SEND_HEARTBEAT {datanodeUUID=a7502f97-c4ab-41e4-933e-c70d636e3ed4, command=[]} | ret=SUCCESS |  
2019-08-28 19:25:50,387 | INFO  | SCMAudit | user=jenkins1000 | ip=192.168.69.126 | op=SEND_HEARTBEAT {datanodeUUID=60fe9033-1005-445b-9da0-63480a031258, command=[]} | ret=SUCCESS |  
2019-08-28 19:25:50,396 | INFO  | SCMAudit | user=jenkins1000 | ip=192.168.69.126 | op=SEND_HEARTBEAT {datanodeUUID=ed4c9ace-9dd8-4cbe-9552-627873b59ee9, command=[]} | ret=SUCCESS |  
2019-08-28 19:25:50,601 [main] INFO  ozoneimpl.OzoneContainer (OzoneContainer.java:stop(199)) - Attempting to stop container services.
2019-08-28 19:25:50,602 [main] INFO  impl.RaftServerProxy (RaftServerProxy.java:lambda$close$4(314)) - 3636e1f9-877e-4574-b9f5-2f0e11cc8105: close
2019-08-28 19:25:50,603 [main] INFO  impl.RaftServerImpl (RaftServerImpl.java:lambda$shutdown$3(245)) - 3636e1f9-877e-4574-b9f5-2f0e11cc8105: shutdown group-03DA54B043C0
2019-08-28 19:25:50,603 [main] INFO  util.JmxRegister (JmxRegister.java:unregister(73)) - Successfully un-registered JMX Bean with object name Ratis:service=RaftServer,group=group-03DA54B043C0,id=3636e1f9-877e-4574-b9f5-2f0e11cc8105
2019-08-28 19:25:50,604 [main] INFO  impl.RoleInfo (RoleInfo.java:shutdownLeaderState(104)) - 3636e1f9-877e-4574-b9f5-2f0e11cc8105: shutdown LeaderState
2019-08-28 19:25:50,604 [main] INFO  impl.PendingRequests (PendingRequests.java:sendNotLeaderResponses(202)) - 3636e1f9-877e-4574-b9f5-2f0e11cc8105-PendingRequests: sendNotLeaderResponses
2019-08-28 19:25:50,605 [main] INFO  impl.StateMachineUpdater (StateMachineUpdater.java:stopAndJoin(115)) - StateMachineUpdater:3636e1f9-877e-4574-b9f5-2f0e11cc8105:group-03DA54B043C0: set stopIndex = 0
2019-08-28 19:25:50,605 [main] INFO  impl.RaftServerImpl (ServerState.java:close(394)) - 3636e1f9-877e-4574-b9f5-2f0e11cc8105:group-03DA54B043C0 closes. The last applied log index is 0
2019-08-28 19:25:50,606 [3636e1f9-877e-4574-b9f5-2f0e11cc8105-SegmentedRaftLogWorker:Storage Directory /workdir/hadoop-ozone/integration-test/target/test-dir/MiniOzoneClusterImpl-9ca71147-26ba-4d0e-ae51-0b8e50f8ef26/datanode-5/data/ratis/8985439c-025c-40c9-88c7-03da54b043c0] INFO  segmented.SegmentedRaftLogWorker (SegmentedRaftLogWorker.java:run(313)) - 3636e1f9-877e-4574-b9f5-2f0e11cc8105-SegmentedRaftLogWorker:Storage Directory /workdir/hadoop-ozone/integration-test/target/test-dir/MiniOzoneClusterImpl-9ca71147-26ba-4d0e-ae51-0b8e50f8ef26/datanode-5/data/ratis/8985439c-025c-40c9-88c7-03da54b043c0 was interrupted, exiting. There are 0 tasks remaining in the queue.
2019-08-28 19:25:50,608 [main] INFO  segmented.SegmentedRaftLogWorker (SegmentedRaftLogWorker.java:close(228)) - 3636e1f9-877e-4574-b9f5-2f0e11cc8105-SegmentedRaftLogWorker:Storage Directory /workdir/hadoop-ozone/integration-test/target/test-dir/MiniOzoneClusterImpl-9ca71147-26ba-4d0e-ae51-0b8e50f8ef26/datanode-5/data/ratis/8985439c-025c-40c9-88c7-03da54b043c0 close()
2019-08-28 19:25:50,612 [main] INFO  impl.RaftServerImpl (RaftServerImpl.java:lambda$shutdown$3(245)) - 3636e1f9-877e-4574-b9f5-2f0e11cc8105: shutdown group-5E52F94D4DC5
2019-08-28 19:25:50,613 [main] INFO  util.JmxRegister (JmxRegister.java:unregister(73)) - Successfully un-registered JMX Bean with object name Ratis:service=RaftServer,group=group-5E52F94D4DC5,id=3636e1f9-877e-4574-b9f5-2f0e11cc8105
2019-08-28 19:25:50,613 [main] INFO  impl.RoleInfo (RoleInfo.java:shutdownFollowerState(121)) - 3636e1f9-877e-4574-b9f5-2f0e11cc8105: shutdown FollowerState
2019-08-28 19:25:50,614 [main] INFO  impl.StateMachineUpdater (StateMachineUpdater.java:stopAndJoin(115)) - StateMachineUpdater:3636e1f9-877e-4574-b9f5-2f0e11cc8105:group-5E52F94D4DC5: set stopIndex = 8
2019-08-28 19:25:50,614 [StateMachineUpdater:3636e1f9-877e-4574-b9f5-2f0e11cc8105:group-5E52F94D4DC5] INFO  ratis.ContainerStateMachine (ContainerStateMachine.java:takeSnapshot(283)) - group-5E52F94D4DC5: Taking a snapshot at:(t:1, i:6) file /workdir/hadoop-ozone/integration-test/target/test-dir/MiniOzoneClusterImpl-9ca71147-26ba-4d0e-ae51-0b8e50f8ef26/datanode-5/data/ratis/a7398f46-bb7f-4eb7-9ae9-5e52f94d4dc5/sm/snapshot.1_6
2019-08-28 19:25:50,614 [Thread-329] INFO  impl.FollowerState (FollowerState.java:run(114)) - 3636e1f9-877e-4574-b9f5-2f0e11cc8105: FollowerState was interrupted: java.lang.InterruptedException: sleep interrupted
2019-08-28 19:25:50,674 [StateMachineUpdater:3636e1f9-877e-4574-b9f5-2f0e11cc8105:group-5E52F94D4DC5] INFO  ratis.ContainerStateMachine (ContainerStateMachine.java:takeSnapshot(294)) - group-5E52F94D4DC5: Finished taking a snapshot at:(t:1, i:6) file:/workdir/hadoop-ozone/integration-test/target/test-dir/MiniOzoneClusterImpl-9ca71147-26ba-4d0e-ae51-0b8e50f8ef26/datanode-5/data/ratis/a7398f46-bb7f-4eb7-9ae9-5e52f94d4dc5/sm/snapshot.1_6 time:61
2019-08-28 19:25:50,675 [StateMachineUpdater:3636e1f9-877e-4574-b9f5-2f0e11cc8105:group-5E52F94D4DC5] INFO  impl.StateMachineUpdater (StateMachineUpdater.java:takeSnapshot(242)) - StateMachineUpdater:3636e1f9-877e-4574-b9f5-2f0e11cc8105:group-5E52F94D4DC5: Took a snapshot at index 6
2019-08-28 19:25:50,675 [StateMachineUpdater:3636e1f9-877e-4574-b9f5-2f0e11cc8105:group-5E52F94D4DC5] INFO  impl.StateMachineUpdater (StateMachineUpdater.java:lambda$new$0(80)) - StateMachineUpdater:3636e1f9-877e-4574-b9f5-2f0e11cc8105:group-5E52F94D4DC5: snapshotIndex: updateIncreasingly -1 -> 6
2019-08-28 19:25:50,676 [main] INFO  impl.RaftServerImpl (ServerState.java:close(394)) - 3636e1f9-877e-4574-b9f5-2f0e11cc8105:group-5E52F94D4DC5 closes. The last applied log index is 8
2019-08-28 19:25:50,676 [3636e1f9-877e-4574-b9f5-2f0e11cc8105-SegmentedRaftLogWorker:Storage Directory /workdir/hadoop-ozone/integration-test/target/test-dir/MiniOzoneClusterImpl-9ca71147-26ba-4d0e-ae51-0b8e50f8ef26/datanode-5/data/ratis/a7398f46-bb7f-4eb7-9ae9-5e52f94d4dc5] INFO  segmented.SegmentedRaftLogWorker (SegmentedRaftLogWorker.java:run(313)) - 3636e1f9-877e-4574-b9f5-2f0e11cc8105-SegmentedRaftLogWorker:Storage Directory /workdir/hadoop-ozone/integration-test/target/test-dir/MiniOzoneClusterImpl-9ca71147-26ba-4d0e-ae51-0b8e50f8ef26/datanode-5/data/ratis/a7398f46-bb7f-4eb7-9ae9-5e52f94d4dc5 was interrupted, exiting. There are 0 tasks remaining in the queue.
2019-08-28 19:25:50,679 [main] INFO  segmented.SegmentedRaftLogWorker (SegmentedRaftLogWorker.java:close(228)) - 3636e1f9-877e-4574-b9f5-2f0e11cc8105-SegmentedRaftLogWorker:Storage Directory /workdir/hadoop-ozone/integration-test/target/test-dir/MiniOzoneClusterImpl-9ca71147-26ba-4d0e-ae51-0b8e50f8ef26/datanode-5/data/ratis/a7398f46-bb7f-4eb7-9ae9-5e52f94d4dc5 close()
2019-08-28 19:25:50,684 [main] INFO  server.GrpcService (GrpcService.java:closeImpl(155)) - 3636e1f9-877e-4574-b9f5-2f0e11cc8105: shutdown server with port 36931 now
2019-08-28 19:25:50,694 [main] INFO  server.GrpcService (GrpcService.java:closeImpl(163)) - 3636e1f9-877e-4574-b9f5-2f0e11cc8105: shutdown server with port 36931 successfully
2019-08-28 19:25:50,699 [main] INFO  utils.BackgroundService (BackgroundService.java:shutdown(148)) - Shutting down service BlockDeletingService
2019-08-28 19:25:50,703 [refreshUsed-/workdir/hadoop-ozone/integration-test/target/test-dir/MiniOzoneClusterImpl-9ca71147-26ba-4d0e-ae51-0b8e50f8ef26/datanode-5/data/containers] WARN  fs.CachingGetSpaceUsed (CachingGetSpaceUsed.java:run(183)) - Thread Interrupted waiting to refresh disk information: sleep interrupted
2019-08-28 19:25:50,728 [main] INFO  statemachine.DatanodeStateMachine (DatanodeStateMachine.java:stopDaemon(395)) - Ozone container server stopped.
2019-08-28 19:25:50,729 [main] INFO  handler.ContextHandler (ContextHandler.java:doStop(910)) - Stopped o.e.j.w.WebAppContext@5c82031b{/,null,UNAVAILABLE}{/hddsDatanode}
2019-08-28 19:25:50,730 [main] INFO  server.AbstractConnector (AbstractConnector.java:doStop(318)) - Stopped ServerConnector@274fdea6{HTTP/1.1,[http/1.1]}{0.0.0.0:0}
2019-08-28 19:25:50,731 [main] INFO  handler.ContextHandler (ContextHandler.java:doStop(910)) - Stopped o.e.j.s.ServletContextHandler@4e17442f{/static,jar:file:/home/user/.m2/repository/org/apache/hadoop/hadoop-hdds-container-service/0.5.0-SNAPSHOT/hadoop-hdds-container-service-0.5.0-SNAPSHOT.jar!/webapps/static,UNAVAILABLE}
2019-08-28 19:25:50,731 [main] INFO  handler.ContextHandler (ContextHandler.java:doStop(910)) - Stopped o.e.j.s.ServletContextHandler@63f9ddf9{/logs,file:///workdir/hadoop-ozone/integration-test/target/log,UNAVAILABLE}
]]></system-out>
  </testcase>
</testsuite>