<?xml version="1.0" encoding="UTF-8"?>
<testsuite xmlns:xsi="http://www.w3.org/2001/XMLSchema-instance" xsi:noNamespaceSchemaLocation="https://maven.apache.org/surefire/maven-surefire-plugin/xsd/surefire-test-report.xsd" name="org.apache.hadoop.ozone.client.rpc.TestWatchForCommit" time="251.608" tests="5" errors="1" skipped="0" failures="0">
  <properties>
    <property name="awt.toolkit" value="sun.awt.X11.XToolkit"/>
    <property name="file.encoding.pkg" value="sun.io"/>
    <property name="java.specification.version" value="1.8"/>
    <property name="sun.cpu.isalist" value=""/>
    <property name="sun.jnu.encoding" value="UTF-8"/>
    <property name="java.class.path" value="/workdir/hadoop-ozone/integration-test/target/test-classes:/workdir/hadoop-ozone/integration-test/target/classes:/home/user/.m2/repository/org/apache/hadoop/hadoop-ozone-common/0.5.0-SNAPSHOT/hadoop-ozone-common-0.5.0-SNAPSHOT.jar:/home/user/.m2/repository/org/apache/commons/commons-compress/1.4.1/commons-compress-1.4.1.jar:/home/user/.m2/repository/org/tukaani/xz/1.0/xz-1.0.jar:/home/user/.m2/repository/org/apache/hadoop/hadoop-common/3.2.0/hadoop-common-3.2.0.jar:/home/user/.m2/repository/org/apache/hadoop/hadoop-hdfs/3.2.0/hadoop-hdfs-3.2.0.jar:/home/user/.m2/repository/org/apache/hadoop/hadoop-hdfs-client/3.2.0/hadoop-hdfs-client-3.2.0.jar:/home/user/.m2/repository/com/fasterxml/jackson/core/jackson-annotations/2.9.5/jackson-annotations-2.9.5.jar:/home/user/.m2/repository/org/apache/hadoop/hadoop-hdds-common/0.5.0-SNAPSHOT/hadoop-hdds-common-0.5.0-SNAPSHOT.jar:/home/user/.m2/repository/javax/annotation/javax.annotation-api/1.2/javax.annotation-api-1.2.jar:/home/user/.m2/repository/org/apache/ratis/ratis-server/0.4.0-2337318-SNAPSHOT/ratis-server-0.4.0-2337318-SNAPSHOT.jar:/home/user/.m2/repository/org/apache/ratis/ratis-thirdparty-misc/0.2.0/ratis-thirdparty-misc-0.2.0.jar:/home/user/.m2/repository/org/apache/ratis/ratis-proto/0.4.0-2337318-SNAPSHOT/ratis-proto-0.4.0-2337318-SNAPSHOT.jar:/home/user/.m2/repository/org/apache/ratis/ratis-common/0.4.0-2337318-SNAPSHOT/ratis-common-0.4.0-2337318-SNAPSHOT.jar:/home/user/.m2/repository/org/apache/ratis/ratis-client/0.4.0-2337318-SNAPSHOT/ratis-client-0.4.0-2337318-SNAPSHOT.jar:/home/user/.m2/repository/org/apache/ratis/ratis-metrics/0.4.0-2337318-SNAPSHOT/ratis-metrics-0.4.0-2337318-SNAPSHOT.jar:/home/user/.m2/repository/org/apache/ratis/ratis-netty/0.4.0-2337318-SNAPSHOT/ratis-netty-0.4.0-2337318-SNAPSHOT.jar:/home/user/.m2/repository/org/apache/ratis/ratis-grpc/0.4.0-2337318-SNAPSHOT/ratis-grpc-0.4.0-2337318-SNAPSHOT.jar:/home/user/.m2/repository/org/rocksdb/rocksdbjni/6.0.1/rocksdbjni-6.0.1.jar:/home/user/.m2/repository/org/apache/logging/log4j/log4j-api/2.11.0/log4j-api-2.11.0.jar:/home/user/.m2/repository/org/apache/logging/log4j/log4j-core/2.11.0/log4j-core-2.11.0.jar:/home/user/.m2/repository/com/lmax/disruptor/3.4.2/disruptor-3.4.2.jar:/home/user/.m2/repository/org/apache/commons/commons-pool2/2.6.0/commons-pool2-2.6.0.jar:/home/user/.m2/repository/org/bouncycastle/bcpkix-jdk15on/1.60/bcpkix-jdk15on-1.60.jar:/home/user/.m2/repository/commons-validator/commons-validator/1.6/commons-validator-1.6.jar:/home/user/.m2/repository/commons-digester/commons-digester/1.8.1/commons-digester-1.8.1.jar:/home/user/.m2/repository/io/jaegertracing/jaeger-client/0.33.1/jaeger-client-0.33.1.jar:/home/user/.m2/repository/io/jaegertracing/jaeger-thrift/0.33.1/jaeger-thrift-0.33.1.jar:/home/user/.m2/repository/org/apache/thrift/libthrift/0.11.0/libthrift-0.11.0.jar:/home/user/.m2/repository/com/squareup/okhttp3/okhttp/3.9.0/okhttp-3.9.0.jar:/home/user/.m2/repository/com/squareup/okio/okio/1.13.0/okio-1.13.0.jar:/home/user/.m2/repository/io/jaegertracing/jaeger-core/0.33.1/jaeger-core-0.33.1.jar:/home/user/.m2/repository/io/jaegertracing/jaeger-tracerresolver/0.33.1/jaeger-tracerresolver-0.33.1.jar:/home/user/.m2/repository/io/opentracing/contrib/opentracing-tracerresolver/0.1.5/opentracing-tracerresolver-0.1.5.jar:/home/user/.m2/repository/io/opentracing/opentracing-util/0.31.0/opentracing-util-0.31.0.jar:/home/user/.m2/repository/io/opentracing/opentracing-api/0.31.0/opentracing-api-0.31.0.jar:/home/user/.m2/repository/io/opentracing/opentracing-noop/0.31.0/opentracing-noop-0.31.0.jar:/home/user/.m2/repository/org/apache/hadoop/hadoop-hdds-server-framework/0.5.0-SNAPSHOT/hadoop-hdds-server-framework-0.5.0-SNAPSHOT.jar:/home/user/.m2/repository/org/apache/hadoop/hadoop-hdds-container-service/0.5.0-SNAPSHOT/hadoop-hdds-container-service-0.5.0-SNAPSHOT.jar:/home/user/.m2/repository/org/apache/hadoop/hadoop-hdds-client/0.5.0-SNAPSHOT/hadoop-hdds-client-0.5.0-SNAPSHOT.jar:/home/user/.m2/repository/org/apache/hadoop/hadoop-hdds-tools/0.5.0-SNAPSHOT/hadoop-hdds-tools-0.5.0-SNAPSHOT.jar:/home/user/.m2/repository/org/apache/hadoop/hadoop-hdds-server-scm/0.5.0-SNAPSHOT/hadoop-hdds-server-scm-0.5.0-SNAPSHOT.jar:/home/user/.m2/repository/org/apache/hadoop/hadoop-hdds-docs/0.5.0-SNAPSHOT/hadoop-hdds-docs-0.5.0-SNAPSHOT.jar:/home/user/.m2/repository/io/dropwizard/metrics/metrics-core/3.2.4/metrics-core-3.2.4.jar:/home/user/.m2/repository/org/hamcrest/hamcrest-all/1.3/hamcrest-all-1.3.jar:/home/user/.m2/repository/org/bouncycastle/bcprov-jdk15on/1.60/bcprov-jdk15on-1.60.jar:/home/user/.m2/repository/info/picocli/picocli/3.9.6/picocli-3.9.6.jar:/home/user/.m2/repository/com/google/protobuf/protobuf-java/2.5.0/protobuf-java-2.5.0.jar:/home/user/.m2/repository/com/google/guava/guava/11.0.2/guava-11.0.2.jar:/home/user/.m2/repository/org/apache/hadoop/hadoop-ozone-ozone-manager/0.5.0-SNAPSHOT/hadoop-ozone-ozone-manager-0.5.0-SNAPSHOT.jar:/home/user/.m2/repository/org/apache/hadoop/hadoop-minikdc/3.2.0/hadoop-minikdc-3.2.0.jar:/home/user/.m2/repository/commons-io/commons-io/2.5/commons-io-2.5.jar:/home/user/.m2/repository/org/apache/kerby/kerb-simplekdc/1.0.1/kerb-simplekdc-1.0.1.jar:/home/user/.m2/repository/org/apache/kerby/kerb-client/1.0.1/kerb-client-1.0.1.jar:/home/user/.m2/repository/org/apache/kerby/kerby-config/1.0.1/kerby-config-1.0.1.jar:/home/user/.m2/repository/org/apache/kerby/kerb-core/1.0.1/kerb-core-1.0.1.jar:/home/user/.m2/repository/org/apache/kerby/kerby-pkix/1.0.1/kerby-pkix-1.0.1.jar:/home/user/.m2/repository/org/apache/kerby/kerby-asn1/1.0.1/kerby-asn1-1.0.1.jar:/home/user/.m2/repository/org/apache/kerby/kerby-util/1.0.1/kerby-util-1.0.1.jar:/home/user/.m2/repository/org/apache/kerby/kerb-common/1.0.1/kerb-common-1.0.1.jar:/home/user/.m2/repository/org/apache/kerby/kerb-crypto/1.0.1/kerb-crypto-1.0.1.jar:/home/user/.m2/repository/org/apache/kerby/kerb-util/1.0.1/kerb-util-1.0.1.jar:/home/user/.m2/repository/org/apache/kerby/token-provider/1.0.1/token-provider-1.0.1.jar:/home/user/.m2/repository/org/apache/kerby/kerb-admin/1.0.1/kerb-admin-1.0.1.jar:/home/user/.m2/repository/org/apache/kerby/kerb-server/1.0.1/kerb-server-1.0.1.jar:/home/user/.m2/repository/org/apache/kerby/kerb-identity/1.0.1/kerb-identity-1.0.1.jar:/home/user/.m2/repository/org/apache/kerby/kerby-xdr/1.0.1/kerby-xdr-1.0.1.jar:/home/user/.m2/repository/org/slf4j/slf4j-log4j12/1.7.25/slf4j-log4j12-1.7.25.jar:/home/user/.m2/repository/org/apache/hadoop/hadoop-ozone-objectstore-service/0.5.0-SNAPSHOT/hadoop-ozone-objectstore-service-0.5.0-SNAPSHOT.jar:/home/user/.m2/repository/org/apache/hadoop/hadoop-ozone-s3gateway/0.5.0-SNAPSHOT/hadoop-ozone-s3gateway-0.5.0-SNAPSHOT.jar:/home/user/.m2/repository/org/jboss/weld/servlet/weld-servlet/2.4.7.Final/weld-servlet-2.4.7.Final.jar:/home/user/.m2/repository/org/glassfish/jersey/containers/jersey-container-servlet-core/2.27/jersey-container-servlet-core-2.27.jar:/home/user/.m2/repository/org/glassfish/hk2/external/javax.inject/2.5.0-b42/javax.inject-2.5.0-b42.jar:/home/user/.m2/repository/org/glassfish/jersey/core/jersey-common/2.27/jersey-common-2.27.jar:/home/user/.m2/repository/org/glassfish/hk2/osgi-resource-locator/1.0.1/osgi-resource-locator-1.0.1.jar:/home/user/.m2/repository/javax/ws/rs/javax.ws.rs-api/2.1/javax.ws.rs-api-2.1.jar:/home/user/.m2/repository/org/glassfish/jersey/ext/cdi/jersey-cdi1x/2.27/jersey-cdi1x-2.27.jar:/home/user/.m2/repository/org/glassfish/jersey/inject/jersey-hk2/2.27/jersey-hk2-2.27.jar:/home/user/.m2/repository/org/glassfish/hk2/hk2-locator/2.5.0-b42/hk2-locator-2.5.0-b42.jar:/home/user/.m2/repository/org/javassist/javassist/3.22.0-CR2/javassist-3.22.0-CR2.jar:/home/user/.m2/repository/org/glassfish/hk2/hk2-api/2.5.0/hk2-api-2.5.0.jar:/home/user/.m2/repository/org/glassfish/hk2/external/jakarta.inject/2.5.0/jakarta.inject-2.5.0.jar:/home/user/.m2/repository/org/glassfish/hk2/hk2-utils/2.5.0/hk2-utils-2.5.0.jar:/home/user/.m2/repository/jakarta/annotation/jakarta.annotation-api/1.3.4/jakarta.annotation-api-1.3.4.jar:/home/user/.m2/repository/org/glassfish/hk2/external/aopalliance-repackaged/2.5.0/aopalliance-repackaged-2.5.0.jar:/home/user/.m2/repository/com/fasterxml/jackson/dataformat/jackson-dataformat-xml/2.9.0/jackson-dataformat-xml-2.9.0.jar:/home/user/.m2/repository/com/fasterxml/jackson/core/jackson-core/2.9.5/jackson-core-2.9.5.jar:/home/user/.m2/repository/com/fasterxml/jackson/module/jackson-module-jaxb-annotations/2.9.5/jackson-module-jaxb-annotations-2.9.5.jar:/home/user/.m2/repository/javax/enterprise/cdi-api/1.2/cdi-api-1.2.jar:/home/user/.m2/repository/javax/el/javax.el-api/3.0.0/javax.el-api-3.0.0.jar:/home/user/.m2/repository/javax/interceptor/javax.interceptor-api/1.2/javax.interceptor-api-1.2.jar:/home/user/.m2/repository/javax/inject/javax.inject/1/javax.inject-1.jar:/home/user/.m2/repository/com/sun/xml/bind/jaxb-impl/2.3.0.1/jaxb-impl-2.3.0.1.jar:/home/user/.m2/repository/com/sun/xml/bind/jaxb-core/2.3.0.1/jaxb-core-2.3.0.1.jar:/home/user/.m2/repository/javax/xml/bind/jaxb-api/2.3.0/jaxb-api-2.3.0.jar:/home/user/.m2/repository/javax/activation/activation/1.1.1/activation-1.1.1.jar:/home/user/.m2/repository/org/apache/hadoop/hadoop-ozone-csi/0.5.0-SNAPSHOT/hadoop-ozone-csi-0.5.0-SNAPSHOT.jar:/home/user/.m2/repository/com/google/protobuf/protobuf-java-util/3.5.1/protobuf-java-util-3.5.1.jar:/home/user/.m2/repository/org/apache/hadoop/hadoop-hdds-config/0.5.0-SNAPSHOT/hadoop-hdds-config-0.5.0-SNAPSHOT.jar:/home/user/.m2/repository/io/grpc/grpc-netty/1.17.1/grpc-netty-1.17.1.jar:/home/user/.m2/repository/io/grpc/grpc-core/1.17.1/grpc-core-1.17.1.jar:/home/user/.m2/repository/io/grpc/grpc-context/1.17.1/grpc-context-1.17.1.jar:/home/user/.m2/repository/com/google/errorprone/error_prone_annotations/2.2.0/error_prone_annotations-2.2.0.jar:/home/user/.m2/repository/org/codehaus/mojo/animal-sniffer-annotations/1.17/animal-sniffer-annotations-1.17.jar:/home/user/.m2/repository/io/opencensus/opencensus-api/0.17.0/opencensus-api-0.17.0.jar:/home/user/.m2/repository/io/opencensus/opencensus-contrib-grpc-metrics/0.17.0/opencensus-contrib-grpc-metrics-0.17.0.jar:/home/user/.m2/repository/io/netty/netty-codec-http2/4.1.30.Final/netty-codec-http2-4.1.30.Final.jar:/home/user/.m2/repository/io/netty/netty-codec-http/4.1.30.Final/netty-codec-http-4.1.30.Final.jar:/home/user/.m2/repository/io/netty/netty-codec/4.1.30.Final/netty-codec-4.1.30.Final.jar:/home/user/.m2/repository/io/netty/netty-handler/4.1.30.Final/netty-handler-4.1.30.Final.jar:/home/user/.m2/repository/io/netty/netty-handler-proxy/4.1.30.Final/netty-handler-proxy-4.1.30.Final.jar:/home/user/.m2/repository/io/netty/netty-codec-socks/4.1.30.Final/netty-codec-socks-4.1.30.Final.jar:/home/user/.m2/repository/io/netty/netty-transport-native-epoll/4.1.30.Final/netty-transport-native-epoll-4.1.30.Final.jar:/home/user/.m2/repository/io/netty/netty-common/4.1.30.Final/netty-common-4.1.30.Final.jar:/home/user/.m2/repository/io/netty/netty-buffer/4.1.30.Final/netty-buffer-4.1.30.Final.jar:/home/user/.m2/repository/io/netty/netty-transport/4.1.30.Final/netty-transport-4.1.30.Final.jar:/home/user/.m2/repository/io/netty/netty-resolver/4.1.30.Final/netty-resolver-4.1.30.Final.jar:/home/user/.m2/repository/io/netty/netty-transport-native-unix-common/4.1.30.Final/netty-transport-native-unix-common-4.1.30.Final.jar:/home/user/.m2/repository/io/grpc/grpc-protobuf/1.17.1/grpc-protobuf-1.17.1.jar:/home/user/.m2/repository/com/google/api/grpc/proto-google-common-protos/1.0.0/proto-google-common-protos-1.0.0.jar:/home/user/.m2/repository/io/grpc/grpc-protobuf-lite/1.17.1/grpc-protobuf-lite-1.17.1.jar:/home/user/.m2/repository/io/grpc/grpc-stub/1.17.1/grpc-stub-1.17.1.jar:/home/user/.m2/repository/org/apache/hadoop/hadoop-ozone-recon/0.5.0-SNAPSHOT/hadoop-ozone-recon-0.5.0-SNAPSHOT.jar:/home/user/.m2/repository/org/apache/hadoop/hadoop-ozone-reconcodegen/0.5.0-SNAPSHOT/hadoop-ozone-reconcodegen-0.5.0-SNAPSHOT.jar:/home/user/.m2/repository/com/google/inject/extensions/guice-multibindings/4.0/guice-multibindings-4.0.jar:/home/user/.m2/repository/com/google/inject/guice/4.0/guice-4.0.jar:/home/user/.m2/repository/aopalliance/aopalliance/1.0/aopalliance-1.0.jar:/home/user/.m2/repository/com/google/inject/extensions/guice-servlet/4.0/guice-servlet-4.0.jar:/home/user/.m2/repository/org/glassfish/jersey/containers/jersey-container-servlet/2.27/jersey-container-servlet-2.27.jar:/home/user/.m2/repository/org/glassfish/hk2/guice-bridge/2.5.0/guice-bridge-2.5.0.jar:/home/user/.m2/repository/org/glassfish/jersey/core/jersey-server/2.27/jersey-server-2.27.jar:/home/user/.m2/repository/org/glassfish/jersey/core/jersey-client/2.27/jersey-client-2.27.jar:/home/user/.m2/repository/org/glassfish/jersey/media/jersey-media-jaxb/2.27/jersey-media-jaxb-2.27.jar:/home/user/.m2/repository/javax/validation/validation-api/1.1.0.Final/validation-api-1.1.0.Final.jar:/home/user/.m2/repository/org/glassfish/jersey/media/jersey-media-json-jackson/2.27/jersey-media-json-jackson-2.27.jar:/home/user/.m2/repository/org/glassfish/jersey/ext/jersey-entity-filtering/2.27/jersey-entity-filtering-2.27.jar:/home/user/.m2/repository/com/google/inject/extensions/guice-assistedinject/4.0/guice-assistedinject-4.0.jar:/home/user/.m2/repository/org/jooq/jooq/3.11.10/jooq-3.11.10.jar:/home/user/.m2/repository/org/jooq/jooq-meta/3.11.10/jooq-meta-3.11.10.jar:/home/user/.m2/repository/org/jooq/jooq-codegen/3.11.10/jooq-codegen-3.11.10.jar:/home/user/.m2/repository/com/jolbox/bonecp/0.8.0.RELEASE/bonecp-0.8.0.RELEASE.jar:/home/user/.m2/repository/org/xerial/sqlite-jdbc/3.25.2/sqlite-jdbc-3.25.2.jar:/home/user/.m2/repository/org/springframework/spring-jdbc/5.1.3.RELEASE/spring-jdbc-5.1.3.RELEASE.jar:/home/user/.m2/repository/org/springframework/spring-beans/5.1.3.RELEASE/spring-beans-5.1.3.RELEASE.jar:/home/user/.m2/repository/org/springframework/spring-core/5.1.3.RELEASE/spring-core-5.1.3.RELEASE.jar:/home/user/.m2/repository/org/springframework/spring-jcl/5.1.3.RELEASE/spring-jcl-5.1.3.RELEASE.jar:/home/user/.m2/repository/org/springframework/spring-tx/5.1.3.RELEASE/spring-tx-5.1.3.RELEASE.jar:/home/user/.m2/repository/org/apache/hadoop/hadoop-ozone-client/0.5.0-SNAPSHOT/hadoop-ozone-client-0.5.0-SNAPSHOT.jar:/home/user/.m2/repository/commons-lang/commons-lang/2.6/commons-lang-2.6.jar:/home/user/.m2/repository/org/apache/hadoop/hadoop-ozone-ozone-manager/0.5.0-SNAPSHOT/hadoop-ozone-ozone-manager-0.5.0-SNAPSHOT-tests.jar:/home/user/.m2/repository/junit/junit/4.11/junit-4.11.jar:/home/user/.m2/repository/org/hamcrest/hamcrest-core/1.3/hamcrest-core-1.3.jar:/home/user/.m2/repository/org/openjdk/jmh/jmh-core/1.19/jmh-core-1.19.jar:/home/user/.m2/repository/net/sf/jopt-simple/jopt-simple/4.6/jopt-simple-4.6.jar:/home/user/.m2/repository/org/apache/commons/commons-math3/3.1.1/commons-math3-3.1.1.jar:/home/user/.m2/repository/org/openjdk/jmh/jmh-generator-annprocess/1.19/jmh-generator-annprocess-1.19.jar:/home/user/.m2/repository/org/mockito/mockito-all/1.8.5/mockito-all-1.8.5.jar:/home/user/.m2/repository/org/apache/hadoop/hadoop-kms/3.2.0/hadoop-kms-3.2.0.jar:/home/user/.m2/repository/org/apache/hadoop/hadoop-auth/3.2.0/hadoop-auth-3.2.0.jar:/home/user/.m2/repository/com/nimbusds/nimbus-jose-jwt/4.41.1/nimbus-jose-jwt-4.41.1.jar:/home/user/.m2/repository/com/github/stephenc/jcip/jcip-annotations/1.0-1/jcip-annotations-1.0-1.jar:/home/user/.m2/repository/net/minidev/json-smart/2.3/json-smart-2.3.jar:/home/user/.m2/repository/net/minidev/accessors-smart/1.2/accessors-smart-1.2.jar:/home/user/.m2/repository/org/ow2/asm/asm/5.0.4/asm-5.0.4.jar:/home/user/.m2/repository/org/apache/curator/curator-framework/2.12.0/curator-framework-2.12.0.jar:/home/user/.m2/repository/com/sun/jersey/jersey-core/1.19/jersey-core-1.19.jar:/home/user/.m2/repository/javax/ws/rs/jsr311-api/1.1.1/jsr311-api-1.1.1.jar:/home/user/.m2/repository/com/sun/jersey/jersey-server/1.19/jersey-server-1.19.jar:/home/user/.m2/repository/javax/servlet/javax.servlet-api/3.1.0/javax.servlet-api-3.1.0.jar:/home/user/.m2/repository/org/eclipse/jetty/jetty-server/9.3.24.v20180605/jetty-server-9.3.24.v20180605.jar:/home/user/.m2/repository/org/eclipse/jetty/jetty-http/9.3.24.v20180605/jetty-http-9.3.24.v20180605.jar:/home/user/.m2/repository/org/eclipse/jetty/jetty-io/9.3.24.v20180605/jetty-io-9.3.24.v20180605.jar:/home/user/.m2/repository/org/eclipse/jetty/jetty-webapp/9.3.24.v20180605/jetty-webapp-9.3.24.v20180605.jar:/home/user/.m2/repository/org/eclipse/jetty/jetty-xml/9.3.24.v20180605/jetty-xml-9.3.24.v20180605.jar:/home/user/.m2/repository/log4j/log4j/1.2.17/log4j-1.2.17.jar:/home/user/.m2/repository/org/slf4j/slf4j-api/1.7.25/slf4j-api-1.7.25.jar:/home/user/.m2/repository/org/slf4j/jul-to-slf4j/1.7.25/jul-to-slf4j-1.7.25.jar:/home/user/.m2/repository/org/eclipse/jetty/jetty-util/9.3.24.v20180605/jetty-util-9.3.24.v20180605.jar:/home/user/.m2/repository/com/fasterxml/jackson/core/jackson-databind/2.9.5/jackson-databind-2.9.5.jar:/home/user/.m2/repository/org/apache/hadoop/hadoop-kms/3.2.0/hadoop-kms-3.2.0-tests.jar:/home/user/.m2/repository/org/apache/hadoop/hadoop-hdds-server-scm/0.5.0-SNAPSHOT/hadoop-hdds-server-scm-0.5.0-SNAPSHOT-tests.jar:/home/user/.m2/repository/org/apache/hadoop/hadoop-hdds-container-service/0.5.0-SNAPSHOT/hadoop-hdds-container-service-0.5.0-SNAPSHOT-tests.jar:/home/user/.m2/repository/org/yaml/snakeyaml/1.16/snakeyaml-1.16.jar:/home/user/.m2/repository/org/apache/hadoop/hadoop-common/3.2.0/hadoop-common-3.2.0-tests.jar:/home/user/.m2/repository/org/apache/hadoop/hadoop-annotations/3.2.0/hadoop-annotations-3.2.0.jar:/usr/lib/jvm/java-1.8-openjdk/jre/../lib/tools.jar:/home/user/.m2/repository/commons-cli/commons-cli/1.2/commons-cli-1.2.jar:/home/user/.m2/repository/org/apache/httpcomponents/httpclient/4.5.2/httpclient-4.5.2.jar:/home/user/.m2/repository/org/apache/httpcomponents/httpcore/4.4.4/httpcore-4.4.4.jar:/home/user/.m2/repository/commons-codec/commons-codec/1.11/commons-codec-1.11.jar:/home/user/.m2/repository/commons-net/commons-net/3.6/commons-net-3.6.jar:/home/user/.m2/repository/commons-collections/commons-collections/3.2.2/commons-collections-3.2.2.jar:/home/user/.m2/repository/org/eclipse/jetty/jetty-servlet/9.3.24.v20180605/jetty-servlet-9.3.24.v20180605.jar:/home/user/.m2/repository/org/eclipse/jetty/jetty-security/9.3.24.v20180605/jetty-security-9.3.24.v20180605.jar:/home/user/.m2/repository/javax/servlet/jsp/jsp-api/2.1/jsp-api-2.1.jar:/home/user/.m2/repository/com/sun/jersey/jersey-servlet/1.19/jersey-servlet-1.19.jar:/home/user/.m2/repository/com/sun/jersey/jersey-json/1.19/jersey-json-1.19.jar:/home/user/.m2/repository/org/codehaus/jettison/jettison/1.1/jettison-1.1.jar:/home/user/.m2/repository/org/codehaus/jackson/jackson-core-asl/1.9.13/jackson-core-asl-1.9.13.jar:/home/user/.m2/repository/org/codehaus/jackson/jackson-mapper-asl/1.9.13/jackson-mapper-asl-1.9.13.jar:/home/user/.m2/repository/org/codehaus/jackson/jackson-jaxrs/1.9.13/jackson-jaxrs-1.9.13.jar:/home/user/.m2/repository/org/codehaus/jackson/jackson-xc/1.9.13/jackson-xc-1.9.13.jar:/home/user/.m2/repository/commons-logging/commons-logging/1.1.3/commons-logging-1.1.3.jar:/home/user/.m2/repository/commons-beanutils/commons-beanutils/1.9.3/commons-beanutils-1.9.3.jar:/home/user/.m2/repository/org/apache/commons/commons-configuration2/2.1.1/commons-configuration2-2.1.1.jar:/home/user/.m2/repository/org/apache/commons/commons-lang3/3.7/commons-lang3-3.7.jar:/home/user/.m2/repository/org/apache/commons/commons-text/1.4/commons-text-1.4.jar:/home/user/.m2/repository/org/apache/avro/avro/1.7.7/avro-1.7.7.jar:/home/user/.m2/repository/com/thoughtworks/paranamer/paranamer/2.3/paranamer-2.3.jar:/home/user/.m2/repository/org/xerial/snappy/snappy-java/1.0.5/snappy-java-1.0.5.jar:/home/user/.m2/repository/com/google/re2j/re2j/1.1/re2j-1.1.jar:/home/user/.m2/repository/com/google/code/gson/gson/2.2.4/gson-2.2.4.jar:/home/user/.m2/repository/com/jcraft/jsch/0.1.54/jsch-0.1.54.jar:/home/user/.m2/repository/org/apache/curator/curator-client/2.12.0/curator-client-2.12.0.jar:/home/user/.m2/repository/org/apache/curator/curator-recipes/2.12.0/curator-recipes-2.12.0.jar:/home/user/.m2/repository/com/google/code/findbugs/jsr305/3.0.0/jsr305-3.0.0.jar:/home/user/.m2/repository/org/apache/htrace/htrace-core4/4.1.0-incubating/htrace-core4-4.1.0-incubating.jar:/home/user/.m2/repository/org/apache/zookeeper/zookeeper/3.4.13/zookeeper-3.4.13.jar:/home/user/.m2/repository/org/apache/yetus/audience-annotations/0.5.0/audience-annotations-0.5.0.jar:/home/user/.m2/repository/org/codehaus/woodstox/stax2-api/3.1.4/stax2-api-3.1.4.jar:/home/user/.m2/repository/com/fasterxml/woodstox/woodstox-core/5.0.3/woodstox-core-5.0.3.jar:/home/user/.m2/repository/dnsjava/dnsjava/2.1.7/dnsjava-2.1.7.jar:/home/user/.m2/repository/org/apache/hadoop/hadoop-hdfs/3.2.0/hadoop-hdfs-3.2.0-tests.jar:/home/user/.m2/repository/org/eclipse/jetty/jetty-util-ajax/9.3.24.v20180605/jetty-util-ajax-9.3.24.v20180605.jar:/home/user/.m2/repository/commons-daemon/commons-daemon/1.0.13/commons-daemon-1.0.13.jar:/home/user/.m2/repository/io/netty/netty/3.10.5.Final/netty-3.10.5.Final.jar:/home/user/.m2/repository/io/netty/netty-all/4.0.52.Final/netty-all-4.0.52.Final.jar:/home/user/.m2/repository/org/fusesource/leveldbjni/leveldbjni-all/1.8/leveldbjni-all-1.8.jar:"/>
    <property name="java.vm.vendor" value="IcedTea"/>
    <property name="sun.arch.data.model" value="64"/>
    <property name="test.build.dir" value="/workdir/hadoop-ozone/integration-test/target/test-dir"/>
    <property name="test.cache.data" value=""/>
    <property name="java.vendor.url" value="https://icedtea.classpath.org"/>
    <property name="user.timezone" value=""/>
    <property name="java.vm.specification.version" value="1.8"/>
    <property name="os.name" value="Linux"/>
    <property name="test.build.data" value="/workdir/hadoop-ozone/integration-test/target/test-dir"/>
    <property name="user.country" value="US"/>
    <property name="sun.java.launcher" value="SUN_STANDARD"/>
    <property name="sun.boot.library.path" value="/usr/lib/jvm/java-1.8-openjdk/jre/lib/amd64"/>
    <property name="sun.java.command" value="/workdir/hadoop-ozone/integration-test/target/surefire/surefirebooter22533267273878075.jar /workdir/hadoop-ozone/integration-test/target/surefire 2019-08-28T18-47-49_567-jvmRun1 surefire8003705834587767469tmp surefire_238290458076229846737tmp"/>
    <property name="test" value="!TestMiniChaosOzoneCluster"/>
    <property name="surefire.test.class.path" value="/workdir/hadoop-ozone/integration-test/target/test-classes:/workdir/hadoop-ozone/integration-test/target/classes:/home/user/.m2/repository/org/apache/hadoop/hadoop-ozone-common/0.5.0-SNAPSHOT/hadoop-ozone-common-0.5.0-SNAPSHOT.jar:/home/user/.m2/repository/org/apache/commons/commons-compress/1.4.1/commons-compress-1.4.1.jar:/home/user/.m2/repository/org/tukaani/xz/1.0/xz-1.0.jar:/home/user/.m2/repository/org/apache/hadoop/hadoop-common/3.2.0/hadoop-common-3.2.0.jar:/home/user/.m2/repository/org/apache/hadoop/hadoop-hdfs/3.2.0/hadoop-hdfs-3.2.0.jar:/home/user/.m2/repository/org/apache/hadoop/hadoop-hdfs-client/3.2.0/hadoop-hdfs-client-3.2.0.jar:/home/user/.m2/repository/com/fasterxml/jackson/core/jackson-annotations/2.9.5/jackson-annotations-2.9.5.jar:/home/user/.m2/repository/org/apache/hadoop/hadoop-hdds-common/0.5.0-SNAPSHOT/hadoop-hdds-common-0.5.0-SNAPSHOT.jar:/home/user/.m2/repository/javax/annotation/javax.annotation-api/1.2/javax.annotation-api-1.2.jar:/home/user/.m2/repository/org/apache/ratis/ratis-server/0.4.0-2337318-SNAPSHOT/ratis-server-0.4.0-2337318-SNAPSHOT.jar:/home/user/.m2/repository/org/apache/ratis/ratis-thirdparty-misc/0.2.0/ratis-thirdparty-misc-0.2.0.jar:/home/user/.m2/repository/org/apache/ratis/ratis-proto/0.4.0-2337318-SNAPSHOT/ratis-proto-0.4.0-2337318-SNAPSHOT.jar:/home/user/.m2/repository/org/apache/ratis/ratis-common/0.4.0-2337318-SNAPSHOT/ratis-common-0.4.0-2337318-SNAPSHOT.jar:/home/user/.m2/repository/org/apache/ratis/ratis-client/0.4.0-2337318-SNAPSHOT/ratis-client-0.4.0-2337318-SNAPSHOT.jar:/home/user/.m2/repository/org/apache/ratis/ratis-metrics/0.4.0-2337318-SNAPSHOT/ratis-metrics-0.4.0-2337318-SNAPSHOT.jar:/home/user/.m2/repository/org/apache/ratis/ratis-netty/0.4.0-2337318-SNAPSHOT/ratis-netty-0.4.0-2337318-SNAPSHOT.jar:/home/user/.m2/repository/org/apache/ratis/ratis-grpc/0.4.0-2337318-SNAPSHOT/ratis-grpc-0.4.0-2337318-SNAPSHOT.jar:/home/user/.m2/repository/org/rocksdb/rocksdbjni/6.0.1/rocksdbjni-6.0.1.jar:/home/user/.m2/repository/org/apache/logging/log4j/log4j-api/2.11.0/log4j-api-2.11.0.jar:/home/user/.m2/repository/org/apache/logging/log4j/log4j-core/2.11.0/log4j-core-2.11.0.jar:/home/user/.m2/repository/com/lmax/disruptor/3.4.2/disruptor-3.4.2.jar:/home/user/.m2/repository/org/apache/commons/commons-pool2/2.6.0/commons-pool2-2.6.0.jar:/home/user/.m2/repository/org/bouncycastle/bcpkix-jdk15on/1.60/bcpkix-jdk15on-1.60.jar:/home/user/.m2/repository/commons-validator/commons-validator/1.6/commons-validator-1.6.jar:/home/user/.m2/repository/commons-digester/commons-digester/1.8.1/commons-digester-1.8.1.jar:/home/user/.m2/repository/io/jaegertracing/jaeger-client/0.33.1/jaeger-client-0.33.1.jar:/home/user/.m2/repository/io/jaegertracing/jaeger-thrift/0.33.1/jaeger-thrift-0.33.1.jar:/home/user/.m2/repository/org/apache/thrift/libthrift/0.11.0/libthrift-0.11.0.jar:/home/user/.m2/repository/com/squareup/okhttp3/okhttp/3.9.0/okhttp-3.9.0.jar:/home/user/.m2/repository/com/squareup/okio/okio/1.13.0/okio-1.13.0.jar:/home/user/.m2/repository/io/jaegertracing/jaeger-core/0.33.1/jaeger-core-0.33.1.jar:/home/user/.m2/repository/io/jaegertracing/jaeger-tracerresolver/0.33.1/jaeger-tracerresolver-0.33.1.jar:/home/user/.m2/repository/io/opentracing/contrib/opentracing-tracerresolver/0.1.5/opentracing-tracerresolver-0.1.5.jar:/home/user/.m2/repository/io/opentracing/opentracing-util/0.31.0/opentracing-util-0.31.0.jar:/home/user/.m2/repository/io/opentracing/opentracing-api/0.31.0/opentracing-api-0.31.0.jar:/home/user/.m2/repository/io/opentracing/opentracing-noop/0.31.0/opentracing-noop-0.31.0.jar:/home/user/.m2/repository/org/apache/hadoop/hadoop-hdds-server-framework/0.5.0-SNAPSHOT/hadoop-hdds-server-framework-0.5.0-SNAPSHOT.jar:/home/user/.m2/repository/org/apache/hadoop/hadoop-hdds-container-service/0.5.0-SNAPSHOT/hadoop-hdds-container-service-0.5.0-SNAPSHOT.jar:/home/user/.m2/repository/org/apache/hadoop/hadoop-hdds-client/0.5.0-SNAPSHOT/hadoop-hdds-client-0.5.0-SNAPSHOT.jar:/home/user/.m2/repository/org/apache/hadoop/hadoop-hdds-tools/0.5.0-SNAPSHOT/hadoop-hdds-tools-0.5.0-SNAPSHOT.jar:/home/user/.m2/repository/org/apache/hadoop/hadoop-hdds-server-scm/0.5.0-SNAPSHOT/hadoop-hdds-server-scm-0.5.0-SNAPSHOT.jar:/home/user/.m2/repository/org/apache/hadoop/hadoop-hdds-docs/0.5.0-SNAPSHOT/hadoop-hdds-docs-0.5.0-SNAPSHOT.jar:/home/user/.m2/repository/io/dropwizard/metrics/metrics-core/3.2.4/metrics-core-3.2.4.jar:/home/user/.m2/repository/org/hamcrest/hamcrest-all/1.3/hamcrest-all-1.3.jar:/home/user/.m2/repository/org/bouncycastle/bcprov-jdk15on/1.60/bcprov-jdk15on-1.60.jar:/home/user/.m2/repository/info/picocli/picocli/3.9.6/picocli-3.9.6.jar:/home/user/.m2/repository/com/google/protobuf/protobuf-java/2.5.0/protobuf-java-2.5.0.jar:/home/user/.m2/repository/com/google/guava/guava/11.0.2/guava-11.0.2.jar:/home/user/.m2/repository/org/apache/hadoop/hadoop-ozone-ozone-manager/0.5.0-SNAPSHOT/hadoop-ozone-ozone-manager-0.5.0-SNAPSHOT.jar:/home/user/.m2/repository/org/apache/hadoop/hadoop-minikdc/3.2.0/hadoop-minikdc-3.2.0.jar:/home/user/.m2/repository/commons-io/commons-io/2.5/commons-io-2.5.jar:/home/user/.m2/repository/org/apache/kerby/kerb-simplekdc/1.0.1/kerb-simplekdc-1.0.1.jar:/home/user/.m2/repository/org/apache/kerby/kerb-client/1.0.1/kerb-client-1.0.1.jar:/home/user/.m2/repository/org/apache/kerby/kerby-config/1.0.1/kerby-config-1.0.1.jar:/home/user/.m2/repository/org/apache/kerby/kerb-core/1.0.1/kerb-core-1.0.1.jar:/home/user/.m2/repository/org/apache/kerby/kerby-pkix/1.0.1/kerby-pkix-1.0.1.jar:/home/user/.m2/repository/org/apache/kerby/kerby-asn1/1.0.1/kerby-asn1-1.0.1.jar:/home/user/.m2/repository/org/apache/kerby/kerby-util/1.0.1/kerby-util-1.0.1.jar:/home/user/.m2/repository/org/apache/kerby/kerb-common/1.0.1/kerb-common-1.0.1.jar:/home/user/.m2/repository/org/apache/kerby/kerb-crypto/1.0.1/kerb-crypto-1.0.1.jar:/home/user/.m2/repository/org/apache/kerby/kerb-util/1.0.1/kerb-util-1.0.1.jar:/home/user/.m2/repository/org/apache/kerby/token-provider/1.0.1/token-provider-1.0.1.jar:/home/user/.m2/repository/org/apache/kerby/kerb-admin/1.0.1/kerb-admin-1.0.1.jar:/home/user/.m2/repository/org/apache/kerby/kerb-server/1.0.1/kerb-server-1.0.1.jar:/home/user/.m2/repository/org/apache/kerby/kerb-identity/1.0.1/kerb-identity-1.0.1.jar:/home/user/.m2/repository/org/apache/kerby/kerby-xdr/1.0.1/kerby-xdr-1.0.1.jar:/home/user/.m2/repository/org/slf4j/slf4j-log4j12/1.7.25/slf4j-log4j12-1.7.25.jar:/home/user/.m2/repository/org/apache/hadoop/hadoop-ozone-objectstore-service/0.5.0-SNAPSHOT/hadoop-ozone-objectstore-service-0.5.0-SNAPSHOT.jar:/home/user/.m2/repository/org/apache/hadoop/hadoop-ozone-s3gateway/0.5.0-SNAPSHOT/hadoop-ozone-s3gateway-0.5.0-SNAPSHOT.jar:/home/user/.m2/repository/org/jboss/weld/servlet/weld-servlet/2.4.7.Final/weld-servlet-2.4.7.Final.jar:/home/user/.m2/repository/org/glassfish/jersey/containers/jersey-container-servlet-core/2.27/jersey-container-servlet-core-2.27.jar:/home/user/.m2/repository/org/glassfish/hk2/external/javax.inject/2.5.0-b42/javax.inject-2.5.0-b42.jar:/home/user/.m2/repository/org/glassfish/jersey/core/jersey-common/2.27/jersey-common-2.27.jar:/home/user/.m2/repository/org/glassfish/hk2/osgi-resource-locator/1.0.1/osgi-resource-locator-1.0.1.jar:/home/user/.m2/repository/javax/ws/rs/javax.ws.rs-api/2.1/javax.ws.rs-api-2.1.jar:/home/user/.m2/repository/org/glassfish/jersey/ext/cdi/jersey-cdi1x/2.27/jersey-cdi1x-2.27.jar:/home/user/.m2/repository/org/glassfish/jersey/inject/jersey-hk2/2.27/jersey-hk2-2.27.jar:/home/user/.m2/repository/org/glassfish/hk2/hk2-locator/2.5.0-b42/hk2-locator-2.5.0-b42.jar:/home/user/.m2/repository/org/javassist/javassist/3.22.0-CR2/javassist-3.22.0-CR2.jar:/home/user/.m2/repository/org/glassfish/hk2/hk2-api/2.5.0/hk2-api-2.5.0.jar:/home/user/.m2/repository/org/glassfish/hk2/external/jakarta.inject/2.5.0/jakarta.inject-2.5.0.jar:/home/user/.m2/repository/org/glassfish/hk2/hk2-utils/2.5.0/hk2-utils-2.5.0.jar:/home/user/.m2/repository/jakarta/annotation/jakarta.annotation-api/1.3.4/jakarta.annotation-api-1.3.4.jar:/home/user/.m2/repository/org/glassfish/hk2/external/aopalliance-repackaged/2.5.0/aopalliance-repackaged-2.5.0.jar:/home/user/.m2/repository/com/fasterxml/jackson/dataformat/jackson-dataformat-xml/2.9.0/jackson-dataformat-xml-2.9.0.jar:/home/user/.m2/repository/com/fasterxml/jackson/core/jackson-core/2.9.5/jackson-core-2.9.5.jar:/home/user/.m2/repository/com/fasterxml/jackson/module/jackson-module-jaxb-annotations/2.9.5/jackson-module-jaxb-annotations-2.9.5.jar:/home/user/.m2/repository/javax/enterprise/cdi-api/1.2/cdi-api-1.2.jar:/home/user/.m2/repository/javax/el/javax.el-api/3.0.0/javax.el-api-3.0.0.jar:/home/user/.m2/repository/javax/interceptor/javax.interceptor-api/1.2/javax.interceptor-api-1.2.jar:/home/user/.m2/repository/javax/inject/javax.inject/1/javax.inject-1.jar:/home/user/.m2/repository/com/sun/xml/bind/jaxb-impl/2.3.0.1/jaxb-impl-2.3.0.1.jar:/home/user/.m2/repository/com/sun/xml/bind/jaxb-core/2.3.0.1/jaxb-core-2.3.0.1.jar:/home/user/.m2/repository/javax/xml/bind/jaxb-api/2.3.0/jaxb-api-2.3.0.jar:/home/user/.m2/repository/javax/activation/activation/1.1.1/activation-1.1.1.jar:/home/user/.m2/repository/org/apache/hadoop/hadoop-ozone-csi/0.5.0-SNAPSHOT/hadoop-ozone-csi-0.5.0-SNAPSHOT.jar:/home/user/.m2/repository/com/google/protobuf/protobuf-java-util/3.5.1/protobuf-java-util-3.5.1.jar:/home/user/.m2/repository/org/apache/hadoop/hadoop-hdds-config/0.5.0-SNAPSHOT/hadoop-hdds-config-0.5.0-SNAPSHOT.jar:/home/user/.m2/repository/io/grpc/grpc-netty/1.17.1/grpc-netty-1.17.1.jar:/home/user/.m2/repository/io/grpc/grpc-core/1.17.1/grpc-core-1.17.1.jar:/home/user/.m2/repository/io/grpc/grpc-context/1.17.1/grpc-context-1.17.1.jar:/home/user/.m2/repository/com/google/errorprone/error_prone_annotations/2.2.0/error_prone_annotations-2.2.0.jar:/home/user/.m2/repository/org/codehaus/mojo/animal-sniffer-annotations/1.17/animal-sniffer-annotations-1.17.jar:/home/user/.m2/repository/io/opencensus/opencensus-api/0.17.0/opencensus-api-0.17.0.jar:/home/user/.m2/repository/io/opencensus/opencensus-contrib-grpc-metrics/0.17.0/opencensus-contrib-grpc-metrics-0.17.0.jar:/home/user/.m2/repository/io/netty/netty-codec-http2/4.1.30.Final/netty-codec-http2-4.1.30.Final.jar:/home/user/.m2/repository/io/netty/netty-codec-http/4.1.30.Final/netty-codec-http-4.1.30.Final.jar:/home/user/.m2/repository/io/netty/netty-codec/4.1.30.Final/netty-codec-4.1.30.Final.jar:/home/user/.m2/repository/io/netty/netty-handler/4.1.30.Final/netty-handler-4.1.30.Final.jar:/home/user/.m2/repository/io/netty/netty-handler-proxy/4.1.30.Final/netty-handler-proxy-4.1.30.Final.jar:/home/user/.m2/repository/io/netty/netty-codec-socks/4.1.30.Final/netty-codec-socks-4.1.30.Final.jar:/home/user/.m2/repository/io/netty/netty-transport-native-epoll/4.1.30.Final/netty-transport-native-epoll-4.1.30.Final.jar:/home/user/.m2/repository/io/netty/netty-common/4.1.30.Final/netty-common-4.1.30.Final.jar:/home/user/.m2/repository/io/netty/netty-buffer/4.1.30.Final/netty-buffer-4.1.30.Final.jar:/home/user/.m2/repository/io/netty/netty-transport/4.1.30.Final/netty-transport-4.1.30.Final.jar:/home/user/.m2/repository/io/netty/netty-resolver/4.1.30.Final/netty-resolver-4.1.30.Final.jar:/home/user/.m2/repository/io/netty/netty-transport-native-unix-common/4.1.30.Final/netty-transport-native-unix-common-4.1.30.Final.jar:/home/user/.m2/repository/io/grpc/grpc-protobuf/1.17.1/grpc-protobuf-1.17.1.jar:/home/user/.m2/repository/com/google/api/grpc/proto-google-common-protos/1.0.0/proto-google-common-protos-1.0.0.jar:/home/user/.m2/repository/io/grpc/grpc-protobuf-lite/1.17.1/grpc-protobuf-lite-1.17.1.jar:/home/user/.m2/repository/io/grpc/grpc-stub/1.17.1/grpc-stub-1.17.1.jar:/home/user/.m2/repository/org/apache/hadoop/hadoop-ozone-recon/0.5.0-SNAPSHOT/hadoop-ozone-recon-0.5.0-SNAPSHOT.jar:/home/user/.m2/repository/org/apache/hadoop/hadoop-ozone-reconcodegen/0.5.0-SNAPSHOT/hadoop-ozone-reconcodegen-0.5.0-SNAPSHOT.jar:/home/user/.m2/repository/com/google/inject/extensions/guice-multibindings/4.0/guice-multibindings-4.0.jar:/home/user/.m2/repository/com/google/inject/guice/4.0/guice-4.0.jar:/home/user/.m2/repository/aopalliance/aopalliance/1.0/aopalliance-1.0.jar:/home/user/.m2/repository/com/google/inject/extensions/guice-servlet/4.0/guice-servlet-4.0.jar:/home/user/.m2/repository/org/glassfish/jersey/containers/jersey-container-servlet/2.27/jersey-container-servlet-2.27.jar:/home/user/.m2/repository/org/glassfish/hk2/guice-bridge/2.5.0/guice-bridge-2.5.0.jar:/home/user/.m2/repository/org/glassfish/jersey/core/jersey-server/2.27/jersey-server-2.27.jar:/home/user/.m2/repository/org/glassfish/jersey/core/jersey-client/2.27/jersey-client-2.27.jar:/home/user/.m2/repository/org/glassfish/jersey/media/jersey-media-jaxb/2.27/jersey-media-jaxb-2.27.jar:/home/user/.m2/repository/javax/validation/validation-api/1.1.0.Final/validation-api-1.1.0.Final.jar:/home/user/.m2/repository/org/glassfish/jersey/media/jersey-media-json-jackson/2.27/jersey-media-json-jackson-2.27.jar:/home/user/.m2/repository/org/glassfish/jersey/ext/jersey-entity-filtering/2.27/jersey-entity-filtering-2.27.jar:/home/user/.m2/repository/com/google/inject/extensions/guice-assistedinject/4.0/guice-assistedinject-4.0.jar:/home/user/.m2/repository/org/jooq/jooq/3.11.10/jooq-3.11.10.jar:/home/user/.m2/repository/org/jooq/jooq-meta/3.11.10/jooq-meta-3.11.10.jar:/home/user/.m2/repository/org/jooq/jooq-codegen/3.11.10/jooq-codegen-3.11.10.jar:/home/user/.m2/repository/com/jolbox/bonecp/0.8.0.RELEASE/bonecp-0.8.0.RELEASE.jar:/home/user/.m2/repository/org/xerial/sqlite-jdbc/3.25.2/sqlite-jdbc-3.25.2.jar:/home/user/.m2/repository/org/springframework/spring-jdbc/5.1.3.RELEASE/spring-jdbc-5.1.3.RELEASE.jar:/home/user/.m2/repository/org/springframework/spring-beans/5.1.3.RELEASE/spring-beans-5.1.3.RELEASE.jar:/home/user/.m2/repository/org/springframework/spring-core/5.1.3.RELEASE/spring-core-5.1.3.RELEASE.jar:/home/user/.m2/repository/org/springframework/spring-jcl/5.1.3.RELEASE/spring-jcl-5.1.3.RELEASE.jar:/home/user/.m2/repository/org/springframework/spring-tx/5.1.3.RELEASE/spring-tx-5.1.3.RELEASE.jar:/home/user/.m2/repository/org/apache/hadoop/hadoop-ozone-client/0.5.0-SNAPSHOT/hadoop-ozone-client-0.5.0-SNAPSHOT.jar:/home/user/.m2/repository/commons-lang/commons-lang/2.6/commons-lang-2.6.jar:/home/user/.m2/repository/org/apache/hadoop/hadoop-ozone-ozone-manager/0.5.0-SNAPSHOT/hadoop-ozone-ozone-manager-0.5.0-SNAPSHOT-tests.jar:/home/user/.m2/repository/junit/junit/4.11/junit-4.11.jar:/home/user/.m2/repository/org/hamcrest/hamcrest-core/1.3/hamcrest-core-1.3.jar:/home/user/.m2/repository/org/openjdk/jmh/jmh-core/1.19/jmh-core-1.19.jar:/home/user/.m2/repository/net/sf/jopt-simple/jopt-simple/4.6/jopt-simple-4.6.jar:/home/user/.m2/repository/org/apache/commons/commons-math3/3.1.1/commons-math3-3.1.1.jar:/home/user/.m2/repository/org/openjdk/jmh/jmh-generator-annprocess/1.19/jmh-generator-annprocess-1.19.jar:/home/user/.m2/repository/org/mockito/mockito-all/1.8.5/mockito-all-1.8.5.jar:/home/user/.m2/repository/org/apache/hadoop/hadoop-kms/3.2.0/hadoop-kms-3.2.0.jar:/home/user/.m2/repository/org/apache/hadoop/hadoop-auth/3.2.0/hadoop-auth-3.2.0.jar:/home/user/.m2/repository/com/nimbusds/nimbus-jose-jwt/4.41.1/nimbus-jose-jwt-4.41.1.jar:/home/user/.m2/repository/com/github/stephenc/jcip/jcip-annotations/1.0-1/jcip-annotations-1.0-1.jar:/home/user/.m2/repository/net/minidev/json-smart/2.3/json-smart-2.3.jar:/home/user/.m2/repository/net/minidev/accessors-smart/1.2/accessors-smart-1.2.jar:/home/user/.m2/repository/org/ow2/asm/asm/5.0.4/asm-5.0.4.jar:/home/user/.m2/repository/org/apache/curator/curator-framework/2.12.0/curator-framework-2.12.0.jar:/home/user/.m2/repository/com/sun/jersey/jersey-core/1.19/jersey-core-1.19.jar:/home/user/.m2/repository/javax/ws/rs/jsr311-api/1.1.1/jsr311-api-1.1.1.jar:/home/user/.m2/repository/com/sun/jersey/jersey-server/1.19/jersey-server-1.19.jar:/home/user/.m2/repository/javax/servlet/javax.servlet-api/3.1.0/javax.servlet-api-3.1.0.jar:/home/user/.m2/repository/org/eclipse/jetty/jetty-server/9.3.24.v20180605/jetty-server-9.3.24.v20180605.jar:/home/user/.m2/repository/org/eclipse/jetty/jetty-http/9.3.24.v20180605/jetty-http-9.3.24.v20180605.jar:/home/user/.m2/repository/org/eclipse/jetty/jetty-io/9.3.24.v20180605/jetty-io-9.3.24.v20180605.jar:/home/user/.m2/repository/org/eclipse/jetty/jetty-webapp/9.3.24.v20180605/jetty-webapp-9.3.24.v20180605.jar:/home/user/.m2/repository/org/eclipse/jetty/jetty-xml/9.3.24.v20180605/jetty-xml-9.3.24.v20180605.jar:/home/user/.m2/repository/log4j/log4j/1.2.17/log4j-1.2.17.jar:/home/user/.m2/repository/org/slf4j/slf4j-api/1.7.25/slf4j-api-1.7.25.jar:/home/user/.m2/repository/org/slf4j/jul-to-slf4j/1.7.25/jul-to-slf4j-1.7.25.jar:/home/user/.m2/repository/org/eclipse/jetty/jetty-util/9.3.24.v20180605/jetty-util-9.3.24.v20180605.jar:/home/user/.m2/repository/com/fasterxml/jackson/core/jackson-databind/2.9.5/jackson-databind-2.9.5.jar:/home/user/.m2/repository/org/apache/hadoop/hadoop-kms/3.2.0/hadoop-kms-3.2.0-tests.jar:/home/user/.m2/repository/org/apache/hadoop/hadoop-hdds-server-scm/0.5.0-SNAPSHOT/hadoop-hdds-server-scm-0.5.0-SNAPSHOT-tests.jar:/home/user/.m2/repository/org/apache/hadoop/hadoop-hdds-container-service/0.5.0-SNAPSHOT/hadoop-hdds-container-service-0.5.0-SNAPSHOT-tests.jar:/home/user/.m2/repository/org/yaml/snakeyaml/1.16/snakeyaml-1.16.jar:/home/user/.m2/repository/org/apache/hadoop/hadoop-common/3.2.0/hadoop-common-3.2.0-tests.jar:/home/user/.m2/repository/org/apache/hadoop/hadoop-annotations/3.2.0/hadoop-annotations-3.2.0.jar:/usr/lib/jvm/java-1.8-openjdk/jre/../lib/tools.jar:/home/user/.m2/repository/commons-cli/commons-cli/1.2/commons-cli-1.2.jar:/home/user/.m2/repository/org/apache/httpcomponents/httpclient/4.5.2/httpclient-4.5.2.jar:/home/user/.m2/repository/org/apache/httpcomponents/httpcore/4.4.4/httpcore-4.4.4.jar:/home/user/.m2/repository/commons-codec/commons-codec/1.11/commons-codec-1.11.jar:/home/user/.m2/repository/commons-net/commons-net/3.6/commons-net-3.6.jar:/home/user/.m2/repository/commons-collections/commons-collections/3.2.2/commons-collections-3.2.2.jar:/home/user/.m2/repository/org/eclipse/jetty/jetty-servlet/9.3.24.v20180605/jetty-servlet-9.3.24.v20180605.jar:/home/user/.m2/repository/org/eclipse/jetty/jetty-security/9.3.24.v20180605/jetty-security-9.3.24.v20180605.jar:/home/user/.m2/repository/javax/servlet/jsp/jsp-api/2.1/jsp-api-2.1.jar:/home/user/.m2/repository/com/sun/jersey/jersey-servlet/1.19/jersey-servlet-1.19.jar:/home/user/.m2/repository/com/sun/jersey/jersey-json/1.19/jersey-json-1.19.jar:/home/user/.m2/repository/org/codehaus/jettison/jettison/1.1/jettison-1.1.jar:/home/user/.m2/repository/org/codehaus/jackson/jackson-core-asl/1.9.13/jackson-core-asl-1.9.13.jar:/home/user/.m2/repository/org/codehaus/jackson/jackson-mapper-asl/1.9.13/jackson-mapper-asl-1.9.13.jar:/home/user/.m2/repository/org/codehaus/jackson/jackson-jaxrs/1.9.13/jackson-jaxrs-1.9.13.jar:/home/user/.m2/repository/org/codehaus/jackson/jackson-xc/1.9.13/jackson-xc-1.9.13.jar:/home/user/.m2/repository/commons-logging/commons-logging/1.1.3/commons-logging-1.1.3.jar:/home/user/.m2/repository/commons-beanutils/commons-beanutils/1.9.3/commons-beanutils-1.9.3.jar:/home/user/.m2/repository/org/apache/commons/commons-configuration2/2.1.1/commons-configuration2-2.1.1.jar:/home/user/.m2/repository/org/apache/commons/commons-lang3/3.7/commons-lang3-3.7.jar:/home/user/.m2/repository/org/apache/commons/commons-text/1.4/commons-text-1.4.jar:/home/user/.m2/repository/org/apache/avro/avro/1.7.7/avro-1.7.7.jar:/home/user/.m2/repository/com/thoughtworks/paranamer/paranamer/2.3/paranamer-2.3.jar:/home/user/.m2/repository/org/xerial/snappy/snappy-java/1.0.5/snappy-java-1.0.5.jar:/home/user/.m2/repository/com/google/re2j/re2j/1.1/re2j-1.1.jar:/home/user/.m2/repository/com/google/code/gson/gson/2.2.4/gson-2.2.4.jar:/home/user/.m2/repository/com/jcraft/jsch/0.1.54/jsch-0.1.54.jar:/home/user/.m2/repository/org/apache/curator/curator-client/2.12.0/curator-client-2.12.0.jar:/home/user/.m2/repository/org/apache/curator/curator-recipes/2.12.0/curator-recipes-2.12.0.jar:/home/user/.m2/repository/com/google/code/findbugs/jsr305/3.0.0/jsr305-3.0.0.jar:/home/user/.m2/repository/org/apache/htrace/htrace-core4/4.1.0-incubating/htrace-core4-4.1.0-incubating.jar:/home/user/.m2/repository/org/apache/zookeeper/zookeeper/3.4.13/zookeeper-3.4.13.jar:/home/user/.m2/repository/org/apache/yetus/audience-annotations/0.5.0/audience-annotations-0.5.0.jar:/home/user/.m2/repository/org/codehaus/woodstox/stax2-api/3.1.4/stax2-api-3.1.4.jar:/home/user/.m2/repository/com/fasterxml/woodstox/woodstox-core/5.0.3/woodstox-core-5.0.3.jar:/home/user/.m2/repository/dnsjava/dnsjava/2.1.7/dnsjava-2.1.7.jar:/home/user/.m2/repository/org/apache/hadoop/hadoop-hdfs/3.2.0/hadoop-hdfs-3.2.0-tests.jar:/home/user/.m2/repository/org/eclipse/jetty/jetty-util-ajax/9.3.24.v20180605/jetty-util-ajax-9.3.24.v20180605.jar:/home/user/.m2/repository/commons-daemon/commons-daemon/1.0.13/commons-daemon-1.0.13.jar:/home/user/.m2/repository/io/netty/netty/3.10.5.Final/netty-3.10.5.Final.jar:/home/user/.m2/repository/io/netty/netty-all/4.0.52.Final/netty-all-4.0.52.Final.jar:/home/user/.m2/repository/org/fusesource/leveldbjni/leveldbjni-all/1.8/leveldbjni-all-1.8.jar:"/>
    <property name="sun.cpu.endian" value="little"/>
    <property name="user.home" value="/home/user"/>
    <property name="user.language" value="en"/>
    <property name="java.specification.vendor" value="Oracle Corporation"/>
    <property name="java.home" value="/usr/lib/jvm/java-1.8-openjdk/jre"/>
    <property name="java.security.krb5.conf" value="/workdir/hadoop-ozone/integration-test/target/test-classes/krb5.conf"/>
    <property name="basedir" value="/workdir/hadoop-ozone/integration-test"/>
    <property name="file.separator" value="/"/>
    <property name="line.separator" value="&#10;"/>
    <property name="java.vm.specification.vendor" value="Oracle Corporation"/>
    <property name="java.specification.name" value="Java Platform API Specification"/>
    <property name="java.awt.graphicsenv" value="sun.awt.X11GraphicsEnvironment"/>
    <property name="surefire.real.class.path" value="/workdir/hadoop-ozone/integration-test/target/surefire/surefirebooter22533267273878075.jar"/>
    <property name="hadoop.log.dir" value="/workdir/hadoop-ozone/integration-test/target/log"/>
    <property name="sun.boot.class.path" value="/usr/lib/jvm/java-1.8-openjdk/jre/lib/resources.jar:/usr/lib/jvm/java-1.8-openjdk/jre/lib/rt.jar:/usr/lib/jvm/java-1.8-openjdk/jre/lib/sunrsasign.jar:/usr/lib/jvm/java-1.8-openjdk/jre/lib/jsse.jar:/usr/lib/jvm/java-1.8-openjdk/jre/lib/jce.jar:/usr/lib/jvm/java-1.8-openjdk/jre/lib/charsets.jar:/usr/lib/jvm/java-1.8-openjdk/jre/lib/jfr.jar:/usr/lib/jvm/java-1.8-openjdk/jre/classes"/>
    <property name="sun.management.compiler" value="HotSpot 64-Bit Tiered Compilers"/>
    <property name="java.runtime.version" value="1.8.0_212-b04"/>
    <property name="java.net.preferIPv4Stack" value="true"/>
    <property name="user.name" value="jenkins1000"/>
    <property name="path.separator" value=":"/>
    <property name="java.security.egd" value="file:///dev/urandom"/>
    <property name="os.version" value="3.10.0-957.12.2.el7.x86_64"/>
    <property name="java.endorsed.dirs" value="/usr/lib/jvm/java-1.8-openjdk/jre/lib/endorsed"/>
    <property name="java.runtime.name" value="OpenJDK Runtime Environment"/>
    <property name="file.encoding" value="UTF-8"/>
    <property name="java.vm.name" value="OpenJDK 64-Bit Server VM"/>
    <property name="test.build.webapps" value=""/>
    <property name="localRepository" value="/home/user/.m2/repository"/>
    <property name="java.vendor.url.bug" value="https://icedtea.classpath.org/bugzilla"/>
    <property name="java.io.tmpdir" value="/tmp"/>
    <property name="require.test.libhadoop" value=""/>
    <property name="java.version" value="1.8.0_212"/>
    <property name="user.dir" value="/workdir/hadoop-ozone/integration-test"/>
    <property name="os.arch" value="amd64"/>
    <property name="java.vm.specification.name" value="Java Virtual Machine Specification"/>
    <property name="test.build.classes" value="/workdir/hadoop-ozone/integration-test/target/test-classes"/>
    <property name="java.awt.printerjob" value="sun.print.PSPrinterJob"/>
    <property name="sun.os.patch.level" value="unknown"/>
    <property name="hadoop.tmp.dir" value="/workdir/hadoop-ozone/integration-test/target/tmp"/>
    <property name="java.library.path" value="/usr/lib/jvm/java-1.8-openjdk/jre/lib/amd64/server:/usr/lib/jvm/java-1.8-openjdk/jre/lib/amd64:/usr/lib/jvm/java-1.8-openjdk/jre/../lib/amd64:/workdir/hadoop-ozone/integration-test/target/native/target/usr/local/lib:/workdir/hadoop-ozone/integration-test/../../hadoop-common-project/hadoop-common/target/native/target/usr/local/lib:/usr/java/packages/lib/amd64:/usr/lib64:/lib64:/lib:/usr/lib"/>
    <property name="java.vm.info" value="mixed mode"/>
    <property name="java.vendor" value="IcedTea"/>
    <property name="java.vm.version" value="25.212-b04"/>
    <property name="java.ext.dirs" value="/usr/lib/jvm/java-1.8-openjdk/jre/lib/ext:/usr/java/packages/lib/ext"/>
    <property name="sun.io.unicode.encoding" value="UnicodeLittle"/>
    <property name="java.class.version" value="52.0"/>
  </properties>
  <testcase name="testWatchForCommitWithKeyWrite" classname="org.apache.hadoop.ozone.client.rpc.TestWatchForCommit" time="61.654"/>
  <testcase name="testWatchForCommitWithSmallerTimeoutValue" classname="org.apache.hadoop.ozone.client.rpc.TestWatchForCommit" time="28.492">
    <error message="org.apache.ratis.protocol.RaftRetryFailureException: Failed RaftClientRequest:client-02B52F649350-&gt;9baf0294-3496-4e1f-b0fa-15839a24912d@group-9D35AC187D3C, cid=50, seq=1*, RW, org.apache.hadoop.hdds.scm.XceiverClientRatis$$Lambda$371/497507806@67546c70 for 20 attempts with RetryLimited(maxAttempts=20, sleepTime=1000ms)" type="java.util.concurrent.ExecutionException">java.util.concurrent.ExecutionException: org.apache.ratis.protocol.RaftRetryFailureException: Failed RaftClientRequest:client-02B52F649350->9baf0294-3496-4e1f-b0fa-15839a24912d@group-9D35AC187D3C, cid=50, seq=1*, RW, org.apache.hadoop.hdds.scm.XceiverClientRatis$$Lambda$371/497507806@67546c70 for 20 attempts with RetryLimited(maxAttempts=20, sleepTime=1000ms)
	at java.util.concurrent.CompletableFuture.reportGet(CompletableFuture.java:357)
	at java.util.concurrent.CompletableFuture.get(CompletableFuture.java:1895)
	at org.apache.hadoop.ozone.client.rpc.TestWatchForCommit.testWatchForCommitWithSmallerTimeoutValue(TestWatchForCommit.java:293)
	at sun.reflect.NativeMethodAccessorImpl.invoke0(Native Method)
	at sun.reflect.NativeMethodAccessorImpl.invoke(NativeMethodAccessorImpl.java:62)
	at sun.reflect.DelegatingMethodAccessorImpl.invoke(DelegatingMethodAccessorImpl.java:43)
	at java.lang.reflect.Method.invoke(Method.java:498)
	at org.junit.runners.model.FrameworkMethod$1.runReflectiveCall(FrameworkMethod.java:47)
	at org.junit.internal.runners.model.ReflectiveCallable.run(ReflectiveCallable.java:12)
	at org.junit.runners.model.FrameworkMethod.invokeExplosively(FrameworkMethod.java:44)
	at org.junit.internal.runners.statements.InvokeMethod.evaluate(InvokeMethod.java:17)
	at org.junit.runners.ParentRunner.runLeaf(ParentRunner.java:271)
	at org.junit.runners.BlockJUnit4ClassRunner.runChild(BlockJUnit4ClassRunner.java:70)
	at org.junit.runners.BlockJUnit4ClassRunner.runChild(BlockJUnit4ClassRunner.java:50)
	at org.junit.runners.ParentRunner$3.run(ParentRunner.java:238)
	at org.junit.runners.ParentRunner$1.schedule(ParentRunner.java:63)
	at org.junit.runners.ParentRunner.runChildren(ParentRunner.java:236)
	at org.junit.runners.ParentRunner.access$000(ParentRunner.java:53)
	at org.junit.runners.ParentRunner$2.evaluate(ParentRunner.java:229)
	at org.junit.runners.ParentRunner.run(ParentRunner.java:309)
	at org.apache.maven.surefire.junit4.JUnit4Provider.execute(JUnit4Provider.java:365)
	at org.apache.maven.surefire.junit4.JUnit4Provider.executeWithRerun(JUnit4Provider.java:273)
	at org.apache.maven.surefire.junit4.JUnit4Provider.executeTestSet(JUnit4Provider.java:238)
	at org.apache.maven.surefire.junit4.JUnit4Provider.invoke(JUnit4Provider.java:159)
	at org.apache.maven.surefire.booter.ForkedBooter.invokeProviderInSameClassLoader(ForkedBooter.java:384)
	at org.apache.maven.surefire.booter.ForkedBooter.runSuitesInProcess(ForkedBooter.java:345)
	at org.apache.maven.surefire.booter.ForkedBooter.execute(ForkedBooter.java:126)
	at org.apache.maven.surefire.booter.ForkedBooter.main(ForkedBooter.java:418)
Caused by: org.apache.ratis.protocol.RaftRetryFailureException: Failed RaftClientRequest:client-02B52F649350->9baf0294-3496-4e1f-b0fa-15839a24912d@group-9D35AC187D3C, cid=50, seq=1*, RW, org.apache.hadoop.hdds.scm.XceiverClientRatis$$Lambda$371/497507806@67546c70 for 20 attempts with RetryLimited(maxAttempts=20, sleepTime=1000ms)
	at org.apache.ratis.client.impl.RaftClientImpl.noMoreRetries(RaftClientImpl.java:272)
	at org.apache.ratis.client.impl.OrderedAsync.handleAsyncRetryFailure(OrderedAsync.java:138)
	at org.apache.ratis.client.impl.OrderedAsync.lambda$sendRequest$10(OrderedAsync.java:230)
	at java.util.concurrent.CompletableFuture.uniExceptionally(CompletableFuture.java:870)
	at java.util.concurrent.CompletableFuture$UniExceptionally.tryFire(CompletableFuture.java:852)
	at java.util.concurrent.CompletableFuture.postComplete(CompletableFuture.java:474)
	at java.util.concurrent.CompletableFuture.completeExceptionally(CompletableFuture.java:1977)
	at org.apache.ratis.grpc.client.GrpcClientProtocolClient$AsyncStreamObservers.completeReplyExceptionally(GrpcClientProtocolClient.java:330)
	at org.apache.ratis.grpc.client.GrpcClientProtocolClient$AsyncStreamObservers.access$000(GrpcClientProtocolClient.java:246)
	at org.apache.ratis.grpc.client.GrpcClientProtocolClient$AsyncStreamObservers$1.onNext(GrpcClientProtocolClient.java:258)
	at org.apache.ratis.grpc.client.GrpcClientProtocolClient$AsyncStreamObservers$1.onNext(GrpcClientProtocolClient.java:249)
	at org.apache.ratis.thirdparty.io.grpc.stub.ClientCalls$StreamObserverToCallListenerAdapter.onMessage(ClientCalls.java:421)
	at org.apache.ratis.thirdparty.io.grpc.ForwardingClientCallListener.onMessage(ForwardingClientCallListener.java:33)
	at org.apache.ratis.thirdparty.io.grpc.ForwardingClientCallListener.onMessage(ForwardingClientCallListener.java:33)
	at org.apache.ratis.thirdparty.io.grpc.internal.ClientCallImpl$ClientStreamListenerImpl$1MessagesAvailable.runInContext(ClientCallImpl.java:519)
	at org.apache.ratis.thirdparty.io.grpc.internal.ContextRunnable.run(ContextRunnable.java:37)
	at org.apache.ratis.thirdparty.io.grpc.internal.SerializingExecutor.run(SerializingExecutor.java:123)
	at java.util.concurrent.ThreadPoolExecutor.runWorker(ThreadPoolExecutor.java:1149)
	at java.util.concurrent.ThreadPoolExecutor$Worker.run(ThreadPoolExecutor.java:624)
	at java.lang.Thread.run(Thread.java:748)
Caused by: org.apache.ratis.protocol.NotLeaderException: Server 9baf0294-3496-4e1f-b0fa-15839a24912d is not the leader (b2a7f730-984e-473a-b8b8-9318ecaec820:192.168.69.126:34899). Request must be sent to leader.
	at org.apache.ratis.client.impl.ClientProtoUtils.toRaftClientReply(ClientProtoUtils.java:242)
	at org.apache.ratis.grpc.client.GrpcClientProtocolClient$AsyncStreamObservers$1.onNext(GrpcClientProtocolClient.java:254)
	... 10 more
</error>
    <system-out><![CDATA[2019-08-28 19:11:38,761 [main] WARN  server.ServerUtils (ServerUtils.java:getScmDbDir(145)) - ozone.scm.db.dirs is not configured. We recommend adding this setting. Falling back to ozone.metadata.dirs instead.
2019-08-28 19:11:38,821 [main] WARN  server.ServerUtils (ServerUtils.java:getScmDbDir(145)) - ozone.scm.db.dirs is not configured. We recommend adding this setting. Falling back to ozone.metadata.dirs instead.
2019-08-28 19:11:38,822 [main] WARN  server.ServerUtils (ServerUtils.java:getScmDbDir(145)) - ozone.scm.db.dirs is not configured. We recommend adding this setting. Falling back to ozone.metadata.dirs instead.
2019-08-28 19:11:38,823 [main] INFO  db.DBStoreBuilder (DBStoreBuilder.java:addTable(110)) - using custom profile for table: deletedBlocks
2019-08-28 19:11:38,823 [main] INFO  db.DBStoreBuilder (DBStoreBuilder.java:processTables(161)) - Using default column profile:DBProfile.DISK for Table:deletedBlocks
2019-08-28 19:11:38,823 [main] INFO  db.DBStoreBuilder (DBStoreBuilder.java:addTable(110)) - using custom profile for table: validCerts
2019-08-28 19:11:38,824 [main] INFO  db.DBStoreBuilder (DBStoreBuilder.java:processTables(161)) - Using default column profile:DBProfile.DISK for Table:validCerts
2019-08-28 19:11:38,824 [main] INFO  db.DBStoreBuilder (DBStoreBuilder.java:addTable(110)) - using custom profile for table: revokedCerts
2019-08-28 19:11:38,824 [main] INFO  db.DBStoreBuilder (DBStoreBuilder.java:processTables(161)) - Using default column profile:DBProfile.DISK for Table:revokedCerts
2019-08-28 19:11:38,825 [main] INFO  db.DBStoreBuilder (DBStoreBuilder.java:addTable(110)) - using custom profile for table: default
2019-08-28 19:11:38,825 [main] INFO  db.DBStoreBuilder (DBStoreBuilder.java:processTables(167)) - Using default column profile:DBProfile.DISK for Table:default
2019-08-28 19:11:38,825 [main] INFO  db.DBStoreBuilder (DBStoreBuilder.java:getDbProfile(198)) - Using default options. DBProfile.DISK
2019-08-28 19:11:39,336 [main] INFO  net.NodeSchemaLoader (NodeSchemaLoader.java:loadSchemaFromFile(125)) - Loading file from sun.misc.CompoundEnumeration@20027c44
2019-08-28 19:11:39,337 [main] INFO  net.NodeSchemaLoader (NodeSchemaLoader.java:loadSchema(171)) - Loading network topology layer schema file
2019-08-28 19:11:39,344 [main] WARN  server.ServerUtils (ServerUtils.java:sanitizeUserArgs(70)) - ozone.scm.stale.node.interval value = 300000 is larger than max = 100000 based on the key value of ozone.scm.heartbeat.thread.interval, reset to the max value 100000.
2019-08-28 19:11:39,345 [main] WARN  server.ServerUtils (ServerUtils.java:sanitizeUserArgs(70)) - ozone.scm.stale.node.interval value = 300000 is larger than max = 100000 based on the key value of ozone.scm.heartbeat.thread.interval, reset to the max value 100000.
2019-08-28 19:11:39,345 [main] INFO  node.SCMNodeManager (SCMNodeManager.java:<init>(121)) - Entering startup safe mode.
2019-08-28 19:11:39,346 [main] INFO  algorithms.ContainerPlacementPolicyFactory (ContainerPlacementPolicyFactory.java:getPolicy(55)) - Create container placement policy of type org.apache.hadoop.hdds.scm.container.placement.algorithms.SCMContainerPlacementRandom
2019-08-28 19:11:39,347 [main] WARN  server.ServerUtils (ServerUtils.java:getScmDbDir(145)) - ozone.scm.db.dirs is not configured. We recommend adding this setting. Falling back to ozone.metadata.dirs instead.
2019-08-28 19:11:39,804 [main] INFO  pipeline.SCMPipelineManager (SCMPipelineManager.java:initializePipelineState(126)) - No pipeline exists in current db
2019-08-28 19:11:39,804 [main] WARN  server.ServerUtils (ServerUtils.java:getScmDbDir(145)) - ozone.scm.db.dirs is not configured. We recommend adding this setting. Falling back to ozone.metadata.dirs instead.
2019-08-28 19:11:39,999 [main] WARN  events.EventQueue (EventQueue.java:fireEvent(175)) - No event handler registered for event TypedEvent{payloadType=SafeModeStatus, name='SafeModeStatus'}
2019-08-28 19:11:40,000 [main] INFO  ipc.CallQueueManager (CallQueueManager.java:<init>(84)) - Using callQueue: class java.util.concurrent.LinkedBlockingQueue, queueCapacity: 2000, scheduler: class org.apache.hadoop.ipc.DefaultRpcScheduler, ipcBackoff: false.
2019-08-28 19:11:40,001 [Socket Reader #1 for port 35777] INFO  ipc.Server (Server.java:run(1074)) - Starting Socket Reader #1 for port 35777
2019-08-28 19:11:40,004 [main] INFO  ipc.CallQueueManager (CallQueueManager.java:<init>(84)) - Using callQueue: class java.util.concurrent.LinkedBlockingQueue, queueCapacity: 2000, scheduler: class org.apache.hadoop.ipc.DefaultRpcScheduler, ipcBackoff: false.
2019-08-28 19:11:40,005 [Socket Reader #1 for port 42260] INFO  ipc.Server (Server.java:run(1074)) - Starting Socket Reader #1 for port 42260
2019-08-28 19:11:40,006 [main] INFO  ipc.CallQueueManager (CallQueueManager.java:<init>(84)) - Using callQueue: class java.util.concurrent.LinkedBlockingQueue, queueCapacity: 2000, scheduler: class org.apache.hadoop.ipc.DefaultRpcScheduler, ipcBackoff: false.
2019-08-28 19:11:40,007 [Socket Reader #1 for port 45909] INFO  ipc.Server (Server.java:run(1074)) - Starting Socket Reader #1 for port 45909
2019-08-28 19:11:40,010 [main] INFO  hdfs.DFSUtil (DFSUtil.java:httpServerTemplateForNNAndJN(1641)) - Starting Web-server for scm at: http://0.0.0.0:0
2019-08-28 19:11:40,012 [main] INFO  server.AuthenticationFilter (AuthenticationFilter.java:constructSecretProvider(240)) - Unable to initialize FileSignerSecretProvider, falling back to use random secrets.
2019-08-28 19:11:40,013 [main] WARN  http.HttpRequestLog (HttpRequestLog.java:getRequestLog(97)) - Jetty request log can only be enabled using Log4j
2019-08-28 19:11:40,016 [main] INFO  http.HttpServer2 (HttpServer2.java:addGlobalFilter(975)) - Added global filter 'safety' (class=org.apache.hadoop.http.HttpServer2$QuotingInputFilter)
2019-08-28 19:11:40,017 [main] INFO  http.HttpServer2 (HttpServer2.java:addFilter(948)) - Added filter static_user_filter (class=org.apache.hadoop.http.lib.StaticUserWebFilter$StaticUserFilter) to context scm
2019-08-28 19:11:40,017 [main] INFO  http.HttpServer2 (HttpServer2.java:addFilter(958)) - Added filter static_user_filter (class=org.apache.hadoop.http.lib.StaticUserWebFilter$StaticUserFilter) to context logs
2019-08-28 19:11:40,017 [main] INFO  http.HttpServer2 (HttpServer2.java:addFilter(958)) - Added filter static_user_filter (class=org.apache.hadoop.http.lib.StaticUserWebFilter$StaticUserFilter) to context static
2019-08-28 19:11:40,020 [main] INFO  server.StorageContainerManager (StorageContainerManager.java:start(759)) - StorageContainerLocationProtocol RPC server is listening at /0.0.0.0:45909
2019-08-28 19:11:40,023 [main] WARN  impl.MetricsConfig (MetricsConfig.java:loadFirst(134)) - Cannot locate configuration: tried hadoop-metrics2-storagecontainermanager.properties,hadoop-metrics2.properties
2019-08-28 19:11:40,024 [main] INFO  impl.MetricsSystemImpl (MetricsSystemImpl.java:startTimer(374)) - Scheduled Metric snapshot period at 10 second(s).
2019-08-28 19:11:40,025 [main] INFO  impl.MetricsSystemImpl (MetricsSystemImpl.java:start(191)) - StorageContainerManager metrics system started
2019-08-28 19:11:40,075 [main] INFO  server.SCMClientProtocolServer (SCMClientProtocolServer.java:start(151)) - RPC server for Client  is listening at /0.0.0.0:45909
2019-08-28 19:11:40,076 [IPC Server listener on 45909] INFO  ipc.Server (Server.java:run(1153)) - IPC Server listener on 45909: starting
2019-08-28 19:11:40,076 [IPC Server Responder] INFO  ipc.Server (Server.java:run(1314)) - IPC Server Responder: starting
2019-08-28 19:11:40,079 [main] INFO  server.StorageContainerManager (StorageContainerManager.java:start(769)) - ScmBlockLocationProtocol RPC server is listening at /0.0.0.0:42260
2019-08-28 19:11:40,079 [main] INFO  server.SCMBlockProtocolServer (SCMBlockProtocolServer.java:start(140)) - RPC server for Block Protocol is listening at /0.0.0.0:42260
2019-08-28 19:11:40,080 [IPC Server Responder] INFO  ipc.Server (Server.java:run(1314)) - IPC Server Responder: starting
2019-08-28 19:11:40,081 [IPC Server listener on 42260] INFO  ipc.Server (Server.java:run(1153)) - IPC Server listener on 42260: starting
2019-08-28 19:11:40,083 [main] INFO  server.StorageContainerManager (StorageContainerManager.java:start(773)) - ScmDatanodeProtocl RPC server is listening at /0.0.0.0:35777
2019-08-28 19:11:40,084 [main] INFO  server.SCMDatanodeProtocolServer (SCMDatanodeProtocolServer.java:start(191)) - RPC server for DataNodes is listening at /0.0.0.0:35777
2019-08-28 19:11:40,084 [IPC Server Responder] INFO  ipc.Server (Server.java:run(1314)) - IPC Server Responder: starting
2019-08-28 19:11:40,084 [IPC Server listener on 35777] INFO  ipc.Server (Server.java:run(1153)) - IPC Server listener on 35777: starting
2019-08-28 19:11:40,088 [main] INFO  http.HttpServer2 (HttpServer2.java:bindListener(1191)) - Jetty bound to port 45287
2019-08-28 19:11:40,088 [main] INFO  server.Server (Server.java:doStart(351)) - jetty-9.3.24.v20180605, build timestamp: 2018-06-05T17:11:56Z, git hash: 84205aa28f11a4f31f2a3b86d1bba2cc8ab69827
2019-08-28 19:11:40,090 [main] INFO  handler.ContextHandler (ContextHandler.java:doStart(781)) - Started o.e.j.s.ServletContextHandler@7ab2ba47{/logs,file:///workdir/hadoop-ozone/integration-test/target/log,AVAILABLE}
2019-08-28 19:11:40,090 [main] INFO  handler.ContextHandler (ContextHandler.java:doStart(781)) - Started o.e.j.s.ServletContextHandler@37ffe4f3{/static,file:///workdir/hadoop-ozone/integration-test/target/test-classes/webapps/static,AVAILABLE}
2019-08-28 19:11:40,095 [main] INFO  handler.ContextHandler (ContextHandler.java:doStart(781)) - Started o.e.j.w.WebAppContext@79cdf2d4{/,file:///workdir/hadoop-ozone/integration-test/target/test-classes/webapps/scm/,AVAILABLE}{/scm}
2019-08-28 19:11:40,095 [main] INFO  server.AbstractConnector (AbstractConnector.java:doStart(278)) - Started ServerConnector@8851ec{HTTP/1.1,[http/1.1]}{0.0.0.0:45287}
2019-08-28 19:11:40,096 [main] INFO  server.Server (Server.java:doStart(419)) - Started @63460ms
2019-08-28 19:11:40,097 [main] INFO  server.BaseHttpServer (BaseHttpServer.java:updateConnectorAddress(213)) - HTTP server of SCM is listening at http://0.0.0.0:45287
2019-08-28 19:11:40,097 [main] WARN  server.ServerUtils (ServerUtils.java:getDBPath(222)) - ozone.om.db.dirs is not configured. We recommend adding this setting. Falling back to ozone.metadata.dirs instead.
2019-08-28 19:11:40,098 [org.apache.hadoop.util.JvmPauseMonitor$Monitor@7198ab9a] INFO  util.JvmPauseMonitor (JvmPauseMonitor.java:run(188)) - Starting JVM pause monitor
2019-08-28 19:11:40,102 [main] WARN  server.ServerUtils (ServerUtils.java:getDBPath(222)) - ozone.om.db.dirs is not configured. We recommend adding this setting. Falling back to ozone.metadata.dirs instead.
2019-08-28 19:11:40,103 [main] WARN  server.ServerUtils (ServerUtils.java:getDBPath(222)) - ozone.om.db.dirs is not configured. We recommend adding this setting. Falling back to ozone.metadata.dirs instead.
2019-08-28 19:11:40,103 [main] INFO  om.OzoneManager (OzoneManager.java:setOMNodeDetails(645)) - OM Service ID is not set. Setting it to the default ID: omServiceIdDefault
2019-08-28 19:11:40,103 [main] INFO  om.OzoneManager (OzoneManager.java:setOMNodeDetails(651)) - OM Node ID is not set. Setting it to the OmStorage's OmID: f60fbc7e-7543-4cfe-ad48-c4184b5f157a
2019-08-28 19:11:40,103 [main] INFO  om.OzoneManager (OzoneManager.java:loadOMHAConfigs(602)) - Found matching OM address with OMServiceId: null, OMNodeId: null, RPC Address: localhost:0 and Ratis port: 9872
2019-08-28 19:11:40,109 | INFO  | SCMAudit | user=jenkins1000 | ip=192.168.69.126 | op=GET_SCM_INFO null | ret=SUCCESS |  
2019-08-28 19:11:40,112 [main] WARN  server.ServerUtils (ServerUtils.java:getDBPath(222)) - ozone.om.db.dirs is not configured. We recommend adding this setting. Falling back to ozone.metadata.dirs instead.
2019-08-28 19:11:40,113 [main] INFO  db.DBStoreBuilder (DBStoreBuilder.java:addTable(110)) - using custom profile for table: userTable
2019-08-28 19:11:40,113 [main] INFO  db.DBStoreBuilder (DBStoreBuilder.java:processTables(161)) - Using default column profile:DBProfile.DISK for Table:userTable
2019-08-28 19:11:40,114 [main] INFO  db.DBStoreBuilder (DBStoreBuilder.java:addTable(110)) - using custom profile for table: volumeTable
2019-08-28 19:11:40,114 [main] INFO  db.DBStoreBuilder (DBStoreBuilder.java:processTables(161)) - Using default column profile:DBProfile.DISK for Table:volumeTable
2019-08-28 19:11:40,114 [main] INFO  db.DBStoreBuilder (DBStoreBuilder.java:addTable(110)) - using custom profile for table: bucketTable
2019-08-28 19:11:40,114 [main] INFO  db.DBStoreBuilder (DBStoreBuilder.java:processTables(161)) - Using default column profile:DBProfile.DISK for Table:bucketTable
2019-08-28 19:11:40,115 [main] INFO  db.DBStoreBuilder (DBStoreBuilder.java:addTable(110)) - using custom profile for table: keyTable
2019-08-28 19:11:40,115 [main] INFO  db.DBStoreBuilder (DBStoreBuilder.java:processTables(161)) - Using default column profile:DBProfile.DISK for Table:keyTable
2019-08-28 19:11:40,115 [main] INFO  db.DBStoreBuilder (DBStoreBuilder.java:addTable(110)) - using custom profile for table: deletedTable
2019-08-28 19:11:40,116 [main] INFO  db.DBStoreBuilder (DBStoreBuilder.java:processTables(161)) - Using default column profile:DBProfile.DISK for Table:deletedTable
2019-08-28 19:11:40,116 [main] INFO  db.DBStoreBuilder (DBStoreBuilder.java:addTable(110)) - using custom profile for table: openKeyTable
2019-08-28 19:11:40,116 [main] INFO  db.DBStoreBuilder (DBStoreBuilder.java:processTables(161)) - Using default column profile:DBProfile.DISK for Table:openKeyTable
2019-08-28 19:11:40,117 [main] INFO  db.DBStoreBuilder (DBStoreBuilder.java:addTable(110)) - using custom profile for table: s3Table
2019-08-28 19:11:40,117 [main] INFO  db.DBStoreBuilder (DBStoreBuilder.java:processTables(161)) - Using default column profile:DBProfile.DISK for Table:s3Table
2019-08-28 19:11:40,117 [main] INFO  db.DBStoreBuilder (DBStoreBuilder.java:addTable(110)) - using custom profile for table: multipartInfoTable
2019-08-28 19:11:40,117 [main] INFO  db.DBStoreBuilder (DBStoreBuilder.java:processTables(161)) - Using default column profile:DBProfile.DISK for Table:multipartInfoTable
2019-08-28 19:11:40,118 [main] INFO  db.DBStoreBuilder (DBStoreBuilder.java:addTable(110)) - using custom profile for table: dTokenTable
2019-08-28 19:11:40,118 [main] INFO  db.DBStoreBuilder (DBStoreBuilder.java:processTables(161)) - Using default column profile:DBProfile.DISK for Table:dTokenTable
2019-08-28 19:11:40,118 [main] INFO  db.DBStoreBuilder (DBStoreBuilder.java:addTable(110)) - using custom profile for table: s3SecretTable
2019-08-28 19:11:40,118 [main] INFO  db.DBStoreBuilder (DBStoreBuilder.java:processTables(161)) - Using default column profile:DBProfile.DISK for Table:s3SecretTable
2019-08-28 19:11:40,119 [main] INFO  db.DBStoreBuilder (DBStoreBuilder.java:addTable(110)) - using custom profile for table: prefixTable
2019-08-28 19:11:40,119 [main] INFO  db.DBStoreBuilder (DBStoreBuilder.java:processTables(161)) - Using default column profile:DBProfile.DISK for Table:prefixTable
2019-08-28 19:11:40,119 [main] INFO  db.DBStoreBuilder (DBStoreBuilder.java:addTable(110)) - using custom profile for table: default
2019-08-28 19:11:40,119 [main] INFO  db.DBStoreBuilder (DBStoreBuilder.java:processTables(167)) - Using default column profile:DBProfile.DISK for Table:default
2019-08-28 19:11:40,120 [main] INFO  db.DBStoreBuilder (DBStoreBuilder.java:getDbProfile(198)) - Using default options. DBProfile.DISK
2019-08-28 19:11:40,828 [main] INFO  ipc.CallQueueManager (CallQueueManager.java:<init>(84)) - Using callQueue: class java.util.concurrent.LinkedBlockingQueue, queueCapacity: 2000, scheduler: class org.apache.hadoop.ipc.DefaultRpcScheduler, ipcBackoff: false.
2019-08-28 19:11:40,829 [Socket Reader #1 for port 37209] INFO  ipc.Server (Server.java:run(1074)) - Starting Socket Reader #1 for port 37209
2019-08-28 19:11:40,843 [main] INFO  om.OzoneManager (OzoneManager.java:start(1256)) - OzoneManager RPC server is listening at localhost/127.0.0.1:37209
2019-08-28 19:11:40,843 [main] INFO  impl.MetricsSystemImpl (MetricsSystemImpl.java:init(158)) - OzoneManager metrics system started (again)
2019-08-28 19:11:40,844 [IPC Server Responder] INFO  ipc.Server (Server.java:run(1314)) - IPC Server Responder: starting
2019-08-28 19:11:40,844 [IPC Server listener on 37209] INFO  ipc.Server (Server.java:run(1153)) - IPC Server listener on 37209: starting
2019-08-28 19:11:40,850 [main] INFO  hdfs.DFSUtil (DFSUtil.java:httpServerTemplateForNNAndJN(1641)) - Starting Web-server for ozoneManager at: http://0.0.0.0:0
2019-08-28 19:11:40,852 [main] INFO  server.AuthenticationFilter (AuthenticationFilter.java:constructSecretProvider(240)) - Unable to initialize FileSignerSecretProvider, falling back to use random secrets.
2019-08-28 19:11:40,853 [main] WARN  http.HttpRequestLog (HttpRequestLog.java:getRequestLog(97)) - Jetty request log can only be enabled using Log4j
2019-08-28 19:11:40,855 [main] INFO  http.HttpServer2 (HttpServer2.java:addGlobalFilter(975)) - Added global filter 'safety' (class=org.apache.hadoop.http.HttpServer2$QuotingInputFilter)
2019-08-28 19:11:40,857 [main] INFO  http.HttpServer2 (HttpServer2.java:addFilter(948)) - Added filter static_user_filter (class=org.apache.hadoop.http.lib.StaticUserWebFilter$StaticUserFilter) to context ozoneManager
2019-08-28 19:11:40,857 [main] INFO  http.HttpServer2 (HttpServer2.java:addFilter(958)) - Added filter static_user_filter (class=org.apache.hadoop.http.lib.StaticUserWebFilter$StaticUserFilter) to context static
2019-08-28 19:11:40,857 [main] INFO  http.HttpServer2 (HttpServer2.java:addFilter(958)) - Added filter static_user_filter (class=org.apache.hadoop.http.lib.StaticUserWebFilter$StaticUserFilter) to context logs
2019-08-28 19:11:40,858 [main] INFO  http.HttpServer2 (HttpServer2.java:bindListener(1191)) - Jetty bound to port 37044
2019-08-28 19:11:40,858 [main] INFO  server.Server (Server.java:doStart(351)) - jetty-9.3.24.v20180605, build timestamp: 2018-06-05T17:11:56Z, git hash: 84205aa28f11a4f31f2a3b86d1bba2cc8ab69827
2019-08-28 19:11:40,861 [main] INFO  handler.ContextHandler (ContextHandler.java:doStart(781)) - Started o.e.j.s.ServletContextHandler@485451d8{/logs,file:///workdir/hadoop-ozone/integration-test/target/log,AVAILABLE}
2019-08-28 19:11:40,861 [main] INFO  handler.ContextHandler (ContextHandler.java:doStart(781)) - Started o.e.j.s.ServletContextHandler@a1e912f{/static,file:///workdir/hadoop-ozone/integration-test/target/test-classes/webapps/static,AVAILABLE}
2019-08-28 19:11:40,867 [main] INFO  handler.ContextHandler (ContextHandler.java:doStart(781)) - Started o.e.j.w.WebAppContext@698f4aa{/,file:///workdir/hadoop-ozone/integration-test/target/test-classes/webapps/ozoneManager/,AVAILABLE}{/ozoneManager}
2019-08-28 19:11:40,867 [main] INFO  server.AbstractConnector (AbstractConnector.java:doStart(278)) - Started ServerConnector@3dda8a2e{HTTP/1.1,[http/1.1]}{0.0.0.0:37044}
2019-08-28 19:11:40,868 [main] INFO  server.Server (Server.java:doStart(419)) - Started @64232ms
2019-08-28 19:11:40,869 [main] INFO  server.BaseHttpServer (BaseHttpServer.java:updateConnectorAddress(213)) - HTTP server of OZONEMANAGER is listening at http://0.0.0.0:37044
2019-08-28 19:11:40,887 [main] INFO  impl.MetricsSystemImpl (MetricsSystemImpl.java:init(158)) - HddsDatanode metrics system started (again)
2019-08-28 19:11:40,890 [main] INFO  ozone.HddsDatanodeService (HddsDatanodeService.java:start(184)) - HddsDatanodeService host:pr-hdds-2018-mtlbb-3651089407 ip:192.168.69.126
2019-08-28 19:11:40,898 [main] INFO  volume.HddsVolume (HddsVolume.java:<init>(176)) - Creating Volume: /workdir/hadoop-ozone/integration-test/target/test-dir/MiniOzoneClusterImpl-95e23c98-e492-4cad-aeea-48d386549ca1/datanode-0/data/containers/hdds of  storage type : DISK and capacity : 1482555576320
2019-08-28 19:11:40,898 [main] INFO  volume.VolumeSet (VolumeSet.java:initializeVolumeSet(170)) - Added Volume : /workdir/hadoop-ozone/integration-test/target/test-dir/MiniOzoneClusterImpl-95e23c98-e492-4cad-aeea-48d386549ca1/datanode-0/data/containers/hdds to VolumeSet
2019-08-28 19:11:40,898 [main] INFO  volume.ThrottledAsyncChecker (ThrottledAsyncChecker.java:schedule(140)) - Scheduling a check for org.apache.hadoop.ozone.container.common.volume.HddsVolume@11574592
2019-08-28 19:11:40,899 [main] INFO  volume.HddsVolumeChecker (HddsVolumeChecker.java:checkAllVolumes(203)) - Scheduled health check for volume org.apache.hadoop.ozone.container.common.volume.HddsVolume@11574592
2019-08-28 19:11:40,915 [main] INFO  impl.RaftServerProxy (ConfUtils.java:logGet(43)) - raft.rpc.type = GRPC (default)
2019-08-28 19:11:40,915 [main] INFO  grpc.GrpcFactory (GrpcFactory.java:checkPooledByteBufAllocatorUseCacheForAllThreads(45)) - PERFORMANCE WARNING: useCacheForAllThreads is true that may cause Netty to create a lot garbage objects and, as a result, trigger GC.
	It is recommended to disable useCacheForAllThreads by setting -Dorg.apache.ratis.thirdparty.io.netty.allocator.useCacheForAllThreads=false in command line.
2019-08-28 19:11:40,915 [main] INFO  grpc.GrpcConfigKeys$Server (ConfUtils.java:logGet(43)) - raft.grpc.server.port = 0 (default)
2019-08-28 19:11:40,916 [main] INFO  server.GrpcService (ConfUtils.java:logGet(43)) - raft.grpc.message.size.max = 33570816 (custom)
2019-08-28 19:11:40,916 [main] INFO  server.RaftServerConfigKeys (ConfUtils.java:logGet(43)) - raft.server.log.appender.buffer.byte-limit = 33554432 (custom)
2019-08-28 19:11:40,916 [main] INFO  server.GrpcService (ConfUtils.java:logGet(43)) - raft.grpc.flow.control.window = 1MB (=1048576) (default)
2019-08-28 19:11:40,916 [main] INFO  server.RaftServerConfigKeys (ConfUtils.java:logGet(43)) - raft.server.rpc.request.timeout = 3000ms (default)
2019-08-28 19:11:40,917 [main] INFO  server.RaftServerConfigKeys (ConfUtils.java:logGet(43)) - raft.server.storage.dir = [/workdir/hadoop-ozone/integration-test/target/test-dir/MiniOzoneClusterImpl-95e23c98-e492-4cad-aeea-48d386549ca1/datanode-0/data/ratis] (custom)
2019-08-28 19:11:40,917 [main] INFO  replication.SimpleContainerDownloader (SimpleContainerDownloader.java:<init>(72)) - Starting container downloader service to copy containers to replicate.
2019-08-28 19:11:40,918 [main] INFO  hdfs.DFSUtil (DFSUtil.java:httpServerTemplateForNNAndJN(1641)) - Starting Web-server for hddsDatanode at: http://0.0.0.0:0
2019-08-28 19:11:40,920 [main] INFO  server.AuthenticationFilter (AuthenticationFilter.java:constructSecretProvider(240)) - Unable to initialize FileSignerSecretProvider, falling back to use random secrets.
2019-08-28 19:11:40,920 [main] WARN  http.HttpRequestLog (HttpRequestLog.java:getRequestLog(97)) - Jetty request log can only be enabled using Log4j
2019-08-28 19:11:40,922 [main] INFO  http.HttpServer2 (HttpServer2.java:addGlobalFilter(975)) - Added global filter 'safety' (class=org.apache.hadoop.http.HttpServer2$QuotingInputFilter)
2019-08-28 19:11:40,922 [main] INFO  http.HttpServer2 (HttpServer2.java:addFilter(948)) - Added filter static_user_filter (class=org.apache.hadoop.http.lib.StaticUserWebFilter$StaticUserFilter) to context hddsDatanode
2019-08-28 19:11:40,922 [main] INFO  http.HttpServer2 (HttpServer2.java:addFilter(958)) - Added filter static_user_filter (class=org.apache.hadoop.http.lib.StaticUserWebFilter$StaticUserFilter) to context static
2019-08-28 19:11:40,923 [main] INFO  http.HttpServer2 (HttpServer2.java:addFilter(958)) - Added filter static_user_filter (class=org.apache.hadoop.http.lib.StaticUserWebFilter$StaticUserFilter) to context logs
2019-08-28 19:11:40,923 [main] INFO  http.HttpServer2 (HttpServer2.java:bindListener(1191)) - Jetty bound to port 40892
2019-08-28 19:11:40,923 [main] INFO  server.Server (Server.java:doStart(351)) - jetty-9.3.24.v20180605, build timestamp: 2018-06-05T17:11:56Z, git hash: 84205aa28f11a4f31f2a3b86d1bba2cc8ab69827
2019-08-28 19:11:40,925 [main] INFO  handler.ContextHandler (ContextHandler.java:doStart(781)) - Started o.e.j.s.ServletContextHandler@66d2885c{/logs,file:///workdir/hadoop-ozone/integration-test/target/log,AVAILABLE}
2019-08-28 19:11:40,926 [main] INFO  handler.ContextHandler (ContextHandler.java:doStart(781)) - Started o.e.j.s.ServletContextHandler@6029f2a4{/static,jar:file:/home/user/.m2/repository/org/apache/hadoop/hadoop-hdds-container-service/0.5.0-SNAPSHOT/hadoop-hdds-container-service-0.5.0-SNAPSHOT.jar!/webapps/static,AVAILABLE}
2019-08-28 19:11:40,954 [main] INFO  handler.ContextHandler (ContextHandler.java:doStart(781)) - Started o.e.j.w.WebAppContext@5bb97fe7{/,file:///tmp/jetty-0.0.0.0-40892-hddsDatanode-_-any-6578643202157384308.dir/webapp/,AVAILABLE}{/hddsDatanode}
2019-08-28 19:11:40,954 [main] INFO  server.AbstractConnector (AbstractConnector.java:doStart(278)) - Started ServerConnector@10b87ff6{HTTP/1.1,[http/1.1]}{0.0.0.0:40892}
2019-08-28 19:11:40,956 [main] INFO  server.Server (Server.java:doStart(419)) - Started @64320ms
2019-08-28 19:11:40,957 [main] INFO  server.BaseHttpServer (BaseHttpServer.java:updateConnectorAddress(213)) - HTTP server of HDDSDATANODE is listening at http://0.0.0.0:40892
2019-08-28 19:11:41,123 | INFO  | ObjectStoreRestHttpServer | Listening HDDS REST traffic on /0.0.0.0:34097 |  
2019-08-28 19:11:41,123 [main] INFO  ozone.HddsDatanodeService (HddsDatanodeService.java:startPlugins(395)) - Started plug-in org.apache.hadoop.ozone.web.OzoneHddsDatanodeService@69a73867
2019-08-28 19:11:41,124 [main] INFO  impl.MetricsSystemImpl (MetricsSystemImpl.java:init(158)) - HddsDatanode metrics system started (again)
2019-08-28 19:11:41,128 [org.apache.hadoop.util.JvmPauseMonitor$Monitor@4f60161c] INFO  util.JvmPauseMonitor (JvmPauseMonitor.java:run(188)) - Starting JVM pause monitor
2019-08-28 19:11:41,130 [main] INFO  ozone.HddsDatanodeService (HddsDatanodeService.java:start(184)) - HddsDatanodeService host:pr-hdds-2018-mtlbb-3651089407 ip:192.168.69.126
2019-08-28 19:11:41,131 [Datanode State Machine Thread - 0] INFO  datanode.InitDatanodeState (InitDatanodeState.java:persistContainerDatanodeDetails(140)) - DatanodeDetails is persisted to /workdir/hadoop-ozone/integration-test/target/test-dir/MiniOzoneClusterImpl-95e23c98-e492-4cad-aeea-48d386549ca1/datanode-0/meta/datanode.id
2019-08-28 19:11:41,138 [main] INFO  volume.HddsVolume (HddsVolume.java:<init>(176)) - Creating Volume: /workdir/hadoop-ozone/integration-test/target/test-dir/MiniOzoneClusterImpl-95e23c98-e492-4cad-aeea-48d386549ca1/datanode-1/data/containers/hdds of  storage type : DISK and capacity : 1482555576320
2019-08-28 19:11:41,138 [main] INFO  volume.VolumeSet (VolumeSet.java:initializeVolumeSet(170)) - Added Volume : /workdir/hadoop-ozone/integration-test/target/test-dir/MiniOzoneClusterImpl-95e23c98-e492-4cad-aeea-48d386549ca1/datanode-1/data/containers/hdds to VolumeSet
2019-08-28 19:11:41,139 [main] INFO  volume.ThrottledAsyncChecker (ThrottledAsyncChecker.java:schedule(140)) - Scheduling a check for org.apache.hadoop.ozone.container.common.volume.HddsVolume@1857fe6c
2019-08-28 19:11:41,139 [main] INFO  volume.HddsVolumeChecker (HddsVolumeChecker.java:checkAllVolumes(203)) - Scheduled health check for volume org.apache.hadoop.ozone.container.common.volume.HddsVolume@1857fe6c
2019-08-28 19:11:41,162 [main] INFO  impl.RaftServerProxy (ConfUtils.java:logGet(43)) - raft.rpc.type = GRPC (default)
2019-08-28 19:11:41,162 [main] INFO  grpc.GrpcFactory (GrpcFactory.java:checkPooledByteBufAllocatorUseCacheForAllThreads(45)) - PERFORMANCE WARNING: useCacheForAllThreads is true that may cause Netty to create a lot garbage objects and, as a result, trigger GC.
	It is recommended to disable useCacheForAllThreads by setting -Dorg.apache.ratis.thirdparty.io.netty.allocator.useCacheForAllThreads=false in command line.
2019-08-28 19:11:41,162 [main] INFO  grpc.GrpcConfigKeys$Server (ConfUtils.java:logGet(43)) - raft.grpc.server.port = 0 (default)
2019-08-28 19:11:41,163 [main] INFO  server.GrpcService (ConfUtils.java:logGet(43)) - raft.grpc.message.size.max = 33570816 (custom)
2019-08-28 19:11:41,163 [main] INFO  server.RaftServerConfigKeys (ConfUtils.java:logGet(43)) - raft.server.log.appender.buffer.byte-limit = 33554432 (custom)
2019-08-28 19:11:41,163 [main] INFO  server.GrpcService (ConfUtils.java:logGet(43)) - raft.grpc.flow.control.window = 1MB (=1048576) (default)
2019-08-28 19:11:41,164 [main] INFO  server.RaftServerConfigKeys (ConfUtils.java:logGet(43)) - raft.server.rpc.request.timeout = 3000ms (default)
2019-08-28 19:11:41,164 [main] INFO  server.RaftServerConfigKeys (ConfUtils.java:logGet(43)) - raft.server.storage.dir = [/workdir/hadoop-ozone/integration-test/target/test-dir/MiniOzoneClusterImpl-95e23c98-e492-4cad-aeea-48d386549ca1/datanode-1/data/ratis] (custom)
2019-08-28 19:11:41,165 [main] INFO  replication.SimpleContainerDownloader (SimpleContainerDownloader.java:<init>(72)) - Starting container downloader service to copy containers to replicate.
2019-08-28 19:11:41,167 [main] INFO  hdfs.DFSUtil (DFSUtil.java:httpServerTemplateForNNAndJN(1641)) - Starting Web-server for hddsDatanode at: http://0.0.0.0:0
2019-08-28 19:11:41,169 [main] INFO  server.AuthenticationFilter (AuthenticationFilter.java:constructSecretProvider(240)) - Unable to initialize FileSignerSecretProvider, falling back to use random secrets.
2019-08-28 19:11:41,170 [main] WARN  http.HttpRequestLog (HttpRequestLog.java:getRequestLog(97)) - Jetty request log can only be enabled using Log4j
2019-08-28 19:11:41,172 [main] INFO  http.HttpServer2 (HttpServer2.java:addGlobalFilter(975)) - Added global filter 'safety' (class=org.apache.hadoop.http.HttpServer2$QuotingInputFilter)
2019-08-28 19:11:41,172 [main] INFO  http.HttpServer2 (HttpServer2.java:addFilter(948)) - Added filter static_user_filter (class=org.apache.hadoop.http.lib.StaticUserWebFilter$StaticUserFilter) to context hddsDatanode
2019-08-28 19:11:41,173 [main] INFO  http.HttpServer2 (HttpServer2.java:addFilter(958)) - Added filter static_user_filter (class=org.apache.hadoop.http.lib.StaticUserWebFilter$StaticUserFilter) to context static
2019-08-28 19:11:41,173 [main] INFO  http.HttpServer2 (HttpServer2.java:addFilter(958)) - Added filter static_user_filter (class=org.apache.hadoop.http.lib.StaticUserWebFilter$StaticUserFilter) to context logs
2019-08-28 19:11:41,174 [main] INFO  http.HttpServer2 (HttpServer2.java:bindListener(1191)) - Jetty bound to port 34572
2019-08-28 19:11:41,174 [main] INFO  server.Server (Server.java:doStart(351)) - jetty-9.3.24.v20180605, build timestamp: 2018-06-05T17:11:56Z, git hash: 84205aa28f11a4f31f2a3b86d1bba2cc8ab69827
2019-08-28 19:11:41,176 [main] INFO  handler.ContextHandler (ContextHandler.java:doStart(781)) - Started o.e.j.s.ServletContextHandler@687b0ddc{/logs,file:///workdir/hadoop-ozone/integration-test/target/log,AVAILABLE}
2019-08-28 19:11:41,177 [main] INFO  handler.ContextHandler (ContextHandler.java:doStart(781)) - Started o.e.j.s.ServletContextHandler@9f1ca74{/static,jar:file:/home/user/.m2/repository/org/apache/hadoop/hadoop-hdds-container-service/0.5.0-SNAPSHOT/hadoop-hdds-container-service-0.5.0-SNAPSHOT.jar!/webapps/static,AVAILABLE}
2019-08-28 19:11:41,217 [main] INFO  handler.ContextHandler (ContextHandler.java:doStart(781)) - Started o.e.j.w.WebAppContext@7717b4a0{/,file:///tmp/jetty-0.0.0.0-34572-hddsDatanode-_-any-3059567708208967709.dir/webapp/,AVAILABLE}{/hddsDatanode}
2019-08-28 19:11:41,217 [main] INFO  server.AbstractConnector (AbstractConnector.java:doStart(278)) - Started ServerConnector@69b37f5c{HTTP/1.1,[http/1.1]}{0.0.0.0:34572}
2019-08-28 19:11:41,219 [main] INFO  server.Server (Server.java:doStart(419)) - Started @64583ms
2019-08-28 19:11:41,220 [main] INFO  server.BaseHttpServer (BaseHttpServer.java:updateConnectorAddress(213)) - HTTP server of HDDSDATANODE is listening at http://0.0.0.0:34572
2019-08-28 19:11:41,356 | INFO  | ObjectStoreRestHttpServer | Listening HDDS REST traffic on /0.0.0.0:41505 |  
2019-08-28 19:11:41,356 [main] INFO  ozone.HddsDatanodeService (HddsDatanodeService.java:startPlugins(395)) - Started plug-in org.apache.hadoop.ozone.web.OzoneHddsDatanodeService@6fd9dbe6
2019-08-28 19:11:41,356 [main] INFO  impl.MetricsSystemImpl (MetricsSystemImpl.java:init(158)) - HddsDatanode metrics system started (again)
2019-08-28 19:11:41,360 [main] INFO  ozone.HddsDatanodeService (HddsDatanodeService.java:start(184)) - HddsDatanodeService host:pr-hdds-2018-mtlbb-3651089407 ip:192.168.69.126
2019-08-28 19:11:41,361 [org.apache.hadoop.util.JvmPauseMonitor$Monitor@31c2e7df] INFO  util.JvmPauseMonitor (JvmPauseMonitor.java:run(188)) - Starting JVM pause monitor
2019-08-28 19:11:41,363 [Datanode State Machine Thread - 0] INFO  datanode.InitDatanodeState (InitDatanodeState.java:persistContainerDatanodeDetails(140)) - DatanodeDetails is persisted to /workdir/hadoop-ozone/integration-test/target/test-dir/MiniOzoneClusterImpl-95e23c98-e492-4cad-aeea-48d386549ca1/datanode-1/meta/datanode.id
2019-08-28 19:11:41,367 [main] INFO  volume.HddsVolume (HddsVolume.java:<init>(176)) - Creating Volume: /workdir/hadoop-ozone/integration-test/target/test-dir/MiniOzoneClusterImpl-95e23c98-e492-4cad-aeea-48d386549ca1/datanode-2/data/containers/hdds of  storage type : DISK and capacity : 1482555576320
2019-08-28 19:11:41,368 [main] INFO  volume.VolumeSet (VolumeSet.java:initializeVolumeSet(170)) - Added Volume : /workdir/hadoop-ozone/integration-test/target/test-dir/MiniOzoneClusterImpl-95e23c98-e492-4cad-aeea-48d386549ca1/datanode-2/data/containers/hdds to VolumeSet
2019-08-28 19:11:41,368 [main] INFO  volume.ThrottledAsyncChecker (ThrottledAsyncChecker.java:schedule(140)) - Scheduling a check for org.apache.hadoop.ozone.container.common.volume.HddsVolume@391d28ea
2019-08-28 19:11:41,369 [main] INFO  volume.HddsVolumeChecker (HddsVolumeChecker.java:checkAllVolumes(203)) - Scheduled health check for volume org.apache.hadoop.ozone.container.common.volume.HddsVolume@391d28ea
2019-08-28 19:11:41,385 [main] INFO  impl.RaftServerProxy (ConfUtils.java:logGet(43)) - raft.rpc.type = GRPC (default)
2019-08-28 19:11:41,385 [main] INFO  grpc.GrpcFactory (GrpcFactory.java:checkPooledByteBufAllocatorUseCacheForAllThreads(45)) - PERFORMANCE WARNING: useCacheForAllThreads is true that may cause Netty to create a lot garbage objects and, as a result, trigger GC.
	It is recommended to disable useCacheForAllThreads by setting -Dorg.apache.ratis.thirdparty.io.netty.allocator.useCacheForAllThreads=false in command line.
2019-08-28 19:11:41,385 [main] INFO  grpc.GrpcConfigKeys$Server (ConfUtils.java:logGet(43)) - raft.grpc.server.port = 0 (default)
2019-08-28 19:11:41,385 [main] INFO  server.GrpcService (ConfUtils.java:logGet(43)) - raft.grpc.message.size.max = 33570816 (custom)
2019-08-28 19:11:41,386 [main] INFO  server.RaftServerConfigKeys (ConfUtils.java:logGet(43)) - raft.server.log.appender.buffer.byte-limit = 33554432 (custom)
2019-08-28 19:11:41,386 [main] INFO  server.GrpcService (ConfUtils.java:logGet(43)) - raft.grpc.flow.control.window = 1MB (=1048576) (default)
2019-08-28 19:11:41,386 [main] INFO  server.RaftServerConfigKeys (ConfUtils.java:logGet(43)) - raft.server.rpc.request.timeout = 3000ms (default)
2019-08-28 19:11:41,387 [main] INFO  server.RaftServerConfigKeys (ConfUtils.java:logGet(43)) - raft.server.storage.dir = [/workdir/hadoop-ozone/integration-test/target/test-dir/MiniOzoneClusterImpl-95e23c98-e492-4cad-aeea-48d386549ca1/datanode-2/data/ratis] (custom)
2019-08-28 19:11:41,387 [main] INFO  replication.SimpleContainerDownloader (SimpleContainerDownloader.java:<init>(72)) - Starting container downloader service to copy containers to replicate.
2019-08-28 19:11:41,388 [main] INFO  hdfs.DFSUtil (DFSUtil.java:httpServerTemplateForNNAndJN(1641)) - Starting Web-server for hddsDatanode at: http://0.0.0.0:0
2019-08-28 19:11:41,389 [main] INFO  server.AuthenticationFilter (AuthenticationFilter.java:constructSecretProvider(240)) - Unable to initialize FileSignerSecretProvider, falling back to use random secrets.
2019-08-28 19:11:41,390 [main] WARN  http.HttpRequestLog (HttpRequestLog.java:getRequestLog(97)) - Jetty request log can only be enabled using Log4j
2019-08-28 19:11:41,391 [main] INFO  http.HttpServer2 (HttpServer2.java:addGlobalFilter(975)) - Added global filter 'safety' (class=org.apache.hadoop.http.HttpServer2$QuotingInputFilter)
2019-08-28 19:11:41,392 [main] INFO  http.HttpServer2 (HttpServer2.java:addFilter(948)) - Added filter static_user_filter (class=org.apache.hadoop.http.lib.StaticUserWebFilter$StaticUserFilter) to context hddsDatanode
2019-08-28 19:11:41,392 [main] INFO  http.HttpServer2 (HttpServer2.java:addFilter(958)) - Added filter static_user_filter (class=org.apache.hadoop.http.lib.StaticUserWebFilter$StaticUserFilter) to context static
2019-08-28 19:11:41,392 [main] INFO  http.HttpServer2 (HttpServer2.java:addFilter(958)) - Added filter static_user_filter (class=org.apache.hadoop.http.lib.StaticUserWebFilter$StaticUserFilter) to context logs
2019-08-28 19:11:41,393 [main] INFO  http.HttpServer2 (HttpServer2.java:bindListener(1191)) - Jetty bound to port 33292
2019-08-28 19:11:41,393 [main] INFO  server.Server (Server.java:doStart(351)) - jetty-9.3.24.v20180605, build timestamp: 2018-06-05T17:11:56Z, git hash: 84205aa28f11a4f31f2a3b86d1bba2cc8ab69827
2019-08-28 19:11:41,396 [main] INFO  handler.ContextHandler (ContextHandler.java:doStart(781)) - Started o.e.j.s.ServletContextHandler@47ef5a33{/logs,file:///workdir/hadoop-ozone/integration-test/target/log,AVAILABLE}
2019-08-28 19:11:41,396 [main] INFO  handler.ContextHandler (ContextHandler.java:doStart(781)) - Started o.e.j.s.ServletContextHandler@28f90752{/static,jar:file:/home/user/.m2/repository/org/apache/hadoop/hadoop-hdds-container-service/0.5.0-SNAPSHOT/hadoop-hdds-container-service-0.5.0-SNAPSHOT.jar!/webapps/static,AVAILABLE}
2019-08-28 19:11:41,425 [main] INFO  handler.ContextHandler (ContextHandler.java:doStart(781)) - Started o.e.j.w.WebAppContext@b8b2184{/,file:///tmp/jetty-0.0.0.0-33292-hddsDatanode-_-any-4690102370662997718.dir/webapp/,AVAILABLE}{/hddsDatanode}
2019-08-28 19:11:41,426 [main] INFO  server.AbstractConnector (AbstractConnector.java:doStart(278)) - Started ServerConnector@299a43d9{HTTP/1.1,[http/1.1]}{0.0.0.0:33292}
2019-08-28 19:11:41,427 [main] INFO  server.Server (Server.java:doStart(419)) - Started @64791ms
2019-08-28 19:11:41,427 [main] INFO  server.BaseHttpServer (BaseHttpServer.java:updateConnectorAddress(213)) - HTTP server of HDDSDATANODE is listening at http://0.0.0.0:33292
2019-08-28 19:11:41,775 | INFO  | ObjectStoreRestHttpServer | Listening HDDS REST traffic on /0.0.0.0:37175 |  
2019-08-28 19:11:41,775 [main] INFO  ozone.HddsDatanodeService (HddsDatanodeService.java:startPlugins(395)) - Started plug-in org.apache.hadoop.ozone.web.OzoneHddsDatanodeService@538e74fc
2019-08-28 19:11:41,797 [main] INFO  impl.MetricsSystemImpl (MetricsSystemImpl.java:init(158)) - HddsDatanode metrics system started (again)
2019-08-28 19:11:41,820 [org.apache.hadoop.util.JvmPauseMonitor$Monitor@152a7e88] INFO  util.JvmPauseMonitor (JvmPauseMonitor.java:run(188)) - Starting JVM pause monitor
2019-08-28 19:11:41,820 [main] INFO  ozone.HddsDatanodeService (HddsDatanodeService.java:start(184)) - HddsDatanodeService host:pr-hdds-2018-mtlbb-3651089407 ip:192.168.69.126
2019-08-28 19:11:41,824 [Datanode State Machine Thread - 0] INFO  datanode.InitDatanodeState (InitDatanodeState.java:persistContainerDatanodeDetails(140)) - DatanodeDetails is persisted to /workdir/hadoop-ozone/integration-test/target/test-dir/MiniOzoneClusterImpl-95e23c98-e492-4cad-aeea-48d386549ca1/datanode-2/meta/datanode.id
2019-08-28 19:11:41,831 [main] INFO  volume.HddsVolume (HddsVolume.java:<init>(176)) - Creating Volume: /workdir/hadoop-ozone/integration-test/target/test-dir/MiniOzoneClusterImpl-95e23c98-e492-4cad-aeea-48d386549ca1/datanode-3/data/containers/hdds of  storage type : DISK and capacity : 1482555576320
2019-08-28 19:11:41,831 [main] INFO  volume.VolumeSet (VolumeSet.java:initializeVolumeSet(170)) - Added Volume : /workdir/hadoop-ozone/integration-test/target/test-dir/MiniOzoneClusterImpl-95e23c98-e492-4cad-aeea-48d386549ca1/datanode-3/data/containers/hdds to VolumeSet
2019-08-28 19:11:41,831 [main] INFO  volume.ThrottledAsyncChecker (ThrottledAsyncChecker.java:schedule(140)) - Scheduling a check for org.apache.hadoop.ozone.container.common.volume.HddsVolume@e5c5e6
2019-08-28 19:11:41,832 [main] INFO  volume.HddsVolumeChecker (HddsVolumeChecker.java:checkAllVolumes(203)) - Scheduled health check for volume org.apache.hadoop.ozone.container.common.volume.HddsVolume@e5c5e6
2019-08-28 19:11:41,847 [main] INFO  impl.RaftServerProxy (ConfUtils.java:logGet(43)) - raft.rpc.type = GRPC (default)
2019-08-28 19:11:41,847 [main] INFO  grpc.GrpcFactory (GrpcFactory.java:checkPooledByteBufAllocatorUseCacheForAllThreads(45)) - PERFORMANCE WARNING: useCacheForAllThreads is true that may cause Netty to create a lot garbage objects and, as a result, trigger GC.
	It is recommended to disable useCacheForAllThreads by setting -Dorg.apache.ratis.thirdparty.io.netty.allocator.useCacheForAllThreads=false in command line.
2019-08-28 19:11:41,848 [main] INFO  grpc.GrpcConfigKeys$Server (ConfUtils.java:logGet(43)) - raft.grpc.server.port = 0 (default)
2019-08-28 19:11:41,848 [main] INFO  server.GrpcService (ConfUtils.java:logGet(43)) - raft.grpc.message.size.max = 33570816 (custom)
2019-08-28 19:11:41,848 [main] INFO  server.RaftServerConfigKeys (ConfUtils.java:logGet(43)) - raft.server.log.appender.buffer.byte-limit = 33554432 (custom)
2019-08-28 19:11:41,848 [main] INFO  server.GrpcService (ConfUtils.java:logGet(43)) - raft.grpc.flow.control.window = 1MB (=1048576) (default)
2019-08-28 19:11:41,849 [main] INFO  server.RaftServerConfigKeys (ConfUtils.java:logGet(43)) - raft.server.rpc.request.timeout = 3000ms (default)
2019-08-28 19:11:41,849 [main] INFO  server.RaftServerConfigKeys (ConfUtils.java:logGet(43)) - raft.server.storage.dir = [/workdir/hadoop-ozone/integration-test/target/test-dir/MiniOzoneClusterImpl-95e23c98-e492-4cad-aeea-48d386549ca1/datanode-3/data/ratis] (custom)
2019-08-28 19:11:41,850 [main] INFO  replication.SimpleContainerDownloader (SimpleContainerDownloader.java:<init>(72)) - Starting container downloader service to copy containers to replicate.
2019-08-28 19:11:41,851 [main] INFO  hdfs.DFSUtil (DFSUtil.java:httpServerTemplateForNNAndJN(1641)) - Starting Web-server for hddsDatanode at: http://0.0.0.0:0
2019-08-28 19:11:41,852 [main] INFO  server.AuthenticationFilter (AuthenticationFilter.java:constructSecretProvider(240)) - Unable to initialize FileSignerSecretProvider, falling back to use random secrets.
2019-08-28 19:11:41,853 [main] WARN  http.HttpRequestLog (HttpRequestLog.java:getRequestLog(97)) - Jetty request log can only be enabled using Log4j
2019-08-28 19:11:41,854 [main] INFO  http.HttpServer2 (HttpServer2.java:addGlobalFilter(975)) - Added global filter 'safety' (class=org.apache.hadoop.http.HttpServer2$QuotingInputFilter)
2019-08-28 19:11:41,854 [main] INFO  http.HttpServer2 (HttpServer2.java:addFilter(948)) - Added filter static_user_filter (class=org.apache.hadoop.http.lib.StaticUserWebFilter$StaticUserFilter) to context hddsDatanode
2019-08-28 19:11:41,855 [main] INFO  http.HttpServer2 (HttpServer2.java:addFilter(958)) - Added filter static_user_filter (class=org.apache.hadoop.http.lib.StaticUserWebFilter$StaticUserFilter) to context logs
2019-08-28 19:11:41,855 [main] INFO  http.HttpServer2 (HttpServer2.java:addFilter(958)) - Added filter static_user_filter (class=org.apache.hadoop.http.lib.StaticUserWebFilter$StaticUserFilter) to context static
2019-08-28 19:11:41,855 [main] INFO  http.HttpServer2 (HttpServer2.java:bindListener(1191)) - Jetty bound to port 38604
2019-08-28 19:11:41,856 [main] INFO  server.Server (Server.java:doStart(351)) - jetty-9.3.24.v20180605, build timestamp: 2018-06-05T17:11:56Z, git hash: 84205aa28f11a4f31f2a3b86d1bba2cc8ab69827
2019-08-28 19:11:41,857 [main] INFO  handler.ContextHandler (ContextHandler.java:doStart(781)) - Started o.e.j.s.ServletContextHandler@bb50de6{/logs,file:///workdir/hadoop-ozone/integration-test/target/log,AVAILABLE}
2019-08-28 19:11:41,858 [main] INFO  handler.ContextHandler (ContextHandler.java:doStart(781)) - Started o.e.j.s.ServletContextHandler@2d73767e{/static,jar:file:/home/user/.m2/repository/org/apache/hadoop/hadoop-hdds-container-service/0.5.0-SNAPSHOT/hadoop-hdds-container-service-0.5.0-SNAPSHOT.jar!/webapps/static,AVAILABLE}
2019-08-28 19:11:41,889 [main] INFO  handler.ContextHandler (ContextHandler.java:doStart(781)) - Started o.e.j.w.WebAppContext@1d9af731{/,file:///tmp/jetty-0.0.0.0-38604-hddsDatanode-_-any-6140614507468842842.dir/webapp/,AVAILABLE}{/hddsDatanode}
2019-08-28 19:11:41,889 [main] INFO  server.AbstractConnector (AbstractConnector.java:doStart(278)) - Started ServerConnector@39afe59f{HTTP/1.1,[http/1.1]}{0.0.0.0:38604}
2019-08-28 19:11:41,891 [main] INFO  server.Server (Server.java:doStart(419)) - Started @65255ms
2019-08-28 19:11:41,892 [main] INFO  server.BaseHttpServer (BaseHttpServer.java:updateConnectorAddress(213)) - HTTP server of HDDSDATANODE is listening at http://0.0.0.0:38604
2019-08-28 19:11:42,006 | INFO  | ObjectStoreRestHttpServer | Listening HDDS REST traffic on /0.0.0.0:39827 |  
2019-08-28 19:11:42,006 [main] INFO  ozone.HddsDatanodeService (HddsDatanodeService.java:startPlugins(395)) - Started plug-in org.apache.hadoop.ozone.web.OzoneHddsDatanodeService@1d2c253
2019-08-28 19:11:42,006 [main] INFO  impl.MetricsSystemImpl (MetricsSystemImpl.java:init(158)) - HddsDatanode metrics system started (again)
2019-08-28 19:11:42,011 [org.apache.hadoop.util.JvmPauseMonitor$Monitor@473b8211] INFO  util.JvmPauseMonitor (JvmPauseMonitor.java:run(188)) - Starting JVM pause monitor
2019-08-28 19:11:42,011 [main] INFO  ozone.HddsDatanodeService (HddsDatanodeService.java:start(184)) - HddsDatanodeService host:pr-hdds-2018-mtlbb-3651089407 ip:192.168.69.126
2019-08-28 19:11:42,012 [Datanode State Machine Thread - 0] INFO  datanode.InitDatanodeState (InitDatanodeState.java:persistContainerDatanodeDetails(140)) - DatanodeDetails is persisted to /workdir/hadoop-ozone/integration-test/target/test-dir/MiniOzoneClusterImpl-95e23c98-e492-4cad-aeea-48d386549ca1/datanode-3/meta/datanode.id
2019-08-28 19:11:42,018 [main] INFO  volume.HddsVolume (HddsVolume.java:<init>(176)) - Creating Volume: /workdir/hadoop-ozone/integration-test/target/test-dir/MiniOzoneClusterImpl-95e23c98-e492-4cad-aeea-48d386549ca1/datanode-4/data/containers/hdds of  storage type : DISK and capacity : 1482555576320
2019-08-28 19:11:42,018 [main] INFO  volume.VolumeSet (VolumeSet.java:initializeVolumeSet(170)) - Added Volume : /workdir/hadoop-ozone/integration-test/target/test-dir/MiniOzoneClusterImpl-95e23c98-e492-4cad-aeea-48d386549ca1/datanode-4/data/containers/hdds to VolumeSet
2019-08-28 19:11:42,018 [main] INFO  volume.ThrottledAsyncChecker (ThrottledAsyncChecker.java:schedule(140)) - Scheduling a check for org.apache.hadoop.ozone.container.common.volume.HddsVolume@733fa95c
2019-08-28 19:11:42,018 [main] INFO  volume.HddsVolumeChecker (HddsVolumeChecker.java:checkAllVolumes(203)) - Scheduled health check for volume org.apache.hadoop.ozone.container.common.volume.HddsVolume@733fa95c
2019-08-28 19:11:42,035 [main] INFO  impl.RaftServerProxy (ConfUtils.java:logGet(43)) - raft.rpc.type = GRPC (default)
2019-08-28 19:11:42,035 [main] INFO  grpc.GrpcFactory (GrpcFactory.java:checkPooledByteBufAllocatorUseCacheForAllThreads(45)) - PERFORMANCE WARNING: useCacheForAllThreads is true that may cause Netty to create a lot garbage objects and, as a result, trigger GC.
	It is recommended to disable useCacheForAllThreads by setting -Dorg.apache.ratis.thirdparty.io.netty.allocator.useCacheForAllThreads=false in command line.
2019-08-28 19:11:42,035 [main] INFO  grpc.GrpcConfigKeys$Server (ConfUtils.java:logGet(43)) - raft.grpc.server.port = 0 (default)
2019-08-28 19:11:42,035 [main] INFO  server.GrpcService (ConfUtils.java:logGet(43)) - raft.grpc.message.size.max = 33570816 (custom)
2019-08-28 19:11:42,036 [main] INFO  server.RaftServerConfigKeys (ConfUtils.java:logGet(43)) - raft.server.log.appender.buffer.byte-limit = 33554432 (custom)
2019-08-28 19:11:42,036 [main] INFO  server.GrpcService (ConfUtils.java:logGet(43)) - raft.grpc.flow.control.window = 1MB (=1048576) (default)
2019-08-28 19:11:42,036 [main] INFO  server.RaftServerConfigKeys (ConfUtils.java:logGet(43)) - raft.server.rpc.request.timeout = 3000ms (default)
2019-08-28 19:11:42,036 [main] INFO  server.RaftServerConfigKeys (ConfUtils.java:logGet(43)) - raft.server.storage.dir = [/workdir/hadoop-ozone/integration-test/target/test-dir/MiniOzoneClusterImpl-95e23c98-e492-4cad-aeea-48d386549ca1/datanode-4/data/ratis] (custom)
2019-08-28 19:11:42,037 [main] INFO  replication.SimpleContainerDownloader (SimpleContainerDownloader.java:<init>(72)) - Starting container downloader service to copy containers to replicate.
2019-08-28 19:11:42,038 [main] INFO  hdfs.DFSUtil (DFSUtil.java:httpServerTemplateForNNAndJN(1641)) - Starting Web-server for hddsDatanode at: http://0.0.0.0:0
2019-08-28 19:11:42,042 [main] INFO  server.AuthenticationFilter (AuthenticationFilter.java:constructSecretProvider(240)) - Unable to initialize FileSignerSecretProvider, falling back to use random secrets.
2019-08-28 19:11:42,042 [main] WARN  http.HttpRequestLog (HttpRequestLog.java:getRequestLog(97)) - Jetty request log can only be enabled using Log4j
2019-08-28 19:11:42,045 [main] INFO  http.HttpServer2 (HttpServer2.java:addGlobalFilter(975)) - Added global filter 'safety' (class=org.apache.hadoop.http.HttpServer2$QuotingInputFilter)
2019-08-28 19:11:42,046 [main] INFO  http.HttpServer2 (HttpServer2.java:addFilter(948)) - Added filter static_user_filter (class=org.apache.hadoop.http.lib.StaticUserWebFilter$StaticUserFilter) to context hddsDatanode
2019-08-28 19:11:42,046 [main] INFO  http.HttpServer2 (HttpServer2.java:addFilter(958)) - Added filter static_user_filter (class=org.apache.hadoop.http.lib.StaticUserWebFilter$StaticUserFilter) to context logs
2019-08-28 19:11:42,047 [main] INFO  http.HttpServer2 (HttpServer2.java:addFilter(958)) - Added filter static_user_filter (class=org.apache.hadoop.http.lib.StaticUserWebFilter$StaticUserFilter) to context static
2019-08-28 19:11:42,048 [main] INFO  http.HttpServer2 (HttpServer2.java:bindListener(1191)) - Jetty bound to port 40588
2019-08-28 19:11:42,048 [main] INFO  server.Server (Server.java:doStart(351)) - jetty-9.3.24.v20180605, build timestamp: 2018-06-05T17:11:56Z, git hash: 84205aa28f11a4f31f2a3b86d1bba2cc8ab69827
2019-08-28 19:11:42,051 [main] INFO  handler.ContextHandler (ContextHandler.java:doStart(781)) - Started o.e.j.s.ServletContextHandler@8ee03f5{/logs,file:///workdir/hadoop-ozone/integration-test/target/log,AVAILABLE}
2019-08-28 19:11:42,052 [main] INFO  handler.ContextHandler (ContextHandler.java:doStart(781)) - Started o.e.j.s.ServletContextHandler@3359c3f6{/static,jar:file:/home/user/.m2/repository/org/apache/hadoop/hadoop-hdds-container-service/0.5.0-SNAPSHOT/hadoop-hdds-container-service-0.5.0-SNAPSHOT.jar!/webapps/static,AVAILABLE}
2019-08-28 19:11:42,086 [main] INFO  handler.ContextHandler (ContextHandler.java:doStart(781)) - Started o.e.j.w.WebAppContext@340fc1aa{/,file:///tmp/jetty-0.0.0.0-40588-hddsDatanode-_-any-6971014777321914740.dir/webapp/,AVAILABLE}{/hddsDatanode}
2019-08-28 19:11:42,087 [main] INFO  server.AbstractConnector (AbstractConnector.java:doStart(278)) - Started ServerConnector@34a33343{HTTP/1.1,[http/1.1]}{0.0.0.0:40588}
2019-08-28 19:11:42,089 [main] INFO  server.Server (Server.java:doStart(419)) - Started @65453ms
2019-08-28 19:11:42,090 [main] INFO  server.BaseHttpServer (BaseHttpServer.java:updateConnectorAddress(213)) - HTTP server of HDDSDATANODE is listening at http://0.0.0.0:40588
2019-08-28 19:11:42,237 | INFO  | ObjectStoreRestHttpServer | Listening HDDS REST traffic on /0.0.0.0:35784 |  
2019-08-28 19:11:42,237 [main] INFO  ozone.HddsDatanodeService (HddsDatanodeService.java:startPlugins(395)) - Started plug-in org.apache.hadoop.ozone.web.OzoneHddsDatanodeService@464a3430
2019-08-28 19:11:42,238 [main] INFO  impl.MetricsSystemImpl (MetricsSystemImpl.java:init(158)) - HddsDatanode metrics system started (again)
2019-08-28 19:11:42,245 [org.apache.hadoop.util.JvmPauseMonitor$Monitor@fa43766] INFO  util.JvmPauseMonitor (JvmPauseMonitor.java:run(188)) - Starting JVM pause monitor
2019-08-28 19:11:42,245 [main] INFO  ozone.HddsDatanodeService (HddsDatanodeService.java:start(184)) - HddsDatanodeService host:pr-hdds-2018-mtlbb-3651089407 ip:192.168.69.126
2019-08-28 19:11:42,247 [Datanode State Machine Thread - 0] INFO  datanode.InitDatanodeState (InitDatanodeState.java:persistContainerDatanodeDetails(140)) - DatanodeDetails is persisted to /workdir/hadoop-ozone/integration-test/target/test-dir/MiniOzoneClusterImpl-95e23c98-e492-4cad-aeea-48d386549ca1/datanode-4/meta/datanode.id
2019-08-28 19:11:42,254 [main] INFO  volume.HddsVolume (HddsVolume.java:<init>(176)) - Creating Volume: /workdir/hadoop-ozone/integration-test/target/test-dir/MiniOzoneClusterImpl-95e23c98-e492-4cad-aeea-48d386549ca1/datanode-5/data/containers/hdds of  storage type : DISK and capacity : 1482555576320
2019-08-28 19:11:42,254 [main] INFO  volume.VolumeSet (VolumeSet.java:initializeVolumeSet(170)) - Added Volume : /workdir/hadoop-ozone/integration-test/target/test-dir/MiniOzoneClusterImpl-95e23c98-e492-4cad-aeea-48d386549ca1/datanode-5/data/containers/hdds to VolumeSet
2019-08-28 19:11:42,254 [main] INFO  volume.ThrottledAsyncChecker (ThrottledAsyncChecker.java:schedule(140)) - Scheduling a check for org.apache.hadoop.ozone.container.common.volume.HddsVolume@31183ee2
2019-08-28 19:11:42,255 [main] INFO  volume.HddsVolumeChecker (HddsVolumeChecker.java:checkAllVolumes(203)) - Scheduled health check for volume org.apache.hadoop.ozone.container.common.volume.HddsVolume@31183ee2
2019-08-28 19:11:42,270 [main] INFO  impl.RaftServerProxy (ConfUtils.java:logGet(43)) - raft.rpc.type = GRPC (default)
2019-08-28 19:11:42,270 [main] INFO  grpc.GrpcFactory (GrpcFactory.java:checkPooledByteBufAllocatorUseCacheForAllThreads(45)) - PERFORMANCE WARNING: useCacheForAllThreads is true that may cause Netty to create a lot garbage objects and, as a result, trigger GC.
	It is recommended to disable useCacheForAllThreads by setting -Dorg.apache.ratis.thirdparty.io.netty.allocator.useCacheForAllThreads=false in command line.
2019-08-28 19:11:42,270 [main] INFO  grpc.GrpcConfigKeys$Server (ConfUtils.java:logGet(43)) - raft.grpc.server.port = 0 (default)
2019-08-28 19:11:42,271 [main] INFO  server.GrpcService (ConfUtils.java:logGet(43)) - raft.grpc.message.size.max = 33570816 (custom)
2019-08-28 19:11:42,271 [main] INFO  server.RaftServerConfigKeys (ConfUtils.java:logGet(43)) - raft.server.log.appender.buffer.byte-limit = 33554432 (custom)
2019-08-28 19:11:42,271 [main] INFO  server.GrpcService (ConfUtils.java:logGet(43)) - raft.grpc.flow.control.window = 1MB (=1048576) (default)
2019-08-28 19:11:42,271 [main] INFO  server.RaftServerConfigKeys (ConfUtils.java:logGet(43)) - raft.server.rpc.request.timeout = 3000ms (default)
2019-08-28 19:11:42,272 [main] INFO  server.RaftServerConfigKeys (ConfUtils.java:logGet(43)) - raft.server.storage.dir = [/workdir/hadoop-ozone/integration-test/target/test-dir/MiniOzoneClusterImpl-95e23c98-e492-4cad-aeea-48d386549ca1/datanode-5/data/ratis] (custom)
2019-08-28 19:11:42,278 [main] INFO  replication.SimpleContainerDownloader (SimpleContainerDownloader.java:<init>(72)) - Starting container downloader service to copy containers to replicate.
2019-08-28 19:11:42,280 [main] INFO  hdfs.DFSUtil (DFSUtil.java:httpServerTemplateForNNAndJN(1641)) - Starting Web-server for hddsDatanode at: http://0.0.0.0:0
2019-08-28 19:11:42,281 [main] INFO  server.AuthenticationFilter (AuthenticationFilter.java:constructSecretProvider(240)) - Unable to initialize FileSignerSecretProvider, falling back to use random secrets.
2019-08-28 19:11:42,282 [main] WARN  http.HttpRequestLog (HttpRequestLog.java:getRequestLog(97)) - Jetty request log can only be enabled using Log4j
2019-08-28 19:11:42,283 [main] INFO  http.HttpServer2 (HttpServer2.java:addGlobalFilter(975)) - Added global filter 'safety' (class=org.apache.hadoop.http.HttpServer2$QuotingInputFilter)
2019-08-28 19:11:42,283 [main] INFO  http.HttpServer2 (HttpServer2.java:addFilter(948)) - Added filter static_user_filter (class=org.apache.hadoop.http.lib.StaticUserWebFilter$StaticUserFilter) to context hddsDatanode
2019-08-28 19:11:42,283 [main] INFO  http.HttpServer2 (HttpServer2.java:addFilter(958)) - Added filter static_user_filter (class=org.apache.hadoop.http.lib.StaticUserWebFilter$StaticUserFilter) to context logs
2019-08-28 19:11:42,284 [main] INFO  http.HttpServer2 (HttpServer2.java:addFilter(958)) - Added filter static_user_filter (class=org.apache.hadoop.http.lib.StaticUserWebFilter$StaticUserFilter) to context static
2019-08-28 19:11:42,284 [main] INFO  http.HttpServer2 (HttpServer2.java:bindListener(1191)) - Jetty bound to port 37861
2019-08-28 19:11:42,284 [main] INFO  server.Server (Server.java:doStart(351)) - jetty-9.3.24.v20180605, build timestamp: 2018-06-05T17:11:56Z, git hash: 84205aa28f11a4f31f2a3b86d1bba2cc8ab69827
2019-08-28 19:11:42,286 [main] INFO  handler.ContextHandler (ContextHandler.java:doStart(781)) - Started o.e.j.s.ServletContextHandler@2d3eecda{/logs,file:///workdir/hadoop-ozone/integration-test/target/log,AVAILABLE}
2019-08-28 19:11:42,287 [main] INFO  handler.ContextHandler (ContextHandler.java:doStart(781)) - Started o.e.j.s.ServletContextHandler@736788b{/static,jar:file:/home/user/.m2/repository/org/apache/hadoop/hadoop-hdds-container-service/0.5.0-SNAPSHOT/hadoop-hdds-container-service-0.5.0-SNAPSHOT.jar!/webapps/static,AVAILABLE}
2019-08-28 19:11:42,314 [main] INFO  handler.ContextHandler (ContextHandler.java:doStart(781)) - Started o.e.j.w.WebAppContext@26c6288d{/,file:///tmp/jetty-0.0.0.0-37861-hddsDatanode-_-any-5784454668545279227.dir/webapp/,AVAILABLE}{/hddsDatanode}
2019-08-28 19:11:42,314 [main] INFO  server.AbstractConnector (AbstractConnector.java:doStart(278)) - Started ServerConnector@57bd9c2b{HTTP/1.1,[http/1.1]}{0.0.0.0:37861}
2019-08-28 19:11:42,316 [main] INFO  server.Server (Server.java:doStart(419)) - Started @65680ms
2019-08-28 19:11:42,317 [main] INFO  server.BaseHttpServer (BaseHttpServer.java:updateConnectorAddress(213)) - HTTP server of HDDSDATANODE is listening at http://0.0.0.0:37861
2019-08-28 19:11:42,434 | INFO  | ObjectStoreRestHttpServer | Listening HDDS REST traffic on /0.0.0.0:32945 |  
2019-08-28 19:11:42,434 [main] INFO  ozone.HddsDatanodeService (HddsDatanodeService.java:startPlugins(395)) - Started plug-in org.apache.hadoop.ozone.web.OzoneHddsDatanodeService@7c5ac0
2019-08-28 19:11:42,434 [main] INFO  impl.MetricsSystemImpl (MetricsSystemImpl.java:init(158)) - HddsDatanode metrics system started (again)
2019-08-28 19:11:42,441 [org.apache.hadoop.util.JvmPauseMonitor$Monitor@18dbbd7c] INFO  util.JvmPauseMonitor (JvmPauseMonitor.java:run(188)) - Starting JVM pause monitor
2019-08-28 19:11:42,441 [main] INFO  ozone.HddsDatanodeService (HddsDatanodeService.java:start(184)) - HddsDatanodeService host:pr-hdds-2018-mtlbb-3651089407 ip:192.168.69.126
2019-08-28 19:11:42,443 [Datanode State Machine Thread - 0] INFO  datanode.InitDatanodeState (InitDatanodeState.java:persistContainerDatanodeDetails(140)) - DatanodeDetails is persisted to /workdir/hadoop-ozone/integration-test/target/test-dir/MiniOzoneClusterImpl-95e23c98-e492-4cad-aeea-48d386549ca1/datanode-5/meta/datanode.id
2019-08-28 19:11:42,453 [main] INFO  volume.HddsVolume (HddsVolume.java:<init>(176)) - Creating Volume: /workdir/hadoop-ozone/integration-test/target/test-dir/MiniOzoneClusterImpl-95e23c98-e492-4cad-aeea-48d386549ca1/datanode-6/data/containers/hdds of  storage type : DISK and capacity : 1482555576320
2019-08-28 19:11:42,453 [main] INFO  volume.VolumeSet (VolumeSet.java:initializeVolumeSet(170)) - Added Volume : /workdir/hadoop-ozone/integration-test/target/test-dir/MiniOzoneClusterImpl-95e23c98-e492-4cad-aeea-48d386549ca1/datanode-6/data/containers/hdds to VolumeSet
2019-08-28 19:11:42,454 [main] INFO  volume.ThrottledAsyncChecker (ThrottledAsyncChecker.java:schedule(140)) - Scheduling a check for org.apache.hadoop.ozone.container.common.volume.HddsVolume@2d2f09a4
2019-08-28 19:11:42,455 [main] INFO  volume.HddsVolumeChecker (HddsVolumeChecker.java:checkAllVolumes(203)) - Scheduled health check for volume org.apache.hadoop.ozone.container.common.volume.HddsVolume@2d2f09a4
2019-08-28 19:11:42,482 [main] INFO  impl.RaftServerProxy (ConfUtils.java:logGet(43)) - raft.rpc.type = GRPC (default)
2019-08-28 19:11:42,483 [main] INFO  grpc.GrpcFactory (GrpcFactory.java:checkPooledByteBufAllocatorUseCacheForAllThreads(45)) - PERFORMANCE WARNING: useCacheForAllThreads is true that may cause Netty to create a lot garbage objects and, as a result, trigger GC.
	It is recommended to disable useCacheForAllThreads by setting -Dorg.apache.ratis.thirdparty.io.netty.allocator.useCacheForAllThreads=false in command line.
2019-08-28 19:11:42,483 [main] INFO  grpc.GrpcConfigKeys$Server (ConfUtils.java:logGet(43)) - raft.grpc.server.port = 0 (default)
2019-08-28 19:11:42,483 [main] INFO  server.GrpcService (ConfUtils.java:logGet(43)) - raft.grpc.message.size.max = 33570816 (custom)
2019-08-28 19:11:42,484 [main] INFO  server.RaftServerConfigKeys (ConfUtils.java:logGet(43)) - raft.server.log.appender.buffer.byte-limit = 33554432 (custom)
2019-08-28 19:11:42,484 [main] INFO  server.GrpcService (ConfUtils.java:logGet(43)) - raft.grpc.flow.control.window = 1MB (=1048576) (default)
2019-08-28 19:11:42,484 [main] INFO  server.RaftServerConfigKeys (ConfUtils.java:logGet(43)) - raft.server.rpc.request.timeout = 3000ms (default)
2019-08-28 19:11:42,486 [main] INFO  server.RaftServerConfigKeys (ConfUtils.java:logGet(43)) - raft.server.storage.dir = [/workdir/hadoop-ozone/integration-test/target/test-dir/MiniOzoneClusterImpl-95e23c98-e492-4cad-aeea-48d386549ca1/datanode-6/data/ratis] (custom)
2019-08-28 19:11:42,486 [main] INFO  replication.SimpleContainerDownloader (SimpleContainerDownloader.java:<init>(72)) - Starting container downloader service to copy containers to replicate.
2019-08-28 19:11:42,488 [main] INFO  hdfs.DFSUtil (DFSUtil.java:httpServerTemplateForNNAndJN(1641)) - Starting Web-server for hddsDatanode at: http://0.0.0.0:0
2019-08-28 19:11:42,490 [main] INFO  server.AuthenticationFilter (AuthenticationFilter.java:constructSecretProvider(240)) - Unable to initialize FileSignerSecretProvider, falling back to use random secrets.
2019-08-28 19:11:42,491 [main] WARN  http.HttpRequestLog (HttpRequestLog.java:getRequestLog(97)) - Jetty request log can only be enabled using Log4j
2019-08-28 19:11:42,493 [main] INFO  http.HttpServer2 (HttpServer2.java:addGlobalFilter(975)) - Added global filter 'safety' (class=org.apache.hadoop.http.HttpServer2$QuotingInputFilter)
2019-08-28 19:11:42,493 [main] INFO  http.HttpServer2 (HttpServer2.java:addFilter(948)) - Added filter static_user_filter (class=org.apache.hadoop.http.lib.StaticUserWebFilter$StaticUserFilter) to context hddsDatanode
2019-08-28 19:11:42,494 [main] INFO  http.HttpServer2 (HttpServer2.java:addFilter(958)) - Added filter static_user_filter (class=org.apache.hadoop.http.lib.StaticUserWebFilter$StaticUserFilter) to context logs
2019-08-28 19:11:42,494 [main] INFO  http.HttpServer2 (HttpServer2.java:addFilter(958)) - Added filter static_user_filter (class=org.apache.hadoop.http.lib.StaticUserWebFilter$StaticUserFilter) to context static
2019-08-28 19:11:42,495 [main] INFO  http.HttpServer2 (HttpServer2.java:bindListener(1191)) - Jetty bound to port 39221
2019-08-28 19:11:42,495 [main] INFO  server.Server (Server.java:doStart(351)) - jetty-9.3.24.v20180605, build timestamp: 2018-06-05T17:11:56Z, git hash: 84205aa28f11a4f31f2a3b86d1bba2cc8ab69827
2019-08-28 19:11:42,497 [main] INFO  handler.ContextHandler (ContextHandler.java:doStart(781)) - Started o.e.j.s.ServletContextHandler@3835d3fd{/logs,file:///workdir/hadoop-ozone/integration-test/target/log,AVAILABLE}
2019-08-28 19:11:42,498 [main] INFO  handler.ContextHandler (ContextHandler.java:doStart(781)) - Started o.e.j.s.ServletContextHandler@4efed0e0{/static,jar:file:/home/user/.m2/repository/org/apache/hadoop/hadoop-hdds-container-service/0.5.0-SNAPSHOT/hadoop-hdds-container-service-0.5.0-SNAPSHOT.jar!/webapps/static,AVAILABLE}
2019-08-28 19:11:42,533 [main] INFO  handler.ContextHandler (ContextHandler.java:doStart(781)) - Started o.e.j.w.WebAppContext@34fc315d{/,file:///tmp/jetty-0.0.0.0-39221-hddsDatanode-_-any-2086043309411697074.dir/webapp/,AVAILABLE}{/hddsDatanode}
2019-08-28 19:11:42,534 [main] INFO  server.AbstractConnector (AbstractConnector.java:doStart(278)) - Started ServerConnector@34f48d1{HTTP/1.1,[http/1.1]}{0.0.0.0:39221}
2019-08-28 19:11:42,536 [main] INFO  server.Server (Server.java:doStart(419)) - Started @65899ms
2019-08-28 19:11:42,537 [main] INFO  server.BaseHttpServer (BaseHttpServer.java:updateConnectorAddress(213)) - HTTP server of HDDSDATANODE is listening at http://0.0.0.0:39221
2019-08-28 19:11:42,674 | INFO  | ObjectStoreRestHttpServer | Listening HDDS REST traffic on /0.0.0.0:36602 |  
2019-08-28 19:11:42,674 [main] INFO  ozone.HddsDatanodeService (HddsDatanodeService.java:startPlugins(395)) - Started plug-in org.apache.hadoop.ozone.web.OzoneHddsDatanodeService@3514237f
2019-08-28 19:11:42,674 [main] INFO  ozone.MiniOzoneClusterImpl (MiniOzoneClusterImpl.java:lambda$waitForClusterToBeReady$0(142)) - Waiting for cluster to be ready. Got 0 of 7 DN Heartbeats.
2019-08-28 19:11:42,677 [org.apache.hadoop.util.JvmPauseMonitor$Monitor@21e637e0] INFO  util.JvmPauseMonitor (JvmPauseMonitor.java:run(188)) - Starting JVM pause monitor
2019-08-28 19:11:42,680 [Datanode State Machine Thread - 0] INFO  datanode.InitDatanodeState (InitDatanodeState.java:persistContainerDatanodeDetails(140)) - DatanodeDetails is persisted to /workdir/hadoop-ozone/integration-test/target/test-dir/MiniOzoneClusterImpl-95e23c98-e492-4cad-aeea-48d386549ca1/datanode-6/meta/datanode.id
2019-08-28 19:11:43,133 | INFO  | SCMAudit | user=jenkins1000 | ip=192.168.69.126 | op=GET_VERSION null | ret=SUCCESS |  
2019-08-28 19:11:43,153 [Datanode State Machine Thread - 0] INFO  ozoneimpl.OzoneContainer (OzoneContainer.java:start(186)) - Attempting to start container services.
2019-08-28 19:11:43,154 [Datanode State Machine Thread - 0] INFO  ozoneimpl.OzoneContainer (OzoneContainer.java:startContainerScrub(160)) - Background container scrubber has been disabled by hdds.containerscrub.enabled
2019-08-28 19:11:43,155 [Datanode State Machine Thread - 0] INFO  ratis.XceiverServerRatis (XceiverServerRatis.java:start(404)) - Starting XceiverServerRatis b2a7f730-984e-473a-b8b8-9318ecaec820 at port 0
2019-08-28 19:11:43,159 [Datanode State Machine Thread - 0] INFO  impl.RaftServerProxy (RaftServerProxy.java:lambda$start$3(299)) - b2a7f730-984e-473a-b8b8-9318ecaec820: start RPC server
2019-08-28 19:11:43,161 [Datanode State Machine Thread - 0] INFO  server.GrpcService (GrpcService.java:startImpl(149)) - b2a7f730-984e-473a-b8b8-9318ecaec820: GrpcService started, listening on 0.0.0.0/0.0.0.0:34899
2019-08-28 19:11:43,161 [Datanode State Machine Thread - 0] INFO  ratis.XceiverServerRatis (XceiverServerRatis.java:start(414)) - XceiverServerRatis b2a7f730-984e-473a-b8b8-9318ecaec820 is started using port 34899
2019-08-28 19:11:43,162 [Datanode State Machine Thread - 0] INFO  server.XceiverServerGrpc (XceiverServerGrpc.java:start(161)) - XceiverServerGrpc b2a7f730-984e-473a-b8b8-9318ecaec820 is started using port 38579
2019-08-28 19:11:43,362 | INFO  | SCMAudit | user=jenkins1000 | ip=192.168.69.126 | op=GET_VERSION null | ret=SUCCESS |  
2019-08-28 19:11:43,391 [Datanode State Machine Thread - 0] INFO  ozoneimpl.OzoneContainer (OzoneContainer.java:start(186)) - Attempting to start container services.
2019-08-28 19:11:43,397 [Datanode State Machine Thread - 0] INFO  ozoneimpl.OzoneContainer (OzoneContainer.java:startContainerScrub(160)) - Background container scrubber has been disabled by hdds.containerscrub.enabled
2019-08-28 19:11:43,397 [Datanode State Machine Thread - 0] INFO  ratis.XceiverServerRatis (XceiverServerRatis.java:start(404)) - Starting XceiverServerRatis 9baf0294-3496-4e1f-b0fa-15839a24912d at port 0
2019-08-28 19:11:43,403 [Datanode State Machine Thread - 0] INFO  impl.RaftServerProxy (RaftServerProxy.java:lambda$start$3(299)) - 9baf0294-3496-4e1f-b0fa-15839a24912d: start RPC server
2019-08-28 19:11:43,404 [Datanode State Machine Thread - 0] INFO  server.GrpcService (GrpcService.java:startImpl(149)) - 9baf0294-3496-4e1f-b0fa-15839a24912d: GrpcService started, listening on 0.0.0.0/0.0.0.0:46809
2019-08-28 19:11:43,404 [Datanode State Machine Thread - 0] INFO  ratis.XceiverServerRatis (XceiverServerRatis.java:start(414)) - XceiverServerRatis 9baf0294-3496-4e1f-b0fa-15839a24912d is started using port 46809
2019-08-28 19:11:43,409 [Datanode State Machine Thread - 0] INFO  server.XceiverServerGrpc (XceiverServerGrpc.java:start(161)) - XceiverServerGrpc 9baf0294-3496-4e1f-b0fa-15839a24912d is started using port 33103
2019-08-28 19:11:43,676 [main] INFO  ozone.MiniOzoneClusterImpl (MiniOzoneClusterImpl.java:lambda$waitForClusterToBeReady$0(142)) - Waiting for cluster to be ready. Got 0 of 7 DN Heartbeats.
2019-08-28 19:11:43,821 | INFO  | SCMAudit | user=jenkins1000 | ip=192.168.69.126 | op=GET_VERSION null | ret=SUCCESS |  
2019-08-28 19:11:43,847 [Datanode State Machine Thread - 0] INFO  ozoneimpl.OzoneContainer (OzoneContainer.java:start(186)) - Attempting to start container services.
2019-08-28 19:11:43,848 [Datanode State Machine Thread - 0] INFO  ozoneimpl.OzoneContainer (OzoneContainer.java:startContainerScrub(160)) - Background container scrubber has been disabled by hdds.containerscrub.enabled
2019-08-28 19:11:43,848 [Datanode State Machine Thread - 0] INFO  ratis.XceiverServerRatis (XceiverServerRatis.java:start(404)) - Starting XceiverServerRatis 1742c727-6833-42d8-ac98-e1d010bd591d at port 0
2019-08-28 19:11:43,854 [Datanode State Machine Thread - 0] INFO  impl.RaftServerProxy (RaftServerProxy.java:lambda$start$3(299)) - 1742c727-6833-42d8-ac98-e1d010bd591d: start RPC server
2019-08-28 19:11:43,855 [Datanode State Machine Thread - 0] INFO  server.GrpcService (GrpcService.java:startImpl(149)) - 1742c727-6833-42d8-ac98-e1d010bd591d: GrpcService started, listening on 0.0.0.0/0.0.0.0:37544
2019-08-28 19:11:43,856 [Datanode State Machine Thread - 0] INFO  ratis.XceiverServerRatis (XceiverServerRatis.java:start(414)) - XceiverServerRatis 1742c727-6833-42d8-ac98-e1d010bd591d is started using port 37544
2019-08-28 19:11:43,864 [Datanode State Machine Thread - 0] INFO  server.XceiverServerGrpc (XceiverServerGrpc.java:start(161)) - XceiverServerGrpc 1742c727-6833-42d8-ac98-e1d010bd591d is started using port 43760
2019-08-28 19:11:44,011 | INFO  | SCMAudit | user=jenkins1000 | ip=192.168.69.126 | op=GET_VERSION null | ret=SUCCESS |  
2019-08-28 19:11:44,023 [Datanode State Machine Thread - 0] INFO  ozoneimpl.OzoneContainer (OzoneContainer.java:start(186)) - Attempting to start container services.
2019-08-28 19:11:44,024 [Datanode State Machine Thread - 0] INFO  ozoneimpl.OzoneContainer (OzoneContainer.java:startContainerScrub(160)) - Background container scrubber has been disabled by hdds.containerscrub.enabled
2019-08-28 19:11:44,024 [Datanode State Machine Thread - 0] INFO  ratis.XceiverServerRatis (XceiverServerRatis.java:start(404)) - Starting XceiverServerRatis 00414077-5234-4a26-9ed1-ac73b87b4b8e at port 0
2019-08-28 19:11:44,030 [Datanode State Machine Thread - 0] INFO  impl.RaftServerProxy (RaftServerProxy.java:lambda$start$3(299)) - 00414077-5234-4a26-9ed1-ac73b87b4b8e: start RPC server
2019-08-28 19:11:44,031 [Datanode State Machine Thread - 0] INFO  server.GrpcService (GrpcService.java:startImpl(149)) - 00414077-5234-4a26-9ed1-ac73b87b4b8e: GrpcService started, listening on 0.0.0.0/0.0.0.0:40831
2019-08-28 19:11:44,031 [Datanode State Machine Thread - 0] INFO  ratis.XceiverServerRatis (XceiverServerRatis.java:start(414)) - XceiverServerRatis 00414077-5234-4a26-9ed1-ac73b87b4b8e is started using port 40831
2019-08-28 19:11:44,031 [Datanode State Machine Thread - 0] INFO  server.XceiverServerGrpc (XceiverServerGrpc.java:start(161)) - XceiverServerGrpc 00414077-5234-4a26-9ed1-ac73b87b4b8e is started using port 39587
2019-08-28 19:11:44,246 | INFO  | SCMAudit | user=jenkins1000 | ip=192.168.69.126 | op=GET_VERSION null | ret=SUCCESS |  
2019-08-28 19:11:44,261 [Datanode State Machine Thread - 0] INFO  ozoneimpl.OzoneContainer (OzoneContainer.java:start(186)) - Attempting to start container services.
2019-08-28 19:11:44,262 [Datanode State Machine Thread - 0] INFO  ozoneimpl.OzoneContainer (OzoneContainer.java:startContainerScrub(160)) - Background container scrubber has been disabled by hdds.containerscrub.enabled
2019-08-28 19:11:44,262 [Datanode State Machine Thread - 0] INFO  ratis.XceiverServerRatis (XceiverServerRatis.java:start(404)) - Starting XceiverServerRatis 3dbe2e87-433a-404a-bf79-c232f3c44ae6 at port 0
2019-08-28 19:11:44,269 [Datanode State Machine Thread - 0] INFO  impl.RaftServerProxy (RaftServerProxy.java:lambda$start$3(299)) - 3dbe2e87-433a-404a-bf79-c232f3c44ae6: start RPC server
2019-08-28 19:11:44,269 [Datanode State Machine Thread - 0] INFO  server.GrpcService (GrpcService.java:startImpl(149)) - 3dbe2e87-433a-404a-bf79-c232f3c44ae6: GrpcService started, listening on 0.0.0.0/0.0.0.0:43291
2019-08-28 19:11:44,270 [Datanode State Machine Thread - 0] INFO  ratis.XceiverServerRatis (XceiverServerRatis.java:start(414)) - XceiverServerRatis 3dbe2e87-433a-404a-bf79-c232f3c44ae6 is started using port 43291
2019-08-28 19:11:44,273 [Datanode State Machine Thread - 0] INFO  server.XceiverServerGrpc (XceiverServerGrpc.java:start(161)) - XceiverServerGrpc 3dbe2e87-433a-404a-bf79-c232f3c44ae6 is started using port 46171
2019-08-28 19:11:44,441 | INFO  | SCMAudit | user=jenkins1000 | ip=192.168.69.126 | op=GET_VERSION null | ret=SUCCESS |  
2019-08-28 19:11:44,453 [Datanode State Machine Thread - 0] INFO  ozoneimpl.OzoneContainer (OzoneContainer.java:start(186)) - Attempting to start container services.
2019-08-28 19:11:44,453 [Datanode State Machine Thread - 0] INFO  ozoneimpl.OzoneContainer (OzoneContainer.java:startContainerScrub(160)) - Background container scrubber has been disabled by hdds.containerscrub.enabled
2019-08-28 19:11:44,454 [Datanode State Machine Thread - 0] INFO  ratis.XceiverServerRatis (XceiverServerRatis.java:start(404)) - Starting XceiverServerRatis 65661374-e9ce-4ca4-abba-b6075fbab1cd at port 0
2019-08-28 19:11:44,460 [Datanode State Machine Thread - 0] INFO  impl.RaftServerProxy (RaftServerProxy.java:lambda$start$3(299)) - 65661374-e9ce-4ca4-abba-b6075fbab1cd: start RPC server
2019-08-28 19:11:44,461 [Datanode State Machine Thread - 0] INFO  server.GrpcService (GrpcService.java:startImpl(149)) - 65661374-e9ce-4ca4-abba-b6075fbab1cd: GrpcService started, listening on 0.0.0.0/0.0.0.0:45215
2019-08-28 19:11:44,461 [Datanode State Machine Thread - 0] INFO  ratis.XceiverServerRatis (XceiverServerRatis.java:start(414)) - XceiverServerRatis 65661374-e9ce-4ca4-abba-b6075fbab1cd is started using port 45215
2019-08-28 19:11:44,462 [Datanode State Machine Thread - 0] INFO  server.XceiverServerGrpc (XceiverServerGrpc.java:start(161)) - XceiverServerGrpc 65661374-e9ce-4ca4-abba-b6075fbab1cd is started using port 37036
2019-08-28 19:11:44,676 [main] INFO  ozone.MiniOzoneClusterImpl (MiniOzoneClusterImpl.java:lambda$waitForClusterToBeReady$0(142)) - Waiting for cluster to be ready. Got 0 of 7 DN Heartbeats.
2019-08-28 19:11:44,678 | INFO  | SCMAudit | user=jenkins1000 | ip=192.168.69.126 | op=GET_VERSION null | ret=SUCCESS |  
2019-08-28 19:11:44,692 [Datanode State Machine Thread - 0] INFO  ozoneimpl.OzoneContainer (OzoneContainer.java:start(186)) - Attempting to start container services.
2019-08-28 19:11:44,692 [Datanode State Machine Thread - 0] INFO  ozoneimpl.OzoneContainer (OzoneContainer.java:startContainerScrub(160)) - Background container scrubber has been disabled by hdds.containerscrub.enabled
2019-08-28 19:11:44,692 [Datanode State Machine Thread - 0] INFO  ratis.XceiverServerRatis (XceiverServerRatis.java:start(404)) - Starting XceiverServerRatis 380f265b-6eb4-4d9a-b903-bb6ed6e5f324 at port 0
2019-08-28 19:11:44,700 [Datanode State Machine Thread - 0] INFO  impl.RaftServerProxy (RaftServerProxy.java:lambda$start$3(299)) - 380f265b-6eb4-4d9a-b903-bb6ed6e5f324: start RPC server
2019-08-28 19:11:44,704 [Datanode State Machine Thread - 0] INFO  server.GrpcService (GrpcService.java:startImpl(149)) - 380f265b-6eb4-4d9a-b903-bb6ed6e5f324: GrpcService started, listening on 0.0.0.0/0.0.0.0:37111
2019-08-28 19:11:44,704 [Datanode State Machine Thread - 0] INFO  ratis.XceiverServerRatis (XceiverServerRatis.java:start(414)) - XceiverServerRatis 380f265b-6eb4-4d9a-b903-bb6ed6e5f324 is started using port 37111
2019-08-28 19:11:44,704 [Datanode State Machine Thread - 0] INFO  server.XceiverServerGrpc (XceiverServerGrpc.java:start(161)) - XceiverServerGrpc 380f265b-6eb4-4d9a-b903-bb6ed6e5f324 is started using port 44626
2019-08-28 19:11:45,133 [IPC Server handler 1 on 35777] INFO  net.NetworkTopology (NetworkTopologyImpl.java:add(110)) - Added a new node: /default-rack/b2a7f730-984e-473a-b8b8-9318ecaec820
2019-08-28 19:11:45,136 [IPC Server handler 1 on 35777] INFO  node.SCMNodeManager (SCMNodeManager.java:register(273)) - Registered Data node : b2a7f730-984e-473a-b8b8-9318ecaec820{ip: 192.168.69.126, host: pr-hdds-2018-mtlbb-3651089407, networkLocation: /default-rack, certSerialId: null}
2019-08-28 19:11:45,138 [EventQueue-NodeRegistrationContainerReportForDataNodeSafeModeRule] INFO  safemode.SCMSafeModeManager (DataNodeSafeModeRule.java:process(71)) - SCM in safe mode. 1 DataNodes registered, 1 required.
2019-08-28 19:11:45,138 | INFO  | SCMAudit | user=jenkins1000 | ip=192.168.69.126 | op=REGISTER {datanodeDetails=b2a7f730-984e-473a-b8b8-9318ecaec820{ip: 192.168.69.126, host: pr-hdds-2018-mtlbb-3651089407, networkLocation: /default-rack, certSerialId: null}} | ret=SUCCESS |  
2019-08-28 19:11:45,140 [EventQueue-NodeRegistrationContainerReportForDataNodeSafeModeRule] INFO  safemode.SCMSafeModeManager (SCMSafeModeManager.java:validateSafeModeExitRules(177)) - ScmSafeModeManager, all rules are successfully validated
2019-08-28 19:11:45,140 [EventQueue-NodeRegistrationContainerReportForDataNodeSafeModeRule] INFO  safemode.SCMSafeModeManager (SCMSafeModeManager.java:exitSafeMode(193)) - SCM exiting safe mode.
2019-08-28 19:11:45,161 [grpc-default-executor-1] INFO  impl.RaftServerProxy (RaftServerProxy.java:addNew(89)) - b2a7f730-984e-473a-b8b8-9318ecaec820: addNew group-50F1F99584C1:[b2a7f730-984e-473a-b8b8-9318ecaec820:192.168.69.126:34899] returns group-50F1F99584C1:java.util.concurrent.CompletableFuture@19b7bd6d[Not completed]
2019-08-28 19:11:45,163 [pool-126-thread-1] INFO  impl.RaftServerImpl (RaftServerImpl.java:<init>(93)) - b2a7f730-984e-473a-b8b8-9318ecaec820: new RaftServerImpl for group-50F1F99584C1:[b2a7f730-984e-473a-b8b8-9318ecaec820:192.168.69.126:34899] with ContainerStateMachine:uninitialized
2019-08-28 19:11:45,163 [pool-126-thread-1] INFO  server.RaftServerConfigKeys (ConfUtils.java:logGet(43)) - raft.server.rpc.timeout.min = 5s (custom)
2019-08-28 19:11:45,163 [pool-126-thread-1] INFO  server.RaftServerConfigKeys (ConfUtils.java:logGet(43)) - raft.server.rpc.timeout.max = 5200ms (custom)
2019-08-28 19:11:45,164 [pool-126-thread-1] INFO  server.RaftServerConfigKeys (ConfUtils.java:logGet(43)) - raft.server.rpcslowness.timeout = 120s (custom)
2019-08-28 19:11:45,164 [pool-126-thread-1] INFO  server.RaftServerConfigKeys (ConfUtils.java:logGet(43)) - raft.server.sleep.deviation.threshold = 300 (default)
2019-08-28 19:11:45,164 [pool-126-thread-1] INFO  server.RaftServerConfigKeys (ConfUtils.java:logGet(43)) - raft.server.log.appender.install.snapshot.enabled = false (custom)
2019-08-28 19:11:45,164 [pool-126-thread-1] INFO  impl.RaftServerImpl (ServerState.java:<init>(105)) - b2a7f730-984e-473a-b8b8-9318ecaec820:group-50F1F99584C1 ConfigurationManager, init=-1: [b2a7f730-984e-473a-b8b8-9318ecaec820:192.168.69.126:34899], old=null, confs=<EMPTY_MAP>
2019-08-28 19:11:45,164 [pool-126-thread-1] INFO  server.RaftServerConfigKeys (ConfUtils.java:logGet(43)) - raft.server.storage.dir = [/workdir/hadoop-ozone/integration-test/target/test-dir/MiniOzoneClusterImpl-95e23c98-e492-4cad-aeea-48d386549ca1/datanode-0/data/ratis] (custom)
2019-08-28 19:11:45,165 [pool-126-thread-1] INFO  storage.RaftStorageDirectory (RaftStorageDirectory.java:analyzeStorage(246)) - The storage directory /workdir/hadoop-ozone/integration-test/target/test-dir/MiniOzoneClusterImpl-95e23c98-e492-4cad-aeea-48d386549ca1/datanode-0/data/ratis/a33d8144-5ba1-4ae5-a312-50f1f99584c1 does not exist. Creating ...
2019-08-28 19:11:45,222 [pool-126-thread-1] INFO  storage.RaftStorageDirectory (RaftStorageDirectory.java:tryLock(328)) - Lock on /workdir/hadoop-ozone/integration-test/target/test-dir/MiniOzoneClusterImpl-95e23c98-e492-4cad-aeea-48d386549ca1/datanode-0/data/ratis/a33d8144-5ba1-4ae5-a312-50f1f99584c1/in_use.lock acquired by nodename 28576@pr-hdds-2018-mtlbb-3651089407
2019-08-28 19:11:45,271 [pool-126-thread-1] INFO  storage.RaftStorage (RaftStorage.java:format(72)) - Storage directory /workdir/hadoop-ozone/integration-test/target/test-dir/MiniOzoneClusterImpl-95e23c98-e492-4cad-aeea-48d386549ca1/datanode-0/data/ratis/a33d8144-5ba1-4ae5-a312-50f1f99584c1 has been successfully formatted.
2019-08-28 19:11:45,271 [pool-126-thread-1] INFO  ratis.ContainerStateMachine (ContainerStateMachine.java:loadSnapshot(226)) - group-50F1F99584C1: The snapshot info is null. Setting the last applied indexto:(t:0, i:~)
2019-08-28 19:11:45,271 [pool-126-thread-1] INFO  server.RaftServerConfigKeys (ConfUtils.java:logGet(43)) - raft.server.leader.election.timeout = 120s (custom)
2019-08-28 19:11:45,272 [pool-126-thread-1] INFO  server.RaftServerConfigKeys (ConfUtils.java:logGet(43)) - raft.server.log.use.memory = false (default)
2019-08-28 19:11:45,272 [pool-126-thread-1] INFO  server.RaftServerConfigKeys (ConfUtils.java:logGet(43)) - raft.server.log.purge.gap = 1000000 (custom)
2019-08-28 19:11:45,272 [pool-126-thread-1] INFO  server.RaftServerConfigKeys (ConfUtils.java:logGet(43)) - raft.server.log.appender.buffer.byte-limit = 33554432 (custom)
2019-08-28 19:11:45,272 [pool-126-thread-1] INFO  server.RaftServerConfigKeys (ConfUtils.java:logGet(43)) - raft.server.log.segment.size.max = 1048576 (custom)
2019-08-28 19:11:45,273 [pool-126-thread-1] INFO  server.RaftServerConfigKeys (ConfUtils.java:logGet(43)) - raft.server.log.segment.cache.num.max = 2 (custom)
2019-08-28 19:11:45,273 [pool-126-thread-1] INFO  segmented.SegmentedRaftLogWorker (SegmentedRaftLogWorker.java:<init>(172)) - new b2a7f730-984e-473a-b8b8-9318ecaec820-SegmentedRaftLogWorker:Storage Directory /workdir/hadoop-ozone/integration-test/target/test-dir/MiniOzoneClusterImpl-95e23c98-e492-4cad-aeea-48d386549ca1/datanode-0/data/ratis/a33d8144-5ba1-4ae5-a312-50f1f99584c1 for RaftStorage:Storage Directory /workdir/hadoop-ozone/integration-test/target/test-dir/MiniOzoneClusterImpl-95e23c98-e492-4cad-aeea-48d386549ca1/datanode-0/data/ratis/a33d8144-5ba1-4ae5-a312-50f1f99584c1
2019-08-28 19:11:45,274 [pool-126-thread-1] INFO  server.RaftServerConfigKeys (ConfUtils.java:logGet(43)) - raft.server.log.queue.byte-limit = 2147483647 (custom)
2019-08-28 19:11:45,274 [pool-126-thread-1] INFO  server.RaftServerConfigKeys (ConfUtils.java:logGet(43)) - raft.server.log.queue.element-limit = 1024 (custom)
2019-08-28 19:11:45,274 [pool-126-thread-1] INFO  server.RaftServerConfigKeys (ConfUtils.java:logGet(43)) - raft.server.log.segment.size.max = 1048576 (custom)
2019-08-28 19:11:45,274 [pool-126-thread-1] INFO  server.RaftServerConfigKeys (ConfUtils.java:logGet(43)) - raft.server.log.preallocated.size = 16384 (custom)
2019-08-28 19:11:45,275 [pool-126-thread-1] INFO  server.RaftServerConfigKeys (ConfUtils.java:logGet(43)) - raft.server.log.write.buffer.size = 33554432 (custom)
2019-08-28 19:11:45,275 [pool-126-thread-1] INFO  server.RaftServerConfigKeys (ConfUtils.java:logGet(43)) - raft.server.log.force.sync.num = 128 (default)
2019-08-28 19:11:45,275 [pool-126-thread-1] INFO  server.RaftServerConfigKeys (ConfUtils.java:logGet(43)) - raft.server.log.statemachine.data.sync = true (default)
2019-08-28 19:11:45,275 [pool-126-thread-1] INFO  server.RaftServerConfigKeys (ConfUtils.java:logGet(43)) - raft.server.log.statemachine.data.sync.timeout = 10s (default)
2019-08-28 19:11:45,275 [pool-126-thread-1] INFO  server.RaftServerConfigKeys (ConfUtils.java:logGet(43)) - raft.server.log.statemachine.data.sync.timeout.retry = -1 (default)
2019-08-28 19:11:45,276 [pool-126-thread-1] INFO  server.RaftServerConfigKeys (ConfUtils.java:logGet(43)) - raft.server.log.statemachine.data.caching.enabled = true (custom)
2019-08-28 19:11:45,277 [pool-126-thread-1] INFO  segmented.SegmentedRaftLogWorker (SegmentedRaftLogWorker.java:lambda$new$0(132)) - b2a7f730-984e-473a-b8b8-9318ecaec820-SegmentedRaftLogWorker:Storage Directory /workdir/hadoop-ozone/integration-test/target/test-dir/MiniOzoneClusterImpl-95e23c98-e492-4cad-aeea-48d386549ca1/datanode-0/data/ratis/a33d8144-5ba1-4ae5-a312-50f1f99584c1: flushIndex: setUnconditionally 0 -> -1
2019-08-28 19:11:45,277 [pool-126-thread-1] INFO  server.RaftServerConfigKeys (ConfUtils.java:logGet(43)) - raft.server.snapshot.auto.trigger.enabled = true (custom)
2019-08-28 19:11:45,277 [pool-126-thread-1] INFO  server.RaftServerConfigKeys (ConfUtils.java:logGet(43)) - raft.server.snapshot.auto.trigger.threshold = 10000 (custom)
2019-08-28 19:11:45,278 [pool-126-thread-1] INFO  server.RaftServerConfigKeys (ConfUtils.java:logGet(43)) - raft.server.retrycache.expirytime = 600000ms (custom)
2019-08-28 19:11:45,278 [pool-126-thread-1] INFO  impl.RaftServerImpl (RaftServerImpl.java:start(180)) - b2a7f730-984e-473a-b8b8-9318ecaec820: start group-50F1F99584C1
2019-08-28 19:11:45,278 [pool-126-thread-1] INFO  impl.RaftServerImpl (RaftServerImpl.java:setRole(171)) - b2a7f730-984e-473a-b8b8-9318ecaec820:group-50F1F99584C1 changes role from null to FOLLOWER at term 0 for startAsFollower
2019-08-28 19:11:45,279 [pool-126-thread-1] INFO  impl.RoleInfo (RoleInfo.java:updateAndGet(143)) - b2a7f730-984e-473a-b8b8-9318ecaec820: start FollowerState
2019-08-28 19:11:45,280 [pool-126-thread-1] INFO  util.JmxRegister (JmxRegister.java:tryRegister(44)) - Successfully registered JMX Bean with object name Ratis:service=RaftServer,group=group-50F1F99584C1,id=b2a7f730-984e-473a-b8b8-9318ecaec820
2019-08-28 19:11:45,288 [RatisPipelineUtilsThread] INFO  pipeline.PipelineStateManager (PipelineStateManager.java:addPipeline(56)) - Created pipeline Pipeline[ Id: a33d8144-5ba1-4ae5-a312-50f1f99584c1, Nodes: b2a7f730-984e-473a-b8b8-9318ecaec820{ip: 192.168.69.126, host: pr-hdds-2018-mtlbb-3651089407, networkLocation: /default-rack, certSerialId: null}, Type:RATIS, Factor:ONE, State:OPEN]
2019-08-28 19:11:45,362 [IPC Server handler 2 on 35777] INFO  net.NetworkTopology (NetworkTopologyImpl.java:add(110)) - Added a new node: /default-rack/9baf0294-3496-4e1f-b0fa-15839a24912d
2019-08-28 19:11:45,362 [IPC Server handler 2 on 35777] INFO  node.SCMNodeManager (SCMNodeManager.java:register(273)) - Registered Data node : 9baf0294-3496-4e1f-b0fa-15839a24912d{ip: 192.168.69.126, host: pr-hdds-2018-mtlbb-3651089407, networkLocation: /default-rack, certSerialId: null}
2019-08-28 19:11:45,363 | INFO  | SCMAudit | user=jenkins1000 | ip=192.168.69.126 | op=REGISTER {datanodeDetails=9baf0294-3496-4e1f-b0fa-15839a24912d{ip: 192.168.69.126, host: pr-hdds-2018-mtlbb-3651089407, networkLocation: /default-rack, certSerialId: null}} | ret=SUCCESS |  
2019-08-28 19:11:45,379 [grpc-default-executor-1] INFO  impl.RaftServerProxy (RaftServerProxy.java:addNew(89)) - 9baf0294-3496-4e1f-b0fa-15839a24912d: addNew group-13AB87EF3D6C:[9baf0294-3496-4e1f-b0fa-15839a24912d:192.168.69.126:46809] returns group-13AB87EF3D6C:java.util.concurrent.CompletableFuture@53260a9c[Not completed]
2019-08-28 19:11:45,383 [pool-137-thread-1] INFO  impl.RaftServerImpl (RaftServerImpl.java:<init>(93)) - 9baf0294-3496-4e1f-b0fa-15839a24912d: new RaftServerImpl for group-13AB87EF3D6C:[9baf0294-3496-4e1f-b0fa-15839a24912d:192.168.69.126:46809] with ContainerStateMachine:uninitialized
2019-08-28 19:11:45,383 [pool-137-thread-1] INFO  server.RaftServerConfigKeys (ConfUtils.java:logGet(43)) - raft.server.rpc.timeout.min = 5s (custom)
2019-08-28 19:11:45,383 [pool-137-thread-1] INFO  server.RaftServerConfigKeys (ConfUtils.java:logGet(43)) - raft.server.rpc.timeout.max = 5200ms (custom)
2019-08-28 19:11:45,383 [pool-137-thread-1] INFO  server.RaftServerConfigKeys (ConfUtils.java:logGet(43)) - raft.server.rpcslowness.timeout = 120s (custom)
2019-08-28 19:11:45,384 [pool-137-thread-1] INFO  server.RaftServerConfigKeys (ConfUtils.java:logGet(43)) - raft.server.sleep.deviation.threshold = 300 (default)
2019-08-28 19:11:45,384 [pool-137-thread-1] INFO  server.RaftServerConfigKeys (ConfUtils.java:logGet(43)) - raft.server.log.appender.install.snapshot.enabled = false (custom)
2019-08-28 19:11:45,384 [pool-137-thread-1] INFO  impl.RaftServerImpl (ServerState.java:<init>(105)) - 9baf0294-3496-4e1f-b0fa-15839a24912d:group-13AB87EF3D6C ConfigurationManager, init=-1: [9baf0294-3496-4e1f-b0fa-15839a24912d:192.168.69.126:46809], old=null, confs=<EMPTY_MAP>
2019-08-28 19:11:45,384 [pool-137-thread-1] INFO  server.RaftServerConfigKeys (ConfUtils.java:logGet(43)) - raft.server.storage.dir = [/workdir/hadoop-ozone/integration-test/target/test-dir/MiniOzoneClusterImpl-95e23c98-e492-4cad-aeea-48d386549ca1/datanode-1/data/ratis] (custom)
2019-08-28 19:11:45,385 [pool-137-thread-1] INFO  storage.RaftStorageDirectory (RaftStorageDirectory.java:analyzeStorage(246)) - The storage directory /workdir/hadoop-ozone/integration-test/target/test-dir/MiniOzoneClusterImpl-95e23c98-e492-4cad-aeea-48d386549ca1/datanode-1/data/ratis/6a889c84-4046-4fcb-a868-13ab87ef3d6c does not exist. Creating ...
2019-08-28 19:11:45,405 [pool-137-thread-1] INFO  storage.RaftStorageDirectory (RaftStorageDirectory.java:tryLock(328)) - Lock on /workdir/hadoop-ozone/integration-test/target/test-dir/MiniOzoneClusterImpl-95e23c98-e492-4cad-aeea-48d386549ca1/datanode-1/data/ratis/6a889c84-4046-4fcb-a868-13ab87ef3d6c/in_use.lock acquired by nodename 28576@pr-hdds-2018-mtlbb-3651089407
2019-08-28 19:11:45,426 [pool-137-thread-1] INFO  storage.RaftStorage (RaftStorage.java:format(72)) - Storage directory /workdir/hadoop-ozone/integration-test/target/test-dir/MiniOzoneClusterImpl-95e23c98-e492-4cad-aeea-48d386549ca1/datanode-1/data/ratis/6a889c84-4046-4fcb-a868-13ab87ef3d6c has been successfully formatted.
2019-08-28 19:11:45,427 [pool-137-thread-1] INFO  ratis.ContainerStateMachine (ContainerStateMachine.java:loadSnapshot(226)) - group-13AB87EF3D6C: The snapshot info is null. Setting the last applied indexto:(t:0, i:~)
2019-08-28 19:11:45,427 [pool-137-thread-1] INFO  server.RaftServerConfigKeys (ConfUtils.java:logGet(43)) - raft.server.leader.election.timeout = 120s (custom)
2019-08-28 19:11:45,427 [pool-137-thread-1] INFO  server.RaftServerConfigKeys (ConfUtils.java:logGet(43)) - raft.server.log.use.memory = false (default)
2019-08-28 19:11:45,427 [pool-137-thread-1] INFO  server.RaftServerConfigKeys (ConfUtils.java:logGet(43)) - raft.server.log.purge.gap = 1000000 (custom)
2019-08-28 19:11:45,427 [pool-137-thread-1] INFO  server.RaftServerConfigKeys (ConfUtils.java:logGet(43)) - raft.server.log.appender.buffer.byte-limit = 33554432 (custom)
2019-08-28 19:11:45,427 [pool-137-thread-1] INFO  server.RaftServerConfigKeys (ConfUtils.java:logGet(43)) - raft.server.log.segment.size.max = 1048576 (custom)
2019-08-28 19:11:45,428 [pool-137-thread-1] INFO  server.RaftServerConfigKeys (ConfUtils.java:logGet(43)) - raft.server.log.segment.cache.num.max = 2 (custom)
2019-08-28 19:11:45,428 [pool-137-thread-1] INFO  segmented.SegmentedRaftLogWorker (SegmentedRaftLogWorker.java:<init>(172)) - new 9baf0294-3496-4e1f-b0fa-15839a24912d-SegmentedRaftLogWorker:Storage Directory /workdir/hadoop-ozone/integration-test/target/test-dir/MiniOzoneClusterImpl-95e23c98-e492-4cad-aeea-48d386549ca1/datanode-1/data/ratis/6a889c84-4046-4fcb-a868-13ab87ef3d6c for RaftStorage:Storage Directory /workdir/hadoop-ozone/integration-test/target/test-dir/MiniOzoneClusterImpl-95e23c98-e492-4cad-aeea-48d386549ca1/datanode-1/data/ratis/6a889c84-4046-4fcb-a868-13ab87ef3d6c
2019-08-28 19:11:45,428 [pool-137-thread-1] INFO  server.RaftServerConfigKeys (ConfUtils.java:logGet(43)) - raft.server.log.queue.byte-limit = 2147483647 (custom)
2019-08-28 19:11:45,428 [pool-137-thread-1] INFO  server.RaftServerConfigKeys (ConfUtils.java:logGet(43)) - raft.server.log.queue.element-limit = 1024 (custom)
2019-08-28 19:11:45,428 [pool-137-thread-1] INFO  server.RaftServerConfigKeys (ConfUtils.java:logGet(43)) - raft.server.log.segment.size.max = 1048576 (custom)
2019-08-28 19:11:45,429 [pool-137-thread-1] INFO  server.RaftServerConfigKeys (ConfUtils.java:logGet(43)) - raft.server.log.preallocated.size = 16384 (custom)
2019-08-28 19:11:45,429 [pool-137-thread-1] INFO  server.RaftServerConfigKeys (ConfUtils.java:logGet(43)) - raft.server.log.write.buffer.size = 33554432 (custom)
2019-08-28 19:11:45,429 [pool-137-thread-1] INFO  server.RaftServerConfigKeys (ConfUtils.java:logGet(43)) - raft.server.log.force.sync.num = 128 (default)
2019-08-28 19:11:45,429 [pool-137-thread-1] INFO  server.RaftServerConfigKeys (ConfUtils.java:logGet(43)) - raft.server.log.statemachine.data.sync = true (default)
2019-08-28 19:11:45,429 [pool-137-thread-1] INFO  server.RaftServerConfigKeys (ConfUtils.java:logGet(43)) - raft.server.log.statemachine.data.sync.timeout = 10s (default)
2019-08-28 19:11:45,429 [pool-137-thread-1] INFO  server.RaftServerConfigKeys (ConfUtils.java:logGet(43)) - raft.server.log.statemachine.data.sync.timeout.retry = -1 (default)
2019-08-28 19:11:45,430 [pool-137-thread-1] INFO  server.RaftServerConfigKeys (ConfUtils.java:logGet(43)) - raft.server.log.statemachine.data.caching.enabled = true (custom)
2019-08-28 19:11:45,430 [pool-137-thread-1] INFO  segmented.SegmentedRaftLogWorker (SegmentedRaftLogWorker.java:lambda$new$0(132)) - 9baf0294-3496-4e1f-b0fa-15839a24912d-SegmentedRaftLogWorker:Storage Directory /workdir/hadoop-ozone/integration-test/target/test-dir/MiniOzoneClusterImpl-95e23c98-e492-4cad-aeea-48d386549ca1/datanode-1/data/ratis/6a889c84-4046-4fcb-a868-13ab87ef3d6c: flushIndex: setUnconditionally 0 -> -1
2019-08-28 19:11:45,431 [pool-137-thread-1] INFO  server.RaftServerConfigKeys (ConfUtils.java:logGet(43)) - raft.server.snapshot.auto.trigger.enabled = true (custom)
2019-08-28 19:11:45,431 [pool-137-thread-1] INFO  server.RaftServerConfigKeys (ConfUtils.java:logGet(43)) - raft.server.snapshot.auto.trigger.threshold = 10000 (custom)
2019-08-28 19:11:45,431 [pool-137-thread-1] INFO  server.RaftServerConfigKeys (ConfUtils.java:logGet(43)) - raft.server.retrycache.expirytime = 600000ms (custom)
2019-08-28 19:11:45,432 [pool-137-thread-1] INFO  impl.RaftServerImpl (RaftServerImpl.java:start(180)) - 9baf0294-3496-4e1f-b0fa-15839a24912d: start group-13AB87EF3D6C
2019-08-28 19:11:45,432 [pool-137-thread-1] INFO  impl.RaftServerImpl (RaftServerImpl.java:setRole(171)) - 9baf0294-3496-4e1f-b0fa-15839a24912d:group-13AB87EF3D6C changes role from null to FOLLOWER at term 0 for startAsFollower
2019-08-28 19:11:45,432 [pool-137-thread-1] INFO  impl.RoleInfo (RoleInfo.java:updateAndGet(143)) - 9baf0294-3496-4e1f-b0fa-15839a24912d: start FollowerState
2019-08-28 19:11:45,432 [pool-137-thread-1] INFO  util.JmxRegister (JmxRegister.java:tryRegister(44)) - Successfully registered JMX Bean with object name Ratis:service=RaftServer,group=group-13AB87EF3D6C,id=9baf0294-3496-4e1f-b0fa-15839a24912d
2019-08-28 19:11:45,447 [RatisPipelineUtilsThread] INFO  pipeline.PipelineStateManager (PipelineStateManager.java:addPipeline(56)) - Created pipeline Pipeline[ Id: 6a889c84-4046-4fcb-a868-13ab87ef3d6c, Nodes: 9baf0294-3496-4e1f-b0fa-15839a24912d{ip: 192.168.69.126, host: pr-hdds-2018-mtlbb-3651089407, networkLocation: /default-rack, certSerialId: null}, Type:RATIS, Factor:ONE, State:OPEN]
2019-08-28 19:11:45,677 [main] INFO  ozone.MiniOzoneClusterImpl (MiniOzoneClusterImpl.java:lambda$waitForClusterToBeReady$0(142)) - Waiting for cluster to be ready. Got 2 of 7 DN Heartbeats.
2019-08-28 19:11:45,821 [IPC Server handler 7 on 35777] INFO  net.NetworkTopology (NetworkTopologyImpl.java:add(110)) - Added a new node: /default-rack/1742c727-6833-42d8-ac98-e1d010bd591d
2019-08-28 19:11:45,822 [IPC Server handler 7 on 35777] INFO  node.SCMNodeManager (SCMNodeManager.java:register(273)) - Registered Data node : 1742c727-6833-42d8-ac98-e1d010bd591d{ip: 192.168.69.126, host: pr-hdds-2018-mtlbb-3651089407, networkLocation: /default-rack, certSerialId: null}
2019-08-28 19:11:45,825 | INFO  | SCMAudit | user=jenkins1000 | ip=192.168.69.126 | op=REGISTER {datanodeDetails=1742c727-6833-42d8-ac98-e1d010bd591d{ip: 192.168.69.126, host: pr-hdds-2018-mtlbb-3651089407, networkLocation: /default-rack, certSerialId: null}} | ret=SUCCESS |  
2019-08-28 19:11:45,842 [grpc-default-executor-1] INFO  impl.RaftServerProxy (RaftServerProxy.java:addNew(89)) - 1742c727-6833-42d8-ac98-e1d010bd591d: addNew group-07B630A97F97:[1742c727-6833-42d8-ac98-e1d010bd591d:192.168.69.126:37544] returns group-07B630A97F97:java.util.concurrent.CompletableFuture@28244f7a[Not completed]
2019-08-28 19:11:45,847 [pool-148-thread-1] INFO  impl.RaftServerImpl (RaftServerImpl.java:<init>(93)) - 1742c727-6833-42d8-ac98-e1d010bd591d: new RaftServerImpl for group-07B630A97F97:[1742c727-6833-42d8-ac98-e1d010bd591d:192.168.69.126:37544] with ContainerStateMachine:uninitialized
2019-08-28 19:11:45,847 [pool-148-thread-1] INFO  server.RaftServerConfigKeys (ConfUtils.java:logGet(43)) - raft.server.rpc.timeout.min = 5s (custom)
2019-08-28 19:11:45,848 [pool-148-thread-1] INFO  server.RaftServerConfigKeys (ConfUtils.java:logGet(43)) - raft.server.rpc.timeout.max = 5200ms (custom)
2019-08-28 19:11:45,848 [pool-148-thread-1] INFO  server.RaftServerConfigKeys (ConfUtils.java:logGet(43)) - raft.server.rpcslowness.timeout = 120s (custom)
2019-08-28 19:11:45,848 [pool-148-thread-1] INFO  server.RaftServerConfigKeys (ConfUtils.java:logGet(43)) - raft.server.sleep.deviation.threshold = 300 (default)
2019-08-28 19:11:45,848 [pool-148-thread-1] INFO  server.RaftServerConfigKeys (ConfUtils.java:logGet(43)) - raft.server.log.appender.install.snapshot.enabled = false (custom)
2019-08-28 19:11:45,848 [pool-148-thread-1] INFO  impl.RaftServerImpl (ServerState.java:<init>(105)) - 1742c727-6833-42d8-ac98-e1d010bd591d:group-07B630A97F97 ConfigurationManager, init=-1: [1742c727-6833-42d8-ac98-e1d010bd591d:192.168.69.126:37544], old=null, confs=<EMPTY_MAP>
2019-08-28 19:11:45,848 [pool-148-thread-1] INFO  server.RaftServerConfigKeys (ConfUtils.java:logGet(43)) - raft.server.storage.dir = [/workdir/hadoop-ozone/integration-test/target/test-dir/MiniOzoneClusterImpl-95e23c98-e492-4cad-aeea-48d386549ca1/datanode-2/data/ratis] (custom)
2019-08-28 19:11:45,849 [pool-148-thread-1] INFO  storage.RaftStorageDirectory (RaftStorageDirectory.java:analyzeStorage(246)) - The storage directory /workdir/hadoop-ozone/integration-test/target/test-dir/MiniOzoneClusterImpl-95e23c98-e492-4cad-aeea-48d386549ca1/datanode-2/data/ratis/17583368-5b5a-4031-8295-07b630a97f97 does not exist. Creating ...
2019-08-28 19:11:45,863 [pool-148-thread-1] INFO  storage.RaftStorageDirectory (RaftStorageDirectory.java:tryLock(328)) - Lock on /workdir/hadoop-ozone/integration-test/target/test-dir/MiniOzoneClusterImpl-95e23c98-e492-4cad-aeea-48d386549ca1/datanode-2/data/ratis/17583368-5b5a-4031-8295-07b630a97f97/in_use.lock acquired by nodename 28576@pr-hdds-2018-mtlbb-3651089407
2019-08-28 19:11:45,876 [pool-148-thread-1] INFO  storage.RaftStorage (RaftStorage.java:format(72)) - Storage directory /workdir/hadoop-ozone/integration-test/target/test-dir/MiniOzoneClusterImpl-95e23c98-e492-4cad-aeea-48d386549ca1/datanode-2/data/ratis/17583368-5b5a-4031-8295-07b630a97f97 has been successfully formatted.
2019-08-28 19:11:45,876 [pool-148-thread-1] INFO  ratis.ContainerStateMachine (ContainerStateMachine.java:loadSnapshot(226)) - group-07B630A97F97: The snapshot info is null. Setting the last applied indexto:(t:0, i:~)
2019-08-28 19:11:45,877 [pool-148-thread-1] INFO  server.RaftServerConfigKeys (ConfUtils.java:logGet(43)) - raft.server.leader.election.timeout = 120s (custom)
2019-08-28 19:11:45,877 [pool-148-thread-1] INFO  server.RaftServerConfigKeys (ConfUtils.java:logGet(43)) - raft.server.log.use.memory = false (default)
2019-08-28 19:11:45,877 [pool-148-thread-1] INFO  server.RaftServerConfigKeys (ConfUtils.java:logGet(43)) - raft.server.log.purge.gap = 1000000 (custom)
2019-08-28 19:11:45,877 [pool-148-thread-1] INFO  server.RaftServerConfigKeys (ConfUtils.java:logGet(43)) - raft.server.log.appender.buffer.byte-limit = 33554432 (custom)
2019-08-28 19:11:45,877 [pool-148-thread-1] INFO  server.RaftServerConfigKeys (ConfUtils.java:logGet(43)) - raft.server.log.segment.size.max = 1048576 (custom)
2019-08-28 19:11:45,878 [pool-148-thread-1] INFO  server.RaftServerConfigKeys (ConfUtils.java:logGet(43)) - raft.server.log.segment.cache.num.max = 2 (custom)
2019-08-28 19:11:45,878 [pool-148-thread-1] INFO  segmented.SegmentedRaftLogWorker (SegmentedRaftLogWorker.java:<init>(172)) - new 1742c727-6833-42d8-ac98-e1d010bd591d-SegmentedRaftLogWorker:Storage Directory /workdir/hadoop-ozone/integration-test/target/test-dir/MiniOzoneClusterImpl-95e23c98-e492-4cad-aeea-48d386549ca1/datanode-2/data/ratis/17583368-5b5a-4031-8295-07b630a97f97 for RaftStorage:Storage Directory /workdir/hadoop-ozone/integration-test/target/test-dir/MiniOzoneClusterImpl-95e23c98-e492-4cad-aeea-48d386549ca1/datanode-2/data/ratis/17583368-5b5a-4031-8295-07b630a97f97
2019-08-28 19:11:45,878 [pool-148-thread-1] INFO  server.RaftServerConfigKeys (ConfUtils.java:logGet(43)) - raft.server.log.queue.byte-limit = 2147483647 (custom)
2019-08-28 19:11:45,878 [pool-148-thread-1] INFO  server.RaftServerConfigKeys (ConfUtils.java:logGet(43)) - raft.server.log.queue.element-limit = 1024 (custom)
2019-08-28 19:11:45,879 [pool-148-thread-1] INFO  server.RaftServerConfigKeys (ConfUtils.java:logGet(43)) - raft.server.log.segment.size.max = 1048576 (custom)
2019-08-28 19:11:45,879 [pool-148-thread-1] INFO  server.RaftServerConfigKeys (ConfUtils.java:logGet(43)) - raft.server.log.preallocated.size = 16384 (custom)
2019-08-28 19:11:45,879 [pool-148-thread-1] INFO  server.RaftServerConfigKeys (ConfUtils.java:logGet(43)) - raft.server.log.write.buffer.size = 33554432 (custom)
2019-08-28 19:11:45,879 [pool-148-thread-1] INFO  server.RaftServerConfigKeys (ConfUtils.java:logGet(43)) - raft.server.log.force.sync.num = 128 (default)
2019-08-28 19:11:45,879 [pool-148-thread-1] INFO  server.RaftServerConfigKeys (ConfUtils.java:logGet(43)) - raft.server.log.statemachine.data.sync = true (default)
2019-08-28 19:11:45,879 [pool-148-thread-1] INFO  server.RaftServerConfigKeys (ConfUtils.java:logGet(43)) - raft.server.log.statemachine.data.sync.timeout = 10s (default)
2019-08-28 19:11:45,880 [pool-148-thread-1] INFO  server.RaftServerConfigKeys (ConfUtils.java:logGet(43)) - raft.server.log.statemachine.data.sync.timeout.retry = -1 (default)
2019-08-28 19:11:45,880 [pool-148-thread-1] INFO  server.RaftServerConfigKeys (ConfUtils.java:logGet(43)) - raft.server.log.statemachine.data.caching.enabled = true (custom)
2019-08-28 19:11:45,880 [pool-148-thread-1] INFO  segmented.SegmentedRaftLogWorker (SegmentedRaftLogWorker.java:lambda$new$0(132)) - 1742c727-6833-42d8-ac98-e1d010bd591d-SegmentedRaftLogWorker:Storage Directory /workdir/hadoop-ozone/integration-test/target/test-dir/MiniOzoneClusterImpl-95e23c98-e492-4cad-aeea-48d386549ca1/datanode-2/data/ratis/17583368-5b5a-4031-8295-07b630a97f97: flushIndex: setUnconditionally 0 -> -1
2019-08-28 19:11:45,881 [pool-148-thread-1] INFO  server.RaftServerConfigKeys (ConfUtils.java:logGet(43)) - raft.server.snapshot.auto.trigger.enabled = true (custom)
2019-08-28 19:11:45,881 [pool-148-thread-1] INFO  server.RaftServerConfigKeys (ConfUtils.java:logGet(43)) - raft.server.snapshot.auto.trigger.threshold = 10000 (custom)
2019-08-28 19:11:45,881 [pool-148-thread-1] INFO  server.RaftServerConfigKeys (ConfUtils.java:logGet(43)) - raft.server.retrycache.expirytime = 600000ms (custom)
2019-08-28 19:11:45,881 [pool-148-thread-1] INFO  impl.RaftServerImpl (RaftServerImpl.java:start(180)) - 1742c727-6833-42d8-ac98-e1d010bd591d: start group-07B630A97F97
2019-08-28 19:11:45,882 [pool-148-thread-1] INFO  impl.RaftServerImpl (RaftServerImpl.java:setRole(171)) - 1742c727-6833-42d8-ac98-e1d010bd591d:group-07B630A97F97 changes role from null to FOLLOWER at term 0 for startAsFollower
2019-08-28 19:11:45,882 [pool-148-thread-1] INFO  impl.RoleInfo (RoleInfo.java:updateAndGet(143)) - 1742c727-6833-42d8-ac98-e1d010bd591d: start FollowerState
2019-08-28 19:11:45,882 [pool-148-thread-1] INFO  util.JmxRegister (JmxRegister.java:tryRegister(44)) - Successfully registered JMX Bean with object name Ratis:service=RaftServer,group=group-07B630A97F97,id=1742c727-6833-42d8-ac98-e1d010bd591d
2019-08-28 19:11:45,902 [RatisPipelineUtilsThread] INFO  pipeline.PipelineStateManager (PipelineStateManager.java:addPipeline(56)) - Created pipeline Pipeline[ Id: 17583368-5b5a-4031-8295-07b630a97f97, Nodes: 1742c727-6833-42d8-ac98-e1d010bd591d{ip: 192.168.69.126, host: pr-hdds-2018-mtlbb-3651089407, networkLocation: /default-rack, certSerialId: null}, Type:RATIS, Factor:ONE, State:OPEN]
2019-08-28 19:11:45,932 [grpc-default-executor-3] INFO  impl.RaftServerProxy (RaftServerProxy.java:addNew(89)) - 9baf0294-3496-4e1f-b0fa-15839a24912d: addNew group-9D35AC187D3C:[1742c727-6833-42d8-ac98-e1d010bd591d:192.168.69.126:37544, b2a7f730-984e-473a-b8b8-9318ecaec820:192.168.69.126:34899, 9baf0294-3496-4e1f-b0fa-15839a24912d:192.168.69.126:46809] returns group-9D35AC187D3C:java.util.concurrent.CompletableFuture@62b74a18[Not completed]
2019-08-28 19:11:45,933 [grpc-default-executor-4] INFO  impl.RaftServerProxy (RaftServerProxy.java:addNew(89)) - 1742c727-6833-42d8-ac98-e1d010bd591d: addNew group-9D35AC187D3C:[1742c727-6833-42d8-ac98-e1d010bd591d:192.168.69.126:37544, b2a7f730-984e-473a-b8b8-9318ecaec820:192.168.69.126:34899, 9baf0294-3496-4e1f-b0fa-15839a24912d:192.168.69.126:46809] returns group-9D35AC187D3C:java.util.concurrent.CompletableFuture@18576be[Not completed]
2019-08-28 19:11:45,935 [grpc-default-executor-1] INFO  impl.RaftServerProxy (RaftServerProxy.java:addNew(89)) - b2a7f730-984e-473a-b8b8-9318ecaec820: addNew group-9D35AC187D3C:[1742c727-6833-42d8-ac98-e1d010bd591d:192.168.69.126:37544, b2a7f730-984e-473a-b8b8-9318ecaec820:192.168.69.126:34899, 9baf0294-3496-4e1f-b0fa-15839a24912d:192.168.69.126:46809] returns group-9D35AC187D3C:java.util.concurrent.CompletableFuture@4822c6a7[Not completed]
2019-08-28 19:11:45,937 [pool-137-thread-1] INFO  impl.RaftServerImpl (RaftServerImpl.java:<init>(93)) - 9baf0294-3496-4e1f-b0fa-15839a24912d: new RaftServerImpl for group-9D35AC187D3C:[1742c727-6833-42d8-ac98-e1d010bd591d:192.168.69.126:37544, b2a7f730-984e-473a-b8b8-9318ecaec820:192.168.69.126:34899, 9baf0294-3496-4e1f-b0fa-15839a24912d:192.168.69.126:46809] with ContainerStateMachine:uninitialized
2019-08-28 19:11:45,937 [pool-137-thread-1] INFO  server.RaftServerConfigKeys (ConfUtils.java:logGet(43)) - raft.server.rpc.timeout.min = 5s (custom)
2019-08-28 19:11:45,938 [pool-137-thread-1] INFO  server.RaftServerConfigKeys (ConfUtils.java:logGet(43)) - raft.server.rpc.timeout.max = 5200ms (custom)
2019-08-28 19:11:45,938 [pool-137-thread-1] INFO  server.RaftServerConfigKeys (ConfUtils.java:logGet(43)) - raft.server.rpcslowness.timeout = 120s (custom)
2019-08-28 19:11:45,938 [pool-137-thread-1] INFO  server.RaftServerConfigKeys (ConfUtils.java:logGet(43)) - raft.server.sleep.deviation.threshold = 300 (default)
2019-08-28 19:11:45,938 [pool-137-thread-1] INFO  server.RaftServerConfigKeys (ConfUtils.java:logGet(43)) - raft.server.log.appender.install.snapshot.enabled = false (custom)
2019-08-28 19:11:45,938 [pool-126-thread-1] INFO  impl.RaftServerImpl (RaftServerImpl.java:<init>(93)) - b2a7f730-984e-473a-b8b8-9318ecaec820: new RaftServerImpl for group-9D35AC187D3C:[1742c727-6833-42d8-ac98-e1d010bd591d:192.168.69.126:37544, b2a7f730-984e-473a-b8b8-9318ecaec820:192.168.69.126:34899, 9baf0294-3496-4e1f-b0fa-15839a24912d:192.168.69.126:46809] with ContainerStateMachine:uninitialized
2019-08-28 19:11:45,938 [pool-137-thread-1] INFO  impl.RaftServerImpl (ServerState.java:<init>(105)) - 9baf0294-3496-4e1f-b0fa-15839a24912d:group-9D35AC187D3C ConfigurationManager, init=-1: [1742c727-6833-42d8-ac98-e1d010bd591d:192.168.69.126:37544, b2a7f730-984e-473a-b8b8-9318ecaec820:192.168.69.126:34899, 9baf0294-3496-4e1f-b0fa-15839a24912d:192.168.69.126:46809], old=null, confs=<EMPTY_MAP>
2019-08-28 19:11:45,939 [pool-126-thread-1] INFO  server.RaftServerConfigKeys (ConfUtils.java:logGet(43)) - raft.server.rpc.timeout.min = 5s (custom)
2019-08-28 19:11:45,939 [pool-126-thread-1] INFO  server.RaftServerConfigKeys (ConfUtils.java:logGet(43)) - raft.server.rpc.timeout.max = 5200ms (custom)
2019-08-28 19:11:45,939 [pool-137-thread-1] INFO  server.RaftServerConfigKeys (ConfUtils.java:logGet(43)) - raft.server.storage.dir = [/workdir/hadoop-ozone/integration-test/target/test-dir/MiniOzoneClusterImpl-95e23c98-e492-4cad-aeea-48d386549ca1/datanode-1/data/ratis] (custom)
2019-08-28 19:11:45,939 [pool-126-thread-1] INFO  server.RaftServerConfigKeys (ConfUtils.java:logGet(43)) - raft.server.rpcslowness.timeout = 120s (custom)
2019-08-28 19:11:45,939 [pool-126-thread-1] INFO  server.RaftServerConfigKeys (ConfUtils.java:logGet(43)) - raft.server.sleep.deviation.threshold = 300 (default)
2019-08-28 19:11:45,939 [pool-148-thread-1] INFO  impl.RaftServerImpl (RaftServerImpl.java:<init>(93)) - 1742c727-6833-42d8-ac98-e1d010bd591d: new RaftServerImpl for group-9D35AC187D3C:[1742c727-6833-42d8-ac98-e1d010bd591d:192.168.69.126:37544, b2a7f730-984e-473a-b8b8-9318ecaec820:192.168.69.126:34899, 9baf0294-3496-4e1f-b0fa-15839a24912d:192.168.69.126:46809] with ContainerStateMachine:uninitialized
2019-08-28 19:11:45,939 [pool-137-thread-1] INFO  storage.RaftStorageDirectory (RaftStorageDirectory.java:analyzeStorage(246)) - The storage directory /workdir/hadoop-ozone/integration-test/target/test-dir/MiniOzoneClusterImpl-95e23c98-e492-4cad-aeea-48d386549ca1/datanode-1/data/ratis/088f0b25-8462-48f1-ad8b-9d35ac187d3c does not exist. Creating ...
2019-08-28 19:11:45,939 [pool-126-thread-1] INFO  server.RaftServerConfigKeys (ConfUtils.java:logGet(43)) - raft.server.log.appender.install.snapshot.enabled = false (custom)
2019-08-28 19:11:45,940 [pool-148-thread-1] INFO  server.RaftServerConfigKeys (ConfUtils.java:logGet(43)) - raft.server.rpc.timeout.min = 5s (custom)
2019-08-28 19:11:45,940 [pool-126-thread-1] INFO  impl.RaftServerImpl (ServerState.java:<init>(105)) - b2a7f730-984e-473a-b8b8-9318ecaec820:group-9D35AC187D3C ConfigurationManager, init=-1: [1742c727-6833-42d8-ac98-e1d010bd591d:192.168.69.126:37544, b2a7f730-984e-473a-b8b8-9318ecaec820:192.168.69.126:34899, 9baf0294-3496-4e1f-b0fa-15839a24912d:192.168.69.126:46809], old=null, confs=<EMPTY_MAP>
2019-08-28 19:11:45,940 [pool-148-thread-1] INFO  server.RaftServerConfigKeys (ConfUtils.java:logGet(43)) - raft.server.rpc.timeout.max = 5200ms (custom)
2019-08-28 19:11:45,940 [pool-126-thread-1] INFO  server.RaftServerConfigKeys (ConfUtils.java:logGet(43)) - raft.server.storage.dir = [/workdir/hadoop-ozone/integration-test/target/test-dir/MiniOzoneClusterImpl-95e23c98-e492-4cad-aeea-48d386549ca1/datanode-0/data/ratis] (custom)
2019-08-28 19:11:45,940 [pool-148-thread-1] INFO  server.RaftServerConfigKeys (ConfUtils.java:logGet(43)) - raft.server.rpcslowness.timeout = 120s (custom)
2019-08-28 19:11:45,941 [pool-148-thread-1] INFO  server.RaftServerConfigKeys (ConfUtils.java:logGet(43)) - raft.server.sleep.deviation.threshold = 300 (default)
2019-08-28 19:11:45,941 [pool-148-thread-1] INFO  server.RaftServerConfigKeys (ConfUtils.java:logGet(43)) - raft.server.log.appender.install.snapshot.enabled = false (custom)
2019-08-28 19:11:45,941 [pool-126-thread-1] INFO  storage.RaftStorageDirectory (RaftStorageDirectory.java:analyzeStorage(246)) - The storage directory /workdir/hadoop-ozone/integration-test/target/test-dir/MiniOzoneClusterImpl-95e23c98-e492-4cad-aeea-48d386549ca1/datanode-0/data/ratis/088f0b25-8462-48f1-ad8b-9d35ac187d3c does not exist. Creating ...
2019-08-28 19:11:45,941 [pool-148-thread-1] INFO  impl.RaftServerImpl (ServerState.java:<init>(105)) - 1742c727-6833-42d8-ac98-e1d010bd591d:group-9D35AC187D3C ConfigurationManager, init=-1: [1742c727-6833-42d8-ac98-e1d010bd591d:192.168.69.126:37544, b2a7f730-984e-473a-b8b8-9318ecaec820:192.168.69.126:34899, 9baf0294-3496-4e1f-b0fa-15839a24912d:192.168.69.126:46809], old=null, confs=<EMPTY_MAP>
2019-08-28 19:11:45,941 [pool-148-thread-1] INFO  server.RaftServerConfigKeys (ConfUtils.java:logGet(43)) - raft.server.storage.dir = [/workdir/hadoop-ozone/integration-test/target/test-dir/MiniOzoneClusterImpl-95e23c98-e492-4cad-aeea-48d386549ca1/datanode-2/data/ratis] (custom)
2019-08-28 19:11:45,941 [pool-148-thread-1] INFO  storage.RaftStorageDirectory (RaftStorageDirectory.java:analyzeStorage(246)) - The storage directory /workdir/hadoop-ozone/integration-test/target/test-dir/MiniOzoneClusterImpl-95e23c98-e492-4cad-aeea-48d386549ca1/datanode-2/data/ratis/088f0b25-8462-48f1-ad8b-9d35ac187d3c does not exist. Creating ...
2019-08-28 19:11:45,954 [pool-148-thread-1] INFO  storage.RaftStorageDirectory (RaftStorageDirectory.java:tryLock(328)) - Lock on /workdir/hadoop-ozone/integration-test/target/test-dir/MiniOzoneClusterImpl-95e23c98-e492-4cad-aeea-48d386549ca1/datanode-2/data/ratis/088f0b25-8462-48f1-ad8b-9d35ac187d3c/in_use.lock acquired by nodename 28576@pr-hdds-2018-mtlbb-3651089407
2019-08-28 19:11:45,954 [pool-126-thread-1] INFO  storage.RaftStorageDirectory (RaftStorageDirectory.java:tryLock(328)) - Lock on /workdir/hadoop-ozone/integration-test/target/test-dir/MiniOzoneClusterImpl-95e23c98-e492-4cad-aeea-48d386549ca1/datanode-0/data/ratis/088f0b25-8462-48f1-ad8b-9d35ac187d3c/in_use.lock acquired by nodename 28576@pr-hdds-2018-mtlbb-3651089407
2019-08-28 19:11:45,954 [pool-137-thread-1] INFO  storage.RaftStorageDirectory (RaftStorageDirectory.java:tryLock(328)) - Lock on /workdir/hadoop-ozone/integration-test/target/test-dir/MiniOzoneClusterImpl-95e23c98-e492-4cad-aeea-48d386549ca1/datanode-1/data/ratis/088f0b25-8462-48f1-ad8b-9d35ac187d3c/in_use.lock acquired by nodename 28576@pr-hdds-2018-mtlbb-3651089407
2019-08-28 19:11:45,967 [pool-137-thread-1] INFO  storage.RaftStorage (RaftStorage.java:format(72)) - Storage directory /workdir/hadoop-ozone/integration-test/target/test-dir/MiniOzoneClusterImpl-95e23c98-e492-4cad-aeea-48d386549ca1/datanode-1/data/ratis/088f0b25-8462-48f1-ad8b-9d35ac187d3c has been successfully formatted.
2019-08-28 19:11:45,967 [pool-126-thread-1] INFO  storage.RaftStorage (RaftStorage.java:format(72)) - Storage directory /workdir/hadoop-ozone/integration-test/target/test-dir/MiniOzoneClusterImpl-95e23c98-e492-4cad-aeea-48d386549ca1/datanode-0/data/ratis/088f0b25-8462-48f1-ad8b-9d35ac187d3c has been successfully formatted.
2019-08-28 19:11:45,967 [pool-148-thread-1] INFO  storage.RaftStorage (RaftStorage.java:format(72)) - Storage directory /workdir/hadoop-ozone/integration-test/target/test-dir/MiniOzoneClusterImpl-95e23c98-e492-4cad-aeea-48d386549ca1/datanode-2/data/ratis/088f0b25-8462-48f1-ad8b-9d35ac187d3c has been successfully formatted.
2019-08-28 19:11:45,968 [pool-137-thread-1] INFO  ratis.ContainerStateMachine (ContainerStateMachine.java:loadSnapshot(226)) - group-9D35AC187D3C: The snapshot info is null. Setting the last applied indexto:(t:0, i:~)
2019-08-28 19:11:45,968 [pool-148-thread-1] INFO  ratis.ContainerStateMachine (ContainerStateMachine.java:loadSnapshot(226)) - group-9D35AC187D3C: The snapshot info is null. Setting the last applied indexto:(t:0, i:~)
2019-08-28 19:11:45,968 [pool-126-thread-1] INFO  ratis.ContainerStateMachine (ContainerStateMachine.java:loadSnapshot(226)) - group-9D35AC187D3C: The snapshot info is null. Setting the last applied indexto:(t:0, i:~)
2019-08-28 19:11:45,968 [pool-148-thread-1] INFO  server.RaftServerConfigKeys (ConfUtils.java:logGet(43)) - raft.server.leader.election.timeout = 120s (custom)
2019-08-28 19:11:45,968 [pool-137-thread-1] INFO  server.RaftServerConfigKeys (ConfUtils.java:logGet(43)) - raft.server.leader.election.timeout = 120s (custom)
2019-08-28 19:11:45,969 [pool-148-thread-1] INFO  server.RaftServerConfigKeys (ConfUtils.java:logGet(43)) - raft.server.log.use.memory = false (default)
2019-08-28 19:11:45,968 [pool-126-thread-1] INFO  server.RaftServerConfigKeys (ConfUtils.java:logGet(43)) - raft.server.leader.election.timeout = 120s (custom)
2019-08-28 19:11:45,969 [pool-148-thread-1] INFO  server.RaftServerConfigKeys (ConfUtils.java:logGet(43)) - raft.server.log.purge.gap = 1000000 (custom)
2019-08-28 19:11:45,969 [pool-137-thread-1] INFO  server.RaftServerConfigKeys (ConfUtils.java:logGet(43)) - raft.server.log.use.memory = false (default)
2019-08-28 19:11:45,969 [pool-148-thread-1] INFO  server.RaftServerConfigKeys (ConfUtils.java:logGet(43)) - raft.server.log.appender.buffer.byte-limit = 33554432 (custom)
2019-08-28 19:11:45,969 [pool-126-thread-1] INFO  server.RaftServerConfigKeys (ConfUtils.java:logGet(43)) - raft.server.log.use.memory = false (default)
2019-08-28 19:11:45,969 [pool-148-thread-1] INFO  server.RaftServerConfigKeys (ConfUtils.java:logGet(43)) - raft.server.log.segment.size.max = 1048576 (custom)
2019-08-28 19:11:45,969 [pool-137-thread-1] INFO  server.RaftServerConfigKeys (ConfUtils.java:logGet(43)) - raft.server.log.purge.gap = 1000000 (custom)
2019-08-28 19:11:45,969 [pool-148-thread-1] INFO  server.RaftServerConfigKeys (ConfUtils.java:logGet(43)) - raft.server.log.segment.cache.num.max = 2 (custom)
2019-08-28 19:11:45,969 [pool-126-thread-1] INFO  server.RaftServerConfigKeys (ConfUtils.java:logGet(43)) - raft.server.log.purge.gap = 1000000 (custom)
2019-08-28 19:11:45,970 [pool-148-thread-1] INFO  segmented.SegmentedRaftLogWorker (SegmentedRaftLogWorker.java:<init>(172)) - new 1742c727-6833-42d8-ac98-e1d010bd591d-SegmentedRaftLogWorker:Storage Directory /workdir/hadoop-ozone/integration-test/target/test-dir/MiniOzoneClusterImpl-95e23c98-e492-4cad-aeea-48d386549ca1/datanode-2/data/ratis/088f0b25-8462-48f1-ad8b-9d35ac187d3c for RaftStorage:Storage Directory /workdir/hadoop-ozone/integration-test/target/test-dir/MiniOzoneClusterImpl-95e23c98-e492-4cad-aeea-48d386549ca1/datanode-2/data/ratis/088f0b25-8462-48f1-ad8b-9d35ac187d3c
2019-08-28 19:11:45,970 [pool-137-thread-1] INFO  server.RaftServerConfigKeys (ConfUtils.java:logGet(43)) - raft.server.log.appender.buffer.byte-limit = 33554432 (custom)
2019-08-28 19:11:45,970 [pool-148-thread-1] INFO  server.RaftServerConfigKeys (ConfUtils.java:logGet(43)) - raft.server.log.queue.byte-limit = 2147483647 (custom)
2019-08-28 19:11:45,970 [pool-126-thread-1] INFO  server.RaftServerConfigKeys (ConfUtils.java:logGet(43)) - raft.server.log.appender.buffer.byte-limit = 33554432 (custom)
2019-08-28 19:11:45,970 [pool-148-thread-1] INFO  server.RaftServerConfigKeys (ConfUtils.java:logGet(43)) - raft.server.log.queue.element-limit = 1024 (custom)
2019-08-28 19:11:45,970 [pool-137-thread-1] INFO  server.RaftServerConfigKeys (ConfUtils.java:logGet(43)) - raft.server.log.segment.size.max = 1048576 (custom)
2019-08-28 19:11:45,970 [pool-148-thread-1] INFO  server.RaftServerConfigKeys (ConfUtils.java:logGet(43)) - raft.server.log.segment.size.max = 1048576 (custom)
2019-08-28 19:11:45,970 [pool-126-thread-1] INFO  server.RaftServerConfigKeys (ConfUtils.java:logGet(43)) - raft.server.log.segment.size.max = 1048576 (custom)
2019-08-28 19:11:45,971 [pool-148-thread-1] INFO  server.RaftServerConfigKeys (ConfUtils.java:logGet(43)) - raft.server.log.preallocated.size = 16384 (custom)
2019-08-28 19:11:45,971 [pool-137-thread-1] INFO  server.RaftServerConfigKeys (ConfUtils.java:logGet(43)) - raft.server.log.segment.cache.num.max = 2 (custom)
2019-08-28 19:11:45,971 [pool-148-thread-1] INFO  server.RaftServerConfigKeys (ConfUtils.java:logGet(43)) - raft.server.log.write.buffer.size = 33554432 (custom)
2019-08-28 19:11:45,971 [pool-126-thread-1] INFO  server.RaftServerConfigKeys (ConfUtils.java:logGet(43)) - raft.server.log.segment.cache.num.max = 2 (custom)
2019-08-28 19:11:45,971 [pool-148-thread-1] INFO  server.RaftServerConfigKeys (ConfUtils.java:logGet(43)) - raft.server.log.force.sync.num = 128 (default)
2019-08-28 19:11:45,971 [pool-137-thread-1] INFO  segmented.SegmentedRaftLogWorker (SegmentedRaftLogWorker.java:<init>(172)) - new 9baf0294-3496-4e1f-b0fa-15839a24912d-SegmentedRaftLogWorker:Storage Directory /workdir/hadoop-ozone/integration-test/target/test-dir/MiniOzoneClusterImpl-95e23c98-e492-4cad-aeea-48d386549ca1/datanode-1/data/ratis/088f0b25-8462-48f1-ad8b-9d35ac187d3c for RaftStorage:Storage Directory /workdir/hadoop-ozone/integration-test/target/test-dir/MiniOzoneClusterImpl-95e23c98-e492-4cad-aeea-48d386549ca1/datanode-1/data/ratis/088f0b25-8462-48f1-ad8b-9d35ac187d3c
2019-08-28 19:11:45,971 [pool-148-thread-1] INFO  server.RaftServerConfigKeys (ConfUtils.java:logGet(43)) - raft.server.log.statemachine.data.sync = true (default)
2019-08-28 19:11:45,971 [pool-126-thread-1] INFO  segmented.SegmentedRaftLogWorker (SegmentedRaftLogWorker.java:<init>(172)) - new b2a7f730-984e-473a-b8b8-9318ecaec820-SegmentedRaftLogWorker:Storage Directory /workdir/hadoop-ozone/integration-test/target/test-dir/MiniOzoneClusterImpl-95e23c98-e492-4cad-aeea-48d386549ca1/datanode-0/data/ratis/088f0b25-8462-48f1-ad8b-9d35ac187d3c for RaftStorage:Storage Directory /workdir/hadoop-ozone/integration-test/target/test-dir/MiniOzoneClusterImpl-95e23c98-e492-4cad-aeea-48d386549ca1/datanode-0/data/ratis/088f0b25-8462-48f1-ad8b-9d35ac187d3c
2019-08-28 19:11:45,972 [pool-148-thread-1] INFO  server.RaftServerConfigKeys (ConfUtils.java:logGet(43)) - raft.server.log.statemachine.data.sync.timeout = 10s (default)
2019-08-28 19:11:45,972 [pool-126-thread-1] INFO  server.RaftServerConfigKeys (ConfUtils.java:logGet(43)) - raft.server.log.queue.byte-limit = 2147483647 (custom)
2019-08-28 19:11:45,972 [pool-137-thread-1] INFO  server.RaftServerConfigKeys (ConfUtils.java:logGet(43)) - raft.server.log.queue.byte-limit = 2147483647 (custom)
2019-08-28 19:11:45,972 [pool-126-thread-1] INFO  server.RaftServerConfigKeys (ConfUtils.java:logGet(43)) - raft.server.log.queue.element-limit = 1024 (custom)
2019-08-28 19:11:45,972 [pool-148-thread-1] INFO  server.RaftServerConfigKeys (ConfUtils.java:logGet(43)) - raft.server.log.statemachine.data.sync.timeout.retry = -1 (default)
2019-08-28 19:11:45,972 [pool-126-thread-1] INFO  server.RaftServerConfigKeys (ConfUtils.java:logGet(43)) - raft.server.log.segment.size.max = 1048576 (custom)
2019-08-28 19:11:45,973 [pool-148-thread-1] INFO  server.RaftServerConfigKeys (ConfUtils.java:logGet(43)) - raft.server.log.statemachine.data.caching.enabled = true (custom)
2019-08-28 19:11:45,972 [pool-137-thread-1] INFO  server.RaftServerConfigKeys (ConfUtils.java:logGet(43)) - raft.server.log.queue.element-limit = 1024 (custom)
2019-08-28 19:11:45,973 [pool-126-thread-1] INFO  server.RaftServerConfigKeys (ConfUtils.java:logGet(43)) - raft.server.log.preallocated.size = 16384 (custom)
2019-08-28 19:11:45,973 [pool-148-thread-1] INFO  segmented.SegmentedRaftLogWorker (SegmentedRaftLogWorker.java:lambda$new$0(132)) - 1742c727-6833-42d8-ac98-e1d010bd591d-SegmentedRaftLogWorker:Storage Directory /workdir/hadoop-ozone/integration-test/target/test-dir/MiniOzoneClusterImpl-95e23c98-e492-4cad-aeea-48d386549ca1/datanode-2/data/ratis/088f0b25-8462-48f1-ad8b-9d35ac187d3c: flushIndex: setUnconditionally 0 -> -1
2019-08-28 19:11:45,973 [pool-137-thread-1] INFO  server.RaftServerConfigKeys (ConfUtils.java:logGet(43)) - raft.server.log.segment.size.max = 1048576 (custom)
2019-08-28 19:11:45,973 [pool-126-thread-1] INFO  server.RaftServerConfigKeys (ConfUtils.java:logGet(43)) - raft.server.log.write.buffer.size = 33554432 (custom)
2019-08-28 19:11:45,973 [pool-148-thread-1] INFO  server.RaftServerConfigKeys (ConfUtils.java:logGet(43)) - raft.server.snapshot.auto.trigger.enabled = true (custom)
2019-08-28 19:11:45,973 [pool-137-thread-1] INFO  server.RaftServerConfigKeys (ConfUtils.java:logGet(43)) - raft.server.log.preallocated.size = 16384 (custom)
2019-08-28 19:11:45,974 [pool-148-thread-1] INFO  server.RaftServerConfigKeys (ConfUtils.java:logGet(43)) - raft.server.snapshot.auto.trigger.threshold = 10000 (custom)
2019-08-28 19:11:45,974 [pool-126-thread-1] INFO  server.RaftServerConfigKeys (ConfUtils.java:logGet(43)) - raft.server.log.force.sync.num = 128 (default)
2019-08-28 19:11:45,974 [pool-137-thread-1] INFO  server.RaftServerConfigKeys (ConfUtils.java:logGet(43)) - raft.server.log.write.buffer.size = 33554432 (custom)
2019-08-28 19:11:45,974 [pool-148-thread-1] INFO  server.RaftServerConfigKeys (ConfUtils.java:logGet(43)) - raft.server.retrycache.expirytime = 600000ms (custom)
2019-08-28 19:11:45,974 [pool-126-thread-1] INFO  server.RaftServerConfigKeys (ConfUtils.java:logGet(43)) - raft.server.log.statemachine.data.sync = true (default)
2019-08-28 19:11:45,975 [pool-148-thread-1] INFO  impl.RaftServerImpl (RaftServerImpl.java:start(180)) - 1742c727-6833-42d8-ac98-e1d010bd591d: start group-9D35AC187D3C
2019-08-28 19:11:45,975 [pool-148-thread-1] INFO  impl.RaftServerImpl (RaftServerImpl.java:setRole(171)) - 1742c727-6833-42d8-ac98-e1d010bd591d:group-9D35AC187D3C changes role from null to FOLLOWER at term 0 for startAsFollower
2019-08-28 19:11:45,974 [pool-137-thread-1] INFO  server.RaftServerConfigKeys (ConfUtils.java:logGet(43)) - raft.server.log.force.sync.num = 128 (default)
2019-08-28 19:11:45,975 [pool-148-thread-1] INFO  impl.RoleInfo (RoleInfo.java:updateAndGet(143)) - 1742c727-6833-42d8-ac98-e1d010bd591d: start FollowerState
2019-08-28 19:11:45,975 [pool-126-thread-1] INFO  server.RaftServerConfigKeys (ConfUtils.java:logGet(43)) - raft.server.log.statemachine.data.sync.timeout = 10s (default)
2019-08-28 19:11:45,975 [pool-137-thread-1] INFO  server.RaftServerConfigKeys (ConfUtils.java:logGet(43)) - raft.server.log.statemachine.data.sync = true (default)
2019-08-28 19:11:45,975 [pool-126-thread-1] INFO  server.RaftServerConfigKeys (ConfUtils.java:logGet(43)) - raft.server.log.statemachine.data.sync.timeout.retry = -1 (default)
2019-08-28 19:11:45,975 [pool-137-thread-1] INFO  server.RaftServerConfigKeys (ConfUtils.java:logGet(43)) - raft.server.log.statemachine.data.sync.timeout = 10s (default)
2019-08-28 19:11:45,976 [pool-148-thread-1] INFO  util.JmxRegister (JmxRegister.java:tryRegister(44)) - Successfully registered JMX Bean with object name Ratis:service=RaftServer,group=group-9D35AC187D3C,id=1742c727-6833-42d8-ac98-e1d010bd591d
2019-08-28 19:11:45,976 [pool-126-thread-1] INFO  server.RaftServerConfigKeys (ConfUtils.java:logGet(43)) - raft.server.log.statemachine.data.caching.enabled = true (custom)
2019-08-28 19:11:45,976 [pool-137-thread-1] INFO  server.RaftServerConfigKeys (ConfUtils.java:logGet(43)) - raft.server.log.statemachine.data.sync.timeout.retry = -1 (default)
2019-08-28 19:11:45,976 [pool-126-thread-1] INFO  segmented.SegmentedRaftLogWorker (SegmentedRaftLogWorker.java:lambda$new$0(132)) - b2a7f730-984e-473a-b8b8-9318ecaec820-SegmentedRaftLogWorker:Storage Directory /workdir/hadoop-ozone/integration-test/target/test-dir/MiniOzoneClusterImpl-95e23c98-e492-4cad-aeea-48d386549ca1/datanode-0/data/ratis/088f0b25-8462-48f1-ad8b-9d35ac187d3c: flushIndex: setUnconditionally 0 -> -1
2019-08-28 19:11:45,976 [pool-137-thread-1] INFO  server.RaftServerConfigKeys (ConfUtils.java:logGet(43)) - raft.server.log.statemachine.data.caching.enabled = true (custom)
2019-08-28 19:11:45,976 [pool-126-thread-1] INFO  server.RaftServerConfigKeys (ConfUtils.java:logGet(43)) - raft.server.snapshot.auto.trigger.enabled = true (custom)
2019-08-28 19:11:45,977 [pool-126-thread-1] INFO  server.RaftServerConfigKeys (ConfUtils.java:logGet(43)) - raft.server.snapshot.auto.trigger.threshold = 10000 (custom)
2019-08-28 19:11:45,977 [pool-137-thread-1] INFO  segmented.SegmentedRaftLogWorker (SegmentedRaftLogWorker.java:lambda$new$0(132)) - 9baf0294-3496-4e1f-b0fa-15839a24912d-SegmentedRaftLogWorker:Storage Directory /workdir/hadoop-ozone/integration-test/target/test-dir/MiniOzoneClusterImpl-95e23c98-e492-4cad-aeea-48d386549ca1/datanode-1/data/ratis/088f0b25-8462-48f1-ad8b-9d35ac187d3c: flushIndex: setUnconditionally 0 -> -1
2019-08-28 19:11:45,977 [pool-126-thread-1] INFO  server.RaftServerConfigKeys (ConfUtils.java:logGet(43)) - raft.server.retrycache.expirytime = 600000ms (custom)
2019-08-28 19:11:45,977 [pool-137-thread-1] INFO  server.RaftServerConfigKeys (ConfUtils.java:logGet(43)) - raft.server.snapshot.auto.trigger.enabled = true (custom)
2019-08-28 19:11:45,977 [pool-126-thread-1] INFO  impl.RaftServerImpl (RaftServerImpl.java:start(180)) - b2a7f730-984e-473a-b8b8-9318ecaec820: start group-9D35AC187D3C
2019-08-28 19:11:45,980 [pool-137-thread-1] INFO  server.RaftServerConfigKeys (ConfUtils.java:logGet(43)) - raft.server.snapshot.auto.trigger.threshold = 10000 (custom)
2019-08-28 19:11:45,981 [pool-126-thread-1] INFO  impl.RaftServerImpl (RaftServerImpl.java:setRole(171)) - b2a7f730-984e-473a-b8b8-9318ecaec820:group-9D35AC187D3C changes role from null to FOLLOWER at term 0 for startAsFollower
2019-08-28 19:11:45,981 [pool-137-thread-1] INFO  server.RaftServerConfigKeys (ConfUtils.java:logGet(43)) - raft.server.retrycache.expirytime = 600000ms (custom)
2019-08-28 19:11:45,981 [pool-126-thread-1] INFO  impl.RoleInfo (RoleInfo.java:updateAndGet(143)) - b2a7f730-984e-473a-b8b8-9318ecaec820: start FollowerState
2019-08-28 19:11:45,981 [pool-137-thread-1] INFO  impl.RaftServerImpl (RaftServerImpl.java:start(180)) - 9baf0294-3496-4e1f-b0fa-15839a24912d: start group-9D35AC187D3C
2019-08-28 19:11:45,981 [pool-137-thread-1] INFO  impl.RaftServerImpl (RaftServerImpl.java:setRole(171)) - 9baf0294-3496-4e1f-b0fa-15839a24912d:group-9D35AC187D3C changes role from null to FOLLOWER at term 0 for startAsFollower
2019-08-28 19:11:45,981 [pool-137-thread-1] INFO  impl.RoleInfo (RoleInfo.java:updateAndGet(143)) - 9baf0294-3496-4e1f-b0fa-15839a24912d: start FollowerState
2019-08-28 19:11:45,981 [pool-126-thread-1] INFO  util.JmxRegister (JmxRegister.java:tryRegister(44)) - Successfully registered JMX Bean with object name Ratis:service=RaftServer,group=group-9D35AC187D3C,id=b2a7f730-984e-473a-b8b8-9318ecaec820
2019-08-28 19:11:45,982 [pool-137-thread-1] INFO  util.JmxRegister (JmxRegister.java:tryRegister(44)) - Successfully registered JMX Bean with object name Ratis:service=RaftServer,group=group-9D35AC187D3C,id=9baf0294-3496-4e1f-b0fa-15839a24912d
2019-08-28 19:11:45,988 [RatisPipelineUtilsThread] INFO  pipeline.PipelineStateManager (PipelineStateManager.java:addPipeline(56)) - Created pipeline Pipeline[ Id: 088f0b25-8462-48f1-ad8b-9d35ac187d3c, Nodes: 9baf0294-3496-4e1f-b0fa-15839a24912d{ip: 192.168.69.126, host: pr-hdds-2018-mtlbb-3651089407, networkLocation: /default-rack, certSerialId: null}1742c727-6833-42d8-ac98-e1d010bd591d{ip: 192.168.69.126, host: pr-hdds-2018-mtlbb-3651089407, networkLocation: /default-rack, certSerialId: null}b2a7f730-984e-473a-b8b8-9318ecaec820{ip: 192.168.69.126, host: pr-hdds-2018-mtlbb-3651089407, networkLocation: /default-rack, certSerialId: null}, Type:RATIS, Factor:THREE, State:OPEN]
2019-08-28 19:11:46,013 [IPC Server handler 3 on 35777] INFO  net.NetworkTopology (NetworkTopologyImpl.java:add(110)) - Added a new node: /default-rack/00414077-5234-4a26-9ed1-ac73b87b4b8e
2019-08-28 19:11:46,013 [IPC Server handler 3 on 35777] INFO  node.SCMNodeManager (SCMNodeManager.java:register(273)) - Registered Data node : 00414077-5234-4a26-9ed1-ac73b87b4b8e{ip: 192.168.69.126, host: pr-hdds-2018-mtlbb-3651089407, networkLocation: /default-rack, certSerialId: null}
2019-08-28 19:11:46,013 | INFO  | SCMAudit | user=jenkins1000 | ip=192.168.69.126 | op=REGISTER {datanodeDetails=00414077-5234-4a26-9ed1-ac73b87b4b8e{ip: 192.168.69.126, host: pr-hdds-2018-mtlbb-3651089407, networkLocation: /default-rack, certSerialId: null}} | ret=SUCCESS |  
2019-08-28 19:11:46,029 [grpc-default-executor-4] INFO  impl.RaftServerProxy (RaftServerProxy.java:addNew(89)) - 00414077-5234-4a26-9ed1-ac73b87b4b8e: addNew group-85E1F9232965:[00414077-5234-4a26-9ed1-ac73b87b4b8e:192.168.69.126:40831] returns group-85E1F9232965:java.util.concurrent.CompletableFuture@e1d1861[Not completed]
2019-08-28 19:11:46,034 [pool-159-thread-1] INFO  impl.RaftServerImpl (RaftServerImpl.java:<init>(93)) - 00414077-5234-4a26-9ed1-ac73b87b4b8e: new RaftServerImpl for group-85E1F9232965:[00414077-5234-4a26-9ed1-ac73b87b4b8e:192.168.69.126:40831] with ContainerStateMachine:uninitialized
2019-08-28 19:11:46,034 [pool-159-thread-1] INFO  server.RaftServerConfigKeys (ConfUtils.java:logGet(43)) - raft.server.rpc.timeout.min = 5s (custom)
2019-08-28 19:11:46,034 [pool-159-thread-1] INFO  server.RaftServerConfigKeys (ConfUtils.java:logGet(43)) - raft.server.rpc.timeout.max = 5200ms (custom)
2019-08-28 19:11:46,034 [pool-159-thread-1] INFO  server.RaftServerConfigKeys (ConfUtils.java:logGet(43)) - raft.server.rpcslowness.timeout = 120s (custom)
2019-08-28 19:11:46,034 [pool-159-thread-1] INFO  server.RaftServerConfigKeys (ConfUtils.java:logGet(43)) - raft.server.sleep.deviation.threshold = 300 (default)
2019-08-28 19:11:46,035 [pool-159-thread-1] INFO  server.RaftServerConfigKeys (ConfUtils.java:logGet(43)) - raft.server.log.appender.install.snapshot.enabled = false (custom)
2019-08-28 19:11:46,035 [pool-159-thread-1] INFO  impl.RaftServerImpl (ServerState.java:<init>(105)) - 00414077-5234-4a26-9ed1-ac73b87b4b8e:group-85E1F9232965 ConfigurationManager, init=-1: [00414077-5234-4a26-9ed1-ac73b87b4b8e:192.168.69.126:40831], old=null, confs=<EMPTY_MAP>
2019-08-28 19:11:46,035 [pool-159-thread-1] INFO  server.RaftServerConfigKeys (ConfUtils.java:logGet(43)) - raft.server.storage.dir = [/workdir/hadoop-ozone/integration-test/target/test-dir/MiniOzoneClusterImpl-95e23c98-e492-4cad-aeea-48d386549ca1/datanode-3/data/ratis] (custom)
2019-08-28 19:11:46,035 [pool-159-thread-1] INFO  storage.RaftStorageDirectory (RaftStorageDirectory.java:analyzeStorage(246)) - The storage directory /workdir/hadoop-ozone/integration-test/target/test-dir/MiniOzoneClusterImpl-95e23c98-e492-4cad-aeea-48d386549ca1/datanode-3/data/ratis/07c7c22e-81fb-425c-82f0-85e1f9232965 does not exist. Creating ...
2019-08-28 19:11:46,049 [pool-159-thread-1] INFO  storage.RaftStorageDirectory (RaftStorageDirectory.java:tryLock(328)) - Lock on /workdir/hadoop-ozone/integration-test/target/test-dir/MiniOzoneClusterImpl-95e23c98-e492-4cad-aeea-48d386549ca1/datanode-3/data/ratis/07c7c22e-81fb-425c-82f0-85e1f9232965/in_use.lock acquired by nodename 28576@pr-hdds-2018-mtlbb-3651089407
2019-08-28 19:11:46,068 [pool-159-thread-1] INFO  storage.RaftStorage (RaftStorage.java:format(72)) - Storage directory /workdir/hadoop-ozone/integration-test/target/test-dir/MiniOzoneClusterImpl-95e23c98-e492-4cad-aeea-48d386549ca1/datanode-3/data/ratis/07c7c22e-81fb-425c-82f0-85e1f9232965 has been successfully formatted.
2019-08-28 19:11:46,069 [pool-159-thread-1] INFO  ratis.ContainerStateMachine (ContainerStateMachine.java:loadSnapshot(226)) - group-85E1F9232965: The snapshot info is null. Setting the last applied indexto:(t:0, i:~)
2019-08-28 19:11:46,069 [pool-159-thread-1] INFO  server.RaftServerConfigKeys (ConfUtils.java:logGet(43)) - raft.server.leader.election.timeout = 120s (custom)
2019-08-28 19:11:46,069 [pool-159-thread-1] INFO  server.RaftServerConfigKeys (ConfUtils.java:logGet(43)) - raft.server.log.use.memory = false (default)
2019-08-28 19:11:46,069 [pool-159-thread-1] INFO  server.RaftServerConfigKeys (ConfUtils.java:logGet(43)) - raft.server.log.purge.gap = 1000000 (custom)
2019-08-28 19:11:46,069 [pool-159-thread-1] INFO  server.RaftServerConfigKeys (ConfUtils.java:logGet(43)) - raft.server.log.appender.buffer.byte-limit = 33554432 (custom)
2019-08-28 19:11:46,069 [pool-159-thread-1] INFO  server.RaftServerConfigKeys (ConfUtils.java:logGet(43)) - raft.server.log.segment.size.max = 1048576 (custom)
2019-08-28 19:11:46,069 [pool-159-thread-1] INFO  server.RaftServerConfigKeys (ConfUtils.java:logGet(43)) - raft.server.log.segment.cache.num.max = 2 (custom)
2019-08-28 19:11:46,070 [pool-159-thread-1] INFO  segmented.SegmentedRaftLogWorker (SegmentedRaftLogWorker.java:<init>(172)) - new 00414077-5234-4a26-9ed1-ac73b87b4b8e-SegmentedRaftLogWorker:Storage Directory /workdir/hadoop-ozone/integration-test/target/test-dir/MiniOzoneClusterImpl-95e23c98-e492-4cad-aeea-48d386549ca1/datanode-3/data/ratis/07c7c22e-81fb-425c-82f0-85e1f9232965 for RaftStorage:Storage Directory /workdir/hadoop-ozone/integration-test/target/test-dir/MiniOzoneClusterImpl-95e23c98-e492-4cad-aeea-48d386549ca1/datanode-3/data/ratis/07c7c22e-81fb-425c-82f0-85e1f9232965
2019-08-28 19:11:46,070 [pool-159-thread-1] INFO  server.RaftServerConfigKeys (ConfUtils.java:logGet(43)) - raft.server.log.queue.byte-limit = 2147483647 (custom)
2019-08-28 19:11:46,070 [pool-159-thread-1] INFO  server.RaftServerConfigKeys (ConfUtils.java:logGet(43)) - raft.server.log.queue.element-limit = 1024 (custom)
2019-08-28 19:11:46,070 [pool-159-thread-1] INFO  server.RaftServerConfigKeys (ConfUtils.java:logGet(43)) - raft.server.log.segment.size.max = 1048576 (custom)
2019-08-28 19:11:46,070 [pool-159-thread-1] INFO  server.RaftServerConfigKeys (ConfUtils.java:logGet(43)) - raft.server.log.preallocated.size = 16384 (custom)
2019-08-28 19:11:46,070 [pool-159-thread-1] INFO  server.RaftServerConfigKeys (ConfUtils.java:logGet(43)) - raft.server.log.write.buffer.size = 33554432 (custom)
2019-08-28 19:11:46,070 [pool-159-thread-1] INFO  server.RaftServerConfigKeys (ConfUtils.java:logGet(43)) - raft.server.log.force.sync.num = 128 (default)
2019-08-28 19:11:46,071 [pool-159-thread-1] INFO  server.RaftServerConfigKeys (ConfUtils.java:logGet(43)) - raft.server.log.statemachine.data.sync = true (default)
2019-08-28 19:11:46,071 [pool-159-thread-1] INFO  server.RaftServerConfigKeys (ConfUtils.java:logGet(43)) - raft.server.log.statemachine.data.sync.timeout = 10s (default)
2019-08-28 19:11:46,071 [pool-159-thread-1] INFO  server.RaftServerConfigKeys (ConfUtils.java:logGet(43)) - raft.server.log.statemachine.data.sync.timeout.retry = -1 (default)
2019-08-28 19:11:46,071 [pool-159-thread-1] INFO  server.RaftServerConfigKeys (ConfUtils.java:logGet(43)) - raft.server.log.statemachine.data.caching.enabled = true (custom)
2019-08-28 19:11:46,071 [pool-159-thread-1] INFO  segmented.SegmentedRaftLogWorker (SegmentedRaftLogWorker.java:lambda$new$0(132)) - 00414077-5234-4a26-9ed1-ac73b87b4b8e-SegmentedRaftLogWorker:Storage Directory /workdir/hadoop-ozone/integration-test/target/test-dir/MiniOzoneClusterImpl-95e23c98-e492-4cad-aeea-48d386549ca1/datanode-3/data/ratis/07c7c22e-81fb-425c-82f0-85e1f9232965: flushIndex: setUnconditionally 0 -> -1
2019-08-28 19:11:46,072 [pool-159-thread-1] INFO  server.RaftServerConfigKeys (ConfUtils.java:logGet(43)) - raft.server.snapshot.auto.trigger.enabled = true (custom)
2019-08-28 19:11:46,072 [pool-159-thread-1] INFO  server.RaftServerConfigKeys (ConfUtils.java:logGet(43)) - raft.server.snapshot.auto.trigger.threshold = 10000 (custom)
2019-08-28 19:11:46,072 [pool-159-thread-1] INFO  server.RaftServerConfigKeys (ConfUtils.java:logGet(43)) - raft.server.retrycache.expirytime = 600000ms (custom)
2019-08-28 19:11:46,072 [pool-159-thread-1] INFO  impl.RaftServerImpl (RaftServerImpl.java:start(180)) - 00414077-5234-4a26-9ed1-ac73b87b4b8e: start group-85E1F9232965
2019-08-28 19:11:46,072 [pool-159-thread-1] INFO  impl.RaftServerImpl (RaftServerImpl.java:setRole(171)) - 00414077-5234-4a26-9ed1-ac73b87b4b8e:group-85E1F9232965 changes role from null to FOLLOWER at term 0 for startAsFollower
2019-08-28 19:11:46,072 [pool-159-thread-1] INFO  impl.RoleInfo (RoleInfo.java:updateAndGet(143)) - 00414077-5234-4a26-9ed1-ac73b87b4b8e: start FollowerState
2019-08-28 19:11:46,085 [pool-159-thread-1] INFO  util.JmxRegister (JmxRegister.java:tryRegister(44)) - Successfully registered JMX Bean with object name Ratis:service=RaftServer,group=group-85E1F9232965,id=00414077-5234-4a26-9ed1-ac73b87b4b8e
2019-08-28 19:11:46,099 [RatisPipelineUtilsThread] INFO  pipeline.PipelineStateManager (PipelineStateManager.java:addPipeline(56)) - Created pipeline Pipeline[ Id: 07c7c22e-81fb-425c-82f0-85e1f9232965, Nodes: 00414077-5234-4a26-9ed1-ac73b87b4b8e{ip: 192.168.69.126, host: pr-hdds-2018-mtlbb-3651089407, networkLocation: /default-rack, certSerialId: null}, Type:RATIS, Factor:ONE, State:OPEN]
2019-08-28 19:11:46,246 [IPC Server handler 0 on 35777] INFO  net.NetworkTopology (NetworkTopologyImpl.java:add(110)) - Added a new node: /default-rack/3dbe2e87-433a-404a-bf79-c232f3c44ae6
2019-08-28 19:11:46,246 [IPC Server handler 0 on 35777] INFO  node.SCMNodeManager (SCMNodeManager.java:register(273)) - Registered Data node : 3dbe2e87-433a-404a-bf79-c232f3c44ae6{ip: 192.168.69.126, host: pr-hdds-2018-mtlbb-3651089407, networkLocation: /default-rack, certSerialId: null}
2019-08-28 19:11:46,250 | INFO  | SCMAudit | user=jenkins1000 | ip=192.168.69.126 | op=REGISTER {datanodeDetails=3dbe2e87-433a-404a-bf79-c232f3c44ae6{ip: 192.168.69.126, host: pr-hdds-2018-mtlbb-3651089407, networkLocation: /default-rack, certSerialId: null}} | ret=SUCCESS |  
2019-08-28 19:11:46,269 [grpc-default-executor-4] INFO  impl.RaftServerProxy (RaftServerProxy.java:addNew(89)) - 3dbe2e87-433a-404a-bf79-c232f3c44ae6: addNew group-9DE5B8F10279:[3dbe2e87-433a-404a-bf79-c232f3c44ae6:192.168.69.126:43291] returns group-9DE5B8F10279:java.util.concurrent.CompletableFuture@204ae0d5[Not completed]
2019-08-28 19:11:46,274 [pool-170-thread-1] INFO  impl.RaftServerImpl (RaftServerImpl.java:<init>(93)) - 3dbe2e87-433a-404a-bf79-c232f3c44ae6: new RaftServerImpl for group-9DE5B8F10279:[3dbe2e87-433a-404a-bf79-c232f3c44ae6:192.168.69.126:43291] with ContainerStateMachine:uninitialized
2019-08-28 19:11:46,274 [pool-170-thread-1] INFO  server.RaftServerConfigKeys (ConfUtils.java:logGet(43)) - raft.server.rpc.timeout.min = 5s (custom)
2019-08-28 19:11:46,274 [pool-170-thread-1] INFO  server.RaftServerConfigKeys (ConfUtils.java:logGet(43)) - raft.server.rpc.timeout.max = 5200ms (custom)
2019-08-28 19:11:46,274 [pool-170-thread-1] INFO  server.RaftServerConfigKeys (ConfUtils.java:logGet(43)) - raft.server.rpcslowness.timeout = 120s (custom)
2019-08-28 19:11:46,275 [pool-170-thread-1] INFO  server.RaftServerConfigKeys (ConfUtils.java:logGet(43)) - raft.server.sleep.deviation.threshold = 300 (default)
2019-08-28 19:11:46,275 [pool-170-thread-1] INFO  server.RaftServerConfigKeys (ConfUtils.java:logGet(43)) - raft.server.log.appender.install.snapshot.enabled = false (custom)
2019-08-28 19:11:46,275 [pool-170-thread-1] INFO  impl.RaftServerImpl (ServerState.java:<init>(105)) - 3dbe2e87-433a-404a-bf79-c232f3c44ae6:group-9DE5B8F10279 ConfigurationManager, init=-1: [3dbe2e87-433a-404a-bf79-c232f3c44ae6:192.168.69.126:43291], old=null, confs=<EMPTY_MAP>
2019-08-28 19:11:46,275 [pool-170-thread-1] INFO  server.RaftServerConfigKeys (ConfUtils.java:logGet(43)) - raft.server.storage.dir = [/workdir/hadoop-ozone/integration-test/target/test-dir/MiniOzoneClusterImpl-95e23c98-e492-4cad-aeea-48d386549ca1/datanode-4/data/ratis] (custom)
2019-08-28 19:11:46,275 [pool-170-thread-1] INFO  storage.RaftStorageDirectory (RaftStorageDirectory.java:analyzeStorage(246)) - The storage directory /workdir/hadoop-ozone/integration-test/target/test-dir/MiniOzoneClusterImpl-95e23c98-e492-4cad-aeea-48d386549ca1/datanode-4/data/ratis/131c3508-ed47-4bef-8b86-9de5b8f10279 does not exist. Creating ...
2019-08-28 19:11:46,288 [pool-170-thread-1] INFO  storage.RaftStorageDirectory (RaftStorageDirectory.java:tryLock(328)) - Lock on /workdir/hadoop-ozone/integration-test/target/test-dir/MiniOzoneClusterImpl-95e23c98-e492-4cad-aeea-48d386549ca1/datanode-4/data/ratis/131c3508-ed47-4bef-8b86-9de5b8f10279/in_use.lock acquired by nodename 28576@pr-hdds-2018-mtlbb-3651089407
2019-08-28 19:11:46,299 [pool-170-thread-1] INFO  storage.RaftStorage (RaftStorage.java:format(72)) - Storage directory /workdir/hadoop-ozone/integration-test/target/test-dir/MiniOzoneClusterImpl-95e23c98-e492-4cad-aeea-48d386549ca1/datanode-4/data/ratis/131c3508-ed47-4bef-8b86-9de5b8f10279 has been successfully formatted.
2019-08-28 19:11:46,299 [pool-170-thread-1] INFO  ratis.ContainerStateMachine (ContainerStateMachine.java:loadSnapshot(226)) - group-9DE5B8F10279: The snapshot info is null. Setting the last applied indexto:(t:0, i:~)
2019-08-28 19:11:46,299 [pool-170-thread-1] INFO  server.RaftServerConfigKeys (ConfUtils.java:logGet(43)) - raft.server.leader.election.timeout = 120s (custom)
2019-08-28 19:11:46,299 [pool-170-thread-1] INFO  server.RaftServerConfigKeys (ConfUtils.java:logGet(43)) - raft.server.log.use.memory = false (default)
2019-08-28 19:11:46,299 [pool-170-thread-1] INFO  server.RaftServerConfigKeys (ConfUtils.java:logGet(43)) - raft.server.log.purge.gap = 1000000 (custom)
2019-08-28 19:11:46,299 [pool-170-thread-1] INFO  server.RaftServerConfigKeys (ConfUtils.java:logGet(43)) - raft.server.log.appender.buffer.byte-limit = 33554432 (custom)
2019-08-28 19:11:46,300 [pool-170-thread-1] INFO  server.RaftServerConfigKeys (ConfUtils.java:logGet(43)) - raft.server.log.segment.size.max = 1048576 (custom)
2019-08-28 19:11:46,300 [pool-170-thread-1] INFO  server.RaftServerConfigKeys (ConfUtils.java:logGet(43)) - raft.server.log.segment.cache.num.max = 2 (custom)
2019-08-28 19:11:46,300 [pool-170-thread-1] INFO  segmented.SegmentedRaftLogWorker (SegmentedRaftLogWorker.java:<init>(172)) - new 3dbe2e87-433a-404a-bf79-c232f3c44ae6-SegmentedRaftLogWorker:Storage Directory /workdir/hadoop-ozone/integration-test/target/test-dir/MiniOzoneClusterImpl-95e23c98-e492-4cad-aeea-48d386549ca1/datanode-4/data/ratis/131c3508-ed47-4bef-8b86-9de5b8f10279 for RaftStorage:Storage Directory /workdir/hadoop-ozone/integration-test/target/test-dir/MiniOzoneClusterImpl-95e23c98-e492-4cad-aeea-48d386549ca1/datanode-4/data/ratis/131c3508-ed47-4bef-8b86-9de5b8f10279
2019-08-28 19:11:46,300 [pool-170-thread-1] INFO  server.RaftServerConfigKeys (ConfUtils.java:logGet(43)) - raft.server.log.queue.byte-limit = 2147483647 (custom)
2019-08-28 19:11:46,300 [pool-170-thread-1] INFO  server.RaftServerConfigKeys (ConfUtils.java:logGet(43)) - raft.server.log.queue.element-limit = 1024 (custom)
2019-08-28 19:11:46,300 [pool-170-thread-1] INFO  server.RaftServerConfigKeys (ConfUtils.java:logGet(43)) - raft.server.log.segment.size.max = 1048576 (custom)
2019-08-28 19:11:46,300 [pool-170-thread-1] INFO  server.RaftServerConfigKeys (ConfUtils.java:logGet(43)) - raft.server.log.preallocated.size = 16384 (custom)
2019-08-28 19:11:46,301 [pool-170-thread-1] INFO  server.RaftServerConfigKeys (ConfUtils.java:logGet(43)) - raft.server.log.write.buffer.size = 33554432 (custom)
2019-08-28 19:11:46,301 [pool-170-thread-1] INFO  server.RaftServerConfigKeys (ConfUtils.java:logGet(43)) - raft.server.log.force.sync.num = 128 (default)
2019-08-28 19:11:46,301 [pool-170-thread-1] INFO  server.RaftServerConfigKeys (ConfUtils.java:logGet(43)) - raft.server.log.statemachine.data.sync = true (default)
2019-08-28 19:11:46,301 [pool-170-thread-1] INFO  server.RaftServerConfigKeys (ConfUtils.java:logGet(43)) - raft.server.log.statemachine.data.sync.timeout = 10s (default)
2019-08-28 19:11:46,301 [pool-170-thread-1] INFO  server.RaftServerConfigKeys (ConfUtils.java:logGet(43)) - raft.server.log.statemachine.data.sync.timeout.retry = -1 (default)
2019-08-28 19:11:46,301 [pool-170-thread-1] INFO  server.RaftServerConfigKeys (ConfUtils.java:logGet(43)) - raft.server.log.statemachine.data.caching.enabled = true (custom)
2019-08-28 19:11:46,301 [pool-170-thread-1] INFO  segmented.SegmentedRaftLogWorker (SegmentedRaftLogWorker.java:lambda$new$0(132)) - 3dbe2e87-433a-404a-bf79-c232f3c44ae6-SegmentedRaftLogWorker:Storage Directory /workdir/hadoop-ozone/integration-test/target/test-dir/MiniOzoneClusterImpl-95e23c98-e492-4cad-aeea-48d386549ca1/datanode-4/data/ratis/131c3508-ed47-4bef-8b86-9de5b8f10279: flushIndex: setUnconditionally 0 -> -1
2019-08-28 19:11:46,302 [pool-170-thread-1] INFO  server.RaftServerConfigKeys (ConfUtils.java:logGet(43)) - raft.server.snapshot.auto.trigger.enabled = true (custom)
2019-08-28 19:11:46,302 [pool-170-thread-1] INFO  server.RaftServerConfigKeys (ConfUtils.java:logGet(43)) - raft.server.snapshot.auto.trigger.threshold = 10000 (custom)
2019-08-28 19:11:46,302 [pool-170-thread-1] INFO  server.RaftServerConfigKeys (ConfUtils.java:logGet(43)) - raft.server.retrycache.expirytime = 600000ms (custom)
2019-08-28 19:11:46,302 [pool-170-thread-1] INFO  impl.RaftServerImpl (RaftServerImpl.java:start(180)) - 3dbe2e87-433a-404a-bf79-c232f3c44ae6: start group-9DE5B8F10279
2019-08-28 19:11:46,302 [pool-170-thread-1] INFO  impl.RaftServerImpl (RaftServerImpl.java:setRole(171)) - 3dbe2e87-433a-404a-bf79-c232f3c44ae6:group-9DE5B8F10279 changes role from null to FOLLOWER at term 0 for startAsFollower
2019-08-28 19:11:46,302 [pool-170-thread-1] INFO  impl.RoleInfo (RoleInfo.java:updateAndGet(143)) - 3dbe2e87-433a-404a-bf79-c232f3c44ae6: start FollowerState
2019-08-28 19:11:46,303 [pool-170-thread-1] INFO  util.JmxRegister (JmxRegister.java:tryRegister(44)) - Successfully registered JMX Bean with object name Ratis:service=RaftServer,group=group-9DE5B8F10279,id=3dbe2e87-433a-404a-bf79-c232f3c44ae6
2019-08-28 19:11:46,311 [RatisPipelineUtilsThread] INFO  pipeline.PipelineStateManager (PipelineStateManager.java:addPipeline(56)) - Created pipeline Pipeline[ Id: 131c3508-ed47-4bef-8b86-9de5b8f10279, Nodes: 3dbe2e87-433a-404a-bf79-c232f3c44ae6{ip: 192.168.69.126, host: pr-hdds-2018-mtlbb-3651089407, networkLocation: /default-rack, certSerialId: null}, Type:RATIS, Factor:ONE, State:OPEN]
2019-08-28 19:11:46,441 [IPC Server handler 5 on 35777] INFO  net.NetworkTopology (NetworkTopologyImpl.java:add(110)) - Added a new node: /default-rack/65661374-e9ce-4ca4-abba-b6075fbab1cd
2019-08-28 19:11:46,442 [IPC Server handler 5 on 35777] INFO  node.SCMNodeManager (SCMNodeManager.java:register(273)) - Registered Data node : 65661374-e9ce-4ca4-abba-b6075fbab1cd{ip: 192.168.69.126, host: pr-hdds-2018-mtlbb-3651089407, networkLocation: /default-rack, certSerialId: null}
2019-08-28 19:11:46,442 | INFO  | SCMAudit | user=jenkins1000 | ip=192.168.69.126 | op=REGISTER {datanodeDetails=65661374-e9ce-4ca4-abba-b6075fbab1cd{ip: 192.168.69.126, host: pr-hdds-2018-mtlbb-3651089407, networkLocation: /default-rack, certSerialId: null}} | ret=SUCCESS |  
2019-08-28 19:11:46,456 [grpc-default-executor-4] INFO  impl.RaftServerProxy (RaftServerProxy.java:addNew(89)) - 65661374-e9ce-4ca4-abba-b6075fbab1cd: addNew group-89979905D9A5:[65661374-e9ce-4ca4-abba-b6075fbab1cd:192.168.69.126:45215] returns group-89979905D9A5:java.util.concurrent.CompletableFuture@39d43163[Not completed]
2019-08-28 19:11:46,461 [pool-181-thread-1] INFO  impl.RaftServerImpl (RaftServerImpl.java:<init>(93)) - 65661374-e9ce-4ca4-abba-b6075fbab1cd: new RaftServerImpl for group-89979905D9A5:[65661374-e9ce-4ca4-abba-b6075fbab1cd:192.168.69.126:45215] with ContainerStateMachine:uninitialized
2019-08-28 19:11:46,461 [pool-181-thread-1] INFO  server.RaftServerConfigKeys (ConfUtils.java:logGet(43)) - raft.server.rpc.timeout.min = 5s (custom)
2019-08-28 19:11:46,461 [pool-181-thread-1] INFO  server.RaftServerConfigKeys (ConfUtils.java:logGet(43)) - raft.server.rpc.timeout.max = 5200ms (custom)
2019-08-28 19:11:46,461 [pool-181-thread-1] INFO  server.RaftServerConfigKeys (ConfUtils.java:logGet(43)) - raft.server.rpcslowness.timeout = 120s (custom)
2019-08-28 19:11:46,461 [pool-181-thread-1] INFO  server.RaftServerConfigKeys (ConfUtils.java:logGet(43)) - raft.server.sleep.deviation.threshold = 300 (default)
2019-08-28 19:11:46,461 [pool-181-thread-1] INFO  server.RaftServerConfigKeys (ConfUtils.java:logGet(43)) - raft.server.log.appender.install.snapshot.enabled = false (custom)
2019-08-28 19:11:46,461 [pool-181-thread-1] INFO  impl.RaftServerImpl (ServerState.java:<init>(105)) - 65661374-e9ce-4ca4-abba-b6075fbab1cd:group-89979905D9A5 ConfigurationManager, init=-1: [65661374-e9ce-4ca4-abba-b6075fbab1cd:192.168.69.126:45215], old=null, confs=<EMPTY_MAP>
2019-08-28 19:11:46,462 [pool-181-thread-1] INFO  server.RaftServerConfigKeys (ConfUtils.java:logGet(43)) - raft.server.storage.dir = [/workdir/hadoop-ozone/integration-test/target/test-dir/MiniOzoneClusterImpl-95e23c98-e492-4cad-aeea-48d386549ca1/datanode-5/data/ratis] (custom)
2019-08-28 19:11:46,462 [pool-181-thread-1] INFO  storage.RaftStorageDirectory (RaftStorageDirectory.java:analyzeStorage(246)) - The storage directory /workdir/hadoop-ozone/integration-test/target/test-dir/MiniOzoneClusterImpl-95e23c98-e492-4cad-aeea-48d386549ca1/datanode-5/data/ratis/054d9b49-db31-4100-a823-89979905d9a5 does not exist. Creating ...
2019-08-28 19:11:46,475 [pool-181-thread-1] INFO  storage.RaftStorageDirectory (RaftStorageDirectory.java:tryLock(328)) - Lock on /workdir/hadoop-ozone/integration-test/target/test-dir/MiniOzoneClusterImpl-95e23c98-e492-4cad-aeea-48d386549ca1/datanode-5/data/ratis/054d9b49-db31-4100-a823-89979905d9a5/in_use.lock acquired by nodename 28576@pr-hdds-2018-mtlbb-3651089407
2019-08-28 19:11:46,488 [pool-181-thread-1] INFO  storage.RaftStorage (RaftStorage.java:format(72)) - Storage directory /workdir/hadoop-ozone/integration-test/target/test-dir/MiniOzoneClusterImpl-95e23c98-e492-4cad-aeea-48d386549ca1/datanode-5/data/ratis/054d9b49-db31-4100-a823-89979905d9a5 has been successfully formatted.
2019-08-28 19:11:46,489 [pool-181-thread-1] INFO  ratis.ContainerStateMachine (ContainerStateMachine.java:loadSnapshot(226)) - group-89979905D9A5: The snapshot info is null. Setting the last applied indexto:(t:0, i:~)
2019-08-28 19:11:46,489 [pool-181-thread-1] INFO  server.RaftServerConfigKeys (ConfUtils.java:logGet(43)) - raft.server.leader.election.timeout = 120s (custom)
2019-08-28 19:11:46,489 [pool-181-thread-1] INFO  server.RaftServerConfigKeys (ConfUtils.java:logGet(43)) - raft.server.log.use.memory = false (default)
2019-08-28 19:11:46,489 [pool-181-thread-1] INFO  server.RaftServerConfigKeys (ConfUtils.java:logGet(43)) - raft.server.log.purge.gap = 1000000 (custom)
2019-08-28 19:11:46,490 [pool-181-thread-1] INFO  server.RaftServerConfigKeys (ConfUtils.java:logGet(43)) - raft.server.log.appender.buffer.byte-limit = 33554432 (custom)
2019-08-28 19:11:46,490 [pool-181-thread-1] INFO  server.RaftServerConfigKeys (ConfUtils.java:logGet(43)) - raft.server.log.segment.size.max = 1048576 (custom)
2019-08-28 19:11:46,490 [pool-181-thread-1] INFO  server.RaftServerConfigKeys (ConfUtils.java:logGet(43)) - raft.server.log.segment.cache.num.max = 2 (custom)
2019-08-28 19:11:46,490 [pool-181-thread-1] INFO  segmented.SegmentedRaftLogWorker (SegmentedRaftLogWorker.java:<init>(172)) - new 65661374-e9ce-4ca4-abba-b6075fbab1cd-SegmentedRaftLogWorker:Storage Directory /workdir/hadoop-ozone/integration-test/target/test-dir/MiniOzoneClusterImpl-95e23c98-e492-4cad-aeea-48d386549ca1/datanode-5/data/ratis/054d9b49-db31-4100-a823-89979905d9a5 for RaftStorage:Storage Directory /workdir/hadoop-ozone/integration-test/target/test-dir/MiniOzoneClusterImpl-95e23c98-e492-4cad-aeea-48d386549ca1/datanode-5/data/ratis/054d9b49-db31-4100-a823-89979905d9a5
2019-08-28 19:11:46,490 [pool-181-thread-1] INFO  server.RaftServerConfigKeys (ConfUtils.java:logGet(43)) - raft.server.log.queue.byte-limit = 2147483647 (custom)
2019-08-28 19:11:46,491 [pool-181-thread-1] INFO  server.RaftServerConfigKeys (ConfUtils.java:logGet(43)) - raft.server.log.queue.element-limit = 1024 (custom)
2019-08-28 19:11:46,491 [pool-181-thread-1] INFO  server.RaftServerConfigKeys (ConfUtils.java:logGet(43)) - raft.server.log.segment.size.max = 1048576 (custom)
2019-08-28 19:11:46,491 [pool-181-thread-1] INFO  server.RaftServerConfigKeys (ConfUtils.java:logGet(43)) - raft.server.log.preallocated.size = 16384 (custom)
2019-08-28 19:11:46,491 [pool-181-thread-1] INFO  server.RaftServerConfigKeys (ConfUtils.java:logGet(43)) - raft.server.log.write.buffer.size = 33554432 (custom)
2019-08-28 19:11:46,491 [pool-181-thread-1] INFO  server.RaftServerConfigKeys (ConfUtils.java:logGet(43)) - raft.server.log.force.sync.num = 128 (default)
2019-08-28 19:11:46,492 [pool-181-thread-1] INFO  server.RaftServerConfigKeys (ConfUtils.java:logGet(43)) - raft.server.log.statemachine.data.sync = true (default)
2019-08-28 19:11:46,492 [pool-181-thread-1] INFO  server.RaftServerConfigKeys (ConfUtils.java:logGet(43)) - raft.server.log.statemachine.data.sync.timeout = 10s (default)
2019-08-28 19:11:46,492 [pool-181-thread-1] INFO  server.RaftServerConfigKeys (ConfUtils.java:logGet(43)) - raft.server.log.statemachine.data.sync.timeout.retry = -1 (default)
2019-08-28 19:11:46,492 [pool-181-thread-1] INFO  server.RaftServerConfigKeys (ConfUtils.java:logGet(43)) - raft.server.log.statemachine.data.caching.enabled = true (custom)
2019-08-28 19:11:46,493 [pool-181-thread-1] INFO  segmented.SegmentedRaftLogWorker (SegmentedRaftLogWorker.java:lambda$new$0(132)) - 65661374-e9ce-4ca4-abba-b6075fbab1cd-SegmentedRaftLogWorker:Storage Directory /workdir/hadoop-ozone/integration-test/target/test-dir/MiniOzoneClusterImpl-95e23c98-e492-4cad-aeea-48d386549ca1/datanode-5/data/ratis/054d9b49-db31-4100-a823-89979905d9a5: flushIndex: setUnconditionally 0 -> -1
2019-08-28 19:11:46,493 [pool-181-thread-1] INFO  server.RaftServerConfigKeys (ConfUtils.java:logGet(43)) - raft.server.snapshot.auto.trigger.enabled = true (custom)
2019-08-28 19:11:46,493 [pool-181-thread-1] INFO  server.RaftServerConfigKeys (ConfUtils.java:logGet(43)) - raft.server.snapshot.auto.trigger.threshold = 10000 (custom)
2019-08-28 19:11:46,494 [pool-181-thread-1] INFO  server.RaftServerConfigKeys (ConfUtils.java:logGet(43)) - raft.server.retrycache.expirytime = 600000ms (custom)
2019-08-28 19:11:46,494 [pool-181-thread-1] INFO  impl.RaftServerImpl (RaftServerImpl.java:start(180)) - 65661374-e9ce-4ca4-abba-b6075fbab1cd: start group-89979905D9A5
2019-08-28 19:11:46,494 [pool-181-thread-1] INFO  impl.RaftServerImpl (RaftServerImpl.java:setRole(171)) - 65661374-e9ce-4ca4-abba-b6075fbab1cd:group-89979905D9A5 changes role from null to FOLLOWER at term 0 for startAsFollower
2019-08-28 19:11:46,494 [pool-181-thread-1] INFO  impl.RoleInfo (RoleInfo.java:updateAndGet(143)) - 65661374-e9ce-4ca4-abba-b6075fbab1cd: start FollowerState
2019-08-28 19:11:46,495 [pool-181-thread-1] INFO  util.JmxRegister (JmxRegister.java:tryRegister(44)) - Successfully registered JMX Bean with object name Ratis:service=RaftServer,group=group-89979905D9A5,id=65661374-e9ce-4ca4-abba-b6075fbab1cd
2019-08-28 19:11:46,500 [RatisPipelineUtilsThread] INFO  pipeline.PipelineStateManager (PipelineStateManager.java:addPipeline(56)) - Created pipeline Pipeline[ Id: 054d9b49-db31-4100-a823-89979905d9a5, Nodes: 65661374-e9ce-4ca4-abba-b6075fbab1cd{ip: 192.168.69.126, host: pr-hdds-2018-mtlbb-3651089407, networkLocation: /default-rack, certSerialId: null}, Type:RATIS, Factor:ONE, State:OPEN]
2019-08-28 19:11:46,520 [grpc-default-executor-1] INFO  impl.RaftServerProxy (RaftServerProxy.java:addNew(89)) - 3dbe2e87-433a-404a-bf79-c232f3c44ae6: addNew group-B8786E2822C3:[3dbe2e87-433a-404a-bf79-c232f3c44ae6:192.168.69.126:43291, 65661374-e9ce-4ca4-abba-b6075fbab1cd:192.168.69.126:45215, 00414077-5234-4a26-9ed1-ac73b87b4b8e:192.168.69.126:40831] returns group-B8786E2822C3:java.util.concurrent.CompletableFuture@791c2c19[Not completed]
2019-08-28 19:11:46,520 [grpc-default-executor-4] INFO  impl.RaftServerProxy (RaftServerProxy.java:addNew(89)) - 65661374-e9ce-4ca4-abba-b6075fbab1cd: addNew group-B8786E2822C3:[3dbe2e87-433a-404a-bf79-c232f3c44ae6:192.168.69.126:43291, 65661374-e9ce-4ca4-abba-b6075fbab1cd:192.168.69.126:45215, 00414077-5234-4a26-9ed1-ac73b87b4b8e:192.168.69.126:40831] returns group-B8786E2822C3:java.util.concurrent.CompletableFuture@191f5ef6[Not completed]
2019-08-28 19:11:46,520 [grpc-default-executor-3] INFO  impl.RaftServerProxy (RaftServerProxy.java:addNew(89)) - 00414077-5234-4a26-9ed1-ac73b87b4b8e: addNew group-B8786E2822C3:[3dbe2e87-433a-404a-bf79-c232f3c44ae6:192.168.69.126:43291, 65661374-e9ce-4ca4-abba-b6075fbab1cd:192.168.69.126:45215, 00414077-5234-4a26-9ed1-ac73b87b4b8e:192.168.69.126:40831] returns group-B8786E2822C3:java.util.concurrent.CompletableFuture@23bba860[Not completed]
2019-08-28 19:11:46,522 [pool-170-thread-1] INFO  impl.RaftServerImpl (RaftServerImpl.java:<init>(93)) - 3dbe2e87-433a-404a-bf79-c232f3c44ae6: new RaftServerImpl for group-B8786E2822C3:[3dbe2e87-433a-404a-bf79-c232f3c44ae6:192.168.69.126:43291, 65661374-e9ce-4ca4-abba-b6075fbab1cd:192.168.69.126:45215, 00414077-5234-4a26-9ed1-ac73b87b4b8e:192.168.69.126:40831] with ContainerStateMachine:uninitialized
2019-08-28 19:11:46,522 [pool-170-thread-1] INFO  server.RaftServerConfigKeys (ConfUtils.java:logGet(43)) - raft.server.rpc.timeout.min = 5s (custom)
2019-08-28 19:11:46,522 [pool-170-thread-1] INFO  server.RaftServerConfigKeys (ConfUtils.java:logGet(43)) - raft.server.rpc.timeout.max = 5200ms (custom)
2019-08-28 19:11:46,522 [pool-170-thread-1] INFO  server.RaftServerConfigKeys (ConfUtils.java:logGet(43)) - raft.server.rpcslowness.timeout = 120s (custom)
2019-08-28 19:11:46,522 [pool-170-thread-1] INFO  server.RaftServerConfigKeys (ConfUtils.java:logGet(43)) - raft.server.sleep.deviation.threshold = 300 (default)
2019-08-28 19:11:46,522 [pool-170-thread-1] INFO  server.RaftServerConfigKeys (ConfUtils.java:logGet(43)) - raft.server.log.appender.install.snapshot.enabled = false (custom)
2019-08-28 19:11:46,522 [pool-170-thread-1] INFO  impl.RaftServerImpl (ServerState.java:<init>(105)) - 3dbe2e87-433a-404a-bf79-c232f3c44ae6:group-B8786E2822C3 ConfigurationManager, init=-1: [3dbe2e87-433a-404a-bf79-c232f3c44ae6:192.168.69.126:43291, 65661374-e9ce-4ca4-abba-b6075fbab1cd:192.168.69.126:45215, 00414077-5234-4a26-9ed1-ac73b87b4b8e:192.168.69.126:40831], old=null, confs=<EMPTY_MAP>
2019-08-28 19:11:46,522 [pool-181-thread-1] INFO  impl.RaftServerImpl (RaftServerImpl.java:<init>(93)) - 65661374-e9ce-4ca4-abba-b6075fbab1cd: new RaftServerImpl for group-B8786E2822C3:[3dbe2e87-433a-404a-bf79-c232f3c44ae6:192.168.69.126:43291, 65661374-e9ce-4ca4-abba-b6075fbab1cd:192.168.69.126:45215, 00414077-5234-4a26-9ed1-ac73b87b4b8e:192.168.69.126:40831] with ContainerStateMachine:uninitialized
2019-08-28 19:11:46,523 [pool-170-thread-1] INFO  server.RaftServerConfigKeys (ConfUtils.java:logGet(43)) - raft.server.storage.dir = [/workdir/hadoop-ozone/integration-test/target/test-dir/MiniOzoneClusterImpl-95e23c98-e492-4cad-aeea-48d386549ca1/datanode-4/data/ratis] (custom)
2019-08-28 19:11:46,523 [pool-181-thread-1] INFO  server.RaftServerConfigKeys (ConfUtils.java:logGet(43)) - raft.server.rpc.timeout.min = 5s (custom)
2019-08-28 19:11:46,523 [pool-181-thread-1] INFO  server.RaftServerConfigKeys (ConfUtils.java:logGet(43)) - raft.server.rpc.timeout.max = 5200ms (custom)
2019-08-28 19:11:46,523 [pool-170-thread-1] INFO  storage.RaftStorageDirectory (RaftStorageDirectory.java:analyzeStorage(246)) - The storage directory /workdir/hadoop-ozone/integration-test/target/test-dir/MiniOzoneClusterImpl-95e23c98-e492-4cad-aeea-48d386549ca1/datanode-4/data/ratis/0d330cf5-5e6a-4990-8f18-b8786e2822c3 does not exist. Creating ...
2019-08-28 19:11:46,523 [pool-181-thread-1] INFO  server.RaftServerConfigKeys (ConfUtils.java:logGet(43)) - raft.server.rpcslowness.timeout = 120s (custom)
2019-08-28 19:11:46,523 [pool-159-thread-1] INFO  impl.RaftServerImpl (RaftServerImpl.java:<init>(93)) - 00414077-5234-4a26-9ed1-ac73b87b4b8e: new RaftServerImpl for group-B8786E2822C3:[3dbe2e87-433a-404a-bf79-c232f3c44ae6:192.168.69.126:43291, 65661374-e9ce-4ca4-abba-b6075fbab1cd:192.168.69.126:45215, 00414077-5234-4a26-9ed1-ac73b87b4b8e:192.168.69.126:40831] with ContainerStateMachine:uninitialized
2019-08-28 19:11:46,524 [pool-181-thread-1] INFO  server.RaftServerConfigKeys (ConfUtils.java:logGet(43)) - raft.server.sleep.deviation.threshold = 300 (default)
2019-08-28 19:11:46,524 [pool-159-thread-1] INFO  server.RaftServerConfigKeys (ConfUtils.java:logGet(43)) - raft.server.rpc.timeout.min = 5s (custom)
2019-08-28 19:11:46,524 [pool-181-thread-1] INFO  server.RaftServerConfigKeys (ConfUtils.java:logGet(43)) - raft.server.log.appender.install.snapshot.enabled = false (custom)
2019-08-28 19:11:46,524 [pool-159-thread-1] INFO  server.RaftServerConfigKeys (ConfUtils.java:logGet(43)) - raft.server.rpc.timeout.max = 5200ms (custom)
2019-08-28 19:11:46,524 [pool-181-thread-1] INFO  impl.RaftServerImpl (ServerState.java:<init>(105)) - 65661374-e9ce-4ca4-abba-b6075fbab1cd:group-B8786E2822C3 ConfigurationManager, init=-1: [3dbe2e87-433a-404a-bf79-c232f3c44ae6:192.168.69.126:43291, 65661374-e9ce-4ca4-abba-b6075fbab1cd:192.168.69.126:45215, 00414077-5234-4a26-9ed1-ac73b87b4b8e:192.168.69.126:40831], old=null, confs=<EMPTY_MAP>
2019-08-28 19:11:46,524 [pool-159-thread-1] INFO  server.RaftServerConfigKeys (ConfUtils.java:logGet(43)) - raft.server.rpcslowness.timeout = 120s (custom)
2019-08-28 19:11:46,525 [pool-181-thread-1] INFO  server.RaftServerConfigKeys (ConfUtils.java:logGet(43)) - raft.server.storage.dir = [/workdir/hadoop-ozone/integration-test/target/test-dir/MiniOzoneClusterImpl-95e23c98-e492-4cad-aeea-48d386549ca1/datanode-5/data/ratis] (custom)
2019-08-28 19:11:46,525 [pool-159-thread-1] INFO  server.RaftServerConfigKeys (ConfUtils.java:logGet(43)) - raft.server.sleep.deviation.threshold = 300 (default)
2019-08-28 19:11:46,525 [pool-159-thread-1] INFO  server.RaftServerConfigKeys (ConfUtils.java:logGet(43)) - raft.server.log.appender.install.snapshot.enabled = false (custom)
2019-08-28 19:11:46,525 [pool-181-thread-1] INFO  storage.RaftStorageDirectory (RaftStorageDirectory.java:analyzeStorage(246)) - The storage directory /workdir/hadoop-ozone/integration-test/target/test-dir/MiniOzoneClusterImpl-95e23c98-e492-4cad-aeea-48d386549ca1/datanode-5/data/ratis/0d330cf5-5e6a-4990-8f18-b8786e2822c3 does not exist. Creating ...
2019-08-28 19:11:46,525 [pool-159-thread-1] INFO  impl.RaftServerImpl (ServerState.java:<init>(105)) - 00414077-5234-4a26-9ed1-ac73b87b4b8e:group-B8786E2822C3 ConfigurationManager, init=-1: [3dbe2e87-433a-404a-bf79-c232f3c44ae6:192.168.69.126:43291, 65661374-e9ce-4ca4-abba-b6075fbab1cd:192.168.69.126:45215, 00414077-5234-4a26-9ed1-ac73b87b4b8e:192.168.69.126:40831], old=null, confs=<EMPTY_MAP>
2019-08-28 19:11:46,525 [pool-159-thread-1] INFO  server.RaftServerConfigKeys (ConfUtils.java:logGet(43)) - raft.server.storage.dir = [/workdir/hadoop-ozone/integration-test/target/test-dir/MiniOzoneClusterImpl-95e23c98-e492-4cad-aeea-48d386549ca1/datanode-3/data/ratis] (custom)
2019-08-28 19:11:46,526 [pool-159-thread-1] INFO  storage.RaftStorageDirectory (RaftStorageDirectory.java:analyzeStorage(246)) - The storage directory /workdir/hadoop-ozone/integration-test/target/test-dir/MiniOzoneClusterImpl-95e23c98-e492-4cad-aeea-48d386549ca1/datanode-3/data/ratis/0d330cf5-5e6a-4990-8f18-b8786e2822c3 does not exist. Creating ...
2019-08-28 19:11:46,536 [pool-170-thread-1] INFO  storage.RaftStorageDirectory (RaftStorageDirectory.java:tryLock(328)) - Lock on /workdir/hadoop-ozone/integration-test/target/test-dir/MiniOzoneClusterImpl-95e23c98-e492-4cad-aeea-48d386549ca1/datanode-4/data/ratis/0d330cf5-5e6a-4990-8f18-b8786e2822c3/in_use.lock acquired by nodename 28576@pr-hdds-2018-mtlbb-3651089407
2019-08-28 19:11:46,550 [pool-181-thread-1] INFO  storage.RaftStorageDirectory (RaftStorageDirectory.java:tryLock(328)) - Lock on /workdir/hadoop-ozone/integration-test/target/test-dir/MiniOzoneClusterImpl-95e23c98-e492-4cad-aeea-48d386549ca1/datanode-5/data/ratis/0d330cf5-5e6a-4990-8f18-b8786e2822c3/in_use.lock acquired by nodename 28576@pr-hdds-2018-mtlbb-3651089407
2019-08-28 19:11:46,550 [pool-159-thread-1] INFO  storage.RaftStorageDirectory (RaftStorageDirectory.java:tryLock(328)) - Lock on /workdir/hadoop-ozone/integration-test/target/test-dir/MiniOzoneClusterImpl-95e23c98-e492-4cad-aeea-48d386549ca1/datanode-3/data/ratis/0d330cf5-5e6a-4990-8f18-b8786e2822c3/in_use.lock acquired by nodename 28576@pr-hdds-2018-mtlbb-3651089407
2019-08-28 19:11:46,551 [pool-170-thread-1] INFO  storage.RaftStorage (RaftStorage.java:format(72)) - Storage directory /workdir/hadoop-ozone/integration-test/target/test-dir/MiniOzoneClusterImpl-95e23c98-e492-4cad-aeea-48d386549ca1/datanode-4/data/ratis/0d330cf5-5e6a-4990-8f18-b8786e2822c3 has been successfully formatted.
2019-08-28 19:11:46,552 [pool-170-thread-1] INFO  ratis.ContainerStateMachine (ContainerStateMachine.java:loadSnapshot(226)) - group-B8786E2822C3: The snapshot info is null. Setting the last applied indexto:(t:0, i:~)
2019-08-28 19:11:46,552 [pool-170-thread-1] INFO  server.RaftServerConfigKeys (ConfUtils.java:logGet(43)) - raft.server.leader.election.timeout = 120s (custom)
2019-08-28 19:11:46,552 [pool-170-thread-1] INFO  server.RaftServerConfigKeys (ConfUtils.java:logGet(43)) - raft.server.log.use.memory = false (default)
2019-08-28 19:11:46,552 [pool-170-thread-1] INFO  server.RaftServerConfigKeys (ConfUtils.java:logGet(43)) - raft.server.log.purge.gap = 1000000 (custom)
2019-08-28 19:11:46,552 [pool-170-thread-1] INFO  server.RaftServerConfigKeys (ConfUtils.java:logGet(43)) - raft.server.log.appender.buffer.byte-limit = 33554432 (custom)
2019-08-28 19:11:46,552 [pool-170-thread-1] INFO  server.RaftServerConfigKeys (ConfUtils.java:logGet(43)) - raft.server.log.segment.size.max = 1048576 (custom)
2019-08-28 19:11:46,552 [pool-170-thread-1] INFO  server.RaftServerConfigKeys (ConfUtils.java:logGet(43)) - raft.server.log.segment.cache.num.max = 2 (custom)
2019-08-28 19:11:46,553 [pool-170-thread-1] INFO  segmented.SegmentedRaftLogWorker (SegmentedRaftLogWorker.java:<init>(172)) - new 3dbe2e87-433a-404a-bf79-c232f3c44ae6-SegmentedRaftLogWorker:Storage Directory /workdir/hadoop-ozone/integration-test/target/test-dir/MiniOzoneClusterImpl-95e23c98-e492-4cad-aeea-48d386549ca1/datanode-4/data/ratis/0d330cf5-5e6a-4990-8f18-b8786e2822c3 for RaftStorage:Storage Directory /workdir/hadoop-ozone/integration-test/target/test-dir/MiniOzoneClusterImpl-95e23c98-e492-4cad-aeea-48d386549ca1/datanode-4/data/ratis/0d330cf5-5e6a-4990-8f18-b8786e2822c3
2019-08-28 19:11:46,553 [pool-170-thread-1] INFO  server.RaftServerConfigKeys (ConfUtils.java:logGet(43)) - raft.server.log.queue.byte-limit = 2147483647 (custom)
2019-08-28 19:11:46,553 [pool-170-thread-1] INFO  server.RaftServerConfigKeys (ConfUtils.java:logGet(43)) - raft.server.log.queue.element-limit = 1024 (custom)
2019-08-28 19:11:46,553 [pool-170-thread-1] INFO  server.RaftServerConfigKeys (ConfUtils.java:logGet(43)) - raft.server.log.segment.size.max = 1048576 (custom)
2019-08-28 19:11:46,553 [pool-170-thread-1] INFO  server.RaftServerConfigKeys (ConfUtils.java:logGet(43)) - raft.server.log.preallocated.size = 16384 (custom)
2019-08-28 19:11:46,553 [pool-170-thread-1] INFO  server.RaftServerConfigKeys (ConfUtils.java:logGet(43)) - raft.server.log.write.buffer.size = 33554432 (custom)
2019-08-28 19:11:46,553 [pool-170-thread-1] INFO  server.RaftServerConfigKeys (ConfUtils.java:logGet(43)) - raft.server.log.force.sync.num = 128 (default)
2019-08-28 19:11:46,553 [pool-170-thread-1] INFO  server.RaftServerConfigKeys (ConfUtils.java:logGet(43)) - raft.server.log.statemachine.data.sync = true (default)
2019-08-28 19:11:46,553 [pool-170-thread-1] INFO  server.RaftServerConfigKeys (ConfUtils.java:logGet(43)) - raft.server.log.statemachine.data.sync.timeout = 10s (default)
2019-08-28 19:11:46,553 [pool-170-thread-1] INFO  server.RaftServerConfigKeys (ConfUtils.java:logGet(43)) - raft.server.log.statemachine.data.sync.timeout.retry = -1 (default)
2019-08-28 19:11:46,554 [pool-170-thread-1] INFO  server.RaftServerConfigKeys (ConfUtils.java:logGet(43)) - raft.server.log.statemachine.data.caching.enabled = true (custom)
2019-08-28 19:11:46,554 [pool-170-thread-1] INFO  segmented.SegmentedRaftLogWorker (SegmentedRaftLogWorker.java:lambda$new$0(132)) - 3dbe2e87-433a-404a-bf79-c232f3c44ae6-SegmentedRaftLogWorker:Storage Directory /workdir/hadoop-ozone/integration-test/target/test-dir/MiniOzoneClusterImpl-95e23c98-e492-4cad-aeea-48d386549ca1/datanode-4/data/ratis/0d330cf5-5e6a-4990-8f18-b8786e2822c3: flushIndex: setUnconditionally 0 -> -1
2019-08-28 19:11:46,554 [pool-170-thread-1] INFO  server.RaftServerConfigKeys (ConfUtils.java:logGet(43)) - raft.server.snapshot.auto.trigger.enabled = true (custom)
2019-08-28 19:11:46,554 [pool-170-thread-1] INFO  server.RaftServerConfigKeys (ConfUtils.java:logGet(43)) - raft.server.snapshot.auto.trigger.threshold = 10000 (custom)
2019-08-28 19:11:46,554 [pool-170-thread-1] INFO  server.RaftServerConfigKeys (ConfUtils.java:logGet(43)) - raft.server.retrycache.expirytime = 600000ms (custom)
2019-08-28 19:11:46,555 [pool-170-thread-1] INFO  impl.RaftServerImpl (RaftServerImpl.java:start(180)) - 3dbe2e87-433a-404a-bf79-c232f3c44ae6: start group-B8786E2822C3
2019-08-28 19:11:46,555 [pool-170-thread-1] INFO  impl.RaftServerImpl (RaftServerImpl.java:setRole(171)) - 3dbe2e87-433a-404a-bf79-c232f3c44ae6:group-B8786E2822C3 changes role from null to FOLLOWER at term 0 for startAsFollower
2019-08-28 19:11:46,555 [pool-170-thread-1] INFO  impl.RoleInfo (RoleInfo.java:updateAndGet(143)) - 3dbe2e87-433a-404a-bf79-c232f3c44ae6: start FollowerState
2019-08-28 19:11:46,555 [pool-170-thread-1] INFO  util.JmxRegister (JmxRegister.java:tryRegister(44)) - Successfully registered JMX Bean with object name Ratis:service=RaftServer,group=group-B8786E2822C3,id=3dbe2e87-433a-404a-bf79-c232f3c44ae6
2019-08-28 19:11:46,571 [pool-159-thread-1] INFO  storage.RaftStorage (RaftStorage.java:format(72)) - Storage directory /workdir/hadoop-ozone/integration-test/target/test-dir/MiniOzoneClusterImpl-95e23c98-e492-4cad-aeea-48d386549ca1/datanode-3/data/ratis/0d330cf5-5e6a-4990-8f18-b8786e2822c3 has been successfully formatted.
2019-08-28 19:11:46,571 [pool-181-thread-1] INFO  storage.RaftStorage (RaftStorage.java:format(72)) - Storage directory /workdir/hadoop-ozone/integration-test/target/test-dir/MiniOzoneClusterImpl-95e23c98-e492-4cad-aeea-48d386549ca1/datanode-5/data/ratis/0d330cf5-5e6a-4990-8f18-b8786e2822c3 has been successfully formatted.
2019-08-28 19:11:46,571 [pool-159-thread-1] INFO  ratis.ContainerStateMachine (ContainerStateMachine.java:loadSnapshot(226)) - group-B8786E2822C3: The snapshot info is null. Setting the last applied indexto:(t:0, i:~)
2019-08-28 19:11:46,571 [pool-181-thread-1] INFO  ratis.ContainerStateMachine (ContainerStateMachine.java:loadSnapshot(226)) - group-B8786E2822C3: The snapshot info is null. Setting the last applied indexto:(t:0, i:~)
2019-08-28 19:11:46,571 [pool-159-thread-1] INFO  server.RaftServerConfigKeys (ConfUtils.java:logGet(43)) - raft.server.leader.election.timeout = 120s (custom)
2019-08-28 19:11:46,571 [pool-181-thread-1] INFO  server.RaftServerConfigKeys (ConfUtils.java:logGet(43)) - raft.server.leader.election.timeout = 120s (custom)
2019-08-28 19:11:46,571 [pool-159-thread-1] INFO  server.RaftServerConfigKeys (ConfUtils.java:logGet(43)) - raft.server.log.use.memory = false (default)
2019-08-28 19:11:46,572 [pool-181-thread-1] INFO  server.RaftServerConfigKeys (ConfUtils.java:logGet(43)) - raft.server.log.use.memory = false (default)
2019-08-28 19:11:46,572 [pool-159-thread-1] INFO  server.RaftServerConfigKeys (ConfUtils.java:logGet(43)) - raft.server.log.purge.gap = 1000000 (custom)
2019-08-28 19:11:46,572 [pool-181-thread-1] INFO  server.RaftServerConfigKeys (ConfUtils.java:logGet(43)) - raft.server.log.purge.gap = 1000000 (custom)
2019-08-28 19:11:46,572 [pool-159-thread-1] INFO  server.RaftServerConfigKeys (ConfUtils.java:logGet(43)) - raft.server.log.appender.buffer.byte-limit = 33554432 (custom)
2019-08-28 19:11:46,572 [pool-181-thread-1] INFO  server.RaftServerConfigKeys (ConfUtils.java:logGet(43)) - raft.server.log.appender.buffer.byte-limit = 33554432 (custom)
2019-08-28 19:11:46,572 [pool-159-thread-1] INFO  server.RaftServerConfigKeys (ConfUtils.java:logGet(43)) - raft.server.log.segment.size.max = 1048576 (custom)
2019-08-28 19:11:46,573 [pool-181-thread-1] INFO  server.RaftServerConfigKeys (ConfUtils.java:logGet(43)) - raft.server.log.segment.size.max = 1048576 (custom)
2019-08-28 19:11:46,573 [pool-159-thread-1] INFO  server.RaftServerConfigKeys (ConfUtils.java:logGet(43)) - raft.server.log.segment.cache.num.max = 2 (custom)
2019-08-28 19:11:46,573 [pool-181-thread-1] INFO  server.RaftServerConfigKeys (ConfUtils.java:logGet(43)) - raft.server.log.segment.cache.num.max = 2 (custom)
2019-08-28 19:11:46,573 [pool-159-thread-1] INFO  segmented.SegmentedRaftLogWorker (SegmentedRaftLogWorker.java:<init>(172)) - new 00414077-5234-4a26-9ed1-ac73b87b4b8e-SegmentedRaftLogWorker:Storage Directory /workdir/hadoop-ozone/integration-test/target/test-dir/MiniOzoneClusterImpl-95e23c98-e492-4cad-aeea-48d386549ca1/datanode-3/data/ratis/0d330cf5-5e6a-4990-8f18-b8786e2822c3 for RaftStorage:Storage Directory /workdir/hadoop-ozone/integration-test/target/test-dir/MiniOzoneClusterImpl-95e23c98-e492-4cad-aeea-48d386549ca1/datanode-3/data/ratis/0d330cf5-5e6a-4990-8f18-b8786e2822c3
2019-08-28 19:11:46,573 [pool-181-thread-1] INFO  segmented.SegmentedRaftLogWorker (SegmentedRaftLogWorker.java:<init>(172)) - new 65661374-e9ce-4ca4-abba-b6075fbab1cd-SegmentedRaftLogWorker:Storage Directory /workdir/hadoop-ozone/integration-test/target/test-dir/MiniOzoneClusterImpl-95e23c98-e492-4cad-aeea-48d386549ca1/datanode-5/data/ratis/0d330cf5-5e6a-4990-8f18-b8786e2822c3 for RaftStorage:Storage Directory /workdir/hadoop-ozone/integration-test/target/test-dir/MiniOzoneClusterImpl-95e23c98-e492-4cad-aeea-48d386549ca1/datanode-5/data/ratis/0d330cf5-5e6a-4990-8f18-b8786e2822c3
2019-08-28 19:11:46,573 [pool-159-thread-1] INFO  server.RaftServerConfigKeys (ConfUtils.java:logGet(43)) - raft.server.log.queue.byte-limit = 2147483647 (custom)
2019-08-28 19:11:46,574 [pool-181-thread-1] INFO  server.RaftServerConfigKeys (ConfUtils.java:logGet(43)) - raft.server.log.queue.byte-limit = 2147483647 (custom)
2019-08-28 19:11:46,574 [pool-159-thread-1] INFO  server.RaftServerConfigKeys (ConfUtils.java:logGet(43)) - raft.server.log.queue.element-limit = 1024 (custom)
2019-08-28 19:11:46,574 [pool-181-thread-1] INFO  server.RaftServerConfigKeys (ConfUtils.java:logGet(43)) - raft.server.log.queue.element-limit = 1024 (custom)
2019-08-28 19:11:46,574 [pool-159-thread-1] INFO  server.RaftServerConfigKeys (ConfUtils.java:logGet(43)) - raft.server.log.segment.size.max = 1048576 (custom)
2019-08-28 19:11:46,574 [pool-181-thread-1] INFO  server.RaftServerConfigKeys (ConfUtils.java:logGet(43)) - raft.server.log.segment.size.max = 1048576 (custom)
2019-08-28 19:11:46,574 [pool-159-thread-1] INFO  server.RaftServerConfigKeys (ConfUtils.java:logGet(43)) - raft.server.log.preallocated.size = 16384 (custom)
2019-08-28 19:11:46,574 [pool-181-thread-1] INFO  server.RaftServerConfigKeys (ConfUtils.java:logGet(43)) - raft.server.log.preallocated.size = 16384 (custom)
2019-08-28 19:11:46,575 [pool-159-thread-1] INFO  server.RaftServerConfigKeys (ConfUtils.java:logGet(43)) - raft.server.log.write.buffer.size = 33554432 (custom)
2019-08-28 19:11:46,575 [pool-181-thread-1] INFO  server.RaftServerConfigKeys (ConfUtils.java:logGet(43)) - raft.server.log.write.buffer.size = 33554432 (custom)
2019-08-28 19:11:46,575 [pool-159-thread-1] INFO  server.RaftServerConfigKeys (ConfUtils.java:logGet(43)) - raft.server.log.force.sync.num = 128 (default)
2019-08-28 19:11:46,575 [pool-181-thread-1] INFO  server.RaftServerConfigKeys (ConfUtils.java:logGet(43)) - raft.server.log.force.sync.num = 128 (default)
2019-08-28 19:11:46,575 [pool-159-thread-1] INFO  server.RaftServerConfigKeys (ConfUtils.java:logGet(43)) - raft.server.log.statemachine.data.sync = true (default)
2019-08-28 19:11:46,575 [pool-181-thread-1] INFO  server.RaftServerConfigKeys (ConfUtils.java:logGet(43)) - raft.server.log.statemachine.data.sync = true (default)
2019-08-28 19:11:46,575 [pool-159-thread-1] INFO  server.RaftServerConfigKeys (ConfUtils.java:logGet(43)) - raft.server.log.statemachine.data.sync.timeout = 10s (default)
2019-08-28 19:11:46,576 [pool-181-thread-1] INFO  server.RaftServerConfigKeys (ConfUtils.java:logGet(43)) - raft.server.log.statemachine.data.sync.timeout = 10s (default)
2019-08-28 19:11:46,576 [pool-159-thread-1] INFO  server.RaftServerConfigKeys (ConfUtils.java:logGet(43)) - raft.server.log.statemachine.data.sync.timeout.retry = -1 (default)
2019-08-28 19:11:46,576 [pool-181-thread-1] INFO  server.RaftServerConfigKeys (ConfUtils.java:logGet(43)) - raft.server.log.statemachine.data.sync.timeout.retry = -1 (default)
2019-08-28 19:11:46,576 [pool-159-thread-1] INFO  server.RaftServerConfigKeys (ConfUtils.java:logGet(43)) - raft.server.log.statemachine.data.caching.enabled = true (custom)
2019-08-28 19:11:46,576 [pool-181-thread-1] INFO  server.RaftServerConfigKeys (ConfUtils.java:logGet(43)) - raft.server.log.statemachine.data.caching.enabled = true (custom)
2019-08-28 19:11:46,577 [pool-159-thread-1] INFO  segmented.SegmentedRaftLogWorker (SegmentedRaftLogWorker.java:lambda$new$0(132)) - 00414077-5234-4a26-9ed1-ac73b87b4b8e-SegmentedRaftLogWorker:Storage Directory /workdir/hadoop-ozone/integration-test/target/test-dir/MiniOzoneClusterImpl-95e23c98-e492-4cad-aeea-48d386549ca1/datanode-3/data/ratis/0d330cf5-5e6a-4990-8f18-b8786e2822c3: flushIndex: setUnconditionally 0 -> -1
2019-08-28 19:11:46,577 [pool-181-thread-1] INFO  segmented.SegmentedRaftLogWorker (SegmentedRaftLogWorker.java:lambda$new$0(132)) - 65661374-e9ce-4ca4-abba-b6075fbab1cd-SegmentedRaftLogWorker:Storage Directory /workdir/hadoop-ozone/integration-test/target/test-dir/MiniOzoneClusterImpl-95e23c98-e492-4cad-aeea-48d386549ca1/datanode-5/data/ratis/0d330cf5-5e6a-4990-8f18-b8786e2822c3: flushIndex: setUnconditionally 0 -> -1
2019-08-28 19:11:46,577 [pool-159-thread-1] INFO  server.RaftServerConfigKeys (ConfUtils.java:logGet(43)) - raft.server.snapshot.auto.trigger.enabled = true (custom)
2019-08-28 19:11:46,577 [pool-181-thread-1] INFO  server.RaftServerConfigKeys (ConfUtils.java:logGet(43)) - raft.server.snapshot.auto.trigger.enabled = true (custom)
2019-08-28 19:11:46,577 [pool-159-thread-1] INFO  server.RaftServerConfigKeys (ConfUtils.java:logGet(43)) - raft.server.snapshot.auto.trigger.threshold = 10000 (custom)
2019-08-28 19:11:46,577 [pool-181-thread-1] INFO  server.RaftServerConfigKeys (ConfUtils.java:logGet(43)) - raft.server.snapshot.auto.trigger.threshold = 10000 (custom)
2019-08-28 19:11:46,578 [pool-159-thread-1] INFO  server.RaftServerConfigKeys (ConfUtils.java:logGet(43)) - raft.server.retrycache.expirytime = 600000ms (custom)
2019-08-28 19:11:46,578 [pool-181-thread-1] INFO  server.RaftServerConfigKeys (ConfUtils.java:logGet(43)) - raft.server.retrycache.expirytime = 600000ms (custom)
2019-08-28 19:11:46,578 [pool-159-thread-1] INFO  impl.RaftServerImpl (RaftServerImpl.java:start(180)) - 00414077-5234-4a26-9ed1-ac73b87b4b8e: start group-B8786E2822C3
2019-08-28 19:11:46,578 [pool-181-thread-1] INFO  impl.RaftServerImpl (RaftServerImpl.java:start(180)) - 65661374-e9ce-4ca4-abba-b6075fbab1cd: start group-B8786E2822C3
2019-08-28 19:11:46,578 [pool-159-thread-1] INFO  impl.RaftServerImpl (RaftServerImpl.java:setRole(171)) - 00414077-5234-4a26-9ed1-ac73b87b4b8e:group-B8786E2822C3 changes role from null to FOLLOWER at term 0 for startAsFollower
2019-08-28 19:11:46,578 [pool-181-thread-1] INFO  impl.RaftServerImpl (RaftServerImpl.java:setRole(171)) - 65661374-e9ce-4ca4-abba-b6075fbab1cd:group-B8786E2822C3 changes role from null to FOLLOWER at term 0 for startAsFollower
2019-08-28 19:11:46,578 [pool-159-thread-1] INFO  impl.RoleInfo (RoleInfo.java:updateAndGet(143)) - 00414077-5234-4a26-9ed1-ac73b87b4b8e: start FollowerState
2019-08-28 19:11:46,578 [pool-181-thread-1] INFO  impl.RoleInfo (RoleInfo.java:updateAndGet(143)) - 65661374-e9ce-4ca4-abba-b6075fbab1cd: start FollowerState
2019-08-28 19:11:46,579 [pool-159-thread-1] INFO  util.JmxRegister (JmxRegister.java:tryRegister(44)) - Successfully registered JMX Bean with object name Ratis:service=RaftServer,group=group-B8786E2822C3,id=00414077-5234-4a26-9ed1-ac73b87b4b8e
2019-08-28 19:11:46,579 [pool-181-thread-1] INFO  util.JmxRegister (JmxRegister.java:tryRegister(44)) - Successfully registered JMX Bean with object name Ratis:service=RaftServer,group=group-B8786E2822C3,id=65661374-e9ce-4ca4-abba-b6075fbab1cd
2019-08-28 19:11:46,586 [RatisPipelineUtilsThread] INFO  pipeline.PipelineStateManager (PipelineStateManager.java:addPipeline(56)) - Created pipeline Pipeline[ Id: 0d330cf5-5e6a-4990-8f18-b8786e2822c3, Nodes: 3dbe2e87-433a-404a-bf79-c232f3c44ae6{ip: 192.168.69.126, host: pr-hdds-2018-mtlbb-3651089407, networkLocation: /default-rack, certSerialId: null}65661374-e9ce-4ca4-abba-b6075fbab1cd{ip: 192.168.69.126, host: pr-hdds-2018-mtlbb-3651089407, networkLocation: /default-rack, certSerialId: null}00414077-5234-4a26-9ed1-ac73b87b4b8e{ip: 192.168.69.126, host: pr-hdds-2018-mtlbb-3651089407, networkLocation: /default-rack, certSerialId: null}, Type:RATIS, Factor:THREE, State:OPEN]
2019-08-28 19:11:46,677 [main] INFO  ozone.MiniOzoneClusterImpl (MiniOzoneClusterImpl.java:lambda$waitForClusterToBeReady$0(142)) - Waiting for cluster to be ready. Got 6 of 7 DN Heartbeats.
2019-08-28 19:11:46,678 [IPC Server handler 7 on 35777] INFO  net.NetworkTopology (NetworkTopologyImpl.java:add(110)) - Added a new node: /default-rack/380f265b-6eb4-4d9a-b903-bb6ed6e5f324
2019-08-28 19:11:46,679 [IPC Server handler 7 on 35777] INFO  node.SCMNodeManager (SCMNodeManager.java:register(273)) - Registered Data node : 380f265b-6eb4-4d9a-b903-bb6ed6e5f324{ip: 192.168.69.126, host: pr-hdds-2018-mtlbb-3651089407, networkLocation: /default-rack, certSerialId: null}
2019-08-28 19:11:46,679 | INFO  | SCMAudit | user=jenkins1000 | ip=192.168.69.126 | op=REGISTER {datanodeDetails=380f265b-6eb4-4d9a-b903-bb6ed6e5f324{ip: 192.168.69.126, host: pr-hdds-2018-mtlbb-3651089407, networkLocation: /default-rack, certSerialId: null}} | ret=SUCCESS |  
2019-08-28 19:11:46,692 [grpc-default-executor-3] INFO  impl.RaftServerProxy (RaftServerProxy.java:addNew(89)) - 380f265b-6eb4-4d9a-b903-bb6ed6e5f324: addNew group-5DFD8A44D641:[380f265b-6eb4-4d9a-b903-bb6ed6e5f324:192.168.69.126:37111] returns group-5DFD8A44D641:java.util.concurrent.CompletableFuture@562c4642[Not completed]
2019-08-28 19:11:46,697 [pool-192-thread-1] INFO  impl.RaftServerImpl (RaftServerImpl.java:<init>(93)) - 380f265b-6eb4-4d9a-b903-bb6ed6e5f324: new RaftServerImpl for group-5DFD8A44D641:[380f265b-6eb4-4d9a-b903-bb6ed6e5f324:192.168.69.126:37111] with ContainerStateMachine:uninitialized
2019-08-28 19:11:46,697 [pool-192-thread-1] INFO  server.RaftServerConfigKeys (ConfUtils.java:logGet(43)) - raft.server.rpc.timeout.min = 5s (custom)
2019-08-28 19:11:46,697 [pool-192-thread-1] INFO  server.RaftServerConfigKeys (ConfUtils.java:logGet(43)) - raft.server.rpc.timeout.max = 5200ms (custom)
2019-08-28 19:11:46,697 [pool-192-thread-1] INFO  server.RaftServerConfigKeys (ConfUtils.java:logGet(43)) - raft.server.rpcslowness.timeout = 120s (custom)
2019-08-28 19:11:46,698 [pool-192-thread-1] INFO  server.RaftServerConfigKeys (ConfUtils.java:logGet(43)) - raft.server.sleep.deviation.threshold = 300 (default)
2019-08-28 19:11:46,698 [pool-192-thread-1] INFO  server.RaftServerConfigKeys (ConfUtils.java:logGet(43)) - raft.server.log.appender.install.snapshot.enabled = false (custom)
2019-08-28 19:11:46,698 [pool-192-thread-1] INFO  impl.RaftServerImpl (ServerState.java:<init>(105)) - 380f265b-6eb4-4d9a-b903-bb6ed6e5f324:group-5DFD8A44D641 ConfigurationManager, init=-1: [380f265b-6eb4-4d9a-b903-bb6ed6e5f324:192.168.69.126:37111], old=null, confs=<EMPTY_MAP>
2019-08-28 19:11:46,698 [pool-192-thread-1] INFO  server.RaftServerConfigKeys (ConfUtils.java:logGet(43)) - raft.server.storage.dir = [/workdir/hadoop-ozone/integration-test/target/test-dir/MiniOzoneClusterImpl-95e23c98-e492-4cad-aeea-48d386549ca1/datanode-6/data/ratis] (custom)
2019-08-28 19:11:46,698 [pool-192-thread-1] INFO  storage.RaftStorageDirectory (RaftStorageDirectory.java:analyzeStorage(246)) - The storage directory /workdir/hadoop-ozone/integration-test/target/test-dir/MiniOzoneClusterImpl-95e23c98-e492-4cad-aeea-48d386549ca1/datanode-6/data/ratis/f6ae3df2-9a0e-4399-ace6-5dfd8a44d641 does not exist. Creating ...
2019-08-28 19:11:46,715 [pool-192-thread-1] INFO  storage.RaftStorageDirectory (RaftStorageDirectory.java:tryLock(328)) - Lock on /workdir/hadoop-ozone/integration-test/target/test-dir/MiniOzoneClusterImpl-95e23c98-e492-4cad-aeea-48d386549ca1/datanode-6/data/ratis/f6ae3df2-9a0e-4399-ace6-5dfd8a44d641/in_use.lock acquired by nodename 28576@pr-hdds-2018-mtlbb-3651089407
2019-08-28 19:11:46,731 [pool-192-thread-1] INFO  storage.RaftStorage (RaftStorage.java:format(72)) - Storage directory /workdir/hadoop-ozone/integration-test/target/test-dir/MiniOzoneClusterImpl-95e23c98-e492-4cad-aeea-48d386549ca1/datanode-6/data/ratis/f6ae3df2-9a0e-4399-ace6-5dfd8a44d641 has been successfully formatted.
2019-08-28 19:11:46,731 [pool-192-thread-1] INFO  ratis.ContainerStateMachine (ContainerStateMachine.java:loadSnapshot(226)) - group-5DFD8A44D641: The snapshot info is null. Setting the last applied indexto:(t:0, i:~)
2019-08-28 19:11:46,731 [pool-192-thread-1] INFO  server.RaftServerConfigKeys (ConfUtils.java:logGet(43)) - raft.server.leader.election.timeout = 120s (custom)
2019-08-28 19:11:46,732 [pool-192-thread-1] INFO  server.RaftServerConfigKeys (ConfUtils.java:logGet(43)) - raft.server.log.use.memory = false (default)
2019-08-28 19:11:46,732 [pool-192-thread-1] INFO  server.RaftServerConfigKeys (ConfUtils.java:logGet(43)) - raft.server.log.purge.gap = 1000000 (custom)
2019-08-28 19:11:46,732 [pool-192-thread-1] INFO  server.RaftServerConfigKeys (ConfUtils.java:logGet(43)) - raft.server.log.appender.buffer.byte-limit = 33554432 (custom)
2019-08-28 19:11:46,732 [pool-192-thread-1] INFO  server.RaftServerConfigKeys (ConfUtils.java:logGet(43)) - raft.server.log.segment.size.max = 1048576 (custom)
2019-08-28 19:11:46,732 [pool-192-thread-1] INFO  server.RaftServerConfigKeys (ConfUtils.java:logGet(43)) - raft.server.log.segment.cache.num.max = 2 (custom)
2019-08-28 19:11:46,732 [pool-192-thread-1] INFO  segmented.SegmentedRaftLogWorker (SegmentedRaftLogWorker.java:<init>(172)) - new 380f265b-6eb4-4d9a-b903-bb6ed6e5f324-SegmentedRaftLogWorker:Storage Directory /workdir/hadoop-ozone/integration-test/target/test-dir/MiniOzoneClusterImpl-95e23c98-e492-4cad-aeea-48d386549ca1/datanode-6/data/ratis/f6ae3df2-9a0e-4399-ace6-5dfd8a44d641 for RaftStorage:Storage Directory /workdir/hadoop-ozone/integration-test/target/test-dir/MiniOzoneClusterImpl-95e23c98-e492-4cad-aeea-48d386549ca1/datanode-6/data/ratis/f6ae3df2-9a0e-4399-ace6-5dfd8a44d641
2019-08-28 19:11:46,733 [pool-192-thread-1] INFO  server.RaftServerConfigKeys (ConfUtils.java:logGet(43)) - raft.server.log.queue.byte-limit = 2147483647 (custom)
2019-08-28 19:11:46,733 [pool-192-thread-1] INFO  server.RaftServerConfigKeys (ConfUtils.java:logGet(43)) - raft.server.log.queue.element-limit = 1024 (custom)
2019-08-28 19:11:46,733 [pool-192-thread-1] INFO  server.RaftServerConfigKeys (ConfUtils.java:logGet(43)) - raft.server.log.segment.size.max = 1048576 (custom)
2019-08-28 19:11:46,733 [pool-192-thread-1] INFO  server.RaftServerConfigKeys (ConfUtils.java:logGet(43)) - raft.server.log.preallocated.size = 16384 (custom)
2019-08-28 19:11:46,733 [pool-192-thread-1] INFO  server.RaftServerConfigKeys (ConfUtils.java:logGet(43)) - raft.server.log.write.buffer.size = 33554432 (custom)
2019-08-28 19:11:46,733 [pool-192-thread-1] INFO  server.RaftServerConfigKeys (ConfUtils.java:logGet(43)) - raft.server.log.force.sync.num = 128 (default)
2019-08-28 19:11:46,734 [pool-192-thread-1] INFO  server.RaftServerConfigKeys (ConfUtils.java:logGet(43)) - raft.server.log.statemachine.data.sync = true (default)
2019-08-28 19:11:46,734 [pool-192-thread-1] INFO  server.RaftServerConfigKeys (ConfUtils.java:logGet(43)) - raft.server.log.statemachine.data.sync.timeout = 10s (default)
2019-08-28 19:11:46,734 [pool-192-thread-1] INFO  server.RaftServerConfigKeys (ConfUtils.java:logGet(43)) - raft.server.log.statemachine.data.sync.timeout.retry = -1 (default)
2019-08-28 19:11:46,734 [pool-192-thread-1] INFO  server.RaftServerConfigKeys (ConfUtils.java:logGet(43)) - raft.server.log.statemachine.data.caching.enabled = true (custom)
2019-08-28 19:11:46,734 [pool-192-thread-1] INFO  segmented.SegmentedRaftLogWorker (SegmentedRaftLogWorker.java:lambda$new$0(132)) - 380f265b-6eb4-4d9a-b903-bb6ed6e5f324-SegmentedRaftLogWorker:Storage Directory /workdir/hadoop-ozone/integration-test/target/test-dir/MiniOzoneClusterImpl-95e23c98-e492-4cad-aeea-48d386549ca1/datanode-6/data/ratis/f6ae3df2-9a0e-4399-ace6-5dfd8a44d641: flushIndex: setUnconditionally 0 -> -1
2019-08-28 19:11:46,735 [pool-192-thread-1] INFO  server.RaftServerConfigKeys (ConfUtils.java:logGet(43)) - raft.server.snapshot.auto.trigger.enabled = true (custom)
2019-08-28 19:11:46,735 [pool-192-thread-1] INFO  server.RaftServerConfigKeys (ConfUtils.java:logGet(43)) - raft.server.snapshot.auto.trigger.threshold = 10000 (custom)
2019-08-28 19:11:46,735 [pool-192-thread-1] INFO  server.RaftServerConfigKeys (ConfUtils.java:logGet(43)) - raft.server.retrycache.expirytime = 600000ms (custom)
2019-08-28 19:11:46,735 [pool-192-thread-1] INFO  impl.RaftServerImpl (RaftServerImpl.java:start(180)) - 380f265b-6eb4-4d9a-b903-bb6ed6e5f324: start group-5DFD8A44D641
2019-08-28 19:11:46,736 [pool-192-thread-1] INFO  impl.RaftServerImpl (RaftServerImpl.java:setRole(171)) - 380f265b-6eb4-4d9a-b903-bb6ed6e5f324:group-5DFD8A44D641 changes role from null to FOLLOWER at term 0 for startAsFollower
2019-08-28 19:11:46,736 [pool-192-thread-1] INFO  impl.RoleInfo (RoleInfo.java:updateAndGet(143)) - 380f265b-6eb4-4d9a-b903-bb6ed6e5f324: start FollowerState
2019-08-28 19:11:46,736 [pool-192-thread-1] INFO  util.JmxRegister (JmxRegister.java:tryRegister(44)) - Successfully registered JMX Bean with object name Ratis:service=RaftServer,group=group-5DFD8A44D641,id=380f265b-6eb4-4d9a-b903-bb6ed6e5f324
2019-08-28 19:11:46,742 [RatisPipelineUtilsThread] INFO  pipeline.PipelineStateManager (PipelineStateManager.java:addPipeline(56)) - Created pipeline Pipeline[ Id: f6ae3df2-9a0e-4399-ace6-5dfd8a44d641, Nodes: 380f265b-6eb4-4d9a-b903-bb6ed6e5f324{ip: 192.168.69.126, host: pr-hdds-2018-mtlbb-3651089407, networkLocation: /default-rack, certSerialId: null}, Type:RATIS, Factor:ONE, State:OPEN]
2019-08-28 19:11:47,128 | INFO  | SCMAudit | user=jenkins1000 | ip=192.168.69.126 | op=SEND_HEARTBEAT {datanodeUUID=b2a7f730-984e-473a-b8b8-9318ecaec820, command=[]} | ret=SUCCESS |  
2019-08-28 19:11:47,362 | INFO  | SCMAudit | user=jenkins1000 | ip=192.168.69.126 | op=SEND_HEARTBEAT {datanodeUUID=9baf0294-3496-4e1f-b0fa-15839a24912d, command=[]} | ret=SUCCESS |  
2019-08-28 19:11:47,678 [main] INFO  ozone.MiniOzoneClusterImpl (MiniOzoneClusterImpl.java:lambda$waitForClusterToBeReady$0(142)) - Cluster is ready. Got 7 of 7 DN Heartbeats.
2019-08-28 19:11:47,724 [main] INFO  rpc.RpcClient (RpcClient.java:createVolume(293)) - Creating Volume: watchforcommithandlingtest, with jenkins1000 as owner.
2019-08-28 19:11:47,728 | INFO  | OMAudit | user=jenkins1000 | ip=127.0.0.1 | op=CREATE_VOLUME {admin=jenkins1000, owner=jenkins1000, volume=watchforcommithandlingtest, creationTime=1567019507727, quotaInBytes=1152921504606846976} | ret=SUCCESS |  
2019-08-28 19:11:47,739 | INFO  | OMAudit | user=jenkins1000 | ip=127.0.0.1 | op=READ_VOLUME {volume=watchforcommithandlingtest} | ret=SUCCESS |  
2019-08-28 19:11:47,740 [main] INFO  rpc.RpcClient (RpcClient.java:createBucket(432)) - Creating Bucket: watchforcommithandlingtest/watchforcommithandlingtest, with Versioning false and Storage Type set to DISK and Encryption set to false 
2019-08-28 19:11:47,745 | INFO  | OMAudit | user=jenkins1000 | ip=127.0.0.1 | op=CREATE_BUCKET {volume=watchforcommithandlingtest, bucket=watchforcommithandlingtest, acls=[user:jenkins1000:a[ACCESS], group:default:a[ACCESS]], isVersionEnabled=false, storageType=DISK, creationTime=0} | ret=SUCCESS |  
2019-08-28 19:11:47,745 [main] INFO  ozone.MiniOzoneClusterImpl (MiniOzoneClusterImpl.java:getStorageContainerLocationClient(241)) - Creating StorageContainerLocationProtocol RPC client with address /0.0.0.0:45909
2019-08-28 19:11:47,773 [grpc-default-executor-3] INFO  client.GrpcClientProtocolClient (GrpcClientProtocolClient.java:onNext(255)) - client-02B52F649350->9baf0294-3496-4e1f-b0fa-15839a24912d: receive RaftClientReply:client-02B52F649350->9baf0294-3496-4e1f-b0fa-15839a24912d@group-9D35AC187D3C, cid=50, FAILED org.apache.ratis.protocol.NotLeaderException: Server 9baf0294-3496-4e1f-b0fa-15839a24912d is not the leader (null). Request must be sent to leader., logIndex=0, commits[9baf0294-3496-4e1f-b0fa-15839a24912d:c-1]
2019-08-28 19:11:47,821 | INFO  | SCMAudit | user=jenkins1000 | ip=192.168.69.126 | op=SEND_HEARTBEAT {datanodeUUID=1742c727-6833-42d8-ac98-e1d010bd591d, command=[]} | ret=SUCCESS |  
2019-08-28 19:11:48,012 | INFO  | SCMAudit | user=jenkins1000 | ip=192.168.69.126 | op=SEND_HEARTBEAT {datanodeUUID=00414077-5234-4a26-9ed1-ac73b87b4b8e, command=[]} | ret=SUCCESS |  
2019-08-28 19:11:48,128 | INFO  | SCMAudit | user=jenkins1000 | ip=192.168.69.126 | op=SEND_HEARTBEAT {datanodeUUID=b2a7f730-984e-473a-b8b8-9318ecaec820, command=[]} | ret=SUCCESS |  
2019-08-28 19:11:48,144 [Thread-998] INFO  container.ReplicationManager (ReplicationManager.java:start(152)) - Starting Replication Monitor Thread.
2019-08-28 19:11:48,148 [ReplicationMonitor] INFO  container.ReplicationManager (ReplicationManager.java:run(215)) - Replication Monitor Thread took 0 milliseconds for processing 1 containers.
2019-08-28 19:11:48,246 | INFO  | SCMAudit | user=jenkins1000 | ip=192.168.69.126 | op=SEND_HEARTBEAT {datanodeUUID=3dbe2e87-433a-404a-bf79-c232f3c44ae6, command=[]} | ret=SUCCESS |  
2019-08-28 19:11:48,362 | INFO  | SCMAudit | user=jenkins1000 | ip=192.168.69.126 | op=SEND_HEARTBEAT {datanodeUUID=9baf0294-3496-4e1f-b0fa-15839a24912d, command=[]} | ret=SUCCESS |  
2019-08-28 19:11:48,442 | INFO  | SCMAudit | user=jenkins1000 | ip=192.168.69.126 | op=SEND_HEARTBEAT {datanodeUUID=65661374-e9ce-4ca4-abba-b6075fbab1cd, command=[]} | ret=SUCCESS |  
2019-08-28 19:11:48,678 | INFO  | SCMAudit | user=jenkins1000 | ip=192.168.69.126 | op=SEND_HEARTBEAT {datanodeUUID=380f265b-6eb4-4d9a-b903-bb6ed6e5f324, command=[]} | ret=SUCCESS |  
2019-08-28 19:11:48,799 [grpc-default-executor-3] INFO  client.GrpcClientProtocolClient (GrpcClientProtocolClient.java:onNext(255)) - client-02B52F649350->1742c727-6833-42d8-ac98-e1d010bd591d: receive RaftClientReply:client-02B52F649350->1742c727-6833-42d8-ac98-e1d010bd591d@group-9D35AC187D3C, cid=50, FAILED org.apache.ratis.protocol.NotLeaderException: Server 1742c727-6833-42d8-ac98-e1d010bd591d is not the leader (null). Request must be sent to leader., logIndex=0, commits[1742c727-6833-42d8-ac98-e1d010bd591d:c-1]
2019-08-28 19:11:48,821 | INFO  | SCMAudit | user=jenkins1000 | ip=192.168.69.126 | op=SEND_HEARTBEAT {datanodeUUID=1742c727-6833-42d8-ac98-e1d010bd591d, command=[]} | ret=SUCCESS |  
2019-08-28 19:11:49,012 | INFO  | SCMAudit | user=jenkins1000 | ip=192.168.69.126 | op=SEND_HEARTBEAT {datanodeUUID=00414077-5234-4a26-9ed1-ac73b87b4b8e, command=[]} | ret=SUCCESS |  
2019-08-28 19:11:49,129 | INFO  | SCMAudit | user=jenkins1000 | ip=192.168.69.126 | op=SEND_HEARTBEAT {datanodeUUID=b2a7f730-984e-473a-b8b8-9318ecaec820, command=[]} | ret=SUCCESS |  
2019-08-28 19:11:49,246 | INFO  | SCMAudit | user=jenkins1000 | ip=192.168.69.126 | op=SEND_HEARTBEAT {datanodeUUID=3dbe2e87-433a-404a-bf79-c232f3c44ae6, command=[]} | ret=SUCCESS |  
2019-08-28 19:11:49,363 | INFO  | SCMAudit | user=jenkins1000 | ip=192.168.69.126 | op=SEND_HEARTBEAT {datanodeUUID=9baf0294-3496-4e1f-b0fa-15839a24912d, command=[]} | ret=SUCCESS |  
2019-08-28 19:11:49,442 | INFO  | SCMAudit | user=jenkins1000 | ip=192.168.69.126 | op=SEND_HEARTBEAT {datanodeUUID=65661374-e9ce-4ca4-abba-b6075fbab1cd, command=[]} | ret=SUCCESS |  
2019-08-28 19:11:49,678 | INFO  | SCMAudit | user=jenkins1000 | ip=192.168.69.126 | op=SEND_HEARTBEAT {datanodeUUID=380f265b-6eb4-4d9a-b903-bb6ed6e5f324, command=[]} | ret=SUCCESS |  
2019-08-28 19:11:49,821 [grpc-default-executor-4] INFO  client.GrpcClientProtocolClient (GrpcClientProtocolClient.java:onNext(255)) - client-02B52F649350->b2a7f730-984e-473a-b8b8-9318ecaec820: receive RaftClientReply:client-02B52F649350->b2a7f730-984e-473a-b8b8-9318ecaec820@group-9D35AC187D3C, cid=50, FAILED org.apache.ratis.protocol.NotLeaderException: Server b2a7f730-984e-473a-b8b8-9318ecaec820 is not the leader (null). Request must be sent to leader., logIndex=0, commits[b2a7f730-984e-473a-b8b8-9318ecaec820:c-1]
2019-08-28 19:11:49,825 | INFO  | SCMAudit | user=jenkins1000 | ip=192.168.69.126 | op=SEND_HEARTBEAT {datanodeUUID=1742c727-6833-42d8-ac98-e1d010bd591d, command=[]} | ret=SUCCESS |  
2019-08-28 19:11:50,012 | INFO  | SCMAudit | user=jenkins1000 | ip=192.168.69.126 | op=SEND_HEARTBEAT {datanodeUUID=00414077-5234-4a26-9ed1-ac73b87b4b8e, command=[]} | ret=SUCCESS |  
2019-08-28 19:11:50,128 | INFO  | SCMAudit | user=jenkins1000 | ip=192.168.69.126 | op=SEND_HEARTBEAT {datanodeUUID=b2a7f730-984e-473a-b8b8-9318ecaec820, command=[]} | ret=SUCCESS |  
2019-08-28 19:11:50,247 | INFO  | SCMAudit | user=jenkins1000 | ip=192.168.69.126 | op=SEND_HEARTBEAT {datanodeUUID=3dbe2e87-433a-404a-bf79-c232f3c44ae6, command=[]} | ret=SUCCESS |  
2019-08-28 19:11:50,363 | INFO  | SCMAudit | user=jenkins1000 | ip=192.168.69.126 | op=SEND_HEARTBEAT {datanodeUUID=9baf0294-3496-4e1f-b0fa-15839a24912d, command=[]} | ret=SUCCESS |  
2019-08-28 19:11:50,375 [Thread-1000] INFO  impl.FollowerState (FollowerState.java:run(106)) - b2a7f730-984e-473a-b8b8-9318ecaec820:group-50F1F99584C1 changes to CANDIDATE, lastRpcTime:5096, electionTimeout:5096ms
2019-08-28 19:11:50,376 [Thread-1000] INFO  impl.RoleInfo (RoleInfo.java:shutdownFollowerState(121)) - b2a7f730-984e-473a-b8b8-9318ecaec820: shutdown FollowerState
2019-08-28 19:11:50,376 [Thread-1000] INFO  impl.RaftServerImpl (RaftServerImpl.java:setRole(171)) - b2a7f730-984e-473a-b8b8-9318ecaec820:group-50F1F99584C1 changes role from FOLLOWER to CANDIDATE at term 0 for changeToCandidate
2019-08-28 19:11:50,376 [Thread-1000] INFO  impl.RoleInfo (RoleInfo.java:updateAndGet(143)) - b2a7f730-984e-473a-b8b8-9318ecaec820: start LeaderElection
2019-08-28 19:11:50,395 [b2a7f730-984e-473a-b8b8-9318ecaec820:group-50F1F99584C1:LeaderElection42] INFO  impl.LeaderElection (LeaderElection.java:askForVotes(181)) - b2a7f730-984e-473a-b8b8-9318ecaec820:group-50F1F99584C1:LeaderElection42: begin an election at term 1 for -1: [b2a7f730-984e-473a-b8b8-9318ecaec820:192.168.69.126:34899], old=null
2019-08-28 19:11:50,396 [b2a7f730-984e-473a-b8b8-9318ecaec820:group-50F1F99584C1:LeaderElection42] INFO  impl.RoleInfo (RoleInfo.java:shutdownLeaderElection(134)) - b2a7f730-984e-473a-b8b8-9318ecaec820: shutdown LeaderElection
2019-08-28 19:11:50,396 [b2a7f730-984e-473a-b8b8-9318ecaec820:group-50F1F99584C1:LeaderElection42] INFO  impl.RaftServerImpl (RaftServerImpl.java:setRole(171)) - b2a7f730-984e-473a-b8b8-9318ecaec820:group-50F1F99584C1 changes role from CANDIDATE to LEADER at term 1 for changeToLeader
2019-08-28 19:11:50,396 [b2a7f730-984e-473a-b8b8-9318ecaec820:group-50F1F99584C1:LeaderElection42] INFO  impl.RaftServerImpl (ServerState.java:setLeader(263)) - b2a7f730-984e-473a-b8b8-9318ecaec820:group-50F1F99584C1 change Leader from null to b2a7f730-984e-473a-b8b8-9318ecaec820 at term 1 for becomeLeader, leader elected after 5124ms
2019-08-28 19:11:50,398 [b2a7f730-984e-473a-b8b8-9318ecaec820:group-50F1F99584C1:LeaderElection42] INFO  server.RaftServerConfigKeys (ConfUtils.java:logGet(43)) - raft.server.staging.catchup.gap = 1000 (default)
2019-08-28 19:11:50,399 [b2a7f730-984e-473a-b8b8-9318ecaec820:group-50F1F99584C1:LeaderElection42] INFO  server.RaftServerConfigKeys (ConfUtils.java:logGet(43)) - raft.server.rpc.sleep.time = 25ms (default)
2019-08-28 19:11:50,399 [b2a7f730-984e-473a-b8b8-9318ecaec820:group-50F1F99584C1:LeaderElection42] INFO  server.RaftServerConfigKeys (ConfUtils.java:logGet(43)) - raft.server.write.element-limit = 4096 (default)
2019-08-28 19:11:50,399 [b2a7f730-984e-473a-b8b8-9318ecaec820:group-50F1F99584C1:LeaderElection42] INFO  server.RaftServerConfigKeys (ConfUtils.java:logGet(43)) - raft.server.watch.timeout = 10s (default)
2019-08-28 19:11:50,399 [b2a7f730-984e-473a-b8b8-9318ecaec820:group-50F1F99584C1:LeaderElection42] INFO  server.RaftServerConfigKeys (ConfUtils.java:logGet(43)) - raft.server.watch.timeout.denomination = 1s (default)
2019-08-28 19:11:50,400 [b2a7f730-984e-473a-b8b8-9318ecaec820:group-50F1F99584C1:LeaderElection42] INFO  server.RaftServerConfigKeys (ConfUtils.java:logGet(43)) - raft.server.watch.element-limit = 65536 (default)
2019-08-28 19:11:50,400 [b2a7f730-984e-473a-b8b8-9318ecaec820:group-50F1F99584C1:LeaderElection42] INFO  impl.RoleInfo (RoleInfo.java:updateAndGet(143)) - b2a7f730-984e-473a-b8b8-9318ecaec820: start LeaderState
2019-08-28 19:11:50,400 [b2a7f730-984e-473a-b8b8-9318ecaec820:group-50F1F99584C1:LeaderElection42] INFO  segmented.SegmentedRaftLogWorker (SegmentedRaftLogWorker.java:startLogSegment(380)) - b2a7f730-984e-473a-b8b8-9318ecaec820-SegmentedRaftLogWorker:Storage Directory /workdir/hadoop-ozone/integration-test/target/test-dir/MiniOzoneClusterImpl-95e23c98-e492-4cad-aeea-48d386549ca1/datanode-0/data/ratis/a33d8144-5ba1-4ae5-a312-50f1f99584c1: Starting segment from index:0
2019-08-28 19:11:50,401 [b2a7f730-984e-473a-b8b8-9318ecaec820:group-50F1F99584C1:LeaderElection42] INFO  impl.RaftServerImpl (ServerState.java:setRaftConf(361)) - b2a7f730-984e-473a-b8b8-9318ecaec820:group-50F1F99584C1 set configuration 0: [b2a7f730-984e-473a-b8b8-9318ecaec820:192.168.69.126:34899], old=null at 0
2019-08-28 19:11:50,442 | INFO  | SCMAudit | user=jenkins1000 | ip=192.168.69.126 | op=SEND_HEARTBEAT {datanodeUUID=65661374-e9ce-4ca4-abba-b6075fbab1cd, command=[]} | ret=SUCCESS |  
2019-08-28 19:11:50,462 [b2a7f730-984e-473a-b8b8-9318ecaec820-SegmentedRaftLogWorker:Storage Directory /workdir/hadoop-ozone/integration-test/target/test-dir/MiniOzoneClusterImpl-95e23c98-e492-4cad-aeea-48d386549ca1/datanode-0/data/ratis/a33d8144-5ba1-4ae5-a312-50f1f99584c1] INFO  segmented.SegmentedRaftLogWorker (SegmentedRaftLogWorker.java:execute(569)) - b2a7f730-984e-473a-b8b8-9318ecaec820-SegmentedRaftLogWorker:Storage Directory /workdir/hadoop-ozone/integration-test/target/test-dir/MiniOzoneClusterImpl-95e23c98-e492-4cad-aeea-48d386549ca1/datanode-0/data/ratis/a33d8144-5ba1-4ae5-a312-50f1f99584c1: created new log segment /workdir/hadoop-ozone/integration-test/target/test-dir/MiniOzoneClusterImpl-95e23c98-e492-4cad-aeea-48d386549ca1/datanode-0/data/ratis/a33d8144-5ba1-4ae5-a312-50f1f99584c1/current/log_inprogress_0
2019-08-28 19:11:50,520 [Thread-1003] INFO  impl.FollowerState (FollowerState.java:run(106)) - 9baf0294-3496-4e1f-b0fa-15839a24912d:group-13AB87EF3D6C changes to CANDIDATE, lastRpcTime:5087, electionTimeout:5087ms
2019-08-28 19:11:50,520 [Thread-1003] INFO  impl.RoleInfo (RoleInfo.java:shutdownFollowerState(121)) - 9baf0294-3496-4e1f-b0fa-15839a24912d: shutdown FollowerState
2019-08-28 19:11:50,520 [Thread-1003] INFO  impl.RaftServerImpl (RaftServerImpl.java:setRole(171)) - 9baf0294-3496-4e1f-b0fa-15839a24912d:group-13AB87EF3D6C changes role from FOLLOWER to CANDIDATE at term 0 for changeToCandidate
2019-08-28 19:11:50,520 [Thread-1003] INFO  impl.RoleInfo (RoleInfo.java:updateAndGet(143)) - 9baf0294-3496-4e1f-b0fa-15839a24912d: start LeaderElection
2019-08-28 19:11:50,547 [9baf0294-3496-4e1f-b0fa-15839a24912d:group-13AB87EF3D6C:LeaderElection43] INFO  impl.LeaderElection (LeaderElection.java:askForVotes(181)) - 9baf0294-3496-4e1f-b0fa-15839a24912d:group-13AB87EF3D6C:LeaderElection43: begin an election at term 1 for -1: [9baf0294-3496-4e1f-b0fa-15839a24912d:192.168.69.126:46809], old=null
2019-08-28 19:11:50,547 [9baf0294-3496-4e1f-b0fa-15839a24912d:group-13AB87EF3D6C:LeaderElection43] INFO  impl.RoleInfo (RoleInfo.java:shutdownLeaderElection(134)) - 9baf0294-3496-4e1f-b0fa-15839a24912d: shutdown LeaderElection
2019-08-28 19:11:50,548 [9baf0294-3496-4e1f-b0fa-15839a24912d:group-13AB87EF3D6C:LeaderElection43] INFO  impl.RaftServerImpl (RaftServerImpl.java:setRole(171)) - 9baf0294-3496-4e1f-b0fa-15839a24912d:group-13AB87EF3D6C changes role from CANDIDATE to LEADER at term 1 for changeToLeader
2019-08-28 19:11:50,548 [9baf0294-3496-4e1f-b0fa-15839a24912d:group-13AB87EF3D6C:LeaderElection43] INFO  impl.RaftServerImpl (ServerState.java:setLeader(263)) - 9baf0294-3496-4e1f-b0fa-15839a24912d:group-13AB87EF3D6C change Leader from null to 9baf0294-3496-4e1f-b0fa-15839a24912d at term 1 for becomeLeader, leader elected after 5120ms
2019-08-28 19:11:50,551 [9baf0294-3496-4e1f-b0fa-15839a24912d:group-13AB87EF3D6C:LeaderElection43] INFO  server.RaftServerConfigKeys (ConfUtils.java:logGet(43)) - raft.server.staging.catchup.gap = 1000 (default)
2019-08-28 19:11:50,552 [9baf0294-3496-4e1f-b0fa-15839a24912d:group-13AB87EF3D6C:LeaderElection43] INFO  server.RaftServerConfigKeys (ConfUtils.java:logGet(43)) - raft.server.rpc.sleep.time = 25ms (default)
2019-08-28 19:11:50,552 [9baf0294-3496-4e1f-b0fa-15839a24912d:group-13AB87EF3D6C:LeaderElection43] INFO  server.RaftServerConfigKeys (ConfUtils.java:logGet(43)) - raft.server.write.element-limit = 4096 (default)
2019-08-28 19:11:50,552 [9baf0294-3496-4e1f-b0fa-15839a24912d:group-13AB87EF3D6C:LeaderElection43] INFO  server.RaftServerConfigKeys (ConfUtils.java:logGet(43)) - raft.server.watch.timeout = 10s (default)
2019-08-28 19:11:50,552 [9baf0294-3496-4e1f-b0fa-15839a24912d:group-13AB87EF3D6C:LeaderElection43] INFO  server.RaftServerConfigKeys (ConfUtils.java:logGet(43)) - raft.server.watch.timeout.denomination = 1s (default)
2019-08-28 19:11:50,552 [9baf0294-3496-4e1f-b0fa-15839a24912d:group-13AB87EF3D6C:LeaderElection43] INFO  server.RaftServerConfigKeys (ConfUtils.java:logGet(43)) - raft.server.watch.element-limit = 65536 (default)
2019-08-28 19:11:50,553 [9baf0294-3496-4e1f-b0fa-15839a24912d:group-13AB87EF3D6C:LeaderElection43] INFO  impl.RoleInfo (RoleInfo.java:updateAndGet(143)) - 9baf0294-3496-4e1f-b0fa-15839a24912d: start LeaderState
2019-08-28 19:11:50,553 [9baf0294-3496-4e1f-b0fa-15839a24912d:group-13AB87EF3D6C:LeaderElection43] INFO  segmented.SegmentedRaftLogWorker (SegmentedRaftLogWorker.java:startLogSegment(380)) - 9baf0294-3496-4e1f-b0fa-15839a24912d-SegmentedRaftLogWorker:Storage Directory /workdir/hadoop-ozone/integration-test/target/test-dir/MiniOzoneClusterImpl-95e23c98-e492-4cad-aeea-48d386549ca1/datanode-1/data/ratis/6a889c84-4046-4fcb-a868-13ab87ef3d6c: Starting segment from index:0
2019-08-28 19:11:50,554 [9baf0294-3496-4e1f-b0fa-15839a24912d:group-13AB87EF3D6C:LeaderElection43] INFO  impl.RaftServerImpl (ServerState.java:setRaftConf(361)) - 9baf0294-3496-4e1f-b0fa-15839a24912d:group-13AB87EF3D6C set configuration 0: [9baf0294-3496-4e1f-b0fa-15839a24912d:192.168.69.126:46809], old=null at 0
2019-08-28 19:11:50,598 [9baf0294-3496-4e1f-b0fa-15839a24912d-SegmentedRaftLogWorker:Storage Directory /workdir/hadoop-ozone/integration-test/target/test-dir/MiniOzoneClusterImpl-95e23c98-e492-4cad-aeea-48d386549ca1/datanode-1/data/ratis/6a889c84-4046-4fcb-a868-13ab87ef3d6c] INFO  segmented.SegmentedRaftLogWorker (SegmentedRaftLogWorker.java:execute(569)) - 9baf0294-3496-4e1f-b0fa-15839a24912d-SegmentedRaftLogWorker:Storage Directory /workdir/hadoop-ozone/integration-test/target/test-dir/MiniOzoneClusterImpl-95e23c98-e492-4cad-aeea-48d386549ca1/datanode-1/data/ratis/6a889c84-4046-4fcb-a868-13ab87ef3d6c: created new log segment /workdir/hadoop-ozone/integration-test/target/test-dir/MiniOzoneClusterImpl-95e23c98-e492-4cad-aeea-48d386549ca1/datanode-1/data/ratis/6a889c84-4046-4fcb-a868-13ab87ef3d6c/current/log_inprogress_0
2019-08-28 19:11:50,678 | INFO  | SCMAudit | user=jenkins1000 | ip=192.168.69.126 | op=SEND_HEARTBEAT {datanodeUUID=380f265b-6eb4-4d9a-b903-bb6ed6e5f324, command=[]} | ret=SUCCESS |  
2019-08-28 19:11:50,822 | INFO  | SCMAudit | user=jenkins1000 | ip=192.168.69.126 | op=SEND_HEARTBEAT {datanodeUUID=1742c727-6833-42d8-ac98-e1d010bd591d, command=[]} | ret=SUCCESS |  
2019-08-28 19:11:50,843 [grpc-default-executor-4] INFO  client.GrpcClientProtocolClient (GrpcClientProtocolClient.java:onNext(255)) - client-02B52F649350->9baf0294-3496-4e1f-b0fa-15839a24912d: receive RaftClientReply:client-02B52F649350->9baf0294-3496-4e1f-b0fa-15839a24912d@group-9D35AC187D3C, cid=50, FAILED org.apache.ratis.protocol.NotLeaderException: Server 9baf0294-3496-4e1f-b0fa-15839a24912d is not the leader (null). Request must be sent to leader., logIndex=0, commits[9baf0294-3496-4e1f-b0fa-15839a24912d:c-1]
2019-08-28 19:11:51,012 | INFO  | SCMAudit | user=jenkins1000 | ip=192.168.69.126 | op=SEND_HEARTBEAT {datanodeUUID=00414077-5234-4a26-9ed1-ac73b87b4b8e, command=[]} | ret=SUCCESS |  
2019-08-28 19:11:51,065 [Thread-1006] INFO  impl.FollowerState (FollowerState.java:run(106)) - 1742c727-6833-42d8-ac98-e1d010bd591d:group-07B630A97F97 changes to CANDIDATE, lastRpcTime:5183, electionTimeout:5183ms
2019-08-28 19:11:51,065 [Thread-1006] INFO  impl.RoleInfo (RoleInfo.java:shutdownFollowerState(121)) - 1742c727-6833-42d8-ac98-e1d010bd591d: shutdown FollowerState
2019-08-28 19:11:51,066 [Thread-1006] INFO  impl.RaftServerImpl (RaftServerImpl.java:setRole(171)) - 1742c727-6833-42d8-ac98-e1d010bd591d:group-07B630A97F97 changes role from FOLLOWER to CANDIDATE at term 0 for changeToCandidate
2019-08-28 19:11:51,066 [Thread-1006] INFO  impl.RoleInfo (RoleInfo.java:updateAndGet(143)) - 1742c727-6833-42d8-ac98-e1d010bd591d: start LeaderElection
2019-08-28 19:11:51,066 [Thread-1014] INFO  impl.FollowerState (FollowerState.java:run(106)) - 9baf0294-3496-4e1f-b0fa-15839a24912d:group-9D35AC187D3C changes to CANDIDATE, lastRpcTime:5084, electionTimeout:5084ms
2019-08-28 19:11:51,066 [Thread-1014] INFO  impl.RoleInfo (RoleInfo.java:shutdownFollowerState(121)) - 9baf0294-3496-4e1f-b0fa-15839a24912d: shutdown FollowerState
2019-08-28 19:11:51,066 [Thread-1014] INFO  impl.RaftServerImpl (RaftServerImpl.java:setRole(171)) - 9baf0294-3496-4e1f-b0fa-15839a24912d:group-9D35AC187D3C changes role from FOLLOWER to CANDIDATE at term 0 for changeToCandidate
2019-08-28 19:11:51,066 [Thread-1014] INFO  impl.RoleInfo (RoleInfo.java:updateAndGet(143)) - 9baf0294-3496-4e1f-b0fa-15839a24912d: start LeaderElection
2019-08-28 19:11:51,084 [Thread-1013] INFO  impl.FollowerState (FollowerState.java:run(106)) - b2a7f730-984e-473a-b8b8-9318ecaec820:group-9D35AC187D3C changes to CANDIDATE, lastRpcTime:5103, electionTimeout:5103ms
2019-08-28 19:11:51,085 [Thread-1013] INFO  impl.RoleInfo (RoleInfo.java:shutdownFollowerState(121)) - b2a7f730-984e-473a-b8b8-9318ecaec820: shutdown FollowerState
2019-08-28 19:11:51,085 [Thread-1013] INFO  impl.RaftServerImpl (RaftServerImpl.java:setRole(171)) - b2a7f730-984e-473a-b8b8-9318ecaec820:group-9D35AC187D3C changes role from FOLLOWER to CANDIDATE at term 0 for changeToCandidate
2019-08-28 19:11:51,085 [Thread-1013] INFO  impl.RoleInfo (RoleInfo.java:updateAndGet(143)) - b2a7f730-984e-473a-b8b8-9318ecaec820: start LeaderElection
2019-08-28 19:11:51,088 [1742c727-6833-42d8-ac98-e1d010bd591d:group-07B630A97F97:LeaderElection44] INFO  impl.LeaderElection (LeaderElection.java:askForVotes(181)) - 1742c727-6833-42d8-ac98-e1d010bd591d:group-07B630A97F97:LeaderElection44: begin an election at term 1 for -1: [1742c727-6833-42d8-ac98-e1d010bd591d:192.168.69.126:37544], old=null
2019-08-28 19:11:51,088 [9baf0294-3496-4e1f-b0fa-15839a24912d:group-9D35AC187D3C:LeaderElection45] INFO  impl.LeaderElection (LeaderElection.java:askForVotes(181)) - 9baf0294-3496-4e1f-b0fa-15839a24912d:group-9D35AC187D3C:LeaderElection45: begin an election at term 1 for -1: [1742c727-6833-42d8-ac98-e1d010bd591d:192.168.69.126:37544, b2a7f730-984e-473a-b8b8-9318ecaec820:192.168.69.126:34899, 9baf0294-3496-4e1f-b0fa-15839a24912d:192.168.69.126:46809], old=null
2019-08-28 19:11:51,089 [1742c727-6833-42d8-ac98-e1d010bd591d:group-07B630A97F97:LeaderElection44] INFO  impl.RoleInfo (RoleInfo.java:shutdownLeaderElection(134)) - 1742c727-6833-42d8-ac98-e1d010bd591d: shutdown LeaderElection
2019-08-28 19:11:51,089 [1742c727-6833-42d8-ac98-e1d010bd591d:group-07B630A97F97:LeaderElection44] INFO  impl.RaftServerImpl (RaftServerImpl.java:setRole(171)) - 1742c727-6833-42d8-ac98-e1d010bd591d:group-07B630A97F97 changes role from CANDIDATE to LEADER at term 1 for changeToLeader
2019-08-28 19:11:51,089 [1742c727-6833-42d8-ac98-e1d010bd591d:group-07B630A97F97:LeaderElection44] INFO  impl.RaftServerImpl (ServerState.java:setLeader(263)) - 1742c727-6833-42d8-ac98-e1d010bd591d:group-07B630A97F97 change Leader from null to 1742c727-6833-42d8-ac98-e1d010bd591d at term 1 for becomeLeader, leader elected after 5212ms
2019-08-28 19:11:51,091 [1742c727-6833-42d8-ac98-e1d010bd591d:group-07B630A97F97:LeaderElection44] INFO  server.RaftServerConfigKeys (ConfUtils.java:logGet(43)) - raft.server.staging.catchup.gap = 1000 (default)
2019-08-28 19:11:51,091 [b2a7f730-984e-473a-b8b8-9318ecaec820:group-9D35AC187D3C:LeaderElection46] INFO  impl.LeaderElection (LeaderElection.java:askForVotes(181)) - b2a7f730-984e-473a-b8b8-9318ecaec820:group-9D35AC187D3C:LeaderElection46: begin an election at term 1 for -1: [1742c727-6833-42d8-ac98-e1d010bd591d:192.168.69.126:37544, b2a7f730-984e-473a-b8b8-9318ecaec820:192.168.69.126:34899, 9baf0294-3496-4e1f-b0fa-15839a24912d:192.168.69.126:46809], old=null
2019-08-28 19:11:51,091 [1742c727-6833-42d8-ac98-e1d010bd591d:group-07B630A97F97:LeaderElection44] INFO  server.RaftServerConfigKeys (ConfUtils.java:logGet(43)) - raft.server.rpc.sleep.time = 25ms (default)
2019-08-28 19:11:51,092 [1742c727-6833-42d8-ac98-e1d010bd591d:group-07B630A97F97:LeaderElection44] INFO  server.RaftServerConfigKeys (ConfUtils.java:logGet(43)) - raft.server.write.element-limit = 4096 (default)
2019-08-28 19:11:51,092 [1742c727-6833-42d8-ac98-e1d010bd591d:group-07B630A97F97:LeaderElection44] INFO  server.RaftServerConfigKeys (ConfUtils.java:logGet(43)) - raft.server.watch.timeout = 10s (default)
2019-08-28 19:11:51,094 [1742c727-6833-42d8-ac98-e1d010bd591d:group-07B630A97F97:LeaderElection44] INFO  server.RaftServerConfigKeys (ConfUtils.java:logGet(43)) - raft.server.watch.timeout.denomination = 1s (default)
2019-08-28 19:11:51,094 [1742c727-6833-42d8-ac98-e1d010bd591d:group-07B630A97F97:LeaderElection44] INFO  server.RaftServerConfigKeys (ConfUtils.java:logGet(43)) - raft.server.watch.element-limit = 65536 (default)
2019-08-28 19:11:51,098 [1742c727-6833-42d8-ac98-e1d010bd591d:group-07B630A97F97:LeaderElection44] INFO  impl.RoleInfo (RoleInfo.java:updateAndGet(143)) - 1742c727-6833-42d8-ac98-e1d010bd591d: start LeaderState
2019-08-28 19:11:51,098 [1742c727-6833-42d8-ac98-e1d010bd591d:group-07B630A97F97:LeaderElection44] INFO  segmented.SegmentedRaftLogWorker (SegmentedRaftLogWorker.java:startLogSegment(380)) - 1742c727-6833-42d8-ac98-e1d010bd591d-SegmentedRaftLogWorker:Storage Directory /workdir/hadoop-ozone/integration-test/target/test-dir/MiniOzoneClusterImpl-95e23c98-e492-4cad-aeea-48d386549ca1/datanode-2/data/ratis/17583368-5b5a-4031-8295-07b630a97f97: Starting segment from index:0
2019-08-28 19:11:51,100 [Thread-1009] INFO  impl.FollowerState (FollowerState.java:run(106)) - 1742c727-6833-42d8-ac98-e1d010bd591d:group-9D35AC187D3C changes to CANDIDATE, lastRpcTime:5125, electionTimeout:5123ms
2019-08-28 19:11:51,100 [Thread-1009] INFO  impl.RoleInfo (RoleInfo.java:shutdownFollowerState(121)) - 1742c727-6833-42d8-ac98-e1d010bd591d: shutdown FollowerState
2019-08-28 19:11:51,100 [Thread-1009] INFO  impl.RaftServerImpl (RaftServerImpl.java:setRole(171)) - 1742c727-6833-42d8-ac98-e1d010bd591d:group-9D35AC187D3C changes role from FOLLOWER to CANDIDATE at term 0 for changeToCandidate
2019-08-28 19:11:51,102 [Thread-1009] INFO  impl.RoleInfo (RoleInfo.java:updateAndGet(143)) - 1742c727-6833-42d8-ac98-e1d010bd591d: start LeaderElection
2019-08-28 19:11:51,102 [1742c727-6833-42d8-ac98-e1d010bd591d:group-07B630A97F97:LeaderElection44] INFO  impl.RaftServerImpl (ServerState.java:setRaftConf(361)) - 1742c727-6833-42d8-ac98-e1d010bd591d:group-07B630A97F97 set configuration 0: [1742c727-6833-42d8-ac98-e1d010bd591d:192.168.69.126:37544], old=null at 0
2019-08-28 19:11:51,140 | INFO  | SCMAudit | user=jenkins1000 | ip=192.168.69.126 | op=SEND_HEARTBEAT {datanodeUUID=b2a7f730-984e-473a-b8b8-9318ecaec820, command=[]} | ret=SUCCESS |  
2019-08-28 19:11:51,153 [1742c727-6833-42d8-ac98-e1d010bd591d-SegmentedRaftLogWorker:Storage Directory /workdir/hadoop-ozone/integration-test/target/test-dir/MiniOzoneClusterImpl-95e23c98-e492-4cad-aeea-48d386549ca1/datanode-2/data/ratis/17583368-5b5a-4031-8295-07b630a97f97] INFO  segmented.SegmentedRaftLogWorker (SegmentedRaftLogWorker.java:execute(569)) - 1742c727-6833-42d8-ac98-e1d010bd591d-SegmentedRaftLogWorker:Storage Directory /workdir/hadoop-ozone/integration-test/target/test-dir/MiniOzoneClusterImpl-95e23c98-e492-4cad-aeea-48d386549ca1/datanode-2/data/ratis/17583368-5b5a-4031-8295-07b630a97f97: created new log segment /workdir/hadoop-ozone/integration-test/target/test-dir/MiniOzoneClusterImpl-95e23c98-e492-4cad-aeea-48d386549ca1/datanode-2/data/ratis/17583368-5b5a-4031-8295-07b630a97f97/current/log_inprogress_0
2019-08-28 19:11:51,153 [1742c727-6833-42d8-ac98-e1d010bd591d:group-9D35AC187D3C:LeaderElection47] INFO  impl.LeaderElection (LeaderElection.java:askForVotes(181)) - 1742c727-6833-42d8-ac98-e1d010bd591d:group-9D35AC187D3C:LeaderElection47: begin an election at term 1 for -1: [1742c727-6833-42d8-ac98-e1d010bd591d:192.168.69.126:37544, b2a7f730-984e-473a-b8b8-9318ecaec820:192.168.69.126:34899, 9baf0294-3496-4e1f-b0fa-15839a24912d:192.168.69.126:46809], old=null
2019-08-28 19:11:51,159 [9baf0294-3496-4e1f-b0fa-15839a24912d:group-9D35AC187D3C:LeaderElection45] INFO  impl.LeaderElection (LeaderElection.java:logAndReturn(56)) - 9baf0294-3496-4e1f-b0fa-15839a24912d:group-9D35AC187D3C:LeaderElection45: Election REJECTED; received 2 response(s) [9baf0294-3496-4e1f-b0fa-15839a24912d<-1742c727-6833-42d8-ac98-e1d010bd591d#0:FAIL-t1, 9baf0294-3496-4e1f-b0fa-15839a24912d<-b2a7f730-984e-473a-b8b8-9318ecaec820#0:FAIL-t1] and 0 exception(s); 9baf0294-3496-4e1f-b0fa-15839a24912d:t1, leader=null, voted=9baf0294-3496-4e1f-b0fa-15839a24912d, raftlog=9baf0294-3496-4e1f-b0fa-15839a24912d-SegmentedRaftLog:OPENED:c-1,f-1,i0, conf=-1: [1742c727-6833-42d8-ac98-e1d010bd591d:192.168.69.126:37544, b2a7f730-984e-473a-b8b8-9318ecaec820:192.168.69.126:34899, 9baf0294-3496-4e1f-b0fa-15839a24912d:192.168.69.126:46809], old=null
2019-08-28 19:11:51,159 [b2a7f730-984e-473a-b8b8-9318ecaec820:group-9D35AC187D3C:LeaderElection46] INFO  impl.LeaderElection (LeaderElection.java:logAndReturn(56)) - b2a7f730-984e-473a-b8b8-9318ecaec820:group-9D35AC187D3C:LeaderElection46: Election REJECTED; received 2 response(s) [b2a7f730-984e-473a-b8b8-9318ecaec820<-1742c727-6833-42d8-ac98-e1d010bd591d#0:FAIL-t1, b2a7f730-984e-473a-b8b8-9318ecaec820<-9baf0294-3496-4e1f-b0fa-15839a24912d#0:FAIL-t1] and 0 exception(s); b2a7f730-984e-473a-b8b8-9318ecaec820:t1, leader=null, voted=b2a7f730-984e-473a-b8b8-9318ecaec820, raftlog=b2a7f730-984e-473a-b8b8-9318ecaec820-SegmentedRaftLog:OPENED:c-1,f-1,i0, conf=-1: [1742c727-6833-42d8-ac98-e1d010bd591d:192.168.69.126:37544, b2a7f730-984e-473a-b8b8-9318ecaec820:192.168.69.126:34899, 9baf0294-3496-4e1f-b0fa-15839a24912d:192.168.69.126:46809], old=null
2019-08-28 19:11:51,161 [9baf0294-3496-4e1f-b0fa-15839a24912d:group-9D35AC187D3C:LeaderElection45] INFO  impl.RaftServerImpl (RaftServerImpl.java:setRole(171)) - 9baf0294-3496-4e1f-b0fa-15839a24912d:group-9D35AC187D3C changes role from CANDIDATE to FOLLOWER at term 1 for DISCOVERED_A_NEW_TERM
2019-08-28 19:11:51,162 [b2a7f730-984e-473a-b8b8-9318ecaec820:group-9D35AC187D3C:LeaderElection46] INFO  impl.RaftServerImpl (RaftServerImpl.java:setRole(171)) - b2a7f730-984e-473a-b8b8-9318ecaec820:group-9D35AC187D3C changes role from CANDIDATE to FOLLOWER at term 1 for DISCOVERED_A_NEW_TERM
2019-08-28 19:11:51,162 [9baf0294-3496-4e1f-b0fa-15839a24912d:group-9D35AC187D3C:LeaderElection45] INFO  impl.RoleInfo (RoleInfo.java:shutdownLeaderElection(134)) - 9baf0294-3496-4e1f-b0fa-15839a24912d: shutdown LeaderElection
2019-08-28 19:11:51,162 [b2a7f730-984e-473a-b8b8-9318ecaec820:group-9D35AC187D3C:LeaderElection46] INFO  impl.RoleInfo (RoleInfo.java:shutdownLeaderElection(134)) - b2a7f730-984e-473a-b8b8-9318ecaec820: shutdown LeaderElection
2019-08-28 19:11:51,162 [9baf0294-3496-4e1f-b0fa-15839a24912d:group-9D35AC187D3C:LeaderElection45] INFO  impl.RoleInfo (RoleInfo.java:updateAndGet(143)) - 9baf0294-3496-4e1f-b0fa-15839a24912d: start FollowerState
2019-08-28 19:11:51,162 [b2a7f730-984e-473a-b8b8-9318ecaec820:group-9D35AC187D3C:LeaderElection46] INFO  impl.RoleInfo (RoleInfo.java:updateAndGet(143)) - b2a7f730-984e-473a-b8b8-9318ecaec820: start FollowerState
2019-08-28 19:11:51,171 [1742c727-6833-42d8-ac98-e1d010bd591d:group-9D35AC187D3C:LeaderElection47] INFO  impl.LeaderElection (LeaderElection.java:logAndReturn(56)) - 1742c727-6833-42d8-ac98-e1d010bd591d:group-9D35AC187D3C:LeaderElection47: Election REJECTED; received 2 response(s) [1742c727-6833-42d8-ac98-e1d010bd591d<-b2a7f730-984e-473a-b8b8-9318ecaec820#0:FAIL-t1, 1742c727-6833-42d8-ac98-e1d010bd591d<-9baf0294-3496-4e1f-b0fa-15839a24912d#0:FAIL-t1] and 0 exception(s); 1742c727-6833-42d8-ac98-e1d010bd591d:t1, leader=null, voted=1742c727-6833-42d8-ac98-e1d010bd591d, raftlog=1742c727-6833-42d8-ac98-e1d010bd591d-SegmentedRaftLog:OPENED:c-1,f-1,i0, conf=-1: [1742c727-6833-42d8-ac98-e1d010bd591d:192.168.69.126:37544, b2a7f730-984e-473a-b8b8-9318ecaec820:192.168.69.126:34899, 9baf0294-3496-4e1f-b0fa-15839a24912d:192.168.69.126:46809], old=null
2019-08-28 19:11:51,171 [1742c727-6833-42d8-ac98-e1d010bd591d:group-9D35AC187D3C:LeaderElection47] INFO  impl.RaftServerImpl (RaftServerImpl.java:setRole(171)) - 1742c727-6833-42d8-ac98-e1d010bd591d:group-9D35AC187D3C changes role from CANDIDATE to FOLLOWER at term 1 for DISCOVERED_A_NEW_TERM
2019-08-28 19:11:51,171 [1742c727-6833-42d8-ac98-e1d010bd591d:group-9D35AC187D3C:LeaderElection47] INFO  impl.RoleInfo (RoleInfo.java:shutdownLeaderElection(134)) - 1742c727-6833-42d8-ac98-e1d010bd591d: shutdown LeaderElection
2019-08-28 19:11:51,171 [1742c727-6833-42d8-ac98-e1d010bd591d:group-9D35AC187D3C:LeaderElection47] INFO  impl.RoleInfo (RoleInfo.java:updateAndGet(143)) - 1742c727-6833-42d8-ac98-e1d010bd591d: start FollowerState
2019-08-28 19:11:51,247 | INFO  | SCMAudit | user=jenkins1000 | ip=192.168.69.126 | op=SEND_HEARTBEAT {datanodeUUID=3dbe2e87-433a-404a-bf79-c232f3c44ae6, command=[]} | ret=SUCCESS |  
2019-08-28 19:11:51,281 [Thread-1018] INFO  impl.FollowerState (FollowerState.java:run(106)) - 00414077-5234-4a26-9ed1-ac73b87b4b8e:group-85E1F9232965 changes to CANDIDATE, lastRpcTime:5209, electionTimeout:5195ms
2019-08-28 19:11:51,281 [Thread-1018] INFO  impl.RoleInfo (RoleInfo.java:shutdownFollowerState(121)) - 00414077-5234-4a26-9ed1-ac73b87b4b8e: shutdown FollowerState
2019-08-28 19:11:51,282 [Thread-1018] INFO  impl.RaftServerImpl (RaftServerImpl.java:setRole(171)) - 00414077-5234-4a26-9ed1-ac73b87b4b8e:group-85E1F9232965 changes role from FOLLOWER to CANDIDATE at term 0 for changeToCandidate
2019-08-28 19:11:51,282 [Thread-1018] INFO  impl.RoleInfo (RoleInfo.java:updateAndGet(143)) - 00414077-5234-4a26-9ed1-ac73b87b4b8e: start LeaderElection
2019-08-28 19:11:51,311 [00414077-5234-4a26-9ed1-ac73b87b4b8e:group-85E1F9232965:LeaderElection48] INFO  impl.LeaderElection (LeaderElection.java:askForVotes(181)) - 00414077-5234-4a26-9ed1-ac73b87b4b8e:group-85E1F9232965:LeaderElection48: begin an election at term 1 for -1: [00414077-5234-4a26-9ed1-ac73b87b4b8e:192.168.69.126:40831], old=null
2019-08-28 19:11:51,312 [00414077-5234-4a26-9ed1-ac73b87b4b8e:group-85E1F9232965:LeaderElection48] INFO  impl.RoleInfo (RoleInfo.java:shutdownLeaderElection(134)) - 00414077-5234-4a26-9ed1-ac73b87b4b8e: shutdown LeaderElection
2019-08-28 19:11:51,312 [00414077-5234-4a26-9ed1-ac73b87b4b8e:group-85E1F9232965:LeaderElection48] INFO  impl.RaftServerImpl (RaftServerImpl.java:setRole(171)) - 00414077-5234-4a26-9ed1-ac73b87b4b8e:group-85E1F9232965 changes role from CANDIDATE to LEADER at term 1 for changeToLeader
2019-08-28 19:11:51,312 [00414077-5234-4a26-9ed1-ac73b87b4b8e:group-85E1F9232965:LeaderElection48] INFO  impl.RaftServerImpl (ServerState.java:setLeader(263)) - 00414077-5234-4a26-9ed1-ac73b87b4b8e:group-85E1F9232965 change Leader from null to 00414077-5234-4a26-9ed1-ac73b87b4b8e at term 1 for becomeLeader, leader elected after 5243ms
2019-08-28 19:11:51,315 [00414077-5234-4a26-9ed1-ac73b87b4b8e:group-85E1F9232965:LeaderElection48] INFO  server.RaftServerConfigKeys (ConfUtils.java:logGet(43)) - raft.server.staging.catchup.gap = 1000 (default)
2019-08-28 19:11:51,315 [00414077-5234-4a26-9ed1-ac73b87b4b8e:group-85E1F9232965:LeaderElection48] INFO  server.RaftServerConfigKeys (ConfUtils.java:logGet(43)) - raft.server.rpc.sleep.time = 25ms (default)
2019-08-28 19:11:51,315 [00414077-5234-4a26-9ed1-ac73b87b4b8e:group-85E1F9232965:LeaderElection48] INFO  server.RaftServerConfigKeys (ConfUtils.java:logGet(43)) - raft.server.write.element-limit = 4096 (default)
2019-08-28 19:11:51,315 [00414077-5234-4a26-9ed1-ac73b87b4b8e:group-85E1F9232965:LeaderElection48] INFO  server.RaftServerConfigKeys (ConfUtils.java:logGet(43)) - raft.server.watch.timeout = 10s (default)
2019-08-28 19:11:51,315 [00414077-5234-4a26-9ed1-ac73b87b4b8e:group-85E1F9232965:LeaderElection48] INFO  server.RaftServerConfigKeys (ConfUtils.java:logGet(43)) - raft.server.watch.timeout.denomination = 1s (default)
2019-08-28 19:11:51,315 [00414077-5234-4a26-9ed1-ac73b87b4b8e:group-85E1F9232965:LeaderElection48] INFO  server.RaftServerConfigKeys (ConfUtils.java:logGet(43)) - raft.server.watch.element-limit = 65536 (default)
2019-08-28 19:11:51,316 [00414077-5234-4a26-9ed1-ac73b87b4b8e:group-85E1F9232965:LeaderElection48] INFO  impl.RoleInfo (RoleInfo.java:updateAndGet(143)) - 00414077-5234-4a26-9ed1-ac73b87b4b8e: start LeaderState
2019-08-28 19:11:51,316 [00414077-5234-4a26-9ed1-ac73b87b4b8e:group-85E1F9232965:LeaderElection48] INFO  segmented.SegmentedRaftLogWorker (SegmentedRaftLogWorker.java:startLogSegment(380)) - 00414077-5234-4a26-9ed1-ac73b87b4b8e-SegmentedRaftLogWorker:Storage Directory /workdir/hadoop-ozone/integration-test/target/test-dir/MiniOzoneClusterImpl-95e23c98-e492-4cad-aeea-48d386549ca1/datanode-3/data/ratis/07c7c22e-81fb-425c-82f0-85e1f9232965: Starting segment from index:0
2019-08-28 19:11:51,317 [00414077-5234-4a26-9ed1-ac73b87b4b8e:group-85E1F9232965:LeaderElection48] INFO  impl.RaftServerImpl (ServerState.java:setRaftConf(361)) - 00414077-5234-4a26-9ed1-ac73b87b4b8e:group-85E1F9232965 set configuration 0: [00414077-5234-4a26-9ed1-ac73b87b4b8e:192.168.69.126:40831], old=null at 0
2019-08-28 19:11:51,356 [Thread-1021] INFO  impl.FollowerState (FollowerState.java:run(106)) - 3dbe2e87-433a-404a-bf79-c232f3c44ae6:group-9DE5B8F10279 changes to CANDIDATE, lastRpcTime:5053, electionTimeout:5053ms
2019-08-28 19:11:51,356 [Thread-1021] INFO  impl.RoleInfo (RoleInfo.java:shutdownFollowerState(121)) - 3dbe2e87-433a-404a-bf79-c232f3c44ae6: shutdown FollowerState
2019-08-28 19:11:51,356 [Thread-1021] INFO  impl.RaftServerImpl (RaftServerImpl.java:setRole(171)) - 3dbe2e87-433a-404a-bf79-c232f3c44ae6:group-9DE5B8F10279 changes role from FOLLOWER to CANDIDATE at term 0 for changeToCandidate
2019-08-28 19:11:51,356 [Thread-1021] INFO  impl.RoleInfo (RoleInfo.java:updateAndGet(143)) - 3dbe2e87-433a-404a-bf79-c232f3c44ae6: start LeaderElection
2019-08-28 19:11:51,363 | INFO  | SCMAudit | user=jenkins1000 | ip=192.168.69.126 | op=SEND_HEARTBEAT {datanodeUUID=9baf0294-3496-4e1f-b0fa-15839a24912d, command=[]} | ret=SUCCESS |  
2019-08-28 19:11:51,364 [00414077-5234-4a26-9ed1-ac73b87b4b8e-SegmentedRaftLogWorker:Storage Directory /workdir/hadoop-ozone/integration-test/target/test-dir/MiniOzoneClusterImpl-95e23c98-e492-4cad-aeea-48d386549ca1/datanode-3/data/ratis/07c7c22e-81fb-425c-82f0-85e1f9232965] INFO  segmented.SegmentedRaftLogWorker (SegmentedRaftLogWorker.java:execute(569)) - 00414077-5234-4a26-9ed1-ac73b87b4b8e-SegmentedRaftLogWorker:Storage Directory /workdir/hadoop-ozone/integration-test/target/test-dir/MiniOzoneClusterImpl-95e23c98-e492-4cad-aeea-48d386549ca1/datanode-3/data/ratis/07c7c22e-81fb-425c-82f0-85e1f9232965: created new log segment /workdir/hadoop-ozone/integration-test/target/test-dir/MiniOzoneClusterImpl-95e23c98-e492-4cad-aeea-48d386549ca1/datanode-3/data/ratis/07c7c22e-81fb-425c-82f0-85e1f9232965/current/log_inprogress_0
2019-08-28 19:11:51,384 [3dbe2e87-433a-404a-bf79-c232f3c44ae6:group-9DE5B8F10279:LeaderElection49] INFO  impl.LeaderElection (LeaderElection.java:askForVotes(181)) - 3dbe2e87-433a-404a-bf79-c232f3c44ae6:group-9DE5B8F10279:LeaderElection49: begin an election at term 1 for -1: [3dbe2e87-433a-404a-bf79-c232f3c44ae6:192.168.69.126:43291], old=null
2019-08-28 19:11:51,385 [3dbe2e87-433a-404a-bf79-c232f3c44ae6:group-9DE5B8F10279:LeaderElection49] INFO  impl.RoleInfo (RoleInfo.java:shutdownLeaderElection(134)) - 3dbe2e87-433a-404a-bf79-c232f3c44ae6: shutdown LeaderElection
2019-08-28 19:11:51,385 [3dbe2e87-433a-404a-bf79-c232f3c44ae6:group-9DE5B8F10279:LeaderElection49] INFO  impl.RaftServerImpl (RaftServerImpl.java:setRole(171)) - 3dbe2e87-433a-404a-bf79-c232f3c44ae6:group-9DE5B8F10279 changes role from CANDIDATE to LEADER at term 1 for changeToLeader
2019-08-28 19:11:51,385 [3dbe2e87-433a-404a-bf79-c232f3c44ae6:group-9DE5B8F10279:LeaderElection49] INFO  impl.RaftServerImpl (ServerState.java:setLeader(263)) - 3dbe2e87-433a-404a-bf79-c232f3c44ae6:group-9DE5B8F10279 change Leader from null to 3dbe2e87-433a-404a-bf79-c232f3c44ae6 at term 1 for becomeLeader, leader elected after 5085ms
2019-08-28 19:11:51,388 [3dbe2e87-433a-404a-bf79-c232f3c44ae6:group-9DE5B8F10279:LeaderElection49] INFO  server.RaftServerConfigKeys (ConfUtils.java:logGet(43)) - raft.server.staging.catchup.gap = 1000 (default)
2019-08-28 19:11:51,388 [3dbe2e87-433a-404a-bf79-c232f3c44ae6:group-9DE5B8F10279:LeaderElection49] INFO  server.RaftServerConfigKeys (ConfUtils.java:logGet(43)) - raft.server.rpc.sleep.time = 25ms (default)
2019-08-28 19:11:51,388 [3dbe2e87-433a-404a-bf79-c232f3c44ae6:group-9DE5B8F10279:LeaderElection49] INFO  server.RaftServerConfigKeys (ConfUtils.java:logGet(43)) - raft.server.write.element-limit = 4096 (default)
2019-08-28 19:11:51,388 [3dbe2e87-433a-404a-bf79-c232f3c44ae6:group-9DE5B8F10279:LeaderElection49] INFO  server.RaftServerConfigKeys (ConfUtils.java:logGet(43)) - raft.server.watch.timeout = 10s (default)
2019-08-28 19:11:51,388 [3dbe2e87-433a-404a-bf79-c232f3c44ae6:group-9DE5B8F10279:LeaderElection49] INFO  server.RaftServerConfigKeys (ConfUtils.java:logGet(43)) - raft.server.watch.timeout.denomination = 1s (default)
2019-08-28 19:11:51,388 [3dbe2e87-433a-404a-bf79-c232f3c44ae6:group-9DE5B8F10279:LeaderElection49] INFO  server.RaftServerConfigKeys (ConfUtils.java:logGet(43)) - raft.server.watch.element-limit = 65536 (default)
2019-08-28 19:11:51,388 [3dbe2e87-433a-404a-bf79-c232f3c44ae6:group-9DE5B8F10279:LeaderElection49] INFO  impl.RoleInfo (RoleInfo.java:updateAndGet(143)) - 3dbe2e87-433a-404a-bf79-c232f3c44ae6: start LeaderState
2019-08-28 19:11:51,388 [3dbe2e87-433a-404a-bf79-c232f3c44ae6:group-9DE5B8F10279:LeaderElection49] INFO  segmented.SegmentedRaftLogWorker (SegmentedRaftLogWorker.java:startLogSegment(380)) - 3dbe2e87-433a-404a-bf79-c232f3c44ae6-SegmentedRaftLogWorker:Storage Directory /workdir/hadoop-ozone/integration-test/target/test-dir/MiniOzoneClusterImpl-95e23c98-e492-4cad-aeea-48d386549ca1/datanode-4/data/ratis/131c3508-ed47-4bef-8b86-9de5b8f10279: Starting segment from index:0
2019-08-28 19:11:51,389 [3dbe2e87-433a-404a-bf79-c232f3c44ae6:group-9DE5B8F10279:LeaderElection49] INFO  impl.RaftServerImpl (ServerState.java:setRaftConf(361)) - 3dbe2e87-433a-404a-bf79-c232f3c44ae6:group-9DE5B8F10279 set configuration 0: [3dbe2e87-433a-404a-bf79-c232f3c44ae6:192.168.69.126:43291], old=null at 0
2019-08-28 19:11:51,442 | INFO  | SCMAudit | user=jenkins1000 | ip=192.168.69.126 | op=SEND_HEARTBEAT {datanodeUUID=65661374-e9ce-4ca4-abba-b6075fbab1cd, command=[]} | ret=SUCCESS |  
2019-08-28 19:11:51,496 [3dbe2e87-433a-404a-bf79-c232f3c44ae6-SegmentedRaftLogWorker:Storage Directory /workdir/hadoop-ozone/integration-test/target/test-dir/MiniOzoneClusterImpl-95e23c98-e492-4cad-aeea-48d386549ca1/datanode-4/data/ratis/131c3508-ed47-4bef-8b86-9de5b8f10279] INFO  segmented.SegmentedRaftLogWorker (SegmentedRaftLogWorker.java:execute(569)) - 3dbe2e87-433a-404a-bf79-c232f3c44ae6-SegmentedRaftLogWorker:Storage Directory /workdir/hadoop-ozone/integration-test/target/test-dir/MiniOzoneClusterImpl-95e23c98-e492-4cad-aeea-48d386549ca1/datanode-4/data/ratis/131c3508-ed47-4bef-8b86-9de5b8f10279: created new log segment /workdir/hadoop-ozone/integration-test/target/test-dir/MiniOzoneClusterImpl-95e23c98-e492-4cad-aeea-48d386549ca1/datanode-4/data/ratis/131c3508-ed47-4bef-8b86-9de5b8f10279/current/log_inprogress_0
2019-08-28 19:11:51,499 [Thread-1024] INFO  impl.FollowerState (FollowerState.java:run(106)) - 65661374-e9ce-4ca4-abba-b6075fbab1cd:group-89979905D9A5 changes to CANDIDATE, lastRpcTime:5004, electionTimeout:5004ms
2019-08-28 19:11:51,499 [Thread-1024] INFO  impl.RoleInfo (RoleInfo.java:shutdownFollowerState(121)) - 65661374-e9ce-4ca4-abba-b6075fbab1cd: shutdown FollowerState
2019-08-28 19:11:51,499 [Thread-1024] INFO  impl.RaftServerImpl (RaftServerImpl.java:setRole(171)) - 65661374-e9ce-4ca4-abba-b6075fbab1cd:group-89979905D9A5 changes role from FOLLOWER to CANDIDATE at term 0 for changeToCandidate
2019-08-28 19:11:51,499 [Thread-1024] INFO  impl.RoleInfo (RoleInfo.java:updateAndGet(143)) - 65661374-e9ce-4ca4-abba-b6075fbab1cd: start LeaderElection
2019-08-28 19:11:51,517 [65661374-e9ce-4ca4-abba-b6075fbab1cd:group-89979905D9A5:LeaderElection50] INFO  impl.LeaderElection (LeaderElection.java:askForVotes(181)) - 65661374-e9ce-4ca4-abba-b6075fbab1cd:group-89979905D9A5:LeaderElection50: begin an election at term 1 for -1: [65661374-e9ce-4ca4-abba-b6075fbab1cd:192.168.69.126:45215], old=null
2019-08-28 19:11:51,517 [65661374-e9ce-4ca4-abba-b6075fbab1cd:group-89979905D9A5:LeaderElection50] INFO  impl.RoleInfo (RoleInfo.java:shutdownLeaderElection(134)) - 65661374-e9ce-4ca4-abba-b6075fbab1cd: shutdown LeaderElection
2019-08-28 19:11:51,518 [65661374-e9ce-4ca4-abba-b6075fbab1cd:group-89979905D9A5:LeaderElection50] INFO  impl.RaftServerImpl (RaftServerImpl.java:setRole(171)) - 65661374-e9ce-4ca4-abba-b6075fbab1cd:group-89979905D9A5 changes role from CANDIDATE to LEADER at term 1 for changeToLeader
2019-08-28 19:11:51,518 [65661374-e9ce-4ca4-abba-b6075fbab1cd:group-89979905D9A5:LeaderElection50] INFO  impl.RaftServerImpl (ServerState.java:setLeader(263)) - 65661374-e9ce-4ca4-abba-b6075fbab1cd:group-89979905D9A5 change Leader from null to 65661374-e9ce-4ca4-abba-b6075fbab1cd at term 1 for becomeLeader, leader elected after 5028ms
2019-08-28 19:11:51,520 [65661374-e9ce-4ca4-abba-b6075fbab1cd:group-89979905D9A5:LeaderElection50] INFO  server.RaftServerConfigKeys (ConfUtils.java:logGet(43)) - raft.server.staging.catchup.gap = 1000 (default)
2019-08-28 19:11:51,520 [65661374-e9ce-4ca4-abba-b6075fbab1cd:group-89979905D9A5:LeaderElection50] INFO  server.RaftServerConfigKeys (ConfUtils.java:logGet(43)) - raft.server.rpc.sleep.time = 25ms (default)
2019-08-28 19:11:51,521 [65661374-e9ce-4ca4-abba-b6075fbab1cd:group-89979905D9A5:LeaderElection50] INFO  server.RaftServerConfigKeys (ConfUtils.java:logGet(43)) - raft.server.write.element-limit = 4096 (default)
2019-08-28 19:11:51,521 [65661374-e9ce-4ca4-abba-b6075fbab1cd:group-89979905D9A5:LeaderElection50] INFO  server.RaftServerConfigKeys (ConfUtils.java:logGet(43)) - raft.server.watch.timeout = 10s (default)
2019-08-28 19:11:51,521 [65661374-e9ce-4ca4-abba-b6075fbab1cd:group-89979905D9A5:LeaderElection50] INFO  server.RaftServerConfigKeys (ConfUtils.java:logGet(43)) - raft.server.watch.timeout.denomination = 1s (default)
2019-08-28 19:11:51,521 [65661374-e9ce-4ca4-abba-b6075fbab1cd:group-89979905D9A5:LeaderElection50] INFO  server.RaftServerConfigKeys (ConfUtils.java:logGet(43)) - raft.server.watch.element-limit = 65536 (default)
2019-08-28 19:11:51,521 [65661374-e9ce-4ca4-abba-b6075fbab1cd:group-89979905D9A5:LeaderElection50] INFO  impl.RoleInfo (RoleInfo.java:updateAndGet(143)) - 65661374-e9ce-4ca4-abba-b6075fbab1cd: start LeaderState
2019-08-28 19:11:51,522 [65661374-e9ce-4ca4-abba-b6075fbab1cd:group-89979905D9A5:LeaderElection50] INFO  segmented.SegmentedRaftLogWorker (SegmentedRaftLogWorker.java:startLogSegment(380)) - 65661374-e9ce-4ca4-abba-b6075fbab1cd-SegmentedRaftLogWorker:Storage Directory /workdir/hadoop-ozone/integration-test/target/test-dir/MiniOzoneClusterImpl-95e23c98-e492-4cad-aeea-48d386549ca1/datanode-5/data/ratis/054d9b49-db31-4100-a823-89979905d9a5: Starting segment from index:0
2019-08-28 19:11:51,522 [65661374-e9ce-4ca4-abba-b6075fbab1cd:group-89979905D9A5:LeaderElection50] INFO  impl.RaftServerImpl (ServerState.java:setRaftConf(361)) - 65661374-e9ce-4ca4-abba-b6075fbab1cd:group-89979905D9A5 set configuration 0: [65661374-e9ce-4ca4-abba-b6075fbab1cd:192.168.69.126:45215], old=null at 0
2019-08-28 19:11:51,572 [65661374-e9ce-4ca4-abba-b6075fbab1cd-SegmentedRaftLogWorker:Storage Directory /workdir/hadoop-ozone/integration-test/target/test-dir/MiniOzoneClusterImpl-95e23c98-e492-4cad-aeea-48d386549ca1/datanode-5/data/ratis/054d9b49-db31-4100-a823-89979905d9a5] INFO  segmented.SegmentedRaftLogWorker (SegmentedRaftLogWorker.java:execute(569)) - 65661374-e9ce-4ca4-abba-b6075fbab1cd-SegmentedRaftLogWorker:Storage Directory /workdir/hadoop-ozone/integration-test/target/test-dir/MiniOzoneClusterImpl-95e23c98-e492-4cad-aeea-48d386549ca1/datanode-5/data/ratis/054d9b49-db31-4100-a823-89979905d9a5: created new log segment /workdir/hadoop-ozone/integration-test/target/test-dir/MiniOzoneClusterImpl-95e23c98-e492-4cad-aeea-48d386549ca1/datanode-5/data/ratis/054d9b49-db31-4100-a823-89979905d9a5/current/log_inprogress_0
2019-08-28 19:11:51,618 [Thread-1027] INFO  impl.FollowerState (FollowerState.java:run(106)) - 3dbe2e87-433a-404a-bf79-c232f3c44ae6:group-B8786E2822C3 changes to CANDIDATE, lastRpcTime:5063, electionTimeout:5063ms
2019-08-28 19:11:51,618 [Thread-1027] INFO  impl.RoleInfo (RoleInfo.java:shutdownFollowerState(121)) - 3dbe2e87-433a-404a-bf79-c232f3c44ae6: shutdown FollowerState
2019-08-28 19:11:51,619 [Thread-1027] INFO  impl.RaftServerImpl (RaftServerImpl.java:setRole(171)) - 3dbe2e87-433a-404a-bf79-c232f3c44ae6:group-B8786E2822C3 changes role from FOLLOWER to CANDIDATE at term 0 for changeToCandidate
2019-08-28 19:11:51,619 [Thread-1027] INFO  impl.RoleInfo (RoleInfo.java:updateAndGet(143)) - 3dbe2e87-433a-404a-bf79-c232f3c44ae6: start LeaderElection
2019-08-28 19:11:51,649 [Thread-1032] INFO  impl.FollowerState (FollowerState.java:run(106)) - 65661374-e9ce-4ca4-abba-b6075fbab1cd:group-B8786E2822C3 changes to CANDIDATE, lastRpcTime:5070, electionTimeout:5070ms
2019-08-28 19:11:51,649 [Thread-1032] INFO  impl.RoleInfo (RoleInfo.java:shutdownFollowerState(121)) - 65661374-e9ce-4ca4-abba-b6075fbab1cd: shutdown FollowerState
2019-08-28 19:11:51,649 [Thread-1032] INFO  impl.RaftServerImpl (RaftServerImpl.java:setRole(171)) - 65661374-e9ce-4ca4-abba-b6075fbab1cd:group-B8786E2822C3 changes role from FOLLOWER to CANDIDATE at term 0 for changeToCandidate
2019-08-28 19:11:51,650 [Thread-1032] INFO  impl.RoleInfo (RoleInfo.java:updateAndGet(143)) - 65661374-e9ce-4ca4-abba-b6075fbab1cd: start LeaderElection
2019-08-28 19:11:51,655 [3dbe2e87-433a-404a-bf79-c232f3c44ae6:group-B8786E2822C3:LeaderElection51] INFO  impl.LeaderElection (LeaderElection.java:askForVotes(181)) - 3dbe2e87-433a-404a-bf79-c232f3c44ae6:group-B8786E2822C3:LeaderElection51: begin an election at term 1 for -1: [3dbe2e87-433a-404a-bf79-c232f3c44ae6:192.168.69.126:43291, 65661374-e9ce-4ca4-abba-b6075fbab1cd:192.168.69.126:45215, 00414077-5234-4a26-9ed1-ac73b87b4b8e:192.168.69.126:40831], old=null
2019-08-28 19:11:51,672 [grpc-default-executor-2] INFO  impl.RaftServerImpl (RaftServerImpl.java:setRole(171)) - 00414077-5234-4a26-9ed1-ac73b87b4b8e:group-B8786E2822C3 changes role from FOLLOWER to FOLLOWER at term 1 for recognizeCandidate:3dbe2e87-433a-404a-bf79-c232f3c44ae6
2019-08-28 19:11:51,672 [grpc-default-executor-2] INFO  impl.RoleInfo (RoleInfo.java:shutdownFollowerState(121)) - 00414077-5234-4a26-9ed1-ac73b87b4b8e: shutdown FollowerState
2019-08-28 19:11:51,673 [grpc-default-executor-2] INFO  impl.RoleInfo (RoleInfo.java:updateAndGet(143)) - 00414077-5234-4a26-9ed1-ac73b87b4b8e: start FollowerState
2019-08-28 19:11:51,673 [Thread-1031] INFO  impl.FollowerState (FollowerState.java:run(114)) - 00414077-5234-4a26-9ed1-ac73b87b4b8e: FollowerState was interrupted: java.lang.InterruptedException: sleep interrupted
2019-08-28 19:11:51,677 | INFO  | SCMAudit | user=jenkins1000 | ip=192.168.69.126 | op=SEND_HEARTBEAT {datanodeUUID=380f265b-6eb4-4d9a-b903-bb6ed6e5f324, command=[]} | ret=SUCCESS |  
2019-08-28 19:11:51,704 [65661374-e9ce-4ca4-abba-b6075fbab1cd:group-B8786E2822C3:LeaderElection52] INFO  impl.LeaderElection (LeaderElection.java:askForVotes(181)) - 65661374-e9ce-4ca4-abba-b6075fbab1cd:group-B8786E2822C3:LeaderElection52: begin an election at term 1 for -1: [3dbe2e87-433a-404a-bf79-c232f3c44ae6:192.168.69.126:43291, 65661374-e9ce-4ca4-abba-b6075fbab1cd:192.168.69.126:45215, 00414077-5234-4a26-9ed1-ac73b87b4b8e:192.168.69.126:40831], old=null
2019-08-28 19:11:51,723 [3dbe2e87-433a-404a-bf79-c232f3c44ae6:group-B8786E2822C3:LeaderElection51] INFO  impl.LeaderElection (LeaderElection.java:logAndReturn(56)) - 3dbe2e87-433a-404a-bf79-c232f3c44ae6:group-B8786E2822C3:LeaderElection51: Election PASSED; received 2 response(s) [3dbe2e87-433a-404a-bf79-c232f3c44ae6<-65661374-e9ce-4ca4-abba-b6075fbab1cd#0:FAIL-t1, 3dbe2e87-433a-404a-bf79-c232f3c44ae6<-00414077-5234-4a26-9ed1-ac73b87b4b8e#0:OK-t1] and 0 exception(s); 3dbe2e87-433a-404a-bf79-c232f3c44ae6:t1, leader=null, voted=3dbe2e87-433a-404a-bf79-c232f3c44ae6, raftlog=3dbe2e87-433a-404a-bf79-c232f3c44ae6-SegmentedRaftLog:OPENED:c-1,f-1,i0, conf=-1: [3dbe2e87-433a-404a-bf79-c232f3c44ae6:192.168.69.126:43291, 65661374-e9ce-4ca4-abba-b6075fbab1cd:192.168.69.126:45215, 00414077-5234-4a26-9ed1-ac73b87b4b8e:192.168.69.126:40831], old=null
2019-08-28 19:11:51,723 [3dbe2e87-433a-404a-bf79-c232f3c44ae6:group-B8786E2822C3:LeaderElection51] INFO  impl.RoleInfo (RoleInfo.java:shutdownLeaderElection(134)) - 3dbe2e87-433a-404a-bf79-c232f3c44ae6: shutdown LeaderElection
2019-08-28 19:11:51,723 [3dbe2e87-433a-404a-bf79-c232f3c44ae6:group-B8786E2822C3:LeaderElection51] INFO  impl.RaftServerImpl (RaftServerImpl.java:setRole(171)) - 3dbe2e87-433a-404a-bf79-c232f3c44ae6:group-B8786E2822C3 changes role from CANDIDATE to LEADER at term 1 for changeToLeader
2019-08-28 19:11:51,724 [3dbe2e87-433a-404a-bf79-c232f3c44ae6:group-B8786E2822C3:LeaderElection51] INFO  impl.RaftServerImpl (ServerState.java:setLeader(263)) - 3dbe2e87-433a-404a-bf79-c232f3c44ae6:group-B8786E2822C3 change Leader from null to 3dbe2e87-433a-404a-bf79-c232f3c44ae6 at term 1 for becomeLeader, leader elected after 5171ms
2019-08-28 19:11:51,724 [3dbe2e87-433a-404a-bf79-c232f3c44ae6:group-B8786E2822C3:LeaderElection51] INFO  server.RaftServerConfigKeys (ConfUtils.java:logGet(43)) - raft.server.staging.catchup.gap = 1000 (default)
2019-08-28 19:11:51,724 [3dbe2e87-433a-404a-bf79-c232f3c44ae6:group-B8786E2822C3:LeaderElection51] INFO  server.RaftServerConfigKeys (ConfUtils.java:logGet(43)) - raft.server.rpc.sleep.time = 25ms (default)
2019-08-28 19:11:51,727 [3dbe2e87-433a-404a-bf79-c232f3c44ae6:group-B8786E2822C3:LeaderElection51] INFO  server.RaftServerConfigKeys (ConfUtils.java:logGet(43)) - raft.server.write.element-limit = 4096 (default)
2019-08-28 19:11:51,727 [3dbe2e87-433a-404a-bf79-c232f3c44ae6:group-B8786E2822C3:LeaderElection51] INFO  server.RaftServerConfigKeys (ConfUtils.java:logGet(43)) - raft.server.watch.timeout = 10s (default)
2019-08-28 19:11:51,727 [3dbe2e87-433a-404a-bf79-c232f3c44ae6:group-B8786E2822C3:LeaderElection51] INFO  server.RaftServerConfigKeys (ConfUtils.java:logGet(43)) - raft.server.watch.timeout.denomination = 1s (default)
2019-08-28 19:11:51,727 [3dbe2e87-433a-404a-bf79-c232f3c44ae6:group-B8786E2822C3:LeaderElection51] INFO  server.RaftServerConfigKeys (ConfUtils.java:logGet(43)) - raft.server.watch.element-limit = 65536 (default)
2019-08-28 19:11:51,727 [3dbe2e87-433a-404a-bf79-c232f3c44ae6:group-B8786E2822C3:LeaderElection51] INFO  server.RaftServerConfigKeys (ConfUtils.java:logGet(43)) - raft.server.log.appender.snapshot.chunk.size.max = 16MB (=16777216) (default)
2019-08-28 19:11:51,727 [3dbe2e87-433a-404a-bf79-c232f3c44ae6:group-B8786E2822C3:LeaderElection51] INFO  server.RaftServerConfigKeys (ConfUtils.java:logGet(43)) - raft.server.log.appender.buffer.byte-limit = 33554432 (custom)
2019-08-28 19:11:51,728 [3dbe2e87-433a-404a-bf79-c232f3c44ae6:group-B8786E2822C3:LeaderElection51] INFO  server.RaftServerConfigKeys (ConfUtils.java:logGet(43)) - raft.server.log.appender.buffer.element-limit = 1 (custom)
2019-08-28 19:11:51,728 [3dbe2e87-433a-404a-bf79-c232f3c44ae6:group-B8786E2822C3:LeaderElection51] INFO  grpc.GrpcConfigKeys$Server (ConfUtils.java:logGet(43)) - raft.grpc.server.leader.outstanding.appends.max = 128 (default)
2019-08-28 19:11:51,728 [3dbe2e87-433a-404a-bf79-c232f3c44ae6:group-B8786E2822C3:LeaderElection51] INFO  server.RaftServerConfigKeys (ConfUtils.java:logGet(43)) - raft.server.rpc.request.timeout = 3000ms (default)
2019-08-28 19:11:51,728 [3dbe2e87-433a-404a-bf79-c232f3c44ae6:group-B8786E2822C3:LeaderElection51] INFO  server.RaftServerConfigKeys (ConfUtils.java:logGet(43)) - raft.server.log.appender.install.snapshot.enabled = false (custom)
2019-08-28 19:11:51,728 [3dbe2e87-433a-404a-bf79-c232f3c44ae6:group-B8786E2822C3:LeaderElection51] INFO  server.RaftServerConfigKeys (ConfUtils.java:logGet(43)) - raft.server.log.appender.snapshot.chunk.size.max = 16MB (=16777216) (default)
2019-08-28 19:11:51,728 [3dbe2e87-433a-404a-bf79-c232f3c44ae6:group-B8786E2822C3:LeaderElection51] INFO  server.RaftServerConfigKeys (ConfUtils.java:logGet(43)) - raft.server.log.appender.buffer.byte-limit = 33554432 (custom)
2019-08-28 19:11:51,731 [3dbe2e87-433a-404a-bf79-c232f3c44ae6:group-B8786E2822C3:LeaderElection51] INFO  server.RaftServerConfigKeys (ConfUtils.java:logGet(43)) - raft.server.log.appender.buffer.element-limit = 1 (custom)
2019-08-28 19:11:51,732 [3dbe2e87-433a-404a-bf79-c232f3c44ae6:group-B8786E2822C3:LeaderElection51] INFO  grpc.GrpcConfigKeys$Server (ConfUtils.java:logGet(43)) - raft.grpc.server.leader.outstanding.appends.max = 128 (default)
2019-08-28 19:11:51,732 [3dbe2e87-433a-404a-bf79-c232f3c44ae6:group-B8786E2822C3:LeaderElection51] INFO  server.RaftServerConfigKeys (ConfUtils.java:logGet(43)) - raft.server.rpc.request.timeout = 3000ms (default)
2019-08-28 19:11:51,732 [3dbe2e87-433a-404a-bf79-c232f3c44ae6:group-B8786E2822C3:LeaderElection51] INFO  server.RaftServerConfigKeys (ConfUtils.java:logGet(43)) - raft.server.log.appender.install.snapshot.enabled = false (custom)
2019-08-28 19:11:51,735 [3dbe2e87-433a-404a-bf79-c232f3c44ae6:group-B8786E2822C3:LeaderElection51] INFO  impl.RoleInfo (RoleInfo.java:updateAndGet(143)) - 3dbe2e87-433a-404a-bf79-c232f3c44ae6: start LeaderState
2019-08-28 19:11:51,735 [3dbe2e87-433a-404a-bf79-c232f3c44ae6:group-B8786E2822C3:LeaderElection51] INFO  segmented.SegmentedRaftLogWorker (SegmentedRaftLogWorker.java:startLogSegment(380)) - 3dbe2e87-433a-404a-bf79-c232f3c44ae6-SegmentedRaftLogWorker:Storage Directory /workdir/hadoop-ozone/integration-test/target/test-dir/MiniOzoneClusterImpl-95e23c98-e492-4cad-aeea-48d386549ca1/datanode-4/data/ratis/0d330cf5-5e6a-4990-8f18-b8786e2822c3: Starting segment from index:0
2019-08-28 19:11:51,736 [3dbe2e87-433a-404a-bf79-c232f3c44ae6:group-B8786E2822C3:LeaderElection51] INFO  impl.RaftServerImpl (ServerState.java:setRaftConf(361)) - 3dbe2e87-433a-404a-bf79-c232f3c44ae6:group-B8786E2822C3 set configuration 0: [3dbe2e87-433a-404a-bf79-c232f3c44ae6:192.168.69.126:43291, 65661374-e9ce-4ca4-abba-b6075fbab1cd:192.168.69.126:45215, 00414077-5234-4a26-9ed1-ac73b87b4b8e:192.168.69.126:40831], old=null at 0
2019-08-28 19:11:51,763 [grpc-default-executor-4] INFO  impl.RaftServerImpl (RaftServerImpl.java:requestVote(754)) - 3dbe2e87-433a-404a-bf79-c232f3c44ae6-LEADER: Withhold vote from candidate 65661374-e9ce-4ca4-abba-b6075fbab1cd with term 1. State: leader=3dbe2e87-433a-404a-bf79-c232f3c44ae6, term=1, lastRpcElapsed=null
2019-08-28 19:11:51,766 [65661374-e9ce-4ca4-abba-b6075fbab1cd:group-B8786E2822C3:LeaderElection52] INFO  impl.LeaderElection (LeaderElection.java:logAndReturn(56)) - 65661374-e9ce-4ca4-abba-b6075fbab1cd:group-B8786E2822C3:LeaderElection52: Election REJECTED; received 2 response(s) [65661374-e9ce-4ca4-abba-b6075fbab1cd<-3dbe2e87-433a-404a-bf79-c232f3c44ae6#0:FAIL-t1, 65661374-e9ce-4ca4-abba-b6075fbab1cd<-00414077-5234-4a26-9ed1-ac73b87b4b8e#0:FAIL-t1] and 0 exception(s); 65661374-e9ce-4ca4-abba-b6075fbab1cd:t1, leader=null, voted=65661374-e9ce-4ca4-abba-b6075fbab1cd, raftlog=65661374-e9ce-4ca4-abba-b6075fbab1cd-SegmentedRaftLog:OPENED:c-1,f-1,i0, conf=-1: [3dbe2e87-433a-404a-bf79-c232f3c44ae6:192.168.69.126:43291, 65661374-e9ce-4ca4-abba-b6075fbab1cd:192.168.69.126:45215, 00414077-5234-4a26-9ed1-ac73b87b4b8e:192.168.69.126:40831], old=null
2019-08-28 19:11:51,766 [grpc-default-executor-4] INFO  impl.RaftServerImpl (RaftServerImpl.java:setRole(171)) - 65661374-e9ce-4ca4-abba-b6075fbab1cd:group-B8786E2822C3 changes role from CANDIDATE to FOLLOWER at term 1 for appendEntries
2019-08-28 19:11:51,766 [grpc-default-executor-2] INFO  impl.RaftServerImpl (ServerState.java:setLeader(263)) - 00414077-5234-4a26-9ed1-ac73b87b4b8e:group-B8786E2822C3 change Leader from null to 3dbe2e87-433a-404a-bf79-c232f3c44ae6 at term 1 for appendEntries, leader elected after 5194ms
2019-08-28 19:11:51,766 [grpc-default-executor-4] INFO  impl.RoleInfo (RoleInfo.java:shutdownLeaderElection(134)) - 65661374-e9ce-4ca4-abba-b6075fbab1cd: shutdown LeaderElection
2019-08-28 19:11:51,767 [grpc-default-executor-4] INFO  impl.RoleInfo (RoleInfo.java:updateAndGet(143)) - 65661374-e9ce-4ca4-abba-b6075fbab1cd: start FollowerState
2019-08-28 19:11:51,769 [grpc-default-executor-4] INFO  impl.RaftServerImpl (ServerState.java:setLeader(263)) - 65661374-e9ce-4ca4-abba-b6075fbab1cd:group-B8786E2822C3 change Leader from null to 3dbe2e87-433a-404a-bf79-c232f3c44ae6 at term 1 for appendEntries, leader elected after 5197ms
2019-08-28 19:11:51,770 [grpc-default-executor-2] INFO  impl.RaftServerImpl (ServerState.java:setRaftConf(361)) - 00414077-5234-4a26-9ed1-ac73b87b4b8e:group-B8786E2822C3 set configuration 0: [3dbe2e87-433a-404a-bf79-c232f3c44ae6:192.168.69.126:43291, 65661374-e9ce-4ca4-abba-b6075fbab1cd:192.168.69.126:45215, 00414077-5234-4a26-9ed1-ac73b87b4b8e:192.168.69.126:40831], old=null at 0
2019-08-28 19:11:51,771 [grpc-default-executor-2] INFO  segmented.SegmentedRaftLogWorker (SegmentedRaftLogWorker.java:startLogSegment(380)) - 00414077-5234-4a26-9ed1-ac73b87b4b8e-SegmentedRaftLogWorker:Storage Directory /workdir/hadoop-ozone/integration-test/target/test-dir/MiniOzoneClusterImpl-95e23c98-e492-4cad-aeea-48d386549ca1/datanode-3/data/ratis/0d330cf5-5e6a-4990-8f18-b8786e2822c3: Starting segment from index:0
2019-08-28 19:11:51,771 [grpc-default-executor-4] INFO  impl.RaftServerImpl (ServerState.java:setRaftConf(361)) - 65661374-e9ce-4ca4-abba-b6075fbab1cd:group-B8786E2822C3 set configuration 0: [3dbe2e87-433a-404a-bf79-c232f3c44ae6:192.168.69.126:43291, 65661374-e9ce-4ca4-abba-b6075fbab1cd:192.168.69.126:45215, 00414077-5234-4a26-9ed1-ac73b87b4b8e:192.168.69.126:40831], old=null at 0
2019-08-28 19:11:51,771 [grpc-default-executor-4] INFO  segmented.SegmentedRaftLogWorker (SegmentedRaftLogWorker.java:startLogSegment(380)) - 65661374-e9ce-4ca4-abba-b6075fbab1cd-SegmentedRaftLogWorker:Storage Directory /workdir/hadoop-ozone/integration-test/target/test-dir/MiniOzoneClusterImpl-95e23c98-e492-4cad-aeea-48d386549ca1/datanode-5/data/ratis/0d330cf5-5e6a-4990-8f18-b8786e2822c3: Starting segment from index:0
2019-08-28 19:11:51,779 [3dbe2e87-433a-404a-bf79-c232f3c44ae6-SegmentedRaftLogWorker:Storage Directory /workdir/hadoop-ozone/integration-test/target/test-dir/MiniOzoneClusterImpl-95e23c98-e492-4cad-aeea-48d386549ca1/datanode-4/data/ratis/0d330cf5-5e6a-4990-8f18-b8786e2822c3] INFO  segmented.SegmentedRaftLogWorker (SegmentedRaftLogWorker.java:execute(569)) - 3dbe2e87-433a-404a-bf79-c232f3c44ae6-SegmentedRaftLogWorker:Storage Directory /workdir/hadoop-ozone/integration-test/target/test-dir/MiniOzoneClusterImpl-95e23c98-e492-4cad-aeea-48d386549ca1/datanode-4/data/ratis/0d330cf5-5e6a-4990-8f18-b8786e2822c3: created new log segment /workdir/hadoop-ozone/integration-test/target/test-dir/MiniOzoneClusterImpl-95e23c98-e492-4cad-aeea-48d386549ca1/datanode-4/data/ratis/0d330cf5-5e6a-4990-8f18-b8786e2822c3/current/log_inprogress_0
2019-08-28 19:11:51,810 [Thread-1036] INFO  impl.FollowerState (FollowerState.java:run(106)) - 380f265b-6eb4-4d9a-b903-bb6ed6e5f324:group-5DFD8A44D641 changes to CANDIDATE, lastRpcTime:5073, electionTimeout:5070ms
2019-08-28 19:11:51,810 [Thread-1036] INFO  impl.RoleInfo (RoleInfo.java:shutdownFollowerState(121)) - 380f265b-6eb4-4d9a-b903-bb6ed6e5f324: shutdown FollowerState
2019-08-28 19:11:51,810 [Thread-1036] INFO  impl.RaftServerImpl (RaftServerImpl.java:setRole(171)) - 380f265b-6eb4-4d9a-b903-bb6ed6e5f324:group-5DFD8A44D641 changes role from FOLLOWER to CANDIDATE at term 0 for changeToCandidate
2019-08-28 19:11:51,810 [Thread-1036] INFO  impl.RoleInfo (RoleInfo.java:updateAndGet(143)) - 380f265b-6eb4-4d9a-b903-bb6ed6e5f324: start LeaderElection
2019-08-28 19:11:51,822 | INFO  | SCMAudit | user=jenkins1000 | ip=192.168.69.126 | op=SEND_HEARTBEAT {datanodeUUID=1742c727-6833-42d8-ac98-e1d010bd591d, command=[]} | ret=SUCCESS |  
2019-08-28 19:11:51,840 [65661374-e9ce-4ca4-abba-b6075fbab1cd-SegmentedRaftLogWorker:Storage Directory /workdir/hadoop-ozone/integration-test/target/test-dir/MiniOzoneClusterImpl-95e23c98-e492-4cad-aeea-48d386549ca1/datanode-5/data/ratis/0d330cf5-5e6a-4990-8f18-b8786e2822c3] INFO  segmented.SegmentedRaftLogWorker (SegmentedRaftLogWorker.java:execute(569)) - 65661374-e9ce-4ca4-abba-b6075fbab1cd-SegmentedRaftLogWorker:Storage Directory /workdir/hadoop-ozone/integration-test/target/test-dir/MiniOzoneClusterImpl-95e23c98-e492-4cad-aeea-48d386549ca1/datanode-5/data/ratis/0d330cf5-5e6a-4990-8f18-b8786e2822c3: created new log segment /workdir/hadoop-ozone/integration-test/target/test-dir/MiniOzoneClusterImpl-95e23c98-e492-4cad-aeea-48d386549ca1/datanode-5/data/ratis/0d330cf5-5e6a-4990-8f18-b8786e2822c3/current/log_inprogress_0
2019-08-28 19:11:51,840 [380f265b-6eb4-4d9a-b903-bb6ed6e5f324:group-5DFD8A44D641:LeaderElection53] INFO  impl.LeaderElection (LeaderElection.java:askForVotes(181)) - 380f265b-6eb4-4d9a-b903-bb6ed6e5f324:group-5DFD8A44D641:LeaderElection53: begin an election at term 1 for -1: [380f265b-6eb4-4d9a-b903-bb6ed6e5f324:192.168.69.126:37111], old=null
2019-08-28 19:11:51,840 [00414077-5234-4a26-9ed1-ac73b87b4b8e-SegmentedRaftLogWorker:Storage Directory /workdir/hadoop-ozone/integration-test/target/test-dir/MiniOzoneClusterImpl-95e23c98-e492-4cad-aeea-48d386549ca1/datanode-3/data/ratis/0d330cf5-5e6a-4990-8f18-b8786e2822c3] INFO  segmented.SegmentedRaftLogWorker (SegmentedRaftLogWorker.java:execute(569)) - 00414077-5234-4a26-9ed1-ac73b87b4b8e-SegmentedRaftLogWorker:Storage Directory /workdir/hadoop-ozone/integration-test/target/test-dir/MiniOzoneClusterImpl-95e23c98-e492-4cad-aeea-48d386549ca1/datanode-3/data/ratis/0d330cf5-5e6a-4990-8f18-b8786e2822c3: created new log segment /workdir/hadoop-ozone/integration-test/target/test-dir/MiniOzoneClusterImpl-95e23c98-e492-4cad-aeea-48d386549ca1/datanode-3/data/ratis/0d330cf5-5e6a-4990-8f18-b8786e2822c3/current/log_inprogress_0
2019-08-28 19:11:51,840 [380f265b-6eb4-4d9a-b903-bb6ed6e5f324:group-5DFD8A44D641:LeaderElection53] INFO  impl.RoleInfo (RoleInfo.java:shutdownLeaderElection(134)) - 380f265b-6eb4-4d9a-b903-bb6ed6e5f324: shutdown LeaderElection
2019-08-28 19:11:51,840 [380f265b-6eb4-4d9a-b903-bb6ed6e5f324:group-5DFD8A44D641:LeaderElection53] INFO  impl.RaftServerImpl (RaftServerImpl.java:setRole(171)) - 380f265b-6eb4-4d9a-b903-bb6ed6e5f324:group-5DFD8A44D641 changes role from CANDIDATE to LEADER at term 1 for changeToLeader
2019-08-28 19:11:51,840 [380f265b-6eb4-4d9a-b903-bb6ed6e5f324:group-5DFD8A44D641:LeaderElection53] INFO  impl.RaftServerImpl (ServerState.java:setLeader(263)) - 380f265b-6eb4-4d9a-b903-bb6ed6e5f324:group-5DFD8A44D641 change Leader from null to 380f265b-6eb4-4d9a-b903-bb6ed6e5f324 at term 1 for becomeLeader, leader elected after 5108ms
2019-08-28 19:11:51,848 [380f265b-6eb4-4d9a-b903-bb6ed6e5f324:group-5DFD8A44D641:LeaderElection53] INFO  server.RaftServerConfigKeys (ConfUtils.java:logGet(43)) - raft.server.staging.catchup.gap = 1000 (default)
2019-08-28 19:11:51,848 [380f265b-6eb4-4d9a-b903-bb6ed6e5f324:group-5DFD8A44D641:LeaderElection53] INFO  server.RaftServerConfigKeys (ConfUtils.java:logGet(43)) - raft.server.rpc.sleep.time = 25ms (default)
2019-08-28 19:11:51,849 [380f265b-6eb4-4d9a-b903-bb6ed6e5f324:group-5DFD8A44D641:LeaderElection53] INFO  server.RaftServerConfigKeys (ConfUtils.java:logGet(43)) - raft.server.write.element-limit = 4096 (default)
2019-08-28 19:11:51,849 [380f265b-6eb4-4d9a-b903-bb6ed6e5f324:group-5DFD8A44D641:LeaderElection53] INFO  server.RaftServerConfigKeys (ConfUtils.java:logGet(43)) - raft.server.watch.timeout = 10s (default)
2019-08-28 19:11:51,849 [380f265b-6eb4-4d9a-b903-bb6ed6e5f324:group-5DFD8A44D641:LeaderElection53] INFO  server.RaftServerConfigKeys (ConfUtils.java:logGet(43)) - raft.server.watch.timeout.denomination = 1s (default)
2019-08-28 19:11:51,849 [380f265b-6eb4-4d9a-b903-bb6ed6e5f324:group-5DFD8A44D641:LeaderElection53] INFO  server.RaftServerConfigKeys (ConfUtils.java:logGet(43)) - raft.server.watch.element-limit = 65536 (default)
2019-08-28 19:11:51,849 [380f265b-6eb4-4d9a-b903-bb6ed6e5f324:group-5DFD8A44D641:LeaderElection53] INFO  impl.RoleInfo (RoleInfo.java:updateAndGet(143)) - 380f265b-6eb4-4d9a-b903-bb6ed6e5f324: start LeaderState
2019-08-28 19:11:51,849 [380f265b-6eb4-4d9a-b903-bb6ed6e5f324:group-5DFD8A44D641:LeaderElection53] INFO  segmented.SegmentedRaftLogWorker (SegmentedRaftLogWorker.java:startLogSegment(380)) - 380f265b-6eb4-4d9a-b903-bb6ed6e5f324-SegmentedRaftLogWorker:Storage Directory /workdir/hadoop-ozone/integration-test/target/test-dir/MiniOzoneClusterImpl-95e23c98-e492-4cad-aeea-48d386549ca1/datanode-6/data/ratis/f6ae3df2-9a0e-4399-ace6-5dfd8a44d641: Starting segment from index:0
2019-08-28 19:11:51,850 [380f265b-6eb4-4d9a-b903-bb6ed6e5f324:group-5DFD8A44D641:LeaderElection53] INFO  impl.RaftServerImpl (ServerState.java:setRaftConf(361)) - 380f265b-6eb4-4d9a-b903-bb6ed6e5f324:group-5DFD8A44D641 set configuration 0: [380f265b-6eb4-4d9a-b903-bb6ed6e5f324:192.168.69.126:37111], old=null at 0
2019-08-28 19:11:51,892 [grpc-default-executor-4] INFO  client.GrpcClientProtocolClient (GrpcClientProtocolClient.java:onNext(255)) - client-02B52F649350->b2a7f730-984e-473a-b8b8-9318ecaec820: receive RaftClientReply:client-02B52F649350->b2a7f730-984e-473a-b8b8-9318ecaec820@group-9D35AC187D3C, cid=50, FAILED org.apache.ratis.protocol.NotLeaderException: Server b2a7f730-984e-473a-b8b8-9318ecaec820 is not the leader (null). Request must be sent to leader., logIndex=0, commits[b2a7f730-984e-473a-b8b8-9318ecaec820:c-1]
2019-08-28 19:11:51,913 [380f265b-6eb4-4d9a-b903-bb6ed6e5f324-SegmentedRaftLogWorker:Storage Directory /workdir/hadoop-ozone/integration-test/target/test-dir/MiniOzoneClusterImpl-95e23c98-e492-4cad-aeea-48d386549ca1/datanode-6/data/ratis/f6ae3df2-9a0e-4399-ace6-5dfd8a44d641] INFO  segmented.SegmentedRaftLogWorker (SegmentedRaftLogWorker.java:execute(569)) - 380f265b-6eb4-4d9a-b903-bb6ed6e5f324-SegmentedRaftLogWorker:Storage Directory /workdir/hadoop-ozone/integration-test/target/test-dir/MiniOzoneClusterImpl-95e23c98-e492-4cad-aeea-48d386549ca1/datanode-6/data/ratis/f6ae3df2-9a0e-4399-ace6-5dfd8a44d641: created new log segment /workdir/hadoop-ozone/integration-test/target/test-dir/MiniOzoneClusterImpl-95e23c98-e492-4cad-aeea-48d386549ca1/datanode-6/data/ratis/f6ae3df2-9a0e-4399-ace6-5dfd8a44d641/current/log_inprogress_0
2019-08-28 19:11:52,013 | INFO  | SCMAudit | user=jenkins1000 | ip=192.168.69.126 | op=SEND_HEARTBEAT {datanodeUUID=00414077-5234-4a26-9ed1-ac73b87b4b8e, command=[]} | ret=SUCCESS |  
2019-08-28 19:11:52,140 | INFO  | SCMAudit | user=jenkins1000 | ip=192.168.69.126 | op=SEND_HEARTBEAT {datanodeUUID=b2a7f730-984e-473a-b8b8-9318ecaec820, command=[]} | ret=SUCCESS |  
2019-08-28 19:11:52,247 | INFO  | SCMAudit | user=jenkins1000 | ip=192.168.69.126 | op=SEND_HEARTBEAT {datanodeUUID=3dbe2e87-433a-404a-bf79-c232f3c44ae6, command=[]} | ret=SUCCESS |  
2019-08-28 19:11:52,363 | INFO  | SCMAudit | user=jenkins1000 | ip=192.168.69.126 | op=SEND_HEARTBEAT {datanodeUUID=9baf0294-3496-4e1f-b0fa-15839a24912d, command=[]} | ret=SUCCESS |  
2019-08-28 19:11:52,442 | INFO  | SCMAudit | user=jenkins1000 | ip=192.168.69.126 | op=SEND_HEARTBEAT {datanodeUUID=65661374-e9ce-4ca4-abba-b6075fbab1cd, command=[]} | ret=SUCCESS |  
2019-08-28 19:11:52,678 | INFO  | SCMAudit | user=jenkins1000 | ip=192.168.69.126 | op=SEND_HEARTBEAT {datanodeUUID=380f265b-6eb4-4d9a-b903-bb6ed6e5f324, command=[]} | ret=SUCCESS |  
2019-08-28 19:11:52,822 | INFO  | SCMAudit | user=jenkins1000 | ip=192.168.69.126 | op=SEND_HEARTBEAT {datanodeUUID=1742c727-6833-42d8-ac98-e1d010bd591d, command=[]} | ret=SUCCESS |  
2019-08-28 19:11:52,908 [grpc-default-executor-4] INFO  client.GrpcClientProtocolClient (GrpcClientProtocolClient.java:onNext(255)) - client-02B52F649350->1742c727-6833-42d8-ac98-e1d010bd591d: receive RaftClientReply:client-02B52F649350->1742c727-6833-42d8-ac98-e1d010bd591d@group-9D35AC187D3C, cid=50, FAILED org.apache.ratis.protocol.NotLeaderException: Server 1742c727-6833-42d8-ac98-e1d010bd591d is not the leader (null). Request must be sent to leader., logIndex=0, commits[1742c727-6833-42d8-ac98-e1d010bd591d:c-1]
2019-08-28 19:11:53,013 | INFO  | SCMAudit | user=jenkins1000 | ip=192.168.69.126 | op=SEND_HEARTBEAT {datanodeUUID=00414077-5234-4a26-9ed1-ac73b87b4b8e, command=[]} | ret=SUCCESS |  
2019-08-28 19:11:53,140 | INFO  | SCMAudit | user=jenkins1000 | ip=192.168.69.126 | op=SEND_HEARTBEAT {datanodeUUID=b2a7f730-984e-473a-b8b8-9318ecaec820, command=[]} | ret=SUCCESS |  
2019-08-28 19:11:53,247 | INFO  | SCMAudit | user=jenkins1000 | ip=192.168.69.126 | op=SEND_HEARTBEAT {datanodeUUID=3dbe2e87-433a-404a-bf79-c232f3c44ae6, command=[]} | ret=SUCCESS |  
2019-08-28 19:11:53,363 | INFO  | SCMAudit | user=jenkins1000 | ip=192.168.69.126 | op=SEND_HEARTBEAT {datanodeUUID=9baf0294-3496-4e1f-b0fa-15839a24912d, command=[]} | ret=SUCCESS |  
2019-08-28 19:11:53,442 | INFO  | SCMAudit | user=jenkins1000 | ip=192.168.69.126 | op=SEND_HEARTBEAT {datanodeUUID=65661374-e9ce-4ca4-abba-b6075fbab1cd, command=[]} | ret=SUCCESS |  
2019-08-28 19:11:53,678 | INFO  | SCMAudit | user=jenkins1000 | ip=192.168.69.126 | op=SEND_HEARTBEAT {datanodeUUID=380f265b-6eb4-4d9a-b903-bb6ed6e5f324, command=[]} | ret=SUCCESS |  
2019-08-28 19:11:53,823 | INFO  | SCMAudit | user=jenkins1000 | ip=192.168.69.126 | op=SEND_HEARTBEAT {datanodeUUID=1742c727-6833-42d8-ac98-e1d010bd591d, command=[]} | ret=SUCCESS |  
2019-08-28 19:11:53,926 [grpc-default-executor-2] INFO  client.GrpcClientProtocolClient (GrpcClientProtocolClient.java:onNext(255)) - client-02B52F649350->b2a7f730-984e-473a-b8b8-9318ecaec820: receive RaftClientReply:client-02B52F649350->b2a7f730-984e-473a-b8b8-9318ecaec820@group-9D35AC187D3C, cid=50, FAILED org.apache.ratis.protocol.NotLeaderException: Server b2a7f730-984e-473a-b8b8-9318ecaec820 is not the leader (null). Request must be sent to leader., logIndex=0, commits[b2a7f730-984e-473a-b8b8-9318ecaec820:c-1]
2019-08-28 19:11:54,013 | INFO  | SCMAudit | user=jenkins1000 | ip=192.168.69.126 | op=SEND_HEARTBEAT {datanodeUUID=00414077-5234-4a26-9ed1-ac73b87b4b8e, command=[]} | ret=SUCCESS |  
2019-08-28 19:11:54,140 | INFO  | SCMAudit | user=jenkins1000 | ip=192.168.69.126 | op=SEND_HEARTBEAT {datanodeUUID=b2a7f730-984e-473a-b8b8-9318ecaec820, command=[]} | ret=SUCCESS |  
2019-08-28 19:11:54,246 | INFO  | SCMAudit | user=jenkins1000 | ip=192.168.69.126 | op=SEND_HEARTBEAT {datanodeUUID=3dbe2e87-433a-404a-bf79-c232f3c44ae6, command=[]} | ret=SUCCESS |  
2019-08-28 19:11:54,363 | INFO  | SCMAudit | user=jenkins1000 | ip=192.168.69.126 | op=SEND_HEARTBEAT {datanodeUUID=9baf0294-3496-4e1f-b0fa-15839a24912d, command=[]} | ret=SUCCESS |  
2019-08-28 19:11:54,441 | INFO  | SCMAudit | user=jenkins1000 | ip=192.168.69.126 | op=SEND_HEARTBEAT {datanodeUUID=65661374-e9ce-4ca4-abba-b6075fbab1cd, command=[]} | ret=SUCCESS |  
2019-08-28 19:11:54,823 | INFO  | SCMAudit | user=jenkins1000 | ip=192.168.69.126 | op=SEND_HEARTBEAT {datanodeUUID=1742c727-6833-42d8-ac98-e1d010bd591d, command=[]} | ret=SUCCESS |  
2019-08-28 19:11:54,823 | INFO  | SCMAudit | user=jenkins1000 | ip=192.168.69.126 | op=SEND_HEARTBEAT {datanodeUUID=380f265b-6eb4-4d9a-b903-bb6ed6e5f324, command=[]} | ret=SUCCESS |  
2019-08-28 19:11:54,964 [grpc-default-executor-2] INFO  client.GrpcClientProtocolClient (GrpcClientProtocolClient.java:onNext(255)) - client-02B52F649350->9baf0294-3496-4e1f-b0fa-15839a24912d: receive RaftClientReply:client-02B52F649350->9baf0294-3496-4e1f-b0fa-15839a24912d@group-9D35AC187D3C, cid=50, FAILED org.apache.ratis.protocol.NotLeaderException: Server 9baf0294-3496-4e1f-b0fa-15839a24912d is not the leader (null). Request must be sent to leader., logIndex=0, commits[9baf0294-3496-4e1f-b0fa-15839a24912d:c-1]
2019-08-28 19:11:55,013 | INFO  | SCMAudit | user=jenkins1000 | ip=192.168.69.126 | op=SEND_HEARTBEAT {datanodeUUID=00414077-5234-4a26-9ed1-ac73b87b4b8e, command=[]} | ret=SUCCESS |  
2019-08-28 19:11:55,139 | INFO  | SCMAudit | user=jenkins1000 | ip=192.168.69.126 | op=SEND_HEARTBEAT {datanodeUUID=b2a7f730-984e-473a-b8b8-9318ecaec820, command=[]} | ret=SUCCESS |  
2019-08-28 19:11:55,246 | INFO  | SCMAudit | user=jenkins1000 | ip=192.168.69.126 | op=SEND_HEARTBEAT {datanodeUUID=3dbe2e87-433a-404a-bf79-c232f3c44ae6, command=[]} | ret=SUCCESS |  
2019-08-28 19:11:55,363 | INFO  | SCMAudit | user=jenkins1000 | ip=192.168.69.126 | op=SEND_HEARTBEAT {datanodeUUID=9baf0294-3496-4e1f-b0fa-15839a24912d, command=[]} | ret=SUCCESS |  
2019-08-28 19:11:55,441 | INFO  | SCMAudit | user=jenkins1000 | ip=192.168.69.126 | op=SEND_HEARTBEAT {datanodeUUID=65661374-e9ce-4ca4-abba-b6075fbab1cd, command=[]} | ret=SUCCESS |  
2019-08-28 19:11:55,678 | INFO  | SCMAudit | user=jenkins1000 | ip=192.168.69.126 | op=SEND_HEARTBEAT {datanodeUUID=380f265b-6eb4-4d9a-b903-bb6ed6e5f324, command=[]} | ret=SUCCESS |  
2019-08-28 19:11:55,824 | INFO  | SCMAudit | user=jenkins1000 | ip=192.168.69.126 | op=SEND_HEARTBEAT {datanodeUUID=1742c727-6833-42d8-ac98-e1d010bd591d, command=[]} | ret=SUCCESS |  
2019-08-28 19:11:55,978 [grpc-default-executor-4] INFO  client.GrpcClientProtocolClient (GrpcClientProtocolClient.java:onNext(255)) - client-02B52F649350->b2a7f730-984e-473a-b8b8-9318ecaec820: receive RaftClientReply:client-02B52F649350->b2a7f730-984e-473a-b8b8-9318ecaec820@group-9D35AC187D3C, cid=50, FAILED org.apache.ratis.protocol.NotLeaderException: Server b2a7f730-984e-473a-b8b8-9318ecaec820 is not the leader (null). Request must be sent to leader., logIndex=0, commits[b2a7f730-984e-473a-b8b8-9318ecaec820:c-1]
2019-08-28 19:11:56,014 | INFO  | SCMAudit | user=jenkins1000 | ip=192.168.69.126 | op=SEND_HEARTBEAT {datanodeUUID=00414077-5234-4a26-9ed1-ac73b87b4b8e, command=[]} | ret=SUCCESS |  
2019-08-28 19:11:56,140 | INFO  | SCMAudit | user=jenkins1000 | ip=192.168.69.126 | op=SEND_HEARTBEAT {datanodeUUID=b2a7f730-984e-473a-b8b8-9318ecaec820, command=[]} | ret=SUCCESS |  
2019-08-28 19:11:56,227 [Thread-1070] INFO  impl.FollowerState (FollowerState.java:run(106)) - 1742c727-6833-42d8-ac98-e1d010bd591d:group-9D35AC187D3C changes to CANDIDATE, lastRpcTime:5056, electionTimeout:5056ms
2019-08-28 19:11:56,228 [Thread-1070] INFO  impl.RoleInfo (RoleInfo.java:shutdownFollowerState(121)) - 1742c727-6833-42d8-ac98-e1d010bd591d: shutdown FollowerState
2019-08-28 19:11:56,228 [Thread-1070] INFO  impl.RaftServerImpl (RaftServerImpl.java:setRole(171)) - 1742c727-6833-42d8-ac98-e1d010bd591d:group-9D35AC187D3C changes role from FOLLOWER to CANDIDATE at term 1 for changeToCandidate
2019-08-28 19:11:56,228 [Thread-1070] INFO  impl.RoleInfo (RoleInfo.java:updateAndGet(143)) - 1742c727-6833-42d8-ac98-e1d010bd591d: start LeaderElection
2019-08-28 19:11:56,247 | INFO  | SCMAudit | user=jenkins1000 | ip=192.168.69.126 | op=SEND_HEARTBEAT {datanodeUUID=3dbe2e87-433a-404a-bf79-c232f3c44ae6, command=[]} | ret=SUCCESS |  
2019-08-28 19:11:56,255 [1742c727-6833-42d8-ac98-e1d010bd591d:group-9D35AC187D3C:LeaderElection54] INFO  impl.LeaderElection (LeaderElection.java:askForVotes(181)) - 1742c727-6833-42d8-ac98-e1d010bd591d:group-9D35AC187D3C:LeaderElection54: begin an election at term 2 for -1: [1742c727-6833-42d8-ac98-e1d010bd591d:192.168.69.126:37544, b2a7f730-984e-473a-b8b8-9318ecaec820:192.168.69.126:34899, 9baf0294-3496-4e1f-b0fa-15839a24912d:192.168.69.126:46809], old=null
2019-08-28 19:11:56,262 [Thread-1068] INFO  impl.FollowerState (FollowerState.java:run(106)) - 9baf0294-3496-4e1f-b0fa-15839a24912d:group-9D35AC187D3C changes to CANDIDATE, lastRpcTime:5099, electionTimeout:5097ms
2019-08-28 19:11:56,262 [Thread-1068] INFO  impl.RoleInfo (RoleInfo.java:shutdownFollowerState(121)) - 9baf0294-3496-4e1f-b0fa-15839a24912d: shutdown FollowerState
2019-08-28 19:11:56,262 [grpc-default-executor-4] INFO  impl.RaftServerImpl (RaftServerImpl.java:setRole(171)) - b2a7f730-984e-473a-b8b8-9318ecaec820:group-9D35AC187D3C changes role from FOLLOWER to FOLLOWER at term 2 for recognizeCandidate:1742c727-6833-42d8-ac98-e1d010bd591d
2019-08-28 19:11:56,262 [Thread-1068] INFO  impl.RaftServerImpl (RaftServerImpl.java:setRole(171)) - 9baf0294-3496-4e1f-b0fa-15839a24912d:group-9D35AC187D3C changes role from FOLLOWER to CANDIDATE at term 1 for changeToCandidate
2019-08-28 19:11:56,263 [grpc-default-executor-4] INFO  impl.RoleInfo (RoleInfo.java:shutdownFollowerState(121)) - b2a7f730-984e-473a-b8b8-9318ecaec820: shutdown FollowerState
2019-08-28 19:11:56,263 [Thread-1068] INFO  impl.RoleInfo (RoleInfo.java:updateAndGet(143)) - 9baf0294-3496-4e1f-b0fa-15839a24912d: start LeaderElection
2019-08-28 19:11:56,263 [grpc-default-executor-4] INFO  impl.RoleInfo (RoleInfo.java:updateAndGet(143)) - b2a7f730-984e-473a-b8b8-9318ecaec820: start FollowerState
2019-08-28 19:11:56,263 [grpc-default-executor-2] INFO  impl.RaftServerImpl (RaftServerImpl.java:setRole(171)) - 9baf0294-3496-4e1f-b0fa-15839a24912d:group-9D35AC187D3C changes role from CANDIDATE to FOLLOWER at term 2 for recognizeCandidate:1742c727-6833-42d8-ac98-e1d010bd591d
2019-08-28 19:11:56,263 [Thread-1069] INFO  impl.FollowerState (FollowerState.java:run(114)) - b2a7f730-984e-473a-b8b8-9318ecaec820: FollowerState was interrupted: java.lang.InterruptedException: sleep interrupted
2019-08-28 19:11:56,263 [grpc-default-executor-2] INFO  impl.RoleInfo (RoleInfo.java:shutdownLeaderElection(134)) - 9baf0294-3496-4e1f-b0fa-15839a24912d: shutdown LeaderElection
2019-08-28 19:11:56,264 [grpc-default-executor-2] INFO  impl.RoleInfo (RoleInfo.java:updateAndGet(143)) - 9baf0294-3496-4e1f-b0fa-15839a24912d: start FollowerState
2019-08-28 19:11:56,279 [1742c727-6833-42d8-ac98-e1d010bd591d:group-9D35AC187D3C:LeaderElection54] INFO  impl.LeaderElection (LeaderElection.java:logAndReturn(56)) - 1742c727-6833-42d8-ac98-e1d010bd591d:group-9D35AC187D3C:LeaderElection54: Election PASSED; received 2 response(s) [1742c727-6833-42d8-ac98-e1d010bd591d<-b2a7f730-984e-473a-b8b8-9318ecaec820#0:OK-t2, 1742c727-6833-42d8-ac98-e1d010bd591d<-9baf0294-3496-4e1f-b0fa-15839a24912d#0:FAIL-t2] and 0 exception(s); 1742c727-6833-42d8-ac98-e1d010bd591d:t2, leader=null, voted=1742c727-6833-42d8-ac98-e1d010bd591d, raftlog=1742c727-6833-42d8-ac98-e1d010bd591d-SegmentedRaftLog:OPENED:c-1,f-1,i0, conf=-1: [1742c727-6833-42d8-ac98-e1d010bd591d:192.168.69.126:37544, b2a7f730-984e-473a-b8b8-9318ecaec820:192.168.69.126:34899, 9baf0294-3496-4e1f-b0fa-15839a24912d:192.168.69.126:46809], old=null
2019-08-28 19:11:56,279 [1742c727-6833-42d8-ac98-e1d010bd591d:group-9D35AC187D3C:LeaderElection54] INFO  impl.RoleInfo (RoleInfo.java:shutdownLeaderElection(134)) - 1742c727-6833-42d8-ac98-e1d010bd591d: shutdown LeaderElection
2019-08-28 19:11:56,280 [1742c727-6833-42d8-ac98-e1d010bd591d:group-9D35AC187D3C:LeaderElection54] INFO  impl.RaftServerImpl (RaftServerImpl.java:setRole(171)) - 1742c727-6833-42d8-ac98-e1d010bd591d:group-9D35AC187D3C changes role from CANDIDATE to LEADER at term 2 for changeToLeader
2019-08-28 19:11:56,280 [1742c727-6833-42d8-ac98-e1d010bd591d:group-9D35AC187D3C:LeaderElection54] INFO  impl.RaftServerImpl (ServerState.java:setLeader(263)) - 1742c727-6833-42d8-ac98-e1d010bd591d:group-9D35AC187D3C change Leader from null to 1742c727-6833-42d8-ac98-e1d010bd591d at term 2 for becomeLeader, leader elected after 10311ms
2019-08-28 19:11:56,280 [1742c727-6833-42d8-ac98-e1d010bd591d:group-9D35AC187D3C:LeaderElection54] INFO  server.RaftServerConfigKeys (ConfUtils.java:logGet(43)) - raft.server.staging.catchup.gap = 1000 (default)
2019-08-28 19:11:56,280 [1742c727-6833-42d8-ac98-e1d010bd591d:group-9D35AC187D3C:LeaderElection54] INFO  server.RaftServerConfigKeys (ConfUtils.java:logGet(43)) - raft.server.rpc.sleep.time = 25ms (default)
2019-08-28 19:11:56,280 [1742c727-6833-42d8-ac98-e1d010bd591d:group-9D35AC187D3C:LeaderElection54] INFO  server.RaftServerConfigKeys (ConfUtils.java:logGet(43)) - raft.server.write.element-limit = 4096 (default)
2019-08-28 19:11:56,280 [1742c727-6833-42d8-ac98-e1d010bd591d:group-9D35AC187D3C:LeaderElection54] INFO  server.RaftServerConfigKeys (ConfUtils.java:logGet(43)) - raft.server.watch.timeout = 10s (default)
2019-08-28 19:11:56,280 [1742c727-6833-42d8-ac98-e1d010bd591d:group-9D35AC187D3C:LeaderElection54] INFO  server.RaftServerConfigKeys (ConfUtils.java:logGet(43)) - raft.server.watch.timeout.denomination = 1s (default)
2019-08-28 19:11:56,281 [1742c727-6833-42d8-ac98-e1d010bd591d:group-9D35AC187D3C:LeaderElection54] INFO  server.RaftServerConfigKeys (ConfUtils.java:logGet(43)) - raft.server.watch.element-limit = 65536 (default)
2019-08-28 19:11:56,281 [1742c727-6833-42d8-ac98-e1d010bd591d:group-9D35AC187D3C:LeaderElection54] INFO  server.RaftServerConfigKeys (ConfUtils.java:logGet(43)) - raft.server.log.appender.snapshot.chunk.size.max = 16MB (=16777216) (default)
2019-08-28 19:11:56,281 [1742c727-6833-42d8-ac98-e1d010bd591d:group-9D35AC187D3C:LeaderElection54] INFO  server.RaftServerConfigKeys (ConfUtils.java:logGet(43)) - raft.server.log.appender.buffer.byte-limit = 33554432 (custom)
2019-08-28 19:11:56,281 [1742c727-6833-42d8-ac98-e1d010bd591d:group-9D35AC187D3C:LeaderElection54] INFO  server.RaftServerConfigKeys (ConfUtils.java:logGet(43)) - raft.server.log.appender.buffer.element-limit = 1 (custom)
2019-08-28 19:11:56,282 [1742c727-6833-42d8-ac98-e1d010bd591d:group-9D35AC187D3C:LeaderElection54] INFO  grpc.GrpcConfigKeys$Server (ConfUtils.java:logGet(43)) - raft.grpc.server.leader.outstanding.appends.max = 128 (default)
2019-08-28 19:11:56,282 [1742c727-6833-42d8-ac98-e1d010bd591d:group-9D35AC187D3C:LeaderElection54] INFO  server.RaftServerConfigKeys (ConfUtils.java:logGet(43)) - raft.server.rpc.request.timeout = 3000ms (default)
2019-08-28 19:11:56,282 [1742c727-6833-42d8-ac98-e1d010bd591d:group-9D35AC187D3C:LeaderElection54] INFO  server.RaftServerConfigKeys (ConfUtils.java:logGet(43)) - raft.server.log.appender.install.snapshot.enabled = false (custom)
2019-08-28 19:11:56,283 [1742c727-6833-42d8-ac98-e1d010bd591d:group-9D35AC187D3C:LeaderElection54] INFO  server.RaftServerConfigKeys (ConfUtils.java:logGet(43)) - raft.server.log.appender.snapshot.chunk.size.max = 16MB (=16777216) (default)
2019-08-28 19:11:56,283 [1742c727-6833-42d8-ac98-e1d010bd591d:group-9D35AC187D3C:LeaderElection54] INFO  server.RaftServerConfigKeys (ConfUtils.java:logGet(43)) - raft.server.log.appender.buffer.byte-limit = 33554432 (custom)
2019-08-28 19:11:56,283 [1742c727-6833-42d8-ac98-e1d010bd591d:group-9D35AC187D3C:LeaderElection54] INFO  server.RaftServerConfigKeys (ConfUtils.java:logGet(43)) - raft.server.log.appender.buffer.element-limit = 1 (custom)
2019-08-28 19:11:56,283 [1742c727-6833-42d8-ac98-e1d010bd591d:group-9D35AC187D3C:LeaderElection54] INFO  grpc.GrpcConfigKeys$Server (ConfUtils.java:logGet(43)) - raft.grpc.server.leader.outstanding.appends.max = 128 (default)
2019-08-28 19:11:56,284 [1742c727-6833-42d8-ac98-e1d010bd591d:group-9D35AC187D3C:LeaderElection54] INFO  server.RaftServerConfigKeys (ConfUtils.java:logGet(43)) - raft.server.rpc.request.timeout = 3000ms (default)
2019-08-28 19:11:56,284 [1742c727-6833-42d8-ac98-e1d010bd591d:group-9D35AC187D3C:LeaderElection54] INFO  server.RaftServerConfigKeys (ConfUtils.java:logGet(43)) - raft.server.log.appender.install.snapshot.enabled = false (custom)
2019-08-28 19:11:56,284 [1742c727-6833-42d8-ac98-e1d010bd591d:group-9D35AC187D3C:LeaderElection54] INFO  impl.RoleInfo (RoleInfo.java:updateAndGet(143)) - 1742c727-6833-42d8-ac98-e1d010bd591d: start LeaderState
2019-08-28 19:11:56,284 [1742c727-6833-42d8-ac98-e1d010bd591d:group-9D35AC187D3C:LeaderElection54] INFO  segmented.SegmentedRaftLogWorker (SegmentedRaftLogWorker.java:startLogSegment(380)) - 1742c727-6833-42d8-ac98-e1d010bd591d-SegmentedRaftLogWorker:Storage Directory /workdir/hadoop-ozone/integration-test/target/test-dir/MiniOzoneClusterImpl-95e23c98-e492-4cad-aeea-48d386549ca1/datanode-2/data/ratis/088f0b25-8462-48f1-ad8b-9d35ac187d3c: Starting segment from index:0
2019-08-28 19:11:56,285 [1742c727-6833-42d8-ac98-e1d010bd591d:group-9D35AC187D3C:LeaderElection54] INFO  impl.RaftServerImpl (ServerState.java:setRaftConf(361)) - 1742c727-6833-42d8-ac98-e1d010bd591d:group-9D35AC187D3C set configuration 0: [1742c727-6833-42d8-ac98-e1d010bd591d:192.168.69.126:37544, b2a7f730-984e-473a-b8b8-9318ecaec820:192.168.69.126:34899, 9baf0294-3496-4e1f-b0fa-15839a24912d:192.168.69.126:46809], old=null at 0
2019-08-28 19:11:56,287 [grpc-default-executor-2] INFO  impl.RaftServerImpl (ServerState.java:setLeader(263)) - b2a7f730-984e-473a-b8b8-9318ecaec820:group-9D35AC187D3C change Leader from null to 1742c727-6833-42d8-ac98-e1d010bd591d at term 2 for appendEntries, leader elected after 10318ms
2019-08-28 19:11:56,291 [grpc-default-executor-2] INFO  impl.RaftServerImpl (ServerState.java:setRaftConf(361)) - b2a7f730-984e-473a-b8b8-9318ecaec820:group-9D35AC187D3C set configuration 0: [1742c727-6833-42d8-ac98-e1d010bd591d:192.168.69.126:37544, b2a7f730-984e-473a-b8b8-9318ecaec820:192.168.69.126:34899, 9baf0294-3496-4e1f-b0fa-15839a24912d:192.168.69.126:46809], old=null at 0
2019-08-28 19:11:56,291 [grpc-default-executor-2] INFO  segmented.SegmentedRaftLogWorker (SegmentedRaftLogWorker.java:startLogSegment(380)) - b2a7f730-984e-473a-b8b8-9318ecaec820-SegmentedRaftLogWorker:Storage Directory /workdir/hadoop-ozone/integration-test/target/test-dir/MiniOzoneClusterImpl-95e23c98-e492-4cad-aeea-48d386549ca1/datanode-0/data/ratis/088f0b25-8462-48f1-ad8b-9d35ac187d3c: Starting segment from index:0
2019-08-28 19:11:56,292 [9baf0294-3496-4e1f-b0fa-15839a24912d:group-9D35AC187D3C:LeaderElection55] INFO  impl.LeaderElection (LeaderElection.java:askForVotes(181)) - 9baf0294-3496-4e1f-b0fa-15839a24912d:group-9D35AC187D3C:LeaderElection55: begin an election at term 3 for -1: [1742c727-6833-42d8-ac98-e1d010bd591d:192.168.69.126:37544, b2a7f730-984e-473a-b8b8-9318ecaec820:192.168.69.126:34899, 9baf0294-3496-4e1f-b0fa-15839a24912d:192.168.69.126:46809], old=null
2019-08-28 19:11:56,292 [9baf0294-3496-4e1f-b0fa-15839a24912d:group-9D35AC187D3C:LeaderElection55] INFO  impl.LeaderElection (LeaderElection.java:logAndReturn(56)) - 9baf0294-3496-4e1f-b0fa-15839a24912d:group-9D35AC187D3C:LeaderElection55: Election REJECTED; received 0 response(s) [] and 0 exception(s); 9baf0294-3496-4e1f-b0fa-15839a24912d:t3, leader=null, voted=9baf0294-3496-4e1f-b0fa-15839a24912d, raftlog=9baf0294-3496-4e1f-b0fa-15839a24912d-SegmentedRaftLog:OPENED:c-1,f-1,i0, conf=-1: [1742c727-6833-42d8-ac98-e1d010bd591d:192.168.69.126:37544, b2a7f730-984e-473a-b8b8-9318ecaec820:192.168.69.126:34899, 9baf0294-3496-4e1f-b0fa-15839a24912d:192.168.69.126:46809], old=null
2019-08-28 19:11:56,346 [Thread-1119] INFO  impl.RaftServerImpl (ServerState.java:setLeader(263)) - 1742c727-6833-42d8-ac98-e1d010bd591d:group-9D35AC187D3C change Leader from 1742c727-6833-42d8-ac98-e1d010bd591d to null at term 3 for updateCurrentTerm
2019-08-28 19:11:56,346 [Thread-1119] INFO  impl.RaftServerImpl (RaftServerImpl.java:setRole(171)) - 1742c727-6833-42d8-ac98-e1d010bd591d:group-9D35AC187D3C changes role from LEADER to FOLLOWER at term 3 for stepDown
2019-08-28 19:11:56,346 [Thread-1119] INFO  impl.RoleInfo (RoleInfo.java:shutdownLeaderState(104)) - 1742c727-6833-42d8-ac98-e1d010bd591d: shutdown LeaderState
2019-08-28 19:11:56,351 [grpc-default-executor-2] INFO  impl.RaftServerImpl (ServerState.java:setLeader(263)) - b2a7f730-984e-473a-b8b8-9318ecaec820:group-9D35AC187D3C change Leader from 1742c727-6833-42d8-ac98-e1d010bd591d to null at term 3 for updateCurrentTerm
2019-08-28 19:11:56,351 [Thread-1119] INFO  impl.PendingRequests (PendingRequests.java:sendNotLeaderResponses(202)) - 1742c727-6833-42d8-ac98-e1d010bd591d-PendingRequests: sendNotLeaderResponses
2019-08-28 19:11:56,351 [org.apache.ratis.server.impl.LogAppender$AppenderDaemon$$Lambda$456/574583412@6652f99c] WARN  server.GrpcLogAppender (GrpcLogAppender.java:mayWait(143)) - GrpcLogAppender(1742c727-6833-42d8-ac98-e1d010bd591d->9baf0294-3496-4e1f-b0fa-15839a24912d): Wait interrupted by java.lang.InterruptedException
2019-08-28 19:11:56,352 [Thread-1119] INFO  impl.RoleInfo (RoleInfo.java:updateAndGet(143)) - 1742c727-6833-42d8-ac98-e1d010bd591d: start FollowerState
2019-08-28 19:11:56,351 [org.apache.ratis.server.impl.LogAppender$AppenderDaemon$$Lambda$456/574583412@23507392] WARN  server.GrpcLogAppender (GrpcLogAppender.java:mayWait(143)) - GrpcLogAppender(1742c727-6833-42d8-ac98-e1d010bd591d->b2a7f730-984e-473a-b8b8-9318ecaec820): Wait interrupted by java.lang.InterruptedException
2019-08-28 19:11:56,351 [grpc-default-executor-2] INFO  impl.RaftServerImpl (RaftServerImpl.java:setRole(171)) - b2a7f730-984e-473a-b8b8-9318ecaec820:group-9D35AC187D3C changes role from FOLLOWER to FOLLOWER at term 3 for recognizeCandidate:9baf0294-3496-4e1f-b0fa-15839a24912d
2019-08-28 19:11:56,352 [grpc-default-executor-1] INFO  server.GrpcServerProtocolService (GrpcServerProtocolService.java:onCompleted(104)) - 9baf0294-3496-4e1f-b0fa-15839a24912d: appendEntries completed
2019-08-28 19:11:56,352 [grpc-default-executor-3] INFO  server.GrpcServerProtocolService (GrpcServerProtocolService.java:onCompleted(104)) - b2a7f730-984e-473a-b8b8-9318ecaec820: appendEntries completed
2019-08-28 19:11:56,352 [grpc-default-executor-2] INFO  impl.RoleInfo (RoleInfo.java:shutdownFollowerState(121)) - b2a7f730-984e-473a-b8b8-9318ecaec820: shutdown FollowerState
2019-08-28 19:11:56,353 [grpc-default-executor-2] INFO  impl.RoleInfo (RoleInfo.java:updateAndGet(143)) - b2a7f730-984e-473a-b8b8-9318ecaec820: start FollowerState
2019-08-28 19:11:56,369 [grpc-default-executor-1] INFO  server.GrpcLogAppender (GrpcLogAppender.java:onCompleted(292)) - 1742c727-6833-42d8-ac98-e1d010bd591d->9baf0294-3496-4e1f-b0fa-15839a24912d: follower responses appendEntries COMPLETED
2019-08-28 19:11:56,370 [grpc-default-executor-3] INFO  server.GrpcLogAppender (GrpcLogAppender.java:onCompleted(292)) - 1742c727-6833-42d8-ac98-e1d010bd591d->b2a7f730-984e-473a-b8b8-9318ecaec820: follower responses appendEntries COMPLETED
2019-08-28 19:11:56,367 [Thread-1117] INFO  impl.FollowerState (FollowerState.java:run(114)) - b2a7f730-984e-473a-b8b8-9318ecaec820: FollowerState was interrupted: java.lang.InterruptedException: sleep interrupted
2019-08-28 19:11:56,370 | INFO  | SCMAudit | user=jenkins1000 | ip=192.168.69.126 | op=SEND_HEARTBEAT {datanodeUUID=9baf0294-3496-4e1f-b0fa-15839a24912d, command=[]} | ret=SUCCESS |  
2019-08-28 19:11:56,370 [grpc-default-executor-3] INFO  impl.FollowerInfo (FollowerInfo.java:lambda$new$0(50)) - 1742c727-6833-42d8-ac98-e1d010bd591d->b2a7f730-984e-473a-b8b8-9318ecaec820: nextIndex: updateUnconditionally 1 -> 0
2019-08-28 19:11:56,367 [b2a7f730-984e-473a-b8b8-9318ecaec820-SegmentedRaftLogWorker:Storage Directory /workdir/hadoop-ozone/integration-test/target/test-dir/MiniOzoneClusterImpl-95e23c98-e492-4cad-aeea-48d386549ca1/datanode-0/data/ratis/088f0b25-8462-48f1-ad8b-9d35ac187d3c] INFO  segmented.SegmentedRaftLogWorker (SegmentedRaftLogWorker.java:execute(569)) - b2a7f730-984e-473a-b8b8-9318ecaec820-SegmentedRaftLogWorker:Storage Directory /workdir/hadoop-ozone/integration-test/target/test-dir/MiniOzoneClusterImpl-95e23c98-e492-4cad-aeea-48d386549ca1/datanode-0/data/ratis/088f0b25-8462-48f1-ad8b-9d35ac187d3c: created new log segment /workdir/hadoop-ozone/integration-test/target/test-dir/MiniOzoneClusterImpl-95e23c98-e492-4cad-aeea-48d386549ca1/datanode-0/data/ratis/088f0b25-8462-48f1-ad8b-9d35ac187d3c/current/log_inprogress_0
2019-08-28 19:11:56,367 [1742c727-6833-42d8-ac98-e1d010bd591d-SegmentedRaftLogWorker:Storage Directory /workdir/hadoop-ozone/integration-test/target/test-dir/MiniOzoneClusterImpl-95e23c98-e492-4cad-aeea-48d386549ca1/datanode-2/data/ratis/088f0b25-8462-48f1-ad8b-9d35ac187d3c] INFO  segmented.SegmentedRaftLogWorker (SegmentedRaftLogWorker.java:execute(569)) - 1742c727-6833-42d8-ac98-e1d010bd591d-SegmentedRaftLogWorker:Storage Directory /workdir/hadoop-ozone/integration-test/target/test-dir/MiniOzoneClusterImpl-95e23c98-e492-4cad-aeea-48d386549ca1/datanode-2/data/ratis/088f0b25-8462-48f1-ad8b-9d35ac187d3c: created new log segment /workdir/hadoop-ozone/integration-test/target/test-dir/MiniOzoneClusterImpl-95e23c98-e492-4cad-aeea-48d386549ca1/datanode-2/data/ratis/088f0b25-8462-48f1-ad8b-9d35ac187d3c/current/log_inprogress_0
2019-08-28 19:11:56,370 [grpc-default-executor-1] INFO  impl.FollowerInfo (FollowerInfo.java:lambda$new$0(50)) - 1742c727-6833-42d8-ac98-e1d010bd591d->9baf0294-3496-4e1f-b0fa-15839a24912d: nextIndex: updateUnconditionally 0 -> 0
2019-08-28 19:11:56,370 [grpc-default-executor-4] INFO  impl.RaftServerImpl (RaftServerImpl.java:setRole(171)) - 1742c727-6833-42d8-ac98-e1d010bd591d:group-9D35AC187D3C changes role from FOLLOWER to FOLLOWER at term 3 for recognizeCandidate:9baf0294-3496-4e1f-b0fa-15839a24912d
2019-08-28 19:11:56,371 [grpc-default-executor-4] INFO  impl.RoleInfo (RoleInfo.java:shutdownFollowerState(121)) - 1742c727-6833-42d8-ac98-e1d010bd591d: shutdown FollowerState
2019-08-28 19:11:56,372 [grpc-default-executor-4] INFO  impl.RoleInfo (RoleInfo.java:updateAndGet(143)) - 1742c727-6833-42d8-ac98-e1d010bd591d: start FollowerState
2019-08-28 19:11:56,372 [Thread-1127] INFO  impl.FollowerState (FollowerState.java:run(114)) - 1742c727-6833-42d8-ac98-e1d010bd591d: FollowerState was interrupted: java.lang.InterruptedException: sleep interrupted
2019-08-28 19:11:56,442 | INFO  | SCMAudit | user=jenkins1000 | ip=192.168.69.126 | op=SEND_HEARTBEAT {datanodeUUID=65661374-e9ce-4ca4-abba-b6075fbab1cd, command=[]} | ret=SUCCESS |  
2019-08-28 19:11:56,677 | INFO  | SCMAudit | user=jenkins1000 | ip=192.168.69.126 | op=SEND_HEARTBEAT {datanodeUUID=380f265b-6eb4-4d9a-b903-bb6ed6e5f324, command=[]} | ret=SUCCESS |  
2019-08-28 19:11:56,824 | INFO  | SCMAudit | user=jenkins1000 | ip=192.168.69.126 | op=SEND_HEARTBEAT {datanodeUUID=1742c727-6833-42d8-ac98-e1d010bd591d, command=[]} | ret=SUCCESS |  
2019-08-28 19:11:56,993 [grpc-default-executor-2] INFO  client.GrpcClientProtocolClient (GrpcClientProtocolClient.java:onNext(255)) - client-02B52F649350->1742c727-6833-42d8-ac98-e1d010bd591d: receive RaftClientReply:client-02B52F649350->1742c727-6833-42d8-ac98-e1d010bd591d@group-9D35AC187D3C, cid=50, FAILED org.apache.ratis.protocol.NotLeaderException: Server 1742c727-6833-42d8-ac98-e1d010bd591d is not the leader (null). Request must be sent to leader., logIndex=0, commits[1742c727-6833-42d8-ac98-e1d010bd591d:c-1, b2a7f730-984e-473a-b8b8-9318ecaec820:c-1, 9baf0294-3496-4e1f-b0fa-15839a24912d:c-1]
2019-08-28 19:11:57,013 | INFO  | SCMAudit | user=jenkins1000 | ip=192.168.69.126 | op=SEND_HEARTBEAT {datanodeUUID=00414077-5234-4a26-9ed1-ac73b87b4b8e, command=[]} | ret=SUCCESS |  
2019-08-28 19:11:57,139 | INFO  | SCMAudit | user=jenkins1000 | ip=192.168.69.126 | op=SEND_HEARTBEAT {datanodeUUID=b2a7f730-984e-473a-b8b8-9318ecaec820, command=[]} | ret=SUCCESS |  
2019-08-28 19:11:57,247 | INFO  | SCMAudit | user=jenkins1000 | ip=192.168.69.126 | op=SEND_HEARTBEAT {datanodeUUID=3dbe2e87-433a-404a-bf79-c232f3c44ae6, command=[]} | ret=SUCCESS |  
2019-08-28 19:11:57,368 | INFO  | SCMAudit | user=jenkins1000 | ip=192.168.69.126 | op=SEND_HEARTBEAT {datanodeUUID=9baf0294-3496-4e1f-b0fa-15839a24912d, command=[]} | ret=SUCCESS |  
2019-08-28 19:11:57,443 | INFO  | SCMAudit | user=jenkins1000 | ip=192.168.69.126 | op=SEND_HEARTBEAT {datanodeUUID=65661374-e9ce-4ca4-abba-b6075fbab1cd, command=[]} | ret=SUCCESS |  
2019-08-28 19:11:57,678 | INFO  | SCMAudit | user=jenkins1000 | ip=192.168.69.126 | op=SEND_HEARTBEAT {datanodeUUID=380f265b-6eb4-4d9a-b903-bb6ed6e5f324, command=[]} | ret=SUCCESS |  
2019-08-28 19:11:57,824 | INFO  | SCMAudit | user=jenkins1000 | ip=192.168.69.126 | op=SEND_HEARTBEAT {datanodeUUID=1742c727-6833-42d8-ac98-e1d010bd591d, command=[]} | ret=SUCCESS |  
2019-08-28 19:11:58,023 | INFO  | SCMAudit | user=jenkins1000 | ip=192.168.69.126 | op=SEND_HEARTBEAT {datanodeUUID=00414077-5234-4a26-9ed1-ac73b87b4b8e, command=[]} | ret=SUCCESS |  
2019-08-28 19:11:58,023 [grpc-default-executor-2] INFO  client.GrpcClientProtocolClient (GrpcClientProtocolClient.java:onNext(255)) - client-02B52F649350->b2a7f730-984e-473a-b8b8-9318ecaec820: receive RaftClientReply:client-02B52F649350->b2a7f730-984e-473a-b8b8-9318ecaec820@group-9D35AC187D3C, cid=50, FAILED org.apache.ratis.protocol.NotLeaderException: Server b2a7f730-984e-473a-b8b8-9318ecaec820 is not the leader (null). Request must be sent to leader., logIndex=0, commits[b2a7f730-984e-473a-b8b8-9318ecaec820:c-1, 1742c727-6833-42d8-ac98-e1d010bd591d:c-1, 9baf0294-3496-4e1f-b0fa-15839a24912d:c-1]
2019-08-28 19:11:58,140 | INFO  | SCMAudit | user=jenkins1000 | ip=192.168.69.126 | op=SEND_HEARTBEAT {datanodeUUID=b2a7f730-984e-473a-b8b8-9318ecaec820, command=[]} | ret=SUCCESS |  
2019-08-28 19:11:58,247 | INFO  | SCMAudit | user=jenkins1000 | ip=192.168.69.126 | op=SEND_HEARTBEAT {datanodeUUID=3dbe2e87-433a-404a-bf79-c232f3c44ae6, command=[]} | ret=SUCCESS |  
2019-08-28 19:11:58,368 | INFO  | SCMAudit | user=jenkins1000 | ip=192.168.69.126 | op=SEND_HEARTBEAT {datanodeUUID=9baf0294-3496-4e1f-b0fa-15839a24912d, command=[]} | ret=SUCCESS |  
2019-08-28 19:11:58,443 | INFO  | SCMAudit | user=jenkins1000 | ip=192.168.69.126 | op=SEND_HEARTBEAT {datanodeUUID=65661374-e9ce-4ca4-abba-b6075fbab1cd, command=[]} | ret=SUCCESS |  
2019-08-28 19:11:58,678 | INFO  | SCMAudit | user=jenkins1000 | ip=192.168.69.126 | op=SEND_HEARTBEAT {datanodeUUID=380f265b-6eb4-4d9a-b903-bb6ed6e5f324, command=[]} | ret=SUCCESS |  
2019-08-28 19:11:58,824 | INFO  | SCMAudit | user=jenkins1000 | ip=192.168.69.126 | op=SEND_HEARTBEAT {datanodeUUID=1742c727-6833-42d8-ac98-e1d010bd591d, command=[]} | ret=SUCCESS |  
2019-08-28 19:11:59,022 | INFO  | SCMAudit | user=jenkins1000 | ip=192.168.69.126 | op=SEND_HEARTBEAT {datanodeUUID=00414077-5234-4a26-9ed1-ac73b87b4b8e, command=[]} | ret=SUCCESS |  
2019-08-28 19:11:59,041 [grpc-default-executor-4] INFO  client.GrpcClientProtocolClient (GrpcClientProtocolClient.java:onNext(255)) - client-02B52F649350->1742c727-6833-42d8-ac98-e1d010bd591d: receive RaftClientReply:client-02B52F649350->1742c727-6833-42d8-ac98-e1d010bd591d@group-9D35AC187D3C, cid=50, FAILED org.apache.ratis.protocol.NotLeaderException: Server 1742c727-6833-42d8-ac98-e1d010bd591d is not the leader (null). Request must be sent to leader., logIndex=0, commits[1742c727-6833-42d8-ac98-e1d010bd591d:c-1, b2a7f730-984e-473a-b8b8-9318ecaec820:c-1, 9baf0294-3496-4e1f-b0fa-15839a24912d:c-1]
2019-08-28 19:11:59,139 | INFO  | SCMAudit | user=jenkins1000 | ip=192.168.69.126 | op=SEND_HEARTBEAT {datanodeUUID=b2a7f730-984e-473a-b8b8-9318ecaec820, command=[]} | ret=SUCCESS |  
2019-08-28 19:11:59,247 | INFO  | SCMAudit | user=jenkins1000 | ip=192.168.69.126 | op=SEND_HEARTBEAT {datanodeUUID=3dbe2e87-433a-404a-bf79-c232f3c44ae6, command=[]} | ret=SUCCESS |  
2019-08-28 19:11:59,368 | INFO  | SCMAudit | user=jenkins1000 | ip=192.168.69.126 | op=SEND_HEARTBEAT {datanodeUUID=9baf0294-3496-4e1f-b0fa-15839a24912d, command=[]} | ret=SUCCESS |  
2019-08-28 19:11:59,443 | INFO  | SCMAudit | user=jenkins1000 | ip=192.168.69.126 | op=SEND_HEARTBEAT {datanodeUUID=65661374-e9ce-4ca4-abba-b6075fbab1cd, command=[]} | ret=SUCCESS |  
2019-08-28 19:11:59,678 | INFO  | SCMAudit | user=jenkins1000 | ip=192.168.69.126 | op=SEND_HEARTBEAT {datanodeUUID=380f265b-6eb4-4d9a-b903-bb6ed6e5f324, command=[]} | ret=SUCCESS |  
2019-08-28 19:11:59,825 | INFO  | SCMAudit | user=jenkins1000 | ip=192.168.69.126 | op=SEND_HEARTBEAT {datanodeUUID=1742c727-6833-42d8-ac98-e1d010bd591d, command=[]} | ret=SUCCESS |  
2019-08-28 19:12:00,022 | INFO  | SCMAudit | user=jenkins1000 | ip=192.168.69.126 | op=SEND_HEARTBEAT {datanodeUUID=00414077-5234-4a26-9ed1-ac73b87b4b8e, command=[]} | ret=SUCCESS |  
2019-08-28 19:12:00,070 [grpc-default-executor-4] INFO  client.GrpcClientProtocolClient (GrpcClientProtocolClient.java:onNext(255)) - client-02B52F649350->b2a7f730-984e-473a-b8b8-9318ecaec820: receive RaftClientReply:client-02B52F649350->b2a7f730-984e-473a-b8b8-9318ecaec820@group-9D35AC187D3C, cid=50, FAILED org.apache.ratis.protocol.NotLeaderException: Server b2a7f730-984e-473a-b8b8-9318ecaec820 is not the leader (null). Request must be sent to leader., logIndex=0, commits[b2a7f730-984e-473a-b8b8-9318ecaec820:c-1, 1742c727-6833-42d8-ac98-e1d010bd591d:c-1, 9baf0294-3496-4e1f-b0fa-15839a24912d:c-1]
2019-08-28 19:12:00,139 | INFO  | SCMAudit | user=jenkins1000 | ip=192.168.69.126 | op=SEND_HEARTBEAT {datanodeUUID=b2a7f730-984e-473a-b8b8-9318ecaec820, command=[]} | ret=SUCCESS |  
2019-08-28 19:12:00,247 | INFO  | SCMAudit | user=jenkins1000 | ip=192.168.69.126 | op=SEND_HEARTBEAT {datanodeUUID=3dbe2e87-433a-404a-bf79-c232f3c44ae6, command=[]} | ret=SUCCESS |  
2019-08-28 19:12:00,368 | INFO  | SCMAudit | user=jenkins1000 | ip=192.168.69.126 | op=SEND_HEARTBEAT {datanodeUUID=9baf0294-3496-4e1f-b0fa-15839a24912d, command=[]} | ret=SUCCESS |  
2019-08-28 19:12:00,443 | INFO  | SCMAudit | user=jenkins1000 | ip=192.168.69.126 | op=SEND_HEARTBEAT {datanodeUUID=65661374-e9ce-4ca4-abba-b6075fbab1cd, command=[]} | ret=SUCCESS |  
2019-08-28 19:12:00,678 | INFO  | SCMAudit | user=jenkins1000 | ip=192.168.69.126 | op=SEND_HEARTBEAT {datanodeUUID=380f265b-6eb4-4d9a-b903-bb6ed6e5f324, command=[]} | ret=SUCCESS |  
2019-08-28 19:12:00,825 | INFO  | SCMAudit | user=jenkins1000 | ip=192.168.69.126 | op=SEND_HEARTBEAT {datanodeUUID=1742c727-6833-42d8-ac98-e1d010bd591d, command=[]} | ret=SUCCESS |  
2019-08-28 19:12:01,022 | INFO  | SCMAudit | user=jenkins1000 | ip=192.168.69.126 | op=SEND_HEARTBEAT {datanodeUUID=00414077-5234-4a26-9ed1-ac73b87b4b8e, command=[]} | ret=SUCCESS |  
2019-08-28 19:12:01,090 [grpc-default-executor-2] INFO  client.GrpcClientProtocolClient (GrpcClientProtocolClient.java:onNext(255)) - client-02B52F649350->1742c727-6833-42d8-ac98-e1d010bd591d: receive RaftClientReply:client-02B52F649350->1742c727-6833-42d8-ac98-e1d010bd591d@group-9D35AC187D3C, cid=50, FAILED org.apache.ratis.protocol.NotLeaderException: Server 1742c727-6833-42d8-ac98-e1d010bd591d is not the leader (null). Request must be sent to leader., logIndex=0, commits[1742c727-6833-42d8-ac98-e1d010bd591d:c-1, b2a7f730-984e-473a-b8b8-9318ecaec820:c-1, 9baf0294-3496-4e1f-b0fa-15839a24912d:c-1]
2019-08-28 19:12:01,139 | INFO  | SCMAudit | user=jenkins1000 | ip=192.168.69.126 | op=SEND_HEARTBEAT {datanodeUUID=b2a7f730-984e-473a-b8b8-9318ecaec820, command=[]} | ret=SUCCESS |  
2019-08-28 19:12:01,247 | INFO  | SCMAudit | user=jenkins1000 | ip=192.168.69.126 | op=SEND_HEARTBEAT {datanodeUUID=3dbe2e87-433a-404a-bf79-c232f3c44ae6, command=[]} | ret=SUCCESS |  
2019-08-28 19:12:01,321 [Thread-1118] INFO  impl.FollowerState (FollowerState.java:run(106)) - 9baf0294-3496-4e1f-b0fa-15839a24912d:group-9D35AC187D3C changes to CANDIDATE, lastRpcTime:5057, electionTimeout:5057ms
2019-08-28 19:12:01,322 [Thread-1118] INFO  impl.RoleInfo (RoleInfo.java:shutdownFollowerState(121)) - 9baf0294-3496-4e1f-b0fa-15839a24912d: shutdown FollowerState
2019-08-28 19:12:01,322 [Thread-1118] INFO  impl.RaftServerImpl (RaftServerImpl.java:setRole(171)) - 9baf0294-3496-4e1f-b0fa-15839a24912d:group-9D35AC187D3C changes role from FOLLOWER to CANDIDATE at term 3 for changeToCandidate
2019-08-28 19:12:01,322 [Thread-1118] INFO  impl.RoleInfo (RoleInfo.java:updateAndGet(143)) - 9baf0294-3496-4e1f-b0fa-15839a24912d: start LeaderElection
2019-08-28 19:12:01,336 [9baf0294-3496-4e1f-b0fa-15839a24912d:group-9D35AC187D3C:LeaderElection56] INFO  impl.LeaderElection (LeaderElection.java:askForVotes(181)) - 9baf0294-3496-4e1f-b0fa-15839a24912d:group-9D35AC187D3C:LeaderElection56: begin an election at term 4 for -1: [1742c727-6833-42d8-ac98-e1d010bd591d:192.168.69.126:37544, b2a7f730-984e-473a-b8b8-9318ecaec820:192.168.69.126:34899, 9baf0294-3496-4e1f-b0fa-15839a24912d:192.168.69.126:46809], old=null
2019-08-28 19:12:01,339 [grpc-default-executor-4] INFO  impl.RaftServerImpl (RaftServerImpl.java:setRole(171)) - b2a7f730-984e-473a-b8b8-9318ecaec820:group-9D35AC187D3C changes role from FOLLOWER to FOLLOWER at term 4 for recognizeCandidate:9baf0294-3496-4e1f-b0fa-15839a24912d
2019-08-28 19:12:01,340 [grpc-default-executor-2] INFO  impl.RaftServerImpl (RaftServerImpl.java:setRole(171)) - 1742c727-6833-42d8-ac98-e1d010bd591d:group-9D35AC187D3C changes role from FOLLOWER to FOLLOWER at term 4 for recognizeCandidate:9baf0294-3496-4e1f-b0fa-15839a24912d
2019-08-28 19:12:01,340 [grpc-default-executor-4] INFO  impl.RoleInfo (RoleInfo.java:shutdownFollowerState(121)) - b2a7f730-984e-473a-b8b8-9318ecaec820: shutdown FollowerState
2019-08-28 19:12:01,340 [grpc-default-executor-2] INFO  impl.RoleInfo (RoleInfo.java:shutdownFollowerState(121)) - 1742c727-6833-42d8-ac98-e1d010bd591d: shutdown FollowerState
2019-08-28 19:12:01,340 [grpc-default-executor-4] INFO  impl.RoleInfo (RoleInfo.java:updateAndGet(143)) - b2a7f730-984e-473a-b8b8-9318ecaec820: start FollowerState
2019-08-28 19:12:01,340 [Thread-1128] INFO  impl.FollowerState (FollowerState.java:run(114)) - b2a7f730-984e-473a-b8b8-9318ecaec820: FollowerState was interrupted: java.lang.InterruptedException: sleep interrupted
2019-08-28 19:12:01,340 [grpc-default-executor-2] INFO  impl.RoleInfo (RoleInfo.java:updateAndGet(143)) - 1742c727-6833-42d8-ac98-e1d010bd591d: start FollowerState
2019-08-28 19:12:01,340 [Thread-1129] INFO  impl.FollowerState (FollowerState.java:run(114)) - 1742c727-6833-42d8-ac98-e1d010bd591d: FollowerState was interrupted: java.lang.InterruptedException: sleep interrupted
2019-08-28 19:12:01,368 | INFO  | SCMAudit | user=jenkins1000 | ip=192.168.69.126 | op=SEND_HEARTBEAT {datanodeUUID=9baf0294-3496-4e1f-b0fa-15839a24912d, command=[]} | ret=SUCCESS |  
2019-08-28 19:12:01,417 [9baf0294-3496-4e1f-b0fa-15839a24912d:group-9D35AC187D3C:LeaderElection56] INFO  impl.LeaderElection (LeaderElection.java:logAndReturn(56)) - 9baf0294-3496-4e1f-b0fa-15839a24912d:group-9D35AC187D3C:LeaderElection56: Election REJECTED; received 2 response(s) [9baf0294-3496-4e1f-b0fa-15839a24912d<-1742c727-6833-42d8-ac98-e1d010bd591d#0:FAIL-t4, 9baf0294-3496-4e1f-b0fa-15839a24912d<-b2a7f730-984e-473a-b8b8-9318ecaec820#0:FAIL-t4] and 0 exception(s); 9baf0294-3496-4e1f-b0fa-15839a24912d:t4, leader=null, voted=9baf0294-3496-4e1f-b0fa-15839a24912d, raftlog=9baf0294-3496-4e1f-b0fa-15839a24912d-SegmentedRaftLog:OPENED:c-1,f-1,i0, conf=-1: [1742c727-6833-42d8-ac98-e1d010bd591d:192.168.69.126:37544, b2a7f730-984e-473a-b8b8-9318ecaec820:192.168.69.126:34899, 9baf0294-3496-4e1f-b0fa-15839a24912d:192.168.69.126:46809], old=null
2019-08-28 19:12:01,417 [9baf0294-3496-4e1f-b0fa-15839a24912d:group-9D35AC187D3C:LeaderElection56] INFO  impl.RaftServerImpl (RaftServerImpl.java:setRole(171)) - 9baf0294-3496-4e1f-b0fa-15839a24912d:group-9D35AC187D3C changes role from CANDIDATE to FOLLOWER at term 4 for DISCOVERED_A_NEW_TERM
2019-08-28 19:12:01,417 [9baf0294-3496-4e1f-b0fa-15839a24912d:group-9D35AC187D3C:LeaderElection56] INFO  impl.RoleInfo (RoleInfo.java:shutdownLeaderElection(134)) - 9baf0294-3496-4e1f-b0fa-15839a24912d: shutdown LeaderElection
2019-08-28 19:12:01,417 [9baf0294-3496-4e1f-b0fa-15839a24912d:group-9D35AC187D3C:LeaderElection56] INFO  impl.RoleInfo (RoleInfo.java:updateAndGet(143)) - 9baf0294-3496-4e1f-b0fa-15839a24912d: start FollowerState
2019-08-28 19:12:01,443 | INFO  | SCMAudit | user=jenkins1000 | ip=192.168.69.126 | op=SEND_HEARTBEAT {datanodeUUID=65661374-e9ce-4ca4-abba-b6075fbab1cd, command=[]} | ret=SUCCESS |  
2019-08-28 19:12:01,678 | INFO  | SCMAudit | user=jenkins1000 | ip=192.168.69.126 | op=SEND_HEARTBEAT {datanodeUUID=380f265b-6eb4-4d9a-b903-bb6ed6e5f324, command=[]} | ret=SUCCESS |  
2019-08-28 19:12:01,825 | INFO  | SCMAudit | user=jenkins1000 | ip=192.168.69.126 | op=SEND_HEARTBEAT {datanodeUUID=1742c727-6833-42d8-ac98-e1d010bd591d, command=[]} | ret=SUCCESS |  
2019-08-28 19:12:02,022 | INFO  | SCMAudit | user=jenkins1000 | ip=192.168.69.126 | op=SEND_HEARTBEAT {datanodeUUID=00414077-5234-4a26-9ed1-ac73b87b4b8e, command=[]} | ret=SUCCESS |  
2019-08-28 19:12:02,107 [grpc-default-executor-4] INFO  client.GrpcClientProtocolClient (GrpcClientProtocolClient.java:onNext(255)) - client-02B52F649350->b2a7f730-984e-473a-b8b8-9318ecaec820: receive RaftClientReply:client-02B52F649350->b2a7f730-984e-473a-b8b8-9318ecaec820@group-9D35AC187D3C, cid=50, FAILED org.apache.ratis.protocol.NotLeaderException: Server b2a7f730-984e-473a-b8b8-9318ecaec820 is not the leader (null). Request must be sent to leader., logIndex=0, commits[b2a7f730-984e-473a-b8b8-9318ecaec820:c-1, 1742c727-6833-42d8-ac98-e1d010bd591d:c-1, 9baf0294-3496-4e1f-b0fa-15839a24912d:c-1]
2019-08-28 19:12:02,139 | INFO  | SCMAudit | user=jenkins1000 | ip=192.168.69.126 | op=SEND_HEARTBEAT {datanodeUUID=b2a7f730-984e-473a-b8b8-9318ecaec820, command=[]} | ret=SUCCESS |  
2019-08-28 19:12:02,247 | INFO  | SCMAudit | user=jenkins1000 | ip=192.168.69.126 | op=SEND_HEARTBEAT {datanodeUUID=3dbe2e87-433a-404a-bf79-c232f3c44ae6, command=[]} | ret=SUCCESS |  
2019-08-28 19:12:02,368 | INFO  | SCMAudit | user=jenkins1000 | ip=192.168.69.126 | op=SEND_HEARTBEAT {datanodeUUID=9baf0294-3496-4e1f-b0fa-15839a24912d, command=[]} | ret=SUCCESS |  
2019-08-28 19:12:02,443 | INFO  | SCMAudit | user=jenkins1000 | ip=192.168.69.126 | op=SEND_HEARTBEAT {datanodeUUID=65661374-e9ce-4ca4-abba-b6075fbab1cd, command=[]} | ret=SUCCESS |  
2019-08-28 19:12:02,678 | INFO  | SCMAudit | user=jenkins1000 | ip=192.168.69.126 | op=SEND_HEARTBEAT {datanodeUUID=380f265b-6eb4-4d9a-b903-bb6ed6e5f324, command=[]} | ret=SUCCESS |  
2019-08-28 19:12:02,826 | INFO  | SCMAudit | user=jenkins1000 | ip=192.168.69.126 | op=SEND_HEARTBEAT {datanodeUUID=1742c727-6833-42d8-ac98-e1d010bd591d, command=[]} | ret=SUCCESS |  
2019-08-28 19:12:03,022 | INFO  | SCMAudit | user=jenkins1000 | ip=192.168.69.126 | op=SEND_HEARTBEAT {datanodeUUID=00414077-5234-4a26-9ed1-ac73b87b4b8e, command=[]} | ret=SUCCESS |  
2019-08-28 19:12:03,124 [grpc-default-executor-2] INFO  client.GrpcClientProtocolClient (GrpcClientProtocolClient.java:onNext(255)) - client-02B52F649350->9baf0294-3496-4e1f-b0fa-15839a24912d: receive RaftClientReply:client-02B52F649350->9baf0294-3496-4e1f-b0fa-15839a24912d@group-9D35AC187D3C, cid=50, FAILED org.apache.ratis.protocol.NotLeaderException: Server 9baf0294-3496-4e1f-b0fa-15839a24912d is not the leader (null). Request must be sent to leader., logIndex=0, commits[9baf0294-3496-4e1f-b0fa-15839a24912d:c-1]
2019-08-28 19:12:03,139 | INFO  | SCMAudit | user=jenkins1000 | ip=192.168.69.126 | op=SEND_HEARTBEAT {datanodeUUID=b2a7f730-984e-473a-b8b8-9318ecaec820, command=[]} | ret=SUCCESS |  
2019-08-28 19:12:03,247 | INFO  | SCMAudit | user=jenkins1000 | ip=192.168.69.126 | op=SEND_HEARTBEAT {datanodeUUID=3dbe2e87-433a-404a-bf79-c232f3c44ae6, command=[]} | ret=SUCCESS |  
2019-08-28 19:12:03,368 | INFO  | SCMAudit | user=jenkins1000 | ip=192.168.69.126 | op=SEND_HEARTBEAT {datanodeUUID=9baf0294-3496-4e1f-b0fa-15839a24912d, command=[]} | ret=SUCCESS |  
2019-08-28 19:12:03,443 | INFO  | SCMAudit | user=jenkins1000 | ip=192.168.69.126 | op=SEND_HEARTBEAT {datanodeUUID=65661374-e9ce-4ca4-abba-b6075fbab1cd, command=[]} | ret=SUCCESS |  
2019-08-28 19:12:03,678 | INFO  | SCMAudit | user=jenkins1000 | ip=192.168.69.126 | op=SEND_HEARTBEAT {datanodeUUID=380f265b-6eb4-4d9a-b903-bb6ed6e5f324, command=[]} | ret=SUCCESS |  
2019-08-28 19:12:03,826 | INFO  | SCMAudit | user=jenkins1000 | ip=192.168.69.126 | op=SEND_HEARTBEAT {datanodeUUID=1742c727-6833-42d8-ac98-e1d010bd591d, command=[]} | ret=SUCCESS |  
2019-08-28 19:12:04,022 | INFO  | SCMAudit | user=jenkins1000 | ip=192.168.69.126 | op=SEND_HEARTBEAT {datanodeUUID=00414077-5234-4a26-9ed1-ac73b87b4b8e, command=[]} | ret=SUCCESS |  
2019-08-28 19:12:04,139 [grpc-default-executor-2] INFO  client.GrpcClientProtocolClient (GrpcClientProtocolClient.java:onNext(255)) - client-02B52F649350->b2a7f730-984e-473a-b8b8-9318ecaec820: receive RaftClientReply:client-02B52F649350->b2a7f730-984e-473a-b8b8-9318ecaec820@group-9D35AC187D3C, cid=50, FAILED org.apache.ratis.protocol.NotLeaderException: Server b2a7f730-984e-473a-b8b8-9318ecaec820 is not the leader (null). Request must be sent to leader., logIndex=0, commits[b2a7f730-984e-473a-b8b8-9318ecaec820:c-1, 1742c727-6833-42d8-ac98-e1d010bd591d:c-1, 9baf0294-3496-4e1f-b0fa-15839a24912d:c-1]
2019-08-28 19:12:04,147 | INFO  | SCMAudit | user=jenkins1000 | ip=192.168.69.126 | op=SEND_HEARTBEAT {datanodeUUID=b2a7f730-984e-473a-b8b8-9318ecaec820, command=[]} | ret=SUCCESS |  
2019-08-28 19:12:04,247 | INFO  | SCMAudit | user=jenkins1000 | ip=192.168.69.126 | op=SEND_HEARTBEAT {datanodeUUID=3dbe2e87-433a-404a-bf79-c232f3c44ae6, command=[]} | ret=SUCCESS |  
2019-08-28 19:12:04,368 | INFO  | SCMAudit | user=jenkins1000 | ip=192.168.69.126 | op=SEND_HEARTBEAT {datanodeUUID=9baf0294-3496-4e1f-b0fa-15839a24912d, command=[]} | ret=SUCCESS |  
2019-08-28 19:12:04,443 | INFO  | SCMAudit | user=jenkins1000 | ip=192.168.69.126 | op=SEND_HEARTBEAT {datanodeUUID=65661374-e9ce-4ca4-abba-b6075fbab1cd, command=[]} | ret=SUCCESS |  
2019-08-28 19:12:04,678 | INFO  | SCMAudit | user=jenkins1000 | ip=192.168.69.126 | op=SEND_HEARTBEAT {datanodeUUID=380f265b-6eb4-4d9a-b903-bb6ed6e5f324, command=[]} | ret=SUCCESS |  
2019-08-28 19:12:04,825 | INFO  | SCMAudit | user=jenkins1000 | ip=192.168.69.126 | op=SEND_HEARTBEAT {datanodeUUID=1742c727-6833-42d8-ac98-e1d010bd591d, command=[]} | ret=SUCCESS |  
2019-08-28 19:12:05,021 | INFO  | SCMAudit | user=jenkins1000 | ip=192.168.69.126 | op=SEND_HEARTBEAT {datanodeUUID=00414077-5234-4a26-9ed1-ac73b87b4b8e, command=[]} | ret=SUCCESS |  
2019-08-28 19:12:05,139 | INFO  | SCMAudit | user=jenkins1000 | ip=192.168.69.126 | op=SEND_HEARTBEAT {datanodeUUID=b2a7f730-984e-473a-b8b8-9318ecaec820, command=[]} | ret=SUCCESS |  
2019-08-28 19:12:05,155 [grpc-default-executor-2] INFO  client.GrpcClientProtocolClient (GrpcClientProtocolClient.java:onNext(255)) - client-02B52F649350->9baf0294-3496-4e1f-b0fa-15839a24912d: receive RaftClientReply:client-02B52F649350->9baf0294-3496-4e1f-b0fa-15839a24912d@group-9D35AC187D3C, cid=50, FAILED org.apache.ratis.protocol.NotLeaderException: Server 9baf0294-3496-4e1f-b0fa-15839a24912d is not the leader (null). Request must be sent to leader., logIndex=0, commits[9baf0294-3496-4e1f-b0fa-15839a24912d:c-1]
2019-08-28 19:12:05,247 | INFO  | SCMAudit | user=jenkins1000 | ip=192.168.69.126 | op=SEND_HEARTBEAT {datanodeUUID=3dbe2e87-433a-404a-bf79-c232f3c44ae6, command=[]} | ret=SUCCESS |  
2019-08-28 19:12:05,368 | INFO  | SCMAudit | user=jenkins1000 | ip=192.168.69.126 | op=SEND_HEARTBEAT {datanodeUUID=9baf0294-3496-4e1f-b0fa-15839a24912d, command=[]} | ret=SUCCESS |  
2019-08-28 19:12:05,443 | INFO  | SCMAudit | user=jenkins1000 | ip=192.168.69.126 | op=SEND_HEARTBEAT {datanodeUUID=65661374-e9ce-4ca4-abba-b6075fbab1cd, command=[]} | ret=SUCCESS |  
2019-08-28 19:12:05,678 | INFO  | SCMAudit | user=jenkins1000 | ip=192.168.69.126 | op=SEND_HEARTBEAT {datanodeUUID=380f265b-6eb4-4d9a-b903-bb6ed6e5f324, command=[]} | ret=SUCCESS |  
2019-08-28 19:12:05,825 | INFO  | SCMAudit | user=jenkins1000 | ip=192.168.69.126 | op=SEND_HEARTBEAT {datanodeUUID=1742c727-6833-42d8-ac98-e1d010bd591d, command=[]} | ret=SUCCESS |  
2019-08-28 19:12:06,021 | INFO  | SCMAudit | user=jenkins1000 | ip=192.168.69.126 | op=SEND_HEARTBEAT {datanodeUUID=00414077-5234-4a26-9ed1-ac73b87b4b8e, command=[]} | ret=SUCCESS |  
2019-08-28 19:12:06,139 | INFO  | SCMAudit | user=jenkins1000 | ip=192.168.69.126 | op=SEND_HEARTBEAT {datanodeUUID=b2a7f730-984e-473a-b8b8-9318ecaec820, command=[]} | ret=SUCCESS |  
2019-08-28 19:12:06,174 [grpc-default-executor-2] INFO  client.GrpcClientProtocolClient (GrpcClientProtocolClient.java:onNext(255)) - client-02B52F649350->b2a7f730-984e-473a-b8b8-9318ecaec820: receive RaftClientReply:client-02B52F649350->b2a7f730-984e-473a-b8b8-9318ecaec820@group-9D35AC187D3C, cid=50, FAILED org.apache.ratis.protocol.NotLeaderException: Server b2a7f730-984e-473a-b8b8-9318ecaec820 is not the leader (null). Request must be sent to leader., logIndex=0, commits[b2a7f730-984e-473a-b8b8-9318ecaec820:c-1, 1742c727-6833-42d8-ac98-e1d010bd591d:c-1, 9baf0294-3496-4e1f-b0fa-15839a24912d:c-1]
2019-08-28 19:12:06,246 | INFO  | SCMAudit | user=jenkins1000 | ip=192.168.69.126 | op=SEND_HEARTBEAT {datanodeUUID=3dbe2e87-433a-404a-bf79-c232f3c44ae6, command=[]} | ret=SUCCESS |  
2019-08-28 19:12:06,364 [Thread-1153] INFO  impl.FollowerState (FollowerState.java:run(106)) - b2a7f730-984e-473a-b8b8-9318ecaec820:group-9D35AC187D3C changes to CANDIDATE, lastRpcTime:5023, electionTimeout:5023ms
2019-08-28 19:12:06,364 [Thread-1153] INFO  impl.RoleInfo (RoleInfo.java:shutdownFollowerState(121)) - b2a7f730-984e-473a-b8b8-9318ecaec820: shutdown FollowerState
2019-08-28 19:12:06,364 [Thread-1153] INFO  impl.RaftServerImpl (RaftServerImpl.java:setRole(171)) - b2a7f730-984e-473a-b8b8-9318ecaec820:group-9D35AC187D3C changes role from FOLLOWER to CANDIDATE at term 4 for changeToCandidate
2019-08-28 19:12:06,364 [Thread-1153] INFO  impl.RoleInfo (RoleInfo.java:updateAndGet(143)) - b2a7f730-984e-473a-b8b8-9318ecaec820: start LeaderElection
2019-08-28 19:12:06,368 | INFO  | SCMAudit | user=jenkins1000 | ip=192.168.69.126 | op=SEND_HEARTBEAT {datanodeUUID=9baf0294-3496-4e1f-b0fa-15839a24912d, command=[]} | ret=SUCCESS |  
2019-08-28 19:12:06,386 [Thread-1154] INFO  impl.FollowerState (FollowerState.java:run(106)) - 1742c727-6833-42d8-ac98-e1d010bd591d:group-9D35AC187D3C changes to CANDIDATE, lastRpcTime:5045, electionTimeout:5045ms
2019-08-28 19:12:06,386 [Thread-1154] INFO  impl.RoleInfo (RoleInfo.java:shutdownFollowerState(121)) - 1742c727-6833-42d8-ac98-e1d010bd591d: shutdown FollowerState
2019-08-28 19:12:06,386 [Thread-1154] INFO  impl.RaftServerImpl (RaftServerImpl.java:setRole(171)) - 1742c727-6833-42d8-ac98-e1d010bd591d:group-9D35AC187D3C changes role from FOLLOWER to CANDIDATE at term 4 for changeToCandidate
2019-08-28 19:12:06,387 [Thread-1154] INFO  impl.RoleInfo (RoleInfo.java:updateAndGet(143)) - 1742c727-6833-42d8-ac98-e1d010bd591d: start LeaderElection
2019-08-28 19:12:06,389 [b2a7f730-984e-473a-b8b8-9318ecaec820:group-9D35AC187D3C:LeaderElection57] INFO  impl.LeaderElection (LeaderElection.java:askForVotes(181)) - b2a7f730-984e-473a-b8b8-9318ecaec820:group-9D35AC187D3C:LeaderElection57: begin an election at term 5 for 0: [1742c727-6833-42d8-ac98-e1d010bd591d:192.168.69.126:37544, b2a7f730-984e-473a-b8b8-9318ecaec820:192.168.69.126:34899, 9baf0294-3496-4e1f-b0fa-15839a24912d:192.168.69.126:46809], old=null
2019-08-28 19:12:06,392 [grpc-default-executor-2] INFO  impl.RaftServerImpl (RaftServerImpl.java:setRole(171)) - 9baf0294-3496-4e1f-b0fa-15839a24912d:group-9D35AC187D3C changes role from FOLLOWER to FOLLOWER at term 5 for recognizeCandidate:b2a7f730-984e-473a-b8b8-9318ecaec820
2019-08-28 19:12:06,393 [grpc-default-executor-2] INFO  impl.RoleInfo (RoleInfo.java:shutdownFollowerState(121)) - 9baf0294-3496-4e1f-b0fa-15839a24912d: shutdown FollowerState
2019-08-28 19:12:06,393 [grpc-default-executor-2] INFO  impl.RoleInfo (RoleInfo.java:updateAndGet(143)) - 9baf0294-3496-4e1f-b0fa-15839a24912d: start FollowerState
2019-08-28 19:12:06,393 [Thread-1155] INFO  impl.FollowerState (FollowerState.java:run(114)) - 9baf0294-3496-4e1f-b0fa-15839a24912d: FollowerState was interrupted: java.lang.InterruptedException: sleep interrupted
2019-08-28 19:12:06,407 [1742c727-6833-42d8-ac98-e1d010bd591d:group-9D35AC187D3C:LeaderElection58] INFO  impl.LeaderElection (LeaderElection.java:askForVotes(181)) - 1742c727-6833-42d8-ac98-e1d010bd591d:group-9D35AC187D3C:LeaderElection58: begin an election at term 5 for 0: [1742c727-6833-42d8-ac98-e1d010bd591d:192.168.69.126:37544, b2a7f730-984e-473a-b8b8-9318ecaec820:192.168.69.126:34899, 9baf0294-3496-4e1f-b0fa-15839a24912d:192.168.69.126:46809], old=null
2019-08-28 19:12:06,409 [b2a7f730-984e-473a-b8b8-9318ecaec820:group-9D35AC187D3C:LeaderElection57] INFO  impl.LeaderElection (LeaderElection.java:logAndReturn(56)) - b2a7f730-984e-473a-b8b8-9318ecaec820:group-9D35AC187D3C:LeaderElection57: Election PASSED; received 2 response(s) [b2a7f730-984e-473a-b8b8-9318ecaec820<-1742c727-6833-42d8-ac98-e1d010bd591d#0:FAIL-t5, b2a7f730-984e-473a-b8b8-9318ecaec820<-9baf0294-3496-4e1f-b0fa-15839a24912d#0:OK-t5] and 0 exception(s); b2a7f730-984e-473a-b8b8-9318ecaec820:t5, leader=null, voted=b2a7f730-984e-473a-b8b8-9318ecaec820, raftlog=b2a7f730-984e-473a-b8b8-9318ecaec820-SegmentedRaftLog:OPENED:c-1,f0,i0, conf=0: [1742c727-6833-42d8-ac98-e1d010bd591d:192.168.69.126:37544, b2a7f730-984e-473a-b8b8-9318ecaec820:192.168.69.126:34899, 9baf0294-3496-4e1f-b0fa-15839a24912d:192.168.69.126:46809], old=null
2019-08-28 19:12:06,410 [b2a7f730-984e-473a-b8b8-9318ecaec820:group-9D35AC187D3C:LeaderElection57] INFO  impl.RoleInfo (RoleInfo.java:shutdownLeaderElection(134)) - b2a7f730-984e-473a-b8b8-9318ecaec820: shutdown LeaderElection
2019-08-28 19:12:06,410 [b2a7f730-984e-473a-b8b8-9318ecaec820:group-9D35AC187D3C:LeaderElection57] INFO  impl.RaftServerImpl (RaftServerImpl.java:setRole(171)) - b2a7f730-984e-473a-b8b8-9318ecaec820:group-9D35AC187D3C changes role from CANDIDATE to LEADER at term 5 for changeToLeader
2019-08-28 19:12:06,410 [b2a7f730-984e-473a-b8b8-9318ecaec820:group-9D35AC187D3C:LeaderElection57] INFO  impl.RaftServerImpl (ServerState.java:setLeader(263)) - b2a7f730-984e-473a-b8b8-9318ecaec820:group-9D35AC187D3C change Leader from null to b2a7f730-984e-473a-b8b8-9318ecaec820 at term 5 for becomeLeader, leader elected after 10059ms
2019-08-28 19:12:06,410 [b2a7f730-984e-473a-b8b8-9318ecaec820:group-9D35AC187D3C:LeaderElection57] INFO  server.RaftServerConfigKeys (ConfUtils.java:logGet(43)) - raft.server.staging.catchup.gap = 1000 (default)
2019-08-28 19:12:06,411 [b2a7f730-984e-473a-b8b8-9318ecaec820:group-9D35AC187D3C:LeaderElection57] INFO  server.RaftServerConfigKeys (ConfUtils.java:logGet(43)) - raft.server.rpc.sleep.time = 25ms (default)
2019-08-28 19:12:06,411 [b2a7f730-984e-473a-b8b8-9318ecaec820:group-9D35AC187D3C:LeaderElection57] INFO  server.RaftServerConfigKeys (ConfUtils.java:logGet(43)) - raft.server.write.element-limit = 4096 (default)
2019-08-28 19:12:06,411 [b2a7f730-984e-473a-b8b8-9318ecaec820:group-9D35AC187D3C:LeaderElection57] INFO  server.RaftServerConfigKeys (ConfUtils.java:logGet(43)) - raft.server.watch.timeout = 10s (default)
2019-08-28 19:12:06,411 [b2a7f730-984e-473a-b8b8-9318ecaec820:group-9D35AC187D3C:LeaderElection57] INFO  server.RaftServerConfigKeys (ConfUtils.java:logGet(43)) - raft.server.watch.timeout.denomination = 1s (default)
2019-08-28 19:12:06,412 [b2a7f730-984e-473a-b8b8-9318ecaec820:group-9D35AC187D3C:LeaderElection57] INFO  server.RaftServerConfigKeys (ConfUtils.java:logGet(43)) - raft.server.watch.element-limit = 65536 (default)
2019-08-28 19:12:06,412 [b2a7f730-984e-473a-b8b8-9318ecaec820:group-9D35AC187D3C:LeaderElection57] INFO  server.RaftServerConfigKeys (ConfUtils.java:logGet(43)) - raft.server.log.appender.snapshot.chunk.size.max = 16MB (=16777216) (default)
2019-08-28 19:12:06,412 [b2a7f730-984e-473a-b8b8-9318ecaec820:group-9D35AC187D3C:LeaderElection57] INFO  server.RaftServerConfigKeys (ConfUtils.java:logGet(43)) - raft.server.log.appender.buffer.byte-limit = 33554432 (custom)
2019-08-28 19:12:06,412 [b2a7f730-984e-473a-b8b8-9318ecaec820:group-9D35AC187D3C:LeaderElection57] INFO  server.RaftServerConfigKeys (ConfUtils.java:logGet(43)) - raft.server.log.appender.buffer.element-limit = 1 (custom)
2019-08-28 19:12:06,413 [b2a7f730-984e-473a-b8b8-9318ecaec820:group-9D35AC187D3C:LeaderElection57] INFO  grpc.GrpcConfigKeys$Server (ConfUtils.java:logGet(43)) - raft.grpc.server.leader.outstanding.appends.max = 128 (default)
2019-08-28 19:12:06,413 [b2a7f730-984e-473a-b8b8-9318ecaec820:group-9D35AC187D3C:LeaderElection57] INFO  server.RaftServerConfigKeys (ConfUtils.java:logGet(43)) - raft.server.rpc.request.timeout = 3000ms (default)
2019-08-28 19:12:06,413 [b2a7f730-984e-473a-b8b8-9318ecaec820:group-9D35AC187D3C:LeaderElection57] INFO  server.RaftServerConfigKeys (ConfUtils.java:logGet(43)) - raft.server.log.appender.install.snapshot.enabled = false (custom)
2019-08-28 19:12:06,413 [b2a7f730-984e-473a-b8b8-9318ecaec820:group-9D35AC187D3C:LeaderElection57] INFO  server.RaftServerConfigKeys (ConfUtils.java:logGet(43)) - raft.server.log.appender.snapshot.chunk.size.max = 16MB (=16777216) (default)
2019-08-28 19:12:06,413 [b2a7f730-984e-473a-b8b8-9318ecaec820:group-9D35AC187D3C:LeaderElection57] INFO  server.RaftServerConfigKeys (ConfUtils.java:logGet(43)) - raft.server.log.appender.buffer.byte-limit = 33554432 (custom)
2019-08-28 19:12:06,413 [b2a7f730-984e-473a-b8b8-9318ecaec820:group-9D35AC187D3C:LeaderElection57] INFO  server.RaftServerConfigKeys (ConfUtils.java:logGet(43)) - raft.server.log.appender.buffer.element-limit = 1 (custom)
2019-08-28 19:12:06,414 [b2a7f730-984e-473a-b8b8-9318ecaec820:group-9D35AC187D3C:LeaderElection57] INFO  grpc.GrpcConfigKeys$Server (ConfUtils.java:logGet(43)) - raft.grpc.server.leader.outstanding.appends.max = 128 (default)
2019-08-28 19:12:06,414 [b2a7f730-984e-473a-b8b8-9318ecaec820:group-9D35AC187D3C:LeaderElection57] INFO  server.RaftServerConfigKeys (ConfUtils.java:logGet(43)) - raft.server.rpc.request.timeout = 3000ms (default)
2019-08-28 19:12:06,414 [b2a7f730-984e-473a-b8b8-9318ecaec820:group-9D35AC187D3C:LeaderElection57] INFO  server.RaftServerConfigKeys (ConfUtils.java:logGet(43)) - raft.server.log.appender.install.snapshot.enabled = false (custom)
2019-08-28 19:12:06,414 [b2a7f730-984e-473a-b8b8-9318ecaec820:group-9D35AC187D3C:LeaderElection57] INFO  impl.RoleInfo (RoleInfo.java:updateAndGet(143)) - b2a7f730-984e-473a-b8b8-9318ecaec820: start LeaderState
2019-08-28 19:12:06,415 [b2a7f730-984e-473a-b8b8-9318ecaec820:group-9D35AC187D3C:LeaderElection57] INFO  segmented.SegmentedRaftLogWorker (SegmentedRaftLogWorker.java:rollLogSegment(385)) - b2a7f730-984e-473a-b8b8-9318ecaec820-SegmentedRaftLogWorker:Storage Directory /workdir/hadoop-ozone/integration-test/target/test-dir/MiniOzoneClusterImpl-95e23c98-e492-4cad-aeea-48d386549ca1/datanode-0/data/ratis/088f0b25-8462-48f1-ad8b-9d35ac187d3c: Rolling segment log-0_0 to index:0
2019-08-28 19:12:06,417 [b2a7f730-984e-473a-b8b8-9318ecaec820:group-9D35AC187D3C:LeaderElection57] INFO  impl.RaftServerImpl (ServerState.java:setRaftConf(361)) - b2a7f730-984e-473a-b8b8-9318ecaec820:group-9D35AC187D3C set configuration 1: [1742c727-6833-42d8-ac98-e1d010bd591d:192.168.69.126:37544, b2a7f730-984e-473a-b8b8-9318ecaec820:192.168.69.126:34899, 9baf0294-3496-4e1f-b0fa-15839a24912d:192.168.69.126:46809], old=null at 1
2019-08-28 19:12:06,417 [grpc-default-executor-4] INFO  impl.RaftServerImpl (RaftServerImpl.java:requestVote(754)) - b2a7f730-984e-473a-b8b8-9318ecaec820-LEADER: Withhold vote from candidate 1742c727-6833-42d8-ac98-e1d010bd591d with term 5. State: leader=b2a7f730-984e-473a-b8b8-9318ecaec820, term=5, lastRpcElapsed=null
2019-08-28 19:12:06,418 [b2a7f730-984e-473a-b8b8-9318ecaec820-SegmentedRaftLogWorker:Storage Directory /workdir/hadoop-ozone/integration-test/target/test-dir/MiniOzoneClusterImpl-95e23c98-e492-4cad-aeea-48d386549ca1/datanode-0/data/ratis/088f0b25-8462-48f1-ad8b-9d35ac187d3c] INFO  segmented.SegmentedRaftLogWorker (SegmentedRaftLogWorker.java:execute(526)) - b2a7f730-984e-473a-b8b8-9318ecaec820-SegmentedRaftLogWorker:Storage Directory /workdir/hadoop-ozone/integration-test/target/test-dir/MiniOzoneClusterImpl-95e23c98-e492-4cad-aeea-48d386549ca1/datanode-0/data/ratis/088f0b25-8462-48f1-ad8b-9d35ac187d3c: Rolled log segment from /workdir/hadoop-ozone/integration-test/target/test-dir/MiniOzoneClusterImpl-95e23c98-e492-4cad-aeea-48d386549ca1/datanode-0/data/ratis/088f0b25-8462-48f1-ad8b-9d35ac187d3c/current/log_inprogress_0 to /workdir/hadoop-ozone/integration-test/target/test-dir/MiniOzoneClusterImpl-95e23c98-e492-4cad-aeea-48d386549ca1/datanode-0/data/ratis/088f0b25-8462-48f1-ad8b-9d35ac187d3c/current/log_0-0
2019-08-28 19:12:06,419 [1742c727-6833-42d8-ac98-e1d010bd591d:group-9D35AC187D3C:LeaderElection58] INFO  impl.LeaderElection (LeaderElection.java:logAndReturn(56)) - 1742c727-6833-42d8-ac98-e1d010bd591d:group-9D35AC187D3C:LeaderElection58: Election REJECTED; received 2 response(s) [1742c727-6833-42d8-ac98-e1d010bd591d<-b2a7f730-984e-473a-b8b8-9318ecaec820#0:FAIL-t5, 1742c727-6833-42d8-ac98-e1d010bd591d<-9baf0294-3496-4e1f-b0fa-15839a24912d#0:FAIL-t5] and 0 exception(s); 1742c727-6833-42d8-ac98-e1d010bd591d:t5, leader=null, voted=1742c727-6833-42d8-ac98-e1d010bd591d, raftlog=1742c727-6833-42d8-ac98-e1d010bd591d-SegmentedRaftLog:OPENED:c-1,f0,i0, conf=0: [1742c727-6833-42d8-ac98-e1d010bd591d:192.168.69.126:37544, b2a7f730-984e-473a-b8b8-9318ecaec820:192.168.69.126:34899, 9baf0294-3496-4e1f-b0fa-15839a24912d:192.168.69.126:46809], old=null
2019-08-28 19:12:06,419 [grpc-default-executor-4] INFO  impl.RaftServerImpl (RaftServerImpl.java:setRole(171)) - 1742c727-6833-42d8-ac98-e1d010bd591d:group-9D35AC187D3C changes role from CANDIDATE to FOLLOWER at term 5 for appendEntries
2019-08-28 19:12:06,419 [grpc-default-executor-2] INFO  impl.RaftServerImpl (ServerState.java:setLeader(263)) - 9baf0294-3496-4e1f-b0fa-15839a24912d:group-9D35AC187D3C change Leader from null to b2a7f730-984e-473a-b8b8-9318ecaec820 at term 5 for appendEntries, leader elected after 20451ms
2019-08-28 19:12:06,419 [grpc-default-executor-4] INFO  impl.RoleInfo (RoleInfo.java:shutdownLeaderElection(134)) - 1742c727-6833-42d8-ac98-e1d010bd591d: shutdown LeaderElection
2019-08-28 19:12:06,420 [grpc-default-executor-2] INFO  impl.RaftServerImpl (RaftServerImpl.java:checkInconsistentAppendEntries(999)) - 9baf0294-3496-4e1f-b0fa-15839a24912d: Failed appendEntries as previous log entry ((t:2, i:0)) is not found
2019-08-28 19:12:06,420 [grpc-default-executor-4] INFO  impl.RoleInfo (RoleInfo.java:updateAndGet(143)) - 1742c727-6833-42d8-ac98-e1d010bd591d: start FollowerState
2019-08-28 19:12:06,420 [grpc-default-executor-2] INFO  impl.RaftServerImpl (RaftServerImpl.java:checkInconsistentAppendEntries(972)) - 9baf0294-3496-4e1f-b0fa-15839a24912d: inconsistency entries. Reply:b2a7f730-984e-473a-b8b8-9318ecaec820<-9baf0294-3496-4e1f-b0fa-15839a24912d#0:FAIL,INCONSISTENCY,nextIndex:0,term:5,followerCommit:-1
2019-08-28 19:12:06,420 [grpc-default-executor-4] INFO  impl.RaftServerImpl (ServerState.java:setLeader(263)) - 1742c727-6833-42d8-ac98-e1d010bd591d:group-9D35AC187D3C change Leader from null to b2a7f730-984e-473a-b8b8-9318ecaec820 at term 5 for appendEntries, leader elected after 10074ms
2019-08-28 19:12:06,422 [grpc-default-executor-4] INFO  impl.FollowerInfo (FollowerInfo.java:lambda$new$0(50)) - b2a7f730-984e-473a-b8b8-9318ecaec820->9baf0294-3496-4e1f-b0fa-15839a24912d: nextIndex: updateUnconditionally 1 -> 0
2019-08-28 19:12:06,424 [grpc-default-executor-2] INFO  impl.RaftServerImpl (ServerState.java:setRaftConf(361)) - 1742c727-6833-42d8-ac98-e1d010bd591d:group-9D35AC187D3C set configuration 1: [1742c727-6833-42d8-ac98-e1d010bd591d:192.168.69.126:37544, b2a7f730-984e-473a-b8b8-9318ecaec820:192.168.69.126:34899, 9baf0294-3496-4e1f-b0fa-15839a24912d:192.168.69.126:46809], old=null at 1
2019-08-28 19:12:06,424 [grpc-default-executor-4] INFO  impl.RaftServerImpl (ServerState.java:setRaftConf(361)) - 9baf0294-3496-4e1f-b0fa-15839a24912d:group-9D35AC187D3C set configuration 0: [1742c727-6833-42d8-ac98-e1d010bd591d:192.168.69.126:37544, b2a7f730-984e-473a-b8b8-9318ecaec820:192.168.69.126:34899, 9baf0294-3496-4e1f-b0fa-15839a24912d:192.168.69.126:46809], old=null at 0
2019-08-28 19:12:06,424 [grpc-default-executor-2] INFO  segmented.SegmentedRaftLogWorker (SegmentedRaftLogWorker.java:rollLogSegment(385)) - 1742c727-6833-42d8-ac98-e1d010bd591d-SegmentedRaftLogWorker:Storage Directory /workdir/hadoop-ozone/integration-test/target/test-dir/MiniOzoneClusterImpl-95e23c98-e492-4cad-aeea-48d386549ca1/datanode-2/data/ratis/088f0b25-8462-48f1-ad8b-9d35ac187d3c: Rolling segment log-0_0 to index:0
2019-08-28 19:12:06,424 [grpc-default-executor-4] INFO  segmented.SegmentedRaftLogWorker (SegmentedRaftLogWorker.java:startLogSegment(380)) - 9baf0294-3496-4e1f-b0fa-15839a24912d-SegmentedRaftLogWorker:Storage Directory /workdir/hadoop-ozone/integration-test/target/test-dir/MiniOzoneClusterImpl-95e23c98-e492-4cad-aeea-48d386549ca1/datanode-1/data/ratis/088f0b25-8462-48f1-ad8b-9d35ac187d3c: Starting segment from index:0
2019-08-28 19:12:06,425 [1742c727-6833-42d8-ac98-e1d010bd591d-SegmentedRaftLogWorker:Storage Directory /workdir/hadoop-ozone/integration-test/target/test-dir/MiniOzoneClusterImpl-95e23c98-e492-4cad-aeea-48d386549ca1/datanode-2/data/ratis/088f0b25-8462-48f1-ad8b-9d35ac187d3c] INFO  segmented.SegmentedRaftLogWorker (SegmentedRaftLogWorker.java:execute(526)) - 1742c727-6833-42d8-ac98-e1d010bd591d-SegmentedRaftLogWorker:Storage Directory /workdir/hadoop-ozone/integration-test/target/test-dir/MiniOzoneClusterImpl-95e23c98-e492-4cad-aeea-48d386549ca1/datanode-2/data/ratis/088f0b25-8462-48f1-ad8b-9d35ac187d3c: Rolled log segment from /workdir/hadoop-ozone/integration-test/target/test-dir/MiniOzoneClusterImpl-95e23c98-e492-4cad-aeea-48d386549ca1/datanode-2/data/ratis/088f0b25-8462-48f1-ad8b-9d35ac187d3c/current/log_inprogress_0 to /workdir/hadoop-ozone/integration-test/target/test-dir/MiniOzoneClusterImpl-95e23c98-e492-4cad-aeea-48d386549ca1/datanode-2/data/ratis/088f0b25-8462-48f1-ad8b-9d35ac187d3c/current/log_0-0
2019-08-28 19:12:06,425 [grpc-default-executor-4] INFO  impl.RaftServerImpl (ServerState.java:setRaftConf(361)) - 9baf0294-3496-4e1f-b0fa-15839a24912d:group-9D35AC187D3C set configuration 1: [1742c727-6833-42d8-ac98-e1d010bd591d:192.168.69.126:37544, b2a7f730-984e-473a-b8b8-9318ecaec820:192.168.69.126:34899, 9baf0294-3496-4e1f-b0fa-15839a24912d:192.168.69.126:46809], old=null at 1
2019-08-28 19:12:06,426 [grpc-default-executor-4] INFO  segmented.SegmentedRaftLogWorker (SegmentedRaftLogWorker.java:rollLogSegment(385)) - 9baf0294-3496-4e1f-b0fa-15839a24912d-SegmentedRaftLogWorker:Storage Directory /workdir/hadoop-ozone/integration-test/target/test-dir/MiniOzoneClusterImpl-95e23c98-e492-4cad-aeea-48d386549ca1/datanode-1/data/ratis/088f0b25-8462-48f1-ad8b-9d35ac187d3c: Rolling segment log-0_0 to index:0
2019-08-28 19:12:06,443 | INFO  | SCMAudit | user=jenkins1000 | ip=192.168.69.126 | op=SEND_HEARTBEAT {datanodeUUID=65661374-e9ce-4ca4-abba-b6075fbab1cd, command=[]} | ret=SUCCESS |  
2019-08-28 19:12:06,470 [b2a7f730-984e-473a-b8b8-9318ecaec820-SegmentedRaftLogWorker:Storage Directory /workdir/hadoop-ozone/integration-test/target/test-dir/MiniOzoneClusterImpl-95e23c98-e492-4cad-aeea-48d386549ca1/datanode-0/data/ratis/088f0b25-8462-48f1-ad8b-9d35ac187d3c] INFO  segmented.SegmentedRaftLogWorker (SegmentedRaftLogWorker.java:execute(569)) - b2a7f730-984e-473a-b8b8-9318ecaec820-SegmentedRaftLogWorker:Storage Directory /workdir/hadoop-ozone/integration-test/target/test-dir/MiniOzoneClusterImpl-95e23c98-e492-4cad-aeea-48d386549ca1/datanode-0/data/ratis/088f0b25-8462-48f1-ad8b-9d35ac187d3c: created new log segment /workdir/hadoop-ozone/integration-test/target/test-dir/MiniOzoneClusterImpl-95e23c98-e492-4cad-aeea-48d386549ca1/datanode-0/data/ratis/088f0b25-8462-48f1-ad8b-9d35ac187d3c/current/log_inprogress_1
2019-08-28 19:12:06,470 [9baf0294-3496-4e1f-b0fa-15839a24912d-SegmentedRaftLogWorker:Storage Directory /workdir/hadoop-ozone/integration-test/target/test-dir/MiniOzoneClusterImpl-95e23c98-e492-4cad-aeea-48d386549ca1/datanode-1/data/ratis/088f0b25-8462-48f1-ad8b-9d35ac187d3c] INFO  segmented.SegmentedRaftLogWorker (SegmentedRaftLogWorker.java:execute(569)) - 9baf0294-3496-4e1f-b0fa-15839a24912d-SegmentedRaftLogWorker:Storage Directory /workdir/hadoop-ozone/integration-test/target/test-dir/MiniOzoneClusterImpl-95e23c98-e492-4cad-aeea-48d386549ca1/datanode-1/data/ratis/088f0b25-8462-48f1-ad8b-9d35ac187d3c: created new log segment /workdir/hadoop-ozone/integration-test/target/test-dir/MiniOzoneClusterImpl-95e23c98-e492-4cad-aeea-48d386549ca1/datanode-1/data/ratis/088f0b25-8462-48f1-ad8b-9d35ac187d3c/current/log_inprogress_0
2019-08-28 19:12:06,472 [1742c727-6833-42d8-ac98-e1d010bd591d-SegmentedRaftLogWorker:Storage Directory /workdir/hadoop-ozone/integration-test/target/test-dir/MiniOzoneClusterImpl-95e23c98-e492-4cad-aeea-48d386549ca1/datanode-2/data/ratis/088f0b25-8462-48f1-ad8b-9d35ac187d3c] INFO  segmented.SegmentedRaftLogWorker (SegmentedRaftLogWorker.java:execute(569)) - 1742c727-6833-42d8-ac98-e1d010bd591d-SegmentedRaftLogWorker:Storage Directory /workdir/hadoop-ozone/integration-test/target/test-dir/MiniOzoneClusterImpl-95e23c98-e492-4cad-aeea-48d386549ca1/datanode-2/data/ratis/088f0b25-8462-48f1-ad8b-9d35ac187d3c: created new log segment /workdir/hadoop-ozone/integration-test/target/test-dir/MiniOzoneClusterImpl-95e23c98-e492-4cad-aeea-48d386549ca1/datanode-2/data/ratis/088f0b25-8462-48f1-ad8b-9d35ac187d3c/current/log_inprogress_1
2019-08-28 19:12:06,486 [9baf0294-3496-4e1f-b0fa-15839a24912d-SegmentedRaftLogWorker:Storage Directory /workdir/hadoop-ozone/integration-test/target/test-dir/MiniOzoneClusterImpl-95e23c98-e492-4cad-aeea-48d386549ca1/datanode-1/data/ratis/088f0b25-8462-48f1-ad8b-9d35ac187d3c] INFO  segmented.SegmentedRaftLogWorker (SegmentedRaftLogWorker.java:execute(526)) - 9baf0294-3496-4e1f-b0fa-15839a24912d-SegmentedRaftLogWorker:Storage Directory /workdir/hadoop-ozone/integration-test/target/test-dir/MiniOzoneClusterImpl-95e23c98-e492-4cad-aeea-48d386549ca1/datanode-1/data/ratis/088f0b25-8462-48f1-ad8b-9d35ac187d3c: Rolled log segment from /workdir/hadoop-ozone/integration-test/target/test-dir/MiniOzoneClusterImpl-95e23c98-e492-4cad-aeea-48d386549ca1/datanode-1/data/ratis/088f0b25-8462-48f1-ad8b-9d35ac187d3c/current/log_inprogress_0 to /workdir/hadoop-ozone/integration-test/target/test-dir/MiniOzoneClusterImpl-95e23c98-e492-4cad-aeea-48d386549ca1/datanode-1/data/ratis/088f0b25-8462-48f1-ad8b-9d35ac187d3c/current/log_0-0
2019-08-28 19:12:06,561 [9baf0294-3496-4e1f-b0fa-15839a24912d-SegmentedRaftLogWorker:Storage Directory /workdir/hadoop-ozone/integration-test/target/test-dir/MiniOzoneClusterImpl-95e23c98-e492-4cad-aeea-48d386549ca1/datanode-1/data/ratis/088f0b25-8462-48f1-ad8b-9d35ac187d3c] INFO  segmented.SegmentedRaftLogWorker (SegmentedRaftLogWorker.java:execute(569)) - 9baf0294-3496-4e1f-b0fa-15839a24912d-SegmentedRaftLogWorker:Storage Directory /workdir/hadoop-ozone/integration-test/target/test-dir/MiniOzoneClusterImpl-95e23c98-e492-4cad-aeea-48d386549ca1/datanode-1/data/ratis/088f0b25-8462-48f1-ad8b-9d35ac187d3c: created new log segment /workdir/hadoop-ozone/integration-test/target/test-dir/MiniOzoneClusterImpl-95e23c98-e492-4cad-aeea-48d386549ca1/datanode-1/data/ratis/088f0b25-8462-48f1-ad8b-9d35ac187d3c/current/log_inprogress_1
2019-08-28 19:12:06,679 | INFO  | SCMAudit | user=jenkins1000 | ip=192.168.69.126 | op=SEND_HEARTBEAT {datanodeUUID=380f265b-6eb4-4d9a-b903-bb6ed6e5f324, command=[]} | ret=SUCCESS |  
2019-08-28 19:12:06,826 | INFO  | SCMAudit | user=jenkins1000 | ip=192.168.69.126 | op=SEND_HEARTBEAT {datanodeUUID=1742c727-6833-42d8-ac98-e1d010bd591d, command=[]} | ret=SUCCESS |  
2019-08-28 19:12:07,022 | INFO  | SCMAudit | user=jenkins1000 | ip=192.168.69.126 | op=SEND_HEARTBEAT {datanodeUUID=00414077-5234-4a26-9ed1-ac73b87b4b8e, command=[]} | ret=SUCCESS |  
2019-08-28 19:12:07,140 | INFO  | SCMAudit | user=jenkins1000 | ip=192.168.69.126 | op=SEND_HEARTBEAT {datanodeUUID=b2a7f730-984e-473a-b8b8-9318ecaec820, command=[]} | ret=SUCCESS |  
2019-08-28 19:12:07,198 [grpc-default-executor-4] INFO  client.GrpcClientProtocolClient (GrpcClientProtocolClient.java:onNext(255)) - client-02B52F649350->9baf0294-3496-4e1f-b0fa-15839a24912d: receive RaftClientReply:client-02B52F649350->9baf0294-3496-4e1f-b0fa-15839a24912d@group-9D35AC187D3C, cid=50, FAILED org.apache.ratis.protocol.NotLeaderException: Server 9baf0294-3496-4e1f-b0fa-15839a24912d is not the leader (b2a7f730-984e-473a-b8b8-9318ecaec820:192.168.69.126:34899). Request must be sent to leader., logIndex=0, commits[9baf0294-3496-4e1f-b0fa-15839a24912d:c1, 1742c727-6833-42d8-ac98-e1d010bd591d:c-1, b2a7f730-984e-473a-b8b8-9318ecaec820:c1]
]]></system-out>
    <system-err><![CDATA[Aug 28, 2019 7:11:40 PM com.sun.jersey.server.impl.application.WebApplicationImpl _initiate
INFO: Initiating Jersey application, version 'Jersey: 1.19 02/11/2015 03:25 AM'
Aug 28, 2019 7:11:41 PM com.sun.jersey.server.impl.application.WebApplicationImpl _initiate
INFO: Initiating Jersey application, version 'Jersey: 1.19 02/11/2015 03:25 AM'
Aug 28, 2019 7:11:41 PM com.sun.jersey.server.impl.application.WebApplicationImpl _initiate
INFO: Initiating Jersey application, version 'Jersey: 1.19 02/11/2015 03:25 AM'
Aug 28, 2019 7:11:41 PM com.sun.jersey.server.impl.application.WebApplicationImpl _initiate
INFO: Initiating Jersey application, version 'Jersey: 1.19 02/11/2015 03:25 AM'
Aug 28, 2019 7:11:42 PM com.sun.jersey.server.impl.application.WebApplicationImpl _initiate
INFO: Initiating Jersey application, version 'Jersey: 1.19 02/11/2015 03:25 AM'
Aug 28, 2019 7:11:42 PM com.sun.jersey.server.impl.application.WebApplicationImpl _initiate
INFO: Initiating Jersey application, version 'Jersey: 1.19 02/11/2015 03:25 AM'
Aug 28, 2019 7:11:42 PM com.sun.jersey.server.impl.application.WebApplicationImpl _initiate
INFO: Initiating Jersey application, version 'Jersey: 1.19 02/11/2015 03:25 AM'
]]></system-err>
  </testcase>
  <testcase name="testWatchForCommitForRetryfailure" classname="org.apache.hadoop.ozone.client.rpc.TestWatchForCommit" time="76.516"/>
  <testcase name="testWatchForCommitForGroupMismatchException" classname="org.apache.hadoop.ozone.client.rpc.TestWatchForCommit" time="40.252"/>
  <testcase name="test2WayCommitForTimeoutException" classname="org.apache.hadoop.ozone.client.rpc.TestWatchForCommit" time="44.631"/>
</testsuite>