<?xml version="1.0" encoding="UTF-8"?>
<testsuite xmlns:xsi="http://www.w3.org/2001/XMLSchema-instance" xsi:noNamespaceSchemaLocation="https://maven.apache.org/surefire/maven-surefire-plugin/xsd/surefire-test-report.xsd" name="org.apache.hadoop.ozone.freon.TestFreonWithPipelineDestroy" time="165.24" tests="1" errors="1" skipped="0" failures="0">
  <properties>
    <property name="awt.toolkit" value="sun.awt.X11.XToolkit"/>
    <property name="file.encoding.pkg" value="sun.io"/>
    <property name="java.specification.version" value="1.8"/>
    <property name="sun.cpu.isalist" value=""/>
    <property name="sun.jnu.encoding" value="UTF-8"/>
    <property name="java.class.path" value="/workdir/hadoop-ozone/tools/target/test-classes:/workdir/hadoop-ozone/tools/target/classes:/home/user/.m2/repository/org/apache/hadoop/hadoop-ozone-ozone-manager/0.5.0-SNAPSHOT/hadoop-ozone-ozone-manager-0.5.0-SNAPSHOT.jar:/home/user/.m2/repository/org/apache/hadoop/hadoop-hdds-docs/0.5.0-SNAPSHOT/hadoop-hdds-docs-0.5.0-SNAPSHOT.jar:/home/user/.m2/repository/org/bouncycastle/bcprov-jdk15on/1.60/bcprov-jdk15on-1.60.jar:/home/user/.m2/repository/org/apache/hadoop/hadoop-ozone-common/0.5.0-SNAPSHOT/hadoop-ozone-common-0.5.0-SNAPSHOT.jar:/home/user/.m2/repository/org/apache/commons/commons-compress/1.4.1/commons-compress-1.4.1.jar:/home/user/.m2/repository/org/tukaani/xz/1.0/xz-1.0.jar:/home/user/.m2/repository/org/apache/hadoop/hadoop-hdfs-client/3.2.0/hadoop-hdfs-client-3.2.0.jar:/home/user/.m2/repository/com/fasterxml/jackson/core/jackson-annotations/2.9.5/jackson-annotations-2.9.5.jar:/home/user/.m2/repository/org/apache/hadoop/hadoop-hdds-common/0.5.0-SNAPSHOT/hadoop-hdds-common-0.5.0-SNAPSHOT.jar:/home/user/.m2/repository/org/apache/hadoop/hadoop-hdds-config/0.5.0-SNAPSHOT/hadoop-hdds-config-0.5.0-SNAPSHOT.jar:/home/user/.m2/repository/javax/annotation/javax.annotation-api/1.2/javax.annotation-api-1.2.jar:/home/user/.m2/repository/org/apache/ratis/ratis-server/0.4.0-78e95b9-SNAPSHOT/ratis-server-0.4.0-78e95b9-SNAPSHOT.jar:/home/user/.m2/repository/org/apache/ratis/ratis-thirdparty-misc/0.2.0/ratis-thirdparty-misc-0.2.0.jar:/home/user/.m2/repository/org/apache/ratis/ratis-proto/0.4.0-78e95b9-SNAPSHOT/ratis-proto-0.4.0-78e95b9-SNAPSHOT.jar:/home/user/.m2/repository/org/apache/ratis/ratis-common/0.4.0-78e95b9-SNAPSHOT/ratis-common-0.4.0-78e95b9-SNAPSHOT.jar:/home/user/.m2/repository/org/apache/ratis/ratis-client/0.4.0-78e95b9-SNAPSHOT/ratis-client-0.4.0-78e95b9-SNAPSHOT.jar:/home/user/.m2/repository/org/apache/ratis/ratis-metrics/0.4.0-78e95b9-SNAPSHOT/ratis-metrics-0.4.0-78e95b9-SNAPSHOT.jar:/home/user/.m2/repository/com/github/joshelser/dropwizard-metrics-hadoop-metrics2-reporter/0.1.2/dropwizard-metrics-hadoop-metrics2-reporter-0.1.2.jar:/home/user/.m2/repository/io/dropwizard/metrics/metrics-jvm/3.2.5/metrics-jvm-3.2.5.jar:/home/user/.m2/repository/io/dropwizard/metrics/metrics-ganglia/3.2.5/metrics-ganglia-3.2.5.jar:/home/user/.m2/repository/info/ganglia/gmetric4j/gmetric4j/1.0.7/gmetric4j-1.0.7.jar:/home/user/.m2/repository/org/apache/ratis/ratis-netty/0.4.0-78e95b9-SNAPSHOT/ratis-netty-0.4.0-78e95b9-SNAPSHOT.jar:/home/user/.m2/repository/org/apache/ratis/ratis-grpc/0.4.0-78e95b9-SNAPSHOT/ratis-grpc-0.4.0-78e95b9-SNAPSHOT.jar:/home/user/.m2/repository/org/rocksdb/rocksdbjni/6.0.1/rocksdbjni-6.0.1.jar:/home/user/.m2/repository/org/apache/logging/log4j/log4j-api/2.11.0/log4j-api-2.11.0.jar:/home/user/.m2/repository/org/apache/logging/log4j/log4j-core/2.11.0/log4j-core-2.11.0.jar:/home/user/.m2/repository/com/lmax/disruptor/3.4.2/disruptor-3.4.2.jar:/home/user/.m2/repository/org/apache/commons/commons-pool2/2.6.0/commons-pool2-2.6.0.jar:/home/user/.m2/repository/org/bouncycastle/bcpkix-jdk15on/1.60/bcpkix-jdk15on-1.60.jar:/home/user/.m2/repository/commons-validator/commons-validator/1.6/commons-validator-1.6.jar:/home/user/.m2/repository/commons-digester/commons-digester/1.8.1/commons-digester-1.8.1.jar:/home/user/.m2/repository/io/jaegertracing/jaeger-client/0.33.1/jaeger-client-0.33.1.jar:/home/user/.m2/repository/io/jaegertracing/jaeger-thrift/0.33.1/jaeger-thrift-0.33.1.jar:/home/user/.m2/repository/org/apache/thrift/libthrift/0.11.0/libthrift-0.11.0.jar:/home/user/.m2/repository/com/squareup/okhttp3/okhttp/3.9.0/okhttp-3.9.0.jar:/home/user/.m2/repository/com/squareup/okio/okio/1.13.0/okio-1.13.0.jar:/home/user/.m2/repository/io/jaegertracing/jaeger-core/0.33.1/jaeger-core-0.33.1.jar:/home/user/.m2/repository/io/jaegertracing/jaeger-tracerresolver/0.33.1/jaeger-tracerresolver-0.33.1.jar:/home/user/.m2/repository/io/opentracing/contrib/opentracing-tracerresolver/0.1.5/opentracing-tracerresolver-0.1.5.jar:/home/user/.m2/repository/io/opentracing/opentracing-util/0.31.0/opentracing-util-0.31.0.jar:/home/user/.m2/repository/io/opentracing/opentracing-api/0.31.0/opentracing-api-0.31.0.jar:/home/user/.m2/repository/io/opentracing/opentracing-noop/0.31.0/opentracing-noop-0.31.0.jar:/home/user/.m2/repository/org/yaml/snakeyaml/1.16/snakeyaml-1.16.jar:/home/user/.m2/repository/org/apache/hadoop/hadoop-hdds-container-service/0.5.0-SNAPSHOT/hadoop-hdds-container-service-0.5.0-SNAPSHOT.jar:/home/user/.m2/repository/org/apache/hadoop/hadoop-hdds-client/0.5.0-SNAPSHOT/hadoop-hdds-client-0.5.0-SNAPSHOT.jar:/home/user/.m2/repository/org/apache/hadoop/hadoop-hdds-tools/0.5.0-SNAPSHOT/hadoop-hdds-tools-0.5.0-SNAPSHOT.jar:/home/user/.m2/repository/org/xerial/sqlite-jdbc/3.25.2/sqlite-jdbc-3.25.2.jar:/home/user/.m2/repository/org/apache/hadoop/hadoop-hdds-server-scm/0.5.0-SNAPSHOT/hadoop-hdds-server-scm-0.5.0-SNAPSHOT.jar:/home/user/.m2/repository/org/hamcrest/hamcrest-all/1.3/hamcrest-all-1.3.jar:/home/user/.m2/repository/info/picocli/picocli/3.9.6/picocli-3.9.6.jar:/home/user/.m2/repository/com/google/protobuf/protobuf-java/2.5.0/protobuf-java-2.5.0.jar:/home/user/.m2/repository/com/google/guava/guava/11.0.2/guava-11.0.2.jar:/home/user/.m2/repository/org/apache/hadoop/hadoop-ozone-client/0.5.0-SNAPSHOT/hadoop-ozone-client-0.5.0-SNAPSHOT.jar:/workdir/hadoop-ozone/ozonefs/target/classes:/home/user/.m2/repository/org/apache/hadoop/hadoop-hdds-server-framework/0.5.0-SNAPSHOT/hadoop-hdds-server-framework-0.5.0-SNAPSHOT.jar:/home/user/.m2/repository/org/apache/hadoop/hadoop-common/3.2.0/hadoop-common-3.2.0.jar:/home/user/.m2/repository/org/apache/hadoop/hadoop-annotations/3.2.0/hadoop-annotations-3.2.0.jar:/usr/lib/jvm/java-1.8-openjdk/jre/../lib/tools.jar:/home/user/.m2/repository/commons-cli/commons-cli/1.2/commons-cli-1.2.jar:/home/user/.m2/repository/org/apache/commons/commons-math3/3.1.1/commons-math3-3.1.1.jar:/home/user/.m2/repository/org/apache/httpcomponents/httpclient/4.5.2/httpclient-4.5.2.jar:/home/user/.m2/repository/org/apache/httpcomponents/httpcore/4.4.4/httpcore-4.4.4.jar:/home/user/.m2/repository/commons-codec/commons-codec/1.11/commons-codec-1.11.jar:/home/user/.m2/repository/commons-io/commons-io/2.5/commons-io-2.5.jar:/home/user/.m2/repository/commons-net/commons-net/3.6/commons-net-3.6.jar:/home/user/.m2/repository/commons-collections/commons-collections/3.2.2/commons-collections-3.2.2.jar:/home/user/.m2/repository/javax/servlet/javax.servlet-api/3.1.0/javax.servlet-api-3.1.0.jar:/home/user/.m2/repository/org/eclipse/jetty/jetty-server/9.3.24.v20180605/jetty-server-9.3.24.v20180605.jar:/home/user/.m2/repository/org/eclipse/jetty/jetty-http/9.3.24.v20180605/jetty-http-9.3.24.v20180605.jar:/home/user/.m2/repository/org/eclipse/jetty/jetty-io/9.3.24.v20180605/jetty-io-9.3.24.v20180605.jar:/home/user/.m2/repository/org/eclipse/jetty/jetty-util/9.3.24.v20180605/jetty-util-9.3.24.v20180605.jar:/home/user/.m2/repository/org/eclipse/jetty/jetty-servlet/9.3.24.v20180605/jetty-servlet-9.3.24.v20180605.jar:/home/user/.m2/repository/org/eclipse/jetty/jetty-security/9.3.24.v20180605/jetty-security-9.3.24.v20180605.jar:/home/user/.m2/repository/org/eclipse/jetty/jetty-webapp/9.3.24.v20180605/jetty-webapp-9.3.24.v20180605.jar:/home/user/.m2/repository/org/eclipse/jetty/jetty-xml/9.3.24.v20180605/jetty-xml-9.3.24.v20180605.jar:/home/user/.m2/repository/javax/servlet/jsp/jsp-api/2.1/jsp-api-2.1.jar:/home/user/.m2/repository/com/sun/jersey/jersey-core/1.19/jersey-core-1.19.jar:/home/user/.m2/repository/javax/ws/rs/jsr311-api/1.1.1/jsr311-api-1.1.1.jar:/home/user/.m2/repository/com/sun/jersey/jersey-servlet/1.19/jersey-servlet-1.19.jar:/home/user/.m2/repository/com/sun/jersey/jersey-json/1.19/jersey-json-1.19.jar:/home/user/.m2/repository/org/codehaus/jettison/jettison/1.1/jettison-1.1.jar:/home/user/.m2/repository/com/sun/xml/bind/jaxb-impl/2.3.0.1/jaxb-impl-2.3.0.1.jar:/home/user/.m2/repository/org/codehaus/jackson/jackson-core-asl/1.9.13/jackson-core-asl-1.9.13.jar:/home/user/.m2/repository/org/codehaus/jackson/jackson-mapper-asl/1.9.13/jackson-mapper-asl-1.9.13.jar:/home/user/.m2/repository/org/codehaus/jackson/jackson-jaxrs/1.9.13/jackson-jaxrs-1.9.13.jar:/home/user/.m2/repository/org/codehaus/jackson/jackson-xc/1.9.13/jackson-xc-1.9.13.jar:/home/user/.m2/repository/com/sun/jersey/jersey-server/1.19/jersey-server-1.19.jar:/home/user/.m2/repository/commons-logging/commons-logging/1.1.3/commons-logging-1.1.3.jar:/home/user/.m2/repository/log4j/log4j/1.2.17/log4j-1.2.17.jar:/home/user/.m2/repository/commons-beanutils/commons-beanutils/1.9.3/commons-beanutils-1.9.3.jar:/home/user/.m2/repository/org/apache/commons/commons-configuration2/2.1.1/commons-configuration2-2.1.1.jar:/home/user/.m2/repository/org/apache/commons/commons-lang3/3.7/commons-lang3-3.7.jar:/home/user/.m2/repository/org/apache/commons/commons-text/1.4/commons-text-1.4.jar:/home/user/.m2/repository/org/slf4j/slf4j-api/1.7.25/slf4j-api-1.7.25.jar:/home/user/.m2/repository/org/slf4j/slf4j-log4j12/1.7.25/slf4j-log4j12-1.7.25.jar:/home/user/.m2/repository/org/apache/avro/avro/1.7.7/avro-1.7.7.jar:/home/user/.m2/repository/com/thoughtworks/paranamer/paranamer/2.3/paranamer-2.3.jar:/home/user/.m2/repository/org/xerial/snappy/snappy-java/1.0.5/snappy-java-1.0.5.jar:/home/user/.m2/repository/com/google/re2j/re2j/1.1/re2j-1.1.jar:/home/user/.m2/repository/com/google/code/gson/gson/2.2.4/gson-2.2.4.jar:/home/user/.m2/repository/org/apache/hadoop/hadoop-auth/3.2.0/hadoop-auth-3.2.0.jar:/home/user/.m2/repository/com/nimbusds/nimbus-jose-jwt/4.41.1/nimbus-jose-jwt-4.41.1.jar:/home/user/.m2/repository/com/github/stephenc/jcip/jcip-annotations/1.0-1/jcip-annotations-1.0-1.jar:/home/user/.m2/repository/net/minidev/json-smart/2.3/json-smart-2.3.jar:/home/user/.m2/repository/net/minidev/accessors-smart/1.2/accessors-smart-1.2.jar:/home/user/.m2/repository/org/apache/curator/curator-framework/2.12.0/curator-framework-2.12.0.jar:/home/user/.m2/repository/com/jcraft/jsch/0.1.54/jsch-0.1.54.jar:/home/user/.m2/repository/org/apache/curator/curator-client/2.12.0/curator-client-2.12.0.jar:/home/user/.m2/repository/org/apache/curator/curator-recipes/2.12.0/curator-recipes-2.12.0.jar:/home/user/.m2/repository/com/google/code/findbugs/jsr305/3.0.0/jsr305-3.0.0.jar:/home/user/.m2/repository/org/apache/htrace/htrace-core4/4.1.0-incubating/htrace-core4-4.1.0-incubating.jar:/home/user/.m2/repository/org/apache/zookeeper/zookeeper/3.4.13/zookeeper-3.4.13.jar:/home/user/.m2/repository/org/apache/yetus/audience-annotations/0.5.0/audience-annotations-0.5.0.jar:/home/user/.m2/repository/org/apache/kerby/kerb-simplekdc/1.0.1/kerb-simplekdc-1.0.1.jar:/home/user/.m2/repository/org/apache/kerby/kerb-client/1.0.1/kerb-client-1.0.1.jar:/home/user/.m2/repository/org/apache/kerby/kerby-config/1.0.1/kerby-config-1.0.1.jar:/home/user/.m2/repository/org/apache/kerby/kerb-core/1.0.1/kerb-core-1.0.1.jar:/home/user/.m2/repository/org/apache/kerby/kerby-pkix/1.0.1/kerby-pkix-1.0.1.jar:/home/user/.m2/repository/org/apache/kerby/kerby-asn1/1.0.1/kerby-asn1-1.0.1.jar:/home/user/.m2/repository/org/apache/kerby/kerby-util/1.0.1/kerby-util-1.0.1.jar:/home/user/.m2/repository/org/apache/kerby/kerb-common/1.0.1/kerb-common-1.0.1.jar:/home/user/.m2/repository/org/apache/kerby/kerb-crypto/1.0.1/kerb-crypto-1.0.1.jar:/home/user/.m2/repository/org/apache/kerby/kerb-util/1.0.1/kerb-util-1.0.1.jar:/home/user/.m2/repository/org/apache/kerby/token-provider/1.0.1/token-provider-1.0.1.jar:/home/user/.m2/repository/org/apache/kerby/kerb-admin/1.0.1/kerb-admin-1.0.1.jar:/home/user/.m2/repository/org/apache/kerby/kerb-server/1.0.1/kerb-server-1.0.1.jar:/home/user/.m2/repository/org/apache/kerby/kerb-identity/1.0.1/kerb-identity-1.0.1.jar:/home/user/.m2/repository/org/apache/kerby/kerby-xdr/1.0.1/kerby-xdr-1.0.1.jar:/home/user/.m2/repository/com/fasterxml/jackson/core/jackson-databind/2.9.5/jackson-databind-2.9.5.jar:/home/user/.m2/repository/com/fasterxml/jackson/core/jackson-core/2.9.5/jackson-core-2.9.5.jar:/home/user/.m2/repository/org/codehaus/woodstox/stax2-api/3.1.4/stax2-api-3.1.4.jar:/home/user/.m2/repository/com/fasterxml/woodstox/woodstox-core/5.0.3/woodstox-core-5.0.3.jar:/home/user/.m2/repository/dnsjava/dnsjava/2.1.7/dnsjava-2.1.7.jar:/home/user/.m2/repository/org/apache/hadoop/hadoop-hdfs/3.2.0/hadoop-hdfs-3.2.0.jar:/home/user/.m2/repository/org/eclipse/jetty/jetty-util-ajax/9.3.24.v20180605/jetty-util-ajax-9.3.24.v20180605.jar:/home/user/.m2/repository/commons-daemon/commons-daemon/1.0.13/commons-daemon-1.0.13.jar:/home/user/.m2/repository/io/netty/netty/3.10.5.Final/netty-3.10.5.Final.jar:/home/user/.m2/repository/io/netty/netty-all/4.0.52.Final/netty-all-4.0.52.Final.jar:/home/user/.m2/repository/org/fusesource/leveldbjni/leveldbjni-all/1.8/leveldbjni-all-1.8.jar:/home/user/.m2/repository/com/sun/xml/bind/jaxb-core/2.3.0.1/jaxb-core-2.3.0.1.jar:/home/user/.m2/repository/javax/xml/bind/jaxb-api/2.3.0/jaxb-api-2.3.0.jar:/home/user/.m2/repository/javax/activation/activation/1.1.1/activation-1.1.1.jar:/home/user/.m2/repository/io/dropwizard/metrics/metrics-core/3.2.4/metrics-core-3.2.4.jar:/home/user/.m2/repository/org/openjdk/jmh/jmh-core/1.19/jmh-core-1.19.jar:/home/user/.m2/repository/net/sf/jopt-simple/jopt-simple/4.6/jopt-simple-4.6.jar:/home/user/.m2/repository/org/openjdk/jmh/jmh-generator-annprocess/1.19/jmh-generator-annprocess-1.19.jar:/home/user/.m2/repository/com/google/code/findbugs/findbugs/3.0.1/findbugs-3.0.1.jar:/home/user/.m2/repository/net/jcip/jcip-annotations/1.0/jcip-annotations-1.0.jar:/home/user/.m2/repository/com/google/code/findbugs/bcel-findbugs/6.0/bcel-findbugs-6.0.jar:/home/user/.m2/repository/com/google/code/findbugs/jFormatString/2.0.1/jFormatString-2.0.1.jar:/home/user/.m2/repository/dom4j/dom4j/1.6.1/dom4j-1.6.1.jar:/home/user/.m2/repository/xml-apis/xml-apis/1.0.b2/xml-apis-1.0.b2.jar:/home/user/.m2/repository/org/ow2/asm/asm-debug-all/5.0.2/asm-debug-all-5.0.2.jar:/home/user/.m2/repository/org/ow2/asm/asm-commons/5.0.2/asm-commons-5.0.2.jar:/home/user/.m2/repository/org/ow2/asm/asm-tree/5.0.2/asm-tree-5.0.2.jar:/home/user/.m2/repository/org/ow2/asm/asm/5.0.4/asm-5.0.4.jar:/home/user/.m2/repository/commons-lang/commons-lang/2.6/commons-lang-2.6.jar:/home/user/.m2/repository/com/apple/AppleJavaExtensions/1.4/AppleJavaExtensions-1.4.jar:/home/user/.m2/repository/jaxen/jaxen/1.1.6/jaxen-1.1.6.jar:/home/user/.m2/repository/junit/junit/4.11/junit-4.11.jar:/home/user/.m2/repository/org/hamcrest/hamcrest-core/1.3/hamcrest-core-1.3.jar:/home/user/.m2/repository/org/apache/hadoop/hadoop-common/3.2.0/hadoop-common-3.2.0-tests.jar:/workdir/hadoop-ozone/integration-test/target/test-classes:/home/user/.m2/repository/org/apache/hadoop/hadoop-ozone-s3gateway/0.5.0-SNAPSHOT/hadoop-ozone-s3gateway-0.5.0-SNAPSHOT.jar:/home/user/.m2/repository/org/jboss/weld/servlet/weld-servlet/2.4.7.Final/weld-servlet-2.4.7.Final.jar:/home/user/.m2/repository/org/glassfish/jersey/containers/jersey-container-servlet-core/2.27/jersey-container-servlet-core-2.27.jar:/home/user/.m2/repository/org/glassfish/hk2/external/javax.inject/2.5.0-b42/javax.inject-2.5.0-b42.jar:/home/user/.m2/repository/org/glassfish/jersey/core/jersey-common/2.27/jersey-common-2.27.jar:/home/user/.m2/repository/org/glassfish/hk2/osgi-resource-locator/1.0.1/osgi-resource-locator-1.0.1.jar:/home/user/.m2/repository/javax/ws/rs/javax.ws.rs-api/2.1/javax.ws.rs-api-2.1.jar:/home/user/.m2/repository/org/glassfish/jersey/ext/cdi/jersey-cdi1x/2.27/jersey-cdi1x-2.27.jar:/home/user/.m2/repository/org/glassfish/jersey/inject/jersey-hk2/2.27/jersey-hk2-2.27.jar:/home/user/.m2/repository/org/glassfish/hk2/hk2-locator/2.5.0-b42/hk2-locator-2.5.0-b42.jar:/home/user/.m2/repository/org/javassist/javassist/3.22.0-CR2/javassist-3.22.0-CR2.jar:/home/user/.m2/repository/org/glassfish/hk2/hk2-api/2.5.0/hk2-api-2.5.0.jar:/home/user/.m2/repository/org/glassfish/hk2/external/jakarta.inject/2.5.0/jakarta.inject-2.5.0.jar:/home/user/.m2/repository/org/glassfish/hk2/hk2-utils/2.5.0/hk2-utils-2.5.0.jar:/home/user/.m2/repository/jakarta/annotation/jakarta.annotation-api/1.3.4/jakarta.annotation-api-1.3.4.jar:/home/user/.m2/repository/org/glassfish/hk2/external/aopalliance-repackaged/2.5.0/aopalliance-repackaged-2.5.0.jar:/home/user/.m2/repository/com/fasterxml/jackson/dataformat/jackson-dataformat-xml/2.9.0/jackson-dataformat-xml-2.9.0.jar:/home/user/.m2/repository/com/fasterxml/jackson/module/jackson-module-jaxb-annotations/2.9.5/jackson-module-jaxb-annotations-2.9.5.jar:/home/user/.m2/repository/javax/enterprise/cdi-api/1.2/cdi-api-1.2.jar:/home/user/.m2/repository/javax/el/javax.el-api/3.0.0/javax.el-api-3.0.0.jar:/home/user/.m2/repository/javax/interceptor/javax.interceptor-api/1.2/javax.interceptor-api-1.2.jar:/home/user/.m2/repository/javax/inject/javax.inject/1/javax.inject-1.jar:/home/user/.m2/repository/org/apache/hadoop/hadoop-ozone-csi/0.5.0-SNAPSHOT/hadoop-ozone-csi-0.5.0-SNAPSHOT.jar:/home/user/.m2/repository/com/google/protobuf/protobuf-java-util/3.5.1/protobuf-java-util-3.5.1.jar:/home/user/.m2/repository/io/grpc/grpc-netty/1.17.1/grpc-netty-1.17.1.jar:/home/user/.m2/repository/io/grpc/grpc-core/1.17.1/grpc-core-1.17.1.jar:/home/user/.m2/repository/io/grpc/grpc-context/1.17.1/grpc-context-1.17.1.jar:/home/user/.m2/repository/com/google/errorprone/error_prone_annotations/2.2.0/error_prone_annotations-2.2.0.jar:/home/user/.m2/repository/org/codehaus/mojo/animal-sniffer-annotations/1.17/animal-sniffer-annotations-1.17.jar:/home/user/.m2/repository/io/opencensus/opencensus-api/0.17.0/opencensus-api-0.17.0.jar:/home/user/.m2/repository/io/opencensus/opencensus-contrib-grpc-metrics/0.17.0/opencensus-contrib-grpc-metrics-0.17.0.jar:/home/user/.m2/repository/io/netty/netty-codec-http2/4.1.30.Final/netty-codec-http2-4.1.30.Final.jar:/home/user/.m2/repository/io/netty/netty-codec-http/4.1.30.Final/netty-codec-http-4.1.30.Final.jar:/home/user/.m2/repository/io/netty/netty-codec/4.1.30.Final/netty-codec-4.1.30.Final.jar:/home/user/.m2/repository/io/netty/netty-handler/4.1.30.Final/netty-handler-4.1.30.Final.jar:/home/user/.m2/repository/io/netty/netty-handler-proxy/4.1.30.Final/netty-handler-proxy-4.1.30.Final.jar:/home/user/.m2/repository/io/netty/netty-codec-socks/4.1.30.Final/netty-codec-socks-4.1.30.Final.jar:/home/user/.m2/repository/io/netty/netty-transport-native-epoll/4.1.30.Final/netty-transport-native-epoll-4.1.30.Final.jar:/home/user/.m2/repository/io/netty/netty-common/4.1.30.Final/netty-common-4.1.30.Final.jar:/home/user/.m2/repository/io/netty/netty-buffer/4.1.30.Final/netty-buffer-4.1.30.Final.jar:/home/user/.m2/repository/io/netty/netty-transport/4.1.30.Final/netty-transport-4.1.30.Final.jar:/home/user/.m2/repository/io/netty/netty-resolver/4.1.30.Final/netty-resolver-4.1.30.Final.jar:/home/user/.m2/repository/io/netty/netty-transport-native-unix-common/4.1.30.Final/netty-transport-native-unix-common-4.1.30.Final.jar:/home/user/.m2/repository/io/grpc/grpc-protobuf/1.17.1/grpc-protobuf-1.17.1.jar:/home/user/.m2/repository/com/google/api/grpc/proto-google-common-protos/1.0.0/proto-google-common-protos-1.0.0.jar:/home/user/.m2/repository/io/grpc/grpc-protobuf-lite/1.17.1/grpc-protobuf-lite-1.17.1.jar:/home/user/.m2/repository/io/grpc/grpc-stub/1.17.1/grpc-stub-1.17.1.jar:/home/user/.m2/repository/org/apache/hadoop/hadoop-ozone-recon/0.5.0-SNAPSHOT/hadoop-ozone-recon-0.5.0-SNAPSHOT.jar:/home/user/.m2/repository/org/apache/hadoop/hadoop-ozone-reconcodegen/0.5.0-SNAPSHOT/hadoop-ozone-reconcodegen-0.5.0-SNAPSHOT.jar:/home/user/.m2/repository/com/google/inject/extensions/guice-multibindings/4.0/guice-multibindings-4.0.jar:/home/user/.m2/repository/com/google/inject/guice/4.0/guice-4.0.jar:/home/user/.m2/repository/aopalliance/aopalliance/1.0/aopalliance-1.0.jar:/home/user/.m2/repository/com/google/inject/extensions/guice-servlet/4.0/guice-servlet-4.0.jar:/home/user/.m2/repository/org/glassfish/jersey/containers/jersey-container-servlet/2.27/jersey-container-servlet-2.27.jar:/home/user/.m2/repository/org/glassfish/hk2/guice-bridge/2.5.0/guice-bridge-2.5.0.jar:/home/user/.m2/repository/org/glassfish/jersey/core/jersey-server/2.27/jersey-server-2.27.jar:/home/user/.m2/repository/org/glassfish/jersey/core/jersey-client/2.27/jersey-client-2.27.jar:/home/user/.m2/repository/org/glassfish/jersey/media/jersey-media-jaxb/2.27/jersey-media-jaxb-2.27.jar:/home/user/.m2/repository/javax/validation/validation-api/1.1.0.Final/validation-api-1.1.0.Final.jar:/home/user/.m2/repository/org/glassfish/jersey/media/jersey-media-json-jackson/2.27/jersey-media-json-jackson-2.27.jar:/home/user/.m2/repository/org/glassfish/jersey/ext/jersey-entity-filtering/2.27/jersey-entity-filtering-2.27.jar:/home/user/.m2/repository/com/google/inject/extensions/guice-assistedinject/4.0/guice-assistedinject-4.0.jar:/home/user/.m2/repository/org/jooq/jooq/3.11.10/jooq-3.11.10.jar:/home/user/.m2/repository/org/jooq/jooq-meta/3.11.10/jooq-meta-3.11.10.jar:/home/user/.m2/repository/org/jooq/jooq-codegen/3.11.10/jooq-codegen-3.11.10.jar:/home/user/.m2/repository/com/jolbox/bonecp/0.8.0.RELEASE/bonecp-0.8.0.RELEASE.jar:/home/user/.m2/repository/org/springframework/spring-jdbc/5.1.3.RELEASE/spring-jdbc-5.1.3.RELEASE.jar:/home/user/.m2/repository/org/springframework/spring-beans/5.1.3.RELEASE/spring-beans-5.1.3.RELEASE.jar:/home/user/.m2/repository/org/springframework/spring-core/5.1.3.RELEASE/spring-core-5.1.3.RELEASE.jar:/home/user/.m2/repository/org/springframework/spring-jcl/5.1.3.RELEASE/spring-jcl-5.1.3.RELEASE.jar:/home/user/.m2/repository/org/springframework/spring-tx/5.1.3.RELEASE/spring-tx-5.1.3.RELEASE.jar:/home/user/.m2/repository/org/mockito/mockito-core/2.15.0/mockito-core-2.15.0.jar:/home/user/.m2/repository/net/bytebuddy/byte-buddy/1.7.9/byte-buddy-1.7.9.jar:/home/user/.m2/repository/net/bytebuddy/byte-buddy-agent/1.7.9/byte-buddy-agent-1.7.9.jar:/home/user/.m2/repository/org/objenesis/objenesis/1.0/objenesis-1.0.jar:"/>
    <property name="java.vm.vendor" value="IcedTea"/>
    <property name="sun.arch.data.model" value="64"/>
    <property name="test.build.dir" value="/workdir/hadoop-ozone/tools/target/test-dir"/>
    <property name="test.cache.data" value=""/>
    <property name="java.vendor.url" value="https://icedtea.classpath.org"/>
    <property name="user.timezone" value=""/>
    <property name="java.vm.specification.version" value="1.8"/>
    <property name="os.name" value="Linux"/>
    <property name="test.build.data" value="/workdir/hadoop-ozone/tools/target/test-dir"/>
    <property name="user.country" value="US"/>
    <property name="sun.java.launcher" value="SUN_STANDARD"/>
    <property name="sun.boot.library.path" value="/usr/lib/jvm/java-1.8-openjdk/jre/lib/amd64"/>
    <property name="sun.java.command" value="/workdir/hadoop-ozone/tools/target/surefire/surefirebooter115318143074350542.jar /workdir/hadoop-ozone/tools/target/surefire 2019-09-16T19-44-22_661-jvmRun1 surefire5070600970041275244tmp surefire_1077630470054575595805tmp"/>
    <property name="test" value="!TestMiniChaosOzoneCluster"/>
    <property name="surefire.test.class.path" value="/workdir/hadoop-ozone/tools/target/test-classes:/workdir/hadoop-ozone/tools/target/classes:/home/user/.m2/repository/org/apache/hadoop/hadoop-ozone-ozone-manager/0.5.0-SNAPSHOT/hadoop-ozone-ozone-manager-0.5.0-SNAPSHOT.jar:/home/user/.m2/repository/org/apache/hadoop/hadoop-hdds-docs/0.5.0-SNAPSHOT/hadoop-hdds-docs-0.5.0-SNAPSHOT.jar:/home/user/.m2/repository/org/bouncycastle/bcprov-jdk15on/1.60/bcprov-jdk15on-1.60.jar:/home/user/.m2/repository/org/apache/hadoop/hadoop-ozone-common/0.5.0-SNAPSHOT/hadoop-ozone-common-0.5.0-SNAPSHOT.jar:/home/user/.m2/repository/org/apache/commons/commons-compress/1.4.1/commons-compress-1.4.1.jar:/home/user/.m2/repository/org/tukaani/xz/1.0/xz-1.0.jar:/home/user/.m2/repository/org/apache/hadoop/hadoop-hdfs-client/3.2.0/hadoop-hdfs-client-3.2.0.jar:/home/user/.m2/repository/com/fasterxml/jackson/core/jackson-annotations/2.9.5/jackson-annotations-2.9.5.jar:/home/user/.m2/repository/org/apache/hadoop/hadoop-hdds-common/0.5.0-SNAPSHOT/hadoop-hdds-common-0.5.0-SNAPSHOT.jar:/home/user/.m2/repository/org/apache/hadoop/hadoop-hdds-config/0.5.0-SNAPSHOT/hadoop-hdds-config-0.5.0-SNAPSHOT.jar:/home/user/.m2/repository/javax/annotation/javax.annotation-api/1.2/javax.annotation-api-1.2.jar:/home/user/.m2/repository/org/apache/ratis/ratis-server/0.4.0-78e95b9-SNAPSHOT/ratis-server-0.4.0-78e95b9-SNAPSHOT.jar:/home/user/.m2/repository/org/apache/ratis/ratis-thirdparty-misc/0.2.0/ratis-thirdparty-misc-0.2.0.jar:/home/user/.m2/repository/org/apache/ratis/ratis-proto/0.4.0-78e95b9-SNAPSHOT/ratis-proto-0.4.0-78e95b9-SNAPSHOT.jar:/home/user/.m2/repository/org/apache/ratis/ratis-common/0.4.0-78e95b9-SNAPSHOT/ratis-common-0.4.0-78e95b9-SNAPSHOT.jar:/home/user/.m2/repository/org/apache/ratis/ratis-client/0.4.0-78e95b9-SNAPSHOT/ratis-client-0.4.0-78e95b9-SNAPSHOT.jar:/home/user/.m2/repository/org/apache/ratis/ratis-metrics/0.4.0-78e95b9-SNAPSHOT/ratis-metrics-0.4.0-78e95b9-SNAPSHOT.jar:/home/user/.m2/repository/com/github/joshelser/dropwizard-metrics-hadoop-metrics2-reporter/0.1.2/dropwizard-metrics-hadoop-metrics2-reporter-0.1.2.jar:/home/user/.m2/repository/io/dropwizard/metrics/metrics-jvm/3.2.5/metrics-jvm-3.2.5.jar:/home/user/.m2/repository/io/dropwizard/metrics/metrics-ganglia/3.2.5/metrics-ganglia-3.2.5.jar:/home/user/.m2/repository/info/ganglia/gmetric4j/gmetric4j/1.0.7/gmetric4j-1.0.7.jar:/home/user/.m2/repository/org/apache/ratis/ratis-netty/0.4.0-78e95b9-SNAPSHOT/ratis-netty-0.4.0-78e95b9-SNAPSHOT.jar:/home/user/.m2/repository/org/apache/ratis/ratis-grpc/0.4.0-78e95b9-SNAPSHOT/ratis-grpc-0.4.0-78e95b9-SNAPSHOT.jar:/home/user/.m2/repository/org/rocksdb/rocksdbjni/6.0.1/rocksdbjni-6.0.1.jar:/home/user/.m2/repository/org/apache/logging/log4j/log4j-api/2.11.0/log4j-api-2.11.0.jar:/home/user/.m2/repository/org/apache/logging/log4j/log4j-core/2.11.0/log4j-core-2.11.0.jar:/home/user/.m2/repository/com/lmax/disruptor/3.4.2/disruptor-3.4.2.jar:/home/user/.m2/repository/org/apache/commons/commons-pool2/2.6.0/commons-pool2-2.6.0.jar:/home/user/.m2/repository/org/bouncycastle/bcpkix-jdk15on/1.60/bcpkix-jdk15on-1.60.jar:/home/user/.m2/repository/commons-validator/commons-validator/1.6/commons-validator-1.6.jar:/home/user/.m2/repository/commons-digester/commons-digester/1.8.1/commons-digester-1.8.1.jar:/home/user/.m2/repository/io/jaegertracing/jaeger-client/0.33.1/jaeger-client-0.33.1.jar:/home/user/.m2/repository/io/jaegertracing/jaeger-thrift/0.33.1/jaeger-thrift-0.33.1.jar:/home/user/.m2/repository/org/apache/thrift/libthrift/0.11.0/libthrift-0.11.0.jar:/home/user/.m2/repository/com/squareup/okhttp3/okhttp/3.9.0/okhttp-3.9.0.jar:/home/user/.m2/repository/com/squareup/okio/okio/1.13.0/okio-1.13.0.jar:/home/user/.m2/repository/io/jaegertracing/jaeger-core/0.33.1/jaeger-core-0.33.1.jar:/home/user/.m2/repository/io/jaegertracing/jaeger-tracerresolver/0.33.1/jaeger-tracerresolver-0.33.1.jar:/home/user/.m2/repository/io/opentracing/contrib/opentracing-tracerresolver/0.1.5/opentracing-tracerresolver-0.1.5.jar:/home/user/.m2/repository/io/opentracing/opentracing-util/0.31.0/opentracing-util-0.31.0.jar:/home/user/.m2/repository/io/opentracing/opentracing-api/0.31.0/opentracing-api-0.31.0.jar:/home/user/.m2/repository/io/opentracing/opentracing-noop/0.31.0/opentracing-noop-0.31.0.jar:/home/user/.m2/repository/org/yaml/snakeyaml/1.16/snakeyaml-1.16.jar:/home/user/.m2/repository/org/apache/hadoop/hadoop-hdds-container-service/0.5.0-SNAPSHOT/hadoop-hdds-container-service-0.5.0-SNAPSHOT.jar:/home/user/.m2/repository/org/apache/hadoop/hadoop-hdds-client/0.5.0-SNAPSHOT/hadoop-hdds-client-0.5.0-SNAPSHOT.jar:/home/user/.m2/repository/org/apache/hadoop/hadoop-hdds-tools/0.5.0-SNAPSHOT/hadoop-hdds-tools-0.5.0-SNAPSHOT.jar:/home/user/.m2/repository/org/xerial/sqlite-jdbc/3.25.2/sqlite-jdbc-3.25.2.jar:/home/user/.m2/repository/org/apache/hadoop/hadoop-hdds-server-scm/0.5.0-SNAPSHOT/hadoop-hdds-server-scm-0.5.0-SNAPSHOT.jar:/home/user/.m2/repository/org/hamcrest/hamcrest-all/1.3/hamcrest-all-1.3.jar:/home/user/.m2/repository/info/picocli/picocli/3.9.6/picocli-3.9.6.jar:/home/user/.m2/repository/com/google/protobuf/protobuf-java/2.5.0/protobuf-java-2.5.0.jar:/home/user/.m2/repository/com/google/guava/guava/11.0.2/guava-11.0.2.jar:/home/user/.m2/repository/org/apache/hadoop/hadoop-ozone-client/0.5.0-SNAPSHOT/hadoop-ozone-client-0.5.0-SNAPSHOT.jar:/workdir/hadoop-ozone/ozonefs/target/classes:/home/user/.m2/repository/org/apache/hadoop/hadoop-hdds-server-framework/0.5.0-SNAPSHOT/hadoop-hdds-server-framework-0.5.0-SNAPSHOT.jar:/home/user/.m2/repository/org/apache/hadoop/hadoop-common/3.2.0/hadoop-common-3.2.0.jar:/home/user/.m2/repository/org/apache/hadoop/hadoop-annotations/3.2.0/hadoop-annotations-3.2.0.jar:/usr/lib/jvm/java-1.8-openjdk/jre/../lib/tools.jar:/home/user/.m2/repository/commons-cli/commons-cli/1.2/commons-cli-1.2.jar:/home/user/.m2/repository/org/apache/commons/commons-math3/3.1.1/commons-math3-3.1.1.jar:/home/user/.m2/repository/org/apache/httpcomponents/httpclient/4.5.2/httpclient-4.5.2.jar:/home/user/.m2/repository/org/apache/httpcomponents/httpcore/4.4.4/httpcore-4.4.4.jar:/home/user/.m2/repository/commons-codec/commons-codec/1.11/commons-codec-1.11.jar:/home/user/.m2/repository/commons-io/commons-io/2.5/commons-io-2.5.jar:/home/user/.m2/repository/commons-net/commons-net/3.6/commons-net-3.6.jar:/home/user/.m2/repository/commons-collections/commons-collections/3.2.2/commons-collections-3.2.2.jar:/home/user/.m2/repository/javax/servlet/javax.servlet-api/3.1.0/javax.servlet-api-3.1.0.jar:/home/user/.m2/repository/org/eclipse/jetty/jetty-server/9.3.24.v20180605/jetty-server-9.3.24.v20180605.jar:/home/user/.m2/repository/org/eclipse/jetty/jetty-http/9.3.24.v20180605/jetty-http-9.3.24.v20180605.jar:/home/user/.m2/repository/org/eclipse/jetty/jetty-io/9.3.24.v20180605/jetty-io-9.3.24.v20180605.jar:/home/user/.m2/repository/org/eclipse/jetty/jetty-util/9.3.24.v20180605/jetty-util-9.3.24.v20180605.jar:/home/user/.m2/repository/org/eclipse/jetty/jetty-servlet/9.3.24.v20180605/jetty-servlet-9.3.24.v20180605.jar:/home/user/.m2/repository/org/eclipse/jetty/jetty-security/9.3.24.v20180605/jetty-security-9.3.24.v20180605.jar:/home/user/.m2/repository/org/eclipse/jetty/jetty-webapp/9.3.24.v20180605/jetty-webapp-9.3.24.v20180605.jar:/home/user/.m2/repository/org/eclipse/jetty/jetty-xml/9.3.24.v20180605/jetty-xml-9.3.24.v20180605.jar:/home/user/.m2/repository/javax/servlet/jsp/jsp-api/2.1/jsp-api-2.1.jar:/home/user/.m2/repository/com/sun/jersey/jersey-core/1.19/jersey-core-1.19.jar:/home/user/.m2/repository/javax/ws/rs/jsr311-api/1.1.1/jsr311-api-1.1.1.jar:/home/user/.m2/repository/com/sun/jersey/jersey-servlet/1.19/jersey-servlet-1.19.jar:/home/user/.m2/repository/com/sun/jersey/jersey-json/1.19/jersey-json-1.19.jar:/home/user/.m2/repository/org/codehaus/jettison/jettison/1.1/jettison-1.1.jar:/home/user/.m2/repository/com/sun/xml/bind/jaxb-impl/2.3.0.1/jaxb-impl-2.3.0.1.jar:/home/user/.m2/repository/org/codehaus/jackson/jackson-core-asl/1.9.13/jackson-core-asl-1.9.13.jar:/home/user/.m2/repository/org/codehaus/jackson/jackson-mapper-asl/1.9.13/jackson-mapper-asl-1.9.13.jar:/home/user/.m2/repository/org/codehaus/jackson/jackson-jaxrs/1.9.13/jackson-jaxrs-1.9.13.jar:/home/user/.m2/repository/org/codehaus/jackson/jackson-xc/1.9.13/jackson-xc-1.9.13.jar:/home/user/.m2/repository/com/sun/jersey/jersey-server/1.19/jersey-server-1.19.jar:/home/user/.m2/repository/commons-logging/commons-logging/1.1.3/commons-logging-1.1.3.jar:/home/user/.m2/repository/log4j/log4j/1.2.17/log4j-1.2.17.jar:/home/user/.m2/repository/commons-beanutils/commons-beanutils/1.9.3/commons-beanutils-1.9.3.jar:/home/user/.m2/repository/org/apache/commons/commons-configuration2/2.1.1/commons-configuration2-2.1.1.jar:/home/user/.m2/repository/org/apache/commons/commons-lang3/3.7/commons-lang3-3.7.jar:/home/user/.m2/repository/org/apache/commons/commons-text/1.4/commons-text-1.4.jar:/home/user/.m2/repository/org/slf4j/slf4j-api/1.7.25/slf4j-api-1.7.25.jar:/home/user/.m2/repository/org/slf4j/slf4j-log4j12/1.7.25/slf4j-log4j12-1.7.25.jar:/home/user/.m2/repository/org/apache/avro/avro/1.7.7/avro-1.7.7.jar:/home/user/.m2/repository/com/thoughtworks/paranamer/paranamer/2.3/paranamer-2.3.jar:/home/user/.m2/repository/org/xerial/snappy/snappy-java/1.0.5/snappy-java-1.0.5.jar:/home/user/.m2/repository/com/google/re2j/re2j/1.1/re2j-1.1.jar:/home/user/.m2/repository/com/google/code/gson/gson/2.2.4/gson-2.2.4.jar:/home/user/.m2/repository/org/apache/hadoop/hadoop-auth/3.2.0/hadoop-auth-3.2.0.jar:/home/user/.m2/repository/com/nimbusds/nimbus-jose-jwt/4.41.1/nimbus-jose-jwt-4.41.1.jar:/home/user/.m2/repository/com/github/stephenc/jcip/jcip-annotations/1.0-1/jcip-annotations-1.0-1.jar:/home/user/.m2/repository/net/minidev/json-smart/2.3/json-smart-2.3.jar:/home/user/.m2/repository/net/minidev/accessors-smart/1.2/accessors-smart-1.2.jar:/home/user/.m2/repository/org/apache/curator/curator-framework/2.12.0/curator-framework-2.12.0.jar:/home/user/.m2/repository/com/jcraft/jsch/0.1.54/jsch-0.1.54.jar:/home/user/.m2/repository/org/apache/curator/curator-client/2.12.0/curator-client-2.12.0.jar:/home/user/.m2/repository/org/apache/curator/curator-recipes/2.12.0/curator-recipes-2.12.0.jar:/home/user/.m2/repository/com/google/code/findbugs/jsr305/3.0.0/jsr305-3.0.0.jar:/home/user/.m2/repository/org/apache/htrace/htrace-core4/4.1.0-incubating/htrace-core4-4.1.0-incubating.jar:/home/user/.m2/repository/org/apache/zookeeper/zookeeper/3.4.13/zookeeper-3.4.13.jar:/home/user/.m2/repository/org/apache/yetus/audience-annotations/0.5.0/audience-annotations-0.5.0.jar:/home/user/.m2/repository/org/apache/kerby/kerb-simplekdc/1.0.1/kerb-simplekdc-1.0.1.jar:/home/user/.m2/repository/org/apache/kerby/kerb-client/1.0.1/kerb-client-1.0.1.jar:/home/user/.m2/repository/org/apache/kerby/kerby-config/1.0.1/kerby-config-1.0.1.jar:/home/user/.m2/repository/org/apache/kerby/kerb-core/1.0.1/kerb-core-1.0.1.jar:/home/user/.m2/repository/org/apache/kerby/kerby-pkix/1.0.1/kerby-pkix-1.0.1.jar:/home/user/.m2/repository/org/apache/kerby/kerby-asn1/1.0.1/kerby-asn1-1.0.1.jar:/home/user/.m2/repository/org/apache/kerby/kerby-util/1.0.1/kerby-util-1.0.1.jar:/home/user/.m2/repository/org/apache/kerby/kerb-common/1.0.1/kerb-common-1.0.1.jar:/home/user/.m2/repository/org/apache/kerby/kerb-crypto/1.0.1/kerb-crypto-1.0.1.jar:/home/user/.m2/repository/org/apache/kerby/kerb-util/1.0.1/kerb-util-1.0.1.jar:/home/user/.m2/repository/org/apache/kerby/token-provider/1.0.1/token-provider-1.0.1.jar:/home/user/.m2/repository/org/apache/kerby/kerb-admin/1.0.1/kerb-admin-1.0.1.jar:/home/user/.m2/repository/org/apache/kerby/kerb-server/1.0.1/kerb-server-1.0.1.jar:/home/user/.m2/repository/org/apache/kerby/kerb-identity/1.0.1/kerb-identity-1.0.1.jar:/home/user/.m2/repository/org/apache/kerby/kerby-xdr/1.0.1/kerby-xdr-1.0.1.jar:/home/user/.m2/repository/com/fasterxml/jackson/core/jackson-databind/2.9.5/jackson-databind-2.9.5.jar:/home/user/.m2/repository/com/fasterxml/jackson/core/jackson-core/2.9.5/jackson-core-2.9.5.jar:/home/user/.m2/repository/org/codehaus/woodstox/stax2-api/3.1.4/stax2-api-3.1.4.jar:/home/user/.m2/repository/com/fasterxml/woodstox/woodstox-core/5.0.3/woodstox-core-5.0.3.jar:/home/user/.m2/repository/dnsjava/dnsjava/2.1.7/dnsjava-2.1.7.jar:/home/user/.m2/repository/org/apache/hadoop/hadoop-hdfs/3.2.0/hadoop-hdfs-3.2.0.jar:/home/user/.m2/repository/org/eclipse/jetty/jetty-util-ajax/9.3.24.v20180605/jetty-util-ajax-9.3.24.v20180605.jar:/home/user/.m2/repository/commons-daemon/commons-daemon/1.0.13/commons-daemon-1.0.13.jar:/home/user/.m2/repository/io/netty/netty/3.10.5.Final/netty-3.10.5.Final.jar:/home/user/.m2/repository/io/netty/netty-all/4.0.52.Final/netty-all-4.0.52.Final.jar:/home/user/.m2/repository/org/fusesource/leveldbjni/leveldbjni-all/1.8/leveldbjni-all-1.8.jar:/home/user/.m2/repository/com/sun/xml/bind/jaxb-core/2.3.0.1/jaxb-core-2.3.0.1.jar:/home/user/.m2/repository/javax/xml/bind/jaxb-api/2.3.0/jaxb-api-2.3.0.jar:/home/user/.m2/repository/javax/activation/activation/1.1.1/activation-1.1.1.jar:/home/user/.m2/repository/io/dropwizard/metrics/metrics-core/3.2.4/metrics-core-3.2.4.jar:/home/user/.m2/repository/org/openjdk/jmh/jmh-core/1.19/jmh-core-1.19.jar:/home/user/.m2/repository/net/sf/jopt-simple/jopt-simple/4.6/jopt-simple-4.6.jar:/home/user/.m2/repository/org/openjdk/jmh/jmh-generator-annprocess/1.19/jmh-generator-annprocess-1.19.jar:/home/user/.m2/repository/com/google/code/findbugs/findbugs/3.0.1/findbugs-3.0.1.jar:/home/user/.m2/repository/net/jcip/jcip-annotations/1.0/jcip-annotations-1.0.jar:/home/user/.m2/repository/com/google/code/findbugs/bcel-findbugs/6.0/bcel-findbugs-6.0.jar:/home/user/.m2/repository/com/google/code/findbugs/jFormatString/2.0.1/jFormatString-2.0.1.jar:/home/user/.m2/repository/dom4j/dom4j/1.6.1/dom4j-1.6.1.jar:/home/user/.m2/repository/xml-apis/xml-apis/1.0.b2/xml-apis-1.0.b2.jar:/home/user/.m2/repository/org/ow2/asm/asm-debug-all/5.0.2/asm-debug-all-5.0.2.jar:/home/user/.m2/repository/org/ow2/asm/asm-commons/5.0.2/asm-commons-5.0.2.jar:/home/user/.m2/repository/org/ow2/asm/asm-tree/5.0.2/asm-tree-5.0.2.jar:/home/user/.m2/repository/org/ow2/asm/asm/5.0.4/asm-5.0.4.jar:/home/user/.m2/repository/commons-lang/commons-lang/2.6/commons-lang-2.6.jar:/home/user/.m2/repository/com/apple/AppleJavaExtensions/1.4/AppleJavaExtensions-1.4.jar:/home/user/.m2/repository/jaxen/jaxen/1.1.6/jaxen-1.1.6.jar:/home/user/.m2/repository/junit/junit/4.11/junit-4.11.jar:/home/user/.m2/repository/org/hamcrest/hamcrest-core/1.3/hamcrest-core-1.3.jar:/home/user/.m2/repository/org/apache/hadoop/hadoop-common/3.2.0/hadoop-common-3.2.0-tests.jar:/workdir/hadoop-ozone/integration-test/target/test-classes:/home/user/.m2/repository/org/apache/hadoop/hadoop-ozone-s3gateway/0.5.0-SNAPSHOT/hadoop-ozone-s3gateway-0.5.0-SNAPSHOT.jar:/home/user/.m2/repository/org/jboss/weld/servlet/weld-servlet/2.4.7.Final/weld-servlet-2.4.7.Final.jar:/home/user/.m2/repository/org/glassfish/jersey/containers/jersey-container-servlet-core/2.27/jersey-container-servlet-core-2.27.jar:/home/user/.m2/repository/org/glassfish/hk2/external/javax.inject/2.5.0-b42/javax.inject-2.5.0-b42.jar:/home/user/.m2/repository/org/glassfish/jersey/core/jersey-common/2.27/jersey-common-2.27.jar:/home/user/.m2/repository/org/glassfish/hk2/osgi-resource-locator/1.0.1/osgi-resource-locator-1.0.1.jar:/home/user/.m2/repository/javax/ws/rs/javax.ws.rs-api/2.1/javax.ws.rs-api-2.1.jar:/home/user/.m2/repository/org/glassfish/jersey/ext/cdi/jersey-cdi1x/2.27/jersey-cdi1x-2.27.jar:/home/user/.m2/repository/org/glassfish/jersey/inject/jersey-hk2/2.27/jersey-hk2-2.27.jar:/home/user/.m2/repository/org/glassfish/hk2/hk2-locator/2.5.0-b42/hk2-locator-2.5.0-b42.jar:/home/user/.m2/repository/org/javassist/javassist/3.22.0-CR2/javassist-3.22.0-CR2.jar:/home/user/.m2/repository/org/glassfish/hk2/hk2-api/2.5.0/hk2-api-2.5.0.jar:/home/user/.m2/repository/org/glassfish/hk2/external/jakarta.inject/2.5.0/jakarta.inject-2.5.0.jar:/home/user/.m2/repository/org/glassfish/hk2/hk2-utils/2.5.0/hk2-utils-2.5.0.jar:/home/user/.m2/repository/jakarta/annotation/jakarta.annotation-api/1.3.4/jakarta.annotation-api-1.3.4.jar:/home/user/.m2/repository/org/glassfish/hk2/external/aopalliance-repackaged/2.5.0/aopalliance-repackaged-2.5.0.jar:/home/user/.m2/repository/com/fasterxml/jackson/dataformat/jackson-dataformat-xml/2.9.0/jackson-dataformat-xml-2.9.0.jar:/home/user/.m2/repository/com/fasterxml/jackson/module/jackson-module-jaxb-annotations/2.9.5/jackson-module-jaxb-annotations-2.9.5.jar:/home/user/.m2/repository/javax/enterprise/cdi-api/1.2/cdi-api-1.2.jar:/home/user/.m2/repository/javax/el/javax.el-api/3.0.0/javax.el-api-3.0.0.jar:/home/user/.m2/repository/javax/interceptor/javax.interceptor-api/1.2/javax.interceptor-api-1.2.jar:/home/user/.m2/repository/javax/inject/javax.inject/1/javax.inject-1.jar:/home/user/.m2/repository/org/apache/hadoop/hadoop-ozone-csi/0.5.0-SNAPSHOT/hadoop-ozone-csi-0.5.0-SNAPSHOT.jar:/home/user/.m2/repository/com/google/protobuf/protobuf-java-util/3.5.1/protobuf-java-util-3.5.1.jar:/home/user/.m2/repository/io/grpc/grpc-netty/1.17.1/grpc-netty-1.17.1.jar:/home/user/.m2/repository/io/grpc/grpc-core/1.17.1/grpc-core-1.17.1.jar:/home/user/.m2/repository/io/grpc/grpc-context/1.17.1/grpc-context-1.17.1.jar:/home/user/.m2/repository/com/google/errorprone/error_prone_annotations/2.2.0/error_prone_annotations-2.2.0.jar:/home/user/.m2/repository/org/codehaus/mojo/animal-sniffer-annotations/1.17/animal-sniffer-annotations-1.17.jar:/home/user/.m2/repository/io/opencensus/opencensus-api/0.17.0/opencensus-api-0.17.0.jar:/home/user/.m2/repository/io/opencensus/opencensus-contrib-grpc-metrics/0.17.0/opencensus-contrib-grpc-metrics-0.17.0.jar:/home/user/.m2/repository/io/netty/netty-codec-http2/4.1.30.Final/netty-codec-http2-4.1.30.Final.jar:/home/user/.m2/repository/io/netty/netty-codec-http/4.1.30.Final/netty-codec-http-4.1.30.Final.jar:/home/user/.m2/repository/io/netty/netty-codec/4.1.30.Final/netty-codec-4.1.30.Final.jar:/home/user/.m2/repository/io/netty/netty-handler/4.1.30.Final/netty-handler-4.1.30.Final.jar:/home/user/.m2/repository/io/netty/netty-handler-proxy/4.1.30.Final/netty-handler-proxy-4.1.30.Final.jar:/home/user/.m2/repository/io/netty/netty-codec-socks/4.1.30.Final/netty-codec-socks-4.1.30.Final.jar:/home/user/.m2/repository/io/netty/netty-transport-native-epoll/4.1.30.Final/netty-transport-native-epoll-4.1.30.Final.jar:/home/user/.m2/repository/io/netty/netty-common/4.1.30.Final/netty-common-4.1.30.Final.jar:/home/user/.m2/repository/io/netty/netty-buffer/4.1.30.Final/netty-buffer-4.1.30.Final.jar:/home/user/.m2/repository/io/netty/netty-transport/4.1.30.Final/netty-transport-4.1.30.Final.jar:/home/user/.m2/repository/io/netty/netty-resolver/4.1.30.Final/netty-resolver-4.1.30.Final.jar:/home/user/.m2/repository/io/netty/netty-transport-native-unix-common/4.1.30.Final/netty-transport-native-unix-common-4.1.30.Final.jar:/home/user/.m2/repository/io/grpc/grpc-protobuf/1.17.1/grpc-protobuf-1.17.1.jar:/home/user/.m2/repository/com/google/api/grpc/proto-google-common-protos/1.0.0/proto-google-common-protos-1.0.0.jar:/home/user/.m2/repository/io/grpc/grpc-protobuf-lite/1.17.1/grpc-protobuf-lite-1.17.1.jar:/home/user/.m2/repository/io/grpc/grpc-stub/1.17.1/grpc-stub-1.17.1.jar:/home/user/.m2/repository/org/apache/hadoop/hadoop-ozone-recon/0.5.0-SNAPSHOT/hadoop-ozone-recon-0.5.0-SNAPSHOT.jar:/home/user/.m2/repository/org/apache/hadoop/hadoop-ozone-reconcodegen/0.5.0-SNAPSHOT/hadoop-ozone-reconcodegen-0.5.0-SNAPSHOT.jar:/home/user/.m2/repository/com/google/inject/extensions/guice-multibindings/4.0/guice-multibindings-4.0.jar:/home/user/.m2/repository/com/google/inject/guice/4.0/guice-4.0.jar:/home/user/.m2/repository/aopalliance/aopalliance/1.0/aopalliance-1.0.jar:/home/user/.m2/repository/com/google/inject/extensions/guice-servlet/4.0/guice-servlet-4.0.jar:/home/user/.m2/repository/org/glassfish/jersey/containers/jersey-container-servlet/2.27/jersey-container-servlet-2.27.jar:/home/user/.m2/repository/org/glassfish/hk2/guice-bridge/2.5.0/guice-bridge-2.5.0.jar:/home/user/.m2/repository/org/glassfish/jersey/core/jersey-server/2.27/jersey-server-2.27.jar:/home/user/.m2/repository/org/glassfish/jersey/core/jersey-client/2.27/jersey-client-2.27.jar:/home/user/.m2/repository/org/glassfish/jersey/media/jersey-media-jaxb/2.27/jersey-media-jaxb-2.27.jar:/home/user/.m2/repository/javax/validation/validation-api/1.1.0.Final/validation-api-1.1.0.Final.jar:/home/user/.m2/repository/org/glassfish/jersey/media/jersey-media-json-jackson/2.27/jersey-media-json-jackson-2.27.jar:/home/user/.m2/repository/org/glassfish/jersey/ext/jersey-entity-filtering/2.27/jersey-entity-filtering-2.27.jar:/home/user/.m2/repository/com/google/inject/extensions/guice-assistedinject/4.0/guice-assistedinject-4.0.jar:/home/user/.m2/repository/org/jooq/jooq/3.11.10/jooq-3.11.10.jar:/home/user/.m2/repository/org/jooq/jooq-meta/3.11.10/jooq-meta-3.11.10.jar:/home/user/.m2/repository/org/jooq/jooq-codegen/3.11.10/jooq-codegen-3.11.10.jar:/home/user/.m2/repository/com/jolbox/bonecp/0.8.0.RELEASE/bonecp-0.8.0.RELEASE.jar:/home/user/.m2/repository/org/springframework/spring-jdbc/5.1.3.RELEASE/spring-jdbc-5.1.3.RELEASE.jar:/home/user/.m2/repository/org/springframework/spring-beans/5.1.3.RELEASE/spring-beans-5.1.3.RELEASE.jar:/home/user/.m2/repository/org/springframework/spring-core/5.1.3.RELEASE/spring-core-5.1.3.RELEASE.jar:/home/user/.m2/repository/org/springframework/spring-jcl/5.1.3.RELEASE/spring-jcl-5.1.3.RELEASE.jar:/home/user/.m2/repository/org/springframework/spring-tx/5.1.3.RELEASE/spring-tx-5.1.3.RELEASE.jar:/home/user/.m2/repository/org/mockito/mockito-core/2.15.0/mockito-core-2.15.0.jar:/home/user/.m2/repository/net/bytebuddy/byte-buddy/1.7.9/byte-buddy-1.7.9.jar:/home/user/.m2/repository/net/bytebuddy/byte-buddy-agent/1.7.9/byte-buddy-agent-1.7.9.jar:/home/user/.m2/repository/org/objenesis/objenesis/1.0/objenesis-1.0.jar:"/>
    <property name="sun.cpu.endian" value="little"/>
    <property name="user.home" value="/home/user"/>
    <property name="user.language" value="en"/>
    <property name="java.specification.vendor" value="Oracle Corporation"/>
    <property name="java.home" value="/usr/lib/jvm/java-1.8-openjdk/jre"/>
    <property name="java.security.krb5.conf" value="/workdir/hadoop-ozone/tools/target/test-classes/krb5.conf"/>
    <property name="basedir" value="/workdir/hadoop-ozone/tools"/>
    <property name="file.separator" value="/"/>
    <property name="line.separator" value="&#10;"/>
    <property name="java.vm.specification.vendor" value="Oracle Corporation"/>
    <property name="java.specification.name" value="Java Platform API Specification"/>
    <property name="java.awt.graphicsenv" value="sun.awt.X11GraphicsEnvironment"/>
    <property name="surefire.real.class.path" value="/workdir/hadoop-ozone/tools/target/surefire/surefirebooter115318143074350542.jar"/>
    <property name="hadoop.log.dir" value="/workdir/hadoop-ozone/tools/target/log"/>
    <property name="sun.boot.class.path" value="/usr/lib/jvm/java-1.8-openjdk/jre/lib/resources.jar:/usr/lib/jvm/java-1.8-openjdk/jre/lib/rt.jar:/usr/lib/jvm/java-1.8-openjdk/jre/lib/sunrsasign.jar:/usr/lib/jvm/java-1.8-openjdk/jre/lib/jsse.jar:/usr/lib/jvm/java-1.8-openjdk/jre/lib/jce.jar:/usr/lib/jvm/java-1.8-openjdk/jre/lib/charsets.jar:/usr/lib/jvm/java-1.8-openjdk/jre/lib/jfr.jar:/usr/lib/jvm/java-1.8-openjdk/jre/classes"/>
    <property name="sun.management.compiler" value="HotSpot 64-Bit Tiered Compilers"/>
    <property name="java.runtime.version" value="1.8.0_212-b04"/>
    <property name="java.net.preferIPv4Stack" value="true"/>
    <property name="user.name" value="jenkins1000"/>
    <property name="path.separator" value=":"/>
    <property name="java.security.egd" value="file:///dev/urandom"/>
    <property name="os.version" value="3.10.0-957.12.2.el7.x86_64"/>
    <property name="java.endorsed.dirs" value="/usr/lib/jvm/java-1.8-openjdk/jre/lib/endorsed"/>
    <property name="java.runtime.name" value="OpenJDK Runtime Environment"/>
    <property name="file.encoding" value="UTF-8"/>
    <property name="java.vm.name" value="OpenJDK 64-Bit Server VM"/>
    <property name="test.build.webapps" value=""/>
    <property name="localRepository" value="/home/user/.m2/repository"/>
    <property name="java.vendor.url.bug" value="https://icedtea.classpath.org/bugzilla"/>
    <property name="java.io.tmpdir" value="/tmp"/>
    <property name="require.test.libhadoop" value=""/>
    <property name="java.version" value="1.8.0_212"/>
    <property name="user.dir" value="/workdir/hadoop-ozone/tools"/>
    <property name="os.arch" value="amd64"/>
    <property name="java.vm.specification.name" value="Java Virtual Machine Specification"/>
    <property name="test.build.classes" value="/workdir/hadoop-ozone/tools/target/test-classes"/>
    <property name="java.awt.printerjob" value="sun.print.PSPrinterJob"/>
    <property name="sun.os.patch.level" value="unknown"/>
    <property name="hadoop.tmp.dir" value="/workdir/hadoop-ozone/tools/target/tmp"/>
    <property name="java.library.path" value="/usr/lib/jvm/java-1.8-openjdk/jre/lib/amd64/server:/usr/lib/jvm/java-1.8-openjdk/jre/lib/amd64:/usr/lib/jvm/java-1.8-openjdk/jre/../lib/amd64:/workdir/hadoop-ozone/tools/target/native/target/usr/local/lib:/workdir/hadoop-ozone/tools/../../hadoop-common-project/hadoop-common/target/native/target/usr/local/lib:/usr/java/packages/lib/amd64:/usr/lib64:/lib64:/lib:/usr/lib"/>
    <property name="java.vm.info" value="mixed mode"/>
    <property name="java.vendor" value="IcedTea"/>
    <property name="java.vm.version" value="25.212-b04"/>
    <property name="java.ext.dirs" value="/usr/lib/jvm/java-1.8-openjdk/jre/lib/ext:/usr/java/packages/lib/ext"/>
    <property name="sun.io.unicode.encoding" value="UnicodeLittle"/>
    <property name="java.class.version" value="52.0"/>
  </properties>
  <testcase name="testRestart" classname="org.apache.hadoop.ozone.freon.TestFreonWithPipelineDestroy" time="144.496">
    <error message="Allocated 0 blocks. Requested 1 blocks" type="INTERNAL_ERROR org.apache.hadoop.ozone.om.exceptions.OMException">INTERNAL_ERROR org.apache.hadoop.ozone.om.exceptions.OMException: Allocated 0 blocks. Requested 1 blocks
	at org.apache.hadoop.ozone.om.protocolPB.OzoneManagerProtocolClientSideTranslatorPB.handleError(OzoneManagerProtocolClientSideTranslatorPB.java:724)
	at org.apache.hadoop.ozone.om.protocolPB.OzoneManagerProtocolClientSideTranslatorPB.allocateBlock(OzoneManagerProtocolClientSideTranslatorPB.java:756)
	at sun.reflect.NativeMethodAccessorImpl.invoke0(Native Method)
	at sun.reflect.NativeMethodAccessorImpl.invoke(NativeMethodAccessorImpl.java:62)
	at sun.reflect.DelegatingMethodAccessorImpl.invoke(DelegatingMethodAccessorImpl.java:43)
	at java.lang.reflect.Method.invoke(Method.java:498)
	at org.apache.hadoop.hdds.tracing.TraceAllMethod.invoke(TraceAllMethod.java:66)
	at com.sun.proxy.$Proxy37.allocateBlock(Unknown Source)
	at org.apache.hadoop.ozone.client.io.BlockOutputStreamEntryPool.allocateNewBlock(BlockOutputStreamEntryPool.java:248)
	at org.apache.hadoop.ozone.client.io.BlockOutputStreamEntryPool.allocateBlockIfNeeded(BlockOutputStreamEntryPool.java:296)
	at org.apache.hadoop.ozone.client.io.KeyOutputStream.handleWrite(KeyOutputStream.java:201)
	at org.apache.hadoop.ozone.client.io.KeyOutputStream.write(KeyOutputStream.java:193)
	at org.apache.hadoop.ozone.client.io.OzoneOutputStream.write(OzoneOutputStream.java:49)
	at org.apache.hadoop.ozone.freon.RandomKeyGenerator.createKey(RandomKeyGenerator.java:708)
	at org.apache.hadoop.ozone.freon.RandomKeyGenerator.access$1100(RandomKeyGenerator.java:88)
	at org.apache.hadoop.ozone.freon.RandomKeyGenerator$ObjectCreator.run(RandomKeyGenerator.java:615)
	at java.util.concurrent.Executors$RunnableAdapter.call(Executors.java:511)
	at java.util.concurrent.FutureTask.run(FutureTask.java:266)
	at java.util.concurrent.ThreadPoolExecutor.runWorker(ThreadPoolExecutor.java:1149)
	at java.util.concurrent.ThreadPoolExecutor$Worker.run(ThreadPoolExecutor.java:624)
	at java.lang.Thread.run(Thread.java:748)
</error>
    <system-out><![CDATA[2019-09-16 22:06:28,400 [main] WARN  server.ServerUtils (ServerUtils.java:getScmDbDir(145)) - ozone.scm.db.dirs is not configured. We recommend adding this setting. Falling back to ozone.metadata.dirs instead.
2019-09-16 22:06:28,577 [main] WARN  server.ServerUtils (ServerUtils.java:getScmDbDir(145)) - ozone.scm.db.dirs is not configured. We recommend adding this setting. Falling back to ozone.metadata.dirs instead.
2019-09-16 22:06:28,580 [main] WARN  server.ServerUtils (ServerUtils.java:getScmDbDir(145)) - ozone.scm.db.dirs is not configured. We recommend adding this setting. Falling back to ozone.metadata.dirs instead.
2019-09-16 22:06:28,601 [main] INFO  util.log (Log.java:initialized(192)) - Logging initialized @944ms
2019-09-16 22:06:28,704 [main] INFO  db.DBStoreBuilder (DBStoreBuilder.java:addTable(110)) - using custom profile for table: deletedBlocks
2019-09-16 22:06:28,705 [main] INFO  db.DBStoreBuilder (DBStoreBuilder.java:processTables(161)) - Using default column profile:DBProfile.DISK for Table:deletedBlocks
2019-09-16 22:06:28,705 [main] INFO  db.DBStoreBuilder (DBStoreBuilder.java:addTable(110)) - using custom profile for table: validCerts
2019-09-16 22:06:28,705 [main] INFO  db.DBStoreBuilder (DBStoreBuilder.java:processTables(161)) - Using default column profile:DBProfile.DISK for Table:validCerts
2019-09-16 22:06:28,706 [main] INFO  db.DBStoreBuilder (DBStoreBuilder.java:addTable(110)) - using custom profile for table: revokedCerts
2019-09-16 22:06:28,706 [main] INFO  db.DBStoreBuilder (DBStoreBuilder.java:processTables(161)) - Using default column profile:DBProfile.DISK for Table:revokedCerts
2019-09-16 22:06:28,718 [main] INFO  db.DBStoreBuilder (DBStoreBuilder.java:addTable(110)) - using custom profile for table: default
2019-09-16 22:06:28,718 [main] INFO  db.DBStoreBuilder (DBStoreBuilder.java:processTables(167)) - Using default column profile:DBProfile.DISK for Table:default
2019-09-16 22:06:28,719 [main] INFO  db.DBStoreBuilder (DBStoreBuilder.java:getDbProfile(198)) - Using default options. DBProfile.DISK
2019-09-16 22:06:28,994 [main] INFO  net.NodeSchemaLoader (NodeSchemaLoader.java:loadSchemaFromFile(125)) - Loading file from sun.misc.CompoundEnumeration@7b2bbc3
2019-09-16 22:06:28,996 [main] INFO  net.NodeSchemaLoader (NodeSchemaLoader.java:loadSchema(171)) - Loading network topology layer schema file
2019-09-16 22:06:29,108 [main] INFO  node.SCMNodeManager (SCMNodeManager.java:<init>(114)) - Entering startup safe mode.
2019-09-16 22:06:29,203 [main] INFO  algorithms.ContainerPlacementPolicyFactory (ContainerPlacementPolicyFactory.java:getPolicy(57)) - Create container placement policy of type org.apache.hadoop.hdds.scm.container.placement.algorithms.SCMContainerPlacementRandom
2019-09-16 22:06:29,219 [main] WARN  server.ServerUtils (ServerUtils.java:getScmDbDir(145)) - ozone.scm.db.dirs is not configured. We recommend adding this setting. Falling back to ozone.metadata.dirs instead.
2019-09-16 22:06:29,276 [main] INFO  pipeline.SCMPipelineManager (SCMPipelineManager.java:initializePipelineState(128)) - No pipeline exists in current db
2019-09-16 22:06:29,278 [main] WARN  server.ServerUtils (ServerUtils.java:getScmDbDir(145)) - ozone.scm.db.dirs is not configured. We recommend adding this setting. Falling back to ozone.metadata.dirs instead.
2019-09-16 22:06:29,424 [main] WARN  events.EventQueue (EventQueue.java:fireEvent(183)) - No event handler registered for event TypedEvent{payloadType=SafeModeStatus, name='SafeModeStatus'}
2019-09-16 22:06:29,812 [main] INFO  ipc.CallQueueManager (CallQueueManager.java:<init>(84)) - Using callQueue: class java.util.concurrent.LinkedBlockingQueue, queueCapacity: 2000, scheduler: class org.apache.hadoop.ipc.DefaultRpcScheduler, ipcBackoff: false.
2019-09-16 22:06:29,841 [Socket Reader #1 for port 45049] INFO  ipc.Server (Server.java:run(1074)) - Starting Socket Reader #1 for port 45049
2019-09-16 22:06:29,985 [main] INFO  ipc.CallQueueManager (CallQueueManager.java:<init>(84)) - Using callQueue: class java.util.concurrent.LinkedBlockingQueue, queueCapacity: 2000, scheduler: class org.apache.hadoop.ipc.DefaultRpcScheduler, ipcBackoff: false.
2019-09-16 22:06:29,986 [Socket Reader #1 for port 40919] INFO  ipc.Server (Server.java:run(1074)) - Starting Socket Reader #1 for port 40919
2019-09-16 22:06:29,998 [main] INFO  ipc.CallQueueManager (CallQueueManager.java:<init>(84)) - Using callQueue: class java.util.concurrent.LinkedBlockingQueue, queueCapacity: 2000, scheduler: class org.apache.hadoop.ipc.DefaultRpcScheduler, ipcBackoff: false.
2019-09-16 22:06:30,000 [Socket Reader #1 for port 41217] INFO  ipc.Server (Server.java:run(1074)) - Starting Socket Reader #1 for port 41217
2019-09-16 22:06:30,027 [main] INFO  hdfs.DFSUtil (DFSUtil.java:httpServerTemplateForNNAndJN(1641)) - Starting Web-server for scm at: http://0.0.0.0:0
2019-09-16 22:06:30,168 [main] INFO  server.AuthenticationFilter (AuthenticationFilter.java:constructSecretProvider(240)) - Unable to initialize FileSignerSecretProvider, falling back to use random secrets.
2019-09-16 22:06:30,183 [main] WARN  http.HttpRequestLog (HttpRequestLog.java:getRequestLog(97)) - Jetty request log can only be enabled using Log4j
2019-09-16 22:06:30,193 [main] INFO  http.HttpServer2 (HttpServer2.java:addGlobalFilter(975)) - Added global filter 'safety' (class=org.apache.hadoop.http.HttpServer2$QuotingInputFilter)
2019-09-16 22:06:30,196 [main] INFO  http.HttpServer2 (HttpServer2.java:addFilter(948)) - Added filter static_user_filter (class=org.apache.hadoop.http.lib.StaticUserWebFilter$StaticUserFilter) to context scm
2019-09-16 22:06:30,196 [main] INFO  http.HttpServer2 (HttpServer2.java:addFilter(958)) - Added filter static_user_filter (class=org.apache.hadoop.http.lib.StaticUserWebFilter$StaticUserFilter) to context logs
2019-09-16 22:06:30,196 [main] INFO  http.HttpServer2 (HttpServer2.java:addFilter(958)) - Added filter static_user_filter (class=org.apache.hadoop.http.lib.StaticUserWebFilter$StaticUserFilter) to context static
2019-09-16 22:06:30,225 [main] INFO  server.StorageContainerManager (StorageContainerManager.java:start(763)) - StorageContainerLocationProtocol RPC server is listening at /0.0.0.0:41217
2019-09-16 22:06:30,286 [main] WARN  impl.MetricsConfig (MetricsConfig.java:loadFirst(134)) - Cannot locate configuration: tried hadoop-metrics2-storagecontainermanager.properties,hadoop-metrics2.properties
2019-09-16 22:06:30,301 [main] INFO  impl.MetricsSystemImpl (MetricsSystemImpl.java:startTimer(374)) - Scheduled Metric snapshot period at 10 second(s).
2019-09-16 22:06:30,301 [main] INFO  impl.MetricsSystemImpl (MetricsSystemImpl.java:start(191)) - StorageContainerManager metrics system started
2019-09-16 22:06:30,560 [main] INFO  server.SCMClientProtocolServer (SCMClientProtocolServer.java:start(151)) - RPC server for Client  is listening at /0.0.0.0:41217
2019-09-16 22:06:30,561 [IPC Server Responder] INFO  ipc.Server (Server.java:run(1314)) - IPC Server Responder: starting
2019-09-16 22:06:30,561 [IPC Server listener on 41217] INFO  ipc.Server (Server.java:run(1153)) - IPC Server listener on 41217: starting
2019-09-16 22:06:30,565 [main] INFO  server.StorageContainerManager (StorageContainerManager.java:start(773)) - ScmBlockLocationProtocol RPC server is listening at /0.0.0.0:40919
2019-09-16 22:06:30,567 [main] INFO  server.SCMBlockProtocolServer (SCMBlockProtocolServer.java:start(146)) - RPC server for Block Protocol is listening at /0.0.0.0:40919
2019-09-16 22:06:30,567 [IPC Server Responder] INFO  ipc.Server (Server.java:run(1314)) - IPC Server Responder: starting
2019-09-16 22:06:30,568 [IPC Server listener on 40919] INFO  ipc.Server (Server.java:run(1153)) - IPC Server listener on 40919: starting
2019-09-16 22:06:30,575 [main] INFO  server.StorageContainerManager (StorageContainerManager.java:start(777)) - ScmDatanodeProtocl RPC server is listening at /0.0.0.0:45049
2019-09-16 22:06:30,576 [main] INFO  server.SCMDatanodeProtocolServer (SCMDatanodeProtocolServer.java:start(191)) - RPC server for DataNodes is listening at /0.0.0.0:45049
2019-09-16 22:06:30,577 [IPC Server Responder] INFO  ipc.Server (Server.java:run(1314)) - IPC Server Responder: starting
2019-09-16 22:06:30,577 [IPC Server listener on 45049] INFO  ipc.Server (Server.java:run(1153)) - IPC Server listener on 45049: starting
2019-09-16 22:06:30,584 [main] INFO  http.HttpServer2 (HttpServer2.java:bindListener(1191)) - Jetty bound to port 45590
2019-09-16 22:06:30,586 [main] INFO  server.Server (Server.java:doStart(351)) - jetty-9.3.24.v20180605, build timestamp: 2018-06-05T17:11:56Z, git hash: 84205aa28f11a4f31f2a3b86d1bba2cc8ab69827
2019-09-16 22:06:30,622 [main] INFO  handler.ContextHandler (ContextHandler.java:doStart(781)) - Started o.e.j.s.ServletContextHandler@615091b8{/logs,file:///workdir/hadoop-ozone/tools/target/log,AVAILABLE}
2019-09-16 22:06:30,623 [main] INFO  handler.ContextHandler (ContextHandler.java:doStart(781)) - Started o.e.j.s.ServletContextHandler@260e86a1{/static,jar:file:/home/user/.m2/repository/org/apache/hadoop/hadoop-hdds-server-scm/0.5.0-SNAPSHOT/hadoop-hdds-server-scm-0.5.0-SNAPSHOT.jar!/webapps/static,AVAILABLE}
2019-09-16 22:06:30,690 [main] INFO  handler.ContextHandler (ContextHandler.java:doStart(781)) - Started o.e.j.w.WebAppContext@6db66836{/,file:///tmp/jetty-0.0.0.0-45590-scm-_-any-3194385981816164299.dir/webapp/,AVAILABLE}{/scm}
2019-09-16 22:06:30,694 [main] INFO  server.AbstractConnector (AbstractConnector.java:doStart(278)) - Started ServerConnector@1ee4730{HTTP/1.1,[http/1.1]}{0.0.0.0:45590}
2019-09-16 22:06:30,694 [main] INFO  server.Server (Server.java:doStart(419)) - Started @3038ms
2019-09-16 22:06:30,697 [main] INFO  impl.MetricsSinkAdapter (MetricsSinkAdapter.java:start(204)) - Sink prometheus started
2019-09-16 22:06:30,697 [main] INFO  impl.MetricsSystemImpl (MetricsSystemImpl.java:registerSink(301)) - Registered sink prometheus
2019-09-16 22:06:30,698 [main] INFO  server.BaseHttpServer (BaseHttpServer.java:updateConnectorAddress(215)) - HTTP server of SCM is listening at http://0.0.0.0:45590
2019-09-16 22:06:30,704 [org.apache.hadoop.util.JvmPauseMonitor$Monitor@51f49060] INFO  util.JvmPauseMonitor (JvmPauseMonitor.java:run(188)) - Starting JVM pause monitor
2019-09-16 22:06:30,705 [main] WARN  server.ServerUtils (ServerUtils.java:getDBPath(222)) - ozone.om.db.dirs is not configured. We recommend adding this setting. Falling back to ozone.metadata.dirs instead.
2019-09-16 22:06:30,794 [main] WARN  server.ServerUtils (ServerUtils.java:getDBPath(222)) - ozone.om.db.dirs is not configured. We recommend adding this setting. Falling back to ozone.metadata.dirs instead.
2019-09-16 22:06:30,795 [main] WARN  server.ServerUtils (ServerUtils.java:getDBPath(222)) - ozone.om.db.dirs is not configured. We recommend adding this setting. Falling back to ozone.metadata.dirs instead.
2019-09-16 22:06:30,796 [main] INFO  om.OzoneManager (OzoneManager.java:setOMNodeDetails(649)) - OM Service ID is not set. Setting it to the default ID: omServiceIdDefault
2019-09-16 22:06:30,796 [main] INFO  om.OzoneManager (OzoneManager.java:setOMNodeDetails(655)) - OM Node ID is not set. Setting it to the OmStorage's OmID: 04f5b95e-3171-42d7-aaf9-dabac6749059
2019-09-16 22:06:30,797 [main] INFO  om.OzoneManager (OzoneManager.java:loadOMHAConfigs(606)) - Found matching OM address with OMServiceId: null, OMNodeId: null, RPC Address: localhost:0 and Ratis port: 9872
2019-09-16 22:06:31,528 [main] WARN  server.ServerUtils (ServerUtils.java:getDBPath(222)) - ozone.om.db.dirs is not configured. We recommend adding this setting. Falling back to ozone.metadata.dirs instead.
2019-09-16 22:06:31,535 [main] INFO  db.DBStoreBuilder (DBStoreBuilder.java:addTable(110)) - using custom profile for table: userTable
2019-09-16 22:06:31,535 [main] INFO  db.DBStoreBuilder (DBStoreBuilder.java:processTables(161)) - Using default column profile:DBProfile.DISK for Table:userTable
2019-09-16 22:06:31,536 [main] INFO  db.DBStoreBuilder (DBStoreBuilder.java:addTable(110)) - using custom profile for table: volumeTable
2019-09-16 22:06:31,536 [main] INFO  db.DBStoreBuilder (DBStoreBuilder.java:processTables(161)) - Using default column profile:DBProfile.DISK for Table:volumeTable
2019-09-16 22:06:31,536 [main] INFO  db.DBStoreBuilder (DBStoreBuilder.java:addTable(110)) - using custom profile for table: bucketTable
2019-09-16 22:06:31,536 [main] INFO  db.DBStoreBuilder (DBStoreBuilder.java:processTables(161)) - Using default column profile:DBProfile.DISK for Table:bucketTable
2019-09-16 22:06:31,537 [main] INFO  db.DBStoreBuilder (DBStoreBuilder.java:addTable(110)) - using custom profile for table: keyTable
2019-09-16 22:06:31,537 [main] INFO  db.DBStoreBuilder (DBStoreBuilder.java:processTables(161)) - Using default column profile:DBProfile.DISK for Table:keyTable
2019-09-16 22:06:31,537 [main] INFO  db.DBStoreBuilder (DBStoreBuilder.java:addTable(110)) - using custom profile for table: deletedTable
2019-09-16 22:06:31,537 [main] INFO  db.DBStoreBuilder (DBStoreBuilder.java:processTables(161)) - Using default column profile:DBProfile.DISK for Table:deletedTable
2019-09-16 22:06:31,538 [main] INFO  db.DBStoreBuilder (DBStoreBuilder.java:addTable(110)) - using custom profile for table: openKeyTable
2019-09-16 22:06:31,538 [main] INFO  db.DBStoreBuilder (DBStoreBuilder.java:processTables(161)) - Using default column profile:DBProfile.DISK for Table:openKeyTable
2019-09-16 22:06:31,538 [main] INFO  db.DBStoreBuilder (DBStoreBuilder.java:addTable(110)) - using custom profile for table: s3Table
2019-09-16 22:06:31,538 [main] INFO  db.DBStoreBuilder (DBStoreBuilder.java:processTables(161)) - Using default column profile:DBProfile.DISK for Table:s3Table
2019-09-16 22:06:31,538 [main] INFO  db.DBStoreBuilder (DBStoreBuilder.java:addTable(110)) - using custom profile for table: multipartInfoTable
2019-09-16 22:06:31,539 [main] INFO  db.DBStoreBuilder (DBStoreBuilder.java:processTables(161)) - Using default column profile:DBProfile.DISK for Table:multipartInfoTable
2019-09-16 22:06:31,539 [main] INFO  db.DBStoreBuilder (DBStoreBuilder.java:addTable(110)) - using custom profile for table: dTokenTable
2019-09-16 22:06:31,539 [main] INFO  db.DBStoreBuilder (DBStoreBuilder.java:processTables(161)) - Using default column profile:DBProfile.DISK for Table:dTokenTable
2019-09-16 22:06:31,539 [main] INFO  db.DBStoreBuilder (DBStoreBuilder.java:addTable(110)) - using custom profile for table: s3SecretTable
2019-09-16 22:06:31,540 [main] INFO  db.DBStoreBuilder (DBStoreBuilder.java:processTables(161)) - Using default column profile:DBProfile.DISK for Table:s3SecretTable
2019-09-16 22:06:31,540 [main] INFO  db.DBStoreBuilder (DBStoreBuilder.java:addTable(110)) - using custom profile for table: prefixTable
2019-09-16 22:06:31,540 [main] INFO  db.DBStoreBuilder (DBStoreBuilder.java:processTables(161)) - Using default column profile:DBProfile.DISK for Table:prefixTable
2019-09-16 22:06:31,540 [main] INFO  db.DBStoreBuilder (DBStoreBuilder.java:addTable(110)) - using custom profile for table: default
2019-09-16 22:06:31,541 [main] INFO  db.DBStoreBuilder (DBStoreBuilder.java:processTables(167)) - Using default column profile:DBProfile.DISK for Table:default
2019-09-16 22:06:31,541 [main] INFO  db.DBStoreBuilder (DBStoreBuilder.java:getDbProfile(198)) - Using default options. DBProfile.DISK
2019-09-16 22:06:31,948 [main] INFO  ipc.CallQueueManager (CallQueueManager.java:<init>(84)) - Using callQueue: class java.util.concurrent.LinkedBlockingQueue, queueCapacity: 2000, scheduler: class org.apache.hadoop.ipc.DefaultRpcScheduler, ipcBackoff: false.
2019-09-16 22:06:31,950 [Socket Reader #1 for port 40004] INFO  ipc.Server (Server.java:run(1074)) - Starting Socket Reader #1 for port 40004
2019-09-16 22:06:31,980 [main] INFO  om.OzoneManager (OzoneManager.java:start(1240)) - OzoneManager RPC server is listening at localhost/127.0.0.1:40004
2019-09-16 22:06:31,980 [main] INFO  impl.MetricsSystemImpl (MetricsSystemImpl.java:init(158)) - OzoneManager metrics system started (again)
2019-09-16 22:06:31,982 [IPC Server Responder] INFO  ipc.Server (Server.java:run(1314)) - IPC Server Responder: starting
2019-09-16 22:06:31,985 [IPC Server listener on 40004] INFO  ipc.Server (Server.java:run(1153)) - IPC Server listener on 40004: starting
2019-09-16 22:06:31,994 [main] INFO  hdfs.DFSUtil (DFSUtil.java:httpServerTemplateForNNAndJN(1641)) - Starting Web-server for ozoneManager at: http://0.0.0.0:0
2019-09-16 22:06:31,997 [main] INFO  server.AuthenticationFilter (AuthenticationFilter.java:constructSecretProvider(240)) - Unable to initialize FileSignerSecretProvider, falling back to use random secrets.
2019-09-16 22:06:31,998 [main] WARN  http.HttpRequestLog (HttpRequestLog.java:getRequestLog(97)) - Jetty request log can only be enabled using Log4j
2019-09-16 22:06:32,002 [main] INFO  http.HttpServer2 (HttpServer2.java:addGlobalFilter(975)) - Added global filter 'safety' (class=org.apache.hadoop.http.HttpServer2$QuotingInputFilter)
2019-09-16 22:06:32,003 [main] INFO  http.HttpServer2 (HttpServer2.java:addFilter(948)) - Added filter static_user_filter (class=org.apache.hadoop.http.lib.StaticUserWebFilter$StaticUserFilter) to context ozoneManager
2019-09-16 22:06:32,004 [main] INFO  http.HttpServer2 (HttpServer2.java:addFilter(958)) - Added filter static_user_filter (class=org.apache.hadoop.http.lib.StaticUserWebFilter$StaticUserFilter) to context logs
2019-09-16 22:06:32,004 [main] INFO  http.HttpServer2 (HttpServer2.java:addFilter(958)) - Added filter static_user_filter (class=org.apache.hadoop.http.lib.StaticUserWebFilter$StaticUserFilter) to context static
2019-09-16 22:06:32,007 [main] INFO  http.HttpServer2 (HttpServer2.java:bindListener(1191)) - Jetty bound to port 43114
2019-09-16 22:06:32,008 [main] INFO  server.Server (Server.java:doStart(351)) - jetty-9.3.24.v20180605, build timestamp: 2018-06-05T17:11:56Z, git hash: 84205aa28f11a4f31f2a3b86d1bba2cc8ab69827
2019-09-16 22:06:32,011 [main] INFO  handler.ContextHandler (ContextHandler.java:doStart(781)) - Started o.e.j.s.ServletContextHandler@57540fd0{/logs,file:///workdir/hadoop-ozone/tools/target/log,AVAILABLE}
2019-09-16 22:06:32,012 [main] INFO  handler.ContextHandler (ContextHandler.java:doStart(781)) - Started o.e.j.s.ServletContextHandler@58cec85b{/static,jar:file:/home/user/.m2/repository/org/apache/hadoop/hadoop-ozone-ozone-manager/0.5.0-SNAPSHOT/hadoop-ozone-ozone-manager-0.5.0-SNAPSHOT.jar!/webapps/static,AVAILABLE}
2019-09-16 22:06:32,082 [main] INFO  handler.ContextHandler (ContextHandler.java:doStart(781)) - Started o.e.j.w.WebAppContext@1cbb3d3b{/,file:///tmp/jetty-0.0.0.0-43114-ozoneManager-_-any-50655477605782890.dir/webapp/,AVAILABLE}{/ozoneManager}
2019-09-16 22:06:32,083 [main] INFO  server.AbstractConnector (AbstractConnector.java:doStart(278)) - Started ServerConnector@529cfee5{HTTP/1.1,[http/1.1]}{0.0.0.0:43114}
2019-09-16 22:06:32,084 [main] INFO  server.Server (Server.java:doStart(419)) - Started @4427ms
2019-09-16 22:06:32,085 [main] WARN  impl.MetricsSystemImpl (MetricsSystemImpl.java:register(276)) - Sink prometheus already exists!
2019-09-16 22:06:32,085 [main] INFO  server.BaseHttpServer (BaseHttpServer.java:updateConnectorAddress(215)) - HTTP server of OZONEMANAGER is listening at http://0.0.0.0:43114
2019-09-16 22:06:32,424 [main] INFO  impl.MetricsSystemImpl (MetricsSystemImpl.java:init(158)) - HddsDatanode metrics system started (again)
2019-09-16 22:06:32,473 [main] INFO  ozone.HddsDatanodeService (HddsDatanodeService.java:start(184)) - HddsDatanodeService host:pr-hdds-2120-pf7zr-4137305271 ip:192.168.34.35
2019-09-16 22:06:32,505 [main] INFO  volume.HddsVolume (HddsVolume.java:<init>(176)) - Creating Volume: /workdir/hadoop-ozone/tools/target/test-dir/MiniOzoneClusterImpl-04b7bc9b-f24e-4aba-be31-39bb60c628cf/datanode-0/data/containers/hdds of  storage type : DISK and capacity : 1482555576320
2019-09-16 22:06:32,507 [main] INFO  volume.VolumeSet (VolumeSet.java:initializeVolumeSet(170)) - Added Volume : /workdir/hadoop-ozone/tools/target/test-dir/MiniOzoneClusterImpl-04b7bc9b-f24e-4aba-be31-39bb60c628cf/datanode-0/data/containers/hdds to VolumeSet
2019-09-16 22:06:32,510 [main] INFO  volume.ThrottledAsyncChecker (ThrottledAsyncChecker.java:schedule(139)) - Scheduling a check for org.apache.hadoop.ozone.container.common.volume.HddsVolume@3fdecce
2019-09-16 22:06:32,526 [main] INFO  volume.HddsVolumeChecker (HddsVolumeChecker.java:checkAllVolumes(202)) - Scheduled health check for volume org.apache.hadoop.ozone.container.common.volume.HddsVolume@3fdecce
2019-09-16 22:06:32,652 [main] INFO  impl.RaftServerProxy (ConfUtils.java:logGet(43)) - raft.rpc.type = GRPC (default)
2019-09-16 22:06:32,732 [main] INFO  grpc.GrpcFactory (GrpcFactory.java:checkPooledByteBufAllocatorUseCacheForAllThreads(45)) - PERFORMANCE WARNING: useCacheForAllThreads is true that may cause Netty to create a lot garbage objects and, as a result, trigger GC.
	It is recommended to disable useCacheForAllThreads by setting -Dorg.apache.ratis.thirdparty.io.netty.allocator.useCacheForAllThreads=false in command line.
2019-09-16 22:06:32,739 [main] INFO  grpc.GrpcConfigKeys$Server (ConfUtils.java:logGet(43)) - raft.grpc.server.port = 0 (default)
2019-09-16 22:06:32,740 [main] INFO  server.GrpcService (ConfUtils.java:logGet(43)) - raft.grpc.message.size.max = 33570816 (custom)
2019-09-16 22:06:32,741 [main] INFO  server.RaftServerConfigKeys (ConfUtils.java:logGet(43)) - raft.server.log.appender.buffer.byte-limit = 33554432 (custom)
2019-09-16 22:06:32,742 [main] INFO  server.GrpcService (ConfUtils.java:logGet(43)) - raft.grpc.flow.control.window = 1MB (=1048576) (default)
2019-09-16 22:06:32,743 [main] INFO  server.RaftServerConfigKeys (ConfUtils.java:logGet(43)) - raft.server.rpc.request.timeout = 3000ms (default)
2019-09-16 22:06:32,924 [main] INFO  server.RaftServerConfigKeys (ConfUtils.java:logGet(43)) - raft.server.storage.dir = [/workdir/hadoop-ozone/tools/target/test-dir/MiniOzoneClusterImpl-04b7bc9b-f24e-4aba-be31-39bb60c628cf/datanode-0/data/ratis] (custom)
2019-09-16 22:06:32,987 [main] INFO  hdfs.DFSUtil (DFSUtil.java:httpServerTemplateForNNAndJN(1641)) - Starting Web-server for hddsDatanode at: http://0.0.0.0:0
2019-09-16 22:06:32,991 [main] INFO  server.AuthenticationFilter (AuthenticationFilter.java:constructSecretProvider(240)) - Unable to initialize FileSignerSecretProvider, falling back to use random secrets.
2019-09-16 22:06:32,996 [main] WARN  http.HttpRequestLog (HttpRequestLog.java:getRequestLog(97)) - Jetty request log can only be enabled using Log4j
2019-09-16 22:06:33,001 [main] INFO  http.HttpServer2 (HttpServer2.java:addGlobalFilter(975)) - Added global filter 'safety' (class=org.apache.hadoop.http.HttpServer2$QuotingInputFilter)
2019-09-16 22:06:33,002 [main] INFO  http.HttpServer2 (HttpServer2.java:addFilter(948)) - Added filter static_user_filter (class=org.apache.hadoop.http.lib.StaticUserWebFilter$StaticUserFilter) to context hddsDatanode
2019-09-16 22:06:33,003 [main] INFO  http.HttpServer2 (HttpServer2.java:addFilter(958)) - Added filter static_user_filter (class=org.apache.hadoop.http.lib.StaticUserWebFilter$StaticUserFilter) to context static
2019-09-16 22:06:33,003 [main] INFO  http.HttpServer2 (HttpServer2.java:addFilter(958)) - Added filter static_user_filter (class=org.apache.hadoop.http.lib.StaticUserWebFilter$StaticUserFilter) to context logs
2019-09-16 22:06:33,005 [main] INFO  http.HttpServer2 (HttpServer2.java:bindListener(1191)) - Jetty bound to port 43287
2019-09-16 22:06:33,006 [main] INFO  server.Server (Server.java:doStart(351)) - jetty-9.3.24.v20180605, build timestamp: 2018-06-05T17:11:56Z, git hash: 84205aa28f11a4f31f2a3b86d1bba2cc8ab69827
2019-09-16 22:06:33,013 [main] INFO  handler.ContextHandler (ContextHandler.java:doStart(781)) - Started o.e.j.s.ServletContextHandler@102ecc22{/logs,file:///workdir/hadoop-ozone/tools/target/log,AVAILABLE}
2019-09-16 22:06:33,015 [main] INFO  handler.ContextHandler (ContextHandler.java:doStart(781)) - Started o.e.j.s.ServletContextHandler@26dc9bd5{/static,jar:file:/home/user/.m2/repository/org/apache/hadoop/hadoop-hdds-container-service/0.5.0-SNAPSHOT/hadoop-hdds-container-service-0.5.0-SNAPSHOT.jar!/webapps/static,AVAILABLE}
2019-09-16 22:06:33,068 [main] INFO  handler.ContextHandler (ContextHandler.java:doStart(781)) - Started o.e.j.w.WebAppContext@5b852b49{/,file:///tmp/jetty-0.0.0.0-43287-hddsDatanode-_-any-3340526226436098691.dir/webapp/,AVAILABLE}{/hddsDatanode}
2019-09-16 22:06:33,069 [main] INFO  server.AbstractConnector (AbstractConnector.java:doStart(278)) - Started ServerConnector@cdb2d95{HTTP/1.1,[http/1.1]}{0.0.0.0:43287}
2019-09-16 22:06:33,069 [main] INFO  server.Server (Server.java:doStart(419)) - Started @5413ms
2019-09-16 22:06:33,070 [main] WARN  impl.MetricsSystemImpl (MetricsSystemImpl.java:register(276)) - Sink prometheus already exists!
2019-09-16 22:06:33,071 [main] INFO  server.BaseHttpServer (BaseHttpServer.java:updateConnectorAddress(215)) - HTTP server of HDDSDATANODE is listening at http://0.0.0.0:43287
2019-09-16 22:06:33,073 [main] INFO  impl.MetricsSystemImpl (MetricsSystemImpl.java:init(158)) - HddsDatanode metrics system started (again)
2019-09-16 22:06:33,079 [main] INFO  ozone.HddsDatanodeService (HddsDatanodeService.java:start(184)) - HddsDatanodeService host:pr-hdds-2120-pf7zr-4137305271 ip:192.168.34.35
2019-09-16 22:06:33,080 [org.apache.hadoop.util.JvmPauseMonitor$Monitor@7535fa1] INFO  util.JvmPauseMonitor (JvmPauseMonitor.java:run(188)) - Starting JVM pause monitor
2019-09-16 22:06:33,090 [main] INFO  volume.HddsVolume (HddsVolume.java:<init>(176)) - Creating Volume: /workdir/hadoop-ozone/tools/target/test-dir/MiniOzoneClusterImpl-04b7bc9b-f24e-4aba-be31-39bb60c628cf/datanode-1/data/containers/hdds of  storage type : DISK and capacity : 1482555576320
2019-09-16 22:06:33,090 [main] INFO  volume.VolumeSet (VolumeSet.java:initializeVolumeSet(170)) - Added Volume : /workdir/hadoop-ozone/tools/target/test-dir/MiniOzoneClusterImpl-04b7bc9b-f24e-4aba-be31-39bb60c628cf/datanode-1/data/containers/hdds to VolumeSet
2019-09-16 22:06:33,091 [main] INFO  volume.ThrottledAsyncChecker (ThrottledAsyncChecker.java:schedule(139)) - Scheduling a check for org.apache.hadoop.ozone.container.common.volume.HddsVolume@46963479
2019-09-16 22:06:33,092 [main] INFO  volume.HddsVolumeChecker (HddsVolumeChecker.java:checkAllVolumes(202)) - Scheduled health check for volume org.apache.hadoop.ozone.container.common.volume.HddsVolume@46963479
2019-09-16 22:06:33,120 [main] INFO  impl.RaftServerProxy (ConfUtils.java:logGet(43)) - raft.rpc.type = GRPC (default)
2019-09-16 22:06:33,121 [main] INFO  grpc.GrpcFactory (GrpcFactory.java:checkPooledByteBufAllocatorUseCacheForAllThreads(45)) - PERFORMANCE WARNING: useCacheForAllThreads is true that may cause Netty to create a lot garbage objects and, as a result, trigger GC.
	It is recommended to disable useCacheForAllThreads by setting -Dorg.apache.ratis.thirdparty.io.netty.allocator.useCacheForAllThreads=false in command line.
2019-09-16 22:06:33,121 [main] INFO  grpc.GrpcConfigKeys$Server (ConfUtils.java:logGet(43)) - raft.grpc.server.port = 0 (default)
2019-09-16 22:06:33,122 [main] INFO  server.GrpcService (ConfUtils.java:logGet(43)) - raft.grpc.message.size.max = 33570816 (custom)
2019-09-16 22:06:33,122 [main] INFO  server.RaftServerConfigKeys (ConfUtils.java:logGet(43)) - raft.server.log.appender.buffer.byte-limit = 33554432 (custom)
2019-09-16 22:06:33,122 [main] INFO  server.GrpcService (ConfUtils.java:logGet(43)) - raft.grpc.flow.control.window = 1MB (=1048576) (default)
2019-09-16 22:06:33,123 [main] INFO  server.RaftServerConfigKeys (ConfUtils.java:logGet(43)) - raft.server.rpc.request.timeout = 3000ms (default)
2019-09-16 22:06:33,123 [main] INFO  server.RaftServerConfigKeys (ConfUtils.java:logGet(43)) - raft.server.storage.dir = [/workdir/hadoop-ozone/tools/target/test-dir/MiniOzoneClusterImpl-04b7bc9b-f24e-4aba-be31-39bb60c628cf/datanode-1/data/ratis] (custom)
2019-09-16 22:06:33,125 [main] INFO  hdfs.DFSUtil (DFSUtil.java:httpServerTemplateForNNAndJN(1641)) - Starting Web-server for hddsDatanode at: http://0.0.0.0:0
2019-09-16 22:06:33,127 [main] INFO  server.AuthenticationFilter (AuthenticationFilter.java:constructSecretProvider(240)) - Unable to initialize FileSignerSecretProvider, falling back to use random secrets.
2019-09-16 22:06:33,128 [main] WARN  http.HttpRequestLog (HttpRequestLog.java:getRequestLog(97)) - Jetty request log can only be enabled using Log4j
2019-09-16 22:06:33,130 [main] INFO  http.HttpServer2 (HttpServer2.java:addGlobalFilter(975)) - Added global filter 'safety' (class=org.apache.hadoop.http.HttpServer2$QuotingInputFilter)
2019-09-16 22:06:33,131 [main] INFO  http.HttpServer2 (HttpServer2.java:addFilter(948)) - Added filter static_user_filter (class=org.apache.hadoop.http.lib.StaticUserWebFilter$StaticUserFilter) to context hddsDatanode
2019-09-16 22:06:33,131 [main] INFO  http.HttpServer2 (HttpServer2.java:addFilter(958)) - Added filter static_user_filter (class=org.apache.hadoop.http.lib.StaticUserWebFilter$StaticUserFilter) to context static
2019-09-16 22:06:33,131 [main] INFO  http.HttpServer2 (HttpServer2.java:addFilter(958)) - Added filter static_user_filter (class=org.apache.hadoop.http.lib.StaticUserWebFilter$StaticUserFilter) to context logs
2019-09-16 22:06:33,132 [main] INFO  http.HttpServer2 (HttpServer2.java:bindListener(1191)) - Jetty bound to port 32815
2019-09-16 22:06:33,133 [main] INFO  server.Server (Server.java:doStart(351)) - jetty-9.3.24.v20180605, build timestamp: 2018-06-05T17:11:56Z, git hash: 84205aa28f11a4f31f2a3b86d1bba2cc8ab69827
2019-09-16 22:06:33,137 [main] INFO  handler.ContextHandler (ContextHandler.java:doStart(781)) - Started o.e.j.s.ServletContextHandler@620c8641{/logs,file:///workdir/hadoop-ozone/tools/target/log,AVAILABLE}
2019-09-16 22:06:33,138 [main] INFO  handler.ContextHandler (ContextHandler.java:doStart(781)) - Started o.e.j.s.ServletContextHandler@5460b754{/static,jar:file:/home/user/.m2/repository/org/apache/hadoop/hadoop-hdds-container-service/0.5.0-SNAPSHOT/hadoop-hdds-container-service-0.5.0-SNAPSHOT.jar!/webapps/static,AVAILABLE}
2019-09-16 22:06:33,171 [main] INFO  handler.ContextHandler (ContextHandler.java:doStart(781)) - Started o.e.j.w.WebAppContext@58472096{/,file:///tmp/jetty-0.0.0.0-32815-hddsDatanode-_-any-5843682682162732563.dir/webapp/,AVAILABLE}{/hddsDatanode}
2019-09-16 22:06:33,172 [main] INFO  server.AbstractConnector (AbstractConnector.java:doStart(278)) - Started ServerConnector@a92be4f{HTTP/1.1,[http/1.1]}{0.0.0.0:32815}
2019-09-16 22:06:33,174 [main] INFO  server.Server (Server.java:doStart(419)) - Started @5517ms
2019-09-16 22:06:33,174 [main] WARN  impl.MetricsSystemImpl (MetricsSystemImpl.java:register(276)) - Sink prometheus already exists!
2019-09-16 22:06:33,176 [main] INFO  server.BaseHttpServer (BaseHttpServer.java:updateConnectorAddress(215)) - HTTP server of HDDSDATANODE is listening at http://0.0.0.0:32815
2019-09-16 22:06:33,176 [main] INFO  impl.MetricsSystemImpl (MetricsSystemImpl.java:init(158)) - HddsDatanode metrics system started (again)
2019-09-16 22:06:33,180 [org.apache.hadoop.util.JvmPauseMonitor$Monitor@61fa5020] INFO  util.JvmPauseMonitor (JvmPauseMonitor.java:run(188)) - Starting JVM pause monitor
2019-09-16 22:06:33,181 [main] INFO  ozone.HddsDatanodeService (HddsDatanodeService.java:start(184)) - HddsDatanodeService host:pr-hdds-2120-pf7zr-4137305271 ip:192.168.34.35
2019-09-16 22:06:33,191 [main] INFO  volume.HddsVolume (HddsVolume.java:<init>(176)) - Creating Volume: /workdir/hadoop-ozone/tools/target/test-dir/MiniOzoneClusterImpl-04b7bc9b-f24e-4aba-be31-39bb60c628cf/datanode-2/data/containers/hdds of  storage type : DISK and capacity : 1482555576320
2019-09-16 22:06:33,192 [main] INFO  volume.VolumeSet (VolumeSet.java:initializeVolumeSet(170)) - Added Volume : /workdir/hadoop-ozone/tools/target/test-dir/MiniOzoneClusterImpl-04b7bc9b-f24e-4aba-be31-39bb60c628cf/datanode-2/data/containers/hdds to VolumeSet
2019-09-16 22:06:33,192 [main] INFO  volume.ThrottledAsyncChecker (ThrottledAsyncChecker.java:schedule(139)) - Scheduling a check for org.apache.hadoop.ozone.container.common.volume.HddsVolume@611a990b
2019-09-16 22:06:33,193 [main] INFO  volume.HddsVolumeChecker (HddsVolumeChecker.java:checkAllVolumes(202)) - Scheduled health check for volume org.apache.hadoop.ozone.container.common.volume.HddsVolume@611a990b
2019-09-16 22:06:33,200 [Datanode State Machine Thread - 0] INFO  datanode.InitDatanodeState (InitDatanodeState.java:persistContainerDatanodeDetails(140)) - DatanodeDetails is persisted to /workdir/hadoop-ozone/tools/target/test-dir/MiniOzoneClusterImpl-04b7bc9b-f24e-4aba-be31-39bb60c628cf/datanode-0/meta/datanode.id
2019-09-16 22:06:33,204 [Datanode State Machine Thread - 0] INFO  datanode.InitDatanodeState (InitDatanodeState.java:persistContainerDatanodeDetails(140)) - DatanodeDetails is persisted to /workdir/hadoop-ozone/tools/target/test-dir/MiniOzoneClusterImpl-04b7bc9b-f24e-4aba-be31-39bb60c628cf/datanode-1/meta/datanode.id
2019-09-16 22:06:33,219 [main] INFO  impl.RaftServerProxy (ConfUtils.java:logGet(43)) - raft.rpc.type = GRPC (default)
2019-09-16 22:06:33,219 [main] INFO  grpc.GrpcFactory (GrpcFactory.java:checkPooledByteBufAllocatorUseCacheForAllThreads(45)) - PERFORMANCE WARNING: useCacheForAllThreads is true that may cause Netty to create a lot garbage objects and, as a result, trigger GC.
	It is recommended to disable useCacheForAllThreads by setting -Dorg.apache.ratis.thirdparty.io.netty.allocator.useCacheForAllThreads=false in command line.
2019-09-16 22:06:33,220 [main] INFO  grpc.GrpcConfigKeys$Server (ConfUtils.java:logGet(43)) - raft.grpc.server.port = 0 (default)
2019-09-16 22:06:33,220 [main] INFO  server.GrpcService (ConfUtils.java:logGet(43)) - raft.grpc.message.size.max = 33570816 (custom)
2019-09-16 22:06:33,220 [main] INFO  server.RaftServerConfigKeys (ConfUtils.java:logGet(43)) - raft.server.log.appender.buffer.byte-limit = 33554432 (custom)
2019-09-16 22:06:33,221 [main] INFO  server.GrpcService (ConfUtils.java:logGet(43)) - raft.grpc.flow.control.window = 1MB (=1048576) (default)
2019-09-16 22:06:33,221 [main] INFO  server.RaftServerConfigKeys (ConfUtils.java:logGet(43)) - raft.server.rpc.request.timeout = 3000ms (default)
2019-09-16 22:06:33,222 [main] INFO  server.RaftServerConfigKeys (ConfUtils.java:logGet(43)) - raft.server.storage.dir = [/workdir/hadoop-ozone/tools/target/test-dir/MiniOzoneClusterImpl-04b7bc9b-f24e-4aba-be31-39bb60c628cf/datanode-2/data/ratis] (custom)
2019-09-16 22:06:33,224 [main] INFO  hdfs.DFSUtil (DFSUtil.java:httpServerTemplateForNNAndJN(1641)) - Starting Web-server for hddsDatanode at: http://0.0.0.0:0
2019-09-16 22:06:33,226 [main] INFO  server.AuthenticationFilter (AuthenticationFilter.java:constructSecretProvider(240)) - Unable to initialize FileSignerSecretProvider, falling back to use random secrets.
2019-09-16 22:06:33,226 [main] WARN  http.HttpRequestLog (HttpRequestLog.java:getRequestLog(97)) - Jetty request log can only be enabled using Log4j
2019-09-16 22:06:33,229 [main] INFO  http.HttpServer2 (HttpServer2.java:addGlobalFilter(975)) - Added global filter 'safety' (class=org.apache.hadoop.http.HttpServer2$QuotingInputFilter)
2019-09-16 22:06:33,230 [main] INFO  http.HttpServer2 (HttpServer2.java:addFilter(948)) - Added filter static_user_filter (class=org.apache.hadoop.http.lib.StaticUserWebFilter$StaticUserFilter) to context hddsDatanode
2019-09-16 22:06:33,230 [main] INFO  http.HttpServer2 (HttpServer2.java:addFilter(958)) - Added filter static_user_filter (class=org.apache.hadoop.http.lib.StaticUserWebFilter$StaticUserFilter) to context logs
2019-09-16 22:06:33,230 [main] INFO  http.HttpServer2 (HttpServer2.java:addFilter(958)) - Added filter static_user_filter (class=org.apache.hadoop.http.lib.StaticUserWebFilter$StaticUserFilter) to context static
2019-09-16 22:06:33,231 [main] INFO  http.HttpServer2 (HttpServer2.java:bindListener(1191)) - Jetty bound to port 34887
2019-09-16 22:06:33,231 [main] INFO  server.Server (Server.java:doStart(351)) - jetty-9.3.24.v20180605, build timestamp: 2018-06-05T17:11:56Z, git hash: 84205aa28f11a4f31f2a3b86d1bba2cc8ab69827
2019-09-16 22:06:33,234 [main] INFO  handler.ContextHandler (ContextHandler.java:doStart(781)) - Started o.e.j.s.ServletContextHandler@5624657a{/logs,file:///workdir/hadoop-ozone/tools/target/log,AVAILABLE}
2019-09-16 22:06:33,235 [main] INFO  handler.ContextHandler (ContextHandler.java:doStart(781)) - Started o.e.j.s.ServletContextHandler@4d21c56e{/static,jar:file:/home/user/.m2/repository/org/apache/hadoop/hadoop-hdds-container-service/0.5.0-SNAPSHOT/hadoop-hdds-container-service-0.5.0-SNAPSHOT.jar!/webapps/static,AVAILABLE}
2019-09-16 22:06:33,272 [main] INFO  handler.ContextHandler (ContextHandler.java:doStart(781)) - Started o.e.j.w.WebAppContext@4a163575{/,file:///tmp/jetty-0.0.0.0-34887-hddsDatanode-_-any-1051708250598870702.dir/webapp/,AVAILABLE}{/hddsDatanode}
2019-09-16 22:06:33,272 [main] INFO  server.AbstractConnector (AbstractConnector.java:doStart(278)) - Started ServerConnector@7e642b88{HTTP/1.1,[http/1.1]}{0.0.0.0:34887}
2019-09-16 22:06:33,273 [main] INFO  server.Server (Server.java:doStart(419)) - Started @5616ms
2019-09-16 22:06:33,274 [main] WARN  impl.MetricsSystemImpl (MetricsSystemImpl.java:register(276)) - Sink prometheus already exists!
2019-09-16 22:06:33,275 [main] INFO  server.BaseHttpServer (BaseHttpServer.java:updateConnectorAddress(215)) - HTTP server of HDDSDATANODE is listening at http://0.0.0.0:34887
2019-09-16 22:06:33,277 [main] INFO  ozone.MiniOzoneClusterImpl (MiniOzoneClusterImpl.java:lambda$waitForClusterToBeReady$0(140)) - Waiting for cluster to be ready. Got 0 of 3 DN Heartbeats.
2019-09-16 22:06:33,277 [org.apache.hadoop.util.JvmPauseMonitor$Monitor@1180389e] INFO  util.JvmPauseMonitor (JvmPauseMonitor.java:run(188)) - Starting JVM pause monitor
2019-09-16 22:06:33,279 [Datanode State Machine Thread - 0] INFO  datanode.InitDatanodeState (InitDatanodeState.java:persistContainerDatanodeDetails(140)) - DatanodeDetails is persisted to /workdir/hadoop-ozone/tools/target/test-dir/MiniOzoneClusterImpl-04b7bc9b-f24e-4aba-be31-39bb60c628cf/datanode-2/meta/datanode.id
2019-09-16 22:06:34,277 [main] INFO  ozone.MiniOzoneClusterImpl (MiniOzoneClusterImpl.java:lambda$waitForClusterToBeReady$0(140)) - Waiting for cluster to be ready. Got 0 of 3 DN Heartbeats.
2019-09-16 22:06:35,149 [Datanode State Machine Thread - 0] INFO  ozoneimpl.OzoneContainer (OzoneContainer.java:start(217)) - Attempting to start container services.
2019-09-16 22:06:35,152 [Datanode State Machine Thread - 0] INFO  ozoneimpl.OzoneContainer (OzoneContainer.java:startContainerScrub(179)) - Background container scanner has been disabled.
2019-09-16 22:06:35,152 [Datanode State Machine Thread - 0] INFO  ratis.XceiverServerRatis (XceiverServerRatis.java:start(404)) - Starting XceiverServerRatis 74ecbdb6-699d-4c3c-ab90-3d79e72ea4a8 at port 0
2019-09-16 22:06:35,175 [Datanode State Machine Thread - 0] INFO  impl.RaftServerProxy (RaftServerProxy.java:lambda$start$3(299)) - 74ecbdb6-699d-4c3c-ab90-3d79e72ea4a8: start RPC server
2019-09-16 22:06:35,199 [Datanode State Machine Thread - 0] INFO  ozoneimpl.OzoneContainer (OzoneContainer.java:start(217)) - Attempting to start container services.
2019-09-16 22:06:35,205 [Datanode State Machine Thread - 0] INFO  ozoneimpl.OzoneContainer (OzoneContainer.java:startContainerScrub(179)) - Background container scanner has been disabled.
2019-09-16 22:06:35,205 [Datanode State Machine Thread - 0] INFO  ratis.XceiverServerRatis (XceiverServerRatis.java:start(404)) - Starting XceiverServerRatis a45c6565-035d-4d1b-87c5-293bdc0bfbe6 at port 0
2019-09-16 22:06:35,214 [Datanode State Machine Thread - 0] INFO  impl.RaftServerProxy (RaftServerProxy.java:lambda$start$3(299)) - a45c6565-035d-4d1b-87c5-293bdc0bfbe6: start RPC server
2019-09-16 22:06:35,278 [main] INFO  ozone.MiniOzoneClusterImpl (MiniOzoneClusterImpl.java:lambda$waitForClusterToBeReady$0(140)) - Waiting for cluster to be ready. Got 0 of 3 DN Heartbeats.
2019-09-16 22:06:35,308 [Datanode State Machine Thread - 0] INFO  ozoneimpl.OzoneContainer (OzoneContainer.java:start(217)) - Attempting to start container services.
2019-09-16 22:06:35,310 [Datanode State Machine Thread - 0] INFO  ozoneimpl.OzoneContainer (OzoneContainer.java:startContainerScrub(179)) - Background container scanner has been disabled.
2019-09-16 22:06:35,311 [Datanode State Machine Thread - 0] INFO  ratis.XceiverServerRatis (XceiverServerRatis.java:start(404)) - Starting XceiverServerRatis 7decb6b1-ba7c-48d8-97ff-6a25276295c4 at port 0
2019-09-16 22:06:35,311 [Datanode State Machine Thread - 0] INFO  server.GrpcService (GrpcService.java:startImpl(158)) - a45c6565-035d-4d1b-87c5-293bdc0bfbe6: GrpcService started, listening on 0.0.0.0/0.0.0.0:34083
2019-09-16 22:06:35,311 [Datanode State Machine Thread - 0] INFO  server.GrpcService (GrpcService.java:startImpl(158)) - 74ecbdb6-699d-4c3c-ab90-3d79e72ea4a8: GrpcService started, listening on 0.0.0.0/0.0.0.0:43623
2019-09-16 22:06:35,312 [Datanode State Machine Thread - 0] INFO  ratis.XceiverServerRatis (XceiverServerRatis.java:start(414)) - XceiverServerRatis a45c6565-035d-4d1b-87c5-293bdc0bfbe6 is started using port 34083
2019-09-16 22:06:35,312 [Datanode State Machine Thread - 0] INFO  ratis.XceiverServerRatis (XceiverServerRatis.java:start(414)) - XceiverServerRatis 74ecbdb6-699d-4c3c-ab90-3d79e72ea4a8 is started using port 43623
2019-09-16 22:06:35,318 [Datanode State Machine Thread - 0] INFO  server.XceiverServerGrpc (XceiverServerGrpc.java:start(163)) - XceiverServerGrpc 74ecbdb6-699d-4c3c-ab90-3d79e72ea4a8 is started using port 45619
2019-09-16 22:06:35,318 [Datanode State Machine Thread - 0] INFO  server.XceiverServerGrpc (XceiverServerGrpc.java:start(163)) - XceiverServerGrpc a45c6565-035d-4d1b-87c5-293bdc0bfbe6 is started using port 33400
2019-09-16 22:06:35,330 [Datanode State Machine Thread - 0] INFO  impl.RaftServerProxy (RaftServerProxy.java:lambda$start$3(299)) - 7decb6b1-ba7c-48d8-97ff-6a25276295c4: start RPC server
2019-09-16 22:06:35,334 [Datanode State Machine Thread - 0] INFO  server.GrpcService (GrpcService.java:startImpl(158)) - 7decb6b1-ba7c-48d8-97ff-6a25276295c4: GrpcService started, listening on 0.0.0.0/0.0.0.0:43892
2019-09-16 22:06:35,335 [Datanode State Machine Thread - 0] INFO  ratis.XceiverServerRatis (XceiverServerRatis.java:start(414)) - XceiverServerRatis 7decb6b1-ba7c-48d8-97ff-6a25276295c4 is started using port 43892
2019-09-16 22:06:35,339 [Datanode State Machine Thread - 0] INFO  server.XceiverServerGrpc (XceiverServerGrpc.java:start(163)) - XceiverServerGrpc 7decb6b1-ba7c-48d8-97ff-6a25276295c4 is started using port 42879
2019-09-16 22:06:36,278 [main] INFO  ozone.MiniOzoneClusterImpl (MiniOzoneClusterImpl.java:lambda$waitForClusterToBeReady$0(140)) - Waiting for cluster to be ready. Got 0 of 3 DN Heartbeats.
2019-09-16 22:06:37,128 [IPC Server handler 0 on 45049] INFO  net.NetworkTopology (NetworkTopologyImpl.java:add(110)) - Added a new node: /default-rack/74ecbdb6-699d-4c3c-ab90-3d79e72ea4a8
2019-09-16 22:06:37,129 [IPC Server handler 0 on 45049] INFO  node.SCMNodeManager (SCMNodeManager.java:register(266)) - Registered Data node : 74ecbdb6-699d-4c3c-ab90-3d79e72ea4a8{ip: 192.168.34.35, host: pr-hdds-2120-pf7zr-4137305271, networkLocation: /default-rack, certSerialId: null}
2019-09-16 22:06:37,134 [EventQueue-NodeRegistrationContainerReportForDataNodeSafeModeRule] INFO  safemode.SCMSafeModeManager (DataNodeSafeModeRule.java:process(71)) - SCM in safe mode. 1 DataNodes registered, 1 required.
2019-09-16 22:06:37,135 [EventQueue-NodeRegistrationContainerReportForDataNodeSafeModeRule] INFO  safemode.SCMSafeModeManager (SCMSafeModeManager.java:validateSafeModeExitRules(177)) - ScmSafeModeManager, all rules are successfully validated
2019-09-16 22:06:37,135 [EventQueue-NodeRegistrationContainerReportForDataNodeSafeModeRule] INFO  safemode.SCMSafeModeManager (SCMSafeModeManager.java:exitSafeMode(193)) - SCM exiting safe mode.
2019-09-16 22:06:37,187 [IPC Server handler 3 on 45049] INFO  net.NetworkTopology (NetworkTopologyImpl.java:add(110)) - Added a new node: /default-rack/a45c6565-035d-4d1b-87c5-293bdc0bfbe6
2019-09-16 22:06:37,189 [IPC Server handler 3 on 45049] INFO  node.SCMNodeManager (SCMNodeManager.java:register(266)) - Registered Data node : a45c6565-035d-4d1b-87c5-293bdc0bfbe6{ip: 192.168.34.35, host: pr-hdds-2120-pf7zr-4137305271, networkLocation: /default-rack, certSerialId: null}
2019-09-16 22:06:37,281 [main] INFO  ozone.MiniOzoneClusterImpl (MiniOzoneClusterImpl.java:lambda$waitForClusterToBeReady$0(140)) - Waiting for cluster to be ready. Got 2 of 3 DN Heartbeats.
2019-09-16 22:06:37,282 [IPC Server handler 2 on 45049] INFO  net.NetworkTopology (NetworkTopologyImpl.java:add(110)) - Added a new node: /default-rack/7decb6b1-ba7c-48d8-97ff-6a25276295c4
2019-09-16 22:06:37,284 [IPC Server handler 2 on 45049] INFO  node.SCMNodeManager (SCMNodeManager.java:register(266)) - Registered Data node : 7decb6b1-ba7c-48d8-97ff-6a25276295c4{ip: 192.168.34.35, host: pr-hdds-2120-pf7zr-4137305271, networkLocation: /default-rack, certSerialId: null}
2019-09-16 22:06:37,659 [grpc-default-executor-0] INFO  impl.RaftServerProxy (RaftServerProxy.java:addNew(89)) - 74ecbdb6-699d-4c3c-ab90-3d79e72ea4a8: addNew group-B05D6D776A0D:[74ecbdb6-699d-4c3c-ab90-3d79e72ea4a8:192.168.34.35:43623] returns group-B05D6D776A0D:java.util.concurrent.CompletableFuture@33ee9bc6[Not completed]
2019-09-16 22:06:37,679 [pool-27-thread-1] INFO  impl.RaftServerImpl (RaftServerImpl.java:<init>(95)) - 74ecbdb6-699d-4c3c-ab90-3d79e72ea4a8: new RaftServerImpl for group-B05D6D776A0D:[74ecbdb6-699d-4c3c-ab90-3d79e72ea4a8:192.168.34.35:43623] with ContainerStateMachine:uninitialized
2019-09-16 22:06:37,682 [pool-27-thread-1] INFO  server.RaftServerConfigKeys (ConfUtils.java:logGet(43)) - raft.server.rpc.timeout.min = 5s (custom)
2019-09-16 22:06:37,683 [pool-27-thread-1] INFO  server.RaftServerConfigKeys (ConfUtils.java:logGet(43)) - raft.server.rpc.timeout.max = 5200ms (custom)
2019-09-16 22:06:37,684 [pool-27-thread-1] INFO  server.RaftServerConfigKeys (ConfUtils.java:logGet(43)) - raft.server.rpcslowness.timeout = 120s (custom)
2019-09-16 22:06:37,685 [pool-27-thread-1] INFO  server.RaftServerConfigKeys (ConfUtils.java:logGet(43)) - raft.server.sleep.deviation.threshold = 300 (default)
2019-09-16 22:06:37,686 [pool-27-thread-1] INFO  server.RaftServerConfigKeys (ConfUtils.java:logGet(43)) - raft.server.log.appender.install.snapshot.enabled = false (custom)
2019-09-16 22:06:37,696 [pool-27-thread-1] INFO  impl.RaftServerImpl (ServerState.java:<init>(103)) - 74ecbdb6-699d-4c3c-ab90-3d79e72ea4a8@group-B05D6D776A0D: ConfigurationManager, init=-1: [74ecbdb6-699d-4c3c-ab90-3d79e72ea4a8:192.168.34.35:43623], old=null, confs=<EMPTY_MAP>
2019-09-16 22:06:37,696 [pool-27-thread-1] INFO  server.RaftServerConfigKeys (ConfUtils.java:logGet(43)) - raft.server.storage.dir = [/workdir/hadoop-ozone/tools/target/test-dir/MiniOzoneClusterImpl-04b7bc9b-f24e-4aba-be31-39bb60c628cf/datanode-0/data/ratis] (custom)
2019-09-16 22:06:37,705 [pool-27-thread-1] INFO  storage.RaftStorageDirectory (RaftStorageDirectory.java:analyzeStorage(246)) - The storage directory /workdir/hadoop-ozone/tools/target/test-dir/MiniOzoneClusterImpl-04b7bc9b-f24e-4aba-be31-39bb60c628cf/datanode-0/data/ratis/f8ae28a6-896d-40dc-8aee-b05d6d776a0d does not exist. Creating ...
2019-09-16 22:06:37,723 [pool-27-thread-1] INFO  storage.RaftStorageDirectory (RaftStorageDirectory.java:tryLock(328)) - Lock on /workdir/hadoop-ozone/tools/target/test-dir/MiniOzoneClusterImpl-04b7bc9b-f24e-4aba-be31-39bb60c628cf/datanode-0/data/ratis/f8ae28a6-896d-40dc-8aee-b05d6d776a0d/in_use.lock acquired by nodename 12866@pr-hdds-2120-pf7zr-4137305271
2019-09-16 22:06:37,739 [pool-27-thread-1] INFO  storage.RaftStorage (RaftStorage.java:format(72)) - Storage directory /workdir/hadoop-ozone/tools/target/test-dir/MiniOzoneClusterImpl-04b7bc9b-f24e-4aba-be31-39bb60c628cf/datanode-0/data/ratis/f8ae28a6-896d-40dc-8aee-b05d6d776a0d has been successfully formatted.
2019-09-16 22:06:37,742 [pool-27-thread-1] INFO  ratis.ContainerStateMachine (ContainerStateMachine.java:loadSnapshot(230)) - group-B05D6D776A0D: The snapshot info is null. Setting the last applied indexto:(t:0, i:~)
2019-09-16 22:06:37,743 [pool-27-thread-1] INFO  server.RaftServerConfigKeys (ConfUtils.java:logGet(43)) - raft.server.notification.no-leader.timeout = 120s (custom)
2019-09-16 22:06:37,745 [pool-27-thread-1] INFO  server.RaftServerConfigKeys (ConfUtils.java:logGet(43)) - raft.server.log.use.memory = false (default)
2019-09-16 22:06:37,753 [pool-27-thread-1] INFO  server.RaftServerConfigKeys (ConfUtils.java:logGet(43)) - raft.server.log.purge.gap = 1000000 (custom)
2019-09-16 22:06:37,753 [pool-27-thread-1] INFO  server.RaftServerConfigKeys (ConfUtils.java:logGet(43)) - raft.server.log.appender.buffer.byte-limit = 33554432 (custom)
2019-09-16 22:06:37,756 [pool-27-thread-1] INFO  server.RaftServerConfigKeys (ConfUtils.java:logGet(43)) - raft.server.log.segment.size.max = 1048576 (custom)
2019-09-16 22:06:37,762 [pool-27-thread-1] INFO  server.RaftServerConfigKeys (ConfUtils.java:logGet(43)) - raft.server.log.segment.cache.num.max = 2 (custom)
2019-09-16 22:06:37,768 [pool-27-thread-1] INFO  segmented.SegmentedRaftLogWorker (SegmentedRaftLogWorker.java:<init>(172)) - new 74ecbdb6-699d-4c3c-ab90-3d79e72ea4a8@group-B05D6D776A0D-SegmentedRaftLogWorker for RaftStorage:Storage Directory /workdir/hadoop-ozone/tools/target/test-dir/MiniOzoneClusterImpl-04b7bc9b-f24e-4aba-be31-39bb60c628cf/datanode-0/data/ratis/f8ae28a6-896d-40dc-8aee-b05d6d776a0d
2019-09-16 22:06:37,770 [pool-27-thread-1] INFO  impl.MetricsSystemImpl (MetricsSystemImpl.java:init(158)) - ratis metrics system started (again)
2019-09-16 22:06:37,807 [pool-27-thread-1] INFO  server.RaftServerConfigKeys (ConfUtils.java:logGet(43)) - raft.server.log.queue.byte-limit = 2147483647 (custom)
2019-09-16 22:06:37,807 [pool-27-thread-1] INFO  server.RaftServerConfigKeys (ConfUtils.java:logGet(43)) - raft.server.log.queue.element-limit = 1024 (custom)
2019-09-16 22:06:37,811 [pool-27-thread-1] INFO  server.RaftServerConfigKeys (ConfUtils.java:logGet(43)) - raft.server.log.segment.size.max = 1048576 (custom)
2019-09-16 22:06:37,811 [pool-27-thread-1] INFO  server.RaftServerConfigKeys (ConfUtils.java:logGet(43)) - raft.server.log.preallocated.size = 16384 (custom)
2019-09-16 22:06:37,811 [pool-27-thread-1] INFO  server.RaftServerConfigKeys (ConfUtils.java:logGet(43)) - raft.server.log.write.buffer.size = 33554432 (custom)
2019-09-16 22:06:37,812 [pool-27-thread-1] INFO  server.RaftServerConfigKeys (ConfUtils.java:logGet(43)) - raft.server.log.force.sync.num = 128 (default)
2019-09-16 22:06:37,813 [pool-27-thread-1] INFO  server.RaftServerConfigKeys (ConfUtils.java:logGet(43)) - raft.server.log.statemachine.data.sync = true (default)
2019-09-16 22:06:37,813 [pool-27-thread-1] INFO  server.RaftServerConfigKeys (ConfUtils.java:logGet(43)) - raft.server.log.statemachine.data.sync.timeout = 10s (default)
2019-09-16 22:06:37,814 [pool-27-thread-1] INFO  server.RaftServerConfigKeys (ConfUtils.java:logGet(43)) - raft.server.log.statemachine.data.sync.timeout.retry = -1 (default)
2019-09-16 22:06:37,824 [pool-27-thread-1] INFO  server.RaftServerConfigKeys (ConfUtils.java:logGet(43)) - raft.server.log.statemachine.data.caching.enabled = true (custom)
2019-09-16 22:06:37,829 [pool-27-thread-1] INFO  segmented.SegmentedRaftLogWorker (SegmentedRaftLogWorker.java:lambda$new$0(132)) - 74ecbdb6-699d-4c3c-ab90-3d79e72ea4a8@group-B05D6D776A0D-SegmentedRaftLogWorker: flushIndex: setUnconditionally 0 -> -1
2019-09-16 22:06:37,833 [pool-27-thread-1] INFO  server.RaftServerConfigKeys (ConfUtils.java:logGet(43)) - raft.server.snapshot.auto.trigger.enabled = true (custom)
2019-09-16 22:06:37,834 [pool-27-thread-1] INFO  server.RaftServerConfigKeys (ConfUtils.java:logGet(43)) - raft.server.snapshot.auto.trigger.threshold = 10000 (custom)
2019-09-16 22:06:37,834 [pool-27-thread-1] INFO  server.RaftServerConfigKeys (ConfUtils.java:logGet(43)) - raft.server.snapshot.retention.num.files = -1 (default)
2019-09-16 22:06:37,835 [pool-27-thread-1] INFO  server.RaftServerConfigKeys (ConfUtils.java:logGet(43)) - raft.server.retrycache.expirytime = 600000ms (custom)
2019-09-16 22:06:37,861 [pool-27-thread-1] INFO  impl.RaftServerImpl (RaftServerImpl.java:start(185)) - 74ecbdb6-699d-4c3c-ab90-3d79e72ea4a8@group-B05D6D776A0D: start as a follower, conf=-1: [74ecbdb6-699d-4c3c-ab90-3d79e72ea4a8:192.168.34.35:43623], old=null
2019-09-16 22:06:37,862 [pool-27-thread-1] INFO  impl.RaftServerImpl (RaftServerImpl.java:setRole(174)) - 74ecbdb6-699d-4c3c-ab90-3d79e72ea4a8@group-B05D6D776A0D: changes role from      null to FOLLOWER at term 0 for startAsFollower
2019-09-16 22:06:37,863 [pool-27-thread-1] INFO  impl.RoleInfo (RoleInfo.java:updateAndGet(143)) - 74ecbdb6-699d-4c3c-ab90-3d79e72ea4a8: start FollowerState
2019-09-16 22:06:37,865 [pool-27-thread-1] INFO  util.JmxRegister (JmxRegister.java:tryRegister(44)) - Successfully registered JMX Bean with object name Ratis:service=RaftServer,group=group-B05D6D776A0D,id=74ecbdb6-699d-4c3c-ab90-3d79e72ea4a8
2019-09-16 22:06:37,943 [RatisPipelineUtilsThread] INFO  pipeline.PipelineStateManager (PipelineStateManager.java:addPipeline(56)) - Created pipeline Pipeline[ Id: f8ae28a6-896d-40dc-8aee-b05d6d776a0d, Nodes: 74ecbdb6-699d-4c3c-ab90-3d79e72ea4a8{ip: 192.168.34.35, host: pr-hdds-2120-pf7zr-4137305271, networkLocation: /default-rack, certSerialId: null}, Type:RATIS, Factor:ONE, State:OPEN]
2019-09-16 22:06:37,965 [grpc-default-executor-0] INFO  impl.RaftServerProxy (RaftServerProxy.java:addNew(89)) - 7decb6b1-ba7c-48d8-97ff-6a25276295c4: addNew group-3E2957F6EF99:[7decb6b1-ba7c-48d8-97ff-6a25276295c4:192.168.34.35:43892] returns group-3E2957F6EF99:java.util.concurrent.CompletableFuture@45d1150c[Not completed]
2019-09-16 22:06:38,000 [pool-47-thread-1] INFO  impl.RaftServerImpl (RaftServerImpl.java:<init>(95)) - 7decb6b1-ba7c-48d8-97ff-6a25276295c4: new RaftServerImpl for group-3E2957F6EF99:[7decb6b1-ba7c-48d8-97ff-6a25276295c4:192.168.34.35:43892] with ContainerStateMachine:uninitialized
2019-09-16 22:06:38,002 [pool-47-thread-1] INFO  server.RaftServerConfigKeys (ConfUtils.java:logGet(43)) - raft.server.rpc.timeout.min = 5s (custom)
2019-09-16 22:06:38,002 [pool-47-thread-1] INFO  server.RaftServerConfigKeys (ConfUtils.java:logGet(43)) - raft.server.rpc.timeout.max = 5200ms (custom)
2019-09-16 22:06:38,003 [pool-47-thread-1] INFO  server.RaftServerConfigKeys (ConfUtils.java:logGet(43)) - raft.server.rpcslowness.timeout = 120s (custom)
2019-09-16 22:06:38,003 [pool-47-thread-1] INFO  server.RaftServerConfigKeys (ConfUtils.java:logGet(43)) - raft.server.sleep.deviation.threshold = 300 (default)
2019-09-16 22:06:38,003 [pool-47-thread-1] INFO  server.RaftServerConfigKeys (ConfUtils.java:logGet(43)) - raft.server.log.appender.install.snapshot.enabled = false (custom)
2019-09-16 22:06:38,003 [pool-47-thread-1] INFO  impl.RaftServerImpl (ServerState.java:<init>(103)) - 7decb6b1-ba7c-48d8-97ff-6a25276295c4@group-3E2957F6EF99: ConfigurationManager, init=-1: [7decb6b1-ba7c-48d8-97ff-6a25276295c4:192.168.34.35:43892], old=null, confs=<EMPTY_MAP>
2019-09-16 22:06:38,004 [pool-47-thread-1] INFO  server.RaftServerConfigKeys (ConfUtils.java:logGet(43)) - raft.server.storage.dir = [/workdir/hadoop-ozone/tools/target/test-dir/MiniOzoneClusterImpl-04b7bc9b-f24e-4aba-be31-39bb60c628cf/datanode-2/data/ratis] (custom)
2019-09-16 22:06:38,004 [pool-47-thread-1] INFO  storage.RaftStorageDirectory (RaftStorageDirectory.java:analyzeStorage(246)) - The storage directory /workdir/hadoop-ozone/tools/target/test-dir/MiniOzoneClusterImpl-04b7bc9b-f24e-4aba-be31-39bb60c628cf/datanode-2/data/ratis/13fd7798-1a18-492b-94fc-3e2957f6ef99 does not exist. Creating ...
2019-09-16 22:06:38,018 [pool-47-thread-1] INFO  storage.RaftStorageDirectory (RaftStorageDirectory.java:tryLock(328)) - Lock on /workdir/hadoop-ozone/tools/target/test-dir/MiniOzoneClusterImpl-04b7bc9b-f24e-4aba-be31-39bb60c628cf/datanode-2/data/ratis/13fd7798-1a18-492b-94fc-3e2957f6ef99/in_use.lock acquired by nodename 12866@pr-hdds-2120-pf7zr-4137305271
2019-09-16 22:06:38,031 [pool-47-thread-1] INFO  storage.RaftStorage (RaftStorage.java:format(72)) - Storage directory /workdir/hadoop-ozone/tools/target/test-dir/MiniOzoneClusterImpl-04b7bc9b-f24e-4aba-be31-39bb60c628cf/datanode-2/data/ratis/13fd7798-1a18-492b-94fc-3e2957f6ef99 has been successfully formatted.
2019-09-16 22:06:38,032 [pool-47-thread-1] INFO  ratis.ContainerStateMachine (ContainerStateMachine.java:loadSnapshot(230)) - group-3E2957F6EF99: The snapshot info is null. Setting the last applied indexto:(t:0, i:~)
2019-09-16 22:06:38,034 [pool-47-thread-1] INFO  server.RaftServerConfigKeys (ConfUtils.java:logGet(43)) - raft.server.notification.no-leader.timeout = 120s (custom)
2019-09-16 22:06:38,034 [pool-47-thread-1] INFO  server.RaftServerConfigKeys (ConfUtils.java:logGet(43)) - raft.server.log.use.memory = false (default)
2019-09-16 22:06:38,034 [pool-47-thread-1] INFO  server.RaftServerConfigKeys (ConfUtils.java:logGet(43)) - raft.server.log.purge.gap = 1000000 (custom)
2019-09-16 22:06:38,034 [pool-47-thread-1] INFO  server.RaftServerConfigKeys (ConfUtils.java:logGet(43)) - raft.server.log.appender.buffer.byte-limit = 33554432 (custom)
2019-09-16 22:06:38,035 [pool-47-thread-1] INFO  server.RaftServerConfigKeys (ConfUtils.java:logGet(43)) - raft.server.log.segment.size.max = 1048576 (custom)
2019-09-16 22:06:38,035 [pool-47-thread-1] INFO  server.RaftServerConfigKeys (ConfUtils.java:logGet(43)) - raft.server.log.segment.cache.num.max = 2 (custom)
2019-09-16 22:06:38,035 [pool-47-thread-1] INFO  segmented.SegmentedRaftLogWorker (SegmentedRaftLogWorker.java:<init>(172)) - new 7decb6b1-ba7c-48d8-97ff-6a25276295c4@group-3E2957F6EF99-SegmentedRaftLogWorker for RaftStorage:Storage Directory /workdir/hadoop-ozone/tools/target/test-dir/MiniOzoneClusterImpl-04b7bc9b-f24e-4aba-be31-39bb60c628cf/datanode-2/data/ratis/13fd7798-1a18-492b-94fc-3e2957f6ef99
2019-09-16 22:06:38,045 [pool-47-thread-1] INFO  server.RaftServerConfigKeys (ConfUtils.java:logGet(43)) - raft.server.log.queue.byte-limit = 2147483647 (custom)
2019-09-16 22:06:38,045 [pool-47-thread-1] INFO  server.RaftServerConfigKeys (ConfUtils.java:logGet(43)) - raft.server.log.queue.element-limit = 1024 (custom)
2019-09-16 22:06:38,045 [pool-47-thread-1] INFO  server.RaftServerConfigKeys (ConfUtils.java:logGet(43)) - raft.server.log.segment.size.max = 1048576 (custom)
2019-09-16 22:06:38,046 [pool-47-thread-1] INFO  server.RaftServerConfigKeys (ConfUtils.java:logGet(43)) - raft.server.log.preallocated.size = 16384 (custom)
2019-09-16 22:06:38,046 [pool-47-thread-1] INFO  server.RaftServerConfigKeys (ConfUtils.java:logGet(43)) - raft.server.log.write.buffer.size = 33554432 (custom)
2019-09-16 22:06:38,046 [pool-47-thread-1] INFO  server.RaftServerConfigKeys (ConfUtils.java:logGet(43)) - raft.server.log.force.sync.num = 128 (default)
2019-09-16 22:06:38,047 [pool-47-thread-1] INFO  server.RaftServerConfigKeys (ConfUtils.java:logGet(43)) - raft.server.log.statemachine.data.sync = true (default)
2019-09-16 22:06:38,047 [pool-47-thread-1] INFO  server.RaftServerConfigKeys (ConfUtils.java:logGet(43)) - raft.server.log.statemachine.data.sync.timeout = 10s (default)
2019-09-16 22:06:38,047 [pool-47-thread-1] INFO  server.RaftServerConfigKeys (ConfUtils.java:logGet(43)) - raft.server.log.statemachine.data.sync.timeout.retry = -1 (default)
2019-09-16 22:06:38,048 [pool-47-thread-1] INFO  server.RaftServerConfigKeys (ConfUtils.java:logGet(43)) - raft.server.log.statemachine.data.caching.enabled = true (custom)
2019-09-16 22:06:38,048 [pool-47-thread-1] INFO  segmented.SegmentedRaftLogWorker (SegmentedRaftLogWorker.java:lambda$new$0(132)) - 7decb6b1-ba7c-48d8-97ff-6a25276295c4@group-3E2957F6EF99-SegmentedRaftLogWorker: flushIndex: setUnconditionally 0 -> -1
2019-09-16 22:06:38,049 [pool-47-thread-1] INFO  server.RaftServerConfigKeys (ConfUtils.java:logGet(43)) - raft.server.snapshot.auto.trigger.enabled = true (custom)
2019-09-16 22:06:38,049 [pool-47-thread-1] INFO  server.RaftServerConfigKeys (ConfUtils.java:logGet(43)) - raft.server.snapshot.auto.trigger.threshold = 10000 (custom)
2019-09-16 22:06:38,049 [pool-47-thread-1] INFO  server.RaftServerConfigKeys (ConfUtils.java:logGet(43)) - raft.server.snapshot.retention.num.files = -1 (default)
2019-09-16 22:06:38,050 [pool-47-thread-1] INFO  server.RaftServerConfigKeys (ConfUtils.java:logGet(43)) - raft.server.retrycache.expirytime = 600000ms (custom)
2019-09-16 22:06:38,056 [pool-47-thread-1] INFO  impl.RaftServerImpl (RaftServerImpl.java:start(185)) - 7decb6b1-ba7c-48d8-97ff-6a25276295c4@group-3E2957F6EF99: start as a follower, conf=-1: [7decb6b1-ba7c-48d8-97ff-6a25276295c4:192.168.34.35:43892], old=null
2019-09-16 22:06:38,056 [pool-47-thread-1] INFO  impl.RaftServerImpl (RaftServerImpl.java:setRole(174)) - 7decb6b1-ba7c-48d8-97ff-6a25276295c4@group-3E2957F6EF99: changes role from      null to FOLLOWER at term 0 for startAsFollower
2019-09-16 22:06:38,056 [pool-47-thread-1] INFO  impl.RoleInfo (RoleInfo.java:updateAndGet(143)) - 7decb6b1-ba7c-48d8-97ff-6a25276295c4: start FollowerState
2019-09-16 22:06:38,058 [pool-47-thread-1] INFO  util.JmxRegister (JmxRegister.java:tryRegister(44)) - Successfully registered JMX Bean with object name Ratis:service=RaftServer,group=group-3E2957F6EF99,id=7decb6b1-ba7c-48d8-97ff-6a25276295c4
2019-09-16 22:06:38,071 [RatisPipelineUtilsThread] INFO  pipeline.PipelineStateManager (PipelineStateManager.java:addPipeline(56)) - Created pipeline Pipeline[ Id: 13fd7798-1a18-492b-94fc-3e2957f6ef99, Nodes: 7decb6b1-ba7c-48d8-97ff-6a25276295c4{ip: 192.168.34.35, host: pr-hdds-2120-pf7zr-4137305271, networkLocation: /default-rack, certSerialId: null}, Type:RATIS, Factor:ONE, State:OPEN]
2019-09-16 22:06:38,089 [grpc-default-executor-0] INFO  impl.RaftServerProxy (RaftServerProxy.java:addNew(89)) - a45c6565-035d-4d1b-87c5-293bdc0bfbe6: addNew group-0221FC150F18:[a45c6565-035d-4d1b-87c5-293bdc0bfbe6:192.168.34.35:34083] returns group-0221FC150F18:java.util.concurrent.CompletableFuture@24a289a2[Not completed]
2019-09-16 22:06:38,104 [pool-37-thread-1] INFO  impl.RaftServerImpl (RaftServerImpl.java:<init>(95)) - a45c6565-035d-4d1b-87c5-293bdc0bfbe6: new RaftServerImpl for group-0221FC150F18:[a45c6565-035d-4d1b-87c5-293bdc0bfbe6:192.168.34.35:34083] with ContainerStateMachine:uninitialized
2019-09-16 22:06:38,105 [pool-37-thread-1] INFO  server.RaftServerConfigKeys (ConfUtils.java:logGet(43)) - raft.server.rpc.timeout.min = 5s (custom)
2019-09-16 22:06:38,105 [pool-37-thread-1] INFO  server.RaftServerConfigKeys (ConfUtils.java:logGet(43)) - raft.server.rpc.timeout.max = 5200ms (custom)
2019-09-16 22:06:38,105 [pool-37-thread-1] INFO  server.RaftServerConfigKeys (ConfUtils.java:logGet(43)) - raft.server.rpcslowness.timeout = 120s (custom)
2019-09-16 22:06:38,105 [pool-37-thread-1] INFO  server.RaftServerConfigKeys (ConfUtils.java:logGet(43)) - raft.server.sleep.deviation.threshold = 300 (default)
2019-09-16 22:06:38,106 [pool-37-thread-1] INFO  server.RaftServerConfigKeys (ConfUtils.java:logGet(43)) - raft.server.log.appender.install.snapshot.enabled = false (custom)
2019-09-16 22:06:38,106 [pool-37-thread-1] INFO  impl.RaftServerImpl (ServerState.java:<init>(103)) - a45c6565-035d-4d1b-87c5-293bdc0bfbe6@group-0221FC150F18: ConfigurationManager, init=-1: [a45c6565-035d-4d1b-87c5-293bdc0bfbe6:192.168.34.35:34083], old=null, confs=<EMPTY_MAP>
2019-09-16 22:06:38,106 [pool-37-thread-1] INFO  server.RaftServerConfigKeys (ConfUtils.java:logGet(43)) - raft.server.storage.dir = [/workdir/hadoop-ozone/tools/target/test-dir/MiniOzoneClusterImpl-04b7bc9b-f24e-4aba-be31-39bb60c628cf/datanode-1/data/ratis] (custom)
2019-09-16 22:06:38,106 [pool-37-thread-1] INFO  storage.RaftStorageDirectory (RaftStorageDirectory.java:analyzeStorage(246)) - The storage directory /workdir/hadoop-ozone/tools/target/test-dir/MiniOzoneClusterImpl-04b7bc9b-f24e-4aba-be31-39bb60c628cf/datanode-1/data/ratis/c9c729fa-8fce-493d-95cb-0221fc150f18 does not exist. Creating ...
2019-09-16 22:06:38,119 [pool-37-thread-1] INFO  storage.RaftStorageDirectory (RaftStorageDirectory.java:tryLock(328)) - Lock on /workdir/hadoop-ozone/tools/target/test-dir/MiniOzoneClusterImpl-04b7bc9b-f24e-4aba-be31-39bb60c628cf/datanode-1/data/ratis/c9c729fa-8fce-493d-95cb-0221fc150f18/in_use.lock acquired by nodename 12866@pr-hdds-2120-pf7zr-4137305271
2019-09-16 22:06:38,132 [pool-37-thread-1] INFO  storage.RaftStorage (RaftStorage.java:format(72)) - Storage directory /workdir/hadoop-ozone/tools/target/test-dir/MiniOzoneClusterImpl-04b7bc9b-f24e-4aba-be31-39bb60c628cf/datanode-1/data/ratis/c9c729fa-8fce-493d-95cb-0221fc150f18 has been successfully formatted.
2019-09-16 22:06:38,132 [pool-37-thread-1] INFO  ratis.ContainerStateMachine (ContainerStateMachine.java:loadSnapshot(230)) - group-0221FC150F18: The snapshot info is null. Setting the last applied indexto:(t:0, i:~)
2019-09-16 22:06:38,133 [pool-37-thread-1] INFO  server.RaftServerConfigKeys (ConfUtils.java:logGet(43)) - raft.server.notification.no-leader.timeout = 120s (custom)
2019-09-16 22:06:38,133 [pool-37-thread-1] INFO  server.RaftServerConfigKeys (ConfUtils.java:logGet(43)) - raft.server.log.use.memory = false (default)
2019-09-16 22:06:38,133 [pool-37-thread-1] INFO  server.RaftServerConfigKeys (ConfUtils.java:logGet(43)) - raft.server.log.purge.gap = 1000000 (custom)
2019-09-16 22:06:38,133 [pool-37-thread-1] INFO  server.RaftServerConfigKeys (ConfUtils.java:logGet(43)) - raft.server.log.appender.buffer.byte-limit = 33554432 (custom)
2019-09-16 22:06:38,133 [pool-37-thread-1] INFO  server.RaftServerConfigKeys (ConfUtils.java:logGet(43)) - raft.server.log.segment.size.max = 1048576 (custom)
2019-09-16 22:06:38,133 [pool-37-thread-1] INFO  server.RaftServerConfigKeys (ConfUtils.java:logGet(43)) - raft.server.log.segment.cache.num.max = 2 (custom)
2019-09-16 22:06:38,133 [pool-37-thread-1] INFO  segmented.SegmentedRaftLogWorker (SegmentedRaftLogWorker.java:<init>(172)) - new a45c6565-035d-4d1b-87c5-293bdc0bfbe6@group-0221FC150F18-SegmentedRaftLogWorker for RaftStorage:Storage Directory /workdir/hadoop-ozone/tools/target/test-dir/MiniOzoneClusterImpl-04b7bc9b-f24e-4aba-be31-39bb60c628cf/datanode-1/data/ratis/c9c729fa-8fce-493d-95cb-0221fc150f18
2019-09-16 22:06:38,161 [pool-37-thread-1] INFO  server.RaftServerConfigKeys (ConfUtils.java:logGet(43)) - raft.server.log.queue.byte-limit = 2147483647 (custom)
2019-09-16 22:06:38,161 [pool-37-thread-1] INFO  server.RaftServerConfigKeys (ConfUtils.java:logGet(43)) - raft.server.log.queue.element-limit = 1024 (custom)
2019-09-16 22:06:38,162 [pool-37-thread-1] INFO  server.RaftServerConfigKeys (ConfUtils.java:logGet(43)) - raft.server.log.segment.size.max = 1048576 (custom)
2019-09-16 22:06:38,162 [pool-37-thread-1] INFO  server.RaftServerConfigKeys (ConfUtils.java:logGet(43)) - raft.server.log.preallocated.size = 16384 (custom)
2019-09-16 22:06:38,162 [pool-37-thread-1] INFO  server.RaftServerConfigKeys (ConfUtils.java:logGet(43)) - raft.server.log.write.buffer.size = 33554432 (custom)
2019-09-16 22:06:38,162 [pool-37-thread-1] INFO  server.RaftServerConfigKeys (ConfUtils.java:logGet(43)) - raft.server.log.force.sync.num = 128 (default)
2019-09-16 22:06:38,162 [pool-37-thread-1] INFO  server.RaftServerConfigKeys (ConfUtils.java:logGet(43)) - raft.server.log.statemachine.data.sync = true (default)
2019-09-16 22:06:38,162 [pool-37-thread-1] INFO  server.RaftServerConfigKeys (ConfUtils.java:logGet(43)) - raft.server.log.statemachine.data.sync.timeout = 10s (default)
2019-09-16 22:06:38,165 [pool-37-thread-1] INFO  server.RaftServerConfigKeys (ConfUtils.java:logGet(43)) - raft.server.log.statemachine.data.sync.timeout.retry = -1 (default)
2019-09-16 22:06:38,166 [pool-37-thread-1] INFO  server.RaftServerConfigKeys (ConfUtils.java:logGet(43)) - raft.server.log.statemachine.data.caching.enabled = true (custom)
2019-09-16 22:06:38,167 [pool-37-thread-1] INFO  segmented.SegmentedRaftLogWorker (SegmentedRaftLogWorker.java:lambda$new$0(132)) - a45c6565-035d-4d1b-87c5-293bdc0bfbe6@group-0221FC150F18-SegmentedRaftLogWorker: flushIndex: setUnconditionally 0 -> -1
2019-09-16 22:06:38,167 [pool-37-thread-1] INFO  server.RaftServerConfigKeys (ConfUtils.java:logGet(43)) - raft.server.snapshot.auto.trigger.enabled = true (custom)
2019-09-16 22:06:38,167 [pool-37-thread-1] INFO  server.RaftServerConfigKeys (ConfUtils.java:logGet(43)) - raft.server.snapshot.auto.trigger.threshold = 10000 (custom)
2019-09-16 22:06:38,167 [pool-37-thread-1] INFO  server.RaftServerConfigKeys (ConfUtils.java:logGet(43)) - raft.server.snapshot.retention.num.files = -1 (default)
2019-09-16 22:06:38,168 [pool-37-thread-1] INFO  server.RaftServerConfigKeys (ConfUtils.java:logGet(43)) - raft.server.retrycache.expirytime = 600000ms (custom)
2019-09-16 22:06:38,172 [pool-37-thread-1] INFO  impl.RaftServerImpl (RaftServerImpl.java:start(185)) - a45c6565-035d-4d1b-87c5-293bdc0bfbe6@group-0221FC150F18: start as a follower, conf=-1: [a45c6565-035d-4d1b-87c5-293bdc0bfbe6:192.168.34.35:34083], old=null
2019-09-16 22:06:38,172 [pool-37-thread-1] INFO  impl.RaftServerImpl (RaftServerImpl.java:setRole(174)) - a45c6565-035d-4d1b-87c5-293bdc0bfbe6@group-0221FC150F18: changes role from      null to FOLLOWER at term 0 for startAsFollower
2019-09-16 22:06:38,172 [pool-37-thread-1] INFO  impl.RoleInfo (RoleInfo.java:updateAndGet(143)) - a45c6565-035d-4d1b-87c5-293bdc0bfbe6: start FollowerState
2019-09-16 22:06:38,173 [pool-37-thread-1] INFO  util.JmxRegister (JmxRegister.java:tryRegister(44)) - Successfully registered JMX Bean with object name Ratis:service=RaftServer,group=group-0221FC150F18,id=a45c6565-035d-4d1b-87c5-293bdc0bfbe6
2019-09-16 22:06:38,183 [RatisPipelineUtilsThread] INFO  pipeline.PipelineStateManager (PipelineStateManager.java:addPipeline(56)) - Created pipeline Pipeline[ Id: c9c729fa-8fce-493d-95cb-0221fc150f18, Nodes: a45c6565-035d-4d1b-87c5-293bdc0bfbe6{ip: 192.168.34.35, host: pr-hdds-2120-pf7zr-4137305271, networkLocation: /default-rack, certSerialId: null}, Type:RATIS, Factor:ONE, State:OPEN]
2019-09-16 22:06:38,217 [grpc-default-executor-1] INFO  impl.RaftServerProxy (RaftServerProxy.java:addNew(89)) - 74ecbdb6-699d-4c3c-ab90-3d79e72ea4a8: addNew group-E72450CA2CED:[74ecbdb6-699d-4c3c-ab90-3d79e72ea4a8:192.168.34.35:43623, 7decb6b1-ba7c-48d8-97ff-6a25276295c4:192.168.34.35:43892, a45c6565-035d-4d1b-87c5-293bdc0bfbe6:192.168.34.35:34083] returns group-E72450CA2CED:java.util.concurrent.CompletableFuture@4c8e3bb9[Not completed]
2019-09-16 22:06:38,220 [grpc-default-executor-2] INFO  impl.RaftServerProxy (RaftServerProxy.java:addNew(89)) - a45c6565-035d-4d1b-87c5-293bdc0bfbe6: addNew group-E72450CA2CED:[74ecbdb6-699d-4c3c-ab90-3d79e72ea4a8:192.168.34.35:43623, 7decb6b1-ba7c-48d8-97ff-6a25276295c4:192.168.34.35:43892, a45c6565-035d-4d1b-87c5-293bdc0bfbe6:192.168.34.35:34083] returns group-E72450CA2CED:java.util.concurrent.CompletableFuture@141a5a53[Not completed]
2019-09-16 22:06:38,222 [grpc-default-executor-2] INFO  impl.RaftServerProxy (RaftServerProxy.java:addNew(89)) - 7decb6b1-ba7c-48d8-97ff-6a25276295c4: addNew group-E72450CA2CED:[74ecbdb6-699d-4c3c-ab90-3d79e72ea4a8:192.168.34.35:43623, 7decb6b1-ba7c-48d8-97ff-6a25276295c4:192.168.34.35:43892, a45c6565-035d-4d1b-87c5-293bdc0bfbe6:192.168.34.35:34083] returns group-E72450CA2CED:java.util.concurrent.CompletableFuture@5e7c9e9d[Not completed]
2019-09-16 22:06:38,222 [pool-27-thread-1] INFO  impl.RaftServerImpl (RaftServerImpl.java:<init>(95)) - 74ecbdb6-699d-4c3c-ab90-3d79e72ea4a8: new RaftServerImpl for group-E72450CA2CED:[74ecbdb6-699d-4c3c-ab90-3d79e72ea4a8:192.168.34.35:43623, 7decb6b1-ba7c-48d8-97ff-6a25276295c4:192.168.34.35:43892, a45c6565-035d-4d1b-87c5-293bdc0bfbe6:192.168.34.35:34083] with ContainerStateMachine:uninitialized
2019-09-16 22:06:38,222 [pool-27-thread-1] INFO  server.RaftServerConfigKeys (ConfUtils.java:logGet(43)) - raft.server.rpc.timeout.min = 5s (custom)
2019-09-16 22:06:38,222 [pool-27-thread-1] INFO  server.RaftServerConfigKeys (ConfUtils.java:logGet(43)) - raft.server.rpc.timeout.max = 5200ms (custom)
2019-09-16 22:06:38,222 [pool-27-thread-1] INFO  server.RaftServerConfigKeys (ConfUtils.java:logGet(43)) - raft.server.rpcslowness.timeout = 120s (custom)
2019-09-16 22:06:38,222 [pool-27-thread-1] INFO  server.RaftServerConfigKeys (ConfUtils.java:logGet(43)) - raft.server.sleep.deviation.threshold = 300 (default)
2019-09-16 22:06:38,223 [pool-27-thread-1] INFO  server.RaftServerConfigKeys (ConfUtils.java:logGet(43)) - raft.server.log.appender.install.snapshot.enabled = false (custom)
2019-09-16 22:06:38,223 [pool-37-thread-1] INFO  impl.RaftServerImpl (RaftServerImpl.java:<init>(95)) - a45c6565-035d-4d1b-87c5-293bdc0bfbe6: new RaftServerImpl for group-E72450CA2CED:[74ecbdb6-699d-4c3c-ab90-3d79e72ea4a8:192.168.34.35:43623, 7decb6b1-ba7c-48d8-97ff-6a25276295c4:192.168.34.35:43892, a45c6565-035d-4d1b-87c5-293bdc0bfbe6:192.168.34.35:34083] with ContainerStateMachine:uninitialized
2019-09-16 22:06:38,223 [pool-27-thread-1] INFO  impl.RaftServerImpl (ServerState.java:<init>(103)) - 74ecbdb6-699d-4c3c-ab90-3d79e72ea4a8@group-E72450CA2CED: ConfigurationManager, init=-1: [74ecbdb6-699d-4c3c-ab90-3d79e72ea4a8:192.168.34.35:43623, 7decb6b1-ba7c-48d8-97ff-6a25276295c4:192.168.34.35:43892, a45c6565-035d-4d1b-87c5-293bdc0bfbe6:192.168.34.35:34083], old=null, confs=<EMPTY_MAP>
2019-09-16 22:06:38,223 [pool-37-thread-1] INFO  server.RaftServerConfigKeys (ConfUtils.java:logGet(43)) - raft.server.rpc.timeout.min = 5s (custom)
2019-09-16 22:06:38,223 [pool-27-thread-1] INFO  server.RaftServerConfigKeys (ConfUtils.java:logGet(43)) - raft.server.storage.dir = [/workdir/hadoop-ozone/tools/target/test-dir/MiniOzoneClusterImpl-04b7bc9b-f24e-4aba-be31-39bb60c628cf/datanode-0/data/ratis] (custom)
2019-09-16 22:06:38,223 [pool-37-thread-1] INFO  server.RaftServerConfigKeys (ConfUtils.java:logGet(43)) - raft.server.rpc.timeout.max = 5200ms (custom)
2019-09-16 22:06:38,223 [pool-37-thread-1] INFO  server.RaftServerConfigKeys (ConfUtils.java:logGet(43)) - raft.server.rpcslowness.timeout = 120s (custom)
2019-09-16 22:06:38,223 [pool-27-thread-1] INFO  storage.RaftStorageDirectory (RaftStorageDirectory.java:analyzeStorage(246)) - The storage directory /workdir/hadoop-ozone/tools/target/test-dir/MiniOzoneClusterImpl-04b7bc9b-f24e-4aba-be31-39bb60c628cf/datanode-0/data/ratis/b13ef001-8a94-452d-a6a3-e72450ca2ced does not exist. Creating ...
2019-09-16 22:06:38,223 [pool-37-thread-1] INFO  server.RaftServerConfigKeys (ConfUtils.java:logGet(43)) - raft.server.sleep.deviation.threshold = 300 (default)
2019-09-16 22:06:38,224 [pool-47-thread-1] INFO  impl.RaftServerImpl (RaftServerImpl.java:<init>(95)) - 7decb6b1-ba7c-48d8-97ff-6a25276295c4: new RaftServerImpl for group-E72450CA2CED:[74ecbdb6-699d-4c3c-ab90-3d79e72ea4a8:192.168.34.35:43623, 7decb6b1-ba7c-48d8-97ff-6a25276295c4:192.168.34.35:43892, a45c6565-035d-4d1b-87c5-293bdc0bfbe6:192.168.34.35:34083] with ContainerStateMachine:uninitialized
2019-09-16 22:06:38,224 [pool-37-thread-1] INFO  server.RaftServerConfigKeys (ConfUtils.java:logGet(43)) - raft.server.log.appender.install.snapshot.enabled = false (custom)
2019-09-16 22:06:38,224 [pool-47-thread-1] INFO  server.RaftServerConfigKeys (ConfUtils.java:logGet(43)) - raft.server.rpc.timeout.min = 5s (custom)
2019-09-16 22:06:38,224 [pool-37-thread-1] INFO  impl.RaftServerImpl (ServerState.java:<init>(103)) - a45c6565-035d-4d1b-87c5-293bdc0bfbe6@group-E72450CA2CED: ConfigurationManager, init=-1: [74ecbdb6-699d-4c3c-ab90-3d79e72ea4a8:192.168.34.35:43623, 7decb6b1-ba7c-48d8-97ff-6a25276295c4:192.168.34.35:43892, a45c6565-035d-4d1b-87c5-293bdc0bfbe6:192.168.34.35:34083], old=null, confs=<EMPTY_MAP>
2019-09-16 22:06:38,224 [pool-47-thread-1] INFO  server.RaftServerConfigKeys (ConfUtils.java:logGet(43)) - raft.server.rpc.timeout.max = 5200ms (custom)
2019-09-16 22:06:38,224 [pool-37-thread-1] INFO  server.RaftServerConfigKeys (ConfUtils.java:logGet(43)) - raft.server.storage.dir = [/workdir/hadoop-ozone/tools/target/test-dir/MiniOzoneClusterImpl-04b7bc9b-f24e-4aba-be31-39bb60c628cf/datanode-1/data/ratis] (custom)
2019-09-16 22:06:38,225 [pool-47-thread-1] INFO  server.RaftServerConfigKeys (ConfUtils.java:logGet(43)) - raft.server.rpcslowness.timeout = 120s (custom)
2019-09-16 22:06:38,225 [pool-47-thread-1] INFO  server.RaftServerConfigKeys (ConfUtils.java:logGet(43)) - raft.server.sleep.deviation.threshold = 300 (default)
2019-09-16 22:06:38,225 [pool-37-thread-1] INFO  storage.RaftStorageDirectory (RaftStorageDirectory.java:analyzeStorage(246)) - The storage directory /workdir/hadoop-ozone/tools/target/test-dir/MiniOzoneClusterImpl-04b7bc9b-f24e-4aba-be31-39bb60c628cf/datanode-1/data/ratis/b13ef001-8a94-452d-a6a3-e72450ca2ced does not exist. Creating ...
2019-09-16 22:06:38,225 [pool-47-thread-1] INFO  server.RaftServerConfigKeys (ConfUtils.java:logGet(43)) - raft.server.log.appender.install.snapshot.enabled = false (custom)
2019-09-16 22:06:38,225 [pool-47-thread-1] INFO  impl.RaftServerImpl (ServerState.java:<init>(103)) - 7decb6b1-ba7c-48d8-97ff-6a25276295c4@group-E72450CA2CED: ConfigurationManager, init=-1: [74ecbdb6-699d-4c3c-ab90-3d79e72ea4a8:192.168.34.35:43623, 7decb6b1-ba7c-48d8-97ff-6a25276295c4:192.168.34.35:43892, a45c6565-035d-4d1b-87c5-293bdc0bfbe6:192.168.34.35:34083], old=null, confs=<EMPTY_MAP>
2019-09-16 22:06:38,225 [pool-47-thread-1] INFO  server.RaftServerConfigKeys (ConfUtils.java:logGet(43)) - raft.server.storage.dir = [/workdir/hadoop-ozone/tools/target/test-dir/MiniOzoneClusterImpl-04b7bc9b-f24e-4aba-be31-39bb60c628cf/datanode-2/data/ratis] (custom)
2019-09-16 22:06:38,226 [pool-47-thread-1] INFO  storage.RaftStorageDirectory (RaftStorageDirectory.java:analyzeStorage(246)) - The storage directory /workdir/hadoop-ozone/tools/target/test-dir/MiniOzoneClusterImpl-04b7bc9b-f24e-4aba-be31-39bb60c628cf/datanode-2/data/ratis/b13ef001-8a94-452d-a6a3-e72450ca2ced does not exist. Creating ...
2019-09-16 22:06:38,236 [pool-47-thread-1] INFO  storage.RaftStorageDirectory (RaftStorageDirectory.java:tryLock(328)) - Lock on /workdir/hadoop-ozone/tools/target/test-dir/MiniOzoneClusterImpl-04b7bc9b-f24e-4aba-be31-39bb60c628cf/datanode-2/data/ratis/b13ef001-8a94-452d-a6a3-e72450ca2ced/in_use.lock acquired by nodename 12866@pr-hdds-2120-pf7zr-4137305271
2019-09-16 22:06:38,236 [pool-27-thread-1] INFO  storage.RaftStorageDirectory (RaftStorageDirectory.java:tryLock(328)) - Lock on /workdir/hadoop-ozone/tools/target/test-dir/MiniOzoneClusterImpl-04b7bc9b-f24e-4aba-be31-39bb60c628cf/datanode-0/data/ratis/b13ef001-8a94-452d-a6a3-e72450ca2ced/in_use.lock acquired by nodename 12866@pr-hdds-2120-pf7zr-4137305271
2019-09-16 22:06:38,236 [pool-37-thread-1] INFO  storage.RaftStorageDirectory (RaftStorageDirectory.java:tryLock(328)) - Lock on /workdir/hadoop-ozone/tools/target/test-dir/MiniOzoneClusterImpl-04b7bc9b-f24e-4aba-be31-39bb60c628cf/datanode-1/data/ratis/b13ef001-8a94-452d-a6a3-e72450ca2ced/in_use.lock acquired by nodename 12866@pr-hdds-2120-pf7zr-4137305271
2019-09-16 22:06:38,250 [pool-37-thread-1] INFO  storage.RaftStorage (RaftStorage.java:format(72)) - Storage directory /workdir/hadoop-ozone/tools/target/test-dir/MiniOzoneClusterImpl-04b7bc9b-f24e-4aba-be31-39bb60c628cf/datanode-1/data/ratis/b13ef001-8a94-452d-a6a3-e72450ca2ced has been successfully formatted.
2019-09-16 22:06:38,250 [pool-47-thread-1] INFO  storage.RaftStorage (RaftStorage.java:format(72)) - Storage directory /workdir/hadoop-ozone/tools/target/test-dir/MiniOzoneClusterImpl-04b7bc9b-f24e-4aba-be31-39bb60c628cf/datanode-2/data/ratis/b13ef001-8a94-452d-a6a3-e72450ca2ced has been successfully formatted.
2019-09-16 22:06:38,250 [pool-27-thread-1] INFO  storage.RaftStorage (RaftStorage.java:format(72)) - Storage directory /workdir/hadoop-ozone/tools/target/test-dir/MiniOzoneClusterImpl-04b7bc9b-f24e-4aba-be31-39bb60c628cf/datanode-0/data/ratis/b13ef001-8a94-452d-a6a3-e72450ca2ced has been successfully formatted.
2019-09-16 22:06:38,250 [pool-37-thread-1] INFO  ratis.ContainerStateMachine (ContainerStateMachine.java:loadSnapshot(230)) - group-E72450CA2CED: The snapshot info is null. Setting the last applied indexto:(t:0, i:~)
2019-09-16 22:06:38,251 [pool-47-thread-1] INFO  ratis.ContainerStateMachine (ContainerStateMachine.java:loadSnapshot(230)) - group-E72450CA2CED: The snapshot info is null. Setting the last applied indexto:(t:0, i:~)
2019-09-16 22:06:38,251 [pool-27-thread-1] INFO  ratis.ContainerStateMachine (ContainerStateMachine.java:loadSnapshot(230)) - group-E72450CA2CED: The snapshot info is null. Setting the last applied indexto:(t:0, i:~)
2019-09-16 22:06:38,251 [pool-37-thread-1] INFO  server.RaftServerConfigKeys (ConfUtils.java:logGet(43)) - raft.server.notification.no-leader.timeout = 120s (custom)
2019-09-16 22:06:38,251 [pool-27-thread-1] INFO  server.RaftServerConfigKeys (ConfUtils.java:logGet(43)) - raft.server.notification.no-leader.timeout = 120s (custom)
2019-09-16 22:06:38,251 [pool-47-thread-1] INFO  server.RaftServerConfigKeys (ConfUtils.java:logGet(43)) - raft.server.notification.no-leader.timeout = 120s (custom)
2019-09-16 22:06:38,251 [pool-27-thread-1] INFO  server.RaftServerConfigKeys (ConfUtils.java:logGet(43)) - raft.server.log.use.memory = false (default)
2019-09-16 22:06:38,251 [pool-37-thread-1] INFO  server.RaftServerConfigKeys (ConfUtils.java:logGet(43)) - raft.server.log.use.memory = false (default)
2019-09-16 22:06:38,252 [pool-27-thread-1] INFO  server.RaftServerConfigKeys (ConfUtils.java:logGet(43)) - raft.server.log.purge.gap = 1000000 (custom)
2019-09-16 22:06:38,251 [pool-47-thread-1] INFO  server.RaftServerConfigKeys (ConfUtils.java:logGet(43)) - raft.server.log.use.memory = false (default)
2019-09-16 22:06:38,252 [pool-27-thread-1] INFO  server.RaftServerConfigKeys (ConfUtils.java:logGet(43)) - raft.server.log.appender.buffer.byte-limit = 33554432 (custom)
2019-09-16 22:06:38,252 [pool-37-thread-1] INFO  server.RaftServerConfigKeys (ConfUtils.java:logGet(43)) - raft.server.log.purge.gap = 1000000 (custom)
2019-09-16 22:06:38,252 [pool-27-thread-1] INFO  server.RaftServerConfigKeys (ConfUtils.java:logGet(43)) - raft.server.log.segment.size.max = 1048576 (custom)
2019-09-16 22:06:38,252 [pool-47-thread-1] INFO  server.RaftServerConfigKeys (ConfUtils.java:logGet(43)) - raft.server.log.purge.gap = 1000000 (custom)
2019-09-16 22:06:38,253 [pool-27-thread-1] INFO  server.RaftServerConfigKeys (ConfUtils.java:logGet(43)) - raft.server.log.segment.cache.num.max = 2 (custom)
2019-09-16 22:06:38,252 [pool-37-thread-1] INFO  server.RaftServerConfigKeys (ConfUtils.java:logGet(43)) - raft.server.log.appender.buffer.byte-limit = 33554432 (custom)
2019-09-16 22:06:38,253 [pool-27-thread-1] INFO  segmented.SegmentedRaftLogWorker (SegmentedRaftLogWorker.java:<init>(172)) - new 74ecbdb6-699d-4c3c-ab90-3d79e72ea4a8@group-E72450CA2CED-SegmentedRaftLogWorker for RaftStorage:Storage Directory /workdir/hadoop-ozone/tools/target/test-dir/MiniOzoneClusterImpl-04b7bc9b-f24e-4aba-be31-39bb60c628cf/datanode-0/data/ratis/b13ef001-8a94-452d-a6a3-e72450ca2ced
2019-09-16 22:06:38,253 [pool-47-thread-1] INFO  server.RaftServerConfigKeys (ConfUtils.java:logGet(43)) - raft.server.log.appender.buffer.byte-limit = 33554432 (custom)
2019-09-16 22:06:38,253 [pool-27-thread-1] INFO  server.RaftServerConfigKeys (ConfUtils.java:logGet(43)) - raft.server.log.queue.byte-limit = 2147483647 (custom)
2019-09-16 22:06:38,253 [pool-37-thread-1] INFO  server.RaftServerConfigKeys (ConfUtils.java:logGet(43)) - raft.server.log.segment.size.max = 1048576 (custom)
2019-09-16 22:06:38,254 [pool-27-thread-1] INFO  server.RaftServerConfigKeys (ConfUtils.java:logGet(43)) - raft.server.log.queue.element-limit = 1024 (custom)
2019-09-16 22:06:38,253 [pool-47-thread-1] INFO  server.RaftServerConfigKeys (ConfUtils.java:logGet(43)) - raft.server.log.segment.size.max = 1048576 (custom)
2019-09-16 22:06:38,254 [pool-27-thread-1] INFO  server.RaftServerConfigKeys (ConfUtils.java:logGet(43)) - raft.server.log.segment.size.max = 1048576 (custom)
2019-09-16 22:06:38,254 [pool-37-thread-1] INFO  server.RaftServerConfigKeys (ConfUtils.java:logGet(43)) - raft.server.log.segment.cache.num.max = 2 (custom)
2019-09-16 22:06:38,254 [pool-27-thread-1] INFO  server.RaftServerConfigKeys (ConfUtils.java:logGet(43)) - raft.server.log.preallocated.size = 16384 (custom)
2019-09-16 22:06:38,254 [pool-47-thread-1] INFO  server.RaftServerConfigKeys (ConfUtils.java:logGet(43)) - raft.server.log.segment.cache.num.max = 2 (custom)
2019-09-16 22:06:38,255 [pool-27-thread-1] INFO  server.RaftServerConfigKeys (ConfUtils.java:logGet(43)) - raft.server.log.write.buffer.size = 33554432 (custom)
2019-09-16 22:06:38,254 [pool-37-thread-1] INFO  segmented.SegmentedRaftLogWorker (SegmentedRaftLogWorker.java:<init>(172)) - new a45c6565-035d-4d1b-87c5-293bdc0bfbe6@group-E72450CA2CED-SegmentedRaftLogWorker for RaftStorage:Storage Directory /workdir/hadoop-ozone/tools/target/test-dir/MiniOzoneClusterImpl-04b7bc9b-f24e-4aba-be31-39bb60c628cf/datanode-1/data/ratis/b13ef001-8a94-452d-a6a3-e72450ca2ced
2019-09-16 22:06:38,255 [pool-27-thread-1] INFO  server.RaftServerConfigKeys (ConfUtils.java:logGet(43)) - raft.server.log.force.sync.num = 128 (default)
2019-09-16 22:06:38,255 [pool-47-thread-1] INFO  segmented.SegmentedRaftLogWorker (SegmentedRaftLogWorker.java:<init>(172)) - new 7decb6b1-ba7c-48d8-97ff-6a25276295c4@group-E72450CA2CED-SegmentedRaftLogWorker for RaftStorage:Storage Directory /workdir/hadoop-ozone/tools/target/test-dir/MiniOzoneClusterImpl-04b7bc9b-f24e-4aba-be31-39bb60c628cf/datanode-2/data/ratis/b13ef001-8a94-452d-a6a3-e72450ca2ced
2019-09-16 22:06:38,255 [pool-27-thread-1] INFO  server.RaftServerConfigKeys (ConfUtils.java:logGet(43)) - raft.server.log.statemachine.data.sync = true (default)
2019-09-16 22:06:38,255 [pool-37-thread-1] INFO  server.RaftServerConfigKeys (ConfUtils.java:logGet(43)) - raft.server.log.queue.byte-limit = 2147483647 (custom)
2019-09-16 22:06:38,255 [pool-47-thread-1] INFO  server.RaftServerConfigKeys (ConfUtils.java:logGet(43)) - raft.server.log.queue.byte-limit = 2147483647 (custom)
2019-09-16 22:06:38,256 [pool-37-thread-1] INFO  server.RaftServerConfigKeys (ConfUtils.java:logGet(43)) - raft.server.log.queue.element-limit = 1024 (custom)
2019-09-16 22:06:38,256 [pool-27-thread-1] INFO  server.RaftServerConfigKeys (ConfUtils.java:logGet(43)) - raft.server.log.statemachine.data.sync.timeout = 10s (default)
2019-09-16 22:06:38,256 [pool-37-thread-1] INFO  server.RaftServerConfigKeys (ConfUtils.java:logGet(43)) - raft.server.log.segment.size.max = 1048576 (custom)
2019-09-16 22:06:38,256 [pool-47-thread-1] INFO  server.RaftServerConfigKeys (ConfUtils.java:logGet(43)) - raft.server.log.queue.element-limit = 1024 (custom)
2019-09-16 22:06:38,256 [pool-37-thread-1] INFO  server.RaftServerConfigKeys (ConfUtils.java:logGet(43)) - raft.server.log.preallocated.size = 16384 (custom)
2019-09-16 22:06:38,256 [pool-27-thread-1] INFO  server.RaftServerConfigKeys (ConfUtils.java:logGet(43)) - raft.server.log.statemachine.data.sync.timeout.retry = -1 (default)
2019-09-16 22:06:38,257 [pool-37-thread-1] INFO  server.RaftServerConfigKeys (ConfUtils.java:logGet(43)) - raft.server.log.write.buffer.size = 33554432 (custom)
2019-09-16 22:06:38,257 [pool-47-thread-1] INFO  server.RaftServerConfigKeys (ConfUtils.java:logGet(43)) - raft.server.log.segment.size.max = 1048576 (custom)
2019-09-16 22:06:38,257 [pool-37-thread-1] INFO  server.RaftServerConfigKeys (ConfUtils.java:logGet(43)) - raft.server.log.force.sync.num = 128 (default)
2019-09-16 22:06:38,257 [pool-27-thread-1] INFO  server.RaftServerConfigKeys (ConfUtils.java:logGet(43)) - raft.server.log.statemachine.data.caching.enabled = true (custom)
2019-09-16 22:06:38,257 [pool-37-thread-1] INFO  server.RaftServerConfigKeys (ConfUtils.java:logGet(43)) - raft.server.log.statemachine.data.sync = true (default)
2019-09-16 22:06:38,257 [pool-47-thread-1] INFO  server.RaftServerConfigKeys (ConfUtils.java:logGet(43)) - raft.server.log.preallocated.size = 16384 (custom)
2019-09-16 22:06:38,258 [pool-37-thread-1] INFO  server.RaftServerConfigKeys (ConfUtils.java:logGet(43)) - raft.server.log.statemachine.data.sync.timeout = 10s (default)
2019-09-16 22:06:38,258 [pool-47-thread-1] INFO  server.RaftServerConfigKeys (ConfUtils.java:logGet(43)) - raft.server.log.write.buffer.size = 33554432 (custom)
2019-09-16 22:06:38,258 [pool-27-thread-1] INFO  segmented.SegmentedRaftLogWorker (SegmentedRaftLogWorker.java:lambda$new$0(132)) - 74ecbdb6-699d-4c3c-ab90-3d79e72ea4a8@group-E72450CA2CED-SegmentedRaftLogWorker: flushIndex: setUnconditionally 0 -> -1
2019-09-16 22:06:38,258 [pool-47-thread-1] INFO  server.RaftServerConfigKeys (ConfUtils.java:logGet(43)) - raft.server.log.force.sync.num = 128 (default)
2019-09-16 22:06:38,258 [pool-37-thread-1] INFO  server.RaftServerConfigKeys (ConfUtils.java:logGet(43)) - raft.server.log.statemachine.data.sync.timeout.retry = -1 (default)
2019-09-16 22:06:38,259 [pool-27-thread-1] INFO  server.RaftServerConfigKeys (ConfUtils.java:logGet(43)) - raft.server.snapshot.auto.trigger.enabled = true (custom)
2019-09-16 22:06:38,259 [pool-47-thread-1] INFO  server.RaftServerConfigKeys (ConfUtils.java:logGet(43)) - raft.server.log.statemachine.data.sync = true (default)
2019-09-16 22:06:38,259 [pool-27-thread-1] INFO  server.RaftServerConfigKeys (ConfUtils.java:logGet(43)) - raft.server.snapshot.auto.trigger.threshold = 10000 (custom)
2019-09-16 22:06:38,259 [pool-37-thread-1] INFO  server.RaftServerConfigKeys (ConfUtils.java:logGet(43)) - raft.server.log.statemachine.data.caching.enabled = true (custom)
2019-09-16 22:06:38,259 [pool-27-thread-1] INFO  server.RaftServerConfigKeys (ConfUtils.java:logGet(43)) - raft.server.snapshot.retention.num.files = -1 (default)
2019-09-16 22:06:38,259 [pool-47-thread-1] INFO  server.RaftServerConfigKeys (ConfUtils.java:logGet(43)) - raft.server.log.statemachine.data.sync.timeout = 10s (default)
2019-09-16 22:06:38,260 [pool-27-thread-1] INFO  server.RaftServerConfigKeys (ConfUtils.java:logGet(43)) - raft.server.retrycache.expirytime = 600000ms (custom)
2019-09-16 22:06:38,260 [pool-37-thread-1] INFO  segmented.SegmentedRaftLogWorker (SegmentedRaftLogWorker.java:lambda$new$0(132)) - a45c6565-035d-4d1b-87c5-293bdc0bfbe6@group-E72450CA2CED-SegmentedRaftLogWorker: flushIndex: setUnconditionally 0 -> -1
2019-09-16 22:06:38,260 [pool-47-thread-1] INFO  server.RaftServerConfigKeys (ConfUtils.java:logGet(43)) - raft.server.log.statemachine.data.sync.timeout.retry = -1 (default)
2019-09-16 22:06:38,260 [pool-37-thread-1] INFO  server.RaftServerConfigKeys (ConfUtils.java:logGet(43)) - raft.server.snapshot.auto.trigger.enabled = true (custom)
2019-09-16 22:06:38,260 [pool-47-thread-1] INFO  server.RaftServerConfigKeys (ConfUtils.java:logGet(43)) - raft.server.log.statemachine.data.caching.enabled = true (custom)
2019-09-16 22:06:38,260 [pool-37-thread-1] INFO  server.RaftServerConfigKeys (ConfUtils.java:logGet(43)) - raft.server.snapshot.auto.trigger.threshold = 10000 (custom)
2019-09-16 22:06:38,261 [pool-37-thread-1] INFO  server.RaftServerConfigKeys (ConfUtils.java:logGet(43)) - raft.server.snapshot.retention.num.files = -1 (default)
2019-09-16 22:06:38,261 [pool-47-thread-1] INFO  segmented.SegmentedRaftLogWorker (SegmentedRaftLogWorker.java:lambda$new$0(132)) - 7decb6b1-ba7c-48d8-97ff-6a25276295c4@group-E72450CA2CED-SegmentedRaftLogWorker: flushIndex: setUnconditionally 0 -> -1
2019-09-16 22:06:38,261 [pool-37-thread-1] INFO  server.RaftServerConfigKeys (ConfUtils.java:logGet(43)) - raft.server.retrycache.expirytime = 600000ms (custom)
2019-09-16 22:06:38,261 [pool-47-thread-1] INFO  server.RaftServerConfigKeys (ConfUtils.java:logGet(43)) - raft.server.snapshot.auto.trigger.enabled = true (custom)
2019-09-16 22:06:38,261 [pool-47-thread-1] INFO  server.RaftServerConfigKeys (ConfUtils.java:logGet(43)) - raft.server.snapshot.auto.trigger.threshold = 10000 (custom)
2019-09-16 22:06:38,262 [pool-47-thread-1] INFO  server.RaftServerConfigKeys (ConfUtils.java:logGet(43)) - raft.server.snapshot.retention.num.files = -1 (default)
2019-09-16 22:06:38,262 [pool-47-thread-1] INFO  server.RaftServerConfigKeys (ConfUtils.java:logGet(43)) - raft.server.retrycache.expirytime = 600000ms (custom)
2019-09-16 22:06:38,267 [pool-27-thread-1] INFO  impl.RaftServerImpl (RaftServerImpl.java:start(185)) - 74ecbdb6-699d-4c3c-ab90-3d79e72ea4a8@group-E72450CA2CED: start as a follower, conf=-1: [74ecbdb6-699d-4c3c-ab90-3d79e72ea4a8:192.168.34.35:43623, 7decb6b1-ba7c-48d8-97ff-6a25276295c4:192.168.34.35:43892, a45c6565-035d-4d1b-87c5-293bdc0bfbe6:192.168.34.35:34083], old=null
2019-09-16 22:06:38,267 [pool-27-thread-1] INFO  impl.RaftServerImpl (RaftServerImpl.java:setRole(174)) - 74ecbdb6-699d-4c3c-ab90-3d79e72ea4a8@group-E72450CA2CED: changes role from      null to FOLLOWER at term 0 for startAsFollower
2019-09-16 22:06:38,267 [pool-27-thread-1] INFO  impl.RoleInfo (RoleInfo.java:updateAndGet(143)) - 74ecbdb6-699d-4c3c-ab90-3d79e72ea4a8: start FollowerState
2019-09-16 22:06:38,267 [pool-37-thread-1] INFO  impl.RaftServerImpl (RaftServerImpl.java:start(185)) - a45c6565-035d-4d1b-87c5-293bdc0bfbe6@group-E72450CA2CED: start as a follower, conf=-1: [74ecbdb6-699d-4c3c-ab90-3d79e72ea4a8:192.168.34.35:43623, 7decb6b1-ba7c-48d8-97ff-6a25276295c4:192.168.34.35:43892, a45c6565-035d-4d1b-87c5-293bdc0bfbe6:192.168.34.35:34083], old=null
2019-09-16 22:06:38,267 [pool-37-thread-1] INFO  impl.RaftServerImpl (RaftServerImpl.java:setRole(174)) - a45c6565-035d-4d1b-87c5-293bdc0bfbe6@group-E72450CA2CED: changes role from      null to FOLLOWER at term 0 for startAsFollower
2019-09-16 22:06:38,268 [pool-27-thread-1] INFO  util.JmxRegister (JmxRegister.java:tryRegister(44)) - Successfully registered JMX Bean with object name Ratis:service=RaftServer,group=group-E72450CA2CED,id=74ecbdb6-699d-4c3c-ab90-3d79e72ea4a8
2019-09-16 22:06:38,268 [pool-37-thread-1] INFO  impl.RoleInfo (RoleInfo.java:updateAndGet(143)) - a45c6565-035d-4d1b-87c5-293bdc0bfbe6: start FollowerState
2019-09-16 22:06:38,268 [pool-47-thread-1] INFO  impl.RaftServerImpl (RaftServerImpl.java:start(185)) - 7decb6b1-ba7c-48d8-97ff-6a25276295c4@group-E72450CA2CED: start as a follower, conf=-1: [74ecbdb6-699d-4c3c-ab90-3d79e72ea4a8:192.168.34.35:43623, 7decb6b1-ba7c-48d8-97ff-6a25276295c4:192.168.34.35:43892, a45c6565-035d-4d1b-87c5-293bdc0bfbe6:192.168.34.35:34083], old=null
2019-09-16 22:06:38,268 [pool-47-thread-1] INFO  impl.RaftServerImpl (RaftServerImpl.java:setRole(174)) - 7decb6b1-ba7c-48d8-97ff-6a25276295c4@group-E72450CA2CED: changes role from      null to FOLLOWER at term 0 for startAsFollower
2019-09-16 22:06:38,268 [pool-37-thread-1] INFO  util.JmxRegister (JmxRegister.java:tryRegister(44)) - Successfully registered JMX Bean with object name Ratis:service=RaftServer,group=group-E72450CA2CED,id=a45c6565-035d-4d1b-87c5-293bdc0bfbe6
2019-09-16 22:06:38,268 [pool-47-thread-1] INFO  impl.RoleInfo (RoleInfo.java:updateAndGet(143)) - 7decb6b1-ba7c-48d8-97ff-6a25276295c4: start FollowerState
2019-09-16 22:06:38,269 [pool-47-thread-1] INFO  util.JmxRegister (JmxRegister.java:tryRegister(44)) - Successfully registered JMX Bean with object name Ratis:service=RaftServer,group=group-E72450CA2CED,id=7decb6b1-ba7c-48d8-97ff-6a25276295c4
2019-09-16 22:06:38,283 [main] INFO  ozone.MiniOzoneClusterImpl (MiniOzoneClusterImpl.java:lambda$waitForClusterToBeReady$0(140)) - Cluster is ready. Got 3 of 3 DN Heartbeats.
2019-09-16 22:06:38,295 [RatisPipelineUtilsThread] INFO  pipeline.PipelineStateManager (PipelineStateManager.java:addPipeline(56)) - Created pipeline Pipeline[ Id: b13ef001-8a94-452d-a6a3-e72450ca2ced, Nodes: 74ecbdb6-699d-4c3c-ab90-3d79e72ea4a8{ip: 192.168.34.35, host: pr-hdds-2120-pf7zr-4137305271, networkLocation: /default-rack, certSerialId: null}7decb6b1-ba7c-48d8-97ff-6a25276295c4{ip: 192.168.34.35, host: pr-hdds-2120-pf7zr-4137305271, networkLocation: /default-rack, certSerialId: null}a45c6565-035d-4d1b-87c5-293bdc0bfbe6{ip: 192.168.34.35, host: pr-hdds-2120-pf7zr-4137305271, networkLocation: /default-rack, certSerialId: null}, Type:RATIS, Factor:THREE, State:OPEN]
2019-09-16 22:06:38,895 [main] INFO  freon.RandomKeyGenerator (RandomKeyGenerator.java:call(283)) - Number of Threads: 10
2019-09-16 22:06:38,896 [main] INFO  freon.RandomKeyGenerator (RandomKeyGenerator.java:call(288)) - Number of Volumes: 1.
2019-09-16 22:06:38,896 [main] INFO  freon.RandomKeyGenerator (RandomKeyGenerator.java:call(289)) - Number of Buckets per Volume: 1.
2019-09-16 22:06:38,896 [main] INFO  freon.RandomKeyGenerator (RandomKeyGenerator.java:call(290)) - Number of Keys per Bucket: 1.
2019-09-16 22:06:38,897 [main] INFO  freon.RandomKeyGenerator (RandomKeyGenerator.java:call(291)) - Key size: 20971520 bytes
2019-09-16 22:06:38,897 [main] INFO  freon.RandomKeyGenerator (RandomKeyGenerator.java:call(292)) - Buffer size: 4096 bytes
2019-09-16 22:06:38,897 [main] INFO  freon.RandomKeyGenerator (RandomKeyGenerator.java:call(293)) - validateWrites : true
2019-09-16 22:06:38,901 [main] INFO  freon.RandomKeyGenerator (RandomKeyGenerator.java:call(307)) - Data validation is enabled.
2019-09-16 22:06:38,903 [main] INFO  freon.RandomKeyGenerator (RandomKeyGenerator.java:call(313)) - Starting progress bar Thread.

 0.00% |█                                                                                                    |  0/1 Time: 0:00:002019-09-16 22:06:38,933 [pool-53-thread-1] INFO  rpc.RpcClient (RpcClient.java:createVolume(301)) - Creating Volume: vol-0-59507, with jenkins1000 as owner.
2019-09-16 22:06:39,046 [IPC Server handler 1 on 40004] INFO  volume.OMVolumeCreateRequest (OMVolumeCreateRequest.java:validateAndUpdateCache(189)) - created volume:vol-0-59507 for user:jenkins1000
2019-09-16 22:06:39,084 [pool-53-thread-2] INFO  rpc.RpcClient (RpcClient.java:createBucket(440)) - Creating Bucket: vol-0-59507/bucket-0-70064, with Versioning false and Storage Type set to DISK and Encryption set to false 
2019-09-16 22:06:39,595 [pool-53-thread-3] INFO  impl.MetricsSystemImpl (MetricsSystemImpl.java:init(158)) - XceiverClientMetrics metrics system started (again)
2019-09-16 22:06:39,738 [grpc-default-executor-2] INFO  client.GrpcClientProtocolClient (GrpcClientProtocolClient.java:onNext(264)) - client-4A0AD11AF982->74ecbdb6-699d-4c3c-ab90-3d79e72ea4a8: receive RaftClientReply:client-4A0AD11AF982->74ecbdb6-699d-4c3c-ab90-3d79e72ea4a8@group-E72450CA2CED, cid=6, FAILED org.apache.ratis.protocol.NotLeaderException: Server 74ecbdb6-699d-4c3c-ab90-3d79e72ea4a8@group-E72450CA2CED is not the leader, logIndex=0, commits[74ecbdb6-699d-4c3c-ab90-3d79e72ea4a8:c-1]
 0.00% |█                                                                                                    |  0/1 Time: 0:00:012019-09-16 22:06:40,142 [Thread-178] INFO  container.ReplicationManager (ReplicationManager.java:start(162)) - Starting Replication Monitor Thread.
2019-09-16 22:06:40,145 [ReplicationMonitor] INFO  container.ReplicationManager (ReplicationManager.java:run(225)) - Replication Monitor Thread took 1 milliseconds for processing 3 containers.
2019-09-16 22:06:40,786 [grpc-default-executor-2] INFO  client.GrpcClientProtocolClient (GrpcClientProtocolClient.java:onNext(264)) - client-4A0AD11AF982->7decb6b1-ba7c-48d8-97ff-6a25276295c4: receive RaftClientReply:client-4A0AD11AF982->7decb6b1-ba7c-48d8-97ff-6a25276295c4@group-E72450CA2CED, cid=6, FAILED org.apache.ratis.protocol.NotLeaderException: Server 7decb6b1-ba7c-48d8-97ff-6a25276295c4@group-E72450CA2CED is not the leader, logIndex=0, commits[7decb6b1-ba7c-48d8-97ff-6a25276295c4:c-1]
 0.00% |█                                                                                                    |  0/1 Time: 0:00:022019-09-16 22:06:41,828 [grpc-default-executor-2] INFO  client.GrpcClientProtocolClient (GrpcClientProtocolClient.java:onNext(264)) - client-4A0AD11AF982->a45c6565-035d-4d1b-87c5-293bdc0bfbe6: receive RaftClientReply:client-4A0AD11AF982->a45c6565-035d-4d1b-87c5-293bdc0bfbe6@group-E72450CA2CED, cid=6, FAILED org.apache.ratis.protocol.NotLeaderException: Server a45c6565-035d-4d1b-87c5-293bdc0bfbe6@group-E72450CA2CED is not the leader, logIndex=0, commits[a45c6565-035d-4d1b-87c5-293bdc0bfbe6:c-1]
 0.00% |█                                                                                                    |  0/1 Time: 0:00:032019-09-16 22:06:42,865 [grpc-default-executor-1] INFO  client.GrpcClientProtocolClient (GrpcClientProtocolClient.java:onNext(264)) - client-4A0AD11AF982->7decb6b1-ba7c-48d8-97ff-6a25276295c4: receive RaftClientReply:client-4A0AD11AF982->7decb6b1-ba7c-48d8-97ff-6a25276295c4@group-E72450CA2CED, cid=6, FAILED org.apache.ratis.protocol.NotLeaderException: Server 7decb6b1-ba7c-48d8-97ff-6a25276295c4@group-E72450CA2CED is not the leader, logIndex=0, commits[7decb6b1-ba7c-48d8-97ff-6a25276295c4:c-1]
2019-09-16 22:06:42,887 [Thread-180] INFO  impl.FollowerState (FollowerState.java:run(106)) - 74ecbdb6-699d-4c3c-ab90-3d79e72ea4a8:group-B05D6D776A0D changes to CANDIDATE, lastRpcTime:5023, electionTimeout:5023ms
2019-09-16 22:06:42,889 [Thread-180] INFO  impl.RoleInfo (RoleInfo.java:shutdownFollowerState(121)) - 74ecbdb6-699d-4c3c-ab90-3d79e72ea4a8: shutdown FollowerState
2019-09-16 22:06:42,889 [Thread-180] INFO  impl.RaftServerImpl (RaftServerImpl.java:setRole(174)) - 74ecbdb6-699d-4c3c-ab90-3d79e72ea4a8@group-B05D6D776A0D: changes role from  FOLLOWER to CANDIDATE at term 0 for changeToCandidate
2019-09-16 22:06:42,893 [Thread-180] INFO  impl.RoleInfo (RoleInfo.java:updateAndGet(143)) - 74ecbdb6-699d-4c3c-ab90-3d79e72ea4a8: start LeaderElection
 0.00% |█                                                                                                    |  0/1 Time: 0:00:042019-09-16 22:06:42,910 [74ecbdb6-699d-4c3c-ab90-3d79e72ea4a8@group-B05D6D776A0D:LeaderElection1] INFO  impl.LeaderElection (LeaderElection.java:askForVotes(182)) - 74ecbdb6-699d-4c3c-ab90-3d79e72ea4a8@group-B05D6D776A0D:LeaderElection1: begin an election at term 1 for -1: [74ecbdb6-699d-4c3c-ab90-3d79e72ea4a8:192.168.34.35:43623], old=null
2019-09-16 22:06:42,912 [74ecbdb6-699d-4c3c-ab90-3d79e72ea4a8@group-B05D6D776A0D:LeaderElection1] INFO  impl.RoleInfo (RoleInfo.java:shutdownLeaderElection(134)) - 74ecbdb6-699d-4c3c-ab90-3d79e72ea4a8: shutdown LeaderElection
2019-09-16 22:06:42,913 [74ecbdb6-699d-4c3c-ab90-3d79e72ea4a8@group-B05D6D776A0D:LeaderElection1] INFO  impl.RaftServerImpl (RaftServerImpl.java:setRole(174)) - 74ecbdb6-699d-4c3c-ab90-3d79e72ea4a8@group-B05D6D776A0D: changes role from CANDIDATE to LEADER at term 1 for changeToLeader
2019-09-16 22:06:42,913 [74ecbdb6-699d-4c3c-ab90-3d79e72ea4a8@group-B05D6D776A0D:LeaderElection1] INFO  impl.RaftServerImpl (ServerState.java:setLeader(253)) - 74ecbdb6-699d-4c3c-ab90-3d79e72ea4a8@group-B05D6D776A0D: change Leader from null to 74ecbdb6-699d-4c3c-ab90-3d79e72ea4a8 at term 1 for becomeLeader, leader elected after 5170ms
2019-09-16 22:06:42,921 [74ecbdb6-699d-4c3c-ab90-3d79e72ea4a8@group-B05D6D776A0D:LeaderElection1] INFO  server.RaftServerConfigKeys (ConfUtils.java:logGet(43)) - raft.server.staging.catchup.gap = 1000 (default)
2019-09-16 22:06:42,921 [74ecbdb6-699d-4c3c-ab90-3d79e72ea4a8@group-B05D6D776A0D:LeaderElection1] INFO  server.RaftServerConfigKeys (ConfUtils.java:logGet(43)) - raft.server.rpc.sleep.time = 25ms (default)
2019-09-16 22:06:42,925 [74ecbdb6-699d-4c3c-ab90-3d79e72ea4a8@group-B05D6D776A0D:LeaderElection1] INFO  server.RaftServerConfigKeys (ConfUtils.java:logGet(43)) - raft.server.write.element-limit = 4096 (default)
2019-09-16 22:06:42,928 [74ecbdb6-699d-4c3c-ab90-3d79e72ea4a8@group-B05D6D776A0D:LeaderElection1] INFO  server.RaftServerConfigKeys (ConfUtils.java:logGet(43)) - raft.server.watch.timeout = 10s (default)
2019-09-16 22:06:42,928 [74ecbdb6-699d-4c3c-ab90-3d79e72ea4a8@group-B05D6D776A0D:LeaderElection1] INFO  server.RaftServerConfigKeys (ConfUtils.java:logGet(43)) - raft.server.watch.timeout.denomination = 1s (default)
2019-09-16 22:06:42,929 [74ecbdb6-699d-4c3c-ab90-3d79e72ea4a8@group-B05D6D776A0D:LeaderElection1] INFO  server.RaftServerConfigKeys (ConfUtils.java:logGet(43)) - raft.server.watch.element-limit = 65536 (default)
2019-09-16 22:06:42,942 [74ecbdb6-699d-4c3c-ab90-3d79e72ea4a8@group-B05D6D776A0D:LeaderElection1] INFO  impl.RoleInfo (RoleInfo.java:updateAndGet(143)) - 74ecbdb6-699d-4c3c-ab90-3d79e72ea4a8: start LeaderState
2019-09-16 22:06:42,966 [74ecbdb6-699d-4c3c-ab90-3d79e72ea4a8@group-B05D6D776A0D:LeaderElection1] INFO  segmented.SegmentedRaftLogWorker (SegmentedRaftLogWorker.java:startLogSegment(380)) - 74ecbdb6-699d-4c3c-ab90-3d79e72ea4a8@group-B05D6D776A0D-SegmentedRaftLogWorker: Starting segment from index:0
2019-09-16 22:06:42,975 [74ecbdb6-699d-4c3c-ab90-3d79e72ea4a8@group-B05D6D776A0D:LeaderElection1] INFO  impl.RaftServerImpl (ServerState.java:setRaftConf(354)) - 74ecbdb6-699d-4c3c-ab90-3d79e72ea4a8@group-B05D6D776A0D: set configuration 0: [74ecbdb6-699d-4c3c-ab90-3d79e72ea4a8:192.168.34.35:43623], old=null at 0
2019-09-16 22:06:43,178 [Thread-183] INFO  impl.FollowerState (FollowerState.java:run(106)) - 7decb6b1-ba7c-48d8-97ff-6a25276295c4:group-3E2957F6EF99 changes to CANDIDATE, lastRpcTime:5122, electionTimeout:5120ms
2019-09-16 22:06:43,180 [Thread-183] INFO  impl.RoleInfo (RoleInfo.java:shutdownFollowerState(121)) - 7decb6b1-ba7c-48d8-97ff-6a25276295c4: shutdown FollowerState
2019-09-16 22:06:43,180 [Thread-183] INFO  impl.RaftServerImpl (RaftServerImpl.java:setRole(174)) - 7decb6b1-ba7c-48d8-97ff-6a25276295c4@group-3E2957F6EF99: changes role from  FOLLOWER to CANDIDATE at term 0 for changeToCandidate
2019-09-16 22:06:43,181 [74ecbdb6-699d-4c3c-ab90-3d79e72ea4a8@group-B05D6D776A0D-SegmentedRaftLogWorker] INFO  segmented.SegmentedRaftLogWorker (SegmentedRaftLogWorker.java:execute(569)) - 74ecbdb6-699d-4c3c-ab90-3d79e72ea4a8@group-B05D6D776A0D-SegmentedRaftLogWorker: created new log segment /workdir/hadoop-ozone/tools/target/test-dir/MiniOzoneClusterImpl-04b7bc9b-f24e-4aba-be31-39bb60c628cf/datanode-0/data/ratis/f8ae28a6-896d-40dc-8aee-b05d6d776a0d/current/log_inprogress_0
2019-09-16 22:06:43,181 [Thread-183] INFO  impl.RoleInfo (RoleInfo.java:updateAndGet(143)) - 7decb6b1-ba7c-48d8-97ff-6a25276295c4: start LeaderElection
2019-09-16 22:06:43,200 [7decb6b1-ba7c-48d8-97ff-6a25276295c4@group-3E2957F6EF99:LeaderElection2] INFO  impl.LeaderElection (LeaderElection.java:askForVotes(182)) - 7decb6b1-ba7c-48d8-97ff-6a25276295c4@group-3E2957F6EF99:LeaderElection2: begin an election at term 1 for -1: [7decb6b1-ba7c-48d8-97ff-6a25276295c4:192.168.34.35:43892], old=null
2019-09-16 22:06:43,201 [7decb6b1-ba7c-48d8-97ff-6a25276295c4@group-3E2957F6EF99:LeaderElection2] INFO  impl.RoleInfo (RoleInfo.java:shutdownLeaderElection(134)) - 7decb6b1-ba7c-48d8-97ff-6a25276295c4: shutdown LeaderElection
2019-09-16 22:06:43,201 [7decb6b1-ba7c-48d8-97ff-6a25276295c4@group-3E2957F6EF99:LeaderElection2] INFO  impl.RaftServerImpl (RaftServerImpl.java:setRole(174)) - 7decb6b1-ba7c-48d8-97ff-6a25276295c4@group-3E2957F6EF99: changes role from CANDIDATE to LEADER at term 1 for changeToLeader
2019-09-16 22:06:43,201 [7decb6b1-ba7c-48d8-97ff-6a25276295c4@group-3E2957F6EF99:LeaderElection2] INFO  impl.RaftServerImpl (ServerState.java:setLeader(253)) - 7decb6b1-ba7c-48d8-97ff-6a25276295c4@group-3E2957F6EF99: change Leader from null to 7decb6b1-ba7c-48d8-97ff-6a25276295c4 at term 1 for becomeLeader, leader elected after 5167ms
2019-09-16 22:06:43,201 [7decb6b1-ba7c-48d8-97ff-6a25276295c4@group-3E2957F6EF99:LeaderElection2] INFO  server.RaftServerConfigKeys (ConfUtils.java:logGet(43)) - raft.server.staging.catchup.gap = 1000 (default)
2019-09-16 22:06:43,202 [7decb6b1-ba7c-48d8-97ff-6a25276295c4@group-3E2957F6EF99:LeaderElection2] INFO  server.RaftServerConfigKeys (ConfUtils.java:logGet(43)) - raft.server.rpc.sleep.time = 25ms (default)
2019-09-16 22:06:43,202 [7decb6b1-ba7c-48d8-97ff-6a25276295c4@group-3E2957F6EF99:LeaderElection2] INFO  server.RaftServerConfigKeys (ConfUtils.java:logGet(43)) - raft.server.write.element-limit = 4096 (default)
2019-09-16 22:06:43,202 [7decb6b1-ba7c-48d8-97ff-6a25276295c4@group-3E2957F6EF99:LeaderElection2] INFO  server.RaftServerConfigKeys (ConfUtils.java:logGet(43)) - raft.server.watch.timeout = 10s (default)
2019-09-16 22:06:43,202 [7decb6b1-ba7c-48d8-97ff-6a25276295c4@group-3E2957F6EF99:LeaderElection2] INFO  server.RaftServerConfigKeys (ConfUtils.java:logGet(43)) - raft.server.watch.timeout.denomination = 1s (default)
2019-09-16 22:06:43,202 [7decb6b1-ba7c-48d8-97ff-6a25276295c4@group-3E2957F6EF99:LeaderElection2] INFO  server.RaftServerConfigKeys (ConfUtils.java:logGet(43)) - raft.server.watch.element-limit = 65536 (default)
2019-09-16 22:06:43,207 [7decb6b1-ba7c-48d8-97ff-6a25276295c4@group-3E2957F6EF99:LeaderElection2] INFO  impl.RoleInfo (RoleInfo.java:updateAndGet(143)) - 7decb6b1-ba7c-48d8-97ff-6a25276295c4: start LeaderState
2019-09-16 22:06:43,207 [7decb6b1-ba7c-48d8-97ff-6a25276295c4@group-3E2957F6EF99:LeaderElection2] INFO  segmented.SegmentedRaftLogWorker (SegmentedRaftLogWorker.java:startLogSegment(380)) - 7decb6b1-ba7c-48d8-97ff-6a25276295c4@group-3E2957F6EF99-SegmentedRaftLogWorker: Starting segment from index:0
2019-09-16 22:06:43,208 [7decb6b1-ba7c-48d8-97ff-6a25276295c4@group-3E2957F6EF99:LeaderElection2] INFO  impl.RaftServerImpl (ServerState.java:setRaftConf(354)) - 7decb6b1-ba7c-48d8-97ff-6a25276295c4@group-3E2957F6EF99: set configuration 0: [7decb6b1-ba7c-48d8-97ff-6a25276295c4:192.168.34.35:43892], old=null at 0
2019-09-16 22:06:43,254 [7decb6b1-ba7c-48d8-97ff-6a25276295c4@group-3E2957F6EF99-SegmentedRaftLogWorker] INFO  segmented.SegmentedRaftLogWorker (SegmentedRaftLogWorker.java:execute(569)) - 7decb6b1-ba7c-48d8-97ff-6a25276295c4@group-3E2957F6EF99-SegmentedRaftLogWorker: created new log segment /workdir/hadoop-ozone/tools/target/test-dir/MiniOzoneClusterImpl-04b7bc9b-f24e-4aba-be31-39bb60c628cf/datanode-2/data/ratis/13fd7798-1a18-492b-94fc-3e2957f6ef99/current/log_inprogress_0
2019-09-16 22:06:43,273 [Thread-186] INFO  impl.FollowerState (FollowerState.java:run(106)) - a45c6565-035d-4d1b-87c5-293bdc0bfbe6:group-0221FC150F18 changes to CANDIDATE, lastRpcTime:5100, electionTimeout:5100ms
2019-09-16 22:06:43,273 [Thread-186] INFO  impl.RoleInfo (RoleInfo.java:shutdownFollowerState(121)) - a45c6565-035d-4d1b-87c5-293bdc0bfbe6: shutdown FollowerState
2019-09-16 22:06:43,274 [Thread-186] INFO  impl.RaftServerImpl (RaftServerImpl.java:setRole(174)) - a45c6565-035d-4d1b-87c5-293bdc0bfbe6@group-0221FC150F18: changes role from  FOLLOWER to CANDIDATE at term 0 for changeToCandidate
2019-09-16 22:06:43,274 [Thread-186] INFO  impl.RoleInfo (RoleInfo.java:updateAndGet(143)) - a45c6565-035d-4d1b-87c5-293bdc0bfbe6: start LeaderElection
2019-09-16 22:06:43,289 [a45c6565-035d-4d1b-87c5-293bdc0bfbe6@group-0221FC150F18:LeaderElection3] INFO  impl.LeaderElection (LeaderElection.java:askForVotes(182)) - a45c6565-035d-4d1b-87c5-293bdc0bfbe6@group-0221FC150F18:LeaderElection3: begin an election at term 1 for -1: [a45c6565-035d-4d1b-87c5-293bdc0bfbe6:192.168.34.35:34083], old=null
2019-09-16 22:06:43,290 [a45c6565-035d-4d1b-87c5-293bdc0bfbe6@group-0221FC150F18:LeaderElection3] INFO  impl.RoleInfo (RoleInfo.java:shutdownLeaderElection(134)) - a45c6565-035d-4d1b-87c5-293bdc0bfbe6: shutdown LeaderElection
2019-09-16 22:06:43,290 [a45c6565-035d-4d1b-87c5-293bdc0bfbe6@group-0221FC150F18:LeaderElection3] INFO  impl.RaftServerImpl (RaftServerImpl.java:setRole(174)) - a45c6565-035d-4d1b-87c5-293bdc0bfbe6@group-0221FC150F18: changes role from CANDIDATE to LEADER at term 1 for changeToLeader
2019-09-16 22:06:43,290 [a45c6565-035d-4d1b-87c5-293bdc0bfbe6@group-0221FC150F18:LeaderElection3] INFO  impl.RaftServerImpl (ServerState.java:setLeader(253)) - a45c6565-035d-4d1b-87c5-293bdc0bfbe6@group-0221FC150F18: change Leader from null to a45c6565-035d-4d1b-87c5-293bdc0bfbe6 at term 1 for becomeLeader, leader elected after 5157ms
2019-09-16 22:06:43,291 [a45c6565-035d-4d1b-87c5-293bdc0bfbe6@group-0221FC150F18:LeaderElection3] INFO  server.RaftServerConfigKeys (ConfUtils.java:logGet(43)) - raft.server.staging.catchup.gap = 1000 (default)
2019-09-16 22:06:43,291 [a45c6565-035d-4d1b-87c5-293bdc0bfbe6@group-0221FC150F18:LeaderElection3] INFO  server.RaftServerConfigKeys (ConfUtils.java:logGet(43)) - raft.server.rpc.sleep.time = 25ms (default)
2019-09-16 22:06:43,291 [a45c6565-035d-4d1b-87c5-293bdc0bfbe6@group-0221FC150F18:LeaderElection3] INFO  server.RaftServerConfigKeys (ConfUtils.java:logGet(43)) - raft.server.write.element-limit = 4096 (default)
2019-09-16 22:06:43,292 [a45c6565-035d-4d1b-87c5-293bdc0bfbe6@group-0221FC150F18:LeaderElection3] INFO  server.RaftServerConfigKeys (ConfUtils.java:logGet(43)) - raft.server.watch.timeout = 10s (default)
2019-09-16 22:06:43,292 [a45c6565-035d-4d1b-87c5-293bdc0bfbe6@group-0221FC150F18:LeaderElection3] INFO  server.RaftServerConfigKeys (ConfUtils.java:logGet(43)) - raft.server.watch.timeout.denomination = 1s (default)
2019-09-16 22:06:43,292 [a45c6565-035d-4d1b-87c5-293bdc0bfbe6@group-0221FC150F18:LeaderElection3] INFO  server.RaftServerConfigKeys (ConfUtils.java:logGet(43)) - raft.server.watch.element-limit = 65536 (default)
2019-09-16 22:06:43,297 [a45c6565-035d-4d1b-87c5-293bdc0bfbe6@group-0221FC150F18:LeaderElection3] INFO  impl.RoleInfo (RoleInfo.java:updateAndGet(143)) - a45c6565-035d-4d1b-87c5-293bdc0bfbe6: start LeaderState
2019-09-16 22:06:43,297 [a45c6565-035d-4d1b-87c5-293bdc0bfbe6@group-0221FC150F18:LeaderElection3] INFO  segmented.SegmentedRaftLogWorker (SegmentedRaftLogWorker.java:startLogSegment(380)) - a45c6565-035d-4d1b-87c5-293bdc0bfbe6@group-0221FC150F18-SegmentedRaftLogWorker: Starting segment from index:0
2019-09-16 22:06:43,298 [a45c6565-035d-4d1b-87c5-293bdc0bfbe6@group-0221FC150F18:LeaderElection3] INFO  impl.RaftServerImpl (ServerState.java:setRaftConf(354)) - a45c6565-035d-4d1b-87c5-293bdc0bfbe6@group-0221FC150F18: set configuration 0: [a45c6565-035d-4d1b-87c5-293bdc0bfbe6:192.168.34.35:34083], old=null at 0
2019-09-16 22:06:43,330 [Thread-191] INFO  impl.FollowerState (FollowerState.java:run(106)) - 74ecbdb6-699d-4c3c-ab90-3d79e72ea4a8:group-E72450CA2CED changes to CANDIDATE, lastRpcTime:5062, electionTimeout:5046ms
2019-09-16 22:06:43,330 [Thread-191] INFO  impl.RoleInfo (RoleInfo.java:shutdownFollowerState(121)) - 74ecbdb6-699d-4c3c-ab90-3d79e72ea4a8: shutdown FollowerState
2019-09-16 22:06:43,330 [Thread-191] INFO  impl.RaftServerImpl (RaftServerImpl.java:setRole(174)) - 74ecbdb6-699d-4c3c-ab90-3d79e72ea4a8@group-E72450CA2CED: changes role from  FOLLOWER to CANDIDATE at term 0 for changeToCandidate
2019-09-16 22:06:43,331 [Thread-191] INFO  impl.RoleInfo (RoleInfo.java:updateAndGet(143)) - 74ecbdb6-699d-4c3c-ab90-3d79e72ea4a8: start LeaderElection
2019-09-16 22:06:43,343 [a45c6565-035d-4d1b-87c5-293bdc0bfbe6@group-0221FC150F18-SegmentedRaftLogWorker] INFO  segmented.SegmentedRaftLogWorker (SegmentedRaftLogWorker.java:execute(569)) - a45c6565-035d-4d1b-87c5-293bdc0bfbe6@group-0221FC150F18-SegmentedRaftLogWorker: created new log segment /workdir/hadoop-ozone/tools/target/test-dir/MiniOzoneClusterImpl-04b7bc9b-f24e-4aba-be31-39bb60c628cf/datanode-1/data/ratis/c9c729fa-8fce-493d-95cb-0221fc150f18/current/log_inprogress_0
2019-09-16 22:06:43,343 [74ecbdb6-699d-4c3c-ab90-3d79e72ea4a8@group-E72450CA2CED:LeaderElection4] INFO  impl.LeaderElection (LeaderElection.java:askForVotes(182)) - 74ecbdb6-699d-4c3c-ab90-3d79e72ea4a8@group-E72450CA2CED:LeaderElection4: begin an election at term 1 for -1: [74ecbdb6-699d-4c3c-ab90-3d79e72ea4a8:192.168.34.35:43623, 7decb6b1-ba7c-48d8-97ff-6a25276295c4:192.168.34.35:43892, a45c6565-035d-4d1b-87c5-293bdc0bfbe6:192.168.34.35:34083], old=null
2019-09-16 22:06:43,368 [grpc-default-executor-2] INFO  impl.RaftServerImpl (RaftServerImpl.java:setRole(174)) - 7decb6b1-ba7c-48d8-97ff-6a25276295c4@group-E72450CA2CED: changes role from  FOLLOWER to FOLLOWER at term 1 for recognizeCandidate:74ecbdb6-699d-4c3c-ab90-3d79e72ea4a8
2019-09-16 22:06:43,368 [grpc-default-executor-1] INFO  impl.RaftServerImpl (RaftServerImpl.java:setRole(174)) - a45c6565-035d-4d1b-87c5-293bdc0bfbe6@group-E72450CA2CED: changes role from  FOLLOWER to FOLLOWER at term 1 for recognizeCandidate:74ecbdb6-699d-4c3c-ab90-3d79e72ea4a8
2019-09-16 22:06:43,368 [grpc-default-executor-2] INFO  impl.RoleInfo (RoleInfo.java:shutdownFollowerState(121)) - 7decb6b1-ba7c-48d8-97ff-6a25276295c4: shutdown FollowerState
2019-09-16 22:06:43,368 [grpc-default-executor-1] INFO  impl.RoleInfo (RoleInfo.java:shutdownFollowerState(121)) - a45c6565-035d-4d1b-87c5-293bdc0bfbe6: shutdown FollowerState
2019-09-16 22:06:43,369 [Thread-194] INFO  impl.FollowerState (FollowerState.java:run(115)) - 7decb6b1-ba7c-48d8-97ff-6a25276295c4: FollowerState was interrupted: java.lang.InterruptedException: sleep interrupted
2019-09-16 22:06:43,368 [grpc-default-executor-2] INFO  impl.RoleInfo (RoleInfo.java:updateAndGet(143)) - 7decb6b1-ba7c-48d8-97ff-6a25276295c4: start FollowerState
2019-09-16 22:06:43,369 [grpc-default-executor-1] INFO  impl.RoleInfo (RoleInfo.java:updateAndGet(143)) - a45c6565-035d-4d1b-87c5-293bdc0bfbe6: start FollowerState
2019-09-16 22:06:43,369 [Thread-192] INFO  impl.FollowerState (FollowerState.java:run(115)) - a45c6565-035d-4d1b-87c5-293bdc0bfbe6: FollowerState was interrupted: java.lang.InterruptedException: sleep interrupted
2019-09-16 22:06:43,397 [74ecbdb6-699d-4c3c-ab90-3d79e72ea4a8@group-E72450CA2CED:LeaderElection4] INFO  impl.LeaderElection (LeaderElection.java:logAndReturn(56)) - 74ecbdb6-699d-4c3c-ab90-3d79e72ea4a8@group-E72450CA2CED:LeaderElection4: Election PASSED; received 1 response(s) [74ecbdb6-699d-4c3c-ab90-3d79e72ea4a8<-7decb6b1-ba7c-48d8-97ff-6a25276295c4#0:OK-t1] and 0 exception(s); 74ecbdb6-699d-4c3c-ab90-3d79e72ea4a8@group-E72450CA2CED:t1, leader=null, voted=74ecbdb6-699d-4c3c-ab90-3d79e72ea4a8, raftlog=74ecbdb6-699d-4c3c-ab90-3d79e72ea4a8@group-E72450CA2CED-SegmentedRaftLog:OPENED:c-1,f-1,i0, conf=-1: [74ecbdb6-699d-4c3c-ab90-3d79e72ea4a8:192.168.34.35:43623, 7decb6b1-ba7c-48d8-97ff-6a25276295c4:192.168.34.35:43892, a45c6565-035d-4d1b-87c5-293bdc0bfbe6:192.168.34.35:34083], old=null
2019-09-16 22:06:43,398 [74ecbdb6-699d-4c3c-ab90-3d79e72ea4a8@group-E72450CA2CED:LeaderElection4] INFO  impl.RoleInfo (RoleInfo.java:shutdownLeaderElection(134)) - 74ecbdb6-699d-4c3c-ab90-3d79e72ea4a8: shutdown LeaderElection
2019-09-16 22:06:43,398 [74ecbdb6-699d-4c3c-ab90-3d79e72ea4a8@group-E72450CA2CED:LeaderElection4] INFO  impl.RaftServerImpl (RaftServerImpl.java:setRole(174)) - 74ecbdb6-699d-4c3c-ab90-3d79e72ea4a8@group-E72450CA2CED: changes role from CANDIDATE to LEADER at term 1 for changeToLeader
2019-09-16 22:06:43,398 [74ecbdb6-699d-4c3c-ab90-3d79e72ea4a8@group-E72450CA2CED:LeaderElection4] INFO  impl.RaftServerImpl (ServerState.java:setLeader(253)) - 74ecbdb6-699d-4c3c-ab90-3d79e72ea4a8@group-E72450CA2CED: change Leader from null to 74ecbdb6-699d-4c3c-ab90-3d79e72ea4a8 at term 1 for becomeLeader, leader elected after 5147ms
2019-09-16 22:06:43,400 [74ecbdb6-699d-4c3c-ab90-3d79e72ea4a8@group-E72450CA2CED:LeaderElection4] INFO  server.RaftServerConfigKeys (ConfUtils.java:logGet(43)) - raft.server.staging.catchup.gap = 1000 (default)
2019-09-16 22:06:43,400 [74ecbdb6-699d-4c3c-ab90-3d79e72ea4a8@group-E72450CA2CED:LeaderElection4] INFO  server.RaftServerConfigKeys (ConfUtils.java:logGet(43)) - raft.server.rpc.sleep.time = 25ms (default)
2019-09-16 22:06:43,401 [74ecbdb6-699d-4c3c-ab90-3d79e72ea4a8@group-E72450CA2CED:LeaderElection4] INFO  server.RaftServerConfigKeys (ConfUtils.java:logGet(43)) - raft.server.write.element-limit = 4096 (default)
2019-09-16 22:06:43,401 [74ecbdb6-699d-4c3c-ab90-3d79e72ea4a8@group-E72450CA2CED:LeaderElection4] INFO  server.RaftServerConfigKeys (ConfUtils.java:logGet(43)) - raft.server.watch.timeout = 10s (default)
2019-09-16 22:06:43,401 [74ecbdb6-699d-4c3c-ab90-3d79e72ea4a8@group-E72450CA2CED:LeaderElection4] INFO  server.RaftServerConfigKeys (ConfUtils.java:logGet(43)) - raft.server.watch.timeout.denomination = 1s (default)
2019-09-16 22:06:43,401 [74ecbdb6-699d-4c3c-ab90-3d79e72ea4a8@group-E72450CA2CED:LeaderElection4] INFO  server.RaftServerConfigKeys (ConfUtils.java:logGet(43)) - raft.server.watch.element-limit = 65536 (default)
2019-09-16 22:06:43,406 [74ecbdb6-699d-4c3c-ab90-3d79e72ea4a8@group-E72450CA2CED:LeaderElection4] INFO  server.RaftServerConfigKeys (ConfUtils.java:logGet(43)) - raft.server.log.appender.snapshot.chunk.size.max = 16MB (=16777216) (default)
2019-09-16 22:06:43,406 [74ecbdb6-699d-4c3c-ab90-3d79e72ea4a8@group-E72450CA2CED:LeaderElection4] INFO  server.RaftServerConfigKeys (ConfUtils.java:logGet(43)) - raft.server.log.appender.buffer.byte-limit = 33554432 (custom)
2019-09-16 22:06:43,407 [74ecbdb6-699d-4c3c-ab90-3d79e72ea4a8@group-E72450CA2CED:LeaderElection4] INFO  server.RaftServerConfigKeys (ConfUtils.java:logGet(43)) - raft.server.log.appender.buffer.element-limit = 1 (custom)
2019-09-16 22:06:43,410 [74ecbdb6-699d-4c3c-ab90-3d79e72ea4a8@group-E72450CA2CED:LeaderElection4] INFO  grpc.GrpcConfigKeys$Server (ConfUtils.java:logGet(43)) - raft.grpc.server.leader.outstanding.appends.max = 128 (default)
2019-09-16 22:06:43,414 [74ecbdb6-699d-4c3c-ab90-3d79e72ea4a8@group-E72450CA2CED:LeaderElection4] INFO  server.RaftServerConfigKeys (ConfUtils.java:logGet(43)) - raft.server.rpc.request.timeout = 3000ms (default)
2019-09-16 22:06:43,415 [74ecbdb6-699d-4c3c-ab90-3d79e72ea4a8@group-E72450CA2CED:LeaderElection4] INFO  server.RaftServerConfigKeys (ConfUtils.java:logGet(43)) - raft.server.log.appender.install.snapshot.enabled = false (custom)
2019-09-16 22:06:43,416 [74ecbdb6-699d-4c3c-ab90-3d79e72ea4a8@group-E72450CA2CED:LeaderElection4] INFO  server.RaftServerConfigKeys (ConfUtils.java:logGet(43)) - raft.server.log.appender.snapshot.chunk.size.max = 16MB (=16777216) (default)
2019-09-16 22:06:43,416 [74ecbdb6-699d-4c3c-ab90-3d79e72ea4a8@group-E72450CA2CED:LeaderElection4] INFO  server.RaftServerConfigKeys (ConfUtils.java:logGet(43)) - raft.server.log.appender.buffer.byte-limit = 33554432 (custom)
2019-09-16 22:06:43,416 [74ecbdb6-699d-4c3c-ab90-3d79e72ea4a8@group-E72450CA2CED:LeaderElection4] INFO  server.RaftServerConfigKeys (ConfUtils.java:logGet(43)) - raft.server.log.appender.buffer.element-limit = 1 (custom)
2019-09-16 22:06:43,416 [74ecbdb6-699d-4c3c-ab90-3d79e72ea4a8@group-E72450CA2CED:LeaderElection4] INFO  grpc.GrpcConfigKeys$Server (ConfUtils.java:logGet(43)) - raft.grpc.server.leader.outstanding.appends.max = 128 (default)
2019-09-16 22:06:43,416 [74ecbdb6-699d-4c3c-ab90-3d79e72ea4a8@group-E72450CA2CED:LeaderElection4] INFO  server.RaftServerConfigKeys (ConfUtils.java:logGet(43)) - raft.server.rpc.request.timeout = 3000ms (default)
2019-09-16 22:06:43,416 [74ecbdb6-699d-4c3c-ab90-3d79e72ea4a8@group-E72450CA2CED:LeaderElection4] INFO  server.RaftServerConfigKeys (ConfUtils.java:logGet(43)) - raft.server.log.appender.install.snapshot.enabled = false (custom)
2019-09-16 22:06:43,418 [74ecbdb6-699d-4c3c-ab90-3d79e72ea4a8@group-E72450CA2CED:LeaderElection4] INFO  impl.RoleInfo (RoleInfo.java:updateAndGet(143)) - 74ecbdb6-699d-4c3c-ab90-3d79e72ea4a8: start LeaderState
2019-09-16 22:06:43,418 [74ecbdb6-699d-4c3c-ab90-3d79e72ea4a8@group-E72450CA2CED:LeaderElection4] INFO  segmented.SegmentedRaftLogWorker (SegmentedRaftLogWorker.java:startLogSegment(380)) - 74ecbdb6-699d-4c3c-ab90-3d79e72ea4a8@group-E72450CA2CED-SegmentedRaftLogWorker: Starting segment from index:0
2019-09-16 22:06:43,419 [74ecbdb6-699d-4c3c-ab90-3d79e72ea4a8@group-E72450CA2CED:LeaderElection4] INFO  impl.RaftServerImpl (ServerState.java:setRaftConf(354)) - 74ecbdb6-699d-4c3c-ab90-3d79e72ea4a8@group-E72450CA2CED: set configuration 0: [74ecbdb6-699d-4c3c-ab90-3d79e72ea4a8:192.168.34.35:43623, 7decb6b1-ba7c-48d8-97ff-6a25276295c4:192.168.34.35:43892, a45c6565-035d-4d1b-87c5-293bdc0bfbe6:192.168.34.35:34083], old=null at 0
2019-09-16 22:06:43,458 [74ecbdb6-699d-4c3c-ab90-3d79e72ea4a8@group-E72450CA2CED-SegmentedRaftLogWorker] INFO  segmented.SegmentedRaftLogWorker (SegmentedRaftLogWorker.java:execute(569)) - 74ecbdb6-699d-4c3c-ab90-3d79e72ea4a8@group-E72450CA2CED-SegmentedRaftLogWorker: created new log segment /workdir/hadoop-ozone/tools/target/test-dir/MiniOzoneClusterImpl-04b7bc9b-f24e-4aba-be31-39bb60c628cf/datanode-0/data/ratis/b13ef001-8a94-452d-a6a3-e72450ca2ced/current/log_inprogress_0
2019-09-16 22:06:43,468 [grpc-default-executor-1] INFO  impl.RaftServerImpl (ServerState.java:setLeader(253)) - 7decb6b1-ba7c-48d8-97ff-6a25276295c4@group-E72450CA2CED: change Leader from null to 74ecbdb6-699d-4c3c-ab90-3d79e72ea4a8 at term 1 for appendEntries, leader elected after 5217ms
2019-09-16 22:06:43,468 [grpc-default-executor-2] INFO  impl.RaftServerImpl (ServerState.java:setLeader(253)) - a45c6565-035d-4d1b-87c5-293bdc0bfbe6@group-E72450CA2CED: change Leader from null to 74ecbdb6-699d-4c3c-ab90-3d79e72ea4a8 at term 1 for appendEntries, leader elected after 5217ms
2019-09-16 22:06:43,492 [grpc-default-executor-2] INFO  impl.RaftServerImpl (ServerState.java:setRaftConf(354)) - 7decb6b1-ba7c-48d8-97ff-6a25276295c4@group-E72450CA2CED: set configuration 0: [74ecbdb6-699d-4c3c-ab90-3d79e72ea4a8:192.168.34.35:43623, 7decb6b1-ba7c-48d8-97ff-6a25276295c4:192.168.34.35:43892, a45c6565-035d-4d1b-87c5-293bdc0bfbe6:192.168.34.35:34083], old=null at 0
2019-09-16 22:06:43,492 [grpc-default-executor-1] INFO  impl.RaftServerImpl (ServerState.java:setRaftConf(354)) - a45c6565-035d-4d1b-87c5-293bdc0bfbe6@group-E72450CA2CED: set configuration 0: [74ecbdb6-699d-4c3c-ab90-3d79e72ea4a8:192.168.34.35:43623, 7decb6b1-ba7c-48d8-97ff-6a25276295c4:192.168.34.35:43892, a45c6565-035d-4d1b-87c5-293bdc0bfbe6:192.168.34.35:34083], old=null at 0
2019-09-16 22:06:43,493 [grpc-default-executor-2] INFO  segmented.SegmentedRaftLogWorker (SegmentedRaftLogWorker.java:startLogSegment(380)) - 7decb6b1-ba7c-48d8-97ff-6a25276295c4@group-E72450CA2CED-SegmentedRaftLogWorker: Starting segment from index:0
2019-09-16 22:06:43,493 [grpc-default-executor-1] INFO  segmented.SegmentedRaftLogWorker (SegmentedRaftLogWorker.java:startLogSegment(380)) - a45c6565-035d-4d1b-87c5-293bdc0bfbe6@group-E72450CA2CED-SegmentedRaftLogWorker: Starting segment from index:0
2019-09-16 22:06:43,535 [7decb6b1-ba7c-48d8-97ff-6a25276295c4@group-E72450CA2CED-SegmentedRaftLogWorker] INFO  segmented.SegmentedRaftLogWorker (SegmentedRaftLogWorker.java:execute(569)) - 7decb6b1-ba7c-48d8-97ff-6a25276295c4@group-E72450CA2CED-SegmentedRaftLogWorker: created new log segment /workdir/hadoop-ozone/tools/target/test-dir/MiniOzoneClusterImpl-04b7bc9b-f24e-4aba-be31-39bb60c628cf/datanode-2/data/ratis/b13ef001-8a94-452d-a6a3-e72450ca2ced/current/log_inprogress_0
2019-09-16 22:06:43,535 [a45c6565-035d-4d1b-87c5-293bdc0bfbe6@group-E72450CA2CED-SegmentedRaftLogWorker] INFO  segmented.SegmentedRaftLogWorker (SegmentedRaftLogWorker.java:execute(569)) - a45c6565-035d-4d1b-87c5-293bdc0bfbe6@group-E72450CA2CED-SegmentedRaftLogWorker: created new log segment /workdir/hadoop-ozone/tools/target/test-dir/MiniOzoneClusterImpl-04b7bc9b-f24e-4aba-be31-39bb60c628cf/datanode-1/data/ratis/b13ef001-8a94-452d-a6a3-e72450ca2ced/current/log_inprogress_0
2019-09-16 22:06:43,898 [grpc-default-executor-1] INFO  client.GrpcClientProtocolClient (GrpcClientProtocolClient.java:onNext(264)) - client-4A0AD11AF982->a45c6565-035d-4d1b-87c5-293bdc0bfbe6: receive RaftClientReply:client-4A0AD11AF982->a45c6565-035d-4d1b-87c5-293bdc0bfbe6@group-E72450CA2CED, cid=6, FAILED org.apache.ratis.protocol.NotLeaderException: Server a45c6565-035d-4d1b-87c5-293bdc0bfbe6@group-E72450CA2CED is not the leader 74ecbdb6-699d-4c3c-ab90-3d79e72ea4a8:192.168.34.35:43623, logIndex=0, commits[a45c6565-035d-4d1b-87c5-293bdc0bfbe6:c0, 74ecbdb6-699d-4c3c-ab90-3d79e72ea4a8:c0, 7decb6b1-ba7c-48d8-97ff-6a25276295c4:c-1]
 0.00% |█                                                                                                    |  0/1 Time: 0:00:052019-09-16 22:06:44,197 [grpc-default-executor-1] INFO  client.GrpcClientProtocolClient (GrpcClientProtocolClient.java:onNext(264)) - client-4A0AD11AF982->74ecbdb6-699d-4c3c-ab90-3d79e72ea4a8: receive RaftClientReply:client-4A0AD11AF982->74ecbdb6-699d-4c3c-ab90-3d79e72ea4a8@group-E72450CA2CED, cid=6, SUCCESS, logIndex=1, commits[74ecbdb6-699d-4c3c-ab90-3d79e72ea4a8:c1, 7decb6b1-ba7c-48d8-97ff-6a25276295c4:c0, a45c6565-035d-4d1b-87c5-293bdc0bfbe6:c0]
2019-09-16 22:06:44,310 [grpc-default-executor-1] INFO  client.GrpcClientProtocolClient (GrpcClientProtocolClient.java:onNext(264)) - client-4A0AD11AF982->74ecbdb6-699d-4c3c-ab90-3d79e72ea4a8: receive RaftClientReply:client-4A0AD11AF982->74ecbdb6-699d-4c3c-ab90-3d79e72ea4a8@group-E72450CA2CED, cid=7, SUCCESS, logIndex=3, commits[74ecbdb6-699d-4c3c-ab90-3d79e72ea4a8:c7, 7decb6b1-ba7c-48d8-97ff-6a25276295c4:c6, a45c6565-035d-4d1b-87c5-293bdc0bfbe6:c4]
2019-09-16 22:06:44,313 [grpc-default-executor-1] INFO  client.GrpcClientProtocolClient (GrpcClientProtocolClient.java:onNext(264)) - client-4A0AD11AF982->74ecbdb6-699d-4c3c-ab90-3d79e72ea4a8: receive RaftClientReply:client-4A0AD11AF982->74ecbdb6-699d-4c3c-ab90-3d79e72ea4a8@group-E72450CA2CED, cid=8, SUCCESS, logIndex=4, commits[74ecbdb6-699d-4c3c-ab90-3d79e72ea4a8:c7, 7decb6b1-ba7c-48d8-97ff-6a25276295c4:c6, a45c6565-035d-4d1b-87c5-293bdc0bfbe6:c4]
2019-09-16 22:06:44,393 [grpc-default-executor-1] INFO  client.GrpcClientProtocolClient (GrpcClientProtocolClient.java:onNext(264)) - client-4A0AD11AF982->74ecbdb6-699d-4c3c-ab90-3d79e72ea4a8: receive RaftClientReply:client-4A0AD11AF982->74ecbdb6-699d-4c3c-ab90-3d79e72ea4a8@group-E72450CA2CED, cid=9, SUCCESS, logIndex=5, commits[74ecbdb6-699d-4c3c-ab90-3d79e72ea4a8:c7, 7decb6b1-ba7c-48d8-97ff-6a25276295c4:c6, a45c6565-035d-4d1b-87c5-293bdc0bfbe6:c4]
2019-09-16 22:06:44,445 [grpc-default-executor-3] INFO  client.GrpcClientProtocolClient (GrpcClientProtocolClient.java:onNext(264)) - client-4A0AD11AF982->74ecbdb6-699d-4c3c-ab90-3d79e72ea4a8: receive RaftClientReply:client-4A0AD11AF982->74ecbdb6-699d-4c3c-ab90-3d79e72ea4a8@group-E72450CA2CED, cid=10, SUCCESS, logIndex=8, commits[74ecbdb6-699d-4c3c-ab90-3d79e72ea4a8:c9, 7decb6b1-ba7c-48d8-97ff-6a25276295c4:c7, a45c6565-035d-4d1b-87c5-293bdc0bfbe6:c7]
2019-09-16 22:06:44,448 [grpc-default-executor-3] INFO  client.GrpcClientProtocolClient (GrpcClientProtocolClient.java:onNext(264)) - client-4A0AD11AF982->74ecbdb6-699d-4c3c-ab90-3d79e72ea4a8: receive RaftClientReply:client-4A0AD11AF982->74ecbdb6-699d-4c3c-ab90-3d79e72ea4a8@group-E72450CA2CED, cid=11, SUCCESS, logIndex=9, commits[74ecbdb6-699d-4c3c-ab90-3d79e72ea4a8:c9, 7decb6b1-ba7c-48d8-97ff-6a25276295c4:c7, a45c6565-035d-4d1b-87c5-293bdc0bfbe6:c7]
2019-09-16 22:06:44,485 [grpc-default-executor-0] INFO  client.GrpcClientProtocolClient (GrpcClientProtocolClient.java:onNext(264)) - client-4A0AD11AF982->74ecbdb6-699d-4c3c-ab90-3d79e72ea4a8: receive RaftClientReply:client-4A0AD11AF982->74ecbdb6-699d-4c3c-ab90-3d79e72ea4a8@group-E72450CA2CED, cid=12, SUCCESS, logIndex=12, commits[74ecbdb6-699d-4c3c-ab90-3d79e72ea4a8:c13, 7decb6b1-ba7c-48d8-97ff-6a25276295c4:c11, a45c6565-035d-4d1b-87c5-293bdc0bfbe6:c11]
2019-09-16 22:06:44,486 [grpc-default-executor-0] INFO  client.GrpcClientProtocolClient (GrpcClientProtocolClient.java:onNext(264)) - client-4A0AD11AF982->74ecbdb6-699d-4c3c-ab90-3d79e72ea4a8: receive RaftClientReply:client-4A0AD11AF982->74ecbdb6-699d-4c3c-ab90-3d79e72ea4a8@group-E72450CA2CED, cid=13, SUCCESS, logIndex=13, commits[74ecbdb6-699d-4c3c-ab90-3d79e72ea4a8:c13, 7decb6b1-ba7c-48d8-97ff-6a25276295c4:c11, a45c6565-035d-4d1b-87c5-293bdc0bfbe6:c11]
2019-09-16 22:06:44,504 [grpc-default-executor-0] INFO  client.GrpcClientProtocolClient (GrpcClientProtocolClient.java:onNext(264)) - client-4A0AD11AF982->74ecbdb6-699d-4c3c-ab90-3d79e72ea4a8: receive RaftClientReply:client-4A0AD11AF982->74ecbdb6-699d-4c3c-ab90-3d79e72ea4a8@group-E72450CA2CED, cid=14, SUCCESS, logIndex=0, commits[74ecbdb6-699d-4c3c-ab90-3d79e72ea4a8:c15, 7decb6b1-ba7c-48d8-97ff-6a25276295c4:c13, a45c6565-035d-4d1b-87c5-293bdc0bfbe6:c13]
2019-09-16 22:06:44,645 [grpc-default-executor-1] INFO  client.GrpcClientProtocolClient (GrpcClientProtocolClient.java:onNext(264)) - client-4A0AD11AF982->74ecbdb6-699d-4c3c-ab90-3d79e72ea4a8: receive RaftClientReply:client-4A0AD11AF982->74ecbdb6-699d-4c3c-ab90-3d79e72ea4a8@group-E72450CA2CED, cid=15, SUCCESS, logIndex=16, commits[74ecbdb6-699d-4c3c-ab90-3d79e72ea4a8:c19, 7decb6b1-ba7c-48d8-97ff-6a25276295c4:c15, a45c6565-035d-4d1b-87c5-293bdc0bfbe6:c13]
2019-09-16 22:06:44,691 [grpc-default-executor-0] INFO  client.GrpcClientProtocolClient (GrpcClientProtocolClient.java:onNext(264)) - client-4A0AD11AF982->74ecbdb6-699d-4c3c-ab90-3d79e72ea4a8: receive RaftClientReply:client-4A0AD11AF982->74ecbdb6-699d-4c3c-ab90-3d79e72ea4a8@group-E72450CA2CED, cid=16, SUCCESS, logIndex=17, commits[74ecbdb6-699d-4c3c-ab90-3d79e72ea4a8:c23, 7decb6b1-ba7c-48d8-97ff-6a25276295c4:c19, a45c6565-035d-4d1b-87c5-293bdc0bfbe6:c13]
2019-09-16 22:06:44,692 [grpc-default-executor-0] INFO  client.GrpcClientProtocolClient (GrpcClientProtocolClient.java:onNext(264)) - client-4A0AD11AF982->74ecbdb6-699d-4c3c-ab90-3d79e72ea4a8: receive RaftClientReply:client-4A0AD11AF982->74ecbdb6-699d-4c3c-ab90-3d79e72ea4a8@group-E72450CA2CED, cid=17, SUCCESS, logIndex=18, commits[74ecbdb6-699d-4c3c-ab90-3d79e72ea4a8:c23, 7decb6b1-ba7c-48d8-97ff-6a25276295c4:c19, a45c6565-035d-4d1b-87c5-293bdc0bfbe6:c13]
2019-09-16 22:06:44,724 [grpc-default-executor-0] INFO  client.GrpcClientProtocolClient (GrpcClientProtocolClient.java:onNext(264)) - client-4A0AD11AF982->74ecbdb6-699d-4c3c-ab90-3d79e72ea4a8: receive RaftClientReply:client-4A0AD11AF982->74ecbdb6-699d-4c3c-ab90-3d79e72ea4a8@group-E72450CA2CED, cid=18, SUCCESS, logIndex=19, commits[74ecbdb6-699d-4c3c-ab90-3d79e72ea4a8:c23, 7decb6b1-ba7c-48d8-97ff-6a25276295c4:c19, a45c6565-035d-4d1b-87c5-293bdc0bfbe6:c13]
 0.00% |█                                                                                                    |  0/1 Time: 0:00:06 0.00% |█                                                                                                    |  0/1 Time: 0:00:07 0.00% |█                                                                                                    |  0/1 Time: 0:00:082019-09-16 22:06:47,517 [java.util.concurrent.ThreadPoolExecutor$Worker@6e328994[State = -1, empty queue]] WARN  server.GrpcLogAppender (GrpcLogAppender.java:timeoutAppendRequest(200)) - 74ecbdb6-699d-4c3c-ab90-3d79e72ea4a8@group-E72450CA2CED->a45c6565-035d-4d1b-87c5-293bdc0bfbe6-GrpcLogAppender: appendEntries Timeout, request=74ecbdb6-699d-4c3c-ab90-3d79e72ea4a8->a45c6565-035d-4d1b-87c5-293bdc0bfbe6#17-t1, previous=(t:1, i:15), leaderCommit=15, initializing? false, entries: size=1, first=(t:1, i:16), STATEMACHINELOGENTRY, client-4A0AD11AF982, cid=15
2019-09-16 22:06:47,518 [java.util.concurrent.ThreadPoolExecutor$Worker@6e328994[State = -1, empty queue]] WARN  server.GrpcLogAppender (GrpcLogAppender.java:timeoutAppendRequest(200)) - 74ecbdb6-699d-4c3c-ab90-3d79e72ea4a8@group-E72450CA2CED->a45c6565-035d-4d1b-87c5-293bdc0bfbe6-GrpcLogAppender: appendEntries Timeout, request=74ecbdb6-699d-4c3c-ab90-3d79e72ea4a8->a45c6565-035d-4d1b-87c5-293bdc0bfbe6#18-t1, previous=(t:1, i:16), leaderCommit=15, initializing? false, entries: size=1, first=(t:1, i:17), STATEMACHINELOGENTRY, client-4A0AD11AF982, cid=16
2019-09-16 22:06:47,525 [java.util.concurrent.ThreadPoolExecutor$Worker@6e328994[State = -1, empty queue]] WARN  server.GrpcLogAppender (GrpcLogAppender.java:timeoutAppendRequest(200)) - 74ecbdb6-699d-4c3c-ab90-3d79e72ea4a8@group-E72450CA2CED->a45c6565-035d-4d1b-87c5-293bdc0bfbe6-GrpcLogAppender: appendEntries Timeout, request=74ecbdb6-699d-4c3c-ab90-3d79e72ea4a8->a45c6565-035d-4d1b-87c5-293bdc0bfbe6#19-t1, previous=(t:1, i:17), leaderCommit=15, initializing? false, entries: size=1, first=(t:1, i:18), STATEMACHINELOGENTRY, client-4A0AD11AF982, cid=17
2019-09-16 22:06:47,525 [java.util.concurrent.ThreadPoolExecutor$Worker@6e328994[State = -1, empty queue]] WARN  server.GrpcLogAppender (GrpcLogAppender.java:timeoutAppendRequest(200)) - 74ecbdb6-699d-4c3c-ab90-3d79e72ea4a8@group-E72450CA2CED->a45c6565-035d-4d1b-87c5-293bdc0bfbe6-GrpcLogAppender: appendEntries Timeout, request=74ecbdb6-699d-4c3c-ab90-3d79e72ea4a8->a45c6565-035d-4d1b-87c5-293bdc0bfbe6#20-t1, previous=(t:1, i:18), leaderCommit=15, initializing? false, entries: size=1, first=(t:1, i:19), STATEMACHINELOGENTRY, client-4A0AD11AF982, cid=18
2019-09-16 22:06:47,643 [java.util.concurrent.ThreadPoolExecutor$Worker@6e328994[State = -1, empty queue]] WARN  server.GrpcLogAppender (GrpcLogAppender.java:timeoutAppendRequest(200)) - 74ecbdb6-699d-4c3c-ab90-3d79e72ea4a8@group-E72450CA2CED->a45c6565-035d-4d1b-87c5-293bdc0bfbe6-GrpcLogAppender: appendEntries Timeout, request=74ecbdb6-699d-4c3c-ab90-3d79e72ea4a8->a45c6565-035d-4d1b-87c5-293bdc0bfbe6#21-t1, previous=(t:1, i:19), leaderCommit=17, initializing? false, entries: size=1, first=(t:1, i:20), METADATAENTRY(c16)
2019-09-16 22:06:47,643 [java.util.concurrent.ThreadPoolExecutor$Worker@6e328994[State = -1, empty queue]] WARN  server.GrpcLogAppender (GrpcLogAppender.java:timeoutAppendRequest(200)) - 74ecbdb6-699d-4c3c-ab90-3d79e72ea4a8@group-E72450CA2CED->a45c6565-035d-4d1b-87c5-293bdc0bfbe6-GrpcLogAppender: appendEntries Timeout, request=74ecbdb6-699d-4c3c-ab90-3d79e72ea4a8->a45c6565-035d-4d1b-87c5-293bdc0bfbe6#22-t1, previous=(t:1, i:20), leaderCommit=19, initializing? false, entries: size=1, first=(t:1, i:21), METADATAENTRY(c17)
2019-09-16 22:06:47,644 [java.util.concurrent.ThreadPoolExecutor$Worker@6e328994[State = -1, empty queue]] WARN  server.GrpcLogAppender (GrpcLogAppender.java:timeoutAppendRequest(200)) - 74ecbdb6-699d-4c3c-ab90-3d79e72ea4a8@group-E72450CA2CED->a45c6565-035d-4d1b-87c5-293bdc0bfbe6-GrpcLogAppender: appendEntries Timeout, request=74ecbdb6-699d-4c3c-ab90-3d79e72ea4a8->a45c6565-035d-4d1b-87c5-293bdc0bfbe6#23-t1, previous=(t:1, i:21), leaderCommit=19, initializing? false, entries: size=1, first=(t:1, i:22), METADATAENTRY(c18)
2019-09-16 22:06:47,644 [java.util.concurrent.ThreadPoolExecutor$Worker@6e328994[State = -1, empty queue]] WARN  server.GrpcLogAppender (GrpcLogAppender.java:timeoutAppendRequest(200)) - 74ecbdb6-699d-4c3c-ab90-3d79e72ea4a8@group-E72450CA2CED->a45c6565-035d-4d1b-87c5-293bdc0bfbe6-GrpcLogAppender: appendEntries Timeout, request=74ecbdb6-699d-4c3c-ab90-3d79e72ea4a8->a45c6565-035d-4d1b-87c5-293bdc0bfbe6#24-t1, previous=(t:1, i:22), leaderCommit=19, initializing? false, entries: size=1, first=(t:1, i:23), METADATAENTRY(c19)
 0.00% |█                                                                                                    |  0/1 Time: 0:00:09 0.00% |█                                                                                                    |  0/1 Time: 0:00:10 0.00% |█                                                                                                    |  0/1 Time: 0:00:112019-09-16 22:06:50,147 [java.util.concurrent.ThreadPoolExecutor$Worker@6e328994[State = -1, empty queue]] WARN  server.GrpcLogAppender (GrpcLogAppender.java:timeoutAppendRequest(200)) - 74ecbdb6-699d-4c3c-ab90-3d79e72ea4a8@group-E72450CA2CED->a45c6565-035d-4d1b-87c5-293bdc0bfbe6-GrpcLogAppender: appendEntries Timeout, request=74ecbdb6-699d-4c3c-ab90-3d79e72ea4a8->a45c6565-035d-4d1b-87c5-293bdc0bfbe6#25-t1, previous=(t:1, i:23), leaderCommit=23, initializing? false, entries: <empty>
 0.00% |█                                                                                                    |  0/1 Time: 0:00:12 0.00% |█                                                                                                    |  0/1 Time: 0:00:132019-09-16 22:06:52,649 [java.util.concurrent.ThreadPoolExecutor$Worker@6e328994[State = -1, empty queue]] WARN  server.GrpcLogAppender (GrpcLogAppender.java:timeoutAppendRequest(200)) - 74ecbdb6-699d-4c3c-ab90-3d79e72ea4a8@group-E72450CA2CED->a45c6565-035d-4d1b-87c5-293bdc0bfbe6-GrpcLogAppender: appendEntries Timeout, request=74ecbdb6-699d-4c3c-ab90-3d79e72ea4a8->a45c6565-035d-4d1b-87c5-293bdc0bfbe6#26-t1, previous=(t:1, i:23), leaderCommit=23, initializing? false, entries: <empty>
 0.00% |█                                                                                                    |  0/1 Time: 0:00:14 0.00% |█                                                                                                    |  0/1 Time: 0:00:152019-09-16 22:06:54,632 [a45c6565-035d-4d1b-87c5-293bdc0bfbe6@group-E72450CA2CED-SegmentedRaftLogWorker] WARN  segmented.SegmentedRaftLogWorker (SegmentedRaftLogWorker.java:getFromFuture(90)) - Timeout 0/~
org.apache.ratis.protocol.TimeoutIOException: Timeout 10s: WriteLog:18: (t:1, i:18), STATEMACHINELOGENTRY, client-4A0AD11AF982, cid=17-writeStateMachineData
	at org.apache.ratis.util.IOUtils.getFromFuture(IOUtils.java:87)
	at org.apache.ratis.server.raftlog.segmented.SegmentedRaftLogWorker$StateMachineDataPolicy.getFromFuture(SegmentedRaftLogWorker.java:87)
	at org.apache.ratis.server.raftlog.segmented.SegmentedRaftLogWorker$WriteLog.execute(SegmentedRaftLogWorker.java:477)
	at org.apache.ratis.server.raftlog.segmented.SegmentedRaftLogWorker.run(SegmentedRaftLogWorker.java:289)
	at java.lang.Thread.run(Thread.java:748)
Caused by: java.util.concurrent.TimeoutException
	at java.util.concurrent.CompletableFuture.timedGet(CompletableFuture.java:1771)
	at java.util.concurrent.CompletableFuture.get(CompletableFuture.java:1915)
	at org.apache.ratis.util.IOUtils.getFromFuture(IOUtils.java:79)
	... 4 more
2019-09-16 22:06:54,761 [Thread-305] INFO  client.GrpcClientProtocolService (GrpcClientProtocolService.java:lambda$processClientRequest$0(278)) - Failed RaftClientRequest:client-4A0AD11AF982->74ecbdb6-699d-4c3c-ab90-3d79e72ea4a8@group-E72450CA2CED, cid=19, seq=0, Watch-ALL_COMMITTED(17), Message:<EMPTY>, reply=RaftClientReply:client-4A0AD11AF982->74ecbdb6-699d-4c3c-ab90-3d79e72ea4a8@group-E72450CA2CED, cid=19, FAILED org.apache.ratis.protocol.NotReplicatedException: Request with call Id 19 and log index 17 is not yet replicated to ALL_COMMITTED, logIndex=17, commits[74ecbdb6-699d-4c3c-ab90-3d79e72ea4a8:c23, 7decb6b1-ba7c-48d8-97ff-6a25276295c4:c23, a45c6565-035d-4d1b-87c5-293bdc0bfbe6:c13]
2019-09-16 22:06:54,770 [grpc-default-executor-0] INFO  client.GrpcClientProtocolClient (GrpcClientProtocolClient.java:onNext(264)) - client-4A0AD11AF982->74ecbdb6-699d-4c3c-ab90-3d79e72ea4a8: receive RaftClientReply:client-4A0AD11AF982->74ecbdb6-699d-4c3c-ab90-3d79e72ea4a8@group-E72450CA2CED, cid=19, FAILED org.apache.ratis.protocol.NotReplicatedException: Request with call Id 19 and log index 17 is not yet replicated to ALL_COMMITTED, logIndex=17, commits[74ecbdb6-699d-4c3c-ab90-3d79e72ea4a8:c23, 7decb6b1-ba7c-48d8-97ff-6a25276295c4:c23, a45c6565-035d-4d1b-87c5-293bdc0bfbe6:c13]
2019-09-16 22:06:54,773 [pool-53-thread-3] WARN  scm.XceiverClientRatis (XceiverClientRatis.java:watchForCommit(262)) - 3 way commit failed on pipeline Pipeline[ Id: b13ef001-8a94-452d-a6a3-e72450ca2ced, Nodes: 74ecbdb6-699d-4c3c-ab90-3d79e72ea4a8{ip: 192.168.34.35, host: pr-hdds-2120-pf7zr-4137305271, networkLocation: /default-rack, certSerialId: null}7decb6b1-ba7c-48d8-97ff-6a25276295c4{ip: 192.168.34.35, host: pr-hdds-2120-pf7zr-4137305271, networkLocation: /default-rack, certSerialId: null}a45c6565-035d-4d1b-87c5-293bdc0bfbe6{ip: 192.168.34.35, host: pr-hdds-2120-pf7zr-4137305271, networkLocation: /default-rack, certSerialId: null}, Type:RATIS, Factor:THREE, State:OPEN]
java.util.concurrent.ExecutionException: org.apache.ratis.protocol.NotReplicatedException: Request with call Id 19 and log index 17 is not yet replicated to ALL_COMMITTED
	at java.util.concurrent.CompletableFuture.reportGet(CompletableFuture.java:357)
	at java.util.concurrent.CompletableFuture.get(CompletableFuture.java:1915)
	at org.apache.hadoop.hdds.scm.XceiverClientRatis.watchForCommit(XceiverClientRatis.java:259)
	at org.apache.hadoop.hdds.scm.storage.CommitWatcher.watchForCommit(CommitWatcher.java:194)
	at org.apache.hadoop.hdds.scm.storage.CommitWatcher.watchOnFirstIndex(CommitWatcher.java:135)
	at org.apache.hadoop.hdds.scm.storage.BlockOutputStream.watchForCommit(BlockOutputStream.java:347)
	at org.apache.hadoop.hdds.scm.storage.BlockOutputStream.handleFullBuffer(BlockOutputStream.java:324)
	at org.apache.hadoop.hdds.scm.storage.BlockOutputStream.write(BlockOutputStream.java:251)
	at org.apache.hadoop.ozone.client.io.BlockOutputStreamEntry.write(BlockOutputStreamEntry.java:129)
	at org.apache.hadoop.ozone.client.io.KeyOutputStream.handleWrite(KeyOutputStream.java:211)
	at org.apache.hadoop.ozone.client.io.KeyOutputStream.write(KeyOutputStream.java:193)
	at org.apache.hadoop.ozone.client.io.OzoneOutputStream.write(OzoneOutputStream.java:49)
	at org.apache.hadoop.ozone.freon.RandomKeyGenerator.createKey(RandomKeyGenerator.java:708)
	at org.apache.hadoop.ozone.freon.RandomKeyGenerator.access$1100(RandomKeyGenerator.java:88)
	at org.apache.hadoop.ozone.freon.RandomKeyGenerator$ObjectCreator.run(RandomKeyGenerator.java:615)
	at java.util.concurrent.Executors$RunnableAdapter.call(Executors.java:511)
	at java.util.concurrent.FutureTask.run(FutureTask.java:266)
	at java.util.concurrent.ThreadPoolExecutor.runWorker(ThreadPoolExecutor.java:1149)
	at java.util.concurrent.ThreadPoolExecutor$Worker.run(ThreadPoolExecutor.java:624)
	at java.lang.Thread.run(Thread.java:748)
Caused by: org.apache.ratis.protocol.NotReplicatedException: Request with call Id 19 and log index 17 is not yet replicated to ALL_COMMITTED
	at org.apache.ratis.client.impl.ClientProtoUtils.toRaftClientReply(ClientProtoUtils.java:246)
	at org.apache.ratis.grpc.client.GrpcClientProtocolClient$AsyncStreamObservers$1.onNext(GrpcClientProtocolClient.java:263)
	at org.apache.ratis.grpc.client.GrpcClientProtocolClient$AsyncStreamObservers$1.onNext(GrpcClientProtocolClient.java:258)
	at org.apache.ratis.thirdparty.io.grpc.stub.ClientCalls$StreamObserverToCallListenerAdapter.onMessage(ClientCalls.java:421)
	at org.apache.ratis.thirdparty.io.grpc.ForwardingClientCallListener.onMessage(ForwardingClientCallListener.java:33)
	at org.apache.ratis.thirdparty.io.grpc.ForwardingClientCallListener.onMessage(ForwardingClientCallListener.java:33)
	at org.apache.ratis.thirdparty.io.grpc.internal.ClientCallImpl$ClientStreamListenerImpl$1MessagesAvailable.runInContext(ClientCallImpl.java:519)
	at org.apache.ratis.thirdparty.io.grpc.internal.ContextRunnable.run(ContextRunnable.java:37)
	at org.apache.ratis.thirdparty.io.grpc.internal.SerializingExecutor.run(SerializingExecutor.java:123)
	... 3 more
2019-09-16 22:06:54,780 [grpc-default-executor-0] INFO  client.GrpcClientProtocolClient (GrpcClientProtocolClient.java:onNext(264)) - client-4A0AD11AF982->74ecbdb6-699d-4c3c-ab90-3d79e72ea4a8: receive RaftClientReply:client-4A0AD11AF982->74ecbdb6-699d-4c3c-ab90-3d79e72ea4a8@group-E72450CA2CED, cid=20, SUCCESS, logIndex=0, commits[74ecbdb6-699d-4c3c-ab90-3d79e72ea4a8:c23, 7decb6b1-ba7c-48d8-97ff-6a25276295c4:c23, a45c6565-035d-4d1b-87c5-293bdc0bfbe6:c13]
2019-09-16 22:06:54,785 [pool-53-thread-3] INFO  scm.XceiverClientRatis (XceiverClientRatis.java:lambda$watchForCommit$7(280)) - Could not commit index 17 on pipeline Pipeline[ Id: b13ef001-8a94-452d-a6a3-e72450ca2ced, Nodes: 74ecbdb6-699d-4c3c-ab90-3d79e72ea4a8{ip: 192.168.34.35, host: pr-hdds-2120-pf7zr-4137305271, networkLocation: /default-rack, certSerialId: null}7decb6b1-ba7c-48d8-97ff-6a25276295c4{ip: 192.168.34.35, host: pr-hdds-2120-pf7zr-4137305271, networkLocation: /default-rack, certSerialId: null}a45c6565-035d-4d1b-87c5-293bdc0bfbe6{ip: 192.168.34.35, host: pr-hdds-2120-pf7zr-4137305271, networkLocation: /default-rack, certSerialId: null}, Type:RATIS, Factor:THREE, State:OPEN] to all the nodes. Server a45c6565-035d-4d1b-87c5-293bdc0bfbe6 has failed. Committed by majority.
2019-09-16 22:06:54,786 [pool-53-thread-3] WARN  storage.BlockOutputStream (BlockOutputStream.java:watchForCommit(353)) - Failed to commit BlockId conID: 2 locID: 102804461924384769 bcsId: 19 on Pipeline[ Id: b13ef001-8a94-452d-a6a3-e72450ca2ced, Nodes: 74ecbdb6-699d-4c3c-ab90-3d79e72ea4a8{ip: 192.168.34.35, host: pr-hdds-2120-pf7zr-4137305271, networkLocation: /default-rack, certSerialId: null}7decb6b1-ba7c-48d8-97ff-6a25276295c4{ip: 192.168.34.35, host: pr-hdds-2120-pf7zr-4137305271, networkLocation: /default-rack, certSerialId: null}a45c6565-035d-4d1b-87c5-293bdc0bfbe6{ip: 192.168.34.35, host: pr-hdds-2120-pf7zr-4137305271, networkLocation: /default-rack, certSerialId: null}, Type:RATIS, Factor:THREE, State:OPEN]. Failed nodes: [a45c6565-035d-4d1b-87c5-293bdc0bfbe6{ip: null, host: null, networkLocation: /default-rack, certSerialId: null}]
2019-09-16 22:06:54,840 [grpc-default-executor-0] INFO  client.GrpcClientProtocolClient (GrpcClientProtocolClient.java:onNext(264)) - client-4A0AD11AF982->74ecbdb6-699d-4c3c-ab90-3d79e72ea4a8: receive RaftClientReply:client-4A0AD11AF982->74ecbdb6-699d-4c3c-ab90-3d79e72ea4a8@group-E72450CA2CED, cid=21, SUCCESS, logIndex=24, commits[74ecbdb6-699d-4c3c-ab90-3d79e72ea4a8:c25, 7decb6b1-ba7c-48d8-97ff-6a25276295c4:c23, a45c6565-035d-4d1b-87c5-293bdc0bfbe6:c13]
2019-09-16 22:06:54,843 [grpc-default-executor-0] INFO  client.GrpcClientProtocolClient (GrpcClientProtocolClient.java:onNext(264)) - client-4A0AD11AF982->74ecbdb6-699d-4c3c-ab90-3d79e72ea4a8: receive RaftClientReply:client-4A0AD11AF982->74ecbdb6-699d-4c3c-ab90-3d79e72ea4a8@group-E72450CA2CED, cid=22, SUCCESS, logIndex=25, commits[74ecbdb6-699d-4c3c-ab90-3d79e72ea4a8:c25, 7decb6b1-ba7c-48d8-97ff-6a25276295c4:c23, a45c6565-035d-4d1b-87c5-293bdc0bfbe6:c13]
2019-09-16 22:06:54,875 [grpc-default-executor-0] INFO  client.GrpcClientProtocolClient (GrpcClientProtocolClient.java:onNext(264)) - client-4A0AD11AF982->74ecbdb6-699d-4c3c-ab90-3d79e72ea4a8: receive RaftClientReply:client-4A0AD11AF982->74ecbdb6-699d-4c3c-ab90-3d79e72ea4a8@group-E72450CA2CED, cid=23, SUCCESS, logIndex=28, commits[74ecbdb6-699d-4c3c-ab90-3d79e72ea4a8:c29, 7decb6b1-ba7c-48d8-97ff-6a25276295c4:c27, a45c6565-035d-4d1b-87c5-293bdc0bfbe6:c13]
2019-09-16 22:06:54,876 [grpc-default-executor-0] INFO  client.GrpcClientProtocolClient (GrpcClientProtocolClient.java:onNext(264)) - client-4A0AD11AF982->74ecbdb6-699d-4c3c-ab90-3d79e72ea4a8: receive RaftClientReply:client-4A0AD11AF982->74ecbdb6-699d-4c3c-ab90-3d79e72ea4a8@group-E72450CA2CED, cid=24, SUCCESS, logIndex=29, commits[74ecbdb6-699d-4c3c-ab90-3d79e72ea4a8:c29, 7decb6b1-ba7c-48d8-97ff-6a25276295c4:c27, a45c6565-035d-4d1b-87c5-293bdc0bfbe6:c13]
 0.00% |█                                                                                                    |  0/1 Time: 0:00:162019-09-16 22:06:55,152 [java.util.concurrent.ThreadPoolExecutor$Worker@6e328994[State = -1, empty queue]] WARN  server.GrpcLogAppender (GrpcLogAppender.java:timeoutAppendRequest(200)) - 74ecbdb6-699d-4c3c-ab90-3d79e72ea4a8@group-E72450CA2CED->a45c6565-035d-4d1b-87c5-293bdc0bfbe6-GrpcLogAppender: appendEntries Timeout, request=74ecbdb6-699d-4c3c-ab90-3d79e72ea4a8->a45c6565-035d-4d1b-87c5-293bdc0bfbe6#27-t1, previous=(t:1, i:23), leaderCommit=23, initializing? false, entries: <empty>
 0.00% |█                                                                                                    |  0/1 Time: 0:00:17 0.00% |█                                                                                                    |  0/1 Time: 0:00:182019-09-16 22:06:57,655 [java.util.concurrent.ThreadPoolExecutor$Worker@6e328994[State = -1, empty queue]] WARN  server.GrpcLogAppender (GrpcLogAppender.java:timeoutAppendRequest(200)) - 74ecbdb6-699d-4c3c-ab90-3d79e72ea4a8@group-E72450CA2CED->a45c6565-035d-4d1b-87c5-293bdc0bfbe6-GrpcLogAppender: appendEntries Timeout, request=74ecbdb6-699d-4c3c-ab90-3d79e72ea4a8->a45c6565-035d-4d1b-87c5-293bdc0bfbe6#28-t1, previous=(t:1, i:23), leaderCommit=23, initializing? false, entries: <empty>
2019-09-16 22:06:57,814 [java.util.concurrent.ThreadPoolExecutor$Worker@6e328994[State = -1, empty queue]] WARN  server.GrpcLogAppender (GrpcLogAppender.java:timeoutAppendRequest(200)) - 74ecbdb6-699d-4c3c-ab90-3d79e72ea4a8@group-E72450CA2CED->a45c6565-035d-4d1b-87c5-293bdc0bfbe6-GrpcLogAppender: appendEntries Timeout, request=74ecbdb6-699d-4c3c-ab90-3d79e72ea4a8->a45c6565-035d-4d1b-87c5-293bdc0bfbe6#29-t1, previous=(t:1, i:23), leaderCommit=23, initializing? false, entries: size=1, first=(t:1, i:24), STATEMACHINELOGENTRY, client-4A0AD11AF982, cid=21
2019-09-16 22:06:57,814 [java.util.concurrent.ThreadPoolExecutor$Worker@6e328994[State = -1, empty queue]] WARN  server.GrpcLogAppender (GrpcLogAppender.java:timeoutAppendRequest(200)) - 74ecbdb6-699d-4c3c-ab90-3d79e72ea4a8@group-E72450CA2CED->a45c6565-035d-4d1b-87c5-293bdc0bfbe6-GrpcLogAppender: appendEntries Timeout, request=74ecbdb6-699d-4c3c-ab90-3d79e72ea4a8->a45c6565-035d-4d1b-87c5-293bdc0bfbe6#30-t1, previous=(t:1, i:24), leaderCommit=23, initializing? false, entries: size=1, first=(t:1, i:25), STATEMACHINELOGENTRY, client-4A0AD11AF982, cid=22
2019-09-16 22:06:57,828 [java.util.concurrent.ThreadPoolExecutor$Worker@6e328994[State = -1, empty queue]] WARN  server.GrpcLogAppender (GrpcLogAppender.java:timeoutAppendRequest(200)) - 74ecbdb6-699d-4c3c-ab90-3d79e72ea4a8@group-E72450CA2CED->a45c6565-035d-4d1b-87c5-293bdc0bfbe6-GrpcLogAppender: appendEntries Timeout, request=74ecbdb6-699d-4c3c-ab90-3d79e72ea4a8->a45c6565-035d-4d1b-87c5-293bdc0bfbe6#31-t1, previous=(t:1, i:25), leaderCommit=25, initializing? false, entries: size=1, first=(t:1, i:26), METADATAENTRY(c24)
2019-09-16 22:06:57,828 [java.util.concurrent.ThreadPoolExecutor$Worker@6e328994[State = -1, empty queue]] WARN  server.GrpcLogAppender (GrpcLogAppender.java:timeoutAppendRequest(200)) - 74ecbdb6-699d-4c3c-ab90-3d79e72ea4a8@group-E72450CA2CED->a45c6565-035d-4d1b-87c5-293bdc0bfbe6-GrpcLogAppender: appendEntries Timeout, request=74ecbdb6-699d-4c3c-ab90-3d79e72ea4a8->a45c6565-035d-4d1b-87c5-293bdc0bfbe6#32-t1, previous=(t:1, i:26), leaderCommit=25, initializing? false, entries: size=1, first=(t:1, i:27), METADATAENTRY(c25)
2019-09-16 22:06:57,858 [java.util.concurrent.ThreadPoolExecutor$Worker@6e328994[State = -1, empty queue]] WARN  server.GrpcLogAppender (GrpcLogAppender.java:timeoutAppendRequest(200)) - 74ecbdb6-699d-4c3c-ab90-3d79e72ea4a8@group-E72450CA2CED->a45c6565-035d-4d1b-87c5-293bdc0bfbe6-GrpcLogAppender: appendEntries Timeout, request=74ecbdb6-699d-4c3c-ab90-3d79e72ea4a8->a45c6565-035d-4d1b-87c5-293bdc0bfbe6#33-t1, previous=(t:1, i:27), leaderCommit=27, initializing? false, entries: size=1, first=(t:1, i:28), STATEMACHINELOGENTRY, client-4A0AD11AF982, cid=23
2019-09-16 22:06:57,858 [java.util.concurrent.ThreadPoolExecutor$Worker@6e328994[State = -1, empty queue]] WARN  server.GrpcLogAppender (GrpcLogAppender.java:timeoutAppendRequest(200)) - 74ecbdb6-699d-4c3c-ab90-3d79e72ea4a8@group-E72450CA2CED->a45c6565-035d-4d1b-87c5-293bdc0bfbe6-GrpcLogAppender: appendEntries Timeout, request=74ecbdb6-699d-4c3c-ab90-3d79e72ea4a8->a45c6565-035d-4d1b-87c5-293bdc0bfbe6#34-t1, previous=(t:1, i:28), leaderCommit=27, initializing? false, entries: size=1, first=(t:1, i:29), STATEMACHINELOGENTRY, client-4A0AD11AF982, cid=24
2019-09-16 22:06:57,871 [java.util.concurrent.ThreadPoolExecutor$Worker@6e328994[State = -1, empty queue]] WARN  server.GrpcLogAppender (GrpcLogAppender.java:timeoutAppendRequest(200)) - 74ecbdb6-699d-4c3c-ab90-3d79e72ea4a8@group-E72450CA2CED->a45c6565-035d-4d1b-87c5-293bdc0bfbe6-GrpcLogAppender: appendEntries Timeout, request=74ecbdb6-699d-4c3c-ab90-3d79e72ea4a8->a45c6565-035d-4d1b-87c5-293bdc0bfbe6#35-t1, previous=(t:1, i:29), leaderCommit=29, initializing? false, entries: size=1, first=(t:1, i:30), METADATAENTRY(c28)
2019-09-16 22:06:57,872 [java.util.concurrent.ThreadPoolExecutor$Worker@6e328994[State = -1, empty queue]] WARN  server.GrpcLogAppender (GrpcLogAppender.java:timeoutAppendRequest(200)) - 74ecbdb6-699d-4c3c-ab90-3d79e72ea4a8@group-E72450CA2CED->a45c6565-035d-4d1b-87c5-293bdc0bfbe6-GrpcLogAppender: appendEntries Timeout, request=74ecbdb6-699d-4c3c-ab90-3d79e72ea4a8->a45c6565-035d-4d1b-87c5-293bdc0bfbe6#36-t1, previous=(t:1, i:30), leaderCommit=29, initializing? false, entries: size=1, first=(t:1, i:31), METADATAENTRY(c29)
 0.00% |█                                                                                                    |  0/1 Time: 0:00:192019-09-16 22:06:58,755 [Thread-324] INFO  client.GrpcClientProtocolService (GrpcClientProtocolService.java:lambda$processClientRequest$0(278)) - Failed RaftClientRequest:client-4A0AD11AF982->74ecbdb6-699d-4c3c-ab90-3d79e72ea4a8@group-E72450CA2CED, cid=19, seq=0, Watch-ALL_COMMITTED(17), Message:<EMPTY>, reply=RaftClientReply:client-4A0AD11AF982->74ecbdb6-699d-4c3c-ab90-3d79e72ea4a8@group-E72450CA2CED, cid=19, FAILED org.apache.ratis.protocol.NotReplicatedException: Request with call Id 19 and log index 17 is not yet replicated to ALL_COMMITTED, logIndex=17, commits[74ecbdb6-699d-4c3c-ab90-3d79e72ea4a8:c31, 7decb6b1-ba7c-48d8-97ff-6a25276295c4:c31, a45c6565-035d-4d1b-87c5-293bdc0bfbe6:c13]
2019-09-16 22:06:58,760 [grpc-default-executor-1] INFO  client.GrpcClientProtocolClient (GrpcClientProtocolClient.java:onNext(264)) - client-4A0AD11AF982->74ecbdb6-699d-4c3c-ab90-3d79e72ea4a8: receive RaftClientReply:client-4A0AD11AF982->74ecbdb6-699d-4c3c-ab90-3d79e72ea4a8@group-E72450CA2CED, cid=19, FAILED org.apache.ratis.protocol.NotReplicatedException: Request with call Id 19 and log index 17 is not yet replicated to ALL_COMMITTED, logIndex=17, commits[74ecbdb6-699d-4c3c-ab90-3d79e72ea4a8:c31, 7decb6b1-ba7c-48d8-97ff-6a25276295c4:c31, a45c6565-035d-4d1b-87c5-293bdc0bfbe6:c13]
 0.00% |█                                                                                                    |  0/1 Time: 0:00:20 0.00% |█                                                                                                    |  0/1 Time: 0:00:212019-09-16 22:07:00,373 [java.util.concurrent.ThreadPoolExecutor$Worker@6e328994[State = -1, empty queue]] WARN  server.GrpcLogAppender (GrpcLogAppender.java:timeoutAppendRequest(200)) - 74ecbdb6-699d-4c3c-ab90-3d79e72ea4a8@group-E72450CA2CED->a45c6565-035d-4d1b-87c5-293bdc0bfbe6-GrpcLogAppender: appendEntries Timeout, request=74ecbdb6-699d-4c3c-ab90-3d79e72ea4a8->a45c6565-035d-4d1b-87c5-293bdc0bfbe6#37-t1, previous=(t:1, i:31), leaderCommit=31, initializing? false, entries: <empty>
 0.00% |█                                                                                                    |  0/1 Time: 0:00:22 0.00% |█                                                                                                    |  0/1 Time: 0:00:232019-09-16 22:07:02,756 [Thread-330] INFO  client.GrpcClientProtocolService (GrpcClientProtocolService.java:lambda$processClientRequest$0(278)) - Failed RaftClientRequest:client-4A0AD11AF982->74ecbdb6-699d-4c3c-ab90-3d79e72ea4a8@group-E72450CA2CED, cid=19, seq=0, Watch-ALL_COMMITTED(17), Message:<EMPTY>, reply=RaftClientReply:client-4A0AD11AF982->74ecbdb6-699d-4c3c-ab90-3d79e72ea4a8@group-E72450CA2CED, cid=19, FAILED org.apache.ratis.protocol.NotReplicatedException: Request with call Id 19 and log index 17 is not yet replicated to ALL_COMMITTED, logIndex=17, commits[74ecbdb6-699d-4c3c-ab90-3d79e72ea4a8:c31, 7decb6b1-ba7c-48d8-97ff-6a25276295c4:c31, a45c6565-035d-4d1b-87c5-293bdc0bfbe6:c13]
2019-09-16 22:07:02,760 [grpc-default-executor-1] INFO  client.GrpcClientProtocolClient (GrpcClientProtocolClient.java:onNext(264)) - client-4A0AD11AF982->74ecbdb6-699d-4c3c-ab90-3d79e72ea4a8: receive RaftClientReply:client-4A0AD11AF982->74ecbdb6-699d-4c3c-ab90-3d79e72ea4a8@group-E72450CA2CED, cid=19, FAILED org.apache.ratis.protocol.NotReplicatedException: Request with call Id 19 and log index 17 is not yet replicated to ALL_COMMITTED, logIndex=17, commits[74ecbdb6-699d-4c3c-ab90-3d79e72ea4a8:c31, 7decb6b1-ba7c-48d8-97ff-6a25276295c4:c31, a45c6565-035d-4d1b-87c5-293bdc0bfbe6:c13]
2019-09-16 22:07:02,874 [java.util.concurrent.ThreadPoolExecutor$Worker@6e328994[State = -1, empty queue]] WARN  server.GrpcLogAppender (GrpcLogAppender.java:timeoutAppendRequest(200)) - 74ecbdb6-699d-4c3c-ab90-3d79e72ea4a8@group-E72450CA2CED->a45c6565-035d-4d1b-87c5-293bdc0bfbe6-GrpcLogAppender: appendEntries Timeout, request=74ecbdb6-699d-4c3c-ab90-3d79e72ea4a8->a45c6565-035d-4d1b-87c5-293bdc0bfbe6#38-t1, previous=(t:1, i:31), leaderCommit=31, initializing? false, entries: <empty>
 0.00% |█                                                                                                    |  0/1 Time: 0:00:24 0.00% |█                                                                                                    |  0/1 Time: 0:00:252019-09-16 22:07:04,637 [a45c6565-035d-4d1b-87c5-293bdc0bfbe6@group-E72450CA2CED-SegmentedRaftLogWorker] WARN  segmented.SegmentedRaftLogWorker (SegmentedRaftLogWorker.java:getFromFuture(90)) - Timeout 1/~
org.apache.ratis.protocol.TimeoutIOException: Timeout 10s: WriteLog:18: (t:1, i:18), STATEMACHINELOGENTRY, client-4A0AD11AF982, cid=17-writeStateMachineData
	at org.apache.ratis.util.IOUtils.getFromFuture(IOUtils.java:87)
	at org.apache.ratis.server.raftlog.segmented.SegmentedRaftLogWorker$StateMachineDataPolicy.getFromFuture(SegmentedRaftLogWorker.java:87)
	at org.apache.ratis.server.raftlog.segmented.SegmentedRaftLogWorker$WriteLog.execute(SegmentedRaftLogWorker.java:477)
	at org.apache.ratis.server.raftlog.segmented.SegmentedRaftLogWorker.run(SegmentedRaftLogWorker.java:289)
	at java.lang.Thread.run(Thread.java:748)
Caused by: java.util.concurrent.TimeoutException
	at java.util.concurrent.CompletableFuture.timedGet(CompletableFuture.java:1771)
	at java.util.concurrent.CompletableFuture.get(CompletableFuture.java:1915)
	at org.apache.ratis.util.IOUtils.getFromFuture(IOUtils.java:79)
	... 4 more
 0.00% |█                                                                                                    |  0/1 Time: 0:00:262019-09-16 22:07:05,377 [java.util.concurrent.ThreadPoolExecutor$Worker@6e328994[State = -1, empty queue]] WARN  server.GrpcLogAppender (GrpcLogAppender.java:timeoutAppendRequest(200)) - 74ecbdb6-699d-4c3c-ab90-3d79e72ea4a8@group-E72450CA2CED->a45c6565-035d-4d1b-87c5-293bdc0bfbe6-GrpcLogAppender: appendEntries Timeout, request=74ecbdb6-699d-4c3c-ab90-3d79e72ea4a8->a45c6565-035d-4d1b-87c5-293bdc0bfbe6#39-t1, previous=(t:1, i:31), leaderCommit=31, initializing? false, entries: <empty>
2019-09-16 22:07:05,756 [Thread-333] INFO  client.GrpcClientProtocolService (GrpcClientProtocolService.java:lambda$processClientRequest$0(278)) - Failed RaftClientRequest:client-4A0AD11AF982->74ecbdb6-699d-4c3c-ab90-3d79e72ea4a8@group-E72450CA2CED, cid=25, seq=0, Watch-ALL_COMMITTED(29), Message:<EMPTY>, reply=RaftClientReply:client-4A0AD11AF982->74ecbdb6-699d-4c3c-ab90-3d79e72ea4a8@group-E72450CA2CED, cid=25, FAILED org.apache.ratis.protocol.NotReplicatedException: Request with call Id 25 and log index 29 is not yet replicated to ALL_COMMITTED, logIndex=29, commits[74ecbdb6-699d-4c3c-ab90-3d79e72ea4a8:c31, 7decb6b1-ba7c-48d8-97ff-6a25276295c4:c31, a45c6565-035d-4d1b-87c5-293bdc0bfbe6:c13]
2019-09-16 22:07:05,759 [grpc-default-executor-1] INFO  client.GrpcClientProtocolClient (GrpcClientProtocolClient.java:onNext(264)) - client-4A0AD11AF982->74ecbdb6-699d-4c3c-ab90-3d79e72ea4a8: receive RaftClientReply:client-4A0AD11AF982->74ecbdb6-699d-4c3c-ab90-3d79e72ea4a8@group-E72450CA2CED, cid=25, FAILED org.apache.ratis.protocol.NotReplicatedException: Request with call Id 25 and log index 29 is not yet replicated to ALL_COMMITTED, logIndex=29, commits[74ecbdb6-699d-4c3c-ab90-3d79e72ea4a8:c31, 7decb6b1-ba7c-48d8-97ff-6a25276295c4:c31, a45c6565-035d-4d1b-87c5-293bdc0bfbe6:c13]
2019-09-16 22:07:05,763 [pool-53-thread-3] WARN  scm.XceiverClientRatis (XceiverClientRatis.java:watchForCommit(262)) - 3 way commit failed on pipeline Pipeline[ Id: b13ef001-8a94-452d-a6a3-e72450ca2ced, Nodes: 74ecbdb6-699d-4c3c-ab90-3d79e72ea4a8{ip: 192.168.34.35, host: pr-hdds-2120-pf7zr-4137305271, networkLocation: /default-rack, certSerialId: null}7decb6b1-ba7c-48d8-97ff-6a25276295c4{ip: 192.168.34.35, host: pr-hdds-2120-pf7zr-4137305271, networkLocation: /default-rack, certSerialId: null}a45c6565-035d-4d1b-87c5-293bdc0bfbe6{ip: 192.168.34.35, host: pr-hdds-2120-pf7zr-4137305271, networkLocation: /default-rack, certSerialId: null}, Type:RATIS, Factor:THREE, State:OPEN]
java.util.concurrent.ExecutionException: org.apache.ratis.protocol.NotReplicatedException: Request with call Id 25 and log index 29 is not yet replicated to ALL_COMMITTED
	at java.util.concurrent.CompletableFuture.reportGet(CompletableFuture.java:357)
	at java.util.concurrent.CompletableFuture.get(CompletableFuture.java:1915)
	at org.apache.hadoop.hdds.scm.XceiverClientRatis.watchForCommit(XceiverClientRatis.java:259)
	at org.apache.hadoop.hdds.scm.storage.CommitWatcher.watchForCommit(CommitWatcher.java:194)
	at org.apache.hadoop.hdds.scm.storage.CommitWatcher.watchOnLastIndex(CommitWatcher.java:157)
	at org.apache.hadoop.hdds.scm.storage.BlockOutputStream.watchForCommit(BlockOutputStream.java:347)
	at org.apache.hadoop.hdds.scm.storage.BlockOutputStream.handleFlush(BlockOutputStream.java:479)
	at org.apache.hadoop.hdds.scm.storage.BlockOutputStream.close(BlockOutputStream.java:493)
	at org.apache.hadoop.ozone.client.io.BlockOutputStreamEntry.close(BlockOutputStreamEntry.java:143)
	at org.apache.hadoop.ozone.client.io.KeyOutputStream.handleFlushOrClose(KeyOutputStream.java:438)
	at org.apache.hadoop.ozone.client.io.KeyOutputStream.handleWrite(KeyOutputStream.java:235)
	at org.apache.hadoop.ozone.client.io.KeyOutputStream.write(KeyOutputStream.java:193)
	at org.apache.hadoop.ozone.client.io.OzoneOutputStream.write(OzoneOutputStream.java:49)
	at org.apache.hadoop.ozone.freon.RandomKeyGenerator.createKey(RandomKeyGenerator.java:708)
	at org.apache.hadoop.ozone.freon.RandomKeyGenerator.access$1100(RandomKeyGenerator.java:88)
	at org.apache.hadoop.ozone.freon.RandomKeyGenerator$ObjectCreator.run(RandomKeyGenerator.java:615)
	at java.util.concurrent.Executors$RunnableAdapter.call(Executors.java:511)
	at java.util.concurrent.FutureTask.run(FutureTask.java:266)
	at java.util.concurrent.ThreadPoolExecutor.runWorker(ThreadPoolExecutor.java:1149)
	at java.util.concurrent.ThreadPoolExecutor$Worker.run(ThreadPoolExecutor.java:624)
	at java.lang.Thread.run(Thread.java:748)
Caused by: org.apache.ratis.protocol.NotReplicatedException: Request with call Id 25 and log index 29 is not yet replicated to ALL_COMMITTED
	at org.apache.ratis.client.impl.ClientProtoUtils.toRaftClientReply(ClientProtoUtils.java:246)
	at org.apache.ratis.grpc.client.GrpcClientProtocolClient$AsyncStreamObservers$1.onNext(GrpcClientProtocolClient.java:263)
	at org.apache.ratis.grpc.client.GrpcClientProtocolClient$AsyncStreamObservers$1.onNext(GrpcClientProtocolClient.java:258)
	at org.apache.ratis.thirdparty.io.grpc.stub.ClientCalls$StreamObserverToCallListenerAdapter.onMessage(ClientCalls.java:421)
	at org.apache.ratis.thirdparty.io.grpc.ForwardingClientCallListener.onMessage(ForwardingClientCallListener.java:33)
	at org.apache.ratis.thirdparty.io.grpc.ForwardingClientCallListener.onMessage(ForwardingClientCallListener.java:33)
	at org.apache.ratis.thirdparty.io.grpc.internal.ClientCallImpl$ClientStreamListenerImpl$1MessagesAvailable.runInContext(ClientCallImpl.java:519)
	at org.apache.ratis.thirdparty.io.grpc.internal.ContextRunnable.run(ContextRunnable.java:37)
	at org.apache.ratis.thirdparty.io.grpc.internal.SerializingExecutor.run(SerializingExecutor.java:123)
	... 3 more
2019-09-16 22:07:05,770 [grpc-default-executor-1] INFO  client.GrpcClientProtocolClient (GrpcClientProtocolClient.java:onNext(264)) - client-4A0AD11AF982->74ecbdb6-699d-4c3c-ab90-3d79e72ea4a8: receive RaftClientReply:client-4A0AD11AF982->74ecbdb6-699d-4c3c-ab90-3d79e72ea4a8@group-E72450CA2CED, cid=26, SUCCESS, logIndex=0, commits[74ecbdb6-699d-4c3c-ab90-3d79e72ea4a8:c31, 7decb6b1-ba7c-48d8-97ff-6a25276295c4:c31, a45c6565-035d-4d1b-87c5-293bdc0bfbe6:c13]
2019-09-16 22:07:05,772 [pool-53-thread-3] INFO  scm.XceiverClientRatis (XceiverClientRatis.java:lambda$watchForCommit$7(280)) - Could not commit index 29 on pipeline Pipeline[ Id: b13ef001-8a94-452d-a6a3-e72450ca2ced, Nodes: 74ecbdb6-699d-4c3c-ab90-3d79e72ea4a8{ip: 192.168.34.35, host: pr-hdds-2120-pf7zr-4137305271, networkLocation: /default-rack, certSerialId: null}7decb6b1-ba7c-48d8-97ff-6a25276295c4{ip: 192.168.34.35, host: pr-hdds-2120-pf7zr-4137305271, networkLocation: /default-rack, certSerialId: null}a45c6565-035d-4d1b-87c5-293bdc0bfbe6{ip: 192.168.34.35, host: pr-hdds-2120-pf7zr-4137305271, networkLocation: /default-rack, certSerialId: null}, Type:RATIS, Factor:THREE, State:OPEN] to all the nodes. Server a45c6565-035d-4d1b-87c5-293bdc0bfbe6 has failed. Committed by majority.
2019-09-16 22:07:05,774 [pool-53-thread-3] WARN  storage.BlockOutputStream (BlockOutputStream.java:watchForCommit(353)) - Failed to commit BlockId conID: 2 locID: 102804461924384769 bcsId: 29 on Pipeline[ Id: b13ef001-8a94-452d-a6a3-e72450ca2ced, Nodes: 74ecbdb6-699d-4c3c-ab90-3d79e72ea4a8{ip: 192.168.34.35, host: pr-hdds-2120-pf7zr-4137305271, networkLocation: /default-rack, certSerialId: null}7decb6b1-ba7c-48d8-97ff-6a25276295c4{ip: 192.168.34.35, host: pr-hdds-2120-pf7zr-4137305271, networkLocation: /default-rack, certSerialId: null}a45c6565-035d-4d1b-87c5-293bdc0bfbe6{ip: 192.168.34.35, host: pr-hdds-2120-pf7zr-4137305271, networkLocation: /default-rack, certSerialId: null}, Type:RATIS, Factor:THREE, State:OPEN]. Failed nodes: [a45c6565-035d-4d1b-87c5-293bdc0bfbe6{ip: null, host: null, networkLocation: /default-rack, certSerialId: null}]
 0.00% |█                                                                                                    |  0/1 Time: 0:00:272019-09-16 22:07:05,930 [grpc-default-executor-1] INFO  client.GrpcClientProtocolClient (GrpcClientProtocolClient.java:onNext(264)) - client-1652A23EE070->74ecbdb6-699d-4c3c-ab90-3d79e72ea4a8: receive RaftClientReply:client-1652A23EE070->74ecbdb6-699d-4c3c-ab90-3d79e72ea4a8@group-E72450CA2CED, cid=27, SUCCESS, logIndex=32, commits[74ecbdb6-699d-4c3c-ab90-3d79e72ea4a8:c32, 7decb6b1-ba7c-48d8-97ff-6a25276295c4:c31, a45c6565-035d-4d1b-87c5-293bdc0bfbe6:c13]
2019-09-16 22:07:05,981 [grpc-default-executor-1] INFO  client.GrpcClientProtocolClient (GrpcClientProtocolClient.java:onNext(264)) - client-1652A23EE070->74ecbdb6-699d-4c3c-ab90-3d79e72ea4a8: receive RaftClientReply:client-1652A23EE070->74ecbdb6-699d-4c3c-ab90-3d79e72ea4a8@group-E72450CA2CED, cid=28, SUCCESS, logIndex=34, commits[74ecbdb6-699d-4c3c-ab90-3d79e72ea4a8:c39, 7decb6b1-ba7c-48d8-97ff-6a25276295c4:c37, a45c6565-035d-4d1b-87c5-293bdc0bfbe6:c13]
2019-09-16 22:07:05,982 [grpc-default-executor-1] INFO  client.GrpcClientProtocolClient (GrpcClientProtocolClient.java:onNext(264)) - client-1652A23EE070->74ecbdb6-699d-4c3c-ab90-3d79e72ea4a8: receive RaftClientReply:client-1652A23EE070->74ecbdb6-699d-4c3c-ab90-3d79e72ea4a8@group-E72450CA2CED, cid=29, SUCCESS, logIndex=35, commits[74ecbdb6-699d-4c3c-ab90-3d79e72ea4a8:c39, 7decb6b1-ba7c-48d8-97ff-6a25276295c4:c37, a45c6565-035d-4d1b-87c5-293bdc0bfbe6:c13]
2019-09-16 22:07:06,002 [grpc-default-executor-1] INFO  client.GrpcClientProtocolClient (GrpcClientProtocolClient.java:onNext(264)) - client-1652A23EE070->74ecbdb6-699d-4c3c-ab90-3d79e72ea4a8: receive RaftClientReply:client-1652A23EE070->74ecbdb6-699d-4c3c-ab90-3d79e72ea4a8@group-E72450CA2CED, cid=30, SUCCESS, logIndex=36, commits[74ecbdb6-699d-4c3c-ab90-3d79e72ea4a8:c39, 7decb6b1-ba7c-48d8-97ff-6a25276295c4:c37, a45c6565-035d-4d1b-87c5-293bdc0bfbe6:c13]
 0.00% |█                                                                                                    |  0/1 Time: 0:00:282019-09-16 22:07:07,877 [java.util.concurrent.ThreadPoolExecutor$Worker@6e328994[State = -1, empty queue]] WARN  server.GrpcLogAppender (GrpcLogAppender.java:timeoutAppendRequest(200)) - 74ecbdb6-699d-4c3c-ab90-3d79e72ea4a8@group-E72450CA2CED->a45c6565-035d-4d1b-87c5-293bdc0bfbe6-GrpcLogAppender: appendEntries Timeout, request=74ecbdb6-699d-4c3c-ab90-3d79e72ea4a8->a45c6565-035d-4d1b-87c5-293bdc0bfbe6#40-t1, previous=(t:1, i:31), leaderCommit=31, initializing? false, entries: <empty>
 0.00% |█                                                                                                    |  0/1 Time: 0:00:292019-09-16 22:07:08,811 [java.util.concurrent.ThreadPoolExecutor$Worker@6e328994[State = -1, empty queue]] WARN  server.GrpcLogAppender (GrpcLogAppender.java:timeoutAppendRequest(200)) - 74ecbdb6-699d-4c3c-ab90-3d79e72ea4a8@group-E72450CA2CED->a45c6565-035d-4d1b-87c5-293bdc0bfbe6-GrpcLogAppender: appendEntries Timeout, request=74ecbdb6-699d-4c3c-ab90-3d79e72ea4a8->a45c6565-035d-4d1b-87c5-293bdc0bfbe6#41-t1, previous=(t:1, i:31), leaderCommit=31, initializing? false, entries: size=1, first=(t:1, i:32), STATEMACHINELOGENTRY, client-1652A23EE070, cid=27
 0.00% |█                                                                                                    |  0/1 Time: 0:00:302019-09-16 22:07:08,926 [java.util.concurrent.ThreadPoolExecutor$Worker@6e328994[State = -1, empty queue]] WARN  server.GrpcLogAppender (GrpcLogAppender.java:timeoutAppendRequest(200)) - 74ecbdb6-699d-4c3c-ab90-3d79e72ea4a8@group-E72450CA2CED->a45c6565-035d-4d1b-87c5-293bdc0bfbe6-GrpcLogAppender: appendEntries Timeout, request=74ecbdb6-699d-4c3c-ab90-3d79e72ea4a8->a45c6565-035d-4d1b-87c5-293bdc0bfbe6#42-t1, previous=(t:1, i:32), leaderCommit=32, initializing? false, entries: size=1, first=(t:1, i:33), METADATAENTRY(c32)
2019-09-16 22:07:08,939 [java.util.concurrent.ThreadPoolExecutor$Worker@6e328994[State = -1, empty queue]] WARN  server.GrpcLogAppender (GrpcLogAppender.java:timeoutAppendRequest(200)) - 74ecbdb6-699d-4c3c-ab90-3d79e72ea4a8@group-E72450CA2CED->a45c6565-035d-4d1b-87c5-293bdc0bfbe6-GrpcLogAppender: appendEntries Timeout, request=74ecbdb6-699d-4c3c-ab90-3d79e72ea4a8->a45c6565-035d-4d1b-87c5-293bdc0bfbe6#43-t1, previous=(t:1, i:33), leaderCommit=32, initializing? false, entries: size=1, first=(t:1, i:34), STATEMACHINELOGENTRY, client-1652A23EE070, cid=28
2019-09-16 22:07:08,947 [java.util.concurrent.ThreadPoolExecutor$Worker@6e328994[State = -1, empty queue]] WARN  server.GrpcLogAppender (GrpcLogAppender.java:timeoutAppendRequest(200)) - 74ecbdb6-699d-4c3c-ab90-3d79e72ea4a8@group-E72450CA2CED->a45c6565-035d-4d1b-87c5-293bdc0bfbe6-GrpcLogAppender: appendEntries Timeout, request=74ecbdb6-699d-4c3c-ab90-3d79e72ea4a8->a45c6565-035d-4d1b-87c5-293bdc0bfbe6#44-t1, previous=(t:1, i:34), leaderCommit=33, initializing? false, entries: size=1, first=(t:1, i:35), STATEMACHINELOGENTRY, client-1652A23EE070, cid=29
2019-09-16 22:07:08,947 [java.util.concurrent.ThreadPoolExecutor$Worker@6e328994[State = -1, empty queue]] WARN  server.GrpcLogAppender (GrpcLogAppender.java:timeoutAppendRequest(200)) - 74ecbdb6-699d-4c3c-ab90-3d79e72ea4a8@group-E72450CA2CED->a45c6565-035d-4d1b-87c5-293bdc0bfbe6-GrpcLogAppender: appendEntries Timeout, request=74ecbdb6-699d-4c3c-ab90-3d79e72ea4a8->a45c6565-035d-4d1b-87c5-293bdc0bfbe6#45-t1, previous=(t:1, i:35), leaderCommit=33, initializing? false, entries: size=1, first=(t:1, i:36), STATEMACHINELOGENTRY, client-1652A23EE070, cid=30
2019-09-16 22:07:08,953 [java.util.concurrent.ThreadPoolExecutor$Worker@6e328994[State = -1, empty queue]] WARN  server.GrpcLogAppender (GrpcLogAppender.java:timeoutAppendRequest(200)) - 74ecbdb6-699d-4c3c-ab90-3d79e72ea4a8@group-E72450CA2CED->a45c6565-035d-4d1b-87c5-293bdc0bfbe6-GrpcLogAppender: appendEntries Timeout, request=74ecbdb6-699d-4c3c-ab90-3d79e72ea4a8->a45c6565-035d-4d1b-87c5-293bdc0bfbe6#46-t1, previous=(t:1, i:36), leaderCommit=34, initializing? false, entries: size=1, first=(t:1, i:37), METADATAENTRY(c34)
2019-09-16 22:07:08,966 [java.util.concurrent.ThreadPoolExecutor$Worker@6e328994[State = -1, empty queue]] WARN  server.GrpcLogAppender (GrpcLogAppender.java:timeoutAppendRequest(200)) - 74ecbdb6-699d-4c3c-ab90-3d79e72ea4a8@group-E72450CA2CED->a45c6565-035d-4d1b-87c5-293bdc0bfbe6-GrpcLogAppender: appendEntries Timeout, request=74ecbdb6-699d-4c3c-ab90-3d79e72ea4a8->a45c6565-035d-4d1b-87c5-293bdc0bfbe6#47-t1, previous=(t:1, i:37), leaderCommit=36, initializing? false, entries: size=1, first=(t:1, i:38), METADATAENTRY(c35)
2019-09-16 22:07:08,967 [java.util.concurrent.ThreadPoolExecutor$Worker@6e328994[State = -1, empty queue]] WARN  server.GrpcLogAppender (GrpcLogAppender.java:timeoutAppendRequest(200)) - 74ecbdb6-699d-4c3c-ab90-3d79e72ea4a8@group-E72450CA2CED->a45c6565-035d-4d1b-87c5-293bdc0bfbe6-GrpcLogAppender: appendEntries Timeout, request=74ecbdb6-699d-4c3c-ab90-3d79e72ea4a8->a45c6565-035d-4d1b-87c5-293bdc0bfbe6#48-t1, previous=(t:1, i:38), leaderCommit=37, initializing? false, entries: size=1, first=(t:1, i:39), METADATAENTRY(c36)
2019-09-16 22:07:09,757 [Thread-356] INFO  client.GrpcClientProtocolService (GrpcClientProtocolService.java:lambda$processClientRequest$0(278)) - Failed RaftClientRequest:client-4A0AD11AF982->74ecbdb6-699d-4c3c-ab90-3d79e72ea4a8@group-E72450CA2CED, cid=25, seq=0, Watch-ALL_COMMITTED(29), Message:<EMPTY>, reply=RaftClientReply:client-4A0AD11AF982->74ecbdb6-699d-4c3c-ab90-3d79e72ea4a8@group-E72450CA2CED, cid=25, FAILED org.apache.ratis.protocol.NotReplicatedException: Request with call Id 25 and log index 29 is not yet replicated to ALL_COMMITTED, logIndex=29, commits[74ecbdb6-699d-4c3c-ab90-3d79e72ea4a8:c39, 7decb6b1-ba7c-48d8-97ff-6a25276295c4:c39, a45c6565-035d-4d1b-87c5-293bdc0bfbe6:c13]
 0.00% |█                                                                                                    |  0/1 Time: 0:00:31 0.00% |█                                                                                                    |  0/1 Time: 0:00:322019-09-16 22:07:11,470 [java.util.concurrent.ThreadPoolExecutor$Worker@6e328994[State = -1, empty queue]] WARN  server.GrpcLogAppender (GrpcLogAppender.java:timeoutAppendRequest(200)) - 74ecbdb6-699d-4c3c-ab90-3d79e72ea4a8@group-E72450CA2CED->a45c6565-035d-4d1b-87c5-293bdc0bfbe6-GrpcLogAppender: appendEntries Timeout, request=74ecbdb6-699d-4c3c-ab90-3d79e72ea4a8->a45c6565-035d-4d1b-87c5-293bdc0bfbe6#49-t1, previous=(t:1, i:39), leaderCommit=39, initializing? false, entries: <empty>
 0.00% |█                                                                                                    |  0/1 Time: 0:00:33 0.00% |█                                                                                                    |  0/1 Time: 0:00:342019-09-16 22:07:13,755 [Thread-362] INFO  client.GrpcClientProtocolService (GrpcClientProtocolService.java:lambda$processClientRequest$0(278)) - Failed RaftClientRequest:client-4A0AD11AF982->74ecbdb6-699d-4c3c-ab90-3d79e72ea4a8@group-E72450CA2CED, cid=25, seq=0, Watch-ALL_COMMITTED(29), Message:<EMPTY>, reply=RaftClientReply:client-4A0AD11AF982->74ecbdb6-699d-4c3c-ab90-3d79e72ea4a8@group-E72450CA2CED, cid=25, FAILED org.apache.ratis.protocol.NotReplicatedException: Request with call Id 25 and log index 29 is not yet replicated to ALL_COMMITTED, logIndex=29, commits[74ecbdb6-699d-4c3c-ab90-3d79e72ea4a8:c39, 7decb6b1-ba7c-48d8-97ff-6a25276295c4:c39, a45c6565-035d-4d1b-87c5-293bdc0bfbe6:c13]
 0.00% |█                                                                                                    |  0/1 Time: 0:00:352019-09-16 22:07:13,972 [java.util.concurrent.ThreadPoolExecutor$Worker@6e328994[State = -1, empty queue]] WARN  server.GrpcLogAppender (GrpcLogAppender.java:timeoutAppendRequest(200)) - 74ecbdb6-699d-4c3c-ab90-3d79e72ea4a8@group-E72450CA2CED->a45c6565-035d-4d1b-87c5-293bdc0bfbe6-GrpcLogAppender: appendEntries Timeout, request=74ecbdb6-699d-4c3c-ab90-3d79e72ea4a8->a45c6565-035d-4d1b-87c5-293bdc0bfbe6#50-t1, previous=(t:1, i:39), leaderCommit=39, initializing? false, entries: <empty>
2019-09-16 22:07:14,640 [a45c6565-035d-4d1b-87c5-293bdc0bfbe6@group-E72450CA2CED-SegmentedRaftLogWorker] WARN  segmented.SegmentedRaftLogWorker (SegmentedRaftLogWorker.java:getFromFuture(90)) - Timeout 2/~
org.apache.ratis.protocol.TimeoutIOException: Timeout 10s: WriteLog:18: (t:1, i:18), STATEMACHINELOGENTRY, client-4A0AD11AF982, cid=17-writeStateMachineData
	at org.apache.ratis.util.IOUtils.getFromFuture(IOUtils.java:87)
	at org.apache.ratis.server.raftlog.segmented.SegmentedRaftLogWorker$StateMachineDataPolicy.getFromFuture(SegmentedRaftLogWorker.java:87)
	at org.apache.ratis.server.raftlog.segmented.SegmentedRaftLogWorker$WriteLog.execute(SegmentedRaftLogWorker.java:477)
	at org.apache.ratis.server.raftlog.segmented.SegmentedRaftLogWorker.run(SegmentedRaftLogWorker.java:289)
	at java.lang.Thread.run(Thread.java:748)
Caused by: java.util.concurrent.TimeoutException
	at java.util.concurrent.CompletableFuture.timedGet(CompletableFuture.java:1771)
	at java.util.concurrent.CompletableFuture.get(CompletableFuture.java:1915)
	at org.apache.ratis.util.IOUtils.getFromFuture(IOUtils.java:79)
	... 4 more
 0.00% |█                                                                                                    |  0/1 Time: 0:00:36 0.00% |█                                                                                                    |  0/1 Time: 0:00:372019-09-16 22:07:16,473 [java.util.concurrent.ThreadPoolExecutor$Worker@6e328994[State = -1, empty queue]] WARN  server.GrpcLogAppender (GrpcLogAppender.java:timeoutAppendRequest(200)) - 74ecbdb6-699d-4c3c-ab90-3d79e72ea4a8@group-E72450CA2CED->a45c6565-035d-4d1b-87c5-293bdc0bfbe6-GrpcLogAppender: appendEntries Timeout, request=74ecbdb6-699d-4c3c-ab90-3d79e72ea4a8->a45c6565-035d-4d1b-87c5-293bdc0bfbe6#51-t1, previous=(t:1, i:39), leaderCommit=39, initializing? false, entries: <empty>
2019-09-16 22:07:16,755 [Thread-365] INFO  client.GrpcClientProtocolService (GrpcClientProtocolService.java:lambda$processClientRequest$0(278)) - Failed RaftClientRequest:client-1652A23EE070->74ecbdb6-699d-4c3c-ab90-3d79e72ea4a8@group-E72450CA2CED, cid=31, seq=0, Watch-ALL_COMMITTED(34), Message:<EMPTY>, reply=RaftClientReply:client-1652A23EE070->74ecbdb6-699d-4c3c-ab90-3d79e72ea4a8@group-E72450CA2CED, cid=31, FAILED org.apache.ratis.protocol.NotReplicatedException: Request with call Id 31 and log index 34 is not yet replicated to ALL_COMMITTED, logIndex=34, commits[74ecbdb6-699d-4c3c-ab90-3d79e72ea4a8:c39, 7decb6b1-ba7c-48d8-97ff-6a25276295c4:c39, a45c6565-035d-4d1b-87c5-293bdc0bfbe6:c13]
2019-09-16 22:07:16,758 [grpc-default-executor-0] INFO  client.GrpcClientProtocolClient (GrpcClientProtocolClient.java:onNext(264)) - client-1652A23EE070->74ecbdb6-699d-4c3c-ab90-3d79e72ea4a8: receive RaftClientReply:client-1652A23EE070->74ecbdb6-699d-4c3c-ab90-3d79e72ea4a8@group-E72450CA2CED, cid=31, FAILED org.apache.ratis.protocol.NotReplicatedException: Request with call Id 31 and log index 34 is not yet replicated to ALL_COMMITTED, logIndex=34, commits[74ecbdb6-699d-4c3c-ab90-3d79e72ea4a8:c39, 7decb6b1-ba7c-48d8-97ff-6a25276295c4:c39, a45c6565-035d-4d1b-87c5-293bdc0bfbe6:c13]
2019-09-16 22:07:16,760 [pool-53-thread-3] WARN  scm.XceiverClientRatis (XceiverClientRatis.java:watchForCommit(262)) - 3 way commit failed on pipeline Pipeline[ Id: b13ef001-8a94-452d-a6a3-e72450ca2ced, Nodes: 74ecbdb6-699d-4c3c-ab90-3d79e72ea4a8{ip: 192.168.34.35, host: pr-hdds-2120-pf7zr-4137305271, networkLocation: /default-rack, certSerialId: null}7decb6b1-ba7c-48d8-97ff-6a25276295c4{ip: 192.168.34.35, host: pr-hdds-2120-pf7zr-4137305271, networkLocation: /default-rack, certSerialId: null}a45c6565-035d-4d1b-87c5-293bdc0bfbe6{ip: 192.168.34.35, host: pr-hdds-2120-pf7zr-4137305271, networkLocation: /default-rack, certSerialId: null}, Type:RATIS, Factor:THREE, State:OPEN]
java.util.concurrent.ExecutionException: org.apache.ratis.protocol.NotReplicatedException: Request with call Id 31 and log index 34 is not yet replicated to ALL_COMMITTED
	at java.util.concurrent.CompletableFuture.reportGet(CompletableFuture.java:357)
	at java.util.concurrent.CompletableFuture.get(CompletableFuture.java:1915)
	at org.apache.hadoop.hdds.scm.XceiverClientRatis.watchForCommit(XceiverClientRatis.java:259)
	at org.apache.hadoop.hdds.scm.storage.CommitWatcher.watchForCommit(CommitWatcher.java:194)
	at org.apache.hadoop.hdds.scm.storage.CommitWatcher.watchOnFirstIndex(CommitWatcher.java:135)
	at org.apache.hadoop.hdds.scm.storage.BlockOutputStream.watchForCommit(BlockOutputStream.java:347)
	at org.apache.hadoop.hdds.scm.storage.BlockOutputStream.handleFullBuffer(BlockOutputStream.java:324)
	at org.apache.hadoop.hdds.scm.storage.BlockOutputStream.write(BlockOutputStream.java:251)
	at org.apache.hadoop.ozone.client.io.BlockOutputStreamEntry.write(BlockOutputStreamEntry.java:129)
	at org.apache.hadoop.ozone.client.io.KeyOutputStream.handleWrite(KeyOutputStream.java:211)
	at org.apache.hadoop.ozone.client.io.KeyOutputStream.write(KeyOutputStream.java:193)
	at org.apache.hadoop.ozone.client.io.OzoneOutputStream.write(OzoneOutputStream.java:49)
	at org.apache.hadoop.ozone.freon.RandomKeyGenerator.createKey(RandomKeyGenerator.java:708)
	at org.apache.hadoop.ozone.freon.RandomKeyGenerator.access$1100(RandomKeyGenerator.java:88)
	at org.apache.hadoop.ozone.freon.RandomKeyGenerator$ObjectCreator.run(RandomKeyGenerator.java:615)
	at java.util.concurrent.Executors$RunnableAdapter.call(Executors.java:511)
	at java.util.concurrent.FutureTask.run(FutureTask.java:266)
	at java.util.concurrent.ThreadPoolExecutor.runWorker(ThreadPoolExecutor.java:1149)
	at java.util.concurrent.ThreadPoolExecutor$Worker.run(ThreadPoolExecutor.java:624)
	at java.lang.Thread.run(Thread.java:748)
Caused by: org.apache.ratis.protocol.NotReplicatedException: Request with call Id 31 and log index 34 is not yet replicated to ALL_COMMITTED
	at org.apache.ratis.client.impl.ClientProtoUtils.toRaftClientReply(ClientProtoUtils.java:246)
	at org.apache.ratis.grpc.client.GrpcClientProtocolClient$AsyncStreamObservers$1.onNext(GrpcClientProtocolClient.java:263)
	at org.apache.ratis.grpc.client.GrpcClientProtocolClient$AsyncStreamObservers$1.onNext(GrpcClientProtocolClient.java:258)
	at org.apache.ratis.thirdparty.io.grpc.stub.ClientCalls$StreamObserverToCallListenerAdapter.onMessage(ClientCalls.java:421)
	at org.apache.ratis.thirdparty.io.grpc.ForwardingClientCallListener.onMessage(ForwardingClientCallListener.java:33)
	at org.apache.ratis.thirdparty.io.grpc.ForwardingClientCallListener.onMessage(ForwardingClientCallListener.java:33)
	at org.apache.ratis.thirdparty.io.grpc.internal.ClientCallImpl$ClientStreamListenerImpl$1MessagesAvailable.runInContext(ClientCallImpl.java:519)
	at org.apache.ratis.thirdparty.io.grpc.internal.ContextRunnable.run(ContextRunnable.java:37)
	at org.apache.ratis.thirdparty.io.grpc.internal.SerializingExecutor.run(SerializingExecutor.java:123)
	... 3 more
2019-09-16 22:07:16,766 [grpc-default-executor-0] INFO  client.GrpcClientProtocolClient (GrpcClientProtocolClient.java:onNext(264)) - client-1652A23EE070->74ecbdb6-699d-4c3c-ab90-3d79e72ea4a8: receive RaftClientReply:client-1652A23EE070->74ecbdb6-699d-4c3c-ab90-3d79e72ea4a8@group-E72450CA2CED, cid=32, SUCCESS, logIndex=0, commits[74ecbdb6-699d-4c3c-ab90-3d79e72ea4a8:c39, 7decb6b1-ba7c-48d8-97ff-6a25276295c4:c39, a45c6565-035d-4d1b-87c5-293bdc0bfbe6:c13]
2019-09-16 22:07:16,768 [pool-53-thread-3] INFO  scm.XceiverClientRatis (XceiverClientRatis.java:lambda$watchForCommit$7(280)) - Could not commit index 34 on pipeline Pipeline[ Id: b13ef001-8a94-452d-a6a3-e72450ca2ced, Nodes: 74ecbdb6-699d-4c3c-ab90-3d79e72ea4a8{ip: 192.168.34.35, host: pr-hdds-2120-pf7zr-4137305271, networkLocation: /default-rack, certSerialId: null}7decb6b1-ba7c-48d8-97ff-6a25276295c4{ip: 192.168.34.35, host: pr-hdds-2120-pf7zr-4137305271, networkLocation: /default-rack, certSerialId: null}a45c6565-035d-4d1b-87c5-293bdc0bfbe6{ip: 192.168.34.35, host: pr-hdds-2120-pf7zr-4137305271, networkLocation: /default-rack, certSerialId: null}, Type:RATIS, Factor:THREE, State:OPEN] to all the nodes. Server a45c6565-035d-4d1b-87c5-293bdc0bfbe6 has failed. Committed by majority.
2019-09-16 22:07:16,770 [pool-53-thread-3] WARN  storage.BlockOutputStream (BlockOutputStream.java:watchForCommit(353)) - Failed to commit BlockId conID: 3 locID: 102804461924384770 bcsId: 36 on Pipeline[ Id: b13ef001-8a94-452d-a6a3-e72450ca2ced, Nodes: 74ecbdb6-699d-4c3c-ab90-3d79e72ea4a8{ip: 192.168.34.35, host: pr-hdds-2120-pf7zr-4137305271, networkLocation: /default-rack, certSerialId: null}7decb6b1-ba7c-48d8-97ff-6a25276295c4{ip: 192.168.34.35, host: pr-hdds-2120-pf7zr-4137305271, networkLocation: /default-rack, certSerialId: null}a45c6565-035d-4d1b-87c5-293bdc0bfbe6{ip: 192.168.34.35, host: pr-hdds-2120-pf7zr-4137305271, networkLocation: /default-rack, certSerialId: null}, Type:RATIS, Factor:THREE, State:OPEN]. Failed nodes: [a45c6565-035d-4d1b-87c5-293bdc0bfbe6{ip: null, host: null, networkLocation: /default-rack, certSerialId: null}]
2019-09-16 22:07:16,811 [grpc-default-executor-3] INFO  client.GrpcClientProtocolClient (GrpcClientProtocolClient.java:onNext(264)) - client-1652A23EE070->74ecbdb6-699d-4c3c-ab90-3d79e72ea4a8: receive RaftClientReply:client-1652A23EE070->74ecbdb6-699d-4c3c-ab90-3d79e72ea4a8@group-E72450CA2CED, cid=33, SUCCESS, logIndex=40, commits[74ecbdb6-699d-4c3c-ab90-3d79e72ea4a8:c41, 7decb6b1-ba7c-48d8-97ff-6a25276295c4:c39, a45c6565-035d-4d1b-87c5-293bdc0bfbe6:c13]
2019-09-16 22:07:16,816 [grpc-default-executor-3] INFO  client.GrpcClientProtocolClient (GrpcClientProtocolClient.java:onNext(264)) - client-1652A23EE070->74ecbdb6-699d-4c3c-ab90-3d79e72ea4a8: receive RaftClientReply:client-1652A23EE070->74ecbdb6-699d-4c3c-ab90-3d79e72ea4a8@group-E72450CA2CED, cid=34, SUCCESS, logIndex=41, commits[74ecbdb6-699d-4c3c-ab90-3d79e72ea4a8:c41, 7decb6b1-ba7c-48d8-97ff-6a25276295c4:c39, a45c6565-035d-4d1b-87c5-293bdc0bfbe6:c13]
2019-09-16 22:07:16,847 [grpc-default-executor-0] INFO  client.GrpcClientProtocolClient (GrpcClientProtocolClient.java:onNext(264)) - client-1652A23EE070->74ecbdb6-699d-4c3c-ab90-3d79e72ea4a8: receive RaftClientReply:client-1652A23EE070->74ecbdb6-699d-4c3c-ab90-3d79e72ea4a8@group-E72450CA2CED, cid=35, SUCCESS, logIndex=44, commits[74ecbdb6-699d-4c3c-ab90-3d79e72ea4a8:c45, 7decb6b1-ba7c-48d8-97ff-6a25276295c4:c43, a45c6565-035d-4d1b-87c5-293bdc0bfbe6:c13]
2019-09-16 22:07:16,851 [grpc-default-executor-0] INFO  client.GrpcClientProtocolClient (GrpcClientProtocolClient.java:onNext(264)) - client-1652A23EE070->74ecbdb6-699d-4c3c-ab90-3d79e72ea4a8: receive RaftClientReply:client-1652A23EE070->74ecbdb6-699d-4c3c-ab90-3d79e72ea4a8@group-E72450CA2CED, cid=36, SUCCESS, logIndex=45, commits[74ecbdb6-699d-4c3c-ab90-3d79e72ea4a8:c45, 7decb6b1-ba7c-48d8-97ff-6a25276295c4:c43, a45c6565-035d-4d1b-87c5-293bdc0bfbe6:c13]
 0.00% |█                                                                                                    |  0/1 Time: 0:00:38 0.00% |█                                                                                                    |  0/1 Time: 0:00:39 0.00% |█                                                                                                    |  0/1 Time: 0:00:402019-09-16 22:07:18,974 [java.util.concurrent.ThreadPoolExecutor$Worker@6e328994[State = -1, empty queue]] WARN  server.GrpcLogAppender (GrpcLogAppender.java:timeoutAppendRequest(200)) - 74ecbdb6-699d-4c3c-ab90-3d79e72ea4a8@group-E72450CA2CED->a45c6565-035d-4d1b-87c5-293bdc0bfbe6-GrpcLogAppender: appendEntries Timeout, request=74ecbdb6-699d-4c3c-ab90-3d79e72ea4a8->a45c6565-035d-4d1b-87c5-293bdc0bfbe6#52-t1, previous=(t:1, i:39), leaderCommit=39, initializing? false, entries: <empty>
2019-09-16 22:07:19,794 [java.util.concurrent.ThreadPoolExecutor$Worker@6e328994[State = -1, empty queue]] WARN  server.GrpcLogAppender (GrpcLogAppender.java:timeoutAppendRequest(200)) - 74ecbdb6-699d-4c3c-ab90-3d79e72ea4a8@group-E72450CA2CED->a45c6565-035d-4d1b-87c5-293bdc0bfbe6-GrpcLogAppender: appendEntries Timeout, request=74ecbdb6-699d-4c3c-ab90-3d79e72ea4a8->a45c6565-035d-4d1b-87c5-293bdc0bfbe6#53-t1, previous=(t:1, i:39), leaderCommit=39, initializing? false, entries: size=1, first=(t:1, i:40), STATEMACHINELOGENTRY, client-1652A23EE070, cid=33
2019-09-16 22:07:19,795 [java.util.concurrent.ThreadPoolExecutor$Worker@6e328994[State = -1, empty queue]] WARN  server.GrpcLogAppender (GrpcLogAppender.java:timeoutAppendRequest(200)) - 74ecbdb6-699d-4c3c-ab90-3d79e72ea4a8@group-E72450CA2CED->a45c6565-035d-4d1b-87c5-293bdc0bfbe6-GrpcLogAppender: appendEntries Timeout, request=74ecbdb6-699d-4c3c-ab90-3d79e72ea4a8->a45c6565-035d-4d1b-87c5-293bdc0bfbe6#54-t1, previous=(t:1, i:40), leaderCommit=39, initializing? false, entries: size=1, first=(t:1, i:41), STATEMACHINELOGENTRY, client-1652A23EE070, cid=34
2019-09-16 22:07:19,809 [java.util.concurrent.ThreadPoolExecutor$Worker@6e328994[State = -1, empty queue]] WARN  server.GrpcLogAppender (GrpcLogAppender.java:timeoutAppendRequest(200)) - 74ecbdb6-699d-4c3c-ab90-3d79e72ea4a8@group-E72450CA2CED->a45c6565-035d-4d1b-87c5-293bdc0bfbe6-GrpcLogAppender: appendEntries Timeout, request=74ecbdb6-699d-4c3c-ab90-3d79e72ea4a8->a45c6565-035d-4d1b-87c5-293bdc0bfbe6#55-t1, previous=(t:1, i:41), leaderCommit=41, initializing? false, entries: size=1, first=(t:1, i:42), METADATAENTRY(c40)
2019-09-16 22:07:19,809 [java.util.concurrent.ThreadPoolExecutor$Worker@6e328994[State = -1, empty queue]] WARN  server.GrpcLogAppender (GrpcLogAppender.java:timeoutAppendRequest(200)) - 74ecbdb6-699d-4c3c-ab90-3d79e72ea4a8@group-E72450CA2CED->a45c6565-035d-4d1b-87c5-293bdc0bfbe6-GrpcLogAppender: appendEntries Timeout, request=74ecbdb6-699d-4c3c-ab90-3d79e72ea4a8->a45c6565-035d-4d1b-87c5-293bdc0bfbe6#56-t1, previous=(t:1, i:42), leaderCommit=41, initializing? false, entries: size=1, first=(t:1, i:43), METADATAENTRY(c41)
2019-09-16 22:07:19,829 [java.util.concurrent.ThreadPoolExecutor$Worker@6e328994[State = -1, empty queue]] WARN  server.GrpcLogAppender (GrpcLogAppender.java:timeoutAppendRequest(200)) - 74ecbdb6-699d-4c3c-ab90-3d79e72ea4a8@group-E72450CA2CED->a45c6565-035d-4d1b-87c5-293bdc0bfbe6-GrpcLogAppender: appendEntries Timeout, request=74ecbdb6-699d-4c3c-ab90-3d79e72ea4a8->a45c6565-035d-4d1b-87c5-293bdc0bfbe6#57-t1, previous=(t:1, i:43), leaderCommit=43, initializing? false, entries: size=1, first=(t:1, i:44), STATEMACHINELOGENTRY, client-1652A23EE070, cid=35
2019-09-16 22:07:19,829 [java.util.concurrent.ThreadPoolExecutor$Worker@6e328994[State = -1, empty queue]] WARN  server.GrpcLogAppender (GrpcLogAppender.java:timeoutAppendRequest(200)) - 74ecbdb6-699d-4c3c-ab90-3d79e72ea4a8@group-E72450CA2CED->a45c6565-035d-4d1b-87c5-293bdc0bfbe6-GrpcLogAppender: appendEntries Timeout, request=74ecbdb6-699d-4c3c-ab90-3d79e72ea4a8->a45c6565-035d-4d1b-87c5-293bdc0bfbe6#58-t1, previous=(t:1, i:44), leaderCommit=43, initializing? false, entries: size=1, first=(t:1, i:45), STATEMACHINELOGENTRY, client-1652A23EE070, cid=36
2019-09-16 22:07:19,844 [java.util.concurrent.ThreadPoolExecutor$Worker@6e328994[State = -1, empty queue]] WARN  server.GrpcLogAppender (GrpcLogAppender.java:timeoutAppendRequest(200)) - 74ecbdb6-699d-4c3c-ab90-3d79e72ea4a8@group-E72450CA2CED->a45c6565-035d-4d1b-87c5-293bdc0bfbe6-GrpcLogAppender: appendEntries Timeout, request=74ecbdb6-699d-4c3c-ab90-3d79e72ea4a8->a45c6565-035d-4d1b-87c5-293bdc0bfbe6#59-t1, previous=(t:1, i:45), leaderCommit=45, initializing? false, entries: size=1, first=(t:1, i:46), METADATAENTRY(c44)
2019-09-16 22:07:19,844 [java.util.concurrent.ThreadPoolExecutor$Worker@6e328994[State = -1, empty queue]] WARN  server.GrpcLogAppender (GrpcLogAppender.java:timeoutAppendRequest(200)) - 74ecbdb6-699d-4c3c-ab90-3d79e72ea4a8@group-E72450CA2CED->a45c6565-035d-4d1b-87c5-293bdc0bfbe6-GrpcLogAppender: appendEntries Timeout, request=74ecbdb6-699d-4c3c-ab90-3d79e72ea4a8->a45c6565-035d-4d1b-87c5-293bdc0bfbe6#60-t1, previous=(t:1, i:46), leaderCommit=45, initializing? false, entries: size=1, first=(t:1, i:47), METADATAENTRY(c45)
 0.00% |█                                                                                                    |  0/1 Time: 0:00:412019-09-16 22:07:20,756 [Thread-384] INFO  client.GrpcClientProtocolService (GrpcClientProtocolService.java:lambda$processClientRequest$0(278)) - Failed RaftClientRequest:client-1652A23EE070->74ecbdb6-699d-4c3c-ab90-3d79e72ea4a8@group-E72450CA2CED, cid=31, seq=0, Watch-ALL_COMMITTED(34), Message:<EMPTY>, reply=RaftClientReply:client-1652A23EE070->74ecbdb6-699d-4c3c-ab90-3d79e72ea4a8@group-E72450CA2CED, cid=31, FAILED org.apache.ratis.protocol.NotReplicatedException: Request with call Id 31 and log index 34 is not yet replicated to ALL_COMMITTED, logIndex=34, commits[74ecbdb6-699d-4c3c-ab90-3d79e72ea4a8:c47, 7decb6b1-ba7c-48d8-97ff-6a25276295c4:c47, a45c6565-035d-4d1b-87c5-293bdc0bfbe6:c13]
2019-09-16 22:07:20,765 [grpc-default-executor-0] INFO  client.GrpcClientProtocolClient (GrpcClientProtocolClient.java:onNext(264)) - client-1652A23EE070->74ecbdb6-699d-4c3c-ab90-3d79e72ea4a8: receive RaftClientReply:client-1652A23EE070->74ecbdb6-699d-4c3c-ab90-3d79e72ea4a8@group-E72450CA2CED, cid=31, FAILED org.apache.ratis.protocol.NotReplicatedException: Request with call Id 31 and log index 34 is not yet replicated to ALL_COMMITTED, logIndex=34, commits[74ecbdb6-699d-4c3c-ab90-3d79e72ea4a8:c47, 7decb6b1-ba7c-48d8-97ff-6a25276295c4:c47, a45c6565-035d-4d1b-87c5-293bdc0bfbe6:c13]
 0.00% |█                                                                                                    |  0/1 Time: 0:00:42 0.00% |█                                                                                                    |  0/1 Time: 0:00:432019-09-16 22:07:22,346 [java.util.concurrent.ThreadPoolExecutor$Worker@6e328994[State = -1, empty queue]] WARN  server.GrpcLogAppender (GrpcLogAppender.java:timeoutAppendRequest(200)) - 74ecbdb6-699d-4c3c-ab90-3d79e72ea4a8@group-E72450CA2CED->a45c6565-035d-4d1b-87c5-293bdc0bfbe6-GrpcLogAppender: appendEntries Timeout, request=74ecbdb6-699d-4c3c-ab90-3d79e72ea4a8->a45c6565-035d-4d1b-87c5-293bdc0bfbe6#61-t1, previous=(t:1, i:47), leaderCommit=47, initializing? false, entries: <empty>
 0.00% |█                                                                                                    |  0/1 Time: 0:00:44 0.00% |█                                                                                                    |  0/1 Time: 0:00:452019-09-16 22:07:24,642 [a45c6565-035d-4d1b-87c5-293bdc0bfbe6@group-E72450CA2CED-SegmentedRaftLogWorker] WARN  segmented.SegmentedRaftLogWorker (SegmentedRaftLogWorker.java:getFromFuture(90)) - Timeout 3/~
org.apache.ratis.protocol.TimeoutIOException: Timeout 10s: WriteLog:18: (t:1, i:18), STATEMACHINELOGENTRY, client-4A0AD11AF982, cid=17-writeStateMachineData
	at org.apache.ratis.util.IOUtils.getFromFuture(IOUtils.java:87)
	at org.apache.ratis.server.raftlog.segmented.SegmentedRaftLogWorker$StateMachineDataPolicy.getFromFuture(SegmentedRaftLogWorker.java:87)
	at org.apache.ratis.server.raftlog.segmented.SegmentedRaftLogWorker$WriteLog.execute(SegmentedRaftLogWorker.java:477)
	at org.apache.ratis.server.raftlog.segmented.SegmentedRaftLogWorker.run(SegmentedRaftLogWorker.java:289)
	at java.lang.Thread.run(Thread.java:748)
Caused by: java.util.concurrent.TimeoutException
	at java.util.concurrent.CompletableFuture.timedGet(CompletableFuture.java:1771)
	at java.util.concurrent.CompletableFuture.get(CompletableFuture.java:1915)
	at org.apache.ratis.util.IOUtils.getFromFuture(IOUtils.java:79)
	... 4 more
2019-09-16 22:07:24,756 [Thread-390] INFO  client.GrpcClientProtocolService (GrpcClientProtocolService.java:lambda$processClientRequest$0(278)) - Failed RaftClientRequest:client-1652A23EE070->74ecbdb6-699d-4c3c-ab90-3d79e72ea4a8@group-E72450CA2CED, cid=31, seq=0, Watch-ALL_COMMITTED(34), Message:<EMPTY>, reply=RaftClientReply:client-1652A23EE070->74ecbdb6-699d-4c3c-ab90-3d79e72ea4a8@group-E72450CA2CED, cid=31, FAILED org.apache.ratis.protocol.NotReplicatedException: Request with call Id 31 and log index 34 is not yet replicated to ALL_COMMITTED, logIndex=34, commits[74ecbdb6-699d-4c3c-ab90-3d79e72ea4a8:c47, 7decb6b1-ba7c-48d8-97ff-6a25276295c4:c47, a45c6565-035d-4d1b-87c5-293bdc0bfbe6:c13]
2019-09-16 22:07:24,758 [grpc-default-executor-3] INFO  client.GrpcClientProtocolClient (GrpcClientProtocolClient.java:onNext(264)) - client-1652A23EE070->74ecbdb6-699d-4c3c-ab90-3d79e72ea4a8: receive RaftClientReply:client-1652A23EE070->74ecbdb6-699d-4c3c-ab90-3d79e72ea4a8@group-E72450CA2CED, cid=31, FAILED org.apache.ratis.protocol.NotReplicatedException: Request with call Id 31 and log index 34 is not yet replicated to ALL_COMMITTED, logIndex=34, commits[74ecbdb6-699d-4c3c-ab90-3d79e72ea4a8:c47, 7decb6b1-ba7c-48d8-97ff-6a25276295c4:c47, a45c6565-035d-4d1b-87c5-293bdc0bfbe6:c13]
2019-09-16 22:07:24,850 [java.util.concurrent.ThreadPoolExecutor$Worker@6e328994[State = -1, empty queue]] WARN  server.GrpcLogAppender (GrpcLogAppender.java:timeoutAppendRequest(200)) - 74ecbdb6-699d-4c3c-ab90-3d79e72ea4a8@group-E72450CA2CED->a45c6565-035d-4d1b-87c5-293bdc0bfbe6-GrpcLogAppender: appendEntries Timeout, request=74ecbdb6-699d-4c3c-ab90-3d79e72ea4a8->a45c6565-035d-4d1b-87c5-293bdc0bfbe6#62-t1, previous=(t:1, i:47), leaderCommit=47, initializing? false, entries: <empty>
 0.00% |█                                                                                                    |  0/1 Time: 0:00:46 0.00% |█                                                                                                    |  0/1 Time: 0:00:47 0.00% |█                                                                                                    |  0/1 Time: 0:00:482019-09-16 22:07:27,353 [java.util.concurrent.ThreadPoolExecutor$Worker@6e328994[State = -1, empty queue]] WARN  server.GrpcLogAppender (GrpcLogAppender.java:timeoutAppendRequest(200)) - 74ecbdb6-699d-4c3c-ab90-3d79e72ea4a8@group-E72450CA2CED->a45c6565-035d-4d1b-87c5-293bdc0bfbe6-GrpcLogAppender: appendEntries Timeout, request=74ecbdb6-699d-4c3c-ab90-3d79e72ea4a8->a45c6565-035d-4d1b-87c5-293bdc0bfbe6#63-t1, previous=(t:1, i:47), leaderCommit=47, initializing? false, entries: <empty>
2019-09-16 22:07:27,755 [Thread-393] INFO  client.GrpcClientProtocolService (GrpcClientProtocolService.java:lambda$processClientRequest$0(278)) - Failed RaftClientRequest:client-1652A23EE070->74ecbdb6-699d-4c3c-ab90-3d79e72ea4a8@group-E72450CA2CED, cid=37, seq=0, Watch-ALL_COMMITTED(45), Message:<EMPTY>, reply=RaftClientReply:client-1652A23EE070->74ecbdb6-699d-4c3c-ab90-3d79e72ea4a8@group-E72450CA2CED, cid=37, FAILED org.apache.ratis.protocol.NotReplicatedException: Request with call Id 37 and log index 45 is not yet replicated to ALL_COMMITTED, logIndex=45, commits[74ecbdb6-699d-4c3c-ab90-3d79e72ea4a8:c47, 7decb6b1-ba7c-48d8-97ff-6a25276295c4:c47, a45c6565-035d-4d1b-87c5-293bdc0bfbe6:c13]
2019-09-16 22:07:27,759 [grpc-default-executor-3] INFO  client.GrpcClientProtocolClient (GrpcClientProtocolClient.java:onNext(264)) - client-1652A23EE070->74ecbdb6-699d-4c3c-ab90-3d79e72ea4a8: receive RaftClientReply:client-1652A23EE070->74ecbdb6-699d-4c3c-ab90-3d79e72ea4a8@group-E72450CA2CED, cid=37, FAILED org.apache.ratis.protocol.NotReplicatedException: Request with call Id 37 and log index 45 is not yet replicated to ALL_COMMITTED, logIndex=45, commits[74ecbdb6-699d-4c3c-ab90-3d79e72ea4a8:c47, 7decb6b1-ba7c-48d8-97ff-6a25276295c4:c47, a45c6565-035d-4d1b-87c5-293bdc0bfbe6:c13]
2019-09-16 22:07:27,761 [pool-53-thread-3] WARN  scm.XceiverClientRatis (XceiverClientRatis.java:watchForCommit(262)) - 3 way commit failed on pipeline Pipeline[ Id: b13ef001-8a94-452d-a6a3-e72450ca2ced, Nodes: 74ecbdb6-699d-4c3c-ab90-3d79e72ea4a8{ip: 192.168.34.35, host: pr-hdds-2120-pf7zr-4137305271, networkLocation: /default-rack, certSerialId: null}7decb6b1-ba7c-48d8-97ff-6a25276295c4{ip: 192.168.34.35, host: pr-hdds-2120-pf7zr-4137305271, networkLocation: /default-rack, certSerialId: null}a45c6565-035d-4d1b-87c5-293bdc0bfbe6{ip: 192.168.34.35, host: pr-hdds-2120-pf7zr-4137305271, networkLocation: /default-rack, certSerialId: null}, Type:RATIS, Factor:THREE, State:OPEN]
java.util.concurrent.ExecutionException: org.apache.ratis.protocol.NotReplicatedException: Request with call Id 37 and log index 45 is not yet replicated to ALL_COMMITTED
	at java.util.concurrent.CompletableFuture.reportGet(CompletableFuture.java:357)
	at java.util.concurrent.CompletableFuture.get(CompletableFuture.java:1915)
	at org.apache.hadoop.hdds.scm.XceiverClientRatis.watchForCommit(XceiverClientRatis.java:259)
	at org.apache.hadoop.hdds.scm.storage.CommitWatcher.watchForCommit(CommitWatcher.java:194)
	at org.apache.hadoop.hdds.scm.storage.CommitWatcher.watchOnLastIndex(CommitWatcher.java:157)
	at org.apache.hadoop.hdds.scm.storage.BlockOutputStream.watchForCommit(BlockOutputStream.java:347)
	at org.apache.hadoop.hdds.scm.storage.BlockOutputStream.handleFlush(BlockOutputStream.java:479)
	at org.apache.hadoop.hdds.scm.storage.BlockOutputStream.close(BlockOutputStream.java:493)
	at org.apache.hadoop.ozone.client.io.BlockOutputStreamEntry.close(BlockOutputStreamEntry.java:143)
	at org.apache.hadoop.ozone.client.io.KeyOutputStream.handleFlushOrClose(KeyOutputStream.java:438)
	at org.apache.hadoop.ozone.client.io.KeyOutputStream.handleWrite(KeyOutputStream.java:235)
	at org.apache.hadoop.ozone.client.io.KeyOutputStream.write(KeyOutputStream.java:193)
	at org.apache.hadoop.ozone.client.io.OzoneOutputStream.write(OzoneOutputStream.java:49)
	at org.apache.hadoop.ozone.freon.RandomKeyGenerator.createKey(RandomKeyGenerator.java:708)
	at org.apache.hadoop.ozone.freon.RandomKeyGenerator.access$1100(RandomKeyGenerator.java:88)
	at org.apache.hadoop.ozone.freon.RandomKeyGenerator$ObjectCreator.run(RandomKeyGenerator.java:615)
	at java.util.concurrent.Executors$RunnableAdapter.call(Executors.java:511)
	at java.util.concurrent.FutureTask.run(FutureTask.java:266)
	at java.util.concurrent.ThreadPoolExecutor.runWorker(ThreadPoolExecutor.java:1149)
	at java.util.concurrent.ThreadPoolExecutor$Worker.run(ThreadPoolExecutor.java:624)
	at java.lang.Thread.run(Thread.java:748)
Caused by: org.apache.ratis.protocol.NotReplicatedException: Request with call Id 37 and log index 45 is not yet replicated to ALL_COMMITTED
	at org.apache.ratis.client.impl.ClientProtoUtils.toRaftClientReply(ClientProtoUtils.java:246)
	at org.apache.ratis.grpc.client.GrpcClientProtocolClient$AsyncStreamObservers$1.onNext(GrpcClientProtocolClient.java:263)
	at org.apache.ratis.grpc.client.GrpcClientProtocolClient$AsyncStreamObservers$1.onNext(GrpcClientProtocolClient.java:258)
	at org.apache.ratis.thirdparty.io.grpc.stub.ClientCalls$StreamObserverToCallListenerAdapter.onMessage(ClientCalls.java:421)
	at org.apache.ratis.thirdparty.io.grpc.ForwardingClientCallListener.onMessage(ForwardingClientCallListener.java:33)
	at org.apache.ratis.thirdparty.io.grpc.ForwardingClientCallListener.onMessage(ForwardingClientCallListener.java:33)
	at org.apache.ratis.thirdparty.io.grpc.internal.ClientCallImpl$ClientStreamListenerImpl$1MessagesAvailable.runInContext(ClientCallImpl.java:519)
	at org.apache.ratis.thirdparty.io.grpc.internal.ContextRunnable.run(ContextRunnable.java:37)
	at org.apache.ratis.thirdparty.io.grpc.internal.SerializingExecutor.run(SerializingExecutor.java:123)
	... 3 more
2019-09-16 22:07:27,767 [grpc-default-executor-3] INFO  client.GrpcClientProtocolClient (GrpcClientProtocolClient.java:onNext(264)) - client-1652A23EE070->74ecbdb6-699d-4c3c-ab90-3d79e72ea4a8: receive RaftClientReply:client-1652A23EE070->74ecbdb6-699d-4c3c-ab90-3d79e72ea4a8@group-E72450CA2CED, cid=38, SUCCESS, logIndex=0, commits[74ecbdb6-699d-4c3c-ab90-3d79e72ea4a8:c47, 7decb6b1-ba7c-48d8-97ff-6a25276295c4:c47, a45c6565-035d-4d1b-87c5-293bdc0bfbe6:c13]
2019-09-16 22:07:27,769 [pool-53-thread-3] INFO  scm.XceiverClientRatis (XceiverClientRatis.java:lambda$watchForCommit$7(280)) - Could not commit index 45 on pipeline Pipeline[ Id: b13ef001-8a94-452d-a6a3-e72450ca2ced, Nodes: 74ecbdb6-699d-4c3c-ab90-3d79e72ea4a8{ip: 192.168.34.35, host: pr-hdds-2120-pf7zr-4137305271, networkLocation: /default-rack, certSerialId: null}7decb6b1-ba7c-48d8-97ff-6a25276295c4{ip: 192.168.34.35, host: pr-hdds-2120-pf7zr-4137305271, networkLocation: /default-rack, certSerialId: null}a45c6565-035d-4d1b-87c5-293bdc0bfbe6{ip: 192.168.34.35, host: pr-hdds-2120-pf7zr-4137305271, networkLocation: /default-rack, certSerialId: null}, Type:RATIS, Factor:THREE, State:OPEN] to all the nodes. Server a45c6565-035d-4d1b-87c5-293bdc0bfbe6 has failed. Committed by majority.
2019-09-16 22:07:27,771 [pool-53-thread-3] WARN  storage.BlockOutputStream (BlockOutputStream.java:watchForCommit(353)) - Failed to commit BlockId conID: 3 locID: 102804461924384770 bcsId: 45 on Pipeline[ Id: b13ef001-8a94-452d-a6a3-e72450ca2ced, Nodes: 74ecbdb6-699d-4c3c-ab90-3d79e72ea4a8{ip: 192.168.34.35, host: pr-hdds-2120-pf7zr-4137305271, networkLocation: /default-rack, certSerialId: null}7decb6b1-ba7c-48d8-97ff-6a25276295c4{ip: 192.168.34.35, host: pr-hdds-2120-pf7zr-4137305271, networkLocation: /default-rack, certSerialId: null}a45c6565-035d-4d1b-87c5-293bdc0bfbe6{ip: 192.168.34.35, host: pr-hdds-2120-pf7zr-4137305271, networkLocation: /default-rack, certSerialId: null}, Type:RATIS, Factor:THREE, State:OPEN]. Failed nodes: [a45c6565-035d-4d1b-87c5-293bdc0bfbe6{ip: null, host: null, networkLocation: /default-rack, certSerialId: null}]
2019-09-16 22:07:27,831 [grpc-default-executor-1] INFO  client.GrpcClientProtocolClient (GrpcClientProtocolClient.java:onNext(264)) - client-07BAECD5049A->74ecbdb6-699d-4c3c-ab90-3d79e72ea4a8: receive RaftClientReply:client-07BAECD5049A->74ecbdb6-699d-4c3c-ab90-3d79e72ea4a8@group-E72450CA2CED, cid=39, SUCCESS, logIndex=48, commits[74ecbdb6-699d-4c3c-ab90-3d79e72ea4a8:c48, 7decb6b1-ba7c-48d8-97ff-6a25276295c4:c47, a45c6565-035d-4d1b-87c5-293bdc0bfbe6:c13]
2019-09-16 22:07:27,856 [grpc-default-executor-3] INFO  client.GrpcClientProtocolClient (GrpcClientProtocolClient.java:onNext(264)) - client-07BAECD5049A->74ecbdb6-699d-4c3c-ab90-3d79e72ea4a8: receive RaftClientReply:client-07BAECD5049A->74ecbdb6-699d-4c3c-ab90-3d79e72ea4a8@group-E72450CA2CED, cid=40, SUCCESS, logIndex=50, commits[74ecbdb6-699d-4c3c-ab90-3d79e72ea4a8:c50, 7decb6b1-ba7c-48d8-97ff-6a25276295c4:c48, a45c6565-035d-4d1b-87c5-293bdc0bfbe6:c13]
2019-09-16 22:07:27,864 [grpc-default-executor-1] INFO  client.GrpcClientProtocolClient (GrpcClientProtocolClient.java:onNext(264)) - client-07BAECD5049A->74ecbdb6-699d-4c3c-ab90-3d79e72ea4a8: receive RaftClientReply:client-07BAECD5049A->74ecbdb6-699d-4c3c-ab90-3d79e72ea4a8@group-E72450CA2CED, cid=41, SUCCESS, logIndex=51, commits[74ecbdb6-699d-4c3c-ab90-3d79e72ea4a8:c53, 7decb6b1-ba7c-48d8-97ff-6a25276295c4:c50, a45c6565-035d-4d1b-87c5-293bdc0bfbe6:c13]
2019-09-16 22:07:27,865 [grpc-default-executor-1] INFO  client.GrpcClientProtocolClient (GrpcClientProtocolClient.java:onNext(264)) - client-07BAECD5049A->74ecbdb6-699d-4c3c-ab90-3d79e72ea4a8: receive RaftClientReply:client-07BAECD5049A->74ecbdb6-699d-4c3c-ab90-3d79e72ea4a8@group-E72450CA2CED, cid=42, SUCCESS, logIndex=52, commits[74ecbdb6-699d-4c3c-ab90-3d79e72ea4a8:c53, 7decb6b1-ba7c-48d8-97ff-6a25276295c4:c50, a45c6565-035d-4d1b-87c5-293bdc0bfbe6:c13]
 0.00% |█                                                                                                    |  0/1 Time: 0:00:49 0.00% |█                                                                                                    |  0/1 Time: 0:00:502019-09-16 22:07:29,855 [java.util.concurrent.ThreadPoolExecutor$Worker@6e328994[State = -1, empty queue]] WARN  server.GrpcLogAppender (GrpcLogAppender.java:timeoutAppendRequest(200)) - 74ecbdb6-699d-4c3c-ab90-3d79e72ea4a8@group-E72450CA2CED->a45c6565-035d-4d1b-87c5-293bdc0bfbe6-GrpcLogAppender: appendEntries Timeout, request=74ecbdb6-699d-4c3c-ab90-3d79e72ea4a8->a45c6565-035d-4d1b-87c5-293bdc0bfbe6#64-t1, previous=(t:1, i:47), leaderCommit=47, initializing? false, entries: <empty>
 0.00% |█                                                                                                    |  0/1 Time: 0:00:512019-09-16 22:07:30,811 [java.util.concurrent.ThreadPoolExecutor$Worker@6e328994[State = -1, empty queue]] WARN  server.GrpcLogAppender (GrpcLogAppender.java:timeoutAppendRequest(200)) - 74ecbdb6-699d-4c3c-ab90-3d79e72ea4a8@group-E72450CA2CED->a45c6565-035d-4d1b-87c5-293bdc0bfbe6-GrpcLogAppender: appendEntries Timeout, request=74ecbdb6-699d-4c3c-ab90-3d79e72ea4a8->a45c6565-035d-4d1b-87c5-293bdc0bfbe6#65-t1, previous=(t:1, i:47), leaderCommit=47, initializing? false, entries: size=1, first=(t:1, i:48), STATEMACHINELOGENTRY, client-07BAECD5049A, cid=39
2019-09-16 22:07:30,828 [java.util.concurrent.ThreadPoolExecutor$Worker@6e328994[State = -1, empty queue]] WARN  server.GrpcLogAppender (GrpcLogAppender.java:timeoutAppendRequest(200)) - 74ecbdb6-699d-4c3c-ab90-3d79e72ea4a8@group-E72450CA2CED->a45c6565-035d-4d1b-87c5-293bdc0bfbe6-GrpcLogAppender: appendEntries Timeout, request=74ecbdb6-699d-4c3c-ab90-3d79e72ea4a8->a45c6565-035d-4d1b-87c5-293bdc0bfbe6#66-t1, previous=(t:1, i:48), leaderCommit=48, initializing? false, entries: size=1, first=(t:1, i:49), METADATAENTRY(c48)
2019-09-16 22:07:30,839 [java.util.concurrent.ThreadPoolExecutor$Worker@6e328994[State = -1, empty queue]] WARN  server.GrpcLogAppender (GrpcLogAppender.java:timeoutAppendRequest(200)) - 74ecbdb6-699d-4c3c-ab90-3d79e72ea4a8@group-E72450CA2CED->a45c6565-035d-4d1b-87c5-293bdc0bfbe6-GrpcLogAppender: appendEntries Timeout, request=74ecbdb6-699d-4c3c-ab90-3d79e72ea4a8->a45c6565-035d-4d1b-87c5-293bdc0bfbe6#67-t1, previous=(t:1, i:49), leaderCommit=48, initializing? false, entries: size=1, first=(t:1, i:50), STATEMACHINELOGENTRY, client-07BAECD5049A, cid=40
2019-09-16 22:07:30,846 [java.util.concurrent.ThreadPoolExecutor$Worker@6e328994[State = -1, empty queue]] WARN  server.GrpcLogAppender (GrpcLogAppender.java:timeoutAppendRequest(200)) - 74ecbdb6-699d-4c3c-ab90-3d79e72ea4a8@group-E72450CA2CED->a45c6565-035d-4d1b-87c5-293bdc0bfbe6-GrpcLogAppender: appendEntries Timeout, request=74ecbdb6-699d-4c3c-ab90-3d79e72ea4a8->a45c6565-035d-4d1b-87c5-293bdc0bfbe6#68-t1, previous=(t:1, i:50), leaderCommit=49, initializing? false, entries: size=1, first=(t:1, i:51), STATEMACHINELOGENTRY, client-07BAECD5049A, cid=41
2019-09-16 22:07:30,846 [java.util.concurrent.ThreadPoolExecutor$Worker@6e328994[State = -1, empty queue]] WARN  server.GrpcLogAppender (GrpcLogAppender.java:timeoutAppendRequest(200)) - 74ecbdb6-699d-4c3c-ab90-3d79e72ea4a8@group-E72450CA2CED->a45c6565-035d-4d1b-87c5-293bdc0bfbe6-GrpcLogAppender: appendEntries Timeout, request=74ecbdb6-699d-4c3c-ab90-3d79e72ea4a8->a45c6565-035d-4d1b-87c5-293bdc0bfbe6#69-t1, previous=(t:1, i:51), leaderCommit=49, initializing? false, entries: size=1, first=(t:1, i:52), STATEMACHINELOGENTRY, client-07BAECD5049A, cid=42
2019-09-16 22:07:30,852 [java.util.concurrent.ThreadPoolExecutor$Worker@6e328994[State = -1, empty queue]] WARN  server.GrpcLogAppender (GrpcLogAppender.java:timeoutAppendRequest(200)) - 74ecbdb6-699d-4c3c-ab90-3d79e72ea4a8@group-E72450CA2CED->a45c6565-035d-4d1b-87c5-293bdc0bfbe6-GrpcLogAppender: appendEntries Timeout, request=74ecbdb6-699d-4c3c-ab90-3d79e72ea4a8->a45c6565-035d-4d1b-87c5-293bdc0bfbe6#70-t1, previous=(t:1, i:52), leaderCommit=50, initializing? false, entries: size=1, first=(t:1, i:53), METADATAENTRY(c50)
2019-09-16 22:07:30,863 [java.util.concurrent.ThreadPoolExecutor$Worker@6e328994[State = -1, empty queue]] WARN  server.GrpcLogAppender (GrpcLogAppender.java:timeoutAppendRequest(200)) - 74ecbdb6-699d-4c3c-ab90-3d79e72ea4a8@group-E72450CA2CED->a45c6565-035d-4d1b-87c5-293bdc0bfbe6-GrpcLogAppender: appendEntries Timeout, request=74ecbdb6-699d-4c3c-ab90-3d79e72ea4a8->a45c6565-035d-4d1b-87c5-293bdc0bfbe6#71-t1, previous=(t:1, i:53), leaderCommit=52, initializing? false, entries: size=1, first=(t:1, i:54), METADATAENTRY(c51)
2019-09-16 22:07:30,863 [java.util.concurrent.ThreadPoolExecutor$Worker@6e328994[State = -1, empty queue]] WARN  server.GrpcLogAppender (GrpcLogAppender.java:timeoutAppendRequest(200)) - 74ecbdb6-699d-4c3c-ab90-3d79e72ea4a8@group-E72450CA2CED->a45c6565-035d-4d1b-87c5-293bdc0bfbe6-GrpcLogAppender: appendEntries Timeout, request=74ecbdb6-699d-4c3c-ab90-3d79e72ea4a8->a45c6565-035d-4d1b-87c5-293bdc0bfbe6#72-t1, previous=(t:1, i:54), leaderCommit=53, initializing? false, entries: size=1, first=(t:1, i:55), METADATAENTRY(c52)
 0.00% |█                                                                                                    |  0/1 Time: 0:00:522019-09-16 22:07:31,755 [Thread-414] INFO  client.GrpcClientProtocolService (GrpcClientProtocolService.java:lambda$processClientRequest$0(278)) - Failed RaftClientRequest:client-1652A23EE070->74ecbdb6-699d-4c3c-ab90-3d79e72ea4a8@group-E72450CA2CED, cid=37, seq=0, Watch-ALL_COMMITTED(45), Message:<EMPTY>, reply=RaftClientReply:client-1652A23EE070->74ecbdb6-699d-4c3c-ab90-3d79e72ea4a8@group-E72450CA2CED, cid=37, FAILED org.apache.ratis.protocol.NotReplicatedException: Request with call Id 37 and log index 45 is not yet replicated to ALL_COMMITTED, logIndex=45, commits[74ecbdb6-699d-4c3c-ab90-3d79e72ea4a8:c55, 7decb6b1-ba7c-48d8-97ff-6a25276295c4:c55, a45c6565-035d-4d1b-87c5-293bdc0bfbe6:c13]
 0.00% |█                                                                                                    |  0/1 Time: 0:00:53 0.00% |█                                                                                                    |  0/1 Time: 0:00:542019-09-16 22:07:33,366 [java.util.concurrent.ThreadPoolExecutor$Worker@6e328994[State = -1, empty queue]] WARN  server.GrpcLogAppender (GrpcLogAppender.java:timeoutAppendRequest(200)) - 74ecbdb6-699d-4c3c-ab90-3d79e72ea4a8@group-E72450CA2CED->a45c6565-035d-4d1b-87c5-293bdc0bfbe6-GrpcLogAppender: appendEntries Timeout, request=74ecbdb6-699d-4c3c-ab90-3d79e72ea4a8->a45c6565-035d-4d1b-87c5-293bdc0bfbe6#73-t1, previous=(t:1, i:55), leaderCommit=55, initializing? false, entries: <empty>
 0.00% |█                                                                                                    |  0/1 Time: 0:00:552019-09-16 22:07:34,646 [a45c6565-035d-4d1b-87c5-293bdc0bfbe6@group-E72450CA2CED-SegmentedRaftLogWorker] WARN  segmented.SegmentedRaftLogWorker (SegmentedRaftLogWorker.java:getFromFuture(90)) - Timeout 4/~
org.apache.ratis.protocol.TimeoutIOException: Timeout 10s: WriteLog:18: (t:1, i:18), STATEMACHINELOGENTRY, client-4A0AD11AF982, cid=17-writeStateMachineData
	at org.apache.ratis.util.IOUtils.getFromFuture(IOUtils.java:87)
	at org.apache.ratis.server.raftlog.segmented.SegmentedRaftLogWorker$StateMachineDataPolicy.getFromFuture(SegmentedRaftLogWorker.java:87)
	at org.apache.ratis.server.raftlog.segmented.SegmentedRaftLogWorker$WriteLog.execute(SegmentedRaftLogWorker.java:477)
	at org.apache.ratis.server.raftlog.segmented.SegmentedRaftLogWorker.run(SegmentedRaftLogWorker.java:289)
	at java.lang.Thread.run(Thread.java:748)
Caused by: java.util.concurrent.TimeoutException
	at java.util.concurrent.CompletableFuture.timedGet(CompletableFuture.java:1771)
	at java.util.concurrent.CompletableFuture.get(CompletableFuture.java:1915)
	at org.apache.ratis.util.IOUtils.getFromFuture(IOUtils.java:79)
	... 4 more
 0.00% |█                                                                                                    |  0/1 Time: 0:00:562019-09-16 22:07:35,755 [Thread-424] INFO  client.GrpcClientProtocolService (GrpcClientProtocolService.java:lambda$processClientRequest$0(278)) - Failed RaftClientRequest:client-1652A23EE070->74ecbdb6-699d-4c3c-ab90-3d79e72ea4a8@group-E72450CA2CED, cid=37, seq=0, Watch-ALL_COMMITTED(45), Message:<EMPTY>, reply=RaftClientReply:client-1652A23EE070->74ecbdb6-699d-4c3c-ab90-3d79e72ea4a8@group-E72450CA2CED, cid=37, FAILED org.apache.ratis.protocol.NotReplicatedException: Request with call Id 37 and log index 45 is not yet replicated to ALL_COMMITTED, logIndex=45, commits[74ecbdb6-699d-4c3c-ab90-3d79e72ea4a8:c55, 7decb6b1-ba7c-48d8-97ff-6a25276295c4:c55, a45c6565-035d-4d1b-87c5-293bdc0bfbe6:c13]
2019-09-16 22:07:35,866 [java.util.concurrent.ThreadPoolExecutor$Worker@6e328994[State = -1, empty queue]] WARN  server.GrpcLogAppender (GrpcLogAppender.java:timeoutAppendRequest(200)) - 74ecbdb6-699d-4c3c-ab90-3d79e72ea4a8@group-E72450CA2CED->a45c6565-035d-4d1b-87c5-293bdc0bfbe6-GrpcLogAppender: appendEntries Timeout, request=74ecbdb6-699d-4c3c-ab90-3d79e72ea4a8->a45c6565-035d-4d1b-87c5-293bdc0bfbe6#74-t1, previous=(t:1, i:55), leaderCommit=55, initializing? false, entries: <empty>
 0.00% |█                                                                                                    |  0/1 Time: 0:00:57 0.00% |█                                                                                                    |  0/1 Time: 0:00:58 0.00% |█                                                                                                    |  0/1 Time: 0:00:592019-09-16 22:07:38,367 [java.util.concurrent.ThreadPoolExecutor$Worker@6e328994[State = -1, empty queue]] WARN  server.GrpcLogAppender (GrpcLogAppender.java:timeoutAppendRequest(200)) - 74ecbdb6-699d-4c3c-ab90-3d79e72ea4a8@group-E72450CA2CED->a45c6565-035d-4d1b-87c5-293bdc0bfbe6-GrpcLogAppender: appendEntries Timeout, request=74ecbdb6-699d-4c3c-ab90-3d79e72ea4a8->a45c6565-035d-4d1b-87c5-293bdc0bfbe6#75-t1, previous=(t:1, i:55), leaderCommit=55, initializing? false, entries: <empty>
2019-09-16 22:07:38,756 [Thread-427] INFO  client.GrpcClientProtocolService (GrpcClientProtocolService.java:lambda$processClientRequest$0(278)) - Failed RaftClientRequest:client-07BAECD5049A->74ecbdb6-699d-4c3c-ab90-3d79e72ea4a8@group-E72450CA2CED, cid=43, seq=0, Watch-ALL_COMMITTED(50), Message:<EMPTY>, reply=RaftClientReply:client-07BAECD5049A->74ecbdb6-699d-4c3c-ab90-3d79e72ea4a8@group-E72450CA2CED, cid=43, FAILED org.apache.ratis.protocol.NotReplicatedException: Request with call Id 43 and log index 50 is not yet replicated to ALL_COMMITTED, logIndex=50, commits[74ecbdb6-699d-4c3c-ab90-3d79e72ea4a8:c55, 7decb6b1-ba7c-48d8-97ff-6a25276295c4:c55, a45c6565-035d-4d1b-87c5-293bdc0bfbe6:c13]
2019-09-16 22:07:38,761 [grpc-default-executor-1] INFO  client.GrpcClientProtocolClient (GrpcClientProtocolClient.java:onNext(264)) - client-07BAECD5049A->74ecbdb6-699d-4c3c-ab90-3d79e72ea4a8: receive RaftClientReply:client-07BAECD5049A->74ecbdb6-699d-4c3c-ab90-3d79e72ea4a8@group-E72450CA2CED, cid=43, FAILED org.apache.ratis.protocol.NotReplicatedException: Request with call Id 43 and log index 50 is not yet replicated to ALL_COMMITTED, logIndex=50, commits[74ecbdb6-699d-4c3c-ab90-3d79e72ea4a8:c55, 7decb6b1-ba7c-48d8-97ff-6a25276295c4:c55, a45c6565-035d-4d1b-87c5-293bdc0bfbe6:c13]
2019-09-16 22:07:38,764 [pool-53-thread-3] WARN  scm.XceiverClientRatis (XceiverClientRatis.java:watchForCommit(262)) - 3 way commit failed on pipeline Pipeline[ Id: b13ef001-8a94-452d-a6a3-e72450ca2ced, Nodes: 74ecbdb6-699d-4c3c-ab90-3d79e72ea4a8{ip: 192.168.34.35, host: pr-hdds-2120-pf7zr-4137305271, networkLocation: /default-rack, certSerialId: null}7decb6b1-ba7c-48d8-97ff-6a25276295c4{ip: 192.168.34.35, host: pr-hdds-2120-pf7zr-4137305271, networkLocation: /default-rack, certSerialId: null}a45c6565-035d-4d1b-87c5-293bdc0bfbe6{ip: 192.168.34.35, host: pr-hdds-2120-pf7zr-4137305271, networkLocation: /default-rack, certSerialId: null}, Type:RATIS, Factor:THREE, State:OPEN]
java.util.concurrent.ExecutionException: org.apache.ratis.protocol.NotReplicatedException: Request with call Id 43 and log index 50 is not yet replicated to ALL_COMMITTED
	at java.util.concurrent.CompletableFuture.reportGet(CompletableFuture.java:357)
	at java.util.concurrent.CompletableFuture.get(CompletableFuture.java:1915)
	at org.apache.hadoop.hdds.scm.XceiverClientRatis.watchForCommit(XceiverClientRatis.java:259)
	at org.apache.hadoop.hdds.scm.storage.CommitWatcher.watchForCommit(CommitWatcher.java:194)
	at org.apache.hadoop.hdds.scm.storage.CommitWatcher.watchOnFirstIndex(CommitWatcher.java:135)
	at org.apache.hadoop.hdds.scm.storage.BlockOutputStream.watchForCommit(BlockOutputStream.java:347)
	at org.apache.hadoop.hdds.scm.storage.BlockOutputStream.handleFullBuffer(BlockOutputStream.java:324)
	at org.apache.hadoop.hdds.scm.storage.BlockOutputStream.write(BlockOutputStream.java:251)
	at org.apache.hadoop.ozone.client.io.BlockOutputStreamEntry.write(BlockOutputStreamEntry.java:129)
	at org.apache.hadoop.ozone.client.io.KeyOutputStream.handleWrite(KeyOutputStream.java:211)
	at org.apache.hadoop.ozone.client.io.KeyOutputStream.write(KeyOutputStream.java:193)
	at org.apache.hadoop.ozone.client.io.OzoneOutputStream.write(OzoneOutputStream.java:49)
	at org.apache.hadoop.ozone.freon.RandomKeyGenerator.createKey(RandomKeyGenerator.java:708)
	at org.apache.hadoop.ozone.freon.RandomKeyGenerator.access$1100(RandomKeyGenerator.java:88)
	at org.apache.hadoop.ozone.freon.RandomKeyGenerator$ObjectCreator.run(RandomKeyGenerator.java:615)
	at java.util.concurrent.Executors$RunnableAdapter.call(Executors.java:511)
	at java.util.concurrent.FutureTask.run(FutureTask.java:266)
	at java.util.concurrent.ThreadPoolExecutor.runWorker(ThreadPoolExecutor.java:1149)
	at java.util.concurrent.ThreadPoolExecutor$Worker.run(ThreadPoolExecutor.java:624)
	at java.lang.Thread.run(Thread.java:748)
Caused by: org.apache.ratis.protocol.NotReplicatedException: Request with call Id 43 and log index 50 is not yet replicated to ALL_COMMITTED
	at org.apache.ratis.client.impl.ClientProtoUtils.toRaftClientReply(ClientProtoUtils.java:246)
	at org.apache.ratis.grpc.client.GrpcClientProtocolClient$AsyncStreamObservers$1.onNext(GrpcClientProtocolClient.java:263)
	at org.apache.ratis.grpc.client.GrpcClientProtocolClient$AsyncStreamObservers$1.onNext(GrpcClientProtocolClient.java:258)
	at org.apache.ratis.thirdparty.io.grpc.stub.ClientCalls$StreamObserverToCallListenerAdapter.onMessage(ClientCalls.java:421)
	at org.apache.ratis.thirdparty.io.grpc.ForwardingClientCallListener.onMessage(ForwardingClientCallListener.java:33)
	at org.apache.ratis.thirdparty.io.grpc.ForwardingClientCallListener.onMessage(ForwardingClientCallListener.java:33)
	at org.apache.ratis.thirdparty.io.grpc.internal.ClientCallImpl$ClientStreamListenerImpl$1MessagesAvailable.runInContext(ClientCallImpl.java:519)
	at org.apache.ratis.thirdparty.io.grpc.internal.ContextRunnable.run(ContextRunnable.java:37)
	at org.apache.ratis.thirdparty.io.grpc.internal.SerializingExecutor.run(SerializingExecutor.java:123)
	... 3 more
2019-09-16 22:07:38,769 [grpc-default-executor-1] INFO  client.GrpcClientProtocolClient (GrpcClientProtocolClient.java:onNext(264)) - client-07BAECD5049A->74ecbdb6-699d-4c3c-ab90-3d79e72ea4a8: receive RaftClientReply:client-07BAECD5049A->74ecbdb6-699d-4c3c-ab90-3d79e72ea4a8@group-E72450CA2CED, cid=44, SUCCESS, logIndex=0, commits[74ecbdb6-699d-4c3c-ab90-3d79e72ea4a8:c55, 7decb6b1-ba7c-48d8-97ff-6a25276295c4:c55, a45c6565-035d-4d1b-87c5-293bdc0bfbe6:c13]
2019-09-16 22:07:38,770 [pool-53-thread-3] INFO  scm.XceiverClientRatis (XceiverClientRatis.java:lambda$watchForCommit$7(280)) - Could not commit index 50 on pipeline Pipeline[ Id: b13ef001-8a94-452d-a6a3-e72450ca2ced, Nodes: 74ecbdb6-699d-4c3c-ab90-3d79e72ea4a8{ip: 192.168.34.35, host: pr-hdds-2120-pf7zr-4137305271, networkLocation: /default-rack, certSerialId: null}7decb6b1-ba7c-48d8-97ff-6a25276295c4{ip: 192.168.34.35, host: pr-hdds-2120-pf7zr-4137305271, networkLocation: /default-rack, certSerialId: null}a45c6565-035d-4d1b-87c5-293bdc0bfbe6{ip: 192.168.34.35, host: pr-hdds-2120-pf7zr-4137305271, networkLocation: /default-rack, certSerialId: null}, Type:RATIS, Factor:THREE, State:OPEN] to all the nodes. Server a45c6565-035d-4d1b-87c5-293bdc0bfbe6 has failed. Committed by majority.
2019-09-16 22:07:38,770 [pool-53-thread-3] WARN  storage.BlockOutputStream (BlockOutputStream.java:watchForCommit(353)) - Failed to commit BlockId conID: 1 locID: 102804461924581379 bcsId: 52 on Pipeline[ Id: b13ef001-8a94-452d-a6a3-e72450ca2ced, Nodes: 74ecbdb6-699d-4c3c-ab90-3d79e72ea4a8{ip: 192.168.34.35, host: pr-hdds-2120-pf7zr-4137305271, networkLocation: /default-rack, certSerialId: null}7decb6b1-ba7c-48d8-97ff-6a25276295c4{ip: 192.168.34.35, host: pr-hdds-2120-pf7zr-4137305271, networkLocation: /default-rack, certSerialId: null}a45c6565-035d-4d1b-87c5-293bdc0bfbe6{ip: 192.168.34.35, host: pr-hdds-2120-pf7zr-4137305271, networkLocation: /default-rack, certSerialId: null}, Type:RATIS, Factor:THREE, State:OPEN]. Failed nodes: [a45c6565-035d-4d1b-87c5-293bdc0bfbe6{ip: null, host: null, networkLocation: /default-rack, certSerialId: null}]
2019-09-16 22:07:38,809 [grpc-default-executor-1] INFO  client.GrpcClientProtocolClient (GrpcClientProtocolClient.java:onNext(264)) - client-07BAECD5049A->74ecbdb6-699d-4c3c-ab90-3d79e72ea4a8: receive RaftClientReply:client-07BAECD5049A->74ecbdb6-699d-4c3c-ab90-3d79e72ea4a8@group-E72450CA2CED, cid=45, SUCCESS, logIndex=56, commits[74ecbdb6-699d-4c3c-ab90-3d79e72ea4a8:c57, 7decb6b1-ba7c-48d8-97ff-6a25276295c4:c55, a45c6565-035d-4d1b-87c5-293bdc0bfbe6:c13]
2019-09-16 22:07:38,811 [grpc-default-executor-1] INFO  client.GrpcClientProtocolClient (GrpcClientProtocolClient.java:onNext(264)) - client-07BAECD5049A->74ecbdb6-699d-4c3c-ab90-3d79e72ea4a8: receive RaftClientReply:client-07BAECD5049A->74ecbdb6-699d-4c3c-ab90-3d79e72ea4a8@group-E72450CA2CED, cid=46, SUCCESS, logIndex=57, commits[74ecbdb6-699d-4c3c-ab90-3d79e72ea4a8:c57, 7decb6b1-ba7c-48d8-97ff-6a25276295c4:c55, a45c6565-035d-4d1b-87c5-293bdc0bfbe6:c13]
2019-09-16 22:07:38,844 [grpc-default-executor-1] INFO  client.GrpcClientProtocolClient (GrpcClientProtocolClient.java:onNext(264)) - client-07BAECD5049A->74ecbdb6-699d-4c3c-ab90-3d79e72ea4a8: receive RaftClientReply:client-07BAECD5049A->74ecbdb6-699d-4c3c-ab90-3d79e72ea4a8@group-E72450CA2CED, cid=47, SUCCESS, logIndex=60, commits[74ecbdb6-699d-4c3c-ab90-3d79e72ea4a8:c61, 7decb6b1-ba7c-48d8-97ff-6a25276295c4:c59, a45c6565-035d-4d1b-87c5-293bdc0bfbe6:c13]
2019-09-16 22:07:38,845 [grpc-default-executor-1] INFO  client.GrpcClientProtocolClient (GrpcClientProtocolClient.java:onNext(264)) - client-07BAECD5049A->74ecbdb6-699d-4c3c-ab90-3d79e72ea4a8: receive RaftClientReply:client-07BAECD5049A->74ecbdb6-699d-4c3c-ab90-3d79e72ea4a8@group-E72450CA2CED, cid=48, SUCCESS, logIndex=61, commits[74ecbdb6-699d-4c3c-ab90-3d79e72ea4a8:c61, 7decb6b1-ba7c-48d8-97ff-6a25276295c4:c59, a45c6565-035d-4d1b-87c5-293bdc0bfbe6:c13]
 0.00% |█                                                                                                    |  0/1 Time: 0:01:00 0.00% |█                                                                                                    |  0/1 Time: 0:01:012019-09-16 22:07:40,868 [java.util.concurrent.ThreadPoolExecutor$Worker@6e328994[State = -1, empty queue]] WARN  server.GrpcLogAppender (GrpcLogAppender.java:timeoutAppendRequest(200)) - 74ecbdb6-699d-4c3c-ab90-3d79e72ea4a8@group-E72450CA2CED->a45c6565-035d-4d1b-87c5-293bdc0bfbe6-GrpcLogAppender: appendEntries Timeout, request=74ecbdb6-699d-4c3c-ab90-3d79e72ea4a8->a45c6565-035d-4d1b-87c5-293bdc0bfbe6#76-t1, previous=(t:1, i:55), leaderCommit=55, initializing? false, entries: <empty>
 0.00% |█                                                                                                    |  0/1 Time: 0:01:022019-09-16 22:07:41,787 [java.util.concurrent.ThreadPoolExecutor$Worker@6e328994[State = -1, empty queue]] WARN  server.GrpcLogAppender (GrpcLogAppender.java:timeoutAppendRequest(200)) - 74ecbdb6-699d-4c3c-ab90-3d79e72ea4a8@group-E72450CA2CED->a45c6565-035d-4d1b-87c5-293bdc0bfbe6-GrpcLogAppender: appendEntries Timeout, request=74ecbdb6-699d-4c3c-ab90-3d79e72ea4a8->a45c6565-035d-4d1b-87c5-293bdc0bfbe6#77-t1, previous=(t:1, i:55), leaderCommit=55, initializing? false, entries: size=1, first=(t:1, i:56), STATEMACHINELOGENTRY, client-07BAECD5049A, cid=45
2019-09-16 22:07:41,787 [java.util.concurrent.ThreadPoolExecutor$Worker@6e328994[State = -1, empty queue]] WARN  server.GrpcLogAppender (GrpcLogAppender.java:timeoutAppendRequest(200)) - 74ecbdb6-699d-4c3c-ab90-3d79e72ea4a8@group-E72450CA2CED->a45c6565-035d-4d1b-87c5-293bdc0bfbe6-GrpcLogAppender: appendEntries Timeout, request=74ecbdb6-699d-4c3c-ab90-3d79e72ea4a8->a45c6565-035d-4d1b-87c5-293bdc0bfbe6#78-t1, previous=(t:1, i:56), leaderCommit=55, initializing? false, entries: size=1, first=(t:1, i:57), STATEMACHINELOGENTRY, client-07BAECD5049A, cid=46
2019-09-16 22:07:41,804 [java.util.concurrent.ThreadPoolExecutor$Worker@6e328994[State = -1, empty queue]] WARN  server.GrpcLogAppender (GrpcLogAppender.java:timeoutAppendRequest(200)) - 74ecbdb6-699d-4c3c-ab90-3d79e72ea4a8@group-E72450CA2CED->a45c6565-035d-4d1b-87c5-293bdc0bfbe6-GrpcLogAppender: appendEntries Timeout, request=74ecbdb6-699d-4c3c-ab90-3d79e72ea4a8->a45c6565-035d-4d1b-87c5-293bdc0bfbe6#79-t1, previous=(t:1, i:57), leaderCommit=57, initializing? false, entries: size=1, first=(t:1, i:58), METADATAENTRY(c56)
2019-09-16 22:07:41,804 [java.util.concurrent.ThreadPoolExecutor$Worker@6e328994[State = -1, empty queue]] WARN  server.GrpcLogAppender (GrpcLogAppender.java:timeoutAppendRequest(200)) - 74ecbdb6-699d-4c3c-ab90-3d79e72ea4a8@group-E72450CA2CED->a45c6565-035d-4d1b-87c5-293bdc0bfbe6-GrpcLogAppender: appendEntries Timeout, request=74ecbdb6-699d-4c3c-ab90-3d79e72ea4a8->a45c6565-035d-4d1b-87c5-293bdc0bfbe6#80-t1, previous=(t:1, i:58), leaderCommit=57, initializing? false, entries: size=1, first=(t:1, i:59), METADATAENTRY(c57)
2019-09-16 22:07:41,826 [java.util.concurrent.ThreadPoolExecutor$Worker@6e328994[State = -1, empty queue]] WARN  server.GrpcLogAppender (GrpcLogAppender.java:timeoutAppendRequest(200)) - 74ecbdb6-699d-4c3c-ab90-3d79e72ea4a8@group-E72450CA2CED->a45c6565-035d-4d1b-87c5-293bdc0bfbe6-GrpcLogAppender: appendEntries Timeout, request=74ecbdb6-699d-4c3c-ab90-3d79e72ea4a8->a45c6565-035d-4d1b-87c5-293bdc0bfbe6#81-t1, previous=(t:1, i:59), leaderCommit=59, initializing? false, entries: size=1, first=(t:1, i:60), STATEMACHINELOGENTRY, client-07BAECD5049A, cid=47
2019-09-16 22:07:41,826 [java.util.concurrent.ThreadPoolExecutor$Worker@6e328994[State = -1, empty queue]] WARN  server.GrpcLogAppender (GrpcLogAppender.java:timeoutAppendRequest(200)) - 74ecbdb6-699d-4c3c-ab90-3d79e72ea4a8@group-E72450CA2CED->a45c6565-035d-4d1b-87c5-293bdc0bfbe6-GrpcLogAppender: appendEntries Timeout, request=74ecbdb6-699d-4c3c-ab90-3d79e72ea4a8->a45c6565-035d-4d1b-87c5-293bdc0bfbe6#82-t1, previous=(t:1, i:60), leaderCommit=59, initializing? false, entries: size=1, first=(t:1, i:61), STATEMACHINELOGENTRY, client-07BAECD5049A, cid=48
2019-09-16 22:07:41,842 [java.util.concurrent.ThreadPoolExecutor$Worker@6e328994[State = -1, empty queue]] WARN  server.GrpcLogAppender (GrpcLogAppender.java:timeoutAppendRequest(200)) - 74ecbdb6-699d-4c3c-ab90-3d79e72ea4a8@group-E72450CA2CED->a45c6565-035d-4d1b-87c5-293bdc0bfbe6-GrpcLogAppender: appendEntries Timeout, request=74ecbdb6-699d-4c3c-ab90-3d79e72ea4a8->a45c6565-035d-4d1b-87c5-293bdc0bfbe6#83-t1, previous=(t:1, i:61), leaderCommit=60, initializing? false, entries: size=1, first=(t:1, i:62), METADATAENTRY(c60)
2019-09-16 22:07:41,842 [java.util.concurrent.ThreadPoolExecutor$Worker@6e328994[State = -1, empty queue]] WARN  server.GrpcLogAppender (GrpcLogAppender.java:timeoutAppendRequest(200)) - 74ecbdb6-699d-4c3c-ab90-3d79e72ea4a8@group-E72450CA2CED->a45c6565-035d-4d1b-87c5-293bdc0bfbe6-GrpcLogAppender: appendEntries Timeout, request=74ecbdb6-699d-4c3c-ab90-3d79e72ea4a8->a45c6565-035d-4d1b-87c5-293bdc0bfbe6#84-t1, previous=(t:1, i:62), leaderCommit=61, initializing? false, entries: size=1, first=(t:1, i:63), METADATAENTRY(c61)
 0.00% |█                                                                                                    |  0/1 Time: 0:01:032019-09-16 22:07:42,757 [Thread-446] INFO  client.GrpcClientProtocolService (GrpcClientProtocolService.java:lambda$processClientRequest$0(278)) - Failed RaftClientRequest:client-07BAECD5049A->74ecbdb6-699d-4c3c-ab90-3d79e72ea4a8@group-E72450CA2CED, cid=43, seq=0, Watch-ALL_COMMITTED(50), Message:<EMPTY>, reply=RaftClientReply:client-07BAECD5049A->74ecbdb6-699d-4c3c-ab90-3d79e72ea4a8@group-E72450CA2CED, cid=43, FAILED org.apache.ratis.protocol.NotReplicatedException: Request with call Id 43 and log index 50 is not yet replicated to ALL_COMMITTED, logIndex=50, commits[74ecbdb6-699d-4c3c-ab90-3d79e72ea4a8:c63, 7decb6b1-ba7c-48d8-97ff-6a25276295c4:c63, a45c6565-035d-4d1b-87c5-293bdc0bfbe6:c13]
2019-09-16 22:07:42,761 [grpc-default-executor-1] INFO  client.GrpcClientProtocolClient (GrpcClientProtocolClient.java:onNext(264)) - client-07BAECD5049A->74ecbdb6-699d-4c3c-ab90-3d79e72ea4a8: receive RaftClientReply:client-07BAECD5049A->74ecbdb6-699d-4c3c-ab90-3d79e72ea4a8@group-E72450CA2CED, cid=43, FAILED org.apache.ratis.protocol.NotReplicatedException: Request with call Id 43 and log index 50 is not yet replicated to ALL_COMMITTED, logIndex=50, commits[74ecbdb6-699d-4c3c-ab90-3d79e72ea4a8:c63, 7decb6b1-ba7c-48d8-97ff-6a25276295c4:c63, a45c6565-035d-4d1b-87c5-293bdc0bfbe6:c13]
 0.00% |█                                                                                                    |  0/1 Time: 0:01:04 0.00% |█                                                                                                    |  0/1 Time: 0:01:052019-09-16 22:07:44,344 [java.util.concurrent.ThreadPoolExecutor$Worker@6e328994[State = -1, empty queue]] WARN  server.GrpcLogAppender (GrpcLogAppender.java:timeoutAppendRequest(200)) - 74ecbdb6-699d-4c3c-ab90-3d79e72ea4a8@group-E72450CA2CED->a45c6565-035d-4d1b-87c5-293bdc0bfbe6-GrpcLogAppender: appendEntries Timeout, request=74ecbdb6-699d-4c3c-ab90-3d79e72ea4a8->a45c6565-035d-4d1b-87c5-293bdc0bfbe6#85-t1, previous=(t:1, i:63), leaderCommit=63, initializing? false, entries: <empty>
2019-09-16 22:07:44,648 [a45c6565-035d-4d1b-87c5-293bdc0bfbe6@group-E72450CA2CED-SegmentedRaftLogWorker] WARN  segmented.SegmentedRaftLogWorker (SegmentedRaftLogWorker.java:getFromFuture(90)) - Timeout 5/~
org.apache.ratis.protocol.TimeoutIOException: Timeout 10s: WriteLog:18: (t:1, i:18), STATEMACHINELOGENTRY, client-4A0AD11AF982, cid=17-writeStateMachineData
	at org.apache.ratis.util.IOUtils.getFromFuture(IOUtils.java:87)
	at org.apache.ratis.server.raftlog.segmented.SegmentedRaftLogWorker$StateMachineDataPolicy.getFromFuture(SegmentedRaftLogWorker.java:87)
	at org.apache.ratis.server.raftlog.segmented.SegmentedRaftLogWorker$WriteLog.execute(SegmentedRaftLogWorker.java:477)
	at org.apache.ratis.server.raftlog.segmented.SegmentedRaftLogWorker.run(SegmentedRaftLogWorker.java:289)
	at java.lang.Thread.run(Thread.java:748)
Caused by: java.util.concurrent.TimeoutException
	at java.util.concurrent.CompletableFuture.timedGet(CompletableFuture.java:1771)
	at java.util.concurrent.CompletableFuture.get(CompletableFuture.java:1915)
	at org.apache.ratis.util.IOUtils.getFromFuture(IOUtils.java:79)
	... 4 more
 0.00% |█                                                                                                    |  0/1 Time: 0:01:06 0.00% |█                                                                                                    |  0/1 Time: 0:01:072019-09-16 22:07:46,756 [Thread-452] INFO  client.GrpcClientProtocolService (GrpcClientProtocolService.java:lambda$processClientRequest$0(278)) - Failed RaftClientRequest:client-07BAECD5049A->74ecbdb6-699d-4c3c-ab90-3d79e72ea4a8@group-E72450CA2CED, cid=43, seq=0, Watch-ALL_COMMITTED(50), Message:<EMPTY>, reply=RaftClientReply:client-07BAECD5049A->74ecbdb6-699d-4c3c-ab90-3d79e72ea4a8@group-E72450CA2CED, cid=43, FAILED org.apache.ratis.protocol.NotReplicatedException: Request with call Id 43 and log index 50 is not yet replicated to ALL_COMMITTED, logIndex=50, commits[74ecbdb6-699d-4c3c-ab90-3d79e72ea4a8:c63, 7decb6b1-ba7c-48d8-97ff-6a25276295c4:c63, a45c6565-035d-4d1b-87c5-293bdc0bfbe6:c13]
2019-09-16 22:07:46,762 [grpc-default-executor-1] INFO  client.GrpcClientProtocolClient (GrpcClientProtocolClient.java:onNext(264)) - client-07BAECD5049A->74ecbdb6-699d-4c3c-ab90-3d79e72ea4a8: receive RaftClientReply:client-07BAECD5049A->74ecbdb6-699d-4c3c-ab90-3d79e72ea4a8@group-E72450CA2CED, cid=43, FAILED org.apache.ratis.protocol.NotReplicatedException: Request with call Id 43 and log index 50 is not yet replicated to ALL_COMMITTED, logIndex=50, commits[74ecbdb6-699d-4c3c-ab90-3d79e72ea4a8:c63, 7decb6b1-ba7c-48d8-97ff-6a25276295c4:c63, a45c6565-035d-4d1b-87c5-293bdc0bfbe6:c13]
2019-09-16 22:07:46,845 [java.util.concurrent.ThreadPoolExecutor$Worker@6e328994[State = -1, empty queue]] WARN  server.GrpcLogAppender (GrpcLogAppender.java:timeoutAppendRequest(200)) - 74ecbdb6-699d-4c3c-ab90-3d79e72ea4a8@group-E72450CA2CED->a45c6565-035d-4d1b-87c5-293bdc0bfbe6-GrpcLogAppender: appendEntries Timeout, request=74ecbdb6-699d-4c3c-ab90-3d79e72ea4a8->a45c6565-035d-4d1b-87c5-293bdc0bfbe6#86-t1, previous=(t:1, i:63), leaderCommit=63, initializing? false, entries: <empty>
 0.00% |█                                                                                                    |  0/1 Time: 0:01:08 0.00% |█                                                                                                    |  0/1 Time: 0:01:09 0.00% |█                                                                                                    |  0/1 Time: 0:01:102019-09-16 22:07:49,347 [java.util.concurrent.ThreadPoolExecutor$Worker@6e328994[State = -1, empty queue]] WARN  server.GrpcLogAppender (GrpcLogAppender.java:timeoutAppendRequest(200)) - 74ecbdb6-699d-4c3c-ab90-3d79e72ea4a8@group-E72450CA2CED->a45c6565-035d-4d1b-87c5-293bdc0bfbe6-GrpcLogAppender: appendEntries Timeout, request=74ecbdb6-699d-4c3c-ab90-3d79e72ea4a8->a45c6565-035d-4d1b-87c5-293bdc0bfbe6#87-t1, previous=(t:1, i:63), leaderCommit=63, initializing? false, entries: <empty>
2019-09-16 22:07:49,755 [Thread-455] INFO  client.GrpcClientProtocolService (GrpcClientProtocolService.java:lambda$processClientRequest$0(278)) - Failed RaftClientRequest:client-07BAECD5049A->74ecbdb6-699d-4c3c-ab90-3d79e72ea4a8@group-E72450CA2CED, cid=49, seq=0, Watch-ALL_COMMITTED(61), Message:<EMPTY>, reply=RaftClientReply:client-07BAECD5049A->74ecbdb6-699d-4c3c-ab90-3d79e72ea4a8@group-E72450CA2CED, cid=49, FAILED org.apache.ratis.protocol.NotReplicatedException: Request with call Id 49 and log index 61 is not yet replicated to ALL_COMMITTED, logIndex=61, commits[74ecbdb6-699d-4c3c-ab90-3d79e72ea4a8:c63, 7decb6b1-ba7c-48d8-97ff-6a25276295c4:c63, a45c6565-035d-4d1b-87c5-293bdc0bfbe6:c13]
2019-09-16 22:07:49,758 [grpc-default-executor-1] INFO  client.GrpcClientProtocolClient (GrpcClientProtocolClient.java:onNext(264)) - client-07BAECD5049A->74ecbdb6-699d-4c3c-ab90-3d79e72ea4a8: receive RaftClientReply:client-07BAECD5049A->74ecbdb6-699d-4c3c-ab90-3d79e72ea4a8@group-E72450CA2CED, cid=49, FAILED org.apache.ratis.protocol.NotReplicatedException: Request with call Id 49 and log index 61 is not yet replicated to ALL_COMMITTED, logIndex=61, commits[74ecbdb6-699d-4c3c-ab90-3d79e72ea4a8:c63, 7decb6b1-ba7c-48d8-97ff-6a25276295c4:c63, a45c6565-035d-4d1b-87c5-293bdc0bfbe6:c13]
2019-09-16 22:07:49,760 [pool-53-thread-3] WARN  scm.XceiverClientRatis (XceiverClientRatis.java:watchForCommit(262)) - 3 way commit failed on pipeline Pipeline[ Id: b13ef001-8a94-452d-a6a3-e72450ca2ced, Nodes: 74ecbdb6-699d-4c3c-ab90-3d79e72ea4a8{ip: 192.168.34.35, host: pr-hdds-2120-pf7zr-4137305271, networkLocation: /default-rack, certSerialId: null}7decb6b1-ba7c-48d8-97ff-6a25276295c4{ip: 192.168.34.35, host: pr-hdds-2120-pf7zr-4137305271, networkLocation: /default-rack, certSerialId: null}a45c6565-035d-4d1b-87c5-293bdc0bfbe6{ip: 192.168.34.35, host: pr-hdds-2120-pf7zr-4137305271, networkLocation: /default-rack, certSerialId: null}, Type:RATIS, Factor:THREE, State:OPEN]
java.util.concurrent.ExecutionException: org.apache.ratis.protocol.NotReplicatedException: Request with call Id 49 and log index 61 is not yet replicated to ALL_COMMITTED
	at java.util.concurrent.CompletableFuture.reportGet(CompletableFuture.java:357)
	at java.util.concurrent.CompletableFuture.get(CompletableFuture.java:1915)
	at org.apache.hadoop.hdds.scm.XceiverClientRatis.watchForCommit(XceiverClientRatis.java:259)
	at org.apache.hadoop.hdds.scm.storage.CommitWatcher.watchForCommit(CommitWatcher.java:194)
	at org.apache.hadoop.hdds.scm.storage.CommitWatcher.watchOnLastIndex(CommitWatcher.java:157)
	at org.apache.hadoop.hdds.scm.storage.BlockOutputStream.watchForCommit(BlockOutputStream.java:347)
	at org.apache.hadoop.hdds.scm.storage.BlockOutputStream.handleFlush(BlockOutputStream.java:479)
	at org.apache.hadoop.hdds.scm.storage.BlockOutputStream.close(BlockOutputStream.java:493)
	at org.apache.hadoop.ozone.client.io.BlockOutputStreamEntry.close(BlockOutputStreamEntry.java:143)
	at org.apache.hadoop.ozone.client.io.KeyOutputStream.handleFlushOrClose(KeyOutputStream.java:438)
	at org.apache.hadoop.ozone.client.io.KeyOutputStream.handleWrite(KeyOutputStream.java:235)
	at org.apache.hadoop.ozone.client.io.KeyOutputStream.write(KeyOutputStream.java:193)
	at org.apache.hadoop.ozone.client.io.OzoneOutputStream.write(OzoneOutputStream.java:49)
	at org.apache.hadoop.ozone.freon.RandomKeyGenerator.createKey(RandomKeyGenerator.java:708)
	at org.apache.hadoop.ozone.freon.RandomKeyGenerator.access$1100(RandomKeyGenerator.java:88)
	at org.apache.hadoop.ozone.freon.RandomKeyGenerator$ObjectCreator.run(RandomKeyGenerator.java:615)
	at java.util.concurrent.Executors$RunnableAdapter.call(Executors.java:511)
	at java.util.concurrent.FutureTask.run(FutureTask.java:266)
	at java.util.concurrent.ThreadPoolExecutor.runWorker(ThreadPoolExecutor.java:1149)
	at java.util.concurrent.ThreadPoolExecutor$Worker.run(ThreadPoolExecutor.java:624)
	at java.lang.Thread.run(Thread.java:748)
Caused by: org.apache.ratis.protocol.NotReplicatedException: Request with call Id 49 and log index 61 is not yet replicated to ALL_COMMITTED
	at org.apache.ratis.client.impl.ClientProtoUtils.toRaftClientReply(ClientProtoUtils.java:246)
	at org.apache.ratis.grpc.client.GrpcClientProtocolClient$AsyncStreamObservers$1.onNext(GrpcClientProtocolClient.java:263)
	at org.apache.ratis.grpc.client.GrpcClientProtocolClient$AsyncStreamObservers$1.onNext(GrpcClientProtocolClient.java:258)
	at org.apache.ratis.thirdparty.io.grpc.stub.ClientCalls$StreamObserverToCallListenerAdapter.onMessage(ClientCalls.java:421)
	at org.apache.ratis.thirdparty.io.grpc.ForwardingClientCallListener.onMessage(ForwardingClientCallListener.java:33)
	at org.apache.ratis.thirdparty.io.grpc.ForwardingClientCallListener.onMessage(ForwardingClientCallListener.java:33)
	at org.apache.ratis.thirdparty.io.grpc.internal.ClientCallImpl$ClientStreamListenerImpl$1MessagesAvailable.runInContext(ClientCallImpl.java:519)
	at org.apache.ratis.thirdparty.io.grpc.internal.ContextRunnable.run(ContextRunnable.java:37)
	at org.apache.ratis.thirdparty.io.grpc.internal.SerializingExecutor.run(SerializingExecutor.java:123)
	... 3 more
2019-09-16 22:07:49,765 [grpc-default-executor-1] INFO  client.GrpcClientProtocolClient (GrpcClientProtocolClient.java:onNext(264)) - client-07BAECD5049A->74ecbdb6-699d-4c3c-ab90-3d79e72ea4a8: receive RaftClientReply:client-07BAECD5049A->74ecbdb6-699d-4c3c-ab90-3d79e72ea4a8@group-E72450CA2CED, cid=50, SUCCESS, logIndex=0, commits[74ecbdb6-699d-4c3c-ab90-3d79e72ea4a8:c63, 7decb6b1-ba7c-48d8-97ff-6a25276295c4:c63, a45c6565-035d-4d1b-87c5-293bdc0bfbe6:c13]
2019-09-16 22:07:49,765 [pool-53-thread-3] INFO  scm.XceiverClientRatis (XceiverClientRatis.java:lambda$watchForCommit$7(280)) - Could not commit index 61 on pipeline Pipeline[ Id: b13ef001-8a94-452d-a6a3-e72450ca2ced, Nodes: 74ecbdb6-699d-4c3c-ab90-3d79e72ea4a8{ip: 192.168.34.35, host: pr-hdds-2120-pf7zr-4137305271, networkLocation: /default-rack, certSerialId: null}7decb6b1-ba7c-48d8-97ff-6a25276295c4{ip: 192.168.34.35, host: pr-hdds-2120-pf7zr-4137305271, networkLocation: /default-rack, certSerialId: null}a45c6565-035d-4d1b-87c5-293bdc0bfbe6{ip: 192.168.34.35, host: pr-hdds-2120-pf7zr-4137305271, networkLocation: /default-rack, certSerialId: null}, Type:RATIS, Factor:THREE, State:OPEN] to all the nodes. Server a45c6565-035d-4d1b-87c5-293bdc0bfbe6 has failed. Committed by majority.
2019-09-16 22:07:49,766 [pool-53-thread-3] WARN  storage.BlockOutputStream (BlockOutputStream.java:watchForCommit(353)) - Failed to commit BlockId conID: 1 locID: 102804461924581379 bcsId: 61 on Pipeline[ Id: b13ef001-8a94-452d-a6a3-e72450ca2ced, Nodes: 74ecbdb6-699d-4c3c-ab90-3d79e72ea4a8{ip: 192.168.34.35, host: pr-hdds-2120-pf7zr-4137305271, networkLocation: /default-rack, certSerialId: null}7decb6b1-ba7c-48d8-97ff-6a25276295c4{ip: 192.168.34.35, host: pr-hdds-2120-pf7zr-4137305271, networkLocation: /default-rack, certSerialId: null}a45c6565-035d-4d1b-87c5-293bdc0bfbe6{ip: 192.168.34.35, host: pr-hdds-2120-pf7zr-4137305271, networkLocation: /default-rack, certSerialId: null}, Type:RATIS, Factor:THREE, State:OPEN]. Failed nodes: [a45c6565-035d-4d1b-87c5-293bdc0bfbe6{ip: null, host: null, networkLocation: /default-rack, certSerialId: null}]
2019-09-16 22:07:49,819 [grpc-default-executor-0] INFO  client.GrpcClientProtocolClient (GrpcClientProtocolClient.java:onNext(264)) - client-61521285E3EC->74ecbdb6-699d-4c3c-ab90-3d79e72ea4a8: receive RaftClientReply:client-61521285E3EC->74ecbdb6-699d-4c3c-ab90-3d79e72ea4a8@group-E72450CA2CED, cid=51, SUCCESS, logIndex=64, commits[74ecbdb6-699d-4c3c-ab90-3d79e72ea4a8:c64, 7decb6b1-ba7c-48d8-97ff-6a25276295c4:c63, a45c6565-035d-4d1b-87c5-293bdc0bfbe6:c13]
2019-09-16 22:07:49,833 [grpc-default-executor-3] INFO  client.GrpcClientProtocolClient (GrpcClientProtocolClient.java:onNext(264)) - client-61521285E3EC->74ecbdb6-699d-4c3c-ab90-3d79e72ea4a8: receive RaftClientReply:client-61521285E3EC->74ecbdb6-699d-4c3c-ab90-3d79e72ea4a8@group-E72450CA2CED, cid=52, SUCCESS, logIndex=66, commits[74ecbdb6-699d-4c3c-ab90-3d79e72ea4a8:c66, 7decb6b1-ba7c-48d8-97ff-6a25276295c4:c64, a45c6565-035d-4d1b-87c5-293bdc0bfbe6:c13]
2019-09-16 22:07:49,850 [grpc-default-executor-3] INFO  client.GrpcClientProtocolClient (GrpcClientProtocolClient.java:onNext(264)) - client-61521285E3EC->74ecbdb6-699d-4c3c-ab90-3d79e72ea4a8: receive RaftClientReply:client-61521285E3EC->74ecbdb6-699d-4c3c-ab90-3d79e72ea4a8@group-E72450CA2CED, cid=53, SUCCESS, logIndex=68, commits[74ecbdb6-699d-4c3c-ab90-3d79e72ea4a8:c69, 7decb6b1-ba7c-48d8-97ff-6a25276295c4:c66, a45c6565-035d-4d1b-87c5-293bdc0bfbe6:c13]
2019-09-16 22:07:49,851 [grpc-default-executor-3] INFO  client.GrpcClientProtocolClient (GrpcClientProtocolClient.java:onNext(264)) - client-61521285E3EC->74ecbdb6-699d-4c3c-ab90-3d79e72ea4a8: receive RaftClientReply:client-61521285E3EC->74ecbdb6-699d-4c3c-ab90-3d79e72ea4a8@group-E72450CA2CED, cid=54, SUCCESS, logIndex=69, commits[74ecbdb6-699d-4c3c-ab90-3d79e72ea4a8:c69, 7decb6b1-ba7c-48d8-97ff-6a25276295c4:c66, a45c6565-035d-4d1b-87c5-293bdc0bfbe6:c13]
 0.00% |█                                                                                                    |  0/1 Time: 0:01:11 0.00% |█                                                                                                    |  0/1 Time: 0:01:122019-09-16 22:07:51,849 [java.util.concurrent.ThreadPoolExecutor$Worker@6e328994[State = -1, empty queue]] WARN  server.GrpcLogAppender (GrpcLogAppender.java:timeoutAppendRequest(200)) - 74ecbdb6-699d-4c3c-ab90-3d79e72ea4a8@group-E72450CA2CED->a45c6565-035d-4d1b-87c5-293bdc0bfbe6-GrpcLogAppender: appendEntries Timeout, request=74ecbdb6-699d-4c3c-ab90-3d79e72ea4a8->a45c6565-035d-4d1b-87c5-293bdc0bfbe6#88-t1, previous=(t:1, i:63), leaderCommit=63, initializing? false, entries: <empty>
 0.00% |█                                                                                                    |  0/1 Time: 0:01:132019-09-16 22:07:52,799 [java.util.concurrent.ThreadPoolExecutor$Worker@6e328994[State = -1, empty queue]] WARN  server.GrpcLogAppender (GrpcLogAppender.java:timeoutAppendRequest(200)) - 74ecbdb6-699d-4c3c-ab90-3d79e72ea4a8@group-E72450CA2CED->a45c6565-035d-4d1b-87c5-293bdc0bfbe6-GrpcLogAppender: appendEntries Timeout, request=74ecbdb6-699d-4c3c-ab90-3d79e72ea4a8->a45c6565-035d-4d1b-87c5-293bdc0bfbe6#89-t1, previous=(t:1, i:63), leaderCommit=63, initializing? false, entries: size=1, first=(t:1, i:64), STATEMACHINELOGENTRY, client-61521285E3EC, cid=51
2019-09-16 22:07:52,815 [java.util.concurrent.ThreadPoolExecutor$Worker@6e328994[State = -1, empty queue]] WARN  server.GrpcLogAppender (GrpcLogAppender.java:timeoutAppendRequest(200)) - 74ecbdb6-699d-4c3c-ab90-3d79e72ea4a8@group-E72450CA2CED->a45c6565-035d-4d1b-87c5-293bdc0bfbe6-GrpcLogAppender: appendEntries Timeout, request=74ecbdb6-699d-4c3c-ab90-3d79e72ea4a8->a45c6565-035d-4d1b-87c5-293bdc0bfbe6#90-t1, previous=(t:1, i:64), leaderCommit=64, initializing? false, entries: size=1, first=(t:1, i:65), METADATAENTRY(c64)
2019-09-16 22:07:52,826 [java.util.concurrent.ThreadPoolExecutor$Worker@6e328994[State = -1, empty queue]] WARN  server.GrpcLogAppender (GrpcLogAppender.java:timeoutAppendRequest(200)) - 74ecbdb6-699d-4c3c-ab90-3d79e72ea4a8@group-E72450CA2CED->a45c6565-035d-4d1b-87c5-293bdc0bfbe6-GrpcLogAppender: appendEntries Timeout, request=74ecbdb6-699d-4c3c-ab90-3d79e72ea4a8->a45c6565-035d-4d1b-87c5-293bdc0bfbe6#91-t1, previous=(t:1, i:65), leaderCommit=64, initializing? false, entries: size=1, first=(t:1, i:66), STATEMACHINELOGENTRY, client-61521285E3EC, cid=52
2019-09-16 22:07:52,830 [java.util.concurrent.ThreadPoolExecutor$Worker@6e328994[State = -1, empty queue]] WARN  server.GrpcLogAppender (GrpcLogAppender.java:timeoutAppendRequest(200)) - 74ecbdb6-699d-4c3c-ab90-3d79e72ea4a8@group-E72450CA2CED->a45c6565-035d-4d1b-87c5-293bdc0bfbe6-GrpcLogAppender: appendEntries Timeout, request=74ecbdb6-699d-4c3c-ab90-3d79e72ea4a8->a45c6565-035d-4d1b-87c5-293bdc0bfbe6#92-t1, previous=(t:1, i:66), leaderCommit=66, initializing? false, entries: size=1, first=(t:1, i:67), METADATAENTRY(c66)
2019-09-16 22:07:52,833 [java.util.concurrent.ThreadPoolExecutor$Worker@6e328994[State = -1, empty queue]] WARN  server.GrpcLogAppender (GrpcLogAppender.java:timeoutAppendRequest(200)) - 74ecbdb6-699d-4c3c-ab90-3d79e72ea4a8@group-E72450CA2CED->a45c6565-035d-4d1b-87c5-293bdc0bfbe6-GrpcLogAppender: appendEntries Timeout, request=74ecbdb6-699d-4c3c-ab90-3d79e72ea4a8->a45c6565-035d-4d1b-87c5-293bdc0bfbe6#93-t1, previous=(t:1, i:67), leaderCommit=66, initializing? false, entries: size=1, first=(t:1, i:68), STATEMACHINELOGENTRY, client-61521285E3EC, cid=53
2019-09-16 22:07:52,834 [java.util.concurrent.ThreadPoolExecutor$Worker@6e328994[State = -1, empty queue]] WARN  server.GrpcLogAppender (GrpcLogAppender.java:timeoutAppendRequest(200)) - 74ecbdb6-699d-4c3c-ab90-3d79e72ea4a8@group-E72450CA2CED->a45c6565-035d-4d1b-87c5-293bdc0bfbe6-GrpcLogAppender: appendEntries Timeout, request=74ecbdb6-699d-4c3c-ab90-3d79e72ea4a8->a45c6565-035d-4d1b-87c5-293bdc0bfbe6#94-t1, previous=(t:1, i:68), leaderCommit=66, initializing? false, entries: size=1, first=(t:1, i:69), STATEMACHINELOGENTRY, client-61521285E3EC, cid=54
2019-09-16 22:07:52,846 [java.util.concurrent.ThreadPoolExecutor$Worker@6e328994[State = -1, empty queue]] WARN  server.GrpcLogAppender (GrpcLogAppender.java:timeoutAppendRequest(200)) - 74ecbdb6-699d-4c3c-ab90-3d79e72ea4a8@group-E72450CA2CED->a45c6565-035d-4d1b-87c5-293bdc0bfbe6-GrpcLogAppender: appendEntries Timeout, request=74ecbdb6-699d-4c3c-ab90-3d79e72ea4a8->a45c6565-035d-4d1b-87c5-293bdc0bfbe6#95-t1, previous=(t:1, i:69), leaderCommit=69, initializing? false, entries: size=1, first=(t:1, i:70), METADATAENTRY(c68)
2019-09-16 22:07:52,847 [java.util.concurrent.ThreadPoolExecutor$Worker@6e328994[State = -1, empty queue]] WARN  server.GrpcLogAppender (GrpcLogAppender.java:timeoutAppendRequest(200)) - 74ecbdb6-699d-4c3c-ab90-3d79e72ea4a8@group-E72450CA2CED->a45c6565-035d-4d1b-87c5-293bdc0bfbe6-GrpcLogAppender: appendEntries Timeout, request=74ecbdb6-699d-4c3c-ab90-3d79e72ea4a8->a45c6565-035d-4d1b-87c5-293bdc0bfbe6#96-t1, previous=(t:1, i:70), leaderCommit=69, initializing? false, entries: size=1, first=(t:1, i:71), METADATAENTRY(c69)
 0.00% |█                                                                                                    |  0/1 Time: 0:01:142019-09-16 22:07:53,756 [Thread-476] INFO  client.GrpcClientProtocolService (GrpcClientProtocolService.java:lambda$processClientRequest$0(278)) - Failed RaftClientRequest:client-07BAECD5049A->74ecbdb6-699d-4c3c-ab90-3d79e72ea4a8@group-E72450CA2CED, cid=49, seq=0, Watch-ALL_COMMITTED(61), Message:<EMPTY>, reply=RaftClientReply:client-07BAECD5049A->74ecbdb6-699d-4c3c-ab90-3d79e72ea4a8@group-E72450CA2CED, cid=49, FAILED org.apache.ratis.protocol.NotReplicatedException: Request with call Id 49 and log index 61 is not yet replicated to ALL_COMMITTED, logIndex=61, commits[74ecbdb6-699d-4c3c-ab90-3d79e72ea4a8:c71, 7decb6b1-ba7c-48d8-97ff-6a25276295c4:c71, a45c6565-035d-4d1b-87c5-293bdc0bfbe6:c13]
 0.00% |█                                                                                                    |  0/1 Time: 0:01:152019-09-16 22:07:54,649 [a45c6565-035d-4d1b-87c5-293bdc0bfbe6@group-E72450CA2CED-SegmentedRaftLogWorker] WARN  segmented.SegmentedRaftLogWorker (SegmentedRaftLogWorker.java:getFromFuture(90)) - Timeout 6/~
org.apache.ratis.protocol.TimeoutIOException: Timeout 10s: WriteLog:18: (t:1, i:18), STATEMACHINELOGENTRY, client-4A0AD11AF982, cid=17-writeStateMachineData
	at org.apache.ratis.util.IOUtils.getFromFuture(IOUtils.java:87)
	at org.apache.ratis.server.raftlog.segmented.SegmentedRaftLogWorker$StateMachineDataPolicy.getFromFuture(SegmentedRaftLogWorker.java:87)
	at org.apache.ratis.server.raftlog.segmented.SegmentedRaftLogWorker$WriteLog.execute(SegmentedRaftLogWorker.java:477)
	at org.apache.ratis.server.raftlog.segmented.SegmentedRaftLogWorker.run(SegmentedRaftLogWorker.java:289)
	at java.lang.Thread.run(Thread.java:748)
Caused by: java.util.concurrent.TimeoutException
	at java.util.concurrent.CompletableFuture.timedGet(CompletableFuture.java:1771)
	at java.util.concurrent.CompletableFuture.get(CompletableFuture.java:1915)
	at org.apache.ratis.util.IOUtils.getFromFuture(IOUtils.java:79)
	... 4 more
 0.00% |█                                                                                                    |  0/1 Time: 0:01:162019-09-16 22:07:55,349 [java.util.concurrent.ThreadPoolExecutor$Worker@6e328994[State = -1, empty queue]] WARN  server.GrpcLogAppender (GrpcLogAppender.java:timeoutAppendRequest(200)) - 74ecbdb6-699d-4c3c-ab90-3d79e72ea4a8@group-E72450CA2CED->a45c6565-035d-4d1b-87c5-293bdc0bfbe6-GrpcLogAppender: appendEntries Timeout, request=74ecbdb6-699d-4c3c-ab90-3d79e72ea4a8->a45c6565-035d-4d1b-87c5-293bdc0bfbe6#97-t1, previous=(t:1, i:71), leaderCommit=71, initializing? false, entries: <empty>
 0.00% |█                                                                                                    |  0/1 Time: 0:01:17 0.00% |█                                                                                                    |  0/1 Time: 0:01:182019-09-16 22:07:57,755 [Thread-482] INFO  client.GrpcClientProtocolService (GrpcClientProtocolService.java:lambda$processClientRequest$0(278)) - Failed RaftClientRequest:client-07BAECD5049A->74ecbdb6-699d-4c3c-ab90-3d79e72ea4a8@group-E72450CA2CED, cid=49, seq=0, Watch-ALL_COMMITTED(61), Message:<EMPTY>, reply=RaftClientReply:client-07BAECD5049A->74ecbdb6-699d-4c3c-ab90-3d79e72ea4a8@group-E72450CA2CED, cid=49, FAILED org.apache.ratis.protocol.NotReplicatedException: Request with call Id 49 and log index 61 is not yet replicated to ALL_COMMITTED, logIndex=61, commits[74ecbdb6-699d-4c3c-ab90-3d79e72ea4a8:c71, 7decb6b1-ba7c-48d8-97ff-6a25276295c4:c71, a45c6565-035d-4d1b-87c5-293bdc0bfbe6:c13]
2019-09-16 22:07:57,850 [java.util.concurrent.ThreadPoolExecutor$Worker@6e328994[State = -1, empty queue]] WARN  server.GrpcLogAppender (GrpcLogAppender.java:timeoutAppendRequest(200)) - 74ecbdb6-699d-4c3c-ab90-3d79e72ea4a8@group-E72450CA2CED->a45c6565-035d-4d1b-87c5-293bdc0bfbe6-GrpcLogAppender: appendEntries Timeout, request=74ecbdb6-699d-4c3c-ab90-3d79e72ea4a8->a45c6565-035d-4d1b-87c5-293bdc0bfbe6#98-t1, previous=(t:1, i:71), leaderCommit=71, initializing? false, entries: <empty>
 0.00% |█                                                                                                    |  0/1 Time: 0:01:19 0.00% |█                                                                                                    |  0/1 Time: 0:01:20 0.00% |█                                                                                                    |  0/1 Time: 0:01:212019-09-16 22:08:00,350 [java.util.concurrent.ThreadPoolExecutor$Worker@6e328994[State = -1, empty queue]] WARN  server.GrpcLogAppender (GrpcLogAppender.java:timeoutAppendRequest(200)) - 74ecbdb6-699d-4c3c-ab90-3d79e72ea4a8@group-E72450CA2CED->a45c6565-035d-4d1b-87c5-293bdc0bfbe6-GrpcLogAppender: appendEntries Timeout, request=74ecbdb6-699d-4c3c-ab90-3d79e72ea4a8->a45c6565-035d-4d1b-87c5-293bdc0bfbe6#99-t1, previous=(t:1, i:71), leaderCommit=71, initializing? false, entries: <empty>
2019-09-16 22:08:00,755 [Thread-485] INFO  client.GrpcClientProtocolService (GrpcClientProtocolService.java:lambda$processClientRequest$0(278)) - Failed RaftClientRequest:client-61521285E3EC->74ecbdb6-699d-4c3c-ab90-3d79e72ea4a8@group-E72450CA2CED, cid=55, seq=0, Watch-ALL_COMMITTED(66), Message:<EMPTY>, reply=RaftClientReply:client-61521285E3EC->74ecbdb6-699d-4c3c-ab90-3d79e72ea4a8@group-E72450CA2CED, cid=55, FAILED org.apache.ratis.protocol.NotReplicatedException: Request with call Id 55 and log index 66 is not yet replicated to ALL_COMMITTED, logIndex=66, commits[74ecbdb6-699d-4c3c-ab90-3d79e72ea4a8:c71, 7decb6b1-ba7c-48d8-97ff-6a25276295c4:c71, a45c6565-035d-4d1b-87c5-293bdc0bfbe6:c13]
2019-09-16 22:08:00,759 [grpc-default-executor-3] INFO  client.GrpcClientProtocolClient (GrpcClientProtocolClient.java:onNext(264)) - client-61521285E3EC->74ecbdb6-699d-4c3c-ab90-3d79e72ea4a8: receive RaftClientReply:client-61521285E3EC->74ecbdb6-699d-4c3c-ab90-3d79e72ea4a8@group-E72450CA2CED, cid=55, FAILED org.apache.ratis.protocol.NotReplicatedException: Request with call Id 55 and log index 66 is not yet replicated to ALL_COMMITTED, logIndex=66, commits[74ecbdb6-699d-4c3c-ab90-3d79e72ea4a8:c71, 7decb6b1-ba7c-48d8-97ff-6a25276295c4:c71, a45c6565-035d-4d1b-87c5-293bdc0bfbe6:c13]
2019-09-16 22:08:00,761 [pool-53-thread-3] WARN  scm.XceiverClientRatis (XceiverClientRatis.java:watchForCommit(262)) - 3 way commit failed on pipeline Pipeline[ Id: b13ef001-8a94-452d-a6a3-e72450ca2ced, Nodes: 74ecbdb6-699d-4c3c-ab90-3d79e72ea4a8{ip: 192.168.34.35, host: pr-hdds-2120-pf7zr-4137305271, networkLocation: /default-rack, certSerialId: null}7decb6b1-ba7c-48d8-97ff-6a25276295c4{ip: 192.168.34.35, host: pr-hdds-2120-pf7zr-4137305271, networkLocation: /default-rack, certSerialId: null}a45c6565-035d-4d1b-87c5-293bdc0bfbe6{ip: 192.168.34.35, host: pr-hdds-2120-pf7zr-4137305271, networkLocation: /default-rack, certSerialId: null}, Type:RATIS, Factor:THREE, State:OPEN]
java.util.concurrent.ExecutionException: org.apache.ratis.protocol.NotReplicatedException: Request with call Id 55 and log index 66 is not yet replicated to ALL_COMMITTED
	at java.util.concurrent.CompletableFuture.reportGet(CompletableFuture.java:357)
	at java.util.concurrent.CompletableFuture.get(CompletableFuture.java:1915)
	at org.apache.hadoop.hdds.scm.XceiverClientRatis.watchForCommit(XceiverClientRatis.java:259)
	at org.apache.hadoop.hdds.scm.storage.CommitWatcher.watchForCommit(CommitWatcher.java:194)
	at org.apache.hadoop.hdds.scm.storage.CommitWatcher.watchOnFirstIndex(CommitWatcher.java:135)
	at org.apache.hadoop.hdds.scm.storage.BlockOutputStream.watchForCommit(BlockOutputStream.java:347)
	at org.apache.hadoop.hdds.scm.storage.BlockOutputStream.handleFullBuffer(BlockOutputStream.java:324)
	at org.apache.hadoop.hdds.scm.storage.BlockOutputStream.write(BlockOutputStream.java:251)
	at org.apache.hadoop.ozone.client.io.BlockOutputStreamEntry.write(BlockOutputStreamEntry.java:129)
	at org.apache.hadoop.ozone.client.io.KeyOutputStream.handleWrite(KeyOutputStream.java:211)
	at org.apache.hadoop.ozone.client.io.KeyOutputStream.write(KeyOutputStream.java:193)
	at org.apache.hadoop.ozone.client.io.OzoneOutputStream.write(OzoneOutputStream.java:49)
	at org.apache.hadoop.ozone.freon.RandomKeyGenerator.createKey(RandomKeyGenerator.java:708)
	at org.apache.hadoop.ozone.freon.RandomKeyGenerator.access$1100(RandomKeyGenerator.java:88)
	at org.apache.hadoop.ozone.freon.RandomKeyGenerator$ObjectCreator.run(RandomKeyGenerator.java:615)
	at java.util.concurrent.Executors$RunnableAdapter.call(Executors.java:511)
	at java.util.concurrent.FutureTask.run(FutureTask.java:266)
	at java.util.concurrent.ThreadPoolExecutor.runWorker(ThreadPoolExecutor.java:1149)
	at java.util.concurrent.ThreadPoolExecutor$Worker.run(ThreadPoolExecutor.java:624)
	at java.lang.Thread.run(Thread.java:748)
Caused by: org.apache.ratis.protocol.NotReplicatedException: Request with call Id 55 and log index 66 is not yet replicated to ALL_COMMITTED
	at org.apache.ratis.client.impl.ClientProtoUtils.toRaftClientReply(ClientProtoUtils.java:246)
	at org.apache.ratis.grpc.client.GrpcClientProtocolClient$AsyncStreamObservers$1.onNext(GrpcClientProtocolClient.java:263)
	at org.apache.ratis.grpc.client.GrpcClientProtocolClient$AsyncStreamObservers$1.onNext(GrpcClientProtocolClient.java:258)
	at org.apache.ratis.thirdparty.io.grpc.stub.ClientCalls$StreamObserverToCallListenerAdapter.onMessage(ClientCalls.java:421)
	at org.apache.ratis.thirdparty.io.grpc.ForwardingClientCallListener.onMessage(ForwardingClientCallListener.java:33)
	at org.apache.ratis.thirdparty.io.grpc.ForwardingClientCallListener.onMessage(ForwardingClientCallListener.java:33)
	at org.apache.ratis.thirdparty.io.grpc.internal.ClientCallImpl$ClientStreamListenerImpl$1MessagesAvailable.runInContext(ClientCallImpl.java:519)
	at org.apache.ratis.thirdparty.io.grpc.internal.ContextRunnable.run(ContextRunnable.java:37)
	at org.apache.ratis.thirdparty.io.grpc.internal.SerializingExecutor.run(SerializingExecutor.java:123)
	... 3 more
2019-09-16 22:08:00,765 [grpc-default-executor-3] INFO  client.GrpcClientProtocolClient (GrpcClientProtocolClient.java:onNext(264)) - client-61521285E3EC->74ecbdb6-699d-4c3c-ab90-3d79e72ea4a8: receive RaftClientReply:client-61521285E3EC->74ecbdb6-699d-4c3c-ab90-3d79e72ea4a8@group-E72450CA2CED, cid=56, SUCCESS, logIndex=0, commits[74ecbdb6-699d-4c3c-ab90-3d79e72ea4a8:c71, 7decb6b1-ba7c-48d8-97ff-6a25276295c4:c71, a45c6565-035d-4d1b-87c5-293bdc0bfbe6:c13]
2019-09-16 22:08:00,766 [pool-53-thread-3] INFO  scm.XceiverClientRatis (XceiverClientRatis.java:lambda$watchForCommit$7(280)) - Could not commit index 66 on pipeline Pipeline[ Id: b13ef001-8a94-452d-a6a3-e72450ca2ced, Nodes: 74ecbdb6-699d-4c3c-ab90-3d79e72ea4a8{ip: 192.168.34.35, host: pr-hdds-2120-pf7zr-4137305271, networkLocation: /default-rack, certSerialId: null}7decb6b1-ba7c-48d8-97ff-6a25276295c4{ip: 192.168.34.35, host: pr-hdds-2120-pf7zr-4137305271, networkLocation: /default-rack, certSerialId: null}a45c6565-035d-4d1b-87c5-293bdc0bfbe6{ip: 192.168.34.35, host: pr-hdds-2120-pf7zr-4137305271, networkLocation: /default-rack, certSerialId: null}, Type:RATIS, Factor:THREE, State:OPEN] to all the nodes. Server a45c6565-035d-4d1b-87c5-293bdc0bfbe6 has failed. Committed by majority.
2019-09-16 22:08:00,767 [pool-53-thread-3] WARN  storage.BlockOutputStream (BlockOutputStream.java:watchForCommit(353)) - Failed to commit BlockId conID: 2 locID: 102804461924581380 bcsId: 69 on Pipeline[ Id: b13ef001-8a94-452d-a6a3-e72450ca2ced, Nodes: 74ecbdb6-699d-4c3c-ab90-3d79e72ea4a8{ip: 192.168.34.35, host: pr-hdds-2120-pf7zr-4137305271, networkLocation: /default-rack, certSerialId: null}7decb6b1-ba7c-48d8-97ff-6a25276295c4{ip: 192.168.34.35, host: pr-hdds-2120-pf7zr-4137305271, networkLocation: /default-rack, certSerialId: null}a45c6565-035d-4d1b-87c5-293bdc0bfbe6{ip: 192.168.34.35, host: pr-hdds-2120-pf7zr-4137305271, networkLocation: /default-rack, certSerialId: null}, Type:RATIS, Factor:THREE, State:OPEN]. Failed nodes: [a45c6565-035d-4d1b-87c5-293bdc0bfbe6{ip: null, host: null, networkLocation: /default-rack, certSerialId: null}]
2019-09-16 22:08:00,803 [grpc-default-executor-3] INFO  client.GrpcClientProtocolClient (GrpcClientProtocolClient.java:onNext(264)) - client-61521285E3EC->74ecbdb6-699d-4c3c-ab90-3d79e72ea4a8: receive RaftClientReply:client-61521285E3EC->74ecbdb6-699d-4c3c-ab90-3d79e72ea4a8@group-E72450CA2CED, cid=57, SUCCESS, logIndex=72, commits[74ecbdb6-699d-4c3c-ab90-3d79e72ea4a8:c73, 7decb6b1-ba7c-48d8-97ff-6a25276295c4:c71, a45c6565-035d-4d1b-87c5-293bdc0bfbe6:c13]
2019-09-16 22:08:00,805 [grpc-default-executor-3] INFO  client.GrpcClientProtocolClient (GrpcClientProtocolClient.java:onNext(264)) - client-61521285E3EC->74ecbdb6-699d-4c3c-ab90-3d79e72ea4a8: receive RaftClientReply:client-61521285E3EC->74ecbdb6-699d-4c3c-ab90-3d79e72ea4a8@group-E72450CA2CED, cid=58, SUCCESS, logIndex=73, commits[74ecbdb6-699d-4c3c-ab90-3d79e72ea4a8:c73, 7decb6b1-ba7c-48d8-97ff-6a25276295c4:c71, a45c6565-035d-4d1b-87c5-293bdc0bfbe6:c13]
2019-09-16 22:08:00,841 [grpc-default-executor-1] INFO  client.GrpcClientProtocolClient (GrpcClientProtocolClient.java:onNext(264)) - client-61521285E3EC->74ecbdb6-699d-4c3c-ab90-3d79e72ea4a8: receive RaftClientReply:client-61521285E3EC->74ecbdb6-699d-4c3c-ab90-3d79e72ea4a8@group-E72450CA2CED, cid=59, SUCCESS, logIndex=76, commits[74ecbdb6-699d-4c3c-ab90-3d79e72ea4a8:c77, 7decb6b1-ba7c-48d8-97ff-6a25276295c4:c75, a45c6565-035d-4d1b-87c5-293bdc0bfbe6:c13]
2019-09-16 22:08:00,842 [grpc-default-executor-1] INFO  client.GrpcClientProtocolClient (GrpcClientProtocolClient.java:onNext(264)) - client-61521285E3EC->74ecbdb6-699d-4c3c-ab90-3d79e72ea4a8: receive RaftClientReply:client-61521285E3EC->74ecbdb6-699d-4c3c-ab90-3d79e72ea4a8@group-E72450CA2CED, cid=60, SUCCESS, logIndex=77, commits[74ecbdb6-699d-4c3c-ab90-3d79e72ea4a8:c77, 7decb6b1-ba7c-48d8-97ff-6a25276295c4:c75, a45c6565-035d-4d1b-87c5-293bdc0bfbe6:c13]
 0.00% |█                                                                                                    |  0/1 Time: 0:01:22 0.00% |█                                                                                                    |  0/1 Time: 0:01:232019-09-16 22:08:02,851 [java.util.concurrent.ThreadPoolExecutor$Worker@6e328994[State = -1, empty queue]] WARN  server.GrpcLogAppender (GrpcLogAppender.java:timeoutAppendRequest(200)) - 74ecbdb6-699d-4c3c-ab90-3d79e72ea4a8@group-E72450CA2CED->a45c6565-035d-4d1b-87c5-293bdc0bfbe6-GrpcLogAppender: appendEntries Timeout, request=74ecbdb6-699d-4c3c-ab90-3d79e72ea4a8->a45c6565-035d-4d1b-87c5-293bdc0bfbe6#100-t1, previous=(t:1, i:71), leaderCommit=71, initializing? false, entries: <empty>
 0.00% |█                                                                                                    |  0/1 Time: 0:01:242019-09-16 22:08:03,786 [java.util.concurrent.ThreadPoolExecutor$Worker@6e328994[State = -1, empty queue]] WARN  server.GrpcLogAppender (GrpcLogAppender.java:timeoutAppendRequest(200)) - 74ecbdb6-699d-4c3c-ab90-3d79e72ea4a8@group-E72450CA2CED->a45c6565-035d-4d1b-87c5-293bdc0bfbe6-GrpcLogAppender: appendEntries Timeout, request=74ecbdb6-699d-4c3c-ab90-3d79e72ea4a8->a45c6565-035d-4d1b-87c5-293bdc0bfbe6#101-t1, previous=(t:1, i:71), leaderCommit=71, initializing? false, entries: size=1, first=(t:1, i:72), STATEMACHINELOGENTRY, client-61521285E3EC, cid=57
2019-09-16 22:08:03,786 [java.util.concurrent.ThreadPoolExecutor$Worker@6e328994[State = -1, empty queue]] WARN  server.GrpcLogAppender (GrpcLogAppender.java:timeoutAppendRequest(200)) - 74ecbdb6-699d-4c3c-ab90-3d79e72ea4a8@group-E72450CA2CED->a45c6565-035d-4d1b-87c5-293bdc0bfbe6-GrpcLogAppender: appendEntries Timeout, request=74ecbdb6-699d-4c3c-ab90-3d79e72ea4a8->a45c6565-035d-4d1b-87c5-293bdc0bfbe6#102-t1, previous=(t:1, i:72), leaderCommit=71, initializing? false, entries: size=1, first=(t:1, i:73), STATEMACHINELOGENTRY, client-61521285E3EC, cid=58
2019-09-16 22:08:03,800 [java.util.concurrent.ThreadPoolExecutor$Worker@6e328994[State = -1, empty queue]] WARN  server.GrpcLogAppender (GrpcLogAppender.java:timeoutAppendRequest(200)) - 74ecbdb6-699d-4c3c-ab90-3d79e72ea4a8@group-E72450CA2CED->a45c6565-035d-4d1b-87c5-293bdc0bfbe6-GrpcLogAppender: appendEntries Timeout, request=74ecbdb6-699d-4c3c-ab90-3d79e72ea4a8->a45c6565-035d-4d1b-87c5-293bdc0bfbe6#103-t1, previous=(t:1, i:73), leaderCommit=73, initializing? false, entries: size=1, first=(t:1, i:74), METADATAENTRY(c72)
2019-09-16 22:08:03,800 [java.util.concurrent.ThreadPoolExecutor$Worker@6e328994[State = -1, empty queue]] WARN  server.GrpcLogAppender (GrpcLogAppender.java:timeoutAppendRequest(200)) - 74ecbdb6-699d-4c3c-ab90-3d79e72ea4a8@group-E72450CA2CED->a45c6565-035d-4d1b-87c5-293bdc0bfbe6-GrpcLogAppender: appendEntries Timeout, request=74ecbdb6-699d-4c3c-ab90-3d79e72ea4a8->a45c6565-035d-4d1b-87c5-293bdc0bfbe6#104-t1, previous=(t:1, i:74), leaderCommit=73, initializing? false, entries: size=1, first=(t:1, i:75), METADATAENTRY(c73)
2019-09-16 22:08:03,821 [java.util.concurrent.ThreadPoolExecutor$Worker@6e328994[State = -1, empty queue]] WARN  server.GrpcLogAppender (GrpcLogAppender.java:timeoutAppendRequest(200)) - 74ecbdb6-699d-4c3c-ab90-3d79e72ea4a8@group-E72450CA2CED->a45c6565-035d-4d1b-87c5-293bdc0bfbe6-GrpcLogAppender: appendEntries Timeout, request=74ecbdb6-699d-4c3c-ab90-3d79e72ea4a8->a45c6565-035d-4d1b-87c5-293bdc0bfbe6#105-t1, previous=(t:1, i:75), leaderCommit=75, initializing? false, entries: size=1, first=(t:1, i:76), STATEMACHINELOGENTRY, client-61521285E3EC, cid=59
2019-09-16 22:08:03,821 [java.util.concurrent.ThreadPoolExecutor$Worker@6e328994[State = -1, empty queue]] WARN  server.GrpcLogAppender (GrpcLogAppender.java:timeoutAppendRequest(200)) - 74ecbdb6-699d-4c3c-ab90-3d79e72ea4a8@group-E72450CA2CED->a45c6565-035d-4d1b-87c5-293bdc0bfbe6-GrpcLogAppender: appendEntries Timeout, request=74ecbdb6-699d-4c3c-ab90-3d79e72ea4a8->a45c6565-035d-4d1b-87c5-293bdc0bfbe6#106-t1, previous=(t:1, i:76), leaderCommit=75, initializing? false, entries: size=1, first=(t:1, i:77), STATEMACHINELOGENTRY, client-61521285E3EC, cid=60
2019-09-16 22:08:03,839 [java.util.concurrent.ThreadPoolExecutor$Worker@6e328994[State = -1, empty queue]] WARN  server.GrpcLogAppender (GrpcLogAppender.java:timeoutAppendRequest(200)) - 74ecbdb6-699d-4c3c-ab90-3d79e72ea4a8@group-E72450CA2CED->a45c6565-035d-4d1b-87c5-293bdc0bfbe6-GrpcLogAppender: appendEntries Timeout, request=74ecbdb6-699d-4c3c-ab90-3d79e72ea4a8->a45c6565-035d-4d1b-87c5-293bdc0bfbe6#107-t1, previous=(t:1, i:77), leaderCommit=77, initializing? false, entries: size=1, first=(t:1, i:78), METADATAENTRY(c76)
2019-09-16 22:08:03,839 [java.util.concurrent.ThreadPoolExecutor$Worker@6e328994[State = -1, empty queue]] WARN  server.GrpcLogAppender (GrpcLogAppender.java:timeoutAppendRequest(200)) - 74ecbdb6-699d-4c3c-ab90-3d79e72ea4a8@group-E72450CA2CED->a45c6565-035d-4d1b-87c5-293bdc0bfbe6-GrpcLogAppender: appendEntries Timeout, request=74ecbdb6-699d-4c3c-ab90-3d79e72ea4a8->a45c6565-035d-4d1b-87c5-293bdc0bfbe6#108-t1, previous=(t:1, i:78), leaderCommit=77, initializing? false, entries: size=1, first=(t:1, i:79), METADATAENTRY(c77)
 0.00% |█                                                                                                    |  0/1 Time: 0:01:252019-09-16 22:08:04,658 [a45c6565-035d-4d1b-87c5-293bdc0bfbe6@group-E72450CA2CED-SegmentedRaftLogWorker] WARN  segmented.SegmentedRaftLogWorker (SegmentedRaftLogWorker.java:getFromFuture(90)) - Timeout 7/~
org.apache.ratis.protocol.TimeoutIOException: Timeout 10s: WriteLog:18: (t:1, i:18), STATEMACHINELOGENTRY, client-4A0AD11AF982, cid=17-writeStateMachineData
	at org.apache.ratis.util.IOUtils.getFromFuture(IOUtils.java:87)
	at org.apache.ratis.server.raftlog.segmented.SegmentedRaftLogWorker$StateMachineDataPolicy.getFromFuture(SegmentedRaftLogWorker.java:87)
	at org.apache.ratis.server.raftlog.segmented.SegmentedRaftLogWorker$WriteLog.execute(SegmentedRaftLogWorker.java:477)
	at org.apache.ratis.server.raftlog.segmented.SegmentedRaftLogWorker.run(SegmentedRaftLogWorker.java:289)
	at java.lang.Thread.run(Thread.java:748)
Caused by: java.util.concurrent.TimeoutException
	at java.util.concurrent.CompletableFuture.timedGet(CompletableFuture.java:1771)
	at java.util.concurrent.CompletableFuture.get(CompletableFuture.java:1915)
	at org.apache.ratis.util.IOUtils.getFromFuture(IOUtils.java:79)
	... 4 more
2019-09-16 22:08:04,756 [Thread-504] INFO  client.GrpcClientProtocolService (GrpcClientProtocolService.java:lambda$processClientRequest$0(278)) - Failed RaftClientRequest:client-61521285E3EC->74ecbdb6-699d-4c3c-ab90-3d79e72ea4a8@group-E72450CA2CED, cid=55, seq=0, Watch-ALL_COMMITTED(66), Message:<EMPTY>, reply=RaftClientReply:client-61521285E3EC->74ecbdb6-699d-4c3c-ab90-3d79e72ea4a8@group-E72450CA2CED, cid=55, FAILED org.apache.ratis.protocol.NotReplicatedException: Request with call Id 55 and log index 66 is not yet replicated to ALL_COMMITTED, logIndex=66, commits[74ecbdb6-699d-4c3c-ab90-3d79e72ea4a8:c79, 7decb6b1-ba7c-48d8-97ff-6a25276295c4:c79, a45c6565-035d-4d1b-87c5-293bdc0bfbe6:c13]
2019-09-16 22:08:04,760 [grpc-default-executor-1] INFO  client.GrpcClientProtocolClient (GrpcClientProtocolClient.java:onNext(264)) - client-61521285E3EC->74ecbdb6-699d-4c3c-ab90-3d79e72ea4a8: receive RaftClientReply:client-61521285E3EC->74ecbdb6-699d-4c3c-ab90-3d79e72ea4a8@group-E72450CA2CED, cid=55, FAILED org.apache.ratis.protocol.NotReplicatedException: Request with call Id 55 and log index 66 is not yet replicated to ALL_COMMITTED, logIndex=66, commits[74ecbdb6-699d-4c3c-ab90-3d79e72ea4a8:c79, 7decb6b1-ba7c-48d8-97ff-6a25276295c4:c79, a45c6565-035d-4d1b-87c5-293bdc0bfbe6:c13]
 0.00% |█                                                                                                    |  0/1 Time: 0:01:26 0.00% |█                                                                                                    |  0/1 Time: 0:01:272019-09-16 22:08:06,340 [java.util.concurrent.ThreadPoolExecutor$Worker@6e328994[State = -1, empty queue]] WARN  server.GrpcLogAppender (GrpcLogAppender.java:timeoutAppendRequest(200)) - 74ecbdb6-699d-4c3c-ab90-3d79e72ea4a8@group-E72450CA2CED->a45c6565-035d-4d1b-87c5-293bdc0bfbe6-GrpcLogAppender: appendEntries Timeout, request=74ecbdb6-699d-4c3c-ab90-3d79e72ea4a8->a45c6565-035d-4d1b-87c5-293bdc0bfbe6#109-t1, previous=(t:1, i:79), leaderCommit=79, initializing? false, entries: <empty>
 0.00% |█                                                                                                    |  0/1 Time: 0:01:28 0.00% |█                                                                                                    |  0/1 Time: 0:01:292019-09-16 22:08:08,756 [Thread-510] INFO  client.GrpcClientProtocolService (GrpcClientProtocolService.java:lambda$processClientRequest$0(278)) - Failed RaftClientRequest:client-61521285E3EC->74ecbdb6-699d-4c3c-ab90-3d79e72ea4a8@group-E72450CA2CED, cid=55, seq=0, Watch-ALL_COMMITTED(66), Message:<EMPTY>, reply=RaftClientReply:client-61521285E3EC->74ecbdb6-699d-4c3c-ab90-3d79e72ea4a8@group-E72450CA2CED, cid=55, FAILED org.apache.ratis.protocol.NotReplicatedException: Request with call Id 55 and log index 66 is not yet replicated to ALL_COMMITTED, logIndex=66, commits[74ecbdb6-699d-4c3c-ab90-3d79e72ea4a8:c79, 7decb6b1-ba7c-48d8-97ff-6a25276295c4:c79, a45c6565-035d-4d1b-87c5-293bdc0bfbe6:c13]
2019-09-16 22:08:08,759 [grpc-default-executor-1] INFO  client.GrpcClientProtocolClient (GrpcClientProtocolClient.java:onNext(264)) - client-61521285E3EC->74ecbdb6-699d-4c3c-ab90-3d79e72ea4a8: receive RaftClientReply:client-61521285E3EC->74ecbdb6-699d-4c3c-ab90-3d79e72ea4a8@group-E72450CA2CED, cid=55, FAILED org.apache.ratis.protocol.NotReplicatedException: Request with call Id 55 and log index 66 is not yet replicated to ALL_COMMITTED, logIndex=66, commits[74ecbdb6-699d-4c3c-ab90-3d79e72ea4a8:c79, 7decb6b1-ba7c-48d8-97ff-6a25276295c4:c79, a45c6565-035d-4d1b-87c5-293bdc0bfbe6:c13]
2019-09-16 22:08:08,842 [java.util.concurrent.ThreadPoolExecutor$Worker@6e328994[State = -1, empty queue]] WARN  server.GrpcLogAppender (GrpcLogAppender.java:timeoutAppendRequest(200)) - 74ecbdb6-699d-4c3c-ab90-3d79e72ea4a8@group-E72450CA2CED->a45c6565-035d-4d1b-87c5-293bdc0bfbe6-GrpcLogAppender: appendEntries Timeout, request=74ecbdb6-699d-4c3c-ab90-3d79e72ea4a8->a45c6565-035d-4d1b-87c5-293bdc0bfbe6#110-t1, previous=(t:1, i:79), leaderCommit=79, initializing? false, entries: <empty>
 0.00% |█                                                                                                    |  0/1 Time: 0:01:30 0.00% |█                                                                                                    |  0/1 Time: 0:01:31 0.00% |█                                                                                                    |  0/1 Time: 0:01:322019-09-16 22:08:11,344 [java.util.concurrent.ThreadPoolExecutor$Worker@6e328994[State = -1, empty queue]] WARN  server.GrpcLogAppender (GrpcLogAppender.java:timeoutAppendRequest(200)) - 74ecbdb6-699d-4c3c-ab90-3d79e72ea4a8@group-E72450CA2CED->a45c6565-035d-4d1b-87c5-293bdc0bfbe6-GrpcLogAppender: appendEntries Timeout, request=74ecbdb6-699d-4c3c-ab90-3d79e72ea4a8->a45c6565-035d-4d1b-87c5-293bdc0bfbe6#111-t1, previous=(t:1, i:79), leaderCommit=79, initializing? false, entries: <empty>
2019-09-16 22:08:11,756 [Thread-513] INFO  client.GrpcClientProtocolService (GrpcClientProtocolService.java:lambda$processClientRequest$0(278)) - Failed RaftClientRequest:client-61521285E3EC->74ecbdb6-699d-4c3c-ab90-3d79e72ea4a8@group-E72450CA2CED, cid=61, seq=0, Watch-ALL_COMMITTED(77), Message:<EMPTY>, reply=RaftClientReply:client-61521285E3EC->74ecbdb6-699d-4c3c-ab90-3d79e72ea4a8@group-E72450CA2CED, cid=61, FAILED org.apache.ratis.protocol.NotReplicatedException: Request with call Id 61 and log index 77 is not yet replicated to ALL_COMMITTED, logIndex=77, commits[74ecbdb6-699d-4c3c-ab90-3d79e72ea4a8:c79, 7decb6b1-ba7c-48d8-97ff-6a25276295c4:c79, a45c6565-035d-4d1b-87c5-293bdc0bfbe6:c13]
2019-09-16 22:08:11,761 [grpc-default-executor-1] INFO  client.GrpcClientProtocolClient (GrpcClientProtocolClient.java:onNext(264)) - client-61521285E3EC->74ecbdb6-699d-4c3c-ab90-3d79e72ea4a8: receive RaftClientReply:client-61521285E3EC->74ecbdb6-699d-4c3c-ab90-3d79e72ea4a8@group-E72450CA2CED, cid=61, FAILED org.apache.ratis.protocol.NotReplicatedException: Request with call Id 61 and log index 77 is not yet replicated to ALL_COMMITTED, logIndex=77, commits[74ecbdb6-699d-4c3c-ab90-3d79e72ea4a8:c79, 7decb6b1-ba7c-48d8-97ff-6a25276295c4:c79, a45c6565-035d-4d1b-87c5-293bdc0bfbe6:c13]
2019-09-16 22:08:11,766 [pool-53-thread-3] WARN  scm.XceiverClientRatis (XceiverClientRatis.java:watchForCommit(262)) - 3 way commit failed on pipeline Pipeline[ Id: b13ef001-8a94-452d-a6a3-e72450ca2ced, Nodes: 74ecbdb6-699d-4c3c-ab90-3d79e72ea4a8{ip: 192.168.34.35, host: pr-hdds-2120-pf7zr-4137305271, networkLocation: /default-rack, certSerialId: null}7decb6b1-ba7c-48d8-97ff-6a25276295c4{ip: 192.168.34.35, host: pr-hdds-2120-pf7zr-4137305271, networkLocation: /default-rack, certSerialId: null}a45c6565-035d-4d1b-87c5-293bdc0bfbe6{ip: 192.168.34.35, host: pr-hdds-2120-pf7zr-4137305271, networkLocation: /default-rack, certSerialId: null}, Type:RATIS, Factor:THREE, State:OPEN]
java.util.concurrent.ExecutionException: org.apache.ratis.protocol.NotReplicatedException: Request with call Id 61 and log index 77 is not yet replicated to ALL_COMMITTED
	at java.util.concurrent.CompletableFuture.reportGet(CompletableFuture.java:357)
	at java.util.concurrent.CompletableFuture.get(CompletableFuture.java:1915)
	at org.apache.hadoop.hdds.scm.XceiverClientRatis.watchForCommit(XceiverClientRatis.java:259)
	at org.apache.hadoop.hdds.scm.storage.CommitWatcher.watchForCommit(CommitWatcher.java:194)
	at org.apache.hadoop.hdds.scm.storage.CommitWatcher.watchOnLastIndex(CommitWatcher.java:157)
	at org.apache.hadoop.hdds.scm.storage.BlockOutputStream.watchForCommit(BlockOutputStream.java:347)
	at org.apache.hadoop.hdds.scm.storage.BlockOutputStream.handleFlush(BlockOutputStream.java:479)
	at org.apache.hadoop.hdds.scm.storage.BlockOutputStream.close(BlockOutputStream.java:493)
	at org.apache.hadoop.ozone.client.io.BlockOutputStreamEntry.close(BlockOutputStreamEntry.java:143)
	at org.apache.hadoop.ozone.client.io.KeyOutputStream.handleFlushOrClose(KeyOutputStream.java:438)
	at org.apache.hadoop.ozone.client.io.KeyOutputStream.handleWrite(KeyOutputStream.java:235)
	at org.apache.hadoop.ozone.client.io.KeyOutputStream.write(KeyOutputStream.java:193)
	at org.apache.hadoop.ozone.client.io.OzoneOutputStream.write(OzoneOutputStream.java:49)
	at org.apache.hadoop.ozone.freon.RandomKeyGenerator.createKey(RandomKeyGenerator.java:708)
	at org.apache.hadoop.ozone.freon.RandomKeyGenerator.access$1100(RandomKeyGenerator.java:88)
	at org.apache.hadoop.ozone.freon.RandomKeyGenerator$ObjectCreator.run(RandomKeyGenerator.java:615)
	at java.util.concurrent.Executors$RunnableAdapter.call(Executors.java:511)
	at java.util.concurrent.FutureTask.run(FutureTask.java:266)
	at java.util.concurrent.ThreadPoolExecutor.runWorker(ThreadPoolExecutor.java:1149)
	at java.util.concurrent.ThreadPoolExecutor$Worker.run(ThreadPoolExecutor.java:624)
	at java.lang.Thread.run(Thread.java:748)
Caused by: org.apache.ratis.protocol.NotReplicatedException: Request with call Id 61 and log index 77 is not yet replicated to ALL_COMMITTED
	at org.apache.ratis.client.impl.ClientProtoUtils.toRaftClientReply(ClientProtoUtils.java:246)
	at org.apache.ratis.grpc.client.GrpcClientProtocolClient$AsyncStreamObservers$1.onNext(GrpcClientProtocolClient.java:263)
	at org.apache.ratis.grpc.client.GrpcClientProtocolClient$AsyncStreamObservers$1.onNext(GrpcClientProtocolClient.java:258)
	at org.apache.ratis.thirdparty.io.grpc.stub.ClientCalls$StreamObserverToCallListenerAdapter.onMessage(ClientCalls.java:421)
	at org.apache.ratis.thirdparty.io.grpc.ForwardingClientCallListener.onMessage(ForwardingClientCallListener.java:33)
	at org.apache.ratis.thirdparty.io.grpc.ForwardingClientCallListener.onMessage(ForwardingClientCallListener.java:33)
	at org.apache.ratis.thirdparty.io.grpc.internal.ClientCallImpl$ClientStreamListenerImpl$1MessagesAvailable.runInContext(ClientCallImpl.java:519)
	at org.apache.ratis.thirdparty.io.grpc.internal.ContextRunnable.run(ContextRunnable.java:37)
	at org.apache.ratis.thirdparty.io.grpc.internal.SerializingExecutor.run(SerializingExecutor.java:123)
	... 3 more
2019-09-16 22:08:11,771 [grpc-default-executor-1] INFO  client.GrpcClientProtocolClient (GrpcClientProtocolClient.java:onNext(264)) - client-61521285E3EC->74ecbdb6-699d-4c3c-ab90-3d79e72ea4a8: receive RaftClientReply:client-61521285E3EC->74ecbdb6-699d-4c3c-ab90-3d79e72ea4a8@group-E72450CA2CED, cid=62, SUCCESS, logIndex=0, commits[74ecbdb6-699d-4c3c-ab90-3d79e72ea4a8:c79, 7decb6b1-ba7c-48d8-97ff-6a25276295c4:c79, a45c6565-035d-4d1b-87c5-293bdc0bfbe6:c13]
2019-09-16 22:08:11,772 [pool-53-thread-3] INFO  scm.XceiverClientRatis (XceiverClientRatis.java:lambda$watchForCommit$7(280)) - Could not commit index 77 on pipeline Pipeline[ Id: b13ef001-8a94-452d-a6a3-e72450ca2ced, Nodes: 74ecbdb6-699d-4c3c-ab90-3d79e72ea4a8{ip: 192.168.34.35, host: pr-hdds-2120-pf7zr-4137305271, networkLocation: /default-rack, certSerialId: null}7decb6b1-ba7c-48d8-97ff-6a25276295c4{ip: 192.168.34.35, host: pr-hdds-2120-pf7zr-4137305271, networkLocation: /default-rack, certSerialId: null}a45c6565-035d-4d1b-87c5-293bdc0bfbe6{ip: 192.168.34.35, host: pr-hdds-2120-pf7zr-4137305271, networkLocation: /default-rack, certSerialId: null}, Type:RATIS, Factor:THREE, State:OPEN] to all the nodes. Server a45c6565-035d-4d1b-87c5-293bdc0bfbe6 has failed. Committed by majority.
2019-09-16 22:08:11,773 [pool-53-thread-3] WARN  storage.BlockOutputStream (BlockOutputStream.java:watchForCommit(353)) - Failed to commit BlockId conID: 2 locID: 102804461924581380 bcsId: 77 on Pipeline[ Id: b13ef001-8a94-452d-a6a3-e72450ca2ced, Nodes: 74ecbdb6-699d-4c3c-ab90-3d79e72ea4a8{ip: 192.168.34.35, host: pr-hdds-2120-pf7zr-4137305271, networkLocation: /default-rack, certSerialId: null}7decb6b1-ba7c-48d8-97ff-6a25276295c4{ip: 192.168.34.35, host: pr-hdds-2120-pf7zr-4137305271, networkLocation: /default-rack, certSerialId: null}a45c6565-035d-4d1b-87c5-293bdc0bfbe6{ip: 192.168.34.35, host: pr-hdds-2120-pf7zr-4137305271, networkLocation: /default-rack, certSerialId: null}, Type:RATIS, Factor:THREE, State:OPEN]. Failed nodes: [a45c6565-035d-4d1b-87c5-293bdc0bfbe6{ip: null, host: null, networkLocation: /default-rack, certSerialId: null}]
 100.00% |█████████████████████████████████████████████████████████████████████████████████████████████████████|  1/1 Time: 0:01:33
2019-09-16 22:08:12,132 [grpc-default-executor-0] ERROR impl.ChunkManagerImpl (ChunkUtils.java:readData(148)) - Unable to find the chunk file. chunk info : ChunkInfo{chunkName='102804461924384769_chunk_3, offset=0, len=1048576}
2019-09-16 22:08:12,133 [grpc-default-executor-0] INFO  keyvalue.KeyValueHandler (ContainerUtils.java:logAndReturnError(146)) - Operation: ReadChunk : Trace ID: c5cd90d2d157a2ac:c5cd90d2d157a2ac:0:0 : Message: Unable to find the chunk file. chunk info ChunkInfo{chunkName='102804461924384769_chunk_3, offset=0, len=1048576} : Result: UNABLE_TO_FIND_CHUNK
22:08:12.135 [grpc-default-executor-0] ERROR DNAudit - user=null | ip=null | op=READ_CHUNK {blockData=conID: 2 locID: 102804461924384769 bcsId: 29} | ret=FAILURE
java.lang.Exception: Unable to find the chunk file. chunk info ChunkInfo{chunkName='102804461924384769_chunk_3, offset=0, len=1048576}
	at org.apache.hadoop.ozone.container.common.impl.HddsDispatcher.dispatchRequest(HddsDispatcher.java:327) [hadoop-hdds-container-service-0.5.0-SNAPSHOT.jar:?]
	at org.apache.hadoop.ozone.container.common.impl.HddsDispatcher.dispatch(HddsDispatcher.java:150) [hadoop-hdds-container-service-0.5.0-SNAPSHOT.jar:?]
	at org.apache.hadoop.ozone.container.common.transport.server.GrpcXceiverService$1.onNext(GrpcXceiverService.java:73) [hadoop-hdds-container-service-0.5.0-SNAPSHOT.jar:?]
	at org.apache.hadoop.ozone.container.common.transport.server.GrpcXceiverService$1.onNext(GrpcXceiverService.java:61) [hadoop-hdds-container-service-0.5.0-SNAPSHOT.jar:?]
	at org.apache.ratis.thirdparty.io.grpc.stub.ServerCalls$StreamingServerCallHandler$StreamingServerCallListener.onMessage(ServerCalls.java:248) [ratis-thirdparty-misc-0.2.0.jar:0.2.0]
	at org.apache.ratis.thirdparty.io.grpc.ForwardingServerCallListener.onMessage(ForwardingServerCallListener.java:33) [ratis-thirdparty-misc-0.2.0.jar:0.2.0]
	at org.apache.ratis.thirdparty.io.grpc.Contexts$ContextualizedServerCallListener.onMessage(Contexts.java:76) [ratis-thirdparty-misc-0.2.0.jar:0.2.0]
	at org.apache.ratis.thirdparty.io.grpc.ForwardingServerCallListener.onMessage(ForwardingServerCallListener.java:33) [ratis-thirdparty-misc-0.2.0.jar:0.2.0]
	at org.apache.hadoop.hdds.tracing.GrpcServerInterceptor$1.onMessage(GrpcServerInterceptor.java:46) [hadoop-hdds-common-0.5.0-SNAPSHOT.jar:?]
	at org.apache.ratis.thirdparty.io.grpc.internal.ServerCallImpl$ServerStreamListenerImpl.messagesAvailable(ServerCallImpl.java:263) [ratis-thirdparty-misc-0.2.0.jar:0.2.0]
	at org.apache.ratis.thirdparty.io.grpc.internal.ServerImpl$JumpToApplicationThreadServerStreamListener$1MessagesAvailable.runInContext(ServerImpl.java:686) [ratis-thirdparty-misc-0.2.0.jar:0.2.0]
	at org.apache.ratis.thirdparty.io.grpc.internal.ContextRunnable.run(ContextRunnable.java:37) [ratis-thirdparty-misc-0.2.0.jar:0.2.0]
	at org.apache.ratis.thirdparty.io.grpc.internal.SerializingExecutor.run(SerializingExecutor.java:123) [ratis-thirdparty-misc-0.2.0.jar:0.2.0]
	at java.util.concurrent.ThreadPoolExecutor.runWorker(ThreadPoolExecutor.java:1149) [?:1.8.0_212]
	at java.util.concurrent.ThreadPoolExecutor$Worker.run(ThreadPoolExecutor.java:624) [?:1.8.0_212]
	at java.lang.Thread.run(Thread.java:748) [?:1.8.0_212]
2019-09-16 22:08:12,293 [Thread-200] ERROR scm.XceiverClientGrpc (XceiverClientGrpc.java:sendCommandWithRetry(293)) - Failed to execute command cmdType: ReadChunk
traceID: "c5cd90d2d157a2ac:c5cd90d2d157a2ac:0:0"
containerID: 2
datanodeUuid: "74ecbdb6-699d-4c3c-ab90-3d79e72ea4a8"
readChunk {
  blockID {
    containerID: 2
    localID: 102804461924384769
    blockCommitSequenceId: 29
  }
  chunkData {
    chunkName: "102804461924384769_chunk_3"
    offset: 0
    len: 1048576
    checksumData {
      type: CRC32
      bytesPerChecksum: 1048576
      checksums: "\000\000\000\000z\bR8"
    }
  }
}
 on datanode a45c6565-035d-4d1b-87c5-293bdc0bfbe6
org.apache.hadoop.hdds.scm.container.common.helpers.StorageContainerException: Unable to find the chunk file. chunk info ChunkInfo{chunkName='102804461924384769_chunk_3, offset=0, len=1048576}
	at org.apache.hadoop.hdds.scm.storage.ContainerProtocolCalls.validateContainerResponse(ContainerProtocolCalls.java:536)
	at org.apache.hadoop.hdds.scm.storage.ContainerProtocolCalls.lambda$getValidatorList$0(ContainerProtocolCalls.java:569)
	at org.apache.hadoop.hdds.scm.XceiverClientGrpc.sendCommandWithRetry(XceiverClientGrpc.java:288)
	at org.apache.hadoop.hdds.scm.XceiverClientGrpc.sendCommandWithTraceIDAndRetry(XceiverClientGrpc.java:251)
	at org.apache.hadoop.hdds.scm.XceiverClientGrpc.sendCommand(XceiverClientGrpc.java:234)
	at org.apache.hadoop.hdds.scm.storage.ContainerProtocolCalls.readChunk(ContainerProtocolCalls.java:245)
	at org.apache.hadoop.hdds.scm.storage.ChunkInputStream.readChunk(ChunkInputStream.java:335)
	at org.apache.hadoop.hdds.scm.storage.ChunkInputStream.readChunkFromContainer(ChunkInputStream.java:307)
	at org.apache.hadoop.hdds.scm.storage.ChunkInputStream.prepareRead(ChunkInputStream.java:259)
	at org.apache.hadoop.hdds.scm.storage.ChunkInputStream.read(ChunkInputStream.java:144)
	at org.apache.hadoop.hdds.scm.storage.BlockInputStream.read(BlockInputStream.java:239)
	at org.apache.hadoop.ozone.client.io.KeyInputStream.read(KeyInputStream.java:171)
	at org.apache.hadoop.ozone.client.io.OzoneInputStream.read(OzoneInputStream.java:47)
	at org.apache.commons.codec.digest.DigestUtils.updateDigest(DigestUtils.java:925)
	at org.apache.commons.codec.digest.DigestUtils.digest(DigestUtils.java:1074)
	at org.apache.hadoop.ozone.freon.RandomKeyGenerator$Validator.run(RandomKeyGenerator.java:1048)
	at java.lang.Thread.run(Thread.java:748)
2019-09-16 22:08:12,356 [grpc-default-executor-1] ERROR impl.ChunkManagerImpl (ChunkUtils.java:readData(148)) - Unable to find the chunk file. chunk info : ChunkInfo{chunkName='102804461924384770_chunk_2, offset=0, len=1048576}
2019-09-16 22:08:12,357 [grpc-default-executor-1] INFO  keyvalue.KeyValueHandler (ContainerUtils.java:logAndReturnError(146)) - Operation: ReadChunk : Trace ID: 3a6c137811013378:3a6c137811013378:0:0 : Message: Unable to find the chunk file. chunk info ChunkInfo{chunkName='102804461924384770_chunk_2, offset=0, len=1048576} : Result: UNABLE_TO_FIND_CHUNK
22:08:12.358 [grpc-default-executor-1] ERROR DNAudit - user=null | ip=null | op=READ_CHUNK {blockData=conID: 3 locID: 102804461924384770 bcsId: 45} | ret=FAILURE
java.lang.Exception: Unable to find the chunk file. chunk info ChunkInfo{chunkName='102804461924384770_chunk_2, offset=0, len=1048576}
	at org.apache.hadoop.ozone.container.common.impl.HddsDispatcher.dispatchRequest(HddsDispatcher.java:327) [hadoop-hdds-container-service-0.5.0-SNAPSHOT.jar:?]
	at org.apache.hadoop.ozone.container.common.impl.HddsDispatcher.dispatch(HddsDispatcher.java:150) [hadoop-hdds-container-service-0.5.0-SNAPSHOT.jar:?]
	at org.apache.hadoop.ozone.container.common.transport.server.GrpcXceiverService$1.onNext(GrpcXceiverService.java:73) [hadoop-hdds-container-service-0.5.0-SNAPSHOT.jar:?]
	at org.apache.hadoop.ozone.container.common.transport.server.GrpcXceiverService$1.onNext(GrpcXceiverService.java:61) [hadoop-hdds-container-service-0.5.0-SNAPSHOT.jar:?]
	at org.apache.ratis.thirdparty.io.grpc.stub.ServerCalls$StreamingServerCallHandler$StreamingServerCallListener.onMessage(ServerCalls.java:248) [ratis-thirdparty-misc-0.2.0.jar:0.2.0]
	at org.apache.ratis.thirdparty.io.grpc.ForwardingServerCallListener.onMessage(ForwardingServerCallListener.java:33) [ratis-thirdparty-misc-0.2.0.jar:0.2.0]
	at org.apache.ratis.thirdparty.io.grpc.Contexts$ContextualizedServerCallListener.onMessage(Contexts.java:76) [ratis-thirdparty-misc-0.2.0.jar:0.2.0]
	at org.apache.ratis.thirdparty.io.grpc.ForwardingServerCallListener.onMessage(ForwardingServerCallListener.java:33) [ratis-thirdparty-misc-0.2.0.jar:0.2.0]
	at org.apache.hadoop.hdds.tracing.GrpcServerInterceptor$1.onMessage(GrpcServerInterceptor.java:46) [hadoop-hdds-common-0.5.0-SNAPSHOT.jar:?]
	at org.apache.ratis.thirdparty.io.grpc.internal.ServerCallImpl$ServerStreamListenerImpl.messagesAvailable(ServerCallImpl.java:263) [ratis-thirdparty-misc-0.2.0.jar:0.2.0]
	at org.apache.ratis.thirdparty.io.grpc.internal.ServerImpl$JumpToApplicationThreadServerStreamListener$1MessagesAvailable.runInContext(ServerImpl.java:686) [ratis-thirdparty-misc-0.2.0.jar:0.2.0]
	at org.apache.ratis.thirdparty.io.grpc.internal.ContextRunnable.run(ContextRunnable.java:37) [ratis-thirdparty-misc-0.2.0.jar:0.2.0]
	at org.apache.ratis.thirdparty.io.grpc.internal.SerializingExecutor.run(SerializingExecutor.java:123) [ratis-thirdparty-misc-0.2.0.jar:0.2.0]
	at java.util.concurrent.ThreadPoolExecutor.runWorker(ThreadPoolExecutor.java:1149) [?:1.8.0_212]
	at java.util.concurrent.ThreadPoolExecutor$Worker.run(ThreadPoolExecutor.java:624) [?:1.8.0_212]
	at java.lang.Thread.run(Thread.java:748) [?:1.8.0_212]
2019-09-16 22:08:12,368 [Thread-200] ERROR scm.XceiverClientGrpc (XceiverClientGrpc.java:sendCommandWithRetry(293)) - Failed to execute command cmdType: ReadChunk
traceID: "3a6c137811013378:3a6c137811013378:0:0"
containerID: 3
datanodeUuid: "74ecbdb6-699d-4c3c-ab90-3d79e72ea4a8"
readChunk {
  blockID {
    containerID: 3
    localID: 102804461924384770
    blockCommitSequenceId: 45
  }
  chunkData {
    chunkName: "102804461924384770_chunk_2"
    offset: 0
    len: 1048576
    checksumData {
      type: CRC32
      bytesPerChecksum: 1048576
      checksums: "\000\000\000\000z\bR8"
    }
  }
}
 on datanode a45c6565-035d-4d1b-87c5-293bdc0bfbe6
org.apache.hadoop.hdds.scm.container.common.helpers.StorageContainerException: Unable to find the chunk file. chunk info ChunkInfo{chunkName='102804461924384770_chunk_2, offset=0, len=1048576}
	at org.apache.hadoop.hdds.scm.storage.ContainerProtocolCalls.validateContainerResponse(ContainerProtocolCalls.java:536)
	at org.apache.hadoop.hdds.scm.storage.ContainerProtocolCalls.lambda$getValidatorList$0(ContainerProtocolCalls.java:569)
	at org.apache.hadoop.hdds.scm.XceiverClientGrpc.sendCommandWithRetry(XceiverClientGrpc.java:288)
	at org.apache.hadoop.hdds.scm.XceiverClientGrpc.sendCommandWithTraceIDAndRetry(XceiverClientGrpc.java:251)
	at org.apache.hadoop.hdds.scm.XceiverClientGrpc.sendCommand(XceiverClientGrpc.java:234)
	at org.apache.hadoop.hdds.scm.storage.ContainerProtocolCalls.readChunk(ContainerProtocolCalls.java:245)
	at org.apache.hadoop.hdds.scm.storage.ChunkInputStream.readChunk(ChunkInputStream.java:335)
	at org.apache.hadoop.hdds.scm.storage.ChunkInputStream.readChunkFromContainer(ChunkInputStream.java:307)
	at org.apache.hadoop.hdds.scm.storage.ChunkInputStream.prepareRead(ChunkInputStream.java:259)
	at org.apache.hadoop.hdds.scm.storage.ChunkInputStream.read(ChunkInputStream.java:144)
	at org.apache.hadoop.hdds.scm.storage.BlockInputStream.read(BlockInputStream.java:239)
	at org.apache.hadoop.ozone.client.io.KeyInputStream.read(KeyInputStream.java:171)
	at org.apache.hadoop.ozone.client.io.OzoneInputStream.read(OzoneInputStream.java:47)
	at org.apache.commons.codec.digest.DigestUtils.updateDigest(DigestUtils.java:925)
	at org.apache.commons.codec.digest.DigestUtils.digest(DigestUtils.java:1074)
	at org.apache.hadoop.ozone.freon.RandomKeyGenerator$Validator.run(RandomKeyGenerator.java:1048)
	at java.lang.Thread.run(Thread.java:748)
2019-09-16 22:08:12,418 [grpc-default-executor-0] INFO  keyvalue.KeyValueHandler (ContainerUtils.java:logAndReturnError(146)) - Operation: GetBlock : Trace ID: 4139a132d6bac9ec:4139a132d6bac9ec:0:0 : Message: Unable to find the block with bcsID 61 .Container 1 bcsId is 13. : Result: UNKNOWN_BCSID
22:08:12.420 [grpc-default-executor-0] ERROR DNAudit - user=null | ip=null | op=GET_BLOCK {blockData=conID: 1 locID: 102804461924581379 bcsId: 61} | ret=FAILURE
java.lang.Exception: Unable to find the block with bcsID 61 .Container 1 bcsId is 13.
	at org.apache.hadoop.ozone.container.common.impl.HddsDispatcher.dispatchRequest(HddsDispatcher.java:327) [hadoop-hdds-container-service-0.5.0-SNAPSHOT.jar:?]
	at org.apache.hadoop.ozone.container.common.impl.HddsDispatcher.dispatch(HddsDispatcher.java:150) [hadoop-hdds-container-service-0.5.0-SNAPSHOT.jar:?]
	at org.apache.hadoop.ozone.container.common.transport.server.GrpcXceiverService$1.onNext(GrpcXceiverService.java:73) [hadoop-hdds-container-service-0.5.0-SNAPSHOT.jar:?]
	at org.apache.hadoop.ozone.container.common.transport.server.GrpcXceiverService$1.onNext(GrpcXceiverService.java:61) [hadoop-hdds-container-service-0.5.0-SNAPSHOT.jar:?]
	at org.apache.ratis.thirdparty.io.grpc.stub.ServerCalls$StreamingServerCallHandler$StreamingServerCallListener.onMessage(ServerCalls.java:248) [ratis-thirdparty-misc-0.2.0.jar:0.2.0]
	at org.apache.ratis.thirdparty.io.grpc.ForwardingServerCallListener.onMessage(ForwardingServerCallListener.java:33) [ratis-thirdparty-misc-0.2.0.jar:0.2.0]
	at org.apache.ratis.thirdparty.io.grpc.Contexts$ContextualizedServerCallListener.onMessage(Contexts.java:76) [ratis-thirdparty-misc-0.2.0.jar:0.2.0]
	at org.apache.ratis.thirdparty.io.grpc.ForwardingServerCallListener.onMessage(ForwardingServerCallListener.java:33) [ratis-thirdparty-misc-0.2.0.jar:0.2.0]
	at org.apache.hadoop.hdds.tracing.GrpcServerInterceptor$1.onMessage(GrpcServerInterceptor.java:46) [hadoop-hdds-common-0.5.0-SNAPSHOT.jar:?]
	at org.apache.ratis.thirdparty.io.grpc.internal.ServerCallImpl$ServerStreamListenerImpl.messagesAvailable(ServerCallImpl.java:263) [ratis-thirdparty-misc-0.2.0.jar:0.2.0]
	at org.apache.ratis.thirdparty.io.grpc.internal.ServerImpl$JumpToApplicationThreadServerStreamListener$1MessagesAvailable.runInContext(ServerImpl.java:686) [ratis-thirdparty-misc-0.2.0.jar:0.2.0]
	at org.apache.ratis.thirdparty.io.grpc.internal.ContextRunnable.run(ContextRunnable.java:37) [ratis-thirdparty-misc-0.2.0.jar:0.2.0]
	at org.apache.ratis.thirdparty.io.grpc.internal.SerializingExecutor.run(SerializingExecutor.java:123) [ratis-thirdparty-misc-0.2.0.jar:0.2.0]
	at java.util.concurrent.ThreadPoolExecutor.runWorker(ThreadPoolExecutor.java:1149) [?:1.8.0_212]
	at java.util.concurrent.ThreadPoolExecutor$Worker.run(ThreadPoolExecutor.java:624) [?:1.8.0_212]
	at java.lang.Thread.run(Thread.java:748) [?:1.8.0_212]
2019-09-16 22:08:12,423 [Thread-200] ERROR scm.XceiverClientGrpc (XceiverClientGrpc.java:sendCommandWithRetry(293)) - Failed to execute command cmdType: GetBlock
traceID: "4139a132d6bac9ec:4139a132d6bac9ec:0:0"
containerID: 1
datanodeUuid: "74ecbdb6-699d-4c3c-ab90-3d79e72ea4a8"
getBlock {
  blockID {
    containerID: 1
    localID: 102804461924581379
    blockCommitSequenceId: 61
  }
}
 on datanode a45c6565-035d-4d1b-87c5-293bdc0bfbe6
org.apache.hadoop.hdds.scm.container.common.helpers.StorageContainerException: Unable to find the block with bcsID 61 .Container 1 bcsId is 13.
	at org.apache.hadoop.hdds.scm.storage.ContainerProtocolCalls.validateContainerResponse(ContainerProtocolCalls.java:536)
	at org.apache.hadoop.hdds.scm.storage.ContainerProtocolCalls.lambda$getValidatorList$0(ContainerProtocolCalls.java:569)
	at org.apache.hadoop.hdds.scm.XceiverClientGrpc.sendCommandWithRetry(XceiverClientGrpc.java:288)
	at org.apache.hadoop.hdds.scm.XceiverClientGrpc.sendCommandWithTraceIDAndRetry(XceiverClientGrpc.java:251)
	at org.apache.hadoop.hdds.scm.XceiverClientGrpc.sendCommand(XceiverClientGrpc.java:234)
	at org.apache.hadoop.hdds.scm.storage.ContainerProtocolCalls.getBlock(ContainerProtocolCalls.java:118)
	at org.apache.hadoop.hdds.scm.storage.BlockInputStream.getChunkInfos(BlockInputStream.java:167)
	at org.apache.hadoop.hdds.scm.storage.BlockInputStream.initialize(BlockInputStream.java:118)
	at org.apache.hadoop.hdds.scm.storage.BlockInputStream.read(BlockInputStream.java:222)
	at org.apache.hadoop.ozone.client.io.KeyInputStream.read(KeyInputStream.java:171)
	at org.apache.hadoop.ozone.client.io.OzoneInputStream.read(OzoneInputStream.java:47)
	at org.apache.commons.codec.digest.DigestUtils.updateDigest(DigestUtils.java:925)
	at org.apache.commons.codec.digest.DigestUtils.digest(DigestUtils.java:1074)
	at org.apache.hadoop.ozone.freon.RandomKeyGenerator$Validator.run(RandomKeyGenerator.java:1048)
	at java.lang.Thread.run(Thread.java:748)
2019-09-16 22:08:12,474 [grpc-default-executor-0] ERROR impl.ChunkManagerImpl (ChunkUtils.java:readData(148)) - Unable to find the chunk file. chunk info : ChunkInfo{chunkName='102804461924581379_chunk_4, offset=0, len=1048576}
2019-09-16 22:08:12,475 [grpc-default-executor-0] INFO  keyvalue.KeyValueHandler (ContainerUtils.java:logAndReturnError(146)) - Operation: ReadChunk : Trace ID: d65ba157b58f15a8:d65ba157b58f15a8:0:0 : Message: Unable to find the chunk file. chunk info ChunkInfo{chunkName='102804461924581379_chunk_4, offset=0, len=1048576} : Result: UNABLE_TO_FIND_CHUNK
22:08:12.475 [grpc-default-executor-0] ERROR DNAudit - user=null | ip=null | op=READ_CHUNK {blockData=conID: 1 locID: 102804461924581379 bcsId: 61} | ret=FAILURE
java.lang.Exception: Unable to find the chunk file. chunk info ChunkInfo{chunkName='102804461924581379_chunk_4, offset=0, len=1048576}
	at org.apache.hadoop.ozone.container.common.impl.HddsDispatcher.dispatchRequest(HddsDispatcher.java:327) [hadoop-hdds-container-service-0.5.0-SNAPSHOT.jar:?]
	at org.apache.hadoop.ozone.container.common.impl.HddsDispatcher.dispatch(HddsDispatcher.java:150) [hadoop-hdds-container-service-0.5.0-SNAPSHOT.jar:?]
	at org.apache.hadoop.ozone.container.common.transport.server.GrpcXceiverService$1.onNext(GrpcXceiverService.java:73) [hadoop-hdds-container-service-0.5.0-SNAPSHOT.jar:?]
	at org.apache.hadoop.ozone.container.common.transport.server.GrpcXceiverService$1.onNext(GrpcXceiverService.java:61) [hadoop-hdds-container-service-0.5.0-SNAPSHOT.jar:?]
	at org.apache.ratis.thirdparty.io.grpc.stub.ServerCalls$StreamingServerCallHandler$StreamingServerCallListener.onMessage(ServerCalls.java:248) [ratis-thirdparty-misc-0.2.0.jar:0.2.0]
	at org.apache.ratis.thirdparty.io.grpc.ForwardingServerCallListener.onMessage(ForwardingServerCallListener.java:33) [ratis-thirdparty-misc-0.2.0.jar:0.2.0]
	at org.apache.ratis.thirdparty.io.grpc.Contexts$ContextualizedServerCallListener.onMessage(Contexts.java:76) [ratis-thirdparty-misc-0.2.0.jar:0.2.0]
	at org.apache.ratis.thirdparty.io.grpc.ForwardingServerCallListener.onMessage(ForwardingServerCallListener.java:33) [ratis-thirdparty-misc-0.2.0.jar:0.2.0]
	at org.apache.hadoop.hdds.tracing.GrpcServerInterceptor$1.onMessage(GrpcServerInterceptor.java:46) [hadoop-hdds-common-0.5.0-SNAPSHOT.jar:?]
	at org.apache.ratis.thirdparty.io.grpc.internal.ServerCallImpl$ServerStreamListenerImpl.messagesAvailable(ServerCallImpl.java:263) [ratis-thirdparty-misc-0.2.0.jar:0.2.0]
	at org.apache.ratis.thirdparty.io.grpc.internal.ServerImpl$JumpToApplicationThreadServerStreamListener$1MessagesAvailable.runInContext(ServerImpl.java:686) [ratis-thirdparty-misc-0.2.0.jar:0.2.0]
	at org.apache.ratis.thirdparty.io.grpc.internal.ContextRunnable.run(ContextRunnable.java:37) [ratis-thirdparty-misc-0.2.0.jar:0.2.0]
	at org.apache.ratis.thirdparty.io.grpc.internal.SerializingExecutor.run(SerializingExecutor.java:123) [ratis-thirdparty-misc-0.2.0.jar:0.2.0]
	at java.util.concurrent.ThreadPoolExecutor.runWorker(ThreadPoolExecutor.java:1149) [?:1.8.0_212]
	at java.util.concurrent.ThreadPoolExecutor$Worker.run(ThreadPoolExecutor.java:624) [?:1.8.0_212]
	at java.lang.Thread.run(Thread.java:748) [?:1.8.0_212]
2019-09-16 22:08:12,478 [Thread-200] ERROR scm.XceiverClientGrpc (XceiverClientGrpc.java:sendCommandWithRetry(293)) - Failed to execute command cmdType: ReadChunk
traceID: "d65ba157b58f15a8:d65ba157b58f15a8:0:0"
containerID: 1
datanodeUuid: "74ecbdb6-699d-4c3c-ab90-3d79e72ea4a8"
readChunk {
  blockID {
    containerID: 1
    localID: 102804461924581379
    blockCommitSequenceId: 61
  }
  chunkData {
    chunkName: "102804461924581379_chunk_4"
    offset: 0
    len: 1048576
    checksumData {
      type: CRC32
      bytesPerChecksum: 1048576
      checksums: "\000\000\000\000z\bR8"
    }
  }
}
 on datanode a45c6565-035d-4d1b-87c5-293bdc0bfbe6
org.apache.hadoop.hdds.scm.container.common.helpers.StorageContainerException: Unable to find the chunk file. chunk info ChunkInfo{chunkName='102804461924581379_chunk_4, offset=0, len=1048576}
	at org.apache.hadoop.hdds.scm.storage.ContainerProtocolCalls.validateContainerResponse(ContainerProtocolCalls.java:536)
	at org.apache.hadoop.hdds.scm.storage.ContainerProtocolCalls.lambda$getValidatorList$0(ContainerProtocolCalls.java:569)
	at org.apache.hadoop.hdds.scm.XceiverClientGrpc.sendCommandWithRetry(XceiverClientGrpc.java:288)
	at org.apache.hadoop.hdds.scm.XceiverClientGrpc.sendCommandWithTraceIDAndRetry(XceiverClientGrpc.java:251)
	at org.apache.hadoop.hdds.scm.XceiverClientGrpc.sendCommand(XceiverClientGrpc.java:234)
	at org.apache.hadoop.hdds.scm.storage.ContainerProtocolCalls.readChunk(ContainerProtocolCalls.java:245)
	at org.apache.hadoop.hdds.scm.storage.ChunkInputStream.readChunk(ChunkInputStream.java:335)
	at org.apache.hadoop.hdds.scm.storage.ChunkInputStream.readChunkFromContainer(ChunkInputStream.java:307)
	at org.apache.hadoop.hdds.scm.storage.ChunkInputStream.prepareRead(ChunkInputStream.java:259)
	at org.apache.hadoop.hdds.scm.storage.ChunkInputStream.read(ChunkInputStream.java:144)
	at org.apache.hadoop.hdds.scm.storage.BlockInputStream.read(BlockInputStream.java:239)
	at org.apache.hadoop.ozone.client.io.KeyInputStream.read(KeyInputStream.java:171)
	at org.apache.hadoop.ozone.client.io.OzoneInputStream.read(OzoneInputStream.java:47)
	at org.apache.commons.codec.digest.DigestUtils.updateDigest(DigestUtils.java:925)
	at org.apache.commons.codec.digest.DigestUtils.digest(DigestUtils.java:1074)
	at org.apache.hadoop.ozone.freon.RandomKeyGenerator$Validator.run(RandomKeyGenerator.java:1048)
	at java.lang.Thread.run(Thread.java:748)
2019-09-16 22:08:12,536 [grpc-default-executor-1] ERROR impl.ChunkManagerImpl (ChunkUtils.java:readData(148)) - Unable to find the chunk file. chunk info : ChunkInfo{chunkName='102804461924581380_chunk_4, offset=0, len=1048576}
2019-09-16 22:08:12,537 [grpc-default-executor-1] INFO  keyvalue.KeyValueHandler (ContainerUtils.java:logAndReturnError(146)) - Operation: ReadChunk : Trace ID: 366218b0fe09b23:366218b0fe09b23:0:0 : Message: Unable to find the chunk file. chunk info ChunkInfo{chunkName='102804461924581380_chunk_4, offset=0, len=1048576} : Result: UNABLE_TO_FIND_CHUNK
22:08:12.537 [grpc-default-executor-1] ERROR DNAudit - user=null | ip=null | op=READ_CHUNK {blockData=conID: 2 locID: 102804461924581380 bcsId: 77} | ret=FAILURE
java.lang.Exception: Unable to find the chunk file. chunk info ChunkInfo{chunkName='102804461924581380_chunk_4, offset=0, len=1048576}
	at org.apache.hadoop.ozone.container.common.impl.HddsDispatcher.dispatchRequest(HddsDispatcher.java:327) [hadoop-hdds-container-service-0.5.0-SNAPSHOT.jar:?]
	at org.apache.hadoop.ozone.container.common.impl.HddsDispatcher.dispatch(HddsDispatcher.java:150) [hadoop-hdds-container-service-0.5.0-SNAPSHOT.jar:?]
	at org.apache.hadoop.ozone.container.common.transport.server.GrpcXceiverService$1.onNext(GrpcXceiverService.java:73) [hadoop-hdds-container-service-0.5.0-SNAPSHOT.jar:?]
	at org.apache.hadoop.ozone.container.common.transport.server.GrpcXceiverService$1.onNext(GrpcXceiverService.java:61) [hadoop-hdds-container-service-0.5.0-SNAPSHOT.jar:?]
	at org.apache.ratis.thirdparty.io.grpc.stub.ServerCalls$StreamingServerCallHandler$StreamingServerCallListener.onMessage(ServerCalls.java:248) [ratis-thirdparty-misc-0.2.0.jar:0.2.0]
	at org.apache.ratis.thirdparty.io.grpc.ForwardingServerCallListener.onMessage(ForwardingServerCallListener.java:33) [ratis-thirdparty-misc-0.2.0.jar:0.2.0]
	at org.apache.ratis.thirdparty.io.grpc.Contexts$ContextualizedServerCallListener.onMessage(Contexts.java:76) [ratis-thirdparty-misc-0.2.0.jar:0.2.0]
	at org.apache.ratis.thirdparty.io.grpc.ForwardingServerCallListener.onMessage(ForwardingServerCallListener.java:33) [ratis-thirdparty-misc-0.2.0.jar:0.2.0]
	at org.apache.hadoop.hdds.tracing.GrpcServerInterceptor$1.onMessage(GrpcServerInterceptor.java:46) [hadoop-hdds-common-0.5.0-SNAPSHOT.jar:?]
	at org.apache.ratis.thirdparty.io.grpc.internal.ServerCallImpl$ServerStreamListenerImpl.messagesAvailable(ServerCallImpl.java:263) [ratis-thirdparty-misc-0.2.0.jar:0.2.0]
	at org.apache.ratis.thirdparty.io.grpc.internal.ServerImpl$JumpToApplicationThreadServerStreamListener$1MessagesAvailable.runInContext(ServerImpl.java:686) [ratis-thirdparty-misc-0.2.0.jar:0.2.0]
	at org.apache.ratis.thirdparty.io.grpc.internal.ContextRunnable.run(ContextRunnable.java:37) [ratis-thirdparty-misc-0.2.0.jar:0.2.0]
	at org.apache.ratis.thirdparty.io.grpc.internal.SerializingExecutor.run(SerializingExecutor.java:123) [ratis-thirdparty-misc-0.2.0.jar:0.2.0]
	at java.util.concurrent.ThreadPoolExecutor.runWorker(ThreadPoolExecutor.java:1149) [?:1.8.0_212]
	at java.util.concurrent.ThreadPoolExecutor$Worker.run(ThreadPoolExecutor.java:624) [?:1.8.0_212]
	at java.lang.Thread.run(Thread.java:748) [?:1.8.0_212]
2019-09-16 22:08:12,538 [Thread-200] ERROR scm.XceiverClientGrpc (XceiverClientGrpc.java:sendCommandWithRetry(293)) - Failed to execute command cmdType: ReadChunk
traceID: "366218b0fe09b23:366218b0fe09b23:0:0"
containerID: 2
datanodeUuid: "74ecbdb6-699d-4c3c-ab90-3d79e72ea4a8"
readChunk {
  blockID {
    containerID: 2
    localID: 102804461924581380
    blockCommitSequenceId: 77
  }
  chunkData {
    chunkName: "102804461924581380_chunk_4"
    offset: 0
    len: 1048576
    checksumData {
      type: CRC32
      bytesPerChecksum: 1048576
      checksums: "\000\000\000\000z\bR8"
    }
  }
}
 on datanode a45c6565-035d-4d1b-87c5-293bdc0bfbe6
org.apache.hadoop.hdds.scm.container.common.helpers.StorageContainerException: Unable to find the chunk file. chunk info ChunkInfo{chunkName='102804461924581380_chunk_4, offset=0, len=1048576}
	at org.apache.hadoop.hdds.scm.storage.ContainerProtocolCalls.validateContainerResponse(ContainerProtocolCalls.java:536)
	at org.apache.hadoop.hdds.scm.storage.ContainerProtocolCalls.lambda$getValidatorList$0(ContainerProtocolCalls.java:569)
	at org.apache.hadoop.hdds.scm.XceiverClientGrpc.sendCommandWithRetry(XceiverClientGrpc.java:288)
	at org.apache.hadoop.hdds.scm.XceiverClientGrpc.sendCommandWithTraceIDAndRetry(XceiverClientGrpc.java:251)
	at org.apache.hadoop.hdds.scm.XceiverClientGrpc.sendCommand(XceiverClientGrpc.java:234)
	at org.apache.hadoop.hdds.scm.storage.ContainerProtocolCalls.readChunk(ContainerProtocolCalls.java:245)
	at org.apache.hadoop.hdds.scm.storage.ChunkInputStream.readChunk(ChunkInputStream.java:335)
	at org.apache.hadoop.hdds.scm.storage.ChunkInputStream.readChunkFromContainer(ChunkInputStream.java:307)
	at org.apache.hadoop.hdds.scm.storage.ChunkInputStream.prepareRead(ChunkInputStream.java:259)
	at org.apache.hadoop.hdds.scm.storage.ChunkInputStream.read(ChunkInputStream.java:144)
	at org.apache.hadoop.hdds.scm.storage.BlockInputStream.read(BlockInputStream.java:239)
	at org.apache.hadoop.ozone.client.io.KeyInputStream.read(KeyInputStream.java:171)
	at org.apache.hadoop.ozone.client.io.OzoneInputStream.read(OzoneInputStream.java:47)
	at org.apache.commons.codec.digest.DigestUtils.updateDigest(DigestUtils.java:925)
	at org.apache.commons.codec.digest.DigestUtils.digest(DigestUtils.java:1074)
	at org.apache.hadoop.ozone.freon.RandomKeyGenerator$Validator.run(RandomKeyGenerator.java:1048)
	at java.lang.Thread.run(Thread.java:748)
2019-09-16 22:08:13,846 [java.util.concurrent.ThreadPoolExecutor$Worker@6e328994[State = -1, empty queue]] WARN  server.GrpcLogAppender (GrpcLogAppender.java:timeoutAppendRequest(200)) - 74ecbdb6-699d-4c3c-ab90-3d79e72ea4a8@group-E72450CA2CED->a45c6565-035d-4d1b-87c5-293bdc0bfbe6-GrpcLogAppender: appendEntries Timeout, request=74ecbdb6-699d-4c3c-ab90-3d79e72ea4a8->a45c6565-035d-4d1b-87c5-293bdc0bfbe6#112-t1, previous=(t:1, i:79), leaderCommit=79, initializing? false, entries: <empty>
2019-09-16 22:08:14,659 [a45c6565-035d-4d1b-87c5-293bdc0bfbe6@group-E72450CA2CED-SegmentedRaftLogWorker] WARN  segmented.SegmentedRaftLogWorker (SegmentedRaftLogWorker.java:getFromFuture(90)) - Timeout 8/~
org.apache.ratis.protocol.TimeoutIOException: Timeout 10s: WriteLog:18: (t:1, i:18), STATEMACHINELOGENTRY, client-4A0AD11AF982, cid=17-writeStateMachineData
	at org.apache.ratis.util.IOUtils.getFromFuture(IOUtils.java:87)
	at org.apache.ratis.server.raftlog.segmented.SegmentedRaftLogWorker$StateMachineDataPolicy.getFromFuture(SegmentedRaftLogWorker.java:87)
	at org.apache.ratis.server.raftlog.segmented.SegmentedRaftLogWorker$WriteLog.execute(SegmentedRaftLogWorker.java:477)
	at org.apache.ratis.server.raftlog.segmented.SegmentedRaftLogWorker.run(SegmentedRaftLogWorker.java:289)
	at java.lang.Thread.run(Thread.java:748)
Caused by: java.util.concurrent.TimeoutException
	at java.util.concurrent.CompletableFuture.timedGet(CompletableFuture.java:1771)
	at java.util.concurrent.CompletableFuture.get(CompletableFuture.java:1915)
	at org.apache.ratis.util.IOUtils.getFromFuture(IOUtils.java:79)
	... 4 more
2019-09-16 22:08:15,755 [Thread-521] INFO  client.GrpcClientProtocolService (GrpcClientProtocolService.java:lambda$processClientRequest$0(278)) - Failed RaftClientRequest:client-61521285E3EC->74ecbdb6-699d-4c3c-ab90-3d79e72ea4a8@group-E72450CA2CED, cid=61, seq=0, Watch-ALL_COMMITTED(77), Message:<EMPTY>, reply=RaftClientReply:client-61521285E3EC->74ecbdb6-699d-4c3c-ab90-3d79e72ea4a8@group-E72450CA2CED, cid=61, FAILED org.apache.ratis.protocol.NotReplicatedException: Request with call Id 61 and log index 77 is not yet replicated to ALL_COMMITTED, logIndex=77, commits[74ecbdb6-699d-4c3c-ab90-3d79e72ea4a8:c79, 7decb6b1-ba7c-48d8-97ff-6a25276295c4:c79, a45c6565-035d-4d1b-87c5-293bdc0bfbe6:c13]
2019-09-16 22:08:15,757 [grpc-default-executor-1] INFO  client.GrpcClientProtocolClient (GrpcClientProtocolClient.java:onNext(264)) - client-61521285E3EC->74ecbdb6-699d-4c3c-ab90-3d79e72ea4a8: receive RaftClientReply:client-61521285E3EC->74ecbdb6-699d-4c3c-ab90-3d79e72ea4a8@group-E72450CA2CED, cid=61, FAILED org.apache.ratis.protocol.NotReplicatedException: Request with call Id 61 and log index 77 is not yet replicated to ALL_COMMITTED, logIndex=77, commits[74ecbdb6-699d-4c3c-ab90-3d79e72ea4a8:c79, 7decb6b1-ba7c-48d8-97ff-6a25276295c4:c79, a45c6565-035d-4d1b-87c5-293bdc0bfbe6:c13]
2019-09-16 22:08:16,347 [java.util.concurrent.ThreadPoolExecutor$Worker@6e328994[State = -1, empty queue]] WARN  server.GrpcLogAppender (GrpcLogAppender.java:timeoutAppendRequest(200)) - 74ecbdb6-699d-4c3c-ab90-3d79e72ea4a8@group-E72450CA2CED->a45c6565-035d-4d1b-87c5-293bdc0bfbe6-GrpcLogAppender: appendEntries Timeout, request=74ecbdb6-699d-4c3c-ab90-3d79e72ea4a8->a45c6565-035d-4d1b-87c5-293bdc0bfbe6#113-t1, previous=(t:1, i:79), leaderCommit=79, initializing? false, entries: <empty>
2019-09-16 22:08:17,569 [main] INFO  pipeline.SCMPipelineManager (SCMPipelineManager.java:finalizeAndDestroyPipeline(311)) - destroying pipeline:Pipeline[ Id: f8ae28a6-896d-40dc-8aee-b05d6d776a0d, Nodes: 74ecbdb6-699d-4c3c-ab90-3d79e72ea4a8{ip: 192.168.34.35, host: pr-hdds-2120-pf7zr-4137305271, networkLocation: /default-rack, certSerialId: null}, Type:RATIS, Factor:ONE, State:OPEN]
2019-09-16 22:08:17,571 [main] INFO  pipeline.PipelineStateManager (PipelineStateManager.java:finalizePipeline(123)) - Pipeline Pipeline[ Id: f8ae28a6-896d-40dc-8aee-b05d6d776a0d, Nodes: 74ecbdb6-699d-4c3c-ab90-3d79e72ea4a8{ip: 192.168.34.35, host: pr-hdds-2120-pf7zr-4137305271, networkLocation: /default-rack, certSerialId: null}, Type:RATIS, Factor:ONE, State:CLOSED] moved to CLOSED state
2019-09-16 22:08:17,593 [grpc-default-executor-4] INFO  impl.RaftServerProxy (RaftServerProxy.java:remove(95)) - 74ecbdb6-699d-4c3c-ab90-3d79e72ea4a8: remove    LEADER 74ecbdb6-699d-4c3c-ab90-3d79e72ea4a8@group-B05D6D776A0D:t1, leader=74ecbdb6-699d-4c3c-ab90-3d79e72ea4a8, voted=74ecbdb6-699d-4c3c-ab90-3d79e72ea4a8, raftlog=74ecbdb6-699d-4c3c-ab90-3d79e72ea4a8@group-B05D6D776A0D-SegmentedRaftLog:OPENED:c0,f0,i0, conf=0: [74ecbdb6-699d-4c3c-ab90-3d79e72ea4a8:192.168.34.35:43623], old=null RUNNING
2019-09-16 22:08:17,597 [grpc-default-executor-4] INFO  impl.RaftServerImpl (RaftServerImpl.java:lambda$shutdown$3(251)) - 74ecbdb6-699d-4c3c-ab90-3d79e72ea4a8@group-B05D6D776A0D: shutdown
2019-09-16 22:08:17,597 [grpc-default-executor-4] INFO  util.JmxRegister (JmxRegister.java:unregister(73)) - Successfully un-registered JMX Bean with object name Ratis:service=RaftServer,group=group-B05D6D776A0D,id=74ecbdb6-699d-4c3c-ab90-3d79e72ea4a8
2019-09-16 22:08:17,598 [grpc-default-executor-4] INFO  impl.RoleInfo (RoleInfo.java:shutdownLeaderState(104)) - 74ecbdb6-699d-4c3c-ab90-3d79e72ea4a8: shutdown LeaderState
2019-09-16 22:08:17,599 [grpc-default-executor-4] INFO  impl.PendingRequests (PendingRequests.java:sendNotLeaderResponses(202)) - 74ecbdb6-699d-4c3c-ab90-3d79e72ea4a8-PendingRequests: sendNotLeaderResponses
2019-09-16 22:08:17,601 [grpc-default-executor-4] INFO  impl.StateMachineUpdater (StateMachineUpdater.java:stopAndJoin(125)) - 74ecbdb6-699d-4c3c-ab90-3d79e72ea4a8@group-B05D6D776A0D-StateMachineUpdater: set stopIndex = 0
2019-09-16 22:08:17,609 [grpc-default-executor-4] INFO  impl.RaftServerImpl (ServerState.java:close(385)) - 74ecbdb6-699d-4c3c-ab90-3d79e72ea4a8@group-B05D6D776A0D: closes. applyIndex: 0
2019-09-16 22:08:17,612 [74ecbdb6-699d-4c3c-ab90-3d79e72ea4a8@group-B05D6D776A0D-SegmentedRaftLogWorker] INFO  segmented.SegmentedRaftLogWorker (SegmentedRaftLogWorker.java:run(313)) - 74ecbdb6-699d-4c3c-ab90-3d79e72ea4a8@group-B05D6D776A0D-SegmentedRaftLogWorker was interrupted, exiting. There are 0 tasks remaining in the queue.
2019-09-16 22:08:17,613 [grpc-default-executor-4] INFO  segmented.SegmentedRaftLogWorker (SegmentedRaftLogWorker.java:close(228)) - 74ecbdb6-699d-4c3c-ab90-3d79e72ea4a8@group-B05D6D776A0D-SegmentedRaftLogWorker close()
2019-09-16 22:08:17,629 [main] INFO  pipeline.PipelineStateManager (PipelineStateManager.java:removePipeline(108)) - Pipeline Pipeline[ Id: f8ae28a6-896d-40dc-8aee-b05d6d776a0d, Nodes: 74ecbdb6-699d-4c3c-ab90-3d79e72ea4a8{ip: 192.168.34.35, host: pr-hdds-2120-pf7zr-4137305271, networkLocation: /default-rack, certSerialId: null}, Type:RATIS, Factor:ONE, State:CLOSED] removed from db
2019-09-16 22:08:17,642 [grpc-default-executor-4] INFO  impl.RaftServerProxy (RaftServerProxy.java:addNew(89)) - 74ecbdb6-699d-4c3c-ab90-3d79e72ea4a8: addNew group-2B4CC91EA4F0:[74ecbdb6-699d-4c3c-ab90-3d79e72ea4a8:192.168.34.35:43623] returns group-2B4CC91EA4F0:java.util.concurrent.CompletableFuture@5f331b56[Not completed]
2019-09-16 22:08:17,643 [pool-27-thread-1] INFO  impl.RaftServerImpl (RaftServerImpl.java:<init>(95)) - 74ecbdb6-699d-4c3c-ab90-3d79e72ea4a8: new RaftServerImpl for group-2B4CC91EA4F0:[74ecbdb6-699d-4c3c-ab90-3d79e72ea4a8:192.168.34.35:43623] with ContainerStateMachine:uninitialized
2019-09-16 22:08:17,644 [pool-27-thread-1] INFO  server.RaftServerConfigKeys (ConfUtils.java:logGet(43)) - raft.server.rpc.timeout.min = 5s (custom)
2019-09-16 22:08:17,644 [pool-27-thread-1] INFO  server.RaftServerConfigKeys (ConfUtils.java:logGet(43)) - raft.server.rpc.timeout.max = 5200ms (custom)
2019-09-16 22:08:17,644 [pool-27-thread-1] INFO  server.RaftServerConfigKeys (ConfUtils.java:logGet(43)) - raft.server.rpcslowness.timeout = 120s (custom)
2019-09-16 22:08:17,644 [pool-27-thread-1] INFO  server.RaftServerConfigKeys (ConfUtils.java:logGet(43)) - raft.server.sleep.deviation.threshold = 300 (default)
2019-09-16 22:08:17,644 [pool-27-thread-1] INFO  server.RaftServerConfigKeys (ConfUtils.java:logGet(43)) - raft.server.log.appender.install.snapshot.enabled = false (custom)
2019-09-16 22:08:17,644 [pool-27-thread-1] INFO  impl.RaftServerImpl (ServerState.java:<init>(103)) - 74ecbdb6-699d-4c3c-ab90-3d79e72ea4a8@group-2B4CC91EA4F0: ConfigurationManager, init=-1: [74ecbdb6-699d-4c3c-ab90-3d79e72ea4a8:192.168.34.35:43623], old=null, confs=<EMPTY_MAP>
2019-09-16 22:08:17,645 [pool-27-thread-1] INFO  server.RaftServerConfigKeys (ConfUtils.java:logGet(43)) - raft.server.storage.dir = [/workdir/hadoop-ozone/tools/target/test-dir/MiniOzoneClusterImpl-04b7bc9b-f24e-4aba-be31-39bb60c628cf/datanode-0/data/ratis] (custom)
2019-09-16 22:08:17,645 [pool-27-thread-1] INFO  storage.RaftStorageDirectory (RaftStorageDirectory.java:analyzeStorage(246)) - The storage directory /workdir/hadoop-ozone/tools/target/test-dir/MiniOzoneClusterImpl-04b7bc9b-f24e-4aba-be31-39bb60c628cf/datanode-0/data/ratis/853f28be-b0a3-4f2d-949b-2b4cc91ea4f0 does not exist. Creating ...
2019-09-16 22:08:17,658 [pool-27-thread-1] INFO  storage.RaftStorageDirectory (RaftStorageDirectory.java:tryLock(328)) - Lock on /workdir/hadoop-ozone/tools/target/test-dir/MiniOzoneClusterImpl-04b7bc9b-f24e-4aba-be31-39bb60c628cf/datanode-0/data/ratis/853f28be-b0a3-4f2d-949b-2b4cc91ea4f0/in_use.lock acquired by nodename 12866@pr-hdds-2120-pf7zr-4137305271
2019-09-16 22:08:17,670 [pool-27-thread-1] INFO  storage.RaftStorage (RaftStorage.java:format(72)) - Storage directory /workdir/hadoop-ozone/tools/target/test-dir/MiniOzoneClusterImpl-04b7bc9b-f24e-4aba-be31-39bb60c628cf/datanode-0/data/ratis/853f28be-b0a3-4f2d-949b-2b4cc91ea4f0 has been successfully formatted.
2019-09-16 22:08:17,671 [pool-27-thread-1] INFO  ratis.ContainerStateMachine (ContainerStateMachine.java:loadSnapshot(230)) - group-2B4CC91EA4F0: The snapshot info is null. Setting the last applied indexto:(t:0, i:~)
2019-09-16 22:08:17,671 [pool-27-thread-1] INFO  server.RaftServerConfigKeys (ConfUtils.java:logGet(43)) - raft.server.notification.no-leader.timeout = 120s (custom)
2019-09-16 22:08:17,671 [pool-27-thread-1] INFO  server.RaftServerConfigKeys (ConfUtils.java:logGet(43)) - raft.server.log.use.memory = false (default)
2019-09-16 22:08:17,671 [pool-27-thread-1] INFO  server.RaftServerConfigKeys (ConfUtils.java:logGet(43)) - raft.server.log.purge.gap = 1000000 (custom)
2019-09-16 22:08:17,671 [pool-27-thread-1] INFO  server.RaftServerConfigKeys (ConfUtils.java:logGet(43)) - raft.server.log.appender.buffer.byte-limit = 33554432 (custom)
2019-09-16 22:08:17,671 [pool-27-thread-1] INFO  server.RaftServerConfigKeys (ConfUtils.java:logGet(43)) - raft.server.log.segment.size.max = 1048576 (custom)
2019-09-16 22:08:17,671 [pool-27-thread-1] INFO  server.RaftServerConfigKeys (ConfUtils.java:logGet(43)) - raft.server.log.segment.cache.num.max = 2 (custom)
2019-09-16 22:08:17,672 [pool-27-thread-1] INFO  segmented.SegmentedRaftLogWorker (SegmentedRaftLogWorker.java:<init>(172)) - new 74ecbdb6-699d-4c3c-ab90-3d79e72ea4a8@group-2B4CC91EA4F0-SegmentedRaftLogWorker for RaftStorage:Storage Directory /workdir/hadoop-ozone/tools/target/test-dir/MiniOzoneClusterImpl-04b7bc9b-f24e-4aba-be31-39bb60c628cf/datanode-0/data/ratis/853f28be-b0a3-4f2d-949b-2b4cc91ea4f0
2019-09-16 22:08:17,672 [pool-27-thread-1] INFO  server.RaftServerConfigKeys (ConfUtils.java:logGet(43)) - raft.server.log.queue.byte-limit = 2147483647 (custom)
2019-09-16 22:08:17,672 [pool-27-thread-1] INFO  server.RaftServerConfigKeys (ConfUtils.java:logGet(43)) - raft.server.log.queue.element-limit = 1024 (custom)
2019-09-16 22:08:17,672 [pool-27-thread-1] INFO  server.RaftServerConfigKeys (ConfUtils.java:logGet(43)) - raft.server.log.segment.size.max = 1048576 (custom)
2019-09-16 22:08:17,672 [pool-27-thread-1] INFO  server.RaftServerConfigKeys (ConfUtils.java:logGet(43)) - raft.server.log.preallocated.size = 16384 (custom)
2019-09-16 22:08:17,672 [pool-27-thread-1] INFO  server.RaftServerConfigKeys (ConfUtils.java:logGet(43)) - raft.server.log.write.buffer.size = 33554432 (custom)
2019-09-16 22:08:17,672 [pool-27-thread-1] INFO  server.RaftServerConfigKeys (ConfUtils.java:logGet(43)) - raft.server.log.force.sync.num = 128 (default)
2019-09-16 22:08:17,673 [pool-27-thread-1] INFO  server.RaftServerConfigKeys (ConfUtils.java:logGet(43)) - raft.server.log.statemachine.data.sync = true (default)
2019-09-16 22:08:17,673 [pool-27-thread-1] INFO  server.RaftServerConfigKeys (ConfUtils.java:logGet(43)) - raft.server.log.statemachine.data.sync.timeout = 10s (default)
2019-09-16 22:08:17,673 [pool-27-thread-1] INFO  server.RaftServerConfigKeys (ConfUtils.java:logGet(43)) - raft.server.log.statemachine.data.sync.timeout.retry = -1 (default)
2019-09-16 22:08:17,673 [pool-27-thread-1] INFO  server.RaftServerConfigKeys (ConfUtils.java:logGet(43)) - raft.server.log.statemachine.data.caching.enabled = true (custom)
2019-09-16 22:08:17,673 [pool-27-thread-1] INFO  segmented.SegmentedRaftLogWorker (SegmentedRaftLogWorker.java:lambda$new$0(132)) - 74ecbdb6-699d-4c3c-ab90-3d79e72ea4a8@group-2B4CC91EA4F0-SegmentedRaftLogWorker: flushIndex: setUnconditionally 0 -> -1
2019-09-16 22:08:17,674 [pool-27-thread-1] INFO  server.RaftServerConfigKeys (ConfUtils.java:logGet(43)) - raft.server.snapshot.auto.trigger.enabled = true (custom)
2019-09-16 22:08:17,674 [pool-27-thread-1] INFO  server.RaftServerConfigKeys (ConfUtils.java:logGet(43)) - raft.server.snapshot.auto.trigger.threshold = 10000 (custom)
2019-09-16 22:08:17,674 [pool-27-thread-1] INFO  server.RaftServerConfigKeys (ConfUtils.java:logGet(43)) - raft.server.snapshot.retention.num.files = -1 (default)
2019-09-16 22:08:17,674 [pool-27-thread-1] INFO  server.RaftServerConfigKeys (ConfUtils.java:logGet(43)) - raft.server.retrycache.expirytime = 600000ms (custom)
2019-09-16 22:08:17,676 [pool-27-thread-1] INFO  impl.RaftServerImpl (RaftServerImpl.java:start(185)) - 74ecbdb6-699d-4c3c-ab90-3d79e72ea4a8@group-2B4CC91EA4F0: start as a follower, conf=-1: [74ecbdb6-699d-4c3c-ab90-3d79e72ea4a8:192.168.34.35:43623], old=null
2019-09-16 22:08:17,676 [pool-27-thread-1] INFO  impl.RaftServerImpl (RaftServerImpl.java:setRole(174)) - 74ecbdb6-699d-4c3c-ab90-3d79e72ea4a8@group-2B4CC91EA4F0: changes role from      null to FOLLOWER at term 0 for startAsFollower
2019-09-16 22:08:17,676 [pool-27-thread-1] INFO  impl.RoleInfo (RoleInfo.java:updateAndGet(143)) - 74ecbdb6-699d-4c3c-ab90-3d79e72ea4a8: start FollowerState
2019-09-16 22:08:17,677 [pool-27-thread-1] INFO  util.JmxRegister (JmxRegister.java:tryRegister(44)) - Successfully registered JMX Bean with object name Ratis:service=RaftServer,group=group-2B4CC91EA4F0,id=74ecbdb6-699d-4c3c-ab90-3d79e72ea4a8
2019-09-16 22:08:17,684 [RatisPipelineUtilsThread] INFO  pipeline.PipelineStateManager (PipelineStateManager.java:addPipeline(56)) - Created pipeline Pipeline[ Id: 853f28be-b0a3-4f2d-949b-2b4cc91ea4f0, Nodes: 74ecbdb6-699d-4c3c-ab90-3d79e72ea4a8{ip: 192.168.34.35, host: pr-hdds-2120-pf7zr-4137305271, networkLocation: /default-rack, certSerialId: null}, Type:RATIS, Factor:ONE, State:OPEN]
2019-09-16 22:08:17,753 [main] INFO  freon.RandomKeyGenerator (RandomKeyGenerator.java:call(283)) - Number of Threads: 10
2019-09-16 22:08:17,754 [main] INFO  freon.RandomKeyGenerator (RandomKeyGenerator.java:call(288)) - Number of Volumes: 1.
2019-09-16 22:08:17,754 [main] INFO  freon.RandomKeyGenerator (RandomKeyGenerator.java:call(289)) - Number of Buckets per Volume: 1.
2019-09-16 22:08:17,754 [main] INFO  freon.RandomKeyGenerator (RandomKeyGenerator.java:call(290)) - Number of Keys per Bucket: 1.
2019-09-16 22:08:17,754 [main] INFO  freon.RandomKeyGenerator (RandomKeyGenerator.java:call(291)) - Key size: 20971520 bytes
2019-09-16 22:08:17,754 [main] INFO  freon.RandomKeyGenerator (RandomKeyGenerator.java:call(292)) - Buffer size: 4096 bytes
2019-09-16 22:08:17,754 [main] INFO  freon.RandomKeyGenerator (RandomKeyGenerator.java:call(293)) - validateWrites : true
2019-09-16 22:08:17,756 [pool-59-thread-1] INFO  rpc.RpcClient (RpcClient.java:createVolume(301)) - Creating Volume: vol-0-63254, with jenkins1000 as owner.
2019-09-16 22:08:17,756 [main] INFO  freon.RandomKeyGenerator (RandomKeyGenerator.java:call(307)) - Data validation is enabled.
2019-09-16 22:08:17,756 [main] INFO  freon.RandomKeyGenerator (RandomKeyGenerator.java:call(313)) - Starting progress bar Thread.

 0.00% |█                                                                                                    |  0/1 Time: 0:00:002019-09-16 22:08:17,762 [IPC Server handler 6 on 40004] INFO  volume.OMVolumeCreateRequest (OMVolumeCreateRequest.java:validateAndUpdateCache(189)) - created volume:vol-0-63254 for user:jenkins1000
2019-09-16 22:08:17,775 [pool-59-thread-2] INFO  rpc.RpcClient (RpcClient.java:createBucket(440)) - Creating Bucket: vol-0-63254/bucket-0-33831, with Versioning false and Storage Type set to DISK and Encryption set to false 
2019-09-16 22:08:17,862 [grpc-default-executor-3] INFO  client.GrpcClientProtocolClient (GrpcClientProtocolClient.java:onNext(264)) - client-1C7151BF41BC->74ecbdb6-699d-4c3c-ab90-3d79e72ea4a8: receive RaftClientReply:client-1C7151BF41BC->74ecbdb6-699d-4c3c-ab90-3d79e72ea4a8@group-E72450CA2CED, cid=65, SUCCESS, logIndex=80, commits[74ecbdb6-699d-4c3c-ab90-3d79e72ea4a8:c80, 7decb6b1-ba7c-48d8-97ff-6a25276295c4:c79, a45c6565-035d-4d1b-87c5-293bdc0bfbe6:c13]
2019-09-16 22:08:17,887 [grpc-default-executor-4] INFO  client.GrpcClientProtocolClient (GrpcClientProtocolClient.java:onNext(264)) - client-1C7151BF41BC->74ecbdb6-699d-4c3c-ab90-3d79e72ea4a8: receive RaftClientReply:client-1C7151BF41BC->74ecbdb6-699d-4c3c-ab90-3d79e72ea4a8@group-E72450CA2CED, cid=66, SUCCESS, logIndex=82, commits[74ecbdb6-699d-4c3c-ab90-3d79e72ea4a8:c83, 7decb6b1-ba7c-48d8-97ff-6a25276295c4:c81, a45c6565-035d-4d1b-87c5-293bdc0bfbe6:c13]
2019-09-16 22:08:17,888 [grpc-default-executor-4] INFO  client.GrpcClientProtocolClient (GrpcClientProtocolClient.java:onNext(264)) - client-1C7151BF41BC->74ecbdb6-699d-4c3c-ab90-3d79e72ea4a8: receive RaftClientReply:client-1C7151BF41BC->74ecbdb6-699d-4c3c-ab90-3d79e72ea4a8@group-E72450CA2CED, cid=67, SUCCESS, logIndex=83, commits[74ecbdb6-699d-4c3c-ab90-3d79e72ea4a8:c84, 7decb6b1-ba7c-48d8-97ff-6a25276295c4:c81, a45c6565-035d-4d1b-87c5-293bdc0bfbe6:c13]
2019-09-16 22:08:17,889 [grpc-default-executor-4] INFO  client.GrpcClientProtocolClient (GrpcClientProtocolClient.java:onNext(264)) - client-1C7151BF41BC->74ecbdb6-699d-4c3c-ab90-3d79e72ea4a8: receive RaftClientReply:client-1C7151BF41BC->74ecbdb6-699d-4c3c-ab90-3d79e72ea4a8@group-E72450CA2CED, cid=68, SUCCESS, logIndex=84, commits[74ecbdb6-699d-4c3c-ab90-3d79e72ea4a8:c84, 7decb6b1-ba7c-48d8-97ff-6a25276295c4:c81, a45c6565-035d-4d1b-87c5-293bdc0bfbe6:c13]
 0.00% |█                                                                                                    |  0/1 Time: 0:00:012019-09-16 22:08:18,847 [java.util.concurrent.ThreadPoolExecutor$Worker@6e328994[State = -1, empty queue]] WARN  server.GrpcLogAppender (GrpcLogAppender.java:timeoutAppendRequest(200)) - 74ecbdb6-699d-4c3c-ab90-3d79e72ea4a8@group-E72450CA2CED->a45c6565-035d-4d1b-87c5-293bdc0bfbe6-GrpcLogAppender: appendEntries Timeout, request=74ecbdb6-699d-4c3c-ab90-3d79e72ea4a8->a45c6565-035d-4d1b-87c5-293bdc0bfbe6#114-t1, previous=(t:1, i:79), leaderCommit=79, initializing? false, entries: <empty>
2019-09-16 22:08:19,755 [Thread-545] INFO  client.GrpcClientProtocolService (GrpcClientProtocolService.java:lambda$processClientRequest$0(278)) - Failed RaftClientRequest:client-61521285E3EC->74ecbdb6-699d-4c3c-ab90-3d79e72ea4a8@group-E72450CA2CED, cid=61, seq=0, Watch-ALL_COMMITTED(77), Message:<EMPTY>, reply=RaftClientReply:client-61521285E3EC->74ecbdb6-699d-4c3c-ab90-3d79e72ea4a8@group-E72450CA2CED, cid=61, FAILED org.apache.ratis.protocol.NotReplicatedException: Request with call Id 61 and log index 77 is not yet replicated to ALL_COMMITTED, logIndex=77, commits[74ecbdb6-699d-4c3c-ab90-3d79e72ea4a8:c87, 7decb6b1-ba7c-48d8-97ff-6a25276295c4:c84, a45c6565-035d-4d1b-87c5-293bdc0bfbe6:c13]
 0.00% |█                                                                                                    |  0/1 Time: 0:00:02 0.00% |█                                                                                                    |  0/1 Time: 0:00:032019-09-16 22:08:20,843 [java.util.concurrent.ThreadPoolExecutor$Worker@6e328994[State = -1, empty queue]] WARN  server.GrpcLogAppender (GrpcLogAppender.java:timeoutAppendRequest(200)) - 74ecbdb6-699d-4c3c-ab90-3d79e72ea4a8@group-E72450CA2CED->a45c6565-035d-4d1b-87c5-293bdc0bfbe6-GrpcLogAppender: appendEntries Timeout, request=74ecbdb6-699d-4c3c-ab90-3d79e72ea4a8->a45c6565-035d-4d1b-87c5-293bdc0bfbe6#115-t1, previous=(t:1, i:79), leaderCommit=79, initializing? false, entries: size=1, first=(t:1, i:80), STATEMACHINELOGENTRY, client-1C7151BF41BC, cid=65
2019-09-16 22:08:20,858 [java.util.concurrent.ThreadPoolExecutor$Worker@6e328994[State = -1, empty queue]] WARN  server.GrpcLogAppender (GrpcLogAppender.java:timeoutAppendRequest(200)) - 74ecbdb6-699d-4c3c-ab90-3d79e72ea4a8@group-E72450CA2CED->a45c6565-035d-4d1b-87c5-293bdc0bfbe6-GrpcLogAppender: appendEntries Timeout, request=74ecbdb6-699d-4c3c-ab90-3d79e72ea4a8->a45c6565-035d-4d1b-87c5-293bdc0bfbe6#116-t1, previous=(t:1, i:80), leaderCommit=80, initializing? false, entries: size=1, first=(t:1, i:81), METADATAENTRY(c80)
2019-09-16 22:08:20,870 [java.util.concurrent.ThreadPoolExecutor$Worker@6e328994[State = -1, empty queue]] WARN  server.GrpcLogAppender (GrpcLogAppender.java:timeoutAppendRequest(200)) - 74ecbdb6-699d-4c3c-ab90-3d79e72ea4a8@group-E72450CA2CED->a45c6565-035d-4d1b-87c5-293bdc0bfbe6-GrpcLogAppender: appendEntries Timeout, request=74ecbdb6-699d-4c3c-ab90-3d79e72ea4a8->a45c6565-035d-4d1b-87c5-293bdc0bfbe6#117-t1, previous=(t:1, i:81), leaderCommit=80, initializing? false, entries: size=1, first=(t:1, i:82), STATEMACHINELOGENTRY, client-1C7151BF41BC, cid=66
2019-09-16 22:08:20,874 [java.util.concurrent.ThreadPoolExecutor$Worker@6e328994[State = -1, empty queue]] WARN  server.GrpcLogAppender (GrpcLogAppender.java:timeoutAppendRequest(200)) - 74ecbdb6-699d-4c3c-ab90-3d79e72ea4a8@group-E72450CA2CED->a45c6565-035d-4d1b-87c5-293bdc0bfbe6-GrpcLogAppender: appendEntries Timeout, request=74ecbdb6-699d-4c3c-ab90-3d79e72ea4a8->a45c6565-035d-4d1b-87c5-293bdc0bfbe6#118-t1, previous=(t:1, i:82), leaderCommit=81, initializing? false, entries: size=1, first=(t:1, i:83), STATEMACHINELOGENTRY, client-1C7151BF41BC, cid=67
2019-09-16 22:08:20,875 [java.util.concurrent.ThreadPoolExecutor$Worker@6e328994[State = -1, empty queue]] WARN  server.GrpcLogAppender (GrpcLogAppender.java:timeoutAppendRequest(200)) - 74ecbdb6-699d-4c3c-ab90-3d79e72ea4a8@group-E72450CA2CED->a45c6565-035d-4d1b-87c5-293bdc0bfbe6-GrpcLogAppender: appendEntries Timeout, request=74ecbdb6-699d-4c3c-ab90-3d79e72ea4a8->a45c6565-035d-4d1b-87c5-293bdc0bfbe6#119-t1, previous=(t:1, i:83), leaderCommit=81, initializing? false, entries: size=1, first=(t:1, i:84), STATEMACHINELOGENTRY, client-1C7151BF41BC, cid=68
2019-09-16 22:08:20,884 [java.util.concurrent.ThreadPoolExecutor$Worker@6e328994[State = -1, empty queue]] WARN  server.GrpcLogAppender (GrpcLogAppender.java:timeoutAppendRequest(200)) - 74ecbdb6-699d-4c3c-ab90-3d79e72ea4a8@group-E72450CA2CED->a45c6565-035d-4d1b-87c5-293bdc0bfbe6-GrpcLogAppender: appendEntries Timeout, request=74ecbdb6-699d-4c3c-ab90-3d79e72ea4a8->a45c6565-035d-4d1b-87c5-293bdc0bfbe6#120-t1, previous=(t:1, i:84), leaderCommit=82, initializing? false, entries: size=1, first=(t:1, i:85), METADATAENTRY(c82)
2019-09-16 22:08:20,885 [java.util.concurrent.ThreadPoolExecutor$Worker@6e328994[State = -1, empty queue]] WARN  server.GrpcLogAppender (GrpcLogAppender.java:timeoutAppendRequest(200)) - 74ecbdb6-699d-4c3c-ab90-3d79e72ea4a8@group-E72450CA2CED->a45c6565-035d-4d1b-87c5-293bdc0bfbe6-GrpcLogAppender: appendEntries Timeout, request=74ecbdb6-699d-4c3c-ab90-3d79e72ea4a8->a45c6565-035d-4d1b-87c5-293bdc0bfbe6#121-t1, previous=(t:1, i:85), leaderCommit=83, initializing? false, entries: size=1, first=(t:1, i:86), METADATAENTRY(c83)
2019-09-16 22:08:20,887 [java.util.concurrent.ThreadPoolExecutor$Worker@6e328994[State = -1, empty queue]] WARN  server.GrpcLogAppender (GrpcLogAppender.java:timeoutAppendRequest(200)) - 74ecbdb6-699d-4c3c-ab90-3d79e72ea4a8@group-E72450CA2CED->a45c6565-035d-4d1b-87c5-293bdc0bfbe6-GrpcLogAppender: appendEntries Timeout, request=74ecbdb6-699d-4c3c-ab90-3d79e72ea4a8->a45c6565-035d-4d1b-87c5-293bdc0bfbe6#122-t1, previous=(t:1, i:86), leaderCommit=84, initializing? false, entries: size=1, first=(t:1, i:87), METADATAENTRY(c84)
 0.00% |█                                                                                                    |  0/1 Time: 0:00:042019-09-16 22:08:22,677 [Thread-526] INFO  impl.FollowerState (FollowerState.java:run(106)) - 74ecbdb6-699d-4c3c-ab90-3d79e72ea4a8:group-2B4CC91EA4F0 changes to CANDIDATE, lastRpcTime:5000, electionTimeout:5000ms
2019-09-16 22:08:22,678 [Thread-526] INFO  impl.RoleInfo (RoleInfo.java:shutdownFollowerState(121)) - 74ecbdb6-699d-4c3c-ab90-3d79e72ea4a8: shutdown FollowerState
2019-09-16 22:08:22,678 [Thread-526] INFO  impl.RaftServerImpl (RaftServerImpl.java:setRole(174)) - 74ecbdb6-699d-4c3c-ab90-3d79e72ea4a8@group-2B4CC91EA4F0: changes role from  FOLLOWER to CANDIDATE at term 0 for changeToCandidate
2019-09-16 22:08:22,678 [Thread-526] INFO  impl.RoleInfo (RoleInfo.java:updateAndGet(143)) - 74ecbdb6-699d-4c3c-ab90-3d79e72ea4a8: start LeaderElection
2019-09-16 22:08:22,696 [74ecbdb6-699d-4c3c-ab90-3d79e72ea4a8@group-2B4CC91EA4F0:LeaderElection5] INFO  impl.LeaderElection (LeaderElection.java:askForVotes(182)) - 74ecbdb6-699d-4c3c-ab90-3d79e72ea4a8@group-2B4CC91EA4F0:LeaderElection5: begin an election at term 1 for -1: [74ecbdb6-699d-4c3c-ab90-3d79e72ea4a8:192.168.34.35:43623], old=null
2019-09-16 22:08:22,696 [74ecbdb6-699d-4c3c-ab90-3d79e72ea4a8@group-2B4CC91EA4F0:LeaderElection5] INFO  impl.RoleInfo (RoleInfo.java:shutdownLeaderElection(134)) - 74ecbdb6-699d-4c3c-ab90-3d79e72ea4a8: shutdown LeaderElection
2019-09-16 22:08:22,696 [74ecbdb6-699d-4c3c-ab90-3d79e72ea4a8@group-2B4CC91EA4F0:LeaderElection5] INFO  impl.RaftServerImpl (RaftServerImpl.java:setRole(174)) - 74ecbdb6-699d-4c3c-ab90-3d79e72ea4a8@group-2B4CC91EA4F0: changes role from CANDIDATE to LEADER at term 1 for changeToLeader
2019-09-16 22:08:22,696 [74ecbdb6-699d-4c3c-ab90-3d79e72ea4a8@group-2B4CC91EA4F0:LeaderElection5] INFO  impl.RaftServerImpl (ServerState.java:setLeader(253)) - 74ecbdb6-699d-4c3c-ab90-3d79e72ea4a8@group-2B4CC91EA4F0: change Leader from null to 74ecbdb6-699d-4c3c-ab90-3d79e72ea4a8 at term 1 for becomeLeader, leader elected after 5025ms
2019-09-16 22:08:22,697 [74ecbdb6-699d-4c3c-ab90-3d79e72ea4a8@group-2B4CC91EA4F0:LeaderElection5] INFO  server.RaftServerConfigKeys (ConfUtils.java:logGet(43)) - raft.server.staging.catchup.gap = 1000 (default)
2019-09-16 22:08:22,697 [74ecbdb6-699d-4c3c-ab90-3d79e72ea4a8@group-2B4CC91EA4F0:LeaderElection5] INFO  server.RaftServerConfigKeys (ConfUtils.java:logGet(43)) - raft.server.rpc.sleep.time = 25ms (default)
2019-09-16 22:08:22,697 [74ecbdb6-699d-4c3c-ab90-3d79e72ea4a8@group-2B4CC91EA4F0:LeaderElection5] INFO  server.RaftServerConfigKeys (ConfUtils.java:logGet(43)) - raft.server.write.element-limit = 4096 (default)
2019-09-16 22:08:22,697 [74ecbdb6-699d-4c3c-ab90-3d79e72ea4a8@group-2B4CC91EA4F0:LeaderElection5] INFO  server.RaftServerConfigKeys (ConfUtils.java:logGet(43)) - raft.server.watch.timeout = 10s (default)
2019-09-16 22:08:22,698 [74ecbdb6-699d-4c3c-ab90-3d79e72ea4a8@group-2B4CC91EA4F0:LeaderElection5] INFO  server.RaftServerConfigKeys (ConfUtils.java:logGet(43)) - raft.server.watch.timeout.denomination = 1s (default)
2019-09-16 22:08:22,698 [74ecbdb6-699d-4c3c-ab90-3d79e72ea4a8@group-2B4CC91EA4F0:LeaderElection5] INFO  server.RaftServerConfigKeys (ConfUtils.java:logGet(43)) - raft.server.watch.element-limit = 65536 (default)
2019-09-16 22:08:22,701 [74ecbdb6-699d-4c3c-ab90-3d79e72ea4a8@group-2B4CC91EA4F0:LeaderElection5] INFO  impl.RoleInfo (RoleInfo.java:updateAndGet(143)) - 74ecbdb6-699d-4c3c-ab90-3d79e72ea4a8: start LeaderState
2019-09-16 22:08:22,702 [74ecbdb6-699d-4c3c-ab90-3d79e72ea4a8@group-2B4CC91EA4F0:LeaderElection5] INFO  segmented.SegmentedRaftLogWorker (SegmentedRaftLogWorker.java:startLogSegment(380)) - 74ecbdb6-699d-4c3c-ab90-3d79e72ea4a8@group-2B4CC91EA4F0-SegmentedRaftLogWorker: Starting segment from index:0
2019-09-16 22:08:22,703 [74ecbdb6-699d-4c3c-ab90-3d79e72ea4a8@group-2B4CC91EA4F0:LeaderElection5] INFO  impl.RaftServerImpl (ServerState.java:setRaftConf(354)) - 74ecbdb6-699d-4c3c-ab90-3d79e72ea4a8@group-2B4CC91EA4F0: set configuration 0: [74ecbdb6-699d-4c3c-ab90-3d79e72ea4a8:192.168.34.35:43623], old=null at 0
2019-09-16 22:08:22,749 [74ecbdb6-699d-4c3c-ab90-3d79e72ea4a8@group-2B4CC91EA4F0-SegmentedRaftLogWorker] INFO  segmented.SegmentedRaftLogWorker (SegmentedRaftLogWorker.java:execute(569)) - 74ecbdb6-699d-4c3c-ab90-3d79e72ea4a8@group-2B4CC91EA4F0-SegmentedRaftLogWorker: created new log segment /workdir/hadoop-ozone/tools/target/test-dir/MiniOzoneClusterImpl-04b7bc9b-f24e-4aba-be31-39bb60c628cf/datanode-0/data/ratis/853f28be-b0a3-4f2d-949b-2b4cc91ea4f0/current/log_inprogress_0
 0.00% |█                                                                                                    |  0/1 Time: 0:00:052019-09-16 22:08:23,390 [java.util.concurrent.ThreadPoolExecutor$Worker@6e328994[State = -1, empty queue]] WARN  server.GrpcLogAppender (GrpcLogAppender.java:timeoutAppendRequest(200)) - 74ecbdb6-699d-4c3c-ab90-3d79e72ea4a8@group-E72450CA2CED->a45c6565-035d-4d1b-87c5-293bdc0bfbe6-GrpcLogAppender: appendEntries Timeout, request=74ecbdb6-699d-4c3c-ab90-3d79e72ea4a8->a45c6565-035d-4d1b-87c5-293bdc0bfbe6#123-t1, previous=(t:1, i:87), leaderCommit=87, initializing? false, entries: <empty>
 0.00% |█                                                                                                    |  0/1 Time: 0:00:062019-09-16 22:08:24,660 [a45c6565-035d-4d1b-87c5-293bdc0bfbe6@group-E72450CA2CED-SegmentedRaftLogWorker] WARN  segmented.SegmentedRaftLogWorker (SegmentedRaftLogWorker.java:getFromFuture(90)) - Timeout 9/~
org.apache.ratis.protocol.TimeoutIOException: Timeout 10s: WriteLog:18: (t:1, i:18), STATEMACHINELOGENTRY, client-4A0AD11AF982, cid=17-writeStateMachineData
	at org.apache.ratis.util.IOUtils.getFromFuture(IOUtils.java:87)
	at org.apache.ratis.server.raftlog.segmented.SegmentedRaftLogWorker$StateMachineDataPolicy.getFromFuture(SegmentedRaftLogWorker.java:87)
	at org.apache.ratis.server.raftlog.segmented.SegmentedRaftLogWorker$WriteLog.execute(SegmentedRaftLogWorker.java:477)
	at org.apache.ratis.server.raftlog.segmented.SegmentedRaftLogWorker.run(SegmentedRaftLogWorker.java:289)
	at java.lang.Thread.run(Thread.java:748)
Caused by: java.util.concurrent.TimeoutException
	at java.util.concurrent.CompletableFuture.timedGet(CompletableFuture.java:1771)
	at java.util.concurrent.CompletableFuture.get(CompletableFuture.java:1915)
	at org.apache.ratis.util.IOUtils.getFromFuture(IOUtils.java:79)
	... 4 more
 0.00% |█                                                                                                    |  0/1 Time: 0:00:07 0.00% |█                                                                                                    |  0/1 Time: 0:00:082019-09-16 22:08:25,891 [java.util.concurrent.ThreadPoolExecutor$Worker@6e328994[State = -1, empty queue]] WARN  server.GrpcLogAppender (GrpcLogAppender.java:timeoutAppendRequest(200)) - 74ecbdb6-699d-4c3c-ab90-3d79e72ea4a8@group-E72450CA2CED->a45c6565-035d-4d1b-87c5-293bdc0bfbe6-GrpcLogAppender: appendEntries Timeout, request=74ecbdb6-699d-4c3c-ab90-3d79e72ea4a8->a45c6565-035d-4d1b-87c5-293bdc0bfbe6#124-t1, previous=(t:1, i:87), leaderCommit=87, initializing? false, entries: <empty>
 0.00% |█                                                                                                    |  0/1 Time: 0:00:09 0.00% |█                                                                                                    |  0/1 Time: 0:00:102019-09-16 22:08:28,391 [java.util.concurrent.ThreadPoolExecutor$Worker@6e328994[State = -1, empty queue]] WARN  server.GrpcLogAppender (GrpcLogAppender.java:timeoutAppendRequest(200)) - 74ecbdb6-699d-4c3c-ab90-3d79e72ea4a8@group-E72450CA2CED->a45c6565-035d-4d1b-87c5-293bdc0bfbe6-GrpcLogAppender: appendEntries Timeout, request=74ecbdb6-699d-4c3c-ab90-3d79e72ea4a8->a45c6565-035d-4d1b-87c5-293bdc0bfbe6#125-t1, previous=(t:1, i:87), leaderCommit=87, initializing? false, entries: <empty>
2019-09-16 22:08:28,756 [Thread-559] INFO  client.GrpcClientProtocolService (GrpcClientProtocolService.java:lambda$processClientRequest$0(278)) - Failed RaftClientRequest:client-1C7151BF41BC->74ecbdb6-699d-4c3c-ab90-3d79e72ea4a8@group-E72450CA2CED, cid=69, seq=0, Watch-ALL_COMMITTED(82), Message:<EMPTY>, reply=RaftClientReply:client-1C7151BF41BC->74ecbdb6-699d-4c3c-ab90-3d79e72ea4a8@group-E72450CA2CED, cid=69, FAILED org.apache.ratis.protocol.NotReplicatedException: Request with call Id 69 and log index 82 is not yet replicated to ALL_COMMITTED, logIndex=82, commits[74ecbdb6-699d-4c3c-ab90-3d79e72ea4a8:c87, 7decb6b1-ba7c-48d8-97ff-6a25276295c4:c87, a45c6565-035d-4d1b-87c5-293bdc0bfbe6:c13]
2019-09-16 22:08:28,760 [grpc-default-executor-4] INFO  client.GrpcClientProtocolClient (GrpcClientProtocolClient.java:onNext(264)) - client-1C7151BF41BC->74ecbdb6-699d-4c3c-ab90-3d79e72ea4a8: receive RaftClientReply:client-1C7151BF41BC->74ecbdb6-699d-4c3c-ab90-3d79e72ea4a8@group-E72450CA2CED, cid=69, FAILED org.apache.ratis.protocol.NotReplicatedException: Request with call Id 69 and log index 82 is not yet replicated to ALL_COMMITTED, logIndex=82, commits[74ecbdb6-699d-4c3c-ab90-3d79e72ea4a8:c87, 7decb6b1-ba7c-48d8-97ff-6a25276295c4:c87, a45c6565-035d-4d1b-87c5-293bdc0bfbe6:c13]
 0.00% |█                                                                                                    |  0/1 Time: 0:00:112019-09-16 22:08:28,763 [pool-59-thread-3] WARN  scm.XceiverClientRatis (XceiverClientRatis.java:watchForCommit(262)) - 3 way commit failed on pipeline Pipeline[ Id: b13ef001-8a94-452d-a6a3-e72450ca2ced, Nodes: 74ecbdb6-699d-4c3c-ab90-3d79e72ea4a8{ip: 192.168.34.35, host: pr-hdds-2120-pf7zr-4137305271, networkLocation: /default-rack, certSerialId: null}7decb6b1-ba7c-48d8-97ff-6a25276295c4{ip: 192.168.34.35, host: pr-hdds-2120-pf7zr-4137305271, networkLocation: /default-rack, certSerialId: null}a45c6565-035d-4d1b-87c5-293bdc0bfbe6{ip: 192.168.34.35, host: pr-hdds-2120-pf7zr-4137305271, networkLocation: /default-rack, certSerialId: null}, Type:RATIS, Factor:THREE, State:OPEN]
java.util.concurrent.ExecutionException: org.apache.ratis.protocol.NotReplicatedException: Request with call Id 69 and log index 82 is not yet replicated to ALL_COMMITTED
	at java.util.concurrent.CompletableFuture.reportGet(CompletableFuture.java:357)
	at java.util.concurrent.CompletableFuture.get(CompletableFuture.java:1915)
	at org.apache.hadoop.hdds.scm.XceiverClientRatis.watchForCommit(XceiverClientRatis.java:259)
	at org.apache.hadoop.hdds.scm.storage.CommitWatcher.watchForCommit(CommitWatcher.java:194)
	at org.apache.hadoop.hdds.scm.storage.CommitWatcher.watchOnFirstIndex(CommitWatcher.java:135)
	at org.apache.hadoop.hdds.scm.storage.BlockOutputStream.watchForCommit(BlockOutputStream.java:347)
	at org.apache.hadoop.hdds.scm.storage.BlockOutputStream.handleFullBuffer(BlockOutputStream.java:324)
	at org.apache.hadoop.hdds.scm.storage.BlockOutputStream.write(BlockOutputStream.java:251)
	at org.apache.hadoop.ozone.client.io.BlockOutputStreamEntry.write(BlockOutputStreamEntry.java:129)
	at org.apache.hadoop.ozone.client.io.KeyOutputStream.handleWrite(KeyOutputStream.java:211)
	at org.apache.hadoop.ozone.client.io.KeyOutputStream.write(KeyOutputStream.java:193)
	at org.apache.hadoop.ozone.client.io.OzoneOutputStream.write(OzoneOutputStream.java:49)
	at org.apache.hadoop.ozone.freon.RandomKeyGenerator.createKey(RandomKeyGenerator.java:708)
	at org.apache.hadoop.ozone.freon.RandomKeyGenerator.access$1100(RandomKeyGenerator.java:88)
	at org.apache.hadoop.ozone.freon.RandomKeyGenerator$ObjectCreator.run(RandomKeyGenerator.java:615)
	at java.util.concurrent.Executors$RunnableAdapter.call(Executors.java:511)
	at java.util.concurrent.FutureTask.run(FutureTask.java:266)
	at java.util.concurrent.ThreadPoolExecutor.runWorker(ThreadPoolExecutor.java:1149)
	at java.util.concurrent.ThreadPoolExecutor$Worker.run(ThreadPoolExecutor.java:624)
	at java.lang.Thread.run(Thread.java:748)
Caused by: org.apache.ratis.protocol.NotReplicatedException: Request with call Id 69 and log index 82 is not yet replicated to ALL_COMMITTED
	at org.apache.ratis.client.impl.ClientProtoUtils.toRaftClientReply(ClientProtoUtils.java:246)
	at org.apache.ratis.grpc.client.GrpcClientProtocolClient$AsyncStreamObservers$1.onNext(GrpcClientProtocolClient.java:263)
	at org.apache.ratis.grpc.client.GrpcClientProtocolClient$AsyncStreamObservers$1.onNext(GrpcClientProtocolClient.java:258)
	at org.apache.ratis.thirdparty.io.grpc.stub.ClientCalls$StreamObserverToCallListenerAdapter.onMessage(ClientCalls.java:421)
	at org.apache.ratis.thirdparty.io.grpc.ForwardingClientCallListener.onMessage(ForwardingClientCallListener.java:33)
	at org.apache.ratis.thirdparty.io.grpc.ForwardingClientCallListener.onMessage(ForwardingClientCallListener.java:33)
	at org.apache.ratis.thirdparty.io.grpc.internal.ClientCallImpl$ClientStreamListenerImpl$1MessagesAvailable.runInContext(ClientCallImpl.java:519)
	at org.apache.ratis.thirdparty.io.grpc.internal.ContextRunnable.run(ContextRunnable.java:37)
	at org.apache.ratis.thirdparty.io.grpc.internal.SerializingExecutor.run(SerializingExecutor.java:123)
	... 3 more
2019-09-16 22:08:28,769 [grpc-default-executor-4] INFO  client.GrpcClientProtocolClient (GrpcClientProtocolClient.java:onNext(264)) - client-1C7151BF41BC->74ecbdb6-699d-4c3c-ab90-3d79e72ea4a8: receive RaftClientReply:client-1C7151BF41BC->74ecbdb6-699d-4c3c-ab90-3d79e72ea4a8@group-E72450CA2CED, cid=70, SUCCESS, logIndex=0, commits[74ecbdb6-699d-4c3c-ab90-3d79e72ea4a8:c87, 7decb6b1-ba7c-48d8-97ff-6a25276295c4:c87, a45c6565-035d-4d1b-87c5-293bdc0bfbe6:c13]
2019-09-16 22:08:28,770 [pool-59-thread-3] INFO  scm.XceiverClientRatis (XceiverClientRatis.java:lambda$watchForCommit$7(280)) - Could not commit index 82 on pipeline Pipeline[ Id: b13ef001-8a94-452d-a6a3-e72450ca2ced, Nodes: 74ecbdb6-699d-4c3c-ab90-3d79e72ea4a8{ip: 192.168.34.35, host: pr-hdds-2120-pf7zr-4137305271, networkLocation: /default-rack, certSerialId: null}7decb6b1-ba7c-48d8-97ff-6a25276295c4{ip: 192.168.34.35, host: pr-hdds-2120-pf7zr-4137305271, networkLocation: /default-rack, certSerialId: null}a45c6565-035d-4d1b-87c5-293bdc0bfbe6{ip: 192.168.34.35, host: pr-hdds-2120-pf7zr-4137305271, networkLocation: /default-rack, certSerialId: null}, Type:RATIS, Factor:THREE, State:OPEN] to all the nodes. Server a45c6565-035d-4d1b-87c5-293bdc0bfbe6 has failed. Committed by majority.
2019-09-16 22:08:28,771 [pool-59-thread-3] WARN  storage.BlockOutputStream (BlockOutputStream.java:watchForCommit(353)) - Failed to commit BlockId conID: 3 locID: 102804468386889734 bcsId: 84 on Pipeline[ Id: b13ef001-8a94-452d-a6a3-e72450ca2ced, Nodes: 74ecbdb6-699d-4c3c-ab90-3d79e72ea4a8{ip: 192.168.34.35, host: pr-hdds-2120-pf7zr-4137305271, networkLocation: /default-rack, certSerialId: null}7decb6b1-ba7c-48d8-97ff-6a25276295c4{ip: 192.168.34.35, host: pr-hdds-2120-pf7zr-4137305271, networkLocation: /default-rack, certSerialId: null}a45c6565-035d-4d1b-87c5-293bdc0bfbe6{ip: 192.168.34.35, host: pr-hdds-2120-pf7zr-4137305271, networkLocation: /default-rack, certSerialId: null}, Type:RATIS, Factor:THREE, State:OPEN]. Failed nodes: [a45c6565-035d-4d1b-87c5-293bdc0bfbe6{ip: null, host: null, networkLocation: /default-rack, certSerialId: null}]
2019-09-16 22:08:28,807 [grpc-default-executor-3] INFO  client.GrpcClientProtocolClient (GrpcClientProtocolClient.java:onNext(264)) - client-1C7151BF41BC->74ecbdb6-699d-4c3c-ab90-3d79e72ea4a8: receive RaftClientReply:client-1C7151BF41BC->74ecbdb6-699d-4c3c-ab90-3d79e72ea4a8@group-E72450CA2CED, cid=71, SUCCESS, logIndex=88, commits[74ecbdb6-699d-4c3c-ab90-3d79e72ea4a8:c89, 7decb6b1-ba7c-48d8-97ff-6a25276295c4:c87, a45c6565-035d-4d1b-87c5-293bdc0bfbe6:c13]
2019-09-16 22:08:28,808 [grpc-default-executor-3] INFO  client.GrpcClientProtocolClient (GrpcClientProtocolClient.java:onNext(264)) - client-1C7151BF41BC->74ecbdb6-699d-4c3c-ab90-3d79e72ea4a8: receive RaftClientReply:client-1C7151BF41BC->74ecbdb6-699d-4c3c-ab90-3d79e72ea4a8@group-E72450CA2CED, cid=72, SUCCESS, logIndex=89, commits[74ecbdb6-699d-4c3c-ab90-3d79e72ea4a8:c89, 7decb6b1-ba7c-48d8-97ff-6a25276295c4:c87, a45c6565-035d-4d1b-87c5-293bdc0bfbe6:c13]
2019-09-16 22:08:28,838 [grpc-default-executor-3] INFO  client.GrpcClientProtocolClient (GrpcClientProtocolClient.java:onNext(264)) - client-1C7151BF41BC->74ecbdb6-699d-4c3c-ab90-3d79e72ea4a8: receive RaftClientReply:client-1C7151BF41BC->74ecbdb6-699d-4c3c-ab90-3d79e72ea4a8@group-E72450CA2CED, cid=73, SUCCESS, logIndex=92, commits[74ecbdb6-699d-4c3c-ab90-3d79e72ea4a8:c93, 7decb6b1-ba7c-48d8-97ff-6a25276295c4:c91, a45c6565-035d-4d1b-87c5-293bdc0bfbe6:c13]
2019-09-16 22:08:28,839 [grpc-default-executor-3] INFO  client.GrpcClientProtocolClient (GrpcClientProtocolClient.java:onNext(264)) - client-1C7151BF41BC->74ecbdb6-699d-4c3c-ab90-3d79e72ea4a8: receive RaftClientReply:client-1C7151BF41BC->74ecbdb6-699d-4c3c-ab90-3d79e72ea4a8@group-E72450CA2CED, cid=74, SUCCESS, logIndex=93, commits[74ecbdb6-699d-4c3c-ab90-3d79e72ea4a8:c93, 7decb6b1-ba7c-48d8-97ff-6a25276295c4:c91, a45c6565-035d-4d1b-87c5-293bdc0bfbe6:c13]
 0.00% |█                                                                                                    |  0/1 Time: 0:00:12 0.00% |█                                                                                                    |  0/1 Time: 0:00:132019-09-16 22:08:30,894 [java.util.concurrent.ThreadPoolExecutor$Worker@6e328994[State = -1, empty queue]] WARN  server.GrpcLogAppender (GrpcLogAppender.java:timeoutAppendRequest(200)) - 74ecbdb6-699d-4c3c-ab90-3d79e72ea4a8@group-E72450CA2CED->a45c6565-035d-4d1b-87c5-293bdc0bfbe6-GrpcLogAppender: appendEntries Timeout, request=74ecbdb6-699d-4c3c-ab90-3d79e72ea4a8->a45c6565-035d-4d1b-87c5-293bdc0bfbe6#126-t1, previous=(t:1, i:87), leaderCommit=87, initializing? false, entries: <empty>
 0.00% |█                                                                                                    |  0/1 Time: 0:00:142019-09-16 22:08:31,787 [java.util.concurrent.ThreadPoolExecutor$Worker@6e328994[State = -1, empty queue]] WARN  server.GrpcLogAppender (GrpcLogAppender.java:timeoutAppendRequest(200)) - 74ecbdb6-699d-4c3c-ab90-3d79e72ea4a8@group-E72450CA2CED->a45c6565-035d-4d1b-87c5-293bdc0bfbe6-GrpcLogAppender: appendEntries Timeout, request=74ecbdb6-699d-4c3c-ab90-3d79e72ea4a8->a45c6565-035d-4d1b-87c5-293bdc0bfbe6#127-t1, previous=(t:1, i:87), leaderCommit=87, initializing? false, entries: size=1, first=(t:1, i:88), STATEMACHINELOGENTRY, client-1C7151BF41BC, cid=71
2019-09-16 22:08:31,788 [java.util.concurrent.ThreadPoolExecutor$Worker@6e328994[State = -1, empty queue]] WARN  server.GrpcLogAppender (GrpcLogAppender.java:timeoutAppendRequest(200)) - 74ecbdb6-699d-4c3c-ab90-3d79e72ea4a8@group-E72450CA2CED->a45c6565-035d-4d1b-87c5-293bdc0bfbe6-GrpcLogAppender: appendEntries Timeout, request=74ecbdb6-699d-4c3c-ab90-3d79e72ea4a8->a45c6565-035d-4d1b-87c5-293bdc0bfbe6#128-t1, previous=(t:1, i:88), leaderCommit=87, initializing? false, entries: size=1, first=(t:1, i:89), STATEMACHINELOGENTRY, client-1C7151BF41BC, cid=72
2019-09-16 22:08:31,804 [java.util.concurrent.ThreadPoolExecutor$Worker@6e328994[State = -1, empty queue]] WARN  server.GrpcLogAppender (GrpcLogAppender.java:timeoutAppendRequest(200)) - 74ecbdb6-699d-4c3c-ab90-3d79e72ea4a8@group-E72450CA2CED->a45c6565-035d-4d1b-87c5-293bdc0bfbe6-GrpcLogAppender: appendEntries Timeout, request=74ecbdb6-699d-4c3c-ab90-3d79e72ea4a8->a45c6565-035d-4d1b-87c5-293bdc0bfbe6#129-t1, previous=(t:1, i:89), leaderCommit=89, initializing? false, entries: size=1, first=(t:1, i:90), METADATAENTRY(c88)
2019-09-16 22:08:31,804 [java.util.concurrent.ThreadPoolExecutor$Worker@6e328994[State = -1, empty queue]] WARN  server.GrpcLogAppender (GrpcLogAppender.java:timeoutAppendRequest(200)) - 74ecbdb6-699d-4c3c-ab90-3d79e72ea4a8@group-E72450CA2CED->a45c6565-035d-4d1b-87c5-293bdc0bfbe6-GrpcLogAppender: appendEntries Timeout, request=74ecbdb6-699d-4c3c-ab90-3d79e72ea4a8->a45c6565-035d-4d1b-87c5-293bdc0bfbe6#130-t1, previous=(t:1, i:90), leaderCommit=89, initializing? false, entries: size=1, first=(t:1, i:91), METADATAENTRY(c89)
2019-09-16 22:08:31,822 [java.util.concurrent.ThreadPoolExecutor$Worker@6e328994[State = -1, empty queue]] WARN  server.GrpcLogAppender (GrpcLogAppender.java:timeoutAppendRequest(200)) - 74ecbdb6-699d-4c3c-ab90-3d79e72ea4a8@group-E72450CA2CED->a45c6565-035d-4d1b-87c5-293bdc0bfbe6-GrpcLogAppender: appendEntries Timeout, request=74ecbdb6-699d-4c3c-ab90-3d79e72ea4a8->a45c6565-035d-4d1b-87c5-293bdc0bfbe6#131-t1, previous=(t:1, i:91), leaderCommit=91, initializing? false, entries: size=1, first=(t:1, i:92), STATEMACHINELOGENTRY, client-1C7151BF41BC, cid=73
2019-09-16 22:08:31,822 [java.util.concurrent.ThreadPoolExecutor$Worker@6e328994[State = -1, empty queue]] WARN  server.GrpcLogAppender (GrpcLogAppender.java:timeoutAppendRequest(200)) - 74ecbdb6-699d-4c3c-ab90-3d79e72ea4a8@group-E72450CA2CED->a45c6565-035d-4d1b-87c5-293bdc0bfbe6-GrpcLogAppender: appendEntries Timeout, request=74ecbdb6-699d-4c3c-ab90-3d79e72ea4a8->a45c6565-035d-4d1b-87c5-293bdc0bfbe6#132-t1, previous=(t:1, i:92), leaderCommit=91, initializing? false, entries: size=1, first=(t:1, i:93), STATEMACHINELOGENTRY, client-1C7151BF41BC, cid=74
2019-09-16 22:08:31,837 [java.util.concurrent.ThreadPoolExecutor$Worker@6e328994[State = -1, empty queue]] WARN  server.GrpcLogAppender (GrpcLogAppender.java:timeoutAppendRequest(200)) - 74ecbdb6-699d-4c3c-ab90-3d79e72ea4a8@group-E72450CA2CED->a45c6565-035d-4d1b-87c5-293bdc0bfbe6-GrpcLogAppender: appendEntries Timeout, request=74ecbdb6-699d-4c3c-ab90-3d79e72ea4a8->a45c6565-035d-4d1b-87c5-293bdc0bfbe6#133-t1, previous=(t:1, i:93), leaderCommit=92, initializing? false, entries: size=1, first=(t:1, i:94), METADATAENTRY(c92)
2019-09-16 22:08:31,837 [java.util.concurrent.ThreadPoolExecutor$Worker@6e328994[State = -1, empty queue]] WARN  server.GrpcLogAppender (GrpcLogAppender.java:timeoutAppendRequest(200)) - 74ecbdb6-699d-4c3c-ab90-3d79e72ea4a8@group-E72450CA2CED->a45c6565-035d-4d1b-87c5-293bdc0bfbe6-GrpcLogAppender: appendEntries Timeout, request=74ecbdb6-699d-4c3c-ab90-3d79e72ea4a8->a45c6565-035d-4d1b-87c5-293bdc0bfbe6#134-t1, previous=(t:1, i:94), leaderCommit=93, initializing? false, entries: size=1, first=(t:1, i:95), METADATAENTRY(c93)
2019-09-16 22:08:32,756 [Thread-578] INFO  client.GrpcClientProtocolService (GrpcClientProtocolService.java:lambda$processClientRequest$0(278)) - Failed RaftClientRequest:client-1C7151BF41BC->74ecbdb6-699d-4c3c-ab90-3d79e72ea4a8@group-E72450CA2CED, cid=69, seq=0, Watch-ALL_COMMITTED(82), Message:<EMPTY>, reply=RaftClientReply:client-1C7151BF41BC->74ecbdb6-699d-4c3c-ab90-3d79e72ea4a8@group-E72450CA2CED, cid=69, FAILED org.apache.ratis.protocol.NotReplicatedException: Request with call Id 69 and log index 82 is not yet replicated to ALL_COMMITTED, logIndex=82, commits[74ecbdb6-699d-4c3c-ab90-3d79e72ea4a8:c95, 7decb6b1-ba7c-48d8-97ff-6a25276295c4:c95, a45c6565-035d-4d1b-87c5-293bdc0bfbe6:c13]
2019-09-16 22:08:32,759 [grpc-default-executor-3] INFO  client.GrpcClientProtocolClient (GrpcClientProtocolClient.java:onNext(264)) - client-1C7151BF41BC->74ecbdb6-699d-4c3c-ab90-3d79e72ea4a8: receive RaftClientReply:client-1C7151BF41BC->74ecbdb6-699d-4c3c-ab90-3d79e72ea4a8@group-E72450CA2CED, cid=69, FAILED org.apache.ratis.protocol.NotReplicatedException: Request with call Id 69 and log index 82 is not yet replicated to ALL_COMMITTED, logIndex=82, commits[74ecbdb6-699d-4c3c-ab90-3d79e72ea4a8:c95, 7decb6b1-ba7c-48d8-97ff-6a25276295c4:c95, a45c6565-035d-4d1b-87c5-293bdc0bfbe6:c13]
 0.00% |█                                                                                                    |  0/1 Time: 0:00:15 0.00% |█                                                                                                    |  0/1 Time: 0:00:162019-09-16 22:08:34,339 [java.util.concurrent.ThreadPoolExecutor$Worker@6e328994[State = -1, empty queue]] WARN  server.GrpcLogAppender (GrpcLogAppender.java:timeoutAppendRequest(200)) - 74ecbdb6-699d-4c3c-ab90-3d79e72ea4a8@group-E72450CA2CED->a45c6565-035d-4d1b-87c5-293bdc0bfbe6-GrpcLogAppender: appendEntries Timeout, request=74ecbdb6-699d-4c3c-ab90-3d79e72ea4a8->a45c6565-035d-4d1b-87c5-293bdc0bfbe6#135-t1, previous=(t:1, i:95), leaderCommit=95, initializing? false, entries: <empty>
2019-09-16 22:08:34,662 [a45c6565-035d-4d1b-87c5-293bdc0bfbe6@group-E72450CA2CED-SegmentedRaftLogWorker] WARN  segmented.SegmentedRaftLogWorker (SegmentedRaftLogWorker.java:getFromFuture(90)) - Timeout 10/~
org.apache.ratis.protocol.TimeoutIOException: Timeout 10s: WriteLog:18: (t:1, i:18), STATEMACHINELOGENTRY, client-4A0AD11AF982, cid=17-writeStateMachineData
	at org.apache.ratis.util.IOUtils.getFromFuture(IOUtils.java:87)
	at org.apache.ratis.server.raftlog.segmented.SegmentedRaftLogWorker$StateMachineDataPolicy.getFromFuture(SegmentedRaftLogWorker.java:87)
	at org.apache.ratis.server.raftlog.segmented.SegmentedRaftLogWorker$WriteLog.execute(SegmentedRaftLogWorker.java:477)
	at org.apache.ratis.server.raftlog.segmented.SegmentedRaftLogWorker.run(SegmentedRaftLogWorker.java:289)
	at java.lang.Thread.run(Thread.java:748)
Caused by: java.util.concurrent.TimeoutException
	at java.util.concurrent.CompletableFuture.timedGet(CompletableFuture.java:1771)
	at java.util.concurrent.CompletableFuture.get(CompletableFuture.java:1915)
	at org.apache.ratis.util.IOUtils.getFromFuture(IOUtils.java:79)
	... 4 more
 0.00% |█                                                                                                    |  0/1 Time: 0:00:17 0.00% |█                                                                                                    |  0/1 Time: 0:00:182019-09-16 22:08:36,756 [Thread-587] INFO  client.GrpcClientProtocolService (GrpcClientProtocolService.java:lambda$processClientRequest$0(278)) - Failed RaftClientRequest:client-1C7151BF41BC->74ecbdb6-699d-4c3c-ab90-3d79e72ea4a8@group-E72450CA2CED, cid=69, seq=0, Watch-ALL_COMMITTED(82), Message:<EMPTY>, reply=RaftClientReply:client-1C7151BF41BC->74ecbdb6-699d-4c3c-ab90-3d79e72ea4a8@group-E72450CA2CED, cid=69, FAILED org.apache.ratis.protocol.NotReplicatedException: Request with call Id 69 and log index 82 is not yet replicated to ALL_COMMITTED, logIndex=82, commits[74ecbdb6-699d-4c3c-ab90-3d79e72ea4a8:c95, 7decb6b1-ba7c-48d8-97ff-6a25276295c4:c95, a45c6565-035d-4d1b-87c5-293bdc0bfbe6:c13]
2019-09-16 22:08:36,759 [grpc-default-executor-3] INFO  client.GrpcClientProtocolClient (GrpcClientProtocolClient.java:onNext(264)) - client-1C7151BF41BC->74ecbdb6-699d-4c3c-ab90-3d79e72ea4a8: receive RaftClientReply:client-1C7151BF41BC->74ecbdb6-699d-4c3c-ab90-3d79e72ea4a8@group-E72450CA2CED, cid=69, FAILED org.apache.ratis.protocol.NotReplicatedException: Request with call Id 69 and log index 82 is not yet replicated to ALL_COMMITTED, logIndex=82, commits[74ecbdb6-699d-4c3c-ab90-3d79e72ea4a8:c95, 7decb6b1-ba7c-48d8-97ff-6a25276295c4:c95, a45c6565-035d-4d1b-87c5-293bdc0bfbe6:c13]
 0.00% |█                                                                                                    |  0/1 Time: 0:00:192019-09-16 22:08:36,839 [java.util.concurrent.ThreadPoolExecutor$Worker@6e328994[State = -1, empty queue]] WARN  server.GrpcLogAppender (GrpcLogAppender.java:timeoutAppendRequest(200)) - 74ecbdb6-699d-4c3c-ab90-3d79e72ea4a8@group-E72450CA2CED->a45c6565-035d-4d1b-87c5-293bdc0bfbe6-GrpcLogAppender: appendEntries Timeout, request=74ecbdb6-699d-4c3c-ab90-3d79e72ea4a8->a45c6565-035d-4d1b-87c5-293bdc0bfbe6#136-t1, previous=(t:1, i:95), leaderCommit=95, initializing? false, entries: <empty>
 0.00% |█                                                                                                    |  0/1 Time: 0:00:20 0.00% |█                                                                                                    |  0/1 Time: 0:00:212019-09-16 22:08:39,341 [java.util.concurrent.ThreadPoolExecutor$Worker@6e328994[State = -1, empty queue]] WARN  server.GrpcLogAppender (GrpcLogAppender.java:timeoutAppendRequest(200)) - 74ecbdb6-699d-4c3c-ab90-3d79e72ea4a8@group-E72450CA2CED->a45c6565-035d-4d1b-87c5-293bdc0bfbe6-GrpcLogAppender: appendEntries Timeout, request=74ecbdb6-699d-4c3c-ab90-3d79e72ea4a8->a45c6565-035d-4d1b-87c5-293bdc0bfbe6#137-t1, previous=(t:1, i:95), leaderCommit=95, initializing? false, entries: <empty>
2019-09-16 22:08:39,757 [Thread-590] INFO  client.GrpcClientProtocolService (GrpcClientProtocolService.java:lambda$processClientRequest$0(278)) - Failed RaftClientRequest:client-1C7151BF41BC->74ecbdb6-699d-4c3c-ab90-3d79e72ea4a8@group-E72450CA2CED, cid=75, seq=0, Watch-ALL_COMMITTED(93), Message:<EMPTY>, reply=RaftClientReply:client-1C7151BF41BC->74ecbdb6-699d-4c3c-ab90-3d79e72ea4a8@group-E72450CA2CED, cid=75, FAILED org.apache.ratis.protocol.NotReplicatedException: Request with call Id 75 and log index 93 is not yet replicated to ALL_COMMITTED, logIndex=93, commits[74ecbdb6-699d-4c3c-ab90-3d79e72ea4a8:c95, 7decb6b1-ba7c-48d8-97ff-6a25276295c4:c95, a45c6565-035d-4d1b-87c5-293bdc0bfbe6:c13]
2019-09-16 22:08:39,762 [grpc-default-executor-3] INFO  client.GrpcClientProtocolClient (GrpcClientProtocolClient.java:onNext(264)) - client-1C7151BF41BC->74ecbdb6-699d-4c3c-ab90-3d79e72ea4a8: receive RaftClientReply:client-1C7151BF41BC->74ecbdb6-699d-4c3c-ab90-3d79e72ea4a8@group-E72450CA2CED, cid=75, FAILED org.apache.ratis.protocol.NotReplicatedException: Request with call Id 75 and log index 93 is not yet replicated to ALL_COMMITTED, logIndex=93, commits[74ecbdb6-699d-4c3c-ab90-3d79e72ea4a8:c95, 7decb6b1-ba7c-48d8-97ff-6a25276295c4:c95, a45c6565-035d-4d1b-87c5-293bdc0bfbe6:c13]
2019-09-16 22:08:39,766 [pool-59-thread-3] WARN  scm.XceiverClientRatis (XceiverClientRatis.java:watchForCommit(262)) - 3 way commit failed on pipeline Pipeline[ Id: b13ef001-8a94-452d-a6a3-e72450ca2ced, Nodes: 74ecbdb6-699d-4c3c-ab90-3d79e72ea4a8{ip: 192.168.34.35, host: pr-hdds-2120-pf7zr-4137305271, networkLocation: /default-rack, certSerialId: null}7decb6b1-ba7c-48d8-97ff-6a25276295c4{ip: 192.168.34.35, host: pr-hdds-2120-pf7zr-4137305271, networkLocation: /default-rack, certSerialId: null}a45c6565-035d-4d1b-87c5-293bdc0bfbe6{ip: 192.168.34.35, host: pr-hdds-2120-pf7zr-4137305271, networkLocation: /default-rack, certSerialId: null}, Type:RATIS, Factor:THREE, State:OPEN]
java.util.concurrent.ExecutionException: org.apache.ratis.protocol.NotReplicatedException: Request with call Id 75 and log index 93 is not yet replicated to ALL_COMMITTED
	at java.util.concurrent.CompletableFuture.reportGet(CompletableFuture.java:357)
	at java.util.concurrent.CompletableFuture.get(CompletableFuture.java:1915)
	at org.apache.hadoop.hdds.scm.XceiverClientRatis.watchForCommit(XceiverClientRatis.java:259)
	at org.apache.hadoop.hdds.scm.storage.CommitWatcher.watchForCommit(CommitWatcher.java:194)
	at org.apache.hadoop.hdds.scm.storage.CommitWatcher.watchOnLastIndex(CommitWatcher.java:157)
	at org.apache.hadoop.hdds.scm.storage.BlockOutputStream.watchForCommit(BlockOutputStream.java:347)
	at org.apache.hadoop.hdds.scm.storage.BlockOutputStream.handleFlush(BlockOutputStream.java:479)
	at org.apache.hadoop.hdds.scm.storage.BlockOutputStream.close(BlockOutputStream.java:493)
	at org.apache.hadoop.ozone.client.io.BlockOutputStreamEntry.close(BlockOutputStreamEntry.java:143)
	at org.apache.hadoop.ozone.client.io.KeyOutputStream.handleFlushOrClose(KeyOutputStream.java:438)
	at org.apache.hadoop.ozone.client.io.KeyOutputStream.handleWrite(KeyOutputStream.java:235)
	at org.apache.hadoop.ozone.client.io.KeyOutputStream.write(KeyOutputStream.java:193)
	at org.apache.hadoop.ozone.client.io.OzoneOutputStream.write(OzoneOutputStream.java:49)
	at org.apache.hadoop.ozone.freon.RandomKeyGenerator.createKey(RandomKeyGenerator.java:708)
	at org.apache.hadoop.ozone.freon.RandomKeyGenerator.access$1100(RandomKeyGenerator.java:88)
	at org.apache.hadoop.ozone.freon.RandomKeyGenerator$ObjectCreator.run(RandomKeyGenerator.java:615)
	at java.util.concurrent.Executors$RunnableAdapter.call(Executors.java:511)
	at java.util.concurrent.FutureTask.run(FutureTask.java:266)
	at java.util.concurrent.ThreadPoolExecutor.runWorker(ThreadPoolExecutor.java:1149)
	at java.util.concurrent.ThreadPoolExecutor$Worker.run(ThreadPoolExecutor.java:624)
	at java.lang.Thread.run(Thread.java:748)
Caused by: org.apache.ratis.protocol.NotReplicatedException: Request with call Id 75 and log index 93 is not yet replicated to ALL_COMMITTED
	at org.apache.ratis.client.impl.ClientProtoUtils.toRaftClientReply(ClientProtoUtils.java:246)
	at org.apache.ratis.grpc.client.GrpcClientProtocolClient$AsyncStreamObservers$1.onNext(GrpcClientProtocolClient.java:263)
	at org.apache.ratis.grpc.client.GrpcClientProtocolClient$AsyncStreamObservers$1.onNext(GrpcClientProtocolClient.java:258)
	at org.apache.ratis.thirdparty.io.grpc.stub.ClientCalls$StreamObserverToCallListenerAdapter.onMessage(ClientCalls.java:421)
	at org.apache.ratis.thirdparty.io.grpc.ForwardingClientCallListener.onMessage(ForwardingClientCallListener.java:33)
	at org.apache.ratis.thirdparty.io.grpc.ForwardingClientCallListener.onMessage(ForwardingClientCallListener.java:33)
	at org.apache.ratis.thirdparty.io.grpc.internal.ClientCallImpl$ClientStreamListenerImpl$1MessagesAvailable.runInContext(ClientCallImpl.java:519)
	at org.apache.ratis.thirdparty.io.grpc.internal.ContextRunnable.run(ContextRunnable.java:37)
	at org.apache.ratis.thirdparty.io.grpc.internal.SerializingExecutor.run(SerializingExecutor.java:123)
	... 3 more
 0.00% |█                                                                                                    |  0/1 Time: 0:00:222019-09-16 22:08:39,773 [grpc-default-executor-3] INFO  client.GrpcClientProtocolClient (GrpcClientProtocolClient.java:onNext(264)) - client-1C7151BF41BC->74ecbdb6-699d-4c3c-ab90-3d79e72ea4a8: receive RaftClientReply:client-1C7151BF41BC->74ecbdb6-699d-4c3c-ab90-3d79e72ea4a8@group-E72450CA2CED, cid=76, SUCCESS, logIndex=0, commits[74ecbdb6-699d-4c3c-ab90-3d79e72ea4a8:c95, 7decb6b1-ba7c-48d8-97ff-6a25276295c4:c95, a45c6565-035d-4d1b-87c5-293bdc0bfbe6:c13]
2019-09-16 22:08:39,774 [pool-59-thread-3] INFO  scm.XceiverClientRatis (XceiverClientRatis.java:lambda$watchForCommit$7(280)) - Could not commit index 93 on pipeline Pipeline[ Id: b13ef001-8a94-452d-a6a3-e72450ca2ced, Nodes: 74ecbdb6-699d-4c3c-ab90-3d79e72ea4a8{ip: 192.168.34.35, host: pr-hdds-2120-pf7zr-4137305271, networkLocation: /default-rack, certSerialId: null}7decb6b1-ba7c-48d8-97ff-6a25276295c4{ip: 192.168.34.35, host: pr-hdds-2120-pf7zr-4137305271, networkLocation: /default-rack, certSerialId: null}a45c6565-035d-4d1b-87c5-293bdc0bfbe6{ip: 192.168.34.35, host: pr-hdds-2120-pf7zr-4137305271, networkLocation: /default-rack, certSerialId: null}, Type:RATIS, Factor:THREE, State:OPEN] to all the nodes. Server a45c6565-035d-4d1b-87c5-293bdc0bfbe6 has failed. Committed by majority.
2019-09-16 22:08:39,774 [pool-59-thread-3] WARN  storage.BlockOutputStream (BlockOutputStream.java:watchForCommit(353)) - Failed to commit BlockId conID: 3 locID: 102804468386889734 bcsId: 93 on Pipeline[ Id: b13ef001-8a94-452d-a6a3-e72450ca2ced, Nodes: 74ecbdb6-699d-4c3c-ab90-3d79e72ea4a8{ip: 192.168.34.35, host: pr-hdds-2120-pf7zr-4137305271, networkLocation: /default-rack, certSerialId: null}7decb6b1-ba7c-48d8-97ff-6a25276295c4{ip: 192.168.34.35, host: pr-hdds-2120-pf7zr-4137305271, networkLocation: /default-rack, certSerialId: null}a45c6565-035d-4d1b-87c5-293bdc0bfbe6{ip: 192.168.34.35, host: pr-hdds-2120-pf7zr-4137305271, networkLocation: /default-rack, certSerialId: null}, Type:RATIS, Factor:THREE, State:OPEN]. Failed nodes: [a45c6565-035d-4d1b-87c5-293bdc0bfbe6{ip: null, host: null, networkLocation: /default-rack, certSerialId: null}]
2019-09-16 22:08:39,836 [grpc-default-executor-1] INFO  client.GrpcClientProtocolClient (GrpcClientProtocolClient.java:onNext(264)) - client-8E91090CF37E->74ecbdb6-699d-4c3c-ab90-3d79e72ea4a8: receive RaftClientReply:client-8E91090CF37E->74ecbdb6-699d-4c3c-ab90-3d79e72ea4a8@group-E72450CA2CED, cid=77, SUCCESS, logIndex=96, commits[74ecbdb6-699d-4c3c-ab90-3d79e72ea4a8:c96, 7decb6b1-ba7c-48d8-97ff-6a25276295c4:c95, a45c6565-035d-4d1b-87c5-293bdc0bfbe6:c13]
2019-09-16 22:08:39,851 [grpc-default-executor-3] INFO  client.GrpcClientProtocolClient (GrpcClientProtocolClient.java:onNext(264)) - client-8E91090CF37E->74ecbdb6-699d-4c3c-ab90-3d79e72ea4a8: receive RaftClientReply:client-8E91090CF37E->74ecbdb6-699d-4c3c-ab90-3d79e72ea4a8@group-E72450CA2CED, cid=78, SUCCESS, logIndex=98, commits[74ecbdb6-699d-4c3c-ab90-3d79e72ea4a8:c98, 7decb6b1-ba7c-48d8-97ff-6a25276295c4:c96, a45c6565-035d-4d1b-87c5-293bdc0bfbe6:c13]
2019-09-16 22:08:39,861 [grpc-default-executor-1] INFO  client.GrpcClientProtocolClient (GrpcClientProtocolClient.java:onNext(264)) - client-8E91090CF37E->74ecbdb6-699d-4c3c-ab90-3d79e72ea4a8: receive RaftClientReply:client-8E91090CF37E->74ecbdb6-699d-4c3c-ab90-3d79e72ea4a8@group-E72450CA2CED, cid=79, SUCCESS, logIndex=100, commits[74ecbdb6-699d-4c3c-ab90-3d79e72ea4a8:c101, 7decb6b1-ba7c-48d8-97ff-6a25276295c4:c98, a45c6565-035d-4d1b-87c5-293bdc0bfbe6:c13]
2019-09-16 22:08:39,863 [grpc-default-executor-1] INFO  client.GrpcClientProtocolClient (GrpcClientProtocolClient.java:onNext(264)) - client-8E91090CF37E->74ecbdb6-699d-4c3c-ab90-3d79e72ea4a8: receive RaftClientReply:client-8E91090CF37E->74ecbdb6-699d-4c3c-ab90-3d79e72ea4a8@group-E72450CA2CED, cid=80, SUCCESS, logIndex=101, commits[74ecbdb6-699d-4c3c-ab90-3d79e72ea4a8:c101, 7decb6b1-ba7c-48d8-97ff-6a25276295c4:c98, a45c6565-035d-4d1b-87c5-293bdc0bfbe6:c13]
 0.00% |█                                                                                                    |  0/1 Time: 0:00:23 0.00% |█                                                                                                    |  0/1 Time: 0:00:242019-09-16 22:08:41,843 [java.util.concurrent.ThreadPoolExecutor$Worker@6e328994[State = -1, empty queue]] WARN  server.GrpcLogAppender (GrpcLogAppender.java:timeoutAppendRequest(200)) - 74ecbdb6-699d-4c3c-ab90-3d79e72ea4a8@group-E72450CA2CED->a45c6565-035d-4d1b-87c5-293bdc0bfbe6-GrpcLogAppender: appendEntries Timeout, request=74ecbdb6-699d-4c3c-ab90-3d79e72ea4a8->a45c6565-035d-4d1b-87c5-293bdc0bfbe6#138-t1, previous=(t:1, i:95), leaderCommit=95, initializing? false, entries: <empty>
 0.00% |█                                                                                                    |  0/1 Time: 0:00:252019-09-16 22:08:42,815 [java.util.concurrent.ThreadPoolExecutor$Worker@6e328994[State = -1, empty queue]] WARN  server.GrpcLogAppender (GrpcLogAppender.java:timeoutAppendRequest(200)) - 74ecbdb6-699d-4c3c-ab90-3d79e72ea4a8@group-E72450CA2CED->a45c6565-035d-4d1b-87c5-293bdc0bfbe6-GrpcLogAppender: appendEntries Timeout, request=74ecbdb6-699d-4c3c-ab90-3d79e72ea4a8->a45c6565-035d-4d1b-87c5-293bdc0bfbe6#139-t1, previous=(t:1, i:95), leaderCommit=95, initializing? false, entries: size=1, first=(t:1, i:96), STATEMACHINELOGENTRY, client-8E91090CF37E, cid=77
2019-09-16 22:08:42,833 [java.util.concurrent.ThreadPoolExecutor$Worker@6e328994[State = -1, empty queue]] WARN  server.GrpcLogAppender (GrpcLogAppender.java:timeoutAppendRequest(200)) - 74ecbdb6-699d-4c3c-ab90-3d79e72ea4a8@group-E72450CA2CED->a45c6565-035d-4d1b-87c5-293bdc0bfbe6-GrpcLogAppender: appendEntries Timeout, request=74ecbdb6-699d-4c3c-ab90-3d79e72ea4a8->a45c6565-035d-4d1b-87c5-293bdc0bfbe6#140-t1, previous=(t:1, i:96), leaderCommit=96, initializing? false, entries: size=1, first=(t:1, i:97), METADATAENTRY(c96)
2019-09-16 22:08:42,843 [java.util.concurrent.ThreadPoolExecutor$Worker@6e328994[State = -1, empty queue]] WARN  server.GrpcLogAppender (GrpcLogAppender.java:timeoutAppendRequest(200)) - 74ecbdb6-699d-4c3c-ab90-3d79e72ea4a8@group-E72450CA2CED->a45c6565-035d-4d1b-87c5-293bdc0bfbe6-GrpcLogAppender: appendEntries Timeout, request=74ecbdb6-699d-4c3c-ab90-3d79e72ea4a8->a45c6565-035d-4d1b-87c5-293bdc0bfbe6#141-t1, previous=(t:1, i:97), leaderCommit=96, initializing? false, entries: size=1, first=(t:1, i:98), STATEMACHINELOGENTRY, client-8E91090CF37E, cid=78
2019-09-16 22:08:42,846 [java.util.concurrent.ThreadPoolExecutor$Worker@6e328994[State = -1, empty queue]] WARN  server.GrpcLogAppender (GrpcLogAppender.java:timeoutAppendRequest(200)) - 74ecbdb6-699d-4c3c-ab90-3d79e72ea4a8@group-E72450CA2CED->a45c6565-035d-4d1b-87c5-293bdc0bfbe6-GrpcLogAppender: appendEntries Timeout, request=74ecbdb6-699d-4c3c-ab90-3d79e72ea4a8->a45c6565-035d-4d1b-87c5-293bdc0bfbe6#142-t1, previous=(t:1, i:98), leaderCommit=98, initializing? false, entries: size=1, first=(t:1, i:99), METADATAENTRY(c98)
2019-09-16 22:08:42,847 [java.util.concurrent.ThreadPoolExecutor$Worker@6e328994[State = -1, empty queue]] WARN  server.GrpcLogAppender (GrpcLogAppender.java:timeoutAppendRequest(200)) - 74ecbdb6-699d-4c3c-ab90-3d79e72ea4a8@group-E72450CA2CED->a45c6565-035d-4d1b-87c5-293bdc0bfbe6-GrpcLogAppender: appendEntries Timeout, request=74ecbdb6-699d-4c3c-ab90-3d79e72ea4a8->a45c6565-035d-4d1b-87c5-293bdc0bfbe6#143-t1, previous=(t:1, i:99), leaderCommit=98, initializing? false, entries: size=1, first=(t:1, i:100), STATEMACHINELOGENTRY, client-8E91090CF37E, cid=79
2019-09-16 22:08:42,847 [java.util.concurrent.ThreadPoolExecutor$Worker@6e328994[State = -1, empty queue]] WARN  server.GrpcLogAppender (GrpcLogAppender.java:timeoutAppendRequest(200)) - 74ecbdb6-699d-4c3c-ab90-3d79e72ea4a8@group-E72450CA2CED->a45c6565-035d-4d1b-87c5-293bdc0bfbe6-GrpcLogAppender: appendEntries Timeout, request=74ecbdb6-699d-4c3c-ab90-3d79e72ea4a8->a45c6565-035d-4d1b-87c5-293bdc0bfbe6#144-t1, previous=(t:1, i:100), leaderCommit=98, initializing? false, entries: size=1, first=(t:1, i:101), STATEMACHINELOGENTRY, client-8E91090CF37E, cid=80
2019-09-16 22:08:42,860 [java.util.concurrent.ThreadPoolExecutor$Worker@6e328994[State = -1, empty queue]] WARN  server.GrpcLogAppender (GrpcLogAppender.java:timeoutAppendRequest(200)) - 74ecbdb6-699d-4c3c-ab90-3d79e72ea4a8@group-E72450CA2CED->a45c6565-035d-4d1b-87c5-293bdc0bfbe6-GrpcLogAppender: appendEntries Timeout, request=74ecbdb6-699d-4c3c-ab90-3d79e72ea4a8->a45c6565-035d-4d1b-87c5-293bdc0bfbe6#145-t1, previous=(t:1, i:101), leaderCommit=101, initializing? false, entries: size=1, first=(t:1, i:102), METADATAENTRY(c100)
2019-09-16 22:08:42,860 [java.util.concurrent.ThreadPoolExecutor$Worker@6e328994[State = -1, empty queue]] WARN  server.GrpcLogAppender (GrpcLogAppender.java:timeoutAppendRequest(200)) - 74ecbdb6-699d-4c3c-ab90-3d79e72ea4a8@group-E72450CA2CED->a45c6565-035d-4d1b-87c5-293bdc0bfbe6-GrpcLogAppender: appendEntries Timeout, request=74ecbdb6-699d-4c3c-ab90-3d79e72ea4a8->a45c6565-035d-4d1b-87c5-293bdc0bfbe6#146-t1, previous=(t:1, i:102), leaderCommit=101, initializing? false, entries: size=1, first=(t:1, i:103), METADATAENTRY(c101)
2019-09-16 22:08:43,758 [Thread-611] INFO  client.GrpcClientProtocolService (GrpcClientProtocolService.java:lambda$processClientRequest$0(278)) - Failed RaftClientRequest:client-1C7151BF41BC->74ecbdb6-699d-4c3c-ab90-3d79e72ea4a8@group-E72450CA2CED, cid=75, seq=0, Watch-ALL_COMMITTED(93), Message:<EMPTY>, reply=RaftClientReply:client-1C7151BF41BC->74ecbdb6-699d-4c3c-ab90-3d79e72ea4a8@group-E72450CA2CED, cid=75, FAILED org.apache.ratis.protocol.NotReplicatedException: Request with call Id 75 and log index 93 is not yet replicated to ALL_COMMITTED, logIndex=93, commits[74ecbdb6-699d-4c3c-ab90-3d79e72ea4a8:c103, 7decb6b1-ba7c-48d8-97ff-6a25276295c4:c103, a45c6565-035d-4d1b-87c5-293bdc0bfbe6:c13]
 0.00% |█                                                                                                    |  0/1 Time: 0:00:262019-09-16 22:08:44,664 [a45c6565-035d-4d1b-87c5-293bdc0bfbe6@group-E72450CA2CED-SegmentedRaftLogWorker] WARN  segmented.SegmentedRaftLogWorker (SegmentedRaftLogWorker.java:getFromFuture(90)) - Timeout 11/~
org.apache.ratis.protocol.TimeoutIOException: Timeout 10s: WriteLog:18: (t:1, i:18), STATEMACHINELOGENTRY, client-4A0AD11AF982, cid=17-writeStateMachineData
	at org.apache.ratis.util.IOUtils.getFromFuture(IOUtils.java:87)
	at org.apache.ratis.server.raftlog.segmented.SegmentedRaftLogWorker$StateMachineDataPolicy.getFromFuture(SegmentedRaftLogWorker.java:87)
	at org.apache.ratis.server.raftlog.segmented.SegmentedRaftLogWorker$WriteLog.execute(SegmentedRaftLogWorker.java:477)
	at org.apache.ratis.server.raftlog.segmented.SegmentedRaftLogWorker.run(SegmentedRaftLogWorker.java:289)
	at java.lang.Thread.run(Thread.java:748)
Caused by: java.util.concurrent.TimeoutException
	at java.util.concurrent.CompletableFuture.timedGet(CompletableFuture.java:1771)
	at java.util.concurrent.CompletableFuture.get(CompletableFuture.java:1915)
	at org.apache.ratis.util.IOUtils.getFromFuture(IOUtils.java:79)
	... 4 more
 0.00% |█                                                                                                    |  0/1 Time: 0:00:272019-09-16 22:08:44,914 [org.apache.ratis.server.impl.LogAppender$AppenderDaemon$$Lambda$483/432682965@1cfba9cb] ERROR ratis.XceiverServerRatis (XceiverServerRatis.java:triggerPipelineClose(568)) - pipeline Action CLOSE  on pipeline PipelineID=b13ef001-8a94-452d-a6a3-e72450ca2ced.Reason : 74ecbdb6-699d-4c3c-ab90-3d79e72ea4a8 has not seen follower/s a45c6565-035d-4d1b-87c5-293bdc0bfbe6 for 120402ms
2019-09-16 22:08:44,950 [EventQueue-PipelineActionsForPipelineActionHandler] ERROR pipeline.PipelineActionHandler (PipelineActionHandler.java:onMessage(60)) - Received pipeline action CLOSE for Pipeline[ Id: b13ef001-8a94-452d-a6a3-e72450ca2ced, Nodes: 74ecbdb6-699d-4c3c-ab90-3d79e72ea4a8{ip: 192.168.34.35, host: pr-hdds-2120-pf7zr-4137305271, networkLocation: /default-rack, certSerialId: null}7decb6b1-ba7c-48d8-97ff-6a25276295c4{ip: 192.168.34.35, host: pr-hdds-2120-pf7zr-4137305271, networkLocation: /default-rack, certSerialId: null}a45c6565-035d-4d1b-87c5-293bdc0bfbe6{ip: 192.168.34.35, host: pr-hdds-2120-pf7zr-4137305271, networkLocation: /default-rack, certSerialId: null}, Type:RATIS, Factor:THREE, State:OPEN] from datanode 74ecbdb6-699d-4c3c-ab90-3d79e72ea4a8{ip: 192.168.34.35, host: pr-hdds-2120-pf7zr-4137305271, networkLocation: /default-rack, certSerialId: null}. Reason : 74ecbdb6-699d-4c3c-ab90-3d79e72ea4a8 has not seen follower/s a45c6565-035d-4d1b-87c5-293bdc0bfbe6 for 120402ms
2019-09-16 22:08:44,950 [EventQueue-PipelineActionsForPipelineActionHandler] INFO  pipeline.SCMPipelineManager (SCMPipelineManager.java:finalizeAndDestroyPipeline(311)) - destroying pipeline:Pipeline[ Id: b13ef001-8a94-452d-a6a3-e72450ca2ced, Nodes: 74ecbdb6-699d-4c3c-ab90-3d79e72ea4a8{ip: 192.168.34.35, host: pr-hdds-2120-pf7zr-4137305271, networkLocation: /default-rack, certSerialId: null}7decb6b1-ba7c-48d8-97ff-6a25276295c4{ip: 192.168.34.35, host: pr-hdds-2120-pf7zr-4137305271, networkLocation: /default-rack, certSerialId: null}a45c6565-035d-4d1b-87c5-293bdc0bfbe6{ip: 192.168.34.35, host: pr-hdds-2120-pf7zr-4137305271, networkLocation: /default-rack, certSerialId: null}, Type:RATIS, Factor:THREE, State:OPEN]
2019-09-16 22:08:44,951 [EventQueue-PipelineActionsForPipelineActionHandler] INFO  pipeline.PipelineStateManager (PipelineStateManager.java:finalizePipeline(123)) - Pipeline Pipeline[ Id: b13ef001-8a94-452d-a6a3-e72450ca2ced, Nodes: 74ecbdb6-699d-4c3c-ab90-3d79e72ea4a8{ip: 192.168.34.35, host: pr-hdds-2120-pf7zr-4137305271, networkLocation: /default-rack, certSerialId: null}7decb6b1-ba7c-48d8-97ff-6a25276295c4{ip: 192.168.34.35, host: pr-hdds-2120-pf7zr-4137305271, networkLocation: /default-rack, certSerialId: null}a45c6565-035d-4d1b-87c5-293bdc0bfbe6{ip: 192.168.34.35, host: pr-hdds-2120-pf7zr-4137305271, networkLocation: /default-rack, certSerialId: null}, Type:RATIS, Factor:THREE, State:CLOSED] moved to CLOSED state
2019-09-16 22:08:44,953 [EventQueue-CloseContainerForCloseContainerEventHandler] INFO  container.CloseContainerEventHandler (CloseContainerEventHandler.java:onMessage(61)) - Close container Event triggered for container : #1
2019-09-16 22:08:44,956 [EventQueue-CloseContainerForCloseContainerEventHandler] INFO  container.CloseContainerEventHandler (CloseContainerEventHandler.java:onMessage(61)) - Close container Event triggered for container : #2
2019-09-16 22:08:44,956 [EventQueue-CloseContainerForCloseContainerEventHandler] INFO  container.CloseContainerEventHandler (CloseContainerEventHandler.java:onMessage(61)) - Close container Event triggered for container : #3
2019-09-16 22:08:45,362 [java.util.concurrent.ThreadPoolExecutor$Worker@6e328994[State = -1, empty queue]] WARN  server.GrpcLogAppender (GrpcLogAppender.java:timeoutAppendRequest(200)) - 74ecbdb6-699d-4c3c-ab90-3d79e72ea4a8@group-E72450CA2CED->a45c6565-035d-4d1b-87c5-293bdc0bfbe6-GrpcLogAppender: appendEntries Timeout, request=74ecbdb6-699d-4c3c-ab90-3d79e72ea4a8->a45c6565-035d-4d1b-87c5-293bdc0bfbe6#147-t1, previous=(t:1, i:103), leaderCommit=103, initializing? false, entries: <empty>
 0.00% |█                                                                                                    |  0/1 Time: 0:00:28 0.00% |█                                                                                                    |  0/1 Time: 0:00:292019-09-16 22:08:46,966 [org.apache.ratis.server.impl.LogAppender$AppenderDaemon$$Lambda$483/432682965@1cfba9cb] ERROR ratis.XceiverServerRatis (XceiverServerRatis.java:triggerPipelineClose(568)) - pipeline Action CLOSE  on pipeline PipelineID=b13ef001-8a94-452d-a6a3-e72450ca2ced.Reason : 74ecbdb6-699d-4c3c-ab90-3d79e72ea4a8 has not seen follower/s a45c6565-035d-4d1b-87c5-293bdc0bfbe6 for 122468ms
2019-09-16 22:08:46,979 [org.apache.ratis.server.impl.LogAppender$AppenderDaemon$$Lambda$483/432682965@1cfba9cb] ERROR ratis.XceiverServerRatis (XceiverServerRatis.java:triggerPipelineClose(568)) - pipeline Action CLOSE  on pipeline PipelineID=b13ef001-8a94-452d-a6a3-e72450ca2ced.Reason : 74ecbdb6-699d-4c3c-ab90-3d79e72ea4a8 has not seen follower/s a45c6565-035d-4d1b-87c5-293bdc0bfbe6 for 122482ms
2019-09-16 22:08:46,991 [RatisApplyTransactionExecutor 1] INFO  interfaces.Container (KeyValueContainer.java:flushAndSyncDB(386)) - Container 1 is synced with bcsId 101.
2019-09-16 22:08:46,991 [RatisApplyTransactionExecutor 1] INFO  interfaces.Container (KeyValueContainer.java:flushAndSyncDB(386)) - Container 1 is synced with bcsId 101.
2019-09-16 22:08:46,992 [org.apache.ratis.server.impl.LogAppender$AppenderDaemon$$Lambda$483/432682965@1cfba9cb] ERROR ratis.XceiverServerRatis (XceiverServerRatis.java:triggerPipelineClose(568)) - pipeline Action CLOSE  on pipeline PipelineID=b13ef001-8a94-452d-a6a3-e72450ca2ced.Reason : 74ecbdb6-699d-4c3c-ab90-3d79e72ea4a8 has not seen follower/s a45c6565-035d-4d1b-87c5-293bdc0bfbe6 for 122495ms
2019-09-16 22:08:46,992 [RatisApplyTransactionExecutor 1] INFO  interfaces.Container (KeyValueContainer.java:flushAndSyncDB(386)) - Container 1 is synced with bcsId 101.
2019-09-16 22:08:46,994 [RatisApplyTransactionExecutor 1] INFO  interfaces.Container (KeyValueContainer.java:flushAndSyncDB(386)) - Container 1 is synced with bcsId 101.
2019-09-16 22:08:47,010 [RatisApplyTransactionExecutor 1] INFO  interfaces.Container (KeyValueContainer.java:close(335)) - Container 1 is closed with bcsId 101.
2019-09-16 22:08:47,010 [RatisApplyTransactionExecutor 1] INFO  interfaces.Container (KeyValueContainer.java:close(335)) - Container 1 is closed with bcsId 101.
2019-09-16 22:08:47,024 [EventQueue-IncrementalContainerReportForIncrementalContainerReportHandler] INFO  container.IncrementalContainerReportHandler (AbstractContainerReportHandler.java:updateContainerState(176)) - Moving container #1 to CLOSED state, datanode 7decb6b1-ba7c-48d8-97ff-6a25276295c4{ip: 192.168.34.35, host: pr-hdds-2120-pf7zr-4137305271, networkLocation: /default-rack, certSerialId: null} reported CLOSED replica.
2019-09-16 22:08:47,024 [EventQueue-PipelineActionsForPipelineActionHandler] ERROR pipeline.PipelineActionHandler (PipelineActionHandler.java:onMessage(60)) - Received pipeline action CLOSE for Pipeline[ Id: b13ef001-8a94-452d-a6a3-e72450ca2ced, Nodes: 74ecbdb6-699d-4c3c-ab90-3d79e72ea4a8{ip: 192.168.34.35, host: pr-hdds-2120-pf7zr-4137305271, networkLocation: /default-rack, certSerialId: null}7decb6b1-ba7c-48d8-97ff-6a25276295c4{ip: 192.168.34.35, host: pr-hdds-2120-pf7zr-4137305271, networkLocation: /default-rack, certSerialId: null}a45c6565-035d-4d1b-87c5-293bdc0bfbe6{ip: 192.168.34.35, host: pr-hdds-2120-pf7zr-4137305271, networkLocation: /default-rack, certSerialId: null}, Type:RATIS, Factor:THREE, State:CLOSED] from datanode 74ecbdb6-699d-4c3c-ab90-3d79e72ea4a8{ip: 192.168.34.35, host: pr-hdds-2120-pf7zr-4137305271, networkLocation: /default-rack, certSerialId: null}. Reason : 74ecbdb6-699d-4c3c-ab90-3d79e72ea4a8 has not seen follower/s a45c6565-035d-4d1b-87c5-293bdc0bfbe6 for 122468ms
2019-09-16 22:08:47,025 [EventQueue-PipelineActionsForPipelineActionHandler] INFO  pipeline.SCMPipelineManager (SCMPipelineManager.java:finalizeAndDestroyPipeline(311)) - destroying pipeline:Pipeline[ Id: b13ef001-8a94-452d-a6a3-e72450ca2ced, Nodes: 74ecbdb6-699d-4c3c-ab90-3d79e72ea4a8{ip: 192.168.34.35, host: pr-hdds-2120-pf7zr-4137305271, networkLocation: /default-rack, certSerialId: null}7decb6b1-ba7c-48d8-97ff-6a25276295c4{ip: 192.168.34.35, host: pr-hdds-2120-pf7zr-4137305271, networkLocation: /default-rack, certSerialId: null}a45c6565-035d-4d1b-87c5-293bdc0bfbe6{ip: 192.168.34.35, host: pr-hdds-2120-pf7zr-4137305271, networkLocation: /default-rack, certSerialId: null}, Type:RATIS, Factor:THREE, State:CLOSED]
2019-09-16 22:08:47,042 [org.apache.ratis.server.impl.LogAppender$AppenderDaemon$$Lambda$483/432682965@1cfba9cb] ERROR ratis.XceiverServerRatis (XceiverServerRatis.java:triggerPipelineClose(568)) - pipeline Action CLOSE  on pipeline PipelineID=b13ef001-8a94-452d-a6a3-e72450ca2ced.Reason : 74ecbdb6-699d-4c3c-ab90-3d79e72ea4a8 has not seen follower/s a45c6565-035d-4d1b-87c5-293bdc0bfbe6 for 122545ms
2019-09-16 22:08:47,055 [org.apache.ratis.server.impl.LogAppender$AppenderDaemon$$Lambda$483/432682965@1cfba9cb] ERROR ratis.XceiverServerRatis (XceiverServerRatis.java:triggerPipelineClose(568)) - pipeline Action CLOSE  on pipeline PipelineID=b13ef001-8a94-452d-a6a3-e72450ca2ced.Reason : 74ecbdb6-699d-4c3c-ab90-3d79e72ea4a8 has not seen follower/s a45c6565-035d-4d1b-87c5-293bdc0bfbe6 for 122557ms
2019-09-16 22:08:47,068 [RatisApplyTransactionExecutor 2] INFO  interfaces.Container (KeyValueContainer.java:flushAndSyncDB(386)) - Container 2 is synced with bcsId 77.
2019-09-16 22:08:47,069 [RatisApplyTransactionExecutor 2] INFO  interfaces.Container (KeyValueContainer.java:flushAndSyncDB(386)) - Container 2 is synced with bcsId 77.
2019-09-16 22:08:47,070 [org.apache.ratis.server.impl.LogAppender$AppenderDaemon$$Lambda$483/432682965@1cfba9cb] ERROR ratis.XceiverServerRatis (XceiverServerRatis.java:triggerPipelineClose(568)) - pipeline Action CLOSE  on pipeline PipelineID=b13ef001-8a94-452d-a6a3-e72450ca2ced.Reason : 74ecbdb6-699d-4c3c-ab90-3d79e72ea4a8 has not seen follower/s a45c6565-035d-4d1b-87c5-293bdc0bfbe6 for 122573ms
2019-09-16 22:08:47,080 [RatisApplyTransactionExecutor 2] INFO  interfaces.Container (KeyValueContainer.java:flushAndSyncDB(386)) - Container 2 is synced with bcsId 77.
2019-09-16 22:08:47,081 [RatisApplyTransactionExecutor 2] INFO  interfaces.Container (KeyValueContainer.java:flushAndSyncDB(386)) - Container 2 is synced with bcsId 77.
2019-09-16 22:08:47,083 [RatisApplyTransactionExecutor 2] INFO  interfaces.Container (KeyValueContainer.java:close(335)) - Container 2 is closed with bcsId 77.
2019-09-16 22:08:47,084 [EventQueue-IncrementalContainerReportForIncrementalContainerReportHandler] INFO  container.IncrementalContainerReportHandler (AbstractContainerReportHandler.java:updateContainerState(176)) - Moving container #2 to CLOSED state, datanode 74ecbdb6-699d-4c3c-ab90-3d79e72ea4a8{ip: 192.168.34.35, host: pr-hdds-2120-pf7zr-4137305271, networkLocation: /default-rack, certSerialId: null} reported CLOSED replica.
2019-09-16 22:08:47,084 [EventQueue-PipelineActionsForPipelineActionHandler] ERROR pipeline.PipelineActionHandler (PipelineActionHandler.java:onMessage(60)) - Received pipeline action CLOSE for Pipeline[ Id: b13ef001-8a94-452d-a6a3-e72450ca2ced, Nodes: 74ecbdb6-699d-4c3c-ab90-3d79e72ea4a8{ip: 192.168.34.35, host: pr-hdds-2120-pf7zr-4137305271, networkLocation: /default-rack, certSerialId: null}7decb6b1-ba7c-48d8-97ff-6a25276295c4{ip: 192.168.34.35, host: pr-hdds-2120-pf7zr-4137305271, networkLocation: /default-rack, certSerialId: null}a45c6565-035d-4d1b-87c5-293bdc0bfbe6{ip: 192.168.34.35, host: pr-hdds-2120-pf7zr-4137305271, networkLocation: /default-rack, certSerialId: null}, Type:RATIS, Factor:THREE, State:CLOSED] from datanode 74ecbdb6-699d-4c3c-ab90-3d79e72ea4a8{ip: 192.168.34.35, host: pr-hdds-2120-pf7zr-4137305271, networkLocation: /default-rack, certSerialId: null}. Reason : 74ecbdb6-699d-4c3c-ab90-3d79e72ea4a8 has not seen follower/s a45c6565-035d-4d1b-87c5-293bdc0bfbe6 for 122545ms
2019-09-16 22:08:47,084 [EventQueue-PipelineActionsForPipelineActionHandler] INFO  pipeline.SCMPipelineManager (SCMPipelineManager.java:finalizeAndDestroyPipeline(311)) - destroying pipeline:Pipeline[ Id: b13ef001-8a94-452d-a6a3-e72450ca2ced, Nodes: 74ecbdb6-699d-4c3c-ab90-3d79e72ea4a8{ip: 192.168.34.35, host: pr-hdds-2120-pf7zr-4137305271, networkLocation: /default-rack, certSerialId: null}7decb6b1-ba7c-48d8-97ff-6a25276295c4{ip: 192.168.34.35, host: pr-hdds-2120-pf7zr-4137305271, networkLocation: /default-rack, certSerialId: null}a45c6565-035d-4d1b-87c5-293bdc0bfbe6{ip: 192.168.34.35, host: pr-hdds-2120-pf7zr-4137305271, networkLocation: /default-rack, certSerialId: null}, Type:RATIS, Factor:THREE, State:CLOSED]
2019-09-16 22:08:47,096 [RatisApplyTransactionExecutor 2] INFO  interfaces.Container (KeyValueContainer.java:close(335)) - Container 2 is closed with bcsId 77.
2019-09-16 22:08:47,097 [org.apache.ratis.server.impl.LogAppender$AppenderDaemon$$Lambda$483/432682965@1cfba9cb] ERROR ratis.XceiverServerRatis (XceiverServerRatis.java:triggerPipelineClose(568)) - pipeline Action CLOSE  on pipeline PipelineID=b13ef001-8a94-452d-a6a3-e72450ca2ced.Reason : 74ecbdb6-699d-4c3c-ab90-3d79e72ea4a8 has not seen follower/s a45c6565-035d-4d1b-87c5-293bdc0bfbe6 for 122600ms
2019-09-16 22:08:47,101 [org.apache.ratis.server.impl.LogAppender$AppenderDaemon$$Lambda$483/432682965@1cfba9cb] ERROR ratis.XceiverServerRatis (XceiverServerRatis.java:triggerPipelineClose(568)) - pipeline Action CLOSE  on pipeline PipelineID=b13ef001-8a94-452d-a6a3-e72450ca2ced.Reason : 74ecbdb6-699d-4c3c-ab90-3d79e72ea4a8 has not seen follower/s a45c6565-035d-4d1b-87c5-293bdc0bfbe6 for 122603ms
2019-09-16 22:08:47,104 [RatisApplyTransactionExecutor 3] INFO  interfaces.Container (KeyValueContainer.java:flushAndSyncDB(386)) - Container 3 is synced with bcsId 93.
2019-09-16 22:08:47,104 [RatisApplyTransactionExecutor 3] INFO  interfaces.Container (KeyValueContainer.java:flushAndSyncDB(386)) - Container 3 is synced with bcsId 93.
2019-09-16 22:08:47,105 [org.apache.ratis.server.impl.LogAppender$AppenderDaemon$$Lambda$483/432682965@1cfba9cb] ERROR ratis.XceiverServerRatis (XceiverServerRatis.java:triggerPipelineClose(568)) - pipeline Action CLOSE  on pipeline PipelineID=b13ef001-8a94-452d-a6a3-e72450ca2ced.Reason : 74ecbdb6-699d-4c3c-ab90-3d79e72ea4a8 has not seen follower/s a45c6565-035d-4d1b-87c5-293bdc0bfbe6 for 122608ms
2019-09-16 22:08:47,106 [RatisApplyTransactionExecutor 3] INFO  interfaces.Container (KeyValueContainer.java:flushAndSyncDB(386)) - Container 3 is synced with bcsId 93.
2019-09-16 22:08:47,106 [RatisApplyTransactionExecutor 3] INFO  interfaces.Container (KeyValueContainer.java:flushAndSyncDB(386)) - Container 3 is synced with bcsId 93.
2019-09-16 22:08:47,110 [RatisApplyTransactionExecutor 3] INFO  interfaces.Container (KeyValueContainer.java:close(335)) - Container 3 is closed with bcsId 93.
2019-09-16 22:08:47,110 [RatisApplyTransactionExecutor 3] INFO  interfaces.Container (KeyValueContainer.java:close(335)) - Container 3 is closed with bcsId 93.
2019-09-16 22:08:47,111 [EventQueue-IncrementalContainerReportForIncrementalContainerReportHandler] INFO  container.IncrementalContainerReportHandler (AbstractContainerReportHandler.java:updateContainerState(176)) - Moving container #3 to CLOSED state, datanode 7decb6b1-ba7c-48d8-97ff-6a25276295c4{ip: 192.168.34.35, host: pr-hdds-2120-pf7zr-4137305271, networkLocation: /default-rack, certSerialId: null} reported CLOSED replica.
2019-09-16 22:08:47,111 [EventQueue-PipelineActionsForPipelineActionHandler] ERROR pipeline.PipelineActionHandler (PipelineActionHandler.java:onMessage(60)) - Received pipeline action CLOSE for Pipeline[ Id: b13ef001-8a94-452d-a6a3-e72450ca2ced, Nodes: 74ecbdb6-699d-4c3c-ab90-3d79e72ea4a8{ip: 192.168.34.35, host: pr-hdds-2120-pf7zr-4137305271, networkLocation: /default-rack, certSerialId: null}7decb6b1-ba7c-48d8-97ff-6a25276295c4{ip: 192.168.34.35, host: pr-hdds-2120-pf7zr-4137305271, networkLocation: /default-rack, certSerialId: null}a45c6565-035d-4d1b-87c5-293bdc0bfbe6{ip: 192.168.34.35, host: pr-hdds-2120-pf7zr-4137305271, networkLocation: /default-rack, certSerialId: null}, Type:RATIS, Factor:THREE, State:CLOSED] from datanode 74ecbdb6-699d-4c3c-ab90-3d79e72ea4a8{ip: 192.168.34.35, host: pr-hdds-2120-pf7zr-4137305271, networkLocation: /default-rack, certSerialId: null}. Reason : 74ecbdb6-699d-4c3c-ab90-3d79e72ea4a8 has not seen follower/s a45c6565-035d-4d1b-87c5-293bdc0bfbe6 for 122600ms
2019-09-16 22:08:47,112 [EventQueue-PipelineActionsForPipelineActionHandler] INFO  pipeline.SCMPipelineManager (SCMPipelineManager.java:finalizeAndDestroyPipeline(311)) - destroying pipeline:Pipeline[ Id: b13ef001-8a94-452d-a6a3-e72450ca2ced, Nodes: 74ecbdb6-699d-4c3c-ab90-3d79e72ea4a8{ip: 192.168.34.35, host: pr-hdds-2120-pf7zr-4137305271, networkLocation: /default-rack, certSerialId: null}7decb6b1-ba7c-48d8-97ff-6a25276295c4{ip: 192.168.34.35, host: pr-hdds-2120-pf7zr-4137305271, networkLocation: /default-rack, certSerialId: null}a45c6565-035d-4d1b-87c5-293bdc0bfbe6{ip: 192.168.34.35, host: pr-hdds-2120-pf7zr-4137305271, networkLocation: /default-rack, certSerialId: null}, Type:RATIS, Factor:THREE, State:CLOSED]
2019-09-16 22:08:47,755 [Thread-624] INFO  client.GrpcClientProtocolService (GrpcClientProtocolService.java:lambda$processClientRequest$0(278)) - Failed RaftClientRequest:client-1C7151BF41BC->74ecbdb6-699d-4c3c-ab90-3d79e72ea4a8@group-E72450CA2CED, cid=75, seq=0, Watch-ALL_COMMITTED(93), Message:<EMPTY>, reply=RaftClientReply:client-1C7151BF41BC->74ecbdb6-699d-4c3c-ab90-3d79e72ea4a8@group-E72450CA2CED, cid=75, FAILED org.apache.ratis.protocol.NotReplicatedException: Request with call Id 75 and log index 93 is not yet replicated to ALL_COMMITTED, logIndex=93, commits[74ecbdb6-699d-4c3c-ab90-3d79e72ea4a8:c109, 7decb6b1-ba7c-48d8-97ff-6a25276295c4:c108, a45c6565-035d-4d1b-87c5-293bdc0bfbe6:c13]
 0.00% |█                                                                                                    |  0/1 Time: 0:00:302019-09-16 22:08:47,863 [java.util.concurrent.ThreadPoolExecutor$Worker@6e328994[State = -1, empty queue]] WARN  server.GrpcLogAppender (GrpcLogAppender.java:timeoutAppendRequest(200)) - 74ecbdb6-699d-4c3c-ab90-3d79e72ea4a8@group-E72450CA2CED->a45c6565-035d-4d1b-87c5-293bdc0bfbe6-GrpcLogAppender: appendEntries Timeout, request=74ecbdb6-699d-4c3c-ab90-3d79e72ea4a8->a45c6565-035d-4d1b-87c5-293bdc0bfbe6#148-t1, previous=(t:1, i:103), leaderCommit=103, initializing? false, entries: <empty>
 0.00% |█                                                                                                    |  0/1 Time: 0:00:312019-09-16 22:08:49,605 [org.apache.ratis.server.impl.LogAppender$AppenderDaemon$$Lambda$483/432682965@1cfba9cb] ERROR ratis.XceiverServerRatis (XceiverServerRatis.java:triggerPipelineClose(568)) - pipeline Action CLOSE  on pipeline PipelineID=b13ef001-8a94-452d-a6a3-e72450ca2ced.Reason : 74ecbdb6-699d-4c3c-ab90-3d79e72ea4a8 has not seen follower/s a45c6565-035d-4d1b-87c5-293bdc0bfbe6 for 125107ms
 0.00% |█                                                                                                    |  0/1 Time: 0:00:322019-09-16 22:08:49,966 [java.util.concurrent.ThreadPoolExecutor$Worker@6e328994[State = -1, empty queue]] WARN  server.GrpcLogAppender (GrpcLogAppender.java:timeoutAppendRequest(200)) - 74ecbdb6-699d-4c3c-ab90-3d79e72ea4a8@group-E72450CA2CED->a45c6565-035d-4d1b-87c5-293bdc0bfbe6-GrpcLogAppender: appendEntries Timeout, request=74ecbdb6-699d-4c3c-ab90-3d79e72ea4a8->a45c6565-035d-4d1b-87c5-293bdc0bfbe6#149-t1, previous=(t:1, i:103), leaderCommit=103, initializing? false, entries: size=1, first=(t:1, i:104), STATEMACHINELOGENTRY, client-97EACEEA3BB5, cid=1
2019-09-16 22:08:49,979 [java.util.concurrent.ThreadPoolExecutor$Worker@6e328994[State = -1, empty queue]] WARN  server.GrpcLogAppender (GrpcLogAppender.java:timeoutAppendRequest(200)) - 74ecbdb6-699d-4c3c-ab90-3d79e72ea4a8@group-E72450CA2CED->a45c6565-035d-4d1b-87c5-293bdc0bfbe6-GrpcLogAppender: appendEntries Timeout, request=74ecbdb6-699d-4c3c-ab90-3d79e72ea4a8->a45c6565-035d-4d1b-87c5-293bdc0bfbe6#150-t1, previous=(t:1, i:104), leaderCommit=104, initializing? false, entries: size=1, first=(t:1, i:105), METADATAENTRY(c104)
2019-09-16 22:08:50,042 [java.util.concurrent.ThreadPoolExecutor$Worker@6e328994[State = -1, empty queue]] WARN  server.GrpcLogAppender (GrpcLogAppender.java:timeoutAppendRequest(200)) - 74ecbdb6-699d-4c3c-ab90-3d79e72ea4a8@group-E72450CA2CED->a45c6565-035d-4d1b-87c5-293bdc0bfbe6-GrpcLogAppender: appendEntries Timeout, request=74ecbdb6-699d-4c3c-ab90-3d79e72ea4a8->a45c6565-035d-4d1b-87c5-293bdc0bfbe6#151-t1, previous=(t:1, i:105), leaderCommit=105, initializing? false, entries: size=1, first=(t:1, i:106), STATEMACHINELOGENTRY, client-97EACEEA3BB5, cid=4
2019-09-16 22:08:50,055 [java.util.concurrent.ThreadPoolExecutor$Worker@6e328994[State = -1, empty queue]] WARN  server.GrpcLogAppender (GrpcLogAppender.java:timeoutAppendRequest(200)) - 74ecbdb6-699d-4c3c-ab90-3d79e72ea4a8@group-E72450CA2CED->a45c6565-035d-4d1b-87c5-293bdc0bfbe6-GrpcLogAppender: appendEntries Timeout, request=74ecbdb6-699d-4c3c-ab90-3d79e72ea4a8->a45c6565-035d-4d1b-87c5-293bdc0bfbe6#152-t1, previous=(t:1, i:106), leaderCommit=106, initializing? false, entries: size=1, first=(t:1, i:107), METADATAENTRY(c106)
2019-09-16 22:08:50,097 [java.util.concurrent.ThreadPoolExecutor$Worker@6e328994[State = -1, empty queue]] WARN  server.GrpcLogAppender (GrpcLogAppender.java:timeoutAppendRequest(200)) - 74ecbdb6-699d-4c3c-ab90-3d79e72ea4a8@group-E72450CA2CED->a45c6565-035d-4d1b-87c5-293bdc0bfbe6-GrpcLogAppender: appendEntries Timeout, request=74ecbdb6-699d-4c3c-ab90-3d79e72ea4a8->a45c6565-035d-4d1b-87c5-293bdc0bfbe6#153-t1, previous=(t:1, i:107), leaderCommit=107, initializing? false, entries: size=1, first=(t:1, i:108), STATEMACHINELOGENTRY, client-97EACEEA3BB5, cid=5
2019-09-16 22:08:50,101 [java.util.concurrent.ThreadPoolExecutor$Worker@6e328994[State = -1, empty queue]] WARN  server.GrpcLogAppender (GrpcLogAppender.java:timeoutAppendRequest(200)) - 74ecbdb6-699d-4c3c-ab90-3d79e72ea4a8@group-E72450CA2CED->a45c6565-035d-4d1b-87c5-293bdc0bfbe6-GrpcLogAppender: appendEntries Timeout, request=74ecbdb6-699d-4c3c-ab90-3d79e72ea4a8->a45c6565-035d-4d1b-87c5-293bdc0bfbe6#154-t1, previous=(t:1, i:108), leaderCommit=108, initializing? false, entries: size=1, first=(t:1, i:109), METADATAENTRY(c108)
2019-09-16 22:08:50,112 [EventQueue-PipelineActionsForPipelineActionHandler] ERROR pipeline.PipelineActionHandler (PipelineActionHandler.java:onMessage(60)) - Received pipeline action CLOSE for Pipeline[ Id: b13ef001-8a94-452d-a6a3-e72450ca2ced, Nodes: 74ecbdb6-699d-4c3c-ab90-3d79e72ea4a8{ip: 192.168.34.35, host: pr-hdds-2120-pf7zr-4137305271, networkLocation: /default-rack, certSerialId: null}7decb6b1-ba7c-48d8-97ff-6a25276295c4{ip: 192.168.34.35, host: pr-hdds-2120-pf7zr-4137305271, networkLocation: /default-rack, certSerialId: null}a45c6565-035d-4d1b-87c5-293bdc0bfbe6{ip: 192.168.34.35, host: pr-hdds-2120-pf7zr-4137305271, networkLocation: /default-rack, certSerialId: null}, Type:RATIS, Factor:THREE, State:CLOSED] from datanode 74ecbdb6-699d-4c3c-ab90-3d79e72ea4a8{ip: 192.168.34.35, host: pr-hdds-2120-pf7zr-4137305271, networkLocation: /default-rack, certSerialId: null}. Reason : 74ecbdb6-699d-4c3c-ab90-3d79e72ea4a8 has not seen follower/s a45c6565-035d-4d1b-87c5-293bdc0bfbe6 for 125107ms
2019-09-16 22:08:50,113 [EventQueue-PipelineActionsForPipelineActionHandler] INFO  pipeline.SCMPipelineManager (SCMPipelineManager.java:finalizeAndDestroyPipeline(311)) - destroying pipeline:Pipeline[ Id: b13ef001-8a94-452d-a6a3-e72450ca2ced, Nodes: 74ecbdb6-699d-4c3c-ab90-3d79e72ea4a8{ip: 192.168.34.35, host: pr-hdds-2120-pf7zr-4137305271, networkLocation: /default-rack, certSerialId: null}7decb6b1-ba7c-48d8-97ff-6a25276295c4{ip: 192.168.34.35, host: pr-hdds-2120-pf7zr-4137305271, networkLocation: /default-rack, certSerialId: null}a45c6565-035d-4d1b-87c5-293bdc0bfbe6{ip: 192.168.34.35, host: pr-hdds-2120-pf7zr-4137305271, networkLocation: /default-rack, certSerialId: null}, Type:RATIS, Factor:THREE, State:CLOSED]
2019-09-16 22:08:50,756 [Thread-627] INFO  client.GrpcClientProtocolService (GrpcClientProtocolService.java:lambda$processClientRequest$0(278)) - Failed RaftClientRequest:client-8E91090CF37E->74ecbdb6-699d-4c3c-ab90-3d79e72ea4a8@group-E72450CA2CED, cid=81, seq=0, Watch-ALL_COMMITTED(98), Message:<EMPTY>, reply=RaftClientReply:client-8E91090CF37E->74ecbdb6-699d-4c3c-ab90-3d79e72ea4a8@group-E72450CA2CED, cid=81, FAILED org.apache.ratis.protocol.NotReplicatedException: Request with call Id 81 and log index 98 is not yet replicated to ALL_COMMITTED, logIndex=98, commits[74ecbdb6-699d-4c3c-ab90-3d79e72ea4a8:c109, 7decb6b1-ba7c-48d8-97ff-6a25276295c4:c109, a45c6565-035d-4d1b-87c5-293bdc0bfbe6:c13]
2019-09-16 22:08:50,761 [grpc-default-executor-4] INFO  client.GrpcClientProtocolClient (GrpcClientProtocolClient.java:onNext(264)) - client-8E91090CF37E->74ecbdb6-699d-4c3c-ab90-3d79e72ea4a8: receive RaftClientReply:client-8E91090CF37E->74ecbdb6-699d-4c3c-ab90-3d79e72ea4a8@group-E72450CA2CED, cid=81, FAILED org.apache.ratis.protocol.NotReplicatedException: Request with call Id 81 and log index 98 is not yet replicated to ALL_COMMITTED, logIndex=98, commits[74ecbdb6-699d-4c3c-ab90-3d79e72ea4a8:c109, 7decb6b1-ba7c-48d8-97ff-6a25276295c4:c109, a45c6565-035d-4d1b-87c5-293bdc0bfbe6:c13]
2019-09-16 22:08:50,763 [pool-59-thread-3] WARN  scm.XceiverClientRatis (XceiverClientRatis.java:watchForCommit(262)) - 3 way commit failed on pipeline Pipeline[ Id: b13ef001-8a94-452d-a6a3-e72450ca2ced, Nodes: 74ecbdb6-699d-4c3c-ab90-3d79e72ea4a8{ip: 192.168.34.35, host: pr-hdds-2120-pf7zr-4137305271, networkLocation: /default-rack, certSerialId: null}7decb6b1-ba7c-48d8-97ff-6a25276295c4{ip: 192.168.34.35, host: pr-hdds-2120-pf7zr-4137305271, networkLocation: /default-rack, certSerialId: null}a45c6565-035d-4d1b-87c5-293bdc0bfbe6{ip: 192.168.34.35, host: pr-hdds-2120-pf7zr-4137305271, networkLocation: /default-rack, certSerialId: null}, Type:RATIS, Factor:THREE, State:OPEN]
java.util.concurrent.ExecutionException: org.apache.ratis.protocol.NotReplicatedException: Request with call Id 81 and log index 98 is not yet replicated to ALL_COMMITTED
	at java.util.concurrent.CompletableFuture.reportGet(CompletableFuture.java:357)
	at java.util.concurrent.CompletableFuture.get(CompletableFuture.java:1915)
	at org.apache.hadoop.hdds.scm.XceiverClientRatis.watchForCommit(XceiverClientRatis.java:259)
	at org.apache.hadoop.hdds.scm.storage.CommitWatcher.watchForCommit(CommitWatcher.java:194)
	at org.apache.hadoop.hdds.scm.storage.CommitWatcher.watchOnFirstIndex(CommitWatcher.java:135)
	at org.apache.hadoop.hdds.scm.storage.BlockOutputStream.watchForCommit(BlockOutputStream.java:347)
	at org.apache.hadoop.hdds.scm.storage.BlockOutputStream.handleFullBuffer(BlockOutputStream.java:324)
	at org.apache.hadoop.hdds.scm.storage.BlockOutputStream.write(BlockOutputStream.java:251)
	at org.apache.hadoop.ozone.client.io.BlockOutputStreamEntry.write(BlockOutputStreamEntry.java:129)
	at org.apache.hadoop.ozone.client.io.KeyOutputStream.handleWrite(KeyOutputStream.java:211)
	at org.apache.hadoop.ozone.client.io.KeyOutputStream.write(KeyOutputStream.java:193)
	at org.apache.hadoop.ozone.client.io.OzoneOutputStream.write(OzoneOutputStream.java:49)
	at org.apache.hadoop.ozone.freon.RandomKeyGenerator.createKey(RandomKeyGenerator.java:708)
	at org.apache.hadoop.ozone.freon.RandomKeyGenerator.access$1100(RandomKeyGenerator.java:88)
	at org.apache.hadoop.ozone.freon.RandomKeyGenerator$ObjectCreator.run(RandomKeyGenerator.java:615)
	at java.util.concurrent.Executors$RunnableAdapter.call(Executors.java:511)
	at java.util.concurrent.FutureTask.run(FutureTask.java:266)
	at java.util.concurrent.ThreadPoolExecutor.runWorker(ThreadPoolExecutor.java:1149)
	at java.util.concurrent.ThreadPoolExecutor$Worker.run(ThreadPoolExecutor.java:624)
	at java.lang.Thread.run(Thread.java:748)
Caused by: org.apache.ratis.protocol.NotReplicatedException: Request with call Id 81 and log index 98 is not yet replicated to ALL_COMMITTED
	at org.apache.ratis.client.impl.ClientProtoUtils.toRaftClientReply(ClientProtoUtils.java:246)
	at org.apache.ratis.grpc.client.GrpcClientProtocolClient$AsyncStreamObservers$1.onNext(GrpcClientProtocolClient.java:263)
	at org.apache.ratis.grpc.client.GrpcClientProtocolClient$AsyncStreamObservers$1.onNext(GrpcClientProtocolClient.java:258)
	at org.apache.ratis.thirdparty.io.grpc.stub.ClientCalls$StreamObserverToCallListenerAdapter.onMessage(ClientCalls.java:421)
	at org.apache.ratis.thirdparty.io.grpc.ForwardingClientCallListener.onMessage(ForwardingClientCallListener.java:33)
	at org.apache.ratis.thirdparty.io.grpc.ForwardingClientCallListener.onMessage(ForwardingClientCallListener.java:33)
	at org.apache.ratis.thirdparty.io.grpc.internal.ClientCallImpl$ClientStreamListenerImpl$1MessagesAvailable.runInContext(ClientCallImpl.java:519)
	at org.apache.ratis.thirdparty.io.grpc.internal.ContextRunnable.run(ContextRunnable.java:37)
	at org.apache.ratis.thirdparty.io.grpc.internal.SerializingExecutor.run(SerializingExecutor.java:123)
	... 3 more
2019-09-16 22:08:50,768 [grpc-default-executor-4] INFO  client.GrpcClientProtocolClient (GrpcClientProtocolClient.java:onNext(264)) - client-8E91090CF37E->74ecbdb6-699d-4c3c-ab90-3d79e72ea4a8: receive RaftClientReply:client-8E91090CF37E->74ecbdb6-699d-4c3c-ab90-3d79e72ea4a8@group-E72450CA2CED, cid=82, SUCCESS, logIndex=0, commits[74ecbdb6-699d-4c3c-ab90-3d79e72ea4a8:c109, 7decb6b1-ba7c-48d8-97ff-6a25276295c4:c109, a45c6565-035d-4d1b-87c5-293bdc0bfbe6:c13]
2019-09-16 22:08:50,769 [pool-59-thread-3] INFO  scm.XceiverClientRatis (XceiverClientRatis.java:lambda$watchForCommit$7(280)) - Could not commit index 98 on pipeline Pipeline[ Id: b13ef001-8a94-452d-a6a3-e72450ca2ced, Nodes: 74ecbdb6-699d-4c3c-ab90-3d79e72ea4a8{ip: 192.168.34.35, host: pr-hdds-2120-pf7zr-4137305271, networkLocation: /default-rack, certSerialId: null}7decb6b1-ba7c-48d8-97ff-6a25276295c4{ip: 192.168.34.35, host: pr-hdds-2120-pf7zr-4137305271, networkLocation: /default-rack, certSerialId: null}a45c6565-035d-4d1b-87c5-293bdc0bfbe6{ip: 192.168.34.35, host: pr-hdds-2120-pf7zr-4137305271, networkLocation: /default-rack, certSerialId: null}, Type:RATIS, Factor:THREE, State:OPEN] to all the nodes. Server a45c6565-035d-4d1b-87c5-293bdc0bfbe6 has failed. Committed by majority.
2019-09-16 22:08:50,770 [pool-59-thread-3] WARN  storage.BlockOutputStream (BlockOutputStream.java:watchForCommit(353)) - Failed to commit BlockId conID: 1 locID: 102804468386955271 bcsId: 101 on Pipeline[ Id: b13ef001-8a94-452d-a6a3-e72450ca2ced, Nodes: 74ecbdb6-699d-4c3c-ab90-3d79e72ea4a8{ip: 192.168.34.35, host: pr-hdds-2120-pf7zr-4137305271, networkLocation: /default-rack, certSerialId: null}7decb6b1-ba7c-48d8-97ff-6a25276295c4{ip: 192.168.34.35, host: pr-hdds-2120-pf7zr-4137305271, networkLocation: /default-rack, certSerialId: null}a45c6565-035d-4d1b-87c5-293bdc0bfbe6{ip: 192.168.34.35, host: pr-hdds-2120-pf7zr-4137305271, networkLocation: /default-rack, certSerialId: null}, Type:RATIS, Factor:THREE, State:OPEN]. Failed nodes: [a45c6565-035d-4d1b-87c5-293bdc0bfbe6{ip: null, host: null, networkLocation: /default-rack, certSerialId: null}]
 0.00% |█                                                                                                    |  0/1 Time: 0:00:3322:08:50.788 [grpc-default-executor-4] ERROR DNAudit - user=null | ip=null | op=WRITE_CHUNK {blockData=conID: 1 locID: 102804468386955271 bcsId: 101} | ret=FAILURE
org.apache.hadoop.hdds.scm.container.common.helpers.ContainerNotOpenException: Container 1 in CLOSED state
	at org.apache.hadoop.ozone.container.common.impl.HddsDispatcher.validateContainerCommand(HddsDispatcher.java:431) ~[hadoop-hdds-container-service-0.5.0-SNAPSHOT.jar:?]
	at org.apache.hadoop.ozone.container.common.transport.server.ratis.ContainerStateMachine.startTransaction(ContainerStateMachine.java:315) ~[hadoop-hdds-container-service-0.5.0-SNAPSHOT.jar:?]
	at org.apache.ratis.server.impl.RaftServerImpl.submitClientRequestAsync(RaftServerImpl.java:573) ~[ratis-server-0.4.0-78e95b9-SNAPSHOT.jar:0.4.0-78e95b9-SNAPSHOT]
	at org.apache.ratis.server.impl.RaftServerProxy.lambda$submitClientRequestAsync$7(RaftServerProxy.java:333) ~[ratis-server-0.4.0-78e95b9-SNAPSHOT.jar:0.4.0-78e95b9-SNAPSHOT]
	at org.apache.ratis.server.impl.RaftServerProxy.lambda$null$5(RaftServerProxy.java:328) ~[ratis-server-0.4.0-78e95b9-SNAPSHOT.jar:0.4.0-78e95b9-SNAPSHOT]
	at org.apache.ratis.util.JavaUtils.callAsUnchecked(JavaUtils.java:109) ~[ratis-common-0.4.0-78e95b9-SNAPSHOT.jar:0.4.0-78e95b9-SNAPSHOT]
	at org.apache.ratis.server.impl.RaftServerProxy.lambda$submitRequest$6(RaftServerProxy.java:328) ~[ratis-server-0.4.0-78e95b9-SNAPSHOT.jar:0.4.0-78e95b9-SNAPSHOT]
	at java.util.concurrent.CompletableFuture.uniComposeStage(CompletableFuture.java:981) ~[?:1.8.0_212]
	at java.util.concurrent.CompletableFuture.thenCompose(CompletableFuture.java:2124) ~[?:1.8.0_212]
	at org.apache.ratis.server.impl.RaftServerProxy.submitRequest(RaftServerProxy.java:327) ~[ratis-server-0.4.0-78e95b9-SNAPSHOT.jar:0.4.0-78e95b9-SNAPSHOT]
	at org.apache.ratis.server.impl.RaftServerProxy.submitClientRequestAsync(RaftServerProxy.java:333) ~[ratis-server-0.4.0-78e95b9-SNAPSHOT.jar:0.4.0-78e95b9-SNAPSHOT]
	at org.apache.ratis.grpc.client.GrpcClientProtocolService$RequestStreamObserver.processClientRequest(GrpcClientProtocolService.java:220) ~[ratis-grpc-0.4.0-78e95b9-SNAPSHOT.jar:0.4.0-78e95b9-SNAPSHOT]
	at org.apache.ratis.grpc.client.GrpcClientProtocolService$OrderedRequestStreamObserver.processClientRequest(GrpcClientProtocolService.java:326) ~[ratis-grpc-0.4.0-78e95b9-SNAPSHOT.jar:0.4.0-78e95b9-SNAPSHOT]
	at org.apache.ratis.util.SlidingWindow$Server.processRequestsFromHead(SlidingWindow.java:429) [ratis-common-0.4.0-78e95b9-SNAPSHOT.jar:0.4.0-78e95b9-SNAPSHOT]
	at org.apache.ratis.util.SlidingWindow$Server.receivedRequest(SlidingWindow.java:421) [ratis-common-0.4.0-78e95b9-SNAPSHOT.jar:0.4.0-78e95b9-SNAPSHOT]
	at org.apache.ratis.grpc.client.GrpcClientProtocolService$OrderedRequestStreamObserver.processClientRequest(GrpcClientProtocolService.java:345) [ratis-grpc-0.4.0-78e95b9-SNAPSHOT.jar:0.4.0-78e95b9-SNAPSHOT]
	at org.apache.ratis.grpc.client.GrpcClientProtocolService$RequestStreamObserver.onNext(GrpcClientProtocolService.java:240) [ratis-grpc-0.4.0-78e95b9-SNAPSHOT.jar:0.4.0-78e95b9-SNAPSHOT]
	at org.apache.ratis.grpc.client.GrpcClientProtocolService$RequestStreamObserver.onNext(GrpcClientProtocolService.java:168) [ratis-grpc-0.4.0-78e95b9-SNAPSHOT.jar:0.4.0-78e95b9-SNAPSHOT]
	at org.apache.ratis.thirdparty.io.grpc.stub.ServerCalls$StreamingServerCallHandler$StreamingServerCallListener.onMessage(ServerCalls.java:248) [ratis-thirdparty-misc-0.2.0.jar:0.2.0]
	at org.apache.ratis.thirdparty.io.grpc.internal.ServerCallImpl$ServerStreamListenerImpl.messagesAvailable(ServerCallImpl.java:263) [ratis-thirdparty-misc-0.2.0.jar:0.2.0]
	at org.apache.ratis.thirdparty.io.grpc.internal.ServerImpl$JumpToApplicationThreadServerStreamListener$1MessagesAvailable.runInContext(ServerImpl.java:686) [ratis-thirdparty-misc-0.2.0.jar:0.2.0]
	at org.apache.ratis.thirdparty.io.grpc.internal.ContextRunnable.run(ContextRunnable.java:37) [ratis-thirdparty-misc-0.2.0.jar:0.2.0]
	at org.apache.ratis.thirdparty.io.grpc.internal.SerializingExecutor.run(SerializingExecutor.java:123) [ratis-thirdparty-misc-0.2.0.jar:0.2.0]
	at java.util.concurrent.ThreadPoolExecutor.runWorker(ThreadPoolExecutor.java:1149) [?:1.8.0_212]
	at java.util.concurrent.ThreadPoolExecutor$Worker.run(ThreadPoolExecutor.java:624) [?:1.8.0_212]
	at java.lang.Thread.run(Thread.java:748) [?:1.8.0_212]
22:08:50.818 [grpc-default-executor-4] ERROR DNAudit - user=null | ip=null | op=PUT_BLOCK {blockData=[blockId=conID: 1 locID: 102804468386955271 bcsId: 0,size=3145728]} | ret=FAILURE
org.apache.hadoop.hdds.scm.container.common.helpers.ContainerNotOpenException: Container 1 in CLOSED state
	at org.apache.hadoop.ozone.container.common.impl.HddsDispatcher.validateContainerCommand(HddsDispatcher.java:431) ~[hadoop-hdds-container-service-0.5.0-SNAPSHOT.jar:?]
	at org.apache.hadoop.ozone.container.common.transport.server.ratis.ContainerStateMachine.startTransaction(ContainerStateMachine.java:315) ~[hadoop-hdds-container-service-0.5.0-SNAPSHOT.jar:?]
	at org.apache.ratis.server.impl.RaftServerImpl.submitClientRequestAsync(RaftServerImpl.java:573) ~[ratis-server-0.4.0-78e95b9-SNAPSHOT.jar:0.4.0-78e95b9-SNAPSHOT]
	at org.apache.ratis.server.impl.RaftServerProxy.lambda$submitClientRequestAsync$7(RaftServerProxy.java:333) ~[ratis-server-0.4.0-78e95b9-SNAPSHOT.jar:0.4.0-78e95b9-SNAPSHOT]
	at org.apache.ratis.server.impl.RaftServerProxy.lambda$null$5(RaftServerProxy.java:328) ~[ratis-server-0.4.0-78e95b9-SNAPSHOT.jar:0.4.0-78e95b9-SNAPSHOT]
	at org.apache.ratis.util.JavaUtils.callAsUnchecked(JavaUtils.java:109) ~[ratis-common-0.4.0-78e95b9-SNAPSHOT.jar:0.4.0-78e95b9-SNAPSHOT]
	at org.apache.ratis.server.impl.RaftServerProxy.lambda$submitRequest$6(RaftServerProxy.java:328) ~[ratis-server-0.4.0-78e95b9-SNAPSHOT.jar:0.4.0-78e95b9-SNAPSHOT]
	at java.util.concurrent.CompletableFuture.uniComposeStage(CompletableFuture.java:981) ~[?:1.8.0_212]
	at java.util.concurrent.CompletableFuture.thenCompose(CompletableFuture.java:2124) ~[?:1.8.0_212]
	at org.apache.ratis.server.impl.RaftServerProxy.submitRequest(RaftServerProxy.java:327) ~[ratis-server-0.4.0-78e95b9-SNAPSHOT.jar:0.4.0-78e95b9-SNAPSHOT]
	at org.apache.ratis.server.impl.RaftServerProxy.submitClientRequestAsync(RaftServerProxy.java:333) ~[ratis-server-0.4.0-78e95b9-SNAPSHOT.jar:0.4.0-78e95b9-SNAPSHOT]
	at org.apache.ratis.grpc.client.GrpcClientProtocolService$RequestStreamObserver.processClientRequest(GrpcClientProtocolService.java:220) ~[ratis-grpc-0.4.0-78e95b9-SNAPSHOT.jar:0.4.0-78e95b9-SNAPSHOT]
	at org.apache.ratis.grpc.client.GrpcClientProtocolService$OrderedRequestStreamObserver.processClientRequest(GrpcClientProtocolService.java:326) ~[ratis-grpc-0.4.0-78e95b9-SNAPSHOT.jar:0.4.0-78e95b9-SNAPSHOT]
	at org.apache.ratis.util.SlidingWindow$Server.processRequestsFromHead(SlidingWindow.java:429) [ratis-common-0.4.0-78e95b9-SNAPSHOT.jar:0.4.0-78e95b9-SNAPSHOT]
	at org.apache.ratis.util.SlidingWindow$Server.receivedRequest(SlidingWindow.java:421) [ratis-common-0.4.0-78e95b9-SNAPSHOT.jar:0.4.0-78e95b9-SNAPSHOT]
	at org.apache.ratis.grpc.client.GrpcClientProtocolService$OrderedRequestStreamObserver.processClientRequest(GrpcClientProtocolService.java:345) [ratis-grpc-0.4.0-78e95b9-SNAPSHOT.jar:0.4.0-78e95b9-SNAPSHOT]
	at org.apache.ratis.grpc.client.GrpcClientProtocolService$RequestStreamObserver.onNext(GrpcClientProtocolService.java:240) [ratis-grpc-0.4.0-78e95b9-SNAPSHOT.jar:0.4.0-78e95b9-SNAPSHOT]
	at org.apache.ratis.grpc.client.GrpcClientProtocolService$RequestStreamObserver.onNext(GrpcClientProtocolService.java:168) [ratis-grpc-0.4.0-78e95b9-SNAPSHOT.jar:0.4.0-78e95b9-SNAPSHOT]
	at org.apache.ratis.thirdparty.io.grpc.stub.ServerCalls$StreamingServerCallHandler$StreamingServerCallListener.onMessage(ServerCalls.java:248) [ratis-thirdparty-misc-0.2.0.jar:0.2.0]
	at org.apache.ratis.thirdparty.io.grpc.internal.ServerCallImpl$ServerStreamListenerImpl.messagesAvailable(ServerCallImpl.java:263) [ratis-thirdparty-misc-0.2.0.jar:0.2.0]
	at org.apache.ratis.thirdparty.io.grpc.internal.ServerImpl$JumpToApplicationThreadServerStreamListener$1MessagesAvailable.runInContext(ServerImpl.java:686) [ratis-thirdparty-misc-0.2.0.jar:0.2.0]
	at org.apache.ratis.thirdparty.io.grpc.internal.ContextRunnable.run(ContextRunnable.java:37) [ratis-thirdparty-misc-0.2.0.jar:0.2.0]
	at org.apache.ratis.thirdparty.io.grpc.internal.SerializingExecutor.run(SerializingExecutor.java:123) [ratis-thirdparty-misc-0.2.0.jar:0.2.0]
	at java.util.concurrent.ThreadPoolExecutor.runWorker(ThreadPoolExecutor.java:1149) [?:1.8.0_212]
	at java.util.concurrent.ThreadPoolExecutor$Worker.run(ThreadPoolExecutor.java:624) [?:1.8.0_212]
	at java.lang.Thread.run(Thread.java:748) [?:1.8.0_212]
2019-09-16 22:08:50,830 [grpc-default-executor-1] INFO  client.GrpcClientProtocolClient (GrpcClientProtocolClient.java:onNext(264)) - client-8E91090CF37E->74ecbdb6-699d-4c3c-ab90-3d79e72ea4a8: receive RaftClientReply:client-8E91090CF37E->74ecbdb6-699d-4c3c-ab90-3d79e72ea4a8@group-E72450CA2CED, cid=83, FAILED org.apache.ratis.protocol.StateMachineException: org.apache.hadoop.hdds.scm.container.common.helpers.ContainerNotOpenException from Server 74ecbdb6-699d-4c3c-ab90-3d79e72ea4a8@group-E72450CA2CED: Container 1 in CLOSED state, logIndex=0, commits[74ecbdb6-699d-4c3c-ab90-3d79e72ea4a8:c109, 7decb6b1-ba7c-48d8-97ff-6a25276295c4:c109, a45c6565-035d-4d1b-87c5-293bdc0bfbe6:c13]
2019-09-16 22:08:50,832 [grpc-default-executor-1] INFO  client.GrpcClientProtocolClient (GrpcClientProtocolClient.java:onNext(264)) - client-8E91090CF37E->74ecbdb6-699d-4c3c-ab90-3d79e72ea4a8: receive RaftClientReply:client-8E91090CF37E->74ecbdb6-699d-4c3c-ab90-3d79e72ea4a8@group-E72450CA2CED, cid=84, FAILED org.apache.ratis.protocol.StateMachineException: org.apache.hadoop.hdds.scm.container.common.helpers.ContainerNotOpenException from Server 74ecbdb6-699d-4c3c-ab90-3d79e72ea4a8@group-E72450CA2CED: Container 1 in CLOSED state, logIndex=0, commits[74ecbdb6-699d-4c3c-ab90-3d79e72ea4a8:c109, 7decb6b1-ba7c-48d8-97ff-6a25276295c4:c109, a45c6565-035d-4d1b-87c5-293bdc0bfbe6:c13]
22:08:50.874 [grpc-default-executor-4] ERROR DNAudit - user=null | ip=null | op=WRITE_CHUNK {blockData=conID: 2 locID: 102804468386955272 bcsId: 0} | ret=FAILURE
org.apache.hadoop.hdds.scm.container.common.helpers.ContainerNotOpenException: Container 2 in CLOSED state
	at org.apache.hadoop.ozone.container.common.impl.HddsDispatcher.validateContainerCommand(HddsDispatcher.java:431) ~[hadoop-hdds-container-service-0.5.0-SNAPSHOT.jar:?]
	at org.apache.hadoop.ozone.container.common.transport.server.ratis.ContainerStateMachine.startTransaction(ContainerStateMachine.java:315) ~[hadoop-hdds-container-service-0.5.0-SNAPSHOT.jar:?]
	at org.apache.ratis.server.impl.RaftServerImpl.submitClientRequestAsync(RaftServerImpl.java:573) ~[ratis-server-0.4.0-78e95b9-SNAPSHOT.jar:0.4.0-78e95b9-SNAPSHOT]
	at org.apache.ratis.server.impl.RaftServerProxy.lambda$submitClientRequestAsync$7(RaftServerProxy.java:333) ~[ratis-server-0.4.0-78e95b9-SNAPSHOT.jar:0.4.0-78e95b9-SNAPSHOT]
	at org.apache.ratis.server.impl.RaftServerProxy.lambda$null$5(RaftServerProxy.java:328) ~[ratis-server-0.4.0-78e95b9-SNAPSHOT.jar:0.4.0-78e95b9-SNAPSHOT]
	at org.apache.ratis.util.JavaUtils.callAsUnchecked(JavaUtils.java:109) ~[ratis-common-0.4.0-78e95b9-SNAPSHOT.jar:0.4.0-78e95b9-SNAPSHOT]
	at org.apache.ratis.server.impl.RaftServerProxy.lambda$submitRequest$6(RaftServerProxy.java:328) ~[ratis-server-0.4.0-78e95b9-SNAPSHOT.jar:0.4.0-78e95b9-SNAPSHOT]
	at java.util.concurrent.CompletableFuture.uniComposeStage(CompletableFuture.java:981) ~[?:1.8.0_212]
	at java.util.concurrent.CompletableFuture.thenCompose(CompletableFuture.java:2124) ~[?:1.8.0_212]
	at org.apache.ratis.server.impl.RaftServerProxy.submitRequest(RaftServerProxy.java:327) ~[ratis-server-0.4.0-78e95b9-SNAPSHOT.jar:0.4.0-78e95b9-SNAPSHOT]
	at org.apache.ratis.server.impl.RaftServerProxy.submitClientRequestAsync(RaftServerProxy.java:333) ~[ratis-server-0.4.0-78e95b9-SNAPSHOT.jar:0.4.0-78e95b9-SNAPSHOT]
	at org.apache.ratis.grpc.client.GrpcClientProtocolService$RequestStreamObserver.processClientRequest(GrpcClientProtocolService.java:220) ~[ratis-grpc-0.4.0-78e95b9-SNAPSHOT.jar:0.4.0-78e95b9-SNAPSHOT]
	at org.apache.ratis.grpc.client.GrpcClientProtocolService$OrderedRequestStreamObserver.processClientRequest(GrpcClientProtocolService.java:326) ~[ratis-grpc-0.4.0-78e95b9-SNAPSHOT.jar:0.4.0-78e95b9-SNAPSHOT]
	at org.apache.ratis.util.SlidingWindow$Server.processRequestsFromHead(SlidingWindow.java:429) [ratis-common-0.4.0-78e95b9-SNAPSHOT.jar:0.4.0-78e95b9-SNAPSHOT]
	at org.apache.ratis.util.SlidingWindow$Server.receivedRequest(SlidingWindow.java:421) [ratis-common-0.4.0-78e95b9-SNAPSHOT.jar:0.4.0-78e95b9-SNAPSHOT]
	at org.apache.ratis.grpc.client.GrpcClientProtocolService$OrderedRequestStreamObserver.processClientRequest(GrpcClientProtocolService.java:345) [ratis-grpc-0.4.0-78e95b9-SNAPSHOT.jar:0.4.0-78e95b9-SNAPSHOT]
	at org.apache.ratis.grpc.client.GrpcClientProtocolService$RequestStreamObserver.onNext(GrpcClientProtocolService.java:240) [ratis-grpc-0.4.0-78e95b9-SNAPSHOT.jar:0.4.0-78e95b9-SNAPSHOT]
	at org.apache.ratis.grpc.client.GrpcClientProtocolService$RequestStreamObserver.onNext(GrpcClientProtocolService.java:168) [ratis-grpc-0.4.0-78e95b9-SNAPSHOT.jar:0.4.0-78e95b9-SNAPSHOT]
	at org.apache.ratis.thirdparty.io.grpc.stub.ServerCalls$StreamingServerCallHandler$StreamingServerCallListener.onMessage(ServerCalls.java:248) [ratis-thirdparty-misc-0.2.0.jar:0.2.0]
	at org.apache.ratis.thirdparty.io.grpc.internal.ServerCallImpl$ServerStreamListenerImpl.messagesAvailable(ServerCallImpl.java:263) [ratis-thirdparty-misc-0.2.0.jar:0.2.0]
	at org.apache.ratis.thirdparty.io.grpc.internal.ServerImpl$JumpToApplicationThreadServerStreamListener$1MessagesAvailable.runInContext(ServerImpl.java:686) [ratis-thirdparty-misc-0.2.0.jar:0.2.0]
	at org.apache.ratis.thirdparty.io.grpc.internal.ContextRunnable.run(ContextRunnable.java:37) [ratis-thirdparty-misc-0.2.0.jar:0.2.0]
	at org.apache.ratis.thirdparty.io.grpc.internal.SerializingExecutor.run(SerializingExecutor.java:123) [ratis-thirdparty-misc-0.2.0.jar:0.2.0]
	at java.util.concurrent.ThreadPoolExecutor.runWorker(ThreadPoolExecutor.java:1149) [?:1.8.0_212]
	at java.util.concurrent.ThreadPoolExecutor$Worker.run(ThreadPoolExecutor.java:624) [?:1.8.0_212]
	at java.lang.Thread.run(Thread.java:748) [?:1.8.0_212]
2019-09-16 22:08:50,883 [grpc-default-executor-4] INFO  client.GrpcClientProtocolClient (GrpcClientProtocolClient.java:onNext(264)) - client-4DDFE1143861->74ecbdb6-699d-4c3c-ab90-3d79e72ea4a8: receive RaftClientReply:client-4DDFE1143861->74ecbdb6-699d-4c3c-ab90-3d79e72ea4a8@group-E72450CA2CED, cid=85, FAILED org.apache.ratis.protocol.StateMachineException: org.apache.hadoop.hdds.scm.container.common.helpers.ContainerNotOpenException from Server 74ecbdb6-699d-4c3c-ab90-3d79e72ea4a8@group-E72450CA2CED: Container 2 in CLOSED state, logIndex=0, commits[74ecbdb6-699d-4c3c-ab90-3d79e72ea4a8:c109, 7decb6b1-ba7c-48d8-97ff-6a25276295c4:c109, a45c6565-035d-4d1b-87c5-293bdc0bfbe6:c13]
22:08:50.888 [grpc-default-executor-3] ERROR DNAudit - user=null | ip=null | op=PUT_BLOCK {blockData=[blockId=conID: 2 locID: 102804468386955272 bcsId: 0,size=1048576]} | ret=FAILURE
org.apache.hadoop.hdds.scm.container.common.helpers.ContainerNotOpenException: Container 2 in CLOSED state
	at org.apache.hadoop.ozone.container.common.impl.HddsDispatcher.validateContainerCommand(HddsDispatcher.java:431) ~[hadoop-hdds-container-service-0.5.0-SNAPSHOT.jar:?]
	at org.apache.hadoop.ozone.container.common.transport.server.ratis.ContainerStateMachine.startTransaction(ContainerStateMachine.java:315) ~[hadoop-hdds-container-service-0.5.0-SNAPSHOT.jar:?]
	at org.apache.ratis.server.impl.RaftServerImpl.submitClientRequestAsync(RaftServerImpl.java:573) ~[ratis-server-0.4.0-78e95b9-SNAPSHOT.jar:0.4.0-78e95b9-SNAPSHOT]
	at org.apache.ratis.server.impl.RaftServerProxy.lambda$submitClientRequestAsync$7(RaftServerProxy.java:333) ~[ratis-server-0.4.0-78e95b9-SNAPSHOT.jar:0.4.0-78e95b9-SNAPSHOT]
	at org.apache.ratis.server.impl.RaftServerProxy.lambda$null$5(RaftServerProxy.java:328) ~[ratis-server-0.4.0-78e95b9-SNAPSHOT.jar:0.4.0-78e95b9-SNAPSHOT]
	at org.apache.ratis.util.JavaUtils.callAsUnchecked(JavaUtils.java:109) ~[ratis-common-0.4.0-78e95b9-SNAPSHOT.jar:0.4.0-78e95b9-SNAPSHOT]
	at org.apache.ratis.server.impl.RaftServerProxy.lambda$submitRequest$6(RaftServerProxy.java:328) ~[ratis-server-0.4.0-78e95b9-SNAPSHOT.jar:0.4.0-78e95b9-SNAPSHOT]
	at java.util.concurrent.CompletableFuture.uniComposeStage(CompletableFuture.java:981) ~[?:1.8.0_212]
	at java.util.concurrent.CompletableFuture.thenCompose(CompletableFuture.java:2124) ~[?:1.8.0_212]
	at org.apache.ratis.server.impl.RaftServerProxy.submitRequest(RaftServerProxy.java:327) ~[ratis-server-0.4.0-78e95b9-SNAPSHOT.jar:0.4.0-78e95b9-SNAPSHOT]
	at org.apache.ratis.server.impl.RaftServerProxy.submitClientRequestAsync(RaftServerProxy.java:333) ~[ratis-server-0.4.0-78e95b9-SNAPSHOT.jar:0.4.0-78e95b9-SNAPSHOT]
	at org.apache.ratis.grpc.client.GrpcClientProtocolService$RequestStreamObserver.processClientRequest(GrpcClientProtocolService.java:220) ~[ratis-grpc-0.4.0-78e95b9-SNAPSHOT.jar:0.4.0-78e95b9-SNAPSHOT]
	at org.apache.ratis.grpc.client.GrpcClientProtocolService$OrderedRequestStreamObserver.processClientRequest(GrpcClientProtocolService.java:326) ~[ratis-grpc-0.4.0-78e95b9-SNAPSHOT.jar:0.4.0-78e95b9-SNAPSHOT]
	at org.apache.ratis.util.SlidingWindow$Server.processRequestsFromHead(SlidingWindow.java:429) [ratis-common-0.4.0-78e95b9-SNAPSHOT.jar:0.4.0-78e95b9-SNAPSHOT]
	at org.apache.ratis.util.SlidingWindow$Server.receivedRequest(SlidingWindow.java:421) [ratis-common-0.4.0-78e95b9-SNAPSHOT.jar:0.4.0-78e95b9-SNAPSHOT]
	at org.apache.ratis.grpc.client.GrpcClientProtocolService$OrderedRequestStreamObserver.processClientRequest(GrpcClientProtocolService.java:345) [ratis-grpc-0.4.0-78e95b9-SNAPSHOT.jar:0.4.0-78e95b9-SNAPSHOT]
	at org.apache.ratis.grpc.client.GrpcClientProtocolService$RequestStreamObserver.onNext(GrpcClientProtocolService.java:240) [ratis-grpc-0.4.0-78e95b9-SNAPSHOT.jar:0.4.0-78e95b9-SNAPSHOT]
	at org.apache.ratis.grpc.client.GrpcClientProtocolService$RequestStreamObserver.onNext(GrpcClientProtocolService.java:168) [ratis-grpc-0.4.0-78e95b9-SNAPSHOT.jar:0.4.0-78e95b9-SNAPSHOT]
	at org.apache.ratis.thirdparty.io.grpc.stub.ServerCalls$StreamingServerCallHandler$StreamingServerCallListener.onMessage(ServerCalls.java:248) [ratis-thirdparty-misc-0.2.0.jar:0.2.0]
	at org.apache.ratis.thirdparty.io.grpc.internal.ServerCallImpl$ServerStreamListenerImpl.messagesAvailable(ServerCallImpl.java:263) [ratis-thirdparty-misc-0.2.0.jar:0.2.0]
	at org.apache.ratis.thirdparty.io.grpc.internal.ServerImpl$JumpToApplicationThreadServerStreamListener$1MessagesAvailable.runInContext(ServerImpl.java:686) [ratis-thirdparty-misc-0.2.0.jar:0.2.0]
	at org.apache.ratis.thirdparty.io.grpc.internal.ContextRunnable.run(ContextRunnable.java:37) [ratis-thirdparty-misc-0.2.0.jar:0.2.0]
	at org.apache.ratis.thirdparty.io.grpc.internal.SerializingExecutor.run(SerializingExecutor.java:123) [ratis-thirdparty-misc-0.2.0.jar:0.2.0]
	at java.util.concurrent.ThreadPoolExecutor.runWorker(ThreadPoolExecutor.java:1149) [?:1.8.0_212]
	at java.util.concurrent.ThreadPoolExecutor$Worker.run(ThreadPoolExecutor.java:624) [?:1.8.0_212]
	at java.lang.Thread.run(Thread.java:748) [?:1.8.0_212]
22:08:50.893 [grpc-default-executor-3] ERROR DNAudit - user=null | ip=null | op=WRITE_CHUNK {blockData=conID: 2 locID: 102804468386955272 bcsId: 0} | ret=FAILURE
org.apache.hadoop.hdds.scm.container.common.helpers.ContainerNotOpenException: Container 2 in CLOSED state
	at org.apache.hadoop.ozone.container.common.impl.HddsDispatcher.validateContainerCommand(HddsDispatcher.java:431) ~[hadoop-hdds-container-service-0.5.0-SNAPSHOT.jar:?]
	at org.apache.hadoop.ozone.container.common.transport.server.ratis.ContainerStateMachine.startTransaction(ContainerStateMachine.java:315) ~[hadoop-hdds-container-service-0.5.0-SNAPSHOT.jar:?]
	at org.apache.ratis.server.impl.RaftServerImpl.submitClientRequestAsync(RaftServerImpl.java:573) ~[ratis-server-0.4.0-78e95b9-SNAPSHOT.jar:0.4.0-78e95b9-SNAPSHOT]
	at org.apache.ratis.server.impl.RaftServerProxy.lambda$submitClientRequestAsync$7(RaftServerProxy.java:333) ~[ratis-server-0.4.0-78e95b9-SNAPSHOT.jar:0.4.0-78e95b9-SNAPSHOT]
	at org.apache.ratis.server.impl.RaftServerProxy.lambda$null$5(RaftServerProxy.java:328) ~[ratis-server-0.4.0-78e95b9-SNAPSHOT.jar:0.4.0-78e95b9-SNAPSHOT]
	at org.apache.ratis.util.JavaUtils.callAsUnchecked(JavaUtils.java:109) ~[ratis-common-0.4.0-78e95b9-SNAPSHOT.jar:0.4.0-78e95b9-SNAPSHOT]
	at org.apache.ratis.server.impl.RaftServerProxy.lambda$submitRequest$6(RaftServerProxy.java:328) ~[ratis-server-0.4.0-78e95b9-SNAPSHOT.jar:0.4.0-78e95b9-SNAPSHOT]
	at java.util.concurrent.CompletableFuture.uniComposeStage(CompletableFuture.java:981) ~[?:1.8.0_212]
	at java.util.concurrent.CompletableFuture.thenCompose(CompletableFuture.java:2124) ~[?:1.8.0_212]
	at org.apache.ratis.server.impl.RaftServerProxy.submitRequest(RaftServerProxy.java:327) ~[ratis-server-0.4.0-78e95b9-SNAPSHOT.jar:0.4.0-78e95b9-SNAPSHOT]
	at org.apache.ratis.server.impl.RaftServerProxy.submitClientRequestAsync(RaftServerProxy.java:333) ~[ratis-server-0.4.0-78e95b9-SNAPSHOT.jar:0.4.0-78e95b9-SNAPSHOT]
	at org.apache.ratis.grpc.client.GrpcClientProtocolService$RequestStreamObserver.processClientRequest(GrpcClientProtocolService.java:220) ~[ratis-grpc-0.4.0-78e95b9-SNAPSHOT.jar:0.4.0-78e95b9-SNAPSHOT]
	at org.apache.ratis.grpc.client.GrpcClientProtocolService$OrderedRequestStreamObserver.processClientRequest(GrpcClientProtocolService.java:326) ~[ratis-grpc-0.4.0-78e95b9-SNAPSHOT.jar:0.4.0-78e95b9-SNAPSHOT]
	at org.apache.ratis.util.SlidingWindow$Server.processRequestsFromHead(SlidingWindow.java:429) [ratis-common-0.4.0-78e95b9-SNAPSHOT.jar:0.4.0-78e95b9-SNAPSHOT]
	at org.apache.ratis.util.SlidingWindow$Server.receivedRequest(SlidingWindow.java:421) [ratis-common-0.4.0-78e95b9-SNAPSHOT.jar:0.4.0-78e95b9-SNAPSHOT]
	at org.apache.ratis.grpc.client.GrpcClientProtocolService$OrderedRequestStreamObserver.processClientRequest(GrpcClientProtocolService.java:345) [ratis-grpc-0.4.0-78e95b9-SNAPSHOT.jar:0.4.0-78e95b9-SNAPSHOT]
	at org.apache.ratis.grpc.client.GrpcClientProtocolService$RequestStreamObserver.onNext(GrpcClientProtocolService.java:240) [ratis-grpc-0.4.0-78e95b9-SNAPSHOT.jar:0.4.0-78e95b9-SNAPSHOT]
	at org.apache.ratis.grpc.client.GrpcClientProtocolService$RequestStreamObserver.onNext(GrpcClientProtocolService.java:168) [ratis-grpc-0.4.0-78e95b9-SNAPSHOT.jar:0.4.0-78e95b9-SNAPSHOT]
	at org.apache.ratis.thirdparty.io.grpc.stub.ServerCalls$StreamingServerCallHandler$StreamingServerCallListener.onMessage(ServerCalls.java:248) [ratis-thirdparty-misc-0.2.0.jar:0.2.0]
	at org.apache.ratis.thirdparty.io.grpc.internal.ServerCallImpl$ServerStreamListenerImpl.messagesAvailable(ServerCallImpl.java:263) [ratis-thirdparty-misc-0.2.0.jar:0.2.0]
	at org.apache.ratis.thirdparty.io.grpc.internal.ServerImpl$JumpToApplicationThreadServerStreamListener$1MessagesAvailable.runInContext(ServerImpl.java:686) [ratis-thirdparty-misc-0.2.0.jar:0.2.0]
	at org.apache.ratis.thirdparty.io.grpc.internal.ContextRunnable.run(ContextRunnable.java:37) [ratis-thirdparty-misc-0.2.0.jar:0.2.0]
	at org.apache.ratis.thirdparty.io.grpc.internal.SerializingExecutor.run(SerializingExecutor.java:123) [ratis-thirdparty-misc-0.2.0.jar:0.2.0]
	at java.util.concurrent.ThreadPoolExecutor.runWorker(ThreadPoolExecutor.java:1149) [?:1.8.0_212]
	at java.util.concurrent.ThreadPoolExecutor$Worker.run(ThreadPoolExecutor.java:624) [?:1.8.0_212]
	at java.lang.Thread.run(Thread.java:748) [?:1.8.0_212]
2019-09-16 22:08:50,894 [grpc-default-executor-4] INFO  client.GrpcClientProtocolClient (GrpcClientProtocolClient.java:onNext(264)) - client-4DDFE1143861->74ecbdb6-699d-4c3c-ab90-3d79e72ea4a8: receive RaftClientReply:client-4DDFE1143861->74ecbdb6-699d-4c3c-ab90-3d79e72ea4a8@group-E72450CA2CED, cid=86, FAILED org.apache.ratis.protocol.StateMachineException: org.apache.hadoop.hdds.scm.container.common.helpers.ContainerNotOpenException from Server 74ecbdb6-699d-4c3c-ab90-3d79e72ea4a8@group-E72450CA2CED: Container 2 in CLOSED state, logIndex=0, commits[74ecbdb6-699d-4c3c-ab90-3d79e72ea4a8:c109, 7decb6b1-ba7c-48d8-97ff-6a25276295c4:c109, a45c6565-035d-4d1b-87c5-293bdc0bfbe6:c13]
22:08:50.898 [grpc-default-executor-3] ERROR DNAudit - user=null | ip=null | op=PUT_BLOCK {blockData=[blockId=conID: 2 locID: 102804468386955272 bcsId: 0,size=2097152]} | ret=FAILURE
org.apache.hadoop.hdds.scm.container.common.helpers.ContainerNotOpenException: Container 2 in CLOSED state
	at org.apache.hadoop.ozone.container.common.impl.HddsDispatcher.validateContainerCommand(HddsDispatcher.java:431) ~[hadoop-hdds-container-service-0.5.0-SNAPSHOT.jar:?]
	at org.apache.hadoop.ozone.container.common.transport.server.ratis.ContainerStateMachine.startTransaction(ContainerStateMachine.java:315) ~[hadoop-hdds-container-service-0.5.0-SNAPSHOT.jar:?]
	at org.apache.ratis.server.impl.RaftServerImpl.submitClientRequestAsync(RaftServerImpl.java:573) ~[ratis-server-0.4.0-78e95b9-SNAPSHOT.jar:0.4.0-78e95b9-SNAPSHOT]
	at org.apache.ratis.server.impl.RaftServerProxy.lambda$submitClientRequestAsync$7(RaftServerProxy.java:333) ~[ratis-server-0.4.0-78e95b9-SNAPSHOT.jar:0.4.0-78e95b9-SNAPSHOT]
	at org.apache.ratis.server.impl.RaftServerProxy.lambda$null$5(RaftServerProxy.java:328) ~[ratis-server-0.4.0-78e95b9-SNAPSHOT.jar:0.4.0-78e95b9-SNAPSHOT]
	at org.apache.ratis.util.JavaUtils.callAsUnchecked(JavaUtils.java:109) ~[ratis-common-0.4.0-78e95b9-SNAPSHOT.jar:0.4.0-78e95b9-SNAPSHOT]
	at org.apache.ratis.server.impl.RaftServerProxy.lambda$submitRequest$6(RaftServerProxy.java:328) ~[ratis-server-0.4.0-78e95b9-SNAPSHOT.jar:0.4.0-78e95b9-SNAPSHOT]
	at java.util.concurrent.CompletableFuture.uniComposeStage(CompletableFuture.java:981) ~[?:1.8.0_212]
	at java.util.concurrent.CompletableFuture.thenCompose(CompletableFuture.java:2124) ~[?:1.8.0_212]
	at org.apache.ratis.server.impl.RaftServerProxy.submitRequest(RaftServerProxy.java:327) ~[ratis-server-0.4.0-78e95b9-SNAPSHOT.jar:0.4.0-78e95b9-SNAPSHOT]
	at org.apache.ratis.server.impl.RaftServerProxy.submitClientRequestAsync(RaftServerProxy.java:333) ~[ratis-server-0.4.0-78e95b9-SNAPSHOT.jar:0.4.0-78e95b9-SNAPSHOT]
	at org.apache.ratis.grpc.client.GrpcClientProtocolService$RequestStreamObserver.processClientRequest(GrpcClientProtocolService.java:220) ~[ratis-grpc-0.4.0-78e95b9-SNAPSHOT.jar:0.4.0-78e95b9-SNAPSHOT]
	at org.apache.ratis.grpc.client.GrpcClientProtocolService$OrderedRequestStreamObserver.processClientRequest(GrpcClientProtocolService.java:326) ~[ratis-grpc-0.4.0-78e95b9-SNAPSHOT.jar:0.4.0-78e95b9-SNAPSHOT]
	at org.apache.ratis.util.SlidingWindow$Server.processRequestsFromHead(SlidingWindow.java:429) [ratis-common-0.4.0-78e95b9-SNAPSHOT.jar:0.4.0-78e95b9-SNAPSHOT]
	at org.apache.ratis.util.SlidingWindow$Server.receivedRequest(SlidingWindow.java:421) [ratis-common-0.4.0-78e95b9-SNAPSHOT.jar:0.4.0-78e95b9-SNAPSHOT]
	at org.apache.ratis.grpc.client.GrpcClientProtocolService$OrderedRequestStreamObserver.processClientRequest(GrpcClientProtocolService.java:345) [ratis-grpc-0.4.0-78e95b9-SNAPSHOT.jar:0.4.0-78e95b9-SNAPSHOT]
	at org.apache.ratis.grpc.client.GrpcClientProtocolService$RequestStreamObserver.onNext(GrpcClientProtocolService.java:240) [ratis-grpc-0.4.0-78e95b9-SNAPSHOT.jar:0.4.0-78e95b9-SNAPSHOT]
	at org.apache.ratis.grpc.client.GrpcClientProtocolService$RequestStreamObserver.onNext(GrpcClientProtocolService.java:168) [ratis-grpc-0.4.0-78e95b9-SNAPSHOT.jar:0.4.0-78e95b9-SNAPSHOT]
	at org.apache.ratis.thirdparty.io.grpc.stub.ServerCalls$StreamingServerCallHandler$StreamingServerCallListener.onMessage(ServerCalls.java:248) [ratis-thirdparty-misc-0.2.0.jar:0.2.0]
	at org.apache.ratis.thirdparty.io.grpc.internal.ServerCallImpl$ServerStreamListenerImpl.messagesAvailable(ServerCallImpl.java:263) [ratis-thirdparty-misc-0.2.0.jar:0.2.0]
	at org.apache.ratis.thirdparty.io.grpc.internal.ServerImpl$JumpToApplicationThreadServerStreamListener$1MessagesAvailable.runInContext(ServerImpl.java:686) [ratis-thirdparty-misc-0.2.0.jar:0.2.0]
	at org.apache.ratis.thirdparty.io.grpc.internal.ContextRunnable.run(ContextRunnable.java:37) [ratis-thirdparty-misc-0.2.0.jar:0.2.0]
	at org.apache.ratis.thirdparty.io.grpc.internal.SerializingExecutor.run(SerializingExecutor.java:123) [ratis-thirdparty-misc-0.2.0.jar:0.2.0]
	at java.util.concurrent.ThreadPoolExecutor.runWorker(ThreadPoolExecutor.java:1149) [?:1.8.0_212]
	at java.util.concurrent.ThreadPoolExecutor$Worker.run(ThreadPoolExecutor.java:624) [?:1.8.0_212]
	at java.lang.Thread.run(Thread.java:748) [?:1.8.0_212]
2019-09-16 22:08:50,901 [grpc-default-executor-4] INFO  client.GrpcClientProtocolClient (GrpcClientProtocolClient.java:onNext(264)) - client-4DDFE1143861->74ecbdb6-699d-4c3c-ab90-3d79e72ea4a8: receive RaftClientReply:client-4DDFE1143861->74ecbdb6-699d-4c3c-ab90-3d79e72ea4a8@group-E72450CA2CED, cid=87, FAILED org.apache.ratis.protocol.StateMachineException: org.apache.hadoop.hdds.scm.container.common.helpers.ContainerNotOpenException from Server 74ecbdb6-699d-4c3c-ab90-3d79e72ea4a8@group-E72450CA2CED: Container 2 in CLOSED state, logIndex=0, commits[74ecbdb6-699d-4c3c-ab90-3d79e72ea4a8:c109, 7decb6b1-ba7c-48d8-97ff-6a25276295c4:c109, a45c6565-035d-4d1b-87c5-293bdc0bfbe6:c13]
2019-09-16 22:08:50,904 [grpc-default-executor-4] INFO  client.GrpcClientProtocolClient (GrpcClientProtocolClient.java:onNext(264)) - client-4DDFE1143861->74ecbdb6-699d-4c3c-ab90-3d79e72ea4a8: receive RaftClientReply:client-4DDFE1143861->74ecbdb6-699d-4c3c-ab90-3d79e72ea4a8@group-E72450CA2CED, cid=88, FAILED org.apache.ratis.protocol.StateMachineException: org.apache.hadoop.hdds.scm.container.common.helpers.ContainerNotOpenException from Server 74ecbdb6-699d-4c3c-ab90-3d79e72ea4a8@group-E72450CA2CED: Container 2 in CLOSED state, logIndex=0, commits[74ecbdb6-699d-4c3c-ab90-3d79e72ea4a8:c109, 7decb6b1-ba7c-48d8-97ff-6a25276295c4:c109, a45c6565-035d-4d1b-87c5-293bdc0bfbe6:c13]
22:08:50.918 [grpc-default-executor-3] ERROR DNAudit - user=null | ip=null | op=WRITE_CHUNK {blockData=conID: 3 locID: 102804468386955273 bcsId: 0} | ret=FAILURE
org.apache.hadoop.hdds.scm.container.common.helpers.ContainerNotOpenException: Container 3 in CLOSED state
	at org.apache.hadoop.ozone.container.common.impl.HddsDispatcher.validateContainerCommand(HddsDispatcher.java:431) ~[hadoop-hdds-container-service-0.5.0-SNAPSHOT.jar:?]
	at org.apache.hadoop.ozone.container.common.transport.server.ratis.ContainerStateMachine.startTransaction(ContainerStateMachine.java:315) ~[hadoop-hdds-container-service-0.5.0-SNAPSHOT.jar:?]
	at org.apache.ratis.server.impl.RaftServerImpl.submitClientRequestAsync(RaftServerImpl.java:573) ~[ratis-server-0.4.0-78e95b9-SNAPSHOT.jar:0.4.0-78e95b9-SNAPSHOT]
	at org.apache.ratis.server.impl.RaftServerProxy.lambda$submitClientRequestAsync$7(RaftServerProxy.java:333) ~[ratis-server-0.4.0-78e95b9-SNAPSHOT.jar:0.4.0-78e95b9-SNAPSHOT]
	at org.apache.ratis.server.impl.RaftServerProxy.lambda$null$5(RaftServerProxy.java:328) ~[ratis-server-0.4.0-78e95b9-SNAPSHOT.jar:0.4.0-78e95b9-SNAPSHOT]
	at org.apache.ratis.util.JavaUtils.callAsUnchecked(JavaUtils.java:109) ~[ratis-common-0.4.0-78e95b9-SNAPSHOT.jar:0.4.0-78e95b9-SNAPSHOT]
	at org.apache.ratis.server.impl.RaftServerProxy.lambda$submitRequest$6(RaftServerProxy.java:328) ~[ratis-server-0.4.0-78e95b9-SNAPSHOT.jar:0.4.0-78e95b9-SNAPSHOT]
	at java.util.concurrent.CompletableFuture.uniComposeStage(CompletableFuture.java:981) ~[?:1.8.0_212]
	at java.util.concurrent.CompletableFuture.thenCompose(CompletableFuture.java:2124) ~[?:1.8.0_212]
	at org.apache.ratis.server.impl.RaftServerProxy.submitRequest(RaftServerProxy.java:327) ~[ratis-server-0.4.0-78e95b9-SNAPSHOT.jar:0.4.0-78e95b9-SNAPSHOT]
	at org.apache.ratis.server.impl.RaftServerProxy.submitClientRequestAsync(RaftServerProxy.java:333) ~[ratis-server-0.4.0-78e95b9-SNAPSHOT.jar:0.4.0-78e95b9-SNAPSHOT]
	at org.apache.ratis.grpc.client.GrpcClientProtocolService$RequestStreamObserver.processClientRequest(GrpcClientProtocolService.java:220) ~[ratis-grpc-0.4.0-78e95b9-SNAPSHOT.jar:0.4.0-78e95b9-SNAPSHOT]
	at org.apache.ratis.grpc.client.GrpcClientProtocolService$OrderedRequestStreamObserver.processClientRequest(GrpcClientProtocolService.java:326) ~[ratis-grpc-0.4.0-78e95b9-SNAPSHOT.jar:0.4.0-78e95b9-SNAPSHOT]
	at org.apache.ratis.util.SlidingWindow$Server.processRequestsFromHead(SlidingWindow.java:429) [ratis-common-0.4.0-78e95b9-SNAPSHOT.jar:0.4.0-78e95b9-SNAPSHOT]
	at org.apache.ratis.util.SlidingWindow$Server.receivedRequest(SlidingWindow.java:421) [ratis-common-0.4.0-78e95b9-SNAPSHOT.jar:0.4.0-78e95b9-SNAPSHOT]
	at org.apache.ratis.grpc.client.GrpcClientProtocolService$OrderedRequestStreamObserver.processClientRequest(GrpcClientProtocolService.java:345) [ratis-grpc-0.4.0-78e95b9-SNAPSHOT.jar:0.4.0-78e95b9-SNAPSHOT]
	at org.apache.ratis.grpc.client.GrpcClientProtocolService$RequestStreamObserver.onNext(GrpcClientProtocolService.java:240) [ratis-grpc-0.4.0-78e95b9-SNAPSHOT.jar:0.4.0-78e95b9-SNAPSHOT]
	at org.apache.ratis.grpc.client.GrpcClientProtocolService$RequestStreamObserver.onNext(GrpcClientProtocolService.java:168) [ratis-grpc-0.4.0-78e95b9-SNAPSHOT.jar:0.4.0-78e95b9-SNAPSHOT]
	at org.apache.ratis.thirdparty.io.grpc.stub.ServerCalls$StreamingServerCallHandler$StreamingServerCallListener.onMessage(ServerCalls.java:248) [ratis-thirdparty-misc-0.2.0.jar:0.2.0]
	at org.apache.ratis.thirdparty.io.grpc.internal.ServerCallImpl$ServerStreamListenerImpl.messagesAvailable(ServerCallImpl.java:263) [ratis-thirdparty-misc-0.2.0.jar:0.2.0]
	at org.apache.ratis.thirdparty.io.grpc.internal.ServerImpl$JumpToApplicationThreadServerStreamListener$1MessagesAvailable.runInContext(ServerImpl.java:686) [ratis-thirdparty-misc-0.2.0.jar:0.2.0]
	at org.apache.ratis.thirdparty.io.grpc.internal.ContextRunnable.run(ContextRunnable.java:37) [ratis-thirdparty-misc-0.2.0.jar:0.2.0]
	at org.apache.ratis.thirdparty.io.grpc.internal.SerializingExecutor.run(SerializingExecutor.java:123) [ratis-thirdparty-misc-0.2.0.jar:0.2.0]
	at java.util.concurrent.ThreadPoolExecutor.runWorker(ThreadPoolExecutor.java:1149) [?:1.8.0_212]
	at java.util.concurrent.ThreadPoolExecutor$Worker.run(ThreadPoolExecutor.java:624) [?:1.8.0_212]
	at java.lang.Thread.run(Thread.java:748) [?:1.8.0_212]
22:08:50.925 [grpc-default-executor-3] ERROR DNAudit - user=null | ip=null | op=PUT_BLOCK {blockData=[blockId=conID: 3 locID: 102804468386955273 bcsId: 0,size=1048576]} | ret=FAILURE
org.apache.hadoop.hdds.scm.container.common.helpers.ContainerNotOpenException: Container 3 in CLOSED state
	at org.apache.hadoop.ozone.container.common.impl.HddsDispatcher.validateContainerCommand(HddsDispatcher.java:431) ~[hadoop-hdds-container-service-0.5.0-SNAPSHOT.jar:?]
	at org.apache.hadoop.ozone.container.common.transport.server.ratis.ContainerStateMachine.startTransaction(ContainerStateMachine.java:315) ~[hadoop-hdds-container-service-0.5.0-SNAPSHOT.jar:?]
	at org.apache.ratis.server.impl.RaftServerImpl.submitClientRequestAsync(RaftServerImpl.java:573) ~[ratis-server-0.4.0-78e95b9-SNAPSHOT.jar:0.4.0-78e95b9-SNAPSHOT]
	at org.apache.ratis.server.impl.RaftServerProxy.lambda$submitClientRequestAsync$7(RaftServerProxy.java:333) ~[ratis-server-0.4.0-78e95b9-SNAPSHOT.jar:0.4.0-78e95b9-SNAPSHOT]
	at org.apache.ratis.server.impl.RaftServerProxy.lambda$null$5(RaftServerProxy.java:328) ~[ratis-server-0.4.0-78e95b9-SNAPSHOT.jar:0.4.0-78e95b9-SNAPSHOT]
	at org.apache.ratis.util.JavaUtils.callAsUnchecked(JavaUtils.java:109) ~[ratis-common-0.4.0-78e95b9-SNAPSHOT.jar:0.4.0-78e95b9-SNAPSHOT]
	at org.apache.ratis.server.impl.RaftServerProxy.lambda$submitRequest$6(RaftServerProxy.java:328) ~[ratis-server-0.4.0-78e95b9-SNAPSHOT.jar:0.4.0-78e95b9-SNAPSHOT]
	at java.util.concurrent.CompletableFuture.uniComposeStage(CompletableFuture.java:981) ~[?:1.8.0_212]
	at java.util.concurrent.CompletableFuture.thenCompose(CompletableFuture.java:2124) ~[?:1.8.0_212]
	at org.apache.ratis.server.impl.RaftServerProxy.submitRequest(RaftServerProxy.java:327) ~[ratis-server-0.4.0-78e95b9-SNAPSHOT.jar:0.4.0-78e95b9-SNAPSHOT]
	at org.apache.ratis.server.impl.RaftServerProxy.submitClientRequestAsync(RaftServerProxy.java:333) ~[ratis-server-0.4.0-78e95b9-SNAPSHOT.jar:0.4.0-78e95b9-SNAPSHOT]
	at org.apache.ratis.grpc.client.GrpcClientProtocolService$RequestStreamObserver.processClientRequest(GrpcClientProtocolService.java:220) ~[ratis-grpc-0.4.0-78e95b9-SNAPSHOT.jar:0.4.0-78e95b9-SNAPSHOT]
	at org.apache.ratis.grpc.client.GrpcClientProtocolService$OrderedRequestStreamObserver.processClientRequest(GrpcClientProtocolService.java:326) ~[ratis-grpc-0.4.0-78e95b9-SNAPSHOT.jar:0.4.0-78e95b9-SNAPSHOT]
	at org.apache.ratis.util.SlidingWindow$Server.processRequestsFromHead(SlidingWindow.java:429) [ratis-common-0.4.0-78e95b9-SNAPSHOT.jar:0.4.0-78e95b9-SNAPSHOT]
	at org.apache.ratis.util.SlidingWindow$Server.receivedRequest(SlidingWindow.java:421) [ratis-common-0.4.0-78e95b9-SNAPSHOT.jar:0.4.0-78e95b9-SNAPSHOT]
	at org.apache.ratis.grpc.client.GrpcClientProtocolService$OrderedRequestStreamObserver.processClientRequest(GrpcClientProtocolService.java:345) [ratis-grpc-0.4.0-78e95b9-SNAPSHOT.jar:0.4.0-78e95b9-SNAPSHOT]
	at org.apache.ratis.grpc.client.GrpcClientProtocolService$RequestStreamObserver.onNext(GrpcClientProtocolService.java:240) [ratis-grpc-0.4.0-78e95b9-SNAPSHOT.jar:0.4.0-78e95b9-SNAPSHOT]
	at org.apache.ratis.grpc.client.GrpcClientProtocolService$RequestStreamObserver.onNext(GrpcClientProtocolService.java:168) [ratis-grpc-0.4.0-78e95b9-SNAPSHOT.jar:0.4.0-78e95b9-SNAPSHOT]
	at org.apache.ratis.thirdparty.io.grpc.stub.ServerCalls$StreamingServerCallHandler$StreamingServerCallListener.onMessage(ServerCalls.java:248) [ratis-thirdparty-misc-0.2.0.jar:0.2.0]
	at org.apache.ratis.thirdparty.io.grpc.internal.ServerCallImpl$ServerStreamListenerImpl.messagesAvailable(ServerCallImpl.java:263) [ratis-thirdparty-misc-0.2.0.jar:0.2.0]
	at org.apache.ratis.thirdparty.io.grpc.internal.ServerImpl$JumpToApplicationThreadServerStreamListener$1MessagesAvailable.runInContext(ServerImpl.java:686) [ratis-thirdparty-misc-0.2.0.jar:0.2.0]
	at org.apache.ratis.thirdparty.io.grpc.internal.ContextRunnable.run(ContextRunnable.java:37) [ratis-thirdparty-misc-0.2.0.jar:0.2.0]
	at org.apache.ratis.thirdparty.io.grpc.internal.SerializingExecutor.run(SerializingExecutor.java:123) [ratis-thirdparty-misc-0.2.0.jar:0.2.0]
	at java.util.concurrent.ThreadPoolExecutor.runWorker(ThreadPoolExecutor.java:1149) [?:1.8.0_212]
	at java.util.concurrent.ThreadPoolExecutor$Worker.run(ThreadPoolExecutor.java:624) [?:1.8.0_212]
	at java.lang.Thread.run(Thread.java:748) [?:1.8.0_212]
2019-09-16 22:08:50,926 [grpc-default-executor-4] INFO  client.GrpcClientProtocolClient (GrpcClientProtocolClient.java:onNext(264)) - client-4DDFE1143861->74ecbdb6-699d-4c3c-ab90-3d79e72ea4a8: receive RaftClientReply:client-4DDFE1143861->74ecbdb6-699d-4c3c-ab90-3d79e72ea4a8@group-E72450CA2CED, cid=89, FAILED org.apache.ratis.protocol.StateMachineException: org.apache.hadoop.hdds.scm.container.common.helpers.ContainerNotOpenException from Server 74ecbdb6-699d-4c3c-ab90-3d79e72ea4a8@group-E72450CA2CED: Container 3 in CLOSED state, logIndex=0, commits[74ecbdb6-699d-4c3c-ab90-3d79e72ea4a8:c109, 7decb6b1-ba7c-48d8-97ff-6a25276295c4:c109, a45c6565-035d-4d1b-87c5-293bdc0bfbe6:c13]
2019-09-16 22:08:50,932 [grpc-default-executor-3] INFO  client.GrpcClientProtocolClient (GrpcClientProtocolClient.java:onNext(264)) - client-4DDFE1143861->74ecbdb6-699d-4c3c-ab90-3d79e72ea4a8: receive RaftClientReply:client-4DDFE1143861->74ecbdb6-699d-4c3c-ab90-3d79e72ea4a8@group-E72450CA2CED, cid=90, FAILED org.apache.ratis.protocol.StateMachineException: org.apache.hadoop.hdds.scm.container.common.helpers.ContainerNotOpenException from Server 74ecbdb6-699d-4c3c-ab90-3d79e72ea4a8@group-E72450CA2CED: Container 3 in CLOSED state, logIndex=0, commits[74ecbdb6-699d-4c3c-ab90-3d79e72ea4a8:c109, 7decb6b1-ba7c-48d8-97ff-6a25276295c4:c109, a45c6565-035d-4d1b-87c5-293bdc0bfbe6:c13]
22:08:50.932 [grpc-default-executor-4] ERROR DNAudit - user=null | ip=null | op=WRITE_CHUNK {blockData=conID: 3 locID: 102804468386955273 bcsId: 0} | ret=FAILURE
org.apache.hadoop.hdds.scm.container.common.helpers.ContainerNotOpenException: Container 3 in CLOSED state
	at org.apache.hadoop.ozone.container.common.impl.HddsDispatcher.validateContainerCommand(HddsDispatcher.java:431) ~[hadoop-hdds-container-service-0.5.0-SNAPSHOT.jar:?]
	at org.apache.hadoop.ozone.container.common.transport.server.ratis.ContainerStateMachine.startTransaction(ContainerStateMachine.java:315) ~[hadoop-hdds-container-service-0.5.0-SNAPSHOT.jar:?]
	at org.apache.ratis.server.impl.RaftServerImpl.submitClientRequestAsync(RaftServerImpl.java:573) ~[ratis-server-0.4.0-78e95b9-SNAPSHOT.jar:0.4.0-78e95b9-SNAPSHOT]
	at org.apache.ratis.server.impl.RaftServerProxy.lambda$submitClientRequestAsync$7(RaftServerProxy.java:333) ~[ratis-server-0.4.0-78e95b9-SNAPSHOT.jar:0.4.0-78e95b9-SNAPSHOT]
	at org.apache.ratis.server.impl.RaftServerProxy.lambda$null$5(RaftServerProxy.java:328) ~[ratis-server-0.4.0-78e95b9-SNAPSHOT.jar:0.4.0-78e95b9-SNAPSHOT]
	at org.apache.ratis.util.JavaUtils.callAsUnchecked(JavaUtils.java:109) ~[ratis-common-0.4.0-78e95b9-SNAPSHOT.jar:0.4.0-78e95b9-SNAPSHOT]
	at org.apache.ratis.server.impl.RaftServerProxy.lambda$submitRequest$6(RaftServerProxy.java:328) ~[ratis-server-0.4.0-78e95b9-SNAPSHOT.jar:0.4.0-78e95b9-SNAPSHOT]
	at java.util.concurrent.CompletableFuture.uniComposeStage(CompletableFuture.java:981) ~[?:1.8.0_212]
	at java.util.concurrent.CompletableFuture.thenCompose(CompletableFuture.java:2124) ~[?:1.8.0_212]
	at org.apache.ratis.server.impl.RaftServerProxy.submitRequest(RaftServerProxy.java:327) ~[ratis-server-0.4.0-78e95b9-SNAPSHOT.jar:0.4.0-78e95b9-SNAPSHOT]
	at org.apache.ratis.server.impl.RaftServerProxy.submitClientRequestAsync(RaftServerProxy.java:333) ~[ratis-server-0.4.0-78e95b9-SNAPSHOT.jar:0.4.0-78e95b9-SNAPSHOT]
	at org.apache.ratis.grpc.client.GrpcClientProtocolService$RequestStreamObserver.processClientRequest(GrpcClientProtocolService.java:220) ~[ratis-grpc-0.4.0-78e95b9-SNAPSHOT.jar:0.4.0-78e95b9-SNAPSHOT]
	at org.apache.ratis.grpc.client.GrpcClientProtocolService$OrderedRequestStreamObserver.processClientRequest(GrpcClientProtocolService.java:326) ~[ratis-grpc-0.4.0-78e95b9-SNAPSHOT.jar:0.4.0-78e95b9-SNAPSHOT]
	at org.apache.ratis.util.SlidingWindow$Server.processRequestsFromHead(SlidingWindow.java:429) [ratis-common-0.4.0-78e95b9-SNAPSHOT.jar:0.4.0-78e95b9-SNAPSHOT]
	at org.apache.ratis.util.SlidingWindow$Server.receivedRequest(SlidingWindow.java:421) [ratis-common-0.4.0-78e95b9-SNAPSHOT.jar:0.4.0-78e95b9-SNAPSHOT]
	at org.apache.ratis.grpc.client.GrpcClientProtocolService$OrderedRequestStreamObserver.processClientRequest(GrpcClientProtocolService.java:345) [ratis-grpc-0.4.0-78e95b9-SNAPSHOT.jar:0.4.0-78e95b9-SNAPSHOT]
	at org.apache.ratis.grpc.client.GrpcClientProtocolService$RequestStreamObserver.onNext(GrpcClientProtocolService.java:240) [ratis-grpc-0.4.0-78e95b9-SNAPSHOT.jar:0.4.0-78e95b9-SNAPSHOT]
	at org.apache.ratis.grpc.client.GrpcClientProtocolService$RequestStreamObserver.onNext(GrpcClientProtocolService.java:168) [ratis-grpc-0.4.0-78e95b9-SNAPSHOT.jar:0.4.0-78e95b9-SNAPSHOT]
	at org.apache.ratis.thirdparty.io.grpc.stub.ServerCalls$StreamingServerCallHandler$StreamingServerCallListener.onMessage(ServerCalls.java:248) [ratis-thirdparty-misc-0.2.0.jar:0.2.0]
	at org.apache.ratis.thirdparty.io.grpc.internal.ServerCallImpl$ServerStreamListenerImpl.messagesAvailable(ServerCallImpl.java:263) [ratis-thirdparty-misc-0.2.0.jar:0.2.0]
	at org.apache.ratis.thirdparty.io.grpc.internal.ServerImpl$JumpToApplicationThreadServerStreamListener$1MessagesAvailable.runInContext(ServerImpl.java:686) [ratis-thirdparty-misc-0.2.0.jar:0.2.0]
	at org.apache.ratis.thirdparty.io.grpc.internal.ContextRunnable.run(ContextRunnable.java:37) [ratis-thirdparty-misc-0.2.0.jar:0.2.0]
	at org.apache.ratis.thirdparty.io.grpc.internal.SerializingExecutor.run(SerializingExecutor.java:123) [ratis-thirdparty-misc-0.2.0.jar:0.2.0]
	at java.util.concurrent.ThreadPoolExecutor.runWorker(ThreadPoolExecutor.java:1149) [?:1.8.0_212]
	at java.util.concurrent.ThreadPoolExecutor$Worker.run(ThreadPoolExecutor.java:624) [?:1.8.0_212]
	at java.lang.Thread.run(Thread.java:748) [?:1.8.0_212]
22:08:50.939 [grpc-default-executor-4] ERROR DNAudit - user=null | ip=null | op=PUT_BLOCK {blockData=[blockId=conID: 3 locID: 102804468386955273 bcsId: 0,size=2097152]} | ret=FAILURE
org.apache.hadoop.hdds.scm.container.common.helpers.ContainerNotOpenException: Container 3 in CLOSED state
	at org.apache.hadoop.ozone.container.common.impl.HddsDispatcher.validateContainerCommand(HddsDispatcher.java:431) ~[hadoop-hdds-container-service-0.5.0-SNAPSHOT.jar:?]
	at org.apache.hadoop.ozone.container.common.transport.server.ratis.ContainerStateMachine.startTransaction(ContainerStateMachine.java:315) ~[hadoop-hdds-container-service-0.5.0-SNAPSHOT.jar:?]
	at org.apache.ratis.server.impl.RaftServerImpl.submitClientRequestAsync(RaftServerImpl.java:573) ~[ratis-server-0.4.0-78e95b9-SNAPSHOT.jar:0.4.0-78e95b9-SNAPSHOT]
	at org.apache.ratis.server.impl.RaftServerProxy.lambda$submitClientRequestAsync$7(RaftServerProxy.java:333) ~[ratis-server-0.4.0-78e95b9-SNAPSHOT.jar:0.4.0-78e95b9-SNAPSHOT]
	at org.apache.ratis.server.impl.RaftServerProxy.lambda$null$5(RaftServerProxy.java:328) ~[ratis-server-0.4.0-78e95b9-SNAPSHOT.jar:0.4.0-78e95b9-SNAPSHOT]
	at org.apache.ratis.util.JavaUtils.callAsUnchecked(JavaUtils.java:109) ~[ratis-common-0.4.0-78e95b9-SNAPSHOT.jar:0.4.0-78e95b9-SNAPSHOT]
	at org.apache.ratis.server.impl.RaftServerProxy.lambda$submitRequest$6(RaftServerProxy.java:328) ~[ratis-server-0.4.0-78e95b9-SNAPSHOT.jar:0.4.0-78e95b9-SNAPSHOT]
	at java.util.concurrent.CompletableFuture.uniComposeStage(CompletableFuture.java:981) ~[?:1.8.0_212]
	at java.util.concurrent.CompletableFuture.thenCompose(CompletableFuture.java:2124) ~[?:1.8.0_212]
	at org.apache.ratis.server.impl.RaftServerProxy.submitRequest(RaftServerProxy.java:327) ~[ratis-server-0.4.0-78e95b9-SNAPSHOT.jar:0.4.0-78e95b9-SNAPSHOT]
	at org.apache.ratis.server.impl.RaftServerProxy.submitClientRequestAsync(RaftServerProxy.java:333) ~[ratis-server-0.4.0-78e95b9-SNAPSHOT.jar:0.4.0-78e95b9-SNAPSHOT]
	at org.apache.ratis.grpc.client.GrpcClientProtocolService$RequestStreamObserver.processClientRequest(GrpcClientProtocolService.java:220) ~[ratis-grpc-0.4.0-78e95b9-SNAPSHOT.jar:0.4.0-78e95b9-SNAPSHOT]
	at org.apache.ratis.grpc.client.GrpcClientProtocolService$OrderedRequestStreamObserver.processClientRequest(GrpcClientProtocolService.java:326) ~[ratis-grpc-0.4.0-78e95b9-SNAPSHOT.jar:0.4.0-78e95b9-SNAPSHOT]
	at org.apache.ratis.util.SlidingWindow$Server.processRequestsFromHead(SlidingWindow.java:429) [ratis-common-0.4.0-78e95b9-SNAPSHOT.jar:0.4.0-78e95b9-SNAPSHOT]
	at org.apache.ratis.util.SlidingWindow$Server.receivedRequest(SlidingWindow.java:421) [ratis-common-0.4.0-78e95b9-SNAPSHOT.jar:0.4.0-78e95b9-SNAPSHOT]
	at org.apache.ratis.grpc.client.GrpcClientProtocolService$OrderedRequestStreamObserver.processClientRequest(GrpcClientProtocolService.java:345) [ratis-grpc-0.4.0-78e95b9-SNAPSHOT.jar:0.4.0-78e95b9-SNAPSHOT]
	at org.apache.ratis.grpc.client.GrpcClientProtocolService$RequestStreamObserver.onNext(GrpcClientProtocolService.java:240) [ratis-grpc-0.4.0-78e95b9-SNAPSHOT.jar:0.4.0-78e95b9-SNAPSHOT]
	at org.apache.ratis.grpc.client.GrpcClientProtocolService$RequestStreamObserver.onNext(GrpcClientProtocolService.java:168) [ratis-grpc-0.4.0-78e95b9-SNAPSHOT.jar:0.4.0-78e95b9-SNAPSHOT]
	at org.apache.ratis.thirdparty.io.grpc.stub.ServerCalls$StreamingServerCallHandler$StreamingServerCallListener.onMessage(ServerCalls.java:248) [ratis-thirdparty-misc-0.2.0.jar:0.2.0]
	at org.apache.ratis.thirdparty.io.grpc.internal.ServerCallImpl$ServerStreamListenerImpl.messagesAvailable(ServerCallImpl.java:263) [ratis-thirdparty-misc-0.2.0.jar:0.2.0]
	at org.apache.ratis.thirdparty.io.grpc.internal.ServerImpl$JumpToApplicationThreadServerStreamListener$1MessagesAvailable.runInContext(ServerImpl.java:686) [ratis-thirdparty-misc-0.2.0.jar:0.2.0]
	at org.apache.ratis.thirdparty.io.grpc.internal.ContextRunnable.run(ContextRunnable.java:37) [ratis-thirdparty-misc-0.2.0.jar:0.2.0]
	at org.apache.ratis.thirdparty.io.grpc.internal.SerializingExecutor.run(SerializingExecutor.java:123) [ratis-thirdparty-misc-0.2.0.jar:0.2.0]
	at java.util.concurrent.ThreadPoolExecutor.runWorker(ThreadPoolExecutor.java:1149) [?:1.8.0_212]
	at java.util.concurrent.ThreadPoolExecutor$Worker.run(ThreadPoolExecutor.java:624) [?:1.8.0_212]
	at java.lang.Thread.run(Thread.java:748) [?:1.8.0_212]
2019-09-16 22:08:50,940 [grpc-default-executor-3] INFO  client.GrpcClientProtocolClient (GrpcClientProtocolClient.java:onNext(264)) - client-4DDFE1143861->74ecbdb6-699d-4c3c-ab90-3d79e72ea4a8: receive RaftClientReply:client-4DDFE1143861->74ecbdb6-699d-4c3c-ab90-3d79e72ea4a8@group-E72450CA2CED, cid=91, FAILED org.apache.ratis.protocol.StateMachineException: org.apache.hadoop.hdds.scm.container.common.helpers.ContainerNotOpenException from Server 74ecbdb6-699d-4c3c-ab90-3d79e72ea4a8@group-E72450CA2CED: Container 3 in CLOSED state, logIndex=0, commits[74ecbdb6-699d-4c3c-ab90-3d79e72ea4a8:c109, 7decb6b1-ba7c-48d8-97ff-6a25276295c4:c109, a45c6565-035d-4d1b-87c5-293bdc0bfbe6:c13]
2019-09-16 22:08:50,945 [grpc-default-executor-3] INFO  client.GrpcClientProtocolClient (GrpcClientProtocolClient.java:onNext(264)) - client-4DDFE1143861->74ecbdb6-699d-4c3c-ab90-3d79e72ea4a8: receive RaftClientReply:client-4DDFE1143861->74ecbdb6-699d-4c3c-ab90-3d79e72ea4a8@group-E72450CA2CED, cid=92, FAILED org.apache.ratis.protocol.StateMachineException: org.apache.hadoop.hdds.scm.container.common.helpers.ContainerNotOpenException from Server 74ecbdb6-699d-4c3c-ab90-3d79e72ea4a8@group-E72450CA2CED: Container 3 in CLOSED state, logIndex=0, commits[74ecbdb6-699d-4c3c-ab90-3d79e72ea4a8:c109, 7decb6b1-ba7c-48d8-97ff-6a25276295c4:c109, a45c6565-035d-4d1b-87c5-293bdc0bfbe6:c13]
2019-09-16 22:08:51,008 [grpc-default-executor-4] INFO  impl.RaftServerProxy (RaftServerProxy.java:addNew(89)) - 74ecbdb6-699d-4c3c-ab90-3d79e72ea4a8: addNew group-3F020988BA76:[74ecbdb6-699d-4c3c-ab90-3d79e72ea4a8:192.168.34.35:43623, 7decb6b1-ba7c-48d8-97ff-6a25276295c4:192.168.34.35:43892, a45c6565-035d-4d1b-87c5-293bdc0bfbe6:192.168.34.35:34083] returns group-3F020988BA76:java.util.concurrent.CompletableFuture@7888ff6[Not completed]
2019-09-16 22:08:51,008 [grpc-default-executor-3] INFO  impl.RaftServerProxy (RaftServerProxy.java:addNew(89)) - 7decb6b1-ba7c-48d8-97ff-6a25276295c4: addNew group-3F020988BA76:[74ecbdb6-699d-4c3c-ab90-3d79e72ea4a8:192.168.34.35:43623, 7decb6b1-ba7c-48d8-97ff-6a25276295c4:192.168.34.35:43892, a45c6565-035d-4d1b-87c5-293bdc0bfbe6:192.168.34.35:34083] returns group-3F020988BA76:java.util.concurrent.CompletableFuture@32dcc63d[Not completed]
2019-09-16 22:08:51,008 [grpc-default-executor-1] INFO  impl.RaftServerProxy (RaftServerProxy.java:addNew(89)) - a45c6565-035d-4d1b-87c5-293bdc0bfbe6: addNew group-3F020988BA76:[74ecbdb6-699d-4c3c-ab90-3d79e72ea4a8:192.168.34.35:43623, 7decb6b1-ba7c-48d8-97ff-6a25276295c4:192.168.34.35:43892, a45c6565-035d-4d1b-87c5-293bdc0bfbe6:192.168.34.35:34083] returns group-3F020988BA76:java.util.concurrent.CompletableFuture@1d35bd35[Not completed]
2019-09-16 22:08:51,011 [pool-27-thread-1] INFO  impl.RaftServerImpl (RaftServerImpl.java:<init>(95)) - 74ecbdb6-699d-4c3c-ab90-3d79e72ea4a8: new RaftServerImpl for group-3F020988BA76:[74ecbdb6-699d-4c3c-ab90-3d79e72ea4a8:192.168.34.35:43623, 7decb6b1-ba7c-48d8-97ff-6a25276295c4:192.168.34.35:43892, a45c6565-035d-4d1b-87c5-293bdc0bfbe6:192.168.34.35:34083] with ContainerStateMachine:uninitialized
2019-09-16 22:08:51,011 [pool-27-thread-1] INFO  server.RaftServerConfigKeys (ConfUtils.java:logGet(43)) - raft.server.rpc.timeout.min = 5s (custom)
2019-09-16 22:08:51,011 [pool-27-thread-1] INFO  server.RaftServerConfigKeys (ConfUtils.java:logGet(43)) - raft.server.rpc.timeout.max = 5200ms (custom)
2019-09-16 22:08:51,011 [pool-27-thread-1] INFO  server.RaftServerConfigKeys (ConfUtils.java:logGet(43)) - raft.server.rpcslowness.timeout = 120s (custom)
2019-09-16 22:08:51,012 [pool-27-thread-1] INFO  server.RaftServerConfigKeys (ConfUtils.java:logGet(43)) - raft.server.sleep.deviation.threshold = 300 (default)
2019-09-16 22:08:51,012 [pool-27-thread-1] INFO  server.RaftServerConfigKeys (ConfUtils.java:logGet(43)) - raft.server.log.appender.install.snapshot.enabled = false (custom)
2019-09-16 22:08:51,012 [pool-27-thread-1] INFO  impl.RaftServerImpl (ServerState.java:<init>(103)) - 74ecbdb6-699d-4c3c-ab90-3d79e72ea4a8@group-3F020988BA76: ConfigurationManager, init=-1: [74ecbdb6-699d-4c3c-ab90-3d79e72ea4a8:192.168.34.35:43623, 7decb6b1-ba7c-48d8-97ff-6a25276295c4:192.168.34.35:43892, a45c6565-035d-4d1b-87c5-293bdc0bfbe6:192.168.34.35:34083], old=null, confs=<EMPTY_MAP>
2019-09-16 22:08:51,012 [pool-27-thread-1] INFO  server.RaftServerConfigKeys (ConfUtils.java:logGet(43)) - raft.server.storage.dir = [/workdir/hadoop-ozone/tools/target/test-dir/MiniOzoneClusterImpl-04b7bc9b-f24e-4aba-be31-39bb60c628cf/datanode-0/data/ratis] (custom)
2019-09-16 22:08:51,013 [pool-47-thread-1] INFO  impl.RaftServerImpl (RaftServerImpl.java:<init>(95)) - 7decb6b1-ba7c-48d8-97ff-6a25276295c4: new RaftServerImpl for group-3F020988BA76:[74ecbdb6-699d-4c3c-ab90-3d79e72ea4a8:192.168.34.35:43623, 7decb6b1-ba7c-48d8-97ff-6a25276295c4:192.168.34.35:43892, a45c6565-035d-4d1b-87c5-293bdc0bfbe6:192.168.34.35:34083] with ContainerStateMachine:uninitialized
2019-09-16 22:08:51,013 [pool-27-thread-1] INFO  storage.RaftStorageDirectory (RaftStorageDirectory.java:analyzeStorage(246)) - The storage directory /workdir/hadoop-ozone/tools/target/test-dir/MiniOzoneClusterImpl-04b7bc9b-f24e-4aba-be31-39bb60c628cf/datanode-0/data/ratis/3042a65c-c5a1-4cd0-bee7-3f020988ba76 does not exist. Creating ...
2019-09-16 22:08:51,013 [pool-47-thread-1] INFO  server.RaftServerConfigKeys (ConfUtils.java:logGet(43)) - raft.server.rpc.timeout.min = 5s (custom)
2019-09-16 22:08:51,013 [pool-47-thread-1] INFO  server.RaftServerConfigKeys (ConfUtils.java:logGet(43)) - raft.server.rpc.timeout.max = 5200ms (custom)
2019-09-16 22:08:51,014 [pool-47-thread-1] INFO  server.RaftServerConfigKeys (ConfUtils.java:logGet(43)) - raft.server.rpcslowness.timeout = 120s (custom)
2019-09-16 22:08:51,014 [pool-47-thread-1] INFO  server.RaftServerConfigKeys (ConfUtils.java:logGet(43)) - raft.server.sleep.deviation.threshold = 300 (default)
2019-09-16 22:08:51,014 [pool-37-thread-1] INFO  impl.RaftServerImpl (RaftServerImpl.java:<init>(95)) - a45c6565-035d-4d1b-87c5-293bdc0bfbe6: new RaftServerImpl for group-3F020988BA76:[74ecbdb6-699d-4c3c-ab90-3d79e72ea4a8:192.168.34.35:43623, 7decb6b1-ba7c-48d8-97ff-6a25276295c4:192.168.34.35:43892, a45c6565-035d-4d1b-87c5-293bdc0bfbe6:192.168.34.35:34083] with ContainerStateMachine:uninitialized
2019-09-16 22:08:51,014 [pool-47-thread-1] INFO  server.RaftServerConfigKeys (ConfUtils.java:logGet(43)) - raft.server.log.appender.install.snapshot.enabled = false (custom)
2019-09-16 22:08:51,014 [pool-37-thread-1] INFO  server.RaftServerConfigKeys (ConfUtils.java:logGet(43)) - raft.server.rpc.timeout.min = 5s (custom)
2019-09-16 22:08:51,014 [pool-47-thread-1] INFO  impl.RaftServerImpl (ServerState.java:<init>(103)) - 7decb6b1-ba7c-48d8-97ff-6a25276295c4@group-3F020988BA76: ConfigurationManager, init=-1: [74ecbdb6-699d-4c3c-ab90-3d79e72ea4a8:192.168.34.35:43623, 7decb6b1-ba7c-48d8-97ff-6a25276295c4:192.168.34.35:43892, a45c6565-035d-4d1b-87c5-293bdc0bfbe6:192.168.34.35:34083], old=null, confs=<EMPTY_MAP>
2019-09-16 22:08:51,014 [pool-37-thread-1] INFO  server.RaftServerConfigKeys (ConfUtils.java:logGet(43)) - raft.server.rpc.timeout.max = 5200ms (custom)
2019-09-16 22:08:51,015 [pool-47-thread-1] INFO  server.RaftServerConfigKeys (ConfUtils.java:logGet(43)) - raft.server.storage.dir = [/workdir/hadoop-ozone/tools/target/test-dir/MiniOzoneClusterImpl-04b7bc9b-f24e-4aba-be31-39bb60c628cf/datanode-2/data/ratis] (custom)
2019-09-16 22:08:51,015 [pool-37-thread-1] INFO  server.RaftServerConfigKeys (ConfUtils.java:logGet(43)) - raft.server.rpcslowness.timeout = 120s (custom)
2019-09-16 22:08:51,015 [pool-37-thread-1] INFO  server.RaftServerConfigKeys (ConfUtils.java:logGet(43)) - raft.server.sleep.deviation.threshold = 300 (default)
2019-09-16 22:08:51,015 [pool-37-thread-1] INFO  server.RaftServerConfigKeys (ConfUtils.java:logGet(43)) - raft.server.log.appender.install.snapshot.enabled = false (custom)
2019-09-16 22:08:51,015 [pool-47-thread-1] INFO  storage.RaftStorageDirectory (RaftStorageDirectory.java:analyzeStorage(246)) - The storage directory /workdir/hadoop-ozone/tools/target/test-dir/MiniOzoneClusterImpl-04b7bc9b-f24e-4aba-be31-39bb60c628cf/datanode-2/data/ratis/3042a65c-c5a1-4cd0-bee7-3f020988ba76 does not exist. Creating ...
2019-09-16 22:08:51,015 [pool-37-thread-1] INFO  impl.RaftServerImpl (ServerState.java:<init>(103)) - a45c6565-035d-4d1b-87c5-293bdc0bfbe6@group-3F020988BA76: ConfigurationManager, init=-1: [74ecbdb6-699d-4c3c-ab90-3d79e72ea4a8:192.168.34.35:43623, 7decb6b1-ba7c-48d8-97ff-6a25276295c4:192.168.34.35:43892, a45c6565-035d-4d1b-87c5-293bdc0bfbe6:192.168.34.35:34083], old=null, confs=<EMPTY_MAP>
2019-09-16 22:08:51,015 [pool-37-thread-1] INFO  server.RaftServerConfigKeys (ConfUtils.java:logGet(43)) - raft.server.storage.dir = [/workdir/hadoop-ozone/tools/target/test-dir/MiniOzoneClusterImpl-04b7bc9b-f24e-4aba-be31-39bb60c628cf/datanode-1/data/ratis] (custom)
2019-09-16 22:08:51,016 [pool-37-thread-1] INFO  storage.RaftStorageDirectory (RaftStorageDirectory.java:analyzeStorage(246)) - The storage directory /workdir/hadoop-ozone/tools/target/test-dir/MiniOzoneClusterImpl-04b7bc9b-f24e-4aba-be31-39bb60c628cf/datanode-1/data/ratis/3042a65c-c5a1-4cd0-bee7-3f020988ba76 does not exist. Creating ...
2019-09-16 22:08:51,027 [pool-27-thread-1] INFO  storage.RaftStorageDirectory (RaftStorageDirectory.java:tryLock(328)) - Lock on /workdir/hadoop-ozone/tools/target/test-dir/MiniOzoneClusterImpl-04b7bc9b-f24e-4aba-be31-39bb60c628cf/datanode-0/data/ratis/3042a65c-c5a1-4cd0-bee7-3f020988ba76/in_use.lock acquired by nodename 12866@pr-hdds-2120-pf7zr-4137305271
2019-09-16 22:08:51,027 [pool-47-thread-1] INFO  storage.RaftStorageDirectory (RaftStorageDirectory.java:tryLock(328)) - Lock on /workdir/hadoop-ozone/tools/target/test-dir/MiniOzoneClusterImpl-04b7bc9b-f24e-4aba-be31-39bb60c628cf/datanode-2/data/ratis/3042a65c-c5a1-4cd0-bee7-3f020988ba76/in_use.lock acquired by nodename 12866@pr-hdds-2120-pf7zr-4137305271
2019-09-16 22:08:51,027 [pool-37-thread-1] INFO  storage.RaftStorageDirectory (RaftStorageDirectory.java:tryLock(328)) - Lock on /workdir/hadoop-ozone/tools/target/test-dir/MiniOzoneClusterImpl-04b7bc9b-f24e-4aba-be31-39bb60c628cf/datanode-1/data/ratis/3042a65c-c5a1-4cd0-bee7-3f020988ba76/in_use.lock acquired by nodename 12866@pr-hdds-2120-pf7zr-4137305271
2019-09-16 22:08:51,041 [pool-47-thread-1] INFO  storage.RaftStorage (RaftStorage.java:format(72)) - Storage directory /workdir/hadoop-ozone/tools/target/test-dir/MiniOzoneClusterImpl-04b7bc9b-f24e-4aba-be31-39bb60c628cf/datanode-2/data/ratis/3042a65c-c5a1-4cd0-bee7-3f020988ba76 has been successfully formatted.
2019-09-16 22:08:51,041 [pool-27-thread-1] INFO  storage.RaftStorage (RaftStorage.java:format(72)) - Storage directory /workdir/hadoop-ozone/tools/target/test-dir/MiniOzoneClusterImpl-04b7bc9b-f24e-4aba-be31-39bb60c628cf/datanode-0/data/ratis/3042a65c-c5a1-4cd0-bee7-3f020988ba76 has been successfully formatted.
2019-09-16 22:08:51,041 [pool-47-thread-1] INFO  ratis.ContainerStateMachine (ContainerStateMachine.java:loadSnapshot(230)) - group-3F020988BA76: The snapshot info is null. Setting the last applied indexto:(t:0, i:~)
2019-09-16 22:08:51,041 [pool-37-thread-1] INFO  storage.RaftStorage (RaftStorage.java:format(72)) - Storage directory /workdir/hadoop-ozone/tools/target/test-dir/MiniOzoneClusterImpl-04b7bc9b-f24e-4aba-be31-39bb60c628cf/datanode-1/data/ratis/3042a65c-c5a1-4cd0-bee7-3f020988ba76 has been successfully formatted.
2019-09-16 22:08:51,042 [pool-27-thread-1] INFO  ratis.ContainerStateMachine (ContainerStateMachine.java:loadSnapshot(230)) - group-3F020988BA76: The snapshot info is null. Setting the last applied indexto:(t:0, i:~)
2019-09-16 22:08:51,042 [pool-47-thread-1] INFO  server.RaftServerConfigKeys (ConfUtils.java:logGet(43)) - raft.server.notification.no-leader.timeout = 120s (custom)
2019-09-16 22:08:51,042 [pool-37-thread-1] INFO  ratis.ContainerStateMachine (ContainerStateMachine.java:loadSnapshot(230)) - group-3F020988BA76: The snapshot info is null. Setting the last applied indexto:(t:0, i:~)
2019-09-16 22:08:51,042 [pool-27-thread-1] INFO  server.RaftServerConfigKeys (ConfUtils.java:logGet(43)) - raft.server.notification.no-leader.timeout = 120s (custom)
2019-09-16 22:08:51,042 [pool-37-thread-1] INFO  server.RaftServerConfigKeys (ConfUtils.java:logGet(43)) - raft.server.notification.no-leader.timeout = 120s (custom)
2019-09-16 22:08:51,042 [pool-47-thread-1] INFO  server.RaftServerConfigKeys (ConfUtils.java:logGet(43)) - raft.server.log.use.memory = false (default)
2019-09-16 22:08:51,043 [pool-37-thread-1] INFO  server.RaftServerConfigKeys (ConfUtils.java:logGet(43)) - raft.server.log.use.memory = false (default)
2019-09-16 22:08:51,042 [pool-27-thread-1] INFO  server.RaftServerConfigKeys (ConfUtils.java:logGet(43)) - raft.server.log.use.memory = false (default)
2019-09-16 22:08:51,043 [pool-37-thread-1] INFO  server.RaftServerConfigKeys (ConfUtils.java:logGet(43)) - raft.server.log.purge.gap = 1000000 (custom)
2019-09-16 22:08:51,043 [pool-47-thread-1] INFO  server.RaftServerConfigKeys (ConfUtils.java:logGet(43)) - raft.server.log.purge.gap = 1000000 (custom)
2019-09-16 22:08:51,043 [pool-37-thread-1] INFO  server.RaftServerConfigKeys (ConfUtils.java:logGet(43)) - raft.server.log.appender.buffer.byte-limit = 33554432 (custom)
2019-09-16 22:08:51,043 [pool-27-thread-1] INFO  server.RaftServerConfigKeys (ConfUtils.java:logGet(43)) - raft.server.log.purge.gap = 1000000 (custom)
2019-09-16 22:08:51,044 [pool-37-thread-1] INFO  server.RaftServerConfigKeys (ConfUtils.java:logGet(43)) - raft.server.log.segment.size.max = 1048576 (custom)
2019-09-16 22:08:51,043 [pool-47-thread-1] INFO  server.RaftServerConfigKeys (ConfUtils.java:logGet(43)) - raft.server.log.appender.buffer.byte-limit = 33554432 (custom)
2019-09-16 22:08:51,044 [pool-37-thread-1] INFO  server.RaftServerConfigKeys (ConfUtils.java:logGet(43)) - raft.server.log.segment.cache.num.max = 2 (custom)
2019-09-16 22:08:51,044 [pool-27-thread-1] INFO  server.RaftServerConfigKeys (ConfUtils.java:logGet(43)) - raft.server.log.appender.buffer.byte-limit = 33554432 (custom)
2019-09-16 22:08:51,044 [pool-37-thread-1] INFO  segmented.SegmentedRaftLogWorker (SegmentedRaftLogWorker.java:<init>(172)) - new a45c6565-035d-4d1b-87c5-293bdc0bfbe6@group-3F020988BA76-SegmentedRaftLogWorker for RaftStorage:Storage Directory /workdir/hadoop-ozone/tools/target/test-dir/MiniOzoneClusterImpl-04b7bc9b-f24e-4aba-be31-39bb60c628cf/datanode-1/data/ratis/3042a65c-c5a1-4cd0-bee7-3f020988ba76
2019-09-16 22:08:51,044 [pool-47-thread-1] INFO  server.RaftServerConfigKeys (ConfUtils.java:logGet(43)) - raft.server.log.segment.size.max = 1048576 (custom)
2019-09-16 22:08:51,044 [pool-27-thread-1] INFO  server.RaftServerConfigKeys (ConfUtils.java:logGet(43)) - raft.server.log.segment.size.max = 1048576 (custom)
2019-09-16 22:08:51,045 [pool-47-thread-1] INFO  server.RaftServerConfigKeys (ConfUtils.java:logGet(43)) - raft.server.log.segment.cache.num.max = 2 (custom)
2019-09-16 22:08:51,045 [pool-37-thread-1] INFO  server.RaftServerConfigKeys (ConfUtils.java:logGet(43)) - raft.server.log.queue.byte-limit = 2147483647 (custom)
2019-09-16 22:08:51,045 [pool-47-thread-1] INFO  segmented.SegmentedRaftLogWorker (SegmentedRaftLogWorker.java:<init>(172)) - new 7decb6b1-ba7c-48d8-97ff-6a25276295c4@group-3F020988BA76-SegmentedRaftLogWorker for RaftStorage:Storage Directory /workdir/hadoop-ozone/tools/target/test-dir/MiniOzoneClusterImpl-04b7bc9b-f24e-4aba-be31-39bb60c628cf/datanode-2/data/ratis/3042a65c-c5a1-4cd0-bee7-3f020988ba76
2019-09-16 22:08:51,045 [pool-27-thread-1] INFO  server.RaftServerConfigKeys (ConfUtils.java:logGet(43)) - raft.server.log.segment.cache.num.max = 2 (custom)
2019-09-16 22:08:51,045 [pool-47-thread-1] INFO  server.RaftServerConfigKeys (ConfUtils.java:logGet(43)) - raft.server.log.queue.byte-limit = 2147483647 (custom)
2019-09-16 22:08:51,045 [pool-37-thread-1] INFO  server.RaftServerConfigKeys (ConfUtils.java:logGet(43)) - raft.server.log.queue.element-limit = 1024 (custom)
2019-09-16 22:08:51,046 [pool-47-thread-1] INFO  server.RaftServerConfigKeys (ConfUtils.java:logGet(43)) - raft.server.log.queue.element-limit = 1024 (custom)
2019-09-16 22:08:51,045 [pool-27-thread-1] INFO  segmented.SegmentedRaftLogWorker (SegmentedRaftLogWorker.java:<init>(172)) - new 74ecbdb6-699d-4c3c-ab90-3d79e72ea4a8@group-3F020988BA76-SegmentedRaftLogWorker for RaftStorage:Storage Directory /workdir/hadoop-ozone/tools/target/test-dir/MiniOzoneClusterImpl-04b7bc9b-f24e-4aba-be31-39bb60c628cf/datanode-0/data/ratis/3042a65c-c5a1-4cd0-bee7-3f020988ba76
2019-09-16 22:08:51,046 [pool-47-thread-1] INFO  server.RaftServerConfigKeys (ConfUtils.java:logGet(43)) - raft.server.log.segment.size.max = 1048576 (custom)
2019-09-16 22:08:51,046 [pool-37-thread-1] INFO  server.RaftServerConfigKeys (ConfUtils.java:logGet(43)) - raft.server.log.segment.size.max = 1048576 (custom)
2019-09-16 22:08:51,046 [pool-47-thread-1] INFO  server.RaftServerConfigKeys (ConfUtils.java:logGet(43)) - raft.server.log.preallocated.size = 16384 (custom)
2019-09-16 22:08:51,046 [pool-27-thread-1] INFO  server.RaftServerConfigKeys (ConfUtils.java:logGet(43)) - raft.server.log.queue.byte-limit = 2147483647 (custom)
2019-09-16 22:08:51,046 [pool-47-thread-1] INFO  server.RaftServerConfigKeys (ConfUtils.java:logGet(43)) - raft.server.log.write.buffer.size = 33554432 (custom)
2019-09-16 22:08:51,046 [pool-37-thread-1] INFO  server.RaftServerConfigKeys (ConfUtils.java:logGet(43)) - raft.server.log.preallocated.size = 16384 (custom)
2019-09-16 22:08:51,047 [pool-47-thread-1] INFO  server.RaftServerConfigKeys (ConfUtils.java:logGet(43)) - raft.server.log.force.sync.num = 128 (default)
2019-09-16 22:08:51,047 [pool-27-thread-1] INFO  server.RaftServerConfigKeys (ConfUtils.java:logGet(43)) - raft.server.log.queue.element-limit = 1024 (custom)
2019-09-16 22:08:51,047 [pool-47-thread-1] INFO  server.RaftServerConfigKeys (ConfUtils.java:logGet(43)) - raft.server.log.statemachine.data.sync = true (default)
2019-09-16 22:08:51,047 [pool-37-thread-1] INFO  server.RaftServerConfigKeys (ConfUtils.java:logGet(43)) - raft.server.log.write.buffer.size = 33554432 (custom)
2019-09-16 22:08:51,047 [pool-47-thread-1] INFO  server.RaftServerConfigKeys (ConfUtils.java:logGet(43)) - raft.server.log.statemachine.data.sync.timeout = 10s (default)
2019-09-16 22:08:51,047 [pool-27-thread-1] INFO  server.RaftServerConfigKeys (ConfUtils.java:logGet(43)) - raft.server.log.segment.size.max = 1048576 (custom)
2019-09-16 22:08:51,048 [pool-47-thread-1] INFO  server.RaftServerConfigKeys (ConfUtils.java:logGet(43)) - raft.server.log.statemachine.data.sync.timeout.retry = -1 (default)
2019-09-16 22:08:51,048 [pool-37-thread-1] INFO  server.RaftServerConfigKeys (ConfUtils.java:logGet(43)) - raft.server.log.force.sync.num = 128 (default)
2019-09-16 22:08:51,048 [pool-47-thread-1] INFO  server.RaftServerConfigKeys (ConfUtils.java:logGet(43)) - raft.server.log.statemachine.data.caching.enabled = true (custom)
2019-09-16 22:08:51,048 [pool-27-thread-1] INFO  server.RaftServerConfigKeys (ConfUtils.java:logGet(43)) - raft.server.log.preallocated.size = 16384 (custom)
2019-09-16 22:08:51,048 [pool-37-thread-1] INFO  server.RaftServerConfigKeys (ConfUtils.java:logGet(43)) - raft.server.log.statemachine.data.sync = true (default)
2019-09-16 22:08:51,048 [pool-27-thread-1] INFO  server.RaftServerConfigKeys (ConfUtils.java:logGet(43)) - raft.server.log.write.buffer.size = 33554432 (custom)
2019-09-16 22:08:51,048 [pool-47-thread-1] INFO  segmented.SegmentedRaftLogWorker (SegmentedRaftLogWorker.java:lambda$new$0(132)) - 7decb6b1-ba7c-48d8-97ff-6a25276295c4@group-3F020988BA76-SegmentedRaftLogWorker: flushIndex: setUnconditionally 0 -> -1
2019-09-16 22:08:51,049 [pool-27-thread-1] INFO  server.RaftServerConfigKeys (ConfUtils.java:logGet(43)) - raft.server.log.force.sync.num = 128 (default)
2019-09-16 22:08:51,049 [pool-37-thread-1] INFO  server.RaftServerConfigKeys (ConfUtils.java:logGet(43)) - raft.server.log.statemachine.data.sync.timeout = 10s (default)
2019-09-16 22:08:51,049 [pool-47-thread-1] INFO  server.RaftServerConfigKeys (ConfUtils.java:logGet(43)) - raft.server.snapshot.auto.trigger.enabled = true (custom)
2019-09-16 22:08:51,049 [pool-27-thread-1] INFO  server.RaftServerConfigKeys (ConfUtils.java:logGet(43)) - raft.server.log.statemachine.data.sync = true (default)
2019-09-16 22:08:51,049 [pool-47-thread-1] INFO  server.RaftServerConfigKeys (ConfUtils.java:logGet(43)) - raft.server.snapshot.auto.trigger.threshold = 10000 (custom)
2019-09-16 22:08:51,049 [pool-37-thread-1] INFO  server.RaftServerConfigKeys (ConfUtils.java:logGet(43)) - raft.server.log.statemachine.data.sync.timeout.retry = -1 (default)
2019-09-16 22:08:51,049 [pool-47-thread-1] INFO  server.RaftServerConfigKeys (ConfUtils.java:logGet(43)) - raft.server.snapshot.retention.num.files = -1 (default)
2019-09-16 22:08:51,049 [pool-27-thread-1] INFO  server.RaftServerConfigKeys (ConfUtils.java:logGet(43)) - raft.server.log.statemachine.data.sync.timeout = 10s (default)
2019-09-16 22:08:51,050 [pool-47-thread-1] INFO  server.RaftServerConfigKeys (ConfUtils.java:logGet(43)) - raft.server.retrycache.expirytime = 600000ms (custom)
2019-09-16 22:08:51,050 [pool-37-thread-1] INFO  server.RaftServerConfigKeys (ConfUtils.java:logGet(43)) - raft.server.log.statemachine.data.caching.enabled = true (custom)
2019-09-16 22:08:51,050 [pool-27-thread-1] INFO  server.RaftServerConfigKeys (ConfUtils.java:logGet(43)) - raft.server.log.statemachine.data.sync.timeout.retry = -1 (default)
2019-09-16 22:08:51,050 [pool-37-thread-1] INFO  segmented.SegmentedRaftLogWorker (SegmentedRaftLogWorker.java:lambda$new$0(132)) - a45c6565-035d-4d1b-87c5-293bdc0bfbe6@group-3F020988BA76-SegmentedRaftLogWorker: flushIndex: setUnconditionally 0 -> -1
2019-09-16 22:08:51,050 [pool-27-thread-1] INFO  server.RaftServerConfigKeys (ConfUtils.java:logGet(43)) - raft.server.log.statemachine.data.caching.enabled = true (custom)
2019-09-16 22:08:51,051 [pool-27-thread-1] INFO  segmented.SegmentedRaftLogWorker (SegmentedRaftLogWorker.java:lambda$new$0(132)) - 74ecbdb6-699d-4c3c-ab90-3d79e72ea4a8@group-3F020988BA76-SegmentedRaftLogWorker: flushIndex: setUnconditionally 0 -> -1
2019-09-16 22:08:51,051 [pool-37-thread-1] INFO  server.RaftServerConfigKeys (ConfUtils.java:logGet(43)) - raft.server.snapshot.auto.trigger.enabled = true (custom)
2019-09-16 22:08:51,051 [pool-27-thread-1] INFO  server.RaftServerConfigKeys (ConfUtils.java:logGet(43)) - raft.server.snapshot.auto.trigger.enabled = true (custom)
2019-09-16 22:08:51,051 [pool-37-thread-1] INFO  server.RaftServerConfigKeys (ConfUtils.java:logGet(43)) - raft.server.snapshot.auto.trigger.threshold = 10000 (custom)
2019-09-16 22:08:51,051 [pool-27-thread-1] INFO  server.RaftServerConfigKeys (ConfUtils.java:logGet(43)) - raft.server.snapshot.auto.trigger.threshold = 10000 (custom)
2019-09-16 22:08:51,052 [pool-37-thread-1] INFO  server.RaftServerConfigKeys (ConfUtils.java:logGet(43)) - raft.server.snapshot.retention.num.files = -1 (default)
2019-09-16 22:08:51,052 [pool-27-thread-1] INFO  server.RaftServerConfigKeys (ConfUtils.java:logGet(43)) - raft.server.snapshot.retention.num.files = -1 (default)
2019-09-16 22:08:51,052 [pool-37-thread-1] INFO  server.RaftServerConfigKeys (ConfUtils.java:logGet(43)) - raft.server.retrycache.expirytime = 600000ms (custom)
2019-09-16 22:08:51,054 [pool-47-thread-1] INFO  impl.RaftServerImpl (RaftServerImpl.java:start(185)) - 7decb6b1-ba7c-48d8-97ff-6a25276295c4@group-3F020988BA76: start as a follower, conf=-1: [74ecbdb6-699d-4c3c-ab90-3d79e72ea4a8:192.168.34.35:43623, 7decb6b1-ba7c-48d8-97ff-6a25276295c4:192.168.34.35:43892, a45c6565-035d-4d1b-87c5-293bdc0bfbe6:192.168.34.35:34083], old=null
2019-09-16 22:08:51,052 [pool-27-thread-1] INFO  server.RaftServerConfigKeys (ConfUtils.java:logGet(43)) - raft.server.retrycache.expirytime = 600000ms (custom)
2019-09-16 22:08:51,054 [pool-47-thread-1] INFO  impl.RaftServerImpl (RaftServerImpl.java:setRole(174)) - 7decb6b1-ba7c-48d8-97ff-6a25276295c4@group-3F020988BA76: changes role from      null to FOLLOWER at term 0 for startAsFollower
2019-09-16 22:08:51,054 [pool-47-thread-1] INFO  impl.RoleInfo (RoleInfo.java:updateAndGet(143)) - 7decb6b1-ba7c-48d8-97ff-6a25276295c4: start FollowerState
2019-09-16 22:08:51,055 [pool-47-thread-1] INFO  util.JmxRegister (JmxRegister.java:tryRegister(44)) - Successfully registered JMX Bean with object name Ratis:service=RaftServer,group=group-3F020988BA76,id=7decb6b1-ba7c-48d8-97ff-6a25276295c4
2019-09-16 22:08:51,061 [pool-37-thread-1] INFO  impl.RaftServerImpl (RaftServerImpl.java:start(185)) - a45c6565-035d-4d1b-87c5-293bdc0bfbe6@group-3F020988BA76: start as a follower, conf=-1: [74ecbdb6-699d-4c3c-ab90-3d79e72ea4a8:192.168.34.35:43623, 7decb6b1-ba7c-48d8-97ff-6a25276295c4:192.168.34.35:43892, a45c6565-035d-4d1b-87c5-293bdc0bfbe6:192.168.34.35:34083], old=null
2019-09-16 22:08:51,061 [pool-37-thread-1] INFO  impl.RaftServerImpl (RaftServerImpl.java:setRole(174)) - a45c6565-035d-4d1b-87c5-293bdc0bfbe6@group-3F020988BA76: changes role from      null to FOLLOWER at term 0 for startAsFollower
2019-09-16 22:08:51,061 [pool-27-thread-1] INFO  impl.RaftServerImpl (RaftServerImpl.java:start(185)) - 74ecbdb6-699d-4c3c-ab90-3d79e72ea4a8@group-3F020988BA76: start as a follower, conf=-1: [74ecbdb6-699d-4c3c-ab90-3d79e72ea4a8:192.168.34.35:43623, 7decb6b1-ba7c-48d8-97ff-6a25276295c4:192.168.34.35:43892, a45c6565-035d-4d1b-87c5-293bdc0bfbe6:192.168.34.35:34083], old=null
2019-09-16 22:08:51,061 [pool-37-thread-1] INFO  impl.RoleInfo (RoleInfo.java:updateAndGet(143)) - a45c6565-035d-4d1b-87c5-293bdc0bfbe6: start FollowerState
2019-09-16 22:08:51,061 [pool-27-thread-1] INFO  impl.RaftServerImpl (RaftServerImpl.java:setRole(174)) - 74ecbdb6-699d-4c3c-ab90-3d79e72ea4a8@group-3F020988BA76: changes role from      null to FOLLOWER at term 0 for startAsFollower
2019-09-16 22:08:51,061 [pool-27-thread-1] INFO  impl.RoleInfo (RoleInfo.java:updateAndGet(143)) - 74ecbdb6-699d-4c3c-ab90-3d79e72ea4a8: start FollowerState
2019-09-16 22:08:51,062 [pool-37-thread-1] INFO  util.JmxRegister (JmxRegister.java:tryRegister(44)) - Successfully registered JMX Bean with object name Ratis:service=RaftServer,group=group-3F020988BA76,id=a45c6565-035d-4d1b-87c5-293bdc0bfbe6
2019-09-16 22:08:51,062 [pool-27-thread-1] INFO  util.JmxRegister (JmxRegister.java:tryRegister(44)) - Successfully registered JMX Bean with object name Ratis:service=RaftServer,group=group-3F020988BA76,id=74ecbdb6-699d-4c3c-ab90-3d79e72ea4a8
2019-09-16 22:08:51,074 [IPC Server handler 1 on 40919] INFO  pipeline.PipelineStateManager (PipelineStateManager.java:addPipeline(56)) - Created pipeline Pipeline[ Id: 3042a65c-c5a1-4cd0-bee7-3f020988ba76, Nodes: 74ecbdb6-699d-4c3c-ab90-3d79e72ea4a8{ip: 192.168.34.35, host: pr-hdds-2120-pf7zr-4137305271, networkLocation: /default-rack, certSerialId: null}7decb6b1-ba7c-48d8-97ff-6a25276295c4{ip: 192.168.34.35, host: pr-hdds-2120-pf7zr-4137305271, networkLocation: /default-rack, certSerialId: null}a45c6565-035d-4d1b-87c5-293bdc0bfbe6{ip: 192.168.34.35, host: pr-hdds-2120-pf7zr-4137305271, networkLocation: /default-rack, certSerialId: null}, Type:RATIS, Factor:THREE, State:OPEN]
2019-09-16 22:08:51,100 [grpc-default-executor-1] INFO  client.GrpcClientProtocolClient (GrpcClientProtocolClient.java:onNext(264)) - client-D16144B3ECAE->74ecbdb6-699d-4c3c-ab90-3d79e72ea4a8: receive RaftClientReply:client-D16144B3ECAE->74ecbdb6-699d-4c3c-ab90-3d79e72ea4a8@group-3F020988BA76, cid=96, FAILED org.apache.ratis.protocol.NotLeaderException: Server 74ecbdb6-699d-4c3c-ab90-3d79e72ea4a8@group-3F020988BA76 is not the leader, logIndex=0, commits[74ecbdb6-699d-4c3c-ab90-3d79e72ea4a8:c-1]
 0.00% |█                                                                                                    |  0/1 Time: 0:00:342019-09-16 22:08:52,105 [org.apache.ratis.server.impl.LogAppender$AppenderDaemon$$Lambda$483/432682965@1cfba9cb] ERROR ratis.XceiverServerRatis (XceiverServerRatis.java:triggerPipelineClose(568)) - pipeline Action CLOSE  on pipeline PipelineID=b13ef001-8a94-452d-a6a3-e72450ca2ced.Reason : 74ecbdb6-699d-4c3c-ab90-3d79e72ea4a8 has not seen follower/s a45c6565-035d-4d1b-87c5-293bdc0bfbe6 for 127607ms
2019-09-16 22:08:52,113 [EventQueue-PipelineActionsForPipelineActionHandler] ERROR pipeline.PipelineActionHandler (PipelineActionHandler.java:onMessage(60)) - Received pipeline action CLOSE for Pipeline[ Id: b13ef001-8a94-452d-a6a3-e72450ca2ced, Nodes: 74ecbdb6-699d-4c3c-ab90-3d79e72ea4a8{ip: 192.168.34.35, host: pr-hdds-2120-pf7zr-4137305271, networkLocation: /default-rack, certSerialId: null}7decb6b1-ba7c-48d8-97ff-6a25276295c4{ip: 192.168.34.35, host: pr-hdds-2120-pf7zr-4137305271, networkLocation: /default-rack, certSerialId: null}a45c6565-035d-4d1b-87c5-293bdc0bfbe6{ip: 192.168.34.35, host: pr-hdds-2120-pf7zr-4137305271, networkLocation: /default-rack, certSerialId: null}, Type:RATIS, Factor:THREE, State:CLOSED] from datanode 74ecbdb6-699d-4c3c-ab90-3d79e72ea4a8{ip: 192.168.34.35, host: pr-hdds-2120-pf7zr-4137305271, networkLocation: /default-rack, certSerialId: null}. Reason : 74ecbdb6-699d-4c3c-ab90-3d79e72ea4a8 has not seen follower/s a45c6565-035d-4d1b-87c5-293bdc0bfbe6 for 127607ms
2019-09-16 22:08:52,114 [EventQueue-PipelineActionsForPipelineActionHandler] INFO  pipeline.SCMPipelineManager (SCMPipelineManager.java:finalizeAndDestroyPipeline(311)) - destroying pipeline:Pipeline[ Id: b13ef001-8a94-452d-a6a3-e72450ca2ced, Nodes: 74ecbdb6-699d-4c3c-ab90-3d79e72ea4a8{ip: 192.168.34.35, host: pr-hdds-2120-pf7zr-4137305271, networkLocation: /default-rack, certSerialId: null}7decb6b1-ba7c-48d8-97ff-6a25276295c4{ip: 192.168.34.35, host: pr-hdds-2120-pf7zr-4137305271, networkLocation: /default-rack, certSerialId: null}a45c6565-035d-4d1b-87c5-293bdc0bfbe6{ip: 192.168.34.35, host: pr-hdds-2120-pf7zr-4137305271, networkLocation: /default-rack, certSerialId: null}, Type:RATIS, Factor:THREE, State:CLOSED]
2019-09-16 22:08:52,130 [grpc-default-executor-3] INFO  client.GrpcClientProtocolClient (GrpcClientProtocolClient.java:onNext(264)) - client-D16144B3ECAE->7decb6b1-ba7c-48d8-97ff-6a25276295c4: receive RaftClientReply:client-D16144B3ECAE->7decb6b1-ba7c-48d8-97ff-6a25276295c4@group-3F020988BA76, cid=96, FAILED org.apache.ratis.protocol.NotLeaderException: Server 7decb6b1-ba7c-48d8-97ff-6a25276295c4@group-3F020988BA76 is not the leader, logIndex=0, commits[7decb6b1-ba7c-48d8-97ff-6a25276295c4:c-1]
2019-09-16 22:08:52,604 [java.util.concurrent.ThreadPoolExecutor$Worker@6e328994[State = -1, empty queue]] WARN  server.GrpcLogAppender (GrpcLogAppender.java:timeoutAppendRequest(200)) - 74ecbdb6-699d-4c3c-ab90-3d79e72ea4a8@group-E72450CA2CED->a45c6565-035d-4d1b-87c5-293bdc0bfbe6-GrpcLogAppender: appendEntries Timeout, request=74ecbdb6-699d-4c3c-ab90-3d79e72ea4a8->a45c6565-035d-4d1b-87c5-293bdc0bfbe6#155-t1, previous=(t:1, i:109), leaderCommit=109, initializing? false, entries: <empty>
 0.00% |█                                                                                                    |  0/1 Time: 0:00:352019-09-16 22:08:53,169 [grpc-default-executor-1] INFO  client.GrpcClientProtocolClient (GrpcClientProtocolClient.java:onNext(264)) - client-D16144B3ECAE->74ecbdb6-699d-4c3c-ab90-3d79e72ea4a8: receive RaftClientReply:client-D16144B3ECAE->74ecbdb6-699d-4c3c-ab90-3d79e72ea4a8@group-3F020988BA76, cid=96, FAILED org.apache.ratis.protocol.NotLeaderException: Server 74ecbdb6-699d-4c3c-ab90-3d79e72ea4a8@group-3F020988BA76 is not the leader, logIndex=0, commits[74ecbdb6-699d-4c3c-ab90-3d79e72ea4a8:c-1]
 0.00% |█                                                                                                    |  0/1 Time: 0:00:362019-09-16 22:08:54,204 [grpc-default-executor-3] INFO  client.GrpcClientProtocolClient (GrpcClientProtocolClient.java:onNext(264)) - client-D16144B3ECAE->a45c6565-035d-4d1b-87c5-293bdc0bfbe6: receive RaftClientReply:client-D16144B3ECAE->a45c6565-035d-4d1b-87c5-293bdc0bfbe6@group-3F020988BA76, cid=96, FAILED org.apache.ratis.protocol.NotLeaderException: Server a45c6565-035d-4d1b-87c5-293bdc0bfbe6@group-3F020988BA76 is not the leader, logIndex=0, commits[a45c6565-035d-4d1b-87c5-293bdc0bfbe6:c-1]
2019-09-16 22:08:54,606 [org.apache.ratis.server.impl.LogAppender$AppenderDaemon$$Lambda$483/432682965@1cfba9cb] ERROR ratis.XceiverServerRatis (XceiverServerRatis.java:triggerPipelineClose(568)) - pipeline Action CLOSE  on pipeline PipelineID=b13ef001-8a94-452d-a6a3-e72450ca2ced.Reason : 74ecbdb6-699d-4c3c-ab90-3d79e72ea4a8 has not seen follower/s a45c6565-035d-4d1b-87c5-293bdc0bfbe6 for 130109ms
2019-09-16 22:08:54,665 [a45c6565-035d-4d1b-87c5-293bdc0bfbe6@group-E72450CA2CED-SegmentedRaftLogWorker] WARN  segmented.SegmentedRaftLogWorker (SegmentedRaftLogWorker.java:getFromFuture(90)) - Timeout 12/~
org.apache.ratis.protocol.TimeoutIOException: Timeout 10s: WriteLog:18: (t:1, i:18), STATEMACHINELOGENTRY, client-4A0AD11AF982, cid=17-writeStateMachineData
	at org.apache.ratis.util.IOUtils.getFromFuture(IOUtils.java:87)
	at org.apache.ratis.server.raftlog.segmented.SegmentedRaftLogWorker$StateMachineDataPolicy.getFromFuture(SegmentedRaftLogWorker.java:87)
	at org.apache.ratis.server.raftlog.segmented.SegmentedRaftLogWorker$WriteLog.execute(SegmentedRaftLogWorker.java:477)
	at org.apache.ratis.server.raftlog.segmented.SegmentedRaftLogWorker.run(SegmentedRaftLogWorker.java:289)
	at java.lang.Thread.run(Thread.java:748)
Caused by: java.util.concurrent.TimeoutException
	at java.util.concurrent.CompletableFuture.timedGet(CompletableFuture.java:1771)
	at java.util.concurrent.CompletableFuture.get(CompletableFuture.java:1915)
	at org.apache.ratis.util.IOUtils.getFromFuture(IOUtils.java:79)
	... 4 more
2019-09-16 22:08:54,755 [Thread-666] INFO  client.GrpcClientProtocolService (GrpcClientProtocolService.java:lambda$processClientRequest$0(278)) - Failed RaftClientRequest:client-8E91090CF37E->74ecbdb6-699d-4c3c-ab90-3d79e72ea4a8@group-E72450CA2CED, cid=81, seq=0, Watch-ALL_COMMITTED(98), Message:<EMPTY>, reply=RaftClientReply:client-8E91090CF37E->74ecbdb6-699d-4c3c-ab90-3d79e72ea4a8@group-E72450CA2CED, cid=81, FAILED org.apache.ratis.protocol.NotReplicatedException: Request with call Id 81 and log index 98 is not yet replicated to ALL_COMMITTED, logIndex=98, commits[74ecbdb6-699d-4c3c-ab90-3d79e72ea4a8:c109, 7decb6b1-ba7c-48d8-97ff-6a25276295c4:c109, a45c6565-035d-4d1b-87c5-293bdc0bfbe6:c13]
 0.00% |█                                                                                                    |  0/1 Time: 0:00:372019-09-16 22:08:55,105 [java.util.concurrent.ThreadPoolExecutor$Worker@6e328994[State = -1, empty queue]] WARN  server.GrpcLogAppender (GrpcLogAppender.java:timeoutAppendRequest(200)) - 74ecbdb6-699d-4c3c-ab90-3d79e72ea4a8@group-E72450CA2CED->a45c6565-035d-4d1b-87c5-293bdc0bfbe6-GrpcLogAppender: appendEntries Timeout, request=74ecbdb6-699d-4c3c-ab90-3d79e72ea4a8->a45c6565-035d-4d1b-87c5-293bdc0bfbe6#156-t1, previous=(t:1, i:109), leaderCommit=109, initializing? false, entries: <empty>
2019-09-16 22:08:55,113 [EventQueue-PipelineActionsForPipelineActionHandler] ERROR pipeline.PipelineActionHandler (PipelineActionHandler.java:onMessage(60)) - Received pipeline action CLOSE for Pipeline[ Id: b13ef001-8a94-452d-a6a3-e72450ca2ced, Nodes: 74ecbdb6-699d-4c3c-ab90-3d79e72ea4a8{ip: 192.168.34.35, host: pr-hdds-2120-pf7zr-4137305271, networkLocation: /default-rack, certSerialId: null}7decb6b1-ba7c-48d8-97ff-6a25276295c4{ip: 192.168.34.35, host: pr-hdds-2120-pf7zr-4137305271, networkLocation: /default-rack, certSerialId: null}a45c6565-035d-4d1b-87c5-293bdc0bfbe6{ip: 192.168.34.35, host: pr-hdds-2120-pf7zr-4137305271, networkLocation: /default-rack, certSerialId: null}, Type:RATIS, Factor:THREE, State:CLOSED] from datanode 74ecbdb6-699d-4c3c-ab90-3d79e72ea4a8{ip: 192.168.34.35, host: pr-hdds-2120-pf7zr-4137305271, networkLocation: /default-rack, certSerialId: null}. Reason : 74ecbdb6-699d-4c3c-ab90-3d79e72ea4a8 has not seen follower/s a45c6565-035d-4d1b-87c5-293bdc0bfbe6 for 130109ms
2019-09-16 22:08:55,113 [EventQueue-PipelineActionsForPipelineActionHandler] INFO  pipeline.SCMPipelineManager (SCMPipelineManager.java:finalizeAndDestroyPipeline(311)) - destroying pipeline:Pipeline[ Id: b13ef001-8a94-452d-a6a3-e72450ca2ced, Nodes: 74ecbdb6-699d-4c3c-ab90-3d79e72ea4a8{ip: 192.168.34.35, host: pr-hdds-2120-pf7zr-4137305271, networkLocation: /default-rack, certSerialId: null}7decb6b1-ba7c-48d8-97ff-6a25276295c4{ip: 192.168.34.35, host: pr-hdds-2120-pf7zr-4137305271, networkLocation: /default-rack, certSerialId: null}a45c6565-035d-4d1b-87c5-293bdc0bfbe6{ip: 192.168.34.35, host: pr-hdds-2120-pf7zr-4137305271, networkLocation: /default-rack, certSerialId: null}, Type:RATIS, Factor:THREE, State:CLOSED]
2019-09-16 22:08:55,232 [grpc-default-executor-3] INFO  client.GrpcClientProtocolClient (GrpcClientProtocolClient.java:onNext(264)) - client-D16144B3ECAE->7decb6b1-ba7c-48d8-97ff-6a25276295c4: receive RaftClientReply:client-D16144B3ECAE->7decb6b1-ba7c-48d8-97ff-6a25276295c4@group-3F020988BA76, cid=96, FAILED org.apache.ratis.protocol.NotLeaderException: Server 7decb6b1-ba7c-48d8-97ff-6a25276295c4@group-3F020988BA76 is not the leader, logIndex=0, commits[7decb6b1-ba7c-48d8-97ff-6a25276295c4:c-1]
 0.00% |█                                                                                                    |  0/1 Time: 0:00:382019-09-16 22:08:56,156 [Thread-647] INFO  impl.FollowerState (FollowerState.java:run(106)) - 7decb6b1-ba7c-48d8-97ff-6a25276295c4:group-3F020988BA76 changes to CANDIDATE, lastRpcTime:5101, electionTimeout:5101ms
2019-09-16 22:08:56,156 [Thread-647] INFO  impl.RoleInfo (RoleInfo.java:shutdownFollowerState(121)) - 7decb6b1-ba7c-48d8-97ff-6a25276295c4: shutdown FollowerState
2019-09-16 22:08:56,156 [Thread-647] INFO  impl.RaftServerImpl (RaftServerImpl.java:setRole(174)) - 7decb6b1-ba7c-48d8-97ff-6a25276295c4@group-3F020988BA76: changes role from  FOLLOWER to CANDIDATE at term 0 for changeToCandidate
2019-09-16 22:08:56,157 [Thread-647] INFO  impl.RoleInfo (RoleInfo.java:updateAndGet(143)) - 7decb6b1-ba7c-48d8-97ff-6a25276295c4: start LeaderElection
2019-09-16 22:08:56,169 [Thread-650] INFO  impl.FollowerState (FollowerState.java:run(106)) - 74ecbdb6-699d-4c3c-ab90-3d79e72ea4a8:group-3F020988BA76 changes to CANDIDATE, lastRpcTime:5107, electionTimeout:5107ms
2019-09-16 22:08:56,169 [Thread-650] INFO  impl.RoleInfo (RoleInfo.java:shutdownFollowerState(121)) - 74ecbdb6-699d-4c3c-ab90-3d79e72ea4a8: shutdown FollowerState
2019-09-16 22:08:56,170 [Thread-650] INFO  impl.RaftServerImpl (RaftServerImpl.java:setRole(174)) - 74ecbdb6-699d-4c3c-ab90-3d79e72ea4a8@group-3F020988BA76: changes role from  FOLLOWER to CANDIDATE at term 0 for changeToCandidate
2019-09-16 22:08:56,170 [Thread-650] INFO  impl.RoleInfo (RoleInfo.java:updateAndGet(143)) - 74ecbdb6-699d-4c3c-ab90-3d79e72ea4a8: start LeaderElection
2019-09-16 22:08:56,178 [74ecbdb6-699d-4c3c-ab90-3d79e72ea4a8@group-3F020988BA76:LeaderElection7] INFO  impl.LeaderElection (LeaderElection.java:askForVotes(182)) - 74ecbdb6-699d-4c3c-ab90-3d79e72ea4a8@group-3F020988BA76:LeaderElection7: begin an election at term 1 for -1: [74ecbdb6-699d-4c3c-ab90-3d79e72ea4a8:192.168.34.35:43623, 7decb6b1-ba7c-48d8-97ff-6a25276295c4:192.168.34.35:43892, a45c6565-035d-4d1b-87c5-293bdc0bfbe6:192.168.34.35:34083], old=null
2019-09-16 22:08:56,178 [7decb6b1-ba7c-48d8-97ff-6a25276295c4@group-3F020988BA76:LeaderElection6] INFO  impl.LeaderElection (LeaderElection.java:askForVotes(182)) - 7decb6b1-ba7c-48d8-97ff-6a25276295c4@group-3F020988BA76:LeaderElection6: begin an election at term 1 for -1: [74ecbdb6-699d-4c3c-ab90-3d79e72ea4a8:192.168.34.35:43623, 7decb6b1-ba7c-48d8-97ff-6a25276295c4:192.168.34.35:43892, a45c6565-035d-4d1b-87c5-293bdc0bfbe6:192.168.34.35:34083], old=null
2019-09-16 22:08:56,194 [grpc-default-executor-3] INFO  impl.RaftServerImpl (RaftServerImpl.java:setRole(174)) - a45c6565-035d-4d1b-87c5-293bdc0bfbe6@group-3F020988BA76: changes role from  FOLLOWER to FOLLOWER at term 1 for recognizeCandidate:74ecbdb6-699d-4c3c-ab90-3d79e72ea4a8
2019-09-16 22:08:56,194 [grpc-default-executor-3] INFO  impl.RoleInfo (RoleInfo.java:shutdownFollowerState(121)) - a45c6565-035d-4d1b-87c5-293bdc0bfbe6: shutdown FollowerState
2019-09-16 22:08:56,195 [grpc-default-executor-3] INFO  impl.RoleInfo (RoleInfo.java:updateAndGet(143)) - a45c6565-035d-4d1b-87c5-293bdc0bfbe6: start FollowerState
2019-09-16 22:08:56,195 [Thread-649] INFO  impl.FollowerState (FollowerState.java:run(115)) - a45c6565-035d-4d1b-87c5-293bdc0bfbe6: FollowerState was interrupted: java.lang.InterruptedException: sleep interrupted
2019-09-16 22:08:56,218 [74ecbdb6-699d-4c3c-ab90-3d79e72ea4a8@group-3F020988BA76:LeaderElection7] INFO  impl.LeaderElection (LeaderElection.java:logAndReturn(56)) - 74ecbdb6-699d-4c3c-ab90-3d79e72ea4a8@group-3F020988BA76:LeaderElection7: Election PASSED; received 2 response(s) [74ecbdb6-699d-4c3c-ab90-3d79e72ea4a8<-7decb6b1-ba7c-48d8-97ff-6a25276295c4#0:FAIL-t1, 74ecbdb6-699d-4c3c-ab90-3d79e72ea4a8<-a45c6565-035d-4d1b-87c5-293bdc0bfbe6#0:OK-t1] and 0 exception(s); 74ecbdb6-699d-4c3c-ab90-3d79e72ea4a8@group-3F020988BA76:t1, leader=null, voted=74ecbdb6-699d-4c3c-ab90-3d79e72ea4a8, raftlog=74ecbdb6-699d-4c3c-ab90-3d79e72ea4a8@group-3F020988BA76-SegmentedRaftLog:OPENED:c-1,f-1,i0, conf=-1: [74ecbdb6-699d-4c3c-ab90-3d79e72ea4a8:192.168.34.35:43623, 7decb6b1-ba7c-48d8-97ff-6a25276295c4:192.168.34.35:43892, a45c6565-035d-4d1b-87c5-293bdc0bfbe6:192.168.34.35:34083], old=null
2019-09-16 22:08:56,219 [7decb6b1-ba7c-48d8-97ff-6a25276295c4@group-3F020988BA76:LeaderElection6] INFO  impl.LeaderElection (LeaderElection.java:logAndReturn(56)) - 7decb6b1-ba7c-48d8-97ff-6a25276295c4@group-3F020988BA76:LeaderElection6: Election REJECTED; received 2 response(s) [7decb6b1-ba7c-48d8-97ff-6a25276295c4<-74ecbdb6-699d-4c3c-ab90-3d79e72ea4a8#0:FAIL-t1, 7decb6b1-ba7c-48d8-97ff-6a25276295c4<-a45c6565-035d-4d1b-87c5-293bdc0bfbe6#0:FAIL-t1] and 0 exception(s); 7decb6b1-ba7c-48d8-97ff-6a25276295c4@group-3F020988BA76:t1, leader=null, voted=7decb6b1-ba7c-48d8-97ff-6a25276295c4, raftlog=7decb6b1-ba7c-48d8-97ff-6a25276295c4@group-3F020988BA76-SegmentedRaftLog:OPENED:c-1,f-1,i0, conf=-1: [74ecbdb6-699d-4c3c-ab90-3d79e72ea4a8:192.168.34.35:43623, 7decb6b1-ba7c-48d8-97ff-6a25276295c4:192.168.34.35:43892, a45c6565-035d-4d1b-87c5-293bdc0bfbe6:192.168.34.35:34083], old=null
2019-09-16 22:08:56,219 [74ecbdb6-699d-4c3c-ab90-3d79e72ea4a8@group-3F020988BA76:LeaderElection7] INFO  impl.RoleInfo (RoleInfo.java:shutdownLeaderElection(134)) - 74ecbdb6-699d-4c3c-ab90-3d79e72ea4a8: shutdown LeaderElection
2019-09-16 22:08:56,221 [7decb6b1-ba7c-48d8-97ff-6a25276295c4@group-3F020988BA76:LeaderElection6] INFO  impl.RaftServerImpl (RaftServerImpl.java:setRole(174)) - 7decb6b1-ba7c-48d8-97ff-6a25276295c4@group-3F020988BA76: changes role from CANDIDATE to FOLLOWER at term 1 for DISCOVERED_A_NEW_TERM
2019-09-16 22:08:56,221 [74ecbdb6-699d-4c3c-ab90-3d79e72ea4a8@group-3F020988BA76:LeaderElection7] INFO  impl.RaftServerImpl (RaftServerImpl.java:setRole(174)) - 74ecbdb6-699d-4c3c-ab90-3d79e72ea4a8@group-3F020988BA76: changes role from CANDIDATE to LEADER at term 1 for changeToLeader
2019-09-16 22:08:56,221 [7decb6b1-ba7c-48d8-97ff-6a25276295c4@group-3F020988BA76:LeaderElection6] INFO  impl.RoleInfo (RoleInfo.java:shutdownLeaderElection(134)) - 7decb6b1-ba7c-48d8-97ff-6a25276295c4: shutdown LeaderElection
2019-09-16 22:08:56,221 [74ecbdb6-699d-4c3c-ab90-3d79e72ea4a8@group-3F020988BA76:LeaderElection7] INFO  impl.RaftServerImpl (ServerState.java:setLeader(253)) - 74ecbdb6-699d-4c3c-ab90-3d79e72ea4a8@group-3F020988BA76: change Leader from null to 74ecbdb6-699d-4c3c-ab90-3d79e72ea4a8 at term 1 for becomeLeader, leader elected after 5179ms
2019-09-16 22:08:56,222 [7decb6b1-ba7c-48d8-97ff-6a25276295c4@group-3F020988BA76:LeaderElection6] INFO  impl.RoleInfo (RoleInfo.java:updateAndGet(143)) - 7decb6b1-ba7c-48d8-97ff-6a25276295c4: start FollowerState
2019-09-16 22:08:56,222 [74ecbdb6-699d-4c3c-ab90-3d79e72ea4a8@group-3F020988BA76:LeaderElection7] INFO  server.RaftServerConfigKeys (ConfUtils.java:logGet(43)) - raft.server.staging.catchup.gap = 1000 (default)
2019-09-16 22:08:56,223 [74ecbdb6-699d-4c3c-ab90-3d79e72ea4a8@group-3F020988BA76:LeaderElection7] INFO  server.RaftServerConfigKeys (ConfUtils.java:logGet(43)) - raft.server.rpc.sleep.time = 25ms (default)
2019-09-16 22:08:56,223 [74ecbdb6-699d-4c3c-ab90-3d79e72ea4a8@group-3F020988BA76:LeaderElection7] INFO  server.RaftServerConfigKeys (ConfUtils.java:logGet(43)) - raft.server.write.element-limit = 4096 (default)
2019-09-16 22:08:56,223 [74ecbdb6-699d-4c3c-ab90-3d79e72ea4a8@group-3F020988BA76:LeaderElection7] INFO  server.RaftServerConfigKeys (ConfUtils.java:logGet(43)) - raft.server.watch.timeout = 10s (default)
2019-09-16 22:08:56,224 [74ecbdb6-699d-4c3c-ab90-3d79e72ea4a8@group-3F020988BA76:LeaderElection7] INFO  server.RaftServerConfigKeys (ConfUtils.java:logGet(43)) - raft.server.watch.timeout.denomination = 1s (default)
2019-09-16 22:08:56,224 [74ecbdb6-699d-4c3c-ab90-3d79e72ea4a8@group-3F020988BA76:LeaderElection7] INFO  server.RaftServerConfigKeys (ConfUtils.java:logGet(43)) - raft.server.watch.element-limit = 65536 (default)
2019-09-16 22:08:56,228 [74ecbdb6-699d-4c3c-ab90-3d79e72ea4a8@group-3F020988BA76:LeaderElection7] INFO  server.RaftServerConfigKeys (ConfUtils.java:logGet(43)) - raft.server.log.appender.snapshot.chunk.size.max = 16MB (=16777216) (default)
2019-09-16 22:08:56,228 [74ecbdb6-699d-4c3c-ab90-3d79e72ea4a8@group-3F020988BA76:LeaderElection7] INFO  server.RaftServerConfigKeys (ConfUtils.java:logGet(43)) - raft.server.log.appender.buffer.byte-limit = 33554432 (custom)
2019-09-16 22:08:56,228 [74ecbdb6-699d-4c3c-ab90-3d79e72ea4a8@group-3F020988BA76:LeaderElection7] INFO  server.RaftServerConfigKeys (ConfUtils.java:logGet(43)) - raft.server.log.appender.buffer.element-limit = 1 (custom)
2019-09-16 22:08:56,228 [74ecbdb6-699d-4c3c-ab90-3d79e72ea4a8@group-3F020988BA76:LeaderElection7] INFO  grpc.GrpcConfigKeys$Server (ConfUtils.java:logGet(43)) - raft.grpc.server.leader.outstanding.appends.max = 128 (default)
2019-09-16 22:08:56,229 [74ecbdb6-699d-4c3c-ab90-3d79e72ea4a8@group-3F020988BA76:LeaderElection7] INFO  server.RaftServerConfigKeys (ConfUtils.java:logGet(43)) - raft.server.rpc.request.timeout = 3000ms (default)
2019-09-16 22:08:56,230 [74ecbdb6-699d-4c3c-ab90-3d79e72ea4a8@group-3F020988BA76:LeaderElection7] INFO  server.RaftServerConfigKeys (ConfUtils.java:logGet(43)) - raft.server.log.appender.install.snapshot.enabled = false (custom)
2019-09-16 22:08:56,230 [74ecbdb6-699d-4c3c-ab90-3d79e72ea4a8@group-3F020988BA76:LeaderElection7] INFO  server.RaftServerConfigKeys (ConfUtils.java:logGet(43)) - raft.server.log.appender.snapshot.chunk.size.max = 16MB (=16777216) (default)
2019-09-16 22:08:56,230 [74ecbdb6-699d-4c3c-ab90-3d79e72ea4a8@group-3F020988BA76:LeaderElection7] INFO  server.RaftServerConfigKeys (ConfUtils.java:logGet(43)) - raft.server.log.appender.buffer.byte-limit = 33554432 (custom)
2019-09-16 22:08:56,230 [74ecbdb6-699d-4c3c-ab90-3d79e72ea4a8@group-3F020988BA76:LeaderElection7] INFO  server.RaftServerConfigKeys (ConfUtils.java:logGet(43)) - raft.server.log.appender.buffer.element-limit = 1 (custom)
2019-09-16 22:08:56,231 [74ecbdb6-699d-4c3c-ab90-3d79e72ea4a8@group-3F020988BA76:LeaderElection7] INFO  grpc.GrpcConfigKeys$Server (ConfUtils.java:logGet(43)) - raft.grpc.server.leader.outstanding.appends.max = 128 (default)
2019-09-16 22:08:56,231 [74ecbdb6-699d-4c3c-ab90-3d79e72ea4a8@group-3F020988BA76:LeaderElection7] INFO  server.RaftServerConfigKeys (ConfUtils.java:logGet(43)) - raft.server.rpc.request.timeout = 3000ms (default)
2019-09-16 22:08:56,231 [74ecbdb6-699d-4c3c-ab90-3d79e72ea4a8@group-3F020988BA76:LeaderElection7] INFO  server.RaftServerConfigKeys (ConfUtils.java:logGet(43)) - raft.server.log.appender.install.snapshot.enabled = false (custom)
2019-09-16 22:08:56,231 [74ecbdb6-699d-4c3c-ab90-3d79e72ea4a8@group-3F020988BA76:LeaderElection7] INFO  impl.RoleInfo (RoleInfo.java:updateAndGet(143)) - 74ecbdb6-699d-4c3c-ab90-3d79e72ea4a8: start LeaderState
2019-09-16 22:08:56,232 [74ecbdb6-699d-4c3c-ab90-3d79e72ea4a8@group-3F020988BA76:LeaderElection7] INFO  segmented.SegmentedRaftLogWorker (SegmentedRaftLogWorker.java:startLogSegment(380)) - 74ecbdb6-699d-4c3c-ab90-3d79e72ea4a8@group-3F020988BA76-SegmentedRaftLogWorker: Starting segment from index:0
2019-09-16 22:08:56,233 [74ecbdb6-699d-4c3c-ab90-3d79e72ea4a8@group-3F020988BA76:LeaderElection7] INFO  impl.RaftServerImpl (ServerState.java:setRaftConf(354)) - 74ecbdb6-699d-4c3c-ab90-3d79e72ea4a8@group-3F020988BA76: set configuration 0: [74ecbdb6-699d-4c3c-ab90-3d79e72ea4a8:192.168.34.35:43623, 7decb6b1-ba7c-48d8-97ff-6a25276295c4:192.168.34.35:43892, a45c6565-035d-4d1b-87c5-293bdc0bfbe6:192.168.34.35:34083], old=null at 0
2019-09-16 22:08:56,270 [grpc-default-executor-3] INFO  impl.RaftServerImpl (ServerState.java:setLeader(253)) - 7decb6b1-ba7c-48d8-97ff-6a25276295c4@group-3F020988BA76: change Leader from null to 74ecbdb6-699d-4c3c-ab90-3d79e72ea4a8 at term 1 for appendEntries, leader elected after 5228ms
2019-09-16 22:08:56,270 [grpc-default-executor-4] INFO  impl.RaftServerImpl (ServerState.java:setLeader(253)) - a45c6565-035d-4d1b-87c5-293bdc0bfbe6@group-3F020988BA76: change Leader from null to 74ecbdb6-699d-4c3c-ab90-3d79e72ea4a8 at term 1 for appendEntries, leader elected after 5228ms
2019-09-16 22:08:56,274 [grpc-default-executor-3] INFO  impl.RaftServerImpl (ServerState.java:setRaftConf(354)) - 7decb6b1-ba7c-48d8-97ff-6a25276295c4@group-3F020988BA76: set configuration 0: [74ecbdb6-699d-4c3c-ab90-3d79e72ea4a8:192.168.34.35:43623, 7decb6b1-ba7c-48d8-97ff-6a25276295c4:192.168.34.35:43892, a45c6565-035d-4d1b-87c5-293bdc0bfbe6:192.168.34.35:34083], old=null at 0
2019-09-16 22:08:56,274 [grpc-default-executor-1] INFO  impl.RaftServerImpl (ServerState.java:setRaftConf(354)) - a45c6565-035d-4d1b-87c5-293bdc0bfbe6@group-3F020988BA76: set configuration 0: [74ecbdb6-699d-4c3c-ab90-3d79e72ea4a8:192.168.34.35:43623, 7decb6b1-ba7c-48d8-97ff-6a25276295c4:192.168.34.35:43892, a45c6565-035d-4d1b-87c5-293bdc0bfbe6:192.168.34.35:34083], old=null at 0
2019-09-16 22:08:56,274 [grpc-default-executor-3] INFO  segmented.SegmentedRaftLogWorker (SegmentedRaftLogWorker.java:startLogSegment(380)) - 7decb6b1-ba7c-48d8-97ff-6a25276295c4@group-3F020988BA76-SegmentedRaftLogWorker: Starting segment from index:0
2019-09-16 22:08:56,274 [grpc-default-executor-1] INFO  segmented.SegmentedRaftLogWorker (SegmentedRaftLogWorker.java:startLogSegment(380)) - a45c6565-035d-4d1b-87c5-293bdc0bfbe6@group-3F020988BA76-SegmentedRaftLogWorker: Starting segment from index:0
2019-09-16 22:08:56,309 [74ecbdb6-699d-4c3c-ab90-3d79e72ea4a8@group-3F020988BA76-SegmentedRaftLogWorker] INFO  segmented.SegmentedRaftLogWorker (SegmentedRaftLogWorker.java:execute(569)) - 74ecbdb6-699d-4c3c-ab90-3d79e72ea4a8@group-3F020988BA76-SegmentedRaftLogWorker: created new log segment /workdir/hadoop-ozone/tools/target/test-dir/MiniOzoneClusterImpl-04b7bc9b-f24e-4aba-be31-39bb60c628cf/datanode-0/data/ratis/3042a65c-c5a1-4cd0-bee7-3f020988ba76/current/log_inprogress_0
2019-09-16 22:08:56,312 [7decb6b1-ba7c-48d8-97ff-6a25276295c4@group-3F020988BA76-SegmentedRaftLogWorker] INFO  segmented.SegmentedRaftLogWorker (SegmentedRaftLogWorker.java:execute(569)) - 7decb6b1-ba7c-48d8-97ff-6a25276295c4@group-3F020988BA76-SegmentedRaftLogWorker: created new log segment /workdir/hadoop-ozone/tools/target/test-dir/MiniOzoneClusterImpl-04b7bc9b-f24e-4aba-be31-39bb60c628cf/datanode-2/data/ratis/3042a65c-c5a1-4cd0-bee7-3f020988ba76/current/log_inprogress_0
2019-09-16 22:08:56,350 [grpc-default-executor-3] INFO  client.GrpcClientProtocolClient (GrpcClientProtocolClient.java:onNext(264)) - client-D16144B3ECAE->a45c6565-035d-4d1b-87c5-293bdc0bfbe6: receive RaftClientReply:client-D16144B3ECAE->a45c6565-035d-4d1b-87c5-293bdc0bfbe6@group-3F020988BA76, cid=96, FAILED org.apache.ratis.protocol.NotLeaderException: Server a45c6565-035d-4d1b-87c5-293bdc0bfbe6@group-3F020988BA76 is not the leader 74ecbdb6-699d-4c3c-ab90-3d79e72ea4a8:192.168.34.35:43623, logIndex=0, commits[a45c6565-035d-4d1b-87c5-293bdc0bfbe6:c-1, 74ecbdb6-699d-4c3c-ab90-3d79e72ea4a8:c-1, 7decb6b1-ba7c-48d8-97ff-6a25276295c4:c-1]
2019-09-16 22:08:56,352 [a45c6565-035d-4d1b-87c5-293bdc0bfbe6@group-3F020988BA76-SegmentedRaftLogWorker] INFO  segmented.SegmentedRaftLogWorker (SegmentedRaftLogWorker.java:execute(569)) - a45c6565-035d-4d1b-87c5-293bdc0bfbe6@group-3F020988BA76-SegmentedRaftLogWorker: created new log segment /workdir/hadoop-ozone/tools/target/test-dir/MiniOzoneClusterImpl-04b7bc9b-f24e-4aba-be31-39bb60c628cf/datanode-1/data/ratis/3042a65c-c5a1-4cd0-bee7-3f020988ba76/current/log_inprogress_0
2019-09-16 22:08:56,476 [grpc-default-executor-4] INFO  client.GrpcClientProtocolClient (GrpcClientProtocolClient.java:onNext(264)) - client-D16144B3ECAE->74ecbdb6-699d-4c3c-ab90-3d79e72ea4a8: receive RaftClientReply:client-D16144B3ECAE->74ecbdb6-699d-4c3c-ab90-3d79e72ea4a8@group-3F020988BA76, cid=96, SUCCESS, logIndex=1, commits[74ecbdb6-699d-4c3c-ab90-3d79e72ea4a8:c1, 7decb6b1-ba7c-48d8-97ff-6a25276295c4:c0, a45c6565-035d-4d1b-87c5-293bdc0bfbe6:c0]
2019-09-16 22:08:56,565 [grpc-default-executor-3] INFO  client.GrpcClientProtocolClient (GrpcClientProtocolClient.java:onNext(264)) - client-D16144B3ECAE->74ecbdb6-699d-4c3c-ab90-3d79e72ea4a8: receive RaftClientReply:client-D16144B3ECAE->74ecbdb6-699d-4c3c-ab90-3d79e72ea4a8@group-3F020988BA76, cid=97, SUCCESS, logIndex=3, commits[74ecbdb6-699d-4c3c-ab90-3d79e72ea4a8:c8, 7decb6b1-ba7c-48d8-97ff-6a25276295c4:c5, a45c6565-035d-4d1b-87c5-293bdc0bfbe6:c5]
2019-09-16 22:08:56,566 [grpc-default-executor-3] INFO  client.GrpcClientProtocolClient (GrpcClientProtocolClient.java:onNext(264)) - client-D16144B3ECAE->74ecbdb6-699d-4c3c-ab90-3d79e72ea4a8: receive RaftClientReply:client-D16144B3ECAE->74ecbdb6-699d-4c3c-ab90-3d79e72ea4a8@group-3F020988BA76, cid=98, SUCCESS, logIndex=4, commits[74ecbdb6-699d-4c3c-ab90-3d79e72ea4a8:c8, 7decb6b1-ba7c-48d8-97ff-6a25276295c4:c5, a45c6565-035d-4d1b-87c5-293bdc0bfbe6:c5]
2019-09-16 22:08:56,657 [grpc-default-executor-3] INFO  client.GrpcClientProtocolClient (GrpcClientProtocolClient.java:onNext(264)) - client-D16144B3ECAE->74ecbdb6-699d-4c3c-ab90-3d79e72ea4a8: receive RaftClientReply:client-D16144B3ECAE->74ecbdb6-699d-4c3c-ab90-3d79e72ea4a8@group-3F020988BA76, cid=99, SUCCESS, logIndex=5, commits[74ecbdb6-699d-4c3c-ab90-3d79e72ea4a8:c8, 7decb6b1-ba7c-48d8-97ff-6a25276295c4:c5, a45c6565-035d-4d1b-87c5-293bdc0bfbe6:c5]
2019-09-16 22:08:56,686 [grpc-default-executor-1] INFO  client.GrpcClientProtocolClient (GrpcClientProtocolClient.java:onNext(264)) - client-D16144B3ECAE->74ecbdb6-699d-4c3c-ab90-3d79e72ea4a8: receive RaftClientReply:client-D16144B3ECAE->74ecbdb6-699d-4c3c-ab90-3d79e72ea4a8@group-3F020988BA76, cid=100, SUCCESS, logIndex=9, commits[74ecbdb6-699d-4c3c-ab90-3d79e72ea4a8:c12, 7decb6b1-ba7c-48d8-97ff-6a25276295c4:c8, a45c6565-035d-4d1b-87c5-293bdc0bfbe6:c8]
2019-09-16 22:08:56,687 [grpc-default-executor-1] INFO  client.GrpcClientProtocolClient (GrpcClientProtocolClient.java:onNext(264)) - client-D16144B3ECAE->74ecbdb6-699d-4c3c-ab90-3d79e72ea4a8: receive RaftClientReply:client-D16144B3ECAE->74ecbdb6-699d-4c3c-ab90-3d79e72ea4a8@group-3F020988BA76, cid=101, SUCCESS, logIndex=10, commits[74ecbdb6-699d-4c3c-ab90-3d79e72ea4a8:c12, 7decb6b1-ba7c-48d8-97ff-6a25276295c4:c8, a45c6565-035d-4d1b-87c5-293bdc0bfbe6:c8]
2019-09-16 22:08:56,689 [grpc-default-executor-1] INFO  client.GrpcClientProtocolClient (GrpcClientProtocolClient.java:onNext(264)) - client-D16144B3ECAE->74ecbdb6-699d-4c3c-ab90-3d79e72ea4a8: receive RaftClientReply:client-D16144B3ECAE->74ecbdb6-699d-4c3c-ab90-3d79e72ea4a8@group-3F020988BA76, cid=102, SUCCESS, logIndex=11, commits[74ecbdb6-699d-4c3c-ab90-3d79e72ea4a8:c12, 7decb6b1-ba7c-48d8-97ff-6a25276295c4:c8, a45c6565-035d-4d1b-87c5-293bdc0bfbe6:c8]
2019-09-16 22:08:56,689 [grpc-default-executor-1] INFO  client.GrpcClientProtocolClient (GrpcClientProtocolClient.java:onNext(264)) - client-D16144B3ECAE->74ecbdb6-699d-4c3c-ab90-3d79e72ea4a8: receive RaftClientReply:client-D16144B3ECAE->74ecbdb6-699d-4c3c-ab90-3d79e72ea4a8@group-3F020988BA76, cid=103, SUCCESS, logIndex=12, commits[74ecbdb6-699d-4c3c-ab90-3d79e72ea4a8:c12, 7decb6b1-ba7c-48d8-97ff-6a25276295c4:c8, a45c6565-035d-4d1b-87c5-293bdc0bfbe6:c8]
2019-09-16 22:08:56,717 [grpc-default-executor-3] INFO  client.GrpcClientProtocolClient (GrpcClientProtocolClient.java:onNext(264)) - client-D16144B3ECAE->74ecbdb6-699d-4c3c-ab90-3d79e72ea4a8: receive RaftClientReply:client-D16144B3ECAE->74ecbdb6-699d-4c3c-ab90-3d79e72ea4a8@group-3F020988BA76, cid=104, SUCCESS, logIndex=0, commits[74ecbdb6-699d-4c3c-ab90-3d79e72ea4a8:c15, 7decb6b1-ba7c-48d8-97ff-6a25276295c4:c12, a45c6565-035d-4d1b-87c5-293bdc0bfbe6:c10]
2019-09-16 22:08:56,720 [grpc-default-executor-3] INFO  client.GrpcClientProtocolClient (GrpcClientProtocolClient.java:onNext(264)) - client-D16144B3ECAE->74ecbdb6-699d-4c3c-ab90-3d79e72ea4a8: receive RaftClientReply:client-D16144B3ECAE->74ecbdb6-699d-4c3c-ab90-3d79e72ea4a8@group-3F020988BA76, cid=105, SUCCESS, logIndex=0, commits[74ecbdb6-699d-4c3c-ab90-3d79e72ea4a8:c15, 7decb6b1-ba7c-48d8-97ff-6a25276295c4:c12, a45c6565-035d-4d1b-87c5-293bdc0bfbe6:c12]
2019-09-16 22:08:56,730 [IPC Server handler 0 on 40919] WARN  block.BlockManagerImpl (BlockManagerImpl.java:allocateBlock(192)) - Pipeline creation failed for type:RATIS factor:THREE. Retrying get pipelines call once.
org.apache.hadoop.hdds.scm.pipeline.InsufficientDatanodesException: Cannot create pipeline of factor 3 using 0 nodes.
	at org.apache.hadoop.hdds.scm.pipeline.RatisPipelineProvider.create(RatisPipelineProvider.java:152)
	at org.apache.hadoop.hdds.scm.pipeline.PipelineFactory.create(PipelineFactory.java:57)
	at org.apache.hadoop.hdds.scm.pipeline.SCMPipelineManager.createPipeline(SCMPipelineManager.java:151)
	at org.apache.hadoop.hdds.scm.block.BlockManagerImpl.allocateBlock(BlockManagerImpl.java:190)
	at org.apache.hadoop.hdds.scm.server.SCMBlockProtocolServer.allocateBlock(SCMBlockProtocolServer.java:182)
	at org.apache.hadoop.ozone.protocolPB.ScmBlockLocationProtocolServerSideTranslatorPB.allocateScmBlock(ScmBlockLocationProtocolServerSideTranslatorPB.java:183)
	at org.apache.hadoop.ozone.protocolPB.ScmBlockLocationProtocolServerSideTranslatorPB.processMessage(ScmBlockLocationProtocolServerSideTranslatorPB.java:141)
	at org.apache.hadoop.ozone.protocolPB.ScmBlockLocationProtocolServerSideTranslatorPB.send(ScmBlockLocationProtocolServerSideTranslatorPB.java:116)
	at org.apache.hadoop.hdds.protocol.proto.ScmBlockLocationProtocolProtos$ScmBlockLocationProtocolService$2.callBlockingMethod(ScmBlockLocationProtocolProtos.java:13157)
	at org.apache.hadoop.ipc.ProtobufRpcEngine$Server$ProtoBufRpcInvoker.call(ProtobufRpcEngine.java:524)
	at org.apache.hadoop.ipc.RPC$Server.call(RPC.java:1025)
	at org.apache.hadoop.ipc.Server$RpcCall.run(Server.java:876)
	at org.apache.hadoop.ipc.Server$RpcCall.run(Server.java:822)
	at java.security.AccessController.doPrivileged(Native Method)
	at javax.security.auth.Subject.doAs(Subject.java:422)
	at org.apache.hadoop.security.UserGroupInformation.doAs(UserGroupInformation.java:1730)
	at org.apache.hadoop.ipc.Server$Handler.run(Server.java:2682)
2019-09-16 22:08:56,732 [IPC Server handler 0 on 40919] INFO  block.BlockManagerImpl (BlockManagerImpl.java:allocateBlock(198)) - Could not find available pipeline of type:RATIS and factor:THREE even after retrying
2019-09-16 22:08:56,732 [IPC Server handler 0 on 40919] ERROR block.BlockManagerImpl (BlockManagerImpl.java:allocateBlock(222)) - Unable to allocate a block for the size: 4194304, type: RATIS, factor: THREE
2019-09-16 22:08:56,737 [pool-59-thread-3] ERROR io.BlockOutputStreamEntryPool (BlockOutputStreamEntryPool.java:allocateBlockIfNeeded(299)) - Try to allocate more blocks for write failed, already allocated 0 blocks for this write.
INTERNAL_ERROR org.apache.hadoop.ozone.om.exceptions.OMException: Allocated 0 blocks. Requested 1 blocks
	at org.apache.hadoop.ozone.om.protocolPB.OzoneManagerProtocolClientSideTranslatorPB.handleError(OzoneManagerProtocolClientSideTranslatorPB.java:724)
	at org.apache.hadoop.ozone.om.protocolPB.OzoneManagerProtocolClientSideTranslatorPB.allocateBlock(OzoneManagerProtocolClientSideTranslatorPB.java:756)
	at sun.reflect.NativeMethodAccessorImpl.invoke0(Native Method)
	at sun.reflect.NativeMethodAccessorImpl.invoke(NativeMethodAccessorImpl.java:62)
	at sun.reflect.DelegatingMethodAccessorImpl.invoke(DelegatingMethodAccessorImpl.java:43)
	at java.lang.reflect.Method.invoke(Method.java:498)
	at org.apache.hadoop.hdds.tracing.TraceAllMethod.invoke(TraceAllMethod.java:66)
	at com.sun.proxy.$Proxy37.allocateBlock(Unknown Source)
	at org.apache.hadoop.ozone.client.io.BlockOutputStreamEntryPool.allocateNewBlock(BlockOutputStreamEntryPool.java:248)
	at org.apache.hadoop.ozone.client.io.BlockOutputStreamEntryPool.allocateBlockIfNeeded(BlockOutputStreamEntryPool.java:296)
	at org.apache.hadoop.ozone.client.io.KeyOutputStream.handleWrite(KeyOutputStream.java:201)
	at org.apache.hadoop.ozone.client.io.KeyOutputStream.write(KeyOutputStream.java:193)
	at org.apache.hadoop.ozone.client.io.OzoneOutputStream.write(OzoneOutputStream.java:49)
	at org.apache.hadoop.ozone.freon.RandomKeyGenerator.createKey(RandomKeyGenerator.java:708)
	at org.apache.hadoop.ozone.freon.RandomKeyGenerator.access$1100(RandomKeyGenerator.java:88)
	at org.apache.hadoop.ozone.freon.RandomKeyGenerator$ObjectCreator.run(RandomKeyGenerator.java:615)
	at java.util.concurrent.Executors$RunnableAdapter.call(Executors.java:511)
	at java.util.concurrent.FutureTask.run(FutureTask.java:266)
	at java.util.concurrent.ThreadPoolExecutor.runWorker(ThreadPoolExecutor.java:1149)
	at java.util.concurrent.ThreadPoolExecutor$Worker.run(ThreadPoolExecutor.java:624)
	at java.lang.Thread.run(Thread.java:748)
2019-09-16 22:08:56,737 [pool-59-thread-3] ERROR freon.RandomKeyGenerator (RandomKeyGenerator.java:createKey(733)) - Exception while adding key: key-0-02276 in bucket: bucket-0-33831 of volume: vol-0-63254.
INTERNAL_ERROR org.apache.hadoop.ozone.om.exceptions.OMException: Allocated 0 blocks. Requested 1 blocks
	at org.apache.hadoop.ozone.om.protocolPB.OzoneManagerProtocolClientSideTranslatorPB.handleError(OzoneManagerProtocolClientSideTranslatorPB.java:724)
	at org.apache.hadoop.ozone.om.protocolPB.OzoneManagerProtocolClientSideTranslatorPB.allocateBlock(OzoneManagerProtocolClientSideTranslatorPB.java:756)
	at sun.reflect.NativeMethodAccessorImpl.invoke0(Native Method)
	at sun.reflect.NativeMethodAccessorImpl.invoke(NativeMethodAccessorImpl.java:62)
	at sun.reflect.DelegatingMethodAccessorImpl.invoke(DelegatingMethodAccessorImpl.java:43)
	at java.lang.reflect.Method.invoke(Method.java:498)
	at org.apache.hadoop.hdds.tracing.TraceAllMethod.invoke(TraceAllMethod.java:66)
	at com.sun.proxy.$Proxy37.allocateBlock(Unknown Source)
	at org.apache.hadoop.ozone.client.io.BlockOutputStreamEntryPool.allocateNewBlock(BlockOutputStreamEntryPool.java:248)
	at org.apache.hadoop.ozone.client.io.BlockOutputStreamEntryPool.allocateBlockIfNeeded(BlockOutputStreamEntryPool.java:296)
	at org.apache.hadoop.ozone.client.io.KeyOutputStream.handleWrite(KeyOutputStream.java:201)
	at org.apache.hadoop.ozone.client.io.KeyOutputStream.write(KeyOutputStream.java:193)
	at org.apache.hadoop.ozone.client.io.OzoneOutputStream.write(OzoneOutputStream.java:49)
	at org.apache.hadoop.ozone.freon.RandomKeyGenerator.createKey(RandomKeyGenerator.java:708)
	at org.apache.hadoop.ozone.freon.RandomKeyGenerator.access$1100(RandomKeyGenerator.java:88)
	at org.apache.hadoop.ozone.freon.RandomKeyGenerator$ObjectCreator.run(RandomKeyGenerator.java:615)
	at java.util.concurrent.Executors$RunnableAdapter.call(Executors.java:511)
	at java.util.concurrent.FutureTask.run(FutureTask.java:266)
	at java.util.concurrent.ThreadPoolExecutor.runWorker(ThreadPoolExecutor.java:1149)
	at java.util.concurrent.ThreadPoolExecutor$Worker.run(ThreadPoolExecutor.java:624)
	at java.lang.Thread.run(Thread.java:748)
 0.00% |█                                                                                                    |  0/1 Time: 0:00:392019-09-16 22:08:57,108 [org.apache.ratis.server.impl.LogAppender$AppenderDaemon$$Lambda$483/432682965@1cfba9cb] ERROR ratis.XceiverServerRatis (XceiverServerRatis.java:triggerPipelineClose(568)) - pipeline Action CLOSE  on pipeline PipelineID=b13ef001-8a94-452d-a6a3-e72450ca2ced.Reason : 74ecbdb6-699d-4c3c-ab90-3d79e72ea4a8 has not seen follower/s a45c6565-035d-4d1b-87c5-293bdc0bfbe6 for 132610ms
2019-09-16 22:08:57,424 [EventQueue-PipelineActionsForPipelineActionHandler] ERROR pipeline.PipelineActionHandler (PipelineActionHandler.java:onMessage(60)) - Received pipeline action CLOSE for Pipeline[ Id: b13ef001-8a94-452d-a6a3-e72450ca2ced, Nodes: 74ecbdb6-699d-4c3c-ab90-3d79e72ea4a8{ip: 192.168.34.35, host: pr-hdds-2120-pf7zr-4137305271, networkLocation: /default-rack, certSerialId: null}7decb6b1-ba7c-48d8-97ff-6a25276295c4{ip: 192.168.34.35, host: pr-hdds-2120-pf7zr-4137305271, networkLocation: /default-rack, certSerialId: null}a45c6565-035d-4d1b-87c5-293bdc0bfbe6{ip: 192.168.34.35, host: pr-hdds-2120-pf7zr-4137305271, networkLocation: /default-rack, certSerialId: null}, Type:RATIS, Factor:THREE, State:CLOSED] from datanode 74ecbdb6-699d-4c3c-ab90-3d79e72ea4a8{ip: 192.168.34.35, host: pr-hdds-2120-pf7zr-4137305271, networkLocation: /default-rack, certSerialId: null}. Reason : 74ecbdb6-699d-4c3c-ab90-3d79e72ea4a8 has not seen follower/s a45c6565-035d-4d1b-87c5-293bdc0bfbe6 for 132610ms
2019-09-16 22:08:57,424 [EventQueue-PipelineActionsForPipelineActionHandler] INFO  pipeline.SCMPipelineManager (SCMPipelineManager.java:finalizeAndDestroyPipeline(311)) - destroying pipeline:Pipeline[ Id: b13ef001-8a94-452d-a6a3-e72450ca2ced, Nodes: 74ecbdb6-699d-4c3c-ab90-3d79e72ea4a8{ip: 192.168.34.35, host: pr-hdds-2120-pf7zr-4137305271, networkLocation: /default-rack, certSerialId: null}7decb6b1-ba7c-48d8-97ff-6a25276295c4{ip: 192.168.34.35, host: pr-hdds-2120-pf7zr-4137305271, networkLocation: /default-rack, certSerialId: null}a45c6565-035d-4d1b-87c5-293bdc0bfbe6{ip: 192.168.34.35, host: pr-hdds-2120-pf7zr-4137305271, networkLocation: /default-rack, certSerialId: null}, Type:RATIS, Factor:THREE, State:CLOSED]
2019-09-16 22:08:57,606 [java.util.concurrent.ThreadPoolExecutor$Worker@6e328994[State = -1, empty queue]] WARN  server.GrpcLogAppender (GrpcLogAppender.java:timeoutAppendRequest(200)) - 74ecbdb6-699d-4c3c-ab90-3d79e72ea4a8@group-E72450CA2CED->a45c6565-035d-4d1b-87c5-293bdc0bfbe6-GrpcLogAppender: appendEntries Timeout, request=74ecbdb6-699d-4c3c-ab90-3d79e72ea4a8->a45c6565-035d-4d1b-87c5-293bdc0bfbe6#157-t1, previous=(t:1, i:109), leaderCommit=109, initializing? false, entries: <empty>
 100.00% |█████████████████████████████████████████████████████████████████████████████████████████████████████|  1/1 Time: 0:00:40
2019-09-16 22:08:58,755 [Thread-737] INFO  client.GrpcClientProtocolService (GrpcClientProtocolService.java:lambda$processClientRequest$0(278)) - Failed RaftClientRequest:client-8E91090CF37E->74ecbdb6-699d-4c3c-ab90-3d79e72ea4a8@group-E72450CA2CED, cid=81, seq=0, Watch-ALL_COMMITTED(98), Message:<EMPTY>, reply=RaftClientReply:client-8E91090CF37E->74ecbdb6-699d-4c3c-ab90-3d79e72ea4a8@group-E72450CA2CED, cid=81, FAILED org.apache.ratis.protocol.NotReplicatedException: Request with call Id 81 and log index 98 is not yet replicated to ALL_COMMITTED, logIndex=98, commits[74ecbdb6-699d-4c3c-ab90-3d79e72ea4a8:c109, 7decb6b1-ba7c-48d8-97ff-6a25276295c4:c109, a45c6565-035d-4d1b-87c5-293bdc0bfbe6:c13]
2019-09-16 22:08:59,609 [org.apache.ratis.server.impl.LogAppender$AppenderDaemon$$Lambda$483/432682965@1cfba9cb] ERROR ratis.XceiverServerRatis (XceiverServerRatis.java:triggerPipelineClose(568)) - pipeline Action CLOSE  on pipeline PipelineID=b13ef001-8a94-452d-a6a3-e72450ca2ced.Reason : 74ecbdb6-699d-4c3c-ab90-3d79e72ea4a8 has not seen follower/s a45c6565-035d-4d1b-87c5-293bdc0bfbe6 for 135111ms
2019-09-16 22:09:00,108 [java.util.concurrent.ThreadPoolExecutor$Worker@6e328994[State = -1, empty queue]] WARN  server.GrpcLogAppender (GrpcLogAppender.java:timeoutAppendRequest(200)) - 74ecbdb6-699d-4c3c-ab90-3d79e72ea4a8@group-E72450CA2CED->a45c6565-035d-4d1b-87c5-293bdc0bfbe6-GrpcLogAppender: appendEntries Timeout, request=74ecbdb6-699d-4c3c-ab90-3d79e72ea4a8->a45c6565-035d-4d1b-87c5-293bdc0bfbe6#158-t1, previous=(t:1, i:109), leaderCommit=109, initializing? false, entries: <empty>
2019-09-16 22:09:00,425 [EventQueue-PipelineActionsForPipelineActionHandler] ERROR pipeline.PipelineActionHandler (PipelineActionHandler.java:onMessage(60)) - Received pipeline action CLOSE for Pipeline[ Id: b13ef001-8a94-452d-a6a3-e72450ca2ced, Nodes: 74ecbdb6-699d-4c3c-ab90-3d79e72ea4a8{ip: 192.168.34.35, host: pr-hdds-2120-pf7zr-4137305271, networkLocation: /default-rack, certSerialId: null}7decb6b1-ba7c-48d8-97ff-6a25276295c4{ip: 192.168.34.35, host: pr-hdds-2120-pf7zr-4137305271, networkLocation: /default-rack, certSerialId: null}a45c6565-035d-4d1b-87c5-293bdc0bfbe6{ip: 192.168.34.35, host: pr-hdds-2120-pf7zr-4137305271, networkLocation: /default-rack, certSerialId: null}, Type:RATIS, Factor:THREE, State:CLOSED] from datanode 74ecbdb6-699d-4c3c-ab90-3d79e72ea4a8{ip: 192.168.34.35, host: pr-hdds-2120-pf7zr-4137305271, networkLocation: /default-rack, certSerialId: null}. Reason : 74ecbdb6-699d-4c3c-ab90-3d79e72ea4a8 has not seen follower/s a45c6565-035d-4d1b-87c5-293bdc0bfbe6 for 135111ms
2019-09-16 22:09:00,426 [EventQueue-PipelineActionsForPipelineActionHandler] INFO  pipeline.SCMPipelineManager (SCMPipelineManager.java:finalizeAndDestroyPipeline(311)) - destroying pipeline:Pipeline[ Id: b13ef001-8a94-452d-a6a3-e72450ca2ced, Nodes: 74ecbdb6-699d-4c3c-ab90-3d79e72ea4a8{ip: 192.168.34.35, host: pr-hdds-2120-pf7zr-4137305271, networkLocation: /default-rack, certSerialId: null}7decb6b1-ba7c-48d8-97ff-6a25276295c4{ip: 192.168.34.35, host: pr-hdds-2120-pf7zr-4137305271, networkLocation: /default-rack, certSerialId: null}a45c6565-035d-4d1b-87c5-293bdc0bfbe6{ip: 192.168.34.35, host: pr-hdds-2120-pf7zr-4137305271, networkLocation: /default-rack, certSerialId: null}, Type:RATIS, Factor:THREE, State:CLOSED]
2019-09-16 22:09:02,110 [org.apache.ratis.server.impl.LogAppender$AppenderDaemon$$Lambda$483/432682965@1cfba9cb] ERROR ratis.XceiverServerRatis (XceiverServerRatis.java:triggerPipelineClose(568)) - pipeline Action CLOSE  on pipeline PipelineID=b13ef001-8a94-452d-a6a3-e72450ca2ced.Reason : 74ecbdb6-699d-4c3c-ab90-3d79e72ea4a8 has not seen follower/s a45c6565-035d-4d1b-87c5-293bdc0bfbe6 for 137612ms
2019-09-16 22:09:02,424 [EventQueue-PipelineActionsForPipelineActionHandler] ERROR pipeline.PipelineActionHandler (PipelineActionHandler.java:onMessage(60)) - Received pipeline action CLOSE for Pipeline[ Id: b13ef001-8a94-452d-a6a3-e72450ca2ced, Nodes: 74ecbdb6-699d-4c3c-ab90-3d79e72ea4a8{ip: 192.168.34.35, host: pr-hdds-2120-pf7zr-4137305271, networkLocation: /default-rack, certSerialId: null}7decb6b1-ba7c-48d8-97ff-6a25276295c4{ip: 192.168.34.35, host: pr-hdds-2120-pf7zr-4137305271, networkLocation: /default-rack, certSerialId: null}a45c6565-035d-4d1b-87c5-293bdc0bfbe6{ip: 192.168.34.35, host: pr-hdds-2120-pf7zr-4137305271, networkLocation: /default-rack, certSerialId: null}, Type:RATIS, Factor:THREE, State:CLOSED] from datanode 74ecbdb6-699d-4c3c-ab90-3d79e72ea4a8{ip: 192.168.34.35, host: pr-hdds-2120-pf7zr-4137305271, networkLocation: /default-rack, certSerialId: null}. Reason : 74ecbdb6-699d-4c3c-ab90-3d79e72ea4a8 has not seen follower/s a45c6565-035d-4d1b-87c5-293bdc0bfbe6 for 137612ms
2019-09-16 22:09:02,424 [EventQueue-PipelineActionsForPipelineActionHandler] INFO  pipeline.SCMPipelineManager (SCMPipelineManager.java:finalizeAndDestroyPipeline(311)) - destroying pipeline:Pipeline[ Id: b13ef001-8a94-452d-a6a3-e72450ca2ced, Nodes: 74ecbdb6-699d-4c3c-ab90-3d79e72ea4a8{ip: 192.168.34.35, host: pr-hdds-2120-pf7zr-4137305271, networkLocation: /default-rack, certSerialId: null}7decb6b1-ba7c-48d8-97ff-6a25276295c4{ip: 192.168.34.35, host: pr-hdds-2120-pf7zr-4137305271, networkLocation: /default-rack, certSerialId: null}a45c6565-035d-4d1b-87c5-293bdc0bfbe6{ip: 192.168.34.35, host: pr-hdds-2120-pf7zr-4137305271, networkLocation: /default-rack, certSerialId: null}, Type:RATIS, Factor:THREE, State:CLOSED]
2019-09-16 22:09:02,609 [java.util.concurrent.ThreadPoolExecutor$Worker@6e328994[State = -1, empty queue]] WARN  server.GrpcLogAppender (GrpcLogAppender.java:timeoutAppendRequest(200)) - 74ecbdb6-699d-4c3c-ab90-3d79e72ea4a8@group-E72450CA2CED->a45c6565-035d-4d1b-87c5-293bdc0bfbe6-GrpcLogAppender: appendEntries Timeout, request=74ecbdb6-699d-4c3c-ab90-3d79e72ea4a8->a45c6565-035d-4d1b-87c5-293bdc0bfbe6#159-t1, previous=(t:1, i:109), leaderCommit=109, initializing? false, entries: <empty>
]]></system-out>
    <system-err><![CDATA[ERROR StatusLogger No Log4j 2 configuration file found. Using default configuration (logging only errors to the console), or user programmatically provided configurations. Set system property 'log4j2.debug' to show Log4j 2 internal initialization logging. See https://logging.apache.org/log4j/2.x/manual/configuration.html for instructions on how to configure Log4j 2
]]></system-err>
  </testcase>
</testsuite>