<?xml version="1.0" encoding="UTF-8"?>
<testsuite xmlns:xsi="http://www.w3.org/2001/XMLSchema-instance" xsi:noNamespaceSchemaLocation="https://maven.apache.org/surefire/maven-surefire-plugin/xsd/surefire-test-report.xsd" name="org.apache.hadoop.ozone.client.rpc.TestContainerReplicationEndToEnd" time="26.295" tests="1" errors="1" skipped="0" failures="0">
  <properties>
    <property name="awt.toolkit" value="sun.awt.X11.XToolkit"/>
    <property name="file.encoding.pkg" value="sun.io"/>
    <property name="java.specification.version" value="1.8"/>
    <property name="sun.cpu.isalist" value=""/>
    <property name="sun.jnu.encoding" value="UTF-8"/>
    <property name="java.class.path" value="/workdir/hadoop-ozone/integration-test/target/test-classes:/workdir/hadoop-ozone/integration-test/target/classes:/home/user/.m2/repository/org/apache/hadoop/hadoop-ozone-common/0.5.0-SNAPSHOT/hadoop-ozone-common-0.5.0-SNAPSHOT.jar:/home/user/.m2/repository/org/apache/commons/commons-compress/1.4.1/commons-compress-1.4.1.jar:/home/user/.m2/repository/org/tukaani/xz/1.0/xz-1.0.jar:/home/user/.m2/repository/org/apache/hadoop/hadoop-common/3.2.0/hadoop-common-3.2.0.jar:/home/user/.m2/repository/org/apache/hadoop/hadoop-hdfs/3.2.0/hadoop-hdfs-3.2.0.jar:/home/user/.m2/repository/org/apache/hadoop/hadoop-hdfs-client/3.2.0/hadoop-hdfs-client-3.2.0.jar:/home/user/.m2/repository/com/fasterxml/jackson/core/jackson-annotations/2.9.5/jackson-annotations-2.9.5.jar:/home/user/.m2/repository/org/apache/hadoop/hadoop-hdds-common/0.5.0-SNAPSHOT/hadoop-hdds-common-0.5.0-SNAPSHOT.jar:/home/user/.m2/repository/javax/annotation/javax.annotation-api/1.2/javax.annotation-api-1.2.jar:/home/user/.m2/repository/org/apache/ratis/ratis-server/0.4.0-78e95b9-SNAPSHOT/ratis-server-0.4.0-78e95b9-SNAPSHOT.jar:/home/user/.m2/repository/org/apache/ratis/ratis-thirdparty-misc/0.2.0/ratis-thirdparty-misc-0.2.0.jar:/home/user/.m2/repository/org/apache/ratis/ratis-proto/0.4.0-78e95b9-SNAPSHOT/ratis-proto-0.4.0-78e95b9-SNAPSHOT.jar:/home/user/.m2/repository/org/apache/ratis/ratis-common/0.4.0-78e95b9-SNAPSHOT/ratis-common-0.4.0-78e95b9-SNAPSHOT.jar:/home/user/.m2/repository/org/apache/ratis/ratis-client/0.4.0-78e95b9-SNAPSHOT/ratis-client-0.4.0-78e95b9-SNAPSHOT.jar:/home/user/.m2/repository/org/apache/ratis/ratis-metrics/0.4.0-78e95b9-SNAPSHOT/ratis-metrics-0.4.0-78e95b9-SNAPSHOT.jar:/home/user/.m2/repository/com/github/joshelser/dropwizard-metrics-hadoop-metrics2-reporter/0.1.2/dropwizard-metrics-hadoop-metrics2-reporter-0.1.2.jar:/home/user/.m2/repository/io/dropwizard/metrics/metrics-jvm/3.2.5/metrics-jvm-3.2.5.jar:/home/user/.m2/repository/io/dropwizard/metrics/metrics-ganglia/3.2.5/metrics-ganglia-3.2.5.jar:/home/user/.m2/repository/info/ganglia/gmetric4j/gmetric4j/1.0.7/gmetric4j-1.0.7.jar:/home/user/.m2/repository/org/apache/ratis/ratis-netty/0.4.0-78e95b9-SNAPSHOT/ratis-netty-0.4.0-78e95b9-SNAPSHOT.jar:/home/user/.m2/repository/org/apache/ratis/ratis-grpc/0.4.0-78e95b9-SNAPSHOT/ratis-grpc-0.4.0-78e95b9-SNAPSHOT.jar:/home/user/.m2/repository/org/rocksdb/rocksdbjni/6.0.1/rocksdbjni-6.0.1.jar:/home/user/.m2/repository/org/apache/logging/log4j/log4j-api/2.11.0/log4j-api-2.11.0.jar:/home/user/.m2/repository/org/apache/logging/log4j/log4j-core/2.11.0/log4j-core-2.11.0.jar:/home/user/.m2/repository/com/lmax/disruptor/3.4.2/disruptor-3.4.2.jar:/home/user/.m2/repository/org/apache/commons/commons-pool2/2.6.0/commons-pool2-2.6.0.jar:/home/user/.m2/repository/org/bouncycastle/bcpkix-jdk15on/1.60/bcpkix-jdk15on-1.60.jar:/home/user/.m2/repository/commons-validator/commons-validator/1.6/commons-validator-1.6.jar:/home/user/.m2/repository/commons-digester/commons-digester/1.8.1/commons-digester-1.8.1.jar:/home/user/.m2/repository/io/jaegertracing/jaeger-client/0.33.1/jaeger-client-0.33.1.jar:/home/user/.m2/repository/io/jaegertracing/jaeger-thrift/0.33.1/jaeger-thrift-0.33.1.jar:/home/user/.m2/repository/org/apache/thrift/libthrift/0.11.0/libthrift-0.11.0.jar:/home/user/.m2/repository/com/squareup/okhttp3/okhttp/3.9.0/okhttp-3.9.0.jar:/home/user/.m2/repository/com/squareup/okio/okio/1.13.0/okio-1.13.0.jar:/home/user/.m2/repository/io/jaegertracing/jaeger-core/0.33.1/jaeger-core-0.33.1.jar:/home/user/.m2/repository/io/jaegertracing/jaeger-tracerresolver/0.33.1/jaeger-tracerresolver-0.33.1.jar:/home/user/.m2/repository/io/opentracing/contrib/opentracing-tracerresolver/0.1.5/opentracing-tracerresolver-0.1.5.jar:/home/user/.m2/repository/io/opentracing/opentracing-util/0.31.0/opentracing-util-0.31.0.jar:/home/user/.m2/repository/io/opentracing/opentracing-api/0.31.0/opentracing-api-0.31.0.jar:/home/user/.m2/repository/io/opentracing/opentracing-noop/0.31.0/opentracing-noop-0.31.0.jar:/home/user/.m2/repository/org/apache/hadoop/hadoop-hdds-server-framework/0.5.0-SNAPSHOT/hadoop-hdds-server-framework-0.5.0-SNAPSHOT.jar:/home/user/.m2/repository/org/apache/hadoop/hadoop-hdds-container-service/0.5.0-SNAPSHOT/hadoop-hdds-container-service-0.5.0-SNAPSHOT.jar:/home/user/.m2/repository/org/apache/hadoop/hadoop-hdds-client/0.5.0-SNAPSHOT/hadoop-hdds-client-0.5.0-SNAPSHOT.jar:/home/user/.m2/repository/org/apache/hadoop/hadoop-hdds-tools/0.5.0-SNAPSHOT/hadoop-hdds-tools-0.5.0-SNAPSHOT.jar:/home/user/.m2/repository/org/apache/hadoop/hadoop-hdds-server-scm/0.5.0-SNAPSHOT/hadoop-hdds-server-scm-0.5.0-SNAPSHOT.jar:/home/user/.m2/repository/org/apache/hadoop/hadoop-hdds-docs/0.5.0-SNAPSHOT/hadoop-hdds-docs-0.5.0-SNAPSHOT.jar:/home/user/.m2/repository/io/dropwizard/metrics/metrics-core/3.2.4/metrics-core-3.2.4.jar:/home/user/.m2/repository/org/hamcrest/hamcrest-all/1.3/hamcrest-all-1.3.jar:/home/user/.m2/repository/org/bouncycastle/bcprov-jdk15on/1.60/bcprov-jdk15on-1.60.jar:/home/user/.m2/repository/info/picocli/picocli/3.9.6/picocli-3.9.6.jar:/home/user/.m2/repository/com/google/protobuf/protobuf-java/2.5.0/protobuf-java-2.5.0.jar:/home/user/.m2/repository/com/google/guava/guava/11.0.2/guava-11.0.2.jar:/home/user/.m2/repository/org/apache/hadoop/hadoop-ozone-ozone-manager/0.5.0-SNAPSHOT/hadoop-ozone-ozone-manager-0.5.0-SNAPSHOT.jar:/home/user/.m2/repository/org/apache/hadoop/hadoop-minikdc/3.2.0/hadoop-minikdc-3.2.0.jar:/home/user/.m2/repository/commons-io/commons-io/2.5/commons-io-2.5.jar:/home/user/.m2/repository/org/apache/kerby/kerb-simplekdc/1.0.1/kerb-simplekdc-1.0.1.jar:/home/user/.m2/repository/org/apache/kerby/kerb-client/1.0.1/kerb-client-1.0.1.jar:/home/user/.m2/repository/org/apache/kerby/kerby-config/1.0.1/kerby-config-1.0.1.jar:/home/user/.m2/repository/org/apache/kerby/kerb-core/1.0.1/kerb-core-1.0.1.jar:/home/user/.m2/repository/org/apache/kerby/kerby-pkix/1.0.1/kerby-pkix-1.0.1.jar:/home/user/.m2/repository/org/apache/kerby/kerby-asn1/1.0.1/kerby-asn1-1.0.1.jar:/home/user/.m2/repository/org/apache/kerby/kerby-util/1.0.1/kerby-util-1.0.1.jar:/home/user/.m2/repository/org/apache/kerby/kerb-common/1.0.1/kerb-common-1.0.1.jar:/home/user/.m2/repository/org/apache/kerby/kerb-crypto/1.0.1/kerb-crypto-1.0.1.jar:/home/user/.m2/repository/org/apache/kerby/kerb-util/1.0.1/kerb-util-1.0.1.jar:/home/user/.m2/repository/org/apache/kerby/token-provider/1.0.1/token-provider-1.0.1.jar:/home/user/.m2/repository/org/apache/kerby/kerb-admin/1.0.1/kerb-admin-1.0.1.jar:/home/user/.m2/repository/org/apache/kerby/kerb-server/1.0.1/kerb-server-1.0.1.jar:/home/user/.m2/repository/org/apache/kerby/kerb-identity/1.0.1/kerb-identity-1.0.1.jar:/home/user/.m2/repository/org/apache/kerby/kerby-xdr/1.0.1/kerby-xdr-1.0.1.jar:/home/user/.m2/repository/org/slf4j/slf4j-log4j12/1.7.25/slf4j-log4j12-1.7.25.jar:/home/user/.m2/repository/org/apache/hadoop/hadoop-ozone-s3gateway/0.5.0-SNAPSHOT/hadoop-ozone-s3gateway-0.5.0-SNAPSHOT.jar:/home/user/.m2/repository/org/jboss/weld/servlet/weld-servlet/2.4.7.Final/weld-servlet-2.4.7.Final.jar:/home/user/.m2/repository/org/glassfish/jersey/containers/jersey-container-servlet-core/2.27/jersey-container-servlet-core-2.27.jar:/home/user/.m2/repository/org/glassfish/hk2/external/javax.inject/2.5.0-b42/javax.inject-2.5.0-b42.jar:/home/user/.m2/repository/org/glassfish/jersey/core/jersey-common/2.27/jersey-common-2.27.jar:/home/user/.m2/repository/org/glassfish/hk2/osgi-resource-locator/1.0.1/osgi-resource-locator-1.0.1.jar:/home/user/.m2/repository/javax/ws/rs/javax.ws.rs-api/2.1/javax.ws.rs-api-2.1.jar:/home/user/.m2/repository/org/glassfish/jersey/ext/cdi/jersey-cdi1x/2.27/jersey-cdi1x-2.27.jar:/home/user/.m2/repository/org/glassfish/jersey/inject/jersey-hk2/2.27/jersey-hk2-2.27.jar:/home/user/.m2/repository/org/glassfish/hk2/hk2-locator/2.5.0-b42/hk2-locator-2.5.0-b42.jar:/home/user/.m2/repository/org/javassist/javassist/3.22.0-CR2/javassist-3.22.0-CR2.jar:/home/user/.m2/repository/org/glassfish/hk2/hk2-api/2.5.0/hk2-api-2.5.0.jar:/home/user/.m2/repository/org/glassfish/hk2/external/jakarta.inject/2.5.0/jakarta.inject-2.5.0.jar:/home/user/.m2/repository/org/glassfish/hk2/hk2-utils/2.5.0/hk2-utils-2.5.0.jar:/home/user/.m2/repository/jakarta/annotation/jakarta.annotation-api/1.3.4/jakarta.annotation-api-1.3.4.jar:/home/user/.m2/repository/org/glassfish/hk2/external/aopalliance-repackaged/2.5.0/aopalliance-repackaged-2.5.0.jar:/home/user/.m2/repository/com/fasterxml/jackson/dataformat/jackson-dataformat-xml/2.9.0/jackson-dataformat-xml-2.9.0.jar:/home/user/.m2/repository/com/fasterxml/jackson/core/jackson-core/2.9.5/jackson-core-2.9.5.jar:/home/user/.m2/repository/com/fasterxml/jackson/module/jackson-module-jaxb-annotations/2.9.5/jackson-module-jaxb-annotations-2.9.5.jar:/home/user/.m2/repository/javax/enterprise/cdi-api/1.2/cdi-api-1.2.jar:/home/user/.m2/repository/javax/el/javax.el-api/3.0.0/javax.el-api-3.0.0.jar:/home/user/.m2/repository/javax/interceptor/javax.interceptor-api/1.2/javax.interceptor-api-1.2.jar:/home/user/.m2/repository/javax/inject/javax.inject/1/javax.inject-1.jar:/home/user/.m2/repository/com/sun/xml/bind/jaxb-impl/2.3.0.1/jaxb-impl-2.3.0.1.jar:/home/user/.m2/repository/com/sun/xml/bind/jaxb-core/2.3.0.1/jaxb-core-2.3.0.1.jar:/home/user/.m2/repository/javax/xml/bind/jaxb-api/2.3.0/jaxb-api-2.3.0.jar:/home/user/.m2/repository/javax/activation/activation/1.1.1/activation-1.1.1.jar:/home/user/.m2/repository/org/apache/hadoop/hadoop-ozone-csi/0.5.0-SNAPSHOT/hadoop-ozone-csi-0.5.0-SNAPSHOT.jar:/home/user/.m2/repository/com/google/protobuf/protobuf-java-util/3.5.1/protobuf-java-util-3.5.1.jar:/home/user/.m2/repository/org/apache/hadoop/hadoop-hdds-config/0.5.0-SNAPSHOT/hadoop-hdds-config-0.5.0-SNAPSHOT.jar:/home/user/.m2/repository/io/grpc/grpc-netty/1.17.1/grpc-netty-1.17.1.jar:/home/user/.m2/repository/io/grpc/grpc-core/1.17.1/grpc-core-1.17.1.jar:/home/user/.m2/repository/io/grpc/grpc-context/1.17.1/grpc-context-1.17.1.jar:/home/user/.m2/repository/com/google/errorprone/error_prone_annotations/2.2.0/error_prone_annotations-2.2.0.jar:/home/user/.m2/repository/org/codehaus/mojo/animal-sniffer-annotations/1.17/animal-sniffer-annotations-1.17.jar:/home/user/.m2/repository/io/opencensus/opencensus-api/0.17.0/opencensus-api-0.17.0.jar:/home/user/.m2/repository/io/opencensus/opencensus-contrib-grpc-metrics/0.17.0/opencensus-contrib-grpc-metrics-0.17.0.jar:/home/user/.m2/repository/io/netty/netty-codec-http2/4.1.30.Final/netty-codec-http2-4.1.30.Final.jar:/home/user/.m2/repository/io/netty/netty-codec-http/4.1.30.Final/netty-codec-http-4.1.30.Final.jar:/home/user/.m2/repository/io/netty/netty-codec/4.1.30.Final/netty-codec-4.1.30.Final.jar:/home/user/.m2/repository/io/netty/netty-handler/4.1.30.Final/netty-handler-4.1.30.Final.jar:/home/user/.m2/repository/io/netty/netty-handler-proxy/4.1.30.Final/netty-handler-proxy-4.1.30.Final.jar:/home/user/.m2/repository/io/netty/netty-codec-socks/4.1.30.Final/netty-codec-socks-4.1.30.Final.jar:/home/user/.m2/repository/io/netty/netty-transport-native-epoll/4.1.30.Final/netty-transport-native-epoll-4.1.30.Final.jar:/home/user/.m2/repository/io/netty/netty-common/4.1.30.Final/netty-common-4.1.30.Final.jar:/home/user/.m2/repository/io/netty/netty-buffer/4.1.30.Final/netty-buffer-4.1.30.Final.jar:/home/user/.m2/repository/io/netty/netty-transport/4.1.30.Final/netty-transport-4.1.30.Final.jar:/home/user/.m2/repository/io/netty/netty-resolver/4.1.30.Final/netty-resolver-4.1.30.Final.jar:/home/user/.m2/repository/io/netty/netty-transport-native-unix-common/4.1.30.Final/netty-transport-native-unix-common-4.1.30.Final.jar:/home/user/.m2/repository/io/grpc/grpc-protobuf/1.17.1/grpc-protobuf-1.17.1.jar:/home/user/.m2/repository/com/google/api/grpc/proto-google-common-protos/1.0.0/proto-google-common-protos-1.0.0.jar:/home/user/.m2/repository/io/grpc/grpc-protobuf-lite/1.17.1/grpc-protobuf-lite-1.17.1.jar:/home/user/.m2/repository/io/grpc/grpc-stub/1.17.1/grpc-stub-1.17.1.jar:/home/user/.m2/repository/org/apache/hadoop/hadoop-ozone-recon/0.5.0-SNAPSHOT/hadoop-ozone-recon-0.5.0-SNAPSHOT.jar:/home/user/.m2/repository/org/apache/hadoop/hadoop-ozone-reconcodegen/0.5.0-SNAPSHOT/hadoop-ozone-reconcodegen-0.5.0-SNAPSHOT.jar:/home/user/.m2/repository/com/google/inject/extensions/guice-multibindings/4.0/guice-multibindings-4.0.jar:/home/user/.m2/repository/com/google/inject/guice/4.0/guice-4.0.jar:/home/user/.m2/repository/aopalliance/aopalliance/1.0/aopalliance-1.0.jar:/home/user/.m2/repository/com/google/inject/extensions/guice-servlet/4.0/guice-servlet-4.0.jar:/home/user/.m2/repository/org/glassfish/jersey/containers/jersey-container-servlet/2.27/jersey-container-servlet-2.27.jar:/home/user/.m2/repository/org/glassfish/hk2/guice-bridge/2.5.0/guice-bridge-2.5.0.jar:/home/user/.m2/repository/org/glassfish/jersey/core/jersey-server/2.27/jersey-server-2.27.jar:/home/user/.m2/repository/org/glassfish/jersey/core/jersey-client/2.27/jersey-client-2.27.jar:/home/user/.m2/repository/org/glassfish/jersey/media/jersey-media-jaxb/2.27/jersey-media-jaxb-2.27.jar:/home/user/.m2/repository/javax/validation/validation-api/1.1.0.Final/validation-api-1.1.0.Final.jar:/home/user/.m2/repository/org/glassfish/jersey/media/jersey-media-json-jackson/2.27/jersey-media-json-jackson-2.27.jar:/home/user/.m2/repository/org/glassfish/jersey/ext/jersey-entity-filtering/2.27/jersey-entity-filtering-2.27.jar:/home/user/.m2/repository/com/google/inject/extensions/guice-assistedinject/4.0/guice-assistedinject-4.0.jar:/home/user/.m2/repository/org/jooq/jooq/3.11.10/jooq-3.11.10.jar:/home/user/.m2/repository/org/jooq/jooq-meta/3.11.10/jooq-meta-3.11.10.jar:/home/user/.m2/repository/org/jooq/jooq-codegen/3.11.10/jooq-codegen-3.11.10.jar:/home/user/.m2/repository/com/jolbox/bonecp/0.8.0.RELEASE/bonecp-0.8.0.RELEASE.jar:/home/user/.m2/repository/org/xerial/sqlite-jdbc/3.25.2/sqlite-jdbc-3.25.2.jar:/home/user/.m2/repository/org/springframework/spring-jdbc/5.1.3.RELEASE/spring-jdbc-5.1.3.RELEASE.jar:/home/user/.m2/repository/org/springframework/spring-beans/5.1.3.RELEASE/spring-beans-5.1.3.RELEASE.jar:/home/user/.m2/repository/org/springframework/spring-core/5.1.3.RELEASE/spring-core-5.1.3.RELEASE.jar:/home/user/.m2/repository/org/springframework/spring-jcl/5.1.3.RELEASE/spring-jcl-5.1.3.RELEASE.jar:/home/user/.m2/repository/org/springframework/spring-tx/5.1.3.RELEASE/spring-tx-5.1.3.RELEASE.jar:/home/user/.m2/repository/org/apache/hadoop/hadoop-ozone-client/0.5.0-SNAPSHOT/hadoop-ozone-client-0.5.0-SNAPSHOT.jar:/home/user/.m2/repository/commons-lang/commons-lang/2.6/commons-lang-2.6.jar:/home/user/.m2/repository/org/apache/hadoop/hadoop-ozone-ozone-manager/0.5.0-SNAPSHOT/hadoop-ozone-ozone-manager-0.5.0-SNAPSHOT-tests.jar:/home/user/.m2/repository/junit/junit/4.11/junit-4.11.jar:/home/user/.m2/repository/org/hamcrest/hamcrest-core/1.3/hamcrest-core-1.3.jar:/home/user/.m2/repository/org/openjdk/jmh/jmh-core/1.19/jmh-core-1.19.jar:/home/user/.m2/repository/net/sf/jopt-simple/jopt-simple/4.6/jopt-simple-4.6.jar:/home/user/.m2/repository/org/apache/commons/commons-math3/3.1.1/commons-math3-3.1.1.jar:/home/user/.m2/repository/org/openjdk/jmh/jmh-generator-annprocess/1.19/jmh-generator-annprocess-1.19.jar:/home/user/.m2/repository/org/mockito/mockito-all/1.8.5/mockito-all-1.8.5.jar:/home/user/.m2/repository/org/apache/hadoop/hadoop-kms/3.2.0/hadoop-kms-3.2.0.jar:/home/user/.m2/repository/org/apache/hadoop/hadoop-auth/3.2.0/hadoop-auth-3.2.0.jar:/home/user/.m2/repository/com/nimbusds/nimbus-jose-jwt/4.41.1/nimbus-jose-jwt-4.41.1.jar:/home/user/.m2/repository/com/github/stephenc/jcip/jcip-annotations/1.0-1/jcip-annotations-1.0-1.jar:/home/user/.m2/repository/net/minidev/json-smart/2.3/json-smart-2.3.jar:/home/user/.m2/repository/net/minidev/accessors-smart/1.2/accessors-smart-1.2.jar:/home/user/.m2/repository/org/ow2/asm/asm/5.0.4/asm-5.0.4.jar:/home/user/.m2/repository/org/apache/curator/curator-framework/2.12.0/curator-framework-2.12.0.jar:/home/user/.m2/repository/com/sun/jersey/jersey-core/1.19/jersey-core-1.19.jar:/home/user/.m2/repository/javax/ws/rs/jsr311-api/1.1.1/jsr311-api-1.1.1.jar:/home/user/.m2/repository/com/sun/jersey/jersey-server/1.19/jersey-server-1.19.jar:/home/user/.m2/repository/javax/servlet/javax.servlet-api/3.1.0/javax.servlet-api-3.1.0.jar:/home/user/.m2/repository/org/eclipse/jetty/jetty-server/9.3.24.v20180605/jetty-server-9.3.24.v20180605.jar:/home/user/.m2/repository/org/eclipse/jetty/jetty-http/9.3.24.v20180605/jetty-http-9.3.24.v20180605.jar:/home/user/.m2/repository/org/eclipse/jetty/jetty-io/9.3.24.v20180605/jetty-io-9.3.24.v20180605.jar:/home/user/.m2/repository/org/eclipse/jetty/jetty-webapp/9.3.24.v20180605/jetty-webapp-9.3.24.v20180605.jar:/home/user/.m2/repository/org/eclipse/jetty/jetty-xml/9.3.24.v20180605/jetty-xml-9.3.24.v20180605.jar:/home/user/.m2/repository/log4j/log4j/1.2.17/log4j-1.2.17.jar:/home/user/.m2/repository/org/slf4j/slf4j-api/1.7.25/slf4j-api-1.7.25.jar:/home/user/.m2/repository/org/slf4j/jul-to-slf4j/1.7.25/jul-to-slf4j-1.7.25.jar:/home/user/.m2/repository/org/eclipse/jetty/jetty-util/9.3.24.v20180605/jetty-util-9.3.24.v20180605.jar:/home/user/.m2/repository/com/fasterxml/jackson/core/jackson-databind/2.9.5/jackson-databind-2.9.5.jar:/home/user/.m2/repository/org/apache/hadoop/hadoop-kms/3.2.0/hadoop-kms-3.2.0-tests.jar:/home/user/.m2/repository/org/apache/hadoop/hadoop-hdds-server-scm/0.5.0-SNAPSHOT/hadoop-hdds-server-scm-0.5.0-SNAPSHOT-tests.jar:/home/user/.m2/repository/org/apache/hadoop/hadoop-hdds-container-service/0.5.0-SNAPSHOT/hadoop-hdds-container-service-0.5.0-SNAPSHOT-tests.jar:/home/user/.m2/repository/org/yaml/snakeyaml/1.16/snakeyaml-1.16.jar:/home/user/.m2/repository/org/apache/hadoop/hadoop-common/3.2.0/hadoop-common-3.2.0-tests.jar:/home/user/.m2/repository/org/apache/hadoop/hadoop-annotations/3.2.0/hadoop-annotations-3.2.0.jar:/usr/lib/jvm/java-1.8-openjdk/jre/../lib/tools.jar:/home/user/.m2/repository/commons-cli/commons-cli/1.2/commons-cli-1.2.jar:/home/user/.m2/repository/org/apache/httpcomponents/httpclient/4.5.2/httpclient-4.5.2.jar:/home/user/.m2/repository/org/apache/httpcomponents/httpcore/4.4.4/httpcore-4.4.4.jar:/home/user/.m2/repository/commons-codec/commons-codec/1.11/commons-codec-1.11.jar:/home/user/.m2/repository/commons-net/commons-net/3.6/commons-net-3.6.jar:/home/user/.m2/repository/commons-collections/commons-collections/3.2.2/commons-collections-3.2.2.jar:/home/user/.m2/repository/org/eclipse/jetty/jetty-servlet/9.3.24.v20180605/jetty-servlet-9.3.24.v20180605.jar:/home/user/.m2/repository/org/eclipse/jetty/jetty-security/9.3.24.v20180605/jetty-security-9.3.24.v20180605.jar:/home/user/.m2/repository/javax/servlet/jsp/jsp-api/2.1/jsp-api-2.1.jar:/home/user/.m2/repository/com/sun/jersey/jersey-servlet/1.19/jersey-servlet-1.19.jar:/home/user/.m2/repository/com/sun/jersey/jersey-json/1.19/jersey-json-1.19.jar:/home/user/.m2/repository/org/codehaus/jettison/jettison/1.1/jettison-1.1.jar:/home/user/.m2/repository/org/codehaus/jackson/jackson-core-asl/1.9.13/jackson-core-asl-1.9.13.jar:/home/user/.m2/repository/org/codehaus/jackson/jackson-mapper-asl/1.9.13/jackson-mapper-asl-1.9.13.jar:/home/user/.m2/repository/org/codehaus/jackson/jackson-jaxrs/1.9.13/jackson-jaxrs-1.9.13.jar:/home/user/.m2/repository/org/codehaus/jackson/jackson-xc/1.9.13/jackson-xc-1.9.13.jar:/home/user/.m2/repository/commons-logging/commons-logging/1.1.3/commons-logging-1.1.3.jar:/home/user/.m2/repository/commons-beanutils/commons-beanutils/1.9.3/commons-beanutils-1.9.3.jar:/home/user/.m2/repository/org/apache/commons/commons-configuration2/2.1.1/commons-configuration2-2.1.1.jar:/home/user/.m2/repository/org/apache/commons/commons-lang3/3.7/commons-lang3-3.7.jar:/home/user/.m2/repository/org/apache/commons/commons-text/1.4/commons-text-1.4.jar:/home/user/.m2/repository/org/apache/avro/avro/1.7.7/avro-1.7.7.jar:/home/user/.m2/repository/com/thoughtworks/paranamer/paranamer/2.3/paranamer-2.3.jar:/home/user/.m2/repository/org/xerial/snappy/snappy-java/1.0.5/snappy-java-1.0.5.jar:/home/user/.m2/repository/com/google/re2j/re2j/1.1/re2j-1.1.jar:/home/user/.m2/repository/com/google/code/gson/gson/2.2.4/gson-2.2.4.jar:/home/user/.m2/repository/com/jcraft/jsch/0.1.54/jsch-0.1.54.jar:/home/user/.m2/repository/org/apache/curator/curator-client/2.12.0/curator-client-2.12.0.jar:/home/user/.m2/repository/org/apache/curator/curator-recipes/2.12.0/curator-recipes-2.12.0.jar:/home/user/.m2/repository/com/google/code/findbugs/jsr305/3.0.0/jsr305-3.0.0.jar:/home/user/.m2/repository/org/apache/htrace/htrace-core4/4.1.0-incubating/htrace-core4-4.1.0-incubating.jar:/home/user/.m2/repository/org/apache/zookeeper/zookeeper/3.4.13/zookeeper-3.4.13.jar:/home/user/.m2/repository/org/apache/yetus/audience-annotations/0.5.0/audience-annotations-0.5.0.jar:/home/user/.m2/repository/org/codehaus/woodstox/stax2-api/3.1.4/stax2-api-3.1.4.jar:/home/user/.m2/repository/com/fasterxml/woodstox/woodstox-core/5.0.3/woodstox-core-5.0.3.jar:/home/user/.m2/repository/dnsjava/dnsjava/2.1.7/dnsjava-2.1.7.jar:/home/user/.m2/repository/org/apache/hadoop/hadoop-hdfs/3.2.0/hadoop-hdfs-3.2.0-tests.jar:/home/user/.m2/repository/org/eclipse/jetty/jetty-util-ajax/9.3.24.v20180605/jetty-util-ajax-9.3.24.v20180605.jar:/home/user/.m2/repository/commons-daemon/commons-daemon/1.0.13/commons-daemon-1.0.13.jar:/home/user/.m2/repository/io/netty/netty/3.10.5.Final/netty-3.10.5.Final.jar:/home/user/.m2/repository/io/netty/netty-all/4.0.52.Final/netty-all-4.0.52.Final.jar:/home/user/.m2/repository/org/fusesource/leveldbjni/leveldbjni-all/1.8/leveldbjni-all-1.8.jar:"/>
    <property name="java.vm.vendor" value="IcedTea"/>
    <property name="sun.arch.data.model" value="64"/>
    <property name="test.build.dir" value="/workdir/hadoop-ozone/integration-test/target/test-dir"/>
    <property name="test.cache.data" value=""/>
    <property name="java.vendor.url" value="https://icedtea.classpath.org"/>
    <property name="user.timezone" value=""/>
    <property name="java.vm.specification.version" value="1.8"/>
    <property name="os.name" value="Linux"/>
    <property name="test.build.data" value="/workdir/hadoop-ozone/integration-test/target/test-dir"/>
    <property name="user.country" value="US"/>
    <property name="sun.java.launcher" value="SUN_STANDARD"/>
    <property name="sun.boot.library.path" value="/usr/lib/jvm/java-1.8-openjdk/jre/lib/amd64"/>
    <property name="sun.java.command" value="/workdir/hadoop-ozone/integration-test/target/surefire/surefirebooter6639055332036032861.jar /workdir/hadoop-ozone/integration-test/target/surefire 2019-09-17T06-27-28_062-jvmRun1 surefire5112427893953692075tmp surefire_442659314739781589167tmp"/>
    <property name="test" value="!TestMiniChaosOzoneCluster"/>
    <property name="surefire.test.class.path" value="/workdir/hadoop-ozone/integration-test/target/test-classes:/workdir/hadoop-ozone/integration-test/target/classes:/home/user/.m2/repository/org/apache/hadoop/hadoop-ozone-common/0.5.0-SNAPSHOT/hadoop-ozone-common-0.5.0-SNAPSHOT.jar:/home/user/.m2/repository/org/apache/commons/commons-compress/1.4.1/commons-compress-1.4.1.jar:/home/user/.m2/repository/org/tukaani/xz/1.0/xz-1.0.jar:/home/user/.m2/repository/org/apache/hadoop/hadoop-common/3.2.0/hadoop-common-3.2.0.jar:/home/user/.m2/repository/org/apache/hadoop/hadoop-hdfs/3.2.0/hadoop-hdfs-3.2.0.jar:/home/user/.m2/repository/org/apache/hadoop/hadoop-hdfs-client/3.2.0/hadoop-hdfs-client-3.2.0.jar:/home/user/.m2/repository/com/fasterxml/jackson/core/jackson-annotations/2.9.5/jackson-annotations-2.9.5.jar:/home/user/.m2/repository/org/apache/hadoop/hadoop-hdds-common/0.5.0-SNAPSHOT/hadoop-hdds-common-0.5.0-SNAPSHOT.jar:/home/user/.m2/repository/javax/annotation/javax.annotation-api/1.2/javax.annotation-api-1.2.jar:/home/user/.m2/repository/org/apache/ratis/ratis-server/0.4.0-78e95b9-SNAPSHOT/ratis-server-0.4.0-78e95b9-SNAPSHOT.jar:/home/user/.m2/repository/org/apache/ratis/ratis-thirdparty-misc/0.2.0/ratis-thirdparty-misc-0.2.0.jar:/home/user/.m2/repository/org/apache/ratis/ratis-proto/0.4.0-78e95b9-SNAPSHOT/ratis-proto-0.4.0-78e95b9-SNAPSHOT.jar:/home/user/.m2/repository/org/apache/ratis/ratis-common/0.4.0-78e95b9-SNAPSHOT/ratis-common-0.4.0-78e95b9-SNAPSHOT.jar:/home/user/.m2/repository/org/apache/ratis/ratis-client/0.4.0-78e95b9-SNAPSHOT/ratis-client-0.4.0-78e95b9-SNAPSHOT.jar:/home/user/.m2/repository/org/apache/ratis/ratis-metrics/0.4.0-78e95b9-SNAPSHOT/ratis-metrics-0.4.0-78e95b9-SNAPSHOT.jar:/home/user/.m2/repository/com/github/joshelser/dropwizard-metrics-hadoop-metrics2-reporter/0.1.2/dropwizard-metrics-hadoop-metrics2-reporter-0.1.2.jar:/home/user/.m2/repository/io/dropwizard/metrics/metrics-jvm/3.2.5/metrics-jvm-3.2.5.jar:/home/user/.m2/repository/io/dropwizard/metrics/metrics-ganglia/3.2.5/metrics-ganglia-3.2.5.jar:/home/user/.m2/repository/info/ganglia/gmetric4j/gmetric4j/1.0.7/gmetric4j-1.0.7.jar:/home/user/.m2/repository/org/apache/ratis/ratis-netty/0.4.0-78e95b9-SNAPSHOT/ratis-netty-0.4.0-78e95b9-SNAPSHOT.jar:/home/user/.m2/repository/org/apache/ratis/ratis-grpc/0.4.0-78e95b9-SNAPSHOT/ratis-grpc-0.4.0-78e95b9-SNAPSHOT.jar:/home/user/.m2/repository/org/rocksdb/rocksdbjni/6.0.1/rocksdbjni-6.0.1.jar:/home/user/.m2/repository/org/apache/logging/log4j/log4j-api/2.11.0/log4j-api-2.11.0.jar:/home/user/.m2/repository/org/apache/logging/log4j/log4j-core/2.11.0/log4j-core-2.11.0.jar:/home/user/.m2/repository/com/lmax/disruptor/3.4.2/disruptor-3.4.2.jar:/home/user/.m2/repository/org/apache/commons/commons-pool2/2.6.0/commons-pool2-2.6.0.jar:/home/user/.m2/repository/org/bouncycastle/bcpkix-jdk15on/1.60/bcpkix-jdk15on-1.60.jar:/home/user/.m2/repository/commons-validator/commons-validator/1.6/commons-validator-1.6.jar:/home/user/.m2/repository/commons-digester/commons-digester/1.8.1/commons-digester-1.8.1.jar:/home/user/.m2/repository/io/jaegertracing/jaeger-client/0.33.1/jaeger-client-0.33.1.jar:/home/user/.m2/repository/io/jaegertracing/jaeger-thrift/0.33.1/jaeger-thrift-0.33.1.jar:/home/user/.m2/repository/org/apache/thrift/libthrift/0.11.0/libthrift-0.11.0.jar:/home/user/.m2/repository/com/squareup/okhttp3/okhttp/3.9.0/okhttp-3.9.0.jar:/home/user/.m2/repository/com/squareup/okio/okio/1.13.0/okio-1.13.0.jar:/home/user/.m2/repository/io/jaegertracing/jaeger-core/0.33.1/jaeger-core-0.33.1.jar:/home/user/.m2/repository/io/jaegertracing/jaeger-tracerresolver/0.33.1/jaeger-tracerresolver-0.33.1.jar:/home/user/.m2/repository/io/opentracing/contrib/opentracing-tracerresolver/0.1.5/opentracing-tracerresolver-0.1.5.jar:/home/user/.m2/repository/io/opentracing/opentracing-util/0.31.0/opentracing-util-0.31.0.jar:/home/user/.m2/repository/io/opentracing/opentracing-api/0.31.0/opentracing-api-0.31.0.jar:/home/user/.m2/repository/io/opentracing/opentracing-noop/0.31.0/opentracing-noop-0.31.0.jar:/home/user/.m2/repository/org/apache/hadoop/hadoop-hdds-server-framework/0.5.0-SNAPSHOT/hadoop-hdds-server-framework-0.5.0-SNAPSHOT.jar:/home/user/.m2/repository/org/apache/hadoop/hadoop-hdds-container-service/0.5.0-SNAPSHOT/hadoop-hdds-container-service-0.5.0-SNAPSHOT.jar:/home/user/.m2/repository/org/apache/hadoop/hadoop-hdds-client/0.5.0-SNAPSHOT/hadoop-hdds-client-0.5.0-SNAPSHOT.jar:/home/user/.m2/repository/org/apache/hadoop/hadoop-hdds-tools/0.5.0-SNAPSHOT/hadoop-hdds-tools-0.5.0-SNAPSHOT.jar:/home/user/.m2/repository/org/apache/hadoop/hadoop-hdds-server-scm/0.5.0-SNAPSHOT/hadoop-hdds-server-scm-0.5.0-SNAPSHOT.jar:/home/user/.m2/repository/org/apache/hadoop/hadoop-hdds-docs/0.5.0-SNAPSHOT/hadoop-hdds-docs-0.5.0-SNAPSHOT.jar:/home/user/.m2/repository/io/dropwizard/metrics/metrics-core/3.2.4/metrics-core-3.2.4.jar:/home/user/.m2/repository/org/hamcrest/hamcrest-all/1.3/hamcrest-all-1.3.jar:/home/user/.m2/repository/org/bouncycastle/bcprov-jdk15on/1.60/bcprov-jdk15on-1.60.jar:/home/user/.m2/repository/info/picocli/picocli/3.9.6/picocli-3.9.6.jar:/home/user/.m2/repository/com/google/protobuf/protobuf-java/2.5.0/protobuf-java-2.5.0.jar:/home/user/.m2/repository/com/google/guava/guava/11.0.2/guava-11.0.2.jar:/home/user/.m2/repository/org/apache/hadoop/hadoop-ozone-ozone-manager/0.5.0-SNAPSHOT/hadoop-ozone-ozone-manager-0.5.0-SNAPSHOT.jar:/home/user/.m2/repository/org/apache/hadoop/hadoop-minikdc/3.2.0/hadoop-minikdc-3.2.0.jar:/home/user/.m2/repository/commons-io/commons-io/2.5/commons-io-2.5.jar:/home/user/.m2/repository/org/apache/kerby/kerb-simplekdc/1.0.1/kerb-simplekdc-1.0.1.jar:/home/user/.m2/repository/org/apache/kerby/kerb-client/1.0.1/kerb-client-1.0.1.jar:/home/user/.m2/repository/org/apache/kerby/kerby-config/1.0.1/kerby-config-1.0.1.jar:/home/user/.m2/repository/org/apache/kerby/kerb-core/1.0.1/kerb-core-1.0.1.jar:/home/user/.m2/repository/org/apache/kerby/kerby-pkix/1.0.1/kerby-pkix-1.0.1.jar:/home/user/.m2/repository/org/apache/kerby/kerby-asn1/1.0.1/kerby-asn1-1.0.1.jar:/home/user/.m2/repository/org/apache/kerby/kerby-util/1.0.1/kerby-util-1.0.1.jar:/home/user/.m2/repository/org/apache/kerby/kerb-common/1.0.1/kerb-common-1.0.1.jar:/home/user/.m2/repository/org/apache/kerby/kerb-crypto/1.0.1/kerb-crypto-1.0.1.jar:/home/user/.m2/repository/org/apache/kerby/kerb-util/1.0.1/kerb-util-1.0.1.jar:/home/user/.m2/repository/org/apache/kerby/token-provider/1.0.1/token-provider-1.0.1.jar:/home/user/.m2/repository/org/apache/kerby/kerb-admin/1.0.1/kerb-admin-1.0.1.jar:/home/user/.m2/repository/org/apache/kerby/kerb-server/1.0.1/kerb-server-1.0.1.jar:/home/user/.m2/repository/org/apache/kerby/kerb-identity/1.0.1/kerb-identity-1.0.1.jar:/home/user/.m2/repository/org/apache/kerby/kerby-xdr/1.0.1/kerby-xdr-1.0.1.jar:/home/user/.m2/repository/org/slf4j/slf4j-log4j12/1.7.25/slf4j-log4j12-1.7.25.jar:/home/user/.m2/repository/org/apache/hadoop/hadoop-ozone-s3gateway/0.5.0-SNAPSHOT/hadoop-ozone-s3gateway-0.5.0-SNAPSHOT.jar:/home/user/.m2/repository/org/jboss/weld/servlet/weld-servlet/2.4.7.Final/weld-servlet-2.4.7.Final.jar:/home/user/.m2/repository/org/glassfish/jersey/containers/jersey-container-servlet-core/2.27/jersey-container-servlet-core-2.27.jar:/home/user/.m2/repository/org/glassfish/hk2/external/javax.inject/2.5.0-b42/javax.inject-2.5.0-b42.jar:/home/user/.m2/repository/org/glassfish/jersey/core/jersey-common/2.27/jersey-common-2.27.jar:/home/user/.m2/repository/org/glassfish/hk2/osgi-resource-locator/1.0.1/osgi-resource-locator-1.0.1.jar:/home/user/.m2/repository/javax/ws/rs/javax.ws.rs-api/2.1/javax.ws.rs-api-2.1.jar:/home/user/.m2/repository/org/glassfish/jersey/ext/cdi/jersey-cdi1x/2.27/jersey-cdi1x-2.27.jar:/home/user/.m2/repository/org/glassfish/jersey/inject/jersey-hk2/2.27/jersey-hk2-2.27.jar:/home/user/.m2/repository/org/glassfish/hk2/hk2-locator/2.5.0-b42/hk2-locator-2.5.0-b42.jar:/home/user/.m2/repository/org/javassist/javassist/3.22.0-CR2/javassist-3.22.0-CR2.jar:/home/user/.m2/repository/org/glassfish/hk2/hk2-api/2.5.0/hk2-api-2.5.0.jar:/home/user/.m2/repository/org/glassfish/hk2/external/jakarta.inject/2.5.0/jakarta.inject-2.5.0.jar:/home/user/.m2/repository/org/glassfish/hk2/hk2-utils/2.5.0/hk2-utils-2.5.0.jar:/home/user/.m2/repository/jakarta/annotation/jakarta.annotation-api/1.3.4/jakarta.annotation-api-1.3.4.jar:/home/user/.m2/repository/org/glassfish/hk2/external/aopalliance-repackaged/2.5.0/aopalliance-repackaged-2.5.0.jar:/home/user/.m2/repository/com/fasterxml/jackson/dataformat/jackson-dataformat-xml/2.9.0/jackson-dataformat-xml-2.9.0.jar:/home/user/.m2/repository/com/fasterxml/jackson/core/jackson-core/2.9.5/jackson-core-2.9.5.jar:/home/user/.m2/repository/com/fasterxml/jackson/module/jackson-module-jaxb-annotations/2.9.5/jackson-module-jaxb-annotations-2.9.5.jar:/home/user/.m2/repository/javax/enterprise/cdi-api/1.2/cdi-api-1.2.jar:/home/user/.m2/repository/javax/el/javax.el-api/3.0.0/javax.el-api-3.0.0.jar:/home/user/.m2/repository/javax/interceptor/javax.interceptor-api/1.2/javax.interceptor-api-1.2.jar:/home/user/.m2/repository/javax/inject/javax.inject/1/javax.inject-1.jar:/home/user/.m2/repository/com/sun/xml/bind/jaxb-impl/2.3.0.1/jaxb-impl-2.3.0.1.jar:/home/user/.m2/repository/com/sun/xml/bind/jaxb-core/2.3.0.1/jaxb-core-2.3.0.1.jar:/home/user/.m2/repository/javax/xml/bind/jaxb-api/2.3.0/jaxb-api-2.3.0.jar:/home/user/.m2/repository/javax/activation/activation/1.1.1/activation-1.1.1.jar:/home/user/.m2/repository/org/apache/hadoop/hadoop-ozone-csi/0.5.0-SNAPSHOT/hadoop-ozone-csi-0.5.0-SNAPSHOT.jar:/home/user/.m2/repository/com/google/protobuf/protobuf-java-util/3.5.1/protobuf-java-util-3.5.1.jar:/home/user/.m2/repository/org/apache/hadoop/hadoop-hdds-config/0.5.0-SNAPSHOT/hadoop-hdds-config-0.5.0-SNAPSHOT.jar:/home/user/.m2/repository/io/grpc/grpc-netty/1.17.1/grpc-netty-1.17.1.jar:/home/user/.m2/repository/io/grpc/grpc-core/1.17.1/grpc-core-1.17.1.jar:/home/user/.m2/repository/io/grpc/grpc-context/1.17.1/grpc-context-1.17.1.jar:/home/user/.m2/repository/com/google/errorprone/error_prone_annotations/2.2.0/error_prone_annotations-2.2.0.jar:/home/user/.m2/repository/org/codehaus/mojo/animal-sniffer-annotations/1.17/animal-sniffer-annotations-1.17.jar:/home/user/.m2/repository/io/opencensus/opencensus-api/0.17.0/opencensus-api-0.17.0.jar:/home/user/.m2/repository/io/opencensus/opencensus-contrib-grpc-metrics/0.17.0/opencensus-contrib-grpc-metrics-0.17.0.jar:/home/user/.m2/repository/io/netty/netty-codec-http2/4.1.30.Final/netty-codec-http2-4.1.30.Final.jar:/home/user/.m2/repository/io/netty/netty-codec-http/4.1.30.Final/netty-codec-http-4.1.30.Final.jar:/home/user/.m2/repository/io/netty/netty-codec/4.1.30.Final/netty-codec-4.1.30.Final.jar:/home/user/.m2/repository/io/netty/netty-handler/4.1.30.Final/netty-handler-4.1.30.Final.jar:/home/user/.m2/repository/io/netty/netty-handler-proxy/4.1.30.Final/netty-handler-proxy-4.1.30.Final.jar:/home/user/.m2/repository/io/netty/netty-codec-socks/4.1.30.Final/netty-codec-socks-4.1.30.Final.jar:/home/user/.m2/repository/io/netty/netty-transport-native-epoll/4.1.30.Final/netty-transport-native-epoll-4.1.30.Final.jar:/home/user/.m2/repository/io/netty/netty-common/4.1.30.Final/netty-common-4.1.30.Final.jar:/home/user/.m2/repository/io/netty/netty-buffer/4.1.30.Final/netty-buffer-4.1.30.Final.jar:/home/user/.m2/repository/io/netty/netty-transport/4.1.30.Final/netty-transport-4.1.30.Final.jar:/home/user/.m2/repository/io/netty/netty-resolver/4.1.30.Final/netty-resolver-4.1.30.Final.jar:/home/user/.m2/repository/io/netty/netty-transport-native-unix-common/4.1.30.Final/netty-transport-native-unix-common-4.1.30.Final.jar:/home/user/.m2/repository/io/grpc/grpc-protobuf/1.17.1/grpc-protobuf-1.17.1.jar:/home/user/.m2/repository/com/google/api/grpc/proto-google-common-protos/1.0.0/proto-google-common-protos-1.0.0.jar:/home/user/.m2/repository/io/grpc/grpc-protobuf-lite/1.17.1/grpc-protobuf-lite-1.17.1.jar:/home/user/.m2/repository/io/grpc/grpc-stub/1.17.1/grpc-stub-1.17.1.jar:/home/user/.m2/repository/org/apache/hadoop/hadoop-ozone-recon/0.5.0-SNAPSHOT/hadoop-ozone-recon-0.5.0-SNAPSHOT.jar:/home/user/.m2/repository/org/apache/hadoop/hadoop-ozone-reconcodegen/0.5.0-SNAPSHOT/hadoop-ozone-reconcodegen-0.5.0-SNAPSHOT.jar:/home/user/.m2/repository/com/google/inject/extensions/guice-multibindings/4.0/guice-multibindings-4.0.jar:/home/user/.m2/repository/com/google/inject/guice/4.0/guice-4.0.jar:/home/user/.m2/repository/aopalliance/aopalliance/1.0/aopalliance-1.0.jar:/home/user/.m2/repository/com/google/inject/extensions/guice-servlet/4.0/guice-servlet-4.0.jar:/home/user/.m2/repository/org/glassfish/jersey/containers/jersey-container-servlet/2.27/jersey-container-servlet-2.27.jar:/home/user/.m2/repository/org/glassfish/hk2/guice-bridge/2.5.0/guice-bridge-2.5.0.jar:/home/user/.m2/repository/org/glassfish/jersey/core/jersey-server/2.27/jersey-server-2.27.jar:/home/user/.m2/repository/org/glassfish/jersey/core/jersey-client/2.27/jersey-client-2.27.jar:/home/user/.m2/repository/org/glassfish/jersey/media/jersey-media-jaxb/2.27/jersey-media-jaxb-2.27.jar:/home/user/.m2/repository/javax/validation/validation-api/1.1.0.Final/validation-api-1.1.0.Final.jar:/home/user/.m2/repository/org/glassfish/jersey/media/jersey-media-json-jackson/2.27/jersey-media-json-jackson-2.27.jar:/home/user/.m2/repository/org/glassfish/jersey/ext/jersey-entity-filtering/2.27/jersey-entity-filtering-2.27.jar:/home/user/.m2/repository/com/google/inject/extensions/guice-assistedinject/4.0/guice-assistedinject-4.0.jar:/home/user/.m2/repository/org/jooq/jooq/3.11.10/jooq-3.11.10.jar:/home/user/.m2/repository/org/jooq/jooq-meta/3.11.10/jooq-meta-3.11.10.jar:/home/user/.m2/repository/org/jooq/jooq-codegen/3.11.10/jooq-codegen-3.11.10.jar:/home/user/.m2/repository/com/jolbox/bonecp/0.8.0.RELEASE/bonecp-0.8.0.RELEASE.jar:/home/user/.m2/repository/org/xerial/sqlite-jdbc/3.25.2/sqlite-jdbc-3.25.2.jar:/home/user/.m2/repository/org/springframework/spring-jdbc/5.1.3.RELEASE/spring-jdbc-5.1.3.RELEASE.jar:/home/user/.m2/repository/org/springframework/spring-beans/5.1.3.RELEASE/spring-beans-5.1.3.RELEASE.jar:/home/user/.m2/repository/org/springframework/spring-core/5.1.3.RELEASE/spring-core-5.1.3.RELEASE.jar:/home/user/.m2/repository/org/springframework/spring-jcl/5.1.3.RELEASE/spring-jcl-5.1.3.RELEASE.jar:/home/user/.m2/repository/org/springframework/spring-tx/5.1.3.RELEASE/spring-tx-5.1.3.RELEASE.jar:/home/user/.m2/repository/org/apache/hadoop/hadoop-ozone-client/0.5.0-SNAPSHOT/hadoop-ozone-client-0.5.0-SNAPSHOT.jar:/home/user/.m2/repository/commons-lang/commons-lang/2.6/commons-lang-2.6.jar:/home/user/.m2/repository/org/apache/hadoop/hadoop-ozone-ozone-manager/0.5.0-SNAPSHOT/hadoop-ozone-ozone-manager-0.5.0-SNAPSHOT-tests.jar:/home/user/.m2/repository/junit/junit/4.11/junit-4.11.jar:/home/user/.m2/repository/org/hamcrest/hamcrest-core/1.3/hamcrest-core-1.3.jar:/home/user/.m2/repository/org/openjdk/jmh/jmh-core/1.19/jmh-core-1.19.jar:/home/user/.m2/repository/net/sf/jopt-simple/jopt-simple/4.6/jopt-simple-4.6.jar:/home/user/.m2/repository/org/apache/commons/commons-math3/3.1.1/commons-math3-3.1.1.jar:/home/user/.m2/repository/org/openjdk/jmh/jmh-generator-annprocess/1.19/jmh-generator-annprocess-1.19.jar:/home/user/.m2/repository/org/mockito/mockito-all/1.8.5/mockito-all-1.8.5.jar:/home/user/.m2/repository/org/apache/hadoop/hadoop-kms/3.2.0/hadoop-kms-3.2.0.jar:/home/user/.m2/repository/org/apache/hadoop/hadoop-auth/3.2.0/hadoop-auth-3.2.0.jar:/home/user/.m2/repository/com/nimbusds/nimbus-jose-jwt/4.41.1/nimbus-jose-jwt-4.41.1.jar:/home/user/.m2/repository/com/github/stephenc/jcip/jcip-annotations/1.0-1/jcip-annotations-1.0-1.jar:/home/user/.m2/repository/net/minidev/json-smart/2.3/json-smart-2.3.jar:/home/user/.m2/repository/net/minidev/accessors-smart/1.2/accessors-smart-1.2.jar:/home/user/.m2/repository/org/ow2/asm/asm/5.0.4/asm-5.0.4.jar:/home/user/.m2/repository/org/apache/curator/curator-framework/2.12.0/curator-framework-2.12.0.jar:/home/user/.m2/repository/com/sun/jersey/jersey-core/1.19/jersey-core-1.19.jar:/home/user/.m2/repository/javax/ws/rs/jsr311-api/1.1.1/jsr311-api-1.1.1.jar:/home/user/.m2/repository/com/sun/jersey/jersey-server/1.19/jersey-server-1.19.jar:/home/user/.m2/repository/javax/servlet/javax.servlet-api/3.1.0/javax.servlet-api-3.1.0.jar:/home/user/.m2/repository/org/eclipse/jetty/jetty-server/9.3.24.v20180605/jetty-server-9.3.24.v20180605.jar:/home/user/.m2/repository/org/eclipse/jetty/jetty-http/9.3.24.v20180605/jetty-http-9.3.24.v20180605.jar:/home/user/.m2/repository/org/eclipse/jetty/jetty-io/9.3.24.v20180605/jetty-io-9.3.24.v20180605.jar:/home/user/.m2/repository/org/eclipse/jetty/jetty-webapp/9.3.24.v20180605/jetty-webapp-9.3.24.v20180605.jar:/home/user/.m2/repository/org/eclipse/jetty/jetty-xml/9.3.24.v20180605/jetty-xml-9.3.24.v20180605.jar:/home/user/.m2/repository/log4j/log4j/1.2.17/log4j-1.2.17.jar:/home/user/.m2/repository/org/slf4j/slf4j-api/1.7.25/slf4j-api-1.7.25.jar:/home/user/.m2/repository/org/slf4j/jul-to-slf4j/1.7.25/jul-to-slf4j-1.7.25.jar:/home/user/.m2/repository/org/eclipse/jetty/jetty-util/9.3.24.v20180605/jetty-util-9.3.24.v20180605.jar:/home/user/.m2/repository/com/fasterxml/jackson/core/jackson-databind/2.9.5/jackson-databind-2.9.5.jar:/home/user/.m2/repository/org/apache/hadoop/hadoop-kms/3.2.0/hadoop-kms-3.2.0-tests.jar:/home/user/.m2/repository/org/apache/hadoop/hadoop-hdds-server-scm/0.5.0-SNAPSHOT/hadoop-hdds-server-scm-0.5.0-SNAPSHOT-tests.jar:/home/user/.m2/repository/org/apache/hadoop/hadoop-hdds-container-service/0.5.0-SNAPSHOT/hadoop-hdds-container-service-0.5.0-SNAPSHOT-tests.jar:/home/user/.m2/repository/org/yaml/snakeyaml/1.16/snakeyaml-1.16.jar:/home/user/.m2/repository/org/apache/hadoop/hadoop-common/3.2.0/hadoop-common-3.2.0-tests.jar:/home/user/.m2/repository/org/apache/hadoop/hadoop-annotations/3.2.0/hadoop-annotations-3.2.0.jar:/usr/lib/jvm/java-1.8-openjdk/jre/../lib/tools.jar:/home/user/.m2/repository/commons-cli/commons-cli/1.2/commons-cli-1.2.jar:/home/user/.m2/repository/org/apache/httpcomponents/httpclient/4.5.2/httpclient-4.5.2.jar:/home/user/.m2/repository/org/apache/httpcomponents/httpcore/4.4.4/httpcore-4.4.4.jar:/home/user/.m2/repository/commons-codec/commons-codec/1.11/commons-codec-1.11.jar:/home/user/.m2/repository/commons-net/commons-net/3.6/commons-net-3.6.jar:/home/user/.m2/repository/commons-collections/commons-collections/3.2.2/commons-collections-3.2.2.jar:/home/user/.m2/repository/org/eclipse/jetty/jetty-servlet/9.3.24.v20180605/jetty-servlet-9.3.24.v20180605.jar:/home/user/.m2/repository/org/eclipse/jetty/jetty-security/9.3.24.v20180605/jetty-security-9.3.24.v20180605.jar:/home/user/.m2/repository/javax/servlet/jsp/jsp-api/2.1/jsp-api-2.1.jar:/home/user/.m2/repository/com/sun/jersey/jersey-servlet/1.19/jersey-servlet-1.19.jar:/home/user/.m2/repository/com/sun/jersey/jersey-json/1.19/jersey-json-1.19.jar:/home/user/.m2/repository/org/codehaus/jettison/jettison/1.1/jettison-1.1.jar:/home/user/.m2/repository/org/codehaus/jackson/jackson-core-asl/1.9.13/jackson-core-asl-1.9.13.jar:/home/user/.m2/repository/org/codehaus/jackson/jackson-mapper-asl/1.9.13/jackson-mapper-asl-1.9.13.jar:/home/user/.m2/repository/org/codehaus/jackson/jackson-jaxrs/1.9.13/jackson-jaxrs-1.9.13.jar:/home/user/.m2/repository/org/codehaus/jackson/jackson-xc/1.9.13/jackson-xc-1.9.13.jar:/home/user/.m2/repository/commons-logging/commons-logging/1.1.3/commons-logging-1.1.3.jar:/home/user/.m2/repository/commons-beanutils/commons-beanutils/1.9.3/commons-beanutils-1.9.3.jar:/home/user/.m2/repository/org/apache/commons/commons-configuration2/2.1.1/commons-configuration2-2.1.1.jar:/home/user/.m2/repository/org/apache/commons/commons-lang3/3.7/commons-lang3-3.7.jar:/home/user/.m2/repository/org/apache/commons/commons-text/1.4/commons-text-1.4.jar:/home/user/.m2/repository/org/apache/avro/avro/1.7.7/avro-1.7.7.jar:/home/user/.m2/repository/com/thoughtworks/paranamer/paranamer/2.3/paranamer-2.3.jar:/home/user/.m2/repository/org/xerial/snappy/snappy-java/1.0.5/snappy-java-1.0.5.jar:/home/user/.m2/repository/com/google/re2j/re2j/1.1/re2j-1.1.jar:/home/user/.m2/repository/com/google/code/gson/gson/2.2.4/gson-2.2.4.jar:/home/user/.m2/repository/com/jcraft/jsch/0.1.54/jsch-0.1.54.jar:/home/user/.m2/repository/org/apache/curator/curator-client/2.12.0/curator-client-2.12.0.jar:/home/user/.m2/repository/org/apache/curator/curator-recipes/2.12.0/curator-recipes-2.12.0.jar:/home/user/.m2/repository/com/google/code/findbugs/jsr305/3.0.0/jsr305-3.0.0.jar:/home/user/.m2/repository/org/apache/htrace/htrace-core4/4.1.0-incubating/htrace-core4-4.1.0-incubating.jar:/home/user/.m2/repository/org/apache/zookeeper/zookeeper/3.4.13/zookeeper-3.4.13.jar:/home/user/.m2/repository/org/apache/yetus/audience-annotations/0.5.0/audience-annotations-0.5.0.jar:/home/user/.m2/repository/org/codehaus/woodstox/stax2-api/3.1.4/stax2-api-3.1.4.jar:/home/user/.m2/repository/com/fasterxml/woodstox/woodstox-core/5.0.3/woodstox-core-5.0.3.jar:/home/user/.m2/repository/dnsjava/dnsjava/2.1.7/dnsjava-2.1.7.jar:/home/user/.m2/repository/org/apache/hadoop/hadoop-hdfs/3.2.0/hadoop-hdfs-3.2.0-tests.jar:/home/user/.m2/repository/org/eclipse/jetty/jetty-util-ajax/9.3.24.v20180605/jetty-util-ajax-9.3.24.v20180605.jar:/home/user/.m2/repository/commons-daemon/commons-daemon/1.0.13/commons-daemon-1.0.13.jar:/home/user/.m2/repository/io/netty/netty/3.10.5.Final/netty-3.10.5.Final.jar:/home/user/.m2/repository/io/netty/netty-all/4.0.52.Final/netty-all-4.0.52.Final.jar:/home/user/.m2/repository/org/fusesource/leveldbjni/leveldbjni-all/1.8/leveldbjni-all-1.8.jar:"/>
    <property name="sun.cpu.endian" value="little"/>
    <property name="user.home" value="/home/user"/>
    <property name="user.language" value="en"/>
    <property name="java.specification.vendor" value="Oracle Corporation"/>
    <property name="java.home" value="/usr/lib/jvm/java-1.8-openjdk/jre"/>
    <property name="java.security.krb5.conf" value="/workdir/hadoop-ozone/integration-test/target/test-classes/krb5.conf"/>
    <property name="basedir" value="/workdir/hadoop-ozone/integration-test"/>
    <property name="file.separator" value="/"/>
    <property name="line.separator" value="&#10;"/>
    <property name="java.vm.specification.vendor" value="Oracle Corporation"/>
    <property name="java.specification.name" value="Java Platform API Specification"/>
    <property name="java.awt.graphicsenv" value="sun.awt.X11GraphicsEnvironment"/>
    <property name="surefire.real.class.path" value="/workdir/hadoop-ozone/integration-test/target/surefire/surefirebooter6639055332036032861.jar"/>
    <property name="hadoop.log.dir" value="/workdir/hadoop-ozone/integration-test/target/log"/>
    <property name="sun.boot.class.path" value="/usr/lib/jvm/java-1.8-openjdk/jre/lib/resources.jar:/usr/lib/jvm/java-1.8-openjdk/jre/lib/rt.jar:/usr/lib/jvm/java-1.8-openjdk/jre/lib/sunrsasign.jar:/usr/lib/jvm/java-1.8-openjdk/jre/lib/jsse.jar:/usr/lib/jvm/java-1.8-openjdk/jre/lib/jce.jar:/usr/lib/jvm/java-1.8-openjdk/jre/lib/charsets.jar:/usr/lib/jvm/java-1.8-openjdk/jre/lib/jfr.jar:/usr/lib/jvm/java-1.8-openjdk/jre/classes"/>
    <property name="sun.management.compiler" value="HotSpot 64-Bit Tiered Compilers"/>
    <property name="java.runtime.version" value="1.8.0_212-b04"/>
    <property name="java.net.preferIPv4Stack" value="true"/>
    <property name="user.name" value="jenkins1000"/>
    <property name="path.separator" value=":"/>
    <property name="java.security.egd" value="file:///dev/urandom"/>
    <property name="os.version" value="3.10.0-957.12.2.el7.x86_64"/>
    <property name="java.endorsed.dirs" value="/usr/lib/jvm/java-1.8-openjdk/jre/lib/endorsed"/>
    <property name="java.runtime.name" value="OpenJDK Runtime Environment"/>
    <property name="file.encoding" value="UTF-8"/>
    <property name="java.vm.name" value="OpenJDK 64-Bit Server VM"/>
    <property name="test.build.webapps" value=""/>
    <property name="localRepository" value="/home/user/.m2/repository"/>
    <property name="java.vendor.url.bug" value="https://icedtea.classpath.org/bugzilla"/>
    <property name="java.io.tmpdir" value="/tmp"/>
    <property name="require.test.libhadoop" value=""/>
    <property name="java.version" value="1.8.0_212"/>
    <property name="user.dir" value="/workdir/hadoop-ozone/integration-test"/>
    <property name="os.arch" value="amd64"/>
    <property name="java.vm.specification.name" value="Java Virtual Machine Specification"/>
    <property name="test.build.classes" value="/workdir/hadoop-ozone/integration-test/target/test-classes"/>
    <property name="java.awt.printerjob" value="sun.print.PSPrinterJob"/>
    <property name="sun.os.patch.level" value="unknown"/>
    <property name="hadoop.tmp.dir" value="/workdir/hadoop-ozone/integration-test/target/tmp"/>
    <property name="java.library.path" value="/usr/lib/jvm/java-1.8-openjdk/jre/lib/amd64/server:/usr/lib/jvm/java-1.8-openjdk/jre/lib/amd64:/usr/lib/jvm/java-1.8-openjdk/jre/../lib/amd64:/workdir/hadoop-ozone/integration-test/target/native/target/usr/local/lib:/workdir/hadoop-ozone/integration-test/../../hadoop-common-project/hadoop-common/target/native/target/usr/local/lib:/usr/java/packages/lib/amd64:/usr/lib64:/lib64:/lib:/usr/lib"/>
    <property name="java.vm.info" value="mixed mode"/>
    <property name="java.vendor" value="IcedTea"/>
    <property name="java.vm.version" value="25.212-b04"/>
    <property name="java.ext.dirs" value="/usr/lib/jvm/java-1.8-openjdk/jre/lib/ext:/usr/java/packages/lib/ext"/>
    <property name="sun.io.unicode.encoding" value="UnicodeLittle"/>
    <property name="java.class.version" value="52.0"/>
  </properties>
  <testcase name="testContainerReplication" classname="org.apache.hadoop.ozone.client.rpc.TestContainerReplicationEndToEnd" time="5.075">
    <error message="Failed to update container state #1, reason: invalid state transition from state: CLOSING upon event: FINALIZE." type="org.apache.hadoop.hdds.scm.exceptions.SCMException">org.apache.hadoop.hdds.scm.exceptions.SCMException: Failed to update container state #1, reason: invalid state transition from state: CLOSING upon event: FINALIZE.
	at org.apache.hadoop.hdds.scm.container.ContainerStateManager.updateContainerState(ContainerStateManager.java:336)
	at org.apache.hadoop.hdds.scm.container.SCMContainerManager.updateContainerState(SCMContainerManager.java:312)
	at org.apache.hadoop.ozone.client.rpc.TestContainerReplicationEndToEnd.testContainerReplication(TestContainerReplicationEndToEnd.java:159)
	at sun.reflect.NativeMethodAccessorImpl.invoke0(Native Method)
	at sun.reflect.NativeMethodAccessorImpl.invoke(NativeMethodAccessorImpl.java:62)
	at sun.reflect.DelegatingMethodAccessorImpl.invoke(DelegatingMethodAccessorImpl.java:43)
	at java.lang.reflect.Method.invoke(Method.java:498)
	at org.junit.runners.model.FrameworkMethod$1.runReflectiveCall(FrameworkMethod.java:47)
	at org.junit.internal.runners.model.ReflectiveCallable.run(ReflectiveCallable.java:12)
	at org.junit.runners.model.FrameworkMethod.invokeExplosively(FrameworkMethod.java:44)
	at org.junit.internal.runners.statements.InvokeMethod.evaluate(InvokeMethod.java:17)
	at org.junit.runners.ParentRunner.runLeaf(ParentRunner.java:271)
	at org.junit.runners.BlockJUnit4ClassRunner.runChild(BlockJUnit4ClassRunner.java:70)
	at org.junit.runners.BlockJUnit4ClassRunner.runChild(BlockJUnit4ClassRunner.java:50)
	at org.junit.runners.ParentRunner$3.run(ParentRunner.java:238)
	at org.junit.runners.ParentRunner$1.schedule(ParentRunner.java:63)
	at org.junit.runners.ParentRunner.runChildren(ParentRunner.java:236)
	at org.junit.runners.ParentRunner.access$000(ParentRunner.java:53)
	at org.junit.runners.ParentRunner$2.evaluate(ParentRunner.java:229)
	at org.junit.internal.runners.statements.RunBefores.evaluate(RunBefores.java:26)
	at org.junit.internal.runners.statements.RunAfters.evaluate(RunAfters.java:27)
	at org.junit.runners.ParentRunner.run(ParentRunner.java:309)
	at org.apache.maven.surefire.junit4.JUnit4Provider.execute(JUnit4Provider.java:365)
	at org.apache.maven.surefire.junit4.JUnit4Provider.executeWithRerun(JUnit4Provider.java:273)
	at org.apache.maven.surefire.junit4.JUnit4Provider.executeTestSet(JUnit4Provider.java:238)
	at org.apache.maven.surefire.junit4.JUnit4Provider.invoke(JUnit4Provider.java:159)
	at org.apache.maven.surefire.booter.ForkedBooter.invokeProviderInSameClassLoader(ForkedBooter.java:384)
	at org.apache.maven.surefire.booter.ForkedBooter.runSuitesInProcess(ForkedBooter.java:345)
	at org.apache.maven.surefire.booter.ForkedBooter.execute(ForkedBooter.java:126)
	at org.apache.maven.surefire.booter.ForkedBooter.main(ForkedBooter.java:418)
</error>
    <system-out><![CDATA[2019-09-17 07:48:29,360 [main] WARN  server.ServerUtils (ServerUtils.java:getScmDbDir(145)) - ozone.scm.db.dirs is not configured. We recommend adding this setting. Falling back to ozone.metadata.dirs instead.
2019-09-17 07:48:29,470 [main] WARN  server.ServerUtils (ServerUtils.java:getScmDbDir(145)) - ozone.scm.db.dirs is not configured. We recommend adding this setting. Falling back to ozone.metadata.dirs instead.
2019-09-17 07:48:29,473 [main] WARN  server.ServerUtils (ServerUtils.java:getScmDbDir(145)) - ozone.scm.db.dirs is not configured. We recommend adding this setting. Falling back to ozone.metadata.dirs instead.
2019-09-17 07:48:29,492 [main] INFO  util.log (Log.java:initialized(192)) - Logging initialized @1005ms
2019-09-17 07:48:29,626 [main] INFO  db.DBStoreBuilder (DBStoreBuilder.java:addTable(110)) - using custom profile for table: deletedBlocks
2019-09-17 07:48:29,626 [main] INFO  db.DBStoreBuilder (DBStoreBuilder.java:processTables(161)) - Using default column profile:DBProfile.DISK for Table:deletedBlocks
2019-09-17 07:48:29,627 [main] INFO  db.DBStoreBuilder (DBStoreBuilder.java:addTable(110)) - using custom profile for table: validCerts
2019-09-17 07:48:29,627 [main] INFO  db.DBStoreBuilder (DBStoreBuilder.java:processTables(161)) - Using default column profile:DBProfile.DISK for Table:validCerts
2019-09-17 07:48:29,627 [main] INFO  db.DBStoreBuilder (DBStoreBuilder.java:addTable(110)) - using custom profile for table: revokedCerts
2019-09-17 07:48:29,628 [main] INFO  db.DBStoreBuilder (DBStoreBuilder.java:processTables(161)) - Using default column profile:DBProfile.DISK for Table:revokedCerts
2019-09-17 07:48:29,640 [main] INFO  db.DBStoreBuilder (DBStoreBuilder.java:addTable(110)) - using custom profile for table: default
2019-09-17 07:48:29,641 [main] INFO  db.DBStoreBuilder (DBStoreBuilder.java:processTables(167)) - Using default column profile:DBProfile.DISK for Table:default
2019-09-17 07:48:29,642 [main] INFO  db.DBStoreBuilder (DBStoreBuilder.java:getDbProfile(198)) - Using default options. DBProfile.DISK
2019-09-17 07:48:29,875 [main] INFO  net.NodeSchemaLoader (NodeSchemaLoader.java:loadSchemaFromFile(125)) - Loading file from sun.misc.CompoundEnumeration@77888435
2019-09-17 07:48:29,877 [main] INFO  net.NodeSchemaLoader (NodeSchemaLoader.java:loadSchema(171)) - Loading network topology layer schema file
2019-09-17 07:48:29,951 [main] INFO  node.SCMNodeManager (SCMNodeManager.java:<init>(114)) - Entering startup safe mode.
2019-09-17 07:48:30,034 [main] INFO  algorithms.ContainerPlacementPolicyFactory (ContainerPlacementPolicyFactory.java:getPolicy(57)) - Create container placement policy of type org.apache.hadoop.hdds.scm.container.placement.algorithms.SCMContainerPlacementRandom
2019-09-17 07:48:30,049 [main] WARN  server.ServerUtils (ServerUtils.java:getScmDbDir(145)) - ozone.scm.db.dirs is not configured. We recommend adding this setting. Falling back to ozone.metadata.dirs instead.
2019-09-17 07:48:30,120 [main] INFO  pipeline.SCMPipelineManager (SCMPipelineManager.java:initializePipelineState(128)) - No pipeline exists in current db
2019-09-17 07:48:30,124 [main] WARN  server.ServerUtils (ServerUtils.java:getScmDbDir(145)) - ozone.scm.db.dirs is not configured. We recommend adding this setting. Falling back to ozone.metadata.dirs instead.
2019-09-17 07:48:30,211 [main] INFO  Configuration.deprecation (Configuration.java:logDeprecation(1394)) - No unit for hdds.scm.replication.thread.interval(2000) assuming MILLISECONDS
2019-09-17 07:48:30,243 [main] WARN  events.EventQueue (EventQueue.java:fireEvent(183)) - No event handler registered for event TypedEvent{payloadType=SafeModeStatus, name='SafeModeStatus'}
2019-09-17 07:48:30,617 [main] INFO  ipc.CallQueueManager (CallQueueManager.java:<init>(84)) - Using callQueue: class java.util.concurrent.LinkedBlockingQueue, queueCapacity: 2000, scheduler: class org.apache.hadoop.ipc.DefaultRpcScheduler, ipcBackoff: false.
2019-09-17 07:48:30,646 [Socket Reader #1 for port 33211] INFO  ipc.Server (Server.java:run(1074)) - Starting Socket Reader #1 for port 33211
2019-09-17 07:48:30,824 [main] INFO  ipc.CallQueueManager (CallQueueManager.java:<init>(84)) - Using callQueue: class java.util.concurrent.LinkedBlockingQueue, queueCapacity: 2000, scheduler: class org.apache.hadoop.ipc.DefaultRpcScheduler, ipcBackoff: false.
2019-09-17 07:48:30,826 [Socket Reader #1 for port 41510] INFO  ipc.Server (Server.java:run(1074)) - Starting Socket Reader #1 for port 41510
2019-09-17 07:48:30,837 [main] INFO  ipc.CallQueueManager (CallQueueManager.java:<init>(84)) - Using callQueue: class java.util.concurrent.LinkedBlockingQueue, queueCapacity: 2000, scheduler: class org.apache.hadoop.ipc.DefaultRpcScheduler, ipcBackoff: false.
2019-09-17 07:48:30,838 [Socket Reader #1 for port 41588] INFO  ipc.Server (Server.java:run(1074)) - Starting Socket Reader #1 for port 41588
2019-09-17 07:48:30,866 [main] INFO  hdfs.DFSUtil (DFSUtil.java:httpServerTemplateForNNAndJN(1641)) - Starting Web-server for scm at: http://0.0.0.0:0
2019-09-17 07:48:31,052 [main] INFO  server.AuthenticationFilter (AuthenticationFilter.java:constructSecretProvider(240)) - Unable to initialize FileSignerSecretProvider, falling back to use random secrets.
2019-09-17 07:48:31,062 [main] WARN  http.HttpRequestLog (HttpRequestLog.java:getRequestLog(97)) - Jetty request log can only be enabled using Log4j
2019-09-17 07:48:31,072 [main] INFO  http.HttpServer2 (HttpServer2.java:addGlobalFilter(975)) - Added global filter 'safety' (class=org.apache.hadoop.http.HttpServer2$QuotingInputFilter)
2019-09-17 07:48:31,074 [main] INFO  http.HttpServer2 (HttpServer2.java:addFilter(948)) - Added filter static_user_filter (class=org.apache.hadoop.http.lib.StaticUserWebFilter$StaticUserFilter) to context scm
2019-09-17 07:48:31,075 [main] INFO  http.HttpServer2 (HttpServer2.java:addFilter(958)) - Added filter static_user_filter (class=org.apache.hadoop.http.lib.StaticUserWebFilter$StaticUserFilter) to context static
2019-09-17 07:48:31,075 [main] INFO  http.HttpServer2 (HttpServer2.java:addFilter(958)) - Added filter static_user_filter (class=org.apache.hadoop.http.lib.StaticUserWebFilter$StaticUserFilter) to context logs
2019-09-17 07:48:31,105 [main] INFO  server.StorageContainerManager (StorageContainerManager.java:start(763)) - StorageContainerLocationProtocol RPC server is listening at /0.0.0.0:41588
2019-09-17 07:48:31,164 [main] WARN  impl.MetricsConfig (MetricsConfig.java:loadFirst(134)) - Cannot locate configuration: tried hadoop-metrics2-storagecontainermanager.properties,hadoop-metrics2.properties
2019-09-17 07:48:31,177 [main] INFO  impl.MetricsSystemImpl (MetricsSystemImpl.java:startTimer(374)) - Scheduled Metric snapshot period at 10 second(s).
2019-09-17 07:48:31,177 [main] INFO  impl.MetricsSystemImpl (MetricsSystemImpl.java:start(191)) - StorageContainerManager metrics system started
2019-09-17 07:48:31,410 [main] INFO  server.SCMClientProtocolServer (SCMClientProtocolServer.java:start(151)) - RPC server for Client  is listening at /0.0.0.0:41588
2019-09-17 07:48:31,410 [IPC Server Responder] INFO  ipc.Server (Server.java:run(1314)) - IPC Server Responder: starting
2019-09-17 07:48:31,410 [IPC Server listener on 41588] INFO  ipc.Server (Server.java:run(1153)) - IPC Server listener on 41588: starting
2019-09-17 07:48:31,413 [main] INFO  server.StorageContainerManager (StorageContainerManager.java:start(773)) - ScmBlockLocationProtocol RPC server is listening at /0.0.0.0:41510
2019-09-17 07:48:31,415 [main] INFO  server.SCMBlockProtocolServer (SCMBlockProtocolServer.java:start(146)) - RPC server for Block Protocol is listening at /0.0.0.0:41510
2019-09-17 07:48:31,415 [IPC Server Responder] INFO  ipc.Server (Server.java:run(1314)) - IPC Server Responder: starting
2019-09-17 07:48:31,415 [IPC Server listener on 41510] INFO  ipc.Server (Server.java:run(1153)) - IPC Server listener on 41510: starting
2019-09-17 07:48:31,417 [main] INFO  server.StorageContainerManager (StorageContainerManager.java:start(777)) - ScmDatanodeProtocl RPC server is listening at /0.0.0.0:33211
2019-09-17 07:48:31,418 [main] INFO  server.SCMDatanodeProtocolServer (SCMDatanodeProtocolServer.java:start(191)) - RPC server for DataNodes is listening at /0.0.0.0:33211
2019-09-17 07:48:31,418 [IPC Server Responder] INFO  ipc.Server (Server.java:run(1314)) - IPC Server Responder: starting
2019-09-17 07:48:31,418 [IPC Server listener on 33211] INFO  ipc.Server (Server.java:run(1153)) - IPC Server listener on 33211: starting
2019-09-17 07:48:31,422 [main] INFO  http.HttpServer2 (HttpServer2.java:bindListener(1191)) - Jetty bound to port 41497
2019-09-17 07:48:31,424 [main] INFO  server.Server (Server.java:doStart(351)) - jetty-9.3.24.v20180605, build timestamp: 2018-06-05T17:11:56Z, git hash: 84205aa28f11a4f31f2a3b86d1bba2cc8ab69827
2019-09-17 07:48:31,462 [main] INFO  handler.ContextHandler (ContextHandler.java:doStart(781)) - Started o.e.j.s.ServletContextHandler@6622fc65{/logs,file:///workdir/hadoop-ozone/integration-test/target/log,AVAILABLE}
2019-09-17 07:48:31,463 [main] INFO  handler.ContextHandler (ContextHandler.java:doStart(781)) - Started o.e.j.s.ServletContextHandler@23fb172e{/static,file:///workdir/hadoop-ozone/integration-test/target/test-classes/webapps/static,AVAILABLE}
2019-09-17 07:48:31,497 [main] INFO  handler.ContextHandler (ContextHandler.java:doStart(781)) - Started o.e.j.w.WebAppContext@3591009c{/,file:///workdir/hadoop-ozone/integration-test/target/test-classes/webapps/scm/,AVAILABLE}{/scm}
2019-09-17 07:48:31,503 [main] INFO  server.AbstractConnector (AbstractConnector.java:doStart(278)) - Started ServerConnector@2de366bb{HTTP/1.1,[http/1.1]}{0.0.0.0:41497}
2019-09-17 07:48:31,503 [main] INFO  server.Server (Server.java:doStart(419)) - Started @3016ms
2019-09-17 07:48:31,505 [main] INFO  impl.MetricsSinkAdapter (MetricsSinkAdapter.java:start(204)) - Sink prometheus started
2019-09-17 07:48:31,505 [main] INFO  impl.MetricsSystemImpl (MetricsSystemImpl.java:registerSink(301)) - Registered sink prometheus
2019-09-17 07:48:31,508 [main] INFO  server.BaseHttpServer (BaseHttpServer.java:updateConnectorAddress(215)) - HTTP server of SCM is listening at http://0.0.0.0:41497
2019-09-17 07:48:31,513 [org.apache.hadoop.util.JvmPauseMonitor$Monitor@64f857e7] INFO  util.JvmPauseMonitor (JvmPauseMonitor.java:run(188)) - Starting JVM pause monitor
2019-09-17 07:48:31,516 [main] WARN  server.ServerUtils (ServerUtils.java:getDBPath(222)) - ozone.om.db.dirs is not configured. We recommend adding this setting. Falling back to ozone.metadata.dirs instead.
2019-09-17 07:48:31,622 [main] WARN  server.ServerUtils (ServerUtils.java:getDBPath(222)) - ozone.om.db.dirs is not configured. We recommend adding this setting. Falling back to ozone.metadata.dirs instead.
2019-09-17 07:48:31,622 [main] WARN  server.ServerUtils (ServerUtils.java:getDBPath(222)) - ozone.om.db.dirs is not configured. We recommend adding this setting. Falling back to ozone.metadata.dirs instead.
2019-09-17 07:48:31,623 [main] INFO  om.OzoneManager (OzoneManager.java:setOMNodeDetails(649)) - OM Service ID is not set. Setting it to the default ID: omServiceIdDefault
2019-09-17 07:48:31,624 [main] INFO  om.OzoneManager (OzoneManager.java:setOMNodeDetails(655)) - OM Node ID is not set. Setting it to the OmStorage's OmID: a42b4fec-f681-46dc-af87-f67927e8f6d1
2019-09-17 07:48:31,625 [main] INFO  om.OzoneManager (OzoneManager.java:loadOMHAConfigs(606)) - Found matching OM address with OMServiceId: null, OMNodeId: null, RPC Address: localhost:0 and Ratis port: 9872
2019-09-17 07:48:32,384 [main] WARN  server.ServerUtils (ServerUtils.java:getDBPath(222)) - ozone.om.db.dirs is not configured. We recommend adding this setting. Falling back to ozone.metadata.dirs instead.
2019-09-17 07:48:32,391 [main] INFO  db.DBStoreBuilder (DBStoreBuilder.java:addTable(110)) - using custom profile for table: userTable
2019-09-17 07:48:32,392 [main] INFO  db.DBStoreBuilder (DBStoreBuilder.java:processTables(161)) - Using default column profile:DBProfile.DISK for Table:userTable
2019-09-17 07:48:32,392 [main] INFO  db.DBStoreBuilder (DBStoreBuilder.java:addTable(110)) - using custom profile for table: volumeTable
2019-09-17 07:48:32,392 [main] INFO  db.DBStoreBuilder (DBStoreBuilder.java:processTables(161)) - Using default column profile:DBProfile.DISK for Table:volumeTable
2019-09-17 07:48:32,392 [main] INFO  db.DBStoreBuilder (DBStoreBuilder.java:addTable(110)) - using custom profile for table: bucketTable
2019-09-17 07:48:32,393 [main] INFO  db.DBStoreBuilder (DBStoreBuilder.java:processTables(161)) - Using default column profile:DBProfile.DISK for Table:bucketTable
2019-09-17 07:48:32,393 [main] INFO  db.DBStoreBuilder (DBStoreBuilder.java:addTable(110)) - using custom profile for table: keyTable
2019-09-17 07:48:32,393 [main] INFO  db.DBStoreBuilder (DBStoreBuilder.java:processTables(161)) - Using default column profile:DBProfile.DISK for Table:keyTable
2019-09-17 07:48:32,393 [main] INFO  db.DBStoreBuilder (DBStoreBuilder.java:addTable(110)) - using custom profile for table: deletedTable
2019-09-17 07:48:32,393 [main] INFO  db.DBStoreBuilder (DBStoreBuilder.java:processTables(161)) - Using default column profile:DBProfile.DISK for Table:deletedTable
2019-09-17 07:48:32,394 [main] INFO  db.DBStoreBuilder (DBStoreBuilder.java:addTable(110)) - using custom profile for table: openKeyTable
2019-09-17 07:48:32,394 [main] INFO  db.DBStoreBuilder (DBStoreBuilder.java:processTables(161)) - Using default column profile:DBProfile.DISK for Table:openKeyTable
2019-09-17 07:48:32,394 [main] INFO  db.DBStoreBuilder (DBStoreBuilder.java:addTable(110)) - using custom profile for table: s3Table
2019-09-17 07:48:32,394 [main] INFO  db.DBStoreBuilder (DBStoreBuilder.java:processTables(161)) - Using default column profile:DBProfile.DISK for Table:s3Table
2019-09-17 07:48:32,395 [main] INFO  db.DBStoreBuilder (DBStoreBuilder.java:addTable(110)) - using custom profile for table: multipartInfoTable
2019-09-17 07:48:32,395 [main] INFO  db.DBStoreBuilder (DBStoreBuilder.java:processTables(161)) - Using default column profile:DBProfile.DISK for Table:multipartInfoTable
2019-09-17 07:48:32,395 [main] INFO  db.DBStoreBuilder (DBStoreBuilder.java:addTable(110)) - using custom profile for table: dTokenTable
2019-09-17 07:48:32,395 [main] INFO  db.DBStoreBuilder (DBStoreBuilder.java:processTables(161)) - Using default column profile:DBProfile.DISK for Table:dTokenTable
2019-09-17 07:48:32,396 [main] INFO  db.DBStoreBuilder (DBStoreBuilder.java:addTable(110)) - using custom profile for table: s3SecretTable
2019-09-17 07:48:32,396 [main] INFO  db.DBStoreBuilder (DBStoreBuilder.java:processTables(161)) - Using default column profile:DBProfile.DISK for Table:s3SecretTable
2019-09-17 07:48:32,396 [main] INFO  db.DBStoreBuilder (DBStoreBuilder.java:addTable(110)) - using custom profile for table: prefixTable
2019-09-17 07:48:32,396 [main] INFO  db.DBStoreBuilder (DBStoreBuilder.java:processTables(161)) - Using default column profile:DBProfile.DISK for Table:prefixTable
2019-09-17 07:48:32,397 [main] INFO  db.DBStoreBuilder (DBStoreBuilder.java:addTable(110)) - using custom profile for table: default
2019-09-17 07:48:32,397 [main] INFO  db.DBStoreBuilder (DBStoreBuilder.java:processTables(167)) - Using default column profile:DBProfile.DISK for Table:default
2019-09-17 07:48:32,397 [main] INFO  db.DBStoreBuilder (DBStoreBuilder.java:getDbProfile(198)) - Using default options. DBProfile.DISK
2019-09-17 07:48:32,852 [main] INFO  ipc.CallQueueManager (CallQueueManager.java:<init>(84)) - Using callQueue: class java.util.concurrent.LinkedBlockingQueue, queueCapacity: 2000, scheduler: class org.apache.hadoop.ipc.DefaultRpcScheduler, ipcBackoff: false.
2019-09-17 07:48:32,853 [Socket Reader #1 for port 45342] INFO  ipc.Server (Server.java:run(1074)) - Starting Socket Reader #1 for port 45342
2019-09-17 07:48:32,876 [main] INFO  om.OzoneManager (OzoneManager.java:start(1240)) - OzoneManager RPC server is listening at localhost/127.0.0.1:45342
2019-09-17 07:48:32,876 [main] INFO  impl.MetricsSystemImpl (MetricsSystemImpl.java:init(158)) - OzoneManager metrics system started (again)
2019-09-17 07:48:32,877 [IPC Server Responder] INFO  ipc.Server (Server.java:run(1314)) - IPC Server Responder: starting
2019-09-17 07:48:32,878 [IPC Server listener on 45342] INFO  ipc.Server (Server.java:run(1153)) - IPC Server listener on 45342: starting
2019-09-17 07:48:32,883 [main] INFO  hdfs.DFSUtil (DFSUtil.java:httpServerTemplateForNNAndJN(1641)) - Starting Web-server for ozoneManager at: http://0.0.0.0:0
2019-09-17 07:48:32,886 [main] INFO  server.AuthenticationFilter (AuthenticationFilter.java:constructSecretProvider(240)) - Unable to initialize FileSignerSecretProvider, falling back to use random secrets.
2019-09-17 07:48:32,887 [main] WARN  http.HttpRequestLog (HttpRequestLog.java:getRequestLog(97)) - Jetty request log can only be enabled using Log4j
2019-09-17 07:48:32,891 [main] INFO  http.HttpServer2 (HttpServer2.java:addGlobalFilter(975)) - Added global filter 'safety' (class=org.apache.hadoop.http.HttpServer2$QuotingInputFilter)
2019-09-17 07:48:32,892 [main] INFO  http.HttpServer2 (HttpServer2.java:addFilter(948)) - Added filter static_user_filter (class=org.apache.hadoop.http.lib.StaticUserWebFilter$StaticUserFilter) to context ozoneManager
2019-09-17 07:48:32,893 [main] INFO  http.HttpServer2 (HttpServer2.java:addFilter(958)) - Added filter static_user_filter (class=org.apache.hadoop.http.lib.StaticUserWebFilter$StaticUserFilter) to context static
2019-09-17 07:48:32,893 [main] INFO  http.HttpServer2 (HttpServer2.java:addFilter(958)) - Added filter static_user_filter (class=org.apache.hadoop.http.lib.StaticUserWebFilter$StaticUserFilter) to context logs
2019-09-17 07:48:32,896 [main] INFO  http.HttpServer2 (HttpServer2.java:bindListener(1191)) - Jetty bound to port 46575
2019-09-17 07:48:32,896 [main] INFO  server.Server (Server.java:doStart(351)) - jetty-9.3.24.v20180605, build timestamp: 2018-06-05T17:11:56Z, git hash: 84205aa28f11a4f31f2a3b86d1bba2cc8ab69827
2019-09-17 07:48:32,899 [main] INFO  handler.ContextHandler (ContextHandler.java:doStart(781)) - Started o.e.j.s.ServletContextHandler@2571066a{/logs,file:///workdir/hadoop-ozone/integration-test/target/log,AVAILABLE}
2019-09-17 07:48:32,900 [main] INFO  handler.ContextHandler (ContextHandler.java:doStart(781)) - Started o.e.j.s.ServletContextHandler@4fe875be{/static,file:///workdir/hadoop-ozone/integration-test/target/test-classes/webapps/static,AVAILABLE}
2019-09-17 07:48:32,907 [main] INFO  handler.ContextHandler (ContextHandler.java:doStart(781)) - Started o.e.j.w.WebAppContext@773c0293{/,file:///workdir/hadoop-ozone/integration-test/target/test-classes/webapps/ozoneManager/,AVAILABLE}{/ozoneManager}
2019-09-17 07:48:32,909 [main] INFO  server.AbstractConnector (AbstractConnector.java:doStart(278)) - Started ServerConnector@55b8dbda{HTTP/1.1,[http/1.1]}{0.0.0.0:46575}
2019-09-17 07:48:32,910 [main] INFO  server.Server (Server.java:doStart(419)) - Started @4423ms
2019-09-17 07:48:32,910 [main] WARN  impl.MetricsSystemImpl (MetricsSystemImpl.java:register(276)) - Sink prometheus already exists!
2019-09-17 07:48:32,911 [main] INFO  server.BaseHttpServer (BaseHttpServer.java:updateConnectorAddress(215)) - HTTP server of OZONEMANAGER is listening at http://0.0.0.0:46575
2019-09-17 07:48:33,241 [main] INFO  impl.MetricsSystemImpl (MetricsSystemImpl.java:init(158)) - HddsDatanode metrics system started (again)
2019-09-17 07:48:33,295 [main] INFO  ozone.HddsDatanodeService (HddsDatanodeService.java:start(184)) - HddsDatanodeService host:pr-hdds-2016-n7825-135103490 ip:192.168.157.246
2019-09-17 07:48:33,334 [main] INFO  volume.HddsVolume (HddsVolume.java:<init>(176)) - Creating Volume: /workdir/hadoop-ozone/integration-test/target/test-dir/MiniOzoneClusterImpl-fa8c8cf8-ca3f-4ece-8fa8-d4681a0085a7/datanode-0/data/containers/hdds of  storage type : DISK and capacity : 1482555576320
2019-09-17 07:48:33,337 [main] INFO  volume.VolumeSet (VolumeSet.java:initializeVolumeSet(170)) - Added Volume : /workdir/hadoop-ozone/integration-test/target/test-dir/MiniOzoneClusterImpl-fa8c8cf8-ca3f-4ece-8fa8-d4681a0085a7/datanode-0/data/containers/hdds to VolumeSet
2019-09-17 07:48:33,340 [main] INFO  volume.ThrottledAsyncChecker (ThrottledAsyncChecker.java:schedule(139)) - Scheduling a check for org.apache.hadoop.ozone.container.common.volume.HddsVolume@5c82cd4f
2019-09-17 07:48:33,359 [main] INFO  volume.HddsVolumeChecker (HddsVolumeChecker.java:checkAllVolumes(202)) - Scheduled health check for volume org.apache.hadoop.ozone.container.common.volume.HddsVolume@5c82cd4f
2019-09-17 07:48:33,473 [main] INFO  impl.RaftServerProxy (ConfUtils.java:logGet(43)) - raft.rpc.type = GRPC (default)
2019-09-17 07:48:33,544 [main] INFO  grpc.GrpcFactory (GrpcFactory.java:checkPooledByteBufAllocatorUseCacheForAllThreads(45)) - PERFORMANCE WARNING: useCacheForAllThreads is true that may cause Netty to create a lot garbage objects and, as a result, trigger GC.
	It is recommended to disable useCacheForAllThreads by setting -Dorg.apache.ratis.thirdparty.io.netty.allocator.useCacheForAllThreads=false in command line.
2019-09-17 07:48:33,549 [main] INFO  grpc.GrpcConfigKeys$Server (ConfUtils.java:logGet(43)) - raft.grpc.server.port = 0 (default)
2019-09-17 07:48:33,550 [main] INFO  server.GrpcService (ConfUtils.java:logGet(43)) - raft.grpc.message.size.max = 33570816 (custom)
2019-09-17 07:48:33,552 [main] INFO  server.RaftServerConfigKeys (ConfUtils.java:logGet(43)) - raft.server.log.appender.buffer.byte-limit = 33554432 (custom)
2019-09-17 07:48:33,552 [main] INFO  server.GrpcService (ConfUtils.java:logGet(43)) - raft.grpc.flow.control.window = 1MB (=1048576) (default)
2019-09-17 07:48:33,553 [main] INFO  server.RaftServerConfigKeys (ConfUtils.java:logGet(43)) - raft.server.rpc.request.timeout = 3000ms (default)
2019-09-17 07:48:33,729 [main] INFO  server.RaftServerConfigKeys (ConfUtils.java:logGet(43)) - raft.server.storage.dir = [/workdir/hadoop-ozone/integration-test/target/test-dir/MiniOzoneClusterImpl-fa8c8cf8-ca3f-4ece-8fa8-d4681a0085a7/datanode-0/data/ratis] (custom)
2019-09-17 07:48:33,791 [main] INFO  hdfs.DFSUtil (DFSUtil.java:httpServerTemplateForNNAndJN(1641)) - Starting Web-server for hddsDatanode at: http://0.0.0.0:0
2019-09-17 07:48:33,794 [main] INFO  server.AuthenticationFilter (AuthenticationFilter.java:constructSecretProvider(240)) - Unable to initialize FileSignerSecretProvider, falling back to use random secrets.
2019-09-17 07:48:33,795 [main] WARN  http.HttpRequestLog (HttpRequestLog.java:getRequestLog(97)) - Jetty request log can only be enabled using Log4j
2019-09-17 07:48:33,799 [main] INFO  http.HttpServer2 (HttpServer2.java:addGlobalFilter(975)) - Added global filter 'safety' (class=org.apache.hadoop.http.HttpServer2$QuotingInputFilter)
2019-09-17 07:48:33,800 [main] INFO  http.HttpServer2 (HttpServer2.java:addFilter(948)) - Added filter static_user_filter (class=org.apache.hadoop.http.lib.StaticUserWebFilter$StaticUserFilter) to context hddsDatanode
2019-09-17 07:48:33,801 [main] INFO  http.HttpServer2 (HttpServer2.java:addFilter(958)) - Added filter static_user_filter (class=org.apache.hadoop.http.lib.StaticUserWebFilter$StaticUserFilter) to context static
2019-09-17 07:48:33,801 [main] INFO  http.HttpServer2 (HttpServer2.java:addFilter(958)) - Added filter static_user_filter (class=org.apache.hadoop.http.lib.StaticUserWebFilter$StaticUserFilter) to context logs
2019-09-17 07:48:33,803 [main] INFO  http.HttpServer2 (HttpServer2.java:bindListener(1191)) - Jetty bound to port 34447
2019-09-17 07:48:33,803 [main] INFO  server.Server (Server.java:doStart(351)) - jetty-9.3.24.v20180605, build timestamp: 2018-06-05T17:11:56Z, git hash: 84205aa28f11a4f31f2a3b86d1bba2cc8ab69827
2019-09-17 07:48:33,807 [main] INFO  handler.ContextHandler (ContextHandler.java:doStart(781)) - Started o.e.j.s.ServletContextHandler@4fc3c165{/logs,file:///workdir/hadoop-ozone/integration-test/target/log,AVAILABLE}
2019-09-17 07:48:33,808 [main] INFO  handler.ContextHandler (ContextHandler.java:doStart(781)) - Started o.e.j.s.ServletContextHandler@7b6860f9{/static,jar:file:/home/user/.m2/repository/org/apache/hadoop/hadoop-hdds-container-service/0.5.0-SNAPSHOT/hadoop-hdds-container-service-0.5.0-SNAPSHOT.jar!/webapps/static,AVAILABLE}
2019-09-17 07:48:33,858 [main] INFO  handler.ContextHandler (ContextHandler.java:doStart(781)) - Started o.e.j.w.WebAppContext@26c47874{/,file:///tmp/jetty-0.0.0.0-34447-hddsDatanode-_-any-3907506875019452714.dir/webapp/,AVAILABLE}{/hddsDatanode}
2019-09-17 07:48:33,859 [main] INFO  server.AbstractConnector (AbstractConnector.java:doStart(278)) - Started ServerConnector@421056e5{HTTP/1.1,[http/1.1]}{0.0.0.0:34447}
2019-09-17 07:48:33,860 [main] INFO  server.Server (Server.java:doStart(419)) - Started @5373ms
2019-09-17 07:48:33,861 [main] WARN  impl.MetricsSystemImpl (MetricsSystemImpl.java:register(276)) - Sink prometheus already exists!
2019-09-17 07:48:33,862 [main] INFO  server.BaseHttpServer (BaseHttpServer.java:updateConnectorAddress(215)) - HTTP server of HDDSDATANODE is listening at http://0.0.0.0:34447
2019-09-17 07:48:33,863 [main] INFO  impl.MetricsSystemImpl (MetricsSystemImpl.java:init(158)) - HddsDatanode metrics system started (again)
2019-09-17 07:48:33,867 [main] INFO  ozone.HddsDatanodeService (HddsDatanodeService.java:start(184)) - HddsDatanodeService host:pr-hdds-2016-n7825-135103490 ip:192.168.157.246
2019-09-17 07:48:33,870 [org.apache.hadoop.util.JvmPauseMonitor$Monitor@2c1bf264] INFO  util.JvmPauseMonitor (JvmPauseMonitor.java:run(188)) - Starting JVM pause monitor
2019-09-17 07:48:33,878 [main] INFO  volume.HddsVolume (HddsVolume.java:<init>(176)) - Creating Volume: /workdir/hadoop-ozone/integration-test/target/test-dir/MiniOzoneClusterImpl-fa8c8cf8-ca3f-4ece-8fa8-d4681a0085a7/datanode-1/data/containers/hdds of  storage type : DISK and capacity : 1482555576320
2019-09-17 07:48:33,879 [main] INFO  volume.VolumeSet (VolumeSet.java:initializeVolumeSet(170)) - Added Volume : /workdir/hadoop-ozone/integration-test/target/test-dir/MiniOzoneClusterImpl-fa8c8cf8-ca3f-4ece-8fa8-d4681a0085a7/datanode-1/data/containers/hdds to VolumeSet
2019-09-17 07:48:33,879 [main] INFO  volume.ThrottledAsyncChecker (ThrottledAsyncChecker.java:schedule(139)) - Scheduling a check for org.apache.hadoop.ozone.container.common.volume.HddsVolume@80bfdc6
2019-09-17 07:48:33,880 [main] INFO  volume.HddsVolumeChecker (HddsVolumeChecker.java:checkAllVolumes(202)) - Scheduled health check for volume org.apache.hadoop.ozone.container.common.volume.HddsVolume@80bfdc6
2019-09-17 07:48:33,895 [main] INFO  impl.RaftServerProxy (ConfUtils.java:logGet(43)) - raft.rpc.type = GRPC (default)
2019-09-17 07:48:33,896 [main] INFO  grpc.GrpcFactory (GrpcFactory.java:checkPooledByteBufAllocatorUseCacheForAllThreads(45)) - PERFORMANCE WARNING: useCacheForAllThreads is true that may cause Netty to create a lot garbage objects and, as a result, trigger GC.
	It is recommended to disable useCacheForAllThreads by setting -Dorg.apache.ratis.thirdparty.io.netty.allocator.useCacheForAllThreads=false in command line.
2019-09-17 07:48:33,896 [main] INFO  grpc.GrpcConfigKeys$Server (ConfUtils.java:logGet(43)) - raft.grpc.server.port = 0 (default)
2019-09-17 07:48:33,896 [main] INFO  server.GrpcService (ConfUtils.java:logGet(43)) - raft.grpc.message.size.max = 33570816 (custom)
2019-09-17 07:48:33,896 [main] INFO  server.RaftServerConfigKeys (ConfUtils.java:logGet(43)) - raft.server.log.appender.buffer.byte-limit = 33554432 (custom)
2019-09-17 07:48:33,897 [main] INFO  server.GrpcService (ConfUtils.java:logGet(43)) - raft.grpc.flow.control.window = 1MB (=1048576) (default)
2019-09-17 07:48:33,897 [main] INFO  server.RaftServerConfigKeys (ConfUtils.java:logGet(43)) - raft.server.rpc.request.timeout = 3000ms (default)
2019-09-17 07:48:33,898 [main] INFO  server.RaftServerConfigKeys (ConfUtils.java:logGet(43)) - raft.server.storage.dir = [/workdir/hadoop-ozone/integration-test/target/test-dir/MiniOzoneClusterImpl-fa8c8cf8-ca3f-4ece-8fa8-d4681a0085a7/datanode-1/data/ratis] (custom)
2019-09-17 07:48:33,899 [main] INFO  hdfs.DFSUtil (DFSUtil.java:httpServerTemplateForNNAndJN(1641)) - Starting Web-server for hddsDatanode at: http://0.0.0.0:0
2019-09-17 07:48:33,901 [main] INFO  server.AuthenticationFilter (AuthenticationFilter.java:constructSecretProvider(240)) - Unable to initialize FileSignerSecretProvider, falling back to use random secrets.
2019-09-17 07:48:33,901 [main] WARN  http.HttpRequestLog (HttpRequestLog.java:getRequestLog(97)) - Jetty request log can only be enabled using Log4j
2019-09-17 07:48:33,903 [main] INFO  http.HttpServer2 (HttpServer2.java:addGlobalFilter(975)) - Added global filter 'safety' (class=org.apache.hadoop.http.HttpServer2$QuotingInputFilter)
2019-09-17 07:48:33,904 [main] INFO  http.HttpServer2 (HttpServer2.java:addFilter(948)) - Added filter static_user_filter (class=org.apache.hadoop.http.lib.StaticUserWebFilter$StaticUserFilter) to context hddsDatanode
2019-09-17 07:48:33,904 [main] INFO  http.HttpServer2 (HttpServer2.java:addFilter(958)) - Added filter static_user_filter (class=org.apache.hadoop.http.lib.StaticUserWebFilter$StaticUserFilter) to context logs
2019-09-17 07:48:33,904 [main] INFO  http.HttpServer2 (HttpServer2.java:addFilter(958)) - Added filter static_user_filter (class=org.apache.hadoop.http.lib.StaticUserWebFilter$StaticUserFilter) to context static
2019-09-17 07:48:33,905 [main] INFO  http.HttpServer2 (HttpServer2.java:bindListener(1191)) - Jetty bound to port 43404
2019-09-17 07:48:33,905 [main] INFO  server.Server (Server.java:doStart(351)) - jetty-9.3.24.v20180605, build timestamp: 2018-06-05T17:11:56Z, git hash: 84205aa28f11a4f31f2a3b86d1bba2cc8ab69827
2019-09-17 07:48:33,910 [main] INFO  handler.ContextHandler (ContextHandler.java:doStart(781)) - Started o.e.j.s.ServletContextHandler@78054f54{/logs,file:///workdir/hadoop-ozone/integration-test/target/log,AVAILABLE}
2019-09-17 07:48:33,910 [main] INFO  handler.ContextHandler (ContextHandler.java:doStart(781)) - Started o.e.j.s.ServletContextHandler@3dffc764{/static,jar:file:/home/user/.m2/repository/org/apache/hadoop/hadoop-hdds-container-service/0.5.0-SNAPSHOT/hadoop-hdds-container-service-0.5.0-SNAPSHOT.jar!/webapps/static,AVAILABLE}
2019-09-17 07:48:33,941 [main] INFO  handler.ContextHandler (ContextHandler.java:doStart(781)) - Started o.e.j.w.WebAppContext@3c87e6b7{/,file:///tmp/jetty-0.0.0.0-43404-hddsDatanode-_-any-2600713494471598801.dir/webapp/,AVAILABLE}{/hddsDatanode}
2019-09-17 07:48:33,941 [main] INFO  server.AbstractConnector (AbstractConnector.java:doStart(278)) - Started ServerConnector@77bbadc{HTTP/1.1,[http/1.1]}{0.0.0.0:43404}
2019-09-17 07:48:33,942 [main] INFO  server.Server (Server.java:doStart(419)) - Started @5455ms
2019-09-17 07:48:33,943 [main] WARN  impl.MetricsSystemImpl (MetricsSystemImpl.java:register(276)) - Sink prometheus already exists!
2019-09-17 07:48:33,944 [main] INFO  server.BaseHttpServer (BaseHttpServer.java:updateConnectorAddress(215)) - HTTP server of HDDSDATANODE is listening at http://0.0.0.0:43404
2019-09-17 07:48:33,944 [main] INFO  impl.MetricsSystemImpl (MetricsSystemImpl.java:init(158)) - HddsDatanode metrics system started (again)
2019-09-17 07:48:33,947 [main] INFO  ozone.HddsDatanodeService (HddsDatanodeService.java:start(184)) - HddsDatanodeService host:pr-hdds-2016-n7825-135103490 ip:192.168.157.246
2019-09-17 07:48:33,947 [org.apache.hadoop.util.JvmPauseMonitor$Monitor@4ef5f3ad] INFO  util.JvmPauseMonitor (JvmPauseMonitor.java:run(188)) - Starting JVM pause monitor
2019-09-17 07:48:33,957 [main] INFO  volume.HddsVolume (HddsVolume.java:<init>(176)) - Creating Volume: /workdir/hadoop-ozone/integration-test/target/test-dir/MiniOzoneClusterImpl-fa8c8cf8-ca3f-4ece-8fa8-d4681a0085a7/datanode-2/data/containers/hdds of  storage type : DISK and capacity : 1482555576320
2019-09-17 07:48:33,957 [main] INFO  volume.VolumeSet (VolumeSet.java:initializeVolumeSet(170)) - Added Volume : /workdir/hadoop-ozone/integration-test/target/test-dir/MiniOzoneClusterImpl-fa8c8cf8-ca3f-4ece-8fa8-d4681a0085a7/datanode-2/data/containers/hdds to VolumeSet
2019-09-17 07:48:33,957 [main] INFO  volume.ThrottledAsyncChecker (ThrottledAsyncChecker.java:schedule(139)) - Scheduling a check for org.apache.hadoop.ozone.container.common.volume.HddsVolume@337bbfdf
2019-09-17 07:48:33,958 [main] INFO  volume.HddsVolumeChecker (HddsVolumeChecker.java:checkAllVolumes(202)) - Scheduled health check for volume org.apache.hadoop.ozone.container.common.volume.HddsVolume@337bbfdf
2019-09-17 07:48:33,972 [main] INFO  impl.RaftServerProxy (ConfUtils.java:logGet(43)) - raft.rpc.type = GRPC (default)
2019-09-17 07:48:33,972 [main] INFO  grpc.GrpcFactory (GrpcFactory.java:checkPooledByteBufAllocatorUseCacheForAllThreads(45)) - PERFORMANCE WARNING: useCacheForAllThreads is true that may cause Netty to create a lot garbage objects and, as a result, trigger GC.
	It is recommended to disable useCacheForAllThreads by setting -Dorg.apache.ratis.thirdparty.io.netty.allocator.useCacheForAllThreads=false in command line.
2019-09-17 07:48:33,972 [main] INFO  grpc.GrpcConfigKeys$Server (ConfUtils.java:logGet(43)) - raft.grpc.server.port = 0 (default)
2019-09-17 07:48:33,972 [main] INFO  server.GrpcService (ConfUtils.java:logGet(43)) - raft.grpc.message.size.max = 33570816 (custom)
2019-09-17 07:48:33,973 [main] INFO  server.RaftServerConfigKeys (ConfUtils.java:logGet(43)) - raft.server.log.appender.buffer.byte-limit = 33554432 (custom)
2019-09-17 07:48:33,973 [main] INFO  server.GrpcService (ConfUtils.java:logGet(43)) - raft.grpc.flow.control.window = 1MB (=1048576) (default)
2019-09-17 07:48:33,973 [main] INFO  server.RaftServerConfigKeys (ConfUtils.java:logGet(43)) - raft.server.rpc.request.timeout = 3000ms (default)
2019-09-17 07:48:33,974 [main] INFO  server.RaftServerConfigKeys (ConfUtils.java:logGet(43)) - raft.server.storage.dir = [/workdir/hadoop-ozone/integration-test/target/test-dir/MiniOzoneClusterImpl-fa8c8cf8-ca3f-4ece-8fa8-d4681a0085a7/datanode-2/data/ratis] (custom)
2019-09-17 07:48:33,976 [main] INFO  hdfs.DFSUtil (DFSUtil.java:httpServerTemplateForNNAndJN(1641)) - Starting Web-server for hddsDatanode at: http://0.0.0.0:0
2019-09-17 07:48:33,977 [main] INFO  server.AuthenticationFilter (AuthenticationFilter.java:constructSecretProvider(240)) - Unable to initialize FileSignerSecretProvider, falling back to use random secrets.
2019-09-17 07:48:33,978 [main] WARN  http.HttpRequestLog (HttpRequestLog.java:getRequestLog(97)) - Jetty request log can only be enabled using Log4j
2019-09-17 07:48:33,979 [main] INFO  http.HttpServer2 (HttpServer2.java:addGlobalFilter(975)) - Added global filter 'safety' (class=org.apache.hadoop.http.HttpServer2$QuotingInputFilter)
2019-09-17 07:48:33,980 [main] INFO  http.HttpServer2 (HttpServer2.java:addFilter(948)) - Added filter static_user_filter (class=org.apache.hadoop.http.lib.StaticUserWebFilter$StaticUserFilter) to context hddsDatanode
2019-09-17 07:48:33,980 [main] INFO  http.HttpServer2 (HttpServer2.java:addFilter(958)) - Added filter static_user_filter (class=org.apache.hadoop.http.lib.StaticUserWebFilter$StaticUserFilter) to context logs
2019-09-17 07:48:33,980 [main] INFO  http.HttpServer2 (HttpServer2.java:addFilter(958)) - Added filter static_user_filter (class=org.apache.hadoop.http.lib.StaticUserWebFilter$StaticUserFilter) to context static
2019-09-17 07:48:33,981 [main] INFO  http.HttpServer2 (HttpServer2.java:bindListener(1191)) - Jetty bound to port 40114
2019-09-17 07:48:33,981 [main] INFO  server.Server (Server.java:doStart(351)) - jetty-9.3.24.v20180605, build timestamp: 2018-06-05T17:11:56Z, git hash: 84205aa28f11a4f31f2a3b86d1bba2cc8ab69827
2019-09-17 07:48:33,983 [main] INFO  handler.ContextHandler (ContextHandler.java:doStart(781)) - Started o.e.j.s.ServletContextHandler@2aff9dff{/logs,file:///workdir/hadoop-ozone/integration-test/target/log,AVAILABLE}
2019-09-17 07:48:33,984 [main] INFO  handler.ContextHandler (ContextHandler.java:doStart(781)) - Started o.e.j.s.ServletContextHandler@1aad0b1{/static,jar:file:/home/user/.m2/repository/org/apache/hadoop/hadoop-hdds-container-service/0.5.0-SNAPSHOT/hadoop-hdds-container-service-0.5.0-SNAPSHOT.jar!/webapps/static,AVAILABLE}
2019-09-17 07:48:34,000 [Datanode State Machine Thread - 0] INFO  datanode.InitDatanodeState (InitDatanodeState.java:persistContainerDatanodeDetails(140)) - DatanodeDetails is persisted to /workdir/hadoop-ozone/integration-test/target/test-dir/MiniOzoneClusterImpl-fa8c8cf8-ca3f-4ece-8fa8-d4681a0085a7/datanode-0/meta/datanode.id
2019-09-17 07:48:34,005 [Datanode State Machine Thread - 0] INFO  datanode.InitDatanodeState (InitDatanodeState.java:persistContainerDatanodeDetails(140)) - DatanodeDetails is persisted to /workdir/hadoop-ozone/integration-test/target/test-dir/MiniOzoneClusterImpl-fa8c8cf8-ca3f-4ece-8fa8-d4681a0085a7/datanode-1/meta/datanode.id
2019-09-17 07:48:34,017 [main] INFO  handler.ContextHandler (ContextHandler.java:doStart(781)) - Started o.e.j.w.WebAppContext@2b680207{/,file:///tmp/jetty-0.0.0.0-40114-hddsDatanode-_-any-2460689426618393872.dir/webapp/,AVAILABLE}{/hddsDatanode}
2019-09-17 07:48:34,018 [main] INFO  server.AbstractConnector (AbstractConnector.java:doStart(278)) - Started ServerConnector@70887727{HTTP/1.1,[http/1.1]}{0.0.0.0:40114}
2019-09-17 07:48:34,019 [main] INFO  server.Server (Server.java:doStart(419)) - Started @5532ms
2019-09-17 07:48:34,019 [main] WARN  impl.MetricsSystemImpl (MetricsSystemImpl.java:register(276)) - Sink prometheus already exists!
2019-09-17 07:48:34,020 [main] INFO  server.BaseHttpServer (BaseHttpServer.java:updateConnectorAddress(215)) - HTTP server of HDDSDATANODE is listening at http://0.0.0.0:40114
2019-09-17 07:48:34,021 [main] INFO  impl.MetricsSystemImpl (MetricsSystemImpl.java:init(158)) - HddsDatanode metrics system started (again)
2019-09-17 07:48:34,023 [main] INFO  ozone.HddsDatanodeService (HddsDatanodeService.java:start(184)) - HddsDatanodeService host:pr-hdds-2016-n7825-135103490 ip:192.168.157.246
2019-09-17 07:48:34,024 [org.apache.hadoop.util.JvmPauseMonitor$Monitor@184794] INFO  util.JvmPauseMonitor (JvmPauseMonitor.java:run(188)) - Starting JVM pause monitor
2019-09-17 07:48:34,027 [Datanode State Machine Thread - 0] INFO  datanode.InitDatanodeState (InitDatanodeState.java:persistContainerDatanodeDetails(140)) - DatanodeDetails is persisted to /workdir/hadoop-ozone/integration-test/target/test-dir/MiniOzoneClusterImpl-fa8c8cf8-ca3f-4ece-8fa8-d4681a0085a7/datanode-2/meta/datanode.id
2019-09-17 07:48:34,032 [main] INFO  volume.HddsVolume (HddsVolume.java:<init>(176)) - Creating Volume: /workdir/hadoop-ozone/integration-test/target/test-dir/MiniOzoneClusterImpl-fa8c8cf8-ca3f-4ece-8fa8-d4681a0085a7/datanode-3/data/containers/hdds of  storage type : DISK and capacity : 1482555576320
2019-09-17 07:48:34,033 [main] INFO  volume.VolumeSet (VolumeSet.java:initializeVolumeSet(170)) - Added Volume : /workdir/hadoop-ozone/integration-test/target/test-dir/MiniOzoneClusterImpl-fa8c8cf8-ca3f-4ece-8fa8-d4681a0085a7/datanode-3/data/containers/hdds to VolumeSet
2019-09-17 07:48:34,033 [main] INFO  volume.ThrottledAsyncChecker (ThrottledAsyncChecker.java:schedule(139)) - Scheduling a check for org.apache.hadoop.ozone.container.common.volume.HddsVolume@7ecec90d
2019-09-17 07:48:34,034 [main] INFO  volume.HddsVolumeChecker (HddsVolumeChecker.java:checkAllVolumes(202)) - Scheduled health check for volume org.apache.hadoop.ozone.container.common.volume.HddsVolume@7ecec90d
2019-09-17 07:48:34,046 [main] INFO  impl.RaftServerProxy (ConfUtils.java:logGet(43)) - raft.rpc.type = GRPC (default)
2019-09-17 07:48:34,046 [main] INFO  grpc.GrpcFactory (GrpcFactory.java:checkPooledByteBufAllocatorUseCacheForAllThreads(45)) - PERFORMANCE WARNING: useCacheForAllThreads is true that may cause Netty to create a lot garbage objects and, as a result, trigger GC.
	It is recommended to disable useCacheForAllThreads by setting -Dorg.apache.ratis.thirdparty.io.netty.allocator.useCacheForAllThreads=false in command line.
2019-09-17 07:48:34,046 [main] INFO  grpc.GrpcConfigKeys$Server (ConfUtils.java:logGet(43)) - raft.grpc.server.port = 0 (default)
2019-09-17 07:48:34,047 [main] INFO  server.GrpcService (ConfUtils.java:logGet(43)) - raft.grpc.message.size.max = 33570816 (custom)
2019-09-17 07:48:34,047 [main] INFO  server.RaftServerConfigKeys (ConfUtils.java:logGet(43)) - raft.server.log.appender.buffer.byte-limit = 33554432 (custom)
2019-09-17 07:48:34,047 [main] INFO  server.GrpcService (ConfUtils.java:logGet(43)) - raft.grpc.flow.control.window = 1MB (=1048576) (default)
2019-09-17 07:48:34,047 [main] INFO  server.RaftServerConfigKeys (ConfUtils.java:logGet(43)) - raft.server.rpc.request.timeout = 3000ms (default)
2019-09-17 07:48:34,048 [main] INFO  server.RaftServerConfigKeys (ConfUtils.java:logGet(43)) - raft.server.storage.dir = [/workdir/hadoop-ozone/integration-test/target/test-dir/MiniOzoneClusterImpl-fa8c8cf8-ca3f-4ece-8fa8-d4681a0085a7/datanode-3/data/ratis] (custom)
2019-09-17 07:48:34,049 [main] INFO  hdfs.DFSUtil (DFSUtil.java:httpServerTemplateForNNAndJN(1641)) - Starting Web-server for hddsDatanode at: http://0.0.0.0:0
2019-09-17 07:48:34,050 [main] INFO  server.AuthenticationFilter (AuthenticationFilter.java:constructSecretProvider(240)) - Unable to initialize FileSignerSecretProvider, falling back to use random secrets.
2019-09-17 07:48:34,051 [main] WARN  http.HttpRequestLog (HttpRequestLog.java:getRequestLog(97)) - Jetty request log can only be enabled using Log4j
2019-09-17 07:48:34,052 [main] INFO  http.HttpServer2 (HttpServer2.java:addGlobalFilter(975)) - Added global filter 'safety' (class=org.apache.hadoop.http.HttpServer2$QuotingInputFilter)
2019-09-17 07:48:34,053 [main] INFO  http.HttpServer2 (HttpServer2.java:addFilter(948)) - Added filter static_user_filter (class=org.apache.hadoop.http.lib.StaticUserWebFilter$StaticUserFilter) to context hddsDatanode
2019-09-17 07:48:34,053 [main] INFO  http.HttpServer2 (HttpServer2.java:addFilter(958)) - Added filter static_user_filter (class=org.apache.hadoop.http.lib.StaticUserWebFilter$StaticUserFilter) to context static
2019-09-17 07:48:34,053 [main] INFO  http.HttpServer2 (HttpServer2.java:addFilter(958)) - Added filter static_user_filter (class=org.apache.hadoop.http.lib.StaticUserWebFilter$StaticUserFilter) to context logs
2019-09-17 07:48:34,054 [main] INFO  http.HttpServer2 (HttpServer2.java:bindListener(1191)) - Jetty bound to port 45231
2019-09-17 07:48:34,054 [main] INFO  server.Server (Server.java:doStart(351)) - jetty-9.3.24.v20180605, build timestamp: 2018-06-05T17:11:56Z, git hash: 84205aa28f11a4f31f2a3b86d1bba2cc8ab69827
2019-09-17 07:48:34,058 [main] INFO  handler.ContextHandler (ContextHandler.java:doStart(781)) - Started o.e.j.s.ServletContextHandler@7724704f{/logs,file:///workdir/hadoop-ozone/integration-test/target/log,AVAILABLE}
2019-09-17 07:48:34,058 [main] INFO  handler.ContextHandler (ContextHandler.java:doStart(781)) - Started o.e.j.s.ServletContextHandler@4ce94d2f{/static,jar:file:/home/user/.m2/repository/org/apache/hadoop/hadoop-hdds-container-service/0.5.0-SNAPSHOT/hadoop-hdds-container-service-0.5.0-SNAPSHOT.jar!/webapps/static,AVAILABLE}
2019-09-17 07:48:34,086 [main] INFO  handler.ContextHandler (ContextHandler.java:doStart(781)) - Started o.e.j.w.WebAppContext@4e1a46fb{/,file:///tmp/jetty-0.0.0.0-45231-hddsDatanode-_-any-1303400956729155492.dir/webapp/,AVAILABLE}{/hddsDatanode}
2019-09-17 07:48:34,087 [main] INFO  server.AbstractConnector (AbstractConnector.java:doStart(278)) - Started ServerConnector@69fe0ed4{HTTP/1.1,[http/1.1]}{0.0.0.0:45231}
2019-09-17 07:48:34,088 [main] INFO  server.Server (Server.java:doStart(419)) - Started @5601ms
2019-09-17 07:48:34,088 [main] WARN  impl.MetricsSystemImpl (MetricsSystemImpl.java:register(276)) - Sink prometheus already exists!
2019-09-17 07:48:34,090 [main] INFO  server.BaseHttpServer (BaseHttpServer.java:updateConnectorAddress(215)) - HTTP server of HDDSDATANODE is listening at http://0.0.0.0:45231
2019-09-17 07:48:34,092 [main] INFO  ozone.MiniOzoneClusterImpl (MiniOzoneClusterImpl.java:lambda$waitForClusterToBeReady$0(145)) - Waiting for cluster to be ready. Got 0 of 4 DN Heartbeats.
2019-09-17 07:48:34,093 [org.apache.hadoop.util.JvmPauseMonitor$Monitor@1729792b] INFO  util.JvmPauseMonitor (JvmPauseMonitor.java:run(188)) - Starting JVM pause monitor
2019-09-17 07:48:34,097 [Datanode State Machine Thread - 0] INFO  datanode.InitDatanodeState (InitDatanodeState.java:persistContainerDatanodeDetails(140)) - DatanodeDetails is persisted to /workdir/hadoop-ozone/integration-test/target/test-dir/MiniOzoneClusterImpl-fa8c8cf8-ca3f-4ece-8fa8-d4681a0085a7/datanode-3/meta/datanode.id
2019-09-17 07:48:35,092 [main] INFO  ozone.MiniOzoneClusterImpl (MiniOzoneClusterImpl.java:lambda$waitForClusterToBeReady$0(145)) - Waiting for cluster to be ready. Got 0 of 4 DN Heartbeats.
2019-09-17 07:48:35,933 [Datanode State Machine Thread - 0] INFO  ozoneimpl.OzoneContainer (OzoneContainer.java:start(217)) - Attempting to start container services.
2019-09-17 07:48:35,937 [Datanode State Machine Thread - 0] INFO  ozoneimpl.OzoneContainer (OzoneContainer.java:startContainerScrub(179)) - Background container scanner has been disabled.
2019-09-17 07:48:35,937 [Datanode State Machine Thread - 0] INFO  ratis.XceiverServerRatis (XceiverServerRatis.java:start(411)) - Starting XceiverServerRatis f104376c-2ece-4e9a-9f13-ae7b76b93604 at port 0
2019-09-17 07:48:35,967 [Datanode State Machine Thread - 0] INFO  impl.RaftServerProxy (RaftServerProxy.java:lambda$start$3(299)) - f104376c-2ece-4e9a-9f13-ae7b76b93604: start RPC server
2019-09-17 07:48:35,968 [Datanode State Machine Thread - 0] INFO  ozoneimpl.OzoneContainer (OzoneContainer.java:start(217)) - Attempting to start container services.
2019-09-17 07:48:35,976 [Datanode State Machine Thread - 0] INFO  ozoneimpl.OzoneContainer (OzoneContainer.java:startContainerScrub(179)) - Background container scanner has been disabled.
2019-09-17 07:48:35,976 [Datanode State Machine Thread - 0] INFO  ratis.XceiverServerRatis (XceiverServerRatis.java:start(411)) - Starting XceiverServerRatis ca285669-a50d-47e6-86d6-d52ab3f38b6e at port 0
2019-09-17 07:48:35,989 [Datanode State Machine Thread - 0] INFO  impl.RaftServerProxy (RaftServerProxy.java:lambda$start$3(299)) - ca285669-a50d-47e6-86d6-d52ab3f38b6e: start RPC server
2019-09-17 07:48:36,041 [Datanode State Machine Thread - 0] INFO  ozoneimpl.OzoneContainer (OzoneContainer.java:start(217)) - Attempting to start container services.
2019-09-17 07:48:36,043 [Datanode State Machine Thread - 0] INFO  ozoneimpl.OzoneContainer (OzoneContainer.java:startContainerScrub(179)) - Background container scanner has been disabled.
2019-09-17 07:48:36,044 [Datanode State Machine Thread - 0] INFO  ratis.XceiverServerRatis (XceiverServerRatis.java:start(411)) - Starting XceiverServerRatis 35face44-d3a8-4fcd-be66-7dd33cc65450 at port 0
2019-09-17 07:48:36,052 [Datanode State Machine Thread - 0] INFO  impl.RaftServerProxy (RaftServerProxy.java:lambda$start$3(299)) - 35face44-d3a8-4fcd-be66-7dd33cc65450: start RPC server
2019-09-17 07:48:36,093 [main] INFO  ozone.MiniOzoneClusterImpl (MiniOzoneClusterImpl.java:lambda$waitForClusterToBeReady$0(145)) - Waiting for cluster to be ready. Got 0 of 4 DN Heartbeats.
2019-09-17 07:48:36,110 [Datanode State Machine Thread - 0] INFO  ozoneimpl.OzoneContainer (OzoneContainer.java:start(217)) - Attempting to start container services.
2019-09-17 07:48:36,112 [Datanode State Machine Thread - 0] INFO  ozoneimpl.OzoneContainer (OzoneContainer.java:startContainerScrub(179)) - Background container scanner has been disabled.
2019-09-17 07:48:36,112 [Datanode State Machine Thread - 0] INFO  ratis.XceiverServerRatis (XceiverServerRatis.java:start(411)) - Starting XceiverServerRatis f2633ce3-784c-4b2a-9575-61c95615b640 at port 0
2019-09-17 07:48:36,127 [Datanode State Machine Thread - 0] INFO  impl.RaftServerProxy (RaftServerProxy.java:lambda$start$3(299)) - f2633ce3-784c-4b2a-9575-61c95615b640: start RPC server
2019-09-17 07:48:36,153 [Datanode State Machine Thread - 0] INFO  server.GrpcService (GrpcService.java:startImpl(158)) - 35face44-d3a8-4fcd-be66-7dd33cc65450: GrpcService started, listening on 0.0.0.0/0.0.0.0:37837
2019-09-17 07:48:36,153 [Datanode State Machine Thread - 0] INFO  server.GrpcService (GrpcService.java:startImpl(158)) - f104376c-2ece-4e9a-9f13-ae7b76b93604: GrpcService started, listening on 0.0.0.0/0.0.0.0:35943
2019-09-17 07:48:36,153 [Datanode State Machine Thread - 0] INFO  server.GrpcService (GrpcService.java:startImpl(158)) - f2633ce3-784c-4b2a-9575-61c95615b640: GrpcService started, listening on 0.0.0.0/0.0.0.0:40549
2019-09-17 07:48:36,153 [Datanode State Machine Thread - 0] INFO  server.GrpcService (GrpcService.java:startImpl(158)) - ca285669-a50d-47e6-86d6-d52ab3f38b6e: GrpcService started, listening on 0.0.0.0/0.0.0.0:33597
2019-09-17 07:48:36,154 [Datanode State Machine Thread - 0] INFO  ratis.XceiverServerRatis (XceiverServerRatis.java:start(421)) - XceiverServerRatis f2633ce3-784c-4b2a-9575-61c95615b640 is started using port 40549
2019-09-17 07:48:36,154 [Datanode State Machine Thread - 0] INFO  ratis.XceiverServerRatis (XceiverServerRatis.java:start(421)) - XceiverServerRatis f104376c-2ece-4e9a-9f13-ae7b76b93604 is started using port 35943
2019-09-17 07:48:36,154 [Datanode State Machine Thread - 0] INFO  ratis.XceiverServerRatis (XceiverServerRatis.java:start(421)) - XceiverServerRatis 35face44-d3a8-4fcd-be66-7dd33cc65450 is started using port 37837
2019-09-17 07:48:36,154 [Datanode State Machine Thread - 0] INFO  ratis.XceiverServerRatis (XceiverServerRatis.java:start(421)) - XceiverServerRatis ca285669-a50d-47e6-86d6-d52ab3f38b6e is started using port 33597
2019-09-17 07:48:36,162 [Datanode State Machine Thread - 0] INFO  server.XceiverServerGrpc (XceiverServerGrpc.java:start(163)) - XceiverServerGrpc ca285669-a50d-47e6-86d6-d52ab3f38b6e is started using port 40413
2019-09-17 07:48:36,162 [Datanode State Machine Thread - 0] INFO  server.XceiverServerGrpc (XceiverServerGrpc.java:start(163)) - XceiverServerGrpc 35face44-d3a8-4fcd-be66-7dd33cc65450 is started using port 35687
2019-09-17 07:48:36,162 [Datanode State Machine Thread - 0] INFO  server.XceiverServerGrpc (XceiverServerGrpc.java:start(163)) - XceiverServerGrpc f2633ce3-784c-4b2a-9575-61c95615b640 is started using port 37230
2019-09-17 07:48:36,162 [Datanode State Machine Thread - 0] INFO  server.XceiverServerGrpc (XceiverServerGrpc.java:start(163)) - XceiverServerGrpc f104376c-2ece-4e9a-9f13-ae7b76b93604 is started using port 46639
2019-09-17 07:48:37,093 [main] INFO  ozone.MiniOzoneClusterImpl (MiniOzoneClusterImpl.java:lambda$waitForClusterToBeReady$0(145)) - Waiting for cluster to be ready. Got 0 of 4 DN Heartbeats.
2019-09-17 07:48:37,913 [IPC Server handler 0 on 33211] INFO  net.NetworkTopology (NetworkTopologyImpl.java:add(111)) - Added a new node: /default-rack/f104376c-2ece-4e9a-9f13-ae7b76b93604
2019-09-17 07:48:37,914 [IPC Server handler 0 on 33211] INFO  node.SCMNodeManager (SCMNodeManager.java:register(266)) - Registered Data node : f104376c-2ece-4e9a-9f13-ae7b76b93604{ip: 192.168.157.246, host: pr-hdds-2016-n7825-135103490, networkLocation: /default-rack, certSerialId: null}
2019-09-17 07:48:37,920 [EventQueue-NodeRegistrationContainerReportForDataNodeSafeModeRule] INFO  safemode.SCMSafeModeManager (DataNodeSafeModeRule.java:process(71)) - SCM in safe mode. 1 DataNodes registered, 1 required.
2019-09-17 07:48:37,920 [EventQueue-NodeRegistrationContainerReportForDataNodeSafeModeRule] INFO  safemode.SCMSafeModeManager (SCMSafeModeManager.java:validateSafeModeExitRules(177)) - ScmSafeModeManager, all rules are successfully validated
2019-09-17 07:48:37,920 [EventQueue-NodeRegistrationContainerReportForDataNodeSafeModeRule] INFO  safemode.SCMSafeModeManager (SCMSafeModeManager.java:exitSafeMode(193)) - SCM exiting safe mode.
2019-09-17 07:48:37,950 [IPC Server handler 1 on 33211] INFO  net.NetworkTopology (NetworkTopologyImpl.java:add(111)) - Added a new node: /default-rack/ca285669-a50d-47e6-86d6-d52ab3f38b6e
2019-09-17 07:48:37,951 [IPC Server handler 1 on 33211] INFO  node.SCMNodeManager (SCMNodeManager.java:register(266)) - Registered Data node : ca285669-a50d-47e6-86d6-d52ab3f38b6e{ip: 192.168.157.246, host: pr-hdds-2016-n7825-135103490, networkLocation: /default-rack, certSerialId: null}
2019-09-17 07:48:38,028 [IPC Server handler 3 on 33211] INFO  net.NetworkTopology (NetworkTopologyImpl.java:add(111)) - Added a new node: /default-rack/35face44-d3a8-4fcd-be66-7dd33cc65450
2019-09-17 07:48:38,028 [IPC Server handler 3 on 33211] INFO  node.SCMNodeManager (SCMNodeManager.java:register(266)) - Registered Data node : 35face44-d3a8-4fcd-be66-7dd33cc65450{ip: 192.168.157.246, host: pr-hdds-2016-n7825-135103490, networkLocation: /default-rack, certSerialId: null}
2019-09-17 07:48:38,094 [main] INFO  ozone.MiniOzoneClusterImpl (MiniOzoneClusterImpl.java:lambda$waitForClusterToBeReady$0(145)) - Waiting for cluster to be ready. Got 3 of 4 DN Heartbeats.
2019-09-17 07:48:38,097 [IPC Server handler 4 on 33211] INFO  net.NetworkTopology (NetworkTopologyImpl.java:add(111)) - Added a new node: /default-rack/f2633ce3-784c-4b2a-9575-61c95615b640
2019-09-17 07:48:38,097 [IPC Server handler 4 on 33211] INFO  node.SCMNodeManager (SCMNodeManager.java:register(266)) - Registered Data node : f2633ce3-784c-4b2a-9575-61c95615b640{ip: 192.168.157.246, host: pr-hdds-2016-n7825-135103490, networkLocation: /default-rack, certSerialId: null}
2019-09-17 07:48:38,456 [grpc-default-executor-0] INFO  impl.RaftServerProxy (RaftServerProxy.java:addNew(89)) - f104376c-2ece-4e9a-9f13-ae7b76b93604: addNew group-694713B1C0A7:[f104376c-2ece-4e9a-9f13-ae7b76b93604:192.168.157.246:35943] returns group-694713B1C0A7:java.util.concurrent.CompletableFuture@52cd21e0[Not completed]
2019-09-17 07:48:38,479 [pool-27-thread-1] INFO  impl.RaftServerImpl (RaftServerImpl.java:<init>(95)) - f104376c-2ece-4e9a-9f13-ae7b76b93604: new RaftServerImpl for group-694713B1C0A7:[f104376c-2ece-4e9a-9f13-ae7b76b93604:192.168.157.246:35943] with ContainerStateMachine:uninitialized
2019-09-17 07:48:38,483 [pool-27-thread-1] INFO  server.RaftServerConfigKeys (ConfUtils.java:logGet(43)) - raft.server.rpc.timeout.min = 5s (custom)
2019-09-17 07:48:38,484 [pool-27-thread-1] INFO  server.RaftServerConfigKeys (ConfUtils.java:logGet(43)) - raft.server.rpc.timeout.max = 5200ms (custom)
2019-09-17 07:48:38,485 [pool-27-thread-1] INFO  server.RaftServerConfigKeys (ConfUtils.java:logGet(43)) - raft.server.rpcslowness.timeout = 1000s (custom)
2019-09-17 07:48:38,486 [pool-27-thread-1] INFO  server.RaftServerConfigKeys (ConfUtils.java:logGet(43)) - raft.server.sleep.deviation.threshold = 300 (default)
2019-09-17 07:48:38,487 [pool-27-thread-1] INFO  server.RaftServerConfigKeys (ConfUtils.java:logGet(43)) - raft.server.log.appender.install.snapshot.enabled = false (custom)
2019-09-17 07:48:38,497 [pool-27-thread-1] INFO  impl.RaftServerImpl (ServerState.java:<init>(103)) - f104376c-2ece-4e9a-9f13-ae7b76b93604@group-694713B1C0A7: ConfigurationManager, init=-1: [f104376c-2ece-4e9a-9f13-ae7b76b93604:192.168.157.246:35943], old=null, confs=<EMPTY_MAP>
2019-09-17 07:48:38,498 [pool-27-thread-1] INFO  server.RaftServerConfigKeys (ConfUtils.java:logGet(43)) - raft.server.storage.dir = [/workdir/hadoop-ozone/integration-test/target/test-dir/MiniOzoneClusterImpl-fa8c8cf8-ca3f-4ece-8fa8-d4681a0085a7/datanode-0/data/ratis] (custom)
2019-09-17 07:48:38,507 [pool-27-thread-1] INFO  storage.RaftStorageDirectory (RaftStorageDirectory.java:analyzeStorage(246)) - The storage directory /workdir/hadoop-ozone/integration-test/target/test-dir/MiniOzoneClusterImpl-fa8c8cf8-ca3f-4ece-8fa8-d4681a0085a7/datanode-0/data/ratis/4a41642c-68fb-46cb-b820-694713b1c0a7 does not exist. Creating ...
2019-09-17 07:48:38,526 [pool-27-thread-1] INFO  storage.RaftStorageDirectory (RaftStorageDirectory.java:tryLock(328)) - Lock on /workdir/hadoop-ozone/integration-test/target/test-dir/MiniOzoneClusterImpl-fa8c8cf8-ca3f-4ece-8fa8-d4681a0085a7/datanode-0/data/ratis/4a41642c-68fb-46cb-b820-694713b1c0a7/in_use.lock acquired by nodename 23548@pr-hdds-2016-n7825-135103490
2019-09-17 07:48:38,542 [pool-27-thread-1] INFO  storage.RaftStorage (RaftStorage.java:format(72)) - Storage directory /workdir/hadoop-ozone/integration-test/target/test-dir/MiniOzoneClusterImpl-fa8c8cf8-ca3f-4ece-8fa8-d4681a0085a7/datanode-0/data/ratis/4a41642c-68fb-46cb-b820-694713b1c0a7 has been successfully formatted.
2019-09-17 07:48:38,545 [pool-27-thread-1] INFO  ratis.ContainerStateMachine (ContainerStateMachine.java:loadSnapshot(230)) - group-694713B1C0A7: The snapshot info is null. Setting the last applied indexto:(t:0, i:~)
2019-09-17 07:48:38,545 [pool-27-thread-1] INFO  server.RaftServerConfigKeys (ConfUtils.java:logGet(43)) - raft.server.notification.no-leader.timeout = 1000s (custom)
2019-09-17 07:48:38,548 [pool-27-thread-1] INFO  server.RaftServerConfigKeys (ConfUtils.java:logGet(43)) - raft.server.log.use.memory = false (default)
2019-09-17 07:48:38,555 [pool-27-thread-1] INFO  server.RaftServerConfigKeys (ConfUtils.java:logGet(43)) - raft.server.log.purge.gap = 1000000 (custom)
2019-09-17 07:48:38,555 [pool-27-thread-1] INFO  server.RaftServerConfigKeys (ConfUtils.java:logGet(43)) - raft.server.log.appender.buffer.byte-limit = 33554432 (custom)
2019-09-17 07:48:38,557 [pool-27-thread-1] INFO  server.RaftServerConfigKeys (ConfUtils.java:logGet(43)) - raft.server.log.segment.size.max = 1048576 (custom)
2019-09-17 07:48:38,564 [pool-27-thread-1] INFO  server.RaftServerConfigKeys (ConfUtils.java:logGet(43)) - raft.server.log.segment.cache.num.max = 2 (custom)
2019-09-17 07:48:38,572 [pool-27-thread-1] INFO  segmented.SegmentedRaftLogWorker (SegmentedRaftLogWorker.java:<init>(172)) - new f104376c-2ece-4e9a-9f13-ae7b76b93604@group-694713B1C0A7-SegmentedRaftLogWorker for RaftStorage:Storage Directory /workdir/hadoop-ozone/integration-test/target/test-dir/MiniOzoneClusterImpl-fa8c8cf8-ca3f-4ece-8fa8-d4681a0085a7/datanode-0/data/ratis/4a41642c-68fb-46cb-b820-694713b1c0a7
2019-09-17 07:48:38,574 [pool-27-thread-1] INFO  impl.MetricsSystemImpl (MetricsSystemImpl.java:init(158)) - ratis metrics system started (again)
2019-09-17 07:48:38,617 [pool-27-thread-1] INFO  server.RaftServerConfigKeys (ConfUtils.java:logGet(43)) - raft.server.log.queue.byte-limit = 2147483647 (custom)
2019-09-17 07:48:38,618 [pool-27-thread-1] INFO  server.RaftServerConfigKeys (ConfUtils.java:logGet(43)) - raft.server.log.queue.element-limit = 1024 (custom)
2019-09-17 07:48:38,622 [pool-27-thread-1] INFO  server.RaftServerConfigKeys (ConfUtils.java:logGet(43)) - raft.server.log.segment.size.max = 1048576 (custom)
2019-09-17 07:48:38,622 [pool-27-thread-1] INFO  server.RaftServerConfigKeys (ConfUtils.java:logGet(43)) - raft.server.log.preallocated.size = 16384 (custom)
2019-09-17 07:48:38,623 [pool-27-thread-1] INFO  server.RaftServerConfigKeys (ConfUtils.java:logGet(43)) - raft.server.log.write.buffer.size = 33554432 (custom)
2019-09-17 07:48:38,623 [pool-27-thread-1] INFO  server.RaftServerConfigKeys (ConfUtils.java:logGet(43)) - raft.server.log.force.sync.num = 128 (default)
2019-09-17 07:48:38,624 [pool-27-thread-1] INFO  server.RaftServerConfigKeys (ConfUtils.java:logGet(43)) - raft.server.log.statemachine.data.sync = true (default)
2019-09-17 07:48:38,625 [pool-27-thread-1] INFO  server.RaftServerConfigKeys (ConfUtils.java:logGet(43)) - raft.server.log.statemachine.data.sync.timeout = 10s (default)
2019-09-17 07:48:38,625 [pool-27-thread-1] INFO  server.RaftServerConfigKeys (ConfUtils.java:logGet(43)) - raft.server.log.statemachine.data.sync.timeout.retry = -1 (default)
2019-09-17 07:48:38,634 [pool-27-thread-1] INFO  server.RaftServerConfigKeys (ConfUtils.java:logGet(43)) - raft.server.log.statemachine.data.caching.enabled = true (custom)
2019-09-17 07:48:38,639 [pool-27-thread-1] INFO  segmented.SegmentedRaftLogWorker (SegmentedRaftLogWorker.java:lambda$new$0(132)) - f104376c-2ece-4e9a-9f13-ae7b76b93604@group-694713B1C0A7-SegmentedRaftLogWorker: flushIndex: setUnconditionally 0 -> -1
2019-09-17 07:48:38,644 [pool-27-thread-1] INFO  server.RaftServerConfigKeys (ConfUtils.java:logGet(43)) - raft.server.snapshot.auto.trigger.enabled = true (custom)
2019-09-17 07:48:38,645 [pool-27-thread-1] INFO  server.RaftServerConfigKeys (ConfUtils.java:logGet(43)) - raft.server.snapshot.auto.trigger.threshold = 10000 (custom)
2019-09-17 07:48:38,646 [pool-27-thread-1] INFO  server.RaftServerConfigKeys (ConfUtils.java:logGet(43)) - raft.server.snapshot.retention.num.files = 5 (custom)
2019-09-17 07:48:38,647 [pool-27-thread-1] INFO  server.RaftServerConfigKeys (ConfUtils.java:logGet(43)) - raft.server.retrycache.expirytime = 600000ms (custom)
2019-09-17 07:48:38,673 [pool-27-thread-1] INFO  impl.RaftServerImpl (RaftServerImpl.java:start(185)) - f104376c-2ece-4e9a-9f13-ae7b76b93604@group-694713B1C0A7: start as a follower, conf=-1: [f104376c-2ece-4e9a-9f13-ae7b76b93604:192.168.157.246:35943], old=null
2019-09-17 07:48:38,674 [pool-27-thread-1] INFO  impl.RaftServerImpl (RaftServerImpl.java:setRole(174)) - f104376c-2ece-4e9a-9f13-ae7b76b93604@group-694713B1C0A7: changes role from      null to FOLLOWER at term 0 for startAsFollower
2019-09-17 07:48:38,675 [pool-27-thread-1] INFO  impl.RoleInfo (RoleInfo.java:updateAndGet(143)) - f104376c-2ece-4e9a-9f13-ae7b76b93604: start FollowerState
2019-09-17 07:48:38,677 [pool-27-thread-1] INFO  util.JmxRegister (JmxRegister.java:tryRegister(44)) - Successfully registered JMX Bean with object name Ratis:service=RaftServer,group=group-694713B1C0A7,id=f104376c-2ece-4e9a-9f13-ae7b76b93604
2019-09-17 07:48:38,747 [RatisPipelineUtilsThread] INFO  pipeline.PipelineStateManager (PipelineStateManager.java:addPipeline(56)) - Created pipeline Pipeline[ Id: 4a41642c-68fb-46cb-b820-694713b1c0a7, Nodes: f104376c-2ece-4e9a-9f13-ae7b76b93604{ip: 192.168.157.246, host: pr-hdds-2016-n7825-135103490, networkLocation: /default-rack, certSerialId: null}, Type:RATIS, Factor:ONE, State:OPEN]
2019-09-17 07:48:38,770 [grpc-default-executor-0] INFO  impl.RaftServerProxy (RaftServerProxy.java:addNew(89)) - 35face44-d3a8-4fcd-be66-7dd33cc65450: addNew group-82058D8C8B2C:[35face44-d3a8-4fcd-be66-7dd33cc65450:192.168.157.246:37837] returns group-82058D8C8B2C:java.util.concurrent.CompletableFuture@411abf07[Not completed]
2019-09-17 07:48:38,811 [pool-47-thread-1] INFO  impl.RaftServerImpl (RaftServerImpl.java:<init>(95)) - 35face44-d3a8-4fcd-be66-7dd33cc65450: new RaftServerImpl for group-82058D8C8B2C:[35face44-d3a8-4fcd-be66-7dd33cc65450:192.168.157.246:37837] with ContainerStateMachine:uninitialized
2019-09-17 07:48:38,813 [pool-47-thread-1] INFO  server.RaftServerConfigKeys (ConfUtils.java:logGet(43)) - raft.server.rpc.timeout.min = 5s (custom)
2019-09-17 07:48:38,813 [pool-47-thread-1] INFO  server.RaftServerConfigKeys (ConfUtils.java:logGet(43)) - raft.server.rpc.timeout.max = 5200ms (custom)
2019-09-17 07:48:38,813 [pool-47-thread-1] INFO  server.RaftServerConfigKeys (ConfUtils.java:logGet(43)) - raft.server.rpcslowness.timeout = 1000s (custom)
2019-09-17 07:48:38,813 [pool-47-thread-1] INFO  server.RaftServerConfigKeys (ConfUtils.java:logGet(43)) - raft.server.sleep.deviation.threshold = 300 (default)
2019-09-17 07:48:38,813 [pool-47-thread-1] INFO  server.RaftServerConfigKeys (ConfUtils.java:logGet(43)) - raft.server.log.appender.install.snapshot.enabled = false (custom)
2019-09-17 07:48:38,814 [pool-47-thread-1] INFO  impl.RaftServerImpl (ServerState.java:<init>(103)) - 35face44-d3a8-4fcd-be66-7dd33cc65450@group-82058D8C8B2C: ConfigurationManager, init=-1: [35face44-d3a8-4fcd-be66-7dd33cc65450:192.168.157.246:37837], old=null, confs=<EMPTY_MAP>
2019-09-17 07:48:38,814 [pool-47-thread-1] INFO  server.RaftServerConfigKeys (ConfUtils.java:logGet(43)) - raft.server.storage.dir = [/workdir/hadoop-ozone/integration-test/target/test-dir/MiniOzoneClusterImpl-fa8c8cf8-ca3f-4ece-8fa8-d4681a0085a7/datanode-2/data/ratis] (custom)
2019-09-17 07:48:38,814 [pool-47-thread-1] INFO  storage.RaftStorageDirectory (RaftStorageDirectory.java:analyzeStorage(246)) - The storage directory /workdir/hadoop-ozone/integration-test/target/test-dir/MiniOzoneClusterImpl-fa8c8cf8-ca3f-4ece-8fa8-d4681a0085a7/datanode-2/data/ratis/14b8fb27-2aca-410d-9c81-82058d8c8b2c does not exist. Creating ...
2019-09-17 07:48:38,833 [pool-47-thread-1] INFO  storage.RaftStorageDirectory (RaftStorageDirectory.java:tryLock(328)) - Lock on /workdir/hadoop-ozone/integration-test/target/test-dir/MiniOzoneClusterImpl-fa8c8cf8-ca3f-4ece-8fa8-d4681a0085a7/datanode-2/data/ratis/14b8fb27-2aca-410d-9c81-82058d8c8b2c/in_use.lock acquired by nodename 23548@pr-hdds-2016-n7825-135103490
2019-09-17 07:48:38,847 [pool-47-thread-1] INFO  storage.RaftStorage (RaftStorage.java:format(72)) - Storage directory /workdir/hadoop-ozone/integration-test/target/test-dir/MiniOzoneClusterImpl-fa8c8cf8-ca3f-4ece-8fa8-d4681a0085a7/datanode-2/data/ratis/14b8fb27-2aca-410d-9c81-82058d8c8b2c has been successfully formatted.
2019-09-17 07:48:38,848 [pool-47-thread-1] INFO  ratis.ContainerStateMachine (ContainerStateMachine.java:loadSnapshot(230)) - group-82058D8C8B2C: The snapshot info is null. Setting the last applied indexto:(t:0, i:~)
2019-09-17 07:48:38,850 [pool-47-thread-1] INFO  server.RaftServerConfigKeys (ConfUtils.java:logGet(43)) - raft.server.notification.no-leader.timeout = 1000s (custom)
2019-09-17 07:48:38,850 [pool-47-thread-1] INFO  server.RaftServerConfigKeys (ConfUtils.java:logGet(43)) - raft.server.log.use.memory = false (default)
2019-09-17 07:48:38,850 [pool-47-thread-1] INFO  server.RaftServerConfigKeys (ConfUtils.java:logGet(43)) - raft.server.log.purge.gap = 1000000 (custom)
2019-09-17 07:48:38,850 [pool-47-thread-1] INFO  server.RaftServerConfigKeys (ConfUtils.java:logGet(43)) - raft.server.log.appender.buffer.byte-limit = 33554432 (custom)
2019-09-17 07:48:38,850 [pool-47-thread-1] INFO  server.RaftServerConfigKeys (ConfUtils.java:logGet(43)) - raft.server.log.segment.size.max = 1048576 (custom)
2019-09-17 07:48:38,851 [pool-47-thread-1] INFO  server.RaftServerConfigKeys (ConfUtils.java:logGet(43)) - raft.server.log.segment.cache.num.max = 2 (custom)
2019-09-17 07:48:38,851 [pool-47-thread-1] INFO  segmented.SegmentedRaftLogWorker (SegmentedRaftLogWorker.java:<init>(172)) - new 35face44-d3a8-4fcd-be66-7dd33cc65450@group-82058D8C8B2C-SegmentedRaftLogWorker for RaftStorage:Storage Directory /workdir/hadoop-ozone/integration-test/target/test-dir/MiniOzoneClusterImpl-fa8c8cf8-ca3f-4ece-8fa8-d4681a0085a7/datanode-2/data/ratis/14b8fb27-2aca-410d-9c81-82058d8c8b2c
2019-09-17 07:48:38,857 [pool-47-thread-1] INFO  server.RaftServerConfigKeys (ConfUtils.java:logGet(43)) - raft.server.log.queue.byte-limit = 2147483647 (custom)
2019-09-17 07:48:38,857 [pool-47-thread-1] INFO  server.RaftServerConfigKeys (ConfUtils.java:logGet(43)) - raft.server.log.queue.element-limit = 1024 (custom)
2019-09-17 07:48:38,858 [pool-47-thread-1] INFO  server.RaftServerConfigKeys (ConfUtils.java:logGet(43)) - raft.server.log.segment.size.max = 1048576 (custom)
2019-09-17 07:48:38,858 [pool-47-thread-1] INFO  server.RaftServerConfigKeys (ConfUtils.java:logGet(43)) - raft.server.log.preallocated.size = 16384 (custom)
2019-09-17 07:48:38,858 [pool-47-thread-1] INFO  server.RaftServerConfigKeys (ConfUtils.java:logGet(43)) - raft.server.log.write.buffer.size = 33554432 (custom)
2019-09-17 07:48:38,858 [pool-47-thread-1] INFO  server.RaftServerConfigKeys (ConfUtils.java:logGet(43)) - raft.server.log.force.sync.num = 128 (default)
2019-09-17 07:48:38,858 [pool-47-thread-1] INFO  server.RaftServerConfigKeys (ConfUtils.java:logGet(43)) - raft.server.log.statemachine.data.sync = true (default)
2019-09-17 07:48:38,858 [pool-47-thread-1] INFO  server.RaftServerConfigKeys (ConfUtils.java:logGet(43)) - raft.server.log.statemachine.data.sync.timeout = 10s (default)
2019-09-17 07:48:38,859 [pool-47-thread-1] INFO  server.RaftServerConfigKeys (ConfUtils.java:logGet(43)) - raft.server.log.statemachine.data.sync.timeout.retry = -1 (default)
2019-09-17 07:48:38,859 [pool-47-thread-1] INFO  server.RaftServerConfigKeys (ConfUtils.java:logGet(43)) - raft.server.log.statemachine.data.caching.enabled = true (custom)
2019-09-17 07:48:38,859 [pool-47-thread-1] INFO  segmented.SegmentedRaftLogWorker (SegmentedRaftLogWorker.java:lambda$new$0(132)) - 35face44-d3a8-4fcd-be66-7dd33cc65450@group-82058D8C8B2C-SegmentedRaftLogWorker: flushIndex: setUnconditionally 0 -> -1
2019-09-17 07:48:38,860 [pool-47-thread-1] INFO  server.RaftServerConfigKeys (ConfUtils.java:logGet(43)) - raft.server.snapshot.auto.trigger.enabled = true (custom)
2019-09-17 07:48:38,860 [pool-47-thread-1] INFO  server.RaftServerConfigKeys (ConfUtils.java:logGet(43)) - raft.server.snapshot.auto.trigger.threshold = 10000 (custom)
2019-09-17 07:48:38,860 [pool-47-thread-1] INFO  server.RaftServerConfigKeys (ConfUtils.java:logGet(43)) - raft.server.snapshot.retention.num.files = 5 (custom)
2019-09-17 07:48:38,860 [pool-47-thread-1] INFO  server.RaftServerConfigKeys (ConfUtils.java:logGet(43)) - raft.server.retrycache.expirytime = 600000ms (custom)
2019-09-17 07:48:38,865 [pool-47-thread-1] INFO  impl.RaftServerImpl (RaftServerImpl.java:start(185)) - 35face44-d3a8-4fcd-be66-7dd33cc65450@group-82058D8C8B2C: start as a follower, conf=-1: [35face44-d3a8-4fcd-be66-7dd33cc65450:192.168.157.246:37837], old=null
2019-09-17 07:48:38,865 [pool-47-thread-1] INFO  impl.RaftServerImpl (RaftServerImpl.java:setRole(174)) - 35face44-d3a8-4fcd-be66-7dd33cc65450@group-82058D8C8B2C: changes role from      null to FOLLOWER at term 0 for startAsFollower
2019-09-17 07:48:38,865 [pool-47-thread-1] INFO  impl.RoleInfo (RoleInfo.java:updateAndGet(143)) - 35face44-d3a8-4fcd-be66-7dd33cc65450: start FollowerState
2019-09-17 07:48:38,867 [pool-47-thread-1] INFO  util.JmxRegister (JmxRegister.java:tryRegister(44)) - Successfully registered JMX Bean with object name Ratis:service=RaftServer,group=group-82058D8C8B2C,id=35face44-d3a8-4fcd-be66-7dd33cc65450
2019-09-17 07:48:38,880 [RatisPipelineUtilsThread] INFO  pipeline.PipelineStateManager (PipelineStateManager.java:addPipeline(56)) - Created pipeline Pipeline[ Id: 14b8fb27-2aca-410d-9c81-82058d8c8b2c, Nodes: 35face44-d3a8-4fcd-be66-7dd33cc65450{ip: 192.168.157.246, host: pr-hdds-2016-n7825-135103490, networkLocation: /default-rack, certSerialId: null}, Type:RATIS, Factor:ONE, State:OPEN]
2019-09-17 07:48:38,902 [grpc-default-executor-0] INFO  impl.RaftServerProxy (RaftServerProxy.java:addNew(89)) - ca285669-a50d-47e6-86d6-d52ab3f38b6e: addNew group-E6AD349B5BE1:[ca285669-a50d-47e6-86d6-d52ab3f38b6e:192.168.157.246:33597] returns group-E6AD349B5BE1:java.util.concurrent.CompletableFuture@34baf922[Not completed]
2019-09-17 07:48:38,929 [pool-37-thread-1] INFO  impl.RaftServerImpl (RaftServerImpl.java:<init>(95)) - ca285669-a50d-47e6-86d6-d52ab3f38b6e: new RaftServerImpl for group-E6AD349B5BE1:[ca285669-a50d-47e6-86d6-d52ab3f38b6e:192.168.157.246:33597] with ContainerStateMachine:uninitialized
2019-09-17 07:48:38,934 [pool-37-thread-1] INFO  server.RaftServerConfigKeys (ConfUtils.java:logGet(43)) - raft.server.rpc.timeout.min = 5s (custom)
2019-09-17 07:48:38,934 [pool-37-thread-1] INFO  server.RaftServerConfigKeys (ConfUtils.java:logGet(43)) - raft.server.rpc.timeout.max = 5200ms (custom)
2019-09-17 07:48:38,934 [pool-37-thread-1] INFO  server.RaftServerConfigKeys (ConfUtils.java:logGet(43)) - raft.server.rpcslowness.timeout = 1000s (custom)
2019-09-17 07:48:38,935 [pool-37-thread-1] INFO  server.RaftServerConfigKeys (ConfUtils.java:logGet(43)) - raft.server.sleep.deviation.threshold = 300 (default)
2019-09-17 07:48:38,935 [pool-37-thread-1] INFO  server.RaftServerConfigKeys (ConfUtils.java:logGet(43)) - raft.server.log.appender.install.snapshot.enabled = false (custom)
2019-09-17 07:48:38,935 [pool-37-thread-1] INFO  impl.RaftServerImpl (ServerState.java:<init>(103)) - ca285669-a50d-47e6-86d6-d52ab3f38b6e@group-E6AD349B5BE1: ConfigurationManager, init=-1: [ca285669-a50d-47e6-86d6-d52ab3f38b6e:192.168.157.246:33597], old=null, confs=<EMPTY_MAP>
2019-09-17 07:48:38,935 [pool-37-thread-1] INFO  server.RaftServerConfigKeys (ConfUtils.java:logGet(43)) - raft.server.storage.dir = [/workdir/hadoop-ozone/integration-test/target/test-dir/MiniOzoneClusterImpl-fa8c8cf8-ca3f-4ece-8fa8-d4681a0085a7/datanode-1/data/ratis] (custom)
2019-09-17 07:48:38,936 [pool-37-thread-1] INFO  storage.RaftStorageDirectory (RaftStorageDirectory.java:analyzeStorage(246)) - The storage directory /workdir/hadoop-ozone/integration-test/target/test-dir/MiniOzoneClusterImpl-fa8c8cf8-ca3f-4ece-8fa8-d4681a0085a7/datanode-1/data/ratis/53395663-fdc8-4847-9e0e-e6ad349b5be1 does not exist. Creating ...
2019-09-17 07:48:38,949 [pool-37-thread-1] INFO  storage.RaftStorageDirectory (RaftStorageDirectory.java:tryLock(328)) - Lock on /workdir/hadoop-ozone/integration-test/target/test-dir/MiniOzoneClusterImpl-fa8c8cf8-ca3f-4ece-8fa8-d4681a0085a7/datanode-1/data/ratis/53395663-fdc8-4847-9e0e-e6ad349b5be1/in_use.lock acquired by nodename 23548@pr-hdds-2016-n7825-135103490
2019-09-17 07:48:38,963 [pool-37-thread-1] INFO  storage.RaftStorage (RaftStorage.java:format(72)) - Storage directory /workdir/hadoop-ozone/integration-test/target/test-dir/MiniOzoneClusterImpl-fa8c8cf8-ca3f-4ece-8fa8-d4681a0085a7/datanode-1/data/ratis/53395663-fdc8-4847-9e0e-e6ad349b5be1 has been successfully formatted.
2019-09-17 07:48:38,963 [pool-37-thread-1] INFO  ratis.ContainerStateMachine (ContainerStateMachine.java:loadSnapshot(230)) - group-E6AD349B5BE1: The snapshot info is null. Setting the last applied indexto:(t:0, i:~)
2019-09-17 07:48:38,963 [pool-37-thread-1] INFO  server.RaftServerConfigKeys (ConfUtils.java:logGet(43)) - raft.server.notification.no-leader.timeout = 1000s (custom)
2019-09-17 07:48:38,963 [pool-37-thread-1] INFO  server.RaftServerConfigKeys (ConfUtils.java:logGet(43)) - raft.server.log.use.memory = false (default)
2019-09-17 07:48:38,964 [pool-37-thread-1] INFO  server.RaftServerConfigKeys (ConfUtils.java:logGet(43)) - raft.server.log.purge.gap = 1000000 (custom)
2019-09-17 07:48:38,964 [pool-37-thread-1] INFO  server.RaftServerConfigKeys (ConfUtils.java:logGet(43)) - raft.server.log.appender.buffer.byte-limit = 33554432 (custom)
2019-09-17 07:48:38,964 [pool-37-thread-1] INFO  server.RaftServerConfigKeys (ConfUtils.java:logGet(43)) - raft.server.log.segment.size.max = 1048576 (custom)
2019-09-17 07:48:38,964 [pool-37-thread-1] INFO  server.RaftServerConfigKeys (ConfUtils.java:logGet(43)) - raft.server.log.segment.cache.num.max = 2 (custom)
2019-09-17 07:48:38,965 [pool-37-thread-1] INFO  segmented.SegmentedRaftLogWorker (SegmentedRaftLogWorker.java:<init>(172)) - new ca285669-a50d-47e6-86d6-d52ab3f38b6e@group-E6AD349B5BE1-SegmentedRaftLogWorker for RaftStorage:Storage Directory /workdir/hadoop-ozone/integration-test/target/test-dir/MiniOzoneClusterImpl-fa8c8cf8-ca3f-4ece-8fa8-d4681a0085a7/datanode-1/data/ratis/53395663-fdc8-4847-9e0e-e6ad349b5be1
2019-09-17 07:48:38,995 [pool-37-thread-1] INFO  server.RaftServerConfigKeys (ConfUtils.java:logGet(43)) - raft.server.log.queue.byte-limit = 2147483647 (custom)
2019-09-17 07:48:38,995 [pool-37-thread-1] INFO  server.RaftServerConfigKeys (ConfUtils.java:logGet(43)) - raft.server.log.queue.element-limit = 1024 (custom)
2019-09-17 07:48:38,996 [pool-37-thread-1] INFO  server.RaftServerConfigKeys (ConfUtils.java:logGet(43)) - raft.server.log.segment.size.max = 1048576 (custom)
2019-09-17 07:48:38,996 [pool-37-thread-1] INFO  server.RaftServerConfigKeys (ConfUtils.java:logGet(43)) - raft.server.log.preallocated.size = 16384 (custom)
2019-09-17 07:48:38,996 [pool-37-thread-1] INFO  server.RaftServerConfigKeys (ConfUtils.java:logGet(43)) - raft.server.log.write.buffer.size = 33554432 (custom)
2019-09-17 07:48:38,996 [pool-37-thread-1] INFO  server.RaftServerConfigKeys (ConfUtils.java:logGet(43)) - raft.server.log.force.sync.num = 128 (default)
2019-09-17 07:48:38,996 [pool-37-thread-1] INFO  server.RaftServerConfigKeys (ConfUtils.java:logGet(43)) - raft.server.log.statemachine.data.sync = true (default)
2019-09-17 07:48:38,997 [pool-37-thread-1] INFO  server.RaftServerConfigKeys (ConfUtils.java:logGet(43)) - raft.server.log.statemachine.data.sync.timeout = 10s (default)
2019-09-17 07:48:38,997 [pool-37-thread-1] INFO  server.RaftServerConfigKeys (ConfUtils.java:logGet(43)) - raft.server.log.statemachine.data.sync.timeout.retry = -1 (default)
2019-09-17 07:48:38,997 [pool-37-thread-1] INFO  server.RaftServerConfigKeys (ConfUtils.java:logGet(43)) - raft.server.log.statemachine.data.caching.enabled = true (custom)
2019-09-17 07:48:38,998 [pool-37-thread-1] INFO  segmented.SegmentedRaftLogWorker (SegmentedRaftLogWorker.java:lambda$new$0(132)) - ca285669-a50d-47e6-86d6-d52ab3f38b6e@group-E6AD349B5BE1-SegmentedRaftLogWorker: flushIndex: setUnconditionally 0 -> -1
2019-09-17 07:48:38,998 [pool-37-thread-1] INFO  server.RaftServerConfigKeys (ConfUtils.java:logGet(43)) - raft.server.snapshot.auto.trigger.enabled = true (custom)
2019-09-17 07:48:38,998 [pool-37-thread-1] INFO  server.RaftServerConfigKeys (ConfUtils.java:logGet(43)) - raft.server.snapshot.auto.trigger.threshold = 10000 (custom)
2019-09-17 07:48:38,998 [pool-37-thread-1] INFO  server.RaftServerConfigKeys (ConfUtils.java:logGet(43)) - raft.server.snapshot.retention.num.files = 5 (custom)
2019-09-17 07:48:38,999 [pool-37-thread-1] INFO  server.RaftServerConfigKeys (ConfUtils.java:logGet(43)) - raft.server.retrycache.expirytime = 600000ms (custom)
2019-09-17 07:48:39,003 [pool-37-thread-1] INFO  impl.RaftServerImpl (RaftServerImpl.java:start(185)) - ca285669-a50d-47e6-86d6-d52ab3f38b6e@group-E6AD349B5BE1: start as a follower, conf=-1: [ca285669-a50d-47e6-86d6-d52ab3f38b6e:192.168.157.246:33597], old=null
2019-09-17 07:48:39,004 [pool-37-thread-1] INFO  impl.RaftServerImpl (RaftServerImpl.java:setRole(174)) - ca285669-a50d-47e6-86d6-d52ab3f38b6e@group-E6AD349B5BE1: changes role from      null to FOLLOWER at term 0 for startAsFollower
2019-09-17 07:48:39,004 [pool-37-thread-1] INFO  impl.RoleInfo (RoleInfo.java:updateAndGet(143)) - ca285669-a50d-47e6-86d6-d52ab3f38b6e: start FollowerState
2019-09-17 07:48:39,004 [pool-37-thread-1] INFO  util.JmxRegister (JmxRegister.java:tryRegister(44)) - Successfully registered JMX Bean with object name Ratis:service=RaftServer,group=group-E6AD349B5BE1,id=ca285669-a50d-47e6-86d6-d52ab3f38b6e
2019-09-17 07:48:39,015 [RatisPipelineUtilsThread] INFO  pipeline.PipelineStateManager (PipelineStateManager.java:addPipeline(56)) - Created pipeline Pipeline[ Id: 53395663-fdc8-4847-9e0e-e6ad349b5be1, Nodes: ca285669-a50d-47e6-86d6-d52ab3f38b6e{ip: 192.168.157.246, host: pr-hdds-2016-n7825-135103490, networkLocation: /default-rack, certSerialId: null}, Type:RATIS, Factor:ONE, State:OPEN]
2019-09-17 07:48:39,037 [grpc-default-executor-0] INFO  impl.RaftServerProxy (RaftServerProxy.java:addNew(89)) - f2633ce3-784c-4b2a-9575-61c95615b640: addNew group-99A738F53525:[f2633ce3-784c-4b2a-9575-61c95615b640:192.168.157.246:40549] returns group-99A738F53525:java.util.concurrent.CompletableFuture@524b650b[Not completed]
2019-09-17 07:48:39,040 [pool-57-thread-1] INFO  impl.RaftServerImpl (RaftServerImpl.java:<init>(95)) - f2633ce3-784c-4b2a-9575-61c95615b640: new RaftServerImpl for group-99A738F53525:[f2633ce3-784c-4b2a-9575-61c95615b640:192.168.157.246:40549] with ContainerStateMachine:uninitialized
2019-09-17 07:48:39,040 [pool-57-thread-1] INFO  server.RaftServerConfigKeys (ConfUtils.java:logGet(43)) - raft.server.rpc.timeout.min = 5s (custom)
2019-09-17 07:48:39,040 [pool-57-thread-1] INFO  server.RaftServerConfigKeys (ConfUtils.java:logGet(43)) - raft.server.rpc.timeout.max = 5200ms (custom)
2019-09-17 07:48:39,041 [pool-57-thread-1] INFO  server.RaftServerConfigKeys (ConfUtils.java:logGet(43)) - raft.server.rpcslowness.timeout = 1000s (custom)
2019-09-17 07:48:39,041 [pool-57-thread-1] INFO  server.RaftServerConfigKeys (ConfUtils.java:logGet(43)) - raft.server.sleep.deviation.threshold = 300 (default)
2019-09-17 07:48:39,041 [pool-57-thread-1] INFO  server.RaftServerConfigKeys (ConfUtils.java:logGet(43)) - raft.server.log.appender.install.snapshot.enabled = false (custom)
2019-09-17 07:48:39,041 [pool-57-thread-1] INFO  impl.RaftServerImpl (ServerState.java:<init>(103)) - f2633ce3-784c-4b2a-9575-61c95615b640@group-99A738F53525: ConfigurationManager, init=-1: [f2633ce3-784c-4b2a-9575-61c95615b640:192.168.157.246:40549], old=null, confs=<EMPTY_MAP>
2019-09-17 07:48:39,041 [pool-57-thread-1] INFO  server.RaftServerConfigKeys (ConfUtils.java:logGet(43)) - raft.server.storage.dir = [/workdir/hadoop-ozone/integration-test/target/test-dir/MiniOzoneClusterImpl-fa8c8cf8-ca3f-4ece-8fa8-d4681a0085a7/datanode-3/data/ratis] (custom)
2019-09-17 07:48:39,042 [pool-57-thread-1] INFO  storage.RaftStorageDirectory (RaftStorageDirectory.java:analyzeStorage(246)) - The storage directory /workdir/hadoop-ozone/integration-test/target/test-dir/MiniOzoneClusterImpl-fa8c8cf8-ca3f-4ece-8fa8-d4681a0085a7/datanode-3/data/ratis/562cd31d-7304-4c38-9afa-99a738f53525 does not exist. Creating ...
2019-09-17 07:48:39,056 [pool-57-thread-1] INFO  storage.RaftStorageDirectory (RaftStorageDirectory.java:tryLock(328)) - Lock on /workdir/hadoop-ozone/integration-test/target/test-dir/MiniOzoneClusterImpl-fa8c8cf8-ca3f-4ece-8fa8-d4681a0085a7/datanode-3/data/ratis/562cd31d-7304-4c38-9afa-99a738f53525/in_use.lock acquired by nodename 23548@pr-hdds-2016-n7825-135103490
2019-09-17 07:48:39,069 [pool-57-thread-1] INFO  storage.RaftStorage (RaftStorage.java:format(72)) - Storage directory /workdir/hadoop-ozone/integration-test/target/test-dir/MiniOzoneClusterImpl-fa8c8cf8-ca3f-4ece-8fa8-d4681a0085a7/datanode-3/data/ratis/562cd31d-7304-4c38-9afa-99a738f53525 has been successfully formatted.
2019-09-17 07:48:39,070 [pool-57-thread-1] INFO  ratis.ContainerStateMachine (ContainerStateMachine.java:loadSnapshot(230)) - group-99A738F53525: The snapshot info is null. Setting the last applied indexto:(t:0, i:~)
2019-09-17 07:48:39,070 [pool-57-thread-1] INFO  server.RaftServerConfigKeys (ConfUtils.java:logGet(43)) - raft.server.notification.no-leader.timeout = 1000s (custom)
2019-09-17 07:48:39,071 [pool-57-thread-1] INFO  server.RaftServerConfigKeys (ConfUtils.java:logGet(43)) - raft.server.log.use.memory = false (default)
2019-09-17 07:48:39,071 [pool-57-thread-1] INFO  server.RaftServerConfigKeys (ConfUtils.java:logGet(43)) - raft.server.log.purge.gap = 1000000 (custom)
2019-09-17 07:48:39,071 [pool-57-thread-1] INFO  server.RaftServerConfigKeys (ConfUtils.java:logGet(43)) - raft.server.log.appender.buffer.byte-limit = 33554432 (custom)
2019-09-17 07:48:39,071 [pool-57-thread-1] INFO  server.RaftServerConfigKeys (ConfUtils.java:logGet(43)) - raft.server.log.segment.size.max = 1048576 (custom)
2019-09-17 07:48:39,072 [pool-57-thread-1] INFO  server.RaftServerConfigKeys (ConfUtils.java:logGet(43)) - raft.server.log.segment.cache.num.max = 2 (custom)
2019-09-17 07:48:39,072 [pool-57-thread-1] INFO  segmented.SegmentedRaftLogWorker (SegmentedRaftLogWorker.java:<init>(172)) - new f2633ce3-784c-4b2a-9575-61c95615b640@group-99A738F53525-SegmentedRaftLogWorker for RaftStorage:Storage Directory /workdir/hadoop-ozone/integration-test/target/test-dir/MiniOzoneClusterImpl-fa8c8cf8-ca3f-4ece-8fa8-d4681a0085a7/datanode-3/data/ratis/562cd31d-7304-4c38-9afa-99a738f53525
2019-09-17 07:48:39,079 [pool-57-thread-1] INFO  server.RaftServerConfigKeys (ConfUtils.java:logGet(43)) - raft.server.log.queue.byte-limit = 2147483647 (custom)
2019-09-17 07:48:39,079 [pool-57-thread-1] INFO  server.RaftServerConfigKeys (ConfUtils.java:logGet(43)) - raft.server.log.queue.element-limit = 1024 (custom)
2019-09-17 07:48:39,079 [pool-57-thread-1] INFO  server.RaftServerConfigKeys (ConfUtils.java:logGet(43)) - raft.server.log.segment.size.max = 1048576 (custom)
2019-09-17 07:48:39,079 [pool-57-thread-1] INFO  server.RaftServerConfigKeys (ConfUtils.java:logGet(43)) - raft.server.log.preallocated.size = 16384 (custom)
2019-09-17 07:48:39,080 [pool-57-thread-1] INFO  server.RaftServerConfigKeys (ConfUtils.java:logGet(43)) - raft.server.log.write.buffer.size = 33554432 (custom)
2019-09-17 07:48:39,080 [pool-57-thread-1] INFO  server.RaftServerConfigKeys (ConfUtils.java:logGet(43)) - raft.server.log.force.sync.num = 128 (default)
2019-09-17 07:48:39,080 [pool-57-thread-1] INFO  server.RaftServerConfigKeys (ConfUtils.java:logGet(43)) - raft.server.log.statemachine.data.sync = true (default)
2019-09-17 07:48:39,080 [pool-57-thread-1] INFO  server.RaftServerConfigKeys (ConfUtils.java:logGet(43)) - raft.server.log.statemachine.data.sync.timeout = 10s (default)
2019-09-17 07:48:39,081 [pool-57-thread-1] INFO  server.RaftServerConfigKeys (ConfUtils.java:logGet(43)) - raft.server.log.statemachine.data.sync.timeout.retry = -1 (default)
2019-09-17 07:48:39,081 [pool-57-thread-1] INFO  server.RaftServerConfigKeys (ConfUtils.java:logGet(43)) - raft.server.log.statemachine.data.caching.enabled = true (custom)
2019-09-17 07:48:39,082 [pool-57-thread-1] INFO  segmented.SegmentedRaftLogWorker (SegmentedRaftLogWorker.java:lambda$new$0(132)) - f2633ce3-784c-4b2a-9575-61c95615b640@group-99A738F53525-SegmentedRaftLogWorker: flushIndex: setUnconditionally 0 -> -1
2019-09-17 07:48:39,082 [pool-57-thread-1] INFO  server.RaftServerConfigKeys (ConfUtils.java:logGet(43)) - raft.server.snapshot.auto.trigger.enabled = true (custom)
2019-09-17 07:48:39,082 [pool-57-thread-1] INFO  server.RaftServerConfigKeys (ConfUtils.java:logGet(43)) - raft.server.snapshot.auto.trigger.threshold = 10000 (custom)
2019-09-17 07:48:39,082 [pool-57-thread-1] INFO  server.RaftServerConfigKeys (ConfUtils.java:logGet(43)) - raft.server.snapshot.retention.num.files = 5 (custom)
2019-09-17 07:48:39,083 [pool-57-thread-1] INFO  server.RaftServerConfigKeys (ConfUtils.java:logGet(43)) - raft.server.retrycache.expirytime = 600000ms (custom)
2019-09-17 07:48:39,087 [pool-57-thread-1] INFO  impl.RaftServerImpl (RaftServerImpl.java:start(185)) - f2633ce3-784c-4b2a-9575-61c95615b640@group-99A738F53525: start as a follower, conf=-1: [f2633ce3-784c-4b2a-9575-61c95615b640:192.168.157.246:40549], old=null
2019-09-17 07:48:39,087 [pool-57-thread-1] INFO  impl.RaftServerImpl (RaftServerImpl.java:setRole(174)) - f2633ce3-784c-4b2a-9575-61c95615b640@group-99A738F53525: changes role from      null to FOLLOWER at term 0 for startAsFollower
2019-09-17 07:48:39,087 [pool-57-thread-1] INFO  impl.RoleInfo (RoleInfo.java:updateAndGet(143)) - f2633ce3-784c-4b2a-9575-61c95615b640: start FollowerState
2019-09-17 07:48:39,087 [pool-57-thread-1] INFO  util.JmxRegister (JmxRegister.java:tryRegister(44)) - Successfully registered JMX Bean with object name Ratis:service=RaftServer,group=group-99A738F53525,id=f2633ce3-784c-4b2a-9575-61c95615b640
2019-09-17 07:48:39,095 [main] INFO  ozone.MiniOzoneClusterImpl (MiniOzoneClusterImpl.java:lambda$waitForClusterToBeReady$0(145)) - Cluster is ready. Got 4 of 4 DN Heartbeats.
2019-09-17 07:48:39,096 [RatisPipelineUtilsThread] INFO  pipeline.PipelineStateManager (PipelineStateManager.java:addPipeline(56)) - Created pipeline Pipeline[ Id: 562cd31d-7304-4c38-9afa-99a738f53525, Nodes: f2633ce3-784c-4b2a-9575-61c95615b640{ip: 192.168.157.246, host: pr-hdds-2016-n7825-135103490, networkLocation: /default-rack, certSerialId: null}, Type:RATIS, Factor:ONE, State:OPEN]
2019-09-17 07:48:39,102 [main] INFO  container.ReplicationManager (ReplicationManager.java:start(162)) - Starting Replication Monitor Thread.
2019-09-17 07:48:39,108 [ReplicationMonitor] INFO  container.ReplicationManager (ReplicationManager.java:run(225)) - Replication Monitor Thread took 1 milliseconds for processing 0 containers.
2019-09-17 07:48:39,134 [grpc-default-executor-2] INFO  impl.RaftServerProxy (RaftServerProxy.java:addNew(89)) - 35face44-d3a8-4fcd-be66-7dd33cc65450: addNew group-587F65A3D720:[35face44-d3a8-4fcd-be66-7dd33cc65450:192.168.157.246:37837, ca285669-a50d-47e6-86d6-d52ab3f38b6e:192.168.157.246:33597, f104376c-2ece-4e9a-9f13-ae7b76b93604:192.168.157.246:35943] returns group-587F65A3D720:java.util.concurrent.CompletableFuture@583dde62[Not completed]
2019-09-17 07:48:39,140 [pool-47-thread-1] INFO  impl.RaftServerImpl (RaftServerImpl.java:<init>(95)) - 35face44-d3a8-4fcd-be66-7dd33cc65450: new RaftServerImpl for group-587F65A3D720:[35face44-d3a8-4fcd-be66-7dd33cc65450:192.168.157.246:37837, ca285669-a50d-47e6-86d6-d52ab3f38b6e:192.168.157.246:33597, f104376c-2ece-4e9a-9f13-ae7b76b93604:192.168.157.246:35943] with ContainerStateMachine:uninitialized
2019-09-17 07:48:39,140 [pool-47-thread-1] INFO  server.RaftServerConfigKeys (ConfUtils.java:logGet(43)) - raft.server.rpc.timeout.min = 5s (custom)
2019-09-17 07:48:39,141 [pool-47-thread-1] INFO  server.RaftServerConfigKeys (ConfUtils.java:logGet(43)) - raft.server.rpc.timeout.max = 5200ms (custom)
2019-09-17 07:48:39,141 [grpc-default-executor-2] INFO  impl.RaftServerProxy (RaftServerProxy.java:addNew(89)) - f104376c-2ece-4e9a-9f13-ae7b76b93604: addNew group-587F65A3D720:[35face44-d3a8-4fcd-be66-7dd33cc65450:192.168.157.246:37837, ca285669-a50d-47e6-86d6-d52ab3f38b6e:192.168.157.246:33597, f104376c-2ece-4e9a-9f13-ae7b76b93604:192.168.157.246:35943] returns group-587F65A3D720:java.util.concurrent.CompletableFuture@1d3f5b01[Not completed]
2019-09-17 07:48:39,141 [pool-47-thread-1] INFO  server.RaftServerConfigKeys (ConfUtils.java:logGet(43)) - raft.server.rpcslowness.timeout = 1000s (custom)
2019-09-17 07:48:39,141 [pool-47-thread-1] INFO  server.RaftServerConfigKeys (ConfUtils.java:logGet(43)) - raft.server.sleep.deviation.threshold = 300 (default)
2019-09-17 07:48:39,143 [pool-47-thread-1] INFO  server.RaftServerConfigKeys (ConfUtils.java:logGet(43)) - raft.server.log.appender.install.snapshot.enabled = false (custom)
2019-09-17 07:48:39,143 [pool-47-thread-1] INFO  impl.RaftServerImpl (ServerState.java:<init>(103)) - 35face44-d3a8-4fcd-be66-7dd33cc65450@group-587F65A3D720: ConfigurationManager, init=-1: [35face44-d3a8-4fcd-be66-7dd33cc65450:192.168.157.246:37837, ca285669-a50d-47e6-86d6-d52ab3f38b6e:192.168.157.246:33597, f104376c-2ece-4e9a-9f13-ae7b76b93604:192.168.157.246:35943], old=null, confs=<EMPTY_MAP>
2019-09-17 07:48:39,143 [pool-47-thread-1] INFO  server.RaftServerConfigKeys (ConfUtils.java:logGet(43)) - raft.server.storage.dir = [/workdir/hadoop-ozone/integration-test/target/test-dir/MiniOzoneClusterImpl-fa8c8cf8-ca3f-4ece-8fa8-d4681a0085a7/datanode-2/data/ratis] (custom)
2019-09-17 07:48:39,144 [grpc-default-executor-1] INFO  impl.RaftServerProxy (RaftServerProxy.java:addNew(89)) - ca285669-a50d-47e6-86d6-d52ab3f38b6e: addNew group-587F65A3D720:[35face44-d3a8-4fcd-be66-7dd33cc65450:192.168.157.246:37837, ca285669-a50d-47e6-86d6-d52ab3f38b6e:192.168.157.246:33597, f104376c-2ece-4e9a-9f13-ae7b76b93604:192.168.157.246:35943] returns group-587F65A3D720:java.util.concurrent.CompletableFuture@5e5ab2d0[Not completed]
2019-09-17 07:48:39,144 [pool-47-thread-1] INFO  storage.RaftStorageDirectory (RaftStorageDirectory.java:analyzeStorage(246)) - The storage directory /workdir/hadoop-ozone/integration-test/target/test-dir/MiniOzoneClusterImpl-fa8c8cf8-ca3f-4ece-8fa8-d4681a0085a7/datanode-2/data/ratis/c3cd0c11-d8ab-454e-a177-587f65a3d720 does not exist. Creating ...
2019-09-17 07:48:39,145 [pool-27-thread-1] INFO  impl.RaftServerImpl (RaftServerImpl.java:<init>(95)) - f104376c-2ece-4e9a-9f13-ae7b76b93604: new RaftServerImpl for group-587F65A3D720:[35face44-d3a8-4fcd-be66-7dd33cc65450:192.168.157.246:37837, ca285669-a50d-47e6-86d6-d52ab3f38b6e:192.168.157.246:33597, f104376c-2ece-4e9a-9f13-ae7b76b93604:192.168.157.246:35943] with ContainerStateMachine:uninitialized
2019-09-17 07:48:39,145 [pool-27-thread-1] INFO  server.RaftServerConfigKeys (ConfUtils.java:logGet(43)) - raft.server.rpc.timeout.min = 5s (custom)
2019-09-17 07:48:39,145 [pool-27-thread-1] INFO  server.RaftServerConfigKeys (ConfUtils.java:logGet(43)) - raft.server.rpc.timeout.max = 5200ms (custom)
2019-09-17 07:48:39,145 [pool-27-thread-1] INFO  server.RaftServerConfigKeys (ConfUtils.java:logGet(43)) - raft.server.rpcslowness.timeout = 1000s (custom)
2019-09-17 07:48:39,146 [pool-27-thread-1] INFO  server.RaftServerConfigKeys (ConfUtils.java:logGet(43)) - raft.server.sleep.deviation.threshold = 300 (default)
2019-09-17 07:48:39,146 [pool-37-thread-1] INFO  impl.RaftServerImpl (RaftServerImpl.java:<init>(95)) - ca285669-a50d-47e6-86d6-d52ab3f38b6e: new RaftServerImpl for group-587F65A3D720:[35face44-d3a8-4fcd-be66-7dd33cc65450:192.168.157.246:37837, ca285669-a50d-47e6-86d6-d52ab3f38b6e:192.168.157.246:33597, f104376c-2ece-4e9a-9f13-ae7b76b93604:192.168.157.246:35943] with ContainerStateMachine:uninitialized
2019-09-17 07:48:39,146 [pool-27-thread-1] INFO  server.RaftServerConfigKeys (ConfUtils.java:logGet(43)) - raft.server.log.appender.install.snapshot.enabled = false (custom)
2019-09-17 07:48:39,146 [pool-37-thread-1] INFO  server.RaftServerConfigKeys (ConfUtils.java:logGet(43)) - raft.server.rpc.timeout.min = 5s (custom)
2019-09-17 07:48:39,146 [pool-27-thread-1] INFO  impl.RaftServerImpl (ServerState.java:<init>(103)) - f104376c-2ece-4e9a-9f13-ae7b76b93604@group-587F65A3D720: ConfigurationManager, init=-1: [35face44-d3a8-4fcd-be66-7dd33cc65450:192.168.157.246:37837, ca285669-a50d-47e6-86d6-d52ab3f38b6e:192.168.157.246:33597, f104376c-2ece-4e9a-9f13-ae7b76b93604:192.168.157.246:35943], old=null, confs=<EMPTY_MAP>
2019-09-17 07:48:39,146 [pool-37-thread-1] INFO  server.RaftServerConfigKeys (ConfUtils.java:logGet(43)) - raft.server.rpc.timeout.max = 5200ms (custom)
2019-09-17 07:48:39,147 [pool-27-thread-1] INFO  server.RaftServerConfigKeys (ConfUtils.java:logGet(43)) - raft.server.storage.dir = [/workdir/hadoop-ozone/integration-test/target/test-dir/MiniOzoneClusterImpl-fa8c8cf8-ca3f-4ece-8fa8-d4681a0085a7/datanode-0/data/ratis] (custom)
2019-09-17 07:48:39,147 [pool-37-thread-1] INFO  server.RaftServerConfigKeys (ConfUtils.java:logGet(43)) - raft.server.rpcslowness.timeout = 1000s (custom)
2019-09-17 07:48:39,147 [pool-37-thread-1] INFO  server.RaftServerConfigKeys (ConfUtils.java:logGet(43)) - raft.server.sleep.deviation.threshold = 300 (default)
2019-09-17 07:48:39,147 [pool-27-thread-1] INFO  storage.RaftStorageDirectory (RaftStorageDirectory.java:analyzeStorage(246)) - The storage directory /workdir/hadoop-ozone/integration-test/target/test-dir/MiniOzoneClusterImpl-fa8c8cf8-ca3f-4ece-8fa8-d4681a0085a7/datanode-0/data/ratis/c3cd0c11-d8ab-454e-a177-587f65a3d720 does not exist. Creating ...
2019-09-17 07:48:39,147 [pool-37-thread-1] INFO  server.RaftServerConfigKeys (ConfUtils.java:logGet(43)) - raft.server.log.appender.install.snapshot.enabled = false (custom)
2019-09-17 07:48:39,148 [pool-37-thread-1] INFO  impl.RaftServerImpl (ServerState.java:<init>(103)) - ca285669-a50d-47e6-86d6-d52ab3f38b6e@group-587F65A3D720: ConfigurationManager, init=-1: [35face44-d3a8-4fcd-be66-7dd33cc65450:192.168.157.246:37837, ca285669-a50d-47e6-86d6-d52ab3f38b6e:192.168.157.246:33597, f104376c-2ece-4e9a-9f13-ae7b76b93604:192.168.157.246:35943], old=null, confs=<EMPTY_MAP>
2019-09-17 07:48:39,148 [pool-37-thread-1] INFO  server.RaftServerConfigKeys (ConfUtils.java:logGet(43)) - raft.server.storage.dir = [/workdir/hadoop-ozone/integration-test/target/test-dir/MiniOzoneClusterImpl-fa8c8cf8-ca3f-4ece-8fa8-d4681a0085a7/datanode-1/data/ratis] (custom)
2019-09-17 07:48:39,149 [pool-37-thread-1] INFO  storage.RaftStorageDirectory (RaftStorageDirectory.java:analyzeStorage(246)) - The storage directory /workdir/hadoop-ozone/integration-test/target/test-dir/MiniOzoneClusterImpl-fa8c8cf8-ca3f-4ece-8fa8-d4681a0085a7/datanode-1/data/ratis/c3cd0c11-d8ab-454e-a177-587f65a3d720 does not exist. Creating ...
2019-09-17 07:48:39,158 [pool-27-thread-1] INFO  storage.RaftStorageDirectory (RaftStorageDirectory.java:tryLock(328)) - Lock on /workdir/hadoop-ozone/integration-test/target/test-dir/MiniOzoneClusterImpl-fa8c8cf8-ca3f-4ece-8fa8-d4681a0085a7/datanode-0/data/ratis/c3cd0c11-d8ab-454e-a177-587f65a3d720/in_use.lock acquired by nodename 23548@pr-hdds-2016-n7825-135103490
2019-09-17 07:48:39,158 [pool-47-thread-1] INFO  storage.RaftStorageDirectory (RaftStorageDirectory.java:tryLock(328)) - Lock on /workdir/hadoop-ozone/integration-test/target/test-dir/MiniOzoneClusterImpl-fa8c8cf8-ca3f-4ece-8fa8-d4681a0085a7/datanode-2/data/ratis/c3cd0c11-d8ab-454e-a177-587f65a3d720/in_use.lock acquired by nodename 23548@pr-hdds-2016-n7825-135103490
2019-09-17 07:48:39,158 [pool-37-thread-1] INFO  storage.RaftStorageDirectory (RaftStorageDirectory.java:tryLock(328)) - Lock on /workdir/hadoop-ozone/integration-test/target/test-dir/MiniOzoneClusterImpl-fa8c8cf8-ca3f-4ece-8fa8-d4681a0085a7/datanode-1/data/ratis/c3cd0c11-d8ab-454e-a177-587f65a3d720/in_use.lock acquired by nodename 23548@pr-hdds-2016-n7825-135103490
2019-09-17 07:48:39,172 [pool-27-thread-1] INFO  storage.RaftStorage (RaftStorage.java:format(72)) - Storage directory /workdir/hadoop-ozone/integration-test/target/test-dir/MiniOzoneClusterImpl-fa8c8cf8-ca3f-4ece-8fa8-d4681a0085a7/datanode-0/data/ratis/c3cd0c11-d8ab-454e-a177-587f65a3d720 has been successfully formatted.
2019-09-17 07:48:39,172 [pool-47-thread-1] INFO  storage.RaftStorage (RaftStorage.java:format(72)) - Storage directory /workdir/hadoop-ozone/integration-test/target/test-dir/MiniOzoneClusterImpl-fa8c8cf8-ca3f-4ece-8fa8-d4681a0085a7/datanode-2/data/ratis/c3cd0c11-d8ab-454e-a177-587f65a3d720 has been successfully formatted.
2019-09-17 07:48:39,172 [pool-37-thread-1] INFO  storage.RaftStorage (RaftStorage.java:format(72)) - Storage directory /workdir/hadoop-ozone/integration-test/target/test-dir/MiniOzoneClusterImpl-fa8c8cf8-ca3f-4ece-8fa8-d4681a0085a7/datanode-1/data/ratis/c3cd0c11-d8ab-454e-a177-587f65a3d720 has been successfully formatted.
2019-09-17 07:48:39,172 [pool-27-thread-1] INFO  ratis.ContainerStateMachine (ContainerStateMachine.java:loadSnapshot(230)) - group-587F65A3D720: The snapshot info is null. Setting the last applied indexto:(t:0, i:~)
2019-09-17 07:48:39,172 [pool-47-thread-1] INFO  ratis.ContainerStateMachine (ContainerStateMachine.java:loadSnapshot(230)) - group-587F65A3D720: The snapshot info is null. Setting the last applied indexto:(t:0, i:~)
2019-09-17 07:48:39,173 [pool-27-thread-1] INFO  server.RaftServerConfigKeys (ConfUtils.java:logGet(43)) - raft.server.notification.no-leader.timeout = 1000s (custom)
2019-09-17 07:48:39,172 [pool-37-thread-1] INFO  ratis.ContainerStateMachine (ContainerStateMachine.java:loadSnapshot(230)) - group-587F65A3D720: The snapshot info is null. Setting the last applied indexto:(t:0, i:~)
2019-09-17 07:48:39,173 [pool-27-thread-1] INFO  server.RaftServerConfigKeys (ConfUtils.java:logGet(43)) - raft.server.log.use.memory = false (default)
2019-09-17 07:48:39,173 [pool-47-thread-1] INFO  server.RaftServerConfigKeys (ConfUtils.java:logGet(43)) - raft.server.notification.no-leader.timeout = 1000s (custom)
2019-09-17 07:48:39,173 [pool-27-thread-1] INFO  server.RaftServerConfigKeys (ConfUtils.java:logGet(43)) - raft.server.log.purge.gap = 1000000 (custom)
2019-09-17 07:48:39,173 [pool-37-thread-1] INFO  server.RaftServerConfigKeys (ConfUtils.java:logGet(43)) - raft.server.notification.no-leader.timeout = 1000s (custom)
2019-09-17 07:48:39,174 [pool-27-thread-1] INFO  server.RaftServerConfigKeys (ConfUtils.java:logGet(43)) - raft.server.log.appender.buffer.byte-limit = 33554432 (custom)
2019-09-17 07:48:39,174 [pool-47-thread-1] INFO  server.RaftServerConfigKeys (ConfUtils.java:logGet(43)) - raft.server.log.use.memory = false (default)
2019-09-17 07:48:39,174 [pool-27-thread-1] INFO  server.RaftServerConfigKeys (ConfUtils.java:logGet(43)) - raft.server.log.segment.size.max = 1048576 (custom)
2019-09-17 07:48:39,174 [pool-37-thread-1] INFO  server.RaftServerConfigKeys (ConfUtils.java:logGet(43)) - raft.server.log.use.memory = false (default)
2019-09-17 07:48:39,175 [pool-27-thread-1] INFO  server.RaftServerConfigKeys (ConfUtils.java:logGet(43)) - raft.server.log.segment.cache.num.max = 2 (custom)
2019-09-17 07:48:39,174 [pool-47-thread-1] INFO  server.RaftServerConfigKeys (ConfUtils.java:logGet(43)) - raft.server.log.purge.gap = 1000000 (custom)
2019-09-17 07:48:39,175 [pool-27-thread-1] INFO  segmented.SegmentedRaftLogWorker (SegmentedRaftLogWorker.java:<init>(172)) - new f104376c-2ece-4e9a-9f13-ae7b76b93604@group-587F65A3D720-SegmentedRaftLogWorker for RaftStorage:Storage Directory /workdir/hadoop-ozone/integration-test/target/test-dir/MiniOzoneClusterImpl-fa8c8cf8-ca3f-4ece-8fa8-d4681a0085a7/datanode-0/data/ratis/c3cd0c11-d8ab-454e-a177-587f65a3d720
2019-09-17 07:48:39,175 [pool-37-thread-1] INFO  server.RaftServerConfigKeys (ConfUtils.java:logGet(43)) - raft.server.log.purge.gap = 1000000 (custom)
2019-09-17 07:48:39,175 [pool-27-thread-1] INFO  server.RaftServerConfigKeys (ConfUtils.java:logGet(43)) - raft.server.log.queue.byte-limit = 2147483647 (custom)
2019-09-17 07:48:39,175 [pool-47-thread-1] INFO  server.RaftServerConfigKeys (ConfUtils.java:logGet(43)) - raft.server.log.appender.buffer.byte-limit = 33554432 (custom)
2019-09-17 07:48:39,176 [pool-27-thread-1] INFO  server.RaftServerConfigKeys (ConfUtils.java:logGet(43)) - raft.server.log.queue.element-limit = 1024 (custom)
2019-09-17 07:48:39,176 [pool-37-thread-1] INFO  server.RaftServerConfigKeys (ConfUtils.java:logGet(43)) - raft.server.log.appender.buffer.byte-limit = 33554432 (custom)
2019-09-17 07:48:39,176 [pool-27-thread-1] INFO  server.RaftServerConfigKeys (ConfUtils.java:logGet(43)) - raft.server.log.segment.size.max = 1048576 (custom)
2019-09-17 07:48:39,176 [pool-47-thread-1] INFO  server.RaftServerConfigKeys (ConfUtils.java:logGet(43)) - raft.server.log.segment.size.max = 1048576 (custom)
2019-09-17 07:48:39,176 [pool-27-thread-1] INFO  server.RaftServerConfigKeys (ConfUtils.java:logGet(43)) - raft.server.log.preallocated.size = 16384 (custom)
2019-09-17 07:48:39,176 [pool-37-thread-1] INFO  server.RaftServerConfigKeys (ConfUtils.java:logGet(43)) - raft.server.log.segment.size.max = 1048576 (custom)
2019-09-17 07:48:39,177 [pool-27-thread-1] INFO  server.RaftServerConfigKeys (ConfUtils.java:logGet(43)) - raft.server.log.write.buffer.size = 33554432 (custom)
2019-09-17 07:48:39,177 [pool-47-thread-1] INFO  server.RaftServerConfigKeys (ConfUtils.java:logGet(43)) - raft.server.log.segment.cache.num.max = 2 (custom)
2019-09-17 07:48:39,180 [pool-27-thread-1] INFO  server.RaftServerConfigKeys (ConfUtils.java:logGet(43)) - raft.server.log.force.sync.num = 128 (default)
2019-09-17 07:48:39,180 [pool-37-thread-1] INFO  server.RaftServerConfigKeys (ConfUtils.java:logGet(43)) - raft.server.log.segment.cache.num.max = 2 (custom)
2019-09-17 07:48:39,181 [pool-27-thread-1] INFO  server.RaftServerConfigKeys (ConfUtils.java:logGet(43)) - raft.server.log.statemachine.data.sync = true (default)
2019-09-17 07:48:39,181 [pool-47-thread-1] INFO  segmented.SegmentedRaftLogWorker (SegmentedRaftLogWorker.java:<init>(172)) - new 35face44-d3a8-4fcd-be66-7dd33cc65450@group-587F65A3D720-SegmentedRaftLogWorker for RaftStorage:Storage Directory /workdir/hadoop-ozone/integration-test/target/test-dir/MiniOzoneClusterImpl-fa8c8cf8-ca3f-4ece-8fa8-d4681a0085a7/datanode-2/data/ratis/c3cd0c11-d8ab-454e-a177-587f65a3d720
2019-09-17 07:48:39,181 [pool-27-thread-1] INFO  server.RaftServerConfigKeys (ConfUtils.java:logGet(43)) - raft.server.log.statemachine.data.sync.timeout = 10s (default)
2019-09-17 07:48:39,181 [pool-37-thread-1] INFO  segmented.SegmentedRaftLogWorker (SegmentedRaftLogWorker.java:<init>(172)) - new ca285669-a50d-47e6-86d6-d52ab3f38b6e@group-587F65A3D720-SegmentedRaftLogWorker for RaftStorage:Storage Directory /workdir/hadoop-ozone/integration-test/target/test-dir/MiniOzoneClusterImpl-fa8c8cf8-ca3f-4ece-8fa8-d4681a0085a7/datanode-1/data/ratis/c3cd0c11-d8ab-454e-a177-587f65a3d720
2019-09-17 07:48:39,182 [pool-27-thread-1] INFO  server.RaftServerConfigKeys (ConfUtils.java:logGet(43)) - raft.server.log.statemachine.data.sync.timeout.retry = -1 (default)
2019-09-17 07:48:39,182 [pool-47-thread-1] INFO  server.RaftServerConfigKeys (ConfUtils.java:logGet(43)) - raft.server.log.queue.byte-limit = 2147483647 (custom)
2019-09-17 07:48:39,182 [pool-27-thread-1] INFO  server.RaftServerConfigKeys (ConfUtils.java:logGet(43)) - raft.server.log.statemachine.data.caching.enabled = true (custom)
2019-09-17 07:48:39,182 [pool-37-thread-1] INFO  server.RaftServerConfigKeys (ConfUtils.java:logGet(43)) - raft.server.log.queue.byte-limit = 2147483647 (custom)
2019-09-17 07:48:39,182 [pool-47-thread-1] INFO  server.RaftServerConfigKeys (ConfUtils.java:logGet(43)) - raft.server.log.queue.element-limit = 1024 (custom)
2019-09-17 07:48:39,183 [pool-27-thread-1] INFO  segmented.SegmentedRaftLogWorker (SegmentedRaftLogWorker.java:lambda$new$0(132)) - f104376c-2ece-4e9a-9f13-ae7b76b93604@group-587F65A3D720-SegmentedRaftLogWorker: flushIndex: setUnconditionally 0 -> -1
2019-09-17 07:48:39,183 [pool-37-thread-1] INFO  server.RaftServerConfigKeys (ConfUtils.java:logGet(43)) - raft.server.log.queue.element-limit = 1024 (custom)
2019-09-17 07:48:39,183 [pool-47-thread-1] INFO  server.RaftServerConfigKeys (ConfUtils.java:logGet(43)) - raft.server.log.segment.size.max = 1048576 (custom)
2019-09-17 07:48:39,183 [pool-37-thread-1] INFO  server.RaftServerConfigKeys (ConfUtils.java:logGet(43)) - raft.server.log.segment.size.max = 1048576 (custom)
2019-09-17 07:48:39,183 [pool-27-thread-1] INFO  server.RaftServerConfigKeys (ConfUtils.java:logGet(43)) - raft.server.snapshot.auto.trigger.enabled = true (custom)
2019-09-17 07:48:39,184 [pool-37-thread-1] INFO  server.RaftServerConfigKeys (ConfUtils.java:logGet(43)) - raft.server.log.preallocated.size = 16384 (custom)
2019-09-17 07:48:39,184 [pool-47-thread-1] INFO  server.RaftServerConfigKeys (ConfUtils.java:logGet(43)) - raft.server.log.preallocated.size = 16384 (custom)
2019-09-17 07:48:39,184 [pool-37-thread-1] INFO  server.RaftServerConfigKeys (ConfUtils.java:logGet(43)) - raft.server.log.write.buffer.size = 33554432 (custom)
2019-09-17 07:48:39,184 [pool-27-thread-1] INFO  server.RaftServerConfigKeys (ConfUtils.java:logGet(43)) - raft.server.snapshot.auto.trigger.threshold = 10000 (custom)
2019-09-17 07:48:39,184 [pool-37-thread-1] INFO  server.RaftServerConfigKeys (ConfUtils.java:logGet(43)) - raft.server.log.force.sync.num = 128 (default)
2019-09-17 07:48:39,184 [pool-47-thread-1] INFO  server.RaftServerConfigKeys (ConfUtils.java:logGet(43)) - raft.server.log.write.buffer.size = 33554432 (custom)
2019-09-17 07:48:39,185 [pool-37-thread-1] INFO  server.RaftServerConfigKeys (ConfUtils.java:logGet(43)) - raft.server.log.statemachine.data.sync = true (default)
2019-09-17 07:48:39,184 [pool-27-thread-1] INFO  server.RaftServerConfigKeys (ConfUtils.java:logGet(43)) - raft.server.snapshot.retention.num.files = 5 (custom)
2019-09-17 07:48:39,185 [pool-37-thread-1] INFO  server.RaftServerConfigKeys (ConfUtils.java:logGet(43)) - raft.server.log.statemachine.data.sync.timeout = 10s (default)
2019-09-17 07:48:39,185 [pool-47-thread-1] INFO  server.RaftServerConfigKeys (ConfUtils.java:logGet(43)) - raft.server.log.force.sync.num = 128 (default)
2019-09-17 07:48:39,186 [pool-37-thread-1] INFO  server.RaftServerConfigKeys (ConfUtils.java:logGet(43)) - raft.server.log.statemachine.data.sync.timeout.retry = -1 (default)
2019-09-17 07:48:39,185 [pool-27-thread-1] INFO  server.RaftServerConfigKeys (ConfUtils.java:logGet(43)) - raft.server.retrycache.expirytime = 600000ms (custom)
2019-09-17 07:48:39,186 [pool-37-thread-1] INFO  server.RaftServerConfigKeys (ConfUtils.java:logGet(43)) - raft.server.log.statemachine.data.caching.enabled = true (custom)
2019-09-17 07:48:39,186 [pool-47-thread-1] INFO  server.RaftServerConfigKeys (ConfUtils.java:logGet(43)) - raft.server.log.statemachine.data.sync = true (default)
2019-09-17 07:48:39,186 [pool-47-thread-1] INFO  server.RaftServerConfigKeys (ConfUtils.java:logGet(43)) - raft.server.log.statemachine.data.sync.timeout = 10s (default)
2019-09-17 07:48:39,186 [pool-37-thread-1] INFO  segmented.SegmentedRaftLogWorker (SegmentedRaftLogWorker.java:lambda$new$0(132)) - ca285669-a50d-47e6-86d6-d52ab3f38b6e@group-587F65A3D720-SegmentedRaftLogWorker: flushIndex: setUnconditionally 0 -> -1
2019-09-17 07:48:39,187 [pool-47-thread-1] INFO  server.RaftServerConfigKeys (ConfUtils.java:logGet(43)) - raft.server.log.statemachine.data.sync.timeout.retry = -1 (default)
2019-09-17 07:48:39,187 [pool-37-thread-1] INFO  server.RaftServerConfigKeys (ConfUtils.java:logGet(43)) - raft.server.snapshot.auto.trigger.enabled = true (custom)
2019-09-17 07:48:39,187 [pool-47-thread-1] INFO  server.RaftServerConfigKeys (ConfUtils.java:logGet(43)) - raft.server.log.statemachine.data.caching.enabled = true (custom)
2019-09-17 07:48:39,187 [pool-37-thread-1] INFO  server.RaftServerConfigKeys (ConfUtils.java:logGet(43)) - raft.server.snapshot.auto.trigger.threshold = 10000 (custom)
2019-09-17 07:48:39,187 [pool-37-thread-1] INFO  server.RaftServerConfigKeys (ConfUtils.java:logGet(43)) - raft.server.snapshot.retention.num.files = 5 (custom)
2019-09-17 07:48:39,188 [pool-47-thread-1] INFO  segmented.SegmentedRaftLogWorker (SegmentedRaftLogWorker.java:lambda$new$0(132)) - 35face44-d3a8-4fcd-be66-7dd33cc65450@group-587F65A3D720-SegmentedRaftLogWorker: flushIndex: setUnconditionally 0 -> -1
2019-09-17 07:48:39,188 [pool-37-thread-1] INFO  server.RaftServerConfigKeys (ConfUtils.java:logGet(43)) - raft.server.retrycache.expirytime = 600000ms (custom)
2019-09-17 07:48:39,188 [pool-47-thread-1] INFO  server.RaftServerConfigKeys (ConfUtils.java:logGet(43)) - raft.server.snapshot.auto.trigger.enabled = true (custom)
2019-09-17 07:48:39,188 [pool-47-thread-1] INFO  server.RaftServerConfigKeys (ConfUtils.java:logGet(43)) - raft.server.snapshot.auto.trigger.threshold = 10000 (custom)
2019-09-17 07:48:39,188 [pool-47-thread-1] INFO  server.RaftServerConfigKeys (ConfUtils.java:logGet(43)) - raft.server.snapshot.retention.num.files = 5 (custom)
2019-09-17 07:48:39,189 [pool-47-thread-1] INFO  server.RaftServerConfigKeys (ConfUtils.java:logGet(43)) - raft.server.retrycache.expirytime = 600000ms (custom)
2019-09-17 07:48:39,190 [pool-27-thread-1] INFO  impl.RaftServerImpl (RaftServerImpl.java:start(185)) - f104376c-2ece-4e9a-9f13-ae7b76b93604@group-587F65A3D720: start as a follower, conf=-1: [35face44-d3a8-4fcd-be66-7dd33cc65450:192.168.157.246:37837, ca285669-a50d-47e6-86d6-d52ab3f38b6e:192.168.157.246:33597, f104376c-2ece-4e9a-9f13-ae7b76b93604:192.168.157.246:35943], old=null
2019-09-17 07:48:39,191 [pool-27-thread-1] INFO  impl.RaftServerImpl (RaftServerImpl.java:setRole(174)) - f104376c-2ece-4e9a-9f13-ae7b76b93604@group-587F65A3D720: changes role from      null to FOLLOWER at term 0 for startAsFollower
2019-09-17 07:48:39,191 [pool-27-thread-1] INFO  impl.RoleInfo (RoleInfo.java:updateAndGet(143)) - f104376c-2ece-4e9a-9f13-ae7b76b93604: start FollowerState
2019-09-17 07:48:39,191 [pool-27-thread-1] INFO  util.JmxRegister (JmxRegister.java:tryRegister(44)) - Successfully registered JMX Bean with object name Ratis:service=RaftServer,group=group-587F65A3D720,id=f104376c-2ece-4e9a-9f13-ae7b76b93604
2019-09-17 07:48:39,195 [pool-37-thread-1] INFO  impl.RaftServerImpl (RaftServerImpl.java:start(185)) - ca285669-a50d-47e6-86d6-d52ab3f38b6e@group-587F65A3D720: start as a follower, conf=-1: [35face44-d3a8-4fcd-be66-7dd33cc65450:192.168.157.246:37837, ca285669-a50d-47e6-86d6-d52ab3f38b6e:192.168.157.246:33597, f104376c-2ece-4e9a-9f13-ae7b76b93604:192.168.157.246:35943], old=null
2019-09-17 07:48:39,195 [pool-37-thread-1] INFO  impl.RaftServerImpl (RaftServerImpl.java:setRole(174)) - ca285669-a50d-47e6-86d6-d52ab3f38b6e@group-587F65A3D720: changes role from      null to FOLLOWER at term 0 for startAsFollower
2019-09-17 07:48:39,195 [pool-37-thread-1] INFO  impl.RoleInfo (RoleInfo.java:updateAndGet(143)) - ca285669-a50d-47e6-86d6-d52ab3f38b6e: start FollowerState
2019-09-17 07:48:39,196 [pool-37-thread-1] INFO  util.JmxRegister (JmxRegister.java:tryRegister(44)) - Successfully registered JMX Bean with object name Ratis:service=RaftServer,group=group-587F65A3D720,id=ca285669-a50d-47e6-86d6-d52ab3f38b6e
2019-09-17 07:48:39,196 [pool-47-thread-1] INFO  impl.RaftServerImpl (RaftServerImpl.java:start(185)) - 35face44-d3a8-4fcd-be66-7dd33cc65450@group-587F65A3D720: start as a follower, conf=-1: [35face44-d3a8-4fcd-be66-7dd33cc65450:192.168.157.246:37837, ca285669-a50d-47e6-86d6-d52ab3f38b6e:192.168.157.246:33597, f104376c-2ece-4e9a-9f13-ae7b76b93604:192.168.157.246:35943], old=null
2019-09-17 07:48:39,197 [pool-47-thread-1] INFO  impl.RaftServerImpl (RaftServerImpl.java:setRole(174)) - 35face44-d3a8-4fcd-be66-7dd33cc65450@group-587F65A3D720: changes role from      null to FOLLOWER at term 0 for startAsFollower
2019-09-17 07:48:39,199 [pool-47-thread-1] INFO  impl.RoleInfo (RoleInfo.java:updateAndGet(143)) - 35face44-d3a8-4fcd-be66-7dd33cc65450: start FollowerState
2019-09-17 07:48:39,201 [pool-47-thread-1] INFO  util.JmxRegister (JmxRegister.java:tryRegister(44)) - Successfully registered JMX Bean with object name Ratis:service=RaftServer,group=group-587F65A3D720,id=35face44-d3a8-4fcd-be66-7dd33cc65450
2019-09-17 07:48:39,223 [RatisPipelineUtilsThread] INFO  pipeline.PipelineStateManager (PipelineStateManager.java:addPipeline(56)) - Created pipeline Pipeline[ Id: c3cd0c11-d8ab-454e-a177-587f65a3d720, Nodes: 35face44-d3a8-4fcd-be66-7dd33cc65450{ip: 192.168.157.246, host: pr-hdds-2016-n7825-135103490, networkLocation: /default-rack, certSerialId: null}f104376c-2ece-4e9a-9f13-ae7b76b93604{ip: 192.168.157.246, host: pr-hdds-2016-n7825-135103490, networkLocation: /default-rack, certSerialId: null}ca285669-a50d-47e6-86d6-d52ab3f38b6e{ip: 192.168.157.246, host: pr-hdds-2016-n7825-135103490, networkLocation: /default-rack, certSerialId: null}, Type:RATIS, Factor:THREE, State:OPEN]
2019-09-17 07:48:39,646 [main] INFO  rpc.RpcClient (RpcClient.java:createVolume(302)) - Creating Volume: testcontainerstatemachinefailures, with jenkins1000 as owner.
2019-09-17 07:48:39,756 [IPC Server handler 5 on 45342] INFO  volume.OMVolumeCreateRequest (OMVolumeCreateRequest.java:validateAndUpdateCache(189)) - created volume:testcontainerstatemachinefailures for user:jenkins1000
2019-09-17 07:48:39,784 [main] INFO  rpc.RpcClient (RpcClient.java:createBucket(441)) - Creating Bucket: testcontainerstatemachinefailures/testcontainerstatemachinefailures, with Versioning false and Storage Type set to DISK and Encryption set to false 
2019-09-17 07:48:40,205 [EventQueue-StaleNodeForStaleNodeHandler] INFO  node.StaleNodeHandler (StaleNodeHandler.java:onMessage(58)) - Datanode 35face44-d3a8-4fcd-be66-7dd33cc65450{ip: 192.168.157.246, host: pr-hdds-2016-n7825-135103490, networkLocation: /default-rack, certSerialId: null} moved to stale state. Finalizing its pipelines [PipelineID=c3cd0c11-d8ab-454e-a177-587f65a3d720, PipelineID=14b8fb27-2aca-410d-9c81-82058d8c8b2c]
2019-09-17 07:48:40,206 [EventQueue-StaleNodeForStaleNodeHandler] INFO  pipeline.SCMPipelineManager (SCMPipelineManager.java:finalizeAndDestroyPipeline(311)) - destroying pipeline:Pipeline[ Id: c3cd0c11-d8ab-454e-a177-587f65a3d720, Nodes: 35face44-d3a8-4fcd-be66-7dd33cc65450{ip: 192.168.157.246, host: pr-hdds-2016-n7825-135103490, networkLocation: /default-rack, certSerialId: null}f104376c-2ece-4e9a-9f13-ae7b76b93604{ip: 192.168.157.246, host: pr-hdds-2016-n7825-135103490, networkLocation: /default-rack, certSerialId: null}ca285669-a50d-47e6-86d6-d52ab3f38b6e{ip: 192.168.157.246, host: pr-hdds-2016-n7825-135103490, networkLocation: /default-rack, certSerialId: null}, Type:RATIS, Factor:THREE, State:OPEN]
2019-09-17 07:48:40,207 [EventQueue-StaleNodeForStaleNodeHandler] INFO  pipeline.PipelineStateManager (PipelineStateManager.java:finalizePipeline(123)) - Pipeline Pipeline[ Id: c3cd0c11-d8ab-454e-a177-587f65a3d720, Nodes: 35face44-d3a8-4fcd-be66-7dd33cc65450{ip: 192.168.157.246, host: pr-hdds-2016-n7825-135103490, networkLocation: /default-rack, certSerialId: null}f104376c-2ece-4e9a-9f13-ae7b76b93604{ip: 192.168.157.246, host: pr-hdds-2016-n7825-135103490, networkLocation: /default-rack, certSerialId: null}ca285669-a50d-47e6-86d6-d52ab3f38b6e{ip: 192.168.157.246, host: pr-hdds-2016-n7825-135103490, networkLocation: /default-rack, certSerialId: null}, Type:RATIS, Factor:THREE, State:CLOSED] moved to CLOSED state
2019-09-17 07:48:40,208 [EventQueue-CloseContainerForCloseContainerEventHandler] INFO  container.CloseContainerEventHandler (CloseContainerEventHandler.java:onMessage(61)) - Close container Event triggered for container : #1
2019-09-17 07:48:40,215 [EventQueue-StaleNodeForStaleNodeHandler] INFO  pipeline.SCMPipelineManager (SCMPipelineManager.java:finalizeAndDestroyPipeline(311)) - destroying pipeline:Pipeline[ Id: 14b8fb27-2aca-410d-9c81-82058d8c8b2c, Nodes: 35face44-d3a8-4fcd-be66-7dd33cc65450{ip: 192.168.157.246, host: pr-hdds-2016-n7825-135103490, networkLocation: /default-rack, certSerialId: null}, Type:RATIS, Factor:ONE, State:OPEN]
2019-09-17 07:48:40,216 [EventQueue-StaleNodeForStaleNodeHandler] INFO  pipeline.PipelineStateManager (PipelineStateManager.java:finalizePipeline(123)) - Pipeline Pipeline[ Id: 14b8fb27-2aca-410d-9c81-82058d8c8b2c, Nodes: 35face44-d3a8-4fcd-be66-7dd33cc65450{ip: 192.168.157.246, host: pr-hdds-2016-n7825-135103490, networkLocation: /default-rack, certSerialId: null}, Type:RATIS, Factor:ONE, State:CLOSED] moved to CLOSED state
2019-09-17 07:48:40,216 [EventQueue-StaleNodeForStaleNodeHandler] INFO  node.StaleNodeHandler (StaleNodeHandler.java:onMessage(58)) - Datanode f104376c-2ece-4e9a-9f13-ae7b76b93604{ip: 192.168.157.246, host: pr-hdds-2016-n7825-135103490, networkLocation: /default-rack, certSerialId: null} moved to stale state. Finalizing its pipelines [PipelineID=c3cd0c11-d8ab-454e-a177-587f65a3d720, PipelineID=4a41642c-68fb-46cb-b820-694713b1c0a7]
2019-09-17 07:48:40,217 [EventQueue-StaleNodeForStaleNodeHandler] INFO  pipeline.SCMPipelineManager (SCMPipelineManager.java:finalizeAndDestroyPipeline(311)) - destroying pipeline:Pipeline[ Id: c3cd0c11-d8ab-454e-a177-587f65a3d720, Nodes: 35face44-d3a8-4fcd-be66-7dd33cc65450{ip: 192.168.157.246, host: pr-hdds-2016-n7825-135103490, networkLocation: /default-rack, certSerialId: null}f104376c-2ece-4e9a-9f13-ae7b76b93604{ip: 192.168.157.246, host: pr-hdds-2016-n7825-135103490, networkLocation: /default-rack, certSerialId: null}ca285669-a50d-47e6-86d6-d52ab3f38b6e{ip: 192.168.157.246, host: pr-hdds-2016-n7825-135103490, networkLocation: /default-rack, certSerialId: null}, Type:RATIS, Factor:THREE, State:CLOSED]
2019-09-17 07:48:40,217 [EventQueue-StaleNodeForStaleNodeHandler] INFO  pipeline.SCMPipelineManager (SCMPipelineManager.java:finalizeAndDestroyPipeline(311)) - destroying pipeline:Pipeline[ Id: 4a41642c-68fb-46cb-b820-694713b1c0a7, Nodes: f104376c-2ece-4e9a-9f13-ae7b76b93604{ip: 192.168.157.246, host: pr-hdds-2016-n7825-135103490, networkLocation: /default-rack, certSerialId: null}, Type:RATIS, Factor:ONE, State:OPEN]
2019-09-17 07:48:40,217 [EventQueue-StaleNodeForStaleNodeHandler] INFO  pipeline.PipelineStateManager (PipelineStateManager.java:finalizePipeline(123)) - Pipeline Pipeline[ Id: 4a41642c-68fb-46cb-b820-694713b1c0a7, Nodes: f104376c-2ece-4e9a-9f13-ae7b76b93604{ip: 192.168.157.246, host: pr-hdds-2016-n7825-135103490, networkLocation: /default-rack, certSerialId: null}, Type:RATIS, Factor:ONE, State:CLOSED] moved to CLOSED state
2019-09-17 07:48:40,217 [EventQueue-StaleNodeForStaleNodeHandler] INFO  node.StaleNodeHandler (StaleNodeHandler.java:onMessage(58)) - Datanode ca285669-a50d-47e6-86d6-d52ab3f38b6e{ip: 192.168.157.246, host: pr-hdds-2016-n7825-135103490, networkLocation: /default-rack, certSerialId: null} moved to stale state. Finalizing its pipelines [PipelineID=c3cd0c11-d8ab-454e-a177-587f65a3d720, PipelineID=53395663-fdc8-4847-9e0e-e6ad349b5be1]
2019-09-17 07:48:40,217 [EventQueue-StaleNodeForStaleNodeHandler] INFO  pipeline.SCMPipelineManager (SCMPipelineManager.java:finalizeAndDestroyPipeline(311)) - destroying pipeline:Pipeline[ Id: c3cd0c11-d8ab-454e-a177-587f65a3d720, Nodes: 35face44-d3a8-4fcd-be66-7dd33cc65450{ip: 192.168.157.246, host: pr-hdds-2016-n7825-135103490, networkLocation: /default-rack, certSerialId: null}f104376c-2ece-4e9a-9f13-ae7b76b93604{ip: 192.168.157.246, host: pr-hdds-2016-n7825-135103490, networkLocation: /default-rack, certSerialId: null}ca285669-a50d-47e6-86d6-d52ab3f38b6e{ip: 192.168.157.246, host: pr-hdds-2016-n7825-135103490, networkLocation: /default-rack, certSerialId: null}, Type:RATIS, Factor:THREE, State:CLOSED]
2019-09-17 07:48:40,218 [EventQueue-StaleNodeForStaleNodeHandler] INFO  pipeline.SCMPipelineManager (SCMPipelineManager.java:finalizeAndDestroyPipeline(311)) - destroying pipeline:Pipeline[ Id: 53395663-fdc8-4847-9e0e-e6ad349b5be1, Nodes: ca285669-a50d-47e6-86d6-d52ab3f38b6e{ip: 192.168.157.246, host: pr-hdds-2016-n7825-135103490, networkLocation: /default-rack, certSerialId: null}, Type:RATIS, Factor:ONE, State:OPEN]
2019-09-17 07:48:40,218 [EventQueue-StaleNodeForStaleNodeHandler] INFO  pipeline.PipelineStateManager (PipelineStateManager.java:finalizePipeline(123)) - Pipeline Pipeline[ Id: 53395663-fdc8-4847-9e0e-e6ad349b5be1, Nodes: ca285669-a50d-47e6-86d6-d52ab3f38b6e{ip: 192.168.157.246, host: pr-hdds-2016-n7825-135103490, networkLocation: /default-rack, certSerialId: null}, Type:RATIS, Factor:ONE, State:CLOSED] moved to CLOSED state
2019-09-17 07:48:40,219 [EventQueue-StaleNodeForStaleNodeHandler] INFO  node.StaleNodeHandler (StaleNodeHandler.java:onMessage(58)) - Datanode f2633ce3-784c-4b2a-9575-61c95615b640{ip: 192.168.157.246, host: pr-hdds-2016-n7825-135103490, networkLocation: /default-rack, certSerialId: null} moved to stale state. Finalizing its pipelines [PipelineID=562cd31d-7304-4c38-9afa-99a738f53525]
2019-09-17 07:48:40,219 [EventQueue-StaleNodeForStaleNodeHandler] INFO  pipeline.SCMPipelineManager (SCMPipelineManager.java:finalizeAndDestroyPipeline(311)) - destroying pipeline:Pipeline[ Id: 562cd31d-7304-4c38-9afa-99a738f53525, Nodes: f2633ce3-784c-4b2a-9575-61c95615b640{ip: 192.168.157.246, host: pr-hdds-2016-n7825-135103490, networkLocation: /default-rack, certSerialId: null}, Type:RATIS, Factor:ONE, State:OPEN]
2019-09-17 07:48:40,219 [EventQueue-StaleNodeForStaleNodeHandler] INFO  pipeline.PipelineStateManager (PipelineStateManager.java:finalizePipeline(123)) - Pipeline Pipeline[ Id: 562cd31d-7304-4c38-9afa-99a738f53525, Nodes: f2633ce3-784c-4b2a-9575-61c95615b640{ip: 192.168.157.246, host: pr-hdds-2016-n7825-135103490, networkLocation: /default-rack, certSerialId: null}, Type:RATIS, Factor:ONE, State:CLOSED] moved to CLOSED state
2019-09-17 07:48:40,282 [main] INFO  impl.MetricsSystemImpl (MetricsSystemImpl.java:init(158)) - XceiverClientMetrics metrics system started (again)
2019-09-17 07:48:40,322 [grpc-default-executor-1] INFO  impl.RaftServerProxy (RaftServerProxy.java:addNew(89)) - 35face44-d3a8-4fcd-be66-7dd33cc65450: addNew group-B974CDEDF92C:[35face44-d3a8-4fcd-be66-7dd33cc65450:192.168.157.246:37837] returns group-B974CDEDF92C:java.util.concurrent.CompletableFuture@59f5826d[Not completed]
2019-09-17 07:48:40,324 [pool-47-thread-1] INFO  impl.RaftServerImpl (RaftServerImpl.java:<init>(95)) - 35face44-d3a8-4fcd-be66-7dd33cc65450: new RaftServerImpl for group-B974CDEDF92C:[35face44-d3a8-4fcd-be66-7dd33cc65450:192.168.157.246:37837] with ContainerStateMachine:uninitialized
2019-09-17 07:48:40,325 [pool-47-thread-1] INFO  server.RaftServerConfigKeys (ConfUtils.java:logGet(43)) - raft.server.rpc.timeout.min = 5s (custom)
2019-09-17 07:48:40,325 [pool-47-thread-1] INFO  server.RaftServerConfigKeys (ConfUtils.java:logGet(43)) - raft.server.rpc.timeout.max = 5200ms (custom)
2019-09-17 07:48:40,325 [pool-47-thread-1] INFO  server.RaftServerConfigKeys (ConfUtils.java:logGet(43)) - raft.server.rpcslowness.timeout = 1000s (custom)
2019-09-17 07:48:40,325 [pool-47-thread-1] INFO  server.RaftServerConfigKeys (ConfUtils.java:logGet(43)) - raft.server.sleep.deviation.threshold = 300 (default)
2019-09-17 07:48:40,325 [pool-47-thread-1] INFO  server.RaftServerConfigKeys (ConfUtils.java:logGet(43)) - raft.server.log.appender.install.snapshot.enabled = false (custom)
2019-09-17 07:48:40,325 [pool-47-thread-1] INFO  impl.RaftServerImpl (ServerState.java:<init>(103)) - 35face44-d3a8-4fcd-be66-7dd33cc65450@group-B974CDEDF92C: ConfigurationManager, init=-1: [35face44-d3a8-4fcd-be66-7dd33cc65450:192.168.157.246:37837], old=null, confs=<EMPTY_MAP>
2019-09-17 07:48:40,326 [pool-47-thread-1] INFO  server.RaftServerConfigKeys (ConfUtils.java:logGet(43)) - raft.server.storage.dir = [/workdir/hadoop-ozone/integration-test/target/test-dir/MiniOzoneClusterImpl-fa8c8cf8-ca3f-4ece-8fa8-d4681a0085a7/datanode-2/data/ratis] (custom)
2019-09-17 07:48:40,326 [pool-47-thread-1] INFO  storage.RaftStorageDirectory (RaftStorageDirectory.java:analyzeStorage(246)) - The storage directory /workdir/hadoop-ozone/integration-test/target/test-dir/MiniOzoneClusterImpl-fa8c8cf8-ca3f-4ece-8fa8-d4681a0085a7/datanode-2/data/ratis/0f5d76a5-32a5-4922-802a-b974cdedf92c does not exist. Creating ...
2019-09-17 07:48:40,339 [pool-47-thread-1] INFO  storage.RaftStorageDirectory (RaftStorageDirectory.java:tryLock(328)) - Lock on /workdir/hadoop-ozone/integration-test/target/test-dir/MiniOzoneClusterImpl-fa8c8cf8-ca3f-4ece-8fa8-d4681a0085a7/datanode-2/data/ratis/0f5d76a5-32a5-4922-802a-b974cdedf92c/in_use.lock acquired by nodename 23548@pr-hdds-2016-n7825-135103490
2019-09-17 07:48:40,353 [pool-47-thread-1] INFO  storage.RaftStorage (RaftStorage.java:format(72)) - Storage directory /workdir/hadoop-ozone/integration-test/target/test-dir/MiniOzoneClusterImpl-fa8c8cf8-ca3f-4ece-8fa8-d4681a0085a7/datanode-2/data/ratis/0f5d76a5-32a5-4922-802a-b974cdedf92c has been successfully formatted.
2019-09-17 07:48:40,353 [pool-47-thread-1] INFO  ratis.ContainerStateMachine (ContainerStateMachine.java:loadSnapshot(230)) - group-B974CDEDF92C: The snapshot info is null. Setting the last applied indexto:(t:0, i:~)
2019-09-17 07:48:40,353 [pool-47-thread-1] INFO  server.RaftServerConfigKeys (ConfUtils.java:logGet(43)) - raft.server.notification.no-leader.timeout = 1000s (custom)
2019-09-17 07:48:40,354 [pool-47-thread-1] INFO  server.RaftServerConfigKeys (ConfUtils.java:logGet(43)) - raft.server.log.use.memory = false (default)
2019-09-17 07:48:40,354 [pool-47-thread-1] INFO  server.RaftServerConfigKeys (ConfUtils.java:logGet(43)) - raft.server.log.purge.gap = 1000000 (custom)
2019-09-17 07:48:40,354 [pool-47-thread-1] INFO  server.RaftServerConfigKeys (ConfUtils.java:logGet(43)) - raft.server.log.appender.buffer.byte-limit = 33554432 (custom)
2019-09-17 07:48:40,354 [pool-47-thread-1] INFO  server.RaftServerConfigKeys (ConfUtils.java:logGet(43)) - raft.server.log.segment.size.max = 1048576 (custom)
2019-09-17 07:48:40,354 [pool-47-thread-1] INFO  server.RaftServerConfigKeys (ConfUtils.java:logGet(43)) - raft.server.log.segment.cache.num.max = 2 (custom)
2019-09-17 07:48:40,354 [pool-47-thread-1] INFO  segmented.SegmentedRaftLogWorker (SegmentedRaftLogWorker.java:<init>(172)) - new 35face44-d3a8-4fcd-be66-7dd33cc65450@group-B974CDEDF92C-SegmentedRaftLogWorker for RaftStorage:Storage Directory /workdir/hadoop-ozone/integration-test/target/test-dir/MiniOzoneClusterImpl-fa8c8cf8-ca3f-4ece-8fa8-d4681a0085a7/datanode-2/data/ratis/0f5d76a5-32a5-4922-802a-b974cdedf92c
2019-09-17 07:48:40,354 [pool-47-thread-1] INFO  server.RaftServerConfigKeys (ConfUtils.java:logGet(43)) - raft.server.log.queue.byte-limit = 2147483647 (custom)
2019-09-17 07:48:40,355 [pool-47-thread-1] INFO  server.RaftServerConfigKeys (ConfUtils.java:logGet(43)) - raft.server.log.queue.element-limit = 1024 (custom)
2019-09-17 07:48:40,355 [pool-47-thread-1] INFO  server.RaftServerConfigKeys (ConfUtils.java:logGet(43)) - raft.server.log.segment.size.max = 1048576 (custom)
2019-09-17 07:48:40,355 [pool-47-thread-1] INFO  server.RaftServerConfigKeys (ConfUtils.java:logGet(43)) - raft.server.log.preallocated.size = 16384 (custom)
2019-09-17 07:48:40,355 [pool-47-thread-1] INFO  server.RaftServerConfigKeys (ConfUtils.java:logGet(43)) - raft.server.log.write.buffer.size = 33554432 (custom)
2019-09-17 07:48:40,355 [pool-47-thread-1] INFO  server.RaftServerConfigKeys (ConfUtils.java:logGet(43)) - raft.server.log.force.sync.num = 128 (default)
2019-09-17 07:48:40,355 [pool-47-thread-1] INFO  server.RaftServerConfigKeys (ConfUtils.java:logGet(43)) - raft.server.log.statemachine.data.sync = true (default)
2019-09-17 07:48:40,355 [pool-47-thread-1] INFO  server.RaftServerConfigKeys (ConfUtils.java:logGet(43)) - raft.server.log.statemachine.data.sync.timeout = 10s (default)
2019-09-17 07:48:40,355 [pool-47-thread-1] INFO  server.RaftServerConfigKeys (ConfUtils.java:logGet(43)) - raft.server.log.statemachine.data.sync.timeout.retry = -1 (default)
2019-09-17 07:48:40,356 [pool-47-thread-1] INFO  server.RaftServerConfigKeys (ConfUtils.java:logGet(43)) - raft.server.log.statemachine.data.caching.enabled = true (custom)
2019-09-17 07:48:40,356 [pool-47-thread-1] INFO  segmented.SegmentedRaftLogWorker (SegmentedRaftLogWorker.java:lambda$new$0(132)) - 35face44-d3a8-4fcd-be66-7dd33cc65450@group-B974CDEDF92C-SegmentedRaftLogWorker: flushIndex: setUnconditionally 0 -> -1
2019-09-17 07:48:40,358 [pool-47-thread-1] INFO  server.RaftServerConfigKeys (ConfUtils.java:logGet(43)) - raft.server.snapshot.auto.trigger.enabled = true (custom)
2019-09-17 07:48:40,358 [pool-47-thread-1] INFO  server.RaftServerConfigKeys (ConfUtils.java:logGet(43)) - raft.server.snapshot.auto.trigger.threshold = 10000 (custom)
2019-09-17 07:48:40,358 [pool-47-thread-1] INFO  server.RaftServerConfigKeys (ConfUtils.java:logGet(43)) - raft.server.snapshot.retention.num.files = 5 (custom)
2019-09-17 07:48:40,359 [pool-47-thread-1] INFO  server.RaftServerConfigKeys (ConfUtils.java:logGet(43)) - raft.server.retrycache.expirytime = 600000ms (custom)
2019-09-17 07:48:40,366 [pool-47-thread-1] INFO  impl.RaftServerImpl (RaftServerImpl.java:start(185)) - 35face44-d3a8-4fcd-be66-7dd33cc65450@group-B974CDEDF92C: start as a follower, conf=-1: [35face44-d3a8-4fcd-be66-7dd33cc65450:192.168.157.246:37837], old=null
2019-09-17 07:48:40,366 [pool-47-thread-1] INFO  impl.RaftServerImpl (RaftServerImpl.java:setRole(174)) - 35face44-d3a8-4fcd-be66-7dd33cc65450@group-B974CDEDF92C: changes role from      null to FOLLOWER at term 0 for startAsFollower
2019-09-17 07:48:40,366 [pool-47-thread-1] INFO  impl.RoleInfo (RoleInfo.java:updateAndGet(143)) - 35face44-d3a8-4fcd-be66-7dd33cc65450: start FollowerState
2019-09-17 07:48:40,366 [pool-47-thread-1] INFO  util.JmxRegister (JmxRegister.java:tryRegister(44)) - Successfully registered JMX Bean with object name Ratis:service=RaftServer,group=group-B974CDEDF92C,id=35face44-d3a8-4fcd-be66-7dd33cc65450
2019-09-17 07:48:40,374 [RatisPipelineUtilsThread] INFO  pipeline.PipelineStateManager (PipelineStateManager.java:addPipeline(56)) - Created pipeline Pipeline[ Id: 0f5d76a5-32a5-4922-802a-b974cdedf92c, Nodes: 35face44-d3a8-4fcd-be66-7dd33cc65450{ip: 192.168.157.246, host: pr-hdds-2016-n7825-135103490, networkLocation: /default-rack, certSerialId: null}, Type:RATIS, Factor:ONE, State:OPEN]
2019-09-17 07:48:40,388 [grpc-default-executor-1] INFO  impl.RaftServerProxy (RaftServerProxy.java:addNew(89)) - f104376c-2ece-4e9a-9f13-ae7b76b93604: addNew group-89FA82B3EFC6:[f104376c-2ece-4e9a-9f13-ae7b76b93604:192.168.157.246:35943] returns group-89FA82B3EFC6:java.util.concurrent.CompletableFuture@68efed22[Not completed]
2019-09-17 07:48:40,390 [pool-27-thread-1] INFO  impl.RaftServerImpl (RaftServerImpl.java:<init>(95)) - f104376c-2ece-4e9a-9f13-ae7b76b93604: new RaftServerImpl for group-89FA82B3EFC6:[f104376c-2ece-4e9a-9f13-ae7b76b93604:192.168.157.246:35943] with ContainerStateMachine:uninitialized
2019-09-17 07:48:40,391 [pool-27-thread-1] INFO  server.RaftServerConfigKeys (ConfUtils.java:logGet(43)) - raft.server.rpc.timeout.min = 5s (custom)
2019-09-17 07:48:40,391 [pool-27-thread-1] INFO  server.RaftServerConfigKeys (ConfUtils.java:logGet(43)) - raft.server.rpc.timeout.max = 5200ms (custom)
2019-09-17 07:48:40,391 [pool-27-thread-1] INFO  server.RaftServerConfigKeys (ConfUtils.java:logGet(43)) - raft.server.rpcslowness.timeout = 1000s (custom)
2019-09-17 07:48:40,391 [pool-27-thread-1] INFO  server.RaftServerConfigKeys (ConfUtils.java:logGet(43)) - raft.server.sleep.deviation.threshold = 300 (default)
2019-09-17 07:48:40,391 [pool-27-thread-1] INFO  server.RaftServerConfigKeys (ConfUtils.java:logGet(43)) - raft.server.log.appender.install.snapshot.enabled = false (custom)
2019-09-17 07:48:40,391 [pool-27-thread-1] INFO  impl.RaftServerImpl (ServerState.java:<init>(103)) - f104376c-2ece-4e9a-9f13-ae7b76b93604@group-89FA82B3EFC6: ConfigurationManager, init=-1: [f104376c-2ece-4e9a-9f13-ae7b76b93604:192.168.157.246:35943], old=null, confs=<EMPTY_MAP>
2019-09-17 07:48:40,392 [pool-27-thread-1] INFO  server.RaftServerConfigKeys (ConfUtils.java:logGet(43)) - raft.server.storage.dir = [/workdir/hadoop-ozone/integration-test/target/test-dir/MiniOzoneClusterImpl-fa8c8cf8-ca3f-4ece-8fa8-d4681a0085a7/datanode-0/data/ratis] (custom)
2019-09-17 07:48:40,393 [pool-27-thread-1] INFO  storage.RaftStorageDirectory (RaftStorageDirectory.java:analyzeStorage(246)) - The storage directory /workdir/hadoop-ozone/integration-test/target/test-dir/MiniOzoneClusterImpl-fa8c8cf8-ca3f-4ece-8fa8-d4681a0085a7/datanode-0/data/ratis/35aecee4-da03-48ee-9b9c-89fa82b3efc6 does not exist. Creating ...
2019-09-17 07:48:40,395 [grpc-default-executor-1] INFO  client.GrpcClientProtocolClient (GrpcClientProtocolClient.java:onNext(264)) - client-BD8C362A68F0->35face44-d3a8-4fcd-be66-7dd33cc65450: receive RaftClientReply:client-BD8C362A68F0->35face44-d3a8-4fcd-be66-7dd33cc65450@group-587F65A3D720, cid=8, FAILED org.apache.ratis.protocol.NotLeaderException: Server 35face44-d3a8-4fcd-be66-7dd33cc65450@group-587F65A3D720 is not the leader, logIndex=0, commits[35face44-d3a8-4fcd-be66-7dd33cc65450:c-1]
2019-09-17 07:48:40,408 [pool-27-thread-1] INFO  storage.RaftStorageDirectory (RaftStorageDirectory.java:tryLock(328)) - Lock on /workdir/hadoop-ozone/integration-test/target/test-dir/MiniOzoneClusterImpl-fa8c8cf8-ca3f-4ece-8fa8-d4681a0085a7/datanode-0/data/ratis/35aecee4-da03-48ee-9b9c-89fa82b3efc6/in_use.lock acquired by nodename 23548@pr-hdds-2016-n7825-135103490
2019-09-17 07:48:40,425 [pool-27-thread-1] INFO  storage.RaftStorage (RaftStorage.java:format(72)) - Storage directory /workdir/hadoop-ozone/integration-test/target/test-dir/MiniOzoneClusterImpl-fa8c8cf8-ca3f-4ece-8fa8-d4681a0085a7/datanode-0/data/ratis/35aecee4-da03-48ee-9b9c-89fa82b3efc6 has been successfully formatted.
2019-09-17 07:48:40,426 [pool-27-thread-1] INFO  ratis.ContainerStateMachine (ContainerStateMachine.java:loadSnapshot(230)) - group-89FA82B3EFC6: The snapshot info is null. Setting the last applied indexto:(t:0, i:~)
2019-09-17 07:48:40,426 [pool-27-thread-1] INFO  server.RaftServerConfigKeys (ConfUtils.java:logGet(43)) - raft.server.notification.no-leader.timeout = 1000s (custom)
2019-09-17 07:48:40,426 [pool-27-thread-1] INFO  server.RaftServerConfigKeys (ConfUtils.java:logGet(43)) - raft.server.log.use.memory = false (default)
2019-09-17 07:48:40,426 [pool-27-thread-1] INFO  server.RaftServerConfigKeys (ConfUtils.java:logGet(43)) - raft.server.log.purge.gap = 1000000 (custom)
2019-09-17 07:48:40,427 [pool-27-thread-1] INFO  server.RaftServerConfigKeys (ConfUtils.java:logGet(43)) - raft.server.log.appender.buffer.byte-limit = 33554432 (custom)
2019-09-17 07:48:40,427 [pool-27-thread-1] INFO  server.RaftServerConfigKeys (ConfUtils.java:logGet(43)) - raft.server.log.segment.size.max = 1048576 (custom)
2019-09-17 07:48:40,427 [pool-27-thread-1] INFO  server.RaftServerConfigKeys (ConfUtils.java:logGet(43)) - raft.server.log.segment.cache.num.max = 2 (custom)
2019-09-17 07:48:40,427 [pool-27-thread-1] INFO  segmented.SegmentedRaftLogWorker (SegmentedRaftLogWorker.java:<init>(172)) - new f104376c-2ece-4e9a-9f13-ae7b76b93604@group-89FA82B3EFC6-SegmentedRaftLogWorker for RaftStorage:Storage Directory /workdir/hadoop-ozone/integration-test/target/test-dir/MiniOzoneClusterImpl-fa8c8cf8-ca3f-4ece-8fa8-d4681a0085a7/datanode-0/data/ratis/35aecee4-da03-48ee-9b9c-89fa82b3efc6
2019-09-17 07:48:40,427 [pool-27-thread-1] INFO  server.RaftServerConfigKeys (ConfUtils.java:logGet(43)) - raft.server.log.queue.byte-limit = 2147483647 (custom)
2019-09-17 07:48:40,428 [pool-27-thread-1] INFO  server.RaftServerConfigKeys (ConfUtils.java:logGet(43)) - raft.server.log.queue.element-limit = 1024 (custom)
2019-09-17 07:48:40,428 [pool-27-thread-1] INFO  server.RaftServerConfigKeys (ConfUtils.java:logGet(43)) - raft.server.log.segment.size.max = 1048576 (custom)
2019-09-17 07:48:40,428 [pool-27-thread-1] INFO  server.RaftServerConfigKeys (ConfUtils.java:logGet(43)) - raft.server.log.preallocated.size = 16384 (custom)
2019-09-17 07:48:40,428 [pool-27-thread-1] INFO  server.RaftServerConfigKeys (ConfUtils.java:logGet(43)) - raft.server.log.write.buffer.size = 33554432 (custom)
2019-09-17 07:48:40,428 [pool-27-thread-1] INFO  server.RaftServerConfigKeys (ConfUtils.java:logGet(43)) - raft.server.log.force.sync.num = 128 (default)
2019-09-17 07:48:40,428 [pool-27-thread-1] INFO  server.RaftServerConfigKeys (ConfUtils.java:logGet(43)) - raft.server.log.statemachine.data.sync = true (default)
2019-09-17 07:48:40,429 [pool-27-thread-1] INFO  server.RaftServerConfigKeys (ConfUtils.java:logGet(43)) - raft.server.log.statemachine.data.sync.timeout = 10s (default)
2019-09-17 07:48:40,429 [pool-27-thread-1] INFO  server.RaftServerConfigKeys (ConfUtils.java:logGet(43)) - raft.server.log.statemachine.data.sync.timeout.retry = -1 (default)
2019-09-17 07:48:40,429 [pool-27-thread-1] INFO  server.RaftServerConfigKeys (ConfUtils.java:logGet(43)) - raft.server.log.statemachine.data.caching.enabled = true (custom)
2019-09-17 07:48:40,429 [pool-27-thread-1] INFO  segmented.SegmentedRaftLogWorker (SegmentedRaftLogWorker.java:lambda$new$0(132)) - f104376c-2ece-4e9a-9f13-ae7b76b93604@group-89FA82B3EFC6-SegmentedRaftLogWorker: flushIndex: setUnconditionally 0 -> -1
2019-09-17 07:48:40,430 [pool-27-thread-1] INFO  server.RaftServerConfigKeys (ConfUtils.java:logGet(43)) - raft.server.snapshot.auto.trigger.enabled = true (custom)
2019-09-17 07:48:40,430 [pool-27-thread-1] INFO  server.RaftServerConfigKeys (ConfUtils.java:logGet(43)) - raft.server.snapshot.auto.trigger.threshold = 10000 (custom)
2019-09-17 07:48:40,430 [pool-27-thread-1] INFO  server.RaftServerConfigKeys (ConfUtils.java:logGet(43)) - raft.server.snapshot.retention.num.files = 5 (custom)
2019-09-17 07:48:40,430 [pool-27-thread-1] INFO  server.RaftServerConfigKeys (ConfUtils.java:logGet(43)) - raft.server.retrycache.expirytime = 600000ms (custom)
2019-09-17 07:48:40,434 [pool-27-thread-1] INFO  impl.RaftServerImpl (RaftServerImpl.java:start(185)) - f104376c-2ece-4e9a-9f13-ae7b76b93604@group-89FA82B3EFC6: start as a follower, conf=-1: [f104376c-2ece-4e9a-9f13-ae7b76b93604:192.168.157.246:35943], old=null
2019-09-17 07:48:40,434 [pool-27-thread-1] INFO  impl.RaftServerImpl (RaftServerImpl.java:setRole(174)) - f104376c-2ece-4e9a-9f13-ae7b76b93604@group-89FA82B3EFC6: changes role from      null to FOLLOWER at term 0 for startAsFollower
2019-09-17 07:48:40,434 [pool-27-thread-1] INFO  impl.RoleInfo (RoleInfo.java:updateAndGet(143)) - f104376c-2ece-4e9a-9f13-ae7b76b93604: start FollowerState
2019-09-17 07:48:40,435 [pool-27-thread-1] INFO  util.JmxRegister (JmxRegister.java:tryRegister(44)) - Successfully registered JMX Bean with object name Ratis:service=RaftServer,group=group-89FA82B3EFC6,id=f104376c-2ece-4e9a-9f13-ae7b76b93604
2019-09-17 07:48:40,444 [RatisPipelineUtilsThread] INFO  pipeline.PipelineStateManager (PipelineStateManager.java:addPipeline(56)) - Created pipeline Pipeline[ Id: 35aecee4-da03-48ee-9b9c-89fa82b3efc6, Nodes: f104376c-2ece-4e9a-9f13-ae7b76b93604{ip: 192.168.157.246, host: pr-hdds-2016-n7825-135103490, networkLocation: /default-rack, certSerialId: null}, Type:RATIS, Factor:ONE, State:OPEN]
2019-09-17 07:48:40,457 [grpc-default-executor-2] INFO  impl.RaftServerProxy (RaftServerProxy.java:addNew(89)) - ca285669-a50d-47e6-86d6-d52ab3f38b6e: addNew group-C989DF014A2B:[ca285669-a50d-47e6-86d6-d52ab3f38b6e:192.168.157.246:33597] returns group-C989DF014A2B:java.util.concurrent.CompletableFuture@1b04a192[Not completed]
2019-09-17 07:48:40,459 [pool-37-thread-1] INFO  impl.RaftServerImpl (RaftServerImpl.java:<init>(95)) - ca285669-a50d-47e6-86d6-d52ab3f38b6e: new RaftServerImpl for group-C989DF014A2B:[ca285669-a50d-47e6-86d6-d52ab3f38b6e:192.168.157.246:33597] with ContainerStateMachine:uninitialized
2019-09-17 07:48:40,459 [pool-37-thread-1] INFO  server.RaftServerConfigKeys (ConfUtils.java:logGet(43)) - raft.server.rpc.timeout.min = 5s (custom)
2019-09-17 07:48:40,459 [pool-37-thread-1] INFO  server.RaftServerConfigKeys (ConfUtils.java:logGet(43)) - raft.server.rpc.timeout.max = 5200ms (custom)
2019-09-17 07:48:40,460 [pool-37-thread-1] INFO  server.RaftServerConfigKeys (ConfUtils.java:logGet(43)) - raft.server.rpcslowness.timeout = 1000s (custom)
2019-09-17 07:48:40,460 [pool-37-thread-1] INFO  server.RaftServerConfigKeys (ConfUtils.java:logGet(43)) - raft.server.sleep.deviation.threshold = 300 (default)
2019-09-17 07:48:40,460 [pool-37-thread-1] INFO  server.RaftServerConfigKeys (ConfUtils.java:logGet(43)) - raft.server.log.appender.install.snapshot.enabled = false (custom)
2019-09-17 07:48:40,460 [pool-37-thread-1] INFO  impl.RaftServerImpl (ServerState.java:<init>(103)) - ca285669-a50d-47e6-86d6-d52ab3f38b6e@group-C989DF014A2B: ConfigurationManager, init=-1: [ca285669-a50d-47e6-86d6-d52ab3f38b6e:192.168.157.246:33597], old=null, confs=<EMPTY_MAP>
2019-09-17 07:48:40,460 [pool-37-thread-1] INFO  server.RaftServerConfigKeys (ConfUtils.java:logGet(43)) - raft.server.storage.dir = [/workdir/hadoop-ozone/integration-test/target/test-dir/MiniOzoneClusterImpl-fa8c8cf8-ca3f-4ece-8fa8-d4681a0085a7/datanode-1/data/ratis] (custom)
2019-09-17 07:48:40,461 [pool-37-thread-1] INFO  storage.RaftStorageDirectory (RaftStorageDirectory.java:analyzeStorage(246)) - The storage directory /workdir/hadoop-ozone/integration-test/target/test-dir/MiniOzoneClusterImpl-fa8c8cf8-ca3f-4ece-8fa8-d4681a0085a7/datanode-1/data/ratis/58b25910-17c2-4045-9d53-c989df014a2b does not exist. Creating ...
2019-09-17 07:48:40,474 [pool-37-thread-1] INFO  storage.RaftStorageDirectory (RaftStorageDirectory.java:tryLock(328)) - Lock on /workdir/hadoop-ozone/integration-test/target/test-dir/MiniOzoneClusterImpl-fa8c8cf8-ca3f-4ece-8fa8-d4681a0085a7/datanode-1/data/ratis/58b25910-17c2-4045-9d53-c989df014a2b/in_use.lock acquired by nodename 23548@pr-hdds-2016-n7825-135103490
2019-09-17 07:48:40,487 [pool-37-thread-1] INFO  storage.RaftStorage (RaftStorage.java:format(72)) - Storage directory /workdir/hadoop-ozone/integration-test/target/test-dir/MiniOzoneClusterImpl-fa8c8cf8-ca3f-4ece-8fa8-d4681a0085a7/datanode-1/data/ratis/58b25910-17c2-4045-9d53-c989df014a2b has been successfully formatted.
2019-09-17 07:48:40,488 [pool-37-thread-1] INFO  ratis.ContainerStateMachine (ContainerStateMachine.java:loadSnapshot(230)) - group-C989DF014A2B: The snapshot info is null. Setting the last applied indexto:(t:0, i:~)
2019-09-17 07:48:40,488 [pool-37-thread-1] INFO  server.RaftServerConfigKeys (ConfUtils.java:logGet(43)) - raft.server.notification.no-leader.timeout = 1000s (custom)
2019-09-17 07:48:40,488 [pool-37-thread-1] INFO  server.RaftServerConfigKeys (ConfUtils.java:logGet(43)) - raft.server.log.use.memory = false (default)
2019-09-17 07:48:40,488 [pool-37-thread-1] INFO  server.RaftServerConfigKeys (ConfUtils.java:logGet(43)) - raft.server.log.purge.gap = 1000000 (custom)
2019-09-17 07:48:40,489 [pool-37-thread-1] INFO  server.RaftServerConfigKeys (ConfUtils.java:logGet(43)) - raft.server.log.appender.buffer.byte-limit = 33554432 (custom)
2019-09-17 07:48:40,489 [pool-37-thread-1] INFO  server.RaftServerConfigKeys (ConfUtils.java:logGet(43)) - raft.server.log.segment.size.max = 1048576 (custom)
2019-09-17 07:48:40,489 [pool-37-thread-1] INFO  server.RaftServerConfigKeys (ConfUtils.java:logGet(43)) - raft.server.log.segment.cache.num.max = 2 (custom)
2019-09-17 07:48:40,489 [pool-37-thread-1] INFO  segmented.SegmentedRaftLogWorker (SegmentedRaftLogWorker.java:<init>(172)) - new ca285669-a50d-47e6-86d6-d52ab3f38b6e@group-C989DF014A2B-SegmentedRaftLogWorker for RaftStorage:Storage Directory /workdir/hadoop-ozone/integration-test/target/test-dir/MiniOzoneClusterImpl-fa8c8cf8-ca3f-4ece-8fa8-d4681a0085a7/datanode-1/data/ratis/58b25910-17c2-4045-9d53-c989df014a2b
2019-09-17 07:48:40,489 [pool-37-thread-1] INFO  server.RaftServerConfigKeys (ConfUtils.java:logGet(43)) - raft.server.log.queue.byte-limit = 2147483647 (custom)
2019-09-17 07:48:40,490 [pool-37-thread-1] INFO  server.RaftServerConfigKeys (ConfUtils.java:logGet(43)) - raft.server.log.queue.element-limit = 1024 (custom)
2019-09-17 07:48:40,490 [pool-37-thread-1] INFO  server.RaftServerConfigKeys (ConfUtils.java:logGet(43)) - raft.server.log.segment.size.max = 1048576 (custom)
2019-09-17 07:48:40,490 [pool-37-thread-1] INFO  server.RaftServerConfigKeys (ConfUtils.java:logGet(43)) - raft.server.log.preallocated.size = 16384 (custom)
2019-09-17 07:48:40,490 [pool-37-thread-1] INFO  server.RaftServerConfigKeys (ConfUtils.java:logGet(43)) - raft.server.log.write.buffer.size = 33554432 (custom)
2019-09-17 07:48:40,490 [pool-37-thread-1] INFO  server.RaftServerConfigKeys (ConfUtils.java:logGet(43)) - raft.server.log.force.sync.num = 128 (default)
2019-09-17 07:48:40,490 [pool-37-thread-1] INFO  server.RaftServerConfigKeys (ConfUtils.java:logGet(43)) - raft.server.log.statemachine.data.sync = true (default)
2019-09-17 07:48:40,491 [pool-37-thread-1] INFO  server.RaftServerConfigKeys (ConfUtils.java:logGet(43)) - raft.server.log.statemachine.data.sync.timeout = 10s (default)
2019-09-17 07:48:40,491 [pool-37-thread-1] INFO  server.RaftServerConfigKeys (ConfUtils.java:logGet(43)) - raft.server.log.statemachine.data.sync.timeout.retry = -1 (default)
2019-09-17 07:48:40,491 [pool-37-thread-1] INFO  server.RaftServerConfigKeys (ConfUtils.java:logGet(43)) - raft.server.log.statemachine.data.caching.enabled = true (custom)
2019-09-17 07:48:40,491 [pool-37-thread-1] INFO  segmented.SegmentedRaftLogWorker (SegmentedRaftLogWorker.java:lambda$new$0(132)) - ca285669-a50d-47e6-86d6-d52ab3f38b6e@group-C989DF014A2B-SegmentedRaftLogWorker: flushIndex: setUnconditionally 0 -> -1
2019-09-17 07:48:40,492 [pool-37-thread-1] INFO  server.RaftServerConfigKeys (ConfUtils.java:logGet(43)) - raft.server.snapshot.auto.trigger.enabled = true (custom)
2019-09-17 07:48:40,492 [pool-37-thread-1] INFO  server.RaftServerConfigKeys (ConfUtils.java:logGet(43)) - raft.server.snapshot.auto.trigger.threshold = 10000 (custom)
2019-09-17 07:48:40,492 [pool-37-thread-1] INFO  server.RaftServerConfigKeys (ConfUtils.java:logGet(43)) - raft.server.snapshot.retention.num.files = 5 (custom)
2019-09-17 07:48:40,492 [pool-37-thread-1] INFO  server.RaftServerConfigKeys (ConfUtils.java:logGet(43)) - raft.server.retrycache.expirytime = 600000ms (custom)
2019-09-17 07:48:40,495 [pool-37-thread-1] INFO  impl.RaftServerImpl (RaftServerImpl.java:start(185)) - ca285669-a50d-47e6-86d6-d52ab3f38b6e@group-C989DF014A2B: start as a follower, conf=-1: [ca285669-a50d-47e6-86d6-d52ab3f38b6e:192.168.157.246:33597], old=null
2019-09-17 07:48:40,495 [pool-37-thread-1] INFO  impl.RaftServerImpl (RaftServerImpl.java:setRole(174)) - ca285669-a50d-47e6-86d6-d52ab3f38b6e@group-C989DF014A2B: changes role from      null to FOLLOWER at term 0 for startAsFollower
2019-09-17 07:48:40,496 [pool-37-thread-1] INFO  impl.RoleInfo (RoleInfo.java:updateAndGet(143)) - ca285669-a50d-47e6-86d6-d52ab3f38b6e: start FollowerState
2019-09-17 07:48:40,496 [pool-37-thread-1] INFO  util.JmxRegister (JmxRegister.java:tryRegister(44)) - Successfully registered JMX Bean with object name Ratis:service=RaftServer,group=group-C989DF014A2B,id=ca285669-a50d-47e6-86d6-d52ab3f38b6e
2019-09-17 07:48:40,504 [RatisPipelineUtilsThread] INFO  pipeline.PipelineStateManager (PipelineStateManager.java:addPipeline(56)) - Created pipeline Pipeline[ Id: 58b25910-17c2-4045-9d53-c989df014a2b, Nodes: ca285669-a50d-47e6-86d6-d52ab3f38b6e{ip: 192.168.157.246, host: pr-hdds-2016-n7825-135103490, networkLocation: /default-rack, certSerialId: null}, Type:RATIS, Factor:ONE, State:OPEN]
2019-09-17 07:48:40,518 [grpc-default-executor-2] INFO  impl.RaftServerProxy (RaftServerProxy.java:addNew(89)) - f2633ce3-784c-4b2a-9575-61c95615b640: addNew group-FF4003207992:[f2633ce3-784c-4b2a-9575-61c95615b640:192.168.157.246:40549] returns group-FF4003207992:java.util.concurrent.CompletableFuture@795e3df7[Not completed]
2019-09-17 07:48:40,520 [pool-57-thread-1] INFO  impl.RaftServerImpl (RaftServerImpl.java:<init>(95)) - f2633ce3-784c-4b2a-9575-61c95615b640: new RaftServerImpl for group-FF4003207992:[f2633ce3-784c-4b2a-9575-61c95615b640:192.168.157.246:40549] with ContainerStateMachine:uninitialized
2019-09-17 07:48:40,520 [pool-57-thread-1] INFO  server.RaftServerConfigKeys (ConfUtils.java:logGet(43)) - raft.server.rpc.timeout.min = 5s (custom)
2019-09-17 07:48:40,520 [pool-57-thread-1] INFO  server.RaftServerConfigKeys (ConfUtils.java:logGet(43)) - raft.server.rpc.timeout.max = 5200ms (custom)
2019-09-17 07:48:40,521 [pool-57-thread-1] INFO  server.RaftServerConfigKeys (ConfUtils.java:logGet(43)) - raft.server.rpcslowness.timeout = 1000s (custom)
2019-09-17 07:48:40,521 [pool-57-thread-1] INFO  server.RaftServerConfigKeys (ConfUtils.java:logGet(43)) - raft.server.sleep.deviation.threshold = 300 (default)
2019-09-17 07:48:40,521 [pool-57-thread-1] INFO  server.RaftServerConfigKeys (ConfUtils.java:logGet(43)) - raft.server.log.appender.install.snapshot.enabled = false (custom)
2019-09-17 07:48:40,521 [pool-57-thread-1] INFO  impl.RaftServerImpl (ServerState.java:<init>(103)) - f2633ce3-784c-4b2a-9575-61c95615b640@group-FF4003207992: ConfigurationManager, init=-1: [f2633ce3-784c-4b2a-9575-61c95615b640:192.168.157.246:40549], old=null, confs=<EMPTY_MAP>
2019-09-17 07:48:40,521 [pool-57-thread-1] INFO  server.RaftServerConfigKeys (ConfUtils.java:logGet(43)) - raft.server.storage.dir = [/workdir/hadoop-ozone/integration-test/target/test-dir/MiniOzoneClusterImpl-fa8c8cf8-ca3f-4ece-8fa8-d4681a0085a7/datanode-3/data/ratis] (custom)
2019-09-17 07:48:40,522 [pool-57-thread-1] INFO  storage.RaftStorageDirectory (RaftStorageDirectory.java:analyzeStorage(246)) - The storage directory /workdir/hadoop-ozone/integration-test/target/test-dir/MiniOzoneClusterImpl-fa8c8cf8-ca3f-4ece-8fa8-d4681a0085a7/datanode-3/data/ratis/e2cfadf3-6fa7-4eb8-9efc-ff4003207992 does not exist. Creating ...
2019-09-17 07:48:40,535 [pool-57-thread-1] INFO  storage.RaftStorageDirectory (RaftStorageDirectory.java:tryLock(328)) - Lock on /workdir/hadoop-ozone/integration-test/target/test-dir/MiniOzoneClusterImpl-fa8c8cf8-ca3f-4ece-8fa8-d4681a0085a7/datanode-3/data/ratis/e2cfadf3-6fa7-4eb8-9efc-ff4003207992/in_use.lock acquired by nodename 23548@pr-hdds-2016-n7825-135103490
2019-09-17 07:48:40,548 [pool-57-thread-1] INFO  storage.RaftStorage (RaftStorage.java:format(72)) - Storage directory /workdir/hadoop-ozone/integration-test/target/test-dir/MiniOzoneClusterImpl-fa8c8cf8-ca3f-4ece-8fa8-d4681a0085a7/datanode-3/data/ratis/e2cfadf3-6fa7-4eb8-9efc-ff4003207992 has been successfully formatted.
2019-09-17 07:48:40,548 [pool-57-thread-1] INFO  ratis.ContainerStateMachine (ContainerStateMachine.java:loadSnapshot(230)) - group-FF4003207992: The snapshot info is null. Setting the last applied indexto:(t:0, i:~)
2019-09-17 07:48:40,548 [pool-57-thread-1] INFO  server.RaftServerConfigKeys (ConfUtils.java:logGet(43)) - raft.server.notification.no-leader.timeout = 1000s (custom)
2019-09-17 07:48:40,548 [pool-57-thread-1] INFO  server.RaftServerConfigKeys (ConfUtils.java:logGet(43)) - raft.server.log.use.memory = false (default)
2019-09-17 07:48:40,548 [pool-57-thread-1] INFO  server.RaftServerConfigKeys (ConfUtils.java:logGet(43)) - raft.server.log.purge.gap = 1000000 (custom)
2019-09-17 07:48:40,549 [pool-57-thread-1] INFO  server.RaftServerConfigKeys (ConfUtils.java:logGet(43)) - raft.server.log.appender.buffer.byte-limit = 33554432 (custom)
2019-09-17 07:48:40,549 [pool-57-thread-1] INFO  server.RaftServerConfigKeys (ConfUtils.java:logGet(43)) - raft.server.log.segment.size.max = 1048576 (custom)
2019-09-17 07:48:40,549 [pool-57-thread-1] INFO  server.RaftServerConfigKeys (ConfUtils.java:logGet(43)) - raft.server.log.segment.cache.num.max = 2 (custom)
2019-09-17 07:48:40,549 [pool-57-thread-1] INFO  segmented.SegmentedRaftLogWorker (SegmentedRaftLogWorker.java:<init>(172)) - new f2633ce3-784c-4b2a-9575-61c95615b640@group-FF4003207992-SegmentedRaftLogWorker for RaftStorage:Storage Directory /workdir/hadoop-ozone/integration-test/target/test-dir/MiniOzoneClusterImpl-fa8c8cf8-ca3f-4ece-8fa8-d4681a0085a7/datanode-3/data/ratis/e2cfadf3-6fa7-4eb8-9efc-ff4003207992
2019-09-17 07:48:40,549 [pool-57-thread-1] INFO  server.RaftServerConfigKeys (ConfUtils.java:logGet(43)) - raft.server.log.queue.byte-limit = 2147483647 (custom)
2019-09-17 07:48:40,549 [pool-57-thread-1] INFO  server.RaftServerConfigKeys (ConfUtils.java:logGet(43)) - raft.server.log.queue.element-limit = 1024 (custom)
2019-09-17 07:48:40,549 [pool-57-thread-1] INFO  server.RaftServerConfigKeys (ConfUtils.java:logGet(43)) - raft.server.log.segment.size.max = 1048576 (custom)
2019-09-17 07:48:40,550 [pool-57-thread-1] INFO  server.RaftServerConfigKeys (ConfUtils.java:logGet(43)) - raft.server.log.preallocated.size = 16384 (custom)
2019-09-17 07:48:40,550 [pool-57-thread-1] INFO  server.RaftServerConfigKeys (ConfUtils.java:logGet(43)) - raft.server.log.write.buffer.size = 33554432 (custom)
2019-09-17 07:48:40,550 [pool-57-thread-1] INFO  server.RaftServerConfigKeys (ConfUtils.java:logGet(43)) - raft.server.log.force.sync.num = 128 (default)
2019-09-17 07:48:40,550 [pool-57-thread-1] INFO  server.RaftServerConfigKeys (ConfUtils.java:logGet(43)) - raft.server.log.statemachine.data.sync = true (default)
2019-09-17 07:48:40,550 [pool-57-thread-1] INFO  server.RaftServerConfigKeys (ConfUtils.java:logGet(43)) - raft.server.log.statemachine.data.sync.timeout = 10s (default)
2019-09-17 07:48:40,550 [pool-57-thread-1] INFO  server.RaftServerConfigKeys (ConfUtils.java:logGet(43)) - raft.server.log.statemachine.data.sync.timeout.retry = -1 (default)
2019-09-17 07:48:40,551 [pool-57-thread-1] INFO  server.RaftServerConfigKeys (ConfUtils.java:logGet(43)) - raft.server.log.statemachine.data.caching.enabled = true (custom)
2019-09-17 07:48:40,551 [pool-57-thread-1] INFO  segmented.SegmentedRaftLogWorker (SegmentedRaftLogWorker.java:lambda$new$0(132)) - f2633ce3-784c-4b2a-9575-61c95615b640@group-FF4003207992-SegmentedRaftLogWorker: flushIndex: setUnconditionally 0 -> -1
2019-09-17 07:48:40,551 [pool-57-thread-1] INFO  server.RaftServerConfigKeys (ConfUtils.java:logGet(43)) - raft.server.snapshot.auto.trigger.enabled = true (custom)
2019-09-17 07:48:40,551 [pool-57-thread-1] INFO  server.RaftServerConfigKeys (ConfUtils.java:logGet(43)) - raft.server.snapshot.auto.trigger.threshold = 10000 (custom)
2019-09-17 07:48:40,551 [pool-57-thread-1] INFO  server.RaftServerConfigKeys (ConfUtils.java:logGet(43)) - raft.server.snapshot.retention.num.files = 5 (custom)
2019-09-17 07:48:40,552 [pool-57-thread-1] INFO  server.RaftServerConfigKeys (ConfUtils.java:logGet(43)) - raft.server.retrycache.expirytime = 600000ms (custom)
2019-09-17 07:48:40,554 [pool-57-thread-1] INFO  impl.RaftServerImpl (RaftServerImpl.java:start(185)) - f2633ce3-784c-4b2a-9575-61c95615b640@group-FF4003207992: start as a follower, conf=-1: [f2633ce3-784c-4b2a-9575-61c95615b640:192.168.157.246:40549], old=null
2019-09-17 07:48:40,555 [pool-57-thread-1] INFO  impl.RaftServerImpl (RaftServerImpl.java:setRole(174)) - f2633ce3-784c-4b2a-9575-61c95615b640@group-FF4003207992: changes role from      null to FOLLOWER at term 0 for startAsFollower
2019-09-17 07:48:40,555 [pool-57-thread-1] INFO  impl.RoleInfo (RoleInfo.java:updateAndGet(143)) - f2633ce3-784c-4b2a-9575-61c95615b640: start FollowerState
2019-09-17 07:48:40,555 [pool-57-thread-1] INFO  util.JmxRegister (JmxRegister.java:tryRegister(44)) - Successfully registered JMX Bean with object name Ratis:service=RaftServer,group=group-FF4003207992,id=f2633ce3-784c-4b2a-9575-61c95615b640
2019-09-17 07:48:40,564 [RatisPipelineUtilsThread] INFO  pipeline.PipelineStateManager (PipelineStateManager.java:addPipeline(56)) - Created pipeline Pipeline[ Id: e2cfadf3-6fa7-4eb8-9efc-ff4003207992, Nodes: f2633ce3-784c-4b2a-9575-61c95615b640{ip: 192.168.157.246, host: pr-hdds-2016-n7825-135103490, networkLocation: /default-rack, certSerialId: null}, Type:RATIS, Factor:ONE, State:OPEN]
2019-09-17 07:48:40,591 [grpc-default-executor-2] INFO  impl.RaftServerProxy (RaftServerProxy.java:addNew(89)) - ca285669-a50d-47e6-86d6-d52ab3f38b6e: addNew group-F4666540FFE1:[35face44-d3a8-4fcd-be66-7dd33cc65450:192.168.157.246:37837, ca285669-a50d-47e6-86d6-d52ab3f38b6e:192.168.157.246:33597, f104376c-2ece-4e9a-9f13-ae7b76b93604:192.168.157.246:35943] returns group-F4666540FFE1:java.util.concurrent.CompletableFuture@28e3df72[Not completed]
2019-09-17 07:48:40,591 [grpc-default-executor-1] INFO  impl.RaftServerProxy (RaftServerProxy.java:addNew(89)) - 35face44-d3a8-4fcd-be66-7dd33cc65450: addNew group-F4666540FFE1:[35face44-d3a8-4fcd-be66-7dd33cc65450:192.168.157.246:37837, ca285669-a50d-47e6-86d6-d52ab3f38b6e:192.168.157.246:33597, f104376c-2ece-4e9a-9f13-ae7b76b93604:192.168.157.246:35943] returns group-F4666540FFE1:java.util.concurrent.CompletableFuture@6af2bbb[Not completed]
2019-09-17 07:48:40,591 [grpc-default-executor-0] INFO  impl.RaftServerProxy (RaftServerProxy.java:addNew(89)) - f104376c-2ece-4e9a-9f13-ae7b76b93604: addNew group-F4666540FFE1:[35face44-d3a8-4fcd-be66-7dd33cc65450:192.168.157.246:37837, ca285669-a50d-47e6-86d6-d52ab3f38b6e:192.168.157.246:33597, f104376c-2ece-4e9a-9f13-ae7b76b93604:192.168.157.246:35943] returns group-F4666540FFE1:java.util.concurrent.CompletableFuture@1179307b[Not completed]
2019-09-17 07:48:40,592 [pool-37-thread-1] INFO  impl.RaftServerImpl (RaftServerImpl.java:<init>(95)) - ca285669-a50d-47e6-86d6-d52ab3f38b6e: new RaftServerImpl for group-F4666540FFE1:[35face44-d3a8-4fcd-be66-7dd33cc65450:192.168.157.246:37837, ca285669-a50d-47e6-86d6-d52ab3f38b6e:192.168.157.246:33597, f104376c-2ece-4e9a-9f13-ae7b76b93604:192.168.157.246:35943] with ContainerStateMachine:uninitialized
2019-09-17 07:48:40,592 [pool-37-thread-1] INFO  server.RaftServerConfigKeys (ConfUtils.java:logGet(43)) - raft.server.rpc.timeout.min = 5s (custom)
2019-09-17 07:48:40,593 [pool-37-thread-1] INFO  server.RaftServerConfigKeys (ConfUtils.java:logGet(43)) - raft.server.rpc.timeout.max = 5200ms (custom)
2019-09-17 07:48:40,593 [pool-37-thread-1] INFO  server.RaftServerConfigKeys (ConfUtils.java:logGet(43)) - raft.server.rpcslowness.timeout = 1000s (custom)
2019-09-17 07:48:40,593 [pool-37-thread-1] INFO  server.RaftServerConfigKeys (ConfUtils.java:logGet(43)) - raft.server.sleep.deviation.threshold = 300 (default)
2019-09-17 07:48:40,593 [pool-37-thread-1] INFO  server.RaftServerConfigKeys (ConfUtils.java:logGet(43)) - raft.server.log.appender.install.snapshot.enabled = false (custom)
2019-09-17 07:48:40,593 [pool-37-thread-1] INFO  impl.RaftServerImpl (ServerState.java:<init>(103)) - ca285669-a50d-47e6-86d6-d52ab3f38b6e@group-F4666540FFE1: ConfigurationManager, init=-1: [35face44-d3a8-4fcd-be66-7dd33cc65450:192.168.157.246:37837, ca285669-a50d-47e6-86d6-d52ab3f38b6e:192.168.157.246:33597, f104376c-2ece-4e9a-9f13-ae7b76b93604:192.168.157.246:35943], old=null, confs=<EMPTY_MAP>
2019-09-17 07:48:40,593 [pool-37-thread-1] INFO  server.RaftServerConfigKeys (ConfUtils.java:logGet(43)) - raft.server.storage.dir = [/workdir/hadoop-ozone/integration-test/target/test-dir/MiniOzoneClusterImpl-fa8c8cf8-ca3f-4ece-8fa8-d4681a0085a7/datanode-1/data/ratis] (custom)
2019-09-17 07:48:40,593 [pool-47-thread-1] INFO  impl.RaftServerImpl (RaftServerImpl.java:<init>(95)) - 35face44-d3a8-4fcd-be66-7dd33cc65450: new RaftServerImpl for group-F4666540FFE1:[35face44-d3a8-4fcd-be66-7dd33cc65450:192.168.157.246:37837, ca285669-a50d-47e6-86d6-d52ab3f38b6e:192.168.157.246:33597, f104376c-2ece-4e9a-9f13-ae7b76b93604:192.168.157.246:35943] with ContainerStateMachine:uninitialized
2019-09-17 07:48:40,594 [pool-37-thread-1] INFO  storage.RaftStorageDirectory (RaftStorageDirectory.java:analyzeStorage(246)) - The storage directory /workdir/hadoop-ozone/integration-test/target/test-dir/MiniOzoneClusterImpl-fa8c8cf8-ca3f-4ece-8fa8-d4681a0085a7/datanode-1/data/ratis/a855278e-0f65-4e53-82b7-f4666540ffe1 does not exist. Creating ...
2019-09-17 07:48:40,594 [pool-47-thread-1] INFO  server.RaftServerConfigKeys (ConfUtils.java:logGet(43)) - raft.server.rpc.timeout.min = 5s (custom)
2019-09-17 07:48:40,594 [pool-47-thread-1] INFO  server.RaftServerConfigKeys (ConfUtils.java:logGet(43)) - raft.server.rpc.timeout.max = 5200ms (custom)
2019-09-17 07:48:40,594 [pool-27-thread-1] INFO  impl.RaftServerImpl (RaftServerImpl.java:<init>(95)) - f104376c-2ece-4e9a-9f13-ae7b76b93604: new RaftServerImpl for group-F4666540FFE1:[35face44-d3a8-4fcd-be66-7dd33cc65450:192.168.157.246:37837, ca285669-a50d-47e6-86d6-d52ab3f38b6e:192.168.157.246:33597, f104376c-2ece-4e9a-9f13-ae7b76b93604:192.168.157.246:35943] with ContainerStateMachine:uninitialized
2019-09-17 07:48:40,594 [pool-47-thread-1] INFO  server.RaftServerConfigKeys (ConfUtils.java:logGet(43)) - raft.server.rpcslowness.timeout = 1000s (custom)
2019-09-17 07:48:40,594 [pool-27-thread-1] INFO  server.RaftServerConfigKeys (ConfUtils.java:logGet(43)) - raft.server.rpc.timeout.min = 5s (custom)
2019-09-17 07:48:40,596 [pool-47-thread-1] INFO  server.RaftServerConfigKeys (ConfUtils.java:logGet(43)) - raft.server.sleep.deviation.threshold = 300 (default)
2019-09-17 07:48:40,596 [pool-27-thread-1] INFO  server.RaftServerConfigKeys (ConfUtils.java:logGet(43)) - raft.server.rpc.timeout.max = 5200ms (custom)
2019-09-17 07:48:40,596 [pool-47-thread-1] INFO  server.RaftServerConfigKeys (ConfUtils.java:logGet(43)) - raft.server.log.appender.install.snapshot.enabled = false (custom)
2019-09-17 07:48:40,596 [pool-27-thread-1] INFO  server.RaftServerConfigKeys (ConfUtils.java:logGet(43)) - raft.server.rpcslowness.timeout = 1000s (custom)
2019-09-17 07:48:40,596 [pool-47-thread-1] INFO  impl.RaftServerImpl (ServerState.java:<init>(103)) - 35face44-d3a8-4fcd-be66-7dd33cc65450@group-F4666540FFE1: ConfigurationManager, init=-1: [35face44-d3a8-4fcd-be66-7dd33cc65450:192.168.157.246:37837, ca285669-a50d-47e6-86d6-d52ab3f38b6e:192.168.157.246:33597, f104376c-2ece-4e9a-9f13-ae7b76b93604:192.168.157.246:35943], old=null, confs=<EMPTY_MAP>
2019-09-17 07:48:40,596 [pool-27-thread-1] INFO  server.RaftServerConfigKeys (ConfUtils.java:logGet(43)) - raft.server.sleep.deviation.threshold = 300 (default)
2019-09-17 07:48:40,596 [pool-27-thread-1] INFO  server.RaftServerConfigKeys (ConfUtils.java:logGet(43)) - raft.server.log.appender.install.snapshot.enabled = false (custom)
2019-09-17 07:48:40,596 [pool-47-thread-1] INFO  server.RaftServerConfigKeys (ConfUtils.java:logGet(43)) - raft.server.storage.dir = [/workdir/hadoop-ozone/integration-test/target/test-dir/MiniOzoneClusterImpl-fa8c8cf8-ca3f-4ece-8fa8-d4681a0085a7/datanode-2/data/ratis] (custom)
2019-09-17 07:48:40,596 [pool-27-thread-1] INFO  impl.RaftServerImpl (ServerState.java:<init>(103)) - f104376c-2ece-4e9a-9f13-ae7b76b93604@group-F4666540FFE1: ConfigurationManager, init=-1: [35face44-d3a8-4fcd-be66-7dd33cc65450:192.168.157.246:37837, ca285669-a50d-47e6-86d6-d52ab3f38b6e:192.168.157.246:33597, f104376c-2ece-4e9a-9f13-ae7b76b93604:192.168.157.246:35943], old=null, confs=<EMPTY_MAP>
2019-09-17 07:48:40,597 [pool-27-thread-1] INFO  server.RaftServerConfigKeys (ConfUtils.java:logGet(43)) - raft.server.storage.dir = [/workdir/hadoop-ozone/integration-test/target/test-dir/MiniOzoneClusterImpl-fa8c8cf8-ca3f-4ece-8fa8-d4681a0085a7/datanode-0/data/ratis] (custom)
2019-09-17 07:48:40,597 [pool-47-thread-1] INFO  storage.RaftStorageDirectory (RaftStorageDirectory.java:analyzeStorage(246)) - The storage directory /workdir/hadoop-ozone/integration-test/target/test-dir/MiniOzoneClusterImpl-fa8c8cf8-ca3f-4ece-8fa8-d4681a0085a7/datanode-2/data/ratis/a855278e-0f65-4e53-82b7-f4666540ffe1 does not exist. Creating ...
2019-09-17 07:48:40,597 [pool-27-thread-1] INFO  storage.RaftStorageDirectory (RaftStorageDirectory.java:analyzeStorage(246)) - The storage directory /workdir/hadoop-ozone/integration-test/target/test-dir/MiniOzoneClusterImpl-fa8c8cf8-ca3f-4ece-8fa8-d4681a0085a7/datanode-0/data/ratis/a855278e-0f65-4e53-82b7-f4666540ffe1 does not exist. Creating ...
2019-09-17 07:48:40,607 [pool-37-thread-1] INFO  storage.RaftStorageDirectory (RaftStorageDirectory.java:tryLock(328)) - Lock on /workdir/hadoop-ozone/integration-test/target/test-dir/MiniOzoneClusterImpl-fa8c8cf8-ca3f-4ece-8fa8-d4681a0085a7/datanode-1/data/ratis/a855278e-0f65-4e53-82b7-f4666540ffe1/in_use.lock acquired by nodename 23548@pr-hdds-2016-n7825-135103490
2019-09-17 07:48:40,607 [pool-27-thread-1] INFO  storage.RaftStorageDirectory (RaftStorageDirectory.java:tryLock(328)) - Lock on /workdir/hadoop-ozone/integration-test/target/test-dir/MiniOzoneClusterImpl-fa8c8cf8-ca3f-4ece-8fa8-d4681a0085a7/datanode-0/data/ratis/a855278e-0f65-4e53-82b7-f4666540ffe1/in_use.lock acquired by nodename 23548@pr-hdds-2016-n7825-135103490
2019-09-17 07:48:40,607 [pool-47-thread-1] INFO  storage.RaftStorageDirectory (RaftStorageDirectory.java:tryLock(328)) - Lock on /workdir/hadoop-ozone/integration-test/target/test-dir/MiniOzoneClusterImpl-fa8c8cf8-ca3f-4ece-8fa8-d4681a0085a7/datanode-2/data/ratis/a855278e-0f65-4e53-82b7-f4666540ffe1/in_use.lock acquired by nodename 23548@pr-hdds-2016-n7825-135103490
2019-09-17 07:48:40,611 [pool-37-thread-1] INFO  storage.RaftStorage (RaftStorage.java:format(72)) - Storage directory /workdir/hadoop-ozone/integration-test/target/test-dir/MiniOzoneClusterImpl-fa8c8cf8-ca3f-4ece-8fa8-d4681a0085a7/datanode-1/data/ratis/a855278e-0f65-4e53-82b7-f4666540ffe1 has been successfully formatted.
2019-09-17 07:48:40,611 [pool-47-thread-1] INFO  storage.RaftStorage (RaftStorage.java:format(72)) - Storage directory /workdir/hadoop-ozone/integration-test/target/test-dir/MiniOzoneClusterImpl-fa8c8cf8-ca3f-4ece-8fa8-d4681a0085a7/datanode-2/data/ratis/a855278e-0f65-4e53-82b7-f4666540ffe1 has been successfully formatted.
2019-09-17 07:48:40,611 [pool-27-thread-1] INFO  storage.RaftStorage (RaftStorage.java:format(72)) - Storage directory /workdir/hadoop-ozone/integration-test/target/test-dir/MiniOzoneClusterImpl-fa8c8cf8-ca3f-4ece-8fa8-d4681a0085a7/datanode-0/data/ratis/a855278e-0f65-4e53-82b7-f4666540ffe1 has been successfully formatted.
2019-09-17 07:48:40,612 [pool-47-thread-1] INFO  ratis.ContainerStateMachine (ContainerStateMachine.java:loadSnapshot(230)) - group-F4666540FFE1: The snapshot info is null. Setting the last applied indexto:(t:0, i:~)
2019-09-17 07:48:40,612 [pool-37-thread-1] INFO  ratis.ContainerStateMachine (ContainerStateMachine.java:loadSnapshot(230)) - group-F4666540FFE1: The snapshot info is null. Setting the last applied indexto:(t:0, i:~)
2019-09-17 07:48:40,612 [pool-27-thread-1] INFO  ratis.ContainerStateMachine (ContainerStateMachine.java:loadSnapshot(230)) - group-F4666540FFE1: The snapshot info is null. Setting the last applied indexto:(t:0, i:~)
2019-09-17 07:48:40,612 [pool-47-thread-1] INFO  server.RaftServerConfigKeys (ConfUtils.java:logGet(43)) - raft.server.notification.no-leader.timeout = 1000s (custom)
2019-09-17 07:48:40,612 [pool-27-thread-1] INFO  server.RaftServerConfigKeys (ConfUtils.java:logGet(43)) - raft.server.notification.no-leader.timeout = 1000s (custom)
2019-09-17 07:48:40,612 [pool-37-thread-1] INFO  server.RaftServerConfigKeys (ConfUtils.java:logGet(43)) - raft.server.notification.no-leader.timeout = 1000s (custom)
2019-09-17 07:48:40,612 [pool-27-thread-1] INFO  server.RaftServerConfigKeys (ConfUtils.java:logGet(43)) - raft.server.log.use.memory = false (default)
2019-09-17 07:48:40,612 [pool-47-thread-1] INFO  server.RaftServerConfigKeys (ConfUtils.java:logGet(43)) - raft.server.log.use.memory = false (default)
2019-09-17 07:48:40,612 [pool-27-thread-1] INFO  server.RaftServerConfigKeys (ConfUtils.java:logGet(43)) - raft.server.log.purge.gap = 1000000 (custom)
2019-09-17 07:48:40,612 [pool-37-thread-1] INFO  server.RaftServerConfigKeys (ConfUtils.java:logGet(43)) - raft.server.log.use.memory = false (default)
2019-09-17 07:48:40,613 [pool-27-thread-1] INFO  server.RaftServerConfigKeys (ConfUtils.java:logGet(43)) - raft.server.log.appender.buffer.byte-limit = 33554432 (custom)
2019-09-17 07:48:40,613 [pool-47-thread-1] INFO  server.RaftServerConfigKeys (ConfUtils.java:logGet(43)) - raft.server.log.purge.gap = 1000000 (custom)
2019-09-17 07:48:40,613 [pool-27-thread-1] INFO  server.RaftServerConfigKeys (ConfUtils.java:logGet(43)) - raft.server.log.segment.size.max = 1048576 (custom)
2019-09-17 07:48:40,613 [pool-37-thread-1] INFO  server.RaftServerConfigKeys (ConfUtils.java:logGet(43)) - raft.server.log.purge.gap = 1000000 (custom)
2019-09-17 07:48:40,613 [pool-27-thread-1] INFO  server.RaftServerConfigKeys (ConfUtils.java:logGet(43)) - raft.server.log.segment.cache.num.max = 2 (custom)
2019-09-17 07:48:40,613 [pool-47-thread-1] INFO  server.RaftServerConfigKeys (ConfUtils.java:logGet(43)) - raft.server.log.appender.buffer.byte-limit = 33554432 (custom)
2019-09-17 07:48:40,613 [pool-27-thread-1] INFO  segmented.SegmentedRaftLogWorker (SegmentedRaftLogWorker.java:<init>(172)) - new f104376c-2ece-4e9a-9f13-ae7b76b93604@group-F4666540FFE1-SegmentedRaftLogWorker for RaftStorage:Storage Directory /workdir/hadoop-ozone/integration-test/target/test-dir/MiniOzoneClusterImpl-fa8c8cf8-ca3f-4ece-8fa8-d4681a0085a7/datanode-0/data/ratis/a855278e-0f65-4e53-82b7-f4666540ffe1
2019-09-17 07:48:40,613 [pool-37-thread-1] INFO  server.RaftServerConfigKeys (ConfUtils.java:logGet(43)) - raft.server.log.appender.buffer.byte-limit = 33554432 (custom)
2019-09-17 07:48:40,614 [pool-27-thread-1] INFO  server.RaftServerConfigKeys (ConfUtils.java:logGet(43)) - raft.server.log.queue.byte-limit = 2147483647 (custom)
2019-09-17 07:48:40,614 [pool-47-thread-1] INFO  server.RaftServerConfigKeys (ConfUtils.java:logGet(43)) - raft.server.log.segment.size.max = 1048576 (custom)
2019-09-17 07:48:40,614 [pool-27-thread-1] INFO  server.RaftServerConfigKeys (ConfUtils.java:logGet(43)) - raft.server.log.queue.element-limit = 1024 (custom)
2019-09-17 07:48:40,614 [pool-37-thread-1] INFO  server.RaftServerConfigKeys (ConfUtils.java:logGet(43)) - raft.server.log.segment.size.max = 1048576 (custom)
2019-09-17 07:48:40,614 [pool-27-thread-1] INFO  server.RaftServerConfigKeys (ConfUtils.java:logGet(43)) - raft.server.log.segment.size.max = 1048576 (custom)
2019-09-17 07:48:40,614 [pool-47-thread-1] INFO  server.RaftServerConfigKeys (ConfUtils.java:logGet(43)) - raft.server.log.segment.cache.num.max = 2 (custom)
2019-09-17 07:48:40,614 [pool-27-thread-1] INFO  server.RaftServerConfigKeys (ConfUtils.java:logGet(43)) - raft.server.log.preallocated.size = 16384 (custom)
2019-09-17 07:48:40,614 [pool-37-thread-1] INFO  server.RaftServerConfigKeys (ConfUtils.java:logGet(43)) - raft.server.log.segment.cache.num.max = 2 (custom)
2019-09-17 07:48:40,615 [pool-27-thread-1] INFO  server.RaftServerConfigKeys (ConfUtils.java:logGet(43)) - raft.server.log.write.buffer.size = 33554432 (custom)
2019-09-17 07:48:40,615 [pool-47-thread-1] INFO  segmented.SegmentedRaftLogWorker (SegmentedRaftLogWorker.java:<init>(172)) - new 35face44-d3a8-4fcd-be66-7dd33cc65450@group-F4666540FFE1-SegmentedRaftLogWorker for RaftStorage:Storage Directory /workdir/hadoop-ozone/integration-test/target/test-dir/MiniOzoneClusterImpl-fa8c8cf8-ca3f-4ece-8fa8-d4681a0085a7/datanode-2/data/ratis/a855278e-0f65-4e53-82b7-f4666540ffe1
2019-09-17 07:48:40,615 [pool-27-thread-1] INFO  server.RaftServerConfigKeys (ConfUtils.java:logGet(43)) - raft.server.log.force.sync.num = 128 (default)
2019-09-17 07:48:40,615 [pool-37-thread-1] INFO  segmented.SegmentedRaftLogWorker (SegmentedRaftLogWorker.java:<init>(172)) - new ca285669-a50d-47e6-86d6-d52ab3f38b6e@group-F4666540FFE1-SegmentedRaftLogWorker for RaftStorage:Storage Directory /workdir/hadoop-ozone/integration-test/target/test-dir/MiniOzoneClusterImpl-fa8c8cf8-ca3f-4ece-8fa8-d4681a0085a7/datanode-1/data/ratis/a855278e-0f65-4e53-82b7-f4666540ffe1
2019-09-17 07:48:40,615 [pool-27-thread-1] INFO  server.RaftServerConfigKeys (ConfUtils.java:logGet(43)) - raft.server.log.statemachine.data.sync = true (default)
2019-09-17 07:48:40,615 [pool-47-thread-1] INFO  server.RaftServerConfigKeys (ConfUtils.java:logGet(43)) - raft.server.log.queue.byte-limit = 2147483647 (custom)
2019-09-17 07:48:40,615 [pool-27-thread-1] INFO  server.RaftServerConfigKeys (ConfUtils.java:logGet(43)) - raft.server.log.statemachine.data.sync.timeout = 10s (default)
2019-09-17 07:48:40,615 [pool-37-thread-1] INFO  server.RaftServerConfigKeys (ConfUtils.java:logGet(43)) - raft.server.log.queue.byte-limit = 2147483647 (custom)
2019-09-17 07:48:40,616 [pool-27-thread-1] INFO  server.RaftServerConfigKeys (ConfUtils.java:logGet(43)) - raft.server.log.statemachine.data.sync.timeout.retry = -1 (default)
2019-09-17 07:48:40,616 [pool-47-thread-1] INFO  server.RaftServerConfigKeys (ConfUtils.java:logGet(43)) - raft.server.log.queue.element-limit = 1024 (custom)
2019-09-17 07:48:40,616 [pool-37-thread-1] INFO  server.RaftServerConfigKeys (ConfUtils.java:logGet(43)) - raft.server.log.queue.element-limit = 1024 (custom)
2019-09-17 07:48:40,616 [pool-47-thread-1] INFO  server.RaftServerConfigKeys (ConfUtils.java:logGet(43)) - raft.server.log.segment.size.max = 1048576 (custom)
2019-09-17 07:48:40,616 [pool-27-thread-1] INFO  server.RaftServerConfigKeys (ConfUtils.java:logGet(43)) - raft.server.log.statemachine.data.caching.enabled = true (custom)
2019-09-17 07:48:40,616 [pool-47-thread-1] INFO  server.RaftServerConfigKeys (ConfUtils.java:logGet(43)) - raft.server.log.preallocated.size = 16384 (custom)
2019-09-17 07:48:40,616 [pool-37-thread-1] INFO  server.RaftServerConfigKeys (ConfUtils.java:logGet(43)) - raft.server.log.segment.size.max = 1048576 (custom)
2019-09-17 07:48:40,617 [pool-27-thread-1] INFO  segmented.SegmentedRaftLogWorker (SegmentedRaftLogWorker.java:lambda$new$0(132)) - f104376c-2ece-4e9a-9f13-ae7b76b93604@group-F4666540FFE1-SegmentedRaftLogWorker: flushIndex: setUnconditionally 0 -> -1
2019-09-17 07:48:40,617 [pool-47-thread-1] INFO  server.RaftServerConfigKeys (ConfUtils.java:logGet(43)) - raft.server.log.write.buffer.size = 33554432 (custom)
2019-09-17 07:48:40,617 [pool-37-thread-1] INFO  server.RaftServerConfigKeys (ConfUtils.java:logGet(43)) - raft.server.log.preallocated.size = 16384 (custom)
2019-09-17 07:48:40,617 [pool-27-thread-1] INFO  server.RaftServerConfigKeys (ConfUtils.java:logGet(43)) - raft.server.snapshot.auto.trigger.enabled = true (custom)
2019-09-17 07:48:40,617 [pool-37-thread-1] INFO  server.RaftServerConfigKeys (ConfUtils.java:logGet(43)) - raft.server.log.write.buffer.size = 33554432 (custom)
2019-09-17 07:48:40,617 [pool-47-thread-1] INFO  server.RaftServerConfigKeys (ConfUtils.java:logGet(43)) - raft.server.log.force.sync.num = 128 (default)
2019-09-17 07:48:40,617 [pool-37-thread-1] INFO  server.RaftServerConfigKeys (ConfUtils.java:logGet(43)) - raft.server.log.force.sync.num = 128 (default)
2019-09-17 07:48:40,617 [pool-27-thread-1] INFO  server.RaftServerConfigKeys (ConfUtils.java:logGet(43)) - raft.server.snapshot.auto.trigger.threshold = 10000 (custom)
2019-09-17 07:48:40,617 [pool-37-thread-1] INFO  server.RaftServerConfigKeys (ConfUtils.java:logGet(43)) - raft.server.log.statemachine.data.sync = true (default)
2019-09-17 07:48:40,617 [pool-47-thread-1] INFO  server.RaftServerConfigKeys (ConfUtils.java:logGet(43)) - raft.server.log.statemachine.data.sync = true (default)
2019-09-17 07:48:40,618 [pool-37-thread-1] INFO  server.RaftServerConfigKeys (ConfUtils.java:logGet(43)) - raft.server.log.statemachine.data.sync.timeout = 10s (default)
2019-09-17 07:48:40,618 [pool-27-thread-1] INFO  server.RaftServerConfigKeys (ConfUtils.java:logGet(43)) - raft.server.snapshot.retention.num.files = 5 (custom)
2019-09-17 07:48:40,618 [pool-37-thread-1] INFO  server.RaftServerConfigKeys (ConfUtils.java:logGet(43)) - raft.server.log.statemachine.data.sync.timeout.retry = -1 (default)
2019-09-17 07:48:40,618 [pool-27-thread-1] INFO  server.RaftServerConfigKeys (ConfUtils.java:logGet(43)) - raft.server.retrycache.expirytime = 600000ms (custom)
2019-09-17 07:48:40,618 [pool-47-thread-1] INFO  server.RaftServerConfigKeys (ConfUtils.java:logGet(43)) - raft.server.log.statemachine.data.sync.timeout = 10s (default)
2019-09-17 07:48:40,618 [pool-37-thread-1] INFO  server.RaftServerConfigKeys (ConfUtils.java:logGet(43)) - raft.server.log.statemachine.data.caching.enabled = true (custom)
2019-09-17 07:48:40,618 [pool-47-thread-1] INFO  server.RaftServerConfigKeys (ConfUtils.java:logGet(43)) - raft.server.log.statemachine.data.sync.timeout.retry = -1 (default)
2019-09-17 07:48:40,619 [pool-37-thread-1] INFO  segmented.SegmentedRaftLogWorker (SegmentedRaftLogWorker.java:lambda$new$0(132)) - ca285669-a50d-47e6-86d6-d52ab3f38b6e@group-F4666540FFE1-SegmentedRaftLogWorker: flushIndex: setUnconditionally 0 -> -1
2019-09-17 07:48:40,619 [pool-47-thread-1] INFO  server.RaftServerConfigKeys (ConfUtils.java:logGet(43)) - raft.server.log.statemachine.data.caching.enabled = true (custom)
2019-09-17 07:48:40,619 [pool-37-thread-1] INFO  server.RaftServerConfigKeys (ConfUtils.java:logGet(43)) - raft.server.snapshot.auto.trigger.enabled = true (custom)
2019-09-17 07:48:40,619 [pool-37-thread-1] INFO  server.RaftServerConfigKeys (ConfUtils.java:logGet(43)) - raft.server.snapshot.auto.trigger.threshold = 10000 (custom)
2019-09-17 07:48:40,619 [pool-47-thread-1] INFO  segmented.SegmentedRaftLogWorker (SegmentedRaftLogWorker.java:lambda$new$0(132)) - 35face44-d3a8-4fcd-be66-7dd33cc65450@group-F4666540FFE1-SegmentedRaftLogWorker: flushIndex: setUnconditionally 0 -> -1
2019-09-17 07:48:40,619 [pool-37-thread-1] INFO  server.RaftServerConfigKeys (ConfUtils.java:logGet(43)) - raft.server.snapshot.retention.num.files = 5 (custom)
2019-09-17 07:48:40,619 [pool-47-thread-1] INFO  server.RaftServerConfigKeys (ConfUtils.java:logGet(43)) - raft.server.snapshot.auto.trigger.enabled = true (custom)
2019-09-17 07:48:40,619 [pool-37-thread-1] INFO  server.RaftServerConfigKeys (ConfUtils.java:logGet(43)) - raft.server.retrycache.expirytime = 600000ms (custom)
2019-09-17 07:48:40,619 [pool-47-thread-1] INFO  server.RaftServerConfigKeys (ConfUtils.java:logGet(43)) - raft.server.snapshot.auto.trigger.threshold = 10000 (custom)
2019-09-17 07:48:40,620 [pool-47-thread-1] INFO  server.RaftServerConfigKeys (ConfUtils.java:logGet(43)) - raft.server.snapshot.retention.num.files = 5 (custom)
2019-09-17 07:48:40,620 [pool-47-thread-1] INFO  server.RaftServerConfigKeys (ConfUtils.java:logGet(43)) - raft.server.retrycache.expirytime = 600000ms (custom)
2019-09-17 07:48:40,621 [pool-27-thread-1] INFO  impl.RaftServerImpl (RaftServerImpl.java:start(185)) - f104376c-2ece-4e9a-9f13-ae7b76b93604@group-F4666540FFE1: start as a follower, conf=-1: [35face44-d3a8-4fcd-be66-7dd33cc65450:192.168.157.246:37837, ca285669-a50d-47e6-86d6-d52ab3f38b6e:192.168.157.246:33597, f104376c-2ece-4e9a-9f13-ae7b76b93604:192.168.157.246:35943], old=null
2019-09-17 07:48:40,621 [pool-27-thread-1] INFO  impl.RaftServerImpl (RaftServerImpl.java:setRole(174)) - f104376c-2ece-4e9a-9f13-ae7b76b93604@group-F4666540FFE1: changes role from      null to FOLLOWER at term 0 for startAsFollower
2019-09-17 07:48:40,621 [pool-27-thread-1] INFO  impl.RoleInfo (RoleInfo.java:updateAndGet(143)) - f104376c-2ece-4e9a-9f13-ae7b76b93604: start FollowerState
2019-09-17 07:48:40,622 [pool-27-thread-1] INFO  util.JmxRegister (JmxRegister.java:tryRegister(44)) - Successfully registered JMX Bean with object name Ratis:service=RaftServer,group=group-F4666540FFE1,id=f104376c-2ece-4e9a-9f13-ae7b76b93604
2019-09-17 07:48:40,622 [pool-37-thread-1] INFO  impl.RaftServerImpl (RaftServerImpl.java:start(185)) - ca285669-a50d-47e6-86d6-d52ab3f38b6e@group-F4666540FFE1: start as a follower, conf=-1: [35face44-d3a8-4fcd-be66-7dd33cc65450:192.168.157.246:37837, ca285669-a50d-47e6-86d6-d52ab3f38b6e:192.168.157.246:33597, f104376c-2ece-4e9a-9f13-ae7b76b93604:192.168.157.246:35943], old=null
2019-09-17 07:48:40,622 [pool-37-thread-1] INFO  impl.RaftServerImpl (RaftServerImpl.java:setRole(174)) - ca285669-a50d-47e6-86d6-d52ab3f38b6e@group-F4666540FFE1: changes role from      null to FOLLOWER at term 0 for startAsFollower
2019-09-17 07:48:40,622 [pool-37-thread-1] INFO  impl.RoleInfo (RoleInfo.java:updateAndGet(143)) - ca285669-a50d-47e6-86d6-d52ab3f38b6e: start FollowerState
2019-09-17 07:48:40,622 [pool-47-thread-1] INFO  impl.RaftServerImpl (RaftServerImpl.java:start(185)) - 35face44-d3a8-4fcd-be66-7dd33cc65450@group-F4666540FFE1: start as a follower, conf=-1: [35face44-d3a8-4fcd-be66-7dd33cc65450:192.168.157.246:37837, ca285669-a50d-47e6-86d6-d52ab3f38b6e:192.168.157.246:33597, f104376c-2ece-4e9a-9f13-ae7b76b93604:192.168.157.246:35943], old=null
2019-09-17 07:48:40,622 [pool-47-thread-1] INFO  impl.RaftServerImpl (RaftServerImpl.java:setRole(174)) - 35face44-d3a8-4fcd-be66-7dd33cc65450@group-F4666540FFE1: changes role from      null to FOLLOWER at term 0 for startAsFollower
2019-09-17 07:48:40,622 [pool-37-thread-1] INFO  util.JmxRegister (JmxRegister.java:tryRegister(44)) - Successfully registered JMX Bean with object name Ratis:service=RaftServer,group=group-F4666540FFE1,id=ca285669-a50d-47e6-86d6-d52ab3f38b6e
2019-09-17 07:48:40,622 [pool-47-thread-1] INFO  impl.RoleInfo (RoleInfo.java:updateAndGet(143)) - 35face44-d3a8-4fcd-be66-7dd33cc65450: start FollowerState
2019-09-17 07:48:40,623 [pool-47-thread-1] INFO  util.JmxRegister (JmxRegister.java:tryRegister(44)) - Successfully registered JMX Bean with object name Ratis:service=RaftServer,group=group-F4666540FFE1,id=35face44-d3a8-4fcd-be66-7dd33cc65450
2019-09-17 07:48:40,639 [RatisPipelineUtilsThread] INFO  pipeline.PipelineStateManager (PipelineStateManager.java:addPipeline(56)) - Created pipeline Pipeline[ Id: a855278e-0f65-4e53-82b7-f4666540ffe1, Nodes: 35face44-d3a8-4fcd-be66-7dd33cc65450{ip: 192.168.157.246, host: pr-hdds-2016-n7825-135103490, networkLocation: /default-rack, certSerialId: null}f104376c-2ece-4e9a-9f13-ae7b76b93604{ip: 192.168.157.246, host: pr-hdds-2016-n7825-135103490, networkLocation: /default-rack, certSerialId: null}ca285669-a50d-47e6-86d6-d52ab3f38b6e{ip: 192.168.157.246, host: pr-hdds-2016-n7825-135103490, networkLocation: /default-rack, certSerialId: null}, Type:RATIS, Factor:THREE, State:OPEN]
2019-09-17 07:48:40,870 [Command processor thread] ERROR commandhandler.CloseContainerCommandHandler (CloseContainerCommandHandler.java:handle(84)) - Container #1 does not exist in datanode. Container close failed.
2019-09-17 07:48:40,922 [Thread-193] INFO  container.ReplicationManager (ReplicationManager.java:start(169)) - Replication Monitor Thread is already running.
2019-09-17 07:48:40,947 [Command processor thread] ERROR commandhandler.CloseContainerCommandHandler (CloseContainerCommandHandler.java:handle(84)) - Container #1 does not exist in datanode. Container close failed.
2019-09-17 07:48:41,024 [Command processor thread] ERROR commandhandler.CloseContainerCommandHandler (CloseContainerCommandHandler.java:handle(84)) - Container #1 does not exist in datanode. Container close failed.
2019-09-17 07:48:41,110 [ReplicationMonitor] INFO  container.ReplicationManager (ReplicationManager.java:run(225)) - Replication Monitor Thread took 1 milliseconds for processing 1 containers.
2019-09-17 07:48:41,441 [grpc-default-executor-0] INFO  client.GrpcClientProtocolClient (GrpcClientProtocolClient.java:onNext(264)) - client-BD8C362A68F0->ca285669-a50d-47e6-86d6-d52ab3f38b6e: receive RaftClientReply:client-BD8C362A68F0->ca285669-a50d-47e6-86d6-d52ab3f38b6e@group-587F65A3D720, cid=8, FAILED org.apache.ratis.protocol.NotLeaderException: Server ca285669-a50d-47e6-86d6-d52ab3f38b6e@group-587F65A3D720 is not the leader, logIndex=0, commits[ca285669-a50d-47e6-86d6-d52ab3f38b6e:c-1]
2019-09-17 07:48:42,466 [grpc-default-executor-0] INFO  client.GrpcClientProtocolClient (GrpcClientProtocolClient.java:onNext(264)) - client-BD8C362A68F0->35face44-d3a8-4fcd-be66-7dd33cc65450: receive RaftClientReply:client-BD8C362A68F0->35face44-d3a8-4fcd-be66-7dd33cc65450@group-587F65A3D720, cid=8, FAILED org.apache.ratis.protocol.NotLeaderException: Server 35face44-d3a8-4fcd-be66-7dd33cc65450@group-587F65A3D720 is not the leader, logIndex=0, commits[35face44-d3a8-4fcd-be66-7dd33cc65450:c-1]
2019-09-17 07:48:43,110 [ReplicationMonitor] INFO  container.ReplicationManager (ReplicationManager.java:run(225)) - Replication Monitor Thread took 0 milliseconds for processing 1 containers.
2019-09-17 07:48:43,489 [grpc-default-executor-0] INFO  client.GrpcClientProtocolClient (GrpcClientProtocolClient.java:onNext(264)) - client-BD8C362A68F0->f104376c-2ece-4e9a-9f13-ae7b76b93604: receive RaftClientReply:client-BD8C362A68F0->f104376c-2ece-4e9a-9f13-ae7b76b93604@group-587F65A3D720, cid=8, FAILED org.apache.ratis.protocol.NotLeaderException: Server f104376c-2ece-4e9a-9f13-ae7b76b93604@group-587F65A3D720 is not the leader, logIndex=0, commits[f104376c-2ece-4e9a-9f13-ae7b76b93604:c-1]
2019-09-17 07:48:43,865 [Thread-195] INFO  impl.FollowerState (FollowerState.java:run(106)) - f104376c-2ece-4e9a-9f13-ae7b76b93604:group-694713B1C0A7 changes to CANDIDATE, lastRpcTime:5189, electionTimeout:5189ms
2019-09-17 07:48:43,868 [Thread-195] INFO  impl.RoleInfo (RoleInfo.java:shutdownFollowerState(121)) - f104376c-2ece-4e9a-9f13-ae7b76b93604: shutdown FollowerState
2019-09-17 07:48:43,868 [Thread-195] INFO  impl.RaftServerImpl (RaftServerImpl.java:setRole(174)) - f104376c-2ece-4e9a-9f13-ae7b76b93604@group-694713B1C0A7: changes role from  FOLLOWER to CANDIDATE at term 0 for changeToCandidate
2019-09-17 07:48:43,873 [Thread-195] INFO  impl.RoleInfo (RoleInfo.java:updateAndGet(143)) - f104376c-2ece-4e9a-9f13-ae7b76b93604: start LeaderElection
2019-09-17 07:48:43,889 [f104376c-2ece-4e9a-9f13-ae7b76b93604@group-694713B1C0A7:LeaderElection1] INFO  impl.LeaderElection (LeaderElection.java:askForVotes(182)) - f104376c-2ece-4e9a-9f13-ae7b76b93604@group-694713B1C0A7:LeaderElection1: begin an election at term 1 for -1: [f104376c-2ece-4e9a-9f13-ae7b76b93604:192.168.157.246:35943], old=null
2019-09-17 07:48:43,891 [f104376c-2ece-4e9a-9f13-ae7b76b93604@group-694713B1C0A7:LeaderElection1] INFO  impl.RoleInfo (RoleInfo.java:shutdownLeaderElection(134)) - f104376c-2ece-4e9a-9f13-ae7b76b93604: shutdown LeaderElection
2019-09-17 07:48:43,891 [f104376c-2ece-4e9a-9f13-ae7b76b93604@group-694713B1C0A7:LeaderElection1] INFO  impl.RaftServerImpl (RaftServerImpl.java:setRole(174)) - f104376c-2ece-4e9a-9f13-ae7b76b93604@group-694713B1C0A7: changes role from CANDIDATE to LEADER at term 1 for changeToLeader
2019-09-17 07:48:43,892 [f104376c-2ece-4e9a-9f13-ae7b76b93604@group-694713B1C0A7:LeaderElection1] INFO  impl.RaftServerImpl (ServerState.java:setLeader(253)) - f104376c-2ece-4e9a-9f13-ae7b76b93604@group-694713B1C0A7: change Leader from null to f104376c-2ece-4e9a-9f13-ae7b76b93604 at term 1 for becomeLeader, leader elected after 5346ms
2019-09-17 07:48:43,897 [f104376c-2ece-4e9a-9f13-ae7b76b93604@group-694713B1C0A7:LeaderElection1] INFO  server.RaftServerConfigKeys (ConfUtils.java:logGet(43)) - raft.server.staging.catchup.gap = 1000 (default)
2019-09-17 07:48:43,897 [f104376c-2ece-4e9a-9f13-ae7b76b93604@group-694713B1C0A7:LeaderElection1] INFO  server.RaftServerConfigKeys (ConfUtils.java:logGet(43)) - raft.server.rpc.sleep.time = 25ms (default)
2019-09-17 07:48:43,899 [f104376c-2ece-4e9a-9f13-ae7b76b93604@group-694713B1C0A7:LeaderElection1] INFO  server.RaftServerConfigKeys (ConfUtils.java:logGet(43)) - raft.server.write.element-limit = 4096 (default)
2019-09-17 07:48:43,901 [f104376c-2ece-4e9a-9f13-ae7b76b93604@group-694713B1C0A7:LeaderElection1] INFO  server.RaftServerConfigKeys (ConfUtils.java:logGet(43)) - raft.server.watch.timeout = 10s (default)
2019-09-17 07:48:43,901 [f104376c-2ece-4e9a-9f13-ae7b76b93604@group-694713B1C0A7:LeaderElection1] INFO  server.RaftServerConfigKeys (ConfUtils.java:logGet(43)) - raft.server.watch.timeout.denomination = 1s (default)
2019-09-17 07:48:43,902 [f104376c-2ece-4e9a-9f13-ae7b76b93604@group-694713B1C0A7:LeaderElection1] INFO  server.RaftServerConfigKeys (ConfUtils.java:logGet(43)) - raft.server.watch.element-limit = 65536 (default)
2019-09-17 07:48:43,913 [f104376c-2ece-4e9a-9f13-ae7b76b93604@group-694713B1C0A7:LeaderElection1] INFO  impl.RoleInfo (RoleInfo.java:updateAndGet(143)) - f104376c-2ece-4e9a-9f13-ae7b76b93604: start LeaderState
2019-09-17 07:48:43,944 [f104376c-2ece-4e9a-9f13-ae7b76b93604@group-694713B1C0A7:LeaderElection1] INFO  segmented.SegmentedRaftLogWorker (SegmentedRaftLogWorker.java:startLogSegment(380)) - f104376c-2ece-4e9a-9f13-ae7b76b93604@group-694713B1C0A7-SegmentedRaftLogWorker: Starting segment from index:0
2019-09-17 07:48:43,956 [f104376c-2ece-4e9a-9f13-ae7b76b93604@group-694713B1C0A7:LeaderElection1] INFO  impl.RaftServerImpl (ServerState.java:setRaftConf(354)) - f104376c-2ece-4e9a-9f13-ae7b76b93604@group-694713B1C0A7: set configuration 0: [f104376c-2ece-4e9a-9f13-ae7b76b93604:192.168.157.246:35943], old=null at 0
2019-09-17 07:48:44,016 [Thread-198] INFO  impl.FollowerState (FollowerState.java:run(106)) - 35face44-d3a8-4fcd-be66-7dd33cc65450:group-82058D8C8B2C changes to CANDIDATE, lastRpcTime:5150, electionTimeout:5149ms
2019-09-17 07:48:44,018 [Thread-198] INFO  impl.RoleInfo (RoleInfo.java:shutdownFollowerState(121)) - 35face44-d3a8-4fcd-be66-7dd33cc65450: shutdown FollowerState
2019-09-17 07:48:44,018 [Thread-198] INFO  impl.RaftServerImpl (RaftServerImpl.java:setRole(174)) - 35face44-d3a8-4fcd-be66-7dd33cc65450@group-82058D8C8B2C: changes role from  FOLLOWER to CANDIDATE at term 0 for changeToCandidate
2019-09-17 07:48:44,018 [Thread-198] INFO  impl.RoleInfo (RoleInfo.java:updateAndGet(143)) - 35face44-d3a8-4fcd-be66-7dd33cc65450: start LeaderElection
2019-09-17 07:48:44,029 [Thread-201] INFO  impl.FollowerState (FollowerState.java:run(106)) - ca285669-a50d-47e6-86d6-d52ab3f38b6e:group-E6AD349B5BE1 changes to CANDIDATE, lastRpcTime:5025, electionTimeout:5025ms
2019-09-17 07:48:44,030 [Thread-201] INFO  impl.RoleInfo (RoleInfo.java:shutdownFollowerState(121)) - ca285669-a50d-47e6-86d6-d52ab3f38b6e: shutdown FollowerState
2019-09-17 07:48:44,030 [Thread-201] INFO  impl.RaftServerImpl (RaftServerImpl.java:setRole(174)) - ca285669-a50d-47e6-86d6-d52ab3f38b6e@group-E6AD349B5BE1: changes role from  FOLLOWER to CANDIDATE at term 0 for changeToCandidate
2019-09-17 07:48:44,030 [Thread-201] INFO  impl.RoleInfo (RoleInfo.java:updateAndGet(143)) - ca285669-a50d-47e6-86d6-d52ab3f38b6e: start LeaderElection
2019-09-17 07:48:44,034 [35face44-d3a8-4fcd-be66-7dd33cc65450@group-82058D8C8B2C:LeaderElection2] INFO  impl.LeaderElection (LeaderElection.java:askForVotes(182)) - 35face44-d3a8-4fcd-be66-7dd33cc65450@group-82058D8C8B2C:LeaderElection2: begin an election at term 1 for -1: [35face44-d3a8-4fcd-be66-7dd33cc65450:192.168.157.246:37837], old=null
2019-09-17 07:48:44,035 [35face44-d3a8-4fcd-be66-7dd33cc65450@group-82058D8C8B2C:LeaderElection2] INFO  impl.RoleInfo (RoleInfo.java:shutdownLeaderElection(134)) - 35face44-d3a8-4fcd-be66-7dd33cc65450: shutdown LeaderElection
2019-09-17 07:48:44,035 [35face44-d3a8-4fcd-be66-7dd33cc65450@group-82058D8C8B2C:LeaderElection2] INFO  impl.RaftServerImpl (RaftServerImpl.java:setRole(174)) - 35face44-d3a8-4fcd-be66-7dd33cc65450@group-82058D8C8B2C: changes role from CANDIDATE to LEADER at term 1 for changeToLeader
2019-09-17 07:48:44,035 [35face44-d3a8-4fcd-be66-7dd33cc65450@group-82058D8C8B2C:LeaderElection2] INFO  impl.RaftServerImpl (ServerState.java:setLeader(253)) - 35face44-d3a8-4fcd-be66-7dd33cc65450@group-82058D8C8B2C: change Leader from null to 35face44-d3a8-4fcd-be66-7dd33cc65450 at term 1 for becomeLeader, leader elected after 5185ms
2019-09-17 07:48:44,035 [35face44-d3a8-4fcd-be66-7dd33cc65450@group-82058D8C8B2C:LeaderElection2] INFO  server.RaftServerConfigKeys (ConfUtils.java:logGet(43)) - raft.server.staging.catchup.gap = 1000 (default)
2019-09-17 07:48:44,035 [35face44-d3a8-4fcd-be66-7dd33cc65450@group-82058D8C8B2C:LeaderElection2] INFO  server.RaftServerConfigKeys (ConfUtils.java:logGet(43)) - raft.server.rpc.sleep.time = 25ms (default)
2019-09-17 07:48:44,036 [35face44-d3a8-4fcd-be66-7dd33cc65450@group-82058D8C8B2C:LeaderElection2] INFO  server.RaftServerConfigKeys (ConfUtils.java:logGet(43)) - raft.server.write.element-limit = 4096 (default)
2019-09-17 07:48:44,036 [35face44-d3a8-4fcd-be66-7dd33cc65450@group-82058D8C8B2C:LeaderElection2] INFO  server.RaftServerConfigKeys (ConfUtils.java:logGet(43)) - raft.server.watch.timeout = 10s (default)
2019-09-17 07:48:44,036 [35face44-d3a8-4fcd-be66-7dd33cc65450@group-82058D8C8B2C:LeaderElection2] INFO  server.RaftServerConfigKeys (ConfUtils.java:logGet(43)) - raft.server.watch.timeout.denomination = 1s (default)
2019-09-17 07:48:44,036 [35face44-d3a8-4fcd-be66-7dd33cc65450@group-82058D8C8B2C:LeaderElection2] INFO  server.RaftServerConfigKeys (ConfUtils.java:logGet(43)) - raft.server.watch.element-limit = 65536 (default)
2019-09-17 07:48:44,036 [ca285669-a50d-47e6-86d6-d52ab3f38b6e@group-E6AD349B5BE1:LeaderElection3] INFO  impl.LeaderElection (LeaderElection.java:askForVotes(182)) - ca285669-a50d-47e6-86d6-d52ab3f38b6e@group-E6AD349B5BE1:LeaderElection3: begin an election at term 1 for -1: [ca285669-a50d-47e6-86d6-d52ab3f38b6e:192.168.157.246:33597], old=null
2019-09-17 07:48:44,036 [ca285669-a50d-47e6-86d6-d52ab3f38b6e@group-E6AD349B5BE1:LeaderElection3] INFO  impl.RoleInfo (RoleInfo.java:shutdownLeaderElection(134)) - ca285669-a50d-47e6-86d6-d52ab3f38b6e: shutdown LeaderElection
2019-09-17 07:48:44,037 [ca285669-a50d-47e6-86d6-d52ab3f38b6e@group-E6AD349B5BE1:LeaderElection3] INFO  impl.RaftServerImpl (RaftServerImpl.java:setRole(174)) - ca285669-a50d-47e6-86d6-d52ab3f38b6e@group-E6AD349B5BE1: changes role from CANDIDATE to LEADER at term 1 for changeToLeader
2019-09-17 07:48:44,037 [ca285669-a50d-47e6-86d6-d52ab3f38b6e@group-E6AD349B5BE1:LeaderElection3] INFO  impl.RaftServerImpl (ServerState.java:setLeader(253)) - ca285669-a50d-47e6-86d6-d52ab3f38b6e@group-E6AD349B5BE1: change Leader from null to ca285669-a50d-47e6-86d6-d52ab3f38b6e at term 1 for becomeLeader, leader elected after 5073ms
2019-09-17 07:48:44,038 [ca285669-a50d-47e6-86d6-d52ab3f38b6e@group-E6AD349B5BE1:LeaderElection3] INFO  server.RaftServerConfigKeys (ConfUtils.java:logGet(43)) - raft.server.staging.catchup.gap = 1000 (default)
2019-09-17 07:48:44,038 [ca285669-a50d-47e6-86d6-d52ab3f38b6e@group-E6AD349B5BE1:LeaderElection3] INFO  server.RaftServerConfigKeys (ConfUtils.java:logGet(43)) - raft.server.rpc.sleep.time = 25ms (default)
2019-09-17 07:48:44,038 [ca285669-a50d-47e6-86d6-d52ab3f38b6e@group-E6AD349B5BE1:LeaderElection3] INFO  server.RaftServerConfigKeys (ConfUtils.java:logGet(43)) - raft.server.write.element-limit = 4096 (default)
2019-09-17 07:48:44,038 [ca285669-a50d-47e6-86d6-d52ab3f38b6e@group-E6AD349B5BE1:LeaderElection3] INFO  server.RaftServerConfigKeys (ConfUtils.java:logGet(43)) - raft.server.watch.timeout = 10s (default)
2019-09-17 07:48:44,039 [ca285669-a50d-47e6-86d6-d52ab3f38b6e@group-E6AD349B5BE1:LeaderElection3] INFO  server.RaftServerConfigKeys (ConfUtils.java:logGet(43)) - raft.server.watch.timeout.denomination = 1s (default)
2019-09-17 07:48:44,039 [ca285669-a50d-47e6-86d6-d52ab3f38b6e@group-E6AD349B5BE1:LeaderElection3] INFO  server.RaftServerConfigKeys (ConfUtils.java:logGet(43)) - raft.server.watch.element-limit = 65536 (default)
2019-09-17 07:48:44,039 [35face44-d3a8-4fcd-be66-7dd33cc65450@group-82058D8C8B2C:LeaderElection2] INFO  impl.RoleInfo (RoleInfo.java:updateAndGet(143)) - 35face44-d3a8-4fcd-be66-7dd33cc65450: start LeaderState
2019-09-17 07:48:44,040 [35face44-d3a8-4fcd-be66-7dd33cc65450@group-82058D8C8B2C:LeaderElection2] INFO  segmented.SegmentedRaftLogWorker (SegmentedRaftLogWorker.java:startLogSegment(380)) - 35face44-d3a8-4fcd-be66-7dd33cc65450@group-82058D8C8B2C-SegmentedRaftLogWorker: Starting segment from index:0
2019-09-17 07:48:44,040 [35face44-d3a8-4fcd-be66-7dd33cc65450@group-82058D8C8B2C:LeaderElection2] INFO  impl.RaftServerImpl (ServerState.java:setRaftConf(354)) - 35face44-d3a8-4fcd-be66-7dd33cc65450@group-82058D8C8B2C: set configuration 0: [35face44-d3a8-4fcd-be66-7dd33cc65450:192.168.157.246:37837], old=null at 0
2019-09-17 07:48:44,042 [ca285669-a50d-47e6-86d6-d52ab3f38b6e@group-E6AD349B5BE1:LeaderElection3] INFO  impl.RoleInfo (RoleInfo.java:updateAndGet(143)) - ca285669-a50d-47e6-86d6-d52ab3f38b6e: start LeaderState
2019-09-17 07:48:44,043 [ca285669-a50d-47e6-86d6-d52ab3f38b6e@group-E6AD349B5BE1:LeaderElection3] INFO  segmented.SegmentedRaftLogWorker (SegmentedRaftLogWorker.java:startLogSegment(380)) - ca285669-a50d-47e6-86d6-d52ab3f38b6e@group-E6AD349B5BE1-SegmentedRaftLogWorker: Starting segment from index:0
2019-09-17 07:48:44,043 [ca285669-a50d-47e6-86d6-d52ab3f38b6e@group-E6AD349B5BE1:LeaderElection3] INFO  impl.RaftServerImpl (ServerState.java:setRaftConf(354)) - ca285669-a50d-47e6-86d6-d52ab3f38b6e@group-E6AD349B5BE1: set configuration 0: [ca285669-a50d-47e6-86d6-d52ab3f38b6e:192.168.157.246:33597], old=null at 0
2019-09-17 07:48:44,165 [35face44-d3a8-4fcd-be66-7dd33cc65450@group-82058D8C8B2C-SegmentedRaftLogWorker] INFO  segmented.SegmentedRaftLogWorker (SegmentedRaftLogWorker.java:execute(569)) - 35face44-d3a8-4fcd-be66-7dd33cc65450@group-82058D8C8B2C-SegmentedRaftLogWorker: created new log segment /workdir/hadoop-ozone/integration-test/target/test-dir/MiniOzoneClusterImpl-fa8c8cf8-ca3f-4ece-8fa8-d4681a0085a7/datanode-2/data/ratis/14b8fb27-2aca-410d-9c81-82058d8c8b2c/current/log_inprogress_0
2019-09-17 07:48:44,165 [ca285669-a50d-47e6-86d6-d52ab3f38b6e@group-E6AD349B5BE1-SegmentedRaftLogWorker] INFO  segmented.SegmentedRaftLogWorker (SegmentedRaftLogWorker.java:execute(569)) - ca285669-a50d-47e6-86d6-d52ab3f38b6e@group-E6AD349B5BE1-SegmentedRaftLogWorker: created new log segment /workdir/hadoop-ozone/integration-test/target/test-dir/MiniOzoneClusterImpl-fa8c8cf8-ca3f-4ece-8fa8-d4681a0085a7/datanode-1/data/ratis/53395663-fdc8-4847-9e0e-e6ad349b5be1/current/log_inprogress_0
2019-09-17 07:48:44,165 [f104376c-2ece-4e9a-9f13-ae7b76b93604@group-694713B1C0A7-SegmentedRaftLogWorker] INFO  segmented.SegmentedRaftLogWorker (SegmentedRaftLogWorker.java:execute(569)) - f104376c-2ece-4e9a-9f13-ae7b76b93604@group-694713B1C0A7-SegmentedRaftLogWorker: created new log segment /workdir/hadoop-ozone/integration-test/target/test-dir/MiniOzoneClusterImpl-fa8c8cf8-ca3f-4ece-8fa8-d4681a0085a7/datanode-0/data/ratis/4a41642c-68fb-46cb-b820-694713b1c0a7/current/log_inprogress_0
2019-09-17 07:48:44,214 [Thread-204] INFO  impl.FollowerState (FollowerState.java:run(106)) - f2633ce3-784c-4b2a-9575-61c95615b640:group-99A738F53525 changes to CANDIDATE, lastRpcTime:5127, electionTimeout:5127ms
2019-09-17 07:48:44,215 [Thread-204] INFO  impl.RoleInfo (RoleInfo.java:shutdownFollowerState(121)) - f2633ce3-784c-4b2a-9575-61c95615b640: shutdown FollowerState
2019-09-17 07:48:44,215 [Thread-204] INFO  impl.RaftServerImpl (RaftServerImpl.java:setRole(174)) - f2633ce3-784c-4b2a-9575-61c95615b640@group-99A738F53525: changes role from  FOLLOWER to CANDIDATE at term 0 for changeToCandidate
2019-09-17 07:48:44,215 [Thread-204] INFO  impl.RoleInfo (RoleInfo.java:updateAndGet(143)) - f2633ce3-784c-4b2a-9575-61c95615b640: start LeaderElection
2019-09-17 07:48:44,217 [Thread-210] INFO  impl.FollowerState (FollowerState.java:run(106)) - f104376c-2ece-4e9a-9f13-ae7b76b93604:group-587F65A3D720 changes to CANDIDATE, lastRpcTime:5026, electionTimeout:5025ms
2019-09-17 07:48:44,220 [Thread-210] INFO  impl.RoleInfo (RoleInfo.java:shutdownFollowerState(121)) - f104376c-2ece-4e9a-9f13-ae7b76b93604: shutdown FollowerState
2019-09-17 07:48:44,220 [Thread-210] INFO  impl.RaftServerImpl (RaftServerImpl.java:setRole(174)) - f104376c-2ece-4e9a-9f13-ae7b76b93604@group-587F65A3D720: changes role from  FOLLOWER to CANDIDATE at term 0 for changeToCandidate
2019-09-17 07:48:44,220 [Thread-210] INFO  impl.RoleInfo (RoleInfo.java:updateAndGet(143)) - f104376c-2ece-4e9a-9f13-ae7b76b93604: start LeaderElection
2019-09-17 07:48:44,233 [f104376c-2ece-4e9a-9f13-ae7b76b93604@group-587F65A3D720:LeaderElection5] INFO  impl.LeaderElection (LeaderElection.java:askForVotes(182)) - f104376c-2ece-4e9a-9f13-ae7b76b93604@group-587F65A3D720:LeaderElection5: begin an election at term 1 for -1: [35face44-d3a8-4fcd-be66-7dd33cc65450:192.168.157.246:37837, ca285669-a50d-47e6-86d6-d52ab3f38b6e:192.168.157.246:33597, f104376c-2ece-4e9a-9f13-ae7b76b93604:192.168.157.246:35943], old=null
2019-09-17 07:48:44,233 [f2633ce3-784c-4b2a-9575-61c95615b640@group-99A738F53525:LeaderElection4] INFO  impl.LeaderElection (LeaderElection.java:askForVotes(182)) - f2633ce3-784c-4b2a-9575-61c95615b640@group-99A738F53525:LeaderElection4: begin an election at term 1 for -1: [f2633ce3-784c-4b2a-9575-61c95615b640:192.168.157.246:40549], old=null
2019-09-17 07:48:44,233 [f2633ce3-784c-4b2a-9575-61c95615b640@group-99A738F53525:LeaderElection4] INFO  impl.RoleInfo (RoleInfo.java:shutdownLeaderElection(134)) - f2633ce3-784c-4b2a-9575-61c95615b640: shutdown LeaderElection
2019-09-17 07:48:44,234 [f2633ce3-784c-4b2a-9575-61c95615b640@group-99A738F53525:LeaderElection4] INFO  impl.RaftServerImpl (RaftServerImpl.java:setRole(174)) - f2633ce3-784c-4b2a-9575-61c95615b640@group-99A738F53525: changes role from CANDIDATE to LEADER at term 1 for changeToLeader
2019-09-17 07:48:44,234 [f2633ce3-784c-4b2a-9575-61c95615b640@group-99A738F53525:LeaderElection4] INFO  impl.RaftServerImpl (ServerState.java:setLeader(253)) - f2633ce3-784c-4b2a-9575-61c95615b640@group-99A738F53525: change Leader from null to f2633ce3-784c-4b2a-9575-61c95615b640 at term 1 for becomeLeader, leader elected after 5163ms
2019-09-17 07:48:44,235 [f2633ce3-784c-4b2a-9575-61c95615b640@group-99A738F53525:LeaderElection4] INFO  server.RaftServerConfigKeys (ConfUtils.java:logGet(43)) - raft.server.staging.catchup.gap = 1000 (default)
2019-09-17 07:48:44,236 [f2633ce3-784c-4b2a-9575-61c95615b640@group-99A738F53525:LeaderElection4] INFO  server.RaftServerConfigKeys (ConfUtils.java:logGet(43)) - raft.server.rpc.sleep.time = 25ms (default)
2019-09-17 07:48:44,236 [f2633ce3-784c-4b2a-9575-61c95615b640@group-99A738F53525:LeaderElection4] INFO  server.RaftServerConfigKeys (ConfUtils.java:logGet(43)) - raft.server.write.element-limit = 4096 (default)
2019-09-17 07:48:44,236 [f2633ce3-784c-4b2a-9575-61c95615b640@group-99A738F53525:LeaderElection4] INFO  server.RaftServerConfigKeys (ConfUtils.java:logGet(43)) - raft.server.watch.timeout = 10s (default)
2019-09-17 07:48:44,236 [f2633ce3-784c-4b2a-9575-61c95615b640@group-99A738F53525:LeaderElection4] INFO  server.RaftServerConfigKeys (ConfUtils.java:logGet(43)) - raft.server.watch.timeout.denomination = 1s (default)
2019-09-17 07:48:44,236 [f2633ce3-784c-4b2a-9575-61c95615b640@group-99A738F53525:LeaderElection4] INFO  server.RaftServerConfigKeys (ConfUtils.java:logGet(43)) - raft.server.watch.element-limit = 65536 (default)
2019-09-17 07:48:44,239 [f2633ce3-784c-4b2a-9575-61c95615b640@group-99A738F53525:LeaderElection4] INFO  impl.RoleInfo (RoleInfo.java:updateAndGet(143)) - f2633ce3-784c-4b2a-9575-61c95615b640: start LeaderState
2019-09-17 07:48:44,239 [f2633ce3-784c-4b2a-9575-61c95615b640@group-99A738F53525:LeaderElection4] INFO  segmented.SegmentedRaftLogWorker (SegmentedRaftLogWorker.java:startLogSegment(380)) - f2633ce3-784c-4b2a-9575-61c95615b640@group-99A738F53525-SegmentedRaftLogWorker: Starting segment from index:0
2019-09-17 07:48:44,240 [f2633ce3-784c-4b2a-9575-61c95615b640@group-99A738F53525:LeaderElection4] INFO  impl.RaftServerImpl (ServerState.java:setRaftConf(354)) - f2633ce3-784c-4b2a-9575-61c95615b640@group-99A738F53525: set configuration 0: [f2633ce3-784c-4b2a-9575-61c95615b640:192.168.157.246:40549], old=null at 0
2019-09-17 07:48:44,281 [f2633ce3-784c-4b2a-9575-61c95615b640@group-99A738F53525-SegmentedRaftLogWorker] INFO  segmented.SegmentedRaftLogWorker (SegmentedRaftLogWorker.java:execute(569)) - f2633ce3-784c-4b2a-9575-61c95615b640@group-99A738F53525-SegmentedRaftLogWorker: created new log segment /workdir/hadoop-ozone/integration-test/target/test-dir/MiniOzoneClusterImpl-fa8c8cf8-ca3f-4ece-8fa8-d4681a0085a7/datanode-3/data/ratis/562cd31d-7304-4c38-9afa-99a738f53525/current/log_inprogress_0
2019-09-17 07:48:44,295 [grpc-default-executor-1] INFO  impl.RaftServerImpl (RaftServerImpl.java:setRole(174)) - ca285669-a50d-47e6-86d6-d52ab3f38b6e@group-587F65A3D720: changes role from  FOLLOWER to FOLLOWER at term 1 for recognizeCandidate:f104376c-2ece-4e9a-9f13-ae7b76b93604
2019-09-17 07:48:44,295 [grpc-default-executor-0] INFO  impl.RaftServerImpl (RaftServerImpl.java:setRole(174)) - 35face44-d3a8-4fcd-be66-7dd33cc65450@group-587F65A3D720: changes role from  FOLLOWER to FOLLOWER at term 1 for recognizeCandidate:f104376c-2ece-4e9a-9f13-ae7b76b93604
2019-09-17 07:48:44,295 [grpc-default-executor-1] INFO  impl.RoleInfo (RoleInfo.java:shutdownFollowerState(121)) - ca285669-a50d-47e6-86d6-d52ab3f38b6e: shutdown FollowerState
2019-09-17 07:48:44,295 [grpc-default-executor-0] INFO  impl.RoleInfo (RoleInfo.java:shutdownFollowerState(121)) - 35face44-d3a8-4fcd-be66-7dd33cc65450: shutdown FollowerState
2019-09-17 07:48:44,295 [grpc-default-executor-1] INFO  impl.RoleInfo (RoleInfo.java:updateAndGet(143)) - ca285669-a50d-47e6-86d6-d52ab3f38b6e: start FollowerState
2019-09-17 07:48:44,296 [Thread-212] INFO  impl.FollowerState (FollowerState.java:run(115)) - ca285669-a50d-47e6-86d6-d52ab3f38b6e: FollowerState was interrupted: java.lang.InterruptedException: sleep interrupted
2019-09-17 07:48:44,296 [grpc-default-executor-0] INFO  impl.RoleInfo (RoleInfo.java:updateAndGet(143)) - 35face44-d3a8-4fcd-be66-7dd33cc65450: start FollowerState
2019-09-17 07:48:44,296 [Thread-214] INFO  impl.FollowerState (FollowerState.java:run(115)) - 35face44-d3a8-4fcd-be66-7dd33cc65450: FollowerState was interrupted: java.lang.InterruptedException: sleep interrupted
2019-09-17 07:48:44,326 [f104376c-2ece-4e9a-9f13-ae7b76b93604@group-587F65A3D720:LeaderElection5] INFO  impl.LeaderElection (LeaderElection.java:logAndReturn(56)) - f104376c-2ece-4e9a-9f13-ae7b76b93604@group-587F65A3D720:LeaderElection5: Election PASSED; received 1 response(s) [f104376c-2ece-4e9a-9f13-ae7b76b93604<-35face44-d3a8-4fcd-be66-7dd33cc65450#0:OK-t1] and 0 exception(s); f104376c-2ece-4e9a-9f13-ae7b76b93604@group-587F65A3D720:t1, leader=null, voted=f104376c-2ece-4e9a-9f13-ae7b76b93604, raftlog=f104376c-2ece-4e9a-9f13-ae7b76b93604@group-587F65A3D720-SegmentedRaftLog:OPENED:c-1,f-1,i0, conf=-1: [35face44-d3a8-4fcd-be66-7dd33cc65450:192.168.157.246:37837, ca285669-a50d-47e6-86d6-d52ab3f38b6e:192.168.157.246:33597, f104376c-2ece-4e9a-9f13-ae7b76b93604:192.168.157.246:35943], old=null
2019-09-17 07:48:44,326 [f104376c-2ece-4e9a-9f13-ae7b76b93604@group-587F65A3D720:LeaderElection5] INFO  impl.RoleInfo (RoleInfo.java:shutdownLeaderElection(134)) - f104376c-2ece-4e9a-9f13-ae7b76b93604: shutdown LeaderElection
2019-09-17 07:48:44,329 [f104376c-2ece-4e9a-9f13-ae7b76b93604@group-587F65A3D720:LeaderElection5] INFO  impl.RaftServerImpl (RaftServerImpl.java:setRole(174)) - f104376c-2ece-4e9a-9f13-ae7b76b93604@group-587F65A3D720: changes role from CANDIDATE to LEADER at term 1 for changeToLeader
2019-09-17 07:48:44,329 [f104376c-2ece-4e9a-9f13-ae7b76b93604@group-587F65A3D720:LeaderElection5] INFO  impl.RaftServerImpl (ServerState.java:setLeader(253)) - f104376c-2ece-4e9a-9f13-ae7b76b93604@group-587F65A3D720: change Leader from null to f104376c-2ece-4e9a-9f13-ae7b76b93604 at term 1 for becomeLeader, leader elected after 5156ms
2019-09-17 07:48:44,329 [f104376c-2ece-4e9a-9f13-ae7b76b93604@group-587F65A3D720:LeaderElection5] INFO  server.RaftServerConfigKeys (ConfUtils.java:logGet(43)) - raft.server.staging.catchup.gap = 1000 (default)
2019-09-17 07:48:44,330 [f104376c-2ece-4e9a-9f13-ae7b76b93604@group-587F65A3D720:LeaderElection5] INFO  server.RaftServerConfigKeys (ConfUtils.java:logGet(43)) - raft.server.rpc.sleep.time = 25ms (default)
2019-09-17 07:48:44,330 [f104376c-2ece-4e9a-9f13-ae7b76b93604@group-587F65A3D720:LeaderElection5] INFO  server.RaftServerConfigKeys (ConfUtils.java:logGet(43)) - raft.server.write.element-limit = 4096 (default)
2019-09-17 07:48:44,330 [f104376c-2ece-4e9a-9f13-ae7b76b93604@group-587F65A3D720:LeaderElection5] INFO  server.RaftServerConfigKeys (ConfUtils.java:logGet(43)) - raft.server.watch.timeout = 10s (default)
2019-09-17 07:48:44,330 [f104376c-2ece-4e9a-9f13-ae7b76b93604@group-587F65A3D720:LeaderElection5] INFO  server.RaftServerConfigKeys (ConfUtils.java:logGet(43)) - raft.server.watch.timeout.denomination = 1s (default)
2019-09-17 07:48:44,330 [f104376c-2ece-4e9a-9f13-ae7b76b93604@group-587F65A3D720:LeaderElection5] INFO  server.RaftServerConfigKeys (ConfUtils.java:logGet(43)) - raft.server.watch.element-limit = 65536 (default)
2019-09-17 07:48:44,336 [f104376c-2ece-4e9a-9f13-ae7b76b93604@group-587F65A3D720:LeaderElection5] INFO  server.RaftServerConfigKeys (ConfUtils.java:logGet(43)) - raft.server.log.appender.snapshot.chunk.size.max = 16MB (=16777216) (default)
2019-09-17 07:48:44,336 [f104376c-2ece-4e9a-9f13-ae7b76b93604@group-587F65A3D720:LeaderElection5] INFO  server.RaftServerConfigKeys (ConfUtils.java:logGet(43)) - raft.server.log.appender.buffer.byte-limit = 33554432 (custom)
2019-09-17 07:48:44,337 [f104376c-2ece-4e9a-9f13-ae7b76b93604@group-587F65A3D720:LeaderElection5] INFO  server.RaftServerConfigKeys (ConfUtils.java:logGet(43)) - raft.server.log.appender.buffer.element-limit = 1 (custom)
2019-09-17 07:48:44,341 [f104376c-2ece-4e9a-9f13-ae7b76b93604@group-587F65A3D720:LeaderElection5] INFO  grpc.GrpcConfigKeys$Server (ConfUtils.java:logGet(43)) - raft.grpc.server.leader.outstanding.appends.max = 128 (default)
2019-09-17 07:48:44,341 [f104376c-2ece-4e9a-9f13-ae7b76b93604@group-587F65A3D720:LeaderElection5] INFO  server.RaftServerConfigKeys (ConfUtils.java:logGet(43)) - raft.server.rpc.request.timeout = 3000ms (default)
2019-09-17 07:48:44,342 [f104376c-2ece-4e9a-9f13-ae7b76b93604@group-587F65A3D720:LeaderElection5] INFO  server.RaftServerConfigKeys (ConfUtils.java:logGet(43)) - raft.server.log.appender.install.snapshot.enabled = false (custom)
2019-09-17 07:48:44,343 [f104376c-2ece-4e9a-9f13-ae7b76b93604@group-587F65A3D720:LeaderElection5] INFO  server.RaftServerConfigKeys (ConfUtils.java:logGet(43)) - raft.server.log.appender.snapshot.chunk.size.max = 16MB (=16777216) (default)
2019-09-17 07:48:44,343 [f104376c-2ece-4e9a-9f13-ae7b76b93604@group-587F65A3D720:LeaderElection5] INFO  server.RaftServerConfigKeys (ConfUtils.java:logGet(43)) - raft.server.log.appender.buffer.byte-limit = 33554432 (custom)
2019-09-17 07:48:44,343 [f104376c-2ece-4e9a-9f13-ae7b76b93604@group-587F65A3D720:LeaderElection5] INFO  server.RaftServerConfigKeys (ConfUtils.java:logGet(43)) - raft.server.log.appender.buffer.element-limit = 1 (custom)
2019-09-17 07:48:44,344 [f104376c-2ece-4e9a-9f13-ae7b76b93604@group-587F65A3D720:LeaderElection5] INFO  grpc.GrpcConfigKeys$Server (ConfUtils.java:logGet(43)) - raft.grpc.server.leader.outstanding.appends.max = 128 (default)
2019-09-17 07:48:44,344 [f104376c-2ece-4e9a-9f13-ae7b76b93604@group-587F65A3D720:LeaderElection5] INFO  server.RaftServerConfigKeys (ConfUtils.java:logGet(43)) - raft.server.rpc.request.timeout = 3000ms (default)
2019-09-17 07:48:44,344 [f104376c-2ece-4e9a-9f13-ae7b76b93604@group-587F65A3D720:LeaderElection5] INFO  server.RaftServerConfigKeys (ConfUtils.java:logGet(43)) - raft.server.log.appender.install.snapshot.enabled = false (custom)
2019-09-17 07:48:44,346 [f104376c-2ece-4e9a-9f13-ae7b76b93604@group-587F65A3D720:LeaderElection5] INFO  impl.RoleInfo (RoleInfo.java:updateAndGet(143)) - f104376c-2ece-4e9a-9f13-ae7b76b93604: start LeaderState
2019-09-17 07:48:44,346 [f104376c-2ece-4e9a-9f13-ae7b76b93604@group-587F65A3D720:LeaderElection5] INFO  segmented.SegmentedRaftLogWorker (SegmentedRaftLogWorker.java:startLogSegment(380)) - f104376c-2ece-4e9a-9f13-ae7b76b93604@group-587F65A3D720-SegmentedRaftLogWorker: Starting segment from index:0
2019-09-17 07:48:44,347 [f104376c-2ece-4e9a-9f13-ae7b76b93604@group-587F65A3D720:LeaderElection5] INFO  impl.RaftServerImpl (ServerState.java:setRaftConf(354)) - f104376c-2ece-4e9a-9f13-ae7b76b93604@group-587F65A3D720: set configuration 0: [35face44-d3a8-4fcd-be66-7dd33cc65450:192.168.157.246:37837, ca285669-a50d-47e6-86d6-d52ab3f38b6e:192.168.157.246:33597, f104376c-2ece-4e9a-9f13-ae7b76b93604:192.168.157.246:35943], old=null at 0
2019-09-17 07:48:44,390 [f104376c-2ece-4e9a-9f13-ae7b76b93604@group-587F65A3D720-SegmentedRaftLogWorker] INFO  segmented.SegmentedRaftLogWorker (SegmentedRaftLogWorker.java:execute(569)) - f104376c-2ece-4e9a-9f13-ae7b76b93604@group-587F65A3D720-SegmentedRaftLogWorker: created new log segment /workdir/hadoop-ozone/integration-test/target/test-dir/MiniOzoneClusterImpl-fa8c8cf8-ca3f-4ece-8fa8-d4681a0085a7/datanode-0/data/ratis/c3cd0c11-d8ab-454e-a177-587f65a3d720/current/log_inprogress_0
2019-09-17 07:48:44,410 [grpc-default-executor-1] INFO  impl.RaftServerImpl (ServerState.java:setLeader(253)) - ca285669-a50d-47e6-86d6-d52ab3f38b6e@group-587F65A3D720: change Leader from null to f104376c-2ece-4e9a-9f13-ae7b76b93604 at term 1 for appendEntries, leader elected after 5236ms
2019-09-17 07:48:44,410 [grpc-default-executor-0] INFO  impl.RaftServerImpl (ServerState.java:setLeader(253)) - 35face44-d3a8-4fcd-be66-7dd33cc65450@group-587F65A3D720: change Leader from null to f104376c-2ece-4e9a-9f13-ae7b76b93604 at term 1 for appendEntries, leader elected after 5237ms
2019-09-17 07:48:44,446 [grpc-default-executor-1] INFO  impl.RaftServerImpl (ServerState.java:setRaftConf(354)) - ca285669-a50d-47e6-86d6-d52ab3f38b6e@group-587F65A3D720: set configuration 0: [35face44-d3a8-4fcd-be66-7dd33cc65450:192.168.157.246:37837, ca285669-a50d-47e6-86d6-d52ab3f38b6e:192.168.157.246:33597, f104376c-2ece-4e9a-9f13-ae7b76b93604:192.168.157.246:35943], old=null at 0
2019-09-17 07:48:44,446 [grpc-default-executor-0] INFO  impl.RaftServerImpl (ServerState.java:setRaftConf(354)) - 35face44-d3a8-4fcd-be66-7dd33cc65450@group-587F65A3D720: set configuration 0: [35face44-d3a8-4fcd-be66-7dd33cc65450:192.168.157.246:37837, ca285669-a50d-47e6-86d6-d52ab3f38b6e:192.168.157.246:33597, f104376c-2ece-4e9a-9f13-ae7b76b93604:192.168.157.246:35943], old=null at 0
2019-09-17 07:48:44,446 [grpc-default-executor-1] INFO  segmented.SegmentedRaftLogWorker (SegmentedRaftLogWorker.java:startLogSegment(380)) - ca285669-a50d-47e6-86d6-d52ab3f38b6e@group-587F65A3D720-SegmentedRaftLogWorker: Starting segment from index:0
2019-09-17 07:48:44,446 [grpc-default-executor-0] INFO  segmented.SegmentedRaftLogWorker (SegmentedRaftLogWorker.java:startLogSegment(380)) - 35face44-d3a8-4fcd-be66-7dd33cc65450@group-587F65A3D720-SegmentedRaftLogWorker: Starting segment from index:0
2019-09-17 07:48:44,498 [ca285669-a50d-47e6-86d6-d52ab3f38b6e@group-587F65A3D720-SegmentedRaftLogWorker] INFO  segmented.SegmentedRaftLogWorker (SegmentedRaftLogWorker.java:execute(569)) - ca285669-a50d-47e6-86d6-d52ab3f38b6e@group-587F65A3D720-SegmentedRaftLogWorker: created new log segment /workdir/hadoop-ozone/integration-test/target/test-dir/MiniOzoneClusterImpl-fa8c8cf8-ca3f-4ece-8fa8-d4681a0085a7/datanode-1/data/ratis/c3cd0c11-d8ab-454e-a177-587f65a3d720/current/log_inprogress_0
2019-09-17 07:48:44,498 [35face44-d3a8-4fcd-be66-7dd33cc65450@group-587F65A3D720-SegmentedRaftLogWorker] INFO  segmented.SegmentedRaftLogWorker (SegmentedRaftLogWorker.java:execute(569)) - 35face44-d3a8-4fcd-be66-7dd33cc65450@group-587F65A3D720-SegmentedRaftLogWorker: created new log segment /workdir/hadoop-ozone/integration-test/target/test-dir/MiniOzoneClusterImpl-fa8c8cf8-ca3f-4ece-8fa8-d4681a0085a7/datanode-2/data/ratis/c3cd0c11-d8ab-454e-a177-587f65a3d720/current/log_inprogress_0
2019-09-17 07:48:44,512 [grpc-default-executor-1] INFO  client.GrpcClientProtocolClient (GrpcClientProtocolClient.java:onNext(264)) - client-BD8C362A68F0->35face44-d3a8-4fcd-be66-7dd33cc65450: receive RaftClientReply:client-BD8C362A68F0->35face44-d3a8-4fcd-be66-7dd33cc65450@group-587F65A3D720, cid=8, FAILED org.apache.ratis.protocol.NotLeaderException: Server 35face44-d3a8-4fcd-be66-7dd33cc65450@group-587F65A3D720 is not the leader f104376c-2ece-4e9a-9f13-ae7b76b93604:192.168.157.246:35943, logIndex=0, commits[35face44-d3a8-4fcd-be66-7dd33cc65450:c-1, ca285669-a50d-47e6-86d6-d52ab3f38b6e:c-1, f104376c-2ece-4e9a-9f13-ae7b76b93604:c0]
2019-09-17 07:48:44,760 [grpc-default-executor-0] INFO  client.GrpcClientProtocolClient (GrpcClientProtocolClient.java:onNext(264)) - client-BD8C362A68F0->f104376c-2ece-4e9a-9f13-ae7b76b93604: receive RaftClientReply:client-BD8C362A68F0->f104376c-2ece-4e9a-9f13-ae7b76b93604@group-587F65A3D720, cid=8, SUCCESS, logIndex=1, commits[f104376c-2ece-4e9a-9f13-ae7b76b93604:c2, 35face44-d3a8-4fcd-be66-7dd33cc65450:c1, ca285669-a50d-47e6-86d6-d52ab3f38b6e:c1]
2019-09-17 07:48:44,845 [grpc-default-executor-1] INFO  client.GrpcClientProtocolClient (GrpcClientProtocolClient.java:onNext(264)) - client-BD8C362A68F0->f104376c-2ece-4e9a-9f13-ae7b76b93604: receive RaftClientReply:client-BD8C362A68F0->f104376c-2ece-4e9a-9f13-ae7b76b93604@group-587F65A3D720, cid=10, SUCCESS, logIndex=3, commits[f104376c-2ece-4e9a-9f13-ae7b76b93604:c4, 35face44-d3a8-4fcd-be66-7dd33cc65450:c3, ca285669-a50d-47e6-86d6-d52ab3f38b6e:c3]
2019-09-17 07:48:44,875 [main] ERROR container.ContainerStateManager (ContainerStateManager.java:updateContainerState(335)) - Failed to update container state #1, reason: invalid state transition from state: CLOSING upon event: FINALIZE.
]]></system-out>
    <system-err><![CDATA[ERROR StatusLogger No Log4j 2 configuration file found. Using default configuration (logging only errors to the console), or user programmatically provided configurations. Set system property 'log4j2.debug' to show Log4j 2 internal initialization logging. See https://logging.apache.org/log4j/2.x/manual/configuration.html for instructions on how to configure Log4j 2
]]></system-err>
  </testcase>
</testsuite>