<?xml version="1.0" encoding="UTF-8"?>
<testsuite xmlns:xsi="http://www.w3.org/2001/XMLSchema-instance" xsi:noNamespaceSchemaLocation="https://maven.apache.org/surefire/maven-surefire-plugin/xsd/surefire-test-report.xsd" name="org.apache.hadoop.ozone.client.rpc.TestBlockOutputStreamWithFailures" time="864.736" tests="8" errors="0" skipped="0" failures="1">
  <properties>
    <property name="awt.toolkit" value="sun.awt.X11.XToolkit"/>
    <property name="file.encoding.pkg" value="sun.io"/>
    <property name="java.specification.version" value="1.8"/>
    <property name="sun.cpu.isalist" value=""/>
    <property name="sun.jnu.encoding" value="UTF-8"/>
    <property name="java.class.path" value="/workdir/hadoop-ozone/integration-test/target/test-classes:/workdir/hadoop-ozone/integration-test/target/classes:/home/user/.m2/repository/org/apache/hadoop/hadoop-ozone-common/0.5.0-SNAPSHOT/hadoop-ozone-common-0.5.0-SNAPSHOT.jar:/home/user/.m2/repository/org/apache/commons/commons-compress/1.4.1/commons-compress-1.4.1.jar:/home/user/.m2/repository/org/tukaani/xz/1.0/xz-1.0.jar:/home/user/.m2/repository/org/apache/hadoop/hadoop-common/3.2.0/hadoop-common-3.2.0.jar:/home/user/.m2/repository/org/apache/hadoop/hadoop-hdfs/3.2.0/hadoop-hdfs-3.2.0.jar:/home/user/.m2/repository/org/apache/hadoop/hadoop-hdfs-client/3.2.0/hadoop-hdfs-client-3.2.0.jar:/home/user/.m2/repository/com/fasterxml/jackson/core/jackson-annotations/2.9.5/jackson-annotations-2.9.5.jar:/home/user/.m2/repository/org/apache/hadoop/hadoop-hdds-common/0.5.0-SNAPSHOT/hadoop-hdds-common-0.5.0-SNAPSHOT.jar:/home/user/.m2/repository/javax/annotation/javax.annotation-api/1.2/javax.annotation-api-1.2.jar:/home/user/.m2/repository/org/apache/ratis/ratis-server/0.4.0-78e95b9-SNAPSHOT/ratis-server-0.4.0-78e95b9-SNAPSHOT.jar:/home/user/.m2/repository/org/apache/ratis/ratis-thirdparty-misc/0.2.0/ratis-thirdparty-misc-0.2.0.jar:/home/user/.m2/repository/org/apache/ratis/ratis-proto/0.4.0-78e95b9-SNAPSHOT/ratis-proto-0.4.0-78e95b9-SNAPSHOT.jar:/home/user/.m2/repository/org/apache/ratis/ratis-common/0.4.0-78e95b9-SNAPSHOT/ratis-common-0.4.0-78e95b9-SNAPSHOT.jar:/home/user/.m2/repository/org/apache/ratis/ratis-client/0.4.0-78e95b9-SNAPSHOT/ratis-client-0.4.0-78e95b9-SNAPSHOT.jar:/home/user/.m2/repository/org/apache/ratis/ratis-metrics/0.4.0-78e95b9-SNAPSHOT/ratis-metrics-0.4.0-78e95b9-SNAPSHOT.jar:/home/user/.m2/repository/com/github/joshelser/dropwizard-metrics-hadoop-metrics2-reporter/0.1.2/dropwizard-metrics-hadoop-metrics2-reporter-0.1.2.jar:/home/user/.m2/repository/io/dropwizard/metrics/metrics-jvm/3.2.5/metrics-jvm-3.2.5.jar:/home/user/.m2/repository/io/dropwizard/metrics/metrics-ganglia/3.2.5/metrics-ganglia-3.2.5.jar:/home/user/.m2/repository/info/ganglia/gmetric4j/gmetric4j/1.0.7/gmetric4j-1.0.7.jar:/home/user/.m2/repository/org/apache/ratis/ratis-netty/0.4.0-78e95b9-SNAPSHOT/ratis-netty-0.4.0-78e95b9-SNAPSHOT.jar:/home/user/.m2/repository/org/apache/ratis/ratis-grpc/0.4.0-78e95b9-SNAPSHOT/ratis-grpc-0.4.0-78e95b9-SNAPSHOT.jar:/home/user/.m2/repository/org/rocksdb/rocksdbjni/6.0.1/rocksdbjni-6.0.1.jar:/home/user/.m2/repository/org/apache/logging/log4j/log4j-api/2.11.0/log4j-api-2.11.0.jar:/home/user/.m2/repository/org/apache/logging/log4j/log4j-core/2.11.0/log4j-core-2.11.0.jar:/home/user/.m2/repository/com/lmax/disruptor/3.4.2/disruptor-3.4.2.jar:/home/user/.m2/repository/org/apache/commons/commons-pool2/2.6.0/commons-pool2-2.6.0.jar:/home/user/.m2/repository/org/bouncycastle/bcpkix-jdk15on/1.60/bcpkix-jdk15on-1.60.jar:/home/user/.m2/repository/commons-validator/commons-validator/1.6/commons-validator-1.6.jar:/home/user/.m2/repository/commons-digester/commons-digester/1.8.1/commons-digester-1.8.1.jar:/home/user/.m2/repository/io/jaegertracing/jaeger-client/0.33.1/jaeger-client-0.33.1.jar:/home/user/.m2/repository/io/jaegertracing/jaeger-thrift/0.33.1/jaeger-thrift-0.33.1.jar:/home/user/.m2/repository/org/apache/thrift/libthrift/0.11.0/libthrift-0.11.0.jar:/home/user/.m2/repository/com/squareup/okhttp3/okhttp/3.9.0/okhttp-3.9.0.jar:/home/user/.m2/repository/com/squareup/okio/okio/1.13.0/okio-1.13.0.jar:/home/user/.m2/repository/io/jaegertracing/jaeger-core/0.33.1/jaeger-core-0.33.1.jar:/home/user/.m2/repository/io/jaegertracing/jaeger-tracerresolver/0.33.1/jaeger-tracerresolver-0.33.1.jar:/home/user/.m2/repository/io/opentracing/contrib/opentracing-tracerresolver/0.1.5/opentracing-tracerresolver-0.1.5.jar:/home/user/.m2/repository/io/opentracing/opentracing-util/0.31.0/opentracing-util-0.31.0.jar:/home/user/.m2/repository/io/opentracing/opentracing-api/0.31.0/opentracing-api-0.31.0.jar:/home/user/.m2/repository/io/opentracing/opentracing-noop/0.31.0/opentracing-noop-0.31.0.jar:/home/user/.m2/repository/org/apache/hadoop/hadoop-hdds-server-framework/0.5.0-SNAPSHOT/hadoop-hdds-server-framework-0.5.0-SNAPSHOT.jar:/home/user/.m2/repository/org/apache/hadoop/hadoop-hdds-container-service/0.5.0-SNAPSHOT/hadoop-hdds-container-service-0.5.0-SNAPSHOT.jar:/home/user/.m2/repository/org/apache/hadoop/hadoop-hdds-client/0.5.0-SNAPSHOT/hadoop-hdds-client-0.5.0-SNAPSHOT.jar:/home/user/.m2/repository/org/apache/hadoop/hadoop-hdds-tools/0.5.0-SNAPSHOT/hadoop-hdds-tools-0.5.0-SNAPSHOT.jar:/home/user/.m2/repository/org/apache/hadoop/hadoop-hdds-server-scm/0.5.0-SNAPSHOT/hadoop-hdds-server-scm-0.5.0-SNAPSHOT.jar:/home/user/.m2/repository/org/apache/hadoop/hadoop-hdds-docs/0.5.0-SNAPSHOT/hadoop-hdds-docs-0.5.0-SNAPSHOT.jar:/home/user/.m2/repository/io/dropwizard/metrics/metrics-core/3.2.4/metrics-core-3.2.4.jar:/home/user/.m2/repository/org/hamcrest/hamcrest-all/1.3/hamcrest-all-1.3.jar:/home/user/.m2/repository/org/bouncycastle/bcprov-jdk15on/1.60/bcprov-jdk15on-1.60.jar:/home/user/.m2/repository/info/picocli/picocli/3.9.6/picocli-3.9.6.jar:/home/user/.m2/repository/com/google/protobuf/protobuf-java/2.5.0/protobuf-java-2.5.0.jar:/home/user/.m2/repository/com/google/guava/guava/11.0.2/guava-11.0.2.jar:/home/user/.m2/repository/org/apache/hadoop/hadoop-ozone-ozone-manager/0.5.0-SNAPSHOT/hadoop-ozone-ozone-manager-0.5.0-SNAPSHOT.jar:/home/user/.m2/repository/org/apache/hadoop/hadoop-minikdc/3.2.0/hadoop-minikdc-3.2.0.jar:/home/user/.m2/repository/commons-io/commons-io/2.5/commons-io-2.5.jar:/home/user/.m2/repository/org/apache/kerby/kerb-simplekdc/1.0.1/kerb-simplekdc-1.0.1.jar:/home/user/.m2/repository/org/apache/kerby/kerb-client/1.0.1/kerb-client-1.0.1.jar:/home/user/.m2/repository/org/apache/kerby/kerby-config/1.0.1/kerby-config-1.0.1.jar:/home/user/.m2/repository/org/apache/kerby/kerb-core/1.0.1/kerb-core-1.0.1.jar:/home/user/.m2/repository/org/apache/kerby/kerby-pkix/1.0.1/kerby-pkix-1.0.1.jar:/home/user/.m2/repository/org/apache/kerby/kerby-asn1/1.0.1/kerby-asn1-1.0.1.jar:/home/user/.m2/repository/org/apache/kerby/kerby-util/1.0.1/kerby-util-1.0.1.jar:/home/user/.m2/repository/org/apache/kerby/kerb-common/1.0.1/kerb-common-1.0.1.jar:/home/user/.m2/repository/org/apache/kerby/kerb-crypto/1.0.1/kerb-crypto-1.0.1.jar:/home/user/.m2/repository/org/apache/kerby/kerb-util/1.0.1/kerb-util-1.0.1.jar:/home/user/.m2/repository/org/apache/kerby/token-provider/1.0.1/token-provider-1.0.1.jar:/home/user/.m2/repository/org/apache/kerby/kerb-admin/1.0.1/kerb-admin-1.0.1.jar:/home/user/.m2/repository/org/apache/kerby/kerb-server/1.0.1/kerb-server-1.0.1.jar:/home/user/.m2/repository/org/apache/kerby/kerb-identity/1.0.1/kerb-identity-1.0.1.jar:/home/user/.m2/repository/org/apache/kerby/kerby-xdr/1.0.1/kerby-xdr-1.0.1.jar:/home/user/.m2/repository/org/slf4j/slf4j-log4j12/1.7.25/slf4j-log4j12-1.7.25.jar:/home/user/.m2/repository/org/apache/hadoop/hadoop-ozone-s3gateway/0.5.0-SNAPSHOT/hadoop-ozone-s3gateway-0.5.0-SNAPSHOT.jar:/home/user/.m2/repository/org/jboss/weld/servlet/weld-servlet/2.4.7.Final/weld-servlet-2.4.7.Final.jar:/home/user/.m2/repository/org/glassfish/jersey/containers/jersey-container-servlet-core/2.27/jersey-container-servlet-core-2.27.jar:/home/user/.m2/repository/org/glassfish/hk2/external/javax.inject/2.5.0-b42/javax.inject-2.5.0-b42.jar:/home/user/.m2/repository/org/glassfish/jersey/core/jersey-common/2.27/jersey-common-2.27.jar:/home/user/.m2/repository/org/glassfish/hk2/osgi-resource-locator/1.0.1/osgi-resource-locator-1.0.1.jar:/home/user/.m2/repository/javax/ws/rs/javax.ws.rs-api/2.1/javax.ws.rs-api-2.1.jar:/home/user/.m2/repository/org/glassfish/jersey/ext/cdi/jersey-cdi1x/2.27/jersey-cdi1x-2.27.jar:/home/user/.m2/repository/org/glassfish/jersey/inject/jersey-hk2/2.27/jersey-hk2-2.27.jar:/home/user/.m2/repository/org/glassfish/hk2/hk2-locator/2.5.0-b42/hk2-locator-2.5.0-b42.jar:/home/user/.m2/repository/org/javassist/javassist/3.22.0-CR2/javassist-3.22.0-CR2.jar:/home/user/.m2/repository/org/glassfish/hk2/hk2-api/2.5.0/hk2-api-2.5.0.jar:/home/user/.m2/repository/org/glassfish/hk2/external/jakarta.inject/2.5.0/jakarta.inject-2.5.0.jar:/home/user/.m2/repository/org/glassfish/hk2/hk2-utils/2.5.0/hk2-utils-2.5.0.jar:/home/user/.m2/repository/jakarta/annotation/jakarta.annotation-api/1.3.4/jakarta.annotation-api-1.3.4.jar:/home/user/.m2/repository/org/glassfish/hk2/external/aopalliance-repackaged/2.5.0/aopalliance-repackaged-2.5.0.jar:/home/user/.m2/repository/com/fasterxml/jackson/dataformat/jackson-dataformat-xml/2.9.0/jackson-dataformat-xml-2.9.0.jar:/home/user/.m2/repository/com/fasterxml/jackson/core/jackson-core/2.9.5/jackson-core-2.9.5.jar:/home/user/.m2/repository/com/fasterxml/jackson/module/jackson-module-jaxb-annotations/2.9.5/jackson-module-jaxb-annotations-2.9.5.jar:/home/user/.m2/repository/javax/enterprise/cdi-api/1.2/cdi-api-1.2.jar:/home/user/.m2/repository/javax/el/javax.el-api/3.0.0/javax.el-api-3.0.0.jar:/home/user/.m2/repository/javax/interceptor/javax.interceptor-api/1.2/javax.interceptor-api-1.2.jar:/home/user/.m2/repository/javax/inject/javax.inject/1/javax.inject-1.jar:/home/user/.m2/repository/com/sun/xml/bind/jaxb-impl/2.3.0.1/jaxb-impl-2.3.0.1.jar:/home/user/.m2/repository/com/sun/xml/bind/jaxb-core/2.3.0.1/jaxb-core-2.3.0.1.jar:/home/user/.m2/repository/javax/xml/bind/jaxb-api/2.3.0/jaxb-api-2.3.0.jar:/home/user/.m2/repository/javax/activation/activation/1.1.1/activation-1.1.1.jar:/home/user/.m2/repository/org/apache/hadoop/hadoop-ozone-csi/0.5.0-SNAPSHOT/hadoop-ozone-csi-0.5.0-SNAPSHOT.jar:/home/user/.m2/repository/com/google/protobuf/protobuf-java-util/3.5.1/protobuf-java-util-3.5.1.jar:/home/user/.m2/repository/org/apache/hadoop/hadoop-hdds-config/0.5.0-SNAPSHOT/hadoop-hdds-config-0.5.0-SNAPSHOT.jar:/home/user/.m2/repository/io/grpc/grpc-netty/1.17.1/grpc-netty-1.17.1.jar:/home/user/.m2/repository/io/grpc/grpc-core/1.17.1/grpc-core-1.17.1.jar:/home/user/.m2/repository/io/grpc/grpc-context/1.17.1/grpc-context-1.17.1.jar:/home/user/.m2/repository/com/google/errorprone/error_prone_annotations/2.2.0/error_prone_annotations-2.2.0.jar:/home/user/.m2/repository/org/codehaus/mojo/animal-sniffer-annotations/1.17/animal-sniffer-annotations-1.17.jar:/home/user/.m2/repository/io/opencensus/opencensus-api/0.17.0/opencensus-api-0.17.0.jar:/home/user/.m2/repository/io/opencensus/opencensus-contrib-grpc-metrics/0.17.0/opencensus-contrib-grpc-metrics-0.17.0.jar:/home/user/.m2/repository/io/netty/netty-codec-http2/4.1.30.Final/netty-codec-http2-4.1.30.Final.jar:/home/user/.m2/repository/io/netty/netty-codec-http/4.1.30.Final/netty-codec-http-4.1.30.Final.jar:/home/user/.m2/repository/io/netty/netty-codec/4.1.30.Final/netty-codec-4.1.30.Final.jar:/home/user/.m2/repository/io/netty/netty-handler/4.1.30.Final/netty-handler-4.1.30.Final.jar:/home/user/.m2/repository/io/netty/netty-handler-proxy/4.1.30.Final/netty-handler-proxy-4.1.30.Final.jar:/home/user/.m2/repository/io/netty/netty-codec-socks/4.1.30.Final/netty-codec-socks-4.1.30.Final.jar:/home/user/.m2/repository/io/netty/netty-transport-native-epoll/4.1.30.Final/netty-transport-native-epoll-4.1.30.Final.jar:/home/user/.m2/repository/io/netty/netty-common/4.1.30.Final/netty-common-4.1.30.Final.jar:/home/user/.m2/repository/io/netty/netty-buffer/4.1.30.Final/netty-buffer-4.1.30.Final.jar:/home/user/.m2/repository/io/netty/netty-transport/4.1.30.Final/netty-transport-4.1.30.Final.jar:/home/user/.m2/repository/io/netty/netty-resolver/4.1.30.Final/netty-resolver-4.1.30.Final.jar:/home/user/.m2/repository/io/netty/netty-transport-native-unix-common/4.1.30.Final/netty-transport-native-unix-common-4.1.30.Final.jar:/home/user/.m2/repository/io/grpc/grpc-protobuf/1.17.1/grpc-protobuf-1.17.1.jar:/home/user/.m2/repository/com/google/api/grpc/proto-google-common-protos/1.0.0/proto-google-common-protos-1.0.0.jar:/home/user/.m2/repository/io/grpc/grpc-protobuf-lite/1.17.1/grpc-protobuf-lite-1.17.1.jar:/home/user/.m2/repository/io/grpc/grpc-stub/1.17.1/grpc-stub-1.17.1.jar:/home/user/.m2/repository/org/apache/hadoop/hadoop-ozone-recon/0.5.0-SNAPSHOT/hadoop-ozone-recon-0.5.0-SNAPSHOT.jar:/home/user/.m2/repository/org/apache/hadoop/hadoop-ozone-reconcodegen/0.5.0-SNAPSHOT/hadoop-ozone-reconcodegen-0.5.0-SNAPSHOT.jar:/home/user/.m2/repository/com/google/inject/extensions/guice-multibindings/4.0/guice-multibindings-4.0.jar:/home/user/.m2/repository/com/google/inject/guice/4.0/guice-4.0.jar:/home/user/.m2/repository/aopalliance/aopalliance/1.0/aopalliance-1.0.jar:/home/user/.m2/repository/com/google/inject/extensions/guice-servlet/4.0/guice-servlet-4.0.jar:/home/user/.m2/repository/org/glassfish/jersey/containers/jersey-container-servlet/2.27/jersey-container-servlet-2.27.jar:/home/user/.m2/repository/org/glassfish/hk2/guice-bridge/2.5.0/guice-bridge-2.5.0.jar:/home/user/.m2/repository/org/glassfish/jersey/core/jersey-server/2.27/jersey-server-2.27.jar:/home/user/.m2/repository/org/glassfish/jersey/core/jersey-client/2.27/jersey-client-2.27.jar:/home/user/.m2/repository/org/glassfish/jersey/media/jersey-media-jaxb/2.27/jersey-media-jaxb-2.27.jar:/home/user/.m2/repository/javax/validation/validation-api/1.1.0.Final/validation-api-1.1.0.Final.jar:/home/user/.m2/repository/org/glassfish/jersey/media/jersey-media-json-jackson/2.27/jersey-media-json-jackson-2.27.jar:/home/user/.m2/repository/org/glassfish/jersey/ext/jersey-entity-filtering/2.27/jersey-entity-filtering-2.27.jar:/home/user/.m2/repository/com/google/inject/extensions/guice-assistedinject/4.0/guice-assistedinject-4.0.jar:/home/user/.m2/repository/org/jooq/jooq/3.11.10/jooq-3.11.10.jar:/home/user/.m2/repository/org/jooq/jooq-meta/3.11.10/jooq-meta-3.11.10.jar:/home/user/.m2/repository/org/jooq/jooq-codegen/3.11.10/jooq-codegen-3.11.10.jar:/home/user/.m2/repository/com/jolbox/bonecp/0.8.0.RELEASE/bonecp-0.8.0.RELEASE.jar:/home/user/.m2/repository/org/xerial/sqlite-jdbc/3.25.2/sqlite-jdbc-3.25.2.jar:/home/user/.m2/repository/org/springframework/spring-jdbc/5.1.3.RELEASE/spring-jdbc-5.1.3.RELEASE.jar:/home/user/.m2/repository/org/springframework/spring-beans/5.1.3.RELEASE/spring-beans-5.1.3.RELEASE.jar:/home/user/.m2/repository/org/springframework/spring-core/5.1.3.RELEASE/spring-core-5.1.3.RELEASE.jar:/home/user/.m2/repository/org/springframework/spring-jcl/5.1.3.RELEASE/spring-jcl-5.1.3.RELEASE.jar:/home/user/.m2/repository/org/springframework/spring-tx/5.1.3.RELEASE/spring-tx-5.1.3.RELEASE.jar:/home/user/.m2/repository/org/apache/hadoop/hadoop-ozone-client/0.5.0-SNAPSHOT/hadoop-ozone-client-0.5.0-SNAPSHOT.jar:/home/user/.m2/repository/commons-lang/commons-lang/2.6/commons-lang-2.6.jar:/home/user/.m2/repository/org/apache/hadoop/hadoop-ozone-ozone-manager/0.5.0-SNAPSHOT/hadoop-ozone-ozone-manager-0.5.0-SNAPSHOT-tests.jar:/home/user/.m2/repository/junit/junit/4.11/junit-4.11.jar:/home/user/.m2/repository/org/hamcrest/hamcrest-core/1.3/hamcrest-core-1.3.jar:/home/user/.m2/repository/org/openjdk/jmh/jmh-core/1.19/jmh-core-1.19.jar:/home/user/.m2/repository/net/sf/jopt-simple/jopt-simple/4.6/jopt-simple-4.6.jar:/home/user/.m2/repository/org/apache/commons/commons-math3/3.1.1/commons-math3-3.1.1.jar:/home/user/.m2/repository/org/openjdk/jmh/jmh-generator-annprocess/1.19/jmh-generator-annprocess-1.19.jar:/home/user/.m2/repository/org/mockito/mockito-all/1.8.5/mockito-all-1.8.5.jar:/home/user/.m2/repository/org/apache/hadoop/hadoop-kms/3.2.0/hadoop-kms-3.2.0.jar:/home/user/.m2/repository/org/apache/hadoop/hadoop-auth/3.2.0/hadoop-auth-3.2.0.jar:/home/user/.m2/repository/com/nimbusds/nimbus-jose-jwt/4.41.1/nimbus-jose-jwt-4.41.1.jar:/home/user/.m2/repository/com/github/stephenc/jcip/jcip-annotations/1.0-1/jcip-annotations-1.0-1.jar:/home/user/.m2/repository/net/minidev/json-smart/2.3/json-smart-2.3.jar:/home/user/.m2/repository/net/minidev/accessors-smart/1.2/accessors-smart-1.2.jar:/home/user/.m2/repository/org/ow2/asm/asm/5.0.4/asm-5.0.4.jar:/home/user/.m2/repository/org/apache/curator/curator-framework/2.12.0/curator-framework-2.12.0.jar:/home/user/.m2/repository/com/sun/jersey/jersey-core/1.19/jersey-core-1.19.jar:/home/user/.m2/repository/javax/ws/rs/jsr311-api/1.1.1/jsr311-api-1.1.1.jar:/home/user/.m2/repository/com/sun/jersey/jersey-server/1.19/jersey-server-1.19.jar:/home/user/.m2/repository/javax/servlet/javax.servlet-api/3.1.0/javax.servlet-api-3.1.0.jar:/home/user/.m2/repository/org/eclipse/jetty/jetty-server/9.3.24.v20180605/jetty-server-9.3.24.v20180605.jar:/home/user/.m2/repository/org/eclipse/jetty/jetty-http/9.3.24.v20180605/jetty-http-9.3.24.v20180605.jar:/home/user/.m2/repository/org/eclipse/jetty/jetty-io/9.3.24.v20180605/jetty-io-9.3.24.v20180605.jar:/home/user/.m2/repository/org/eclipse/jetty/jetty-webapp/9.3.24.v20180605/jetty-webapp-9.3.24.v20180605.jar:/home/user/.m2/repository/org/eclipse/jetty/jetty-xml/9.3.24.v20180605/jetty-xml-9.3.24.v20180605.jar:/home/user/.m2/repository/log4j/log4j/1.2.17/log4j-1.2.17.jar:/home/user/.m2/repository/org/slf4j/slf4j-api/1.7.25/slf4j-api-1.7.25.jar:/home/user/.m2/repository/org/slf4j/jul-to-slf4j/1.7.25/jul-to-slf4j-1.7.25.jar:/home/user/.m2/repository/org/eclipse/jetty/jetty-util/9.3.24.v20180605/jetty-util-9.3.24.v20180605.jar:/home/user/.m2/repository/com/fasterxml/jackson/core/jackson-databind/2.9.5/jackson-databind-2.9.5.jar:/home/user/.m2/repository/org/apache/hadoop/hadoop-kms/3.2.0/hadoop-kms-3.2.0-tests.jar:/home/user/.m2/repository/org/apache/hadoop/hadoop-hdds-server-scm/0.5.0-SNAPSHOT/hadoop-hdds-server-scm-0.5.0-SNAPSHOT-tests.jar:/home/user/.m2/repository/org/apache/hadoop/hadoop-hdds-container-service/0.5.0-SNAPSHOT/hadoop-hdds-container-service-0.5.0-SNAPSHOT-tests.jar:/home/user/.m2/repository/org/yaml/snakeyaml/1.16/snakeyaml-1.16.jar:/home/user/.m2/repository/org/apache/hadoop/hadoop-common/3.2.0/hadoop-common-3.2.0-tests.jar:/home/user/.m2/repository/org/apache/hadoop/hadoop-annotations/3.2.0/hadoop-annotations-3.2.0.jar:/usr/lib/jvm/java-1.8-openjdk/jre/../lib/tools.jar:/home/user/.m2/repository/commons-cli/commons-cli/1.2/commons-cli-1.2.jar:/home/user/.m2/repository/org/apache/httpcomponents/httpclient/4.5.2/httpclient-4.5.2.jar:/home/user/.m2/repository/org/apache/httpcomponents/httpcore/4.4.4/httpcore-4.4.4.jar:/home/user/.m2/repository/commons-codec/commons-codec/1.11/commons-codec-1.11.jar:/home/user/.m2/repository/commons-net/commons-net/3.6/commons-net-3.6.jar:/home/user/.m2/repository/commons-collections/commons-collections/3.2.2/commons-collections-3.2.2.jar:/home/user/.m2/repository/org/eclipse/jetty/jetty-servlet/9.3.24.v20180605/jetty-servlet-9.3.24.v20180605.jar:/home/user/.m2/repository/org/eclipse/jetty/jetty-security/9.3.24.v20180605/jetty-security-9.3.24.v20180605.jar:/home/user/.m2/repository/javax/servlet/jsp/jsp-api/2.1/jsp-api-2.1.jar:/home/user/.m2/repository/com/sun/jersey/jersey-servlet/1.19/jersey-servlet-1.19.jar:/home/user/.m2/repository/com/sun/jersey/jersey-json/1.19/jersey-json-1.19.jar:/home/user/.m2/repository/org/codehaus/jettison/jettison/1.1/jettison-1.1.jar:/home/user/.m2/repository/org/codehaus/jackson/jackson-core-asl/1.9.13/jackson-core-asl-1.9.13.jar:/home/user/.m2/repository/org/codehaus/jackson/jackson-mapper-asl/1.9.13/jackson-mapper-asl-1.9.13.jar:/home/user/.m2/repository/org/codehaus/jackson/jackson-jaxrs/1.9.13/jackson-jaxrs-1.9.13.jar:/home/user/.m2/repository/org/codehaus/jackson/jackson-xc/1.9.13/jackson-xc-1.9.13.jar:/home/user/.m2/repository/commons-logging/commons-logging/1.1.3/commons-logging-1.1.3.jar:/home/user/.m2/repository/commons-beanutils/commons-beanutils/1.9.3/commons-beanutils-1.9.3.jar:/home/user/.m2/repository/org/apache/commons/commons-configuration2/2.1.1/commons-configuration2-2.1.1.jar:/home/user/.m2/repository/org/apache/commons/commons-lang3/3.7/commons-lang3-3.7.jar:/home/user/.m2/repository/org/apache/commons/commons-text/1.4/commons-text-1.4.jar:/home/user/.m2/repository/org/apache/avro/avro/1.7.7/avro-1.7.7.jar:/home/user/.m2/repository/com/thoughtworks/paranamer/paranamer/2.3/paranamer-2.3.jar:/home/user/.m2/repository/org/xerial/snappy/snappy-java/1.0.5/snappy-java-1.0.5.jar:/home/user/.m2/repository/com/google/re2j/re2j/1.1/re2j-1.1.jar:/home/user/.m2/repository/com/google/code/gson/gson/2.2.4/gson-2.2.4.jar:/home/user/.m2/repository/com/jcraft/jsch/0.1.54/jsch-0.1.54.jar:/home/user/.m2/repository/org/apache/curator/curator-client/2.12.0/curator-client-2.12.0.jar:/home/user/.m2/repository/org/apache/curator/curator-recipes/2.12.0/curator-recipes-2.12.0.jar:/home/user/.m2/repository/com/google/code/findbugs/jsr305/3.0.0/jsr305-3.0.0.jar:/home/user/.m2/repository/org/apache/htrace/htrace-core4/4.1.0-incubating/htrace-core4-4.1.0-incubating.jar:/home/user/.m2/repository/org/apache/zookeeper/zookeeper/3.4.13/zookeeper-3.4.13.jar:/home/user/.m2/repository/org/apache/yetus/audience-annotations/0.5.0/audience-annotations-0.5.0.jar:/home/user/.m2/repository/org/codehaus/woodstox/stax2-api/3.1.4/stax2-api-3.1.4.jar:/home/user/.m2/repository/com/fasterxml/woodstox/woodstox-core/5.0.3/woodstox-core-5.0.3.jar:/home/user/.m2/repository/dnsjava/dnsjava/2.1.7/dnsjava-2.1.7.jar:/home/user/.m2/repository/org/apache/hadoop/hadoop-hdfs/3.2.0/hadoop-hdfs-3.2.0-tests.jar:/home/user/.m2/repository/org/eclipse/jetty/jetty-util-ajax/9.3.24.v20180605/jetty-util-ajax-9.3.24.v20180605.jar:/home/user/.m2/repository/commons-daemon/commons-daemon/1.0.13/commons-daemon-1.0.13.jar:/home/user/.m2/repository/io/netty/netty/3.10.5.Final/netty-3.10.5.Final.jar:/home/user/.m2/repository/io/netty/netty-all/4.0.52.Final/netty-all-4.0.52.Final.jar:/home/user/.m2/repository/org/fusesource/leveldbjni/leveldbjni-all/1.8/leveldbjni-all-1.8.jar:"/>
    <property name="java.vm.vendor" value="IcedTea"/>
    <property name="sun.arch.data.model" value="64"/>
    <property name="test.build.dir" value="/workdir/hadoop-ozone/integration-test/target/test-dir"/>
    <property name="test.cache.data" value=""/>
    <property name="java.vendor.url" value="https://icedtea.classpath.org"/>
    <property name="user.timezone" value=""/>
    <property name="java.vm.specification.version" value="1.8"/>
    <property name="os.name" value="Linux"/>
    <property name="test.build.data" value="/workdir/hadoop-ozone/integration-test/target/test-dir"/>
    <property name="user.country" value="US"/>
    <property name="sun.java.launcher" value="SUN_STANDARD"/>
    <property name="sun.boot.library.path" value="/usr/lib/jvm/java-1.8-openjdk/jre/lib/amd64"/>
    <property name="sun.java.command" value="/workdir/hadoop-ozone/integration-test/target/surefire/surefirebooter6270990913800668500.jar /workdir/hadoop-ozone/integration-test/target/surefire 2019-09-17T06-27-28_062-jvmRun1 surefire2475557580756369792tmp surefire_312917745451215887730tmp"/>
    <property name="test" value="!TestMiniChaosOzoneCluster"/>
    <property name="surefire.test.class.path" value="/workdir/hadoop-ozone/integration-test/target/test-classes:/workdir/hadoop-ozone/integration-test/target/classes:/home/user/.m2/repository/org/apache/hadoop/hadoop-ozone-common/0.5.0-SNAPSHOT/hadoop-ozone-common-0.5.0-SNAPSHOT.jar:/home/user/.m2/repository/org/apache/commons/commons-compress/1.4.1/commons-compress-1.4.1.jar:/home/user/.m2/repository/org/tukaani/xz/1.0/xz-1.0.jar:/home/user/.m2/repository/org/apache/hadoop/hadoop-common/3.2.0/hadoop-common-3.2.0.jar:/home/user/.m2/repository/org/apache/hadoop/hadoop-hdfs/3.2.0/hadoop-hdfs-3.2.0.jar:/home/user/.m2/repository/org/apache/hadoop/hadoop-hdfs-client/3.2.0/hadoop-hdfs-client-3.2.0.jar:/home/user/.m2/repository/com/fasterxml/jackson/core/jackson-annotations/2.9.5/jackson-annotations-2.9.5.jar:/home/user/.m2/repository/org/apache/hadoop/hadoop-hdds-common/0.5.0-SNAPSHOT/hadoop-hdds-common-0.5.0-SNAPSHOT.jar:/home/user/.m2/repository/javax/annotation/javax.annotation-api/1.2/javax.annotation-api-1.2.jar:/home/user/.m2/repository/org/apache/ratis/ratis-server/0.4.0-78e95b9-SNAPSHOT/ratis-server-0.4.0-78e95b9-SNAPSHOT.jar:/home/user/.m2/repository/org/apache/ratis/ratis-thirdparty-misc/0.2.0/ratis-thirdparty-misc-0.2.0.jar:/home/user/.m2/repository/org/apache/ratis/ratis-proto/0.4.0-78e95b9-SNAPSHOT/ratis-proto-0.4.0-78e95b9-SNAPSHOT.jar:/home/user/.m2/repository/org/apache/ratis/ratis-common/0.4.0-78e95b9-SNAPSHOT/ratis-common-0.4.0-78e95b9-SNAPSHOT.jar:/home/user/.m2/repository/org/apache/ratis/ratis-client/0.4.0-78e95b9-SNAPSHOT/ratis-client-0.4.0-78e95b9-SNAPSHOT.jar:/home/user/.m2/repository/org/apache/ratis/ratis-metrics/0.4.0-78e95b9-SNAPSHOT/ratis-metrics-0.4.0-78e95b9-SNAPSHOT.jar:/home/user/.m2/repository/com/github/joshelser/dropwizard-metrics-hadoop-metrics2-reporter/0.1.2/dropwizard-metrics-hadoop-metrics2-reporter-0.1.2.jar:/home/user/.m2/repository/io/dropwizard/metrics/metrics-jvm/3.2.5/metrics-jvm-3.2.5.jar:/home/user/.m2/repository/io/dropwizard/metrics/metrics-ganglia/3.2.5/metrics-ganglia-3.2.5.jar:/home/user/.m2/repository/info/ganglia/gmetric4j/gmetric4j/1.0.7/gmetric4j-1.0.7.jar:/home/user/.m2/repository/org/apache/ratis/ratis-netty/0.4.0-78e95b9-SNAPSHOT/ratis-netty-0.4.0-78e95b9-SNAPSHOT.jar:/home/user/.m2/repository/org/apache/ratis/ratis-grpc/0.4.0-78e95b9-SNAPSHOT/ratis-grpc-0.4.0-78e95b9-SNAPSHOT.jar:/home/user/.m2/repository/org/rocksdb/rocksdbjni/6.0.1/rocksdbjni-6.0.1.jar:/home/user/.m2/repository/org/apache/logging/log4j/log4j-api/2.11.0/log4j-api-2.11.0.jar:/home/user/.m2/repository/org/apache/logging/log4j/log4j-core/2.11.0/log4j-core-2.11.0.jar:/home/user/.m2/repository/com/lmax/disruptor/3.4.2/disruptor-3.4.2.jar:/home/user/.m2/repository/org/apache/commons/commons-pool2/2.6.0/commons-pool2-2.6.0.jar:/home/user/.m2/repository/org/bouncycastle/bcpkix-jdk15on/1.60/bcpkix-jdk15on-1.60.jar:/home/user/.m2/repository/commons-validator/commons-validator/1.6/commons-validator-1.6.jar:/home/user/.m2/repository/commons-digester/commons-digester/1.8.1/commons-digester-1.8.1.jar:/home/user/.m2/repository/io/jaegertracing/jaeger-client/0.33.1/jaeger-client-0.33.1.jar:/home/user/.m2/repository/io/jaegertracing/jaeger-thrift/0.33.1/jaeger-thrift-0.33.1.jar:/home/user/.m2/repository/org/apache/thrift/libthrift/0.11.0/libthrift-0.11.0.jar:/home/user/.m2/repository/com/squareup/okhttp3/okhttp/3.9.0/okhttp-3.9.0.jar:/home/user/.m2/repository/com/squareup/okio/okio/1.13.0/okio-1.13.0.jar:/home/user/.m2/repository/io/jaegertracing/jaeger-core/0.33.1/jaeger-core-0.33.1.jar:/home/user/.m2/repository/io/jaegertracing/jaeger-tracerresolver/0.33.1/jaeger-tracerresolver-0.33.1.jar:/home/user/.m2/repository/io/opentracing/contrib/opentracing-tracerresolver/0.1.5/opentracing-tracerresolver-0.1.5.jar:/home/user/.m2/repository/io/opentracing/opentracing-util/0.31.0/opentracing-util-0.31.0.jar:/home/user/.m2/repository/io/opentracing/opentracing-api/0.31.0/opentracing-api-0.31.0.jar:/home/user/.m2/repository/io/opentracing/opentracing-noop/0.31.0/opentracing-noop-0.31.0.jar:/home/user/.m2/repository/org/apache/hadoop/hadoop-hdds-server-framework/0.5.0-SNAPSHOT/hadoop-hdds-server-framework-0.5.0-SNAPSHOT.jar:/home/user/.m2/repository/org/apache/hadoop/hadoop-hdds-container-service/0.5.0-SNAPSHOT/hadoop-hdds-container-service-0.5.0-SNAPSHOT.jar:/home/user/.m2/repository/org/apache/hadoop/hadoop-hdds-client/0.5.0-SNAPSHOT/hadoop-hdds-client-0.5.0-SNAPSHOT.jar:/home/user/.m2/repository/org/apache/hadoop/hadoop-hdds-tools/0.5.0-SNAPSHOT/hadoop-hdds-tools-0.5.0-SNAPSHOT.jar:/home/user/.m2/repository/org/apache/hadoop/hadoop-hdds-server-scm/0.5.0-SNAPSHOT/hadoop-hdds-server-scm-0.5.0-SNAPSHOT.jar:/home/user/.m2/repository/org/apache/hadoop/hadoop-hdds-docs/0.5.0-SNAPSHOT/hadoop-hdds-docs-0.5.0-SNAPSHOT.jar:/home/user/.m2/repository/io/dropwizard/metrics/metrics-core/3.2.4/metrics-core-3.2.4.jar:/home/user/.m2/repository/org/hamcrest/hamcrest-all/1.3/hamcrest-all-1.3.jar:/home/user/.m2/repository/org/bouncycastle/bcprov-jdk15on/1.60/bcprov-jdk15on-1.60.jar:/home/user/.m2/repository/info/picocli/picocli/3.9.6/picocli-3.9.6.jar:/home/user/.m2/repository/com/google/protobuf/protobuf-java/2.5.0/protobuf-java-2.5.0.jar:/home/user/.m2/repository/com/google/guava/guava/11.0.2/guava-11.0.2.jar:/home/user/.m2/repository/org/apache/hadoop/hadoop-ozone-ozone-manager/0.5.0-SNAPSHOT/hadoop-ozone-ozone-manager-0.5.0-SNAPSHOT.jar:/home/user/.m2/repository/org/apache/hadoop/hadoop-minikdc/3.2.0/hadoop-minikdc-3.2.0.jar:/home/user/.m2/repository/commons-io/commons-io/2.5/commons-io-2.5.jar:/home/user/.m2/repository/org/apache/kerby/kerb-simplekdc/1.0.1/kerb-simplekdc-1.0.1.jar:/home/user/.m2/repository/org/apache/kerby/kerb-client/1.0.1/kerb-client-1.0.1.jar:/home/user/.m2/repository/org/apache/kerby/kerby-config/1.0.1/kerby-config-1.0.1.jar:/home/user/.m2/repository/org/apache/kerby/kerb-core/1.0.1/kerb-core-1.0.1.jar:/home/user/.m2/repository/org/apache/kerby/kerby-pkix/1.0.1/kerby-pkix-1.0.1.jar:/home/user/.m2/repository/org/apache/kerby/kerby-asn1/1.0.1/kerby-asn1-1.0.1.jar:/home/user/.m2/repository/org/apache/kerby/kerby-util/1.0.1/kerby-util-1.0.1.jar:/home/user/.m2/repository/org/apache/kerby/kerb-common/1.0.1/kerb-common-1.0.1.jar:/home/user/.m2/repository/org/apache/kerby/kerb-crypto/1.0.1/kerb-crypto-1.0.1.jar:/home/user/.m2/repository/org/apache/kerby/kerb-util/1.0.1/kerb-util-1.0.1.jar:/home/user/.m2/repository/org/apache/kerby/token-provider/1.0.1/token-provider-1.0.1.jar:/home/user/.m2/repository/org/apache/kerby/kerb-admin/1.0.1/kerb-admin-1.0.1.jar:/home/user/.m2/repository/org/apache/kerby/kerb-server/1.0.1/kerb-server-1.0.1.jar:/home/user/.m2/repository/org/apache/kerby/kerb-identity/1.0.1/kerb-identity-1.0.1.jar:/home/user/.m2/repository/org/apache/kerby/kerby-xdr/1.0.1/kerby-xdr-1.0.1.jar:/home/user/.m2/repository/org/slf4j/slf4j-log4j12/1.7.25/slf4j-log4j12-1.7.25.jar:/home/user/.m2/repository/org/apache/hadoop/hadoop-ozone-s3gateway/0.5.0-SNAPSHOT/hadoop-ozone-s3gateway-0.5.0-SNAPSHOT.jar:/home/user/.m2/repository/org/jboss/weld/servlet/weld-servlet/2.4.7.Final/weld-servlet-2.4.7.Final.jar:/home/user/.m2/repository/org/glassfish/jersey/containers/jersey-container-servlet-core/2.27/jersey-container-servlet-core-2.27.jar:/home/user/.m2/repository/org/glassfish/hk2/external/javax.inject/2.5.0-b42/javax.inject-2.5.0-b42.jar:/home/user/.m2/repository/org/glassfish/jersey/core/jersey-common/2.27/jersey-common-2.27.jar:/home/user/.m2/repository/org/glassfish/hk2/osgi-resource-locator/1.0.1/osgi-resource-locator-1.0.1.jar:/home/user/.m2/repository/javax/ws/rs/javax.ws.rs-api/2.1/javax.ws.rs-api-2.1.jar:/home/user/.m2/repository/org/glassfish/jersey/ext/cdi/jersey-cdi1x/2.27/jersey-cdi1x-2.27.jar:/home/user/.m2/repository/org/glassfish/jersey/inject/jersey-hk2/2.27/jersey-hk2-2.27.jar:/home/user/.m2/repository/org/glassfish/hk2/hk2-locator/2.5.0-b42/hk2-locator-2.5.0-b42.jar:/home/user/.m2/repository/org/javassist/javassist/3.22.0-CR2/javassist-3.22.0-CR2.jar:/home/user/.m2/repository/org/glassfish/hk2/hk2-api/2.5.0/hk2-api-2.5.0.jar:/home/user/.m2/repository/org/glassfish/hk2/external/jakarta.inject/2.5.0/jakarta.inject-2.5.0.jar:/home/user/.m2/repository/org/glassfish/hk2/hk2-utils/2.5.0/hk2-utils-2.5.0.jar:/home/user/.m2/repository/jakarta/annotation/jakarta.annotation-api/1.3.4/jakarta.annotation-api-1.3.4.jar:/home/user/.m2/repository/org/glassfish/hk2/external/aopalliance-repackaged/2.5.0/aopalliance-repackaged-2.5.0.jar:/home/user/.m2/repository/com/fasterxml/jackson/dataformat/jackson-dataformat-xml/2.9.0/jackson-dataformat-xml-2.9.0.jar:/home/user/.m2/repository/com/fasterxml/jackson/core/jackson-core/2.9.5/jackson-core-2.9.5.jar:/home/user/.m2/repository/com/fasterxml/jackson/module/jackson-module-jaxb-annotations/2.9.5/jackson-module-jaxb-annotations-2.9.5.jar:/home/user/.m2/repository/javax/enterprise/cdi-api/1.2/cdi-api-1.2.jar:/home/user/.m2/repository/javax/el/javax.el-api/3.0.0/javax.el-api-3.0.0.jar:/home/user/.m2/repository/javax/interceptor/javax.interceptor-api/1.2/javax.interceptor-api-1.2.jar:/home/user/.m2/repository/javax/inject/javax.inject/1/javax.inject-1.jar:/home/user/.m2/repository/com/sun/xml/bind/jaxb-impl/2.3.0.1/jaxb-impl-2.3.0.1.jar:/home/user/.m2/repository/com/sun/xml/bind/jaxb-core/2.3.0.1/jaxb-core-2.3.0.1.jar:/home/user/.m2/repository/javax/xml/bind/jaxb-api/2.3.0/jaxb-api-2.3.0.jar:/home/user/.m2/repository/javax/activation/activation/1.1.1/activation-1.1.1.jar:/home/user/.m2/repository/org/apache/hadoop/hadoop-ozone-csi/0.5.0-SNAPSHOT/hadoop-ozone-csi-0.5.0-SNAPSHOT.jar:/home/user/.m2/repository/com/google/protobuf/protobuf-java-util/3.5.1/protobuf-java-util-3.5.1.jar:/home/user/.m2/repository/org/apache/hadoop/hadoop-hdds-config/0.5.0-SNAPSHOT/hadoop-hdds-config-0.5.0-SNAPSHOT.jar:/home/user/.m2/repository/io/grpc/grpc-netty/1.17.1/grpc-netty-1.17.1.jar:/home/user/.m2/repository/io/grpc/grpc-core/1.17.1/grpc-core-1.17.1.jar:/home/user/.m2/repository/io/grpc/grpc-context/1.17.1/grpc-context-1.17.1.jar:/home/user/.m2/repository/com/google/errorprone/error_prone_annotations/2.2.0/error_prone_annotations-2.2.0.jar:/home/user/.m2/repository/org/codehaus/mojo/animal-sniffer-annotations/1.17/animal-sniffer-annotations-1.17.jar:/home/user/.m2/repository/io/opencensus/opencensus-api/0.17.0/opencensus-api-0.17.0.jar:/home/user/.m2/repository/io/opencensus/opencensus-contrib-grpc-metrics/0.17.0/opencensus-contrib-grpc-metrics-0.17.0.jar:/home/user/.m2/repository/io/netty/netty-codec-http2/4.1.30.Final/netty-codec-http2-4.1.30.Final.jar:/home/user/.m2/repository/io/netty/netty-codec-http/4.1.30.Final/netty-codec-http-4.1.30.Final.jar:/home/user/.m2/repository/io/netty/netty-codec/4.1.30.Final/netty-codec-4.1.30.Final.jar:/home/user/.m2/repository/io/netty/netty-handler/4.1.30.Final/netty-handler-4.1.30.Final.jar:/home/user/.m2/repository/io/netty/netty-handler-proxy/4.1.30.Final/netty-handler-proxy-4.1.30.Final.jar:/home/user/.m2/repository/io/netty/netty-codec-socks/4.1.30.Final/netty-codec-socks-4.1.30.Final.jar:/home/user/.m2/repository/io/netty/netty-transport-native-epoll/4.1.30.Final/netty-transport-native-epoll-4.1.30.Final.jar:/home/user/.m2/repository/io/netty/netty-common/4.1.30.Final/netty-common-4.1.30.Final.jar:/home/user/.m2/repository/io/netty/netty-buffer/4.1.30.Final/netty-buffer-4.1.30.Final.jar:/home/user/.m2/repository/io/netty/netty-transport/4.1.30.Final/netty-transport-4.1.30.Final.jar:/home/user/.m2/repository/io/netty/netty-resolver/4.1.30.Final/netty-resolver-4.1.30.Final.jar:/home/user/.m2/repository/io/netty/netty-transport-native-unix-common/4.1.30.Final/netty-transport-native-unix-common-4.1.30.Final.jar:/home/user/.m2/repository/io/grpc/grpc-protobuf/1.17.1/grpc-protobuf-1.17.1.jar:/home/user/.m2/repository/com/google/api/grpc/proto-google-common-protos/1.0.0/proto-google-common-protos-1.0.0.jar:/home/user/.m2/repository/io/grpc/grpc-protobuf-lite/1.17.1/grpc-protobuf-lite-1.17.1.jar:/home/user/.m2/repository/io/grpc/grpc-stub/1.17.1/grpc-stub-1.17.1.jar:/home/user/.m2/repository/org/apache/hadoop/hadoop-ozone-recon/0.5.0-SNAPSHOT/hadoop-ozone-recon-0.5.0-SNAPSHOT.jar:/home/user/.m2/repository/org/apache/hadoop/hadoop-ozone-reconcodegen/0.5.0-SNAPSHOT/hadoop-ozone-reconcodegen-0.5.0-SNAPSHOT.jar:/home/user/.m2/repository/com/google/inject/extensions/guice-multibindings/4.0/guice-multibindings-4.0.jar:/home/user/.m2/repository/com/google/inject/guice/4.0/guice-4.0.jar:/home/user/.m2/repository/aopalliance/aopalliance/1.0/aopalliance-1.0.jar:/home/user/.m2/repository/com/google/inject/extensions/guice-servlet/4.0/guice-servlet-4.0.jar:/home/user/.m2/repository/org/glassfish/jersey/containers/jersey-container-servlet/2.27/jersey-container-servlet-2.27.jar:/home/user/.m2/repository/org/glassfish/hk2/guice-bridge/2.5.0/guice-bridge-2.5.0.jar:/home/user/.m2/repository/org/glassfish/jersey/core/jersey-server/2.27/jersey-server-2.27.jar:/home/user/.m2/repository/org/glassfish/jersey/core/jersey-client/2.27/jersey-client-2.27.jar:/home/user/.m2/repository/org/glassfish/jersey/media/jersey-media-jaxb/2.27/jersey-media-jaxb-2.27.jar:/home/user/.m2/repository/javax/validation/validation-api/1.1.0.Final/validation-api-1.1.0.Final.jar:/home/user/.m2/repository/org/glassfish/jersey/media/jersey-media-json-jackson/2.27/jersey-media-json-jackson-2.27.jar:/home/user/.m2/repository/org/glassfish/jersey/ext/jersey-entity-filtering/2.27/jersey-entity-filtering-2.27.jar:/home/user/.m2/repository/com/google/inject/extensions/guice-assistedinject/4.0/guice-assistedinject-4.0.jar:/home/user/.m2/repository/org/jooq/jooq/3.11.10/jooq-3.11.10.jar:/home/user/.m2/repository/org/jooq/jooq-meta/3.11.10/jooq-meta-3.11.10.jar:/home/user/.m2/repository/org/jooq/jooq-codegen/3.11.10/jooq-codegen-3.11.10.jar:/home/user/.m2/repository/com/jolbox/bonecp/0.8.0.RELEASE/bonecp-0.8.0.RELEASE.jar:/home/user/.m2/repository/org/xerial/sqlite-jdbc/3.25.2/sqlite-jdbc-3.25.2.jar:/home/user/.m2/repository/org/springframework/spring-jdbc/5.1.3.RELEASE/spring-jdbc-5.1.3.RELEASE.jar:/home/user/.m2/repository/org/springframework/spring-beans/5.1.3.RELEASE/spring-beans-5.1.3.RELEASE.jar:/home/user/.m2/repository/org/springframework/spring-core/5.1.3.RELEASE/spring-core-5.1.3.RELEASE.jar:/home/user/.m2/repository/org/springframework/spring-jcl/5.1.3.RELEASE/spring-jcl-5.1.3.RELEASE.jar:/home/user/.m2/repository/org/springframework/spring-tx/5.1.3.RELEASE/spring-tx-5.1.3.RELEASE.jar:/home/user/.m2/repository/org/apache/hadoop/hadoop-ozone-client/0.5.0-SNAPSHOT/hadoop-ozone-client-0.5.0-SNAPSHOT.jar:/home/user/.m2/repository/commons-lang/commons-lang/2.6/commons-lang-2.6.jar:/home/user/.m2/repository/org/apache/hadoop/hadoop-ozone-ozone-manager/0.5.0-SNAPSHOT/hadoop-ozone-ozone-manager-0.5.0-SNAPSHOT-tests.jar:/home/user/.m2/repository/junit/junit/4.11/junit-4.11.jar:/home/user/.m2/repository/org/hamcrest/hamcrest-core/1.3/hamcrest-core-1.3.jar:/home/user/.m2/repository/org/openjdk/jmh/jmh-core/1.19/jmh-core-1.19.jar:/home/user/.m2/repository/net/sf/jopt-simple/jopt-simple/4.6/jopt-simple-4.6.jar:/home/user/.m2/repository/org/apache/commons/commons-math3/3.1.1/commons-math3-3.1.1.jar:/home/user/.m2/repository/org/openjdk/jmh/jmh-generator-annprocess/1.19/jmh-generator-annprocess-1.19.jar:/home/user/.m2/repository/org/mockito/mockito-all/1.8.5/mockito-all-1.8.5.jar:/home/user/.m2/repository/org/apache/hadoop/hadoop-kms/3.2.0/hadoop-kms-3.2.0.jar:/home/user/.m2/repository/org/apache/hadoop/hadoop-auth/3.2.0/hadoop-auth-3.2.0.jar:/home/user/.m2/repository/com/nimbusds/nimbus-jose-jwt/4.41.1/nimbus-jose-jwt-4.41.1.jar:/home/user/.m2/repository/com/github/stephenc/jcip/jcip-annotations/1.0-1/jcip-annotations-1.0-1.jar:/home/user/.m2/repository/net/minidev/json-smart/2.3/json-smart-2.3.jar:/home/user/.m2/repository/net/minidev/accessors-smart/1.2/accessors-smart-1.2.jar:/home/user/.m2/repository/org/ow2/asm/asm/5.0.4/asm-5.0.4.jar:/home/user/.m2/repository/org/apache/curator/curator-framework/2.12.0/curator-framework-2.12.0.jar:/home/user/.m2/repository/com/sun/jersey/jersey-core/1.19/jersey-core-1.19.jar:/home/user/.m2/repository/javax/ws/rs/jsr311-api/1.1.1/jsr311-api-1.1.1.jar:/home/user/.m2/repository/com/sun/jersey/jersey-server/1.19/jersey-server-1.19.jar:/home/user/.m2/repository/javax/servlet/javax.servlet-api/3.1.0/javax.servlet-api-3.1.0.jar:/home/user/.m2/repository/org/eclipse/jetty/jetty-server/9.3.24.v20180605/jetty-server-9.3.24.v20180605.jar:/home/user/.m2/repository/org/eclipse/jetty/jetty-http/9.3.24.v20180605/jetty-http-9.3.24.v20180605.jar:/home/user/.m2/repository/org/eclipse/jetty/jetty-io/9.3.24.v20180605/jetty-io-9.3.24.v20180605.jar:/home/user/.m2/repository/org/eclipse/jetty/jetty-webapp/9.3.24.v20180605/jetty-webapp-9.3.24.v20180605.jar:/home/user/.m2/repository/org/eclipse/jetty/jetty-xml/9.3.24.v20180605/jetty-xml-9.3.24.v20180605.jar:/home/user/.m2/repository/log4j/log4j/1.2.17/log4j-1.2.17.jar:/home/user/.m2/repository/org/slf4j/slf4j-api/1.7.25/slf4j-api-1.7.25.jar:/home/user/.m2/repository/org/slf4j/jul-to-slf4j/1.7.25/jul-to-slf4j-1.7.25.jar:/home/user/.m2/repository/org/eclipse/jetty/jetty-util/9.3.24.v20180605/jetty-util-9.3.24.v20180605.jar:/home/user/.m2/repository/com/fasterxml/jackson/core/jackson-databind/2.9.5/jackson-databind-2.9.5.jar:/home/user/.m2/repository/org/apache/hadoop/hadoop-kms/3.2.0/hadoop-kms-3.2.0-tests.jar:/home/user/.m2/repository/org/apache/hadoop/hadoop-hdds-server-scm/0.5.0-SNAPSHOT/hadoop-hdds-server-scm-0.5.0-SNAPSHOT-tests.jar:/home/user/.m2/repository/org/apache/hadoop/hadoop-hdds-container-service/0.5.0-SNAPSHOT/hadoop-hdds-container-service-0.5.0-SNAPSHOT-tests.jar:/home/user/.m2/repository/org/yaml/snakeyaml/1.16/snakeyaml-1.16.jar:/home/user/.m2/repository/org/apache/hadoop/hadoop-common/3.2.0/hadoop-common-3.2.0-tests.jar:/home/user/.m2/repository/org/apache/hadoop/hadoop-annotations/3.2.0/hadoop-annotations-3.2.0.jar:/usr/lib/jvm/java-1.8-openjdk/jre/../lib/tools.jar:/home/user/.m2/repository/commons-cli/commons-cli/1.2/commons-cli-1.2.jar:/home/user/.m2/repository/org/apache/httpcomponents/httpclient/4.5.2/httpclient-4.5.2.jar:/home/user/.m2/repository/org/apache/httpcomponents/httpcore/4.4.4/httpcore-4.4.4.jar:/home/user/.m2/repository/commons-codec/commons-codec/1.11/commons-codec-1.11.jar:/home/user/.m2/repository/commons-net/commons-net/3.6/commons-net-3.6.jar:/home/user/.m2/repository/commons-collections/commons-collections/3.2.2/commons-collections-3.2.2.jar:/home/user/.m2/repository/org/eclipse/jetty/jetty-servlet/9.3.24.v20180605/jetty-servlet-9.3.24.v20180605.jar:/home/user/.m2/repository/org/eclipse/jetty/jetty-security/9.3.24.v20180605/jetty-security-9.3.24.v20180605.jar:/home/user/.m2/repository/javax/servlet/jsp/jsp-api/2.1/jsp-api-2.1.jar:/home/user/.m2/repository/com/sun/jersey/jersey-servlet/1.19/jersey-servlet-1.19.jar:/home/user/.m2/repository/com/sun/jersey/jersey-json/1.19/jersey-json-1.19.jar:/home/user/.m2/repository/org/codehaus/jettison/jettison/1.1/jettison-1.1.jar:/home/user/.m2/repository/org/codehaus/jackson/jackson-core-asl/1.9.13/jackson-core-asl-1.9.13.jar:/home/user/.m2/repository/org/codehaus/jackson/jackson-mapper-asl/1.9.13/jackson-mapper-asl-1.9.13.jar:/home/user/.m2/repository/org/codehaus/jackson/jackson-jaxrs/1.9.13/jackson-jaxrs-1.9.13.jar:/home/user/.m2/repository/org/codehaus/jackson/jackson-xc/1.9.13/jackson-xc-1.9.13.jar:/home/user/.m2/repository/commons-logging/commons-logging/1.1.3/commons-logging-1.1.3.jar:/home/user/.m2/repository/commons-beanutils/commons-beanutils/1.9.3/commons-beanutils-1.9.3.jar:/home/user/.m2/repository/org/apache/commons/commons-configuration2/2.1.1/commons-configuration2-2.1.1.jar:/home/user/.m2/repository/org/apache/commons/commons-lang3/3.7/commons-lang3-3.7.jar:/home/user/.m2/repository/org/apache/commons/commons-text/1.4/commons-text-1.4.jar:/home/user/.m2/repository/org/apache/avro/avro/1.7.7/avro-1.7.7.jar:/home/user/.m2/repository/com/thoughtworks/paranamer/paranamer/2.3/paranamer-2.3.jar:/home/user/.m2/repository/org/xerial/snappy/snappy-java/1.0.5/snappy-java-1.0.5.jar:/home/user/.m2/repository/com/google/re2j/re2j/1.1/re2j-1.1.jar:/home/user/.m2/repository/com/google/code/gson/gson/2.2.4/gson-2.2.4.jar:/home/user/.m2/repository/com/jcraft/jsch/0.1.54/jsch-0.1.54.jar:/home/user/.m2/repository/org/apache/curator/curator-client/2.12.0/curator-client-2.12.0.jar:/home/user/.m2/repository/org/apache/curator/curator-recipes/2.12.0/curator-recipes-2.12.0.jar:/home/user/.m2/repository/com/google/code/findbugs/jsr305/3.0.0/jsr305-3.0.0.jar:/home/user/.m2/repository/org/apache/htrace/htrace-core4/4.1.0-incubating/htrace-core4-4.1.0-incubating.jar:/home/user/.m2/repository/org/apache/zookeeper/zookeeper/3.4.13/zookeeper-3.4.13.jar:/home/user/.m2/repository/org/apache/yetus/audience-annotations/0.5.0/audience-annotations-0.5.0.jar:/home/user/.m2/repository/org/codehaus/woodstox/stax2-api/3.1.4/stax2-api-3.1.4.jar:/home/user/.m2/repository/com/fasterxml/woodstox/woodstox-core/5.0.3/woodstox-core-5.0.3.jar:/home/user/.m2/repository/dnsjava/dnsjava/2.1.7/dnsjava-2.1.7.jar:/home/user/.m2/repository/org/apache/hadoop/hadoop-hdfs/3.2.0/hadoop-hdfs-3.2.0-tests.jar:/home/user/.m2/repository/org/eclipse/jetty/jetty-util-ajax/9.3.24.v20180605/jetty-util-ajax-9.3.24.v20180605.jar:/home/user/.m2/repository/commons-daemon/commons-daemon/1.0.13/commons-daemon-1.0.13.jar:/home/user/.m2/repository/io/netty/netty/3.10.5.Final/netty-3.10.5.Final.jar:/home/user/.m2/repository/io/netty/netty-all/4.0.52.Final/netty-all-4.0.52.Final.jar:/home/user/.m2/repository/org/fusesource/leveldbjni/leveldbjni-all/1.8/leveldbjni-all-1.8.jar:"/>
    <property name="sun.cpu.endian" value="little"/>
    <property name="user.home" value="/home/user"/>
    <property name="user.language" value="en"/>
    <property name="java.specification.vendor" value="Oracle Corporation"/>
    <property name="java.home" value="/usr/lib/jvm/java-1.8-openjdk/jre"/>
    <property name="java.security.krb5.conf" value="/workdir/hadoop-ozone/integration-test/target/test-classes/krb5.conf"/>
    <property name="basedir" value="/workdir/hadoop-ozone/integration-test"/>
    <property name="file.separator" value="/"/>
    <property name="line.separator" value="&#10;"/>
    <property name="java.vm.specification.vendor" value="Oracle Corporation"/>
    <property name="java.specification.name" value="Java Platform API Specification"/>
    <property name="java.awt.graphicsenv" value="sun.awt.X11GraphicsEnvironment"/>
    <property name="surefire.real.class.path" value="/workdir/hadoop-ozone/integration-test/target/surefire/surefirebooter6270990913800668500.jar"/>
    <property name="hadoop.log.dir" value="/workdir/hadoop-ozone/integration-test/target/log"/>
    <property name="sun.boot.class.path" value="/usr/lib/jvm/java-1.8-openjdk/jre/lib/resources.jar:/usr/lib/jvm/java-1.8-openjdk/jre/lib/rt.jar:/usr/lib/jvm/java-1.8-openjdk/jre/lib/sunrsasign.jar:/usr/lib/jvm/java-1.8-openjdk/jre/lib/jsse.jar:/usr/lib/jvm/java-1.8-openjdk/jre/lib/jce.jar:/usr/lib/jvm/java-1.8-openjdk/jre/lib/charsets.jar:/usr/lib/jvm/java-1.8-openjdk/jre/lib/jfr.jar:/usr/lib/jvm/java-1.8-openjdk/jre/classes"/>
    <property name="sun.management.compiler" value="HotSpot 64-Bit Tiered Compilers"/>
    <property name="java.runtime.version" value="1.8.0_212-b04"/>
    <property name="java.net.preferIPv4Stack" value="true"/>
    <property name="user.name" value="jenkins1000"/>
    <property name="path.separator" value=":"/>
    <property name="java.security.egd" value="file:///dev/urandom"/>
    <property name="os.version" value="3.10.0-957.12.2.el7.x86_64"/>
    <property name="java.endorsed.dirs" value="/usr/lib/jvm/java-1.8-openjdk/jre/lib/endorsed"/>
    <property name="java.runtime.name" value="OpenJDK Runtime Environment"/>
    <property name="file.encoding" value="UTF-8"/>
    <property name="java.vm.name" value="OpenJDK 64-Bit Server VM"/>
    <property name="test.build.webapps" value=""/>
    <property name="localRepository" value="/home/user/.m2/repository"/>
    <property name="java.vendor.url.bug" value="https://icedtea.classpath.org/bugzilla"/>
    <property name="java.io.tmpdir" value="/tmp"/>
    <property name="require.test.libhadoop" value=""/>
    <property name="java.version" value="1.8.0_212"/>
    <property name="user.dir" value="/workdir/hadoop-ozone/integration-test"/>
    <property name="os.arch" value="amd64"/>
    <property name="java.vm.specification.name" value="Java Virtual Machine Specification"/>
    <property name="test.build.classes" value="/workdir/hadoop-ozone/integration-test/target/test-classes"/>
    <property name="java.awt.printerjob" value="sun.print.PSPrinterJob"/>
    <property name="sun.os.patch.level" value="unknown"/>
    <property name="hadoop.tmp.dir" value="/workdir/hadoop-ozone/integration-test/target/tmp"/>
    <property name="java.library.path" value="/usr/lib/jvm/java-1.8-openjdk/jre/lib/amd64/server:/usr/lib/jvm/java-1.8-openjdk/jre/lib/amd64:/usr/lib/jvm/java-1.8-openjdk/jre/../lib/amd64:/workdir/hadoop-ozone/integration-test/target/native/target/usr/local/lib:/workdir/hadoop-ozone/integration-test/../../hadoop-common-project/hadoop-common/target/native/target/usr/local/lib:/usr/java/packages/lib/amd64:/usr/lib64:/lib64:/lib:/usr/lib"/>
    <property name="java.vm.info" value="mixed mode"/>
    <property name="java.vendor" value="IcedTea"/>
    <property name="java.vm.version" value="25.212-b04"/>
    <property name="java.ext.dirs" value="/usr/lib/jvm/java-1.8-openjdk/jre/lib/ext:/usr/java/packages/lib/ext"/>
    <property name="sun.io.unicode.encoding" value="UnicodeLittle"/>
    <property name="java.class.version" value="52.0"/>
  </properties>
  <testcase name="test2DatanodesFailure" classname="org.apache.hadoop.ozone.client.rpc.TestBlockOutputStreamWithFailures" time="48.013"/>
  <testcase name="testDatanodeFailureWithPreAllocation" classname="org.apache.hadoop.ozone.client.rpc.TestBlockOutputStreamWithFailures" time="223.819"/>
  <testcase name="testDatanodeFailureWithSingleNodeRatis" classname="org.apache.hadoop.ozone.client.rpc.TestBlockOutputStreamWithFailures" time="223.395"/>
  <testcase name="testWatchForCommitWithSingleNodeRatis" classname="org.apache.hadoop.ozone.client.rpc.TestBlockOutputStreamWithFailures" time="33.726"/>
  <testcase name="testWatchForCommitDatanodeFailure" classname="org.apache.hadoop.ozone.client.rpc.TestBlockOutputStreamWithFailures" time="38.717"/>
  <testcase name="testFailureWithPrimeSizedData" classname="org.apache.hadoop.ozone.client.rpc.TestBlockOutputStreamWithFailures" time="42.404"/>
  <testcase name="testWatchForCommitWithCloseContainerException" classname="org.apache.hadoop.ozone.client.rpc.TestBlockOutputStreamWithFailures" time="220.859">
    <failure message="expected:&lt;2&gt; but was:&lt;3&gt;" type="java.lang.AssertionError"><![CDATA[java.lang.AssertionError: expected:<2> but was:<3>
	at org.junit.Assert.fail(Assert.java:88)
	at org.junit.Assert.failNotEquals(Assert.java:743)
	at org.junit.Assert.assertEquals(Assert.java:118)
	at org.junit.Assert.assertEquals(Assert.java:555)
	at org.junit.Assert.assertEquals(Assert.java:542)
	at org.apache.hadoop.ozone.client.rpc.TestBlockOutputStreamWithFailures.testWatchForCommitWithCloseContainerException(TestBlockOutputStreamWithFailures.java:233)
	at sun.reflect.NativeMethodAccessorImpl.invoke0(Native Method)
	at sun.reflect.NativeMethodAccessorImpl.invoke(NativeMethodAccessorImpl.java:62)
	at sun.reflect.DelegatingMethodAccessorImpl.invoke(DelegatingMethodAccessorImpl.java:43)
	at java.lang.reflect.Method.invoke(Method.java:498)
	at org.junit.runners.model.FrameworkMethod$1.runReflectiveCall(FrameworkMethod.java:47)
	at org.junit.internal.runners.model.ReflectiveCallable.run(ReflectiveCallable.java:12)
	at org.junit.runners.model.FrameworkMethod.invokeExplosively(FrameworkMethod.java:44)
	at org.junit.internal.runners.statements.InvokeMethod.evaluate(InvokeMethod.java:17)
	at org.junit.internal.runners.statements.RunBefores.evaluate(RunBefores.java:26)
	at org.junit.internal.runners.statements.RunAfters.evaluate(RunAfters.java:27)
	at org.junit.runners.ParentRunner.runLeaf(ParentRunner.java:271)
	at org.junit.runners.BlockJUnit4ClassRunner.runChild(BlockJUnit4ClassRunner.java:70)
	at org.junit.runners.BlockJUnit4ClassRunner.runChild(BlockJUnit4ClassRunner.java:50)
	at org.junit.runners.ParentRunner$3.run(ParentRunner.java:238)
	at org.junit.runners.ParentRunner$1.schedule(ParentRunner.java:63)
	at org.junit.runners.ParentRunner.runChildren(ParentRunner.java:236)
	at org.junit.runners.ParentRunner.access$000(ParentRunner.java:53)
	at org.junit.runners.ParentRunner$2.evaluate(ParentRunner.java:229)
	at org.junit.runners.ParentRunner.run(ParentRunner.java:309)
	at org.apache.maven.surefire.junit4.JUnit4Provider.execute(JUnit4Provider.java:365)
	at org.apache.maven.surefire.junit4.JUnit4Provider.executeWithRerun(JUnit4Provider.java:273)
	at org.apache.maven.surefire.junit4.JUnit4Provider.executeTestSet(JUnit4Provider.java:238)
	at org.apache.maven.surefire.junit4.JUnit4Provider.invoke(JUnit4Provider.java:159)
	at org.apache.maven.surefire.booter.ForkedBooter.invokeProviderInSameClassLoader(ForkedBooter.java:384)
	at org.apache.maven.surefire.booter.ForkedBooter.runSuitesInProcess(ForkedBooter.java:345)
	at org.apache.maven.surefire.booter.ForkedBooter.execute(ForkedBooter.java:126)
	at org.apache.maven.surefire.booter.ForkedBooter.main(ForkedBooter.java:418)
]]></failure>
    <system-out><![CDATA[2019-09-17 07:18:06,732 [main] WARN  server.ServerUtils (ServerUtils.java:getScmDbDir(145)) - ozone.scm.db.dirs is not configured. We recommend adding this setting. Falling back to ozone.metadata.dirs instead.
2019-09-17 07:18:06,774 [main] WARN  server.ServerUtils (ServerUtils.java:getScmDbDir(145)) - ozone.scm.db.dirs is not configured. We recommend adding this setting. Falling back to ozone.metadata.dirs instead.
2019-09-17 07:18:06,774 [main] WARN  server.ServerUtils (ServerUtils.java:getScmDbDir(145)) - ozone.scm.db.dirs is not configured. We recommend adding this setting. Falling back to ozone.metadata.dirs instead.
2019-09-17 07:18:06,775 [main] INFO  db.DBStoreBuilder (DBStoreBuilder.java:addTable(110)) - using custom profile for table: deletedBlocks
2019-09-17 07:18:06,775 [main] INFO  db.DBStoreBuilder (DBStoreBuilder.java:processTables(161)) - Using default column profile:DBProfile.DISK for Table:deletedBlocks
2019-09-17 07:18:06,776 [main] INFO  db.DBStoreBuilder (DBStoreBuilder.java:addTable(110)) - using custom profile for table: validCerts
2019-09-17 07:18:06,776 [main] INFO  db.DBStoreBuilder (DBStoreBuilder.java:processTables(161)) - Using default column profile:DBProfile.DISK for Table:validCerts
2019-09-17 07:18:06,776 [main] INFO  db.DBStoreBuilder (DBStoreBuilder.java:addTable(110)) - using custom profile for table: revokedCerts
2019-09-17 07:18:06,777 [main] INFO  db.DBStoreBuilder (DBStoreBuilder.java:processTables(161)) - Using default column profile:DBProfile.DISK for Table:revokedCerts
2019-09-17 07:18:06,777 [main] INFO  db.DBStoreBuilder (DBStoreBuilder.java:addTable(110)) - using custom profile for table: default
2019-09-17 07:18:06,777 [main] INFO  db.DBStoreBuilder (DBStoreBuilder.java:processTables(167)) - Using default column profile:DBProfile.DISK for Table:default
2019-09-17 07:18:06,778 [main] INFO  db.DBStoreBuilder (DBStoreBuilder.java:getDbProfile(198)) - Using default options. DBProfile.DISK
2019-09-17 07:18:06,940 [main] INFO  net.NodeSchemaLoader (NodeSchemaLoader.java:loadSchemaFromFile(125)) - Loading file from sun.misc.CompoundEnumeration@4adf3582
2019-09-17 07:18:06,941 [main] INFO  net.NodeSchemaLoader (NodeSchemaLoader.java:loadSchema(171)) - Loading network topology layer schema file
2019-09-17 07:18:06,947 [main] INFO  node.SCMNodeManager (SCMNodeManager.java:<init>(114)) - Entering startup safe mode.
2019-09-17 07:18:06,948 [main] INFO  algorithms.ContainerPlacementPolicyFactory (ContainerPlacementPolicyFactory.java:getPolicy(57)) - Create container placement policy of type org.apache.hadoop.hdds.scm.container.placement.algorithms.SCMContainerPlacementRandom
2019-09-17 07:18:06,948 [main] WARN  server.ServerUtils (ServerUtils.java:getScmDbDir(145)) - ozone.scm.db.dirs is not configured. We recommend adding this setting. Falling back to ozone.metadata.dirs instead.
2019-09-17 07:18:06,998 [main] INFO  pipeline.SCMPipelineManager (SCMPipelineManager.java:initializePipelineState(128)) - No pipeline exists in current db
2019-09-17 07:18:06,998 [main] WARN  server.ServerUtils (ServerUtils.java:getScmDbDir(145)) - ozone.scm.db.dirs is not configured. We recommend adding this setting. Falling back to ozone.metadata.dirs instead.
2019-09-17 07:18:07,043 [main] WARN  events.EventQueue (EventQueue.java:fireEvent(183)) - No event handler registered for event TypedEvent{payloadType=SafeModeStatus, name='SafeModeStatus'}
2019-09-17 07:18:07,044 [main] INFO  ipc.CallQueueManager (CallQueueManager.java:<init>(84)) - Using callQueue: class java.util.concurrent.LinkedBlockingQueue, queueCapacity: 2000, scheduler: class org.apache.hadoop.ipc.DefaultRpcScheduler, ipcBackoff: false.
2019-09-17 07:18:07,045 [Socket Reader #1 for port 35512] INFO  ipc.Server (Server.java:run(1074)) - Starting Socket Reader #1 for port 35512
2019-09-17 07:18:07,047 [main] INFO  ipc.CallQueueManager (CallQueueManager.java:<init>(84)) - Using callQueue: class java.util.concurrent.LinkedBlockingQueue, queueCapacity: 2000, scheduler: class org.apache.hadoop.ipc.DefaultRpcScheduler, ipcBackoff: false.
2019-09-17 07:18:07,048 [Socket Reader #1 for port 38262] INFO  ipc.Server (Server.java:run(1074)) - Starting Socket Reader #1 for port 38262
2019-09-17 07:18:07,050 [main] INFO  ipc.CallQueueManager (CallQueueManager.java:<init>(84)) - Using callQueue: class java.util.concurrent.LinkedBlockingQueue, queueCapacity: 2000, scheduler: class org.apache.hadoop.ipc.DefaultRpcScheduler, ipcBackoff: false.
2019-09-17 07:18:07,051 [Socket Reader #1 for port 35556] INFO  ipc.Server (Server.java:run(1074)) - Starting Socket Reader #1 for port 35556
2019-09-17 07:18:07,053 [main] INFO  hdfs.DFSUtil (DFSUtil.java:httpServerTemplateForNNAndJN(1641)) - Starting Web-server for scm at: http://0.0.0.0:0
2019-09-17 07:18:07,055 [main] INFO  server.AuthenticationFilter (AuthenticationFilter.java:constructSecretProvider(240)) - Unable to initialize FileSignerSecretProvider, falling back to use random secrets.
2019-09-17 07:18:07,056 [main] WARN  http.HttpRequestLog (HttpRequestLog.java:getRequestLog(97)) - Jetty request log can only be enabled using Log4j
2019-09-17 07:18:07,058 [main] INFO  http.HttpServer2 (HttpServer2.java:addGlobalFilter(975)) - Added global filter 'safety' (class=org.apache.hadoop.http.HttpServer2$QuotingInputFilter)
2019-09-17 07:18:07,059 [main] INFO  http.HttpServer2 (HttpServer2.java:addFilter(948)) - Added filter static_user_filter (class=org.apache.hadoop.http.lib.StaticUserWebFilter$StaticUserFilter) to context scm
2019-09-17 07:18:07,059 [main] INFO  http.HttpServer2 (HttpServer2.java:addFilter(958)) - Added filter static_user_filter (class=org.apache.hadoop.http.lib.StaticUserWebFilter$StaticUserFilter) to context static
2019-09-17 07:18:07,060 [main] INFO  http.HttpServer2 (HttpServer2.java:addFilter(958)) - Added filter static_user_filter (class=org.apache.hadoop.http.lib.StaticUserWebFilter$StaticUserFilter) to context logs
2019-09-17 07:18:07,062 [main] INFO  server.StorageContainerManager (StorageContainerManager.java:start(763)) - StorageContainerLocationProtocol RPC server is listening at /0.0.0.0:35556
2019-09-17 07:18:07,066 [main] WARN  impl.MetricsConfig (MetricsConfig.java:loadFirst(134)) - Cannot locate configuration: tried hadoop-metrics2-storagecontainermanager.properties,hadoop-metrics2.properties
2019-09-17 07:18:07,067 [main] INFO  impl.MetricsSystemImpl (MetricsSystemImpl.java:startTimer(374)) - Scheduled Metric snapshot period at 10 second(s).
2019-09-17 07:18:07,068 [main] INFO  impl.MetricsSystemImpl (MetricsSystemImpl.java:start(191)) - StorageContainerManager metrics system started
2019-09-17 07:18:07,117 [main] INFO  lib.Interns (Interns.java:removeEldestEntry(50)) - Metrics intern cache overflow at 2011 for MetricsSystem={MetricsSystem=MetricsInfoImpl{name=MetricsSystem, description=MetricsSystem}, MetricsSystem record=MetricsInfoImpl{name=MetricsSystem, description=MetricsSystem record}}
2019-09-17 07:18:07,236 [main] WARN  impl.MetricsSystemImpl (MetricsSystemImpl.java:register(276)) - Sink prometheus already exists!
2019-09-17 07:18:07,290 [main] INFO  server.SCMClientProtocolServer (SCMClientProtocolServer.java:start(151)) - RPC server for Client  is listening at /0.0.0.0:35556
2019-09-17 07:18:07,291 [IPC Server Responder] INFO  ipc.Server (Server.java:run(1314)) - IPC Server Responder: starting
2019-09-17 07:18:07,291 [IPC Server listener on 35556] INFO  ipc.Server (Server.java:run(1153)) - IPC Server listener on 35556: starting
2019-09-17 07:18:07,296 [main] INFO  server.StorageContainerManager (StorageContainerManager.java:start(773)) - ScmBlockLocationProtocol RPC server is listening at /0.0.0.0:38262
2019-09-17 07:18:07,296 [main] INFO  server.SCMBlockProtocolServer (SCMBlockProtocolServer.java:start(146)) - RPC server for Block Protocol is listening at /0.0.0.0:38262
2019-09-17 07:18:07,297 [IPC Server Responder] INFO  ipc.Server (Server.java:run(1314)) - IPC Server Responder: starting
2019-09-17 07:18:07,297 [IPC Server listener on 38262] INFO  ipc.Server (Server.java:run(1153)) - IPC Server listener on 38262: starting
2019-09-17 07:18:07,301 [main] INFO  server.StorageContainerManager (StorageContainerManager.java:start(777)) - ScmDatanodeProtocl RPC server is listening at /0.0.0.0:35512
2019-09-17 07:18:07,301 [main] INFO  server.SCMDatanodeProtocolServer (SCMDatanodeProtocolServer.java:start(191)) - RPC server for DataNodes is listening at /0.0.0.0:35512
2019-09-17 07:18:07,301 [IPC Server Responder] INFO  ipc.Server (Server.java:run(1314)) - IPC Server Responder: starting
2019-09-17 07:18:07,301 [IPC Server listener on 35512] INFO  ipc.Server (Server.java:run(1153)) - IPC Server listener on 35512: starting
2019-09-17 07:18:07,305 [main] INFO  http.HttpServer2 (HttpServer2.java:bindListener(1191)) - Jetty bound to port 39198
2019-09-17 07:18:07,305 [main] INFO  server.Server (Server.java:doStart(351)) - jetty-9.3.24.v20180605, build timestamp: 2018-06-05T17:11:56Z, git hash: 84205aa28f11a4f31f2a3b86d1bba2cc8ab69827
2019-09-17 07:18:07,306 [main] INFO  handler.ContextHandler (ContextHandler.java:doStart(781)) - Started o.e.j.s.ServletContextHandler@7c5f29c6{/logs,file:///workdir/hadoop-ozone/integration-test/target/log,AVAILABLE}
2019-09-17 07:18:07,307 [main] INFO  handler.ContextHandler (ContextHandler.java:doStart(781)) - Started o.e.j.s.ServletContextHandler@5280688{/static,file:///workdir/hadoop-ozone/integration-test/target/test-classes/webapps/static,AVAILABLE}
2019-09-17 07:18:07,310 [main] INFO  handler.ContextHandler (ContextHandler.java:doStart(781)) - Started o.e.j.w.WebAppContext@aca2fc3{/,file:///workdir/hadoop-ozone/integration-test/target/test-classes/webapps/scm/,AVAILABLE}{/scm}
2019-09-17 07:18:07,310 [main] INFO  server.AbstractConnector (AbstractConnector.java:doStart(278)) - Started ServerConnector@36df4c26{HTTP/1.1,[http/1.1]}{0.0.0.0:39198}
2019-09-17 07:18:07,311 [main] INFO  server.Server (Server.java:doStart(419)) - Started @611256ms
2019-09-17 07:18:07,312 [main] WARN  impl.MetricsSystemImpl (MetricsSystemImpl.java:register(276)) - Sink prometheus already exists!
2019-09-17 07:18:07,312 [main] INFO  server.BaseHttpServer (BaseHttpServer.java:updateConnectorAddress(215)) - HTTP server of SCM is listening at http://0.0.0.0:39198
2019-09-17 07:18:07,317 [org.apache.hadoop.util.JvmPauseMonitor$Monitor@38732372] INFO  util.JvmPauseMonitor (JvmPauseMonitor.java:run(188)) - Starting JVM pause monitor
2019-09-17 07:18:07,317 [main] WARN  server.ServerUtils (ServerUtils.java:getDBPath(222)) - ozone.om.db.dirs is not configured. We recommend adding this setting. Falling back to ozone.metadata.dirs instead.
2019-09-17 07:18:07,331 [main] WARN  server.ServerUtils (ServerUtils.java:getDBPath(222)) - ozone.om.db.dirs is not configured. We recommend adding this setting. Falling back to ozone.metadata.dirs instead.
2019-09-17 07:18:07,332 [main] WARN  server.ServerUtils (ServerUtils.java:getDBPath(222)) - ozone.om.db.dirs is not configured. We recommend adding this setting. Falling back to ozone.metadata.dirs instead.
2019-09-17 07:18:07,332 [main] INFO  om.OzoneManager (OzoneManager.java:setOMNodeDetails(649)) - OM Service ID is not set. Setting it to the default ID: omServiceIdDefault
2019-09-17 07:18:07,333 [main] INFO  om.OzoneManager (OzoneManager.java:setOMNodeDetails(655)) - OM Node ID is not set. Setting it to the OmStorage's OmID: 34251a63-8537-476b-9979-523f57bfe82a
2019-09-17 07:18:07,333 [main] INFO  om.OzoneManager (OzoneManager.java:loadOMHAConfigs(606)) - Found matching OM address with OMServiceId: null, OMNodeId: null, RPC Address: localhost:0 and Ratis port: 9872
2019-09-17 07:18:07,340 [main] WARN  server.ServerUtils (ServerUtils.java:getDBPath(222)) - ozone.om.db.dirs is not configured. We recommend adding this setting. Falling back to ozone.metadata.dirs instead.
2019-09-17 07:18:07,340 [main] INFO  db.DBStoreBuilder (DBStoreBuilder.java:addTable(110)) - using custom profile for table: userTable
2019-09-17 07:18:07,341 [main] INFO  db.DBStoreBuilder (DBStoreBuilder.java:processTables(161)) - Using default column profile:DBProfile.DISK for Table:userTable
2019-09-17 07:18:07,341 [main] INFO  db.DBStoreBuilder (DBStoreBuilder.java:addTable(110)) - using custom profile for table: volumeTable
2019-09-17 07:18:07,341 [main] INFO  db.DBStoreBuilder (DBStoreBuilder.java:processTables(161)) - Using default column profile:DBProfile.DISK for Table:volumeTable
2019-09-17 07:18:07,341 [main] INFO  db.DBStoreBuilder (DBStoreBuilder.java:addTable(110)) - using custom profile for table: bucketTable
2019-09-17 07:18:07,342 [main] INFO  db.DBStoreBuilder (DBStoreBuilder.java:processTables(161)) - Using default column profile:DBProfile.DISK for Table:bucketTable
2019-09-17 07:18:07,342 [main] INFO  db.DBStoreBuilder (DBStoreBuilder.java:addTable(110)) - using custom profile for table: keyTable
2019-09-17 07:18:07,342 [main] INFO  db.DBStoreBuilder (DBStoreBuilder.java:processTables(161)) - Using default column profile:DBProfile.DISK for Table:keyTable
2019-09-17 07:18:07,342 [main] INFO  db.DBStoreBuilder (DBStoreBuilder.java:addTable(110)) - using custom profile for table: deletedTable
2019-09-17 07:18:07,342 [main] INFO  db.DBStoreBuilder (DBStoreBuilder.java:processTables(161)) - Using default column profile:DBProfile.DISK for Table:deletedTable
2019-09-17 07:18:07,343 [main] INFO  db.DBStoreBuilder (DBStoreBuilder.java:addTable(110)) - using custom profile for table: openKeyTable
2019-09-17 07:18:07,343 [main] INFO  db.DBStoreBuilder (DBStoreBuilder.java:processTables(161)) - Using default column profile:DBProfile.DISK for Table:openKeyTable
2019-09-17 07:18:07,343 [main] INFO  db.DBStoreBuilder (DBStoreBuilder.java:addTable(110)) - using custom profile for table: s3Table
2019-09-17 07:18:07,343 [main] INFO  db.DBStoreBuilder (DBStoreBuilder.java:processTables(161)) - Using default column profile:DBProfile.DISK for Table:s3Table
2019-09-17 07:18:07,344 [main] INFO  db.DBStoreBuilder (DBStoreBuilder.java:addTable(110)) - using custom profile for table: multipartInfoTable
2019-09-17 07:18:07,344 [main] INFO  db.DBStoreBuilder (DBStoreBuilder.java:processTables(161)) - Using default column profile:DBProfile.DISK for Table:multipartInfoTable
2019-09-17 07:18:07,344 [main] INFO  db.DBStoreBuilder (DBStoreBuilder.java:addTable(110)) - using custom profile for table: dTokenTable
2019-09-17 07:18:07,344 [main] INFO  db.DBStoreBuilder (DBStoreBuilder.java:processTables(161)) - Using default column profile:DBProfile.DISK for Table:dTokenTable
2019-09-17 07:18:07,345 [main] INFO  db.DBStoreBuilder (DBStoreBuilder.java:addTable(110)) - using custom profile for table: s3SecretTable
2019-09-17 07:18:07,345 [main] INFO  db.DBStoreBuilder (DBStoreBuilder.java:processTables(161)) - Using default column profile:DBProfile.DISK for Table:s3SecretTable
2019-09-17 07:18:07,345 [main] INFO  db.DBStoreBuilder (DBStoreBuilder.java:addTable(110)) - using custom profile for table: prefixTable
2019-09-17 07:18:07,345 [main] INFO  db.DBStoreBuilder (DBStoreBuilder.java:processTables(161)) - Using default column profile:DBProfile.DISK for Table:prefixTable
2019-09-17 07:18:07,346 [main] INFO  db.DBStoreBuilder (DBStoreBuilder.java:addTable(110)) - using custom profile for table: default
2019-09-17 07:18:07,346 [main] INFO  db.DBStoreBuilder (DBStoreBuilder.java:processTables(167)) - Using default column profile:DBProfile.DISK for Table:default
2019-09-17 07:18:07,346 [main] INFO  db.DBStoreBuilder (DBStoreBuilder.java:getDbProfile(198)) - Using default options. DBProfile.DISK
2019-09-17 07:18:07,757 [main] INFO  ipc.CallQueueManager (CallQueueManager.java:<init>(84)) - Using callQueue: class java.util.concurrent.LinkedBlockingQueue, queueCapacity: 2000, scheduler: class org.apache.hadoop.ipc.DefaultRpcScheduler, ipcBackoff: false.
2019-09-17 07:18:07,758 [Socket Reader #1 for port 36731] INFO  ipc.Server (Server.java:run(1074)) - Starting Socket Reader #1 for port 36731
2019-09-17 07:18:07,770 [main] INFO  om.OzoneManager (OzoneManager.java:start(1240)) - OzoneManager RPC server is listening at localhost/127.0.0.1:36731
2019-09-17 07:18:07,770 [main] INFO  impl.MetricsSystemImpl (MetricsSystemImpl.java:init(158)) - OzoneManager metrics system started (again)
2019-09-17 07:18:07,771 [IPC Server Responder] INFO  ipc.Server (Server.java:run(1314)) - IPC Server Responder: starting
2019-09-17 07:18:07,771 [IPC Server listener on 36731] INFO  ipc.Server (Server.java:run(1153)) - IPC Server listener on 36731: starting
2019-09-17 07:18:07,778 [main] INFO  hdfs.DFSUtil (DFSUtil.java:httpServerTemplateForNNAndJN(1641)) - Starting Web-server for ozoneManager at: http://0.0.0.0:0
2019-09-17 07:18:07,780 [main] INFO  server.AuthenticationFilter (AuthenticationFilter.java:constructSecretProvider(240)) - Unable to initialize FileSignerSecretProvider, falling back to use random secrets.
2019-09-17 07:18:07,780 [main] WARN  http.HttpRequestLog (HttpRequestLog.java:getRequestLog(97)) - Jetty request log can only be enabled using Log4j
2019-09-17 07:18:07,782 [main] INFO  http.HttpServer2 (HttpServer2.java:addGlobalFilter(975)) - Added global filter 'safety' (class=org.apache.hadoop.http.HttpServer2$QuotingInputFilter)
2019-09-17 07:18:07,783 [main] INFO  http.HttpServer2 (HttpServer2.java:addFilter(948)) - Added filter static_user_filter (class=org.apache.hadoop.http.lib.StaticUserWebFilter$StaticUserFilter) to context ozoneManager
2019-09-17 07:18:07,783 [main] INFO  http.HttpServer2 (HttpServer2.java:addFilter(958)) - Added filter static_user_filter (class=org.apache.hadoop.http.lib.StaticUserWebFilter$StaticUserFilter) to context logs
2019-09-17 07:18:07,783 [main] INFO  http.HttpServer2 (HttpServer2.java:addFilter(958)) - Added filter static_user_filter (class=org.apache.hadoop.http.lib.StaticUserWebFilter$StaticUserFilter) to context static
2019-09-17 07:18:07,784 [main] INFO  http.HttpServer2 (HttpServer2.java:bindListener(1191)) - Jetty bound to port 45050
2019-09-17 07:18:07,784 [main] INFO  server.Server (Server.java:doStart(351)) - jetty-9.3.24.v20180605, build timestamp: 2018-06-05T17:11:56Z, git hash: 84205aa28f11a4f31f2a3b86d1bba2cc8ab69827
2019-09-17 07:18:07,786 [main] INFO  handler.ContextHandler (ContextHandler.java:doStart(781)) - Started o.e.j.s.ServletContextHandler@4b07cad0{/logs,file:///workdir/hadoop-ozone/integration-test/target/log,AVAILABLE}
2019-09-17 07:18:07,787 [main] INFO  handler.ContextHandler (ContextHandler.java:doStart(781)) - Started o.e.j.s.ServletContextHandler@4e94669c{/static,file:///workdir/hadoop-ozone/integration-test/target/test-classes/webapps/static,AVAILABLE}
2019-09-17 07:18:07,792 [main] INFO  handler.ContextHandler (ContextHandler.java:doStart(781)) - Started o.e.j.w.WebAppContext@7b7068d8{/,file:///workdir/hadoop-ozone/integration-test/target/test-classes/webapps/ozoneManager/,AVAILABLE}{/ozoneManager}
2019-09-17 07:18:07,792 [main] INFO  server.AbstractConnector (AbstractConnector.java:doStart(278)) - Started ServerConnector@1d8e9d3e{HTTP/1.1,[http/1.1]}{0.0.0.0:45050}
2019-09-17 07:18:07,794 [main] INFO  server.Server (Server.java:doStart(419)) - Started @611739ms
2019-09-17 07:18:07,794 [main] WARN  impl.MetricsSystemImpl (MetricsSystemImpl.java:register(276)) - Sink prometheus already exists!
2019-09-17 07:18:07,795 [main] INFO  server.BaseHttpServer (BaseHttpServer.java:updateConnectorAddress(215)) - HTTP server of OZONEMANAGER is listening at http://0.0.0.0:45050
2019-09-17 07:18:07,811 [main] INFO  impl.MetricsSystemImpl (MetricsSystemImpl.java:init(158)) - HddsDatanode metrics system started (again)
2019-09-17 07:18:07,816 [main] INFO  ozone.HddsDatanodeService (HddsDatanodeService.java:start(184)) - HddsDatanodeService host:pr-hdds-2016-n7825-135103490 ip:192.168.157.246
2019-09-17 07:18:07,824 [main] INFO  volume.HddsVolume (HddsVolume.java:<init>(176)) - Creating Volume: /workdir/hadoop-ozone/integration-test/target/test-dir/MiniOzoneClusterImpl-23941a65-3452-474d-b3c0-503ff93f6bad/datanode-0/data/containers/hdds of  storage type : DISK and capacity : 1482555576320
2019-09-17 07:18:07,825 [main] INFO  volume.VolumeSet (VolumeSet.java:initializeVolumeSet(170)) - Added Volume : /workdir/hadoop-ozone/integration-test/target/test-dir/MiniOzoneClusterImpl-23941a65-3452-474d-b3c0-503ff93f6bad/datanode-0/data/containers/hdds to VolumeSet
2019-09-17 07:18:07,825 [main] INFO  volume.ThrottledAsyncChecker (ThrottledAsyncChecker.java:schedule(139)) - Scheduling a check for org.apache.hadoop.ozone.container.common.volume.HddsVolume@10dfa7ef
2019-09-17 07:18:07,826 [main] INFO  volume.HddsVolumeChecker (HddsVolumeChecker.java:checkAllVolumes(202)) - Scheduled health check for volume org.apache.hadoop.ozone.container.common.volume.HddsVolume@10dfa7ef
2019-09-17 07:18:07,845 [main] INFO  impl.RaftServerProxy (ConfUtils.java:logGet(43)) - raft.rpc.type = GRPC (default)
2019-09-17 07:18:07,845 [main] INFO  grpc.GrpcFactory (GrpcFactory.java:checkPooledByteBufAllocatorUseCacheForAllThreads(45)) - PERFORMANCE WARNING: useCacheForAllThreads is true that may cause Netty to create a lot garbage objects and, as a result, trigger GC.
	It is recommended to disable useCacheForAllThreads by setting -Dorg.apache.ratis.thirdparty.io.netty.allocator.useCacheForAllThreads=false in command line.
2019-09-17 07:18:07,846 [main] INFO  grpc.GrpcConfigKeys$Server (ConfUtils.java:logGet(43)) - raft.grpc.server.port = 0 (default)
2019-09-17 07:18:07,846 [main] INFO  server.GrpcService (ConfUtils.java:logGet(43)) - raft.grpc.message.size.max = 33570816 (custom)
2019-09-17 07:18:07,846 [main] INFO  server.RaftServerConfigKeys (ConfUtils.java:logGet(43)) - raft.server.log.appender.buffer.byte-limit = 33554432 (custom)
2019-09-17 07:18:07,846 [main] INFO  server.GrpcService (ConfUtils.java:logGet(43)) - raft.grpc.flow.control.window = 1MB (=1048576) (default)
2019-09-17 07:18:07,847 [main] INFO  server.RaftServerConfigKeys (ConfUtils.java:logGet(43)) - raft.server.rpc.request.timeout = 3000ms (default)
2019-09-17 07:18:07,847 [main] INFO  server.RaftServerConfigKeys (ConfUtils.java:logGet(43)) - raft.server.storage.dir = [/workdir/hadoop-ozone/integration-test/target/test-dir/MiniOzoneClusterImpl-23941a65-3452-474d-b3c0-503ff93f6bad/datanode-0/data/ratis] (custom)
2019-09-17 07:18:07,849 [main] INFO  hdfs.DFSUtil (DFSUtil.java:httpServerTemplateForNNAndJN(1641)) - Starting Web-server for hddsDatanode at: http://0.0.0.0:0
2019-09-17 07:18:07,850 [main] INFO  server.AuthenticationFilter (AuthenticationFilter.java:constructSecretProvider(240)) - Unable to initialize FileSignerSecretProvider, falling back to use random secrets.
2019-09-17 07:18:07,851 [main] WARN  http.HttpRequestLog (HttpRequestLog.java:getRequestLog(97)) - Jetty request log can only be enabled using Log4j
2019-09-17 07:18:07,853 [main] INFO  http.HttpServer2 (HttpServer2.java:addGlobalFilter(975)) - Added global filter 'safety' (class=org.apache.hadoop.http.HttpServer2$QuotingInputFilter)
2019-09-17 07:18:07,853 [main] INFO  http.HttpServer2 (HttpServer2.java:addFilter(948)) - Added filter static_user_filter (class=org.apache.hadoop.http.lib.StaticUserWebFilter$StaticUserFilter) to context hddsDatanode
2019-09-17 07:18:07,854 [main] INFO  http.HttpServer2 (HttpServer2.java:addFilter(958)) - Added filter static_user_filter (class=org.apache.hadoop.http.lib.StaticUserWebFilter$StaticUserFilter) to context static
2019-09-17 07:18:07,854 [main] INFO  http.HttpServer2 (HttpServer2.java:addFilter(958)) - Added filter static_user_filter (class=org.apache.hadoop.http.lib.StaticUserWebFilter$StaticUserFilter) to context logs
2019-09-17 07:18:07,855 [main] INFO  http.HttpServer2 (HttpServer2.java:bindListener(1191)) - Jetty bound to port 41983
2019-09-17 07:18:07,855 [main] INFO  server.Server (Server.java:doStart(351)) - jetty-9.3.24.v20180605, build timestamp: 2018-06-05T17:11:56Z, git hash: 84205aa28f11a4f31f2a3b86d1bba2cc8ab69827
2019-09-17 07:18:07,856 [main] INFO  handler.ContextHandler (ContextHandler.java:doStart(781)) - Started o.e.j.s.ServletContextHandler@5889fc44{/logs,file:///workdir/hadoop-ozone/integration-test/target/log,AVAILABLE}
2019-09-17 07:18:07,857 [main] INFO  handler.ContextHandler (ContextHandler.java:doStart(781)) - Started o.e.j.s.ServletContextHandler@47f2c722{/static,jar:file:/home/user/.m2/repository/org/apache/hadoop/hadoop-hdds-container-service/0.5.0-SNAPSHOT/hadoop-hdds-container-service-0.5.0-SNAPSHOT.jar!/webapps/static,AVAILABLE}
2019-09-17 07:18:07,893 [main] INFO  handler.ContextHandler (ContextHandler.java:doStart(781)) - Started o.e.j.w.WebAppContext@71e2c6d8{/,file:///tmp/jetty-0.0.0.0-41983-hddsDatanode-_-any-8673092305335306571.dir/webapp/,AVAILABLE}{/hddsDatanode}
2019-09-17 07:18:07,894 [main] INFO  server.AbstractConnector (AbstractConnector.java:doStart(278)) - Started ServerConnector@4228f269{HTTP/1.1,[http/1.1]}{0.0.0.0:41983}
2019-09-17 07:18:07,894 [main] INFO  server.Server (Server.java:doStart(419)) - Started @611839ms
2019-09-17 07:18:07,896 [main] WARN  impl.MetricsSystemImpl (MetricsSystemImpl.java:register(276)) - Sink prometheus already exists!
2019-09-17 07:18:07,896 [main] INFO  server.BaseHttpServer (BaseHttpServer.java:updateConnectorAddress(215)) - HTTP server of HDDSDATANODE is listening at http://0.0.0.0:41983
2019-09-17 07:18:07,897 [main] INFO  impl.MetricsSystemImpl (MetricsSystemImpl.java:init(158)) - HddsDatanode metrics system started (again)
2019-09-17 07:18:07,901 [org.apache.hadoop.util.JvmPauseMonitor$Monitor@31e36af4] INFO  util.JvmPauseMonitor (JvmPauseMonitor.java:run(188)) - Starting JVM pause monitor
2019-09-17 07:18:07,902 [main] INFO  ozone.HddsDatanodeService (HddsDatanodeService.java:start(184)) - HddsDatanodeService host:pr-hdds-2016-n7825-135103490 ip:192.168.157.246
2019-09-17 07:18:07,904 [Datanode State Machine Thread - 0] INFO  datanode.InitDatanodeState (InitDatanodeState.java:persistContainerDatanodeDetails(140)) - DatanodeDetails is persisted to /workdir/hadoop-ozone/integration-test/target/test-dir/MiniOzoneClusterImpl-23941a65-3452-474d-b3c0-503ff93f6bad/datanode-0/meta/datanode.id
2019-09-17 07:18:07,909 [main] INFO  volume.HddsVolume (HddsVolume.java:<init>(176)) - Creating Volume: /workdir/hadoop-ozone/integration-test/target/test-dir/MiniOzoneClusterImpl-23941a65-3452-474d-b3c0-503ff93f6bad/datanode-1/data/containers/hdds of  storage type : DISK and capacity : 1482555576320
2019-09-17 07:18:07,909 [main] INFO  volume.VolumeSet (VolumeSet.java:initializeVolumeSet(170)) - Added Volume : /workdir/hadoop-ozone/integration-test/target/test-dir/MiniOzoneClusterImpl-23941a65-3452-474d-b3c0-503ff93f6bad/datanode-1/data/containers/hdds to VolumeSet
2019-09-17 07:18:07,909 [main] INFO  volume.ThrottledAsyncChecker (ThrottledAsyncChecker.java:schedule(139)) - Scheduling a check for org.apache.hadoop.ozone.container.common.volume.HddsVolume@236861da
2019-09-17 07:18:07,910 [main] INFO  volume.HddsVolumeChecker (HddsVolumeChecker.java:checkAllVolumes(202)) - Scheduled health check for volume org.apache.hadoop.ozone.container.common.volume.HddsVolume@236861da
2019-09-17 07:18:07,928 [main] INFO  impl.RaftServerProxy (ConfUtils.java:logGet(43)) - raft.rpc.type = GRPC (default)
2019-09-17 07:18:07,928 [main] INFO  grpc.GrpcFactory (GrpcFactory.java:checkPooledByteBufAllocatorUseCacheForAllThreads(45)) - PERFORMANCE WARNING: useCacheForAllThreads is true that may cause Netty to create a lot garbage objects and, as a result, trigger GC.
	It is recommended to disable useCacheForAllThreads by setting -Dorg.apache.ratis.thirdparty.io.netty.allocator.useCacheForAllThreads=false in command line.
2019-09-17 07:18:07,929 [main] INFO  grpc.GrpcConfigKeys$Server (ConfUtils.java:logGet(43)) - raft.grpc.server.port = 0 (default)
2019-09-17 07:18:07,929 [main] INFO  server.GrpcService (ConfUtils.java:logGet(43)) - raft.grpc.message.size.max = 33570816 (custom)
2019-09-17 07:18:07,929 [main] INFO  server.RaftServerConfigKeys (ConfUtils.java:logGet(43)) - raft.server.log.appender.buffer.byte-limit = 33554432 (custom)
2019-09-17 07:18:07,929 [main] INFO  server.GrpcService (ConfUtils.java:logGet(43)) - raft.grpc.flow.control.window = 1MB (=1048576) (default)
2019-09-17 07:18:07,929 [main] INFO  server.RaftServerConfigKeys (ConfUtils.java:logGet(43)) - raft.server.rpc.request.timeout = 3000ms (default)
2019-09-17 07:18:07,930 [main] INFO  server.RaftServerConfigKeys (ConfUtils.java:logGet(43)) - raft.server.storage.dir = [/workdir/hadoop-ozone/integration-test/target/test-dir/MiniOzoneClusterImpl-23941a65-3452-474d-b3c0-503ff93f6bad/datanode-1/data/ratis] (custom)
2019-09-17 07:18:07,931 [main] INFO  hdfs.DFSUtil (DFSUtil.java:httpServerTemplateForNNAndJN(1641)) - Starting Web-server for hddsDatanode at: http://0.0.0.0:0
2019-09-17 07:18:07,932 [main] INFO  server.AuthenticationFilter (AuthenticationFilter.java:constructSecretProvider(240)) - Unable to initialize FileSignerSecretProvider, falling back to use random secrets.
2019-09-17 07:18:07,932 [main] WARN  http.HttpRequestLog (HttpRequestLog.java:getRequestLog(97)) - Jetty request log can only be enabled using Log4j
2019-09-17 07:18:07,934 [main] INFO  http.HttpServer2 (HttpServer2.java:addGlobalFilter(975)) - Added global filter 'safety' (class=org.apache.hadoop.http.HttpServer2$QuotingInputFilter)
2019-09-17 07:18:07,934 [main] INFO  http.HttpServer2 (HttpServer2.java:addFilter(948)) - Added filter static_user_filter (class=org.apache.hadoop.http.lib.StaticUserWebFilter$StaticUserFilter) to context hddsDatanode
2019-09-17 07:18:07,934 [main] INFO  http.HttpServer2 (HttpServer2.java:addFilter(958)) - Added filter static_user_filter (class=org.apache.hadoop.http.lib.StaticUserWebFilter$StaticUserFilter) to context logs
2019-09-17 07:18:07,934 [main] INFO  http.HttpServer2 (HttpServer2.java:addFilter(958)) - Added filter static_user_filter (class=org.apache.hadoop.http.lib.StaticUserWebFilter$StaticUserFilter) to context static
2019-09-17 07:18:07,935 [main] INFO  http.HttpServer2 (HttpServer2.java:bindListener(1191)) - Jetty bound to port 35883
2019-09-17 07:18:07,935 [main] INFO  server.Server (Server.java:doStart(351)) - jetty-9.3.24.v20180605, build timestamp: 2018-06-05T17:11:56Z, git hash: 84205aa28f11a4f31f2a3b86d1bba2cc8ab69827
2019-09-17 07:18:07,936 [main] INFO  handler.ContextHandler (ContextHandler.java:doStart(781)) - Started o.e.j.s.ServletContextHandler@2a6fb62f{/logs,file:///workdir/hadoop-ozone/integration-test/target/log,AVAILABLE}
2019-09-17 07:18:07,937 [main] INFO  handler.ContextHandler (ContextHandler.java:doStart(781)) - Started o.e.j.s.ServletContextHandler@7b44bfb8{/static,jar:file:/home/user/.m2/repository/org/apache/hadoop/hadoop-hdds-container-service/0.5.0-SNAPSHOT/hadoop-hdds-container-service-0.5.0-SNAPSHOT.jar!/webapps/static,AVAILABLE}
2019-09-17 07:18:07,965 [main] INFO  handler.ContextHandler (ContextHandler.java:doStart(781)) - Started o.e.j.w.WebAppContext@1b47b7f5{/,file:///tmp/jetty-0.0.0.0-35883-hddsDatanode-_-any-3432957574942301981.dir/webapp/,AVAILABLE}{/hddsDatanode}
2019-09-17 07:18:07,965 [main] INFO  server.AbstractConnector (AbstractConnector.java:doStart(278)) - Started ServerConnector@506aa618{HTTP/1.1,[http/1.1]}{0.0.0.0:35883}
2019-09-17 07:18:07,967 [main] INFO  server.Server (Server.java:doStart(419)) - Started @611912ms
2019-09-17 07:18:07,967 [main] WARN  impl.MetricsSystemImpl (MetricsSystemImpl.java:register(276)) - Sink prometheus already exists!
2019-09-17 07:18:07,968 [main] INFO  server.BaseHttpServer (BaseHttpServer.java:updateConnectorAddress(215)) - HTTP server of HDDSDATANODE is listening at http://0.0.0.0:35883
2019-09-17 07:18:07,968 [main] INFO  impl.MetricsSystemImpl (MetricsSystemImpl.java:init(158)) - HddsDatanode metrics system started (again)
2019-09-17 07:18:07,972 [org.apache.hadoop.util.JvmPauseMonitor$Monitor@78842ad4] INFO  util.JvmPauseMonitor (JvmPauseMonitor.java:run(188)) - Starting JVM pause monitor
2019-09-17 07:18:07,973 [main] INFO  ozone.HddsDatanodeService (HddsDatanodeService.java:start(184)) - HddsDatanodeService host:pr-hdds-2016-n7825-135103490 ip:192.168.157.246
2019-09-17 07:18:07,974 [Datanode State Machine Thread - 0] INFO  datanode.InitDatanodeState (InitDatanodeState.java:persistContainerDatanodeDetails(140)) - DatanodeDetails is persisted to /workdir/hadoop-ozone/integration-test/target/test-dir/MiniOzoneClusterImpl-23941a65-3452-474d-b3c0-503ff93f6bad/datanode-1/meta/datanode.id
2019-09-17 07:18:07,979 [main] INFO  volume.HddsVolume (HddsVolume.java:<init>(176)) - Creating Volume: /workdir/hadoop-ozone/integration-test/target/test-dir/MiniOzoneClusterImpl-23941a65-3452-474d-b3c0-503ff93f6bad/datanode-2/data/containers/hdds of  storage type : DISK and capacity : 1482555576320
2019-09-17 07:18:07,979 [main] INFO  volume.VolumeSet (VolumeSet.java:initializeVolumeSet(170)) - Added Volume : /workdir/hadoop-ozone/integration-test/target/test-dir/MiniOzoneClusterImpl-23941a65-3452-474d-b3c0-503ff93f6bad/datanode-2/data/containers/hdds to VolumeSet
2019-09-17 07:18:07,980 [main] INFO  volume.ThrottledAsyncChecker (ThrottledAsyncChecker.java:schedule(139)) - Scheduling a check for org.apache.hadoop.ozone.container.common.volume.HddsVolume@1a17dd6f
2019-09-17 07:18:07,980 [main] INFO  volume.HddsVolumeChecker (HddsVolumeChecker.java:checkAllVolumes(202)) - Scheduled health check for volume org.apache.hadoop.ozone.container.common.volume.HddsVolume@1a17dd6f
2019-09-17 07:18:07,992 [main] INFO  impl.RaftServerProxy (ConfUtils.java:logGet(43)) - raft.rpc.type = GRPC (default)
2019-09-17 07:18:07,992 [main] INFO  grpc.GrpcFactory (GrpcFactory.java:checkPooledByteBufAllocatorUseCacheForAllThreads(45)) - PERFORMANCE WARNING: useCacheForAllThreads is true that may cause Netty to create a lot garbage objects and, as a result, trigger GC.
	It is recommended to disable useCacheForAllThreads by setting -Dorg.apache.ratis.thirdparty.io.netty.allocator.useCacheForAllThreads=false in command line.
2019-09-17 07:18:07,992 [main] INFO  grpc.GrpcConfigKeys$Server (ConfUtils.java:logGet(43)) - raft.grpc.server.port = 0 (default)
2019-09-17 07:18:07,992 [main] INFO  server.GrpcService (ConfUtils.java:logGet(43)) - raft.grpc.message.size.max = 33570816 (custom)
2019-09-17 07:18:07,992 [main] INFO  server.RaftServerConfigKeys (ConfUtils.java:logGet(43)) - raft.server.log.appender.buffer.byte-limit = 33554432 (custom)
2019-09-17 07:18:07,993 [main] INFO  server.GrpcService (ConfUtils.java:logGet(43)) - raft.grpc.flow.control.window = 1MB (=1048576) (default)
2019-09-17 07:18:07,993 [main] INFO  server.RaftServerConfigKeys (ConfUtils.java:logGet(43)) - raft.server.rpc.request.timeout = 3000ms (default)
2019-09-17 07:18:07,993 [main] INFO  server.RaftServerConfigKeys (ConfUtils.java:logGet(43)) - raft.server.storage.dir = [/workdir/hadoop-ozone/integration-test/target/test-dir/MiniOzoneClusterImpl-23941a65-3452-474d-b3c0-503ff93f6bad/datanode-2/data/ratis] (custom)
2019-09-17 07:18:07,994 [main] INFO  hdfs.DFSUtil (DFSUtil.java:httpServerTemplateForNNAndJN(1641)) - Starting Web-server for hddsDatanode at: http://0.0.0.0:0
2019-09-17 07:18:07,995 [main] INFO  server.AuthenticationFilter (AuthenticationFilter.java:constructSecretProvider(240)) - Unable to initialize FileSignerSecretProvider, falling back to use random secrets.
2019-09-17 07:18:07,995 [main] WARN  http.HttpRequestLog (HttpRequestLog.java:getRequestLog(97)) - Jetty request log can only be enabled using Log4j
2019-09-17 07:18:07,996 [main] INFO  http.HttpServer2 (HttpServer2.java:addGlobalFilter(975)) - Added global filter 'safety' (class=org.apache.hadoop.http.HttpServer2$QuotingInputFilter)
2019-09-17 07:18:07,997 [main] INFO  http.HttpServer2 (HttpServer2.java:addFilter(948)) - Added filter static_user_filter (class=org.apache.hadoop.http.lib.StaticUserWebFilter$StaticUserFilter) to context hddsDatanode
2019-09-17 07:18:07,997 [main] INFO  http.HttpServer2 (HttpServer2.java:addFilter(958)) - Added filter static_user_filter (class=org.apache.hadoop.http.lib.StaticUserWebFilter$StaticUserFilter) to context logs
2019-09-17 07:18:07,997 [main] INFO  http.HttpServer2 (HttpServer2.java:addFilter(958)) - Added filter static_user_filter (class=org.apache.hadoop.http.lib.StaticUserWebFilter$StaticUserFilter) to context static
2019-09-17 07:18:07,998 [main] INFO  http.HttpServer2 (HttpServer2.java:bindListener(1191)) - Jetty bound to port 34948
2019-09-17 07:18:07,998 [main] INFO  server.Server (Server.java:doStart(351)) - jetty-9.3.24.v20180605, build timestamp: 2018-06-05T17:11:56Z, git hash: 84205aa28f11a4f31f2a3b86d1bba2cc8ab69827
2019-09-17 07:18:07,999 [main] INFO  handler.ContextHandler (ContextHandler.java:doStart(781)) - Started o.e.j.s.ServletContextHandler@17884d{/logs,file:///workdir/hadoop-ozone/integration-test/target/log,AVAILABLE}
2019-09-17 07:18:07,999 [main] INFO  handler.ContextHandler (ContextHandler.java:doStart(781)) - Started o.e.j.s.ServletContextHandler@c732e1c{/static,jar:file:/home/user/.m2/repository/org/apache/hadoop/hadoop-hdds-container-service/0.5.0-SNAPSHOT/hadoop-hdds-container-service-0.5.0-SNAPSHOT.jar!/webapps/static,AVAILABLE}
2019-09-17 07:18:08,026 [main] INFO  handler.ContextHandler (ContextHandler.java:doStart(781)) - Started o.e.j.w.WebAppContext@7f93f4c{/,file:///tmp/jetty-0.0.0.0-34948-hddsDatanode-_-any-4143348347715924442.dir/webapp/,AVAILABLE}{/hddsDatanode}
2019-09-17 07:18:08,026 [main] INFO  server.AbstractConnector (AbstractConnector.java:doStart(278)) - Started ServerConnector@598657cd{HTTP/1.1,[http/1.1]}{0.0.0.0:34948}
2019-09-17 07:18:08,029 [main] INFO  server.Server (Server.java:doStart(419)) - Started @611973ms
2019-09-17 07:18:08,029 [main] WARN  impl.MetricsSystemImpl (MetricsSystemImpl.java:register(276)) - Sink prometheus already exists!
2019-09-17 07:18:08,029 [main] INFO  server.BaseHttpServer (BaseHttpServer.java:updateConnectorAddress(215)) - HTTP server of HDDSDATANODE is listening at http://0.0.0.0:34948
2019-09-17 07:18:08,030 [main] INFO  impl.MetricsSystemImpl (MetricsSystemImpl.java:init(158)) - HddsDatanode metrics system started (again)
2019-09-17 07:18:08,034 [org.apache.hadoop.util.JvmPauseMonitor$Monitor@2363570d] INFO  util.JvmPauseMonitor (JvmPauseMonitor.java:run(188)) - Starting JVM pause monitor
2019-09-17 07:18:08,035 [main] INFO  ozone.HddsDatanodeService (HddsDatanodeService.java:start(184)) - HddsDatanodeService host:pr-hdds-2016-n7825-135103490 ip:192.168.157.246
2019-09-17 07:18:08,036 [Datanode State Machine Thread - 0] INFO  datanode.InitDatanodeState (InitDatanodeState.java:persistContainerDatanodeDetails(140)) - DatanodeDetails is persisted to /workdir/hadoop-ozone/integration-test/target/test-dir/MiniOzoneClusterImpl-23941a65-3452-474d-b3c0-503ff93f6bad/datanode-2/meta/datanode.id
2019-09-17 07:18:08,042 [main] INFO  volume.HddsVolume (HddsVolume.java:<init>(176)) - Creating Volume: /workdir/hadoop-ozone/integration-test/target/test-dir/MiniOzoneClusterImpl-23941a65-3452-474d-b3c0-503ff93f6bad/datanode-3/data/containers/hdds of  storage type : DISK and capacity : 1482555576320
2019-09-17 07:18:08,042 [main] INFO  volume.VolumeSet (VolumeSet.java:initializeVolumeSet(170)) - Added Volume : /workdir/hadoop-ozone/integration-test/target/test-dir/MiniOzoneClusterImpl-23941a65-3452-474d-b3c0-503ff93f6bad/datanode-3/data/containers/hdds to VolumeSet
2019-09-17 07:18:08,043 [main] INFO  volume.ThrottledAsyncChecker (ThrottledAsyncChecker.java:schedule(139)) - Scheduling a check for org.apache.hadoop.ozone.container.common.volume.HddsVolume@49190ed6
2019-09-17 07:18:08,043 [main] INFO  volume.HddsVolumeChecker (HddsVolumeChecker.java:checkAllVolumes(202)) - Scheduled health check for volume org.apache.hadoop.ozone.container.common.volume.HddsVolume@49190ed6
2019-09-17 07:18:08,055 [main] INFO  impl.RaftServerProxy (ConfUtils.java:logGet(43)) - raft.rpc.type = GRPC (default)
2019-09-17 07:18:08,055 [main] INFO  grpc.GrpcFactory (GrpcFactory.java:checkPooledByteBufAllocatorUseCacheForAllThreads(45)) - PERFORMANCE WARNING: useCacheForAllThreads is true that may cause Netty to create a lot garbage objects and, as a result, trigger GC.
	It is recommended to disable useCacheForAllThreads by setting -Dorg.apache.ratis.thirdparty.io.netty.allocator.useCacheForAllThreads=false in command line.
2019-09-17 07:18:08,055 [main] INFO  grpc.GrpcConfigKeys$Server (ConfUtils.java:logGet(43)) - raft.grpc.server.port = 0 (default)
2019-09-17 07:18:08,056 [main] INFO  server.GrpcService (ConfUtils.java:logGet(43)) - raft.grpc.message.size.max = 33570816 (custom)
2019-09-17 07:18:08,056 [main] INFO  server.RaftServerConfigKeys (ConfUtils.java:logGet(43)) - raft.server.log.appender.buffer.byte-limit = 33554432 (custom)
2019-09-17 07:18:08,056 [main] INFO  server.GrpcService (ConfUtils.java:logGet(43)) - raft.grpc.flow.control.window = 1MB (=1048576) (default)
2019-09-17 07:18:08,056 [main] INFO  server.RaftServerConfigKeys (ConfUtils.java:logGet(43)) - raft.server.rpc.request.timeout = 3000ms (default)
2019-09-17 07:18:08,057 [main] INFO  server.RaftServerConfigKeys (ConfUtils.java:logGet(43)) - raft.server.storage.dir = [/workdir/hadoop-ozone/integration-test/target/test-dir/MiniOzoneClusterImpl-23941a65-3452-474d-b3c0-503ff93f6bad/datanode-3/data/ratis] (custom)
2019-09-17 07:18:08,058 [main] INFO  hdfs.DFSUtil (DFSUtil.java:httpServerTemplateForNNAndJN(1641)) - Starting Web-server for hddsDatanode at: http://0.0.0.0:0
2019-09-17 07:18:08,059 [main] INFO  server.AuthenticationFilter (AuthenticationFilter.java:constructSecretProvider(240)) - Unable to initialize FileSignerSecretProvider, falling back to use random secrets.
2019-09-17 07:18:08,059 [main] WARN  http.HttpRequestLog (HttpRequestLog.java:getRequestLog(97)) - Jetty request log can only be enabled using Log4j
2019-09-17 07:18:08,060 [main] INFO  http.HttpServer2 (HttpServer2.java:addGlobalFilter(975)) - Added global filter 'safety' (class=org.apache.hadoop.http.HttpServer2$QuotingInputFilter)
2019-09-17 07:18:08,060 [main] INFO  http.HttpServer2 (HttpServer2.java:addFilter(948)) - Added filter static_user_filter (class=org.apache.hadoop.http.lib.StaticUserWebFilter$StaticUserFilter) to context hddsDatanode
2019-09-17 07:18:08,060 [main] INFO  http.HttpServer2 (HttpServer2.java:addFilter(958)) - Added filter static_user_filter (class=org.apache.hadoop.http.lib.StaticUserWebFilter$StaticUserFilter) to context static
2019-09-17 07:18:08,061 [main] INFO  http.HttpServer2 (HttpServer2.java:addFilter(958)) - Added filter static_user_filter (class=org.apache.hadoop.http.lib.StaticUserWebFilter$StaticUserFilter) to context logs
2019-09-17 07:18:08,061 [main] INFO  http.HttpServer2 (HttpServer2.java:bindListener(1191)) - Jetty bound to port 44594
2019-09-17 07:18:08,061 [main] INFO  server.Server (Server.java:doStart(351)) - jetty-9.3.24.v20180605, build timestamp: 2018-06-05T17:11:56Z, git hash: 84205aa28f11a4f31f2a3b86d1bba2cc8ab69827
2019-09-17 07:18:08,063 [main] INFO  handler.ContextHandler (ContextHandler.java:doStart(781)) - Started o.e.j.s.ServletContextHandler@2964511{/logs,file:///workdir/hadoop-ozone/integration-test/target/log,AVAILABLE}
2019-09-17 07:18:08,063 [main] INFO  handler.ContextHandler (ContextHandler.java:doStart(781)) - Started o.e.j.s.ServletContextHandler@6ea66c33{/static,jar:file:/home/user/.m2/repository/org/apache/hadoop/hadoop-hdds-container-service/0.5.0-SNAPSHOT/hadoop-hdds-container-service-0.5.0-SNAPSHOT.jar!/webapps/static,AVAILABLE}
2019-09-17 07:18:08,090 [main] INFO  handler.ContextHandler (ContextHandler.java:doStart(781)) - Started o.e.j.w.WebAppContext@48cf8414{/,file:///tmp/jetty-0.0.0.0-44594-hddsDatanode-_-any-5412636206260962306.dir/webapp/,AVAILABLE}{/hddsDatanode}
2019-09-17 07:18:08,091 [main] INFO  server.AbstractConnector (AbstractConnector.java:doStart(278)) - Started ServerConnector@27dbaa33{HTTP/1.1,[http/1.1]}{0.0.0.0:44594}
2019-09-17 07:18:08,092 [main] INFO  server.Server (Server.java:doStart(419)) - Started @612037ms
2019-09-17 07:18:08,092 [main] WARN  impl.MetricsSystemImpl (MetricsSystemImpl.java:register(276)) - Sink prometheus already exists!
2019-09-17 07:18:08,093 [main] INFO  server.BaseHttpServer (BaseHttpServer.java:updateConnectorAddress(215)) - HTTP server of HDDSDATANODE is listening at http://0.0.0.0:44594
2019-09-17 07:18:08,093 [main] INFO  impl.MetricsSystemImpl (MetricsSystemImpl.java:init(158)) - HddsDatanode metrics system started (again)
2019-09-17 07:18:08,098 [org.apache.hadoop.util.JvmPauseMonitor$Monitor@d519c5b] INFO  util.JvmPauseMonitor (JvmPauseMonitor.java:run(188)) - Starting JVM pause monitor
2019-09-17 07:18:08,099 [main] INFO  ozone.HddsDatanodeService (HddsDatanodeService.java:start(184)) - HddsDatanodeService host:pr-hdds-2016-n7825-135103490 ip:192.168.157.246
2019-09-17 07:18:08,099 [Datanode State Machine Thread - 0] INFO  datanode.InitDatanodeState (InitDatanodeState.java:persistContainerDatanodeDetails(140)) - DatanodeDetails is persisted to /workdir/hadoop-ozone/integration-test/target/test-dir/MiniOzoneClusterImpl-23941a65-3452-474d-b3c0-503ff93f6bad/datanode-3/meta/datanode.id
2019-09-17 07:18:08,105 [main] INFO  volume.HddsVolume (HddsVolume.java:<init>(176)) - Creating Volume: /workdir/hadoop-ozone/integration-test/target/test-dir/MiniOzoneClusterImpl-23941a65-3452-474d-b3c0-503ff93f6bad/datanode-4/data/containers/hdds of  storage type : DISK and capacity : 1482555576320
2019-09-17 07:18:08,105 [main] INFO  volume.VolumeSet (VolumeSet.java:initializeVolumeSet(170)) - Added Volume : /workdir/hadoop-ozone/integration-test/target/test-dir/MiniOzoneClusterImpl-23941a65-3452-474d-b3c0-503ff93f6bad/datanode-4/data/containers/hdds to VolumeSet
2019-09-17 07:18:08,105 [main] INFO  volume.ThrottledAsyncChecker (ThrottledAsyncChecker.java:schedule(139)) - Scheduling a check for org.apache.hadoop.ozone.container.common.volume.HddsVolume@3212d853
2019-09-17 07:18:08,106 [main] INFO  volume.HddsVolumeChecker (HddsVolumeChecker.java:checkAllVolumes(202)) - Scheduled health check for volume org.apache.hadoop.ozone.container.common.volume.HddsVolume@3212d853
2019-09-17 07:18:08,118 [main] INFO  impl.RaftServerProxy (ConfUtils.java:logGet(43)) - raft.rpc.type = GRPC (default)
2019-09-17 07:18:08,118 [main] INFO  grpc.GrpcFactory (GrpcFactory.java:checkPooledByteBufAllocatorUseCacheForAllThreads(45)) - PERFORMANCE WARNING: useCacheForAllThreads is true that may cause Netty to create a lot garbage objects and, as a result, trigger GC.
	It is recommended to disable useCacheForAllThreads by setting -Dorg.apache.ratis.thirdparty.io.netty.allocator.useCacheForAllThreads=false in command line.
2019-09-17 07:18:08,118 [main] INFO  grpc.GrpcConfigKeys$Server (ConfUtils.java:logGet(43)) - raft.grpc.server.port = 0 (default)
2019-09-17 07:18:08,118 [main] INFO  server.GrpcService (ConfUtils.java:logGet(43)) - raft.grpc.message.size.max = 33570816 (custom)
2019-09-17 07:18:08,118 [main] INFO  server.RaftServerConfigKeys (ConfUtils.java:logGet(43)) - raft.server.log.appender.buffer.byte-limit = 33554432 (custom)
2019-09-17 07:18:08,118 [main] INFO  server.GrpcService (ConfUtils.java:logGet(43)) - raft.grpc.flow.control.window = 1MB (=1048576) (default)
2019-09-17 07:18:08,119 [main] INFO  server.RaftServerConfigKeys (ConfUtils.java:logGet(43)) - raft.server.rpc.request.timeout = 3000ms (default)
2019-09-17 07:18:08,119 [main] INFO  server.RaftServerConfigKeys (ConfUtils.java:logGet(43)) - raft.server.storage.dir = [/workdir/hadoop-ozone/integration-test/target/test-dir/MiniOzoneClusterImpl-23941a65-3452-474d-b3c0-503ff93f6bad/datanode-4/data/ratis] (custom)
2019-09-17 07:18:08,120 [main] INFO  hdfs.DFSUtil (DFSUtil.java:httpServerTemplateForNNAndJN(1641)) - Starting Web-server for hddsDatanode at: http://0.0.0.0:0
2019-09-17 07:18:08,121 [main] INFO  server.AuthenticationFilter (AuthenticationFilter.java:constructSecretProvider(240)) - Unable to initialize FileSignerSecretProvider, falling back to use random secrets.
2019-09-17 07:18:08,121 [main] WARN  http.HttpRequestLog (HttpRequestLog.java:getRequestLog(97)) - Jetty request log can only be enabled using Log4j
2019-09-17 07:18:08,122 [main] INFO  http.HttpServer2 (HttpServer2.java:addGlobalFilter(975)) - Added global filter 'safety' (class=org.apache.hadoop.http.HttpServer2$QuotingInputFilter)
2019-09-17 07:18:08,123 [main] INFO  http.HttpServer2 (HttpServer2.java:addFilter(948)) - Added filter static_user_filter (class=org.apache.hadoop.http.lib.StaticUserWebFilter$StaticUserFilter) to context hddsDatanode
2019-09-17 07:18:08,123 [main] INFO  http.HttpServer2 (HttpServer2.java:addFilter(958)) - Added filter static_user_filter (class=org.apache.hadoop.http.lib.StaticUserWebFilter$StaticUserFilter) to context static
2019-09-17 07:18:08,123 [main] INFO  http.HttpServer2 (HttpServer2.java:addFilter(958)) - Added filter static_user_filter (class=org.apache.hadoop.http.lib.StaticUserWebFilter$StaticUserFilter) to context logs
2019-09-17 07:18:08,123 [main] INFO  http.HttpServer2 (HttpServer2.java:bindListener(1191)) - Jetty bound to port 36947
2019-09-17 07:18:08,124 [main] INFO  server.Server (Server.java:doStart(351)) - jetty-9.3.24.v20180605, build timestamp: 2018-06-05T17:11:56Z, git hash: 84205aa28f11a4f31f2a3b86d1bba2cc8ab69827
2019-09-17 07:18:08,125 [main] INFO  handler.ContextHandler (ContextHandler.java:doStart(781)) - Started o.e.j.s.ServletContextHandler@67b5e613{/logs,file:///workdir/hadoop-ozone/integration-test/target/log,AVAILABLE}
2019-09-17 07:18:08,125 [main] INFO  handler.ContextHandler (ContextHandler.java:doStart(781)) - Started o.e.j.s.ServletContextHandler@3095d401{/static,jar:file:/home/user/.m2/repository/org/apache/hadoop/hadoop-hdds-container-service/0.5.0-SNAPSHOT/hadoop-hdds-container-service-0.5.0-SNAPSHOT.jar!/webapps/static,AVAILABLE}
2019-09-17 07:18:08,152 [main] INFO  handler.ContextHandler (ContextHandler.java:doStart(781)) - Started o.e.j.w.WebAppContext@29090809{/,file:///tmp/jetty-0.0.0.0-36947-hddsDatanode-_-any-6141076018117550849.dir/webapp/,AVAILABLE}{/hddsDatanode}
2019-09-17 07:18:08,152 [main] INFO  server.AbstractConnector (AbstractConnector.java:doStart(278)) - Started ServerConnector@30cafd13{HTTP/1.1,[http/1.1]}{0.0.0.0:36947}
2019-09-17 07:18:08,154 [main] INFO  server.Server (Server.java:doStart(419)) - Started @612099ms
2019-09-17 07:18:08,154 [main] WARN  impl.MetricsSystemImpl (MetricsSystemImpl.java:register(276)) - Sink prometheus already exists!
2019-09-17 07:18:08,154 [main] INFO  server.BaseHttpServer (BaseHttpServer.java:updateConnectorAddress(215)) - HTTP server of HDDSDATANODE is listening at http://0.0.0.0:36947
2019-09-17 07:18:08,155 [main] INFO  impl.MetricsSystemImpl (MetricsSystemImpl.java:init(158)) - HddsDatanode metrics system started (again)
2019-09-17 07:18:08,160 [org.apache.hadoop.util.JvmPauseMonitor$Monitor@79d025b6] INFO  util.JvmPauseMonitor (JvmPauseMonitor.java:run(188)) - Starting JVM pause monitor
2019-09-17 07:18:08,161 [main] INFO  ozone.HddsDatanodeService (HddsDatanodeService.java:start(184)) - HddsDatanodeService host:pr-hdds-2016-n7825-135103490 ip:192.168.157.246
2019-09-17 07:18:08,162 [Datanode State Machine Thread - 0] INFO  datanode.InitDatanodeState (InitDatanodeState.java:persistContainerDatanodeDetails(140)) - DatanodeDetails is persisted to /workdir/hadoop-ozone/integration-test/target/test-dir/MiniOzoneClusterImpl-23941a65-3452-474d-b3c0-503ff93f6bad/datanode-4/meta/datanode.id
2019-09-17 07:18:08,167 [main] INFO  volume.HddsVolume (HddsVolume.java:<init>(176)) - Creating Volume: /workdir/hadoop-ozone/integration-test/target/test-dir/MiniOzoneClusterImpl-23941a65-3452-474d-b3c0-503ff93f6bad/datanode-5/data/containers/hdds of  storage type : DISK and capacity : 1482555576320
2019-09-17 07:18:08,167 [main] INFO  volume.VolumeSet (VolumeSet.java:initializeVolumeSet(170)) - Added Volume : /workdir/hadoop-ozone/integration-test/target/test-dir/MiniOzoneClusterImpl-23941a65-3452-474d-b3c0-503ff93f6bad/datanode-5/data/containers/hdds to VolumeSet
2019-09-17 07:18:08,167 [main] INFO  volume.ThrottledAsyncChecker (ThrottledAsyncChecker.java:schedule(139)) - Scheduling a check for org.apache.hadoop.ozone.container.common.volume.HddsVolume@faec277
2019-09-17 07:18:08,168 [main] INFO  volume.HddsVolumeChecker (HddsVolumeChecker.java:checkAllVolumes(202)) - Scheduled health check for volume org.apache.hadoop.ozone.container.common.volume.HddsVolume@faec277
2019-09-17 07:18:08,181 [main] INFO  impl.RaftServerProxy (ConfUtils.java:logGet(43)) - raft.rpc.type = GRPC (default)
2019-09-17 07:18:08,182 [main] INFO  grpc.GrpcFactory (GrpcFactory.java:checkPooledByteBufAllocatorUseCacheForAllThreads(45)) - PERFORMANCE WARNING: useCacheForAllThreads is true that may cause Netty to create a lot garbage objects and, as a result, trigger GC.
	It is recommended to disable useCacheForAllThreads by setting -Dorg.apache.ratis.thirdparty.io.netty.allocator.useCacheForAllThreads=false in command line.
2019-09-17 07:18:08,182 [main] INFO  grpc.GrpcConfigKeys$Server (ConfUtils.java:logGet(43)) - raft.grpc.server.port = 0 (default)
2019-09-17 07:18:08,182 [main] INFO  server.GrpcService (ConfUtils.java:logGet(43)) - raft.grpc.message.size.max = 33570816 (custom)
2019-09-17 07:18:08,182 [main] INFO  server.RaftServerConfigKeys (ConfUtils.java:logGet(43)) - raft.server.log.appender.buffer.byte-limit = 33554432 (custom)
2019-09-17 07:18:08,182 [main] INFO  server.GrpcService (ConfUtils.java:logGet(43)) - raft.grpc.flow.control.window = 1MB (=1048576) (default)
2019-09-17 07:18:08,182 [main] INFO  server.RaftServerConfigKeys (ConfUtils.java:logGet(43)) - raft.server.rpc.request.timeout = 3000ms (default)
2019-09-17 07:18:08,183 [main] INFO  server.RaftServerConfigKeys (ConfUtils.java:logGet(43)) - raft.server.storage.dir = [/workdir/hadoop-ozone/integration-test/target/test-dir/MiniOzoneClusterImpl-23941a65-3452-474d-b3c0-503ff93f6bad/datanode-5/data/ratis] (custom)
2019-09-17 07:18:08,184 [main] INFO  hdfs.DFSUtil (DFSUtil.java:httpServerTemplateForNNAndJN(1641)) - Starting Web-server for hddsDatanode at: http://0.0.0.0:0
2019-09-17 07:18:08,185 [main] INFO  server.AuthenticationFilter (AuthenticationFilter.java:constructSecretProvider(240)) - Unable to initialize FileSignerSecretProvider, falling back to use random secrets.
2019-09-17 07:18:08,185 [main] WARN  http.HttpRequestLog (HttpRequestLog.java:getRequestLog(97)) - Jetty request log can only be enabled using Log4j
2019-09-17 07:18:08,186 [main] INFO  http.HttpServer2 (HttpServer2.java:addGlobalFilter(975)) - Added global filter 'safety' (class=org.apache.hadoop.http.HttpServer2$QuotingInputFilter)
2019-09-17 07:18:08,187 [main] INFO  http.HttpServer2 (HttpServer2.java:addFilter(948)) - Added filter static_user_filter (class=org.apache.hadoop.http.lib.StaticUserWebFilter$StaticUserFilter) to context hddsDatanode
2019-09-17 07:18:08,187 [main] INFO  http.HttpServer2 (HttpServer2.java:addFilter(958)) - Added filter static_user_filter (class=org.apache.hadoop.http.lib.StaticUserWebFilter$StaticUserFilter) to context static
2019-09-17 07:18:08,187 [main] INFO  http.HttpServer2 (HttpServer2.java:addFilter(958)) - Added filter static_user_filter (class=org.apache.hadoop.http.lib.StaticUserWebFilter$StaticUserFilter) to context logs
2019-09-17 07:18:08,188 [main] INFO  http.HttpServer2 (HttpServer2.java:bindListener(1191)) - Jetty bound to port 46719
2019-09-17 07:18:08,188 [main] INFO  server.Server (Server.java:doStart(351)) - jetty-9.3.24.v20180605, build timestamp: 2018-06-05T17:11:56Z, git hash: 84205aa28f11a4f31f2a3b86d1bba2cc8ab69827
2019-09-17 07:18:08,189 [main] INFO  handler.ContextHandler (ContextHandler.java:doStart(781)) - Started o.e.j.s.ServletContextHandler@49e479da{/logs,file:///workdir/hadoop-ozone/integration-test/target/log,AVAILABLE}
2019-09-17 07:18:08,189 [main] INFO  handler.ContextHandler (ContextHandler.java:doStart(781)) - Started o.e.j.s.ServletContextHandler@30dd00b6{/static,jar:file:/home/user/.m2/repository/org/apache/hadoop/hadoop-hdds-container-service/0.5.0-SNAPSHOT/hadoop-hdds-container-service-0.5.0-SNAPSHOT.jar!/webapps/static,AVAILABLE}
2019-09-17 07:18:08,216 [main] INFO  handler.ContextHandler (ContextHandler.java:doStart(781)) - Started o.e.j.w.WebAppContext@5c5f0edc{/,file:///tmp/jetty-0.0.0.0-46719-hddsDatanode-_-any-1002487272012627497.dir/webapp/,AVAILABLE}{/hddsDatanode}
2019-09-17 07:18:08,216 [main] INFO  server.AbstractConnector (AbstractConnector.java:doStart(278)) - Started ServerConnector@153cfd86{HTTP/1.1,[http/1.1]}{0.0.0.0:46719}
2019-09-17 07:18:08,218 [main] INFO  server.Server (Server.java:doStart(419)) - Started @612163ms
2019-09-17 07:18:08,218 [main] WARN  impl.MetricsSystemImpl (MetricsSystemImpl.java:register(276)) - Sink prometheus already exists!
2019-09-17 07:18:08,219 [main] INFO  server.BaseHttpServer (BaseHttpServer.java:updateConnectorAddress(215)) - HTTP server of HDDSDATANODE is listening at http://0.0.0.0:46719
2019-09-17 07:18:08,219 [main] INFO  impl.MetricsSystemImpl (MetricsSystemImpl.java:init(158)) - HddsDatanode metrics system started (again)
2019-09-17 07:18:08,225 [org.apache.hadoop.util.JvmPauseMonitor$Monitor@beeb489] INFO  util.JvmPauseMonitor (JvmPauseMonitor.java:run(188)) - Starting JVM pause monitor
2019-09-17 07:18:08,225 [main] INFO  ozone.HddsDatanodeService (HddsDatanodeService.java:start(184)) - HddsDatanodeService host:pr-hdds-2016-n7825-135103490 ip:192.168.157.246
2019-09-17 07:18:08,226 [Datanode State Machine Thread - 0] INFO  datanode.InitDatanodeState (InitDatanodeState.java:persistContainerDatanodeDetails(140)) - DatanodeDetails is persisted to /workdir/hadoop-ozone/integration-test/target/test-dir/MiniOzoneClusterImpl-23941a65-3452-474d-b3c0-503ff93f6bad/datanode-5/meta/datanode.id
2019-09-17 07:18:08,232 [main] INFO  volume.HddsVolume (HddsVolume.java:<init>(176)) - Creating Volume: /workdir/hadoop-ozone/integration-test/target/test-dir/MiniOzoneClusterImpl-23941a65-3452-474d-b3c0-503ff93f6bad/datanode-6/data/containers/hdds of  storage type : DISK and capacity : 1482555576320
2019-09-17 07:18:08,232 [main] INFO  volume.VolumeSet (VolumeSet.java:initializeVolumeSet(170)) - Added Volume : /workdir/hadoop-ozone/integration-test/target/test-dir/MiniOzoneClusterImpl-23941a65-3452-474d-b3c0-503ff93f6bad/datanode-6/data/containers/hdds to VolumeSet
2019-09-17 07:18:08,232 [main] INFO  volume.ThrottledAsyncChecker (ThrottledAsyncChecker.java:schedule(139)) - Scheduling a check for org.apache.hadoop.ozone.container.common.volume.HddsVolume@30d5e37c
2019-09-17 07:18:08,232 [main] INFO  volume.HddsVolumeChecker (HddsVolumeChecker.java:checkAllVolumes(202)) - Scheduled health check for volume org.apache.hadoop.ozone.container.common.volume.HddsVolume@30d5e37c
2019-09-17 07:18:08,245 [main] INFO  impl.RaftServerProxy (ConfUtils.java:logGet(43)) - raft.rpc.type = GRPC (default)
2019-09-17 07:18:08,245 [main] INFO  grpc.GrpcFactory (GrpcFactory.java:checkPooledByteBufAllocatorUseCacheForAllThreads(45)) - PERFORMANCE WARNING: useCacheForAllThreads is true that may cause Netty to create a lot garbage objects and, as a result, trigger GC.
	It is recommended to disable useCacheForAllThreads by setting -Dorg.apache.ratis.thirdparty.io.netty.allocator.useCacheForAllThreads=false in command line.
2019-09-17 07:18:08,246 [main] INFO  grpc.GrpcConfigKeys$Server (ConfUtils.java:logGet(43)) - raft.grpc.server.port = 0 (default)
2019-09-17 07:18:08,246 [main] INFO  server.GrpcService (ConfUtils.java:logGet(43)) - raft.grpc.message.size.max = 33570816 (custom)
2019-09-17 07:18:08,246 [main] INFO  server.RaftServerConfigKeys (ConfUtils.java:logGet(43)) - raft.server.log.appender.buffer.byte-limit = 33554432 (custom)
2019-09-17 07:18:08,246 [main] INFO  server.GrpcService (ConfUtils.java:logGet(43)) - raft.grpc.flow.control.window = 1MB (=1048576) (default)
2019-09-17 07:18:08,246 [main] INFO  server.RaftServerConfigKeys (ConfUtils.java:logGet(43)) - raft.server.rpc.request.timeout = 3000ms (default)
2019-09-17 07:18:08,247 [main] INFO  server.RaftServerConfigKeys (ConfUtils.java:logGet(43)) - raft.server.storage.dir = [/workdir/hadoop-ozone/integration-test/target/test-dir/MiniOzoneClusterImpl-23941a65-3452-474d-b3c0-503ff93f6bad/datanode-6/data/ratis] (custom)
2019-09-17 07:18:08,248 [main] INFO  hdfs.DFSUtil (DFSUtil.java:httpServerTemplateForNNAndJN(1641)) - Starting Web-server for hddsDatanode at: http://0.0.0.0:0
2019-09-17 07:18:08,249 [main] INFO  server.AuthenticationFilter (AuthenticationFilter.java:constructSecretProvider(240)) - Unable to initialize FileSignerSecretProvider, falling back to use random secrets.
2019-09-17 07:18:08,249 [main] WARN  http.HttpRequestLog (HttpRequestLog.java:getRequestLog(97)) - Jetty request log can only be enabled using Log4j
2019-09-17 07:18:08,250 [main] INFO  http.HttpServer2 (HttpServer2.java:addGlobalFilter(975)) - Added global filter 'safety' (class=org.apache.hadoop.http.HttpServer2$QuotingInputFilter)
2019-09-17 07:18:08,250 [main] INFO  http.HttpServer2 (HttpServer2.java:addFilter(948)) - Added filter static_user_filter (class=org.apache.hadoop.http.lib.StaticUserWebFilter$StaticUserFilter) to context hddsDatanode
2019-09-17 07:18:08,251 [main] INFO  http.HttpServer2 (HttpServer2.java:addFilter(958)) - Added filter static_user_filter (class=org.apache.hadoop.http.lib.StaticUserWebFilter$StaticUserFilter) to context static
2019-09-17 07:18:08,251 [main] INFO  http.HttpServer2 (HttpServer2.java:addFilter(958)) - Added filter static_user_filter (class=org.apache.hadoop.http.lib.StaticUserWebFilter$StaticUserFilter) to context logs
2019-09-17 07:18:08,251 [main] INFO  http.HttpServer2 (HttpServer2.java:bindListener(1191)) - Jetty bound to port 41107
2019-09-17 07:18:08,251 [main] INFO  server.Server (Server.java:doStart(351)) - jetty-9.3.24.v20180605, build timestamp: 2018-06-05T17:11:56Z, git hash: 84205aa28f11a4f31f2a3b86d1bba2cc8ab69827
2019-09-17 07:18:08,253 [main] INFO  handler.ContextHandler (ContextHandler.java:doStart(781)) - Started o.e.j.s.ServletContextHandler@ee2ae9a{/logs,file:///workdir/hadoop-ozone/integration-test/target/log,AVAILABLE}
2019-09-17 07:18:08,253 [main] INFO  handler.ContextHandler (ContextHandler.java:doStart(781)) - Started o.e.j.s.ServletContextHandler@26994c6a{/static,jar:file:/home/user/.m2/repository/org/apache/hadoop/hadoop-hdds-container-service/0.5.0-SNAPSHOT/hadoop-hdds-container-service-0.5.0-SNAPSHOT.jar!/webapps/static,AVAILABLE}
2019-09-17 07:18:08,280 [main] INFO  handler.ContextHandler (ContextHandler.java:doStart(781)) - Started o.e.j.w.WebAppContext@1d3d76b4{/,file:///tmp/jetty-0.0.0.0-41107-hddsDatanode-_-any-8963411708095343203.dir/webapp/,AVAILABLE}{/hddsDatanode}
2019-09-17 07:18:08,280 [main] INFO  server.AbstractConnector (AbstractConnector.java:doStart(278)) - Started ServerConnector@6f986501{HTTP/1.1,[http/1.1]}{0.0.0.0:41107}
2019-09-17 07:18:08,281 [main] INFO  server.Server (Server.java:doStart(419)) - Started @612226ms
2019-09-17 07:18:08,282 [main] WARN  impl.MetricsSystemImpl (MetricsSystemImpl.java:register(276)) - Sink prometheus already exists!
2019-09-17 07:18:08,282 [main] INFO  server.BaseHttpServer (BaseHttpServer.java:updateConnectorAddress(215)) - HTTP server of HDDSDATANODE is listening at http://0.0.0.0:41107
2019-09-17 07:18:08,283 [main] INFO  ozone.MiniOzoneClusterImpl (MiniOzoneClusterImpl.java:lambda$waitForClusterToBeReady$0(145)) - Waiting for cluster to be ready. Got 0 of 7 DN Heartbeats.
2019-09-17 07:18:08,284 [org.apache.hadoop.util.JvmPauseMonitor$Monitor@30a40ba1] INFO  util.JvmPauseMonitor (JvmPauseMonitor.java:run(188)) - Starting JVM pause monitor
2019-09-17 07:18:08,285 [Datanode State Machine Thread - 0] INFO  datanode.InitDatanodeState (InitDatanodeState.java:persistContainerDatanodeDetails(140)) - DatanodeDetails is persisted to /workdir/hadoop-ozone/integration-test/target/test-dir/MiniOzoneClusterImpl-23941a65-3452-474d-b3c0-503ff93f6bad/datanode-6/meta/datanode.id
2019-09-17 07:18:09,283 [main] INFO  ozone.MiniOzoneClusterImpl (MiniOzoneClusterImpl.java:lambda$waitForClusterToBeReady$0(145)) - Waiting for cluster to be ready. Got 0 of 7 DN Heartbeats.
2019-09-17 07:18:09,935 [Datanode State Machine Thread - 0] INFO  ozoneimpl.OzoneContainer (OzoneContainer.java:start(217)) - Attempting to start container services.
2019-09-17 07:18:09,935 [Datanode State Machine Thread - 0] INFO  ozoneimpl.OzoneContainer (OzoneContainer.java:startContainerScrub(179)) - Background container scanner has been disabled.
2019-09-17 07:18:09,935 [Datanode State Machine Thread - 0] INFO  ratis.XceiverServerRatis (XceiverServerRatis.java:start(411)) - Starting XceiverServerRatis 5d850b7b-f02e-4029-a6ce-7c22cb722049 at port 0
2019-09-17 07:18:09,942 [Datanode State Machine Thread - 0] INFO  impl.RaftServerProxy (RaftServerProxy.java:lambda$start$3(299)) - 5d850b7b-f02e-4029-a6ce-7c22cb722049: start RPC server
2019-09-17 07:18:09,943 [Datanode State Machine Thread - 0] INFO  server.GrpcService (GrpcService.java:startImpl(158)) - 5d850b7b-f02e-4029-a6ce-7c22cb722049: GrpcService started, listening on 0.0.0.0/0.0.0.0:45173
2019-09-17 07:18:09,944 [Datanode State Machine Thread - 0] INFO  ratis.XceiverServerRatis (XceiverServerRatis.java:start(421)) - XceiverServerRatis 5d850b7b-f02e-4029-a6ce-7c22cb722049 is started using port 45173
2019-09-17 07:18:09,944 [Datanode State Machine Thread - 0] INFO  server.XceiverServerGrpc (XceiverServerGrpc.java:start(163)) - XceiverServerGrpc 5d850b7b-f02e-4029-a6ce-7c22cb722049 is started using port 44346
2019-09-17 07:18:09,990 [Datanode State Machine Thread - 0] INFO  ozoneimpl.OzoneContainer (OzoneContainer.java:start(217)) - Attempting to start container services.
2019-09-17 07:18:09,991 [Datanode State Machine Thread - 0] INFO  ozoneimpl.OzoneContainer (OzoneContainer.java:startContainerScrub(179)) - Background container scanner has been disabled.
2019-09-17 07:18:09,991 [Datanode State Machine Thread - 0] INFO  ratis.XceiverServerRatis (XceiverServerRatis.java:start(411)) - Starting XceiverServerRatis 8914721e-e6fd-428a-8274-c97b8de6844d at port 0
2019-09-17 07:18:09,996 [Datanode State Machine Thread - 0] INFO  impl.RaftServerProxy (RaftServerProxy.java:lambda$start$3(299)) - 8914721e-e6fd-428a-8274-c97b8de6844d: start RPC server
2019-09-17 07:18:09,997 [Datanode State Machine Thread - 0] INFO  server.GrpcService (GrpcService.java:startImpl(158)) - 8914721e-e6fd-428a-8274-c97b8de6844d: GrpcService started, listening on 0.0.0.0/0.0.0.0:38699
2019-09-17 07:18:09,997 [Datanode State Machine Thread - 0] INFO  ratis.XceiverServerRatis (XceiverServerRatis.java:start(421)) - XceiverServerRatis 8914721e-e6fd-428a-8274-c97b8de6844d is started using port 38699
2019-09-17 07:18:09,998 [Datanode State Machine Thread - 0] INFO  server.XceiverServerGrpc (XceiverServerGrpc.java:start(163)) - XceiverServerGrpc 8914721e-e6fd-428a-8274-c97b8de6844d is started using port 35557
2019-09-17 07:18:10,049 [Datanode State Machine Thread - 0] INFO  ozoneimpl.OzoneContainer (OzoneContainer.java:start(217)) - Attempting to start container services.
2019-09-17 07:18:10,049 [Datanode State Machine Thread - 0] INFO  ozoneimpl.OzoneContainer (OzoneContainer.java:startContainerScrub(179)) - Background container scanner has been disabled.
2019-09-17 07:18:10,049 [Datanode State Machine Thread - 0] INFO  ratis.XceiverServerRatis (XceiverServerRatis.java:start(411)) - Starting XceiverServerRatis 783b8b0d-2e4b-4296-bbed-3f010e7af5dd at port 0
2019-09-17 07:18:10,055 [Datanode State Machine Thread - 0] INFO  impl.RaftServerProxy (RaftServerProxy.java:lambda$start$3(299)) - 783b8b0d-2e4b-4296-bbed-3f010e7af5dd: start RPC server
2019-09-17 07:18:10,056 [Datanode State Machine Thread - 0] INFO  server.GrpcService (GrpcService.java:startImpl(158)) - 783b8b0d-2e4b-4296-bbed-3f010e7af5dd: GrpcService started, listening on 0.0.0.0/0.0.0.0:43483
2019-09-17 07:18:10,056 [Datanode State Machine Thread - 0] INFO  ratis.XceiverServerRatis (XceiverServerRatis.java:start(421)) - XceiverServerRatis 783b8b0d-2e4b-4296-bbed-3f010e7af5dd is started using port 43483
2019-09-17 07:18:10,058 [Datanode State Machine Thread - 0] INFO  server.XceiverServerGrpc (XceiverServerGrpc.java:start(163)) - XceiverServerGrpc 783b8b0d-2e4b-4296-bbed-3f010e7af5dd is started using port 44780
2019-09-17 07:18:10,112 [Datanode State Machine Thread - 0] INFO  ozoneimpl.OzoneContainer (OzoneContainer.java:start(217)) - Attempting to start container services.
2019-09-17 07:18:10,112 [Datanode State Machine Thread - 0] INFO  ozoneimpl.OzoneContainer (OzoneContainer.java:startContainerScrub(179)) - Background container scanner has been disabled.
2019-09-17 07:18:10,112 [Datanode State Machine Thread - 0] INFO  ratis.XceiverServerRatis (XceiverServerRatis.java:start(411)) - Starting XceiverServerRatis d2382816-3e88-4f44-9ea2-137bcd39c785 at port 0
2019-09-17 07:18:10,118 [Datanode State Machine Thread - 0] INFO  impl.RaftServerProxy (RaftServerProxy.java:lambda$start$3(299)) - d2382816-3e88-4f44-9ea2-137bcd39c785: start RPC server
2019-09-17 07:18:10,119 [Datanode State Machine Thread - 0] INFO  server.GrpcService (GrpcService.java:startImpl(158)) - d2382816-3e88-4f44-9ea2-137bcd39c785: GrpcService started, listening on 0.0.0.0/0.0.0.0:33608
2019-09-17 07:18:10,119 [Datanode State Machine Thread - 0] INFO  ratis.XceiverServerRatis (XceiverServerRatis.java:start(421)) - XceiverServerRatis d2382816-3e88-4f44-9ea2-137bcd39c785 is started using port 33608
2019-09-17 07:18:10,119 [Datanode State Machine Thread - 0] INFO  server.XceiverServerGrpc (XceiverServerGrpc.java:start(163)) - XceiverServerGrpc d2382816-3e88-4f44-9ea2-137bcd39c785 is started using port 43002
2019-09-17 07:18:10,174 [Datanode State Machine Thread - 0] INFO  ozoneimpl.OzoneContainer (OzoneContainer.java:start(217)) - Attempting to start container services.
2019-09-17 07:18:10,174 [Datanode State Machine Thread - 0] INFO  ozoneimpl.OzoneContainer (OzoneContainer.java:startContainerScrub(179)) - Background container scanner has been disabled.
2019-09-17 07:18:10,174 [Datanode State Machine Thread - 0] INFO  ratis.XceiverServerRatis (XceiverServerRatis.java:start(411)) - Starting XceiverServerRatis 56dbe93a-5974-4a13-8b2c-4d24aa3aff1d at port 0
2019-09-17 07:18:10,181 [Datanode State Machine Thread - 0] INFO  impl.RaftServerProxy (RaftServerProxy.java:lambda$start$3(299)) - 56dbe93a-5974-4a13-8b2c-4d24aa3aff1d: start RPC server
2019-09-17 07:18:10,183 [Datanode State Machine Thread - 0] INFO  server.GrpcService (GrpcService.java:startImpl(158)) - 56dbe93a-5974-4a13-8b2c-4d24aa3aff1d: GrpcService started, listening on 0.0.0.0/0.0.0.0:43571
2019-09-17 07:18:10,183 [Datanode State Machine Thread - 0] INFO  ratis.XceiverServerRatis (XceiverServerRatis.java:start(421)) - XceiverServerRatis 56dbe93a-5974-4a13-8b2c-4d24aa3aff1d is started using port 43571
2019-09-17 07:18:10,184 [Datanode State Machine Thread - 0] INFO  server.XceiverServerGrpc (XceiverServerGrpc.java:start(163)) - XceiverServerGrpc 56dbe93a-5974-4a13-8b2c-4d24aa3aff1d is started using port 33135
2019-09-17 07:18:10,239 [Datanode State Machine Thread - 0] INFO  ozoneimpl.OzoneContainer (OzoneContainer.java:start(217)) - Attempting to start container services.
2019-09-17 07:18:10,240 [Datanode State Machine Thread - 0] INFO  ozoneimpl.OzoneContainer (OzoneContainer.java:startContainerScrub(179)) - Background container scanner has been disabled.
2019-09-17 07:18:10,240 [Datanode State Machine Thread - 0] INFO  ratis.XceiverServerRatis (XceiverServerRatis.java:start(411)) - Starting XceiverServerRatis bc5ac98c-2c48-4d28-9cfb-f439c68ccdab at port 0
2019-09-17 07:18:10,247 [Datanode State Machine Thread - 0] INFO  impl.RaftServerProxy (RaftServerProxy.java:lambda$start$3(299)) - bc5ac98c-2c48-4d28-9cfb-f439c68ccdab: start RPC server
2019-09-17 07:18:10,247 [Datanode State Machine Thread - 0] INFO  server.GrpcService (GrpcService.java:startImpl(158)) - bc5ac98c-2c48-4d28-9cfb-f439c68ccdab: GrpcService started, listening on 0.0.0.0/0.0.0.0:33665
2019-09-17 07:18:10,247 [Datanode State Machine Thread - 0] INFO  ratis.XceiverServerRatis (XceiverServerRatis.java:start(421)) - XceiverServerRatis bc5ac98c-2c48-4d28-9cfb-f439c68ccdab is started using port 33665
2019-09-17 07:18:10,248 [Datanode State Machine Thread - 0] INFO  server.XceiverServerGrpc (XceiverServerGrpc.java:start(163)) - XceiverServerGrpc bc5ac98c-2c48-4d28-9cfb-f439c68ccdab is started using port 46608
2019-09-17 07:18:10,284 [main] INFO  ozone.MiniOzoneClusterImpl (MiniOzoneClusterImpl.java:lambda$waitForClusterToBeReady$0(145)) - Waiting for cluster to be ready. Got 0 of 7 DN Heartbeats.
2019-09-17 07:18:10,298 [Datanode State Machine Thread - 0] INFO  ozoneimpl.OzoneContainer (OzoneContainer.java:start(217)) - Attempting to start container services.
2019-09-17 07:18:10,298 [Datanode State Machine Thread - 0] INFO  ozoneimpl.OzoneContainer (OzoneContainer.java:startContainerScrub(179)) - Background container scanner has been disabled.
2019-09-17 07:18:10,298 [Datanode State Machine Thread - 0] INFO  ratis.XceiverServerRatis (XceiverServerRatis.java:start(411)) - Starting XceiverServerRatis d9c705ac-0a89-46f8-8359-de24410f3e43 at port 0
2019-09-17 07:18:10,304 [Datanode State Machine Thread - 0] INFO  impl.RaftServerProxy (RaftServerProxy.java:lambda$start$3(299)) - d9c705ac-0a89-46f8-8359-de24410f3e43: start RPC server
2019-09-17 07:18:10,305 [Datanode State Machine Thread - 0] INFO  server.GrpcService (GrpcService.java:startImpl(158)) - d9c705ac-0a89-46f8-8359-de24410f3e43: GrpcService started, listening on 0.0.0.0/0.0.0.0:36206
2019-09-17 07:18:10,305 [Datanode State Machine Thread - 0] INFO  ratis.XceiverServerRatis (XceiverServerRatis.java:start(421)) - XceiverServerRatis d9c705ac-0a89-46f8-8359-de24410f3e43 is started using port 36206
2019-09-17 07:18:10,305 [Datanode State Machine Thread - 0] INFO  server.XceiverServerGrpc (XceiverServerGrpc.java:start(163)) - XceiverServerGrpc d9c705ac-0a89-46f8-8359-de24410f3e43 is started using port 45979
2019-09-17 07:18:11,284 [main] INFO  ozone.MiniOzoneClusterImpl (MiniOzoneClusterImpl.java:lambda$waitForClusterToBeReady$0(145)) - Waiting for cluster to be ready. Got 0 of 7 DN Heartbeats.
2019-09-17 07:18:11,907 [IPC Server handler 0 on 35512] INFO  net.NetworkTopology (NetworkTopologyImpl.java:add(111)) - Added a new node: /default-rack/5d850b7b-f02e-4029-a6ce-7c22cb722049
2019-09-17 07:18:11,909 [IPC Server handler 0 on 35512] INFO  node.SCMNodeManager (SCMNodeManager.java:register(266)) - Registered Data node : 5d850b7b-f02e-4029-a6ce-7c22cb722049{ip: 192.168.157.246, host: pr-hdds-2016-n7825-135103490, networkLocation: /default-rack, certSerialId: null}
2019-09-17 07:18:11,911 [EventQueue-NodeRegistrationContainerReportForDataNodeSafeModeRule] INFO  safemode.SCMSafeModeManager (DataNodeSafeModeRule.java:process(71)) - SCM in safe mode. 1 DataNodes registered, 1 required.
2019-09-17 07:18:11,914 [EventQueue-NodeRegistrationContainerReportForDataNodeSafeModeRule] INFO  safemode.SCMSafeModeManager (SCMSafeModeManager.java:validateSafeModeExitRules(177)) - ScmSafeModeManager, all rules are successfully validated
2019-09-17 07:18:11,914 [EventQueue-NodeRegistrationContainerReportForDataNodeSafeModeRule] INFO  safemode.SCMSafeModeManager (SCMSafeModeManager.java:exitSafeMode(193)) - SCM exiting safe mode.
2019-09-17 07:18:11,927 [grpc-default-executor-5] INFO  impl.RaftServerProxy (RaftServerProxy.java:addNew(89)) - 5d850b7b-f02e-4029-a6ce-7c22cb722049: addNew group-4B8473DEBD2E:[5d850b7b-f02e-4029-a6ce-7c22cb722049:192.168.157.246:45173] returns group-4B8473DEBD2E:java.util.concurrent.CompletableFuture@4c01ee48[Not completed]
2019-09-17 07:18:11,930 [pool-589-thread-1] INFO  impl.RaftServerImpl (RaftServerImpl.java:<init>(95)) - 5d850b7b-f02e-4029-a6ce-7c22cb722049: new RaftServerImpl for group-4B8473DEBD2E:[5d850b7b-f02e-4029-a6ce-7c22cb722049:192.168.157.246:45173] with ContainerStateMachine:uninitialized
2019-09-17 07:18:11,930 [pool-589-thread-1] INFO  server.RaftServerConfigKeys (ConfUtils.java:logGet(43)) - raft.server.rpc.timeout.min = 5s (custom)
2019-09-17 07:18:11,931 [pool-589-thread-1] INFO  server.RaftServerConfigKeys (ConfUtils.java:logGet(43)) - raft.server.rpc.timeout.max = 5200ms (custom)
2019-09-17 07:18:11,931 [pool-589-thread-1] INFO  server.RaftServerConfigKeys (ConfUtils.java:logGet(43)) - raft.server.rpcslowness.timeout = 120s (custom)
2019-09-17 07:18:11,931 [pool-589-thread-1] INFO  server.RaftServerConfigKeys (ConfUtils.java:logGet(43)) - raft.server.sleep.deviation.threshold = 300 (default)
2019-09-17 07:18:11,931 [pool-589-thread-1] INFO  server.RaftServerConfigKeys (ConfUtils.java:logGet(43)) - raft.server.log.appender.install.snapshot.enabled = false (custom)
2019-09-17 07:18:11,931 [pool-589-thread-1] INFO  impl.RaftServerImpl (ServerState.java:<init>(103)) - 5d850b7b-f02e-4029-a6ce-7c22cb722049@group-4B8473DEBD2E: ConfigurationManager, init=-1: [5d850b7b-f02e-4029-a6ce-7c22cb722049:192.168.157.246:45173], old=null, confs=<EMPTY_MAP>
2019-09-17 07:18:11,931 [pool-589-thread-1] INFO  server.RaftServerConfigKeys (ConfUtils.java:logGet(43)) - raft.server.storage.dir = [/workdir/hadoop-ozone/integration-test/target/test-dir/MiniOzoneClusterImpl-23941a65-3452-474d-b3c0-503ff93f6bad/datanode-0/data/ratis] (custom)
2019-09-17 07:18:11,932 [pool-589-thread-1] INFO  storage.RaftStorageDirectory (RaftStorageDirectory.java:analyzeStorage(246)) - The storage directory /workdir/hadoop-ozone/integration-test/target/test-dir/MiniOzoneClusterImpl-23941a65-3452-474d-b3c0-503ff93f6bad/datanode-0/data/ratis/85811c04-d282-4ade-a385-4b8473debd2e does not exist. Creating ...
2019-09-17 07:18:11,945 [pool-589-thread-1] INFO  storage.RaftStorageDirectory (RaftStorageDirectory.java:tryLock(328)) - Lock on /workdir/hadoop-ozone/integration-test/target/test-dir/MiniOzoneClusterImpl-23941a65-3452-474d-b3c0-503ff93f6bad/datanode-0/data/ratis/85811c04-d282-4ade-a385-4b8473debd2e/in_use.lock acquired by nodename 8995@pr-hdds-2016-n7825-135103490
2019-09-17 07:18:11,958 [pool-589-thread-1] INFO  storage.RaftStorage (RaftStorage.java:format(72)) - Storage directory /workdir/hadoop-ozone/integration-test/target/test-dir/MiniOzoneClusterImpl-23941a65-3452-474d-b3c0-503ff93f6bad/datanode-0/data/ratis/85811c04-d282-4ade-a385-4b8473debd2e has been successfully formatted.
2019-09-17 07:18:11,958 [pool-589-thread-1] INFO  ratis.ContainerStateMachine (ContainerStateMachine.java:loadSnapshot(230)) - group-4B8473DEBD2E: The snapshot info is null. Setting the last applied indexto:(t:0, i:~)
2019-09-17 07:18:11,959 [pool-589-thread-1] INFO  server.RaftServerConfigKeys (ConfUtils.java:logGet(43)) - raft.server.notification.no-leader.timeout = 120s (custom)
2019-09-17 07:18:11,959 [pool-589-thread-1] INFO  server.RaftServerConfigKeys (ConfUtils.java:logGet(43)) - raft.server.log.use.memory = false (default)
2019-09-17 07:18:11,959 [pool-589-thread-1] INFO  server.RaftServerConfigKeys (ConfUtils.java:logGet(43)) - raft.server.log.purge.gap = 1000000 (custom)
2019-09-17 07:18:11,959 [pool-589-thread-1] INFO  server.RaftServerConfigKeys (ConfUtils.java:logGet(43)) - raft.server.log.appender.buffer.byte-limit = 33554432 (custom)
2019-09-17 07:18:11,959 [pool-589-thread-1] INFO  server.RaftServerConfigKeys (ConfUtils.java:logGet(43)) - raft.server.log.segment.size.max = 1048576 (custom)
2019-09-17 07:18:11,959 [pool-589-thread-1] INFO  server.RaftServerConfigKeys (ConfUtils.java:logGet(43)) - raft.server.log.segment.cache.num.max = 2 (custom)
2019-09-17 07:18:11,959 [pool-589-thread-1] INFO  segmented.SegmentedRaftLogWorker (SegmentedRaftLogWorker.java:<init>(172)) - new 5d850b7b-f02e-4029-a6ce-7c22cb722049@group-4B8473DEBD2E-SegmentedRaftLogWorker for RaftStorage:Storage Directory /workdir/hadoop-ozone/integration-test/target/test-dir/MiniOzoneClusterImpl-23941a65-3452-474d-b3c0-503ff93f6bad/datanode-0/data/ratis/85811c04-d282-4ade-a385-4b8473debd2e
2019-09-17 07:18:11,961 [pool-589-thread-1] INFO  server.RaftServerConfigKeys (ConfUtils.java:logGet(43)) - raft.server.log.queue.byte-limit = 2147483647 (custom)
2019-09-17 07:18:11,961 [pool-589-thread-1] INFO  server.RaftServerConfigKeys (ConfUtils.java:logGet(43)) - raft.server.log.queue.element-limit = 1024 (custom)
2019-09-17 07:18:11,961 [pool-589-thread-1] INFO  server.RaftServerConfigKeys (ConfUtils.java:logGet(43)) - raft.server.log.segment.size.max = 1048576 (custom)
2019-09-17 07:18:11,961 [pool-589-thread-1] INFO  server.RaftServerConfigKeys (ConfUtils.java:logGet(43)) - raft.server.log.preallocated.size = 16384 (custom)
2019-09-17 07:18:11,961 [pool-589-thread-1] INFO  server.RaftServerConfigKeys (ConfUtils.java:logGet(43)) - raft.server.log.write.buffer.size = 33554432 (custom)
2019-09-17 07:18:11,961 [pool-589-thread-1] INFO  server.RaftServerConfigKeys (ConfUtils.java:logGet(43)) - raft.server.log.force.sync.num = 128 (default)
2019-09-17 07:18:11,961 [pool-589-thread-1] INFO  server.RaftServerConfigKeys (ConfUtils.java:logGet(43)) - raft.server.log.statemachine.data.sync = true (default)
2019-09-17 07:18:11,962 [pool-589-thread-1] INFO  server.RaftServerConfigKeys (ConfUtils.java:logGet(43)) - raft.server.log.statemachine.data.sync.timeout = 10s (default)
2019-09-17 07:18:11,962 [pool-589-thread-1] INFO  server.RaftServerConfigKeys (ConfUtils.java:logGet(43)) - raft.server.log.statemachine.data.sync.timeout.retry = -1 (default)
2019-09-17 07:18:11,962 [pool-589-thread-1] INFO  server.RaftServerConfigKeys (ConfUtils.java:logGet(43)) - raft.server.log.statemachine.data.caching.enabled = true (custom)
2019-09-17 07:18:11,962 [pool-589-thread-1] INFO  segmented.SegmentedRaftLogWorker (SegmentedRaftLogWorker.java:lambda$new$0(132)) - 5d850b7b-f02e-4029-a6ce-7c22cb722049@group-4B8473DEBD2E-SegmentedRaftLogWorker: flushIndex: setUnconditionally 0 -> -1
2019-09-17 07:18:11,962 [pool-589-thread-1] INFO  server.RaftServerConfigKeys (ConfUtils.java:logGet(43)) - raft.server.snapshot.auto.trigger.enabled = true (custom)
2019-09-17 07:18:11,963 [pool-589-thread-1] INFO  server.RaftServerConfigKeys (ConfUtils.java:logGet(43)) - raft.server.snapshot.auto.trigger.threshold = 10000 (custom)
2019-09-17 07:18:11,963 [pool-589-thread-1] INFO  server.RaftServerConfigKeys (ConfUtils.java:logGet(43)) - raft.server.snapshot.retention.num.files = 5 (custom)
2019-09-17 07:18:11,963 [pool-589-thread-1] INFO  server.RaftServerConfigKeys (ConfUtils.java:logGet(43)) - raft.server.retrycache.expirytime = 600000ms (custom)
2019-09-17 07:18:11,964 [pool-589-thread-1] INFO  impl.RaftServerImpl (RaftServerImpl.java:start(185)) - 5d850b7b-f02e-4029-a6ce-7c22cb722049@group-4B8473DEBD2E: start as a follower, conf=-1: [5d850b7b-f02e-4029-a6ce-7c22cb722049:192.168.157.246:45173], old=null
2019-09-17 07:18:11,964 [pool-589-thread-1] INFO  impl.RaftServerImpl (RaftServerImpl.java:setRole(174)) - 5d850b7b-f02e-4029-a6ce-7c22cb722049@group-4B8473DEBD2E: changes role from      null to FOLLOWER at term 0 for startAsFollower
2019-09-17 07:18:11,964 [pool-589-thread-1] INFO  impl.RoleInfo (RoleInfo.java:updateAndGet(143)) - 5d850b7b-f02e-4029-a6ce-7c22cb722049: start FollowerState
2019-09-17 07:18:11,965 [pool-589-thread-1] INFO  util.JmxRegister (JmxRegister.java:tryRegister(44)) - Successfully registered JMX Bean with object name Ratis:service=RaftServer,group=group-4B8473DEBD2E,id=5d850b7b-f02e-4029-a6ce-7c22cb722049
2019-09-17 07:18:11,967 [RatisPipelineUtilsThread] INFO  pipeline.PipelineStateManager (PipelineStateManager.java:addPipeline(56)) - Created pipeline Pipeline[ Id: 85811c04-d282-4ade-a385-4b8473debd2e, Nodes: 5d850b7b-f02e-4029-a6ce-7c22cb722049{ip: 192.168.157.246, host: pr-hdds-2016-n7825-135103490, networkLocation: /default-rack, certSerialId: null}, Type:RATIS, Factor:ONE, State:OPEN]
2019-09-17 07:18:11,973 [IPC Server handler 1 on 35512] INFO  net.NetworkTopology (NetworkTopologyImpl.java:add(111)) - Added a new node: /default-rack/8914721e-e6fd-428a-8274-c97b8de6844d
2019-09-17 07:18:11,973 [IPC Server handler 1 on 35512] INFO  node.SCMNodeManager (SCMNodeManager.java:register(266)) - Registered Data node : 8914721e-e6fd-428a-8274-c97b8de6844d{ip: 192.168.157.246, host: pr-hdds-2016-n7825-135103490, networkLocation: /default-rack, certSerialId: null}
2019-09-17 07:18:11,988 [grpc-default-executor-5] INFO  impl.RaftServerProxy (RaftServerProxy.java:addNew(89)) - 8914721e-e6fd-428a-8274-c97b8de6844d: addNew group-CD908F000C2E:[8914721e-e6fd-428a-8274-c97b8de6844d:192.168.157.246:38699] returns group-CD908F000C2E:java.util.concurrent.CompletableFuture@2c1c3c64[Not completed]
2019-09-17 07:18:11,989 [pool-599-thread-1] INFO  impl.RaftServerImpl (RaftServerImpl.java:<init>(95)) - 8914721e-e6fd-428a-8274-c97b8de6844d: new RaftServerImpl for group-CD908F000C2E:[8914721e-e6fd-428a-8274-c97b8de6844d:192.168.157.246:38699] with ContainerStateMachine:uninitialized
2019-09-17 07:18:11,989 [pool-599-thread-1] INFO  server.RaftServerConfigKeys (ConfUtils.java:logGet(43)) - raft.server.rpc.timeout.min = 5s (custom)
2019-09-17 07:18:11,989 [pool-599-thread-1] INFO  server.RaftServerConfigKeys (ConfUtils.java:logGet(43)) - raft.server.rpc.timeout.max = 5200ms (custom)
2019-09-17 07:18:11,989 [pool-599-thread-1] INFO  server.RaftServerConfigKeys (ConfUtils.java:logGet(43)) - raft.server.rpcslowness.timeout = 120s (custom)
2019-09-17 07:18:11,990 [pool-599-thread-1] INFO  server.RaftServerConfigKeys (ConfUtils.java:logGet(43)) - raft.server.sleep.deviation.threshold = 300 (default)
2019-09-17 07:18:11,990 [pool-599-thread-1] INFO  server.RaftServerConfigKeys (ConfUtils.java:logGet(43)) - raft.server.log.appender.install.snapshot.enabled = false (custom)
2019-09-17 07:18:11,990 [pool-599-thread-1] INFO  impl.RaftServerImpl (ServerState.java:<init>(103)) - 8914721e-e6fd-428a-8274-c97b8de6844d@group-CD908F000C2E: ConfigurationManager, init=-1: [8914721e-e6fd-428a-8274-c97b8de6844d:192.168.157.246:38699], old=null, confs=<EMPTY_MAP>
2019-09-17 07:18:11,990 [pool-599-thread-1] INFO  server.RaftServerConfigKeys (ConfUtils.java:logGet(43)) - raft.server.storage.dir = [/workdir/hadoop-ozone/integration-test/target/test-dir/MiniOzoneClusterImpl-23941a65-3452-474d-b3c0-503ff93f6bad/datanode-1/data/ratis] (custom)
2019-09-17 07:18:11,990 [pool-599-thread-1] INFO  storage.RaftStorageDirectory (RaftStorageDirectory.java:analyzeStorage(246)) - The storage directory /workdir/hadoop-ozone/integration-test/target/test-dir/MiniOzoneClusterImpl-23941a65-3452-474d-b3c0-503ff93f6bad/datanode-1/data/ratis/6339cd8e-ced3-468a-bd92-cd908f000c2e does not exist. Creating ...
2019-09-17 07:18:12,003 [pool-599-thread-1] INFO  storage.RaftStorageDirectory (RaftStorageDirectory.java:tryLock(328)) - Lock on /workdir/hadoop-ozone/integration-test/target/test-dir/MiniOzoneClusterImpl-23941a65-3452-474d-b3c0-503ff93f6bad/datanode-1/data/ratis/6339cd8e-ced3-468a-bd92-cd908f000c2e/in_use.lock acquired by nodename 8995@pr-hdds-2016-n7825-135103490
2019-09-17 07:18:12,015 [pool-599-thread-1] INFO  storage.RaftStorage (RaftStorage.java:format(72)) - Storage directory /workdir/hadoop-ozone/integration-test/target/test-dir/MiniOzoneClusterImpl-23941a65-3452-474d-b3c0-503ff93f6bad/datanode-1/data/ratis/6339cd8e-ced3-468a-bd92-cd908f000c2e has been successfully formatted.
2019-09-17 07:18:12,016 [pool-599-thread-1] INFO  ratis.ContainerStateMachine (ContainerStateMachine.java:loadSnapshot(230)) - group-CD908F000C2E: The snapshot info is null. Setting the last applied indexto:(t:0, i:~)
2019-09-17 07:18:12,016 [pool-599-thread-1] INFO  server.RaftServerConfigKeys (ConfUtils.java:logGet(43)) - raft.server.notification.no-leader.timeout = 120s (custom)
2019-09-17 07:18:12,016 [pool-599-thread-1] INFO  server.RaftServerConfigKeys (ConfUtils.java:logGet(43)) - raft.server.log.use.memory = false (default)
2019-09-17 07:18:12,016 [pool-599-thread-1] INFO  server.RaftServerConfigKeys (ConfUtils.java:logGet(43)) - raft.server.log.purge.gap = 1000000 (custom)
2019-09-17 07:18:12,016 [pool-599-thread-1] INFO  server.RaftServerConfigKeys (ConfUtils.java:logGet(43)) - raft.server.log.appender.buffer.byte-limit = 33554432 (custom)
2019-09-17 07:18:12,016 [pool-599-thread-1] INFO  server.RaftServerConfigKeys (ConfUtils.java:logGet(43)) - raft.server.log.segment.size.max = 1048576 (custom)
2019-09-17 07:18:12,017 [pool-599-thread-1] INFO  server.RaftServerConfigKeys (ConfUtils.java:logGet(43)) - raft.server.log.segment.cache.num.max = 2 (custom)
2019-09-17 07:18:12,017 [pool-599-thread-1] INFO  segmented.SegmentedRaftLogWorker (SegmentedRaftLogWorker.java:<init>(172)) - new 8914721e-e6fd-428a-8274-c97b8de6844d@group-CD908F000C2E-SegmentedRaftLogWorker for RaftStorage:Storage Directory /workdir/hadoop-ozone/integration-test/target/test-dir/MiniOzoneClusterImpl-23941a65-3452-474d-b3c0-503ff93f6bad/datanode-1/data/ratis/6339cd8e-ced3-468a-bd92-cd908f000c2e
2019-09-17 07:18:12,019 [pool-599-thread-1] INFO  server.RaftServerConfigKeys (ConfUtils.java:logGet(43)) - raft.server.log.queue.byte-limit = 2147483647 (custom)
2019-09-17 07:18:12,019 [pool-599-thread-1] INFO  server.RaftServerConfigKeys (ConfUtils.java:logGet(43)) - raft.server.log.queue.element-limit = 1024 (custom)
2019-09-17 07:18:12,019 [pool-599-thread-1] INFO  server.RaftServerConfigKeys (ConfUtils.java:logGet(43)) - raft.server.log.segment.size.max = 1048576 (custom)
2019-09-17 07:18:12,019 [pool-599-thread-1] INFO  server.RaftServerConfigKeys (ConfUtils.java:logGet(43)) - raft.server.log.preallocated.size = 16384 (custom)
2019-09-17 07:18:12,019 [pool-599-thread-1] INFO  server.RaftServerConfigKeys (ConfUtils.java:logGet(43)) - raft.server.log.write.buffer.size = 33554432 (custom)
2019-09-17 07:18:12,019 [pool-599-thread-1] INFO  server.RaftServerConfigKeys (ConfUtils.java:logGet(43)) - raft.server.log.force.sync.num = 128 (default)
2019-09-17 07:18:12,019 [pool-599-thread-1] INFO  server.RaftServerConfigKeys (ConfUtils.java:logGet(43)) - raft.server.log.statemachine.data.sync = true (default)
2019-09-17 07:18:12,020 [pool-599-thread-1] INFO  server.RaftServerConfigKeys (ConfUtils.java:logGet(43)) - raft.server.log.statemachine.data.sync.timeout = 10s (default)
2019-09-17 07:18:12,020 [pool-599-thread-1] INFO  server.RaftServerConfigKeys (ConfUtils.java:logGet(43)) - raft.server.log.statemachine.data.sync.timeout.retry = -1 (default)
2019-09-17 07:18:12,020 [pool-599-thread-1] INFO  server.RaftServerConfigKeys (ConfUtils.java:logGet(43)) - raft.server.log.statemachine.data.caching.enabled = true (custom)
2019-09-17 07:18:12,020 [pool-599-thread-1] INFO  segmented.SegmentedRaftLogWorker (SegmentedRaftLogWorker.java:lambda$new$0(132)) - 8914721e-e6fd-428a-8274-c97b8de6844d@group-CD908F000C2E-SegmentedRaftLogWorker: flushIndex: setUnconditionally 0 -> -1
2019-09-17 07:18:12,021 [pool-599-thread-1] INFO  server.RaftServerConfigKeys (ConfUtils.java:logGet(43)) - raft.server.snapshot.auto.trigger.enabled = true (custom)
2019-09-17 07:18:12,021 [pool-599-thread-1] INFO  server.RaftServerConfigKeys (ConfUtils.java:logGet(43)) - raft.server.snapshot.auto.trigger.threshold = 10000 (custom)
2019-09-17 07:18:12,021 [pool-599-thread-1] INFO  server.RaftServerConfigKeys (ConfUtils.java:logGet(43)) - raft.server.snapshot.retention.num.files = 5 (custom)
2019-09-17 07:18:12,021 [pool-599-thread-1] INFO  server.RaftServerConfigKeys (ConfUtils.java:logGet(43)) - raft.server.retrycache.expirytime = 600000ms (custom)
2019-09-17 07:18:12,023 [pool-599-thread-1] INFO  impl.RaftServerImpl (RaftServerImpl.java:start(185)) - 8914721e-e6fd-428a-8274-c97b8de6844d@group-CD908F000C2E: start as a follower, conf=-1: [8914721e-e6fd-428a-8274-c97b8de6844d:192.168.157.246:38699], old=null
2019-09-17 07:18:12,023 [pool-599-thread-1] INFO  impl.RaftServerImpl (RaftServerImpl.java:setRole(174)) - 8914721e-e6fd-428a-8274-c97b8de6844d@group-CD908F000C2E: changes role from      null to FOLLOWER at term 0 for startAsFollower
2019-09-17 07:18:12,023 [pool-599-thread-1] INFO  impl.RoleInfo (RoleInfo.java:updateAndGet(143)) - 8914721e-e6fd-428a-8274-c97b8de6844d: start FollowerState
2019-09-17 07:18:12,023 [pool-599-thread-1] INFO  util.JmxRegister (JmxRegister.java:tryRegister(44)) - Successfully registered JMX Bean with object name Ratis:service=RaftServer,group=group-CD908F000C2E,id=8914721e-e6fd-428a-8274-c97b8de6844d
2019-09-17 07:18:12,025 [RatisPipelineUtilsThread] INFO  pipeline.PipelineStateManager (PipelineStateManager.java:addPipeline(56)) - Created pipeline Pipeline[ Id: 6339cd8e-ced3-468a-bd92-cd908f000c2e, Nodes: 8914721e-e6fd-428a-8274-c97b8de6844d{ip: 192.168.157.246, host: pr-hdds-2016-n7825-135103490, networkLocation: /default-rack, certSerialId: null}, Type:RATIS, Factor:ONE, State:OPEN]
2019-09-17 07:18:12,036 [IPC Server handler 3 on 35512] INFO  net.NetworkTopology (NetworkTopologyImpl.java:add(111)) - Added a new node: /default-rack/783b8b0d-2e4b-4296-bbed-3f010e7af5dd
2019-09-17 07:18:12,036 [IPC Server handler 3 on 35512] INFO  node.SCMNodeManager (SCMNodeManager.java:register(266)) - Registered Data node : 783b8b0d-2e4b-4296-bbed-3f010e7af5dd{ip: 192.168.157.246, host: pr-hdds-2016-n7825-135103490, networkLocation: /default-rack, certSerialId: null}
2019-09-17 07:18:12,041 [grpc-default-executor-5] INFO  impl.RaftServerProxy (RaftServerProxy.java:addNew(89)) - 783b8b0d-2e4b-4296-bbed-3f010e7af5dd: addNew group-0079E7F92F82:[783b8b0d-2e4b-4296-bbed-3f010e7af5dd:192.168.157.246:43483] returns group-0079E7F92F82:java.util.concurrent.CompletableFuture@169053e5[Not completed]
2019-09-17 07:18:12,042 [pool-609-thread-1] INFO  impl.RaftServerImpl (RaftServerImpl.java:<init>(95)) - 783b8b0d-2e4b-4296-bbed-3f010e7af5dd: new RaftServerImpl for group-0079E7F92F82:[783b8b0d-2e4b-4296-bbed-3f010e7af5dd:192.168.157.246:43483] with ContainerStateMachine:uninitialized
2019-09-17 07:18:12,042 [pool-609-thread-1] INFO  server.RaftServerConfigKeys (ConfUtils.java:logGet(43)) - raft.server.rpc.timeout.min = 5s (custom)
2019-09-17 07:18:12,042 [pool-609-thread-1] INFO  server.RaftServerConfigKeys (ConfUtils.java:logGet(43)) - raft.server.rpc.timeout.max = 5200ms (custom)
2019-09-17 07:18:12,042 [pool-609-thread-1] INFO  server.RaftServerConfigKeys (ConfUtils.java:logGet(43)) - raft.server.rpcslowness.timeout = 120s (custom)
2019-09-17 07:18:12,043 [pool-609-thread-1] INFO  server.RaftServerConfigKeys (ConfUtils.java:logGet(43)) - raft.server.sleep.deviation.threshold = 300 (default)
2019-09-17 07:18:12,043 [pool-609-thread-1] INFO  server.RaftServerConfigKeys (ConfUtils.java:logGet(43)) - raft.server.log.appender.install.snapshot.enabled = false (custom)
2019-09-17 07:18:12,043 [pool-609-thread-1] INFO  impl.RaftServerImpl (ServerState.java:<init>(103)) - 783b8b0d-2e4b-4296-bbed-3f010e7af5dd@group-0079E7F92F82: ConfigurationManager, init=-1: [783b8b0d-2e4b-4296-bbed-3f010e7af5dd:192.168.157.246:43483], old=null, confs=<EMPTY_MAP>
2019-09-17 07:18:12,043 [pool-609-thread-1] INFO  server.RaftServerConfigKeys (ConfUtils.java:logGet(43)) - raft.server.storage.dir = [/workdir/hadoop-ozone/integration-test/target/test-dir/MiniOzoneClusterImpl-23941a65-3452-474d-b3c0-503ff93f6bad/datanode-2/data/ratis] (custom)
2019-09-17 07:18:12,043 [pool-609-thread-1] INFO  storage.RaftStorageDirectory (RaftStorageDirectory.java:analyzeStorage(246)) - The storage directory /workdir/hadoop-ozone/integration-test/target/test-dir/MiniOzoneClusterImpl-23941a65-3452-474d-b3c0-503ff93f6bad/datanode-2/data/ratis/c3e332df-2189-4261-ab20-0079e7f92f82 does not exist. Creating ...
2019-09-17 07:18:12,056 [pool-609-thread-1] INFO  storage.RaftStorageDirectory (RaftStorageDirectory.java:tryLock(328)) - Lock on /workdir/hadoop-ozone/integration-test/target/test-dir/MiniOzoneClusterImpl-23941a65-3452-474d-b3c0-503ff93f6bad/datanode-2/data/ratis/c3e332df-2189-4261-ab20-0079e7f92f82/in_use.lock acquired by nodename 8995@pr-hdds-2016-n7825-135103490
2019-09-17 07:18:12,068 [pool-609-thread-1] INFO  storage.RaftStorage (RaftStorage.java:format(72)) - Storage directory /workdir/hadoop-ozone/integration-test/target/test-dir/MiniOzoneClusterImpl-23941a65-3452-474d-b3c0-503ff93f6bad/datanode-2/data/ratis/c3e332df-2189-4261-ab20-0079e7f92f82 has been successfully formatted.
2019-09-17 07:18:12,068 [pool-609-thread-1] INFO  ratis.ContainerStateMachine (ContainerStateMachine.java:loadSnapshot(230)) - group-0079E7F92F82: The snapshot info is null. Setting the last applied indexto:(t:0, i:~)
2019-09-17 07:18:12,068 [pool-609-thread-1] INFO  server.RaftServerConfigKeys (ConfUtils.java:logGet(43)) - raft.server.notification.no-leader.timeout = 120s (custom)
2019-09-17 07:18:12,068 [pool-609-thread-1] INFO  server.RaftServerConfigKeys (ConfUtils.java:logGet(43)) - raft.server.log.use.memory = false (default)
2019-09-17 07:18:12,068 [pool-609-thread-1] INFO  server.RaftServerConfigKeys (ConfUtils.java:logGet(43)) - raft.server.log.purge.gap = 1000000 (custom)
2019-09-17 07:18:12,069 [pool-609-thread-1] INFO  server.RaftServerConfigKeys (ConfUtils.java:logGet(43)) - raft.server.log.appender.buffer.byte-limit = 33554432 (custom)
2019-09-17 07:18:12,069 [pool-609-thread-1] INFO  server.RaftServerConfigKeys (ConfUtils.java:logGet(43)) - raft.server.log.segment.size.max = 1048576 (custom)
2019-09-17 07:18:12,069 [pool-609-thread-1] INFO  server.RaftServerConfigKeys (ConfUtils.java:logGet(43)) - raft.server.log.segment.cache.num.max = 2 (custom)
2019-09-17 07:18:12,069 [pool-609-thread-1] INFO  segmented.SegmentedRaftLogWorker (SegmentedRaftLogWorker.java:<init>(172)) - new 783b8b0d-2e4b-4296-bbed-3f010e7af5dd@group-0079E7F92F82-SegmentedRaftLogWorker for RaftStorage:Storage Directory /workdir/hadoop-ozone/integration-test/target/test-dir/MiniOzoneClusterImpl-23941a65-3452-474d-b3c0-503ff93f6bad/datanode-2/data/ratis/c3e332df-2189-4261-ab20-0079e7f92f82
2019-09-17 07:18:12,070 [pool-609-thread-1] INFO  server.RaftServerConfigKeys (ConfUtils.java:logGet(43)) - raft.server.log.queue.byte-limit = 2147483647 (custom)
2019-09-17 07:18:12,070 [pool-609-thread-1] INFO  server.RaftServerConfigKeys (ConfUtils.java:logGet(43)) - raft.server.log.queue.element-limit = 1024 (custom)
2019-09-17 07:18:12,070 [pool-609-thread-1] INFO  server.RaftServerConfigKeys (ConfUtils.java:logGet(43)) - raft.server.log.segment.size.max = 1048576 (custom)
2019-09-17 07:18:12,070 [pool-609-thread-1] INFO  server.RaftServerConfigKeys (ConfUtils.java:logGet(43)) - raft.server.log.preallocated.size = 16384 (custom)
2019-09-17 07:18:12,070 [pool-609-thread-1] INFO  server.RaftServerConfigKeys (ConfUtils.java:logGet(43)) - raft.server.log.write.buffer.size = 33554432 (custom)
2019-09-17 07:18:12,071 [pool-609-thread-1] INFO  server.RaftServerConfigKeys (ConfUtils.java:logGet(43)) - raft.server.log.force.sync.num = 128 (default)
2019-09-17 07:18:12,071 [pool-609-thread-1] INFO  server.RaftServerConfigKeys (ConfUtils.java:logGet(43)) - raft.server.log.statemachine.data.sync = true (default)
2019-09-17 07:18:12,071 [pool-609-thread-1] INFO  server.RaftServerConfigKeys (ConfUtils.java:logGet(43)) - raft.server.log.statemachine.data.sync.timeout = 10s (default)
2019-09-17 07:18:12,071 [pool-609-thread-1] INFO  server.RaftServerConfigKeys (ConfUtils.java:logGet(43)) - raft.server.log.statemachine.data.sync.timeout.retry = -1 (default)
2019-09-17 07:18:12,071 [pool-609-thread-1] INFO  server.RaftServerConfigKeys (ConfUtils.java:logGet(43)) - raft.server.log.statemachine.data.caching.enabled = true (custom)
2019-09-17 07:18:12,071 [pool-609-thread-1] INFO  segmented.SegmentedRaftLogWorker (SegmentedRaftLogWorker.java:lambda$new$0(132)) - 783b8b0d-2e4b-4296-bbed-3f010e7af5dd@group-0079E7F92F82-SegmentedRaftLogWorker: flushIndex: setUnconditionally 0 -> -1
2019-09-17 07:18:12,071 [pool-609-thread-1] INFO  server.RaftServerConfigKeys (ConfUtils.java:logGet(43)) - raft.server.snapshot.auto.trigger.enabled = true (custom)
2019-09-17 07:18:12,071 [pool-609-thread-1] INFO  server.RaftServerConfigKeys (ConfUtils.java:logGet(43)) - raft.server.snapshot.auto.trigger.threshold = 10000 (custom)
2019-09-17 07:18:12,072 [pool-609-thread-1] INFO  server.RaftServerConfigKeys (ConfUtils.java:logGet(43)) - raft.server.snapshot.retention.num.files = 5 (custom)
2019-09-17 07:18:12,072 [pool-609-thread-1] INFO  server.RaftServerConfigKeys (ConfUtils.java:logGet(43)) - raft.server.retrycache.expirytime = 600000ms (custom)
2019-09-17 07:18:12,073 [pool-609-thread-1] INFO  impl.RaftServerImpl (RaftServerImpl.java:start(185)) - 783b8b0d-2e4b-4296-bbed-3f010e7af5dd@group-0079E7F92F82: start as a follower, conf=-1: [783b8b0d-2e4b-4296-bbed-3f010e7af5dd:192.168.157.246:43483], old=null
2019-09-17 07:18:12,073 [pool-609-thread-1] INFO  impl.RaftServerImpl (RaftServerImpl.java:setRole(174)) - 783b8b0d-2e4b-4296-bbed-3f010e7af5dd@group-0079E7F92F82: changes role from      null to FOLLOWER at term 0 for startAsFollower
2019-09-17 07:18:12,073 [pool-609-thread-1] INFO  impl.RoleInfo (RoleInfo.java:updateAndGet(143)) - 783b8b0d-2e4b-4296-bbed-3f010e7af5dd: start FollowerState
2019-09-17 07:18:12,073 [pool-609-thread-1] INFO  util.JmxRegister (JmxRegister.java:tryRegister(44)) - Successfully registered JMX Bean with object name Ratis:service=RaftServer,group=group-0079E7F92F82,id=783b8b0d-2e4b-4296-bbed-3f010e7af5dd
2019-09-17 07:18:12,075 [RatisPipelineUtilsThread] INFO  pipeline.PipelineStateManager (PipelineStateManager.java:addPipeline(56)) - Created pipeline Pipeline[ Id: c3e332df-2189-4261-ab20-0079e7f92f82, Nodes: 783b8b0d-2e4b-4296-bbed-3f010e7af5dd{ip: 192.168.157.246, host: pr-hdds-2016-n7825-135103490, networkLocation: /default-rack, certSerialId: null}, Type:RATIS, Factor:ONE, State:OPEN]
2019-09-17 07:18:12,082 [grpc-default-executor-5] INFO  impl.RaftServerProxy (RaftServerProxy.java:addNew(89)) - 5d850b7b-f02e-4029-a6ce-7c22cb722049: addNew group-48638E47C87F:[783b8b0d-2e4b-4296-bbed-3f010e7af5dd:192.168.157.246:43483, 5d850b7b-f02e-4029-a6ce-7c22cb722049:192.168.157.246:45173, 8914721e-e6fd-428a-8274-c97b8de6844d:192.168.157.246:38699] returns group-48638E47C87F:java.util.concurrent.CompletableFuture@53a649d6[Not completed]
2019-09-17 07:18:12,082 [grpc-default-executor-6] INFO  impl.RaftServerProxy (RaftServerProxy.java:addNew(89)) - 8914721e-e6fd-428a-8274-c97b8de6844d: addNew group-48638E47C87F:[783b8b0d-2e4b-4296-bbed-3f010e7af5dd:192.168.157.246:43483, 5d850b7b-f02e-4029-a6ce-7c22cb722049:192.168.157.246:45173, 8914721e-e6fd-428a-8274-c97b8de6844d:192.168.157.246:38699] returns group-48638E47C87F:java.util.concurrent.CompletableFuture@34cc7346[Not completed]
2019-09-17 07:18:12,082 [grpc-default-executor-9] INFO  impl.RaftServerProxy (RaftServerProxy.java:addNew(89)) - 783b8b0d-2e4b-4296-bbed-3f010e7af5dd: addNew group-48638E47C87F:[783b8b0d-2e4b-4296-bbed-3f010e7af5dd:192.168.157.246:43483, 5d850b7b-f02e-4029-a6ce-7c22cb722049:192.168.157.246:45173, 8914721e-e6fd-428a-8274-c97b8de6844d:192.168.157.246:38699] returns group-48638E47C87F:java.util.concurrent.CompletableFuture@289c3a7d[Not completed]
2019-09-17 07:18:12,083 [pool-589-thread-1] INFO  impl.RaftServerImpl (RaftServerImpl.java:<init>(95)) - 5d850b7b-f02e-4029-a6ce-7c22cb722049: new RaftServerImpl for group-48638E47C87F:[783b8b0d-2e4b-4296-bbed-3f010e7af5dd:192.168.157.246:43483, 5d850b7b-f02e-4029-a6ce-7c22cb722049:192.168.157.246:45173, 8914721e-e6fd-428a-8274-c97b8de6844d:192.168.157.246:38699] with ContainerStateMachine:uninitialized
2019-09-17 07:18:12,083 [pool-589-thread-1] INFO  server.RaftServerConfigKeys (ConfUtils.java:logGet(43)) - raft.server.rpc.timeout.min = 5s (custom)
2019-09-17 07:18:12,083 [pool-589-thread-1] INFO  server.RaftServerConfigKeys (ConfUtils.java:logGet(43)) - raft.server.rpc.timeout.max = 5200ms (custom)
2019-09-17 07:18:12,083 [pool-589-thread-1] INFO  server.RaftServerConfigKeys (ConfUtils.java:logGet(43)) - raft.server.rpcslowness.timeout = 120s (custom)
2019-09-17 07:18:12,083 [pool-589-thread-1] INFO  server.RaftServerConfigKeys (ConfUtils.java:logGet(43)) - raft.server.sleep.deviation.threshold = 300 (default)
2019-09-17 07:18:12,084 [pool-609-thread-1] INFO  impl.RaftServerImpl (RaftServerImpl.java:<init>(95)) - 783b8b0d-2e4b-4296-bbed-3f010e7af5dd: new RaftServerImpl for group-48638E47C87F:[783b8b0d-2e4b-4296-bbed-3f010e7af5dd:192.168.157.246:43483, 5d850b7b-f02e-4029-a6ce-7c22cb722049:192.168.157.246:45173, 8914721e-e6fd-428a-8274-c97b8de6844d:192.168.157.246:38699] with ContainerStateMachine:uninitialized
2019-09-17 07:18:12,084 [pool-589-thread-1] INFO  server.RaftServerConfigKeys (ConfUtils.java:logGet(43)) - raft.server.log.appender.install.snapshot.enabled = false (custom)
2019-09-17 07:18:12,084 [pool-609-thread-1] INFO  server.RaftServerConfigKeys (ConfUtils.java:logGet(43)) - raft.server.rpc.timeout.min = 5s (custom)
2019-09-17 07:18:12,084 [pool-589-thread-1] INFO  impl.RaftServerImpl (ServerState.java:<init>(103)) - 5d850b7b-f02e-4029-a6ce-7c22cb722049@group-48638E47C87F: ConfigurationManager, init=-1: [783b8b0d-2e4b-4296-bbed-3f010e7af5dd:192.168.157.246:43483, 5d850b7b-f02e-4029-a6ce-7c22cb722049:192.168.157.246:45173, 8914721e-e6fd-428a-8274-c97b8de6844d:192.168.157.246:38699], old=null, confs=<EMPTY_MAP>
2019-09-17 07:18:12,084 [pool-599-thread-1] INFO  impl.RaftServerImpl (RaftServerImpl.java:<init>(95)) - 8914721e-e6fd-428a-8274-c97b8de6844d: new RaftServerImpl for group-48638E47C87F:[783b8b0d-2e4b-4296-bbed-3f010e7af5dd:192.168.157.246:43483, 5d850b7b-f02e-4029-a6ce-7c22cb722049:192.168.157.246:45173, 8914721e-e6fd-428a-8274-c97b8de6844d:192.168.157.246:38699] with ContainerStateMachine:uninitialized
2019-09-17 07:18:12,084 [pool-609-thread-1] INFO  server.RaftServerConfigKeys (ConfUtils.java:logGet(43)) - raft.server.rpc.timeout.max = 5200ms (custom)
2019-09-17 07:18:12,084 [pool-599-thread-1] INFO  server.RaftServerConfigKeys (ConfUtils.java:logGet(43)) - raft.server.rpc.timeout.min = 5s (custom)
2019-09-17 07:18:12,084 [pool-589-thread-1] INFO  server.RaftServerConfigKeys (ConfUtils.java:logGet(43)) - raft.server.storage.dir = [/workdir/hadoop-ozone/integration-test/target/test-dir/MiniOzoneClusterImpl-23941a65-3452-474d-b3c0-503ff93f6bad/datanode-0/data/ratis] (custom)
2019-09-17 07:18:12,084 [pool-599-thread-1] INFO  server.RaftServerConfigKeys (ConfUtils.java:logGet(43)) - raft.server.rpc.timeout.max = 5200ms (custom)
2019-09-17 07:18:12,084 [pool-609-thread-1] INFO  server.RaftServerConfigKeys (ConfUtils.java:logGet(43)) - raft.server.rpcslowness.timeout = 120s (custom)
2019-09-17 07:18:12,084 [pool-599-thread-1] INFO  server.RaftServerConfigKeys (ConfUtils.java:logGet(43)) - raft.server.rpcslowness.timeout = 120s (custom)
2019-09-17 07:18:12,085 [pool-589-thread-1] INFO  storage.RaftStorageDirectory (RaftStorageDirectory.java:analyzeStorage(246)) - The storage directory /workdir/hadoop-ozone/integration-test/target/test-dir/MiniOzoneClusterImpl-23941a65-3452-474d-b3c0-503ff93f6bad/datanode-0/data/ratis/7701c700-c295-448b-ae11-48638e47c87f does not exist. Creating ...
2019-09-17 07:18:12,085 [pool-609-thread-1] INFO  server.RaftServerConfigKeys (ConfUtils.java:logGet(43)) - raft.server.sleep.deviation.threshold = 300 (default)
2019-09-17 07:18:12,085 [pool-599-thread-1] INFO  server.RaftServerConfigKeys (ConfUtils.java:logGet(43)) - raft.server.sleep.deviation.threshold = 300 (default)
2019-09-17 07:18:12,085 [pool-609-thread-1] INFO  server.RaftServerConfigKeys (ConfUtils.java:logGet(43)) - raft.server.log.appender.install.snapshot.enabled = false (custom)
2019-09-17 07:18:12,085 [pool-599-thread-1] INFO  server.RaftServerConfigKeys (ConfUtils.java:logGet(43)) - raft.server.log.appender.install.snapshot.enabled = false (custom)
2019-09-17 07:18:12,085 [pool-609-thread-1] INFO  impl.RaftServerImpl (ServerState.java:<init>(103)) - 783b8b0d-2e4b-4296-bbed-3f010e7af5dd@group-48638E47C87F: ConfigurationManager, init=-1: [783b8b0d-2e4b-4296-bbed-3f010e7af5dd:192.168.157.246:43483, 5d850b7b-f02e-4029-a6ce-7c22cb722049:192.168.157.246:45173, 8914721e-e6fd-428a-8274-c97b8de6844d:192.168.157.246:38699], old=null, confs=<EMPTY_MAP>
2019-09-17 07:18:12,085 [pool-599-thread-1] INFO  impl.RaftServerImpl (ServerState.java:<init>(103)) - 8914721e-e6fd-428a-8274-c97b8de6844d@group-48638E47C87F: ConfigurationManager, init=-1: [783b8b0d-2e4b-4296-bbed-3f010e7af5dd:192.168.157.246:43483, 5d850b7b-f02e-4029-a6ce-7c22cb722049:192.168.157.246:45173, 8914721e-e6fd-428a-8274-c97b8de6844d:192.168.157.246:38699], old=null, confs=<EMPTY_MAP>
2019-09-17 07:18:12,085 [pool-609-thread-1] INFO  server.RaftServerConfigKeys (ConfUtils.java:logGet(43)) - raft.server.storage.dir = [/workdir/hadoop-ozone/integration-test/target/test-dir/MiniOzoneClusterImpl-23941a65-3452-474d-b3c0-503ff93f6bad/datanode-2/data/ratis] (custom)
2019-09-17 07:18:12,085 [pool-599-thread-1] INFO  server.RaftServerConfigKeys (ConfUtils.java:logGet(43)) - raft.server.storage.dir = [/workdir/hadoop-ozone/integration-test/target/test-dir/MiniOzoneClusterImpl-23941a65-3452-474d-b3c0-503ff93f6bad/datanode-1/data/ratis] (custom)
2019-09-17 07:18:12,085 [pool-609-thread-1] INFO  storage.RaftStorageDirectory (RaftStorageDirectory.java:analyzeStorage(246)) - The storage directory /workdir/hadoop-ozone/integration-test/target/test-dir/MiniOzoneClusterImpl-23941a65-3452-474d-b3c0-503ff93f6bad/datanode-2/data/ratis/7701c700-c295-448b-ae11-48638e47c87f does not exist. Creating ...
2019-09-17 07:18:12,085 [pool-599-thread-1] INFO  storage.RaftStorageDirectory (RaftStorageDirectory.java:analyzeStorage(246)) - The storage directory /workdir/hadoop-ozone/integration-test/target/test-dir/MiniOzoneClusterImpl-23941a65-3452-474d-b3c0-503ff93f6bad/datanode-1/data/ratis/7701c700-c295-448b-ae11-48638e47c87f does not exist. Creating ...
2019-09-17 07:18:12,099 [IPC Server handler 4 on 35512] INFO  net.NetworkTopology (NetworkTopologyImpl.java:add(111)) - Added a new node: /default-rack/d2382816-3e88-4f44-9ea2-137bcd39c785
2019-09-17 07:18:12,099 [IPC Server handler 4 on 35512] INFO  node.SCMNodeManager (SCMNodeManager.java:register(266)) - Registered Data node : d2382816-3e88-4f44-9ea2-137bcd39c785{ip: 192.168.157.246, host: pr-hdds-2016-n7825-135103490, networkLocation: /default-rack, certSerialId: null}
2019-09-17 07:18:12,109 [pool-609-thread-1] INFO  storage.RaftStorageDirectory (RaftStorageDirectory.java:tryLock(328)) - Lock on /workdir/hadoop-ozone/integration-test/target/test-dir/MiniOzoneClusterImpl-23941a65-3452-474d-b3c0-503ff93f6bad/datanode-2/data/ratis/7701c700-c295-448b-ae11-48638e47c87f/in_use.lock acquired by nodename 8995@pr-hdds-2016-n7825-135103490
2019-09-17 07:18:12,109 [pool-589-thread-1] INFO  storage.RaftStorageDirectory (RaftStorageDirectory.java:tryLock(328)) - Lock on /workdir/hadoop-ozone/integration-test/target/test-dir/MiniOzoneClusterImpl-23941a65-3452-474d-b3c0-503ff93f6bad/datanode-0/data/ratis/7701c700-c295-448b-ae11-48638e47c87f/in_use.lock acquired by nodename 8995@pr-hdds-2016-n7825-135103490
2019-09-17 07:18:12,109 [pool-599-thread-1] INFO  storage.RaftStorageDirectory (RaftStorageDirectory.java:tryLock(328)) - Lock on /workdir/hadoop-ozone/integration-test/target/test-dir/MiniOzoneClusterImpl-23941a65-3452-474d-b3c0-503ff93f6bad/datanode-1/data/ratis/7701c700-c295-448b-ae11-48638e47c87f/in_use.lock acquired by nodename 8995@pr-hdds-2016-n7825-135103490
2019-09-17 07:18:12,134 [pool-589-thread-1] INFO  storage.RaftStorage (RaftStorage.java:format(72)) - Storage directory /workdir/hadoop-ozone/integration-test/target/test-dir/MiniOzoneClusterImpl-23941a65-3452-474d-b3c0-503ff93f6bad/datanode-0/data/ratis/7701c700-c295-448b-ae11-48638e47c87f has been successfully formatted.
2019-09-17 07:18:12,134 [pool-599-thread-1] INFO  storage.RaftStorage (RaftStorage.java:format(72)) - Storage directory /workdir/hadoop-ozone/integration-test/target/test-dir/MiniOzoneClusterImpl-23941a65-3452-474d-b3c0-503ff93f6bad/datanode-1/data/ratis/7701c700-c295-448b-ae11-48638e47c87f has been successfully formatted.
2019-09-17 07:18:12,134 [pool-609-thread-1] INFO  storage.RaftStorage (RaftStorage.java:format(72)) - Storage directory /workdir/hadoop-ozone/integration-test/target/test-dir/MiniOzoneClusterImpl-23941a65-3452-474d-b3c0-503ff93f6bad/datanode-2/data/ratis/7701c700-c295-448b-ae11-48638e47c87f has been successfully formatted.
2019-09-17 07:18:12,134 [pool-589-thread-1] INFO  ratis.ContainerStateMachine (ContainerStateMachine.java:loadSnapshot(230)) - group-48638E47C87F: The snapshot info is null. Setting the last applied indexto:(t:0, i:~)
2019-09-17 07:18:12,135 [pool-599-thread-1] INFO  ratis.ContainerStateMachine (ContainerStateMachine.java:loadSnapshot(230)) - group-48638E47C87F: The snapshot info is null. Setting the last applied indexto:(t:0, i:~)
2019-09-17 07:18:12,135 [pool-589-thread-1] INFO  server.RaftServerConfigKeys (ConfUtils.java:logGet(43)) - raft.server.notification.no-leader.timeout = 120s (custom)
2019-09-17 07:18:12,135 [pool-609-thread-1] INFO  ratis.ContainerStateMachine (ContainerStateMachine.java:loadSnapshot(230)) - group-48638E47C87F: The snapshot info is null. Setting the last applied indexto:(t:0, i:~)
2019-09-17 07:18:12,135 [pool-589-thread-1] INFO  server.RaftServerConfigKeys (ConfUtils.java:logGet(43)) - raft.server.log.use.memory = false (default)
2019-09-17 07:18:12,135 [pool-599-thread-1] INFO  server.RaftServerConfigKeys (ConfUtils.java:logGet(43)) - raft.server.notification.no-leader.timeout = 120s (custom)
2019-09-17 07:18:12,135 [pool-589-thread-1] INFO  server.RaftServerConfigKeys (ConfUtils.java:logGet(43)) - raft.server.log.purge.gap = 1000000 (custom)
2019-09-17 07:18:12,135 [pool-609-thread-1] INFO  server.RaftServerConfigKeys (ConfUtils.java:logGet(43)) - raft.server.notification.no-leader.timeout = 120s (custom)
2019-09-17 07:18:12,135 [pool-589-thread-1] INFO  server.RaftServerConfigKeys (ConfUtils.java:logGet(43)) - raft.server.log.appender.buffer.byte-limit = 33554432 (custom)
2019-09-17 07:18:12,135 [pool-599-thread-1] INFO  server.RaftServerConfigKeys (ConfUtils.java:logGet(43)) - raft.server.log.use.memory = false (default)
2019-09-17 07:18:12,136 [pool-589-thread-1] INFO  server.RaftServerConfigKeys (ConfUtils.java:logGet(43)) - raft.server.log.segment.size.max = 1048576 (custom)
2019-09-17 07:18:12,135 [pool-609-thread-1] INFO  server.RaftServerConfigKeys (ConfUtils.java:logGet(43)) - raft.server.log.use.memory = false (default)
2019-09-17 07:18:12,136 [pool-589-thread-1] INFO  server.RaftServerConfigKeys (ConfUtils.java:logGet(43)) - raft.server.log.segment.cache.num.max = 2 (custom)
2019-09-17 07:18:12,136 [pool-599-thread-1] INFO  server.RaftServerConfigKeys (ConfUtils.java:logGet(43)) - raft.server.log.purge.gap = 1000000 (custom)
2019-09-17 07:18:12,136 [pool-589-thread-1] INFO  segmented.SegmentedRaftLogWorker (SegmentedRaftLogWorker.java:<init>(172)) - new 5d850b7b-f02e-4029-a6ce-7c22cb722049@group-48638E47C87F-SegmentedRaftLogWorker for RaftStorage:Storage Directory /workdir/hadoop-ozone/integration-test/target/test-dir/MiniOzoneClusterImpl-23941a65-3452-474d-b3c0-503ff93f6bad/datanode-0/data/ratis/7701c700-c295-448b-ae11-48638e47c87f
2019-09-17 07:18:12,136 [pool-609-thread-1] INFO  server.RaftServerConfigKeys (ConfUtils.java:logGet(43)) - raft.server.log.purge.gap = 1000000 (custom)
2019-09-17 07:18:12,136 [pool-589-thread-1] INFO  server.RaftServerConfigKeys (ConfUtils.java:logGet(43)) - raft.server.log.queue.byte-limit = 2147483647 (custom)
2019-09-17 07:18:12,136 [pool-599-thread-1] INFO  server.RaftServerConfigKeys (ConfUtils.java:logGet(43)) - raft.server.log.appender.buffer.byte-limit = 33554432 (custom)
2019-09-17 07:18:12,136 [pool-589-thread-1] INFO  server.RaftServerConfigKeys (ConfUtils.java:logGet(43)) - raft.server.log.queue.element-limit = 1024 (custom)
2019-09-17 07:18:12,136 [pool-609-thread-1] INFO  server.RaftServerConfigKeys (ConfUtils.java:logGet(43)) - raft.server.log.appender.buffer.byte-limit = 33554432 (custom)
2019-09-17 07:18:12,137 [pool-589-thread-1] INFO  server.RaftServerConfigKeys (ConfUtils.java:logGet(43)) - raft.server.log.segment.size.max = 1048576 (custom)
2019-09-17 07:18:12,137 [pool-599-thread-1] INFO  server.RaftServerConfigKeys (ConfUtils.java:logGet(43)) - raft.server.log.segment.size.max = 1048576 (custom)
2019-09-17 07:18:12,137 [pool-589-thread-1] INFO  server.RaftServerConfigKeys (ConfUtils.java:logGet(43)) - raft.server.log.preallocated.size = 16384 (custom)
2019-09-17 07:18:12,137 [pool-609-thread-1] INFO  server.RaftServerConfigKeys (ConfUtils.java:logGet(43)) - raft.server.log.segment.size.max = 1048576 (custom)
2019-09-17 07:18:12,137 [pool-589-thread-1] INFO  server.RaftServerConfigKeys (ConfUtils.java:logGet(43)) - raft.server.log.write.buffer.size = 33554432 (custom)
2019-09-17 07:18:12,137 [pool-599-thread-1] INFO  server.RaftServerConfigKeys (ConfUtils.java:logGet(43)) - raft.server.log.segment.cache.num.max = 2 (custom)
2019-09-17 07:18:12,137 [pool-589-thread-1] INFO  server.RaftServerConfigKeys (ConfUtils.java:logGet(43)) - raft.server.log.force.sync.num = 128 (default)
2019-09-17 07:18:12,137 [pool-589-thread-1] INFO  server.RaftServerConfigKeys (ConfUtils.java:logGet(43)) - raft.server.log.statemachine.data.sync = true (default)
2019-09-17 07:18:12,137 [pool-609-thread-1] INFO  server.RaftServerConfigKeys (ConfUtils.java:logGet(43)) - raft.server.log.segment.cache.num.max = 2 (custom)
2019-09-17 07:18:12,138 [pool-589-thread-1] INFO  server.RaftServerConfigKeys (ConfUtils.java:logGet(43)) - raft.server.log.statemachine.data.sync.timeout = 10s (default)
2019-09-17 07:18:12,137 [pool-599-thread-1] INFO  segmented.SegmentedRaftLogWorker (SegmentedRaftLogWorker.java:<init>(172)) - new 8914721e-e6fd-428a-8274-c97b8de6844d@group-48638E47C87F-SegmentedRaftLogWorker for RaftStorage:Storage Directory /workdir/hadoop-ozone/integration-test/target/test-dir/MiniOzoneClusterImpl-23941a65-3452-474d-b3c0-503ff93f6bad/datanode-1/data/ratis/7701c700-c295-448b-ae11-48638e47c87f
2019-09-17 07:18:12,138 [pool-589-thread-1] INFO  server.RaftServerConfigKeys (ConfUtils.java:logGet(43)) - raft.server.log.statemachine.data.sync.timeout.retry = -1 (default)
2019-09-17 07:18:12,138 [pool-609-thread-1] INFO  segmented.SegmentedRaftLogWorker (SegmentedRaftLogWorker.java:<init>(172)) - new 783b8b0d-2e4b-4296-bbed-3f010e7af5dd@group-48638E47C87F-SegmentedRaftLogWorker for RaftStorage:Storage Directory /workdir/hadoop-ozone/integration-test/target/test-dir/MiniOzoneClusterImpl-23941a65-3452-474d-b3c0-503ff93f6bad/datanode-2/data/ratis/7701c700-c295-448b-ae11-48638e47c87f
2019-09-17 07:18:12,138 [pool-589-thread-1] INFO  server.RaftServerConfigKeys (ConfUtils.java:logGet(43)) - raft.server.log.statemachine.data.caching.enabled = true (custom)
2019-09-17 07:18:12,138 [pool-599-thread-1] INFO  server.RaftServerConfigKeys (ConfUtils.java:logGet(43)) - raft.server.log.queue.byte-limit = 2147483647 (custom)
2019-09-17 07:18:12,138 [pool-589-thread-1] INFO  segmented.SegmentedRaftLogWorker (SegmentedRaftLogWorker.java:lambda$new$0(132)) - 5d850b7b-f02e-4029-a6ce-7c22cb722049@group-48638E47C87F-SegmentedRaftLogWorker: flushIndex: setUnconditionally 0 -> -1
2019-09-17 07:18:12,138 [pool-609-thread-1] INFO  server.RaftServerConfigKeys (ConfUtils.java:logGet(43)) - raft.server.log.queue.byte-limit = 2147483647 (custom)
2019-09-17 07:18:12,139 [pool-589-thread-1] INFO  server.RaftServerConfigKeys (ConfUtils.java:logGet(43)) - raft.server.snapshot.auto.trigger.enabled = true (custom)
2019-09-17 07:18:12,138 [pool-599-thread-1] INFO  server.RaftServerConfigKeys (ConfUtils.java:logGet(43)) - raft.server.log.queue.element-limit = 1024 (custom)
2019-09-17 07:18:12,139 [pool-589-thread-1] INFO  server.RaftServerConfigKeys (ConfUtils.java:logGet(43)) - raft.server.snapshot.auto.trigger.threshold = 10000 (custom)
2019-09-17 07:18:12,139 [pool-609-thread-1] INFO  server.RaftServerConfigKeys (ConfUtils.java:logGet(43)) - raft.server.log.queue.element-limit = 1024 (custom)
2019-09-17 07:18:12,139 [pool-589-thread-1] INFO  server.RaftServerConfigKeys (ConfUtils.java:logGet(43)) - raft.server.snapshot.retention.num.files = 5 (custom)
2019-09-17 07:18:12,139 [pool-599-thread-1] INFO  server.RaftServerConfigKeys (ConfUtils.java:logGet(43)) - raft.server.log.segment.size.max = 1048576 (custom)
2019-09-17 07:18:12,139 [pool-589-thread-1] INFO  server.RaftServerConfigKeys (ConfUtils.java:logGet(43)) - raft.server.retrycache.expirytime = 600000ms (custom)
2019-09-17 07:18:12,139 [pool-609-thread-1] INFO  server.RaftServerConfigKeys (ConfUtils.java:logGet(43)) - raft.server.log.segment.size.max = 1048576 (custom)
2019-09-17 07:18:12,139 [pool-599-thread-1] INFO  server.RaftServerConfigKeys (ConfUtils.java:logGet(43)) - raft.server.log.preallocated.size = 16384 (custom)
2019-09-17 07:18:12,139 [pool-609-thread-1] INFO  server.RaftServerConfigKeys (ConfUtils.java:logGet(43)) - raft.server.log.preallocated.size = 16384 (custom)
2019-09-17 07:18:12,140 [pool-599-thread-1] INFO  server.RaftServerConfigKeys (ConfUtils.java:logGet(43)) - raft.server.log.write.buffer.size = 33554432 (custom)
2019-09-17 07:18:12,140 [pool-609-thread-1] INFO  server.RaftServerConfigKeys (ConfUtils.java:logGet(43)) - raft.server.log.write.buffer.size = 33554432 (custom)
2019-09-17 07:18:12,140 [pool-599-thread-1] INFO  server.RaftServerConfigKeys (ConfUtils.java:logGet(43)) - raft.server.log.force.sync.num = 128 (default)
2019-09-17 07:18:12,140 [pool-609-thread-1] INFO  server.RaftServerConfigKeys (ConfUtils.java:logGet(43)) - raft.server.log.force.sync.num = 128 (default)
2019-09-17 07:18:12,140 [pool-599-thread-1] INFO  server.RaftServerConfigKeys (ConfUtils.java:logGet(43)) - raft.server.log.statemachine.data.sync = true (default)
2019-09-17 07:18:12,140 [pool-589-thread-1] INFO  impl.RaftServerImpl (RaftServerImpl.java:start(185)) - 5d850b7b-f02e-4029-a6ce-7c22cb722049@group-48638E47C87F: start as a follower, conf=-1: [783b8b0d-2e4b-4296-bbed-3f010e7af5dd:192.168.157.246:43483, 5d850b7b-f02e-4029-a6ce-7c22cb722049:192.168.157.246:45173, 8914721e-e6fd-428a-8274-c97b8de6844d:192.168.157.246:38699], old=null
2019-09-17 07:18:12,140 [pool-609-thread-1] INFO  server.RaftServerConfigKeys (ConfUtils.java:logGet(43)) - raft.server.log.statemachine.data.sync = true (default)
2019-09-17 07:18:12,141 [pool-589-thread-1] INFO  impl.RaftServerImpl (RaftServerImpl.java:setRole(174)) - 5d850b7b-f02e-4029-a6ce-7c22cb722049@group-48638E47C87F: changes role from      null to FOLLOWER at term 0 for startAsFollower
2019-09-17 07:18:12,140 [pool-599-thread-1] INFO  server.RaftServerConfigKeys (ConfUtils.java:logGet(43)) - raft.server.log.statemachine.data.sync.timeout = 10s (default)
2019-09-17 07:18:12,141 [pool-589-thread-1] INFO  impl.RoleInfo (RoleInfo.java:updateAndGet(143)) - 5d850b7b-f02e-4029-a6ce-7c22cb722049: start FollowerState
2019-09-17 07:18:12,141 [pool-609-thread-1] INFO  server.RaftServerConfigKeys (ConfUtils.java:logGet(43)) - raft.server.log.statemachine.data.sync.timeout = 10s (default)
2019-09-17 07:18:12,141 [pool-599-thread-1] INFO  server.RaftServerConfigKeys (ConfUtils.java:logGet(43)) - raft.server.log.statemachine.data.sync.timeout.retry = -1 (default)
2019-09-17 07:18:12,141 [pool-609-thread-1] INFO  server.RaftServerConfigKeys (ConfUtils.java:logGet(43)) - raft.server.log.statemachine.data.sync.timeout.retry = -1 (default)
2019-09-17 07:18:12,141 [pool-589-thread-1] INFO  util.JmxRegister (JmxRegister.java:tryRegister(44)) - Successfully registered JMX Bean with object name Ratis:service=RaftServer,group=group-48638E47C87F,id=5d850b7b-f02e-4029-a6ce-7c22cb722049
2019-09-17 07:18:12,141 [pool-609-thread-1] INFO  server.RaftServerConfigKeys (ConfUtils.java:logGet(43)) - raft.server.log.statemachine.data.caching.enabled = true (custom)
2019-09-17 07:18:12,141 [pool-599-thread-1] INFO  server.RaftServerConfigKeys (ConfUtils.java:logGet(43)) - raft.server.log.statemachine.data.caching.enabled = true (custom)
2019-09-17 07:18:12,142 [pool-609-thread-1] INFO  segmented.SegmentedRaftLogWorker (SegmentedRaftLogWorker.java:lambda$new$0(132)) - 783b8b0d-2e4b-4296-bbed-3f010e7af5dd@group-48638E47C87F-SegmentedRaftLogWorker: flushIndex: setUnconditionally 0 -> -1
2019-09-17 07:18:12,142 [pool-599-thread-1] INFO  segmented.SegmentedRaftLogWorker (SegmentedRaftLogWorker.java:lambda$new$0(132)) - 8914721e-e6fd-428a-8274-c97b8de6844d@group-48638E47C87F-SegmentedRaftLogWorker: flushIndex: setUnconditionally 0 -> -1
2019-09-17 07:18:12,142 [pool-609-thread-1] INFO  server.RaftServerConfigKeys (ConfUtils.java:logGet(43)) - raft.server.snapshot.auto.trigger.enabled = true (custom)
2019-09-17 07:18:12,142 [pool-609-thread-1] INFO  server.RaftServerConfigKeys (ConfUtils.java:logGet(43)) - raft.server.snapshot.auto.trigger.threshold = 10000 (custom)
2019-09-17 07:18:12,142 [pool-609-thread-1] INFO  server.RaftServerConfigKeys (ConfUtils.java:logGet(43)) - raft.server.snapshot.retention.num.files = 5 (custom)
2019-09-17 07:18:12,142 [pool-599-thread-1] INFO  server.RaftServerConfigKeys (ConfUtils.java:logGet(43)) - raft.server.snapshot.auto.trigger.enabled = true (custom)
2019-09-17 07:18:12,142 [pool-609-thread-1] INFO  server.RaftServerConfigKeys (ConfUtils.java:logGet(43)) - raft.server.retrycache.expirytime = 600000ms (custom)
2019-09-17 07:18:12,143 [pool-599-thread-1] INFO  server.RaftServerConfigKeys (ConfUtils.java:logGet(43)) - raft.server.snapshot.auto.trigger.threshold = 10000 (custom)
2019-09-17 07:18:12,143 [pool-599-thread-1] INFO  server.RaftServerConfigKeys (ConfUtils.java:logGet(43)) - raft.server.snapshot.retention.num.files = 5 (custom)
2019-09-17 07:18:12,143 [pool-599-thread-1] INFO  server.RaftServerConfigKeys (ConfUtils.java:logGet(43)) - raft.server.retrycache.expirytime = 600000ms (custom)
2019-09-17 07:18:12,144 [pool-609-thread-1] INFO  impl.RaftServerImpl (RaftServerImpl.java:start(185)) - 783b8b0d-2e4b-4296-bbed-3f010e7af5dd@group-48638E47C87F: start as a follower, conf=-1: [783b8b0d-2e4b-4296-bbed-3f010e7af5dd:192.168.157.246:43483, 5d850b7b-f02e-4029-a6ce-7c22cb722049:192.168.157.246:45173, 8914721e-e6fd-428a-8274-c97b8de6844d:192.168.157.246:38699], old=null
2019-09-17 07:18:12,144 [pool-609-thread-1] INFO  impl.RaftServerImpl (RaftServerImpl.java:setRole(174)) - 783b8b0d-2e4b-4296-bbed-3f010e7af5dd@group-48638E47C87F: changes role from      null to FOLLOWER at term 0 for startAsFollower
2019-09-17 07:18:12,144 [pool-609-thread-1] INFO  impl.RoleInfo (RoleInfo.java:updateAndGet(143)) - 783b8b0d-2e4b-4296-bbed-3f010e7af5dd: start FollowerState
2019-09-17 07:18:12,144 [pool-609-thread-1] INFO  util.JmxRegister (JmxRegister.java:tryRegister(44)) - Successfully registered JMX Bean with object name Ratis:service=RaftServer,group=group-48638E47C87F,id=783b8b0d-2e4b-4296-bbed-3f010e7af5dd
2019-09-17 07:18:12,145 [pool-599-thread-1] INFO  impl.RaftServerImpl (RaftServerImpl.java:start(185)) - 8914721e-e6fd-428a-8274-c97b8de6844d@group-48638E47C87F: start as a follower, conf=-1: [783b8b0d-2e4b-4296-bbed-3f010e7af5dd:192.168.157.246:43483, 5d850b7b-f02e-4029-a6ce-7c22cb722049:192.168.157.246:45173, 8914721e-e6fd-428a-8274-c97b8de6844d:192.168.157.246:38699], old=null
2019-09-17 07:18:12,145 [pool-599-thread-1] INFO  impl.RaftServerImpl (RaftServerImpl.java:setRole(174)) - 8914721e-e6fd-428a-8274-c97b8de6844d@group-48638E47C87F: changes role from      null to FOLLOWER at term 0 for startAsFollower
2019-09-17 07:18:12,145 [pool-599-thread-1] INFO  impl.RoleInfo (RoleInfo.java:updateAndGet(143)) - 8914721e-e6fd-428a-8274-c97b8de6844d: start FollowerState
2019-09-17 07:18:12,146 [pool-599-thread-1] INFO  util.JmxRegister (JmxRegister.java:tryRegister(44)) - Successfully registered JMX Bean with object name Ratis:service=RaftServer,group=group-48638E47C87F,id=8914721e-e6fd-428a-8274-c97b8de6844d
2019-09-17 07:18:12,147 [RatisPipelineUtilsThread] INFO  pipeline.PipelineStateManager (PipelineStateManager.java:addPipeline(56)) - Created pipeline Pipeline[ Id: 7701c700-c295-448b-ae11-48638e47c87f, Nodes: 783b8b0d-2e4b-4296-bbed-3f010e7af5dd{ip: 192.168.157.246, host: pr-hdds-2016-n7825-135103490, networkLocation: /default-rack, certSerialId: null}8914721e-e6fd-428a-8274-c97b8de6844d{ip: 192.168.157.246, host: pr-hdds-2016-n7825-135103490, networkLocation: /default-rack, certSerialId: null}5d850b7b-f02e-4029-a6ce-7c22cb722049{ip: 192.168.157.246, host: pr-hdds-2016-n7825-135103490, networkLocation: /default-rack, certSerialId: null}, Type:RATIS, Factor:THREE, State:OPEN]
2019-09-17 07:18:12,162 [IPC Server handler 5 on 35512] INFO  net.NetworkTopology (NetworkTopologyImpl.java:add(111)) - Added a new node: /default-rack/56dbe93a-5974-4a13-8b2c-4d24aa3aff1d
2019-09-17 07:18:12,162 [IPC Server handler 5 on 35512] INFO  node.SCMNodeManager (SCMNodeManager.java:register(266)) - Registered Data node : 56dbe93a-5974-4a13-8b2c-4d24aa3aff1d{ip: 192.168.157.246, host: pr-hdds-2016-n7825-135103490, networkLocation: /default-rack, certSerialId: null}
2019-09-17 07:18:12,168 [grpc-default-executor-5] INFO  impl.RaftServerProxy (RaftServerProxy.java:addNew(89)) - d2382816-3e88-4f44-9ea2-137bcd39c785: addNew group-179990AD19C9:[d2382816-3e88-4f44-9ea2-137bcd39c785:192.168.157.246:33608] returns group-179990AD19C9:java.util.concurrent.CompletableFuture@1d6c02f0[Not completed]
2019-09-17 07:18:12,171 [pool-619-thread-1] INFO  impl.RaftServerImpl (RaftServerImpl.java:<init>(95)) - d2382816-3e88-4f44-9ea2-137bcd39c785: new RaftServerImpl for group-179990AD19C9:[d2382816-3e88-4f44-9ea2-137bcd39c785:192.168.157.246:33608] with ContainerStateMachine:uninitialized
2019-09-17 07:18:12,171 [pool-619-thread-1] INFO  server.RaftServerConfigKeys (ConfUtils.java:logGet(43)) - raft.server.rpc.timeout.min = 5s (custom)
2019-09-17 07:18:12,171 [pool-619-thread-1] INFO  server.RaftServerConfigKeys (ConfUtils.java:logGet(43)) - raft.server.rpc.timeout.max = 5200ms (custom)
2019-09-17 07:18:12,171 [pool-619-thread-1] INFO  server.RaftServerConfigKeys (ConfUtils.java:logGet(43)) - raft.server.rpcslowness.timeout = 120s (custom)
2019-09-17 07:18:12,172 [pool-619-thread-1] INFO  server.RaftServerConfigKeys (ConfUtils.java:logGet(43)) - raft.server.sleep.deviation.threshold = 300 (default)
2019-09-17 07:18:12,172 [pool-619-thread-1] INFO  server.RaftServerConfigKeys (ConfUtils.java:logGet(43)) - raft.server.log.appender.install.snapshot.enabled = false (custom)
2019-09-17 07:18:12,172 [pool-619-thread-1] INFO  impl.RaftServerImpl (ServerState.java:<init>(103)) - d2382816-3e88-4f44-9ea2-137bcd39c785@group-179990AD19C9: ConfigurationManager, init=-1: [d2382816-3e88-4f44-9ea2-137bcd39c785:192.168.157.246:33608], old=null, confs=<EMPTY_MAP>
2019-09-17 07:18:12,172 [pool-619-thread-1] INFO  server.RaftServerConfigKeys (ConfUtils.java:logGet(43)) - raft.server.storage.dir = [/workdir/hadoop-ozone/integration-test/target/test-dir/MiniOzoneClusterImpl-23941a65-3452-474d-b3c0-503ff93f6bad/datanode-3/data/ratis] (custom)
2019-09-17 07:18:12,172 [pool-619-thread-1] INFO  storage.RaftStorageDirectory (RaftStorageDirectory.java:analyzeStorage(246)) - The storage directory /workdir/hadoop-ozone/integration-test/target/test-dir/MiniOzoneClusterImpl-23941a65-3452-474d-b3c0-503ff93f6bad/datanode-3/data/ratis/43dc48d0-885a-48d9-9c62-179990ad19c9 does not exist. Creating ...
2019-09-17 07:18:12,177 [pool-619-thread-1] INFO  storage.RaftStorageDirectory (RaftStorageDirectory.java:tryLock(328)) - Lock on /workdir/hadoop-ozone/integration-test/target/test-dir/MiniOzoneClusterImpl-23941a65-3452-474d-b3c0-503ff93f6bad/datanode-3/data/ratis/43dc48d0-885a-48d9-9c62-179990ad19c9/in_use.lock acquired by nodename 8995@pr-hdds-2016-n7825-135103490
2019-09-17 07:18:12,180 [pool-619-thread-1] INFO  storage.RaftStorage (RaftStorage.java:format(72)) - Storage directory /workdir/hadoop-ozone/integration-test/target/test-dir/MiniOzoneClusterImpl-23941a65-3452-474d-b3c0-503ff93f6bad/datanode-3/data/ratis/43dc48d0-885a-48d9-9c62-179990ad19c9 has been successfully formatted.
2019-09-17 07:18:12,180 [pool-619-thread-1] INFO  ratis.ContainerStateMachine (ContainerStateMachine.java:loadSnapshot(230)) - group-179990AD19C9: The snapshot info is null. Setting the last applied indexto:(t:0, i:~)
2019-09-17 07:18:12,180 [pool-619-thread-1] INFO  server.RaftServerConfigKeys (ConfUtils.java:logGet(43)) - raft.server.notification.no-leader.timeout = 120s (custom)
2019-09-17 07:18:12,181 [pool-619-thread-1] INFO  server.RaftServerConfigKeys (ConfUtils.java:logGet(43)) - raft.server.log.use.memory = false (default)
2019-09-17 07:18:12,181 [pool-619-thread-1] INFO  server.RaftServerConfigKeys (ConfUtils.java:logGet(43)) - raft.server.log.purge.gap = 1000000 (custom)
2019-09-17 07:18:12,181 [pool-619-thread-1] INFO  server.RaftServerConfigKeys (ConfUtils.java:logGet(43)) - raft.server.log.appender.buffer.byte-limit = 33554432 (custom)
2019-09-17 07:18:12,181 [pool-619-thread-1] INFO  server.RaftServerConfigKeys (ConfUtils.java:logGet(43)) - raft.server.log.segment.size.max = 1048576 (custom)
2019-09-17 07:18:12,181 [pool-619-thread-1] INFO  server.RaftServerConfigKeys (ConfUtils.java:logGet(43)) - raft.server.log.segment.cache.num.max = 2 (custom)
2019-09-17 07:18:12,181 [pool-619-thread-1] INFO  segmented.SegmentedRaftLogWorker (SegmentedRaftLogWorker.java:<init>(172)) - new d2382816-3e88-4f44-9ea2-137bcd39c785@group-179990AD19C9-SegmentedRaftLogWorker for RaftStorage:Storage Directory /workdir/hadoop-ozone/integration-test/target/test-dir/MiniOzoneClusterImpl-23941a65-3452-474d-b3c0-503ff93f6bad/datanode-3/data/ratis/43dc48d0-885a-48d9-9c62-179990ad19c9
2019-09-17 07:18:12,183 [pool-619-thread-1] INFO  server.RaftServerConfigKeys (ConfUtils.java:logGet(43)) - raft.server.log.queue.byte-limit = 2147483647 (custom)
2019-09-17 07:18:12,183 [pool-619-thread-1] INFO  server.RaftServerConfigKeys (ConfUtils.java:logGet(43)) - raft.server.log.queue.element-limit = 1024 (custom)
2019-09-17 07:18:12,183 [pool-619-thread-1] INFO  server.RaftServerConfigKeys (ConfUtils.java:logGet(43)) - raft.server.log.segment.size.max = 1048576 (custom)
2019-09-17 07:18:12,184 [pool-619-thread-1] INFO  server.RaftServerConfigKeys (ConfUtils.java:logGet(43)) - raft.server.log.preallocated.size = 16384 (custom)
2019-09-17 07:18:12,184 [pool-619-thread-1] INFO  server.RaftServerConfigKeys (ConfUtils.java:logGet(43)) - raft.server.log.write.buffer.size = 33554432 (custom)
2019-09-17 07:18:12,184 [pool-619-thread-1] INFO  server.RaftServerConfigKeys (ConfUtils.java:logGet(43)) - raft.server.log.force.sync.num = 128 (default)
2019-09-17 07:18:12,184 [pool-619-thread-1] INFO  server.RaftServerConfigKeys (ConfUtils.java:logGet(43)) - raft.server.log.statemachine.data.sync = true (default)
2019-09-17 07:18:12,184 [pool-619-thread-1] INFO  server.RaftServerConfigKeys (ConfUtils.java:logGet(43)) - raft.server.log.statemachine.data.sync.timeout = 10s (default)
2019-09-17 07:18:12,184 [pool-619-thread-1] INFO  server.RaftServerConfigKeys (ConfUtils.java:logGet(43)) - raft.server.log.statemachine.data.sync.timeout.retry = -1 (default)
2019-09-17 07:18:12,184 [pool-619-thread-1] INFO  server.RaftServerConfigKeys (ConfUtils.java:logGet(43)) - raft.server.log.statemachine.data.caching.enabled = true (custom)
2019-09-17 07:18:12,186 [pool-619-thread-1] INFO  segmented.SegmentedRaftLogWorker (SegmentedRaftLogWorker.java:lambda$new$0(132)) - d2382816-3e88-4f44-9ea2-137bcd39c785@group-179990AD19C9-SegmentedRaftLogWorker: flushIndex: setUnconditionally 0 -> -1
2019-09-17 07:18:12,186 [pool-619-thread-1] INFO  server.RaftServerConfigKeys (ConfUtils.java:logGet(43)) - raft.server.snapshot.auto.trigger.enabled = true (custom)
2019-09-17 07:18:12,186 [pool-619-thread-1] INFO  server.RaftServerConfigKeys (ConfUtils.java:logGet(43)) - raft.server.snapshot.auto.trigger.threshold = 10000 (custom)
2019-09-17 07:18:12,186 [pool-619-thread-1] INFO  server.RaftServerConfigKeys (ConfUtils.java:logGet(43)) - raft.server.snapshot.retention.num.files = 5 (custom)
2019-09-17 07:18:12,186 [pool-619-thread-1] INFO  server.RaftServerConfigKeys (ConfUtils.java:logGet(43)) - raft.server.retrycache.expirytime = 600000ms (custom)
2019-09-17 07:18:12,188 [pool-619-thread-1] INFO  impl.RaftServerImpl (RaftServerImpl.java:start(185)) - d2382816-3e88-4f44-9ea2-137bcd39c785@group-179990AD19C9: start as a follower, conf=-1: [d2382816-3e88-4f44-9ea2-137bcd39c785:192.168.157.246:33608], old=null
2019-09-17 07:18:12,188 [pool-619-thread-1] INFO  impl.RaftServerImpl (RaftServerImpl.java:setRole(174)) - d2382816-3e88-4f44-9ea2-137bcd39c785@group-179990AD19C9: changes role from      null to FOLLOWER at term 0 for startAsFollower
2019-09-17 07:18:12,188 [pool-619-thread-1] INFO  impl.RoleInfo (RoleInfo.java:updateAndGet(143)) - d2382816-3e88-4f44-9ea2-137bcd39c785: start FollowerState
2019-09-17 07:18:12,195 [pool-619-thread-1] INFO  util.JmxRegister (JmxRegister.java:tryRegister(44)) - Successfully registered JMX Bean with object name Ratis:service=RaftServer,group=group-179990AD19C9,id=d2382816-3e88-4f44-9ea2-137bcd39c785
2019-09-17 07:18:12,202 [RatisPipelineUtilsThread] INFO  pipeline.PipelineStateManager (PipelineStateManager.java:addPipeline(56)) - Created pipeline Pipeline[ Id: 43dc48d0-885a-48d9-9c62-179990ad19c9, Nodes: d2382816-3e88-4f44-9ea2-137bcd39c785{ip: 192.168.157.246, host: pr-hdds-2016-n7825-135103490, networkLocation: /default-rack, certSerialId: null}, Type:RATIS, Factor:ONE, State:OPEN]
2019-09-17 07:18:12,207 [grpc-default-executor-5] INFO  impl.RaftServerProxy (RaftServerProxy.java:addNew(89)) - 56dbe93a-5974-4a13-8b2c-4d24aa3aff1d: addNew group-50C122BF77EF:[56dbe93a-5974-4a13-8b2c-4d24aa3aff1d:192.168.157.246:43571] returns group-50C122BF77EF:java.util.concurrent.CompletableFuture@3352edf7[Not completed]
2019-09-17 07:18:12,208 [pool-629-thread-1] INFO  impl.RaftServerImpl (RaftServerImpl.java:<init>(95)) - 56dbe93a-5974-4a13-8b2c-4d24aa3aff1d: new RaftServerImpl for group-50C122BF77EF:[56dbe93a-5974-4a13-8b2c-4d24aa3aff1d:192.168.157.246:43571] with ContainerStateMachine:uninitialized
2019-09-17 07:18:12,208 [pool-629-thread-1] INFO  server.RaftServerConfigKeys (ConfUtils.java:logGet(43)) - raft.server.rpc.timeout.min = 5s (custom)
2019-09-17 07:18:12,208 [pool-629-thread-1] INFO  server.RaftServerConfigKeys (ConfUtils.java:logGet(43)) - raft.server.rpc.timeout.max = 5200ms (custom)
2019-09-17 07:18:12,209 [pool-629-thread-1] INFO  server.RaftServerConfigKeys (ConfUtils.java:logGet(43)) - raft.server.rpcslowness.timeout = 120s (custom)
2019-09-17 07:18:12,209 [pool-629-thread-1] INFO  server.RaftServerConfigKeys (ConfUtils.java:logGet(43)) - raft.server.sleep.deviation.threshold = 300 (default)
2019-09-17 07:18:12,209 [pool-629-thread-1] INFO  server.RaftServerConfigKeys (ConfUtils.java:logGet(43)) - raft.server.log.appender.install.snapshot.enabled = false (custom)
2019-09-17 07:18:12,209 [pool-629-thread-1] INFO  impl.RaftServerImpl (ServerState.java:<init>(103)) - 56dbe93a-5974-4a13-8b2c-4d24aa3aff1d@group-50C122BF77EF: ConfigurationManager, init=-1: [56dbe93a-5974-4a13-8b2c-4d24aa3aff1d:192.168.157.246:43571], old=null, confs=<EMPTY_MAP>
2019-09-17 07:18:12,209 [pool-629-thread-1] INFO  server.RaftServerConfigKeys (ConfUtils.java:logGet(43)) - raft.server.storage.dir = [/workdir/hadoop-ozone/integration-test/target/test-dir/MiniOzoneClusterImpl-23941a65-3452-474d-b3c0-503ff93f6bad/datanode-4/data/ratis] (custom)
2019-09-17 07:18:12,209 [pool-629-thread-1] INFO  storage.RaftStorageDirectory (RaftStorageDirectory.java:analyzeStorage(246)) - The storage directory /workdir/hadoop-ozone/integration-test/target/test-dir/MiniOzoneClusterImpl-23941a65-3452-474d-b3c0-503ff93f6bad/datanode-4/data/ratis/2775592b-fafa-4fa9-b4d2-50c122bf77ef does not exist. Creating ...
2019-09-17 07:18:12,225 [IPC Server handler 6 on 35512] INFO  net.NetworkTopology (NetworkTopologyImpl.java:add(111)) - Added a new node: /default-rack/bc5ac98c-2c48-4d28-9cfb-f439c68ccdab
2019-09-17 07:18:12,225 [IPC Server handler 6 on 35512] INFO  node.SCMNodeManager (SCMNodeManager.java:register(266)) - Registered Data node : bc5ac98c-2c48-4d28-9cfb-f439c68ccdab{ip: 192.168.157.246, host: pr-hdds-2016-n7825-135103490, networkLocation: /default-rack, certSerialId: null}
2019-09-17 07:18:12,228 [pool-629-thread-1] INFO  storage.RaftStorageDirectory (RaftStorageDirectory.java:tryLock(328)) - Lock on /workdir/hadoop-ozone/integration-test/target/test-dir/MiniOzoneClusterImpl-23941a65-3452-474d-b3c0-503ff93f6bad/datanode-4/data/ratis/2775592b-fafa-4fa9-b4d2-50c122bf77ef/in_use.lock acquired by nodename 8995@pr-hdds-2016-n7825-135103490
2019-09-17 07:18:12,240 [pool-629-thread-1] INFO  storage.RaftStorage (RaftStorage.java:format(72)) - Storage directory /workdir/hadoop-ozone/integration-test/target/test-dir/MiniOzoneClusterImpl-23941a65-3452-474d-b3c0-503ff93f6bad/datanode-4/data/ratis/2775592b-fafa-4fa9-b4d2-50c122bf77ef has been successfully formatted.
2019-09-17 07:18:12,241 [pool-629-thread-1] INFO  ratis.ContainerStateMachine (ContainerStateMachine.java:loadSnapshot(230)) - group-50C122BF77EF: The snapshot info is null. Setting the last applied indexto:(t:0, i:~)
2019-09-17 07:18:12,241 [pool-629-thread-1] INFO  server.RaftServerConfigKeys (ConfUtils.java:logGet(43)) - raft.server.notification.no-leader.timeout = 120s (custom)
2019-09-17 07:18:12,241 [pool-629-thread-1] INFO  server.RaftServerConfigKeys (ConfUtils.java:logGet(43)) - raft.server.log.use.memory = false (default)
2019-09-17 07:18:12,241 [pool-629-thread-1] INFO  server.RaftServerConfigKeys (ConfUtils.java:logGet(43)) - raft.server.log.purge.gap = 1000000 (custom)
2019-09-17 07:18:12,241 [pool-629-thread-1] INFO  server.RaftServerConfigKeys (ConfUtils.java:logGet(43)) - raft.server.log.appender.buffer.byte-limit = 33554432 (custom)
2019-09-17 07:18:12,241 [pool-629-thread-1] INFO  server.RaftServerConfigKeys (ConfUtils.java:logGet(43)) - raft.server.log.segment.size.max = 1048576 (custom)
2019-09-17 07:18:12,241 [pool-629-thread-1] INFO  server.RaftServerConfigKeys (ConfUtils.java:logGet(43)) - raft.server.log.segment.cache.num.max = 2 (custom)
2019-09-17 07:18:12,242 [pool-629-thread-1] INFO  segmented.SegmentedRaftLogWorker (SegmentedRaftLogWorker.java:<init>(172)) - new 56dbe93a-5974-4a13-8b2c-4d24aa3aff1d@group-50C122BF77EF-SegmentedRaftLogWorker for RaftStorage:Storage Directory /workdir/hadoop-ozone/integration-test/target/test-dir/MiniOzoneClusterImpl-23941a65-3452-474d-b3c0-503ff93f6bad/datanode-4/data/ratis/2775592b-fafa-4fa9-b4d2-50c122bf77ef
2019-09-17 07:18:12,243 [pool-629-thread-1] INFO  server.RaftServerConfigKeys (ConfUtils.java:logGet(43)) - raft.server.log.queue.byte-limit = 2147483647 (custom)
2019-09-17 07:18:12,243 [pool-629-thread-1] INFO  server.RaftServerConfigKeys (ConfUtils.java:logGet(43)) - raft.server.log.queue.element-limit = 1024 (custom)
2019-09-17 07:18:12,243 [pool-629-thread-1] INFO  server.RaftServerConfigKeys (ConfUtils.java:logGet(43)) - raft.server.log.segment.size.max = 1048576 (custom)
2019-09-17 07:18:12,243 [pool-629-thread-1] INFO  server.RaftServerConfigKeys (ConfUtils.java:logGet(43)) - raft.server.log.preallocated.size = 16384 (custom)
2019-09-17 07:18:12,243 [pool-629-thread-1] INFO  server.RaftServerConfigKeys (ConfUtils.java:logGet(43)) - raft.server.log.write.buffer.size = 33554432 (custom)
2019-09-17 07:18:12,244 [pool-629-thread-1] INFO  server.RaftServerConfigKeys (ConfUtils.java:logGet(43)) - raft.server.log.force.sync.num = 128 (default)
2019-09-17 07:18:12,244 [pool-629-thread-1] INFO  server.RaftServerConfigKeys (ConfUtils.java:logGet(43)) - raft.server.log.statemachine.data.sync = true (default)
2019-09-17 07:18:12,244 [pool-629-thread-1] INFO  server.RaftServerConfigKeys (ConfUtils.java:logGet(43)) - raft.server.log.statemachine.data.sync.timeout = 10s (default)
2019-09-17 07:18:12,244 [pool-629-thread-1] INFO  server.RaftServerConfigKeys (ConfUtils.java:logGet(43)) - raft.server.log.statemachine.data.sync.timeout.retry = -1 (default)
2019-09-17 07:18:12,244 [pool-629-thread-1] INFO  server.RaftServerConfigKeys (ConfUtils.java:logGet(43)) - raft.server.log.statemachine.data.caching.enabled = true (custom)
2019-09-17 07:18:12,244 [pool-629-thread-1] INFO  segmented.SegmentedRaftLogWorker (SegmentedRaftLogWorker.java:lambda$new$0(132)) - 56dbe93a-5974-4a13-8b2c-4d24aa3aff1d@group-50C122BF77EF-SegmentedRaftLogWorker: flushIndex: setUnconditionally 0 -> -1
2019-09-17 07:18:12,245 [pool-629-thread-1] INFO  server.RaftServerConfigKeys (ConfUtils.java:logGet(43)) - raft.server.snapshot.auto.trigger.enabled = true (custom)
2019-09-17 07:18:12,245 [pool-629-thread-1] INFO  server.RaftServerConfigKeys (ConfUtils.java:logGet(43)) - raft.server.snapshot.auto.trigger.threshold = 10000 (custom)
2019-09-17 07:18:12,245 [pool-629-thread-1] INFO  server.RaftServerConfigKeys (ConfUtils.java:logGet(43)) - raft.server.snapshot.retention.num.files = 5 (custom)
2019-09-17 07:18:12,245 [pool-629-thread-1] INFO  server.RaftServerConfigKeys (ConfUtils.java:logGet(43)) - raft.server.retrycache.expirytime = 600000ms (custom)
2019-09-17 07:18:12,246 [pool-629-thread-1] INFO  impl.RaftServerImpl (RaftServerImpl.java:start(185)) - 56dbe93a-5974-4a13-8b2c-4d24aa3aff1d@group-50C122BF77EF: start as a follower, conf=-1: [56dbe93a-5974-4a13-8b2c-4d24aa3aff1d:192.168.157.246:43571], old=null
2019-09-17 07:18:12,246 [pool-629-thread-1] INFO  impl.RaftServerImpl (RaftServerImpl.java:setRole(174)) - 56dbe93a-5974-4a13-8b2c-4d24aa3aff1d@group-50C122BF77EF: changes role from      null to FOLLOWER at term 0 for startAsFollower
2019-09-17 07:18:12,247 [pool-629-thread-1] INFO  impl.RoleInfo (RoleInfo.java:updateAndGet(143)) - 56dbe93a-5974-4a13-8b2c-4d24aa3aff1d: start FollowerState
2019-09-17 07:18:12,247 [pool-629-thread-1] INFO  util.JmxRegister (JmxRegister.java:tryRegister(44)) - Successfully registered JMX Bean with object name Ratis:service=RaftServer,group=group-50C122BF77EF,id=56dbe93a-5974-4a13-8b2c-4d24aa3aff1d
2019-09-17 07:18:12,248 [RatisPipelineUtilsThread] INFO  pipeline.PipelineStateManager (PipelineStateManager.java:addPipeline(56)) - Created pipeline Pipeline[ Id: 2775592b-fafa-4fa9-b4d2-50c122bf77ef, Nodes: 56dbe93a-5974-4a13-8b2c-4d24aa3aff1d{ip: 192.168.157.246, host: pr-hdds-2016-n7825-135103490, networkLocation: /default-rack, certSerialId: null}, Type:RATIS, Factor:ONE, State:OPEN]
2019-09-17 07:18:12,253 [grpc-default-executor-5] INFO  impl.RaftServerProxy (RaftServerProxy.java:addNew(89)) - bc5ac98c-2c48-4d28-9cfb-f439c68ccdab: addNew group-25F5D5F9F38F:[bc5ac98c-2c48-4d28-9cfb-f439c68ccdab:192.168.157.246:33665] returns group-25F5D5F9F38F:java.util.concurrent.CompletableFuture@48fedf28[Not completed]
2019-09-17 07:18:12,254 [pool-639-thread-1] INFO  impl.RaftServerImpl (RaftServerImpl.java:<init>(95)) - bc5ac98c-2c48-4d28-9cfb-f439c68ccdab: new RaftServerImpl for group-25F5D5F9F38F:[bc5ac98c-2c48-4d28-9cfb-f439c68ccdab:192.168.157.246:33665] with ContainerStateMachine:uninitialized
2019-09-17 07:18:12,254 [pool-639-thread-1] INFO  server.RaftServerConfigKeys (ConfUtils.java:logGet(43)) - raft.server.rpc.timeout.min = 5s (custom)
2019-09-17 07:18:12,254 [pool-639-thread-1] INFO  server.RaftServerConfigKeys (ConfUtils.java:logGet(43)) - raft.server.rpc.timeout.max = 5200ms (custom)
2019-09-17 07:18:12,255 [pool-639-thread-1] INFO  server.RaftServerConfigKeys (ConfUtils.java:logGet(43)) - raft.server.rpcslowness.timeout = 120s (custom)
2019-09-17 07:18:12,255 [pool-639-thread-1] INFO  server.RaftServerConfigKeys (ConfUtils.java:logGet(43)) - raft.server.sleep.deviation.threshold = 300 (default)
2019-09-17 07:18:12,255 [pool-639-thread-1] INFO  server.RaftServerConfigKeys (ConfUtils.java:logGet(43)) - raft.server.log.appender.install.snapshot.enabled = false (custom)
2019-09-17 07:18:12,255 [pool-639-thread-1] INFO  impl.RaftServerImpl (ServerState.java:<init>(103)) - bc5ac98c-2c48-4d28-9cfb-f439c68ccdab@group-25F5D5F9F38F: ConfigurationManager, init=-1: [bc5ac98c-2c48-4d28-9cfb-f439c68ccdab:192.168.157.246:33665], old=null, confs=<EMPTY_MAP>
2019-09-17 07:18:12,255 [pool-639-thread-1] INFO  server.RaftServerConfigKeys (ConfUtils.java:logGet(43)) - raft.server.storage.dir = [/workdir/hadoop-ozone/integration-test/target/test-dir/MiniOzoneClusterImpl-23941a65-3452-474d-b3c0-503ff93f6bad/datanode-5/data/ratis] (custom)
2019-09-17 07:18:12,255 [pool-639-thread-1] INFO  storage.RaftStorageDirectory (RaftStorageDirectory.java:analyzeStorage(246)) - The storage directory /workdir/hadoop-ozone/integration-test/target/test-dir/MiniOzoneClusterImpl-23941a65-3452-474d-b3c0-503ff93f6bad/datanode-5/data/ratis/d03e74f2-b285-495f-9be6-25f5d5f9f38f does not exist. Creating ...
2019-09-17 07:18:12,270 [pool-639-thread-1] INFO  storage.RaftStorageDirectory (RaftStorageDirectory.java:tryLock(328)) - Lock on /workdir/hadoop-ozone/integration-test/target/test-dir/MiniOzoneClusterImpl-23941a65-3452-474d-b3c0-503ff93f6bad/datanode-5/data/ratis/d03e74f2-b285-495f-9be6-25f5d5f9f38f/in_use.lock acquired by nodename 8995@pr-hdds-2016-n7825-135103490
2019-09-17 07:18:12,282 [pool-639-thread-1] INFO  storage.RaftStorage (RaftStorage.java:format(72)) - Storage directory /workdir/hadoop-ozone/integration-test/target/test-dir/MiniOzoneClusterImpl-23941a65-3452-474d-b3c0-503ff93f6bad/datanode-5/data/ratis/d03e74f2-b285-495f-9be6-25f5d5f9f38f has been successfully formatted.
2019-09-17 07:18:12,282 [pool-639-thread-1] INFO  ratis.ContainerStateMachine (ContainerStateMachine.java:loadSnapshot(230)) - group-25F5D5F9F38F: The snapshot info is null. Setting the last applied indexto:(t:0, i:~)
2019-09-17 07:18:12,283 [pool-639-thread-1] INFO  server.RaftServerConfigKeys (ConfUtils.java:logGet(43)) - raft.server.notification.no-leader.timeout = 120s (custom)
2019-09-17 07:18:12,283 [pool-639-thread-1] INFO  server.RaftServerConfigKeys (ConfUtils.java:logGet(43)) - raft.server.log.use.memory = false (default)
2019-09-17 07:18:12,283 [pool-639-thread-1] INFO  server.RaftServerConfigKeys (ConfUtils.java:logGet(43)) - raft.server.log.purge.gap = 1000000 (custom)
2019-09-17 07:18:12,283 [pool-639-thread-1] INFO  server.RaftServerConfigKeys (ConfUtils.java:logGet(43)) - raft.server.log.appender.buffer.byte-limit = 33554432 (custom)
2019-09-17 07:18:12,283 [pool-639-thread-1] INFO  server.RaftServerConfigKeys (ConfUtils.java:logGet(43)) - raft.server.log.segment.size.max = 1048576 (custom)
2019-09-17 07:18:12,283 [pool-639-thread-1] INFO  server.RaftServerConfigKeys (ConfUtils.java:logGet(43)) - raft.server.log.segment.cache.num.max = 2 (custom)
2019-09-17 07:18:12,283 [pool-639-thread-1] INFO  segmented.SegmentedRaftLogWorker (SegmentedRaftLogWorker.java:<init>(172)) - new bc5ac98c-2c48-4d28-9cfb-f439c68ccdab@group-25F5D5F9F38F-SegmentedRaftLogWorker for RaftStorage:Storage Directory /workdir/hadoop-ozone/integration-test/target/test-dir/MiniOzoneClusterImpl-23941a65-3452-474d-b3c0-503ff93f6bad/datanode-5/data/ratis/d03e74f2-b285-495f-9be6-25f5d5f9f38f
2019-09-17 07:18:12,284 [IPC Server handler 8 on 35512] INFO  net.NetworkTopology (NetworkTopologyImpl.java:add(111)) - Added a new node: /default-rack/d9c705ac-0a89-46f8-8359-de24410f3e43
2019-09-17 07:18:12,284 [IPC Server handler 8 on 35512] INFO  node.SCMNodeManager (SCMNodeManager.java:register(266)) - Registered Data node : d9c705ac-0a89-46f8-8359-de24410f3e43{ip: 192.168.157.246, host: pr-hdds-2016-n7825-135103490, networkLocation: /default-rack, certSerialId: null}
2019-09-17 07:18:12,285 [pool-639-thread-1] INFO  server.RaftServerConfigKeys (ConfUtils.java:logGet(43)) - raft.server.log.queue.byte-limit = 2147483647 (custom)
2019-09-17 07:18:12,285 [pool-639-thread-1] INFO  server.RaftServerConfigKeys (ConfUtils.java:logGet(43)) - raft.server.log.queue.element-limit = 1024 (custom)
2019-09-17 07:18:12,285 [main] INFO  ozone.MiniOzoneClusterImpl (MiniOzoneClusterImpl.java:lambda$waitForClusterToBeReady$0(145)) - Cluster is ready. Got 7 of 7 DN Heartbeats.
2019-09-17 07:18:12,285 [pool-639-thread-1] INFO  server.RaftServerConfigKeys (ConfUtils.java:logGet(43)) - raft.server.log.segment.size.max = 1048576 (custom)
2019-09-17 07:18:12,285 [pool-639-thread-1] INFO  server.RaftServerConfigKeys (ConfUtils.java:logGet(43)) - raft.server.log.preallocated.size = 16384 (custom)
2019-09-17 07:18:12,286 [pool-639-thread-1] INFO  server.RaftServerConfigKeys (ConfUtils.java:logGet(43)) - raft.server.log.write.buffer.size = 33554432 (custom)
2019-09-17 07:18:12,286 [pool-639-thread-1] INFO  server.RaftServerConfigKeys (ConfUtils.java:logGet(43)) - raft.server.log.force.sync.num = 128 (default)
2019-09-17 07:18:12,286 [pool-639-thread-1] INFO  server.RaftServerConfigKeys (ConfUtils.java:logGet(43)) - raft.server.log.statemachine.data.sync = true (default)
2019-09-17 07:18:12,286 [pool-639-thread-1] INFO  server.RaftServerConfigKeys (ConfUtils.java:logGet(43)) - raft.server.log.statemachine.data.sync.timeout = 10s (default)
2019-09-17 07:18:12,286 [pool-639-thread-1] INFO  server.RaftServerConfigKeys (ConfUtils.java:logGet(43)) - raft.server.log.statemachine.data.sync.timeout.retry = -1 (default)
2019-09-17 07:18:12,286 [pool-639-thread-1] INFO  server.RaftServerConfigKeys (ConfUtils.java:logGet(43)) - raft.server.log.statemachine.data.caching.enabled = true (custom)
2019-09-17 07:18:12,286 [pool-639-thread-1] INFO  segmented.SegmentedRaftLogWorker (SegmentedRaftLogWorker.java:lambda$new$0(132)) - bc5ac98c-2c48-4d28-9cfb-f439c68ccdab@group-25F5D5F9F38F-SegmentedRaftLogWorker: flushIndex: setUnconditionally 0 -> -1
2019-09-17 07:18:12,287 [pool-639-thread-1] INFO  server.RaftServerConfigKeys (ConfUtils.java:logGet(43)) - raft.server.snapshot.auto.trigger.enabled = true (custom)
2019-09-17 07:18:12,287 [pool-639-thread-1] INFO  server.RaftServerConfigKeys (ConfUtils.java:logGet(43)) - raft.server.snapshot.auto.trigger.threshold = 10000 (custom)
2019-09-17 07:18:12,287 [pool-639-thread-1] INFO  server.RaftServerConfigKeys (ConfUtils.java:logGet(43)) - raft.server.snapshot.retention.num.files = 5 (custom)
2019-09-17 07:18:12,287 [pool-639-thread-1] INFO  server.RaftServerConfigKeys (ConfUtils.java:logGet(43)) - raft.server.retrycache.expirytime = 600000ms (custom)
2019-09-17 07:18:12,294 [pool-639-thread-1] INFO  impl.RaftServerImpl (RaftServerImpl.java:start(185)) - bc5ac98c-2c48-4d28-9cfb-f439c68ccdab@group-25F5D5F9F38F: start as a follower, conf=-1: [bc5ac98c-2c48-4d28-9cfb-f439c68ccdab:192.168.157.246:33665], old=null
2019-09-17 07:18:12,294 [pool-639-thread-1] INFO  impl.RaftServerImpl (RaftServerImpl.java:setRole(174)) - bc5ac98c-2c48-4d28-9cfb-f439c68ccdab@group-25F5D5F9F38F: changes role from      null to FOLLOWER at term 0 for startAsFollower
2019-09-17 07:18:12,294 [pool-639-thread-1] INFO  impl.RoleInfo (RoleInfo.java:updateAndGet(143)) - bc5ac98c-2c48-4d28-9cfb-f439c68ccdab: start FollowerState
2019-09-17 07:18:12,295 [pool-639-thread-1] INFO  util.JmxRegister (JmxRegister.java:tryRegister(44)) - Successfully registered JMX Bean with object name Ratis:service=RaftServer,group=group-25F5D5F9F38F,id=bc5ac98c-2c48-4d28-9cfb-f439c68ccdab
2019-09-17 07:18:12,310 [RatisPipelineUtilsThread] INFO  pipeline.PipelineStateManager (PipelineStateManager.java:addPipeline(56)) - Created pipeline Pipeline[ Id: d03e74f2-b285-495f-9be6-25f5d5f9f38f, Nodes: bc5ac98c-2c48-4d28-9cfb-f439c68ccdab{ip: 192.168.157.246, host: pr-hdds-2016-n7825-135103490, networkLocation: /default-rack, certSerialId: null}, Type:RATIS, Factor:ONE, State:OPEN]
2019-09-17 07:18:12,320 [main] INFO  rpc.RpcClient (RpcClient.java:createVolume(302)) - Creating Volume: testblockoutputstream, with jenkins1000 as owner.
2019-09-17 07:18:12,323 [grpc-default-executor-5] INFO  impl.RaftServerProxy (RaftServerProxy.java:addNew(89)) - d9c705ac-0a89-46f8-8359-de24410f3e43: addNew group-E948ED9B1D44:[d9c705ac-0a89-46f8-8359-de24410f3e43:192.168.157.246:36206] returns group-E948ED9B1D44:java.util.concurrent.CompletableFuture@2b6bc7d7[Not completed]
2019-09-17 07:18:12,325 [pool-649-thread-1] INFO  impl.RaftServerImpl (RaftServerImpl.java:<init>(95)) - d9c705ac-0a89-46f8-8359-de24410f3e43: new RaftServerImpl for group-E948ED9B1D44:[d9c705ac-0a89-46f8-8359-de24410f3e43:192.168.157.246:36206] with ContainerStateMachine:uninitialized
2019-09-17 07:18:12,325 [pool-649-thread-1] INFO  server.RaftServerConfigKeys (ConfUtils.java:logGet(43)) - raft.server.rpc.timeout.min = 5s (custom)
2019-09-17 07:18:12,325 [pool-649-thread-1] INFO  server.RaftServerConfigKeys (ConfUtils.java:logGet(43)) - raft.server.rpc.timeout.max = 5200ms (custom)
2019-09-17 07:18:12,326 [pool-649-thread-1] INFO  server.RaftServerConfigKeys (ConfUtils.java:logGet(43)) - raft.server.rpcslowness.timeout = 120s (custom)
2019-09-17 07:18:12,326 [pool-649-thread-1] INFO  server.RaftServerConfigKeys (ConfUtils.java:logGet(43)) - raft.server.sleep.deviation.threshold = 300 (default)
2019-09-17 07:18:12,326 [pool-649-thread-1] INFO  server.RaftServerConfigKeys (ConfUtils.java:logGet(43)) - raft.server.log.appender.install.snapshot.enabled = false (custom)
2019-09-17 07:18:12,326 [IPC Server handler 1 on 36731] INFO  volume.OMVolumeCreateRequest (OMVolumeCreateRequest.java:validateAndUpdateCache(189)) - created volume:testblockoutputstream for user:jenkins1000
2019-09-17 07:18:12,326 [pool-649-thread-1] INFO  impl.RaftServerImpl (ServerState.java:<init>(103)) - d9c705ac-0a89-46f8-8359-de24410f3e43@group-E948ED9B1D44: ConfigurationManager, init=-1: [d9c705ac-0a89-46f8-8359-de24410f3e43:192.168.157.246:36206], old=null, confs=<EMPTY_MAP>
2019-09-17 07:18:12,326 [pool-649-thread-1] INFO  server.RaftServerConfigKeys (ConfUtils.java:logGet(43)) - raft.server.storage.dir = [/workdir/hadoop-ozone/integration-test/target/test-dir/MiniOzoneClusterImpl-23941a65-3452-474d-b3c0-503ff93f6bad/datanode-6/data/ratis] (custom)
2019-09-17 07:18:12,327 [pool-649-thread-1] INFO  storage.RaftStorageDirectory (RaftStorageDirectory.java:analyzeStorage(246)) - The storage directory /workdir/hadoop-ozone/integration-test/target/test-dir/MiniOzoneClusterImpl-23941a65-3452-474d-b3c0-503ff93f6bad/datanode-6/data/ratis/a6e31232-fb55-49ea-93bc-e948ed9b1d44 does not exist. Creating ...
2019-09-17 07:18:12,337 [main] INFO  rpc.RpcClient (RpcClient.java:createBucket(441)) - Creating Bucket: testblockoutputstream/testblockoutputstream, with Versioning false and Storage Type set to DISK and Encryption set to false 
2019-09-17 07:18:12,341 [pool-649-thread-1] INFO  storage.RaftStorageDirectory (RaftStorageDirectory.java:tryLock(328)) - Lock on /workdir/hadoop-ozone/integration-test/target/test-dir/MiniOzoneClusterImpl-23941a65-3452-474d-b3c0-503ff93f6bad/datanode-6/data/ratis/a6e31232-fb55-49ea-93bc-e948ed9b1d44/in_use.lock acquired by nodename 8995@pr-hdds-2016-n7825-135103490
2019-09-17 07:18:12,354 [pool-649-thread-1] INFO  storage.RaftStorage (RaftStorage.java:format(72)) - Storage directory /workdir/hadoop-ozone/integration-test/target/test-dir/MiniOzoneClusterImpl-23941a65-3452-474d-b3c0-503ff93f6bad/datanode-6/data/ratis/a6e31232-fb55-49ea-93bc-e948ed9b1d44 has been successfully formatted.
2019-09-17 07:18:12,354 [pool-649-thread-1] INFO  ratis.ContainerStateMachine (ContainerStateMachine.java:loadSnapshot(230)) - group-E948ED9B1D44: The snapshot info is null. Setting the last applied indexto:(t:0, i:~)
2019-09-17 07:18:12,355 [pool-649-thread-1] INFO  server.RaftServerConfigKeys (ConfUtils.java:logGet(43)) - raft.server.notification.no-leader.timeout = 120s (custom)
2019-09-17 07:18:12,355 [pool-649-thread-1] INFO  server.RaftServerConfigKeys (ConfUtils.java:logGet(43)) - raft.server.log.use.memory = false (default)
2019-09-17 07:18:12,355 [pool-649-thread-1] INFO  server.RaftServerConfigKeys (ConfUtils.java:logGet(43)) - raft.server.log.purge.gap = 1000000 (custom)
2019-09-17 07:18:12,355 [pool-649-thread-1] INFO  server.RaftServerConfigKeys (ConfUtils.java:logGet(43)) - raft.server.log.appender.buffer.byte-limit = 33554432 (custom)
2019-09-17 07:18:12,355 [pool-649-thread-1] INFO  server.RaftServerConfigKeys (ConfUtils.java:logGet(43)) - raft.server.log.segment.size.max = 1048576 (custom)
2019-09-17 07:18:12,355 [pool-649-thread-1] INFO  server.RaftServerConfigKeys (ConfUtils.java:logGet(43)) - raft.server.log.segment.cache.num.max = 2 (custom)
2019-09-17 07:18:12,355 [pool-649-thread-1] INFO  segmented.SegmentedRaftLogWorker (SegmentedRaftLogWorker.java:<init>(172)) - new d9c705ac-0a89-46f8-8359-de24410f3e43@group-E948ED9B1D44-SegmentedRaftLogWorker for RaftStorage:Storage Directory /workdir/hadoop-ozone/integration-test/target/test-dir/MiniOzoneClusterImpl-23941a65-3452-474d-b3c0-503ff93f6bad/datanode-6/data/ratis/a6e31232-fb55-49ea-93bc-e948ed9b1d44
2019-09-17 07:18:12,357 [pool-649-thread-1] INFO  server.RaftServerConfigKeys (ConfUtils.java:logGet(43)) - raft.server.log.queue.byte-limit = 2147483647 (custom)
2019-09-17 07:18:12,357 [pool-649-thread-1] INFO  server.RaftServerConfigKeys (ConfUtils.java:logGet(43)) - raft.server.log.queue.element-limit = 1024 (custom)
2019-09-17 07:18:12,357 [pool-649-thread-1] INFO  server.RaftServerConfigKeys (ConfUtils.java:logGet(43)) - raft.server.log.segment.size.max = 1048576 (custom)
2019-09-17 07:18:12,357 [pool-649-thread-1] INFO  server.RaftServerConfigKeys (ConfUtils.java:logGet(43)) - raft.server.log.preallocated.size = 16384 (custom)
2019-09-17 07:18:12,358 [pool-649-thread-1] INFO  server.RaftServerConfigKeys (ConfUtils.java:logGet(43)) - raft.server.log.write.buffer.size = 33554432 (custom)
2019-09-17 07:18:12,358 [pool-649-thread-1] INFO  server.RaftServerConfigKeys (ConfUtils.java:logGet(43)) - raft.server.log.force.sync.num = 128 (default)
2019-09-17 07:18:12,358 [pool-649-thread-1] INFO  server.RaftServerConfigKeys (ConfUtils.java:logGet(43)) - raft.server.log.statemachine.data.sync = true (default)
2019-09-17 07:18:12,358 [pool-649-thread-1] INFO  server.RaftServerConfigKeys (ConfUtils.java:logGet(43)) - raft.server.log.statemachine.data.sync.timeout = 10s (default)
2019-09-17 07:18:12,358 [pool-649-thread-1] INFO  server.RaftServerConfigKeys (ConfUtils.java:logGet(43)) - raft.server.log.statemachine.data.sync.timeout.retry = -1 (default)
2019-09-17 07:18:12,358 [pool-649-thread-1] INFO  server.RaftServerConfigKeys (ConfUtils.java:logGet(43)) - raft.server.log.statemachine.data.caching.enabled = true (custom)
2019-09-17 07:18:12,359 [pool-649-thread-1] INFO  segmented.SegmentedRaftLogWorker (SegmentedRaftLogWorker.java:lambda$new$0(132)) - d9c705ac-0a89-46f8-8359-de24410f3e43@group-E948ED9B1D44-SegmentedRaftLogWorker: flushIndex: setUnconditionally 0 -> -1
2019-09-17 07:18:12,359 [pool-649-thread-1] INFO  server.RaftServerConfigKeys (ConfUtils.java:logGet(43)) - raft.server.snapshot.auto.trigger.enabled = true (custom)
2019-09-17 07:18:12,359 [pool-649-thread-1] INFO  server.RaftServerConfigKeys (ConfUtils.java:logGet(43)) - raft.server.snapshot.auto.trigger.threshold = 10000 (custom)
2019-09-17 07:18:12,359 [pool-649-thread-1] INFO  server.RaftServerConfigKeys (ConfUtils.java:logGet(43)) - raft.server.snapshot.retention.num.files = 5 (custom)
2019-09-17 07:18:12,359 [pool-649-thread-1] INFO  server.RaftServerConfigKeys (ConfUtils.java:logGet(43)) - raft.server.retrycache.expirytime = 600000ms (custom)
2019-09-17 07:18:12,361 [pool-649-thread-1] INFO  impl.RaftServerImpl (RaftServerImpl.java:start(185)) - d9c705ac-0a89-46f8-8359-de24410f3e43@group-E948ED9B1D44: start as a follower, conf=-1: [d9c705ac-0a89-46f8-8359-de24410f3e43:192.168.157.246:36206], old=null
2019-09-17 07:18:12,361 [pool-649-thread-1] INFO  impl.RaftServerImpl (RaftServerImpl.java:setRole(174)) - d9c705ac-0a89-46f8-8359-de24410f3e43@group-E948ED9B1D44: changes role from      null to FOLLOWER at term 0 for startAsFollower
2019-09-17 07:18:12,361 [pool-649-thread-1] INFO  impl.RoleInfo (RoleInfo.java:updateAndGet(143)) - d9c705ac-0a89-46f8-8359-de24410f3e43: start FollowerState
2019-09-17 07:18:12,361 [pool-649-thread-1] INFO  util.JmxRegister (JmxRegister.java:tryRegister(44)) - Successfully registered JMX Bean with object name Ratis:service=RaftServer,group=group-E948ED9B1D44,id=d9c705ac-0a89-46f8-8359-de24410f3e43
2019-09-17 07:18:12,363 [RatisPipelineUtilsThread] INFO  pipeline.PipelineStateManager (PipelineStateManager.java:addPipeline(56)) - Created pipeline Pipeline[ Id: a6e31232-fb55-49ea-93bc-e948ed9b1d44, Nodes: d9c705ac-0a89-46f8-8359-de24410f3e43{ip: 192.168.157.246, host: pr-hdds-2016-n7825-135103490, networkLocation: /default-rack, certSerialId: null}, Type:RATIS, Factor:ONE, State:OPEN]
2019-09-17 07:18:12,371 [grpc-default-executor-5] INFO  impl.RaftServerProxy (RaftServerProxy.java:addNew(89)) - bc5ac98c-2c48-4d28-9cfb-f439c68ccdab: addNew group-ACD078D67A55:[bc5ac98c-2c48-4d28-9cfb-f439c68ccdab:192.168.157.246:33665, d2382816-3e88-4f44-9ea2-137bcd39c785:192.168.157.246:33608, 56dbe93a-5974-4a13-8b2c-4d24aa3aff1d:192.168.157.246:43571] returns group-ACD078D67A55:java.util.concurrent.CompletableFuture@44904d34[Not completed]
2019-09-17 07:18:12,371 [grpc-default-executor-5] INFO  impl.RaftServerProxy (RaftServerProxy.java:addNew(89)) - 56dbe93a-5974-4a13-8b2c-4d24aa3aff1d: addNew group-ACD078D67A55:[bc5ac98c-2c48-4d28-9cfb-f439c68ccdab:192.168.157.246:33665, d2382816-3e88-4f44-9ea2-137bcd39c785:192.168.157.246:33608, 56dbe93a-5974-4a13-8b2c-4d24aa3aff1d:192.168.157.246:43571] returns group-ACD078D67A55:java.util.concurrent.CompletableFuture@1258a150[Not completed]
2019-09-17 07:18:12,372 [grpc-default-executor-9] INFO  impl.RaftServerProxy (RaftServerProxy.java:addNew(89)) - d2382816-3e88-4f44-9ea2-137bcd39c785: addNew group-ACD078D67A55:[bc5ac98c-2c48-4d28-9cfb-f439c68ccdab:192.168.157.246:33665, d2382816-3e88-4f44-9ea2-137bcd39c785:192.168.157.246:33608, 56dbe93a-5974-4a13-8b2c-4d24aa3aff1d:192.168.157.246:43571] returns group-ACD078D67A55:java.util.concurrent.CompletableFuture@48a0c2d3[Not completed]
2019-09-17 07:18:12,373 [pool-639-thread-1] INFO  impl.RaftServerImpl (RaftServerImpl.java:<init>(95)) - bc5ac98c-2c48-4d28-9cfb-f439c68ccdab: new RaftServerImpl for group-ACD078D67A55:[bc5ac98c-2c48-4d28-9cfb-f439c68ccdab:192.168.157.246:33665, d2382816-3e88-4f44-9ea2-137bcd39c785:192.168.157.246:33608, 56dbe93a-5974-4a13-8b2c-4d24aa3aff1d:192.168.157.246:43571] with ContainerStateMachine:uninitialized
2019-09-17 07:18:12,373 [pool-639-thread-1] INFO  server.RaftServerConfigKeys (ConfUtils.java:logGet(43)) - raft.server.rpc.timeout.min = 5s (custom)
2019-09-17 07:18:12,373 [pool-639-thread-1] INFO  server.RaftServerConfigKeys (ConfUtils.java:logGet(43)) - raft.server.rpc.timeout.max = 5200ms (custom)
2019-09-17 07:18:12,373 [pool-639-thread-1] INFO  server.RaftServerConfigKeys (ConfUtils.java:logGet(43)) - raft.server.rpcslowness.timeout = 120s (custom)
2019-09-17 07:18:12,373 [pool-619-thread-1] INFO  impl.RaftServerImpl (RaftServerImpl.java:<init>(95)) - d2382816-3e88-4f44-9ea2-137bcd39c785: new RaftServerImpl for group-ACD078D67A55:[bc5ac98c-2c48-4d28-9cfb-f439c68ccdab:192.168.157.246:33665, d2382816-3e88-4f44-9ea2-137bcd39c785:192.168.157.246:33608, 56dbe93a-5974-4a13-8b2c-4d24aa3aff1d:192.168.157.246:43571] with ContainerStateMachine:uninitialized
2019-09-17 07:18:12,373 [pool-639-thread-1] INFO  server.RaftServerConfigKeys (ConfUtils.java:logGet(43)) - raft.server.sleep.deviation.threshold = 300 (default)
2019-09-17 07:18:12,373 [pool-619-thread-1] INFO  server.RaftServerConfigKeys (ConfUtils.java:logGet(43)) - raft.server.rpc.timeout.min = 5s (custom)
2019-09-17 07:18:12,373 [pool-639-thread-1] INFO  server.RaftServerConfigKeys (ConfUtils.java:logGet(43)) - raft.server.log.appender.install.snapshot.enabled = false (custom)
2019-09-17 07:18:12,373 [pool-619-thread-1] INFO  server.RaftServerConfigKeys (ConfUtils.java:logGet(43)) - raft.server.rpc.timeout.max = 5200ms (custom)
2019-09-17 07:18:12,373 [pool-639-thread-1] INFO  impl.RaftServerImpl (ServerState.java:<init>(103)) - bc5ac98c-2c48-4d28-9cfb-f439c68ccdab@group-ACD078D67A55: ConfigurationManager, init=-1: [bc5ac98c-2c48-4d28-9cfb-f439c68ccdab:192.168.157.246:33665, d2382816-3e88-4f44-9ea2-137bcd39c785:192.168.157.246:33608, 56dbe93a-5974-4a13-8b2c-4d24aa3aff1d:192.168.157.246:43571], old=null, confs=<EMPTY_MAP>
2019-09-17 07:18:12,374 [pool-619-thread-1] INFO  server.RaftServerConfigKeys (ConfUtils.java:logGet(43)) - raft.server.rpcslowness.timeout = 120s (custom)
2019-09-17 07:18:12,374 [pool-639-thread-1] INFO  server.RaftServerConfigKeys (ConfUtils.java:logGet(43)) - raft.server.storage.dir = [/workdir/hadoop-ozone/integration-test/target/test-dir/MiniOzoneClusterImpl-23941a65-3452-474d-b3c0-503ff93f6bad/datanode-5/data/ratis] (custom)
2019-09-17 07:18:12,374 [pool-629-thread-1] INFO  impl.RaftServerImpl (RaftServerImpl.java:<init>(95)) - 56dbe93a-5974-4a13-8b2c-4d24aa3aff1d: new RaftServerImpl for group-ACD078D67A55:[bc5ac98c-2c48-4d28-9cfb-f439c68ccdab:192.168.157.246:33665, d2382816-3e88-4f44-9ea2-137bcd39c785:192.168.157.246:33608, 56dbe93a-5974-4a13-8b2c-4d24aa3aff1d:192.168.157.246:43571] with ContainerStateMachine:uninitialized
2019-09-17 07:18:12,374 [pool-619-thread-1] INFO  server.RaftServerConfigKeys (ConfUtils.java:logGet(43)) - raft.server.sleep.deviation.threshold = 300 (default)
2019-09-17 07:18:12,374 [pool-629-thread-1] INFO  server.RaftServerConfigKeys (ConfUtils.java:logGet(43)) - raft.server.rpc.timeout.min = 5s (custom)
2019-09-17 07:18:12,374 [pool-639-thread-1] INFO  storage.RaftStorageDirectory (RaftStorageDirectory.java:analyzeStorage(246)) - The storage directory /workdir/hadoop-ozone/integration-test/target/test-dir/MiniOzoneClusterImpl-23941a65-3452-474d-b3c0-503ff93f6bad/datanode-5/data/ratis/e2d12d66-6f51-4a6d-953f-acd078d67a55 does not exist. Creating ...
2019-09-17 07:18:12,374 [pool-629-thread-1] INFO  server.RaftServerConfigKeys (ConfUtils.java:logGet(43)) - raft.server.rpc.timeout.max = 5200ms (custom)
2019-09-17 07:18:12,374 [pool-619-thread-1] INFO  server.RaftServerConfigKeys (ConfUtils.java:logGet(43)) - raft.server.log.appender.install.snapshot.enabled = false (custom)
2019-09-17 07:18:12,375 [pool-629-thread-1] INFO  server.RaftServerConfigKeys (ConfUtils.java:logGet(43)) - raft.server.rpcslowness.timeout = 120s (custom)
2019-09-17 07:18:12,375 [pool-619-thread-1] INFO  impl.RaftServerImpl (ServerState.java:<init>(103)) - d2382816-3e88-4f44-9ea2-137bcd39c785@group-ACD078D67A55: ConfigurationManager, init=-1: [bc5ac98c-2c48-4d28-9cfb-f439c68ccdab:192.168.157.246:33665, d2382816-3e88-4f44-9ea2-137bcd39c785:192.168.157.246:33608, 56dbe93a-5974-4a13-8b2c-4d24aa3aff1d:192.168.157.246:43571], old=null, confs=<EMPTY_MAP>
2019-09-17 07:18:12,375 [pool-629-thread-1] INFO  server.RaftServerConfigKeys (ConfUtils.java:logGet(43)) - raft.server.sleep.deviation.threshold = 300 (default)
2019-09-17 07:18:12,375 [pool-619-thread-1] INFO  server.RaftServerConfigKeys (ConfUtils.java:logGet(43)) - raft.server.storage.dir = [/workdir/hadoop-ozone/integration-test/target/test-dir/MiniOzoneClusterImpl-23941a65-3452-474d-b3c0-503ff93f6bad/datanode-3/data/ratis] (custom)
2019-09-17 07:18:12,375 [pool-629-thread-1] INFO  server.RaftServerConfigKeys (ConfUtils.java:logGet(43)) - raft.server.log.appender.install.snapshot.enabled = false (custom)
2019-09-17 07:18:12,375 [pool-619-thread-1] INFO  storage.RaftStorageDirectory (RaftStorageDirectory.java:analyzeStorage(246)) - The storage directory /workdir/hadoop-ozone/integration-test/target/test-dir/MiniOzoneClusterImpl-23941a65-3452-474d-b3c0-503ff93f6bad/datanode-3/data/ratis/e2d12d66-6f51-4a6d-953f-acd078d67a55 does not exist. Creating ...
2019-09-17 07:18:12,375 [pool-629-thread-1] INFO  impl.RaftServerImpl (ServerState.java:<init>(103)) - 56dbe93a-5974-4a13-8b2c-4d24aa3aff1d@group-ACD078D67A55: ConfigurationManager, init=-1: [bc5ac98c-2c48-4d28-9cfb-f439c68ccdab:192.168.157.246:33665, d2382816-3e88-4f44-9ea2-137bcd39c785:192.168.157.246:33608, 56dbe93a-5974-4a13-8b2c-4d24aa3aff1d:192.168.157.246:43571], old=null, confs=<EMPTY_MAP>
2019-09-17 07:18:12,376 [pool-629-thread-1] INFO  server.RaftServerConfigKeys (ConfUtils.java:logGet(43)) - raft.server.storage.dir = [/workdir/hadoop-ozone/integration-test/target/test-dir/MiniOzoneClusterImpl-23941a65-3452-474d-b3c0-503ff93f6bad/datanode-4/data/ratis] (custom)
2019-09-17 07:18:12,376 [pool-629-thread-1] INFO  storage.RaftStorageDirectory (RaftStorageDirectory.java:analyzeStorage(246)) - The storage directory /workdir/hadoop-ozone/integration-test/target/test-dir/MiniOzoneClusterImpl-23941a65-3452-474d-b3c0-503ff93f6bad/datanode-4/data/ratis/e2d12d66-6f51-4a6d-953f-acd078d67a55 does not exist. Creating ...
2019-09-17 07:18:12,399 [pool-629-thread-1] INFO  storage.RaftStorageDirectory (RaftStorageDirectory.java:tryLock(328)) - Lock on /workdir/hadoop-ozone/integration-test/target/test-dir/MiniOzoneClusterImpl-23941a65-3452-474d-b3c0-503ff93f6bad/datanode-4/data/ratis/e2d12d66-6f51-4a6d-953f-acd078d67a55/in_use.lock acquired by nodename 8995@pr-hdds-2016-n7825-135103490
2019-09-17 07:18:12,399 [pool-639-thread-1] INFO  storage.RaftStorageDirectory (RaftStorageDirectory.java:tryLock(328)) - Lock on /workdir/hadoop-ozone/integration-test/target/test-dir/MiniOzoneClusterImpl-23941a65-3452-474d-b3c0-503ff93f6bad/datanode-5/data/ratis/e2d12d66-6f51-4a6d-953f-acd078d67a55/in_use.lock acquired by nodename 8995@pr-hdds-2016-n7825-135103490
2019-09-17 07:18:12,399 [pool-619-thread-1] INFO  storage.RaftStorageDirectory (RaftStorageDirectory.java:tryLock(328)) - Lock on /workdir/hadoop-ozone/integration-test/target/test-dir/MiniOzoneClusterImpl-23941a65-3452-474d-b3c0-503ff93f6bad/datanode-3/data/ratis/e2d12d66-6f51-4a6d-953f-acd078d67a55/in_use.lock acquired by nodename 8995@pr-hdds-2016-n7825-135103490
2019-09-17 07:18:12,413 [pool-619-thread-1] INFO  storage.RaftStorage (RaftStorage.java:format(72)) - Storage directory /workdir/hadoop-ozone/integration-test/target/test-dir/MiniOzoneClusterImpl-23941a65-3452-474d-b3c0-503ff93f6bad/datanode-3/data/ratis/e2d12d66-6f51-4a6d-953f-acd078d67a55 has been successfully formatted.
2019-09-17 07:18:12,413 [pool-639-thread-1] INFO  storage.RaftStorage (RaftStorage.java:format(72)) - Storage directory /workdir/hadoop-ozone/integration-test/target/test-dir/MiniOzoneClusterImpl-23941a65-3452-474d-b3c0-503ff93f6bad/datanode-5/data/ratis/e2d12d66-6f51-4a6d-953f-acd078d67a55 has been successfully formatted.
2019-09-17 07:18:12,413 [pool-629-thread-1] INFO  storage.RaftStorage (RaftStorage.java:format(72)) - Storage directory /workdir/hadoop-ozone/integration-test/target/test-dir/MiniOzoneClusterImpl-23941a65-3452-474d-b3c0-503ff93f6bad/datanode-4/data/ratis/e2d12d66-6f51-4a6d-953f-acd078d67a55 has been successfully formatted.
2019-09-17 07:18:12,413 [pool-639-thread-1] INFO  ratis.ContainerStateMachine (ContainerStateMachine.java:loadSnapshot(230)) - group-ACD078D67A55: The snapshot info is null. Setting the last applied indexto:(t:0, i:~)
2019-09-17 07:18:12,413 [pool-619-thread-1] INFO  ratis.ContainerStateMachine (ContainerStateMachine.java:loadSnapshot(230)) - group-ACD078D67A55: The snapshot info is null. Setting the last applied indexto:(t:0, i:~)
2019-09-17 07:18:12,413 [pool-639-thread-1] INFO  server.RaftServerConfigKeys (ConfUtils.java:logGet(43)) - raft.server.notification.no-leader.timeout = 120s (custom)
2019-09-17 07:18:12,413 [pool-629-thread-1] INFO  ratis.ContainerStateMachine (ContainerStateMachine.java:loadSnapshot(230)) - group-ACD078D67A55: The snapshot info is null. Setting the last applied indexto:(t:0, i:~)
2019-09-17 07:18:12,414 [pool-639-thread-1] INFO  server.RaftServerConfigKeys (ConfUtils.java:logGet(43)) - raft.server.log.use.memory = false (default)
2019-09-17 07:18:12,414 [pool-619-thread-1] INFO  server.RaftServerConfigKeys (ConfUtils.java:logGet(43)) - raft.server.notification.no-leader.timeout = 120s (custom)
2019-09-17 07:18:12,414 [pool-639-thread-1] INFO  server.RaftServerConfigKeys (ConfUtils.java:logGet(43)) - raft.server.log.purge.gap = 1000000 (custom)
2019-09-17 07:18:12,414 [pool-629-thread-1] INFO  server.RaftServerConfigKeys (ConfUtils.java:logGet(43)) - raft.server.notification.no-leader.timeout = 120s (custom)
2019-09-17 07:18:12,414 [pool-639-thread-1] INFO  server.RaftServerConfigKeys (ConfUtils.java:logGet(43)) - raft.server.log.appender.buffer.byte-limit = 33554432 (custom)
2019-09-17 07:18:12,414 [pool-619-thread-1] INFO  server.RaftServerConfigKeys (ConfUtils.java:logGet(43)) - raft.server.log.use.memory = false (default)
2019-09-17 07:18:12,414 [pool-639-thread-1] INFO  server.RaftServerConfigKeys (ConfUtils.java:logGet(43)) - raft.server.log.segment.size.max = 1048576 (custom)
2019-09-17 07:18:12,414 [pool-629-thread-1] INFO  server.RaftServerConfigKeys (ConfUtils.java:logGet(43)) - raft.server.log.use.memory = false (default)
2019-09-17 07:18:12,415 [pool-639-thread-1] INFO  server.RaftServerConfigKeys (ConfUtils.java:logGet(43)) - raft.server.log.segment.cache.num.max = 2 (custom)
2019-09-17 07:18:12,415 [pool-619-thread-1] INFO  server.RaftServerConfigKeys (ConfUtils.java:logGet(43)) - raft.server.log.purge.gap = 1000000 (custom)
2019-09-17 07:18:12,415 [pool-639-thread-1] INFO  segmented.SegmentedRaftLogWorker (SegmentedRaftLogWorker.java:<init>(172)) - new bc5ac98c-2c48-4d28-9cfb-f439c68ccdab@group-ACD078D67A55-SegmentedRaftLogWorker for RaftStorage:Storage Directory /workdir/hadoop-ozone/integration-test/target/test-dir/MiniOzoneClusterImpl-23941a65-3452-474d-b3c0-503ff93f6bad/datanode-5/data/ratis/e2d12d66-6f51-4a6d-953f-acd078d67a55
2019-09-17 07:18:12,415 [pool-629-thread-1] INFO  server.RaftServerConfigKeys (ConfUtils.java:logGet(43)) - raft.server.log.purge.gap = 1000000 (custom)
2019-09-17 07:18:12,415 [pool-639-thread-1] INFO  server.RaftServerConfigKeys (ConfUtils.java:logGet(43)) - raft.server.log.queue.byte-limit = 2147483647 (custom)
2019-09-17 07:18:12,415 [pool-619-thread-1] INFO  server.RaftServerConfigKeys (ConfUtils.java:logGet(43)) - raft.server.log.appender.buffer.byte-limit = 33554432 (custom)
2019-09-17 07:18:12,415 [pool-639-thread-1] INFO  server.RaftServerConfigKeys (ConfUtils.java:logGet(43)) - raft.server.log.queue.element-limit = 1024 (custom)
2019-09-17 07:18:12,415 [pool-629-thread-1] INFO  server.RaftServerConfigKeys (ConfUtils.java:logGet(43)) - raft.server.log.appender.buffer.byte-limit = 33554432 (custom)
2019-09-17 07:18:12,416 [pool-639-thread-1] INFO  server.RaftServerConfigKeys (ConfUtils.java:logGet(43)) - raft.server.log.segment.size.max = 1048576 (custom)
2019-09-17 07:18:12,416 [pool-619-thread-1] INFO  server.RaftServerConfigKeys (ConfUtils.java:logGet(43)) - raft.server.log.segment.size.max = 1048576 (custom)
2019-09-17 07:18:12,416 [pool-639-thread-1] INFO  server.RaftServerConfigKeys (ConfUtils.java:logGet(43)) - raft.server.log.preallocated.size = 16384 (custom)
2019-09-17 07:18:12,416 [pool-629-thread-1] INFO  server.RaftServerConfigKeys (ConfUtils.java:logGet(43)) - raft.server.log.segment.size.max = 1048576 (custom)
2019-09-17 07:18:12,416 [pool-639-thread-1] INFO  server.RaftServerConfigKeys (ConfUtils.java:logGet(43)) - raft.server.log.write.buffer.size = 33554432 (custom)
2019-09-17 07:18:12,416 [pool-619-thread-1] INFO  server.RaftServerConfigKeys (ConfUtils.java:logGet(43)) - raft.server.log.segment.cache.num.max = 2 (custom)
2019-09-17 07:18:12,416 [pool-639-thread-1] INFO  server.RaftServerConfigKeys (ConfUtils.java:logGet(43)) - raft.server.log.force.sync.num = 128 (default)
2019-09-17 07:18:12,416 [pool-629-thread-1] INFO  server.RaftServerConfigKeys (ConfUtils.java:logGet(43)) - raft.server.log.segment.cache.num.max = 2 (custom)
2019-09-17 07:18:12,417 [pool-639-thread-1] INFO  server.RaftServerConfigKeys (ConfUtils.java:logGet(43)) - raft.server.log.statemachine.data.sync = true (default)
2019-09-17 07:18:12,417 [pool-619-thread-1] INFO  segmented.SegmentedRaftLogWorker (SegmentedRaftLogWorker.java:<init>(172)) - new d2382816-3e88-4f44-9ea2-137bcd39c785@group-ACD078D67A55-SegmentedRaftLogWorker for RaftStorage:Storage Directory /workdir/hadoop-ozone/integration-test/target/test-dir/MiniOzoneClusterImpl-23941a65-3452-474d-b3c0-503ff93f6bad/datanode-3/data/ratis/e2d12d66-6f51-4a6d-953f-acd078d67a55
2019-09-17 07:18:12,417 [pool-639-thread-1] INFO  server.RaftServerConfigKeys (ConfUtils.java:logGet(43)) - raft.server.log.statemachine.data.sync.timeout = 10s (default)
2019-09-17 07:18:12,417 [pool-629-thread-1] INFO  segmented.SegmentedRaftLogWorker (SegmentedRaftLogWorker.java:<init>(172)) - new 56dbe93a-5974-4a13-8b2c-4d24aa3aff1d@group-ACD078D67A55-SegmentedRaftLogWorker for RaftStorage:Storage Directory /workdir/hadoop-ozone/integration-test/target/test-dir/MiniOzoneClusterImpl-23941a65-3452-474d-b3c0-503ff93f6bad/datanode-4/data/ratis/e2d12d66-6f51-4a6d-953f-acd078d67a55
2019-09-17 07:18:12,417 [pool-639-thread-1] INFO  server.RaftServerConfigKeys (ConfUtils.java:logGet(43)) - raft.server.log.statemachine.data.sync.timeout.retry = -1 (default)
2019-09-17 07:18:12,417 [pool-619-thread-1] INFO  server.RaftServerConfigKeys (ConfUtils.java:logGet(43)) - raft.server.log.queue.byte-limit = 2147483647 (custom)
2019-09-17 07:18:12,417 [pool-639-thread-1] INFO  server.RaftServerConfigKeys (ConfUtils.java:logGet(43)) - raft.server.log.statemachine.data.caching.enabled = true (custom)
2019-09-17 07:18:12,417 [pool-629-thread-1] INFO  server.RaftServerConfigKeys (ConfUtils.java:logGet(43)) - raft.server.log.queue.byte-limit = 2147483647 (custom)
2019-09-17 07:18:12,418 [pool-619-thread-1] INFO  server.RaftServerConfigKeys (ConfUtils.java:logGet(43)) - raft.server.log.queue.element-limit = 1024 (custom)
2019-09-17 07:18:12,418 [pool-639-thread-1] INFO  segmented.SegmentedRaftLogWorker (SegmentedRaftLogWorker.java:lambda$new$0(132)) - bc5ac98c-2c48-4d28-9cfb-f439c68ccdab@group-ACD078D67A55-SegmentedRaftLogWorker: flushIndex: setUnconditionally 0 -> -1
2019-09-17 07:18:12,418 [pool-629-thread-1] INFO  server.RaftServerConfigKeys (ConfUtils.java:logGet(43)) - raft.server.log.queue.element-limit = 1024 (custom)
2019-09-17 07:18:12,418 [pool-619-thread-1] INFO  server.RaftServerConfigKeys (ConfUtils.java:logGet(43)) - raft.server.log.segment.size.max = 1048576 (custom)
2019-09-17 07:18:12,418 [pool-639-thread-1] INFO  server.RaftServerConfigKeys (ConfUtils.java:logGet(43)) - raft.server.snapshot.auto.trigger.enabled = true (custom)
2019-09-17 07:18:12,418 [pool-629-thread-1] INFO  server.RaftServerConfigKeys (ConfUtils.java:logGet(43)) - raft.server.log.segment.size.max = 1048576 (custom)
2019-09-17 07:18:12,419 [pool-639-thread-1] INFO  server.RaftServerConfigKeys (ConfUtils.java:logGet(43)) - raft.server.snapshot.auto.trigger.threshold = 10000 (custom)
2019-09-17 07:18:12,418 [pool-619-thread-1] INFO  server.RaftServerConfigKeys (ConfUtils.java:logGet(43)) - raft.server.log.preallocated.size = 16384 (custom)
2019-09-17 07:18:12,419 [pool-639-thread-1] INFO  server.RaftServerConfigKeys (ConfUtils.java:logGet(43)) - raft.server.snapshot.retention.num.files = 5 (custom)
2019-09-17 07:18:12,419 [pool-629-thread-1] INFO  server.RaftServerConfigKeys (ConfUtils.java:logGet(43)) - raft.server.log.preallocated.size = 16384 (custom)
2019-09-17 07:18:12,419 [pool-639-thread-1] INFO  server.RaftServerConfigKeys (ConfUtils.java:logGet(43)) - raft.server.retrycache.expirytime = 600000ms (custom)
2019-09-17 07:18:12,419 [pool-619-thread-1] INFO  server.RaftServerConfigKeys (ConfUtils.java:logGet(43)) - raft.server.log.write.buffer.size = 33554432 (custom)
2019-09-17 07:18:12,419 [pool-629-thread-1] INFO  server.RaftServerConfigKeys (ConfUtils.java:logGet(43)) - raft.server.log.write.buffer.size = 33554432 (custom)
2019-09-17 07:18:12,419 [pool-619-thread-1] INFO  server.RaftServerConfigKeys (ConfUtils.java:logGet(43)) - raft.server.log.force.sync.num = 128 (default)
2019-09-17 07:18:12,420 [pool-629-thread-1] INFO  server.RaftServerConfigKeys (ConfUtils.java:logGet(43)) - raft.server.log.force.sync.num = 128 (default)
2019-09-17 07:18:12,420 [pool-619-thread-1] INFO  server.RaftServerConfigKeys (ConfUtils.java:logGet(43)) - raft.server.log.statemachine.data.sync = true (default)
2019-09-17 07:18:12,420 [pool-629-thread-1] INFO  server.RaftServerConfigKeys (ConfUtils.java:logGet(43)) - raft.server.log.statemachine.data.sync = true (default)
2019-09-17 07:18:12,420 [pool-619-thread-1] INFO  server.RaftServerConfigKeys (ConfUtils.java:logGet(43)) - raft.server.log.statemachine.data.sync.timeout = 10s (default)
2019-09-17 07:18:12,420 [pool-629-thread-1] INFO  server.RaftServerConfigKeys (ConfUtils.java:logGet(43)) - raft.server.log.statemachine.data.sync.timeout = 10s (default)
2019-09-17 07:18:12,420 [pool-619-thread-1] INFO  server.RaftServerConfigKeys (ConfUtils.java:logGet(43)) - raft.server.log.statemachine.data.sync.timeout.retry = -1 (default)
2019-09-17 07:18:12,421 [pool-629-thread-1] INFO  server.RaftServerConfigKeys (ConfUtils.java:logGet(43)) - raft.server.log.statemachine.data.sync.timeout.retry = -1 (default)
2019-09-17 07:18:12,421 [pool-619-thread-1] INFO  server.RaftServerConfigKeys (ConfUtils.java:logGet(43)) - raft.server.log.statemachine.data.caching.enabled = true (custom)
2019-09-17 07:18:12,421 [pool-629-thread-1] INFO  server.RaftServerConfigKeys (ConfUtils.java:logGet(43)) - raft.server.log.statemachine.data.caching.enabled = true (custom)
2019-09-17 07:18:12,421 [pool-619-thread-1] INFO  segmented.SegmentedRaftLogWorker (SegmentedRaftLogWorker.java:lambda$new$0(132)) - d2382816-3e88-4f44-9ea2-137bcd39c785@group-ACD078D67A55-SegmentedRaftLogWorker: flushIndex: setUnconditionally 0 -> -1
2019-09-17 07:18:12,421 [pool-629-thread-1] INFO  segmented.SegmentedRaftLogWorker (SegmentedRaftLogWorker.java:lambda$new$0(132)) - 56dbe93a-5974-4a13-8b2c-4d24aa3aff1d@group-ACD078D67A55-SegmentedRaftLogWorker: flushIndex: setUnconditionally 0 -> -1
2019-09-17 07:18:12,421 [pool-639-thread-1] INFO  impl.RaftServerImpl (RaftServerImpl.java:start(185)) - bc5ac98c-2c48-4d28-9cfb-f439c68ccdab@group-ACD078D67A55: start as a follower, conf=-1: [bc5ac98c-2c48-4d28-9cfb-f439c68ccdab:192.168.157.246:33665, d2382816-3e88-4f44-9ea2-137bcd39c785:192.168.157.246:33608, 56dbe93a-5974-4a13-8b2c-4d24aa3aff1d:192.168.157.246:43571], old=null
2019-09-17 07:18:12,422 [pool-619-thread-1] INFO  server.RaftServerConfigKeys (ConfUtils.java:logGet(43)) - raft.server.snapshot.auto.trigger.enabled = true (custom)
2019-09-17 07:18:12,422 [pool-629-thread-1] INFO  server.RaftServerConfigKeys (ConfUtils.java:logGet(43)) - raft.server.snapshot.auto.trigger.enabled = true (custom)
2019-09-17 07:18:12,422 [pool-639-thread-1] INFO  impl.RaftServerImpl (RaftServerImpl.java:setRole(174)) - bc5ac98c-2c48-4d28-9cfb-f439c68ccdab@group-ACD078D67A55: changes role from      null to FOLLOWER at term 0 for startAsFollower
2019-09-17 07:18:12,422 [pool-629-thread-1] INFO  server.RaftServerConfigKeys (ConfUtils.java:logGet(43)) - raft.server.snapshot.auto.trigger.threshold = 10000 (custom)
2019-09-17 07:18:12,422 [pool-619-thread-1] INFO  server.RaftServerConfigKeys (ConfUtils.java:logGet(43)) - raft.server.snapshot.auto.trigger.threshold = 10000 (custom)
2019-09-17 07:18:12,422 [pool-629-thread-1] INFO  server.RaftServerConfigKeys (ConfUtils.java:logGet(43)) - raft.server.snapshot.retention.num.files = 5 (custom)
2019-09-17 07:18:12,422 [pool-639-thread-1] INFO  impl.RoleInfo (RoleInfo.java:updateAndGet(143)) - bc5ac98c-2c48-4d28-9cfb-f439c68ccdab: start FollowerState
2019-09-17 07:18:12,422 [pool-629-thread-1] INFO  server.RaftServerConfigKeys (ConfUtils.java:logGet(43)) - raft.server.retrycache.expirytime = 600000ms (custom)
2019-09-17 07:18:12,422 [pool-619-thread-1] INFO  server.RaftServerConfigKeys (ConfUtils.java:logGet(43)) - raft.server.snapshot.retention.num.files = 5 (custom)
2019-09-17 07:18:12,423 [pool-639-thread-1] INFO  util.JmxRegister (JmxRegister.java:tryRegister(44)) - Successfully registered JMX Bean with object name Ratis:service=RaftServer,group=group-ACD078D67A55,id=bc5ac98c-2c48-4d28-9cfb-f439c68ccdab
2019-09-17 07:18:12,423 [pool-619-thread-1] INFO  server.RaftServerConfigKeys (ConfUtils.java:logGet(43)) - raft.server.retrycache.expirytime = 600000ms (custom)
2019-09-17 07:18:12,425 [pool-629-thread-1] INFO  impl.RaftServerImpl (RaftServerImpl.java:start(185)) - 56dbe93a-5974-4a13-8b2c-4d24aa3aff1d@group-ACD078D67A55: start as a follower, conf=-1: [bc5ac98c-2c48-4d28-9cfb-f439c68ccdab:192.168.157.246:33665, d2382816-3e88-4f44-9ea2-137bcd39c785:192.168.157.246:33608, 56dbe93a-5974-4a13-8b2c-4d24aa3aff1d:192.168.157.246:43571], old=null
2019-09-17 07:18:12,425 [pool-629-thread-1] INFO  impl.RaftServerImpl (RaftServerImpl.java:setRole(174)) - 56dbe93a-5974-4a13-8b2c-4d24aa3aff1d@group-ACD078D67A55: changes role from      null to FOLLOWER at term 0 for startAsFollower
2019-09-17 07:18:12,425 [pool-619-thread-1] INFO  impl.RaftServerImpl (RaftServerImpl.java:start(185)) - d2382816-3e88-4f44-9ea2-137bcd39c785@group-ACD078D67A55: start as a follower, conf=-1: [bc5ac98c-2c48-4d28-9cfb-f439c68ccdab:192.168.157.246:33665, d2382816-3e88-4f44-9ea2-137bcd39c785:192.168.157.246:33608, 56dbe93a-5974-4a13-8b2c-4d24aa3aff1d:192.168.157.246:43571], old=null
2019-09-17 07:18:12,425 [pool-629-thread-1] INFO  impl.RoleInfo (RoleInfo.java:updateAndGet(143)) - 56dbe93a-5974-4a13-8b2c-4d24aa3aff1d: start FollowerState
2019-09-17 07:18:12,425 [pool-619-thread-1] INFO  impl.RaftServerImpl (RaftServerImpl.java:setRole(174)) - d2382816-3e88-4f44-9ea2-137bcd39c785@group-ACD078D67A55: changes role from      null to FOLLOWER at term 0 for startAsFollower
2019-09-17 07:18:12,426 [pool-619-thread-1] INFO  impl.RoleInfo (RoleInfo.java:updateAndGet(143)) - d2382816-3e88-4f44-9ea2-137bcd39c785: start FollowerState
2019-09-17 07:18:12,426 [pool-629-thread-1] INFO  util.JmxRegister (JmxRegister.java:tryRegister(44)) - Successfully registered JMX Bean with object name Ratis:service=RaftServer,group=group-ACD078D67A55,id=56dbe93a-5974-4a13-8b2c-4d24aa3aff1d
2019-09-17 07:18:12,426 [pool-619-thread-1] INFO  util.JmxRegister (JmxRegister.java:tryRegister(44)) - Successfully registered JMX Bean with object name Ratis:service=RaftServer,group=group-ACD078D67A55,id=d2382816-3e88-4f44-9ea2-137bcd39c785
2019-09-17 07:18:12,429 [RatisPipelineUtilsThread] INFO  pipeline.PipelineStateManager (PipelineStateManager.java:addPipeline(56)) - Created pipeline Pipeline[ Id: e2d12d66-6f51-4a6d-953f-acd078d67a55, Nodes: bc5ac98c-2c48-4d28-9cfb-f439c68ccdab{ip: 192.168.157.246, host: pr-hdds-2016-n7825-135103490, networkLocation: /default-rack, certSerialId: null}d2382816-3e88-4f44-9ea2-137bcd39c785{ip: 192.168.157.246, host: pr-hdds-2016-n7825-135103490, networkLocation: /default-rack, certSerialId: null}56dbe93a-5974-4a13-8b2c-4d24aa3aff1d{ip: 192.168.157.246, host: pr-hdds-2016-n7825-135103490, networkLocation: /default-rack, certSerialId: null}, Type:RATIS, Factor:THREE, State:OPEN]
2019-09-17 07:18:12,446 [grpc-default-executor-9] INFO  client.GrpcClientProtocolClient (GrpcClientProtocolClient.java:onNext(264)) - client-AF8003830DD9->783b8b0d-2e4b-4296-bbed-3f010e7af5dd: receive RaftClientReply:client-AF8003830DD9->783b8b0d-2e4b-4296-bbed-3f010e7af5dd@group-48638E47C87F, cid=229, FAILED org.apache.ratis.protocol.NotLeaderException: Server 783b8b0d-2e4b-4296-bbed-3f010e7af5dd@group-48638E47C87F is not the leader, logIndex=0, commits[783b8b0d-2e4b-4296-bbed-3f010e7af5dd:c-1]
2019-09-17 07:18:13,457 [grpc-default-executor-6] INFO  client.GrpcClientProtocolClient (GrpcClientProtocolClient.java:onNext(264)) - client-AF8003830DD9->8914721e-e6fd-428a-8274-c97b8de6844d: receive RaftClientReply:client-AF8003830DD9->8914721e-e6fd-428a-8274-c97b8de6844d@group-48638E47C87F, cid=229, FAILED org.apache.ratis.protocol.NotLeaderException: Server 8914721e-e6fd-428a-8274-c97b8de6844d@group-48638E47C87F is not the leader, logIndex=0, commits[8914721e-e6fd-428a-8274-c97b8de6844d:c-1]
2019-09-17 07:18:14,469 [grpc-default-executor-9] INFO  client.GrpcClientProtocolClient (GrpcClientProtocolClient.java:onNext(264)) - client-AF8003830DD9->5d850b7b-f02e-4029-a6ce-7c22cb722049: receive RaftClientReply:client-AF8003830DD9->5d850b7b-f02e-4029-a6ce-7c22cb722049@group-48638E47C87F, cid=229, FAILED org.apache.ratis.protocol.NotLeaderException: Server 5d850b7b-f02e-4029-a6ce-7c22cb722049@group-48638E47C87F is not the leader, logIndex=0, commits[5d850b7b-f02e-4029-a6ce-7c22cb722049:c-1]
2019-09-17 07:18:14,916 [Thread-3932] INFO  container.ReplicationManager (ReplicationManager.java:start(162)) - Starting Replication Monitor Thread.
2019-09-17 07:18:14,919 [ReplicationMonitor] INFO  container.ReplicationManager (ReplicationManager.java:run(225)) - Replication Monitor Thread took 0 milliseconds for processing 1 containers.
2019-09-17 07:18:15,479 [grpc-default-executor-6] INFO  client.GrpcClientProtocolClient (GrpcClientProtocolClient.java:onNext(264)) - client-AF8003830DD9->783b8b0d-2e4b-4296-bbed-3f010e7af5dd: receive RaftClientReply:client-AF8003830DD9->783b8b0d-2e4b-4296-bbed-3f010e7af5dd@group-48638E47C87F, cid=229, FAILED org.apache.ratis.protocol.NotLeaderException: Server 783b8b0d-2e4b-4296-bbed-3f010e7af5dd@group-48638E47C87F is not the leader, logIndex=0, commits[783b8b0d-2e4b-4296-bbed-3f010e7af5dd:c-1]
2019-09-17 07:18:16,494 [grpc-default-executor-9] INFO  client.GrpcClientProtocolClient (GrpcClientProtocolClient.java:onNext(264)) - client-AF8003830DD9->8914721e-e6fd-428a-8274-c97b8de6844d: receive RaftClientReply:client-AF8003830DD9->8914721e-e6fd-428a-8274-c97b8de6844d@group-48638E47C87F, cid=229, FAILED org.apache.ratis.protocol.NotLeaderException: Server 8914721e-e6fd-428a-8274-c97b8de6844d@group-48638E47C87F is not the leader, logIndex=0, commits[8914721e-e6fd-428a-8274-c97b8de6844d:c-1]
2019-09-17 07:18:17,012 [Thread-3934] INFO  impl.FollowerState (FollowerState.java:run(106)) - 5d850b7b-f02e-4029-a6ce-7c22cb722049:group-4B8473DEBD2E changes to CANDIDATE, lastRpcTime:5047, electionTimeout:5047ms
2019-09-17 07:18:17,012 [Thread-3934] INFO  impl.RoleInfo (RoleInfo.java:shutdownFollowerState(121)) - 5d850b7b-f02e-4029-a6ce-7c22cb722049: shutdown FollowerState
2019-09-17 07:18:17,012 [Thread-3934] INFO  impl.RaftServerImpl (RaftServerImpl.java:setRole(174)) - 5d850b7b-f02e-4029-a6ce-7c22cb722049@group-4B8473DEBD2E: changes role from  FOLLOWER to CANDIDATE at term 0 for changeToCandidate
2019-09-17 07:18:17,013 [Thread-3934] INFO  impl.RoleInfo (RoleInfo.java:updateAndGet(143)) - 5d850b7b-f02e-4029-a6ce-7c22cb722049: start LeaderElection
2019-09-17 07:18:17,035 [5d850b7b-f02e-4029-a6ce-7c22cb722049@group-4B8473DEBD2E:LeaderElection88] INFO  impl.LeaderElection (LeaderElection.java:askForVotes(182)) - 5d850b7b-f02e-4029-a6ce-7c22cb722049@group-4B8473DEBD2E:LeaderElection88: begin an election at term 1 for -1: [5d850b7b-f02e-4029-a6ce-7c22cb722049:192.168.157.246:45173], old=null
2019-09-17 07:18:17,035 [5d850b7b-f02e-4029-a6ce-7c22cb722049@group-4B8473DEBD2E:LeaderElection88] INFO  impl.RoleInfo (RoleInfo.java:shutdownLeaderElection(134)) - 5d850b7b-f02e-4029-a6ce-7c22cb722049: shutdown LeaderElection
2019-09-17 07:18:17,035 [5d850b7b-f02e-4029-a6ce-7c22cb722049@group-4B8473DEBD2E:LeaderElection88] INFO  impl.RaftServerImpl (RaftServerImpl.java:setRole(174)) - 5d850b7b-f02e-4029-a6ce-7c22cb722049@group-4B8473DEBD2E: changes role from CANDIDATE to LEADER at term 1 for changeToLeader
2019-09-17 07:18:17,035 [5d850b7b-f02e-4029-a6ce-7c22cb722049@group-4B8473DEBD2E:LeaderElection88] INFO  impl.RaftServerImpl (ServerState.java:setLeader(253)) - 5d850b7b-f02e-4029-a6ce-7c22cb722049@group-4B8473DEBD2E: change Leader from null to 5d850b7b-f02e-4029-a6ce-7c22cb722049 at term 1 for becomeLeader, leader elected after 5076ms
2019-09-17 07:18:17,036 [5d850b7b-f02e-4029-a6ce-7c22cb722049@group-4B8473DEBD2E:LeaderElection88] INFO  server.RaftServerConfigKeys (ConfUtils.java:logGet(43)) - raft.server.staging.catchup.gap = 1000 (default)
2019-09-17 07:18:17,036 [5d850b7b-f02e-4029-a6ce-7c22cb722049@group-4B8473DEBD2E:LeaderElection88] INFO  server.RaftServerConfigKeys (ConfUtils.java:logGet(43)) - raft.server.rpc.sleep.time = 25ms (default)
2019-09-17 07:18:17,036 [5d850b7b-f02e-4029-a6ce-7c22cb722049@group-4B8473DEBD2E:LeaderElection88] INFO  server.RaftServerConfigKeys (ConfUtils.java:logGet(43)) - raft.server.write.element-limit = 4096 (default)
2019-09-17 07:18:17,037 [5d850b7b-f02e-4029-a6ce-7c22cb722049@group-4B8473DEBD2E:LeaderElection88] INFO  server.RaftServerConfigKeys (ConfUtils.java:logGet(43)) - raft.server.watch.timeout = 10s (default)
2019-09-17 07:18:17,037 [5d850b7b-f02e-4029-a6ce-7c22cb722049@group-4B8473DEBD2E:LeaderElection88] INFO  server.RaftServerConfigKeys (ConfUtils.java:logGet(43)) - raft.server.watch.timeout.denomination = 1s (default)
2019-09-17 07:18:17,037 [5d850b7b-f02e-4029-a6ce-7c22cb722049@group-4B8473DEBD2E:LeaderElection88] INFO  server.RaftServerConfigKeys (ConfUtils.java:logGet(43)) - raft.server.watch.element-limit = 65536 (default)
2019-09-17 07:18:17,041 [5d850b7b-f02e-4029-a6ce-7c22cb722049@group-4B8473DEBD2E:LeaderElection88] INFO  impl.RoleInfo (RoleInfo.java:updateAndGet(143)) - 5d850b7b-f02e-4029-a6ce-7c22cb722049: start LeaderState
2019-09-17 07:18:17,041 [5d850b7b-f02e-4029-a6ce-7c22cb722049@group-4B8473DEBD2E:LeaderElection88] INFO  segmented.SegmentedRaftLogWorker (SegmentedRaftLogWorker.java:startLogSegment(380)) - 5d850b7b-f02e-4029-a6ce-7c22cb722049@group-4B8473DEBD2E-SegmentedRaftLogWorker: Starting segment from index:0
2019-09-17 07:18:17,042 [5d850b7b-f02e-4029-a6ce-7c22cb722049@group-4B8473DEBD2E:LeaderElection88] INFO  impl.RaftServerImpl (ServerState.java:setRaftConf(354)) - 5d850b7b-f02e-4029-a6ce-7c22cb722049@group-4B8473DEBD2E: set configuration 0: [5d850b7b-f02e-4029-a6ce-7c22cb722049:192.168.157.246:45173], old=null at 0
2019-09-17 07:18:17,098 [5d850b7b-f02e-4029-a6ce-7c22cb722049@group-4B8473DEBD2E-SegmentedRaftLogWorker] INFO  segmented.SegmentedRaftLogWorker (SegmentedRaftLogWorker.java:execute(569)) - 5d850b7b-f02e-4029-a6ce-7c22cb722049@group-4B8473DEBD2E-SegmentedRaftLogWorker: created new log segment /workdir/hadoop-ozone/integration-test/target/test-dir/MiniOzoneClusterImpl-23941a65-3452-474d-b3c0-503ff93f6bad/datanode-0/data/ratis/85811c04-d282-4ade-a385-4b8473debd2e/current/log_inprogress_0
2019-09-17 07:18:17,154 [Thread-3937] INFO  impl.FollowerState (FollowerState.java:run(106)) - 8914721e-e6fd-428a-8274-c97b8de6844d:group-CD908F000C2E changes to CANDIDATE, lastRpcTime:5131, electionTimeout:5131ms
2019-09-17 07:18:17,155 [Thread-3937] INFO  impl.RoleInfo (RoleInfo.java:shutdownFollowerState(121)) - 8914721e-e6fd-428a-8274-c97b8de6844d: shutdown FollowerState
2019-09-17 07:18:17,155 [Thread-3937] INFO  impl.RaftServerImpl (RaftServerImpl.java:setRole(174)) - 8914721e-e6fd-428a-8274-c97b8de6844d@group-CD908F000C2E: changes role from  FOLLOWER to CANDIDATE at term 0 for changeToCandidate
2019-09-17 07:18:17,155 [Thread-3937] INFO  impl.RoleInfo (RoleInfo.java:updateAndGet(143)) - 8914721e-e6fd-428a-8274-c97b8de6844d: start LeaderElection
2019-09-17 07:18:17,174 [Thread-3949] INFO  impl.FollowerState (FollowerState.java:run(106)) - 783b8b0d-2e4b-4296-bbed-3f010e7af5dd:group-48638E47C87F changes to CANDIDATE, lastRpcTime:5029, electionTimeout:5029ms
2019-09-17 07:18:17,174 [Thread-3949] INFO  impl.RoleInfo (RoleInfo.java:shutdownFollowerState(121)) - 783b8b0d-2e4b-4296-bbed-3f010e7af5dd: shutdown FollowerState
2019-09-17 07:18:17,174 [Thread-3949] INFO  impl.RaftServerImpl (RaftServerImpl.java:setRole(174)) - 783b8b0d-2e4b-4296-bbed-3f010e7af5dd@group-48638E47C87F: changes role from  FOLLOWER to CANDIDATE at term 0 for changeToCandidate
2019-09-17 07:18:17,174 [Thread-3949] INFO  impl.RoleInfo (RoleInfo.java:updateAndGet(143)) - 783b8b0d-2e4b-4296-bbed-3f010e7af5dd: start LeaderElection
2019-09-17 07:18:17,174 [8914721e-e6fd-428a-8274-c97b8de6844d@group-CD908F000C2E:LeaderElection89] INFO  impl.LeaderElection (LeaderElection.java:askForVotes(182)) - 8914721e-e6fd-428a-8274-c97b8de6844d@group-CD908F000C2E:LeaderElection89: begin an election at term 1 for -1: [8914721e-e6fd-428a-8274-c97b8de6844d:192.168.157.246:38699], old=null
2019-09-17 07:18:17,178 [8914721e-e6fd-428a-8274-c97b8de6844d@group-CD908F000C2E:LeaderElection89] INFO  impl.RoleInfo (RoleInfo.java:shutdownLeaderElection(134)) - 8914721e-e6fd-428a-8274-c97b8de6844d: shutdown LeaderElection
2019-09-17 07:18:17,178 [8914721e-e6fd-428a-8274-c97b8de6844d@group-CD908F000C2E:LeaderElection89] INFO  impl.RaftServerImpl (RaftServerImpl.java:setRole(174)) - 8914721e-e6fd-428a-8274-c97b8de6844d@group-CD908F000C2E: changes role from CANDIDATE to LEADER at term 1 for changeToLeader
2019-09-17 07:18:17,178 [8914721e-e6fd-428a-8274-c97b8de6844d@group-CD908F000C2E:LeaderElection89] INFO  impl.RaftServerImpl (ServerState.java:setLeader(253)) - 8914721e-e6fd-428a-8274-c97b8de6844d@group-CD908F000C2E: change Leader from null to 8914721e-e6fd-428a-8274-c97b8de6844d at term 1 for becomeLeader, leader elected after 5162ms
2019-09-17 07:18:17,179 [8914721e-e6fd-428a-8274-c97b8de6844d@group-CD908F000C2E:LeaderElection89] INFO  server.RaftServerConfigKeys (ConfUtils.java:logGet(43)) - raft.server.staging.catchup.gap = 1000 (default)
2019-09-17 07:18:17,179 [8914721e-e6fd-428a-8274-c97b8de6844d@group-CD908F000C2E:LeaderElection89] INFO  server.RaftServerConfigKeys (ConfUtils.java:logGet(43)) - raft.server.rpc.sleep.time = 25ms (default)
2019-09-17 07:18:17,179 [8914721e-e6fd-428a-8274-c97b8de6844d@group-CD908F000C2E:LeaderElection89] INFO  server.RaftServerConfigKeys (ConfUtils.java:logGet(43)) - raft.server.write.element-limit = 4096 (default)
2019-09-17 07:18:17,179 [8914721e-e6fd-428a-8274-c97b8de6844d@group-CD908F000C2E:LeaderElection89] INFO  server.RaftServerConfigKeys (ConfUtils.java:logGet(43)) - raft.server.watch.timeout = 10s (default)
2019-09-17 07:18:17,179 [8914721e-e6fd-428a-8274-c97b8de6844d@group-CD908F000C2E:LeaderElection89] INFO  server.RaftServerConfigKeys (ConfUtils.java:logGet(43)) - raft.server.watch.timeout.denomination = 1s (default)
2019-09-17 07:18:17,179 [8914721e-e6fd-428a-8274-c97b8de6844d@group-CD908F000C2E:LeaderElection89] INFO  server.RaftServerConfigKeys (ConfUtils.java:logGet(43)) - raft.server.watch.element-limit = 65536 (default)
2019-09-17 07:18:17,181 [8914721e-e6fd-428a-8274-c97b8de6844d@group-CD908F000C2E:LeaderElection89] INFO  impl.RoleInfo (RoleInfo.java:updateAndGet(143)) - 8914721e-e6fd-428a-8274-c97b8de6844d: start LeaderState
2019-09-17 07:18:17,181 [8914721e-e6fd-428a-8274-c97b8de6844d@group-CD908F000C2E:LeaderElection89] INFO  segmented.SegmentedRaftLogWorker (SegmentedRaftLogWorker.java:startLogSegment(380)) - 8914721e-e6fd-428a-8274-c97b8de6844d@group-CD908F000C2E-SegmentedRaftLogWorker: Starting segment from index:0
2019-09-17 07:18:17,182 [8914721e-e6fd-428a-8274-c97b8de6844d@group-CD908F000C2E:LeaderElection89] INFO  impl.RaftServerImpl (ServerState.java:setRaftConf(354)) - 8914721e-e6fd-428a-8274-c97b8de6844d@group-CD908F000C2E: set configuration 0: [8914721e-e6fd-428a-8274-c97b8de6844d:192.168.157.246:38699], old=null at 0
2019-09-17 07:18:17,191 [783b8b0d-2e4b-4296-bbed-3f010e7af5dd@group-48638E47C87F:LeaderElection90] INFO  impl.LeaderElection (LeaderElection.java:askForVotes(182)) - 783b8b0d-2e4b-4296-bbed-3f010e7af5dd@group-48638E47C87F:LeaderElection90: begin an election at term 1 for -1: [783b8b0d-2e4b-4296-bbed-3f010e7af5dd:192.168.157.246:43483, 5d850b7b-f02e-4029-a6ce-7c22cb722049:192.168.157.246:45173, 8914721e-e6fd-428a-8274-c97b8de6844d:192.168.157.246:38699], old=null
2019-09-17 07:18:17,195 [grpc-default-executor-9] INFO  impl.RaftServerImpl (RaftServerImpl.java:setRole(174)) - 5d850b7b-f02e-4029-a6ce-7c22cb722049@group-48638E47C87F: changes role from  FOLLOWER to FOLLOWER at term 1 for recognizeCandidate:783b8b0d-2e4b-4296-bbed-3f010e7af5dd
2019-09-17 07:18:17,195 [grpc-default-executor-9] INFO  impl.RoleInfo (RoleInfo.java:shutdownFollowerState(121)) - 5d850b7b-f02e-4029-a6ce-7c22cb722049: shutdown FollowerState
2019-09-17 07:18:17,195 [grpc-default-executor-6] INFO  impl.RaftServerImpl (RaftServerImpl.java:setRole(174)) - 8914721e-e6fd-428a-8274-c97b8de6844d@group-48638E47C87F: changes role from  FOLLOWER to FOLLOWER at term 1 for recognizeCandidate:783b8b0d-2e4b-4296-bbed-3f010e7af5dd
2019-09-17 07:18:17,195 [Thread-3945] INFO  impl.FollowerState (FollowerState.java:run(115)) - 5d850b7b-f02e-4029-a6ce-7c22cb722049: FollowerState was interrupted: java.lang.InterruptedException: sleep interrupted
2019-09-17 07:18:17,195 [grpc-default-executor-9] INFO  impl.RoleInfo (RoleInfo.java:updateAndGet(143)) - 5d850b7b-f02e-4029-a6ce-7c22cb722049: start FollowerState
2019-09-17 07:18:17,195 [grpc-default-executor-6] INFO  impl.RoleInfo (RoleInfo.java:shutdownFollowerState(121)) - 8914721e-e6fd-428a-8274-c97b8de6844d: shutdown FollowerState
2019-09-17 07:18:17,217 [grpc-default-executor-6] INFO  impl.RoleInfo (RoleInfo.java:updateAndGet(143)) - 8914721e-e6fd-428a-8274-c97b8de6844d: start FollowerState
2019-09-17 07:18:17,217 [Thread-3951] INFO  impl.FollowerState (FollowerState.java:run(115)) - 8914721e-e6fd-428a-8274-c97b8de6844d: FollowerState was interrupted: java.lang.InterruptedException: sleep interrupted
2019-09-17 07:18:17,227 [Thread-3940] INFO  impl.FollowerState (FollowerState.java:run(106)) - 783b8b0d-2e4b-4296-bbed-3f010e7af5dd:group-0079E7F92F82 changes to CANDIDATE, lastRpcTime:5154, electionTimeout:5154ms
2019-09-17 07:18:17,228 [Thread-3940] INFO  impl.RoleInfo (RoleInfo.java:shutdownFollowerState(121)) - 783b8b0d-2e4b-4296-bbed-3f010e7af5dd: shutdown FollowerState
2019-09-17 07:18:17,228 [Thread-3940] INFO  impl.RaftServerImpl (RaftServerImpl.java:setRole(174)) - 783b8b0d-2e4b-4296-bbed-3f010e7af5dd@group-0079E7F92F82: changes role from  FOLLOWER to CANDIDATE at term 0 for changeToCandidate
2019-09-17 07:18:17,228 [Thread-3940] INFO  impl.RoleInfo (RoleInfo.java:updateAndGet(143)) - 783b8b0d-2e4b-4296-bbed-3f010e7af5dd: start LeaderElection
2019-09-17 07:18:17,230 [8914721e-e6fd-428a-8274-c97b8de6844d@group-CD908F000C2E-SegmentedRaftLogWorker] INFO  segmented.SegmentedRaftLogWorker (SegmentedRaftLogWorker.java:execute(569)) - 8914721e-e6fd-428a-8274-c97b8de6844d@group-CD908F000C2E-SegmentedRaftLogWorker: created new log segment /workdir/hadoop-ozone/integration-test/target/test-dir/MiniOzoneClusterImpl-23941a65-3452-474d-b3c0-503ff93f6bad/datanode-1/data/ratis/6339cd8e-ced3-468a-bd92-cd908f000c2e/current/log_inprogress_0
2019-09-17 07:18:17,235 [783b8b0d-2e4b-4296-bbed-3f010e7af5dd@group-48638E47C87F:LeaderElection90] INFO  impl.LeaderElection (LeaderElection.java:logAndReturn(56)) - 783b8b0d-2e4b-4296-bbed-3f010e7af5dd@group-48638E47C87F:LeaderElection90: Election PASSED; received 1 response(s) [783b8b0d-2e4b-4296-bbed-3f010e7af5dd<-5d850b7b-f02e-4029-a6ce-7c22cb722049#0:OK-t1] and 0 exception(s); 783b8b0d-2e4b-4296-bbed-3f010e7af5dd@group-48638E47C87F:t1, leader=null, voted=783b8b0d-2e4b-4296-bbed-3f010e7af5dd, raftlog=783b8b0d-2e4b-4296-bbed-3f010e7af5dd@group-48638E47C87F-SegmentedRaftLog:OPENED:c-1,f-1,i0, conf=-1: [783b8b0d-2e4b-4296-bbed-3f010e7af5dd:192.168.157.246:43483, 5d850b7b-f02e-4029-a6ce-7c22cb722049:192.168.157.246:45173, 8914721e-e6fd-428a-8274-c97b8de6844d:192.168.157.246:38699], old=null
2019-09-17 07:18:17,235 [783b8b0d-2e4b-4296-bbed-3f010e7af5dd@group-48638E47C87F:LeaderElection90] INFO  impl.RoleInfo (RoleInfo.java:shutdownLeaderElection(134)) - 783b8b0d-2e4b-4296-bbed-3f010e7af5dd: shutdown LeaderElection
2019-09-17 07:18:17,235 [783b8b0d-2e4b-4296-bbed-3f010e7af5dd@group-48638E47C87F:LeaderElection90] INFO  impl.RaftServerImpl (RaftServerImpl.java:setRole(174)) - 783b8b0d-2e4b-4296-bbed-3f010e7af5dd@group-48638E47C87F: changes role from CANDIDATE to LEADER at term 1 for changeToLeader
2019-09-17 07:18:17,235 [783b8b0d-2e4b-4296-bbed-3f010e7af5dd@group-48638E47C87F:LeaderElection90] INFO  impl.RaftServerImpl (ServerState.java:setLeader(253)) - 783b8b0d-2e4b-4296-bbed-3f010e7af5dd@group-48638E47C87F: change Leader from null to 783b8b0d-2e4b-4296-bbed-3f010e7af5dd at term 1 for becomeLeader, leader elected after 5100ms
2019-09-17 07:18:17,235 [783b8b0d-2e4b-4296-bbed-3f010e7af5dd@group-48638E47C87F:LeaderElection90] INFO  server.RaftServerConfigKeys (ConfUtils.java:logGet(43)) - raft.server.staging.catchup.gap = 1000 (default)
2019-09-17 07:18:17,236 [783b8b0d-2e4b-4296-bbed-3f010e7af5dd@group-48638E47C87F:LeaderElection90] INFO  server.RaftServerConfigKeys (ConfUtils.java:logGet(43)) - raft.server.rpc.sleep.time = 25ms (default)
2019-09-17 07:18:17,236 [783b8b0d-2e4b-4296-bbed-3f010e7af5dd@group-48638E47C87F:LeaderElection90] INFO  server.RaftServerConfigKeys (ConfUtils.java:logGet(43)) - raft.server.write.element-limit = 4096 (default)
2019-09-17 07:18:17,236 [783b8b0d-2e4b-4296-bbed-3f010e7af5dd@group-48638E47C87F:LeaderElection90] INFO  server.RaftServerConfigKeys (ConfUtils.java:logGet(43)) - raft.server.watch.timeout = 10s (default)
2019-09-17 07:18:17,237 [783b8b0d-2e4b-4296-bbed-3f010e7af5dd@group-48638E47C87F:LeaderElection90] INFO  server.RaftServerConfigKeys (ConfUtils.java:logGet(43)) - raft.server.watch.timeout.denomination = 1s (default)
2019-09-17 07:18:17,237 [783b8b0d-2e4b-4296-bbed-3f010e7af5dd@group-48638E47C87F:LeaderElection90] INFO  server.RaftServerConfigKeys (ConfUtils.java:logGet(43)) - raft.server.watch.element-limit = 65536 (default)
2019-09-17 07:18:17,240 [783b8b0d-2e4b-4296-bbed-3f010e7af5dd@group-48638E47C87F:LeaderElection90] INFO  server.RaftServerConfigKeys (ConfUtils.java:logGet(43)) - raft.server.log.appender.snapshot.chunk.size.max = 16MB (=16777216) (default)
2019-09-17 07:18:17,240 [783b8b0d-2e4b-4296-bbed-3f010e7af5dd@group-48638E47C87F:LeaderElection90] INFO  server.RaftServerConfigKeys (ConfUtils.java:logGet(43)) - raft.server.log.appender.buffer.byte-limit = 33554432 (custom)
2019-09-17 07:18:17,240 [783b8b0d-2e4b-4296-bbed-3f010e7af5dd@group-48638E47C87F:LeaderElection90] INFO  server.RaftServerConfigKeys (ConfUtils.java:logGet(43)) - raft.server.log.appender.buffer.element-limit = 1 (custom)
2019-09-17 07:18:17,241 [783b8b0d-2e4b-4296-bbed-3f010e7af5dd@group-48638E47C87F:LeaderElection90] INFO  grpc.GrpcConfigKeys$Server (ConfUtils.java:logGet(43)) - raft.grpc.server.leader.outstanding.appends.max = 128 (default)
2019-09-17 07:18:17,241 [783b8b0d-2e4b-4296-bbed-3f010e7af5dd@group-48638E47C87F:LeaderElection90] INFO  server.RaftServerConfigKeys (ConfUtils.java:logGet(43)) - raft.server.rpc.request.timeout = 3000ms (default)
2019-09-17 07:18:17,241 [783b8b0d-2e4b-4296-bbed-3f010e7af5dd@group-48638E47C87F:LeaderElection90] INFO  server.RaftServerConfigKeys (ConfUtils.java:logGet(43)) - raft.server.log.appender.install.snapshot.enabled = false (custom)
2019-09-17 07:18:17,241 [783b8b0d-2e4b-4296-bbed-3f010e7af5dd@group-48638E47C87F:LeaderElection90] INFO  server.RaftServerConfigKeys (ConfUtils.java:logGet(43)) - raft.server.log.appender.snapshot.chunk.size.max = 16MB (=16777216) (default)
2019-09-17 07:18:17,242 [783b8b0d-2e4b-4296-bbed-3f010e7af5dd@group-48638E47C87F:LeaderElection90] INFO  server.RaftServerConfigKeys (ConfUtils.java:logGet(43)) - raft.server.log.appender.buffer.byte-limit = 33554432 (custom)
2019-09-17 07:18:17,242 [783b8b0d-2e4b-4296-bbed-3f010e7af5dd@group-48638E47C87F:LeaderElection90] INFO  server.RaftServerConfigKeys (ConfUtils.java:logGet(43)) - raft.server.log.appender.buffer.element-limit = 1 (custom)
2019-09-17 07:18:17,242 [783b8b0d-2e4b-4296-bbed-3f010e7af5dd@group-48638E47C87F:LeaderElection90] INFO  grpc.GrpcConfigKeys$Server (ConfUtils.java:logGet(43)) - raft.grpc.server.leader.outstanding.appends.max = 128 (default)
2019-09-17 07:18:17,242 [783b8b0d-2e4b-4296-bbed-3f010e7af5dd@group-48638E47C87F:LeaderElection90] INFO  server.RaftServerConfigKeys (ConfUtils.java:logGet(43)) - raft.server.rpc.request.timeout = 3000ms (default)
2019-09-17 07:18:17,243 [783b8b0d-2e4b-4296-bbed-3f010e7af5dd@group-48638E47C87F:LeaderElection90] INFO  server.RaftServerConfigKeys (ConfUtils.java:logGet(43)) - raft.server.log.appender.install.snapshot.enabled = false (custom)
2019-09-17 07:18:17,243 [783b8b0d-2e4b-4296-bbed-3f010e7af5dd@group-48638E47C87F:LeaderElection90] INFO  impl.RoleInfo (RoleInfo.java:updateAndGet(143)) - 783b8b0d-2e4b-4296-bbed-3f010e7af5dd: start LeaderState
2019-09-17 07:18:17,243 [783b8b0d-2e4b-4296-bbed-3f010e7af5dd@group-48638E47C87F:LeaderElection90] INFO  segmented.SegmentedRaftLogWorker (SegmentedRaftLogWorker.java:startLogSegment(380)) - 783b8b0d-2e4b-4296-bbed-3f010e7af5dd@group-48638E47C87F-SegmentedRaftLogWorker: Starting segment from index:0
2019-09-17 07:18:17,244 [783b8b0d-2e4b-4296-bbed-3f010e7af5dd@group-48638E47C87F:LeaderElection90] INFO  impl.RaftServerImpl (ServerState.java:setRaftConf(354)) - 783b8b0d-2e4b-4296-bbed-3f010e7af5dd@group-48638E47C87F: set configuration 0: [783b8b0d-2e4b-4296-bbed-3f010e7af5dd:192.168.157.246:43483, 5d850b7b-f02e-4029-a6ce-7c22cb722049:192.168.157.246:45173, 8914721e-e6fd-428a-8274-c97b8de6844d:192.168.157.246:38699], old=null at 0
2019-09-17 07:18:17,275 [grpc-default-executor-6] INFO  impl.RaftServerImpl (ServerState.java:setLeader(253)) - 5d850b7b-f02e-4029-a6ce-7c22cb722049@group-48638E47C87F: change Leader from null to 783b8b0d-2e4b-4296-bbed-3f010e7af5dd at term 1 for appendEntries, leader elected after 5140ms
2019-09-17 07:18:17,277 [783b8b0d-2e4b-4296-bbed-3f010e7af5dd@group-0079E7F92F82:LeaderElection91] INFO  impl.LeaderElection (LeaderElection.java:askForVotes(182)) - 783b8b0d-2e4b-4296-bbed-3f010e7af5dd@group-0079E7F92F82:LeaderElection91: begin an election at term 1 for -1: [783b8b0d-2e4b-4296-bbed-3f010e7af5dd:192.168.157.246:43483], old=null
2019-09-17 07:18:17,277 [783b8b0d-2e4b-4296-bbed-3f010e7af5dd@group-0079E7F92F82:LeaderElection91] INFO  impl.RoleInfo (RoleInfo.java:shutdownLeaderElection(134)) - 783b8b0d-2e4b-4296-bbed-3f010e7af5dd: shutdown LeaderElection
2019-09-17 07:18:17,277 [783b8b0d-2e4b-4296-bbed-3f010e7af5dd@group-0079E7F92F82:LeaderElection91] INFO  impl.RaftServerImpl (RaftServerImpl.java:setRole(174)) - 783b8b0d-2e4b-4296-bbed-3f010e7af5dd@group-0079E7F92F82: changes role from CANDIDATE to LEADER at term 1 for changeToLeader
2019-09-17 07:18:17,277 [783b8b0d-2e4b-4296-bbed-3f010e7af5dd@group-0079E7F92F82:LeaderElection91] INFO  impl.RaftServerImpl (ServerState.java:setLeader(253)) - 783b8b0d-2e4b-4296-bbed-3f010e7af5dd@group-0079E7F92F82: change Leader from null to 783b8b0d-2e4b-4296-bbed-3f010e7af5dd at term 1 for becomeLeader, leader elected after 5209ms
2019-09-17 07:18:17,278 [783b8b0d-2e4b-4296-bbed-3f010e7af5dd@group-0079E7F92F82:LeaderElection91] INFO  server.RaftServerConfigKeys (ConfUtils.java:logGet(43)) - raft.server.staging.catchup.gap = 1000 (default)
2019-09-17 07:18:17,278 [783b8b0d-2e4b-4296-bbed-3f010e7af5dd@group-0079E7F92F82:LeaderElection91] INFO  server.RaftServerConfigKeys (ConfUtils.java:logGet(43)) - raft.server.rpc.sleep.time = 25ms (default)
2019-09-17 07:18:17,278 [783b8b0d-2e4b-4296-bbed-3f010e7af5dd@group-0079E7F92F82:LeaderElection91] INFO  server.RaftServerConfigKeys (ConfUtils.java:logGet(43)) - raft.server.write.element-limit = 4096 (default)
2019-09-17 07:18:17,278 [grpc-default-executor-6] INFO  impl.RaftServerImpl (ServerState.java:setLeader(253)) - 8914721e-e6fd-428a-8274-c97b8de6844d@group-48638E47C87F: change Leader from null to 783b8b0d-2e4b-4296-bbed-3f010e7af5dd at term 1 for appendEntries, leader elected after 5143ms
2019-09-17 07:18:17,278 [783b8b0d-2e4b-4296-bbed-3f010e7af5dd@group-0079E7F92F82:LeaderElection91] INFO  server.RaftServerConfigKeys (ConfUtils.java:logGet(43)) - raft.server.watch.timeout = 10s (default)
2019-09-17 07:18:17,279 [783b8b0d-2e4b-4296-bbed-3f010e7af5dd@group-0079E7F92F82:LeaderElection91] INFO  server.RaftServerConfigKeys (ConfUtils.java:logGet(43)) - raft.server.watch.timeout.denomination = 1s (default)
2019-09-17 07:18:17,281 [783b8b0d-2e4b-4296-bbed-3f010e7af5dd@group-0079E7F92F82:LeaderElection91] INFO  server.RaftServerConfigKeys (ConfUtils.java:logGet(43)) - raft.server.watch.element-limit = 65536 (default)
2019-09-17 07:18:17,281 [grpc-default-executor-6] INFO  impl.RaftServerImpl (ServerState.java:setRaftConf(354)) - 5d850b7b-f02e-4029-a6ce-7c22cb722049@group-48638E47C87F: set configuration 0: [783b8b0d-2e4b-4296-bbed-3f010e7af5dd:192.168.157.246:43483, 5d850b7b-f02e-4029-a6ce-7c22cb722049:192.168.157.246:45173, 8914721e-e6fd-428a-8274-c97b8de6844d:192.168.157.246:38699], old=null at 0
2019-09-17 07:18:17,281 [grpc-default-executor-6] INFO  segmented.SegmentedRaftLogWorker (SegmentedRaftLogWorker.java:startLogSegment(380)) - 5d850b7b-f02e-4029-a6ce-7c22cb722049@group-48638E47C87F-SegmentedRaftLogWorker: Starting segment from index:0
2019-09-17 07:18:17,283 [grpc-default-executor-6] INFO  impl.RaftServerImpl (ServerState.java:setRaftConf(354)) - 8914721e-e6fd-428a-8274-c97b8de6844d@group-48638E47C87F: set configuration 0: [783b8b0d-2e4b-4296-bbed-3f010e7af5dd:192.168.157.246:43483, 5d850b7b-f02e-4029-a6ce-7c22cb722049:192.168.157.246:45173, 8914721e-e6fd-428a-8274-c97b8de6844d:192.168.157.246:38699], old=null at 0
2019-09-17 07:18:17,283 [grpc-default-executor-6] INFO  segmented.SegmentedRaftLogWorker (SegmentedRaftLogWorker.java:startLogSegment(380)) - 8914721e-e6fd-428a-8274-c97b8de6844d@group-48638E47C87F-SegmentedRaftLogWorker: Starting segment from index:0
2019-09-17 07:18:17,284 [783b8b0d-2e4b-4296-bbed-3f010e7af5dd@group-0079E7F92F82:LeaderElection91] INFO  impl.RoleInfo (RoleInfo.java:updateAndGet(143)) - 783b8b0d-2e4b-4296-bbed-3f010e7af5dd: start LeaderState
2019-09-17 07:18:17,284 [783b8b0d-2e4b-4296-bbed-3f010e7af5dd@group-0079E7F92F82:LeaderElection91] INFO  segmented.SegmentedRaftLogWorker (SegmentedRaftLogWorker.java:startLogSegment(380)) - 783b8b0d-2e4b-4296-bbed-3f010e7af5dd@group-0079E7F92F82-SegmentedRaftLogWorker: Starting segment from index:0
2019-09-17 07:18:17,284 [783b8b0d-2e4b-4296-bbed-3f010e7af5dd@group-0079E7F92F82:LeaderElection91] INFO  impl.RaftServerImpl (ServerState.java:setRaftConf(354)) - 783b8b0d-2e4b-4296-bbed-3f010e7af5dd@group-0079E7F92F82: set configuration 0: [783b8b0d-2e4b-4296-bbed-3f010e7af5dd:192.168.157.246:43483], old=null at 0
2019-09-17 07:18:17,289 [783b8b0d-2e4b-4296-bbed-3f010e7af5dd@group-48638E47C87F-SegmentedRaftLogWorker] INFO  segmented.SegmentedRaftLogWorker (SegmentedRaftLogWorker.java:execute(569)) - 783b8b0d-2e4b-4296-bbed-3f010e7af5dd@group-48638E47C87F-SegmentedRaftLogWorker: created new log segment /workdir/hadoop-ozone/integration-test/target/test-dir/MiniOzoneClusterImpl-23941a65-3452-474d-b3c0-503ff93f6bad/datanode-2/data/ratis/7701c700-c295-448b-ae11-48638e47c87f/current/log_inprogress_0
2019-09-17 07:18:17,316 [Thread-3954] INFO  impl.FollowerState (FollowerState.java:run(106)) - d2382816-3e88-4f44-9ea2-137bcd39c785:group-179990AD19C9 changes to CANDIDATE, lastRpcTime:5127, electionTimeout:5121ms
2019-09-17 07:18:17,316 [Thread-3954] INFO  impl.RoleInfo (RoleInfo.java:shutdownFollowerState(121)) - d2382816-3e88-4f44-9ea2-137bcd39c785: shutdown FollowerState
2019-09-17 07:18:17,316 [Thread-3954] INFO  impl.RaftServerImpl (RaftServerImpl.java:setRole(174)) - d2382816-3e88-4f44-9ea2-137bcd39c785@group-179990AD19C9: changes role from  FOLLOWER to CANDIDATE at term 0 for changeToCandidate
2019-09-17 07:18:17,316 [Thread-3954] INFO  impl.RoleInfo (RoleInfo.java:updateAndGet(143)) - d2382816-3e88-4f44-9ea2-137bcd39c785: start LeaderElection
2019-09-17 07:18:17,337 [5d850b7b-f02e-4029-a6ce-7c22cb722049@group-48638E47C87F-SegmentedRaftLogWorker] INFO  segmented.SegmentedRaftLogWorker (SegmentedRaftLogWorker.java:execute(569)) - 5d850b7b-f02e-4029-a6ce-7c22cb722049@group-48638E47C87F-SegmentedRaftLogWorker: created new log segment /workdir/hadoop-ozone/integration-test/target/test-dir/MiniOzoneClusterImpl-23941a65-3452-474d-b3c0-503ff93f6bad/datanode-0/data/ratis/7701c700-c295-448b-ae11-48638e47c87f/current/log_inprogress_0
2019-09-17 07:18:17,337 [783b8b0d-2e4b-4296-bbed-3f010e7af5dd@group-0079E7F92F82-SegmentedRaftLogWorker] INFO  segmented.SegmentedRaftLogWorker (SegmentedRaftLogWorker.java:execute(569)) - 783b8b0d-2e4b-4296-bbed-3f010e7af5dd@group-0079E7F92F82-SegmentedRaftLogWorker: created new log segment /workdir/hadoop-ozone/integration-test/target/test-dir/MiniOzoneClusterImpl-23941a65-3452-474d-b3c0-503ff93f6bad/datanode-2/data/ratis/c3e332df-2189-4261-ab20-0079e7f92f82/current/log_inprogress_0
2019-09-17 07:18:17,337 [8914721e-e6fd-428a-8274-c97b8de6844d@group-48638E47C87F-SegmentedRaftLogWorker] INFO  segmented.SegmentedRaftLogWorker (SegmentedRaftLogWorker.java:execute(569)) - 8914721e-e6fd-428a-8274-c97b8de6844d@group-48638E47C87F-SegmentedRaftLogWorker: created new log segment /workdir/hadoop-ozone/integration-test/target/test-dir/MiniOzoneClusterImpl-23941a65-3452-474d-b3c0-503ff93f6bad/datanode-1/data/ratis/7701c700-c295-448b-ae11-48638e47c87f/current/log_inprogress_0
2019-09-17 07:18:17,346 [Thread-3961] INFO  impl.FollowerState (FollowerState.java:run(106)) - bc5ac98c-2c48-4d28-9cfb-f439c68ccdab:group-25F5D5F9F38F changes to CANDIDATE, lastRpcTime:5051, electionTimeout:5051ms
2019-09-17 07:18:17,346 [Thread-3961] INFO  impl.RoleInfo (RoleInfo.java:shutdownFollowerState(121)) - bc5ac98c-2c48-4d28-9cfb-f439c68ccdab: shutdown FollowerState
2019-09-17 07:18:17,346 [Thread-3961] INFO  impl.RaftServerImpl (RaftServerImpl.java:setRole(174)) - bc5ac98c-2c48-4d28-9cfb-f439c68ccdab@group-25F5D5F9F38F: changes role from  FOLLOWER to CANDIDATE at term 0 for changeToCandidate
2019-09-17 07:18:17,347 [Thread-3961] INFO  impl.RoleInfo (RoleInfo.java:updateAndGet(143)) - bc5ac98c-2c48-4d28-9cfb-f439c68ccdab: start LeaderElection
2019-09-17 07:18:17,351 [d2382816-3e88-4f44-9ea2-137bcd39c785@group-179990AD19C9:LeaderElection92] INFO  impl.LeaderElection (LeaderElection.java:askForVotes(182)) - d2382816-3e88-4f44-9ea2-137bcd39c785@group-179990AD19C9:LeaderElection92: begin an election at term 1 for -1: [d2382816-3e88-4f44-9ea2-137bcd39c785:192.168.157.246:33608], old=null
2019-09-17 07:18:17,351 [d2382816-3e88-4f44-9ea2-137bcd39c785@group-179990AD19C9:LeaderElection92] INFO  impl.RoleInfo (RoleInfo.java:shutdownLeaderElection(134)) - d2382816-3e88-4f44-9ea2-137bcd39c785: shutdown LeaderElection
2019-09-17 07:18:17,351 [d2382816-3e88-4f44-9ea2-137bcd39c785@group-179990AD19C9:LeaderElection92] INFO  impl.RaftServerImpl (RaftServerImpl.java:setRole(174)) - d2382816-3e88-4f44-9ea2-137bcd39c785@group-179990AD19C9: changes role from CANDIDATE to LEADER at term 1 for changeToLeader
2019-09-17 07:18:17,351 [d2382816-3e88-4f44-9ea2-137bcd39c785@group-179990AD19C9:LeaderElection92] INFO  impl.RaftServerImpl (ServerState.java:setLeader(253)) - d2382816-3e88-4f44-9ea2-137bcd39c785@group-179990AD19C9: change Leader from null to d2382816-3e88-4f44-9ea2-137bcd39c785 at term 1 for becomeLeader, leader elected after 5170ms
2019-09-17 07:18:17,352 [d2382816-3e88-4f44-9ea2-137bcd39c785@group-179990AD19C9:LeaderElection92] INFO  server.RaftServerConfigKeys (ConfUtils.java:logGet(43)) - raft.server.staging.catchup.gap = 1000 (default)
2019-09-17 07:18:17,352 [d2382816-3e88-4f44-9ea2-137bcd39c785@group-179990AD19C9:LeaderElection92] INFO  server.RaftServerConfigKeys (ConfUtils.java:logGet(43)) - raft.server.rpc.sleep.time = 25ms (default)
2019-09-17 07:18:17,352 [d2382816-3e88-4f44-9ea2-137bcd39c785@group-179990AD19C9:LeaderElection92] INFO  server.RaftServerConfigKeys (ConfUtils.java:logGet(43)) - raft.server.write.element-limit = 4096 (default)
2019-09-17 07:18:17,352 [d2382816-3e88-4f44-9ea2-137bcd39c785@group-179990AD19C9:LeaderElection92] INFO  server.RaftServerConfigKeys (ConfUtils.java:logGet(43)) - raft.server.watch.timeout = 10s (default)
2019-09-17 07:18:17,352 [d2382816-3e88-4f44-9ea2-137bcd39c785@group-179990AD19C9:LeaderElection92] INFO  server.RaftServerConfigKeys (ConfUtils.java:logGet(43)) - raft.server.watch.timeout.denomination = 1s (default)
2019-09-17 07:18:17,353 [d2382816-3e88-4f44-9ea2-137bcd39c785@group-179990AD19C9:LeaderElection92] INFO  server.RaftServerConfigKeys (ConfUtils.java:logGet(43)) - raft.server.watch.element-limit = 65536 (default)
2019-09-17 07:18:17,355 [d2382816-3e88-4f44-9ea2-137bcd39c785@group-179990AD19C9:LeaderElection92] INFO  impl.RoleInfo (RoleInfo.java:updateAndGet(143)) - d2382816-3e88-4f44-9ea2-137bcd39c785: start LeaderState
2019-09-17 07:18:17,355 [d2382816-3e88-4f44-9ea2-137bcd39c785@group-179990AD19C9:LeaderElection92] INFO  segmented.SegmentedRaftLogWorker (SegmentedRaftLogWorker.java:startLogSegment(380)) - d2382816-3e88-4f44-9ea2-137bcd39c785@group-179990AD19C9-SegmentedRaftLogWorker: Starting segment from index:0
2019-09-17 07:18:17,355 [d2382816-3e88-4f44-9ea2-137bcd39c785@group-179990AD19C9:LeaderElection92] INFO  impl.RaftServerImpl (ServerState.java:setRaftConf(354)) - d2382816-3e88-4f44-9ea2-137bcd39c785@group-179990AD19C9: set configuration 0: [d2382816-3e88-4f44-9ea2-137bcd39c785:192.168.157.246:33608], old=null at 0
2019-09-17 07:18:17,365 [bc5ac98c-2c48-4d28-9cfb-f439c68ccdab@group-25F5D5F9F38F:LeaderElection93] INFO  impl.LeaderElection (LeaderElection.java:askForVotes(182)) - bc5ac98c-2c48-4d28-9cfb-f439c68ccdab@group-25F5D5F9F38F:LeaderElection93: begin an election at term 1 for -1: [bc5ac98c-2c48-4d28-9cfb-f439c68ccdab:192.168.157.246:33665], old=null
2019-09-17 07:18:17,365 [bc5ac98c-2c48-4d28-9cfb-f439c68ccdab@group-25F5D5F9F38F:LeaderElection93] INFO  impl.RoleInfo (RoleInfo.java:shutdownLeaderElection(134)) - bc5ac98c-2c48-4d28-9cfb-f439c68ccdab: shutdown LeaderElection
2019-09-17 07:18:17,365 [bc5ac98c-2c48-4d28-9cfb-f439c68ccdab@group-25F5D5F9F38F:LeaderElection93] INFO  impl.RaftServerImpl (RaftServerImpl.java:setRole(174)) - bc5ac98c-2c48-4d28-9cfb-f439c68ccdab@group-25F5D5F9F38F: changes role from CANDIDATE to LEADER at term 1 for changeToLeader
2019-09-17 07:18:17,365 [bc5ac98c-2c48-4d28-9cfb-f439c68ccdab@group-25F5D5F9F38F:LeaderElection93] INFO  impl.RaftServerImpl (ServerState.java:setLeader(253)) - bc5ac98c-2c48-4d28-9cfb-f439c68ccdab@group-25F5D5F9F38F: change Leader from null to bc5ac98c-2c48-4d28-9cfb-f439c68ccdab at term 1 for becomeLeader, leader elected after 5082ms
2019-09-17 07:18:17,366 [bc5ac98c-2c48-4d28-9cfb-f439c68ccdab@group-25F5D5F9F38F:LeaderElection93] INFO  server.RaftServerConfigKeys (ConfUtils.java:logGet(43)) - raft.server.staging.catchup.gap = 1000 (default)
2019-09-17 07:18:17,366 [bc5ac98c-2c48-4d28-9cfb-f439c68ccdab@group-25F5D5F9F38F:LeaderElection93] INFO  server.RaftServerConfigKeys (ConfUtils.java:logGet(43)) - raft.server.rpc.sleep.time = 25ms (default)
2019-09-17 07:18:17,366 [bc5ac98c-2c48-4d28-9cfb-f439c68ccdab@group-25F5D5F9F38F:LeaderElection93] INFO  server.RaftServerConfigKeys (ConfUtils.java:logGet(43)) - raft.server.write.element-limit = 4096 (default)
2019-09-17 07:18:17,366 [bc5ac98c-2c48-4d28-9cfb-f439c68ccdab@group-25F5D5F9F38F:LeaderElection93] INFO  server.RaftServerConfigKeys (ConfUtils.java:logGet(43)) - raft.server.watch.timeout = 10s (default)
2019-09-17 07:18:17,366 [bc5ac98c-2c48-4d28-9cfb-f439c68ccdab@group-25F5D5F9F38F:LeaderElection93] INFO  server.RaftServerConfigKeys (ConfUtils.java:logGet(43)) - raft.server.watch.timeout.denomination = 1s (default)
2019-09-17 07:18:17,366 [bc5ac98c-2c48-4d28-9cfb-f439c68ccdab@group-25F5D5F9F38F:LeaderElection93] INFO  server.RaftServerConfigKeys (ConfUtils.java:logGet(43)) - raft.server.watch.element-limit = 65536 (default)
2019-09-17 07:18:17,368 [bc5ac98c-2c48-4d28-9cfb-f439c68ccdab@group-25F5D5F9F38F:LeaderElection93] INFO  impl.RoleInfo (RoleInfo.java:updateAndGet(143)) - bc5ac98c-2c48-4d28-9cfb-f439c68ccdab: start LeaderState
2019-09-17 07:18:17,368 [bc5ac98c-2c48-4d28-9cfb-f439c68ccdab@group-25F5D5F9F38F:LeaderElection93] INFO  segmented.SegmentedRaftLogWorker (SegmentedRaftLogWorker.java:startLogSegment(380)) - bc5ac98c-2c48-4d28-9cfb-f439c68ccdab@group-25F5D5F9F38F-SegmentedRaftLogWorker: Starting segment from index:0
2019-09-17 07:18:17,368 [bc5ac98c-2c48-4d28-9cfb-f439c68ccdab@group-25F5D5F9F38F:LeaderElection93] INFO  impl.RaftServerImpl (ServerState.java:setRaftConf(354)) - bc5ac98c-2c48-4d28-9cfb-f439c68ccdab@group-25F5D5F9F38F: set configuration 0: [bc5ac98c-2c48-4d28-9cfb-f439c68ccdab:192.168.157.246:33665], old=null at 0
2019-09-17 07:18:17,400 [Thread-3965] INFO  impl.FollowerState (FollowerState.java:run(106)) - d9c705ac-0a89-46f8-8359-de24410f3e43:group-E948ED9B1D44 changes to CANDIDATE, lastRpcTime:5038, electionTimeout:5028ms
2019-09-17 07:18:17,400 [Thread-3965] INFO  impl.RoleInfo (RoleInfo.java:shutdownFollowerState(121)) - d9c705ac-0a89-46f8-8359-de24410f3e43: shutdown FollowerState
2019-09-17 07:18:17,400 [Thread-3965] INFO  impl.RaftServerImpl (RaftServerImpl.java:setRole(174)) - d9c705ac-0a89-46f8-8359-de24410f3e43@group-E948ED9B1D44: changes role from  FOLLOWER to CANDIDATE at term 0 for changeToCandidate
2019-09-17 07:18:17,400 [Thread-3965] INFO  impl.RoleInfo (RoleInfo.java:updateAndGet(143)) - d9c705ac-0a89-46f8-8359-de24410f3e43: start LeaderElection
2019-09-17 07:18:17,412 [bc5ac98c-2c48-4d28-9cfb-f439c68ccdab@group-25F5D5F9F38F-SegmentedRaftLogWorker] INFO  segmented.SegmentedRaftLogWorker (SegmentedRaftLogWorker.java:execute(569)) - bc5ac98c-2c48-4d28-9cfb-f439c68ccdab@group-25F5D5F9F38F-SegmentedRaftLogWorker: created new log segment /workdir/hadoop-ozone/integration-test/target/test-dir/MiniOzoneClusterImpl-23941a65-3452-474d-b3c0-503ff93f6bad/datanode-5/data/ratis/d03e74f2-b285-495f-9be6-25f5d5f9f38f/current/log_inprogress_0
2019-09-17 07:18:17,412 [d2382816-3e88-4f44-9ea2-137bcd39c785@group-179990AD19C9-SegmentedRaftLogWorker] INFO  segmented.SegmentedRaftLogWorker (SegmentedRaftLogWorker.java:execute(569)) - d2382816-3e88-4f44-9ea2-137bcd39c785@group-179990AD19C9-SegmentedRaftLogWorker: created new log segment /workdir/hadoop-ozone/integration-test/target/test-dir/MiniOzoneClusterImpl-23941a65-3452-474d-b3c0-503ff93f6bad/datanode-3/data/ratis/43dc48d0-885a-48d9-9c62-179990ad19c9/current/log_inprogress_0
2019-09-17 07:18:17,413 [d9c705ac-0a89-46f8-8359-de24410f3e43@group-E948ED9B1D44:LeaderElection94] INFO  impl.LeaderElection (LeaderElection.java:askForVotes(182)) - d9c705ac-0a89-46f8-8359-de24410f3e43@group-E948ED9B1D44:LeaderElection94: begin an election at term 1 for -1: [d9c705ac-0a89-46f8-8359-de24410f3e43:192.168.157.246:36206], old=null
2019-09-17 07:18:17,413 [d9c705ac-0a89-46f8-8359-de24410f3e43@group-E948ED9B1D44:LeaderElection94] INFO  impl.RoleInfo (RoleInfo.java:shutdownLeaderElection(134)) - d9c705ac-0a89-46f8-8359-de24410f3e43: shutdown LeaderElection
2019-09-17 07:18:17,413 [d9c705ac-0a89-46f8-8359-de24410f3e43@group-E948ED9B1D44:LeaderElection94] INFO  impl.RaftServerImpl (RaftServerImpl.java:setRole(174)) - d9c705ac-0a89-46f8-8359-de24410f3e43@group-E948ED9B1D44: changes role from CANDIDATE to LEADER at term 1 for changeToLeader
2019-09-17 07:18:17,413 [d9c705ac-0a89-46f8-8359-de24410f3e43@group-E948ED9B1D44:LeaderElection94] INFO  impl.RaftServerImpl (ServerState.java:setLeader(253)) - d9c705ac-0a89-46f8-8359-de24410f3e43@group-E948ED9B1D44: change Leader from null to d9c705ac-0a89-46f8-8359-de24410f3e43 at term 1 for becomeLeader, leader elected after 5058ms
2019-09-17 07:18:17,413 [d9c705ac-0a89-46f8-8359-de24410f3e43@group-E948ED9B1D44:LeaderElection94] INFO  server.RaftServerConfigKeys (ConfUtils.java:logGet(43)) - raft.server.staging.catchup.gap = 1000 (default)
2019-09-17 07:18:17,414 [d9c705ac-0a89-46f8-8359-de24410f3e43@group-E948ED9B1D44:LeaderElection94] INFO  server.RaftServerConfigKeys (ConfUtils.java:logGet(43)) - raft.server.rpc.sleep.time = 25ms (default)
2019-09-17 07:18:17,414 [d9c705ac-0a89-46f8-8359-de24410f3e43@group-E948ED9B1D44:LeaderElection94] INFO  server.RaftServerConfigKeys (ConfUtils.java:logGet(43)) - raft.server.write.element-limit = 4096 (default)
2019-09-17 07:18:17,414 [d9c705ac-0a89-46f8-8359-de24410f3e43@group-E948ED9B1D44:LeaderElection94] INFO  server.RaftServerConfigKeys (ConfUtils.java:logGet(43)) - raft.server.watch.timeout = 10s (default)
2019-09-17 07:18:17,414 [d9c705ac-0a89-46f8-8359-de24410f3e43@group-E948ED9B1D44:LeaderElection94] INFO  server.RaftServerConfigKeys (ConfUtils.java:logGet(43)) - raft.server.watch.timeout.denomination = 1s (default)
2019-09-17 07:18:17,414 [d9c705ac-0a89-46f8-8359-de24410f3e43@group-E948ED9B1D44:LeaderElection94] INFO  server.RaftServerConfigKeys (ConfUtils.java:logGet(43)) - raft.server.watch.element-limit = 65536 (default)
2019-09-17 07:18:17,415 [Thread-3957] INFO  impl.FollowerState (FollowerState.java:run(106)) - 56dbe93a-5974-4a13-8b2c-4d24aa3aff1d:group-50C122BF77EF changes to CANDIDATE, lastRpcTime:5168, electionTimeout:5168ms
2019-09-17 07:18:17,415 [Thread-3957] INFO  impl.RoleInfo (RoleInfo.java:shutdownFollowerState(121)) - 56dbe93a-5974-4a13-8b2c-4d24aa3aff1d: shutdown FollowerState
2019-09-17 07:18:17,415 [Thread-3957] INFO  impl.RaftServerImpl (RaftServerImpl.java:setRole(174)) - 56dbe93a-5974-4a13-8b2c-4d24aa3aff1d@group-50C122BF77EF: changes role from  FOLLOWER to CANDIDATE at term 0 for changeToCandidate
2019-09-17 07:18:17,416 [Thread-3957] INFO  impl.RoleInfo (RoleInfo.java:updateAndGet(143)) - 56dbe93a-5974-4a13-8b2c-4d24aa3aff1d: start LeaderElection
2019-09-17 07:18:17,420 [d9c705ac-0a89-46f8-8359-de24410f3e43@group-E948ED9B1D44:LeaderElection94] INFO  impl.RoleInfo (RoleInfo.java:updateAndGet(143)) - d9c705ac-0a89-46f8-8359-de24410f3e43: start LeaderState
2019-09-17 07:18:17,420 [d9c705ac-0a89-46f8-8359-de24410f3e43@group-E948ED9B1D44:LeaderElection94] INFO  segmented.SegmentedRaftLogWorker (SegmentedRaftLogWorker.java:startLogSegment(380)) - d9c705ac-0a89-46f8-8359-de24410f3e43@group-E948ED9B1D44-SegmentedRaftLogWorker: Starting segment from index:0
2019-09-17 07:18:17,421 [d9c705ac-0a89-46f8-8359-de24410f3e43@group-E948ED9B1D44:LeaderElection94] INFO  impl.RaftServerImpl (ServerState.java:setRaftConf(354)) - d9c705ac-0a89-46f8-8359-de24410f3e43@group-E948ED9B1D44: set configuration 0: [d9c705ac-0a89-46f8-8359-de24410f3e43:192.168.157.246:36206], old=null at 0
2019-09-17 07:18:17,459 [56dbe93a-5974-4a13-8b2c-4d24aa3aff1d@group-50C122BF77EF:LeaderElection95] INFO  impl.LeaderElection (LeaderElection.java:askForVotes(182)) - 56dbe93a-5974-4a13-8b2c-4d24aa3aff1d@group-50C122BF77EF:LeaderElection95: begin an election at term 1 for -1: [56dbe93a-5974-4a13-8b2c-4d24aa3aff1d:192.168.157.246:43571], old=null
2019-09-17 07:18:17,459 [56dbe93a-5974-4a13-8b2c-4d24aa3aff1d@group-50C122BF77EF:LeaderElection95] INFO  impl.RoleInfo (RoleInfo.java:shutdownLeaderElection(134)) - 56dbe93a-5974-4a13-8b2c-4d24aa3aff1d: shutdown LeaderElection
2019-09-17 07:18:17,459 [56dbe93a-5974-4a13-8b2c-4d24aa3aff1d@group-50C122BF77EF:LeaderElection95] INFO  impl.RaftServerImpl (RaftServerImpl.java:setRole(174)) - 56dbe93a-5974-4a13-8b2c-4d24aa3aff1d@group-50C122BF77EF: changes role from CANDIDATE to LEADER at term 1 for changeToLeader
2019-09-17 07:18:17,459 [56dbe93a-5974-4a13-8b2c-4d24aa3aff1d@group-50C122BF77EF:LeaderElection95] INFO  impl.RaftServerImpl (ServerState.java:setLeader(253)) - 56dbe93a-5974-4a13-8b2c-4d24aa3aff1d@group-50C122BF77EF: change Leader from null to 56dbe93a-5974-4a13-8b2c-4d24aa3aff1d at term 1 for becomeLeader, leader elected after 5218ms
2019-09-17 07:18:17,460 [56dbe93a-5974-4a13-8b2c-4d24aa3aff1d@group-50C122BF77EF:LeaderElection95] INFO  server.RaftServerConfigKeys (ConfUtils.java:logGet(43)) - raft.server.staging.catchup.gap = 1000 (default)
2019-09-17 07:18:17,460 [56dbe93a-5974-4a13-8b2c-4d24aa3aff1d@group-50C122BF77EF:LeaderElection95] INFO  server.RaftServerConfigKeys (ConfUtils.java:logGet(43)) - raft.server.rpc.sleep.time = 25ms (default)
2019-09-17 07:18:17,460 [56dbe93a-5974-4a13-8b2c-4d24aa3aff1d@group-50C122BF77EF:LeaderElection95] INFO  server.RaftServerConfigKeys (ConfUtils.java:logGet(43)) - raft.server.write.element-limit = 4096 (default)
2019-09-17 07:18:17,460 [56dbe93a-5974-4a13-8b2c-4d24aa3aff1d@group-50C122BF77EF:LeaderElection95] INFO  server.RaftServerConfigKeys (ConfUtils.java:logGet(43)) - raft.server.watch.timeout = 10s (default)
2019-09-17 07:18:17,460 [56dbe93a-5974-4a13-8b2c-4d24aa3aff1d@group-50C122BF77EF:LeaderElection95] INFO  server.RaftServerConfigKeys (ConfUtils.java:logGet(43)) - raft.server.watch.timeout.denomination = 1s (default)
2019-09-17 07:18:17,460 [56dbe93a-5974-4a13-8b2c-4d24aa3aff1d@group-50C122BF77EF:LeaderElection95] INFO  server.RaftServerConfigKeys (ConfUtils.java:logGet(43)) - raft.server.watch.element-limit = 65536 (default)
2019-09-17 07:18:17,462 [56dbe93a-5974-4a13-8b2c-4d24aa3aff1d@group-50C122BF77EF:LeaderElection95] INFO  impl.RoleInfo (RoleInfo.java:updateAndGet(143)) - 56dbe93a-5974-4a13-8b2c-4d24aa3aff1d: start LeaderState
2019-09-17 07:18:17,462 [56dbe93a-5974-4a13-8b2c-4d24aa3aff1d@group-50C122BF77EF:LeaderElection95] INFO  segmented.SegmentedRaftLogWorker (SegmentedRaftLogWorker.java:startLogSegment(380)) - 56dbe93a-5974-4a13-8b2c-4d24aa3aff1d@group-50C122BF77EF-SegmentedRaftLogWorker: Starting segment from index:0
2019-09-17 07:18:17,462 [56dbe93a-5974-4a13-8b2c-4d24aa3aff1d@group-50C122BF77EF:LeaderElection95] INFO  impl.RaftServerImpl (ServerState.java:setRaftConf(354)) - 56dbe93a-5974-4a13-8b2c-4d24aa3aff1d@group-50C122BF77EF: set configuration 0: [56dbe93a-5974-4a13-8b2c-4d24aa3aff1d:192.168.157.246:43571], old=null at 0
2019-09-17 07:18:17,471 [d9c705ac-0a89-46f8-8359-de24410f3e43@group-E948ED9B1D44-SegmentedRaftLogWorker] INFO  segmented.SegmentedRaftLogWorker (SegmentedRaftLogWorker.java:execute(569)) - d9c705ac-0a89-46f8-8359-de24410f3e43@group-E948ED9B1D44-SegmentedRaftLogWorker: created new log segment /workdir/hadoop-ozone/integration-test/target/test-dir/MiniOzoneClusterImpl-23941a65-3452-474d-b3c0-503ff93f6bad/datanode-6/data/ratis/a6e31232-fb55-49ea-93bc-e948ed9b1d44/current/log_inprogress_0
2019-09-17 07:18:17,509 [Thread-3972] INFO  impl.FollowerState (FollowerState.java:run(106)) - 56dbe93a-5974-4a13-8b2c-4d24aa3aff1d:group-ACD078D67A55 changes to CANDIDATE, lastRpcTime:5083, electionTimeout:5073ms
2019-09-17 07:18:17,509 [Thread-3972] INFO  impl.RoleInfo (RoleInfo.java:shutdownFollowerState(121)) - 56dbe93a-5974-4a13-8b2c-4d24aa3aff1d: shutdown FollowerState
2019-09-17 07:18:17,509 [Thread-3972] INFO  impl.RaftServerImpl (RaftServerImpl.java:setRole(174)) - 56dbe93a-5974-4a13-8b2c-4d24aa3aff1d@group-ACD078D67A55: changes role from  FOLLOWER to CANDIDATE at term 0 for changeToCandidate
2019-09-17 07:18:17,509 [Thread-3972] INFO  impl.RoleInfo (RoleInfo.java:updateAndGet(143)) - 56dbe93a-5974-4a13-8b2c-4d24aa3aff1d: start LeaderElection
2019-09-17 07:18:17,515 [grpc-default-executor-6] INFO  client.GrpcClientProtocolClient (GrpcClientProtocolClient.java:onNext(264)) - client-AF8003830DD9->5d850b7b-f02e-4029-a6ce-7c22cb722049: receive RaftClientReply:client-AF8003830DD9->5d850b7b-f02e-4029-a6ce-7c22cb722049@group-48638E47C87F, cid=229, FAILED org.apache.ratis.protocol.NotLeaderException: Server 5d850b7b-f02e-4029-a6ce-7c22cb722049@group-48638E47C87F is not the leader 783b8b0d-2e4b-4296-bbed-3f010e7af5dd:192.168.157.246:43483, logIndex=0, commits[5d850b7b-f02e-4029-a6ce-7c22cb722049:c-1, 783b8b0d-2e4b-4296-bbed-3f010e7af5dd:c-1, 8914721e-e6fd-428a-8274-c97b8de6844d:c-1]
2019-09-17 07:18:17,517 [Thread-3973] INFO  impl.FollowerState (FollowerState.java:run(106)) - d2382816-3e88-4f44-9ea2-137bcd39c785:group-ACD078D67A55 changes to CANDIDATE, lastRpcTime:5091, electionTimeout:5089ms
2019-09-17 07:18:17,518 [Thread-3973] INFO  impl.RoleInfo (RoleInfo.java:shutdownFollowerState(121)) - d2382816-3e88-4f44-9ea2-137bcd39c785: shutdown FollowerState
2019-09-17 07:18:17,518 [Thread-3973] INFO  impl.RaftServerImpl (RaftServerImpl.java:setRole(174)) - d2382816-3e88-4f44-9ea2-137bcd39c785@group-ACD078D67A55: changes role from  FOLLOWER to CANDIDATE at term 0 for changeToCandidate
2019-09-17 07:18:17,518 [Thread-3973] INFO  impl.RoleInfo (RoleInfo.java:updateAndGet(143)) - d2382816-3e88-4f44-9ea2-137bcd39c785: start LeaderElection
2019-09-17 07:18:17,522 [56dbe93a-5974-4a13-8b2c-4d24aa3aff1d@group-50C122BF77EF-SegmentedRaftLogWorker] INFO  segmented.SegmentedRaftLogWorker (SegmentedRaftLogWorker.java:execute(569)) - 56dbe93a-5974-4a13-8b2c-4d24aa3aff1d@group-50C122BF77EF-SegmentedRaftLogWorker: created new log segment /workdir/hadoop-ozone/integration-test/target/test-dir/MiniOzoneClusterImpl-23941a65-3452-474d-b3c0-503ff93f6bad/datanode-4/data/ratis/2775592b-fafa-4fa9-b4d2-50c122bf77ef/current/log_inprogress_0
2019-09-17 07:18:17,522 [56dbe93a-5974-4a13-8b2c-4d24aa3aff1d@group-ACD078D67A55:LeaderElection96] INFO  impl.LeaderElection (LeaderElection.java:askForVotes(182)) - 56dbe93a-5974-4a13-8b2c-4d24aa3aff1d@group-ACD078D67A55:LeaderElection96: begin an election at term 1 for -1: [bc5ac98c-2c48-4d28-9cfb-f439c68ccdab:192.168.157.246:33665, d2382816-3e88-4f44-9ea2-137bcd39c785:192.168.157.246:33608, 56dbe93a-5974-4a13-8b2c-4d24aa3aff1d:192.168.157.246:43571], old=null
2019-09-17 07:18:17,528 [grpc-default-executor-6] INFO  impl.RaftServerImpl (RaftServerImpl.java:setRole(174)) - bc5ac98c-2c48-4d28-9cfb-f439c68ccdab@group-ACD078D67A55: changes role from  FOLLOWER to FOLLOWER at term 1 for recognizeCandidate:56dbe93a-5974-4a13-8b2c-4d24aa3aff1d
2019-09-17 07:18:17,528 [grpc-default-executor-6] INFO  impl.RoleInfo (RoleInfo.java:shutdownFollowerState(121)) - bc5ac98c-2c48-4d28-9cfb-f439c68ccdab: shutdown FollowerState
2019-09-17 07:18:17,529 [grpc-default-executor-6] INFO  impl.RoleInfo (RoleInfo.java:updateAndGet(143)) - bc5ac98c-2c48-4d28-9cfb-f439c68ccdab: start FollowerState
2019-09-17 07:18:17,529 [Thread-3968] INFO  impl.FollowerState (FollowerState.java:run(115)) - bc5ac98c-2c48-4d28-9cfb-f439c68ccdab: FollowerState was interrupted: java.lang.InterruptedException: sleep interrupted
2019-09-17 07:18:17,539 [d2382816-3e88-4f44-9ea2-137bcd39c785@group-ACD078D67A55:LeaderElection97] INFO  impl.LeaderElection (LeaderElection.java:askForVotes(182)) - d2382816-3e88-4f44-9ea2-137bcd39c785@group-ACD078D67A55:LeaderElection97: begin an election at term 1 for -1: [bc5ac98c-2c48-4d28-9cfb-f439c68ccdab:192.168.157.246:33665, d2382816-3e88-4f44-9ea2-137bcd39c785:192.168.157.246:33608, 56dbe93a-5974-4a13-8b2c-4d24aa3aff1d:192.168.157.246:43571], old=null
2019-09-17 07:18:17,542 [56dbe93a-5974-4a13-8b2c-4d24aa3aff1d@group-ACD078D67A55:LeaderElection96] INFO  impl.LeaderElection (LeaderElection.java:logAndReturn(56)) - 56dbe93a-5974-4a13-8b2c-4d24aa3aff1d@group-ACD078D67A55:LeaderElection96: Election PASSED; received 1 response(s) [56dbe93a-5974-4a13-8b2c-4d24aa3aff1d<-bc5ac98c-2c48-4d28-9cfb-f439c68ccdab#0:OK-t1] and 0 exception(s); 56dbe93a-5974-4a13-8b2c-4d24aa3aff1d@group-ACD078D67A55:t1, leader=null, voted=56dbe93a-5974-4a13-8b2c-4d24aa3aff1d, raftlog=56dbe93a-5974-4a13-8b2c-4d24aa3aff1d@group-ACD078D67A55-SegmentedRaftLog:OPENED:c-1,f-1,i0, conf=-1: [bc5ac98c-2c48-4d28-9cfb-f439c68ccdab:192.168.157.246:33665, d2382816-3e88-4f44-9ea2-137bcd39c785:192.168.157.246:33608, 56dbe93a-5974-4a13-8b2c-4d24aa3aff1d:192.168.157.246:43571], old=null
2019-09-17 07:18:17,542 [56dbe93a-5974-4a13-8b2c-4d24aa3aff1d@group-ACD078D67A55:LeaderElection96] INFO  impl.RoleInfo (RoleInfo.java:shutdownLeaderElection(134)) - 56dbe93a-5974-4a13-8b2c-4d24aa3aff1d: shutdown LeaderElection
2019-09-17 07:18:17,543 [56dbe93a-5974-4a13-8b2c-4d24aa3aff1d@group-ACD078D67A55:LeaderElection96] INFO  impl.RaftServerImpl (RaftServerImpl.java:setRole(174)) - 56dbe93a-5974-4a13-8b2c-4d24aa3aff1d@group-ACD078D67A55: changes role from CANDIDATE to LEADER at term 1 for changeToLeader
2019-09-17 07:18:17,543 [56dbe93a-5974-4a13-8b2c-4d24aa3aff1d@group-ACD078D67A55:LeaderElection96] INFO  impl.RaftServerImpl (ServerState.java:setLeader(253)) - 56dbe93a-5974-4a13-8b2c-4d24aa3aff1d@group-ACD078D67A55: change Leader from null to 56dbe93a-5974-4a13-8b2c-4d24aa3aff1d at term 1 for becomeLeader, leader elected after 5128ms
2019-09-17 07:18:17,543 [56dbe93a-5974-4a13-8b2c-4d24aa3aff1d@group-ACD078D67A55:LeaderElection96] INFO  server.RaftServerConfigKeys (ConfUtils.java:logGet(43)) - raft.server.staging.catchup.gap = 1000 (default)
2019-09-17 07:18:17,543 [56dbe93a-5974-4a13-8b2c-4d24aa3aff1d@group-ACD078D67A55:LeaderElection96] INFO  server.RaftServerConfigKeys (ConfUtils.java:logGet(43)) - raft.server.rpc.sleep.time = 25ms (default)
2019-09-17 07:18:17,543 [56dbe93a-5974-4a13-8b2c-4d24aa3aff1d@group-ACD078D67A55:LeaderElection96] INFO  server.RaftServerConfigKeys (ConfUtils.java:logGet(43)) - raft.server.write.element-limit = 4096 (default)
2019-09-17 07:18:17,543 [56dbe93a-5974-4a13-8b2c-4d24aa3aff1d@group-ACD078D67A55:LeaderElection96] INFO  server.RaftServerConfigKeys (ConfUtils.java:logGet(43)) - raft.server.watch.timeout = 10s (default)
2019-09-17 07:18:17,543 [56dbe93a-5974-4a13-8b2c-4d24aa3aff1d@group-ACD078D67A55:LeaderElection96] INFO  server.RaftServerConfigKeys (ConfUtils.java:logGet(43)) - raft.server.watch.timeout.denomination = 1s (default)
2019-09-17 07:18:17,543 [56dbe93a-5974-4a13-8b2c-4d24aa3aff1d@group-ACD078D67A55:LeaderElection96] INFO  server.RaftServerConfigKeys (ConfUtils.java:logGet(43)) - raft.server.watch.element-limit = 65536 (default)
2019-09-17 07:18:17,548 [56dbe93a-5974-4a13-8b2c-4d24aa3aff1d@group-ACD078D67A55:LeaderElection96] INFO  server.RaftServerConfigKeys (ConfUtils.java:logGet(43)) - raft.server.log.appender.snapshot.chunk.size.max = 16MB (=16777216) (default)
2019-09-17 07:18:17,549 [56dbe93a-5974-4a13-8b2c-4d24aa3aff1d@group-ACD078D67A55:LeaderElection96] INFO  server.RaftServerConfigKeys (ConfUtils.java:logGet(43)) - raft.server.log.appender.buffer.byte-limit = 33554432 (custom)
2019-09-17 07:18:17,549 [56dbe93a-5974-4a13-8b2c-4d24aa3aff1d@group-ACD078D67A55:LeaderElection96] INFO  server.RaftServerConfigKeys (ConfUtils.java:logGet(43)) - raft.server.log.appender.buffer.element-limit = 1 (custom)
2019-09-17 07:18:17,549 [56dbe93a-5974-4a13-8b2c-4d24aa3aff1d@group-ACD078D67A55:LeaderElection96] INFO  grpc.GrpcConfigKeys$Server (ConfUtils.java:logGet(43)) - raft.grpc.server.leader.outstanding.appends.max = 128 (default)
2019-09-17 07:18:17,549 [56dbe93a-5974-4a13-8b2c-4d24aa3aff1d@group-ACD078D67A55:LeaderElection96] INFO  server.RaftServerConfigKeys (ConfUtils.java:logGet(43)) - raft.server.rpc.request.timeout = 3000ms (default)
2019-09-17 07:18:17,549 [56dbe93a-5974-4a13-8b2c-4d24aa3aff1d@group-ACD078D67A55:LeaderElection96] INFO  server.RaftServerConfigKeys (ConfUtils.java:logGet(43)) - raft.server.log.appender.install.snapshot.enabled = false (custom)
2019-09-17 07:18:17,549 [56dbe93a-5974-4a13-8b2c-4d24aa3aff1d@group-ACD078D67A55:LeaderElection96] INFO  server.RaftServerConfigKeys (ConfUtils.java:logGet(43)) - raft.server.log.appender.snapshot.chunk.size.max = 16MB (=16777216) (default)
2019-09-17 07:18:17,549 [56dbe93a-5974-4a13-8b2c-4d24aa3aff1d@group-ACD078D67A55:LeaderElection96] INFO  server.RaftServerConfigKeys (ConfUtils.java:logGet(43)) - raft.server.log.appender.buffer.byte-limit = 33554432 (custom)
2019-09-17 07:18:17,549 [56dbe93a-5974-4a13-8b2c-4d24aa3aff1d@group-ACD078D67A55:LeaderElection96] INFO  server.RaftServerConfigKeys (ConfUtils.java:logGet(43)) - raft.server.log.appender.buffer.element-limit = 1 (custom)
2019-09-17 07:18:17,550 [56dbe93a-5974-4a13-8b2c-4d24aa3aff1d@group-ACD078D67A55:LeaderElection96] INFO  grpc.GrpcConfigKeys$Server (ConfUtils.java:logGet(43)) - raft.grpc.server.leader.outstanding.appends.max = 128 (default)
2019-09-17 07:18:17,550 [56dbe93a-5974-4a13-8b2c-4d24aa3aff1d@group-ACD078D67A55:LeaderElection96] INFO  server.RaftServerConfigKeys (ConfUtils.java:logGet(43)) - raft.server.rpc.request.timeout = 3000ms (default)
2019-09-17 07:18:17,550 [56dbe93a-5974-4a13-8b2c-4d24aa3aff1d@group-ACD078D67A55:LeaderElection96] INFO  server.RaftServerConfigKeys (ConfUtils.java:logGet(43)) - raft.server.log.appender.install.snapshot.enabled = false (custom)
2019-09-17 07:18:17,550 [56dbe93a-5974-4a13-8b2c-4d24aa3aff1d@group-ACD078D67A55:LeaderElection96] INFO  impl.RoleInfo (RoleInfo.java:updateAndGet(143)) - 56dbe93a-5974-4a13-8b2c-4d24aa3aff1d: start LeaderState
2019-09-17 07:18:17,550 [56dbe93a-5974-4a13-8b2c-4d24aa3aff1d@group-ACD078D67A55:LeaderElection96] INFO  segmented.SegmentedRaftLogWorker (SegmentedRaftLogWorker.java:startLogSegment(380)) - 56dbe93a-5974-4a13-8b2c-4d24aa3aff1d@group-ACD078D67A55-SegmentedRaftLogWorker: Starting segment from index:0
2019-09-17 07:18:17,551 [56dbe93a-5974-4a13-8b2c-4d24aa3aff1d@group-ACD078D67A55:LeaderElection96] INFO  impl.RaftServerImpl (ServerState.java:setRaftConf(354)) - 56dbe93a-5974-4a13-8b2c-4d24aa3aff1d@group-ACD078D67A55: set configuration 0: [bc5ac98c-2c48-4d28-9cfb-f439c68ccdab:192.168.157.246:33665, d2382816-3e88-4f44-9ea2-137bcd39c785:192.168.157.246:33608, 56dbe93a-5974-4a13-8b2c-4d24aa3aff1d:192.168.157.246:43571], old=null at 0
2019-09-17 07:18:17,580 [grpc-default-executor-6] INFO  impl.RaftServerImpl (RaftServerImpl.java:requestVote(758)) - 56dbe93a-5974-4a13-8b2c-4d24aa3aff1d@group-ACD078D67A55-   LEADER: Withhold vote from candidate d2382816-3e88-4f44-9ea2-137bcd39c785 with term 1. State: leader=56dbe93a-5974-4a13-8b2c-4d24aa3aff1d, term=1, lastRpcElapsed=null
2019-09-17 07:18:17,582 [d2382816-3e88-4f44-9ea2-137bcd39c785@group-ACD078D67A55:LeaderElection97] INFO  impl.LeaderElection (LeaderElection.java:logAndReturn(56)) - d2382816-3e88-4f44-9ea2-137bcd39c785@group-ACD078D67A55:LeaderElection97: Election REJECTED; received 2 response(s) [d2382816-3e88-4f44-9ea2-137bcd39c785<-bc5ac98c-2c48-4d28-9cfb-f439c68ccdab#0:FAIL-t1, d2382816-3e88-4f44-9ea2-137bcd39c785<-56dbe93a-5974-4a13-8b2c-4d24aa3aff1d#0:FAIL-t1] and 0 exception(s); d2382816-3e88-4f44-9ea2-137bcd39c785@group-ACD078D67A55:t1, leader=null, voted=d2382816-3e88-4f44-9ea2-137bcd39c785, raftlog=d2382816-3e88-4f44-9ea2-137bcd39c785@group-ACD078D67A55-SegmentedRaftLog:OPENED:c-1,f-1,i0, conf=-1: [bc5ac98c-2c48-4d28-9cfb-f439c68ccdab:192.168.157.246:33665, d2382816-3e88-4f44-9ea2-137bcd39c785:192.168.157.246:33608, 56dbe93a-5974-4a13-8b2c-4d24aa3aff1d:192.168.157.246:43571], old=null
2019-09-17 07:18:17,583 [d2382816-3e88-4f44-9ea2-137bcd39c785@group-ACD078D67A55:LeaderElection97] INFO  impl.RaftServerImpl (RaftServerImpl.java:setRole(174)) - d2382816-3e88-4f44-9ea2-137bcd39c785@group-ACD078D67A55: changes role from CANDIDATE to FOLLOWER at term 1 for DISCOVERED_A_NEW_TERM
2019-09-17 07:18:17,583 [grpc-default-executor-6] INFO  impl.RaftServerImpl (ServerState.java:setLeader(253)) - bc5ac98c-2c48-4d28-9cfb-f439c68ccdab@group-ACD078D67A55: change Leader from null to 56dbe93a-5974-4a13-8b2c-4d24aa3aff1d at term 1 for appendEntries, leader elected after 5169ms
2019-09-17 07:18:17,583 [d2382816-3e88-4f44-9ea2-137bcd39c785@group-ACD078D67A55:LeaderElection97] INFO  impl.RoleInfo (RoleInfo.java:shutdownLeaderElection(134)) - d2382816-3e88-4f44-9ea2-137bcd39c785: shutdown LeaderElection
2019-09-17 07:18:17,585 [d2382816-3e88-4f44-9ea2-137bcd39c785@group-ACD078D67A55:LeaderElection97] INFO  impl.RoleInfo (RoleInfo.java:updateAndGet(143)) - d2382816-3e88-4f44-9ea2-137bcd39c785: start FollowerState
2019-09-17 07:18:17,585 [grpc-default-executor-5] INFO  impl.RaftServerImpl (ServerState.java:setLeader(253)) - d2382816-3e88-4f44-9ea2-137bcd39c785@group-ACD078D67A55: change Leader from null to 56dbe93a-5974-4a13-8b2c-4d24aa3aff1d at term 1 for appendEntries, leader elected after 5171ms
2019-09-17 07:18:17,587 [grpc-default-executor-5] INFO  impl.RaftServerImpl (ServerState.java:setRaftConf(354)) - bc5ac98c-2c48-4d28-9cfb-f439c68ccdab@group-ACD078D67A55: set configuration 0: [bc5ac98c-2c48-4d28-9cfb-f439c68ccdab:192.168.157.246:33665, d2382816-3e88-4f44-9ea2-137bcd39c785:192.168.157.246:33608, 56dbe93a-5974-4a13-8b2c-4d24aa3aff1d:192.168.157.246:43571], old=null at 0
2019-09-17 07:18:17,587 [grpc-default-executor-5] INFO  segmented.SegmentedRaftLogWorker (SegmentedRaftLogWorker.java:startLogSegment(380)) - bc5ac98c-2c48-4d28-9cfb-f439c68ccdab@group-ACD078D67A55-SegmentedRaftLogWorker: Starting segment from index:0
2019-09-17 07:18:17,587 [grpc-default-executor-5] INFO  impl.RaftServerImpl (ServerState.java:setRaftConf(354)) - d2382816-3e88-4f44-9ea2-137bcd39c785@group-ACD078D67A55: set configuration 0: [bc5ac98c-2c48-4d28-9cfb-f439c68ccdab:192.168.157.246:33665, d2382816-3e88-4f44-9ea2-137bcd39c785:192.168.157.246:33608, 56dbe93a-5974-4a13-8b2c-4d24aa3aff1d:192.168.157.246:43571], old=null at 0
2019-09-17 07:18:17,587 [grpc-default-executor-5] INFO  segmented.SegmentedRaftLogWorker (SegmentedRaftLogWorker.java:startLogSegment(380)) - d2382816-3e88-4f44-9ea2-137bcd39c785@group-ACD078D67A55-SegmentedRaftLogWorker: Starting segment from index:0
2019-09-17 07:18:17,619 [56dbe93a-5974-4a13-8b2c-4d24aa3aff1d@group-ACD078D67A55-SegmentedRaftLogWorker] INFO  segmented.SegmentedRaftLogWorker (SegmentedRaftLogWorker.java:execute(569)) - 56dbe93a-5974-4a13-8b2c-4d24aa3aff1d@group-ACD078D67A55-SegmentedRaftLogWorker: created new log segment /workdir/hadoop-ozone/integration-test/target/test-dir/MiniOzoneClusterImpl-23941a65-3452-474d-b3c0-503ff93f6bad/datanode-4/data/ratis/e2d12d66-6f51-4a6d-953f-acd078d67a55/current/log_inprogress_0
2019-09-17 07:18:17,633 [d2382816-3e88-4f44-9ea2-137bcd39c785@group-ACD078D67A55-SegmentedRaftLogWorker] INFO  segmented.SegmentedRaftLogWorker (SegmentedRaftLogWorker.java:execute(569)) - d2382816-3e88-4f44-9ea2-137bcd39c785@group-ACD078D67A55-SegmentedRaftLogWorker: created new log segment /workdir/hadoop-ozone/integration-test/target/test-dir/MiniOzoneClusterImpl-23941a65-3452-474d-b3c0-503ff93f6bad/datanode-3/data/ratis/e2d12d66-6f51-4a6d-953f-acd078d67a55/current/log_inprogress_0
2019-09-17 07:18:17,633 [bc5ac98c-2c48-4d28-9cfb-f439c68ccdab@group-ACD078D67A55-SegmentedRaftLogWorker] INFO  segmented.SegmentedRaftLogWorker (SegmentedRaftLogWorker.java:execute(569)) - bc5ac98c-2c48-4d28-9cfb-f439c68ccdab@group-ACD078D67A55-SegmentedRaftLogWorker: created new log segment /workdir/hadoop-ozone/integration-test/target/test-dir/MiniOzoneClusterImpl-23941a65-3452-474d-b3c0-503ff93f6bad/datanode-5/data/ratis/e2d12d66-6f51-4a6d-953f-acd078d67a55/current/log_inprogress_0
2019-09-17 07:18:17,666 [grpc-default-executor-6] INFO  client.GrpcClientProtocolClient (GrpcClientProtocolClient.java:onNext(264)) - client-AF8003830DD9->783b8b0d-2e4b-4296-bbed-3f010e7af5dd: receive RaftClientReply:client-AF8003830DD9->783b8b0d-2e4b-4296-bbed-3f010e7af5dd@group-48638E47C87F, cid=229, SUCCESS, logIndex=1, commits[783b8b0d-2e4b-4296-bbed-3f010e7af5dd:c2, 5d850b7b-f02e-4029-a6ce-7c22cb722049:c0, 8914721e-e6fd-428a-8274-c97b8de6844d:c0]
2019-09-17 07:18:17,686 [grpc-default-executor-5] INFO  client.GrpcClientProtocolClient (GrpcClientProtocolClient.java:onNext(264)) - client-AF8003830DD9->783b8b0d-2e4b-4296-bbed-3f010e7af5dd: receive RaftClientReply:client-AF8003830DD9->783b8b0d-2e4b-4296-bbed-3f010e7af5dd@group-48638E47C87F, cid=230, SUCCESS, logIndex=3, commits[783b8b0d-2e4b-4296-bbed-3f010e7af5dd:c3, 5d850b7b-f02e-4029-a6ce-7c22cb722049:c2, 8914721e-e6fd-428a-8274-c97b8de6844d:c2]
2019-09-17 07:18:17,755 [grpc-default-executor-5] INFO  client.GrpcClientProtocolClient (GrpcClientProtocolClient.java:onNext(264)) - client-AF8003830DD9->783b8b0d-2e4b-4296-bbed-3f010e7af5dd: receive RaftClientReply:client-AF8003830DD9->783b8b0d-2e4b-4296-bbed-3f010e7af5dd@group-48638E47C87F, cid=231, SUCCESS, logIndex=4, commits[783b8b0d-2e4b-4296-bbed-3f010e7af5dd:c12, 5d850b7b-f02e-4029-a6ce-7c22cb722049:c7, 8914721e-e6fd-428a-8274-c97b8de6844d:c7]
2019-09-17 07:18:17,756 [grpc-default-executor-5] INFO  client.GrpcClientProtocolClient (GrpcClientProtocolClient.java:onNext(264)) - client-AF8003830DD9->783b8b0d-2e4b-4296-bbed-3f010e7af5dd: receive RaftClientReply:client-AF8003830DD9->783b8b0d-2e4b-4296-bbed-3f010e7af5dd@group-48638E47C87F, cid=232, SUCCESS, logIndex=5, commits[783b8b0d-2e4b-4296-bbed-3f010e7af5dd:c12, 5d850b7b-f02e-4029-a6ce-7c22cb722049:c7, 8914721e-e6fd-428a-8274-c97b8de6844d:c7]
2019-09-17 07:18:17,757 [grpc-default-executor-5] INFO  client.GrpcClientProtocolClient (GrpcClientProtocolClient.java:onNext(264)) - client-AF8003830DD9->783b8b0d-2e4b-4296-bbed-3f010e7af5dd: receive RaftClientReply:client-AF8003830DD9->783b8b0d-2e4b-4296-bbed-3f010e7af5dd@group-48638E47C87F, cid=233, SUCCESS, logIndex=6, commits[783b8b0d-2e4b-4296-bbed-3f010e7af5dd:c12, 5d850b7b-f02e-4029-a6ce-7c22cb722049:c7, 8914721e-e6fd-428a-8274-c97b8de6844d:c7]
2019-09-17 07:18:17,891 [grpc-default-executor-5] INFO  client.GrpcClientProtocolClient (GrpcClientProtocolClient.java:onNext(264)) - client-AF8003830DD9->783b8b0d-2e4b-4296-bbed-3f010e7af5dd: receive RaftClientReply:client-AF8003830DD9->783b8b0d-2e4b-4296-bbed-3f010e7af5dd@group-48638E47C87F, cid=234, SUCCESS, logIndex=7, commits[783b8b0d-2e4b-4296-bbed-3f010e7af5dd:c12, 5d850b7b-f02e-4029-a6ce-7c22cb722049:c7, 8914721e-e6fd-428a-8274-c97b8de6844d:c7]
2019-09-17 07:18:17,909 [grpc-default-executor-5] INFO  client.GrpcClientProtocolClient (GrpcClientProtocolClient.java:onNext(264)) - client-AF8003830DD9->783b8b0d-2e4b-4296-bbed-3f010e7af5dd: receive RaftClientReply:client-AF8003830DD9->783b8b0d-2e4b-4296-bbed-3f010e7af5dd@group-48638E47C87F, cid=235, SUCCESS, logIndex=13, commits[783b8b0d-2e4b-4296-bbed-3f010e7af5dd:c14, 5d850b7b-f02e-4029-a6ce-7c22cb722049:c12, 8914721e-e6fd-428a-8274-c97b8de6844d:c12]
2019-09-17 07:18:17,909 [grpc-default-executor-5] INFO  client.GrpcClientProtocolClient (GrpcClientProtocolClient.java:onNext(264)) - client-AF8003830DD9->783b8b0d-2e4b-4296-bbed-3f010e7af5dd: receive RaftClientReply:client-AF8003830DD9->783b8b0d-2e4b-4296-bbed-3f010e7af5dd@group-48638E47C87F, cid=236, SUCCESS, logIndex=14, commits[783b8b0d-2e4b-4296-bbed-3f010e7af5dd:c14, 5d850b7b-f02e-4029-a6ce-7c22cb722049:c12, 8914721e-e6fd-428a-8274-c97b8de6844d:c12]
2019-09-17 07:18:17,923 [grpc-default-executor-5] INFO  client.GrpcClientProtocolClient (GrpcClientProtocolClient.java:onNext(264)) - client-AF8003830DD9->783b8b0d-2e4b-4296-bbed-3f010e7af5dd: receive RaftClientReply:client-AF8003830DD9->783b8b0d-2e4b-4296-bbed-3f010e7af5dd@group-48638E47C87F, cid=237, SUCCESS, logIndex=0, commits[783b8b0d-2e4b-4296-bbed-3f010e7af5dd:c15, 5d850b7b-f02e-4029-a6ce-7c22cb722049:c14, 8914721e-e6fd-428a-8274-c97b8de6844d:c14]
2019-09-17 07:18:17,924 [EventQueue-CloseContainerForCloseContainerEventHandler] INFO  container.CloseContainerEventHandler (CloseContainerEventHandler.java:onMessage(61)) - Close container Event triggered for container : #1
2019-09-17 07:18:17,924 [EventQueue-CloseContainerForCloseContainerEventHandler] INFO  container.CloseContainerEventHandler (CloseContainerEventHandler.java:onMessage(61)) - Close container Event triggered for container : #1
2019-09-17 07:18:17,925 [EventQueue-CloseContainerForCloseContainerEventHandler] INFO  container.CloseContainerEventHandler (CloseContainerEventHandler.java:onMessage(61)) - Close container Event triggered for container : #1
2019-09-17 07:18:19,707 [RatisApplyTransactionExecutor 1] INFO  interfaces.Container (KeyValueContainer.java:flushAndSyncDB(386)) - Container 1 is synced with bcsId 14.
2019-09-17 07:18:19,707 [RatisApplyTransactionExecutor 1] INFO  interfaces.Container (KeyValueContainer.java:flushAndSyncDB(386)) - Container 1 is synced with bcsId 14.
2019-09-17 07:18:19,707 [RatisApplyTransactionExecutor 1] INFO  interfaces.Container (KeyValueContainer.java:flushAndSyncDB(386)) - Container 1 is synced with bcsId 14.
2019-09-17 07:18:19,708 [RatisApplyTransactionExecutor 1] INFO  interfaces.Container (KeyValueContainer.java:flushAndSyncDB(386)) - Container 1 is synced with bcsId 14.
2019-09-17 07:18:19,708 [RatisApplyTransactionExecutor 1] INFO  interfaces.Container (KeyValueContainer.java:flushAndSyncDB(386)) - Container 1 is synced with bcsId 14.
2019-09-17 07:18:19,708 [RatisApplyTransactionExecutor 1] INFO  interfaces.Container (KeyValueContainer.java:flushAndSyncDB(386)) - Container 1 is synced with bcsId 14.
2019-09-17 07:18:19,720 [RatisApplyTransactionExecutor 1] INFO  interfaces.Container (KeyValueContainer.java:close(335)) - Container 1 is closed with bcsId 14.
2019-09-17 07:18:19,720 [RatisApplyTransactionExecutor 1] INFO  interfaces.Container (KeyValueContainer.java:close(335)) - Container 1 is closed with bcsId 14.
2019-09-17 07:18:19,720 [RatisApplyTransactionExecutor 1] INFO  interfaces.Container (KeyValueContainer.java:close(335)) - Container 1 is closed with bcsId 14.
2019-09-17 07:18:19,721 [EventQueue-IncrementalContainerReportForIncrementalContainerReportHandler] INFO  container.IncrementalContainerReportHandler (AbstractContainerReportHandler.java:updateContainerState(176)) - Moving container #1 to CLOSED state, datanode 783b8b0d-2e4b-4296-bbed-3f010e7af5dd{ip: 192.168.157.246, host: pr-hdds-2016-n7825-135103490, networkLocation: /default-rack, certSerialId: null} reported CLOSED replica.
07:18:19.926 [grpc-default-executor-6] ERROR DNAudit - user=null | ip=null | op=WRITE_CHUNK {blockData=conID: 1 locID: 102806630723158035 bcsId: 14} | ret=FAILURE
org.apache.hadoop.hdds.scm.container.common.helpers.ContainerNotOpenException: Container 1 in CLOSED state
	at org.apache.hadoop.ozone.container.common.impl.HddsDispatcher.validateContainerCommand(HddsDispatcher.java:431) ~[hadoop-hdds-container-service-0.5.0-SNAPSHOT.jar:?]
	at org.apache.hadoop.ozone.container.common.transport.server.ratis.ContainerStateMachine.startTransaction(ContainerStateMachine.java:315) ~[hadoop-hdds-container-service-0.5.0-SNAPSHOT.jar:?]
	at org.apache.ratis.server.impl.RaftServerImpl.submitClientRequestAsync(RaftServerImpl.java:573) ~[ratis-server-0.4.0-78e95b9-SNAPSHOT.jar:0.4.0-78e95b9-SNAPSHOT]
	at org.apache.ratis.server.impl.RaftServerProxy.lambda$submitClientRequestAsync$7(RaftServerProxy.java:333) ~[ratis-server-0.4.0-78e95b9-SNAPSHOT.jar:0.4.0-78e95b9-SNAPSHOT]
	at org.apache.ratis.server.impl.RaftServerProxy.lambda$null$5(RaftServerProxy.java:328) ~[ratis-server-0.4.0-78e95b9-SNAPSHOT.jar:0.4.0-78e95b9-SNAPSHOT]
	at org.apache.ratis.util.JavaUtils.callAsUnchecked(JavaUtils.java:109) ~[ratis-common-0.4.0-78e95b9-SNAPSHOT.jar:0.4.0-78e95b9-SNAPSHOT]
	at org.apache.ratis.server.impl.RaftServerProxy.lambda$submitRequest$6(RaftServerProxy.java:328) ~[ratis-server-0.4.0-78e95b9-SNAPSHOT.jar:0.4.0-78e95b9-SNAPSHOT]
	at java.util.concurrent.CompletableFuture.uniComposeStage(CompletableFuture.java:981) ~[?:1.8.0_212]
	at java.util.concurrent.CompletableFuture.thenCompose(CompletableFuture.java:2124) ~[?:1.8.0_212]
	at org.apache.ratis.server.impl.RaftServerProxy.submitRequest(RaftServerProxy.java:327) ~[ratis-server-0.4.0-78e95b9-SNAPSHOT.jar:0.4.0-78e95b9-SNAPSHOT]
	at org.apache.ratis.server.impl.RaftServerProxy.submitClientRequestAsync(RaftServerProxy.java:333) ~[ratis-server-0.4.0-78e95b9-SNAPSHOT.jar:0.4.0-78e95b9-SNAPSHOT]
	at org.apache.ratis.grpc.client.GrpcClientProtocolService$RequestStreamObserver.processClientRequest(GrpcClientProtocolService.java:220) ~[ratis-grpc-0.4.0-78e95b9-SNAPSHOT.jar:0.4.0-78e95b9-SNAPSHOT]
	at org.apache.ratis.grpc.client.GrpcClientProtocolService$OrderedRequestStreamObserver.processClientRequest(GrpcClientProtocolService.java:326) ~[ratis-grpc-0.4.0-78e95b9-SNAPSHOT.jar:0.4.0-78e95b9-SNAPSHOT]
	at org.apache.ratis.util.SlidingWindow$Server.processRequestsFromHead(SlidingWindow.java:429) [ratis-common-0.4.0-78e95b9-SNAPSHOT.jar:0.4.0-78e95b9-SNAPSHOT]
	at org.apache.ratis.util.SlidingWindow$Server.receivedRequest(SlidingWindow.java:421) [ratis-common-0.4.0-78e95b9-SNAPSHOT.jar:0.4.0-78e95b9-SNAPSHOT]
	at org.apache.ratis.grpc.client.GrpcClientProtocolService$OrderedRequestStreamObserver.processClientRequest(GrpcClientProtocolService.java:345) [ratis-grpc-0.4.0-78e95b9-SNAPSHOT.jar:0.4.0-78e95b9-SNAPSHOT]
	at org.apache.ratis.grpc.client.GrpcClientProtocolService$RequestStreamObserver.onNext(GrpcClientProtocolService.java:240) [ratis-grpc-0.4.0-78e95b9-SNAPSHOT.jar:0.4.0-78e95b9-SNAPSHOT]
	at org.apache.ratis.grpc.client.GrpcClientProtocolService$RequestStreamObserver.onNext(GrpcClientProtocolService.java:168) [ratis-grpc-0.4.0-78e95b9-SNAPSHOT.jar:0.4.0-78e95b9-SNAPSHOT]
	at org.apache.ratis.thirdparty.io.grpc.stub.ServerCalls$StreamingServerCallHandler$StreamingServerCallListener.onMessage(ServerCalls.java:248) [ratis-thirdparty-misc-0.2.0.jar:0.2.0]
	at org.apache.ratis.thirdparty.io.grpc.internal.ServerCallImpl$ServerStreamListenerImpl.messagesAvailable(ServerCallImpl.java:263) [ratis-thirdparty-misc-0.2.0.jar:0.2.0]
	at org.apache.ratis.thirdparty.io.grpc.internal.ServerImpl$JumpToApplicationThreadServerStreamListener$1MessagesAvailable.runInContext(ServerImpl.java:686) [ratis-thirdparty-misc-0.2.0.jar:0.2.0]
	at org.apache.ratis.thirdparty.io.grpc.internal.ContextRunnable.run(ContextRunnable.java:37) [ratis-thirdparty-misc-0.2.0.jar:0.2.0]
	at org.apache.ratis.thirdparty.io.grpc.internal.SerializingExecutor.run(SerializingExecutor.java:123) [ratis-thirdparty-misc-0.2.0.jar:0.2.0]
	at java.util.concurrent.ThreadPoolExecutor.runWorker(ThreadPoolExecutor.java:1149) [?:1.8.0_212]
	at java.util.concurrent.ThreadPoolExecutor$Worker.run(ThreadPoolExecutor.java:624) [?:1.8.0_212]
	at java.lang.Thread.run(Thread.java:748) [?:1.8.0_212]
07:18:19.928 [grpc-default-executor-6] ERROR DNAudit - user=null | ip=null | op=WRITE_CHUNK {blockData=conID: 1 locID: 102806630723158035 bcsId: 14} | ret=FAILURE
org.apache.hadoop.hdds.scm.container.common.helpers.ContainerNotOpenException: Container 1 in CLOSED state
	at org.apache.hadoop.ozone.container.common.impl.HddsDispatcher.validateContainerCommand(HddsDispatcher.java:431) ~[hadoop-hdds-container-service-0.5.0-SNAPSHOT.jar:?]
	at org.apache.hadoop.ozone.container.common.transport.server.ratis.ContainerStateMachine.startTransaction(ContainerStateMachine.java:315) ~[hadoop-hdds-container-service-0.5.0-SNAPSHOT.jar:?]
	at org.apache.ratis.server.impl.RaftServerImpl.submitClientRequestAsync(RaftServerImpl.java:573) ~[ratis-server-0.4.0-78e95b9-SNAPSHOT.jar:0.4.0-78e95b9-SNAPSHOT]
	at org.apache.ratis.server.impl.RaftServerProxy.lambda$submitClientRequestAsync$7(RaftServerProxy.java:333) ~[ratis-server-0.4.0-78e95b9-SNAPSHOT.jar:0.4.0-78e95b9-SNAPSHOT]
	at org.apache.ratis.server.impl.RaftServerProxy.lambda$null$5(RaftServerProxy.java:328) ~[ratis-server-0.4.0-78e95b9-SNAPSHOT.jar:0.4.0-78e95b9-SNAPSHOT]
	at org.apache.ratis.util.JavaUtils.callAsUnchecked(JavaUtils.java:109) ~[ratis-common-0.4.0-78e95b9-SNAPSHOT.jar:0.4.0-78e95b9-SNAPSHOT]
	at org.apache.ratis.server.impl.RaftServerProxy.lambda$submitRequest$6(RaftServerProxy.java:328) ~[ratis-server-0.4.0-78e95b9-SNAPSHOT.jar:0.4.0-78e95b9-SNAPSHOT]
	at java.util.concurrent.CompletableFuture.uniComposeStage(CompletableFuture.java:981) ~[?:1.8.0_212]
	at java.util.concurrent.CompletableFuture.thenCompose(CompletableFuture.java:2124) ~[?:1.8.0_212]
	at org.apache.ratis.server.impl.RaftServerProxy.submitRequest(RaftServerProxy.java:327) ~[ratis-server-0.4.0-78e95b9-SNAPSHOT.jar:0.4.0-78e95b9-SNAPSHOT]
	at org.apache.ratis.server.impl.RaftServerProxy.submitClientRequestAsync(RaftServerProxy.java:333) ~[ratis-server-0.4.0-78e95b9-SNAPSHOT.jar:0.4.0-78e95b9-SNAPSHOT]
	at org.apache.ratis.grpc.client.GrpcClientProtocolService$RequestStreamObserver.processClientRequest(GrpcClientProtocolService.java:220) ~[ratis-grpc-0.4.0-78e95b9-SNAPSHOT.jar:0.4.0-78e95b9-SNAPSHOT]
	at org.apache.ratis.grpc.client.GrpcClientProtocolService$OrderedRequestStreamObserver.processClientRequest(GrpcClientProtocolService.java:326) ~[ratis-grpc-0.4.0-78e95b9-SNAPSHOT.jar:0.4.0-78e95b9-SNAPSHOT]
	at org.apache.ratis.util.SlidingWindow$Server.processRequestsFromHead(SlidingWindow.java:429) [ratis-common-0.4.0-78e95b9-SNAPSHOT.jar:0.4.0-78e95b9-SNAPSHOT]
	at org.apache.ratis.util.SlidingWindow$Server.receivedRequest(SlidingWindow.java:421) [ratis-common-0.4.0-78e95b9-SNAPSHOT.jar:0.4.0-78e95b9-SNAPSHOT]
	at org.apache.ratis.grpc.client.GrpcClientProtocolService$OrderedRequestStreamObserver.processClientRequest(GrpcClientProtocolService.java:345) [ratis-grpc-0.4.0-78e95b9-SNAPSHOT.jar:0.4.0-78e95b9-SNAPSHOT]
	at org.apache.ratis.grpc.client.GrpcClientProtocolService$RequestStreamObserver.onNext(GrpcClientProtocolService.java:240) [ratis-grpc-0.4.0-78e95b9-SNAPSHOT.jar:0.4.0-78e95b9-SNAPSHOT]
	at org.apache.ratis.grpc.client.GrpcClientProtocolService$RequestStreamObserver.onNext(GrpcClientProtocolService.java:168) [ratis-grpc-0.4.0-78e95b9-SNAPSHOT.jar:0.4.0-78e95b9-SNAPSHOT]
	at org.apache.ratis.thirdparty.io.grpc.stub.ServerCalls$StreamingServerCallHandler$StreamingServerCallListener.onMessage(ServerCalls.java:248) [ratis-thirdparty-misc-0.2.0.jar:0.2.0]
	at org.apache.ratis.thirdparty.io.grpc.internal.ServerCallImpl$ServerStreamListenerImpl.messagesAvailable(ServerCallImpl.java:263) [ratis-thirdparty-misc-0.2.0.jar:0.2.0]
	at org.apache.ratis.thirdparty.io.grpc.internal.ServerImpl$JumpToApplicationThreadServerStreamListener$1MessagesAvailable.runInContext(ServerImpl.java:686) [ratis-thirdparty-misc-0.2.0.jar:0.2.0]
	at org.apache.ratis.thirdparty.io.grpc.internal.ContextRunnable.run(ContextRunnable.java:37) [ratis-thirdparty-misc-0.2.0.jar:0.2.0]
	at org.apache.ratis.thirdparty.io.grpc.internal.SerializingExecutor.run(SerializingExecutor.java:123) [ratis-thirdparty-misc-0.2.0.jar:0.2.0]
	at java.util.concurrent.ThreadPoolExecutor.runWorker(ThreadPoolExecutor.java:1149) [?:1.8.0_212]
	at java.util.concurrent.ThreadPoolExecutor$Worker.run(ThreadPoolExecutor.java:624) [?:1.8.0_212]
	at java.lang.Thread.run(Thread.java:748) [?:1.8.0_212]
07:18:19.934 [grpc-default-executor-6] ERROR DNAudit - user=null | ip=null | op=PUT_BLOCK {blockData=[blockId=conID: 1 locID: 102806630723158035 bcsId: 0,size=650]} | ret=FAILURE
org.apache.hadoop.hdds.scm.container.common.helpers.ContainerNotOpenException: Container 1 in CLOSED state
	at org.apache.hadoop.ozone.container.common.impl.HddsDispatcher.validateContainerCommand(HddsDispatcher.java:431) ~[hadoop-hdds-container-service-0.5.0-SNAPSHOT.jar:?]
	at org.apache.hadoop.ozone.container.common.transport.server.ratis.ContainerStateMachine.startTransaction(ContainerStateMachine.java:315) ~[hadoop-hdds-container-service-0.5.0-SNAPSHOT.jar:?]
	at org.apache.ratis.server.impl.RaftServerImpl.submitClientRequestAsync(RaftServerImpl.java:573) ~[ratis-server-0.4.0-78e95b9-SNAPSHOT.jar:0.4.0-78e95b9-SNAPSHOT]
	at org.apache.ratis.server.impl.RaftServerProxy.lambda$submitClientRequestAsync$7(RaftServerProxy.java:333) ~[ratis-server-0.4.0-78e95b9-SNAPSHOT.jar:0.4.0-78e95b9-SNAPSHOT]
	at org.apache.ratis.server.impl.RaftServerProxy.lambda$null$5(RaftServerProxy.java:328) ~[ratis-server-0.4.0-78e95b9-SNAPSHOT.jar:0.4.0-78e95b9-SNAPSHOT]
	at org.apache.ratis.util.JavaUtils.callAsUnchecked(JavaUtils.java:109) ~[ratis-common-0.4.0-78e95b9-SNAPSHOT.jar:0.4.0-78e95b9-SNAPSHOT]
	at org.apache.ratis.server.impl.RaftServerProxy.lambda$submitRequest$6(RaftServerProxy.java:328) ~[ratis-server-0.4.0-78e95b9-SNAPSHOT.jar:0.4.0-78e95b9-SNAPSHOT]
	at java.util.concurrent.CompletableFuture.uniComposeStage(CompletableFuture.java:981) ~[?:1.8.0_212]
	at java.util.concurrent.CompletableFuture.thenCompose(CompletableFuture.java:2124) ~[?:1.8.0_212]
	at org.apache.ratis.server.impl.RaftServerProxy.submitRequest(RaftServerProxy.java:327) ~[ratis-server-0.4.0-78e95b9-SNAPSHOT.jar:0.4.0-78e95b9-SNAPSHOT]
	at org.apache.ratis.server.impl.RaftServerProxy.submitClientRequestAsync(RaftServerProxy.java:333) ~[ratis-server-0.4.0-78e95b9-SNAPSHOT.jar:0.4.0-78e95b9-SNAPSHOT]
	at org.apache.ratis.grpc.client.GrpcClientProtocolService$RequestStreamObserver.processClientRequest(GrpcClientProtocolService.java:220) ~[ratis-grpc-0.4.0-78e95b9-SNAPSHOT.jar:0.4.0-78e95b9-SNAPSHOT]
	at org.apache.ratis.grpc.client.GrpcClientProtocolService$OrderedRequestStreamObserver.processClientRequest(GrpcClientProtocolService.java:326) ~[ratis-grpc-0.4.0-78e95b9-SNAPSHOT.jar:0.4.0-78e95b9-SNAPSHOT]
	at org.apache.ratis.util.SlidingWindow$Server.processRequestsFromHead(SlidingWindow.java:429) [ratis-common-0.4.0-78e95b9-SNAPSHOT.jar:0.4.0-78e95b9-SNAPSHOT]
	at org.apache.ratis.util.SlidingWindow$Server.receivedRequest(SlidingWindow.java:421) [ratis-common-0.4.0-78e95b9-SNAPSHOT.jar:0.4.0-78e95b9-SNAPSHOT]
	at org.apache.ratis.grpc.client.GrpcClientProtocolService$OrderedRequestStreamObserver.processClientRequest(GrpcClientProtocolService.java:345) [ratis-grpc-0.4.0-78e95b9-SNAPSHOT.jar:0.4.0-78e95b9-SNAPSHOT]
	at org.apache.ratis.grpc.client.GrpcClientProtocolService$RequestStreamObserver.onNext(GrpcClientProtocolService.java:240) [ratis-grpc-0.4.0-78e95b9-SNAPSHOT.jar:0.4.0-78e95b9-SNAPSHOT]
	at org.apache.ratis.grpc.client.GrpcClientProtocolService$RequestStreamObserver.onNext(GrpcClientProtocolService.java:168) [ratis-grpc-0.4.0-78e95b9-SNAPSHOT.jar:0.4.0-78e95b9-SNAPSHOT]
	at org.apache.ratis.thirdparty.io.grpc.stub.ServerCalls$StreamingServerCallHandler$StreamingServerCallListener.onMessage(ServerCalls.java:248) [ratis-thirdparty-misc-0.2.0.jar:0.2.0]
	at org.apache.ratis.thirdparty.io.grpc.internal.ServerCallImpl$ServerStreamListenerImpl.messagesAvailable(ServerCallImpl.java:263) [ratis-thirdparty-misc-0.2.0.jar:0.2.0]
	at org.apache.ratis.thirdparty.io.grpc.internal.ServerImpl$JumpToApplicationThreadServerStreamListener$1MessagesAvailable.runInContext(ServerImpl.java:686) [ratis-thirdparty-misc-0.2.0.jar:0.2.0]
	at org.apache.ratis.thirdparty.io.grpc.internal.ContextRunnable.run(ContextRunnable.java:37) [ratis-thirdparty-misc-0.2.0.jar:0.2.0]
	at org.apache.ratis.thirdparty.io.grpc.internal.SerializingExecutor.run(SerializingExecutor.java:123) [ratis-thirdparty-misc-0.2.0.jar:0.2.0]
	at java.util.concurrent.ThreadPoolExecutor.runWorker(ThreadPoolExecutor.java:1149) [?:1.8.0_212]
	at java.util.concurrent.ThreadPoolExecutor$Worker.run(ThreadPoolExecutor.java:624) [?:1.8.0_212]
	at java.lang.Thread.run(Thread.java:748) [?:1.8.0_212]
2019-09-17 07:18:19,951 [grpc-default-executor-5] INFO  client.GrpcClientProtocolClient (GrpcClientProtocolClient.java:onNext(264)) - client-AF8003830DD9->783b8b0d-2e4b-4296-bbed-3f010e7af5dd: receive RaftClientReply:client-AF8003830DD9->783b8b0d-2e4b-4296-bbed-3f010e7af5dd@group-48638E47C87F, cid=238, FAILED org.apache.ratis.protocol.StateMachineException: org.apache.hadoop.hdds.scm.container.common.helpers.ContainerNotOpenException from Server 783b8b0d-2e4b-4296-bbed-3f010e7af5dd@group-48638E47C87F: Container 1 in CLOSED state, logIndex=0, commits[783b8b0d-2e4b-4296-bbed-3f010e7af5dd:c18, 5d850b7b-f02e-4029-a6ce-7c22cb722049:c17, 8914721e-e6fd-428a-8274-c97b8de6844d:c17]
07:18:19.951 [grpc-default-executor-6] ERROR DNAudit - user=null | ip=null | op=WRITE_CHUNK {blockData=conID: 1 locID: 102806630723158035 bcsId: 14} | ret=FAILURE
org.apache.hadoop.hdds.scm.container.common.helpers.ContainerNotOpenException: Container 1 in CLOSED state
	at org.apache.hadoop.ozone.container.common.impl.HddsDispatcher.validateContainerCommand(HddsDispatcher.java:431) ~[hadoop-hdds-container-service-0.5.0-SNAPSHOT.jar:?]
	at org.apache.hadoop.ozone.container.common.transport.server.ratis.ContainerStateMachine.startTransaction(ContainerStateMachine.java:315) ~[hadoop-hdds-container-service-0.5.0-SNAPSHOT.jar:?]
	at org.apache.ratis.server.impl.RaftServerImpl.submitClientRequestAsync(RaftServerImpl.java:573) ~[ratis-server-0.4.0-78e95b9-SNAPSHOT.jar:0.4.0-78e95b9-SNAPSHOT]
	at org.apache.ratis.server.impl.RaftServerProxy.lambda$submitClientRequestAsync$7(RaftServerProxy.java:333) ~[ratis-server-0.4.0-78e95b9-SNAPSHOT.jar:0.4.0-78e95b9-SNAPSHOT]
	at org.apache.ratis.server.impl.RaftServerProxy.lambda$null$5(RaftServerProxy.java:328) ~[ratis-server-0.4.0-78e95b9-SNAPSHOT.jar:0.4.0-78e95b9-SNAPSHOT]
	at org.apache.ratis.util.JavaUtils.callAsUnchecked(JavaUtils.java:109) ~[ratis-common-0.4.0-78e95b9-SNAPSHOT.jar:0.4.0-78e95b9-SNAPSHOT]
	at org.apache.ratis.server.impl.RaftServerProxy.lambda$submitRequest$6(RaftServerProxy.java:328) ~[ratis-server-0.4.0-78e95b9-SNAPSHOT.jar:0.4.0-78e95b9-SNAPSHOT]
	at java.util.concurrent.CompletableFuture.uniComposeStage(CompletableFuture.java:981) ~[?:1.8.0_212]
	at java.util.concurrent.CompletableFuture.thenCompose(CompletableFuture.java:2124) ~[?:1.8.0_212]
	at org.apache.ratis.server.impl.RaftServerProxy.submitRequest(RaftServerProxy.java:327) ~[ratis-server-0.4.0-78e95b9-SNAPSHOT.jar:0.4.0-78e95b9-SNAPSHOT]
	at org.apache.ratis.server.impl.RaftServerProxy.submitClientRequestAsync(RaftServerProxy.java:333) ~[ratis-server-0.4.0-78e95b9-SNAPSHOT.jar:0.4.0-78e95b9-SNAPSHOT]
	at org.apache.ratis.grpc.client.GrpcClientProtocolService$RequestStreamObserver.processClientRequest(GrpcClientProtocolService.java:220) ~[ratis-grpc-0.4.0-78e95b9-SNAPSHOT.jar:0.4.0-78e95b9-SNAPSHOT]
	at org.apache.ratis.grpc.client.GrpcClientProtocolService$OrderedRequestStreamObserver.processClientRequest(GrpcClientProtocolService.java:326) ~[ratis-grpc-0.4.0-78e95b9-SNAPSHOT.jar:0.4.0-78e95b9-SNAPSHOT]
	at org.apache.ratis.util.SlidingWindow$Server.processRequestsFromHead(SlidingWindow.java:429) [ratis-common-0.4.0-78e95b9-SNAPSHOT.jar:0.4.0-78e95b9-SNAPSHOT]
	at org.apache.ratis.util.SlidingWindow$Server.receivedRequest(SlidingWindow.java:421) [ratis-common-0.4.0-78e95b9-SNAPSHOT.jar:0.4.0-78e95b9-SNAPSHOT]
	at org.apache.ratis.grpc.client.GrpcClientProtocolService$OrderedRequestStreamObserver.processClientRequest(GrpcClientProtocolService.java:345) [ratis-grpc-0.4.0-78e95b9-SNAPSHOT.jar:0.4.0-78e95b9-SNAPSHOT]
	at org.apache.ratis.grpc.client.GrpcClientProtocolService$RequestStreamObserver.onNext(GrpcClientProtocolService.java:240) [ratis-grpc-0.4.0-78e95b9-SNAPSHOT.jar:0.4.0-78e95b9-SNAPSHOT]
	at org.apache.ratis.grpc.client.GrpcClientProtocolService$RequestStreamObserver.onNext(GrpcClientProtocolService.java:168) [ratis-grpc-0.4.0-78e95b9-SNAPSHOT.jar:0.4.0-78e95b9-SNAPSHOT]
	at org.apache.ratis.thirdparty.io.grpc.stub.ServerCalls$StreamingServerCallHandler$StreamingServerCallListener.onMessage(ServerCalls.java:248) [ratis-thirdparty-misc-0.2.0.jar:0.2.0]
	at org.apache.ratis.thirdparty.io.grpc.internal.ServerCallImpl$ServerStreamListenerImpl.messagesAvailable(ServerCallImpl.java:263) [ratis-thirdparty-misc-0.2.0.jar:0.2.0]
	at org.apache.ratis.thirdparty.io.grpc.internal.ServerImpl$JumpToApplicationThreadServerStreamListener$1MessagesAvailable.runInContext(ServerImpl.java:686) [ratis-thirdparty-misc-0.2.0.jar:0.2.0]
	at org.apache.ratis.thirdparty.io.grpc.internal.ContextRunnable.run(ContextRunnable.java:37) [ratis-thirdparty-misc-0.2.0.jar:0.2.0]
	at org.apache.ratis.thirdparty.io.grpc.internal.SerializingExecutor.run(SerializingExecutor.java:123) [ratis-thirdparty-misc-0.2.0.jar:0.2.0]
	at java.util.concurrent.ThreadPoolExecutor.runWorker(ThreadPoolExecutor.java:1149) [?:1.8.0_212]
	at java.util.concurrent.ThreadPoolExecutor$Worker.run(ThreadPoolExecutor.java:624) [?:1.8.0_212]
	at java.lang.Thread.run(Thread.java:748) [?:1.8.0_212]
2019-09-17 07:18:19,955 [grpc-default-executor-5] INFO  client.GrpcClientProtocolClient (GrpcClientProtocolClient.java:onNext(264)) - client-AF8003830DD9->783b8b0d-2e4b-4296-bbed-3f010e7af5dd: receive RaftClientReply:client-AF8003830DD9->783b8b0d-2e4b-4296-bbed-3f010e7af5dd@group-48638E47C87F, cid=239, FAILED org.apache.ratis.protocol.StateMachineException: org.apache.hadoop.hdds.scm.container.common.helpers.ContainerNotOpenException from Server 783b8b0d-2e4b-4296-bbed-3f010e7af5dd@group-48638E47C87F: Container 1 in CLOSED state, logIndex=0, commits[783b8b0d-2e4b-4296-bbed-3f010e7af5dd:c18, 5d850b7b-f02e-4029-a6ce-7c22cb722049:c17, 8914721e-e6fd-428a-8274-c97b8de6844d:c17]
2019-09-17 07:18:19,956 [grpc-default-executor-5] INFO  client.GrpcClientProtocolClient (GrpcClientProtocolClient.java:onNext(264)) - client-AF8003830DD9->783b8b0d-2e4b-4296-bbed-3f010e7af5dd: receive RaftClientReply:client-AF8003830DD9->783b8b0d-2e4b-4296-bbed-3f010e7af5dd@group-48638E47C87F, cid=240, FAILED org.apache.ratis.protocol.StateMachineException: org.apache.hadoop.hdds.scm.container.common.helpers.ContainerNotOpenException from Server 783b8b0d-2e4b-4296-bbed-3f010e7af5dd@group-48638E47C87F: Container 1 in CLOSED state, logIndex=0, commits[783b8b0d-2e4b-4296-bbed-3f010e7af5dd:c18, 5d850b7b-f02e-4029-a6ce-7c22cb722049:c17, 8914721e-e6fd-428a-8274-c97b8de6844d:c17]
07:18:19.956 [grpc-default-executor-6] ERROR DNAudit - user=null | ip=null | op=WRITE_CHUNK {blockData=conID: 1 locID: 102806630723158035 bcsId: 14} | ret=FAILURE
org.apache.hadoop.hdds.scm.container.common.helpers.ContainerNotOpenException: Container 1 in CLOSED state
	at org.apache.hadoop.ozone.container.common.impl.HddsDispatcher.validateContainerCommand(HddsDispatcher.java:431) ~[hadoop-hdds-container-service-0.5.0-SNAPSHOT.jar:?]
	at org.apache.hadoop.ozone.container.common.transport.server.ratis.ContainerStateMachine.startTransaction(ContainerStateMachine.java:315) ~[hadoop-hdds-container-service-0.5.0-SNAPSHOT.jar:?]
	at org.apache.ratis.server.impl.RaftServerImpl.submitClientRequestAsync(RaftServerImpl.java:573) ~[ratis-server-0.4.0-78e95b9-SNAPSHOT.jar:0.4.0-78e95b9-SNAPSHOT]
	at org.apache.ratis.server.impl.RaftServerProxy.lambda$submitClientRequestAsync$7(RaftServerProxy.java:333) ~[ratis-server-0.4.0-78e95b9-SNAPSHOT.jar:0.4.0-78e95b9-SNAPSHOT]
	at org.apache.ratis.server.impl.RaftServerProxy.lambda$null$5(RaftServerProxy.java:328) ~[ratis-server-0.4.0-78e95b9-SNAPSHOT.jar:0.4.0-78e95b9-SNAPSHOT]
	at org.apache.ratis.util.JavaUtils.callAsUnchecked(JavaUtils.java:109) ~[ratis-common-0.4.0-78e95b9-SNAPSHOT.jar:0.4.0-78e95b9-SNAPSHOT]
	at org.apache.ratis.server.impl.RaftServerProxy.lambda$submitRequest$6(RaftServerProxy.java:328) ~[ratis-server-0.4.0-78e95b9-SNAPSHOT.jar:0.4.0-78e95b9-SNAPSHOT]
	at java.util.concurrent.CompletableFuture.uniComposeStage(CompletableFuture.java:981) ~[?:1.8.0_212]
	at java.util.concurrent.CompletableFuture.thenCompose(CompletableFuture.java:2124) ~[?:1.8.0_212]
	at org.apache.ratis.server.impl.RaftServerProxy.submitRequest(RaftServerProxy.java:327) ~[ratis-server-0.4.0-78e95b9-SNAPSHOT.jar:0.4.0-78e95b9-SNAPSHOT]
	at org.apache.ratis.server.impl.RaftServerProxy.submitClientRequestAsync(RaftServerProxy.java:333) ~[ratis-server-0.4.0-78e95b9-SNAPSHOT.jar:0.4.0-78e95b9-SNAPSHOT]
	at org.apache.ratis.grpc.client.GrpcClientProtocolService$RequestStreamObserver.processClientRequest(GrpcClientProtocolService.java:220) ~[ratis-grpc-0.4.0-78e95b9-SNAPSHOT.jar:0.4.0-78e95b9-SNAPSHOT]
	at org.apache.ratis.grpc.client.GrpcClientProtocolService$OrderedRequestStreamObserver.processClientRequest(GrpcClientProtocolService.java:326) ~[ratis-grpc-0.4.0-78e95b9-SNAPSHOT.jar:0.4.0-78e95b9-SNAPSHOT]
	at org.apache.ratis.util.SlidingWindow$Server.processRequestsFromHead(SlidingWindow.java:429) [ratis-common-0.4.0-78e95b9-SNAPSHOT.jar:0.4.0-78e95b9-SNAPSHOT]
	at org.apache.ratis.util.SlidingWindow$Server.receivedRequest(SlidingWindow.java:421) [ratis-common-0.4.0-78e95b9-SNAPSHOT.jar:0.4.0-78e95b9-SNAPSHOT]
	at org.apache.ratis.grpc.client.GrpcClientProtocolService$OrderedRequestStreamObserver.processClientRequest(GrpcClientProtocolService.java:345) [ratis-grpc-0.4.0-78e95b9-SNAPSHOT.jar:0.4.0-78e95b9-SNAPSHOT]
	at org.apache.ratis.grpc.client.GrpcClientProtocolService$RequestStreamObserver.onNext(GrpcClientProtocolService.java:240) [ratis-grpc-0.4.0-78e95b9-SNAPSHOT.jar:0.4.0-78e95b9-SNAPSHOT]
	at org.apache.ratis.grpc.client.GrpcClientProtocolService$RequestStreamObserver.onNext(GrpcClientProtocolService.java:168) [ratis-grpc-0.4.0-78e95b9-SNAPSHOT.jar:0.4.0-78e95b9-SNAPSHOT]
	at org.apache.ratis.thirdparty.io.grpc.stub.ServerCalls$StreamingServerCallHandler$StreamingServerCallListener.onMessage(ServerCalls.java:248) [ratis-thirdparty-misc-0.2.0.jar:0.2.0]
	at org.apache.ratis.thirdparty.io.grpc.internal.ServerCallImpl$ServerStreamListenerImpl.messagesAvailable(ServerCallImpl.java:263) [ratis-thirdparty-misc-0.2.0.jar:0.2.0]
	at org.apache.ratis.thirdparty.io.grpc.internal.ServerImpl$JumpToApplicationThreadServerStreamListener$1MessagesAvailable.runInContext(ServerImpl.java:686) [ratis-thirdparty-misc-0.2.0.jar:0.2.0]
	at org.apache.ratis.thirdparty.io.grpc.internal.ContextRunnable.run(ContextRunnable.java:37) [ratis-thirdparty-misc-0.2.0.jar:0.2.0]
	at org.apache.ratis.thirdparty.io.grpc.internal.SerializingExecutor.run(SerializingExecutor.java:123) [ratis-thirdparty-misc-0.2.0.jar:0.2.0]
	at java.util.concurrent.ThreadPoolExecutor.runWorker(ThreadPoolExecutor.java:1149) [?:1.8.0_212]
	at java.util.concurrent.ThreadPoolExecutor$Worker.run(ThreadPoolExecutor.java:624) [?:1.8.0_212]
	at java.lang.Thread.run(Thread.java:748) [?:1.8.0_212]
2019-09-17 07:18:19,957 [grpc-default-executor-5] INFO  client.GrpcClientProtocolClient (GrpcClientProtocolClient.java:onNext(264)) - client-AF8003830DD9->783b8b0d-2e4b-4296-bbed-3f010e7af5dd: receive RaftClientReply:client-AF8003830DD9->783b8b0d-2e4b-4296-bbed-3f010e7af5dd@group-48638E47C87F, cid=241, FAILED org.apache.ratis.protocol.StateMachineException: org.apache.hadoop.hdds.scm.container.common.helpers.ContainerNotOpenException from Server 783b8b0d-2e4b-4296-bbed-3f010e7af5dd@group-48638E47C87F: Container 1 in CLOSED state, logIndex=0, commits[783b8b0d-2e4b-4296-bbed-3f010e7af5dd:c18, 5d850b7b-f02e-4029-a6ce-7c22cb722049:c17, 8914721e-e6fd-428a-8274-c97b8de6844d:c17]
07:18:19.957 [grpc-default-executor-6] ERROR DNAudit - user=null | ip=null | op=PUT_BLOCK {blockData=[blockId=conID: 1 locID: 102806630723158035 bcsId: 0,size=800]} | ret=FAILURE
org.apache.hadoop.hdds.scm.container.common.helpers.ContainerNotOpenException: Container 1 in CLOSED state
	at org.apache.hadoop.ozone.container.common.impl.HddsDispatcher.validateContainerCommand(HddsDispatcher.java:431) ~[hadoop-hdds-container-service-0.5.0-SNAPSHOT.jar:?]
	at org.apache.hadoop.ozone.container.common.transport.server.ratis.ContainerStateMachine.startTransaction(ContainerStateMachine.java:315) ~[hadoop-hdds-container-service-0.5.0-SNAPSHOT.jar:?]
	at org.apache.ratis.server.impl.RaftServerImpl.submitClientRequestAsync(RaftServerImpl.java:573) ~[ratis-server-0.4.0-78e95b9-SNAPSHOT.jar:0.4.0-78e95b9-SNAPSHOT]
	at org.apache.ratis.server.impl.RaftServerProxy.lambda$submitClientRequestAsync$7(RaftServerProxy.java:333) ~[ratis-server-0.4.0-78e95b9-SNAPSHOT.jar:0.4.0-78e95b9-SNAPSHOT]
	at org.apache.ratis.server.impl.RaftServerProxy.lambda$null$5(RaftServerProxy.java:328) ~[ratis-server-0.4.0-78e95b9-SNAPSHOT.jar:0.4.0-78e95b9-SNAPSHOT]
	at org.apache.ratis.util.JavaUtils.callAsUnchecked(JavaUtils.java:109) ~[ratis-common-0.4.0-78e95b9-SNAPSHOT.jar:0.4.0-78e95b9-SNAPSHOT]
	at org.apache.ratis.server.impl.RaftServerProxy.lambda$submitRequest$6(RaftServerProxy.java:328) ~[ratis-server-0.4.0-78e95b9-SNAPSHOT.jar:0.4.0-78e95b9-SNAPSHOT]
	at java.util.concurrent.CompletableFuture.uniComposeStage(CompletableFuture.java:981) ~[?:1.8.0_212]
	at java.util.concurrent.CompletableFuture.thenCompose(CompletableFuture.java:2124) ~[?:1.8.0_212]
	at org.apache.ratis.server.impl.RaftServerProxy.submitRequest(RaftServerProxy.java:327) ~[ratis-server-0.4.0-78e95b9-SNAPSHOT.jar:0.4.0-78e95b9-SNAPSHOT]
	at org.apache.ratis.server.impl.RaftServerProxy.submitClientRequestAsync(RaftServerProxy.java:333) ~[ratis-server-0.4.0-78e95b9-SNAPSHOT.jar:0.4.0-78e95b9-SNAPSHOT]
	at org.apache.ratis.grpc.client.GrpcClientProtocolService$RequestStreamObserver.processClientRequest(GrpcClientProtocolService.java:220) ~[ratis-grpc-0.4.0-78e95b9-SNAPSHOT.jar:0.4.0-78e95b9-SNAPSHOT]
	at org.apache.ratis.grpc.client.GrpcClientProtocolService$OrderedRequestStreamObserver.processClientRequest(GrpcClientProtocolService.java:326) ~[ratis-grpc-0.4.0-78e95b9-SNAPSHOT.jar:0.4.0-78e95b9-SNAPSHOT]
	at org.apache.ratis.util.SlidingWindow$Server.processRequestsFromHead(SlidingWindow.java:429) [ratis-common-0.4.0-78e95b9-SNAPSHOT.jar:0.4.0-78e95b9-SNAPSHOT]
	at org.apache.ratis.util.SlidingWindow$Server.receivedRequest(SlidingWindow.java:421) [ratis-common-0.4.0-78e95b9-SNAPSHOT.jar:0.4.0-78e95b9-SNAPSHOT]
	at org.apache.ratis.grpc.client.GrpcClientProtocolService$OrderedRequestStreamObserver.processClientRequest(GrpcClientProtocolService.java:345) [ratis-grpc-0.4.0-78e95b9-SNAPSHOT.jar:0.4.0-78e95b9-SNAPSHOT]
	at org.apache.ratis.grpc.client.GrpcClientProtocolService$RequestStreamObserver.onNext(GrpcClientProtocolService.java:240) [ratis-grpc-0.4.0-78e95b9-SNAPSHOT.jar:0.4.0-78e95b9-SNAPSHOT]
	at org.apache.ratis.grpc.client.GrpcClientProtocolService$RequestStreamObserver.onNext(GrpcClientProtocolService.java:168) [ratis-grpc-0.4.0-78e95b9-SNAPSHOT.jar:0.4.0-78e95b9-SNAPSHOT]
	at org.apache.ratis.thirdparty.io.grpc.stub.ServerCalls$StreamingServerCallHandler$StreamingServerCallListener.onMessage(ServerCalls.java:248) [ratis-thirdparty-misc-0.2.0.jar:0.2.0]
	at org.apache.ratis.thirdparty.io.grpc.internal.ServerCallImpl$ServerStreamListenerImpl.messagesAvailable(ServerCallImpl.java:263) [ratis-thirdparty-misc-0.2.0.jar:0.2.0]
	at org.apache.ratis.thirdparty.io.grpc.internal.ServerImpl$JumpToApplicationThreadServerStreamListener$1MessagesAvailable.runInContext(ServerImpl.java:686) [ratis-thirdparty-misc-0.2.0.jar:0.2.0]
	at org.apache.ratis.thirdparty.io.grpc.internal.ContextRunnable.run(ContextRunnable.java:37) [ratis-thirdparty-misc-0.2.0.jar:0.2.0]
	at org.apache.ratis.thirdparty.io.grpc.internal.SerializingExecutor.run(SerializingExecutor.java:123) [ratis-thirdparty-misc-0.2.0.jar:0.2.0]
	at java.util.concurrent.ThreadPoolExecutor.runWorker(ThreadPoolExecutor.java:1149) [?:1.8.0_212]
	at java.util.concurrent.ThreadPoolExecutor$Worker.run(ThreadPoolExecutor.java:624) [?:1.8.0_212]
	at java.lang.Thread.run(Thread.java:748) [?:1.8.0_212]
2019-09-17 07:18:19,969 [grpc-default-executor-6] INFO  client.GrpcClientProtocolClient (GrpcClientProtocolClient.java:onNext(264)) - client-AF8003830DD9->783b8b0d-2e4b-4296-bbed-3f010e7af5dd: receive RaftClientReply:client-AF8003830DD9->783b8b0d-2e4b-4296-bbed-3f010e7af5dd@group-48638E47C87F, cid=242, FAILED org.apache.ratis.protocol.StateMachineException: org.apache.hadoop.hdds.scm.container.common.helpers.ContainerNotOpenException from Server 783b8b0d-2e4b-4296-bbed-3f010e7af5dd@group-48638E47C87F: Container 1 in CLOSED state, logIndex=0, commits[783b8b0d-2e4b-4296-bbed-3f010e7af5dd:c18, 5d850b7b-f02e-4029-a6ce-7c22cb722049:c17, 8914721e-e6fd-428a-8274-c97b8de6844d:c17]
2019-09-17 07:18:19,976 [grpc-default-executor-6] INFO  client.GrpcClientProtocolClient (GrpcClientProtocolClient.java:onNext(264)) - client-AF8003830DD9->783b8b0d-2e4b-4296-bbed-3f010e7af5dd: receive RaftClientReply:client-AF8003830DD9->783b8b0d-2e4b-4296-bbed-3f010e7af5dd@group-48638E47C87F, cid=243, FAILED org.apache.ratis.protocol.StateMachineException: org.apache.hadoop.hdds.scm.container.common.helpers.ContainerNotOpenException from Server 783b8b0d-2e4b-4296-bbed-3f010e7af5dd@group-48638E47C87F: Container 1 in CLOSED state, logIndex=0, commits[783b8b0d-2e4b-4296-bbed-3f010e7af5dd:c18, 5d850b7b-f02e-4029-a6ce-7c22cb722049:c17, 8914721e-e6fd-428a-8274-c97b8de6844d:c17]
2019-09-17 07:18:23,001 [java.util.concurrent.ThreadPoolExecutor$Worker@f0b1886[State = -1, empty queue]] WARN  server.GrpcLogAppender (GrpcLogAppender.java:timeoutAppendRequest(200)) - 783b8b0d-2e4b-4296-bbed-3f010e7af5dd@group-48638E47C87F->5d850b7b-f02e-4029-a6ce-7c22cb722049-GrpcLogAppender: appendEntries Timeout, request=783b8b0d-2e4b-4296-bbed-3f010e7af5dd->5d850b7b-f02e-4029-a6ce-7c22cb722049#20-t1, previous=(t:1, i:18), leaderCommit=18, initializing? false, entries: size=1, first=(t:1, i:19), STATEMACHINELOGENTRY, client-AF8003830DD9, cid=244
2019-09-17 07:18:23,001 [java.util.concurrent.ThreadPoolExecutor$Worker@17e7de46[State = -1, empty queue]] WARN  server.GrpcLogAppender (GrpcLogAppender.java:timeoutAppendRequest(200)) - 783b8b0d-2e4b-4296-bbed-3f010e7af5dd@group-48638E47C87F->8914721e-e6fd-428a-8274-c97b8de6844d-GrpcLogAppender: appendEntries Timeout, request=783b8b0d-2e4b-4296-bbed-3f010e7af5dd->8914721e-e6fd-428a-8274-c97b8de6844d#20-t1, previous=(t:1, i:18), leaderCommit=18, initializing? false, entries: size=1, first=(t:1, i:19), STATEMACHINELOGENTRY, client-AF8003830DD9, cid=244
2019-09-17 07:18:23,009 [java.util.concurrent.ThreadPoolExecutor$Worker@f0b1886[State = -1, empty queue]] WARN  server.GrpcLogAppender (GrpcLogAppender.java:timeoutAppendRequest(200)) - 783b8b0d-2e4b-4296-bbed-3f010e7af5dd@group-48638E47C87F->5d850b7b-f02e-4029-a6ce-7c22cb722049-GrpcLogAppender: appendEntries Timeout, request=783b8b0d-2e4b-4296-bbed-3f010e7af5dd->5d850b7b-f02e-4029-a6ce-7c22cb722049#21-t1, previous=(t:1, i:19), leaderCommit=18, initializing? false, entries: size=1, first=(t:1, i:20), STATEMACHINELOGENTRY, client-AF8003830DD9, cid=245
2019-09-17 07:18:23,012 [java.util.concurrent.ThreadPoolExecutor$Worker@17e7de46[State = -1, empty queue]] WARN  server.GrpcLogAppender (GrpcLogAppender.java:timeoutAppendRequest(200)) - 783b8b0d-2e4b-4296-bbed-3f010e7af5dd@group-48638E47C87F->8914721e-e6fd-428a-8274-c97b8de6844d-GrpcLogAppender: appendEntries Timeout, request=783b8b0d-2e4b-4296-bbed-3f010e7af5dd->8914721e-e6fd-428a-8274-c97b8de6844d#21-t1, previous=(t:1, i:19), leaderCommit=18, initializing? false, entries: size=1, first=(t:1, i:20), STATEMACHINELOGENTRY, client-AF8003830DD9, cid=245
2019-09-17 07:18:23,014 [java.util.concurrent.ThreadPoolExecutor$Worker@f0b1886[State = -1, empty queue]] WARN  server.GrpcLogAppender (GrpcLogAppender.java:timeoutAppendRequest(200)) - 783b8b0d-2e4b-4296-bbed-3f010e7af5dd@group-48638E47C87F->5d850b7b-f02e-4029-a6ce-7c22cb722049-GrpcLogAppender: appendEntries Timeout, request=783b8b0d-2e4b-4296-bbed-3f010e7af5dd->5d850b7b-f02e-4029-a6ce-7c22cb722049#22-t1, previous=(t:1, i:20), leaderCommit=18, initializing? false, entries: size=1, first=(t:1, i:21), STATEMACHINELOGENTRY, client-AF8003830DD9, cid=246
2019-09-17 07:18:23,017 [java.util.concurrent.ThreadPoolExecutor$Worker@17e7de46[State = -1, empty queue]] WARN  server.GrpcLogAppender (GrpcLogAppender.java:timeoutAppendRequest(200)) - 783b8b0d-2e4b-4296-bbed-3f010e7af5dd@group-48638E47C87F->8914721e-e6fd-428a-8274-c97b8de6844d-GrpcLogAppender: appendEntries Timeout, request=783b8b0d-2e4b-4296-bbed-3f010e7af5dd->8914721e-e6fd-428a-8274-c97b8de6844d#22-t1, previous=(t:1, i:20), leaderCommit=18, initializing? false, entries: size=1, first=(t:1, i:21), STATEMACHINELOGENTRY, client-AF8003830DD9, cid=246
2019-09-17 07:18:23,020 [java.util.concurrent.ThreadPoolExecutor$Worker@f0b1886[State = -1, empty queue]] WARN  server.GrpcLogAppender (GrpcLogAppender.java:timeoutAppendRequest(200)) - 783b8b0d-2e4b-4296-bbed-3f010e7af5dd@group-48638E47C87F->5d850b7b-f02e-4029-a6ce-7c22cb722049-GrpcLogAppender: appendEntries Timeout, request=783b8b0d-2e4b-4296-bbed-3f010e7af5dd->5d850b7b-f02e-4029-a6ce-7c22cb722049#23-t1, previous=(t:1, i:21), leaderCommit=18, initializing? false, entries: size=1, first=(t:1, i:22), STATEMACHINELOGENTRY, client-AF8003830DD9, cid=247
2019-09-17 07:18:23,022 [java.util.concurrent.ThreadPoolExecutor$Worker@f0b1886[State = -1, empty queue]] WARN  server.GrpcLogAppender (GrpcLogAppender.java:timeoutAppendRequest(200)) - 783b8b0d-2e4b-4296-bbed-3f010e7af5dd@group-48638E47C87F->5d850b7b-f02e-4029-a6ce-7c22cb722049-GrpcLogAppender: appendEntries Timeout, request=783b8b0d-2e4b-4296-bbed-3f010e7af5dd->5d850b7b-f02e-4029-a6ce-7c22cb722049#24-t1, previous=(t:1, i:22), leaderCommit=18, initializing? false, entries: size=1, first=(t:1, i:23), STATEMACHINELOGENTRY, client-AF8003830DD9, cid=248
2019-09-17 07:18:23,022 [java.util.concurrent.ThreadPoolExecutor$Worker@17e7de46[State = -1, empty queue]] WARN  server.GrpcLogAppender (GrpcLogAppender.java:timeoutAppendRequest(200)) - 783b8b0d-2e4b-4296-bbed-3f010e7af5dd@group-48638E47C87F->8914721e-e6fd-428a-8274-c97b8de6844d-GrpcLogAppender: appendEntries Timeout, request=783b8b0d-2e4b-4296-bbed-3f010e7af5dd->8914721e-e6fd-428a-8274-c97b8de6844d#23-t1, previous=(t:1, i:21), leaderCommit=18, initializing? false, entries: size=1, first=(t:1, i:22), STATEMACHINELOGENTRY, client-AF8003830DD9, cid=247
2019-09-17 07:18:23,025 [java.util.concurrent.ThreadPoolExecutor$Worker@f0b1886[State = -1, empty queue]] WARN  server.GrpcLogAppender (GrpcLogAppender.java:timeoutAppendRequest(200)) - 783b8b0d-2e4b-4296-bbed-3f010e7af5dd@group-48638E47C87F->5d850b7b-f02e-4029-a6ce-7c22cb722049-GrpcLogAppender: appendEntries Timeout, request=783b8b0d-2e4b-4296-bbed-3f010e7af5dd->5d850b7b-f02e-4029-a6ce-7c22cb722049#25-t1, previous=(t:1, i:23), leaderCommit=18, initializing? false, entries: size=1, first=(t:1, i:24), STATEMACHINELOGENTRY, client-AF8003830DD9, cid=249
2019-09-17 07:18:23,028 [java.util.concurrent.ThreadPoolExecutor$Worker@17e7de46[State = -1, empty queue]] WARN  server.GrpcLogAppender (GrpcLogAppender.java:timeoutAppendRequest(200)) - 783b8b0d-2e4b-4296-bbed-3f010e7af5dd@group-48638E47C87F->8914721e-e6fd-428a-8274-c97b8de6844d-GrpcLogAppender: appendEntries Timeout, request=783b8b0d-2e4b-4296-bbed-3f010e7af5dd->8914721e-e6fd-428a-8274-c97b8de6844d#24-t1, previous=(t:1, i:22), leaderCommit=18, initializing? false, entries: size=1, first=(t:1, i:23), STATEMACHINELOGENTRY, client-AF8003830DD9, cid=248
2019-09-17 07:18:23,030 [java.util.concurrent.ThreadPoolExecutor$Worker@17e7de46[State = -1, empty queue]] WARN  server.GrpcLogAppender (GrpcLogAppender.java:timeoutAppendRequest(200)) - 783b8b0d-2e4b-4296-bbed-3f010e7af5dd@group-48638E47C87F->8914721e-e6fd-428a-8274-c97b8de6844d-GrpcLogAppender: appendEntries Timeout, request=783b8b0d-2e4b-4296-bbed-3f010e7af5dd->8914721e-e6fd-428a-8274-c97b8de6844d#25-t1, previous=(t:1, i:23), leaderCommit=18, initializing? false, entries: size=1, first=(t:1, i:24), STATEMACHINELOGENTRY, client-AF8003830DD9, cid=249
2019-09-17 07:18:25,061 [grpc-default-executor-9] INFO  client.GrpcClientProtocolClient (GrpcClientProtocolClient.java:onNext(264)) - client-AF8003830DD9->5d850b7b-f02e-4029-a6ce-7c22cb722049: receive RaftClientReply:client-AF8003830DD9->5d850b7b-f02e-4029-a6ce-7c22cb722049@group-48638E47C87F, cid=244, FAILED org.apache.ratis.protocol.NotLeaderException: Server 5d850b7b-f02e-4029-a6ce-7c22cb722049@group-48638E47C87F is not the leader 783b8b0d-2e4b-4296-bbed-3f010e7af5dd:192.168.157.246:43483, logIndex=0, commits[5d850b7b-f02e-4029-a6ce-7c22cb722049:c18, 783b8b0d-2e4b-4296-bbed-3f010e7af5dd:c18, 8914721e-e6fd-428a-8274-c97b8de6844d:c17]
2019-09-17 07:18:25,502 [java.util.concurrent.ThreadPoolExecutor$Worker@17e7de46[State = -1, empty queue]] WARN  server.GrpcLogAppender (GrpcLogAppender.java:timeoutAppendRequest(200)) - 783b8b0d-2e4b-4296-bbed-3f010e7af5dd@group-48638E47C87F->8914721e-e6fd-428a-8274-c97b8de6844d-GrpcLogAppender: appendEntries Timeout, request=783b8b0d-2e4b-4296-bbed-3f010e7af5dd->8914721e-e6fd-428a-8274-c97b8de6844d#26-t1, previous=(t:1, i:24), leaderCommit=18, initializing? false, entries: <empty>
2019-09-17 07:18:25,502 [java.util.concurrent.ThreadPoolExecutor$Worker@f0b1886[State = -1, empty queue]] WARN  server.GrpcLogAppender (GrpcLogAppender.java:timeoutAppendRequest(200)) - 783b8b0d-2e4b-4296-bbed-3f010e7af5dd@group-48638E47C87F->5d850b7b-f02e-4029-a6ce-7c22cb722049-GrpcLogAppender: appendEntries Timeout, request=783b8b0d-2e4b-4296-bbed-3f010e7af5dd->5d850b7b-f02e-4029-a6ce-7c22cb722049#26-t1, previous=(t:1, i:24), leaderCommit=18, initializing? false, entries: <empty>
2019-09-17 07:18:28,004 [java.util.concurrent.ThreadPoolExecutor$Worker@f0b1886[State = -1, empty queue]] WARN  server.GrpcLogAppender (GrpcLogAppender.java:timeoutAppendRequest(200)) - 783b8b0d-2e4b-4296-bbed-3f010e7af5dd@group-48638E47C87F->5d850b7b-f02e-4029-a6ce-7c22cb722049-GrpcLogAppender: appendEntries Timeout, request=783b8b0d-2e4b-4296-bbed-3f010e7af5dd->5d850b7b-f02e-4029-a6ce-7c22cb722049#27-t1, previous=(t:1, i:24), leaderCommit=18, initializing? false, entries: <empty>
2019-09-17 07:18:28,004 [java.util.concurrent.ThreadPoolExecutor$Worker@17e7de46[State = -1, empty queue]] WARN  server.GrpcLogAppender (GrpcLogAppender.java:timeoutAppendRequest(200)) - 783b8b0d-2e4b-4296-bbed-3f010e7af5dd@group-48638E47C87F->8914721e-e6fd-428a-8274-c97b8de6844d-GrpcLogAppender: appendEntries Timeout, request=783b8b0d-2e4b-4296-bbed-3f010e7af5dd->8914721e-e6fd-428a-8274-c97b8de6844d#27-t1, previous=(t:1, i:24), leaderCommit=18, initializing? false, entries: <empty>
2019-09-17 07:18:30,098 [grpc-default-executor-9] INFO  client.GrpcClientProtocolClient (GrpcClientProtocolClient.java:onNext(264)) - client-AF8003830DD9->8914721e-e6fd-428a-8274-c97b8de6844d: receive RaftClientReply:client-AF8003830DD9->8914721e-e6fd-428a-8274-c97b8de6844d@group-48638E47C87F, cid=244, FAILED org.apache.ratis.protocol.NotLeaderException: Server 8914721e-e6fd-428a-8274-c97b8de6844d@group-48638E47C87F is not the leader 783b8b0d-2e4b-4296-bbed-3f010e7af5dd:192.168.157.246:43483, logIndex=0, commits[8914721e-e6fd-428a-8274-c97b8de6844d:c18, 783b8b0d-2e4b-4296-bbed-3f010e7af5dd:c18, 5d850b7b-f02e-4029-a6ce-7c22cb722049:c17]
2019-09-17 07:18:30,118 [5d850b7b-f02e-4029-a6ce-7c22cb722049@group-48638E47C87F-SegmentedRaftLogWorker] WARN  segmented.SegmentedRaftLogWorker (SegmentedRaftLogWorker.java:getFromFuture(90)) - Timeout 0/~
org.apache.ratis.protocol.TimeoutIOException: Timeout 10s: WriteLog:20: (t:1, i:20), STATEMACHINELOGENTRY, client-AF8003830DD9, cid=245-writeStateMachineData
	at org.apache.ratis.util.IOUtils.getFromFuture(IOUtils.java:87)
	at org.apache.ratis.server.raftlog.segmented.SegmentedRaftLogWorker$StateMachineDataPolicy.getFromFuture(SegmentedRaftLogWorker.java:87)
	at org.apache.ratis.server.raftlog.segmented.SegmentedRaftLogWorker$WriteLog.execute(SegmentedRaftLogWorker.java:477)
	at org.apache.ratis.server.raftlog.segmented.SegmentedRaftLogWorker.run(SegmentedRaftLogWorker.java:289)
	at java.lang.Thread.run(Thread.java:748)
Caused by: java.util.concurrent.TimeoutException
	at java.util.concurrent.CompletableFuture.timedGet(CompletableFuture.java:1771)
	at java.util.concurrent.CompletableFuture.get(CompletableFuture.java:1915)
	at org.apache.ratis.util.IOUtils.getFromFuture(IOUtils.java:79)
	... 4 more
2019-09-17 07:18:30,118 [783b8b0d-2e4b-4296-bbed-3f010e7af5dd@group-48638E47C87F-SegmentedRaftLogWorker] WARN  segmented.SegmentedRaftLogWorker (SegmentedRaftLogWorker.java:getFromFuture(90)) - Timeout 0/~
org.apache.ratis.protocol.TimeoutIOException: Timeout 10s: WriteLog:20: (t:1, i:20), STATEMACHINELOGENTRY, client-AF8003830DD9, cid=245-writeStateMachineData
	at org.apache.ratis.util.IOUtils.getFromFuture(IOUtils.java:87)
	at org.apache.ratis.server.raftlog.segmented.SegmentedRaftLogWorker$StateMachineDataPolicy.getFromFuture(SegmentedRaftLogWorker.java:87)
	at org.apache.ratis.server.raftlog.segmented.SegmentedRaftLogWorker$WriteLog.execute(SegmentedRaftLogWorker.java:477)
	at org.apache.ratis.server.raftlog.segmented.SegmentedRaftLogWorker.run(SegmentedRaftLogWorker.java:289)
	at java.lang.Thread.run(Thread.java:748)
Caused by: java.util.concurrent.TimeoutException
	at java.util.concurrent.CompletableFuture.timedGet(CompletableFuture.java:1771)
	at java.util.concurrent.CompletableFuture.get(CompletableFuture.java:1915)
	at org.apache.ratis.util.IOUtils.getFromFuture(IOUtils.java:79)
	... 4 more
2019-09-17 07:18:30,118 [8914721e-e6fd-428a-8274-c97b8de6844d@group-48638E47C87F-SegmentedRaftLogWorker] WARN  segmented.SegmentedRaftLogWorker (SegmentedRaftLogWorker.java:getFromFuture(90)) - Timeout 0/~
org.apache.ratis.protocol.TimeoutIOException: Timeout 10s: WriteLog:20: (t:1, i:20), STATEMACHINELOGENTRY, client-AF8003830DD9, cid=245-writeStateMachineData
	at org.apache.ratis.util.IOUtils.getFromFuture(IOUtils.java:87)
	at org.apache.ratis.server.raftlog.segmented.SegmentedRaftLogWorker$StateMachineDataPolicy.getFromFuture(SegmentedRaftLogWorker.java:87)
	at org.apache.ratis.server.raftlog.segmented.SegmentedRaftLogWorker$WriteLog.execute(SegmentedRaftLogWorker.java:477)
	at org.apache.ratis.server.raftlog.segmented.SegmentedRaftLogWorker.run(SegmentedRaftLogWorker.java:289)
	at java.lang.Thread.run(Thread.java:748)
Caused by: java.util.concurrent.TimeoutException
	at java.util.concurrent.CompletableFuture.timedGet(CompletableFuture.java:1771)
	at java.util.concurrent.CompletableFuture.get(CompletableFuture.java:1915)
	at org.apache.ratis.util.IOUtils.getFromFuture(IOUtils.java:79)
	... 4 more
2019-09-17 07:18:30,505 [java.util.concurrent.ThreadPoolExecutor$Worker@17e7de46[State = -1, empty queue]] WARN  server.GrpcLogAppender (GrpcLogAppender.java:timeoutAppendRequest(200)) - 783b8b0d-2e4b-4296-bbed-3f010e7af5dd@group-48638E47C87F->8914721e-e6fd-428a-8274-c97b8de6844d-GrpcLogAppender: appendEntries Timeout, request=783b8b0d-2e4b-4296-bbed-3f010e7af5dd->8914721e-e6fd-428a-8274-c97b8de6844d#28-t1, previous=(t:1, i:24), leaderCommit=18, initializing? false, entries: <empty>
2019-09-17 07:18:30,505 [java.util.concurrent.ThreadPoolExecutor$Worker@f0b1886[State = -1, empty queue]] WARN  server.GrpcLogAppender (GrpcLogAppender.java:timeoutAppendRequest(200)) - 783b8b0d-2e4b-4296-bbed-3f010e7af5dd@group-48638E47C87F->5d850b7b-f02e-4029-a6ce-7c22cb722049-GrpcLogAppender: appendEntries Timeout, request=783b8b0d-2e4b-4296-bbed-3f010e7af5dd->5d850b7b-f02e-4029-a6ce-7c22cb722049#28-t1, previous=(t:1, i:24), leaderCommit=18, initializing? false, entries: <empty>
2019-09-17 07:18:33,006 [java.util.concurrent.ThreadPoolExecutor$Worker@17e7de46[State = -1, empty queue]] WARN  server.GrpcLogAppender (GrpcLogAppender.java:timeoutAppendRequest(200)) - 783b8b0d-2e4b-4296-bbed-3f010e7af5dd@group-48638E47C87F->8914721e-e6fd-428a-8274-c97b8de6844d-GrpcLogAppender: appendEntries Timeout, request=783b8b0d-2e4b-4296-bbed-3f010e7af5dd->8914721e-e6fd-428a-8274-c97b8de6844d#29-t1, previous=(t:1, i:24), leaderCommit=18, initializing? false, entries: <empty>
2019-09-17 07:18:33,006 [java.util.concurrent.ThreadPoolExecutor$Worker@f0b1886[State = -1, empty queue]] WARN  server.GrpcLogAppender (GrpcLogAppender.java:timeoutAppendRequest(200)) - 783b8b0d-2e4b-4296-bbed-3f010e7af5dd@group-48638E47C87F->5d850b7b-f02e-4029-a6ce-7c22cb722049-GrpcLogAppender: appendEntries Timeout, request=783b8b0d-2e4b-4296-bbed-3f010e7af5dd->5d850b7b-f02e-4029-a6ce-7c22cb722049#29-t1, previous=(t:1, i:24), leaderCommit=18, initializing? false, entries: <empty>
2019-09-17 07:18:35,134 [grpc-default-executor-5] INFO  client.GrpcClientProtocolClient (GrpcClientProtocolClient.java:onNext(264)) - client-AF8003830DD9->5d850b7b-f02e-4029-a6ce-7c22cb722049: receive RaftClientReply:client-AF8003830DD9->5d850b7b-f02e-4029-a6ce-7c22cb722049@group-48638E47C87F, cid=244, FAILED org.apache.ratis.protocol.NotLeaderException: Server 5d850b7b-f02e-4029-a6ce-7c22cb722049@group-48638E47C87F is not the leader 783b8b0d-2e4b-4296-bbed-3f010e7af5dd:192.168.157.246:43483, logIndex=0, commits[5d850b7b-f02e-4029-a6ce-7c22cb722049:c18, 783b8b0d-2e4b-4296-bbed-3f010e7af5dd:c18, 8914721e-e6fd-428a-8274-c97b8de6844d:c17]
2019-09-17 07:18:35,507 [java.util.concurrent.ThreadPoolExecutor$Worker@17e7de46[State = -1, empty queue]] WARN  server.GrpcLogAppender (GrpcLogAppender.java:timeoutAppendRequest(200)) - 783b8b0d-2e4b-4296-bbed-3f010e7af5dd@group-48638E47C87F->8914721e-e6fd-428a-8274-c97b8de6844d-GrpcLogAppender: appendEntries Timeout, request=783b8b0d-2e4b-4296-bbed-3f010e7af5dd->8914721e-e6fd-428a-8274-c97b8de6844d#30-t1, previous=(t:1, i:24), leaderCommit=18, initializing? false, entries: <empty>
2019-09-17 07:18:35,507 [java.util.concurrent.ThreadPoolExecutor$Worker@f0b1886[State = -1, empty queue]] WARN  server.GrpcLogAppender (GrpcLogAppender.java:timeoutAppendRequest(200)) - 783b8b0d-2e4b-4296-bbed-3f010e7af5dd@group-48638E47C87F->5d850b7b-f02e-4029-a6ce-7c22cb722049-GrpcLogAppender: appendEntries Timeout, request=783b8b0d-2e4b-4296-bbed-3f010e7af5dd->5d850b7b-f02e-4029-a6ce-7c22cb722049#30-t1, previous=(t:1, i:24), leaderCommit=18, initializing? false, entries: <empty>
2019-09-17 07:18:38,009 [java.util.concurrent.ThreadPoolExecutor$Worker@17e7de46[State = -1, empty queue]] WARN  server.GrpcLogAppender (GrpcLogAppender.java:timeoutAppendRequest(200)) - 783b8b0d-2e4b-4296-bbed-3f010e7af5dd@group-48638E47C87F->8914721e-e6fd-428a-8274-c97b8de6844d-GrpcLogAppender: appendEntries Timeout, request=783b8b0d-2e4b-4296-bbed-3f010e7af5dd->8914721e-e6fd-428a-8274-c97b8de6844d#31-t1, previous=(t:1, i:24), leaderCommit=18, initializing? false, entries: <empty>
2019-09-17 07:18:38,009 [java.util.concurrent.ThreadPoolExecutor$Worker@f0b1886[State = -1, empty queue]] WARN  server.GrpcLogAppender (GrpcLogAppender.java:timeoutAppendRequest(200)) - 783b8b0d-2e4b-4296-bbed-3f010e7af5dd@group-48638E47C87F->5d850b7b-f02e-4029-a6ce-7c22cb722049-GrpcLogAppender: appendEntries Timeout, request=783b8b0d-2e4b-4296-bbed-3f010e7af5dd->5d850b7b-f02e-4029-a6ce-7c22cb722049#31-t1, previous=(t:1, i:24), leaderCommit=18, initializing? false, entries: <empty>
2019-09-17 07:18:40,121 [5d850b7b-f02e-4029-a6ce-7c22cb722049@group-48638E47C87F-SegmentedRaftLogWorker] WARN  segmented.SegmentedRaftLogWorker (SegmentedRaftLogWorker.java:getFromFuture(90)) - Timeout 1/~
org.apache.ratis.protocol.TimeoutIOException: Timeout 10s: WriteLog:20: (t:1, i:20), STATEMACHINELOGENTRY, client-AF8003830DD9, cid=245-writeStateMachineData
	at org.apache.ratis.util.IOUtils.getFromFuture(IOUtils.java:87)
	at org.apache.ratis.server.raftlog.segmented.SegmentedRaftLogWorker$StateMachineDataPolicy.getFromFuture(SegmentedRaftLogWorker.java:87)
	at org.apache.ratis.server.raftlog.segmented.SegmentedRaftLogWorker$WriteLog.execute(SegmentedRaftLogWorker.java:477)
	at org.apache.ratis.server.raftlog.segmented.SegmentedRaftLogWorker.run(SegmentedRaftLogWorker.java:289)
	at java.lang.Thread.run(Thread.java:748)
Caused by: java.util.concurrent.TimeoutException
	at java.util.concurrent.CompletableFuture.timedGet(CompletableFuture.java:1771)
	at java.util.concurrent.CompletableFuture.get(CompletableFuture.java:1915)
	at org.apache.ratis.util.IOUtils.getFromFuture(IOUtils.java:79)
	... 4 more
2019-09-17 07:18:40,121 [783b8b0d-2e4b-4296-bbed-3f010e7af5dd@group-48638E47C87F-SegmentedRaftLogWorker] WARN  segmented.SegmentedRaftLogWorker (SegmentedRaftLogWorker.java:getFromFuture(90)) - Timeout 1/~
org.apache.ratis.protocol.TimeoutIOException: Timeout 10s: WriteLog:20: (t:1, i:20), STATEMACHINELOGENTRY, client-AF8003830DD9, cid=245-writeStateMachineData
	at org.apache.ratis.util.IOUtils.getFromFuture(IOUtils.java:87)
	at org.apache.ratis.server.raftlog.segmented.SegmentedRaftLogWorker$StateMachineDataPolicy.getFromFuture(SegmentedRaftLogWorker.java:87)
	at org.apache.ratis.server.raftlog.segmented.SegmentedRaftLogWorker$WriteLog.execute(SegmentedRaftLogWorker.java:477)
	at org.apache.ratis.server.raftlog.segmented.SegmentedRaftLogWorker.run(SegmentedRaftLogWorker.java:289)
	at java.lang.Thread.run(Thread.java:748)
Caused by: java.util.concurrent.TimeoutException
	at java.util.concurrent.CompletableFuture.timedGet(CompletableFuture.java:1771)
	at java.util.concurrent.CompletableFuture.get(CompletableFuture.java:1915)
	at org.apache.ratis.util.IOUtils.getFromFuture(IOUtils.java:79)
	... 4 more
2019-09-17 07:18:40,122 [8914721e-e6fd-428a-8274-c97b8de6844d@group-48638E47C87F-SegmentedRaftLogWorker] WARN  segmented.SegmentedRaftLogWorker (SegmentedRaftLogWorker.java:getFromFuture(90)) - Timeout 1/~
org.apache.ratis.protocol.TimeoutIOException: Timeout 10s: WriteLog:20: (t:1, i:20), STATEMACHINELOGENTRY, client-AF8003830DD9, cid=245-writeStateMachineData
	at org.apache.ratis.util.IOUtils.getFromFuture(IOUtils.java:87)
	at org.apache.ratis.server.raftlog.segmented.SegmentedRaftLogWorker$StateMachineDataPolicy.getFromFuture(SegmentedRaftLogWorker.java:87)
	at org.apache.ratis.server.raftlog.segmented.SegmentedRaftLogWorker$WriteLog.execute(SegmentedRaftLogWorker.java:477)
	at org.apache.ratis.server.raftlog.segmented.SegmentedRaftLogWorker.run(SegmentedRaftLogWorker.java:289)
	at java.lang.Thread.run(Thread.java:748)
Caused by: java.util.concurrent.TimeoutException
	at java.util.concurrent.CompletableFuture.timedGet(CompletableFuture.java:1771)
	at java.util.concurrent.CompletableFuture.get(CompletableFuture.java:1915)
	at org.apache.ratis.util.IOUtils.getFromFuture(IOUtils.java:79)
	... 4 more
2019-09-17 07:18:40,171 [grpc-default-executor-5] INFO  client.GrpcClientProtocolClient (GrpcClientProtocolClient.java:onNext(264)) - client-AF8003830DD9->5d850b7b-f02e-4029-a6ce-7c22cb722049: receive RaftClientReply:client-AF8003830DD9->5d850b7b-f02e-4029-a6ce-7c22cb722049@group-48638E47C87F, cid=244, FAILED org.apache.ratis.protocol.NotLeaderException: Server 5d850b7b-f02e-4029-a6ce-7c22cb722049@group-48638E47C87F is not the leader 783b8b0d-2e4b-4296-bbed-3f010e7af5dd:192.168.157.246:43483, logIndex=0, commits[5d850b7b-f02e-4029-a6ce-7c22cb722049:c18, 783b8b0d-2e4b-4296-bbed-3f010e7af5dd:c18, 8914721e-e6fd-428a-8274-c97b8de6844d:c17]
2019-09-17 07:18:40,511 [java.util.concurrent.ThreadPoolExecutor$Worker@17e7de46[State = -1, empty queue]] WARN  server.GrpcLogAppender (GrpcLogAppender.java:timeoutAppendRequest(200)) - 783b8b0d-2e4b-4296-bbed-3f010e7af5dd@group-48638E47C87F->8914721e-e6fd-428a-8274-c97b8de6844d-GrpcLogAppender: appendEntries Timeout, request=783b8b0d-2e4b-4296-bbed-3f010e7af5dd->8914721e-e6fd-428a-8274-c97b8de6844d#32-t1, previous=(t:1, i:24), leaderCommit=18, initializing? false, entries: <empty>
2019-09-17 07:18:40,511 [java.util.concurrent.ThreadPoolExecutor$Worker@f0b1886[State = -1, empty queue]] WARN  server.GrpcLogAppender (GrpcLogAppender.java:timeoutAppendRequest(200)) - 783b8b0d-2e4b-4296-bbed-3f010e7af5dd@group-48638E47C87F->5d850b7b-f02e-4029-a6ce-7c22cb722049-GrpcLogAppender: appendEntries Timeout, request=783b8b0d-2e4b-4296-bbed-3f010e7af5dd->5d850b7b-f02e-4029-a6ce-7c22cb722049#32-t1, previous=(t:1, i:24), leaderCommit=18, initializing? false, entries: <empty>
2019-09-17 07:18:43,013 [java.util.concurrent.ThreadPoolExecutor$Worker@f0b1886[State = -1, empty queue]] WARN  server.GrpcLogAppender (GrpcLogAppender.java:timeoutAppendRequest(200)) - 783b8b0d-2e4b-4296-bbed-3f010e7af5dd@group-48638E47C87F->5d850b7b-f02e-4029-a6ce-7c22cb722049-GrpcLogAppender: appendEntries Timeout, request=783b8b0d-2e4b-4296-bbed-3f010e7af5dd->5d850b7b-f02e-4029-a6ce-7c22cb722049#33-t1, previous=(t:1, i:24), leaderCommit=18, initializing? false, entries: <empty>
2019-09-17 07:18:43,013 [java.util.concurrent.ThreadPoolExecutor$Worker@17e7de46[State = -1, empty queue]] WARN  server.GrpcLogAppender (GrpcLogAppender.java:timeoutAppendRequest(200)) - 783b8b0d-2e4b-4296-bbed-3f010e7af5dd@group-48638E47C87F->8914721e-e6fd-428a-8274-c97b8de6844d-GrpcLogAppender: appendEntries Timeout, request=783b8b0d-2e4b-4296-bbed-3f010e7af5dd->8914721e-e6fd-428a-8274-c97b8de6844d#33-t1, previous=(t:1, i:24), leaderCommit=18, initializing? false, entries: <empty>
2019-09-17 07:18:45,207 [grpc-default-executor-6] INFO  client.GrpcClientProtocolClient (GrpcClientProtocolClient.java:onNext(264)) - client-AF8003830DD9->5d850b7b-f02e-4029-a6ce-7c22cb722049: receive RaftClientReply:client-AF8003830DD9->5d850b7b-f02e-4029-a6ce-7c22cb722049@group-48638E47C87F, cid=244, FAILED org.apache.ratis.protocol.NotLeaderException: Server 5d850b7b-f02e-4029-a6ce-7c22cb722049@group-48638E47C87F is not the leader 783b8b0d-2e4b-4296-bbed-3f010e7af5dd:192.168.157.246:43483, logIndex=0, commits[5d850b7b-f02e-4029-a6ce-7c22cb722049:c18, 783b8b0d-2e4b-4296-bbed-3f010e7af5dd:c18, 8914721e-e6fd-428a-8274-c97b8de6844d:c17]
2019-09-17 07:18:45,514 [java.util.concurrent.ThreadPoolExecutor$Worker@17e7de46[State = -1, empty queue]] WARN  server.GrpcLogAppender (GrpcLogAppender.java:timeoutAppendRequest(200)) - 783b8b0d-2e4b-4296-bbed-3f010e7af5dd@group-48638E47C87F->8914721e-e6fd-428a-8274-c97b8de6844d-GrpcLogAppender: appendEntries Timeout, request=783b8b0d-2e4b-4296-bbed-3f010e7af5dd->8914721e-e6fd-428a-8274-c97b8de6844d#34-t1, previous=(t:1, i:24), leaderCommit=18, initializing? false, entries: <empty>
2019-09-17 07:18:45,514 [java.util.concurrent.ThreadPoolExecutor$Worker@f0b1886[State = -1, empty queue]] WARN  server.GrpcLogAppender (GrpcLogAppender.java:timeoutAppendRequest(200)) - 783b8b0d-2e4b-4296-bbed-3f010e7af5dd@group-48638E47C87F->5d850b7b-f02e-4029-a6ce-7c22cb722049-GrpcLogAppender: appendEntries Timeout, request=783b8b0d-2e4b-4296-bbed-3f010e7af5dd->5d850b7b-f02e-4029-a6ce-7c22cb722049#34-t1, previous=(t:1, i:24), leaderCommit=18, initializing? false, entries: <empty>
2019-09-17 07:18:48,015 [java.util.concurrent.ThreadPoolExecutor$Worker@f0b1886[State = -1, empty queue]] WARN  server.GrpcLogAppender (GrpcLogAppender.java:timeoutAppendRequest(200)) - 783b8b0d-2e4b-4296-bbed-3f010e7af5dd@group-48638E47C87F->5d850b7b-f02e-4029-a6ce-7c22cb722049-GrpcLogAppender: appendEntries Timeout, request=783b8b0d-2e4b-4296-bbed-3f010e7af5dd->5d850b7b-f02e-4029-a6ce-7c22cb722049#35-t1, previous=(t:1, i:24), leaderCommit=18, initializing? false, entries: <empty>
2019-09-17 07:18:48,015 [java.util.concurrent.ThreadPoolExecutor$Worker@17e7de46[State = -1, empty queue]] WARN  server.GrpcLogAppender (GrpcLogAppender.java:timeoutAppendRequest(200)) - 783b8b0d-2e4b-4296-bbed-3f010e7af5dd@group-48638E47C87F->8914721e-e6fd-428a-8274-c97b8de6844d-GrpcLogAppender: appendEntries Timeout, request=783b8b0d-2e4b-4296-bbed-3f010e7af5dd->8914721e-e6fd-428a-8274-c97b8de6844d#35-t1, previous=(t:1, i:24), leaderCommit=18, initializing? false, entries: <empty>
2019-09-17 07:18:50,123 [5d850b7b-f02e-4029-a6ce-7c22cb722049@group-48638E47C87F-SegmentedRaftLogWorker] WARN  segmented.SegmentedRaftLogWorker (SegmentedRaftLogWorker.java:getFromFuture(90)) - Timeout 2/~
org.apache.ratis.protocol.TimeoutIOException: Timeout 10s: WriteLog:20: (t:1, i:20), STATEMACHINELOGENTRY, client-AF8003830DD9, cid=245-writeStateMachineData
	at org.apache.ratis.util.IOUtils.getFromFuture(IOUtils.java:87)
	at org.apache.ratis.server.raftlog.segmented.SegmentedRaftLogWorker$StateMachineDataPolicy.getFromFuture(SegmentedRaftLogWorker.java:87)
	at org.apache.ratis.server.raftlog.segmented.SegmentedRaftLogWorker$WriteLog.execute(SegmentedRaftLogWorker.java:477)
	at org.apache.ratis.server.raftlog.segmented.SegmentedRaftLogWorker.run(SegmentedRaftLogWorker.java:289)
	at java.lang.Thread.run(Thread.java:748)
Caused by: java.util.concurrent.TimeoutException
	at java.util.concurrent.CompletableFuture.timedGet(CompletableFuture.java:1771)
	at java.util.concurrent.CompletableFuture.get(CompletableFuture.java:1915)
	at org.apache.ratis.util.IOUtils.getFromFuture(IOUtils.java:79)
	... 4 more
2019-09-17 07:18:50,124 [8914721e-e6fd-428a-8274-c97b8de6844d@group-48638E47C87F-SegmentedRaftLogWorker] WARN  segmented.SegmentedRaftLogWorker (SegmentedRaftLogWorker.java:getFromFuture(90)) - Timeout 2/~
org.apache.ratis.protocol.TimeoutIOException: Timeout 10s: WriteLog:20: (t:1, i:20), STATEMACHINELOGENTRY, client-AF8003830DD9, cid=245-writeStateMachineData
	at org.apache.ratis.util.IOUtils.getFromFuture(IOUtils.java:87)
	at org.apache.ratis.server.raftlog.segmented.SegmentedRaftLogWorker$StateMachineDataPolicy.getFromFuture(SegmentedRaftLogWorker.java:87)
	at org.apache.ratis.server.raftlog.segmented.SegmentedRaftLogWorker$WriteLog.execute(SegmentedRaftLogWorker.java:477)
	at org.apache.ratis.server.raftlog.segmented.SegmentedRaftLogWorker.run(SegmentedRaftLogWorker.java:289)
	at java.lang.Thread.run(Thread.java:748)
Caused by: java.util.concurrent.TimeoutException
	at java.util.concurrent.CompletableFuture.timedGet(CompletableFuture.java:1771)
	at java.util.concurrent.CompletableFuture.get(CompletableFuture.java:1915)
	at org.apache.ratis.util.IOUtils.getFromFuture(IOUtils.java:79)
	... 4 more
2019-09-17 07:18:50,123 [783b8b0d-2e4b-4296-bbed-3f010e7af5dd@group-48638E47C87F-SegmentedRaftLogWorker] WARN  segmented.SegmentedRaftLogWorker (SegmentedRaftLogWorker.java:getFromFuture(90)) - Timeout 2/~
org.apache.ratis.protocol.TimeoutIOException: Timeout 10s: WriteLog:20: (t:1, i:20), STATEMACHINELOGENTRY, client-AF8003830DD9, cid=245-writeStateMachineData
	at org.apache.ratis.util.IOUtils.getFromFuture(IOUtils.java:87)
	at org.apache.ratis.server.raftlog.segmented.SegmentedRaftLogWorker$StateMachineDataPolicy.getFromFuture(SegmentedRaftLogWorker.java:87)
	at org.apache.ratis.server.raftlog.segmented.SegmentedRaftLogWorker$WriteLog.execute(SegmentedRaftLogWorker.java:477)
	at org.apache.ratis.server.raftlog.segmented.SegmentedRaftLogWorker.run(SegmentedRaftLogWorker.java:289)
	at java.lang.Thread.run(Thread.java:748)
Caused by: java.util.concurrent.TimeoutException
	at java.util.concurrent.CompletableFuture.timedGet(CompletableFuture.java:1771)
	at java.util.concurrent.CompletableFuture.get(CompletableFuture.java:1915)
	at org.apache.ratis.util.IOUtils.getFromFuture(IOUtils.java:79)
	... 4 more
2019-09-17 07:18:50,249 [grpc-default-executor-5] INFO  client.GrpcClientProtocolClient (GrpcClientProtocolClient.java:onNext(264)) - client-AF8003830DD9->8914721e-e6fd-428a-8274-c97b8de6844d: receive RaftClientReply:client-AF8003830DD9->8914721e-e6fd-428a-8274-c97b8de6844d@group-48638E47C87F, cid=244, FAILED org.apache.ratis.protocol.NotLeaderException: Server 8914721e-e6fd-428a-8274-c97b8de6844d@group-48638E47C87F is not the leader 783b8b0d-2e4b-4296-bbed-3f010e7af5dd:192.168.157.246:43483, logIndex=0, commits[8914721e-e6fd-428a-8274-c97b8de6844d:c18, 783b8b0d-2e4b-4296-bbed-3f010e7af5dd:c18, 5d850b7b-f02e-4029-a6ce-7c22cb722049:c17]
2019-09-17 07:18:50,516 [java.util.concurrent.ThreadPoolExecutor$Worker@f0b1886[State = -1, empty queue]] WARN  server.GrpcLogAppender (GrpcLogAppender.java:timeoutAppendRequest(200)) - 783b8b0d-2e4b-4296-bbed-3f010e7af5dd@group-48638E47C87F->5d850b7b-f02e-4029-a6ce-7c22cb722049-GrpcLogAppender: appendEntries Timeout, request=783b8b0d-2e4b-4296-bbed-3f010e7af5dd->5d850b7b-f02e-4029-a6ce-7c22cb722049#36-t1, previous=(t:1, i:24), leaderCommit=18, initializing? false, entries: <empty>
2019-09-17 07:18:50,516 [java.util.concurrent.ThreadPoolExecutor$Worker@17e7de46[State = -1, empty queue]] WARN  server.GrpcLogAppender (GrpcLogAppender.java:timeoutAppendRequest(200)) - 783b8b0d-2e4b-4296-bbed-3f010e7af5dd@group-48638E47C87F->8914721e-e6fd-428a-8274-c97b8de6844d-GrpcLogAppender: appendEntries Timeout, request=783b8b0d-2e4b-4296-bbed-3f010e7af5dd->8914721e-e6fd-428a-8274-c97b8de6844d#36-t1, previous=(t:1, i:24), leaderCommit=18, initializing? false, entries: <empty>
2019-09-17 07:18:53,017 [java.util.concurrent.ThreadPoolExecutor$Worker@f0b1886[State = -1, empty queue]] WARN  server.GrpcLogAppender (GrpcLogAppender.java:timeoutAppendRequest(200)) - 783b8b0d-2e4b-4296-bbed-3f010e7af5dd@group-48638E47C87F->5d850b7b-f02e-4029-a6ce-7c22cb722049-GrpcLogAppender: appendEntries Timeout, request=783b8b0d-2e4b-4296-bbed-3f010e7af5dd->5d850b7b-f02e-4029-a6ce-7c22cb722049#37-t1, previous=(t:1, i:24), leaderCommit=18, initializing? false, entries: <empty>
2019-09-17 07:18:53,017 [java.util.concurrent.ThreadPoolExecutor$Worker@17e7de46[State = -1, empty queue]] WARN  server.GrpcLogAppender (GrpcLogAppender.java:timeoutAppendRequest(200)) - 783b8b0d-2e4b-4296-bbed-3f010e7af5dd@group-48638E47C87F->8914721e-e6fd-428a-8274-c97b8de6844d-GrpcLogAppender: appendEntries Timeout, request=783b8b0d-2e4b-4296-bbed-3f010e7af5dd->8914721e-e6fd-428a-8274-c97b8de6844d#37-t1, previous=(t:1, i:24), leaderCommit=18, initializing? false, entries: <empty>
2019-09-17 07:18:55,276 [grpc-default-executor-5] INFO  client.GrpcClientProtocolClient (GrpcClientProtocolClient.java:onNext(264)) - client-AF8003830DD9->5d850b7b-f02e-4029-a6ce-7c22cb722049: receive RaftClientReply:client-AF8003830DD9->5d850b7b-f02e-4029-a6ce-7c22cb722049@group-48638E47C87F, cid=244, FAILED org.apache.ratis.protocol.NotLeaderException: Server 5d850b7b-f02e-4029-a6ce-7c22cb722049@group-48638E47C87F is not the leader 783b8b0d-2e4b-4296-bbed-3f010e7af5dd:192.168.157.246:43483, logIndex=0, commits[5d850b7b-f02e-4029-a6ce-7c22cb722049:c18, 783b8b0d-2e4b-4296-bbed-3f010e7af5dd:c18, 8914721e-e6fd-428a-8274-c97b8de6844d:c17]
2019-09-17 07:18:55,518 [java.util.concurrent.ThreadPoolExecutor$Worker@f0b1886[State = -1, empty queue]] WARN  server.GrpcLogAppender (GrpcLogAppender.java:timeoutAppendRequest(200)) - 783b8b0d-2e4b-4296-bbed-3f010e7af5dd@group-48638E47C87F->5d850b7b-f02e-4029-a6ce-7c22cb722049-GrpcLogAppender: appendEntries Timeout, request=783b8b0d-2e4b-4296-bbed-3f010e7af5dd->5d850b7b-f02e-4029-a6ce-7c22cb722049#38-t1, previous=(t:1, i:24), leaderCommit=18, initializing? false, entries: <empty>
2019-09-17 07:18:55,518 [java.util.concurrent.ThreadPoolExecutor$Worker@17e7de46[State = -1, empty queue]] WARN  server.GrpcLogAppender (GrpcLogAppender.java:timeoutAppendRequest(200)) - 783b8b0d-2e4b-4296-bbed-3f010e7af5dd@group-48638E47C87F->8914721e-e6fd-428a-8274-c97b8de6844d-GrpcLogAppender: appendEntries Timeout, request=783b8b0d-2e4b-4296-bbed-3f010e7af5dd->8914721e-e6fd-428a-8274-c97b8de6844d#38-t1, previous=(t:1, i:24), leaderCommit=18, initializing? false, entries: <empty>
2019-09-17 07:18:58,019 [java.util.concurrent.ThreadPoolExecutor$Worker@f0b1886[State = -1, empty queue]] WARN  server.GrpcLogAppender (GrpcLogAppender.java:timeoutAppendRequest(200)) - 783b8b0d-2e4b-4296-bbed-3f010e7af5dd@group-48638E47C87F->5d850b7b-f02e-4029-a6ce-7c22cb722049-GrpcLogAppender: appendEntries Timeout, request=783b8b0d-2e4b-4296-bbed-3f010e7af5dd->5d850b7b-f02e-4029-a6ce-7c22cb722049#39-t1, previous=(t:1, i:24), leaderCommit=18, initializing? false, entries: <empty>
2019-09-17 07:18:58,019 [java.util.concurrent.ThreadPoolExecutor$Worker@17e7de46[State = -1, empty queue]] WARN  server.GrpcLogAppender (GrpcLogAppender.java:timeoutAppendRequest(200)) - 783b8b0d-2e4b-4296-bbed-3f010e7af5dd@group-48638E47C87F->8914721e-e6fd-428a-8274-c97b8de6844d-GrpcLogAppender: appendEntries Timeout, request=783b8b0d-2e4b-4296-bbed-3f010e7af5dd->8914721e-e6fd-428a-8274-c97b8de6844d#39-t1, previous=(t:1, i:24), leaderCommit=18, initializing? false, entries: <empty>
2019-09-17 07:19:00,124 [5d850b7b-f02e-4029-a6ce-7c22cb722049@group-48638E47C87F-SegmentedRaftLogWorker] WARN  segmented.SegmentedRaftLogWorker (SegmentedRaftLogWorker.java:getFromFuture(90)) - Timeout 3/~
org.apache.ratis.protocol.TimeoutIOException: Timeout 10s: WriteLog:20: (t:1, i:20), STATEMACHINELOGENTRY, client-AF8003830DD9, cid=245-writeStateMachineData
	at org.apache.ratis.util.IOUtils.getFromFuture(IOUtils.java:87)
	at org.apache.ratis.server.raftlog.segmented.SegmentedRaftLogWorker$StateMachineDataPolicy.getFromFuture(SegmentedRaftLogWorker.java:87)
	at org.apache.ratis.server.raftlog.segmented.SegmentedRaftLogWorker$WriteLog.execute(SegmentedRaftLogWorker.java:477)
	at org.apache.ratis.server.raftlog.segmented.SegmentedRaftLogWorker.run(SegmentedRaftLogWorker.java:289)
	at java.lang.Thread.run(Thread.java:748)
Caused by: java.util.concurrent.TimeoutException
	at java.util.concurrent.CompletableFuture.timedGet(CompletableFuture.java:1771)
	at java.util.concurrent.CompletableFuture.get(CompletableFuture.java:1915)
	at org.apache.ratis.util.IOUtils.getFromFuture(IOUtils.java:79)
	... 4 more
2019-09-17 07:19:00,125 [783b8b0d-2e4b-4296-bbed-3f010e7af5dd@group-48638E47C87F-SegmentedRaftLogWorker] WARN  segmented.SegmentedRaftLogWorker (SegmentedRaftLogWorker.java:getFromFuture(90)) - Timeout 3/~
org.apache.ratis.protocol.TimeoutIOException: Timeout 10s: WriteLog:20: (t:1, i:20), STATEMACHINELOGENTRY, client-AF8003830DD9, cid=245-writeStateMachineData
	at org.apache.ratis.util.IOUtils.getFromFuture(IOUtils.java:87)
	at org.apache.ratis.server.raftlog.segmented.SegmentedRaftLogWorker$StateMachineDataPolicy.getFromFuture(SegmentedRaftLogWorker.java:87)
	at org.apache.ratis.server.raftlog.segmented.SegmentedRaftLogWorker$WriteLog.execute(SegmentedRaftLogWorker.java:477)
	at org.apache.ratis.server.raftlog.segmented.SegmentedRaftLogWorker.run(SegmentedRaftLogWorker.java:289)
	at java.lang.Thread.run(Thread.java:748)
Caused by: java.util.concurrent.TimeoutException
	at java.util.concurrent.CompletableFuture.timedGet(CompletableFuture.java:1771)
	at java.util.concurrent.CompletableFuture.get(CompletableFuture.java:1915)
	at org.apache.ratis.util.IOUtils.getFromFuture(IOUtils.java:79)
	... 4 more
2019-09-17 07:19:00,125 [8914721e-e6fd-428a-8274-c97b8de6844d@group-48638E47C87F-SegmentedRaftLogWorker] WARN  segmented.SegmentedRaftLogWorker (SegmentedRaftLogWorker.java:getFromFuture(90)) - Timeout 3/~
org.apache.ratis.protocol.TimeoutIOException: Timeout 10s: WriteLog:20: (t:1, i:20), STATEMACHINELOGENTRY, client-AF8003830DD9, cid=245-writeStateMachineData
	at org.apache.ratis.util.IOUtils.getFromFuture(IOUtils.java:87)
	at org.apache.ratis.server.raftlog.segmented.SegmentedRaftLogWorker$StateMachineDataPolicy.getFromFuture(SegmentedRaftLogWorker.java:87)
	at org.apache.ratis.server.raftlog.segmented.SegmentedRaftLogWorker$WriteLog.execute(SegmentedRaftLogWorker.java:477)
	at org.apache.ratis.server.raftlog.segmented.SegmentedRaftLogWorker.run(SegmentedRaftLogWorker.java:289)
	at java.lang.Thread.run(Thread.java:748)
Caused by: java.util.concurrent.TimeoutException
	at java.util.concurrent.CompletableFuture.timedGet(CompletableFuture.java:1771)
	at java.util.concurrent.CompletableFuture.get(CompletableFuture.java:1915)
	at org.apache.ratis.util.IOUtils.getFromFuture(IOUtils.java:79)
	... 4 more
2019-09-17 07:19:00,306 [grpc-default-executor-5] INFO  client.GrpcClientProtocolClient (GrpcClientProtocolClient.java:onNext(264)) - client-AF8003830DD9->8914721e-e6fd-428a-8274-c97b8de6844d: receive RaftClientReply:client-AF8003830DD9->8914721e-e6fd-428a-8274-c97b8de6844d@group-48638E47C87F, cid=244, FAILED org.apache.ratis.protocol.NotLeaderException: Server 8914721e-e6fd-428a-8274-c97b8de6844d@group-48638E47C87F is not the leader 783b8b0d-2e4b-4296-bbed-3f010e7af5dd:192.168.157.246:43483, logIndex=0, commits[8914721e-e6fd-428a-8274-c97b8de6844d:c18, 783b8b0d-2e4b-4296-bbed-3f010e7af5dd:c18, 5d850b7b-f02e-4029-a6ce-7c22cb722049:c17]
2019-09-17 07:19:00,520 [java.util.concurrent.ThreadPoolExecutor$Worker@17e7de46[State = -1, empty queue]] WARN  server.GrpcLogAppender (GrpcLogAppender.java:timeoutAppendRequest(200)) - 783b8b0d-2e4b-4296-bbed-3f010e7af5dd@group-48638E47C87F->8914721e-e6fd-428a-8274-c97b8de6844d-GrpcLogAppender: appendEntries Timeout, request=783b8b0d-2e4b-4296-bbed-3f010e7af5dd->8914721e-e6fd-428a-8274-c97b8de6844d#40-t1, previous=(t:1, i:24), leaderCommit=18, initializing? false, entries: <empty>
2019-09-17 07:19:00,520 [java.util.concurrent.ThreadPoolExecutor$Worker@f0b1886[State = -1, empty queue]] WARN  server.GrpcLogAppender (GrpcLogAppender.java:timeoutAppendRequest(200)) - 783b8b0d-2e4b-4296-bbed-3f010e7af5dd@group-48638E47C87F->5d850b7b-f02e-4029-a6ce-7c22cb722049-GrpcLogAppender: appendEntries Timeout, request=783b8b0d-2e4b-4296-bbed-3f010e7af5dd->5d850b7b-f02e-4029-a6ce-7c22cb722049#40-t1, previous=(t:1, i:24), leaderCommit=18, initializing? false, entries: <empty>
2019-09-17 07:19:03,022 [java.util.concurrent.ThreadPoolExecutor$Worker@f0b1886[State = -1, empty queue]] WARN  server.GrpcLogAppender (GrpcLogAppender.java:timeoutAppendRequest(200)) - 783b8b0d-2e4b-4296-bbed-3f010e7af5dd@group-48638E47C87F->5d850b7b-f02e-4029-a6ce-7c22cb722049-GrpcLogAppender: appendEntries Timeout, request=783b8b0d-2e4b-4296-bbed-3f010e7af5dd->5d850b7b-f02e-4029-a6ce-7c22cb722049#41-t1, previous=(t:1, i:24), leaderCommit=18, initializing? false, entries: <empty>
2019-09-17 07:19:03,022 [java.util.concurrent.ThreadPoolExecutor$Worker@17e7de46[State = -1, empty queue]] WARN  server.GrpcLogAppender (GrpcLogAppender.java:timeoutAppendRequest(200)) - 783b8b0d-2e4b-4296-bbed-3f010e7af5dd@group-48638E47C87F->8914721e-e6fd-428a-8274-c97b8de6844d-GrpcLogAppender: appendEntries Timeout, request=783b8b0d-2e4b-4296-bbed-3f010e7af5dd->8914721e-e6fd-428a-8274-c97b8de6844d#41-t1, previous=(t:1, i:24), leaderCommit=18, initializing? false, entries: <empty>
2019-09-17 07:19:05,329 [grpc-default-executor-6] INFO  client.GrpcClientProtocolClient (GrpcClientProtocolClient.java:onNext(264)) - client-AF8003830DD9->8914721e-e6fd-428a-8274-c97b8de6844d: receive RaftClientReply:client-AF8003830DD9->8914721e-e6fd-428a-8274-c97b8de6844d@group-48638E47C87F, cid=244, FAILED org.apache.ratis.protocol.NotLeaderException: Server 8914721e-e6fd-428a-8274-c97b8de6844d@group-48638E47C87F is not the leader 783b8b0d-2e4b-4296-bbed-3f010e7af5dd:192.168.157.246:43483, logIndex=0, commits[8914721e-e6fd-428a-8274-c97b8de6844d:c18, 783b8b0d-2e4b-4296-bbed-3f010e7af5dd:c18, 5d850b7b-f02e-4029-a6ce-7c22cb722049:c17]
2019-09-17 07:19:05,523 [java.util.concurrent.ThreadPoolExecutor$Worker@17e7de46[State = -1, empty queue]] WARN  server.GrpcLogAppender (GrpcLogAppender.java:timeoutAppendRequest(200)) - 783b8b0d-2e4b-4296-bbed-3f010e7af5dd@group-48638E47C87F->8914721e-e6fd-428a-8274-c97b8de6844d-GrpcLogAppender: appendEntries Timeout, request=783b8b0d-2e4b-4296-bbed-3f010e7af5dd->8914721e-e6fd-428a-8274-c97b8de6844d#42-t1, previous=(t:1, i:24), leaderCommit=18, initializing? false, entries: <empty>
2019-09-17 07:19:05,523 [java.util.concurrent.ThreadPoolExecutor$Worker@f0b1886[State = -1, empty queue]] WARN  server.GrpcLogAppender (GrpcLogAppender.java:timeoutAppendRequest(200)) - 783b8b0d-2e4b-4296-bbed-3f010e7af5dd@group-48638E47C87F->5d850b7b-f02e-4029-a6ce-7c22cb722049-GrpcLogAppender: appendEntries Timeout, request=783b8b0d-2e4b-4296-bbed-3f010e7af5dd->5d850b7b-f02e-4029-a6ce-7c22cb722049#42-t1, previous=(t:1, i:24), leaderCommit=18, initializing? false, entries: <empty>
2019-09-17 07:19:08,024 [java.util.concurrent.ThreadPoolExecutor$Worker@f0b1886[State = -1, empty queue]] WARN  server.GrpcLogAppender (GrpcLogAppender.java:timeoutAppendRequest(200)) - 783b8b0d-2e4b-4296-bbed-3f010e7af5dd@group-48638E47C87F->5d850b7b-f02e-4029-a6ce-7c22cb722049-GrpcLogAppender: appendEntries Timeout, request=783b8b0d-2e4b-4296-bbed-3f010e7af5dd->5d850b7b-f02e-4029-a6ce-7c22cb722049#43-t1, previous=(t:1, i:24), leaderCommit=18, initializing? false, entries: <empty>
2019-09-17 07:19:08,024 [java.util.concurrent.ThreadPoolExecutor$Worker@17e7de46[State = -1, empty queue]] WARN  server.GrpcLogAppender (GrpcLogAppender.java:timeoutAppendRequest(200)) - 783b8b0d-2e4b-4296-bbed-3f010e7af5dd@group-48638E47C87F->8914721e-e6fd-428a-8274-c97b8de6844d-GrpcLogAppender: appendEntries Timeout, request=783b8b0d-2e4b-4296-bbed-3f010e7af5dd->8914721e-e6fd-428a-8274-c97b8de6844d#43-t1, previous=(t:1, i:24), leaderCommit=18, initializing? false, entries: <empty>
2019-09-17 07:19:10,126 [5d850b7b-f02e-4029-a6ce-7c22cb722049@group-48638E47C87F-SegmentedRaftLogWorker] WARN  segmented.SegmentedRaftLogWorker (SegmentedRaftLogWorker.java:getFromFuture(90)) - Timeout 4/~
org.apache.ratis.protocol.TimeoutIOException: Timeout 10s: WriteLog:20: (t:1, i:20), STATEMACHINELOGENTRY, client-AF8003830DD9, cid=245-writeStateMachineData
	at org.apache.ratis.util.IOUtils.getFromFuture(IOUtils.java:87)
	at org.apache.ratis.server.raftlog.segmented.SegmentedRaftLogWorker$StateMachineDataPolicy.getFromFuture(SegmentedRaftLogWorker.java:87)
	at org.apache.ratis.server.raftlog.segmented.SegmentedRaftLogWorker$WriteLog.execute(SegmentedRaftLogWorker.java:477)
	at org.apache.ratis.server.raftlog.segmented.SegmentedRaftLogWorker.run(SegmentedRaftLogWorker.java:289)
	at java.lang.Thread.run(Thread.java:748)
Caused by: java.util.concurrent.TimeoutException
	at java.util.concurrent.CompletableFuture.timedGet(CompletableFuture.java:1771)
	at java.util.concurrent.CompletableFuture.get(CompletableFuture.java:1915)
	at org.apache.ratis.util.IOUtils.getFromFuture(IOUtils.java:79)
	... 4 more
2019-09-17 07:19:10,126 [783b8b0d-2e4b-4296-bbed-3f010e7af5dd@group-48638E47C87F-SegmentedRaftLogWorker] WARN  segmented.SegmentedRaftLogWorker (SegmentedRaftLogWorker.java:getFromFuture(90)) - Timeout 4/~
org.apache.ratis.protocol.TimeoutIOException: Timeout 10s: WriteLog:20: (t:1, i:20), STATEMACHINELOGENTRY, client-AF8003830DD9, cid=245-writeStateMachineData
	at org.apache.ratis.util.IOUtils.getFromFuture(IOUtils.java:87)
	at org.apache.ratis.server.raftlog.segmented.SegmentedRaftLogWorker$StateMachineDataPolicy.getFromFuture(SegmentedRaftLogWorker.java:87)
	at org.apache.ratis.server.raftlog.segmented.SegmentedRaftLogWorker$WriteLog.execute(SegmentedRaftLogWorker.java:477)
	at org.apache.ratis.server.raftlog.segmented.SegmentedRaftLogWorker.run(SegmentedRaftLogWorker.java:289)
	at java.lang.Thread.run(Thread.java:748)
Caused by: java.util.concurrent.TimeoutException
	at java.util.concurrent.CompletableFuture.timedGet(CompletableFuture.java:1771)
	at java.util.concurrent.CompletableFuture.get(CompletableFuture.java:1915)
	at org.apache.ratis.util.IOUtils.getFromFuture(IOUtils.java:79)
	... 4 more
2019-09-17 07:19:10,133 [8914721e-e6fd-428a-8274-c97b8de6844d@group-48638E47C87F-SegmentedRaftLogWorker] WARN  segmented.SegmentedRaftLogWorker (SegmentedRaftLogWorker.java:getFromFuture(90)) - Timeout 4/~
org.apache.ratis.protocol.TimeoutIOException: Timeout 10s: WriteLog:20: (t:1, i:20), STATEMACHINELOGENTRY, client-AF8003830DD9, cid=245-writeStateMachineData
	at org.apache.ratis.util.IOUtils.getFromFuture(IOUtils.java:87)
	at org.apache.ratis.server.raftlog.segmented.SegmentedRaftLogWorker$StateMachineDataPolicy.getFromFuture(SegmentedRaftLogWorker.java:87)
	at org.apache.ratis.server.raftlog.segmented.SegmentedRaftLogWorker$WriteLog.execute(SegmentedRaftLogWorker.java:477)
	at org.apache.ratis.server.raftlog.segmented.SegmentedRaftLogWorker.run(SegmentedRaftLogWorker.java:289)
	at java.lang.Thread.run(Thread.java:748)
Caused by: java.util.concurrent.TimeoutException
	at java.util.concurrent.CompletableFuture.timedGet(CompletableFuture.java:1771)
	at java.util.concurrent.CompletableFuture.get(CompletableFuture.java:1915)
	at org.apache.ratis.util.IOUtils.getFromFuture(IOUtils.java:79)
	... 4 more
2019-09-17 07:19:10,360 [grpc-default-executor-5] INFO  client.GrpcClientProtocolClient (GrpcClientProtocolClient.java:onNext(264)) - client-AF8003830DD9->8914721e-e6fd-428a-8274-c97b8de6844d: receive RaftClientReply:client-AF8003830DD9->8914721e-e6fd-428a-8274-c97b8de6844d@group-48638E47C87F, cid=244, FAILED org.apache.ratis.protocol.NotLeaderException: Server 8914721e-e6fd-428a-8274-c97b8de6844d@group-48638E47C87F is not the leader 783b8b0d-2e4b-4296-bbed-3f010e7af5dd:192.168.157.246:43483, logIndex=0, commits[8914721e-e6fd-428a-8274-c97b8de6844d:c18, 783b8b0d-2e4b-4296-bbed-3f010e7af5dd:c18, 5d850b7b-f02e-4029-a6ce-7c22cb722049:c17]
2019-09-17 07:19:10,524 [java.util.concurrent.ThreadPoolExecutor$Worker@17e7de46[State = -1, empty queue]] WARN  server.GrpcLogAppender (GrpcLogAppender.java:timeoutAppendRequest(200)) - 783b8b0d-2e4b-4296-bbed-3f010e7af5dd@group-48638E47C87F->8914721e-e6fd-428a-8274-c97b8de6844d-GrpcLogAppender: appendEntries Timeout, request=783b8b0d-2e4b-4296-bbed-3f010e7af5dd->8914721e-e6fd-428a-8274-c97b8de6844d#44-t1, previous=(t:1, i:24), leaderCommit=18, initializing? false, entries: <empty>
2019-09-17 07:19:10,524 [java.util.concurrent.ThreadPoolExecutor$Worker@f0b1886[State = -1, empty queue]] WARN  server.GrpcLogAppender (GrpcLogAppender.java:timeoutAppendRequest(200)) - 783b8b0d-2e4b-4296-bbed-3f010e7af5dd@group-48638E47C87F->5d850b7b-f02e-4029-a6ce-7c22cb722049-GrpcLogAppender: appendEntries Timeout, request=783b8b0d-2e4b-4296-bbed-3f010e7af5dd->5d850b7b-f02e-4029-a6ce-7c22cb722049#44-t1, previous=(t:1, i:24), leaderCommit=18, initializing? false, entries: <empty>
2019-09-17 07:19:13,025 [java.util.concurrent.ThreadPoolExecutor$Worker@17e7de46[State = -1, empty queue]] WARN  server.GrpcLogAppender (GrpcLogAppender.java:timeoutAppendRequest(200)) - 783b8b0d-2e4b-4296-bbed-3f010e7af5dd@group-48638E47C87F->8914721e-e6fd-428a-8274-c97b8de6844d-GrpcLogAppender: appendEntries Timeout, request=783b8b0d-2e4b-4296-bbed-3f010e7af5dd->8914721e-e6fd-428a-8274-c97b8de6844d#45-t1, previous=(t:1, i:24), leaderCommit=18, initializing? false, entries: <empty>
2019-09-17 07:19:13,025 [java.util.concurrent.ThreadPoolExecutor$Worker@f0b1886[State = -1, empty queue]] WARN  server.GrpcLogAppender (GrpcLogAppender.java:timeoutAppendRequest(200)) - 783b8b0d-2e4b-4296-bbed-3f010e7af5dd@group-48638E47C87F->5d850b7b-f02e-4029-a6ce-7c22cb722049-GrpcLogAppender: appendEntries Timeout, request=783b8b0d-2e4b-4296-bbed-3f010e7af5dd->5d850b7b-f02e-4029-a6ce-7c22cb722049#45-t1, previous=(t:1, i:24), leaderCommit=18, initializing? false, entries: <empty>
2019-09-17 07:19:15,390 [grpc-default-executor-5] INFO  client.GrpcClientProtocolClient (GrpcClientProtocolClient.java:onNext(264)) - client-AF8003830DD9->5d850b7b-f02e-4029-a6ce-7c22cb722049: receive RaftClientReply:client-AF8003830DD9->5d850b7b-f02e-4029-a6ce-7c22cb722049@group-48638E47C87F, cid=244, FAILED org.apache.ratis.protocol.NotLeaderException: Server 5d850b7b-f02e-4029-a6ce-7c22cb722049@group-48638E47C87F is not the leader 783b8b0d-2e4b-4296-bbed-3f010e7af5dd:192.168.157.246:43483, logIndex=0, commits[5d850b7b-f02e-4029-a6ce-7c22cb722049:c18, 783b8b0d-2e4b-4296-bbed-3f010e7af5dd:c18, 8914721e-e6fd-428a-8274-c97b8de6844d:c17]
2019-09-17 07:19:15,525 [java.util.concurrent.ThreadPoolExecutor$Worker@17e7de46[State = -1, empty queue]] WARN  server.GrpcLogAppender (GrpcLogAppender.java:timeoutAppendRequest(200)) - 783b8b0d-2e4b-4296-bbed-3f010e7af5dd@group-48638E47C87F->8914721e-e6fd-428a-8274-c97b8de6844d-GrpcLogAppender: appendEntries Timeout, request=783b8b0d-2e4b-4296-bbed-3f010e7af5dd->8914721e-e6fd-428a-8274-c97b8de6844d#46-t1, previous=(t:1, i:24), leaderCommit=18, initializing? false, entries: <empty>
2019-09-17 07:19:15,525 [java.util.concurrent.ThreadPoolExecutor$Worker@f0b1886[State = -1, empty queue]] WARN  server.GrpcLogAppender (GrpcLogAppender.java:timeoutAppendRequest(200)) - 783b8b0d-2e4b-4296-bbed-3f010e7af5dd@group-48638E47C87F->5d850b7b-f02e-4029-a6ce-7c22cb722049-GrpcLogAppender: appendEntries Timeout, request=783b8b0d-2e4b-4296-bbed-3f010e7af5dd->5d850b7b-f02e-4029-a6ce-7c22cb722049#46-t1, previous=(t:1, i:24), leaderCommit=18, initializing? false, entries: <empty>
2019-09-17 07:19:18,026 [java.util.concurrent.ThreadPoolExecutor$Worker@17e7de46[State = -1, empty queue]] WARN  server.GrpcLogAppender (GrpcLogAppender.java:timeoutAppendRequest(200)) - 783b8b0d-2e4b-4296-bbed-3f010e7af5dd@group-48638E47C87F->8914721e-e6fd-428a-8274-c97b8de6844d-GrpcLogAppender: appendEntries Timeout, request=783b8b0d-2e4b-4296-bbed-3f010e7af5dd->8914721e-e6fd-428a-8274-c97b8de6844d#47-t1, previous=(t:1, i:24), leaderCommit=18, initializing? false, entries: <empty>
2019-09-17 07:19:18,026 [java.util.concurrent.ThreadPoolExecutor$Worker@f0b1886[State = -1, empty queue]] WARN  server.GrpcLogAppender (GrpcLogAppender.java:timeoutAppendRequest(200)) - 783b8b0d-2e4b-4296-bbed-3f010e7af5dd@group-48638E47C87F->5d850b7b-f02e-4029-a6ce-7c22cb722049-GrpcLogAppender: appendEntries Timeout, request=783b8b0d-2e4b-4296-bbed-3f010e7af5dd->5d850b7b-f02e-4029-a6ce-7c22cb722049#47-t1, previous=(t:1, i:24), leaderCommit=18, initializing? false, entries: <empty>
2019-09-17 07:19:20,131 [5d850b7b-f02e-4029-a6ce-7c22cb722049@group-48638E47C87F-SegmentedRaftLogWorker] WARN  segmented.SegmentedRaftLogWorker (SegmentedRaftLogWorker.java:getFromFuture(90)) - Timeout 5/~
org.apache.ratis.protocol.TimeoutIOException: Timeout 10s: WriteLog:20: (t:1, i:20), STATEMACHINELOGENTRY, client-AF8003830DD9, cid=245-writeStateMachineData
	at org.apache.ratis.util.IOUtils.getFromFuture(IOUtils.java:87)
	at org.apache.ratis.server.raftlog.segmented.SegmentedRaftLogWorker$StateMachineDataPolicy.getFromFuture(SegmentedRaftLogWorker.java:87)
	at org.apache.ratis.server.raftlog.segmented.SegmentedRaftLogWorker$WriteLog.execute(SegmentedRaftLogWorker.java:477)
	at org.apache.ratis.server.raftlog.segmented.SegmentedRaftLogWorker.run(SegmentedRaftLogWorker.java:289)
	at java.lang.Thread.run(Thread.java:748)
Caused by: java.util.concurrent.TimeoutException
	at java.util.concurrent.CompletableFuture.timedGet(CompletableFuture.java:1771)
	at java.util.concurrent.CompletableFuture.get(CompletableFuture.java:1915)
	at org.apache.ratis.util.IOUtils.getFromFuture(IOUtils.java:79)
	... 4 more
2019-09-17 07:19:20,133 [783b8b0d-2e4b-4296-bbed-3f010e7af5dd@group-48638E47C87F-SegmentedRaftLogWorker] WARN  segmented.SegmentedRaftLogWorker (SegmentedRaftLogWorker.java:getFromFuture(90)) - Timeout 5/~
org.apache.ratis.protocol.TimeoutIOException: Timeout 10s: WriteLog:20: (t:1, i:20), STATEMACHINELOGENTRY, client-AF8003830DD9, cid=245-writeStateMachineData
	at org.apache.ratis.util.IOUtils.getFromFuture(IOUtils.java:87)
	at org.apache.ratis.server.raftlog.segmented.SegmentedRaftLogWorker$StateMachineDataPolicy.getFromFuture(SegmentedRaftLogWorker.java:87)
	at org.apache.ratis.server.raftlog.segmented.SegmentedRaftLogWorker$WriteLog.execute(SegmentedRaftLogWorker.java:477)
	at org.apache.ratis.server.raftlog.segmented.SegmentedRaftLogWorker.run(SegmentedRaftLogWorker.java:289)
	at java.lang.Thread.run(Thread.java:748)
Caused by: java.util.concurrent.TimeoutException
	at java.util.concurrent.CompletableFuture.timedGet(CompletableFuture.java:1771)
	at java.util.concurrent.CompletableFuture.get(CompletableFuture.java:1915)
	at org.apache.ratis.util.IOUtils.getFromFuture(IOUtils.java:79)
	... 4 more
2019-09-17 07:19:20,134 [8914721e-e6fd-428a-8274-c97b8de6844d@group-48638E47C87F-SegmentedRaftLogWorker] WARN  segmented.SegmentedRaftLogWorker (SegmentedRaftLogWorker.java:getFromFuture(90)) - Timeout 5/~
org.apache.ratis.protocol.TimeoutIOException: Timeout 10s: WriteLog:20: (t:1, i:20), STATEMACHINELOGENTRY, client-AF8003830DD9, cid=245-writeStateMachineData
	at org.apache.ratis.util.IOUtils.getFromFuture(IOUtils.java:87)
	at org.apache.ratis.server.raftlog.segmented.SegmentedRaftLogWorker$StateMachineDataPolicy.getFromFuture(SegmentedRaftLogWorker.java:87)
	at org.apache.ratis.server.raftlog.segmented.SegmentedRaftLogWorker$WriteLog.execute(SegmentedRaftLogWorker.java:477)
	at org.apache.ratis.server.raftlog.segmented.SegmentedRaftLogWorker.run(SegmentedRaftLogWorker.java:289)
	at java.lang.Thread.run(Thread.java:748)
Caused by: java.util.concurrent.TimeoutException
	at java.util.concurrent.CompletableFuture.timedGet(CompletableFuture.java:1771)
	at java.util.concurrent.CompletableFuture.get(CompletableFuture.java:1915)
	at org.apache.ratis.util.IOUtils.getFromFuture(IOUtils.java:79)
	... 4 more
2019-09-17 07:19:20,418 [grpc-default-executor-9] INFO  client.GrpcClientProtocolClient (GrpcClientProtocolClient.java:onNext(264)) - client-AF8003830DD9->8914721e-e6fd-428a-8274-c97b8de6844d: receive RaftClientReply:client-AF8003830DD9->8914721e-e6fd-428a-8274-c97b8de6844d@group-48638E47C87F, cid=244, FAILED org.apache.ratis.protocol.NotLeaderException: Server 8914721e-e6fd-428a-8274-c97b8de6844d@group-48638E47C87F is not the leader 783b8b0d-2e4b-4296-bbed-3f010e7af5dd:192.168.157.246:43483, logIndex=0, commits[8914721e-e6fd-428a-8274-c97b8de6844d:c18, 783b8b0d-2e4b-4296-bbed-3f010e7af5dd:c18, 5d850b7b-f02e-4029-a6ce-7c22cb722049:c17]
2019-09-17 07:19:20,527 [java.util.concurrent.ThreadPoolExecutor$Worker@17e7de46[State = -1, empty queue]] WARN  server.GrpcLogAppender (GrpcLogAppender.java:timeoutAppendRequest(200)) - 783b8b0d-2e4b-4296-bbed-3f010e7af5dd@group-48638E47C87F->8914721e-e6fd-428a-8274-c97b8de6844d-GrpcLogAppender: appendEntries Timeout, request=783b8b0d-2e4b-4296-bbed-3f010e7af5dd->8914721e-e6fd-428a-8274-c97b8de6844d#48-t1, previous=(t:1, i:24), leaderCommit=18, initializing? false, entries: <empty>
2019-09-17 07:19:20,527 [java.util.concurrent.ThreadPoolExecutor$Worker@f0b1886[State = -1, empty queue]] WARN  server.GrpcLogAppender (GrpcLogAppender.java:timeoutAppendRequest(200)) - 783b8b0d-2e4b-4296-bbed-3f010e7af5dd@group-48638E47C87F->5d850b7b-f02e-4029-a6ce-7c22cb722049-GrpcLogAppender: appendEntries Timeout, request=783b8b0d-2e4b-4296-bbed-3f010e7af5dd->5d850b7b-f02e-4029-a6ce-7c22cb722049#48-t1, previous=(t:1, i:24), leaderCommit=18, initializing? false, entries: <empty>
2019-09-17 07:19:23,029 [java.util.concurrent.ThreadPoolExecutor$Worker@17e7de46[State = -1, empty queue]] WARN  server.GrpcLogAppender (GrpcLogAppender.java:timeoutAppendRequest(200)) - 783b8b0d-2e4b-4296-bbed-3f010e7af5dd@group-48638E47C87F->8914721e-e6fd-428a-8274-c97b8de6844d-GrpcLogAppender: appendEntries Timeout, request=783b8b0d-2e4b-4296-bbed-3f010e7af5dd->8914721e-e6fd-428a-8274-c97b8de6844d#49-t1, previous=(t:1, i:24), leaderCommit=18, initializing? false, entries: <empty>
2019-09-17 07:19:23,029 [java.util.concurrent.ThreadPoolExecutor$Worker@f0b1886[State = -1, empty queue]] WARN  server.GrpcLogAppender (GrpcLogAppender.java:timeoutAppendRequest(200)) - 783b8b0d-2e4b-4296-bbed-3f010e7af5dd@group-48638E47C87F->5d850b7b-f02e-4029-a6ce-7c22cb722049-GrpcLogAppender: appendEntries Timeout, request=783b8b0d-2e4b-4296-bbed-3f010e7af5dd->5d850b7b-f02e-4029-a6ce-7c22cb722049#49-t1, previous=(t:1, i:24), leaderCommit=18, initializing? false, entries: <empty>
2019-09-17 07:19:25,446 [grpc-default-executor-5] INFO  client.GrpcClientProtocolClient (GrpcClientProtocolClient.java:onNext(264)) - client-AF8003830DD9->8914721e-e6fd-428a-8274-c97b8de6844d: receive RaftClientReply:client-AF8003830DD9->8914721e-e6fd-428a-8274-c97b8de6844d@group-48638E47C87F, cid=244, FAILED org.apache.ratis.protocol.NotLeaderException: Server 8914721e-e6fd-428a-8274-c97b8de6844d@group-48638E47C87F is not the leader 783b8b0d-2e4b-4296-bbed-3f010e7af5dd:192.168.157.246:43483, logIndex=0, commits[8914721e-e6fd-428a-8274-c97b8de6844d:c18, 783b8b0d-2e4b-4296-bbed-3f010e7af5dd:c18, 5d850b7b-f02e-4029-a6ce-7c22cb722049:c17]
2019-09-17 07:19:25,530 [java.util.concurrent.ThreadPoolExecutor$Worker@f0b1886[State = -1, empty queue]] WARN  server.GrpcLogAppender (GrpcLogAppender.java:timeoutAppendRequest(200)) - 783b8b0d-2e4b-4296-bbed-3f010e7af5dd@group-48638E47C87F->5d850b7b-f02e-4029-a6ce-7c22cb722049-GrpcLogAppender: appendEntries Timeout, request=783b8b0d-2e4b-4296-bbed-3f010e7af5dd->5d850b7b-f02e-4029-a6ce-7c22cb722049#50-t1, previous=(t:1, i:24), leaderCommit=18, initializing? false, entries: <empty>
2019-09-17 07:19:25,530 [java.util.concurrent.ThreadPoolExecutor$Worker@17e7de46[State = -1, empty queue]] WARN  server.GrpcLogAppender (GrpcLogAppender.java:timeoutAppendRequest(200)) - 783b8b0d-2e4b-4296-bbed-3f010e7af5dd@group-48638E47C87F->8914721e-e6fd-428a-8274-c97b8de6844d-GrpcLogAppender: appendEntries Timeout, request=783b8b0d-2e4b-4296-bbed-3f010e7af5dd->8914721e-e6fd-428a-8274-c97b8de6844d#50-t1, previous=(t:1, i:24), leaderCommit=18, initializing? false, entries: <empty>
2019-09-17 07:19:28,032 [java.util.concurrent.ThreadPoolExecutor$Worker@f0b1886[State = -1, empty queue]] WARN  server.GrpcLogAppender (GrpcLogAppender.java:timeoutAppendRequest(200)) - 783b8b0d-2e4b-4296-bbed-3f010e7af5dd@group-48638E47C87F->5d850b7b-f02e-4029-a6ce-7c22cb722049-GrpcLogAppender: appendEntries Timeout, request=783b8b0d-2e4b-4296-bbed-3f010e7af5dd->5d850b7b-f02e-4029-a6ce-7c22cb722049#51-t1, previous=(t:1, i:24), leaderCommit=18, initializing? false, entries: <empty>
2019-09-17 07:19:28,032 [java.util.concurrent.ThreadPoolExecutor$Worker@17e7de46[State = -1, empty queue]] WARN  server.GrpcLogAppender (GrpcLogAppender.java:timeoutAppendRequest(200)) - 783b8b0d-2e4b-4296-bbed-3f010e7af5dd@group-48638E47C87F->8914721e-e6fd-428a-8274-c97b8de6844d-GrpcLogAppender: appendEntries Timeout, request=783b8b0d-2e4b-4296-bbed-3f010e7af5dd->8914721e-e6fd-428a-8274-c97b8de6844d#51-t1, previous=(t:1, i:24), leaderCommit=18, initializing? false, entries: <empty>
2019-09-17 07:19:30,132 [5d850b7b-f02e-4029-a6ce-7c22cb722049@group-48638E47C87F-SegmentedRaftLogWorker] WARN  segmented.SegmentedRaftLogWorker (SegmentedRaftLogWorker.java:getFromFuture(90)) - Timeout 6/~
org.apache.ratis.protocol.TimeoutIOException: Timeout 10s: WriteLog:20: (t:1, i:20), STATEMACHINELOGENTRY, client-AF8003830DD9, cid=245-writeStateMachineData
	at org.apache.ratis.util.IOUtils.getFromFuture(IOUtils.java:87)
	at org.apache.ratis.server.raftlog.segmented.SegmentedRaftLogWorker$StateMachineDataPolicy.getFromFuture(SegmentedRaftLogWorker.java:87)
	at org.apache.ratis.server.raftlog.segmented.SegmentedRaftLogWorker$WriteLog.execute(SegmentedRaftLogWorker.java:477)
	at org.apache.ratis.server.raftlog.segmented.SegmentedRaftLogWorker.run(SegmentedRaftLogWorker.java:289)
	at java.lang.Thread.run(Thread.java:748)
Caused by: java.util.concurrent.TimeoutException
	at java.util.concurrent.CompletableFuture.timedGet(CompletableFuture.java:1771)
	at java.util.concurrent.CompletableFuture.get(CompletableFuture.java:1915)
	at org.apache.ratis.util.IOUtils.getFromFuture(IOUtils.java:79)
	... 4 more
2019-09-17 07:19:30,165 [783b8b0d-2e4b-4296-bbed-3f010e7af5dd@group-48638E47C87F-SegmentedRaftLogWorker] WARN  segmented.SegmentedRaftLogWorker (SegmentedRaftLogWorker.java:getFromFuture(90)) - Timeout 6/~
org.apache.ratis.protocol.TimeoutIOException: Timeout 10s: WriteLog:20: (t:1, i:20), STATEMACHINELOGENTRY, client-AF8003830DD9, cid=245-writeStateMachineData
	at org.apache.ratis.util.IOUtils.getFromFuture(IOUtils.java:87)
	at org.apache.ratis.server.raftlog.segmented.SegmentedRaftLogWorker$StateMachineDataPolicy.getFromFuture(SegmentedRaftLogWorker.java:87)
	at org.apache.ratis.server.raftlog.segmented.SegmentedRaftLogWorker$WriteLog.execute(SegmentedRaftLogWorker.java:477)
	at org.apache.ratis.server.raftlog.segmented.SegmentedRaftLogWorker.run(SegmentedRaftLogWorker.java:289)
	at java.lang.Thread.run(Thread.java:748)
Caused by: java.util.concurrent.TimeoutException
	at java.util.concurrent.CompletableFuture.timedGet(CompletableFuture.java:1771)
	at java.util.concurrent.CompletableFuture.get(CompletableFuture.java:1915)
	at org.apache.ratis.util.IOUtils.getFromFuture(IOUtils.java:79)
	... 4 more
2019-09-17 07:19:30,165 [8914721e-e6fd-428a-8274-c97b8de6844d@group-48638E47C87F-SegmentedRaftLogWorker] WARN  segmented.SegmentedRaftLogWorker (SegmentedRaftLogWorker.java:getFromFuture(90)) - Timeout 6/~
org.apache.ratis.protocol.TimeoutIOException: Timeout 10s: WriteLog:20: (t:1, i:20), STATEMACHINELOGENTRY, client-AF8003830DD9, cid=245-writeStateMachineData
	at org.apache.ratis.util.IOUtils.getFromFuture(IOUtils.java:87)
	at org.apache.ratis.server.raftlog.segmented.SegmentedRaftLogWorker$StateMachineDataPolicy.getFromFuture(SegmentedRaftLogWorker.java:87)
	at org.apache.ratis.server.raftlog.segmented.SegmentedRaftLogWorker$WriteLog.execute(SegmentedRaftLogWorker.java:477)
	at org.apache.ratis.server.raftlog.segmented.SegmentedRaftLogWorker.run(SegmentedRaftLogWorker.java:289)
	at java.lang.Thread.run(Thread.java:748)
Caused by: java.util.concurrent.TimeoutException
	at java.util.concurrent.CompletableFuture.timedGet(CompletableFuture.java:1771)
	at java.util.concurrent.CompletableFuture.get(CompletableFuture.java:1915)
	at org.apache.ratis.util.IOUtils.getFromFuture(IOUtils.java:79)
	... 4 more
2019-09-17 07:19:30,500 [grpc-default-executor-6] INFO  client.GrpcClientProtocolClient (GrpcClientProtocolClient.java:onNext(264)) - client-AF8003830DD9->8914721e-e6fd-428a-8274-c97b8de6844d: receive RaftClientReply:client-AF8003830DD9->8914721e-e6fd-428a-8274-c97b8de6844d@group-48638E47C87F, cid=244, FAILED org.apache.ratis.protocol.NotLeaderException: Server 8914721e-e6fd-428a-8274-c97b8de6844d@group-48638E47C87F is not the leader 783b8b0d-2e4b-4296-bbed-3f010e7af5dd:192.168.157.246:43483, logIndex=0, commits[8914721e-e6fd-428a-8274-c97b8de6844d:c18, 783b8b0d-2e4b-4296-bbed-3f010e7af5dd:c18, 5d850b7b-f02e-4029-a6ce-7c22cb722049:c17]
2019-09-17 07:19:30,532 [java.util.concurrent.ThreadPoolExecutor$Worker@f0b1886[State = -1, empty queue]] WARN  server.GrpcLogAppender (GrpcLogAppender.java:timeoutAppendRequest(200)) - 783b8b0d-2e4b-4296-bbed-3f010e7af5dd@group-48638E47C87F->5d850b7b-f02e-4029-a6ce-7c22cb722049-GrpcLogAppender: appendEntries Timeout, request=783b8b0d-2e4b-4296-bbed-3f010e7af5dd->5d850b7b-f02e-4029-a6ce-7c22cb722049#52-t1, previous=(t:1, i:24), leaderCommit=18, initializing? false, entries: <empty>
2019-09-17 07:19:30,532 [java.util.concurrent.ThreadPoolExecutor$Worker@17e7de46[State = -1, empty queue]] WARN  server.GrpcLogAppender (GrpcLogAppender.java:timeoutAppendRequest(200)) - 783b8b0d-2e4b-4296-bbed-3f010e7af5dd@group-48638E47C87F->8914721e-e6fd-428a-8274-c97b8de6844d-GrpcLogAppender: appendEntries Timeout, request=783b8b0d-2e4b-4296-bbed-3f010e7af5dd->8914721e-e6fd-428a-8274-c97b8de6844d#52-t1, previous=(t:1, i:24), leaderCommit=18, initializing? false, entries: <empty>
2019-09-17 07:19:33,033 [java.util.concurrent.ThreadPoolExecutor$Worker@f0b1886[State = -1, empty queue]] WARN  server.GrpcLogAppender (GrpcLogAppender.java:timeoutAppendRequest(200)) - 783b8b0d-2e4b-4296-bbed-3f010e7af5dd@group-48638E47C87F->5d850b7b-f02e-4029-a6ce-7c22cb722049-GrpcLogAppender: appendEntries Timeout, request=783b8b0d-2e4b-4296-bbed-3f010e7af5dd->5d850b7b-f02e-4029-a6ce-7c22cb722049#53-t1, previous=(t:1, i:24), leaderCommit=18, initializing? false, entries: <empty>
2019-09-17 07:19:33,033 [java.util.concurrent.ThreadPoolExecutor$Worker@17e7de46[State = -1, empty queue]] WARN  server.GrpcLogAppender (GrpcLogAppender.java:timeoutAppendRequest(200)) - 783b8b0d-2e4b-4296-bbed-3f010e7af5dd@group-48638E47C87F->8914721e-e6fd-428a-8274-c97b8de6844d-GrpcLogAppender: appendEntries Timeout, request=783b8b0d-2e4b-4296-bbed-3f010e7af5dd->8914721e-e6fd-428a-8274-c97b8de6844d#53-t1, previous=(t:1, i:24), leaderCommit=18, initializing? false, entries: <empty>
2019-09-17 07:19:35,522 [grpc-default-executor-6] INFO  client.GrpcClientProtocolClient (GrpcClientProtocolClient.java:onNext(264)) - client-AF8003830DD9->8914721e-e6fd-428a-8274-c97b8de6844d: receive RaftClientReply:client-AF8003830DD9->8914721e-e6fd-428a-8274-c97b8de6844d@group-48638E47C87F, cid=244, FAILED org.apache.ratis.protocol.NotLeaderException: Server 8914721e-e6fd-428a-8274-c97b8de6844d@group-48638E47C87F is not the leader 783b8b0d-2e4b-4296-bbed-3f010e7af5dd:192.168.157.246:43483, logIndex=0, commits[8914721e-e6fd-428a-8274-c97b8de6844d:c18, 783b8b0d-2e4b-4296-bbed-3f010e7af5dd:c18, 5d850b7b-f02e-4029-a6ce-7c22cb722049:c17]
2019-09-17 07:19:35,534 [java.util.concurrent.ThreadPoolExecutor$Worker@f0b1886[State = -1, empty queue]] WARN  server.GrpcLogAppender (GrpcLogAppender.java:timeoutAppendRequest(200)) - 783b8b0d-2e4b-4296-bbed-3f010e7af5dd@group-48638E47C87F->5d850b7b-f02e-4029-a6ce-7c22cb722049-GrpcLogAppender: appendEntries Timeout, request=783b8b0d-2e4b-4296-bbed-3f010e7af5dd->5d850b7b-f02e-4029-a6ce-7c22cb722049#54-t1, previous=(t:1, i:24), leaderCommit=18, initializing? false, entries: <empty>
2019-09-17 07:19:35,534 [java.util.concurrent.ThreadPoolExecutor$Worker@17e7de46[State = -1, empty queue]] WARN  server.GrpcLogAppender (GrpcLogAppender.java:timeoutAppendRequest(200)) - 783b8b0d-2e4b-4296-bbed-3f010e7af5dd@group-48638E47C87F->8914721e-e6fd-428a-8274-c97b8de6844d-GrpcLogAppender: appendEntries Timeout, request=783b8b0d-2e4b-4296-bbed-3f010e7af5dd->8914721e-e6fd-428a-8274-c97b8de6844d#54-t1, previous=(t:1, i:24), leaderCommit=18, initializing? false, entries: <empty>
2019-09-17 07:19:38,035 [java.util.concurrent.ThreadPoolExecutor$Worker@17e7de46[State = -1, empty queue]] WARN  server.GrpcLogAppender (GrpcLogAppender.java:timeoutAppendRequest(200)) - 783b8b0d-2e4b-4296-bbed-3f010e7af5dd@group-48638E47C87F->8914721e-e6fd-428a-8274-c97b8de6844d-GrpcLogAppender: appendEntries Timeout, request=783b8b0d-2e4b-4296-bbed-3f010e7af5dd->8914721e-e6fd-428a-8274-c97b8de6844d#55-t1, previous=(t:1, i:24), leaderCommit=18, initializing? false, entries: <empty>
2019-09-17 07:19:38,035 [java.util.concurrent.ThreadPoolExecutor$Worker@f0b1886[State = -1, empty queue]] WARN  server.GrpcLogAppender (GrpcLogAppender.java:timeoutAppendRequest(200)) - 783b8b0d-2e4b-4296-bbed-3f010e7af5dd@group-48638E47C87F->5d850b7b-f02e-4029-a6ce-7c22cb722049-GrpcLogAppender: appendEntries Timeout, request=783b8b0d-2e4b-4296-bbed-3f010e7af5dd->5d850b7b-f02e-4029-a6ce-7c22cb722049#55-t1, previous=(t:1, i:24), leaderCommit=18, initializing? false, entries: <empty>
2019-09-17 07:19:40,166 [5d850b7b-f02e-4029-a6ce-7c22cb722049@group-48638E47C87F-SegmentedRaftLogWorker] WARN  segmented.SegmentedRaftLogWorker (SegmentedRaftLogWorker.java:getFromFuture(90)) - Timeout 7/~
org.apache.ratis.protocol.TimeoutIOException: Timeout 10s: WriteLog:20: (t:1, i:20), STATEMACHINELOGENTRY, client-AF8003830DD9, cid=245-writeStateMachineData
	at org.apache.ratis.util.IOUtils.getFromFuture(IOUtils.java:87)
	at org.apache.ratis.server.raftlog.segmented.SegmentedRaftLogWorker$StateMachineDataPolicy.getFromFuture(SegmentedRaftLogWorker.java:87)
	at org.apache.ratis.server.raftlog.segmented.SegmentedRaftLogWorker$WriteLog.execute(SegmentedRaftLogWorker.java:477)
	at org.apache.ratis.server.raftlog.segmented.SegmentedRaftLogWorker.run(SegmentedRaftLogWorker.java:289)
	at java.lang.Thread.run(Thread.java:748)
Caused by: java.util.concurrent.TimeoutException
	at java.util.concurrent.CompletableFuture.timedGet(CompletableFuture.java:1771)
	at java.util.concurrent.CompletableFuture.get(CompletableFuture.java:1915)
	at org.apache.ratis.util.IOUtils.getFromFuture(IOUtils.java:79)
	... 4 more
2019-09-17 07:19:40,166 [783b8b0d-2e4b-4296-bbed-3f010e7af5dd@group-48638E47C87F-SegmentedRaftLogWorker] WARN  segmented.SegmentedRaftLogWorker (SegmentedRaftLogWorker.java:getFromFuture(90)) - Timeout 7/~
org.apache.ratis.protocol.TimeoutIOException: Timeout 10s: WriteLog:20: (t:1, i:20), STATEMACHINELOGENTRY, client-AF8003830DD9, cid=245-writeStateMachineData
	at org.apache.ratis.util.IOUtils.getFromFuture(IOUtils.java:87)
	at org.apache.ratis.server.raftlog.segmented.SegmentedRaftLogWorker$StateMachineDataPolicy.getFromFuture(SegmentedRaftLogWorker.java:87)
	at org.apache.ratis.server.raftlog.segmented.SegmentedRaftLogWorker$WriteLog.execute(SegmentedRaftLogWorker.java:477)
	at org.apache.ratis.server.raftlog.segmented.SegmentedRaftLogWorker.run(SegmentedRaftLogWorker.java:289)
	at java.lang.Thread.run(Thread.java:748)
Caused by: java.util.concurrent.TimeoutException
	at java.util.concurrent.CompletableFuture.timedGet(CompletableFuture.java:1771)
	at java.util.concurrent.CompletableFuture.get(CompletableFuture.java:1915)
	at org.apache.ratis.util.IOUtils.getFromFuture(IOUtils.java:79)
	... 4 more
2019-09-17 07:19:40,166 [8914721e-e6fd-428a-8274-c97b8de6844d@group-48638E47C87F-SegmentedRaftLogWorker] WARN  segmented.SegmentedRaftLogWorker (SegmentedRaftLogWorker.java:getFromFuture(90)) - Timeout 7/~
org.apache.ratis.protocol.TimeoutIOException: Timeout 10s: WriteLog:20: (t:1, i:20), STATEMACHINELOGENTRY, client-AF8003830DD9, cid=245-writeStateMachineData
	at org.apache.ratis.util.IOUtils.getFromFuture(IOUtils.java:87)
	at org.apache.ratis.server.raftlog.segmented.SegmentedRaftLogWorker$StateMachineDataPolicy.getFromFuture(SegmentedRaftLogWorker.java:87)
	at org.apache.ratis.server.raftlog.segmented.SegmentedRaftLogWorker$WriteLog.execute(SegmentedRaftLogWorker.java:477)
	at org.apache.ratis.server.raftlog.segmented.SegmentedRaftLogWorker.run(SegmentedRaftLogWorker.java:289)
	at java.lang.Thread.run(Thread.java:748)
Caused by: java.util.concurrent.TimeoutException
	at java.util.concurrent.CompletableFuture.timedGet(CompletableFuture.java:1771)
	at java.util.concurrent.CompletableFuture.get(CompletableFuture.java:1915)
	at org.apache.ratis.util.IOUtils.getFromFuture(IOUtils.java:79)
	... 4 more
2019-09-17 07:19:40,539 [java.util.concurrent.ThreadPoolExecutor$Worker@17e7de46[State = -1, empty queue]] WARN  server.GrpcLogAppender (GrpcLogAppender.java:timeoutAppendRequest(200)) - 783b8b0d-2e4b-4296-bbed-3f010e7af5dd@group-48638E47C87F->8914721e-e6fd-428a-8274-c97b8de6844d-GrpcLogAppender: appendEntries Timeout, request=783b8b0d-2e4b-4296-bbed-3f010e7af5dd->8914721e-e6fd-428a-8274-c97b8de6844d#56-t1, previous=(t:1, i:24), leaderCommit=18, initializing? false, entries: <empty>
2019-09-17 07:19:40,539 [java.util.concurrent.ThreadPoolExecutor$Worker@f0b1886[State = -1, empty queue]] WARN  server.GrpcLogAppender (GrpcLogAppender.java:timeoutAppendRequest(200)) - 783b8b0d-2e4b-4296-bbed-3f010e7af5dd@group-48638E47C87F->5d850b7b-f02e-4029-a6ce-7c22cb722049-GrpcLogAppender: appendEntries Timeout, request=783b8b0d-2e4b-4296-bbed-3f010e7af5dd->5d850b7b-f02e-4029-a6ce-7c22cb722049#56-t1, previous=(t:1, i:24), leaderCommit=18, initializing? false, entries: <empty>
2019-09-17 07:19:40,552 [grpc-default-executor-5] INFO  client.GrpcClientProtocolClient (GrpcClientProtocolClient.java:onNext(264)) - client-AF8003830DD9->5d850b7b-f02e-4029-a6ce-7c22cb722049: receive RaftClientReply:client-AF8003830DD9->5d850b7b-f02e-4029-a6ce-7c22cb722049@group-48638E47C87F, cid=244, FAILED org.apache.ratis.protocol.NotLeaderException: Server 5d850b7b-f02e-4029-a6ce-7c22cb722049@group-48638E47C87F is not the leader 783b8b0d-2e4b-4296-bbed-3f010e7af5dd:192.168.157.246:43483, logIndex=0, commits[5d850b7b-f02e-4029-a6ce-7c22cb722049:c18, 783b8b0d-2e4b-4296-bbed-3f010e7af5dd:c18, 8914721e-e6fd-428a-8274-c97b8de6844d:c17]
2019-09-17 07:19:43,037 [java.util.concurrent.ThreadPoolExecutor$Worker@f0b1886[State = -1, empty queue]] WARN  server.GrpcLogAppender (GrpcLogAppender.java:timeoutAppendRequest(200)) - 783b8b0d-2e4b-4296-bbed-3f010e7af5dd@group-48638E47C87F->5d850b7b-f02e-4029-a6ce-7c22cb722049-GrpcLogAppender: appendEntries Timeout, request=783b8b0d-2e4b-4296-bbed-3f010e7af5dd->5d850b7b-f02e-4029-a6ce-7c22cb722049#57-t1, previous=(t:1, i:24), leaderCommit=18, initializing? false, entries: <empty>
2019-09-17 07:19:43,037 [java.util.concurrent.ThreadPoolExecutor$Worker@17e7de46[State = -1, empty queue]] WARN  server.GrpcLogAppender (GrpcLogAppender.java:timeoutAppendRequest(200)) - 783b8b0d-2e4b-4296-bbed-3f010e7af5dd@group-48638E47C87F->8914721e-e6fd-428a-8274-c97b8de6844d-GrpcLogAppender: appendEntries Timeout, request=783b8b0d-2e4b-4296-bbed-3f010e7af5dd->8914721e-e6fd-428a-8274-c97b8de6844d#57-t1, previous=(t:1, i:24), leaderCommit=18, initializing? false, entries: <empty>
2019-09-17 07:19:45,538 [java.util.concurrent.ThreadPoolExecutor$Worker@17e7de46[State = -1, empty queue]] WARN  server.GrpcLogAppender (GrpcLogAppender.java:timeoutAppendRequest(200)) - 783b8b0d-2e4b-4296-bbed-3f010e7af5dd@group-48638E47C87F->8914721e-e6fd-428a-8274-c97b8de6844d-GrpcLogAppender: appendEntries Timeout, request=783b8b0d-2e4b-4296-bbed-3f010e7af5dd->8914721e-e6fd-428a-8274-c97b8de6844d#58-t1, previous=(t:1, i:24), leaderCommit=18, initializing? false, entries: <empty>
2019-09-17 07:19:45,538 [java.util.concurrent.ThreadPoolExecutor$Worker@f0b1886[State = -1, empty queue]] WARN  server.GrpcLogAppender (GrpcLogAppender.java:timeoutAppendRequest(200)) - 783b8b0d-2e4b-4296-bbed-3f010e7af5dd@group-48638E47C87F->5d850b7b-f02e-4029-a6ce-7c22cb722049-GrpcLogAppender: appendEntries Timeout, request=783b8b0d-2e4b-4296-bbed-3f010e7af5dd->5d850b7b-f02e-4029-a6ce-7c22cb722049#58-t1, previous=(t:1, i:24), leaderCommit=18, initializing? false, entries: <empty>
2019-09-17 07:19:45,587 [grpc-default-executor-6] INFO  client.GrpcClientProtocolClient (GrpcClientProtocolClient.java:onNext(264)) - client-AF8003830DD9->8914721e-e6fd-428a-8274-c97b8de6844d: receive RaftClientReply:client-AF8003830DD9->8914721e-e6fd-428a-8274-c97b8de6844d@group-48638E47C87F, cid=244, FAILED org.apache.ratis.protocol.NotLeaderException: Server 8914721e-e6fd-428a-8274-c97b8de6844d@group-48638E47C87F is not the leader 783b8b0d-2e4b-4296-bbed-3f010e7af5dd:192.168.157.246:43483, logIndex=0, commits[8914721e-e6fd-428a-8274-c97b8de6844d:c18, 783b8b0d-2e4b-4296-bbed-3f010e7af5dd:c18, 5d850b7b-f02e-4029-a6ce-7c22cb722049:c17]
2019-09-17 07:19:48,039 [java.util.concurrent.ThreadPoolExecutor$Worker@17e7de46[State = -1, empty queue]] WARN  server.GrpcLogAppender (GrpcLogAppender.java:timeoutAppendRequest(200)) - 783b8b0d-2e4b-4296-bbed-3f010e7af5dd@group-48638E47C87F->8914721e-e6fd-428a-8274-c97b8de6844d-GrpcLogAppender: appendEntries Timeout, request=783b8b0d-2e4b-4296-bbed-3f010e7af5dd->8914721e-e6fd-428a-8274-c97b8de6844d#59-t1, previous=(t:1, i:24), leaderCommit=18, initializing? false, entries: <empty>
2019-09-17 07:19:48,039 [java.util.concurrent.ThreadPoolExecutor$Worker@f0b1886[State = -1, empty queue]] WARN  server.GrpcLogAppender (GrpcLogAppender.java:timeoutAppendRequest(200)) - 783b8b0d-2e4b-4296-bbed-3f010e7af5dd@group-48638E47C87F->5d850b7b-f02e-4029-a6ce-7c22cb722049-GrpcLogAppender: appendEntries Timeout, request=783b8b0d-2e4b-4296-bbed-3f010e7af5dd->5d850b7b-f02e-4029-a6ce-7c22cb722049#59-t1, previous=(t:1, i:24), leaderCommit=18, initializing? false, entries: <empty>
2019-09-17 07:19:50,167 [5d850b7b-f02e-4029-a6ce-7c22cb722049@group-48638E47C87F-SegmentedRaftLogWorker] WARN  segmented.SegmentedRaftLogWorker (SegmentedRaftLogWorker.java:getFromFuture(90)) - Timeout 8/~
org.apache.ratis.protocol.TimeoutIOException: Timeout 10s: WriteLog:20: (t:1, i:20), STATEMACHINELOGENTRY, client-AF8003830DD9, cid=245-writeStateMachineData
	at org.apache.ratis.util.IOUtils.getFromFuture(IOUtils.java:87)
	at org.apache.ratis.server.raftlog.segmented.SegmentedRaftLogWorker$StateMachineDataPolicy.getFromFuture(SegmentedRaftLogWorker.java:87)
	at org.apache.ratis.server.raftlog.segmented.SegmentedRaftLogWorker$WriteLog.execute(SegmentedRaftLogWorker.java:477)
	at org.apache.ratis.server.raftlog.segmented.SegmentedRaftLogWorker.run(SegmentedRaftLogWorker.java:289)
	at java.lang.Thread.run(Thread.java:748)
Caused by: java.util.concurrent.TimeoutException
	at java.util.concurrent.CompletableFuture.timedGet(CompletableFuture.java:1771)
	at java.util.concurrent.CompletableFuture.get(CompletableFuture.java:1915)
	at org.apache.ratis.util.IOUtils.getFromFuture(IOUtils.java:79)
	... 4 more
2019-09-17 07:19:50,167 [8914721e-e6fd-428a-8274-c97b8de6844d@group-48638E47C87F-SegmentedRaftLogWorker] WARN  segmented.SegmentedRaftLogWorker (SegmentedRaftLogWorker.java:getFromFuture(90)) - Timeout 8/~
org.apache.ratis.protocol.TimeoutIOException: Timeout 10s: WriteLog:20: (t:1, i:20), STATEMACHINELOGENTRY, client-AF8003830DD9, cid=245-writeStateMachineData
	at org.apache.ratis.util.IOUtils.getFromFuture(IOUtils.java:87)
	at org.apache.ratis.server.raftlog.segmented.SegmentedRaftLogWorker$StateMachineDataPolicy.getFromFuture(SegmentedRaftLogWorker.java:87)
	at org.apache.ratis.server.raftlog.segmented.SegmentedRaftLogWorker$WriteLog.execute(SegmentedRaftLogWorker.java:477)
	at org.apache.ratis.server.raftlog.segmented.SegmentedRaftLogWorker.run(SegmentedRaftLogWorker.java:289)
	at java.lang.Thread.run(Thread.java:748)
Caused by: java.util.concurrent.TimeoutException
	at java.util.concurrent.CompletableFuture.timedGet(CompletableFuture.java:1771)
	at java.util.concurrent.CompletableFuture.get(CompletableFuture.java:1915)
	at org.apache.ratis.util.IOUtils.getFromFuture(IOUtils.java:79)
	... 4 more
2019-09-17 07:19:50,167 [783b8b0d-2e4b-4296-bbed-3f010e7af5dd@group-48638E47C87F-SegmentedRaftLogWorker] WARN  segmented.SegmentedRaftLogWorker (SegmentedRaftLogWorker.java:getFromFuture(90)) - Timeout 8/~
org.apache.ratis.protocol.TimeoutIOException: Timeout 10s: WriteLog:20: (t:1, i:20), STATEMACHINELOGENTRY, client-AF8003830DD9, cid=245-writeStateMachineData
	at org.apache.ratis.util.IOUtils.getFromFuture(IOUtils.java:87)
	at org.apache.ratis.server.raftlog.segmented.SegmentedRaftLogWorker$StateMachineDataPolicy.getFromFuture(SegmentedRaftLogWorker.java:87)
	at org.apache.ratis.server.raftlog.segmented.SegmentedRaftLogWorker$WriteLog.execute(SegmentedRaftLogWorker.java:477)
	at org.apache.ratis.server.raftlog.segmented.SegmentedRaftLogWorker.run(SegmentedRaftLogWorker.java:289)
	at java.lang.Thread.run(Thread.java:748)
Caused by: java.util.concurrent.TimeoutException
	at java.util.concurrent.CompletableFuture.timedGet(CompletableFuture.java:1771)
	at java.util.concurrent.CompletableFuture.get(CompletableFuture.java:1915)
	at org.apache.ratis.util.IOUtils.getFromFuture(IOUtils.java:79)
	... 4 more
2019-09-17 07:19:50,539 [java.util.concurrent.ThreadPoolExecutor$Worker@17e7de46[State = -1, empty queue]] WARN  server.GrpcLogAppender (GrpcLogAppender.java:timeoutAppendRequest(200)) - 783b8b0d-2e4b-4296-bbed-3f010e7af5dd@group-48638E47C87F->8914721e-e6fd-428a-8274-c97b8de6844d-GrpcLogAppender: appendEntries Timeout, request=783b8b0d-2e4b-4296-bbed-3f010e7af5dd->8914721e-e6fd-428a-8274-c97b8de6844d#60-t1, previous=(t:1, i:24), leaderCommit=18, initializing? false, entries: <empty>
2019-09-17 07:19:50,539 [java.util.concurrent.ThreadPoolExecutor$Worker@f0b1886[State = -1, empty queue]] WARN  server.GrpcLogAppender (GrpcLogAppender.java:timeoutAppendRequest(200)) - 783b8b0d-2e4b-4296-bbed-3f010e7af5dd@group-48638E47C87F->5d850b7b-f02e-4029-a6ce-7c22cb722049-GrpcLogAppender: appendEntries Timeout, request=783b8b0d-2e4b-4296-bbed-3f010e7af5dd->5d850b7b-f02e-4029-a6ce-7c22cb722049#60-t1, previous=(t:1, i:24), leaderCommit=18, initializing? false, entries: <empty>
2019-09-17 07:19:50,618 [grpc-default-executor-5] INFO  client.GrpcClientProtocolClient (GrpcClientProtocolClient.java:onNext(264)) - client-AF8003830DD9->5d850b7b-f02e-4029-a6ce-7c22cb722049: receive RaftClientReply:client-AF8003830DD9->5d850b7b-f02e-4029-a6ce-7c22cb722049@group-48638E47C87F, cid=244, FAILED org.apache.ratis.protocol.NotLeaderException: Server 5d850b7b-f02e-4029-a6ce-7c22cb722049@group-48638E47C87F is not the leader 783b8b0d-2e4b-4296-bbed-3f010e7af5dd:192.168.157.246:43483, logIndex=0, commits[5d850b7b-f02e-4029-a6ce-7c22cb722049:c18, 783b8b0d-2e4b-4296-bbed-3f010e7af5dd:c18, 8914721e-e6fd-428a-8274-c97b8de6844d:c17]
2019-09-17 07:19:53,040 [java.util.concurrent.ThreadPoolExecutor$Worker@17e7de46[State = -1, empty queue]] WARN  server.GrpcLogAppender (GrpcLogAppender.java:timeoutAppendRequest(200)) - 783b8b0d-2e4b-4296-bbed-3f010e7af5dd@group-48638E47C87F->8914721e-e6fd-428a-8274-c97b8de6844d-GrpcLogAppender: appendEntries Timeout, request=783b8b0d-2e4b-4296-bbed-3f010e7af5dd->8914721e-e6fd-428a-8274-c97b8de6844d#61-t1, previous=(t:1, i:24), leaderCommit=18, initializing? false, entries: <empty>
2019-09-17 07:19:53,040 [java.util.concurrent.ThreadPoolExecutor$Worker@f0b1886[State = -1, empty queue]] WARN  server.GrpcLogAppender (GrpcLogAppender.java:timeoutAppendRequest(200)) - 783b8b0d-2e4b-4296-bbed-3f010e7af5dd@group-48638E47C87F->5d850b7b-f02e-4029-a6ce-7c22cb722049-GrpcLogAppender: appendEntries Timeout, request=783b8b0d-2e4b-4296-bbed-3f010e7af5dd->5d850b7b-f02e-4029-a6ce-7c22cb722049#61-t1, previous=(t:1, i:24), leaderCommit=18, initializing? false, entries: <empty>
2019-09-17 07:19:55,541 [java.util.concurrent.ThreadPoolExecutor$Worker@17e7de46[State = -1, empty queue]] WARN  server.GrpcLogAppender (GrpcLogAppender.java:timeoutAppendRequest(200)) - 783b8b0d-2e4b-4296-bbed-3f010e7af5dd@group-48638E47C87F->8914721e-e6fd-428a-8274-c97b8de6844d-GrpcLogAppender: appendEntries Timeout, request=783b8b0d-2e4b-4296-bbed-3f010e7af5dd->8914721e-e6fd-428a-8274-c97b8de6844d#62-t1, previous=(t:1, i:24), leaderCommit=18, initializing? false, entries: <empty>
2019-09-17 07:19:55,541 [java.util.concurrent.ThreadPoolExecutor$Worker@f0b1886[State = -1, empty queue]] WARN  server.GrpcLogAppender (GrpcLogAppender.java:timeoutAppendRequest(200)) - 783b8b0d-2e4b-4296-bbed-3f010e7af5dd@group-48638E47C87F->5d850b7b-f02e-4029-a6ce-7c22cb722049-GrpcLogAppender: appendEntries Timeout, request=783b8b0d-2e4b-4296-bbed-3f010e7af5dd->5d850b7b-f02e-4029-a6ce-7c22cb722049#62-t1, previous=(t:1, i:24), leaderCommit=18, initializing? false, entries: <empty>
2019-09-17 07:19:55,651 [grpc-default-executor-6] INFO  client.GrpcClientProtocolClient (GrpcClientProtocolClient.java:onNext(264)) - client-AF8003830DD9->8914721e-e6fd-428a-8274-c97b8de6844d: receive RaftClientReply:client-AF8003830DD9->8914721e-e6fd-428a-8274-c97b8de6844d@group-48638E47C87F, cid=244, FAILED org.apache.ratis.protocol.NotLeaderException: Server 8914721e-e6fd-428a-8274-c97b8de6844d@group-48638E47C87F is not the leader 783b8b0d-2e4b-4296-bbed-3f010e7af5dd:192.168.157.246:43483, logIndex=0, commits[8914721e-e6fd-428a-8274-c97b8de6844d:c18, 783b8b0d-2e4b-4296-bbed-3f010e7af5dd:c18, 5d850b7b-f02e-4029-a6ce-7c22cb722049:c17]
2019-09-17 07:19:58,042 [java.util.concurrent.ThreadPoolExecutor$Worker@f0b1886[State = -1, empty queue]] WARN  server.GrpcLogAppender (GrpcLogAppender.java:timeoutAppendRequest(200)) - 783b8b0d-2e4b-4296-bbed-3f010e7af5dd@group-48638E47C87F->5d850b7b-f02e-4029-a6ce-7c22cb722049-GrpcLogAppender: appendEntries Timeout, request=783b8b0d-2e4b-4296-bbed-3f010e7af5dd->5d850b7b-f02e-4029-a6ce-7c22cb722049#63-t1, previous=(t:1, i:24), leaderCommit=18, initializing? false, entries: <empty>
2019-09-17 07:19:58,042 [java.util.concurrent.ThreadPoolExecutor$Worker@17e7de46[State = -1, empty queue]] WARN  server.GrpcLogAppender (GrpcLogAppender.java:timeoutAppendRequest(200)) - 783b8b0d-2e4b-4296-bbed-3f010e7af5dd@group-48638E47C87F->8914721e-e6fd-428a-8274-c97b8de6844d-GrpcLogAppender: appendEntries Timeout, request=783b8b0d-2e4b-4296-bbed-3f010e7af5dd->8914721e-e6fd-428a-8274-c97b8de6844d#63-t1, previous=(t:1, i:24), leaderCommit=18, initializing? false, entries: <empty>
2019-09-17 07:20:00,168 [5d850b7b-f02e-4029-a6ce-7c22cb722049@group-48638E47C87F-SegmentedRaftLogWorker] WARN  segmented.SegmentedRaftLogWorker (SegmentedRaftLogWorker.java:getFromFuture(90)) - Timeout 9/~
org.apache.ratis.protocol.TimeoutIOException: Timeout 10s: WriteLog:20: (t:1, i:20), STATEMACHINELOGENTRY, client-AF8003830DD9, cid=245-writeStateMachineData
	at org.apache.ratis.util.IOUtils.getFromFuture(IOUtils.java:87)
	at org.apache.ratis.server.raftlog.segmented.SegmentedRaftLogWorker$StateMachineDataPolicy.getFromFuture(SegmentedRaftLogWorker.java:87)
	at org.apache.ratis.server.raftlog.segmented.SegmentedRaftLogWorker$WriteLog.execute(SegmentedRaftLogWorker.java:477)
	at org.apache.ratis.server.raftlog.segmented.SegmentedRaftLogWorker.run(SegmentedRaftLogWorker.java:289)
	at java.lang.Thread.run(Thread.java:748)
Caused by: java.util.concurrent.TimeoutException
	at java.util.concurrent.CompletableFuture.timedGet(CompletableFuture.java:1771)
	at java.util.concurrent.CompletableFuture.get(CompletableFuture.java:1915)
	at org.apache.ratis.util.IOUtils.getFromFuture(IOUtils.java:79)
	... 4 more
2019-09-17 07:20:00,169 [8914721e-e6fd-428a-8274-c97b8de6844d@group-48638E47C87F-SegmentedRaftLogWorker] WARN  segmented.SegmentedRaftLogWorker (SegmentedRaftLogWorker.java:getFromFuture(90)) - Timeout 9/~
org.apache.ratis.protocol.TimeoutIOException: Timeout 10s: WriteLog:20: (t:1, i:20), STATEMACHINELOGENTRY, client-AF8003830DD9, cid=245-writeStateMachineData
	at org.apache.ratis.util.IOUtils.getFromFuture(IOUtils.java:87)
	at org.apache.ratis.server.raftlog.segmented.SegmentedRaftLogWorker$StateMachineDataPolicy.getFromFuture(SegmentedRaftLogWorker.java:87)
	at org.apache.ratis.server.raftlog.segmented.SegmentedRaftLogWorker$WriteLog.execute(SegmentedRaftLogWorker.java:477)
	at org.apache.ratis.server.raftlog.segmented.SegmentedRaftLogWorker.run(SegmentedRaftLogWorker.java:289)
	at java.lang.Thread.run(Thread.java:748)
Caused by: java.util.concurrent.TimeoutException
	at java.util.concurrent.CompletableFuture.timedGet(CompletableFuture.java:1771)
	at java.util.concurrent.CompletableFuture.get(CompletableFuture.java:1915)
	at org.apache.ratis.util.IOUtils.getFromFuture(IOUtils.java:79)
	... 4 more
2019-09-17 07:20:00,169 [783b8b0d-2e4b-4296-bbed-3f010e7af5dd@group-48638E47C87F-SegmentedRaftLogWorker] WARN  segmented.SegmentedRaftLogWorker (SegmentedRaftLogWorker.java:getFromFuture(90)) - Timeout 9/~
org.apache.ratis.protocol.TimeoutIOException: Timeout 10s: WriteLog:20: (t:1, i:20), STATEMACHINELOGENTRY, client-AF8003830DD9, cid=245-writeStateMachineData
	at org.apache.ratis.util.IOUtils.getFromFuture(IOUtils.java:87)
	at org.apache.ratis.server.raftlog.segmented.SegmentedRaftLogWorker$StateMachineDataPolicy.getFromFuture(SegmentedRaftLogWorker.java:87)
	at org.apache.ratis.server.raftlog.segmented.SegmentedRaftLogWorker$WriteLog.execute(SegmentedRaftLogWorker.java:477)
	at org.apache.ratis.server.raftlog.segmented.SegmentedRaftLogWorker.run(SegmentedRaftLogWorker.java:289)
	at java.lang.Thread.run(Thread.java:748)
Caused by: java.util.concurrent.TimeoutException
	at java.util.concurrent.CompletableFuture.timedGet(CompletableFuture.java:1771)
	at java.util.concurrent.CompletableFuture.get(CompletableFuture.java:1915)
	at org.apache.ratis.util.IOUtils.getFromFuture(IOUtils.java:79)
	... 4 more
2019-09-17 07:20:00,543 [java.util.concurrent.ThreadPoolExecutor$Worker@f0b1886[State = -1, empty queue]] WARN  server.GrpcLogAppender (GrpcLogAppender.java:timeoutAppendRequest(200)) - 783b8b0d-2e4b-4296-bbed-3f010e7af5dd@group-48638E47C87F->5d850b7b-f02e-4029-a6ce-7c22cb722049-GrpcLogAppender: appendEntries Timeout, request=783b8b0d-2e4b-4296-bbed-3f010e7af5dd->5d850b7b-f02e-4029-a6ce-7c22cb722049#64-t1, previous=(t:1, i:24), leaderCommit=18, initializing? false, entries: <empty>
2019-09-17 07:20:00,543 [java.util.concurrent.ThreadPoolExecutor$Worker@17e7de46[State = -1, empty queue]] WARN  server.GrpcLogAppender (GrpcLogAppender.java:timeoutAppendRequest(200)) - 783b8b0d-2e4b-4296-bbed-3f010e7af5dd@group-48638E47C87F->8914721e-e6fd-428a-8274-c97b8de6844d-GrpcLogAppender: appendEntries Timeout, request=783b8b0d-2e4b-4296-bbed-3f010e7af5dd->8914721e-e6fd-428a-8274-c97b8de6844d#64-t1, previous=(t:1, i:24), leaderCommit=18, initializing? false, entries: <empty>
2019-09-17 07:20:00,699 [grpc-default-executor-9] INFO  client.GrpcClientProtocolClient (GrpcClientProtocolClient.java:onNext(264)) - client-AF8003830DD9->5d850b7b-f02e-4029-a6ce-7c22cb722049: receive RaftClientReply:client-AF8003830DD9->5d850b7b-f02e-4029-a6ce-7c22cb722049@group-48638E47C87F, cid=244, FAILED org.apache.ratis.protocol.NotLeaderException: Server 5d850b7b-f02e-4029-a6ce-7c22cb722049@group-48638E47C87F is not the leader 783b8b0d-2e4b-4296-bbed-3f010e7af5dd:192.168.157.246:43483, logIndex=0, commits[5d850b7b-f02e-4029-a6ce-7c22cb722049:c18, 783b8b0d-2e4b-4296-bbed-3f010e7af5dd:c18, 8914721e-e6fd-428a-8274-c97b8de6844d:c17]
2019-09-17 07:20:03,043 [java.util.concurrent.ThreadPoolExecutor$Worker@17e7de46[State = -1, empty queue]] WARN  server.GrpcLogAppender (GrpcLogAppender.java:timeoutAppendRequest(200)) - 783b8b0d-2e4b-4296-bbed-3f010e7af5dd@group-48638E47C87F->8914721e-e6fd-428a-8274-c97b8de6844d-GrpcLogAppender: appendEntries Timeout, request=783b8b0d-2e4b-4296-bbed-3f010e7af5dd->8914721e-e6fd-428a-8274-c97b8de6844d#65-t1, previous=(t:1, i:24), leaderCommit=18, initializing? false, entries: <empty>
2019-09-17 07:20:03,043 [java.util.concurrent.ThreadPoolExecutor$Worker@f0b1886[State = -1, empty queue]] WARN  server.GrpcLogAppender (GrpcLogAppender.java:timeoutAppendRequest(200)) - 783b8b0d-2e4b-4296-bbed-3f010e7af5dd@group-48638E47C87F->5d850b7b-f02e-4029-a6ce-7c22cb722049-GrpcLogAppender: appendEntries Timeout, request=783b8b0d-2e4b-4296-bbed-3f010e7af5dd->5d850b7b-f02e-4029-a6ce-7c22cb722049#65-t1, previous=(t:1, i:24), leaderCommit=18, initializing? false, entries: <empty>
2019-09-17 07:20:05,543 [java.util.concurrent.ThreadPoolExecutor$Worker@f0b1886[State = -1, empty queue]] WARN  server.GrpcLogAppender (GrpcLogAppender.java:timeoutAppendRequest(200)) - 783b8b0d-2e4b-4296-bbed-3f010e7af5dd@group-48638E47C87F->5d850b7b-f02e-4029-a6ce-7c22cb722049-GrpcLogAppender: appendEntries Timeout, request=783b8b0d-2e4b-4296-bbed-3f010e7af5dd->5d850b7b-f02e-4029-a6ce-7c22cb722049#66-t1, previous=(t:1, i:24), leaderCommit=18, initializing? false, entries: <empty>
2019-09-17 07:20:05,544 [java.util.concurrent.ThreadPoolExecutor$Worker@17e7de46[State = -1, empty queue]] WARN  server.GrpcLogAppender (GrpcLogAppender.java:timeoutAppendRequest(200)) - 783b8b0d-2e4b-4296-bbed-3f010e7af5dd@group-48638E47C87F->8914721e-e6fd-428a-8274-c97b8de6844d-GrpcLogAppender: appendEntries Timeout, request=783b8b0d-2e4b-4296-bbed-3f010e7af5dd->8914721e-e6fd-428a-8274-c97b8de6844d#66-t1, previous=(t:1, i:24), leaderCommit=18, initializing? false, entries: <empty>
2019-09-17 07:20:05,726 [grpc-default-executor-6] INFO  client.GrpcClientProtocolClient (GrpcClientProtocolClient.java:onNext(264)) - client-AF8003830DD9->8914721e-e6fd-428a-8274-c97b8de6844d: receive RaftClientReply:client-AF8003830DD9->8914721e-e6fd-428a-8274-c97b8de6844d@group-48638E47C87F, cid=244, FAILED org.apache.ratis.protocol.NotLeaderException: Server 8914721e-e6fd-428a-8274-c97b8de6844d@group-48638E47C87F is not the leader 783b8b0d-2e4b-4296-bbed-3f010e7af5dd:192.168.157.246:43483, logIndex=0, commits[8914721e-e6fd-428a-8274-c97b8de6844d:c18, 783b8b0d-2e4b-4296-bbed-3f010e7af5dd:c18, 5d850b7b-f02e-4029-a6ce-7c22cb722049:c17]
2019-09-17 07:20:08,045 [java.util.concurrent.ThreadPoolExecutor$Worker@17e7de46[State = -1, empty queue]] WARN  server.GrpcLogAppender (GrpcLogAppender.java:timeoutAppendRequest(200)) - 783b8b0d-2e4b-4296-bbed-3f010e7af5dd@group-48638E47C87F->8914721e-e6fd-428a-8274-c97b8de6844d-GrpcLogAppender: appendEntries Timeout, request=783b8b0d-2e4b-4296-bbed-3f010e7af5dd->8914721e-e6fd-428a-8274-c97b8de6844d#67-t1, previous=(t:1, i:24), leaderCommit=18, initializing? false, entries: <empty>
2019-09-17 07:20:08,045 [java.util.concurrent.ThreadPoolExecutor$Worker@f0b1886[State = -1, empty queue]] WARN  server.GrpcLogAppender (GrpcLogAppender.java:timeoutAppendRequest(200)) - 783b8b0d-2e4b-4296-bbed-3f010e7af5dd@group-48638E47C87F->5d850b7b-f02e-4029-a6ce-7c22cb722049-GrpcLogAppender: appendEntries Timeout, request=783b8b0d-2e4b-4296-bbed-3f010e7af5dd->5d850b7b-f02e-4029-a6ce-7c22cb722049#67-t1, previous=(t:1, i:24), leaderCommit=18, initializing? false, entries: <empty>
2019-09-17 07:20:10,170 [5d850b7b-f02e-4029-a6ce-7c22cb722049@group-48638E47C87F-SegmentedRaftLogWorker] WARN  segmented.SegmentedRaftLogWorker (SegmentedRaftLogWorker.java:getFromFuture(90)) - Timeout 10/~
org.apache.ratis.protocol.TimeoutIOException: Timeout 10s: WriteLog:20: (t:1, i:20), STATEMACHINELOGENTRY, client-AF8003830DD9, cid=245-writeStateMachineData
	at org.apache.ratis.util.IOUtils.getFromFuture(IOUtils.java:87)
	at org.apache.ratis.server.raftlog.segmented.SegmentedRaftLogWorker$StateMachineDataPolicy.getFromFuture(SegmentedRaftLogWorker.java:87)
	at org.apache.ratis.server.raftlog.segmented.SegmentedRaftLogWorker$WriteLog.execute(SegmentedRaftLogWorker.java:477)
	at org.apache.ratis.server.raftlog.segmented.SegmentedRaftLogWorker.run(SegmentedRaftLogWorker.java:289)
	at java.lang.Thread.run(Thread.java:748)
Caused by: java.util.concurrent.TimeoutException
	at java.util.concurrent.CompletableFuture.timedGet(CompletableFuture.java:1771)
	at java.util.concurrent.CompletableFuture.get(CompletableFuture.java:1915)
	at org.apache.ratis.util.IOUtils.getFromFuture(IOUtils.java:79)
	... 4 more
2019-09-17 07:20:10,171 [783b8b0d-2e4b-4296-bbed-3f010e7af5dd@group-48638E47C87F-SegmentedRaftLogWorker] WARN  segmented.SegmentedRaftLogWorker (SegmentedRaftLogWorker.java:getFromFuture(90)) - Timeout 10/~
org.apache.ratis.protocol.TimeoutIOException: Timeout 10s: WriteLog:20: (t:1, i:20), STATEMACHINELOGENTRY, client-AF8003830DD9, cid=245-writeStateMachineData
	at org.apache.ratis.util.IOUtils.getFromFuture(IOUtils.java:87)
	at org.apache.ratis.server.raftlog.segmented.SegmentedRaftLogWorker$StateMachineDataPolicy.getFromFuture(SegmentedRaftLogWorker.java:87)
	at org.apache.ratis.server.raftlog.segmented.SegmentedRaftLogWorker$WriteLog.execute(SegmentedRaftLogWorker.java:477)
	at org.apache.ratis.server.raftlog.segmented.SegmentedRaftLogWorker.run(SegmentedRaftLogWorker.java:289)
	at java.lang.Thread.run(Thread.java:748)
Caused by: java.util.concurrent.TimeoutException
	at java.util.concurrent.CompletableFuture.timedGet(CompletableFuture.java:1771)
	at java.util.concurrent.CompletableFuture.get(CompletableFuture.java:1915)
	at org.apache.ratis.util.IOUtils.getFromFuture(IOUtils.java:79)
	... 4 more
2019-09-17 07:20:10,171 [8914721e-e6fd-428a-8274-c97b8de6844d@group-48638E47C87F-SegmentedRaftLogWorker] WARN  segmented.SegmentedRaftLogWorker (SegmentedRaftLogWorker.java:getFromFuture(90)) - Timeout 10/~
org.apache.ratis.protocol.TimeoutIOException: Timeout 10s: WriteLog:20: (t:1, i:20), STATEMACHINELOGENTRY, client-AF8003830DD9, cid=245-writeStateMachineData
	at org.apache.ratis.util.IOUtils.getFromFuture(IOUtils.java:87)
	at org.apache.ratis.server.raftlog.segmented.SegmentedRaftLogWorker$StateMachineDataPolicy.getFromFuture(SegmentedRaftLogWorker.java:87)
	at org.apache.ratis.server.raftlog.segmented.SegmentedRaftLogWorker$WriteLog.execute(SegmentedRaftLogWorker.java:477)
	at org.apache.ratis.server.raftlog.segmented.SegmentedRaftLogWorker.run(SegmentedRaftLogWorker.java:289)
	at java.lang.Thread.run(Thread.java:748)
Caused by: java.util.concurrent.TimeoutException
	at java.util.concurrent.CompletableFuture.timedGet(CompletableFuture.java:1771)
	at java.util.concurrent.CompletableFuture.get(CompletableFuture.java:1915)
	at org.apache.ratis.util.IOUtils.getFromFuture(IOUtils.java:79)
	... 4 more
2019-09-17 07:20:10,546 [java.util.concurrent.ThreadPoolExecutor$Worker@f0b1886[State = -1, empty queue]] WARN  server.GrpcLogAppender (GrpcLogAppender.java:timeoutAppendRequest(200)) - 783b8b0d-2e4b-4296-bbed-3f010e7af5dd@group-48638E47C87F->5d850b7b-f02e-4029-a6ce-7c22cb722049-GrpcLogAppender: appendEntries Timeout, request=783b8b0d-2e4b-4296-bbed-3f010e7af5dd->5d850b7b-f02e-4029-a6ce-7c22cb722049#68-t1, previous=(t:1, i:24), leaderCommit=18, initializing? false, entries: <empty>
2019-09-17 07:20:10,546 [java.util.concurrent.ThreadPoolExecutor$Worker@17e7de46[State = -1, empty queue]] WARN  server.GrpcLogAppender (GrpcLogAppender.java:timeoutAppendRequest(200)) - 783b8b0d-2e4b-4296-bbed-3f010e7af5dd@group-48638E47C87F->8914721e-e6fd-428a-8274-c97b8de6844d-GrpcLogAppender: appendEntries Timeout, request=783b8b0d-2e4b-4296-bbed-3f010e7af5dd->8914721e-e6fd-428a-8274-c97b8de6844d#68-t1, previous=(t:1, i:24), leaderCommit=18, initializing? false, entries: <empty>
2019-09-17 07:20:10,749 [grpc-default-executor-6] INFO  client.GrpcClientProtocolClient (GrpcClientProtocolClient.java:onNext(264)) - client-AF8003830DD9->5d850b7b-f02e-4029-a6ce-7c22cb722049: receive RaftClientReply:client-AF8003830DD9->5d850b7b-f02e-4029-a6ce-7c22cb722049@group-48638E47C87F, cid=244, FAILED org.apache.ratis.protocol.NotLeaderException: Server 5d850b7b-f02e-4029-a6ce-7c22cb722049@group-48638E47C87F is not the leader 783b8b0d-2e4b-4296-bbed-3f010e7af5dd:192.168.157.246:43483, logIndex=0, commits[5d850b7b-f02e-4029-a6ce-7c22cb722049:c18, 783b8b0d-2e4b-4296-bbed-3f010e7af5dd:c18, 8914721e-e6fd-428a-8274-c97b8de6844d:c17]
2019-09-17 07:20:13,047 [java.util.concurrent.ThreadPoolExecutor$Worker@f0b1886[State = -1, empty queue]] WARN  server.GrpcLogAppender (GrpcLogAppender.java:timeoutAppendRequest(200)) - 783b8b0d-2e4b-4296-bbed-3f010e7af5dd@group-48638E47C87F->5d850b7b-f02e-4029-a6ce-7c22cb722049-GrpcLogAppender: appendEntries Timeout, request=783b8b0d-2e4b-4296-bbed-3f010e7af5dd->5d850b7b-f02e-4029-a6ce-7c22cb722049#69-t1, previous=(t:1, i:24), leaderCommit=18, initializing? false, entries: <empty>
2019-09-17 07:20:13,047 [java.util.concurrent.ThreadPoolExecutor$Worker@17e7de46[State = -1, empty queue]] WARN  server.GrpcLogAppender (GrpcLogAppender.java:timeoutAppendRequest(200)) - 783b8b0d-2e4b-4296-bbed-3f010e7af5dd@group-48638E47C87F->8914721e-e6fd-428a-8274-c97b8de6844d-GrpcLogAppender: appendEntries Timeout, request=783b8b0d-2e4b-4296-bbed-3f010e7af5dd->8914721e-e6fd-428a-8274-c97b8de6844d#69-t1, previous=(t:1, i:24), leaderCommit=18, initializing? false, entries: <empty>
2019-09-17 07:20:15,547 [java.util.concurrent.ThreadPoolExecutor$Worker@17e7de46[State = -1, empty queue]] WARN  server.GrpcLogAppender (GrpcLogAppender.java:timeoutAppendRequest(200)) - 783b8b0d-2e4b-4296-bbed-3f010e7af5dd@group-48638E47C87F->8914721e-e6fd-428a-8274-c97b8de6844d-GrpcLogAppender: appendEntries Timeout, request=783b8b0d-2e4b-4296-bbed-3f010e7af5dd->8914721e-e6fd-428a-8274-c97b8de6844d#70-t1, previous=(t:1, i:24), leaderCommit=18, initializing? false, entries: <empty>
2019-09-17 07:20:15,547 [java.util.concurrent.ThreadPoolExecutor$Worker@f0b1886[State = -1, empty queue]] WARN  server.GrpcLogAppender (GrpcLogAppender.java:timeoutAppendRequest(200)) - 783b8b0d-2e4b-4296-bbed-3f010e7af5dd@group-48638E47C87F->5d850b7b-f02e-4029-a6ce-7c22cb722049-GrpcLogAppender: appendEntries Timeout, request=783b8b0d-2e4b-4296-bbed-3f010e7af5dd->5d850b7b-f02e-4029-a6ce-7c22cb722049#70-t1, previous=(t:1, i:24), leaderCommit=18, initializing? false, entries: <empty>
2019-09-17 07:20:15,777 [grpc-default-executor-5] INFO  client.GrpcClientProtocolClient (GrpcClientProtocolClient.java:onNext(264)) - client-AF8003830DD9->5d850b7b-f02e-4029-a6ce-7c22cb722049: receive RaftClientReply:client-AF8003830DD9->5d850b7b-f02e-4029-a6ce-7c22cb722049@group-48638E47C87F, cid=244, FAILED org.apache.ratis.protocol.NotLeaderException: Server 5d850b7b-f02e-4029-a6ce-7c22cb722049@group-48638E47C87F is not the leader 783b8b0d-2e4b-4296-bbed-3f010e7af5dd:192.168.157.246:43483, logIndex=0, commits[5d850b7b-f02e-4029-a6ce-7c22cb722049:c18, 783b8b0d-2e4b-4296-bbed-3f010e7af5dd:c18, 8914721e-e6fd-428a-8274-c97b8de6844d:c17]
2019-09-17 07:20:18,048 [java.util.concurrent.ThreadPoolExecutor$Worker@f0b1886[State = -1, empty queue]] WARN  server.GrpcLogAppender (GrpcLogAppender.java:timeoutAppendRequest(200)) - 783b8b0d-2e4b-4296-bbed-3f010e7af5dd@group-48638E47C87F->5d850b7b-f02e-4029-a6ce-7c22cb722049-GrpcLogAppender: appendEntries Timeout, request=783b8b0d-2e4b-4296-bbed-3f010e7af5dd->5d850b7b-f02e-4029-a6ce-7c22cb722049#71-t1, previous=(t:1, i:24), leaderCommit=18, initializing? false, entries: <empty>
2019-09-17 07:20:18,048 [java.util.concurrent.ThreadPoolExecutor$Worker@17e7de46[State = -1, empty queue]] WARN  server.GrpcLogAppender (GrpcLogAppender.java:timeoutAppendRequest(200)) - 783b8b0d-2e4b-4296-bbed-3f010e7af5dd@group-48638E47C87F->8914721e-e6fd-428a-8274-c97b8de6844d-GrpcLogAppender: appendEntries Timeout, request=783b8b0d-2e4b-4296-bbed-3f010e7af5dd->8914721e-e6fd-428a-8274-c97b8de6844d#71-t1, previous=(t:1, i:24), leaderCommit=18, initializing? false, entries: <empty>
2019-09-17 07:20:20,076 [org.apache.ratis.server.impl.LogAppender$AppenderDaemon$$Lambda$521/268088635@7e44e90f] ERROR ratis.XceiverServerRatis (XceiverServerRatis.java:triggerPipelineClose(575)) - pipeline Action CLOSE  on pipeline PipelineID=7701c700-c295-448b-ae11-48638e47c87f.Reason : 783b8b0d-2e4b-4296-bbed-3f010e7af5dd has not seen follower/s 5d850b7b-f02e-4029-a6ce-7c22cb722049 for 120356ms 8914721e-e6fd-428a-8274-c97b8de6844d for 120356ms
2019-09-17 07:20:20,076 [org.apache.ratis.server.impl.LogAppender$AppenderDaemon$$Lambda$521/268088635@3fe09027] ERROR ratis.XceiverServerRatis (XceiverServerRatis.java:triggerPipelineClose(575)) - pipeline Action CLOSE  on pipeline PipelineID=7701c700-c295-448b-ae11-48638e47c87f.Reason : 783b8b0d-2e4b-4296-bbed-3f010e7af5dd has not seen follower/s 5d850b7b-f02e-4029-a6ce-7c22cb722049 for 120356ms 8914721e-e6fd-428a-8274-c97b8de6844d for 120356ms
2019-09-17 07:20:20,141 [EventQueue-PipelineActionsForPipelineActionHandler] ERROR pipeline.PipelineActionHandler (PipelineActionHandler.java:onMessage(60)) - Received pipeline action CLOSE for Pipeline[ Id: 7701c700-c295-448b-ae11-48638e47c87f, Nodes: 783b8b0d-2e4b-4296-bbed-3f010e7af5dd{ip: 192.168.157.246, host: pr-hdds-2016-n7825-135103490, networkLocation: /default-rack, certSerialId: null}8914721e-e6fd-428a-8274-c97b8de6844d{ip: 192.168.157.246, host: pr-hdds-2016-n7825-135103490, networkLocation: /default-rack, certSerialId: null}5d850b7b-f02e-4029-a6ce-7c22cb722049{ip: 192.168.157.246, host: pr-hdds-2016-n7825-135103490, networkLocation: /default-rack, certSerialId: null}, Type:RATIS, Factor:THREE, State:OPEN] from datanode 783b8b0d-2e4b-4296-bbed-3f010e7af5dd{ip: 192.168.157.246, host: pr-hdds-2016-n7825-135103490, networkLocation: /default-rack, certSerialId: null}. Reason : 783b8b0d-2e4b-4296-bbed-3f010e7af5dd has not seen follower/s 5d850b7b-f02e-4029-a6ce-7c22cb722049 for 120356ms 8914721e-e6fd-428a-8274-c97b8de6844d for 120356ms
2019-09-17 07:20:20,141 [EventQueue-PipelineActionsForPipelineActionHandler] INFO  pipeline.SCMPipelineManager (SCMPipelineManager.java:finalizeAndDestroyPipeline(311)) - destroying pipeline:Pipeline[ Id: 7701c700-c295-448b-ae11-48638e47c87f, Nodes: 783b8b0d-2e4b-4296-bbed-3f010e7af5dd{ip: 192.168.157.246, host: pr-hdds-2016-n7825-135103490, networkLocation: /default-rack, certSerialId: null}8914721e-e6fd-428a-8274-c97b8de6844d{ip: 192.168.157.246, host: pr-hdds-2016-n7825-135103490, networkLocation: /default-rack, certSerialId: null}5d850b7b-f02e-4029-a6ce-7c22cb722049{ip: 192.168.157.246, host: pr-hdds-2016-n7825-135103490, networkLocation: /default-rack, certSerialId: null}, Type:RATIS, Factor:THREE, State:OPEN]
2019-09-17 07:20:20,141 [EventQueue-PipelineActionsForPipelineActionHandler] INFO  pipeline.PipelineStateManager (PipelineStateManager.java:finalizePipeline(123)) - Pipeline Pipeline[ Id: 7701c700-c295-448b-ae11-48638e47c87f, Nodes: 783b8b0d-2e4b-4296-bbed-3f010e7af5dd{ip: 192.168.157.246, host: pr-hdds-2016-n7825-135103490, networkLocation: /default-rack, certSerialId: null}8914721e-e6fd-428a-8274-c97b8de6844d{ip: 192.168.157.246, host: pr-hdds-2016-n7825-135103490, networkLocation: /default-rack, certSerialId: null}5d850b7b-f02e-4029-a6ce-7c22cb722049{ip: 192.168.157.246, host: pr-hdds-2016-n7825-135103490, networkLocation: /default-rack, certSerialId: null}, Type:RATIS, Factor:THREE, State:CLOSED] moved to CLOSED state
2019-09-17 07:20:20,142 [EventQueue-CloseContainerForCloseContainerEventHandler] INFO  container.CloseContainerEventHandler (CloseContainerEventHandler.java:onMessage(61)) - Close container Event triggered for container : #2
2019-09-17 07:20:20,172 [5d850b7b-f02e-4029-a6ce-7c22cb722049@group-48638E47C87F-SegmentedRaftLogWorker] WARN  segmented.SegmentedRaftLogWorker (SegmentedRaftLogWorker.java:getFromFuture(90)) - Timeout 11/~
org.apache.ratis.protocol.TimeoutIOException: Timeout 10s: WriteLog:20: (t:1, i:20), STATEMACHINELOGENTRY, client-AF8003830DD9, cid=245-writeStateMachineData
	at org.apache.ratis.util.IOUtils.getFromFuture(IOUtils.java:87)
	at org.apache.ratis.server.raftlog.segmented.SegmentedRaftLogWorker$StateMachineDataPolicy.getFromFuture(SegmentedRaftLogWorker.java:87)
	at org.apache.ratis.server.raftlog.segmented.SegmentedRaftLogWorker$WriteLog.execute(SegmentedRaftLogWorker.java:477)
	at org.apache.ratis.server.raftlog.segmented.SegmentedRaftLogWorker.run(SegmentedRaftLogWorker.java:289)
	at java.lang.Thread.run(Thread.java:748)
Caused by: java.util.concurrent.TimeoutException
	at java.util.concurrent.CompletableFuture.timedGet(CompletableFuture.java:1771)
	at java.util.concurrent.CompletableFuture.get(CompletableFuture.java:1915)
	at org.apache.ratis.util.IOUtils.getFromFuture(IOUtils.java:79)
	... 4 more
2019-09-17 07:20:20,176 [783b8b0d-2e4b-4296-bbed-3f010e7af5dd@group-48638E47C87F-SegmentedRaftLogWorker] WARN  segmented.SegmentedRaftLogWorker (SegmentedRaftLogWorker.java:getFromFuture(90)) - Timeout 11/~
org.apache.ratis.protocol.TimeoutIOException: Timeout 10s: WriteLog:20: (t:1, i:20), STATEMACHINELOGENTRY, client-AF8003830DD9, cid=245-writeStateMachineData
	at org.apache.ratis.util.IOUtils.getFromFuture(IOUtils.java:87)
	at org.apache.ratis.server.raftlog.segmented.SegmentedRaftLogWorker$StateMachineDataPolicy.getFromFuture(SegmentedRaftLogWorker.java:87)
	at org.apache.ratis.server.raftlog.segmented.SegmentedRaftLogWorker$WriteLog.execute(SegmentedRaftLogWorker.java:477)
	at org.apache.ratis.server.raftlog.segmented.SegmentedRaftLogWorker.run(SegmentedRaftLogWorker.java:289)
	at java.lang.Thread.run(Thread.java:748)
Caused by: java.util.concurrent.TimeoutException
	at java.util.concurrent.CompletableFuture.timedGet(CompletableFuture.java:1771)
	at java.util.concurrent.CompletableFuture.get(CompletableFuture.java:1915)
	at org.apache.ratis.util.IOUtils.getFromFuture(IOUtils.java:79)
	... 4 more
2019-09-17 07:20:20,175 [8914721e-e6fd-428a-8274-c97b8de6844d@group-48638E47C87F-SegmentedRaftLogWorker] WARN  segmented.SegmentedRaftLogWorker (SegmentedRaftLogWorker.java:getFromFuture(90)) - Timeout 11/~
org.apache.ratis.protocol.TimeoutIOException: Timeout 10s: WriteLog:20: (t:1, i:20), STATEMACHINELOGENTRY, client-AF8003830DD9, cid=245-writeStateMachineData
	at org.apache.ratis.util.IOUtils.getFromFuture(IOUtils.java:87)
	at org.apache.ratis.server.raftlog.segmented.SegmentedRaftLogWorker$StateMachineDataPolicy.getFromFuture(SegmentedRaftLogWorker.java:87)
	at org.apache.ratis.server.raftlog.segmented.SegmentedRaftLogWorker$WriteLog.execute(SegmentedRaftLogWorker.java:477)
	at org.apache.ratis.server.raftlog.segmented.SegmentedRaftLogWorker.run(SegmentedRaftLogWorker.java:289)
	at java.lang.Thread.run(Thread.java:748)
Caused by: java.util.concurrent.TimeoutException
	at java.util.concurrent.CompletableFuture.timedGet(CompletableFuture.java:1771)
	at java.util.concurrent.CompletableFuture.get(CompletableFuture.java:1915)
	at org.apache.ratis.util.IOUtils.getFromFuture(IOUtils.java:79)
	... 4 more
2019-09-17 07:20:20,549 [java.util.concurrent.ThreadPoolExecutor$Worker@17e7de46[State = -1, empty queue]] WARN  server.GrpcLogAppender (GrpcLogAppender.java:timeoutAppendRequest(200)) - 783b8b0d-2e4b-4296-bbed-3f010e7af5dd@group-48638E47C87F->8914721e-e6fd-428a-8274-c97b8de6844d-GrpcLogAppender: appendEntries Timeout, request=783b8b0d-2e4b-4296-bbed-3f010e7af5dd->8914721e-e6fd-428a-8274-c97b8de6844d#72-t1, previous=(t:1, i:24), leaderCommit=18, initializing? false, entries: <empty>
2019-09-17 07:20:20,549 [java.util.concurrent.ThreadPoolExecutor$Worker@f0b1886[State = -1, empty queue]] WARN  server.GrpcLogAppender (GrpcLogAppender.java:timeoutAppendRequest(200)) - 783b8b0d-2e4b-4296-bbed-3f010e7af5dd@group-48638E47C87F->5d850b7b-f02e-4029-a6ce-7c22cb722049-GrpcLogAppender: appendEntries Timeout, request=783b8b0d-2e4b-4296-bbed-3f010e7af5dd->5d850b7b-f02e-4029-a6ce-7c22cb722049#72-t1, previous=(t:1, i:24), leaderCommit=18, initializing? false, entries: <empty>
2019-09-17 07:20:20,812 [grpc-default-executor-9] INFO  client.GrpcClientProtocolClient (GrpcClientProtocolClient.java:onNext(264)) - client-AF8003830DD9->8914721e-e6fd-428a-8274-c97b8de6844d: receive RaftClientReply:client-AF8003830DD9->8914721e-e6fd-428a-8274-c97b8de6844d@group-48638E47C87F, cid=244, FAILED org.apache.ratis.protocol.NotLeaderException: Server 8914721e-e6fd-428a-8274-c97b8de6844d@group-48638E47C87F is not the leader 783b8b0d-2e4b-4296-bbed-3f010e7af5dd:192.168.157.246:43483, logIndex=0, commits[8914721e-e6fd-428a-8274-c97b8de6844d:c18, 783b8b0d-2e4b-4296-bbed-3f010e7af5dd:c18, 5d850b7b-f02e-4029-a6ce-7c22cb722049:c17]
2019-09-17 07:20:22,551 [org.apache.ratis.server.impl.LogAppender$AppenderDaemon$$Lambda$521/268088635@3fe09027] ERROR ratis.XceiverServerRatis (XceiverServerRatis.java:triggerPipelineClose(575)) - pipeline Action CLOSE  on pipeline PipelineID=7701c700-c295-448b-ae11-48638e47c87f.Reason : 783b8b0d-2e4b-4296-bbed-3f010e7af5dd has not seen follower/s 5d850b7b-f02e-4029-a6ce-7c22cb722049 for 122857ms 8914721e-e6fd-428a-8274-c97b8de6844d for 122857ms
2019-09-17 07:20:22,551 [org.apache.ratis.server.impl.LogAppender$AppenderDaemon$$Lambda$521/268088635@7e44e90f] ERROR ratis.XceiverServerRatis (XceiverServerRatis.java:triggerPipelineClose(575)) - pipeline Action CLOSE  on pipeline PipelineID=7701c700-c295-448b-ae11-48638e47c87f.Reason : 783b8b0d-2e4b-4296-bbed-3f010e7af5dd has not seen follower/s 5d850b7b-f02e-4029-a6ce-7c22cb722049 for 122857ms 8914721e-e6fd-428a-8274-c97b8de6844d for 122857ms
2019-09-17 07:20:23,050 [java.util.concurrent.ThreadPoolExecutor$Worker@f0b1886[State = -1, empty queue]] WARN  server.GrpcLogAppender (GrpcLogAppender.java:timeoutAppendRequest(200)) - 783b8b0d-2e4b-4296-bbed-3f010e7af5dd@group-48638E47C87F->5d850b7b-f02e-4029-a6ce-7c22cb722049-GrpcLogAppender: appendEntries Timeout, request=783b8b0d-2e4b-4296-bbed-3f010e7af5dd->5d850b7b-f02e-4029-a6ce-7c22cb722049#73-t1, previous=(t:1, i:24), leaderCommit=18, initializing? false, entries: <empty>
2019-09-17 07:20:23,050 [java.util.concurrent.ThreadPoolExecutor$Worker@17e7de46[State = -1, empty queue]] WARN  server.GrpcLogAppender (GrpcLogAppender.java:timeoutAppendRequest(200)) - 783b8b0d-2e4b-4296-bbed-3f010e7af5dd@group-48638E47C87F->8914721e-e6fd-428a-8274-c97b8de6844d-GrpcLogAppender: appendEntries Timeout, request=783b8b0d-2e4b-4296-bbed-3f010e7af5dd->8914721e-e6fd-428a-8274-c97b8de6844d#73-t1, previous=(t:1, i:24), leaderCommit=18, initializing? false, entries: <empty>
2019-09-17 07:20:23,137 [EventQueue-PipelineActionsForPipelineActionHandler] ERROR pipeline.PipelineActionHandler (PipelineActionHandler.java:onMessage(60)) - Received pipeline action CLOSE for Pipeline[ Id: 7701c700-c295-448b-ae11-48638e47c87f, Nodes: 783b8b0d-2e4b-4296-bbed-3f010e7af5dd{ip: 192.168.157.246, host: pr-hdds-2016-n7825-135103490, networkLocation: /default-rack, certSerialId: null}8914721e-e6fd-428a-8274-c97b8de6844d{ip: 192.168.157.246, host: pr-hdds-2016-n7825-135103490, networkLocation: /default-rack, certSerialId: null}5d850b7b-f02e-4029-a6ce-7c22cb722049{ip: 192.168.157.246, host: pr-hdds-2016-n7825-135103490, networkLocation: /default-rack, certSerialId: null}, Type:RATIS, Factor:THREE, State:CLOSED] from datanode 783b8b0d-2e4b-4296-bbed-3f010e7af5dd{ip: 192.168.157.246, host: pr-hdds-2016-n7825-135103490, networkLocation: /default-rack, certSerialId: null}. Reason : 783b8b0d-2e4b-4296-bbed-3f010e7af5dd has not seen follower/s 5d850b7b-f02e-4029-a6ce-7c22cb722049 for 122857ms 8914721e-e6fd-428a-8274-c97b8de6844d for 122857ms
2019-09-17 07:20:23,138 [EventQueue-PipelineActionsForPipelineActionHandler] INFO  pipeline.SCMPipelineManager (SCMPipelineManager.java:finalizeAndDestroyPipeline(311)) - destroying pipeline:Pipeline[ Id: 7701c700-c295-448b-ae11-48638e47c87f, Nodes: 783b8b0d-2e4b-4296-bbed-3f010e7af5dd{ip: 192.168.157.246, host: pr-hdds-2016-n7825-135103490, networkLocation: /default-rack, certSerialId: null}8914721e-e6fd-428a-8274-c97b8de6844d{ip: 192.168.157.246, host: pr-hdds-2016-n7825-135103490, networkLocation: /default-rack, certSerialId: null}5d850b7b-f02e-4029-a6ce-7c22cb722049{ip: 192.168.157.246, host: pr-hdds-2016-n7825-135103490, networkLocation: /default-rack, certSerialId: null}, Type:RATIS, Factor:THREE, State:CLOSED]
2019-09-17 07:20:23,156 [org.apache.ratis.server.impl.LogAppender$AppenderDaemon$$Lambda$521/268088635@7e44e90f] ERROR ratis.XceiverServerRatis (XceiverServerRatis.java:triggerPipelineClose(575)) - pipeline Action CLOSE  on pipeline PipelineID=7701c700-c295-448b-ae11-48638e47c87f.Reason : 783b8b0d-2e4b-4296-bbed-3f010e7af5dd has not seen follower/s 5d850b7b-f02e-4029-a6ce-7c22cb722049 for 123462ms 8914721e-e6fd-428a-8274-c97b8de6844d for 123463ms
2019-09-17 07:20:23,156 [org.apache.ratis.server.impl.LogAppender$AppenderDaemon$$Lambda$521/268088635@3fe09027] ERROR ratis.XceiverServerRatis (XceiverServerRatis.java:triggerPipelineClose(575)) - pipeline Action CLOSE  on pipeline PipelineID=7701c700-c295-448b-ae11-48638e47c87f.Reason : 783b8b0d-2e4b-4296-bbed-3f010e7af5dd has not seen follower/s 5d850b7b-f02e-4029-a6ce-7c22cb722049 for 123462ms 8914721e-e6fd-428a-8274-c97b8de6844d for 123463ms
2019-09-17 07:20:24,155 [EventQueue-PipelineActionsForPipelineActionHandler] ERROR pipeline.PipelineActionHandler (PipelineActionHandler.java:onMessage(60)) - Received pipeline action CLOSE for Pipeline[ Id: 7701c700-c295-448b-ae11-48638e47c87f, Nodes: 783b8b0d-2e4b-4296-bbed-3f010e7af5dd{ip: 192.168.157.246, host: pr-hdds-2016-n7825-135103490, networkLocation: /default-rack, certSerialId: null}8914721e-e6fd-428a-8274-c97b8de6844d{ip: 192.168.157.246, host: pr-hdds-2016-n7825-135103490, networkLocation: /default-rack, certSerialId: null}5d850b7b-f02e-4029-a6ce-7c22cb722049{ip: 192.168.157.246, host: pr-hdds-2016-n7825-135103490, networkLocation: /default-rack, certSerialId: null}, Type:RATIS, Factor:THREE, State:CLOSED] from datanode 783b8b0d-2e4b-4296-bbed-3f010e7af5dd{ip: 192.168.157.246, host: pr-hdds-2016-n7825-135103490, networkLocation: /default-rack, certSerialId: null}. Reason : 783b8b0d-2e4b-4296-bbed-3f010e7af5dd has not seen follower/s 5d850b7b-f02e-4029-a6ce-7c22cb722049 for 123462ms 8914721e-e6fd-428a-8274-c97b8de6844d for 123463ms
2019-09-17 07:20:24,155 [EventQueue-PipelineActionsForPipelineActionHandler] INFO  pipeline.SCMPipelineManager (SCMPipelineManager.java:finalizeAndDestroyPipeline(311)) - destroying pipeline:Pipeline[ Id: 7701c700-c295-448b-ae11-48638e47c87f, Nodes: 783b8b0d-2e4b-4296-bbed-3f010e7af5dd{ip: 192.168.157.246, host: pr-hdds-2016-n7825-135103490, networkLocation: /default-rack, certSerialId: null}8914721e-e6fd-428a-8274-c97b8de6844d{ip: 192.168.157.246, host: pr-hdds-2016-n7825-135103490, networkLocation: /default-rack, certSerialId: null}5d850b7b-f02e-4029-a6ce-7c22cb722049{ip: 192.168.157.246, host: pr-hdds-2016-n7825-135103490, networkLocation: /default-rack, certSerialId: null}, Type:RATIS, Factor:THREE, State:CLOSED]
2019-09-17 07:20:25,551 [java.util.concurrent.ThreadPoolExecutor$Worker@17e7de46[State = -1, empty queue]] WARN  server.GrpcLogAppender (GrpcLogAppender.java:timeoutAppendRequest(200)) - 783b8b0d-2e4b-4296-bbed-3f010e7af5dd@group-48638E47C87F->8914721e-e6fd-428a-8274-c97b8de6844d-GrpcLogAppender: appendEntries Timeout, request=783b8b0d-2e4b-4296-bbed-3f010e7af5dd->8914721e-e6fd-428a-8274-c97b8de6844d#74-t1, previous=(t:1, i:24), leaderCommit=18, initializing? false, entries: <empty>
2019-09-17 07:20:25,551 [java.util.concurrent.ThreadPoolExecutor$Worker@f0b1886[State = -1, empty queue]] WARN  server.GrpcLogAppender (GrpcLogAppender.java:timeoutAppendRequest(200)) - 783b8b0d-2e4b-4296-bbed-3f010e7af5dd@group-48638E47C87F->5d850b7b-f02e-4029-a6ce-7c22cb722049-GrpcLogAppender: appendEntries Timeout, request=783b8b0d-2e4b-4296-bbed-3f010e7af5dd->5d850b7b-f02e-4029-a6ce-7c22cb722049#74-t1, previous=(t:1, i:24), leaderCommit=18, initializing? false, entries: <empty>
2019-09-17 07:20:25,658 [org.apache.ratis.server.impl.LogAppender$AppenderDaemon$$Lambda$521/268088635@7e44e90f] ERROR ratis.XceiverServerRatis (XceiverServerRatis.java:triggerPipelineClose(575)) - pipeline Action CLOSE  on pipeline PipelineID=7701c700-c295-448b-ae11-48638e47c87f.Reason : 783b8b0d-2e4b-4296-bbed-3f010e7af5dd has not seen follower/s 5d850b7b-f02e-4029-a6ce-7c22cb722049 for 125964ms 8914721e-e6fd-428a-8274-c97b8de6844d for 125964ms
2019-09-17 07:20:25,658 [org.apache.ratis.server.impl.LogAppender$AppenderDaemon$$Lambda$521/268088635@3fe09027] ERROR ratis.XceiverServerRatis (XceiverServerRatis.java:triggerPipelineClose(575)) - pipeline Action CLOSE  on pipeline PipelineID=7701c700-c295-448b-ae11-48638e47c87f.Reason : 783b8b0d-2e4b-4296-bbed-3f010e7af5dd has not seen follower/s 5d850b7b-f02e-4029-a6ce-7c22cb722049 for 125964ms 8914721e-e6fd-428a-8274-c97b8de6844d for 125964ms
2019-09-17 07:20:25,843 [grpc-default-executor-6] INFO  client.GrpcClientProtocolClient (GrpcClientProtocolClient.java:onNext(264)) - client-AF8003830DD9->5d850b7b-f02e-4029-a6ce-7c22cb722049: receive RaftClientReply:client-AF8003830DD9->5d850b7b-f02e-4029-a6ce-7c22cb722049@group-48638E47C87F, cid=244, FAILED org.apache.ratis.protocol.NotLeaderException: Server 5d850b7b-f02e-4029-a6ce-7c22cb722049@group-48638E47C87F is not the leader 783b8b0d-2e4b-4296-bbed-3f010e7af5dd:192.168.157.246:43483, logIndex=0, commits[5d850b7b-f02e-4029-a6ce-7c22cb722049:c18, 783b8b0d-2e4b-4296-bbed-3f010e7af5dd:c18, 8914721e-e6fd-428a-8274-c97b8de6844d:c17]
2019-09-17 07:20:26,156 [java.util.concurrent.ThreadPoolExecutor$Worker@f0b1886[State = -1, empty queue]] WARN  server.GrpcLogAppender (GrpcLogAppender.java:timeoutAppendRequest(200)) - 783b8b0d-2e4b-4296-bbed-3f010e7af5dd@group-48638E47C87F->5d850b7b-f02e-4029-a6ce-7c22cb722049-GrpcLogAppender: appendEntries Timeout, request=783b8b0d-2e4b-4296-bbed-3f010e7af5dd->5d850b7b-f02e-4029-a6ce-7c22cb722049#75-t1, previous=(t:1, i:24), leaderCommit=18, initializing? false, entries: size=1, first=(t:1, i:25), STATEMACHINELOGENTRY, client-3A7CD8483D98, cid=24
2019-09-17 07:20:26,156 [java.util.concurrent.ThreadPoolExecutor$Worker@17e7de46[State = -1, empty queue]] WARN  server.GrpcLogAppender (GrpcLogAppender.java:timeoutAppendRequest(200)) - 783b8b0d-2e4b-4296-bbed-3f010e7af5dd@group-48638E47C87F->8914721e-e6fd-428a-8274-c97b8de6844d-GrpcLogAppender: appendEntries Timeout, request=783b8b0d-2e4b-4296-bbed-3f010e7af5dd->8914721e-e6fd-428a-8274-c97b8de6844d#75-t1, previous=(t:1, i:24), leaderCommit=18, initializing? false, entries: size=1, first=(t:1, i:25), STATEMACHINELOGENTRY, client-3A7CD8483D98, cid=24
2019-09-17 07:20:26,156 [EventQueue-PipelineActionsForPipelineActionHandler] ERROR pipeline.PipelineActionHandler (PipelineActionHandler.java:onMessage(60)) - Received pipeline action CLOSE for Pipeline[ Id: 7701c700-c295-448b-ae11-48638e47c87f, Nodes: 783b8b0d-2e4b-4296-bbed-3f010e7af5dd{ip: 192.168.157.246, host: pr-hdds-2016-n7825-135103490, networkLocation: /default-rack, certSerialId: null}8914721e-e6fd-428a-8274-c97b8de6844d{ip: 192.168.157.246, host: pr-hdds-2016-n7825-135103490, networkLocation: /default-rack, certSerialId: null}5d850b7b-f02e-4029-a6ce-7c22cb722049{ip: 192.168.157.246, host: pr-hdds-2016-n7825-135103490, networkLocation: /default-rack, certSerialId: null}, Type:RATIS, Factor:THREE, State:CLOSED] from datanode 783b8b0d-2e4b-4296-bbed-3f010e7af5dd{ip: 192.168.157.246, host: pr-hdds-2016-n7825-135103490, networkLocation: /default-rack, certSerialId: null}. Reason : 783b8b0d-2e4b-4296-bbed-3f010e7af5dd has not seen follower/s 5d850b7b-f02e-4029-a6ce-7c22cb722049 for 125964ms 8914721e-e6fd-428a-8274-c97b8de6844d for 125964ms
2019-09-17 07:20:26,169 [EventQueue-PipelineActionsForPipelineActionHandler] INFO  pipeline.SCMPipelineManager (SCMPipelineManager.java:finalizeAndDestroyPipeline(311)) - destroying pipeline:Pipeline[ Id: 7701c700-c295-448b-ae11-48638e47c87f, Nodes: 783b8b0d-2e4b-4296-bbed-3f010e7af5dd{ip: 192.168.157.246, host: pr-hdds-2016-n7825-135103490, networkLocation: /default-rack, certSerialId: null}8914721e-e6fd-428a-8274-c97b8de6844d{ip: 192.168.157.246, host: pr-hdds-2016-n7825-135103490, networkLocation: /default-rack, certSerialId: null}5d850b7b-f02e-4029-a6ce-7c22cb722049{ip: 192.168.157.246, host: pr-hdds-2016-n7825-135103490, networkLocation: /default-rack, certSerialId: null}, Type:RATIS, Factor:THREE, State:CLOSED]
2019-09-17 07:20:28,158 [org.apache.ratis.server.impl.LogAppender$AppenderDaemon$$Lambda$521/268088635@3fe09027] ERROR ratis.XceiverServerRatis (XceiverServerRatis.java:triggerPipelineClose(575)) - pipeline Action CLOSE  on pipeline PipelineID=7701c700-c295-448b-ae11-48638e47c87f.Reason : 783b8b0d-2e4b-4296-bbed-3f010e7af5dd has not seen follower/s 5d850b7b-f02e-4029-a6ce-7c22cb722049 for 128465ms 8914721e-e6fd-428a-8274-c97b8de6844d for 128465ms
2019-09-17 07:20:28,159 [org.apache.ratis.server.impl.LogAppender$AppenderDaemon$$Lambda$521/268088635@7e44e90f] ERROR ratis.XceiverServerRatis (XceiverServerRatis.java:triggerPipelineClose(575)) - pipeline Action CLOSE  on pipeline PipelineID=7701c700-c295-448b-ae11-48638e47c87f.Reason : 783b8b0d-2e4b-4296-bbed-3f010e7af5dd has not seen follower/s 5d850b7b-f02e-4029-a6ce-7c22cb722049 for 128465ms 8914721e-e6fd-428a-8274-c97b8de6844d for 128465ms
2019-09-17 07:20:28,657 [java.util.concurrent.ThreadPoolExecutor$Worker@f0b1886[State = -1, empty queue]] WARN  server.GrpcLogAppender (GrpcLogAppender.java:timeoutAppendRequest(200)) - 783b8b0d-2e4b-4296-bbed-3f010e7af5dd@group-48638E47C87F->5d850b7b-f02e-4029-a6ce-7c22cb722049-GrpcLogAppender: appendEntries Timeout, request=783b8b0d-2e4b-4296-bbed-3f010e7af5dd->5d850b7b-f02e-4029-a6ce-7c22cb722049#76-t1, previous=(t:1, i:25), leaderCommit=18, initializing? false, entries: <empty>
2019-09-17 07:20:28,657 [java.util.concurrent.ThreadPoolExecutor$Worker@17e7de46[State = -1, empty queue]] WARN  server.GrpcLogAppender (GrpcLogAppender.java:timeoutAppendRequest(200)) - 783b8b0d-2e4b-4296-bbed-3f010e7af5dd@group-48638E47C87F->8914721e-e6fd-428a-8274-c97b8de6844d-GrpcLogAppender: appendEntries Timeout, request=783b8b0d-2e4b-4296-bbed-3f010e7af5dd->8914721e-e6fd-428a-8274-c97b8de6844d#76-t1, previous=(t:1, i:25), leaderCommit=18, initializing? false, entries: <empty>
2019-09-17 07:20:29,156 [EventQueue-PipelineActionsForPipelineActionHandler] ERROR pipeline.PipelineActionHandler (PipelineActionHandler.java:onMessage(60)) - Received pipeline action CLOSE for Pipeline[ Id: 7701c700-c295-448b-ae11-48638e47c87f, Nodes: 783b8b0d-2e4b-4296-bbed-3f010e7af5dd{ip: 192.168.157.246, host: pr-hdds-2016-n7825-135103490, networkLocation: /default-rack, certSerialId: null}8914721e-e6fd-428a-8274-c97b8de6844d{ip: 192.168.157.246, host: pr-hdds-2016-n7825-135103490, networkLocation: /default-rack, certSerialId: null}5d850b7b-f02e-4029-a6ce-7c22cb722049{ip: 192.168.157.246, host: pr-hdds-2016-n7825-135103490, networkLocation: /default-rack, certSerialId: null}, Type:RATIS, Factor:THREE, State:CLOSED] from datanode 783b8b0d-2e4b-4296-bbed-3f010e7af5dd{ip: 192.168.157.246, host: pr-hdds-2016-n7825-135103490, networkLocation: /default-rack, certSerialId: null}. Reason : 783b8b0d-2e4b-4296-bbed-3f010e7af5dd has not seen follower/s 5d850b7b-f02e-4029-a6ce-7c22cb722049 for 128465ms 8914721e-e6fd-428a-8274-c97b8de6844d for 128465ms
2019-09-17 07:20:29,157 [EventQueue-PipelineActionsForPipelineActionHandler] INFO  pipeline.SCMPipelineManager (SCMPipelineManager.java:finalizeAndDestroyPipeline(311)) - destroying pipeline:Pipeline[ Id: 7701c700-c295-448b-ae11-48638e47c87f, Nodes: 783b8b0d-2e4b-4296-bbed-3f010e7af5dd{ip: 192.168.157.246, host: pr-hdds-2016-n7825-135103490, networkLocation: /default-rack, certSerialId: null}8914721e-e6fd-428a-8274-c97b8de6844d{ip: 192.168.157.246, host: pr-hdds-2016-n7825-135103490, networkLocation: /default-rack, certSerialId: null}5d850b7b-f02e-4029-a6ce-7c22cb722049{ip: 192.168.157.246, host: pr-hdds-2016-n7825-135103490, networkLocation: /default-rack, certSerialId: null}, Type:RATIS, Factor:THREE, State:CLOSED]
2019-09-17 07:20:30,176 [5d850b7b-f02e-4029-a6ce-7c22cb722049@group-48638E47C87F-SegmentedRaftLogWorker] WARN  segmented.SegmentedRaftLogWorker (SegmentedRaftLogWorker.java:getFromFuture(90)) - Timeout 12/~
org.apache.ratis.protocol.TimeoutIOException: Timeout 10s: WriteLog:20: (t:1, i:20), STATEMACHINELOGENTRY, client-AF8003830DD9, cid=245-writeStateMachineData
	at org.apache.ratis.util.IOUtils.getFromFuture(IOUtils.java:87)
	at org.apache.ratis.server.raftlog.segmented.SegmentedRaftLogWorker$StateMachineDataPolicy.getFromFuture(SegmentedRaftLogWorker.java:87)
	at org.apache.ratis.server.raftlog.segmented.SegmentedRaftLogWorker$WriteLog.execute(SegmentedRaftLogWorker.java:477)
	at org.apache.ratis.server.raftlog.segmented.SegmentedRaftLogWorker.run(SegmentedRaftLogWorker.java:289)
	at java.lang.Thread.run(Thread.java:748)
Caused by: java.util.concurrent.TimeoutException
	at java.util.concurrent.CompletableFuture.timedGet(CompletableFuture.java:1771)
	at java.util.concurrent.CompletableFuture.get(CompletableFuture.java:1915)
	at org.apache.ratis.util.IOUtils.getFromFuture(IOUtils.java:79)
	... 4 more
2019-09-17 07:20:30,187 [8914721e-e6fd-428a-8274-c97b8de6844d@group-48638E47C87F-SegmentedRaftLogWorker] WARN  segmented.SegmentedRaftLogWorker (SegmentedRaftLogWorker.java:getFromFuture(90)) - Timeout 12/~
org.apache.ratis.protocol.TimeoutIOException: Timeout 10s: WriteLog:20: (t:1, i:20), STATEMACHINELOGENTRY, client-AF8003830DD9, cid=245-writeStateMachineData
	at org.apache.ratis.util.IOUtils.getFromFuture(IOUtils.java:87)
	at org.apache.ratis.server.raftlog.segmented.SegmentedRaftLogWorker$StateMachineDataPolicy.getFromFuture(SegmentedRaftLogWorker.java:87)
	at org.apache.ratis.server.raftlog.segmented.SegmentedRaftLogWorker$WriteLog.execute(SegmentedRaftLogWorker.java:477)
	at org.apache.ratis.server.raftlog.segmented.SegmentedRaftLogWorker.run(SegmentedRaftLogWorker.java:289)
	at java.lang.Thread.run(Thread.java:748)
Caused by: java.util.concurrent.TimeoutException
	at java.util.concurrent.CompletableFuture.timedGet(CompletableFuture.java:1771)
	at java.util.concurrent.CompletableFuture.get(CompletableFuture.java:1915)
	at org.apache.ratis.util.IOUtils.getFromFuture(IOUtils.java:79)
	... 4 more
2019-09-17 07:20:30,187 [783b8b0d-2e4b-4296-bbed-3f010e7af5dd@group-48638E47C87F-SegmentedRaftLogWorker] WARN  segmented.SegmentedRaftLogWorker (SegmentedRaftLogWorker.java:getFromFuture(90)) - Timeout 12/~
org.apache.ratis.protocol.TimeoutIOException: Timeout 10s: WriteLog:20: (t:1, i:20), STATEMACHINELOGENTRY, client-AF8003830DD9, cid=245-writeStateMachineData
	at org.apache.ratis.util.IOUtils.getFromFuture(IOUtils.java:87)
	at org.apache.ratis.server.raftlog.segmented.SegmentedRaftLogWorker$StateMachineDataPolicy.getFromFuture(SegmentedRaftLogWorker.java:87)
	at org.apache.ratis.server.raftlog.segmented.SegmentedRaftLogWorker$WriteLog.execute(SegmentedRaftLogWorker.java:477)
	at org.apache.ratis.server.raftlog.segmented.SegmentedRaftLogWorker.run(SegmentedRaftLogWorker.java:289)
	at java.lang.Thread.run(Thread.java:748)
Caused by: java.util.concurrent.TimeoutException
	at java.util.concurrent.CompletableFuture.timedGet(CompletableFuture.java:1771)
	at java.util.concurrent.CompletableFuture.get(CompletableFuture.java:1915)
	at org.apache.ratis.util.IOUtils.getFromFuture(IOUtils.java:79)
	... 4 more
2019-09-17 07:20:30,660 [org.apache.ratis.server.impl.LogAppender$AppenderDaemon$$Lambda$521/268088635@3fe09027] ERROR ratis.XceiverServerRatis (XceiverServerRatis.java:triggerPipelineClose(575)) - pipeline Action CLOSE  on pipeline PipelineID=7701c700-c295-448b-ae11-48638e47c87f.Reason : 783b8b0d-2e4b-4296-bbed-3f010e7af5dd has not seen follower/s 5d850b7b-f02e-4029-a6ce-7c22cb722049 for 130966ms 8914721e-e6fd-428a-8274-c97b8de6844d for 130966ms
2019-09-17 07:20:30,660 [org.apache.ratis.server.impl.LogAppender$AppenderDaemon$$Lambda$521/268088635@7e44e90f] ERROR ratis.XceiverServerRatis (XceiverServerRatis.java:triggerPipelineClose(575)) - pipeline Action CLOSE  on pipeline PipelineID=7701c700-c295-448b-ae11-48638e47c87f.Reason : 783b8b0d-2e4b-4296-bbed-3f010e7af5dd has not seen follower/s 5d850b7b-f02e-4029-a6ce-7c22cb722049 for 130966ms 8914721e-e6fd-428a-8274-c97b8de6844d for 130966ms
2019-09-17 07:20:30,869 [grpc-default-executor-9] INFO  client.GrpcClientProtocolClient (GrpcClientProtocolClient.java:onNext(264)) - client-AF8003830DD9->8914721e-e6fd-428a-8274-c97b8de6844d: receive RaftClientReply:client-AF8003830DD9->8914721e-e6fd-428a-8274-c97b8de6844d@group-48638E47C87F, cid=244, FAILED org.apache.ratis.protocol.NotLeaderException: Server 8914721e-e6fd-428a-8274-c97b8de6844d@group-48638E47C87F is not the leader 783b8b0d-2e4b-4296-bbed-3f010e7af5dd:192.168.157.246:43483, logIndex=0, commits[8914721e-e6fd-428a-8274-c97b8de6844d:c18, 783b8b0d-2e4b-4296-bbed-3f010e7af5dd:c18, 5d850b7b-f02e-4029-a6ce-7c22cb722049:c17]
2019-09-17 07:20:31,155 [EventQueue-PipelineActionsForPipelineActionHandler] ERROR pipeline.PipelineActionHandler (PipelineActionHandler.java:onMessage(60)) - Received pipeline action CLOSE for Pipeline[ Id: 7701c700-c295-448b-ae11-48638e47c87f, Nodes: 783b8b0d-2e4b-4296-bbed-3f010e7af5dd{ip: 192.168.157.246, host: pr-hdds-2016-n7825-135103490, networkLocation: /default-rack, certSerialId: null}8914721e-e6fd-428a-8274-c97b8de6844d{ip: 192.168.157.246, host: pr-hdds-2016-n7825-135103490, networkLocation: /default-rack, certSerialId: null}5d850b7b-f02e-4029-a6ce-7c22cb722049{ip: 192.168.157.246, host: pr-hdds-2016-n7825-135103490, networkLocation: /default-rack, certSerialId: null}, Type:RATIS, Factor:THREE, State:CLOSED] from datanode 783b8b0d-2e4b-4296-bbed-3f010e7af5dd{ip: 192.168.157.246, host: pr-hdds-2016-n7825-135103490, networkLocation: /default-rack, certSerialId: null}. Reason : 783b8b0d-2e4b-4296-bbed-3f010e7af5dd has not seen follower/s 5d850b7b-f02e-4029-a6ce-7c22cb722049 for 130966ms 8914721e-e6fd-428a-8274-c97b8de6844d for 130966ms
2019-09-17 07:20:31,156 [EventQueue-PipelineActionsForPipelineActionHandler] INFO  pipeline.SCMPipelineManager (SCMPipelineManager.java:finalizeAndDestroyPipeline(311)) - destroying pipeline:Pipeline[ Id: 7701c700-c295-448b-ae11-48638e47c87f, Nodes: 783b8b0d-2e4b-4296-bbed-3f010e7af5dd{ip: 192.168.157.246, host: pr-hdds-2016-n7825-135103490, networkLocation: /default-rack, certSerialId: null}8914721e-e6fd-428a-8274-c97b8de6844d{ip: 192.168.157.246, host: pr-hdds-2016-n7825-135103490, networkLocation: /default-rack, certSerialId: null}5d850b7b-f02e-4029-a6ce-7c22cb722049{ip: 192.168.157.246, host: pr-hdds-2016-n7825-135103490, networkLocation: /default-rack, certSerialId: null}, Type:RATIS, Factor:THREE, State:CLOSED]
2019-09-17 07:20:31,158 [java.util.concurrent.ThreadPoolExecutor$Worker@17e7de46[State = -1, empty queue]] WARN  server.GrpcLogAppender (GrpcLogAppender.java:timeoutAppendRequest(200)) - 783b8b0d-2e4b-4296-bbed-3f010e7af5dd@group-48638E47C87F->8914721e-e6fd-428a-8274-c97b8de6844d-GrpcLogAppender: appendEntries Timeout, request=783b8b0d-2e4b-4296-bbed-3f010e7af5dd->8914721e-e6fd-428a-8274-c97b8de6844d#77-t1, previous=(t:1, i:25), leaderCommit=18, initializing? false, entries: <empty>
2019-09-17 07:20:31,165 [java.util.concurrent.ThreadPoolExecutor$Worker@f0b1886[State = -1, empty queue]] WARN  server.GrpcLogAppender (GrpcLogAppender.java:timeoutAppendRequest(200)) - 783b8b0d-2e4b-4296-bbed-3f010e7af5dd@group-48638E47C87F->5d850b7b-f02e-4029-a6ce-7c22cb722049-GrpcLogAppender: appendEntries Timeout, request=783b8b0d-2e4b-4296-bbed-3f010e7af5dd->5d850b7b-f02e-4029-a6ce-7c22cb722049#77-t1, previous=(t:1, i:25), leaderCommit=18, initializing? false, entries: <empty>
2019-09-17 07:20:33,160 [org.apache.ratis.server.impl.LogAppender$AppenderDaemon$$Lambda$521/268088635@3fe09027] ERROR ratis.XceiverServerRatis (XceiverServerRatis.java:triggerPipelineClose(575)) - pipeline Action CLOSE  on pipeline PipelineID=7701c700-c295-448b-ae11-48638e47c87f.Reason : 783b8b0d-2e4b-4296-bbed-3f010e7af5dd has not seen follower/s 5d850b7b-f02e-4029-a6ce-7c22cb722049 for 133467ms 8914721e-e6fd-428a-8274-c97b8de6844d for 133467ms
2019-09-17 07:20:33,160 [org.apache.ratis.server.impl.LogAppender$AppenderDaemon$$Lambda$521/268088635@7e44e90f] ERROR ratis.XceiverServerRatis (XceiverServerRatis.java:triggerPipelineClose(575)) - pipeline Action CLOSE  on pipeline PipelineID=7701c700-c295-448b-ae11-48638e47c87f.Reason : 783b8b0d-2e4b-4296-bbed-3f010e7af5dd has not seen follower/s 5d850b7b-f02e-4029-a6ce-7c22cb722049 for 133467ms 8914721e-e6fd-428a-8274-c97b8de6844d for 133467ms
2019-09-17 07:20:33,659 [java.util.concurrent.ThreadPoolExecutor$Worker@17e7de46[State = -1, empty queue]] WARN  server.GrpcLogAppender (GrpcLogAppender.java:timeoutAppendRequest(200)) - 783b8b0d-2e4b-4296-bbed-3f010e7af5dd@group-48638E47C87F->8914721e-e6fd-428a-8274-c97b8de6844d-GrpcLogAppender: appendEntries Timeout, request=783b8b0d-2e4b-4296-bbed-3f010e7af5dd->8914721e-e6fd-428a-8274-c97b8de6844d#78-t1, previous=(t:1, i:25), leaderCommit=18, initializing? false, entries: <empty>
2019-09-17 07:20:33,659 [java.util.concurrent.ThreadPoolExecutor$Worker@f0b1886[State = -1, empty queue]] WARN  server.GrpcLogAppender (GrpcLogAppender.java:timeoutAppendRequest(200)) - 783b8b0d-2e4b-4296-bbed-3f010e7af5dd@group-48638E47C87F->5d850b7b-f02e-4029-a6ce-7c22cb722049-GrpcLogAppender: appendEntries Timeout, request=783b8b0d-2e4b-4296-bbed-3f010e7af5dd->5d850b7b-f02e-4029-a6ce-7c22cb722049#78-t1, previous=(t:1, i:25), leaderCommit=18, initializing? false, entries: <empty>
2019-09-17 07:20:34,156 [EventQueue-PipelineActionsForPipelineActionHandler] ERROR pipeline.PipelineActionHandler (PipelineActionHandler.java:onMessage(60)) - Received pipeline action CLOSE for Pipeline[ Id: 7701c700-c295-448b-ae11-48638e47c87f, Nodes: 783b8b0d-2e4b-4296-bbed-3f010e7af5dd{ip: 192.168.157.246, host: pr-hdds-2016-n7825-135103490, networkLocation: /default-rack, certSerialId: null}8914721e-e6fd-428a-8274-c97b8de6844d{ip: 192.168.157.246, host: pr-hdds-2016-n7825-135103490, networkLocation: /default-rack, certSerialId: null}5d850b7b-f02e-4029-a6ce-7c22cb722049{ip: 192.168.157.246, host: pr-hdds-2016-n7825-135103490, networkLocation: /default-rack, certSerialId: null}, Type:RATIS, Factor:THREE, State:CLOSED] from datanode 783b8b0d-2e4b-4296-bbed-3f010e7af5dd{ip: 192.168.157.246, host: pr-hdds-2016-n7825-135103490, networkLocation: /default-rack, certSerialId: null}. Reason : 783b8b0d-2e4b-4296-bbed-3f010e7af5dd has not seen follower/s 5d850b7b-f02e-4029-a6ce-7c22cb722049 for 133467ms 8914721e-e6fd-428a-8274-c97b8de6844d for 133467ms
2019-09-17 07:20:34,157 [EventQueue-PipelineActionsForPipelineActionHandler] INFO  pipeline.SCMPipelineManager (SCMPipelineManager.java:finalizeAndDestroyPipeline(311)) - destroying pipeline:Pipeline[ Id: 7701c700-c295-448b-ae11-48638e47c87f, Nodes: 783b8b0d-2e4b-4296-bbed-3f010e7af5dd{ip: 192.168.157.246, host: pr-hdds-2016-n7825-135103490, networkLocation: /default-rack, certSerialId: null}8914721e-e6fd-428a-8274-c97b8de6844d{ip: 192.168.157.246, host: pr-hdds-2016-n7825-135103490, networkLocation: /default-rack, certSerialId: null}5d850b7b-f02e-4029-a6ce-7c22cb722049{ip: 192.168.157.246, host: pr-hdds-2016-n7825-135103490, networkLocation: /default-rack, certSerialId: null}, Type:RATIS, Factor:THREE, State:CLOSED]
2019-09-17 07:20:35,662 [org.apache.ratis.server.impl.LogAppender$AppenderDaemon$$Lambda$521/268088635@3fe09027] ERROR ratis.XceiverServerRatis (XceiverServerRatis.java:triggerPipelineClose(575)) - pipeline Action CLOSE  on pipeline PipelineID=7701c700-c295-448b-ae11-48638e47c87f.Reason : 783b8b0d-2e4b-4296-bbed-3f010e7af5dd has not seen follower/s 5d850b7b-f02e-4029-a6ce-7c22cb722049 for 135968ms 8914721e-e6fd-428a-8274-c97b8de6844d for 135968ms
2019-09-17 07:20:35,662 [org.apache.ratis.server.impl.LogAppender$AppenderDaemon$$Lambda$521/268088635@7e44e90f] ERROR ratis.XceiverServerRatis (XceiverServerRatis.java:triggerPipelineClose(575)) - pipeline Action CLOSE  on pipeline PipelineID=7701c700-c295-448b-ae11-48638e47c87f.Reason : 783b8b0d-2e4b-4296-bbed-3f010e7af5dd has not seen follower/s 5d850b7b-f02e-4029-a6ce-7c22cb722049 for 135968ms 8914721e-e6fd-428a-8274-c97b8de6844d for 135968ms
2019-09-17 07:20:35,914 [grpc-default-executor-9] INFO  client.GrpcClientProtocolClient (GrpcClientProtocolClient.java:onNext(264)) - client-AF8003830DD9->5d850b7b-f02e-4029-a6ce-7c22cb722049: receive RaftClientReply:client-AF8003830DD9->5d850b7b-f02e-4029-a6ce-7c22cb722049@group-48638E47C87F, cid=244, FAILED org.apache.ratis.protocol.NotLeaderException: Server 5d850b7b-f02e-4029-a6ce-7c22cb722049@group-48638E47C87F is not the leader 783b8b0d-2e4b-4296-bbed-3f010e7af5dd:192.168.157.246:43483, logIndex=0, commits[5d850b7b-f02e-4029-a6ce-7c22cb722049:c18, 783b8b0d-2e4b-4296-bbed-3f010e7af5dd:c18, 8914721e-e6fd-428a-8274-c97b8de6844d:c17]
2019-09-17 07:20:36,156 [EventQueue-PipelineActionsForPipelineActionHandler] ERROR pipeline.PipelineActionHandler (PipelineActionHandler.java:onMessage(60)) - Received pipeline action CLOSE for Pipeline[ Id: 7701c700-c295-448b-ae11-48638e47c87f, Nodes: 783b8b0d-2e4b-4296-bbed-3f010e7af5dd{ip: 192.168.157.246, host: pr-hdds-2016-n7825-135103490, networkLocation: /default-rack, certSerialId: null}8914721e-e6fd-428a-8274-c97b8de6844d{ip: 192.168.157.246, host: pr-hdds-2016-n7825-135103490, networkLocation: /default-rack, certSerialId: null}5d850b7b-f02e-4029-a6ce-7c22cb722049{ip: 192.168.157.246, host: pr-hdds-2016-n7825-135103490, networkLocation: /default-rack, certSerialId: null}, Type:RATIS, Factor:THREE, State:CLOSED] from datanode 783b8b0d-2e4b-4296-bbed-3f010e7af5dd{ip: 192.168.157.246, host: pr-hdds-2016-n7825-135103490, networkLocation: /default-rack, certSerialId: null}. Reason : 783b8b0d-2e4b-4296-bbed-3f010e7af5dd has not seen follower/s 5d850b7b-f02e-4029-a6ce-7c22cb722049 for 135968ms 8914721e-e6fd-428a-8274-c97b8de6844d for 135968ms
2019-09-17 07:20:36,156 [EventQueue-PipelineActionsForPipelineActionHandler] INFO  pipeline.SCMPipelineManager (SCMPipelineManager.java:finalizeAndDestroyPipeline(311)) - destroying pipeline:Pipeline[ Id: 7701c700-c295-448b-ae11-48638e47c87f, Nodes: 783b8b0d-2e4b-4296-bbed-3f010e7af5dd{ip: 192.168.157.246, host: pr-hdds-2016-n7825-135103490, networkLocation: /default-rack, certSerialId: null}8914721e-e6fd-428a-8274-c97b8de6844d{ip: 192.168.157.246, host: pr-hdds-2016-n7825-135103490, networkLocation: /default-rack, certSerialId: null}5d850b7b-f02e-4029-a6ce-7c22cb722049{ip: 192.168.157.246, host: pr-hdds-2016-n7825-135103490, networkLocation: /default-rack, certSerialId: null}, Type:RATIS, Factor:THREE, State:CLOSED]
2019-09-17 07:20:36,160 [java.util.concurrent.ThreadPoolExecutor$Worker@17e7de46[State = -1, empty queue]] WARN  server.GrpcLogAppender (GrpcLogAppender.java:timeoutAppendRequest(200)) - 783b8b0d-2e4b-4296-bbed-3f010e7af5dd@group-48638E47C87F->8914721e-e6fd-428a-8274-c97b8de6844d-GrpcLogAppender: appendEntries Timeout, request=783b8b0d-2e4b-4296-bbed-3f010e7af5dd->8914721e-e6fd-428a-8274-c97b8de6844d#79-t1, previous=(t:1, i:25), leaderCommit=18, initializing? false, entries: <empty>
2019-09-17 07:20:36,160 [java.util.concurrent.ThreadPoolExecutor$Worker@f0b1886[State = -1, empty queue]] WARN  server.GrpcLogAppender (GrpcLogAppender.java:timeoutAppendRequest(200)) - 783b8b0d-2e4b-4296-bbed-3f010e7af5dd@group-48638E47C87F->5d850b7b-f02e-4029-a6ce-7c22cb722049-GrpcLogAppender: appendEntries Timeout, request=783b8b0d-2e4b-4296-bbed-3f010e7af5dd->5d850b7b-f02e-4029-a6ce-7c22cb722049#79-t1, previous=(t:1, i:25), leaderCommit=18, initializing? false, entries: <empty>
2019-09-17 07:20:38,163 [org.apache.ratis.server.impl.LogAppender$AppenderDaemon$$Lambda$521/268088635@3fe09027] ERROR ratis.XceiverServerRatis (XceiverServerRatis.java:triggerPipelineClose(575)) - pipeline Action CLOSE  on pipeline PipelineID=7701c700-c295-448b-ae11-48638e47c87f.Reason : 783b8b0d-2e4b-4296-bbed-3f010e7af5dd has not seen follower/s 5d850b7b-f02e-4029-a6ce-7c22cb722049 for 138469ms 8914721e-e6fd-428a-8274-c97b8de6844d for 138469ms
2019-09-17 07:20:38,163 [org.apache.ratis.server.impl.LogAppender$AppenderDaemon$$Lambda$521/268088635@7e44e90f] ERROR ratis.XceiverServerRatis (XceiverServerRatis.java:triggerPipelineClose(575)) - pipeline Action CLOSE  on pipeline PipelineID=7701c700-c295-448b-ae11-48638e47c87f.Reason : 783b8b0d-2e4b-4296-bbed-3f010e7af5dd has not seen follower/s 5d850b7b-f02e-4029-a6ce-7c22cb722049 for 138469ms 8914721e-e6fd-428a-8274-c97b8de6844d for 138469ms
2019-09-17 07:20:38,662 [java.util.concurrent.ThreadPoolExecutor$Worker@f0b1886[State = -1, empty queue]] WARN  server.GrpcLogAppender (GrpcLogAppender.java:timeoutAppendRequest(200)) - 783b8b0d-2e4b-4296-bbed-3f010e7af5dd@group-48638E47C87F->5d850b7b-f02e-4029-a6ce-7c22cb722049-GrpcLogAppender: appendEntries Timeout, request=783b8b0d-2e4b-4296-bbed-3f010e7af5dd->5d850b7b-f02e-4029-a6ce-7c22cb722049#80-t1, previous=(t:1, i:25), leaderCommit=18, initializing? false, entries: <empty>
2019-09-17 07:20:38,662 [java.util.concurrent.ThreadPoolExecutor$Worker@17e7de46[State = -1, empty queue]] WARN  server.GrpcLogAppender (GrpcLogAppender.java:timeoutAppendRequest(200)) - 783b8b0d-2e4b-4296-bbed-3f010e7af5dd@group-48638E47C87F->8914721e-e6fd-428a-8274-c97b8de6844d-GrpcLogAppender: appendEntries Timeout, request=783b8b0d-2e4b-4296-bbed-3f010e7af5dd->8914721e-e6fd-428a-8274-c97b8de6844d#80-t1, previous=(t:1, i:25), leaderCommit=18, initializing? false, entries: <empty>
2019-09-17 07:20:39,156 [EventQueue-PipelineActionsForPipelineActionHandler] ERROR pipeline.PipelineActionHandler (PipelineActionHandler.java:onMessage(60)) - Received pipeline action CLOSE for Pipeline[ Id: 7701c700-c295-448b-ae11-48638e47c87f, Nodes: 783b8b0d-2e4b-4296-bbed-3f010e7af5dd{ip: 192.168.157.246, host: pr-hdds-2016-n7825-135103490, networkLocation: /default-rack, certSerialId: null}8914721e-e6fd-428a-8274-c97b8de6844d{ip: 192.168.157.246, host: pr-hdds-2016-n7825-135103490, networkLocation: /default-rack, certSerialId: null}5d850b7b-f02e-4029-a6ce-7c22cb722049{ip: 192.168.157.246, host: pr-hdds-2016-n7825-135103490, networkLocation: /default-rack, certSerialId: null}, Type:RATIS, Factor:THREE, State:CLOSED] from datanode 783b8b0d-2e4b-4296-bbed-3f010e7af5dd{ip: 192.168.157.246, host: pr-hdds-2016-n7825-135103490, networkLocation: /default-rack, certSerialId: null}. Reason : 783b8b0d-2e4b-4296-bbed-3f010e7af5dd has not seen follower/s 5d850b7b-f02e-4029-a6ce-7c22cb722049 for 138469ms 8914721e-e6fd-428a-8274-c97b8de6844d for 138469ms
2019-09-17 07:20:39,156 [EventQueue-PipelineActionsForPipelineActionHandler] INFO  pipeline.SCMPipelineManager (SCMPipelineManager.java:finalizeAndDestroyPipeline(311)) - destroying pipeline:Pipeline[ Id: 7701c700-c295-448b-ae11-48638e47c87f, Nodes: 783b8b0d-2e4b-4296-bbed-3f010e7af5dd{ip: 192.168.157.246, host: pr-hdds-2016-n7825-135103490, networkLocation: /default-rack, certSerialId: null}8914721e-e6fd-428a-8274-c97b8de6844d{ip: 192.168.157.246, host: pr-hdds-2016-n7825-135103490, networkLocation: /default-rack, certSerialId: null}5d850b7b-f02e-4029-a6ce-7c22cb722049{ip: 192.168.157.246, host: pr-hdds-2016-n7825-135103490, networkLocation: /default-rack, certSerialId: null}, Type:RATIS, Factor:THREE, State:CLOSED]
2019-09-17 07:20:40,188 [5d850b7b-f02e-4029-a6ce-7c22cb722049@group-48638E47C87F-SegmentedRaftLogWorker] WARN  segmented.SegmentedRaftLogWorker (SegmentedRaftLogWorker.java:getFromFuture(90)) - Timeout 13/~
org.apache.ratis.protocol.TimeoutIOException: Timeout 10s: WriteLog:20: (t:1, i:20), STATEMACHINELOGENTRY, client-AF8003830DD9, cid=245-writeStateMachineData
	at org.apache.ratis.util.IOUtils.getFromFuture(IOUtils.java:87)
	at org.apache.ratis.server.raftlog.segmented.SegmentedRaftLogWorker$StateMachineDataPolicy.getFromFuture(SegmentedRaftLogWorker.java:87)
	at org.apache.ratis.server.raftlog.segmented.SegmentedRaftLogWorker$WriteLog.execute(SegmentedRaftLogWorker.java:477)
	at org.apache.ratis.server.raftlog.segmented.SegmentedRaftLogWorker.run(SegmentedRaftLogWorker.java:289)
	at java.lang.Thread.run(Thread.java:748)
Caused by: java.util.concurrent.TimeoutException
	at java.util.concurrent.CompletableFuture.timedGet(CompletableFuture.java:1771)
	at java.util.concurrent.CompletableFuture.get(CompletableFuture.java:1915)
	at org.apache.ratis.util.IOUtils.getFromFuture(IOUtils.java:79)
	... 4 more
2019-09-17 07:20:40,193 [8914721e-e6fd-428a-8274-c97b8de6844d@group-48638E47C87F-SegmentedRaftLogWorker] WARN  segmented.SegmentedRaftLogWorker (SegmentedRaftLogWorker.java:getFromFuture(90)) - Timeout 13/~
org.apache.ratis.protocol.TimeoutIOException: Timeout 10s: WriteLog:20: (t:1, i:20), STATEMACHINELOGENTRY, client-AF8003830DD9, cid=245-writeStateMachineData
	at org.apache.ratis.util.IOUtils.getFromFuture(IOUtils.java:87)
	at org.apache.ratis.server.raftlog.segmented.SegmentedRaftLogWorker$StateMachineDataPolicy.getFromFuture(SegmentedRaftLogWorker.java:87)
	at org.apache.ratis.server.raftlog.segmented.SegmentedRaftLogWorker$WriteLog.execute(SegmentedRaftLogWorker.java:477)
	at org.apache.ratis.server.raftlog.segmented.SegmentedRaftLogWorker.run(SegmentedRaftLogWorker.java:289)
	at java.lang.Thread.run(Thread.java:748)
Caused by: java.util.concurrent.TimeoutException
	at java.util.concurrent.CompletableFuture.timedGet(CompletableFuture.java:1771)
	at java.util.concurrent.CompletableFuture.get(CompletableFuture.java:1915)
	at org.apache.ratis.util.IOUtils.getFromFuture(IOUtils.java:79)
	... 4 more
2019-09-17 07:20:40,193 [783b8b0d-2e4b-4296-bbed-3f010e7af5dd@group-48638E47C87F-SegmentedRaftLogWorker] WARN  segmented.SegmentedRaftLogWorker (SegmentedRaftLogWorker.java:getFromFuture(90)) - Timeout 13/~
org.apache.ratis.protocol.TimeoutIOException: Timeout 10s: WriteLog:20: (t:1, i:20), STATEMACHINELOGENTRY, client-AF8003830DD9, cid=245-writeStateMachineData
	at org.apache.ratis.util.IOUtils.getFromFuture(IOUtils.java:87)
	at org.apache.ratis.server.raftlog.segmented.SegmentedRaftLogWorker$StateMachineDataPolicy.getFromFuture(SegmentedRaftLogWorker.java:87)
	at org.apache.ratis.server.raftlog.segmented.SegmentedRaftLogWorker$WriteLog.execute(SegmentedRaftLogWorker.java:477)
	at org.apache.ratis.server.raftlog.segmented.SegmentedRaftLogWorker.run(SegmentedRaftLogWorker.java:289)
	at java.lang.Thread.run(Thread.java:748)
Caused by: java.util.concurrent.TimeoutException
	at java.util.concurrent.CompletableFuture.timedGet(CompletableFuture.java:1771)
	at java.util.concurrent.CompletableFuture.get(CompletableFuture.java:1915)
	at org.apache.ratis.util.IOUtils.getFromFuture(IOUtils.java:79)
	... 4 more
2019-09-17 07:20:40,665 [org.apache.ratis.server.impl.LogAppender$AppenderDaemon$$Lambda$521/268088635@3fe09027] ERROR ratis.XceiverServerRatis (XceiverServerRatis.java:triggerPipelineClose(575)) - pipeline Action CLOSE  on pipeline PipelineID=7701c700-c295-448b-ae11-48638e47c87f.Reason : 783b8b0d-2e4b-4296-bbed-3f010e7af5dd has not seen follower/s 5d850b7b-f02e-4029-a6ce-7c22cb722049 for 140971ms 8914721e-e6fd-428a-8274-c97b8de6844d for 140971ms
2019-09-17 07:20:40,665 [org.apache.ratis.server.impl.LogAppender$AppenderDaemon$$Lambda$521/268088635@7e44e90f] ERROR ratis.XceiverServerRatis (XceiverServerRatis.java:triggerPipelineClose(575)) - pipeline Action CLOSE  on pipeline PipelineID=7701c700-c295-448b-ae11-48638e47c87f.Reason : 783b8b0d-2e4b-4296-bbed-3f010e7af5dd has not seen follower/s 5d850b7b-f02e-4029-a6ce-7c22cb722049 for 140971ms 8914721e-e6fd-428a-8274-c97b8de6844d for 140971ms
2019-09-17 07:20:40,946 [grpc-default-executor-9] INFO  client.GrpcClientProtocolClient (GrpcClientProtocolClient.java:onNext(264)) - client-AF8003830DD9->5d850b7b-f02e-4029-a6ce-7c22cb722049: receive RaftClientReply:client-AF8003830DD9->5d850b7b-f02e-4029-a6ce-7c22cb722049@group-48638E47C87F, cid=244, FAILED org.apache.ratis.protocol.NotLeaderException: Server 5d850b7b-f02e-4029-a6ce-7c22cb722049@group-48638E47C87F is not the leader 783b8b0d-2e4b-4296-bbed-3f010e7af5dd:192.168.157.246:43483, logIndex=0, commits[5d850b7b-f02e-4029-a6ce-7c22cb722049:c18, 783b8b0d-2e4b-4296-bbed-3f010e7af5dd:c18, 8914721e-e6fd-428a-8274-c97b8de6844d:c17]
2019-09-17 07:20:41,156 [EventQueue-PipelineActionsForPipelineActionHandler] ERROR pipeline.PipelineActionHandler (PipelineActionHandler.java:onMessage(60)) - Received pipeline action CLOSE for Pipeline[ Id: 7701c700-c295-448b-ae11-48638e47c87f, Nodes: 783b8b0d-2e4b-4296-bbed-3f010e7af5dd{ip: 192.168.157.246, host: pr-hdds-2016-n7825-135103490, networkLocation: /default-rack, certSerialId: null}8914721e-e6fd-428a-8274-c97b8de6844d{ip: 192.168.157.246, host: pr-hdds-2016-n7825-135103490, networkLocation: /default-rack, certSerialId: null}5d850b7b-f02e-4029-a6ce-7c22cb722049{ip: 192.168.157.246, host: pr-hdds-2016-n7825-135103490, networkLocation: /default-rack, certSerialId: null}, Type:RATIS, Factor:THREE, State:CLOSED] from datanode 783b8b0d-2e4b-4296-bbed-3f010e7af5dd{ip: 192.168.157.246, host: pr-hdds-2016-n7825-135103490, networkLocation: /default-rack, certSerialId: null}. Reason : 783b8b0d-2e4b-4296-bbed-3f010e7af5dd has not seen follower/s 5d850b7b-f02e-4029-a6ce-7c22cb722049 for 140971ms 8914721e-e6fd-428a-8274-c97b8de6844d for 140971ms
2019-09-17 07:20:41,156 [EventQueue-PipelineActionsForPipelineActionHandler] INFO  pipeline.SCMPipelineManager (SCMPipelineManager.java:finalizeAndDestroyPipeline(311)) - destroying pipeline:Pipeline[ Id: 7701c700-c295-448b-ae11-48638e47c87f, Nodes: 783b8b0d-2e4b-4296-bbed-3f010e7af5dd{ip: 192.168.157.246, host: pr-hdds-2016-n7825-135103490, networkLocation: /default-rack, certSerialId: null}8914721e-e6fd-428a-8274-c97b8de6844d{ip: 192.168.157.246, host: pr-hdds-2016-n7825-135103490, networkLocation: /default-rack, certSerialId: null}5d850b7b-f02e-4029-a6ce-7c22cb722049{ip: 192.168.157.246, host: pr-hdds-2016-n7825-135103490, networkLocation: /default-rack, certSerialId: null}, Type:RATIS, Factor:THREE, State:CLOSED]
2019-09-17 07:20:41,162 [java.util.concurrent.ThreadPoolExecutor$Worker@17e7de46[State = -1, empty queue]] WARN  server.GrpcLogAppender (GrpcLogAppender.java:timeoutAppendRequest(200)) - 783b8b0d-2e4b-4296-bbed-3f010e7af5dd@group-48638E47C87F->8914721e-e6fd-428a-8274-c97b8de6844d-GrpcLogAppender: appendEntries Timeout, request=783b8b0d-2e4b-4296-bbed-3f010e7af5dd->8914721e-e6fd-428a-8274-c97b8de6844d#81-t1, previous=(t:1, i:25), leaderCommit=18, initializing? false, entries: <empty>
2019-09-17 07:20:41,163 [java.util.concurrent.ThreadPoolExecutor$Worker@f0b1886[State = -1, empty queue]] WARN  server.GrpcLogAppender (GrpcLogAppender.java:timeoutAppendRequest(200)) - 783b8b0d-2e4b-4296-bbed-3f010e7af5dd@group-48638E47C87F->5d850b7b-f02e-4029-a6ce-7c22cb722049-GrpcLogAppender: appendEntries Timeout, request=783b8b0d-2e4b-4296-bbed-3f010e7af5dd->5d850b7b-f02e-4029-a6ce-7c22cb722049#81-t1, previous=(t:1, i:25), leaderCommit=18, initializing? false, entries: <empty>
2019-09-17 07:20:43,165 [org.apache.ratis.server.impl.LogAppender$AppenderDaemon$$Lambda$521/268088635@3fe09027] ERROR ratis.XceiverServerRatis (XceiverServerRatis.java:triggerPipelineClose(575)) - pipeline Action CLOSE  on pipeline PipelineID=7701c700-c295-448b-ae11-48638e47c87f.Reason : 783b8b0d-2e4b-4296-bbed-3f010e7af5dd has not seen follower/s 5d850b7b-f02e-4029-a6ce-7c22cb722049 for 143472ms 8914721e-e6fd-428a-8274-c97b8de6844d for 143472ms
2019-09-17 07:20:43,166 [org.apache.ratis.server.impl.LogAppender$AppenderDaemon$$Lambda$521/268088635@7e44e90f] ERROR ratis.XceiverServerRatis (XceiverServerRatis.java:triggerPipelineClose(575)) - pipeline Action CLOSE  on pipeline PipelineID=7701c700-c295-448b-ae11-48638e47c87f.Reason : 783b8b0d-2e4b-4296-bbed-3f010e7af5dd has not seen follower/s 5d850b7b-f02e-4029-a6ce-7c22cb722049 for 143472ms 8914721e-e6fd-428a-8274-c97b8de6844d for 143472ms
2019-09-17 07:20:43,664 [java.util.concurrent.ThreadPoolExecutor$Worker@f0b1886[State = -1, empty queue]] WARN  server.GrpcLogAppender (GrpcLogAppender.java:timeoutAppendRequest(200)) - 783b8b0d-2e4b-4296-bbed-3f010e7af5dd@group-48638E47C87F->5d850b7b-f02e-4029-a6ce-7c22cb722049-GrpcLogAppender: appendEntries Timeout, request=783b8b0d-2e4b-4296-bbed-3f010e7af5dd->5d850b7b-f02e-4029-a6ce-7c22cb722049#82-t1, previous=(t:1, i:25), leaderCommit=18, initializing? false, entries: <empty>
2019-09-17 07:20:43,664 [java.util.concurrent.ThreadPoolExecutor$Worker@17e7de46[State = -1, empty queue]] WARN  server.GrpcLogAppender (GrpcLogAppender.java:timeoutAppendRequest(200)) - 783b8b0d-2e4b-4296-bbed-3f010e7af5dd@group-48638E47C87F->8914721e-e6fd-428a-8274-c97b8de6844d-GrpcLogAppender: appendEntries Timeout, request=783b8b0d-2e4b-4296-bbed-3f010e7af5dd->8914721e-e6fd-428a-8274-c97b8de6844d#82-t1, previous=(t:1, i:25), leaderCommit=18, initializing? false, entries: <empty>
2019-09-17 07:20:44,155 [EventQueue-PipelineActionsForPipelineActionHandler] ERROR pipeline.PipelineActionHandler (PipelineActionHandler.java:onMessage(60)) - Received pipeline action CLOSE for Pipeline[ Id: 7701c700-c295-448b-ae11-48638e47c87f, Nodes: 783b8b0d-2e4b-4296-bbed-3f010e7af5dd{ip: 192.168.157.246, host: pr-hdds-2016-n7825-135103490, networkLocation: /default-rack, certSerialId: null}8914721e-e6fd-428a-8274-c97b8de6844d{ip: 192.168.157.246, host: pr-hdds-2016-n7825-135103490, networkLocation: /default-rack, certSerialId: null}5d850b7b-f02e-4029-a6ce-7c22cb722049{ip: 192.168.157.246, host: pr-hdds-2016-n7825-135103490, networkLocation: /default-rack, certSerialId: null}, Type:RATIS, Factor:THREE, State:CLOSED] from datanode 783b8b0d-2e4b-4296-bbed-3f010e7af5dd{ip: 192.168.157.246, host: pr-hdds-2016-n7825-135103490, networkLocation: /default-rack, certSerialId: null}. Reason : 783b8b0d-2e4b-4296-bbed-3f010e7af5dd has not seen follower/s 5d850b7b-f02e-4029-a6ce-7c22cb722049 for 143472ms 8914721e-e6fd-428a-8274-c97b8de6844d for 143472ms
2019-09-17 07:20:44,155 [EventQueue-PipelineActionsForPipelineActionHandler] INFO  pipeline.SCMPipelineManager (SCMPipelineManager.java:finalizeAndDestroyPipeline(311)) - destroying pipeline:Pipeline[ Id: 7701c700-c295-448b-ae11-48638e47c87f, Nodes: 783b8b0d-2e4b-4296-bbed-3f010e7af5dd{ip: 192.168.157.246, host: pr-hdds-2016-n7825-135103490, networkLocation: /default-rack, certSerialId: null}8914721e-e6fd-428a-8274-c97b8de6844d{ip: 192.168.157.246, host: pr-hdds-2016-n7825-135103490, networkLocation: /default-rack, certSerialId: null}5d850b7b-f02e-4029-a6ce-7c22cb722049{ip: 192.168.157.246, host: pr-hdds-2016-n7825-135103490, networkLocation: /default-rack, certSerialId: null}, Type:RATIS, Factor:THREE, State:CLOSED]
2019-09-17 07:20:45,666 [org.apache.ratis.server.impl.LogAppender$AppenderDaemon$$Lambda$521/268088635@3fe09027] ERROR ratis.XceiverServerRatis (XceiverServerRatis.java:triggerPipelineClose(575)) - pipeline Action CLOSE  on pipeline PipelineID=7701c700-c295-448b-ae11-48638e47c87f.Reason : 783b8b0d-2e4b-4296-bbed-3f010e7af5dd has not seen follower/s 5d850b7b-f02e-4029-a6ce-7c22cb722049 for 145972ms 8914721e-e6fd-428a-8274-c97b8de6844d for 145972ms
2019-09-17 07:20:45,666 [org.apache.ratis.server.impl.LogAppender$AppenderDaemon$$Lambda$521/268088635@7e44e90f] ERROR ratis.XceiverServerRatis (XceiverServerRatis.java:triggerPipelineClose(575)) - pipeline Action CLOSE  on pipeline PipelineID=7701c700-c295-448b-ae11-48638e47c87f.Reason : 783b8b0d-2e4b-4296-bbed-3f010e7af5dd has not seen follower/s 5d850b7b-f02e-4029-a6ce-7c22cb722049 for 145972ms 8914721e-e6fd-428a-8274-c97b8de6844d for 145972ms
2019-09-17 07:20:45,975 [grpc-default-executor-5] INFO  client.GrpcClientProtocolClient (GrpcClientProtocolClient.java:onNext(264)) - client-AF8003830DD9->5d850b7b-f02e-4029-a6ce-7c22cb722049: receive RaftClientReply:client-AF8003830DD9->5d850b7b-f02e-4029-a6ce-7c22cb722049@group-48638E47C87F, cid=244, FAILED org.apache.ratis.protocol.NotLeaderException: Server 5d850b7b-f02e-4029-a6ce-7c22cb722049@group-48638E47C87F is not the leader 783b8b0d-2e4b-4296-bbed-3f010e7af5dd:192.168.157.246:43483, logIndex=0, commits[5d850b7b-f02e-4029-a6ce-7c22cb722049:c18, 783b8b0d-2e4b-4296-bbed-3f010e7af5dd:c18, 8914721e-e6fd-428a-8274-c97b8de6844d:c17]
2019-09-17 07:20:46,155 [EventQueue-PipelineActionsForPipelineActionHandler] ERROR pipeline.PipelineActionHandler (PipelineActionHandler.java:onMessage(60)) - Received pipeline action CLOSE for Pipeline[ Id: 7701c700-c295-448b-ae11-48638e47c87f, Nodes: 783b8b0d-2e4b-4296-bbed-3f010e7af5dd{ip: 192.168.157.246, host: pr-hdds-2016-n7825-135103490, networkLocation: /default-rack, certSerialId: null}8914721e-e6fd-428a-8274-c97b8de6844d{ip: 192.168.157.246, host: pr-hdds-2016-n7825-135103490, networkLocation: /default-rack, certSerialId: null}5d850b7b-f02e-4029-a6ce-7c22cb722049{ip: 192.168.157.246, host: pr-hdds-2016-n7825-135103490, networkLocation: /default-rack, certSerialId: null}, Type:RATIS, Factor:THREE, State:CLOSED] from datanode 783b8b0d-2e4b-4296-bbed-3f010e7af5dd{ip: 192.168.157.246, host: pr-hdds-2016-n7825-135103490, networkLocation: /default-rack, certSerialId: null}. Reason : 783b8b0d-2e4b-4296-bbed-3f010e7af5dd has not seen follower/s 5d850b7b-f02e-4029-a6ce-7c22cb722049 for 145972ms 8914721e-e6fd-428a-8274-c97b8de6844d for 145972ms
2019-09-17 07:20:46,155 [EventQueue-PipelineActionsForPipelineActionHandler] INFO  pipeline.SCMPipelineManager (SCMPipelineManager.java:finalizeAndDestroyPipeline(311)) - destroying pipeline:Pipeline[ Id: 7701c700-c295-448b-ae11-48638e47c87f, Nodes: 783b8b0d-2e4b-4296-bbed-3f010e7af5dd{ip: 192.168.157.246, host: pr-hdds-2016-n7825-135103490, networkLocation: /default-rack, certSerialId: null}8914721e-e6fd-428a-8274-c97b8de6844d{ip: 192.168.157.246, host: pr-hdds-2016-n7825-135103490, networkLocation: /default-rack, certSerialId: null}5d850b7b-f02e-4029-a6ce-7c22cb722049{ip: 192.168.157.246, host: pr-hdds-2016-n7825-135103490, networkLocation: /default-rack, certSerialId: null}, Type:RATIS, Factor:THREE, State:CLOSED]
2019-09-17 07:20:46,165 [java.util.concurrent.ThreadPoolExecutor$Worker@17e7de46[State = -1, empty queue]] WARN  server.GrpcLogAppender (GrpcLogAppender.java:timeoutAppendRequest(200)) - 783b8b0d-2e4b-4296-bbed-3f010e7af5dd@group-48638E47C87F->8914721e-e6fd-428a-8274-c97b8de6844d-GrpcLogAppender: appendEntries Timeout, request=783b8b0d-2e4b-4296-bbed-3f010e7af5dd->8914721e-e6fd-428a-8274-c97b8de6844d#83-t1, previous=(t:1, i:25), leaderCommit=18, initializing? false, entries: <empty>
2019-09-17 07:20:46,165 [java.util.concurrent.ThreadPoolExecutor$Worker@f0b1886[State = -1, empty queue]] WARN  server.GrpcLogAppender (GrpcLogAppender.java:timeoutAppendRequest(200)) - 783b8b0d-2e4b-4296-bbed-3f010e7af5dd@group-48638E47C87F->5d850b7b-f02e-4029-a6ce-7c22cb722049-GrpcLogAppender: appendEntries Timeout, request=783b8b0d-2e4b-4296-bbed-3f010e7af5dd->5d850b7b-f02e-4029-a6ce-7c22cb722049#83-t1, previous=(t:1, i:25), leaderCommit=18, initializing? false, entries: <empty>
2019-09-17 07:20:48,167 [org.apache.ratis.server.impl.LogAppender$AppenderDaemon$$Lambda$521/268088635@3fe09027] ERROR ratis.XceiverServerRatis (XceiverServerRatis.java:triggerPipelineClose(575)) - pipeline Action CLOSE  on pipeline PipelineID=7701c700-c295-448b-ae11-48638e47c87f.Reason : 783b8b0d-2e4b-4296-bbed-3f010e7af5dd has not seen follower/s 5d850b7b-f02e-4029-a6ce-7c22cb722049 for 148473ms 8914721e-e6fd-428a-8274-c97b8de6844d for 148473ms
2019-09-17 07:20:48,167 [org.apache.ratis.server.impl.LogAppender$AppenderDaemon$$Lambda$521/268088635@7e44e90f] ERROR ratis.XceiverServerRatis (XceiverServerRatis.java:triggerPipelineClose(575)) - pipeline Action CLOSE  on pipeline PipelineID=7701c700-c295-448b-ae11-48638e47c87f.Reason : 783b8b0d-2e4b-4296-bbed-3f010e7af5dd has not seen follower/s 5d850b7b-f02e-4029-a6ce-7c22cb722049 for 148473ms 8914721e-e6fd-428a-8274-c97b8de6844d for 148473ms
2019-09-17 07:20:48,666 [java.util.concurrent.ThreadPoolExecutor$Worker@17e7de46[State = -1, empty queue]] WARN  server.GrpcLogAppender (GrpcLogAppender.java:timeoutAppendRequest(200)) - 783b8b0d-2e4b-4296-bbed-3f010e7af5dd@group-48638E47C87F->8914721e-e6fd-428a-8274-c97b8de6844d-GrpcLogAppender: appendEntries Timeout, request=783b8b0d-2e4b-4296-bbed-3f010e7af5dd->8914721e-e6fd-428a-8274-c97b8de6844d#84-t1, previous=(t:1, i:25), leaderCommit=18, initializing? false, entries: <empty>
2019-09-17 07:20:48,666 [java.util.concurrent.ThreadPoolExecutor$Worker@f0b1886[State = -1, empty queue]] WARN  server.GrpcLogAppender (GrpcLogAppender.java:timeoutAppendRequest(200)) - 783b8b0d-2e4b-4296-bbed-3f010e7af5dd@group-48638E47C87F->5d850b7b-f02e-4029-a6ce-7c22cb722049-GrpcLogAppender: appendEntries Timeout, request=783b8b0d-2e4b-4296-bbed-3f010e7af5dd->5d850b7b-f02e-4029-a6ce-7c22cb722049#84-t1, previous=(t:1, i:25), leaderCommit=18, initializing? false, entries: <empty>
2019-09-17 07:20:49,155 [EventQueue-PipelineActionsForPipelineActionHandler] ERROR pipeline.PipelineActionHandler (PipelineActionHandler.java:onMessage(60)) - Received pipeline action CLOSE for Pipeline[ Id: 7701c700-c295-448b-ae11-48638e47c87f, Nodes: 783b8b0d-2e4b-4296-bbed-3f010e7af5dd{ip: 192.168.157.246, host: pr-hdds-2016-n7825-135103490, networkLocation: /default-rack, certSerialId: null}8914721e-e6fd-428a-8274-c97b8de6844d{ip: 192.168.157.246, host: pr-hdds-2016-n7825-135103490, networkLocation: /default-rack, certSerialId: null}5d850b7b-f02e-4029-a6ce-7c22cb722049{ip: 192.168.157.246, host: pr-hdds-2016-n7825-135103490, networkLocation: /default-rack, certSerialId: null}, Type:RATIS, Factor:THREE, State:CLOSED] from datanode 783b8b0d-2e4b-4296-bbed-3f010e7af5dd{ip: 192.168.157.246, host: pr-hdds-2016-n7825-135103490, networkLocation: /default-rack, certSerialId: null}. Reason : 783b8b0d-2e4b-4296-bbed-3f010e7af5dd has not seen follower/s 5d850b7b-f02e-4029-a6ce-7c22cb722049 for 148473ms 8914721e-e6fd-428a-8274-c97b8de6844d for 148473ms
2019-09-17 07:20:49,155 [EventQueue-PipelineActionsForPipelineActionHandler] INFO  pipeline.SCMPipelineManager (SCMPipelineManager.java:finalizeAndDestroyPipeline(311)) - destroying pipeline:Pipeline[ Id: 7701c700-c295-448b-ae11-48638e47c87f, Nodes: 783b8b0d-2e4b-4296-bbed-3f010e7af5dd{ip: 192.168.157.246, host: pr-hdds-2016-n7825-135103490, networkLocation: /default-rack, certSerialId: null}8914721e-e6fd-428a-8274-c97b8de6844d{ip: 192.168.157.246, host: pr-hdds-2016-n7825-135103490, networkLocation: /default-rack, certSerialId: null}5d850b7b-f02e-4029-a6ce-7c22cb722049{ip: 192.168.157.246, host: pr-hdds-2016-n7825-135103490, networkLocation: /default-rack, certSerialId: null}, Type:RATIS, Factor:THREE, State:CLOSED]
2019-09-17 07:20:50,195 [5d850b7b-f02e-4029-a6ce-7c22cb722049@group-48638E47C87F-SegmentedRaftLogWorker] WARN  segmented.SegmentedRaftLogWorker (SegmentedRaftLogWorker.java:getFromFuture(90)) - Timeout 14/~
org.apache.ratis.protocol.TimeoutIOException: Timeout 10s: WriteLog:20: (t:1, i:20), STATEMACHINELOGENTRY, client-AF8003830DD9, cid=245-writeStateMachineData
	at org.apache.ratis.util.IOUtils.getFromFuture(IOUtils.java:87)
	at org.apache.ratis.server.raftlog.segmented.SegmentedRaftLogWorker$StateMachineDataPolicy.getFromFuture(SegmentedRaftLogWorker.java:87)
	at org.apache.ratis.server.raftlog.segmented.SegmentedRaftLogWorker$WriteLog.execute(SegmentedRaftLogWorker.java:477)
	at org.apache.ratis.server.raftlog.segmented.SegmentedRaftLogWorker.run(SegmentedRaftLogWorker.java:289)
	at java.lang.Thread.run(Thread.java:748)
Caused by: java.util.concurrent.TimeoutException
	at java.util.concurrent.CompletableFuture.timedGet(CompletableFuture.java:1771)
	at java.util.concurrent.CompletableFuture.get(CompletableFuture.java:1915)
	at org.apache.ratis.util.IOUtils.getFromFuture(IOUtils.java:79)
	... 4 more
2019-09-17 07:20:50,207 [8914721e-e6fd-428a-8274-c97b8de6844d@group-48638E47C87F-SegmentedRaftLogWorker] WARN  segmented.SegmentedRaftLogWorker (SegmentedRaftLogWorker.java:getFromFuture(90)) - Timeout 14/~
org.apache.ratis.protocol.TimeoutIOException: Timeout 10s: WriteLog:20: (t:1, i:20), STATEMACHINELOGENTRY, client-AF8003830DD9, cid=245-writeStateMachineData
	at org.apache.ratis.util.IOUtils.getFromFuture(IOUtils.java:87)
	at org.apache.ratis.server.raftlog.segmented.SegmentedRaftLogWorker$StateMachineDataPolicy.getFromFuture(SegmentedRaftLogWorker.java:87)
	at org.apache.ratis.server.raftlog.segmented.SegmentedRaftLogWorker$WriteLog.execute(SegmentedRaftLogWorker.java:477)
	at org.apache.ratis.server.raftlog.segmented.SegmentedRaftLogWorker.run(SegmentedRaftLogWorker.java:289)
	at java.lang.Thread.run(Thread.java:748)
Caused by: java.util.concurrent.TimeoutException
	at java.util.concurrent.CompletableFuture.timedGet(CompletableFuture.java:1771)
	at java.util.concurrent.CompletableFuture.get(CompletableFuture.java:1915)
	at org.apache.ratis.util.IOUtils.getFromFuture(IOUtils.java:79)
	... 4 more
2019-09-17 07:20:50,207 [783b8b0d-2e4b-4296-bbed-3f010e7af5dd@group-48638E47C87F-SegmentedRaftLogWorker] WARN  segmented.SegmentedRaftLogWorker (SegmentedRaftLogWorker.java:getFromFuture(90)) - Timeout 14/~
org.apache.ratis.protocol.TimeoutIOException: Timeout 10s: WriteLog:20: (t:1, i:20), STATEMACHINELOGENTRY, client-AF8003830DD9, cid=245-writeStateMachineData
	at org.apache.ratis.util.IOUtils.getFromFuture(IOUtils.java:87)
	at org.apache.ratis.server.raftlog.segmented.SegmentedRaftLogWorker$StateMachineDataPolicy.getFromFuture(SegmentedRaftLogWorker.java:87)
	at org.apache.ratis.server.raftlog.segmented.SegmentedRaftLogWorker$WriteLog.execute(SegmentedRaftLogWorker.java:477)
	at org.apache.ratis.server.raftlog.segmented.SegmentedRaftLogWorker.run(SegmentedRaftLogWorker.java:289)
	at java.lang.Thread.run(Thread.java:748)
Caused by: java.util.concurrent.TimeoutException
	at java.util.concurrent.CompletableFuture.timedGet(CompletableFuture.java:1771)
	at java.util.concurrent.CompletableFuture.get(CompletableFuture.java:1915)
	at org.apache.ratis.util.IOUtils.getFromFuture(IOUtils.java:79)
	... 4 more
2019-09-17 07:20:50,668 [org.apache.ratis.server.impl.LogAppender$AppenderDaemon$$Lambda$521/268088635@3fe09027] ERROR ratis.XceiverServerRatis (XceiverServerRatis.java:triggerPipelineClose(575)) - pipeline Action CLOSE  on pipeline PipelineID=7701c700-c295-448b-ae11-48638e47c87f.Reason : 783b8b0d-2e4b-4296-bbed-3f010e7af5dd has not seen follower/s 5d850b7b-f02e-4029-a6ce-7c22cb722049 for 150974ms 8914721e-e6fd-428a-8274-c97b8de6844d for 150974ms
2019-09-17 07:20:50,668 [org.apache.ratis.server.impl.LogAppender$AppenderDaemon$$Lambda$521/268088635@7e44e90f] ERROR ratis.XceiverServerRatis (XceiverServerRatis.java:triggerPipelineClose(575)) - pipeline Action CLOSE  on pipeline PipelineID=7701c700-c295-448b-ae11-48638e47c87f.Reason : 783b8b0d-2e4b-4296-bbed-3f010e7af5dd has not seen follower/s 5d850b7b-f02e-4029-a6ce-7c22cb722049 for 150974ms 8914721e-e6fd-428a-8274-c97b8de6844d for 150974ms
2019-09-17 07:20:50,995 [grpc-default-executor-6] INFO  client.GrpcClientProtocolClient (GrpcClientProtocolClient.java:onNext(264)) - client-AF8003830DD9->5d850b7b-f02e-4029-a6ce-7c22cb722049: receive RaftClientReply:client-AF8003830DD9->5d850b7b-f02e-4029-a6ce-7c22cb722049@group-48638E47C87F, cid=244, FAILED org.apache.ratis.protocol.NotLeaderException: Server 5d850b7b-f02e-4029-a6ce-7c22cb722049@group-48638E47C87F is not the leader 783b8b0d-2e4b-4296-bbed-3f010e7af5dd:192.168.157.246:43483, logIndex=0, commits[5d850b7b-f02e-4029-a6ce-7c22cb722049:c18, 783b8b0d-2e4b-4296-bbed-3f010e7af5dd:c18, 8914721e-e6fd-428a-8274-c97b8de6844d:c17]
2019-09-17 07:20:51,155 [EventQueue-PipelineActionsForPipelineActionHandler] ERROR pipeline.PipelineActionHandler (PipelineActionHandler.java:onMessage(60)) - Received pipeline action CLOSE for Pipeline[ Id: 7701c700-c295-448b-ae11-48638e47c87f, Nodes: 783b8b0d-2e4b-4296-bbed-3f010e7af5dd{ip: 192.168.157.246, host: pr-hdds-2016-n7825-135103490, networkLocation: /default-rack, certSerialId: null}8914721e-e6fd-428a-8274-c97b8de6844d{ip: 192.168.157.246, host: pr-hdds-2016-n7825-135103490, networkLocation: /default-rack, certSerialId: null}5d850b7b-f02e-4029-a6ce-7c22cb722049{ip: 192.168.157.246, host: pr-hdds-2016-n7825-135103490, networkLocation: /default-rack, certSerialId: null}, Type:RATIS, Factor:THREE, State:CLOSED] from datanode 783b8b0d-2e4b-4296-bbed-3f010e7af5dd{ip: 192.168.157.246, host: pr-hdds-2016-n7825-135103490, networkLocation: /default-rack, certSerialId: null}. Reason : 783b8b0d-2e4b-4296-bbed-3f010e7af5dd has not seen follower/s 5d850b7b-f02e-4029-a6ce-7c22cb722049 for 150974ms 8914721e-e6fd-428a-8274-c97b8de6844d for 150974ms
2019-09-17 07:20:51,155 [EventQueue-PipelineActionsForPipelineActionHandler] INFO  pipeline.SCMPipelineManager (SCMPipelineManager.java:finalizeAndDestroyPipeline(311)) - destroying pipeline:Pipeline[ Id: 7701c700-c295-448b-ae11-48638e47c87f, Nodes: 783b8b0d-2e4b-4296-bbed-3f010e7af5dd{ip: 192.168.157.246, host: pr-hdds-2016-n7825-135103490, networkLocation: /default-rack, certSerialId: null}8914721e-e6fd-428a-8274-c97b8de6844d{ip: 192.168.157.246, host: pr-hdds-2016-n7825-135103490, networkLocation: /default-rack, certSerialId: null}5d850b7b-f02e-4029-a6ce-7c22cb722049{ip: 192.168.157.246, host: pr-hdds-2016-n7825-135103490, networkLocation: /default-rack, certSerialId: null}, Type:RATIS, Factor:THREE, State:CLOSED]
2019-09-17 07:20:51,167 [java.util.concurrent.ThreadPoolExecutor$Worker@17e7de46[State = -1, empty queue]] WARN  server.GrpcLogAppender (GrpcLogAppender.java:timeoutAppendRequest(200)) - 783b8b0d-2e4b-4296-bbed-3f010e7af5dd@group-48638E47C87F->8914721e-e6fd-428a-8274-c97b8de6844d-GrpcLogAppender: appendEntries Timeout, request=783b8b0d-2e4b-4296-bbed-3f010e7af5dd->8914721e-e6fd-428a-8274-c97b8de6844d#85-t1, previous=(t:1, i:25), leaderCommit=18, initializing? false, entries: <empty>
2019-09-17 07:20:51,167 [java.util.concurrent.ThreadPoolExecutor$Worker@f0b1886[State = -1, empty queue]] WARN  server.GrpcLogAppender (GrpcLogAppender.java:timeoutAppendRequest(200)) - 783b8b0d-2e4b-4296-bbed-3f010e7af5dd@group-48638E47C87F->5d850b7b-f02e-4029-a6ce-7c22cb722049-GrpcLogAppender: appendEntries Timeout, request=783b8b0d-2e4b-4296-bbed-3f010e7af5dd->5d850b7b-f02e-4029-a6ce-7c22cb722049#85-t1, previous=(t:1, i:25), leaderCommit=18, initializing? false, entries: <empty>
2019-09-17 07:20:53,170 [org.apache.ratis.server.impl.LogAppender$AppenderDaemon$$Lambda$521/268088635@7e44e90f] ERROR ratis.XceiverServerRatis (XceiverServerRatis.java:triggerPipelineClose(575)) - pipeline Action CLOSE  on pipeline PipelineID=7701c700-c295-448b-ae11-48638e47c87f.Reason : 783b8b0d-2e4b-4296-bbed-3f010e7af5dd has not seen follower/s 5d850b7b-f02e-4029-a6ce-7c22cb722049 for 153476ms 8914721e-e6fd-428a-8274-c97b8de6844d for 153476ms
2019-09-17 07:20:53,170 [org.apache.ratis.server.impl.LogAppender$AppenderDaemon$$Lambda$521/268088635@3fe09027] ERROR ratis.XceiverServerRatis (XceiverServerRatis.java:triggerPipelineClose(575)) - pipeline Action CLOSE  on pipeline PipelineID=7701c700-c295-448b-ae11-48638e47c87f.Reason : 783b8b0d-2e4b-4296-bbed-3f010e7af5dd has not seen follower/s 5d850b7b-f02e-4029-a6ce-7c22cb722049 for 153476ms 8914721e-e6fd-428a-8274-c97b8de6844d for 153476ms
2019-09-17 07:20:53,668 [java.util.concurrent.ThreadPoolExecutor$Worker@f0b1886[State = -1, empty queue]] WARN  server.GrpcLogAppender (GrpcLogAppender.java:timeoutAppendRequest(200)) - 783b8b0d-2e4b-4296-bbed-3f010e7af5dd@group-48638E47C87F->5d850b7b-f02e-4029-a6ce-7c22cb722049-GrpcLogAppender: appendEntries Timeout, request=783b8b0d-2e4b-4296-bbed-3f010e7af5dd->5d850b7b-f02e-4029-a6ce-7c22cb722049#86-t1, previous=(t:1, i:25), leaderCommit=18, initializing? false, entries: <empty>
2019-09-17 07:20:53,668 [java.util.concurrent.ThreadPoolExecutor$Worker@17e7de46[State = -1, empty queue]] WARN  server.GrpcLogAppender (GrpcLogAppender.java:timeoutAppendRequest(200)) - 783b8b0d-2e4b-4296-bbed-3f010e7af5dd@group-48638E47C87F->8914721e-e6fd-428a-8274-c97b8de6844d-GrpcLogAppender: appendEntries Timeout, request=783b8b0d-2e4b-4296-bbed-3f010e7af5dd->8914721e-e6fd-428a-8274-c97b8de6844d#86-t1, previous=(t:1, i:25), leaderCommit=18, initializing? false, entries: <empty>
2019-09-17 07:20:54,157 [EventQueue-PipelineActionsForPipelineActionHandler] ERROR pipeline.PipelineActionHandler (PipelineActionHandler.java:onMessage(60)) - Received pipeline action CLOSE for Pipeline[ Id: 7701c700-c295-448b-ae11-48638e47c87f, Nodes: 783b8b0d-2e4b-4296-bbed-3f010e7af5dd{ip: 192.168.157.246, host: pr-hdds-2016-n7825-135103490, networkLocation: /default-rack, certSerialId: null}8914721e-e6fd-428a-8274-c97b8de6844d{ip: 192.168.157.246, host: pr-hdds-2016-n7825-135103490, networkLocation: /default-rack, certSerialId: null}5d850b7b-f02e-4029-a6ce-7c22cb722049{ip: 192.168.157.246, host: pr-hdds-2016-n7825-135103490, networkLocation: /default-rack, certSerialId: null}, Type:RATIS, Factor:THREE, State:CLOSED] from datanode 783b8b0d-2e4b-4296-bbed-3f010e7af5dd{ip: 192.168.157.246, host: pr-hdds-2016-n7825-135103490, networkLocation: /default-rack, certSerialId: null}. Reason : 783b8b0d-2e4b-4296-bbed-3f010e7af5dd has not seen follower/s 5d850b7b-f02e-4029-a6ce-7c22cb722049 for 153476ms 8914721e-e6fd-428a-8274-c97b8de6844d for 153476ms
2019-09-17 07:20:54,158 [EventQueue-PipelineActionsForPipelineActionHandler] INFO  pipeline.SCMPipelineManager (SCMPipelineManager.java:finalizeAndDestroyPipeline(311)) - destroying pipeline:Pipeline[ Id: 7701c700-c295-448b-ae11-48638e47c87f, Nodes: 783b8b0d-2e4b-4296-bbed-3f010e7af5dd{ip: 192.168.157.246, host: pr-hdds-2016-n7825-135103490, networkLocation: /default-rack, certSerialId: null}8914721e-e6fd-428a-8274-c97b8de6844d{ip: 192.168.157.246, host: pr-hdds-2016-n7825-135103490, networkLocation: /default-rack, certSerialId: null}5d850b7b-f02e-4029-a6ce-7c22cb722049{ip: 192.168.157.246, host: pr-hdds-2016-n7825-135103490, networkLocation: /default-rack, certSerialId: null}, Type:RATIS, Factor:THREE, State:CLOSED]
2019-09-17 07:20:55,670 [org.apache.ratis.server.impl.LogAppender$AppenderDaemon$$Lambda$521/268088635@3fe09027] ERROR ratis.XceiverServerRatis (XceiverServerRatis.java:triggerPipelineClose(575)) - pipeline Action CLOSE  on pipeline PipelineID=7701c700-c295-448b-ae11-48638e47c87f.Reason : 783b8b0d-2e4b-4296-bbed-3f010e7af5dd has not seen follower/s 5d850b7b-f02e-4029-a6ce-7c22cb722049 for 155976ms 8914721e-e6fd-428a-8274-c97b8de6844d for 155977ms
2019-09-17 07:20:55,670 [org.apache.ratis.server.impl.LogAppender$AppenderDaemon$$Lambda$521/268088635@7e44e90f] ERROR ratis.XceiverServerRatis (XceiverServerRatis.java:triggerPipelineClose(575)) - pipeline Action CLOSE  on pipeline PipelineID=7701c700-c295-448b-ae11-48638e47c87f.Reason : 783b8b0d-2e4b-4296-bbed-3f010e7af5dd has not seen follower/s 5d850b7b-f02e-4029-a6ce-7c22cb722049 for 155976ms 8914721e-e6fd-428a-8274-c97b8de6844d for 155977ms
2019-09-17 07:20:56,032 [grpc-default-executor-6] INFO  client.GrpcClientProtocolClient (GrpcClientProtocolClient.java:onNext(264)) - client-AF8003830DD9->8914721e-e6fd-428a-8274-c97b8de6844d: receive RaftClientReply:client-AF8003830DD9->8914721e-e6fd-428a-8274-c97b8de6844d@group-48638E47C87F, cid=244, FAILED org.apache.ratis.protocol.NotLeaderException: Server 8914721e-e6fd-428a-8274-c97b8de6844d@group-48638E47C87F is not the leader 783b8b0d-2e4b-4296-bbed-3f010e7af5dd:192.168.157.246:43483, logIndex=0, commits[8914721e-e6fd-428a-8274-c97b8de6844d:c18, 783b8b0d-2e4b-4296-bbed-3f010e7af5dd:c18, 5d850b7b-f02e-4029-a6ce-7c22cb722049:c17]
2019-09-17 07:20:56,156 [EventQueue-PipelineActionsForPipelineActionHandler] ERROR pipeline.PipelineActionHandler (PipelineActionHandler.java:onMessage(60)) - Received pipeline action CLOSE for Pipeline[ Id: 7701c700-c295-448b-ae11-48638e47c87f, Nodes: 783b8b0d-2e4b-4296-bbed-3f010e7af5dd{ip: 192.168.157.246, host: pr-hdds-2016-n7825-135103490, networkLocation: /default-rack, certSerialId: null}8914721e-e6fd-428a-8274-c97b8de6844d{ip: 192.168.157.246, host: pr-hdds-2016-n7825-135103490, networkLocation: /default-rack, certSerialId: null}5d850b7b-f02e-4029-a6ce-7c22cb722049{ip: 192.168.157.246, host: pr-hdds-2016-n7825-135103490, networkLocation: /default-rack, certSerialId: null}, Type:RATIS, Factor:THREE, State:CLOSED] from datanode 783b8b0d-2e4b-4296-bbed-3f010e7af5dd{ip: 192.168.157.246, host: pr-hdds-2016-n7825-135103490, networkLocation: /default-rack, certSerialId: null}. Reason : 783b8b0d-2e4b-4296-bbed-3f010e7af5dd has not seen follower/s 5d850b7b-f02e-4029-a6ce-7c22cb722049 for 155976ms 8914721e-e6fd-428a-8274-c97b8de6844d for 155977ms
2019-09-17 07:20:56,156 [EventQueue-PipelineActionsForPipelineActionHandler] INFO  pipeline.SCMPipelineManager (SCMPipelineManager.java:finalizeAndDestroyPipeline(311)) - destroying pipeline:Pipeline[ Id: 7701c700-c295-448b-ae11-48638e47c87f, Nodes: 783b8b0d-2e4b-4296-bbed-3f010e7af5dd{ip: 192.168.157.246, host: pr-hdds-2016-n7825-135103490, networkLocation: /default-rack, certSerialId: null}8914721e-e6fd-428a-8274-c97b8de6844d{ip: 192.168.157.246, host: pr-hdds-2016-n7825-135103490, networkLocation: /default-rack, certSerialId: null}5d850b7b-f02e-4029-a6ce-7c22cb722049{ip: 192.168.157.246, host: pr-hdds-2016-n7825-135103490, networkLocation: /default-rack, certSerialId: null}, Type:RATIS, Factor:THREE, State:CLOSED]
2019-09-17 07:20:56,169 [java.util.concurrent.ThreadPoolExecutor$Worker@17e7de46[State = -1, empty queue]] WARN  server.GrpcLogAppender (GrpcLogAppender.java:timeoutAppendRequest(200)) - 783b8b0d-2e4b-4296-bbed-3f010e7af5dd@group-48638E47C87F->8914721e-e6fd-428a-8274-c97b8de6844d-GrpcLogAppender: appendEntries Timeout, request=783b8b0d-2e4b-4296-bbed-3f010e7af5dd->8914721e-e6fd-428a-8274-c97b8de6844d#87-t1, previous=(t:1, i:25), leaderCommit=18, initializing? false, entries: <empty>
2019-09-17 07:20:56,169 [java.util.concurrent.ThreadPoolExecutor$Worker@f0b1886[State = -1, empty queue]] WARN  server.GrpcLogAppender (GrpcLogAppender.java:timeoutAppendRequest(200)) - 783b8b0d-2e4b-4296-bbed-3f010e7af5dd@group-48638E47C87F->5d850b7b-f02e-4029-a6ce-7c22cb722049-GrpcLogAppender: appendEntries Timeout, request=783b8b0d-2e4b-4296-bbed-3f010e7af5dd->5d850b7b-f02e-4029-a6ce-7c22cb722049#87-t1, previous=(t:1, i:25), leaderCommit=18, initializing? false, entries: <empty>
2019-09-17 07:20:58,171 [org.apache.ratis.server.impl.LogAppender$AppenderDaemon$$Lambda$521/268088635@3fe09027] ERROR ratis.XceiverServerRatis (XceiverServerRatis.java:triggerPipelineClose(575)) - pipeline Action CLOSE  on pipeline PipelineID=7701c700-c295-448b-ae11-48638e47c87f.Reason : 783b8b0d-2e4b-4296-bbed-3f010e7af5dd has not seen follower/s 5d850b7b-f02e-4029-a6ce-7c22cb722049 for 158477ms 8914721e-e6fd-428a-8274-c97b8de6844d for 158477ms
2019-09-17 07:20:58,171 [org.apache.ratis.server.impl.LogAppender$AppenderDaemon$$Lambda$521/268088635@7e44e90f] ERROR ratis.XceiverServerRatis (XceiverServerRatis.java:triggerPipelineClose(575)) - pipeline Action CLOSE  on pipeline PipelineID=7701c700-c295-448b-ae11-48638e47c87f.Reason : 783b8b0d-2e4b-4296-bbed-3f010e7af5dd has not seen follower/s 5d850b7b-f02e-4029-a6ce-7c22cb722049 for 158477ms 8914721e-e6fd-428a-8274-c97b8de6844d for 158477ms
2019-09-17 07:20:58,670 [java.util.concurrent.ThreadPoolExecutor$Worker@17e7de46[State = -1, empty queue]] WARN  server.GrpcLogAppender (GrpcLogAppender.java:timeoutAppendRequest(200)) - 783b8b0d-2e4b-4296-bbed-3f010e7af5dd@group-48638E47C87F->8914721e-e6fd-428a-8274-c97b8de6844d-GrpcLogAppender: appendEntries Timeout, request=783b8b0d-2e4b-4296-bbed-3f010e7af5dd->8914721e-e6fd-428a-8274-c97b8de6844d#88-t1, previous=(t:1, i:25), leaderCommit=18, initializing? false, entries: <empty>
2019-09-17 07:20:58,670 [java.util.concurrent.ThreadPoolExecutor$Worker@f0b1886[State = -1, empty queue]] WARN  server.GrpcLogAppender (GrpcLogAppender.java:timeoutAppendRequest(200)) - 783b8b0d-2e4b-4296-bbed-3f010e7af5dd@group-48638E47C87F->5d850b7b-f02e-4029-a6ce-7c22cb722049-GrpcLogAppender: appendEntries Timeout, request=783b8b0d-2e4b-4296-bbed-3f010e7af5dd->5d850b7b-f02e-4029-a6ce-7c22cb722049#88-t1, previous=(t:1, i:25), leaderCommit=18, initializing? false, entries: <empty>
2019-09-17 07:20:59,156 [EventQueue-PipelineActionsForPipelineActionHandler] ERROR pipeline.PipelineActionHandler (PipelineActionHandler.java:onMessage(60)) - Received pipeline action CLOSE for Pipeline[ Id: 7701c700-c295-448b-ae11-48638e47c87f, Nodes: 783b8b0d-2e4b-4296-bbed-3f010e7af5dd{ip: 192.168.157.246, host: pr-hdds-2016-n7825-135103490, networkLocation: /default-rack, certSerialId: null}8914721e-e6fd-428a-8274-c97b8de6844d{ip: 192.168.157.246, host: pr-hdds-2016-n7825-135103490, networkLocation: /default-rack, certSerialId: null}5d850b7b-f02e-4029-a6ce-7c22cb722049{ip: 192.168.157.246, host: pr-hdds-2016-n7825-135103490, networkLocation: /default-rack, certSerialId: null}, Type:RATIS, Factor:THREE, State:CLOSED] from datanode 783b8b0d-2e4b-4296-bbed-3f010e7af5dd{ip: 192.168.157.246, host: pr-hdds-2016-n7825-135103490, networkLocation: /default-rack, certSerialId: null}. Reason : 783b8b0d-2e4b-4296-bbed-3f010e7af5dd has not seen follower/s 5d850b7b-f02e-4029-a6ce-7c22cb722049 for 158477ms 8914721e-e6fd-428a-8274-c97b8de6844d for 158477ms
2019-09-17 07:20:59,157 [EventQueue-PipelineActionsForPipelineActionHandler] INFO  pipeline.SCMPipelineManager (SCMPipelineManager.java:finalizeAndDestroyPipeline(311)) - destroying pipeline:Pipeline[ Id: 7701c700-c295-448b-ae11-48638e47c87f, Nodes: 783b8b0d-2e4b-4296-bbed-3f010e7af5dd{ip: 192.168.157.246, host: pr-hdds-2016-n7825-135103490, networkLocation: /default-rack, certSerialId: null}8914721e-e6fd-428a-8274-c97b8de6844d{ip: 192.168.157.246, host: pr-hdds-2016-n7825-135103490, networkLocation: /default-rack, certSerialId: null}5d850b7b-f02e-4029-a6ce-7c22cb722049{ip: 192.168.157.246, host: pr-hdds-2016-n7825-135103490, networkLocation: /default-rack, certSerialId: null}, Type:RATIS, Factor:THREE, State:CLOSED]
2019-09-17 07:21:00,196 [5d850b7b-f02e-4029-a6ce-7c22cb722049@group-48638E47C87F-SegmentedRaftLogWorker] WARN  segmented.SegmentedRaftLogWorker (SegmentedRaftLogWorker.java:getFromFuture(90)) - Timeout 15/~
org.apache.ratis.protocol.TimeoutIOException: Timeout 10s: WriteLog:20: (t:1, i:20), STATEMACHINELOGENTRY, client-AF8003830DD9, cid=245-writeStateMachineData
	at org.apache.ratis.util.IOUtils.getFromFuture(IOUtils.java:87)
	at org.apache.ratis.server.raftlog.segmented.SegmentedRaftLogWorker$StateMachineDataPolicy.getFromFuture(SegmentedRaftLogWorker.java:87)
	at org.apache.ratis.server.raftlog.segmented.SegmentedRaftLogWorker$WriteLog.execute(SegmentedRaftLogWorker.java:477)
	at org.apache.ratis.server.raftlog.segmented.SegmentedRaftLogWorker.run(SegmentedRaftLogWorker.java:289)
	at java.lang.Thread.run(Thread.java:748)
Caused by: java.util.concurrent.TimeoutException
	at java.util.concurrent.CompletableFuture.timedGet(CompletableFuture.java:1771)
	at java.util.concurrent.CompletableFuture.get(CompletableFuture.java:1915)
	at org.apache.ratis.util.IOUtils.getFromFuture(IOUtils.java:79)
	... 4 more
2019-09-17 07:21:00,207 [8914721e-e6fd-428a-8274-c97b8de6844d@group-48638E47C87F-SegmentedRaftLogWorker] WARN  segmented.SegmentedRaftLogWorker (SegmentedRaftLogWorker.java:getFromFuture(90)) - Timeout 15/~
org.apache.ratis.protocol.TimeoutIOException: Timeout 10s: WriteLog:20: (t:1, i:20), STATEMACHINELOGENTRY, client-AF8003830DD9, cid=245-writeStateMachineData
	at org.apache.ratis.util.IOUtils.getFromFuture(IOUtils.java:87)
	at org.apache.ratis.server.raftlog.segmented.SegmentedRaftLogWorker$StateMachineDataPolicy.getFromFuture(SegmentedRaftLogWorker.java:87)
	at org.apache.ratis.server.raftlog.segmented.SegmentedRaftLogWorker$WriteLog.execute(SegmentedRaftLogWorker.java:477)
	at org.apache.ratis.server.raftlog.segmented.SegmentedRaftLogWorker.run(SegmentedRaftLogWorker.java:289)
	at java.lang.Thread.run(Thread.java:748)
Caused by: java.util.concurrent.TimeoutException
	at java.util.concurrent.CompletableFuture.timedGet(CompletableFuture.java:1771)
	at java.util.concurrent.CompletableFuture.get(CompletableFuture.java:1915)
	at org.apache.ratis.util.IOUtils.getFromFuture(IOUtils.java:79)
	... 4 more
2019-09-17 07:21:00,239 [783b8b0d-2e4b-4296-bbed-3f010e7af5dd@group-48638E47C87F-SegmentedRaftLogWorker] WARN  segmented.SegmentedRaftLogWorker (SegmentedRaftLogWorker.java:getFromFuture(90)) - Timeout 15/~
org.apache.ratis.protocol.TimeoutIOException: Timeout 10s: WriteLog:20: (t:1, i:20), STATEMACHINELOGENTRY, client-AF8003830DD9, cid=245-writeStateMachineData
	at org.apache.ratis.util.IOUtils.getFromFuture(IOUtils.java:87)
	at org.apache.ratis.server.raftlog.segmented.SegmentedRaftLogWorker$StateMachineDataPolicy.getFromFuture(SegmentedRaftLogWorker.java:87)
	at org.apache.ratis.server.raftlog.segmented.SegmentedRaftLogWorker$WriteLog.execute(SegmentedRaftLogWorker.java:477)
	at org.apache.ratis.server.raftlog.segmented.SegmentedRaftLogWorker.run(SegmentedRaftLogWorker.java:289)
	at java.lang.Thread.run(Thread.java:748)
Caused by: java.util.concurrent.TimeoutException
	at java.util.concurrent.CompletableFuture.timedGet(CompletableFuture.java:1771)
	at java.util.concurrent.CompletableFuture.get(CompletableFuture.java:1915)
	at org.apache.ratis.util.IOUtils.getFromFuture(IOUtils.java:79)
	... 4 more
2019-09-17 07:21:00,672 [org.apache.ratis.server.impl.LogAppender$AppenderDaemon$$Lambda$521/268088635@3fe09027] ERROR ratis.XceiverServerRatis (XceiverServerRatis.java:triggerPipelineClose(575)) - pipeline Action CLOSE  on pipeline PipelineID=7701c700-c295-448b-ae11-48638e47c87f.Reason : 783b8b0d-2e4b-4296-bbed-3f010e7af5dd has not seen follower/s 5d850b7b-f02e-4029-a6ce-7c22cb722049 for 160979ms 8914721e-e6fd-428a-8274-c97b8de6844d for 160979ms
2019-09-17 07:21:00,672 [org.apache.ratis.server.impl.LogAppender$AppenderDaemon$$Lambda$521/268088635@7e44e90f] ERROR ratis.XceiverServerRatis (XceiverServerRatis.java:triggerPipelineClose(575)) - pipeline Action CLOSE  on pipeline PipelineID=7701c700-c295-448b-ae11-48638e47c87f.Reason : 783b8b0d-2e4b-4296-bbed-3f010e7af5dd has not seen follower/s 5d850b7b-f02e-4029-a6ce-7c22cb722049 for 160979ms 8914721e-e6fd-428a-8274-c97b8de6844d for 160979ms
2019-09-17 07:21:01,062 [grpc-default-executor-6] INFO  client.GrpcClientProtocolClient (GrpcClientProtocolClient.java:onNext(264)) - client-AF8003830DD9->5d850b7b-f02e-4029-a6ce-7c22cb722049: receive RaftClientReply:client-AF8003830DD9->5d850b7b-f02e-4029-a6ce-7c22cb722049@group-48638E47C87F, cid=244, FAILED org.apache.ratis.protocol.NotLeaderException: Server 5d850b7b-f02e-4029-a6ce-7c22cb722049@group-48638E47C87F is not the leader 783b8b0d-2e4b-4296-bbed-3f010e7af5dd:192.168.157.246:43483, logIndex=0, commits[5d850b7b-f02e-4029-a6ce-7c22cb722049:c18, 783b8b0d-2e4b-4296-bbed-3f010e7af5dd:c18, 8914721e-e6fd-428a-8274-c97b8de6844d:c17]
2019-09-17 07:21:01,157 [EventQueue-PipelineActionsForPipelineActionHandler] ERROR pipeline.PipelineActionHandler (PipelineActionHandler.java:onMessage(60)) - Received pipeline action CLOSE for Pipeline[ Id: 7701c700-c295-448b-ae11-48638e47c87f, Nodes: 783b8b0d-2e4b-4296-bbed-3f010e7af5dd{ip: 192.168.157.246, host: pr-hdds-2016-n7825-135103490, networkLocation: /default-rack, certSerialId: null}8914721e-e6fd-428a-8274-c97b8de6844d{ip: 192.168.157.246, host: pr-hdds-2016-n7825-135103490, networkLocation: /default-rack, certSerialId: null}5d850b7b-f02e-4029-a6ce-7c22cb722049{ip: 192.168.157.246, host: pr-hdds-2016-n7825-135103490, networkLocation: /default-rack, certSerialId: null}, Type:RATIS, Factor:THREE, State:CLOSED] from datanode 783b8b0d-2e4b-4296-bbed-3f010e7af5dd{ip: 192.168.157.246, host: pr-hdds-2016-n7825-135103490, networkLocation: /default-rack, certSerialId: null}. Reason : 783b8b0d-2e4b-4296-bbed-3f010e7af5dd has not seen follower/s 5d850b7b-f02e-4029-a6ce-7c22cb722049 for 160979ms 8914721e-e6fd-428a-8274-c97b8de6844d for 160979ms
2019-09-17 07:21:01,157 [EventQueue-PipelineActionsForPipelineActionHandler] INFO  pipeline.SCMPipelineManager (SCMPipelineManager.java:finalizeAndDestroyPipeline(311)) - destroying pipeline:Pipeline[ Id: 7701c700-c295-448b-ae11-48638e47c87f, Nodes: 783b8b0d-2e4b-4296-bbed-3f010e7af5dd{ip: 192.168.157.246, host: pr-hdds-2016-n7825-135103490, networkLocation: /default-rack, certSerialId: null}8914721e-e6fd-428a-8274-c97b8de6844d{ip: 192.168.157.246, host: pr-hdds-2016-n7825-135103490, networkLocation: /default-rack, certSerialId: null}5d850b7b-f02e-4029-a6ce-7c22cb722049{ip: 192.168.157.246, host: pr-hdds-2016-n7825-135103490, networkLocation: /default-rack, certSerialId: null}, Type:RATIS, Factor:THREE, State:CLOSED]
2019-09-17 07:21:01,171 [java.util.concurrent.ThreadPoolExecutor$Worker@f0b1886[State = -1, empty queue]] WARN  server.GrpcLogAppender (GrpcLogAppender.java:timeoutAppendRequest(200)) - 783b8b0d-2e4b-4296-bbed-3f010e7af5dd@group-48638E47C87F->5d850b7b-f02e-4029-a6ce-7c22cb722049-GrpcLogAppender: appendEntries Timeout, request=783b8b0d-2e4b-4296-bbed-3f010e7af5dd->5d850b7b-f02e-4029-a6ce-7c22cb722049#89-t1, previous=(t:1, i:25), leaderCommit=18, initializing? false, entries: <empty>
2019-09-17 07:21:01,171 [java.util.concurrent.ThreadPoolExecutor$Worker@17e7de46[State = -1, empty queue]] WARN  server.GrpcLogAppender (GrpcLogAppender.java:timeoutAppendRequest(200)) - 783b8b0d-2e4b-4296-bbed-3f010e7af5dd@group-48638E47C87F->8914721e-e6fd-428a-8274-c97b8de6844d-GrpcLogAppender: appendEntries Timeout, request=783b8b0d-2e4b-4296-bbed-3f010e7af5dd->8914721e-e6fd-428a-8274-c97b8de6844d#89-t1, previous=(t:1, i:25), leaderCommit=18, initializing? false, entries: <empty>
2019-09-17 07:21:03,173 [org.apache.ratis.server.impl.LogAppender$AppenderDaemon$$Lambda$521/268088635@7e44e90f] ERROR ratis.XceiverServerRatis (XceiverServerRatis.java:triggerPipelineClose(575)) - pipeline Action CLOSE  on pipeline PipelineID=7701c700-c295-448b-ae11-48638e47c87f.Reason : 783b8b0d-2e4b-4296-bbed-3f010e7af5dd has not seen follower/s 5d850b7b-f02e-4029-a6ce-7c22cb722049 for 163479ms 8914721e-e6fd-428a-8274-c97b8de6844d for 163479ms
2019-09-17 07:21:03,173 [org.apache.ratis.server.impl.LogAppender$AppenderDaemon$$Lambda$521/268088635@3fe09027] ERROR ratis.XceiverServerRatis (XceiverServerRatis.java:triggerPipelineClose(575)) - pipeline Action CLOSE  on pipeline PipelineID=7701c700-c295-448b-ae11-48638e47c87f.Reason : 783b8b0d-2e4b-4296-bbed-3f010e7af5dd has not seen follower/s 5d850b7b-f02e-4029-a6ce-7c22cb722049 for 163479ms 8914721e-e6fd-428a-8274-c97b8de6844d for 163479ms
2019-09-17 07:21:03,672 [java.util.concurrent.ThreadPoolExecutor$Worker@17e7de46[State = -1, empty queue]] WARN  server.GrpcLogAppender (GrpcLogAppender.java:timeoutAppendRequest(200)) - 783b8b0d-2e4b-4296-bbed-3f010e7af5dd@group-48638E47C87F->8914721e-e6fd-428a-8274-c97b8de6844d-GrpcLogAppender: appendEntries Timeout, request=783b8b0d-2e4b-4296-bbed-3f010e7af5dd->8914721e-e6fd-428a-8274-c97b8de6844d#90-t1, previous=(t:1, i:25), leaderCommit=18, initializing? false, entries: <empty>
2019-09-17 07:21:03,672 [java.util.concurrent.ThreadPoolExecutor$Worker@f0b1886[State = -1, empty queue]] WARN  server.GrpcLogAppender (GrpcLogAppender.java:timeoutAppendRequest(200)) - 783b8b0d-2e4b-4296-bbed-3f010e7af5dd@group-48638E47C87F->5d850b7b-f02e-4029-a6ce-7c22cb722049-GrpcLogAppender: appendEntries Timeout, request=783b8b0d-2e4b-4296-bbed-3f010e7af5dd->5d850b7b-f02e-4029-a6ce-7c22cb722049#90-t1, previous=(t:1, i:25), leaderCommit=18, initializing? false, entries: <empty>
2019-09-17 07:21:04,157 [EventQueue-PipelineActionsForPipelineActionHandler] ERROR pipeline.PipelineActionHandler (PipelineActionHandler.java:onMessage(60)) - Received pipeline action CLOSE for Pipeline[ Id: 7701c700-c295-448b-ae11-48638e47c87f, Nodes: 783b8b0d-2e4b-4296-bbed-3f010e7af5dd{ip: 192.168.157.246, host: pr-hdds-2016-n7825-135103490, networkLocation: /default-rack, certSerialId: null}8914721e-e6fd-428a-8274-c97b8de6844d{ip: 192.168.157.246, host: pr-hdds-2016-n7825-135103490, networkLocation: /default-rack, certSerialId: null}5d850b7b-f02e-4029-a6ce-7c22cb722049{ip: 192.168.157.246, host: pr-hdds-2016-n7825-135103490, networkLocation: /default-rack, certSerialId: null}, Type:RATIS, Factor:THREE, State:CLOSED] from datanode 783b8b0d-2e4b-4296-bbed-3f010e7af5dd{ip: 192.168.157.246, host: pr-hdds-2016-n7825-135103490, networkLocation: /default-rack, certSerialId: null}. Reason : 783b8b0d-2e4b-4296-bbed-3f010e7af5dd has not seen follower/s 5d850b7b-f02e-4029-a6ce-7c22cb722049 for 163479ms 8914721e-e6fd-428a-8274-c97b8de6844d for 163479ms
2019-09-17 07:21:04,158 [EventQueue-PipelineActionsForPipelineActionHandler] INFO  pipeline.SCMPipelineManager (SCMPipelineManager.java:finalizeAndDestroyPipeline(311)) - destroying pipeline:Pipeline[ Id: 7701c700-c295-448b-ae11-48638e47c87f, Nodes: 783b8b0d-2e4b-4296-bbed-3f010e7af5dd{ip: 192.168.157.246, host: pr-hdds-2016-n7825-135103490, networkLocation: /default-rack, certSerialId: null}8914721e-e6fd-428a-8274-c97b8de6844d{ip: 192.168.157.246, host: pr-hdds-2016-n7825-135103490, networkLocation: /default-rack, certSerialId: null}5d850b7b-f02e-4029-a6ce-7c22cb722049{ip: 192.168.157.246, host: pr-hdds-2016-n7825-135103490, networkLocation: /default-rack, certSerialId: null}, Type:RATIS, Factor:THREE, State:CLOSED]
2019-09-17 07:21:05,674 [org.apache.ratis.server.impl.LogAppender$AppenderDaemon$$Lambda$521/268088635@3fe09027] ERROR ratis.XceiverServerRatis (XceiverServerRatis.java:triggerPipelineClose(575)) - pipeline Action CLOSE  on pipeline PipelineID=7701c700-c295-448b-ae11-48638e47c87f.Reason : 783b8b0d-2e4b-4296-bbed-3f010e7af5dd has not seen follower/s 5d850b7b-f02e-4029-a6ce-7c22cb722049 for 165980ms 8914721e-e6fd-428a-8274-c97b8de6844d for 165981ms
2019-09-17 07:21:05,674 [org.apache.ratis.server.impl.LogAppender$AppenderDaemon$$Lambda$521/268088635@7e44e90f] ERROR ratis.XceiverServerRatis (XceiverServerRatis.java:triggerPipelineClose(575)) - pipeline Action CLOSE  on pipeline PipelineID=7701c700-c295-448b-ae11-48638e47c87f.Reason : 783b8b0d-2e4b-4296-bbed-3f010e7af5dd has not seen follower/s 5d850b7b-f02e-4029-a6ce-7c22cb722049 for 165980ms 8914721e-e6fd-428a-8274-c97b8de6844d for 165981ms
2019-09-17 07:21:06,088 [grpc-default-executor-6] INFO  client.GrpcClientProtocolClient (GrpcClientProtocolClient.java:onNext(264)) - client-AF8003830DD9->8914721e-e6fd-428a-8274-c97b8de6844d: receive RaftClientReply:client-AF8003830DD9->8914721e-e6fd-428a-8274-c97b8de6844d@group-48638E47C87F, cid=244, FAILED org.apache.ratis.protocol.NotLeaderException: Server 8914721e-e6fd-428a-8274-c97b8de6844d@group-48638E47C87F is not the leader 783b8b0d-2e4b-4296-bbed-3f010e7af5dd:192.168.157.246:43483, logIndex=0, commits[8914721e-e6fd-428a-8274-c97b8de6844d:c18, 783b8b0d-2e4b-4296-bbed-3f010e7af5dd:c18, 5d850b7b-f02e-4029-a6ce-7c22cb722049:c17]
2019-09-17 07:21:06,158 [EventQueue-PipelineActionsForPipelineActionHandler] ERROR pipeline.PipelineActionHandler (PipelineActionHandler.java:onMessage(60)) - Received pipeline action CLOSE for Pipeline[ Id: 7701c700-c295-448b-ae11-48638e47c87f, Nodes: 783b8b0d-2e4b-4296-bbed-3f010e7af5dd{ip: 192.168.157.246, host: pr-hdds-2016-n7825-135103490, networkLocation: /default-rack, certSerialId: null}8914721e-e6fd-428a-8274-c97b8de6844d{ip: 192.168.157.246, host: pr-hdds-2016-n7825-135103490, networkLocation: /default-rack, certSerialId: null}5d850b7b-f02e-4029-a6ce-7c22cb722049{ip: 192.168.157.246, host: pr-hdds-2016-n7825-135103490, networkLocation: /default-rack, certSerialId: null}, Type:RATIS, Factor:THREE, State:CLOSED] from datanode 783b8b0d-2e4b-4296-bbed-3f010e7af5dd{ip: 192.168.157.246, host: pr-hdds-2016-n7825-135103490, networkLocation: /default-rack, certSerialId: null}. Reason : 783b8b0d-2e4b-4296-bbed-3f010e7af5dd has not seen follower/s 5d850b7b-f02e-4029-a6ce-7c22cb722049 for 165980ms 8914721e-e6fd-428a-8274-c97b8de6844d for 165981ms
2019-09-17 07:21:06,159 [EventQueue-PipelineActionsForPipelineActionHandler] INFO  pipeline.SCMPipelineManager (SCMPipelineManager.java:finalizeAndDestroyPipeline(311)) - destroying pipeline:Pipeline[ Id: 7701c700-c295-448b-ae11-48638e47c87f, Nodes: 783b8b0d-2e4b-4296-bbed-3f010e7af5dd{ip: 192.168.157.246, host: pr-hdds-2016-n7825-135103490, networkLocation: /default-rack, certSerialId: null}8914721e-e6fd-428a-8274-c97b8de6844d{ip: 192.168.157.246, host: pr-hdds-2016-n7825-135103490, networkLocation: /default-rack, certSerialId: null}5d850b7b-f02e-4029-a6ce-7c22cb722049{ip: 192.168.157.246, host: pr-hdds-2016-n7825-135103490, networkLocation: /default-rack, certSerialId: null}, Type:RATIS, Factor:THREE, State:CLOSED]
2019-09-17 07:21:06,173 [java.util.concurrent.ThreadPoolExecutor$Worker@f0b1886[State = -1, empty queue]] WARN  server.GrpcLogAppender (GrpcLogAppender.java:timeoutAppendRequest(200)) - 783b8b0d-2e4b-4296-bbed-3f010e7af5dd@group-48638E47C87F->5d850b7b-f02e-4029-a6ce-7c22cb722049-GrpcLogAppender: appendEntries Timeout, request=783b8b0d-2e4b-4296-bbed-3f010e7af5dd->5d850b7b-f02e-4029-a6ce-7c22cb722049#91-t1, previous=(t:1, i:25), leaderCommit=18, initializing? false, entries: <empty>
2019-09-17 07:21:06,173 [java.util.concurrent.ThreadPoolExecutor$Worker@17e7de46[State = -1, empty queue]] WARN  server.GrpcLogAppender (GrpcLogAppender.java:timeoutAppendRequest(200)) - 783b8b0d-2e4b-4296-bbed-3f010e7af5dd@group-48638E47C87F->8914721e-e6fd-428a-8274-c97b8de6844d-GrpcLogAppender: appendEntries Timeout, request=783b8b0d-2e4b-4296-bbed-3f010e7af5dd->8914721e-e6fd-428a-8274-c97b8de6844d#91-t1, previous=(t:1, i:25), leaderCommit=18, initializing? false, entries: <empty>
2019-09-17 07:21:08,174 [org.apache.ratis.server.impl.LogAppender$AppenderDaemon$$Lambda$521/268088635@7e44e90f] ERROR ratis.XceiverServerRatis (XceiverServerRatis.java:triggerPipelineClose(575)) - pipeline Action CLOSE  on pipeline PipelineID=7701c700-c295-448b-ae11-48638e47c87f.Reason : 783b8b0d-2e4b-4296-bbed-3f010e7af5dd has not seen follower/s 5d850b7b-f02e-4029-a6ce-7c22cb722049 for 168481ms 8914721e-e6fd-428a-8274-c97b8de6844d for 168481ms
2019-09-17 07:21:08,175 [org.apache.ratis.server.impl.LogAppender$AppenderDaemon$$Lambda$521/268088635@3fe09027] ERROR ratis.XceiverServerRatis (XceiverServerRatis.java:triggerPipelineClose(575)) - pipeline Action CLOSE  on pipeline PipelineID=7701c700-c295-448b-ae11-48638e47c87f.Reason : 783b8b0d-2e4b-4296-bbed-3f010e7af5dd has not seen follower/s 5d850b7b-f02e-4029-a6ce-7c22cb722049 for 168481ms 8914721e-e6fd-428a-8274-c97b8de6844d for 168481ms
2019-09-17 07:21:08,674 [java.util.concurrent.ThreadPoolExecutor$Worker@17e7de46[State = -1, empty queue]] WARN  server.GrpcLogAppender (GrpcLogAppender.java:timeoutAppendRequest(200)) - 783b8b0d-2e4b-4296-bbed-3f010e7af5dd@group-48638E47C87F->8914721e-e6fd-428a-8274-c97b8de6844d-GrpcLogAppender: appendEntries Timeout, request=783b8b0d-2e4b-4296-bbed-3f010e7af5dd->8914721e-e6fd-428a-8274-c97b8de6844d#92-t1, previous=(t:1, i:25), leaderCommit=18, initializing? false, entries: <empty>
2019-09-17 07:21:08,674 [java.util.concurrent.ThreadPoolExecutor$Worker@f0b1886[State = -1, empty queue]] WARN  server.GrpcLogAppender (GrpcLogAppender.java:timeoutAppendRequest(200)) - 783b8b0d-2e4b-4296-bbed-3f010e7af5dd@group-48638E47C87F->5d850b7b-f02e-4029-a6ce-7c22cb722049-GrpcLogAppender: appendEntries Timeout, request=783b8b0d-2e4b-4296-bbed-3f010e7af5dd->5d850b7b-f02e-4029-a6ce-7c22cb722049#92-t1, previous=(t:1, i:25), leaderCommit=18, initializing? false, entries: <empty>
2019-09-17 07:21:09,158 [EventQueue-PipelineActionsForPipelineActionHandler] ERROR pipeline.PipelineActionHandler (PipelineActionHandler.java:onMessage(60)) - Received pipeline action CLOSE for Pipeline[ Id: 7701c700-c295-448b-ae11-48638e47c87f, Nodes: 783b8b0d-2e4b-4296-bbed-3f010e7af5dd{ip: 192.168.157.246, host: pr-hdds-2016-n7825-135103490, networkLocation: /default-rack, certSerialId: null}8914721e-e6fd-428a-8274-c97b8de6844d{ip: 192.168.157.246, host: pr-hdds-2016-n7825-135103490, networkLocation: /default-rack, certSerialId: null}5d850b7b-f02e-4029-a6ce-7c22cb722049{ip: 192.168.157.246, host: pr-hdds-2016-n7825-135103490, networkLocation: /default-rack, certSerialId: null}, Type:RATIS, Factor:THREE, State:CLOSED] from datanode 783b8b0d-2e4b-4296-bbed-3f010e7af5dd{ip: 192.168.157.246, host: pr-hdds-2016-n7825-135103490, networkLocation: /default-rack, certSerialId: null}. Reason : 783b8b0d-2e4b-4296-bbed-3f010e7af5dd has not seen follower/s 5d850b7b-f02e-4029-a6ce-7c22cb722049 for 168481ms 8914721e-e6fd-428a-8274-c97b8de6844d for 168481ms
2019-09-17 07:21:09,159 [EventQueue-PipelineActionsForPipelineActionHandler] INFO  pipeline.SCMPipelineManager (SCMPipelineManager.java:finalizeAndDestroyPipeline(311)) - destroying pipeline:Pipeline[ Id: 7701c700-c295-448b-ae11-48638e47c87f, Nodes: 783b8b0d-2e4b-4296-bbed-3f010e7af5dd{ip: 192.168.157.246, host: pr-hdds-2016-n7825-135103490, networkLocation: /default-rack, certSerialId: null}8914721e-e6fd-428a-8274-c97b8de6844d{ip: 192.168.157.246, host: pr-hdds-2016-n7825-135103490, networkLocation: /default-rack, certSerialId: null}5d850b7b-f02e-4029-a6ce-7c22cb722049{ip: 192.168.157.246, host: pr-hdds-2016-n7825-135103490, networkLocation: /default-rack, certSerialId: null}, Type:RATIS, Factor:THREE, State:CLOSED]
2019-09-17 07:21:10,197 [5d850b7b-f02e-4029-a6ce-7c22cb722049@group-48638E47C87F-SegmentedRaftLogWorker] WARN  segmented.SegmentedRaftLogWorker (SegmentedRaftLogWorker.java:getFromFuture(90)) - Timeout 16/~
org.apache.ratis.protocol.TimeoutIOException: Timeout 10s: WriteLog:20: (t:1, i:20), STATEMACHINELOGENTRY, client-AF8003830DD9, cid=245-writeStateMachineData
	at org.apache.ratis.util.IOUtils.getFromFuture(IOUtils.java:87)
	at org.apache.ratis.server.raftlog.segmented.SegmentedRaftLogWorker$StateMachineDataPolicy.getFromFuture(SegmentedRaftLogWorker.java:87)
	at org.apache.ratis.server.raftlog.segmented.SegmentedRaftLogWorker$WriteLog.execute(SegmentedRaftLogWorker.java:477)
	at org.apache.ratis.server.raftlog.segmented.SegmentedRaftLogWorker.run(SegmentedRaftLogWorker.java:289)
	at java.lang.Thread.run(Thread.java:748)
Caused by: java.util.concurrent.TimeoutException
	at java.util.concurrent.CompletableFuture.timedGet(CompletableFuture.java:1771)
	at java.util.concurrent.CompletableFuture.get(CompletableFuture.java:1915)
	at org.apache.ratis.util.IOUtils.getFromFuture(IOUtils.java:79)
	... 4 more
2019-09-17 07:21:10,239 [8914721e-e6fd-428a-8274-c97b8de6844d@group-48638E47C87F-SegmentedRaftLogWorker] WARN  segmented.SegmentedRaftLogWorker (SegmentedRaftLogWorker.java:getFromFuture(90)) - Timeout 16/~
org.apache.ratis.protocol.TimeoutIOException: Timeout 10s: WriteLog:20: (t:1, i:20), STATEMACHINELOGENTRY, client-AF8003830DD9, cid=245-writeStateMachineData
	at org.apache.ratis.util.IOUtils.getFromFuture(IOUtils.java:87)
	at org.apache.ratis.server.raftlog.segmented.SegmentedRaftLogWorker$StateMachineDataPolicy.getFromFuture(SegmentedRaftLogWorker.java:87)
	at org.apache.ratis.server.raftlog.segmented.SegmentedRaftLogWorker$WriteLog.execute(SegmentedRaftLogWorker.java:477)
	at org.apache.ratis.server.raftlog.segmented.SegmentedRaftLogWorker.run(SegmentedRaftLogWorker.java:289)
	at java.lang.Thread.run(Thread.java:748)
Caused by: java.util.concurrent.TimeoutException
	at java.util.concurrent.CompletableFuture.timedGet(CompletableFuture.java:1771)
	at java.util.concurrent.CompletableFuture.get(CompletableFuture.java:1915)
	at org.apache.ratis.util.IOUtils.getFromFuture(IOUtils.java:79)
	... 4 more
2019-09-17 07:21:10,240 [783b8b0d-2e4b-4296-bbed-3f010e7af5dd@group-48638E47C87F-SegmentedRaftLogWorker] WARN  segmented.SegmentedRaftLogWorker (SegmentedRaftLogWorker.java:getFromFuture(90)) - Timeout 16/~
org.apache.ratis.protocol.TimeoutIOException: Timeout 10s: WriteLog:20: (t:1, i:20), STATEMACHINELOGENTRY, client-AF8003830DD9, cid=245-writeStateMachineData
	at org.apache.ratis.util.IOUtils.getFromFuture(IOUtils.java:87)
	at org.apache.ratis.server.raftlog.segmented.SegmentedRaftLogWorker$StateMachineDataPolicy.getFromFuture(SegmentedRaftLogWorker.java:87)
	at org.apache.ratis.server.raftlog.segmented.SegmentedRaftLogWorker$WriteLog.execute(SegmentedRaftLogWorker.java:477)
	at org.apache.ratis.server.raftlog.segmented.SegmentedRaftLogWorker.run(SegmentedRaftLogWorker.java:289)
	at java.lang.Thread.run(Thread.java:748)
Caused by: java.util.concurrent.TimeoutException
	at java.util.concurrent.CompletableFuture.timedGet(CompletableFuture.java:1771)
	at java.util.concurrent.CompletableFuture.get(CompletableFuture.java:1915)
	at org.apache.ratis.util.IOUtils.getFromFuture(IOUtils.java:79)
	... 4 more
2019-09-17 07:21:10,675 [org.apache.ratis.server.impl.LogAppender$AppenderDaemon$$Lambda$521/268088635@7e44e90f] ERROR ratis.XceiverServerRatis (XceiverServerRatis.java:triggerPipelineClose(575)) - pipeline Action CLOSE  on pipeline PipelineID=7701c700-c295-448b-ae11-48638e47c87f.Reason : 783b8b0d-2e4b-4296-bbed-3f010e7af5dd has not seen follower/s 5d850b7b-f02e-4029-a6ce-7c22cb722049 for 170982ms 8914721e-e6fd-428a-8274-c97b8de6844d for 170982ms
2019-09-17 07:21:10,675 [org.apache.ratis.server.impl.LogAppender$AppenderDaemon$$Lambda$521/268088635@3fe09027] ERROR ratis.XceiverServerRatis (XceiverServerRatis.java:triggerPipelineClose(575)) - pipeline Action CLOSE  on pipeline PipelineID=7701c700-c295-448b-ae11-48638e47c87f.Reason : 783b8b0d-2e4b-4296-bbed-3f010e7af5dd has not seen follower/s 5d850b7b-f02e-4029-a6ce-7c22cb722049 for 170982ms 8914721e-e6fd-428a-8274-c97b8de6844d for 170982ms
2019-09-17 07:21:11,115 [grpc-default-executor-6] INFO  client.GrpcClientProtocolClient (GrpcClientProtocolClient.java:onNext(264)) - client-AF8003830DD9->5d850b7b-f02e-4029-a6ce-7c22cb722049: receive RaftClientReply:client-AF8003830DD9->5d850b7b-f02e-4029-a6ce-7c22cb722049@group-48638E47C87F, cid=244, FAILED org.apache.ratis.protocol.NotLeaderException: Server 5d850b7b-f02e-4029-a6ce-7c22cb722049@group-48638E47C87F is not the leader 783b8b0d-2e4b-4296-bbed-3f010e7af5dd:192.168.157.246:43483, logIndex=0, commits[5d850b7b-f02e-4029-a6ce-7c22cb722049:c18, 783b8b0d-2e4b-4296-bbed-3f010e7af5dd:c18, 8914721e-e6fd-428a-8274-c97b8de6844d:c17]
2019-09-17 07:21:11,159 [EventQueue-PipelineActionsForPipelineActionHandler] ERROR pipeline.PipelineActionHandler (PipelineActionHandler.java:onMessage(60)) - Received pipeline action CLOSE for Pipeline[ Id: 7701c700-c295-448b-ae11-48638e47c87f, Nodes: 783b8b0d-2e4b-4296-bbed-3f010e7af5dd{ip: 192.168.157.246, host: pr-hdds-2016-n7825-135103490, networkLocation: /default-rack, certSerialId: null}8914721e-e6fd-428a-8274-c97b8de6844d{ip: 192.168.157.246, host: pr-hdds-2016-n7825-135103490, networkLocation: /default-rack, certSerialId: null}5d850b7b-f02e-4029-a6ce-7c22cb722049{ip: 192.168.157.246, host: pr-hdds-2016-n7825-135103490, networkLocation: /default-rack, certSerialId: null}, Type:RATIS, Factor:THREE, State:CLOSED] from datanode 783b8b0d-2e4b-4296-bbed-3f010e7af5dd{ip: 192.168.157.246, host: pr-hdds-2016-n7825-135103490, networkLocation: /default-rack, certSerialId: null}. Reason : 783b8b0d-2e4b-4296-bbed-3f010e7af5dd has not seen follower/s 5d850b7b-f02e-4029-a6ce-7c22cb722049 for 170982ms 8914721e-e6fd-428a-8274-c97b8de6844d for 170982ms
2019-09-17 07:21:11,159 [EventQueue-PipelineActionsForPipelineActionHandler] INFO  pipeline.SCMPipelineManager (SCMPipelineManager.java:finalizeAndDestroyPipeline(311)) - destroying pipeline:Pipeline[ Id: 7701c700-c295-448b-ae11-48638e47c87f, Nodes: 783b8b0d-2e4b-4296-bbed-3f010e7af5dd{ip: 192.168.157.246, host: pr-hdds-2016-n7825-135103490, networkLocation: /default-rack, certSerialId: null}8914721e-e6fd-428a-8274-c97b8de6844d{ip: 192.168.157.246, host: pr-hdds-2016-n7825-135103490, networkLocation: /default-rack, certSerialId: null}5d850b7b-f02e-4029-a6ce-7c22cb722049{ip: 192.168.157.246, host: pr-hdds-2016-n7825-135103490, networkLocation: /default-rack, certSerialId: null}, Type:RATIS, Factor:THREE, State:CLOSED]
2019-09-17 07:21:11,174 [java.util.concurrent.ThreadPoolExecutor$Worker@f0b1886[State = -1, empty queue]] WARN  server.GrpcLogAppender (GrpcLogAppender.java:timeoutAppendRequest(200)) - 783b8b0d-2e4b-4296-bbed-3f010e7af5dd@group-48638E47C87F->5d850b7b-f02e-4029-a6ce-7c22cb722049-GrpcLogAppender: appendEntries Timeout, request=783b8b0d-2e4b-4296-bbed-3f010e7af5dd->5d850b7b-f02e-4029-a6ce-7c22cb722049#93-t1, previous=(t:1, i:25), leaderCommit=18, initializing? false, entries: <empty>
2019-09-17 07:21:11,175 [java.util.concurrent.ThreadPoolExecutor$Worker@17e7de46[State = -1, empty queue]] WARN  server.GrpcLogAppender (GrpcLogAppender.java:timeoutAppendRequest(200)) - 783b8b0d-2e4b-4296-bbed-3f010e7af5dd@group-48638E47C87F->8914721e-e6fd-428a-8274-c97b8de6844d-GrpcLogAppender: appendEntries Timeout, request=783b8b0d-2e4b-4296-bbed-3f010e7af5dd->8914721e-e6fd-428a-8274-c97b8de6844d#93-t1, previous=(t:1, i:25), leaderCommit=18, initializing? false, entries: <empty>
2019-09-17 07:21:13,177 [org.apache.ratis.server.impl.LogAppender$AppenderDaemon$$Lambda$521/268088635@7e44e90f] ERROR ratis.XceiverServerRatis (XceiverServerRatis.java:triggerPipelineClose(575)) - pipeline Action CLOSE  on pipeline PipelineID=7701c700-c295-448b-ae11-48638e47c87f.Reason : 783b8b0d-2e4b-4296-bbed-3f010e7af5dd has not seen follower/s 5d850b7b-f02e-4029-a6ce-7c22cb722049 for 173483ms 8914721e-e6fd-428a-8274-c97b8de6844d for 173483ms
2019-09-17 07:21:13,177 [org.apache.ratis.server.impl.LogAppender$AppenderDaemon$$Lambda$521/268088635@3fe09027] ERROR ratis.XceiverServerRatis (XceiverServerRatis.java:triggerPipelineClose(575)) - pipeline Action CLOSE  on pipeline PipelineID=7701c700-c295-448b-ae11-48638e47c87f.Reason : 783b8b0d-2e4b-4296-bbed-3f010e7af5dd has not seen follower/s 5d850b7b-f02e-4029-a6ce-7c22cb722049 for 173483ms 8914721e-e6fd-428a-8274-c97b8de6844d for 173483ms
2019-09-17 07:21:13,676 [java.util.concurrent.ThreadPoolExecutor$Worker@f0b1886[State = -1, empty queue]] WARN  server.GrpcLogAppender (GrpcLogAppender.java:timeoutAppendRequest(200)) - 783b8b0d-2e4b-4296-bbed-3f010e7af5dd@group-48638E47C87F->5d850b7b-f02e-4029-a6ce-7c22cb722049-GrpcLogAppender: appendEntries Timeout, request=783b8b0d-2e4b-4296-bbed-3f010e7af5dd->5d850b7b-f02e-4029-a6ce-7c22cb722049#94-t1, previous=(t:1, i:25), leaderCommit=18, initializing? false, entries: <empty>
2019-09-17 07:21:13,676 [java.util.concurrent.ThreadPoolExecutor$Worker@17e7de46[State = -1, empty queue]] WARN  server.GrpcLogAppender (GrpcLogAppender.java:timeoutAppendRequest(200)) - 783b8b0d-2e4b-4296-bbed-3f010e7af5dd@group-48638E47C87F->8914721e-e6fd-428a-8274-c97b8de6844d-GrpcLogAppender: appendEntries Timeout, request=783b8b0d-2e4b-4296-bbed-3f010e7af5dd->8914721e-e6fd-428a-8274-c97b8de6844d#94-t1, previous=(t:1, i:25), leaderCommit=18, initializing? false, entries: <empty>
2019-09-17 07:21:14,160 [EventQueue-PipelineActionsForPipelineActionHandler] ERROR pipeline.PipelineActionHandler (PipelineActionHandler.java:onMessage(60)) - Received pipeline action CLOSE for Pipeline[ Id: 7701c700-c295-448b-ae11-48638e47c87f, Nodes: 783b8b0d-2e4b-4296-bbed-3f010e7af5dd{ip: 192.168.157.246, host: pr-hdds-2016-n7825-135103490, networkLocation: /default-rack, certSerialId: null}8914721e-e6fd-428a-8274-c97b8de6844d{ip: 192.168.157.246, host: pr-hdds-2016-n7825-135103490, networkLocation: /default-rack, certSerialId: null}5d850b7b-f02e-4029-a6ce-7c22cb722049{ip: 192.168.157.246, host: pr-hdds-2016-n7825-135103490, networkLocation: /default-rack, certSerialId: null}, Type:RATIS, Factor:THREE, State:CLOSED] from datanode 783b8b0d-2e4b-4296-bbed-3f010e7af5dd{ip: 192.168.157.246, host: pr-hdds-2016-n7825-135103490, networkLocation: /default-rack, certSerialId: null}. Reason : 783b8b0d-2e4b-4296-bbed-3f010e7af5dd has not seen follower/s 5d850b7b-f02e-4029-a6ce-7c22cb722049 for 173483ms 8914721e-e6fd-428a-8274-c97b8de6844d for 173483ms
2019-09-17 07:21:14,160 [EventQueue-PipelineActionsForPipelineActionHandler] INFO  pipeline.SCMPipelineManager (SCMPipelineManager.java:finalizeAndDestroyPipeline(311)) - destroying pipeline:Pipeline[ Id: 7701c700-c295-448b-ae11-48638e47c87f, Nodes: 783b8b0d-2e4b-4296-bbed-3f010e7af5dd{ip: 192.168.157.246, host: pr-hdds-2016-n7825-135103490, networkLocation: /default-rack, certSerialId: null}8914721e-e6fd-428a-8274-c97b8de6844d{ip: 192.168.157.246, host: pr-hdds-2016-n7825-135103490, networkLocation: /default-rack, certSerialId: null}5d850b7b-f02e-4029-a6ce-7c22cb722049{ip: 192.168.157.246, host: pr-hdds-2016-n7825-135103490, networkLocation: /default-rack, certSerialId: null}, Type:RATIS, Factor:THREE, State:CLOSED]
2019-09-17 07:21:15,678 [org.apache.ratis.server.impl.LogAppender$AppenderDaemon$$Lambda$521/268088635@3fe09027] ERROR ratis.XceiverServerRatis (XceiverServerRatis.java:triggerPipelineClose(575)) - pipeline Action CLOSE  on pipeline PipelineID=7701c700-c295-448b-ae11-48638e47c87f.Reason : 783b8b0d-2e4b-4296-bbed-3f010e7af5dd has not seen follower/s 5d850b7b-f02e-4029-a6ce-7c22cb722049 for 175984ms 8914721e-e6fd-428a-8274-c97b8de6844d for 175984ms
2019-09-17 07:21:15,678 [org.apache.ratis.server.impl.LogAppender$AppenderDaemon$$Lambda$521/268088635@7e44e90f] ERROR ratis.XceiverServerRatis (XceiverServerRatis.java:triggerPipelineClose(575)) - pipeline Action CLOSE  on pipeline PipelineID=7701c700-c295-448b-ae11-48638e47c87f.Reason : 783b8b0d-2e4b-4296-bbed-3f010e7af5dd has not seen follower/s 5d850b7b-f02e-4029-a6ce-7c22cb722049 for 175984ms 8914721e-e6fd-428a-8274-c97b8de6844d for 175984ms
2019-09-17 07:21:16,162 [EventQueue-PipelineActionsForPipelineActionHandler] ERROR pipeline.PipelineActionHandler (PipelineActionHandler.java:onMessage(60)) - Received pipeline action CLOSE for Pipeline[ Id: 7701c700-c295-448b-ae11-48638e47c87f, Nodes: 783b8b0d-2e4b-4296-bbed-3f010e7af5dd{ip: 192.168.157.246, host: pr-hdds-2016-n7825-135103490, networkLocation: /default-rack, certSerialId: null}8914721e-e6fd-428a-8274-c97b8de6844d{ip: 192.168.157.246, host: pr-hdds-2016-n7825-135103490, networkLocation: /default-rack, certSerialId: null}5d850b7b-f02e-4029-a6ce-7c22cb722049{ip: 192.168.157.246, host: pr-hdds-2016-n7825-135103490, networkLocation: /default-rack, certSerialId: null}, Type:RATIS, Factor:THREE, State:CLOSED] from datanode 783b8b0d-2e4b-4296-bbed-3f010e7af5dd{ip: 192.168.157.246, host: pr-hdds-2016-n7825-135103490, networkLocation: /default-rack, certSerialId: null}. Reason : 783b8b0d-2e4b-4296-bbed-3f010e7af5dd has not seen follower/s 5d850b7b-f02e-4029-a6ce-7c22cb722049 for 175984ms 8914721e-e6fd-428a-8274-c97b8de6844d for 175984ms
2019-09-17 07:21:16,164 [EventQueue-PipelineActionsForPipelineActionHandler] INFO  pipeline.SCMPipelineManager (SCMPipelineManager.java:finalizeAndDestroyPipeline(311)) - destroying pipeline:Pipeline[ Id: 7701c700-c295-448b-ae11-48638e47c87f, Nodes: 783b8b0d-2e4b-4296-bbed-3f010e7af5dd{ip: 192.168.157.246, host: pr-hdds-2016-n7825-135103490, networkLocation: /default-rack, certSerialId: null}8914721e-e6fd-428a-8274-c97b8de6844d{ip: 192.168.157.246, host: pr-hdds-2016-n7825-135103490, networkLocation: /default-rack, certSerialId: null}5d850b7b-f02e-4029-a6ce-7c22cb722049{ip: 192.168.157.246, host: pr-hdds-2016-n7825-135103490, networkLocation: /default-rack, certSerialId: null}, Type:RATIS, Factor:THREE, State:CLOSED]
2019-09-17 07:21:16,165 [grpc-default-executor-9] INFO  client.GrpcClientProtocolClient (GrpcClientProtocolClient.java:onNext(264)) - client-AF8003830DD9->8914721e-e6fd-428a-8274-c97b8de6844d: receive RaftClientReply:client-AF8003830DD9->8914721e-e6fd-428a-8274-c97b8de6844d@group-48638E47C87F, cid=244, FAILED org.apache.ratis.protocol.NotLeaderException: Server 8914721e-e6fd-428a-8274-c97b8de6844d@group-48638E47C87F is not the leader 783b8b0d-2e4b-4296-bbed-3f010e7af5dd:192.168.157.246:43483, logIndex=0, commits[8914721e-e6fd-428a-8274-c97b8de6844d:c18, 783b8b0d-2e4b-4296-bbed-3f010e7af5dd:c18, 5d850b7b-f02e-4029-a6ce-7c22cb722049:c17]
2019-09-17 07:21:16,176 [java.util.concurrent.ThreadPoolExecutor$Worker@f0b1886[State = -1, empty queue]] WARN  server.GrpcLogAppender (GrpcLogAppender.java:timeoutAppendRequest(200)) - 783b8b0d-2e4b-4296-bbed-3f010e7af5dd@group-48638E47C87F->5d850b7b-f02e-4029-a6ce-7c22cb722049-GrpcLogAppender: appendEntries Timeout, request=783b8b0d-2e4b-4296-bbed-3f010e7af5dd->5d850b7b-f02e-4029-a6ce-7c22cb722049#95-t1, previous=(t:1, i:25), leaderCommit=18, initializing? false, entries: <empty>
2019-09-17 07:21:16,177 [java.util.concurrent.ThreadPoolExecutor$Worker@17e7de46[State = -1, empty queue]] WARN  server.GrpcLogAppender (GrpcLogAppender.java:timeoutAppendRequest(200)) - 783b8b0d-2e4b-4296-bbed-3f010e7af5dd@group-48638E47C87F->8914721e-e6fd-428a-8274-c97b8de6844d-GrpcLogAppender: appendEntries Timeout, request=783b8b0d-2e4b-4296-bbed-3f010e7af5dd->8914721e-e6fd-428a-8274-c97b8de6844d#95-t1, previous=(t:1, i:25), leaderCommit=18, initializing? false, entries: <empty>
2019-09-17 07:21:18,179 [org.apache.ratis.server.impl.LogAppender$AppenderDaemon$$Lambda$521/268088635@3fe09027] ERROR ratis.XceiverServerRatis (XceiverServerRatis.java:triggerPipelineClose(575)) - pipeline Action CLOSE  on pipeline PipelineID=7701c700-c295-448b-ae11-48638e47c87f.Reason : 783b8b0d-2e4b-4296-bbed-3f010e7af5dd has not seen follower/s 5d850b7b-f02e-4029-a6ce-7c22cb722049 for 178486ms 8914721e-e6fd-428a-8274-c97b8de6844d for 178486ms
2019-09-17 07:21:18,179 [org.apache.ratis.server.impl.LogAppender$AppenderDaemon$$Lambda$521/268088635@7e44e90f] ERROR ratis.XceiverServerRatis (XceiverServerRatis.java:triggerPipelineClose(575)) - pipeline Action CLOSE  on pipeline PipelineID=7701c700-c295-448b-ae11-48638e47c87f.Reason : 783b8b0d-2e4b-4296-bbed-3f010e7af5dd has not seen follower/s 5d850b7b-f02e-4029-a6ce-7c22cb722049 for 178486ms 8914721e-e6fd-428a-8274-c97b8de6844d for 178486ms
2019-09-17 07:21:18,678 [java.util.concurrent.ThreadPoolExecutor$Worker@17e7de46[State = -1, empty queue]] WARN  server.GrpcLogAppender (GrpcLogAppender.java:timeoutAppendRequest(200)) - 783b8b0d-2e4b-4296-bbed-3f010e7af5dd@group-48638E47C87F->8914721e-e6fd-428a-8274-c97b8de6844d-GrpcLogAppender: appendEntries Timeout, request=783b8b0d-2e4b-4296-bbed-3f010e7af5dd->8914721e-e6fd-428a-8274-c97b8de6844d#96-t1, previous=(t:1, i:25), leaderCommit=18, initializing? false, entries: <empty>
2019-09-17 07:21:18,678 [java.util.concurrent.ThreadPoolExecutor$Worker@f0b1886[State = -1, empty queue]] WARN  server.GrpcLogAppender (GrpcLogAppender.java:timeoutAppendRequest(200)) - 783b8b0d-2e4b-4296-bbed-3f010e7af5dd@group-48638E47C87F->5d850b7b-f02e-4029-a6ce-7c22cb722049-GrpcLogAppender: appendEntries Timeout, request=783b8b0d-2e4b-4296-bbed-3f010e7af5dd->5d850b7b-f02e-4029-a6ce-7c22cb722049#96-t1, previous=(t:1, i:25), leaderCommit=18, initializing? false, entries: <empty>
2019-09-17 07:21:19,159 [EventQueue-PipelineActionsForPipelineActionHandler] ERROR pipeline.PipelineActionHandler (PipelineActionHandler.java:onMessage(60)) - Received pipeline action CLOSE for Pipeline[ Id: 7701c700-c295-448b-ae11-48638e47c87f, Nodes: 783b8b0d-2e4b-4296-bbed-3f010e7af5dd{ip: 192.168.157.246, host: pr-hdds-2016-n7825-135103490, networkLocation: /default-rack, certSerialId: null}8914721e-e6fd-428a-8274-c97b8de6844d{ip: 192.168.157.246, host: pr-hdds-2016-n7825-135103490, networkLocation: /default-rack, certSerialId: null}5d850b7b-f02e-4029-a6ce-7c22cb722049{ip: 192.168.157.246, host: pr-hdds-2016-n7825-135103490, networkLocation: /default-rack, certSerialId: null}, Type:RATIS, Factor:THREE, State:CLOSED] from datanode 783b8b0d-2e4b-4296-bbed-3f010e7af5dd{ip: 192.168.157.246, host: pr-hdds-2016-n7825-135103490, networkLocation: /default-rack, certSerialId: null}. Reason : 783b8b0d-2e4b-4296-bbed-3f010e7af5dd has not seen follower/s 5d850b7b-f02e-4029-a6ce-7c22cb722049 for 178486ms 8914721e-e6fd-428a-8274-c97b8de6844d for 178486ms
2019-09-17 07:21:19,159 [EventQueue-PipelineActionsForPipelineActionHandler] INFO  pipeline.SCMPipelineManager (SCMPipelineManager.java:finalizeAndDestroyPipeline(311)) - destroying pipeline:Pipeline[ Id: 7701c700-c295-448b-ae11-48638e47c87f, Nodes: 783b8b0d-2e4b-4296-bbed-3f010e7af5dd{ip: 192.168.157.246, host: pr-hdds-2016-n7825-135103490, networkLocation: /default-rack, certSerialId: null}8914721e-e6fd-428a-8274-c97b8de6844d{ip: 192.168.157.246, host: pr-hdds-2016-n7825-135103490, networkLocation: /default-rack, certSerialId: null}5d850b7b-f02e-4029-a6ce-7c22cb722049{ip: 192.168.157.246, host: pr-hdds-2016-n7825-135103490, networkLocation: /default-rack, certSerialId: null}, Type:RATIS, Factor:THREE, State:CLOSED]
2019-09-17 07:21:20,199 [5d850b7b-f02e-4029-a6ce-7c22cb722049@group-48638E47C87F-SegmentedRaftLogWorker] WARN  segmented.SegmentedRaftLogWorker (SegmentedRaftLogWorker.java:getFromFuture(90)) - Timeout 17/~
org.apache.ratis.protocol.TimeoutIOException: Timeout 10s: WriteLog:20: (t:1, i:20), STATEMACHINELOGENTRY, client-AF8003830DD9, cid=245-writeStateMachineData
	at org.apache.ratis.util.IOUtils.getFromFuture(IOUtils.java:87)
	at org.apache.ratis.server.raftlog.segmented.SegmentedRaftLogWorker$StateMachineDataPolicy.getFromFuture(SegmentedRaftLogWorker.java:87)
	at org.apache.ratis.server.raftlog.segmented.SegmentedRaftLogWorker$WriteLog.execute(SegmentedRaftLogWorker.java:477)
	at org.apache.ratis.server.raftlog.segmented.SegmentedRaftLogWorker.run(SegmentedRaftLogWorker.java:289)
	at java.lang.Thread.run(Thread.java:748)
Caused by: java.util.concurrent.TimeoutException
	at java.util.concurrent.CompletableFuture.timedGet(CompletableFuture.java:1771)
	at java.util.concurrent.CompletableFuture.get(CompletableFuture.java:1915)
	at org.apache.ratis.util.IOUtils.getFromFuture(IOUtils.java:79)
	... 4 more
2019-09-17 07:21:20,240 [8914721e-e6fd-428a-8274-c97b8de6844d@group-48638E47C87F-SegmentedRaftLogWorker] WARN  segmented.SegmentedRaftLogWorker (SegmentedRaftLogWorker.java:getFromFuture(90)) - Timeout 17/~
org.apache.ratis.protocol.TimeoutIOException: Timeout 10s: WriteLog:20: (t:1, i:20), STATEMACHINELOGENTRY, client-AF8003830DD9, cid=245-writeStateMachineData
	at org.apache.ratis.util.IOUtils.getFromFuture(IOUtils.java:87)
	at org.apache.ratis.server.raftlog.segmented.SegmentedRaftLogWorker$StateMachineDataPolicy.getFromFuture(SegmentedRaftLogWorker.java:87)
	at org.apache.ratis.server.raftlog.segmented.SegmentedRaftLogWorker$WriteLog.execute(SegmentedRaftLogWorker.java:477)
	at org.apache.ratis.server.raftlog.segmented.SegmentedRaftLogWorker.run(SegmentedRaftLogWorker.java:289)
	at java.lang.Thread.run(Thread.java:748)
Caused by: java.util.concurrent.TimeoutException
	at java.util.concurrent.CompletableFuture.timedGet(CompletableFuture.java:1771)
	at java.util.concurrent.CompletableFuture.get(CompletableFuture.java:1915)
	at org.apache.ratis.util.IOUtils.getFromFuture(IOUtils.java:79)
	... 4 more
2019-09-17 07:21:20,241 [783b8b0d-2e4b-4296-bbed-3f010e7af5dd@group-48638E47C87F-SegmentedRaftLogWorker] WARN  segmented.SegmentedRaftLogWorker (SegmentedRaftLogWorker.java:getFromFuture(90)) - Timeout 17/~
org.apache.ratis.protocol.TimeoutIOException: Timeout 10s: WriteLog:20: (t:1, i:20), STATEMACHINELOGENTRY, client-AF8003830DD9, cid=245-writeStateMachineData
	at org.apache.ratis.util.IOUtils.getFromFuture(IOUtils.java:87)
	at org.apache.ratis.server.raftlog.segmented.SegmentedRaftLogWorker$StateMachineDataPolicy.getFromFuture(SegmentedRaftLogWorker.java:87)
	at org.apache.ratis.server.raftlog.segmented.SegmentedRaftLogWorker$WriteLog.execute(SegmentedRaftLogWorker.java:477)
	at org.apache.ratis.server.raftlog.segmented.SegmentedRaftLogWorker.run(SegmentedRaftLogWorker.java:289)
	at java.lang.Thread.run(Thread.java:748)
Caused by: java.util.concurrent.TimeoutException
	at java.util.concurrent.CompletableFuture.timedGet(CompletableFuture.java:1771)
	at java.util.concurrent.CompletableFuture.get(CompletableFuture.java:1915)
	at org.apache.ratis.util.IOUtils.getFromFuture(IOUtils.java:79)
	... 4 more
2019-09-17 07:21:20,680 [org.apache.ratis.server.impl.LogAppender$AppenderDaemon$$Lambda$521/268088635@7e44e90f] ERROR ratis.XceiverServerRatis (XceiverServerRatis.java:triggerPipelineClose(575)) - pipeline Action CLOSE  on pipeline PipelineID=7701c700-c295-448b-ae11-48638e47c87f.Reason : 783b8b0d-2e4b-4296-bbed-3f010e7af5dd has not seen follower/s 5d850b7b-f02e-4029-a6ce-7c22cb722049 for 180986ms 8914721e-e6fd-428a-8274-c97b8de6844d for 180986ms
2019-09-17 07:21:20,680 [org.apache.ratis.server.impl.LogAppender$AppenderDaemon$$Lambda$521/268088635@3fe09027] ERROR ratis.XceiverServerRatis (XceiverServerRatis.java:triggerPipelineClose(575)) - pipeline Action CLOSE  on pipeline PipelineID=7701c700-c295-448b-ae11-48638e47c87f.Reason : 783b8b0d-2e4b-4296-bbed-3f010e7af5dd has not seen follower/s 5d850b7b-f02e-4029-a6ce-7c22cb722049 for 180987ms 8914721e-e6fd-428a-8274-c97b8de6844d for 180987ms
2019-09-17 07:21:21,159 [EventQueue-PipelineActionsForPipelineActionHandler] ERROR pipeline.PipelineActionHandler (PipelineActionHandler.java:onMessage(60)) - Received pipeline action CLOSE for Pipeline[ Id: 7701c700-c295-448b-ae11-48638e47c87f, Nodes: 783b8b0d-2e4b-4296-bbed-3f010e7af5dd{ip: 192.168.157.246, host: pr-hdds-2016-n7825-135103490, networkLocation: /default-rack, certSerialId: null}8914721e-e6fd-428a-8274-c97b8de6844d{ip: 192.168.157.246, host: pr-hdds-2016-n7825-135103490, networkLocation: /default-rack, certSerialId: null}5d850b7b-f02e-4029-a6ce-7c22cb722049{ip: 192.168.157.246, host: pr-hdds-2016-n7825-135103490, networkLocation: /default-rack, certSerialId: null}, Type:RATIS, Factor:THREE, State:CLOSED] from datanode 783b8b0d-2e4b-4296-bbed-3f010e7af5dd{ip: 192.168.157.246, host: pr-hdds-2016-n7825-135103490, networkLocation: /default-rack, certSerialId: null}. Reason : 783b8b0d-2e4b-4296-bbed-3f010e7af5dd has not seen follower/s 5d850b7b-f02e-4029-a6ce-7c22cb722049 for 180986ms 8914721e-e6fd-428a-8274-c97b8de6844d for 180986ms
2019-09-17 07:21:21,160 [EventQueue-PipelineActionsForPipelineActionHandler] INFO  pipeline.SCMPipelineManager (SCMPipelineManager.java:finalizeAndDestroyPipeline(311)) - destroying pipeline:Pipeline[ Id: 7701c700-c295-448b-ae11-48638e47c87f, Nodes: 783b8b0d-2e4b-4296-bbed-3f010e7af5dd{ip: 192.168.157.246, host: pr-hdds-2016-n7825-135103490, networkLocation: /default-rack, certSerialId: null}8914721e-e6fd-428a-8274-c97b8de6844d{ip: 192.168.157.246, host: pr-hdds-2016-n7825-135103490, networkLocation: /default-rack, certSerialId: null}5d850b7b-f02e-4029-a6ce-7c22cb722049{ip: 192.168.157.246, host: pr-hdds-2016-n7825-135103490, networkLocation: /default-rack, certSerialId: null}, Type:RATIS, Factor:THREE, State:CLOSED]
2019-09-17 07:21:21,179 [java.util.concurrent.ThreadPoolExecutor$Worker@f0b1886[State = -1, empty queue]] WARN  server.GrpcLogAppender (GrpcLogAppender.java:timeoutAppendRequest(200)) - 783b8b0d-2e4b-4296-bbed-3f010e7af5dd@group-48638E47C87F->5d850b7b-f02e-4029-a6ce-7c22cb722049-GrpcLogAppender: appendEntries Timeout, request=783b8b0d-2e4b-4296-bbed-3f010e7af5dd->5d850b7b-f02e-4029-a6ce-7c22cb722049#97-t1, previous=(t:1, i:25), leaderCommit=18, initializing? false, entries: <empty>
2019-09-17 07:21:21,179 [java.util.concurrent.ThreadPoolExecutor$Worker@17e7de46[State = -1, empty queue]] WARN  server.GrpcLogAppender (GrpcLogAppender.java:timeoutAppendRequest(200)) - 783b8b0d-2e4b-4296-bbed-3f010e7af5dd@group-48638E47C87F->8914721e-e6fd-428a-8274-c97b8de6844d-GrpcLogAppender: appendEntries Timeout, request=783b8b0d-2e4b-4296-bbed-3f010e7af5dd->8914721e-e6fd-428a-8274-c97b8de6844d#97-t1, previous=(t:1, i:25), leaderCommit=18, initializing? false, entries: <empty>
2019-09-17 07:21:21,199 [grpc-default-executor-9] INFO  client.GrpcClientProtocolClient (GrpcClientProtocolClient.java:onNext(264)) - client-AF8003830DD9->5d850b7b-f02e-4029-a6ce-7c22cb722049: receive RaftClientReply:client-AF8003830DD9->5d850b7b-f02e-4029-a6ce-7c22cb722049@group-48638E47C87F, cid=244, FAILED org.apache.ratis.protocol.NotLeaderException: Server 5d850b7b-f02e-4029-a6ce-7c22cb722049@group-48638E47C87F is not the leader 783b8b0d-2e4b-4296-bbed-3f010e7af5dd:192.168.157.246:43483, logIndex=0, commits[5d850b7b-f02e-4029-a6ce-7c22cb722049:c18, 783b8b0d-2e4b-4296-bbed-3f010e7af5dd:c18, 8914721e-e6fd-428a-8274-c97b8de6844d:c17]
2019-09-17 07:21:23,181 [org.apache.ratis.server.impl.LogAppender$AppenderDaemon$$Lambda$521/268088635@7e44e90f] ERROR ratis.XceiverServerRatis (XceiverServerRatis.java:triggerPipelineClose(575)) - pipeline Action CLOSE  on pipeline PipelineID=7701c700-c295-448b-ae11-48638e47c87f.Reason : 783b8b0d-2e4b-4296-bbed-3f010e7af5dd has not seen follower/s 5d850b7b-f02e-4029-a6ce-7c22cb722049 for 183487ms 8914721e-e6fd-428a-8274-c97b8de6844d for 183487ms
2019-09-17 07:21:23,181 [org.apache.ratis.server.impl.LogAppender$AppenderDaemon$$Lambda$521/268088635@3fe09027] ERROR ratis.XceiverServerRatis (XceiverServerRatis.java:triggerPipelineClose(575)) - pipeline Action CLOSE  on pipeline PipelineID=7701c700-c295-448b-ae11-48638e47c87f.Reason : 783b8b0d-2e4b-4296-bbed-3f010e7af5dd has not seen follower/s 5d850b7b-f02e-4029-a6ce-7c22cb722049 for 183488ms 8914721e-e6fd-428a-8274-c97b8de6844d for 183488ms
2019-09-17 07:21:23,680 [java.util.concurrent.ThreadPoolExecutor$Worker@f0b1886[State = -1, empty queue]] WARN  server.GrpcLogAppender (GrpcLogAppender.java:timeoutAppendRequest(200)) - 783b8b0d-2e4b-4296-bbed-3f010e7af5dd@group-48638E47C87F->5d850b7b-f02e-4029-a6ce-7c22cb722049-GrpcLogAppender: appendEntries Timeout, request=783b8b0d-2e4b-4296-bbed-3f010e7af5dd->5d850b7b-f02e-4029-a6ce-7c22cb722049#98-t1, previous=(t:1, i:25), leaderCommit=18, initializing? false, entries: <empty>
2019-09-17 07:21:23,680 [java.util.concurrent.ThreadPoolExecutor$Worker@17e7de46[State = -1, empty queue]] WARN  server.GrpcLogAppender (GrpcLogAppender.java:timeoutAppendRequest(200)) - 783b8b0d-2e4b-4296-bbed-3f010e7af5dd@group-48638E47C87F->8914721e-e6fd-428a-8274-c97b8de6844d-GrpcLogAppender: appendEntries Timeout, request=783b8b0d-2e4b-4296-bbed-3f010e7af5dd->8914721e-e6fd-428a-8274-c97b8de6844d#98-t1, previous=(t:1, i:25), leaderCommit=18, initializing? false, entries: <empty>
2019-09-17 07:21:24,160 [EventQueue-PipelineActionsForPipelineActionHandler] ERROR pipeline.PipelineActionHandler (PipelineActionHandler.java:onMessage(60)) - Received pipeline action CLOSE for Pipeline[ Id: 7701c700-c295-448b-ae11-48638e47c87f, Nodes: 783b8b0d-2e4b-4296-bbed-3f010e7af5dd{ip: 192.168.157.246, host: pr-hdds-2016-n7825-135103490, networkLocation: /default-rack, certSerialId: null}8914721e-e6fd-428a-8274-c97b8de6844d{ip: 192.168.157.246, host: pr-hdds-2016-n7825-135103490, networkLocation: /default-rack, certSerialId: null}5d850b7b-f02e-4029-a6ce-7c22cb722049{ip: 192.168.157.246, host: pr-hdds-2016-n7825-135103490, networkLocation: /default-rack, certSerialId: null}, Type:RATIS, Factor:THREE, State:CLOSED] from datanode 783b8b0d-2e4b-4296-bbed-3f010e7af5dd{ip: 192.168.157.246, host: pr-hdds-2016-n7825-135103490, networkLocation: /default-rack, certSerialId: null}. Reason : 783b8b0d-2e4b-4296-bbed-3f010e7af5dd has not seen follower/s 5d850b7b-f02e-4029-a6ce-7c22cb722049 for 183487ms 8914721e-e6fd-428a-8274-c97b8de6844d for 183487ms
2019-09-17 07:21:24,161 [EventQueue-PipelineActionsForPipelineActionHandler] INFO  pipeline.SCMPipelineManager (SCMPipelineManager.java:finalizeAndDestroyPipeline(311)) - destroying pipeline:Pipeline[ Id: 7701c700-c295-448b-ae11-48638e47c87f, Nodes: 783b8b0d-2e4b-4296-bbed-3f010e7af5dd{ip: 192.168.157.246, host: pr-hdds-2016-n7825-135103490, networkLocation: /default-rack, certSerialId: null}8914721e-e6fd-428a-8274-c97b8de6844d{ip: 192.168.157.246, host: pr-hdds-2016-n7825-135103490, networkLocation: /default-rack, certSerialId: null}5d850b7b-f02e-4029-a6ce-7c22cb722049{ip: 192.168.157.246, host: pr-hdds-2016-n7825-135103490, networkLocation: /default-rack, certSerialId: null}, Type:RATIS, Factor:THREE, State:CLOSED]
2019-09-17 07:21:25,682 [org.apache.ratis.server.impl.LogAppender$AppenderDaemon$$Lambda$521/268088635@7e44e90f] ERROR ratis.XceiverServerRatis (XceiverServerRatis.java:triggerPipelineClose(575)) - pipeline Action CLOSE  on pipeline PipelineID=7701c700-c295-448b-ae11-48638e47c87f.Reason : 783b8b0d-2e4b-4296-bbed-3f010e7af5dd has not seen follower/s 5d850b7b-f02e-4029-a6ce-7c22cb722049 for 185988ms 8914721e-e6fd-428a-8274-c97b8de6844d for 185988ms
2019-09-17 07:21:25,682 [org.apache.ratis.server.impl.LogAppender$AppenderDaemon$$Lambda$521/268088635@3fe09027] ERROR ratis.XceiverServerRatis (XceiverServerRatis.java:triggerPipelineClose(575)) - pipeline Action CLOSE  on pipeline PipelineID=7701c700-c295-448b-ae11-48638e47c87f.Reason : 783b8b0d-2e4b-4296-bbed-3f010e7af5dd has not seen follower/s 5d850b7b-f02e-4029-a6ce-7c22cb722049 for 185988ms 8914721e-e6fd-428a-8274-c97b8de6844d for 185989ms
2019-09-17 07:21:26,160 [EventQueue-PipelineActionsForPipelineActionHandler] ERROR pipeline.PipelineActionHandler (PipelineActionHandler.java:onMessage(60)) - Received pipeline action CLOSE for Pipeline[ Id: 7701c700-c295-448b-ae11-48638e47c87f, Nodes: 783b8b0d-2e4b-4296-bbed-3f010e7af5dd{ip: 192.168.157.246, host: pr-hdds-2016-n7825-135103490, networkLocation: /default-rack, certSerialId: null}8914721e-e6fd-428a-8274-c97b8de6844d{ip: 192.168.157.246, host: pr-hdds-2016-n7825-135103490, networkLocation: /default-rack, certSerialId: null}5d850b7b-f02e-4029-a6ce-7c22cb722049{ip: 192.168.157.246, host: pr-hdds-2016-n7825-135103490, networkLocation: /default-rack, certSerialId: null}, Type:RATIS, Factor:THREE, State:CLOSED] from datanode 783b8b0d-2e4b-4296-bbed-3f010e7af5dd{ip: 192.168.157.246, host: pr-hdds-2016-n7825-135103490, networkLocation: /default-rack, certSerialId: null}. Reason : 783b8b0d-2e4b-4296-bbed-3f010e7af5dd has not seen follower/s 5d850b7b-f02e-4029-a6ce-7c22cb722049 for 185988ms 8914721e-e6fd-428a-8274-c97b8de6844d for 185988ms
2019-09-17 07:21:26,160 [EventQueue-PipelineActionsForPipelineActionHandler] INFO  pipeline.SCMPipelineManager (SCMPipelineManager.java:finalizeAndDestroyPipeline(311)) - destroying pipeline:Pipeline[ Id: 7701c700-c295-448b-ae11-48638e47c87f, Nodes: 783b8b0d-2e4b-4296-bbed-3f010e7af5dd{ip: 192.168.157.246, host: pr-hdds-2016-n7825-135103490, networkLocation: /default-rack, certSerialId: null}8914721e-e6fd-428a-8274-c97b8de6844d{ip: 192.168.157.246, host: pr-hdds-2016-n7825-135103490, networkLocation: /default-rack, certSerialId: null}5d850b7b-f02e-4029-a6ce-7c22cb722049{ip: 192.168.157.246, host: pr-hdds-2016-n7825-135103490, networkLocation: /default-rack, certSerialId: null}, Type:RATIS, Factor:THREE, State:CLOSED]
2019-09-17 07:21:26,178 [grpc-default-executor-5] INFO  impl.RaftServerProxy (RaftServerProxy.java:remove(95)) - 783b8b0d-2e4b-4296-bbed-3f010e7af5dd: remove    LEADER 783b8b0d-2e4b-4296-bbed-3f010e7af5dd@group-48638E47C87F:t1, leader=783b8b0d-2e4b-4296-bbed-3f010e7af5dd, voted=783b8b0d-2e4b-4296-bbed-3f010e7af5dd, raftlog=783b8b0d-2e4b-4296-bbed-3f010e7af5dd@group-48638E47C87F-SegmentedRaftLog:OPENED:c18,f18,i25, conf=0: [783b8b0d-2e4b-4296-bbed-3f010e7af5dd:192.168.157.246:43483, 5d850b7b-f02e-4029-a6ce-7c22cb722049:192.168.157.246:45173, 8914721e-e6fd-428a-8274-c97b8de6844d:192.168.157.246:38699], old=null RUNNING
2019-09-17 07:21:26,179 [grpc-default-executor-5] INFO  impl.RaftServerImpl (RaftServerImpl.java:lambda$shutdown$3(251)) - 783b8b0d-2e4b-4296-bbed-3f010e7af5dd@group-48638E47C87F: shutdown
2019-09-17 07:21:26,179 [grpc-default-executor-5] INFO  util.JmxRegister (JmxRegister.java:unregister(73)) - Successfully un-registered JMX Bean with object name Ratis:service=RaftServer,group=group-48638E47C87F,id=783b8b0d-2e4b-4296-bbed-3f010e7af5dd
2019-09-17 07:21:26,180 [grpc-default-executor-5] INFO  impl.RoleInfo (RoleInfo.java:shutdownLeaderState(104)) - 783b8b0d-2e4b-4296-bbed-3f010e7af5dd: shutdown LeaderState
2019-09-17 07:21:26,187 [org.apache.ratis.server.impl.LogAppender$AppenderDaemon$$Lambda$521/268088635@3fe09027] WARN  server.GrpcLogAppender (GrpcLogAppender.java:mayWait(143)) - 783b8b0d-2e4b-4296-bbed-3f010e7af5dd@group-48638E47C87F->8914721e-e6fd-428a-8274-c97b8de6844d-GrpcLogAppender: Wait interrupted by java.lang.InterruptedException
2019-09-17 07:21:26,187 [org.apache.ratis.server.impl.LogAppender$AppenderDaemon$$Lambda$521/268088635@7e44e90f] WARN  server.GrpcLogAppender (GrpcLogAppender.java:mayWait(143)) - 783b8b0d-2e4b-4296-bbed-3f010e7af5dd@group-48638E47C87F->5d850b7b-f02e-4029-a6ce-7c22cb722049-GrpcLogAppender: Wait interrupted by java.lang.InterruptedException
2019-09-17 07:21:26,187 [java.util.concurrent.ThreadPoolExecutor$Worker@17e7de46[State = -1, empty queue]] WARN  server.GrpcLogAppender (GrpcLogAppender.java:timeoutAppendRequest(200)) - 783b8b0d-2e4b-4296-bbed-3f010e7af5dd@group-48638E47C87F->8914721e-e6fd-428a-8274-c97b8de6844d-GrpcLogAppender: appendEntries Timeout, request=783b8b0d-2e4b-4296-bbed-3f010e7af5dd->8914721e-e6fd-428a-8274-c97b8de6844d#99-t1, previous=(t:1, i:25), leaderCommit=18, initializing? false, entries: <empty>
2019-09-17 07:21:26,187 [java.util.concurrent.ThreadPoolExecutor$Worker@f0b1886[State = -1, empty queue]] WARN  server.GrpcLogAppender (GrpcLogAppender.java:timeoutAppendRequest(200)) - 783b8b0d-2e4b-4296-bbed-3f010e7af5dd@group-48638E47C87F->5d850b7b-f02e-4029-a6ce-7c22cb722049-GrpcLogAppender: appendEntries Timeout, request=783b8b0d-2e4b-4296-bbed-3f010e7af5dd->5d850b7b-f02e-4029-a6ce-7c22cb722049#99-t1, previous=(t:1, i:25), leaderCommit=18, initializing? false, entries: <empty>
2019-09-17 07:21:26,187 [grpc-default-executor-5] INFO  impl.PendingRequests (PendingRequests.java:sendNotLeaderResponses(202)) - 783b8b0d-2e4b-4296-bbed-3f010e7af5dd-PendingRequests: sendNotLeaderResponses
2019-09-17 07:21:26,188 [grpc-default-executor-6] INFO  server.GrpcServerProtocolService (GrpcServerProtocolService.java:onCompleted(113)) - 5d850b7b-f02e-4029-a6ce-7c22cb722049: Completed APPEND_ENTRIES, lastRequest: 783b8b0d-2e4b-4296-bbed-3f010e7af5dd->5d850b7b-f02e-4029-a6ce-7c22cb722049#100-t1, previous=(t:1, i:25), leaderCommit=18, initializing? false, entries: <empty>
2019-09-17 07:21:26,188 [grpc-default-executor-9] INFO  server.GrpcServerProtocolService (GrpcServerProtocolService.java:onCompleted(113)) - 8914721e-e6fd-428a-8274-c97b8de6844d: Completed APPEND_ENTRIES, lastRequest: 783b8b0d-2e4b-4296-bbed-3f010e7af5dd->8914721e-e6fd-428a-8274-c97b8de6844d#100-t1, previous=(t:1, i:25), leaderCommit=18, initializing? false, entries: <empty>
2019-09-17 07:21:26,190 [grpc-default-executor-9] INFO  server.GrpcLogAppender (GrpcLogAppender.java:onCompleted(293)) - 783b8b0d-2e4b-4296-bbed-3f010e7af5dd@group-48638E47C87F->5d850b7b-f02e-4029-a6ce-7c22cb722049-AppendLogResponseHandler: follower responses appendEntries COMPLETED
2019-09-17 07:21:26,190 [grpc-default-executor-6] INFO  server.GrpcLogAppender (GrpcLogAppender.java:onCompleted(293)) - 783b8b0d-2e4b-4296-bbed-3f010e7af5dd@group-48638E47C87F->8914721e-e6fd-428a-8274-c97b8de6844d-AppendLogResponseHandler: follower responses appendEntries COMPLETED
2019-09-17 07:21:26,191 [grpc-default-executor-6] INFO  impl.FollowerInfo (FollowerInfo.java:lambda$new$0(51)) - 783b8b0d-2e4b-4296-bbed-3f010e7af5dd@group-48638E47C87F->8914721e-e6fd-428a-8274-c97b8de6844d: nextIndex: updateUnconditionally 26 -> 19
2019-09-17 07:21:26,191 [grpc-default-executor-9] INFO  impl.FollowerInfo (FollowerInfo.java:lambda$new$0(51)) - 783b8b0d-2e4b-4296-bbed-3f010e7af5dd@group-48638E47C87F->5d850b7b-f02e-4029-a6ce-7c22cb722049: nextIndex: updateUnconditionally 26 -> 19
2019-09-17 07:21:26,197 [grpc-default-executor-5] INFO  impl.StateMachineUpdater (StateMachineUpdater.java:stopAndJoin(125)) - 783b8b0d-2e4b-4296-bbed-3f010e7af5dd@group-48638E47C87F-StateMachineUpdater: set stopIndex = 18
2019-09-17 07:21:26,197 [783b8b0d-2e4b-4296-bbed-3f010e7af5dd@group-48638E47C87F-StateMachineUpdater] INFO  ratis.ContainerStateMachine (ContainerStateMachine.java:takeSnapshot(289)) - group-48638E47C87F: Taking a snapshot at:(t:1, i:18) file /workdir/hadoop-ozone/integration-test/target/test-dir/MiniOzoneClusterImpl-23941a65-3452-474d-b3c0-503ff93f6bad/datanode-2/data/ratis/7701c700-c295-448b-ae11-48638e47c87f/sm/snapshot.1_18
2019-09-17 07:21:26,210 [783b8b0d-2e4b-4296-bbed-3f010e7af5dd@group-48638E47C87F-StateMachineUpdater] INFO  ratis.ContainerStateMachine (ContainerStateMachine.java:takeSnapshot(300)) - group-48638E47C87F: Finished taking a snapshot at:(t:1, i:18) file:/workdir/hadoop-ozone/integration-test/target/test-dir/MiniOzoneClusterImpl-23941a65-3452-474d-b3c0-503ff93f6bad/datanode-2/data/ratis/7701c700-c295-448b-ae11-48638e47c87f/sm/snapshot.1_18 time:13
2019-09-17 07:21:26,211 [783b8b0d-2e4b-4296-bbed-3f010e7af5dd@group-48638E47C87F-StateMachineUpdater] INFO  impl.StateMachineUpdater (StateMachineUpdater.java:takeSnapshot(258)) - 783b8b0d-2e4b-4296-bbed-3f010e7af5dd@group-48638E47C87F-StateMachineUpdater: Took a snapshot at index 18
2019-09-17 07:21:26,211 [783b8b0d-2e4b-4296-bbed-3f010e7af5dd@group-48638E47C87F-StateMachineUpdater] INFO  impl.StateMachineUpdater (StateMachineUpdater.java:lambda$new$0(83)) - 783b8b0d-2e4b-4296-bbed-3f010e7af5dd@group-48638E47C87F-StateMachineUpdater: snapshotIndex: updateIncreasingly -1 -> 18
2019-09-17 07:21:26,212 [grpc-default-executor-5] INFO  impl.RaftServerImpl (ServerState.java:close(385)) - 783b8b0d-2e4b-4296-bbed-3f010e7af5dd@group-48638E47C87F: closes. applyIndex: 18
2019-09-17 07:21:26,213 [783b8b0d-2e4b-4296-bbed-3f010e7af5dd@group-48638E47C87F-SegmentedRaftLogWorker] ERROR ratis.XceiverServerRatis (XceiverServerRatis.java:triggerPipelineClose(575)) - pipeline Action CLOSE  on pipeline PipelineID=7701c700-c295-448b-ae11-48638e47c87f.Reason : WriteLog:20: (t:1, i:20), STATEMACHINELOGENTRY, client-AF8003830DD9, cid=245-writeStateMachineData interrupted.
2019-09-17 07:21:26,217 [EventQueue-PipelineActionsForPipelineActionHandler] ERROR pipeline.PipelineActionHandler (PipelineActionHandler.java:onMessage(60)) - Received pipeline action CLOSE for Pipeline[ Id: 7701c700-c295-448b-ae11-48638e47c87f, Nodes: 783b8b0d-2e4b-4296-bbed-3f010e7af5dd{ip: 192.168.157.246, host: pr-hdds-2016-n7825-135103490, networkLocation: /default-rack, certSerialId: null}8914721e-e6fd-428a-8274-c97b8de6844d{ip: 192.168.157.246, host: pr-hdds-2016-n7825-135103490, networkLocation: /default-rack, certSerialId: null}5d850b7b-f02e-4029-a6ce-7c22cb722049{ip: 192.168.157.246, host: pr-hdds-2016-n7825-135103490, networkLocation: /default-rack, certSerialId: null}, Type:RATIS, Factor:THREE, State:CLOSED] from datanode 783b8b0d-2e4b-4296-bbed-3f010e7af5dd{ip: 192.168.157.246, host: pr-hdds-2016-n7825-135103490, networkLocation: /default-rack, certSerialId: null}. Reason : WriteLog:20: (t:1, i:20), STATEMACHINELOGENTRY, client-AF8003830DD9, cid=245-writeStateMachineData interrupted.
2019-09-17 07:21:26,217 [EventQueue-PipelineActionsForPipelineActionHandler] INFO  pipeline.SCMPipelineManager (SCMPipelineManager.java:finalizeAndDestroyPipeline(311)) - destroying pipeline:Pipeline[ Id: 7701c700-c295-448b-ae11-48638e47c87f, Nodes: 783b8b0d-2e4b-4296-bbed-3f010e7af5dd{ip: 192.168.157.246, host: pr-hdds-2016-n7825-135103490, networkLocation: /default-rack, certSerialId: null}8914721e-e6fd-428a-8274-c97b8de6844d{ip: 192.168.157.246, host: pr-hdds-2016-n7825-135103490, networkLocation: /default-rack, certSerialId: null}5d850b7b-f02e-4029-a6ce-7c22cb722049{ip: 192.168.157.246, host: pr-hdds-2016-n7825-135103490, networkLocation: /default-rack, certSerialId: null}, Type:RATIS, Factor:THREE, State:CLOSED]
2019-09-17 07:21:26,227 [grpc-default-executor-5] INFO  segmented.SegmentedRaftLogWorker (SegmentedRaftLogWorker.java:close(228)) - 783b8b0d-2e4b-4296-bbed-3f010e7af5dd@group-48638E47C87F-SegmentedRaftLogWorker close()
2019-09-17 07:21:26,237 [grpc-default-executor-9] INFO  client.GrpcClientProtocolClient (GrpcClientProtocolClient.java:onNext(264)) - client-AF8003830DD9->8914721e-e6fd-428a-8274-c97b8de6844d: receive RaftClientReply:client-AF8003830DD9->8914721e-e6fd-428a-8274-c97b8de6844d@group-48638E47C87F, cid=244, FAILED org.apache.ratis.protocol.NotLeaderException: Server 8914721e-e6fd-428a-8274-c97b8de6844d@group-48638E47C87F is not the leader 783b8b0d-2e4b-4296-bbed-3f010e7af5dd:192.168.157.246:43483, logIndex=0, commits[8914721e-e6fd-428a-8274-c97b8de6844d:c18, 783b8b0d-2e4b-4296-bbed-3f010e7af5dd:c18, 5d850b7b-f02e-4029-a6ce-7c22cb722049:c17]
2019-09-17 07:21:26,286 [grpc-default-executor-5] INFO  interfaces.Container (KeyValueContainer.java:flushAndSyncDB(386)) - Container 2 is synced with bcsId 0.
2019-09-17 07:21:26,286 [grpc-default-executor-5] INFO  interfaces.Container (KeyValueContainer.java:flushAndSyncDB(386)) - Container 2 is synced with bcsId 0.
2019-09-17 07:21:26,297 [main] WARN  io.KeyOutputStream (KeyOutputStream.java:handleException(276)) - Encountered exception java.io.IOException: Unexpected Storage Container Exception: java.util.concurrent.CompletionException: java.util.concurrent.CompletionException: org.apache.ratis.protocol.GroupMismatchException: 783b8b0d-2e4b-4296-bbed-3f010e7af5dd: group-48638E47C87F not found. on the pipeline Pipeline[ Id: 7701c700-c295-448b-ae11-48638e47c87f, Nodes: 783b8b0d-2e4b-4296-bbed-3f010e7af5dd{ip: 192.168.157.246, host: pr-hdds-2016-n7825-135103490, networkLocation: /default-rack, certSerialId: null}8914721e-e6fd-428a-8274-c97b8de6844d{ip: 192.168.157.246, host: pr-hdds-2016-n7825-135103490, networkLocation: /default-rack, certSerialId: null}5d850b7b-f02e-4029-a6ce-7c22cb722049{ip: 192.168.157.246, host: pr-hdds-2016-n7825-135103490, networkLocation: /default-rack, certSerialId: null}, Type:RATIS, Factor:THREE, State:OPEN]. The last committed block length is 0, uncommitted data length is 400 retry count 0
2019-09-17 07:21:26,307 [EventQueue-IncrementalContainerReportForIncrementalContainerReportHandler] INFO  container.IncrementalContainerReportHandler (AbstractContainerReportHandler.java:updateContainerState(169)) - Moving container #2 to QUASI_CLOSED state, datanode 783b8b0d-2e4b-4296-bbed-3f010e7af5dd{ip: 192.168.157.246, host: pr-hdds-2016-n7825-135103490, networkLocation: /default-rack, certSerialId: null} reported QUASI_CLOSED replica.
2019-09-17 07:21:26,336 [grpc-default-executor-5] INFO  impl.RaftServerProxy (RaftServerProxy.java:remove(95)) - 8914721e-e6fd-428a-8274-c97b8de6844d: remove  FOLLOWER 8914721e-e6fd-428a-8274-c97b8de6844d@group-48638E47C87F:t1, leader=783b8b0d-2e4b-4296-bbed-3f010e7af5dd, voted=783b8b0d-2e4b-4296-bbed-3f010e7af5dd, raftlog=8914721e-e6fd-428a-8274-c97b8de6844d@group-48638E47C87F-SegmentedRaftLog:OPENED:c18,f18,i25, conf=0: [783b8b0d-2e4b-4296-bbed-3f010e7af5dd:192.168.157.246:43483, 5d850b7b-f02e-4029-a6ce-7c22cb722049:192.168.157.246:45173, 8914721e-e6fd-428a-8274-c97b8de6844d:192.168.157.246:38699], old=null RUNNING
2019-09-17 07:21:26,336 [grpc-default-executor-5] INFO  impl.RaftServerImpl (RaftServerImpl.java:lambda$shutdown$3(251)) - 8914721e-e6fd-428a-8274-c97b8de6844d@group-48638E47C87F: shutdown
2019-09-17 07:21:26,337 [grpc-default-executor-5] INFO  util.JmxRegister (JmxRegister.java:unregister(73)) - Successfully un-registered JMX Bean with object name Ratis:service=RaftServer,group=group-48638E47C87F,id=8914721e-e6fd-428a-8274-c97b8de6844d
2019-09-17 07:21:26,337 [grpc-default-executor-5] INFO  impl.RoleInfo (RoleInfo.java:shutdownFollowerState(121)) - 8914721e-e6fd-428a-8274-c97b8de6844d: shutdown FollowerState
2019-09-17 07:21:26,337 [grpc-default-executor-5] INFO  impl.StateMachineUpdater (StateMachineUpdater.java:stopAndJoin(125)) - 8914721e-e6fd-428a-8274-c97b8de6844d@group-48638E47C87F-StateMachineUpdater: set stopIndex = 18
2019-09-17 07:21:26,337 [Thread-4006] INFO  impl.FollowerState (FollowerState.java:run(115)) - 8914721e-e6fd-428a-8274-c97b8de6844d: FollowerState was interrupted: java.lang.InterruptedException: sleep interrupted
2019-09-17 07:21:26,337 [8914721e-e6fd-428a-8274-c97b8de6844d@group-48638E47C87F-StateMachineUpdater] INFO  ratis.ContainerStateMachine (ContainerStateMachine.java:takeSnapshot(289)) - group-48638E47C87F: Taking a snapshot at:(t:1, i:17) file /workdir/hadoop-ozone/integration-test/target/test-dir/MiniOzoneClusterImpl-23941a65-3452-474d-b3c0-503ff93f6bad/datanode-1/data/ratis/7701c700-c295-448b-ae11-48638e47c87f/sm/snapshot.1_17
2019-09-17 07:21:26,343 [8914721e-e6fd-428a-8274-c97b8de6844d@group-48638E47C87F-StateMachineUpdater] INFO  ratis.ContainerStateMachine (ContainerStateMachine.java:takeSnapshot(300)) - group-48638E47C87F: Finished taking a snapshot at:(t:1, i:17) file:/workdir/hadoop-ozone/integration-test/target/test-dir/MiniOzoneClusterImpl-23941a65-3452-474d-b3c0-503ff93f6bad/datanode-1/data/ratis/7701c700-c295-448b-ae11-48638e47c87f/sm/snapshot.1_17 time:6
2019-09-17 07:21:26,344 [8914721e-e6fd-428a-8274-c97b8de6844d@group-48638E47C87F-StateMachineUpdater] INFO  impl.StateMachineUpdater (StateMachineUpdater.java:takeSnapshot(258)) - 8914721e-e6fd-428a-8274-c97b8de6844d@group-48638E47C87F-StateMachineUpdater: Took a snapshot at index 17
2019-09-17 07:21:26,344 [8914721e-e6fd-428a-8274-c97b8de6844d@group-48638E47C87F-StateMachineUpdater] INFO  impl.StateMachineUpdater (StateMachineUpdater.java:lambda$new$0(83)) - 8914721e-e6fd-428a-8274-c97b8de6844d@group-48638E47C87F-StateMachineUpdater: snapshotIndex: updateIncreasingly -1 -> 17
2019-09-17 07:21:26,344 [8914721e-e6fd-428a-8274-c97b8de6844d@group-48638E47C87F-StateMachineUpdater] INFO  ratis.ContainerStateMachine (ContainerStateMachine.java:takeSnapshot(289)) - group-48638E47C87F: Taking a snapshot at:(t:1, i:17) file /workdir/hadoop-ozone/integration-test/target/test-dir/MiniOzoneClusterImpl-23941a65-3452-474d-b3c0-503ff93f6bad/datanode-1/data/ratis/7701c700-c295-448b-ae11-48638e47c87f/sm/snapshot.1_17
2019-09-17 07:21:26,347 [8914721e-e6fd-428a-8274-c97b8de6844d@group-48638E47C87F-StateMachineUpdater] INFO  ratis.ContainerStateMachine (ContainerStateMachine.java:takeSnapshot(300)) - group-48638E47C87F: Finished taking a snapshot at:(t:1, i:17) file:/workdir/hadoop-ozone/integration-test/target/test-dir/MiniOzoneClusterImpl-23941a65-3452-474d-b3c0-503ff93f6bad/datanode-1/data/ratis/7701c700-c295-448b-ae11-48638e47c87f/sm/snapshot.1_17 time:3
2019-09-17 07:21:26,348 [8914721e-e6fd-428a-8274-c97b8de6844d@group-48638E47C87F-StateMachineUpdater] INFO  impl.StateMachineUpdater (StateMachineUpdater.java:takeSnapshot(258)) - 8914721e-e6fd-428a-8274-c97b8de6844d@group-48638E47C87F-StateMachineUpdater: Took a snapshot at index 17
2019-09-17 07:21:26,348 [8914721e-e6fd-428a-8274-c97b8de6844d@group-48638E47C87F-StateMachineUpdater] INFO  impl.StateMachineUpdater (StateMachineUpdater.java:lambda$new$0(83)) - 8914721e-e6fd-428a-8274-c97b8de6844d@group-48638E47C87F-StateMachineUpdater: snapshotIndex: updateIncreasingly 17 -> 17
2019-09-17 07:21:26,349 [grpc-default-executor-5] INFO  impl.RaftServerImpl (ServerState.java:close(385)) - 8914721e-e6fd-428a-8274-c97b8de6844d@group-48638E47C87F: closes. applyIndex: 18
2019-09-17 07:21:26,355 [8914721e-e6fd-428a-8274-c97b8de6844d@group-48638E47C87F-SegmentedRaftLogWorker] ERROR ratis.XceiverServerRatis (XceiverServerRatis.java:triggerPipelineClose(575)) - pipeline Action CLOSE  on pipeline PipelineID=7701c700-c295-448b-ae11-48638e47c87f.Reason : WriteLog:20: (t:1, i:20), STATEMACHINELOGENTRY, client-AF8003830DD9, cid=245-writeStateMachineData interrupted.
2019-09-17 07:21:26,358 [EventQueue-PipelineActionsForPipelineActionHandler] ERROR pipeline.PipelineActionHandler (PipelineActionHandler.java:onMessage(60)) - Received pipeline action CLOSE for Pipeline[ Id: 7701c700-c295-448b-ae11-48638e47c87f, Nodes: 783b8b0d-2e4b-4296-bbed-3f010e7af5dd{ip: 192.168.157.246, host: pr-hdds-2016-n7825-135103490, networkLocation: /default-rack, certSerialId: null}8914721e-e6fd-428a-8274-c97b8de6844d{ip: 192.168.157.246, host: pr-hdds-2016-n7825-135103490, networkLocation: /default-rack, certSerialId: null}5d850b7b-f02e-4029-a6ce-7c22cb722049{ip: 192.168.157.246, host: pr-hdds-2016-n7825-135103490, networkLocation: /default-rack, certSerialId: null}, Type:RATIS, Factor:THREE, State:CLOSED] from datanode 8914721e-e6fd-428a-8274-c97b8de6844d{ip: 192.168.157.246, host: pr-hdds-2016-n7825-135103490, networkLocation: /default-rack, certSerialId: null}. Reason : WriteLog:20: (t:1, i:20), STATEMACHINELOGENTRY, client-AF8003830DD9, cid=245-writeStateMachineData interrupted.
2019-09-17 07:21:26,358 [EventQueue-PipelineActionsForPipelineActionHandler] INFO  pipeline.SCMPipelineManager (SCMPipelineManager.java:finalizeAndDestroyPipeline(311)) - destroying pipeline:Pipeline[ Id: 7701c700-c295-448b-ae11-48638e47c87f, Nodes: 783b8b0d-2e4b-4296-bbed-3f010e7af5dd{ip: 192.168.157.246, host: pr-hdds-2016-n7825-135103490, networkLocation: /default-rack, certSerialId: null}8914721e-e6fd-428a-8274-c97b8de6844d{ip: 192.168.157.246, host: pr-hdds-2016-n7825-135103490, networkLocation: /default-rack, certSerialId: null}5d850b7b-f02e-4029-a6ce-7c22cb722049{ip: 192.168.157.246, host: pr-hdds-2016-n7825-135103490, networkLocation: /default-rack, certSerialId: null}, Type:RATIS, Factor:THREE, State:CLOSED]
2019-09-17 07:21:26,358 [grpc-default-executor-9] INFO  client.GrpcClientProtocolClient (GrpcClientProtocolClient.java:onNext(264)) - client-4CE01465821C->bc5ac98c-2c48-4d28-9cfb-f439c68ccdab: receive RaftClientReply:client-4CE01465821C->bc5ac98c-2c48-4d28-9cfb-f439c68ccdab@group-ACD078D67A55, cid=252, FAILED org.apache.ratis.protocol.NotLeaderException: Server bc5ac98c-2c48-4d28-9cfb-f439c68ccdab@group-ACD078D67A55 is not the leader 56dbe93a-5974-4a13-8b2c-4d24aa3aff1d:192.168.157.246:43571, logIndex=0, commits[bc5ac98c-2c48-4d28-9cfb-f439c68ccdab:c0, d2382816-3e88-4f44-9ea2-137bcd39c785:c0, 56dbe93a-5974-4a13-8b2c-4d24aa3aff1d:c0]
2019-09-17 07:21:26,360 [grpc-default-executor-5] INFO  segmented.SegmentedRaftLogWorker (SegmentedRaftLogWorker.java:close(228)) - 8914721e-e6fd-428a-8274-c97b8de6844d@group-48638E47C87F-SegmentedRaftLogWorker close()
2019-09-17 07:21:26,390 [grpc-default-executor-5] INFO  interfaces.Container (KeyValueContainer.java:flushAndSyncDB(386)) - Container 2 is synced with bcsId 0.
2019-09-17 07:21:26,391 [grpc-default-executor-5] INFO  interfaces.Container (KeyValueContainer.java:flushAndSyncDB(386)) - Container 2 is synced with bcsId 0.
2019-09-17 07:21:26,401 [grpc-default-executor-5] INFO  impl.RaftServerProxy (RaftServerProxy.java:remove(95)) - 5d850b7b-f02e-4029-a6ce-7c22cb722049: remove  FOLLOWER 5d850b7b-f02e-4029-a6ce-7c22cb722049@group-48638E47C87F:t1, leader=783b8b0d-2e4b-4296-bbed-3f010e7af5dd, voted=783b8b0d-2e4b-4296-bbed-3f010e7af5dd, raftlog=5d850b7b-f02e-4029-a6ce-7c22cb722049@group-48638E47C87F-SegmentedRaftLog:OPENED:c18,f18,i25, conf=0: [783b8b0d-2e4b-4296-bbed-3f010e7af5dd:192.168.157.246:43483, 5d850b7b-f02e-4029-a6ce-7c22cb722049:192.168.157.246:45173, 8914721e-e6fd-428a-8274-c97b8de6844d:192.168.157.246:38699], old=null RUNNING
2019-09-17 07:21:26,401 [grpc-default-executor-5] INFO  impl.RaftServerImpl (RaftServerImpl.java:lambda$shutdown$3(251)) - 5d850b7b-f02e-4029-a6ce-7c22cb722049@group-48638E47C87F: shutdown
2019-09-17 07:21:26,401 [grpc-default-executor-5] INFO  util.JmxRegister (JmxRegister.java:unregister(73)) - Successfully un-registered JMX Bean with object name Ratis:service=RaftServer,group=group-48638E47C87F,id=5d850b7b-f02e-4029-a6ce-7c22cb722049
2019-09-17 07:21:26,401 [grpc-default-executor-5] INFO  impl.RoleInfo (RoleInfo.java:shutdownFollowerState(121)) - 5d850b7b-f02e-4029-a6ce-7c22cb722049: shutdown FollowerState
2019-09-17 07:21:26,402 [grpc-default-executor-5] INFO  impl.StateMachineUpdater (StateMachineUpdater.java:stopAndJoin(125)) - 5d850b7b-f02e-4029-a6ce-7c22cb722049@group-48638E47C87F-StateMachineUpdater: set stopIndex = 18
2019-09-17 07:21:26,402 [5d850b7b-f02e-4029-a6ce-7c22cb722049@group-48638E47C87F-StateMachineUpdater] INFO  ratis.ContainerStateMachine (ContainerStateMachine.java:takeSnapshot(289)) - group-48638E47C87F: Taking a snapshot at:(t:1, i:17) file /workdir/hadoop-ozone/integration-test/target/test-dir/MiniOzoneClusterImpl-23941a65-3452-474d-b3c0-503ff93f6bad/datanode-0/data/ratis/7701c700-c295-448b-ae11-48638e47c87f/sm/snapshot.1_17
2019-09-17 07:21:26,402 [Thread-4005] INFO  impl.FollowerState (FollowerState.java:run(115)) - 5d850b7b-f02e-4029-a6ce-7c22cb722049: FollowerState was interrupted: java.lang.InterruptedException: sleep interrupted
2019-09-17 07:21:26,409 [5d850b7b-f02e-4029-a6ce-7c22cb722049@group-48638E47C87F-StateMachineUpdater] INFO  ratis.ContainerStateMachine (ContainerStateMachine.java:takeSnapshot(300)) - group-48638E47C87F: Finished taking a snapshot at:(t:1, i:17) file:/workdir/hadoop-ozone/integration-test/target/test-dir/MiniOzoneClusterImpl-23941a65-3452-474d-b3c0-503ff93f6bad/datanode-0/data/ratis/7701c700-c295-448b-ae11-48638e47c87f/sm/snapshot.1_17 time:8
2019-09-17 07:21:26,409 [5d850b7b-f02e-4029-a6ce-7c22cb722049@group-48638E47C87F-StateMachineUpdater] INFO  impl.StateMachineUpdater (StateMachineUpdater.java:takeSnapshot(258)) - 5d850b7b-f02e-4029-a6ce-7c22cb722049@group-48638E47C87F-StateMachineUpdater: Took a snapshot at index 17
2019-09-17 07:21:26,409 [5d850b7b-f02e-4029-a6ce-7c22cb722049@group-48638E47C87F-StateMachineUpdater] INFO  impl.StateMachineUpdater (StateMachineUpdater.java:lambda$new$0(83)) - 5d850b7b-f02e-4029-a6ce-7c22cb722049@group-48638E47C87F-StateMachineUpdater: snapshotIndex: updateIncreasingly -1 -> 17
2019-09-17 07:21:26,410 [5d850b7b-f02e-4029-a6ce-7c22cb722049@group-48638E47C87F-StateMachineUpdater] INFO  ratis.ContainerStateMachine (ContainerStateMachine.java:takeSnapshot(289)) - group-48638E47C87F: Taking a snapshot at:(t:1, i:17) file /workdir/hadoop-ozone/integration-test/target/test-dir/MiniOzoneClusterImpl-23941a65-3452-474d-b3c0-503ff93f6bad/datanode-0/data/ratis/7701c700-c295-448b-ae11-48638e47c87f/sm/snapshot.1_17
2019-09-17 07:21:26,412 [5d850b7b-f02e-4029-a6ce-7c22cb722049@group-48638E47C87F-StateMachineUpdater] INFO  ratis.ContainerStateMachine (ContainerStateMachine.java:takeSnapshot(300)) - group-48638E47C87F: Finished taking a snapshot at:(t:1, i:17) file:/workdir/hadoop-ozone/integration-test/target/test-dir/MiniOzoneClusterImpl-23941a65-3452-474d-b3c0-503ff93f6bad/datanode-0/data/ratis/7701c700-c295-448b-ae11-48638e47c87f/sm/snapshot.1_17 time:3
2019-09-17 07:21:26,413 [5d850b7b-f02e-4029-a6ce-7c22cb722049@group-48638E47C87F-StateMachineUpdater] INFO  impl.StateMachineUpdater (StateMachineUpdater.java:takeSnapshot(258)) - 5d850b7b-f02e-4029-a6ce-7c22cb722049@group-48638E47C87F-StateMachineUpdater: Took a snapshot at index 17
2019-09-17 07:21:26,413 [5d850b7b-f02e-4029-a6ce-7c22cb722049@group-48638E47C87F-StateMachineUpdater] INFO  impl.StateMachineUpdater (StateMachineUpdater.java:lambda$new$0(83)) - 5d850b7b-f02e-4029-a6ce-7c22cb722049@group-48638E47C87F-StateMachineUpdater: snapshotIndex: updateIncreasingly 17 -> 17
2019-09-17 07:21:26,413 [grpc-default-executor-5] INFO  impl.RaftServerImpl (ServerState.java:close(385)) - 5d850b7b-f02e-4029-a6ce-7c22cb722049@group-48638E47C87F: closes. applyIndex: 18
2019-09-17 07:21:26,417 [5d850b7b-f02e-4029-a6ce-7c22cb722049@group-48638E47C87F-SegmentedRaftLogWorker] ERROR ratis.XceiverServerRatis (XceiverServerRatis.java:triggerPipelineClose(575)) - pipeline Action CLOSE  on pipeline PipelineID=7701c700-c295-448b-ae11-48638e47c87f.Reason : WriteLog:20: (t:1, i:20), STATEMACHINELOGENTRY, client-AF8003830DD9, cid=245-writeStateMachineData interrupted.
2019-09-17 07:21:26,420 [EventQueue-PipelineActionsForPipelineActionHandler] ERROR pipeline.PipelineActionHandler (PipelineActionHandler.java:onMessage(60)) - Received pipeline action CLOSE for Pipeline[ Id: 7701c700-c295-448b-ae11-48638e47c87f, Nodes: 783b8b0d-2e4b-4296-bbed-3f010e7af5dd{ip: 192.168.157.246, host: pr-hdds-2016-n7825-135103490, networkLocation: /default-rack, certSerialId: null}8914721e-e6fd-428a-8274-c97b8de6844d{ip: 192.168.157.246, host: pr-hdds-2016-n7825-135103490, networkLocation: /default-rack, certSerialId: null}5d850b7b-f02e-4029-a6ce-7c22cb722049{ip: 192.168.157.246, host: pr-hdds-2016-n7825-135103490, networkLocation: /default-rack, certSerialId: null}, Type:RATIS, Factor:THREE, State:CLOSED] from datanode 5d850b7b-f02e-4029-a6ce-7c22cb722049{ip: 192.168.157.246, host: pr-hdds-2016-n7825-135103490, networkLocation: /default-rack, certSerialId: null}. Reason : WriteLog:20: (t:1, i:20), STATEMACHINELOGENTRY, client-AF8003830DD9, cid=245-writeStateMachineData interrupted.
2019-09-17 07:21:26,420 [EventQueue-PipelineActionsForPipelineActionHandler] INFO  pipeline.SCMPipelineManager (SCMPipelineManager.java:finalizeAndDestroyPipeline(311)) - destroying pipeline:Pipeline[ Id: 7701c700-c295-448b-ae11-48638e47c87f, Nodes: 783b8b0d-2e4b-4296-bbed-3f010e7af5dd{ip: 192.168.157.246, host: pr-hdds-2016-n7825-135103490, networkLocation: /default-rack, certSerialId: null}8914721e-e6fd-428a-8274-c97b8de6844d{ip: 192.168.157.246, host: pr-hdds-2016-n7825-135103490, networkLocation: /default-rack, certSerialId: null}5d850b7b-f02e-4029-a6ce-7c22cb722049{ip: 192.168.157.246, host: pr-hdds-2016-n7825-135103490, networkLocation: /default-rack, certSerialId: null}, Type:RATIS, Factor:THREE, State:CLOSED]
2019-09-17 07:21:26,421 [grpc-default-executor-5] INFO  segmented.SegmentedRaftLogWorker (SegmentedRaftLogWorker.java:close(228)) - 5d850b7b-f02e-4029-a6ce-7c22cb722049@group-48638E47C87F-SegmentedRaftLogWorker close()
2019-09-17 07:21:26,443 [grpc-default-executor-6] INFO  client.GrpcClientProtocolClient (GrpcClientProtocolClient.java:onNext(264)) - client-4CE01465821C->56dbe93a-5974-4a13-8b2c-4d24aa3aff1d: receive RaftClientReply:client-4CE01465821C->56dbe93a-5974-4a13-8b2c-4d24aa3aff1d@group-ACD078D67A55, cid=252, SUCCESS, logIndex=1, commits[56dbe93a-5974-4a13-8b2c-4d24aa3aff1d:c1, bc5ac98c-2c48-4d28-9cfb-f439c68ccdab:c0, d2382816-3e88-4f44-9ea2-137bcd39c785:c0]
2019-09-17 07:21:26,455 [grpc-default-executor-5] INFO  interfaces.Container (KeyValueContainer.java:flushAndSyncDB(386)) - Container 2 is synced with bcsId 0.
2019-09-17 07:21:26,455 [grpc-default-executor-5] INFO  interfaces.Container (KeyValueContainer.java:flushAndSyncDB(386)) - Container 2 is synced with bcsId 0.
2019-09-17 07:21:26,456 [grpc-default-executor-9] INFO  client.GrpcClientProtocolClient (GrpcClientProtocolClient.java:onNext(264)) - client-4CE01465821C->56dbe93a-5974-4a13-8b2c-4d24aa3aff1d: receive RaftClientReply:client-4CE01465821C->56dbe93a-5974-4a13-8b2c-4d24aa3aff1d@group-ACD078D67A55, cid=253, SUCCESS, logIndex=3, commits[56dbe93a-5974-4a13-8b2c-4d24aa3aff1d:c4, bc5ac98c-2c48-4d28-9cfb-f439c68ccdab:c1, d2382816-3e88-4f44-9ea2-137bcd39c785:c2]
2019-09-17 07:21:26,467 [RatisPipelineUtilsThread] INFO  pipeline.PipelineStateManager (PipelineStateManager.java:removePipeline(108)) - Pipeline Pipeline[ Id: 7701c700-c295-448b-ae11-48638e47c87f, Nodes: 783b8b0d-2e4b-4296-bbed-3f010e7af5dd{ip: 192.168.157.246, host: pr-hdds-2016-n7825-135103490, networkLocation: /default-rack, certSerialId: null}8914721e-e6fd-428a-8274-c97b8de6844d{ip: 192.168.157.246, host: pr-hdds-2016-n7825-135103490, networkLocation: /default-rack, certSerialId: null}5d850b7b-f02e-4029-a6ce-7c22cb722049{ip: 192.168.157.246, host: pr-hdds-2016-n7825-135103490, networkLocation: /default-rack, certSerialId: null}, Type:RATIS, Factor:THREE, State:CLOSED] removed from db
2019-09-17 07:21:26,479 [grpc-default-executor-6] INFO  impl.RaftServerProxy (RaftServerProxy.java:addNew(89)) - 783b8b0d-2e4b-4296-bbed-3f010e7af5dd: addNew group-9A2654ED430F:[d9c705ac-0a89-46f8-8359-de24410f3e43:192.168.157.246:36206, 783b8b0d-2e4b-4296-bbed-3f010e7af5dd:192.168.157.246:43483, 8914721e-e6fd-428a-8274-c97b8de6844d:192.168.157.246:38699] returns group-9A2654ED430F:java.util.concurrent.CompletableFuture@145b891[Not completed]
2019-09-17 07:21:26,480 [grpc-default-executor-6] INFO  impl.RaftServerProxy (RaftServerProxy.java:addNew(89)) - 8914721e-e6fd-428a-8274-c97b8de6844d: addNew group-9A2654ED430F:[d9c705ac-0a89-46f8-8359-de24410f3e43:192.168.157.246:36206, 783b8b0d-2e4b-4296-bbed-3f010e7af5dd:192.168.157.246:43483, 8914721e-e6fd-428a-8274-c97b8de6844d:192.168.157.246:38699] returns group-9A2654ED430F:java.util.concurrent.CompletableFuture@307a1185[Not completed]
2019-09-17 07:21:26,480 [grpc-default-executor-6] INFO  impl.RaftServerProxy (RaftServerProxy.java:addNew(89)) - d9c705ac-0a89-46f8-8359-de24410f3e43: addNew group-9A2654ED430F:[d9c705ac-0a89-46f8-8359-de24410f3e43:192.168.157.246:36206, 783b8b0d-2e4b-4296-bbed-3f010e7af5dd:192.168.157.246:43483, 8914721e-e6fd-428a-8274-c97b8de6844d:192.168.157.246:38699] returns group-9A2654ED430F:java.util.concurrent.CompletableFuture@2fcec0a2[Not completed]
2019-09-17 07:21:26,481 [pool-609-thread-1] INFO  impl.RaftServerImpl (RaftServerImpl.java:<init>(95)) - 783b8b0d-2e4b-4296-bbed-3f010e7af5dd: new RaftServerImpl for group-9A2654ED430F:[d9c705ac-0a89-46f8-8359-de24410f3e43:192.168.157.246:36206, 783b8b0d-2e4b-4296-bbed-3f010e7af5dd:192.168.157.246:43483, 8914721e-e6fd-428a-8274-c97b8de6844d:192.168.157.246:38699] with ContainerStateMachine:uninitialized
2019-09-17 07:21:26,481 [pool-609-thread-1] INFO  server.RaftServerConfigKeys (ConfUtils.java:logGet(43)) - raft.server.rpc.timeout.min = 5s (custom)
2019-09-17 07:21:26,481 [pool-649-thread-1] INFO  impl.RaftServerImpl (RaftServerImpl.java:<init>(95)) - d9c705ac-0a89-46f8-8359-de24410f3e43: new RaftServerImpl for group-9A2654ED430F:[d9c705ac-0a89-46f8-8359-de24410f3e43:192.168.157.246:36206, 783b8b0d-2e4b-4296-bbed-3f010e7af5dd:192.168.157.246:43483, 8914721e-e6fd-428a-8274-c97b8de6844d:192.168.157.246:38699] with ContainerStateMachine:uninitialized
2019-09-17 07:21:26,481 [pool-609-thread-1] INFO  server.RaftServerConfigKeys (ConfUtils.java:logGet(43)) - raft.server.rpc.timeout.max = 5200ms (custom)
2019-09-17 07:21:26,482 [pool-649-thread-1] INFO  server.RaftServerConfigKeys (ConfUtils.java:logGet(43)) - raft.server.rpc.timeout.min = 5s (custom)
2019-09-17 07:21:26,482 [pool-609-thread-1] INFO  server.RaftServerConfigKeys (ConfUtils.java:logGet(43)) - raft.server.rpcslowness.timeout = 120s (custom)
2019-09-17 07:21:26,482 [pool-599-thread-1] INFO  impl.RaftServerImpl (RaftServerImpl.java:<init>(95)) - 8914721e-e6fd-428a-8274-c97b8de6844d: new RaftServerImpl for group-9A2654ED430F:[d9c705ac-0a89-46f8-8359-de24410f3e43:192.168.157.246:36206, 783b8b0d-2e4b-4296-bbed-3f010e7af5dd:192.168.157.246:43483, 8914721e-e6fd-428a-8274-c97b8de6844d:192.168.157.246:38699] with ContainerStateMachine:uninitialized
2019-09-17 07:21:26,482 [pool-649-thread-1] INFO  server.RaftServerConfigKeys (ConfUtils.java:logGet(43)) - raft.server.rpc.timeout.max = 5200ms (custom)
2019-09-17 07:21:26,482 [pool-599-thread-1] INFO  server.RaftServerConfigKeys (ConfUtils.java:logGet(43)) - raft.server.rpc.timeout.min = 5s (custom)
2019-09-17 07:21:26,482 [pool-609-thread-1] INFO  server.RaftServerConfigKeys (ConfUtils.java:logGet(43)) - raft.server.sleep.deviation.threshold = 300 (default)
2019-09-17 07:21:26,482 [pool-599-thread-1] INFO  server.RaftServerConfigKeys (ConfUtils.java:logGet(43)) - raft.server.rpc.timeout.max = 5200ms (custom)
2019-09-17 07:21:26,482 [pool-649-thread-1] INFO  server.RaftServerConfigKeys (ConfUtils.java:logGet(43)) - raft.server.rpcslowness.timeout = 120s (custom)
2019-09-17 07:21:26,482 [pool-599-thread-1] INFO  server.RaftServerConfigKeys (ConfUtils.java:logGet(43)) - raft.server.rpcslowness.timeout = 120s (custom)
2019-09-17 07:21:26,482 [pool-609-thread-1] INFO  server.RaftServerConfigKeys (ConfUtils.java:logGet(43)) - raft.server.log.appender.install.snapshot.enabled = false (custom)
2019-09-17 07:21:26,482 [pool-599-thread-1] INFO  server.RaftServerConfigKeys (ConfUtils.java:logGet(43)) - raft.server.sleep.deviation.threshold = 300 (default)
2019-09-17 07:21:26,483 [pool-609-thread-1] INFO  impl.RaftServerImpl (ServerState.java:<init>(103)) - 783b8b0d-2e4b-4296-bbed-3f010e7af5dd@group-9A2654ED430F: ConfigurationManager, init=-1: [d9c705ac-0a89-46f8-8359-de24410f3e43:192.168.157.246:36206, 783b8b0d-2e4b-4296-bbed-3f010e7af5dd:192.168.157.246:43483, 8914721e-e6fd-428a-8274-c97b8de6844d:192.168.157.246:38699], old=null, confs=<EMPTY_MAP>
2019-09-17 07:21:26,482 [pool-649-thread-1] INFO  server.RaftServerConfigKeys (ConfUtils.java:logGet(43)) - raft.server.sleep.deviation.threshold = 300 (default)
2019-09-17 07:21:26,483 [pool-609-thread-1] INFO  server.RaftServerConfigKeys (ConfUtils.java:logGet(43)) - raft.server.storage.dir = [/workdir/hadoop-ozone/integration-test/target/test-dir/MiniOzoneClusterImpl-23941a65-3452-474d-b3c0-503ff93f6bad/datanode-2/data/ratis] (custom)
2019-09-17 07:21:26,483 [pool-599-thread-1] INFO  server.RaftServerConfigKeys (ConfUtils.java:logGet(43)) - raft.server.log.appender.install.snapshot.enabled = false (custom)
2019-09-17 07:21:26,483 [pool-649-thread-1] INFO  server.RaftServerConfigKeys (ConfUtils.java:logGet(43)) - raft.server.log.appender.install.snapshot.enabled = false (custom)
2019-09-17 07:21:26,483 [pool-599-thread-1] INFO  impl.RaftServerImpl (ServerState.java:<init>(103)) - 8914721e-e6fd-428a-8274-c97b8de6844d@group-9A2654ED430F: ConfigurationManager, init=-1: [d9c705ac-0a89-46f8-8359-de24410f3e43:192.168.157.246:36206, 783b8b0d-2e4b-4296-bbed-3f010e7af5dd:192.168.157.246:43483, 8914721e-e6fd-428a-8274-c97b8de6844d:192.168.157.246:38699], old=null, confs=<EMPTY_MAP>
2019-09-17 07:21:26,483 [pool-649-thread-1] INFO  impl.RaftServerImpl (ServerState.java:<init>(103)) - d9c705ac-0a89-46f8-8359-de24410f3e43@group-9A2654ED430F: ConfigurationManager, init=-1: [d9c705ac-0a89-46f8-8359-de24410f3e43:192.168.157.246:36206, 783b8b0d-2e4b-4296-bbed-3f010e7af5dd:192.168.157.246:43483, 8914721e-e6fd-428a-8274-c97b8de6844d:192.168.157.246:38699], old=null, confs=<EMPTY_MAP>
2019-09-17 07:21:26,483 [pool-599-thread-1] INFO  server.RaftServerConfigKeys (ConfUtils.java:logGet(43)) - raft.server.storage.dir = [/workdir/hadoop-ozone/integration-test/target/test-dir/MiniOzoneClusterImpl-23941a65-3452-474d-b3c0-503ff93f6bad/datanode-1/data/ratis] (custom)
2019-09-17 07:21:26,483 [pool-609-thread-1] INFO  storage.RaftStorageDirectory (RaftStorageDirectory.java:analyzeStorage(246)) - The storage directory /workdir/hadoop-ozone/integration-test/target/test-dir/MiniOzoneClusterImpl-23941a65-3452-474d-b3c0-503ff93f6bad/datanode-2/data/ratis/6b59dae2-3b84-4026-a02c-9a2654ed430f does not exist. Creating ...
2019-09-17 07:21:26,483 [pool-649-thread-1] INFO  server.RaftServerConfigKeys (ConfUtils.java:logGet(43)) - raft.server.storage.dir = [/workdir/hadoop-ozone/integration-test/target/test-dir/MiniOzoneClusterImpl-23941a65-3452-474d-b3c0-503ff93f6bad/datanode-6/data/ratis] (custom)
2019-09-17 07:21:26,483 [pool-599-thread-1] INFO  storage.RaftStorageDirectory (RaftStorageDirectory.java:analyzeStorage(246)) - The storage directory /workdir/hadoop-ozone/integration-test/target/test-dir/MiniOzoneClusterImpl-23941a65-3452-474d-b3c0-503ff93f6bad/datanode-1/data/ratis/6b59dae2-3b84-4026-a02c-9a2654ed430f does not exist. Creating ...
2019-09-17 07:21:26,484 [pool-649-thread-1] INFO  storage.RaftStorageDirectory (RaftStorageDirectory.java:analyzeStorage(246)) - The storage directory /workdir/hadoop-ozone/integration-test/target/test-dir/MiniOzoneClusterImpl-23941a65-3452-474d-b3c0-503ff93f6bad/datanode-6/data/ratis/6b59dae2-3b84-4026-a02c-9a2654ed430f does not exist. Creating ...
2019-09-17 07:21:26,502 [pool-599-thread-1] INFO  storage.RaftStorageDirectory (RaftStorageDirectory.java:tryLock(328)) - Lock on /workdir/hadoop-ozone/integration-test/target/test-dir/MiniOzoneClusterImpl-23941a65-3452-474d-b3c0-503ff93f6bad/datanode-1/data/ratis/6b59dae2-3b84-4026-a02c-9a2654ed430f/in_use.lock acquired by nodename 8995@pr-hdds-2016-n7825-135103490
2019-09-17 07:21:26,502 [pool-609-thread-1] INFO  storage.RaftStorageDirectory (RaftStorageDirectory.java:tryLock(328)) - Lock on /workdir/hadoop-ozone/integration-test/target/test-dir/MiniOzoneClusterImpl-23941a65-3452-474d-b3c0-503ff93f6bad/datanode-2/data/ratis/6b59dae2-3b84-4026-a02c-9a2654ed430f/in_use.lock acquired by nodename 8995@pr-hdds-2016-n7825-135103490
2019-09-17 07:21:26,502 [pool-649-thread-1] INFO  storage.RaftStorageDirectory (RaftStorageDirectory.java:tryLock(328)) - Lock on /workdir/hadoop-ozone/integration-test/target/test-dir/MiniOzoneClusterImpl-23941a65-3452-474d-b3c0-503ff93f6bad/datanode-6/data/ratis/6b59dae2-3b84-4026-a02c-9a2654ed430f/in_use.lock acquired by nodename 8995@pr-hdds-2016-n7825-135103490
2019-09-17 07:21:26,505 [grpc-default-executor-6] INFO  client.GrpcClientProtocolClient (GrpcClientProtocolClient.java:onNext(264)) - client-4CE01465821C->56dbe93a-5974-4a13-8b2c-4d24aa3aff1d: receive RaftClientReply:client-4CE01465821C->56dbe93a-5974-4a13-8b2c-4d24aa3aff1d@group-ACD078D67A55, cid=254, SUCCESS, logIndex=4, commits[56dbe93a-5974-4a13-8b2c-4d24aa3aff1d:c12, bc5ac98c-2c48-4d28-9cfb-f439c68ccdab:c9, d2382816-3e88-4f44-9ea2-137bcd39c785:c9]
2019-09-17 07:21:26,506 [grpc-default-executor-6] INFO  client.GrpcClientProtocolClient (GrpcClientProtocolClient.java:onNext(264)) - client-4CE01465821C->56dbe93a-5974-4a13-8b2c-4d24aa3aff1d: receive RaftClientReply:client-4CE01465821C->56dbe93a-5974-4a13-8b2c-4d24aa3aff1d@group-ACD078D67A55, cid=255, SUCCESS, logIndex=5, commits[56dbe93a-5974-4a13-8b2c-4d24aa3aff1d:c12, bc5ac98c-2c48-4d28-9cfb-f439c68ccdab:c9, d2382816-3e88-4f44-9ea2-137bcd39c785:c9]
2019-09-17 07:21:26,775 [pool-609-thread-1] INFO  storage.RaftStorage (RaftStorage.java:format(72)) - Storage directory /workdir/hadoop-ozone/integration-test/target/test-dir/MiniOzoneClusterImpl-23941a65-3452-474d-b3c0-503ff93f6bad/datanode-2/data/ratis/6b59dae2-3b84-4026-a02c-9a2654ed430f has been successfully formatted.
2019-09-17 07:21:26,775 [pool-599-thread-1] INFO  storage.RaftStorage (RaftStorage.java:format(72)) - Storage directory /workdir/hadoop-ozone/integration-test/target/test-dir/MiniOzoneClusterImpl-23941a65-3452-474d-b3c0-503ff93f6bad/datanode-1/data/ratis/6b59dae2-3b84-4026-a02c-9a2654ed430f has been successfully formatted.
2019-09-17 07:21:26,775 [pool-649-thread-1] INFO  storage.RaftStorage (RaftStorage.java:format(72)) - Storage directory /workdir/hadoop-ozone/integration-test/target/test-dir/MiniOzoneClusterImpl-23941a65-3452-474d-b3c0-503ff93f6bad/datanode-6/data/ratis/6b59dae2-3b84-4026-a02c-9a2654ed430f has been successfully formatted.
2019-09-17 07:21:26,799 [pool-599-thread-1] INFO  ratis.ContainerStateMachine (ContainerStateMachine.java:loadSnapshot(230)) - group-9A2654ED430F: The snapshot info is null. Setting the last applied indexto:(t:0, i:~)
2019-09-17 07:21:26,803 [pool-649-thread-1] INFO  ratis.ContainerStateMachine (ContainerStateMachine.java:loadSnapshot(230)) - group-9A2654ED430F: The snapshot info is null. Setting the last applied indexto:(t:0, i:~)
2019-09-17 07:21:26,803 [pool-609-thread-1] INFO  ratis.ContainerStateMachine (ContainerStateMachine.java:loadSnapshot(230)) - group-9A2654ED430F: The snapshot info is null. Setting the last applied indexto:(t:0, i:~)
2019-09-17 07:21:26,815 [pool-599-thread-1] INFO  server.RaftServerConfigKeys (ConfUtils.java:logGet(43)) - raft.server.notification.no-leader.timeout = 120s (custom)
2019-09-17 07:21:26,809 [pool-649-thread-1] INFO  server.RaftServerConfigKeys (ConfUtils.java:logGet(43)) - raft.server.notification.no-leader.timeout = 120s (custom)
2019-09-17 07:21:26,826 [pool-649-thread-1] INFO  server.RaftServerConfigKeys (ConfUtils.java:logGet(43)) - raft.server.log.use.memory = false (default)
2019-09-17 07:21:26,809 [grpc-default-executor-6] INFO  client.GrpcClientProtocolClient (GrpcClientProtocolClient.java:onNext(264)) - client-4CE01465821C->56dbe93a-5974-4a13-8b2c-4d24aa3aff1d: receive RaftClientReply:client-4CE01465821C->56dbe93a-5974-4a13-8b2c-4d24aa3aff1d@group-ACD078D67A55, cid=256, SUCCESS, logIndex=6, commits[56dbe93a-5974-4a13-8b2c-4d24aa3aff1d:c12, bc5ac98c-2c48-4d28-9cfb-f439c68ccdab:c9, d2382816-3e88-4f44-9ea2-137bcd39c785:c9]
2019-09-17 07:21:26,826 [pool-599-thread-1] INFO  server.RaftServerConfigKeys (ConfUtils.java:logGet(43)) - raft.server.log.use.memory = false (default)
2019-09-17 07:21:26,815 [pool-609-thread-1] INFO  server.RaftServerConfigKeys (ConfUtils.java:logGet(43)) - raft.server.notification.no-leader.timeout = 120s (custom)
2019-09-17 07:21:26,848 [pool-599-thread-1] INFO  server.RaftServerConfigKeys (ConfUtils.java:logGet(43)) - raft.server.log.purge.gap = 1000000 (custom)
2019-09-17 07:21:26,842 [pool-649-thread-1] INFO  server.RaftServerConfigKeys (ConfUtils.java:logGet(43)) - raft.server.log.purge.gap = 1000000 (custom)
2019-09-17 07:21:26,857 [pool-599-thread-1] INFO  server.RaftServerConfigKeys (ConfUtils.java:logGet(43)) - raft.server.log.appender.buffer.byte-limit = 33554432 (custom)
2019-09-17 07:21:26,857 [pool-609-thread-1] INFO  server.RaftServerConfigKeys (ConfUtils.java:logGet(43)) - raft.server.log.use.memory = false (default)
2019-09-17 07:21:26,857 [pool-599-thread-1] INFO  server.RaftServerConfigKeys (ConfUtils.java:logGet(43)) - raft.server.log.segment.size.max = 1048576 (custom)
2019-09-17 07:21:26,857 [pool-649-thread-1] INFO  server.RaftServerConfigKeys (ConfUtils.java:logGet(43)) - raft.server.log.appender.buffer.byte-limit = 33554432 (custom)
2019-09-17 07:21:26,857 [pool-599-thread-1] INFO  server.RaftServerConfigKeys (ConfUtils.java:logGet(43)) - raft.server.log.segment.cache.num.max = 2 (custom)
2019-09-17 07:21:26,857 [pool-609-thread-1] INFO  server.RaftServerConfigKeys (ConfUtils.java:logGet(43)) - raft.server.log.purge.gap = 1000000 (custom)
2019-09-17 07:21:26,858 [pool-599-thread-1] INFO  segmented.SegmentedRaftLogWorker (SegmentedRaftLogWorker.java:<init>(172)) - new 8914721e-e6fd-428a-8274-c97b8de6844d@group-9A2654ED430F-SegmentedRaftLogWorker for RaftStorage:Storage Directory /workdir/hadoop-ozone/integration-test/target/test-dir/MiniOzoneClusterImpl-23941a65-3452-474d-b3c0-503ff93f6bad/datanode-1/data/ratis/6b59dae2-3b84-4026-a02c-9a2654ed430f
2019-09-17 07:21:26,858 [pool-649-thread-1] INFO  server.RaftServerConfigKeys (ConfUtils.java:logGet(43)) - raft.server.log.segment.size.max = 1048576 (custom)
2019-09-17 07:21:26,858 [pool-599-thread-1] INFO  server.RaftServerConfigKeys (ConfUtils.java:logGet(43)) - raft.server.log.queue.byte-limit = 2147483647 (custom)
2019-09-17 07:21:26,858 [pool-609-thread-1] INFO  server.RaftServerConfigKeys (ConfUtils.java:logGet(43)) - raft.server.log.appender.buffer.byte-limit = 33554432 (custom)
2019-09-17 07:21:26,858 [pool-599-thread-1] INFO  server.RaftServerConfigKeys (ConfUtils.java:logGet(43)) - raft.server.log.queue.element-limit = 1024 (custom)
2019-09-17 07:21:26,858 [pool-649-thread-1] INFO  server.RaftServerConfigKeys (ConfUtils.java:logGet(43)) - raft.server.log.segment.cache.num.max = 2 (custom)
2019-09-17 07:21:26,859 [pool-599-thread-1] INFO  server.RaftServerConfigKeys (ConfUtils.java:logGet(43)) - raft.server.log.segment.size.max = 1048576 (custom)
2019-09-17 07:21:26,858 [pool-609-thread-1] INFO  server.RaftServerConfigKeys (ConfUtils.java:logGet(43)) - raft.server.log.segment.size.max = 1048576 (custom)
2019-09-17 07:21:26,859 [pool-599-thread-1] INFO  server.RaftServerConfigKeys (ConfUtils.java:logGet(43)) - raft.server.log.preallocated.size = 16384 (custom)
2019-09-17 07:21:26,859 [pool-599-thread-1] INFO  server.RaftServerConfigKeys (ConfUtils.java:logGet(43)) - raft.server.log.write.buffer.size = 33554432 (custom)
2019-09-17 07:21:26,859 [pool-649-thread-1] INFO  segmented.SegmentedRaftLogWorker (SegmentedRaftLogWorker.java:<init>(172)) - new d9c705ac-0a89-46f8-8359-de24410f3e43@group-9A2654ED430F-SegmentedRaftLogWorker for RaftStorage:Storage Directory /workdir/hadoop-ozone/integration-test/target/test-dir/MiniOzoneClusterImpl-23941a65-3452-474d-b3c0-503ff93f6bad/datanode-6/data/ratis/6b59dae2-3b84-4026-a02c-9a2654ed430f
2019-09-17 07:21:26,859 [pool-599-thread-1] INFO  server.RaftServerConfigKeys (ConfUtils.java:logGet(43)) - raft.server.log.force.sync.num = 128 (default)
2019-09-17 07:21:26,859 [pool-609-thread-1] INFO  server.RaftServerConfigKeys (ConfUtils.java:logGet(43)) - raft.server.log.segment.cache.num.max = 2 (custom)
2019-09-17 07:21:26,860 [pool-599-thread-1] INFO  server.RaftServerConfigKeys (ConfUtils.java:logGet(43)) - raft.server.log.statemachine.data.sync = true (default)
2019-09-17 07:21:26,859 [pool-649-thread-1] INFO  server.RaftServerConfigKeys (ConfUtils.java:logGet(43)) - raft.server.log.queue.byte-limit = 2147483647 (custom)
2019-09-17 07:21:26,860 [pool-599-thread-1] INFO  server.RaftServerConfigKeys (ConfUtils.java:logGet(43)) - raft.server.log.statemachine.data.sync.timeout = 10s (default)
2019-09-17 07:21:26,860 [pool-609-thread-1] INFO  segmented.SegmentedRaftLogWorker (SegmentedRaftLogWorker.java:<init>(172)) - new 783b8b0d-2e4b-4296-bbed-3f010e7af5dd@group-9A2654ED430F-SegmentedRaftLogWorker for RaftStorage:Storage Directory /workdir/hadoop-ozone/integration-test/target/test-dir/MiniOzoneClusterImpl-23941a65-3452-474d-b3c0-503ff93f6bad/datanode-2/data/ratis/6b59dae2-3b84-4026-a02c-9a2654ed430f
2019-09-17 07:21:26,860 [pool-599-thread-1] INFO  server.RaftServerConfigKeys (ConfUtils.java:logGet(43)) - raft.server.log.statemachine.data.sync.timeout.retry = -1 (default)
2019-09-17 07:21:26,860 [pool-649-thread-1] INFO  server.RaftServerConfigKeys (ConfUtils.java:logGet(43)) - raft.server.log.queue.element-limit = 1024 (custom)
2019-09-17 07:21:26,860 [pool-599-thread-1] INFO  server.RaftServerConfigKeys (ConfUtils.java:logGet(43)) - raft.server.log.statemachine.data.caching.enabled = true (custom)
2019-09-17 07:21:26,860 [pool-609-thread-1] INFO  server.RaftServerConfigKeys (ConfUtils.java:logGet(43)) - raft.server.log.queue.byte-limit = 2147483647 (custom)
2019-09-17 07:21:26,861 [pool-649-thread-1] INFO  server.RaftServerConfigKeys (ConfUtils.java:logGet(43)) - raft.server.log.segment.size.max = 1048576 (custom)
2019-09-17 07:21:26,861 [pool-599-thread-1] INFO  segmented.SegmentedRaftLogWorker (SegmentedRaftLogWorker.java:lambda$new$0(132)) - 8914721e-e6fd-428a-8274-c97b8de6844d@group-9A2654ED430F-SegmentedRaftLogWorker: flushIndex: setUnconditionally 0 -> -1
2019-09-17 07:21:26,861 [pool-609-thread-1] INFO  server.RaftServerConfigKeys (ConfUtils.java:logGet(43)) - raft.server.log.queue.element-limit = 1024 (custom)
2019-09-17 07:21:26,861 [pool-649-thread-1] INFO  server.RaftServerConfigKeys (ConfUtils.java:logGet(43)) - raft.server.log.preallocated.size = 16384 (custom)
2019-09-17 07:21:26,932 [pool-649-thread-1] INFO  server.RaftServerConfigKeys (ConfUtils.java:logGet(43)) - raft.server.log.write.buffer.size = 33554432 (custom)
2019-09-17 07:21:26,932 [pool-649-thread-1] INFO  server.RaftServerConfigKeys (ConfUtils.java:logGet(43)) - raft.server.log.force.sync.num = 128 (default)
2019-09-17 07:21:26,934 [pool-599-thread-1] INFO  server.RaftServerConfigKeys (ConfUtils.java:logGet(43)) - raft.server.snapshot.auto.trigger.enabled = true (custom)
2019-09-17 07:21:26,934 [pool-609-thread-1] INFO  server.RaftServerConfigKeys (ConfUtils.java:logGet(43)) - raft.server.log.segment.size.max = 1048576 (custom)
2019-09-17 07:21:26,934 [pool-599-thread-1] INFO  server.RaftServerConfigKeys (ConfUtils.java:logGet(43)) - raft.server.snapshot.auto.trigger.threshold = 10000 (custom)
2019-09-17 07:21:26,935 [pool-599-thread-1] INFO  server.RaftServerConfigKeys (ConfUtils.java:logGet(43)) - raft.server.snapshot.retention.num.files = 5 (custom)
2019-09-17 07:21:26,934 [pool-649-thread-1] INFO  server.RaftServerConfigKeys (ConfUtils.java:logGet(43)) - raft.server.log.statemachine.data.sync = true (default)
2019-09-17 07:21:26,935 [pool-599-thread-1] INFO  server.RaftServerConfigKeys (ConfUtils.java:logGet(43)) - raft.server.retrycache.expirytime = 600000ms (custom)
2019-09-17 07:21:26,935 [pool-609-thread-1] INFO  server.RaftServerConfigKeys (ConfUtils.java:logGet(43)) - raft.server.log.preallocated.size = 16384 (custom)
2019-09-17 07:21:26,935 [pool-649-thread-1] INFO  server.RaftServerConfigKeys (ConfUtils.java:logGet(43)) - raft.server.log.statemachine.data.sync.timeout = 10s (default)
2019-09-17 07:21:26,936 [pool-609-thread-1] INFO  server.RaftServerConfigKeys (ConfUtils.java:logGet(43)) - raft.server.log.write.buffer.size = 33554432 (custom)
2019-09-17 07:21:26,936 [grpc-default-executor-6] INFO  client.GrpcClientProtocolClient (GrpcClientProtocolClient.java:onNext(264)) - client-4CE01465821C->56dbe93a-5974-4a13-8b2c-4d24aa3aff1d: receive RaftClientReply:client-4CE01465821C->56dbe93a-5974-4a13-8b2c-4d24aa3aff1d@group-ACD078D67A55, cid=257, SUCCESS, logIndex=7, commits[56dbe93a-5974-4a13-8b2c-4d24aa3aff1d:c12, bc5ac98c-2c48-4d28-9cfb-f439c68ccdab:c9, d2382816-3e88-4f44-9ea2-137bcd39c785:c9]
2019-09-17 07:21:26,936 [pool-649-thread-1] INFO  server.RaftServerConfigKeys (ConfUtils.java:logGet(43)) - raft.server.log.statemachine.data.sync.timeout.retry = -1 (default)
2019-09-17 07:21:26,936 [pool-609-thread-1] INFO  server.RaftServerConfigKeys (ConfUtils.java:logGet(43)) - raft.server.log.force.sync.num = 128 (default)
2019-09-17 07:21:26,936 [pool-649-thread-1] INFO  server.RaftServerConfigKeys (ConfUtils.java:logGet(43)) - raft.server.log.statemachine.data.caching.enabled = true (custom)
2019-09-17 07:21:26,937 [pool-609-thread-1] INFO  server.RaftServerConfigKeys (ConfUtils.java:logGet(43)) - raft.server.log.statemachine.data.sync = true (default)
2019-09-17 07:21:26,937 [pool-649-thread-1] INFO  segmented.SegmentedRaftLogWorker (SegmentedRaftLogWorker.java:lambda$new$0(132)) - d9c705ac-0a89-46f8-8359-de24410f3e43@group-9A2654ED430F-SegmentedRaftLogWorker: flushIndex: setUnconditionally 0 -> -1
2019-09-17 07:21:26,937 [pool-609-thread-1] INFO  server.RaftServerConfigKeys (ConfUtils.java:logGet(43)) - raft.server.log.statemachine.data.sync.timeout = 10s (default)
2019-09-17 07:21:26,937 [pool-649-thread-1] INFO  server.RaftServerConfigKeys (ConfUtils.java:logGet(43)) - raft.server.snapshot.auto.trigger.enabled = true (custom)
2019-09-17 07:21:26,937 [pool-609-thread-1] INFO  server.RaftServerConfigKeys (ConfUtils.java:logGet(43)) - raft.server.log.statemachine.data.sync.timeout.retry = -1 (default)
2019-09-17 07:21:26,937 [pool-649-thread-1] INFO  server.RaftServerConfigKeys (ConfUtils.java:logGet(43)) - raft.server.snapshot.auto.trigger.threshold = 10000 (custom)
2019-09-17 07:21:26,938 [pool-609-thread-1] INFO  server.RaftServerConfigKeys (ConfUtils.java:logGet(43)) - raft.server.log.statemachine.data.caching.enabled = true (custom)
2019-09-17 07:21:26,938 [pool-649-thread-1] INFO  server.RaftServerConfigKeys (ConfUtils.java:logGet(43)) - raft.server.snapshot.retention.num.files = 5 (custom)
2019-09-17 07:21:26,940 [pool-649-thread-1] INFO  server.RaftServerConfigKeys (ConfUtils.java:logGet(43)) - raft.server.retrycache.expirytime = 600000ms (custom)
2019-09-17 07:21:26,940 [pool-609-thread-1] INFO  segmented.SegmentedRaftLogWorker (SegmentedRaftLogWorker.java:lambda$new$0(132)) - 783b8b0d-2e4b-4296-bbed-3f010e7af5dd@group-9A2654ED430F-SegmentedRaftLogWorker: flushIndex: setUnconditionally 0 -> -1
2019-09-17 07:21:26,940 [pool-599-thread-1] INFO  impl.RaftServerImpl (RaftServerImpl.java:start(185)) - 8914721e-e6fd-428a-8274-c97b8de6844d@group-9A2654ED430F: start as a follower, conf=-1: [d9c705ac-0a89-46f8-8359-de24410f3e43:192.168.157.246:36206, 783b8b0d-2e4b-4296-bbed-3f010e7af5dd:192.168.157.246:43483, 8914721e-e6fd-428a-8274-c97b8de6844d:192.168.157.246:38699], old=null
2019-09-17 07:21:26,941 [pool-609-thread-1] INFO  server.RaftServerConfigKeys (ConfUtils.java:logGet(43)) - raft.server.snapshot.auto.trigger.enabled = true (custom)
2019-09-17 07:21:26,941 [pool-599-thread-1] INFO  impl.RaftServerImpl (RaftServerImpl.java:setRole(174)) - 8914721e-e6fd-428a-8274-c97b8de6844d@group-9A2654ED430F: changes role from      null to FOLLOWER at term 0 for startAsFollower
2019-09-17 07:21:26,941 [pool-609-thread-1] INFO  server.RaftServerConfigKeys (ConfUtils.java:logGet(43)) - raft.server.snapshot.auto.trigger.threshold = 10000 (custom)
2019-09-17 07:21:26,941 [pool-599-thread-1] INFO  impl.RoleInfo (RoleInfo.java:updateAndGet(143)) - 8914721e-e6fd-428a-8274-c97b8de6844d: start FollowerState
2019-09-17 07:21:26,941 [pool-609-thread-1] INFO  server.RaftServerConfigKeys (ConfUtils.java:logGet(43)) - raft.server.snapshot.retention.num.files = 5 (custom)
2019-09-17 07:21:26,942 [pool-609-thread-1] INFO  server.RaftServerConfigKeys (ConfUtils.java:logGet(43)) - raft.server.retrycache.expirytime = 600000ms (custom)
2019-09-17 07:21:26,942 [pool-599-thread-1] INFO  util.JmxRegister (JmxRegister.java:tryRegister(44)) - Successfully registered JMX Bean with object name Ratis:service=RaftServer,group=group-9A2654ED430F,id=8914721e-e6fd-428a-8274-c97b8de6844d
2019-09-17 07:21:26,942 [pool-649-thread-1] INFO  impl.RaftServerImpl (RaftServerImpl.java:start(185)) - d9c705ac-0a89-46f8-8359-de24410f3e43@group-9A2654ED430F: start as a follower, conf=-1: [d9c705ac-0a89-46f8-8359-de24410f3e43:192.168.157.246:36206, 783b8b0d-2e4b-4296-bbed-3f010e7af5dd:192.168.157.246:43483, 8914721e-e6fd-428a-8274-c97b8de6844d:192.168.157.246:38699], old=null
2019-09-17 07:21:26,943 [pool-649-thread-1] INFO  impl.RaftServerImpl (RaftServerImpl.java:setRole(174)) - d9c705ac-0a89-46f8-8359-de24410f3e43@group-9A2654ED430F: changes role from      null to FOLLOWER at term 0 for startAsFollower
2019-09-17 07:21:26,943 [pool-649-thread-1] INFO  impl.RoleInfo (RoleInfo.java:updateAndGet(143)) - d9c705ac-0a89-46f8-8359-de24410f3e43: start FollowerState
2019-09-17 07:21:26,943 [pool-649-thread-1] INFO  util.JmxRegister (JmxRegister.java:tryRegister(44)) - Successfully registered JMX Bean with object name Ratis:service=RaftServer,group=group-9A2654ED430F,id=d9c705ac-0a89-46f8-8359-de24410f3e43
2019-09-17 07:21:26,945 [pool-609-thread-1] INFO  impl.RaftServerImpl (RaftServerImpl.java:start(185)) - 783b8b0d-2e4b-4296-bbed-3f010e7af5dd@group-9A2654ED430F: start as a follower, conf=-1: [d9c705ac-0a89-46f8-8359-de24410f3e43:192.168.157.246:36206, 783b8b0d-2e4b-4296-bbed-3f010e7af5dd:192.168.157.246:43483, 8914721e-e6fd-428a-8274-c97b8de6844d:192.168.157.246:38699], old=null
2019-09-17 07:21:26,946 [pool-609-thread-1] INFO  impl.RaftServerImpl (RaftServerImpl.java:setRole(174)) - 783b8b0d-2e4b-4296-bbed-3f010e7af5dd@group-9A2654ED430F: changes role from      null to FOLLOWER at term 0 for startAsFollower
2019-09-17 07:21:26,946 [pool-609-thread-1] INFO  impl.RoleInfo (RoleInfo.java:updateAndGet(143)) - 783b8b0d-2e4b-4296-bbed-3f010e7af5dd: start FollowerState
2019-09-17 07:21:26,946 [pool-609-thread-1] INFO  util.JmxRegister (JmxRegister.java:tryRegister(44)) - Successfully registered JMX Bean with object name Ratis:service=RaftServer,group=group-9A2654ED430F,id=783b8b0d-2e4b-4296-bbed-3f010e7af5dd
2019-09-17 07:21:26,948 [RatisPipelineUtilsThread] INFO  pipeline.PipelineStateManager (PipelineStateManager.java:addPipeline(56)) - Created pipeline Pipeline[ Id: 6b59dae2-3b84-4026-a02c-9a2654ed430f, Nodes: 783b8b0d-2e4b-4296-bbed-3f010e7af5dd{ip: 192.168.157.246, host: pr-hdds-2016-n7825-135103490, networkLocation: /default-rack, certSerialId: null}8914721e-e6fd-428a-8274-c97b8de6844d{ip: 192.168.157.246, host: pr-hdds-2016-n7825-135103490, networkLocation: /default-rack, certSerialId: null}d9c705ac-0a89-46f8-8359-de24410f3e43{ip: 192.168.157.246, host: pr-hdds-2016-n7825-135103490, networkLocation: /default-rack, certSerialId: null}, Type:RATIS, Factor:THREE, State:OPEN]
2019-09-17 07:21:26,956 [grpc-default-executor-6] INFO  client.GrpcClientProtocolClient (GrpcClientProtocolClient.java:onNext(264)) - client-4CE01465821C->56dbe93a-5974-4a13-8b2c-4d24aa3aff1d: receive RaftClientReply:client-4CE01465821C->56dbe93a-5974-4a13-8b2c-4d24aa3aff1d@group-ACD078D67A55, cid=262, SUCCESS, logIndex=13, commits[56dbe93a-5974-4a13-8b2c-4d24aa3aff1d:c14, bc5ac98c-2c48-4d28-9cfb-f439c68ccdab:c12, d2382816-3e88-4f44-9ea2-137bcd39c785:c12]
2019-09-17 07:21:26,957 [grpc-default-executor-6] INFO  client.GrpcClientProtocolClient (GrpcClientProtocolClient.java:onNext(264)) - client-4CE01465821C->56dbe93a-5974-4a13-8b2c-4d24aa3aff1d: receive RaftClientReply:client-4CE01465821C->56dbe93a-5974-4a13-8b2c-4d24aa3aff1d@group-ACD078D67A55, cid=263, SUCCESS, logIndex=14, commits[56dbe93a-5974-4a13-8b2c-4d24aa3aff1d:c14, bc5ac98c-2c48-4d28-9cfb-f439c68ccdab:c12, d2382816-3e88-4f44-9ea2-137bcd39c785:c12]
2019-09-17 07:21:26,972 [grpc-default-executor-6] INFO  client.GrpcClientProtocolClient (GrpcClientProtocolClient.java:onNext(264)) - client-4CE01465821C->56dbe93a-5974-4a13-8b2c-4d24aa3aff1d: receive RaftClientReply:client-4CE01465821C->56dbe93a-5974-4a13-8b2c-4d24aa3aff1d@group-ACD078D67A55, cid=264, SUCCESS, logIndex=0, commits[56dbe93a-5974-4a13-8b2c-4d24aa3aff1d:c16, bc5ac98c-2c48-4d28-9cfb-f439c68ccdab:c14, d2382816-3e88-4f44-9ea2-137bcd39c785:c14]
2019-09-17 07:21:26,973 [main] INFO  ozone.MiniOzoneClusterImpl (MiniOzoneClusterImpl.java:shutdown(312)) - Shutting down the Mini Ozone Cluster
2019-09-17 07:21:26,974 [main] INFO  ozone.MiniOzoneClusterImpl (MiniOzoneClusterImpl.java:stop(327)) - Stopping the Mini Ozone Cluster
2019-09-17 07:21:26,974 [main] INFO  ozone.MiniOzoneClusterImpl (MiniOzoneClusterImpl.java:stop(329)) - Stopping the OzoneManager
2019-09-17 07:21:26,974 [main] INFO  ipc.Server (Server.java:stop(3082)) - Stopping server on 36731
2019-09-17 07:21:26,982 [IPC Server listener on 36731] INFO  ipc.Server (Server.java:run(1185)) - Stopping IPC Server listener on 36731
2019-09-17 07:21:26,982 [main] INFO  ratis.OzoneManagerDoubleBuffer (OzoneManagerDoubleBuffer.java:stop(248)) - Stopping OMDoubleBuffer flush thread
2019-09-17 07:21:26,987 [IPC Server Responder] INFO  ipc.Server (Server.java:run(1319)) - Stopping IPC Server Responder
2019-09-17 07:21:26,990 [OMDoubleBufferFlushThread] INFO  ratis.OzoneManagerDoubleBuffer (OzoneManagerDoubleBuffer.java:flushTransactions(191)) - OMDoubleBuffer flush thread OMDoubleBufferFlushThread is interrupted and will exit. OMDoubleBufferFlushThread
2019-09-17 07:21:26,998 [main] INFO  utils.BackgroundService (BackgroundService.java:shutdown(148)) - Shutting down service KeyDeletingService
2019-09-17 07:21:27,021 [main] INFO  handler.ContextHandler (ContextHandler.java:doStop(910)) - Stopped o.e.j.w.WebAppContext@7b7068d8{/,null,UNAVAILABLE}{/ozoneManager}
2019-09-17 07:21:27,021 [main] INFO  server.AbstractConnector (AbstractConnector.java:doStop(318)) - Stopped ServerConnector@1d8e9d3e{HTTP/1.1,[http/1.1]}{0.0.0.0:0}
2019-09-17 07:21:27,022 [main] INFO  handler.ContextHandler (ContextHandler.java:doStop(910)) - Stopped o.e.j.s.ServletContextHandler@4e94669c{/static,file:///workdir/hadoop-ozone/integration-test/target/test-classes/webapps/static,UNAVAILABLE}
2019-09-17 07:21:27,022 [main] INFO  handler.ContextHandler (ContextHandler.java:doStop(910)) - Stopped o.e.j.s.ServletContextHandler@4b07cad0{/logs,file:///workdir/hadoop-ozone/integration-test/target/log,UNAVAILABLE}
2019-09-17 07:21:27,025 [main] INFO  ozone.MiniOzoneClusterImpl (MiniOzoneClusterImpl.java:stop(335)) - Shutting the HddsDatanodes
2019-09-17 07:21:27,396 [Datanode State Machine Thread - 0] INFO  statemachine.DatanodeStateMachine (DatanodeStateMachine.java:lambda$startDaemon$0(350)) - Ozone container server started.
2019-09-17 07:21:27,433 [Datanode State Machine Thread - 0] INFO  statemachine.DatanodeStateMachine (DatanodeStateMachine.java:lambda$startDaemon$0(350)) - Ozone container server started.
2019-09-17 07:21:29,183 [grpc-default-executor-6] INFO  impl.RaftServerProxy (RaftServerProxy.java:remove(95)) - 783b8b0d-2e4b-4296-bbed-3f010e7af5dd: remove group-48638E47C87F:null
2019-09-17 07:21:29,190 [RatisPipelineUtilsThread] WARN  pipeline.RatisPipelineUtils (RatisPipelineUtils.java:destroyPipeline(66)) - Pipeline destroy failed for pipeline=PipelineID=7701c700-c295-448b-ae11-48638e47c87f dn=783b8b0d-2e4b-4296-bbed-3f010e7af5dd{ip: 192.168.157.246, host: pr-hdds-2016-n7825-135103490, networkLocation: /default-rack, certSerialId: null}
2019-09-17 07:21:29,192 [grpc-default-executor-6] INFO  impl.RaftServerProxy (RaftServerProxy.java:remove(95)) - 8914721e-e6fd-428a-8274-c97b8de6844d: remove group-48638E47C87F:null
2019-09-17 07:21:29,198 [RatisPipelineUtilsThread] WARN  pipeline.RatisPipelineUtils (RatisPipelineUtils.java:destroyPipeline(66)) - Pipeline destroy failed for pipeline=PipelineID=7701c700-c295-448b-ae11-48638e47c87f dn=8914721e-e6fd-428a-8274-c97b8de6844d{ip: 192.168.157.246, host: pr-hdds-2016-n7825-135103490, networkLocation: /default-rack, certSerialId: null}
2019-09-17 07:21:29,199 [grpc-default-executor-6] INFO  impl.RaftServerProxy (RaftServerProxy.java:remove(95)) - 5d850b7b-f02e-4029-a6ce-7c22cb722049: remove group-48638E47C87F:null
2019-09-17 07:21:29,205 [RatisPipelineUtilsThread] WARN  pipeline.RatisPipelineUtils (RatisPipelineUtils.java:destroyPipeline(66)) - Pipeline destroy failed for pipeline=PipelineID=7701c700-c295-448b-ae11-48638e47c87f dn=5d850b7b-f02e-4029-a6ce-7c22cb722049{ip: 192.168.157.246, host: pr-hdds-2016-n7825-135103490, networkLocation: /default-rack, certSerialId: null}
2019-09-17 07:21:29,205 [RatisPipelineUtilsThread] ERROR pipeline.SCMPipelineManager (Scheduler.java:lambda$schedule$1(70)) - Destroy pipeline failed for pipeline:Pipeline[ Id: 7701c700-c295-448b-ae11-48638e47c87f, Nodes: 783b8b0d-2e4b-4296-bbed-3f010e7af5dd{ip: 192.168.157.246, host: pr-hdds-2016-n7825-135103490, networkLocation: /default-rack, certSerialId: null}8914721e-e6fd-428a-8274-c97b8de6844d{ip: 192.168.157.246, host: pr-hdds-2016-n7825-135103490, networkLocation: /default-rack, certSerialId: null}5d850b7b-f02e-4029-a6ce-7c22cb722049{ip: 192.168.157.246, host: pr-hdds-2016-n7825-135103490, networkLocation: /default-rack, certSerialId: null}, Type:RATIS, Factor:THREE, State:CLOSED]
org.apache.hadoop.hdds.scm.pipeline.PipelineNotFoundException: PipelineID=7701c700-c295-448b-ae11-48638e47c87f not found
	at org.apache.hadoop.hdds.scm.pipeline.PipelineStateMap.getPipeline(PipelineStateMap.java:132)
	at org.apache.hadoop.hdds.scm.pipeline.PipelineStateMap.removePipeline(PipelineStateMap.java:322)
	at org.apache.hadoop.hdds.scm.pipeline.PipelineStateManager.removePipeline(PipelineStateManager.java:107)
	at org.apache.hadoop.hdds.scm.pipeline.SCMPipelineManager.removePipeline(SCMPipelineManager.java:423)
	at org.apache.hadoop.hdds.scm.pipeline.SCMPipelineManager.destroyPipeline(SCMPipelineManager.java:409)
	at org.apache.hadoop.hdds.scm.pipeline.SCMPipelineManager.lambda$finalizeAndDestroyPipeline$0(SCMPipelineManager.java:318)
	at org.apache.hadoop.utils.Scheduler.lambda$schedule$1(Scheduler.java:68)
	at java.util.concurrent.Executors$RunnableAdapter.call(Executors.java:511)
	at java.util.concurrent.FutureTask.run(FutureTask.java:266)
	at java.util.concurrent.ScheduledThreadPoolExecutor$ScheduledFutureTask.access$201(ScheduledThreadPoolExecutor.java:180)
	at java.util.concurrent.ScheduledThreadPoolExecutor$ScheduledFutureTask.run(ScheduledThreadPoolExecutor.java:293)
	at java.util.concurrent.ThreadPoolExecutor.runWorker(ThreadPoolExecutor.java:1149)
	at java.util.concurrent.ThreadPoolExecutor$Worker.run(ThreadPoolExecutor.java:624)
	at java.lang.Thread.run(Thread.java:748)
2019-09-17 07:21:30,159 [grpc-default-executor-6] INFO  impl.RaftServerProxy (RaftServerProxy.java:remove(95)) - 783b8b0d-2e4b-4296-bbed-3f010e7af5dd: remove group-48638E47C87F:null
2019-09-17 07:21:30,167 [RatisPipelineUtilsThread] WARN  pipeline.RatisPipelineUtils (RatisPipelineUtils.java:destroyPipeline(66)) - Pipeline destroy failed for pipeline=PipelineID=7701c700-c295-448b-ae11-48638e47c87f dn=783b8b0d-2e4b-4296-bbed-3f010e7af5dd{ip: 192.168.157.246, host: pr-hdds-2016-n7825-135103490, networkLocation: /default-rack, certSerialId: null}
2019-09-17 07:21:30,169 [grpc-default-executor-6] INFO  impl.RaftServerProxy (RaftServerProxy.java:remove(95)) - 8914721e-e6fd-428a-8274-c97b8de6844d: remove group-48638E47C87F:null
2019-09-17 07:21:30,174 [RatisPipelineUtilsThread] WARN  pipeline.RatisPipelineUtils (RatisPipelineUtils.java:destroyPipeline(66)) - Pipeline destroy failed for pipeline=PipelineID=7701c700-c295-448b-ae11-48638e47c87f dn=8914721e-e6fd-428a-8274-c97b8de6844d{ip: 192.168.157.246, host: pr-hdds-2016-n7825-135103490, networkLocation: /default-rack, certSerialId: null}
2019-09-17 07:21:30,176 [grpc-default-executor-6] INFO  impl.RaftServerProxy (RaftServerProxy.java:remove(95)) - 5d850b7b-f02e-4029-a6ce-7c22cb722049: remove group-48638E47C87F:null
2019-09-17 07:21:30,181 [RatisPipelineUtilsThread] WARN  pipeline.RatisPipelineUtils (RatisPipelineUtils.java:destroyPipeline(66)) - Pipeline destroy failed for pipeline=PipelineID=7701c700-c295-448b-ae11-48638e47c87f dn=5d850b7b-f02e-4029-a6ce-7c22cb722049{ip: 192.168.157.246, host: pr-hdds-2016-n7825-135103490, networkLocation: /default-rack, certSerialId: null}
2019-09-17 07:21:30,182 [RatisPipelineUtilsThread] ERROR pipeline.SCMPipelineManager (Scheduler.java:lambda$schedule$1(70)) - Destroy pipeline failed for pipeline:Pipeline[ Id: 7701c700-c295-448b-ae11-48638e47c87f, Nodes: 783b8b0d-2e4b-4296-bbed-3f010e7af5dd{ip: 192.168.157.246, host: pr-hdds-2016-n7825-135103490, networkLocation: /default-rack, certSerialId: null}8914721e-e6fd-428a-8274-c97b8de6844d{ip: 192.168.157.246, host: pr-hdds-2016-n7825-135103490, networkLocation: /default-rack, certSerialId: null}5d850b7b-f02e-4029-a6ce-7c22cb722049{ip: 192.168.157.246, host: pr-hdds-2016-n7825-135103490, networkLocation: /default-rack, certSerialId: null}, Type:RATIS, Factor:THREE, State:CLOSED]
org.apache.hadoop.hdds.scm.pipeline.PipelineNotFoundException: PipelineID=7701c700-c295-448b-ae11-48638e47c87f not found
	at org.apache.hadoop.hdds.scm.pipeline.PipelineStateMap.getPipeline(PipelineStateMap.java:132)
	at org.apache.hadoop.hdds.scm.pipeline.PipelineStateMap.removePipeline(PipelineStateMap.java:322)
	at org.apache.hadoop.hdds.scm.pipeline.PipelineStateManager.removePipeline(PipelineStateManager.java:107)
	at org.apache.hadoop.hdds.scm.pipeline.SCMPipelineManager.removePipeline(SCMPipelineManager.java:423)
	at org.apache.hadoop.hdds.scm.pipeline.SCMPipelineManager.destroyPipeline(SCMPipelineManager.java:409)
	at org.apache.hadoop.hdds.scm.pipeline.SCMPipelineManager.lambda$finalizeAndDestroyPipeline$0(SCMPipelineManager.java:318)
	at org.apache.hadoop.utils.Scheduler.lambda$schedule$1(Scheduler.java:68)
	at java.util.concurrent.Executors$RunnableAdapter.call(Executors.java:511)
	at java.util.concurrent.FutureTask.run(FutureTask.java:266)
	at java.util.concurrent.ScheduledThreadPoolExecutor$ScheduledFutureTask.access$201(ScheduledThreadPoolExecutor.java:180)
	at java.util.concurrent.ScheduledThreadPoolExecutor$ScheduledFutureTask.run(ScheduledThreadPoolExecutor.java:293)
	at java.util.concurrent.ThreadPoolExecutor.runWorker(ThreadPoolExecutor.java:1149)
	at java.util.concurrent.ThreadPoolExecutor$Worker.run(ThreadPoolExecutor.java:624)
	at java.lang.Thread.run(Thread.java:748)
2019-09-17 07:21:31,426 [EventQueue-StaleNodeForStaleNodeHandler] INFO  node.StaleNodeHandler (StaleNodeHandler.java:onMessage(58)) - Datanode 8914721e-e6fd-428a-8274-c97b8de6844d{ip: 192.168.157.246, host: pr-hdds-2016-n7825-135103490, networkLocation: /default-rack, certSerialId: null} moved to stale state. Finalizing its pipelines [PipelineID=6b59dae2-3b84-4026-a02c-9a2654ed430f, PipelineID=6339cd8e-ced3-468a-bd92-cd908f000c2e]
2019-09-17 07:21:31,426 [EventQueue-StaleNodeForStaleNodeHandler] INFO  pipeline.SCMPipelineManager (SCMPipelineManager.java:finalizeAndDestroyPipeline(311)) - destroying pipeline:Pipeline[ Id: 6b59dae2-3b84-4026-a02c-9a2654ed430f, Nodes: 783b8b0d-2e4b-4296-bbed-3f010e7af5dd{ip: 192.168.157.246, host: pr-hdds-2016-n7825-135103490, networkLocation: /default-rack, certSerialId: null}8914721e-e6fd-428a-8274-c97b8de6844d{ip: 192.168.157.246, host: pr-hdds-2016-n7825-135103490, networkLocation: /default-rack, certSerialId: null}d9c705ac-0a89-46f8-8359-de24410f3e43{ip: 192.168.157.246, host: pr-hdds-2016-n7825-135103490, networkLocation: /default-rack, certSerialId: null}, Type:RATIS, Factor:THREE, State:OPEN]
2019-09-17 07:21:31,427 [EventQueue-StaleNodeForStaleNodeHandler] INFO  pipeline.PipelineStateManager (PipelineStateManager.java:finalizePipeline(123)) - Pipeline Pipeline[ Id: 6b59dae2-3b84-4026-a02c-9a2654ed430f, Nodes: 783b8b0d-2e4b-4296-bbed-3f010e7af5dd{ip: 192.168.157.246, host: pr-hdds-2016-n7825-135103490, networkLocation: /default-rack, certSerialId: null}8914721e-e6fd-428a-8274-c97b8de6844d{ip: 192.168.157.246, host: pr-hdds-2016-n7825-135103490, networkLocation: /default-rack, certSerialId: null}d9c705ac-0a89-46f8-8359-de24410f3e43{ip: 192.168.157.246, host: pr-hdds-2016-n7825-135103490, networkLocation: /default-rack, certSerialId: null}, Type:RATIS, Factor:THREE, State:CLOSED] moved to CLOSED state
2019-09-17 07:21:31,427 [EventQueue-StaleNodeForStaleNodeHandler] INFO  pipeline.SCMPipelineManager (SCMPipelineManager.java:finalizeAndDestroyPipeline(311)) - destroying pipeline:Pipeline[ Id: 6339cd8e-ced3-468a-bd92-cd908f000c2e, Nodes: 8914721e-e6fd-428a-8274-c97b8de6844d{ip: 192.168.157.246, host: pr-hdds-2016-n7825-135103490, networkLocation: /default-rack, certSerialId: null}, Type:RATIS, Factor:ONE, State:OPEN]
2019-09-17 07:21:31,427 [EventQueue-StaleNodeForStaleNodeHandler] INFO  pipeline.PipelineStateManager (PipelineStateManager.java:finalizePipeline(123)) - Pipeline Pipeline[ Id: 6339cd8e-ced3-468a-bd92-cd908f000c2e, Nodes: 8914721e-e6fd-428a-8274-c97b8de6844d{ip: 192.168.157.246, host: pr-hdds-2016-n7825-135103490, networkLocation: /default-rack, certSerialId: null}, Type:RATIS, Factor:ONE, State:CLOSED] moved to CLOSED state
2019-09-17 07:21:31,526 [EventQueue-StaleNodeForStaleNodeHandler] INFO  node.StaleNodeHandler (StaleNodeHandler.java:onMessage(58)) - Datanode 56dbe93a-5974-4a13-8b2c-4d24aa3aff1d{ip: 192.168.157.246, host: pr-hdds-2016-n7825-135103490, networkLocation: /default-rack, certSerialId: null} moved to stale state. Finalizing its pipelines [PipelineID=e2d12d66-6f51-4a6d-953f-acd078d67a55, PipelineID=2775592b-fafa-4fa9-b4d2-50c122bf77ef]
2019-09-17 07:21:31,526 [EventQueue-StaleNodeForStaleNodeHandler] INFO  pipeline.SCMPipelineManager (SCMPipelineManager.java:finalizeAndDestroyPipeline(311)) - destroying pipeline:Pipeline[ Id: e2d12d66-6f51-4a6d-953f-acd078d67a55, Nodes: bc5ac98c-2c48-4d28-9cfb-f439c68ccdab{ip: 192.168.157.246, host: pr-hdds-2016-n7825-135103490, networkLocation: /default-rack, certSerialId: null}d2382816-3e88-4f44-9ea2-137bcd39c785{ip: 192.168.157.246, host: pr-hdds-2016-n7825-135103490, networkLocation: /default-rack, certSerialId: null}56dbe93a-5974-4a13-8b2c-4d24aa3aff1d{ip: 192.168.157.246, host: pr-hdds-2016-n7825-135103490, networkLocation: /default-rack, certSerialId: null}, Type:RATIS, Factor:THREE, State:OPEN]
2019-09-17 07:21:31,526 [EventQueue-StaleNodeForStaleNodeHandler] INFO  pipeline.PipelineStateManager (PipelineStateManager.java:finalizePipeline(123)) - Pipeline Pipeline[ Id: e2d12d66-6f51-4a6d-953f-acd078d67a55, Nodes: bc5ac98c-2c48-4d28-9cfb-f439c68ccdab{ip: 192.168.157.246, host: pr-hdds-2016-n7825-135103490, networkLocation: /default-rack, certSerialId: null}d2382816-3e88-4f44-9ea2-137bcd39c785{ip: 192.168.157.246, host: pr-hdds-2016-n7825-135103490, networkLocation: /default-rack, certSerialId: null}56dbe93a-5974-4a13-8b2c-4d24aa3aff1d{ip: 192.168.157.246, host: pr-hdds-2016-n7825-135103490, networkLocation: /default-rack, certSerialId: null}, Type:RATIS, Factor:THREE, State:CLOSED] moved to CLOSED state
2019-09-17 07:21:31,526 [EventQueue-StaleNodeForStaleNodeHandler] INFO  pipeline.SCMPipelineManager (SCMPipelineManager.java:finalizeAndDestroyPipeline(311)) - destroying pipeline:Pipeline[ Id: 2775592b-fafa-4fa9-b4d2-50c122bf77ef, Nodes: 56dbe93a-5974-4a13-8b2c-4d24aa3aff1d{ip: 192.168.157.246, host: pr-hdds-2016-n7825-135103490, networkLocation: /default-rack, certSerialId: null}, Type:RATIS, Factor:ONE, State:OPEN]
2019-09-17 07:21:31,526 [EventQueue-CloseContainerForCloseContainerEventHandler] INFO  container.CloseContainerEventHandler (CloseContainerEventHandler.java:onMessage(61)) - Close container Event triggered for container : #3
2019-09-17 07:21:31,527 [EventQueue-StaleNodeForStaleNodeHandler] INFO  pipeline.PipelineStateManager (PipelineStateManager.java:finalizePipeline(123)) - Pipeline Pipeline[ Id: 2775592b-fafa-4fa9-b4d2-50c122bf77ef, Nodes: 56dbe93a-5974-4a13-8b2c-4d24aa3aff1d{ip: 192.168.157.246, host: pr-hdds-2016-n7825-135103490, networkLocation: /default-rack, certSerialId: null}, Type:RATIS, Factor:ONE, State:CLOSED] moved to CLOSED state
2019-09-17 07:21:31,993 [Thread-4833] INFO  impl.FollowerState (FollowerState.java:run(106)) - 783b8b0d-2e4b-4296-bbed-3f010e7af5dd:group-9A2654ED430F changes to CANDIDATE, lastRpcTime:5047, electionTimeout:5047ms
2019-09-17 07:21:31,994 [Thread-4833] INFO  impl.RoleInfo (RoleInfo.java:shutdownFollowerState(121)) - 783b8b0d-2e4b-4296-bbed-3f010e7af5dd: shutdown FollowerState
2019-09-17 07:21:31,995 [Thread-4833] INFO  impl.RaftServerImpl (RaftServerImpl.java:setRole(174)) - 783b8b0d-2e4b-4296-bbed-3f010e7af5dd@group-9A2654ED430F: changes role from  FOLLOWER to CANDIDATE at term 0 for changeToCandidate
2019-09-17 07:21:31,995 [Thread-4833] INFO  impl.RoleInfo (RoleInfo.java:updateAndGet(143)) - 783b8b0d-2e4b-4296-bbed-3f010e7af5dd: start LeaderElection
2019-09-17 07:21:32,026 [783b8b0d-2e4b-4296-bbed-3f010e7af5dd@group-9A2654ED430F:LeaderElection98] INFO  impl.LeaderElection (LeaderElection.java:askForVotes(182)) - 783b8b0d-2e4b-4296-bbed-3f010e7af5dd@group-9A2654ED430F:LeaderElection98: begin an election at term 1 for -1: [d9c705ac-0a89-46f8-8359-de24410f3e43:192.168.157.246:36206, 783b8b0d-2e4b-4296-bbed-3f010e7af5dd:192.168.157.246:43483, 8914721e-e6fd-428a-8274-c97b8de6844d:192.168.157.246:38699], old=null
2019-09-17 07:21:32,027 [ForkJoinPool.commonPool-worker-0] INFO  ozoneimpl.OzoneContainer (OzoneContainer.java:stop(231)) - Attempting to stop container services.
2019-09-17 07:21:32,027 [main] INFO  ozoneimpl.OzoneContainer (OzoneContainer.java:stop(231)) - Attempting to stop container services.
2019-09-17 07:21:32,028 [ForkJoinPool.commonPool-worker-0] INFO  impl.RaftServerProxy (RaftServerProxy.java:lambda$close$4(314)) - 8914721e-e6fd-428a-8274-c97b8de6844d: close
2019-09-17 07:21:32,028 [main] INFO  impl.RaftServerProxy (RaftServerProxy.java:lambda$close$4(314)) - 56dbe93a-5974-4a13-8b2c-4d24aa3aff1d: close
2019-09-17 07:21:32,029 [ForkJoinPool.commonPool-worker-0] INFO  impl.RaftServerImpl (RaftServerImpl.java:lambda$shutdown$3(251)) - 8914721e-e6fd-428a-8274-c97b8de6844d@group-9A2654ED430F: shutdown
2019-09-17 07:21:32,029 [main] INFO  impl.RaftServerImpl (RaftServerImpl.java:lambda$shutdown$3(251)) - 56dbe93a-5974-4a13-8b2c-4d24aa3aff1d@group-ACD078D67A55: shutdown
2019-09-17 07:21:32,029 [ForkJoinPool.commonPool-worker-0] INFO  util.JmxRegister (JmxRegister.java:unregister(73)) - Successfully un-registered JMX Bean with object name Ratis:service=RaftServer,group=group-9A2654ED430F,id=8914721e-e6fd-428a-8274-c97b8de6844d
2019-09-17 07:21:32,033 [main] INFO  util.JmxRegister (JmxRegister.java:unregister(73)) - Successfully un-registered JMX Bean with object name Ratis:service=RaftServer,group=group-ACD078D67A55,id=56dbe93a-5974-4a13-8b2c-4d24aa3aff1d
2019-09-17 07:21:32,033 [ForkJoinPool.commonPool-worker-0] INFO  impl.RoleInfo (RoleInfo.java:shutdownFollowerState(121)) - 8914721e-e6fd-428a-8274-c97b8de6844d: shutdown FollowerState
2019-09-17 07:21:32,033 [main] INFO  impl.RoleInfo (RoleInfo.java:shutdownLeaderState(104)) - 56dbe93a-5974-4a13-8b2c-4d24aa3aff1d: shutdown LeaderState
2019-09-17 07:21:32,034 [Thread-4828] INFO  impl.FollowerState (FollowerState.java:run(115)) - 8914721e-e6fd-428a-8274-c97b8de6844d: FollowerState was interrupted: java.lang.InterruptedException: sleep interrupted
2019-09-17 07:21:32,034 [ForkJoinPool.commonPool-worker-0] INFO  impl.StateMachineUpdater (StateMachineUpdater.java:stopAndJoin(125)) - 8914721e-e6fd-428a-8274-c97b8de6844d@group-9A2654ED430F-StateMachineUpdater: set stopIndex = -1
2019-09-17 07:21:32,046 [grpc-default-executor-5] INFO  impl.RaftServerImpl (RaftServerImpl.java:setRole(174)) - d9c705ac-0a89-46f8-8359-de24410f3e43@group-9A2654ED430F: changes role from  FOLLOWER to FOLLOWER at term 1 for recognizeCandidate:783b8b0d-2e4b-4296-bbed-3f010e7af5dd
2019-09-17 07:21:32,039 [org.apache.ratis.server.impl.LogAppender$AppenderDaemon$$Lambda$521/268088635@46e9eafc] WARN  server.GrpcLogAppender (GrpcLogAppender.java:mayWait(143)) - 56dbe93a-5974-4a13-8b2c-4d24aa3aff1d@group-ACD078D67A55->bc5ac98c-2c48-4d28-9cfb-f439c68ccdab-GrpcLogAppender: Wait interrupted by java.lang.InterruptedException
2019-09-17 07:21:32,039 [org.apache.ratis.server.impl.LogAppender$AppenderDaemon$$Lambda$521/268088635@5797aa03] WARN  server.GrpcLogAppender (GrpcLogAppender.java:mayWait(143)) - 56dbe93a-5974-4a13-8b2c-4d24aa3aff1d@group-ACD078D67A55->d2382816-3e88-4f44-9ea2-137bcd39c785-GrpcLogAppender: Wait interrupted by java.lang.InterruptedException
2019-09-17 07:21:32,039 [main] INFO  impl.PendingRequests (PendingRequests.java:sendNotLeaderResponses(202)) - 56dbe93a-5974-4a13-8b2c-4d24aa3aff1d-PendingRequests: sendNotLeaderResponses
2019-09-17 07:21:32,047 [grpc-default-executor-11] INFO  server.GrpcServerProtocolService (GrpcServerProtocolService.java:onCompleted(113)) - d2382816-3e88-4f44-9ea2-137bcd39c785: Completed APPEND_ENTRIES, lastRequest: 56dbe93a-5974-4a13-8b2c-4d24aa3aff1d->d2382816-3e88-4f44-9ea2-137bcd39c785#94-t1, previous=(t:1, i:16), leaderCommit=16, initializing? false, entries: <empty>
2019-09-17 07:21:32,047 [grpc-default-executor-9] INFO  server.GrpcServerProtocolService (GrpcServerProtocolService.java:onCompleted(113)) - bc5ac98c-2c48-4d28-9cfb-f439c68ccdab: Completed APPEND_ENTRIES, lastRequest: 56dbe93a-5974-4a13-8b2c-4d24aa3aff1d->bc5ac98c-2c48-4d28-9cfb-f439c68ccdab#94-t1, previous=(t:1, i:16), leaderCommit=16, initializing? false, entries: <empty>
2019-09-17 07:21:32,046 [grpc-default-executor-5] INFO  impl.RoleInfo (RoleInfo.java:shutdownFollowerState(121)) - d9c705ac-0a89-46f8-8359-de24410f3e43: shutdown FollowerState
2019-09-17 07:21:32,046 [ForkJoinPool.commonPool-worker-0] INFO  impl.RaftServerImpl (ServerState.java:close(385)) - 8914721e-e6fd-428a-8274-c97b8de6844d@group-9A2654ED430F: closes. applyIndex: -1
2019-09-17 07:21:32,054 [Thread-4831] INFO  impl.FollowerState (FollowerState.java:run(115)) - d9c705ac-0a89-46f8-8359-de24410f3e43: FollowerState was interrupted: java.lang.InterruptedException: sleep interrupted
2019-09-17 07:21:32,054 [grpc-default-executor-5] INFO  impl.RoleInfo (RoleInfo.java:updateAndGet(143)) - d9c705ac-0a89-46f8-8359-de24410f3e43: start FollowerState
2019-09-17 07:21:32,054 [grpc-default-executor-6] WARN  server.GrpcServerProtocolService (LogUtils.java:warn(134)) - 8914721e-e6fd-428a-8274-c97b8de6844d: Failed requestVote 783b8b0d-2e4b-4296-bbed-3f010e7af5dd->8914721e-e6fd-428a-8274-c97b8de6844d#0: org.apache.ratis.protocol.ServerNotReadyException: 8914721e-e6fd-428a-8274-c97b8de6844d@group-9A2654ED430F is not in [RUNNING]: current state is CLOSING
2019-09-17 07:21:32,053 [56dbe93a-5974-4a13-8b2c-4d24aa3aff1d@group-ACD078D67A55-StateMachineUpdater] INFO  ratis.ContainerStateMachine (ContainerStateMachine.java:takeSnapshot(289)) - group-ACD078D67A55: Taking a snapshot at:(t:1, i:14) file /workdir/hadoop-ozone/integration-test/target/test-dir/MiniOzoneClusterImpl-23941a65-3452-474d-b3c0-503ff93f6bad/datanode-4/data/ratis/e2d12d66-6f51-4a6d-953f-acd078d67a55/sm/snapshot.1_14
2019-09-17 07:21:32,053 [grpc-default-executor-9] INFO  server.GrpcLogAppender (GrpcLogAppender.java:onCompleted(293)) - 56dbe93a-5974-4a13-8b2c-4d24aa3aff1d@group-ACD078D67A55->bc5ac98c-2c48-4d28-9cfb-f439c68ccdab-AppendLogResponseHandler: follower responses appendEntries COMPLETED
2019-09-17 07:21:32,053 [main] INFO  impl.StateMachineUpdater (StateMachineUpdater.java:stopAndJoin(125)) - 56dbe93a-5974-4a13-8b2c-4d24aa3aff1d@group-ACD078D67A55-StateMachineUpdater: set stopIndex = 16
2019-09-17 07:21:32,048 [grpc-default-executor-11] INFO  server.GrpcLogAppender (GrpcLogAppender.java:onCompleted(293)) - 56dbe93a-5974-4a13-8b2c-4d24aa3aff1d@group-ACD078D67A55->d2382816-3e88-4f44-9ea2-137bcd39c785-AppendLogResponseHandler: follower responses appendEntries COMPLETED
2019-09-17 07:21:32,057 [grpc-default-executor-9] INFO  impl.FollowerInfo (FollowerInfo.java:lambda$new$0(51)) - 56dbe93a-5974-4a13-8b2c-4d24aa3aff1d@group-ACD078D67A55->bc5ac98c-2c48-4d28-9cfb-f439c68ccdab: nextIndex: updateUnconditionally 17 -> 16
2019-09-17 07:21:32,057 [8914721e-e6fd-428a-8274-c97b8de6844d@group-9A2654ED430F-SegmentedRaftLogWorker] INFO  segmented.SegmentedRaftLogWorker (SegmentedRaftLogWorker.java:run(313)) - 8914721e-e6fd-428a-8274-c97b8de6844d@group-9A2654ED430F-SegmentedRaftLogWorker was interrupted, exiting. There are 0 tasks remaining in the queue.
2019-09-17 07:21:32,058 [grpc-default-executor-11] INFO  impl.FollowerInfo (FollowerInfo.java:lambda$new$0(51)) - 56dbe93a-5974-4a13-8b2c-4d24aa3aff1d@group-ACD078D67A55->d2382816-3e88-4f44-9ea2-137bcd39c785: nextIndex: updateUnconditionally 17 -> 16
2019-09-17 07:21:32,058 [ForkJoinPool.commonPool-worker-0] INFO  segmented.SegmentedRaftLogWorker (SegmentedRaftLogWorker.java:close(228)) - 8914721e-e6fd-428a-8274-c97b8de6844d@group-9A2654ED430F-SegmentedRaftLogWorker close()
2019-09-17 07:21:32,063 [ForkJoinPool.commonPool-worker-0] INFO  impl.RaftServerImpl (RaftServerImpl.java:lambda$shutdown$3(251)) - 8914721e-e6fd-428a-8274-c97b8de6844d@group-CD908F000C2E: shutdown
2019-09-17 07:21:32,064 [ForkJoinPool.commonPool-worker-0] INFO  util.JmxRegister (JmxRegister.java:unregister(73)) - Successfully un-registered JMX Bean with object name Ratis:service=RaftServer,group=group-CD908F000C2E,id=8914721e-e6fd-428a-8274-c97b8de6844d
2019-09-17 07:21:32,064 [ForkJoinPool.commonPool-worker-0] INFO  impl.RoleInfo (RoleInfo.java:shutdownLeaderState(104)) - 8914721e-e6fd-428a-8274-c97b8de6844d: shutdown LeaderState
2019-09-17 07:21:32,064 [ForkJoinPool.commonPool-worker-0] INFO  impl.PendingRequests (PendingRequests.java:sendNotLeaderResponses(202)) - 8914721e-e6fd-428a-8274-c97b8de6844d-PendingRequests: sendNotLeaderResponses
2019-09-17 07:21:32,064 [ForkJoinPool.commonPool-worker-0] INFO  impl.StateMachineUpdater (StateMachineUpdater.java:stopAndJoin(125)) - 8914721e-e6fd-428a-8274-c97b8de6844d@group-CD908F000C2E-StateMachineUpdater: set stopIndex = 0
2019-09-17 07:21:32,065 [ForkJoinPool.commonPool-worker-0] INFO  impl.RaftServerImpl (ServerState.java:close(385)) - 8914721e-e6fd-428a-8274-c97b8de6844d@group-CD908F000C2E: closes. applyIndex: 0
2019-09-17 07:21:32,065 [8914721e-e6fd-428a-8274-c97b8de6844d@group-CD908F000C2E-SegmentedRaftLogWorker] INFO  segmented.SegmentedRaftLogWorker (SegmentedRaftLogWorker.java:run(313)) - 8914721e-e6fd-428a-8274-c97b8de6844d@group-CD908F000C2E-SegmentedRaftLogWorker was interrupted, exiting. There are 0 tasks remaining in the queue.
2019-09-17 07:21:32,068 [ForkJoinPool.commonPool-worker-0] INFO  segmented.SegmentedRaftLogWorker (SegmentedRaftLogWorker.java:close(228)) - 8914721e-e6fd-428a-8274-c97b8de6844d@group-CD908F000C2E-SegmentedRaftLogWorker close()
2019-09-17 07:21:32,072 [ForkJoinPool.commonPool-worker-0] INFO  server.GrpcService (GrpcService.java:closeImpl(164)) - 8914721e-e6fd-428a-8274-c97b8de6844d: shutdown server with port 38699 now
2019-09-17 07:21:32,072 [783b8b0d-2e4b-4296-bbed-3f010e7af5dd@group-9A2654ED430F:LeaderElection98] INFO  impl.LeaderElection (LogUtils.java:infoOrTrace(149)) - 783b8b0d-2e4b-4296-bbed-3f010e7af5dd@group-9A2654ED430F:LeaderElection98 got exception when requesting votes: {}
java.util.concurrent.ExecutionException: org.apache.ratis.thirdparty.io.grpc.StatusRuntimeException: INTERNAL: 8914721e-e6fd-428a-8274-c97b8de6844d@group-9A2654ED430F is not in [RUNNING]: current state is CLOSING
	at java.util.concurrent.FutureTask.report(FutureTask.java:122)
	at java.util.concurrent.FutureTask.get(FutureTask.java:192)
	at org.apache.ratis.server.impl.LeaderElection.waitForResults(LeaderElection.java:263)
	at org.apache.ratis.server.impl.LeaderElection.askForVotes(LeaderElection.java:201)
	at org.apache.ratis.server.impl.LeaderElection.run(LeaderElection.java:133)
	at java.lang.Thread.run(Thread.java:748)
Caused by: org.apache.ratis.thirdparty.io.grpc.StatusRuntimeException: INTERNAL: 8914721e-e6fd-428a-8274-c97b8de6844d@group-9A2654ED430F is not in [RUNNING]: current state is CLOSING
	at org.apache.ratis.thirdparty.io.grpc.stub.ClientCalls.toStatusRuntimeException(ClientCalls.java:233)
	at org.apache.ratis.thirdparty.io.grpc.stub.ClientCalls.getUnchecked(ClientCalls.java:214)
	at org.apache.ratis.thirdparty.io.grpc.stub.ClientCalls.blockingUnaryCall(ClientCalls.java:139)
	at org.apache.ratis.proto.grpc.RaftServerProtocolServiceGrpc$RaftServerProtocolServiceBlockingStub.requestVote(RaftServerProtocolServiceGrpc.java:265)
	at org.apache.ratis.grpc.server.GrpcServerProtocolClient.requestVote(GrpcServerProtocolClient.java:90)
	at org.apache.ratis.grpc.server.GrpcService.requestVote(GrpcService.java:204)
	at org.apache.ratis.server.impl.LeaderElection.lambda$submitRequests$1(LeaderElection.java:238)
	at java.util.concurrent.FutureTask.run(FutureTask.java:266)
	at java.util.concurrent.Executors$RunnableAdapter.call(Executors.java:511)
	at java.util.concurrent.FutureTask.run(FutureTask.java:266)
	at java.util.concurrent.ThreadPoolExecutor.runWorker(ThreadPoolExecutor.java:1149)
	at java.util.concurrent.ThreadPoolExecutor$Worker.run(ThreadPoolExecutor.java:624)
	... 1 more
2019-09-17 07:21:32,073 [ForkJoinPool.commonPool-worker-0] INFO  server.GrpcService (GrpcService.java:closeImpl(172)) - 8914721e-e6fd-428a-8274-c97b8de6844d: shutdown server with port 38699 successfully
2019-09-17 07:21:32,079 [refreshUsed-/workdir/hadoop-ozone/integration-test/target/test-dir/MiniOzoneClusterImpl-23941a65-3452-474d-b3c0-503ff93f6bad/datanode-1/data/containers] WARN  fs.CachingGetSpaceUsed (CachingGetSpaceUsed.java:run(183)) - Thread Interrupted waiting to refresh disk information: sleep interrupted
2019-09-17 07:21:32,083 [56dbe93a-5974-4a13-8b2c-4d24aa3aff1d@group-ACD078D67A55-StateMachineUpdater] INFO  ratis.ContainerStateMachine (ContainerStateMachine.java:takeSnapshot(300)) - group-ACD078D67A55: Finished taking a snapshot at:(t:1, i:14) file:/workdir/hadoop-ozone/integration-test/target/test-dir/MiniOzoneClusterImpl-23941a65-3452-474d-b3c0-503ff93f6bad/datanode-4/data/ratis/e2d12d66-6f51-4a6d-953f-acd078d67a55/sm/snapshot.1_14 time:29
2019-09-17 07:21:32,083 [56dbe93a-5974-4a13-8b2c-4d24aa3aff1d@group-ACD078D67A55-StateMachineUpdater] INFO  impl.StateMachineUpdater (StateMachineUpdater.java:takeSnapshot(258)) - 56dbe93a-5974-4a13-8b2c-4d24aa3aff1d@group-ACD078D67A55-StateMachineUpdater: Took a snapshot at index 14
2019-09-17 07:21:32,083 [56dbe93a-5974-4a13-8b2c-4d24aa3aff1d@group-ACD078D67A55-StateMachineUpdater] INFO  impl.StateMachineUpdater (StateMachineUpdater.java:lambda$new$0(83)) - 56dbe93a-5974-4a13-8b2c-4d24aa3aff1d@group-ACD078D67A55-StateMachineUpdater: snapshotIndex: updateIncreasingly -1 -> 14
2019-09-17 07:21:32,084 [56dbe93a-5974-4a13-8b2c-4d24aa3aff1d@group-ACD078D67A55-StateMachineUpdater] INFO  ratis.ContainerStateMachine (ContainerStateMachine.java:takeSnapshot(289)) - group-ACD078D67A55: Taking a snapshot at:(t:1, i:14) file /workdir/hadoop-ozone/integration-test/target/test-dir/MiniOzoneClusterImpl-23941a65-3452-474d-b3c0-503ff93f6bad/datanode-4/data/ratis/e2d12d66-6f51-4a6d-953f-acd078d67a55/sm/snapshot.1_14
2019-09-17 07:21:32,084 [783b8b0d-2e4b-4296-bbed-3f010e7af5dd@group-9A2654ED430F:LeaderElection98] INFO  impl.LeaderElection (LeaderElection.java:logAndReturn(56)) - 783b8b0d-2e4b-4296-bbed-3f010e7af5dd@group-9A2654ED430F:LeaderElection98: Election PASSED; received 1 response(s) [783b8b0d-2e4b-4296-bbed-3f010e7af5dd<-d9c705ac-0a89-46f8-8359-de24410f3e43#0:OK-t1] and 1 exception(s); 783b8b0d-2e4b-4296-bbed-3f010e7af5dd@group-9A2654ED430F:t1, leader=null, voted=783b8b0d-2e4b-4296-bbed-3f010e7af5dd, raftlog=783b8b0d-2e4b-4296-bbed-3f010e7af5dd@group-9A2654ED430F-SegmentedRaftLog:OPENED:c-1,f-1,i0, conf=-1: [d9c705ac-0a89-46f8-8359-de24410f3e43:192.168.157.246:36206, 783b8b0d-2e4b-4296-bbed-3f010e7af5dd:192.168.157.246:43483, 8914721e-e6fd-428a-8274-c97b8de6844d:192.168.157.246:38699], old=null
2019-09-17 07:21:32,084 [783b8b0d-2e4b-4296-bbed-3f010e7af5dd@group-9A2654ED430F:LeaderElection98] INFO  impl.LeaderElection (LogUtils.java:infoOrTrace(149)) -   Exception 0: {}
java.util.concurrent.ExecutionException: org.apache.ratis.thirdparty.io.grpc.StatusRuntimeException: INTERNAL: 8914721e-e6fd-428a-8274-c97b8de6844d@group-9A2654ED430F is not in [RUNNING]: current state is CLOSING
	at java.util.concurrent.FutureTask.report(FutureTask.java:122)
	at java.util.concurrent.FutureTask.get(FutureTask.java:192)
	at org.apache.ratis.server.impl.LeaderElection.waitForResults(LeaderElection.java:263)
	at org.apache.ratis.server.impl.LeaderElection.askForVotes(LeaderElection.java:201)
	at org.apache.ratis.server.impl.LeaderElection.run(LeaderElection.java:133)
	at java.lang.Thread.run(Thread.java:748)
Caused by: org.apache.ratis.thirdparty.io.grpc.StatusRuntimeException: INTERNAL: 8914721e-e6fd-428a-8274-c97b8de6844d@group-9A2654ED430F is not in [RUNNING]: current state is CLOSING
	at org.apache.ratis.thirdparty.io.grpc.stub.ClientCalls.toStatusRuntimeException(ClientCalls.java:233)
	at org.apache.ratis.thirdparty.io.grpc.stub.ClientCalls.getUnchecked(ClientCalls.java:214)
	at org.apache.ratis.thirdparty.io.grpc.stub.ClientCalls.blockingUnaryCall(ClientCalls.java:139)
	at org.apache.ratis.proto.grpc.RaftServerProtocolServiceGrpc$RaftServerProtocolServiceBlockingStub.requestVote(RaftServerProtocolServiceGrpc.java:265)
	at org.apache.ratis.grpc.server.GrpcServerProtocolClient.requestVote(GrpcServerProtocolClient.java:90)
	at org.apache.ratis.grpc.server.GrpcService.requestVote(GrpcService.java:204)
	at org.apache.ratis.server.impl.LeaderElection.lambda$submitRequests$1(LeaderElection.java:238)
	at java.util.concurrent.FutureTask.run(FutureTask.java:266)
	at java.util.concurrent.Executors$RunnableAdapter.call(Executors.java:511)
	at java.util.concurrent.FutureTask.run(FutureTask.java:266)
	at java.util.concurrent.ThreadPoolExecutor.runWorker(ThreadPoolExecutor.java:1149)
	at java.util.concurrent.ThreadPoolExecutor$Worker.run(ThreadPoolExecutor.java:624)
	... 1 more
2019-09-17 07:21:32,084 [783b8b0d-2e4b-4296-bbed-3f010e7af5dd@group-9A2654ED430F:LeaderElection98] INFO  impl.RoleInfo (RoleInfo.java:shutdownLeaderElection(134)) - 783b8b0d-2e4b-4296-bbed-3f010e7af5dd: shutdown LeaderElection
2019-09-17 07:21:32,084 [783b8b0d-2e4b-4296-bbed-3f010e7af5dd@group-9A2654ED430F:LeaderElection98] INFO  impl.RaftServerImpl (RaftServerImpl.java:setRole(174)) - 783b8b0d-2e4b-4296-bbed-3f010e7af5dd@group-9A2654ED430F: changes role from CANDIDATE to LEADER at term 1 for changeToLeader
2019-09-17 07:21:32,084 [783b8b0d-2e4b-4296-bbed-3f010e7af5dd@group-9A2654ED430F:LeaderElection98] INFO  impl.RaftServerImpl (ServerState.java:setLeader(253)) - 783b8b0d-2e4b-4296-bbed-3f010e7af5dd@group-9A2654ED430F: change Leader from null to 783b8b0d-2e4b-4296-bbed-3f010e7af5dd at term 1 for becomeLeader, leader elected after 5269ms
2019-09-17 07:21:32,085 [783b8b0d-2e4b-4296-bbed-3f010e7af5dd@group-9A2654ED430F:LeaderElection98] INFO  server.RaftServerConfigKeys (ConfUtils.java:logGet(43)) - raft.server.staging.catchup.gap = 1000 (default)
2019-09-17 07:21:32,085 [783b8b0d-2e4b-4296-bbed-3f010e7af5dd@group-9A2654ED430F:LeaderElection98] INFO  server.RaftServerConfigKeys (ConfUtils.java:logGet(43)) - raft.server.rpc.sleep.time = 25ms (default)
2019-09-17 07:21:32,085 [783b8b0d-2e4b-4296-bbed-3f010e7af5dd@group-9A2654ED430F:LeaderElection98] INFO  server.RaftServerConfigKeys (ConfUtils.java:logGet(43)) - raft.server.write.element-limit = 4096 (default)
2019-09-17 07:21:32,085 [783b8b0d-2e4b-4296-bbed-3f010e7af5dd@group-9A2654ED430F:LeaderElection98] INFO  server.RaftServerConfigKeys (ConfUtils.java:logGet(43)) - raft.server.watch.timeout = 10s (default)
2019-09-17 07:21:32,085 [783b8b0d-2e4b-4296-bbed-3f010e7af5dd@group-9A2654ED430F:LeaderElection98] INFO  server.RaftServerConfigKeys (ConfUtils.java:logGet(43)) - raft.server.watch.timeout.denomination = 1s (default)
2019-09-17 07:21:32,086 [783b8b0d-2e4b-4296-bbed-3f010e7af5dd@group-9A2654ED430F:LeaderElection98] INFO  server.RaftServerConfigKeys (ConfUtils.java:logGet(43)) - raft.server.watch.element-limit = 65536 (default)
2019-09-17 07:21:32,090 [783b8b0d-2e4b-4296-bbed-3f010e7af5dd@group-9A2654ED430F:LeaderElection98] INFO  server.RaftServerConfigKeys (ConfUtils.java:logGet(43)) - raft.server.log.appender.snapshot.chunk.size.max = 16MB (=16777216) (default)
2019-09-17 07:21:32,090 [783b8b0d-2e4b-4296-bbed-3f010e7af5dd@group-9A2654ED430F:LeaderElection98] INFO  server.RaftServerConfigKeys (ConfUtils.java:logGet(43)) - raft.server.log.appender.buffer.byte-limit = 33554432 (custom)
2019-09-17 07:21:32,090 [783b8b0d-2e4b-4296-bbed-3f010e7af5dd@group-9A2654ED430F:LeaderElection98] INFO  server.RaftServerConfigKeys (ConfUtils.java:logGet(43)) - raft.server.log.appender.buffer.element-limit = 1 (custom)
2019-09-17 07:21:32,091 [783b8b0d-2e4b-4296-bbed-3f010e7af5dd@group-9A2654ED430F:LeaderElection98] INFO  grpc.GrpcConfigKeys$Server (ConfUtils.java:logGet(43)) - raft.grpc.server.leader.outstanding.appends.max = 128 (default)
2019-09-17 07:21:32,091 [783b8b0d-2e4b-4296-bbed-3f010e7af5dd@group-9A2654ED430F:LeaderElection98] INFO  server.RaftServerConfigKeys (ConfUtils.java:logGet(43)) - raft.server.rpc.request.timeout = 3000ms (default)
2019-09-17 07:21:32,091 [783b8b0d-2e4b-4296-bbed-3f010e7af5dd@group-9A2654ED430F:LeaderElection98] INFO  server.RaftServerConfigKeys (ConfUtils.java:logGet(43)) - raft.server.log.appender.install.snapshot.enabled = false (custom)
2019-09-17 07:21:32,092 [783b8b0d-2e4b-4296-bbed-3f010e7af5dd@group-9A2654ED430F:LeaderElection98] INFO  server.RaftServerConfigKeys (ConfUtils.java:logGet(43)) - raft.server.log.appender.snapshot.chunk.size.max = 16MB (=16777216) (default)
2019-09-17 07:21:32,092 [783b8b0d-2e4b-4296-bbed-3f010e7af5dd@group-9A2654ED430F:LeaderElection98] INFO  server.RaftServerConfigKeys (ConfUtils.java:logGet(43)) - raft.server.log.appender.buffer.byte-limit = 33554432 (custom)
2019-09-17 07:21:32,092 [783b8b0d-2e4b-4296-bbed-3f010e7af5dd@group-9A2654ED430F:LeaderElection98] INFO  server.RaftServerConfigKeys (ConfUtils.java:logGet(43)) - raft.server.log.appender.buffer.element-limit = 1 (custom)
2019-09-17 07:21:32,092 [783b8b0d-2e4b-4296-bbed-3f010e7af5dd@group-9A2654ED430F:LeaderElection98] INFO  grpc.GrpcConfigKeys$Server (ConfUtils.java:logGet(43)) - raft.grpc.server.leader.outstanding.appends.max = 128 (default)
2019-09-17 07:21:32,092 [783b8b0d-2e4b-4296-bbed-3f010e7af5dd@group-9A2654ED430F:LeaderElection98] INFO  server.RaftServerConfigKeys (ConfUtils.java:logGet(43)) - raft.server.rpc.request.timeout = 3000ms (default)
2019-09-17 07:21:32,093 [783b8b0d-2e4b-4296-bbed-3f010e7af5dd@group-9A2654ED430F:LeaderElection98] INFO  server.RaftServerConfigKeys (ConfUtils.java:logGet(43)) - raft.server.log.appender.install.snapshot.enabled = false (custom)
2019-09-17 07:21:32,093 [783b8b0d-2e4b-4296-bbed-3f010e7af5dd@group-9A2654ED430F:LeaderElection98] INFO  impl.RoleInfo (RoleInfo.java:updateAndGet(143)) - 783b8b0d-2e4b-4296-bbed-3f010e7af5dd: start LeaderState
2019-09-17 07:21:32,094 [783b8b0d-2e4b-4296-bbed-3f010e7af5dd@group-9A2654ED430F:LeaderElection98] INFO  segmented.SegmentedRaftLogWorker (SegmentedRaftLogWorker.java:startLogSegment(380)) - 783b8b0d-2e4b-4296-bbed-3f010e7af5dd@group-9A2654ED430F-SegmentedRaftLogWorker: Starting segment from index:0
2019-09-17 07:21:32,095 [783b8b0d-2e4b-4296-bbed-3f010e7af5dd@group-9A2654ED430F:LeaderElection98] INFO  impl.RaftServerImpl (ServerState.java:setRaftConf(354)) - 783b8b0d-2e4b-4296-bbed-3f010e7af5dd@group-9A2654ED430F: set configuration 0: [d9c705ac-0a89-46f8-8359-de24410f3e43:192.168.157.246:36206, 783b8b0d-2e4b-4296-bbed-3f010e7af5dd:192.168.157.246:43483, 8914721e-e6fd-428a-8274-c97b8de6844d:192.168.157.246:38699], old=null at 0
2019-09-17 07:21:32,096 [grpc-default-executor-5] INFO  impl.RaftServerImpl (ServerState.java:setLeader(253)) - d9c705ac-0a89-46f8-8359-de24410f3e43@group-9A2654ED430F: change Leader from null to 783b8b0d-2e4b-4296-bbed-3f010e7af5dd at term 1 for appendEntries, leader elected after 5286ms
2019-09-17 07:21:32,096 [grpc-default-executor-6] WARN  server.GrpcLogAppender (LogUtils.java:warn(134)) - 783b8b0d-2e4b-4296-bbed-3f010e7af5dd@group-9A2654ED430F->8914721e-e6fd-428a-8274-c97b8de6844d-AppendLogResponseHandler: Failed appendEntries: org.apache.ratis.thirdparty.io.grpc.StatusRuntimeException: UNAVAILABLE: io exception
2019-09-17 07:21:32,096 [grpc-default-executor-6] INFO  impl.FollowerInfo (FollowerInfo.java:lambda$new$0(51)) - 783b8b0d-2e4b-4296-bbed-3f010e7af5dd@group-9A2654ED430F->8914721e-e6fd-428a-8274-c97b8de6844d: nextIndex: updateUnconditionally 0 -> 0
2019-09-17 07:21:32,119 [56dbe93a-5974-4a13-8b2c-4d24aa3aff1d@group-ACD078D67A55-StateMachineUpdater] INFO  ratis.ContainerStateMachine (ContainerStateMachine.java:takeSnapshot(300)) - group-ACD078D67A55: Finished taking a snapshot at:(t:1, i:14) file:/workdir/hadoop-ozone/integration-test/target/test-dir/MiniOzoneClusterImpl-23941a65-3452-474d-b3c0-503ff93f6bad/datanode-4/data/ratis/e2d12d66-6f51-4a6d-953f-acd078d67a55/sm/snapshot.1_14 time:36
2019-09-17 07:21:32,120 [56dbe93a-5974-4a13-8b2c-4d24aa3aff1d@group-ACD078D67A55-StateMachineUpdater] INFO  impl.StateMachineUpdater (StateMachineUpdater.java:takeSnapshot(258)) - 56dbe93a-5974-4a13-8b2c-4d24aa3aff1d@group-ACD078D67A55-StateMachineUpdater: Took a snapshot at index 14
2019-09-17 07:21:32,120 [56dbe93a-5974-4a13-8b2c-4d24aa3aff1d@group-ACD078D67A55-StateMachineUpdater] INFO  impl.StateMachineUpdater (StateMachineUpdater.java:lambda$new$0(83)) - 56dbe93a-5974-4a13-8b2c-4d24aa3aff1d@group-ACD078D67A55-StateMachineUpdater: snapshotIndex: updateIncreasingly 14 -> 14
2019-09-17 07:21:32,120 [main] INFO  impl.RaftServerImpl (ServerState.java:close(385)) - 56dbe93a-5974-4a13-8b2c-4d24aa3aff1d@group-ACD078D67A55: closes. applyIndex: 16
2019-09-17 07:21:32,120 [grpc-default-executor-6] INFO  impl.RaftServerImpl (ServerState.java:setRaftConf(354)) - d9c705ac-0a89-46f8-8359-de24410f3e43@group-9A2654ED430F: set configuration 0: [d9c705ac-0a89-46f8-8359-de24410f3e43:192.168.157.246:36206, 783b8b0d-2e4b-4296-bbed-3f010e7af5dd:192.168.157.246:43483, 8914721e-e6fd-428a-8274-c97b8de6844d:192.168.157.246:38699], old=null at 0
2019-09-17 07:21:32,121 [56dbe93a-5974-4a13-8b2c-4d24aa3aff1d@group-ACD078D67A55-SegmentedRaftLogWorker] INFO  segmented.SegmentedRaftLogWorker (SegmentedRaftLogWorker.java:run(313)) - 56dbe93a-5974-4a13-8b2c-4d24aa3aff1d@group-ACD078D67A55-SegmentedRaftLogWorker was interrupted, exiting. There are 0 tasks remaining in the queue.
2019-09-17 07:21:32,121 [grpc-default-executor-6] INFO  segmented.SegmentedRaftLogWorker (SegmentedRaftLogWorker.java:startLogSegment(380)) - d9c705ac-0a89-46f8-8359-de24410f3e43@group-9A2654ED430F-SegmentedRaftLogWorker: Starting segment from index:0
2019-09-17 07:21:32,123 [main] INFO  segmented.SegmentedRaftLogWorker (SegmentedRaftLogWorker.java:close(228)) - 56dbe93a-5974-4a13-8b2c-4d24aa3aff1d@group-ACD078D67A55-SegmentedRaftLogWorker close()
2019-09-17 07:21:32,152 [783b8b0d-2e4b-4296-bbed-3f010e7af5dd@group-9A2654ED430F-SegmentedRaftLogWorker] INFO  segmented.SegmentedRaftLogWorker (SegmentedRaftLogWorker.java:execute(569)) - 783b8b0d-2e4b-4296-bbed-3f010e7af5dd@group-9A2654ED430F-SegmentedRaftLogWorker: created new log segment /workdir/hadoop-ozone/integration-test/target/test-dir/MiniOzoneClusterImpl-23941a65-3452-474d-b3c0-503ff93f6bad/datanode-2/data/ratis/6b59dae2-3b84-4026-a02c-9a2654ed430f/current/log_inprogress_0
2019-09-17 07:21:32,152 [main] INFO  impl.RaftServerImpl (RaftServerImpl.java:lambda$shutdown$3(251)) - 56dbe93a-5974-4a13-8b2c-4d24aa3aff1d@group-50C122BF77EF: shutdown
2019-09-17 07:21:32,153 [main] INFO  util.JmxRegister (JmxRegister.java:unregister(73)) - Successfully un-registered JMX Bean with object name Ratis:service=RaftServer,group=group-50C122BF77EF,id=56dbe93a-5974-4a13-8b2c-4d24aa3aff1d
2019-09-17 07:21:32,153 [main] INFO  impl.RoleInfo (RoleInfo.java:shutdownLeaderState(104)) - 56dbe93a-5974-4a13-8b2c-4d24aa3aff1d: shutdown LeaderState
2019-09-17 07:21:32,154 [ForkJoinPool.commonPool-worker-0] INFO  utils.BackgroundService (BackgroundService.java:shutdown(148)) - Shutting down service BlockDeletingService
2019-09-17 07:21:32,154 [main] INFO  impl.PendingRequests (PendingRequests.java:sendNotLeaderResponses(202)) - 56dbe93a-5974-4a13-8b2c-4d24aa3aff1d-PendingRequests: sendNotLeaderResponses
2019-09-17 07:21:32,155 [main] INFO  impl.StateMachineUpdater (StateMachineUpdater.java:stopAndJoin(125)) - 56dbe93a-5974-4a13-8b2c-4d24aa3aff1d@group-50C122BF77EF-StateMachineUpdater: set stopIndex = 0
2019-09-17 07:21:32,157 [d9c705ac-0a89-46f8-8359-de24410f3e43@group-9A2654ED430F-SegmentedRaftLogWorker] INFO  segmented.SegmentedRaftLogWorker (SegmentedRaftLogWorker.java:execute(569)) - d9c705ac-0a89-46f8-8359-de24410f3e43@group-9A2654ED430F-SegmentedRaftLogWorker: created new log segment /workdir/hadoop-ozone/integration-test/target/test-dir/MiniOzoneClusterImpl-23941a65-3452-474d-b3c0-503ff93f6bad/datanode-6/data/ratis/6b59dae2-3b84-4026-a02c-9a2654ed430f/current/log_inprogress_0
2019-09-17 07:21:32,161 [ForkJoinPool.commonPool-worker-0] INFO  statemachine.DatanodeStateMachine (DatanodeStateMachine.java:stopDaemon(395)) - Ozone container server stopped.
2019-09-17 07:21:32,159 [main] INFO  impl.RaftServerImpl (ServerState.java:close(385)) - 56dbe93a-5974-4a13-8b2c-4d24aa3aff1d@group-50C122BF77EF: closes. applyIndex: 0
2019-09-17 07:21:32,165 [grpc-default-executor-6] WARN  server.GrpcLogAppender (LogUtils.java:warn(134)) - 783b8b0d-2e4b-4296-bbed-3f010e7af5dd@group-9A2654ED430F->8914721e-e6fd-428a-8274-c97b8de6844d-AppendLogResponseHandler: Failed appendEntries: org.apache.ratis.thirdparty.io.grpc.StatusRuntimeException: UNAVAILABLE: io exception
2019-09-17 07:21:32,165 [56dbe93a-5974-4a13-8b2c-4d24aa3aff1d@group-50C122BF77EF-SegmentedRaftLogWorker] INFO  segmented.SegmentedRaftLogWorker (SegmentedRaftLogWorker.java:run(313)) - 56dbe93a-5974-4a13-8b2c-4d24aa3aff1d@group-50C122BF77EF-SegmentedRaftLogWorker was interrupted, exiting. There are 0 tasks remaining in the queue.
2019-09-17 07:21:32,165 [grpc-default-executor-6] INFO  impl.FollowerInfo (FollowerInfo.java:lambda$new$0(51)) - 783b8b0d-2e4b-4296-bbed-3f010e7af5dd@group-9A2654ED430F->8914721e-e6fd-428a-8274-c97b8de6844d: nextIndex: updateUnconditionally 1 -> 0
2019-09-17 07:21:32,167 [main] INFO  segmented.SegmentedRaftLogWorker (SegmentedRaftLogWorker.java:close(228)) - 56dbe93a-5974-4a13-8b2c-4d24aa3aff1d@group-50C122BF77EF-SegmentedRaftLogWorker close()
2019-09-17 07:21:32,170 [main] INFO  server.GrpcService (GrpcService.java:closeImpl(164)) - 56dbe93a-5974-4a13-8b2c-4d24aa3aff1d: shutdown server with port 43571 now
2019-09-17 07:21:32,174 [ForkJoinPool.commonPool-worker-0] INFO  handler.ContextHandler (ContextHandler.java:doStop(910)) - Stopped o.e.j.w.WebAppContext@1b47b7f5{/,null,UNAVAILABLE}{/hddsDatanode}
2019-09-17 07:21:32,175 [grpc-default-executor-5] WARN  client.GrpcClientProtocolService (LogUtils.java:warn(134)) - 1-UnorderedRequestStreamObserver1: onError: org.apache.ratis.thirdparty.io.grpc.StatusRuntimeException: CANCELLED: cancelled before receiving half close
2019-09-17 07:21:32,175 [main] INFO  server.GrpcService (GrpcService.java:closeImpl(172)) - 56dbe93a-5974-4a13-8b2c-4d24aa3aff1d: shutdown server with port 43571 successfully
2019-09-17 07:21:32,175 [ForkJoinPool.commonPool-worker-0] INFO  server.AbstractConnector (AbstractConnector.java:doStop(318)) - Stopped ServerConnector@506aa618{HTTP/1.1,[http/1.1]}{0.0.0.0:0}
2019-09-17 07:21:32,179 [ForkJoinPool.commonPool-worker-0] INFO  handler.ContextHandler (ContextHandler.java:doStop(910)) - Stopped o.e.j.s.ServletContextHandler@7b44bfb8{/static,jar:file:/home/user/.m2/repository/org/apache/hadoop/hadoop-hdds-container-service/0.5.0-SNAPSHOT/hadoop-hdds-container-service-0.5.0-SNAPSHOT.jar!/webapps/static,UNAVAILABLE}
2019-09-17 07:21:32,182 [grpc-default-executor-11] INFO  impl.RaftServerProxy (RaftServerProxy.java:remove(95)) - 783b8b0d-2e4b-4296-bbed-3f010e7af5dd: remove group-48638E47C87F:null
2019-09-17 07:21:32,182 [ForkJoinPool.commonPool-worker-0] INFO  handler.ContextHandler (ContextHandler.java:doStop(910)) - Stopped o.e.j.s.ServletContextHandler@2a6fb62f{/logs,file:///workdir/hadoop-ozone/integration-test/target/log,UNAVAILABLE}
2019-09-17 07:21:32,190 [refreshUsed-/workdir/hadoop-ozone/integration-test/target/test-dir/MiniOzoneClusterImpl-23941a65-3452-474d-b3c0-503ff93f6bad/datanode-4/data/containers] WARN  fs.CachingGetSpaceUsed (CachingGetSpaceUsed.java:run(183)) - Thread Interrupted waiting to refresh disk information: sleep interrupted
2019-09-17 07:21:32,191 [RatisPipelineUtilsThread] WARN  pipeline.RatisPipelineUtils (RatisPipelineUtils.java:destroyPipeline(66)) - Pipeline destroy failed for pipeline=PipelineID=7701c700-c295-448b-ae11-48638e47c87f dn=783b8b0d-2e4b-4296-bbed-3f010e7af5dd{ip: 192.168.157.246, host: pr-hdds-2016-n7825-135103490, networkLocation: /default-rack, certSerialId: null}
2019-09-17 07:21:32,193 [RatisPipelineUtilsThread] WARN  pipeline.RatisPipelineUtils (RatisPipelineUtils.java:destroyPipeline(66)) - Pipeline destroy failed for pipeline=PipelineID=7701c700-c295-448b-ae11-48638e47c87f dn=8914721e-e6fd-428a-8274-c97b8de6844d{ip: 192.168.157.246, host: pr-hdds-2016-n7825-135103490, networkLocation: /default-rack, certSerialId: null}
2019-09-17 07:21:32,195 [grpc-default-executor-11] INFO  impl.RaftServerProxy (RaftServerProxy.java:remove(95)) - 5d850b7b-f02e-4029-a6ce-7c22cb722049: remove group-48638E47C87F:null
2019-09-17 07:21:32,200 [RatisPipelineUtilsThread] WARN  pipeline.RatisPipelineUtils (RatisPipelineUtils.java:destroyPipeline(66)) - Pipeline destroy failed for pipeline=PipelineID=7701c700-c295-448b-ae11-48638e47c87f dn=5d850b7b-f02e-4029-a6ce-7c22cb722049{ip: 192.168.157.246, host: pr-hdds-2016-n7825-135103490, networkLocation: /default-rack, certSerialId: null}
2019-09-17 07:21:32,200 [RatisPipelineUtilsThread] ERROR pipeline.SCMPipelineManager (Scheduler.java:lambda$schedule$1(70)) - Destroy pipeline failed for pipeline:Pipeline[ Id: 7701c700-c295-448b-ae11-48638e47c87f, Nodes: 783b8b0d-2e4b-4296-bbed-3f010e7af5dd{ip: 192.168.157.246, host: pr-hdds-2016-n7825-135103490, networkLocation: /default-rack, certSerialId: null}8914721e-e6fd-428a-8274-c97b8de6844d{ip: 192.168.157.246, host: pr-hdds-2016-n7825-135103490, networkLocation: /default-rack, certSerialId: null}5d850b7b-f02e-4029-a6ce-7c22cb722049{ip: 192.168.157.246, host: pr-hdds-2016-n7825-135103490, networkLocation: /default-rack, certSerialId: null}, Type:RATIS, Factor:THREE, State:CLOSED]
org.apache.hadoop.hdds.scm.pipeline.PipelineNotFoundException: PipelineID=7701c700-c295-448b-ae11-48638e47c87f not found
	at org.apache.hadoop.hdds.scm.pipeline.PipelineStateMap.getPipeline(PipelineStateMap.java:132)
	at org.apache.hadoop.hdds.scm.pipeline.PipelineStateMap.removePipeline(PipelineStateMap.java:322)
	at org.apache.hadoop.hdds.scm.pipeline.PipelineStateManager.removePipeline(PipelineStateManager.java:107)
	at org.apache.hadoop.hdds.scm.pipeline.SCMPipelineManager.removePipeline(SCMPipelineManager.java:423)
	at org.apache.hadoop.hdds.scm.pipeline.SCMPipelineManager.destroyPipeline(SCMPipelineManager.java:409)
	at org.apache.hadoop.hdds.scm.pipeline.SCMPipelineManager.lambda$finalizeAndDestroyPipeline$0(SCMPipelineManager.java:318)
	at org.apache.hadoop.utils.Scheduler.lambda$schedule$1(Scheduler.java:68)
	at java.util.concurrent.Executors$RunnableAdapter.call(Executors.java:511)
	at java.util.concurrent.FutureTask.run(FutureTask.java:266)
	at java.util.concurrent.ScheduledThreadPoolExecutor$ScheduledFutureTask.access$201(ScheduledThreadPoolExecutor.java:180)
	at java.util.concurrent.ScheduledThreadPoolExecutor$ScheduledFutureTask.run(ScheduledThreadPoolExecutor.java:293)
	at java.util.concurrent.ThreadPoolExecutor.runWorker(ThreadPoolExecutor.java:1149)
	at java.util.concurrent.ThreadPoolExecutor$Worker.run(ThreadPoolExecutor.java:624)
	at java.lang.Thread.run(Thread.java:748)
2019-09-17 07:21:32,206 [main] INFO  utils.BackgroundService (BackgroundService.java:shutdown(148)) - Shutting down service BlockDeletingService
2019-09-17 07:21:32,213 [main] INFO  statemachine.DatanodeStateMachine (DatanodeStateMachine.java:stopDaemon(395)) - Ozone container server stopped.
2019-09-17 07:21:32,214 [main] INFO  handler.ContextHandler (ContextHandler.java:doStop(910)) - Stopped o.e.j.w.WebAppContext@29090809{/,null,UNAVAILABLE}{/hddsDatanode}
2019-09-17 07:21:32,215 [main] INFO  server.AbstractConnector (AbstractConnector.java:doStop(318)) - Stopped ServerConnector@30cafd13{HTTP/1.1,[http/1.1]}{0.0.0.0:0}
2019-09-17 07:21:32,215 [main] INFO  handler.ContextHandler (ContextHandler.java:doStop(910)) - Stopped o.e.j.s.ServletContextHandler@3095d401{/static,jar:file:/home/user/.m2/repository/org/apache/hadoop/hadoop-hdds-container-service/0.5.0-SNAPSHOT/hadoop-hdds-container-service-0.5.0-SNAPSHOT.jar!/webapps/static,UNAVAILABLE}
2019-09-17 07:21:32,215 [main] INFO  handler.ContextHandler (ContextHandler.java:doStop(910)) - Stopped o.e.j.s.ServletContextHandler@67b5e613{/logs,file:///workdir/hadoop-ozone/integration-test/target/log,UNAVAILABLE}
2019-09-17 07:21:32,307 [Datanode State Machine Thread - 0] INFO  statemachine.DatanodeStateMachine (DatanodeStateMachine.java:lambda$startDaemon$0(350)) - Ozone container server started.
2019-09-17 07:21:32,433 [Datanode State Machine Thread - 0] INFO  statemachine.DatanodeStateMachine (DatanodeStateMachine.java:lambda$startDaemon$0(350)) - Ozone container server started.
2019-09-17 07:21:34,657 [grpc-default-executor-11] WARN  server.GrpcLogAppender (LogUtils.java:warn(134)) - 783b8b0d-2e4b-4296-bbed-3f010e7af5dd@group-9A2654ED430F->8914721e-e6fd-428a-8274-c97b8de6844d-AppendLogResponseHandler: Failed appendEntries: org.apache.ratis.thirdparty.io.grpc.StatusRuntimeException: UNAVAILABLE: io exception
2019-09-17 07:21:34,658 [grpc-default-executor-11] INFO  impl.FollowerInfo (FollowerInfo.java:lambda$new$0(51)) - 783b8b0d-2e4b-4296-bbed-3f010e7af5dd@group-9A2654ED430F->8914721e-e6fd-428a-8274-c97b8de6844d: nextIndex: updateUnconditionally 0 -> 0
2019-09-17 07:21:35,166 [grpc-default-executor-11] INFO  impl.RaftServerProxy (RaftServerProxy.java:remove(95)) - 783b8b0d-2e4b-4296-bbed-3f010e7af5dd: remove group-48638E47C87F:null
2019-09-17 07:21:35,174 [RatisPipelineUtilsThread] WARN  pipeline.RatisPipelineUtils (RatisPipelineUtils.java:destroyPipeline(66)) - Pipeline destroy failed for pipeline=PipelineID=7701c700-c295-448b-ae11-48638e47c87f dn=783b8b0d-2e4b-4296-bbed-3f010e7af5dd{ip: 192.168.157.246, host: pr-hdds-2016-n7825-135103490, networkLocation: /default-rack, certSerialId: null}
2019-09-17 07:21:35,176 [RatisPipelineUtilsThread] WARN  pipeline.RatisPipelineUtils (RatisPipelineUtils.java:destroyPipeline(66)) - Pipeline destroy failed for pipeline=PipelineID=7701c700-c295-448b-ae11-48638e47c87f dn=8914721e-e6fd-428a-8274-c97b8de6844d{ip: 192.168.157.246, host: pr-hdds-2016-n7825-135103490, networkLocation: /default-rack, certSerialId: null}
2019-09-17 07:21:35,179 [grpc-default-executor-11] INFO  impl.RaftServerProxy (RaftServerProxy.java:remove(95)) - 5d850b7b-f02e-4029-a6ce-7c22cb722049: remove group-48638E47C87F:null
2019-09-17 07:21:35,185 [RatisPipelineUtilsThread] WARN  pipeline.RatisPipelineUtils (RatisPipelineUtils.java:destroyPipeline(66)) - Pipeline destroy failed for pipeline=PipelineID=7701c700-c295-448b-ae11-48638e47c87f dn=5d850b7b-f02e-4029-a6ce-7c22cb722049{ip: 192.168.157.246, host: pr-hdds-2016-n7825-135103490, networkLocation: /default-rack, certSerialId: null}
2019-09-17 07:21:35,186 [RatisPipelineUtilsThread] ERROR pipeline.SCMPipelineManager (Scheduler.java:lambda$schedule$1(70)) - Destroy pipeline failed for pipeline:Pipeline[ Id: 7701c700-c295-448b-ae11-48638e47c87f, Nodes: 783b8b0d-2e4b-4296-bbed-3f010e7af5dd{ip: 192.168.157.246, host: pr-hdds-2016-n7825-135103490, networkLocation: /default-rack, certSerialId: null}8914721e-e6fd-428a-8274-c97b8de6844d{ip: 192.168.157.246, host: pr-hdds-2016-n7825-135103490, networkLocation: /default-rack, certSerialId: null}5d850b7b-f02e-4029-a6ce-7c22cb722049{ip: 192.168.157.246, host: pr-hdds-2016-n7825-135103490, networkLocation: /default-rack, certSerialId: null}, Type:RATIS, Factor:THREE, State:CLOSED]
org.apache.hadoop.hdds.scm.pipeline.PipelineNotFoundException: PipelineID=7701c700-c295-448b-ae11-48638e47c87f not found
	at org.apache.hadoop.hdds.scm.pipeline.PipelineStateMap.getPipeline(PipelineStateMap.java:132)
	at org.apache.hadoop.hdds.scm.pipeline.PipelineStateMap.removePipeline(PipelineStateMap.java:322)
	at org.apache.hadoop.hdds.scm.pipeline.PipelineStateManager.removePipeline(PipelineStateManager.java:107)
	at org.apache.hadoop.hdds.scm.pipeline.SCMPipelineManager.removePipeline(SCMPipelineManager.java:423)
	at org.apache.hadoop.hdds.scm.pipeline.SCMPipelineManager.destroyPipeline(SCMPipelineManager.java:409)
	at org.apache.hadoop.hdds.scm.pipeline.SCMPipelineManager.lambda$finalizeAndDestroyPipeline$0(SCMPipelineManager.java:318)
	at org.apache.hadoop.utils.Scheduler.lambda$schedule$1(Scheduler.java:68)
	at java.util.concurrent.Executors$RunnableAdapter.call(Executors.java:511)
	at java.util.concurrent.FutureTask.run(FutureTask.java:266)
	at java.util.concurrent.ScheduledThreadPoolExecutor$ScheduledFutureTask.access$201(ScheduledThreadPoolExecutor.java:180)
	at java.util.concurrent.ScheduledThreadPoolExecutor$ScheduledFutureTask.run(ScheduledThreadPoolExecutor.java:293)
	at java.util.concurrent.ThreadPoolExecutor.runWorker(ThreadPoolExecutor.java:1149)
	at java.util.concurrent.ThreadPoolExecutor$Worker.run(ThreadPoolExecutor.java:624)
	at java.lang.Thread.run(Thread.java:748)
2019-09-17 07:21:36,359 [EventQueue-StaleNodeForStaleNodeHandler] INFO  node.StaleNodeHandler (StaleNodeHandler.java:onMessage(58)) - Datanode 783b8b0d-2e4b-4296-bbed-3f010e7af5dd{ip: 192.168.157.246, host: pr-hdds-2016-n7825-135103490, networkLocation: /default-rack, certSerialId: null} moved to stale state. Finalizing its pipelines [PipelineID=6b59dae2-3b84-4026-a02c-9a2654ed430f, PipelineID=c3e332df-2189-4261-ab20-0079e7f92f82]
2019-09-17 07:21:36,360 [EventQueue-StaleNodeForStaleNodeHandler] INFO  pipeline.SCMPipelineManager (SCMPipelineManager.java:finalizeAndDestroyPipeline(311)) - destroying pipeline:Pipeline[ Id: 6b59dae2-3b84-4026-a02c-9a2654ed430f, Nodes: 783b8b0d-2e4b-4296-bbed-3f010e7af5dd{ip: 192.168.157.246, host: pr-hdds-2016-n7825-135103490, networkLocation: /default-rack, certSerialId: null}8914721e-e6fd-428a-8274-c97b8de6844d{ip: 192.168.157.246, host: pr-hdds-2016-n7825-135103490, networkLocation: /default-rack, certSerialId: null}d9c705ac-0a89-46f8-8359-de24410f3e43{ip: 192.168.157.246, host: pr-hdds-2016-n7825-135103490, networkLocation: /default-rack, certSerialId: null}, Type:RATIS, Factor:THREE, State:CLOSED]
2019-09-17 07:21:36,360 [EventQueue-StaleNodeForStaleNodeHandler] INFO  pipeline.SCMPipelineManager (SCMPipelineManager.java:finalizeAndDestroyPipeline(311)) - destroying pipeline:Pipeline[ Id: c3e332df-2189-4261-ab20-0079e7f92f82, Nodes: 783b8b0d-2e4b-4296-bbed-3f010e7af5dd{ip: 192.168.157.246, host: pr-hdds-2016-n7825-135103490, networkLocation: /default-rack, certSerialId: null}, Type:RATIS, Factor:ONE, State:OPEN]
2019-09-17 07:21:36,361 [EventQueue-StaleNodeForStaleNodeHandler] INFO  pipeline.PipelineStateManager (PipelineStateManager.java:finalizePipeline(123)) - Pipeline Pipeline[ Id: c3e332df-2189-4261-ab20-0079e7f92f82, Nodes: 783b8b0d-2e4b-4296-bbed-3f010e7af5dd{ip: 192.168.157.246, host: pr-hdds-2016-n7825-135103490, networkLocation: /default-rack, certSerialId: null}, Type:RATIS, Factor:ONE, State:CLOSED] moved to CLOSED state
2019-09-17 07:21:36,459 [EventQueue-StaleNodeForStaleNodeHandler] INFO  node.StaleNodeHandler (StaleNodeHandler.java:onMessage(58)) - Datanode d2382816-3e88-4f44-9ea2-137bcd39c785{ip: 192.168.157.246, host: pr-hdds-2016-n7825-135103490, networkLocation: /default-rack, certSerialId: null} moved to stale state. Finalizing its pipelines [PipelineID=43dc48d0-885a-48d9-9c62-179990ad19c9, PipelineID=e2d12d66-6f51-4a6d-953f-acd078d67a55]
2019-09-17 07:21:36,459 [EventQueue-StaleNodeForStaleNodeHandler] INFO  pipeline.SCMPipelineManager (SCMPipelineManager.java:finalizeAndDestroyPipeline(311)) - destroying pipeline:Pipeline[ Id: 43dc48d0-885a-48d9-9c62-179990ad19c9, Nodes: d2382816-3e88-4f44-9ea2-137bcd39c785{ip: 192.168.157.246, host: pr-hdds-2016-n7825-135103490, networkLocation: /default-rack, certSerialId: null}, Type:RATIS, Factor:ONE, State:OPEN]
2019-09-17 07:21:36,459 [EventQueue-StaleNodeForStaleNodeHandler] INFO  pipeline.PipelineStateManager (PipelineStateManager.java:finalizePipeline(123)) - Pipeline Pipeline[ Id: 43dc48d0-885a-48d9-9c62-179990ad19c9, Nodes: d2382816-3e88-4f44-9ea2-137bcd39c785{ip: 192.168.157.246, host: pr-hdds-2016-n7825-135103490, networkLocation: /default-rack, certSerialId: null}, Type:RATIS, Factor:ONE, State:CLOSED] moved to CLOSED state
2019-09-17 07:21:36,460 [EventQueue-StaleNodeForStaleNodeHandler] INFO  pipeline.SCMPipelineManager (SCMPipelineManager.java:finalizeAndDestroyPipeline(311)) - destroying pipeline:Pipeline[ Id: e2d12d66-6f51-4a6d-953f-acd078d67a55, Nodes: bc5ac98c-2c48-4d28-9cfb-f439c68ccdab{ip: 192.168.157.246, host: pr-hdds-2016-n7825-135103490, networkLocation: /default-rack, certSerialId: null}d2382816-3e88-4f44-9ea2-137bcd39c785{ip: 192.168.157.246, host: pr-hdds-2016-n7825-135103490, networkLocation: /default-rack, certSerialId: null}56dbe93a-5974-4a13-8b2c-4d24aa3aff1d{ip: 192.168.157.246, host: pr-hdds-2016-n7825-135103490, networkLocation: /default-rack, certSerialId: null}, Type:RATIS, Factor:THREE, State:CLOSED]
2019-09-17 07:21:37,162 [grpc-default-executor-6] WARN  server.GrpcLogAppender (LogUtils.java:warn(134)) - 783b8b0d-2e4b-4296-bbed-3f010e7af5dd@group-9A2654ED430F->8914721e-e6fd-428a-8274-c97b8de6844d-AppendLogResponseHandler: Failed appendEntries: org.apache.ratis.thirdparty.io.grpc.StatusRuntimeException: UNAVAILABLE: io exception
2019-09-17 07:21:37,163 [grpc-default-executor-6] INFO  impl.FollowerInfo (FollowerInfo.java:lambda$new$0(51)) - 783b8b0d-2e4b-4296-bbed-3f010e7af5dd@group-9A2654ED430F->8914721e-e6fd-428a-8274-c97b8de6844d: nextIndex: updateUnconditionally 0 -> 0
2019-09-17 07:21:37,165 [grpc-default-executor-6] INFO  impl.RaftServerProxy (RaftServerProxy.java:remove(95)) - 783b8b0d-2e4b-4296-bbed-3f010e7af5dd: remove group-48638E47C87F:null
2019-09-17 07:21:37,181 [RatisPipelineUtilsThread] WARN  pipeline.RatisPipelineUtils (RatisPipelineUtils.java:destroyPipeline(66)) - Pipeline destroy failed for pipeline=PipelineID=7701c700-c295-448b-ae11-48638e47c87f dn=783b8b0d-2e4b-4296-bbed-3f010e7af5dd{ip: 192.168.157.246, host: pr-hdds-2016-n7825-135103490, networkLocation: /default-rack, certSerialId: null}
2019-09-17 07:21:37,183 [RatisPipelineUtilsThread] WARN  pipeline.RatisPipelineUtils (RatisPipelineUtils.java:destroyPipeline(66)) - Pipeline destroy failed for pipeline=PipelineID=7701c700-c295-448b-ae11-48638e47c87f dn=8914721e-e6fd-428a-8274-c97b8de6844d{ip: 192.168.157.246, host: pr-hdds-2016-n7825-135103490, networkLocation: /default-rack, certSerialId: null}
2019-09-17 07:21:37,185 [grpc-default-executor-6] INFO  impl.RaftServerProxy (RaftServerProxy.java:remove(95)) - 5d850b7b-f02e-4029-a6ce-7c22cb722049: remove group-48638E47C87F:null
2019-09-17 07:21:37,189 [ForkJoinPool.commonPool-worker-0] INFO  ozoneimpl.OzoneContainer (OzoneContainer.java:stop(231)) - Attempting to stop container services.
2019-09-17 07:21:37,190 [ForkJoinPool.commonPool-worker-0] INFO  impl.RaftServerProxy (RaftServerProxy.java:lambda$close$4(314)) - 783b8b0d-2e4b-4296-bbed-3f010e7af5dd: close
2019-09-17 07:21:37,191 [ForkJoinPool.commonPool-worker-0] INFO  impl.RaftServerImpl (RaftServerImpl.java:lambda$shutdown$3(251)) - 783b8b0d-2e4b-4296-bbed-3f010e7af5dd@group-9A2654ED430F: shutdown
2019-09-17 07:21:37,191 [RatisPipelineUtilsThread] WARN  pipeline.RatisPipelineUtils (RatisPipelineUtils.java:destroyPipeline(66)) - Pipeline destroy failed for pipeline=PipelineID=7701c700-c295-448b-ae11-48638e47c87f dn=5d850b7b-f02e-4029-a6ce-7c22cb722049{ip: 192.168.157.246, host: pr-hdds-2016-n7825-135103490, networkLocation: /default-rack, certSerialId: null}
2019-09-17 07:21:37,191 [ForkJoinPool.commonPool-worker-0] INFO  util.JmxRegister (JmxRegister.java:unregister(73)) - Successfully un-registered JMX Bean with object name Ratis:service=RaftServer,group=group-9A2654ED430F,id=783b8b0d-2e4b-4296-bbed-3f010e7af5dd
2019-09-17 07:21:37,192 [ForkJoinPool.commonPool-worker-0] INFO  impl.RoleInfo (RoleInfo.java:shutdownLeaderState(104)) - 783b8b0d-2e4b-4296-bbed-3f010e7af5dd: shutdown LeaderState
2019-09-17 07:21:37,192 [RatisPipelineUtilsThread] ERROR pipeline.SCMPipelineManager (Scheduler.java:lambda$schedule$1(70)) - Destroy pipeline failed for pipeline:Pipeline[ Id: 7701c700-c295-448b-ae11-48638e47c87f, Nodes: 783b8b0d-2e4b-4296-bbed-3f010e7af5dd{ip: 192.168.157.246, host: pr-hdds-2016-n7825-135103490, networkLocation: /default-rack, certSerialId: null}8914721e-e6fd-428a-8274-c97b8de6844d{ip: 192.168.157.246, host: pr-hdds-2016-n7825-135103490, networkLocation: /default-rack, certSerialId: null}5d850b7b-f02e-4029-a6ce-7c22cb722049{ip: 192.168.157.246, host: pr-hdds-2016-n7825-135103490, networkLocation: /default-rack, certSerialId: null}, Type:RATIS, Factor:THREE, State:CLOSED]
org.apache.hadoop.hdds.scm.pipeline.PipelineNotFoundException: PipelineID=7701c700-c295-448b-ae11-48638e47c87f not found
	at org.apache.hadoop.hdds.scm.pipeline.PipelineStateMap.getPipeline(PipelineStateMap.java:132)
	at org.apache.hadoop.hdds.scm.pipeline.PipelineStateMap.removePipeline(PipelineStateMap.java:322)
	at org.apache.hadoop.hdds.scm.pipeline.PipelineStateManager.removePipeline(PipelineStateManager.java:107)
	at org.apache.hadoop.hdds.scm.pipeline.SCMPipelineManager.removePipeline(SCMPipelineManager.java:423)
	at org.apache.hadoop.hdds.scm.pipeline.SCMPipelineManager.destroyPipeline(SCMPipelineManager.java:409)
	at org.apache.hadoop.hdds.scm.pipeline.SCMPipelineManager.lambda$finalizeAndDestroyPipeline$0(SCMPipelineManager.java:318)
	at org.apache.hadoop.utils.Scheduler.lambda$schedule$1(Scheduler.java:68)
	at java.util.concurrent.Executors$RunnableAdapter.call(Executors.java:511)
	at java.util.concurrent.FutureTask.run(FutureTask.java:266)
	at java.util.concurrent.ScheduledThreadPoolExecutor$ScheduledFutureTask.access$201(ScheduledThreadPoolExecutor.java:180)
	at java.util.concurrent.ScheduledThreadPoolExecutor$ScheduledFutureTask.run(ScheduledThreadPoolExecutor.java:293)
	at java.util.concurrent.ThreadPoolExecutor.runWorker(ThreadPoolExecutor.java:1149)
	at java.util.concurrent.ThreadPoolExecutor$Worker.run(ThreadPoolExecutor.java:624)
	at java.lang.Thread.run(Thread.java:748)
2019-09-17 07:21:37,195 [org.apache.ratis.server.impl.LogAppender$AppenderDaemon$$Lambda$521/268088635@7eea250a] WARN  server.GrpcLogAppender (GrpcLogAppender.java:mayWait(143)) - 783b8b0d-2e4b-4296-bbed-3f010e7af5dd@group-9A2654ED430F->8914721e-e6fd-428a-8274-c97b8de6844d-GrpcLogAppender: Wait interrupted by java.lang.InterruptedException
2019-09-17 07:21:37,195 [org.apache.ratis.server.impl.LogAppender$AppenderDaemon$$Lambda$521/268088635@2c846141] WARN  server.GrpcLogAppender (GrpcLogAppender.java:mayWait(143)) - 783b8b0d-2e4b-4296-bbed-3f010e7af5dd@group-9A2654ED430F->d9c705ac-0a89-46f8-8359-de24410f3e43-GrpcLogAppender: Wait interrupted by java.lang.InterruptedException
2019-09-17 07:21:37,195 [ForkJoinPool.commonPool-worker-0] INFO  impl.PendingRequests (PendingRequests.java:sendNotLeaderResponses(202)) - 783b8b0d-2e4b-4296-bbed-3f010e7af5dd-PendingRequests: sendNotLeaderResponses
2019-09-17 07:21:37,197 [grpc-default-executor-6] INFO  server.GrpcServerProtocolService (GrpcServerProtocolService.java:onCompleted(113)) - d9c705ac-0a89-46f8-8359-de24410f3e43: Completed APPEND_ENTRIES, lastRequest: 783b8b0d-2e4b-4296-bbed-3f010e7af5dd->d9c705ac-0a89-46f8-8359-de24410f3e43#3-t1, previous=(t:1, i:0), leaderCommit=0, initializing? false, entries: <empty>
2019-09-17 07:21:37,197 [ForkJoinPool.commonPool-worker-0] INFO  impl.StateMachineUpdater (StateMachineUpdater.java:stopAndJoin(125)) - 783b8b0d-2e4b-4296-bbed-3f010e7af5dd@group-9A2654ED430F-StateMachineUpdater: set stopIndex = 0
2019-09-17 07:21:37,197 [grpc-default-executor-6] INFO  server.GrpcLogAppender (GrpcLogAppender.java:onCompleted(293)) - 783b8b0d-2e4b-4296-bbed-3f010e7af5dd@group-9A2654ED430F->d9c705ac-0a89-46f8-8359-de24410f3e43-AppendLogResponseHandler: follower responses appendEntries COMPLETED
2019-09-17 07:21:37,198 [grpc-default-executor-6] INFO  impl.FollowerInfo (FollowerInfo.java:lambda$new$0(51)) - 783b8b0d-2e4b-4296-bbed-3f010e7af5dd@group-9A2654ED430F->d9c705ac-0a89-46f8-8359-de24410f3e43: nextIndex: updateUnconditionally 1 -> 0
2019-09-17 07:21:37,198 [ForkJoinPool.commonPool-worker-0] INFO  impl.RaftServerImpl (ServerState.java:close(385)) - 783b8b0d-2e4b-4296-bbed-3f010e7af5dd@group-9A2654ED430F: closes. applyIndex: 0
2019-09-17 07:21:37,198 [783b8b0d-2e4b-4296-bbed-3f010e7af5dd@group-9A2654ED430F-SegmentedRaftLogWorker] INFO  segmented.SegmentedRaftLogWorker (SegmentedRaftLogWorker.java:run(313)) - 783b8b0d-2e4b-4296-bbed-3f010e7af5dd@group-9A2654ED430F-SegmentedRaftLogWorker was interrupted, exiting. There are 0 tasks remaining in the queue.
2019-09-17 07:21:37,200 [ForkJoinPool.commonPool-worker-0] INFO  segmented.SegmentedRaftLogWorker (SegmentedRaftLogWorker.java:close(228)) - 783b8b0d-2e4b-4296-bbed-3f010e7af5dd@group-9A2654ED430F-SegmentedRaftLogWorker close()
2019-09-17 07:21:37,203 [ForkJoinPool.commonPool-worker-0] INFO  impl.RaftServerImpl (RaftServerImpl.java:lambda$shutdown$3(251)) - 783b8b0d-2e4b-4296-bbed-3f010e7af5dd@group-0079E7F92F82: shutdown
2019-09-17 07:21:37,204 [ForkJoinPool.commonPool-worker-0] INFO  util.JmxRegister (JmxRegister.java:unregister(73)) - Successfully un-registered JMX Bean with object name Ratis:service=RaftServer,group=group-0079E7F92F82,id=783b8b0d-2e4b-4296-bbed-3f010e7af5dd
2019-09-17 07:21:37,204 [ForkJoinPool.commonPool-worker-0] INFO  impl.RoleInfo (RoleInfo.java:shutdownLeaderState(104)) - 783b8b0d-2e4b-4296-bbed-3f010e7af5dd: shutdown LeaderState
2019-09-17 07:21:37,204 [ForkJoinPool.commonPool-worker-0] INFO  impl.PendingRequests (PendingRequests.java:sendNotLeaderResponses(202)) - 783b8b0d-2e4b-4296-bbed-3f010e7af5dd-PendingRequests: sendNotLeaderResponses
2019-09-17 07:21:37,204 [ForkJoinPool.commonPool-worker-0] INFO  impl.StateMachineUpdater (StateMachineUpdater.java:stopAndJoin(125)) - 783b8b0d-2e4b-4296-bbed-3f010e7af5dd@group-0079E7F92F82-StateMachineUpdater: set stopIndex = 0
2019-09-17 07:21:37,205 [ForkJoinPool.commonPool-worker-0] INFO  impl.RaftServerImpl (ServerState.java:close(385)) - 783b8b0d-2e4b-4296-bbed-3f010e7af5dd@group-0079E7F92F82: closes. applyIndex: 0
2019-09-17 07:21:37,205 [783b8b0d-2e4b-4296-bbed-3f010e7af5dd@group-0079E7F92F82-SegmentedRaftLogWorker] INFO  segmented.SegmentedRaftLogWorker (SegmentedRaftLogWorker.java:run(313)) - 783b8b0d-2e4b-4296-bbed-3f010e7af5dd@group-0079E7F92F82-SegmentedRaftLogWorker was interrupted, exiting. There are 0 tasks remaining in the queue.
2019-09-17 07:21:37,207 [ForkJoinPool.commonPool-worker-0] INFO  segmented.SegmentedRaftLogWorker (SegmentedRaftLogWorker.java:close(228)) - 783b8b0d-2e4b-4296-bbed-3f010e7af5dd@group-0079E7F92F82-SegmentedRaftLogWorker close()
2019-09-17 07:21:37,211 [ForkJoinPool.commonPool-worker-0] INFO  server.GrpcService (GrpcService.java:closeImpl(164)) - 783b8b0d-2e4b-4296-bbed-3f010e7af5dd: shutdown server with port 43483 now
2019-09-17 07:21:37,212 [ForkJoinPool.commonPool-worker-0] INFO  server.GrpcService (GrpcService.java:closeImpl(172)) - 783b8b0d-2e4b-4296-bbed-3f010e7af5dd: shutdown server with port 43483 successfully
2019-09-17 07:21:37,217 [main] INFO  ozoneimpl.OzoneContainer (OzoneContainer.java:stop(231)) - Attempting to stop container services.
2019-09-17 07:21:37,218 [main] INFO  impl.RaftServerProxy (RaftServerProxy.java:lambda$close$4(314)) - d2382816-3e88-4f44-9ea2-137bcd39c785: close
2019-09-17 07:21:37,218 [refreshUsed-/workdir/hadoop-ozone/integration-test/target/test-dir/MiniOzoneClusterImpl-23941a65-3452-474d-b3c0-503ff93f6bad/datanode-2/data/containers] WARN  fs.CachingGetSpaceUsed (CachingGetSpaceUsed.java:run(183)) - Thread Interrupted waiting to refresh disk information: sleep interrupted
2019-09-17 07:21:37,218 [main] INFO  impl.RaftServerImpl (RaftServerImpl.java:lambda$shutdown$3(251)) - d2382816-3e88-4f44-9ea2-137bcd39c785@group-179990AD19C9: shutdown
2019-09-17 07:21:37,218 [main] INFO  util.JmxRegister (JmxRegister.java:unregister(73)) - Successfully un-registered JMX Bean with object name Ratis:service=RaftServer,group=group-179990AD19C9,id=d2382816-3e88-4f44-9ea2-137bcd39c785
2019-09-17 07:21:37,219 [main] INFO  impl.RoleInfo (RoleInfo.java:shutdownLeaderState(104)) - d2382816-3e88-4f44-9ea2-137bcd39c785: shutdown LeaderState
2019-09-17 07:21:37,219 [main] INFO  impl.PendingRequests (PendingRequests.java:sendNotLeaderResponses(202)) - d2382816-3e88-4f44-9ea2-137bcd39c785-PendingRequests: sendNotLeaderResponses
2019-09-17 07:21:37,219 [main] INFO  impl.StateMachineUpdater (StateMachineUpdater.java:stopAndJoin(125)) - d2382816-3e88-4f44-9ea2-137bcd39c785@group-179990AD19C9-StateMachineUpdater: set stopIndex = 0
2019-09-17 07:21:37,220 [main] INFO  impl.RaftServerImpl (ServerState.java:close(385)) - d2382816-3e88-4f44-9ea2-137bcd39c785@group-179990AD19C9: closes. applyIndex: 0
2019-09-17 07:21:37,220 [d2382816-3e88-4f44-9ea2-137bcd39c785@group-179990AD19C9-SegmentedRaftLogWorker] INFO  segmented.SegmentedRaftLogWorker (SegmentedRaftLogWorker.java:run(313)) - d2382816-3e88-4f44-9ea2-137bcd39c785@group-179990AD19C9-SegmentedRaftLogWorker was interrupted, exiting. There are 0 tasks remaining in the queue.
2019-09-17 07:21:37,222 [main] INFO  segmented.SegmentedRaftLogWorker (SegmentedRaftLogWorker.java:close(228)) - d2382816-3e88-4f44-9ea2-137bcd39c785@group-179990AD19C9-SegmentedRaftLogWorker close()
2019-09-17 07:21:37,226 [main] INFO  impl.RaftServerImpl (RaftServerImpl.java:lambda$shutdown$3(251)) - d2382816-3e88-4f44-9ea2-137bcd39c785@group-ACD078D67A55: shutdown
2019-09-17 07:21:37,226 [main] INFO  util.JmxRegister (JmxRegister.java:unregister(73)) - Successfully un-registered JMX Bean with object name Ratis:service=RaftServer,group=group-ACD078D67A55,id=d2382816-3e88-4f44-9ea2-137bcd39c785
2019-09-17 07:21:37,226 [main] INFO  impl.RoleInfo (RoleInfo.java:shutdownFollowerState(121)) - d2382816-3e88-4f44-9ea2-137bcd39c785: shutdown FollowerState
2019-09-17 07:21:37,226 [main] INFO  impl.StateMachineUpdater (StateMachineUpdater.java:stopAndJoin(125)) - d2382816-3e88-4f44-9ea2-137bcd39c785@group-ACD078D67A55-StateMachineUpdater: set stopIndex = 16
2019-09-17 07:21:37,227 [Thread-4042] INFO  impl.FollowerState (FollowerState.java:run(115)) - d2382816-3e88-4f44-9ea2-137bcd39c785: FollowerState was interrupted: java.lang.InterruptedException: sleep interrupted
2019-09-17 07:21:37,227 [d2382816-3e88-4f44-9ea2-137bcd39c785@group-ACD078D67A55-StateMachineUpdater] INFO  ratis.ContainerStateMachine (ContainerStateMachine.java:takeSnapshot(289)) - group-ACD078D67A55: Taking a snapshot at:(t:1, i:14) file /workdir/hadoop-ozone/integration-test/target/test-dir/MiniOzoneClusterImpl-23941a65-3452-474d-b3c0-503ff93f6bad/datanode-3/data/ratis/e2d12d66-6f51-4a6d-953f-acd078d67a55/sm/snapshot.1_14
2019-09-17 07:21:37,244 [ForkJoinPool.commonPool-worker-0] INFO  utils.BackgroundService (BackgroundService.java:shutdown(148)) - Shutting down service BlockDeletingService
2019-09-17 07:21:37,250 [ForkJoinPool.commonPool-worker-0] INFO  statemachine.DatanodeStateMachine (DatanodeStateMachine.java:stopDaemon(395)) - Ozone container server stopped.
2019-09-17 07:21:37,253 [d2382816-3e88-4f44-9ea2-137bcd39c785@group-ACD078D67A55-StateMachineUpdater] INFO  ratis.ContainerStateMachine (ContainerStateMachine.java:takeSnapshot(300)) - group-ACD078D67A55: Finished taking a snapshot at:(t:1, i:14) file:/workdir/hadoop-ozone/integration-test/target/test-dir/MiniOzoneClusterImpl-23941a65-3452-474d-b3c0-503ff93f6bad/datanode-3/data/ratis/e2d12d66-6f51-4a6d-953f-acd078d67a55/sm/snapshot.1_14 time:26
2019-09-17 07:21:37,255 [d2382816-3e88-4f44-9ea2-137bcd39c785@group-ACD078D67A55-StateMachineUpdater] INFO  impl.StateMachineUpdater (StateMachineUpdater.java:takeSnapshot(258)) - d2382816-3e88-4f44-9ea2-137bcd39c785@group-ACD078D67A55-StateMachineUpdater: Took a snapshot at index 14
2019-09-17 07:21:37,255 [d2382816-3e88-4f44-9ea2-137bcd39c785@group-ACD078D67A55-StateMachineUpdater] INFO  impl.StateMachineUpdater (StateMachineUpdater.java:lambda$new$0(83)) - d2382816-3e88-4f44-9ea2-137bcd39c785@group-ACD078D67A55-StateMachineUpdater: snapshotIndex: updateIncreasingly -1 -> 14
2019-09-17 07:21:37,256 [d2382816-3e88-4f44-9ea2-137bcd39c785@group-ACD078D67A55-StateMachineUpdater] INFO  ratis.ContainerStateMachine (ContainerStateMachine.java:takeSnapshot(289)) - group-ACD078D67A55: Taking a snapshot at:(t:1, i:14) file /workdir/hadoop-ozone/integration-test/target/test-dir/MiniOzoneClusterImpl-23941a65-3452-474d-b3c0-503ff93f6bad/datanode-3/data/ratis/e2d12d66-6f51-4a6d-953f-acd078d67a55/sm/snapshot.1_14
2019-09-17 07:21:37,259 [ForkJoinPool.commonPool-worker-0] INFO  handler.ContextHandler (ContextHandler.java:doStop(910)) - Stopped o.e.j.w.WebAppContext@7f93f4c{/,null,UNAVAILABLE}{/hddsDatanode}
2019-09-17 07:21:37,260 [ForkJoinPool.commonPool-worker-0] INFO  server.AbstractConnector (AbstractConnector.java:doStop(318)) - Stopped ServerConnector@598657cd{HTTP/1.1,[http/1.1]}{0.0.0.0:0}
2019-09-17 07:21:37,262 [ForkJoinPool.commonPool-worker-0] INFO  handler.ContextHandler (ContextHandler.java:doStop(910)) - Stopped o.e.j.s.ServletContextHandler@c732e1c{/static,jar:file:/home/user/.m2/repository/org/apache/hadoop/hadoop-hdds-container-service/0.5.0-SNAPSHOT/hadoop-hdds-container-service-0.5.0-SNAPSHOT.jar!/webapps/static,UNAVAILABLE}
2019-09-17 07:21:37,264 [ForkJoinPool.commonPool-worker-0] INFO  handler.ContextHandler (ContextHandler.java:doStop(910)) - Stopped o.e.j.s.ServletContextHandler@17884d{/logs,file:///workdir/hadoop-ozone/integration-test/target/log,UNAVAILABLE}
2019-09-17 07:21:37,269 [d2382816-3e88-4f44-9ea2-137bcd39c785@group-ACD078D67A55-StateMachineUpdater] INFO  ratis.ContainerStateMachine (ContainerStateMachine.java:takeSnapshot(300)) - group-ACD078D67A55: Finished taking a snapshot at:(t:1, i:14) file:/workdir/hadoop-ozone/integration-test/target/test-dir/MiniOzoneClusterImpl-23941a65-3452-474d-b3c0-503ff93f6bad/datanode-3/data/ratis/e2d12d66-6f51-4a6d-953f-acd078d67a55/sm/snapshot.1_14 time:13
2019-09-17 07:21:37,270 [d2382816-3e88-4f44-9ea2-137bcd39c785@group-ACD078D67A55-StateMachineUpdater] INFO  impl.StateMachineUpdater (StateMachineUpdater.java:takeSnapshot(258)) - d2382816-3e88-4f44-9ea2-137bcd39c785@group-ACD078D67A55-StateMachineUpdater: Took a snapshot at index 14
2019-09-17 07:21:37,270 [d2382816-3e88-4f44-9ea2-137bcd39c785@group-ACD078D67A55-StateMachineUpdater] INFO  impl.StateMachineUpdater (StateMachineUpdater.java:lambda$new$0(83)) - d2382816-3e88-4f44-9ea2-137bcd39c785@group-ACD078D67A55-StateMachineUpdater: snapshotIndex: updateIncreasingly 14 -> 14
2019-09-17 07:21:37,270 [main] INFO  impl.RaftServerImpl (ServerState.java:close(385)) - d2382816-3e88-4f44-9ea2-137bcd39c785@group-ACD078D67A55: closes. applyIndex: 16
2019-09-17 07:21:37,271 [d2382816-3e88-4f44-9ea2-137bcd39c785@group-ACD078D67A55-SegmentedRaftLogWorker] INFO  segmented.SegmentedRaftLogWorker (SegmentedRaftLogWorker.java:run(313)) - d2382816-3e88-4f44-9ea2-137bcd39c785@group-ACD078D67A55-SegmentedRaftLogWorker was interrupted, exiting. There are 0 tasks remaining in the queue.
2019-09-17 07:21:37,286 [main] INFO  segmented.SegmentedRaftLogWorker (SegmentedRaftLogWorker.java:close(228)) - d2382816-3e88-4f44-9ea2-137bcd39c785@group-ACD078D67A55-SegmentedRaftLogWorker close()
2019-09-17 07:21:37,288 [main] INFO  server.GrpcService (GrpcService.java:closeImpl(164)) - d2382816-3e88-4f44-9ea2-137bcd39c785: shutdown server with port 33608 now
2019-09-17 07:21:37,290 [main] INFO  server.GrpcService (GrpcService.java:closeImpl(172)) - d2382816-3e88-4f44-9ea2-137bcd39c785: shutdown server with port 33608 successfully
2019-09-17 07:21:37,293 [refreshUsed-/workdir/hadoop-ozone/integration-test/target/test-dir/MiniOzoneClusterImpl-23941a65-3452-474d-b3c0-503ff93f6bad/datanode-3/data/containers] WARN  fs.CachingGetSpaceUsed (CachingGetSpaceUsed.java:run(183)) - Thread Interrupted waiting to refresh disk information: sleep interrupted
2019-09-17 07:21:37,310 [main] INFO  utils.BackgroundService (BackgroundService.java:shutdown(148)) - Shutting down service BlockDeletingService
2019-09-17 07:21:37,315 [main] INFO  statemachine.DatanodeStateMachine (DatanodeStateMachine.java:stopDaemon(395)) - Ozone container server stopped.
2019-09-17 07:21:37,316 [main] INFO  handler.ContextHandler (ContextHandler.java:doStop(910)) - Stopped o.e.j.w.WebAppContext@48cf8414{/,null,UNAVAILABLE}{/hddsDatanode}
2019-09-17 07:21:37,317 [main] INFO  server.AbstractConnector (AbstractConnector.java:doStop(318)) - Stopped ServerConnector@27dbaa33{HTTP/1.1,[http/1.1]}{0.0.0.0:0}
2019-09-17 07:21:37,317 [main] INFO  handler.ContextHandler (ContextHandler.java:doStop(910)) - Stopped o.e.j.s.ServletContextHandler@6ea66c33{/static,jar:file:/home/user/.m2/repository/org/apache/hadoop/hadoop-hdds-container-service/0.5.0-SNAPSHOT/hadoop-hdds-container-service-0.5.0-SNAPSHOT.jar!/webapps/static,UNAVAILABLE}
2019-09-17 07:21:37,318 [main] INFO  handler.ContextHandler (ContextHandler.java:doStop(910)) - Stopped o.e.j.s.ServletContextHandler@2964511{/logs,file:///workdir/hadoop-ozone/integration-test/target/log,UNAVAILABLE}
2019-09-17 07:21:37,342 [Datanode State Machine Thread - 0] INFO  statemachine.DatanodeStateMachine (DatanodeStateMachine.java:lambda$startDaemon$0(350)) - Ozone container server started.
2019-09-17 07:21:37,465 [Datanode State Machine Thread - 0] INFO  statemachine.DatanodeStateMachine (DatanodeStateMachine.java:lambda$startDaemon$0(350)) - Ozone container server started.
2019-09-17 07:21:40,166 [RatisPipelineUtilsThread] WARN  pipeline.RatisPipelineUtils (RatisPipelineUtils.java:destroyPipeline(66)) - Pipeline destroy failed for pipeline=PipelineID=7701c700-c295-448b-ae11-48638e47c87f dn=783b8b0d-2e4b-4296-bbed-3f010e7af5dd{ip: 192.168.157.246, host: pr-hdds-2016-n7825-135103490, networkLocation: /default-rack, certSerialId: null}
2019-09-17 07:21:40,168 [RatisPipelineUtilsThread] WARN  pipeline.RatisPipelineUtils (RatisPipelineUtils.java:destroyPipeline(66)) - Pipeline destroy failed for pipeline=PipelineID=7701c700-c295-448b-ae11-48638e47c87f dn=8914721e-e6fd-428a-8274-c97b8de6844d{ip: 192.168.157.246, host: pr-hdds-2016-n7825-135103490, networkLocation: /default-rack, certSerialId: null}
2019-09-17 07:21:40,172 [grpc-default-executor-6] INFO  impl.RaftServerProxy (RaftServerProxy.java:remove(95)) - 5d850b7b-f02e-4029-a6ce-7c22cb722049: remove group-48638E47C87F:null
2019-09-17 07:21:40,178 [RatisPipelineUtilsThread] WARN  pipeline.RatisPipelineUtils (RatisPipelineUtils.java:destroyPipeline(66)) - Pipeline destroy failed for pipeline=PipelineID=7701c700-c295-448b-ae11-48638e47c87f dn=5d850b7b-f02e-4029-a6ce-7c22cb722049{ip: 192.168.157.246, host: pr-hdds-2016-n7825-135103490, networkLocation: /default-rack, certSerialId: null}
2019-09-17 07:21:40,179 [RatisPipelineUtilsThread] ERROR pipeline.SCMPipelineManager (Scheduler.java:lambda$schedule$1(70)) - Destroy pipeline failed for pipeline:Pipeline[ Id: 7701c700-c295-448b-ae11-48638e47c87f, Nodes: 783b8b0d-2e4b-4296-bbed-3f010e7af5dd{ip: 192.168.157.246, host: pr-hdds-2016-n7825-135103490, networkLocation: /default-rack, certSerialId: null}8914721e-e6fd-428a-8274-c97b8de6844d{ip: 192.168.157.246, host: pr-hdds-2016-n7825-135103490, networkLocation: /default-rack, certSerialId: null}5d850b7b-f02e-4029-a6ce-7c22cb722049{ip: 192.168.157.246, host: pr-hdds-2016-n7825-135103490, networkLocation: /default-rack, certSerialId: null}, Type:RATIS, Factor:THREE, State:CLOSED]
org.apache.hadoop.hdds.scm.pipeline.PipelineNotFoundException: PipelineID=7701c700-c295-448b-ae11-48638e47c87f not found
	at org.apache.hadoop.hdds.scm.pipeline.PipelineStateMap.getPipeline(PipelineStateMap.java:132)
	at org.apache.hadoop.hdds.scm.pipeline.PipelineStateMap.removePipeline(PipelineStateMap.java:322)
	at org.apache.hadoop.hdds.scm.pipeline.PipelineStateManager.removePipeline(PipelineStateManager.java:107)
	at org.apache.hadoop.hdds.scm.pipeline.SCMPipelineManager.removePipeline(SCMPipelineManager.java:423)
	at org.apache.hadoop.hdds.scm.pipeline.SCMPipelineManager.destroyPipeline(SCMPipelineManager.java:409)
	at org.apache.hadoop.hdds.scm.pipeline.SCMPipelineManager.lambda$finalizeAndDestroyPipeline$0(SCMPipelineManager.java:318)
	at org.apache.hadoop.utils.Scheduler.lambda$schedule$1(Scheduler.java:68)
	at java.util.concurrent.Executors$RunnableAdapter.call(Executors.java:511)
	at java.util.concurrent.FutureTask.run(FutureTask.java:266)
	at java.util.concurrent.ScheduledThreadPoolExecutor$ScheduledFutureTask.access$201(ScheduledThreadPoolExecutor.java:180)
	at java.util.concurrent.ScheduledThreadPoolExecutor$ScheduledFutureTask.run(ScheduledThreadPoolExecutor.java:293)
	at java.util.concurrent.ThreadPoolExecutor.runWorker(ThreadPoolExecutor.java:1149)
	at java.util.concurrent.ThreadPoolExecutor$Worker.run(ThreadPoolExecutor.java:624)
	at java.lang.Thread.run(Thread.java:748)
2019-09-17 07:21:40,797 [Thread-4033] INFO  impl.FollowerState (FollowerState.java:run(106)) - bc5ac98c-2c48-4d28-9cfb-f439c68ccdab:group-ACD078D67A55 changes to CANDIDATE, lastRpcTime:8822, electionTimeout:5095ms
2019-09-17 07:21:40,798 [Thread-4033] INFO  impl.RoleInfo (RoleInfo.java:shutdownFollowerState(121)) - bc5ac98c-2c48-4d28-9cfb-f439c68ccdab: shutdown FollowerState
2019-09-17 07:21:40,798 [Thread-4033] INFO  impl.RaftServerImpl (RaftServerImpl.java:setRole(174)) - bc5ac98c-2c48-4d28-9cfb-f439c68ccdab@group-ACD078D67A55: changes role from  FOLLOWER to CANDIDATE at term 1 for changeToCandidate
2019-09-17 07:21:40,798 [Thread-4033] INFO  impl.RoleInfo (RoleInfo.java:updateAndGet(143)) - bc5ac98c-2c48-4d28-9cfb-f439c68ccdab: start LeaderElection
2019-09-17 07:21:40,819 [bc5ac98c-2c48-4d28-9cfb-f439c68ccdab@group-ACD078D67A55:LeaderElection99] INFO  impl.RaftServerImpl (ServerState.java:setLeader(253)) - bc5ac98c-2c48-4d28-9cfb-f439c68ccdab@group-ACD078D67A55: change Leader from 56dbe93a-5974-4a13-8b2c-4d24aa3aff1d to null at term 1 for initElection
2019-09-17 07:21:40,834 [bc5ac98c-2c48-4d28-9cfb-f439c68ccdab@group-ACD078D67A55:LeaderElection99] INFO  impl.LeaderElection (LeaderElection.java:askForVotes(182)) - bc5ac98c-2c48-4d28-9cfb-f439c68ccdab@group-ACD078D67A55:LeaderElection99: begin an election at term 2 for 0: [bc5ac98c-2c48-4d28-9cfb-f439c68ccdab:192.168.157.246:33665, d2382816-3e88-4f44-9ea2-137bcd39c785:192.168.157.246:33608, 56dbe93a-5974-4a13-8b2c-4d24aa3aff1d:192.168.157.246:43571], old=null
2019-09-17 07:21:40,838 [bc5ac98c-2c48-4d28-9cfb-f439c68ccdab@group-ACD078D67A55:LeaderElection99] INFO  impl.LeaderElection (LogUtils.java:infoOrTrace(149)) - bc5ac98c-2c48-4d28-9cfb-f439c68ccdab@group-ACD078D67A55:LeaderElection99 got exception when requesting votes: {}
java.util.concurrent.ExecutionException: org.apache.ratis.thirdparty.io.grpc.StatusRuntimeException: UNAVAILABLE: io exception
	at java.util.concurrent.FutureTask.report(FutureTask.java:122)
	at java.util.concurrent.FutureTask.get(FutureTask.java:192)
	at org.apache.ratis.server.impl.LeaderElection.waitForResults(LeaderElection.java:263)
	at org.apache.ratis.server.impl.LeaderElection.askForVotes(LeaderElection.java:201)
	at org.apache.ratis.server.impl.LeaderElection.run(LeaderElection.java:133)
	at java.lang.Thread.run(Thread.java:748)
Caused by: org.apache.ratis.thirdparty.io.grpc.StatusRuntimeException: UNAVAILABLE: io exception
	at org.apache.ratis.thirdparty.io.grpc.stub.ClientCalls.toStatusRuntimeException(ClientCalls.java:233)
	at org.apache.ratis.thirdparty.io.grpc.stub.ClientCalls.getUnchecked(ClientCalls.java:214)
	at org.apache.ratis.thirdparty.io.grpc.stub.ClientCalls.blockingUnaryCall(ClientCalls.java:139)
	at org.apache.ratis.proto.grpc.RaftServerProtocolServiceGrpc$RaftServerProtocolServiceBlockingStub.requestVote(RaftServerProtocolServiceGrpc.java:265)
	at org.apache.ratis.grpc.server.GrpcServerProtocolClient.requestVote(GrpcServerProtocolClient.java:90)
	at org.apache.ratis.grpc.server.GrpcService.requestVote(GrpcService.java:204)
	at org.apache.ratis.server.impl.LeaderElection.lambda$submitRequests$1(LeaderElection.java:238)
	at java.util.concurrent.FutureTask.run(FutureTask.java:266)
	at java.util.concurrent.Executors$RunnableAdapter.call(Executors.java:511)
	at java.util.concurrent.FutureTask.run(FutureTask.java:266)
	at java.util.concurrent.ThreadPoolExecutor.runWorker(ThreadPoolExecutor.java:1149)
	at java.util.concurrent.ThreadPoolExecutor$Worker.run(ThreadPoolExecutor.java:624)
	... 1 more
Caused by: org.apache.ratis.thirdparty.io.netty.channel.AbstractChannel$AnnotatedConnectException: Connection refused: /192.168.157.246:33608
	at sun.nio.ch.SocketChannelImpl.checkConnect(Native Method)
	at sun.nio.ch.SocketChannelImpl.finishConnect(SocketChannelImpl.java:717)
	at org.apache.ratis.thirdparty.io.netty.channel.socket.nio.NioSocketChannel.doFinishConnect(NioSocketChannel.java:327)
	at org.apache.ratis.thirdparty.io.netty.channel.nio.AbstractNioChannel$AbstractNioUnsafe.finishConnect(AbstractNioChannel.java:340)
	at org.apache.ratis.thirdparty.io.netty.channel.nio.NioEventLoop.processSelectedKey(NioEventLoop.java:632)
	at org.apache.ratis.thirdparty.io.netty.channel.nio.NioEventLoop.processSelectedKeysOptimized(NioEventLoop.java:579)
	at org.apache.ratis.thirdparty.io.netty.channel.nio.NioEventLoop.processSelectedKeys(NioEventLoop.java:496)
	at org.apache.ratis.thirdparty.io.netty.channel.nio.NioEventLoop.run(NioEventLoop.java:458)
	at org.apache.ratis.thirdparty.io.netty.util.concurrent.SingleThreadEventExecutor$5.run(SingleThreadEventExecutor.java:897)
	at org.apache.ratis.thirdparty.io.netty.util.concurrent.FastThreadLocalRunnable.run(FastThreadLocalRunnable.java:30)
	... 1 more
Caused by: java.net.ConnectException: Connection refused
	... 11 more
2019-09-17 07:21:40,841 [bc5ac98c-2c48-4d28-9cfb-f439c68ccdab@group-ACD078D67A55:LeaderElection99] INFO  impl.LeaderElection (LogUtils.java:infoOrTrace(149)) - bc5ac98c-2c48-4d28-9cfb-f439c68ccdab@group-ACD078D67A55:LeaderElection99 got exception when requesting votes: {}
java.util.concurrent.ExecutionException: org.apache.ratis.thirdparty.io.grpc.StatusRuntimeException: UNAVAILABLE: io exception
	at java.util.concurrent.FutureTask.report(FutureTask.java:122)
	at java.util.concurrent.FutureTask.get(FutureTask.java:192)
	at org.apache.ratis.server.impl.LeaderElection.waitForResults(LeaderElection.java:263)
	at org.apache.ratis.server.impl.LeaderElection.askForVotes(LeaderElection.java:201)
	at org.apache.ratis.server.impl.LeaderElection.run(LeaderElection.java:133)
	at java.lang.Thread.run(Thread.java:748)
Caused by: org.apache.ratis.thirdparty.io.grpc.StatusRuntimeException: UNAVAILABLE: io exception
	at org.apache.ratis.thirdparty.io.grpc.stub.ClientCalls.toStatusRuntimeException(ClientCalls.java:233)
	at org.apache.ratis.thirdparty.io.grpc.stub.ClientCalls.getUnchecked(ClientCalls.java:214)
	at org.apache.ratis.thirdparty.io.grpc.stub.ClientCalls.blockingUnaryCall(ClientCalls.java:139)
	at org.apache.ratis.proto.grpc.RaftServerProtocolServiceGrpc$RaftServerProtocolServiceBlockingStub.requestVote(RaftServerProtocolServiceGrpc.java:265)
	at org.apache.ratis.grpc.server.GrpcServerProtocolClient.requestVote(GrpcServerProtocolClient.java:90)
	at org.apache.ratis.grpc.server.GrpcService.requestVote(GrpcService.java:204)
	at org.apache.ratis.server.impl.LeaderElection.lambda$submitRequests$1(LeaderElection.java:238)
	at java.util.concurrent.FutureTask.run(FutureTask.java:266)
	at java.util.concurrent.Executors$RunnableAdapter.call(Executors.java:511)
	at java.util.concurrent.FutureTask.run(FutureTask.java:266)
	at java.util.concurrent.ThreadPoolExecutor.runWorker(ThreadPoolExecutor.java:1149)
	at java.util.concurrent.ThreadPoolExecutor$Worker.run(ThreadPoolExecutor.java:624)
	... 1 more
Caused by: org.apache.ratis.thirdparty.io.netty.channel.AbstractChannel$AnnotatedConnectException: Connection refused: /192.168.157.246:43571
	at sun.nio.ch.SocketChannelImpl.checkConnect(Native Method)
	at sun.nio.ch.SocketChannelImpl.finishConnect(SocketChannelImpl.java:717)
	at org.apache.ratis.thirdparty.io.netty.channel.socket.nio.NioSocketChannel.doFinishConnect(NioSocketChannel.java:327)
	at org.apache.ratis.thirdparty.io.netty.channel.nio.AbstractNioChannel$AbstractNioUnsafe.finishConnect(AbstractNioChannel.java:340)
	at org.apache.ratis.thirdparty.io.netty.channel.nio.NioEventLoop.processSelectedKey(NioEventLoop.java:632)
	at org.apache.ratis.thirdparty.io.netty.channel.nio.NioEventLoop.processSelectedKeysOptimized(NioEventLoop.java:579)
	at org.apache.ratis.thirdparty.io.netty.channel.nio.NioEventLoop.processSelectedKeys(NioEventLoop.java:496)
	at org.apache.ratis.thirdparty.io.netty.channel.nio.NioEventLoop.run(NioEventLoop.java:458)
	at org.apache.ratis.thirdparty.io.netty.util.concurrent.SingleThreadEventExecutor$5.run(SingleThreadEventExecutor.java:897)
	at org.apache.ratis.thirdparty.io.netty.util.concurrent.FastThreadLocalRunnable.run(FastThreadLocalRunnable.java:30)
	... 1 more
Caused by: java.net.ConnectException: Connection refused
	... 11 more
2019-09-17 07:21:40,843 [bc5ac98c-2c48-4d28-9cfb-f439c68ccdab@group-ACD078D67A55:LeaderElection99] INFO  impl.LeaderElection (LeaderElection.java:logAndReturn(56)) - bc5ac98c-2c48-4d28-9cfb-f439c68ccdab@group-ACD078D67A55:LeaderElection99: Election REJECTED; received 0 response(s) [] and 2 exception(s); bc5ac98c-2c48-4d28-9cfb-f439c68ccdab@group-ACD078D67A55:t2, leader=null, voted=bc5ac98c-2c48-4d28-9cfb-f439c68ccdab, raftlog=bc5ac98c-2c48-4d28-9cfb-f439c68ccdab@group-ACD078D67A55-SegmentedRaftLog:OPENED:c16,f16,i16, conf=0: [bc5ac98c-2c48-4d28-9cfb-f439c68ccdab:192.168.157.246:33665, d2382816-3e88-4f44-9ea2-137bcd39c785:192.168.157.246:33608, 56dbe93a-5974-4a13-8b2c-4d24aa3aff1d:192.168.157.246:43571], old=null
2019-09-17 07:21:40,843 [bc5ac98c-2c48-4d28-9cfb-f439c68ccdab@group-ACD078D67A55:LeaderElection99] INFO  impl.LeaderElection (LogUtils.java:infoOrTrace(149)) -   Exception 0: {}
java.util.concurrent.ExecutionException: org.apache.ratis.thirdparty.io.grpc.StatusRuntimeException: UNAVAILABLE: io exception
	at java.util.concurrent.FutureTask.report(FutureTask.java:122)
	at java.util.concurrent.FutureTask.get(FutureTask.java:192)
	at org.apache.ratis.server.impl.LeaderElection.waitForResults(LeaderElection.java:263)
	at org.apache.ratis.server.impl.LeaderElection.askForVotes(LeaderElection.java:201)
	at org.apache.ratis.server.impl.LeaderElection.run(LeaderElection.java:133)
	at java.lang.Thread.run(Thread.java:748)
Caused by: org.apache.ratis.thirdparty.io.grpc.StatusRuntimeException: UNAVAILABLE: io exception
	at org.apache.ratis.thirdparty.io.grpc.stub.ClientCalls.toStatusRuntimeException(ClientCalls.java:233)
	at org.apache.ratis.thirdparty.io.grpc.stub.ClientCalls.getUnchecked(ClientCalls.java:214)
	at org.apache.ratis.thirdparty.io.grpc.stub.ClientCalls.blockingUnaryCall(ClientCalls.java:139)
	at org.apache.ratis.proto.grpc.RaftServerProtocolServiceGrpc$RaftServerProtocolServiceBlockingStub.requestVote(RaftServerProtocolServiceGrpc.java:265)
	at org.apache.ratis.grpc.server.GrpcServerProtocolClient.requestVote(GrpcServerProtocolClient.java:90)
	at org.apache.ratis.grpc.server.GrpcService.requestVote(GrpcService.java:204)
	at org.apache.ratis.server.impl.LeaderElection.lambda$submitRequests$1(LeaderElection.java:238)
	at java.util.concurrent.FutureTask.run(FutureTask.java:266)
	at java.util.concurrent.Executors$RunnableAdapter.call(Executors.java:511)
	at java.util.concurrent.FutureTask.run(FutureTask.java:266)
	at java.util.concurrent.ThreadPoolExecutor.runWorker(ThreadPoolExecutor.java:1149)
	at java.util.concurrent.ThreadPoolExecutor$Worker.run(ThreadPoolExecutor.java:624)
	... 1 more
Caused by: org.apache.ratis.thirdparty.io.netty.channel.AbstractChannel$AnnotatedConnectException: Connection refused: /192.168.157.246:33608
	at sun.nio.ch.SocketChannelImpl.checkConnect(Native Method)
	at sun.nio.ch.SocketChannelImpl.finishConnect(SocketChannelImpl.java:717)
	at org.apache.ratis.thirdparty.io.netty.channel.socket.nio.NioSocketChannel.doFinishConnect(NioSocketChannel.java:327)
	at org.apache.ratis.thirdparty.io.netty.channel.nio.AbstractNioChannel$AbstractNioUnsafe.finishConnect(AbstractNioChannel.java:340)
	at org.apache.ratis.thirdparty.io.netty.channel.nio.NioEventLoop.processSelectedKey(NioEventLoop.java:632)
	at org.apache.ratis.thirdparty.io.netty.channel.nio.NioEventLoop.processSelectedKeysOptimized(NioEventLoop.java:579)
	at org.apache.ratis.thirdparty.io.netty.channel.nio.NioEventLoop.processSelectedKeys(NioEventLoop.java:496)
	at org.apache.ratis.thirdparty.io.netty.channel.nio.NioEventLoop.run(NioEventLoop.java:458)
	at org.apache.ratis.thirdparty.io.netty.util.concurrent.SingleThreadEventExecutor$5.run(SingleThreadEventExecutor.java:897)
	at org.apache.ratis.thirdparty.io.netty.util.concurrent.FastThreadLocalRunnable.run(FastThreadLocalRunnable.java:30)
	... 1 more
Caused by: java.net.ConnectException: Connection refused
	... 11 more
2019-09-17 07:21:40,843 [bc5ac98c-2c48-4d28-9cfb-f439c68ccdab@group-ACD078D67A55:LeaderElection99] INFO  impl.LeaderElection (LogUtils.java:infoOrTrace(149)) -   Exception 1: {}
java.util.concurrent.ExecutionException: org.apache.ratis.thirdparty.io.grpc.StatusRuntimeException: UNAVAILABLE: io exception
	at java.util.concurrent.FutureTask.report(FutureTask.java:122)
	at java.util.concurrent.FutureTask.get(FutureTask.java:192)
	at org.apache.ratis.server.impl.LeaderElection.waitForResults(LeaderElection.java:263)
	at org.apache.ratis.server.impl.LeaderElection.askForVotes(LeaderElection.java:201)
	at org.apache.ratis.server.impl.LeaderElection.run(LeaderElection.java:133)
	at java.lang.Thread.run(Thread.java:748)
Caused by: org.apache.ratis.thirdparty.io.grpc.StatusRuntimeException: UNAVAILABLE: io exception
	at org.apache.ratis.thirdparty.io.grpc.stub.ClientCalls.toStatusRuntimeException(ClientCalls.java:233)
	at org.apache.ratis.thirdparty.io.grpc.stub.ClientCalls.getUnchecked(ClientCalls.java:214)
	at org.apache.ratis.thirdparty.io.grpc.stub.ClientCalls.blockingUnaryCall(ClientCalls.java:139)
	at org.apache.ratis.proto.grpc.RaftServerProtocolServiceGrpc$RaftServerProtocolServiceBlockingStub.requestVote(RaftServerProtocolServiceGrpc.java:265)
	at org.apache.ratis.grpc.server.GrpcServerProtocolClient.requestVote(GrpcServerProtocolClient.java:90)
	at org.apache.ratis.grpc.server.GrpcService.requestVote(GrpcService.java:204)
	at org.apache.ratis.server.impl.LeaderElection.lambda$submitRequests$1(LeaderElection.java:238)
	at java.util.concurrent.FutureTask.run(FutureTask.java:266)
	at java.util.concurrent.Executors$RunnableAdapter.call(Executors.java:511)
	at java.util.concurrent.FutureTask.run(FutureTask.java:266)
	at java.util.concurrent.ThreadPoolExecutor.runWorker(ThreadPoolExecutor.java:1149)
	at java.util.concurrent.ThreadPoolExecutor$Worker.run(ThreadPoolExecutor.java:624)
	... 1 more
Caused by: org.apache.ratis.thirdparty.io.netty.channel.AbstractChannel$AnnotatedConnectException: Connection refused: /192.168.157.246:43571
	at sun.nio.ch.SocketChannelImpl.checkConnect(Native Method)
	at sun.nio.ch.SocketChannelImpl.finishConnect(SocketChannelImpl.java:717)
	at org.apache.ratis.thirdparty.io.netty.channel.socket.nio.NioSocketChannel.doFinishConnect(NioSocketChannel.java:327)
	at org.apache.ratis.thirdparty.io.netty.channel.nio.AbstractNioChannel$AbstractNioUnsafe.finishConnect(AbstractNioChannel.java:340)
	at org.apache.ratis.thirdparty.io.netty.channel.nio.NioEventLoop.processSelectedKey(NioEventLoop.java:632)
	at org.apache.ratis.thirdparty.io.netty.channel.nio.NioEventLoop.processSelectedKeysOptimized(NioEventLoop.java:579)
	at org.apache.ratis.thirdparty.io.netty.channel.nio.NioEventLoop.processSelectedKeys(NioEventLoop.java:496)
	at org.apache.ratis.thirdparty.io.netty.channel.nio.NioEventLoop.run(NioEventLoop.java:458)
	at org.apache.ratis.thirdparty.io.netty.util.concurrent.SingleThreadEventExecutor$5.run(SingleThreadEventExecutor.java:897)
	at org.apache.ratis.thirdparty.io.netty.util.concurrent.FastThreadLocalRunnable.run(FastThreadLocalRunnable.java:30)
	... 1 more
Caused by: java.net.ConnectException: Connection refused
	... 11 more
2019-09-17 07:21:40,843 [bc5ac98c-2c48-4d28-9cfb-f439c68ccdab@group-ACD078D67A55:LeaderElection99] INFO  impl.RaftServerImpl (RaftServerImpl.java:setRole(174)) - bc5ac98c-2c48-4d28-9cfb-f439c68ccdab@group-ACD078D67A55: changes role from CANDIDATE to FOLLOWER at term 2 for DISCOVERED_A_NEW_TERM
2019-09-17 07:21:40,843 [bc5ac98c-2c48-4d28-9cfb-f439c68ccdab@group-ACD078D67A55:LeaderElection99] INFO  impl.RoleInfo (RoleInfo.java:shutdownLeaderElection(134)) - bc5ac98c-2c48-4d28-9cfb-f439c68ccdab: shutdown LeaderElection
2019-09-17 07:21:40,844 [bc5ac98c-2c48-4d28-9cfb-f439c68ccdab@group-ACD078D67A55:LeaderElection99] INFO  impl.RoleInfo (RoleInfo.java:updateAndGet(143)) - bc5ac98c-2c48-4d28-9cfb-f439c68ccdab: start FollowerState
2019-09-17 07:21:41,365 [EventQueue-StaleNodeForStaleNodeHandler] INFO  node.StaleNodeHandler (StaleNodeHandler.java:onMessage(58)) - Datanode d9c705ac-0a89-46f8-8359-de24410f3e43{ip: 192.168.157.246, host: pr-hdds-2016-n7825-135103490, networkLocation: /default-rack, certSerialId: null} moved to stale state. Finalizing its pipelines [PipelineID=6b59dae2-3b84-4026-a02c-9a2654ed430f, PipelineID=a6e31232-fb55-49ea-93bc-e948ed9b1d44]
2019-09-17 07:21:41,366 [EventQueue-StaleNodeForStaleNodeHandler] INFO  pipeline.SCMPipelineManager (SCMPipelineManager.java:finalizeAndDestroyPipeline(311)) - destroying pipeline:Pipeline[ Id: 6b59dae2-3b84-4026-a02c-9a2654ed430f, Nodes: 783b8b0d-2e4b-4296-bbed-3f010e7af5dd{ip: 192.168.157.246, host: pr-hdds-2016-n7825-135103490, networkLocation: /default-rack, certSerialId: null}8914721e-e6fd-428a-8274-c97b8de6844d{ip: 192.168.157.246, host: pr-hdds-2016-n7825-135103490, networkLocation: /default-rack, certSerialId: null}d9c705ac-0a89-46f8-8359-de24410f3e43{ip: 192.168.157.246, host: pr-hdds-2016-n7825-135103490, networkLocation: /default-rack, certSerialId: null}, Type:RATIS, Factor:THREE, State:CLOSED]
2019-09-17 07:21:41,366 [EventQueue-StaleNodeForStaleNodeHandler] INFO  pipeline.SCMPipelineManager (SCMPipelineManager.java:finalizeAndDestroyPipeline(311)) - destroying pipeline:Pipeline[ Id: a6e31232-fb55-49ea-93bc-e948ed9b1d44, Nodes: d9c705ac-0a89-46f8-8359-de24410f3e43{ip: 192.168.157.246, host: pr-hdds-2016-n7825-135103490, networkLocation: /default-rack, certSerialId: null}, Type:RATIS, Factor:ONE, State:OPEN]
2019-09-17 07:21:41,367 [EventQueue-StaleNodeForStaleNodeHandler] INFO  pipeline.PipelineStateManager (PipelineStateManager.java:finalizePipeline(123)) - Pipeline Pipeline[ Id: a6e31232-fb55-49ea-93bc-e948ed9b1d44, Nodes: d9c705ac-0a89-46f8-8359-de24410f3e43{ip: 192.168.157.246, host: pr-hdds-2016-n7825-135103490, networkLocation: /default-rack, certSerialId: null}, Type:RATIS, Factor:ONE, State:CLOSED] moved to CLOSED state
2019-09-17 07:21:41,565 [EventQueue-StaleNodeForStaleNodeHandler] INFO  node.StaleNodeHandler (StaleNodeHandler.java:onMessage(58)) - Datanode 5d850b7b-f02e-4029-a6ce-7c22cb722049{ip: 192.168.157.246, host: pr-hdds-2016-n7825-135103490, networkLocation: /default-rack, certSerialId: null} moved to stale state. Finalizing its pipelines [PipelineID=85811c04-d282-4ade-a385-4b8473debd2e]
2019-09-17 07:21:41,566 [EventQueue-StaleNodeForStaleNodeHandler] INFO  pipeline.SCMPipelineManager (SCMPipelineManager.java:finalizeAndDestroyPipeline(311)) - destroying pipeline:Pipeline[ Id: 85811c04-d282-4ade-a385-4b8473debd2e, Nodes: 5d850b7b-f02e-4029-a6ce-7c22cb722049{ip: 192.168.157.246, host: pr-hdds-2016-n7825-135103490, networkLocation: /default-rack, certSerialId: null}, Type:RATIS, Factor:ONE, State:OPEN]
2019-09-17 07:21:41,566 [EventQueue-StaleNodeForStaleNodeHandler] INFO  pipeline.PipelineStateManager (PipelineStateManager.java:finalizePipeline(123)) - Pipeline Pipeline[ Id: 85811c04-d282-4ade-a385-4b8473debd2e, Nodes: 5d850b7b-f02e-4029-a6ce-7c22cb722049{ip: 192.168.157.246, host: pr-hdds-2016-n7825-135103490, networkLocation: /default-rack, certSerialId: null}, Type:RATIS, Factor:ONE, State:CLOSED] moved to CLOSED state
2019-09-17 07:21:42,163 [RatisPipelineUtilsThread] WARN  pipeline.RatisPipelineUtils (RatisPipelineUtils.java:destroyPipeline(66)) - Pipeline destroy failed for pipeline=PipelineID=7701c700-c295-448b-ae11-48638e47c87f dn=783b8b0d-2e4b-4296-bbed-3f010e7af5dd{ip: 192.168.157.246, host: pr-hdds-2016-n7825-135103490, networkLocation: /default-rack, certSerialId: null}
2019-09-17 07:21:42,165 [RatisPipelineUtilsThread] WARN  pipeline.RatisPipelineUtils (RatisPipelineUtils.java:destroyPipeline(66)) - Pipeline destroy failed for pipeline=PipelineID=7701c700-c295-448b-ae11-48638e47c87f dn=8914721e-e6fd-428a-8274-c97b8de6844d{ip: 192.168.157.246, host: pr-hdds-2016-n7825-135103490, networkLocation: /default-rack, certSerialId: null}
2019-09-17 07:21:42,170 [grpc-default-executor-11] INFO  impl.RaftServerProxy (RaftServerProxy.java:remove(95)) - 5d850b7b-f02e-4029-a6ce-7c22cb722049: remove group-48638E47C87F:null
2019-09-17 07:21:42,184 [RatisPipelineUtilsThread] WARN  pipeline.RatisPipelineUtils (RatisPipelineUtils.java:destroyPipeline(66)) - Pipeline destroy failed for pipeline=PipelineID=7701c700-c295-448b-ae11-48638e47c87f dn=5d850b7b-f02e-4029-a6ce-7c22cb722049{ip: 192.168.157.246, host: pr-hdds-2016-n7825-135103490, networkLocation: /default-rack, certSerialId: null}
2019-09-17 07:21:42,185 [RatisPipelineUtilsThread] ERROR pipeline.SCMPipelineManager (Scheduler.java:lambda$schedule$1(70)) - Destroy pipeline failed for pipeline:Pipeline[ Id: 7701c700-c295-448b-ae11-48638e47c87f, Nodes: 783b8b0d-2e4b-4296-bbed-3f010e7af5dd{ip: 192.168.157.246, host: pr-hdds-2016-n7825-135103490, networkLocation: /default-rack, certSerialId: null}8914721e-e6fd-428a-8274-c97b8de6844d{ip: 192.168.157.246, host: pr-hdds-2016-n7825-135103490, networkLocation: /default-rack, certSerialId: null}5d850b7b-f02e-4029-a6ce-7c22cb722049{ip: 192.168.157.246, host: pr-hdds-2016-n7825-135103490, networkLocation: /default-rack, certSerialId: null}, Type:RATIS, Factor:THREE, State:CLOSED]
org.apache.hadoop.hdds.scm.pipeline.PipelineNotFoundException: PipelineID=7701c700-c295-448b-ae11-48638e47c87f not found
	at org.apache.hadoop.hdds.scm.pipeline.PipelineStateMap.getPipeline(PipelineStateMap.java:132)
	at org.apache.hadoop.hdds.scm.pipeline.PipelineStateMap.removePipeline(PipelineStateMap.java:322)
	at org.apache.hadoop.hdds.scm.pipeline.PipelineStateManager.removePipeline(PipelineStateManager.java:107)
	at org.apache.hadoop.hdds.scm.pipeline.SCMPipelineManager.removePipeline(SCMPipelineManager.java:423)
	at org.apache.hadoop.hdds.scm.pipeline.SCMPipelineManager.destroyPipeline(SCMPipelineManager.java:409)
	at org.apache.hadoop.hdds.scm.pipeline.SCMPipelineManager.lambda$finalizeAndDestroyPipeline$0(SCMPipelineManager.java:318)
	at org.apache.hadoop.utils.Scheduler.lambda$schedule$1(Scheduler.java:68)
	at java.util.concurrent.Executors$RunnableAdapter.call(Executors.java:511)
	at java.util.concurrent.FutureTask.run(FutureTask.java:266)
	at java.util.concurrent.ScheduledThreadPoolExecutor$ScheduledFutureTask.access$201(ScheduledThreadPoolExecutor.java:180)
	at java.util.concurrent.ScheduledThreadPoolExecutor$ScheduledFutureTask.run(ScheduledThreadPoolExecutor.java:293)
	at java.util.concurrent.ThreadPoolExecutor.runWorker(ThreadPoolExecutor.java:1149)
	at java.util.concurrent.ThreadPoolExecutor$Worker.run(ThreadPoolExecutor.java:624)
	at java.lang.Thread.run(Thread.java:748)
2019-09-17 07:21:42,266 [ForkJoinPool.commonPool-worker-0] INFO  ozoneimpl.OzoneContainer (OzoneContainer.java:stop(231)) - Attempting to stop container services.
2019-09-17 07:21:42,267 [ForkJoinPool.commonPool-worker-0] INFO  impl.RaftServerProxy (RaftServerProxy.java:lambda$close$4(314)) - 5d850b7b-f02e-4029-a6ce-7c22cb722049: close
2019-09-17 07:21:42,267 [ForkJoinPool.commonPool-worker-0] INFO  impl.RaftServerImpl (RaftServerImpl.java:lambda$shutdown$3(251)) - 5d850b7b-f02e-4029-a6ce-7c22cb722049@group-4B8473DEBD2E: shutdown
2019-09-17 07:21:42,267 [ForkJoinPool.commonPool-worker-0] INFO  util.JmxRegister (JmxRegister.java:unregister(73)) - Successfully un-registered JMX Bean with object name Ratis:service=RaftServer,group=group-4B8473DEBD2E,id=5d850b7b-f02e-4029-a6ce-7c22cb722049
2019-09-17 07:21:42,268 [ForkJoinPool.commonPool-worker-0] INFO  impl.RoleInfo (RoleInfo.java:shutdownLeaderState(104)) - 5d850b7b-f02e-4029-a6ce-7c22cb722049: shutdown LeaderState
2019-09-17 07:21:42,268 [ForkJoinPool.commonPool-worker-0] INFO  impl.PendingRequests (PendingRequests.java:sendNotLeaderResponses(202)) - 5d850b7b-f02e-4029-a6ce-7c22cb722049-PendingRequests: sendNotLeaderResponses
2019-09-17 07:21:42,269 [ForkJoinPool.commonPool-worker-0] INFO  impl.StateMachineUpdater (StateMachineUpdater.java:stopAndJoin(125)) - 5d850b7b-f02e-4029-a6ce-7c22cb722049@group-4B8473DEBD2E-StateMachineUpdater: set stopIndex = 0
2019-09-17 07:21:42,269 [ForkJoinPool.commonPool-worker-0] INFO  impl.RaftServerImpl (ServerState.java:close(385)) - 5d850b7b-f02e-4029-a6ce-7c22cb722049@group-4B8473DEBD2E: closes. applyIndex: 0
2019-09-17 07:21:42,270 [5d850b7b-f02e-4029-a6ce-7c22cb722049@group-4B8473DEBD2E-SegmentedRaftLogWorker] INFO  segmented.SegmentedRaftLogWorker (SegmentedRaftLogWorker.java:run(313)) - 5d850b7b-f02e-4029-a6ce-7c22cb722049@group-4B8473DEBD2E-SegmentedRaftLogWorker was interrupted, exiting. There are 0 tasks remaining in the queue.
2019-09-17 07:21:42,270 [ForkJoinPool.commonPool-worker-0] INFO  segmented.SegmentedRaftLogWorker (SegmentedRaftLogWorker.java:close(228)) - 5d850b7b-f02e-4029-a6ce-7c22cb722049@group-4B8473DEBD2E-SegmentedRaftLogWorker close()
2019-09-17 07:21:42,273 [ForkJoinPool.commonPool-worker-0] INFO  server.GrpcService (GrpcService.java:closeImpl(164)) - 5d850b7b-f02e-4029-a6ce-7c22cb722049: shutdown server with port 45173 now
2019-09-17 07:21:42,274 [ForkJoinPool.commonPool-worker-0] INFO  server.GrpcService (GrpcService.java:closeImpl(172)) - 5d850b7b-f02e-4029-a6ce-7c22cb722049: shutdown server with port 45173 successfully
2019-09-17 07:21:42,277 [refreshUsed-/workdir/hadoop-ozone/integration-test/target/test-dir/MiniOzoneClusterImpl-23941a65-3452-474d-b3c0-503ff93f6bad/datanode-0/data/containers] WARN  fs.CachingGetSpaceUsed (CachingGetSpaceUsed.java:run(183)) - Thread Interrupted waiting to refresh disk information: sleep interrupted
2019-09-17 07:21:42,300 [ForkJoinPool.commonPool-worker-0] INFO  utils.BackgroundService (BackgroundService.java:shutdown(148)) - Shutting down service BlockDeletingService
2019-09-17 07:21:42,306 [ForkJoinPool.commonPool-worker-0] INFO  statemachine.DatanodeStateMachine (DatanodeStateMachine.java:stopDaemon(395)) - Ozone container server stopped.
2019-09-17 07:21:42,312 [ForkJoinPool.commonPool-worker-0] INFO  handler.ContextHandler (ContextHandler.java:doStop(910)) - Stopped o.e.j.w.WebAppContext@71e2c6d8{/,null,UNAVAILABLE}{/hddsDatanode}
2019-09-17 07:21:42,313 [ForkJoinPool.commonPool-worker-0] INFO  server.AbstractConnector (AbstractConnector.java:doStop(318)) - Stopped ServerConnector@4228f269{HTTP/1.1,[http/1.1]}{0.0.0.0:0}
2019-09-17 07:21:42,315 [ForkJoinPool.commonPool-worker-0] INFO  handler.ContextHandler (ContextHandler.java:doStop(910)) - Stopped o.e.j.s.ServletContextHandler@47f2c722{/static,jar:file:/home/user/.m2/repository/org/apache/hadoop/hadoop-hdds-container-service/0.5.0-SNAPSHOT/hadoop-hdds-container-service-0.5.0-SNAPSHOT.jar!/webapps/static,UNAVAILABLE}
2019-09-17 07:21:42,316 [ForkJoinPool.commonPool-worker-0] INFO  handler.ContextHandler (ContextHandler.java:doStop(910)) - Stopped o.e.j.s.ServletContextHandler@5889fc44{/logs,file:///workdir/hadoop-ozone/integration-test/target/log,UNAVAILABLE}
2019-09-17 07:21:42,320 [main] INFO  ozoneimpl.OzoneContainer (OzoneContainer.java:stop(231)) - Attempting to stop container services.
2019-09-17 07:21:42,320 [main] INFO  impl.RaftServerProxy (RaftServerProxy.java:lambda$close$4(314)) - d9c705ac-0a89-46f8-8359-de24410f3e43: close
2019-09-17 07:21:42,321 [main] INFO  impl.RaftServerImpl (RaftServerImpl.java:lambda$shutdown$3(251)) - d9c705ac-0a89-46f8-8359-de24410f3e43@group-9A2654ED430F: shutdown
2019-09-17 07:21:42,321 [main] INFO  util.JmxRegister (JmxRegister.java:unregister(73)) - Successfully un-registered JMX Bean with object name Ratis:service=RaftServer,group=group-9A2654ED430F,id=d9c705ac-0a89-46f8-8359-de24410f3e43
2019-09-17 07:21:42,321 [main] INFO  impl.RoleInfo (RoleInfo.java:shutdownFollowerState(121)) - d9c705ac-0a89-46f8-8359-de24410f3e43: shutdown FollowerState
2019-09-17 07:21:42,322 [main] INFO  impl.StateMachineUpdater (StateMachineUpdater.java:stopAndJoin(125)) - d9c705ac-0a89-46f8-8359-de24410f3e43@group-9A2654ED430F-StateMachineUpdater: set stopIndex = 0
2019-09-17 07:21:42,322 [Thread-4862] INFO  impl.FollowerState (FollowerState.java:run(115)) - d9c705ac-0a89-46f8-8359-de24410f3e43: FollowerState was interrupted: java.lang.InterruptedException: sleep interrupted
2019-09-17 07:21:42,322 [main] INFO  impl.RaftServerImpl (ServerState.java:close(385)) - d9c705ac-0a89-46f8-8359-de24410f3e43@group-9A2654ED430F: closes. applyIndex: 0
2019-09-17 07:21:42,323 [d9c705ac-0a89-46f8-8359-de24410f3e43@group-9A2654ED430F-SegmentedRaftLogWorker] INFO  segmented.SegmentedRaftLogWorker (SegmentedRaftLogWorker.java:run(313)) - d9c705ac-0a89-46f8-8359-de24410f3e43@group-9A2654ED430F-SegmentedRaftLogWorker was interrupted, exiting. There are 0 tasks remaining in the queue.
2019-09-17 07:21:42,323 [main] INFO  segmented.SegmentedRaftLogWorker (SegmentedRaftLogWorker.java:close(228)) - d9c705ac-0a89-46f8-8359-de24410f3e43@group-9A2654ED430F-SegmentedRaftLogWorker close()
2019-09-17 07:21:42,325 [main] INFO  impl.RaftServerImpl (RaftServerImpl.java:lambda$shutdown$3(251)) - d9c705ac-0a89-46f8-8359-de24410f3e43@group-E948ED9B1D44: shutdown
2019-09-17 07:21:42,326 [main] INFO  util.JmxRegister (JmxRegister.java:unregister(73)) - Successfully un-registered JMX Bean with object name Ratis:service=RaftServer,group=group-E948ED9B1D44,id=d9c705ac-0a89-46f8-8359-de24410f3e43
2019-09-17 07:21:42,326 [main] INFO  impl.RoleInfo (RoleInfo.java:shutdownLeaderState(104)) - d9c705ac-0a89-46f8-8359-de24410f3e43: shutdown LeaderState
2019-09-17 07:21:42,326 [main] INFO  impl.PendingRequests (PendingRequests.java:sendNotLeaderResponses(202)) - d9c705ac-0a89-46f8-8359-de24410f3e43-PendingRequests: sendNotLeaderResponses
2019-09-17 07:21:42,327 [main] INFO  impl.StateMachineUpdater (StateMachineUpdater.java:stopAndJoin(125)) - d9c705ac-0a89-46f8-8359-de24410f3e43@group-E948ED9B1D44-StateMachineUpdater: set stopIndex = 0
2019-09-17 07:21:42,327 [main] INFO  impl.RaftServerImpl (ServerState.java:close(385)) - d9c705ac-0a89-46f8-8359-de24410f3e43@group-E948ED9B1D44: closes. applyIndex: 0
2019-09-17 07:21:42,328 [d9c705ac-0a89-46f8-8359-de24410f3e43@group-E948ED9B1D44-SegmentedRaftLogWorker] INFO  segmented.SegmentedRaftLogWorker (SegmentedRaftLogWorker.java:run(313)) - d9c705ac-0a89-46f8-8359-de24410f3e43@group-E948ED9B1D44-SegmentedRaftLogWorker was interrupted, exiting. There are 0 tasks remaining in the queue.
2019-09-17 07:21:42,328 [main] INFO  segmented.SegmentedRaftLogWorker (SegmentedRaftLogWorker.java:close(228)) - d9c705ac-0a89-46f8-8359-de24410f3e43@group-E948ED9B1D44-SegmentedRaftLogWorker close()
2019-09-17 07:21:42,330 [main] INFO  server.GrpcService (GrpcService.java:closeImpl(164)) - d9c705ac-0a89-46f8-8359-de24410f3e43: shutdown server with port 36206 now
2019-09-17 07:21:42,330 [main] INFO  server.GrpcService (GrpcService.java:closeImpl(172)) - d9c705ac-0a89-46f8-8359-de24410f3e43: shutdown server with port 36206 successfully
2019-09-17 07:21:42,333 [refreshUsed-/workdir/hadoop-ozone/integration-test/target/test-dir/MiniOzoneClusterImpl-23941a65-3452-474d-b3c0-503ff93f6bad/datanode-6/data/containers] WARN  fs.CachingGetSpaceUsed (CachingGetSpaceUsed.java:run(183)) - Thread Interrupted waiting to refresh disk information: sleep interrupted
2019-09-17 07:21:42,349 [main] INFO  utils.BackgroundService (BackgroundService.java:shutdown(148)) - Shutting down service BlockDeletingService
2019-09-17 07:21:42,354 [main] INFO  statemachine.DatanodeStateMachine (DatanodeStateMachine.java:stopDaemon(395)) - Ozone container server stopped.
2019-09-17 07:21:42,355 [main] INFO  handler.ContextHandler (ContextHandler.java:doStop(910)) - Stopped o.e.j.w.WebAppContext@1d3d76b4{/,null,UNAVAILABLE}{/hddsDatanode}
2019-09-17 07:21:42,356 [main] INFO  server.AbstractConnector (AbstractConnector.java:doStop(318)) - Stopped ServerConnector@6f986501{HTTP/1.1,[http/1.1]}{0.0.0.0:0}
2019-09-17 07:21:42,356 [main] INFO  handler.ContextHandler (ContextHandler.java:doStop(910)) - Stopped o.e.j.s.ServletContextHandler@26994c6a{/static,jar:file:/home/user/.m2/repository/org/apache/hadoop/hadoop-hdds-container-service/0.5.0-SNAPSHOT/hadoop-hdds-container-service-0.5.0-SNAPSHOT.jar!/webapps/static,UNAVAILABLE}
2019-09-17 07:21:42,357 [main] INFO  handler.ContextHandler (ContextHandler.java:doStop(910)) - Stopped o.e.j.s.ServletContextHandler@ee2ae9a{/logs,file:///workdir/hadoop-ozone/integration-test/target/log,UNAVAILABLE}
2019-09-17 07:21:42,452 [Datanode State Machine Thread - 0] INFO  statemachine.DatanodeStateMachine (DatanodeStateMachine.java:lambda$startDaemon$0(350)) - Ozone container server started.
2019-09-17 07:21:45,165 [RatisPipelineUtilsThread] WARN  pipeline.RatisPipelineUtils (RatisPipelineUtils.java:destroyPipeline(66)) - Pipeline destroy failed for pipeline=PipelineID=7701c700-c295-448b-ae11-48638e47c87f dn=783b8b0d-2e4b-4296-bbed-3f010e7af5dd{ip: 192.168.157.246, host: pr-hdds-2016-n7825-135103490, networkLocation: /default-rack, certSerialId: null}
2019-09-17 07:21:45,167 [RatisPipelineUtilsThread] WARN  pipeline.RatisPipelineUtils (RatisPipelineUtils.java:destroyPipeline(66)) - Pipeline destroy failed for pipeline=PipelineID=7701c700-c295-448b-ae11-48638e47c87f dn=8914721e-e6fd-428a-8274-c97b8de6844d{ip: 192.168.157.246, host: pr-hdds-2016-n7825-135103490, networkLocation: /default-rack, certSerialId: null}
2019-09-17 07:21:45,168 [RatisPipelineUtilsThread] WARN  pipeline.RatisPipelineUtils (RatisPipelineUtils.java:destroyPipeline(66)) - Pipeline destroy failed for pipeline=PipelineID=7701c700-c295-448b-ae11-48638e47c87f dn=5d850b7b-f02e-4029-a6ce-7c22cb722049{ip: 192.168.157.246, host: pr-hdds-2016-n7825-135103490, networkLocation: /default-rack, certSerialId: null}
2019-09-17 07:21:45,169 [RatisPipelineUtilsThread] ERROR pipeline.SCMPipelineManager (Scheduler.java:lambda$schedule$1(70)) - Destroy pipeline failed for pipeline:Pipeline[ Id: 7701c700-c295-448b-ae11-48638e47c87f, Nodes: 783b8b0d-2e4b-4296-bbed-3f010e7af5dd{ip: 192.168.157.246, host: pr-hdds-2016-n7825-135103490, networkLocation: /default-rack, certSerialId: null}8914721e-e6fd-428a-8274-c97b8de6844d{ip: 192.168.157.246, host: pr-hdds-2016-n7825-135103490, networkLocation: /default-rack, certSerialId: null}5d850b7b-f02e-4029-a6ce-7c22cb722049{ip: 192.168.157.246, host: pr-hdds-2016-n7825-135103490, networkLocation: /default-rack, certSerialId: null}, Type:RATIS, Factor:THREE, State:CLOSED]
org.apache.hadoop.hdds.scm.pipeline.PipelineNotFoundException: PipelineID=7701c700-c295-448b-ae11-48638e47c87f not found
	at org.apache.hadoop.hdds.scm.pipeline.PipelineStateMap.getPipeline(PipelineStateMap.java:132)
	at org.apache.hadoop.hdds.scm.pipeline.PipelineStateMap.removePipeline(PipelineStateMap.java:322)
	at org.apache.hadoop.hdds.scm.pipeline.PipelineStateManager.removePipeline(PipelineStateManager.java:107)
	at org.apache.hadoop.hdds.scm.pipeline.SCMPipelineManager.removePipeline(SCMPipelineManager.java:423)
	at org.apache.hadoop.hdds.scm.pipeline.SCMPipelineManager.destroyPipeline(SCMPipelineManager.java:409)
	at org.apache.hadoop.hdds.scm.pipeline.SCMPipelineManager.lambda$finalizeAndDestroyPipeline$0(SCMPipelineManager.java:318)
	at org.apache.hadoop.utils.Scheduler.lambda$schedule$1(Scheduler.java:68)
	at java.util.concurrent.Executors$RunnableAdapter.call(Executors.java:511)
	at java.util.concurrent.FutureTask.run(FutureTask.java:266)
	at java.util.concurrent.ScheduledThreadPoolExecutor$ScheduledFutureTask.access$201(ScheduledThreadPoolExecutor.java:180)
	at java.util.concurrent.ScheduledThreadPoolExecutor$ScheduledFutureTask.run(ScheduledThreadPoolExecutor.java:293)
	at java.util.concurrent.ThreadPoolExecutor.runWorker(ThreadPoolExecutor.java:1149)
	at java.util.concurrent.ThreadPoolExecutor$Worker.run(ThreadPoolExecutor.java:624)
	at java.lang.Thread.run(Thread.java:748)
2019-09-17 07:21:45,852 [Thread-4882] INFO  impl.FollowerState (FollowerState.java:run(106)) - bc5ac98c-2c48-4d28-9cfb-f439c68ccdab:group-ACD078D67A55 changes to CANDIDATE, lastRpcTime:5008, electionTimeout:5008ms
2019-09-17 07:21:45,852 [Thread-4882] INFO  impl.RoleInfo (RoleInfo.java:shutdownFollowerState(121)) - bc5ac98c-2c48-4d28-9cfb-f439c68ccdab: shutdown FollowerState
2019-09-17 07:21:45,853 [Thread-4882] INFO  impl.RaftServerImpl (RaftServerImpl.java:setRole(174)) - bc5ac98c-2c48-4d28-9cfb-f439c68ccdab@group-ACD078D67A55: changes role from  FOLLOWER to CANDIDATE at term 2 for changeToCandidate
2019-09-17 07:21:45,853 [Thread-4882] INFO  impl.RoleInfo (RoleInfo.java:updateAndGet(143)) - bc5ac98c-2c48-4d28-9cfb-f439c68ccdab: start LeaderElection
2019-09-17 07:21:45,871 [bc5ac98c-2c48-4d28-9cfb-f439c68ccdab@group-ACD078D67A55:LeaderElection100] INFO  impl.LeaderElection (LeaderElection.java:askForVotes(182)) - bc5ac98c-2c48-4d28-9cfb-f439c68ccdab@group-ACD078D67A55:LeaderElection100: begin an election at term 3 for 0: [bc5ac98c-2c48-4d28-9cfb-f439c68ccdab:192.168.157.246:33665, d2382816-3e88-4f44-9ea2-137bcd39c785:192.168.157.246:33608, 56dbe93a-5974-4a13-8b2c-4d24aa3aff1d:192.168.157.246:43571], old=null
2019-09-17 07:21:45,872 [bc5ac98c-2c48-4d28-9cfb-f439c68ccdab@group-ACD078D67A55:LeaderElection100] INFO  impl.LeaderElection (LogUtils.java:infoOrTrace(149)) - bc5ac98c-2c48-4d28-9cfb-f439c68ccdab@group-ACD078D67A55:LeaderElection100 got exception when requesting votes: {}
java.util.concurrent.ExecutionException: org.apache.ratis.thirdparty.io.grpc.StatusRuntimeException: UNAVAILABLE: io exception
	at java.util.concurrent.FutureTask.report(FutureTask.java:122)
	at java.util.concurrent.FutureTask.get(FutureTask.java:192)
	at org.apache.ratis.server.impl.LeaderElection.waitForResults(LeaderElection.java:263)
	at org.apache.ratis.server.impl.LeaderElection.askForVotes(LeaderElection.java:201)
	at org.apache.ratis.server.impl.LeaderElection.run(LeaderElection.java:133)
	at java.lang.Thread.run(Thread.java:748)
Caused by: org.apache.ratis.thirdparty.io.grpc.StatusRuntimeException: UNAVAILABLE: io exception
	at org.apache.ratis.thirdparty.io.grpc.stub.ClientCalls.toStatusRuntimeException(ClientCalls.java:233)
	at org.apache.ratis.thirdparty.io.grpc.stub.ClientCalls.getUnchecked(ClientCalls.java:214)
	at org.apache.ratis.thirdparty.io.grpc.stub.ClientCalls.blockingUnaryCall(ClientCalls.java:139)
	at org.apache.ratis.proto.grpc.RaftServerProtocolServiceGrpc$RaftServerProtocolServiceBlockingStub.requestVote(RaftServerProtocolServiceGrpc.java:265)
	at org.apache.ratis.grpc.server.GrpcServerProtocolClient.requestVote(GrpcServerProtocolClient.java:90)
	at org.apache.ratis.grpc.server.GrpcService.requestVote(GrpcService.java:204)
	at org.apache.ratis.server.impl.LeaderElection.lambda$submitRequests$1(LeaderElection.java:238)
	at java.util.concurrent.FutureTask.run(FutureTask.java:266)
	at java.util.concurrent.Executors$RunnableAdapter.call(Executors.java:511)
	at java.util.concurrent.FutureTask.run(FutureTask.java:266)
	at java.util.concurrent.ThreadPoolExecutor.runWorker(ThreadPoolExecutor.java:1149)
	at java.util.concurrent.ThreadPoolExecutor$Worker.run(ThreadPoolExecutor.java:624)
	... 1 more
Caused by: org.apache.ratis.thirdparty.io.netty.channel.AbstractChannel$AnnotatedConnectException: Connection refused: /192.168.157.246:43571
	at sun.nio.ch.SocketChannelImpl.checkConnect(Native Method)
	at sun.nio.ch.SocketChannelImpl.finishConnect(SocketChannelImpl.java:717)
	at org.apache.ratis.thirdparty.io.netty.channel.socket.nio.NioSocketChannel.doFinishConnect(NioSocketChannel.java:327)
	at org.apache.ratis.thirdparty.io.netty.channel.nio.AbstractNioChannel$AbstractNioUnsafe.finishConnect(AbstractNioChannel.java:340)
	at org.apache.ratis.thirdparty.io.netty.channel.nio.NioEventLoop.processSelectedKey(NioEventLoop.java:632)
	at org.apache.ratis.thirdparty.io.netty.channel.nio.NioEventLoop.processSelectedKeysOptimized(NioEventLoop.java:579)
	at org.apache.ratis.thirdparty.io.netty.channel.nio.NioEventLoop.processSelectedKeys(NioEventLoop.java:496)
	at org.apache.ratis.thirdparty.io.netty.channel.nio.NioEventLoop.run(NioEventLoop.java:458)
	at org.apache.ratis.thirdparty.io.netty.util.concurrent.SingleThreadEventExecutor$5.run(SingleThreadEventExecutor.java:897)
	at org.apache.ratis.thirdparty.io.netty.util.concurrent.FastThreadLocalRunnable.run(FastThreadLocalRunnable.java:30)
	... 1 more
Caused by: java.net.ConnectException: Connection refused
	... 11 more
2019-09-17 07:21:45,880 [bc5ac98c-2c48-4d28-9cfb-f439c68ccdab@group-ACD078D67A55:LeaderElection100] INFO  impl.LeaderElection (LogUtils.java:infoOrTrace(149)) - bc5ac98c-2c48-4d28-9cfb-f439c68ccdab@group-ACD078D67A55:LeaderElection100 got exception when requesting votes: {}
java.util.concurrent.ExecutionException: org.apache.ratis.thirdparty.io.grpc.StatusRuntimeException: UNAVAILABLE: io exception
	at java.util.concurrent.FutureTask.report(FutureTask.java:122)
	at java.util.concurrent.FutureTask.get(FutureTask.java:192)
	at org.apache.ratis.server.impl.LeaderElection.waitForResults(LeaderElection.java:263)
	at org.apache.ratis.server.impl.LeaderElection.askForVotes(LeaderElection.java:201)
	at org.apache.ratis.server.impl.LeaderElection.run(LeaderElection.java:133)
	at java.lang.Thread.run(Thread.java:748)
Caused by: org.apache.ratis.thirdparty.io.grpc.StatusRuntimeException: UNAVAILABLE: io exception
	at org.apache.ratis.thirdparty.io.grpc.stub.ClientCalls.toStatusRuntimeException(ClientCalls.java:233)
	at org.apache.ratis.thirdparty.io.grpc.stub.ClientCalls.getUnchecked(ClientCalls.java:214)
	at org.apache.ratis.thirdparty.io.grpc.stub.ClientCalls.blockingUnaryCall(ClientCalls.java:139)
	at org.apache.ratis.proto.grpc.RaftServerProtocolServiceGrpc$RaftServerProtocolServiceBlockingStub.requestVote(RaftServerProtocolServiceGrpc.java:265)
	at org.apache.ratis.grpc.server.GrpcServerProtocolClient.requestVote(GrpcServerProtocolClient.java:90)
	at org.apache.ratis.grpc.server.GrpcService.requestVote(GrpcService.java:204)
	at org.apache.ratis.server.impl.LeaderElection.lambda$submitRequests$1(LeaderElection.java:238)
	at java.util.concurrent.FutureTask.run(FutureTask.java:266)
	at java.util.concurrent.Executors$RunnableAdapter.call(Executors.java:511)
	at java.util.concurrent.FutureTask.run(FutureTask.java:266)
	at java.util.concurrent.ThreadPoolExecutor.runWorker(ThreadPoolExecutor.java:1149)
	at java.util.concurrent.ThreadPoolExecutor$Worker.run(ThreadPoolExecutor.java:624)
	... 1 more
Caused by: org.apache.ratis.thirdparty.io.netty.channel.AbstractChannel$AnnotatedConnectException: Connection refused: /192.168.157.246:33608
	at sun.nio.ch.SocketChannelImpl.checkConnect(Native Method)
	at sun.nio.ch.SocketChannelImpl.finishConnect(SocketChannelImpl.java:717)
	at org.apache.ratis.thirdparty.io.netty.channel.socket.nio.NioSocketChannel.doFinishConnect(NioSocketChannel.java:327)
	at org.apache.ratis.thirdparty.io.netty.channel.nio.AbstractNioChannel$AbstractNioUnsafe.finishConnect(AbstractNioChannel.java:340)
	at org.apache.ratis.thirdparty.io.netty.channel.nio.NioEventLoop.processSelectedKey(NioEventLoop.java:632)
	at org.apache.ratis.thirdparty.io.netty.channel.nio.NioEventLoop.processSelectedKeysOptimized(NioEventLoop.java:579)
	at org.apache.ratis.thirdparty.io.netty.channel.nio.NioEventLoop.processSelectedKeys(NioEventLoop.java:496)
	at org.apache.ratis.thirdparty.io.netty.channel.nio.NioEventLoop.run(NioEventLoop.java:458)
	at org.apache.ratis.thirdparty.io.netty.util.concurrent.SingleThreadEventExecutor$5.run(SingleThreadEventExecutor.java:897)
	at org.apache.ratis.thirdparty.io.netty.util.concurrent.FastThreadLocalRunnable.run(FastThreadLocalRunnable.java:30)
	... 1 more
Caused by: java.net.ConnectException: Connection refused
	... 11 more
2019-09-17 07:21:45,885 [bc5ac98c-2c48-4d28-9cfb-f439c68ccdab@group-ACD078D67A55:LeaderElection100] INFO  impl.LeaderElection (LeaderElection.java:logAndReturn(56)) - bc5ac98c-2c48-4d28-9cfb-f439c68ccdab@group-ACD078D67A55:LeaderElection100: Election REJECTED; received 0 response(s) [] and 2 exception(s); bc5ac98c-2c48-4d28-9cfb-f439c68ccdab@group-ACD078D67A55:t3, leader=null, voted=bc5ac98c-2c48-4d28-9cfb-f439c68ccdab, raftlog=bc5ac98c-2c48-4d28-9cfb-f439c68ccdab@group-ACD078D67A55-SegmentedRaftLog:OPENED:c16,f16,i16, conf=0: [bc5ac98c-2c48-4d28-9cfb-f439c68ccdab:192.168.157.246:33665, d2382816-3e88-4f44-9ea2-137bcd39c785:192.168.157.246:33608, 56dbe93a-5974-4a13-8b2c-4d24aa3aff1d:192.168.157.246:43571], old=null
2019-09-17 07:21:45,885 [bc5ac98c-2c48-4d28-9cfb-f439c68ccdab@group-ACD078D67A55:LeaderElection100] INFO  impl.LeaderElection (LogUtils.java:infoOrTrace(149)) -   Exception 0: {}
java.util.concurrent.ExecutionException: org.apache.ratis.thirdparty.io.grpc.StatusRuntimeException: UNAVAILABLE: io exception
	at java.util.concurrent.FutureTask.report(FutureTask.java:122)
	at java.util.concurrent.FutureTask.get(FutureTask.java:192)
	at org.apache.ratis.server.impl.LeaderElection.waitForResults(LeaderElection.java:263)
	at org.apache.ratis.server.impl.LeaderElection.askForVotes(LeaderElection.java:201)
	at org.apache.ratis.server.impl.LeaderElection.run(LeaderElection.java:133)
	at java.lang.Thread.run(Thread.java:748)
Caused by: org.apache.ratis.thirdparty.io.grpc.StatusRuntimeException: UNAVAILABLE: io exception
	at org.apache.ratis.thirdparty.io.grpc.stub.ClientCalls.toStatusRuntimeException(ClientCalls.java:233)
	at org.apache.ratis.thirdparty.io.grpc.stub.ClientCalls.getUnchecked(ClientCalls.java:214)
	at org.apache.ratis.thirdparty.io.grpc.stub.ClientCalls.blockingUnaryCall(ClientCalls.java:139)
	at org.apache.ratis.proto.grpc.RaftServerProtocolServiceGrpc$RaftServerProtocolServiceBlockingStub.requestVote(RaftServerProtocolServiceGrpc.java:265)
	at org.apache.ratis.grpc.server.GrpcServerProtocolClient.requestVote(GrpcServerProtocolClient.java:90)
	at org.apache.ratis.grpc.server.GrpcService.requestVote(GrpcService.java:204)
	at org.apache.ratis.server.impl.LeaderElection.lambda$submitRequests$1(LeaderElection.java:238)
	at java.util.concurrent.FutureTask.run(FutureTask.java:266)
	at java.util.concurrent.Executors$RunnableAdapter.call(Executors.java:511)
	at java.util.concurrent.FutureTask.run(FutureTask.java:266)
	at java.util.concurrent.ThreadPoolExecutor.runWorker(ThreadPoolExecutor.java:1149)
	at java.util.concurrent.ThreadPoolExecutor$Worker.run(ThreadPoolExecutor.java:624)
	... 1 more
Caused by: org.apache.ratis.thirdparty.io.netty.channel.AbstractChannel$AnnotatedConnectException: Connection refused: /192.168.157.246:43571
	at sun.nio.ch.SocketChannelImpl.checkConnect(Native Method)
	at sun.nio.ch.SocketChannelImpl.finishConnect(SocketChannelImpl.java:717)
	at org.apache.ratis.thirdparty.io.netty.channel.socket.nio.NioSocketChannel.doFinishConnect(NioSocketChannel.java:327)
	at org.apache.ratis.thirdparty.io.netty.channel.nio.AbstractNioChannel$AbstractNioUnsafe.finishConnect(AbstractNioChannel.java:340)
	at org.apache.ratis.thirdparty.io.netty.channel.nio.NioEventLoop.processSelectedKey(NioEventLoop.java:632)
	at org.apache.ratis.thirdparty.io.netty.channel.nio.NioEventLoop.processSelectedKeysOptimized(NioEventLoop.java:579)
	at org.apache.ratis.thirdparty.io.netty.channel.nio.NioEventLoop.processSelectedKeys(NioEventLoop.java:496)
	at org.apache.ratis.thirdparty.io.netty.channel.nio.NioEventLoop.run(NioEventLoop.java:458)
	at org.apache.ratis.thirdparty.io.netty.util.concurrent.SingleThreadEventExecutor$5.run(SingleThreadEventExecutor.java:897)
	at org.apache.ratis.thirdparty.io.netty.util.concurrent.FastThreadLocalRunnable.run(FastThreadLocalRunnable.java:30)
	... 1 more
Caused by: java.net.ConnectException: Connection refused
	... 11 more
2019-09-17 07:21:45,885 [bc5ac98c-2c48-4d28-9cfb-f439c68ccdab@group-ACD078D67A55:LeaderElection100] INFO  impl.LeaderElection (LogUtils.java:infoOrTrace(149)) -   Exception 1: {}
java.util.concurrent.ExecutionException: org.apache.ratis.thirdparty.io.grpc.StatusRuntimeException: UNAVAILABLE: io exception
	at java.util.concurrent.FutureTask.report(FutureTask.java:122)
	at java.util.concurrent.FutureTask.get(FutureTask.java:192)
	at org.apache.ratis.server.impl.LeaderElection.waitForResults(LeaderElection.java:263)
	at org.apache.ratis.server.impl.LeaderElection.askForVotes(LeaderElection.java:201)
	at org.apache.ratis.server.impl.LeaderElection.run(LeaderElection.java:133)
	at java.lang.Thread.run(Thread.java:748)
Caused by: org.apache.ratis.thirdparty.io.grpc.StatusRuntimeException: UNAVAILABLE: io exception
	at org.apache.ratis.thirdparty.io.grpc.stub.ClientCalls.toStatusRuntimeException(ClientCalls.java:233)
	at org.apache.ratis.thirdparty.io.grpc.stub.ClientCalls.getUnchecked(ClientCalls.java:214)
	at org.apache.ratis.thirdparty.io.grpc.stub.ClientCalls.blockingUnaryCall(ClientCalls.java:139)
	at org.apache.ratis.proto.grpc.RaftServerProtocolServiceGrpc$RaftServerProtocolServiceBlockingStub.requestVote(RaftServerProtocolServiceGrpc.java:265)
	at org.apache.ratis.grpc.server.GrpcServerProtocolClient.requestVote(GrpcServerProtocolClient.java:90)
	at org.apache.ratis.grpc.server.GrpcService.requestVote(GrpcService.java:204)
	at org.apache.ratis.server.impl.LeaderElection.lambda$submitRequests$1(LeaderElection.java:238)
	at java.util.concurrent.FutureTask.run(FutureTask.java:266)
	at java.util.concurrent.Executors$RunnableAdapter.call(Executors.java:511)
	at java.util.concurrent.FutureTask.run(FutureTask.java:266)
	at java.util.concurrent.ThreadPoolExecutor.runWorker(ThreadPoolExecutor.java:1149)
	at java.util.concurrent.ThreadPoolExecutor$Worker.run(ThreadPoolExecutor.java:624)
	... 1 more
Caused by: org.apache.ratis.thirdparty.io.netty.channel.AbstractChannel$AnnotatedConnectException: Connection refused: /192.168.157.246:33608
	at sun.nio.ch.SocketChannelImpl.checkConnect(Native Method)
	at sun.nio.ch.SocketChannelImpl.finishConnect(SocketChannelImpl.java:717)
	at org.apache.ratis.thirdparty.io.netty.channel.socket.nio.NioSocketChannel.doFinishConnect(NioSocketChannel.java:327)
	at org.apache.ratis.thirdparty.io.netty.channel.nio.AbstractNioChannel$AbstractNioUnsafe.finishConnect(AbstractNioChannel.java:340)
	at org.apache.ratis.thirdparty.io.netty.channel.nio.NioEventLoop.processSelectedKey(NioEventLoop.java:632)
	at org.apache.ratis.thirdparty.io.netty.channel.nio.NioEventLoop.processSelectedKeysOptimized(NioEventLoop.java:579)
	at org.apache.ratis.thirdparty.io.netty.channel.nio.NioEventLoop.processSelectedKeys(NioEventLoop.java:496)
	at org.apache.ratis.thirdparty.io.netty.channel.nio.NioEventLoop.run(NioEventLoop.java:458)
	at org.apache.ratis.thirdparty.io.netty.util.concurrent.SingleThreadEventExecutor$5.run(SingleThreadEventExecutor.java:897)
	at org.apache.ratis.thirdparty.io.netty.util.concurrent.FastThreadLocalRunnable.run(FastThreadLocalRunnable.java:30)
	... 1 more
Caused by: java.net.ConnectException: Connection refused
	... 11 more
2019-09-17 07:21:45,885 [bc5ac98c-2c48-4d28-9cfb-f439c68ccdab@group-ACD078D67A55:LeaderElection100] INFO  impl.RaftServerImpl (RaftServerImpl.java:setRole(174)) - bc5ac98c-2c48-4d28-9cfb-f439c68ccdab@group-ACD078D67A55: changes role from CANDIDATE to FOLLOWER at term 3 for DISCOVERED_A_NEW_TERM
2019-09-17 07:21:45,886 [bc5ac98c-2c48-4d28-9cfb-f439c68ccdab@group-ACD078D67A55:LeaderElection100] INFO  impl.RoleInfo (RoleInfo.java:shutdownLeaderElection(134)) - bc5ac98c-2c48-4d28-9cfb-f439c68ccdab: shutdown LeaderElection
2019-09-17 07:21:45,886 [bc5ac98c-2c48-4d28-9cfb-f439c68ccdab@group-ACD078D67A55:LeaderElection100] INFO  impl.RoleInfo (RoleInfo.java:updateAndGet(143)) - bc5ac98c-2c48-4d28-9cfb-f439c68ccdab: start FollowerState
2019-09-17 07:21:46,471 [EventQueue-StaleNodeForStaleNodeHandler] INFO  node.StaleNodeHandler (StaleNodeHandler.java:onMessage(58)) - Datanode bc5ac98c-2c48-4d28-9cfb-f439c68ccdab{ip: 192.168.157.246, host: pr-hdds-2016-n7825-135103490, networkLocation: /default-rack, certSerialId: null} moved to stale state. Finalizing its pipelines [PipelineID=d03e74f2-b285-495f-9be6-25f5d5f9f38f, PipelineID=e2d12d66-6f51-4a6d-953f-acd078d67a55]
2019-09-17 07:21:46,471 [EventQueue-StaleNodeForStaleNodeHandler] INFO  pipeline.SCMPipelineManager (SCMPipelineManager.java:finalizeAndDestroyPipeline(311)) - destroying pipeline:Pipeline[ Id: d03e74f2-b285-495f-9be6-25f5d5f9f38f, Nodes: bc5ac98c-2c48-4d28-9cfb-f439c68ccdab{ip: 192.168.157.246, host: pr-hdds-2016-n7825-135103490, networkLocation: /default-rack, certSerialId: null}, Type:RATIS, Factor:ONE, State:OPEN]
2019-09-17 07:21:46,472 [EventQueue-StaleNodeForStaleNodeHandler] INFO  pipeline.PipelineStateManager (PipelineStateManager.java:finalizePipeline(123)) - Pipeline Pipeline[ Id: d03e74f2-b285-495f-9be6-25f5d5f9f38f, Nodes: bc5ac98c-2c48-4d28-9cfb-f439c68ccdab{ip: 192.168.157.246, host: pr-hdds-2016-n7825-135103490, networkLocation: /default-rack, certSerialId: null}, Type:RATIS, Factor:ONE, State:CLOSED] moved to CLOSED state
2019-09-17 07:21:46,472 [EventQueue-StaleNodeForStaleNodeHandler] INFO  pipeline.SCMPipelineManager (SCMPipelineManager.java:finalizeAndDestroyPipeline(311)) - destroying pipeline:Pipeline[ Id: e2d12d66-6f51-4a6d-953f-acd078d67a55, Nodes: bc5ac98c-2c48-4d28-9cfb-f439c68ccdab{ip: 192.168.157.246, host: pr-hdds-2016-n7825-135103490, networkLocation: /default-rack, certSerialId: null}d2382816-3e88-4f44-9ea2-137bcd39c785{ip: 192.168.157.246, host: pr-hdds-2016-n7825-135103490, networkLocation: /default-rack, certSerialId: null}56dbe93a-5974-4a13-8b2c-4d24aa3aff1d{ip: 192.168.157.246, host: pr-hdds-2016-n7825-135103490, networkLocation: /default-rack, certSerialId: null}, Type:RATIS, Factor:THREE, State:CLOSED]
2019-09-17 07:21:47,159 [RatisPipelineUtilsThread] WARN  pipeline.RatisPipelineUtils (RatisPipelineUtils.java:destroyPipeline(66)) - Pipeline destroy failed for pipeline=PipelineID=7701c700-c295-448b-ae11-48638e47c87f dn=783b8b0d-2e4b-4296-bbed-3f010e7af5dd{ip: 192.168.157.246, host: pr-hdds-2016-n7825-135103490, networkLocation: /default-rack, certSerialId: null}
2019-09-17 07:21:47,161 [RatisPipelineUtilsThread] WARN  pipeline.RatisPipelineUtils (RatisPipelineUtils.java:destroyPipeline(66)) - Pipeline destroy failed for pipeline=PipelineID=7701c700-c295-448b-ae11-48638e47c87f dn=8914721e-e6fd-428a-8274-c97b8de6844d{ip: 192.168.157.246, host: pr-hdds-2016-n7825-135103490, networkLocation: /default-rack, certSerialId: null}
2019-09-17 07:21:47,163 [RatisPipelineUtilsThread] WARN  pipeline.RatisPipelineUtils (RatisPipelineUtils.java:destroyPipeline(66)) - Pipeline destroy failed for pipeline=PipelineID=7701c700-c295-448b-ae11-48638e47c87f dn=5d850b7b-f02e-4029-a6ce-7c22cb722049{ip: 192.168.157.246, host: pr-hdds-2016-n7825-135103490, networkLocation: /default-rack, certSerialId: null}
2019-09-17 07:21:47,163 [RatisPipelineUtilsThread] ERROR pipeline.SCMPipelineManager (Scheduler.java:lambda$schedule$1(70)) - Destroy pipeline failed for pipeline:Pipeline[ Id: 7701c700-c295-448b-ae11-48638e47c87f, Nodes: 783b8b0d-2e4b-4296-bbed-3f010e7af5dd{ip: 192.168.157.246, host: pr-hdds-2016-n7825-135103490, networkLocation: /default-rack, certSerialId: null}8914721e-e6fd-428a-8274-c97b8de6844d{ip: 192.168.157.246, host: pr-hdds-2016-n7825-135103490, networkLocation: /default-rack, certSerialId: null}5d850b7b-f02e-4029-a6ce-7c22cb722049{ip: 192.168.157.246, host: pr-hdds-2016-n7825-135103490, networkLocation: /default-rack, certSerialId: null}, Type:RATIS, Factor:THREE, State:CLOSED]
org.apache.hadoop.hdds.scm.pipeline.PipelineNotFoundException: PipelineID=7701c700-c295-448b-ae11-48638e47c87f not found
	at org.apache.hadoop.hdds.scm.pipeline.PipelineStateMap.getPipeline(PipelineStateMap.java:132)
	at org.apache.hadoop.hdds.scm.pipeline.PipelineStateMap.removePipeline(PipelineStateMap.java:322)
	at org.apache.hadoop.hdds.scm.pipeline.PipelineStateManager.removePipeline(PipelineStateManager.java:107)
	at org.apache.hadoop.hdds.scm.pipeline.SCMPipelineManager.removePipeline(SCMPipelineManager.java:423)
	at org.apache.hadoop.hdds.scm.pipeline.SCMPipelineManager.destroyPipeline(SCMPipelineManager.java:409)
	at org.apache.hadoop.hdds.scm.pipeline.SCMPipelineManager.lambda$finalizeAndDestroyPipeline$0(SCMPipelineManager.java:318)
	at org.apache.hadoop.utils.Scheduler.lambda$schedule$1(Scheduler.java:68)
	at java.util.concurrent.Executors$RunnableAdapter.call(Executors.java:511)
	at java.util.concurrent.FutureTask.run(FutureTask.java:266)
	at java.util.concurrent.ScheduledThreadPoolExecutor$ScheduledFutureTask.access$201(ScheduledThreadPoolExecutor.java:180)
	at java.util.concurrent.ScheduledThreadPoolExecutor$ScheduledFutureTask.run(ScheduledThreadPoolExecutor.java:293)
	at java.util.concurrent.ThreadPoolExecutor.runWorker(ThreadPoolExecutor.java:1149)
	at java.util.concurrent.ThreadPoolExecutor$Worker.run(ThreadPoolExecutor.java:624)
	at java.lang.Thread.run(Thread.java:748)
2019-09-17 07:21:47,319 [ForkJoinPool.commonPool-worker-0] INFO  ozoneimpl.OzoneContainer (OzoneContainer.java:stop(231)) - Attempting to stop container services.
2019-09-17 07:21:47,319 [ForkJoinPool.commonPool-worker-0] INFO  impl.RaftServerProxy (RaftServerProxy.java:lambda$close$4(314)) - bc5ac98c-2c48-4d28-9cfb-f439c68ccdab: close
2019-09-17 07:21:47,320 [ForkJoinPool.commonPool-worker-0] INFO  impl.RaftServerImpl (RaftServerImpl.java:lambda$shutdown$3(251)) - bc5ac98c-2c48-4d28-9cfb-f439c68ccdab@group-25F5D5F9F38F: shutdown
2019-09-17 07:21:47,320 [ForkJoinPool.commonPool-worker-0] INFO  util.JmxRegister (JmxRegister.java:unregister(73)) - Successfully un-registered JMX Bean with object name Ratis:service=RaftServer,group=group-25F5D5F9F38F,id=bc5ac98c-2c48-4d28-9cfb-f439c68ccdab
2019-09-17 07:21:47,320 [ForkJoinPool.commonPool-worker-0] INFO  impl.RoleInfo (RoleInfo.java:shutdownLeaderState(104)) - bc5ac98c-2c48-4d28-9cfb-f439c68ccdab: shutdown LeaderState
2019-09-17 07:21:47,320 [ForkJoinPool.commonPool-worker-0] INFO  impl.PendingRequests (PendingRequests.java:sendNotLeaderResponses(202)) - bc5ac98c-2c48-4d28-9cfb-f439c68ccdab-PendingRequests: sendNotLeaderResponses
2019-09-17 07:21:47,321 [ForkJoinPool.commonPool-worker-0] INFO  impl.StateMachineUpdater (StateMachineUpdater.java:stopAndJoin(125)) - bc5ac98c-2c48-4d28-9cfb-f439c68ccdab@group-25F5D5F9F38F-StateMachineUpdater: set stopIndex = 0
2019-09-17 07:21:47,322 [ForkJoinPool.commonPool-worker-0] INFO  impl.RaftServerImpl (ServerState.java:close(385)) - bc5ac98c-2c48-4d28-9cfb-f439c68ccdab@group-25F5D5F9F38F: closes. applyIndex: 0
2019-09-17 07:21:47,322 [bc5ac98c-2c48-4d28-9cfb-f439c68ccdab@group-25F5D5F9F38F-SegmentedRaftLogWorker] INFO  segmented.SegmentedRaftLogWorker (SegmentedRaftLogWorker.java:run(313)) - bc5ac98c-2c48-4d28-9cfb-f439c68ccdab@group-25F5D5F9F38F-SegmentedRaftLogWorker was interrupted, exiting. There are 0 tasks remaining in the queue.
2019-09-17 07:21:47,322 [ForkJoinPool.commonPool-worker-0] INFO  segmented.SegmentedRaftLogWorker (SegmentedRaftLogWorker.java:close(228)) - bc5ac98c-2c48-4d28-9cfb-f439c68ccdab@group-25F5D5F9F38F-SegmentedRaftLogWorker close()
2019-09-17 07:21:47,325 [ForkJoinPool.commonPool-worker-0] INFO  impl.RaftServerImpl (RaftServerImpl.java:lambda$shutdown$3(251)) - bc5ac98c-2c48-4d28-9cfb-f439c68ccdab@group-ACD078D67A55: shutdown
2019-09-17 07:21:47,325 [ForkJoinPool.commonPool-worker-0] INFO  util.JmxRegister (JmxRegister.java:unregister(73)) - Successfully un-registered JMX Bean with object name Ratis:service=RaftServer,group=group-ACD078D67A55,id=bc5ac98c-2c48-4d28-9cfb-f439c68ccdab
2019-09-17 07:21:47,325 [ForkJoinPool.commonPool-worker-0] INFO  impl.RoleInfo (RoleInfo.java:shutdownFollowerState(121)) - bc5ac98c-2c48-4d28-9cfb-f439c68ccdab: shutdown FollowerState
2019-09-17 07:21:47,326 [ForkJoinPool.commonPool-worker-0] INFO  impl.StateMachineUpdater (StateMachineUpdater.java:stopAndJoin(125)) - bc5ac98c-2c48-4d28-9cfb-f439c68ccdab@group-ACD078D67A55-StateMachineUpdater: set stopIndex = 16
2019-09-17 07:21:47,326 [bc5ac98c-2c48-4d28-9cfb-f439c68ccdab@group-ACD078D67A55-StateMachineUpdater] INFO  ratis.ContainerStateMachine (ContainerStateMachine.java:takeSnapshot(289)) - group-ACD078D67A55: Taking a snapshot at:(t:1, i:14) file /workdir/hadoop-ozone/integration-test/target/test-dir/MiniOzoneClusterImpl-23941a65-3452-474d-b3c0-503ff93f6bad/datanode-5/data/ratis/e2d12d66-6f51-4a6d-953f-acd078d67a55/sm/snapshot.1_14
2019-09-17 07:21:47,326 [Thread-4887] INFO  impl.FollowerState (FollowerState.java:run(115)) - bc5ac98c-2c48-4d28-9cfb-f439c68ccdab: FollowerState was interrupted: java.lang.InterruptedException: sleep interrupted
2019-09-17 07:21:47,341 [bc5ac98c-2c48-4d28-9cfb-f439c68ccdab@group-ACD078D67A55-StateMachineUpdater] INFO  ratis.ContainerStateMachine (ContainerStateMachine.java:takeSnapshot(300)) - group-ACD078D67A55: Finished taking a snapshot at:(t:1, i:14) file:/workdir/hadoop-ozone/integration-test/target/test-dir/MiniOzoneClusterImpl-23941a65-3452-474d-b3c0-503ff93f6bad/datanode-5/data/ratis/e2d12d66-6f51-4a6d-953f-acd078d67a55/sm/snapshot.1_14 time:16
2019-09-17 07:21:47,342 [bc5ac98c-2c48-4d28-9cfb-f439c68ccdab@group-ACD078D67A55-StateMachineUpdater] INFO  impl.StateMachineUpdater (StateMachineUpdater.java:takeSnapshot(258)) - bc5ac98c-2c48-4d28-9cfb-f439c68ccdab@group-ACD078D67A55-StateMachineUpdater: Took a snapshot at index 14
2019-09-17 07:21:47,342 [bc5ac98c-2c48-4d28-9cfb-f439c68ccdab@group-ACD078D67A55-StateMachineUpdater] INFO  impl.StateMachineUpdater (StateMachineUpdater.java:lambda$new$0(83)) - bc5ac98c-2c48-4d28-9cfb-f439c68ccdab@group-ACD078D67A55-StateMachineUpdater: snapshotIndex: updateIncreasingly -1 -> 14
2019-09-17 07:21:47,342 [bc5ac98c-2c48-4d28-9cfb-f439c68ccdab@group-ACD078D67A55-StateMachineUpdater] INFO  ratis.ContainerStateMachine (ContainerStateMachine.java:takeSnapshot(289)) - group-ACD078D67A55: Taking a snapshot at:(t:1, i:14) file /workdir/hadoop-ozone/integration-test/target/test-dir/MiniOzoneClusterImpl-23941a65-3452-474d-b3c0-503ff93f6bad/datanode-5/data/ratis/e2d12d66-6f51-4a6d-953f-acd078d67a55/sm/snapshot.1_14
2019-09-17 07:21:47,354 [bc5ac98c-2c48-4d28-9cfb-f439c68ccdab@group-ACD078D67A55-StateMachineUpdater] INFO  ratis.ContainerStateMachine (ContainerStateMachine.java:takeSnapshot(300)) - group-ACD078D67A55: Finished taking a snapshot at:(t:1, i:14) file:/workdir/hadoop-ozone/integration-test/target/test-dir/MiniOzoneClusterImpl-23941a65-3452-474d-b3c0-503ff93f6bad/datanode-5/data/ratis/e2d12d66-6f51-4a6d-953f-acd078d67a55/sm/snapshot.1_14 time:12
2019-09-17 07:21:47,355 [bc5ac98c-2c48-4d28-9cfb-f439c68ccdab@group-ACD078D67A55-StateMachineUpdater] INFO  impl.StateMachineUpdater (StateMachineUpdater.java:takeSnapshot(258)) - bc5ac98c-2c48-4d28-9cfb-f439c68ccdab@group-ACD078D67A55-StateMachineUpdater: Took a snapshot at index 14
2019-09-17 07:21:47,355 [bc5ac98c-2c48-4d28-9cfb-f439c68ccdab@group-ACD078D67A55-StateMachineUpdater] INFO  impl.StateMachineUpdater (StateMachineUpdater.java:lambda$new$0(83)) - bc5ac98c-2c48-4d28-9cfb-f439c68ccdab@group-ACD078D67A55-StateMachineUpdater: snapshotIndex: updateIncreasingly 14 -> 14
2019-09-17 07:21:47,355 [ForkJoinPool.commonPool-worker-0] INFO  impl.RaftServerImpl (ServerState.java:close(385)) - bc5ac98c-2c48-4d28-9cfb-f439c68ccdab@group-ACD078D67A55: closes. applyIndex: 16
2019-09-17 07:21:47,355 [bc5ac98c-2c48-4d28-9cfb-f439c68ccdab@group-ACD078D67A55-SegmentedRaftLogWorker] INFO  segmented.SegmentedRaftLogWorker (SegmentedRaftLogWorker.java:run(313)) - bc5ac98c-2c48-4d28-9cfb-f439c68ccdab@group-ACD078D67A55-SegmentedRaftLogWorker was interrupted, exiting. There are 0 tasks remaining in the queue.
2019-09-17 07:21:47,356 [ForkJoinPool.commonPool-worker-0] INFO  segmented.SegmentedRaftLogWorker (SegmentedRaftLogWorker.java:close(228)) - bc5ac98c-2c48-4d28-9cfb-f439c68ccdab@group-ACD078D67A55-SegmentedRaftLogWorker close()
2019-09-17 07:21:47,358 [ForkJoinPool.commonPool-worker-0] INFO  server.GrpcService (GrpcService.java:closeImpl(164)) - bc5ac98c-2c48-4d28-9cfb-f439c68ccdab: shutdown server with port 33665 now
2019-09-17 07:21:47,358 [ForkJoinPool.commonPool-worker-0] INFO  server.GrpcService (GrpcService.java:closeImpl(172)) - bc5ac98c-2c48-4d28-9cfb-f439c68ccdab: shutdown server with port 33665 successfully
2019-09-17 07:21:47,361 [refreshUsed-/workdir/hadoop-ozone/integration-test/target/test-dir/MiniOzoneClusterImpl-23941a65-3452-474d-b3c0-503ff93f6bad/datanode-5/data/containers] WARN  fs.CachingGetSpaceUsed (CachingGetSpaceUsed.java:run(183)) - Thread Interrupted waiting to refresh disk information: sleep interrupted
2019-09-17 07:21:47,382 [ForkJoinPool.commonPool-worker-0] INFO  utils.BackgroundService (BackgroundService.java:shutdown(148)) - Shutting down service BlockDeletingService
2019-09-17 07:21:47,387 [ForkJoinPool.commonPool-worker-0] INFO  statemachine.DatanodeStateMachine (DatanodeStateMachine.java:stopDaemon(395)) - Ozone container server stopped.
2019-09-17 07:21:47,393 [ForkJoinPool.commonPool-worker-0] INFO  handler.ContextHandler (ContextHandler.java:doStop(910)) - Stopped o.e.j.w.WebAppContext@5c5f0edc{/,null,UNAVAILABLE}{/hddsDatanode}
2019-09-17 07:21:47,394 [ForkJoinPool.commonPool-worker-0] INFO  server.AbstractConnector (AbstractConnector.java:doStop(318)) - Stopped ServerConnector@153cfd86{HTTP/1.1,[http/1.1]}{0.0.0.0:0}
2019-09-17 07:21:47,395 [ForkJoinPool.commonPool-worker-0] INFO  handler.ContextHandler (ContextHandler.java:doStop(910)) - Stopped o.e.j.s.ServletContextHandler@30dd00b6{/static,jar:file:/home/user/.m2/repository/org/apache/hadoop/hadoop-hdds-container-service/0.5.0-SNAPSHOT/hadoop-hdds-container-service-0.5.0-SNAPSHOT.jar!/webapps/static,UNAVAILABLE}
2019-09-17 07:21:47,397 [ForkJoinPool.commonPool-worker-0] INFO  handler.ContextHandler (ContextHandler.java:doStop(910)) - Stopped o.e.j.s.ServletContextHandler@49e479da{/logs,file:///workdir/hadoop-ozone/integration-test/target/log,UNAVAILABLE}
2019-09-17 07:21:47,398 [main] INFO  ozone.MiniOzoneClusterImpl (MiniOzoneClusterImpl.java:stop(344)) - Stopping the StorageContainerManager
2019-09-17 07:21:47,399 [main] INFO  server.StorageContainerManager (StorageContainerManager.java:stop(801)) - Stopping Replication Manager Service.
2019-09-17 07:21:47,399 [main] INFO  container.ReplicationManager (ReplicationManager.java:stop(203)) - Stopping Replication Monitor Thread.
2019-09-17 07:21:47,399 [main] INFO  server.StorageContainerManager (StorageContainerManager.java:stop(808)) - Stopping Lease Manager of the command watchers
2019-09-17 07:21:47,400 [main] INFO  server.StorageContainerManager (StorageContainerManager.java:stop(815)) - Stopping datanode service RPC server
2019-09-17 07:21:47,400 [main] INFO  server.SCMDatanodeProtocolServer (SCMDatanodeProtocolServer.java:stop(367)) - Stopping the RPC server for DataNodes
2019-09-17 07:21:47,400 [main] INFO  ipc.Server (Server.java:stop(3082)) - Stopping server on 35512
2019-09-17 07:21:47,402 [IPC Server listener on 35512] INFO  ipc.Server (Server.java:run(1185)) - Stopping IPC Server listener on 35512
2019-09-17 07:21:47,403 [IPC Server Responder] INFO  ipc.Server (Server.java:run(1319)) - Stopping IPC Server Responder
2019-09-17 07:21:47,472 [SCM Heartbeat Processing Thread - 0] WARN  node.NodeStateManager (NodeStateManager.java:scheduleNextHealthCheck(646)) - Current Thread is interrupted, shutting down HB processing thread for Node Manager.
2019-09-17 07:21:47,472 [main] INFO  server.StorageContainerManager (StorageContainerManager.java:stop(823)) - Stopping block service RPC server
2019-09-17 07:21:47,473 [main] INFO  server.SCMBlockProtocolServer (SCMBlockProtocolServer.java:stop(155)) - Stopping the RPC server for Block Protocol
2019-09-17 07:21:47,473 [main] INFO  ipc.Server (Server.java:stop(3082)) - Stopping server on 38262
2019-09-17 07:21:47,475 [IPC Server listener on 38262] INFO  ipc.Server (Server.java:run(1185)) - Stopping IPC Server listener on 38262
2019-09-17 07:21:47,475 [main] INFO  server.StorageContainerManager (StorageContainerManager.java:stop(830)) - Stopping the StorageContainerLocationProtocol RPC server
2019-09-17 07:21:47,476 [IPC Server Responder] INFO  ipc.Server (Server.java:run(1319)) - Stopping IPC Server Responder
2019-09-17 07:21:47,477 [main] INFO  server.SCMClientProtocolServer (SCMClientProtocolServer.java:stop(159)) - Stopping the RPC server for Client Protocol
2019-09-17 07:21:47,478 [main] INFO  ipc.Server (Server.java:stop(3082)) - Stopping server on 35556
2019-09-17 07:21:47,481 [IPC Server listener on 35556] INFO  ipc.Server (Server.java:run(1185)) - Stopping IPC Server listener on 35556
2019-09-17 07:21:47,481 [main] INFO  server.StorageContainerManager (StorageContainerManager.java:stop(837)) - Stopping Storage Container Manager HTTP server.
2019-09-17 07:21:47,481 [IPC Server Responder] INFO  ipc.Server (Server.java:run(1319)) - Stopping IPC Server Responder
2019-09-17 07:21:47,484 [main] INFO  handler.ContextHandler (ContextHandler.java:doStop(910)) - Stopped o.e.j.w.WebAppContext@aca2fc3{/,null,UNAVAILABLE}{/scm}
2019-09-17 07:21:47,484 [main] INFO  server.AbstractConnector (AbstractConnector.java:doStop(318)) - Stopped ServerConnector@36df4c26{HTTP/1.1,[http/1.1]}{0.0.0.0:0}
2019-09-17 07:21:47,485 [main] INFO  handler.ContextHandler (ContextHandler.java:doStop(910)) - Stopped o.e.j.s.ServletContextHandler@5280688{/static,file:///workdir/hadoop-ozone/integration-test/target/test-classes/webapps/static,UNAVAILABLE}
2019-09-17 07:21:47,485 [main] INFO  handler.ContextHandler (ContextHandler.java:doStop(910)) - Stopped o.e.j.s.ServletContextHandler@7c5f29c6{/logs,file:///workdir/hadoop-ozone/integration-test/target/log,UNAVAILABLE}
2019-09-17 07:21:47,486 [main] INFO  server.StorageContainerManager (StorageContainerManager.java:stop(848)) - Stopping Block Manager Service.
2019-09-17 07:21:47,486 [main] INFO  utils.BackgroundService (BackgroundService.java:shutdown(148)) - Shutting down service SCMBlockDeletingService
2019-09-17 07:21:47,487 [main] INFO  utils.BackgroundService (BackgroundService.java:shutdown(148)) - Shutting down service SCMBlockDeletingService
2019-09-17 07:21:47,487 [main] INFO  server.StorageContainerManager (StorageContainerManager.java:stop(870)) - Stopping SCM Event Queue.
2019-09-17 07:21:47,492 [main] INFO  impl.MetricsSystemImpl (MetricsSystemImpl.java:stop(210)) - Stopping HddsDatanode metrics system...
2019-09-17 07:21:47,522 [main] INFO  impl.MetricsSystemImpl (MetricsSystemImpl.java:stop(216)) - HddsDatanode metrics system stopped.
]]></system-out>
    <system-err><![CDATA[Sep 17, 2019 7:21:29 AM org.apache.ratis.thirdparty.io.grpc.internal.ManagedChannelOrphanWrapper$ManagedChannelReference cleanQueue
SEVERE: *~*~*~ Channel ManagedChannelImpl{logId=4465, target=192.168.157.246:33683} was not shutdown properly!!! ~*~*~*
    Make sure to call shutdown()/shutdownNow() and wait until awaitTermination() returns true.
java.lang.RuntimeException: ManagedChannel allocation site
	at org.apache.ratis.thirdparty.io.grpc.internal.ManagedChannelOrphanWrapper$ManagedChannelReference.<init>(ManagedChannelOrphanWrapper.java:103)
	at org.apache.ratis.thirdparty.io.grpc.internal.ManagedChannelOrphanWrapper.<init>(ManagedChannelOrphanWrapper.java:53)
	at org.apache.ratis.thirdparty.io.grpc.internal.ManagedChannelOrphanWrapper.<init>(ManagedChannelOrphanWrapper.java:44)
	at org.apache.ratis.thirdparty.io.grpc.internal.AbstractManagedChannelImplBuilder.build(AbstractManagedChannelImplBuilder.java:411)
	at org.apache.ratis.grpc.client.GrpcClientProtocolClient.<init>(GrpcClientProtocolClient.java:127)
	at org.apache.ratis.grpc.client.GrpcClientRpc.lambda$new$0(GrpcClientRpc.java:55)
	at org.apache.ratis.util.PeerProxyMap$PeerAndProxy.lambda$getProxy$0(PeerProxyMap.java:61)
	at org.apache.ratis.util.LifeCycle.startAndTransition(LifeCycle.java:202)
	at org.apache.ratis.util.PeerProxyMap$PeerAndProxy.getProxy(PeerProxyMap.java:60)
	at org.apache.ratis.util.PeerProxyMap.getProxy(PeerProxyMap.java:108)
	at org.apache.ratis.grpc.client.GrpcClientRpc.sendRequestAsyncUnordered(GrpcClientRpc.java:78)
	at org.apache.ratis.client.impl.UnorderedAsync.sendRequestWithRetry(UnorderedAsync.java:75)
	at org.apache.ratis.client.impl.UnorderedAsync.lambda$null$2(UnorderedAsync.java:120)
	at org.apache.ratis.util.TimeoutScheduler.lambda$onTimeout$0(TimeoutScheduler.java:113)
	at org.apache.ratis.util.TimeoutScheduler.lambda$onTimeout$1(TimeoutScheduler.java:133)
	at org.apache.ratis.util.LogUtils.runAndLog(LogUtils.java:50)
	at org.apache.ratis.util.LogUtils$1.run(LogUtils.java:91)
	at java.util.concurrent.Executors$RunnableAdapter.call(Executors.java:511)
	at java.util.concurrent.FutureTask.run(FutureTask.java:266)
	at java.util.concurrent.ScheduledThreadPoolExecutor$ScheduledFutureTask.access$201(ScheduledThreadPoolExecutor.java:180)
	at java.util.concurrent.ScheduledThreadPoolExecutor$ScheduledFutureTask.run(ScheduledThreadPoolExecutor.java:293)
	at java.util.concurrent.ThreadPoolExecutor.runWorker(ThreadPoolExecutor.java:1149)
	at java.util.concurrent.ThreadPoolExecutor$Worker.run(ThreadPoolExecutor.java:624)
	at java.lang.Thread.run(Thread.java:748)

Sep 17, 2019 7:21:29 AM org.apache.ratis.thirdparty.io.grpc.internal.ManagedChannelOrphanWrapper$ManagedChannelReference cleanQueue
SEVERE: *~*~*~ Channel ManagedChannelImpl{logId=3399, target=192.168.157.246:35800} was not shutdown properly!!! ~*~*~*
    Make sure to call shutdown()/shutdownNow() and wait until awaitTermination() returns true.
java.lang.RuntimeException: ManagedChannel allocation site
	at org.apache.ratis.thirdparty.io.grpc.internal.ManagedChannelOrphanWrapper$ManagedChannelReference.<init>(ManagedChannelOrphanWrapper.java:103)
	at org.apache.ratis.thirdparty.io.grpc.internal.ManagedChannelOrphanWrapper.<init>(ManagedChannelOrphanWrapper.java:53)
	at org.apache.ratis.thirdparty.io.grpc.internal.ManagedChannelOrphanWrapper.<init>(ManagedChannelOrphanWrapper.java:44)
	at org.apache.ratis.thirdparty.io.grpc.internal.AbstractManagedChannelImplBuilder.build(AbstractManagedChannelImplBuilder.java:411)
	at org.apache.hadoop.hdds.scm.XceiverClientGrpc.connectToDatanode(XceiverClientGrpc.java:175)
	at org.apache.hadoop.hdds.scm.XceiverClientGrpc.reconnect(XceiverClientGrpc.java:423)
	at org.apache.hadoop.hdds.scm.XceiverClientGrpc.sendCommandAsync(XceiverClientGrpc.java:372)
	at org.apache.hadoop.hdds.scm.XceiverClientGrpc.sendCommandWithRetry(XceiverClientGrpc.java:285)
	at org.apache.hadoop.hdds.scm.XceiverClientGrpc.sendCommandWithTraceIDAndRetry(XceiverClientGrpc.java:251)
	at org.apache.hadoop.hdds.scm.XceiverClientGrpc.sendCommand(XceiverClientGrpc.java:234)
	at org.apache.hadoop.hdds.scm.storage.ContainerProtocolCalls.getBlock(ContainerProtocolCalls.java:118)
	at org.apache.hadoop.hdds.scm.storage.BlockInputStream.getChunkInfos(BlockInputStream.java:167)
	at org.apache.hadoop.hdds.scm.storage.BlockInputStream.initialize(BlockInputStream.java:118)
	at org.apache.hadoop.hdds.scm.storage.BlockInputStream.read(BlockInputStream.java:222)
	at org.apache.hadoop.ozone.client.io.KeyInputStream.read(KeyInputStream.java:171)
	at org.apache.hadoop.ozone.client.io.OzoneInputStream.read(OzoneInputStream.java:47)
	at java.io.InputStream.read(InputStream.java:101)
	at org.apache.hadoop.ozone.container.ContainerTestHelper.validateData(ContainerTestHelper.java:714)
	at org.apache.hadoop.ozone.client.rpc.TestBlockOutputStreamWithFailures.validateData(TestBlockOutputStreamWithFailures.java:1216)
	at org.apache.hadoop.ozone.client.rpc.TestBlockOutputStreamWithFailures.testFailureWithPrimeSizedData(TestBlockOutputStreamWithFailures.java:662)
	at sun.reflect.NativeMethodAccessorImpl.invoke0(Native Method)
	at sun.reflect.NativeMethodAccessorImpl.invoke(NativeMethodAccessorImpl.java:62)
	at sun.reflect.DelegatingMethodAccessorImpl.invoke(DelegatingMethodAccessorImpl.java:43)
	at java.lang.reflect.Method.invoke(Method.java:498)
	at org.junit.runners.model.FrameworkMethod$1.runReflectiveCall(FrameworkMethod.java:47)
	at org.junit.internal.runners.model.ReflectiveCallable.run(ReflectiveCallable.java:12)
	at org.junit.runners.model.FrameworkMethod.invokeExplosively(FrameworkMethod.java:44)
	at org.junit.internal.runners.statements.InvokeMethod.evaluate(InvokeMethod.java:17)
	at org.junit.internal.runners.statements.RunBefores.evaluate(RunBefores.java:26)
	at org.junit.internal.runners.statements.RunAfters.evaluate(RunAfters.java:27)
	at org.junit.runners.ParentRunner.runLeaf(ParentRunner.java:271)
	at org.junit.runners.BlockJUnit4ClassRunner.runChild(BlockJUnit4ClassRunner.java:70)
	at org.junit.runners.BlockJUnit4ClassRunner.runChild(BlockJUnit4ClassRunner.java:50)
	at org.junit.runners.ParentRunner$3.run(ParentRunner.java:238)
	at org.junit.runners.ParentRunner$1.schedule(ParentRunner.java:63)
	at org.junit.runners.ParentRunner.runChildren(ParentRunner.java:236)
	at org.junit.runners.ParentRunner.access$000(ParentRunner.java:53)
	at org.junit.runners.ParentRunner$2.evaluate(ParentRunner.java:229)
	at org.junit.runners.ParentRunner.run(ParentRunner.java:309)
	at org.apache.maven.surefire.junit4.JUnit4Provider.execute(JUnit4Provider.java:365)
	at org.apache.maven.surefire.junit4.JUnit4Provider.executeWithRerun(JUnit4Provider.java:273)
	at org.apache.maven.surefire.junit4.JUnit4Provider.executeTestSet(JUnit4Provider.java:238)
	at org.apache.maven.surefire.junit4.JUnit4Provider.invoke(JUnit4Provider.java:159)
	at org.apache.maven.surefire.booter.ForkedBooter.invokeProviderInSameClassLoader(ForkedBooter.java:384)
	at org.apache.maven.surefire.booter.ForkedBooter.runSuitesInProcess(ForkedBooter.java:345)
	at org.apache.maven.surefire.booter.ForkedBooter.execute(ForkedBooter.java:126)
	at org.apache.maven.surefire.booter.ForkedBooter.main(ForkedBooter.java:418)

Sep 17, 2019 7:21:29 AM org.apache.ratis.thirdparty.io.grpc.internal.ManagedChannelOrphanWrapper$ManagedChannelReference cleanQueue
SEVERE: *~*~*~ Channel ManagedChannelImpl{logId=3418, target=192.168.157.246:43108} was not shutdown properly!!! ~*~*~*
    Make sure to call shutdown()/shutdownNow() and wait until awaitTermination() returns true.
java.lang.RuntimeException: ManagedChannel allocation site
	at org.apache.ratis.thirdparty.io.grpc.internal.ManagedChannelOrphanWrapper$ManagedChannelReference.<init>(ManagedChannelOrphanWrapper.java:103)
	at org.apache.ratis.thirdparty.io.grpc.internal.ManagedChannelOrphanWrapper.<init>(ManagedChannelOrphanWrapper.java:53)
	at org.apache.ratis.thirdparty.io.grpc.internal.ManagedChannelOrphanWrapper.<init>(ManagedChannelOrphanWrapper.java:44)
	at org.apache.ratis.thirdparty.io.grpc.internal.AbstractManagedChannelImplBuilder.build(AbstractManagedChannelImplBuilder.java:411)
	at org.apache.hadoop.hdds.scm.XceiverClientGrpc.connectToDatanode(XceiverClientGrpc.java:175)
	at org.apache.hadoop.hdds.scm.XceiverClientGrpc.reconnect(XceiverClientGrpc.java:423)
	at org.apache.hadoop.hdds.scm.XceiverClientGrpc.sendCommandAsync(XceiverClientGrpc.java:372)
	at org.apache.hadoop.hdds.scm.XceiverClientGrpc.sendCommandWithRetry(XceiverClientGrpc.java:285)
	at org.apache.hadoop.hdds.scm.XceiverClientGrpc.sendCommandWithTraceIDAndRetry(XceiverClientGrpc.java:251)
	at org.apache.hadoop.hdds.scm.XceiverClientGrpc.sendCommand(XceiverClientGrpc.java:234)
	at org.apache.hadoop.hdds.scm.storage.ContainerProtocolCalls.getBlock(ContainerProtocolCalls.java:118)
	at org.apache.hadoop.hdds.scm.storage.BlockInputStream.getChunkInfos(BlockInputStream.java:167)
	at org.apache.hadoop.hdds.scm.storage.BlockInputStream.initialize(BlockInputStream.java:118)
	at org.apache.hadoop.hdds.scm.storage.BlockInputStream.read(BlockInputStream.java:222)
	at org.apache.hadoop.ozone.client.io.KeyInputStream.read(KeyInputStream.java:171)
	at org.apache.hadoop.ozone.client.io.OzoneInputStream.read(OzoneInputStream.java:47)
	at java.io.InputStream.read(InputStream.java:101)
	at org.apache.hadoop.ozone.container.ContainerTestHelper.validateData(ContainerTestHelper.java:714)
	at org.apache.hadoop.ozone.client.rpc.TestBlockOutputStreamWithFailures.validateData(TestBlockOutputStreamWithFailures.java:1216)
	at org.apache.hadoop.ozone.client.rpc.TestBlockOutputStreamWithFailures.testFailureWithPrimeSizedData(TestBlockOutputStreamWithFailures.java:662)
	at sun.reflect.NativeMethodAccessorImpl.invoke0(Native Method)
	at sun.reflect.NativeMethodAccessorImpl.invoke(NativeMethodAccessorImpl.java:62)
	at sun.reflect.DelegatingMethodAccessorImpl.invoke(DelegatingMethodAccessorImpl.java:43)
	at java.lang.reflect.Method.invoke(Method.java:498)
	at org.junit.runners.model.FrameworkMethod$1.runReflectiveCall(FrameworkMethod.java:47)
	at org.junit.internal.runners.model.ReflectiveCallable.run(ReflectiveCallable.java:12)
	at org.junit.runners.model.FrameworkMethod.invokeExplosively(FrameworkMethod.java:44)
	at org.junit.internal.runners.statements.InvokeMethod.evaluate(InvokeMethod.java:17)
	at org.junit.internal.runners.statements.RunBefores.evaluate(RunBefores.java:26)
	at org.junit.internal.runners.statements.RunAfters.evaluate(RunAfters.java:27)
	at org.junit.runners.ParentRunner.runLeaf(ParentRunner.java:271)
	at org.junit.runners.BlockJUnit4ClassRunner.runChild(BlockJUnit4ClassRunner.java:70)
	at org.junit.runners.BlockJUnit4ClassRunner.runChild(BlockJUnit4ClassRunner.java:50)
	at org.junit.runners.ParentRunner$3.run(ParentRunner.java:238)
	at org.junit.runners.ParentRunner$1.schedule(ParentRunner.java:63)
	at org.junit.runners.ParentRunner.runChildren(ParentRunner.java:236)
	at org.junit.runners.ParentRunner.access$000(ParentRunner.java:53)
	at org.junit.runners.ParentRunner$2.evaluate(ParentRunner.java:229)
	at org.junit.runners.ParentRunner.run(ParentRunner.java:309)
	at org.apache.maven.surefire.junit4.JUnit4Provider.execute(JUnit4Provider.java:365)
	at org.apache.maven.surefire.junit4.JUnit4Provider.executeWithRerun(JUnit4Provider.java:273)
	at org.apache.maven.surefire.junit4.JUnit4Provider.executeTestSet(JUnit4Provider.java:238)
	at org.apache.maven.surefire.junit4.JUnit4Provider.invoke(JUnit4Provider.java:159)
	at org.apache.maven.surefire.booter.ForkedBooter.invokeProviderInSameClassLoader(ForkedBooter.java:384)
	at org.apache.maven.surefire.booter.ForkedBooter.runSuitesInProcess(ForkedBooter.java:345)
	at org.apache.maven.surefire.booter.ForkedBooter.execute(ForkedBooter.java:126)
	at org.apache.maven.surefire.booter.ForkedBooter.main(ForkedBooter.java:418)

Sep 17, 2019 7:21:29 AM org.apache.ratis.thirdparty.io.grpc.internal.ManagedChannelOrphanWrapper$ManagedChannelReference cleanQueue
SEVERE: *~*~*~ Channel ManagedChannelImpl{logId=3394, target=192.168.157.246:36862} was not shutdown properly!!! ~*~*~*
    Make sure to call shutdown()/shutdownNow() and wait until awaitTermination() returns true.
java.lang.RuntimeException: ManagedChannel allocation site
	at org.apache.ratis.thirdparty.io.grpc.internal.ManagedChannelOrphanWrapper$ManagedChannelReference.<init>(ManagedChannelOrphanWrapper.java:103)
	at org.apache.ratis.thirdparty.io.grpc.internal.ManagedChannelOrphanWrapper.<init>(ManagedChannelOrphanWrapper.java:53)
	at org.apache.ratis.thirdparty.io.grpc.internal.ManagedChannelOrphanWrapper.<init>(ManagedChannelOrphanWrapper.java:44)
	at org.apache.ratis.thirdparty.io.grpc.internal.AbstractManagedChannelImplBuilder.build(AbstractManagedChannelImplBuilder.java:411)
	at org.apache.ratis.grpc.client.GrpcClientProtocolClient.<init>(GrpcClientProtocolClient.java:127)
	at org.apache.ratis.grpc.client.GrpcClientRpc.lambda$new$0(GrpcClientRpc.java:55)
	at org.apache.ratis.util.PeerProxyMap$PeerAndProxy.lambda$getProxy$0(PeerProxyMap.java:61)
	at org.apache.ratis.util.LifeCycle.startAndTransition(LifeCycle.java:202)
	at org.apache.ratis.util.PeerProxyMap$PeerAndProxy.getProxy(PeerProxyMap.java:60)
	at org.apache.ratis.util.PeerProxyMap.getProxy(PeerProxyMap.java:108)
	at org.apache.ratis.grpc.client.GrpcClientRpc.sendRequestAsync(GrpcClientRpc.java:66)
	at org.apache.ratis.client.impl.OrderedAsync.sendRequest(OrderedAsync.java:208)
	at org.apache.ratis.client.impl.OrderedAsync.sendRequestWithRetry(OrderedAsync.java:169)
	at org.apache.ratis.util.SlidingWindow$Client.sendOrDelayRequest(SlidingWindow.java:278)
	at org.apache.ratis.util.SlidingWindow$Client.retry(SlidingWindow.java:294)
	at org.apache.ratis.client.impl.OrderedAsync.lambda$scheduleWithTimeout$7(OrderedAsync.java:195)
	at org.apache.ratis.util.TimeoutScheduler.lambda$onTimeout$0(TimeoutScheduler.java:113)
	at org.apache.ratis.util.TimeoutScheduler.lambda$onTimeout$1(TimeoutScheduler.java:133)
	at org.apache.ratis.util.LogUtils.runAndLog(LogUtils.java:50)
	at org.apache.ratis.util.LogUtils$1.run(LogUtils.java:91)
	at java.util.concurrent.Executors$RunnableAdapter.call(Executors.java:511)
	at java.util.concurrent.FutureTask.run(FutureTask.java:266)
	at java.util.concurrent.ScheduledThreadPoolExecutor$ScheduledFutureTask.access$201(ScheduledThreadPoolExecutor.java:180)
	at java.util.concurrent.ScheduledThreadPoolExecutor$ScheduledFutureTask.run(ScheduledThreadPoolExecutor.java:293)
	at java.util.concurrent.ThreadPoolExecutor.runWorker(ThreadPoolExecutor.java:1149)
	at java.util.concurrent.ThreadPoolExecutor$Worker.run(ThreadPoolExecutor.java:624)
	at java.lang.Thread.run(Thread.java:748)

Sep 17, 2019 7:21:29 AM org.apache.ratis.thirdparty.io.grpc.internal.ManagedChannelOrphanWrapper$ManagedChannelReference cleanQueue
SEVERE: *~*~*~ Channel ManagedChannelImpl{logId=3313, target=192.168.157.246:38654} was not shutdown properly!!! ~*~*~*
    Make sure to call shutdown()/shutdownNow() and wait until awaitTermination() returns true.
java.lang.RuntimeException: ManagedChannel allocation site
	at org.apache.ratis.thirdparty.io.grpc.internal.ManagedChannelOrphanWrapper$ManagedChannelReference.<init>(ManagedChannelOrphanWrapper.java:103)
	at org.apache.ratis.thirdparty.io.grpc.internal.ManagedChannelOrphanWrapper.<init>(ManagedChannelOrphanWrapper.java:53)
	at org.apache.ratis.thirdparty.io.grpc.internal.ManagedChannelOrphanWrapper.<init>(ManagedChannelOrphanWrapper.java:44)
	at org.apache.ratis.thirdparty.io.grpc.internal.AbstractManagedChannelImplBuilder.build(AbstractManagedChannelImplBuilder.java:411)
	at org.apache.ratis.grpc.client.GrpcClientProtocolClient.<init>(GrpcClientProtocolClient.java:127)
	at org.apache.ratis.grpc.client.GrpcClientRpc.lambda$new$0(GrpcClientRpc.java:55)
	at org.apache.ratis.util.PeerProxyMap$PeerAndProxy.lambda$getProxy$0(PeerProxyMap.java:61)
	at org.apache.ratis.util.LifeCycle.startAndTransition(LifeCycle.java:202)
	at org.apache.ratis.util.PeerProxyMap$PeerAndProxy.getProxy(PeerProxyMap.java:60)
	at org.apache.ratis.util.PeerProxyMap.getProxy(PeerProxyMap.java:108)
	at org.apache.ratis.grpc.client.GrpcClientRpc.sendRequestAsync(GrpcClientRpc.java:66)
	at org.apache.ratis.client.impl.OrderedAsync.sendRequest(OrderedAsync.java:208)
	at org.apache.ratis.client.impl.OrderedAsync.sendRequestWithRetry(OrderedAsync.java:169)
	at org.apache.ratis.util.SlidingWindow$Client.sendOrDelayRequest(SlidingWindow.java:278)
	at org.apache.ratis.util.SlidingWindow$Client.retry(SlidingWindow.java:294)
	at org.apache.ratis.client.impl.OrderedAsync.lambda$scheduleWithTimeout$7(OrderedAsync.java:195)
	at org.apache.ratis.util.TimeoutScheduler.lambda$onTimeout$0(TimeoutScheduler.java:113)
	at org.apache.ratis.util.TimeoutScheduler.lambda$onTimeout$1(TimeoutScheduler.java:133)
	at org.apache.ratis.util.LogUtils.runAndLog(LogUtils.java:50)
	at org.apache.ratis.util.LogUtils$1.run(LogUtils.java:91)
	at java.util.concurrent.Executors$RunnableAdapter.call(Executors.java:511)
	at java.util.concurrent.FutureTask.run(FutureTask.java:266)
	at java.util.concurrent.ScheduledThreadPoolExecutor$ScheduledFutureTask.access$201(ScheduledThreadPoolExecutor.java:180)
	at java.util.concurrent.ScheduledThreadPoolExecutor$ScheduledFutureTask.run(ScheduledThreadPoolExecutor.java:293)
	at java.util.concurrent.ThreadPoolExecutor.runWorker(ThreadPoolExecutor.java:1149)
	at java.util.concurrent.ThreadPoolExecutor$Worker.run(ThreadPoolExecutor.java:624)
	at java.lang.Thread.run(Thread.java:748)

Sep 17, 2019 7:21:29 AM org.apache.ratis.thirdparty.io.grpc.internal.ManagedChannelOrphanWrapper$ManagedChannelReference cleanQueue
SEVERE: *~*~*~ Channel ManagedChannelImpl{logId=3413, target=192.168.157.246:43461} was not shutdown properly!!! ~*~*~*
    Make sure to call shutdown()/shutdownNow() and wait until awaitTermination() returns true.
java.lang.RuntimeException: ManagedChannel allocation site
	at org.apache.ratis.thirdparty.io.grpc.internal.ManagedChannelOrphanWrapper$ManagedChannelReference.<init>(ManagedChannelOrphanWrapper.java:103)
	at org.apache.ratis.thirdparty.io.grpc.internal.ManagedChannelOrphanWrapper.<init>(ManagedChannelOrphanWrapper.java:53)
	at org.apache.ratis.thirdparty.io.grpc.internal.ManagedChannelOrphanWrapper.<init>(ManagedChannelOrphanWrapper.java:44)
	at org.apache.ratis.thirdparty.io.grpc.internal.AbstractManagedChannelImplBuilder.build(AbstractManagedChannelImplBuilder.java:411)
	at org.apache.hadoop.hdds.scm.XceiverClientGrpc.connectToDatanode(XceiverClientGrpc.java:175)
	at org.apache.hadoop.hdds.scm.XceiverClientGrpc.reconnect(XceiverClientGrpc.java:423)
	at org.apache.hadoop.hdds.scm.XceiverClientGrpc.sendCommandAsync(XceiverClientGrpc.java:372)
	at org.apache.hadoop.hdds.scm.XceiverClientGrpc.sendCommandWithRetry(XceiverClientGrpc.java:285)
	at org.apache.hadoop.hdds.scm.XceiverClientGrpc.sendCommandWithTraceIDAndRetry(XceiverClientGrpc.java:251)
	at org.apache.hadoop.hdds.scm.XceiverClientGrpc.sendCommand(XceiverClientGrpc.java:234)
	at org.apache.hadoop.hdds.scm.storage.ContainerProtocolCalls.readChunk(ContainerProtocolCalls.java:245)
	at org.apache.hadoop.hdds.scm.storage.ChunkInputStream.readChunk(ChunkInputStream.java:335)
	at org.apache.hadoop.hdds.scm.storage.ChunkInputStream.readChunkFromContainer(ChunkInputStream.java:307)
	at org.apache.hadoop.hdds.scm.storage.ChunkInputStream.prepareRead(ChunkInputStream.java:259)
	at org.apache.hadoop.hdds.scm.storage.ChunkInputStream.read(ChunkInputStream.java:144)
	at org.apache.hadoop.hdds.scm.storage.BlockInputStream.read(BlockInputStream.java:239)
	at org.apache.hadoop.ozone.client.io.KeyInputStream.read(KeyInputStream.java:171)
	at org.apache.hadoop.ozone.client.io.OzoneInputStream.read(OzoneInputStream.java:47)
	at java.io.InputStream.read(InputStream.java:101)
	at org.apache.hadoop.ozone.container.ContainerTestHelper.validateData(ContainerTestHelper.java:714)
	at org.apache.hadoop.ozone.client.rpc.TestBlockOutputStreamWithFailures.validateData(TestBlockOutputStreamWithFailures.java:1216)
	at org.apache.hadoop.ozone.client.rpc.TestBlockOutputStreamWithFailures.testFailureWithPrimeSizedData(TestBlockOutputStreamWithFailures.java:662)
	at sun.reflect.NativeMethodAccessorImpl.invoke0(Native Method)
	at sun.reflect.NativeMethodAccessorImpl.invoke(NativeMethodAccessorImpl.java:62)
	at sun.reflect.DelegatingMethodAccessorImpl.invoke(DelegatingMethodAccessorImpl.java:43)
	at java.lang.reflect.Method.invoke(Method.java:498)
	at org.junit.runners.model.FrameworkMethod$1.runReflectiveCall(FrameworkMethod.java:47)
	at org.junit.internal.runners.model.ReflectiveCallable.run(ReflectiveCallable.java:12)
	at org.junit.runners.model.FrameworkMethod.invokeExplosively(FrameworkMethod.java:44)
	at org.junit.internal.runners.statements.InvokeMethod.evaluate(InvokeMethod.java:17)
	at org.junit.internal.runners.statements.RunBefores.evaluate(RunBefores.java:26)
	at org.junit.internal.runners.statements.RunAfters.evaluate(RunAfters.java:27)
	at org.junit.runners.ParentRunner.runLeaf(ParentRunner.java:271)
	at org.junit.runners.BlockJUnit4ClassRunner.runChild(BlockJUnit4ClassRunner.java:70)
	at org.junit.runners.BlockJUnit4ClassRunner.runChild(BlockJUnit4ClassRunner.java:50)
	at org.junit.runners.ParentRunner$3.run(ParentRunner.java:238)
	at org.junit.runners.ParentRunner$1.schedule(ParentRunner.java:63)
	at org.junit.runners.ParentRunner.runChildren(ParentRunner.java:236)
	at org.junit.runners.ParentRunner.access$000(ParentRunner.java:53)
	at org.junit.runners.ParentRunner$2.evaluate(ParentRunner.java:229)
	at org.junit.runners.ParentRunner.run(ParentRunner.java:309)
	at org.apache.maven.surefire.junit4.JUnit4Provider.execute(JUnit4Provider.java:365)
	at org.apache.maven.surefire.junit4.JUnit4Provider.executeWithRerun(JUnit4Provider.java:273)
	at org.apache.maven.surefire.junit4.JUnit4Provider.executeTestSet(JUnit4Provider.java:238)
	at org.apache.maven.surefire.junit4.JUnit4Provider.invoke(JUnit4Provider.java:159)
	at org.apache.maven.surefire.booter.ForkedBooter.invokeProviderInSameClassLoader(ForkedBooter.java:384)
	at org.apache.maven.surefire.booter.ForkedBooter.runSuitesInProcess(ForkedBooter.java:345)
	at org.apache.maven.surefire.booter.ForkedBooter.execute(ForkedBooter.java:126)
	at org.apache.maven.surefire.booter.ForkedBooter.main(ForkedBooter.java:418)

Sep 17, 2019 7:21:29 AM org.apache.ratis.thirdparty.io.grpc.internal.ManagedChannelOrphanWrapper$ManagedChannelReference cleanQueue
SEVERE: *~*~*~ Channel ManagedChannelImpl{logId=3404, target=192.168.157.246:40960} was not shutdown properly!!! ~*~*~*
    Make sure to call shutdown()/shutdownNow() and wait until awaitTermination() returns true.
java.lang.RuntimeException: ManagedChannel allocation site
	at org.apache.ratis.thirdparty.io.grpc.internal.ManagedChannelOrphanWrapper$ManagedChannelReference.<init>(ManagedChannelOrphanWrapper.java:103)
	at org.apache.ratis.thirdparty.io.grpc.internal.ManagedChannelOrphanWrapper.<init>(ManagedChannelOrphanWrapper.java:53)
	at org.apache.ratis.thirdparty.io.grpc.internal.ManagedChannelOrphanWrapper.<init>(ManagedChannelOrphanWrapper.java:44)
	at org.apache.ratis.thirdparty.io.grpc.internal.AbstractManagedChannelImplBuilder.build(AbstractManagedChannelImplBuilder.java:411)
	at org.apache.hadoop.hdds.scm.XceiverClientGrpc.connectToDatanode(XceiverClientGrpc.java:175)
	at org.apache.hadoop.hdds.scm.XceiverClientGrpc.reconnect(XceiverClientGrpc.java:423)
	at org.apache.hadoop.hdds.scm.XceiverClientGrpc.sendCommandAsync(XceiverClientGrpc.java:372)
	at org.apache.hadoop.hdds.scm.XceiverClientGrpc.sendCommandWithRetry(XceiverClientGrpc.java:285)
	at org.apache.hadoop.hdds.scm.XceiverClientGrpc.sendCommandWithTraceIDAndRetry(XceiverClientGrpc.java:251)
	at org.apache.hadoop.hdds.scm.XceiverClientGrpc.sendCommand(XceiverClientGrpc.java:234)
	at org.apache.hadoop.hdds.scm.storage.ContainerProtocolCalls.readChunk(ContainerProtocolCalls.java:245)
	at org.apache.hadoop.hdds.scm.storage.ChunkInputStream.readChunk(ChunkInputStream.java:335)
	at org.apache.hadoop.hdds.scm.storage.ChunkInputStream.readChunkFromContainer(ChunkInputStream.java:307)
	at org.apache.hadoop.hdds.scm.storage.ChunkInputStream.prepareRead(ChunkInputStream.java:259)
	at org.apache.hadoop.hdds.scm.storage.ChunkInputStream.read(ChunkInputStream.java:144)
	at org.apache.hadoop.hdds.scm.storage.BlockInputStream.read(BlockInputStream.java:239)
	at org.apache.hadoop.ozone.client.io.KeyInputStream.read(KeyInputStream.java:171)
	at org.apache.hadoop.ozone.client.io.OzoneInputStream.read(OzoneInputStream.java:47)
	at java.io.InputStream.read(InputStream.java:101)
	at org.apache.hadoop.ozone.container.ContainerTestHelper.validateData(ContainerTestHelper.java:714)
	at org.apache.hadoop.ozone.client.rpc.TestBlockOutputStreamWithFailures.validateData(TestBlockOutputStreamWithFailures.java:1216)
	at org.apache.hadoop.ozone.client.rpc.TestBlockOutputStreamWithFailures.testFailureWithPrimeSizedData(TestBlockOutputStreamWithFailures.java:662)
	at sun.reflect.NativeMethodAccessorImpl.invoke0(Native Method)
	at sun.reflect.NativeMethodAccessorImpl.invoke(NativeMethodAccessorImpl.java:62)
	at sun.reflect.DelegatingMethodAccessorImpl.invoke(DelegatingMethodAccessorImpl.java:43)
	at java.lang.reflect.Method.invoke(Method.java:498)
	at org.junit.runners.model.FrameworkMethod$1.runReflectiveCall(FrameworkMethod.java:47)
	at org.junit.internal.runners.model.ReflectiveCallable.run(ReflectiveCallable.java:12)
	at org.junit.runners.model.FrameworkMethod.invokeExplosively(FrameworkMethod.java:44)
	at org.junit.internal.runners.statements.InvokeMethod.evaluate(InvokeMethod.java:17)
	at org.junit.internal.runners.statements.RunBefores.evaluate(RunBefores.java:26)
	at org.junit.internal.runners.statements.RunAfters.evaluate(RunAfters.java:27)
	at org.junit.runners.ParentRunner.runLeaf(ParentRunner.java:271)
	at org.junit.runners.BlockJUnit4ClassRunner.runChild(BlockJUnit4ClassRunner.java:70)
	at org.junit.runners.BlockJUnit4ClassRunner.runChild(BlockJUnit4ClassRunner.java:50)
	at org.junit.runners.ParentRunner$3.run(ParentRunner.java:238)
	at org.junit.runners.ParentRunner$1.schedule(ParentRunner.java:63)
	at org.junit.runners.ParentRunner.runChildren(ParentRunner.java:236)
	at org.junit.runners.ParentRunner.access$000(ParentRunner.java:53)
	at org.junit.runners.ParentRunner$2.evaluate(ParentRunner.java:229)
	at org.junit.runners.ParentRunner.run(ParentRunner.java:309)
	at org.apache.maven.surefire.junit4.JUnit4Provider.execute(JUnit4Provider.java:365)
	at org.apache.maven.surefire.junit4.JUnit4Provider.executeWithRerun(JUnit4Provider.java:273)
	at org.apache.maven.surefire.junit4.JUnit4Provider.executeTestSet(JUnit4Provider.java:238)
	at org.apache.maven.surefire.junit4.JUnit4Provider.invoke(JUnit4Provider.java:159)
	at org.apache.maven.surefire.booter.ForkedBooter.invokeProviderInSameClassLoader(ForkedBooter.java:384)
	at org.apache.maven.surefire.booter.ForkedBooter.runSuitesInProcess(ForkedBooter.java:345)
	at org.apache.maven.surefire.booter.ForkedBooter.execute(ForkedBooter.java:126)
	at org.apache.maven.surefire.booter.ForkedBooter.main(ForkedBooter.java:418)

]]></system-err>
  </testcase>
  <testcase name="testExceptionDuringClose" classname="org.apache.hadoop.ozone.client.rpc.TestBlockOutputStreamWithFailures" time="33.536"/>
</testsuite>