<?xml version="1.0" encoding="UTF-8"?>
<testsuite xmlns:xsi="http://www.w3.org/2001/XMLSchema-instance" xsi:noNamespaceSchemaLocation="https://maven.apache.org/surefire/maven-surefire-plugin/xsd/surefire-test-report.xsd" name="org.apache.hadoop.fs.ozone.contract.ITestOzoneContractCreate" time="63.439" tests="11" errors="1" skipped="2" failures="0">
  <properties>
    <property name="awt.toolkit" value="sun.awt.X11.XToolkit"/>
    <property name="file.encoding.pkg" value="sun.io"/>
    <property name="java.specification.version" value="1.8"/>
    <property name="sun.cpu.isalist" value=""/>
    <property name="sun.jnu.encoding" value="UTF-8"/>
    <property name="java.class.path" value="/workdir/hadoop-ozone/ozonefs/target/test-classes:/workdir/hadoop-ozone/ozonefs/target/classes:/home/user/.m2/repository/org/apache/hadoop/hadoop-common/3.2.0/hadoop-common-3.2.0.jar:/home/user/.m2/repository/org/apache/hadoop/hadoop-annotations/3.2.0/hadoop-annotations-3.2.0.jar:/usr/lib/jvm/java-1.8-openjdk/jre/../lib/tools.jar:/home/user/.m2/repository/com/google/guava/guava/11.0.2/guava-11.0.2.jar:/home/user/.m2/repository/commons-cli/commons-cli/1.2/commons-cli-1.2.jar:/home/user/.m2/repository/org/apache/commons/commons-math3/3.1.1/commons-math3-3.1.1.jar:/home/user/.m2/repository/org/apache/httpcomponents/httpclient/4.5.2/httpclient-4.5.2.jar:/home/user/.m2/repository/org/apache/httpcomponents/httpcore/4.4.4/httpcore-4.4.4.jar:/home/user/.m2/repository/commons-codec/commons-codec/1.11/commons-codec-1.11.jar:/home/user/.m2/repository/commons-io/commons-io/2.5/commons-io-2.5.jar:/home/user/.m2/repository/commons-net/commons-net/3.6/commons-net-3.6.jar:/home/user/.m2/repository/commons-collections/commons-collections/3.2.2/commons-collections-3.2.2.jar:/home/user/.m2/repository/javax/servlet/javax.servlet-api/3.1.0/javax.servlet-api-3.1.0.jar:/home/user/.m2/repository/org/eclipse/jetty/jetty-server/9.3.24.v20180605/jetty-server-9.3.24.v20180605.jar:/home/user/.m2/repository/org/eclipse/jetty/jetty-http/9.3.24.v20180605/jetty-http-9.3.24.v20180605.jar:/home/user/.m2/repository/org/eclipse/jetty/jetty-io/9.3.24.v20180605/jetty-io-9.3.24.v20180605.jar:/home/user/.m2/repository/org/eclipse/jetty/jetty-util/9.3.24.v20180605/jetty-util-9.3.24.v20180605.jar:/home/user/.m2/repository/org/eclipse/jetty/jetty-servlet/9.3.24.v20180605/jetty-servlet-9.3.24.v20180605.jar:/home/user/.m2/repository/org/eclipse/jetty/jetty-security/9.3.24.v20180605/jetty-security-9.3.24.v20180605.jar:/home/user/.m2/repository/org/eclipse/jetty/jetty-webapp/9.3.24.v20180605/jetty-webapp-9.3.24.v20180605.jar:/home/user/.m2/repository/org/eclipse/jetty/jetty-xml/9.3.24.v20180605/jetty-xml-9.3.24.v20180605.jar:/home/user/.m2/repository/javax/servlet/jsp/jsp-api/2.1/jsp-api-2.1.jar:/home/user/.m2/repository/com/sun/jersey/jersey-core/1.19/jersey-core-1.19.jar:/home/user/.m2/repository/javax/ws/rs/jsr311-api/1.1.1/jsr311-api-1.1.1.jar:/home/user/.m2/repository/com/sun/jersey/jersey-servlet/1.19/jersey-servlet-1.19.jar:/home/user/.m2/repository/com/sun/jersey/jersey-json/1.19/jersey-json-1.19.jar:/home/user/.m2/repository/org/codehaus/jettison/jettison/1.1/jettison-1.1.jar:/home/user/.m2/repository/com/sun/xml/bind/jaxb-impl/2.3.0.1/jaxb-impl-2.3.0.1.jar:/home/user/.m2/repository/org/codehaus/jackson/jackson-core-asl/1.9.13/jackson-core-asl-1.9.13.jar:/home/user/.m2/repository/org/codehaus/jackson/jackson-mapper-asl/1.9.13/jackson-mapper-asl-1.9.13.jar:/home/user/.m2/repository/org/codehaus/jackson/jackson-jaxrs/1.9.13/jackson-jaxrs-1.9.13.jar:/home/user/.m2/repository/org/codehaus/jackson/jackson-xc/1.9.13/jackson-xc-1.9.13.jar:/home/user/.m2/repository/com/sun/jersey/jersey-server/1.19/jersey-server-1.19.jar:/home/user/.m2/repository/commons-logging/commons-logging/1.1.3/commons-logging-1.1.3.jar:/home/user/.m2/repository/log4j/log4j/1.2.17/log4j-1.2.17.jar:/home/user/.m2/repository/commons-beanutils/commons-beanutils/1.9.3/commons-beanutils-1.9.3.jar:/home/user/.m2/repository/org/apache/commons/commons-configuration2/2.1.1/commons-configuration2-2.1.1.jar:/home/user/.m2/repository/org/apache/commons/commons-lang3/3.7/commons-lang3-3.7.jar:/home/user/.m2/repository/org/apache/commons/commons-text/1.4/commons-text-1.4.jar:/home/user/.m2/repository/org/slf4j/slf4j-api/1.7.25/slf4j-api-1.7.25.jar:/home/user/.m2/repository/org/slf4j/slf4j-log4j12/1.7.25/slf4j-log4j12-1.7.25.jar:/home/user/.m2/repository/org/apache/avro/avro/1.7.7/avro-1.7.7.jar:/home/user/.m2/repository/com/thoughtworks/paranamer/paranamer/2.3/paranamer-2.3.jar:/home/user/.m2/repository/org/xerial/snappy/snappy-java/1.0.5/snappy-java-1.0.5.jar:/home/user/.m2/repository/com/google/re2j/re2j/1.1/re2j-1.1.jar:/home/user/.m2/repository/com/google/protobuf/protobuf-java/2.5.0/protobuf-java-2.5.0.jar:/home/user/.m2/repository/com/google/code/gson/gson/2.2.4/gson-2.2.4.jar:/home/user/.m2/repository/org/apache/hadoop/hadoop-auth/3.2.0/hadoop-auth-3.2.0.jar:/home/user/.m2/repository/com/nimbusds/nimbus-jose-jwt/4.41.1/nimbus-jose-jwt-4.41.1.jar:/home/user/.m2/repository/com/github/stephenc/jcip/jcip-annotations/1.0-1/jcip-annotations-1.0-1.jar:/home/user/.m2/repository/net/minidev/json-smart/2.3/json-smart-2.3.jar:/home/user/.m2/repository/net/minidev/accessors-smart/1.2/accessors-smart-1.2.jar:/home/user/.m2/repository/org/apache/curator/curator-framework/2.12.0/curator-framework-2.12.0.jar:/home/user/.m2/repository/com/jcraft/jsch/0.1.54/jsch-0.1.54.jar:/home/user/.m2/repository/org/apache/curator/curator-client/2.12.0/curator-client-2.12.0.jar:/home/user/.m2/repository/org/apache/curator/curator-recipes/2.12.0/curator-recipes-2.12.0.jar:/home/user/.m2/repository/com/google/code/findbugs/jsr305/3.0.0/jsr305-3.0.0.jar:/home/user/.m2/repository/org/apache/htrace/htrace-core4/4.1.0-incubating/htrace-core4-4.1.0-incubating.jar:/home/user/.m2/repository/org/apache/zookeeper/zookeeper/3.4.13/zookeeper-3.4.13.jar:/home/user/.m2/repository/org/apache/yetus/audience-annotations/0.5.0/audience-annotations-0.5.0.jar:/home/user/.m2/repository/org/apache/commons/commons-compress/1.4.1/commons-compress-1.4.1.jar:/home/user/.m2/repository/org/tukaani/xz/1.0/xz-1.0.jar:/home/user/.m2/repository/org/apache/kerby/kerb-simplekdc/1.0.1/kerb-simplekdc-1.0.1.jar:/home/user/.m2/repository/org/apache/kerby/kerb-client/1.0.1/kerb-client-1.0.1.jar:/home/user/.m2/repository/org/apache/kerby/kerby-config/1.0.1/kerby-config-1.0.1.jar:/home/user/.m2/repository/org/apache/kerby/kerb-core/1.0.1/kerb-core-1.0.1.jar:/home/user/.m2/repository/org/apache/kerby/kerby-pkix/1.0.1/kerby-pkix-1.0.1.jar:/home/user/.m2/repository/org/apache/kerby/kerby-asn1/1.0.1/kerby-asn1-1.0.1.jar:/home/user/.m2/repository/org/apache/kerby/kerby-util/1.0.1/kerby-util-1.0.1.jar:/home/user/.m2/repository/org/apache/kerby/kerb-common/1.0.1/kerb-common-1.0.1.jar:/home/user/.m2/repository/org/apache/kerby/kerb-crypto/1.0.1/kerb-crypto-1.0.1.jar:/home/user/.m2/repository/org/apache/kerby/kerb-util/1.0.1/kerb-util-1.0.1.jar:/home/user/.m2/repository/org/apache/kerby/token-provider/1.0.1/token-provider-1.0.1.jar:/home/user/.m2/repository/org/apache/kerby/kerb-admin/1.0.1/kerb-admin-1.0.1.jar:/home/user/.m2/repository/org/apache/kerby/kerb-server/1.0.1/kerb-server-1.0.1.jar:/home/user/.m2/repository/org/apache/kerby/kerb-identity/1.0.1/kerb-identity-1.0.1.jar:/home/user/.m2/repository/org/apache/kerby/kerby-xdr/1.0.1/kerby-xdr-1.0.1.jar:/home/user/.m2/repository/com/fasterxml/jackson/core/jackson-databind/2.9.5/jackson-databind-2.9.5.jar:/home/user/.m2/repository/com/fasterxml/jackson/core/jackson-annotations/2.9.5/jackson-annotations-2.9.5.jar:/home/user/.m2/repository/com/fasterxml/jackson/core/jackson-core/2.9.5/jackson-core-2.9.5.jar:/home/user/.m2/repository/org/codehaus/woodstox/stax2-api/3.1.4/stax2-api-3.1.4.jar:/home/user/.m2/repository/com/fasterxml/woodstox/woodstox-core/5.0.3/woodstox-core-5.0.3.jar:/home/user/.m2/repository/dnsjava/dnsjava/2.1.7/dnsjava-2.1.7.jar:/home/user/.m2/repository/org/apache/hadoop/hadoop-hdfs/3.2.0/hadoop-hdfs-3.2.0.jar:/home/user/.m2/repository/org/eclipse/jetty/jetty-util-ajax/9.3.24.v20180605/jetty-util-ajax-9.3.24.v20180605.jar:/home/user/.m2/repository/commons-daemon/commons-daemon/1.0.13/commons-daemon-1.0.13.jar:/home/user/.m2/repository/io/netty/netty/3.10.5.Final/netty-3.10.5.Final.jar:/home/user/.m2/repository/io/netty/netty-all/4.0.52.Final/netty-all-4.0.52.Final.jar:/home/user/.m2/repository/org/fusesource/leveldbjni/leveldbjni-all/1.8/leveldbjni-all-1.8.jar:/home/user/.m2/repository/org/apache/hadoop/hadoop-hdds-common/0.5.0-SNAPSHOT/hadoop-hdds-common-0.5.0-SNAPSHOT.jar:/home/user/.m2/repository/org/apache/hadoop/hadoop-hdds-config/0.5.0-SNAPSHOT/hadoop-hdds-config-0.5.0-SNAPSHOT.jar:/home/user/.m2/repository/javax/annotation/javax.annotation-api/1.2/javax.annotation-api-1.2.jar:/home/user/.m2/repository/org/apache/ratis/ratis-server/0.4.0-2337318-SNAPSHOT/ratis-server-0.4.0-2337318-SNAPSHOT.jar:/home/user/.m2/repository/org/apache/ratis/ratis-thirdparty-misc/0.2.0/ratis-thirdparty-misc-0.2.0.jar:/home/user/.m2/repository/org/apache/ratis/ratis-proto/0.4.0-2337318-SNAPSHOT/ratis-proto-0.4.0-2337318-SNAPSHOT.jar:/home/user/.m2/repository/org/apache/ratis/ratis-common/0.4.0-2337318-SNAPSHOT/ratis-common-0.4.0-2337318-SNAPSHOT.jar:/home/user/.m2/repository/org/apache/ratis/ratis-client/0.4.0-2337318-SNAPSHOT/ratis-client-0.4.0-2337318-SNAPSHOT.jar:/home/user/.m2/repository/org/apache/ratis/ratis-metrics/0.4.0-2337318-SNAPSHOT/ratis-metrics-0.4.0-2337318-SNAPSHOT.jar:/home/user/.m2/repository/org/apache/ratis/ratis-netty/0.4.0-2337318-SNAPSHOT/ratis-netty-0.4.0-2337318-SNAPSHOT.jar:/home/user/.m2/repository/org/apache/ratis/ratis-grpc/0.4.0-2337318-SNAPSHOT/ratis-grpc-0.4.0-2337318-SNAPSHOT.jar:/home/user/.m2/repository/org/rocksdb/rocksdbjni/6.0.1/rocksdbjni-6.0.1.jar:/home/user/.m2/repository/org/apache/logging/log4j/log4j-api/2.11.0/log4j-api-2.11.0.jar:/home/user/.m2/repository/org/apache/logging/log4j/log4j-core/2.11.0/log4j-core-2.11.0.jar:/home/user/.m2/repository/com/lmax/disruptor/3.4.2/disruptor-3.4.2.jar:/home/user/.m2/repository/org/apache/commons/commons-pool2/2.6.0/commons-pool2-2.6.0.jar:/home/user/.m2/repository/org/bouncycastle/bcpkix-jdk15on/1.60/bcpkix-jdk15on-1.60.jar:/home/user/.m2/repository/commons-validator/commons-validator/1.6/commons-validator-1.6.jar:/home/user/.m2/repository/commons-digester/commons-digester/1.8.1/commons-digester-1.8.1.jar:/home/user/.m2/repository/io/jaegertracing/jaeger-client/0.33.1/jaeger-client-0.33.1.jar:/home/user/.m2/repository/io/jaegertracing/jaeger-thrift/0.33.1/jaeger-thrift-0.33.1.jar:/home/user/.m2/repository/org/apache/thrift/libthrift/0.11.0/libthrift-0.11.0.jar:/home/user/.m2/repository/com/squareup/okhttp3/okhttp/3.9.0/okhttp-3.9.0.jar:/home/user/.m2/repository/com/squareup/okio/okio/1.13.0/okio-1.13.0.jar:/home/user/.m2/repository/io/jaegertracing/jaeger-core/0.33.1/jaeger-core-0.33.1.jar:/home/user/.m2/repository/io/jaegertracing/jaeger-tracerresolver/0.33.1/jaeger-tracerresolver-0.33.1.jar:/home/user/.m2/repository/io/opentracing/contrib/opentracing-tracerresolver/0.1.5/opentracing-tracerresolver-0.1.5.jar:/home/user/.m2/repository/io/opentracing/opentracing-util/0.31.0/opentracing-util-0.31.0.jar:/home/user/.m2/repository/io/opentracing/opentracing-api/0.31.0/opentracing-api-0.31.0.jar:/home/user/.m2/repository/io/opentracing/opentracing-noop/0.31.0/opentracing-noop-0.31.0.jar:/home/user/.m2/repository/org/yaml/snakeyaml/1.16/snakeyaml-1.16.jar:/home/user/.m2/repository/org/apache/hadoop/hadoop-hdfs-client/3.2.0/hadoop-hdfs-client-3.2.0.jar:/home/user/.m2/repository/info/picocli/picocli/3.9.6/picocli-3.9.6.jar:/home/user/.m2/repository/org/apache/hadoop/hadoop-hdds-server-scm/0.5.0-SNAPSHOT/hadoop-hdds-server-scm-0.5.0-SNAPSHOT.jar:/home/user/.m2/repository/org/apache/hadoop/hadoop-hdds-docs/0.5.0-SNAPSHOT/hadoop-hdds-docs-0.5.0-SNAPSHOT.jar:/home/user/.m2/repository/io/dropwizard/metrics/metrics-core/3.2.4/metrics-core-3.2.4.jar:/home/user/.m2/repository/org/hamcrest/hamcrest-all/1.3/hamcrest-all-1.3.jar:/home/user/.m2/repository/org/bouncycastle/bcprov-jdk15on/1.60/bcprov-jdk15on-1.60.jar:/home/user/.m2/repository/org/apache/hadoop/hadoop-hdds-server-framework/0.5.0-SNAPSHOT/hadoop-hdds-server-framework-0.5.0-SNAPSHOT.jar:/home/user/.m2/repository/org/apache/hadoop/hadoop-ozone-ozone-manager/0.5.0-SNAPSHOT/hadoop-ozone-ozone-manager-0.5.0-SNAPSHOT.jar:/home/user/.m2/repository/org/apache/hadoop/hadoop-hdds-container-service/0.5.0-SNAPSHOT/hadoop-hdds-container-service-0.5.0-SNAPSHOT.jar:/home/user/.m2/repository/org/apache/hadoop/hadoop-hdds-client/0.5.0-SNAPSHOT/hadoop-hdds-client-0.5.0-SNAPSHOT.jar:/home/user/.m2/repository/org/apache/hadoop/hadoop-ozone-common/0.5.0-SNAPSHOT/hadoop-ozone-common-0.5.0-SNAPSHOT.jar:/home/user/.m2/repository/org/apache/hadoop/hadoop-hdds-tools/0.5.0-SNAPSHOT/hadoop-hdds-tools-0.5.0-SNAPSHOT.jar:/home/user/.m2/repository/org/xerial/sqlite-jdbc/3.25.2/sqlite-jdbc-3.25.2.jar:/home/user/.m2/repository/org/apache/hadoop/hadoop-ozone-objectstore-service/0.5.0-SNAPSHOT/hadoop-ozone-objectstore-service-0.5.0-SNAPSHOT.jar:/home/user/.m2/repository/com/google/code/findbugs/findbugs/3.0.1/findbugs-3.0.1.jar:/home/user/.m2/repository/net/jcip/jcip-annotations/1.0/jcip-annotations-1.0.jar:/home/user/.m2/repository/com/google/code/findbugs/bcel-findbugs/6.0/bcel-findbugs-6.0.jar:/home/user/.m2/repository/com/google/code/findbugs/jFormatString/2.0.1/jFormatString-2.0.1.jar:/home/user/.m2/repository/dom4j/dom4j/1.6.1/dom4j-1.6.1.jar:/home/user/.m2/repository/xml-apis/xml-apis/1.0.b2/xml-apis-1.0.b2.jar:/home/user/.m2/repository/org/ow2/asm/asm-debug-all/5.0.2/asm-debug-all-5.0.2.jar:/home/user/.m2/repository/org/ow2/asm/asm-commons/5.0.2/asm-commons-5.0.2.jar:/home/user/.m2/repository/org/ow2/asm/asm-tree/5.0.2/asm-tree-5.0.2.jar:/home/user/.m2/repository/org/ow2/asm/asm/5.0.4/asm-5.0.4.jar:/home/user/.m2/repository/commons-lang/commons-lang/2.6/commons-lang-2.6.jar:/home/user/.m2/repository/com/apple/AppleJavaExtensions/1.4/AppleJavaExtensions-1.4.jar:/home/user/.m2/repository/jaxen/jaxen/1.1.6/jaxen-1.1.6.jar:/home/user/.m2/repository/org/apache/hadoop/hadoop-common/3.2.0/hadoop-common-3.2.0-tests.jar:/home/user/.m2/repository/org/apache/hadoop/hadoop-ozone-client/0.5.0-SNAPSHOT/hadoop-ozone-client-0.5.0-SNAPSHOT.jar:/home/user/.m2/repository/org/apache/hadoop/hadoop-hdfs/3.2.0/hadoop-hdfs-3.2.0-tests.jar:/workdir/hadoop-ozone/integration-test/target/test-classes:/home/user/.m2/repository/org/apache/hadoop/hadoop-ozone-s3gateway/0.5.0-SNAPSHOT/hadoop-ozone-s3gateway-0.5.0-SNAPSHOT.jar:/home/user/.m2/repository/org/jboss/weld/servlet/weld-servlet/2.4.7.Final/weld-servlet-2.4.7.Final.jar:/home/user/.m2/repository/org/glassfish/jersey/containers/jersey-container-servlet-core/2.27/jersey-container-servlet-core-2.27.jar:/home/user/.m2/repository/org/glassfish/hk2/external/javax.inject/2.5.0-b42/javax.inject-2.5.0-b42.jar:/home/user/.m2/repository/org/glassfish/jersey/core/jersey-common/2.27/jersey-common-2.27.jar:/home/user/.m2/repository/org/glassfish/hk2/osgi-resource-locator/1.0.1/osgi-resource-locator-1.0.1.jar:/home/user/.m2/repository/javax/ws/rs/javax.ws.rs-api/2.1/javax.ws.rs-api-2.1.jar:/home/user/.m2/repository/org/glassfish/jersey/ext/cdi/jersey-cdi1x/2.27/jersey-cdi1x-2.27.jar:/home/user/.m2/repository/org/glassfish/jersey/inject/jersey-hk2/2.27/jersey-hk2-2.27.jar:/home/user/.m2/repository/org/glassfish/hk2/hk2-locator/2.5.0-b42/hk2-locator-2.5.0-b42.jar:/home/user/.m2/repository/org/javassist/javassist/3.22.0-CR2/javassist-3.22.0-CR2.jar:/home/user/.m2/repository/org/glassfish/hk2/hk2-api/2.5.0/hk2-api-2.5.0.jar:/home/user/.m2/repository/org/glassfish/hk2/external/jakarta.inject/2.5.0/jakarta.inject-2.5.0.jar:/home/user/.m2/repository/org/glassfish/hk2/hk2-utils/2.5.0/hk2-utils-2.5.0.jar:/home/user/.m2/repository/jakarta/annotation/jakarta.annotation-api/1.3.4/jakarta.annotation-api-1.3.4.jar:/home/user/.m2/repository/org/glassfish/hk2/external/aopalliance-repackaged/2.5.0/aopalliance-repackaged-2.5.0.jar:/home/user/.m2/repository/com/fasterxml/jackson/dataformat/jackson-dataformat-xml/2.9.0/jackson-dataformat-xml-2.9.0.jar:/home/user/.m2/repository/com/fasterxml/jackson/module/jackson-module-jaxb-annotations/2.9.5/jackson-module-jaxb-annotations-2.9.5.jar:/home/user/.m2/repository/javax/enterprise/cdi-api/1.2/cdi-api-1.2.jar:/home/user/.m2/repository/javax/el/javax.el-api/3.0.0/javax.el-api-3.0.0.jar:/home/user/.m2/repository/javax/interceptor/javax.interceptor-api/1.2/javax.interceptor-api-1.2.jar:/home/user/.m2/repository/javax/inject/javax.inject/1/javax.inject-1.jar:/home/user/.m2/repository/com/sun/xml/bind/jaxb-core/2.3.0.1/jaxb-core-2.3.0.1.jar:/home/user/.m2/repository/javax/xml/bind/jaxb-api/2.3.0/jaxb-api-2.3.0.jar:/home/user/.m2/repository/javax/activation/activation/1.1.1/activation-1.1.1.jar:/home/user/.m2/repository/org/apache/hadoop/hadoop-ozone-csi/0.5.0-SNAPSHOT/hadoop-ozone-csi-0.5.0-SNAPSHOT.jar:/home/user/.m2/repository/com/google/protobuf/protobuf-java-util/3.5.1/protobuf-java-util-3.5.1.jar:/home/user/.m2/repository/io/grpc/grpc-netty/1.17.1/grpc-netty-1.17.1.jar:/home/user/.m2/repository/io/grpc/grpc-core/1.17.1/grpc-core-1.17.1.jar:/home/user/.m2/repository/io/grpc/grpc-context/1.17.1/grpc-context-1.17.1.jar:/home/user/.m2/repository/com/google/errorprone/error_prone_annotations/2.2.0/error_prone_annotations-2.2.0.jar:/home/user/.m2/repository/org/codehaus/mojo/animal-sniffer-annotations/1.17/animal-sniffer-annotations-1.17.jar:/home/user/.m2/repository/io/opencensus/opencensus-api/0.17.0/opencensus-api-0.17.0.jar:/home/user/.m2/repository/io/opencensus/opencensus-contrib-grpc-metrics/0.17.0/opencensus-contrib-grpc-metrics-0.17.0.jar:/home/user/.m2/repository/io/netty/netty-codec-http2/4.1.30.Final/netty-codec-http2-4.1.30.Final.jar:/home/user/.m2/repository/io/netty/netty-codec-http/4.1.30.Final/netty-codec-http-4.1.30.Final.jar:/home/user/.m2/repository/io/netty/netty-codec/4.1.30.Final/netty-codec-4.1.30.Final.jar:/home/user/.m2/repository/io/netty/netty-handler/4.1.30.Final/netty-handler-4.1.30.Final.jar:/home/user/.m2/repository/io/netty/netty-handler-proxy/4.1.30.Final/netty-handler-proxy-4.1.30.Final.jar:/home/user/.m2/repository/io/netty/netty-codec-socks/4.1.30.Final/netty-codec-socks-4.1.30.Final.jar:/home/user/.m2/repository/io/netty/netty-transport-native-epoll/4.1.30.Final/netty-transport-native-epoll-4.1.30.Final.jar:/home/user/.m2/repository/io/netty/netty-common/4.1.30.Final/netty-common-4.1.30.Final.jar:/home/user/.m2/repository/io/netty/netty-buffer/4.1.30.Final/netty-buffer-4.1.30.Final.jar:/home/user/.m2/repository/io/netty/netty-transport/4.1.30.Final/netty-transport-4.1.30.Final.jar:/home/user/.m2/repository/io/netty/netty-resolver/4.1.30.Final/netty-resolver-4.1.30.Final.jar:/home/user/.m2/repository/io/netty/netty-transport-native-unix-common/4.1.30.Final/netty-transport-native-unix-common-4.1.30.Final.jar:/home/user/.m2/repository/io/grpc/grpc-protobuf/1.17.1/grpc-protobuf-1.17.1.jar:/home/user/.m2/repository/com/google/api/grpc/proto-google-common-protos/1.0.0/proto-google-common-protos-1.0.0.jar:/home/user/.m2/repository/io/grpc/grpc-protobuf-lite/1.17.1/grpc-protobuf-lite-1.17.1.jar:/home/user/.m2/repository/io/grpc/grpc-stub/1.17.1/grpc-stub-1.17.1.jar:/home/user/.m2/repository/org/apache/hadoop/hadoop-ozone-recon/0.5.0-SNAPSHOT/hadoop-ozone-recon-0.5.0-SNAPSHOT.jar:/home/user/.m2/repository/org/apache/hadoop/hadoop-ozone-reconcodegen/0.5.0-SNAPSHOT/hadoop-ozone-reconcodegen-0.5.0-SNAPSHOT.jar:/home/user/.m2/repository/com/google/inject/extensions/guice-multibindings/4.0/guice-multibindings-4.0.jar:/home/user/.m2/repository/com/google/inject/guice/4.0/guice-4.0.jar:/home/user/.m2/repository/aopalliance/aopalliance/1.0/aopalliance-1.0.jar:/home/user/.m2/repository/org/glassfish/jersey/containers/jersey-container-servlet/2.27/jersey-container-servlet-2.27.jar:/home/user/.m2/repository/org/glassfish/hk2/guice-bridge/2.5.0/guice-bridge-2.5.0.jar:/home/user/.m2/repository/org/glassfish/jersey/core/jersey-server/2.27/jersey-server-2.27.jar:/home/user/.m2/repository/org/glassfish/jersey/core/jersey-client/2.27/jersey-client-2.27.jar:/home/user/.m2/repository/org/glassfish/jersey/media/jersey-media-jaxb/2.27/jersey-media-jaxb-2.27.jar:/home/user/.m2/repository/javax/validation/validation-api/1.1.0.Final/validation-api-1.1.0.Final.jar:/home/user/.m2/repository/org/glassfish/jersey/media/jersey-media-json-jackson/2.27/jersey-media-json-jackson-2.27.jar:/home/user/.m2/repository/org/glassfish/jersey/ext/jersey-entity-filtering/2.27/jersey-entity-filtering-2.27.jar:/home/user/.m2/repository/com/google/inject/extensions/guice-assistedinject/4.0/guice-assistedinject-4.0.jar:/home/user/.m2/repository/org/jooq/jooq/3.11.10/jooq-3.11.10.jar:/home/user/.m2/repository/org/jooq/jooq-meta/3.11.10/jooq-meta-3.11.10.jar:/home/user/.m2/repository/org/jooq/jooq-codegen/3.11.10/jooq-codegen-3.11.10.jar:/home/user/.m2/repository/com/jolbox/bonecp/0.8.0.RELEASE/bonecp-0.8.0.RELEASE.jar:/home/user/.m2/repository/org/springframework/spring-jdbc/5.1.3.RELEASE/spring-jdbc-5.1.3.RELEASE.jar:/home/user/.m2/repository/org/springframework/spring-beans/5.1.3.RELEASE/spring-beans-5.1.3.RELEASE.jar:/home/user/.m2/repository/org/springframework/spring-core/5.1.3.RELEASE/spring-core-5.1.3.RELEASE.jar:/home/user/.m2/repository/org/springframework/spring-jcl/5.1.3.RELEASE/spring-jcl-5.1.3.RELEASE.jar:/home/user/.m2/repository/org/springframework/spring-tx/5.1.3.RELEASE/spring-tx-5.1.3.RELEASE.jar:/home/user/.m2/repository/org/mockito/mockito-all/1.10.19/mockito-all-1.10.19.jar:/home/user/.m2/repository/junit/junit/4.11/junit-4.11.jar:/home/user/.m2/repository/org/hamcrest/hamcrest-core/1.3/hamcrest-core-1.3.jar:/home/user/.m2/repository/org/apache/hadoop/hadoop-distcp/3.2.0/hadoop-distcp-3.2.0.jar:/home/user/.m2/repository/org/apache/hadoop/hadoop-distcp/3.2.0/hadoop-distcp-3.2.0-tests.jar:/home/user/.m2/repository/org/apache/hadoop/hadoop-mapreduce-client-jobclient/3.2.0/hadoop-mapreduce-client-jobclient-3.2.0.jar:/home/user/.m2/repository/org/apache/hadoop/hadoop-mapreduce-client-common/3.2.0/hadoop-mapreduce-client-common-3.2.0.jar:/home/user/.m2/repository/org/apache/hadoop/hadoop-yarn-common/3.2.0/hadoop-yarn-common-3.2.0.jar:/home/user/.m2/repository/org/apache/hadoop/hadoop-yarn-api/3.2.0/hadoop-yarn-api-3.2.0.jar:/home/user/.m2/repository/com/sun/jersey/jersey-client/1.19/jersey-client-1.19.jar:/home/user/.m2/repository/com/sun/jersey/contribs/jersey-guice/1.19/jersey-guice-1.19.jar:/home/user/.m2/repository/com/fasterxml/jackson/jaxrs/jackson-jaxrs-json-provider/2.9.5/jackson-jaxrs-json-provider-2.9.5.jar:/home/user/.m2/repository/com/fasterxml/jackson/jaxrs/jackson-jaxrs-base/2.9.5/jackson-jaxrs-base-2.9.5.jar:/home/user/.m2/repository/org/apache/hadoop/hadoop-yarn-client/3.2.0/hadoop-yarn-client-3.2.0.jar:/home/user/.m2/repository/org/apache/hadoop/hadoop-mapreduce-client-core/3.2.0/hadoop-mapreduce-client-core-3.2.0.jar:/home/user/.m2/repository/com/google/inject/extensions/guice-servlet/4.0/guice-servlet-4.0.jar:/home/user/.m2/repository/org/powermock/powermock-module-junit4/1.6.5/powermock-module-junit4-1.6.5.jar:/home/user/.m2/repository/org/powermock/powermock-module-junit4-common/1.6.5/powermock-module-junit4-common-1.6.5.jar:/home/user/.m2/repository/org/powermock/powermock-core/1.6.5/powermock-core-1.6.5.jar:/home/user/.m2/repository/org/powermock/powermock-reflect/1.6.5/powermock-reflect-1.6.5.jar:/home/user/.m2/repository/org/powermock/powermock-api-mockito/1.6.5/powermock-api-mockito-1.6.5.jar:/home/user/.m2/repository/org/mockito/mockito-core/1.10.19/mockito-core-1.10.19.jar:/home/user/.m2/repository/org/objenesis/objenesis/1.0/objenesis-1.0.jar:/home/user/.m2/repository/org/powermock/powermock-api-mockito-common/1.6.5/powermock-api-mockito-common-1.6.5.jar:/home/user/.m2/repository/org/powermock/powermock-api-support/1.6.5/powermock-api-support-1.6.5.jar:"/>
    <property name="java.vm.vendor" value="IcedTea"/>
    <property name="sun.arch.data.model" value="64"/>
    <property name="test.build.dir" value="/workdir/hadoop-ozone/ozonefs/target/test-dir"/>
    <property name="test.cache.data" value=""/>
    <property name="java.vendor.url" value="https://icedtea.classpath.org"/>
    <property name="user.timezone" value=""/>
    <property name="java.vm.specification.version" value="1.8"/>
    <property name="os.name" value="Linux"/>
    <property name="test.build.data" value="/workdir/hadoop-ozone/ozonefs/target/test-dir"/>
    <property name="user.country" value="US"/>
    <property name="sun.java.launcher" value="SUN_STANDARD"/>
    <property name="sun.boot.library.path" value="/usr/lib/jvm/java-1.8-openjdk/jre/lib/amd64"/>
    <property name="sun.java.command" value="/workdir/hadoop-ozone/ozonefs/target/surefire/surefirebooter5146928191845108024.jar /workdir/hadoop-ozone/ozonefs/target/surefire 2019-08-21T06-29-40_998-jvmRun1 surefire8279641711702717146tmp surefire_1024309586119749999189tmp"/>
    <property name="test" value="!TestMiniChaosOzoneCluster"/>
    <property name="surefire.test.class.path" value="/workdir/hadoop-ozone/ozonefs/target/test-classes:/workdir/hadoop-ozone/ozonefs/target/classes:/home/user/.m2/repository/org/apache/hadoop/hadoop-common/3.2.0/hadoop-common-3.2.0.jar:/home/user/.m2/repository/org/apache/hadoop/hadoop-annotations/3.2.0/hadoop-annotations-3.2.0.jar:/usr/lib/jvm/java-1.8-openjdk/jre/../lib/tools.jar:/home/user/.m2/repository/com/google/guava/guava/11.0.2/guava-11.0.2.jar:/home/user/.m2/repository/commons-cli/commons-cli/1.2/commons-cli-1.2.jar:/home/user/.m2/repository/org/apache/commons/commons-math3/3.1.1/commons-math3-3.1.1.jar:/home/user/.m2/repository/org/apache/httpcomponents/httpclient/4.5.2/httpclient-4.5.2.jar:/home/user/.m2/repository/org/apache/httpcomponents/httpcore/4.4.4/httpcore-4.4.4.jar:/home/user/.m2/repository/commons-codec/commons-codec/1.11/commons-codec-1.11.jar:/home/user/.m2/repository/commons-io/commons-io/2.5/commons-io-2.5.jar:/home/user/.m2/repository/commons-net/commons-net/3.6/commons-net-3.6.jar:/home/user/.m2/repository/commons-collections/commons-collections/3.2.2/commons-collections-3.2.2.jar:/home/user/.m2/repository/javax/servlet/javax.servlet-api/3.1.0/javax.servlet-api-3.1.0.jar:/home/user/.m2/repository/org/eclipse/jetty/jetty-server/9.3.24.v20180605/jetty-server-9.3.24.v20180605.jar:/home/user/.m2/repository/org/eclipse/jetty/jetty-http/9.3.24.v20180605/jetty-http-9.3.24.v20180605.jar:/home/user/.m2/repository/org/eclipse/jetty/jetty-io/9.3.24.v20180605/jetty-io-9.3.24.v20180605.jar:/home/user/.m2/repository/org/eclipse/jetty/jetty-util/9.3.24.v20180605/jetty-util-9.3.24.v20180605.jar:/home/user/.m2/repository/org/eclipse/jetty/jetty-servlet/9.3.24.v20180605/jetty-servlet-9.3.24.v20180605.jar:/home/user/.m2/repository/org/eclipse/jetty/jetty-security/9.3.24.v20180605/jetty-security-9.3.24.v20180605.jar:/home/user/.m2/repository/org/eclipse/jetty/jetty-webapp/9.3.24.v20180605/jetty-webapp-9.3.24.v20180605.jar:/home/user/.m2/repository/org/eclipse/jetty/jetty-xml/9.3.24.v20180605/jetty-xml-9.3.24.v20180605.jar:/home/user/.m2/repository/javax/servlet/jsp/jsp-api/2.1/jsp-api-2.1.jar:/home/user/.m2/repository/com/sun/jersey/jersey-core/1.19/jersey-core-1.19.jar:/home/user/.m2/repository/javax/ws/rs/jsr311-api/1.1.1/jsr311-api-1.1.1.jar:/home/user/.m2/repository/com/sun/jersey/jersey-servlet/1.19/jersey-servlet-1.19.jar:/home/user/.m2/repository/com/sun/jersey/jersey-json/1.19/jersey-json-1.19.jar:/home/user/.m2/repository/org/codehaus/jettison/jettison/1.1/jettison-1.1.jar:/home/user/.m2/repository/com/sun/xml/bind/jaxb-impl/2.3.0.1/jaxb-impl-2.3.0.1.jar:/home/user/.m2/repository/org/codehaus/jackson/jackson-core-asl/1.9.13/jackson-core-asl-1.9.13.jar:/home/user/.m2/repository/org/codehaus/jackson/jackson-mapper-asl/1.9.13/jackson-mapper-asl-1.9.13.jar:/home/user/.m2/repository/org/codehaus/jackson/jackson-jaxrs/1.9.13/jackson-jaxrs-1.9.13.jar:/home/user/.m2/repository/org/codehaus/jackson/jackson-xc/1.9.13/jackson-xc-1.9.13.jar:/home/user/.m2/repository/com/sun/jersey/jersey-server/1.19/jersey-server-1.19.jar:/home/user/.m2/repository/commons-logging/commons-logging/1.1.3/commons-logging-1.1.3.jar:/home/user/.m2/repository/log4j/log4j/1.2.17/log4j-1.2.17.jar:/home/user/.m2/repository/commons-beanutils/commons-beanutils/1.9.3/commons-beanutils-1.9.3.jar:/home/user/.m2/repository/org/apache/commons/commons-configuration2/2.1.1/commons-configuration2-2.1.1.jar:/home/user/.m2/repository/org/apache/commons/commons-lang3/3.7/commons-lang3-3.7.jar:/home/user/.m2/repository/org/apache/commons/commons-text/1.4/commons-text-1.4.jar:/home/user/.m2/repository/org/slf4j/slf4j-api/1.7.25/slf4j-api-1.7.25.jar:/home/user/.m2/repository/org/slf4j/slf4j-log4j12/1.7.25/slf4j-log4j12-1.7.25.jar:/home/user/.m2/repository/org/apache/avro/avro/1.7.7/avro-1.7.7.jar:/home/user/.m2/repository/com/thoughtworks/paranamer/paranamer/2.3/paranamer-2.3.jar:/home/user/.m2/repository/org/xerial/snappy/snappy-java/1.0.5/snappy-java-1.0.5.jar:/home/user/.m2/repository/com/google/re2j/re2j/1.1/re2j-1.1.jar:/home/user/.m2/repository/com/google/protobuf/protobuf-java/2.5.0/protobuf-java-2.5.0.jar:/home/user/.m2/repository/com/google/code/gson/gson/2.2.4/gson-2.2.4.jar:/home/user/.m2/repository/org/apache/hadoop/hadoop-auth/3.2.0/hadoop-auth-3.2.0.jar:/home/user/.m2/repository/com/nimbusds/nimbus-jose-jwt/4.41.1/nimbus-jose-jwt-4.41.1.jar:/home/user/.m2/repository/com/github/stephenc/jcip/jcip-annotations/1.0-1/jcip-annotations-1.0-1.jar:/home/user/.m2/repository/net/minidev/json-smart/2.3/json-smart-2.3.jar:/home/user/.m2/repository/net/minidev/accessors-smart/1.2/accessors-smart-1.2.jar:/home/user/.m2/repository/org/apache/curator/curator-framework/2.12.0/curator-framework-2.12.0.jar:/home/user/.m2/repository/com/jcraft/jsch/0.1.54/jsch-0.1.54.jar:/home/user/.m2/repository/org/apache/curator/curator-client/2.12.0/curator-client-2.12.0.jar:/home/user/.m2/repository/org/apache/curator/curator-recipes/2.12.0/curator-recipes-2.12.0.jar:/home/user/.m2/repository/com/google/code/findbugs/jsr305/3.0.0/jsr305-3.0.0.jar:/home/user/.m2/repository/org/apache/htrace/htrace-core4/4.1.0-incubating/htrace-core4-4.1.0-incubating.jar:/home/user/.m2/repository/org/apache/zookeeper/zookeeper/3.4.13/zookeeper-3.4.13.jar:/home/user/.m2/repository/org/apache/yetus/audience-annotations/0.5.0/audience-annotations-0.5.0.jar:/home/user/.m2/repository/org/apache/commons/commons-compress/1.4.1/commons-compress-1.4.1.jar:/home/user/.m2/repository/org/tukaani/xz/1.0/xz-1.0.jar:/home/user/.m2/repository/org/apache/kerby/kerb-simplekdc/1.0.1/kerb-simplekdc-1.0.1.jar:/home/user/.m2/repository/org/apache/kerby/kerb-client/1.0.1/kerb-client-1.0.1.jar:/home/user/.m2/repository/org/apache/kerby/kerby-config/1.0.1/kerby-config-1.0.1.jar:/home/user/.m2/repository/org/apache/kerby/kerb-core/1.0.1/kerb-core-1.0.1.jar:/home/user/.m2/repository/org/apache/kerby/kerby-pkix/1.0.1/kerby-pkix-1.0.1.jar:/home/user/.m2/repository/org/apache/kerby/kerby-asn1/1.0.1/kerby-asn1-1.0.1.jar:/home/user/.m2/repository/org/apache/kerby/kerby-util/1.0.1/kerby-util-1.0.1.jar:/home/user/.m2/repository/org/apache/kerby/kerb-common/1.0.1/kerb-common-1.0.1.jar:/home/user/.m2/repository/org/apache/kerby/kerb-crypto/1.0.1/kerb-crypto-1.0.1.jar:/home/user/.m2/repository/org/apache/kerby/kerb-util/1.0.1/kerb-util-1.0.1.jar:/home/user/.m2/repository/org/apache/kerby/token-provider/1.0.1/token-provider-1.0.1.jar:/home/user/.m2/repository/org/apache/kerby/kerb-admin/1.0.1/kerb-admin-1.0.1.jar:/home/user/.m2/repository/org/apache/kerby/kerb-server/1.0.1/kerb-server-1.0.1.jar:/home/user/.m2/repository/org/apache/kerby/kerb-identity/1.0.1/kerb-identity-1.0.1.jar:/home/user/.m2/repository/org/apache/kerby/kerby-xdr/1.0.1/kerby-xdr-1.0.1.jar:/home/user/.m2/repository/com/fasterxml/jackson/core/jackson-databind/2.9.5/jackson-databind-2.9.5.jar:/home/user/.m2/repository/com/fasterxml/jackson/core/jackson-annotations/2.9.5/jackson-annotations-2.9.5.jar:/home/user/.m2/repository/com/fasterxml/jackson/core/jackson-core/2.9.5/jackson-core-2.9.5.jar:/home/user/.m2/repository/org/codehaus/woodstox/stax2-api/3.1.4/stax2-api-3.1.4.jar:/home/user/.m2/repository/com/fasterxml/woodstox/woodstox-core/5.0.3/woodstox-core-5.0.3.jar:/home/user/.m2/repository/dnsjava/dnsjava/2.1.7/dnsjava-2.1.7.jar:/home/user/.m2/repository/org/apache/hadoop/hadoop-hdfs/3.2.0/hadoop-hdfs-3.2.0.jar:/home/user/.m2/repository/org/eclipse/jetty/jetty-util-ajax/9.3.24.v20180605/jetty-util-ajax-9.3.24.v20180605.jar:/home/user/.m2/repository/commons-daemon/commons-daemon/1.0.13/commons-daemon-1.0.13.jar:/home/user/.m2/repository/io/netty/netty/3.10.5.Final/netty-3.10.5.Final.jar:/home/user/.m2/repository/io/netty/netty-all/4.0.52.Final/netty-all-4.0.52.Final.jar:/home/user/.m2/repository/org/fusesource/leveldbjni/leveldbjni-all/1.8/leveldbjni-all-1.8.jar:/home/user/.m2/repository/org/apache/hadoop/hadoop-hdds-common/0.5.0-SNAPSHOT/hadoop-hdds-common-0.5.0-SNAPSHOT.jar:/home/user/.m2/repository/org/apache/hadoop/hadoop-hdds-config/0.5.0-SNAPSHOT/hadoop-hdds-config-0.5.0-SNAPSHOT.jar:/home/user/.m2/repository/javax/annotation/javax.annotation-api/1.2/javax.annotation-api-1.2.jar:/home/user/.m2/repository/org/apache/ratis/ratis-server/0.4.0-2337318-SNAPSHOT/ratis-server-0.4.0-2337318-SNAPSHOT.jar:/home/user/.m2/repository/org/apache/ratis/ratis-thirdparty-misc/0.2.0/ratis-thirdparty-misc-0.2.0.jar:/home/user/.m2/repository/org/apache/ratis/ratis-proto/0.4.0-2337318-SNAPSHOT/ratis-proto-0.4.0-2337318-SNAPSHOT.jar:/home/user/.m2/repository/org/apache/ratis/ratis-common/0.4.0-2337318-SNAPSHOT/ratis-common-0.4.0-2337318-SNAPSHOT.jar:/home/user/.m2/repository/org/apache/ratis/ratis-client/0.4.0-2337318-SNAPSHOT/ratis-client-0.4.0-2337318-SNAPSHOT.jar:/home/user/.m2/repository/org/apache/ratis/ratis-metrics/0.4.0-2337318-SNAPSHOT/ratis-metrics-0.4.0-2337318-SNAPSHOT.jar:/home/user/.m2/repository/org/apache/ratis/ratis-netty/0.4.0-2337318-SNAPSHOT/ratis-netty-0.4.0-2337318-SNAPSHOT.jar:/home/user/.m2/repository/org/apache/ratis/ratis-grpc/0.4.0-2337318-SNAPSHOT/ratis-grpc-0.4.0-2337318-SNAPSHOT.jar:/home/user/.m2/repository/org/rocksdb/rocksdbjni/6.0.1/rocksdbjni-6.0.1.jar:/home/user/.m2/repository/org/apache/logging/log4j/log4j-api/2.11.0/log4j-api-2.11.0.jar:/home/user/.m2/repository/org/apache/logging/log4j/log4j-core/2.11.0/log4j-core-2.11.0.jar:/home/user/.m2/repository/com/lmax/disruptor/3.4.2/disruptor-3.4.2.jar:/home/user/.m2/repository/org/apache/commons/commons-pool2/2.6.0/commons-pool2-2.6.0.jar:/home/user/.m2/repository/org/bouncycastle/bcpkix-jdk15on/1.60/bcpkix-jdk15on-1.60.jar:/home/user/.m2/repository/commons-validator/commons-validator/1.6/commons-validator-1.6.jar:/home/user/.m2/repository/commons-digester/commons-digester/1.8.1/commons-digester-1.8.1.jar:/home/user/.m2/repository/io/jaegertracing/jaeger-client/0.33.1/jaeger-client-0.33.1.jar:/home/user/.m2/repository/io/jaegertracing/jaeger-thrift/0.33.1/jaeger-thrift-0.33.1.jar:/home/user/.m2/repository/org/apache/thrift/libthrift/0.11.0/libthrift-0.11.0.jar:/home/user/.m2/repository/com/squareup/okhttp3/okhttp/3.9.0/okhttp-3.9.0.jar:/home/user/.m2/repository/com/squareup/okio/okio/1.13.0/okio-1.13.0.jar:/home/user/.m2/repository/io/jaegertracing/jaeger-core/0.33.1/jaeger-core-0.33.1.jar:/home/user/.m2/repository/io/jaegertracing/jaeger-tracerresolver/0.33.1/jaeger-tracerresolver-0.33.1.jar:/home/user/.m2/repository/io/opentracing/contrib/opentracing-tracerresolver/0.1.5/opentracing-tracerresolver-0.1.5.jar:/home/user/.m2/repository/io/opentracing/opentracing-util/0.31.0/opentracing-util-0.31.0.jar:/home/user/.m2/repository/io/opentracing/opentracing-api/0.31.0/opentracing-api-0.31.0.jar:/home/user/.m2/repository/io/opentracing/opentracing-noop/0.31.0/opentracing-noop-0.31.0.jar:/home/user/.m2/repository/org/yaml/snakeyaml/1.16/snakeyaml-1.16.jar:/home/user/.m2/repository/org/apache/hadoop/hadoop-hdfs-client/3.2.0/hadoop-hdfs-client-3.2.0.jar:/home/user/.m2/repository/info/picocli/picocli/3.9.6/picocli-3.9.6.jar:/home/user/.m2/repository/org/apache/hadoop/hadoop-hdds-server-scm/0.5.0-SNAPSHOT/hadoop-hdds-server-scm-0.5.0-SNAPSHOT.jar:/home/user/.m2/repository/org/apache/hadoop/hadoop-hdds-docs/0.5.0-SNAPSHOT/hadoop-hdds-docs-0.5.0-SNAPSHOT.jar:/home/user/.m2/repository/io/dropwizard/metrics/metrics-core/3.2.4/metrics-core-3.2.4.jar:/home/user/.m2/repository/org/hamcrest/hamcrest-all/1.3/hamcrest-all-1.3.jar:/home/user/.m2/repository/org/bouncycastle/bcprov-jdk15on/1.60/bcprov-jdk15on-1.60.jar:/home/user/.m2/repository/org/apache/hadoop/hadoop-hdds-server-framework/0.5.0-SNAPSHOT/hadoop-hdds-server-framework-0.5.0-SNAPSHOT.jar:/home/user/.m2/repository/org/apache/hadoop/hadoop-ozone-ozone-manager/0.5.0-SNAPSHOT/hadoop-ozone-ozone-manager-0.5.0-SNAPSHOT.jar:/home/user/.m2/repository/org/apache/hadoop/hadoop-hdds-container-service/0.5.0-SNAPSHOT/hadoop-hdds-container-service-0.5.0-SNAPSHOT.jar:/home/user/.m2/repository/org/apache/hadoop/hadoop-hdds-client/0.5.0-SNAPSHOT/hadoop-hdds-client-0.5.0-SNAPSHOT.jar:/home/user/.m2/repository/org/apache/hadoop/hadoop-ozone-common/0.5.0-SNAPSHOT/hadoop-ozone-common-0.5.0-SNAPSHOT.jar:/home/user/.m2/repository/org/apache/hadoop/hadoop-hdds-tools/0.5.0-SNAPSHOT/hadoop-hdds-tools-0.5.0-SNAPSHOT.jar:/home/user/.m2/repository/org/xerial/sqlite-jdbc/3.25.2/sqlite-jdbc-3.25.2.jar:/home/user/.m2/repository/org/apache/hadoop/hadoop-ozone-objectstore-service/0.5.0-SNAPSHOT/hadoop-ozone-objectstore-service-0.5.0-SNAPSHOT.jar:/home/user/.m2/repository/com/google/code/findbugs/findbugs/3.0.1/findbugs-3.0.1.jar:/home/user/.m2/repository/net/jcip/jcip-annotations/1.0/jcip-annotations-1.0.jar:/home/user/.m2/repository/com/google/code/findbugs/bcel-findbugs/6.0/bcel-findbugs-6.0.jar:/home/user/.m2/repository/com/google/code/findbugs/jFormatString/2.0.1/jFormatString-2.0.1.jar:/home/user/.m2/repository/dom4j/dom4j/1.6.1/dom4j-1.6.1.jar:/home/user/.m2/repository/xml-apis/xml-apis/1.0.b2/xml-apis-1.0.b2.jar:/home/user/.m2/repository/org/ow2/asm/asm-debug-all/5.0.2/asm-debug-all-5.0.2.jar:/home/user/.m2/repository/org/ow2/asm/asm-commons/5.0.2/asm-commons-5.0.2.jar:/home/user/.m2/repository/org/ow2/asm/asm-tree/5.0.2/asm-tree-5.0.2.jar:/home/user/.m2/repository/org/ow2/asm/asm/5.0.4/asm-5.0.4.jar:/home/user/.m2/repository/commons-lang/commons-lang/2.6/commons-lang-2.6.jar:/home/user/.m2/repository/com/apple/AppleJavaExtensions/1.4/AppleJavaExtensions-1.4.jar:/home/user/.m2/repository/jaxen/jaxen/1.1.6/jaxen-1.1.6.jar:/home/user/.m2/repository/org/apache/hadoop/hadoop-common/3.2.0/hadoop-common-3.2.0-tests.jar:/home/user/.m2/repository/org/apache/hadoop/hadoop-ozone-client/0.5.0-SNAPSHOT/hadoop-ozone-client-0.5.0-SNAPSHOT.jar:/home/user/.m2/repository/org/apache/hadoop/hadoop-hdfs/3.2.0/hadoop-hdfs-3.2.0-tests.jar:/workdir/hadoop-ozone/integration-test/target/test-classes:/home/user/.m2/repository/org/apache/hadoop/hadoop-ozone-s3gateway/0.5.0-SNAPSHOT/hadoop-ozone-s3gateway-0.5.0-SNAPSHOT.jar:/home/user/.m2/repository/org/jboss/weld/servlet/weld-servlet/2.4.7.Final/weld-servlet-2.4.7.Final.jar:/home/user/.m2/repository/org/glassfish/jersey/containers/jersey-container-servlet-core/2.27/jersey-container-servlet-core-2.27.jar:/home/user/.m2/repository/org/glassfish/hk2/external/javax.inject/2.5.0-b42/javax.inject-2.5.0-b42.jar:/home/user/.m2/repository/org/glassfish/jersey/core/jersey-common/2.27/jersey-common-2.27.jar:/home/user/.m2/repository/org/glassfish/hk2/osgi-resource-locator/1.0.1/osgi-resource-locator-1.0.1.jar:/home/user/.m2/repository/javax/ws/rs/javax.ws.rs-api/2.1/javax.ws.rs-api-2.1.jar:/home/user/.m2/repository/org/glassfish/jersey/ext/cdi/jersey-cdi1x/2.27/jersey-cdi1x-2.27.jar:/home/user/.m2/repository/org/glassfish/jersey/inject/jersey-hk2/2.27/jersey-hk2-2.27.jar:/home/user/.m2/repository/org/glassfish/hk2/hk2-locator/2.5.0-b42/hk2-locator-2.5.0-b42.jar:/home/user/.m2/repository/org/javassist/javassist/3.22.0-CR2/javassist-3.22.0-CR2.jar:/home/user/.m2/repository/org/glassfish/hk2/hk2-api/2.5.0/hk2-api-2.5.0.jar:/home/user/.m2/repository/org/glassfish/hk2/external/jakarta.inject/2.5.0/jakarta.inject-2.5.0.jar:/home/user/.m2/repository/org/glassfish/hk2/hk2-utils/2.5.0/hk2-utils-2.5.0.jar:/home/user/.m2/repository/jakarta/annotation/jakarta.annotation-api/1.3.4/jakarta.annotation-api-1.3.4.jar:/home/user/.m2/repository/org/glassfish/hk2/external/aopalliance-repackaged/2.5.0/aopalliance-repackaged-2.5.0.jar:/home/user/.m2/repository/com/fasterxml/jackson/dataformat/jackson-dataformat-xml/2.9.0/jackson-dataformat-xml-2.9.0.jar:/home/user/.m2/repository/com/fasterxml/jackson/module/jackson-module-jaxb-annotations/2.9.5/jackson-module-jaxb-annotations-2.9.5.jar:/home/user/.m2/repository/javax/enterprise/cdi-api/1.2/cdi-api-1.2.jar:/home/user/.m2/repository/javax/el/javax.el-api/3.0.0/javax.el-api-3.0.0.jar:/home/user/.m2/repository/javax/interceptor/javax.interceptor-api/1.2/javax.interceptor-api-1.2.jar:/home/user/.m2/repository/javax/inject/javax.inject/1/javax.inject-1.jar:/home/user/.m2/repository/com/sun/xml/bind/jaxb-core/2.3.0.1/jaxb-core-2.3.0.1.jar:/home/user/.m2/repository/javax/xml/bind/jaxb-api/2.3.0/jaxb-api-2.3.0.jar:/home/user/.m2/repository/javax/activation/activation/1.1.1/activation-1.1.1.jar:/home/user/.m2/repository/org/apache/hadoop/hadoop-ozone-csi/0.5.0-SNAPSHOT/hadoop-ozone-csi-0.5.0-SNAPSHOT.jar:/home/user/.m2/repository/com/google/protobuf/protobuf-java-util/3.5.1/protobuf-java-util-3.5.1.jar:/home/user/.m2/repository/io/grpc/grpc-netty/1.17.1/grpc-netty-1.17.1.jar:/home/user/.m2/repository/io/grpc/grpc-core/1.17.1/grpc-core-1.17.1.jar:/home/user/.m2/repository/io/grpc/grpc-context/1.17.1/grpc-context-1.17.1.jar:/home/user/.m2/repository/com/google/errorprone/error_prone_annotations/2.2.0/error_prone_annotations-2.2.0.jar:/home/user/.m2/repository/org/codehaus/mojo/animal-sniffer-annotations/1.17/animal-sniffer-annotations-1.17.jar:/home/user/.m2/repository/io/opencensus/opencensus-api/0.17.0/opencensus-api-0.17.0.jar:/home/user/.m2/repository/io/opencensus/opencensus-contrib-grpc-metrics/0.17.0/opencensus-contrib-grpc-metrics-0.17.0.jar:/home/user/.m2/repository/io/netty/netty-codec-http2/4.1.30.Final/netty-codec-http2-4.1.30.Final.jar:/home/user/.m2/repository/io/netty/netty-codec-http/4.1.30.Final/netty-codec-http-4.1.30.Final.jar:/home/user/.m2/repository/io/netty/netty-codec/4.1.30.Final/netty-codec-4.1.30.Final.jar:/home/user/.m2/repository/io/netty/netty-handler/4.1.30.Final/netty-handler-4.1.30.Final.jar:/home/user/.m2/repository/io/netty/netty-handler-proxy/4.1.30.Final/netty-handler-proxy-4.1.30.Final.jar:/home/user/.m2/repository/io/netty/netty-codec-socks/4.1.30.Final/netty-codec-socks-4.1.30.Final.jar:/home/user/.m2/repository/io/netty/netty-transport-native-epoll/4.1.30.Final/netty-transport-native-epoll-4.1.30.Final.jar:/home/user/.m2/repository/io/netty/netty-common/4.1.30.Final/netty-common-4.1.30.Final.jar:/home/user/.m2/repository/io/netty/netty-buffer/4.1.30.Final/netty-buffer-4.1.30.Final.jar:/home/user/.m2/repository/io/netty/netty-transport/4.1.30.Final/netty-transport-4.1.30.Final.jar:/home/user/.m2/repository/io/netty/netty-resolver/4.1.30.Final/netty-resolver-4.1.30.Final.jar:/home/user/.m2/repository/io/netty/netty-transport-native-unix-common/4.1.30.Final/netty-transport-native-unix-common-4.1.30.Final.jar:/home/user/.m2/repository/io/grpc/grpc-protobuf/1.17.1/grpc-protobuf-1.17.1.jar:/home/user/.m2/repository/com/google/api/grpc/proto-google-common-protos/1.0.0/proto-google-common-protos-1.0.0.jar:/home/user/.m2/repository/io/grpc/grpc-protobuf-lite/1.17.1/grpc-protobuf-lite-1.17.1.jar:/home/user/.m2/repository/io/grpc/grpc-stub/1.17.1/grpc-stub-1.17.1.jar:/home/user/.m2/repository/org/apache/hadoop/hadoop-ozone-recon/0.5.0-SNAPSHOT/hadoop-ozone-recon-0.5.0-SNAPSHOT.jar:/home/user/.m2/repository/org/apache/hadoop/hadoop-ozone-reconcodegen/0.5.0-SNAPSHOT/hadoop-ozone-reconcodegen-0.5.0-SNAPSHOT.jar:/home/user/.m2/repository/com/google/inject/extensions/guice-multibindings/4.0/guice-multibindings-4.0.jar:/home/user/.m2/repository/com/google/inject/guice/4.0/guice-4.0.jar:/home/user/.m2/repository/aopalliance/aopalliance/1.0/aopalliance-1.0.jar:/home/user/.m2/repository/org/glassfish/jersey/containers/jersey-container-servlet/2.27/jersey-container-servlet-2.27.jar:/home/user/.m2/repository/org/glassfish/hk2/guice-bridge/2.5.0/guice-bridge-2.5.0.jar:/home/user/.m2/repository/org/glassfish/jersey/core/jersey-server/2.27/jersey-server-2.27.jar:/home/user/.m2/repository/org/glassfish/jersey/core/jersey-client/2.27/jersey-client-2.27.jar:/home/user/.m2/repository/org/glassfish/jersey/media/jersey-media-jaxb/2.27/jersey-media-jaxb-2.27.jar:/home/user/.m2/repository/javax/validation/validation-api/1.1.0.Final/validation-api-1.1.0.Final.jar:/home/user/.m2/repository/org/glassfish/jersey/media/jersey-media-json-jackson/2.27/jersey-media-json-jackson-2.27.jar:/home/user/.m2/repository/org/glassfish/jersey/ext/jersey-entity-filtering/2.27/jersey-entity-filtering-2.27.jar:/home/user/.m2/repository/com/google/inject/extensions/guice-assistedinject/4.0/guice-assistedinject-4.0.jar:/home/user/.m2/repository/org/jooq/jooq/3.11.10/jooq-3.11.10.jar:/home/user/.m2/repository/org/jooq/jooq-meta/3.11.10/jooq-meta-3.11.10.jar:/home/user/.m2/repository/org/jooq/jooq-codegen/3.11.10/jooq-codegen-3.11.10.jar:/home/user/.m2/repository/com/jolbox/bonecp/0.8.0.RELEASE/bonecp-0.8.0.RELEASE.jar:/home/user/.m2/repository/org/springframework/spring-jdbc/5.1.3.RELEASE/spring-jdbc-5.1.3.RELEASE.jar:/home/user/.m2/repository/org/springframework/spring-beans/5.1.3.RELEASE/spring-beans-5.1.3.RELEASE.jar:/home/user/.m2/repository/org/springframework/spring-core/5.1.3.RELEASE/spring-core-5.1.3.RELEASE.jar:/home/user/.m2/repository/org/springframework/spring-jcl/5.1.3.RELEASE/spring-jcl-5.1.3.RELEASE.jar:/home/user/.m2/repository/org/springframework/spring-tx/5.1.3.RELEASE/spring-tx-5.1.3.RELEASE.jar:/home/user/.m2/repository/org/mockito/mockito-all/1.10.19/mockito-all-1.10.19.jar:/home/user/.m2/repository/junit/junit/4.11/junit-4.11.jar:/home/user/.m2/repository/org/hamcrest/hamcrest-core/1.3/hamcrest-core-1.3.jar:/home/user/.m2/repository/org/apache/hadoop/hadoop-distcp/3.2.0/hadoop-distcp-3.2.0.jar:/home/user/.m2/repository/org/apache/hadoop/hadoop-distcp/3.2.0/hadoop-distcp-3.2.0-tests.jar:/home/user/.m2/repository/org/apache/hadoop/hadoop-mapreduce-client-jobclient/3.2.0/hadoop-mapreduce-client-jobclient-3.2.0.jar:/home/user/.m2/repository/org/apache/hadoop/hadoop-mapreduce-client-common/3.2.0/hadoop-mapreduce-client-common-3.2.0.jar:/home/user/.m2/repository/org/apache/hadoop/hadoop-yarn-common/3.2.0/hadoop-yarn-common-3.2.0.jar:/home/user/.m2/repository/org/apache/hadoop/hadoop-yarn-api/3.2.0/hadoop-yarn-api-3.2.0.jar:/home/user/.m2/repository/com/sun/jersey/jersey-client/1.19/jersey-client-1.19.jar:/home/user/.m2/repository/com/sun/jersey/contribs/jersey-guice/1.19/jersey-guice-1.19.jar:/home/user/.m2/repository/com/fasterxml/jackson/jaxrs/jackson-jaxrs-json-provider/2.9.5/jackson-jaxrs-json-provider-2.9.5.jar:/home/user/.m2/repository/com/fasterxml/jackson/jaxrs/jackson-jaxrs-base/2.9.5/jackson-jaxrs-base-2.9.5.jar:/home/user/.m2/repository/org/apache/hadoop/hadoop-yarn-client/3.2.0/hadoop-yarn-client-3.2.0.jar:/home/user/.m2/repository/org/apache/hadoop/hadoop-mapreduce-client-core/3.2.0/hadoop-mapreduce-client-core-3.2.0.jar:/home/user/.m2/repository/com/google/inject/extensions/guice-servlet/4.0/guice-servlet-4.0.jar:/home/user/.m2/repository/org/powermock/powermock-module-junit4/1.6.5/powermock-module-junit4-1.6.5.jar:/home/user/.m2/repository/org/powermock/powermock-module-junit4-common/1.6.5/powermock-module-junit4-common-1.6.5.jar:/home/user/.m2/repository/org/powermock/powermock-core/1.6.5/powermock-core-1.6.5.jar:/home/user/.m2/repository/org/powermock/powermock-reflect/1.6.5/powermock-reflect-1.6.5.jar:/home/user/.m2/repository/org/powermock/powermock-api-mockito/1.6.5/powermock-api-mockito-1.6.5.jar:/home/user/.m2/repository/org/mockito/mockito-core/1.10.19/mockito-core-1.10.19.jar:/home/user/.m2/repository/org/objenesis/objenesis/1.0/objenesis-1.0.jar:/home/user/.m2/repository/org/powermock/powermock-api-mockito-common/1.6.5/powermock-api-mockito-common-1.6.5.jar:/home/user/.m2/repository/org/powermock/powermock-api-support/1.6.5/powermock-api-support-1.6.5.jar:"/>
    <property name="sun.cpu.endian" value="little"/>
    <property name="user.home" value="/home/user"/>
    <property name="user.language" value="en"/>
    <property name="java.specification.vendor" value="Oracle Corporation"/>
    <property name="java.home" value="/usr/lib/jvm/java-1.8-openjdk/jre"/>
    <property name="java.security.krb5.conf" value="/workdir/hadoop-ozone/ozonefs/target/test-classes/krb5.conf"/>
    <property name="basedir" value="/workdir/hadoop-ozone/ozonefs"/>
    <property name="file.separator" value="/"/>
    <property name="line.separator" value="&#10;"/>
    <property name="java.vm.specification.vendor" value="Oracle Corporation"/>
    <property name="java.specification.name" value="Java Platform API Specification"/>
    <property name="java.awt.graphicsenv" value="sun.awt.X11GraphicsEnvironment"/>
    <property name="surefire.real.class.path" value="/workdir/hadoop-ozone/ozonefs/target/surefire/surefirebooter5146928191845108024.jar"/>
    <property name="hadoop.log.dir" value="/workdir/hadoop-ozone/ozonefs/target/log"/>
    <property name="sun.boot.class.path" value="/usr/lib/jvm/java-1.8-openjdk/jre/lib/resources.jar:/usr/lib/jvm/java-1.8-openjdk/jre/lib/rt.jar:/usr/lib/jvm/java-1.8-openjdk/jre/lib/sunrsasign.jar:/usr/lib/jvm/java-1.8-openjdk/jre/lib/jsse.jar:/usr/lib/jvm/java-1.8-openjdk/jre/lib/jce.jar:/usr/lib/jvm/java-1.8-openjdk/jre/lib/charsets.jar:/usr/lib/jvm/java-1.8-openjdk/jre/lib/jfr.jar:/usr/lib/jvm/java-1.8-openjdk/jre/classes"/>
    <property name="sun.management.compiler" value="HotSpot 64-Bit Tiered Compilers"/>
    <property name="java.runtime.version" value="1.8.0_212-b04"/>
    <property name="java.net.preferIPv4Stack" value="true"/>
    <property name="user.name" value="jenkins1000"/>
    <property name="path.separator" value=":"/>
    <property name="java.security.egd" value="file:///dev/urandom"/>
    <property name="os.version" value="3.10.0-957.12.2.el7.x86_64"/>
    <property name="java.endorsed.dirs" value="/usr/lib/jvm/java-1.8-openjdk/jre/lib/endorsed"/>
    <property name="java.runtime.name" value="OpenJDK Runtime Environment"/>
    <property name="file.encoding" value="UTF-8"/>
    <property name="java.vm.name" value="OpenJDK 64-Bit Server VM"/>
    <property name="test.build.webapps" value=""/>
    <property name="localRepository" value="/home/user/.m2/repository"/>
    <property name="java.vendor.url.bug" value="https://icedtea.classpath.org/bugzilla"/>
    <property name="java.io.tmpdir" value="/tmp"/>
    <property name="require.test.libhadoop" value=""/>
    <property name="java.version" value="1.8.0_212"/>
    <property name="user.dir" value="/workdir/hadoop-ozone/ozonefs"/>
    <property name="os.arch" value="amd64"/>
    <property name="java.vm.specification.name" value="Java Virtual Machine Specification"/>
    <property name="test.build.classes" value="/workdir/hadoop-ozone/ozonefs/target/test-classes"/>
    <property name="java.awt.printerjob" value="sun.print.PSPrinterJob"/>
    <property name="sun.os.patch.level" value="unknown"/>
    <property name="hadoop.tmp.dir" value="/workdir/hadoop-ozone/ozonefs/target/tmp"/>
    <property name="java.library.path" value="/usr/lib/jvm/java-1.8-openjdk/jre/lib/amd64/server:/usr/lib/jvm/java-1.8-openjdk/jre/lib/amd64:/usr/lib/jvm/java-1.8-openjdk/jre/../lib/amd64:/workdir/hadoop-ozone/ozonefs/target/native/target/usr/local/lib:/workdir/hadoop-ozone/ozonefs/../../hadoop-common-project/hadoop-common/target/native/target/usr/local/lib:/usr/java/packages/lib/amd64:/usr/lib64:/lib64:/lib:/usr/lib"/>
    <property name="java.vm.info" value="mixed mode"/>
    <property name="java.vendor" value="IcedTea"/>
    <property name="java.vm.version" value="25.212-b04"/>
    <property name="java.ext.dirs" value="/usr/lib/jvm/java-1.8-openjdk/jre/lib/ext:/usr/java/packages/lib/ext"/>
    <property name="sun.io.unicode.encoding" value="UnicodeLittle"/>
    <property name="java.class.version" value="52.0"/>
  </properties>
  <testcase name="testOverwriteNonEmptyDirectory" classname="org.apache.hadoop.fs.ozone.contract.ITestOzoneContractCreate" time="13.12">
    <error message="Allocated 0 blocks. Requested 1 blocks" type="INTERNAL_ERROR org.apache.hadoop.ozone.om.exceptions.OMException">INTERNAL_ERROR org.apache.hadoop.ozone.om.exceptions.OMException: Allocated 0 blocks. Requested 1 blocks
	at org.apache.hadoop.ozone.om.protocolPB.OzoneManagerProtocolClientSideTranslatorPB.handleError(OzoneManagerProtocolClientSideTranslatorPB.java:725)
	at org.apache.hadoop.ozone.om.protocolPB.OzoneManagerProtocolClientSideTranslatorPB.createFile(OzoneManagerProtocolClientSideTranslatorPB.java:1474)
	at org.apache.hadoop.ozone.client.rpc.RpcClient.createFile(RpcClient.java:983)
	at org.apache.hadoop.ozone.client.OzoneBucket.createFile(OzoneBucket.java:535)
	at org.apache.hadoop.fs.ozone.BasicOzoneClientAdapterImpl.createFile(BasicOzoneClientAdapterImpl.java:181)
	at org.apache.hadoop.fs.ozone.BasicOzoneFileSystem.createOutputStream(BasicOzoneFileSystem.java:249)
	at org.apache.hadoop.fs.ozone.BasicOzoneFileSystem.create(BasicOzoneFileSystem.java:230)
	at org.apache.hadoop.fs.FileSystem.create(FileSystem.java:1118)
	at org.apache.hadoop.fs.FileSystem.create(FileSystem.java:1098)
	at org.apache.hadoop.fs.FileSystem.create(FileSystem.java:987)
	at org.apache.hadoop.fs.contract.ContractTestUtils.createFile(ContractTestUtils.java:633)
	at org.apache.hadoop.fs.contract.ContractTestUtils.writeTextFile(ContractTestUtils.java:617)
	at org.apache.hadoop.fs.contract.AbstractContractCreateTest.testOverwriteNonEmptyDirectory(AbstractContractCreateTest.java:175)
	at org.apache.hadoop.fs.contract.AbstractContractCreateTest.testOverwriteNonEmptyDirectory(AbstractContractCreateTest.java:207)
	at sun.reflect.NativeMethodAccessorImpl.invoke0(Native Method)
	at sun.reflect.NativeMethodAccessorImpl.invoke(NativeMethodAccessorImpl.java:62)
	at sun.reflect.DelegatingMethodAccessorImpl.invoke(DelegatingMethodAccessorImpl.java:43)
	at java.lang.reflect.Method.invoke(Method.java:498)
	at org.junit.runners.model.FrameworkMethod$1.runReflectiveCall(FrameworkMethod.java:47)
	at org.junit.internal.runners.model.ReflectiveCallable.run(ReflectiveCallable.java:12)
	at org.junit.runners.model.FrameworkMethod.invokeExplosively(FrameworkMethod.java:44)
	at org.junit.internal.runners.statements.InvokeMethod.evaluate(InvokeMethod.java:17)
	at org.junit.internal.runners.statements.RunBefores.evaluate(RunBefores.java:26)
	at org.junit.internal.runners.statements.RunAfters.evaluate(RunAfters.java:27)
	at org.junit.rules.TestWatcher$1.evaluate(TestWatcher.java:55)
	at org.junit.internal.runners.statements.FailOnTimeout$StatementThread.run(FailOnTimeout.java:74)
</error>
    <system-out><![CDATA[2019-08-21 08:12:23,720 [JUnit] WARN  server.ServerUtils (ServerUtils.java:getScmDbDir(145)) - ozone.scm.db.dirs is not configured. We recommend adding this setting. Falling back to ozone.metadata.dirs instead.
2019-08-21 08:12:23,867 [JUnit] WARN  server.ServerUtils (ServerUtils.java:getScmDbDir(145)) - ozone.scm.db.dirs is not configured. We recommend adding this setting. Falling back to ozone.metadata.dirs instead.
2019-08-21 08:12:23,871 [JUnit] WARN  server.ServerUtils (ServerUtils.java:getScmDbDir(145)) - ozone.scm.db.dirs is not configured. We recommend adding this setting. Falling back to ozone.metadata.dirs instead.
2019-08-21 08:12:23,888 [JUnit] INFO  util.log (Log.java:initialized(192)) - Logging initialized @948ms
2019-08-21 08:12:24,026 [JUnit] INFO  db.DBStoreBuilder (DBStoreBuilder.java:addTable(110)) - using custom profile for table: deletedBlocks
2019-08-21 08:12:24,028 [JUnit] INFO  db.DBStoreBuilder (DBStoreBuilder.java:processTables(161)) - Using default column profile:DBProfile.DISK for Table:deletedBlocks
2019-08-21 08:12:24,028 [JUnit] INFO  db.DBStoreBuilder (DBStoreBuilder.java:addTable(110)) - using custom profile for table: validCerts
2019-08-21 08:12:24,029 [JUnit] INFO  db.DBStoreBuilder (DBStoreBuilder.java:processTables(161)) - Using default column profile:DBProfile.DISK for Table:validCerts
2019-08-21 08:12:24,029 [JUnit] INFO  db.DBStoreBuilder (DBStoreBuilder.java:addTable(110)) - using custom profile for table: revokedCerts
2019-08-21 08:12:24,029 [JUnit] INFO  db.DBStoreBuilder (DBStoreBuilder.java:processTables(161)) - Using default column profile:DBProfile.DISK for Table:revokedCerts
2019-08-21 08:12:24,045 [JUnit] INFO  db.DBStoreBuilder (DBStoreBuilder.java:addTable(110)) - using custom profile for table: default
2019-08-21 08:12:24,045 [JUnit] INFO  db.DBStoreBuilder (DBStoreBuilder.java:processTables(167)) - Using default column profile:DBProfile.DISK for Table:default
2019-08-21 08:12:24,046 [JUnit] INFO  db.DBStoreBuilder (DBStoreBuilder.java:getDbProfile(198)) - Using default options. DBProfile.DISK
2019-08-21 08:12:24,279 [JUnit] INFO  net.NodeSchemaLoader (NodeSchemaLoader.java:loadSchemaFromFile(125)) - Loading file from sun.misc.CompoundEnumeration@4466af20
2019-08-21 08:12:24,281 [JUnit] INFO  net.NodeSchemaLoader (NodeSchemaLoader.java:loadSchema(171)) - Loading network topology layer schema file
2019-08-21 08:12:24,354 [JUnit] WARN  server.ServerUtils (ServerUtils.java:sanitizeUserArgs(70)) - ozone.scm.stale.node.interval value = 300000 is larger than max = 100000 based on the key value of ozone.scm.heartbeat.thread.interval, reset to the max value 100000.
2019-08-21 08:12:24,356 [JUnit] WARN  server.ServerUtils (ServerUtils.java:sanitizeUserArgs(70)) - ozone.scm.stale.node.interval value = 300000 is larger than max = 100000 based on the key value of ozone.scm.heartbeat.thread.interval, reset to the max value 100000.
2019-08-21 08:12:24,358 [JUnit] INFO  node.SCMNodeManager (SCMNodeManager.java:<init>(121)) - Entering startup safe mode.
2019-08-21 08:12:24,464 [JUnit] INFO  algorithms.ContainerPlacementPolicyFactory (ContainerPlacementPolicyFactory.java:getPolicy(55)) - Create container placement policy of type org.apache.hadoop.hdds.scm.container.placement.algorithms.SCMContainerPlacementRandom
2019-08-21 08:12:24,477 [JUnit] WARN  server.ServerUtils (ServerUtils.java:getScmDbDir(145)) - ozone.scm.db.dirs is not configured. We recommend adding this setting. Falling back to ozone.metadata.dirs instead.
2019-08-21 08:12:24,590 [JUnit] INFO  pipeline.SCMPipelineManager (SCMPipelineManager.java:initializePipelineState(126)) - No pipeline exists in current db
2019-08-21 08:12:24,593 [JUnit] WARN  server.ServerUtils (ServerUtils.java:getScmDbDir(145)) - ozone.scm.db.dirs is not configured. We recommend adding this setting. Falling back to ozone.metadata.dirs instead.
2019-08-21 08:12:24,720 [JUnit] WARN  events.EventQueue (EventQueue.java:fireEvent(175)) - No event handler registered for event TypedEvent{payloadType=SafeModeStatus, name='SafeModeStatus'}
2019-08-21 08:12:25,574 [JUnit] INFO  ipc.CallQueueManager (CallQueueManager.java:<init>(84)) - Using callQueue: class java.util.concurrent.LinkedBlockingQueue, queueCapacity: 2000, scheduler: class org.apache.hadoop.ipc.DefaultRpcScheduler, ipcBackoff: false.
2019-08-21 08:12:25,610 [Socket Reader #1 for port 38668] INFO  ipc.Server (Server.java:run(1074)) - Starting Socket Reader #1 for port 38668
2019-08-21 08:12:25,637 [JUnit] INFO  ipc.CallQueueManager (CallQueueManager.java:<init>(84)) - Using callQueue: class java.util.concurrent.LinkedBlockingQueue, queueCapacity: 2000, scheduler: class org.apache.hadoop.ipc.DefaultRpcScheduler, ipcBackoff: false.
2019-08-21 08:12:25,638 [Socket Reader #1 for port 34978] INFO  ipc.Server (Server.java:run(1074)) - Starting Socket Reader #1 for port 34978
2019-08-21 08:12:25,646 [JUnit] INFO  ipc.CallQueueManager (CallQueueManager.java:<init>(84)) - Using callQueue: class java.util.concurrent.LinkedBlockingQueue, queueCapacity: 2000, scheduler: class org.apache.hadoop.ipc.DefaultRpcScheduler, ipcBackoff: false.
2019-08-21 08:12:25,647 [Socket Reader #1 for port 41051] INFO  ipc.Server (Server.java:run(1074)) - Starting Socket Reader #1 for port 41051
2019-08-21 08:12:25,668 [JUnit] INFO  hdfs.DFSUtil (DFSUtil.java:httpServerTemplateForNNAndJN(1641)) - Starting Web-server for scm at: http://0.0.0.0:0
2019-08-21 08:12:25,787 [JUnit] INFO  server.AuthenticationFilter (AuthenticationFilter.java:constructSecretProvider(240)) - Unable to initialize FileSignerSecretProvider, falling back to use random secrets.
2019-08-21 08:12:25,800 [JUnit] WARN  http.HttpRequestLog (HttpRequestLog.java:getRequestLog(97)) - Jetty request log can only be enabled using Log4j
2019-08-21 08:12:25,809 [JUnit] INFO  http.HttpServer2 (HttpServer2.java:addGlobalFilter(975)) - Added global filter 'safety' (class=org.apache.hadoop.http.HttpServer2$QuotingInputFilter)
2019-08-21 08:12:25,811 [JUnit] INFO  http.HttpServer2 (HttpServer2.java:addFilter(948)) - Added filter static_user_filter (class=org.apache.hadoop.http.lib.StaticUserWebFilter$StaticUserFilter) to context scm
2019-08-21 08:12:25,811 [JUnit] INFO  http.HttpServer2 (HttpServer2.java:addFilter(958)) - Added filter static_user_filter (class=org.apache.hadoop.http.lib.StaticUserWebFilter$StaticUserFilter) to context static
2019-08-21 08:12:25,811 [JUnit] INFO  http.HttpServer2 (HttpServer2.java:addFilter(958)) - Added filter static_user_filter (class=org.apache.hadoop.http.lib.StaticUserWebFilter$StaticUserFilter) to context logs
2019-08-21 08:12:25,833 [JUnit] INFO  server.StorageContainerManager (StorageContainerManager.java:start(759)) - StorageContainerLocationProtocol RPC server is listening at /0.0.0.0:41051
2019-08-21 08:12:25,875 [JUnit] WARN  impl.MetricsConfig (MetricsConfig.java:loadFirst(134)) - Cannot locate configuration: tried hadoop-metrics2-storagecontainermanager.properties,hadoop-metrics2.properties
2019-08-21 08:12:25,886 [JUnit] INFO  impl.MetricsSystemImpl (MetricsSystemImpl.java:startTimer(374)) - Scheduled Metric snapshot period at 10 second(s).
2019-08-21 08:12:25,886 [JUnit] INFO  impl.MetricsSystemImpl (MetricsSystemImpl.java:start(191)) - StorageContainerManager metrics system started
2019-08-21 08:12:26,075 [JUnit] INFO  server.SCMClientProtocolServer (SCMClientProtocolServer.java:start(151)) - RPC server for Client  is listening at /0.0.0.0:41051
2019-08-21 08:12:26,076 [IPC Server Responder] INFO  ipc.Server (Server.java:run(1314)) - IPC Server Responder: starting
2019-08-21 08:12:26,076 [IPC Server listener on 41051] INFO  ipc.Server (Server.java:run(1153)) - IPC Server listener on 41051: starting
2019-08-21 08:12:26,079 [JUnit] INFO  server.StorageContainerManager (StorageContainerManager.java:start(769)) - ScmBlockLocationProtocol RPC server is listening at /0.0.0.0:34978
2019-08-21 08:12:26,079 [JUnit] INFO  server.SCMBlockProtocolServer (SCMBlockProtocolServer.java:start(140)) - RPC server for Block Protocol is listening at /0.0.0.0:34978
2019-08-21 08:12:26,079 [IPC Server Responder] INFO  ipc.Server (Server.java:run(1314)) - IPC Server Responder: starting
2019-08-21 08:12:26,080 [IPC Server listener on 34978] INFO  ipc.Server (Server.java:run(1153)) - IPC Server listener on 34978: starting
2019-08-21 08:12:26,082 [JUnit] INFO  server.StorageContainerManager (StorageContainerManager.java:start(773)) - ScmDatanodeProtocl RPC server is listening at /0.0.0.0:38668
2019-08-21 08:12:26,082 [JUnit] INFO  server.SCMDatanodeProtocolServer (SCMDatanodeProtocolServer.java:start(191)) - RPC server for DataNodes is listening at /0.0.0.0:38668
2019-08-21 08:12:26,083 [IPC Server Responder] INFO  ipc.Server (Server.java:run(1314)) - IPC Server Responder: starting
2019-08-21 08:12:26,083 [IPC Server listener on 38668] INFO  ipc.Server (Server.java:run(1153)) - IPC Server listener on 38668: starting
2019-08-21 08:12:26,087 [JUnit] INFO  http.HttpServer2 (HttpServer2.java:bindListener(1191)) - Jetty bound to port 34697
2019-08-21 08:12:26,089 [JUnit] INFO  server.Server (Server.java:doStart(351)) - jetty-9.3.24.v20180605, build timestamp: 2018-06-05T17:11:56Z, git hash: 84205aa28f11a4f31f2a3b86d1bba2cc8ab69827
2019-08-21 08:12:26,131 [JUnit] INFO  handler.ContextHandler (ContextHandler.java:doStart(781)) - Started o.e.j.s.ServletContextHandler@57fd91c9{/logs,file:///workdir/hadoop-ozone/ozonefs/target/log,AVAILABLE}
2019-08-21 08:12:26,131 [JUnit] INFO  handler.ContextHandler (ContextHandler.java:doStart(781)) - Started o.e.j.s.ServletContextHandler@5c8eee0f{/static,jar:file:/home/user/.m2/repository/org/apache/hadoop/hadoop-hdds-server-scm/0.5.0-SNAPSHOT/hadoop-hdds-server-scm-0.5.0-SNAPSHOT.jar!/webapps/static,AVAILABLE}
2019-08-21 08:12:26,201 [JUnit] INFO  handler.ContextHandler (ContextHandler.java:doStart(781)) - Started o.e.j.w.WebAppContext@3e2fc448{/,file:///tmp/jetty-0.0.0.0-34697-scm-_-any-5825942668556492150.dir/webapp/,AVAILABLE}{/scm}
2019-08-21 08:12:26,205 [JUnit] INFO  server.AbstractConnector (AbstractConnector.java:doStart(278)) - Started ServerConnector@2d0566ba{HTTP/1.1,[http/1.1]}{0.0.0.0:34697}
2019-08-21 08:12:26,206 [JUnit] INFO  server.Server (Server.java:doStart(419)) - Started @3266ms
2019-08-21 08:12:26,207 [JUnit] INFO  server.BaseHttpServer (BaseHttpServer.java:updateConnectorAddress(213)) - HTTP server of SCM is listening at http://0.0.0.0:34697
2019-08-21 08:12:26,211 [org.apache.hadoop.util.JvmPauseMonitor$Monitor@29d2d081] INFO  util.JvmPauseMonitor (JvmPauseMonitor.java:run(188)) - Starting JVM pause monitor
2019-08-21 08:12:26,214 [JUnit] WARN  server.ServerUtils (ServerUtils.java:getDBPath(222)) - ozone.om.db.dirs is not configured. We recommend adding this setting. Falling back to ozone.metadata.dirs instead.
2019-08-21 08:12:26,378 [JUnit] WARN  server.ServerUtils (ServerUtils.java:getDBPath(222)) - ozone.om.db.dirs is not configured. We recommend adding this setting. Falling back to ozone.metadata.dirs instead.
2019-08-21 08:12:26,379 [JUnit] WARN  server.ServerUtils (ServerUtils.java:getDBPath(222)) - ozone.om.db.dirs is not configured. We recommend adding this setting. Falling back to ozone.metadata.dirs instead.
2019-08-21 08:12:26,380 [JUnit] INFO  om.OzoneManager (OzoneManager.java:setOMNodeDetails(648)) - OM Service ID is not set. Setting it to the default ID: omServiceIdDefault
2019-08-21 08:12:26,380 [JUnit] INFO  om.OzoneManager (OzoneManager.java:setOMNodeDetails(654)) - OM Node ID is not set. Setting it to the OmStorage's OmID: 3d1ff6a9-0129-46c9-aa70-b8773140f613
2019-08-21 08:12:26,381 [JUnit] INFO  om.OzoneManager (OzoneManager.java:loadOMHAConfigs(605)) - Found matching OM address with OMServiceId: null, OMNodeId: null, RPC Address: localhost:0 and Ratis port: 9872
2019-08-21 08:12:26,626 | INFO  | SCMAudit | user=jenkins1000 | ip=192.168.69.98 | op=GET_SCM_INFO null | ret=SUCCESS |  
2019-08-21 08:12:27,108 [JUnit] WARN  server.ServerUtils (ServerUtils.java:getDBPath(222)) - ozone.om.db.dirs is not configured. We recommend adding this setting. Falling back to ozone.metadata.dirs instead.
2019-08-21 08:12:27,117 [JUnit] INFO  db.DBStoreBuilder (DBStoreBuilder.java:addTable(110)) - using custom profile for table: userTable
2019-08-21 08:12:27,118 [JUnit] INFO  db.DBStoreBuilder (DBStoreBuilder.java:processTables(161)) - Using default column profile:DBProfile.DISK for Table:userTable
2019-08-21 08:12:27,118 [JUnit] INFO  db.DBStoreBuilder (DBStoreBuilder.java:addTable(110)) - using custom profile for table: volumeTable
2019-08-21 08:12:27,118 [JUnit] INFO  db.DBStoreBuilder (DBStoreBuilder.java:processTables(161)) - Using default column profile:DBProfile.DISK for Table:volumeTable
2019-08-21 08:12:27,118 [JUnit] INFO  db.DBStoreBuilder (DBStoreBuilder.java:addTable(110)) - using custom profile for table: bucketTable
2019-08-21 08:12:27,118 [JUnit] INFO  db.DBStoreBuilder (DBStoreBuilder.java:processTables(161)) - Using default column profile:DBProfile.DISK for Table:bucketTable
2019-08-21 08:12:27,119 [JUnit] INFO  db.DBStoreBuilder (DBStoreBuilder.java:addTable(110)) - using custom profile for table: keyTable
2019-08-21 08:12:27,119 [JUnit] INFO  db.DBStoreBuilder (DBStoreBuilder.java:processTables(161)) - Using default column profile:DBProfile.DISK for Table:keyTable
2019-08-21 08:12:27,119 [JUnit] INFO  db.DBStoreBuilder (DBStoreBuilder.java:addTable(110)) - using custom profile for table: deletedTable
2019-08-21 08:12:27,119 [JUnit] INFO  db.DBStoreBuilder (DBStoreBuilder.java:processTables(161)) - Using default column profile:DBProfile.DISK for Table:deletedTable
2019-08-21 08:12:27,120 [JUnit] INFO  db.DBStoreBuilder (DBStoreBuilder.java:addTable(110)) - using custom profile for table: openKeyTable
2019-08-21 08:12:27,120 [JUnit] INFO  db.DBStoreBuilder (DBStoreBuilder.java:processTables(161)) - Using default column profile:DBProfile.DISK for Table:openKeyTable
2019-08-21 08:12:27,120 [JUnit] INFO  db.DBStoreBuilder (DBStoreBuilder.java:addTable(110)) - using custom profile for table: s3Table
2019-08-21 08:12:27,120 [JUnit] INFO  db.DBStoreBuilder (DBStoreBuilder.java:processTables(161)) - Using default column profile:DBProfile.DISK for Table:s3Table
2019-08-21 08:12:27,121 [JUnit] INFO  db.DBStoreBuilder (DBStoreBuilder.java:addTable(110)) - using custom profile for table: multipartInfoTable
2019-08-21 08:12:27,121 [JUnit] INFO  db.DBStoreBuilder (DBStoreBuilder.java:processTables(161)) - Using default column profile:DBProfile.DISK for Table:multipartInfoTable
2019-08-21 08:12:27,121 [JUnit] INFO  db.DBStoreBuilder (DBStoreBuilder.java:addTable(110)) - using custom profile for table: dTokenTable
2019-08-21 08:12:27,121 [JUnit] INFO  db.DBStoreBuilder (DBStoreBuilder.java:processTables(161)) - Using default column profile:DBProfile.DISK for Table:dTokenTable
2019-08-21 08:12:27,122 [JUnit] INFO  db.DBStoreBuilder (DBStoreBuilder.java:addTable(110)) - using custom profile for table: s3SecretTable
2019-08-21 08:12:27,122 [JUnit] INFO  db.DBStoreBuilder (DBStoreBuilder.java:processTables(161)) - Using default column profile:DBProfile.DISK for Table:s3SecretTable
2019-08-21 08:12:27,122 [JUnit] INFO  db.DBStoreBuilder (DBStoreBuilder.java:addTable(110)) - using custom profile for table: prefixTable
2019-08-21 08:12:27,122 [JUnit] INFO  db.DBStoreBuilder (DBStoreBuilder.java:processTables(161)) - Using default column profile:DBProfile.DISK for Table:prefixTable
2019-08-21 08:12:27,123 [JUnit] INFO  db.DBStoreBuilder (DBStoreBuilder.java:addTable(110)) - using custom profile for table: default
2019-08-21 08:12:27,123 [JUnit] INFO  db.DBStoreBuilder (DBStoreBuilder.java:processTables(167)) - Using default column profile:DBProfile.DISK for Table:default
2019-08-21 08:12:27,123 [JUnit] INFO  db.DBStoreBuilder (DBStoreBuilder.java:getDbProfile(198)) - Using default options. DBProfile.DISK
2019-08-21 08:12:32,725 [JUnit] INFO  ipc.CallQueueManager (CallQueueManager.java:<init>(84)) - Using callQueue: class java.util.concurrent.LinkedBlockingQueue, queueCapacity: 2000, scheduler: class org.apache.hadoop.ipc.DefaultRpcScheduler, ipcBackoff: false.
2019-08-21 08:12:32,726 [Socket Reader #1 for port 42530] INFO  ipc.Server (Server.java:run(1074)) - Starting Socket Reader #1 for port 42530
2019-08-21 08:12:32,764 [JUnit] INFO  om.OzoneManager (OzoneManager.java:start(1259)) - OzoneManager RPC server is listening at localhost/127.0.0.1:42530
2019-08-21 08:12:32,764 [JUnit] INFO  impl.MetricsSystemImpl (MetricsSystemImpl.java:init(158)) - OzoneManager metrics system started (again)
2019-08-21 08:12:32,766 [IPC Server Responder] INFO  ipc.Server (Server.java:run(1314)) - IPC Server Responder: starting
2019-08-21 08:12:32,766 [IPC Server listener on 42530] INFO  ipc.Server (Server.java:run(1153)) - IPC Server listener on 42530: starting
2019-08-21 08:12:32,771 [JUnit] INFO  hdfs.DFSUtil (DFSUtil.java:httpServerTemplateForNNAndJN(1641)) - Starting Web-server for ozoneManager at: http://0.0.0.0:0
2019-08-21 08:12:32,774 [JUnit] INFO  server.AuthenticationFilter (AuthenticationFilter.java:constructSecretProvider(240)) - Unable to initialize FileSignerSecretProvider, falling back to use random secrets.
2019-08-21 08:12:32,775 [JUnit] WARN  http.HttpRequestLog (HttpRequestLog.java:getRequestLog(97)) - Jetty request log can only be enabled using Log4j
2019-08-21 08:12:32,778 [JUnit] INFO  http.HttpServer2 (HttpServer2.java:addGlobalFilter(975)) - Added global filter 'safety' (class=org.apache.hadoop.http.HttpServer2$QuotingInputFilter)
2019-08-21 08:12:32,779 [JUnit] INFO  http.HttpServer2 (HttpServer2.java:addFilter(948)) - Added filter static_user_filter (class=org.apache.hadoop.http.lib.StaticUserWebFilter$StaticUserFilter) to context ozoneManager
2019-08-21 08:12:32,779 [JUnit] INFO  http.HttpServer2 (HttpServer2.java:addFilter(958)) - Added filter static_user_filter (class=org.apache.hadoop.http.lib.StaticUserWebFilter$StaticUserFilter) to context static
2019-08-21 08:12:32,779 [JUnit] INFO  http.HttpServer2 (HttpServer2.java:addFilter(958)) - Added filter static_user_filter (class=org.apache.hadoop.http.lib.StaticUserWebFilter$StaticUserFilter) to context logs
2019-08-21 08:12:32,782 [JUnit] INFO  http.HttpServer2 (HttpServer2.java:bindListener(1191)) - Jetty bound to port 34049
2019-08-21 08:12:32,782 [JUnit] INFO  server.Server (Server.java:doStart(351)) - jetty-9.3.24.v20180605, build timestamp: 2018-06-05T17:11:56Z, git hash: 84205aa28f11a4f31f2a3b86d1bba2cc8ab69827
2019-08-21 08:12:32,785 [JUnit] INFO  handler.ContextHandler (ContextHandler.java:doStart(781)) - Started o.e.j.s.ServletContextHandler@4390f46e{/logs,file:///workdir/hadoop-ozone/ozonefs/target/log,AVAILABLE}
2019-08-21 08:12:32,785 [JUnit] INFO  handler.ContextHandler (ContextHandler.java:doStart(781)) - Started o.e.j.s.ServletContextHandler@2d746ce4{/static,jar:file:/home/user/.m2/repository/org/apache/hadoop/hadoop-ozone-ozone-manager/0.5.0-SNAPSHOT/hadoop-ozone-ozone-manager-0.5.0-SNAPSHOT.jar!/webapps/static,AVAILABLE}
2019-08-21 08:12:32,839 [JUnit] INFO  handler.ContextHandler (ContextHandler.java:doStart(781)) - Started o.e.j.w.WebAppContext@28a6301f{/,file:///tmp/jetty-0.0.0.0-34049-ozoneManager-_-any-3217937144085633517.dir/webapp/,AVAILABLE}{/ozoneManager}
2019-08-21 08:12:32,840 [JUnit] INFO  server.AbstractConnector (AbstractConnector.java:doStart(278)) - Started ServerConnector@2c306a57{HTTP/1.1,[http/1.1]}{0.0.0.0:34049}
2019-08-21 08:12:32,841 [JUnit] INFO  server.Server (Server.java:doStart(419)) - Started @9901ms
2019-08-21 08:12:32,842 [JUnit] INFO  server.BaseHttpServer (BaseHttpServer.java:updateConnectorAddress(213)) - HTTP server of OZONEMANAGER is listening at http://0.0.0.0:34049
2019-08-21 08:12:33,020 [JUnit] INFO  impl.MetricsSystemImpl (MetricsSystemImpl.java:init(158)) - HddsDatanode metrics system started (again)
2019-08-21 08:12:33,115 [JUnit] INFO  ozone.HddsDatanodeService (HddsDatanodeService.java:start(184)) - HddsDatanodeService host:pr-hdds-1950-tl9pt-285257851 ip:192.168.69.98
2019-08-21 08:12:33,151 [JUnit] INFO  volume.HddsVolume (HddsVolume.java:<init>(176)) - Creating Volume: /workdir/hadoop-ozone/ozonefs/target/test-dir/MiniOzoneClusterImpl-f920765f-c79e-4cb2-9fab-80d27ae0d835/datanode-0/data/containers/hdds of  storage type : DISK and capacity : 1482555576320
2019-08-21 08:12:33,153 [JUnit] INFO  volume.VolumeSet (VolumeSet.java:initializeVolumeSet(170)) - Added Volume : /workdir/hadoop-ozone/ozonefs/target/test-dir/MiniOzoneClusterImpl-f920765f-c79e-4cb2-9fab-80d27ae0d835/datanode-0/data/containers/hdds to VolumeSet
2019-08-21 08:12:33,156 [JUnit] INFO  volume.ThrottledAsyncChecker (ThrottledAsyncChecker.java:schedule(140)) - Scheduling a check for org.apache.hadoop.ozone.container.common.volume.HddsVolume@2b329bbd
2019-08-21 08:12:33,174 [JUnit] INFO  volume.HddsVolumeChecker (HddsVolumeChecker.java:checkAllVolumes(203)) - Scheduled health check for volume org.apache.hadoop.ozone.container.common.volume.HddsVolume@2b329bbd
2019-08-21 08:12:33,305 [JUnit] INFO  impl.RaftServerProxy (ConfUtils.java:logGet(43)) - raft.rpc.type = GRPC (default)
2019-08-21 08:12:33,391 [JUnit] INFO  grpc.GrpcFactory (GrpcFactory.java:checkPooledByteBufAllocatorUseCacheForAllThreads(45)) - PERFORMANCE WARNING: useCacheForAllThreads is true that may cause Netty to create a lot garbage objects and, as a result, trigger GC.
	It is recommended to disable useCacheForAllThreads by setting -Dorg.apache.ratis.thirdparty.io.netty.allocator.useCacheForAllThreads=false in command line.
2019-08-21 08:12:33,396 [JUnit] INFO  grpc.GrpcConfigKeys$Server (ConfUtils.java:logGet(43)) - raft.grpc.server.port = 0 (default)
2019-08-21 08:12:33,397 [JUnit] INFO  server.GrpcService (ConfUtils.java:logGet(43)) - raft.grpc.message.size.max = 33570816 (custom)
2019-08-21 08:12:33,399 [JUnit] INFO  server.RaftServerConfigKeys (ConfUtils.java:logGet(43)) - raft.server.log.appender.buffer.byte-limit = 33554432 (custom)
2019-08-21 08:12:33,400 [JUnit] INFO  server.GrpcService (ConfUtils.java:logGet(43)) - raft.grpc.flow.control.window = 1MB (=1048576) (default)
2019-08-21 08:12:33,401 [JUnit] INFO  server.RaftServerConfigKeys (ConfUtils.java:logGet(43)) - raft.server.rpc.request.timeout = 3000ms (default)
2019-08-21 08:12:33,614 [JUnit] INFO  server.RaftServerConfigKeys (ConfUtils.java:logGet(43)) - raft.server.storage.dir = [/workdir/hadoop-ozone/ozonefs/target/test-dir/MiniOzoneClusterImpl-f920765f-c79e-4cb2-9fab-80d27ae0d835/datanode-0/data/ratis] (custom)
2019-08-21 08:12:33,670 [JUnit] INFO  replication.SimpleContainerDownloader (SimpleContainerDownloader.java:<init>(72)) - Starting container downloader service to copy containers to replicate.
2019-08-21 08:12:33,690 [JUnit] INFO  hdfs.DFSUtil (DFSUtil.java:httpServerTemplateForNNAndJN(1641)) - Starting Web-server for hddsDatanode at: http://0.0.0.0:0
2019-08-21 08:12:33,692 [JUnit] INFO  server.AuthenticationFilter (AuthenticationFilter.java:constructSecretProvider(240)) - Unable to initialize FileSignerSecretProvider, falling back to use random secrets.
2019-08-21 08:12:33,693 [JUnit] WARN  http.HttpRequestLog (HttpRequestLog.java:getRequestLog(97)) - Jetty request log can only be enabled using Log4j
2019-08-21 08:12:33,695 [JUnit] INFO  http.HttpServer2 (HttpServer2.java:addGlobalFilter(975)) - Added global filter 'safety' (class=org.apache.hadoop.http.HttpServer2$QuotingInputFilter)
2019-08-21 08:12:33,696 [JUnit] INFO  http.HttpServer2 (HttpServer2.java:addFilter(948)) - Added filter static_user_filter (class=org.apache.hadoop.http.lib.StaticUserWebFilter$StaticUserFilter) to context hddsDatanode
2019-08-21 08:12:33,696 [JUnit] INFO  http.HttpServer2 (HttpServer2.java:addFilter(958)) - Added filter static_user_filter (class=org.apache.hadoop.http.lib.StaticUserWebFilter$StaticUserFilter) to context logs
2019-08-21 08:12:33,696 [JUnit] INFO  http.HttpServer2 (HttpServer2.java:addFilter(958)) - Added filter static_user_filter (class=org.apache.hadoop.http.lib.StaticUserWebFilter$StaticUserFilter) to context static
2019-08-21 08:12:33,697 [JUnit] INFO  http.HttpServer2 (HttpServer2.java:bindListener(1191)) - Jetty bound to port 44268
2019-08-21 08:12:33,697 [JUnit] INFO  server.Server (Server.java:doStart(351)) - jetty-9.3.24.v20180605, build timestamp: 2018-06-05T17:11:56Z, git hash: 84205aa28f11a4f31f2a3b86d1bba2cc8ab69827
2019-08-21 08:12:33,699 [JUnit] INFO  handler.ContextHandler (ContextHandler.java:doStart(781)) - Started o.e.j.s.ServletContextHandler@1afd72ef{/logs,file:///workdir/hadoop-ozone/ozonefs/target/log,AVAILABLE}
2019-08-21 08:12:33,700 [JUnit] INFO  handler.ContextHandler (ContextHandler.java:doStart(781)) - Started o.e.j.s.ServletContextHandler@445bb139{/static,jar:file:/home/user/.m2/repository/org/apache/hadoop/hadoop-hdds-container-service/0.5.0-SNAPSHOT/hadoop-hdds-container-service-0.5.0-SNAPSHOT.jar!/webapps/static,AVAILABLE}
2019-08-21 08:12:33,726 [JUnit] INFO  handler.ContextHandler (ContextHandler.java:doStart(781)) - Started o.e.j.w.WebAppContext@298f0a0b{/,file:///tmp/jetty-0.0.0.0-44268-hddsDatanode-_-any-6715769852205055863.dir/webapp/,AVAILABLE}{/hddsDatanode}
2019-08-21 08:12:33,727 [JUnit] INFO  server.AbstractConnector (AbstractConnector.java:doStart(278)) - Started ServerConnector@2b960a7{HTTP/1.1,[http/1.1]}{0.0.0.0:44268}
2019-08-21 08:12:33,728 [JUnit] INFO  server.Server (Server.java:doStart(419)) - Started @10788ms
2019-08-21 08:12:33,729 [JUnit] INFO  server.BaseHttpServer (BaseHttpServer.java:updateConnectorAddress(213)) - HTTP server of HDDSDATANODE is listening at http://0.0.0.0:44268
2019-08-21 08:12:34,722 | INFO  | ObjectStoreRestHttpServer | Listening HDDS REST traffic on /0.0.0.0:41423 |  
2019-08-21 08:12:34,727 [JUnit] INFO  ozone.HddsDatanodeService (HddsDatanodeService.java:startPlugins(395)) - Started plug-in org.apache.hadoop.ozone.web.OzoneHddsDatanodeService@54c425b1
2019-08-21 08:12:34,728 [JUnit] INFO  impl.MetricsSystemImpl (MetricsSystemImpl.java:init(158)) - HddsDatanode metrics system started (again)
2019-08-21 08:12:34,732 [JUnit] INFO  ozone.HddsDatanodeService (HddsDatanodeService.java:start(184)) - HddsDatanodeService host:pr-hdds-1950-tl9pt-285257851 ip:192.168.69.98
2019-08-21 08:12:34,736 [org.apache.hadoop.util.JvmPauseMonitor$Monitor@4ccf5a20] INFO  util.JvmPauseMonitor (JvmPauseMonitor.java:run(188)) - Starting JVM pause monitor
2019-08-21 08:12:34,742 [JUnit] INFO  volume.HddsVolume (HddsVolume.java:<init>(176)) - Creating Volume: /workdir/hadoop-ozone/ozonefs/target/test-dir/MiniOzoneClusterImpl-f920765f-c79e-4cb2-9fab-80d27ae0d835/datanode-1/data/containers/hdds of  storage type : DISK and capacity : 1482555576320
2019-08-21 08:12:34,742 [JUnit] INFO  volume.VolumeSet (VolumeSet.java:initializeVolumeSet(170)) - Added Volume : /workdir/hadoop-ozone/ozonefs/target/test-dir/MiniOzoneClusterImpl-f920765f-c79e-4cb2-9fab-80d27ae0d835/datanode-1/data/containers/hdds to VolumeSet
2019-08-21 08:12:34,743 [JUnit] INFO  volume.ThrottledAsyncChecker (ThrottledAsyncChecker.java:schedule(140)) - Scheduling a check for org.apache.hadoop.ozone.container.common.volume.HddsVolume@12952aff
2019-08-21 08:12:34,743 [JUnit] INFO  volume.HddsVolumeChecker (HddsVolumeChecker.java:checkAllVolumes(203)) - Scheduled health check for volume org.apache.hadoop.ozone.container.common.volume.HddsVolume@12952aff
2019-08-21 08:12:34,769 [JUnit] INFO  impl.RaftServerProxy (ConfUtils.java:logGet(43)) - raft.rpc.type = GRPC (default)
2019-08-21 08:12:34,770 [JUnit] INFO  grpc.GrpcFactory (GrpcFactory.java:checkPooledByteBufAllocatorUseCacheForAllThreads(45)) - PERFORMANCE WARNING: useCacheForAllThreads is true that may cause Netty to create a lot garbage objects and, as a result, trigger GC.
	It is recommended to disable useCacheForAllThreads by setting -Dorg.apache.ratis.thirdparty.io.netty.allocator.useCacheForAllThreads=false in command line.
2019-08-21 08:12:34,770 [JUnit] INFO  grpc.GrpcConfigKeys$Server (ConfUtils.java:logGet(43)) - raft.grpc.server.port = 0 (default)
2019-08-21 08:12:34,770 [JUnit] INFO  server.GrpcService (ConfUtils.java:logGet(43)) - raft.grpc.message.size.max = 33570816 (custom)
2019-08-21 08:12:34,771 [JUnit] INFO  server.RaftServerConfigKeys (ConfUtils.java:logGet(43)) - raft.server.log.appender.buffer.byte-limit = 33554432 (custom)
2019-08-21 08:12:34,771 [JUnit] INFO  server.GrpcService (ConfUtils.java:logGet(43)) - raft.grpc.flow.control.window = 1MB (=1048576) (default)
2019-08-21 08:12:34,772 [JUnit] INFO  server.RaftServerConfigKeys (ConfUtils.java:logGet(43)) - raft.server.rpc.request.timeout = 3000ms (default)
2019-08-21 08:12:34,772 [JUnit] INFO  server.RaftServerConfigKeys (ConfUtils.java:logGet(43)) - raft.server.storage.dir = [/workdir/hadoop-ozone/ozonefs/target/test-dir/MiniOzoneClusterImpl-f920765f-c79e-4cb2-9fab-80d27ae0d835/datanode-1/data/ratis] (custom)
2019-08-21 08:12:34,773 [JUnit] INFO  replication.SimpleContainerDownloader (SimpleContainerDownloader.java:<init>(72)) - Starting container downloader service to copy containers to replicate.
2019-08-21 08:12:34,775 [JUnit] INFO  hdfs.DFSUtil (DFSUtil.java:httpServerTemplateForNNAndJN(1641)) - Starting Web-server for hddsDatanode at: http://0.0.0.0:0
2019-08-21 08:12:34,780 [JUnit] INFO  server.AuthenticationFilter (AuthenticationFilter.java:constructSecretProvider(240)) - Unable to initialize FileSignerSecretProvider, falling back to use random secrets.
2019-08-21 08:12:34,781 [JUnit] WARN  http.HttpRequestLog (HttpRequestLog.java:getRequestLog(97)) - Jetty request log can only be enabled using Log4j
2019-08-21 08:12:34,785 [JUnit] INFO  http.HttpServer2 (HttpServer2.java:addGlobalFilter(975)) - Added global filter 'safety' (class=org.apache.hadoop.http.HttpServer2$QuotingInputFilter)
2019-08-21 08:12:34,787 [JUnit] INFO  http.HttpServer2 (HttpServer2.java:addFilter(948)) - Added filter static_user_filter (class=org.apache.hadoop.http.lib.StaticUserWebFilter$StaticUserFilter) to context hddsDatanode
2019-08-21 08:12:34,787 [JUnit] INFO  http.HttpServer2 (HttpServer2.java:addFilter(958)) - Added filter static_user_filter (class=org.apache.hadoop.http.lib.StaticUserWebFilter$StaticUserFilter) to context static
2019-08-21 08:12:34,788 [JUnit] INFO  http.HttpServer2 (HttpServer2.java:addFilter(958)) - Added filter static_user_filter (class=org.apache.hadoop.http.lib.StaticUserWebFilter$StaticUserFilter) to context logs
2019-08-21 08:12:34,789 [JUnit] INFO  http.HttpServer2 (HttpServer2.java:bindListener(1191)) - Jetty bound to port 33594
2019-08-21 08:12:34,789 [JUnit] INFO  server.Server (Server.java:doStart(351)) - jetty-9.3.24.v20180605, build timestamp: 2018-06-05T17:11:56Z, git hash: 84205aa28f11a4f31f2a3b86d1bba2cc8ab69827
2019-08-21 08:12:34,794 [JUnit] INFO  handler.ContextHandler (ContextHandler.java:doStart(781)) - Started o.e.j.s.ServletContextHandler@20cdb152{/logs,file:///workdir/hadoop-ozone/ozonefs/target/log,AVAILABLE}
2019-08-21 08:12:34,794 [JUnit] INFO  handler.ContextHandler (ContextHandler.java:doStart(781)) - Started o.e.j.s.ServletContextHandler@14b31e37{/static,jar:file:/home/user/.m2/repository/org/apache/hadoop/hadoop-hdds-container-service/0.5.0-SNAPSHOT/hadoop-hdds-container-service-0.5.0-SNAPSHOT.jar!/webapps/static,AVAILABLE}
2019-08-21 08:12:34,829 [JUnit] INFO  handler.ContextHandler (ContextHandler.java:doStart(781)) - Started o.e.j.w.WebAppContext@707865bd{/,file:///tmp/jetty-0.0.0.0-33594-hddsDatanode-_-any-7799530576300707573.dir/webapp/,AVAILABLE}{/hddsDatanode}
2019-08-21 08:12:34,830 [JUnit] INFO  server.AbstractConnector (AbstractConnector.java:doStart(278)) - Started ServerConnector@31f77791{HTTP/1.1,[http/1.1]}{0.0.0.0:33594}
2019-08-21 08:12:34,830 [JUnit] INFO  server.Server (Server.java:doStart(419)) - Started @11891ms
2019-08-21 08:12:34,831 [JUnit] INFO  server.BaseHttpServer (BaseHttpServer.java:updateConnectorAddress(213)) - HTTP server of HDDSDATANODE is listening at http://0.0.0.0:33594
2019-08-21 08:12:34,872 [Datanode State Machine Thread - 0] INFO  datanode.InitDatanodeState (InitDatanodeState.java:persistContainerDatanodeDetails(140)) - DatanodeDetails is persisted to /workdir/hadoop-ozone/ozonefs/target/test-dir/MiniOzoneClusterImpl-f920765f-c79e-4cb2-9fab-80d27ae0d835/datanode-0/meta/datanode.id
2019-08-21 08:12:34,998 | INFO  | ObjectStoreRestHttpServer | Listening HDDS REST traffic on /0.0.0.0:41440 |  
2019-08-21 08:12:34,998 [JUnit] INFO  ozone.HddsDatanodeService (HddsDatanodeService.java:startPlugins(395)) - Started plug-in org.apache.hadoop.ozone.web.OzoneHddsDatanodeService@689faf79
2019-08-21 08:12:34,998 [JUnit] INFO  impl.MetricsSystemImpl (MetricsSystemImpl.java:init(158)) - HddsDatanode metrics system started (again)
2019-08-21 08:12:35,001 [JUnit] INFO  ozone.HddsDatanodeService (HddsDatanodeService.java:start(184)) - HddsDatanodeService host:pr-hdds-1950-tl9pt-285257851 ip:192.168.69.98
2019-08-21 08:12:35,001 [org.apache.hadoop.util.JvmPauseMonitor$Monitor@78425291] INFO  util.JvmPauseMonitor (JvmPauseMonitor.java:run(188)) - Starting JVM pause monitor
2019-08-21 08:12:35,007 [Datanode State Machine Thread - 0] INFO  datanode.InitDatanodeState (InitDatanodeState.java:persistContainerDatanodeDetails(140)) - DatanodeDetails is persisted to /workdir/hadoop-ozone/ozonefs/target/test-dir/MiniOzoneClusterImpl-f920765f-c79e-4cb2-9fab-80d27ae0d835/datanode-1/meta/datanode.id
2019-08-21 08:12:35,011 [JUnit] INFO  volume.HddsVolume (HddsVolume.java:<init>(176)) - Creating Volume: /workdir/hadoop-ozone/ozonefs/target/test-dir/MiniOzoneClusterImpl-f920765f-c79e-4cb2-9fab-80d27ae0d835/datanode-2/data/containers/hdds of  storage type : DISK and capacity : 1482555576320
2019-08-21 08:12:35,011 [JUnit] INFO  volume.VolumeSet (VolumeSet.java:initializeVolumeSet(170)) - Added Volume : /workdir/hadoop-ozone/ozonefs/target/test-dir/MiniOzoneClusterImpl-f920765f-c79e-4cb2-9fab-80d27ae0d835/datanode-2/data/containers/hdds to VolumeSet
2019-08-21 08:12:35,011 [JUnit] INFO  volume.ThrottledAsyncChecker (ThrottledAsyncChecker.java:schedule(140)) - Scheduling a check for org.apache.hadoop.ozone.container.common.volume.HddsVolume@5b0dbfb
2019-08-21 08:12:35,012 [JUnit] INFO  volume.HddsVolumeChecker (HddsVolumeChecker.java:checkAllVolumes(203)) - Scheduled health check for volume org.apache.hadoop.ozone.container.common.volume.HddsVolume@5b0dbfb
2019-08-21 08:12:35,034 [JUnit] INFO  impl.RaftServerProxy (ConfUtils.java:logGet(43)) - raft.rpc.type = GRPC (default)
2019-08-21 08:12:35,034 [JUnit] INFO  grpc.GrpcFactory (GrpcFactory.java:checkPooledByteBufAllocatorUseCacheForAllThreads(45)) - PERFORMANCE WARNING: useCacheForAllThreads is true that may cause Netty to create a lot garbage objects and, as a result, trigger GC.
	It is recommended to disable useCacheForAllThreads by setting -Dorg.apache.ratis.thirdparty.io.netty.allocator.useCacheForAllThreads=false in command line.
2019-08-21 08:12:35,034 [JUnit] INFO  grpc.GrpcConfigKeys$Server (ConfUtils.java:logGet(43)) - raft.grpc.server.port = 0 (default)
2019-08-21 08:12:35,034 [JUnit] INFO  server.GrpcService (ConfUtils.java:logGet(43)) - raft.grpc.message.size.max = 33570816 (custom)
2019-08-21 08:12:35,035 [JUnit] INFO  server.RaftServerConfigKeys (ConfUtils.java:logGet(43)) - raft.server.log.appender.buffer.byte-limit = 33554432 (custom)
2019-08-21 08:12:35,035 [JUnit] INFO  server.GrpcService (ConfUtils.java:logGet(43)) - raft.grpc.flow.control.window = 1MB (=1048576) (default)
2019-08-21 08:12:35,035 [JUnit] INFO  server.RaftServerConfigKeys (ConfUtils.java:logGet(43)) - raft.server.rpc.request.timeout = 3000ms (default)
2019-08-21 08:12:35,036 [JUnit] INFO  server.RaftServerConfigKeys (ConfUtils.java:logGet(43)) - raft.server.storage.dir = [/workdir/hadoop-ozone/ozonefs/target/test-dir/MiniOzoneClusterImpl-f920765f-c79e-4cb2-9fab-80d27ae0d835/datanode-2/data/ratis] (custom)
2019-08-21 08:12:35,036 [JUnit] INFO  replication.SimpleContainerDownloader (SimpleContainerDownloader.java:<init>(72)) - Starting container downloader service to copy containers to replicate.
2019-08-21 08:12:35,038 [JUnit] INFO  hdfs.DFSUtil (DFSUtil.java:httpServerTemplateForNNAndJN(1641)) - Starting Web-server for hddsDatanode at: http://0.0.0.0:0
2019-08-21 08:12:35,039 [JUnit] INFO  server.AuthenticationFilter (AuthenticationFilter.java:constructSecretProvider(240)) - Unable to initialize FileSignerSecretProvider, falling back to use random secrets.
2019-08-21 08:12:35,040 [JUnit] WARN  http.HttpRequestLog (HttpRequestLog.java:getRequestLog(97)) - Jetty request log can only be enabled using Log4j
2019-08-21 08:12:35,042 [JUnit] INFO  http.HttpServer2 (HttpServer2.java:addGlobalFilter(975)) - Added global filter 'safety' (class=org.apache.hadoop.http.HttpServer2$QuotingInputFilter)
2019-08-21 08:12:35,042 [JUnit] INFO  http.HttpServer2 (HttpServer2.java:addFilter(948)) - Added filter static_user_filter (class=org.apache.hadoop.http.lib.StaticUserWebFilter$StaticUserFilter) to context hddsDatanode
2019-08-21 08:12:35,043 [JUnit] INFO  http.HttpServer2 (HttpServer2.java:addFilter(958)) - Added filter static_user_filter (class=org.apache.hadoop.http.lib.StaticUserWebFilter$StaticUserFilter) to context logs
2019-08-21 08:12:35,043 [JUnit] INFO  http.HttpServer2 (HttpServer2.java:addFilter(958)) - Added filter static_user_filter (class=org.apache.hadoop.http.lib.StaticUserWebFilter$StaticUserFilter) to context static
2019-08-21 08:12:35,043 [JUnit] INFO  http.HttpServer2 (HttpServer2.java:bindListener(1191)) - Jetty bound to port 41179
2019-08-21 08:12:35,044 [JUnit] INFO  server.Server (Server.java:doStart(351)) - jetty-9.3.24.v20180605, build timestamp: 2018-06-05T17:11:56Z, git hash: 84205aa28f11a4f31f2a3b86d1bba2cc8ab69827
2019-08-21 08:12:35,046 [JUnit] INFO  handler.ContextHandler (ContextHandler.java:doStart(781)) - Started o.e.j.s.ServletContextHandler@58b311ba{/logs,file:///workdir/hadoop-ozone/ozonefs/target/log,AVAILABLE}
2019-08-21 08:12:35,046 [JUnit] INFO  handler.ContextHandler (ContextHandler.java:doStart(781)) - Started o.e.j.s.ServletContextHandler@75eaba95{/static,jar:file:/home/user/.m2/repository/org/apache/hadoop/hadoop-hdds-container-service/0.5.0-SNAPSHOT/hadoop-hdds-container-service-0.5.0-SNAPSHOT.jar!/webapps/static,AVAILABLE}
2019-08-21 08:12:35,073 [JUnit] INFO  handler.ContextHandler (ContextHandler.java:doStart(781)) - Started o.e.j.w.WebAppContext@39266403{/,file:///tmp/jetty-0.0.0.0-41179-hddsDatanode-_-any-2654258983857857801.dir/webapp/,AVAILABLE}{/hddsDatanode}
2019-08-21 08:12:35,074 [JUnit] INFO  server.AbstractConnector (AbstractConnector.java:doStart(278)) - Started ServerConnector@74b00247{HTTP/1.1,[http/1.1]}{0.0.0.0:41179}
2019-08-21 08:12:35,075 [JUnit] INFO  server.Server (Server.java:doStart(419)) - Started @12135ms
2019-08-21 08:12:35,075 [JUnit] INFO  server.BaseHttpServer (BaseHttpServer.java:updateConnectorAddress(213)) - HTTP server of HDDSDATANODE is listening at http://0.0.0.0:41179
2019-08-21 08:12:35,236 | INFO  | ObjectStoreRestHttpServer | Listening HDDS REST traffic on /0.0.0.0:45000 |  
2019-08-21 08:12:35,236 [JUnit] INFO  ozone.HddsDatanodeService (HddsDatanodeService.java:startPlugins(395)) - Started plug-in org.apache.hadoop.ozone.web.OzoneHddsDatanodeService@b022551
2019-08-21 08:12:35,237 [JUnit] INFO  impl.MetricsSystemImpl (MetricsSystemImpl.java:init(158)) - HddsDatanode metrics system started (again)
2019-08-21 08:12:35,240 [org.apache.hadoop.util.JvmPauseMonitor$Monitor@6862cf1b] INFO  util.JvmPauseMonitor (JvmPauseMonitor.java:run(188)) - Starting JVM pause monitor
2019-08-21 08:12:35,241 [JUnit] INFO  ozone.HddsDatanodeService (HddsDatanodeService.java:start(184)) - HddsDatanodeService host:pr-hdds-1950-tl9pt-285257851 ip:192.168.69.98
2019-08-21 08:12:35,244 [Datanode State Machine Thread - 0] INFO  datanode.InitDatanodeState (InitDatanodeState.java:persistContainerDatanodeDetails(140)) - DatanodeDetails is persisted to /workdir/hadoop-ozone/ozonefs/target/test-dir/MiniOzoneClusterImpl-f920765f-c79e-4cb2-9fab-80d27ae0d835/datanode-2/meta/datanode.id
2019-08-21 08:12:35,250 [JUnit] INFO  volume.HddsVolume (HddsVolume.java:<init>(176)) - Creating Volume: /workdir/hadoop-ozone/ozonefs/target/test-dir/MiniOzoneClusterImpl-f920765f-c79e-4cb2-9fab-80d27ae0d835/datanode-3/data/containers/hdds of  storage type : DISK and capacity : 1482555576320
2019-08-21 08:12:35,251 [JUnit] INFO  volume.VolumeSet (VolumeSet.java:initializeVolumeSet(170)) - Added Volume : /workdir/hadoop-ozone/ozonefs/target/test-dir/MiniOzoneClusterImpl-f920765f-c79e-4cb2-9fab-80d27ae0d835/datanode-3/data/containers/hdds to VolumeSet
2019-08-21 08:12:35,251 [JUnit] INFO  volume.ThrottledAsyncChecker (ThrottledAsyncChecker.java:schedule(140)) - Scheduling a check for org.apache.hadoop.ozone.container.common.volume.HddsVolume@4fd74223
2019-08-21 08:12:35,253 [JUnit] INFO  volume.HddsVolumeChecker (HddsVolumeChecker.java:checkAllVolumes(203)) - Scheduled health check for volume org.apache.hadoop.ozone.container.common.volume.HddsVolume@4fd74223
2019-08-21 08:12:35,281 [JUnit] INFO  impl.RaftServerProxy (ConfUtils.java:logGet(43)) - raft.rpc.type = GRPC (default)
2019-08-21 08:12:35,281 [JUnit] INFO  grpc.GrpcFactory (GrpcFactory.java:checkPooledByteBufAllocatorUseCacheForAllThreads(45)) - PERFORMANCE WARNING: useCacheForAllThreads is true that may cause Netty to create a lot garbage objects and, as a result, trigger GC.
	It is recommended to disable useCacheForAllThreads by setting -Dorg.apache.ratis.thirdparty.io.netty.allocator.useCacheForAllThreads=false in command line.
2019-08-21 08:12:35,282 [JUnit] INFO  grpc.GrpcConfigKeys$Server (ConfUtils.java:logGet(43)) - raft.grpc.server.port = 0 (default)
2019-08-21 08:12:35,282 [JUnit] INFO  server.GrpcService (ConfUtils.java:logGet(43)) - raft.grpc.message.size.max = 33570816 (custom)
2019-08-21 08:12:35,282 [JUnit] INFO  server.RaftServerConfigKeys (ConfUtils.java:logGet(43)) - raft.server.log.appender.buffer.byte-limit = 33554432 (custom)
2019-08-21 08:12:35,282 [JUnit] INFO  server.GrpcService (ConfUtils.java:logGet(43)) - raft.grpc.flow.control.window = 1MB (=1048576) (default)
2019-08-21 08:12:35,283 [JUnit] INFO  server.RaftServerConfigKeys (ConfUtils.java:logGet(43)) - raft.server.rpc.request.timeout = 3000ms (default)
2019-08-21 08:12:35,283 [JUnit] INFO  server.RaftServerConfigKeys (ConfUtils.java:logGet(43)) - raft.server.storage.dir = [/workdir/hadoop-ozone/ozonefs/target/test-dir/MiniOzoneClusterImpl-f920765f-c79e-4cb2-9fab-80d27ae0d835/datanode-3/data/ratis] (custom)
2019-08-21 08:12:35,284 [JUnit] INFO  replication.SimpleContainerDownloader (SimpleContainerDownloader.java:<init>(72)) - Starting container downloader service to copy containers to replicate.
2019-08-21 08:12:35,285 [JUnit] INFO  hdfs.DFSUtil (DFSUtil.java:httpServerTemplateForNNAndJN(1641)) - Starting Web-server for hddsDatanode at: http://0.0.0.0:0
2019-08-21 08:12:35,288 [JUnit] INFO  server.AuthenticationFilter (AuthenticationFilter.java:constructSecretProvider(240)) - Unable to initialize FileSignerSecretProvider, falling back to use random secrets.
2019-08-21 08:12:35,289 [JUnit] WARN  http.HttpRequestLog (HttpRequestLog.java:getRequestLog(97)) - Jetty request log can only be enabled using Log4j
2019-08-21 08:12:35,293 [JUnit] INFO  http.HttpServer2 (HttpServer2.java:addGlobalFilter(975)) - Added global filter 'safety' (class=org.apache.hadoop.http.HttpServer2$QuotingInputFilter)
2019-08-21 08:12:35,295 [JUnit] INFO  http.HttpServer2 (HttpServer2.java:addFilter(948)) - Added filter static_user_filter (class=org.apache.hadoop.http.lib.StaticUserWebFilter$StaticUserFilter) to context hddsDatanode
2019-08-21 08:12:35,295 [JUnit] INFO  http.HttpServer2 (HttpServer2.java:addFilter(958)) - Added filter static_user_filter (class=org.apache.hadoop.http.lib.StaticUserWebFilter$StaticUserFilter) to context logs
2019-08-21 08:12:35,296 [JUnit] INFO  http.HttpServer2 (HttpServer2.java:addFilter(958)) - Added filter static_user_filter (class=org.apache.hadoop.http.lib.StaticUserWebFilter$StaticUserFilter) to context static
2019-08-21 08:12:35,297 [JUnit] INFO  http.HttpServer2 (HttpServer2.java:bindListener(1191)) - Jetty bound to port 40413
2019-08-21 08:12:35,297 [JUnit] INFO  server.Server (Server.java:doStart(351)) - jetty-9.3.24.v20180605, build timestamp: 2018-06-05T17:11:56Z, git hash: 84205aa28f11a4f31f2a3b86d1bba2cc8ab69827
2019-08-21 08:12:35,301 [JUnit] INFO  handler.ContextHandler (ContextHandler.java:doStart(781)) - Started o.e.j.s.ServletContextHandler@216c22ce{/logs,file:///workdir/hadoop-ozone/ozonefs/target/log,AVAILABLE}
2019-08-21 08:12:35,302 [JUnit] INFO  handler.ContextHandler (ContextHandler.java:doStart(781)) - Started o.e.j.s.ServletContextHandler@21e5f0b6{/static,jar:file:/home/user/.m2/repository/org/apache/hadoop/hadoop-hdds-container-service/0.5.0-SNAPSHOT/hadoop-hdds-container-service-0.5.0-SNAPSHOT.jar!/webapps/static,AVAILABLE}
2019-08-21 08:12:35,343 [JUnit] INFO  handler.ContextHandler (ContextHandler.java:doStart(781)) - Started o.e.j.w.WebAppContext@28b523a{/,file:///tmp/jetty-0.0.0.0-40413-hddsDatanode-_-any-3678752403643290145.dir/webapp/,AVAILABLE}{/hddsDatanode}
2019-08-21 08:12:35,344 [JUnit] INFO  server.AbstractConnector (AbstractConnector.java:doStart(278)) - Started ServerConnector@52ba685a{HTTP/1.1,[http/1.1]}{0.0.0.0:40413}
2019-08-21 08:12:35,345 [JUnit] INFO  server.Server (Server.java:doStart(419)) - Started @12406ms
2019-08-21 08:12:35,346 [JUnit] INFO  server.BaseHttpServer (BaseHttpServer.java:updateConnectorAddress(213)) - HTTP server of HDDSDATANODE is listening at http://0.0.0.0:40413
2019-08-21 08:12:35,537 | INFO  | ObjectStoreRestHttpServer | Listening HDDS REST traffic on /0.0.0.0:33334 |  
2019-08-21 08:12:35,538 [JUnit] INFO  ozone.HddsDatanodeService (HddsDatanodeService.java:startPlugins(395)) - Started plug-in org.apache.hadoop.ozone.web.OzoneHddsDatanodeService@2abc55c4
2019-08-21 08:12:35,538 [JUnit] INFO  impl.MetricsSystemImpl (MetricsSystemImpl.java:init(158)) - HddsDatanode metrics system started (again)
2019-08-21 08:12:35,541 [JUnit] INFO  ozone.HddsDatanodeService (HddsDatanodeService.java:start(184)) - HddsDatanodeService host:pr-hdds-1950-tl9pt-285257851 ip:192.168.69.98
2019-08-21 08:12:35,541 [org.apache.hadoop.util.JvmPauseMonitor$Monitor@416651d1] INFO  util.JvmPauseMonitor (JvmPauseMonitor.java:run(188)) - Starting JVM pause monitor
2019-08-21 08:12:35,544 [Datanode State Machine Thread - 0] INFO  datanode.InitDatanodeState (InitDatanodeState.java:persistContainerDatanodeDetails(140)) - DatanodeDetails is persisted to /workdir/hadoop-ozone/ozonefs/target/test-dir/MiniOzoneClusterImpl-f920765f-c79e-4cb2-9fab-80d27ae0d835/datanode-3/meta/datanode.id
2019-08-21 08:12:35,549 [JUnit] INFO  volume.HddsVolume (HddsVolume.java:<init>(176)) - Creating Volume: /workdir/hadoop-ozone/ozonefs/target/test-dir/MiniOzoneClusterImpl-f920765f-c79e-4cb2-9fab-80d27ae0d835/datanode-4/data/containers/hdds of  storage type : DISK and capacity : 1482555576320
2019-08-21 08:12:35,549 [JUnit] INFO  volume.VolumeSet (VolumeSet.java:initializeVolumeSet(170)) - Added Volume : /workdir/hadoop-ozone/ozonefs/target/test-dir/MiniOzoneClusterImpl-f920765f-c79e-4cb2-9fab-80d27ae0d835/datanode-4/data/containers/hdds to VolumeSet
2019-08-21 08:12:35,549 [JUnit] INFO  volume.ThrottledAsyncChecker (ThrottledAsyncChecker.java:schedule(140)) - Scheduling a check for org.apache.hadoop.ozone.container.common.volume.HddsVolume@79cb8ffa
2019-08-21 08:12:35,550 [JUnit] INFO  volume.HddsVolumeChecker (HddsVolumeChecker.java:checkAllVolumes(203)) - Scheduled health check for volume org.apache.hadoop.ozone.container.common.volume.HddsVolume@79cb8ffa
2019-08-21 08:12:35,573 [JUnit] INFO  impl.RaftServerProxy (ConfUtils.java:logGet(43)) - raft.rpc.type = GRPC (default)
2019-08-21 08:12:35,573 [JUnit] INFO  grpc.GrpcFactory (GrpcFactory.java:checkPooledByteBufAllocatorUseCacheForAllThreads(45)) - PERFORMANCE WARNING: useCacheForAllThreads is true that may cause Netty to create a lot garbage objects and, as a result, trigger GC.
	It is recommended to disable useCacheForAllThreads by setting -Dorg.apache.ratis.thirdparty.io.netty.allocator.useCacheForAllThreads=false in command line.
2019-08-21 08:12:35,573 [JUnit] INFO  grpc.GrpcConfigKeys$Server (ConfUtils.java:logGet(43)) - raft.grpc.server.port = 0 (default)
2019-08-21 08:12:35,574 [JUnit] INFO  server.GrpcService (ConfUtils.java:logGet(43)) - raft.grpc.message.size.max = 33570816 (custom)
2019-08-21 08:12:35,574 [JUnit] INFO  server.RaftServerConfigKeys (ConfUtils.java:logGet(43)) - raft.server.log.appender.buffer.byte-limit = 33554432 (custom)
2019-08-21 08:12:35,574 [JUnit] INFO  server.GrpcService (ConfUtils.java:logGet(43)) - raft.grpc.flow.control.window = 1MB (=1048576) (default)
2019-08-21 08:12:35,574 [JUnit] INFO  server.RaftServerConfigKeys (ConfUtils.java:logGet(43)) - raft.server.rpc.request.timeout = 3000ms (default)
2019-08-21 08:12:35,575 [JUnit] INFO  server.RaftServerConfigKeys (ConfUtils.java:logGet(43)) - raft.server.storage.dir = [/workdir/hadoop-ozone/ozonefs/target/test-dir/MiniOzoneClusterImpl-f920765f-c79e-4cb2-9fab-80d27ae0d835/datanode-4/data/ratis] (custom)
2019-08-21 08:12:35,575 [JUnit] INFO  replication.SimpleContainerDownloader (SimpleContainerDownloader.java:<init>(72)) - Starting container downloader service to copy containers to replicate.
2019-08-21 08:12:35,577 [JUnit] INFO  hdfs.DFSUtil (DFSUtil.java:httpServerTemplateForNNAndJN(1641)) - Starting Web-server for hddsDatanode at: http://0.0.0.0:0
2019-08-21 08:12:35,579 [JUnit] INFO  server.AuthenticationFilter (AuthenticationFilter.java:constructSecretProvider(240)) - Unable to initialize FileSignerSecretProvider, falling back to use random secrets.
2019-08-21 08:12:35,580 [JUnit] WARN  http.HttpRequestLog (HttpRequestLog.java:getRequestLog(97)) - Jetty request log can only be enabled using Log4j
2019-08-21 08:12:35,583 [JUnit] INFO  http.HttpServer2 (HttpServer2.java:addGlobalFilter(975)) - Added global filter 'safety' (class=org.apache.hadoop.http.HttpServer2$QuotingInputFilter)
2019-08-21 08:12:35,584 [JUnit] INFO  http.HttpServer2 (HttpServer2.java:addFilter(948)) - Added filter static_user_filter (class=org.apache.hadoop.http.lib.StaticUserWebFilter$StaticUserFilter) to context hddsDatanode
2019-08-21 08:12:35,585 [JUnit] INFO  http.HttpServer2 (HttpServer2.java:addFilter(958)) - Added filter static_user_filter (class=org.apache.hadoop.http.lib.StaticUserWebFilter$StaticUserFilter) to context logs
2019-08-21 08:12:35,585 [JUnit] INFO  http.HttpServer2 (HttpServer2.java:addFilter(958)) - Added filter static_user_filter (class=org.apache.hadoop.http.lib.StaticUserWebFilter$StaticUserFilter) to context static
2019-08-21 08:12:35,586 [JUnit] INFO  http.HttpServer2 (HttpServer2.java:bindListener(1191)) - Jetty bound to port 43429
2019-08-21 08:12:35,586 [JUnit] INFO  server.Server (Server.java:doStart(351)) - jetty-9.3.24.v20180605, build timestamp: 2018-06-05T17:11:56Z, git hash: 84205aa28f11a4f31f2a3b86d1bba2cc8ab69827
2019-08-21 08:12:35,589 [JUnit] INFO  handler.ContextHandler (ContextHandler.java:doStart(781)) - Started o.e.j.s.ServletContextHandler@7ac5b4c{/logs,file:///workdir/hadoop-ozone/ozonefs/target/log,AVAILABLE}
2019-08-21 08:12:35,590 [JUnit] INFO  handler.ContextHandler (ContextHandler.java:doStart(781)) - Started o.e.j.s.ServletContextHandler@55d8c2c4{/static,jar:file:/home/user/.m2/repository/org/apache/hadoop/hadoop-hdds-container-service/0.5.0-SNAPSHOT/hadoop-hdds-container-service-0.5.0-SNAPSHOT.jar!/webapps/static,AVAILABLE}
2019-08-21 08:12:35,630 [JUnit] INFO  handler.ContextHandler (ContextHandler.java:doStart(781)) - Started o.e.j.w.WebAppContext@47569167{/,file:///tmp/jetty-0.0.0.0-43429-hddsDatanode-_-any-4481662177010435358.dir/webapp/,AVAILABLE}{/hddsDatanode}
2019-08-21 08:12:35,631 [JUnit] INFO  server.AbstractConnector (AbstractConnector.java:doStart(278)) - Started ServerConnector@42d9e8d2{HTTP/1.1,[http/1.1]}{0.0.0.0:43429}
2019-08-21 08:12:35,632 [JUnit] INFO  server.Server (Server.java:doStart(419)) - Started @12692ms
2019-08-21 08:12:35,633 [JUnit] INFO  server.BaseHttpServer (BaseHttpServer.java:updateConnectorAddress(213)) - HTTP server of HDDSDATANODE is listening at http://0.0.0.0:43429
2019-08-21 08:12:35,856 | INFO  | ObjectStoreRestHttpServer | Listening HDDS REST traffic on /0.0.0.0:33929 |  
2019-08-21 08:12:35,857 [JUnit] INFO  ozone.HddsDatanodeService (HddsDatanodeService.java:startPlugins(395)) - Started plug-in org.apache.hadoop.ozone.web.OzoneHddsDatanodeService@8eb6f9a
2019-08-21 08:12:35,860 [JUnit] INFO  ozone.MiniOzoneClusterImpl (MiniOzoneClusterImpl.java:lambda$waitForClusterToBeReady$0(142)) - Waiting for cluster to be ready. Got 0 of 5 DN Heartbeats.
2019-08-21 08:12:35,862 [org.apache.hadoop.util.JvmPauseMonitor$Monitor@a7c3dfa] INFO  util.JvmPauseMonitor (JvmPauseMonitor.java:run(188)) - Starting JVM pause monitor
2019-08-21 08:12:35,874 [Datanode State Machine Thread - 0] INFO  datanode.InitDatanodeState (InitDatanodeState.java:persistContainerDatanodeDetails(140)) - DatanodeDetails is persisted to /workdir/hadoop-ozone/ozonefs/target/test-dir/MiniOzoneClusterImpl-f920765f-c79e-4cb2-9fab-80d27ae0d835/datanode-4/meta/datanode.id
2019-08-21 08:12:36,773 | INFO  | SCMAudit | user=jenkins1000 | ip=192.168.69.98 | op=GET_VERSION null | ret=SUCCESS |  
2019-08-21 08:12:36,860 [JUnit] INFO  ozone.MiniOzoneClusterImpl (MiniOzoneClusterImpl.java:lambda$waitForClusterToBeReady$0(142)) - Waiting for cluster to be ready. Got 0 of 5 DN Heartbeats.
2019-08-21 08:12:37,004 | INFO  | SCMAudit | user=jenkins1000 | ip=192.168.69.98 | op=GET_VERSION null | ret=SUCCESS |  
2019-08-21 08:12:37,242 | INFO  | SCMAudit | user=jenkins1000 | ip=192.168.69.98 | op=GET_VERSION null | ret=SUCCESS |  
2019-08-21 08:12:37,543 | INFO  | SCMAudit | user=jenkins1000 | ip=192.168.69.98 | op=GET_VERSION null | ret=SUCCESS |  
2019-08-21 08:12:37,861 [JUnit] INFO  ozone.MiniOzoneClusterImpl (MiniOzoneClusterImpl.java:lambda$waitForClusterToBeReady$0(142)) - Waiting for cluster to be ready. Got 0 of 5 DN Heartbeats.
2019-08-21 08:12:37,865 | INFO  | SCMAudit | user=jenkins1000 | ip=192.168.69.98 | op=GET_VERSION null | ret=SUCCESS |  
2019-08-21 08:12:38,862 [JUnit] INFO  ozone.MiniOzoneClusterImpl (MiniOzoneClusterImpl.java:lambda$waitForClusterToBeReady$0(142)) - Waiting for cluster to be ready. Got 0 of 5 DN Heartbeats.
2019-08-21 08:12:39,862 [JUnit] INFO  ozone.MiniOzoneClusterImpl (MiniOzoneClusterImpl.java:lambda$waitForClusterToBeReady$0(142)) - Waiting for cluster to be ready. Got 0 of 5 DN Heartbeats.
2019-08-21 08:12:39,870 [Datanode State Machine Thread - 0] INFO  ozoneimpl.OzoneContainer (OzoneContainer.java:start(186)) - Attempting to start container services.
2019-08-21 08:12:39,870 [Datanode State Machine Thread - 0] INFO  ozoneimpl.OzoneContainer (OzoneContainer.java:start(186)) - Attempting to start container services.
2019-08-21 08:12:39,872 [Datanode State Machine Thread - 0] INFO  ozoneimpl.OzoneContainer (OzoneContainer.java:startContainerScrub(160)) - Background container scrubber has been disabled by hdds.containerscrub.enabled
2019-08-21 08:12:39,870 [Datanode State Machine Thread - 0] INFO  ozoneimpl.OzoneContainer (OzoneContainer.java:start(186)) - Attempting to start container services.
2019-08-21 08:12:39,874 [Datanode State Machine Thread - 0] INFO  ratis.XceiverServerRatis (XceiverServerRatis.java:start(404)) - Starting XceiverServerRatis 8818b25a-cc32-416d-b0d7-5ef35322c461 at port 0
2019-08-21 08:12:39,874 [Datanode State Machine Thread - 0] INFO  ozoneimpl.OzoneContainer (OzoneContainer.java:startContainerScrub(160)) - Background container scrubber has been disabled by hdds.containerscrub.enabled
2019-08-21 08:12:39,875 [Datanode State Machine Thread - 0] INFO  ozoneimpl.OzoneContainer (OzoneContainer.java:startContainerScrub(160)) - Background container scrubber has been disabled by hdds.containerscrub.enabled
2019-08-21 08:12:39,876 [Datanode State Machine Thread - 0] INFO  ratis.XceiverServerRatis (XceiverServerRatis.java:start(404)) - Starting XceiverServerRatis 3bc16160-9396-4d55-a90a-1ea9741a1bf0 at port 0
2019-08-21 08:12:39,877 [Datanode State Machine Thread - 0] INFO  ratis.XceiverServerRatis (XceiverServerRatis.java:start(404)) - Starting XceiverServerRatis 843a8a06-63c5-4c43-b00f-82deb1361a05 at port 0
2019-08-21 08:12:39,917 [Datanode State Machine Thread - 0] INFO  impl.RaftServerProxy (RaftServerProxy.java:lambda$start$3(299)) - 3bc16160-9396-4d55-a90a-1ea9741a1bf0: start RPC server
2019-08-21 08:12:39,917 [Datanode State Machine Thread - 0] INFO  impl.RaftServerProxy (RaftServerProxy.java:lambda$start$3(299)) - 8818b25a-cc32-416d-b0d7-5ef35322c461: start RPC server
2019-08-21 08:12:39,917 [Datanode State Machine Thread - 0] INFO  impl.RaftServerProxy (RaftServerProxy.java:lambda$start$3(299)) - 843a8a06-63c5-4c43-b00f-82deb1361a05: start RPC server
2019-08-21 08:12:40,070 [Datanode State Machine Thread - 0] INFO  ozoneimpl.OzoneContainer (OzoneContainer.java:start(186)) - Attempting to start container services.
2019-08-21 08:12:40,071 [Datanode State Machine Thread - 0] INFO  ozoneimpl.OzoneContainer (OzoneContainer.java:start(186)) - Attempting to start container services.
2019-08-21 08:12:40,073 [Datanode State Machine Thread - 0] INFO  ozoneimpl.OzoneContainer (OzoneContainer.java:startContainerScrub(160)) - Background container scrubber has been disabled by hdds.containerscrub.enabled
2019-08-21 08:12:40,076 [Datanode State Machine Thread - 0] INFO  ozoneimpl.OzoneContainer (OzoneContainer.java:startContainerScrub(160)) - Background container scrubber has been disabled by hdds.containerscrub.enabled
2019-08-21 08:12:40,076 [Datanode State Machine Thread - 0] INFO  ratis.XceiverServerRatis (XceiverServerRatis.java:start(404)) - Starting XceiverServerRatis d10a584c-cd44-4cb9-a980-f9a54f9e6bca at port 0
2019-08-21 08:12:40,076 [Datanode State Machine Thread - 0] INFO  ratis.XceiverServerRatis (XceiverServerRatis.java:start(404)) - Starting XceiverServerRatis d811d2eb-18f9-450b-b8bf-c6dd8b463693 at port 0
2019-08-21 08:12:40,083 [Datanode State Machine Thread - 0] INFO  server.GrpcService (GrpcService.java:startImpl(149)) - 843a8a06-63c5-4c43-b00f-82deb1361a05: GrpcService started, listening on 0.0.0.0/0.0.0.0:40919
2019-08-21 08:12:40,083 [Datanode State Machine Thread - 0] INFO  server.GrpcService (GrpcService.java:startImpl(149)) - 8818b25a-cc32-416d-b0d7-5ef35322c461: GrpcService started, listening on 0.0.0.0/0.0.0.0:34359
2019-08-21 08:12:40,083 [Datanode State Machine Thread - 0] INFO  server.GrpcService (GrpcService.java:startImpl(149)) - 3bc16160-9396-4d55-a90a-1ea9741a1bf0: GrpcService started, listening on 0.0.0.0/0.0.0.0:41294
2019-08-21 08:12:40,085 [Datanode State Machine Thread - 0] INFO  ratis.XceiverServerRatis (XceiverServerRatis.java:start(414)) - XceiverServerRatis 8818b25a-cc32-416d-b0d7-5ef35322c461 is started using port 34359
2019-08-21 08:12:40,085 [Datanode State Machine Thread - 0] INFO  ratis.XceiverServerRatis (XceiverServerRatis.java:start(414)) - XceiverServerRatis 843a8a06-63c5-4c43-b00f-82deb1361a05 is started using port 40919
2019-08-21 08:12:40,085 [Datanode State Machine Thread - 0] INFO  ratis.XceiverServerRatis (XceiverServerRatis.java:start(414)) - XceiverServerRatis 3bc16160-9396-4d55-a90a-1ea9741a1bf0 is started using port 41294
2019-08-21 08:12:40,093 [Datanode State Machine Thread - 0] INFO  impl.RaftServerProxy (RaftServerProxy.java:lambda$start$3(299)) - d10a584c-cd44-4cb9-a980-f9a54f9e6bca: start RPC server
2019-08-21 08:12:40,093 [Datanode State Machine Thread - 0] INFO  server.XceiverServerGrpc (XceiverServerGrpc.java:start(161)) - XceiverServerGrpc 843a8a06-63c5-4c43-b00f-82deb1361a05 is started using port 33706
2019-08-21 08:12:40,093 [Datanode State Machine Thread - 0] INFO  server.XceiverServerGrpc (XceiverServerGrpc.java:start(161)) - XceiverServerGrpc 8818b25a-cc32-416d-b0d7-5ef35322c461 is started using port 34360
2019-08-21 08:12:40,093 [Datanode State Machine Thread - 0] INFO  server.XceiverServerGrpc (XceiverServerGrpc.java:start(161)) - XceiverServerGrpc 3bc16160-9396-4d55-a90a-1ea9741a1bf0 is started using port 45640
2019-08-21 08:12:40,097 [Datanode State Machine Thread - 0] INFO  impl.RaftServerProxy (RaftServerProxy.java:lambda$start$3(299)) - d811d2eb-18f9-450b-b8bf-c6dd8b463693: start RPC server
2019-08-21 08:12:40,097 [Datanode State Machine Thread - 0] INFO  server.GrpcService (GrpcService.java:startImpl(149)) - d10a584c-cd44-4cb9-a980-f9a54f9e6bca: GrpcService started, listening on 0.0.0.0/0.0.0.0:46625
2019-08-21 08:12:40,099 [Datanode State Machine Thread - 0] INFO  ratis.XceiverServerRatis (XceiverServerRatis.java:start(414)) - XceiverServerRatis d10a584c-cd44-4cb9-a980-f9a54f9e6bca is started using port 46625
2019-08-21 08:12:40,099 [Datanode State Machine Thread - 0] INFO  server.GrpcService (GrpcService.java:startImpl(149)) - d811d2eb-18f9-450b-b8bf-c6dd8b463693: GrpcService started, listening on 0.0.0.0/0.0.0.0:42823
2019-08-21 08:12:40,100 [Datanode State Machine Thread - 0] INFO  ratis.XceiverServerRatis (XceiverServerRatis.java:start(414)) - XceiverServerRatis d811d2eb-18f9-450b-b8bf-c6dd8b463693 is started using port 42823
2019-08-21 08:12:40,103 [Datanode State Machine Thread - 0] INFO  server.XceiverServerGrpc (XceiverServerGrpc.java:start(161)) - XceiverServerGrpc d10a584c-cd44-4cb9-a980-f9a54f9e6bca is started using port 34610
2019-08-21 08:12:40,103 [Datanode State Machine Thread - 0] INFO  server.XceiverServerGrpc (XceiverServerGrpc.java:start(161)) - XceiverServerGrpc d811d2eb-18f9-450b-b8bf-c6dd8b463693 is started using port 39937
2019-08-21 08:12:40,785 [IPC Server handler 4 on 38668] INFO  net.NetworkTopology (NetworkTopologyImpl.java:add(110)) - Added a new node: /default-rack/843a8a06-63c5-4c43-b00f-82deb1361a05
2019-08-21 08:12:40,785 [IPC Server handler 4 on 38668] INFO  node.SCMNodeManager (SCMNodeManager.java:register(273)) - Registered Data node : 843a8a06-63c5-4c43-b00f-82deb1361a05{ip: 192.168.69.98, host: pr-hdds-1950-tl9pt-285257851, networkLocation: /default-rack, certSerialId: null}
2019-08-21 08:12:40,789 [EventQueue-NodeRegistrationContainerReportForDataNodeSafeModeRule] INFO  safemode.SCMSafeModeManager (DataNodeSafeModeRule.java:process(71)) - SCM in safe mode. 1 DataNodes registered, 1 required.
2019-08-21 08:12:40,790 [EventQueue-NodeRegistrationContainerReportForDataNodeSafeModeRule] INFO  safemode.SCMSafeModeManager (SCMSafeModeManager.java:validateSafeModeExitRules(177)) - ScmSafeModeManager, all rules are successfully validated
2019-08-21 08:12:40,790 [EventQueue-NodeRegistrationContainerReportForDataNodeSafeModeRule] INFO  safemode.SCMSafeModeManager (SCMSafeModeManager.java:exitSafeMode(193)) - SCM exiting safe mode.
2019-08-21 08:12:40,803 | INFO  | SCMAudit | user=jenkins1000 | ip=192.168.69.98 | op=REGISTER {datanodeDetails=843a8a06-63c5-4c43-b00f-82deb1361a05{ip: 192.168.69.98, host: pr-hdds-1950-tl9pt-285257851, networkLocation: /default-rack, certSerialId: null}} | ret=SUCCESS |  
2019-08-21 08:12:40,863 [JUnit] INFO  ozone.MiniOzoneClusterImpl (MiniOzoneClusterImpl.java:lambda$waitForClusterToBeReady$0(142)) - Waiting for cluster to be ready. Got 1 of 5 DN Heartbeats.
2019-08-21 08:12:41,006 [IPC Server handler 2 on 38668] INFO  net.NetworkTopology (NetworkTopologyImpl.java:add(110)) - Added a new node: /default-rack/8818b25a-cc32-416d-b0d7-5ef35322c461
2019-08-21 08:12:41,007 [IPC Server handler 2 on 38668] INFO  node.SCMNodeManager (SCMNodeManager.java:register(273)) - Registered Data node : 8818b25a-cc32-416d-b0d7-5ef35322c461{ip: 192.168.69.98, host: pr-hdds-1950-tl9pt-285257851, networkLocation: /default-rack, certSerialId: null}
2019-08-21 08:12:41,007 | INFO  | SCMAudit | user=jenkins1000 | ip=192.168.69.98 | op=REGISTER {datanodeDetails=8818b25a-cc32-416d-b0d7-5ef35322c461{ip: 192.168.69.98, host: pr-hdds-1950-tl9pt-285257851, networkLocation: /default-rack, certSerialId: null}} | ret=SUCCESS |  
2019-08-21 08:12:41,583 [IPC Server handler 4 on 38668] INFO  net.NetworkTopology (NetworkTopologyImpl.java:add(110)) - Added a new node: /default-rack/d10a584c-cd44-4cb9-a980-f9a54f9e6bca
2019-08-21 08:12:41,583 [IPC Server handler 2 on 38668] INFO  net.NetworkTopology (NetworkTopologyImpl.java:add(110)) - Added a new node: /default-rack/3bc16160-9396-4d55-a90a-1ea9741a1bf0
2019-08-21 08:12:41,583 [IPC Server handler 4 on 38668] INFO  node.SCMNodeManager (SCMNodeManager.java:register(273)) - Registered Data node : d10a584c-cd44-4cb9-a980-f9a54f9e6bca{ip: 192.168.69.98, host: pr-hdds-1950-tl9pt-285257851, networkLocation: /default-rack, certSerialId: null}
2019-08-21 08:12:41,583 [IPC Server handler 2 on 38668] INFO  node.SCMNodeManager (SCMNodeManager.java:register(273)) - Registered Data node : 3bc16160-9396-4d55-a90a-1ea9741a1bf0{ip: 192.168.69.98, host: pr-hdds-1950-tl9pt-285257851, networkLocation: /default-rack, certSerialId: null}
2019-08-21 08:12:41,584 | INFO  | SCMAudit | user=jenkins1000 | ip=192.168.69.98 | op=REGISTER {datanodeDetails=d10a584c-cd44-4cb9-a980-f9a54f9e6bca{ip: 192.168.69.98, host: pr-hdds-1950-tl9pt-285257851, networkLocation: /default-rack, certSerialId: null}} | ret=SUCCESS |  
2019-08-21 08:12:41,584 | INFO  | SCMAudit | user=jenkins1000 | ip=192.168.69.98 | op=REGISTER {datanodeDetails=3bc16160-9396-4d55-a90a-1ea9741a1bf0{ip: 192.168.69.98, host: pr-hdds-1950-tl9pt-285257851, networkLocation: /default-rack, certSerialId: null}} | ret=SUCCESS |  
2019-08-21 08:12:41,694 [grpc-default-executor-0] INFO  impl.RaftServerProxy (RaftServerProxy.java:addNew(89)) - 843a8a06-63c5-4c43-b00f-82deb1361a05: addNew group-D5E5248B429A:[843a8a06-63c5-4c43-b00f-82deb1361a05:192.168.69.98:40919] returns group-D5E5248B429A:java.util.concurrent.CompletableFuture@add58fc[Not completed]
2019-08-21 08:12:41,709 [pool-27-thread-1] INFO  impl.RaftServerImpl (RaftServerImpl.java:<init>(93)) - 843a8a06-63c5-4c43-b00f-82deb1361a05: new RaftServerImpl for group-D5E5248B429A:[843a8a06-63c5-4c43-b00f-82deb1361a05:192.168.69.98:40919] with ContainerStateMachine:uninitialized
2019-08-21 08:12:41,711 [pool-27-thread-1] INFO  server.RaftServerConfigKeys (ConfUtils.java:logGet(43)) - raft.server.rpc.timeout.min = 5s (custom)
2019-08-21 08:12:41,712 [pool-27-thread-1] INFO  server.RaftServerConfigKeys (ConfUtils.java:logGet(43)) - raft.server.rpc.timeout.max = 5200ms (custom)
2019-08-21 08:12:41,712 [pool-27-thread-1] INFO  server.RaftServerConfigKeys (ConfUtils.java:logGet(43)) - raft.server.rpcslowness.timeout = 120s (custom)
2019-08-21 08:12:41,712 [pool-27-thread-1] INFO  server.RaftServerConfigKeys (ConfUtils.java:logGet(43)) - raft.server.sleep.deviation.threshold = 300 (default)
2019-08-21 08:12:41,713 [pool-27-thread-1] INFO  server.RaftServerConfigKeys (ConfUtils.java:logGet(43)) - raft.server.log.appender.install.snapshot.enabled = false (custom)
2019-08-21 08:12:41,720 [pool-27-thread-1] INFO  impl.RaftServerImpl (ServerState.java:<init>(105)) - 843a8a06-63c5-4c43-b00f-82deb1361a05:group-D5E5248B429A ConfigurationManager, init=-1: [843a8a06-63c5-4c43-b00f-82deb1361a05:192.168.69.98:40919], old=null, confs=<EMPTY_MAP>
2019-08-21 08:12:41,720 [pool-27-thread-1] INFO  server.RaftServerConfigKeys (ConfUtils.java:logGet(43)) - raft.server.storage.dir = [/workdir/hadoop-ozone/ozonefs/target/test-dir/MiniOzoneClusterImpl-f920765f-c79e-4cb2-9fab-80d27ae0d835/datanode-0/data/ratis] (custom)
2019-08-21 08:12:41,726 [pool-27-thread-1] INFO  storage.RaftStorageDirectory (RaftStorageDirectory.java:analyzeStorage(246)) - The storage directory /workdir/hadoop-ozone/ozonefs/target/test-dir/MiniOzoneClusterImpl-f920765f-c79e-4cb2-9fab-80d27ae0d835/datanode-0/data/ratis/344f099b-1e30-4f6e-8663-d5e5248b429a does not exist. Creating ...
2019-08-21 08:12:41,864 [JUnit] INFO  ozone.MiniOzoneClusterImpl (MiniOzoneClusterImpl.java:lambda$waitForClusterToBeReady$0(142)) - Waiting for cluster to be ready. Got 4 of 5 DN Heartbeats.
2019-08-21 08:12:41,866 [IPC Server handler 6 on 38668] INFO  net.NetworkTopology (NetworkTopologyImpl.java:add(110)) - Added a new node: /default-rack/d811d2eb-18f9-450b-b8bf-c6dd8b463693
2019-08-21 08:12:41,867 [IPC Server handler 6 on 38668] INFO  node.SCMNodeManager (SCMNodeManager.java:register(273)) - Registered Data node : d811d2eb-18f9-450b-b8bf-c6dd8b463693{ip: 192.168.69.98, host: pr-hdds-1950-tl9pt-285257851, networkLocation: /default-rack, certSerialId: null}
2019-08-21 08:12:41,867 | INFO  | SCMAudit | user=jenkins1000 | ip=192.168.69.98 | op=REGISTER {datanodeDetails=d811d2eb-18f9-450b-b8bf-c6dd8b463693{ip: 192.168.69.98, host: pr-hdds-1950-tl9pt-285257851, networkLocation: /default-rack, certSerialId: null}} | ret=SUCCESS |  
2019-08-21 08:12:42,765 | INFO  | SCMAudit | user=jenkins1000 | ip=192.168.69.98 | op=SEND_HEARTBEAT {datanodeUUID=843a8a06-63c5-4c43-b00f-82deb1361a05, command=[]} | ret=SUCCESS |  
2019-08-21 08:12:42,864 [JUnit] INFO  ozone.MiniOzoneClusterImpl (MiniOzoneClusterImpl.java:lambda$waitForClusterToBeReady$0(142)) - Cluster is ready. Got 5 of 5 DN Heartbeats.
2019-08-21 08:12:43,006 | INFO  | SCMAudit | user=jenkins1000 | ip=192.168.69.98 | op=SEND_HEARTBEAT {datanodeUUID=8818b25a-cc32-416d-b0d7-5ef35322c461, command=[]} | ret=SUCCESS |  
2019-08-21 08:12:43,274 | INFO  | OMAudit | user=jenkins1000 | ip=127.0.0.1 | op=CREATE_VOLUME {admin=admin89905, owner=user06511, volume=volume15924, creationTime=1566375163268, quotaInBytes=1152921504606846976} | ret=SUCCESS |  
2019-08-21 08:12:43,308 | INFO  | OMAudit | user=jenkins1000 | ip=127.0.0.1 | op=CREATE_BUCKET {volume=volume15924, bucket=bucket23335, acls=[], isVersionEnabled=false, storageType=DISK, creationTime=0} | ret=SUCCESS |  
2019-08-21 08:12:43,544 | INFO  | OMAudit | user=jenkins1000 | ip=127.0.0.1 | op=READ_VOLUME {volume=volume15924} | ret=SUCCESS |  
2019-08-21 08:12:43,554 | INFO  | OMAudit | user=jenkins1000 | ip=127.0.0.1 | op=READ_BUCKET {volume=volume15924, bucket=bucket23335} | ret=SUCCESS |  
2019-08-21 08:12:43,582 [Thread-208] INFO  contract.AbstractFSContractTestBase (AbstractFSContractTestBase.java:setup(184)) - Test filesystem = o3fs://bucket23335.volume15924 implemented by OzoneFileSystem{URI=o3fs://bucket23335.volume15924, workingDir=o3fs://bucket23335.volume15924/user/jenkins1000, userName=jenkins1000, statistics=0 bytes read, 0 bytes written, 0 read ops, 0 large read ops, 0 write ops}
2019-08-21 08:12:43,592 | INFO  | SCMAudit | user=jenkins1000 | ip=192.168.69.98 | op=SEND_HEARTBEAT {datanodeUUID=d10a584c-cd44-4cb9-a980-f9a54f9e6bca, command=[]} | ret=SUCCESS |  
2019-08-21 08:12:43,593 | INFO  | SCMAudit | user=jenkins1000 | ip=192.168.69.98 | op=SEND_HEARTBEAT {datanodeUUID=3bc16160-9396-4d55-a90a-1ea9741a1bf0, command=[]} | ret=SUCCESS |  
2019-08-21 08:12:43,653 | INFO  | OMAudit | user=jenkins1000 | ip=127.0.0.1 | op=CREATE_DIRECTORY {volume=volume15924, bucket=bucket23335, key=test, dataSize=0, replicationType=null, replicationFactor=null, keyLocationInfo=null} | ret=SUCCESS |  
2019-08-21 08:12:43,654 [Thread-208] INFO  contract.AbstractFSContractTestBase (AbstractFSContractTestBase.java:describe(255)) - verify trying to create a file over a non-empty dir fails, use builder API=false
2019-08-21 08:12:43,661 | INFO  | OMAudit | user=jenkins1000 | ip=127.0.0.1 | op=CREATE_DIRECTORY {volume=volume15924, bucket=bucket23335, key=test/testOverwriteNonEmptyDirectory, dataSize=0, replicationType=null, replicationFactor=null, keyLocationInfo=null} | ret=SUCCESS |  
2019-08-21 08:12:43,672 | INFO  | OMAudit | user=jenkins1000 | ip=127.0.0.1 | op=GET_FILE_STATUS {volume=volume15924, bucket=bucket23335, key=test/testOverwriteNonEmptyDirectory, dataSize=0, replicationType=null, replicationFactor=null, keyLocationInfo=null} | ret=SUCCESS |  
2019-08-21 08:12:43,744 | INFO  | SCMAudit | user=jenkins1000 | ip=192.168.69.98 | op=SEND_HEARTBEAT {datanodeUUID=843a8a06-63c5-4c43-b00f-82deb1361a05, command=[]} | ret=SUCCESS |  
2019-08-21 08:12:43,791 [Thread-207] INFO  container.ReplicationManager (ReplicationManager.java:start(152)) - Starting Replication Monitor Thread.
2019-08-21 08:12:43,794 [ReplicationMonitor] INFO  container.ReplicationManager (ReplicationManager.java:run(215)) - Replication Monitor Thread took 1 milliseconds for processing 0 containers.
2019-08-21 08:12:43,866 | INFO  | SCMAudit | user=jenkins1000 | ip=192.168.69.98 | op=SEND_HEARTBEAT {datanodeUUID=d811d2eb-18f9-450b-b8bf-c6dd8b463693, command=[]} | ret=SUCCESS |  
2019-08-21 08:12:43,989 [RATISCREATEPIPELINE1] ERROR pipeline.RatisPipelineProvider (RatisPipelineProvider.java:lambda$null$5(235)) - Failed invoke Ratis rpc org.apache.hadoop.hdds.scm.pipeline.RatisPipelineProvider$$Lambda$176/1507754141@7649842c for 843a8a06-63c5-4c43-b00f-82deb1361a05
org.apache.ratis.protocol.TimeoutIOException: deadline exceeded after 2958055856ns
	at org.apache.ratis.grpc.GrpcUtil.tryUnwrapException(GrpcUtil.java:82)
	at org.apache.ratis.grpc.GrpcUtil.unwrapException(GrpcUtil.java:75)
	at org.apache.ratis.grpc.client.GrpcClientProtocolClient.blockingCall(GrpcClientProtocolClient.java:169)
	at org.apache.ratis.grpc.client.GrpcClientProtocolClient.groupAdd(GrpcClientProtocolClient.java:138)
	at org.apache.ratis.grpc.client.GrpcClientRpc.sendRequest(GrpcClientRpc.java:94)
	at org.apache.ratis.client.impl.RaftClientImpl.sendRequest(RaftClientImpl.java:279)
	at org.apache.ratis.client.impl.RaftClientImpl.groupAdd(RaftClientImpl.java:206)
	at org.apache.hadoop.hdds.scm.pipeline.RatisPipelineProvider.lambda$initializePipeline$4(RatisPipelineProvider.java:194)
	at org.apache.hadoop.hdds.scm.pipeline.RatisPipelineProvider.lambda$null$5(RatisPipelineProvider.java:231)
	at java.util.stream.ForEachOps$ForEachOp$OfRef.accept(ForEachOps.java:184)
	at java.util.ArrayList$ArrayListSpliterator.forEachRemaining(ArrayList.java:1382)
	at java.util.stream.AbstractPipeline.copyInto(AbstractPipeline.java:482)
	at java.util.stream.ForEachOps$ForEachTask.compute(ForEachOps.java:291)
	at java.util.concurrent.CountedCompleter.exec(CountedCompleter.java:731)
	at java.util.concurrent.ForkJoinTask.doExec(ForkJoinTask.java:289)
	at java.util.concurrent.ForkJoinTask.doInvoke(ForkJoinTask.java:401)
	at java.util.concurrent.ForkJoinTask.invoke(ForkJoinTask.java:734)
	at java.util.stream.ForEachOps$ForEachOp.evaluateParallel(ForEachOps.java:160)
	at java.util.stream.ForEachOps$ForEachOp$OfRef.evaluateParallel(ForEachOps.java:174)
	at java.util.stream.AbstractPipeline.evaluate(AbstractPipeline.java:233)
	at java.util.stream.ReferencePipeline.forEach(ReferencePipeline.java:418)
	at java.util.stream.ReferencePipeline$Head.forEach(ReferencePipeline.java:583)
	at org.apache.hadoop.hdds.scm.pipeline.RatisPipelineProvider.lambda$callRatisRpc$6(RatisPipelineProvider.java:225)
	at java.util.concurrent.ForkJoinTask$AdaptedRunnableAction.exec(ForkJoinTask.java:1386)
	at java.util.concurrent.ForkJoinTask.doExec(ForkJoinTask.java:289)
	at java.util.concurrent.ForkJoinPool$WorkQueue.runTask(ForkJoinPool.java:1056)
	at java.util.concurrent.ForkJoinPool.runWorker(ForkJoinPool.java:1692)
	at java.util.concurrent.ForkJoinWorkerThread.run(ForkJoinWorkerThread.java:157)
Caused by: org.apache.ratis.thirdparty.io.grpc.StatusRuntimeException: DEADLINE_EXCEEDED: deadline exceeded after 2958055856ns
	at org.apache.ratis.thirdparty.io.grpc.stub.ClientCalls.toStatusRuntimeException(ClientCalls.java:233)
	at org.apache.ratis.thirdparty.io.grpc.stub.ClientCalls.getUnchecked(ClientCalls.java:214)
	at org.apache.ratis.thirdparty.io.grpc.stub.ClientCalls.blockingUnaryCall(ClientCalls.java:139)
	at org.apache.ratis.proto.grpc.AdminProtocolServiceGrpc$AdminProtocolServiceBlockingStub.groupManagement(AdminProtocolServiceGrpc.java:274)
	at org.apache.ratis.grpc.client.GrpcClientProtocolClient.lambda$groupAdd$3(GrpcClientProtocolClient.java:140)
	at org.apache.ratis.grpc.client.GrpcClientProtocolClient.blockingCall(GrpcClientProtocolClient.java:167)
	... 25 more
2019-08-21 08:12:44,013 | INFO  | SCMAudit | user=jenkins1000 | ip=192.168.69.98 | op=SEND_HEARTBEAT {datanodeUUID=8818b25a-cc32-416d-b0d7-5ef35322c461, command=[]} | ret=SUCCESS |  
2019-08-21 08:12:44,056 [grpc-default-executor-2] INFO  impl.RaftServerProxy (RaftServerProxy.java:addNew(89)) - 843a8a06-63c5-4c43-b00f-82deb1361a05: addNew group-E641089875EB:[8818b25a-cc32-416d-b0d7-5ef35322c461:192.168.69.98:34359, d10a584c-cd44-4cb9-a980-f9a54f9e6bca:192.168.69.98:46625, 843a8a06-63c5-4c43-b00f-82deb1361a05:192.168.69.98:40919] returns group-E641089875EB:java.util.concurrent.CompletableFuture@12be20d7[Not completed]
2019-08-21 08:12:44,066 [grpc-default-executor-2] INFO  impl.RaftServerProxy (RaftServerProxy.java:addNew(89)) - d10a584c-cd44-4cb9-a980-f9a54f9e6bca: addNew group-E641089875EB:[8818b25a-cc32-416d-b0d7-5ef35322c461:192.168.69.98:34359, d10a584c-cd44-4cb9-a980-f9a54f9e6bca:192.168.69.98:46625, 843a8a06-63c5-4c43-b00f-82deb1361a05:192.168.69.98:40919] returns group-E641089875EB:java.util.concurrent.CompletableFuture@7d8dcec7[Not completed]
2019-08-21 08:12:44,067 [grpc-default-executor-0] INFO  impl.RaftServerProxy (RaftServerProxy.java:addNew(89)) - 8818b25a-cc32-416d-b0d7-5ef35322c461: addNew group-E641089875EB:[8818b25a-cc32-416d-b0d7-5ef35322c461:192.168.69.98:34359, d10a584c-cd44-4cb9-a980-f9a54f9e6bca:192.168.69.98:46625, 843a8a06-63c5-4c43-b00f-82deb1361a05:192.168.69.98:40919] returns group-E641089875EB:java.util.concurrent.CompletableFuture@798f358a[Not completed]
2019-08-21 08:12:44,110 [pool-60-thread-1] INFO  impl.RaftServerImpl (RaftServerImpl.java:<init>(93)) - d10a584c-cd44-4cb9-a980-f9a54f9e6bca: new RaftServerImpl for group-E641089875EB:[8818b25a-cc32-416d-b0d7-5ef35322c461:192.168.69.98:34359, d10a584c-cd44-4cb9-a980-f9a54f9e6bca:192.168.69.98:46625, 843a8a06-63c5-4c43-b00f-82deb1361a05:192.168.69.98:40919] with ContainerStateMachine:uninitialized
2019-08-21 08:12:44,113 [pool-60-thread-1] INFO  server.RaftServerConfigKeys (ConfUtils.java:logGet(43)) - raft.server.rpc.timeout.min = 5s (custom)
2019-08-21 08:12:44,125 [pool-60-thread-1] INFO  server.RaftServerConfigKeys (ConfUtils.java:logGet(43)) - raft.server.rpc.timeout.max = 5200ms (custom)
2019-08-21 08:12:44,125 [pool-60-thread-1] INFO  server.RaftServerConfigKeys (ConfUtils.java:logGet(43)) - raft.server.rpcslowness.timeout = 120s (custom)
2019-08-21 08:12:44,125 [pool-60-thread-1] INFO  server.RaftServerConfigKeys (ConfUtils.java:logGet(43)) - raft.server.sleep.deviation.threshold = 300 (default)
2019-08-21 08:12:44,125 [pool-60-thread-1] INFO  server.RaftServerConfigKeys (ConfUtils.java:logGet(43)) - raft.server.log.appender.install.snapshot.enabled = false (custom)
2019-08-21 08:12:44,126 [pool-38-thread-1] INFO  impl.RaftServerImpl (RaftServerImpl.java:<init>(93)) - 8818b25a-cc32-416d-b0d7-5ef35322c461: new RaftServerImpl for group-E641089875EB:[8818b25a-cc32-416d-b0d7-5ef35322c461:192.168.69.98:34359, d10a584c-cd44-4cb9-a980-f9a54f9e6bca:192.168.69.98:46625, 843a8a06-63c5-4c43-b00f-82deb1361a05:192.168.69.98:40919] with ContainerStateMachine:uninitialized
2019-08-21 08:12:44,126 [pool-60-thread-1] INFO  impl.RaftServerImpl (ServerState.java:<init>(105)) - d10a584c-cd44-4cb9-a980-f9a54f9e6bca:group-E641089875EB ConfigurationManager, init=-1: [8818b25a-cc32-416d-b0d7-5ef35322c461:192.168.69.98:34359, d10a584c-cd44-4cb9-a980-f9a54f9e6bca:192.168.69.98:46625, 843a8a06-63c5-4c43-b00f-82deb1361a05:192.168.69.98:40919], old=null, confs=<EMPTY_MAP>
2019-08-21 08:12:44,126 [pool-38-thread-1] INFO  server.RaftServerConfigKeys (ConfUtils.java:logGet(43)) - raft.server.rpc.timeout.min = 5s (custom)
2019-08-21 08:12:44,126 [pool-60-thread-1] INFO  server.RaftServerConfigKeys (ConfUtils.java:logGet(43)) - raft.server.storage.dir = [/workdir/hadoop-ozone/ozonefs/target/test-dir/MiniOzoneClusterImpl-f920765f-c79e-4cb2-9fab-80d27ae0d835/datanode-3/data/ratis] (custom)
2019-08-21 08:12:44,126 [pool-38-thread-1] INFO  server.RaftServerConfigKeys (ConfUtils.java:logGet(43)) - raft.server.rpc.timeout.max = 5200ms (custom)
2019-08-21 08:12:44,126 [pool-38-thread-1] INFO  server.RaftServerConfigKeys (ConfUtils.java:logGet(43)) - raft.server.rpcslowness.timeout = 120s (custom)
2019-08-21 08:12:44,127 [pool-60-thread-1] INFO  storage.RaftStorageDirectory (RaftStorageDirectory.java:analyzeStorage(246)) - The storage directory /workdir/hadoop-ozone/ozonefs/target/test-dir/MiniOzoneClusterImpl-f920765f-c79e-4cb2-9fab-80d27ae0d835/datanode-3/data/ratis/1a40b073-79df-44ee-be58-e641089875eb does not exist. Creating ...
2019-08-21 08:12:44,128 [pool-38-thread-1] INFO  server.RaftServerConfigKeys (ConfUtils.java:logGet(43)) - raft.server.sleep.deviation.threshold = 300 (default)
2019-08-21 08:12:44,128 [pool-38-thread-1] INFO  server.RaftServerConfigKeys (ConfUtils.java:logGet(43)) - raft.server.log.appender.install.snapshot.enabled = false (custom)
2019-08-21 08:12:44,128 [pool-38-thread-1] INFO  impl.RaftServerImpl (ServerState.java:<init>(105)) - 8818b25a-cc32-416d-b0d7-5ef35322c461:group-E641089875EB ConfigurationManager, init=-1: [8818b25a-cc32-416d-b0d7-5ef35322c461:192.168.69.98:34359, d10a584c-cd44-4cb9-a980-f9a54f9e6bca:192.168.69.98:46625, 843a8a06-63c5-4c43-b00f-82deb1361a05:192.168.69.98:40919], old=null, confs=<EMPTY_MAP>
2019-08-21 08:12:44,128 [pool-38-thread-1] INFO  server.RaftServerConfigKeys (ConfUtils.java:logGet(43)) - raft.server.storage.dir = [/workdir/hadoop-ozone/ozonefs/target/test-dir/MiniOzoneClusterImpl-f920765f-c79e-4cb2-9fab-80d27ae0d835/datanode-1/data/ratis] (custom)
2019-08-21 08:12:44,129 [pool-38-thread-1] INFO  storage.RaftStorageDirectory (RaftStorageDirectory.java:analyzeStorage(246)) - The storage directory /workdir/hadoop-ozone/ozonefs/target/test-dir/MiniOzoneClusterImpl-f920765f-c79e-4cb2-9fab-80d27ae0d835/datanode-1/data/ratis/1a40b073-79df-44ee-be58-e641089875eb does not exist. Creating ...
2019-08-21 08:12:44,584 | INFO  | SCMAudit | user=jenkins1000 | ip=192.168.69.98 | op=SEND_HEARTBEAT {datanodeUUID=d10a584c-cd44-4cb9-a980-f9a54f9e6bca, command=[]} | ret=SUCCESS |  
2019-08-21 08:12:44,584 | INFO  | SCMAudit | user=jenkins1000 | ip=192.168.69.98 | op=SEND_HEARTBEAT {datanodeUUID=3bc16160-9396-4d55-a90a-1ea9741a1bf0, command=[]} | ret=SUCCESS |  
2019-08-21 08:12:44,744 | INFO  | SCMAudit | user=jenkins1000 | ip=192.168.69.98 | op=SEND_HEARTBEAT {datanodeUUID=843a8a06-63c5-4c43-b00f-82deb1361a05, command=[]} | ret=SUCCESS |  
2019-08-21 08:12:44,857 [pool-27-thread-1] INFO  storage.RaftStorageDirectory (RaftStorageDirectory.java:tryLock(328)) - Lock on /workdir/hadoop-ozone/ozonefs/target/test-dir/MiniOzoneClusterImpl-f920765f-c79e-4cb2-9fab-80d27ae0d835/datanode-0/data/ratis/344f099b-1e30-4f6e-8663-d5e5248b429a/in_use.lock acquired by nodename 3063@pr-hdds-1950-tl9pt-285257851
2019-08-21 08:12:44,866 | INFO  | SCMAudit | user=jenkins1000 | ip=192.168.69.98 | op=SEND_HEARTBEAT {datanodeUUID=d811d2eb-18f9-450b-b8bf-c6dd8b463693, command=[]} | ret=SUCCESS |  
2019-08-21 08:12:45,008 | INFO  | SCMAudit | user=jenkins1000 | ip=192.168.69.98 | op=SEND_HEARTBEAT {datanodeUUID=8818b25a-cc32-416d-b0d7-5ef35322c461, command=[]} | ret=SUCCESS |  
2019-08-21 08:12:45,585 | INFO  | SCMAudit | user=jenkins1000 | ip=192.168.69.98 | op=SEND_HEARTBEAT {datanodeUUID=d10a584c-cd44-4cb9-a980-f9a54f9e6bca, command=[]} | ret=SUCCESS |  
2019-08-21 08:12:45,585 | INFO  | SCMAudit | user=jenkins1000 | ip=192.168.69.98 | op=SEND_HEARTBEAT {datanodeUUID=3bc16160-9396-4d55-a90a-1ea9741a1bf0, command=[]} | ret=SUCCESS |  
2019-08-21 08:12:45,744 | INFO  | SCMAudit | user=jenkins1000 | ip=192.168.69.98 | op=SEND_HEARTBEAT {datanodeUUID=843a8a06-63c5-4c43-b00f-82deb1361a05, command=[]} | ret=SUCCESS |  
2019-08-21 08:12:45,866 | INFO  | SCMAudit | user=jenkins1000 | ip=192.168.69.98 | op=SEND_HEARTBEAT {datanodeUUID=d811d2eb-18f9-450b-b8bf-c6dd8b463693, command=[]} | ret=SUCCESS |  
2019-08-21 08:12:46,006 | INFO  | SCMAudit | user=jenkins1000 | ip=192.168.69.98 | op=SEND_HEARTBEAT {datanodeUUID=8818b25a-cc32-416d-b0d7-5ef35322c461, command=[]} | ret=SUCCESS |  
2019-08-21 08:12:46,473 [pool-60-thread-1] INFO  storage.RaftStorageDirectory (RaftStorageDirectory.java:tryLock(328)) - Lock on /workdir/hadoop-ozone/ozonefs/target/test-dir/MiniOzoneClusterImpl-f920765f-c79e-4cb2-9fab-80d27ae0d835/datanode-3/data/ratis/1a40b073-79df-44ee-be58-e641089875eb/in_use.lock acquired by nodename 3063@pr-hdds-1950-tl9pt-285257851
2019-08-21 08:12:46,473 [pool-27-thread-1] INFO  storage.RaftStorage (RaftStorage.java:format(72)) - Storage directory /workdir/hadoop-ozone/ozonefs/target/test-dir/MiniOzoneClusterImpl-f920765f-c79e-4cb2-9fab-80d27ae0d835/datanode-0/data/ratis/344f099b-1e30-4f6e-8663-d5e5248b429a has been successfully formatted.
2019-08-21 08:12:46,473 [pool-38-thread-1] INFO  storage.RaftStorageDirectory (RaftStorageDirectory.java:tryLock(328)) - Lock on /workdir/hadoop-ozone/ozonefs/target/test-dir/MiniOzoneClusterImpl-f920765f-c79e-4cb2-9fab-80d27ae0d835/datanode-1/data/ratis/1a40b073-79df-44ee-be58-e641089875eb/in_use.lock acquired by nodename 3063@pr-hdds-1950-tl9pt-285257851
2019-08-21 08:12:46,477 [pool-27-thread-1] INFO  ratis.ContainerStateMachine (ContainerStateMachine.java:loadSnapshot(226)) - group-D5E5248B429A: The snapshot info is null. Setting the last applied indexto:(t:0, i:~)
2019-08-21 08:12:46,478 [pool-27-thread-1] INFO  server.RaftServerConfigKeys (ConfUtils.java:logGet(43)) - raft.server.leader.election.timeout = 120s (custom)
2019-08-21 08:12:46,481 [pool-27-thread-1] INFO  server.RaftServerConfigKeys (ConfUtils.java:logGet(43)) - raft.server.log.use.memory = false (default)
2019-08-21 08:12:46,490 [pool-27-thread-1] INFO  server.RaftServerConfigKeys (ConfUtils.java:logGet(43)) - raft.server.log.purge.gap = 1000000 (custom)
2019-08-21 08:12:46,490 [pool-27-thread-1] INFO  server.RaftServerConfigKeys (ConfUtils.java:logGet(43)) - raft.server.log.appender.buffer.byte-limit = 33554432 (custom)
2019-08-21 08:12:46,493 [pool-27-thread-1] INFO  server.RaftServerConfigKeys (ConfUtils.java:logGet(43)) - raft.server.log.segment.size.max = 1048576 (custom)
2019-08-21 08:12:46,500 [pool-27-thread-1] INFO  server.RaftServerConfigKeys (ConfUtils.java:logGet(43)) - raft.server.log.segment.cache.num.max = 2 (custom)
2019-08-21 08:12:46,508 [pool-27-thread-1] INFO  segmented.SegmentedRaftLogWorker (SegmentedRaftLogWorker.java:<init>(172)) - new 843a8a06-63c5-4c43-b00f-82deb1361a05-SegmentedRaftLogWorker:Storage Directory /workdir/hadoop-ozone/ozonefs/target/test-dir/MiniOzoneClusterImpl-f920765f-c79e-4cb2-9fab-80d27ae0d835/datanode-0/data/ratis/344f099b-1e30-4f6e-8663-d5e5248b429a for RaftStorage:Storage Directory /workdir/hadoop-ozone/ozonefs/target/test-dir/MiniOzoneClusterImpl-f920765f-c79e-4cb2-9fab-80d27ae0d835/datanode-0/data/ratis/344f099b-1e30-4f6e-8663-d5e5248b429a
2019-08-21 08:12:46,526 [pool-27-thread-1] INFO  server.RaftServerConfigKeys (ConfUtils.java:logGet(43)) - raft.server.log.queue.byte-limit = 2147483647 (custom)
2019-08-21 08:12:46,526 [pool-27-thread-1] INFO  server.RaftServerConfigKeys (ConfUtils.java:logGet(43)) - raft.server.log.queue.element-limit = 1024 (custom)
2019-08-21 08:12:46,533 [pool-27-thread-1] INFO  server.RaftServerConfigKeys (ConfUtils.java:logGet(43)) - raft.server.log.segment.size.max = 1048576 (custom)
2019-08-21 08:12:46,533 [pool-27-thread-1] INFO  server.RaftServerConfigKeys (ConfUtils.java:logGet(43)) - raft.server.log.preallocated.size = 16384 (custom)
2019-08-21 08:12:46,534 [pool-27-thread-1] INFO  server.RaftServerConfigKeys (ConfUtils.java:logGet(43)) - raft.server.log.write.buffer.size = 33554432 (custom)
2019-08-21 08:12:46,534 [pool-27-thread-1] INFO  server.RaftServerConfigKeys (ConfUtils.java:logGet(43)) - raft.server.log.force.sync.num = 128 (default)
2019-08-21 08:12:46,536 [pool-27-thread-1] INFO  server.RaftServerConfigKeys (ConfUtils.java:logGet(43)) - raft.server.log.statemachine.data.sync = true (default)
2019-08-21 08:12:46,536 [pool-27-thread-1] INFO  server.RaftServerConfigKeys (ConfUtils.java:logGet(43)) - raft.server.log.statemachine.data.sync.timeout = 10s (default)
2019-08-21 08:12:46,537 [pool-27-thread-1] INFO  server.RaftServerConfigKeys (ConfUtils.java:logGet(43)) - raft.server.log.statemachine.data.sync.timeout.retry = -1 (default)
2019-08-21 08:12:46,548 [pool-27-thread-1] INFO  server.RaftServerConfigKeys (ConfUtils.java:logGet(43)) - raft.server.log.statemachine.data.caching.enabled = true (custom)
2019-08-21 08:12:46,553 [pool-27-thread-1] INFO  segmented.SegmentedRaftLogWorker (SegmentedRaftLogWorker.java:lambda$new$0(132)) - 843a8a06-63c5-4c43-b00f-82deb1361a05-SegmentedRaftLogWorker:Storage Directory /workdir/hadoop-ozone/ozonefs/target/test-dir/MiniOzoneClusterImpl-f920765f-c79e-4cb2-9fab-80d27ae0d835/datanode-0/data/ratis/344f099b-1e30-4f6e-8663-d5e5248b429a: flushIndex: setUnconditionally 0 -> -1
2019-08-21 08:12:46,558 [pool-27-thread-1] INFO  server.RaftServerConfigKeys (ConfUtils.java:logGet(43)) - raft.server.snapshot.auto.trigger.enabled = true (custom)
2019-08-21 08:12:46,559 [pool-27-thread-1] INFO  server.RaftServerConfigKeys (ConfUtils.java:logGet(43)) - raft.server.snapshot.auto.trigger.threshold = 10000 (custom)
2019-08-21 08:12:46,560 [pool-27-thread-1] INFO  server.RaftServerConfigKeys (ConfUtils.java:logGet(43)) - raft.server.retrycache.expirytime = 600000ms (custom)
2019-08-21 08:12:46,594 | INFO  | SCMAudit | user=jenkins1000 | ip=192.168.69.98 | op=SEND_HEARTBEAT {datanodeUUID=d10a584c-cd44-4cb9-a980-f9a54f9e6bca, command=[]} | ret=SUCCESS |  
2019-08-21 08:12:46,594 | INFO  | SCMAudit | user=jenkins1000 | ip=192.168.69.98 | op=SEND_HEARTBEAT {datanodeUUID=3bc16160-9396-4d55-a90a-1ea9741a1bf0, command=[]} | ret=SUCCESS |  
2019-08-21 08:12:46,596 [pool-27-thread-1] INFO  impl.RaftServerImpl (RaftServerImpl.java:<init>(93)) - 843a8a06-63c5-4c43-b00f-82deb1361a05: new RaftServerImpl for group-E641089875EB:[8818b25a-cc32-416d-b0d7-5ef35322c461:192.168.69.98:34359, d10a584c-cd44-4cb9-a980-f9a54f9e6bca:192.168.69.98:46625, 843a8a06-63c5-4c43-b00f-82deb1361a05:192.168.69.98:40919] with ContainerStateMachine:uninitialized
2019-08-21 08:12:46,596 [pool-27-thread-1] INFO  server.RaftServerConfigKeys (ConfUtils.java:logGet(43)) - raft.server.rpc.timeout.min = 5s (custom)
2019-08-21 08:12:46,596 [pool-27-thread-1] INFO  server.RaftServerConfigKeys (ConfUtils.java:logGet(43)) - raft.server.rpc.timeout.max = 5200ms (custom)
2019-08-21 08:12:46,596 [pool-27-thread-1] INFO  server.RaftServerConfigKeys (ConfUtils.java:logGet(43)) - raft.server.rpcslowness.timeout = 120s (custom)
2019-08-21 08:12:46,596 [pool-27-thread-1] INFO  server.RaftServerConfigKeys (ConfUtils.java:logGet(43)) - raft.server.sleep.deviation.threshold = 300 (default)
2019-08-21 08:12:46,596 [pool-27-thread-1] INFO  server.RaftServerConfigKeys (ConfUtils.java:logGet(43)) - raft.server.log.appender.install.snapshot.enabled = false (custom)
2019-08-21 08:12:46,596 [pool-27-thread-1] INFO  impl.RaftServerImpl (ServerState.java:<init>(105)) - 843a8a06-63c5-4c43-b00f-82deb1361a05:group-E641089875EB ConfigurationManager, init=-1: [8818b25a-cc32-416d-b0d7-5ef35322c461:192.168.69.98:34359, d10a584c-cd44-4cb9-a980-f9a54f9e6bca:192.168.69.98:46625, 843a8a06-63c5-4c43-b00f-82deb1361a05:192.168.69.98:40919], old=null, confs=<EMPTY_MAP>
2019-08-21 08:12:46,596 [pool-27-thread-1] INFO  server.RaftServerConfigKeys (ConfUtils.java:logGet(43)) - raft.server.storage.dir = [/workdir/hadoop-ozone/ozonefs/target/test-dir/MiniOzoneClusterImpl-f920765f-c79e-4cb2-9fab-80d27ae0d835/datanode-0/data/ratis] (custom)
2019-08-21 08:12:46,597 [pool-27-thread-1] INFO  storage.RaftStorageDirectory (RaftStorageDirectory.java:analyzeStorage(246)) - The storage directory /workdir/hadoop-ozone/ozonefs/target/test-dir/MiniOzoneClusterImpl-f920765f-c79e-4cb2-9fab-80d27ae0d835/datanode-0/data/ratis/1a40b073-79df-44ee-be58-e641089875eb does not exist. Creating ...
2019-08-21 08:12:46,633 [pool-27-thread-1] INFO  storage.RaftStorageDirectory (RaftStorageDirectory.java:tryLock(328)) - Lock on /workdir/hadoop-ozone/ozonefs/target/test-dir/MiniOzoneClusterImpl-f920765f-c79e-4cb2-9fab-80d27ae0d835/datanode-0/data/ratis/1a40b073-79df-44ee-be58-e641089875eb/in_use.lock acquired by nodename 3063@pr-hdds-1950-tl9pt-285257851
2019-08-21 08:12:46,633 [pool-38-thread-1] INFO  storage.RaftStorage (RaftStorage.java:format(72)) - Storage directory /workdir/hadoop-ozone/ozonefs/target/test-dir/MiniOzoneClusterImpl-f920765f-c79e-4cb2-9fab-80d27ae0d835/datanode-1/data/ratis/1a40b073-79df-44ee-be58-e641089875eb has been successfully formatted.
2019-08-21 08:12:46,633 [pool-60-thread-1] INFO  storage.RaftStorage (RaftStorage.java:format(72)) - Storage directory /workdir/hadoop-ozone/ozonefs/target/test-dir/MiniOzoneClusterImpl-f920765f-c79e-4cb2-9fab-80d27ae0d835/datanode-3/data/ratis/1a40b073-79df-44ee-be58-e641089875eb has been successfully formatted.
2019-08-21 08:12:46,636 [pool-38-thread-1] INFO  ratis.ContainerStateMachine (ContainerStateMachine.java:loadSnapshot(226)) - group-E641089875EB: The snapshot info is null. Setting the last applied indexto:(t:0, i:~)
2019-08-21 08:12:46,638 [pool-60-thread-1] INFO  ratis.ContainerStateMachine (ContainerStateMachine.java:loadSnapshot(226)) - group-E641089875EB: The snapshot info is null. Setting the last applied indexto:(t:0, i:~)
2019-08-21 08:12:46,638 [pool-38-thread-1] INFO  server.RaftServerConfigKeys (ConfUtils.java:logGet(43)) - raft.server.leader.election.timeout = 120s (custom)
2019-08-21 08:12:46,638 [pool-60-thread-1] INFO  server.RaftServerConfigKeys (ConfUtils.java:logGet(43)) - raft.server.leader.election.timeout = 120s (custom)
2019-08-21 08:12:46,638 [pool-38-thread-1] INFO  server.RaftServerConfigKeys (ConfUtils.java:logGet(43)) - raft.server.log.use.memory = false (default)
2019-08-21 08:12:46,639 [pool-60-thread-1] INFO  server.RaftServerConfigKeys (ConfUtils.java:logGet(43)) - raft.server.log.use.memory = false (default)
2019-08-21 08:12:46,639 [pool-38-thread-1] INFO  server.RaftServerConfigKeys (ConfUtils.java:logGet(43)) - raft.server.log.purge.gap = 1000000 (custom)
2019-08-21 08:12:46,639 [pool-60-thread-1] INFO  server.RaftServerConfigKeys (ConfUtils.java:logGet(43)) - raft.server.log.purge.gap = 1000000 (custom)
2019-08-21 08:12:46,639 [pool-38-thread-1] INFO  server.RaftServerConfigKeys (ConfUtils.java:logGet(43)) - raft.server.log.appender.buffer.byte-limit = 33554432 (custom)
2019-08-21 08:12:46,639 [pool-60-thread-1] INFO  server.RaftServerConfigKeys (ConfUtils.java:logGet(43)) - raft.server.log.appender.buffer.byte-limit = 33554432 (custom)
2019-08-21 08:12:46,639 [pool-38-thread-1] INFO  server.RaftServerConfigKeys (ConfUtils.java:logGet(43)) - raft.server.log.segment.size.max = 1048576 (custom)
2019-08-21 08:12:46,640 [pool-60-thread-1] INFO  server.RaftServerConfigKeys (ConfUtils.java:logGet(43)) - raft.server.log.segment.size.max = 1048576 (custom)
2019-08-21 08:12:46,640 [pool-38-thread-1] INFO  server.RaftServerConfigKeys (ConfUtils.java:logGet(43)) - raft.server.log.segment.cache.num.max = 2 (custom)
2019-08-21 08:12:46,640 [pool-60-thread-1] INFO  server.RaftServerConfigKeys (ConfUtils.java:logGet(43)) - raft.server.log.segment.cache.num.max = 2 (custom)
2019-08-21 08:12:46,640 [pool-38-thread-1] INFO  segmented.SegmentedRaftLogWorker (SegmentedRaftLogWorker.java:<init>(172)) - new 8818b25a-cc32-416d-b0d7-5ef35322c461-SegmentedRaftLogWorker:Storage Directory /workdir/hadoop-ozone/ozonefs/target/test-dir/MiniOzoneClusterImpl-f920765f-c79e-4cb2-9fab-80d27ae0d835/datanode-1/data/ratis/1a40b073-79df-44ee-be58-e641089875eb for RaftStorage:Storage Directory /workdir/hadoop-ozone/ozonefs/target/test-dir/MiniOzoneClusterImpl-f920765f-c79e-4cb2-9fab-80d27ae0d835/datanode-1/data/ratis/1a40b073-79df-44ee-be58-e641089875eb
2019-08-21 08:12:46,642 [pool-60-thread-1] INFO  segmented.SegmentedRaftLogWorker (SegmentedRaftLogWorker.java:<init>(172)) - new d10a584c-cd44-4cb9-a980-f9a54f9e6bca-SegmentedRaftLogWorker:Storage Directory /workdir/hadoop-ozone/ozonefs/target/test-dir/MiniOzoneClusterImpl-f920765f-c79e-4cb2-9fab-80d27ae0d835/datanode-3/data/ratis/1a40b073-79df-44ee-be58-e641089875eb for RaftStorage:Storage Directory /workdir/hadoop-ozone/ozonefs/target/test-dir/MiniOzoneClusterImpl-f920765f-c79e-4cb2-9fab-80d27ae0d835/datanode-3/data/ratis/1a40b073-79df-44ee-be58-e641089875eb
2019-08-21 08:12:46,642 [pool-38-thread-1] INFO  server.RaftServerConfigKeys (ConfUtils.java:logGet(43)) - raft.server.log.queue.byte-limit = 2147483647 (custom)
2019-08-21 08:12:46,643 [pool-60-thread-1] INFO  server.RaftServerConfigKeys (ConfUtils.java:logGet(43)) - raft.server.log.queue.byte-limit = 2147483647 (custom)
2019-08-21 08:12:46,645 [pool-38-thread-1] INFO  server.RaftServerConfigKeys (ConfUtils.java:logGet(43)) - raft.server.log.queue.element-limit = 1024 (custom)
2019-08-21 08:12:46,645 [pool-60-thread-1] INFO  server.RaftServerConfigKeys (ConfUtils.java:logGet(43)) - raft.server.log.queue.element-limit = 1024 (custom)
2019-08-21 08:12:46,645 [pool-38-thread-1] INFO  server.RaftServerConfigKeys (ConfUtils.java:logGet(43)) - raft.server.log.segment.size.max = 1048576 (custom)
2019-08-21 08:12:46,645 [pool-60-thread-1] INFO  server.RaftServerConfigKeys (ConfUtils.java:logGet(43)) - raft.server.log.segment.size.max = 1048576 (custom)
2019-08-21 08:12:46,646 [pool-38-thread-1] INFO  server.RaftServerConfigKeys (ConfUtils.java:logGet(43)) - raft.server.log.preallocated.size = 16384 (custom)
2019-08-21 08:12:46,646 [pool-60-thread-1] INFO  server.RaftServerConfigKeys (ConfUtils.java:logGet(43)) - raft.server.log.preallocated.size = 16384 (custom)
2019-08-21 08:12:46,646 [pool-38-thread-1] INFO  server.RaftServerConfigKeys (ConfUtils.java:logGet(43)) - raft.server.log.write.buffer.size = 33554432 (custom)
2019-08-21 08:12:46,646 [pool-60-thread-1] INFO  server.RaftServerConfigKeys (ConfUtils.java:logGet(43)) - raft.server.log.write.buffer.size = 33554432 (custom)
2019-08-21 08:12:46,646 [pool-38-thread-1] INFO  server.RaftServerConfigKeys (ConfUtils.java:logGet(43)) - raft.server.log.force.sync.num = 128 (default)
2019-08-21 08:12:46,646 [pool-60-thread-1] INFO  server.RaftServerConfigKeys (ConfUtils.java:logGet(43)) - raft.server.log.force.sync.num = 128 (default)
2019-08-21 08:12:46,647 [pool-38-thread-1] INFO  server.RaftServerConfigKeys (ConfUtils.java:logGet(43)) - raft.server.log.statemachine.data.sync = true (default)
2019-08-21 08:12:46,647 [pool-60-thread-1] INFO  server.RaftServerConfigKeys (ConfUtils.java:logGet(43)) - raft.server.log.statemachine.data.sync = true (default)
2019-08-21 08:12:46,647 [pool-38-thread-1] INFO  server.RaftServerConfigKeys (ConfUtils.java:logGet(43)) - raft.server.log.statemachine.data.sync.timeout = 10s (default)
2019-08-21 08:12:46,647 [pool-60-thread-1] INFO  server.RaftServerConfigKeys (ConfUtils.java:logGet(43)) - raft.server.log.statemachine.data.sync.timeout = 10s (default)
2019-08-21 08:12:46,647 [pool-38-thread-1] INFO  server.RaftServerConfigKeys (ConfUtils.java:logGet(43)) - raft.server.log.statemachine.data.sync.timeout.retry = -1 (default)
2019-08-21 08:12:46,648 [pool-60-thread-1] INFO  server.RaftServerConfigKeys (ConfUtils.java:logGet(43)) - raft.server.log.statemachine.data.sync.timeout.retry = -1 (default)
2019-08-21 08:12:46,648 [pool-38-thread-1] INFO  server.RaftServerConfigKeys (ConfUtils.java:logGet(43)) - raft.server.log.statemachine.data.caching.enabled = true (custom)
2019-08-21 08:12:46,648 [pool-60-thread-1] INFO  server.RaftServerConfigKeys (ConfUtils.java:logGet(43)) - raft.server.log.statemachine.data.caching.enabled = true (custom)
2019-08-21 08:12:46,648 [pool-38-thread-1] INFO  segmented.SegmentedRaftLogWorker (SegmentedRaftLogWorker.java:lambda$new$0(132)) - 8818b25a-cc32-416d-b0d7-5ef35322c461-SegmentedRaftLogWorker:Storage Directory /workdir/hadoop-ozone/ozonefs/target/test-dir/MiniOzoneClusterImpl-f920765f-c79e-4cb2-9fab-80d27ae0d835/datanode-1/data/ratis/1a40b073-79df-44ee-be58-e641089875eb: flushIndex: setUnconditionally 0 -> -1
2019-08-21 08:12:46,649 [pool-60-thread-1] INFO  segmented.SegmentedRaftLogWorker (SegmentedRaftLogWorker.java:lambda$new$0(132)) - d10a584c-cd44-4cb9-a980-f9a54f9e6bca-SegmentedRaftLogWorker:Storage Directory /workdir/hadoop-ozone/ozonefs/target/test-dir/MiniOzoneClusterImpl-f920765f-c79e-4cb2-9fab-80d27ae0d835/datanode-3/data/ratis/1a40b073-79df-44ee-be58-e641089875eb: flushIndex: setUnconditionally 0 -> -1
2019-08-21 08:12:46,649 [pool-38-thread-1] INFO  server.RaftServerConfigKeys (ConfUtils.java:logGet(43)) - raft.server.snapshot.auto.trigger.enabled = true (custom)
2019-08-21 08:12:46,649 [pool-60-thread-1] INFO  server.RaftServerConfigKeys (ConfUtils.java:logGet(43)) - raft.server.snapshot.auto.trigger.enabled = true (custom)
2019-08-21 08:12:46,649 [pool-38-thread-1] INFO  server.RaftServerConfigKeys (ConfUtils.java:logGet(43)) - raft.server.snapshot.auto.trigger.threshold = 10000 (custom)
2019-08-21 08:12:46,649 [pool-60-thread-1] INFO  server.RaftServerConfigKeys (ConfUtils.java:logGet(43)) - raft.server.snapshot.auto.trigger.threshold = 10000 (custom)
2019-08-21 08:12:46,650 [pool-38-thread-1] INFO  server.RaftServerConfigKeys (ConfUtils.java:logGet(43)) - raft.server.retrycache.expirytime = 600000ms (custom)
2019-08-21 08:12:46,650 [pool-60-thread-1] INFO  server.RaftServerConfigKeys (ConfUtils.java:logGet(43)) - raft.server.retrycache.expirytime = 600000ms (custom)
2019-08-21 08:12:46,650 [pool-38-thread-1] INFO  impl.RaftServerImpl (RaftServerImpl.java:start(180)) - 8818b25a-cc32-416d-b0d7-5ef35322c461: start group-E641089875EB
2019-08-21 08:12:46,650 [pool-60-thread-1] INFO  impl.RaftServerImpl (RaftServerImpl.java:start(180)) - d10a584c-cd44-4cb9-a980-f9a54f9e6bca: start group-E641089875EB
2019-08-21 08:12:46,652 [pool-38-thread-1] INFO  impl.RaftServerImpl (RaftServerImpl.java:setRole(171)) - 8818b25a-cc32-416d-b0d7-5ef35322c461:group-E641089875EB changes role from null to FOLLOWER at term 0 for startAsFollower
2019-08-21 08:12:46,652 [pool-60-thread-1] INFO  impl.RaftServerImpl (RaftServerImpl.java:setRole(171)) - d10a584c-cd44-4cb9-a980-f9a54f9e6bca:group-E641089875EB changes role from null to FOLLOWER at term 0 for startAsFollower
2019-08-21 08:12:46,654 [pool-38-thread-1] INFO  impl.RoleInfo (RoleInfo.java:updateAndGet(143)) - 8818b25a-cc32-416d-b0d7-5ef35322c461: start FollowerState
2019-08-21 08:12:46,654 [pool-60-thread-1] INFO  impl.RoleInfo (RoleInfo.java:updateAndGet(143)) - d10a584c-cd44-4cb9-a980-f9a54f9e6bca: start FollowerState
2019-08-21 08:12:46,662 [pool-38-thread-1] INFO  util.JmxRegister (JmxRegister.java:tryRegister(44)) - Successfully registered JMX Bean with object name Ratis:service=RaftServer,group=group-E641089875EB,id=8818b25a-cc32-416d-b0d7-5ef35322c461
2019-08-21 08:12:46,662 [pool-60-thread-1] INFO  util.JmxRegister (JmxRegister.java:tryRegister(44)) - Successfully registered JMX Bean with object name Ratis:service=RaftServer,group=group-E641089875EB,id=d10a584c-cd44-4cb9-a980-f9a54f9e6bca
2019-08-21 08:12:46,742 | INFO  | SCMAudit | user=jenkins1000 | ip=192.168.69.98 | op=SEND_HEARTBEAT {datanodeUUID=843a8a06-63c5-4c43-b00f-82deb1361a05, command=[]} | ret=SUCCESS |  
2019-08-21 08:12:46,865 | INFO  | SCMAudit | user=jenkins1000 | ip=192.168.69.98 | op=SEND_HEARTBEAT {datanodeUUID=d811d2eb-18f9-450b-b8bf-c6dd8b463693, command=[]} | ret=SUCCESS |  
2019-08-21 08:12:47,006 [RATISCREATEPIPELINE2] ERROR pipeline.RatisPipelineProvider (RatisPipelineProvider.java:lambda$null$5(235)) - Failed invoke Ratis rpc org.apache.hadoop.hdds.scm.pipeline.RatisPipelineProvider$$Lambda$176/1507754141@600256a2 for 843a8a06-63c5-4c43-b00f-82deb1361a05
org.apache.ratis.protocol.TimeoutIOException: deadline exceeded after 2994600511ns
	at org.apache.ratis.grpc.GrpcUtil.tryUnwrapException(GrpcUtil.java:82)
	at org.apache.ratis.grpc.GrpcUtil.unwrapException(GrpcUtil.java:75)
	at org.apache.ratis.grpc.client.GrpcClientProtocolClient.blockingCall(GrpcClientProtocolClient.java:169)
	at org.apache.ratis.grpc.client.GrpcClientProtocolClient.groupAdd(GrpcClientProtocolClient.java:138)
	at org.apache.ratis.grpc.client.GrpcClientRpc.sendRequest(GrpcClientRpc.java:94)
	at org.apache.ratis.client.impl.RaftClientImpl.sendRequest(RaftClientImpl.java:279)
	at org.apache.ratis.client.impl.RaftClientImpl.groupAdd(RaftClientImpl.java:206)
	at org.apache.hadoop.hdds.scm.pipeline.RatisPipelineProvider.lambda$initializePipeline$4(RatisPipelineProvider.java:194)
	at org.apache.hadoop.hdds.scm.pipeline.RatisPipelineProvider.lambda$null$5(RatisPipelineProvider.java:231)
	at java.util.stream.ForEachOps$ForEachOp$OfRef.accept(ForEachOps.java:184)
	at java.util.ArrayList$ArrayListSpliterator.forEachRemaining(ArrayList.java:1382)
	at java.util.stream.AbstractPipeline.copyInto(AbstractPipeline.java:482)
	at java.util.stream.ForEachOps$ForEachTask.compute(ForEachOps.java:291)
	at java.util.concurrent.CountedCompleter.exec(CountedCompleter.java:731)
	at java.util.concurrent.ForkJoinTask.doExec(ForkJoinTask.java:289)
	at java.util.concurrent.ForkJoinPool$WorkQueue.runTask(ForkJoinPool.java:1056)
	at java.util.concurrent.ForkJoinPool.runWorker(ForkJoinPool.java:1692)
	at java.util.concurrent.ForkJoinWorkerThread.run(ForkJoinWorkerThread.java:157)
Caused by: org.apache.ratis.thirdparty.io.grpc.StatusRuntimeException: DEADLINE_EXCEEDED: deadline exceeded after 2994600511ns
	at org.apache.ratis.thirdparty.io.grpc.stub.ClientCalls.toStatusRuntimeException(ClientCalls.java:233)
	at org.apache.ratis.thirdparty.io.grpc.stub.ClientCalls.getUnchecked(ClientCalls.java:214)
	at org.apache.ratis.thirdparty.io.grpc.stub.ClientCalls.blockingUnaryCall(ClientCalls.java:139)
	at org.apache.ratis.proto.grpc.AdminProtocolServiceGrpc$AdminProtocolServiceBlockingStub.groupManagement(AdminProtocolServiceGrpc.java:274)
	at org.apache.ratis.grpc.client.GrpcClientProtocolClient.lambda$groupAdd$3(GrpcClientProtocolClient.java:140)
	at org.apache.ratis.grpc.client.GrpcClientProtocolClient.blockingCall(GrpcClientProtocolClient.java:167)
	... 15 more
2019-08-21 08:12:47,009 | INFO  | SCMAudit | user=jenkins1000 | ip=192.168.69.98 | op=SEND_HEARTBEAT {datanodeUUID=8818b25a-cc32-416d-b0d7-5ef35322c461, command=[]} | ret=SUCCESS |  
2019-08-21 08:12:47,040 [grpc-default-executor-2] INFO  impl.RaftServerProxy (RaftServerProxy.java:addNew(89)) - 843a8a06-63c5-4c43-b00f-82deb1361a05: addNew group-876858171022:[843a8a06-63c5-4c43-b00f-82deb1361a05:192.168.69.98:40919] returns group-876858171022:java.util.concurrent.CompletableFuture@5fa846c[Not completed]
2019-08-21 08:12:47,579 | INFO  | SCMAudit | user=jenkins1000 | ip=192.168.69.98 | op=SEND_HEARTBEAT {datanodeUUID=d10a584c-cd44-4cb9-a980-f9a54f9e6bca, command=[]} | ret=SUCCESS |  
2019-08-21 08:12:47,584 | INFO  | SCMAudit | user=jenkins1000 | ip=192.168.69.98 | op=SEND_HEARTBEAT {datanodeUUID=3bc16160-9396-4d55-a90a-1ea9741a1bf0, command=[]} | ret=SUCCESS |  
2019-08-21 08:12:47,743 | INFO  | SCMAudit | user=jenkins1000 | ip=192.168.69.98 | op=SEND_HEARTBEAT {datanodeUUID=843a8a06-63c5-4c43-b00f-82deb1361a05, command=[]} | ret=SUCCESS |  
2019-08-21 08:12:47,866 | INFO  | SCMAudit | user=jenkins1000 | ip=192.168.69.98 | op=SEND_HEARTBEAT {datanodeUUID=d811d2eb-18f9-450b-b8bf-c6dd8b463693, command=[]} | ret=SUCCESS |  
2019-08-21 08:12:48,006 | INFO  | SCMAudit | user=jenkins1000 | ip=192.168.69.98 | op=SEND_HEARTBEAT {datanodeUUID=8818b25a-cc32-416d-b0d7-5ef35322c461, command=[]} | ret=SUCCESS |  
2019-08-21 08:12:48,579 | INFO  | SCMAudit | user=jenkins1000 | ip=192.168.69.98 | op=SEND_HEARTBEAT {datanodeUUID=d10a584c-cd44-4cb9-a980-f9a54f9e6bca, command=[]} | ret=SUCCESS |  
2019-08-21 08:12:48,584 | INFO  | SCMAudit | user=jenkins1000 | ip=192.168.69.98 | op=SEND_HEARTBEAT {datanodeUUID=3bc16160-9396-4d55-a90a-1ea9741a1bf0, command=[]} | ret=SUCCESS |  
2019-08-21 08:12:48,744 | INFO  | SCMAudit | user=jenkins1000 | ip=192.168.69.98 | op=SEND_HEARTBEAT {datanodeUUID=843a8a06-63c5-4c43-b00f-82deb1361a05, command=[]} | ret=SUCCESS |  
2019-08-21 08:12:48,866 | INFO  | SCMAudit | user=jenkins1000 | ip=192.168.69.98 | op=SEND_HEARTBEAT {datanodeUUID=d811d2eb-18f9-450b-b8bf-c6dd8b463693, command=[]} | ret=SUCCESS |  
2019-08-21 08:12:48,995 [pool-27-thread-1] INFO  storage.RaftStorage (RaftStorage.java:format(72)) - Storage directory /workdir/hadoop-ozone/ozonefs/target/test-dir/MiniOzoneClusterImpl-f920765f-c79e-4cb2-9fab-80d27ae0d835/datanode-0/data/ratis/1a40b073-79df-44ee-be58-e641089875eb has been successfully formatted.
2019-08-21 08:12:48,996 [pool-27-thread-1] INFO  ratis.ContainerStateMachine (ContainerStateMachine.java:loadSnapshot(226)) - group-E641089875EB: The snapshot info is null. Setting the last applied indexto:(t:0, i:~)
2019-08-21 08:12:48,996 [pool-27-thread-1] INFO  server.RaftServerConfigKeys (ConfUtils.java:logGet(43)) - raft.server.leader.election.timeout = 120s (custom)
2019-08-21 08:12:48,997 [pool-27-thread-1] INFO  server.RaftServerConfigKeys (ConfUtils.java:logGet(43)) - raft.server.log.use.memory = false (default)
2019-08-21 08:12:48,997 [pool-27-thread-1] INFO  server.RaftServerConfigKeys (ConfUtils.java:logGet(43)) - raft.server.log.purge.gap = 1000000 (custom)
2019-08-21 08:12:48,997 [pool-27-thread-1] INFO  server.RaftServerConfigKeys (ConfUtils.java:logGet(43)) - raft.server.log.appender.buffer.byte-limit = 33554432 (custom)
2019-08-21 08:12:48,997 [pool-27-thread-1] INFO  server.RaftServerConfigKeys (ConfUtils.java:logGet(43)) - raft.server.log.segment.size.max = 1048576 (custom)
2019-08-21 08:12:48,997 [pool-27-thread-1] INFO  server.RaftServerConfigKeys (ConfUtils.java:logGet(43)) - raft.server.log.segment.cache.num.max = 2 (custom)
2019-08-21 08:12:48,998 [pool-27-thread-1] INFO  segmented.SegmentedRaftLogWorker (SegmentedRaftLogWorker.java:<init>(172)) - new 843a8a06-63c5-4c43-b00f-82deb1361a05-SegmentedRaftLogWorker:Storage Directory /workdir/hadoop-ozone/ozonefs/target/test-dir/MiniOzoneClusterImpl-f920765f-c79e-4cb2-9fab-80d27ae0d835/datanode-0/data/ratis/1a40b073-79df-44ee-be58-e641089875eb for RaftStorage:Storage Directory /workdir/hadoop-ozone/ozonefs/target/test-dir/MiniOzoneClusterImpl-f920765f-c79e-4cb2-9fab-80d27ae0d835/datanode-0/data/ratis/1a40b073-79df-44ee-be58-e641089875eb
2019-08-21 08:12:48,998 [pool-27-thread-1] INFO  server.RaftServerConfigKeys (ConfUtils.java:logGet(43)) - raft.server.log.queue.byte-limit = 2147483647 (custom)
2019-08-21 08:12:48,998 [pool-27-thread-1] INFO  server.RaftServerConfigKeys (ConfUtils.java:logGet(43)) - raft.server.log.queue.element-limit = 1024 (custom)
2019-08-21 08:12:48,998 [pool-27-thread-1] INFO  server.RaftServerConfigKeys (ConfUtils.java:logGet(43)) - raft.server.log.segment.size.max = 1048576 (custom)
2019-08-21 08:12:48,998 [pool-27-thread-1] INFO  server.RaftServerConfigKeys (ConfUtils.java:logGet(43)) - raft.server.log.preallocated.size = 16384 (custom)
2019-08-21 08:12:48,999 [pool-27-thread-1] INFO  server.RaftServerConfigKeys (ConfUtils.java:logGet(43)) - raft.server.log.write.buffer.size = 33554432 (custom)
2019-08-21 08:12:48,999 [pool-27-thread-1] INFO  server.RaftServerConfigKeys (ConfUtils.java:logGet(43)) - raft.server.log.force.sync.num = 128 (default)
2019-08-21 08:12:48,999 [pool-27-thread-1] INFO  server.RaftServerConfigKeys (ConfUtils.java:logGet(43)) - raft.server.log.statemachine.data.sync = true (default)
2019-08-21 08:12:48,999 [pool-27-thread-1] INFO  server.RaftServerConfigKeys (ConfUtils.java:logGet(43)) - raft.server.log.statemachine.data.sync.timeout = 10s (default)
2019-08-21 08:12:48,999 [pool-27-thread-1] INFO  server.RaftServerConfigKeys (ConfUtils.java:logGet(43)) - raft.server.log.statemachine.data.sync.timeout.retry = -1 (default)
2019-08-21 08:12:48,999 [pool-27-thread-1] INFO  server.RaftServerConfigKeys (ConfUtils.java:logGet(43)) - raft.server.log.statemachine.data.caching.enabled = true (custom)
2019-08-21 08:12:49,000 [pool-27-thread-1] INFO  segmented.SegmentedRaftLogWorker (SegmentedRaftLogWorker.java:lambda$new$0(132)) - 843a8a06-63c5-4c43-b00f-82deb1361a05-SegmentedRaftLogWorker:Storage Directory /workdir/hadoop-ozone/ozonefs/target/test-dir/MiniOzoneClusterImpl-f920765f-c79e-4cb2-9fab-80d27ae0d835/datanode-0/data/ratis/1a40b073-79df-44ee-be58-e641089875eb: flushIndex: setUnconditionally 0 -> -1
2019-08-21 08:12:49,000 [pool-27-thread-1] INFO  server.RaftServerConfigKeys (ConfUtils.java:logGet(43)) - raft.server.snapshot.auto.trigger.enabled = true (custom)
2019-08-21 08:12:49,001 [pool-27-thread-1] INFO  server.RaftServerConfigKeys (ConfUtils.java:logGet(43)) - raft.server.snapshot.auto.trigger.threshold = 10000 (custom)
2019-08-21 08:12:49,001 [pool-27-thread-1] INFO  server.RaftServerConfigKeys (ConfUtils.java:logGet(43)) - raft.server.retrycache.expirytime = 600000ms (custom)
2019-08-21 08:12:49,001 [pool-27-thread-1] INFO  impl.RaftServerImpl (RaftServerImpl.java:start(180)) - 843a8a06-63c5-4c43-b00f-82deb1361a05: start group-D5E5248B429A
2019-08-21 08:12:49,001 [pool-27-thread-1] INFO  impl.RaftServerImpl (RaftServerImpl.java:setRole(171)) - 843a8a06-63c5-4c43-b00f-82deb1361a05:group-D5E5248B429A changes role from null to FOLLOWER at term 0 for startAsFollower
2019-08-21 08:12:49,001 [pool-27-thread-1] INFO  impl.RoleInfo (RoleInfo.java:updateAndGet(143)) - 843a8a06-63c5-4c43-b00f-82deb1361a05: start FollowerState
2019-08-21 08:12:49,004 [pool-27-thread-1] INFO  util.JmxRegister (JmxRegister.java:tryRegister(44)) - Successfully registered JMX Bean with object name Ratis:service=RaftServer,group=group-D5E5248B429A,id=843a8a06-63c5-4c43-b00f-82deb1361a05
2019-08-21 08:12:49,006 | INFO  | SCMAudit | user=jenkins1000 | ip=192.168.69.98 | op=SEND_HEARTBEAT {datanodeUUID=8818b25a-cc32-416d-b0d7-5ef35322c461, command=[]} | ret=SUCCESS |  
2019-08-21 08:12:49,007 [pool-27-thread-1] INFO  impl.RaftServerImpl (RaftServerImpl.java:<init>(93)) - 843a8a06-63c5-4c43-b00f-82deb1361a05: new RaftServerImpl for group-876858171022:[843a8a06-63c5-4c43-b00f-82deb1361a05:192.168.69.98:40919] with ContainerStateMachine:uninitialized
2019-08-21 08:12:49,007 [pool-27-thread-1] INFO  server.RaftServerConfigKeys (ConfUtils.java:logGet(43)) - raft.server.rpc.timeout.min = 5s (custom)
2019-08-21 08:12:49,007 [pool-27-thread-1] INFO  server.RaftServerConfigKeys (ConfUtils.java:logGet(43)) - raft.server.rpc.timeout.max = 5200ms (custom)
2019-08-21 08:12:49,007 [pool-27-thread-1] INFO  server.RaftServerConfigKeys (ConfUtils.java:logGet(43)) - raft.server.rpcslowness.timeout = 120s (custom)
2019-08-21 08:12:49,008 [pool-27-thread-1] INFO  server.RaftServerConfigKeys (ConfUtils.java:logGet(43)) - raft.server.sleep.deviation.threshold = 300 (default)
2019-08-21 08:12:49,008 [pool-27-thread-1] INFO  server.RaftServerConfigKeys (ConfUtils.java:logGet(43)) - raft.server.log.appender.install.snapshot.enabled = false (custom)
2019-08-21 08:12:49,008 [pool-27-thread-1] INFO  impl.RaftServerImpl (ServerState.java:<init>(105)) - 843a8a06-63c5-4c43-b00f-82deb1361a05:group-876858171022 ConfigurationManager, init=-1: [843a8a06-63c5-4c43-b00f-82deb1361a05:192.168.69.98:40919], old=null, confs=<EMPTY_MAP>
2019-08-21 08:12:49,008 [pool-27-thread-1] INFO  server.RaftServerConfigKeys (ConfUtils.java:logGet(43)) - raft.server.storage.dir = [/workdir/hadoop-ozone/ozonefs/target/test-dir/MiniOzoneClusterImpl-f920765f-c79e-4cb2-9fab-80d27ae0d835/datanode-0/data/ratis] (custom)
2019-08-21 08:12:49,008 [pool-27-thread-1] INFO  storage.RaftStorageDirectory (RaftStorageDirectory.java:analyzeStorage(246)) - The storage directory /workdir/hadoop-ozone/ozonefs/target/test-dir/MiniOzoneClusterImpl-f920765f-c79e-4cb2-9fab-80d27ae0d835/datanode-0/data/ratis/ea7e02eb-4bf3-4f54-97fe-876858171022 does not exist. Creating ...
2019-08-21 08:12:49,579 | INFO  | SCMAudit | user=jenkins1000 | ip=192.168.69.98 | op=SEND_HEARTBEAT {datanodeUUID=d10a584c-cd44-4cb9-a980-f9a54f9e6bca, command=[]} | ret=SUCCESS |  
2019-08-21 08:12:49,583 | INFO  | SCMAudit | user=jenkins1000 | ip=192.168.69.98 | op=SEND_HEARTBEAT {datanodeUUID=3bc16160-9396-4d55-a90a-1ea9741a1bf0, command=[]} | ret=SUCCESS |  
2019-08-21 08:12:49,744 | INFO  | SCMAudit | user=jenkins1000 | ip=192.168.69.98 | op=SEND_HEARTBEAT {datanodeUUID=843a8a06-63c5-4c43-b00f-82deb1361a05, command=[]} | ret=SUCCESS |  
2019-08-21 08:12:49,865 | INFO  | SCMAudit | user=jenkins1000 | ip=192.168.69.98 | op=SEND_HEARTBEAT {datanodeUUID=d811d2eb-18f9-450b-b8bf-c6dd8b463693, command=[]} | ret=SUCCESS |  
2019-08-21 08:12:50,006 | INFO  | SCMAudit | user=jenkins1000 | ip=192.168.69.98 | op=SEND_HEARTBEAT {datanodeUUID=8818b25a-cc32-416d-b0d7-5ef35322c461, command=[]} | ret=SUCCESS |  
2019-08-21 08:12:50,024 [RATISCREATEPIPELINE1] ERROR pipeline.RatisPipelineProvider (RatisPipelineProvider.java:lambda$null$5(235)) - Failed invoke Ratis rpc org.apache.hadoop.hdds.scm.pipeline.RatisPipelineProvider$$Lambda$176/1507754141@45d2f09e for 843a8a06-63c5-4c43-b00f-82deb1361a05
org.apache.ratis.protocol.TimeoutIOException: deadline exceeded after 2999696330ns
	at org.apache.ratis.grpc.GrpcUtil.tryUnwrapException(GrpcUtil.java:82)
	at org.apache.ratis.grpc.GrpcUtil.unwrapException(GrpcUtil.java:75)
	at org.apache.ratis.grpc.client.GrpcClientProtocolClient.blockingCall(GrpcClientProtocolClient.java:169)
	at org.apache.ratis.grpc.client.GrpcClientProtocolClient.groupAdd(GrpcClientProtocolClient.java:138)
	at org.apache.ratis.grpc.client.GrpcClientRpc.sendRequest(GrpcClientRpc.java:94)
	at org.apache.ratis.client.impl.RaftClientImpl.sendRequest(RaftClientImpl.java:279)
	at org.apache.ratis.client.impl.RaftClientImpl.groupAdd(RaftClientImpl.java:206)
	at org.apache.hadoop.hdds.scm.pipeline.RatisPipelineProvider.lambda$initializePipeline$4(RatisPipelineProvider.java:194)
	at org.apache.hadoop.hdds.scm.pipeline.RatisPipelineProvider.lambda$null$5(RatisPipelineProvider.java:231)
	at java.util.stream.ForEachOps$ForEachOp$OfRef.accept(ForEachOps.java:184)
	at java.util.ArrayList$ArrayListSpliterator.forEachRemaining(ArrayList.java:1382)
	at java.util.stream.AbstractPipeline.copyInto(AbstractPipeline.java:482)
	at java.util.stream.ForEachOps$ForEachTask.compute(ForEachOps.java:291)
	at java.util.concurrent.CountedCompleter.exec(CountedCompleter.java:731)
	at java.util.concurrent.ForkJoinTask.doExec(ForkJoinTask.java:289)
	at java.util.concurrent.ForkJoinTask.doInvoke(ForkJoinTask.java:401)
	at java.util.concurrent.ForkJoinTask.invoke(ForkJoinTask.java:734)
	at java.util.stream.ForEachOps$ForEachOp.evaluateParallel(ForEachOps.java:160)
	at java.util.stream.ForEachOps$ForEachOp$OfRef.evaluateParallel(ForEachOps.java:174)
	at java.util.stream.AbstractPipeline.evaluate(AbstractPipeline.java:233)
	at java.util.stream.ReferencePipeline.forEach(ReferencePipeline.java:418)
	at java.util.stream.ReferencePipeline$Head.forEach(ReferencePipeline.java:583)
	at org.apache.hadoop.hdds.scm.pipeline.RatisPipelineProvider.lambda$callRatisRpc$6(RatisPipelineProvider.java:225)
	at java.util.concurrent.ForkJoinTask$AdaptedRunnableAction.exec(ForkJoinTask.java:1386)
	at java.util.concurrent.ForkJoinTask.doExec(ForkJoinTask.java:289)
	at java.util.concurrent.ForkJoinPool$WorkQueue.runTask(ForkJoinPool.java:1056)
	at java.util.concurrent.ForkJoinPool.runWorker(ForkJoinPool.java:1692)
	at java.util.concurrent.ForkJoinWorkerThread.run(ForkJoinWorkerThread.java:157)
Caused by: org.apache.ratis.thirdparty.io.grpc.StatusRuntimeException: DEADLINE_EXCEEDED: deadline exceeded after 2999696330ns
	at org.apache.ratis.thirdparty.io.grpc.stub.ClientCalls.toStatusRuntimeException(ClientCalls.java:233)
	at org.apache.ratis.thirdparty.io.grpc.stub.ClientCalls.getUnchecked(ClientCalls.java:214)
	at org.apache.ratis.thirdparty.io.grpc.stub.ClientCalls.blockingUnaryCall(ClientCalls.java:139)
	at org.apache.ratis.proto.grpc.AdminProtocolServiceGrpc$AdminProtocolServiceBlockingStub.groupManagement(AdminProtocolServiceGrpc.java:274)
	at org.apache.ratis.grpc.client.GrpcClientProtocolClient.lambda$groupAdd$3(GrpcClientProtocolClient.java:140)
	at org.apache.ratis.grpc.client.GrpcClientProtocolClient.blockingCall(GrpcClientProtocolClient.java:167)
	... 25 more
2019-08-21 08:12:50,072 [grpc-default-executor-2] INFO  impl.RaftServerProxy (RaftServerProxy.java:addNew(89)) - 8818b25a-cc32-416d-b0d7-5ef35322c461: addNew group-4081D0D2BC35:[8818b25a-cc32-416d-b0d7-5ef35322c461:192.168.69.98:34359, d10a584c-cd44-4cb9-a980-f9a54f9e6bca:192.168.69.98:46625, 843a8a06-63c5-4c43-b00f-82deb1361a05:192.168.69.98:40919] returns group-4081D0D2BC35:java.util.concurrent.CompletableFuture@24fb4868[Not completed]
2019-08-21 08:12:50,072 [grpc-default-executor-0] INFO  impl.RaftServerProxy (RaftServerProxy.java:addNew(89)) - 843a8a06-63c5-4c43-b00f-82deb1361a05: addNew group-4081D0D2BC35:[8818b25a-cc32-416d-b0d7-5ef35322c461:192.168.69.98:34359, d10a584c-cd44-4cb9-a980-f9a54f9e6bca:192.168.69.98:46625, 843a8a06-63c5-4c43-b00f-82deb1361a05:192.168.69.98:40919] returns group-4081D0D2BC35:java.util.concurrent.CompletableFuture@6144fe0d[Not completed]
2019-08-21 08:12:50,072 [grpc-default-executor-1] INFO  impl.RaftServerProxy (RaftServerProxy.java:addNew(89)) - d10a584c-cd44-4cb9-a980-f9a54f9e6bca: addNew group-4081D0D2BC35:[8818b25a-cc32-416d-b0d7-5ef35322c461:192.168.69.98:34359, d10a584c-cd44-4cb9-a980-f9a54f9e6bca:192.168.69.98:46625, 843a8a06-63c5-4c43-b00f-82deb1361a05:192.168.69.98:40919] returns group-4081D0D2BC35:java.util.concurrent.CompletableFuture@2315bb29[Not completed]
2019-08-21 08:12:50,075 [pool-38-thread-1] INFO  impl.RaftServerImpl (RaftServerImpl.java:<init>(93)) - 8818b25a-cc32-416d-b0d7-5ef35322c461: new RaftServerImpl for group-4081D0D2BC35:[8818b25a-cc32-416d-b0d7-5ef35322c461:192.168.69.98:34359, d10a584c-cd44-4cb9-a980-f9a54f9e6bca:192.168.69.98:46625, 843a8a06-63c5-4c43-b00f-82deb1361a05:192.168.69.98:40919] with ContainerStateMachine:uninitialized
2019-08-21 08:12:50,076 [pool-38-thread-1] INFO  server.RaftServerConfigKeys (ConfUtils.java:logGet(43)) - raft.server.rpc.timeout.min = 5s (custom)
2019-08-21 08:12:50,076 [pool-38-thread-1] INFO  server.RaftServerConfigKeys (ConfUtils.java:logGet(43)) - raft.server.rpc.timeout.max = 5200ms (custom)
2019-08-21 08:12:50,076 [pool-38-thread-1] INFO  server.RaftServerConfigKeys (ConfUtils.java:logGet(43)) - raft.server.rpcslowness.timeout = 120s (custom)
2019-08-21 08:12:50,076 [pool-38-thread-1] INFO  server.RaftServerConfigKeys (ConfUtils.java:logGet(43)) - raft.server.sleep.deviation.threshold = 300 (default)
2019-08-21 08:12:50,076 [pool-60-thread-1] INFO  impl.RaftServerImpl (RaftServerImpl.java:<init>(93)) - d10a584c-cd44-4cb9-a980-f9a54f9e6bca: new RaftServerImpl for group-4081D0D2BC35:[8818b25a-cc32-416d-b0d7-5ef35322c461:192.168.69.98:34359, d10a584c-cd44-4cb9-a980-f9a54f9e6bca:192.168.69.98:46625, 843a8a06-63c5-4c43-b00f-82deb1361a05:192.168.69.98:40919] with ContainerStateMachine:uninitialized
2019-08-21 08:12:50,076 [pool-38-thread-1] INFO  server.RaftServerConfigKeys (ConfUtils.java:logGet(43)) - raft.server.log.appender.install.snapshot.enabled = false (custom)
2019-08-21 08:12:50,076 [pool-60-thread-1] INFO  server.RaftServerConfigKeys (ConfUtils.java:logGet(43)) - raft.server.rpc.timeout.min = 5s (custom)
2019-08-21 08:12:50,077 [pool-38-thread-1] INFO  impl.RaftServerImpl (ServerState.java:<init>(105)) - 8818b25a-cc32-416d-b0d7-5ef35322c461:group-4081D0D2BC35 ConfigurationManager, init=-1: [8818b25a-cc32-416d-b0d7-5ef35322c461:192.168.69.98:34359, d10a584c-cd44-4cb9-a980-f9a54f9e6bca:192.168.69.98:46625, 843a8a06-63c5-4c43-b00f-82deb1361a05:192.168.69.98:40919], old=null, confs=<EMPTY_MAP>
2019-08-21 08:12:50,077 [pool-60-thread-1] INFO  server.RaftServerConfigKeys (ConfUtils.java:logGet(43)) - raft.server.rpc.timeout.max = 5200ms (custom)
2019-08-21 08:12:50,077 [pool-38-thread-1] INFO  server.RaftServerConfigKeys (ConfUtils.java:logGet(43)) - raft.server.storage.dir = [/workdir/hadoop-ozone/ozonefs/target/test-dir/MiniOzoneClusterImpl-f920765f-c79e-4cb2-9fab-80d27ae0d835/datanode-1/data/ratis] (custom)
2019-08-21 08:12:50,077 [pool-60-thread-1] INFO  server.RaftServerConfigKeys (ConfUtils.java:logGet(43)) - raft.server.rpcslowness.timeout = 120s (custom)
2019-08-21 08:12:50,077 [pool-60-thread-1] INFO  server.RaftServerConfigKeys (ConfUtils.java:logGet(43)) - raft.server.sleep.deviation.threshold = 300 (default)
2019-08-21 08:12:50,078 [pool-60-thread-1] INFO  server.RaftServerConfigKeys (ConfUtils.java:logGet(43)) - raft.server.log.appender.install.snapshot.enabled = false (custom)
2019-08-21 08:12:50,078 [pool-38-thread-1] INFO  storage.RaftStorageDirectory (RaftStorageDirectory.java:analyzeStorage(246)) - The storage directory /workdir/hadoop-ozone/ozonefs/target/test-dir/MiniOzoneClusterImpl-f920765f-c79e-4cb2-9fab-80d27ae0d835/datanode-1/data/ratis/3b72aeac-cba7-4193-82f6-4081d0d2bc35 does not exist. Creating ...
2019-08-21 08:12:50,078 [pool-60-thread-1] INFO  impl.RaftServerImpl (ServerState.java:<init>(105)) - d10a584c-cd44-4cb9-a980-f9a54f9e6bca:group-4081D0D2BC35 ConfigurationManager, init=-1: [8818b25a-cc32-416d-b0d7-5ef35322c461:192.168.69.98:34359, d10a584c-cd44-4cb9-a980-f9a54f9e6bca:192.168.69.98:46625, 843a8a06-63c5-4c43-b00f-82deb1361a05:192.168.69.98:40919], old=null, confs=<EMPTY_MAP>
2019-08-21 08:12:50,078 [pool-60-thread-1] INFO  server.RaftServerConfigKeys (ConfUtils.java:logGet(43)) - raft.server.storage.dir = [/workdir/hadoop-ozone/ozonefs/target/test-dir/MiniOzoneClusterImpl-f920765f-c79e-4cb2-9fab-80d27ae0d835/datanode-3/data/ratis] (custom)
2019-08-21 08:12:50,079 [pool-60-thread-1] INFO  storage.RaftStorageDirectory (RaftStorageDirectory.java:analyzeStorage(246)) - The storage directory /workdir/hadoop-ozone/ozonefs/target/test-dir/MiniOzoneClusterImpl-f920765f-c79e-4cb2-9fab-80d27ae0d835/datanode-3/data/ratis/3b72aeac-cba7-4193-82f6-4081d0d2bc35 does not exist. Creating ...
2019-08-21 08:12:50,580 | INFO  | SCMAudit | user=jenkins1000 | ip=192.168.69.98 | op=SEND_HEARTBEAT {datanodeUUID=d10a584c-cd44-4cb9-a980-f9a54f9e6bca, command=[]} | ret=SUCCESS |  
2019-08-21 08:12:50,583 | INFO  | SCMAudit | user=jenkins1000 | ip=192.168.69.98 | op=SEND_HEARTBEAT {datanodeUUID=3bc16160-9396-4d55-a90a-1ea9741a1bf0, command=[]} | ret=SUCCESS |  
2019-08-21 08:12:50,744 | INFO  | SCMAudit | user=jenkins1000 | ip=192.168.69.98 | op=SEND_HEARTBEAT {datanodeUUID=843a8a06-63c5-4c43-b00f-82deb1361a05, command=[]} | ret=SUCCESS |  
2019-08-21 08:12:50,866 | INFO  | SCMAudit | user=jenkins1000 | ip=192.168.69.98 | op=SEND_HEARTBEAT {datanodeUUID=d811d2eb-18f9-450b-b8bf-c6dd8b463693, command=[]} | ret=SUCCESS |  
2019-08-21 08:12:51,006 | INFO  | SCMAudit | user=jenkins1000 | ip=192.168.69.98 | op=SEND_HEARTBEAT {datanodeUUID=8818b25a-cc32-416d-b0d7-5ef35322c461, command=[]} | ret=SUCCESS |  
2019-08-21 08:12:51,581 | INFO  | SCMAudit | user=jenkins1000 | ip=192.168.69.98 | op=SEND_HEARTBEAT {datanodeUUID=d10a584c-cd44-4cb9-a980-f9a54f9e6bca, command=[]} | ret=SUCCESS |  
2019-08-21 08:12:51,583 | INFO  | SCMAudit | user=jenkins1000 | ip=192.168.69.98 | op=SEND_HEARTBEAT {datanodeUUID=3bc16160-9396-4d55-a90a-1ea9741a1bf0, command=[]} | ret=SUCCESS |  
2019-08-21 08:12:51,745 | INFO  | SCMAudit | user=jenkins1000 | ip=192.168.69.98 | op=SEND_HEARTBEAT {datanodeUUID=843a8a06-63c5-4c43-b00f-82deb1361a05, command=[]} | ret=SUCCESS |  
2019-08-21 08:12:51,804 [Thread-219] INFO  impl.FollowerState (FollowerState.java:run(106)) - d10a584c-cd44-4cb9-a980-f9a54f9e6bca:group-E641089875EB changes to CANDIDATE, lastRpcTime:5150, electionTimeout:5144ms
2019-08-21 08:12:51,805 [Thread-219] INFO  impl.RoleInfo (RoleInfo.java:shutdownFollowerState(121)) - d10a584c-cd44-4cb9-a980-f9a54f9e6bca: shutdown FollowerState
2019-08-21 08:12:51,805 [Thread-219] INFO  impl.RaftServerImpl (RaftServerImpl.java:setRole(171)) - d10a584c-cd44-4cb9-a980-f9a54f9e6bca:group-E641089875EB changes role from FOLLOWER to CANDIDATE at term 0 for changeToCandidate
2019-08-21 08:12:51,808 [Thread-219] INFO  impl.RoleInfo (RoleInfo.java:updateAndGet(143)) - d10a584c-cd44-4cb9-a980-f9a54f9e6bca: start LeaderElection
2019-08-21 08:12:51,820 [Thread-218] INFO  impl.FollowerState (FollowerState.java:run(106)) - 8818b25a-cc32-416d-b0d7-5ef35322c461:group-E641089875EB changes to CANDIDATE, lastRpcTime:5166, electionTimeout:5160ms
2019-08-21 08:12:51,821 [Thread-218] INFO  impl.RoleInfo (RoleInfo.java:shutdownFollowerState(121)) - 8818b25a-cc32-416d-b0d7-5ef35322c461: shutdown FollowerState
2019-08-21 08:12:51,821 [Thread-218] INFO  impl.RaftServerImpl (RaftServerImpl.java:setRole(171)) - 8818b25a-cc32-416d-b0d7-5ef35322c461:group-E641089875EB changes role from FOLLOWER to CANDIDATE at term 0 for changeToCandidate
2019-08-21 08:12:51,822 [Thread-218] INFO  impl.RoleInfo (RoleInfo.java:updateAndGet(143)) - 8818b25a-cc32-416d-b0d7-5ef35322c461: start LeaderElection
2019-08-21 08:12:51,867 | INFO  | SCMAudit | user=jenkins1000 | ip=192.168.69.98 | op=SEND_HEARTBEAT {datanodeUUID=d811d2eb-18f9-450b-b8bf-c6dd8b463693, command=[]} | ret=SUCCESS |  
2019-08-21 08:12:51,881 [pool-60-thread-1] INFO  storage.RaftStorageDirectory (RaftStorageDirectory.java:tryLock(328)) - Lock on /workdir/hadoop-ozone/ozonefs/target/test-dir/MiniOzoneClusterImpl-f920765f-c79e-4cb2-9fab-80d27ae0d835/datanode-3/data/ratis/3b72aeac-cba7-4193-82f6-4081d0d2bc35/in_use.lock acquired by nodename 3063@pr-hdds-1950-tl9pt-285257851
2019-08-21 08:12:51,881 [pool-27-thread-1] INFO  storage.RaftStorageDirectory (RaftStorageDirectory.java:tryLock(328)) - Lock on /workdir/hadoop-ozone/ozonefs/target/test-dir/MiniOzoneClusterImpl-f920765f-c79e-4cb2-9fab-80d27ae0d835/datanode-0/data/ratis/ea7e02eb-4bf3-4f54-97fe-876858171022/in_use.lock acquired by nodename 3063@pr-hdds-1950-tl9pt-285257851
2019-08-21 08:12:51,881 [pool-38-thread-1] INFO  storage.RaftStorageDirectory (RaftStorageDirectory.java:tryLock(328)) - Lock on /workdir/hadoop-ozone/ozonefs/target/test-dir/MiniOzoneClusterImpl-f920765f-c79e-4cb2-9fab-80d27ae0d835/datanode-1/data/ratis/3b72aeac-cba7-4193-82f6-4081d0d2bc35/in_use.lock acquired by nodename 3063@pr-hdds-1950-tl9pt-285257851
2019-08-21 08:12:52,006 | INFO  | SCMAudit | user=jenkins1000 | ip=192.168.69.98 | op=SEND_HEARTBEAT {datanodeUUID=8818b25a-cc32-416d-b0d7-5ef35322c461, command=[]} | ret=SUCCESS |  
2019-08-21 08:12:52,581 | INFO  | SCMAudit | user=jenkins1000 | ip=192.168.69.98 | op=SEND_HEARTBEAT {datanodeUUID=d10a584c-cd44-4cb9-a980-f9a54f9e6bca, command=[]} | ret=SUCCESS |  
2019-08-21 08:12:52,583 | INFO  | SCMAudit | user=jenkins1000 | ip=192.168.69.98 | op=SEND_HEARTBEAT {datanodeUUID=3bc16160-9396-4d55-a90a-1ea9741a1bf0, command=[]} | ret=SUCCESS |  
2019-08-21 08:12:52,744 | INFO  | SCMAudit | user=jenkins1000 | ip=192.168.69.98 | op=SEND_HEARTBEAT {datanodeUUID=843a8a06-63c5-4c43-b00f-82deb1361a05, command=[]} | ret=SUCCESS |  
2019-08-21 08:12:52,867 | INFO  | SCMAudit | user=jenkins1000 | ip=192.168.69.98 | op=SEND_HEARTBEAT {datanodeUUID=d811d2eb-18f9-450b-b8bf-c6dd8b463693, command=[]} | ret=SUCCESS |  
2019-08-21 08:12:53,006 | INFO  | SCMAudit | user=jenkins1000 | ip=192.168.69.98 | op=SEND_HEARTBEAT {datanodeUUID=8818b25a-cc32-416d-b0d7-5ef35322c461, command=[]} | ret=SUCCESS |  
2019-08-21 08:12:53,042 [RATISCREATEPIPELINE1] ERROR pipeline.RatisPipelineProvider (RatisPipelineProvider.java:lambda$null$5(235)) - Failed invoke Ratis rpc org.apache.hadoop.hdds.scm.pipeline.RatisPipelineProvider$$Lambda$176/1507754141@7306b213 for 8818b25a-cc32-416d-b0d7-5ef35322c461
org.apache.ratis.protocol.TimeoutIOException: deadline exceeded after 2998135266ns
	at org.apache.ratis.grpc.GrpcUtil.tryUnwrapException(GrpcUtil.java:82)
	at org.apache.ratis.grpc.GrpcUtil.unwrapException(GrpcUtil.java:75)
	at org.apache.ratis.grpc.client.GrpcClientProtocolClient.blockingCall(GrpcClientProtocolClient.java:169)
	at org.apache.ratis.grpc.client.GrpcClientProtocolClient.groupAdd(GrpcClientProtocolClient.java:138)
	at org.apache.ratis.grpc.client.GrpcClientRpc.sendRequest(GrpcClientRpc.java:94)
	at org.apache.ratis.client.impl.RaftClientImpl.sendRequest(RaftClientImpl.java:279)
	at org.apache.ratis.client.impl.RaftClientImpl.groupAdd(RaftClientImpl.java:206)
	at org.apache.hadoop.hdds.scm.pipeline.RatisPipelineProvider.lambda$initializePipeline$4(RatisPipelineProvider.java:194)
	at org.apache.hadoop.hdds.scm.pipeline.RatisPipelineProvider.lambda$null$5(RatisPipelineProvider.java:231)
	at java.util.stream.ForEachOps$ForEachOp$OfRef.accept(ForEachOps.java:184)
	at java.util.ArrayList$ArrayListSpliterator.forEachRemaining(ArrayList.java:1382)
	at java.util.stream.AbstractPipeline.copyInto(AbstractPipeline.java:482)
	at java.util.stream.ForEachOps$ForEachTask.compute(ForEachOps.java:291)
	at java.util.concurrent.CountedCompleter.exec(CountedCompleter.java:731)
	at java.util.concurrent.ForkJoinTask.doExec(ForkJoinTask.java:289)
	at java.util.concurrent.ForkJoinTask.doInvoke(ForkJoinTask.java:401)
	at java.util.concurrent.ForkJoinTask.invoke(ForkJoinTask.java:734)
	at java.util.stream.ForEachOps$ForEachOp.evaluateParallel(ForEachOps.java:160)
	at java.util.stream.ForEachOps$ForEachOp$OfRef.evaluateParallel(ForEachOps.java:174)
	at java.util.stream.AbstractPipeline.evaluate(AbstractPipeline.java:233)
	at java.util.stream.ReferencePipeline.forEach(ReferencePipeline.java:418)
	at java.util.stream.ReferencePipeline$Head.forEach(ReferencePipeline.java:583)
	at org.apache.hadoop.hdds.scm.pipeline.RatisPipelineProvider.lambda$callRatisRpc$6(RatisPipelineProvider.java:225)
	at java.util.concurrent.ForkJoinTask$AdaptedRunnableAction.exec(ForkJoinTask.java:1386)
	at java.util.concurrent.ForkJoinTask.doExec(ForkJoinTask.java:289)
	at java.util.concurrent.ForkJoinPool$WorkQueue.runTask(ForkJoinPool.java:1056)
	at java.util.concurrent.ForkJoinPool.runWorker(ForkJoinPool.java:1692)
	at java.util.concurrent.ForkJoinWorkerThread.run(ForkJoinWorkerThread.java:157)
Caused by: org.apache.ratis.thirdparty.io.grpc.StatusRuntimeException: DEADLINE_EXCEEDED: deadline exceeded after 2998135266ns
	at org.apache.ratis.thirdparty.io.grpc.stub.ClientCalls.toStatusRuntimeException(ClientCalls.java:233)
	at org.apache.ratis.thirdparty.io.grpc.stub.ClientCalls.getUnchecked(ClientCalls.java:214)
	at org.apache.ratis.thirdparty.io.grpc.stub.ClientCalls.blockingUnaryCall(ClientCalls.java:139)
	at org.apache.ratis.proto.grpc.AdminProtocolServiceGrpc$AdminProtocolServiceBlockingStub.groupManagement(AdminProtocolServiceGrpc.java:274)
	at org.apache.ratis.grpc.client.GrpcClientProtocolClient.lambda$groupAdd$3(GrpcClientProtocolClient.java:140)
	at org.apache.ratis.grpc.client.GrpcClientProtocolClient.blockingCall(GrpcClientProtocolClient.java:167)
	... 25 more
2019-08-21 08:12:53,051 [RATISCREATEPIPELINE2] ERROR pipeline.RatisPipelineProvider (RatisPipelineProvider.java:lambda$null$5(235)) - Failed invoke Ratis rpc org.apache.hadoop.hdds.scm.pipeline.RatisPipelineProvider$$Lambda$176/1507754141@7306b213 for 843a8a06-63c5-4c43-b00f-82deb1361a05
org.apache.ratis.protocol.TimeoutIOException: deadline exceeded after 2999661158ns
	at org.apache.ratis.grpc.GrpcUtil.tryUnwrapException(GrpcUtil.java:82)
	at org.apache.ratis.grpc.GrpcUtil.unwrapException(GrpcUtil.java:75)
	at org.apache.ratis.grpc.client.GrpcClientProtocolClient.blockingCall(GrpcClientProtocolClient.java:169)
	at org.apache.ratis.grpc.client.GrpcClientProtocolClient.groupAdd(GrpcClientProtocolClient.java:138)
	at org.apache.ratis.grpc.client.GrpcClientRpc.sendRequest(GrpcClientRpc.java:94)
	at org.apache.ratis.client.impl.RaftClientImpl.sendRequest(RaftClientImpl.java:279)
	at org.apache.ratis.client.impl.RaftClientImpl.groupAdd(RaftClientImpl.java:206)
	at org.apache.hadoop.hdds.scm.pipeline.RatisPipelineProvider.lambda$initializePipeline$4(RatisPipelineProvider.java:194)
	at org.apache.hadoop.hdds.scm.pipeline.RatisPipelineProvider.lambda$null$5(RatisPipelineProvider.java:231)
	at java.util.stream.ForEachOps$ForEachOp$OfRef.accept(ForEachOps.java:184)
	at java.util.ArrayList$ArrayListSpliterator.forEachRemaining(ArrayList.java:1382)
	at java.util.stream.AbstractPipeline.copyInto(AbstractPipeline.java:482)
	at java.util.stream.ForEachOps$ForEachTask.compute(ForEachOps.java:291)
	at java.util.concurrent.CountedCompleter.exec(CountedCompleter.java:731)
	at java.util.concurrent.ForkJoinTask.doExec(ForkJoinTask.java:289)
	at java.util.concurrent.ForkJoinPool$WorkQueue.runTask(ForkJoinPool.java:1056)
	at java.util.concurrent.ForkJoinPool.runWorker(ForkJoinPool.java:1692)
	at java.util.concurrent.ForkJoinWorkerThread.run(ForkJoinWorkerThread.java:157)
Caused by: org.apache.ratis.thirdparty.io.grpc.StatusRuntimeException: DEADLINE_EXCEEDED: deadline exceeded after 2999661158ns
	at org.apache.ratis.thirdparty.io.grpc.stub.ClientCalls.toStatusRuntimeException(ClientCalls.java:233)
	at org.apache.ratis.thirdparty.io.grpc.stub.ClientCalls.getUnchecked(ClientCalls.java:214)
	at org.apache.ratis.thirdparty.io.grpc.stub.ClientCalls.blockingUnaryCall(ClientCalls.java:139)
	at org.apache.ratis.proto.grpc.AdminProtocolServiceGrpc$AdminProtocolServiceBlockingStub.groupManagement(AdminProtocolServiceGrpc.java:274)
	at org.apache.ratis.grpc.client.GrpcClientProtocolClient.lambda$groupAdd$3(GrpcClientProtocolClient.java:140)
	at org.apache.ratis.grpc.client.GrpcClientProtocolClient.blockingCall(GrpcClientProtocolClient.java:167)
	... 15 more
2019-08-21 08:12:53,042 [RATISCREATEPIPELINE3] ERROR pipeline.RatisPipelineProvider (RatisPipelineProvider.java:lambda$null$5(235)) - Failed invoke Ratis rpc org.apache.hadoop.hdds.scm.pipeline.RatisPipelineProvider$$Lambda$176/1507754141@7306b213 for d10a584c-cd44-4cb9-a980-f9a54f9e6bca
org.apache.ratis.protocol.TimeoutIOException: deadline exceeded after 2998199014ns
	at org.apache.ratis.grpc.GrpcUtil.tryUnwrapException(GrpcUtil.java:82)
	at org.apache.ratis.grpc.GrpcUtil.unwrapException(GrpcUtil.java:75)
	at org.apache.ratis.grpc.client.GrpcClientProtocolClient.blockingCall(GrpcClientProtocolClient.java:169)
	at org.apache.ratis.grpc.client.GrpcClientProtocolClient.groupAdd(GrpcClientProtocolClient.java:138)
	at org.apache.ratis.grpc.client.GrpcClientRpc.sendRequest(GrpcClientRpc.java:94)
	at org.apache.ratis.client.impl.RaftClientImpl.sendRequest(RaftClientImpl.java:279)
	at org.apache.ratis.client.impl.RaftClientImpl.groupAdd(RaftClientImpl.java:206)
	at org.apache.hadoop.hdds.scm.pipeline.RatisPipelineProvider.lambda$initializePipeline$4(RatisPipelineProvider.java:194)
	at org.apache.hadoop.hdds.scm.pipeline.RatisPipelineProvider.lambda$null$5(RatisPipelineProvider.java:231)
	at java.util.stream.ForEachOps$ForEachOp$OfRef.accept(ForEachOps.java:184)
	at java.util.ArrayList$ArrayListSpliterator.forEachRemaining(ArrayList.java:1382)
	at java.util.stream.AbstractPipeline.copyInto(AbstractPipeline.java:482)
	at java.util.stream.ForEachOps$ForEachTask.compute(ForEachOps.java:291)
	at java.util.concurrent.CountedCompleter.exec(CountedCompleter.java:731)
	at java.util.concurrent.ForkJoinTask.doExec(ForkJoinTask.java:289)
	at java.util.concurrent.ForkJoinPool$WorkQueue.runTask(ForkJoinPool.java:1056)
	at java.util.concurrent.ForkJoinPool.runWorker(ForkJoinPool.java:1692)
	at java.util.concurrent.ForkJoinWorkerThread.run(ForkJoinWorkerThread.java:157)
Caused by: org.apache.ratis.thirdparty.io.grpc.StatusRuntimeException: DEADLINE_EXCEEDED: deadline exceeded after 2998199014ns
	at org.apache.ratis.thirdparty.io.grpc.stub.ClientCalls.toStatusRuntimeException(ClientCalls.java:233)
	at org.apache.ratis.thirdparty.io.grpc.stub.ClientCalls.getUnchecked(ClientCalls.java:214)
	at org.apache.ratis.thirdparty.io.grpc.stub.ClientCalls.blockingUnaryCall(ClientCalls.java:139)
	at org.apache.ratis.proto.grpc.AdminProtocolServiceGrpc$AdminProtocolServiceBlockingStub.groupManagement(AdminProtocolServiceGrpc.java:274)
	at org.apache.ratis.grpc.client.GrpcClientProtocolClient.lambda$groupAdd$3(GrpcClientProtocolClient.java:140)
	at org.apache.ratis.grpc.client.GrpcClientProtocolClient.blockingCall(GrpcClientProtocolClient.java:167)
	... 15 more
2019-08-21 08:12:53,086 [grpc-default-executor-3] INFO  impl.RaftServerProxy (RaftServerProxy.java:addNew(89)) - d10a584c-cd44-4cb9-a980-f9a54f9e6bca: addNew group-BD51A3103F8F:[8818b25a-cc32-416d-b0d7-5ef35322c461:192.168.69.98:34359, d10a584c-cd44-4cb9-a980-f9a54f9e6bca:192.168.69.98:46625, 843a8a06-63c5-4c43-b00f-82deb1361a05:192.168.69.98:40919] returns group-BD51A3103F8F:java.util.concurrent.CompletableFuture@15b4d95f[Not completed]
2019-08-21 08:12:53,086 [grpc-default-executor-1] INFO  impl.RaftServerProxy (RaftServerProxy.java:addNew(89)) - 8818b25a-cc32-416d-b0d7-5ef35322c461: addNew group-BD51A3103F8F:[8818b25a-cc32-416d-b0d7-5ef35322c461:192.168.69.98:34359, d10a584c-cd44-4cb9-a980-f9a54f9e6bca:192.168.69.98:46625, 843a8a06-63c5-4c43-b00f-82deb1361a05:192.168.69.98:40919] returns group-BD51A3103F8F:java.util.concurrent.CompletableFuture@127cfa92[Not completed]
2019-08-21 08:12:53,089 [grpc-default-executor-3] INFO  impl.RaftServerProxy (RaftServerProxy.java:addNew(89)) - 843a8a06-63c5-4c43-b00f-82deb1361a05: addNew group-BD51A3103F8F:[8818b25a-cc32-416d-b0d7-5ef35322c461:192.168.69.98:34359, d10a584c-cd44-4cb9-a980-f9a54f9e6bca:192.168.69.98:46625, 843a8a06-63c5-4c43-b00f-82deb1361a05:192.168.69.98:40919] returns group-BD51A3103F8F:java.util.concurrent.CompletableFuture@118b5f31[Not completed]
2019-08-21 08:12:53,581 | INFO  | SCMAudit | user=jenkins1000 | ip=192.168.69.98 | op=SEND_HEARTBEAT {datanodeUUID=d10a584c-cd44-4cb9-a980-f9a54f9e6bca, command=[]} | ret=SUCCESS |  
2019-08-21 08:12:53,584 | INFO  | SCMAudit | user=jenkins1000 | ip=192.168.69.98 | op=SEND_HEARTBEAT {datanodeUUID=3bc16160-9396-4d55-a90a-1ea9741a1bf0, command=[]} | ret=SUCCESS |  
2019-08-21 08:12:53,744 | INFO  | SCMAudit | user=jenkins1000 | ip=192.168.69.98 | op=SEND_HEARTBEAT {datanodeUUID=843a8a06-63c5-4c43-b00f-82deb1361a05, command=[]} | ret=SUCCESS |  
2019-08-21 08:12:53,867 | INFO  | SCMAudit | user=jenkins1000 | ip=192.168.69.98 | op=SEND_HEARTBEAT {datanodeUUID=d811d2eb-18f9-450b-b8bf-c6dd8b463693, command=[]} | ret=SUCCESS |  
2019-08-21 08:12:54,006 | INFO  | SCMAudit | user=jenkins1000 | ip=192.168.69.98 | op=SEND_HEARTBEAT {datanodeUUID=8818b25a-cc32-416d-b0d7-5ef35322c461, command=[]} | ret=SUCCESS |  
2019-08-21 08:12:54,166 [Thread-223] INFO  impl.FollowerState (FollowerState.java:run(106)) - 843a8a06-63c5-4c43-b00f-82deb1361a05:group-D5E5248B429A changes to CANDIDATE, lastRpcTime:5164, electionTimeout:5162ms
2019-08-21 08:12:54,166 [Thread-223] INFO  impl.RoleInfo (RoleInfo.java:shutdownFollowerState(121)) - 843a8a06-63c5-4c43-b00f-82deb1361a05: shutdown FollowerState
2019-08-21 08:12:54,167 [Thread-223] INFO  impl.RaftServerImpl (RaftServerImpl.java:setRole(171)) - 843a8a06-63c5-4c43-b00f-82deb1361a05:group-D5E5248B429A changes role from FOLLOWER to CANDIDATE at term 0 for changeToCandidate
2019-08-21 08:12:54,167 [Thread-223] INFO  impl.RoleInfo (RoleInfo.java:updateAndGet(143)) - 843a8a06-63c5-4c43-b00f-82deb1361a05: start LeaderElection
2019-08-21 08:12:54,582 | INFO  | SCMAudit | user=jenkins1000 | ip=192.168.69.98 | op=SEND_HEARTBEAT {datanodeUUID=d10a584c-cd44-4cb9-a980-f9a54f9e6bca, command=[]} | ret=SUCCESS |  
2019-08-21 08:12:54,585 | INFO  | SCMAudit | user=jenkins1000 | ip=192.168.69.98 | op=SEND_HEARTBEAT {datanodeUUID=3bc16160-9396-4d55-a90a-1ea9741a1bf0, command=[]} | ret=SUCCESS |  
2019-08-21 08:12:54,744 | INFO  | SCMAudit | user=jenkins1000 | ip=192.168.69.98 | op=SEND_HEARTBEAT {datanodeUUID=843a8a06-63c5-4c43-b00f-82deb1361a05, command=[]} | ret=SUCCESS |  
2019-08-21 08:12:54,763 [d10a584c-cd44-4cb9-a980-f9a54f9e6bca:group-E641089875EB:LeaderElection1] INFO  impl.LeaderElection (LeaderElection.java:askForVotes(181)) - d10a584c-cd44-4cb9-a980-f9a54f9e6bca:group-E641089875EB:LeaderElection1: begin an election at term 1 for -1: [8818b25a-cc32-416d-b0d7-5ef35322c461:192.168.69.98:34359, d10a584c-cd44-4cb9-a980-f9a54f9e6bca:192.168.69.98:46625, 843a8a06-63c5-4c43-b00f-82deb1361a05:192.168.69.98:40919], old=null
2019-08-21 08:12:54,811 [grpc-default-executor-1] WARN  server.GrpcServerProtocolService (LogUtils.java:warn(134)) - 843a8a06-63c5-4c43-b00f-82deb1361a05: Failed requestVote d10a584c-cd44-4cb9-a980-f9a54f9e6bca->843a8a06-63c5-4c43-b00f-82deb1361a05#0: org.apache.ratis.protocol.ServerNotReadyException: Server 843a8a06-63c5-4c43-b00f-82deb1361a05 is not [RUNNING]: current state is NEW
2019-08-21 08:12:54,874 | INFO  | SCMAudit | user=jenkins1000 | ip=192.168.69.98 | op=SEND_HEARTBEAT {datanodeUUID=d811d2eb-18f9-450b-b8bf-c6dd8b463693, command=[]} | ret=SUCCESS |  
2019-08-21 08:12:54,872 [d10a584c-cd44-4cb9-a980-f9a54f9e6bca:group-E641089875EB:LeaderElection1] INFO  impl.LeaderElection (LogUtils.java:infoOrTrace(149)) - d10a584c-cd44-4cb9-a980-f9a54f9e6bca:group-E641089875EB:LeaderElection1 got exception when requesting votes: {}
java.util.concurrent.ExecutionException: org.apache.ratis.thirdparty.io.grpc.StatusRuntimeException: INTERNAL: Server 843a8a06-63c5-4c43-b00f-82deb1361a05 is not [RUNNING]: current state is NEW
	at java.util.concurrent.FutureTask.report(FutureTask.java:122)
	at java.util.concurrent.FutureTask.get(FutureTask.java:192)
	at org.apache.ratis.server.impl.LeaderElection.waitForResults(LeaderElection.java:262)
	at org.apache.ratis.server.impl.LeaderElection.askForVotes(LeaderElection.java:200)
	at org.apache.ratis.server.impl.LeaderElection.run(LeaderElection.java:130)
	at java.lang.Thread.run(Thread.java:748)
Caused by: org.apache.ratis.thirdparty.io.grpc.StatusRuntimeException: INTERNAL: Server 843a8a06-63c5-4c43-b00f-82deb1361a05 is not [RUNNING]: current state is NEW
	at org.apache.ratis.thirdparty.io.grpc.stub.ClientCalls.toStatusRuntimeException(ClientCalls.java:233)
	at org.apache.ratis.thirdparty.io.grpc.stub.ClientCalls.getUnchecked(ClientCalls.java:214)
	at org.apache.ratis.thirdparty.io.grpc.stub.ClientCalls.blockingUnaryCall(ClientCalls.java:139)
	at org.apache.ratis.proto.grpc.RaftServerProtocolServiceGrpc$RaftServerProtocolServiceBlockingStub.requestVote(RaftServerProtocolServiceGrpc.java:265)
	at org.apache.ratis.grpc.server.GrpcServerProtocolClient.requestVote(GrpcServerProtocolClient.java:83)
	at org.apache.ratis.grpc.server.GrpcService.requestVote(GrpcService.java:195)
	at org.apache.ratis.server.impl.LeaderElection.lambda$submitRequests$1(LeaderElection.java:237)
	at java.util.concurrent.FutureTask.run(FutureTask.java:266)
	at java.util.concurrent.Executors$RunnableAdapter.call(Executors.java:511)
	at java.util.concurrent.FutureTask.run(FutureTask.java:266)
	at java.util.concurrent.ThreadPoolExecutor.runWorker(ThreadPoolExecutor.java:1149)
	at java.util.concurrent.ThreadPoolExecutor$Worker.run(ThreadPoolExecutor.java:624)
	... 1 more
2019-08-21 08:12:55,007 | INFO  | SCMAudit | user=jenkins1000 | ip=192.168.69.98 | op=SEND_HEARTBEAT {datanodeUUID=8818b25a-cc32-416d-b0d7-5ef35322c461, command=[]} | ret=SUCCESS |  
2019-08-21 08:12:55,063 [8818b25a-cc32-416d-b0d7-5ef35322c461:group-E641089875EB:LeaderElection2] INFO  impl.LeaderElection (LeaderElection.java:askForVotes(181)) - 8818b25a-cc32-416d-b0d7-5ef35322c461:group-E641089875EB:LeaderElection2: begin an election at term 1 for -1: [8818b25a-cc32-416d-b0d7-5ef35322c461:192.168.69.98:34359, d10a584c-cd44-4cb9-a980-f9a54f9e6bca:192.168.69.98:46625, 843a8a06-63c5-4c43-b00f-82deb1361a05:192.168.69.98:40919], old=null
2019-08-21 08:12:55,097 [d10a584c-cd44-4cb9-a980-f9a54f9e6bca:group-E641089875EB:LeaderElection1] INFO  impl.LeaderElection (LeaderElection.java:logAndReturn(56)) - d10a584c-cd44-4cb9-a980-f9a54f9e6bca:group-E641089875EB:LeaderElection1: Election REJECTED; received 1 response(s) [d10a584c-cd44-4cb9-a980-f9a54f9e6bca<-8818b25a-cc32-416d-b0d7-5ef35322c461#0:FAIL-t1] and 1 exception(s); d10a584c-cd44-4cb9-a980-f9a54f9e6bca:t1, leader=null, voted=d10a584c-cd44-4cb9-a980-f9a54f9e6bca, raftlog=d10a584c-cd44-4cb9-a980-f9a54f9e6bca-SegmentedRaftLog:OPENED:c-1,f-1,i0, conf=-1: [8818b25a-cc32-416d-b0d7-5ef35322c461:192.168.69.98:34359, d10a584c-cd44-4cb9-a980-f9a54f9e6bca:192.168.69.98:46625, 843a8a06-63c5-4c43-b00f-82deb1361a05:192.168.69.98:40919], old=null
2019-08-21 08:12:55,098 [d10a584c-cd44-4cb9-a980-f9a54f9e6bca:group-E641089875EB:LeaderElection1] INFO  impl.LeaderElection (LogUtils.java:infoOrTrace(149)) -   Exception 0: {}
java.util.concurrent.ExecutionException: org.apache.ratis.thirdparty.io.grpc.StatusRuntimeException: INTERNAL: Server 843a8a06-63c5-4c43-b00f-82deb1361a05 is not [RUNNING]: current state is NEW
	at java.util.concurrent.FutureTask.report(FutureTask.java:122)
	at java.util.concurrent.FutureTask.get(FutureTask.java:192)
	at org.apache.ratis.server.impl.LeaderElection.waitForResults(LeaderElection.java:262)
	at org.apache.ratis.server.impl.LeaderElection.askForVotes(LeaderElection.java:200)
	at org.apache.ratis.server.impl.LeaderElection.run(LeaderElection.java:130)
	at java.lang.Thread.run(Thread.java:748)
Caused by: org.apache.ratis.thirdparty.io.grpc.StatusRuntimeException: INTERNAL: Server 843a8a06-63c5-4c43-b00f-82deb1361a05 is not [RUNNING]: current state is NEW
	at org.apache.ratis.thirdparty.io.grpc.stub.ClientCalls.toStatusRuntimeException(ClientCalls.java:233)
	at org.apache.ratis.thirdparty.io.grpc.stub.ClientCalls.getUnchecked(ClientCalls.java:214)
	at org.apache.ratis.thirdparty.io.grpc.stub.ClientCalls.blockingUnaryCall(ClientCalls.java:139)
	at org.apache.ratis.proto.grpc.RaftServerProtocolServiceGrpc$RaftServerProtocolServiceBlockingStub.requestVote(RaftServerProtocolServiceGrpc.java:265)
	at org.apache.ratis.grpc.server.GrpcServerProtocolClient.requestVote(GrpcServerProtocolClient.java:83)
	at org.apache.ratis.grpc.server.GrpcService.requestVote(GrpcService.java:195)
	at org.apache.ratis.server.impl.LeaderElection.lambda$submitRequests$1(LeaderElection.java:237)
	at java.util.concurrent.FutureTask.run(FutureTask.java:266)
	at java.util.concurrent.Executors$RunnableAdapter.call(Executors.java:511)
	at java.util.concurrent.FutureTask.run(FutureTask.java:266)
	at java.util.concurrent.ThreadPoolExecutor.runWorker(ThreadPoolExecutor.java:1149)
	at java.util.concurrent.ThreadPoolExecutor$Worker.run(ThreadPoolExecutor.java:624)
	... 1 more
2019-08-21 08:12:55,102 [grpc-default-executor-1] WARN  server.GrpcServerProtocolService (LogUtils.java:warn(134)) - 843a8a06-63c5-4c43-b00f-82deb1361a05: Failed requestVote 8818b25a-cc32-416d-b0d7-5ef35322c461->843a8a06-63c5-4c43-b00f-82deb1361a05#0: org.apache.ratis.protocol.ServerNotReadyException: Server 843a8a06-63c5-4c43-b00f-82deb1361a05 is not [RUNNING]: current state is NEW
2019-08-21 08:12:55,109 [d10a584c-cd44-4cb9-a980-f9a54f9e6bca:group-E641089875EB:LeaderElection1] INFO  impl.RaftServerImpl (RaftServerImpl.java:setRole(171)) - d10a584c-cd44-4cb9-a980-f9a54f9e6bca:group-E641089875EB changes role from CANDIDATE to FOLLOWER at term 1 for DISCOVERED_A_NEW_TERM
2019-08-21 08:12:55,109 [d10a584c-cd44-4cb9-a980-f9a54f9e6bca:group-E641089875EB:LeaderElection1] INFO  impl.RoleInfo (RoleInfo.java:shutdownLeaderElection(134)) - d10a584c-cd44-4cb9-a980-f9a54f9e6bca: shutdown LeaderElection
2019-08-21 08:12:55,114 [d10a584c-cd44-4cb9-a980-f9a54f9e6bca:group-E641089875EB:LeaderElection1] INFO  impl.RoleInfo (RoleInfo.java:updateAndGet(143)) - d10a584c-cd44-4cb9-a980-f9a54f9e6bca: start FollowerState
2019-08-21 08:12:55,126 [8818b25a-cc32-416d-b0d7-5ef35322c461:group-E641089875EB:LeaderElection2] INFO  impl.LeaderElection (LogUtils.java:infoOrTrace(149)) - 8818b25a-cc32-416d-b0d7-5ef35322c461:group-E641089875EB:LeaderElection2 got exception when requesting votes: {}
java.util.concurrent.ExecutionException: org.apache.ratis.thirdparty.io.grpc.StatusRuntimeException: INTERNAL: Server 843a8a06-63c5-4c43-b00f-82deb1361a05 is not [RUNNING]: current state is NEW
	at java.util.concurrent.FutureTask.report(FutureTask.java:122)
	at java.util.concurrent.FutureTask.get(FutureTask.java:192)
	at org.apache.ratis.server.impl.LeaderElection.waitForResults(LeaderElection.java:262)
	at org.apache.ratis.server.impl.LeaderElection.askForVotes(LeaderElection.java:200)
	at org.apache.ratis.server.impl.LeaderElection.run(LeaderElection.java:130)
	at java.lang.Thread.run(Thread.java:748)
Caused by: org.apache.ratis.thirdparty.io.grpc.StatusRuntimeException: INTERNAL: Server 843a8a06-63c5-4c43-b00f-82deb1361a05 is not [RUNNING]: current state is NEW
	at org.apache.ratis.thirdparty.io.grpc.stub.ClientCalls.toStatusRuntimeException(ClientCalls.java:233)
	at org.apache.ratis.thirdparty.io.grpc.stub.ClientCalls.getUnchecked(ClientCalls.java:214)
	at org.apache.ratis.thirdparty.io.grpc.stub.ClientCalls.blockingUnaryCall(ClientCalls.java:139)
	at org.apache.ratis.proto.grpc.RaftServerProtocolServiceGrpc$RaftServerProtocolServiceBlockingStub.requestVote(RaftServerProtocolServiceGrpc.java:265)
	at org.apache.ratis.grpc.server.GrpcServerProtocolClient.requestVote(GrpcServerProtocolClient.java:83)
	at org.apache.ratis.grpc.server.GrpcService.requestVote(GrpcService.java:195)
	at org.apache.ratis.server.impl.LeaderElection.lambda$submitRequests$1(LeaderElection.java:237)
	at java.util.concurrent.FutureTask.run(FutureTask.java:266)
	at java.util.concurrent.Executors$RunnableAdapter.call(Executors.java:511)
	at java.util.concurrent.FutureTask.run(FutureTask.java:266)
	at java.util.concurrent.ThreadPoolExecutor.runWorker(ThreadPoolExecutor.java:1149)
	at java.util.concurrent.ThreadPoolExecutor$Worker.run(ThreadPoolExecutor.java:624)
	... 1 more
2019-08-21 08:12:55,128 [8818b25a-cc32-416d-b0d7-5ef35322c461:group-E641089875EB:LeaderElection2] INFO  impl.LeaderElection (LeaderElection.java:logAndReturn(56)) - 8818b25a-cc32-416d-b0d7-5ef35322c461:group-E641089875EB:LeaderElection2: Election REJECTED; received 1 response(s) [8818b25a-cc32-416d-b0d7-5ef35322c461<-d10a584c-cd44-4cb9-a980-f9a54f9e6bca#0:FAIL-t1] and 1 exception(s); 8818b25a-cc32-416d-b0d7-5ef35322c461:t1, leader=null, voted=8818b25a-cc32-416d-b0d7-5ef35322c461, raftlog=8818b25a-cc32-416d-b0d7-5ef35322c461-SegmentedRaftLog:OPENED:c-1,f-1,i0, conf=-1: [8818b25a-cc32-416d-b0d7-5ef35322c461:192.168.69.98:34359, d10a584c-cd44-4cb9-a980-f9a54f9e6bca:192.168.69.98:46625, 843a8a06-63c5-4c43-b00f-82deb1361a05:192.168.69.98:40919], old=null
2019-08-21 08:12:55,129 [8818b25a-cc32-416d-b0d7-5ef35322c461:group-E641089875EB:LeaderElection2] INFO  impl.LeaderElection (LogUtils.java:infoOrTrace(149)) -   Exception 0: {}
java.util.concurrent.ExecutionException: org.apache.ratis.thirdparty.io.grpc.StatusRuntimeException: INTERNAL: Server 843a8a06-63c5-4c43-b00f-82deb1361a05 is not [RUNNING]: current state is NEW
	at java.util.concurrent.FutureTask.report(FutureTask.java:122)
	at java.util.concurrent.FutureTask.get(FutureTask.java:192)
	at org.apache.ratis.server.impl.LeaderElection.waitForResults(LeaderElection.java:262)
	at org.apache.ratis.server.impl.LeaderElection.askForVotes(LeaderElection.java:200)
	at org.apache.ratis.server.impl.LeaderElection.run(LeaderElection.java:130)
	at java.lang.Thread.run(Thread.java:748)
Caused by: org.apache.ratis.thirdparty.io.grpc.StatusRuntimeException: INTERNAL: Server 843a8a06-63c5-4c43-b00f-82deb1361a05 is not [RUNNING]: current state is NEW
	at org.apache.ratis.thirdparty.io.grpc.stub.ClientCalls.toStatusRuntimeException(ClientCalls.java:233)
	at org.apache.ratis.thirdparty.io.grpc.stub.ClientCalls.getUnchecked(ClientCalls.java:214)
	at org.apache.ratis.thirdparty.io.grpc.stub.ClientCalls.blockingUnaryCall(ClientCalls.java:139)
	at org.apache.ratis.proto.grpc.RaftServerProtocolServiceGrpc$RaftServerProtocolServiceBlockingStub.requestVote(RaftServerProtocolServiceGrpc.java:265)
	at org.apache.ratis.grpc.server.GrpcServerProtocolClient.requestVote(GrpcServerProtocolClient.java:83)
	at org.apache.ratis.grpc.server.GrpcService.requestVote(GrpcService.java:195)
	at org.apache.ratis.server.impl.LeaderElection.lambda$submitRequests$1(LeaderElection.java:237)
	at java.util.concurrent.FutureTask.run(FutureTask.java:266)
	at java.util.concurrent.Executors$RunnableAdapter.call(Executors.java:511)
	at java.util.concurrent.FutureTask.run(FutureTask.java:266)
	at java.util.concurrent.ThreadPoolExecutor.runWorker(ThreadPoolExecutor.java:1149)
	at java.util.concurrent.ThreadPoolExecutor$Worker.run(ThreadPoolExecutor.java:624)
	... 1 more
2019-08-21 08:12:55,129 [8818b25a-cc32-416d-b0d7-5ef35322c461:group-E641089875EB:LeaderElection2] INFO  impl.RaftServerImpl (RaftServerImpl.java:setRole(171)) - 8818b25a-cc32-416d-b0d7-5ef35322c461:group-E641089875EB changes role from CANDIDATE to FOLLOWER at term 1 for DISCOVERED_A_NEW_TERM
2019-08-21 08:12:55,132 [8818b25a-cc32-416d-b0d7-5ef35322c461:group-E641089875EB:LeaderElection2] INFO  impl.RoleInfo (RoleInfo.java:shutdownLeaderElection(134)) - 8818b25a-cc32-416d-b0d7-5ef35322c461: shutdown LeaderElection
2019-08-21 08:12:55,132 [8818b25a-cc32-416d-b0d7-5ef35322c461:group-E641089875EB:LeaderElection2] INFO  impl.RoleInfo (RoleInfo.java:updateAndGet(143)) - 8818b25a-cc32-416d-b0d7-5ef35322c461: start FollowerState
2019-08-21 08:12:55,583 | INFO  | SCMAudit | user=jenkins1000 | ip=192.168.69.98 | op=SEND_HEARTBEAT {datanodeUUID=d10a584c-cd44-4cb9-a980-f9a54f9e6bca, command=[]} | ret=SUCCESS |  
2019-08-21 08:12:55,585 | INFO  | SCMAudit | user=jenkins1000 | ip=192.168.69.98 | op=SEND_HEARTBEAT {datanodeUUID=3bc16160-9396-4d55-a90a-1ea9741a1bf0, command=[]} | ret=SUCCESS |  
2019-08-21 08:12:55,745 | INFO  | SCMAudit | user=jenkins1000 | ip=192.168.69.98 | op=SEND_HEARTBEAT {datanodeUUID=843a8a06-63c5-4c43-b00f-82deb1361a05, command=[]} | ret=SUCCESS |  
2019-08-21 08:12:55,873 | INFO  | SCMAudit | user=jenkins1000 | ip=192.168.69.98 | op=SEND_HEARTBEAT {datanodeUUID=d811d2eb-18f9-450b-b8bf-c6dd8b463693, command=[]} | ret=SUCCESS |  
2019-08-21 08:12:56,007 | INFO  | SCMAudit | user=jenkins1000 | ip=192.168.69.98 | op=SEND_HEARTBEAT {datanodeUUID=8818b25a-cc32-416d-b0d7-5ef35322c461, command=[]} | ret=SUCCESS |  
2019-08-21 08:12:56,073 [RATISCREATEPIPELINE1] ERROR pipeline.RatisPipelineProvider (RatisPipelineProvider.java:lambda$null$5(235)) - Failed invoke Ratis rpc org.apache.hadoop.hdds.scm.pipeline.RatisPipelineProvider$$Lambda$176/1507754141@58ab4594 for 8818b25a-cc32-416d-b0d7-5ef35322c461
org.apache.ratis.protocol.TimeoutIOException: deadline exceeded after 2999694756ns
	at org.apache.ratis.grpc.GrpcUtil.tryUnwrapException(GrpcUtil.java:82)
	at org.apache.ratis.grpc.GrpcUtil.unwrapException(GrpcUtil.java:75)
	at org.apache.ratis.grpc.client.GrpcClientProtocolClient.blockingCall(GrpcClientProtocolClient.java:169)
	at org.apache.ratis.grpc.client.GrpcClientProtocolClient.groupAdd(GrpcClientProtocolClient.java:138)
	at org.apache.ratis.grpc.client.GrpcClientRpc.sendRequest(GrpcClientRpc.java:94)
	at org.apache.ratis.client.impl.RaftClientImpl.sendRequest(RaftClientImpl.java:279)
	at org.apache.ratis.client.impl.RaftClientImpl.groupAdd(RaftClientImpl.java:206)
	at org.apache.hadoop.hdds.scm.pipeline.RatisPipelineProvider.lambda$initializePipeline$4(RatisPipelineProvider.java:194)
	at org.apache.hadoop.hdds.scm.pipeline.RatisPipelineProvider.lambda$null$5(RatisPipelineProvider.java:231)
	at java.util.stream.ForEachOps$ForEachOp$OfRef.accept(ForEachOps.java:184)
	at java.util.ArrayList$ArrayListSpliterator.forEachRemaining(ArrayList.java:1382)
	at java.util.stream.AbstractPipeline.copyInto(AbstractPipeline.java:482)
	at java.util.stream.ForEachOps$ForEachTask.compute(ForEachOps.java:291)
	at java.util.concurrent.CountedCompleter.exec(CountedCompleter.java:731)
	at java.util.concurrent.ForkJoinTask.doExec(ForkJoinTask.java:289)
	at java.util.concurrent.ForkJoinTask.doInvoke(ForkJoinTask.java:401)
	at java.util.concurrent.ForkJoinTask.invoke(ForkJoinTask.java:734)
	at java.util.stream.ForEachOps$ForEachOp.evaluateParallel(ForEachOps.java:160)
	at java.util.stream.ForEachOps$ForEachOp$OfRef.evaluateParallel(ForEachOps.java:174)
	at java.util.stream.AbstractPipeline.evaluate(AbstractPipeline.java:233)
	at java.util.stream.ReferencePipeline.forEach(ReferencePipeline.java:418)
	at java.util.stream.ReferencePipeline$Head.forEach(ReferencePipeline.java:583)
	at org.apache.hadoop.hdds.scm.pipeline.RatisPipelineProvider.lambda$callRatisRpc$6(RatisPipelineProvider.java:225)
	at java.util.concurrent.ForkJoinTask$AdaptedRunnableAction.exec(ForkJoinTask.java:1386)
	at java.util.concurrent.ForkJoinTask.doExec(ForkJoinTask.java:289)
	at java.util.concurrent.ForkJoinPool$WorkQueue.runTask(ForkJoinPool.java:1056)
	at java.util.concurrent.ForkJoinPool.runWorker(ForkJoinPool.java:1692)
	at java.util.concurrent.ForkJoinWorkerThread.run(ForkJoinWorkerThread.java:157)
Caused by: org.apache.ratis.thirdparty.io.grpc.StatusRuntimeException: DEADLINE_EXCEEDED: deadline exceeded after 2999694756ns
	at org.apache.ratis.thirdparty.io.grpc.stub.ClientCalls.toStatusRuntimeException(ClientCalls.java:233)
	at org.apache.ratis.thirdparty.io.grpc.stub.ClientCalls.getUnchecked(ClientCalls.java:214)
	at org.apache.ratis.thirdparty.io.grpc.stub.ClientCalls.blockingUnaryCall(ClientCalls.java:139)
	at org.apache.ratis.proto.grpc.AdminProtocolServiceGrpc$AdminProtocolServiceBlockingStub.groupManagement(AdminProtocolServiceGrpc.java:274)
	at org.apache.ratis.grpc.client.GrpcClientProtocolClient.lambda$groupAdd$3(GrpcClientProtocolClient.java:140)
	at org.apache.ratis.grpc.client.GrpcClientProtocolClient.blockingCall(GrpcClientProtocolClient.java:167)
	... 25 more
2019-08-21 08:12:56,075 [RATISCREATEPIPELINE3] ERROR pipeline.RatisPipelineProvider (RatisPipelineProvider.java:lambda$null$5(235)) - Failed invoke Ratis rpc org.apache.hadoop.hdds.scm.pipeline.RatisPipelineProvider$$Lambda$176/1507754141@58ab4594 for 843a8a06-63c5-4c43-b00f-82deb1361a05
org.apache.ratis.protocol.TimeoutIOException: deadline exceeded after 2999705900ns
	at org.apache.ratis.grpc.GrpcUtil.tryUnwrapException(GrpcUtil.java:82)
	at org.apache.ratis.grpc.GrpcUtil.unwrapException(GrpcUtil.java:75)
	at org.apache.ratis.grpc.client.GrpcClientProtocolClient.blockingCall(GrpcClientProtocolClient.java:169)
	at org.apache.ratis.grpc.client.GrpcClientProtocolClient.groupAdd(GrpcClientProtocolClient.java:138)
	at org.apache.ratis.grpc.client.GrpcClientRpc.sendRequest(GrpcClientRpc.java:94)
	at org.apache.ratis.client.impl.RaftClientImpl.sendRequest(RaftClientImpl.java:279)
	at org.apache.ratis.client.impl.RaftClientImpl.groupAdd(RaftClientImpl.java:206)
	at org.apache.hadoop.hdds.scm.pipeline.RatisPipelineProvider.lambda$initializePipeline$4(RatisPipelineProvider.java:194)
	at org.apache.hadoop.hdds.scm.pipeline.RatisPipelineProvider.lambda$null$5(RatisPipelineProvider.java:231)
	at java.util.stream.ForEachOps$ForEachOp$OfRef.accept(ForEachOps.java:184)
	at java.util.ArrayList$ArrayListSpliterator.forEachRemaining(ArrayList.java:1382)
	at java.util.stream.AbstractPipeline.copyInto(AbstractPipeline.java:482)
	at java.util.stream.ForEachOps$ForEachTask.compute(ForEachOps.java:291)
	at java.util.concurrent.CountedCompleter.exec(CountedCompleter.java:731)
	at java.util.concurrent.ForkJoinTask.doExec(ForkJoinTask.java:289)
	at java.util.concurrent.ForkJoinPool$WorkQueue.runTask(ForkJoinPool.java:1056)
	at java.util.concurrent.ForkJoinPool.runWorker(ForkJoinPool.java:1692)
	at java.util.concurrent.ForkJoinWorkerThread.run(ForkJoinWorkerThread.java:157)
Caused by: org.apache.ratis.thirdparty.io.grpc.StatusRuntimeException: DEADLINE_EXCEEDED: deadline exceeded after 2999705900ns
	at org.apache.ratis.thirdparty.io.grpc.stub.ClientCalls.toStatusRuntimeException(ClientCalls.java:233)
	at org.apache.ratis.thirdparty.io.grpc.stub.ClientCalls.getUnchecked(ClientCalls.java:214)
	at org.apache.ratis.thirdparty.io.grpc.stub.ClientCalls.blockingUnaryCall(ClientCalls.java:139)
	at org.apache.ratis.proto.grpc.AdminProtocolServiceGrpc$AdminProtocolServiceBlockingStub.groupManagement(AdminProtocolServiceGrpc.java:274)
	at org.apache.ratis.grpc.client.GrpcClientProtocolClient.lambda$groupAdd$3(GrpcClientProtocolClient.java:140)
	at org.apache.ratis.grpc.client.GrpcClientProtocolClient.blockingCall(GrpcClientProtocolClient.java:167)
	... 15 more
2019-08-21 08:12:56,075 [RATISCREATEPIPELINE2] ERROR pipeline.RatisPipelineProvider (RatisPipelineProvider.java:lambda$null$5(235)) - Failed invoke Ratis rpc org.apache.hadoop.hdds.scm.pipeline.RatisPipelineProvider$$Lambda$176/1507754141@58ab4594 for d10a584c-cd44-4cb9-a980-f9a54f9e6bca
org.apache.ratis.protocol.TimeoutIOException: deadline exceeded after 2999701934ns
	at org.apache.ratis.grpc.GrpcUtil.tryUnwrapException(GrpcUtil.java:82)
	at org.apache.ratis.grpc.GrpcUtil.unwrapException(GrpcUtil.java:75)
	at org.apache.ratis.grpc.client.GrpcClientProtocolClient.blockingCall(GrpcClientProtocolClient.java:169)
	at org.apache.ratis.grpc.client.GrpcClientProtocolClient.groupAdd(GrpcClientProtocolClient.java:138)
	at org.apache.ratis.grpc.client.GrpcClientRpc.sendRequest(GrpcClientRpc.java:94)
	at org.apache.ratis.client.impl.RaftClientImpl.sendRequest(RaftClientImpl.java:279)
	at org.apache.ratis.client.impl.RaftClientImpl.groupAdd(RaftClientImpl.java:206)
	at org.apache.hadoop.hdds.scm.pipeline.RatisPipelineProvider.lambda$initializePipeline$4(RatisPipelineProvider.java:194)
	at org.apache.hadoop.hdds.scm.pipeline.RatisPipelineProvider.lambda$null$5(RatisPipelineProvider.java:231)
	at java.util.stream.ForEachOps$ForEachOp$OfRef.accept(ForEachOps.java:184)
	at java.util.ArrayList$ArrayListSpliterator.forEachRemaining(ArrayList.java:1382)
	at java.util.stream.AbstractPipeline.copyInto(AbstractPipeline.java:482)
	at java.util.stream.ForEachOps$ForEachTask.compute(ForEachOps.java:291)
	at java.util.concurrent.CountedCompleter.exec(CountedCompleter.java:731)
	at java.util.concurrent.ForkJoinTask.doExec(ForkJoinTask.java:289)
	at java.util.concurrent.ForkJoinPool$WorkQueue.runTask(ForkJoinPool.java:1056)
	at java.util.concurrent.ForkJoinPool.runWorker(ForkJoinPool.java:1692)
	at java.util.concurrent.ForkJoinWorkerThread.run(ForkJoinWorkerThread.java:157)
Caused by: org.apache.ratis.thirdparty.io.grpc.StatusRuntimeException: DEADLINE_EXCEEDED: deadline exceeded after 2999701934ns
	at org.apache.ratis.thirdparty.io.grpc.stub.ClientCalls.toStatusRuntimeException(ClientCalls.java:233)
	at org.apache.ratis.thirdparty.io.grpc.stub.ClientCalls.getUnchecked(ClientCalls.java:214)
	at org.apache.ratis.thirdparty.io.grpc.stub.ClientCalls.blockingUnaryCall(ClientCalls.java:139)
	at org.apache.ratis.proto.grpc.AdminProtocolServiceGrpc$AdminProtocolServiceBlockingStub.groupManagement(AdminProtocolServiceGrpc.java:274)
	at org.apache.ratis.grpc.client.GrpcClientProtocolClient.lambda$groupAdd$3(GrpcClientProtocolClient.java:140)
	at org.apache.ratis.grpc.client.GrpcClientProtocolClient.blockingCall(GrpcClientProtocolClient.java:167)
	... 15 more
2019-08-21 08:12:56,082 [IPC Server handler 1 on 34978] WARN  block.BlockManagerImpl (BlockManagerImpl.java:allocateBlock(192)) - Pipeline creation failed for type:RATIS factor:THREE. Retrying get pipelines call once.
org.apache.hadoop.io.MultipleIOException: 3 exceptions [java.io.IOException: Failed invoke Ratis rpc org.apache.hadoop.hdds.scm.pipeline.RatisPipelineProvider$$Lambda$176/1507754141@58ab4594 for 8818b25a-cc32-416d-b0d7-5ef35322c461, java.io.IOException: Failed invoke Ratis rpc org.apache.hadoop.hdds.scm.pipeline.RatisPipelineProvider$$Lambda$176/1507754141@58ab4594 for 843a8a06-63c5-4c43-b00f-82deb1361a05, java.io.IOException: Failed invoke Ratis rpc org.apache.hadoop.hdds.scm.pipeline.RatisPipelineProvider$$Lambda$176/1507754141@58ab4594 for d10a584c-cd44-4cb9-a980-f9a54f9e6bca]
	at org.apache.hadoop.io.MultipleIOException.createIOException(MultipleIOException.java:53)
	at org.apache.hadoop.hdds.scm.pipeline.RatisPipelineProvider.callRatisRpc(RatisPipelineProvider.java:251)
	at org.apache.hadoop.hdds.scm.pipeline.RatisPipelineProvider.initializePipeline(RatisPipelineProvider.java:192)
	at org.apache.hadoop.hdds.scm.pipeline.RatisPipelineProvider.create(RatisPipelineProvider.java:161)
	at org.apache.hadoop.hdds.scm.pipeline.PipelineFactory.create(PipelineFactory.java:57)
	at org.apache.hadoop.hdds.scm.pipeline.SCMPipelineManager.createPipeline(SCMPipelineManager.java:149)
	at org.apache.hadoop.hdds.scm.block.BlockManagerImpl.allocateBlock(BlockManagerImpl.java:190)
	at org.apache.hadoop.hdds.scm.server.SCMBlockProtocolServer.allocateBlock(SCMBlockProtocolServer.java:175)
	at org.apache.hadoop.ozone.protocolPB.ScmBlockLocationProtocolServerSideTranslatorPB.allocateScmBlock(ScmBlockLocationProtocolServerSideTranslatorPB.java:153)
	at org.apache.hadoop.ozone.protocolPB.ScmBlockLocationProtocolServerSideTranslatorPB.send(ScmBlockLocationProtocolServerSideTranslatorPB.java:112)
	at org.apache.hadoop.hdds.protocol.proto.ScmBlockLocationProtocolProtos$ScmBlockLocationProtocolService$2.callBlockingMethod(ScmBlockLocationProtocolProtos.java:13157)
	at org.apache.hadoop.ipc.ProtobufRpcEngine$Server$ProtoBufRpcInvoker.call(ProtobufRpcEngine.java:524)
	at org.apache.hadoop.ipc.RPC$Server.call(RPC.java:1025)
	at org.apache.hadoop.ipc.Server$RpcCall.run(Server.java:876)
	at org.apache.hadoop.ipc.Server$RpcCall.run(Server.java:822)
	at java.security.AccessController.doPrivileged(Native Method)
	at javax.security.auth.Subject.doAs(Subject.java:422)
	at org.apache.hadoop.security.UserGroupInformation.doAs(UserGroupInformation.java:1730)
	at org.apache.hadoop.ipc.Server$Handler.run(Server.java:2682)
2019-08-21 08:12:56,083 [IPC Server handler 1 on 34978] INFO  block.BlockManagerImpl (BlockManagerImpl.java:allocateBlock(198)) - Could not find available pipeline of type:RATIS and factor:THREE even after retrying
2019-08-21 08:12:56,083 [IPC Server handler 1 on 34978] ERROR block.BlockManagerImpl (BlockManagerImpl.java:allocateBlock(222)) - Unable to allocate a block for the size: 4194304, type: RATIS, factor: THREE
2019-08-21 08:12:56,084 | INFO  | SCMAudit | user=jenkins1000 | ip=192.168.69.98 | op=ALLOCATE_BLOCK {owner=3d1ff6a9-0129-46c9-aa70-b8773140f613, size=4194304, type=RATIS, factor=THREE} | ret=SUCCESS |  
2019-08-21 08:12:56,091 | ERROR | OMAudit | user=jenkins1000 | ip=127.0.0.1 | op=CREATE_FILE {volume=volume15924, bucket=bucket23335, key=test/testOverwriteNonEmptyDirectory/child, dataSize=0, replicationType=RATIS, replicationFactor=THREE, keyLocationInfo=null} | ret=FAILURE | org.apache.hadoop.hdds.scm.exceptions.SCMException: Allocated 0 blocks. Requested 1 blocks
	at org.apache.hadoop.hdds.scm.protocolPB.ScmBlockLocationProtocolClientSideTranslatorPB.handleError(ScmBlockLocationProtocolClientSideTranslatorPB.java:118)
	at org.apache.hadoop.hdds.scm.protocolPB.ScmBlockLocationProtocolClientSideTranslatorPB.allocateBlock(ScmBlockLocationProtocolClientSideTranslatorPB.java:156) 
2019-08-21 08:12:56,101 | INFO  | OMAudit | user=jenkins1000 | ip=127.0.0.1 | op=GET_FILE_STATUS {volume=volume15924, bucket=bucket23335, key=test, dataSize=0, replicationType=null, replicationFactor=null, keyLocationInfo=null} | ret=SUCCESS |  
2019-08-21 08:12:56,104 | INFO  | OMAudit | user=jenkins1000 | ip=127.0.0.1 | op=GET_FILE_STATUS {volume=volume15924, bucket=bucket23335, key=test, dataSize=0, replicationType=null, replicationFactor=null, keyLocationInfo=null} | ret=SUCCESS |  
2019-08-21 08:12:56,108 | INFO  | OMAudit | user=jenkins1000 | ip=127.0.0.1 | op=GET_FILE_STATUS {volume=volume15924, bucket=bucket23335, key=test, dataSize=0, replicationType=null, replicationFactor=null, keyLocationInfo=null} | ret=SUCCESS |  
2019-08-21 08:12:56,119 | INFO  | OMAudit | user=jenkins1000 | ip=127.0.0.1 | op=LIST_KEYS {volume=volume15924, bucket=bucket23335, startKey=, maxKeys=1000, keyPrefix=test/} | ret=SUCCESS |  
2019-08-21 08:12:56,128 | INFO  | OMAudit | user=jenkins1000 | ip=127.0.0.1 | op=DELETE_KEY {volume=volume15924, bucket=bucket23335, key=test/, dataSize=0, replicationType=null, replicationFactor=null, keyLocationInfo=null} | ret=SUCCESS |  
2019-08-21 08:12:56,129 | INFO  | OMAudit | user=jenkins1000 | ip=127.0.0.1 | op=DELETE_KEY {volume=volume15924, bucket=bucket23335, key=test/testOverwriteNonEmptyDirectory/, dataSize=0, replicationType=null, replicationFactor=null, keyLocationInfo=null} | ret=SUCCESS |  
2019-08-21 08:12:56,131 | INFO  | OMAudit | user=jenkins1000 | ip=127.0.0.1 | op=LIST_KEYS {volume=volume15924, bucket=bucket23335, startKey=test/testOverwriteNonEmptyDirectory/, maxKeys=1000, keyPrefix=test/} | ret=SUCCESS |  
]]></system-out>
    <system-err><![CDATA[Aug 21, 2019 8:12:33 AM com.sun.jersey.server.impl.application.WebApplicationImpl _initiate
INFO: Initiating Jersey application, version 'Jersey: 1.19 02/11/2015 03:25 AM'
Aug 21, 2019 8:12:34 AM com.sun.jersey.server.impl.application.WebApplicationImpl _initiate
INFO: Initiating Jersey application, version 'Jersey: 1.19 02/11/2015 03:25 AM'
Aug 21, 2019 8:12:35 AM com.sun.jersey.server.impl.application.WebApplicationImpl _initiate
INFO: Initiating Jersey application, version 'Jersey: 1.19 02/11/2015 03:25 AM'
Aug 21, 2019 8:12:35 AM com.sun.jersey.server.impl.application.WebApplicationImpl _initiate
INFO: Initiating Jersey application, version 'Jersey: 1.19 02/11/2015 03:25 AM'
Aug 21, 2019 8:12:35 AM com.sun.jersey.server.impl.application.WebApplicationImpl _initiate
INFO: Initiating Jersey application, version 'Jersey: 1.19 02/11/2015 03:25 AM'
Aug 21, 2019 8:12:42 AM com.sun.jersey.server.impl.application.WebApplicationImpl _initiate
INFO: Initiating Jersey application, version 'Jersey: 1.19 02/11/2015 03:25 AM'
]]></system-err>
  </testcase>
  <testcase name="testCreateMakesParentDirs" classname="org.apache.hadoop.fs.ozone.contract.ITestOzoneContractCreate" time="1.651"/>
  <testcase name="testFileStatusBlocksizeEmptyFile" classname="org.apache.hadoop.fs.ozone.contract.ITestOzoneContractCreate" time="0.099"/>
  <testcase name="testCreatedFileIsImmediatelyVisible" classname="org.apache.hadoop.fs.ozone.contract.ITestOzoneContractCreate" time="0">
    <skipped message="This Filesystem delays visibility of newly created files"/>
    <system-out><![CDATA[2019-08-21 08:12:57,902 | INFO  | OMAudit | user=jenkins1000 | ip=127.0.0.1 | op=CREATE_VOLUME {admin=admin29851, owner=user57013, volume=volume98316, creationTime=1566375177902, quotaInBytes=1152921504606846976} | ret=SUCCESS |  
2019-08-21 08:12:57,904 | INFO  | OMAudit | user=jenkins1000 | ip=127.0.0.1 | op=CREATE_BUCKET {volume=volume98316, bucket=bucket65523, acls=[], isVersionEnabled=false, storageType=DISK, creationTime=0} | ret=SUCCESS |  
2019-08-21 08:12:57,946 | INFO  | OMAudit | user=jenkins1000 | ip=127.0.0.1 | op=READ_VOLUME {volume=volume98316} | ret=SUCCESS |  
2019-08-21 08:12:57,948 | INFO  | OMAudit | user=jenkins1000 | ip=127.0.0.1 | op=READ_BUCKET {volume=volume98316, bucket=bucket65523} | ret=SUCCESS |  
2019-08-21 08:12:57,948 [Thread-272] INFO  contract.AbstractFSContractTestBase (AbstractFSContractTestBase.java:setup(184)) - Test filesystem = o3fs://bucket65523.volume98316 implemented by OzoneFileSystem{URI=o3fs://bucket65523.volume98316, workingDir=o3fs://bucket65523.volume98316/user/jenkins1000, userName=jenkins1000, statistics=0 bytes read, 0 bytes written, 15 read ops, 0 large read ops, 6 write ops}
2019-08-21 08:12:57,950 | INFO  | OMAudit | user=jenkins1000 | ip=127.0.0.1 | op=CREATE_DIRECTORY {volume=volume98316, bucket=bucket65523, key=test, dataSize=0, replicationType=null, replicationFactor=null, keyLocationInfo=null} | ret=SUCCESS |  
2019-08-21 08:12:57,951 [Thread-272] INFO  contract.AbstractFSContractTestBase (AbstractFSContractTestBase.java:describe(255)) - verify that a newly created file exists as soon as open returns
2019-08-21 08:12:57,955 | INFO  | SCMAudit | user=jenkins1000 | ip=192.168.69.98 | op=ALLOCATE_BLOCK {owner=3d1ff6a9-0129-46c9-aa70-b8773140f613, size=4194304, type=RATIS, factor=THREE} | ret=SUCCESS |  
2019-08-21 08:12:57,956 | INFO  | OMAudit | user=jenkins1000 | ip=127.0.0.1 | op=CREATE_FILE {volume=volume98316, bucket=bucket65523, key=test/testCreatedFileIsImmediatelyVisible, dataSize=0, replicationType=RATIS, replicationFactor=THREE, keyLocationInfo=null} | ret=SUCCESS |  
2019-08-21 08:12:57,959 | ERROR | OMAudit | user=jenkins1000 | ip=127.0.0.1 | op=GET_FILE_STATUS {volume=volume98316, bucket=bucket65523, key=test/testCreatedFileIsImmediatelyVisible, dataSize=0, replicationType=null, replicationFactor=null, keyLocationInfo=null} | ret=FAILURE | FILE_NOT_FOUND org.apache.hadoop.ozone.om.exceptions.OMException: Unable to get file status: volume: volume98316 bucket: bucket65523 key: test/testCreatedFileIsImmediatelyVisible
	at org.apache.hadoop.ozone.om.KeyManagerImpl.getFileStatus(KeyManagerImpl.java:1778)
	at org.apache.hadoop.ozone.om.OzoneManager.getFileStatus(OzoneManager.java:2869) 
2019-08-21 08:12:57,962 [Thread-272] INFO  contract.ContractTestUtils (ContractTestUtils.java:skip(521)) - Skipping: This Filesystem delays visibility of newly created files
2019-08-21 08:12:57,963 | INFO  | OMAudit | user=jenkins1000 | ip=127.0.0.1 | op=COMMIT_KEY {volume=volume98316, bucket=bucket65523, key=test/testCreatedFileIsImmediatelyVisible, dataSize=0, replicationType=null, replicationFactor=null, keyLocationInfo=[], clientID=102653963662327813} | ret=SUCCESS |  
2019-08-21 08:12:57,965 | INFO  | OMAudit | user=jenkins1000 | ip=127.0.0.1 | op=GET_FILE_STATUS {volume=volume98316, bucket=bucket65523, key=test, dataSize=0, replicationType=null, replicationFactor=null, keyLocationInfo=null} | ret=SUCCESS |  
2019-08-21 08:12:57,966 | INFO  | OMAudit | user=jenkins1000 | ip=127.0.0.1 | op=GET_FILE_STATUS {volume=volume98316, bucket=bucket65523, key=test, dataSize=0, replicationType=null, replicationFactor=null, keyLocationInfo=null} | ret=SUCCESS |  
2019-08-21 08:12:57,967 | INFO  | OMAudit | user=jenkins1000 | ip=127.0.0.1 | op=GET_FILE_STATUS {volume=volume98316, bucket=bucket65523, key=test, dataSize=0, replicationType=null, replicationFactor=null, keyLocationInfo=null} | ret=SUCCESS |  
2019-08-21 08:12:57,969 | INFO  | OMAudit | user=jenkins1000 | ip=127.0.0.1 | op=LIST_KEYS {volume=volume98316, bucket=bucket65523, startKey=, maxKeys=1000, keyPrefix=test/} | ret=SUCCESS |  
2019-08-21 08:12:57,970 | INFO  | OMAudit | user=jenkins1000 | ip=127.0.0.1 | op=DELETE_KEY {volume=volume98316, bucket=bucket65523, key=test/, dataSize=0, replicationType=null, replicationFactor=null, keyLocationInfo=null} | ret=SUCCESS |  
2019-08-21 08:12:57,972 | INFO  | OMAudit | user=jenkins1000 | ip=127.0.0.1 | op=DELETE_KEY {volume=volume98316, bucket=bucket65523, key=test/testCreatedFileIsImmediatelyVisible, dataSize=0, replicationType=null, replicationFactor=null, keyLocationInfo=null} | ret=SUCCESS |  
2019-08-21 08:12:57,973 | INFO  | OMAudit | user=jenkins1000 | ip=127.0.0.1 | op=LIST_KEYS {volume=volume98316, bucket=bucket65523, startKey=test/testCreatedFileIsImmediatelyVisible, maxKeys=1000, keyPrefix=test/} | ret=SUCCESS |  
]]></system-out>
  </testcase>
  <testcase name="testCreatedFileIsVisibleOnFlush" classname="org.apache.hadoop.fs.ozone.contract.ITestOzoneContractCreate" time="0">
    <skipped message="For object store or some file systems, newly created files are not immediately visible"/>
    <system-out><![CDATA[2019-08-21 08:12:57,980 | INFO  | OMAudit | user=jenkins1000 | ip=127.0.0.1 | op=CREATE_VOLUME {admin=admin00514, owner=user63451, volume=volume63614, creationTime=1566375177980, quotaInBytes=1152921504606846976} | ret=SUCCESS |  
2019-08-21 08:12:57,982 | INFO  | OMAudit | user=jenkins1000 | ip=127.0.0.1 | op=CREATE_BUCKET {volume=volume63614, bucket=bucket66175, acls=[], isVersionEnabled=false, storageType=DISK, creationTime=0} | ret=SUCCESS |  
2019-08-21 08:12:58,009 | INFO  | SCMAudit | user=jenkins1000 | ip=192.168.69.98 | op=SEND_HEARTBEAT {datanodeUUID=8818b25a-cc32-416d-b0d7-5ef35322c461, command=[]} | ret=SUCCESS |  
2019-08-21 08:12:58,044 | INFO  | OMAudit | user=jenkins1000 | ip=127.0.0.1 | op=READ_VOLUME {volume=volume63614} | ret=SUCCESS |  
2019-08-21 08:12:58,046 | INFO  | OMAudit | user=jenkins1000 | ip=127.0.0.1 | op=READ_BUCKET {volume=volume63614, bucket=bucket66175} | ret=SUCCESS |  
2019-08-21 08:12:58,047 [Thread-273] INFO  contract.AbstractFSContractTestBase (AbstractFSContractTestBase.java:setup(184)) - Test filesystem = o3fs://bucket66175.volume63614 implemented by OzoneFileSystem{URI=o3fs://bucket66175.volume63614, workingDir=o3fs://bucket66175.volume63614/user/jenkins1000, userName=jenkins1000, statistics=0 bytes read, 0 bytes written, 19 read ops, 0 large read ops, 8 write ops}
2019-08-21 08:12:58,051 | INFO  | OMAudit | user=jenkins1000 | ip=127.0.0.1 | op=CREATE_DIRECTORY {volume=volume63614, bucket=bucket66175, key=test, dataSize=0, replicationType=null, replicationFactor=null, keyLocationInfo=null} | ret=SUCCESS |  
2019-08-21 08:12:58,052 [Thread-273] INFO  contract.AbstractFSContractTestBase (AbstractFSContractTestBase.java:describe(255)) - verify that a newly created file exists once a flush has taken place
2019-08-21 08:12:58,059 | INFO  | SCMAudit | user=jenkins1000 | ip=192.168.69.98 | op=ALLOCATE_BLOCK {owner=3d1ff6a9-0129-46c9-aa70-b8773140f613, size=4194304, type=RATIS, factor=THREE} | ret=SUCCESS |  
2019-08-21 08:12:58,061 | INFO  | OMAudit | user=jenkins1000 | ip=127.0.0.1 | op=CREATE_FILE {volume=volume63614, bucket=bucket66175, key=test/testCreatedFileIsVisibleOnFlush, dataSize=0, replicationType=RATIS, replicationFactor=THREE, keyLocationInfo=null} | ret=SUCCESS |  
2019-08-21 08:12:58,090 [Thread-273] INFO  impl.MetricsSystemImpl (MetricsSystemImpl.java:init(158)) - XceiverClientMetrics metrics system started (again)
2019-08-21 08:12:58,583 | INFO  | SCMAudit | user=jenkins1000 | ip=192.168.69.98 | op=SEND_HEARTBEAT {datanodeUUID=d10a584c-cd44-4cb9-a980-f9a54f9e6bca, command=[]} | ret=SUCCESS |  
2019-08-21 08:12:58,586 | INFO  | SCMAudit | user=jenkins1000 | ip=192.168.69.98 | op=SEND_HEARTBEAT {datanodeUUID=3bc16160-9396-4d55-a90a-1ea9741a1bf0, command=[]} | ret=SUCCESS |  
2019-08-21 08:12:58,745 | INFO  | SCMAudit | user=jenkins1000 | ip=192.168.69.98 | op=SEND_HEARTBEAT {datanodeUUID=843a8a06-63c5-4c43-b00f-82deb1361a05, command=[]} | ret=SUCCESS |  
2019-08-21 08:12:58,874 | INFO  | SCMAudit | user=jenkins1000 | ip=192.168.69.98 | op=SEND_HEARTBEAT {datanodeUUID=d811d2eb-18f9-450b-b8bf-c6dd8b463693, command=[]} | ret=SUCCESS |  
2019-08-21 08:12:59,008 | INFO  | SCMAudit | user=jenkins1000 | ip=192.168.69.98 | op=SEND_HEARTBEAT {datanodeUUID=8818b25a-cc32-416d-b0d7-5ef35322c461, command=[]} | ret=SUCCESS |  
2019-08-21 08:12:59,583 | INFO  | SCMAudit | user=jenkins1000 | ip=192.168.69.98 | op=SEND_HEARTBEAT {datanodeUUID=d10a584c-cd44-4cb9-a980-f9a54f9e6bca, command=[]} | ret=SUCCESS |  
2019-08-21 08:12:59,587 | INFO  | SCMAudit | user=jenkins1000 | ip=192.168.69.98 | op=SEND_HEARTBEAT {datanodeUUID=3bc16160-9396-4d55-a90a-1ea9741a1bf0, command=[]} | ret=SUCCESS |  
2019-08-21 08:12:59,745 | INFO  | SCMAudit | user=jenkins1000 | ip=192.168.69.98 | op=SEND_HEARTBEAT {datanodeUUID=843a8a06-63c5-4c43-b00f-82deb1361a05, command=[]} | ret=SUCCESS |  
2019-08-21 08:12:59,875 | INFO  | SCMAudit | user=jenkins1000 | ip=192.168.69.98 | op=SEND_HEARTBEAT {datanodeUUID=d811d2eb-18f9-450b-b8bf-c6dd8b463693, command=[]} | ret=SUCCESS |  
2019-08-21 08:13:00,009 | INFO  | SCMAudit | user=jenkins1000 | ip=192.168.69.98 | op=SEND_HEARTBEAT {datanodeUUID=8818b25a-cc32-416d-b0d7-5ef35322c461, command=[]} | ret=SUCCESS |  
2019-08-21 08:13:00,228 [Thread-232] INFO  impl.FollowerState (FollowerState.java:run(106)) - d10a584c-cd44-4cb9-a980-f9a54f9e6bca:group-E641089875EB changes to CANDIDATE, lastRpcTime:5113, electionTimeout:5110ms
2019-08-21 08:13:00,228 [Thread-232] INFO  impl.RoleInfo (RoleInfo.java:shutdownFollowerState(121)) - d10a584c-cd44-4cb9-a980-f9a54f9e6bca: shutdown FollowerState
2019-08-21 08:13:00,229 [Thread-232] INFO  impl.RaftServerImpl (RaftServerImpl.java:setRole(171)) - d10a584c-cd44-4cb9-a980-f9a54f9e6bca:group-E641089875EB changes role from FOLLOWER to CANDIDATE at term 1 for changeToCandidate
2019-08-21 08:13:00,229 [Thread-232] INFO  impl.RoleInfo (RoleInfo.java:updateAndGet(143)) - d10a584c-cd44-4cb9-a980-f9a54f9e6bca: start LeaderElection
2019-08-21 08:13:00,266 [Thread-233] INFO  impl.FollowerState (FollowerState.java:run(106)) - 8818b25a-cc32-416d-b0d7-5ef35322c461:group-E641089875EB changes to CANDIDATE, lastRpcTime:5134, electionTimeout:5132ms
2019-08-21 08:13:00,267 [Thread-233] INFO  impl.RoleInfo (RoleInfo.java:shutdownFollowerState(121)) - 8818b25a-cc32-416d-b0d7-5ef35322c461: shutdown FollowerState
2019-08-21 08:13:00,267 [Thread-233] INFO  impl.RaftServerImpl (RaftServerImpl.java:setRole(171)) - 8818b25a-cc32-416d-b0d7-5ef35322c461:group-E641089875EB changes role from FOLLOWER to CANDIDATE at term 1 for changeToCandidate
2019-08-21 08:13:00,269 [Thread-233] INFO  impl.RoleInfo (RoleInfo.java:updateAndGet(143)) - 8818b25a-cc32-416d-b0d7-5ef35322c461: start LeaderElection
2019-08-21 08:13:00,279 [d10a584c-cd44-4cb9-a980-f9a54f9e6bca:group-E641089875EB:LeaderElection4] INFO  impl.LeaderElection (LeaderElection.java:askForVotes(181)) - d10a584c-cd44-4cb9-a980-f9a54f9e6bca:group-E641089875EB:LeaderElection4: begin an election at term 2 for -1: [8818b25a-cc32-416d-b0d7-5ef35322c461:192.168.69.98:34359, d10a584c-cd44-4cb9-a980-f9a54f9e6bca:192.168.69.98:46625, 843a8a06-63c5-4c43-b00f-82deb1361a05:192.168.69.98:40919], old=null
2019-08-21 08:13:00,281 [8818b25a-cc32-416d-b0d7-5ef35322c461:group-E641089875EB:LeaderElection5] INFO  impl.LeaderElection (LeaderElection.java:askForVotes(181)) - 8818b25a-cc32-416d-b0d7-5ef35322c461:group-E641089875EB:LeaderElection5: begin an election at term 2 for -1: [8818b25a-cc32-416d-b0d7-5ef35322c461:192.168.69.98:34359, d10a584c-cd44-4cb9-a980-f9a54f9e6bca:192.168.69.98:46625, 843a8a06-63c5-4c43-b00f-82deb1361a05:192.168.69.98:40919], old=null
2019-08-21 08:13:00,287 [grpc-default-executor-1] INFO  impl.RaftServerImpl (RaftServerImpl.java:setRole(171)) - 843a8a06-63c5-4c43-b00f-82deb1361a05:group-E641089875EB changes role from FOLLOWER to FOLLOWER at term 2 for recognizeCandidate:d10a584c-cd44-4cb9-a980-f9a54f9e6bca
2019-08-21 08:13:00,287 [grpc-default-executor-1] INFO  impl.RoleInfo (RoleInfo.java:shutdownFollowerState(121)) - 843a8a06-63c5-4c43-b00f-82deb1361a05: shutdown FollowerState
2019-08-21 08:13:00,287 [grpc-default-executor-1] INFO  impl.RoleInfo (RoleInfo.java:updateAndGet(143)) - 843a8a06-63c5-4c43-b00f-82deb1361a05: start FollowerState
2019-08-21 08:13:00,288 [Thread-240] INFO  impl.FollowerState (FollowerState.java:run(114)) - 843a8a06-63c5-4c43-b00f-82deb1361a05: FollowerState was interrupted: java.lang.InterruptedException: sleep interrupted
2019-08-21 08:13:00,311 [d10a584c-cd44-4cb9-a980-f9a54f9e6bca:group-E641089875EB:LeaderElection4] INFO  impl.LeaderElection (LeaderElection.java:logAndReturn(56)) - d10a584c-cd44-4cb9-a980-f9a54f9e6bca:group-E641089875EB:LeaderElection4: Election PASSED; received 2 response(s) [d10a584c-cd44-4cb9-a980-f9a54f9e6bca<-8818b25a-cc32-416d-b0d7-5ef35322c461#0:FAIL-t2, d10a584c-cd44-4cb9-a980-f9a54f9e6bca<-843a8a06-63c5-4c43-b00f-82deb1361a05#0:OK-t2] and 0 exception(s); d10a584c-cd44-4cb9-a980-f9a54f9e6bca:t2, leader=null, voted=d10a584c-cd44-4cb9-a980-f9a54f9e6bca, raftlog=d10a584c-cd44-4cb9-a980-f9a54f9e6bca-SegmentedRaftLog:OPENED:c-1,f-1,i0, conf=-1: [8818b25a-cc32-416d-b0d7-5ef35322c461:192.168.69.98:34359, d10a584c-cd44-4cb9-a980-f9a54f9e6bca:192.168.69.98:46625, 843a8a06-63c5-4c43-b00f-82deb1361a05:192.168.69.98:40919], old=null
2019-08-21 08:13:00,312 [d10a584c-cd44-4cb9-a980-f9a54f9e6bca:group-E641089875EB:LeaderElection4] INFO  impl.RoleInfo (RoleInfo.java:shutdownLeaderElection(134)) - d10a584c-cd44-4cb9-a980-f9a54f9e6bca: shutdown LeaderElection
2019-08-21 08:13:00,312 [d10a584c-cd44-4cb9-a980-f9a54f9e6bca:group-E641089875EB:LeaderElection4] INFO  impl.RaftServerImpl (RaftServerImpl.java:setRole(171)) - d10a584c-cd44-4cb9-a980-f9a54f9e6bca:group-E641089875EB changes role from CANDIDATE to LEADER at term 2 for changeToLeader
2019-08-21 08:13:00,314 [d10a584c-cd44-4cb9-a980-f9a54f9e6bca:group-E641089875EB:LeaderElection4] INFO  impl.RaftServerImpl (ServerState.java:setLeader(263)) - d10a584c-cd44-4cb9-a980-f9a54f9e6bca:group-E641089875EB change Leader from null to d10a584c-cd44-4cb9-a980-f9a54f9e6bca at term 2 for becomeLeader, leader elected after 13675ms
2019-08-21 08:13:00,314 [8818b25a-cc32-416d-b0d7-5ef35322c461:group-E641089875EB:LeaderElection5] INFO  impl.LeaderElection (LeaderElection.java:logAndReturn(56)) - 8818b25a-cc32-416d-b0d7-5ef35322c461:group-E641089875EB:LeaderElection5: Election REJECTED; received 2 response(s) [8818b25a-cc32-416d-b0d7-5ef35322c461<-d10a584c-cd44-4cb9-a980-f9a54f9e6bca#0:FAIL-t2, 8818b25a-cc32-416d-b0d7-5ef35322c461<-843a8a06-63c5-4c43-b00f-82deb1361a05#0:FAIL-t2] and 0 exception(s); 8818b25a-cc32-416d-b0d7-5ef35322c461:t2, leader=null, voted=8818b25a-cc32-416d-b0d7-5ef35322c461, raftlog=8818b25a-cc32-416d-b0d7-5ef35322c461-SegmentedRaftLog:OPENED:c-1,f-1,i0, conf=-1: [8818b25a-cc32-416d-b0d7-5ef35322c461:192.168.69.98:34359, d10a584c-cd44-4cb9-a980-f9a54f9e6bca:192.168.69.98:46625, 843a8a06-63c5-4c43-b00f-82deb1361a05:192.168.69.98:40919], old=null
2019-08-21 08:13:00,316 [d10a584c-cd44-4cb9-a980-f9a54f9e6bca:group-E641089875EB:LeaderElection4] INFO  server.RaftServerConfigKeys (ConfUtils.java:logGet(43)) - raft.server.staging.catchup.gap = 1000 (default)
2019-08-21 08:13:00,316 [8818b25a-cc32-416d-b0d7-5ef35322c461:group-E641089875EB:LeaderElection5] INFO  impl.RaftServerImpl (RaftServerImpl.java:setRole(171)) - 8818b25a-cc32-416d-b0d7-5ef35322c461:group-E641089875EB changes role from CANDIDATE to FOLLOWER at term 2 for DISCOVERED_A_NEW_TERM
2019-08-21 08:13:00,324 [8818b25a-cc32-416d-b0d7-5ef35322c461:group-E641089875EB:LeaderElection5] INFO  impl.RoleInfo (RoleInfo.java:shutdownLeaderElection(134)) - 8818b25a-cc32-416d-b0d7-5ef35322c461: shutdown LeaderElection
2019-08-21 08:13:00,316 [d10a584c-cd44-4cb9-a980-f9a54f9e6bca:group-E641089875EB:LeaderElection4] INFO  server.RaftServerConfigKeys (ConfUtils.java:logGet(43)) - raft.server.rpc.sleep.time = 25ms (default)
2019-08-21 08:13:00,326 [8818b25a-cc32-416d-b0d7-5ef35322c461:group-E641089875EB:LeaderElection5] INFO  impl.RoleInfo (RoleInfo.java:updateAndGet(143)) - 8818b25a-cc32-416d-b0d7-5ef35322c461: start FollowerState
2019-08-21 08:13:00,326 [d10a584c-cd44-4cb9-a980-f9a54f9e6bca:group-E641089875EB:LeaderElection4] INFO  server.RaftServerConfigKeys (ConfUtils.java:logGet(43)) - raft.server.write.element-limit = 4096 (default)
2019-08-21 08:13:00,326 [d10a584c-cd44-4cb9-a980-f9a54f9e6bca:group-E641089875EB:LeaderElection4] INFO  server.RaftServerConfigKeys (ConfUtils.java:logGet(43)) - raft.server.watch.timeout = 10s (default)
2019-08-21 08:13:00,328 [d10a584c-cd44-4cb9-a980-f9a54f9e6bca:group-E641089875EB:LeaderElection4] INFO  server.RaftServerConfigKeys (ConfUtils.java:logGet(43)) - raft.server.watch.timeout.denomination = 1s (default)
2019-08-21 08:13:00,328 [d10a584c-cd44-4cb9-a980-f9a54f9e6bca:group-E641089875EB:LeaderElection4] INFO  server.RaftServerConfigKeys (ConfUtils.java:logGet(43)) - raft.server.watch.element-limit = 65536 (default)
2019-08-21 08:13:00,331 [d10a584c-cd44-4cb9-a980-f9a54f9e6bca:group-E641089875EB:LeaderElection4] INFO  server.RaftServerConfigKeys (ConfUtils.java:logGet(43)) - raft.server.log.appender.snapshot.chunk.size.max = 16MB (=16777216) (default)
2019-08-21 08:13:00,331 [d10a584c-cd44-4cb9-a980-f9a54f9e6bca:group-E641089875EB:LeaderElection4] INFO  server.RaftServerConfigKeys (ConfUtils.java:logGet(43)) - raft.server.log.appender.buffer.byte-limit = 33554432 (custom)
2019-08-21 08:13:00,331 [d10a584c-cd44-4cb9-a980-f9a54f9e6bca:group-E641089875EB:LeaderElection4] INFO  server.RaftServerConfigKeys (ConfUtils.java:logGet(43)) - raft.server.log.appender.buffer.element-limit = 1 (custom)
2019-08-21 08:13:00,335 [d10a584c-cd44-4cb9-a980-f9a54f9e6bca:group-E641089875EB:LeaderElection4] INFO  grpc.GrpcConfigKeys$Server (ConfUtils.java:logGet(43)) - raft.grpc.server.leader.outstanding.appends.max = 128 (default)
2019-08-21 08:13:00,335 [d10a584c-cd44-4cb9-a980-f9a54f9e6bca:group-E641089875EB:LeaderElection4] INFO  server.RaftServerConfigKeys (ConfUtils.java:logGet(43)) - raft.server.rpc.request.timeout = 3000ms (default)
2019-08-21 08:13:00,335 [d10a584c-cd44-4cb9-a980-f9a54f9e6bca:group-E641089875EB:LeaderElection4] INFO  server.RaftServerConfigKeys (ConfUtils.java:logGet(43)) - raft.server.log.appender.install.snapshot.enabled = false (custom)
2019-08-21 08:13:00,335 [d10a584c-cd44-4cb9-a980-f9a54f9e6bca:group-E641089875EB:LeaderElection4] INFO  server.RaftServerConfigKeys (ConfUtils.java:logGet(43)) - raft.server.log.appender.snapshot.chunk.size.max = 16MB (=16777216) (default)
2019-08-21 08:13:00,336 [d10a584c-cd44-4cb9-a980-f9a54f9e6bca:group-E641089875EB:LeaderElection4] INFO  server.RaftServerConfigKeys (ConfUtils.java:logGet(43)) - raft.server.log.appender.buffer.byte-limit = 33554432 (custom)
2019-08-21 08:13:00,336 [d10a584c-cd44-4cb9-a980-f9a54f9e6bca:group-E641089875EB:LeaderElection4] INFO  server.RaftServerConfigKeys (ConfUtils.java:logGet(43)) - raft.server.log.appender.buffer.element-limit = 1 (custom)
2019-08-21 08:13:00,336 [d10a584c-cd44-4cb9-a980-f9a54f9e6bca:group-E641089875EB:LeaderElection4] INFO  grpc.GrpcConfigKeys$Server (ConfUtils.java:logGet(43)) - raft.grpc.server.leader.outstanding.appends.max = 128 (default)
2019-08-21 08:13:00,336 [d10a584c-cd44-4cb9-a980-f9a54f9e6bca:group-E641089875EB:LeaderElection4] INFO  server.RaftServerConfigKeys (ConfUtils.java:logGet(43)) - raft.server.rpc.request.timeout = 3000ms (default)
2019-08-21 08:13:00,336 [d10a584c-cd44-4cb9-a980-f9a54f9e6bca:group-E641089875EB:LeaderElection4] INFO  server.RaftServerConfigKeys (ConfUtils.java:logGet(43)) - raft.server.log.appender.install.snapshot.enabled = false (custom)
2019-08-21 08:13:00,338 [d10a584c-cd44-4cb9-a980-f9a54f9e6bca:group-E641089875EB:LeaderElection4] INFO  impl.RoleInfo (RoleInfo.java:updateAndGet(143)) - d10a584c-cd44-4cb9-a980-f9a54f9e6bca: start LeaderState
2019-08-21 08:13:00,338 [d10a584c-cd44-4cb9-a980-f9a54f9e6bca:group-E641089875EB:LeaderElection4] INFO  segmented.SegmentedRaftLogWorker (SegmentedRaftLogWorker.java:startLogSegment(380)) - d10a584c-cd44-4cb9-a980-f9a54f9e6bca-SegmentedRaftLogWorker:Storage Directory /workdir/hadoop-ozone/ozonefs/target/test-dir/MiniOzoneClusterImpl-f920765f-c79e-4cb2-9fab-80d27ae0d835/datanode-3/data/ratis/1a40b073-79df-44ee-be58-e641089875eb: Starting segment from index:0
2019-08-21 08:13:00,339 [d10a584c-cd44-4cb9-a980-f9a54f9e6bca:group-E641089875EB:LeaderElection4] INFO  impl.RaftServerImpl (ServerState.java:setRaftConf(361)) - d10a584c-cd44-4cb9-a980-f9a54f9e6bca:group-E641089875EB set configuration 0: [8818b25a-cc32-416d-b0d7-5ef35322c461:192.168.69.98:34359, d10a584c-cd44-4cb9-a980-f9a54f9e6bca:192.168.69.98:46625, 843a8a06-63c5-4c43-b00f-82deb1361a05:192.168.69.98:40919], old=null at 0
2019-08-21 08:13:00,386 [d10a584c-cd44-4cb9-a980-f9a54f9e6bca-SegmentedRaftLogWorker:Storage Directory /workdir/hadoop-ozone/ozonefs/target/test-dir/MiniOzoneClusterImpl-f920765f-c79e-4cb2-9fab-80d27ae0d835/datanode-3/data/ratis/1a40b073-79df-44ee-be58-e641089875eb] INFO  segmented.SegmentedRaftLogWorker (SegmentedRaftLogWorker.java:execute(569)) - d10a584c-cd44-4cb9-a980-f9a54f9e6bca-SegmentedRaftLogWorker:Storage Directory /workdir/hadoop-ozone/ozonefs/target/test-dir/MiniOzoneClusterImpl-f920765f-c79e-4cb2-9fab-80d27ae0d835/datanode-3/data/ratis/1a40b073-79df-44ee-be58-e641089875eb: created new log segment /workdir/hadoop-ozone/ozonefs/target/test-dir/MiniOzoneClusterImpl-f920765f-c79e-4cb2-9fab-80d27ae0d835/datanode-3/data/ratis/1a40b073-79df-44ee-be58-e641089875eb/current/log_inprogress_0
2019-08-21 08:13:00,394 [grpc-default-executor-1] INFO  impl.RaftServerImpl (ServerState.java:setLeader(263)) - 843a8a06-63c5-4c43-b00f-82deb1361a05:group-E641089875EB change Leader from null to d10a584c-cd44-4cb9-a980-f9a54f9e6bca at term 2 for appendEntries, leader elected after 11397ms
2019-08-21 08:13:00,394 [grpc-default-executor-0] INFO  impl.RaftServerImpl (ServerState.java:setLeader(263)) - 8818b25a-cc32-416d-b0d7-5ef35322c461:group-E641089875EB change Leader from null to d10a584c-cd44-4cb9-a980-f9a54f9e6bca at term 2 for appendEntries, leader elected after 13756ms
2019-08-21 08:13:00,425 [grpc-default-executor-1] INFO  impl.RaftServerImpl (ServerState.java:setRaftConf(361)) - 8818b25a-cc32-416d-b0d7-5ef35322c461:group-E641089875EB set configuration 0: [8818b25a-cc32-416d-b0d7-5ef35322c461:192.168.69.98:34359, d10a584c-cd44-4cb9-a980-f9a54f9e6bca:192.168.69.98:46625, 843a8a06-63c5-4c43-b00f-82deb1361a05:192.168.69.98:40919], old=null at 0
2019-08-21 08:13:00,425 [grpc-default-executor-1] INFO  segmented.SegmentedRaftLogWorker (SegmentedRaftLogWorker.java:startLogSegment(380)) - 8818b25a-cc32-416d-b0d7-5ef35322c461-SegmentedRaftLogWorker:Storage Directory /workdir/hadoop-ozone/ozonefs/target/test-dir/MiniOzoneClusterImpl-f920765f-c79e-4cb2-9fab-80d27ae0d835/datanode-1/data/ratis/1a40b073-79df-44ee-be58-e641089875eb: Starting segment from index:0
2019-08-21 08:13:00,425 [grpc-default-executor-0] INFO  impl.RaftServerImpl (ServerState.java:setRaftConf(361)) - 843a8a06-63c5-4c43-b00f-82deb1361a05:group-E641089875EB set configuration 0: [8818b25a-cc32-416d-b0d7-5ef35322c461:192.168.69.98:34359, d10a584c-cd44-4cb9-a980-f9a54f9e6bca:192.168.69.98:46625, 843a8a06-63c5-4c43-b00f-82deb1361a05:192.168.69.98:40919], old=null at 0
2019-08-21 08:13:00,426 [grpc-default-executor-0] INFO  segmented.SegmentedRaftLogWorker (SegmentedRaftLogWorker.java:startLogSegment(380)) - 843a8a06-63c5-4c43-b00f-82deb1361a05-SegmentedRaftLogWorker:Storage Directory /workdir/hadoop-ozone/ozonefs/target/test-dir/MiniOzoneClusterImpl-f920765f-c79e-4cb2-9fab-80d27ae0d835/datanode-0/data/ratis/1a40b073-79df-44ee-be58-e641089875eb: Starting segment from index:0
2019-08-21 08:13:00,471 [8818b25a-cc32-416d-b0d7-5ef35322c461-SegmentedRaftLogWorker:Storage Directory /workdir/hadoop-ozone/ozonefs/target/test-dir/MiniOzoneClusterImpl-f920765f-c79e-4cb2-9fab-80d27ae0d835/datanode-1/data/ratis/1a40b073-79df-44ee-be58-e641089875eb] INFO  segmented.SegmentedRaftLogWorker (SegmentedRaftLogWorker.java:execute(569)) - 8818b25a-cc32-416d-b0d7-5ef35322c461-SegmentedRaftLogWorker:Storage Directory /workdir/hadoop-ozone/ozonefs/target/test-dir/MiniOzoneClusterImpl-f920765f-c79e-4cb2-9fab-80d27ae0d835/datanode-1/data/ratis/1a40b073-79df-44ee-be58-e641089875eb: created new log segment /workdir/hadoop-ozone/ozonefs/target/test-dir/MiniOzoneClusterImpl-f920765f-c79e-4cb2-9fab-80d27ae0d835/datanode-1/data/ratis/1a40b073-79df-44ee-be58-e641089875eb/current/log_inprogress_0
2019-08-21 08:13:00,471 [843a8a06-63c5-4c43-b00f-82deb1361a05-SegmentedRaftLogWorker:Storage Directory /workdir/hadoop-ozone/ozonefs/target/test-dir/MiniOzoneClusterImpl-f920765f-c79e-4cb2-9fab-80d27ae0d835/datanode-0/data/ratis/1a40b073-79df-44ee-be58-e641089875eb] INFO  segmented.SegmentedRaftLogWorker (SegmentedRaftLogWorker.java:execute(569)) - 843a8a06-63c5-4c43-b00f-82deb1361a05-SegmentedRaftLogWorker:Storage Directory /workdir/hadoop-ozone/ozonefs/target/test-dir/MiniOzoneClusterImpl-f920765f-c79e-4cb2-9fab-80d27ae0d835/datanode-0/data/ratis/1a40b073-79df-44ee-be58-e641089875eb: created new log segment /workdir/hadoop-ozone/ozonefs/target/test-dir/MiniOzoneClusterImpl-f920765f-c79e-4cb2-9fab-80d27ae0d835/datanode-0/data/ratis/1a40b073-79df-44ee-be58-e641089875eb/current/log_inprogress_0
2019-08-21 08:13:00,583 | INFO  | SCMAudit | user=jenkins1000 | ip=192.168.69.98 | op=SEND_HEARTBEAT {datanodeUUID=d10a584c-cd44-4cb9-a980-f9a54f9e6bca, command=[]} | ret=SUCCESS |  
2019-08-21 08:13:00,586 | INFO  | SCMAudit | user=jenkins1000 | ip=192.168.69.98 | op=SEND_HEARTBEAT {datanodeUUID=3bc16160-9396-4d55-a90a-1ea9741a1bf0, command=[]} | ret=SUCCESS |  
2019-08-21 08:13:00,745 | INFO  | SCMAudit | user=jenkins1000 | ip=192.168.69.98 | op=SEND_HEARTBEAT {datanodeUUID=843a8a06-63c5-4c43-b00f-82deb1361a05, command=[]} | ret=SUCCESS |  
2019-08-21 08:13:00,875 | INFO  | SCMAudit | user=jenkins1000 | ip=192.168.69.98 | op=SEND_HEARTBEAT {datanodeUUID=d811d2eb-18f9-450b-b8bf-c6dd8b463693, command=[]} | ret=SUCCESS |  
2019-08-21 08:13:01,010 | INFO  | SCMAudit | user=jenkins1000 | ip=192.168.69.98 | op=SEND_HEARTBEAT {datanodeUUID=8818b25a-cc32-416d-b0d7-5ef35322c461, command=[]} | ret=SUCCESS |  
2019-08-21 08:13:01,582 | INFO  | SCMAudit | user=jenkins1000 | ip=192.168.69.98 | op=SEND_HEARTBEAT {datanodeUUID=d10a584c-cd44-4cb9-a980-f9a54f9e6bca, command=[]} | ret=SUCCESS |  
2019-08-21 08:13:01,587 | INFO  | SCMAudit | user=jenkins1000 | ip=192.168.69.98 | op=SEND_HEARTBEAT {datanodeUUID=3bc16160-9396-4d55-a90a-1ea9741a1bf0, command=[]} | ret=SUCCESS |  
2019-08-21 08:13:01,744 | INFO  | SCMAudit | user=jenkins1000 | ip=192.168.69.98 | op=SEND_HEARTBEAT {datanodeUUID=843a8a06-63c5-4c43-b00f-82deb1361a05, command=[]} | ret=SUCCESS |  
2019-08-21 08:13:01,876 | INFO  | SCMAudit | user=jenkins1000 | ip=192.168.69.98 | op=SEND_HEARTBEAT {datanodeUUID=d811d2eb-18f9-450b-b8bf-c6dd8b463693, command=[]} | ret=SUCCESS |  
2019-08-21 08:13:02,010 | INFO  | SCMAudit | user=jenkins1000 | ip=192.168.69.98 | op=SEND_HEARTBEAT {datanodeUUID=8818b25a-cc32-416d-b0d7-5ef35322c461, command=[]} | ret=SUCCESS |  
2019-08-21 08:13:02,583 | INFO  | SCMAudit | user=jenkins1000 | ip=192.168.69.98 | op=SEND_HEARTBEAT {datanodeUUID=d10a584c-cd44-4cb9-a980-f9a54f9e6bca, command=[]} | ret=SUCCESS |  
2019-08-21 08:13:02,588 | INFO  | SCMAudit | user=jenkins1000 | ip=192.168.69.98 | op=SEND_HEARTBEAT {datanodeUUID=3bc16160-9396-4d55-a90a-1ea9741a1bf0, command=[]} | ret=SUCCESS |  
2019-08-21 08:13:02,666 [Thread-248] INFO  impl.FollowerState (FollowerState.java:run(106)) - 8818b25a-cc32-416d-b0d7-5ef35322c461:group-4081D0D2BC35 changes to CANDIDATE, lastRpcTime:5043, electionTimeout:5043ms
2019-08-21 08:13:02,668 [Thread-248] INFO  impl.RoleInfo (RoleInfo.java:shutdownFollowerState(121)) - 8818b25a-cc32-416d-b0d7-5ef35322c461: shutdown FollowerState
2019-08-21 08:13:02,668 [Thread-248] INFO  impl.RaftServerImpl (RaftServerImpl.java:setRole(171)) - 8818b25a-cc32-416d-b0d7-5ef35322c461:group-4081D0D2BC35 changes role from FOLLOWER to CANDIDATE at term 0 for changeToCandidate
2019-08-21 08:13:02,669 [Thread-248] INFO  impl.RoleInfo (RoleInfo.java:updateAndGet(143)) - 8818b25a-cc32-416d-b0d7-5ef35322c461: start LeaderElection
2019-08-21 08:13:02,688 [8818b25a-cc32-416d-b0d7-5ef35322c461:group-4081D0D2BC35:LeaderElection6] INFO  impl.LeaderElection (LeaderElection.java:askForVotes(181)) - 8818b25a-cc32-416d-b0d7-5ef35322c461:group-4081D0D2BC35:LeaderElection6: begin an election at term 1 for -1: [8818b25a-cc32-416d-b0d7-5ef35322c461:192.168.69.98:34359, d10a584c-cd44-4cb9-a980-f9a54f9e6bca:192.168.69.98:46625, 843a8a06-63c5-4c43-b00f-82deb1361a05:192.168.69.98:40919], old=null
2019-08-21 08:13:02,699 [grpc-default-executor-1] INFO  impl.RaftServerImpl (RaftServerImpl.java:setRole(171)) - 843a8a06-63c5-4c43-b00f-82deb1361a05:group-4081D0D2BC35 changes role from FOLLOWER to FOLLOWER at term 1 for recognizeCandidate:8818b25a-cc32-416d-b0d7-5ef35322c461
2019-08-21 08:13:02,701 [grpc-default-executor-0] INFO  impl.RaftServerImpl (RaftServerImpl.java:setRole(171)) - d10a584c-cd44-4cb9-a980-f9a54f9e6bca:group-4081D0D2BC35 changes role from FOLLOWER to FOLLOWER at term 1 for recognizeCandidate:8818b25a-cc32-416d-b0d7-5ef35322c461
2019-08-21 08:13:02,701 [grpc-default-executor-1] INFO  impl.RoleInfo (RoleInfo.java:shutdownFollowerState(121)) - 843a8a06-63c5-4c43-b00f-82deb1361a05: shutdown FollowerState
2019-08-21 08:13:02,701 [grpc-default-executor-0] INFO  impl.RoleInfo (RoleInfo.java:shutdownFollowerState(121)) - d10a584c-cd44-4cb9-a980-f9a54f9e6bca: shutdown FollowerState
2019-08-21 08:13:02,702 [Thread-265] INFO  impl.FollowerState (FollowerState.java:run(114)) - 843a8a06-63c5-4c43-b00f-82deb1361a05: FollowerState was interrupted: java.lang.InterruptedException: sleep interrupted
2019-08-21 08:13:02,702 [grpc-default-executor-0] INFO  impl.RoleInfo (RoleInfo.java:updateAndGet(143)) - d10a584c-cd44-4cb9-a980-f9a54f9e6bca: start FollowerState
2019-08-21 08:13:02,702 [grpc-default-executor-1] INFO  impl.RoleInfo (RoleInfo.java:updateAndGet(143)) - 843a8a06-63c5-4c43-b00f-82deb1361a05: start FollowerState
2019-08-21 08:13:02,702 [Thread-247] INFO  impl.FollowerState (FollowerState.java:run(114)) - d10a584c-cd44-4cb9-a980-f9a54f9e6bca: FollowerState was interrupted: java.lang.InterruptedException: sleep interrupted
2019-08-21 08:13:02,723 [8818b25a-cc32-416d-b0d7-5ef35322c461:group-4081D0D2BC35:LeaderElection6] INFO  impl.LeaderElection (LeaderElection.java:logAndReturn(56)) - 8818b25a-cc32-416d-b0d7-5ef35322c461:group-4081D0D2BC35:LeaderElection6: Election PASSED; received 1 response(s) [8818b25a-cc32-416d-b0d7-5ef35322c461<-843a8a06-63c5-4c43-b00f-82deb1361a05#0:OK-t1] and 0 exception(s); 8818b25a-cc32-416d-b0d7-5ef35322c461:t1, leader=null, voted=8818b25a-cc32-416d-b0d7-5ef35322c461, raftlog=8818b25a-cc32-416d-b0d7-5ef35322c461-SegmentedRaftLog:OPENED:c-1,f-1,i0, conf=-1: [8818b25a-cc32-416d-b0d7-5ef35322c461:192.168.69.98:34359, d10a584c-cd44-4cb9-a980-f9a54f9e6bca:192.168.69.98:46625, 843a8a06-63c5-4c43-b00f-82deb1361a05:192.168.69.98:40919], old=null
2019-08-21 08:13:02,723 [8818b25a-cc32-416d-b0d7-5ef35322c461:group-4081D0D2BC35:LeaderElection6] INFO  impl.RoleInfo (RoleInfo.java:shutdownLeaderElection(134)) - 8818b25a-cc32-416d-b0d7-5ef35322c461: shutdown LeaderElection
2019-08-21 08:13:02,725 [8818b25a-cc32-416d-b0d7-5ef35322c461:group-4081D0D2BC35:LeaderElection6] INFO  impl.RaftServerImpl (RaftServerImpl.java:setRole(171)) - 8818b25a-cc32-416d-b0d7-5ef35322c461:group-4081D0D2BC35 changes role from CANDIDATE to LEADER at term 1 for changeToLeader
2019-08-21 08:13:02,727 [8818b25a-cc32-416d-b0d7-5ef35322c461:group-4081D0D2BC35:LeaderElection6] INFO  impl.RaftServerImpl (ServerState.java:setLeader(263)) - 8818b25a-cc32-416d-b0d7-5ef35322c461:group-4081D0D2BC35 change Leader from null to 8818b25a-cc32-416d-b0d7-5ef35322c461 at term 1 for becomeLeader, leader elected after 6525ms
2019-08-21 08:13:02,728 [8818b25a-cc32-416d-b0d7-5ef35322c461:group-4081D0D2BC35:LeaderElection6] INFO  server.RaftServerConfigKeys (ConfUtils.java:logGet(43)) - raft.server.staging.catchup.gap = 1000 (default)
2019-08-21 08:13:02,728 [8818b25a-cc32-416d-b0d7-5ef35322c461:group-4081D0D2BC35:LeaderElection6] INFO  server.RaftServerConfigKeys (ConfUtils.java:logGet(43)) - raft.server.rpc.sleep.time = 25ms (default)
2019-08-21 08:13:02,729 [8818b25a-cc32-416d-b0d7-5ef35322c461:group-4081D0D2BC35:LeaderElection6] INFO  server.RaftServerConfigKeys (ConfUtils.java:logGet(43)) - raft.server.write.element-limit = 4096 (default)
2019-08-21 08:13:02,729 [8818b25a-cc32-416d-b0d7-5ef35322c461:group-4081D0D2BC35:LeaderElection6] INFO  server.RaftServerConfigKeys (ConfUtils.java:logGet(43)) - raft.server.watch.timeout = 10s (default)
2019-08-21 08:13:02,729 [8818b25a-cc32-416d-b0d7-5ef35322c461:group-4081D0D2BC35:LeaderElection6] INFO  server.RaftServerConfigKeys (ConfUtils.java:logGet(43)) - raft.server.watch.timeout.denomination = 1s (default)
2019-08-21 08:13:02,729 [8818b25a-cc32-416d-b0d7-5ef35322c461:group-4081D0D2BC35:LeaderElection6] INFO  server.RaftServerConfigKeys (ConfUtils.java:logGet(43)) - raft.server.watch.element-limit = 65536 (default)
2019-08-21 08:13:02,730 [8818b25a-cc32-416d-b0d7-5ef35322c461:group-4081D0D2BC35:LeaderElection6] INFO  server.RaftServerConfigKeys (ConfUtils.java:logGet(43)) - raft.server.log.appender.snapshot.chunk.size.max = 16MB (=16777216) (default)
2019-08-21 08:13:02,730 [8818b25a-cc32-416d-b0d7-5ef35322c461:group-4081D0D2BC35:LeaderElection6] INFO  server.RaftServerConfigKeys (ConfUtils.java:logGet(43)) - raft.server.log.appender.buffer.byte-limit = 33554432 (custom)
2019-08-21 08:13:02,730 [8818b25a-cc32-416d-b0d7-5ef35322c461:group-4081D0D2BC35:LeaderElection6] INFO  server.RaftServerConfigKeys (ConfUtils.java:logGet(43)) - raft.server.log.appender.buffer.element-limit = 1 (custom)
2019-08-21 08:13:02,730 [8818b25a-cc32-416d-b0d7-5ef35322c461:group-4081D0D2BC35:LeaderElection6] INFO  grpc.GrpcConfigKeys$Server (ConfUtils.java:logGet(43)) - raft.grpc.server.leader.outstanding.appends.max = 128 (default)
2019-08-21 08:13:02,732 [8818b25a-cc32-416d-b0d7-5ef35322c461:group-4081D0D2BC35:LeaderElection6] INFO  server.RaftServerConfigKeys (ConfUtils.java:logGet(43)) - raft.server.rpc.request.timeout = 3000ms (default)
2019-08-21 08:13:02,732 [8818b25a-cc32-416d-b0d7-5ef35322c461:group-4081D0D2BC35:LeaderElection6] INFO  server.RaftServerConfigKeys (ConfUtils.java:logGet(43)) - raft.server.log.appender.install.snapshot.enabled = false (custom)
2019-08-21 08:13:02,732 [8818b25a-cc32-416d-b0d7-5ef35322c461:group-4081D0D2BC35:LeaderElection6] INFO  server.RaftServerConfigKeys (ConfUtils.java:logGet(43)) - raft.server.log.appender.snapshot.chunk.size.max = 16MB (=16777216) (default)
2019-08-21 08:13:02,733 [8818b25a-cc32-416d-b0d7-5ef35322c461:group-4081D0D2BC35:LeaderElection6] INFO  server.RaftServerConfigKeys (ConfUtils.java:logGet(43)) - raft.server.log.appender.buffer.byte-limit = 33554432 (custom)
2019-08-21 08:13:02,733 [8818b25a-cc32-416d-b0d7-5ef35322c461:group-4081D0D2BC35:LeaderElection6] INFO  server.RaftServerConfigKeys (ConfUtils.java:logGet(43)) - raft.server.log.appender.buffer.element-limit = 1 (custom)
2019-08-21 08:13:02,733 [8818b25a-cc32-416d-b0d7-5ef35322c461:group-4081D0D2BC35:LeaderElection6] INFO  grpc.GrpcConfigKeys$Server (ConfUtils.java:logGet(43)) - raft.grpc.server.leader.outstanding.appends.max = 128 (default)
2019-08-21 08:13:02,733 [8818b25a-cc32-416d-b0d7-5ef35322c461:group-4081D0D2BC35:LeaderElection6] INFO  server.RaftServerConfigKeys (ConfUtils.java:logGet(43)) - raft.server.rpc.request.timeout = 3000ms (default)
2019-08-21 08:13:02,734 [8818b25a-cc32-416d-b0d7-5ef35322c461:group-4081D0D2BC35:LeaderElection6] INFO  server.RaftServerConfigKeys (ConfUtils.java:logGet(43)) - raft.server.log.appender.install.snapshot.enabled = false (custom)
2019-08-21 08:13:02,734 [8818b25a-cc32-416d-b0d7-5ef35322c461:group-4081D0D2BC35:LeaderElection6] INFO  impl.RoleInfo (RoleInfo.java:updateAndGet(143)) - 8818b25a-cc32-416d-b0d7-5ef35322c461: start LeaderState
2019-08-21 08:13:02,734 [8818b25a-cc32-416d-b0d7-5ef35322c461:group-4081D0D2BC35:LeaderElection6] INFO  segmented.SegmentedRaftLogWorker (SegmentedRaftLogWorker.java:startLogSegment(380)) - 8818b25a-cc32-416d-b0d7-5ef35322c461-SegmentedRaftLogWorker:Storage Directory /workdir/hadoop-ozone/ozonefs/target/test-dir/MiniOzoneClusterImpl-f920765f-c79e-4cb2-9fab-80d27ae0d835/datanode-1/data/ratis/3b72aeac-cba7-4193-82f6-4081d0d2bc35: Starting segment from index:0
2019-08-21 08:13:02,735 [8818b25a-cc32-416d-b0d7-5ef35322c461:group-4081D0D2BC35:LeaderElection6] INFO  impl.RaftServerImpl (ServerState.java:setRaftConf(361)) - 8818b25a-cc32-416d-b0d7-5ef35322c461:group-4081D0D2BC35 set configuration 0: [8818b25a-cc32-416d-b0d7-5ef35322c461:192.168.69.98:34359, d10a584c-cd44-4cb9-a980-f9a54f9e6bca:192.168.69.98:46625, 843a8a06-63c5-4c43-b00f-82deb1361a05:192.168.69.98:40919], old=null at 0
2019-08-21 08:13:02,765 [Thread-252] INFO  impl.FollowerState (FollowerState.java:run(106)) - 8818b25a-cc32-416d-b0d7-5ef35322c461:group-BD51A3103F8F changes to CANDIDATE, lastRpcTime:5094, electionTimeout:5081ms
2019-08-21 08:13:02,767 [Thread-267] INFO  impl.FollowerState (FollowerState.java:run(106)) - 843a8a06-63c5-4c43-b00f-82deb1361a05:group-BD51A3103F8F changes to CANDIDATE, lastRpcTime:5066, electionTimeout:5035ms
2019-08-21 08:13:02,767 [Thread-252] INFO  impl.RoleInfo (RoleInfo.java:shutdownFollowerState(121)) - 8818b25a-cc32-416d-b0d7-5ef35322c461: shutdown FollowerState
2019-08-21 08:13:02,767 [Thread-267] INFO  impl.RoleInfo (RoleInfo.java:shutdownFollowerState(121)) - 843a8a06-63c5-4c43-b00f-82deb1361a05: shutdown FollowerState
2019-08-21 08:13:02,768 [Thread-252] INFO  impl.RaftServerImpl (RaftServerImpl.java:setRole(171)) - 8818b25a-cc32-416d-b0d7-5ef35322c461:group-BD51A3103F8F changes role from FOLLOWER to CANDIDATE at term 0 for changeToCandidate
2019-08-21 08:13:02,768 [Thread-267] INFO  impl.RaftServerImpl (RaftServerImpl.java:setRole(171)) - 843a8a06-63c5-4c43-b00f-82deb1361a05:group-BD51A3103F8F changes role from FOLLOWER to CANDIDATE at term 0 for changeToCandidate
2019-08-21 08:13:02,768 [Thread-252] INFO  impl.RoleInfo (RoleInfo.java:updateAndGet(143)) - 8818b25a-cc32-416d-b0d7-5ef35322c461: start LeaderElection
2019-08-21 08:13:02,768 [Thread-267] INFO  impl.RoleInfo (RoleInfo.java:updateAndGet(143)) - 843a8a06-63c5-4c43-b00f-82deb1361a05: start LeaderElection
2019-08-21 08:13:02,768 | INFO  | SCMAudit | user=jenkins1000 | ip=192.168.69.98 | op=SEND_HEARTBEAT {datanodeUUID=843a8a06-63c5-4c43-b00f-82deb1361a05, command=[]} | ret=SUCCESS |  
2019-08-21 08:13:02,778 [8818b25a-cc32-416d-b0d7-5ef35322c461-SegmentedRaftLogWorker:Storage Directory /workdir/hadoop-ozone/ozonefs/target/test-dir/MiniOzoneClusterImpl-f920765f-c79e-4cb2-9fab-80d27ae0d835/datanode-1/data/ratis/3b72aeac-cba7-4193-82f6-4081d0d2bc35] INFO  segmented.SegmentedRaftLogWorker (SegmentedRaftLogWorker.java:execute(569)) - 8818b25a-cc32-416d-b0d7-5ef35322c461-SegmentedRaftLogWorker:Storage Directory /workdir/hadoop-ozone/ozonefs/target/test-dir/MiniOzoneClusterImpl-f920765f-c79e-4cb2-9fab-80d27ae0d835/datanode-1/data/ratis/3b72aeac-cba7-4193-82f6-4081d0d2bc35: created new log segment /workdir/hadoop-ozone/ozonefs/target/test-dir/MiniOzoneClusterImpl-f920765f-c79e-4cb2-9fab-80d27ae0d835/datanode-1/data/ratis/3b72aeac-cba7-4193-82f6-4081d0d2bc35/current/log_inprogress_0
2019-08-21 08:13:02,780 [Thread-269] INFO  impl.FollowerState (FollowerState.java:run(106)) - 843a8a06-63c5-4c43-b00f-82deb1361a05:group-37D45C1D5CE5 changes to CANDIDATE, lastRpcTime:5078, electionTimeout:5078ms
2019-08-21 08:13:02,780 [grpc-default-executor-1] INFO  impl.RaftServerImpl (ServerState.java:setLeader(263)) - d10a584c-cd44-4cb9-a980-f9a54f9e6bca:group-4081D0D2BC35 change Leader from null to 8818b25a-cc32-416d-b0d7-5ef35322c461 at term 1 for appendEntries, leader elected after 6579ms
2019-08-21 08:13:02,782 [843a8a06-63c5-4c43-b00f-82deb1361a05:group-BD51A3103F8F:LeaderElection8] INFO  impl.LeaderElection (LeaderElection.java:askForVotes(181)) - 843a8a06-63c5-4c43-b00f-82deb1361a05:group-BD51A3103F8F:LeaderElection8: begin an election at term 1 for -1: [8818b25a-cc32-416d-b0d7-5ef35322c461:192.168.69.98:34359, d10a584c-cd44-4cb9-a980-f9a54f9e6bca:192.168.69.98:46625, 843a8a06-63c5-4c43-b00f-82deb1361a05:192.168.69.98:40919], old=null
2019-08-21 08:13:02,782 [8818b25a-cc32-416d-b0d7-5ef35322c461:group-BD51A3103F8F:LeaderElection7] INFO  impl.LeaderElection (LeaderElection.java:askForVotes(181)) - 8818b25a-cc32-416d-b0d7-5ef35322c461:group-BD51A3103F8F:LeaderElection7: begin an election at term 1 for -1: [8818b25a-cc32-416d-b0d7-5ef35322c461:192.168.69.98:34359, d10a584c-cd44-4cb9-a980-f9a54f9e6bca:192.168.69.98:46625, 843a8a06-63c5-4c43-b00f-82deb1361a05:192.168.69.98:40919], old=null
2019-08-21 08:13:02,781 [Thread-269] INFO  impl.RoleInfo (RoleInfo.java:shutdownFollowerState(121)) - 843a8a06-63c5-4c43-b00f-82deb1361a05: shutdown FollowerState
2019-08-21 08:13:02,782 [grpc-default-executor-0] INFO  impl.RaftServerImpl (ServerState.java:setLeader(263)) - 843a8a06-63c5-4c43-b00f-82deb1361a05:group-4081D0D2BC35 change Leader from null to 8818b25a-cc32-416d-b0d7-5ef35322c461 at term 1 for appendEntries, leader elected after 5180ms
2019-08-21 08:13:02,783 [Thread-269] INFO  impl.RaftServerImpl (RaftServerImpl.java:setRole(171)) - 843a8a06-63c5-4c43-b00f-82deb1361a05:group-37D45C1D5CE5 changes role from FOLLOWER to CANDIDATE at term 0 for changeToCandidate
2019-08-21 08:13:02,783 [Thread-269] INFO  impl.RoleInfo (RoleInfo.java:updateAndGet(143)) - 843a8a06-63c5-4c43-b00f-82deb1361a05: start LeaderElection
2019-08-21 08:13:02,790 [Thread-255] INFO  impl.FollowerState (FollowerState.java:run(106)) - 843a8a06-63c5-4c43-b00f-82deb1361a05:group-876858171022 changes to CANDIDATE, lastRpcTime:5117, electionTimeout:5117ms
2019-08-21 08:13:02,790 [Thread-255] INFO  impl.RoleInfo (RoleInfo.java:shutdownFollowerState(121)) - 843a8a06-63c5-4c43-b00f-82deb1361a05: shutdown FollowerState
2019-08-21 08:13:02,790 [Thread-255] INFO  impl.RaftServerImpl (RaftServerImpl.java:setRole(171)) - 843a8a06-63c5-4c43-b00f-82deb1361a05:group-876858171022 changes role from FOLLOWER to CANDIDATE at term 0 for changeToCandidate
2019-08-21 08:13:02,791 [Thread-255] INFO  impl.RoleInfo (RoleInfo.java:updateAndGet(143)) - 843a8a06-63c5-4c43-b00f-82deb1361a05: start LeaderElection
2019-08-21 08:13:02,800 [grpc-default-executor-0] INFO  impl.RaftServerImpl (RaftServerImpl.java:setRole(171)) - d10a584c-cd44-4cb9-a980-f9a54f9e6bca:group-BD51A3103F8F changes role from FOLLOWER to FOLLOWER at term 1 for recognizeCandidate:8818b25a-cc32-416d-b0d7-5ef35322c461
2019-08-21 08:13:02,800 [grpc-default-executor-0] INFO  impl.RoleInfo (RoleInfo.java:shutdownFollowerState(121)) - d10a584c-cd44-4cb9-a980-f9a54f9e6bca: shutdown FollowerState
2019-08-21 08:13:02,800 [grpc-default-executor-0] INFO  impl.RoleInfo (RoleInfo.java:updateAndGet(143)) - d10a584c-cd44-4cb9-a980-f9a54f9e6bca: start FollowerState
2019-08-21 08:13:02,800 [Thread-259] INFO  impl.FollowerState (FollowerState.java:run(114)) - d10a584c-cd44-4cb9-a980-f9a54f9e6bca: FollowerState was interrupted: java.lang.InterruptedException: sleep interrupted
2019-08-21 08:13:02,803 [843a8a06-63c5-4c43-b00f-82deb1361a05:group-876858171022:LeaderElection10] INFO  impl.LeaderElection (LeaderElection.java:askForVotes(181)) - 843a8a06-63c5-4c43-b00f-82deb1361a05:group-876858171022:LeaderElection10: begin an election at term 1 for -1: [843a8a06-63c5-4c43-b00f-82deb1361a05:192.168.69.98:40919], old=null
2019-08-21 08:13:02,805 [grpc-default-executor-2] INFO  impl.RaftServerImpl (ServerState.java:setRaftConf(361)) - d10a584c-cd44-4cb9-a980-f9a54f9e6bca:group-4081D0D2BC35 set configuration 0: [8818b25a-cc32-416d-b0d7-5ef35322c461:192.168.69.98:34359, d10a584c-cd44-4cb9-a980-f9a54f9e6bca:192.168.69.98:46625, 843a8a06-63c5-4c43-b00f-82deb1361a05:192.168.69.98:40919], old=null at 0
2019-08-21 08:13:02,805 [843a8a06-63c5-4c43-b00f-82deb1361a05:group-876858171022:LeaderElection10] INFO  impl.RoleInfo (RoleInfo.java:shutdownLeaderElection(134)) - 843a8a06-63c5-4c43-b00f-82deb1361a05: shutdown LeaderElection
2019-08-21 08:13:02,803 [843a8a06-63c5-4c43-b00f-82deb1361a05:group-37D45C1D5CE5:LeaderElection9] INFO  impl.LeaderElection (LeaderElection.java:askForVotes(181)) - 843a8a06-63c5-4c43-b00f-82deb1361a05:group-37D45C1D5CE5:LeaderElection9: begin an election at term 1 for -1: [8818b25a-cc32-416d-b0d7-5ef35322c461:192.168.69.98:34359, d10a584c-cd44-4cb9-a980-f9a54f9e6bca:192.168.69.98:46625, 843a8a06-63c5-4c43-b00f-82deb1361a05:192.168.69.98:40919], old=null
2019-08-21 08:13:02,807 [grpc-default-executor-3] INFO  impl.RaftServerImpl (ServerState.java:setRaftConf(361)) - 843a8a06-63c5-4c43-b00f-82deb1361a05:group-4081D0D2BC35 set configuration 0: [8818b25a-cc32-416d-b0d7-5ef35322c461:192.168.69.98:34359, d10a584c-cd44-4cb9-a980-f9a54f9e6bca:192.168.69.98:46625, 843a8a06-63c5-4c43-b00f-82deb1361a05:192.168.69.98:40919], old=null at 0
2019-08-21 08:13:02,807 [843a8a06-63c5-4c43-b00f-82deb1361a05:group-876858171022:LeaderElection10] INFO  impl.RaftServerImpl (RaftServerImpl.java:setRole(171)) - 843a8a06-63c5-4c43-b00f-82deb1361a05:group-876858171022 changes role from CANDIDATE to LEADER at term 1 for changeToLeader
2019-08-21 08:13:02,807 [grpc-default-executor-2] INFO  segmented.SegmentedRaftLogWorker (SegmentedRaftLogWorker.java:startLogSegment(380)) - d10a584c-cd44-4cb9-a980-f9a54f9e6bca-SegmentedRaftLogWorker:Storage Directory /workdir/hadoop-ozone/ozonefs/target/test-dir/MiniOzoneClusterImpl-f920765f-c79e-4cb2-9fab-80d27ae0d835/datanode-3/data/ratis/3b72aeac-cba7-4193-82f6-4081d0d2bc35: Starting segment from index:0
2019-08-21 08:13:02,808 [843a8a06-63c5-4c43-b00f-82deb1361a05:group-876858171022:LeaderElection10] INFO  impl.RaftServerImpl (ServerState.java:setLeader(263)) - 843a8a06-63c5-4c43-b00f-82deb1361a05:group-876858171022 change Leader from null to 843a8a06-63c5-4c43-b00f-82deb1361a05 at term 1 for becomeLeader, leader elected after 6606ms
2019-08-21 08:13:02,808 [grpc-default-executor-3] INFO  segmented.SegmentedRaftLogWorker (SegmentedRaftLogWorker.java:startLogSegment(380)) - 843a8a06-63c5-4c43-b00f-82deb1361a05-SegmentedRaftLogWorker:Storage Directory /workdir/hadoop-ozone/ozonefs/target/test-dir/MiniOzoneClusterImpl-f920765f-c79e-4cb2-9fab-80d27ae0d835/datanode-0/data/ratis/3b72aeac-cba7-4193-82f6-4081d0d2bc35: Starting segment from index:0
2019-08-21 08:13:02,810 [843a8a06-63c5-4c43-b00f-82deb1361a05:group-876858171022:LeaderElection10] INFO  server.RaftServerConfigKeys (ConfUtils.java:logGet(43)) - raft.server.staging.catchup.gap = 1000 (default)
2019-08-21 08:13:02,812 [843a8a06-63c5-4c43-b00f-82deb1361a05:group-876858171022:LeaderElection10] INFO  server.RaftServerConfigKeys (ConfUtils.java:logGet(43)) - raft.server.rpc.sleep.time = 25ms (default)
2019-08-21 08:13:02,812 [843a8a06-63c5-4c43-b00f-82deb1361a05:group-876858171022:LeaderElection10] INFO  server.RaftServerConfigKeys (ConfUtils.java:logGet(43)) - raft.server.write.element-limit = 4096 (default)
2019-08-21 08:13:02,812 [843a8a06-63c5-4c43-b00f-82deb1361a05:group-876858171022:LeaderElection10] INFO  server.RaftServerConfigKeys (ConfUtils.java:logGet(43)) - raft.server.watch.timeout = 10s (default)
2019-08-21 08:13:02,812 [8818b25a-cc32-416d-b0d7-5ef35322c461:group-BD51A3103F8F:LeaderElection7] INFO  impl.LeaderElection (LeaderElection.java:logAndReturn(56)) - 8818b25a-cc32-416d-b0d7-5ef35322c461:group-BD51A3103F8F:LeaderElection7: Election PASSED; received 2 response(s) [8818b25a-cc32-416d-b0d7-5ef35322c461<-d10a584c-cd44-4cb9-a980-f9a54f9e6bca#0:OK-t1, 8818b25a-cc32-416d-b0d7-5ef35322c461<-843a8a06-63c5-4c43-b00f-82deb1361a05#0:FAIL-t1] and 0 exception(s); 8818b25a-cc32-416d-b0d7-5ef35322c461:t1, leader=null, voted=8818b25a-cc32-416d-b0d7-5ef35322c461, raftlog=8818b25a-cc32-416d-b0d7-5ef35322c461-SegmentedRaftLog:OPENED:c-1,f-1,i0, conf=-1: [8818b25a-cc32-416d-b0d7-5ef35322c461:192.168.69.98:34359, d10a584c-cd44-4cb9-a980-f9a54f9e6bca:192.168.69.98:46625, 843a8a06-63c5-4c43-b00f-82deb1361a05:192.168.69.98:40919], old=null
2019-08-21 08:13:02,813 [843a8a06-63c5-4c43-b00f-82deb1361a05:group-876858171022:LeaderElection10] INFO  server.RaftServerConfigKeys (ConfUtils.java:logGet(43)) - raft.server.watch.timeout.denomination = 1s (default)
2019-08-21 08:13:02,813 [8818b25a-cc32-416d-b0d7-5ef35322c461:group-BD51A3103F8F:LeaderElection7] INFO  impl.RoleInfo (RoleInfo.java:shutdownLeaderElection(134)) - 8818b25a-cc32-416d-b0d7-5ef35322c461: shutdown LeaderElection
2019-08-21 08:13:02,839 [8818b25a-cc32-416d-b0d7-5ef35322c461:group-BD51A3103F8F:LeaderElection7] INFO  impl.RaftServerImpl (RaftServerImpl.java:setRole(171)) - 8818b25a-cc32-416d-b0d7-5ef35322c461:group-BD51A3103F8F changes role from CANDIDATE to LEADER at term 1 for changeToLeader
2019-08-21 08:13:02,839 [Thread-256] INFO  impl.FollowerState (FollowerState.java:run(106)) - 8818b25a-cc32-416d-b0d7-5ef35322c461:group-37D45C1D5CE5 changes to CANDIDATE, lastRpcTime:5166, electionTimeout:5146ms
2019-08-21 08:13:02,840 [843a8a06-63c5-4c43-b00f-82deb1361a05:group-876858171022:LeaderElection10] INFO  server.RaftServerConfigKeys (ConfUtils.java:logGet(43)) - raft.server.watch.element-limit = 65536 (default)
2019-08-21 08:13:02,839 [8818b25a-cc32-416d-b0d7-5ef35322c461:group-BD51A3103F8F:LeaderElection7] INFO  impl.RaftServerImpl (ServerState.java:setLeader(263)) - 8818b25a-cc32-416d-b0d7-5ef35322c461:group-BD51A3103F8F change Leader from null to 8818b25a-cc32-416d-b0d7-5ef35322c461 at term 1 for becomeLeader, leader elected after 5237ms
2019-08-21 08:13:02,842 [843a8a06-63c5-4c43-b00f-82deb1361a05:group-876858171022:LeaderElection10] INFO  impl.RoleInfo (RoleInfo.java:updateAndGet(143)) - 843a8a06-63c5-4c43-b00f-82deb1361a05: start LeaderState
2019-08-21 08:13:02,841 [Thread-256] INFO  impl.RoleInfo (RoleInfo.java:shutdownFollowerState(121)) - 8818b25a-cc32-416d-b0d7-5ef35322c461: shutdown FollowerState
2019-08-21 08:13:02,844 [843a8a06-63c5-4c43-b00f-82deb1361a05:group-876858171022:LeaderElection10] INFO  segmented.SegmentedRaftLogWorker (SegmentedRaftLogWorker.java:startLogSegment(380)) - 843a8a06-63c5-4c43-b00f-82deb1361a05-SegmentedRaftLogWorker:Storage Directory /workdir/hadoop-ozone/ozonefs/target/test-dir/MiniOzoneClusterImpl-f920765f-c79e-4cb2-9fab-80d27ae0d835/datanode-0/data/ratis/ea7e02eb-4bf3-4f54-97fe-876858171022: Starting segment from index:0
2019-08-21 08:13:02,844 [Thread-256] INFO  impl.RaftServerImpl (RaftServerImpl.java:setRole(171)) - 8818b25a-cc32-416d-b0d7-5ef35322c461:group-37D45C1D5CE5 changes role from FOLLOWER to CANDIDATE at term 0 for changeToCandidate
2019-08-21 08:13:02,842 [8818b25a-cc32-416d-b0d7-5ef35322c461:group-BD51A3103F8F:LeaderElection7] INFO  server.RaftServerConfigKeys (ConfUtils.java:logGet(43)) - raft.server.staging.catchup.gap = 1000 (default)
2019-08-21 08:13:02,848 [843a8a06-63c5-4c43-b00f-82deb1361a05:group-BD51A3103F8F:LeaderElection8] INFO  impl.LeaderElection (LeaderElection.java:logAndReturn(56)) - 843a8a06-63c5-4c43-b00f-82deb1361a05:group-BD51A3103F8F:LeaderElection8: Election REJECTED; received 2 response(s) [843a8a06-63c5-4c43-b00f-82deb1361a05<-8818b25a-cc32-416d-b0d7-5ef35322c461#0:FAIL-t1, 843a8a06-63c5-4c43-b00f-82deb1361a05<-d10a584c-cd44-4cb9-a980-f9a54f9e6bca#0:FAIL-t1] and 0 exception(s); 843a8a06-63c5-4c43-b00f-82deb1361a05:t1, leader=null, voted=843a8a06-63c5-4c43-b00f-82deb1361a05, raftlog=843a8a06-63c5-4c43-b00f-82deb1361a05-SegmentedRaftLog:OPENED:c-1,f-1,i0, conf=-1: [8818b25a-cc32-416d-b0d7-5ef35322c461:192.168.69.98:34359, d10a584c-cd44-4cb9-a980-f9a54f9e6bca:192.168.69.98:46625, 843a8a06-63c5-4c43-b00f-82deb1361a05:192.168.69.98:40919], old=null
2019-08-21 08:13:02,848 [Thread-256] INFO  impl.RoleInfo (RoleInfo.java:updateAndGet(143)) - 8818b25a-cc32-416d-b0d7-5ef35322c461: start LeaderElection
2019-08-21 08:13:02,848 [8818b25a-cc32-416d-b0d7-5ef35322c461:group-BD51A3103F8F:LeaderElection7] INFO  server.RaftServerConfigKeys (ConfUtils.java:logGet(43)) - raft.server.rpc.sleep.time = 25ms (default)
2019-08-21 08:13:02,848 [843a8a06-63c5-4c43-b00f-82deb1361a05:group-BD51A3103F8F:LeaderElection8] INFO  impl.RaftServerImpl (RaftServerImpl.java:setRole(171)) - 843a8a06-63c5-4c43-b00f-82deb1361a05:group-BD51A3103F8F changes role from CANDIDATE to FOLLOWER at term 1 for DISCOVERED_A_NEW_TERM
2019-08-21 08:13:02,891 [8818b25a-cc32-416d-b0d7-5ef35322c461:group-BD51A3103F8F:LeaderElection7] INFO  server.RaftServerConfigKeys (ConfUtils.java:logGet(43)) - raft.server.write.element-limit = 4096 (default)
2019-08-21 08:13:02,873 [843a8a06-63c5-4c43-b00f-82deb1361a05-SegmentedRaftLogWorker:Storage Directory /workdir/hadoop-ozone/ozonefs/target/test-dir/MiniOzoneClusterImpl-f920765f-c79e-4cb2-9fab-80d27ae0d835/datanode-0/data/ratis/3b72aeac-cba7-4193-82f6-4081d0d2bc35] INFO  segmented.SegmentedRaftLogWorker (SegmentedRaftLogWorker.java:execute(569)) - 843a8a06-63c5-4c43-b00f-82deb1361a05-SegmentedRaftLogWorker:Storage Directory /workdir/hadoop-ozone/ozonefs/target/test-dir/MiniOzoneClusterImpl-f920765f-c79e-4cb2-9fab-80d27ae0d835/datanode-0/data/ratis/3b72aeac-cba7-4193-82f6-4081d0d2bc35: created new log segment /workdir/hadoop-ozone/ozonefs/target/test-dir/MiniOzoneClusterImpl-f920765f-c79e-4cb2-9fab-80d27ae0d835/datanode-0/data/ratis/3b72aeac-cba7-4193-82f6-4081d0d2bc35/current/log_inprogress_0
2019-08-21 08:13:02,873 [d10a584c-cd44-4cb9-a980-f9a54f9e6bca-SegmentedRaftLogWorker:Storage Directory /workdir/hadoop-ozone/ozonefs/target/test-dir/MiniOzoneClusterImpl-f920765f-c79e-4cb2-9fab-80d27ae0d835/datanode-3/data/ratis/3b72aeac-cba7-4193-82f6-4081d0d2bc35] INFO  segmented.SegmentedRaftLogWorker (SegmentedRaftLogWorker.java:execute(569)) - d10a584c-cd44-4cb9-a980-f9a54f9e6bca-SegmentedRaftLogWorker:Storage Directory /workdir/hadoop-ozone/ozonefs/target/test-dir/MiniOzoneClusterImpl-f920765f-c79e-4cb2-9fab-80d27ae0d835/datanode-3/data/ratis/3b72aeac-cba7-4193-82f6-4081d0d2bc35: created new log segment /workdir/hadoop-ozone/ozonefs/target/test-dir/MiniOzoneClusterImpl-f920765f-c79e-4cb2-9fab-80d27ae0d835/datanode-3/data/ratis/3b72aeac-cba7-4193-82f6-4081d0d2bc35/current/log_inprogress_0
2019-08-21 08:13:02,873 [Thread-262] INFO  impl.FollowerState (FollowerState.java:run(106)) - d10a584c-cd44-4cb9-a980-f9a54f9e6bca:group-37D45C1D5CE5 changes to CANDIDATE, lastRpcTime:5198, electionTimeout:5186ms
2019-08-21 08:13:02,893 [Thread-262] INFO  impl.RoleInfo (RoleInfo.java:shutdownFollowerState(121)) - d10a584c-cd44-4cb9-a980-f9a54f9e6bca: shutdown FollowerState
2019-08-21 08:13:02,894 | INFO  | SCMAudit | user=jenkins1000 | ip=192.168.69.98 | op=SEND_HEARTBEAT {datanodeUUID=d811d2eb-18f9-450b-b8bf-c6dd8b463693, command=[]} | ret=SUCCESS |  
2019-08-21 08:13:02,848 [843a8a06-63c5-4c43-b00f-82deb1361a05:group-876858171022:LeaderElection10] INFO  impl.RaftServerImpl (ServerState.java:setRaftConf(361)) - 843a8a06-63c5-4c43-b00f-82deb1361a05:group-876858171022 set configuration 0: [843a8a06-63c5-4c43-b00f-82deb1361a05:192.168.69.98:40919], old=null at 0
2019-08-21 08:13:02,893 [Thread-262] INFO  impl.RaftServerImpl (RaftServerImpl.java:setRole(171)) - d10a584c-cd44-4cb9-a980-f9a54f9e6bca:group-37D45C1D5CE5 changes role from FOLLOWER to CANDIDATE at term 0 for changeToCandidate
2019-08-21 08:13:02,891 [8818b25a-cc32-416d-b0d7-5ef35322c461:group-BD51A3103F8F:LeaderElection7] INFO  server.RaftServerConfigKeys (ConfUtils.java:logGet(43)) - raft.server.watch.timeout = 10s (default)
2019-08-21 08:13:02,891 [843a8a06-63c5-4c43-b00f-82deb1361a05-SegmentedRaftLogWorker:Storage Directory /workdir/hadoop-ozone/ozonefs/target/test-dir/MiniOzoneClusterImpl-f920765f-c79e-4cb2-9fab-80d27ae0d835/datanode-0/data/ratis/ea7e02eb-4bf3-4f54-97fe-876858171022] INFO  segmented.SegmentedRaftLogWorker (SegmentedRaftLogWorker.java:execute(569)) - 843a8a06-63c5-4c43-b00f-82deb1361a05-SegmentedRaftLogWorker:Storage Directory /workdir/hadoop-ozone/ozonefs/target/test-dir/MiniOzoneClusterImpl-f920765f-c79e-4cb2-9fab-80d27ae0d835/datanode-0/data/ratis/ea7e02eb-4bf3-4f54-97fe-876858171022: created new log segment /workdir/hadoop-ozone/ozonefs/target/test-dir/MiniOzoneClusterImpl-f920765f-c79e-4cb2-9fab-80d27ae0d835/datanode-0/data/ratis/ea7e02eb-4bf3-4f54-97fe-876858171022/current/log_inprogress_0
2019-08-21 08:13:02,891 [843a8a06-63c5-4c43-b00f-82deb1361a05:group-BD51A3103F8F:LeaderElection8] INFO  impl.RoleInfo (RoleInfo.java:shutdownLeaderElection(134)) - 843a8a06-63c5-4c43-b00f-82deb1361a05: shutdown LeaderElection
2019-08-21 08:13:02,891 [grpc-default-executor-3] INFO  impl.RaftServerImpl (RaftServerImpl.java:setRole(171)) - 8818b25a-cc32-416d-b0d7-5ef35322c461:group-37D45C1D5CE5 changes role from CANDIDATE to FOLLOWER at term 1 for recognizeCandidate:843a8a06-63c5-4c43-b00f-82deb1361a05
2019-08-21 08:13:02,896 [843a8a06-63c5-4c43-b00f-82deb1361a05:group-BD51A3103F8F:LeaderElection8] INFO  impl.RoleInfo (RoleInfo.java:updateAndGet(143)) - 843a8a06-63c5-4c43-b00f-82deb1361a05: start FollowerState
2019-08-21 08:13:02,894 [8818b25a-cc32-416d-b0d7-5ef35322c461:group-BD51A3103F8F:LeaderElection7] INFO  server.RaftServerConfigKeys (ConfUtils.java:logGet(43)) - raft.server.watch.timeout.denomination = 1s (default)
2019-08-21 08:13:02,894 [Thread-262] INFO  impl.RoleInfo (RoleInfo.java:updateAndGet(143)) - d10a584c-cd44-4cb9-a980-f9a54f9e6bca: start LeaderElection
2019-08-21 08:13:02,896 [8818b25a-cc32-416d-b0d7-5ef35322c461:group-BD51A3103F8F:LeaderElection7] INFO  server.RaftServerConfigKeys (ConfUtils.java:logGet(43)) - raft.server.watch.element-limit = 65536 (default)
2019-08-21 08:13:02,896 [grpc-default-executor-3] INFO  impl.RoleInfo (RoleInfo.java:shutdownLeaderElection(134)) - 8818b25a-cc32-416d-b0d7-5ef35322c461: shutdown LeaderElection
2019-08-21 08:13:02,898 [grpc-default-executor-1] INFO  impl.RaftServerImpl (RaftServerImpl.java:setRole(171)) - d10a584c-cd44-4cb9-a980-f9a54f9e6bca:group-37D45C1D5CE5 changes role from CANDIDATE to FOLLOWER at term 1 for recognizeCandidate:843a8a06-63c5-4c43-b00f-82deb1361a05
2019-08-21 08:13:02,898 [grpc-default-executor-3] INFO  impl.RoleInfo (RoleInfo.java:updateAndGet(143)) - 8818b25a-cc32-416d-b0d7-5ef35322c461: start FollowerState
2019-08-21 08:13:02,898 [8818b25a-cc32-416d-b0d7-5ef35322c461:group-BD51A3103F8F:LeaderElection7] INFO  server.RaftServerConfigKeys (ConfUtils.java:logGet(43)) - raft.server.log.appender.snapshot.chunk.size.max = 16MB (=16777216) (default)
2019-08-21 08:13:02,898 [grpc-default-executor-1] INFO  impl.RoleInfo (RoleInfo.java:shutdownLeaderElection(134)) - d10a584c-cd44-4cb9-a980-f9a54f9e6bca: shutdown LeaderElection
2019-08-21 08:13:02,899 [8818b25a-cc32-416d-b0d7-5ef35322c461:group-BD51A3103F8F:LeaderElection7] INFO  server.RaftServerConfigKeys (ConfUtils.java:logGet(43)) - raft.server.log.appender.buffer.byte-limit = 33554432 (custom)
2019-08-21 08:13:02,899 [grpc-default-executor-1] INFO  impl.RoleInfo (RoleInfo.java:updateAndGet(143)) - d10a584c-cd44-4cb9-a980-f9a54f9e6bca: start FollowerState
2019-08-21 08:13:02,899 [8818b25a-cc32-416d-b0d7-5ef35322c461:group-BD51A3103F8F:LeaderElection7] INFO  server.RaftServerConfigKeys (ConfUtils.java:logGet(43)) - raft.server.log.appender.buffer.element-limit = 1 (custom)
2019-08-21 08:13:02,900 [8818b25a-cc32-416d-b0d7-5ef35322c461:group-BD51A3103F8F:LeaderElection7] INFO  grpc.GrpcConfigKeys$Server (ConfUtils.java:logGet(43)) - raft.grpc.server.leader.outstanding.appends.max = 128 (default)
2019-08-21 08:13:02,900 [8818b25a-cc32-416d-b0d7-5ef35322c461:group-BD51A3103F8F:LeaderElection7] INFO  server.RaftServerConfigKeys (ConfUtils.java:logGet(43)) - raft.server.rpc.request.timeout = 3000ms (default)
2019-08-21 08:13:02,900 [8818b25a-cc32-416d-b0d7-5ef35322c461:group-BD51A3103F8F:LeaderElection7] INFO  server.RaftServerConfigKeys (ConfUtils.java:logGet(43)) - raft.server.log.appender.install.snapshot.enabled = false (custom)
2019-08-21 08:13:02,900 [8818b25a-cc32-416d-b0d7-5ef35322c461:group-BD51A3103F8F:LeaderElection7] INFO  server.RaftServerConfigKeys (ConfUtils.java:logGet(43)) - raft.server.log.appender.snapshot.chunk.size.max = 16MB (=16777216) (default)
2019-08-21 08:13:02,900 [8818b25a-cc32-416d-b0d7-5ef35322c461:group-BD51A3103F8F:LeaderElection7] INFO  server.RaftServerConfigKeys (ConfUtils.java:logGet(43)) - raft.server.log.appender.buffer.byte-limit = 33554432 (custom)
2019-08-21 08:13:02,900 [8818b25a-cc32-416d-b0d7-5ef35322c461:group-BD51A3103F8F:LeaderElection7] INFO  server.RaftServerConfigKeys (ConfUtils.java:logGet(43)) - raft.server.log.appender.buffer.element-limit = 1 (custom)
2019-08-21 08:13:02,901 [8818b25a-cc32-416d-b0d7-5ef35322c461:group-BD51A3103F8F:LeaderElection7] INFO  grpc.GrpcConfigKeys$Server (ConfUtils.java:logGet(43)) - raft.grpc.server.leader.outstanding.appends.max = 128 (default)
2019-08-21 08:13:02,901 [8818b25a-cc32-416d-b0d7-5ef35322c461:group-BD51A3103F8F:LeaderElection7] INFO  server.RaftServerConfigKeys (ConfUtils.java:logGet(43)) - raft.server.rpc.request.timeout = 3000ms (default)
2019-08-21 08:13:02,901 [8818b25a-cc32-416d-b0d7-5ef35322c461:group-BD51A3103F8F:LeaderElection7] INFO  server.RaftServerConfigKeys (ConfUtils.java:logGet(43)) - raft.server.log.appender.install.snapshot.enabled = false (custom)
2019-08-21 08:13:02,901 [8818b25a-cc32-416d-b0d7-5ef35322c461:group-BD51A3103F8F:LeaderElection7] INFO  impl.RoleInfo (RoleInfo.java:updateAndGet(143)) - 8818b25a-cc32-416d-b0d7-5ef35322c461: start LeaderState
2019-08-21 08:13:02,902 [8818b25a-cc32-416d-b0d7-5ef35322c461:group-BD51A3103F8F:LeaderElection7] INFO  segmented.SegmentedRaftLogWorker (SegmentedRaftLogWorker.java:startLogSegment(380)) - 8818b25a-cc32-416d-b0d7-5ef35322c461-SegmentedRaftLogWorker:Storage Directory /workdir/hadoop-ozone/ozonefs/target/test-dir/MiniOzoneClusterImpl-f920765f-c79e-4cb2-9fab-80d27ae0d835/datanode-1/data/ratis/aa6ea2e5-85d0-4379-a3c0-bd51a3103f8f: Starting segment from index:0
2019-08-21 08:13:02,902 [8818b25a-cc32-416d-b0d7-5ef35322c461:group-BD51A3103F8F:LeaderElection7] INFO  impl.RaftServerImpl (ServerState.java:setRaftConf(361)) - 8818b25a-cc32-416d-b0d7-5ef35322c461:group-BD51A3103F8F set configuration 0: [8818b25a-cc32-416d-b0d7-5ef35322c461:192.168.69.98:34359, d10a584c-cd44-4cb9-a980-f9a54f9e6bca:192.168.69.98:46625, 843a8a06-63c5-4c43-b00f-82deb1361a05:192.168.69.98:40919], old=null at 0
2019-08-21 08:13:02,942 [843a8a06-63c5-4c43-b00f-82deb1361a05:group-37D45C1D5CE5:LeaderElection9] INFO  impl.LeaderElection (LeaderElection.java:logAndReturn(56)) - 843a8a06-63c5-4c43-b00f-82deb1361a05:group-37D45C1D5CE5:LeaderElection9: Election REJECTED; received 2 response(s) [843a8a06-63c5-4c43-b00f-82deb1361a05<-8818b25a-cc32-416d-b0d7-5ef35322c461#0:FAIL-t1, 843a8a06-63c5-4c43-b00f-82deb1361a05<-d10a584c-cd44-4cb9-a980-f9a54f9e6bca#0:FAIL-t1] and 0 exception(s); 843a8a06-63c5-4c43-b00f-82deb1361a05:t1, leader=null, voted=843a8a06-63c5-4c43-b00f-82deb1361a05, raftlog=843a8a06-63c5-4c43-b00f-82deb1361a05-SegmentedRaftLog:OPENED:c-1,f-1,i0, conf=-1: [8818b25a-cc32-416d-b0d7-5ef35322c461:192.168.69.98:34359, d10a584c-cd44-4cb9-a980-f9a54f9e6bca:192.168.69.98:46625, 843a8a06-63c5-4c43-b00f-82deb1361a05:192.168.69.98:40919], old=null
2019-08-21 08:13:02,944 [843a8a06-63c5-4c43-b00f-82deb1361a05:group-37D45C1D5CE5:LeaderElection9] INFO  impl.RaftServerImpl (RaftServerImpl.java:setRole(171)) - 843a8a06-63c5-4c43-b00f-82deb1361a05:group-37D45C1D5CE5 changes role from CANDIDATE to FOLLOWER at term 1 for DISCOVERED_A_NEW_TERM
2019-08-21 08:13:02,944 [843a8a06-63c5-4c43-b00f-82deb1361a05:group-37D45C1D5CE5:LeaderElection9] INFO  impl.RoleInfo (RoleInfo.java:shutdownLeaderElection(134)) - 843a8a06-63c5-4c43-b00f-82deb1361a05: shutdown LeaderElection
2019-08-21 08:13:02,945 [843a8a06-63c5-4c43-b00f-82deb1361a05:group-37D45C1D5CE5:LeaderElection9] INFO  impl.RoleInfo (RoleInfo.java:updateAndGet(143)) - 843a8a06-63c5-4c43-b00f-82deb1361a05: start FollowerState
2019-08-21 08:13:02,945 [grpc-default-executor-1] INFO  impl.RaftServerImpl (ServerState.java:setLeader(263)) - 843a8a06-63c5-4c43-b00f-82deb1361a05:group-BD51A3103F8F change Leader from null to 8818b25a-cc32-416d-b0d7-5ef35322c461 at term 1 for appendEntries, leader elected after 5286ms
2019-08-21 08:13:02,947 [grpc-default-executor-2] INFO  impl.RaftServerImpl (ServerState.java:setLeader(263)) - d10a584c-cd44-4cb9-a980-f9a54f9e6bca:group-BD51A3103F8F change Leader from null to 8818b25a-cc32-416d-b0d7-5ef35322c461 at term 1 for appendEntries, leader elected after 5344ms
2019-08-21 08:13:02,951 [grpc-default-executor-2] INFO  impl.RaftServerImpl (ServerState.java:setRaftConf(361)) - 843a8a06-63c5-4c43-b00f-82deb1361a05:group-BD51A3103F8F set configuration 0: [8818b25a-cc32-416d-b0d7-5ef35322c461:192.168.69.98:34359, d10a584c-cd44-4cb9-a980-f9a54f9e6bca:192.168.69.98:46625, 843a8a06-63c5-4c43-b00f-82deb1361a05:192.168.69.98:40919], old=null at 0
2019-08-21 08:13:02,951 [grpc-default-executor-1] INFO  impl.RaftServerImpl (ServerState.java:setRaftConf(361)) - d10a584c-cd44-4cb9-a980-f9a54f9e6bca:group-BD51A3103F8F set configuration 0: [8818b25a-cc32-416d-b0d7-5ef35322c461:192.168.69.98:34359, d10a584c-cd44-4cb9-a980-f9a54f9e6bca:192.168.69.98:46625, 843a8a06-63c5-4c43-b00f-82deb1361a05:192.168.69.98:40919], old=null at 0
2019-08-21 08:13:02,951 [grpc-default-executor-2] INFO  segmented.SegmentedRaftLogWorker (SegmentedRaftLogWorker.java:startLogSegment(380)) - 843a8a06-63c5-4c43-b00f-82deb1361a05-SegmentedRaftLogWorker:Storage Directory /workdir/hadoop-ozone/ozonefs/target/test-dir/MiniOzoneClusterImpl-f920765f-c79e-4cb2-9fab-80d27ae0d835/datanode-0/data/ratis/aa6ea2e5-85d0-4379-a3c0-bd51a3103f8f: Starting segment from index:0
2019-08-21 08:13:02,951 [grpc-default-executor-1] INFO  segmented.SegmentedRaftLogWorker (SegmentedRaftLogWorker.java:startLogSegment(380)) - d10a584c-cd44-4cb9-a980-f9a54f9e6bca-SegmentedRaftLogWorker:Storage Directory /workdir/hadoop-ozone/ozonefs/target/test-dir/MiniOzoneClusterImpl-f920765f-c79e-4cb2-9fab-80d27ae0d835/datanode-3/data/ratis/aa6ea2e5-85d0-4379-a3c0-bd51a3103f8f: Starting segment from index:0
2019-08-21 08:13:02,952 [8818b25a-cc32-416d-b0d7-5ef35322c461-SegmentedRaftLogWorker:Storage Directory /workdir/hadoop-ozone/ozonefs/target/test-dir/MiniOzoneClusterImpl-f920765f-c79e-4cb2-9fab-80d27ae0d835/datanode-1/data/ratis/aa6ea2e5-85d0-4379-a3c0-bd51a3103f8f] INFO  segmented.SegmentedRaftLogWorker (SegmentedRaftLogWorker.java:execute(569)) - 8818b25a-cc32-416d-b0d7-5ef35322c461-SegmentedRaftLogWorker:Storage Directory /workdir/hadoop-ozone/ozonefs/target/test-dir/MiniOzoneClusterImpl-f920765f-c79e-4cb2-9fab-80d27ae0d835/datanode-1/data/ratis/aa6ea2e5-85d0-4379-a3c0-bd51a3103f8f: created new log segment /workdir/hadoop-ozone/ozonefs/target/test-dir/MiniOzoneClusterImpl-f920765f-c79e-4cb2-9fab-80d27ae0d835/datanode-1/data/ratis/aa6ea2e5-85d0-4379-a3c0-bd51a3103f8f/current/log_inprogress_0
2019-08-21 08:13:02,952 [8818b25a-cc32-416d-b0d7-5ef35322c461:group-37D45C1D5CE5:LeaderElection11] INFO  impl.LeaderElection (LeaderElection.java:askForVotes(181)) - 8818b25a-cc32-416d-b0d7-5ef35322c461:group-37D45C1D5CE5:LeaderElection11: begin an election at term 2 for -1: [8818b25a-cc32-416d-b0d7-5ef35322c461:192.168.69.98:34359, d10a584c-cd44-4cb9-a980-f9a54f9e6bca:192.168.69.98:46625, 843a8a06-63c5-4c43-b00f-82deb1361a05:192.168.69.98:40919], old=null
2019-08-21 08:13:02,952 [d10a584c-cd44-4cb9-a980-f9a54f9e6bca:group-37D45C1D5CE5:LeaderElection12] INFO  impl.LeaderElection (LeaderElection.java:askForVotes(181)) - d10a584c-cd44-4cb9-a980-f9a54f9e6bca:group-37D45C1D5CE5:LeaderElection12: begin an election at term 2 for -1: [8818b25a-cc32-416d-b0d7-5ef35322c461:192.168.69.98:34359, d10a584c-cd44-4cb9-a980-f9a54f9e6bca:192.168.69.98:46625, 843a8a06-63c5-4c43-b00f-82deb1361a05:192.168.69.98:40919], old=null
2019-08-21 08:13:02,987 [d10a584c-cd44-4cb9-a980-f9a54f9e6bca:group-37D45C1D5CE5:LeaderElection12] INFO  impl.LeaderElection (LeaderElection.java:logAndReturn(56)) - d10a584c-cd44-4cb9-a980-f9a54f9e6bca:group-37D45C1D5CE5:LeaderElection12: Election REJECTED; received 0 response(s) [] and 0 exception(s); d10a584c-cd44-4cb9-a980-f9a54f9e6bca:t2, leader=null, voted=d10a584c-cd44-4cb9-a980-f9a54f9e6bca, raftlog=d10a584c-cd44-4cb9-a980-f9a54f9e6bca-SegmentedRaftLog:OPENED:c-1,f-1,i0, conf=-1: [8818b25a-cc32-416d-b0d7-5ef35322c461:192.168.69.98:34359, d10a584c-cd44-4cb9-a980-f9a54f9e6bca:192.168.69.98:46625, 843a8a06-63c5-4c43-b00f-82deb1361a05:192.168.69.98:40919], old=null
2019-08-21 08:13:02,987 [8818b25a-cc32-416d-b0d7-5ef35322c461:group-37D45C1D5CE5:LeaderElection11] INFO  impl.LeaderElection (LeaderElection.java:logAndReturn(56)) - 8818b25a-cc32-416d-b0d7-5ef35322c461:group-37D45C1D5CE5:LeaderElection11: Election REJECTED; received 0 response(s) [] and 0 exception(s); 8818b25a-cc32-416d-b0d7-5ef35322c461:t2, leader=null, voted=8818b25a-cc32-416d-b0d7-5ef35322c461, raftlog=8818b25a-cc32-416d-b0d7-5ef35322c461-SegmentedRaftLog:OPENED:c-1,f-1,i0, conf=-1: [8818b25a-cc32-416d-b0d7-5ef35322c461:192.168.69.98:34359, d10a584c-cd44-4cb9-a980-f9a54f9e6bca:192.168.69.98:46625, 843a8a06-63c5-4c43-b00f-82deb1361a05:192.168.69.98:40919], old=null
2019-08-21 08:13:02,997 [grpc-default-executor-0] INFO  impl.RaftServerImpl (RaftServerImpl.java:setRole(171)) - 843a8a06-63c5-4c43-b00f-82deb1361a05:group-37D45C1D5CE5 changes role from FOLLOWER to FOLLOWER at term 2 for recognizeCandidate:d10a584c-cd44-4cb9-a980-f9a54f9e6bca
2019-08-21 08:13:02,998 [grpc-default-executor-0] INFO  impl.RoleInfo (RoleInfo.java:shutdownFollowerState(121)) - 843a8a06-63c5-4c43-b00f-82deb1361a05: shutdown FollowerState
2019-08-21 08:13:02,998 [Thread-342] INFO  impl.FollowerState (FollowerState.java:run(114)) - 843a8a06-63c5-4c43-b00f-82deb1361a05: FollowerState was interrupted: java.lang.InterruptedException: sleep interrupted
2019-08-21 08:13:03,000 [d10a584c-cd44-4cb9-a980-f9a54f9e6bca-SegmentedRaftLogWorker:Storage Directory /workdir/hadoop-ozone/ozonefs/target/test-dir/MiniOzoneClusterImpl-f920765f-c79e-4cb2-9fab-80d27ae0d835/datanode-3/data/ratis/aa6ea2e5-85d0-4379-a3c0-bd51a3103f8f] INFO  segmented.SegmentedRaftLogWorker (SegmentedRaftLogWorker.java:execute(569)) - d10a584c-cd44-4cb9-a980-f9a54f9e6bca-SegmentedRaftLogWorker:Storage Directory /workdir/hadoop-ozone/ozonefs/target/test-dir/MiniOzoneClusterImpl-f920765f-c79e-4cb2-9fab-80d27ae0d835/datanode-3/data/ratis/aa6ea2e5-85d0-4379-a3c0-bd51a3103f8f: created new log segment /workdir/hadoop-ozone/ozonefs/target/test-dir/MiniOzoneClusterImpl-f920765f-c79e-4cb2-9fab-80d27ae0d835/datanode-3/data/ratis/aa6ea2e5-85d0-4379-a3c0-bd51a3103f8f/current/log_inprogress_0
2019-08-21 08:13:03,000 [843a8a06-63c5-4c43-b00f-82deb1361a05-SegmentedRaftLogWorker:Storage Directory /workdir/hadoop-ozone/ozonefs/target/test-dir/MiniOzoneClusterImpl-f920765f-c79e-4cb2-9fab-80d27ae0d835/datanode-0/data/ratis/aa6ea2e5-85d0-4379-a3c0-bd51a3103f8f] INFO  segmented.SegmentedRaftLogWorker (SegmentedRaftLogWorker.java:execute(569)) - 843a8a06-63c5-4c43-b00f-82deb1361a05-SegmentedRaftLogWorker:Storage Directory /workdir/hadoop-ozone/ozonefs/target/test-dir/MiniOzoneClusterImpl-f920765f-c79e-4cb2-9fab-80d27ae0d835/datanode-0/data/ratis/aa6ea2e5-85d0-4379-a3c0-bd51a3103f8f: created new log segment /workdir/hadoop-ozone/ozonefs/target/test-dir/MiniOzoneClusterImpl-f920765f-c79e-4cb2-9fab-80d27ae0d835/datanode-0/data/ratis/aa6ea2e5-85d0-4379-a3c0-bd51a3103f8f/current/log_inprogress_0
2019-08-21 08:13:02,998 [grpc-default-executor-0] INFO  impl.RoleInfo (RoleInfo.java:updateAndGet(143)) - 843a8a06-63c5-4c43-b00f-82deb1361a05: start FollowerState
2019-08-21 08:13:03,011 | INFO  | SCMAudit | user=jenkins1000 | ip=192.168.69.98 | op=SEND_HEARTBEAT {datanodeUUID=8818b25a-cc32-416d-b0d7-5ef35322c461, command=[]} | ret=SUCCESS |  
2019-08-21 08:13:03,583 | INFO  | SCMAudit | user=jenkins1000 | ip=192.168.69.98 | op=SEND_HEARTBEAT {datanodeUUID=d10a584c-cd44-4cb9-a980-f9a54f9e6bca, command=[]} | ret=SUCCESS |  
2019-08-21 08:13:03,588 | INFO  | SCMAudit | user=jenkins1000 | ip=192.168.69.98 | op=SEND_HEARTBEAT {datanodeUUID=3bc16160-9396-4d55-a90a-1ea9741a1bf0, command=[]} | ret=SUCCESS |  
2019-08-21 08:13:03,767 | INFO  | SCMAudit | user=jenkins1000 | ip=192.168.69.98 | op=SEND_HEARTBEAT {datanodeUUID=843a8a06-63c5-4c43-b00f-82deb1361a05, command=[]} | ret=SUCCESS |  
2019-08-21 08:13:03,877 | INFO  | SCMAudit | user=jenkins1000 | ip=192.168.69.98 | op=SEND_HEARTBEAT {datanodeUUID=d811d2eb-18f9-450b-b8bf-c6dd8b463693, command=[]} | ret=SUCCESS |  
2019-08-21 08:13:04,011 | INFO  | SCMAudit | user=jenkins1000 | ip=192.168.69.98 | op=SEND_HEARTBEAT {datanodeUUID=8818b25a-cc32-416d-b0d7-5ef35322c461, command=[]} | ret=SUCCESS |  
2019-08-21 08:13:04,583 | INFO  | SCMAudit | user=jenkins1000 | ip=192.168.69.98 | op=SEND_HEARTBEAT {datanodeUUID=d10a584c-cd44-4cb9-a980-f9a54f9e6bca, command=[]} | ret=SUCCESS |  
2019-08-21 08:13:04,587 | INFO  | SCMAudit | user=jenkins1000 | ip=192.168.69.98 | op=SEND_HEARTBEAT {datanodeUUID=3bc16160-9396-4d55-a90a-1ea9741a1bf0, command=[]} | ret=SUCCESS |  
2019-08-21 08:13:04,767 | INFO  | SCMAudit | user=jenkins1000 | ip=192.168.69.98 | op=SEND_HEARTBEAT {datanodeUUID=843a8a06-63c5-4c43-b00f-82deb1361a05, command=[]} | ret=SUCCESS |  
2019-08-21 08:13:04,877 | INFO  | SCMAudit | user=jenkins1000 | ip=192.168.69.98 | op=SEND_HEARTBEAT {datanodeUUID=d811d2eb-18f9-450b-b8bf-c6dd8b463693, command=[]} | ret=SUCCESS |  
2019-08-21 08:13:05,011 | INFO  | SCMAudit | user=jenkins1000 | ip=192.168.69.98 | op=SEND_HEARTBEAT {datanodeUUID=8818b25a-cc32-416d-b0d7-5ef35322c461, command=[]} | ret=SUCCESS |  
2019-08-21 08:13:05,583 | INFO  | SCMAudit | user=jenkins1000 | ip=192.168.69.98 | op=SEND_HEARTBEAT {datanodeUUID=d10a584c-cd44-4cb9-a980-f9a54f9e6bca, command=[]} | ret=SUCCESS |  
2019-08-21 08:13:05,588 | INFO  | SCMAudit | user=jenkins1000 | ip=192.168.69.98 | op=SEND_HEARTBEAT {datanodeUUID=3bc16160-9396-4d55-a90a-1ea9741a1bf0, command=[]} | ret=SUCCESS |  
2019-08-21 08:13:05,767 | INFO  | SCMAudit | user=jenkins1000 | ip=192.168.69.98 | op=SEND_HEARTBEAT {datanodeUUID=843a8a06-63c5-4c43-b00f-82deb1361a05, command=[]} | ret=SUCCESS |  
2019-08-21 08:13:05,877 | INFO  | SCMAudit | user=jenkins1000 | ip=192.168.69.98 | op=SEND_HEARTBEAT {datanodeUUID=d811d2eb-18f9-450b-b8bf-c6dd8b463693, command=[]} | ret=SUCCESS |  
2019-08-21 08:13:06,011 | INFO  | SCMAudit | user=jenkins1000 | ip=192.168.69.98 | op=SEND_HEARTBEAT {datanodeUUID=8818b25a-cc32-416d-b0d7-5ef35322c461, command=[]} | ret=SUCCESS |  
2019-08-21 08:13:06,583 | INFO  | SCMAudit | user=jenkins1000 | ip=192.168.69.98 | op=SEND_HEARTBEAT {datanodeUUID=d10a584c-cd44-4cb9-a980-f9a54f9e6bca, command=[]} | ret=SUCCESS |  
2019-08-21 08:13:06,587 | INFO  | SCMAudit | user=jenkins1000 | ip=192.168.69.98 | op=SEND_HEARTBEAT {datanodeUUID=3bc16160-9396-4d55-a90a-1ea9741a1bf0, command=[]} | ret=SUCCESS |  
2019-08-21 08:13:06,767 | INFO  | SCMAudit | user=jenkins1000 | ip=192.168.69.98 | op=SEND_HEARTBEAT {datanodeUUID=843a8a06-63c5-4c43-b00f-82deb1361a05, command=[]} | ret=SUCCESS |  
2019-08-21 08:13:06,877 | INFO  | SCMAudit | user=jenkins1000 | ip=192.168.69.98 | op=SEND_HEARTBEAT {datanodeUUID=d811d2eb-18f9-450b-b8bf-c6dd8b463693, command=[]} | ret=SUCCESS |  
2019-08-21 08:13:07,011 | INFO  | SCMAudit | user=jenkins1000 | ip=192.168.69.98 | op=SEND_HEARTBEAT {datanodeUUID=8818b25a-cc32-416d-b0d7-5ef35322c461, command=[]} | ret=SUCCESS |  
2019-08-21 08:13:07,583 | INFO  | SCMAudit | user=jenkins1000 | ip=192.168.69.98 | op=SEND_HEARTBEAT {datanodeUUID=d10a584c-cd44-4cb9-a980-f9a54f9e6bca, command=[]} | ret=SUCCESS |  
2019-08-21 08:13:07,588 | INFO  | SCMAudit | user=jenkins1000 | ip=192.168.69.98 | op=SEND_HEARTBEAT {datanodeUUID=3bc16160-9396-4d55-a90a-1ea9741a1bf0, command=[]} | ret=SUCCESS |  
2019-08-21 08:13:07,767 | INFO  | SCMAudit | user=jenkins1000 | ip=192.168.69.98 | op=SEND_HEARTBEAT {datanodeUUID=843a8a06-63c5-4c43-b00f-82deb1361a05, command=[]} | ret=SUCCESS |  
2019-08-21 08:13:07,877 | INFO  | SCMAudit | user=jenkins1000 | ip=192.168.69.98 | op=SEND_HEARTBEAT {datanodeUUID=d811d2eb-18f9-450b-b8bf-c6dd8b463693, command=[]} | ret=SUCCESS |  
2019-08-21 08:13:07,988 [Thread-335] INFO  impl.FollowerState (FollowerState.java:run(106)) - d10a584c-cd44-4cb9-a980-f9a54f9e6bca:group-37D45C1D5CE5 changes to CANDIDATE, lastRpcTime:5088, electionTimeout:5088ms
2019-08-21 08:13:07,990 [Thread-335] INFO  impl.RoleInfo (RoleInfo.java:shutdownFollowerState(121)) - d10a584c-cd44-4cb9-a980-f9a54f9e6bca: shutdown FollowerState
2019-08-21 08:13:07,990 [Thread-335] INFO  impl.RaftServerImpl (RaftServerImpl.java:setRole(171)) - d10a584c-cd44-4cb9-a980-f9a54f9e6bca:group-37D45C1D5CE5 changes role from FOLLOWER to CANDIDATE at term 2 for changeToCandidate
2019-08-21 08:13:07,990 [Thread-335] INFO  impl.RoleInfo (RoleInfo.java:updateAndGet(143)) - d10a584c-cd44-4cb9-a980-f9a54f9e6bca: start LeaderElection
2019-08-21 08:13:08,000 [Thread-334] INFO  impl.FollowerState (FollowerState.java:run(106)) - 8818b25a-cc32-416d-b0d7-5ef35322c461:group-37D45C1D5CE5 changes to CANDIDATE, lastRpcTime:5101, electionTimeout:5101ms
2019-08-21 08:13:08,000 [Thread-334] INFO  impl.RoleInfo (RoleInfo.java:shutdownFollowerState(121)) - 8818b25a-cc32-416d-b0d7-5ef35322c461: shutdown FollowerState
2019-08-21 08:13:08,000 [Thread-334] INFO  impl.RaftServerImpl (RaftServerImpl.java:setRole(171)) - 8818b25a-cc32-416d-b0d7-5ef35322c461:group-37D45C1D5CE5 changes role from FOLLOWER to CANDIDATE at term 2 for changeToCandidate
2019-08-21 08:13:08,000 [Thread-334] INFO  impl.RoleInfo (RoleInfo.java:updateAndGet(143)) - 8818b25a-cc32-416d-b0d7-5ef35322c461: start LeaderElection
2019-08-21 08:13:08,011 | INFO  | SCMAudit | user=jenkins1000 | ip=192.168.69.98 | op=SEND_HEARTBEAT {datanodeUUID=8818b25a-cc32-416d-b0d7-5ef35322c461, command=[]} | ret=SUCCESS |  
2019-08-21 08:13:08,020 [8818b25a-cc32-416d-b0d7-5ef35322c461:group-37D45C1D5CE5:LeaderElection14] INFO  impl.LeaderElection (LeaderElection.java:askForVotes(181)) - 8818b25a-cc32-416d-b0d7-5ef35322c461:group-37D45C1D5CE5:LeaderElection14: begin an election at term 3 for -1: [8818b25a-cc32-416d-b0d7-5ef35322c461:192.168.69.98:34359, d10a584c-cd44-4cb9-a980-f9a54f9e6bca:192.168.69.98:46625, 843a8a06-63c5-4c43-b00f-82deb1361a05:192.168.69.98:40919], old=null
2019-08-21 08:13:08,020 [d10a584c-cd44-4cb9-a980-f9a54f9e6bca:group-37D45C1D5CE5:LeaderElection13] INFO  impl.LeaderElection (LeaderElection.java:askForVotes(181)) - d10a584c-cd44-4cb9-a980-f9a54f9e6bca:group-37D45C1D5CE5:LeaderElection13: begin an election at term 3 for -1: [8818b25a-cc32-416d-b0d7-5ef35322c461:192.168.69.98:34359, d10a584c-cd44-4cb9-a980-f9a54f9e6bca:192.168.69.98:46625, 843a8a06-63c5-4c43-b00f-82deb1361a05:192.168.69.98:40919], old=null
2019-08-21 08:13:08,023 [grpc-default-executor-2] INFO  impl.RaftServerImpl (RaftServerImpl.java:setRole(171)) - 843a8a06-63c5-4c43-b00f-82deb1361a05:group-37D45C1D5CE5 changes role from FOLLOWER to FOLLOWER at term 3 for recognizeCandidate:8818b25a-cc32-416d-b0d7-5ef35322c461
2019-08-21 08:13:08,024 [grpc-default-executor-2] INFO  impl.RoleInfo (RoleInfo.java:shutdownFollowerState(121)) - 843a8a06-63c5-4c43-b00f-82deb1361a05: shutdown FollowerState
2019-08-21 08:13:08,024 [grpc-default-executor-2] INFO  impl.RoleInfo (RoleInfo.java:updateAndGet(143)) - 843a8a06-63c5-4c43-b00f-82deb1361a05: start FollowerState
2019-08-21 08:13:08,024 [Thread-349] INFO  impl.FollowerState (FollowerState.java:run(114)) - 843a8a06-63c5-4c43-b00f-82deb1361a05: FollowerState was interrupted: java.lang.InterruptedException: sleep interrupted
2019-08-21 08:13:08,040 [8818b25a-cc32-416d-b0d7-5ef35322c461:group-37D45C1D5CE5:LeaderElection14] INFO  impl.LeaderElection (LeaderElection.java:logAndReturn(56)) - 8818b25a-cc32-416d-b0d7-5ef35322c461:group-37D45C1D5CE5:LeaderElection14: Election PASSED; received 2 response(s) [8818b25a-cc32-416d-b0d7-5ef35322c461<-d10a584c-cd44-4cb9-a980-f9a54f9e6bca#0:FAIL-t3, 8818b25a-cc32-416d-b0d7-5ef35322c461<-843a8a06-63c5-4c43-b00f-82deb1361a05#0:OK-t3] and 0 exception(s); 8818b25a-cc32-416d-b0d7-5ef35322c461:t3, leader=null, voted=8818b25a-cc32-416d-b0d7-5ef35322c461, raftlog=8818b25a-cc32-416d-b0d7-5ef35322c461-SegmentedRaftLog:OPENED:c-1,f-1,i0, conf=-1: [8818b25a-cc32-416d-b0d7-5ef35322c461:192.168.69.98:34359, d10a584c-cd44-4cb9-a980-f9a54f9e6bca:192.168.69.98:46625, 843a8a06-63c5-4c43-b00f-82deb1361a05:192.168.69.98:40919], old=null
2019-08-21 08:13:08,040 [8818b25a-cc32-416d-b0d7-5ef35322c461:group-37D45C1D5CE5:LeaderElection14] INFO  impl.RoleInfo (RoleInfo.java:shutdownLeaderElection(134)) - 8818b25a-cc32-416d-b0d7-5ef35322c461: shutdown LeaderElection
2019-08-21 08:13:08,040 [8818b25a-cc32-416d-b0d7-5ef35322c461:group-37D45C1D5CE5:LeaderElection14] INFO  impl.RaftServerImpl (RaftServerImpl.java:setRole(171)) - 8818b25a-cc32-416d-b0d7-5ef35322c461:group-37D45C1D5CE5 changes role from CANDIDATE to LEADER at term 3 for changeToLeader
2019-08-21 08:13:08,042 [8818b25a-cc32-416d-b0d7-5ef35322c461:group-37D45C1D5CE5:LeaderElection14] INFO  impl.RaftServerImpl (ServerState.java:setLeader(263)) - 8818b25a-cc32-416d-b0d7-5ef35322c461:group-37D45C1D5CE5 change Leader from null to 8818b25a-cc32-416d-b0d7-5ef35322c461 at term 3 for becomeLeader, leader elected after 10384ms
2019-08-21 08:13:08,043 [8818b25a-cc32-416d-b0d7-5ef35322c461:group-37D45C1D5CE5:LeaderElection14] INFO  server.RaftServerConfigKeys (ConfUtils.java:logGet(43)) - raft.server.staging.catchup.gap = 1000 (default)
2019-08-21 08:13:08,043 [d10a584c-cd44-4cb9-a980-f9a54f9e6bca:group-37D45C1D5CE5:LeaderElection13] INFO  impl.LeaderElection (LeaderElection.java:logAndReturn(56)) - d10a584c-cd44-4cb9-a980-f9a54f9e6bca:group-37D45C1D5CE5:LeaderElection13: Election REJECTED; received 2 response(s) [d10a584c-cd44-4cb9-a980-f9a54f9e6bca<-8818b25a-cc32-416d-b0d7-5ef35322c461#0:FAIL-t3, d10a584c-cd44-4cb9-a980-f9a54f9e6bca<-843a8a06-63c5-4c43-b00f-82deb1361a05#0:FAIL-t3] and 0 exception(s); d10a584c-cd44-4cb9-a980-f9a54f9e6bca:t3, leader=null, voted=d10a584c-cd44-4cb9-a980-f9a54f9e6bca, raftlog=d10a584c-cd44-4cb9-a980-f9a54f9e6bca-SegmentedRaftLog:OPENED:c-1,f-1,i0, conf=-1: [8818b25a-cc32-416d-b0d7-5ef35322c461:192.168.69.98:34359, d10a584c-cd44-4cb9-a980-f9a54f9e6bca:192.168.69.98:46625, 843a8a06-63c5-4c43-b00f-82deb1361a05:192.168.69.98:40919], old=null
2019-08-21 08:13:08,043 [8818b25a-cc32-416d-b0d7-5ef35322c461:group-37D45C1D5CE5:LeaderElection14] INFO  server.RaftServerConfigKeys (ConfUtils.java:logGet(43)) - raft.server.rpc.sleep.time = 25ms (default)
2019-08-21 08:13:08,045 [d10a584c-cd44-4cb9-a980-f9a54f9e6bca:group-37D45C1D5CE5:LeaderElection13] INFO  impl.RaftServerImpl (RaftServerImpl.java:setRole(171)) - d10a584c-cd44-4cb9-a980-f9a54f9e6bca:group-37D45C1D5CE5 changes role from CANDIDATE to FOLLOWER at term 3 for DISCOVERED_A_NEW_TERM
2019-08-21 08:13:08,046 [8818b25a-cc32-416d-b0d7-5ef35322c461:group-37D45C1D5CE5:LeaderElection14] INFO  server.RaftServerConfigKeys (ConfUtils.java:logGet(43)) - raft.server.write.element-limit = 4096 (default)
2019-08-21 08:13:08,046 [d10a584c-cd44-4cb9-a980-f9a54f9e6bca:group-37D45C1D5CE5:LeaderElection13] INFO  impl.RoleInfo (RoleInfo.java:shutdownLeaderElection(134)) - d10a584c-cd44-4cb9-a980-f9a54f9e6bca: shutdown LeaderElection
2019-08-21 08:13:08,047 [8818b25a-cc32-416d-b0d7-5ef35322c461:group-37D45C1D5CE5:LeaderElection14] INFO  server.RaftServerConfigKeys (ConfUtils.java:logGet(43)) - raft.server.watch.timeout = 10s (default)
2019-08-21 08:13:08,047 [d10a584c-cd44-4cb9-a980-f9a54f9e6bca:group-37D45C1D5CE5:LeaderElection13] INFO  impl.RoleInfo (RoleInfo.java:updateAndGet(143)) - d10a584c-cd44-4cb9-a980-f9a54f9e6bca: start FollowerState
2019-08-21 08:13:08,047 [8818b25a-cc32-416d-b0d7-5ef35322c461:group-37D45C1D5CE5:LeaderElection14] INFO  server.RaftServerConfigKeys (ConfUtils.java:logGet(43)) - raft.server.watch.timeout.denomination = 1s (default)
2019-08-21 08:13:08,047 [8818b25a-cc32-416d-b0d7-5ef35322c461:group-37D45C1D5CE5:LeaderElection14] INFO  server.RaftServerConfigKeys (ConfUtils.java:logGet(43)) - raft.server.watch.element-limit = 65536 (default)
2019-08-21 08:13:08,049 [8818b25a-cc32-416d-b0d7-5ef35322c461:group-37D45C1D5CE5:LeaderElection14] INFO  server.RaftServerConfigKeys (ConfUtils.java:logGet(43)) - raft.server.log.appender.snapshot.chunk.size.max = 16MB (=16777216) (default)
2019-08-21 08:13:08,049 [8818b25a-cc32-416d-b0d7-5ef35322c461:group-37D45C1D5CE5:LeaderElection14] INFO  server.RaftServerConfigKeys (ConfUtils.java:logGet(43)) - raft.server.log.appender.buffer.byte-limit = 33554432 (custom)
2019-08-21 08:13:08,050 [8818b25a-cc32-416d-b0d7-5ef35322c461:group-37D45C1D5CE5:LeaderElection14] INFO  server.RaftServerConfigKeys (ConfUtils.java:logGet(43)) - raft.server.log.appender.buffer.element-limit = 1 (custom)
2019-08-21 08:13:08,050 [8818b25a-cc32-416d-b0d7-5ef35322c461:group-37D45C1D5CE5:LeaderElection14] INFO  grpc.GrpcConfigKeys$Server (ConfUtils.java:logGet(43)) - raft.grpc.server.leader.outstanding.appends.max = 128 (default)
2019-08-21 08:13:08,050 [8818b25a-cc32-416d-b0d7-5ef35322c461:group-37D45C1D5CE5:LeaderElection14] INFO  server.RaftServerConfigKeys (ConfUtils.java:logGet(43)) - raft.server.rpc.request.timeout = 3000ms (default)
2019-08-21 08:13:08,050 [8818b25a-cc32-416d-b0d7-5ef35322c461:group-37D45C1D5CE5:LeaderElection14] INFO  server.RaftServerConfigKeys (ConfUtils.java:logGet(43)) - raft.server.log.appender.install.snapshot.enabled = false (custom)
2019-08-21 08:13:08,050 [8818b25a-cc32-416d-b0d7-5ef35322c461:group-37D45C1D5CE5:LeaderElection14] INFO  server.RaftServerConfigKeys (ConfUtils.java:logGet(43)) - raft.server.log.appender.snapshot.chunk.size.max = 16MB (=16777216) (default)
2019-08-21 08:13:08,050 [8818b25a-cc32-416d-b0d7-5ef35322c461:group-37D45C1D5CE5:LeaderElection14] INFO  server.RaftServerConfigKeys (ConfUtils.java:logGet(43)) - raft.server.log.appender.buffer.byte-limit = 33554432 (custom)
2019-08-21 08:13:08,051 [8818b25a-cc32-416d-b0d7-5ef35322c461:group-37D45C1D5CE5:LeaderElection14] INFO  server.RaftServerConfigKeys (ConfUtils.java:logGet(43)) - raft.server.log.appender.buffer.element-limit = 1 (custom)
2019-08-21 08:13:08,051 [8818b25a-cc32-416d-b0d7-5ef35322c461:group-37D45C1D5CE5:LeaderElection14] INFO  grpc.GrpcConfigKeys$Server (ConfUtils.java:logGet(43)) - raft.grpc.server.leader.outstanding.appends.max = 128 (default)
2019-08-21 08:13:08,051 [8818b25a-cc32-416d-b0d7-5ef35322c461:group-37D45C1D5CE5:LeaderElection14] INFO  server.RaftServerConfigKeys (ConfUtils.java:logGet(43)) - raft.server.rpc.request.timeout = 3000ms (default)
2019-08-21 08:13:08,051 [8818b25a-cc32-416d-b0d7-5ef35322c461:group-37D45C1D5CE5:LeaderElection14] INFO  server.RaftServerConfigKeys (ConfUtils.java:logGet(43)) - raft.server.log.appender.install.snapshot.enabled = false (custom)
2019-08-21 08:13:08,051 [8818b25a-cc32-416d-b0d7-5ef35322c461:group-37D45C1D5CE5:LeaderElection14] INFO  impl.RoleInfo (RoleInfo.java:updateAndGet(143)) - 8818b25a-cc32-416d-b0d7-5ef35322c461: start LeaderState
2019-08-21 08:13:08,052 [8818b25a-cc32-416d-b0d7-5ef35322c461:group-37D45C1D5CE5:LeaderElection14] INFO  segmented.SegmentedRaftLogWorker (SegmentedRaftLogWorker.java:startLogSegment(380)) - 8818b25a-cc32-416d-b0d7-5ef35322c461-SegmentedRaftLogWorker:Storage Directory /workdir/hadoop-ozone/ozonefs/target/test-dir/MiniOzoneClusterImpl-f920765f-c79e-4cb2-9fab-80d27ae0d835/datanode-1/data/ratis/ad270af8-2036-4358-8f42-37d45c1d5ce5: Starting segment from index:0
2019-08-21 08:13:08,052 [8818b25a-cc32-416d-b0d7-5ef35322c461:group-37D45C1D5CE5:LeaderElection14] INFO  impl.RaftServerImpl (ServerState.java:setRaftConf(361)) - 8818b25a-cc32-416d-b0d7-5ef35322c461:group-37D45C1D5CE5 set configuration 0: [8818b25a-cc32-416d-b0d7-5ef35322c461:192.168.69.98:34359, d10a584c-cd44-4cb9-a980-f9a54f9e6bca:192.168.69.98:46625, 843a8a06-63c5-4c43-b00f-82deb1361a05:192.168.69.98:40919], old=null at 0
2019-08-21 08:13:08,082 [grpc-default-executor-2] INFO  impl.RaftServerImpl (ServerState.java:setLeader(263)) - 843a8a06-63c5-4c43-b00f-82deb1361a05:group-37D45C1D5CE5 change Leader from null to 8818b25a-cc32-416d-b0d7-5ef35322c461 at term 3 for appendEntries, leader elected after 10385ms
2019-08-21 08:13:08,082 [grpc-default-executor-1] INFO  impl.RaftServerImpl (ServerState.java:setLeader(263)) - d10a584c-cd44-4cb9-a980-f9a54f9e6bca:group-37D45C1D5CE5 change Leader from null to 8818b25a-cc32-416d-b0d7-5ef35322c461 at term 3 for appendEntries, leader elected after 10424ms
2019-08-21 08:13:08,086 [grpc-default-executor-2] INFO  impl.RaftServerImpl (ServerState.java:setRaftConf(361)) - 843a8a06-63c5-4c43-b00f-82deb1361a05:group-37D45C1D5CE5 set configuration 0: [8818b25a-cc32-416d-b0d7-5ef35322c461:192.168.69.98:34359, d10a584c-cd44-4cb9-a980-f9a54f9e6bca:192.168.69.98:46625, 843a8a06-63c5-4c43-b00f-82deb1361a05:192.168.69.98:40919], old=null at 0
2019-08-21 08:13:08,086 [grpc-default-executor-1] INFO  impl.RaftServerImpl (ServerState.java:setRaftConf(361)) - d10a584c-cd44-4cb9-a980-f9a54f9e6bca:group-37D45C1D5CE5 set configuration 0: [8818b25a-cc32-416d-b0d7-5ef35322c461:192.168.69.98:34359, d10a584c-cd44-4cb9-a980-f9a54f9e6bca:192.168.69.98:46625, 843a8a06-63c5-4c43-b00f-82deb1361a05:192.168.69.98:40919], old=null at 0
2019-08-21 08:13:08,086 [grpc-default-executor-2] INFO  segmented.SegmentedRaftLogWorker (SegmentedRaftLogWorker.java:startLogSegment(380)) - 843a8a06-63c5-4c43-b00f-82deb1361a05-SegmentedRaftLogWorker:Storage Directory /workdir/hadoop-ozone/ozonefs/target/test-dir/MiniOzoneClusterImpl-f920765f-c79e-4cb2-9fab-80d27ae0d835/datanode-0/data/ratis/ad270af8-2036-4358-8f42-37d45c1d5ce5: Starting segment from index:0
2019-08-21 08:13:08,086 [grpc-default-executor-1] INFO  segmented.SegmentedRaftLogWorker (SegmentedRaftLogWorker.java:startLogSegment(380)) - d10a584c-cd44-4cb9-a980-f9a54f9e6bca-SegmentedRaftLogWorker:Storage Directory /workdir/hadoop-ozone/ozonefs/target/test-dir/MiniOzoneClusterImpl-f920765f-c79e-4cb2-9fab-80d27ae0d835/datanode-3/data/ratis/ad270af8-2036-4358-8f42-37d45c1d5ce5: Starting segment from index:0
2019-08-21 08:13:08,091 [8818b25a-cc32-416d-b0d7-5ef35322c461-SegmentedRaftLogWorker:Storage Directory /workdir/hadoop-ozone/ozonefs/target/test-dir/MiniOzoneClusterImpl-f920765f-c79e-4cb2-9fab-80d27ae0d835/datanode-1/data/ratis/ad270af8-2036-4358-8f42-37d45c1d5ce5] INFO  segmented.SegmentedRaftLogWorker (SegmentedRaftLogWorker.java:execute(569)) - 8818b25a-cc32-416d-b0d7-5ef35322c461-SegmentedRaftLogWorker:Storage Directory /workdir/hadoop-ozone/ozonefs/target/test-dir/MiniOzoneClusterImpl-f920765f-c79e-4cb2-9fab-80d27ae0d835/datanode-1/data/ratis/ad270af8-2036-4358-8f42-37d45c1d5ce5: created new log segment /workdir/hadoop-ozone/ozonefs/target/test-dir/MiniOzoneClusterImpl-f920765f-c79e-4cb2-9fab-80d27ae0d835/datanode-1/data/ratis/ad270af8-2036-4358-8f42-37d45c1d5ce5/current/log_inprogress_0
2019-08-21 08:13:08,131 [843a8a06-63c5-4c43-b00f-82deb1361a05-SegmentedRaftLogWorker:Storage Directory /workdir/hadoop-ozone/ozonefs/target/test-dir/MiniOzoneClusterImpl-f920765f-c79e-4cb2-9fab-80d27ae0d835/datanode-0/data/ratis/ad270af8-2036-4358-8f42-37d45c1d5ce5] INFO  segmented.SegmentedRaftLogWorker (SegmentedRaftLogWorker.java:execute(569)) - 843a8a06-63c5-4c43-b00f-82deb1361a05-SegmentedRaftLogWorker:Storage Directory /workdir/hadoop-ozone/ozonefs/target/test-dir/MiniOzoneClusterImpl-f920765f-c79e-4cb2-9fab-80d27ae0d835/datanode-0/data/ratis/ad270af8-2036-4358-8f42-37d45c1d5ce5: created new log segment /workdir/hadoop-ozone/ozonefs/target/test-dir/MiniOzoneClusterImpl-f920765f-c79e-4cb2-9fab-80d27ae0d835/datanode-0/data/ratis/ad270af8-2036-4358-8f42-37d45c1d5ce5/current/log_inprogress_0
2019-08-21 08:13:08,131 [d10a584c-cd44-4cb9-a980-f9a54f9e6bca-SegmentedRaftLogWorker:Storage Directory /workdir/hadoop-ozone/ozonefs/target/test-dir/MiniOzoneClusterImpl-f920765f-c79e-4cb2-9fab-80d27ae0d835/datanode-3/data/ratis/ad270af8-2036-4358-8f42-37d45c1d5ce5] INFO  segmented.SegmentedRaftLogWorker (SegmentedRaftLogWorker.java:execute(569)) - d10a584c-cd44-4cb9-a980-f9a54f9e6bca-SegmentedRaftLogWorker:Storage Directory /workdir/hadoop-ozone/ozonefs/target/test-dir/MiniOzoneClusterImpl-f920765f-c79e-4cb2-9fab-80d27ae0d835/datanode-3/data/ratis/ad270af8-2036-4358-8f42-37d45c1d5ce5: created new log segment /workdir/hadoop-ozone/ozonefs/target/test-dir/MiniOzoneClusterImpl-f920765f-c79e-4cb2-9fab-80d27ae0d835/datanode-3/data/ratis/ad270af8-2036-4358-8f42-37d45c1d5ce5/current/log_inprogress_0
2019-08-21 08:13:08,575 | INFO  | SCMAudit | user=jenkins1000 | ip=192.168.69.98 | op=SEND_HEARTBEAT {datanodeUUID=8818b25a-cc32-416d-b0d7-5ef35322c461, command=[]} | ret=SUCCESS |  
2019-08-21 08:13:08,583 | INFO  | SCMAudit | user=jenkins1000 | ip=192.168.69.98 | op=SEND_HEARTBEAT {datanodeUUID=d10a584c-cd44-4cb9-a980-f9a54f9e6bca, command=[]} | ret=SUCCESS |  
2019-08-21 08:13:08,591 | INFO  | SCMAudit | user=jenkins1000 | ip=192.168.69.98 | op=SEND_HEARTBEAT {datanodeUUID=3bc16160-9396-4d55-a90a-1ea9741a1bf0, command=[]} | ret=SUCCESS |  
2019-08-21 08:13:08,591 | INFO  | DNAudit | user=null | ip=null | op=WRITE_CHUNK {blockData=conID: 1 locID: 102653963669209096 bcsId: 0} | ret=SUCCESS |  
2019-08-21 08:13:08,635 | INFO  | DNAudit | user=null | ip=null | op=WRITE_CHUNK {blockData=conID: 1 locID: 102653963669209096 bcsId: 0} | ret=SUCCESS |  
2019-08-21 08:13:08,635 | INFO  | DNAudit | user=null | ip=null | op=WRITE_CHUNK {blockData=conID: 1 locID: 102653963669209096 bcsId: 0} | ret=SUCCESS |  
2019-08-21 08:13:08,636 | INFO  | SCMAudit | user=jenkins1000 | ip=192.168.69.98 | op=SEND_HEARTBEAT {datanodeUUID=d10a584c-cd44-4cb9-a980-f9a54f9e6bca, command=[]} | ret=SUCCESS |  
2019-08-21 08:13:08,636 | INFO  | SCMAudit | user=jenkins1000 | ip=192.168.69.98 | op=SEND_HEARTBEAT {datanodeUUID=843a8a06-63c5-4c43-b00f-82deb1361a05, command=[]} | ret=SUCCESS |  
2019-08-21 08:13:08,642 | INFO  | DNAudit | user=null | ip=null | op=WRITE_CHUNK {blockData=conID: 1 locID: 102653963669209096 bcsId: 0} | ret=SUCCESS |  
2019-08-21 08:13:08,652 | INFO  | DNAudit | user=null | ip=null | op=WRITE_CHUNK {blockData=conID: 1 locID: 102653963669209096 bcsId: 0} | ret=SUCCESS |  
2019-08-21 08:13:08,654 | INFO  | DNAudit | user=null | ip=null | op=WRITE_CHUNK {blockData=conID: 1 locID: 102653963669209096 bcsId: 0} | ret=SUCCESS |  
2019-08-21 08:13:08,727 | INFO  | DNAudit | user=null | ip=null | op=PUT_BLOCK {blockData=[blockId=conID: 1 locID: 102653963669209096 bcsId: 0,size=1]} | ret=SUCCESS |  
2019-08-21 08:13:08,744 | ERROR | OMAudit | user=jenkins1000 | ip=127.0.0.1 | op=GET_FILE_STATUS {volume=volume63614, bucket=bucket66175, key=test/testCreatedFileIsVisibleOnFlush, dataSize=0, replicationType=null, replicationFactor=null, keyLocationInfo=null} | ret=FAILURE | FILE_NOT_FOUND org.apache.hadoop.ozone.om.exceptions.OMException: Unable to get file status: volume: volume63614 bucket: bucket66175 key: test/testCreatedFileIsVisibleOnFlush
	at org.apache.hadoop.ozone.om.KeyManagerImpl.getFileStatus(KeyManagerImpl.java:1778)
	at org.apache.hadoop.ozone.om.OzoneManager.getFileStatus(OzoneManager.java:2869) 
2019-08-21 08:13:08,745 [Thread-273] INFO  contract.ContractTestUtils (ContractTestUtils.java:skip(521)) - Skipping: For object store or some file systems, newly created files are not immediately visible
2019-08-21 08:13:08,749 | INFO  | OMAudit | user=jenkins1000 | ip=127.0.0.1 | op=COMMIT_KEY {volume=volume63614, bucket=bucket66175, key=test/testCreatedFileIsVisibleOnFlush, dataSize=1, replicationType=null, replicationFactor=null, keyLocationInfo=[{blockID={containerID=1, localID=102653963669209096}, length=1, offset=0, token=null, pipeline=Pipeline[ Id: ad270af8-2036-4358-8f42-37d45c1d5ce5, Nodes: 843a8a06-63c5-4c43-b00f-82deb1361a05{ip: 192.168.69.98, host: pr-hdds-1950-tl9pt-285257851, networkLocation: /default-rack, certSerialId: null}8818b25a-cc32-416d-b0d7-5ef35322c461{ip: 192.168.69.98, host: pr-hdds-1950-tl9pt-285257851, networkLocation: /default-rack, certSerialId: null}d10a584c-cd44-4cb9-a980-f9a54f9e6bca{ip: 192.168.69.98, host: pr-hdds-1950-tl9pt-285257851, networkLocation: /default-rack, certSerialId: null}, Type:RATIS, Factor:THREE, State:OPEN], createVersion=0}], clientID=102653963668946951} | ret=SUCCESS |  
2019-08-21 08:13:08,753 | INFO  | DNAudit | user=null | ip=null | op=PUT_BLOCK {blockData=[blockId=conID: 1 locID: 102653963669209096 bcsId: 0,size=1]} | ret=SUCCESS |  
2019-08-21 08:13:08,753 | INFO  | OMAudit | user=jenkins1000 | ip=127.0.0.1 | op=GET_FILE_STATUS {volume=volume63614, bucket=bucket66175, key=test, dataSize=0, replicationType=null, replicationFactor=null, keyLocationInfo=null} | ret=SUCCESS |  
2019-08-21 08:13:08,754 | INFO  | OMAudit | user=jenkins1000 | ip=127.0.0.1 | op=GET_FILE_STATUS {volume=volume63614, bucket=bucket66175, key=test, dataSize=0, replicationType=null, replicationFactor=null, keyLocationInfo=null} | ret=SUCCESS |  
2019-08-21 08:13:08,756 | INFO  | OMAudit | user=jenkins1000 | ip=127.0.0.1 | op=GET_FILE_STATUS {volume=volume63614, bucket=bucket66175, key=test, dataSize=0, replicationType=null, replicationFactor=null, keyLocationInfo=null} | ret=SUCCESS |  
2019-08-21 08:13:08,757 | INFO  | OMAudit | user=jenkins1000 | ip=127.0.0.1 | op=LIST_KEYS {volume=volume63614, bucket=bucket66175, startKey=, maxKeys=1000, keyPrefix=test/} | ret=SUCCESS |  
2019-08-21 08:13:08,768 | INFO  | OMAudit | user=jenkins1000 | ip=127.0.0.1 | op=DELETE_KEY {volume=volume63614, bucket=bucket66175, key=test/, dataSize=0, replicationType=null, replicationFactor=null, keyLocationInfo=null} | ret=SUCCESS |  
2019-08-21 08:13:08,771 | INFO  | OMAudit | user=jenkins1000 | ip=127.0.0.1 | op=DELETE_KEY {volume=volume63614, bucket=bucket66175, key=test/testCreatedFileIsVisibleOnFlush, dataSize=0, replicationType=null, replicationFactor=null, keyLocationInfo=null} | ret=SUCCESS |  
2019-08-21 08:13:08,772 | INFO  | OMAudit | user=jenkins1000 | ip=127.0.0.1 | op=LIST_KEYS {volume=volume63614, bucket=bucket66175, startKey=test/testCreatedFileIsVisibleOnFlush, maxKeys=1000, keyPrefix=test/} | ret=SUCCESS |  
]]></system-out>
  </testcase>
  <testcase name="testOverwriteEmptyDirectory" classname="org.apache.hadoop.fs.ozone.contract.ITestOzoneContractCreate" time="0.111"/>
  <testcase name="testCreateFileOverExistingFileNoOverwrite" classname="org.apache.hadoop.fs.ozone.contract.ITestOzoneContractCreate" time="1.108"/>
  <testcase name="testFileStatusBlocksizeNonEmptyFile" classname="org.apache.hadoop.fs.ozone.contract.ITestOzoneContractCreate" time="0.226"/>
  <testcase name="testCreatedFileIsEventuallyVisible" classname="org.apache.hadoop.fs.ozone.contract.ITestOzoneContractCreate" time="0.187"/>
  <testcase name="testOverwriteExistingFile" classname="org.apache.hadoop.fs.ozone.contract.ITestOzoneContractCreate" time="0.656"/>
  <testcase name="testCreateNewFile" classname="org.apache.hadoop.fs.ozone.contract.ITestOzoneContractCreate" time="0.245"/>
</testsuite>