<?xml version="1.0" encoding="UTF-8"?>
<testsuite xmlns:xsi="http://www.w3.org/2001/XMLSchema-instance" xsi:noNamespaceSchemaLocation="https://maven.apache.org/surefire/maven-surefire-plugin/xsd/surefire-test-report.xsd" name="org.apache.hadoop.ozone.client.rpc.TestBlockOutputStreamWithFailures" time="740.997" tests="8" errors="0" skipped="0" failures="1">
  <properties>
    <property name="awt.toolkit" value="sun.awt.X11.XToolkit"/>
    <property name="file.encoding.pkg" value="sun.io"/>
    <property name="java.specification.version" value="1.8"/>
    <property name="sun.cpu.isalist" value=""/>
    <property name="sun.jnu.encoding" value="UTF-8"/>
    <property name="java.class.path" value="/workdir/hadoop-ozone/integration-test/target/test-classes:/workdir/hadoop-ozone/integration-test/target/classes:/home/user/.m2/repository/org/apache/hadoop/hadoop-ozone-common/0.4.1-SNAPSHOT/hadoop-ozone-common-0.4.1-SNAPSHOT.jar:/home/user/.m2/repository/org/apache/commons/commons-compress/1.4.1/commons-compress-1.4.1.jar:/home/user/.m2/repository/org/tukaani/xz/1.0/xz-1.0.jar:/home/user/.m2/repository/org/apache/hadoop/hadoop-common/3.2.0/hadoop-common-3.2.0.jar:/home/user/.m2/repository/org/apache/hadoop/hadoop-hdfs/3.2.0/hadoop-hdfs-3.2.0.jar:/home/user/.m2/repository/org/apache/hadoop/hadoop-hdfs-client/3.2.0/hadoop-hdfs-client-3.2.0.jar:/home/user/.m2/repository/com/fasterxml/jackson/core/jackson-annotations/2.9.5/jackson-annotations-2.9.5.jar:/home/user/.m2/repository/org/apache/hadoop/hadoop-hdds-common/0.4.1-SNAPSHOT/hadoop-hdds-common-0.4.1-SNAPSHOT.jar:/home/user/.m2/repository/javax/annotation/javax.annotation-api/1.2/javax.annotation-api-1.2.jar:/home/user/.m2/repository/org/apache/ratis/ratis-server/0.4.0-2337318-SNAPSHOT/ratis-server-0.4.0-2337318-SNAPSHOT.jar:/home/user/.m2/repository/org/apache/ratis/ratis-thirdparty-misc/0.2.0/ratis-thirdparty-misc-0.2.0.jar:/home/user/.m2/repository/org/apache/ratis/ratis-proto/0.4.0-2337318-SNAPSHOT/ratis-proto-0.4.0-2337318-SNAPSHOT.jar:/home/user/.m2/repository/org/apache/ratis/ratis-common/0.4.0-2337318-SNAPSHOT/ratis-common-0.4.0-2337318-SNAPSHOT.jar:/home/user/.m2/repository/org/apache/ratis/ratis-client/0.4.0-2337318-SNAPSHOT/ratis-client-0.4.0-2337318-SNAPSHOT.jar:/home/user/.m2/repository/org/apache/ratis/ratis-metrics/0.4.0-2337318-SNAPSHOT/ratis-metrics-0.4.0-2337318-SNAPSHOT.jar:/home/user/.m2/repository/org/apache/ratis/ratis-netty/0.4.0-2337318-SNAPSHOT/ratis-netty-0.4.0-2337318-SNAPSHOT.jar:/home/user/.m2/repository/org/apache/ratis/ratis-grpc/0.4.0-2337318-SNAPSHOT/ratis-grpc-0.4.0-2337318-SNAPSHOT.jar:/home/user/.m2/repository/org/rocksdb/rocksdbjni/6.0.1/rocksdbjni-6.0.1.jar:/home/user/.m2/repository/org/apache/logging/log4j/log4j-api/2.11.0/log4j-api-2.11.0.jar:/home/user/.m2/repository/org/apache/logging/log4j/log4j-core/2.11.0/log4j-core-2.11.0.jar:/home/user/.m2/repository/com/lmax/disruptor/3.4.2/disruptor-3.4.2.jar:/home/user/.m2/repository/org/apache/commons/commons-pool2/2.6.0/commons-pool2-2.6.0.jar:/home/user/.m2/repository/org/bouncycastle/bcpkix-jdk15on/1.60/bcpkix-jdk15on-1.60.jar:/home/user/.m2/repository/commons-validator/commons-validator/1.6/commons-validator-1.6.jar:/home/user/.m2/repository/commons-digester/commons-digester/1.8.1/commons-digester-1.8.1.jar:/home/user/.m2/repository/io/jaegertracing/jaeger-client/0.33.1/jaeger-client-0.33.1.jar:/home/user/.m2/repository/io/jaegertracing/jaeger-thrift/0.33.1/jaeger-thrift-0.33.1.jar:/home/user/.m2/repository/org/apache/thrift/libthrift/0.11.0/libthrift-0.11.0.jar:/home/user/.m2/repository/com/squareup/okhttp3/okhttp/3.9.0/okhttp-3.9.0.jar:/home/user/.m2/repository/com/squareup/okio/okio/1.13.0/okio-1.13.0.jar:/home/user/.m2/repository/io/jaegertracing/jaeger-core/0.33.1/jaeger-core-0.33.1.jar:/home/user/.m2/repository/io/jaegertracing/jaeger-tracerresolver/0.33.1/jaeger-tracerresolver-0.33.1.jar:/home/user/.m2/repository/io/opentracing/contrib/opentracing-tracerresolver/0.1.5/opentracing-tracerresolver-0.1.5.jar:/home/user/.m2/repository/io/opentracing/opentracing-util/0.31.0/opentracing-util-0.31.0.jar:/home/user/.m2/repository/io/opentracing/opentracing-api/0.31.0/opentracing-api-0.31.0.jar:/home/user/.m2/repository/io/opentracing/opentracing-noop/0.31.0/opentracing-noop-0.31.0.jar:/home/user/.m2/repository/org/apache/hadoop/hadoop-hdds-server-framework/0.4.1-SNAPSHOT/hadoop-hdds-server-framework-0.4.1-SNAPSHOT.jar:/home/user/.m2/repository/org/apache/hadoop/hadoop-hdds-container-service/0.4.1-SNAPSHOT/hadoop-hdds-container-service-0.4.1-SNAPSHOT.jar:/home/user/.m2/repository/org/apache/hadoop/hadoop-hdds-client/0.4.1-SNAPSHOT/hadoop-hdds-client-0.4.1-SNAPSHOT.jar:/home/user/.m2/repository/org/apache/hadoop/hadoop-hdds-tools/0.4.1-SNAPSHOT/hadoop-hdds-tools-0.4.1-SNAPSHOT.jar:/home/user/.m2/repository/org/apache/hadoop/hadoop-hdds-server-scm/0.4.1-SNAPSHOT/hadoop-hdds-server-scm-0.4.1-SNAPSHOT.jar:/home/user/.m2/repository/org/apache/hadoop/hadoop-hdds-docs/0.4.1-SNAPSHOT/hadoop-hdds-docs-0.4.1-SNAPSHOT.jar:/home/user/.m2/repository/io/dropwizard/metrics/metrics-core/3.2.4/metrics-core-3.2.4.jar:/home/user/.m2/repository/org/hamcrest/hamcrest-all/1.3/hamcrest-all-1.3.jar:/home/user/.m2/repository/org/bouncycastle/bcprov-jdk15on/1.60/bcprov-jdk15on-1.60.jar:/home/user/.m2/repository/info/picocli/picocli/3.9.6/picocli-3.9.6.jar:/home/user/.m2/repository/com/google/protobuf/protobuf-java/2.5.0/protobuf-java-2.5.0.jar:/home/user/.m2/repository/com/google/guava/guava/11.0.2/guava-11.0.2.jar:/home/user/.m2/repository/org/apache/hadoop/hadoop-ozone-ozone-manager/0.4.1-SNAPSHOT/hadoop-ozone-ozone-manager-0.4.1-SNAPSHOT.jar:/home/user/.m2/repository/org/apache/hadoop/hadoop-minikdc/3.2.0/hadoop-minikdc-3.2.0.jar:/home/user/.m2/repository/commons-io/commons-io/2.5/commons-io-2.5.jar:/home/user/.m2/repository/org/apache/kerby/kerb-simplekdc/1.0.1/kerb-simplekdc-1.0.1.jar:/home/user/.m2/repository/org/apache/kerby/kerb-client/1.0.1/kerb-client-1.0.1.jar:/home/user/.m2/repository/org/apache/kerby/kerby-config/1.0.1/kerby-config-1.0.1.jar:/home/user/.m2/repository/org/apache/kerby/kerb-core/1.0.1/kerb-core-1.0.1.jar:/home/user/.m2/repository/org/apache/kerby/kerby-pkix/1.0.1/kerby-pkix-1.0.1.jar:/home/user/.m2/repository/org/apache/kerby/kerby-asn1/1.0.1/kerby-asn1-1.0.1.jar:/home/user/.m2/repository/org/apache/kerby/kerby-util/1.0.1/kerby-util-1.0.1.jar:/home/user/.m2/repository/org/apache/kerby/kerb-common/1.0.1/kerb-common-1.0.1.jar:/home/user/.m2/repository/org/apache/kerby/kerb-crypto/1.0.1/kerb-crypto-1.0.1.jar:/home/user/.m2/repository/org/apache/kerby/kerb-util/1.0.1/kerb-util-1.0.1.jar:/home/user/.m2/repository/org/apache/kerby/token-provider/1.0.1/token-provider-1.0.1.jar:/home/user/.m2/repository/org/apache/kerby/kerb-admin/1.0.1/kerb-admin-1.0.1.jar:/home/user/.m2/repository/org/apache/kerby/kerb-server/1.0.1/kerb-server-1.0.1.jar:/home/user/.m2/repository/org/apache/kerby/kerb-identity/1.0.1/kerb-identity-1.0.1.jar:/home/user/.m2/repository/org/apache/kerby/kerby-xdr/1.0.1/kerby-xdr-1.0.1.jar:/home/user/.m2/repository/org/slf4j/slf4j-log4j12/1.7.25/slf4j-log4j12-1.7.25.jar:/home/user/.m2/repository/org/apache/hadoop/hadoop-ozone-objectstore-service/0.4.1-SNAPSHOT/hadoop-ozone-objectstore-service-0.4.1-SNAPSHOT.jar:/home/user/.m2/repository/org/apache/hadoop/hadoop-ozone-s3gateway/0.4.1-SNAPSHOT/hadoop-ozone-s3gateway-0.4.1-SNAPSHOT.jar:/home/user/.m2/repository/org/jboss/weld/servlet/weld-servlet/2.4.7.Final/weld-servlet-2.4.7.Final.jar:/home/user/.m2/repository/org/glassfish/jersey/containers/jersey-container-servlet-core/2.27/jersey-container-servlet-core-2.27.jar:/home/user/.m2/repository/org/glassfish/hk2/external/javax.inject/2.5.0-b42/javax.inject-2.5.0-b42.jar:/home/user/.m2/repository/org/glassfish/jersey/core/jersey-common/2.27/jersey-common-2.27.jar:/home/user/.m2/repository/org/glassfish/hk2/osgi-resource-locator/1.0.1/osgi-resource-locator-1.0.1.jar:/home/user/.m2/repository/javax/ws/rs/javax.ws.rs-api/2.1/javax.ws.rs-api-2.1.jar:/home/user/.m2/repository/org/glassfish/jersey/ext/cdi/jersey-cdi1x/2.27/jersey-cdi1x-2.27.jar:/home/user/.m2/repository/org/glassfish/jersey/inject/jersey-hk2/2.27/jersey-hk2-2.27.jar:/home/user/.m2/repository/org/glassfish/hk2/hk2-locator/2.5.0-b42/hk2-locator-2.5.0-b42.jar:/home/user/.m2/repository/org/javassist/javassist/3.22.0-CR2/javassist-3.22.0-CR2.jar:/home/user/.m2/repository/org/glassfish/hk2/hk2-api/2.5.0/hk2-api-2.5.0.jar:/home/user/.m2/repository/org/glassfish/hk2/external/jakarta.inject/2.5.0/jakarta.inject-2.5.0.jar:/home/user/.m2/repository/org/glassfish/hk2/hk2-utils/2.5.0/hk2-utils-2.5.0.jar:/home/user/.m2/repository/jakarta/annotation/jakarta.annotation-api/1.3.4/jakarta.annotation-api-1.3.4.jar:/home/user/.m2/repository/org/glassfish/hk2/external/aopalliance-repackaged/2.5.0/aopalliance-repackaged-2.5.0.jar:/home/user/.m2/repository/com/fasterxml/jackson/dataformat/jackson-dataformat-xml/2.9.0/jackson-dataformat-xml-2.9.0.jar:/home/user/.m2/repository/com/fasterxml/jackson/core/jackson-core/2.9.5/jackson-core-2.9.5.jar:/home/user/.m2/repository/com/fasterxml/jackson/module/jackson-module-jaxb-annotations/2.9.5/jackson-module-jaxb-annotations-2.9.5.jar:/home/user/.m2/repository/javax/enterprise/cdi-api/1.2/cdi-api-1.2.jar:/home/user/.m2/repository/javax/el/javax.el-api/3.0.0/javax.el-api-3.0.0.jar:/home/user/.m2/repository/javax/interceptor/javax.interceptor-api/1.2/javax.interceptor-api-1.2.jar:/home/user/.m2/repository/javax/inject/javax.inject/1/javax.inject-1.jar:/home/user/.m2/repository/com/sun/xml/bind/jaxb-impl/2.3.0.1/jaxb-impl-2.3.0.1.jar:/home/user/.m2/repository/com/sun/xml/bind/jaxb-core/2.3.0.1/jaxb-core-2.3.0.1.jar:/home/user/.m2/repository/javax/xml/bind/jaxb-api/2.3.0/jaxb-api-2.3.0.jar:/home/user/.m2/repository/javax/activation/activation/1.1.1/activation-1.1.1.jar:/home/user/.m2/repository/org/apache/hadoop/hadoop-ozone-csi/0.4.1-SNAPSHOT/hadoop-ozone-csi-0.4.1-SNAPSHOT.jar:/home/user/.m2/repository/com/google/protobuf/protobuf-java-util/3.5.1/protobuf-java-util-3.5.1.jar:/home/user/.m2/repository/org/apache/hadoop/hadoop-hdds-config/0.4.1-SNAPSHOT/hadoop-hdds-config-0.4.1-SNAPSHOT.jar:/home/user/.m2/repository/io/grpc/grpc-netty/1.17.1/grpc-netty-1.17.1.jar:/home/user/.m2/repository/io/grpc/grpc-core/1.17.1/grpc-core-1.17.1.jar:/home/user/.m2/repository/io/grpc/grpc-context/1.17.1/grpc-context-1.17.1.jar:/home/user/.m2/repository/com/google/errorprone/error_prone_annotations/2.2.0/error_prone_annotations-2.2.0.jar:/home/user/.m2/repository/org/codehaus/mojo/animal-sniffer-annotations/1.17/animal-sniffer-annotations-1.17.jar:/home/user/.m2/repository/io/opencensus/opencensus-api/0.17.0/opencensus-api-0.17.0.jar:/home/user/.m2/repository/io/opencensus/opencensus-contrib-grpc-metrics/0.17.0/opencensus-contrib-grpc-metrics-0.17.0.jar:/home/user/.m2/repository/io/netty/netty-codec-http2/4.1.30.Final/netty-codec-http2-4.1.30.Final.jar:/home/user/.m2/repository/io/netty/netty-codec-http/4.1.30.Final/netty-codec-http-4.1.30.Final.jar:/home/user/.m2/repository/io/netty/netty-codec/4.1.30.Final/netty-codec-4.1.30.Final.jar:/home/user/.m2/repository/io/netty/netty-handler/4.1.30.Final/netty-handler-4.1.30.Final.jar:/home/user/.m2/repository/io/netty/netty-handler-proxy/4.1.30.Final/netty-handler-proxy-4.1.30.Final.jar:/home/user/.m2/repository/io/netty/netty-codec-socks/4.1.30.Final/netty-codec-socks-4.1.30.Final.jar:/home/user/.m2/repository/io/netty/netty-transport-native-epoll/4.1.30.Final/netty-transport-native-epoll-4.1.30.Final.jar:/home/user/.m2/repository/io/netty/netty-common/4.1.30.Final/netty-common-4.1.30.Final.jar:/home/user/.m2/repository/io/netty/netty-buffer/4.1.30.Final/netty-buffer-4.1.30.Final.jar:/home/user/.m2/repository/io/netty/netty-transport/4.1.30.Final/netty-transport-4.1.30.Final.jar:/home/user/.m2/repository/io/netty/netty-resolver/4.1.30.Final/netty-resolver-4.1.30.Final.jar:/home/user/.m2/repository/io/netty/netty-transport-native-unix-common/4.1.30.Final/netty-transport-native-unix-common-4.1.30.Final.jar:/home/user/.m2/repository/io/grpc/grpc-protobuf/1.17.1/grpc-protobuf-1.17.1.jar:/home/user/.m2/repository/com/google/api/grpc/proto-google-common-protos/1.0.0/proto-google-common-protos-1.0.0.jar:/home/user/.m2/repository/io/grpc/grpc-protobuf-lite/1.17.1/grpc-protobuf-lite-1.17.1.jar:/home/user/.m2/repository/io/grpc/grpc-stub/1.17.1/grpc-stub-1.17.1.jar:/home/user/.m2/repository/org/apache/hadoop/hadoop-ozone-recon/0.4.1-SNAPSHOT/hadoop-ozone-recon-0.4.1-SNAPSHOT.jar:/home/user/.m2/repository/org/apache/hadoop/hadoop-ozone-reconcodegen/0.4.1-SNAPSHOT/hadoop-ozone-reconcodegen-0.4.1-SNAPSHOT.jar:/home/user/.m2/repository/com/google/inject/extensions/guice-multibindings/4.0/guice-multibindings-4.0.jar:/home/user/.m2/repository/com/google/inject/guice/4.0/guice-4.0.jar:/home/user/.m2/repository/aopalliance/aopalliance/1.0/aopalliance-1.0.jar:/home/user/.m2/repository/com/google/inject/extensions/guice-servlet/4.0/guice-servlet-4.0.jar:/home/user/.m2/repository/org/glassfish/jersey/containers/jersey-container-servlet/2.27/jersey-container-servlet-2.27.jar:/home/user/.m2/repository/org/glassfish/hk2/guice-bridge/2.5.0/guice-bridge-2.5.0.jar:/home/user/.m2/repository/org/glassfish/jersey/core/jersey-server/2.27/jersey-server-2.27.jar:/home/user/.m2/repository/org/glassfish/jersey/core/jersey-client/2.27/jersey-client-2.27.jar:/home/user/.m2/repository/org/glassfish/jersey/media/jersey-media-jaxb/2.27/jersey-media-jaxb-2.27.jar:/home/user/.m2/repository/javax/validation/validation-api/1.1.0.Final/validation-api-1.1.0.Final.jar:/home/user/.m2/repository/org/glassfish/jersey/media/jersey-media-json-jackson/2.27/jersey-media-json-jackson-2.27.jar:/home/user/.m2/repository/org/glassfish/jersey/ext/jersey-entity-filtering/2.27/jersey-entity-filtering-2.27.jar:/home/user/.m2/repository/com/google/inject/extensions/guice-assistedinject/4.0/guice-assistedinject-4.0.jar:/home/user/.m2/repository/org/jooq/jooq/3.11.10/jooq-3.11.10.jar:/home/user/.m2/repository/org/jooq/jooq-meta/3.11.10/jooq-meta-3.11.10.jar:/home/user/.m2/repository/org/jooq/jooq-codegen/3.11.10/jooq-codegen-3.11.10.jar:/home/user/.m2/repository/com/jolbox/bonecp/0.8.0.RELEASE/bonecp-0.8.0.RELEASE.jar:/home/user/.m2/repository/org/xerial/sqlite-jdbc/3.25.2/sqlite-jdbc-3.25.2.jar:/home/user/.m2/repository/org/springframework/spring-jdbc/5.1.3.RELEASE/spring-jdbc-5.1.3.RELEASE.jar:/home/user/.m2/repository/org/springframework/spring-beans/5.1.3.RELEASE/spring-beans-5.1.3.RELEASE.jar:/home/user/.m2/repository/org/springframework/spring-core/5.1.3.RELEASE/spring-core-5.1.3.RELEASE.jar:/home/user/.m2/repository/org/springframework/spring-jcl/5.1.3.RELEASE/spring-jcl-5.1.3.RELEASE.jar:/home/user/.m2/repository/org/springframework/spring-tx/5.1.3.RELEASE/spring-tx-5.1.3.RELEASE.jar:/home/user/.m2/repository/org/apache/hadoop/hadoop-ozone-client/0.4.1-SNAPSHOT/hadoop-ozone-client-0.4.1-SNAPSHOT.jar:/home/user/.m2/repository/commons-lang/commons-lang/2.6/commons-lang-2.6.jar:/home/user/.m2/repository/org/apache/hadoop/hadoop-ozone-ozone-manager/0.4.1-SNAPSHOT/hadoop-ozone-ozone-manager-0.4.1-SNAPSHOT-tests.jar:/home/user/.m2/repository/junit/junit/4.11/junit-4.11.jar:/home/user/.m2/repository/org/hamcrest/hamcrest-core/1.3/hamcrest-core-1.3.jar:/home/user/.m2/repository/org/openjdk/jmh/jmh-core/1.19/jmh-core-1.19.jar:/home/user/.m2/repository/net/sf/jopt-simple/jopt-simple/4.6/jopt-simple-4.6.jar:/home/user/.m2/repository/org/apache/commons/commons-math3/3.1.1/commons-math3-3.1.1.jar:/home/user/.m2/repository/org/openjdk/jmh/jmh-generator-annprocess/1.19/jmh-generator-annprocess-1.19.jar:/home/user/.m2/repository/org/mockito/mockito-all/1.8.5/mockito-all-1.8.5.jar:/home/user/.m2/repository/org/apache/hadoop/hadoop-kms/3.2.0/hadoop-kms-3.2.0.jar:/home/user/.m2/repository/org/apache/hadoop/hadoop-auth/3.2.0/hadoop-auth-3.2.0.jar:/home/user/.m2/repository/com/nimbusds/nimbus-jose-jwt/4.41.1/nimbus-jose-jwt-4.41.1.jar:/home/user/.m2/repository/com/github/stephenc/jcip/jcip-annotations/1.0-1/jcip-annotations-1.0-1.jar:/home/user/.m2/repository/net/minidev/json-smart/2.3/json-smart-2.3.jar:/home/user/.m2/repository/net/minidev/accessors-smart/1.2/accessors-smart-1.2.jar:/home/user/.m2/repository/org/ow2/asm/asm/5.0.4/asm-5.0.4.jar:/home/user/.m2/repository/org/apache/curator/curator-framework/2.12.0/curator-framework-2.12.0.jar:/home/user/.m2/repository/com/sun/jersey/jersey-core/1.19/jersey-core-1.19.jar:/home/user/.m2/repository/javax/ws/rs/jsr311-api/1.1.1/jsr311-api-1.1.1.jar:/home/user/.m2/repository/com/sun/jersey/jersey-server/1.19/jersey-server-1.19.jar:/home/user/.m2/repository/javax/servlet/javax.servlet-api/3.1.0/javax.servlet-api-3.1.0.jar:/home/user/.m2/repository/org/eclipse/jetty/jetty-server/9.3.24.v20180605/jetty-server-9.3.24.v20180605.jar:/home/user/.m2/repository/org/eclipse/jetty/jetty-http/9.3.24.v20180605/jetty-http-9.3.24.v20180605.jar:/home/user/.m2/repository/org/eclipse/jetty/jetty-io/9.3.24.v20180605/jetty-io-9.3.24.v20180605.jar:/home/user/.m2/repository/org/eclipse/jetty/jetty-webapp/9.3.24.v20180605/jetty-webapp-9.3.24.v20180605.jar:/home/user/.m2/repository/org/eclipse/jetty/jetty-xml/9.3.24.v20180605/jetty-xml-9.3.24.v20180605.jar:/home/user/.m2/repository/log4j/log4j/1.2.17/log4j-1.2.17.jar:/home/user/.m2/repository/org/slf4j/slf4j-api/1.7.25/slf4j-api-1.7.25.jar:/home/user/.m2/repository/org/slf4j/jul-to-slf4j/1.7.25/jul-to-slf4j-1.7.25.jar:/home/user/.m2/repository/org/eclipse/jetty/jetty-util/9.3.24.v20180605/jetty-util-9.3.24.v20180605.jar:/home/user/.m2/repository/com/fasterxml/jackson/core/jackson-databind/2.9.5/jackson-databind-2.9.5.jar:/home/user/.m2/repository/org/apache/hadoop/hadoop-kms/3.2.0/hadoop-kms-3.2.0-tests.jar:/home/user/.m2/repository/org/apache/hadoop/hadoop-hdds-server-scm/0.4.1-SNAPSHOT/hadoop-hdds-server-scm-0.4.1-SNAPSHOT-tests.jar:/home/user/.m2/repository/org/apache/hadoop/hadoop-hdds-container-service/0.4.1-SNAPSHOT/hadoop-hdds-container-service-0.4.1-SNAPSHOT-tests.jar:/home/user/.m2/repository/org/yaml/snakeyaml/1.16/snakeyaml-1.16.jar:/home/user/.m2/repository/org/apache/hadoop/hadoop-common/3.2.0/hadoop-common-3.2.0-tests.jar:/home/user/.m2/repository/org/apache/hadoop/hadoop-annotations/3.2.0/hadoop-annotations-3.2.0.jar:/usr/lib/jvm/java-1.8-openjdk/jre/../lib/tools.jar:/home/user/.m2/repository/commons-cli/commons-cli/1.2/commons-cli-1.2.jar:/home/user/.m2/repository/org/apache/httpcomponents/httpclient/4.5.2/httpclient-4.5.2.jar:/home/user/.m2/repository/org/apache/httpcomponents/httpcore/4.4.4/httpcore-4.4.4.jar:/home/user/.m2/repository/commons-codec/commons-codec/1.11/commons-codec-1.11.jar:/home/user/.m2/repository/commons-net/commons-net/3.6/commons-net-3.6.jar:/home/user/.m2/repository/commons-collections/commons-collections/3.2.2/commons-collections-3.2.2.jar:/home/user/.m2/repository/org/eclipse/jetty/jetty-servlet/9.3.24.v20180605/jetty-servlet-9.3.24.v20180605.jar:/home/user/.m2/repository/org/eclipse/jetty/jetty-security/9.3.24.v20180605/jetty-security-9.3.24.v20180605.jar:/home/user/.m2/repository/javax/servlet/jsp/jsp-api/2.1/jsp-api-2.1.jar:/home/user/.m2/repository/com/sun/jersey/jersey-servlet/1.19/jersey-servlet-1.19.jar:/home/user/.m2/repository/com/sun/jersey/jersey-json/1.19/jersey-json-1.19.jar:/home/user/.m2/repository/org/codehaus/jettison/jettison/1.1/jettison-1.1.jar:/home/user/.m2/repository/org/codehaus/jackson/jackson-core-asl/1.9.13/jackson-core-asl-1.9.13.jar:/home/user/.m2/repository/org/codehaus/jackson/jackson-mapper-asl/1.9.13/jackson-mapper-asl-1.9.13.jar:/home/user/.m2/repository/org/codehaus/jackson/jackson-jaxrs/1.9.13/jackson-jaxrs-1.9.13.jar:/home/user/.m2/repository/org/codehaus/jackson/jackson-xc/1.9.13/jackson-xc-1.9.13.jar:/home/user/.m2/repository/commons-logging/commons-logging/1.1.3/commons-logging-1.1.3.jar:/home/user/.m2/repository/commons-beanutils/commons-beanutils/1.9.3/commons-beanutils-1.9.3.jar:/home/user/.m2/repository/org/apache/commons/commons-configuration2/2.1.1/commons-configuration2-2.1.1.jar:/home/user/.m2/repository/org/apache/commons/commons-lang3/3.7/commons-lang3-3.7.jar:/home/user/.m2/repository/org/apache/commons/commons-text/1.4/commons-text-1.4.jar:/home/user/.m2/repository/org/apache/avro/avro/1.7.7/avro-1.7.7.jar:/home/user/.m2/repository/com/thoughtworks/paranamer/paranamer/2.3/paranamer-2.3.jar:/home/user/.m2/repository/org/xerial/snappy/snappy-java/1.0.5/snappy-java-1.0.5.jar:/home/user/.m2/repository/com/google/re2j/re2j/1.1/re2j-1.1.jar:/home/user/.m2/repository/com/google/code/gson/gson/2.2.4/gson-2.2.4.jar:/home/user/.m2/repository/com/jcraft/jsch/0.1.54/jsch-0.1.54.jar:/home/user/.m2/repository/org/apache/curator/curator-client/2.12.0/curator-client-2.12.0.jar:/home/user/.m2/repository/org/apache/curator/curator-recipes/2.12.0/curator-recipes-2.12.0.jar:/home/user/.m2/repository/com/google/code/findbugs/jsr305/3.0.0/jsr305-3.0.0.jar:/home/user/.m2/repository/org/apache/htrace/htrace-core4/4.1.0-incubating/htrace-core4-4.1.0-incubating.jar:/home/user/.m2/repository/org/apache/zookeeper/zookeeper/3.4.13/zookeeper-3.4.13.jar:/home/user/.m2/repository/org/apache/yetus/audience-annotations/0.5.0/audience-annotations-0.5.0.jar:/home/user/.m2/repository/org/codehaus/woodstox/stax2-api/3.1.4/stax2-api-3.1.4.jar:/home/user/.m2/repository/com/fasterxml/woodstox/woodstox-core/5.0.3/woodstox-core-5.0.3.jar:/home/user/.m2/repository/dnsjava/dnsjava/2.1.7/dnsjava-2.1.7.jar:/home/user/.m2/repository/org/apache/hadoop/hadoop-hdfs/3.2.0/hadoop-hdfs-3.2.0-tests.jar:/home/user/.m2/repository/org/eclipse/jetty/jetty-util-ajax/9.3.24.v20180605/jetty-util-ajax-9.3.24.v20180605.jar:/home/user/.m2/repository/commons-daemon/commons-daemon/1.0.13/commons-daemon-1.0.13.jar:/home/user/.m2/repository/io/netty/netty/3.10.5.Final/netty-3.10.5.Final.jar:/home/user/.m2/repository/io/netty/netty-all/4.0.52.Final/netty-all-4.0.52.Final.jar:/home/user/.m2/repository/org/fusesource/leveldbjni/leveldbjni-all/1.8/leveldbjni-all-1.8.jar:"/>
    <property name="java.vm.vendor" value="IcedTea"/>
    <property name="sun.arch.data.model" value="64"/>
    <property name="test.build.dir" value="/workdir/hadoop-ozone/integration-test/target/test-dir"/>
    <property name="test.cache.data" value=""/>
    <property name="java.vendor.url" value="https://icedtea.classpath.org"/>
    <property name="user.timezone" value=""/>
    <property name="java.vm.specification.version" value="1.8"/>
    <property name="os.name" value="Linux"/>
    <property name="test.build.data" value="/workdir/hadoop-ozone/integration-test/target/test-dir"/>
    <property name="user.country" value="US"/>
    <property name="sun.java.launcher" value="SUN_STANDARD"/>
    <property name="sun.boot.library.path" value="/usr/lib/jvm/java-1.8-openjdk/jre/lib/amd64"/>
    <property name="sun.java.command" value="/workdir/hadoop-ozone/integration-test/target/surefire/surefirebooter1865413055435422776.jar /workdir/hadoop-ozone/integration-test/target/surefire 2019-08-24T03-15-02_444-jvmRun1 surefire5138078971986714028tmp surefire_205689128070048574488tmp"/>
    <property name="test" value="!TestMiniChaosOzoneCluster"/>
    <property name="surefire.test.class.path" value="/workdir/hadoop-ozone/integration-test/target/test-classes:/workdir/hadoop-ozone/integration-test/target/classes:/home/user/.m2/repository/org/apache/hadoop/hadoop-ozone-common/0.4.1-SNAPSHOT/hadoop-ozone-common-0.4.1-SNAPSHOT.jar:/home/user/.m2/repository/org/apache/commons/commons-compress/1.4.1/commons-compress-1.4.1.jar:/home/user/.m2/repository/org/tukaani/xz/1.0/xz-1.0.jar:/home/user/.m2/repository/org/apache/hadoop/hadoop-common/3.2.0/hadoop-common-3.2.0.jar:/home/user/.m2/repository/org/apache/hadoop/hadoop-hdfs/3.2.0/hadoop-hdfs-3.2.0.jar:/home/user/.m2/repository/org/apache/hadoop/hadoop-hdfs-client/3.2.0/hadoop-hdfs-client-3.2.0.jar:/home/user/.m2/repository/com/fasterxml/jackson/core/jackson-annotations/2.9.5/jackson-annotations-2.9.5.jar:/home/user/.m2/repository/org/apache/hadoop/hadoop-hdds-common/0.4.1-SNAPSHOT/hadoop-hdds-common-0.4.1-SNAPSHOT.jar:/home/user/.m2/repository/javax/annotation/javax.annotation-api/1.2/javax.annotation-api-1.2.jar:/home/user/.m2/repository/org/apache/ratis/ratis-server/0.4.0-2337318-SNAPSHOT/ratis-server-0.4.0-2337318-SNAPSHOT.jar:/home/user/.m2/repository/org/apache/ratis/ratis-thirdparty-misc/0.2.0/ratis-thirdparty-misc-0.2.0.jar:/home/user/.m2/repository/org/apache/ratis/ratis-proto/0.4.0-2337318-SNAPSHOT/ratis-proto-0.4.0-2337318-SNAPSHOT.jar:/home/user/.m2/repository/org/apache/ratis/ratis-common/0.4.0-2337318-SNAPSHOT/ratis-common-0.4.0-2337318-SNAPSHOT.jar:/home/user/.m2/repository/org/apache/ratis/ratis-client/0.4.0-2337318-SNAPSHOT/ratis-client-0.4.0-2337318-SNAPSHOT.jar:/home/user/.m2/repository/org/apache/ratis/ratis-metrics/0.4.0-2337318-SNAPSHOT/ratis-metrics-0.4.0-2337318-SNAPSHOT.jar:/home/user/.m2/repository/org/apache/ratis/ratis-netty/0.4.0-2337318-SNAPSHOT/ratis-netty-0.4.0-2337318-SNAPSHOT.jar:/home/user/.m2/repository/org/apache/ratis/ratis-grpc/0.4.0-2337318-SNAPSHOT/ratis-grpc-0.4.0-2337318-SNAPSHOT.jar:/home/user/.m2/repository/org/rocksdb/rocksdbjni/6.0.1/rocksdbjni-6.0.1.jar:/home/user/.m2/repository/org/apache/logging/log4j/log4j-api/2.11.0/log4j-api-2.11.0.jar:/home/user/.m2/repository/org/apache/logging/log4j/log4j-core/2.11.0/log4j-core-2.11.0.jar:/home/user/.m2/repository/com/lmax/disruptor/3.4.2/disruptor-3.4.2.jar:/home/user/.m2/repository/org/apache/commons/commons-pool2/2.6.0/commons-pool2-2.6.0.jar:/home/user/.m2/repository/org/bouncycastle/bcpkix-jdk15on/1.60/bcpkix-jdk15on-1.60.jar:/home/user/.m2/repository/commons-validator/commons-validator/1.6/commons-validator-1.6.jar:/home/user/.m2/repository/commons-digester/commons-digester/1.8.1/commons-digester-1.8.1.jar:/home/user/.m2/repository/io/jaegertracing/jaeger-client/0.33.1/jaeger-client-0.33.1.jar:/home/user/.m2/repository/io/jaegertracing/jaeger-thrift/0.33.1/jaeger-thrift-0.33.1.jar:/home/user/.m2/repository/org/apache/thrift/libthrift/0.11.0/libthrift-0.11.0.jar:/home/user/.m2/repository/com/squareup/okhttp3/okhttp/3.9.0/okhttp-3.9.0.jar:/home/user/.m2/repository/com/squareup/okio/okio/1.13.0/okio-1.13.0.jar:/home/user/.m2/repository/io/jaegertracing/jaeger-core/0.33.1/jaeger-core-0.33.1.jar:/home/user/.m2/repository/io/jaegertracing/jaeger-tracerresolver/0.33.1/jaeger-tracerresolver-0.33.1.jar:/home/user/.m2/repository/io/opentracing/contrib/opentracing-tracerresolver/0.1.5/opentracing-tracerresolver-0.1.5.jar:/home/user/.m2/repository/io/opentracing/opentracing-util/0.31.0/opentracing-util-0.31.0.jar:/home/user/.m2/repository/io/opentracing/opentracing-api/0.31.0/opentracing-api-0.31.0.jar:/home/user/.m2/repository/io/opentracing/opentracing-noop/0.31.0/opentracing-noop-0.31.0.jar:/home/user/.m2/repository/org/apache/hadoop/hadoop-hdds-server-framework/0.4.1-SNAPSHOT/hadoop-hdds-server-framework-0.4.1-SNAPSHOT.jar:/home/user/.m2/repository/org/apache/hadoop/hadoop-hdds-container-service/0.4.1-SNAPSHOT/hadoop-hdds-container-service-0.4.1-SNAPSHOT.jar:/home/user/.m2/repository/org/apache/hadoop/hadoop-hdds-client/0.4.1-SNAPSHOT/hadoop-hdds-client-0.4.1-SNAPSHOT.jar:/home/user/.m2/repository/org/apache/hadoop/hadoop-hdds-tools/0.4.1-SNAPSHOT/hadoop-hdds-tools-0.4.1-SNAPSHOT.jar:/home/user/.m2/repository/org/apache/hadoop/hadoop-hdds-server-scm/0.4.1-SNAPSHOT/hadoop-hdds-server-scm-0.4.1-SNAPSHOT.jar:/home/user/.m2/repository/org/apache/hadoop/hadoop-hdds-docs/0.4.1-SNAPSHOT/hadoop-hdds-docs-0.4.1-SNAPSHOT.jar:/home/user/.m2/repository/io/dropwizard/metrics/metrics-core/3.2.4/metrics-core-3.2.4.jar:/home/user/.m2/repository/org/hamcrest/hamcrest-all/1.3/hamcrest-all-1.3.jar:/home/user/.m2/repository/org/bouncycastle/bcprov-jdk15on/1.60/bcprov-jdk15on-1.60.jar:/home/user/.m2/repository/info/picocli/picocli/3.9.6/picocli-3.9.6.jar:/home/user/.m2/repository/com/google/protobuf/protobuf-java/2.5.0/protobuf-java-2.5.0.jar:/home/user/.m2/repository/com/google/guava/guava/11.0.2/guava-11.0.2.jar:/home/user/.m2/repository/org/apache/hadoop/hadoop-ozone-ozone-manager/0.4.1-SNAPSHOT/hadoop-ozone-ozone-manager-0.4.1-SNAPSHOT.jar:/home/user/.m2/repository/org/apache/hadoop/hadoop-minikdc/3.2.0/hadoop-minikdc-3.2.0.jar:/home/user/.m2/repository/commons-io/commons-io/2.5/commons-io-2.5.jar:/home/user/.m2/repository/org/apache/kerby/kerb-simplekdc/1.0.1/kerb-simplekdc-1.0.1.jar:/home/user/.m2/repository/org/apache/kerby/kerb-client/1.0.1/kerb-client-1.0.1.jar:/home/user/.m2/repository/org/apache/kerby/kerby-config/1.0.1/kerby-config-1.0.1.jar:/home/user/.m2/repository/org/apache/kerby/kerb-core/1.0.1/kerb-core-1.0.1.jar:/home/user/.m2/repository/org/apache/kerby/kerby-pkix/1.0.1/kerby-pkix-1.0.1.jar:/home/user/.m2/repository/org/apache/kerby/kerby-asn1/1.0.1/kerby-asn1-1.0.1.jar:/home/user/.m2/repository/org/apache/kerby/kerby-util/1.0.1/kerby-util-1.0.1.jar:/home/user/.m2/repository/org/apache/kerby/kerb-common/1.0.1/kerb-common-1.0.1.jar:/home/user/.m2/repository/org/apache/kerby/kerb-crypto/1.0.1/kerb-crypto-1.0.1.jar:/home/user/.m2/repository/org/apache/kerby/kerb-util/1.0.1/kerb-util-1.0.1.jar:/home/user/.m2/repository/org/apache/kerby/token-provider/1.0.1/token-provider-1.0.1.jar:/home/user/.m2/repository/org/apache/kerby/kerb-admin/1.0.1/kerb-admin-1.0.1.jar:/home/user/.m2/repository/org/apache/kerby/kerb-server/1.0.1/kerb-server-1.0.1.jar:/home/user/.m2/repository/org/apache/kerby/kerb-identity/1.0.1/kerb-identity-1.0.1.jar:/home/user/.m2/repository/org/apache/kerby/kerby-xdr/1.0.1/kerby-xdr-1.0.1.jar:/home/user/.m2/repository/org/slf4j/slf4j-log4j12/1.7.25/slf4j-log4j12-1.7.25.jar:/home/user/.m2/repository/org/apache/hadoop/hadoop-ozone-objectstore-service/0.4.1-SNAPSHOT/hadoop-ozone-objectstore-service-0.4.1-SNAPSHOT.jar:/home/user/.m2/repository/org/apache/hadoop/hadoop-ozone-s3gateway/0.4.1-SNAPSHOT/hadoop-ozone-s3gateway-0.4.1-SNAPSHOT.jar:/home/user/.m2/repository/org/jboss/weld/servlet/weld-servlet/2.4.7.Final/weld-servlet-2.4.7.Final.jar:/home/user/.m2/repository/org/glassfish/jersey/containers/jersey-container-servlet-core/2.27/jersey-container-servlet-core-2.27.jar:/home/user/.m2/repository/org/glassfish/hk2/external/javax.inject/2.5.0-b42/javax.inject-2.5.0-b42.jar:/home/user/.m2/repository/org/glassfish/jersey/core/jersey-common/2.27/jersey-common-2.27.jar:/home/user/.m2/repository/org/glassfish/hk2/osgi-resource-locator/1.0.1/osgi-resource-locator-1.0.1.jar:/home/user/.m2/repository/javax/ws/rs/javax.ws.rs-api/2.1/javax.ws.rs-api-2.1.jar:/home/user/.m2/repository/org/glassfish/jersey/ext/cdi/jersey-cdi1x/2.27/jersey-cdi1x-2.27.jar:/home/user/.m2/repository/org/glassfish/jersey/inject/jersey-hk2/2.27/jersey-hk2-2.27.jar:/home/user/.m2/repository/org/glassfish/hk2/hk2-locator/2.5.0-b42/hk2-locator-2.5.0-b42.jar:/home/user/.m2/repository/org/javassist/javassist/3.22.0-CR2/javassist-3.22.0-CR2.jar:/home/user/.m2/repository/org/glassfish/hk2/hk2-api/2.5.0/hk2-api-2.5.0.jar:/home/user/.m2/repository/org/glassfish/hk2/external/jakarta.inject/2.5.0/jakarta.inject-2.5.0.jar:/home/user/.m2/repository/org/glassfish/hk2/hk2-utils/2.5.0/hk2-utils-2.5.0.jar:/home/user/.m2/repository/jakarta/annotation/jakarta.annotation-api/1.3.4/jakarta.annotation-api-1.3.4.jar:/home/user/.m2/repository/org/glassfish/hk2/external/aopalliance-repackaged/2.5.0/aopalliance-repackaged-2.5.0.jar:/home/user/.m2/repository/com/fasterxml/jackson/dataformat/jackson-dataformat-xml/2.9.0/jackson-dataformat-xml-2.9.0.jar:/home/user/.m2/repository/com/fasterxml/jackson/core/jackson-core/2.9.5/jackson-core-2.9.5.jar:/home/user/.m2/repository/com/fasterxml/jackson/module/jackson-module-jaxb-annotations/2.9.5/jackson-module-jaxb-annotations-2.9.5.jar:/home/user/.m2/repository/javax/enterprise/cdi-api/1.2/cdi-api-1.2.jar:/home/user/.m2/repository/javax/el/javax.el-api/3.0.0/javax.el-api-3.0.0.jar:/home/user/.m2/repository/javax/interceptor/javax.interceptor-api/1.2/javax.interceptor-api-1.2.jar:/home/user/.m2/repository/javax/inject/javax.inject/1/javax.inject-1.jar:/home/user/.m2/repository/com/sun/xml/bind/jaxb-impl/2.3.0.1/jaxb-impl-2.3.0.1.jar:/home/user/.m2/repository/com/sun/xml/bind/jaxb-core/2.3.0.1/jaxb-core-2.3.0.1.jar:/home/user/.m2/repository/javax/xml/bind/jaxb-api/2.3.0/jaxb-api-2.3.0.jar:/home/user/.m2/repository/javax/activation/activation/1.1.1/activation-1.1.1.jar:/home/user/.m2/repository/org/apache/hadoop/hadoop-ozone-csi/0.4.1-SNAPSHOT/hadoop-ozone-csi-0.4.1-SNAPSHOT.jar:/home/user/.m2/repository/com/google/protobuf/protobuf-java-util/3.5.1/protobuf-java-util-3.5.1.jar:/home/user/.m2/repository/org/apache/hadoop/hadoop-hdds-config/0.4.1-SNAPSHOT/hadoop-hdds-config-0.4.1-SNAPSHOT.jar:/home/user/.m2/repository/io/grpc/grpc-netty/1.17.1/grpc-netty-1.17.1.jar:/home/user/.m2/repository/io/grpc/grpc-core/1.17.1/grpc-core-1.17.1.jar:/home/user/.m2/repository/io/grpc/grpc-context/1.17.1/grpc-context-1.17.1.jar:/home/user/.m2/repository/com/google/errorprone/error_prone_annotations/2.2.0/error_prone_annotations-2.2.0.jar:/home/user/.m2/repository/org/codehaus/mojo/animal-sniffer-annotations/1.17/animal-sniffer-annotations-1.17.jar:/home/user/.m2/repository/io/opencensus/opencensus-api/0.17.0/opencensus-api-0.17.0.jar:/home/user/.m2/repository/io/opencensus/opencensus-contrib-grpc-metrics/0.17.0/opencensus-contrib-grpc-metrics-0.17.0.jar:/home/user/.m2/repository/io/netty/netty-codec-http2/4.1.30.Final/netty-codec-http2-4.1.30.Final.jar:/home/user/.m2/repository/io/netty/netty-codec-http/4.1.30.Final/netty-codec-http-4.1.30.Final.jar:/home/user/.m2/repository/io/netty/netty-codec/4.1.30.Final/netty-codec-4.1.30.Final.jar:/home/user/.m2/repository/io/netty/netty-handler/4.1.30.Final/netty-handler-4.1.30.Final.jar:/home/user/.m2/repository/io/netty/netty-handler-proxy/4.1.30.Final/netty-handler-proxy-4.1.30.Final.jar:/home/user/.m2/repository/io/netty/netty-codec-socks/4.1.30.Final/netty-codec-socks-4.1.30.Final.jar:/home/user/.m2/repository/io/netty/netty-transport-native-epoll/4.1.30.Final/netty-transport-native-epoll-4.1.30.Final.jar:/home/user/.m2/repository/io/netty/netty-common/4.1.30.Final/netty-common-4.1.30.Final.jar:/home/user/.m2/repository/io/netty/netty-buffer/4.1.30.Final/netty-buffer-4.1.30.Final.jar:/home/user/.m2/repository/io/netty/netty-transport/4.1.30.Final/netty-transport-4.1.30.Final.jar:/home/user/.m2/repository/io/netty/netty-resolver/4.1.30.Final/netty-resolver-4.1.30.Final.jar:/home/user/.m2/repository/io/netty/netty-transport-native-unix-common/4.1.30.Final/netty-transport-native-unix-common-4.1.30.Final.jar:/home/user/.m2/repository/io/grpc/grpc-protobuf/1.17.1/grpc-protobuf-1.17.1.jar:/home/user/.m2/repository/com/google/api/grpc/proto-google-common-protos/1.0.0/proto-google-common-protos-1.0.0.jar:/home/user/.m2/repository/io/grpc/grpc-protobuf-lite/1.17.1/grpc-protobuf-lite-1.17.1.jar:/home/user/.m2/repository/io/grpc/grpc-stub/1.17.1/grpc-stub-1.17.1.jar:/home/user/.m2/repository/org/apache/hadoop/hadoop-ozone-recon/0.4.1-SNAPSHOT/hadoop-ozone-recon-0.4.1-SNAPSHOT.jar:/home/user/.m2/repository/org/apache/hadoop/hadoop-ozone-reconcodegen/0.4.1-SNAPSHOT/hadoop-ozone-reconcodegen-0.4.1-SNAPSHOT.jar:/home/user/.m2/repository/com/google/inject/extensions/guice-multibindings/4.0/guice-multibindings-4.0.jar:/home/user/.m2/repository/com/google/inject/guice/4.0/guice-4.0.jar:/home/user/.m2/repository/aopalliance/aopalliance/1.0/aopalliance-1.0.jar:/home/user/.m2/repository/com/google/inject/extensions/guice-servlet/4.0/guice-servlet-4.0.jar:/home/user/.m2/repository/org/glassfish/jersey/containers/jersey-container-servlet/2.27/jersey-container-servlet-2.27.jar:/home/user/.m2/repository/org/glassfish/hk2/guice-bridge/2.5.0/guice-bridge-2.5.0.jar:/home/user/.m2/repository/org/glassfish/jersey/core/jersey-server/2.27/jersey-server-2.27.jar:/home/user/.m2/repository/org/glassfish/jersey/core/jersey-client/2.27/jersey-client-2.27.jar:/home/user/.m2/repository/org/glassfish/jersey/media/jersey-media-jaxb/2.27/jersey-media-jaxb-2.27.jar:/home/user/.m2/repository/javax/validation/validation-api/1.1.0.Final/validation-api-1.1.0.Final.jar:/home/user/.m2/repository/org/glassfish/jersey/media/jersey-media-json-jackson/2.27/jersey-media-json-jackson-2.27.jar:/home/user/.m2/repository/org/glassfish/jersey/ext/jersey-entity-filtering/2.27/jersey-entity-filtering-2.27.jar:/home/user/.m2/repository/com/google/inject/extensions/guice-assistedinject/4.0/guice-assistedinject-4.0.jar:/home/user/.m2/repository/org/jooq/jooq/3.11.10/jooq-3.11.10.jar:/home/user/.m2/repository/org/jooq/jooq-meta/3.11.10/jooq-meta-3.11.10.jar:/home/user/.m2/repository/org/jooq/jooq-codegen/3.11.10/jooq-codegen-3.11.10.jar:/home/user/.m2/repository/com/jolbox/bonecp/0.8.0.RELEASE/bonecp-0.8.0.RELEASE.jar:/home/user/.m2/repository/org/xerial/sqlite-jdbc/3.25.2/sqlite-jdbc-3.25.2.jar:/home/user/.m2/repository/org/springframework/spring-jdbc/5.1.3.RELEASE/spring-jdbc-5.1.3.RELEASE.jar:/home/user/.m2/repository/org/springframework/spring-beans/5.1.3.RELEASE/spring-beans-5.1.3.RELEASE.jar:/home/user/.m2/repository/org/springframework/spring-core/5.1.3.RELEASE/spring-core-5.1.3.RELEASE.jar:/home/user/.m2/repository/org/springframework/spring-jcl/5.1.3.RELEASE/spring-jcl-5.1.3.RELEASE.jar:/home/user/.m2/repository/org/springframework/spring-tx/5.1.3.RELEASE/spring-tx-5.1.3.RELEASE.jar:/home/user/.m2/repository/org/apache/hadoop/hadoop-ozone-client/0.4.1-SNAPSHOT/hadoop-ozone-client-0.4.1-SNAPSHOT.jar:/home/user/.m2/repository/commons-lang/commons-lang/2.6/commons-lang-2.6.jar:/home/user/.m2/repository/org/apache/hadoop/hadoop-ozone-ozone-manager/0.4.1-SNAPSHOT/hadoop-ozone-ozone-manager-0.4.1-SNAPSHOT-tests.jar:/home/user/.m2/repository/junit/junit/4.11/junit-4.11.jar:/home/user/.m2/repository/org/hamcrest/hamcrest-core/1.3/hamcrest-core-1.3.jar:/home/user/.m2/repository/org/openjdk/jmh/jmh-core/1.19/jmh-core-1.19.jar:/home/user/.m2/repository/net/sf/jopt-simple/jopt-simple/4.6/jopt-simple-4.6.jar:/home/user/.m2/repository/org/apache/commons/commons-math3/3.1.1/commons-math3-3.1.1.jar:/home/user/.m2/repository/org/openjdk/jmh/jmh-generator-annprocess/1.19/jmh-generator-annprocess-1.19.jar:/home/user/.m2/repository/org/mockito/mockito-all/1.8.5/mockito-all-1.8.5.jar:/home/user/.m2/repository/org/apache/hadoop/hadoop-kms/3.2.0/hadoop-kms-3.2.0.jar:/home/user/.m2/repository/org/apache/hadoop/hadoop-auth/3.2.0/hadoop-auth-3.2.0.jar:/home/user/.m2/repository/com/nimbusds/nimbus-jose-jwt/4.41.1/nimbus-jose-jwt-4.41.1.jar:/home/user/.m2/repository/com/github/stephenc/jcip/jcip-annotations/1.0-1/jcip-annotations-1.0-1.jar:/home/user/.m2/repository/net/minidev/json-smart/2.3/json-smart-2.3.jar:/home/user/.m2/repository/net/minidev/accessors-smart/1.2/accessors-smart-1.2.jar:/home/user/.m2/repository/org/ow2/asm/asm/5.0.4/asm-5.0.4.jar:/home/user/.m2/repository/org/apache/curator/curator-framework/2.12.0/curator-framework-2.12.0.jar:/home/user/.m2/repository/com/sun/jersey/jersey-core/1.19/jersey-core-1.19.jar:/home/user/.m2/repository/javax/ws/rs/jsr311-api/1.1.1/jsr311-api-1.1.1.jar:/home/user/.m2/repository/com/sun/jersey/jersey-server/1.19/jersey-server-1.19.jar:/home/user/.m2/repository/javax/servlet/javax.servlet-api/3.1.0/javax.servlet-api-3.1.0.jar:/home/user/.m2/repository/org/eclipse/jetty/jetty-server/9.3.24.v20180605/jetty-server-9.3.24.v20180605.jar:/home/user/.m2/repository/org/eclipse/jetty/jetty-http/9.3.24.v20180605/jetty-http-9.3.24.v20180605.jar:/home/user/.m2/repository/org/eclipse/jetty/jetty-io/9.3.24.v20180605/jetty-io-9.3.24.v20180605.jar:/home/user/.m2/repository/org/eclipse/jetty/jetty-webapp/9.3.24.v20180605/jetty-webapp-9.3.24.v20180605.jar:/home/user/.m2/repository/org/eclipse/jetty/jetty-xml/9.3.24.v20180605/jetty-xml-9.3.24.v20180605.jar:/home/user/.m2/repository/log4j/log4j/1.2.17/log4j-1.2.17.jar:/home/user/.m2/repository/org/slf4j/slf4j-api/1.7.25/slf4j-api-1.7.25.jar:/home/user/.m2/repository/org/slf4j/jul-to-slf4j/1.7.25/jul-to-slf4j-1.7.25.jar:/home/user/.m2/repository/org/eclipse/jetty/jetty-util/9.3.24.v20180605/jetty-util-9.3.24.v20180605.jar:/home/user/.m2/repository/com/fasterxml/jackson/core/jackson-databind/2.9.5/jackson-databind-2.9.5.jar:/home/user/.m2/repository/org/apache/hadoop/hadoop-kms/3.2.0/hadoop-kms-3.2.0-tests.jar:/home/user/.m2/repository/org/apache/hadoop/hadoop-hdds-server-scm/0.4.1-SNAPSHOT/hadoop-hdds-server-scm-0.4.1-SNAPSHOT-tests.jar:/home/user/.m2/repository/org/apache/hadoop/hadoop-hdds-container-service/0.4.1-SNAPSHOT/hadoop-hdds-container-service-0.4.1-SNAPSHOT-tests.jar:/home/user/.m2/repository/org/yaml/snakeyaml/1.16/snakeyaml-1.16.jar:/home/user/.m2/repository/org/apache/hadoop/hadoop-common/3.2.0/hadoop-common-3.2.0-tests.jar:/home/user/.m2/repository/org/apache/hadoop/hadoop-annotations/3.2.0/hadoop-annotations-3.2.0.jar:/usr/lib/jvm/java-1.8-openjdk/jre/../lib/tools.jar:/home/user/.m2/repository/commons-cli/commons-cli/1.2/commons-cli-1.2.jar:/home/user/.m2/repository/org/apache/httpcomponents/httpclient/4.5.2/httpclient-4.5.2.jar:/home/user/.m2/repository/org/apache/httpcomponents/httpcore/4.4.4/httpcore-4.4.4.jar:/home/user/.m2/repository/commons-codec/commons-codec/1.11/commons-codec-1.11.jar:/home/user/.m2/repository/commons-net/commons-net/3.6/commons-net-3.6.jar:/home/user/.m2/repository/commons-collections/commons-collections/3.2.2/commons-collections-3.2.2.jar:/home/user/.m2/repository/org/eclipse/jetty/jetty-servlet/9.3.24.v20180605/jetty-servlet-9.3.24.v20180605.jar:/home/user/.m2/repository/org/eclipse/jetty/jetty-security/9.3.24.v20180605/jetty-security-9.3.24.v20180605.jar:/home/user/.m2/repository/javax/servlet/jsp/jsp-api/2.1/jsp-api-2.1.jar:/home/user/.m2/repository/com/sun/jersey/jersey-servlet/1.19/jersey-servlet-1.19.jar:/home/user/.m2/repository/com/sun/jersey/jersey-json/1.19/jersey-json-1.19.jar:/home/user/.m2/repository/org/codehaus/jettison/jettison/1.1/jettison-1.1.jar:/home/user/.m2/repository/org/codehaus/jackson/jackson-core-asl/1.9.13/jackson-core-asl-1.9.13.jar:/home/user/.m2/repository/org/codehaus/jackson/jackson-mapper-asl/1.9.13/jackson-mapper-asl-1.9.13.jar:/home/user/.m2/repository/org/codehaus/jackson/jackson-jaxrs/1.9.13/jackson-jaxrs-1.9.13.jar:/home/user/.m2/repository/org/codehaus/jackson/jackson-xc/1.9.13/jackson-xc-1.9.13.jar:/home/user/.m2/repository/commons-logging/commons-logging/1.1.3/commons-logging-1.1.3.jar:/home/user/.m2/repository/commons-beanutils/commons-beanutils/1.9.3/commons-beanutils-1.9.3.jar:/home/user/.m2/repository/org/apache/commons/commons-configuration2/2.1.1/commons-configuration2-2.1.1.jar:/home/user/.m2/repository/org/apache/commons/commons-lang3/3.7/commons-lang3-3.7.jar:/home/user/.m2/repository/org/apache/commons/commons-text/1.4/commons-text-1.4.jar:/home/user/.m2/repository/org/apache/avro/avro/1.7.7/avro-1.7.7.jar:/home/user/.m2/repository/com/thoughtworks/paranamer/paranamer/2.3/paranamer-2.3.jar:/home/user/.m2/repository/org/xerial/snappy/snappy-java/1.0.5/snappy-java-1.0.5.jar:/home/user/.m2/repository/com/google/re2j/re2j/1.1/re2j-1.1.jar:/home/user/.m2/repository/com/google/code/gson/gson/2.2.4/gson-2.2.4.jar:/home/user/.m2/repository/com/jcraft/jsch/0.1.54/jsch-0.1.54.jar:/home/user/.m2/repository/org/apache/curator/curator-client/2.12.0/curator-client-2.12.0.jar:/home/user/.m2/repository/org/apache/curator/curator-recipes/2.12.0/curator-recipes-2.12.0.jar:/home/user/.m2/repository/com/google/code/findbugs/jsr305/3.0.0/jsr305-3.0.0.jar:/home/user/.m2/repository/org/apache/htrace/htrace-core4/4.1.0-incubating/htrace-core4-4.1.0-incubating.jar:/home/user/.m2/repository/org/apache/zookeeper/zookeeper/3.4.13/zookeeper-3.4.13.jar:/home/user/.m2/repository/org/apache/yetus/audience-annotations/0.5.0/audience-annotations-0.5.0.jar:/home/user/.m2/repository/org/codehaus/woodstox/stax2-api/3.1.4/stax2-api-3.1.4.jar:/home/user/.m2/repository/com/fasterxml/woodstox/woodstox-core/5.0.3/woodstox-core-5.0.3.jar:/home/user/.m2/repository/dnsjava/dnsjava/2.1.7/dnsjava-2.1.7.jar:/home/user/.m2/repository/org/apache/hadoop/hadoop-hdfs/3.2.0/hadoop-hdfs-3.2.0-tests.jar:/home/user/.m2/repository/org/eclipse/jetty/jetty-util-ajax/9.3.24.v20180605/jetty-util-ajax-9.3.24.v20180605.jar:/home/user/.m2/repository/commons-daemon/commons-daemon/1.0.13/commons-daemon-1.0.13.jar:/home/user/.m2/repository/io/netty/netty/3.10.5.Final/netty-3.10.5.Final.jar:/home/user/.m2/repository/io/netty/netty-all/4.0.52.Final/netty-all-4.0.52.Final.jar:/home/user/.m2/repository/org/fusesource/leveldbjni/leveldbjni-all/1.8/leveldbjni-all-1.8.jar:"/>
    <property name="sun.cpu.endian" value="little"/>
    <property name="user.home" value="/home/user"/>
    <property name="user.language" value="en"/>
    <property name="java.specification.vendor" value="Oracle Corporation"/>
    <property name="java.home" value="/usr/lib/jvm/java-1.8-openjdk/jre"/>
    <property name="java.security.krb5.conf" value="/workdir/hadoop-ozone/integration-test/target/test-classes/krb5.conf"/>
    <property name="basedir" value="/workdir/hadoop-ozone/integration-test"/>
    <property name="file.separator" value="/"/>
    <property name="line.separator" value="&#10;"/>
    <property name="java.vm.specification.vendor" value="Oracle Corporation"/>
    <property name="java.specification.name" value="Java Platform API Specification"/>
    <property name="java.awt.graphicsenv" value="sun.awt.X11GraphicsEnvironment"/>
    <property name="surefire.real.class.path" value="/workdir/hadoop-ozone/integration-test/target/surefire/surefirebooter1865413055435422776.jar"/>
    <property name="hadoop.log.dir" value="/workdir/hadoop-ozone/integration-test/target/log"/>
    <property name="sun.boot.class.path" value="/usr/lib/jvm/java-1.8-openjdk/jre/lib/resources.jar:/usr/lib/jvm/java-1.8-openjdk/jre/lib/rt.jar:/usr/lib/jvm/java-1.8-openjdk/jre/lib/sunrsasign.jar:/usr/lib/jvm/java-1.8-openjdk/jre/lib/jsse.jar:/usr/lib/jvm/java-1.8-openjdk/jre/lib/jce.jar:/usr/lib/jvm/java-1.8-openjdk/jre/lib/charsets.jar:/usr/lib/jvm/java-1.8-openjdk/jre/lib/jfr.jar:/usr/lib/jvm/java-1.8-openjdk/jre/classes"/>
    <property name="sun.management.compiler" value="HotSpot 64-Bit Tiered Compilers"/>
    <property name="java.runtime.version" value="1.8.0_212-b04"/>
    <property name="java.net.preferIPv4Stack" value="true"/>
    <property name="user.name" value="jenkins1000"/>
    <property name="path.separator" value=":"/>
    <property name="java.security.egd" value="file:///dev/urandom"/>
    <property name="os.version" value="3.10.0-957.12.2.el7.x86_64"/>
    <property name="java.endorsed.dirs" value="/usr/lib/jvm/java-1.8-openjdk/jre/lib/endorsed"/>
    <property name="java.runtime.name" value="OpenJDK Runtime Environment"/>
    <property name="file.encoding" value="UTF-8"/>
    <property name="java.vm.name" value="OpenJDK 64-Bit Server VM"/>
    <property name="test.build.webapps" value=""/>
    <property name="localRepository" value="/home/user/.m2/repository"/>
    <property name="java.vendor.url.bug" value="https://icedtea.classpath.org/bugzilla"/>
    <property name="java.io.tmpdir" value="/tmp"/>
    <property name="require.test.libhadoop" value=""/>
    <property name="java.version" value="1.8.0_212"/>
    <property name="user.dir" value="/workdir/hadoop-ozone/integration-test"/>
    <property name="os.arch" value="amd64"/>
    <property name="java.vm.specification.name" value="Java Virtual Machine Specification"/>
    <property name="test.build.classes" value="/workdir/hadoop-ozone/integration-test/target/test-classes"/>
    <property name="java.awt.printerjob" value="sun.print.PSPrinterJob"/>
    <property name="sun.os.patch.level" value="unknown"/>
    <property name="hadoop.tmp.dir" value="/workdir/hadoop-ozone/integration-test/target/tmp"/>
    <property name="java.library.path" value="/usr/lib/jvm/java-1.8-openjdk/jre/lib/amd64/server:/usr/lib/jvm/java-1.8-openjdk/jre/lib/amd64:/usr/lib/jvm/java-1.8-openjdk/jre/../lib/amd64:/workdir/hadoop-ozone/integration-test/target/native/target/usr/local/lib:/workdir/hadoop-ozone/integration-test/../../hadoop-common-project/hadoop-common/target/native/target/usr/local/lib:/usr/java/packages/lib/amd64:/usr/lib64:/lib64:/lib:/usr/lib"/>
    <property name="java.vm.info" value="mixed mode"/>
    <property name="java.vendor" value="IcedTea"/>
    <property name="java.vm.version" value="25.212-b04"/>
    <property name="java.ext.dirs" value="/usr/lib/jvm/java-1.8-openjdk/jre/lib/ext:/usr/java/packages/lib/ext"/>
    <property name="sun.io.unicode.encoding" value="UnicodeLittle"/>
    <property name="java.class.version" value="52.0"/>
  </properties>
  <testcase name="test2DatanodesFailure" classname="org.apache.hadoop.ozone.client.rpc.TestBlockOutputStreamWithFailures" time="108.828"/>
  <testcase name="testDatanodeFailureWithPreAllocation" classname="org.apache.hadoop.ozone.client.rpc.TestBlockOutputStreamWithFailures" time="224.851"/>
  <testcase name="testDatanodeFailureWithSingleNodeRatis" classname="org.apache.hadoop.ozone.client.rpc.TestBlockOutputStreamWithFailures" time="224.682"/>
  <testcase name="testWatchForCommitWithSingleNodeRatis" classname="org.apache.hadoop.ozone.client.rpc.TestBlockOutputStreamWithFailures" time="34.027"/>
  <testcase name="testWatchForCommitDatanodeFailure" classname="org.apache.hadoop.ozone.client.rpc.TestBlockOutputStreamWithFailures" time="43.029">
    <failure message="expected:&lt;2&gt; but was:&lt;3&gt;" type="java.lang.AssertionError"><![CDATA[java.lang.AssertionError: expected:<2> but was:<3>
	at org.junit.Assert.fail(Assert.java:88)
	at org.junit.Assert.failNotEquals(Assert.java:743)
	at org.junit.Assert.assertEquals(Assert.java:118)
	at org.junit.Assert.assertEquals(Assert.java:555)
	at org.junit.Assert.assertEquals(Assert.java:542)
	at org.apache.hadoop.ozone.client.rpc.TestBlockOutputStreamWithFailures.testWatchForCommitDatanodeFailure(TestBlockOutputStreamWithFailures.java:366)
	at sun.reflect.NativeMethodAccessorImpl.invoke0(Native Method)
	at sun.reflect.NativeMethodAccessorImpl.invoke(NativeMethodAccessorImpl.java:62)
	at sun.reflect.DelegatingMethodAccessorImpl.invoke(DelegatingMethodAccessorImpl.java:43)
	at java.lang.reflect.Method.invoke(Method.java:498)
	at org.junit.runners.model.FrameworkMethod$1.runReflectiveCall(FrameworkMethod.java:47)
	at org.junit.internal.runners.model.ReflectiveCallable.run(ReflectiveCallable.java:12)
	at org.junit.runners.model.FrameworkMethod.invokeExplosively(FrameworkMethod.java:44)
	at org.junit.internal.runners.statements.InvokeMethod.evaluate(InvokeMethod.java:17)
	at org.junit.internal.runners.statements.RunBefores.evaluate(RunBefores.java:26)
	at org.junit.internal.runners.statements.RunAfters.evaluate(RunAfters.java:27)
	at org.junit.runners.ParentRunner.runLeaf(ParentRunner.java:271)
	at org.junit.runners.BlockJUnit4ClassRunner.runChild(BlockJUnit4ClassRunner.java:70)
	at org.junit.runners.BlockJUnit4ClassRunner.runChild(BlockJUnit4ClassRunner.java:50)
	at org.junit.runners.ParentRunner$3.run(ParentRunner.java:238)
	at org.junit.runners.ParentRunner$1.schedule(ParentRunner.java:63)
	at org.junit.runners.ParentRunner.runChildren(ParentRunner.java:236)
	at org.junit.runners.ParentRunner.access$000(ParentRunner.java:53)
	at org.junit.runners.ParentRunner$2.evaluate(ParentRunner.java:229)
	at org.junit.runners.ParentRunner.run(ParentRunner.java:309)
	at org.apache.maven.surefire.junit4.JUnit4Provider.execute(JUnit4Provider.java:365)
	at org.apache.maven.surefire.junit4.JUnit4Provider.executeWithRerun(JUnit4Provider.java:273)
	at org.apache.maven.surefire.junit4.JUnit4Provider.executeTestSet(JUnit4Provider.java:238)
	at org.apache.maven.surefire.junit4.JUnit4Provider.invoke(JUnit4Provider.java:159)
	at org.apache.maven.surefire.booter.ForkedBooter.invokeProviderInSameClassLoader(ForkedBooter.java:384)
	at org.apache.maven.surefire.booter.ForkedBooter.runSuitesInProcess(ForkedBooter.java:345)
	at org.apache.maven.surefire.booter.ForkedBooter.execute(ForkedBooter.java:126)
	at org.apache.maven.surefire.booter.ForkedBooter.main(ForkedBooter.java:418)
]]></failure>
    <system-out><![CDATA[2019-08-24 03:33:34,161 WARN  server.ServerUtils (ServerUtils.java:getScmDbDir(145)) - ozone.scm.db.dirs is not configured. We recommend adding this setting. Falling back to ozone.metadata.dirs instead.
2019-08-24 03:33:34,178 WARN  server.ServerUtils (ServerUtils.java:getScmDbDir(145)) - ozone.scm.db.dirs is not configured. We recommend adding this setting. Falling back to ozone.metadata.dirs instead.
2019-08-24 03:33:34,178 WARN  server.ServerUtils (ServerUtils.java:getScmDbDir(145)) - ozone.scm.db.dirs is not configured. We recommend adding this setting. Falling back to ozone.metadata.dirs instead.
2019-08-24 03:33:34,178 INFO  db.DBStoreBuilder (DBStoreBuilder.java:addTable(110)) - using custom profile for table: deletedBlocks
2019-08-24 03:33:34,179 INFO  db.DBStoreBuilder (DBStoreBuilder.java:processTables(161)) - Using default column profile:DBProfile.DISK for Table:deletedBlocks
2019-08-24 03:33:34,179 INFO  db.DBStoreBuilder (DBStoreBuilder.java:addTable(110)) - using custom profile for table: validCerts
2019-08-24 03:33:34,179 INFO  db.DBStoreBuilder (DBStoreBuilder.java:processTables(161)) - Using default column profile:DBProfile.DISK for Table:validCerts
2019-08-24 03:33:34,179 INFO  db.DBStoreBuilder (DBStoreBuilder.java:addTable(110)) - using custom profile for table: revokedCerts
2019-08-24 03:33:34,179 INFO  db.DBStoreBuilder (DBStoreBuilder.java:processTables(161)) - Using default column profile:DBProfile.DISK for Table:revokedCerts
2019-08-24 03:33:34,179 INFO  db.DBStoreBuilder (DBStoreBuilder.java:addTable(110)) - using custom profile for table: default
2019-08-24 03:33:34,180 INFO  db.DBStoreBuilder (DBStoreBuilder.java:processTables(167)) - Using default column profile:DBProfile.DISK for Table:default
2019-08-24 03:33:34,180 INFO  db.DBStoreBuilder (DBStoreBuilder.java:getDbProfile(198)) - Using default options. DBProfile.DISK
2019-08-24 03:33:34,321 INFO  net.NodeSchemaLoader (NodeSchemaLoader.java:loadSchemaFromFile(125)) - Loading file from sun.misc.CompoundEnumeration@396a4dea
2019-08-24 03:33:34,322 INFO  net.NodeSchemaLoader (NodeSchemaLoader.java:loadSchema(171)) - Loading network topology layer schema file
2019-08-24 03:33:34,326 INFO  node.SCMNodeManager (SCMNodeManager.java:<init>(121)) - Entering startup safe mode.
2019-08-24 03:33:34,327 WARN  server.ServerUtils (ServerUtils.java:getScmDbDir(145)) - ozone.scm.db.dirs is not configured. We recommend adding this setting. Falling back to ozone.metadata.dirs instead.
2019-08-24 03:33:34,374 INFO  pipeline.SCMPipelineManager (SCMPipelineManager.java:initializePipelineState(126)) - No pipeline exists in current db
2019-08-24 03:33:34,374 WARN  server.ServerUtils (ServerUtils.java:getScmDbDir(145)) - ozone.scm.db.dirs is not configured. We recommend adding this setting. Falling back to ozone.metadata.dirs instead.
2019-08-24 03:33:34,426 WARN  events.EventQueue (EventQueue.java:fireEvent(175)) - No event handler registered for event TypedEvent{payloadType=SafeModeStatus, name='SafeModeStatus'}
2019-08-24 03:33:34,427 INFO  ipc.CallQueueManager (CallQueueManager.java:<init>(84)) - Using callQueue: class java.util.concurrent.LinkedBlockingQueue, queueCapacity: 2000, scheduler: class org.apache.hadoop.ipc.DefaultRpcScheduler, ipcBackoff: false.
2019-08-24 03:33:34,429 INFO  ipc.Server (Server.java:run(1074)) - Starting Socket Reader #1 for port 33799
2019-08-24 03:33:34,431 INFO  ipc.CallQueueManager (CallQueueManager.java:<init>(84)) - Using callQueue: class java.util.concurrent.LinkedBlockingQueue, queueCapacity: 2000, scheduler: class org.apache.hadoop.ipc.DefaultRpcScheduler, ipcBackoff: false.
2019-08-24 03:33:34,432 INFO  ipc.Server (Server.java:run(1074)) - Starting Socket Reader #1 for port 37745
2019-08-24 03:33:34,433 INFO  ipc.CallQueueManager (CallQueueManager.java:<init>(84)) - Using callQueue: class java.util.concurrent.LinkedBlockingQueue, queueCapacity: 2000, scheduler: class org.apache.hadoop.ipc.DefaultRpcScheduler, ipcBackoff: false.
2019-08-24 03:33:34,435 INFO  ipc.Server (Server.java:run(1074)) - Starting Socket Reader #1 for port 42640
2019-08-24 03:33:34,439 INFO  hdfs.DFSUtil (DFSUtil.java:httpServerTemplateForNNAndJN(1641)) - Starting Web-server for scm at: http://0.0.0.0:0
2019-08-24 03:33:34,441 INFO  server.AuthenticationFilter (AuthenticationFilter.java:constructSecretProvider(240)) - Unable to initialize FileSignerSecretProvider, falling back to use random secrets.
2019-08-24 03:33:34,442 WARN  http.HttpRequestLog (HttpRequestLog.java:getRequestLog(97)) - Jetty request log can only be enabled using Log4j
2019-08-24 03:33:34,444 INFO  http.HttpServer2 (HttpServer2.java:addGlobalFilter(975)) - Added global filter 'safety' (class=org.apache.hadoop.http.HttpServer2$QuotingInputFilter)
2019-08-24 03:33:34,445 INFO  http.HttpServer2 (HttpServer2.java:addFilter(948)) - Added filter static_user_filter (class=org.apache.hadoop.http.lib.StaticUserWebFilter$StaticUserFilter) to context scm
2019-08-24 03:33:34,445 INFO  http.HttpServer2 (HttpServer2.java:addFilter(958)) - Added filter static_user_filter (class=org.apache.hadoop.http.lib.StaticUserWebFilter$StaticUserFilter) to context static
2019-08-24 03:33:34,445 INFO  http.HttpServer2 (HttpServer2.java:addFilter(958)) - Added filter static_user_filter (class=org.apache.hadoop.http.lib.StaticUserWebFilter$StaticUserFilter) to context logs
2019-08-24 03:33:34,447 INFO  server.StorageContainerManager (StorageContainerManager.java:start(759)) - StorageContainerLocationProtocol RPC server is listening at /0.0.0.0:42640
2019-08-24 03:33:34,450 WARN  impl.MetricsConfig (MetricsConfig.java:loadFirst(134)) - Cannot locate configuration: tried hadoop-metrics2-storagecontainermanager.properties,hadoop-metrics2.properties
2019-08-24 03:33:34,451 INFO  impl.MetricsSystemImpl (MetricsSystemImpl.java:startTimer(374)) - Scheduled Metric snapshot period at 10 second(s).
2019-08-24 03:33:34,451 INFO  impl.MetricsSystemImpl (MetricsSystemImpl.java:start(191)) - StorageContainerManager metrics system started
2019-08-24 03:33:34,529 INFO  server.SCMClientProtocolServer (SCMClientProtocolServer.java:start(151)) - RPC server for Client  is listening at /0.0.0.0:42640
2019-08-24 03:33:34,529 INFO  ipc.Server (Server.java:run(1314)) - IPC Server Responder: starting
2019-08-24 03:33:34,529 INFO  ipc.Server (Server.java:run(1153)) - IPC Server listener on 42640: starting
2019-08-24 03:33:34,533 INFO  server.StorageContainerManager (StorageContainerManager.java:start(769)) - ScmBlockLocationProtocol RPC server is listening at /0.0.0.0:37745
2019-08-24 03:33:34,533 INFO  server.SCMBlockProtocolServer (SCMBlockProtocolServer.java:start(140)) - RPC server for Block Protocol is listening at /0.0.0.0:37745
2019-08-24 03:33:34,533 INFO  ipc.Server (Server.java:run(1314)) - IPC Server Responder: starting
2019-08-24 03:33:34,533 INFO  ipc.Server (Server.java:run(1153)) - IPC Server listener on 37745: starting
2019-08-24 03:33:34,537 INFO  server.StorageContainerManager (StorageContainerManager.java:start(773)) - ScmDatanodeProtocl RPC server is listening at /0.0.0.0:33799
2019-08-24 03:33:34,537 INFO  server.SCMDatanodeProtocolServer (SCMDatanodeProtocolServer.java:start(191)) - RPC server for DataNodes is listening at /0.0.0.0:33799
2019-08-24 03:33:34,538 INFO  ipc.Server (Server.java:run(1314)) - IPC Server Responder: starting
2019-08-24 03:33:34,538 INFO  ipc.Server (Server.java:run(1153)) - IPC Server listener on 33799: starting
2019-08-24 03:33:34,542 INFO  http.HttpServer2 (HttpServer2.java:bindListener(1191)) - Jetty bound to port 43512
2019-08-24 03:33:34,542 INFO  server.Server (Server.java:doStart(351)) - jetty-9.3.24.v20180605, build timestamp: 2018-06-05T17:11:56Z, git hash: 84205aa28f11a4f31f2a3b86d1bba2cc8ab69827
2019-08-24 03:33:34,544 INFO  handler.ContextHandler (ContextHandler.java:doStart(781)) - Started o.e.j.s.ServletContextHandler@4ecc4b43{/logs,file:///workdir/hadoop-ozone/integration-test/target/log,AVAILABLE}
2019-08-24 03:33:34,545 INFO  handler.ContextHandler (ContextHandler.java:doStart(781)) - Started o.e.j.s.ServletContextHandler@1d12eff1{/static,file:///workdir/hadoop-ozone/integration-test/target/test-classes/webapps/static,AVAILABLE}
2019-08-24 03:33:34,550 INFO  handler.ContextHandler (ContextHandler.java:doStart(781)) - Started o.e.j.w.WebAppContext@d640fe6{/,file:///workdir/hadoop-ozone/integration-test/target/test-classes/webapps/scm/,AVAILABLE}{/scm}
2019-08-24 03:33:34,551 INFO  server.AbstractConnector (AbstractConnector.java:doStart(278)) - Started ServerConnector@14f08a97{HTTP/1.1,[http/1.1]}{0.0.0.0:43512}
2019-08-24 03:33:34,552 INFO  server.Server (Server.java:doStart(419)) - Started @593386ms
2019-08-24 03:33:34,554 INFO  server.BaseHttpServer (BaseHttpServer.java:updateConnectorAddress(207)) - HTTP server of SCM is listening at http://0.0.0.0:43512
2019-08-24 03:33:34,554 WARN  server.ServerUtils (ServerUtils.java:getDBPath(222)) - ozone.om.db.dirs is not configured. We recommend adding this setting. Falling back to ozone.metadata.dirs instead.
2019-08-24 03:33:34,554 INFO  util.JvmPauseMonitor (JvmPauseMonitor.java:run(188)) - Starting JVM pause monitor
2019-08-24 03:33:34,568 WARN  server.ServerUtils (ServerUtils.java:getDBPath(222)) - ozone.om.db.dirs is not configured. We recommend adding this setting. Falling back to ozone.metadata.dirs instead.
2019-08-24 03:33:34,569 WARN  server.ServerUtils (ServerUtils.java:getDBPath(222)) - ozone.om.db.dirs is not configured. We recommend adding this setting. Falling back to ozone.metadata.dirs instead.
2019-08-24 03:33:34,569 INFO  om.OzoneManager (OzoneManager.java:setOMNodeDetails(645)) - OM Service ID is not set. Setting it to the default ID: omServiceIdDefault
2019-08-24 03:33:34,569 INFO  om.OzoneManager (OzoneManager.java:setOMNodeDetails(651)) - OM Node ID is not set. Setting it to the OmStorage's OmID: 4ced06c7-cbc8-4caf-a4d4-45038fed8071
2019-08-24 03:33:34,569 INFO  om.OzoneManager (OzoneManager.java:loadOMHAConfigs(602)) - Found matching OM address with OMServiceId: null, OMNodeId: null, RPC Address: localhost:0 and Ratis port: 9872
2019-08-24 03:33:34,573 | INFO  | SCMAudit | user=jenkins1000 | ip=192.168.69.87 | op=GET_SCM_INFO null | ret=SUCCESS |  
2019-08-24 03:33:34,577 WARN  server.ServerUtils (ServerUtils.java:getDBPath(222)) - ozone.om.db.dirs is not configured. We recommend adding this setting. Falling back to ozone.metadata.dirs instead.
2019-08-24 03:33:34,577 INFO  db.DBStoreBuilder (DBStoreBuilder.java:addTable(110)) - using custom profile for table: userTable
2019-08-24 03:33:34,577 INFO  db.DBStoreBuilder (DBStoreBuilder.java:processTables(161)) - Using default column profile:DBProfile.DISK for Table:userTable
2019-08-24 03:33:34,577 INFO  db.DBStoreBuilder (DBStoreBuilder.java:addTable(110)) - using custom profile for table: volumeTable
2019-08-24 03:33:34,577 INFO  db.DBStoreBuilder (DBStoreBuilder.java:processTables(161)) - Using default column profile:DBProfile.DISK for Table:volumeTable
2019-08-24 03:33:34,578 INFO  db.DBStoreBuilder (DBStoreBuilder.java:addTable(110)) - using custom profile for table: bucketTable
2019-08-24 03:33:34,578 INFO  db.DBStoreBuilder (DBStoreBuilder.java:processTables(161)) - Using default column profile:DBProfile.DISK for Table:bucketTable
2019-08-24 03:33:34,578 INFO  db.DBStoreBuilder (DBStoreBuilder.java:addTable(110)) - using custom profile for table: keyTable
2019-08-24 03:33:34,578 INFO  db.DBStoreBuilder (DBStoreBuilder.java:processTables(161)) - Using default column profile:DBProfile.DISK for Table:keyTable
2019-08-24 03:33:34,578 INFO  db.DBStoreBuilder (DBStoreBuilder.java:addTable(110)) - using custom profile for table: deletedTable
2019-08-24 03:33:34,579 INFO  db.DBStoreBuilder (DBStoreBuilder.java:processTables(161)) - Using default column profile:DBProfile.DISK for Table:deletedTable
2019-08-24 03:33:34,579 INFO  db.DBStoreBuilder (DBStoreBuilder.java:addTable(110)) - using custom profile for table: openKeyTable
2019-08-24 03:33:34,579 INFO  db.DBStoreBuilder (DBStoreBuilder.java:processTables(161)) - Using default column profile:DBProfile.DISK for Table:openKeyTable
2019-08-24 03:33:34,579 INFO  db.DBStoreBuilder (DBStoreBuilder.java:addTable(110)) - using custom profile for table: s3Table
2019-08-24 03:33:34,579 INFO  db.DBStoreBuilder (DBStoreBuilder.java:processTables(161)) - Using default column profile:DBProfile.DISK for Table:s3Table
2019-08-24 03:33:34,580 INFO  db.DBStoreBuilder (DBStoreBuilder.java:addTable(110)) - using custom profile for table: multipartInfoTable
2019-08-24 03:33:34,580 INFO  db.DBStoreBuilder (DBStoreBuilder.java:processTables(161)) - Using default column profile:DBProfile.DISK for Table:multipartInfoTable
2019-08-24 03:33:34,580 INFO  db.DBStoreBuilder (DBStoreBuilder.java:addTable(110)) - using custom profile for table: dTokenTable
2019-08-24 03:33:34,580 INFO  db.DBStoreBuilder (DBStoreBuilder.java:processTables(161)) - Using default column profile:DBProfile.DISK for Table:dTokenTable
2019-08-24 03:33:34,580 INFO  db.DBStoreBuilder (DBStoreBuilder.java:addTable(110)) - using custom profile for table: s3SecretTable
2019-08-24 03:33:34,580 INFO  db.DBStoreBuilder (DBStoreBuilder.java:processTables(161)) - Using default column profile:DBProfile.DISK for Table:s3SecretTable
2019-08-24 03:33:34,581 INFO  db.DBStoreBuilder (DBStoreBuilder.java:addTable(110)) - using custom profile for table: prefixTable
2019-08-24 03:33:34,581 INFO  db.DBStoreBuilder (DBStoreBuilder.java:processTables(161)) - Using default column profile:DBProfile.DISK for Table:prefixTable
2019-08-24 03:33:34,581 INFO  db.DBStoreBuilder (DBStoreBuilder.java:addTable(110)) - using custom profile for table: default
2019-08-24 03:33:34,581 INFO  db.DBStoreBuilder (DBStoreBuilder.java:processTables(167)) - Using default column profile:DBProfile.DISK for Table:default
2019-08-24 03:33:34,581 INFO  db.DBStoreBuilder (DBStoreBuilder.java:getDbProfile(198)) - Using default options. DBProfile.DISK
2019-08-24 03:33:35,047 INFO  ipc.CallQueueManager (CallQueueManager.java:<init>(84)) - Using callQueue: class java.util.concurrent.LinkedBlockingQueue, queueCapacity: 2000, scheduler: class org.apache.hadoop.ipc.DefaultRpcScheduler, ipcBackoff: false.
2019-08-24 03:33:35,051 INFO  ipc.Server (Server.java:run(1074)) - Starting Socket Reader #1 for port 35290
2019-08-24 03:33:35,066 INFO  om.OzoneManager (OzoneManager.java:start(1256)) - OzoneManager RPC server is listening at localhost/127.0.0.1:35290
2019-08-24 03:33:35,066 INFO  impl.MetricsSystemImpl (MetricsSystemImpl.java:init(158)) - OzoneManager metrics system started (again)
2019-08-24 03:33:35,067 INFO  ipc.Server (Server.java:run(1314)) - IPC Server Responder: starting
2019-08-24 03:33:35,067 INFO  ipc.Server (Server.java:run(1153)) - IPC Server listener on 35290: starting
2019-08-24 03:33:35,072 INFO  hdfs.DFSUtil (DFSUtil.java:httpServerTemplateForNNAndJN(1641)) - Starting Web-server for ozoneManager at: http://0.0.0.0:0
2019-08-24 03:33:35,073 INFO  server.AuthenticationFilter (AuthenticationFilter.java:constructSecretProvider(240)) - Unable to initialize FileSignerSecretProvider, falling back to use random secrets.
2019-08-24 03:33:35,073 WARN  http.HttpRequestLog (HttpRequestLog.java:getRequestLog(97)) - Jetty request log can only be enabled using Log4j
2019-08-24 03:33:35,075 INFO  http.HttpServer2 (HttpServer2.java:addGlobalFilter(975)) - Added global filter 'safety' (class=org.apache.hadoop.http.HttpServer2$QuotingInputFilter)
2019-08-24 03:33:35,075 INFO  http.HttpServer2 (HttpServer2.java:addFilter(948)) - Added filter static_user_filter (class=org.apache.hadoop.http.lib.StaticUserWebFilter$StaticUserFilter) to context ozoneManager
2019-08-24 03:33:35,075 INFO  http.HttpServer2 (HttpServer2.java:addFilter(958)) - Added filter static_user_filter (class=org.apache.hadoop.http.lib.StaticUserWebFilter$StaticUserFilter) to context logs
2019-08-24 03:33:35,075 INFO  http.HttpServer2 (HttpServer2.java:addFilter(958)) - Added filter static_user_filter (class=org.apache.hadoop.http.lib.StaticUserWebFilter$StaticUserFilter) to context static
2019-08-24 03:33:35,076 INFO  http.HttpServer2 (HttpServer2.java:bindListener(1191)) - Jetty bound to port 33792
2019-08-24 03:33:35,076 INFO  server.Server (Server.java:doStart(351)) - jetty-9.3.24.v20180605, build timestamp: 2018-06-05T17:11:56Z, git hash: 84205aa28f11a4f31f2a3b86d1bba2cc8ab69827
2019-08-24 03:33:35,077 INFO  handler.ContextHandler (ContextHandler.java:doStart(781)) - Started o.e.j.s.ServletContextHandler@5e609b42{/logs,file:///workdir/hadoop-ozone/integration-test/target/log,AVAILABLE}
2019-08-24 03:33:35,078 INFO  handler.ContextHandler (ContextHandler.java:doStart(781)) - Started o.e.j.s.ServletContextHandler@24673720{/static,file:///workdir/hadoop-ozone/integration-test/target/test-classes/webapps/static,AVAILABLE}
2019-08-24 03:33:35,081 INFO  handler.ContextHandler (ContextHandler.java:doStart(781)) - Started o.e.j.w.WebAppContext@54626326{/,file:///workdir/hadoop-ozone/integration-test/target/test-classes/webapps/ozoneManager/,AVAILABLE}{/ozoneManager}
2019-08-24 03:33:35,081 INFO  server.AbstractConnector (AbstractConnector.java:doStart(278)) - Started ServerConnector@6f4e39b3{HTTP/1.1,[http/1.1]}{0.0.0.0:33792}
2019-08-24 03:33:35,082 INFO  server.Server (Server.java:doStart(419)) - Started @593917ms
2019-08-24 03:33:35,083 INFO  server.BaseHttpServer (BaseHttpServer.java:updateConnectorAddress(207)) - HTTP server of OZONEMANAGER is listening at http://0.0.0.0:33792
2019-08-24 03:33:35,094 INFO  impl.MetricsSystemImpl (MetricsSystemImpl.java:init(158)) - HddsDatanode metrics system started (again)
2019-08-24 03:33:35,096 INFO  ozone.HddsDatanodeService (HddsDatanodeService.java:start(184)) - HddsDatanodeService host:byscane-nightly-sgbhv-2167721923 ip:192.168.69.87
2019-08-24 03:33:35,105 INFO  volume.HddsVolume (HddsVolume.java:<init>(176)) - Creating Volume: /workdir/hadoop-ozone/integration-test/target/test-dir/MiniOzoneClusterImpl-581dd6e5-c089-4ac1-8c4d-803d6bc9a32c/datanode-0/data/containers/hdds of  storage type : DISK and capacity : 1482555576320
2019-08-24 03:33:35,105 INFO  volume.VolumeSet (VolumeSet.java:initializeVolumeSet(170)) - Added Volume : /workdir/hadoop-ozone/integration-test/target/test-dir/MiniOzoneClusterImpl-581dd6e5-c089-4ac1-8c4d-803d6bc9a32c/datanode-0/data/containers/hdds to VolumeSet
2019-08-24 03:33:35,105 INFO  volume.ThrottledAsyncChecker (ThrottledAsyncChecker.java:schedule(140)) - Scheduling a check for org.apache.hadoop.ozone.container.common.volume.HddsVolume@16117d9
2019-08-24 03:33:35,106 INFO  volume.HddsVolumeChecker (HddsVolumeChecker.java:checkAllVolumes(203)) - Scheduled health check for volume org.apache.hadoop.ozone.container.common.volume.HddsVolume@16117d9
2019-08-24 03:33:35,118 INFO  impl.RaftServerProxy (ConfUtils.java:logGet(43)) - raft.rpc.type = GRPC (default)
2019-08-24 03:33:35,119 INFO  grpc.GrpcFactory (GrpcFactory.java:checkPooledByteBufAllocatorUseCacheForAllThreads(45)) - PERFORMANCE WARNING: useCacheForAllThreads is true that may cause Netty to create a lot garbage objects and, as a result, trigger GC.
	It is recommended to disable useCacheForAllThreads by setting -Dorg.apache.ratis.thirdparty.io.netty.allocator.useCacheForAllThreads=false in command line.
2019-08-24 03:33:35,119 INFO  grpc.GrpcConfigKeys$Server (ConfUtils.java:logGet(43)) - raft.grpc.server.port = 0 (default)
2019-08-24 03:33:35,119 INFO  server.GrpcService (ConfUtils.java:logGet(43)) - raft.grpc.message.size.max = 33570816 (custom)
2019-08-24 03:33:35,119 INFO  server.RaftServerConfigKeys (ConfUtils.java:logGet(43)) - raft.server.log.appender.buffer.byte-limit = 33554432 (custom)
2019-08-24 03:33:35,119 INFO  server.GrpcService (ConfUtils.java:logGet(43)) - raft.grpc.flow.control.window = 1MB (=1048576) (default)
2019-08-24 03:33:35,120 INFO  server.RaftServerConfigKeys (ConfUtils.java:logGet(43)) - raft.server.rpc.request.timeout = 3000ms (default)
2019-08-24 03:33:35,120 INFO  server.RaftServerConfigKeys (ConfUtils.java:logGet(43)) - raft.server.storage.dir = [/workdir/hadoop-ozone/integration-test/target/test-dir/MiniOzoneClusterImpl-581dd6e5-c089-4ac1-8c4d-803d6bc9a32c/datanode-0/data/ratis] (custom)
2019-08-24 03:33:35,121 INFO  replication.SimpleContainerDownloader (SimpleContainerDownloader.java:<init>(72)) - Starting container downloader service to copy containers to replicate.
2019-08-24 03:33:35,122 INFO  hdfs.DFSUtil (DFSUtil.java:httpServerTemplateForNNAndJN(1641)) - Starting Web-server for hddsDatanode at: http://0.0.0.0:0
2019-08-24 03:33:35,123 INFO  server.AuthenticationFilter (AuthenticationFilter.java:constructSecretProvider(240)) - Unable to initialize FileSignerSecretProvider, falling back to use random secrets.
2019-08-24 03:33:35,123 WARN  http.HttpRequestLog (HttpRequestLog.java:getRequestLog(97)) - Jetty request log can only be enabled using Log4j
2019-08-24 03:33:35,124 INFO  http.HttpServer2 (HttpServer2.java:addGlobalFilter(975)) - Added global filter 'safety' (class=org.apache.hadoop.http.HttpServer2$QuotingInputFilter)
2019-08-24 03:33:35,124 INFO  http.HttpServer2 (HttpServer2.java:addFilter(948)) - Added filter static_user_filter (class=org.apache.hadoop.http.lib.StaticUserWebFilter$StaticUserFilter) to context hddsDatanode
2019-08-24 03:33:35,125 INFO  http.HttpServer2 (HttpServer2.java:addFilter(958)) - Added filter static_user_filter (class=org.apache.hadoop.http.lib.StaticUserWebFilter$StaticUserFilter) to context logs
2019-08-24 03:33:35,125 INFO  http.HttpServer2 (HttpServer2.java:addFilter(958)) - Added filter static_user_filter (class=org.apache.hadoop.http.lib.StaticUserWebFilter$StaticUserFilter) to context static
2019-08-24 03:33:35,125 INFO  http.HttpServer2 (HttpServer2.java:bindListener(1191)) - Jetty bound to port 45380
2019-08-24 03:33:35,126 INFO  server.Server (Server.java:doStart(351)) - jetty-9.3.24.v20180605, build timestamp: 2018-06-05T17:11:56Z, git hash: 84205aa28f11a4f31f2a3b86d1bba2cc8ab69827
2019-08-24 03:33:35,127 INFO  handler.ContextHandler (ContextHandler.java:doStart(781)) - Started o.e.j.s.ServletContextHandler@39d4f046{/logs,file:///workdir/hadoop-ozone/integration-test/target/log,AVAILABLE}
2019-08-24 03:33:35,127 INFO  handler.ContextHandler (ContextHandler.java:doStart(781)) - Started o.e.j.s.ServletContextHandler@6e2764c9{/static,jar:file:/home/user/.m2/repository/org/apache/hadoop/hadoop-hdds-container-service/0.4.1-SNAPSHOT/hadoop-hdds-container-service-0.4.1-SNAPSHOT.jar!/webapps/static,AVAILABLE}
2019-08-24 03:33:35,154 INFO  handler.ContextHandler (ContextHandler.java:doStart(781)) - Started o.e.j.w.WebAppContext@30fffb53{/,file:///tmp/jetty-0.0.0.0-45380-hddsDatanode-_-any-2429190413219616268.dir/webapp/,AVAILABLE}{/hddsDatanode}
2019-08-24 03:33:35,154 INFO  server.AbstractConnector (AbstractConnector.java:doStart(278)) - Started ServerConnector@738b93a8{HTTP/1.1,[http/1.1]}{0.0.0.0:45380}
2019-08-24 03:33:35,155 INFO  server.Server (Server.java:doStart(419)) - Started @593990ms
2019-08-24 03:33:35,156 INFO  server.BaseHttpServer (BaseHttpServer.java:updateConnectorAddress(207)) - HTTP server of HDDSDATANODE is listening at http://0.0.0.0:45380
2019-08-24 03:33:35,291 | INFO  | ObjectStoreRestHttpServer | Listening HDDS REST traffic on /0.0.0.0:39813 |  
2019-08-24 03:33:35,291 INFO  ozone.HddsDatanodeService (HddsDatanodeService.java:startPlugins(395)) - Started plug-in org.apache.hadoop.ozone.web.OzoneHddsDatanodeService@5ab0168
2019-08-24 03:33:35,291 INFO  impl.MetricsSystemImpl (MetricsSystemImpl.java:init(158)) - HddsDatanode metrics system started (again)
2019-08-24 03:33:35,294 INFO  util.JvmPauseMonitor (JvmPauseMonitor.java:run(188)) - Starting JVM pause monitor
2019-08-24 03:33:35,294 INFO  ozone.HddsDatanodeService (HddsDatanodeService.java:start(184)) - HddsDatanodeService host:byscane-nightly-sgbhv-2167721923 ip:192.168.69.87
2019-08-24 03:33:35,296 INFO  datanode.InitDatanodeState (InitDatanodeState.java:persistContainerDatanodeDetails(140)) - DatanodeDetails is persisted to /workdir/hadoop-ozone/integration-test/target/test-dir/MiniOzoneClusterImpl-581dd6e5-c089-4ac1-8c4d-803d6bc9a32c/datanode-0/meta/datanode.id
2019-08-24 03:33:35,305 INFO  volume.HddsVolume (HddsVolume.java:<init>(176)) - Creating Volume: /workdir/hadoop-ozone/integration-test/target/test-dir/MiniOzoneClusterImpl-581dd6e5-c089-4ac1-8c4d-803d6bc9a32c/datanode-1/data/containers/hdds of  storage type : DISK and capacity : 1482555576320
2019-08-24 03:33:35,305 INFO  volume.VolumeSet (VolumeSet.java:initializeVolumeSet(170)) - Added Volume : /workdir/hadoop-ozone/integration-test/target/test-dir/MiniOzoneClusterImpl-581dd6e5-c089-4ac1-8c4d-803d6bc9a32c/datanode-1/data/containers/hdds to VolumeSet
2019-08-24 03:33:35,305 INFO  volume.ThrottledAsyncChecker (ThrottledAsyncChecker.java:schedule(140)) - Scheduling a check for org.apache.hadoop.ozone.container.common.volume.HddsVolume@25865fca
2019-08-24 03:33:35,306 INFO  volume.HddsVolumeChecker (HddsVolumeChecker.java:checkAllVolumes(203)) - Scheduled health check for volume org.apache.hadoop.ozone.container.common.volume.HddsVolume@25865fca
2019-08-24 03:33:35,323 INFO  impl.RaftServerProxy (ConfUtils.java:logGet(43)) - raft.rpc.type = GRPC (default)
2019-08-24 03:33:35,324 INFO  grpc.GrpcFactory (GrpcFactory.java:checkPooledByteBufAllocatorUseCacheForAllThreads(45)) - PERFORMANCE WARNING: useCacheForAllThreads is true that may cause Netty to create a lot garbage objects and, as a result, trigger GC.
	It is recommended to disable useCacheForAllThreads by setting -Dorg.apache.ratis.thirdparty.io.netty.allocator.useCacheForAllThreads=false in command line.
2019-08-24 03:33:35,324 INFO  grpc.GrpcConfigKeys$Server (ConfUtils.java:logGet(43)) - raft.grpc.server.port = 0 (default)
2019-08-24 03:33:35,324 INFO  server.GrpcService (ConfUtils.java:logGet(43)) - raft.grpc.message.size.max = 33570816 (custom)
2019-08-24 03:33:35,324 INFO  server.RaftServerConfigKeys (ConfUtils.java:logGet(43)) - raft.server.log.appender.buffer.byte-limit = 33554432 (custom)
2019-08-24 03:33:35,324 INFO  server.GrpcService (ConfUtils.java:logGet(43)) - raft.grpc.flow.control.window = 1MB (=1048576) (default)
2019-08-24 03:33:35,325 INFO  server.RaftServerConfigKeys (ConfUtils.java:logGet(43)) - raft.server.rpc.request.timeout = 3000ms (default)
2019-08-24 03:33:35,325 INFO  server.RaftServerConfigKeys (ConfUtils.java:logGet(43)) - raft.server.storage.dir = [/workdir/hadoop-ozone/integration-test/target/test-dir/MiniOzoneClusterImpl-581dd6e5-c089-4ac1-8c4d-803d6bc9a32c/datanode-1/data/ratis] (custom)
2019-08-24 03:33:35,326 INFO  replication.SimpleContainerDownloader (SimpleContainerDownloader.java:<init>(72)) - Starting container downloader service to copy containers to replicate.
2019-08-24 03:33:35,327 INFO  hdfs.DFSUtil (DFSUtil.java:httpServerTemplateForNNAndJN(1641)) - Starting Web-server for hddsDatanode at: http://0.0.0.0:0
2019-08-24 03:33:35,329 INFO  server.AuthenticationFilter (AuthenticationFilter.java:constructSecretProvider(240)) - Unable to initialize FileSignerSecretProvider, falling back to use random secrets.
2019-08-24 03:33:35,329 WARN  http.HttpRequestLog (HttpRequestLog.java:getRequestLog(97)) - Jetty request log can only be enabled using Log4j
2019-08-24 03:33:35,330 INFO  http.HttpServer2 (HttpServer2.java:addGlobalFilter(975)) - Added global filter 'safety' (class=org.apache.hadoop.http.HttpServer2$QuotingInputFilter)
2019-08-24 03:33:35,331 INFO  http.HttpServer2 (HttpServer2.java:addFilter(948)) - Added filter static_user_filter (class=org.apache.hadoop.http.lib.StaticUserWebFilter$StaticUserFilter) to context hddsDatanode
2019-08-24 03:33:35,331 INFO  http.HttpServer2 (HttpServer2.java:addFilter(958)) - Added filter static_user_filter (class=org.apache.hadoop.http.lib.StaticUserWebFilter$StaticUserFilter) to context static
2019-08-24 03:33:35,331 INFO  http.HttpServer2 (HttpServer2.java:addFilter(958)) - Added filter static_user_filter (class=org.apache.hadoop.http.lib.StaticUserWebFilter$StaticUserFilter) to context logs
2019-08-24 03:33:35,332 INFO  http.HttpServer2 (HttpServer2.java:bindListener(1191)) - Jetty bound to port 36770
2019-08-24 03:33:35,332 INFO  server.Server (Server.java:doStart(351)) - jetty-9.3.24.v20180605, build timestamp: 2018-06-05T17:11:56Z, git hash: 84205aa28f11a4f31f2a3b86d1bba2cc8ab69827
2019-08-24 03:33:35,334 INFO  handler.ContextHandler (ContextHandler.java:doStart(781)) - Started o.e.j.s.ServletContextHandler@3fc064cb{/logs,file:///workdir/hadoop-ozone/integration-test/target/log,AVAILABLE}
2019-08-24 03:33:35,334 INFO  handler.ContextHandler (ContextHandler.java:doStart(781)) - Started o.e.j.s.ServletContextHandler@508de524{/static,jar:file:/home/user/.m2/repository/org/apache/hadoop/hadoop-hdds-container-service/0.4.1-SNAPSHOT/hadoop-hdds-container-service-0.4.1-SNAPSHOT.jar!/webapps/static,AVAILABLE}
2019-08-24 03:33:35,365 INFO  handler.ContextHandler (ContextHandler.java:doStart(781)) - Started o.e.j.w.WebAppContext@6dc98c02{/,file:///tmp/jetty-0.0.0.0-36770-hddsDatanode-_-any-2244040591006586152.dir/webapp/,AVAILABLE}{/hddsDatanode}
2019-08-24 03:33:35,366 INFO  server.AbstractConnector (AbstractConnector.java:doStart(278)) - Started ServerConnector@7af4286{HTTP/1.1,[http/1.1]}{0.0.0.0:36770}
2019-08-24 03:33:35,367 INFO  server.Server (Server.java:doStart(419)) - Started @594202ms
2019-08-24 03:33:35,368 INFO  server.BaseHttpServer (BaseHttpServer.java:updateConnectorAddress(207)) - HTTP server of HDDSDATANODE is listening at http://0.0.0.0:36770
2019-08-24 03:33:35,512 | INFO  | ObjectStoreRestHttpServer | Listening HDDS REST traffic on /0.0.0.0:37858 |  
2019-08-24 03:33:35,512 INFO  ozone.HddsDatanodeService (HddsDatanodeService.java:startPlugins(395)) - Started plug-in org.apache.hadoop.ozone.web.OzoneHddsDatanodeService@6e1a8e78
2019-08-24 03:33:35,512 INFO  impl.MetricsSystemImpl (MetricsSystemImpl.java:init(158)) - HddsDatanode metrics system started (again)
2019-08-24 03:33:35,515 INFO  util.JvmPauseMonitor (JvmPauseMonitor.java:run(188)) - Starting JVM pause monitor
2019-08-24 03:33:35,516 INFO  ozone.HddsDatanodeService (HddsDatanodeService.java:start(184)) - HddsDatanodeService host:byscane-nightly-sgbhv-2167721923 ip:192.168.69.87
2019-08-24 03:33:35,517 INFO  datanode.InitDatanodeState (InitDatanodeState.java:persistContainerDatanodeDetails(140)) - DatanodeDetails is persisted to /workdir/hadoop-ozone/integration-test/target/test-dir/MiniOzoneClusterImpl-581dd6e5-c089-4ac1-8c4d-803d6bc9a32c/datanode-1/meta/datanode.id
2019-08-24 03:33:35,526 INFO  volume.HddsVolume (HddsVolume.java:<init>(176)) - Creating Volume: /workdir/hadoop-ozone/integration-test/target/test-dir/MiniOzoneClusterImpl-581dd6e5-c089-4ac1-8c4d-803d6bc9a32c/datanode-2/data/containers/hdds of  storage type : DISK and capacity : 1482555576320
2019-08-24 03:33:35,526 INFO  volume.VolumeSet (VolumeSet.java:initializeVolumeSet(170)) - Added Volume : /workdir/hadoop-ozone/integration-test/target/test-dir/MiniOzoneClusterImpl-581dd6e5-c089-4ac1-8c4d-803d6bc9a32c/datanode-2/data/containers/hdds to VolumeSet
2019-08-24 03:33:35,527 INFO  volume.ThrottledAsyncChecker (ThrottledAsyncChecker.java:schedule(140)) - Scheduling a check for org.apache.hadoop.ozone.container.common.volume.HddsVolume@56a63c28
2019-08-24 03:33:35,527 INFO  volume.HddsVolumeChecker (HddsVolumeChecker.java:checkAllVolumes(203)) - Scheduled health check for volume org.apache.hadoop.ozone.container.common.volume.HddsVolume@56a63c28
2019-08-24 03:33:35,542 INFO  impl.RaftServerProxy (ConfUtils.java:logGet(43)) - raft.rpc.type = GRPC (default)
2019-08-24 03:33:35,542 INFO  grpc.GrpcFactory (GrpcFactory.java:checkPooledByteBufAllocatorUseCacheForAllThreads(45)) - PERFORMANCE WARNING: useCacheForAllThreads is true that may cause Netty to create a lot garbage objects and, as a result, trigger GC.
	It is recommended to disable useCacheForAllThreads by setting -Dorg.apache.ratis.thirdparty.io.netty.allocator.useCacheForAllThreads=false in command line.
2019-08-24 03:33:35,542 INFO  grpc.GrpcConfigKeys$Server (ConfUtils.java:logGet(43)) - raft.grpc.server.port = 0 (default)
2019-08-24 03:33:35,542 INFO  server.GrpcService (ConfUtils.java:logGet(43)) - raft.grpc.message.size.max = 33570816 (custom)
2019-08-24 03:33:35,542 INFO  server.RaftServerConfigKeys (ConfUtils.java:logGet(43)) - raft.server.log.appender.buffer.byte-limit = 33554432 (custom)
2019-08-24 03:33:35,543 INFO  server.GrpcService (ConfUtils.java:logGet(43)) - raft.grpc.flow.control.window = 1MB (=1048576) (default)
2019-08-24 03:33:35,543 INFO  server.RaftServerConfigKeys (ConfUtils.java:logGet(43)) - raft.server.rpc.request.timeout = 3000ms (default)
2019-08-24 03:33:35,543 INFO  server.RaftServerConfigKeys (ConfUtils.java:logGet(43)) - raft.server.storage.dir = [/workdir/hadoop-ozone/integration-test/target/test-dir/MiniOzoneClusterImpl-581dd6e5-c089-4ac1-8c4d-803d6bc9a32c/datanode-2/data/ratis] (custom)
2019-08-24 03:33:35,544 INFO  replication.SimpleContainerDownloader (SimpleContainerDownloader.java:<init>(72)) - Starting container downloader service to copy containers to replicate.
2019-08-24 03:33:35,545 INFO  hdfs.DFSUtil (DFSUtil.java:httpServerTemplateForNNAndJN(1641)) - Starting Web-server for hddsDatanode at: http://0.0.0.0:0
2019-08-24 03:33:35,546 INFO  server.AuthenticationFilter (AuthenticationFilter.java:constructSecretProvider(240)) - Unable to initialize FileSignerSecretProvider, falling back to use random secrets.
2019-08-24 03:33:35,547 WARN  http.HttpRequestLog (HttpRequestLog.java:getRequestLog(97)) - Jetty request log can only be enabled using Log4j
2019-08-24 03:33:35,548 INFO  http.HttpServer2 (HttpServer2.java:addGlobalFilter(975)) - Added global filter 'safety' (class=org.apache.hadoop.http.HttpServer2$QuotingInputFilter)
2019-08-24 03:33:35,548 INFO  http.HttpServer2 (HttpServer2.java:addFilter(948)) - Added filter static_user_filter (class=org.apache.hadoop.http.lib.StaticUserWebFilter$StaticUserFilter) to context hddsDatanode
2019-08-24 03:33:35,548 INFO  http.HttpServer2 (HttpServer2.java:addFilter(958)) - Added filter static_user_filter (class=org.apache.hadoop.http.lib.StaticUserWebFilter$StaticUserFilter) to context static
2019-08-24 03:33:35,549 INFO  http.HttpServer2 (HttpServer2.java:addFilter(958)) - Added filter static_user_filter (class=org.apache.hadoop.http.lib.StaticUserWebFilter$StaticUserFilter) to context logs
2019-08-24 03:33:35,549 INFO  http.HttpServer2 (HttpServer2.java:bindListener(1191)) - Jetty bound to port 35938
2019-08-24 03:33:35,550 INFO  server.Server (Server.java:doStart(351)) - jetty-9.3.24.v20180605, build timestamp: 2018-06-05T17:11:56Z, git hash: 84205aa28f11a4f31f2a3b86d1bba2cc8ab69827
2019-08-24 03:33:35,551 INFO  handler.ContextHandler (ContextHandler.java:doStart(781)) - Started o.e.j.s.ServletContextHandler@7bbab46e{/logs,file:///workdir/hadoop-ozone/integration-test/target/log,AVAILABLE}
2019-08-24 03:33:35,552 INFO  handler.ContextHandler (ContextHandler.java:doStart(781)) - Started o.e.j.s.ServletContextHandler@71cdde0c{/static,jar:file:/home/user/.m2/repository/org/apache/hadoop/hadoop-hdds-container-service/0.4.1-SNAPSHOT/hadoop-hdds-container-service-0.4.1-SNAPSHOT.jar!/webapps/static,AVAILABLE}
2019-08-24 03:33:35,578 INFO  handler.ContextHandler (ContextHandler.java:doStart(781)) - Started o.e.j.w.WebAppContext@4707d60a{/,file:///tmp/jetty-0.0.0.0-35938-hddsDatanode-_-any-5383230228813867810.dir/webapp/,AVAILABLE}{/hddsDatanode}
2019-08-24 03:33:35,578 INFO  server.AbstractConnector (AbstractConnector.java:doStart(278)) - Started ServerConnector@4d7f3adf{HTTP/1.1,[http/1.1]}{0.0.0.0:35938}
2019-08-24 03:33:35,579 INFO  server.Server (Server.java:doStart(419)) - Started @594414ms
2019-08-24 03:33:35,580 INFO  server.BaseHttpServer (BaseHttpServer.java:updateConnectorAddress(207)) - HTTP server of HDDSDATANODE is listening at http://0.0.0.0:35938
2019-08-24 03:33:35,943 | INFO  | ObjectStoreRestHttpServer | Listening HDDS REST traffic on /0.0.0.0:39617 |  
2019-08-24 03:33:35,943 INFO  ozone.HddsDatanodeService (HddsDatanodeService.java:startPlugins(395)) - Started plug-in org.apache.hadoop.ozone.web.OzoneHddsDatanodeService@3dc70aa0
2019-08-24 03:33:35,943 INFO  impl.MetricsSystemImpl (MetricsSystemImpl.java:init(158)) - HddsDatanode metrics system started (again)
2019-08-24 03:33:35,946 INFO  util.JvmPauseMonitor (JvmPauseMonitor.java:run(188)) - Starting JVM pause monitor
2019-08-24 03:33:35,946 INFO  ozone.HddsDatanodeService (HddsDatanodeService.java:start(184)) - HddsDatanodeService host:byscane-nightly-sgbhv-2167721923 ip:192.168.69.87
2019-08-24 03:33:35,947 INFO  datanode.InitDatanodeState (InitDatanodeState.java:persistContainerDatanodeDetails(140)) - DatanodeDetails is persisted to /workdir/hadoop-ozone/integration-test/target/test-dir/MiniOzoneClusterImpl-581dd6e5-c089-4ac1-8c4d-803d6bc9a32c/datanode-2/meta/datanode.id
2019-08-24 03:33:35,957 INFO  volume.HddsVolume (HddsVolume.java:<init>(176)) - Creating Volume: /workdir/hadoop-ozone/integration-test/target/test-dir/MiniOzoneClusterImpl-581dd6e5-c089-4ac1-8c4d-803d6bc9a32c/datanode-3/data/containers/hdds of  storage type : DISK and capacity : 1482555576320
2019-08-24 03:33:35,958 INFO  volume.VolumeSet (VolumeSet.java:initializeVolumeSet(170)) - Added Volume : /workdir/hadoop-ozone/integration-test/target/test-dir/MiniOzoneClusterImpl-581dd6e5-c089-4ac1-8c4d-803d6bc9a32c/datanode-3/data/containers/hdds to VolumeSet
2019-08-24 03:33:35,958 INFO  volume.ThrottledAsyncChecker (ThrottledAsyncChecker.java:schedule(140)) - Scheduling a check for org.apache.hadoop.ozone.container.common.volume.HddsVolume@72557e0d
2019-08-24 03:33:35,958 INFO  volume.HddsVolumeChecker (HddsVolumeChecker.java:checkAllVolumes(203)) - Scheduled health check for volume org.apache.hadoop.ozone.container.common.volume.HddsVolume@72557e0d
2019-08-24 03:33:35,974 INFO  impl.RaftServerProxy (ConfUtils.java:logGet(43)) - raft.rpc.type = GRPC (default)
2019-08-24 03:33:35,974 INFO  grpc.GrpcFactory (GrpcFactory.java:checkPooledByteBufAllocatorUseCacheForAllThreads(45)) - PERFORMANCE WARNING: useCacheForAllThreads is true that may cause Netty to create a lot garbage objects and, as a result, trigger GC.
	It is recommended to disable useCacheForAllThreads by setting -Dorg.apache.ratis.thirdparty.io.netty.allocator.useCacheForAllThreads=false in command line.
2019-08-24 03:33:35,974 INFO  grpc.GrpcConfigKeys$Server (ConfUtils.java:logGet(43)) - raft.grpc.server.port = 0 (default)
2019-08-24 03:33:35,974 INFO  server.GrpcService (ConfUtils.java:logGet(43)) - raft.grpc.message.size.max = 33570816 (custom)
2019-08-24 03:33:35,974 INFO  server.RaftServerConfigKeys (ConfUtils.java:logGet(43)) - raft.server.log.appender.buffer.byte-limit = 33554432 (custom)
2019-08-24 03:33:35,975 INFO  server.GrpcService (ConfUtils.java:logGet(43)) - raft.grpc.flow.control.window = 1MB (=1048576) (default)
2019-08-24 03:33:35,975 INFO  server.RaftServerConfigKeys (ConfUtils.java:logGet(43)) - raft.server.rpc.request.timeout = 3000ms (default)
2019-08-24 03:33:35,975 INFO  server.RaftServerConfigKeys (ConfUtils.java:logGet(43)) - raft.server.storage.dir = [/workdir/hadoop-ozone/integration-test/target/test-dir/MiniOzoneClusterImpl-581dd6e5-c089-4ac1-8c4d-803d6bc9a32c/datanode-3/data/ratis] (custom)
2019-08-24 03:33:35,976 INFO  replication.SimpleContainerDownloader (SimpleContainerDownloader.java:<init>(72)) - Starting container downloader service to copy containers to replicate.
2019-08-24 03:33:35,977 INFO  hdfs.DFSUtil (DFSUtil.java:httpServerTemplateForNNAndJN(1641)) - Starting Web-server for hddsDatanode at: http://0.0.0.0:0
2019-08-24 03:33:35,978 INFO  server.AuthenticationFilter (AuthenticationFilter.java:constructSecretProvider(240)) - Unable to initialize FileSignerSecretProvider, falling back to use random secrets.
2019-08-24 03:33:35,979 WARN  http.HttpRequestLog (HttpRequestLog.java:getRequestLog(97)) - Jetty request log can only be enabled using Log4j
2019-08-24 03:33:35,980 INFO  http.HttpServer2 (HttpServer2.java:addGlobalFilter(975)) - Added global filter 'safety' (class=org.apache.hadoop.http.HttpServer2$QuotingInputFilter)
2019-08-24 03:33:35,980 INFO  http.HttpServer2 (HttpServer2.java:addFilter(948)) - Added filter static_user_filter (class=org.apache.hadoop.http.lib.StaticUserWebFilter$StaticUserFilter) to context hddsDatanode
2019-08-24 03:33:35,981 INFO  http.HttpServer2 (HttpServer2.java:addFilter(958)) - Added filter static_user_filter (class=org.apache.hadoop.http.lib.StaticUserWebFilter$StaticUserFilter) to context logs
2019-08-24 03:33:35,981 INFO  http.HttpServer2 (HttpServer2.java:addFilter(958)) - Added filter static_user_filter (class=org.apache.hadoop.http.lib.StaticUserWebFilter$StaticUserFilter) to context static
2019-08-24 03:33:35,981 INFO  http.HttpServer2 (HttpServer2.java:bindListener(1191)) - Jetty bound to port 46574
2019-08-24 03:33:35,982 INFO  server.Server (Server.java:doStart(351)) - jetty-9.3.24.v20180605, build timestamp: 2018-06-05T17:11:56Z, git hash: 84205aa28f11a4f31f2a3b86d1bba2cc8ab69827
2019-08-24 03:33:35,983 INFO  handler.ContextHandler (ContextHandler.java:doStart(781)) - Started o.e.j.s.ServletContextHandler@75f67fe5{/logs,file:///workdir/hadoop-ozone/integration-test/target/log,AVAILABLE}
2019-08-24 03:33:35,983 INFO  handler.ContextHandler (ContextHandler.java:doStart(781)) - Started o.e.j.s.ServletContextHandler@41dcfd0{/static,jar:file:/home/user/.m2/repository/org/apache/hadoop/hadoop-hdds-container-service/0.4.1-SNAPSHOT/hadoop-hdds-container-service-0.4.1-SNAPSHOT.jar!/webapps/static,AVAILABLE}
2019-08-24 03:33:36,011 INFO  handler.ContextHandler (ContextHandler.java:doStart(781)) - Started o.e.j.w.WebAppContext@7a7fdc1a{/,file:///tmp/jetty-0.0.0.0-46574-hddsDatanode-_-any-6233163397349015715.dir/webapp/,AVAILABLE}{/hddsDatanode}
2019-08-24 03:33:36,011 INFO  server.AbstractConnector (AbstractConnector.java:doStart(278)) - Started ServerConnector@28f5a003{HTTP/1.1,[http/1.1]}{0.0.0.0:46574}
2019-08-24 03:33:36,012 INFO  server.Server (Server.java:doStart(419)) - Started @594846ms
2019-08-24 03:33:36,013 INFO  server.BaseHttpServer (BaseHttpServer.java:updateConnectorAddress(207)) - HTTP server of HDDSDATANODE is listening at http://0.0.0.0:46574
2019-08-24 03:33:36,127 | INFO  | ObjectStoreRestHttpServer | Listening HDDS REST traffic on /0.0.0.0:44540 |  
2019-08-24 03:33:36,127 INFO  ozone.HddsDatanodeService (HddsDatanodeService.java:startPlugins(395)) - Started plug-in org.apache.hadoop.ozone.web.OzoneHddsDatanodeService@57ac220f
2019-08-24 03:33:36,127 INFO  impl.MetricsSystemImpl (MetricsSystemImpl.java:init(158)) - HddsDatanode metrics system started (again)
2019-08-24 03:33:36,130 INFO  util.JvmPauseMonitor (JvmPauseMonitor.java:run(188)) - Starting JVM pause monitor
2019-08-24 03:33:36,131 INFO  ozone.HddsDatanodeService (HddsDatanodeService.java:start(184)) - HddsDatanodeService host:byscane-nightly-sgbhv-2167721923 ip:192.168.69.87
2019-08-24 03:33:36,131 INFO  datanode.InitDatanodeState (InitDatanodeState.java:persistContainerDatanodeDetails(140)) - DatanodeDetails is persisted to /workdir/hadoop-ozone/integration-test/target/test-dir/MiniOzoneClusterImpl-581dd6e5-c089-4ac1-8c4d-803d6bc9a32c/datanode-3/meta/datanode.id
2019-08-24 03:33:36,141 INFO  volume.HddsVolume (HddsVolume.java:<init>(176)) - Creating Volume: /workdir/hadoop-ozone/integration-test/target/test-dir/MiniOzoneClusterImpl-581dd6e5-c089-4ac1-8c4d-803d6bc9a32c/datanode-4/data/containers/hdds of  storage type : DISK and capacity : 1482555576320
2019-08-24 03:33:36,141 INFO  volume.VolumeSet (VolumeSet.java:initializeVolumeSet(170)) - Added Volume : /workdir/hadoop-ozone/integration-test/target/test-dir/MiniOzoneClusterImpl-581dd6e5-c089-4ac1-8c4d-803d6bc9a32c/datanode-4/data/containers/hdds to VolumeSet
2019-08-24 03:33:36,141 INFO  volume.ThrottledAsyncChecker (ThrottledAsyncChecker.java:schedule(140)) - Scheduling a check for org.apache.hadoop.ozone.container.common.volume.HddsVolume@e62d757
2019-08-24 03:33:36,141 INFO  volume.HddsVolumeChecker (HddsVolumeChecker.java:checkAllVolumes(203)) - Scheduled health check for volume org.apache.hadoop.ozone.container.common.volume.HddsVolume@e62d757
2019-08-24 03:33:36,159 INFO  impl.RaftServerProxy (ConfUtils.java:logGet(43)) - raft.rpc.type = GRPC (default)
2019-08-24 03:33:36,159 INFO  grpc.GrpcFactory (GrpcFactory.java:checkPooledByteBufAllocatorUseCacheForAllThreads(45)) - PERFORMANCE WARNING: useCacheForAllThreads is true that may cause Netty to create a lot garbage objects and, as a result, trigger GC.
	It is recommended to disable useCacheForAllThreads by setting -Dorg.apache.ratis.thirdparty.io.netty.allocator.useCacheForAllThreads=false in command line.
2019-08-24 03:33:36,159 INFO  grpc.GrpcConfigKeys$Server (ConfUtils.java:logGet(43)) - raft.grpc.server.port = 0 (default)
2019-08-24 03:33:36,159 INFO  server.GrpcService (ConfUtils.java:logGet(43)) - raft.grpc.message.size.max = 33570816 (custom)
2019-08-24 03:33:36,160 INFO  server.RaftServerConfigKeys (ConfUtils.java:logGet(43)) - raft.server.log.appender.buffer.byte-limit = 33554432 (custom)
2019-08-24 03:33:36,160 INFO  server.GrpcService (ConfUtils.java:logGet(43)) - raft.grpc.flow.control.window = 1MB (=1048576) (default)
2019-08-24 03:33:36,160 INFO  server.RaftServerConfigKeys (ConfUtils.java:logGet(43)) - raft.server.rpc.request.timeout = 3000ms (default)
2019-08-24 03:33:36,160 INFO  server.RaftServerConfigKeys (ConfUtils.java:logGet(43)) - raft.server.storage.dir = [/workdir/hadoop-ozone/integration-test/target/test-dir/MiniOzoneClusterImpl-581dd6e5-c089-4ac1-8c4d-803d6bc9a32c/datanode-4/data/ratis] (custom)
2019-08-24 03:33:36,161 INFO  replication.SimpleContainerDownloader (SimpleContainerDownloader.java:<init>(72)) - Starting container downloader service to copy containers to replicate.
2019-08-24 03:33:36,162 INFO  hdfs.DFSUtil (DFSUtil.java:httpServerTemplateForNNAndJN(1641)) - Starting Web-server for hddsDatanode at: http://0.0.0.0:0
2019-08-24 03:33:36,163 INFO  server.AuthenticationFilter (AuthenticationFilter.java:constructSecretProvider(240)) - Unable to initialize FileSignerSecretProvider, falling back to use random secrets.
2019-08-24 03:33:36,163 WARN  http.HttpRequestLog (HttpRequestLog.java:getRequestLog(97)) - Jetty request log can only be enabled using Log4j
2019-08-24 03:33:36,164 INFO  http.HttpServer2 (HttpServer2.java:addGlobalFilter(975)) - Added global filter 'safety' (class=org.apache.hadoop.http.HttpServer2$QuotingInputFilter)
2019-08-24 03:33:36,165 INFO  http.HttpServer2 (HttpServer2.java:addFilter(948)) - Added filter static_user_filter (class=org.apache.hadoop.http.lib.StaticUserWebFilter$StaticUserFilter) to context hddsDatanode
2019-08-24 03:33:36,165 INFO  http.HttpServer2 (HttpServer2.java:addFilter(958)) - Added filter static_user_filter (class=org.apache.hadoop.http.lib.StaticUserWebFilter$StaticUserFilter) to context static
2019-08-24 03:33:36,165 INFO  http.HttpServer2 (HttpServer2.java:addFilter(958)) - Added filter static_user_filter (class=org.apache.hadoop.http.lib.StaticUserWebFilter$StaticUserFilter) to context logs
2019-08-24 03:33:36,166 INFO  http.HttpServer2 (HttpServer2.java:bindListener(1191)) - Jetty bound to port 38236
2019-08-24 03:33:36,166 INFO  server.Server (Server.java:doStart(351)) - jetty-9.3.24.v20180605, build timestamp: 2018-06-05T17:11:56Z, git hash: 84205aa28f11a4f31f2a3b86d1bba2cc8ab69827
2019-08-24 03:33:36,167 INFO  handler.ContextHandler (ContextHandler.java:doStart(781)) - Started o.e.j.s.ServletContextHandler@49aa6081{/logs,file:///workdir/hadoop-ozone/integration-test/target/log,AVAILABLE}
2019-08-24 03:33:36,168 INFO  handler.ContextHandler (ContextHandler.java:doStart(781)) - Started o.e.j.s.ServletContextHandler@61f62b80{/static,jar:file:/home/user/.m2/repository/org/apache/hadoop/hadoop-hdds-container-service/0.4.1-SNAPSHOT/hadoop-hdds-container-service-0.4.1-SNAPSHOT.jar!/webapps/static,AVAILABLE}
2019-08-24 03:33:36,194 INFO  handler.ContextHandler (ContextHandler.java:doStart(781)) - Started o.e.j.w.WebAppContext@1e5f3c4a{/,file:///tmp/jetty-0.0.0.0-38236-hddsDatanode-_-any-6969787557176282891.dir/webapp/,AVAILABLE}{/hddsDatanode}
2019-08-24 03:33:36,195 INFO  server.AbstractConnector (AbstractConnector.java:doStart(278)) - Started ServerConnector@2aea7775{HTTP/1.1,[http/1.1]}{0.0.0.0:38236}
2019-08-24 03:33:36,195 INFO  server.Server (Server.java:doStart(419)) - Started @595030ms
2019-08-24 03:33:36,197 INFO  server.BaseHttpServer (BaseHttpServer.java:updateConnectorAddress(207)) - HTTP server of HDDSDATANODE is listening at http://0.0.0.0:38236
2019-08-24 03:33:36,314 | INFO  | ObjectStoreRestHttpServer | Listening HDDS REST traffic on /0.0.0.0:44059 |  
2019-08-24 03:33:36,314 INFO  ozone.HddsDatanodeService (HddsDatanodeService.java:startPlugins(395)) - Started plug-in org.apache.hadoop.ozone.web.OzoneHddsDatanodeService@31b2c451
2019-08-24 03:33:36,315 INFO  impl.MetricsSystemImpl (MetricsSystemImpl.java:init(158)) - HddsDatanode metrics system started (again)
2019-08-24 03:33:36,318 INFO  util.JvmPauseMonitor (JvmPauseMonitor.java:run(188)) - Starting JVM pause monitor
2019-08-24 03:33:36,318 INFO  ozone.HddsDatanodeService (HddsDatanodeService.java:start(184)) - HddsDatanodeService host:byscane-nightly-sgbhv-2167721923 ip:192.168.69.87
2019-08-24 03:33:36,319 INFO  datanode.InitDatanodeState (InitDatanodeState.java:persistContainerDatanodeDetails(140)) - DatanodeDetails is persisted to /workdir/hadoop-ozone/integration-test/target/test-dir/MiniOzoneClusterImpl-581dd6e5-c089-4ac1-8c4d-803d6bc9a32c/datanode-4/meta/datanode.id
2019-08-24 03:33:36,328 INFO  volume.HddsVolume (HddsVolume.java:<init>(176)) - Creating Volume: /workdir/hadoop-ozone/integration-test/target/test-dir/MiniOzoneClusterImpl-581dd6e5-c089-4ac1-8c4d-803d6bc9a32c/datanode-5/data/containers/hdds of  storage type : DISK and capacity : 1482555576320
2019-08-24 03:33:36,328 INFO  volume.VolumeSet (VolumeSet.java:initializeVolumeSet(170)) - Added Volume : /workdir/hadoop-ozone/integration-test/target/test-dir/MiniOzoneClusterImpl-581dd6e5-c089-4ac1-8c4d-803d6bc9a32c/datanode-5/data/containers/hdds to VolumeSet
2019-08-24 03:33:36,328 INFO  volume.ThrottledAsyncChecker (ThrottledAsyncChecker.java:schedule(140)) - Scheduling a check for org.apache.hadoop.ozone.container.common.volume.HddsVolume@275ff5f8
2019-08-24 03:33:36,329 INFO  volume.HddsVolumeChecker (HddsVolumeChecker.java:checkAllVolumes(203)) - Scheduled health check for volume org.apache.hadoop.ozone.container.common.volume.HddsVolume@275ff5f8
2019-08-24 03:33:36,349 INFO  impl.RaftServerProxy (ConfUtils.java:logGet(43)) - raft.rpc.type = GRPC (default)
2019-08-24 03:33:36,350 INFO  grpc.GrpcFactory (GrpcFactory.java:checkPooledByteBufAllocatorUseCacheForAllThreads(45)) - PERFORMANCE WARNING: useCacheForAllThreads is true that may cause Netty to create a lot garbage objects and, as a result, trigger GC.
	It is recommended to disable useCacheForAllThreads by setting -Dorg.apache.ratis.thirdparty.io.netty.allocator.useCacheForAllThreads=false in command line.
2019-08-24 03:33:36,350 INFO  grpc.GrpcConfigKeys$Server (ConfUtils.java:logGet(43)) - raft.grpc.server.port = 0 (default)
2019-08-24 03:33:36,350 INFO  server.GrpcService (ConfUtils.java:logGet(43)) - raft.grpc.message.size.max = 33570816 (custom)
2019-08-24 03:33:36,350 INFO  server.RaftServerConfigKeys (ConfUtils.java:logGet(43)) - raft.server.log.appender.buffer.byte-limit = 33554432 (custom)
2019-08-24 03:33:36,350 INFO  server.GrpcService (ConfUtils.java:logGet(43)) - raft.grpc.flow.control.window = 1MB (=1048576) (default)
2019-08-24 03:33:36,351 INFO  server.RaftServerConfigKeys (ConfUtils.java:logGet(43)) - raft.server.rpc.request.timeout = 3000ms (default)
2019-08-24 03:33:36,351 INFO  server.RaftServerConfigKeys (ConfUtils.java:logGet(43)) - raft.server.storage.dir = [/workdir/hadoop-ozone/integration-test/target/test-dir/MiniOzoneClusterImpl-581dd6e5-c089-4ac1-8c4d-803d6bc9a32c/datanode-5/data/ratis] (custom)
2019-08-24 03:33:36,351 INFO  replication.SimpleContainerDownloader (SimpleContainerDownloader.java:<init>(72)) - Starting container downloader service to copy containers to replicate.
2019-08-24 03:33:36,352 INFO  hdfs.DFSUtil (DFSUtil.java:httpServerTemplateForNNAndJN(1641)) - Starting Web-server for hddsDatanode at: http://0.0.0.0:0
2019-08-24 03:33:36,354 INFO  server.AuthenticationFilter (AuthenticationFilter.java:constructSecretProvider(240)) - Unable to initialize FileSignerSecretProvider, falling back to use random secrets.
2019-08-24 03:33:36,354 WARN  http.HttpRequestLog (HttpRequestLog.java:getRequestLog(97)) - Jetty request log can only be enabled using Log4j
2019-08-24 03:33:36,356 INFO  http.HttpServer2 (HttpServer2.java:addGlobalFilter(975)) - Added global filter 'safety' (class=org.apache.hadoop.http.HttpServer2$QuotingInputFilter)
2019-08-24 03:33:36,356 INFO  http.HttpServer2 (HttpServer2.java:addFilter(948)) - Added filter static_user_filter (class=org.apache.hadoop.http.lib.StaticUserWebFilter$StaticUserFilter) to context hddsDatanode
2019-08-24 03:33:36,356 INFO  http.HttpServer2 (HttpServer2.java:addFilter(958)) - Added filter static_user_filter (class=org.apache.hadoop.http.lib.StaticUserWebFilter$StaticUserFilter) to context static
2019-08-24 03:33:36,356 INFO  http.HttpServer2 (HttpServer2.java:addFilter(958)) - Added filter static_user_filter (class=org.apache.hadoop.http.lib.StaticUserWebFilter$StaticUserFilter) to context logs
2019-08-24 03:33:36,357 INFO  http.HttpServer2 (HttpServer2.java:bindListener(1191)) - Jetty bound to port 37503
2019-08-24 03:33:36,357 INFO  server.Server (Server.java:doStart(351)) - jetty-9.3.24.v20180605, build timestamp: 2018-06-05T17:11:56Z, git hash: 84205aa28f11a4f31f2a3b86d1bba2cc8ab69827
2019-08-24 03:33:36,359 INFO  handler.ContextHandler (ContextHandler.java:doStart(781)) - Started o.e.j.s.ServletContextHandler@66859669{/logs,file:///workdir/hadoop-ozone/integration-test/target/log,AVAILABLE}
2019-08-24 03:33:36,359 INFO  handler.ContextHandler (ContextHandler.java:doStart(781)) - Started o.e.j.s.ServletContextHandler@7115d5af{/static,jar:file:/home/user/.m2/repository/org/apache/hadoop/hadoop-hdds-container-service/0.4.1-SNAPSHOT/hadoop-hdds-container-service-0.4.1-SNAPSHOT.jar!/webapps/static,AVAILABLE}
2019-08-24 03:33:36,389 INFO  handler.ContextHandler (ContextHandler.java:doStart(781)) - Started o.e.j.w.WebAppContext@7eb370c5{/,file:///tmp/jetty-0.0.0.0-37503-hddsDatanode-_-any-226119558921328363.dir/webapp/,AVAILABLE}{/hddsDatanode}
2019-08-24 03:33:36,390 INFO  server.AbstractConnector (AbstractConnector.java:doStart(278)) - Started ServerConnector@26c24e5{HTTP/1.1,[http/1.1]}{0.0.0.0:37503}
2019-08-24 03:33:36,391 INFO  server.Server (Server.java:doStart(419)) - Started @595226ms
2019-08-24 03:33:36,392 INFO  server.BaseHttpServer (BaseHttpServer.java:updateConnectorAddress(207)) - HTTP server of HDDSDATANODE is listening at http://0.0.0.0:37503
2019-08-24 03:33:36,533 | INFO  | ObjectStoreRestHttpServer | Listening HDDS REST traffic on /0.0.0.0:46520 |  
2019-08-24 03:33:36,534 INFO  ozone.HddsDatanodeService (HddsDatanodeService.java:startPlugins(395)) - Started plug-in org.apache.hadoop.ozone.web.OzoneHddsDatanodeService@57cfd353
2019-08-24 03:33:36,534 INFO  impl.MetricsSystemImpl (MetricsSystemImpl.java:init(158)) - HddsDatanode metrics system started (again)
2019-08-24 03:33:36,539 INFO  util.JvmPauseMonitor (JvmPauseMonitor.java:run(188)) - Starting JVM pause monitor
2019-08-24 03:33:36,540 INFO  datanode.InitDatanodeState (InitDatanodeState.java:persistContainerDatanodeDetails(140)) - DatanodeDetails is persisted to /workdir/hadoop-ozone/integration-test/target/test-dir/MiniOzoneClusterImpl-581dd6e5-c089-4ac1-8c4d-803d6bc9a32c/datanode-5/meta/datanode.id
2019-08-24 03:33:36,541 INFO  ozone.HddsDatanodeService (HddsDatanodeService.java:start(184)) - HddsDatanodeService host:byscane-nightly-sgbhv-2167721923 ip:192.168.69.87
2019-08-24 03:33:36,553 INFO  volume.HddsVolume (HddsVolume.java:<init>(176)) - Creating Volume: /workdir/hadoop-ozone/integration-test/target/test-dir/MiniOzoneClusterImpl-581dd6e5-c089-4ac1-8c4d-803d6bc9a32c/datanode-6/data/containers/hdds of  storage type : DISK and capacity : 1482555576320
2019-08-24 03:33:36,553 INFO  volume.VolumeSet (VolumeSet.java:initializeVolumeSet(170)) - Added Volume : /workdir/hadoop-ozone/integration-test/target/test-dir/MiniOzoneClusterImpl-581dd6e5-c089-4ac1-8c4d-803d6bc9a32c/datanode-6/data/containers/hdds to VolumeSet
2019-08-24 03:33:36,553 INFO  volume.ThrottledAsyncChecker (ThrottledAsyncChecker.java:schedule(140)) - Scheduling a check for org.apache.hadoop.ozone.container.common.volume.HddsVolume@6a6a60f3
2019-08-24 03:33:36,554 INFO  volume.HddsVolumeChecker (HddsVolumeChecker.java:checkAllVolumes(203)) - Scheduled health check for volume org.apache.hadoop.ozone.container.common.volume.HddsVolume@6a6a60f3
2019-08-24 03:33:36,575 INFO  impl.RaftServerProxy (ConfUtils.java:logGet(43)) - raft.rpc.type = GRPC (default)
2019-08-24 03:33:36,575 INFO  grpc.GrpcFactory (GrpcFactory.java:checkPooledByteBufAllocatorUseCacheForAllThreads(45)) - PERFORMANCE WARNING: useCacheForAllThreads is true that may cause Netty to create a lot garbage objects and, as a result, trigger GC.
	It is recommended to disable useCacheForAllThreads by setting -Dorg.apache.ratis.thirdparty.io.netty.allocator.useCacheForAllThreads=false in command line.
2019-08-24 03:33:36,575 INFO  grpc.GrpcConfigKeys$Server (ConfUtils.java:logGet(43)) - raft.grpc.server.port = 0 (default)
2019-08-24 03:33:36,576 INFO  server.GrpcService (ConfUtils.java:logGet(43)) - raft.grpc.message.size.max = 33570816 (custom)
2019-08-24 03:33:36,576 INFO  server.RaftServerConfigKeys (ConfUtils.java:logGet(43)) - raft.server.log.appender.buffer.byte-limit = 33554432 (custom)
2019-08-24 03:33:36,576 INFO  server.GrpcService (ConfUtils.java:logGet(43)) - raft.grpc.flow.control.window = 1MB (=1048576) (default)
2019-08-24 03:33:36,576 INFO  server.RaftServerConfigKeys (ConfUtils.java:logGet(43)) - raft.server.rpc.request.timeout = 3000ms (default)
2019-08-24 03:33:36,577 INFO  server.RaftServerConfigKeys (ConfUtils.java:logGet(43)) - raft.server.storage.dir = [/workdir/hadoop-ozone/integration-test/target/test-dir/MiniOzoneClusterImpl-581dd6e5-c089-4ac1-8c4d-803d6bc9a32c/datanode-6/data/ratis] (custom)
2019-08-24 03:33:36,577 INFO  replication.SimpleContainerDownloader (SimpleContainerDownloader.java:<init>(72)) - Starting container downloader service to copy containers to replicate.
2019-08-24 03:33:36,579 INFO  hdfs.DFSUtil (DFSUtil.java:httpServerTemplateForNNAndJN(1641)) - Starting Web-server for hddsDatanode at: http://0.0.0.0:0
2019-08-24 03:33:36,580 INFO  server.AuthenticationFilter (AuthenticationFilter.java:constructSecretProvider(240)) - Unable to initialize FileSignerSecretProvider, falling back to use random secrets.
2019-08-24 03:33:36,581 WARN  http.HttpRequestLog (HttpRequestLog.java:getRequestLog(97)) - Jetty request log can only be enabled using Log4j
2019-08-24 03:33:36,583 INFO  http.HttpServer2 (HttpServer2.java:addGlobalFilter(975)) - Added global filter 'safety' (class=org.apache.hadoop.http.HttpServer2$QuotingInputFilter)
2019-08-24 03:33:36,583 INFO  http.HttpServer2 (HttpServer2.java:addFilter(948)) - Added filter static_user_filter (class=org.apache.hadoop.http.lib.StaticUserWebFilter$StaticUserFilter) to context hddsDatanode
2019-08-24 03:33:36,583 INFO  http.HttpServer2 (HttpServer2.java:addFilter(958)) - Added filter static_user_filter (class=org.apache.hadoop.http.lib.StaticUserWebFilter$StaticUserFilter) to context logs
2019-08-24 03:33:36,583 INFO  http.HttpServer2 (HttpServer2.java:addFilter(958)) - Added filter static_user_filter (class=org.apache.hadoop.http.lib.StaticUserWebFilter$StaticUserFilter) to context static
2019-08-24 03:33:36,584 INFO  http.HttpServer2 (HttpServer2.java:bindListener(1191)) - Jetty bound to port 45958
2019-08-24 03:33:36,584 INFO  server.Server (Server.java:doStart(351)) - jetty-9.3.24.v20180605, build timestamp: 2018-06-05T17:11:56Z, git hash: 84205aa28f11a4f31f2a3b86d1bba2cc8ab69827
2019-08-24 03:33:36,585 INFO  handler.ContextHandler (ContextHandler.java:doStart(781)) - Started o.e.j.s.ServletContextHandler@4a2891d1{/logs,file:///workdir/hadoop-ozone/integration-test/target/log,AVAILABLE}
2019-08-24 03:33:36,586 INFO  handler.ContextHandler (ContextHandler.java:doStart(781)) - Started o.e.j.s.ServletContextHandler@14cf30b3{/static,jar:file:/home/user/.m2/repository/org/apache/hadoop/hadoop-hdds-container-service/0.4.1-SNAPSHOT/hadoop-hdds-container-service-0.4.1-SNAPSHOT.jar!/webapps/static,AVAILABLE}
2019-08-24 03:33:36,613 INFO  handler.ContextHandler (ContextHandler.java:doStart(781)) - Started o.e.j.w.WebAppContext@1c8e1233{/,file:///tmp/jetty-0.0.0.0-45958-hddsDatanode-_-any-6488455944702377997.dir/webapp/,AVAILABLE}{/hddsDatanode}
2019-08-24 03:33:36,613 INFO  server.AbstractConnector (AbstractConnector.java:doStart(278)) - Started ServerConnector@72117fc0{HTTP/1.1,[http/1.1]}{0.0.0.0:45958}
2019-08-24 03:33:36,617 INFO  server.Server (Server.java:doStart(419)) - Started @595451ms
2019-08-24 03:33:36,618 INFO  server.BaseHttpServer (BaseHttpServer.java:updateConnectorAddress(207)) - HTTP server of HDDSDATANODE is listening at http://0.0.0.0:45958
2019-08-24 03:33:36,734 | INFO  | ObjectStoreRestHttpServer | Listening HDDS REST traffic on /0.0.0.0:33972 |  
2019-08-24 03:33:36,734 INFO  ozone.HddsDatanodeService (HddsDatanodeService.java:startPlugins(395)) - Started plug-in org.apache.hadoop.ozone.web.OzoneHddsDatanodeService@6272936b
2019-08-24 03:33:36,734 INFO  ozone.MiniOzoneClusterImpl (MiniOzoneClusterImpl.java:lambda$waitForClusterToBeReady$0(142)) - Waiting for cluster to be ready. Got 0 of 7 DN Heartbeats.
2019-08-24 03:33:36,736 INFO  util.JvmPauseMonitor (JvmPauseMonitor.java:run(188)) - Starting JVM pause monitor
2019-08-24 03:33:36,737 INFO  datanode.InitDatanodeState (InitDatanodeState.java:persistContainerDatanodeDetails(140)) - DatanodeDetails is persisted to /workdir/hadoop-ozone/integration-test/target/test-dir/MiniOzoneClusterImpl-581dd6e5-c089-4ac1-8c4d-803d6bc9a32c/datanode-6/meta/datanode.id
2019-08-24 03:33:37,299 | INFO  | SCMAudit | user=jenkins1000 | ip=192.168.69.87 | op=GET_VERSION null | ret=SUCCESS |  
2019-08-24 03:33:37,317 INFO  ozoneimpl.OzoneContainer (OzoneContainer.java:start(186)) - Attempting to start container services.
2019-08-24 03:33:37,317 INFO  ozoneimpl.OzoneContainer (OzoneContainer.java:startContainerScrub(160)) - Background container scrubber has been disabled by hdds.containerscrub.enabled
2019-08-24 03:33:37,317 INFO  ratis.XceiverServerRatis (XceiverServerRatis.java:start(404)) - Starting XceiverServerRatis 69d09fd6-b904-4e1e-8a2a-76bd34232c3f at port 0
2019-08-24 03:33:37,324 INFO  impl.RaftServerProxy (RaftServerProxy.java:lambda$start$3(299)) - 69d09fd6-b904-4e1e-8a2a-76bd34232c3f: start RPC server
2019-08-24 03:33:37,326 INFO  server.GrpcService (GrpcService.java:startImpl(149)) - 69d09fd6-b904-4e1e-8a2a-76bd34232c3f: GrpcService started, listening on 0.0.0.0/0.0.0.0:46152
2019-08-24 03:33:37,326 INFO  ratis.XceiverServerRatis (XceiverServerRatis.java:start(414)) - XceiverServerRatis 69d09fd6-b904-4e1e-8a2a-76bd34232c3f is started using port 46152
2019-08-24 03:33:37,326 INFO  server.XceiverServerGrpc (XceiverServerGrpc.java:start(161)) - XceiverServerGrpc 69d09fd6-b904-4e1e-8a2a-76bd34232c3f is started using port 35232
2019-08-24 03:33:37,516 | INFO  | SCMAudit | user=jenkins1000 | ip=192.168.69.87 | op=GET_VERSION null | ret=SUCCESS |  
2019-08-24 03:33:37,531 INFO  ozoneimpl.OzoneContainer (OzoneContainer.java:start(186)) - Attempting to start container services.
2019-08-24 03:33:37,532 INFO  ozoneimpl.OzoneContainer (OzoneContainer.java:startContainerScrub(160)) - Background container scrubber has been disabled by hdds.containerscrub.enabled
2019-08-24 03:33:37,532 INFO  ratis.XceiverServerRatis (XceiverServerRatis.java:start(404)) - Starting XceiverServerRatis effec267-9718-4f52-949a-788aed2f64c8 at port 0
2019-08-24 03:33:37,538 INFO  impl.RaftServerProxy (RaftServerProxy.java:lambda$start$3(299)) - effec267-9718-4f52-949a-788aed2f64c8: start RPC server
2019-08-24 03:33:37,539 INFO  server.GrpcService (GrpcService.java:startImpl(149)) - effec267-9718-4f52-949a-788aed2f64c8: GrpcService started, listening on 0.0.0.0/0.0.0.0:40842
2019-08-24 03:33:37,539 INFO  ratis.XceiverServerRatis (XceiverServerRatis.java:start(414)) - XceiverServerRatis effec267-9718-4f52-949a-788aed2f64c8 is started using port 40842
2019-08-24 03:33:37,540 INFO  server.XceiverServerGrpc (XceiverServerGrpc.java:start(161)) - XceiverServerGrpc effec267-9718-4f52-949a-788aed2f64c8 is started using port 40819
2019-08-24 03:33:37,735 INFO  ozone.MiniOzoneClusterImpl (MiniOzoneClusterImpl.java:lambda$waitForClusterToBeReady$0(142)) - Waiting for cluster to be ready. Got 0 of 7 DN Heartbeats.
2019-08-24 03:33:37,948 | INFO  | SCMAudit | user=jenkins1000 | ip=192.168.69.87 | op=GET_VERSION null | ret=SUCCESS |  
2019-08-24 03:33:37,961 INFO  ozoneimpl.OzoneContainer (OzoneContainer.java:start(186)) - Attempting to start container services.
2019-08-24 03:33:37,962 INFO  ozoneimpl.OzoneContainer (OzoneContainer.java:startContainerScrub(160)) - Background container scrubber has been disabled by hdds.containerscrub.enabled
2019-08-24 03:33:37,962 INFO  ratis.XceiverServerRatis (XceiverServerRatis.java:start(404)) - Starting XceiverServerRatis dcc12217-51b2-406c-9e3d-e39da684196b at port 0
2019-08-24 03:33:37,969 INFO  impl.RaftServerProxy (RaftServerProxy.java:lambda$start$3(299)) - dcc12217-51b2-406c-9e3d-e39da684196b: start RPC server
2019-08-24 03:33:37,970 INFO  server.GrpcService (GrpcService.java:startImpl(149)) - dcc12217-51b2-406c-9e3d-e39da684196b: GrpcService started, listening on 0.0.0.0/0.0.0.0:41689
2019-08-24 03:33:37,970 INFO  ratis.XceiverServerRatis (XceiverServerRatis.java:start(414)) - XceiverServerRatis dcc12217-51b2-406c-9e3d-e39da684196b is started using port 41689
2019-08-24 03:33:37,972 INFO  server.XceiverServerGrpc (XceiverServerGrpc.java:start(161)) - XceiverServerGrpc dcc12217-51b2-406c-9e3d-e39da684196b is started using port 44262
2019-08-24 03:33:38,131 | INFO  | SCMAudit | user=jenkins1000 | ip=192.168.69.87 | op=GET_VERSION null | ret=SUCCESS |  
2019-08-24 03:33:38,145 INFO  ozoneimpl.OzoneContainer (OzoneContainer.java:start(186)) - Attempting to start container services.
2019-08-24 03:33:38,145 INFO  ozoneimpl.OzoneContainer (OzoneContainer.java:startContainerScrub(160)) - Background container scrubber has been disabled by hdds.containerscrub.enabled
2019-08-24 03:33:38,145 INFO  ratis.XceiverServerRatis (XceiverServerRatis.java:start(404)) - Starting XceiverServerRatis dc75a801-41d0-4005-9753-f538f4cd9742 at port 0
2019-08-24 03:33:38,150 INFO  impl.RaftServerProxy (RaftServerProxy.java:lambda$start$3(299)) - dc75a801-41d0-4005-9753-f538f4cd9742: start RPC server
2019-08-24 03:33:38,151 INFO  server.GrpcService (GrpcService.java:startImpl(149)) - dc75a801-41d0-4005-9753-f538f4cd9742: GrpcService started, listening on 0.0.0.0/0.0.0.0:37626
2019-08-24 03:33:38,151 INFO  ratis.XceiverServerRatis (XceiverServerRatis.java:start(414)) - XceiverServerRatis dc75a801-41d0-4005-9753-f538f4cd9742 is started using port 37626
2019-08-24 03:33:38,151 INFO  server.XceiverServerGrpc (XceiverServerGrpc.java:start(161)) - XceiverServerGrpc dc75a801-41d0-4005-9753-f538f4cd9742 is started using port 35536
2019-08-24 03:33:38,318 | INFO  | SCMAudit | user=jenkins1000 | ip=192.168.69.87 | op=GET_VERSION null | ret=SUCCESS |  
2019-08-24 03:33:38,332 INFO  ozoneimpl.OzoneContainer (OzoneContainer.java:start(186)) - Attempting to start container services.
2019-08-24 03:33:38,332 INFO  ozoneimpl.OzoneContainer (OzoneContainer.java:startContainerScrub(160)) - Background container scrubber has been disabled by hdds.containerscrub.enabled
2019-08-24 03:33:38,332 INFO  ratis.XceiverServerRatis (XceiverServerRatis.java:start(404)) - Starting XceiverServerRatis a923f5ad-f693-4fff-a7c9-30675751bb26 at port 0
2019-08-24 03:33:38,337 INFO  impl.RaftServerProxy (RaftServerProxy.java:lambda$start$3(299)) - a923f5ad-f693-4fff-a7c9-30675751bb26: start RPC server
2019-08-24 03:33:38,347 INFO  server.GrpcService (GrpcService.java:startImpl(149)) - a923f5ad-f693-4fff-a7c9-30675751bb26: GrpcService started, listening on 0.0.0.0/0.0.0.0:34349
2019-08-24 03:33:38,347 INFO  ratis.XceiverServerRatis (XceiverServerRatis.java:start(414)) - XceiverServerRatis a923f5ad-f693-4fff-a7c9-30675751bb26 is started using port 34349
2019-08-24 03:33:38,349 INFO  server.XceiverServerGrpc (XceiverServerGrpc.java:start(161)) - XceiverServerGrpc a923f5ad-f693-4fff-a7c9-30675751bb26 is started using port 35823
2019-08-24 03:33:38,540 | INFO  | SCMAudit | user=jenkins1000 | ip=192.168.69.87 | op=GET_VERSION null | ret=SUCCESS |  
2019-08-24 03:33:38,545 INFO  ozoneimpl.OzoneContainer (OzoneContainer.java:start(186)) - Attempting to start container services.
2019-08-24 03:33:38,546 INFO  ozoneimpl.OzoneContainer (OzoneContainer.java:startContainerScrub(160)) - Background container scrubber has been disabled by hdds.containerscrub.enabled
2019-08-24 03:33:38,546 INFO  ratis.XceiverServerRatis (XceiverServerRatis.java:start(404)) - Starting XceiverServerRatis 4f891048-4eaf-4b95-bfc9-bb119accb8ee at port 0
2019-08-24 03:33:38,551 INFO  impl.RaftServerProxy (RaftServerProxy.java:lambda$start$3(299)) - 4f891048-4eaf-4b95-bfc9-bb119accb8ee: start RPC server
2019-08-24 03:33:38,552 INFO  server.GrpcService (GrpcService.java:startImpl(149)) - 4f891048-4eaf-4b95-bfc9-bb119accb8ee: GrpcService started, listening on 0.0.0.0/0.0.0.0:35872
2019-08-24 03:33:38,552 INFO  ratis.XceiverServerRatis (XceiverServerRatis.java:start(414)) - XceiverServerRatis 4f891048-4eaf-4b95-bfc9-bb119accb8ee is started using port 35872
2019-08-24 03:33:38,553 INFO  server.XceiverServerGrpc (XceiverServerGrpc.java:start(161)) - XceiverServerGrpc 4f891048-4eaf-4b95-bfc9-bb119accb8ee is started using port 46325
2019-08-24 03:33:38,735 INFO  ozone.MiniOzoneClusterImpl (MiniOzoneClusterImpl.java:lambda$waitForClusterToBeReady$0(142)) - Waiting for cluster to be ready. Got 0 of 7 DN Heartbeats.
2019-08-24 03:33:38,736 | INFO  | SCMAudit | user=jenkins1000 | ip=192.168.69.87 | op=GET_VERSION null | ret=SUCCESS |  
2019-08-24 03:33:38,756 INFO  ozoneimpl.OzoneContainer (OzoneContainer.java:start(186)) - Attempting to start container services.
2019-08-24 03:33:38,756 INFO  ozoneimpl.OzoneContainer (OzoneContainer.java:startContainerScrub(160)) - Background container scrubber has been disabled by hdds.containerscrub.enabled
2019-08-24 03:33:38,756 INFO  ratis.XceiverServerRatis (XceiverServerRatis.java:start(404)) - Starting XceiverServerRatis 0f6d25e7-ce21-4fce-8b55-97dd0a754253 at port 0
2019-08-24 03:33:38,762 INFO  impl.RaftServerProxy (RaftServerProxy.java:lambda$start$3(299)) - 0f6d25e7-ce21-4fce-8b55-97dd0a754253: start RPC server
2019-08-24 03:33:38,766 INFO  server.GrpcService (GrpcService.java:startImpl(149)) - 0f6d25e7-ce21-4fce-8b55-97dd0a754253: GrpcService started, listening on 0.0.0.0/0.0.0.0:36351
2019-08-24 03:33:38,766 INFO  ratis.XceiverServerRatis (XceiverServerRatis.java:start(414)) - XceiverServerRatis 0f6d25e7-ce21-4fce-8b55-97dd0a754253 is started using port 36351
2019-08-24 03:33:38,767 INFO  server.XceiverServerGrpc (XceiverServerGrpc.java:start(161)) - XceiverServerGrpc 0f6d25e7-ce21-4fce-8b55-97dd0a754253 is started using port 39606
2019-08-24 03:33:39,297 INFO  net.NetworkTopology (NetworkTopologyImpl.java:add(110)) - Added a new node: /default-rack/69d09fd6-b904-4e1e-8a2a-76bd34232c3f
2019-08-24 03:33:39,299 INFO  node.SCMNodeManager (SCMNodeManager.java:register(273)) - Registered Data node : 69d09fd6-b904-4e1e-8a2a-76bd34232c3f{ip: 192.168.69.87, host: byscane-nightly-sgbhv-2167721923, networkLocation: /default-rack, certSerialId: null}
2019-08-24 03:33:39,300 | INFO  | SCMAudit | user=jenkins1000 | ip=192.168.69.87 | op=REGISTER {datanodeDetails=69d09fd6-b904-4e1e-8a2a-76bd34232c3f{ip: 192.168.69.87, host: byscane-nightly-sgbhv-2167721923, networkLocation: /default-rack, certSerialId: null}} | ret=SUCCESS |  
2019-08-24 03:33:39,300 INFO  safemode.SCMSafeModeManager (DataNodeSafeModeRule.java:process(71)) - SCM in safe mode. 1 DataNodes registered, 1 required.
2019-08-24 03:33:39,302 INFO  safemode.SCMSafeModeManager (SCMSafeModeManager.java:validateSafeModeExitRules(177)) - ScmSafeModeManager, all rules are successfully validated
2019-08-24 03:33:39,302 INFO  safemode.SCMSafeModeManager (SCMSafeModeManager.java:exitSafeMode(193)) - SCM exiting safe mode.
2019-08-24 03:33:39,327 INFO  impl.RaftServerProxy (RaftServerProxy.java:addNew(89)) - 69d09fd6-b904-4e1e-8a2a-76bd34232c3f: addNew group-A2899E27F5D9:[69d09fd6-b904-4e1e-8a2a-76bd34232c3f:192.168.69.87:46152] returns group-A2899E27F5D9:java.util.concurrent.CompletableFuture@37d6bd30[Not completed]
2019-08-24 03:33:39,329 INFO  impl.RaftServerImpl (RaftServerImpl.java:<init>(93)) - 69d09fd6-b904-4e1e-8a2a-76bd34232c3f: new RaftServerImpl for group-A2899E27F5D9:[69d09fd6-b904-4e1e-8a2a-76bd34232c3f:192.168.69.87:46152] with ContainerStateMachine:uninitialized
2019-08-24 03:33:39,329 INFO  server.RaftServerConfigKeys (ConfUtils.java:logGet(43)) - raft.server.rpc.timeout.min = 5s (custom)
2019-08-24 03:33:39,329 INFO  server.RaftServerConfigKeys (ConfUtils.java:logGet(43)) - raft.server.rpc.timeout.max = 5200ms (custom)
2019-08-24 03:33:39,330 INFO  server.RaftServerConfigKeys (ConfUtils.java:logGet(43)) - raft.server.rpcslowness.timeout = 120s (custom)
2019-08-24 03:33:39,330 INFO  server.RaftServerConfigKeys (ConfUtils.java:logGet(43)) - raft.server.sleep.deviation.threshold = 300 (default)
2019-08-24 03:33:39,330 INFO  server.RaftServerConfigKeys (ConfUtils.java:logGet(43)) - raft.server.log.appender.install.snapshot.enabled = false (custom)
2019-08-24 03:33:39,330 INFO  impl.RaftServerImpl (ServerState.java:<init>(105)) - 69d09fd6-b904-4e1e-8a2a-76bd34232c3f:group-A2899E27F5D9 ConfigurationManager, init=-1: [69d09fd6-b904-4e1e-8a2a-76bd34232c3f:192.168.69.87:46152], old=null, confs=<EMPTY_MAP>
2019-08-24 03:33:39,331 INFO  server.RaftServerConfigKeys (ConfUtils.java:logGet(43)) - raft.server.storage.dir = [/workdir/hadoop-ozone/integration-test/target/test-dir/MiniOzoneClusterImpl-581dd6e5-c089-4ac1-8c4d-803d6bc9a32c/datanode-0/data/ratis] (custom)
2019-08-24 03:33:39,331 INFO  storage.RaftStorageDirectory (RaftStorageDirectory.java:analyzeStorage(246)) - The storage directory /workdir/hadoop-ozone/integration-test/target/test-dir/MiniOzoneClusterImpl-581dd6e5-c089-4ac1-8c4d-803d6bc9a32c/datanode-0/data/ratis/b7ec04e8-d666-4463-9dc9-a2899e27f5d9 does not exist. Creating ...
2019-08-24 03:33:39,345 INFO  storage.RaftStorageDirectory (RaftStorageDirectory.java:tryLock(328)) - Lock on /workdir/hadoop-ozone/integration-test/target/test-dir/MiniOzoneClusterImpl-581dd6e5-c089-4ac1-8c4d-803d6bc9a32c/datanode-0/data/ratis/b7ec04e8-d666-4463-9dc9-a2899e27f5d9/in_use.lock acquired by nodename 17232@byscane-nightly-sgbhv-2167721923
2019-08-24 03:33:39,357 INFO  storage.RaftStorage (RaftStorage.java:format(72)) - Storage directory /workdir/hadoop-ozone/integration-test/target/test-dir/MiniOzoneClusterImpl-581dd6e5-c089-4ac1-8c4d-803d6bc9a32c/datanode-0/data/ratis/b7ec04e8-d666-4463-9dc9-a2899e27f5d9 has been successfully formatted.
2019-08-24 03:33:39,358 INFO  ratis.ContainerStateMachine (ContainerStateMachine.java:loadSnapshot(213)) - group-A2899E27F5D9: The snapshot info is null. Setting the last applied indexto:(t:0, i:~)
2019-08-24 03:33:39,358 INFO  server.RaftServerConfigKeys (ConfUtils.java:logGet(43)) - raft.server.leader.election.timeout = 120s (custom)
2019-08-24 03:33:39,358 INFO  server.RaftServerConfigKeys (ConfUtils.java:logGet(43)) - raft.server.log.use.memory = false (default)
2019-08-24 03:33:39,358 INFO  server.RaftServerConfigKeys (ConfUtils.java:logGet(43)) - raft.server.log.purge.gap = 1000000000 (custom)
2019-08-24 03:33:39,358 INFO  server.RaftServerConfigKeys (ConfUtils.java:logGet(43)) - raft.server.log.appender.buffer.byte-limit = 33554432 (custom)
2019-08-24 03:33:39,358 INFO  server.RaftServerConfigKeys (ConfUtils.java:logGet(43)) - raft.server.log.segment.size.max = 1048576 (custom)
2019-08-24 03:33:39,358 INFO  server.RaftServerConfigKeys (ConfUtils.java:logGet(43)) - raft.server.log.segment.cache.num.max = 2 (custom)
2019-08-24 03:33:39,358 INFO  segmented.SegmentedRaftLogWorker (SegmentedRaftLogWorker.java:<init>(172)) - new 69d09fd6-b904-4e1e-8a2a-76bd34232c3f-SegmentedRaftLogWorker:Storage Directory /workdir/hadoop-ozone/integration-test/target/test-dir/MiniOzoneClusterImpl-581dd6e5-c089-4ac1-8c4d-803d6bc9a32c/datanode-0/data/ratis/b7ec04e8-d666-4463-9dc9-a2899e27f5d9 for RaftStorage:Storage Directory /workdir/hadoop-ozone/integration-test/target/test-dir/MiniOzoneClusterImpl-581dd6e5-c089-4ac1-8c4d-803d6bc9a32c/datanode-0/data/ratis/b7ec04e8-d666-4463-9dc9-a2899e27f5d9
2019-08-24 03:33:39,359 INFO  server.RaftServerConfigKeys (ConfUtils.java:logGet(43)) - raft.server.log.queue.byte-limit = 2147483647 (custom)
2019-08-24 03:33:39,359 INFO  server.RaftServerConfigKeys (ConfUtils.java:logGet(43)) - raft.server.log.queue.element-limit = 1024 (custom)
2019-08-24 03:33:39,359 INFO  server.RaftServerConfigKeys (ConfUtils.java:logGet(43)) - raft.server.log.segment.size.max = 1048576 (custom)
2019-08-24 03:33:39,359 INFO  server.RaftServerConfigKeys (ConfUtils.java:logGet(43)) - raft.server.log.preallocated.size = 16384 (custom)
2019-08-24 03:33:39,359 INFO  server.RaftServerConfigKeys (ConfUtils.java:logGet(43)) - raft.server.log.write.buffer.size = 33554432 (custom)
2019-08-24 03:33:39,359 INFO  server.RaftServerConfigKeys (ConfUtils.java:logGet(43)) - raft.server.log.force.sync.num = 128 (default)
2019-08-24 03:33:39,359 INFO  server.RaftServerConfigKeys (ConfUtils.java:logGet(43)) - raft.server.log.statemachine.data.sync = true (default)
2019-08-24 03:33:39,360 INFO  server.RaftServerConfigKeys (ConfUtils.java:logGet(43)) - raft.server.log.statemachine.data.sync.timeout = 10s (default)
2019-08-24 03:33:39,360 INFO  server.RaftServerConfigKeys (ConfUtils.java:logGet(43)) - raft.server.log.statemachine.data.sync.timeout.retry = -1 (default)
2019-08-24 03:33:39,360 INFO  server.RaftServerConfigKeys (ConfUtils.java:logGet(43)) - raft.server.log.statemachine.data.caching.enabled = true (custom)
2019-08-24 03:33:39,360 INFO  segmented.SegmentedRaftLogWorker (SegmentedRaftLogWorker.java:lambda$new$0(132)) - 69d09fd6-b904-4e1e-8a2a-76bd34232c3f-SegmentedRaftLogWorker:Storage Directory /workdir/hadoop-ozone/integration-test/target/test-dir/MiniOzoneClusterImpl-581dd6e5-c089-4ac1-8c4d-803d6bc9a32c/datanode-0/data/ratis/b7ec04e8-d666-4463-9dc9-a2899e27f5d9: flushIndex: setUnconditionally 0 -> -1
2019-08-24 03:33:39,361 INFO  server.RaftServerConfigKeys (ConfUtils.java:logGet(43)) - raft.server.snapshot.auto.trigger.enabled = true (custom)
2019-08-24 03:33:39,361 INFO  server.RaftServerConfigKeys (ConfUtils.java:logGet(43)) - raft.server.snapshot.auto.trigger.threshold = 10000 (custom)
2019-08-24 03:33:39,361 INFO  server.RaftServerConfigKeys (ConfUtils.java:logGet(43)) - raft.server.retrycache.expirytime = 600000ms (custom)
2019-08-24 03:33:39,361 INFO  impl.RaftServerImpl (RaftServerImpl.java:start(180)) - 69d09fd6-b904-4e1e-8a2a-76bd34232c3f: start group-A2899E27F5D9
2019-08-24 03:33:39,361 INFO  impl.RaftServerImpl (RaftServerImpl.java:setRole(171)) - 69d09fd6-b904-4e1e-8a2a-76bd34232c3f:group-A2899E27F5D9 changes role from null to FOLLOWER at term 0 for startAsFollower
2019-08-24 03:33:39,361 INFO  impl.RoleInfo (RoleInfo.java:updateAndGet(143)) - 69d09fd6-b904-4e1e-8a2a-76bd34232c3f: start FollowerState
2019-08-24 03:33:39,362 INFO  util.JmxRegister (JmxRegister.java:tryRegister(44)) - Successfully registered JMX Bean with object name Ratis:service=RaftServer,group=group-A2899E27F5D9,id=69d09fd6-b904-4e1e-8a2a-76bd34232c3f
2019-08-24 03:33:39,368 INFO  pipeline.PipelineStateManager (PipelineStateManager.java:addPipeline(56)) - Created pipeline Pipeline[ Id: b7ec04e8-d666-4463-9dc9-a2899e27f5d9, Nodes: 69d09fd6-b904-4e1e-8a2a-76bd34232c3f{ip: 192.168.69.87, host: byscane-nightly-sgbhv-2167721923, networkLocation: /default-rack, certSerialId: null}, Type:RATIS, Factor:ONE, State:OPEN]
2019-08-24 03:33:39,515 INFO  net.NetworkTopology (NetworkTopologyImpl.java:add(110)) - Added a new node: /default-rack/effec267-9718-4f52-949a-788aed2f64c8
2019-08-24 03:33:39,516 INFO  node.SCMNodeManager (SCMNodeManager.java:register(273)) - Registered Data node : effec267-9718-4f52-949a-788aed2f64c8{ip: 192.168.69.87, host: byscane-nightly-sgbhv-2167721923, networkLocation: /default-rack, certSerialId: null}
2019-08-24 03:33:39,516 | INFO  | SCMAudit | user=jenkins1000 | ip=192.168.69.87 | op=REGISTER {datanodeDetails=effec267-9718-4f52-949a-788aed2f64c8{ip: 192.168.69.87, host: byscane-nightly-sgbhv-2167721923, networkLocation: /default-rack, certSerialId: null}} | ret=SUCCESS |  
2019-08-24 03:33:39,527 INFO  impl.RaftServerProxy (RaftServerProxy.java:addNew(89)) - effec267-9718-4f52-949a-788aed2f64c8: addNew group-85DF52327810:[effec267-9718-4f52-949a-788aed2f64c8:192.168.69.87:40842] returns group-85DF52327810:java.util.concurrent.CompletableFuture@2a4196b3[Not completed]
2019-08-24 03:33:39,529 INFO  impl.RaftServerImpl (RaftServerImpl.java:<init>(93)) - effec267-9718-4f52-949a-788aed2f64c8: new RaftServerImpl for group-85DF52327810:[effec267-9718-4f52-949a-788aed2f64c8:192.168.69.87:40842] with ContainerStateMachine:uninitialized
2019-08-24 03:33:39,529 INFO  server.RaftServerConfigKeys (ConfUtils.java:logGet(43)) - raft.server.rpc.timeout.min = 5s (custom)
2019-08-24 03:33:39,530 INFO  server.RaftServerConfigKeys (ConfUtils.java:logGet(43)) - raft.server.rpc.timeout.max = 5200ms (custom)
2019-08-24 03:33:39,530 INFO  server.RaftServerConfigKeys (ConfUtils.java:logGet(43)) - raft.server.rpcslowness.timeout = 120s (custom)
2019-08-24 03:33:39,530 INFO  server.RaftServerConfigKeys (ConfUtils.java:logGet(43)) - raft.server.sleep.deviation.threshold = 300 (default)
2019-08-24 03:33:39,530 INFO  server.RaftServerConfigKeys (ConfUtils.java:logGet(43)) - raft.server.log.appender.install.snapshot.enabled = false (custom)
2019-08-24 03:33:39,530 INFO  impl.RaftServerImpl (ServerState.java:<init>(105)) - effec267-9718-4f52-949a-788aed2f64c8:group-85DF52327810 ConfigurationManager, init=-1: [effec267-9718-4f52-949a-788aed2f64c8:192.168.69.87:40842], old=null, confs=<EMPTY_MAP>
2019-08-24 03:33:39,530 INFO  server.RaftServerConfigKeys (ConfUtils.java:logGet(43)) - raft.server.storage.dir = [/workdir/hadoop-ozone/integration-test/target/test-dir/MiniOzoneClusterImpl-581dd6e5-c089-4ac1-8c4d-803d6bc9a32c/datanode-1/data/ratis] (custom)
2019-08-24 03:33:39,531 INFO  storage.RaftStorageDirectory (RaftStorageDirectory.java:analyzeStorage(246)) - The storage directory /workdir/hadoop-ozone/integration-test/target/test-dir/MiniOzoneClusterImpl-581dd6e5-c089-4ac1-8c4d-803d6bc9a32c/datanode-1/data/ratis/fc88e1f4-2279-4472-9bfb-85df52327810 does not exist. Creating ...
2019-08-24 03:33:39,544 INFO  storage.RaftStorageDirectory (RaftStorageDirectory.java:tryLock(328)) - Lock on /workdir/hadoop-ozone/integration-test/target/test-dir/MiniOzoneClusterImpl-581dd6e5-c089-4ac1-8c4d-803d6bc9a32c/datanode-1/data/ratis/fc88e1f4-2279-4472-9bfb-85df52327810/in_use.lock acquired by nodename 17232@byscane-nightly-sgbhv-2167721923
2019-08-24 03:33:39,558 INFO  storage.RaftStorage (RaftStorage.java:format(72)) - Storage directory /workdir/hadoop-ozone/integration-test/target/test-dir/MiniOzoneClusterImpl-581dd6e5-c089-4ac1-8c4d-803d6bc9a32c/datanode-1/data/ratis/fc88e1f4-2279-4472-9bfb-85df52327810 has been successfully formatted.
2019-08-24 03:33:39,558 INFO  ratis.ContainerStateMachine (ContainerStateMachine.java:loadSnapshot(213)) - group-85DF52327810: The snapshot info is null. Setting the last applied indexto:(t:0, i:~)
2019-08-24 03:33:39,558 INFO  server.RaftServerConfigKeys (ConfUtils.java:logGet(43)) - raft.server.leader.election.timeout = 120s (custom)
2019-08-24 03:33:39,558 INFO  server.RaftServerConfigKeys (ConfUtils.java:logGet(43)) - raft.server.log.use.memory = false (default)
2019-08-24 03:33:39,558 INFO  server.RaftServerConfigKeys (ConfUtils.java:logGet(43)) - raft.server.log.purge.gap = 1000000000 (custom)
2019-08-24 03:33:39,559 INFO  server.RaftServerConfigKeys (ConfUtils.java:logGet(43)) - raft.server.log.appender.buffer.byte-limit = 33554432 (custom)
2019-08-24 03:33:39,559 INFO  server.RaftServerConfigKeys (ConfUtils.java:logGet(43)) - raft.server.log.segment.size.max = 1048576 (custom)
2019-08-24 03:33:39,559 INFO  server.RaftServerConfigKeys (ConfUtils.java:logGet(43)) - raft.server.log.segment.cache.num.max = 2 (custom)
2019-08-24 03:33:39,559 INFO  segmented.SegmentedRaftLogWorker (SegmentedRaftLogWorker.java:<init>(172)) - new effec267-9718-4f52-949a-788aed2f64c8-SegmentedRaftLogWorker:Storage Directory /workdir/hadoop-ozone/integration-test/target/test-dir/MiniOzoneClusterImpl-581dd6e5-c089-4ac1-8c4d-803d6bc9a32c/datanode-1/data/ratis/fc88e1f4-2279-4472-9bfb-85df52327810 for RaftStorage:Storage Directory /workdir/hadoop-ozone/integration-test/target/test-dir/MiniOzoneClusterImpl-581dd6e5-c089-4ac1-8c4d-803d6bc9a32c/datanode-1/data/ratis/fc88e1f4-2279-4472-9bfb-85df52327810
2019-08-24 03:33:39,559 INFO  server.RaftServerConfigKeys (ConfUtils.java:logGet(43)) - raft.server.log.queue.byte-limit = 2147483647 (custom)
2019-08-24 03:33:39,559 INFO  server.RaftServerConfigKeys (ConfUtils.java:logGet(43)) - raft.server.log.queue.element-limit = 1024 (custom)
2019-08-24 03:33:39,560 INFO  server.RaftServerConfigKeys (ConfUtils.java:logGet(43)) - raft.server.log.segment.size.max = 1048576 (custom)
2019-08-24 03:33:39,560 INFO  server.RaftServerConfigKeys (ConfUtils.java:logGet(43)) - raft.server.log.preallocated.size = 16384 (custom)
2019-08-24 03:33:39,560 INFO  server.RaftServerConfigKeys (ConfUtils.java:logGet(43)) - raft.server.log.write.buffer.size = 33554432 (custom)
2019-08-24 03:33:39,560 INFO  server.RaftServerConfigKeys (ConfUtils.java:logGet(43)) - raft.server.log.force.sync.num = 128 (default)
2019-08-24 03:33:39,560 INFO  server.RaftServerConfigKeys (ConfUtils.java:logGet(43)) - raft.server.log.statemachine.data.sync = true (default)
2019-08-24 03:33:39,560 INFO  server.RaftServerConfigKeys (ConfUtils.java:logGet(43)) - raft.server.log.statemachine.data.sync.timeout = 10s (default)
2019-08-24 03:33:39,561 INFO  server.RaftServerConfigKeys (ConfUtils.java:logGet(43)) - raft.server.log.statemachine.data.sync.timeout.retry = -1 (default)
2019-08-24 03:33:39,561 INFO  server.RaftServerConfigKeys (ConfUtils.java:logGet(43)) - raft.server.log.statemachine.data.caching.enabled = true (custom)
2019-08-24 03:33:39,561 INFO  segmented.SegmentedRaftLogWorker (SegmentedRaftLogWorker.java:lambda$new$0(132)) - effec267-9718-4f52-949a-788aed2f64c8-SegmentedRaftLogWorker:Storage Directory /workdir/hadoop-ozone/integration-test/target/test-dir/MiniOzoneClusterImpl-581dd6e5-c089-4ac1-8c4d-803d6bc9a32c/datanode-1/data/ratis/fc88e1f4-2279-4472-9bfb-85df52327810: flushIndex: setUnconditionally 0 -> -1
2019-08-24 03:33:39,562 INFO  server.RaftServerConfigKeys (ConfUtils.java:logGet(43)) - raft.server.snapshot.auto.trigger.enabled = true (custom)
2019-08-24 03:33:39,562 INFO  server.RaftServerConfigKeys (ConfUtils.java:logGet(43)) - raft.server.snapshot.auto.trigger.threshold = 10000 (custom)
2019-08-24 03:33:39,562 INFO  server.RaftServerConfigKeys (ConfUtils.java:logGet(43)) - raft.server.retrycache.expirytime = 600000ms (custom)
2019-08-24 03:33:39,562 INFO  impl.RaftServerImpl (RaftServerImpl.java:start(180)) - effec267-9718-4f52-949a-788aed2f64c8: start group-85DF52327810
2019-08-24 03:33:39,563 INFO  impl.RaftServerImpl (RaftServerImpl.java:setRole(171)) - effec267-9718-4f52-949a-788aed2f64c8:group-85DF52327810 changes role from null to FOLLOWER at term 0 for startAsFollower
2019-08-24 03:33:39,563 INFO  impl.RoleInfo (RoleInfo.java:updateAndGet(143)) - effec267-9718-4f52-949a-788aed2f64c8: start FollowerState
2019-08-24 03:33:39,564 INFO  util.JmxRegister (JmxRegister.java:tryRegister(44)) - Successfully registered JMX Bean with object name Ratis:service=RaftServer,group=group-85DF52327810,id=effec267-9718-4f52-949a-788aed2f64c8
2019-08-24 03:33:39,569 INFO  pipeline.PipelineStateManager (PipelineStateManager.java:addPipeline(56)) - Created pipeline Pipeline[ Id: fc88e1f4-2279-4472-9bfb-85df52327810, Nodes: effec267-9718-4f52-949a-788aed2f64c8{ip: 192.168.69.87, host: byscane-nightly-sgbhv-2167721923, networkLocation: /default-rack, certSerialId: null}, Type:RATIS, Factor:ONE, State:OPEN]
2019-08-24 03:33:39,736 INFO  ozone.MiniOzoneClusterImpl (MiniOzoneClusterImpl.java:lambda$waitForClusterToBeReady$0(142)) - Waiting for cluster to be ready. Got 2 of 7 DN Heartbeats.
2019-08-24 03:33:39,948 INFO  net.NetworkTopology (NetworkTopologyImpl.java:add(110)) - Added a new node: /default-rack/dcc12217-51b2-406c-9e3d-e39da684196b
2019-08-24 03:33:39,948 INFO  node.SCMNodeManager (SCMNodeManager.java:register(273)) - Registered Data node : dcc12217-51b2-406c-9e3d-e39da684196b{ip: 192.168.69.87, host: byscane-nightly-sgbhv-2167721923, networkLocation: /default-rack, certSerialId: null}
2019-08-24 03:33:39,949 | INFO  | SCMAudit | user=jenkins1000 | ip=192.168.69.87 | op=REGISTER {datanodeDetails=dcc12217-51b2-406c-9e3d-e39da684196b{ip: 192.168.69.87, host: byscane-nightly-sgbhv-2167721923, networkLocation: /default-rack, certSerialId: null}} | ret=SUCCESS |  
2019-08-24 03:33:39,956 INFO  impl.RaftServerProxy (RaftServerProxy.java:addNew(89)) - dcc12217-51b2-406c-9e3d-e39da684196b: addNew group-419AC3A78955:[dcc12217-51b2-406c-9e3d-e39da684196b:192.168.69.87:41689] returns group-419AC3A78955:java.util.concurrent.CompletableFuture@2180113e[Not completed]
2019-08-24 03:33:39,957 INFO  impl.RaftServerImpl (RaftServerImpl.java:<init>(93)) - dcc12217-51b2-406c-9e3d-e39da684196b: new RaftServerImpl for group-419AC3A78955:[dcc12217-51b2-406c-9e3d-e39da684196b:192.168.69.87:41689] with ContainerStateMachine:uninitialized
2019-08-24 03:33:39,957 INFO  server.RaftServerConfigKeys (ConfUtils.java:logGet(43)) - raft.server.rpc.timeout.min = 5s (custom)
2019-08-24 03:33:39,957 INFO  server.RaftServerConfigKeys (ConfUtils.java:logGet(43)) - raft.server.rpc.timeout.max = 5200ms (custom)
2019-08-24 03:33:39,957 INFO  server.RaftServerConfigKeys (ConfUtils.java:logGet(43)) - raft.server.rpcslowness.timeout = 120s (custom)
2019-08-24 03:33:39,957 INFO  server.RaftServerConfigKeys (ConfUtils.java:logGet(43)) - raft.server.sleep.deviation.threshold = 300 (default)
2019-08-24 03:33:39,958 INFO  server.RaftServerConfigKeys (ConfUtils.java:logGet(43)) - raft.server.log.appender.install.snapshot.enabled = false (custom)
2019-08-24 03:33:39,958 INFO  impl.RaftServerImpl (ServerState.java:<init>(105)) - dcc12217-51b2-406c-9e3d-e39da684196b:group-419AC3A78955 ConfigurationManager, init=-1: [dcc12217-51b2-406c-9e3d-e39da684196b:192.168.69.87:41689], old=null, confs=<EMPTY_MAP>
2019-08-24 03:33:39,958 INFO  server.RaftServerConfigKeys (ConfUtils.java:logGet(43)) - raft.server.storage.dir = [/workdir/hadoop-ozone/integration-test/target/test-dir/MiniOzoneClusterImpl-581dd6e5-c089-4ac1-8c4d-803d6bc9a32c/datanode-2/data/ratis] (custom)
2019-08-24 03:33:39,958 INFO  storage.RaftStorageDirectory (RaftStorageDirectory.java:analyzeStorage(246)) - The storage directory /workdir/hadoop-ozone/integration-test/target/test-dir/MiniOzoneClusterImpl-581dd6e5-c089-4ac1-8c4d-803d6bc9a32c/datanode-2/data/ratis/afdb17f9-ed8e-4915-956d-419ac3a78955 does not exist. Creating ...
2019-08-24 03:33:39,972 INFO  storage.RaftStorageDirectory (RaftStorageDirectory.java:tryLock(328)) - Lock on /workdir/hadoop-ozone/integration-test/target/test-dir/MiniOzoneClusterImpl-581dd6e5-c089-4ac1-8c4d-803d6bc9a32c/datanode-2/data/ratis/afdb17f9-ed8e-4915-956d-419ac3a78955/in_use.lock acquired by nodename 17232@byscane-nightly-sgbhv-2167721923
2019-08-24 03:33:39,985 INFO  storage.RaftStorage (RaftStorage.java:format(72)) - Storage directory /workdir/hadoop-ozone/integration-test/target/test-dir/MiniOzoneClusterImpl-581dd6e5-c089-4ac1-8c4d-803d6bc9a32c/datanode-2/data/ratis/afdb17f9-ed8e-4915-956d-419ac3a78955 has been successfully formatted.
2019-08-24 03:33:39,985 INFO  ratis.ContainerStateMachine (ContainerStateMachine.java:loadSnapshot(213)) - group-419AC3A78955: The snapshot info is null. Setting the last applied indexto:(t:0, i:~)
2019-08-24 03:33:39,985 INFO  server.RaftServerConfigKeys (ConfUtils.java:logGet(43)) - raft.server.leader.election.timeout = 120s (custom)
2019-08-24 03:33:39,985 INFO  server.RaftServerConfigKeys (ConfUtils.java:logGet(43)) - raft.server.log.use.memory = false (default)
2019-08-24 03:33:39,985 INFO  server.RaftServerConfigKeys (ConfUtils.java:logGet(43)) - raft.server.log.purge.gap = 1000000000 (custom)
2019-08-24 03:33:39,985 INFO  server.RaftServerConfigKeys (ConfUtils.java:logGet(43)) - raft.server.log.appender.buffer.byte-limit = 33554432 (custom)
2019-08-24 03:33:39,986 INFO  server.RaftServerConfigKeys (ConfUtils.java:logGet(43)) - raft.server.log.segment.size.max = 1048576 (custom)
2019-08-24 03:33:39,986 INFO  server.RaftServerConfigKeys (ConfUtils.java:logGet(43)) - raft.server.log.segment.cache.num.max = 2 (custom)
2019-08-24 03:33:39,986 INFO  segmented.SegmentedRaftLogWorker (SegmentedRaftLogWorker.java:<init>(172)) - new dcc12217-51b2-406c-9e3d-e39da684196b-SegmentedRaftLogWorker:Storage Directory /workdir/hadoop-ozone/integration-test/target/test-dir/MiniOzoneClusterImpl-581dd6e5-c089-4ac1-8c4d-803d6bc9a32c/datanode-2/data/ratis/afdb17f9-ed8e-4915-956d-419ac3a78955 for RaftStorage:Storage Directory /workdir/hadoop-ozone/integration-test/target/test-dir/MiniOzoneClusterImpl-581dd6e5-c089-4ac1-8c4d-803d6bc9a32c/datanode-2/data/ratis/afdb17f9-ed8e-4915-956d-419ac3a78955
2019-08-24 03:33:39,986 INFO  server.RaftServerConfigKeys (ConfUtils.java:logGet(43)) - raft.server.log.queue.byte-limit = 2147483647 (custom)
2019-08-24 03:33:39,986 INFO  server.RaftServerConfigKeys (ConfUtils.java:logGet(43)) - raft.server.log.queue.element-limit = 1024 (custom)
2019-08-24 03:33:39,986 INFO  server.RaftServerConfigKeys (ConfUtils.java:logGet(43)) - raft.server.log.segment.size.max = 1048576 (custom)
2019-08-24 03:33:39,986 INFO  server.RaftServerConfigKeys (ConfUtils.java:logGet(43)) - raft.server.log.preallocated.size = 16384 (custom)
2019-08-24 03:33:39,987 INFO  server.RaftServerConfigKeys (ConfUtils.java:logGet(43)) - raft.server.log.write.buffer.size = 33554432 (custom)
2019-08-24 03:33:39,987 INFO  server.RaftServerConfigKeys (ConfUtils.java:logGet(43)) - raft.server.log.force.sync.num = 128 (default)
2019-08-24 03:33:39,987 INFO  server.RaftServerConfigKeys (ConfUtils.java:logGet(43)) - raft.server.log.statemachine.data.sync = true (default)
2019-08-24 03:33:39,987 INFO  server.RaftServerConfigKeys (ConfUtils.java:logGet(43)) - raft.server.log.statemachine.data.sync.timeout = 10s (default)
2019-08-24 03:33:39,987 INFO  server.RaftServerConfigKeys (ConfUtils.java:logGet(43)) - raft.server.log.statemachine.data.sync.timeout.retry = -1 (default)
2019-08-24 03:33:39,987 INFO  server.RaftServerConfigKeys (ConfUtils.java:logGet(43)) - raft.server.log.statemachine.data.caching.enabled = true (custom)
2019-08-24 03:33:39,988 INFO  segmented.SegmentedRaftLogWorker (SegmentedRaftLogWorker.java:lambda$new$0(132)) - dcc12217-51b2-406c-9e3d-e39da684196b-SegmentedRaftLogWorker:Storage Directory /workdir/hadoop-ozone/integration-test/target/test-dir/MiniOzoneClusterImpl-581dd6e5-c089-4ac1-8c4d-803d6bc9a32c/datanode-2/data/ratis/afdb17f9-ed8e-4915-956d-419ac3a78955: flushIndex: setUnconditionally 0 -> -1
2019-08-24 03:33:39,988 INFO  server.RaftServerConfigKeys (ConfUtils.java:logGet(43)) - raft.server.snapshot.auto.trigger.enabled = true (custom)
2019-08-24 03:33:39,988 INFO  server.RaftServerConfigKeys (ConfUtils.java:logGet(43)) - raft.server.snapshot.auto.trigger.threshold = 10000 (custom)
2019-08-24 03:33:39,988 INFO  server.RaftServerConfigKeys (ConfUtils.java:logGet(43)) - raft.server.retrycache.expirytime = 600000ms (custom)
2019-08-24 03:33:39,988 INFO  impl.RaftServerImpl (RaftServerImpl.java:start(180)) - dcc12217-51b2-406c-9e3d-e39da684196b: start group-419AC3A78955
2019-08-24 03:33:39,989 INFO  impl.RaftServerImpl (RaftServerImpl.java:setRole(171)) - dcc12217-51b2-406c-9e3d-e39da684196b:group-419AC3A78955 changes role from null to FOLLOWER at term 0 for startAsFollower
2019-08-24 03:33:39,989 INFO  impl.RoleInfo (RoleInfo.java:updateAndGet(143)) - dcc12217-51b2-406c-9e3d-e39da684196b: start FollowerState
2019-08-24 03:33:39,989 INFO  util.JmxRegister (JmxRegister.java:tryRegister(44)) - Successfully registered JMX Bean with object name Ratis:service=RaftServer,group=group-419AC3A78955,id=dcc12217-51b2-406c-9e3d-e39da684196b
2019-08-24 03:33:39,994 INFO  pipeline.PipelineStateManager (PipelineStateManager.java:addPipeline(56)) - Created pipeline Pipeline[ Id: afdb17f9-ed8e-4915-956d-419ac3a78955, Nodes: dcc12217-51b2-406c-9e3d-e39da684196b{ip: 192.168.69.87, host: byscane-nightly-sgbhv-2167721923, networkLocation: /default-rack, certSerialId: null}, Type:RATIS, Factor:ONE, State:OPEN]
2019-08-24 03:33:40,005 INFO  impl.RaftServerProxy (RaftServerProxy.java:addNew(89)) - effec267-9718-4f52-949a-788aed2f64c8: addNew group-741337134B4E:[69d09fd6-b904-4e1e-8a2a-76bd34232c3f:192.168.69.87:46152, dcc12217-51b2-406c-9e3d-e39da684196b:192.168.69.87:41689, effec267-9718-4f52-949a-788aed2f64c8:192.168.69.87:40842] returns group-741337134B4E:java.util.concurrent.CompletableFuture@149cf54f[Not completed]
2019-08-24 03:33:40,005 INFO  impl.RaftServerProxy (RaftServerProxy.java:addNew(89)) - 69d09fd6-b904-4e1e-8a2a-76bd34232c3f: addNew group-741337134B4E:[69d09fd6-b904-4e1e-8a2a-76bd34232c3f:192.168.69.87:46152, dcc12217-51b2-406c-9e3d-e39da684196b:192.168.69.87:41689, effec267-9718-4f52-949a-788aed2f64c8:192.168.69.87:40842] returns group-741337134B4E:java.util.concurrent.CompletableFuture@2e823dda[Not completed]
2019-08-24 03:33:40,005 INFO  impl.RaftServerProxy (RaftServerProxy.java:addNew(89)) - dcc12217-51b2-406c-9e3d-e39da684196b: addNew group-741337134B4E:[69d09fd6-b904-4e1e-8a2a-76bd34232c3f:192.168.69.87:46152, dcc12217-51b2-406c-9e3d-e39da684196b:192.168.69.87:41689, effec267-9718-4f52-949a-788aed2f64c8:192.168.69.87:40842] returns group-741337134B4E:java.util.concurrent.CompletableFuture@4b6dbd8e[Not completed]
2019-08-24 03:33:40,006 INFO  impl.RaftServerImpl (RaftServerImpl.java:<init>(93)) - effec267-9718-4f52-949a-788aed2f64c8: new RaftServerImpl for group-741337134B4E:[69d09fd6-b904-4e1e-8a2a-76bd34232c3f:192.168.69.87:46152, dcc12217-51b2-406c-9e3d-e39da684196b:192.168.69.87:41689, effec267-9718-4f52-949a-788aed2f64c8:192.168.69.87:40842] with ContainerStateMachine:uninitialized
2019-08-24 03:33:40,006 INFO  server.RaftServerConfigKeys (ConfUtils.java:logGet(43)) - raft.server.rpc.timeout.min = 5s (custom)
2019-08-24 03:33:40,006 INFO  server.RaftServerConfigKeys (ConfUtils.java:logGet(43)) - raft.server.rpc.timeout.max = 5200ms (custom)
2019-08-24 03:33:40,006 INFO  server.RaftServerConfigKeys (ConfUtils.java:logGet(43)) - raft.server.rpcslowness.timeout = 120s (custom)
2019-08-24 03:33:40,007 INFO  server.RaftServerConfigKeys (ConfUtils.java:logGet(43)) - raft.server.sleep.deviation.threshold = 300 (default)
2019-08-24 03:33:40,007 INFO  server.RaftServerConfigKeys (ConfUtils.java:logGet(43)) - raft.server.log.appender.install.snapshot.enabled = false (custom)
2019-08-24 03:33:40,007 INFO  impl.RaftServerImpl (RaftServerImpl.java:<init>(93)) - 69d09fd6-b904-4e1e-8a2a-76bd34232c3f: new RaftServerImpl for group-741337134B4E:[69d09fd6-b904-4e1e-8a2a-76bd34232c3f:192.168.69.87:46152, dcc12217-51b2-406c-9e3d-e39da684196b:192.168.69.87:41689, effec267-9718-4f52-949a-788aed2f64c8:192.168.69.87:40842] with ContainerStateMachine:uninitialized
2019-08-24 03:33:40,007 INFO  impl.RaftServerImpl (ServerState.java:<init>(105)) - effec267-9718-4f52-949a-788aed2f64c8:group-741337134B4E ConfigurationManager, init=-1: [69d09fd6-b904-4e1e-8a2a-76bd34232c3f:192.168.69.87:46152, dcc12217-51b2-406c-9e3d-e39da684196b:192.168.69.87:41689, effec267-9718-4f52-949a-788aed2f64c8:192.168.69.87:40842], old=null, confs=<EMPTY_MAP>
2019-08-24 03:33:40,007 INFO  server.RaftServerConfigKeys (ConfUtils.java:logGet(43)) - raft.server.rpc.timeout.min = 5s (custom)
2019-08-24 03:33:40,007 INFO  server.RaftServerConfigKeys (ConfUtils.java:logGet(43)) - raft.server.storage.dir = [/workdir/hadoop-ozone/integration-test/target/test-dir/MiniOzoneClusterImpl-581dd6e5-c089-4ac1-8c4d-803d6bc9a32c/datanode-1/data/ratis] (custom)
2019-08-24 03:33:40,007 INFO  server.RaftServerConfigKeys (ConfUtils.java:logGet(43)) - raft.server.rpc.timeout.max = 5200ms (custom)
2019-08-24 03:33:40,007 INFO  impl.RaftServerImpl (RaftServerImpl.java:<init>(93)) - dcc12217-51b2-406c-9e3d-e39da684196b: new RaftServerImpl for group-741337134B4E:[69d09fd6-b904-4e1e-8a2a-76bd34232c3f:192.168.69.87:46152, dcc12217-51b2-406c-9e3d-e39da684196b:192.168.69.87:41689, effec267-9718-4f52-949a-788aed2f64c8:192.168.69.87:40842] with ContainerStateMachine:uninitialized
2019-08-24 03:33:40,007 INFO  storage.RaftStorageDirectory (RaftStorageDirectory.java:analyzeStorage(246)) - The storage directory /workdir/hadoop-ozone/integration-test/target/test-dir/MiniOzoneClusterImpl-581dd6e5-c089-4ac1-8c4d-803d6bc9a32c/datanode-1/data/ratis/dd777e94-9667-486b-a038-741337134b4e does not exist. Creating ...
2019-08-24 03:33:40,007 INFO  server.RaftServerConfigKeys (ConfUtils.java:logGet(43)) - raft.server.rpcslowness.timeout = 120s (custom)
2019-08-24 03:33:40,007 INFO  server.RaftServerConfigKeys (ConfUtils.java:logGet(43)) - raft.server.rpc.timeout.min = 5s (custom)
2019-08-24 03:33:40,008 INFO  server.RaftServerConfigKeys (ConfUtils.java:logGet(43)) - raft.server.sleep.deviation.threshold = 300 (default)
2019-08-24 03:33:40,008 INFO  server.RaftServerConfigKeys (ConfUtils.java:logGet(43)) - raft.server.rpc.timeout.max = 5200ms (custom)
2019-08-24 03:33:40,008 INFO  server.RaftServerConfigKeys (ConfUtils.java:logGet(43)) - raft.server.log.appender.install.snapshot.enabled = false (custom)
2019-08-24 03:33:40,008 INFO  server.RaftServerConfigKeys (ConfUtils.java:logGet(43)) - raft.server.rpcslowness.timeout = 120s (custom)
2019-08-24 03:33:40,009 INFO  impl.RaftServerImpl (ServerState.java:<init>(105)) - 69d09fd6-b904-4e1e-8a2a-76bd34232c3f:group-741337134B4E ConfigurationManager, init=-1: [69d09fd6-b904-4e1e-8a2a-76bd34232c3f:192.168.69.87:46152, dcc12217-51b2-406c-9e3d-e39da684196b:192.168.69.87:41689, effec267-9718-4f52-949a-788aed2f64c8:192.168.69.87:40842], old=null, confs=<EMPTY_MAP>
2019-08-24 03:33:40,009 INFO  server.RaftServerConfigKeys (ConfUtils.java:logGet(43)) - raft.server.sleep.deviation.threshold = 300 (default)
2019-08-24 03:33:40,009 INFO  server.RaftServerConfigKeys (ConfUtils.java:logGet(43)) - raft.server.storage.dir = [/workdir/hadoop-ozone/integration-test/target/test-dir/MiniOzoneClusterImpl-581dd6e5-c089-4ac1-8c4d-803d6bc9a32c/datanode-0/data/ratis] (custom)
2019-08-24 03:33:40,009 INFO  server.RaftServerConfigKeys (ConfUtils.java:logGet(43)) - raft.server.log.appender.install.snapshot.enabled = false (custom)
2019-08-24 03:33:40,009 INFO  impl.RaftServerImpl (ServerState.java:<init>(105)) - dcc12217-51b2-406c-9e3d-e39da684196b:group-741337134B4E ConfigurationManager, init=-1: [69d09fd6-b904-4e1e-8a2a-76bd34232c3f:192.168.69.87:46152, dcc12217-51b2-406c-9e3d-e39da684196b:192.168.69.87:41689, effec267-9718-4f52-949a-788aed2f64c8:192.168.69.87:40842], old=null, confs=<EMPTY_MAP>
2019-08-24 03:33:40,009 INFO  storage.RaftStorageDirectory (RaftStorageDirectory.java:analyzeStorage(246)) - The storage directory /workdir/hadoop-ozone/integration-test/target/test-dir/MiniOzoneClusterImpl-581dd6e5-c089-4ac1-8c4d-803d6bc9a32c/datanode-0/data/ratis/dd777e94-9667-486b-a038-741337134b4e does not exist. Creating ...
2019-08-24 03:33:40,009 INFO  server.RaftServerConfigKeys (ConfUtils.java:logGet(43)) - raft.server.storage.dir = [/workdir/hadoop-ozone/integration-test/target/test-dir/MiniOzoneClusterImpl-581dd6e5-c089-4ac1-8c4d-803d6bc9a32c/datanode-2/data/ratis] (custom)
2019-08-24 03:33:40,010 INFO  storage.RaftStorageDirectory (RaftStorageDirectory.java:analyzeStorage(246)) - The storage directory /workdir/hadoop-ozone/integration-test/target/test-dir/MiniOzoneClusterImpl-581dd6e5-c089-4ac1-8c4d-803d6bc9a32c/datanode-2/data/ratis/dd777e94-9667-486b-a038-741337134b4e does not exist. Creating ...
2019-08-24 03:33:40,021 INFO  storage.RaftStorageDirectory (RaftStorageDirectory.java:tryLock(328)) - Lock on /workdir/hadoop-ozone/integration-test/target/test-dir/MiniOzoneClusterImpl-581dd6e5-c089-4ac1-8c4d-803d6bc9a32c/datanode-0/data/ratis/dd777e94-9667-486b-a038-741337134b4e/in_use.lock acquired by nodename 17232@byscane-nightly-sgbhv-2167721923
2019-08-24 03:33:40,021 INFO  storage.RaftStorageDirectory (RaftStorageDirectory.java:tryLock(328)) - Lock on /workdir/hadoop-ozone/integration-test/target/test-dir/MiniOzoneClusterImpl-581dd6e5-c089-4ac1-8c4d-803d6bc9a32c/datanode-2/data/ratis/dd777e94-9667-486b-a038-741337134b4e/in_use.lock acquired by nodename 17232@byscane-nightly-sgbhv-2167721923
2019-08-24 03:33:40,021 INFO  storage.RaftStorageDirectory (RaftStorageDirectory.java:tryLock(328)) - Lock on /workdir/hadoop-ozone/integration-test/target/test-dir/MiniOzoneClusterImpl-581dd6e5-c089-4ac1-8c4d-803d6bc9a32c/datanode-1/data/ratis/dd777e94-9667-486b-a038-741337134b4e/in_use.lock acquired by nodename 17232@byscane-nightly-sgbhv-2167721923
2019-08-24 03:33:40,034 INFO  storage.RaftStorage (RaftStorage.java:format(72)) - Storage directory /workdir/hadoop-ozone/integration-test/target/test-dir/MiniOzoneClusterImpl-581dd6e5-c089-4ac1-8c4d-803d6bc9a32c/datanode-0/data/ratis/dd777e94-9667-486b-a038-741337134b4e has been successfully formatted.
2019-08-24 03:33:40,034 INFO  storage.RaftStorage (RaftStorage.java:format(72)) - Storage directory /workdir/hadoop-ozone/integration-test/target/test-dir/MiniOzoneClusterImpl-581dd6e5-c089-4ac1-8c4d-803d6bc9a32c/datanode-2/data/ratis/dd777e94-9667-486b-a038-741337134b4e has been successfully formatted.
2019-08-24 03:33:40,034 INFO  storage.RaftStorage (RaftStorage.java:format(72)) - Storage directory /workdir/hadoop-ozone/integration-test/target/test-dir/MiniOzoneClusterImpl-581dd6e5-c089-4ac1-8c4d-803d6bc9a32c/datanode-1/data/ratis/dd777e94-9667-486b-a038-741337134b4e has been successfully formatted.
2019-08-24 03:33:40,035 INFO  ratis.ContainerStateMachine (ContainerStateMachine.java:loadSnapshot(213)) - group-741337134B4E: The snapshot info is null. Setting the last applied indexto:(t:0, i:~)
2019-08-24 03:33:40,035 INFO  ratis.ContainerStateMachine (ContainerStateMachine.java:loadSnapshot(213)) - group-741337134B4E: The snapshot info is null. Setting the last applied indexto:(t:0, i:~)
2019-08-24 03:33:40,035 INFO  ratis.ContainerStateMachine (ContainerStateMachine.java:loadSnapshot(213)) - group-741337134B4E: The snapshot info is null. Setting the last applied indexto:(t:0, i:~)
2019-08-24 03:33:40,035 INFO  server.RaftServerConfigKeys (ConfUtils.java:logGet(43)) - raft.server.leader.election.timeout = 120s (custom)
2019-08-24 03:33:40,035 INFO  server.RaftServerConfigKeys (ConfUtils.java:logGet(43)) - raft.server.leader.election.timeout = 120s (custom)
2019-08-24 03:33:40,035 INFO  server.RaftServerConfigKeys (ConfUtils.java:logGet(43)) - raft.server.log.use.memory = false (default)
2019-08-24 03:33:40,035 INFO  server.RaftServerConfigKeys (ConfUtils.java:logGet(43)) - raft.server.leader.election.timeout = 120s (custom)
2019-08-24 03:33:40,036 INFO  server.RaftServerConfigKeys (ConfUtils.java:logGet(43)) - raft.server.log.purge.gap = 1000000000 (custom)
2019-08-24 03:33:40,035 INFO  server.RaftServerConfigKeys (ConfUtils.java:logGet(43)) - raft.server.log.use.memory = false (default)
2019-08-24 03:33:40,036 INFO  server.RaftServerConfigKeys (ConfUtils.java:logGet(43)) - raft.server.log.appender.buffer.byte-limit = 33554432 (custom)
2019-08-24 03:33:40,036 INFO  server.RaftServerConfigKeys (ConfUtils.java:logGet(43)) - raft.server.log.use.memory = false (default)
2019-08-24 03:33:40,036 INFO  server.RaftServerConfigKeys (ConfUtils.java:logGet(43)) - raft.server.log.segment.size.max = 1048576 (custom)
2019-08-24 03:33:40,036 INFO  server.RaftServerConfigKeys (ConfUtils.java:logGet(43)) - raft.server.log.purge.gap = 1000000000 (custom)
2019-08-24 03:33:40,036 INFO  server.RaftServerConfigKeys (ConfUtils.java:logGet(43)) - raft.server.log.segment.cache.num.max = 2 (custom)
2019-08-24 03:33:40,036 INFO  server.RaftServerConfigKeys (ConfUtils.java:logGet(43)) - raft.server.log.purge.gap = 1000000000 (custom)
2019-08-24 03:33:40,037 INFO  segmented.SegmentedRaftLogWorker (SegmentedRaftLogWorker.java:<init>(172)) - new effec267-9718-4f52-949a-788aed2f64c8-SegmentedRaftLogWorker:Storage Directory /workdir/hadoop-ozone/integration-test/target/test-dir/MiniOzoneClusterImpl-581dd6e5-c089-4ac1-8c4d-803d6bc9a32c/datanode-1/data/ratis/dd777e94-9667-486b-a038-741337134b4e for RaftStorage:Storage Directory /workdir/hadoop-ozone/integration-test/target/test-dir/MiniOzoneClusterImpl-581dd6e5-c089-4ac1-8c4d-803d6bc9a32c/datanode-1/data/ratis/dd777e94-9667-486b-a038-741337134b4e
2019-08-24 03:33:40,036 INFO  server.RaftServerConfigKeys (ConfUtils.java:logGet(43)) - raft.server.log.appender.buffer.byte-limit = 33554432 (custom)
2019-08-24 03:33:40,037 INFO  server.RaftServerConfigKeys (ConfUtils.java:logGet(43)) - raft.server.log.queue.byte-limit = 2147483647 (custom)
2019-08-24 03:33:40,037 INFO  server.RaftServerConfigKeys (ConfUtils.java:logGet(43)) - raft.server.log.appender.buffer.byte-limit = 33554432 (custom)
2019-08-24 03:33:40,037 INFO  server.RaftServerConfigKeys (ConfUtils.java:logGet(43)) - raft.server.log.queue.element-limit = 1024 (custom)
2019-08-24 03:33:40,037 INFO  server.RaftServerConfigKeys (ConfUtils.java:logGet(43)) - raft.server.log.segment.size.max = 1048576 (custom)
2019-08-24 03:33:40,037 INFO  server.RaftServerConfigKeys (ConfUtils.java:logGet(43)) - raft.server.log.segment.size.max = 1048576 (custom)
2019-08-24 03:33:40,038 INFO  server.RaftServerConfigKeys (ConfUtils.java:logGet(43)) - raft.server.log.preallocated.size = 16384 (custom)
2019-08-24 03:33:40,037 INFO  server.RaftServerConfigKeys (ConfUtils.java:logGet(43)) - raft.server.log.segment.size.max = 1048576 (custom)
2019-08-24 03:33:40,038 INFO  server.RaftServerConfigKeys (ConfUtils.java:logGet(43)) - raft.server.log.write.buffer.size = 33554432 (custom)
2019-08-24 03:33:40,037 INFO  server.RaftServerConfigKeys (ConfUtils.java:logGet(43)) - raft.server.log.segment.cache.num.max = 2 (custom)
2019-08-24 03:33:40,038 INFO  server.RaftServerConfigKeys (ConfUtils.java:logGet(43)) - raft.server.log.force.sync.num = 128 (default)
2019-08-24 03:33:40,038 INFO  server.RaftServerConfigKeys (ConfUtils.java:logGet(43)) - raft.server.log.statemachine.data.sync = true (default)
2019-08-24 03:33:40,038 INFO  server.RaftServerConfigKeys (ConfUtils.java:logGet(43)) - raft.server.log.segment.cache.num.max = 2 (custom)
2019-08-24 03:33:40,038 INFO  server.RaftServerConfigKeys (ConfUtils.java:logGet(43)) - raft.server.log.statemachine.data.sync.timeout = 10s (default)
2019-08-24 03:33:40,039 INFO  server.RaftServerConfigKeys (ConfUtils.java:logGet(43)) - raft.server.log.statemachine.data.sync.timeout.retry = -1 (default)
2019-08-24 03:33:40,038 INFO  segmented.SegmentedRaftLogWorker (SegmentedRaftLogWorker.java:<init>(172)) - new dcc12217-51b2-406c-9e3d-e39da684196b-SegmentedRaftLogWorker:Storage Directory /workdir/hadoop-ozone/integration-test/target/test-dir/MiniOzoneClusterImpl-581dd6e5-c089-4ac1-8c4d-803d6bc9a32c/datanode-2/data/ratis/dd777e94-9667-486b-a038-741337134b4e for RaftStorage:Storage Directory /workdir/hadoop-ozone/integration-test/target/test-dir/MiniOzoneClusterImpl-581dd6e5-c089-4ac1-8c4d-803d6bc9a32c/datanode-2/data/ratis/dd777e94-9667-486b-a038-741337134b4e
2019-08-24 03:33:40,039 INFO  server.RaftServerConfigKeys (ConfUtils.java:logGet(43)) - raft.server.log.statemachine.data.caching.enabled = true (custom)
2019-08-24 03:33:40,038 INFO  segmented.SegmentedRaftLogWorker (SegmentedRaftLogWorker.java:<init>(172)) - new 69d09fd6-b904-4e1e-8a2a-76bd34232c3f-SegmentedRaftLogWorker:Storage Directory /workdir/hadoop-ozone/integration-test/target/test-dir/MiniOzoneClusterImpl-581dd6e5-c089-4ac1-8c4d-803d6bc9a32c/datanode-0/data/ratis/dd777e94-9667-486b-a038-741337134b4e for RaftStorage:Storage Directory /workdir/hadoop-ozone/integration-test/target/test-dir/MiniOzoneClusterImpl-581dd6e5-c089-4ac1-8c4d-803d6bc9a32c/datanode-0/data/ratis/dd777e94-9667-486b-a038-741337134b4e
2019-08-24 03:33:40,039 INFO  server.RaftServerConfigKeys (ConfUtils.java:logGet(43)) - raft.server.log.queue.byte-limit = 2147483647 (custom)
2019-08-24 03:33:40,039 INFO  server.RaftServerConfigKeys (ConfUtils.java:logGet(43)) - raft.server.log.queue.byte-limit = 2147483647 (custom)
2019-08-24 03:33:40,039 INFO  segmented.SegmentedRaftLogWorker (SegmentedRaftLogWorker.java:lambda$new$0(132)) - effec267-9718-4f52-949a-788aed2f64c8-SegmentedRaftLogWorker:Storage Directory /workdir/hadoop-ozone/integration-test/target/test-dir/MiniOzoneClusterImpl-581dd6e5-c089-4ac1-8c4d-803d6bc9a32c/datanode-1/data/ratis/dd777e94-9667-486b-a038-741337134b4e: flushIndex: setUnconditionally 0 -> -1
2019-08-24 03:33:40,039 INFO  server.RaftServerConfigKeys (ConfUtils.java:logGet(43)) - raft.server.log.queue.element-limit = 1024 (custom)
2019-08-24 03:33:40,039 INFO  server.RaftServerConfigKeys (ConfUtils.java:logGet(43)) - raft.server.log.queue.element-limit = 1024 (custom)
2019-08-24 03:33:40,040 INFO  server.RaftServerConfigKeys (ConfUtils.java:logGet(43)) - raft.server.snapshot.auto.trigger.enabled = true (custom)
2019-08-24 03:33:40,040 INFO  server.RaftServerConfigKeys (ConfUtils.java:logGet(43)) - raft.server.log.segment.size.max = 1048576 (custom)
2019-08-24 03:33:40,040 INFO  server.RaftServerConfigKeys (ConfUtils.java:logGet(43)) - raft.server.snapshot.auto.trigger.threshold = 10000 (custom)
2019-08-24 03:33:40,040 INFO  server.RaftServerConfigKeys (ConfUtils.java:logGet(43)) - raft.server.log.segment.size.max = 1048576 (custom)
2019-08-24 03:33:40,040 INFO  server.RaftServerConfigKeys (ConfUtils.java:logGet(43)) - raft.server.retrycache.expirytime = 600000ms (custom)
2019-08-24 03:33:40,040 INFO  server.RaftServerConfigKeys (ConfUtils.java:logGet(43)) - raft.server.log.preallocated.size = 16384 (custom)
2019-08-24 03:33:40,040 INFO  impl.RaftServerImpl (RaftServerImpl.java:start(180)) - effec267-9718-4f52-949a-788aed2f64c8: start group-741337134B4E
2019-08-24 03:33:40,040 INFO  impl.RaftServerImpl (RaftServerImpl.java:setRole(171)) - effec267-9718-4f52-949a-788aed2f64c8:group-741337134B4E changes role from null to FOLLOWER at term 0 for startAsFollower
2019-08-24 03:33:40,040 INFO  server.RaftServerConfigKeys (ConfUtils.java:logGet(43)) - raft.server.log.preallocated.size = 16384 (custom)
2019-08-24 03:33:40,041 INFO  impl.RoleInfo (RoleInfo.java:updateAndGet(143)) - effec267-9718-4f52-949a-788aed2f64c8: start FollowerState
2019-08-24 03:33:40,040 INFO  server.RaftServerConfigKeys (ConfUtils.java:logGet(43)) - raft.server.log.write.buffer.size = 33554432 (custom)
2019-08-24 03:33:40,041 INFO  server.RaftServerConfigKeys (ConfUtils.java:logGet(43)) - raft.server.log.write.buffer.size = 33554432 (custom)
2019-08-24 03:33:40,041 INFO  server.RaftServerConfigKeys (ConfUtils.java:logGet(43)) - raft.server.log.force.sync.num = 128 (default)
2019-08-24 03:33:40,041 INFO  util.JmxRegister (JmxRegister.java:tryRegister(44)) - Successfully registered JMX Bean with object name Ratis:service=RaftServer,group=group-741337134B4E,id=effec267-9718-4f52-949a-788aed2f64c8
2019-08-24 03:33:40,041 INFO  server.RaftServerConfigKeys (ConfUtils.java:logGet(43)) - raft.server.log.force.sync.num = 128 (default)
2019-08-24 03:33:40,041 INFO  server.RaftServerConfigKeys (ConfUtils.java:logGet(43)) - raft.server.log.statemachine.data.sync = true (default)
2019-08-24 03:33:40,041 INFO  server.RaftServerConfigKeys (ConfUtils.java:logGet(43)) - raft.server.log.statemachine.data.sync = true (default)
2019-08-24 03:33:40,042 INFO  server.RaftServerConfigKeys (ConfUtils.java:logGet(43)) - raft.server.log.statemachine.data.sync.timeout = 10s (default)
2019-08-24 03:33:40,042 INFO  server.RaftServerConfigKeys (ConfUtils.java:logGet(43)) - raft.server.log.statemachine.data.sync.timeout = 10s (default)
2019-08-24 03:33:40,042 INFO  server.RaftServerConfigKeys (ConfUtils.java:logGet(43)) - raft.server.log.statemachine.data.sync.timeout.retry = -1 (default)
2019-08-24 03:33:40,042 INFO  server.RaftServerConfigKeys (ConfUtils.java:logGet(43)) - raft.server.log.statemachine.data.sync.timeout.retry = -1 (default)
2019-08-24 03:33:40,042 INFO  server.RaftServerConfigKeys (ConfUtils.java:logGet(43)) - raft.server.log.statemachine.data.caching.enabled = true (custom)
2019-08-24 03:33:40,042 INFO  server.RaftServerConfigKeys (ConfUtils.java:logGet(43)) - raft.server.log.statemachine.data.caching.enabled = true (custom)
2019-08-24 03:33:40,045 INFO  segmented.SegmentedRaftLogWorker (SegmentedRaftLogWorker.java:lambda$new$0(132)) - 69d09fd6-b904-4e1e-8a2a-76bd34232c3f-SegmentedRaftLogWorker:Storage Directory /workdir/hadoop-ozone/integration-test/target/test-dir/MiniOzoneClusterImpl-581dd6e5-c089-4ac1-8c4d-803d6bc9a32c/datanode-0/data/ratis/dd777e94-9667-486b-a038-741337134b4e: flushIndex: setUnconditionally 0 -> -1
2019-08-24 03:33:40,045 INFO  segmented.SegmentedRaftLogWorker (SegmentedRaftLogWorker.java:lambda$new$0(132)) - dcc12217-51b2-406c-9e3d-e39da684196b-SegmentedRaftLogWorker:Storage Directory /workdir/hadoop-ozone/integration-test/target/test-dir/MiniOzoneClusterImpl-581dd6e5-c089-4ac1-8c4d-803d6bc9a32c/datanode-2/data/ratis/dd777e94-9667-486b-a038-741337134b4e: flushIndex: setUnconditionally 0 -> -1
2019-08-24 03:33:40,045 INFO  server.RaftServerConfigKeys (ConfUtils.java:logGet(43)) - raft.server.snapshot.auto.trigger.enabled = true (custom)
2019-08-24 03:33:40,045 INFO  server.RaftServerConfigKeys (ConfUtils.java:logGet(43)) - raft.server.snapshot.auto.trigger.threshold = 10000 (custom)
2019-08-24 03:33:40,046 INFO  server.RaftServerConfigKeys (ConfUtils.java:logGet(43)) - raft.server.retrycache.expirytime = 600000ms (custom)
2019-08-24 03:33:40,046 INFO  server.RaftServerConfigKeys (ConfUtils.java:logGet(43)) - raft.server.snapshot.auto.trigger.enabled = true (custom)
2019-08-24 03:33:40,046 INFO  impl.RaftServerImpl (RaftServerImpl.java:start(180)) - 69d09fd6-b904-4e1e-8a2a-76bd34232c3f: start group-741337134B4E
2019-08-24 03:33:40,046 INFO  server.RaftServerConfigKeys (ConfUtils.java:logGet(43)) - raft.server.snapshot.auto.trigger.threshold = 10000 (custom)
2019-08-24 03:33:40,046 INFO  impl.RaftServerImpl (RaftServerImpl.java:setRole(171)) - 69d09fd6-b904-4e1e-8a2a-76bd34232c3f:group-741337134B4E changes role from null to FOLLOWER at term 0 for startAsFollower
2019-08-24 03:33:40,046 INFO  server.RaftServerConfigKeys (ConfUtils.java:logGet(43)) - raft.server.retrycache.expirytime = 600000ms (custom)
2019-08-24 03:33:40,046 INFO  impl.RoleInfo (RoleInfo.java:updateAndGet(143)) - 69d09fd6-b904-4e1e-8a2a-76bd34232c3f: start FollowerState
2019-08-24 03:33:40,046 INFO  impl.RaftServerImpl (RaftServerImpl.java:start(180)) - dcc12217-51b2-406c-9e3d-e39da684196b: start group-741337134B4E
2019-08-24 03:33:40,046 INFO  impl.RaftServerImpl (RaftServerImpl.java:setRole(171)) - dcc12217-51b2-406c-9e3d-e39da684196b:group-741337134B4E changes role from null to FOLLOWER at term 0 for startAsFollower
2019-08-24 03:33:40,047 INFO  util.JmxRegister (JmxRegister.java:tryRegister(44)) - Successfully registered JMX Bean with object name Ratis:service=RaftServer,group=group-741337134B4E,id=69d09fd6-b904-4e1e-8a2a-76bd34232c3f
2019-08-24 03:33:40,047 INFO  impl.RoleInfo (RoleInfo.java:updateAndGet(143)) - dcc12217-51b2-406c-9e3d-e39da684196b: start FollowerState
2019-08-24 03:33:40,047 INFO  util.JmxRegister (JmxRegister.java:tryRegister(44)) - Successfully registered JMX Bean with object name Ratis:service=RaftServer,group=group-741337134B4E,id=dcc12217-51b2-406c-9e3d-e39da684196b
2019-08-24 03:33:40,053 INFO  pipeline.PipelineStateManager (PipelineStateManager.java:addPipeline(56)) - Created pipeline Pipeline[ Id: dd777e94-9667-486b-a038-741337134b4e, Nodes: effec267-9718-4f52-949a-788aed2f64c8{ip: 192.168.69.87, host: byscane-nightly-sgbhv-2167721923, networkLocation: /default-rack, certSerialId: null}69d09fd6-b904-4e1e-8a2a-76bd34232c3f{ip: 192.168.69.87, host: byscane-nightly-sgbhv-2167721923, networkLocation: /default-rack, certSerialId: null}dcc12217-51b2-406c-9e3d-e39da684196b{ip: 192.168.69.87, host: byscane-nightly-sgbhv-2167721923, networkLocation: /default-rack, certSerialId: null}, Type:RATIS, Factor:THREE, State:OPEN]
2019-08-24 03:33:40,132 INFO  net.NetworkTopology (NetworkTopologyImpl.java:add(110)) - Added a new node: /default-rack/dc75a801-41d0-4005-9753-f538f4cd9742
2019-08-24 03:33:40,132 INFO  node.SCMNodeManager (SCMNodeManager.java:register(273)) - Registered Data node : dc75a801-41d0-4005-9753-f538f4cd9742{ip: 192.168.69.87, host: byscane-nightly-sgbhv-2167721923, networkLocation: /default-rack, certSerialId: null}
2019-08-24 03:33:40,132 | INFO  | SCMAudit | user=jenkins1000 | ip=192.168.69.87 | op=REGISTER {datanodeDetails=dc75a801-41d0-4005-9753-f538f4cd9742{ip: 192.168.69.87, host: byscane-nightly-sgbhv-2167721923, networkLocation: /default-rack, certSerialId: null}} | ret=SUCCESS |  
2019-08-24 03:33:40,138 INFO  impl.RaftServerProxy (RaftServerProxy.java:addNew(89)) - dc75a801-41d0-4005-9753-f538f4cd9742: addNew group-DDB39D49969D:[dc75a801-41d0-4005-9753-f538f4cd9742:192.168.69.87:37626] returns group-DDB39D49969D:java.util.concurrent.CompletableFuture@6b3c0fcd[Not completed]
2019-08-24 03:33:40,139 INFO  impl.RaftServerImpl (RaftServerImpl.java:<init>(93)) - dc75a801-41d0-4005-9753-f538f4cd9742: new RaftServerImpl for group-DDB39D49969D:[dc75a801-41d0-4005-9753-f538f4cd9742:192.168.69.87:37626] with ContainerStateMachine:uninitialized
2019-08-24 03:33:40,139 INFO  server.RaftServerConfigKeys (ConfUtils.java:logGet(43)) - raft.server.rpc.timeout.min = 5s (custom)
2019-08-24 03:33:40,139 INFO  server.RaftServerConfigKeys (ConfUtils.java:logGet(43)) - raft.server.rpc.timeout.max = 5200ms (custom)
2019-08-24 03:33:40,139 INFO  server.RaftServerConfigKeys (ConfUtils.java:logGet(43)) - raft.server.rpcslowness.timeout = 120s (custom)
2019-08-24 03:33:40,139 INFO  server.RaftServerConfigKeys (ConfUtils.java:logGet(43)) - raft.server.sleep.deviation.threshold = 300 (default)
2019-08-24 03:33:40,140 INFO  server.RaftServerConfigKeys (ConfUtils.java:logGet(43)) - raft.server.log.appender.install.snapshot.enabled = false (custom)
2019-08-24 03:33:40,140 INFO  impl.RaftServerImpl (ServerState.java:<init>(105)) - dc75a801-41d0-4005-9753-f538f4cd9742:group-DDB39D49969D ConfigurationManager, init=-1: [dc75a801-41d0-4005-9753-f538f4cd9742:192.168.69.87:37626], old=null, confs=<EMPTY_MAP>
2019-08-24 03:33:40,140 INFO  server.RaftServerConfigKeys (ConfUtils.java:logGet(43)) - raft.server.storage.dir = [/workdir/hadoop-ozone/integration-test/target/test-dir/MiniOzoneClusterImpl-581dd6e5-c089-4ac1-8c4d-803d6bc9a32c/datanode-3/data/ratis] (custom)
2019-08-24 03:33:40,140 INFO  storage.RaftStorageDirectory (RaftStorageDirectory.java:analyzeStorage(246)) - The storage directory /workdir/hadoop-ozone/integration-test/target/test-dir/MiniOzoneClusterImpl-581dd6e5-c089-4ac1-8c4d-803d6bc9a32c/datanode-3/data/ratis/efc69019-5311-413b-ac25-ddb39d49969d does not exist. Creating ...
2019-08-24 03:33:40,154 INFO  storage.RaftStorageDirectory (RaftStorageDirectory.java:tryLock(328)) - Lock on /workdir/hadoop-ozone/integration-test/target/test-dir/MiniOzoneClusterImpl-581dd6e5-c089-4ac1-8c4d-803d6bc9a32c/datanode-3/data/ratis/efc69019-5311-413b-ac25-ddb39d49969d/in_use.lock acquired by nodename 17232@byscane-nightly-sgbhv-2167721923
2019-08-24 03:33:40,167 INFO  storage.RaftStorage (RaftStorage.java:format(72)) - Storage directory /workdir/hadoop-ozone/integration-test/target/test-dir/MiniOzoneClusterImpl-581dd6e5-c089-4ac1-8c4d-803d6bc9a32c/datanode-3/data/ratis/efc69019-5311-413b-ac25-ddb39d49969d has been successfully formatted.
2019-08-24 03:33:40,167 INFO  ratis.ContainerStateMachine (ContainerStateMachine.java:loadSnapshot(213)) - group-DDB39D49969D: The snapshot info is null. Setting the last applied indexto:(t:0, i:~)
2019-08-24 03:33:40,167 INFO  server.RaftServerConfigKeys (ConfUtils.java:logGet(43)) - raft.server.leader.election.timeout = 120s (custom)
2019-08-24 03:33:40,167 INFO  server.RaftServerConfigKeys (ConfUtils.java:logGet(43)) - raft.server.log.use.memory = false (default)
2019-08-24 03:33:40,168 INFO  server.RaftServerConfigKeys (ConfUtils.java:logGet(43)) - raft.server.log.purge.gap = 1000000000 (custom)
2019-08-24 03:33:40,168 INFO  server.RaftServerConfigKeys (ConfUtils.java:logGet(43)) - raft.server.log.appender.buffer.byte-limit = 33554432 (custom)
2019-08-24 03:33:40,168 INFO  server.RaftServerConfigKeys (ConfUtils.java:logGet(43)) - raft.server.log.segment.size.max = 1048576 (custom)
2019-08-24 03:33:40,168 INFO  server.RaftServerConfigKeys (ConfUtils.java:logGet(43)) - raft.server.log.segment.cache.num.max = 2 (custom)
2019-08-24 03:33:40,168 INFO  segmented.SegmentedRaftLogWorker (SegmentedRaftLogWorker.java:<init>(172)) - new dc75a801-41d0-4005-9753-f538f4cd9742-SegmentedRaftLogWorker:Storage Directory /workdir/hadoop-ozone/integration-test/target/test-dir/MiniOzoneClusterImpl-581dd6e5-c089-4ac1-8c4d-803d6bc9a32c/datanode-3/data/ratis/efc69019-5311-413b-ac25-ddb39d49969d for RaftStorage:Storage Directory /workdir/hadoop-ozone/integration-test/target/test-dir/MiniOzoneClusterImpl-581dd6e5-c089-4ac1-8c4d-803d6bc9a32c/datanode-3/data/ratis/efc69019-5311-413b-ac25-ddb39d49969d
2019-08-24 03:33:40,168 INFO  server.RaftServerConfigKeys (ConfUtils.java:logGet(43)) - raft.server.log.queue.byte-limit = 2147483647 (custom)
2019-08-24 03:33:40,168 INFO  server.RaftServerConfigKeys (ConfUtils.java:logGet(43)) - raft.server.log.queue.element-limit = 1024 (custom)
2019-08-24 03:33:40,169 INFO  server.RaftServerConfigKeys (ConfUtils.java:logGet(43)) - raft.server.log.segment.size.max = 1048576 (custom)
2019-08-24 03:33:40,169 INFO  server.RaftServerConfigKeys (ConfUtils.java:logGet(43)) - raft.server.log.preallocated.size = 16384 (custom)
2019-08-24 03:33:40,169 INFO  server.RaftServerConfigKeys (ConfUtils.java:logGet(43)) - raft.server.log.write.buffer.size = 33554432 (custom)
2019-08-24 03:33:40,169 INFO  server.RaftServerConfigKeys (ConfUtils.java:logGet(43)) - raft.server.log.force.sync.num = 128 (default)
2019-08-24 03:33:40,169 INFO  server.RaftServerConfigKeys (ConfUtils.java:logGet(43)) - raft.server.log.statemachine.data.sync = true (default)
2019-08-24 03:33:40,169 INFO  server.RaftServerConfigKeys (ConfUtils.java:logGet(43)) - raft.server.log.statemachine.data.sync.timeout = 10s (default)
2019-08-24 03:33:40,169 INFO  server.RaftServerConfigKeys (ConfUtils.java:logGet(43)) - raft.server.log.statemachine.data.sync.timeout.retry = -1 (default)
2019-08-24 03:33:40,170 INFO  server.RaftServerConfigKeys (ConfUtils.java:logGet(43)) - raft.server.log.statemachine.data.caching.enabled = true (custom)
2019-08-24 03:33:40,170 INFO  segmented.SegmentedRaftLogWorker (SegmentedRaftLogWorker.java:lambda$new$0(132)) - dc75a801-41d0-4005-9753-f538f4cd9742-SegmentedRaftLogWorker:Storage Directory /workdir/hadoop-ozone/integration-test/target/test-dir/MiniOzoneClusterImpl-581dd6e5-c089-4ac1-8c4d-803d6bc9a32c/datanode-3/data/ratis/efc69019-5311-413b-ac25-ddb39d49969d: flushIndex: setUnconditionally 0 -> -1
2019-08-24 03:33:40,170 INFO  server.RaftServerConfigKeys (ConfUtils.java:logGet(43)) - raft.server.snapshot.auto.trigger.enabled = true (custom)
2019-08-24 03:33:40,170 INFO  server.RaftServerConfigKeys (ConfUtils.java:logGet(43)) - raft.server.snapshot.auto.trigger.threshold = 10000 (custom)
2019-08-24 03:33:40,171 INFO  server.RaftServerConfigKeys (ConfUtils.java:logGet(43)) - raft.server.retrycache.expirytime = 600000ms (custom)
2019-08-24 03:33:40,171 INFO  impl.RaftServerImpl (RaftServerImpl.java:start(180)) - dc75a801-41d0-4005-9753-f538f4cd9742: start group-DDB39D49969D
2019-08-24 03:33:40,171 INFO  impl.RaftServerImpl (RaftServerImpl.java:setRole(171)) - dc75a801-41d0-4005-9753-f538f4cd9742:group-DDB39D49969D changes role from null to FOLLOWER at term 0 for startAsFollower
2019-08-24 03:33:40,171 INFO  impl.RoleInfo (RoleInfo.java:updateAndGet(143)) - dc75a801-41d0-4005-9753-f538f4cd9742: start FollowerState
2019-08-24 03:33:40,181 INFO  util.JmxRegister (JmxRegister.java:tryRegister(44)) - Successfully registered JMX Bean with object name Ratis:service=RaftServer,group=group-DDB39D49969D,id=dc75a801-41d0-4005-9753-f538f4cd9742
2019-08-24 03:33:40,190 INFO  pipeline.PipelineStateManager (PipelineStateManager.java:addPipeline(56)) - Created pipeline Pipeline[ Id: efc69019-5311-413b-ac25-ddb39d49969d, Nodes: dc75a801-41d0-4005-9753-f538f4cd9742{ip: 192.168.69.87, host: byscane-nightly-sgbhv-2167721923, networkLocation: /default-rack, certSerialId: null}, Type:RATIS, Factor:ONE, State:OPEN]
2019-08-24 03:33:40,319 INFO  net.NetworkTopology (NetworkTopologyImpl.java:add(110)) - Added a new node: /default-rack/a923f5ad-f693-4fff-a7c9-30675751bb26
2019-08-24 03:33:40,319 INFO  node.SCMNodeManager (SCMNodeManager.java:register(273)) - Registered Data node : a923f5ad-f693-4fff-a7c9-30675751bb26{ip: 192.168.69.87, host: byscane-nightly-sgbhv-2167721923, networkLocation: /default-rack, certSerialId: null}
2019-08-24 03:33:40,319 | INFO  | SCMAudit | user=jenkins1000 | ip=192.168.69.87 | op=REGISTER {datanodeDetails=a923f5ad-f693-4fff-a7c9-30675751bb26{ip: 192.168.69.87, host: byscane-nightly-sgbhv-2167721923, networkLocation: /default-rack, certSerialId: null}} | ret=SUCCESS |  
2019-08-24 03:33:40,324 INFO  impl.RaftServerProxy (RaftServerProxy.java:addNew(89)) - a923f5ad-f693-4fff-a7c9-30675751bb26: addNew group-65F90CE2E7C3:[a923f5ad-f693-4fff-a7c9-30675751bb26:192.168.69.87:34349] returns group-65F90CE2E7C3:java.util.concurrent.CompletableFuture@2b49d93e[Not completed]
2019-08-24 03:33:40,325 INFO  impl.RaftServerImpl (RaftServerImpl.java:<init>(93)) - a923f5ad-f693-4fff-a7c9-30675751bb26: new RaftServerImpl for group-65F90CE2E7C3:[a923f5ad-f693-4fff-a7c9-30675751bb26:192.168.69.87:34349] with ContainerStateMachine:uninitialized
2019-08-24 03:33:40,326 INFO  server.RaftServerConfigKeys (ConfUtils.java:logGet(43)) - raft.server.rpc.timeout.min = 5s (custom)
2019-08-24 03:33:40,326 INFO  server.RaftServerConfigKeys (ConfUtils.java:logGet(43)) - raft.server.rpc.timeout.max = 5200ms (custom)
2019-08-24 03:33:40,326 INFO  server.RaftServerConfigKeys (ConfUtils.java:logGet(43)) - raft.server.rpcslowness.timeout = 120s (custom)
2019-08-24 03:33:40,326 INFO  server.RaftServerConfigKeys (ConfUtils.java:logGet(43)) - raft.server.sleep.deviation.threshold = 300 (default)
2019-08-24 03:33:40,326 INFO  server.RaftServerConfigKeys (ConfUtils.java:logGet(43)) - raft.server.log.appender.install.snapshot.enabled = false (custom)
2019-08-24 03:33:40,326 INFO  impl.RaftServerImpl (ServerState.java:<init>(105)) - a923f5ad-f693-4fff-a7c9-30675751bb26:group-65F90CE2E7C3 ConfigurationManager, init=-1: [a923f5ad-f693-4fff-a7c9-30675751bb26:192.168.69.87:34349], old=null, confs=<EMPTY_MAP>
2019-08-24 03:33:40,326 INFO  server.RaftServerConfigKeys (ConfUtils.java:logGet(43)) - raft.server.storage.dir = [/workdir/hadoop-ozone/integration-test/target/test-dir/MiniOzoneClusterImpl-581dd6e5-c089-4ac1-8c4d-803d6bc9a32c/datanode-4/data/ratis] (custom)
2019-08-24 03:33:40,327 INFO  storage.RaftStorageDirectory (RaftStorageDirectory.java:analyzeStorage(246)) - The storage directory /workdir/hadoop-ozone/integration-test/target/test-dir/MiniOzoneClusterImpl-581dd6e5-c089-4ac1-8c4d-803d6bc9a32c/datanode-4/data/ratis/04ecebc7-9251-4585-ac73-65f90ce2e7c3 does not exist. Creating ...
2019-08-24 03:33:40,340 INFO  storage.RaftStorageDirectory (RaftStorageDirectory.java:tryLock(328)) - Lock on /workdir/hadoop-ozone/integration-test/target/test-dir/MiniOzoneClusterImpl-581dd6e5-c089-4ac1-8c4d-803d6bc9a32c/datanode-4/data/ratis/04ecebc7-9251-4585-ac73-65f90ce2e7c3/in_use.lock acquired by nodename 17232@byscane-nightly-sgbhv-2167721923
2019-08-24 03:33:40,354 INFO  storage.RaftStorage (RaftStorage.java:format(72)) - Storage directory /workdir/hadoop-ozone/integration-test/target/test-dir/MiniOzoneClusterImpl-581dd6e5-c089-4ac1-8c4d-803d6bc9a32c/datanode-4/data/ratis/04ecebc7-9251-4585-ac73-65f90ce2e7c3 has been successfully formatted.
2019-08-24 03:33:40,354 INFO  ratis.ContainerStateMachine (ContainerStateMachine.java:loadSnapshot(213)) - group-65F90CE2E7C3: The snapshot info is null. Setting the last applied indexto:(t:0, i:~)
2019-08-24 03:33:40,354 INFO  server.RaftServerConfigKeys (ConfUtils.java:logGet(43)) - raft.server.leader.election.timeout = 120s (custom)
2019-08-24 03:33:40,354 INFO  server.RaftServerConfigKeys (ConfUtils.java:logGet(43)) - raft.server.log.use.memory = false (default)
2019-08-24 03:33:40,354 INFO  server.RaftServerConfigKeys (ConfUtils.java:logGet(43)) - raft.server.log.purge.gap = 1000000000 (custom)
2019-08-24 03:33:40,355 INFO  server.RaftServerConfigKeys (ConfUtils.java:logGet(43)) - raft.server.log.appender.buffer.byte-limit = 33554432 (custom)
2019-08-24 03:33:40,355 INFO  server.RaftServerConfigKeys (ConfUtils.java:logGet(43)) - raft.server.log.segment.size.max = 1048576 (custom)
2019-08-24 03:33:40,355 INFO  server.RaftServerConfigKeys (ConfUtils.java:logGet(43)) - raft.server.log.segment.cache.num.max = 2 (custom)
2019-08-24 03:33:40,355 INFO  segmented.SegmentedRaftLogWorker (SegmentedRaftLogWorker.java:<init>(172)) - new a923f5ad-f693-4fff-a7c9-30675751bb26-SegmentedRaftLogWorker:Storage Directory /workdir/hadoop-ozone/integration-test/target/test-dir/MiniOzoneClusterImpl-581dd6e5-c089-4ac1-8c4d-803d6bc9a32c/datanode-4/data/ratis/04ecebc7-9251-4585-ac73-65f90ce2e7c3 for RaftStorage:Storage Directory /workdir/hadoop-ozone/integration-test/target/test-dir/MiniOzoneClusterImpl-581dd6e5-c089-4ac1-8c4d-803d6bc9a32c/datanode-4/data/ratis/04ecebc7-9251-4585-ac73-65f90ce2e7c3
2019-08-24 03:33:40,355 INFO  server.RaftServerConfigKeys (ConfUtils.java:logGet(43)) - raft.server.log.queue.byte-limit = 2147483647 (custom)
2019-08-24 03:33:40,355 INFO  server.RaftServerConfigKeys (ConfUtils.java:logGet(43)) - raft.server.log.queue.element-limit = 1024 (custom)
2019-08-24 03:33:40,355 INFO  server.RaftServerConfigKeys (ConfUtils.java:logGet(43)) - raft.server.log.segment.size.max = 1048576 (custom)
2019-08-24 03:33:40,356 INFO  server.RaftServerConfigKeys (ConfUtils.java:logGet(43)) - raft.server.log.preallocated.size = 16384 (custom)
2019-08-24 03:33:40,356 INFO  server.RaftServerConfigKeys (ConfUtils.java:logGet(43)) - raft.server.log.write.buffer.size = 33554432 (custom)
2019-08-24 03:33:40,356 INFO  server.RaftServerConfigKeys (ConfUtils.java:logGet(43)) - raft.server.log.force.sync.num = 128 (default)
2019-08-24 03:33:40,356 INFO  server.RaftServerConfigKeys (ConfUtils.java:logGet(43)) - raft.server.log.statemachine.data.sync = true (default)
2019-08-24 03:33:40,356 INFO  server.RaftServerConfigKeys (ConfUtils.java:logGet(43)) - raft.server.log.statemachine.data.sync.timeout = 10s (default)
2019-08-24 03:33:40,356 INFO  server.RaftServerConfigKeys (ConfUtils.java:logGet(43)) - raft.server.log.statemachine.data.sync.timeout.retry = -1 (default)
2019-08-24 03:33:40,357 INFO  server.RaftServerConfigKeys (ConfUtils.java:logGet(43)) - raft.server.log.statemachine.data.caching.enabled = true (custom)
2019-08-24 03:33:40,357 INFO  segmented.SegmentedRaftLogWorker (SegmentedRaftLogWorker.java:lambda$new$0(132)) - a923f5ad-f693-4fff-a7c9-30675751bb26-SegmentedRaftLogWorker:Storage Directory /workdir/hadoop-ozone/integration-test/target/test-dir/MiniOzoneClusterImpl-581dd6e5-c089-4ac1-8c4d-803d6bc9a32c/datanode-4/data/ratis/04ecebc7-9251-4585-ac73-65f90ce2e7c3: flushIndex: setUnconditionally 0 -> -1
2019-08-24 03:33:40,357 INFO  server.RaftServerConfigKeys (ConfUtils.java:logGet(43)) - raft.server.snapshot.auto.trigger.enabled = true (custom)
2019-08-24 03:33:40,357 INFO  server.RaftServerConfigKeys (ConfUtils.java:logGet(43)) - raft.server.snapshot.auto.trigger.threshold = 10000 (custom)
2019-08-24 03:33:40,357 INFO  server.RaftServerConfigKeys (ConfUtils.java:logGet(43)) - raft.server.retrycache.expirytime = 600000ms (custom)
2019-08-24 03:33:40,358 INFO  impl.RaftServerImpl (RaftServerImpl.java:start(180)) - a923f5ad-f693-4fff-a7c9-30675751bb26: start group-65F90CE2E7C3
2019-08-24 03:33:40,358 INFO  impl.RaftServerImpl (RaftServerImpl.java:setRole(171)) - a923f5ad-f693-4fff-a7c9-30675751bb26:group-65F90CE2E7C3 changes role from null to FOLLOWER at term 0 for startAsFollower
2019-08-24 03:33:40,358 INFO  impl.RoleInfo (RoleInfo.java:updateAndGet(143)) - a923f5ad-f693-4fff-a7c9-30675751bb26: start FollowerState
2019-08-24 03:33:40,358 INFO  util.JmxRegister (JmxRegister.java:tryRegister(44)) - Successfully registered JMX Bean with object name Ratis:service=RaftServer,group=group-65F90CE2E7C3,id=a923f5ad-f693-4fff-a7c9-30675751bb26
2019-08-24 03:33:40,362 INFO  pipeline.PipelineStateManager (PipelineStateManager.java:addPipeline(56)) - Created pipeline Pipeline[ Id: 04ecebc7-9251-4585-ac73-65f90ce2e7c3, Nodes: a923f5ad-f693-4fff-a7c9-30675751bb26{ip: 192.168.69.87, host: byscane-nightly-sgbhv-2167721923, networkLocation: /default-rack, certSerialId: null}, Type:RATIS, Factor:ONE, State:OPEN]
2019-08-24 03:33:40,540 INFO  net.NetworkTopology (NetworkTopologyImpl.java:add(110)) - Added a new node: /default-rack/4f891048-4eaf-4b95-bfc9-bb119accb8ee
2019-08-24 03:33:40,540 INFO  node.SCMNodeManager (SCMNodeManager.java:register(273)) - Registered Data node : 4f891048-4eaf-4b95-bfc9-bb119accb8ee{ip: 192.168.69.87, host: byscane-nightly-sgbhv-2167721923, networkLocation: /default-rack, certSerialId: null}
2019-08-24 03:33:40,541 | INFO  | SCMAudit | user=jenkins1000 | ip=192.168.69.87 | op=REGISTER {datanodeDetails=4f891048-4eaf-4b95-bfc9-bb119accb8ee{ip: 192.168.69.87, host: byscane-nightly-sgbhv-2167721923, networkLocation: /default-rack, certSerialId: null}} | ret=SUCCESS |  
2019-08-24 03:33:40,546 INFO  impl.RaftServerProxy (RaftServerProxy.java:addNew(89)) - 4f891048-4eaf-4b95-bfc9-bb119accb8ee: addNew group-32CEF5807D68:[4f891048-4eaf-4b95-bfc9-bb119accb8ee:192.168.69.87:35872] returns group-32CEF5807D68:java.util.concurrent.CompletableFuture@19b93d27[Not completed]
2019-08-24 03:33:40,547 INFO  impl.RaftServerImpl (RaftServerImpl.java:<init>(93)) - 4f891048-4eaf-4b95-bfc9-bb119accb8ee: new RaftServerImpl for group-32CEF5807D68:[4f891048-4eaf-4b95-bfc9-bb119accb8ee:192.168.69.87:35872] with ContainerStateMachine:uninitialized
2019-08-24 03:33:40,548 INFO  server.RaftServerConfigKeys (ConfUtils.java:logGet(43)) - raft.server.rpc.timeout.min = 5s (custom)
2019-08-24 03:33:40,548 INFO  server.RaftServerConfigKeys (ConfUtils.java:logGet(43)) - raft.server.rpc.timeout.max = 5200ms (custom)
2019-08-24 03:33:40,548 INFO  server.RaftServerConfigKeys (ConfUtils.java:logGet(43)) - raft.server.rpcslowness.timeout = 120s (custom)
2019-08-24 03:33:40,548 INFO  server.RaftServerConfigKeys (ConfUtils.java:logGet(43)) - raft.server.sleep.deviation.threshold = 300 (default)
2019-08-24 03:33:40,548 INFO  server.RaftServerConfigKeys (ConfUtils.java:logGet(43)) - raft.server.log.appender.install.snapshot.enabled = false (custom)
2019-08-24 03:33:40,548 INFO  impl.RaftServerImpl (ServerState.java:<init>(105)) - 4f891048-4eaf-4b95-bfc9-bb119accb8ee:group-32CEF5807D68 ConfigurationManager, init=-1: [4f891048-4eaf-4b95-bfc9-bb119accb8ee:192.168.69.87:35872], old=null, confs=<EMPTY_MAP>
2019-08-24 03:33:40,548 INFO  server.RaftServerConfigKeys (ConfUtils.java:logGet(43)) - raft.server.storage.dir = [/workdir/hadoop-ozone/integration-test/target/test-dir/MiniOzoneClusterImpl-581dd6e5-c089-4ac1-8c4d-803d6bc9a32c/datanode-5/data/ratis] (custom)
2019-08-24 03:33:40,549 INFO  storage.RaftStorageDirectory (RaftStorageDirectory.java:analyzeStorage(246)) - The storage directory /workdir/hadoop-ozone/integration-test/target/test-dir/MiniOzoneClusterImpl-581dd6e5-c089-4ac1-8c4d-803d6bc9a32c/datanode-5/data/ratis/3ef81583-690e-4bbe-bffa-32cef5807d68 does not exist. Creating ...
2019-08-24 03:33:40,562 INFO  storage.RaftStorageDirectory (RaftStorageDirectory.java:tryLock(328)) - Lock on /workdir/hadoop-ozone/integration-test/target/test-dir/MiniOzoneClusterImpl-581dd6e5-c089-4ac1-8c4d-803d6bc9a32c/datanode-5/data/ratis/3ef81583-690e-4bbe-bffa-32cef5807d68/in_use.lock acquired by nodename 17232@byscane-nightly-sgbhv-2167721923
2019-08-24 03:33:40,576 INFO  storage.RaftStorage (RaftStorage.java:format(72)) - Storage directory /workdir/hadoop-ozone/integration-test/target/test-dir/MiniOzoneClusterImpl-581dd6e5-c089-4ac1-8c4d-803d6bc9a32c/datanode-5/data/ratis/3ef81583-690e-4bbe-bffa-32cef5807d68 has been successfully formatted.
2019-08-24 03:33:40,576 INFO  ratis.ContainerStateMachine (ContainerStateMachine.java:loadSnapshot(213)) - group-32CEF5807D68: The snapshot info is null. Setting the last applied indexto:(t:0, i:~)
2019-08-24 03:33:40,577 INFO  server.RaftServerConfigKeys (ConfUtils.java:logGet(43)) - raft.server.leader.election.timeout = 120s (custom)
2019-08-24 03:33:40,577 INFO  server.RaftServerConfigKeys (ConfUtils.java:logGet(43)) - raft.server.log.use.memory = false (default)
2019-08-24 03:33:40,577 INFO  server.RaftServerConfigKeys (ConfUtils.java:logGet(43)) - raft.server.log.purge.gap = 1000000000 (custom)
2019-08-24 03:33:40,577 INFO  server.RaftServerConfigKeys (ConfUtils.java:logGet(43)) - raft.server.log.appender.buffer.byte-limit = 33554432 (custom)
2019-08-24 03:33:40,578 INFO  server.RaftServerConfigKeys (ConfUtils.java:logGet(43)) - raft.server.log.segment.size.max = 1048576 (custom)
2019-08-24 03:33:40,578 INFO  server.RaftServerConfigKeys (ConfUtils.java:logGet(43)) - raft.server.log.segment.cache.num.max = 2 (custom)
2019-08-24 03:33:40,578 INFO  segmented.SegmentedRaftLogWorker (SegmentedRaftLogWorker.java:<init>(172)) - new 4f891048-4eaf-4b95-bfc9-bb119accb8ee-SegmentedRaftLogWorker:Storage Directory /workdir/hadoop-ozone/integration-test/target/test-dir/MiniOzoneClusterImpl-581dd6e5-c089-4ac1-8c4d-803d6bc9a32c/datanode-5/data/ratis/3ef81583-690e-4bbe-bffa-32cef5807d68 for RaftStorage:Storage Directory /workdir/hadoop-ozone/integration-test/target/test-dir/MiniOzoneClusterImpl-581dd6e5-c089-4ac1-8c4d-803d6bc9a32c/datanode-5/data/ratis/3ef81583-690e-4bbe-bffa-32cef5807d68
2019-08-24 03:33:40,578 INFO  server.RaftServerConfigKeys (ConfUtils.java:logGet(43)) - raft.server.log.queue.byte-limit = 2147483647 (custom)
2019-08-24 03:33:40,578 INFO  server.RaftServerConfigKeys (ConfUtils.java:logGet(43)) - raft.server.log.queue.element-limit = 1024 (custom)
2019-08-24 03:33:40,579 INFO  server.RaftServerConfigKeys (ConfUtils.java:logGet(43)) - raft.server.log.segment.size.max = 1048576 (custom)
2019-08-24 03:33:40,579 INFO  server.RaftServerConfigKeys (ConfUtils.java:logGet(43)) - raft.server.log.preallocated.size = 16384 (custom)
2019-08-24 03:33:40,579 INFO  server.RaftServerConfigKeys (ConfUtils.java:logGet(43)) - raft.server.log.write.buffer.size = 33554432 (custom)
2019-08-24 03:33:40,579 INFO  server.RaftServerConfigKeys (ConfUtils.java:logGet(43)) - raft.server.log.force.sync.num = 128 (default)
2019-08-24 03:33:40,579 INFO  server.RaftServerConfigKeys (ConfUtils.java:logGet(43)) - raft.server.log.statemachine.data.sync = true (default)
2019-08-24 03:33:40,579 INFO  server.RaftServerConfigKeys (ConfUtils.java:logGet(43)) - raft.server.log.statemachine.data.sync.timeout = 10s (default)
2019-08-24 03:33:40,580 INFO  server.RaftServerConfigKeys (ConfUtils.java:logGet(43)) - raft.server.log.statemachine.data.sync.timeout.retry = -1 (default)
2019-08-24 03:33:40,580 INFO  server.RaftServerConfigKeys (ConfUtils.java:logGet(43)) - raft.server.log.statemachine.data.caching.enabled = true (custom)
2019-08-24 03:33:40,580 INFO  segmented.SegmentedRaftLogWorker (SegmentedRaftLogWorker.java:lambda$new$0(132)) - 4f891048-4eaf-4b95-bfc9-bb119accb8ee-SegmentedRaftLogWorker:Storage Directory /workdir/hadoop-ozone/integration-test/target/test-dir/MiniOzoneClusterImpl-581dd6e5-c089-4ac1-8c4d-803d6bc9a32c/datanode-5/data/ratis/3ef81583-690e-4bbe-bffa-32cef5807d68: flushIndex: setUnconditionally 0 -> -1
2019-08-24 03:33:40,581 INFO  server.RaftServerConfigKeys (ConfUtils.java:logGet(43)) - raft.server.snapshot.auto.trigger.enabled = true (custom)
2019-08-24 03:33:40,581 INFO  server.RaftServerConfigKeys (ConfUtils.java:logGet(43)) - raft.server.snapshot.auto.trigger.threshold = 10000 (custom)
2019-08-24 03:33:40,581 INFO  server.RaftServerConfigKeys (ConfUtils.java:logGet(43)) - raft.server.retrycache.expirytime = 600000ms (custom)
2019-08-24 03:33:40,581 INFO  impl.RaftServerImpl (RaftServerImpl.java:start(180)) - 4f891048-4eaf-4b95-bfc9-bb119accb8ee: start group-32CEF5807D68
2019-08-24 03:33:40,581 INFO  impl.RaftServerImpl (RaftServerImpl.java:setRole(171)) - 4f891048-4eaf-4b95-bfc9-bb119accb8ee:group-32CEF5807D68 changes role from null to FOLLOWER at term 0 for startAsFollower
2019-08-24 03:33:40,582 INFO  impl.RoleInfo (RoleInfo.java:updateAndGet(143)) - 4f891048-4eaf-4b95-bfc9-bb119accb8ee: start FollowerState
2019-08-24 03:33:40,582 INFO  util.JmxRegister (JmxRegister.java:tryRegister(44)) - Successfully registered JMX Bean with object name Ratis:service=RaftServer,group=group-32CEF5807D68,id=4f891048-4eaf-4b95-bfc9-bb119accb8ee
2019-08-24 03:33:40,588 INFO  pipeline.PipelineStateManager (PipelineStateManager.java:addPipeline(56)) - Created pipeline Pipeline[ Id: 3ef81583-690e-4bbe-bffa-32cef5807d68, Nodes: 4f891048-4eaf-4b95-bfc9-bb119accb8ee{ip: 192.168.69.87, host: byscane-nightly-sgbhv-2167721923, networkLocation: /default-rack, certSerialId: null}, Type:RATIS, Factor:ONE, State:OPEN]
2019-08-24 03:33:40,611 INFO  impl.RaftServerProxy (RaftServerProxy.java:addNew(89)) - 4f891048-4eaf-4b95-bfc9-bb119accb8ee: addNew group-BB10C1A46019:[a923f5ad-f693-4fff-a7c9-30675751bb26:192.168.69.87:34349, dc75a801-41d0-4005-9753-f538f4cd9742:192.168.69.87:37626, 4f891048-4eaf-4b95-bfc9-bb119accb8ee:192.168.69.87:35872] returns group-BB10C1A46019:java.util.concurrent.CompletableFuture@5b34c660[Not completed]
2019-08-24 03:33:40,611 INFO  impl.RaftServerProxy (RaftServerProxy.java:addNew(89)) - a923f5ad-f693-4fff-a7c9-30675751bb26: addNew group-BB10C1A46019:[a923f5ad-f693-4fff-a7c9-30675751bb26:192.168.69.87:34349, dc75a801-41d0-4005-9753-f538f4cd9742:192.168.69.87:37626, 4f891048-4eaf-4b95-bfc9-bb119accb8ee:192.168.69.87:35872] returns group-BB10C1A46019:java.util.concurrent.CompletableFuture@7f787d42[Not completed]
2019-08-24 03:33:40,611 INFO  impl.RaftServerProxy (RaftServerProxy.java:addNew(89)) - dc75a801-41d0-4005-9753-f538f4cd9742: addNew group-BB10C1A46019:[a923f5ad-f693-4fff-a7c9-30675751bb26:192.168.69.87:34349, dc75a801-41d0-4005-9753-f538f4cd9742:192.168.69.87:37626, 4f891048-4eaf-4b95-bfc9-bb119accb8ee:192.168.69.87:35872] returns group-BB10C1A46019:java.util.concurrent.CompletableFuture@6698f082[Not completed]
2019-08-24 03:33:40,612 INFO  impl.RaftServerImpl (RaftServerImpl.java:<init>(93)) - a923f5ad-f693-4fff-a7c9-30675751bb26: new RaftServerImpl for group-BB10C1A46019:[a923f5ad-f693-4fff-a7c9-30675751bb26:192.168.69.87:34349, dc75a801-41d0-4005-9753-f538f4cd9742:192.168.69.87:37626, 4f891048-4eaf-4b95-bfc9-bb119accb8ee:192.168.69.87:35872] with ContainerStateMachine:uninitialized
2019-08-24 03:33:40,612 INFO  server.RaftServerConfigKeys (ConfUtils.java:logGet(43)) - raft.server.rpc.timeout.min = 5s (custom)
2019-08-24 03:33:40,612 INFO  server.RaftServerConfigKeys (ConfUtils.java:logGet(43)) - raft.server.rpc.timeout.max = 5200ms (custom)
2019-08-24 03:33:40,612 INFO  server.RaftServerConfigKeys (ConfUtils.java:logGet(43)) - raft.server.rpcslowness.timeout = 120s (custom)
2019-08-24 03:33:40,612 INFO  server.RaftServerConfigKeys (ConfUtils.java:logGet(43)) - raft.server.sleep.deviation.threshold = 300 (default)
2019-08-24 03:33:40,613 INFO  server.RaftServerConfigKeys (ConfUtils.java:logGet(43)) - raft.server.log.appender.install.snapshot.enabled = false (custom)
2019-08-24 03:33:40,613 INFO  impl.RaftServerImpl (RaftServerImpl.java:<init>(93)) - dc75a801-41d0-4005-9753-f538f4cd9742: new RaftServerImpl for group-BB10C1A46019:[a923f5ad-f693-4fff-a7c9-30675751bb26:192.168.69.87:34349, dc75a801-41d0-4005-9753-f538f4cd9742:192.168.69.87:37626, 4f891048-4eaf-4b95-bfc9-bb119accb8ee:192.168.69.87:35872] with ContainerStateMachine:uninitialized
2019-08-24 03:33:40,613 INFO  impl.RaftServerImpl (ServerState.java:<init>(105)) - a923f5ad-f693-4fff-a7c9-30675751bb26:group-BB10C1A46019 ConfigurationManager, init=-1: [a923f5ad-f693-4fff-a7c9-30675751bb26:192.168.69.87:34349, dc75a801-41d0-4005-9753-f538f4cd9742:192.168.69.87:37626, 4f891048-4eaf-4b95-bfc9-bb119accb8ee:192.168.69.87:35872], old=null, confs=<EMPTY_MAP>
2019-08-24 03:33:40,613 INFO  server.RaftServerConfigKeys (ConfUtils.java:logGet(43)) - raft.server.rpc.timeout.min = 5s (custom)
2019-08-24 03:33:40,613 INFO  impl.RaftServerImpl (RaftServerImpl.java:<init>(93)) - 4f891048-4eaf-4b95-bfc9-bb119accb8ee: new RaftServerImpl for group-BB10C1A46019:[a923f5ad-f693-4fff-a7c9-30675751bb26:192.168.69.87:34349, dc75a801-41d0-4005-9753-f538f4cd9742:192.168.69.87:37626, 4f891048-4eaf-4b95-bfc9-bb119accb8ee:192.168.69.87:35872] with ContainerStateMachine:uninitialized
2019-08-24 03:33:40,613 INFO  server.RaftServerConfigKeys (ConfUtils.java:logGet(43)) - raft.server.storage.dir = [/workdir/hadoop-ozone/integration-test/target/test-dir/MiniOzoneClusterImpl-581dd6e5-c089-4ac1-8c4d-803d6bc9a32c/datanode-4/data/ratis] (custom)
2019-08-24 03:33:40,613 INFO  server.RaftServerConfigKeys (ConfUtils.java:logGet(43)) - raft.server.rpc.timeout.min = 5s (custom)
2019-08-24 03:33:40,613 INFO  server.RaftServerConfigKeys (ConfUtils.java:logGet(43)) - raft.server.rpc.timeout.max = 5200ms (custom)
2019-08-24 03:33:40,614 INFO  storage.RaftStorageDirectory (RaftStorageDirectory.java:analyzeStorage(246)) - The storage directory /workdir/hadoop-ozone/integration-test/target/test-dir/MiniOzoneClusterImpl-581dd6e5-c089-4ac1-8c4d-803d6bc9a32c/datanode-4/data/ratis/7e47367f-e49e-406a-bd31-bb10c1a46019 does not exist. Creating ...
2019-08-24 03:33:40,613 INFO  server.RaftServerConfigKeys (ConfUtils.java:logGet(43)) - raft.server.rpc.timeout.max = 5200ms (custom)
2019-08-24 03:33:40,614 INFO  server.RaftServerConfigKeys (ConfUtils.java:logGet(43)) - raft.server.rpcslowness.timeout = 120s (custom)
2019-08-24 03:33:40,614 INFO  server.RaftServerConfigKeys (ConfUtils.java:logGet(43)) - raft.server.rpcslowness.timeout = 120s (custom)
2019-08-24 03:33:40,614 INFO  server.RaftServerConfigKeys (ConfUtils.java:logGet(43)) - raft.server.sleep.deviation.threshold = 300 (default)
2019-08-24 03:33:40,614 INFO  server.RaftServerConfigKeys (ConfUtils.java:logGet(43)) - raft.server.sleep.deviation.threshold = 300 (default)
2019-08-24 03:33:40,614 INFO  server.RaftServerConfigKeys (ConfUtils.java:logGet(43)) - raft.server.log.appender.install.snapshot.enabled = false (custom)
2019-08-24 03:33:40,614 INFO  server.RaftServerConfigKeys (ConfUtils.java:logGet(43)) - raft.server.log.appender.install.snapshot.enabled = false (custom)
2019-08-24 03:33:40,614 INFO  impl.RaftServerImpl (ServerState.java:<init>(105)) - dc75a801-41d0-4005-9753-f538f4cd9742:group-BB10C1A46019 ConfigurationManager, init=-1: [a923f5ad-f693-4fff-a7c9-30675751bb26:192.168.69.87:34349, dc75a801-41d0-4005-9753-f538f4cd9742:192.168.69.87:37626, 4f891048-4eaf-4b95-bfc9-bb119accb8ee:192.168.69.87:35872], old=null, confs=<EMPTY_MAP>
2019-08-24 03:33:40,615 INFO  impl.RaftServerImpl (ServerState.java:<init>(105)) - 4f891048-4eaf-4b95-bfc9-bb119accb8ee:group-BB10C1A46019 ConfigurationManager, init=-1: [a923f5ad-f693-4fff-a7c9-30675751bb26:192.168.69.87:34349, dc75a801-41d0-4005-9753-f538f4cd9742:192.168.69.87:37626, 4f891048-4eaf-4b95-bfc9-bb119accb8ee:192.168.69.87:35872], old=null, confs=<EMPTY_MAP>
2019-08-24 03:33:40,615 INFO  server.RaftServerConfigKeys (ConfUtils.java:logGet(43)) - raft.server.storage.dir = [/workdir/hadoop-ozone/integration-test/target/test-dir/MiniOzoneClusterImpl-581dd6e5-c089-4ac1-8c4d-803d6bc9a32c/datanode-3/data/ratis] (custom)
2019-08-24 03:33:40,615 INFO  server.RaftServerConfigKeys (ConfUtils.java:logGet(43)) - raft.server.storage.dir = [/workdir/hadoop-ozone/integration-test/target/test-dir/MiniOzoneClusterImpl-581dd6e5-c089-4ac1-8c4d-803d6bc9a32c/datanode-5/data/ratis] (custom)
2019-08-24 03:33:40,615 INFO  storage.RaftStorageDirectory (RaftStorageDirectory.java:analyzeStorage(246)) - The storage directory /workdir/hadoop-ozone/integration-test/target/test-dir/MiniOzoneClusterImpl-581dd6e5-c089-4ac1-8c4d-803d6bc9a32c/datanode-3/data/ratis/7e47367f-e49e-406a-bd31-bb10c1a46019 does not exist. Creating ...
2019-08-24 03:33:40,615 INFO  storage.RaftStorageDirectory (RaftStorageDirectory.java:analyzeStorage(246)) - The storage directory /workdir/hadoop-ozone/integration-test/target/test-dir/MiniOzoneClusterImpl-581dd6e5-c089-4ac1-8c4d-803d6bc9a32c/datanode-5/data/ratis/7e47367f-e49e-406a-bd31-bb10c1a46019 does not exist. Creating ...
2019-08-24 03:33:40,627 INFO  storage.RaftStorageDirectory (RaftStorageDirectory.java:tryLock(328)) - Lock on /workdir/hadoop-ozone/integration-test/target/test-dir/MiniOzoneClusterImpl-581dd6e5-c089-4ac1-8c4d-803d6bc9a32c/datanode-5/data/ratis/7e47367f-e49e-406a-bd31-bb10c1a46019/in_use.lock acquired by nodename 17232@byscane-nightly-sgbhv-2167721923
2019-08-24 03:33:40,627 INFO  storage.RaftStorageDirectory (RaftStorageDirectory.java:tryLock(328)) - Lock on /workdir/hadoop-ozone/integration-test/target/test-dir/MiniOzoneClusterImpl-581dd6e5-c089-4ac1-8c4d-803d6bc9a32c/datanode-4/data/ratis/7e47367f-e49e-406a-bd31-bb10c1a46019/in_use.lock acquired by nodename 17232@byscane-nightly-sgbhv-2167721923
2019-08-24 03:33:40,627 INFO  storage.RaftStorageDirectory (RaftStorageDirectory.java:tryLock(328)) - Lock on /workdir/hadoop-ozone/integration-test/target/test-dir/MiniOzoneClusterImpl-581dd6e5-c089-4ac1-8c4d-803d6bc9a32c/datanode-3/data/ratis/7e47367f-e49e-406a-bd31-bb10c1a46019/in_use.lock acquired by nodename 17232@byscane-nightly-sgbhv-2167721923
2019-08-24 03:33:40,641 INFO  storage.RaftStorage (RaftStorage.java:format(72)) - Storage directory /workdir/hadoop-ozone/integration-test/target/test-dir/MiniOzoneClusterImpl-581dd6e5-c089-4ac1-8c4d-803d6bc9a32c/datanode-4/data/ratis/7e47367f-e49e-406a-bd31-bb10c1a46019 has been successfully formatted.
2019-08-24 03:33:40,641 INFO  storage.RaftStorage (RaftStorage.java:format(72)) - Storage directory /workdir/hadoop-ozone/integration-test/target/test-dir/MiniOzoneClusterImpl-581dd6e5-c089-4ac1-8c4d-803d6bc9a32c/datanode-5/data/ratis/7e47367f-e49e-406a-bd31-bb10c1a46019 has been successfully formatted.
2019-08-24 03:33:40,641 INFO  storage.RaftStorage (RaftStorage.java:format(72)) - Storage directory /workdir/hadoop-ozone/integration-test/target/test-dir/MiniOzoneClusterImpl-581dd6e5-c089-4ac1-8c4d-803d6bc9a32c/datanode-3/data/ratis/7e47367f-e49e-406a-bd31-bb10c1a46019 has been successfully formatted.
2019-08-24 03:33:40,642 INFO  ratis.ContainerStateMachine (ContainerStateMachine.java:loadSnapshot(213)) - group-BB10C1A46019: The snapshot info is null. Setting the last applied indexto:(t:0, i:~)
2019-08-24 03:33:40,641 INFO  ratis.ContainerStateMachine (ContainerStateMachine.java:loadSnapshot(213)) - group-BB10C1A46019: The snapshot info is null. Setting the last applied indexto:(t:0, i:~)
2019-08-24 03:33:40,642 INFO  server.RaftServerConfigKeys (ConfUtils.java:logGet(43)) - raft.server.leader.election.timeout = 120s (custom)
2019-08-24 03:33:40,642 INFO  server.RaftServerConfigKeys (ConfUtils.java:logGet(43)) - raft.server.leader.election.timeout = 120s (custom)
2019-08-24 03:33:40,642 INFO  server.RaftServerConfigKeys (ConfUtils.java:logGet(43)) - raft.server.log.use.memory = false (default)
2019-08-24 03:33:40,642 INFO  ratis.ContainerStateMachine (ContainerStateMachine.java:loadSnapshot(213)) - group-BB10C1A46019: The snapshot info is null. Setting the last applied indexto:(t:0, i:~)
2019-08-24 03:33:40,642 INFO  server.RaftServerConfigKeys (ConfUtils.java:logGet(43)) - raft.server.log.use.memory = false (default)
2019-08-24 03:33:40,643 INFO  server.RaftServerConfigKeys (ConfUtils.java:logGet(43)) - raft.server.leader.election.timeout = 120s (custom)
2019-08-24 03:33:40,643 INFO  server.RaftServerConfigKeys (ConfUtils.java:logGet(43)) - raft.server.log.use.memory = false (default)
2019-08-24 03:33:40,642 INFO  server.RaftServerConfigKeys (ConfUtils.java:logGet(43)) - raft.server.log.purge.gap = 1000000000 (custom)
2019-08-24 03:33:40,643 INFO  server.RaftServerConfigKeys (ConfUtils.java:logGet(43)) - raft.server.log.purge.gap = 1000000000 (custom)
2019-08-24 03:33:40,643 INFO  server.RaftServerConfigKeys (ConfUtils.java:logGet(43)) - raft.server.log.purge.gap = 1000000000 (custom)
2019-08-24 03:33:40,643 INFO  server.RaftServerConfigKeys (ConfUtils.java:logGet(43)) - raft.server.log.appender.buffer.byte-limit = 33554432 (custom)
2019-08-24 03:33:40,643 INFO  server.RaftServerConfigKeys (ConfUtils.java:logGet(43)) - raft.server.log.appender.buffer.byte-limit = 33554432 (custom)
2019-08-24 03:33:40,643 INFO  server.RaftServerConfigKeys (ConfUtils.java:logGet(43)) - raft.server.log.segment.size.max = 1048576 (custom)
2019-08-24 03:33:40,643 INFO  server.RaftServerConfigKeys (ConfUtils.java:logGet(43)) - raft.server.log.appender.buffer.byte-limit = 33554432 (custom)
2019-08-24 03:33:40,644 INFO  server.RaftServerConfigKeys (ConfUtils.java:logGet(43)) - raft.server.log.segment.cache.num.max = 2 (custom)
2019-08-24 03:33:40,644 INFO  server.RaftServerConfigKeys (ConfUtils.java:logGet(43)) - raft.server.log.segment.size.max = 1048576 (custom)
2019-08-24 03:33:40,644 INFO  segmented.SegmentedRaftLogWorker (SegmentedRaftLogWorker.java:<init>(172)) - new dc75a801-41d0-4005-9753-f538f4cd9742-SegmentedRaftLogWorker:Storage Directory /workdir/hadoop-ozone/integration-test/target/test-dir/MiniOzoneClusterImpl-581dd6e5-c089-4ac1-8c4d-803d6bc9a32c/datanode-3/data/ratis/7e47367f-e49e-406a-bd31-bb10c1a46019 for RaftStorage:Storage Directory /workdir/hadoop-ozone/integration-test/target/test-dir/MiniOzoneClusterImpl-581dd6e5-c089-4ac1-8c4d-803d6bc9a32c/datanode-3/data/ratis/7e47367f-e49e-406a-bd31-bb10c1a46019
2019-08-24 03:33:40,644 INFO  server.RaftServerConfigKeys (ConfUtils.java:logGet(43)) - raft.server.log.queue.byte-limit = 2147483647 (custom)
2019-08-24 03:33:40,644 INFO  server.RaftServerConfigKeys (ConfUtils.java:logGet(43)) - raft.server.log.segment.size.max = 1048576 (custom)
2019-08-24 03:33:40,644 INFO  server.RaftServerConfigKeys (ConfUtils.java:logGet(43)) - raft.server.log.queue.element-limit = 1024 (custom)
2019-08-24 03:33:40,644 INFO  server.RaftServerConfigKeys (ConfUtils.java:logGet(43)) - raft.server.log.segment.cache.num.max = 2 (custom)
2019-08-24 03:33:40,645 INFO  server.RaftServerConfigKeys (ConfUtils.java:logGet(43)) - raft.server.log.segment.size.max = 1048576 (custom)
2019-08-24 03:33:40,645 INFO  server.RaftServerConfigKeys (ConfUtils.java:logGet(43)) - raft.server.log.preallocated.size = 16384 (custom)
2019-08-24 03:33:40,645 INFO  server.RaftServerConfigKeys (ConfUtils.java:logGet(43)) - raft.server.log.segment.cache.num.max = 2 (custom)
2019-08-24 03:33:40,645 INFO  server.RaftServerConfigKeys (ConfUtils.java:logGet(43)) - raft.server.log.write.buffer.size = 33554432 (custom)
2019-08-24 03:33:40,645 INFO  server.RaftServerConfigKeys (ConfUtils.java:logGet(43)) - raft.server.log.force.sync.num = 128 (default)
2019-08-24 03:33:40,645 INFO  segmented.SegmentedRaftLogWorker (SegmentedRaftLogWorker.java:<init>(172)) - new 4f891048-4eaf-4b95-bfc9-bb119accb8ee-SegmentedRaftLogWorker:Storage Directory /workdir/hadoop-ozone/integration-test/target/test-dir/MiniOzoneClusterImpl-581dd6e5-c089-4ac1-8c4d-803d6bc9a32c/datanode-5/data/ratis/7e47367f-e49e-406a-bd31-bb10c1a46019 for RaftStorage:Storage Directory /workdir/hadoop-ozone/integration-test/target/test-dir/MiniOzoneClusterImpl-581dd6e5-c089-4ac1-8c4d-803d6bc9a32c/datanode-5/data/ratis/7e47367f-e49e-406a-bd31-bb10c1a46019
2019-08-24 03:33:40,645 INFO  server.RaftServerConfigKeys (ConfUtils.java:logGet(43)) - raft.server.log.statemachine.data.sync = true (default)
2019-08-24 03:33:40,645 INFO  segmented.SegmentedRaftLogWorker (SegmentedRaftLogWorker.java:<init>(172)) - new a923f5ad-f693-4fff-a7c9-30675751bb26-SegmentedRaftLogWorker:Storage Directory /workdir/hadoop-ozone/integration-test/target/test-dir/MiniOzoneClusterImpl-581dd6e5-c089-4ac1-8c4d-803d6bc9a32c/datanode-4/data/ratis/7e47367f-e49e-406a-bd31-bb10c1a46019 for RaftStorage:Storage Directory /workdir/hadoop-ozone/integration-test/target/test-dir/MiniOzoneClusterImpl-581dd6e5-c089-4ac1-8c4d-803d6bc9a32c/datanode-4/data/ratis/7e47367f-e49e-406a-bd31-bb10c1a46019
2019-08-24 03:33:40,646 INFO  server.RaftServerConfigKeys (ConfUtils.java:logGet(43)) - raft.server.log.statemachine.data.sync.timeout = 10s (default)
2019-08-24 03:33:40,646 INFO  server.RaftServerConfigKeys (ConfUtils.java:logGet(43)) - raft.server.log.queue.byte-limit = 2147483647 (custom)
2019-08-24 03:33:40,646 INFO  server.RaftServerConfigKeys (ConfUtils.java:logGet(43)) - raft.server.log.statemachine.data.sync.timeout.retry = -1 (default)
2019-08-24 03:33:40,646 INFO  server.RaftServerConfigKeys (ConfUtils.java:logGet(43)) - raft.server.log.queue.byte-limit = 2147483647 (custom)
2019-08-24 03:33:40,646 INFO  server.RaftServerConfigKeys (ConfUtils.java:logGet(43)) - raft.server.log.statemachine.data.caching.enabled = true (custom)
2019-08-24 03:33:40,646 INFO  server.RaftServerConfigKeys (ConfUtils.java:logGet(43)) - raft.server.log.queue.element-limit = 1024 (custom)
2019-08-24 03:33:40,647 INFO  segmented.SegmentedRaftLogWorker (SegmentedRaftLogWorker.java:lambda$new$0(132)) - dc75a801-41d0-4005-9753-f538f4cd9742-SegmentedRaftLogWorker:Storage Directory /workdir/hadoop-ozone/integration-test/target/test-dir/MiniOzoneClusterImpl-581dd6e5-c089-4ac1-8c4d-803d6bc9a32c/datanode-3/data/ratis/7e47367f-e49e-406a-bd31-bb10c1a46019: flushIndex: setUnconditionally 0 -> -1
2019-08-24 03:33:40,646 INFO  server.RaftServerConfigKeys (ConfUtils.java:logGet(43)) - raft.server.log.queue.element-limit = 1024 (custom)
2019-08-24 03:33:40,647 INFO  server.RaftServerConfigKeys (ConfUtils.java:logGet(43)) - raft.server.log.segment.size.max = 1048576 (custom)
2019-08-24 03:33:40,647 INFO  server.RaftServerConfigKeys (ConfUtils.java:logGet(43)) - raft.server.log.segment.size.max = 1048576 (custom)
2019-08-24 03:33:40,647 INFO  server.RaftServerConfigKeys (ConfUtils.java:logGet(43)) - raft.server.log.preallocated.size = 16384 (custom)
2019-08-24 03:33:40,647 INFO  server.RaftServerConfigKeys (ConfUtils.java:logGet(43)) - raft.server.snapshot.auto.trigger.enabled = true (custom)
2019-08-24 03:33:40,647 INFO  server.RaftServerConfigKeys (ConfUtils.java:logGet(43)) - raft.server.log.write.buffer.size = 33554432 (custom)
2019-08-24 03:33:40,648 INFO  server.RaftServerConfigKeys (ConfUtils.java:logGet(43)) - raft.server.log.force.sync.num = 128 (default)
2019-08-24 03:33:40,647 INFO  server.RaftServerConfigKeys (ConfUtils.java:logGet(43)) - raft.server.log.preallocated.size = 16384 (custom)
2019-08-24 03:33:40,648 INFO  server.RaftServerConfigKeys (ConfUtils.java:logGet(43)) - raft.server.log.statemachine.data.sync = true (default)
2019-08-24 03:33:40,648 INFO  server.RaftServerConfigKeys (ConfUtils.java:logGet(43)) - raft.server.snapshot.auto.trigger.threshold = 10000 (custom)
2019-08-24 03:33:40,648 INFO  server.RaftServerConfigKeys (ConfUtils.java:logGet(43)) - raft.server.log.statemachine.data.sync.timeout = 10s (default)
2019-08-24 03:33:40,648 INFO  server.RaftServerConfigKeys (ConfUtils.java:logGet(43)) - raft.server.log.write.buffer.size = 33554432 (custom)
2019-08-24 03:33:40,648 INFO  server.RaftServerConfigKeys (ConfUtils.java:logGet(43)) - raft.server.log.statemachine.data.sync.timeout.retry = -1 (default)
2019-08-24 03:33:40,648 INFO  server.RaftServerConfigKeys (ConfUtils.java:logGet(43)) - raft.server.retrycache.expirytime = 600000ms (custom)
2019-08-24 03:33:40,649 INFO  server.RaftServerConfigKeys (ConfUtils.java:logGet(43)) - raft.server.log.statemachine.data.caching.enabled = true (custom)
2019-08-24 03:33:40,649 INFO  server.RaftServerConfigKeys (ConfUtils.java:logGet(43)) - raft.server.log.force.sync.num = 128 (default)
2019-08-24 03:33:40,649 INFO  impl.RaftServerImpl (RaftServerImpl.java:start(180)) - dc75a801-41d0-4005-9753-f538f4cd9742: start group-BB10C1A46019
2019-08-24 03:33:40,649 INFO  segmented.SegmentedRaftLogWorker (SegmentedRaftLogWorker.java:lambda$new$0(132)) - a923f5ad-f693-4fff-a7c9-30675751bb26-SegmentedRaftLogWorker:Storage Directory /workdir/hadoop-ozone/integration-test/target/test-dir/MiniOzoneClusterImpl-581dd6e5-c089-4ac1-8c4d-803d6bc9a32c/datanode-4/data/ratis/7e47367f-e49e-406a-bd31-bb10c1a46019: flushIndex: setUnconditionally 0 -> -1
2019-08-24 03:33:40,649 INFO  server.RaftServerConfigKeys (ConfUtils.java:logGet(43)) - raft.server.log.statemachine.data.sync = true (default)
2019-08-24 03:33:40,649 INFO  impl.RaftServerImpl (RaftServerImpl.java:setRole(171)) - dc75a801-41d0-4005-9753-f538f4cd9742:group-BB10C1A46019 changes role from null to FOLLOWER at term 0 for startAsFollower
2019-08-24 03:33:40,650 INFO  server.RaftServerConfigKeys (ConfUtils.java:logGet(43)) - raft.server.log.statemachine.data.sync.timeout = 10s (default)
2019-08-24 03:33:40,650 INFO  server.RaftServerConfigKeys (ConfUtils.java:logGet(43)) - raft.server.snapshot.auto.trigger.enabled = true (custom)
2019-08-24 03:33:40,650 INFO  impl.RoleInfo (RoleInfo.java:updateAndGet(143)) - dc75a801-41d0-4005-9753-f538f4cd9742: start FollowerState
2019-08-24 03:33:40,650 INFO  server.RaftServerConfigKeys (ConfUtils.java:logGet(43)) - raft.server.snapshot.auto.trigger.threshold = 10000 (custom)
2019-08-24 03:33:40,650 INFO  server.RaftServerConfigKeys (ConfUtils.java:logGet(43)) - raft.server.log.statemachine.data.sync.timeout.retry = -1 (default)
2019-08-24 03:33:40,650 INFO  server.RaftServerConfigKeys (ConfUtils.java:logGet(43)) - raft.server.retrycache.expirytime = 600000ms (custom)
2019-08-24 03:33:40,650 INFO  util.JmxRegister (JmxRegister.java:tryRegister(44)) - Successfully registered JMX Bean with object name Ratis:service=RaftServer,group=group-BB10C1A46019,id=dc75a801-41d0-4005-9753-f538f4cd9742
2019-08-24 03:33:40,651 INFO  impl.RaftServerImpl (RaftServerImpl.java:start(180)) - a923f5ad-f693-4fff-a7c9-30675751bb26: start group-BB10C1A46019
2019-08-24 03:33:40,651 INFO  server.RaftServerConfigKeys (ConfUtils.java:logGet(43)) - raft.server.log.statemachine.data.caching.enabled = true (custom)
2019-08-24 03:33:40,651 INFO  impl.RaftServerImpl (RaftServerImpl.java:setRole(171)) - a923f5ad-f693-4fff-a7c9-30675751bb26:group-BB10C1A46019 changes role from null to FOLLOWER at term 0 for startAsFollower
2019-08-24 03:33:40,651 INFO  segmented.SegmentedRaftLogWorker (SegmentedRaftLogWorker.java:lambda$new$0(132)) - 4f891048-4eaf-4b95-bfc9-bb119accb8ee-SegmentedRaftLogWorker:Storage Directory /workdir/hadoop-ozone/integration-test/target/test-dir/MiniOzoneClusterImpl-581dd6e5-c089-4ac1-8c4d-803d6bc9a32c/datanode-5/data/ratis/7e47367f-e49e-406a-bd31-bb10c1a46019: flushIndex: setUnconditionally 0 -> -1
2019-08-24 03:33:40,651 INFO  impl.RoleInfo (RoleInfo.java:updateAndGet(143)) - a923f5ad-f693-4fff-a7c9-30675751bb26: start FollowerState
2019-08-24 03:33:40,652 INFO  server.RaftServerConfigKeys (ConfUtils.java:logGet(43)) - raft.server.snapshot.auto.trigger.enabled = true (custom)
2019-08-24 03:33:40,654 INFO  server.RaftServerConfigKeys (ConfUtils.java:logGet(43)) - raft.server.snapshot.auto.trigger.threshold = 10000 (custom)
2019-08-24 03:33:40,654 INFO  util.JmxRegister (JmxRegister.java:tryRegister(44)) - Successfully registered JMX Bean with object name Ratis:service=RaftServer,group=group-BB10C1A46019,id=a923f5ad-f693-4fff-a7c9-30675751bb26
2019-08-24 03:33:40,654 INFO  server.RaftServerConfigKeys (ConfUtils.java:logGet(43)) - raft.server.retrycache.expirytime = 600000ms (custom)
2019-08-24 03:33:40,654 INFO  impl.RaftServerImpl (RaftServerImpl.java:start(180)) - 4f891048-4eaf-4b95-bfc9-bb119accb8ee: start group-BB10C1A46019
2019-08-24 03:33:40,655 INFO  impl.RaftServerImpl (RaftServerImpl.java:setRole(171)) - 4f891048-4eaf-4b95-bfc9-bb119accb8ee:group-BB10C1A46019 changes role from null to FOLLOWER at term 0 for startAsFollower
2019-08-24 03:33:40,655 INFO  impl.RoleInfo (RoleInfo.java:updateAndGet(143)) - 4f891048-4eaf-4b95-bfc9-bb119accb8ee: start FollowerState
2019-08-24 03:33:40,657 INFO  util.JmxRegister (JmxRegister.java:tryRegister(44)) - Successfully registered JMX Bean with object name Ratis:service=RaftServer,group=group-BB10C1A46019,id=4f891048-4eaf-4b95-bfc9-bb119accb8ee
2019-08-24 03:33:40,661 INFO  pipeline.PipelineStateManager (PipelineStateManager.java:addPipeline(56)) - Created pipeline Pipeline[ Id: 7e47367f-e49e-406a-bd31-bb10c1a46019, Nodes: 4f891048-4eaf-4b95-bfc9-bb119accb8ee{ip: 192.168.69.87, host: byscane-nightly-sgbhv-2167721923, networkLocation: /default-rack, certSerialId: null}dc75a801-41d0-4005-9753-f538f4cd9742{ip: 192.168.69.87, host: byscane-nightly-sgbhv-2167721923, networkLocation: /default-rack, certSerialId: null}a923f5ad-f693-4fff-a7c9-30675751bb26{ip: 192.168.69.87, host: byscane-nightly-sgbhv-2167721923, networkLocation: /default-rack, certSerialId: null}, Type:RATIS, Factor:THREE, State:OPEN]
2019-08-24 03:33:40,736 INFO  ozone.MiniOzoneClusterImpl (MiniOzoneClusterImpl.java:lambda$waitForClusterToBeReady$0(142)) - Waiting for cluster to be ready. Got 6 of 7 DN Heartbeats.
2019-08-24 03:33:40,736 INFO  net.NetworkTopology (NetworkTopologyImpl.java:add(110)) - Added a new node: /default-rack/0f6d25e7-ce21-4fce-8b55-97dd0a754253
2019-08-24 03:33:40,737 INFO  node.SCMNodeManager (SCMNodeManager.java:register(273)) - Registered Data node : 0f6d25e7-ce21-4fce-8b55-97dd0a754253{ip: 192.168.69.87, host: byscane-nightly-sgbhv-2167721923, networkLocation: /default-rack, certSerialId: null}
2019-08-24 03:33:40,737 | INFO  | SCMAudit | user=jenkins1000 | ip=192.168.69.87 | op=REGISTER {datanodeDetails=0f6d25e7-ce21-4fce-8b55-97dd0a754253{ip: 192.168.69.87, host: byscane-nightly-sgbhv-2167721923, networkLocation: /default-rack, certSerialId: null}} | ret=SUCCESS |  
2019-08-24 03:33:40,743 INFO  impl.RaftServerProxy (RaftServerProxy.java:addNew(89)) - 0f6d25e7-ce21-4fce-8b55-97dd0a754253: addNew group-094E50ED653C:[0f6d25e7-ce21-4fce-8b55-97dd0a754253:192.168.69.87:36351] returns group-094E50ED653C:java.util.concurrent.CompletableFuture@5b6c989f[Not completed]
2019-08-24 03:33:40,744 INFO  impl.RaftServerImpl (RaftServerImpl.java:<init>(93)) - 0f6d25e7-ce21-4fce-8b55-97dd0a754253: new RaftServerImpl for group-094E50ED653C:[0f6d25e7-ce21-4fce-8b55-97dd0a754253:192.168.69.87:36351] with ContainerStateMachine:uninitialized
2019-08-24 03:33:40,744 INFO  server.RaftServerConfigKeys (ConfUtils.java:logGet(43)) - raft.server.rpc.timeout.min = 5s (custom)
2019-08-24 03:33:40,744 INFO  server.RaftServerConfigKeys (ConfUtils.java:logGet(43)) - raft.server.rpc.timeout.max = 5200ms (custom)
2019-08-24 03:33:40,744 INFO  server.RaftServerConfigKeys (ConfUtils.java:logGet(43)) - raft.server.rpcslowness.timeout = 120s (custom)
2019-08-24 03:33:40,745 INFO  server.RaftServerConfigKeys (ConfUtils.java:logGet(43)) - raft.server.sleep.deviation.threshold = 300 (default)
2019-08-24 03:33:40,745 INFO  server.RaftServerConfigKeys (ConfUtils.java:logGet(43)) - raft.server.log.appender.install.snapshot.enabled = false (custom)
2019-08-24 03:33:40,745 INFO  impl.RaftServerImpl (ServerState.java:<init>(105)) - 0f6d25e7-ce21-4fce-8b55-97dd0a754253:group-094E50ED653C ConfigurationManager, init=-1: [0f6d25e7-ce21-4fce-8b55-97dd0a754253:192.168.69.87:36351], old=null, confs=<EMPTY_MAP>
2019-08-24 03:33:40,745 INFO  server.RaftServerConfigKeys (ConfUtils.java:logGet(43)) - raft.server.storage.dir = [/workdir/hadoop-ozone/integration-test/target/test-dir/MiniOzoneClusterImpl-581dd6e5-c089-4ac1-8c4d-803d6bc9a32c/datanode-6/data/ratis] (custom)
2019-08-24 03:33:40,745 INFO  storage.RaftStorageDirectory (RaftStorageDirectory.java:analyzeStorage(246)) - The storage directory /workdir/hadoop-ozone/integration-test/target/test-dir/MiniOzoneClusterImpl-581dd6e5-c089-4ac1-8c4d-803d6bc9a32c/datanode-6/data/ratis/28948de6-9682-4338-933a-094e50ed653c does not exist. Creating ...
2019-08-24 03:33:40,759 INFO  storage.RaftStorageDirectory (RaftStorageDirectory.java:tryLock(328)) - Lock on /workdir/hadoop-ozone/integration-test/target/test-dir/MiniOzoneClusterImpl-581dd6e5-c089-4ac1-8c4d-803d6bc9a32c/datanode-6/data/ratis/28948de6-9682-4338-933a-094e50ed653c/in_use.lock acquired by nodename 17232@byscane-nightly-sgbhv-2167721923
2019-08-24 03:33:40,772 INFO  storage.RaftStorage (RaftStorage.java:format(72)) - Storage directory /workdir/hadoop-ozone/integration-test/target/test-dir/MiniOzoneClusterImpl-581dd6e5-c089-4ac1-8c4d-803d6bc9a32c/datanode-6/data/ratis/28948de6-9682-4338-933a-094e50ed653c has been successfully formatted.
2019-08-24 03:33:40,772 INFO  ratis.ContainerStateMachine (ContainerStateMachine.java:loadSnapshot(213)) - group-094E50ED653C: The snapshot info is null. Setting the last applied indexto:(t:0, i:~)
2019-08-24 03:33:40,772 INFO  server.RaftServerConfigKeys (ConfUtils.java:logGet(43)) - raft.server.leader.election.timeout = 120s (custom)
2019-08-24 03:33:40,773 INFO  server.RaftServerConfigKeys (ConfUtils.java:logGet(43)) - raft.server.log.use.memory = false (default)
2019-08-24 03:33:40,773 INFO  server.RaftServerConfigKeys (ConfUtils.java:logGet(43)) - raft.server.log.purge.gap = 1000000000 (custom)
2019-08-24 03:33:40,773 INFO  server.RaftServerConfigKeys (ConfUtils.java:logGet(43)) - raft.server.log.appender.buffer.byte-limit = 33554432 (custom)
2019-08-24 03:33:40,773 INFO  server.RaftServerConfigKeys (ConfUtils.java:logGet(43)) - raft.server.log.segment.size.max = 1048576 (custom)
2019-08-24 03:33:40,773 INFO  server.RaftServerConfigKeys (ConfUtils.java:logGet(43)) - raft.server.log.segment.cache.num.max = 2 (custom)
2019-08-24 03:33:40,773 INFO  segmented.SegmentedRaftLogWorker (SegmentedRaftLogWorker.java:<init>(172)) - new 0f6d25e7-ce21-4fce-8b55-97dd0a754253-SegmentedRaftLogWorker:Storage Directory /workdir/hadoop-ozone/integration-test/target/test-dir/MiniOzoneClusterImpl-581dd6e5-c089-4ac1-8c4d-803d6bc9a32c/datanode-6/data/ratis/28948de6-9682-4338-933a-094e50ed653c for RaftStorage:Storage Directory /workdir/hadoop-ozone/integration-test/target/test-dir/MiniOzoneClusterImpl-581dd6e5-c089-4ac1-8c4d-803d6bc9a32c/datanode-6/data/ratis/28948de6-9682-4338-933a-094e50ed653c
2019-08-24 03:33:40,773 INFO  server.RaftServerConfigKeys (ConfUtils.java:logGet(43)) - raft.server.log.queue.byte-limit = 2147483647 (custom)
2019-08-24 03:33:40,774 INFO  server.RaftServerConfigKeys (ConfUtils.java:logGet(43)) - raft.server.log.queue.element-limit = 1024 (custom)
2019-08-24 03:33:40,774 INFO  server.RaftServerConfigKeys (ConfUtils.java:logGet(43)) - raft.server.log.segment.size.max = 1048576 (custom)
2019-08-24 03:33:40,774 INFO  server.RaftServerConfigKeys (ConfUtils.java:logGet(43)) - raft.server.log.preallocated.size = 16384 (custom)
2019-08-24 03:33:40,774 INFO  server.RaftServerConfigKeys (ConfUtils.java:logGet(43)) - raft.server.log.write.buffer.size = 33554432 (custom)
2019-08-24 03:33:40,774 INFO  server.RaftServerConfigKeys (ConfUtils.java:logGet(43)) - raft.server.log.force.sync.num = 128 (default)
2019-08-24 03:33:40,774 INFO  server.RaftServerConfigKeys (ConfUtils.java:logGet(43)) - raft.server.log.statemachine.data.sync = true (default)
2019-08-24 03:33:40,775 INFO  server.RaftServerConfigKeys (ConfUtils.java:logGet(43)) - raft.server.log.statemachine.data.sync.timeout = 10s (default)
2019-08-24 03:33:40,775 INFO  server.RaftServerConfigKeys (ConfUtils.java:logGet(43)) - raft.server.log.statemachine.data.sync.timeout.retry = -1 (default)
2019-08-24 03:33:40,775 INFO  server.RaftServerConfigKeys (ConfUtils.java:logGet(43)) - raft.server.log.statemachine.data.caching.enabled = true (custom)
2019-08-24 03:33:40,775 INFO  segmented.SegmentedRaftLogWorker (SegmentedRaftLogWorker.java:lambda$new$0(132)) - 0f6d25e7-ce21-4fce-8b55-97dd0a754253-SegmentedRaftLogWorker:Storage Directory /workdir/hadoop-ozone/integration-test/target/test-dir/MiniOzoneClusterImpl-581dd6e5-c089-4ac1-8c4d-803d6bc9a32c/datanode-6/data/ratis/28948de6-9682-4338-933a-094e50ed653c: flushIndex: setUnconditionally 0 -> -1
2019-08-24 03:33:40,776 INFO  server.RaftServerConfigKeys (ConfUtils.java:logGet(43)) - raft.server.snapshot.auto.trigger.enabled = true (custom)
2019-08-24 03:33:40,776 INFO  server.RaftServerConfigKeys (ConfUtils.java:logGet(43)) - raft.server.snapshot.auto.trigger.threshold = 10000 (custom)
2019-08-24 03:33:40,776 INFO  server.RaftServerConfigKeys (ConfUtils.java:logGet(43)) - raft.server.retrycache.expirytime = 600000ms (custom)
2019-08-24 03:33:40,776 INFO  impl.RaftServerImpl (RaftServerImpl.java:start(180)) - 0f6d25e7-ce21-4fce-8b55-97dd0a754253: start group-094E50ED653C
2019-08-24 03:33:40,776 INFO  impl.RaftServerImpl (RaftServerImpl.java:setRole(171)) - 0f6d25e7-ce21-4fce-8b55-97dd0a754253:group-094E50ED653C changes role from null to FOLLOWER at term 0 for startAsFollower
2019-08-24 03:33:40,776 INFO  impl.RoleInfo (RoleInfo.java:updateAndGet(143)) - 0f6d25e7-ce21-4fce-8b55-97dd0a754253: start FollowerState
2019-08-24 03:33:40,777 INFO  util.JmxRegister (JmxRegister.java:tryRegister(44)) - Successfully registered JMX Bean with object name Ratis:service=RaftServer,group=group-094E50ED653C,id=0f6d25e7-ce21-4fce-8b55-97dd0a754253
2019-08-24 03:33:40,781 INFO  pipeline.PipelineStateManager (PipelineStateManager.java:addPipeline(56)) - Created pipeline Pipeline[ Id: 28948de6-9682-4338-933a-094e50ed653c, Nodes: 0f6d25e7-ce21-4fce-8b55-97dd0a754253{ip: 192.168.69.87, host: byscane-nightly-sgbhv-2167721923, networkLocation: /default-rack, certSerialId: null}, Type:RATIS, Factor:ONE, State:OPEN]
2019-08-24 03:33:41,294 | INFO  | SCMAudit | user=jenkins1000 | ip=192.168.69.87 | op=SEND_HEARTBEAT {datanodeUUID=69d09fd6-b904-4e1e-8a2a-76bd34232c3f, command=[]} | ret=SUCCESS |  
2019-08-24 03:33:41,515 | INFO  | SCMAudit | user=jenkins1000 | ip=192.168.69.87 | op=SEND_HEARTBEAT {datanodeUUID=effec267-9718-4f52-949a-788aed2f64c8, command=[]} | ret=SUCCESS |  
2019-08-24 03:33:41,737 INFO  ozone.MiniOzoneClusterImpl (MiniOzoneClusterImpl.java:lambda$waitForClusterToBeReady$0(142)) - Cluster is ready. Got 7 of 7 DN Heartbeats.
2019-08-24 03:33:41,768 INFO  rpc.RpcClient (RpcClient.java:createVolume(288)) - Creating Volume: testblockoutputstream, with jenkins1000 as owner.
2019-08-24 03:33:41,770 | INFO  | OMAudit | user=jenkins1000 | ip=127.0.0.1 | op=CREATE_VOLUME {admin=jenkins1000, owner=jenkins1000, volume=testblockoutputstream, creationTime=1566617621770, quotaInBytes=1152921504606846976} | ret=SUCCESS |  
2019-08-24 03:33:41,777 | INFO  | OMAudit | user=jenkins1000 | ip=127.0.0.1 | op=READ_VOLUME {volume=testblockoutputstream} | ret=SUCCESS |  
2019-08-24 03:33:41,778 INFO  rpc.RpcClient (RpcClient.java:createBucket(427)) - Creating Bucket: testblockoutputstream/testblockoutputstream, with Versioning false and Storage Type set to DISK and Encryption set to false 
2019-08-24 03:33:41,781 | INFO  | OMAudit | user=jenkins1000 | ip=127.0.0.1 | op=CREATE_BUCKET {volume=testblockoutputstream, bucket=testblockoutputstream, acls=[user:jenkins1000:a[ACCESS], group:default:a[ACCESS]], isVersionEnabled=false, storageType=DISK, creationTime=0} | ret=SUCCESS |  
2019-08-24 03:33:41,782 | INFO  | OMAudit | user=jenkins1000 | ip=127.0.0.1 | op=READ_VOLUME {volume=testblockoutputstream} | ret=SUCCESS |  
2019-08-24 03:33:41,783 | INFO  | OMAudit | user=jenkins1000 | ip=127.0.0.1 | op=READ_BUCKET {volume=testblockoutputstream, bucket=testblockoutputstream} | ret=SUCCESS |  
2019-08-24 03:33:41,786 | INFO  | SCMAudit | user=jenkins1000 | ip=192.168.69.87 | op=ALLOCATE_BLOCK {owner=4ced06c7-cbc8-4caf-a4d4-45038fed8071, size=800, type=RATIS, factor=THREE} | ret=SUCCESS |  
2019-08-24 03:33:41,789 | INFO  | OMAudit | user=jenkins1000 | ip=127.0.0.1 | op=ALLOCATE_KEY {volume=testblockoutputstream, bucket=testblockoutputstream, key=f5221d64-88b1-4df9-a497-8d20fe2dbf43, dataSize=0, replicationType=RATIS, replicationFactor=THREE, keyLocationInfo=null} | ret=SUCCESS |  
2019-08-24 03:33:41,798 INFO  client.GrpcClientProtocolClient (GrpcClientProtocolClient.java:onNext(255)) - client-CBEB40DF06A6->4f891048-4eaf-4b95-bfc9-bb119accb8ee: receive RaftClientReply:client-CBEB40DF06A6->4f891048-4eaf-4b95-bfc9-bb119accb8ee@group-BB10C1A46019, cid=176, FAILED org.apache.ratis.protocol.NotLeaderException: Server 4f891048-4eaf-4b95-bfc9-bb119accb8ee is not the leader (null). Request must be sent to leader., logIndex=0, commits[4f891048-4eaf-4b95-bfc9-bb119accb8ee:c-1]
2019-08-24 03:33:41,947 | INFO  | SCMAudit | user=jenkins1000 | ip=192.168.69.87 | op=SEND_HEARTBEAT {datanodeUUID=dcc12217-51b2-406c-9e3d-e39da684196b, command=[]} | ret=SUCCESS |  
2019-08-24 03:33:42,131 | INFO  | SCMAudit | user=jenkins1000 | ip=192.168.69.87 | op=SEND_HEARTBEAT {datanodeUUID=dc75a801-41d0-4005-9753-f538f4cd9742, command=[]} | ret=SUCCESS |  
2019-08-24 03:33:42,294 | INFO  | SCMAudit | user=jenkins1000 | ip=192.168.69.87 | op=SEND_HEARTBEAT {datanodeUUID=69d09fd6-b904-4e1e-8a2a-76bd34232c3f, command=[]} | ret=SUCCESS |  
2019-08-24 03:33:42,311 INFO  container.ReplicationManager (ReplicationManager.java:start(152)) - Starting Replication Monitor Thread.
2019-08-24 03:33:42,315 INFO  container.ReplicationManager (ReplicationManager.java:run(215)) - Replication Monitor Thread took 0 milliseconds for processing 1 containers.
2019-08-24 03:33:42,318 | INFO  | SCMAudit | user=jenkins1000 | ip=192.168.69.87 | op=SEND_HEARTBEAT {datanodeUUID=a923f5ad-f693-4fff-a7c9-30675751bb26, command=[]} | ret=SUCCESS |  
2019-08-24 03:33:42,516 | INFO  | SCMAudit | user=jenkins1000 | ip=192.168.69.87 | op=SEND_HEARTBEAT {datanodeUUID=effec267-9718-4f52-949a-788aed2f64c8, command=[]} | ret=SUCCESS |  
2019-08-24 03:33:42,540 | INFO  | SCMAudit | user=jenkins1000 | ip=192.168.69.87 | op=SEND_HEARTBEAT {datanodeUUID=4f891048-4eaf-4b95-bfc9-bb119accb8ee, command=[]} | ret=SUCCESS |  
2019-08-24 03:33:42,736 | INFO  | SCMAudit | user=jenkins1000 | ip=192.168.69.87 | op=SEND_HEARTBEAT {datanodeUUID=0f6d25e7-ce21-4fce-8b55-97dd0a754253, command=[]} | ret=SUCCESS |  
2019-08-24 03:33:42,813 INFO  client.GrpcClientProtocolClient (GrpcClientProtocolClient.java:onNext(255)) - client-CBEB40DF06A6->dc75a801-41d0-4005-9753-f538f4cd9742: receive RaftClientReply:client-CBEB40DF06A6->dc75a801-41d0-4005-9753-f538f4cd9742@group-BB10C1A46019, cid=176, FAILED org.apache.ratis.protocol.NotLeaderException: Server dc75a801-41d0-4005-9753-f538f4cd9742 is not the leader (null). Request must be sent to leader., logIndex=0, commits[dc75a801-41d0-4005-9753-f538f4cd9742:c-1]
2019-08-24 03:33:42,947 | INFO  | SCMAudit | user=jenkins1000 | ip=192.168.69.87 | op=SEND_HEARTBEAT {datanodeUUID=dcc12217-51b2-406c-9e3d-e39da684196b, command=[]} | ret=SUCCESS |  
2019-08-24 03:33:43,131 | INFO  | SCMAudit | user=jenkins1000 | ip=192.168.69.87 | op=SEND_HEARTBEAT {datanodeUUID=dc75a801-41d0-4005-9753-f538f4cd9742, command=[]} | ret=SUCCESS |  
2019-08-24 03:33:43,294 | INFO  | SCMAudit | user=jenkins1000 | ip=192.168.69.87 | op=SEND_HEARTBEAT {datanodeUUID=69d09fd6-b904-4e1e-8a2a-76bd34232c3f, command=[]} | ret=SUCCESS |  
2019-08-24 03:33:43,318 | INFO  | SCMAudit | user=jenkins1000 | ip=192.168.69.87 | op=SEND_HEARTBEAT {datanodeUUID=a923f5ad-f693-4fff-a7c9-30675751bb26, command=[]} | ret=SUCCESS |  
2019-08-24 03:33:43,515 | INFO  | SCMAudit | user=jenkins1000 | ip=192.168.69.87 | op=SEND_HEARTBEAT {datanodeUUID=effec267-9718-4f52-949a-788aed2f64c8, command=[]} | ret=SUCCESS |  
2019-08-24 03:33:43,540 | INFO  | SCMAudit | user=jenkins1000 | ip=192.168.69.87 | op=SEND_HEARTBEAT {datanodeUUID=4f891048-4eaf-4b95-bfc9-bb119accb8ee, command=[]} | ret=SUCCESS |  
2019-08-24 03:33:43,736 | INFO  | SCMAudit | user=jenkins1000 | ip=192.168.69.87 | op=SEND_HEARTBEAT {datanodeUUID=0f6d25e7-ce21-4fce-8b55-97dd0a754253, command=[]} | ret=SUCCESS |  
2019-08-24 03:33:43,827 INFO  client.GrpcClientProtocolClient (GrpcClientProtocolClient.java:onNext(255)) - client-CBEB40DF06A6->a923f5ad-f693-4fff-a7c9-30675751bb26: receive RaftClientReply:client-CBEB40DF06A6->a923f5ad-f693-4fff-a7c9-30675751bb26@group-BB10C1A46019, cid=176, FAILED org.apache.ratis.protocol.NotLeaderException: Server a923f5ad-f693-4fff-a7c9-30675751bb26 is not the leader (null). Request must be sent to leader., logIndex=0, commits[a923f5ad-f693-4fff-a7c9-30675751bb26:c-1]
2019-08-24 03:33:43,947 | INFO  | SCMAudit | user=jenkins1000 | ip=192.168.69.87 | op=SEND_HEARTBEAT {datanodeUUID=dcc12217-51b2-406c-9e3d-e39da684196b, command=[]} | ret=SUCCESS |  
2019-08-24 03:33:44,131 | INFO  | SCMAudit | user=jenkins1000 | ip=192.168.69.87 | op=SEND_HEARTBEAT {datanodeUUID=dc75a801-41d0-4005-9753-f538f4cd9742, command=[]} | ret=SUCCESS |  
2019-08-24 03:33:44,294 | INFO  | SCMAudit | user=jenkins1000 | ip=192.168.69.87 | op=SEND_HEARTBEAT {datanodeUUID=69d09fd6-b904-4e1e-8a2a-76bd34232c3f, command=[]} | ret=SUCCESS |  
2019-08-24 03:33:44,318 | INFO  | SCMAudit | user=jenkins1000 | ip=192.168.69.87 | op=SEND_HEARTBEAT {datanodeUUID=a923f5ad-f693-4fff-a7c9-30675751bb26, command=[]} | ret=SUCCESS |  
2019-08-24 03:33:44,431 INFO  impl.FollowerState (FollowerState.java:run(106)) - 69d09fd6-b904-4e1e-8a2a-76bd34232c3f:group-A2899E27F5D9 changes to CANDIDATE, lastRpcTime:5069, electionTimeout:5069ms
2019-08-24 03:33:44,431 INFO  impl.RoleInfo (RoleInfo.java:shutdownFollowerState(121)) - 69d09fd6-b904-4e1e-8a2a-76bd34232c3f: shutdown FollowerState
2019-08-24 03:33:44,431 INFO  impl.RaftServerImpl (RaftServerImpl.java:setRole(171)) - 69d09fd6-b904-4e1e-8a2a-76bd34232c3f:group-A2899E27F5D9 changes role from FOLLOWER to CANDIDATE at term 0 for changeToCandidate
2019-08-24 03:33:44,431 INFO  impl.RoleInfo (RoleInfo.java:updateAndGet(143)) - 69d09fd6-b904-4e1e-8a2a-76bd34232c3f: start LeaderElection
2019-08-24 03:33:44,452 INFO  impl.LeaderElection (LeaderElection.java:askForVotes(181)) - 69d09fd6-b904-4e1e-8a2a-76bd34232c3f:group-A2899E27F5D9:LeaderElection68: begin an election at term 1 for -1: [69d09fd6-b904-4e1e-8a2a-76bd34232c3f:192.168.69.87:46152], old=null
2019-08-24 03:33:44,452 INFO  impl.RoleInfo (RoleInfo.java:shutdownLeaderElection(134)) - 69d09fd6-b904-4e1e-8a2a-76bd34232c3f: shutdown LeaderElection
2019-08-24 03:33:44,452 INFO  impl.RaftServerImpl (RaftServerImpl.java:setRole(171)) - 69d09fd6-b904-4e1e-8a2a-76bd34232c3f:group-A2899E27F5D9 changes role from CANDIDATE to LEADER at term 1 for changeToLeader
2019-08-24 03:33:44,452 INFO  impl.RaftServerImpl (ServerState.java:setLeader(263)) - 69d09fd6-b904-4e1e-8a2a-76bd34232c3f:group-A2899E27F5D9 change Leader from null to 69d09fd6-b904-4e1e-8a2a-76bd34232c3f at term 1 for becomeLeader, leader elected after 5094ms
2019-08-24 03:33:44,452 INFO  server.RaftServerConfigKeys (ConfUtils.java:logGet(43)) - raft.server.staging.catchup.gap = 1000 (default)
2019-08-24 03:33:44,453 INFO  server.RaftServerConfigKeys (ConfUtils.java:logGet(43)) - raft.server.rpc.sleep.time = 25ms (default)
2019-08-24 03:33:44,453 INFO  server.RaftServerConfigKeys (ConfUtils.java:logGet(43)) - raft.server.write.element-limit = 4096 (default)
2019-08-24 03:33:44,453 INFO  server.RaftServerConfigKeys (ConfUtils.java:logGet(43)) - raft.server.watch.timeout = 10s (default)
2019-08-24 03:33:44,453 INFO  server.RaftServerConfigKeys (ConfUtils.java:logGet(43)) - raft.server.watch.timeout.denomination = 1s (default)
2019-08-24 03:33:44,453 INFO  server.RaftServerConfigKeys (ConfUtils.java:logGet(43)) - raft.server.watch.element-limit = 65536 (default)
2019-08-24 03:33:44,454 INFO  impl.RoleInfo (RoleInfo.java:updateAndGet(143)) - 69d09fd6-b904-4e1e-8a2a-76bd34232c3f: start LeaderState
2019-08-24 03:33:44,454 INFO  segmented.SegmentedRaftLogWorker (SegmentedRaftLogWorker.java:startLogSegment(380)) - 69d09fd6-b904-4e1e-8a2a-76bd34232c3f-SegmentedRaftLogWorker:Storage Directory /workdir/hadoop-ozone/integration-test/target/test-dir/MiniOzoneClusterImpl-581dd6e5-c089-4ac1-8c4d-803d6bc9a32c/datanode-0/data/ratis/b7ec04e8-d666-4463-9dc9-a2899e27f5d9: Starting segment from index:0
2019-08-24 03:33:44,455 INFO  impl.RaftServerImpl (ServerState.java:setRaftConf(361)) - 69d09fd6-b904-4e1e-8a2a-76bd34232c3f:group-A2899E27F5D9 set configuration 0: [69d09fd6-b904-4e1e-8a2a-76bd34232c3f:192.168.69.87:46152], old=null at 0
2019-08-24 03:33:44,492 INFO  segmented.SegmentedRaftLogWorker (SegmentedRaftLogWorker.java:execute(569)) - 69d09fd6-b904-4e1e-8a2a-76bd34232c3f-SegmentedRaftLogWorker:Storage Directory /workdir/hadoop-ozone/integration-test/target/test-dir/MiniOzoneClusterImpl-581dd6e5-c089-4ac1-8c4d-803d6bc9a32c/datanode-0/data/ratis/b7ec04e8-d666-4463-9dc9-a2899e27f5d9: created new log segment /workdir/hadoop-ozone/integration-test/target/test-dir/MiniOzoneClusterImpl-581dd6e5-c089-4ac1-8c4d-803d6bc9a32c/datanode-0/data/ratis/b7ec04e8-d666-4463-9dc9-a2899e27f5d9/current/log_inprogress_0
2019-08-24 03:33:44,515 | INFO  | SCMAudit | user=jenkins1000 | ip=192.168.69.87 | op=SEND_HEARTBEAT {datanodeUUID=effec267-9718-4f52-949a-788aed2f64c8, command=[]} | ret=SUCCESS |  
2019-08-24 03:33:44,540 | INFO  | SCMAudit | user=jenkins1000 | ip=192.168.69.87 | op=SEND_HEARTBEAT {datanodeUUID=4f891048-4eaf-4b95-bfc9-bb119accb8ee, command=[]} | ret=SUCCESS |  
2019-08-24 03:33:44,701 INFO  impl.FollowerState (FollowerState.java:run(106)) - effec267-9718-4f52-949a-788aed2f64c8:group-85DF52327810 changes to CANDIDATE, lastRpcTime:5138, electionTimeout:5138ms
2019-08-24 03:33:44,701 INFO  impl.RoleInfo (RoleInfo.java:shutdownFollowerState(121)) - effec267-9718-4f52-949a-788aed2f64c8: shutdown FollowerState
2019-08-24 03:33:44,702 INFO  impl.RaftServerImpl (RaftServerImpl.java:setRole(171)) - effec267-9718-4f52-949a-788aed2f64c8:group-85DF52327810 changes role from FOLLOWER to CANDIDATE at term 0 for changeToCandidate
2019-08-24 03:33:44,702 INFO  impl.RoleInfo (RoleInfo.java:updateAndGet(143)) - effec267-9718-4f52-949a-788aed2f64c8: start LeaderElection
2019-08-24 03:33:44,722 INFO  impl.LeaderElection (LeaderElection.java:askForVotes(181)) - effec267-9718-4f52-949a-788aed2f64c8:group-85DF52327810:LeaderElection69: begin an election at term 1 for -1: [effec267-9718-4f52-949a-788aed2f64c8:192.168.69.87:40842], old=null
2019-08-24 03:33:44,722 INFO  impl.RoleInfo (RoleInfo.java:shutdownLeaderElection(134)) - effec267-9718-4f52-949a-788aed2f64c8: shutdown LeaderElection
2019-08-24 03:33:44,722 INFO  impl.RaftServerImpl (RaftServerImpl.java:setRole(171)) - effec267-9718-4f52-949a-788aed2f64c8:group-85DF52327810 changes role from CANDIDATE to LEADER at term 1 for changeToLeader
2019-08-24 03:33:44,722 INFO  impl.RaftServerImpl (ServerState.java:setLeader(263)) - effec267-9718-4f52-949a-788aed2f64c8:group-85DF52327810 change Leader from null to effec267-9718-4f52-949a-788aed2f64c8 at term 1 for becomeLeader, leader elected after 5164ms
2019-08-24 03:33:44,723 INFO  server.RaftServerConfigKeys (ConfUtils.java:logGet(43)) - raft.server.staging.catchup.gap = 1000 (default)
2019-08-24 03:33:44,723 INFO  server.RaftServerConfigKeys (ConfUtils.java:logGet(43)) - raft.server.rpc.sleep.time = 25ms (default)
2019-08-24 03:33:44,723 INFO  server.RaftServerConfigKeys (ConfUtils.java:logGet(43)) - raft.server.write.element-limit = 4096 (default)
2019-08-24 03:33:44,723 INFO  server.RaftServerConfigKeys (ConfUtils.java:logGet(43)) - raft.server.watch.timeout = 10s (default)
2019-08-24 03:33:44,723 INFO  server.RaftServerConfigKeys (ConfUtils.java:logGet(43)) - raft.server.watch.timeout.denomination = 1s (default)
2019-08-24 03:33:44,723 INFO  server.RaftServerConfigKeys (ConfUtils.java:logGet(43)) - raft.server.watch.element-limit = 65536 (default)
2019-08-24 03:33:44,723 INFO  impl.RoleInfo (RoleInfo.java:updateAndGet(143)) - effec267-9718-4f52-949a-788aed2f64c8: start LeaderState
2019-08-24 03:33:44,724 INFO  segmented.SegmentedRaftLogWorker (SegmentedRaftLogWorker.java:startLogSegment(380)) - effec267-9718-4f52-949a-788aed2f64c8-SegmentedRaftLogWorker:Storage Directory /workdir/hadoop-ozone/integration-test/target/test-dir/MiniOzoneClusterImpl-581dd6e5-c089-4ac1-8c4d-803d6bc9a32c/datanode-1/data/ratis/fc88e1f4-2279-4472-9bfb-85df52327810: Starting segment from index:0
2019-08-24 03:33:44,724 INFO  impl.RaftServerImpl (ServerState.java:setRaftConf(361)) - effec267-9718-4f52-949a-788aed2f64c8:group-85DF52327810 set configuration 0: [effec267-9718-4f52-949a-788aed2f64c8:192.168.69.87:40842], old=null at 0
2019-08-24 03:33:44,736 | INFO  | SCMAudit | user=jenkins1000 | ip=192.168.69.87 | op=SEND_HEARTBEAT {datanodeUUID=0f6d25e7-ce21-4fce-8b55-97dd0a754253, command=[]} | ret=SUCCESS |  
2019-08-24 03:33:44,761 INFO  segmented.SegmentedRaftLogWorker (SegmentedRaftLogWorker.java:execute(569)) - effec267-9718-4f52-949a-788aed2f64c8-SegmentedRaftLogWorker:Storage Directory /workdir/hadoop-ozone/integration-test/target/test-dir/MiniOzoneClusterImpl-581dd6e5-c089-4ac1-8c4d-803d6bc9a32c/datanode-1/data/ratis/fc88e1f4-2279-4472-9bfb-85df52327810: created new log segment /workdir/hadoop-ozone/integration-test/target/test-dir/MiniOzoneClusterImpl-581dd6e5-c089-4ac1-8c4d-803d6bc9a32c/datanode-1/data/ratis/fc88e1f4-2279-4472-9bfb-85df52327810/current/log_inprogress_0
2019-08-24 03:33:44,836 INFO  client.GrpcClientProtocolClient (GrpcClientProtocolClient.java:onNext(255)) - client-CBEB40DF06A6->dc75a801-41d0-4005-9753-f538f4cd9742: receive RaftClientReply:client-CBEB40DF06A6->dc75a801-41d0-4005-9753-f538f4cd9742@group-BB10C1A46019, cid=176, FAILED org.apache.ratis.protocol.NotLeaderException: Server dc75a801-41d0-4005-9753-f538f4cd9742 is not the leader (null). Request must be sent to leader., logIndex=0, commits[dc75a801-41d0-4005-9753-f538f4cd9742:c-1]
2019-08-24 03:33:44,947 | INFO  | SCMAudit | user=jenkins1000 | ip=192.168.69.87 | op=SEND_HEARTBEAT {datanodeUUID=dcc12217-51b2-406c-9e3d-e39da684196b, command=[]} | ret=SUCCESS |  
2019-08-24 03:33:45,094 INFO  impl.FollowerState (FollowerState.java:run(106)) - dcc12217-51b2-406c-9e3d-e39da684196b:group-419AC3A78955 changes to CANDIDATE, lastRpcTime:5105, electionTimeout:5105ms
2019-08-24 03:33:45,094 INFO  impl.RoleInfo (RoleInfo.java:shutdownFollowerState(121)) - dcc12217-51b2-406c-9e3d-e39da684196b: shutdown FollowerState
2019-08-24 03:33:45,094 INFO  impl.RaftServerImpl (RaftServerImpl.java:setRole(171)) - dcc12217-51b2-406c-9e3d-e39da684196b:group-419AC3A78955 changes role from FOLLOWER to CANDIDATE at term 0 for changeToCandidate
2019-08-24 03:33:45,095 INFO  impl.RoleInfo (RoleInfo.java:updateAndGet(143)) - dcc12217-51b2-406c-9e3d-e39da684196b: start LeaderElection
2019-08-24 03:33:45,116 INFO  impl.LeaderElection (LeaderElection.java:askForVotes(181)) - dcc12217-51b2-406c-9e3d-e39da684196b:group-419AC3A78955:LeaderElection70: begin an election at term 1 for -1: [dcc12217-51b2-406c-9e3d-e39da684196b:192.168.69.87:41689], old=null
2019-08-24 03:33:45,116 INFO  impl.RoleInfo (RoleInfo.java:shutdownLeaderElection(134)) - dcc12217-51b2-406c-9e3d-e39da684196b: shutdown LeaderElection
2019-08-24 03:33:45,116 INFO  impl.RaftServerImpl (RaftServerImpl.java:setRole(171)) - dcc12217-51b2-406c-9e3d-e39da684196b:group-419AC3A78955 changes role from CANDIDATE to LEADER at term 1 for changeToLeader
2019-08-24 03:33:45,116 INFO  impl.RaftServerImpl (ServerState.java:setLeader(263)) - dcc12217-51b2-406c-9e3d-e39da684196b:group-419AC3A78955 change Leader from null to dcc12217-51b2-406c-9e3d-e39da684196b at term 1 for becomeLeader, leader elected after 5131ms
2019-08-24 03:33:45,116 INFO  server.RaftServerConfigKeys (ConfUtils.java:logGet(43)) - raft.server.staging.catchup.gap = 1000 (default)
2019-08-24 03:33:45,117 INFO  server.RaftServerConfigKeys (ConfUtils.java:logGet(43)) - raft.server.rpc.sleep.time = 25ms (default)
2019-08-24 03:33:45,117 INFO  server.RaftServerConfigKeys (ConfUtils.java:logGet(43)) - raft.server.write.element-limit = 4096 (default)
2019-08-24 03:33:45,117 INFO  server.RaftServerConfigKeys (ConfUtils.java:logGet(43)) - raft.server.watch.timeout = 10s (default)
2019-08-24 03:33:45,117 INFO  server.RaftServerConfigKeys (ConfUtils.java:logGet(43)) - raft.server.watch.timeout.denomination = 1s (default)
2019-08-24 03:33:45,117 INFO  server.RaftServerConfigKeys (ConfUtils.java:logGet(43)) - raft.server.watch.element-limit = 65536 (default)
2019-08-24 03:33:45,117 INFO  impl.RoleInfo (RoleInfo.java:updateAndGet(143)) - dcc12217-51b2-406c-9e3d-e39da684196b: start LeaderState
2019-08-24 03:33:45,118 INFO  segmented.SegmentedRaftLogWorker (SegmentedRaftLogWorker.java:startLogSegment(380)) - dcc12217-51b2-406c-9e3d-e39da684196b-SegmentedRaftLogWorker:Storage Directory /workdir/hadoop-ozone/integration-test/target/test-dir/MiniOzoneClusterImpl-581dd6e5-c089-4ac1-8c4d-803d6bc9a32c/datanode-2/data/ratis/afdb17f9-ed8e-4915-956d-419ac3a78955: Starting segment from index:0
2019-08-24 03:33:45,118 INFO  impl.RaftServerImpl (ServerState.java:setRaftConf(361)) - dcc12217-51b2-406c-9e3d-e39da684196b:group-419AC3A78955 set configuration 0: [dcc12217-51b2-406c-9e3d-e39da684196b:192.168.69.87:41689], old=null at 0
2019-08-24 03:33:45,131 | INFO  | SCMAudit | user=jenkins1000 | ip=192.168.69.87 | op=SEND_HEARTBEAT {datanodeUUID=dc75a801-41d0-4005-9753-f538f4cd9742, command=[]} | ret=SUCCESS |  
2019-08-24 03:33:45,145 INFO  impl.FollowerState (FollowerState.java:run(106)) - 69d09fd6-b904-4e1e-8a2a-76bd34232c3f:group-741337134B4E changes to CANDIDATE, lastRpcTime:5098, electionTimeout:5098ms
2019-08-24 03:33:45,145 INFO  impl.RoleInfo (RoleInfo.java:shutdownFollowerState(121)) - 69d09fd6-b904-4e1e-8a2a-76bd34232c3f: shutdown FollowerState
2019-08-24 03:33:45,145 INFO  impl.RaftServerImpl (RaftServerImpl.java:setRole(171)) - 69d09fd6-b904-4e1e-8a2a-76bd34232c3f:group-741337134B4E changes role from FOLLOWER to CANDIDATE at term 0 for changeToCandidate
2019-08-24 03:33:45,145 INFO  impl.RoleInfo (RoleInfo.java:updateAndGet(143)) - 69d09fd6-b904-4e1e-8a2a-76bd34232c3f: start LeaderElection
2019-08-24 03:33:45,148 INFO  segmented.SegmentedRaftLogWorker (SegmentedRaftLogWorker.java:execute(569)) - dcc12217-51b2-406c-9e3d-e39da684196b-SegmentedRaftLogWorker:Storage Directory /workdir/hadoop-ozone/integration-test/target/test-dir/MiniOzoneClusterImpl-581dd6e5-c089-4ac1-8c4d-803d6bc9a32c/datanode-2/data/ratis/afdb17f9-ed8e-4915-956d-419ac3a78955: created new log segment /workdir/hadoop-ozone/integration-test/target/test-dir/MiniOzoneClusterImpl-581dd6e5-c089-4ac1-8c4d-803d6bc9a32c/datanode-2/data/ratis/afdb17f9-ed8e-4915-956d-419ac3a78955/current/log_inprogress_0
2019-08-24 03:33:45,164 INFO  impl.LeaderElection (LeaderElection.java:askForVotes(181)) - 69d09fd6-b904-4e1e-8a2a-76bd34232c3f:group-741337134B4E:LeaderElection71: begin an election at term 1 for -1: [69d09fd6-b904-4e1e-8a2a-76bd34232c3f:192.168.69.87:46152, dcc12217-51b2-406c-9e3d-e39da684196b:192.168.69.87:41689, effec267-9718-4f52-949a-788aed2f64c8:192.168.69.87:40842], old=null
2019-08-24 03:33:45,168 INFO  impl.RaftServerImpl (RaftServerImpl.java:setRole(171)) - effec267-9718-4f52-949a-788aed2f64c8:group-741337134B4E changes role from FOLLOWER to FOLLOWER at term 1 for recognizeCandidate:69d09fd6-b904-4e1e-8a2a-76bd34232c3f
2019-08-24 03:33:45,168 INFO  impl.RoleInfo (RoleInfo.java:shutdownFollowerState(121)) - effec267-9718-4f52-949a-788aed2f64c8: shutdown FollowerState
2019-08-24 03:33:45,168 INFO  impl.FollowerState (FollowerState.java:run(106)) - dcc12217-51b2-406c-9e3d-e39da684196b:group-741337134B4E changes to CANDIDATE, lastRpcTime:5121, electionTimeout:5121ms
2019-08-24 03:33:45,171 INFO  impl.RoleInfo (RoleInfo.java:updateAndGet(143)) - effec267-9718-4f52-949a-788aed2f64c8: start FollowerState
2019-08-24 03:33:45,171 INFO  impl.FollowerState (FollowerState.java:run(114)) - effec267-9718-4f52-949a-788aed2f64c8: FollowerState was interrupted: java.lang.InterruptedException: sleep interrupted
2019-08-24 03:33:45,171 INFO  impl.RoleInfo (RoleInfo.java:shutdownFollowerState(121)) - dcc12217-51b2-406c-9e3d-e39da684196b: shutdown FollowerState
2019-08-24 03:33:45,173 INFO  impl.RaftServerImpl (RaftServerImpl.java:setRole(171)) - dcc12217-51b2-406c-9e3d-e39da684196b:group-741337134B4E changes role from FOLLOWER to CANDIDATE at term 0 for changeToCandidate
2019-08-24 03:33:45,173 INFO  impl.RoleInfo (RoleInfo.java:updateAndGet(143)) - dcc12217-51b2-406c-9e3d-e39da684196b: start LeaderElection
2019-08-24 03:33:45,175 INFO  impl.RaftServerImpl (RaftServerImpl.java:setRole(171)) - dcc12217-51b2-406c-9e3d-e39da684196b:group-741337134B4E changes role from CANDIDATE to FOLLOWER at term 1 for recognizeCandidate:69d09fd6-b904-4e1e-8a2a-76bd34232c3f
2019-08-24 03:33:45,175 INFO  impl.RoleInfo (RoleInfo.java:shutdownLeaderElection(134)) - dcc12217-51b2-406c-9e3d-e39da684196b: shutdown LeaderElection
2019-08-24 03:33:45,175 INFO  impl.RoleInfo (RoleInfo.java:updateAndGet(143)) - dcc12217-51b2-406c-9e3d-e39da684196b: start FollowerState
2019-08-24 03:33:45,185 INFO  impl.LeaderElection (LeaderElection.java:logAndReturn(56)) - 69d09fd6-b904-4e1e-8a2a-76bd34232c3f:group-741337134B4E:LeaderElection71: Election PASSED; received 1 response(s) [69d09fd6-b904-4e1e-8a2a-76bd34232c3f<-effec267-9718-4f52-949a-788aed2f64c8#0:OK-t1] and 0 exception(s); 69d09fd6-b904-4e1e-8a2a-76bd34232c3f:t1, leader=null, voted=69d09fd6-b904-4e1e-8a2a-76bd34232c3f, raftlog=69d09fd6-b904-4e1e-8a2a-76bd34232c3f-SegmentedRaftLog:OPENED:c-1,f-1,i0, conf=-1: [69d09fd6-b904-4e1e-8a2a-76bd34232c3f:192.168.69.87:46152, dcc12217-51b2-406c-9e3d-e39da684196b:192.168.69.87:41689, effec267-9718-4f52-949a-788aed2f64c8:192.168.69.87:40842], old=null
2019-08-24 03:33:45,185 INFO  impl.RoleInfo (RoleInfo.java:shutdownLeaderElection(134)) - 69d09fd6-b904-4e1e-8a2a-76bd34232c3f: shutdown LeaderElection
2019-08-24 03:33:45,185 INFO  impl.RaftServerImpl (RaftServerImpl.java:setRole(171)) - 69d09fd6-b904-4e1e-8a2a-76bd34232c3f:group-741337134B4E changes role from CANDIDATE to LEADER at term 1 for changeToLeader
2019-08-24 03:33:45,185 INFO  impl.RaftServerImpl (ServerState.java:setLeader(263)) - 69d09fd6-b904-4e1e-8a2a-76bd34232c3f:group-741337134B4E change Leader from null to 69d09fd6-b904-4e1e-8a2a-76bd34232c3f at term 1 for becomeLeader, leader elected after 5150ms
2019-08-24 03:33:45,185 INFO  server.RaftServerConfigKeys (ConfUtils.java:logGet(43)) - raft.server.staging.catchup.gap = 1000 (default)
2019-08-24 03:33:45,186 INFO  server.RaftServerConfigKeys (ConfUtils.java:logGet(43)) - raft.server.rpc.sleep.time = 25ms (default)
2019-08-24 03:33:45,186 INFO  server.RaftServerConfigKeys (ConfUtils.java:logGet(43)) - raft.server.write.element-limit = 4096 (default)
2019-08-24 03:33:45,186 INFO  server.RaftServerConfigKeys (ConfUtils.java:logGet(43)) - raft.server.watch.timeout = 10s (default)
2019-08-24 03:33:45,186 INFO  server.RaftServerConfigKeys (ConfUtils.java:logGet(43)) - raft.server.watch.timeout.denomination = 1s (default)
2019-08-24 03:33:45,186 INFO  server.RaftServerConfigKeys (ConfUtils.java:logGet(43)) - raft.server.watch.element-limit = 65536 (default)
2019-08-24 03:33:45,186 INFO  server.RaftServerConfigKeys (ConfUtils.java:logGet(43)) - raft.server.log.appender.snapshot.chunk.size.max = 16MB (=16777216) (default)
2019-08-24 03:33:45,187 INFO  server.RaftServerConfigKeys (ConfUtils.java:logGet(43)) - raft.server.log.appender.buffer.byte-limit = 33554432 (custom)
2019-08-24 03:33:45,187 INFO  server.RaftServerConfigKeys (ConfUtils.java:logGet(43)) - raft.server.log.appender.buffer.element-limit = 1 (custom)
2019-08-24 03:33:45,187 INFO  grpc.GrpcConfigKeys$Server (ConfUtils.java:logGet(43)) - raft.grpc.server.leader.outstanding.appends.max = 128 (default)
2019-08-24 03:33:45,187 INFO  server.RaftServerConfigKeys (ConfUtils.java:logGet(43)) - raft.server.rpc.request.timeout = 3000ms (default)
2019-08-24 03:33:45,187 INFO  server.RaftServerConfigKeys (ConfUtils.java:logGet(43)) - raft.server.log.appender.install.snapshot.enabled = false (custom)
2019-08-24 03:33:45,188 INFO  server.RaftServerConfigKeys (ConfUtils.java:logGet(43)) - raft.server.log.appender.snapshot.chunk.size.max = 16MB (=16777216) (default)
2019-08-24 03:33:45,188 INFO  server.RaftServerConfigKeys (ConfUtils.java:logGet(43)) - raft.server.log.appender.buffer.byte-limit = 33554432 (custom)
2019-08-24 03:33:45,188 INFO  server.RaftServerConfigKeys (ConfUtils.java:logGet(43)) - raft.server.log.appender.buffer.element-limit = 1 (custom)
2019-08-24 03:33:45,188 INFO  grpc.GrpcConfigKeys$Server (ConfUtils.java:logGet(43)) - raft.grpc.server.leader.outstanding.appends.max = 128 (default)
2019-08-24 03:33:45,188 INFO  server.RaftServerConfigKeys (ConfUtils.java:logGet(43)) - raft.server.rpc.request.timeout = 3000ms (default)
2019-08-24 03:33:45,189 INFO  server.RaftServerConfigKeys (ConfUtils.java:logGet(43)) - raft.server.log.appender.install.snapshot.enabled = false (custom)
2019-08-24 03:33:45,189 INFO  impl.RoleInfo (RoleInfo.java:updateAndGet(143)) - 69d09fd6-b904-4e1e-8a2a-76bd34232c3f: start LeaderState
2019-08-24 03:33:45,189 INFO  segmented.SegmentedRaftLogWorker (SegmentedRaftLogWorker.java:startLogSegment(380)) - 69d09fd6-b904-4e1e-8a2a-76bd34232c3f-SegmentedRaftLogWorker:Storage Directory /workdir/hadoop-ozone/integration-test/target/test-dir/MiniOzoneClusterImpl-581dd6e5-c089-4ac1-8c4d-803d6bc9a32c/datanode-0/data/ratis/dd777e94-9667-486b-a038-741337134b4e: Starting segment from index:0
2019-08-24 03:33:45,190 INFO  impl.RaftServerImpl (ServerState.java:setRaftConf(361)) - 69d09fd6-b904-4e1e-8a2a-76bd34232c3f:group-741337134B4E set configuration 0: [69d09fd6-b904-4e1e-8a2a-76bd34232c3f:192.168.69.87:46152, dcc12217-51b2-406c-9e3d-e39da684196b:192.168.69.87:41689, effec267-9718-4f52-949a-788aed2f64c8:192.168.69.87:40842], old=null at 0
2019-08-24 03:33:45,225 INFO  impl.LeaderElection (LeaderElection.java:askForVotes(181)) - dcc12217-51b2-406c-9e3d-e39da684196b:group-741337134B4E:LeaderElection72: begin an election at term 2 for -1: [69d09fd6-b904-4e1e-8a2a-76bd34232c3f:192.168.69.87:46152, dcc12217-51b2-406c-9e3d-e39da684196b:192.168.69.87:41689, effec267-9718-4f52-949a-788aed2f64c8:192.168.69.87:40842], old=null
2019-08-24 03:33:45,226 INFO  impl.LeaderElection (LeaderElection.java:logAndReturn(56)) - dcc12217-51b2-406c-9e3d-e39da684196b:group-741337134B4E:LeaderElection72: Election REJECTED; received 0 response(s) [] and 0 exception(s); dcc12217-51b2-406c-9e3d-e39da684196b:t2, leader=null, voted=dcc12217-51b2-406c-9e3d-e39da684196b, raftlog=dcc12217-51b2-406c-9e3d-e39da684196b-SegmentedRaftLog:OPENED:c-1,f-1,i0, conf=-1: [69d09fd6-b904-4e1e-8a2a-76bd34232c3f:192.168.69.87:46152, dcc12217-51b2-406c-9e3d-e39da684196b:192.168.69.87:41689, effec267-9718-4f52-949a-788aed2f64c8:192.168.69.87:40842], old=null
2019-08-24 03:33:45,230 INFO  impl.RaftServerImpl (ServerState.java:setLeader(263)) - effec267-9718-4f52-949a-788aed2f64c8:group-741337134B4E change Leader from null to 69d09fd6-b904-4e1e-8a2a-76bd34232c3f at term 1 for appendEntries, leader elected after 5194ms
2019-08-24 03:33:45,230 INFO  segmented.SegmentedRaftLogWorker (SegmentedRaftLogWorker.java:execute(569)) - 69d09fd6-b904-4e1e-8a2a-76bd34232c3f-SegmentedRaftLogWorker:Storage Directory /workdir/hadoop-ozone/integration-test/target/test-dir/MiniOzoneClusterImpl-581dd6e5-c089-4ac1-8c4d-803d6bc9a32c/datanode-0/data/ratis/dd777e94-9667-486b-a038-741337134b4e: created new log segment /workdir/hadoop-ozone/integration-test/target/test-dir/MiniOzoneClusterImpl-581dd6e5-c089-4ac1-8c4d-803d6bc9a32c/datanode-0/data/ratis/dd777e94-9667-486b-a038-741337134b4e/current/log_inprogress_0
2019-08-24 03:33:45,234 INFO  impl.RaftServerImpl (ServerState.java:setLeader(263)) - 69d09fd6-b904-4e1e-8a2a-76bd34232c3f:group-741337134B4E change Leader from 69d09fd6-b904-4e1e-8a2a-76bd34232c3f to null at term 2 for updateCurrentTerm
2019-08-24 03:33:45,234 INFO  impl.RaftServerImpl (RaftServerImpl.java:setRole(171)) - 69d09fd6-b904-4e1e-8a2a-76bd34232c3f:group-741337134B4E changes role from LEADER to FOLLOWER at term 2 for stepDown
2019-08-24 03:33:45,234 INFO  impl.RoleInfo (RoleInfo.java:shutdownLeaderState(104)) - 69d09fd6-b904-4e1e-8a2a-76bd34232c3f: shutdown LeaderState
2019-08-24 03:33:45,238 INFO  impl.PendingRequests (PendingRequests.java:sendNotLeaderResponses(202)) - 69d09fd6-b904-4e1e-8a2a-76bd34232c3f-PendingRequests: sendNotLeaderResponses
2019-08-24 03:33:45,238 WARN  server.GrpcLogAppender (GrpcLogAppender.java:mayWait(143)) - GrpcLogAppender(69d09fd6-b904-4e1e-8a2a-76bd34232c3f->dcc12217-51b2-406c-9e3d-e39da684196b): Wait interrupted by java.lang.InterruptedException
2019-08-24 03:33:45,238 INFO  impl.RoleInfo (RoleInfo.java:updateAndGet(143)) - 69d09fd6-b904-4e1e-8a2a-76bd34232c3f: start FollowerState
2019-08-24 03:33:45,238 INFO  impl.RaftServerImpl (ServerState.java:setRaftConf(361)) - effec267-9718-4f52-949a-788aed2f64c8:group-741337134B4E set configuration 0: [69d09fd6-b904-4e1e-8a2a-76bd34232c3f:192.168.69.87:46152, dcc12217-51b2-406c-9e3d-e39da684196b:192.168.69.87:41689, effec267-9718-4f52-949a-788aed2f64c8:192.168.69.87:40842], old=null at 0
2019-08-24 03:33:45,239 INFO  impl.RaftServerImpl (ServerState.java:setLeader(263)) - effec267-9718-4f52-949a-788aed2f64c8:group-741337134B4E change Leader from 69d09fd6-b904-4e1e-8a2a-76bd34232c3f to null at term 2 for updateCurrentTerm
2019-08-24 03:33:45,239 INFO  impl.RaftServerImpl (RaftServerImpl.java:setRole(171)) - effec267-9718-4f52-949a-788aed2f64c8:group-741337134B4E changes role from FOLLOWER to FOLLOWER at term 2 for recognizeCandidate:dcc12217-51b2-406c-9e3d-e39da684196b
2019-08-24 03:33:45,239 INFO  impl.RoleInfo (RoleInfo.java:shutdownFollowerState(121)) - effec267-9718-4f52-949a-788aed2f64c8: shutdown FollowerState
2019-08-24 03:33:45,238 WARN  server.GrpcLogAppender (GrpcLogAppender.java:mayWait(143)) - GrpcLogAppender(69d09fd6-b904-4e1e-8a2a-76bd34232c3f->effec267-9718-4f52-949a-788aed2f64c8): Wait interrupted by java.lang.InterruptedException
2019-08-24 03:33:45,239 INFO  impl.FollowerState (FollowerState.java:run(114)) - effec267-9718-4f52-949a-788aed2f64c8: FollowerState was interrupted: java.lang.InterruptedException: sleep interrupted
2019-08-24 03:33:45,239 INFO  impl.RoleInfo (RoleInfo.java:updateAndGet(143)) - effec267-9718-4f52-949a-788aed2f64c8: start FollowerState
2019-08-24 03:33:45,239 INFO  server.GrpcServerProtocolService (GrpcServerProtocolService.java:onCompleted(104)) - dcc12217-51b2-406c-9e3d-e39da684196b: appendEntries completed
2019-08-24 03:33:45,239 INFO  segmented.SegmentedRaftLogWorker (SegmentedRaftLogWorker.java:startLogSegment(380)) - effec267-9718-4f52-949a-788aed2f64c8-SegmentedRaftLogWorker:Storage Directory /workdir/hadoop-ozone/integration-test/target/test-dir/MiniOzoneClusterImpl-581dd6e5-c089-4ac1-8c4d-803d6bc9a32c/datanode-1/data/ratis/dd777e94-9667-486b-a038-741337134b4e: Starting segment from index:0
2019-08-24 03:33:45,241 INFO  server.GrpcServerProtocolService (GrpcServerProtocolService.java:onCompleted(104)) - effec267-9718-4f52-949a-788aed2f64c8: appendEntries completed
2019-08-24 03:33:45,242 INFO  server.GrpcLogAppender (GrpcLogAppender.java:onCompleted(292)) - 69d09fd6-b904-4e1e-8a2a-76bd34232c3f->effec267-9718-4f52-949a-788aed2f64c8: follower responses appendEntries COMPLETED
2019-08-24 03:33:45,242 INFO  impl.FollowerInfo (FollowerInfo.java:lambda$new$0(50)) - 69d09fd6-b904-4e1e-8a2a-76bd34232c3f->effec267-9718-4f52-949a-788aed2f64c8: nextIndex: updateUnconditionally 1 -> 0
2019-08-24 03:33:45,273 INFO  server.GrpcLogAppender (GrpcLogAppender.java:onCompleted(292)) - 69d09fd6-b904-4e1e-8a2a-76bd34232c3f->dcc12217-51b2-406c-9e3d-e39da684196b: follower responses appendEntries COMPLETED
2019-08-24 03:33:45,273 INFO  impl.RaftServerImpl (RaftServerImpl.java:setRole(171)) - 69d09fd6-b904-4e1e-8a2a-76bd34232c3f:group-741337134B4E changes role from FOLLOWER to FOLLOWER at term 2 for recognizeCandidate:dcc12217-51b2-406c-9e3d-e39da684196b
2019-08-24 03:33:45,281 INFO  impl.FollowerInfo (FollowerInfo.java:lambda$new$0(50)) - 69d09fd6-b904-4e1e-8a2a-76bd34232c3f->dcc12217-51b2-406c-9e3d-e39da684196b: nextIndex: updateUnconditionally 1 -> 0
2019-08-24 03:33:45,281 INFO  impl.RoleInfo (RoleInfo.java:shutdownFollowerState(121)) - 69d09fd6-b904-4e1e-8a2a-76bd34232c3f: shutdown FollowerState
2019-08-24 03:33:45,281 INFO  impl.RoleInfo (RoleInfo.java:updateAndGet(143)) - 69d09fd6-b904-4e1e-8a2a-76bd34232c3f: start FollowerState
2019-08-24 03:33:45,281 INFO  impl.FollowerState (FollowerState.java:run(114)) - 69d09fd6-b904-4e1e-8a2a-76bd34232c3f: FollowerState was interrupted: java.lang.InterruptedException: sleep interrupted
2019-08-24 03:33:45,285 INFO  segmented.SegmentedRaftLogWorker (SegmentedRaftLogWorker.java:execute(569)) - effec267-9718-4f52-949a-788aed2f64c8-SegmentedRaftLogWorker:Storage Directory /workdir/hadoop-ozone/integration-test/target/test-dir/MiniOzoneClusterImpl-581dd6e5-c089-4ac1-8c4d-803d6bc9a32c/datanode-1/data/ratis/dd777e94-9667-486b-a038-741337134b4e: created new log segment /workdir/hadoop-ozone/integration-test/target/test-dir/MiniOzoneClusterImpl-581dd6e5-c089-4ac1-8c4d-803d6bc9a32c/datanode-1/data/ratis/dd777e94-9667-486b-a038-741337134b4e/current/log_inprogress_0
2019-08-24 03:33:45,291 INFO  impl.FollowerState (FollowerState.java:run(106)) - dc75a801-41d0-4005-9753-f538f4cd9742:group-DDB39D49969D changes to CANDIDATE, lastRpcTime:5119, electionTimeout:5119ms
2019-08-24 03:33:45,291 INFO  impl.RoleInfo (RoleInfo.java:shutdownFollowerState(121)) - dc75a801-41d0-4005-9753-f538f4cd9742: shutdown FollowerState
2019-08-24 03:33:45,291 INFO  impl.RaftServerImpl (RaftServerImpl.java:setRole(171)) - dc75a801-41d0-4005-9753-f538f4cd9742:group-DDB39D49969D changes role from FOLLOWER to CANDIDATE at term 0 for changeToCandidate
2019-08-24 03:33:45,291 INFO  impl.RoleInfo (RoleInfo.java:updateAndGet(143)) - dc75a801-41d0-4005-9753-f538f4cd9742: start LeaderElection
2019-08-24 03:33:45,294 | INFO  | SCMAudit | user=jenkins1000 | ip=192.168.69.87 | op=SEND_HEARTBEAT {datanodeUUID=69d09fd6-b904-4e1e-8a2a-76bd34232c3f, command=[]} | ret=SUCCESS |  
2019-08-24 03:33:45,307 INFO  impl.LeaderElection (LeaderElection.java:askForVotes(181)) - dc75a801-41d0-4005-9753-f538f4cd9742:group-DDB39D49969D:LeaderElection73: begin an election at term 1 for -1: [dc75a801-41d0-4005-9753-f538f4cd9742:192.168.69.87:37626], old=null
2019-08-24 03:33:45,307 INFO  impl.RoleInfo (RoleInfo.java:shutdownLeaderElection(134)) - dc75a801-41d0-4005-9753-f538f4cd9742: shutdown LeaderElection
2019-08-24 03:33:45,307 INFO  impl.RaftServerImpl (RaftServerImpl.java:setRole(171)) - dc75a801-41d0-4005-9753-f538f4cd9742:group-DDB39D49969D changes role from CANDIDATE to LEADER at term 1 for changeToLeader
2019-08-24 03:33:45,307 INFO  impl.RaftServerImpl (ServerState.java:setLeader(263)) - dc75a801-41d0-4005-9753-f538f4cd9742:group-DDB39D49969D change Leader from null to dc75a801-41d0-4005-9753-f538f4cd9742 at term 1 for becomeLeader, leader elected after 5139ms
2019-08-24 03:33:45,307 INFO  server.RaftServerConfigKeys (ConfUtils.java:logGet(43)) - raft.server.staging.catchup.gap = 1000 (default)
2019-08-24 03:33:45,307 INFO  server.RaftServerConfigKeys (ConfUtils.java:logGet(43)) - raft.server.rpc.sleep.time = 25ms (default)
2019-08-24 03:33:45,308 INFO  server.RaftServerConfigKeys (ConfUtils.java:logGet(43)) - raft.server.write.element-limit = 4096 (default)
2019-08-24 03:33:45,308 INFO  server.RaftServerConfigKeys (ConfUtils.java:logGet(43)) - raft.server.watch.timeout = 10s (default)
2019-08-24 03:33:45,308 INFO  server.RaftServerConfigKeys (ConfUtils.java:logGet(43)) - raft.server.watch.timeout.denomination = 1s (default)
2019-08-24 03:33:45,308 INFO  server.RaftServerConfigKeys (ConfUtils.java:logGet(43)) - raft.server.watch.element-limit = 65536 (default)
2019-08-24 03:33:45,308 INFO  impl.RoleInfo (RoleInfo.java:updateAndGet(143)) - dc75a801-41d0-4005-9753-f538f4cd9742: start LeaderState
2019-08-24 03:33:45,308 INFO  segmented.SegmentedRaftLogWorker (SegmentedRaftLogWorker.java:startLogSegment(380)) - dc75a801-41d0-4005-9753-f538f4cd9742-SegmentedRaftLogWorker:Storage Directory /workdir/hadoop-ozone/integration-test/target/test-dir/MiniOzoneClusterImpl-581dd6e5-c089-4ac1-8c4d-803d6bc9a32c/datanode-3/data/ratis/efc69019-5311-413b-ac25-ddb39d49969d: Starting segment from index:0
2019-08-24 03:33:45,309 INFO  impl.RaftServerImpl (ServerState.java:setRaftConf(361)) - dc75a801-41d0-4005-9753-f538f4cd9742:group-DDB39D49969D set configuration 0: [dc75a801-41d0-4005-9753-f538f4cd9742:192.168.69.87:37626], old=null at 0
2019-08-24 03:33:45,334 | INFO  | SCMAudit | user=jenkins1000 | ip=192.168.69.87 | op=SEND_HEARTBEAT {datanodeUUID=a923f5ad-f693-4fff-a7c9-30675751bb26, command=[]} | ret=SUCCESS |  
2019-08-24 03:33:45,346 INFO  segmented.SegmentedRaftLogWorker (SegmentedRaftLogWorker.java:execute(569)) - dc75a801-41d0-4005-9753-f538f4cd9742-SegmentedRaftLogWorker:Storage Directory /workdir/hadoop-ozone/integration-test/target/test-dir/MiniOzoneClusterImpl-581dd6e5-c089-4ac1-8c4d-803d6bc9a32c/datanode-3/data/ratis/efc69019-5311-413b-ac25-ddb39d49969d: created new log segment /workdir/hadoop-ozone/integration-test/target/test-dir/MiniOzoneClusterImpl-581dd6e5-c089-4ac1-8c4d-803d6bc9a32c/datanode-3/data/ratis/efc69019-5311-413b-ac25-ddb39d49969d/current/log_inprogress_0
2019-08-24 03:33:45,448 INFO  impl.FollowerState (FollowerState.java:run(106)) - a923f5ad-f693-4fff-a7c9-30675751bb26:group-65F90CE2E7C3 changes to CANDIDATE, lastRpcTime:5090, electionTimeout:5090ms
2019-08-24 03:33:45,449 INFO  impl.RoleInfo (RoleInfo.java:shutdownFollowerState(121)) - a923f5ad-f693-4fff-a7c9-30675751bb26: shutdown FollowerState
2019-08-24 03:33:45,449 INFO  impl.RaftServerImpl (RaftServerImpl.java:setRole(171)) - a923f5ad-f693-4fff-a7c9-30675751bb26:group-65F90CE2E7C3 changes role from FOLLOWER to CANDIDATE at term 0 for changeToCandidate
2019-08-24 03:33:45,449 INFO  impl.RoleInfo (RoleInfo.java:updateAndGet(143)) - a923f5ad-f693-4fff-a7c9-30675751bb26: start LeaderElection
2019-08-24 03:33:45,466 INFO  impl.LeaderElection (LeaderElection.java:askForVotes(181)) - a923f5ad-f693-4fff-a7c9-30675751bb26:group-65F90CE2E7C3:LeaderElection74: begin an election at term 1 for -1: [a923f5ad-f693-4fff-a7c9-30675751bb26:192.168.69.87:34349], old=null
2019-08-24 03:33:45,466 INFO  impl.RoleInfo (RoleInfo.java:shutdownLeaderElection(134)) - a923f5ad-f693-4fff-a7c9-30675751bb26: shutdown LeaderElection
2019-08-24 03:33:45,466 INFO  impl.RaftServerImpl (RaftServerImpl.java:setRole(171)) - a923f5ad-f693-4fff-a7c9-30675751bb26:group-65F90CE2E7C3 changes role from CANDIDATE to LEADER at term 1 for changeToLeader
2019-08-24 03:33:45,467 INFO  impl.RaftServerImpl (ServerState.java:setLeader(263)) - a923f5ad-f693-4fff-a7c9-30675751bb26:group-65F90CE2E7C3 change Leader from null to a923f5ad-f693-4fff-a7c9-30675751bb26 at term 1 for becomeLeader, leader elected after 5112ms
2019-08-24 03:33:45,467 INFO  server.RaftServerConfigKeys (ConfUtils.java:logGet(43)) - raft.server.staging.catchup.gap = 1000 (default)
2019-08-24 03:33:45,467 INFO  server.RaftServerConfigKeys (ConfUtils.java:logGet(43)) - raft.server.rpc.sleep.time = 25ms (default)
2019-08-24 03:33:45,467 INFO  server.RaftServerConfigKeys (ConfUtils.java:logGet(43)) - raft.server.write.element-limit = 4096 (default)
2019-08-24 03:33:45,467 INFO  server.RaftServerConfigKeys (ConfUtils.java:logGet(43)) - raft.server.watch.timeout = 10s (default)
2019-08-24 03:33:45,467 INFO  server.RaftServerConfigKeys (ConfUtils.java:logGet(43)) - raft.server.watch.timeout.denomination = 1s (default)
2019-08-24 03:33:45,467 INFO  server.RaftServerConfigKeys (ConfUtils.java:logGet(43)) - raft.server.watch.element-limit = 65536 (default)
2019-08-24 03:33:45,468 INFO  impl.RoleInfo (RoleInfo.java:updateAndGet(143)) - a923f5ad-f693-4fff-a7c9-30675751bb26: start LeaderState
2019-08-24 03:33:45,468 INFO  segmented.SegmentedRaftLogWorker (SegmentedRaftLogWorker.java:startLogSegment(380)) - a923f5ad-f693-4fff-a7c9-30675751bb26-SegmentedRaftLogWorker:Storage Directory /workdir/hadoop-ozone/integration-test/target/test-dir/MiniOzoneClusterImpl-581dd6e5-c089-4ac1-8c4d-803d6bc9a32c/datanode-4/data/ratis/04ecebc7-9251-4585-ac73-65f90ce2e7c3: Starting segment from index:0
2019-08-24 03:33:45,468 INFO  impl.RaftServerImpl (ServerState.java:setRaftConf(361)) - a923f5ad-f693-4fff-a7c9-30675751bb26:group-65F90CE2E7C3 set configuration 0: [a923f5ad-f693-4fff-a7c9-30675751bb26:192.168.69.87:34349], old=null at 0
2019-08-24 03:33:45,509 INFO  segmented.SegmentedRaftLogWorker (SegmentedRaftLogWorker.java:execute(569)) - a923f5ad-f693-4fff-a7c9-30675751bb26-SegmentedRaftLogWorker:Storage Directory /workdir/hadoop-ozone/integration-test/target/test-dir/MiniOzoneClusterImpl-581dd6e5-c089-4ac1-8c4d-803d6bc9a32c/datanode-4/data/ratis/04ecebc7-9251-4585-ac73-65f90ce2e7c3: created new log segment /workdir/hadoop-ozone/integration-test/target/test-dir/MiniOzoneClusterImpl-581dd6e5-c089-4ac1-8c4d-803d6bc9a32c/datanode-4/data/ratis/04ecebc7-9251-4585-ac73-65f90ce2e7c3/current/log_inprogress_0
2019-08-24 03:33:45,515 | INFO  | SCMAudit | user=jenkins1000 | ip=192.168.69.87 | op=SEND_HEARTBEAT {datanodeUUID=effec267-9718-4f52-949a-788aed2f64c8, command=[]} | ret=SUCCESS |  
2019-08-24 03:33:45,540 | INFO  | SCMAudit | user=jenkins1000 | ip=192.168.69.87 | op=SEND_HEARTBEAT {datanodeUUID=4f891048-4eaf-4b95-bfc9-bb119accb8ee, command=[]} | ret=SUCCESS |  
2019-08-24 03:33:45,605 INFO  impl.FollowerState (FollowerState.java:run(106)) - 4f891048-4eaf-4b95-bfc9-bb119accb8ee:group-32CEF5807D68 changes to CANDIDATE, lastRpcTime:5023, electionTimeout:5023ms
2019-08-24 03:33:45,605 INFO  impl.RoleInfo (RoleInfo.java:shutdownFollowerState(121)) - 4f891048-4eaf-4b95-bfc9-bb119accb8ee: shutdown FollowerState
2019-08-24 03:33:45,606 INFO  impl.RaftServerImpl (RaftServerImpl.java:setRole(171)) - 4f891048-4eaf-4b95-bfc9-bb119accb8ee:group-32CEF5807D68 changes role from FOLLOWER to CANDIDATE at term 0 for changeToCandidate
2019-08-24 03:33:45,606 INFO  impl.RoleInfo (RoleInfo.java:updateAndGet(143)) - 4f891048-4eaf-4b95-bfc9-bb119accb8ee: start LeaderElection
2019-08-24 03:33:45,623 INFO  impl.LeaderElection (LeaderElection.java:askForVotes(181)) - 4f891048-4eaf-4b95-bfc9-bb119accb8ee:group-32CEF5807D68:LeaderElection75: begin an election at term 1 for -1: [4f891048-4eaf-4b95-bfc9-bb119accb8ee:192.168.69.87:35872], old=null
2019-08-24 03:33:45,623 INFO  impl.RoleInfo (RoleInfo.java:shutdownLeaderElection(134)) - 4f891048-4eaf-4b95-bfc9-bb119accb8ee: shutdown LeaderElection
2019-08-24 03:33:45,624 INFO  impl.RaftServerImpl (RaftServerImpl.java:setRole(171)) - 4f891048-4eaf-4b95-bfc9-bb119accb8ee:group-32CEF5807D68 changes role from CANDIDATE to LEADER at term 1 for changeToLeader
2019-08-24 03:33:45,624 INFO  impl.RaftServerImpl (ServerState.java:setLeader(263)) - 4f891048-4eaf-4b95-bfc9-bb119accb8ee:group-32CEF5807D68 change Leader from null to 4f891048-4eaf-4b95-bfc9-bb119accb8ee at term 1 for becomeLeader, leader elected after 5047ms
2019-08-24 03:33:45,624 INFO  server.RaftServerConfigKeys (ConfUtils.java:logGet(43)) - raft.server.staging.catchup.gap = 1000 (default)
2019-08-24 03:33:45,624 INFO  server.RaftServerConfigKeys (ConfUtils.java:logGet(43)) - raft.server.rpc.sleep.time = 25ms (default)
2019-08-24 03:33:45,624 INFO  server.RaftServerConfigKeys (ConfUtils.java:logGet(43)) - raft.server.write.element-limit = 4096 (default)
2019-08-24 03:33:45,624 INFO  server.RaftServerConfigKeys (ConfUtils.java:logGet(43)) - raft.server.watch.timeout = 10s (default)
2019-08-24 03:33:45,624 INFO  server.RaftServerConfigKeys (ConfUtils.java:logGet(43)) - raft.server.watch.timeout.denomination = 1s (default)
2019-08-24 03:33:45,625 INFO  server.RaftServerConfigKeys (ConfUtils.java:logGet(43)) - raft.server.watch.element-limit = 65536 (default)
2019-08-24 03:33:45,625 INFO  impl.RoleInfo (RoleInfo.java:updateAndGet(143)) - 4f891048-4eaf-4b95-bfc9-bb119accb8ee: start LeaderState
2019-08-24 03:33:45,625 INFO  segmented.SegmentedRaftLogWorker (SegmentedRaftLogWorker.java:startLogSegment(380)) - 4f891048-4eaf-4b95-bfc9-bb119accb8ee-SegmentedRaftLogWorker:Storage Directory /workdir/hadoop-ozone/integration-test/target/test-dir/MiniOzoneClusterImpl-581dd6e5-c089-4ac1-8c4d-803d6bc9a32c/datanode-5/data/ratis/3ef81583-690e-4bbe-bffa-32cef5807d68: Starting segment from index:0
2019-08-24 03:33:45,626 INFO  impl.RaftServerImpl (ServerState.java:setRaftConf(361)) - 4f891048-4eaf-4b95-bfc9-bb119accb8ee:group-32CEF5807D68 set configuration 0: [4f891048-4eaf-4b95-bfc9-bb119accb8ee:192.168.69.87:35872], old=null at 0
2019-08-24 03:33:45,673 INFO  segmented.SegmentedRaftLogWorker (SegmentedRaftLogWorker.java:execute(569)) - 4f891048-4eaf-4b95-bfc9-bb119accb8ee-SegmentedRaftLogWorker:Storage Directory /workdir/hadoop-ozone/integration-test/target/test-dir/MiniOzoneClusterImpl-581dd6e5-c089-4ac1-8c4d-803d6bc9a32c/datanode-5/data/ratis/3ef81583-690e-4bbe-bffa-32cef5807d68: created new log segment /workdir/hadoop-ozone/integration-test/target/test-dir/MiniOzoneClusterImpl-581dd6e5-c089-4ac1-8c4d-803d6bc9a32c/datanode-5/data/ratis/3ef81583-690e-4bbe-bffa-32cef5807d68/current/log_inprogress_0
2019-08-24 03:33:45,718 INFO  impl.FollowerState (FollowerState.java:run(106)) - 4f891048-4eaf-4b95-bfc9-bb119accb8ee:group-BB10C1A46019 changes to CANDIDATE, lastRpcTime:5063, electionTimeout:5061ms
2019-08-24 03:33:45,718 INFO  impl.RoleInfo (RoleInfo.java:shutdownFollowerState(121)) - 4f891048-4eaf-4b95-bfc9-bb119accb8ee: shutdown FollowerState
2019-08-24 03:33:45,718 INFO  impl.RaftServerImpl (RaftServerImpl.java:setRole(171)) - 4f891048-4eaf-4b95-bfc9-bb119accb8ee:group-BB10C1A46019 changes role from FOLLOWER to CANDIDATE at term 0 for changeToCandidate
2019-08-24 03:33:45,718 INFO  impl.RoleInfo (RoleInfo.java:updateAndGet(143)) - 4f891048-4eaf-4b95-bfc9-bb119accb8ee: start LeaderElection
2019-08-24 03:33:45,735 INFO  impl.LeaderElection (LeaderElection.java:askForVotes(181)) - 4f891048-4eaf-4b95-bfc9-bb119accb8ee:group-BB10C1A46019:LeaderElection76: begin an election at term 1 for -1: [a923f5ad-f693-4fff-a7c9-30675751bb26:192.168.69.87:34349, dc75a801-41d0-4005-9753-f538f4cd9742:192.168.69.87:37626, 4f891048-4eaf-4b95-bfc9-bb119accb8ee:192.168.69.87:35872], old=null
2019-08-24 03:33:45,736 | INFO  | SCMAudit | user=jenkins1000 | ip=192.168.69.87 | op=SEND_HEARTBEAT {datanodeUUID=0f6d25e7-ce21-4fce-8b55-97dd0a754253, command=[]} | ret=SUCCESS |  
2019-08-24 03:33:45,738 INFO  impl.RaftServerImpl (RaftServerImpl.java:setRole(171)) - dc75a801-41d0-4005-9753-f538f4cd9742:group-BB10C1A46019 changes role from FOLLOWER to FOLLOWER at term 1 for recognizeCandidate:4f891048-4eaf-4b95-bfc9-bb119accb8ee
2019-08-24 03:33:45,738 INFO  impl.RaftServerImpl (RaftServerImpl.java:setRole(171)) - a923f5ad-f693-4fff-a7c9-30675751bb26:group-BB10C1A46019 changes role from FOLLOWER to FOLLOWER at term 1 for recognizeCandidate:4f891048-4eaf-4b95-bfc9-bb119accb8ee
2019-08-24 03:33:45,738 INFO  impl.RoleInfo (RoleInfo.java:shutdownFollowerState(121)) - dc75a801-41d0-4005-9753-f538f4cd9742: shutdown FollowerState
2019-08-24 03:33:45,739 INFO  impl.RoleInfo (RoleInfo.java:shutdownFollowerState(121)) - a923f5ad-f693-4fff-a7c9-30675751bb26: shutdown FollowerState
2019-08-24 03:33:45,739 INFO  impl.FollowerState (FollowerState.java:run(114)) - dc75a801-41d0-4005-9753-f538f4cd9742: FollowerState was interrupted: java.lang.InterruptedException: sleep interrupted
2019-08-24 03:33:45,739 INFO  impl.RoleInfo (RoleInfo.java:updateAndGet(143)) - dc75a801-41d0-4005-9753-f538f4cd9742: start FollowerState
2019-08-24 03:33:45,739 INFO  impl.FollowerState (FollowerState.java:run(114)) - a923f5ad-f693-4fff-a7c9-30675751bb26: FollowerState was interrupted: java.lang.InterruptedException: sleep interrupted
2019-08-24 03:33:45,739 INFO  impl.RoleInfo (RoleInfo.java:updateAndGet(143)) - a923f5ad-f693-4fff-a7c9-30675751bb26: start FollowerState
2019-08-24 03:33:45,760 INFO  impl.LeaderElection (LeaderElection.java:logAndReturn(56)) - 4f891048-4eaf-4b95-bfc9-bb119accb8ee:group-BB10C1A46019:LeaderElection76: Election PASSED; received 1 response(s) [4f891048-4eaf-4b95-bfc9-bb119accb8ee<-a923f5ad-f693-4fff-a7c9-30675751bb26#0:OK-t1] and 0 exception(s); 4f891048-4eaf-4b95-bfc9-bb119accb8ee:t1, leader=null, voted=4f891048-4eaf-4b95-bfc9-bb119accb8ee, raftlog=4f891048-4eaf-4b95-bfc9-bb119accb8ee-SegmentedRaftLog:OPENED:c-1,f-1,i0, conf=-1: [a923f5ad-f693-4fff-a7c9-30675751bb26:192.168.69.87:34349, dc75a801-41d0-4005-9753-f538f4cd9742:192.168.69.87:37626, 4f891048-4eaf-4b95-bfc9-bb119accb8ee:192.168.69.87:35872], old=null
2019-08-24 03:33:45,760 INFO  impl.RoleInfo (RoleInfo.java:shutdownLeaderElection(134)) - 4f891048-4eaf-4b95-bfc9-bb119accb8ee: shutdown LeaderElection
2019-08-24 03:33:45,760 INFO  impl.RaftServerImpl (RaftServerImpl.java:setRole(171)) - 4f891048-4eaf-4b95-bfc9-bb119accb8ee:group-BB10C1A46019 changes role from CANDIDATE to LEADER at term 1 for changeToLeader
2019-08-24 03:33:45,760 INFO  impl.RaftServerImpl (ServerState.java:setLeader(263)) - 4f891048-4eaf-4b95-bfc9-bb119accb8ee:group-BB10C1A46019 change Leader from null to 4f891048-4eaf-4b95-bfc9-bb119accb8ee at term 1 for becomeLeader, leader elected after 5118ms
2019-08-24 03:33:45,760 INFO  server.RaftServerConfigKeys (ConfUtils.java:logGet(43)) - raft.server.staging.catchup.gap = 1000 (default)
2019-08-24 03:33:45,760 INFO  server.RaftServerConfigKeys (ConfUtils.java:logGet(43)) - raft.server.rpc.sleep.time = 25ms (default)
2019-08-24 03:33:45,761 INFO  server.RaftServerConfigKeys (ConfUtils.java:logGet(43)) - raft.server.write.element-limit = 4096 (default)
2019-08-24 03:33:45,761 INFO  server.RaftServerConfigKeys (ConfUtils.java:logGet(43)) - raft.server.watch.timeout = 10s (default)
2019-08-24 03:33:45,761 INFO  server.RaftServerConfigKeys (ConfUtils.java:logGet(43)) - raft.server.watch.timeout.denomination = 1s (default)
2019-08-24 03:33:45,761 INFO  server.RaftServerConfigKeys (ConfUtils.java:logGet(43)) - raft.server.watch.element-limit = 65536 (default)
2019-08-24 03:33:45,761 INFO  server.RaftServerConfigKeys (ConfUtils.java:logGet(43)) - raft.server.log.appender.snapshot.chunk.size.max = 16MB (=16777216) (default)
2019-08-24 03:33:45,762 INFO  server.RaftServerConfigKeys (ConfUtils.java:logGet(43)) - raft.server.log.appender.buffer.byte-limit = 33554432 (custom)
2019-08-24 03:33:45,762 INFO  server.RaftServerConfigKeys (ConfUtils.java:logGet(43)) - raft.server.log.appender.buffer.element-limit = 1 (custom)
2019-08-24 03:33:45,762 INFO  grpc.GrpcConfigKeys$Server (ConfUtils.java:logGet(43)) - raft.grpc.server.leader.outstanding.appends.max = 128 (default)
2019-08-24 03:33:45,762 INFO  server.RaftServerConfigKeys (ConfUtils.java:logGet(43)) - raft.server.rpc.request.timeout = 3000ms (default)
2019-08-24 03:33:45,762 INFO  server.RaftServerConfigKeys (ConfUtils.java:logGet(43)) - raft.server.log.appender.install.snapshot.enabled = false (custom)
2019-08-24 03:33:45,763 INFO  server.RaftServerConfigKeys (ConfUtils.java:logGet(43)) - raft.server.log.appender.snapshot.chunk.size.max = 16MB (=16777216) (default)
2019-08-24 03:33:45,763 INFO  server.RaftServerConfigKeys (ConfUtils.java:logGet(43)) - raft.server.log.appender.buffer.byte-limit = 33554432 (custom)
2019-08-24 03:33:45,763 INFO  server.RaftServerConfigKeys (ConfUtils.java:logGet(43)) - raft.server.log.appender.buffer.element-limit = 1 (custom)
2019-08-24 03:33:45,763 INFO  grpc.GrpcConfigKeys$Server (ConfUtils.java:logGet(43)) - raft.grpc.server.leader.outstanding.appends.max = 128 (default)
2019-08-24 03:33:45,763 INFO  server.RaftServerConfigKeys (ConfUtils.java:logGet(43)) - raft.server.rpc.request.timeout = 3000ms (default)
2019-08-24 03:33:45,763 INFO  server.RaftServerConfigKeys (ConfUtils.java:logGet(43)) - raft.server.log.appender.install.snapshot.enabled = false (custom)
2019-08-24 03:33:45,763 INFO  impl.RoleInfo (RoleInfo.java:updateAndGet(143)) - 4f891048-4eaf-4b95-bfc9-bb119accb8ee: start LeaderState
2019-08-24 03:33:45,764 INFO  segmented.SegmentedRaftLogWorker (SegmentedRaftLogWorker.java:startLogSegment(380)) - 4f891048-4eaf-4b95-bfc9-bb119accb8ee-SegmentedRaftLogWorker:Storage Directory /workdir/hadoop-ozone/integration-test/target/test-dir/MiniOzoneClusterImpl-581dd6e5-c089-4ac1-8c4d-803d6bc9a32c/datanode-5/data/ratis/7e47367f-e49e-406a-bd31-bb10c1a46019: Starting segment from index:0
2019-08-24 03:33:45,764 INFO  impl.RaftServerImpl (ServerState.java:setRaftConf(361)) - 4f891048-4eaf-4b95-bfc9-bb119accb8ee:group-BB10C1A46019 set configuration 0: [a923f5ad-f693-4fff-a7c9-30675751bb26:192.168.69.87:34349, dc75a801-41d0-4005-9753-f538f4cd9742:192.168.69.87:37626, 4f891048-4eaf-4b95-bfc9-bb119accb8ee:192.168.69.87:35872], old=null at 0
2019-08-24 03:33:45,802 INFO  impl.RaftServerImpl (ServerState.java:setLeader(263)) - a923f5ad-f693-4fff-a7c9-30675751bb26:group-BB10C1A46019 change Leader from null to 4f891048-4eaf-4b95-bfc9-bb119accb8ee at term 1 for appendEntries, leader elected after 5159ms
2019-08-24 03:33:45,807 INFO  impl.RaftServerImpl (ServerState.java:setLeader(263)) - dc75a801-41d0-4005-9753-f538f4cd9742:group-BB10C1A46019 change Leader from null to 4f891048-4eaf-4b95-bfc9-bb119accb8ee at term 1 for appendEntries, leader elected after 5164ms
2019-08-24 03:33:45,808 INFO  impl.RaftServerImpl (ServerState.java:setRaftConf(361)) - a923f5ad-f693-4fff-a7c9-30675751bb26:group-BB10C1A46019 set configuration 0: [a923f5ad-f693-4fff-a7c9-30675751bb26:192.168.69.87:34349, dc75a801-41d0-4005-9753-f538f4cd9742:192.168.69.87:37626, 4f891048-4eaf-4b95-bfc9-bb119accb8ee:192.168.69.87:35872], old=null at 0
2019-08-24 03:33:45,809 INFO  segmented.SegmentedRaftLogWorker (SegmentedRaftLogWorker.java:startLogSegment(380)) - a923f5ad-f693-4fff-a7c9-30675751bb26-SegmentedRaftLogWorker:Storage Directory /workdir/hadoop-ozone/integration-test/target/test-dir/MiniOzoneClusterImpl-581dd6e5-c089-4ac1-8c4d-803d6bc9a32c/datanode-4/data/ratis/7e47367f-e49e-406a-bd31-bb10c1a46019: Starting segment from index:0
2019-08-24 03:33:45,809 INFO  impl.RaftServerImpl (ServerState.java:setRaftConf(361)) - dc75a801-41d0-4005-9753-f538f4cd9742:group-BB10C1A46019 set configuration 0: [a923f5ad-f693-4fff-a7c9-30675751bb26:192.168.69.87:34349, dc75a801-41d0-4005-9753-f538f4cd9742:192.168.69.87:37626, 4f891048-4eaf-4b95-bfc9-bb119accb8ee:192.168.69.87:35872], old=null at 0
2019-08-24 03:33:45,809 INFO  segmented.SegmentedRaftLogWorker (SegmentedRaftLogWorker.java:startLogSegment(380)) - dc75a801-41d0-4005-9753-f538f4cd9742-SegmentedRaftLogWorker:Storage Directory /workdir/hadoop-ozone/integration-test/target/test-dir/MiniOzoneClusterImpl-581dd6e5-c089-4ac1-8c4d-803d6bc9a32c/datanode-3/data/ratis/7e47367f-e49e-406a-bd31-bb10c1a46019: Starting segment from index:0
2019-08-24 03:33:45,814 INFO  segmented.SegmentedRaftLogWorker (SegmentedRaftLogWorker.java:execute(569)) - 4f891048-4eaf-4b95-bfc9-bb119accb8ee-SegmentedRaftLogWorker:Storage Directory /workdir/hadoop-ozone/integration-test/target/test-dir/MiniOzoneClusterImpl-581dd6e5-c089-4ac1-8c4d-803d6bc9a32c/datanode-5/data/ratis/7e47367f-e49e-406a-bd31-bb10c1a46019: created new log segment /workdir/hadoop-ozone/integration-test/target/test-dir/MiniOzoneClusterImpl-581dd6e5-c089-4ac1-8c4d-803d6bc9a32c/datanode-5/data/ratis/7e47367f-e49e-406a-bd31-bb10c1a46019/current/log_inprogress_0
2019-08-24 03:33:45,845 INFO  impl.FollowerState (FollowerState.java:run(106)) - 0f6d25e7-ce21-4fce-8b55-97dd0a754253:group-094E50ED653C changes to CANDIDATE, lastRpcTime:5068, electionTimeout:5068ms
2019-08-24 03:33:45,845 INFO  impl.RoleInfo (RoleInfo.java:shutdownFollowerState(121)) - 0f6d25e7-ce21-4fce-8b55-97dd0a754253: shutdown FollowerState
2019-08-24 03:33:45,845 INFO  impl.RaftServerImpl (RaftServerImpl.java:setRole(171)) - 0f6d25e7-ce21-4fce-8b55-97dd0a754253:group-094E50ED653C changes role from FOLLOWER to CANDIDATE at term 0 for changeToCandidate
2019-08-24 03:33:45,845 INFO  impl.RoleInfo (RoleInfo.java:updateAndGet(143)) - 0f6d25e7-ce21-4fce-8b55-97dd0a754253: start LeaderElection
2019-08-24 03:33:45,863 INFO  segmented.SegmentedRaftLogWorker (SegmentedRaftLogWorker.java:execute(569)) - dc75a801-41d0-4005-9753-f538f4cd9742-SegmentedRaftLogWorker:Storage Directory /workdir/hadoop-ozone/integration-test/target/test-dir/MiniOzoneClusterImpl-581dd6e5-c089-4ac1-8c4d-803d6bc9a32c/datanode-3/data/ratis/7e47367f-e49e-406a-bd31-bb10c1a46019: created new log segment /workdir/hadoop-ozone/integration-test/target/test-dir/MiniOzoneClusterImpl-581dd6e5-c089-4ac1-8c4d-803d6bc9a32c/datanode-3/data/ratis/7e47367f-e49e-406a-bd31-bb10c1a46019/current/log_inprogress_0
2019-08-24 03:33:45,863 INFO  impl.LeaderElection (LeaderElection.java:askForVotes(181)) - 0f6d25e7-ce21-4fce-8b55-97dd0a754253:group-094E50ED653C:LeaderElection77: begin an election at term 1 for -1: [0f6d25e7-ce21-4fce-8b55-97dd0a754253:192.168.69.87:36351], old=null
2019-08-24 03:33:45,863 INFO  segmented.SegmentedRaftLogWorker (SegmentedRaftLogWorker.java:execute(569)) - a923f5ad-f693-4fff-a7c9-30675751bb26-SegmentedRaftLogWorker:Storage Directory /workdir/hadoop-ozone/integration-test/target/test-dir/MiniOzoneClusterImpl-581dd6e5-c089-4ac1-8c4d-803d6bc9a32c/datanode-4/data/ratis/7e47367f-e49e-406a-bd31-bb10c1a46019: created new log segment /workdir/hadoop-ozone/integration-test/target/test-dir/MiniOzoneClusterImpl-581dd6e5-c089-4ac1-8c4d-803d6bc9a32c/datanode-4/data/ratis/7e47367f-e49e-406a-bd31-bb10c1a46019/current/log_inprogress_0
2019-08-24 03:33:45,864 INFO  impl.RoleInfo (RoleInfo.java:shutdownLeaderElection(134)) - 0f6d25e7-ce21-4fce-8b55-97dd0a754253: shutdown LeaderElection
2019-08-24 03:33:45,864 INFO  impl.RaftServerImpl (RaftServerImpl.java:setRole(171)) - 0f6d25e7-ce21-4fce-8b55-97dd0a754253:group-094E50ED653C changes role from CANDIDATE to LEADER at term 1 for changeToLeader
2019-08-24 03:33:45,864 INFO  impl.RaftServerImpl (ServerState.java:setLeader(263)) - 0f6d25e7-ce21-4fce-8b55-97dd0a754253:group-094E50ED653C change Leader from null to 0f6d25e7-ce21-4fce-8b55-97dd0a754253 at term 1 for becomeLeader, leader elected after 5091ms
2019-08-24 03:33:45,864 INFO  server.RaftServerConfigKeys (ConfUtils.java:logGet(43)) - raft.server.staging.catchup.gap = 1000 (default)
2019-08-24 03:33:45,864 INFO  server.RaftServerConfigKeys (ConfUtils.java:logGet(43)) - raft.server.rpc.sleep.time = 25ms (default)
2019-08-24 03:33:45,865 INFO  server.RaftServerConfigKeys (ConfUtils.java:logGet(43)) - raft.server.write.element-limit = 4096 (default)
2019-08-24 03:33:45,865 INFO  server.RaftServerConfigKeys (ConfUtils.java:logGet(43)) - raft.server.watch.timeout = 10s (default)
2019-08-24 03:33:45,865 INFO  server.RaftServerConfigKeys (ConfUtils.java:logGet(43)) - raft.server.watch.timeout.denomination = 1s (default)
2019-08-24 03:33:45,865 INFO  server.RaftServerConfigKeys (ConfUtils.java:logGet(43)) - raft.server.watch.element-limit = 65536 (default)
2019-08-24 03:33:45,865 INFO  impl.RoleInfo (RoleInfo.java:updateAndGet(143)) - 0f6d25e7-ce21-4fce-8b55-97dd0a754253: start LeaderState
2019-08-24 03:33:45,865 INFO  segmented.SegmentedRaftLogWorker (SegmentedRaftLogWorker.java:startLogSegment(380)) - 0f6d25e7-ce21-4fce-8b55-97dd0a754253-SegmentedRaftLogWorker:Storage Directory /workdir/hadoop-ozone/integration-test/target/test-dir/MiniOzoneClusterImpl-581dd6e5-c089-4ac1-8c4d-803d6bc9a32c/datanode-6/data/ratis/28948de6-9682-4338-933a-094e50ed653c: Starting segment from index:0
2019-08-24 03:33:45,866 INFO  impl.RaftServerImpl (ServerState.java:setRaftConf(361)) - 0f6d25e7-ce21-4fce-8b55-97dd0a754253:group-094E50ED653C set configuration 0: [0f6d25e7-ce21-4fce-8b55-97dd0a754253:192.168.69.87:36351], old=null at 0
2019-08-24 03:33:45,917 INFO  segmented.SegmentedRaftLogWorker (SegmentedRaftLogWorker.java:execute(569)) - 0f6d25e7-ce21-4fce-8b55-97dd0a754253-SegmentedRaftLogWorker:Storage Directory /workdir/hadoop-ozone/integration-test/target/test-dir/MiniOzoneClusterImpl-581dd6e5-c089-4ac1-8c4d-803d6bc9a32c/datanode-6/data/ratis/28948de6-9682-4338-933a-094e50ed653c: created new log segment /workdir/hadoop-ozone/integration-test/target/test-dir/MiniOzoneClusterImpl-581dd6e5-c089-4ac1-8c4d-803d6bc9a32c/datanode-6/data/ratis/28948de6-9682-4338-933a-094e50ed653c/current/log_inprogress_0
2019-08-24 03:33:45,923 | INFO  | DNAudit | user=null | ip=null | op=WRITE_CHUNK {blockData=conID: 1 locID: 102669852461367310 bcsId: 0} | ret=SUCCESS |  
2019-08-24 03:33:45,923 | INFO  | DNAudit | user=null | ip=null | op=WRITE_CHUNK {blockData=conID: 1 locID: 102669852461367310 bcsId: 0} | ret=SUCCESS |  
2019-08-24 03:33:45,923 | INFO  | SCMAudit | user=jenkins1000 | ip=192.168.69.87 | op=SEND_HEARTBEAT {datanodeUUID=dc75a801-41d0-4005-9753-f538f4cd9742, command=[]} | ret=SUCCESS |  
2019-08-24 03:33:45,923 | INFO  | SCMAudit | user=jenkins1000 | ip=192.168.69.87 | op=SEND_HEARTBEAT {datanodeUUID=4f891048-4eaf-4b95-bfc9-bb119accb8ee, command=[]} | ret=SUCCESS |  
2019-08-24 03:33:45,935 | INFO  | DNAudit | user=null | ip=null | op=WRITE_CHUNK {blockData=conID: 1 locID: 102669852461367310 bcsId: 0} | ret=SUCCESS |  
2019-08-24 03:33:45,937 | INFO  | DNAudit | user=null | ip=null | op=WRITE_CHUNK {blockData=conID: 1 locID: 102669852461367310 bcsId: 0} | ret=SUCCESS |  
2019-08-24 03:33:45,940 | INFO  | SCMAudit | user=jenkins1000 | ip=192.168.69.87 | op=SEND_HEARTBEAT {datanodeUUID=a923f5ad-f693-4fff-a7c9-30675751bb26, command=[]} | ret=SUCCESS |  
2019-08-24 03:33:45,944 INFO  client.GrpcClientProtocolClient (GrpcClientProtocolClient.java:onNext(255)) - client-CBEB40DF06A6->4f891048-4eaf-4b95-bfc9-bb119accb8ee: receive RaftClientReply:client-CBEB40DF06A6->4f891048-4eaf-4b95-bfc9-bb119accb8ee@group-BB10C1A46019, cid=176, SUCCESS, logIndex=1, commits[4f891048-4eaf-4b95-bfc9-bb119accb8ee:c1, a923f5ad-f693-4fff-a7c9-30675751bb26:c-1, dc75a801-41d0-4005-9753-f538f4cd9742:c0]
2019-08-24 03:33:45,947 | INFO  | SCMAudit | user=jenkins1000 | ip=192.168.69.87 | op=SEND_HEARTBEAT {datanodeUUID=dcc12217-51b2-406c-9e3d-e39da684196b, command=[]} | ret=SUCCESS |  
2019-08-24 03:33:45,948 | INFO  | DNAudit | user=null | ip=null | op=WRITE_CHUNK {blockData=conID: 1 locID: 102669852461367310 bcsId: 0} | ret=SUCCESS |  
2019-08-24 03:33:45,949 | INFO  | DNAudit | user=null | ip=null | op=WRITE_CHUNK {blockData=conID: 1 locID: 102669852461367310 bcsId: 0} | ret=SUCCESS |  
2019-08-24 03:33:45,949 | INFO  | DNAudit | user=null | ip=null | op=WRITE_CHUNK {blockData=conID: 1 locID: 102669852461367310 bcsId: 0} | ret=SUCCESS |  
2019-08-24 03:33:45,949 | INFO  | DNAudit | user=null | ip=null | op=WRITE_CHUNK {blockData=conID: 1 locID: 102669852461367310 bcsId: 0} | ret=SUCCESS |  
2019-08-24 03:33:45,950 | INFO  | DNAudit | user=null | ip=null | op=WRITE_CHUNK {blockData=conID: 1 locID: 102669852461367310 bcsId: 0} | ret=SUCCESS |  
2019-08-24 03:33:45,950 | INFO  | DNAudit | user=null | ip=null | op=WRITE_CHUNK {blockData=conID: 1 locID: 102669852461367310 bcsId: 0} | ret=SUCCESS |  
2019-08-24 03:33:45,953 | INFO  | DNAudit | user=null | ip=null | op=WRITE_CHUNK {blockData=conID: 1 locID: 102669852461367310 bcsId: 0} | ret=SUCCESS |  
2019-08-24 03:33:45,953 | INFO  | DNAudit | user=null | ip=null | op=WRITE_CHUNK {blockData=conID: 1 locID: 102669852461367310 bcsId: 0} | ret=SUCCESS |  
2019-08-24 03:33:45,953 | INFO  | DNAudit | user=null | ip=null | op=WRITE_CHUNK {blockData=conID: 1 locID: 102669852461367310 bcsId: 0} | ret=SUCCESS |  
2019-08-24 03:33:45,954 | INFO  | DNAudit | user=null | ip=null | op=WRITE_CHUNK {blockData=conID: 1 locID: 102669852461367310 bcsId: 0} | ret=SUCCESS |  
2019-08-24 03:33:45,954 | INFO  | DNAudit | user=null | ip=null | op=WRITE_CHUNK {blockData=conID: 1 locID: 102669852461367310 bcsId: 0} | ret=SUCCESS |  
2019-08-24 03:33:45,954 | INFO  | DNAudit | user=null | ip=null | op=WRITE_CHUNK {blockData=conID: 1 locID: 102669852461367310 bcsId: 0} | ret=SUCCESS |  
2019-08-24 03:33:45,957 INFO  client.GrpcClientProtocolClient (GrpcClientProtocolClient.java:onNext(255)) - client-CBEB40DF06A6->4f891048-4eaf-4b95-bfc9-bb119accb8ee: receive RaftClientReply:client-CBEB40DF06A6->4f891048-4eaf-4b95-bfc9-bb119accb8ee@group-BB10C1A46019, cid=177, SUCCESS, logIndex=3, commits[4f891048-4eaf-4b95-bfc9-bb119accb8ee:c4, a923f5ad-f693-4fff-a7c9-30675751bb26:c1, dc75a801-41d0-4005-9753-f538f4cd9742:c1]
2019-08-24 03:33:45,969 | INFO  | DNAudit | user=null | ip=null | op=WRITE_CHUNK {blockData=conID: 1 locID: 102669852461367310 bcsId: 0} | ret=SUCCESS |  
2019-08-24 03:33:45,969 | INFO  | DNAudit | user=null | ip=null | op=WRITE_CHUNK {blockData=conID: 1 locID: 102669852461367310 bcsId: 0} | ret=SUCCESS |  
2019-08-24 03:33:46,001 | INFO  | DNAudit | user=null | ip=null | op=PUT_BLOCK {blockData=[blockId=conID: 1 locID: 102669852461367310 bcsId: 0,size=200]} | ret=SUCCESS |  
2019-08-24 03:33:46,003 | INFO  | DNAudit | user=null | ip=null | op=WRITE_CHUNK {blockData=conID: 1 locID: 102669852461367310 bcsId: 0} | ret=SUCCESS |  
2019-08-24 03:33:46,004 INFO  client.GrpcClientProtocolClient (GrpcClientProtocolClient.java:onNext(255)) - client-CBEB40DF06A6->4f891048-4eaf-4b95-bfc9-bb119accb8ee: receive RaftClientReply:client-CBEB40DF06A6->4f891048-4eaf-4b95-bfc9-bb119accb8ee@group-BB10C1A46019, cid=178, SUCCESS, logIndex=4, commits[4f891048-4eaf-4b95-bfc9-bb119accb8ee:c12, a923f5ad-f693-4fff-a7c9-30675751bb26:c7, dc75a801-41d0-4005-9753-f538f4cd9742:c7]
2019-08-24 03:33:46,004 | INFO  | DNAudit | user=null | ip=null | op=WRITE_CHUNK {blockData=conID: 1 locID: 102669852461367310 bcsId: 0} | ret=SUCCESS |  
2019-08-24 03:33:46,004 INFO  client.GrpcClientProtocolClient (GrpcClientProtocolClient.java:onNext(255)) - client-CBEB40DF06A6->4f891048-4eaf-4b95-bfc9-bb119accb8ee: receive RaftClientReply:client-CBEB40DF06A6->4f891048-4eaf-4b95-bfc9-bb119accb8ee@group-BB10C1A46019, cid=179, SUCCESS, logIndex=5, commits[4f891048-4eaf-4b95-bfc9-bb119accb8ee:c12, a923f5ad-f693-4fff-a7c9-30675751bb26:c7, dc75a801-41d0-4005-9753-f538f4cd9742:c7]
2019-08-24 03:33:46,005 INFO  client.GrpcClientProtocolClient (GrpcClientProtocolClient.java:onNext(255)) - client-CBEB40DF06A6->4f891048-4eaf-4b95-bfc9-bb119accb8ee: receive RaftClientReply:client-CBEB40DF06A6->4f891048-4eaf-4b95-bfc9-bb119accb8ee@group-BB10C1A46019, cid=180, SUCCESS, logIndex=6, commits[4f891048-4eaf-4b95-bfc9-bb119accb8ee:c12, a923f5ad-f693-4fff-a7c9-30675751bb26:c7, dc75a801-41d0-4005-9753-f538f4cd9742:c7]
2019-08-24 03:33:46,061 | INFO  | DNAudit | user=null | ip=null | op=PUT_BLOCK {blockData=[blockId=conID: 1 locID: 102669852461367310 bcsId: 0,size=200]} | ret=SUCCESS |  
2019-08-24 03:33:46,062 | INFO  | DNAudit | user=null | ip=null | op=WRITE_CHUNK {blockData=conID: 1 locID: 102669852461367310 bcsId: 0} | ret=SUCCESS |  
2019-08-24 03:33:46,062 | INFO  | DNAudit | user=null | ip=null | op=WRITE_CHUNK {blockData=conID: 1 locID: 102669852461367310 bcsId: 0} | ret=SUCCESS |  
2019-08-24 03:33:46,106 | INFO  | DNAudit | user=null | ip=null | op=PUT_BLOCK {blockData=[blockId=conID: 1 locID: 102669852461367310 bcsId: 0,size=400]} | ret=SUCCESS |  
2019-08-24 03:33:46,106 | INFO  | DNAudit | user=null | ip=null | op=PUT_BLOCK {blockData=[blockId=conID: 1 locID: 102669852461367310 bcsId: 0,size=400]} | ret=SUCCESS |  
2019-08-24 03:33:46,106 | INFO  | DNAudit | user=null | ip=null | op=PUT_BLOCK {blockData=[blockId=conID: 1 locID: 102669852461367310 bcsId: 0,size=200]} | ret=SUCCESS |  
2019-08-24 03:33:46,106 | INFO  | DNAudit | user=null | ip=null | op=WRITE_CHUNK {blockData=conID: 1 locID: 102669852461367310 bcsId: 0} | ret=SUCCESS |  
2019-08-24 03:33:46,107 | INFO  | DNAudit | user=null | ip=null | op=WRITE_CHUNK {blockData=conID: 1 locID: 102669852461367310 bcsId: 0} | ret=SUCCESS |  
2019-08-24 03:33:46,107 INFO  client.GrpcClientProtocolClient (GrpcClientProtocolClient.java:onNext(255)) - client-CBEB40DF06A6->4f891048-4eaf-4b95-bfc9-bb119accb8ee: receive RaftClientReply:client-CBEB40DF06A6->4f891048-4eaf-4b95-bfc9-bb119accb8ee@group-BB10C1A46019, cid=181, SUCCESS, logIndex=7, commits[4f891048-4eaf-4b95-bfc9-bb119accb8ee:c12, a923f5ad-f693-4fff-a7c9-30675751bb26:c7, dc75a801-41d0-4005-9753-f538f4cd9742:c7]
2019-08-24 03:33:46,110 | INFO  | DNAudit | user=null | ip=null | op=PUT_BLOCK {blockData=[blockId=conID: 1 locID: 102669852461367310 bcsId: 0,size=400]} | ret=SUCCESS |  
2019-08-24 03:33:46,112 | INFO  | DNAudit | user=null | ip=null | op=WRITE_CHUNK {blockData=conID: 1 locID: 102669852461367310 bcsId: 7} | ret=SUCCESS |  
2019-08-24 03:33:46,116 | INFO  | DNAudit | user=null | ip=null | op=WRITE_CHUNK {blockData=conID: 1 locID: 102669852461367310 bcsId: 7} | ret=SUCCESS |  
2019-08-24 03:33:46,116 | INFO  | DNAudit | user=null | ip=null | op=WRITE_CHUNK {blockData=conID: 1 locID: 102669852461367310 bcsId: 7} | ret=SUCCESS |  
2019-08-24 03:33:46,130 | INFO  | DNAudit | user=null | ip=null | op=WRITE_CHUNK {blockData=conID: 1 locID: 102669852461367310 bcsId: 7} | ret=SUCCESS |  
2019-08-24 03:33:46,132 | INFO  | DNAudit | user=null | ip=null | op=PUT_BLOCK {blockData=[blockId=conID: 1 locID: 102669852461367310 bcsId: 0,size=450]} | ret=SUCCESS |  
2019-08-24 03:33:46,132 INFO  client.GrpcClientProtocolClient (GrpcClientProtocolClient.java:onNext(255)) - client-CBEB40DF06A6->4f891048-4eaf-4b95-bfc9-bb119accb8ee: receive RaftClientReply:client-CBEB40DF06A6->4f891048-4eaf-4b95-bfc9-bb119accb8ee@group-BB10C1A46019, cid=182, SUCCESS, logIndex=13, commits[4f891048-4eaf-4b95-bfc9-bb119accb8ee:c14, a923f5ad-f693-4fff-a7c9-30675751bb26:c12, dc75a801-41d0-4005-9753-f538f4cd9742:c12]
2019-08-24 03:33:46,133 INFO  client.GrpcClientProtocolClient (GrpcClientProtocolClient.java:onNext(255)) - client-CBEB40DF06A6->4f891048-4eaf-4b95-bfc9-bb119accb8ee: receive RaftClientReply:client-CBEB40DF06A6->4f891048-4eaf-4b95-bfc9-bb119accb8ee@group-BB10C1A46019, cid=183, SUCCESS, logIndex=14, commits[4f891048-4eaf-4b95-bfc9-bb119accb8ee:c14, a923f5ad-f693-4fff-a7c9-30675751bb26:c12, dc75a801-41d0-4005-9753-f538f4cd9742:c12]
2019-08-24 03:33:46,139 | INFO  | DNAudit | user=null | ip=null | op=WRITE_CHUNK {blockData=conID: 1 locID: 102669852461367310 bcsId: 7} | ret=SUCCESS |  
2019-08-24 03:33:46,140 | INFO  | DNAudit | user=null | ip=null | op=WRITE_CHUNK {blockData=conID: 1 locID: 102669852461367310 bcsId: 7} | ret=SUCCESS |  
2019-08-24 03:33:46,141 | INFO  | DNAudit | user=null | ip=null | op=PUT_BLOCK {blockData=[blockId=conID: 1 locID: 102669852461367310 bcsId: 0,size=450]} | ret=SUCCESS |  
2019-08-24 03:33:46,143 | INFO  | DNAudit | user=null | ip=null | op=PUT_BLOCK {blockData=[blockId=conID: 1 locID: 102669852461367310 bcsId: 0,size=450]} | ret=SUCCESS |  
2019-08-24 03:33:46,146 INFO  client.GrpcClientProtocolClient (GrpcClientProtocolClient.java:onNext(255)) - client-CBEB40DF06A6->4f891048-4eaf-4b95-bfc9-bb119accb8ee: receive RaftClientReply:client-CBEB40DF06A6->4f891048-4eaf-4b95-bfc9-bb119accb8ee@group-BB10C1A46019, cid=184, SUCCESS, logIndex=0, commits[4f891048-4eaf-4b95-bfc9-bb119accb8ee:c16, a923f5ad-f693-4fff-a7c9-30675751bb26:c14, dc75a801-41d0-4005-9753-f538f4cd9742:c14]
2019-08-24 03:33:46,146 INFO  datanode.ObjectStoreHandler (ObjectStoreHandler.java:close(155)) - Closing ObjectStoreHandler.
2019-08-24 03:33:46,147 INFO  ozone.HddsDatanodeService (HddsDatanodeService.java:stop(451)) - Stopped plug-in org.apache.hadoop.ozone.web.OzoneHddsDatanodeService@57cfd353
2019-08-24 03:33:46,294 | INFO  | SCMAudit | user=jenkins1000 | ip=192.168.69.87 | op=SEND_HEARTBEAT {datanodeUUID=69d09fd6-b904-4e1e-8a2a-76bd34232c3f, command=[]} | ret=SUCCESS |  
2019-08-24 03:33:46,515 | INFO  | SCMAudit | user=jenkins1000 | ip=192.168.69.87 | op=SEND_HEARTBEAT {datanodeUUID=effec267-9718-4f52-949a-788aed2f64c8, command=[]} | ret=SUCCESS |  
2019-08-24 03:33:46,736 | INFO  | SCMAudit | user=jenkins1000 | ip=192.168.69.87 | op=SEND_HEARTBEAT {datanodeUUID=0f6d25e7-ce21-4fce-8b55-97dd0a754253, command=[]} | ret=SUCCESS |  
2019-08-24 03:33:46,921 INFO  statemachine.DatanodeStateMachine (DatanodeStateMachine.java:lambda$startDaemon$0(350)) - Ozone container server started.
2019-08-24 03:33:46,921 | INFO  | SCMAudit | user=jenkins1000 | ip=192.168.69.87 | op=SEND_HEARTBEAT {datanodeUUID=dc75a801-41d0-4005-9753-f538f4cd9742, command=[]} | ret=SUCCESS |  
2019-08-24 03:33:46,936 | INFO  | SCMAudit | user=jenkins1000 | ip=192.168.69.87 | op=SEND_HEARTBEAT {datanodeUUID=a923f5ad-f693-4fff-a7c9-30675751bb26, command=[]} | ret=SUCCESS |  
2019-08-24 03:33:46,947 | INFO  | SCMAudit | user=jenkins1000 | ip=192.168.69.87 | op=SEND_HEARTBEAT {datanodeUUID=dcc12217-51b2-406c-9e3d-e39da684196b, command=[]} | ret=SUCCESS |  
2019-08-24 03:33:47,294 | INFO  | SCMAudit | user=jenkins1000 | ip=192.168.69.87 | op=SEND_HEARTBEAT {datanodeUUID=69d09fd6-b904-4e1e-8a2a-76bd34232c3f, command=[]} | ret=SUCCESS |  
2019-08-24 03:33:47,515 | INFO  | SCMAudit | user=jenkins1000 | ip=192.168.69.87 | op=SEND_HEARTBEAT {datanodeUUID=effec267-9718-4f52-949a-788aed2f64c8, command=[]} | ret=SUCCESS |  
2019-08-24 03:33:47,736 | INFO  | SCMAudit | user=jenkins1000 | ip=192.168.69.87 | op=SEND_HEARTBEAT {datanodeUUID=0f6d25e7-ce21-4fce-8b55-97dd0a754253, command=[]} | ret=SUCCESS |  
2019-08-24 03:33:47,921 | INFO  | SCMAudit | user=jenkins1000 | ip=192.168.69.87 | op=SEND_HEARTBEAT {datanodeUUID=dc75a801-41d0-4005-9753-f538f4cd9742, command=[]} | ret=SUCCESS |  
2019-08-24 03:33:47,936 | INFO  | SCMAudit | user=jenkins1000 | ip=192.168.69.87 | op=SEND_HEARTBEAT {datanodeUUID=a923f5ad-f693-4fff-a7c9-30675751bb26, command=[]} | ret=SUCCESS |  
2019-08-24 03:33:47,947 | INFO  | SCMAudit | user=jenkins1000 | ip=192.168.69.87 | op=SEND_HEARTBEAT {datanodeUUID=dcc12217-51b2-406c-9e3d-e39da684196b, command=[]} | ret=SUCCESS |  
2019-08-24 03:33:48,294 | INFO  | SCMAudit | user=jenkins1000 | ip=192.168.69.87 | op=SEND_HEARTBEAT {datanodeUUID=69d09fd6-b904-4e1e-8a2a-76bd34232c3f, command=[]} | ret=SUCCESS |  
2019-08-24 03:33:48,515 | INFO  | SCMAudit | user=jenkins1000 | ip=192.168.69.87 | op=SEND_HEARTBEAT {datanodeUUID=effec267-9718-4f52-949a-788aed2f64c8, command=[]} | ret=SUCCESS |  
2019-08-24 03:33:48,736 | INFO  | SCMAudit | user=jenkins1000 | ip=192.168.69.87 | op=SEND_HEARTBEAT {datanodeUUID=0f6d25e7-ce21-4fce-8b55-97dd0a754253, command=[]} | ret=SUCCESS |  
2019-08-24 03:33:48,921 | INFO  | SCMAudit | user=jenkins1000 | ip=192.168.69.87 | op=SEND_HEARTBEAT {datanodeUUID=dc75a801-41d0-4005-9753-f538f4cd9742, command=[]} | ret=SUCCESS |  
2019-08-24 03:33:48,936 | INFO  | SCMAudit | user=jenkins1000 | ip=192.168.69.87 | op=SEND_HEARTBEAT {datanodeUUID=a923f5ad-f693-4fff-a7c9-30675751bb26, command=[]} | ret=SUCCESS |  
2019-08-24 03:33:48,947 | INFO  | SCMAudit | user=jenkins1000 | ip=192.168.69.87 | op=SEND_HEARTBEAT {datanodeUUID=dcc12217-51b2-406c-9e3d-e39da684196b, command=[]} | ret=SUCCESS |  
2019-08-24 03:33:49,294 | INFO  | SCMAudit | user=jenkins1000 | ip=192.168.69.87 | op=SEND_HEARTBEAT {datanodeUUID=69d09fd6-b904-4e1e-8a2a-76bd34232c3f, command=[]} | ret=SUCCESS |  
2019-08-24 03:33:49,515 | INFO  | SCMAudit | user=jenkins1000 | ip=192.168.69.87 | op=SEND_HEARTBEAT {datanodeUUID=effec267-9718-4f52-949a-788aed2f64c8, command=[]} | ret=SUCCESS |  
2019-08-24 03:33:49,736 | INFO  | SCMAudit | user=jenkins1000 | ip=192.168.69.87 | op=SEND_HEARTBEAT {datanodeUUID=0f6d25e7-ce21-4fce-8b55-97dd0a754253, command=[]} | ret=SUCCESS |  
2019-08-24 03:33:49,921 | INFO  | SCMAudit | user=jenkins1000 | ip=192.168.69.87 | op=SEND_HEARTBEAT {datanodeUUID=dc75a801-41d0-4005-9753-f538f4cd9742, command=[]} | ret=SUCCESS |  
2019-08-24 03:33:49,935 | INFO  | SCMAudit | user=jenkins1000 | ip=192.168.69.87 | op=SEND_HEARTBEAT {datanodeUUID=a923f5ad-f693-4fff-a7c9-30675751bb26, command=[]} | ret=SUCCESS |  
2019-08-24 03:33:49,946 | INFO  | SCMAudit | user=jenkins1000 | ip=192.168.69.87 | op=SEND_HEARTBEAT {datanodeUUID=dcc12217-51b2-406c-9e3d-e39da684196b, command=[]} | ret=SUCCESS |  
2019-08-24 03:33:50,294 | INFO  | SCMAudit | user=jenkins1000 | ip=192.168.69.87 | op=SEND_HEARTBEAT {datanodeUUID=69d09fd6-b904-4e1e-8a2a-76bd34232c3f, command=[]} | ret=SUCCESS |  
2019-08-24 03:33:50,352 INFO  impl.FollowerState (FollowerState.java:run(106)) - effec267-9718-4f52-949a-788aed2f64c8:group-741337134B4E changes to CANDIDATE, lastRpcTime:5113, electionTimeout:5111ms
2019-08-24 03:33:50,352 INFO  impl.RoleInfo (RoleInfo.java:shutdownFollowerState(121)) - effec267-9718-4f52-949a-788aed2f64c8: shutdown FollowerState
2019-08-24 03:33:50,352 INFO  impl.RaftServerImpl (RaftServerImpl.java:setRole(171)) - effec267-9718-4f52-949a-788aed2f64c8:group-741337134B4E changes role from FOLLOWER to CANDIDATE at term 2 for changeToCandidate
2019-08-24 03:33:50,353 INFO  impl.RoleInfo (RoleInfo.java:updateAndGet(143)) - effec267-9718-4f52-949a-788aed2f64c8: start LeaderElection
2019-08-24 03:33:50,358 INFO  impl.FollowerState (FollowerState.java:run(106)) - dcc12217-51b2-406c-9e3d-e39da684196b:group-741337134B4E changes to CANDIDATE, lastRpcTime:5182, electionTimeout:5182ms
2019-08-24 03:33:50,358 INFO  impl.RoleInfo (RoleInfo.java:shutdownFollowerState(121)) - dcc12217-51b2-406c-9e3d-e39da684196b: shutdown FollowerState
2019-08-24 03:33:50,358 INFO  impl.RaftServerImpl (RaftServerImpl.java:setRole(171)) - dcc12217-51b2-406c-9e3d-e39da684196b:group-741337134B4E changes role from FOLLOWER to CANDIDATE at term 2 for changeToCandidate
2019-08-24 03:33:50,358 INFO  impl.RoleInfo (RoleInfo.java:updateAndGet(143)) - dcc12217-51b2-406c-9e3d-e39da684196b: start LeaderElection
2019-08-24 03:33:50,370 INFO  impl.LeaderElection (LeaderElection.java:askForVotes(181)) - dcc12217-51b2-406c-9e3d-e39da684196b:group-741337134B4E:LeaderElection79: begin an election at term 3 for -1: [69d09fd6-b904-4e1e-8a2a-76bd34232c3f:192.168.69.87:46152, dcc12217-51b2-406c-9e3d-e39da684196b:192.168.69.87:41689, effec267-9718-4f52-949a-788aed2f64c8:192.168.69.87:40842], old=null
2019-08-24 03:33:50,370 INFO  impl.LeaderElection (LeaderElection.java:askForVotes(181)) - effec267-9718-4f52-949a-788aed2f64c8:group-741337134B4E:LeaderElection78: begin an election at term 3 for 0: [69d09fd6-b904-4e1e-8a2a-76bd34232c3f:192.168.69.87:46152, dcc12217-51b2-406c-9e3d-e39da684196b:192.168.69.87:41689, effec267-9718-4f52-949a-788aed2f64c8:192.168.69.87:40842], old=null
2019-08-24 03:33:50,375 INFO  impl.RaftServerImpl (RaftServerImpl.java:setRole(171)) - 69d09fd6-b904-4e1e-8a2a-76bd34232c3f:group-741337134B4E changes role from FOLLOWER to FOLLOWER at term 3 for recognizeCandidate:dcc12217-51b2-406c-9e3d-e39da684196b
2019-08-24 03:33:50,375 INFO  impl.RoleInfo (RoleInfo.java:shutdownFollowerState(121)) - 69d09fd6-b904-4e1e-8a2a-76bd34232c3f: shutdown FollowerState
2019-08-24 03:33:50,375 INFO  impl.RoleInfo (RoleInfo.java:updateAndGet(143)) - 69d09fd6-b904-4e1e-8a2a-76bd34232c3f: start FollowerState
2019-08-24 03:33:50,375 INFO  impl.FollowerState (FollowerState.java:run(114)) - 69d09fd6-b904-4e1e-8a2a-76bd34232c3f: FollowerState was interrupted: java.lang.InterruptedException: sleep interrupted
2019-08-24 03:33:50,392 INFO  impl.RaftServerImpl (RaftServerImpl.java:setRole(171)) - 69d09fd6-b904-4e1e-8a2a-76bd34232c3f:group-741337134B4E changes role from FOLLOWER to FOLLOWER at term 3 for recognizeCandidate:effec267-9718-4f52-949a-788aed2f64c8
2019-08-24 03:33:50,392 INFO  impl.RoleInfo (RoleInfo.java:shutdownFollowerState(121)) - 69d09fd6-b904-4e1e-8a2a-76bd34232c3f: shutdown FollowerState
2019-08-24 03:33:50,392 INFO  impl.RoleInfo (RoleInfo.java:updateAndGet(143)) - 69d09fd6-b904-4e1e-8a2a-76bd34232c3f: start FollowerState
2019-08-24 03:33:50,392 INFO  impl.FollowerState (FollowerState.java:run(114)) - 69d09fd6-b904-4e1e-8a2a-76bd34232c3f: FollowerState was interrupted: java.lang.InterruptedException: sleep interrupted
2019-08-24 03:33:50,393 INFO  impl.LeaderElection (LeaderElection.java:logAndReturn(56)) - dcc12217-51b2-406c-9e3d-e39da684196b:group-741337134B4E:LeaderElection79: Election REJECTED; received 2 response(s) [dcc12217-51b2-406c-9e3d-e39da684196b<-69d09fd6-b904-4e1e-8a2a-76bd34232c3f#0:FAIL-t3, dcc12217-51b2-406c-9e3d-e39da684196b<-effec267-9718-4f52-949a-788aed2f64c8#0:FAIL-t3] and 0 exception(s); dcc12217-51b2-406c-9e3d-e39da684196b:t3, leader=null, voted=dcc12217-51b2-406c-9e3d-e39da684196b, raftlog=dcc12217-51b2-406c-9e3d-e39da684196b-SegmentedRaftLog:OPENED:c-1,f-1,i0, conf=-1: [69d09fd6-b904-4e1e-8a2a-76bd34232c3f:192.168.69.87:46152, dcc12217-51b2-406c-9e3d-e39da684196b:192.168.69.87:41689, effec267-9718-4f52-949a-788aed2f64c8:192.168.69.87:40842], old=null
2019-08-24 03:33:50,395 INFO  impl.RaftServerImpl (RaftServerImpl.java:setRole(171)) - dcc12217-51b2-406c-9e3d-e39da684196b:group-741337134B4E changes role from CANDIDATE to FOLLOWER at term 3 for DISCOVERED_A_NEW_TERM
2019-08-24 03:33:50,395 INFO  impl.RoleInfo (RoleInfo.java:shutdownLeaderElection(134)) - dcc12217-51b2-406c-9e3d-e39da684196b: shutdown LeaderElection
2019-08-24 03:33:50,395 INFO  impl.RoleInfo (RoleInfo.java:updateAndGet(143)) - dcc12217-51b2-406c-9e3d-e39da684196b: start FollowerState
2019-08-24 03:33:50,411 INFO  impl.LeaderElection (LeaderElection.java:logAndReturn(56)) - effec267-9718-4f52-949a-788aed2f64c8:group-741337134B4E:LeaderElection78: Election PASSED; received 2 response(s) [effec267-9718-4f52-949a-788aed2f64c8<-69d09fd6-b904-4e1e-8a2a-76bd34232c3f#0:OK-t3, effec267-9718-4f52-949a-788aed2f64c8<-dcc12217-51b2-406c-9e3d-e39da684196b#0:FAIL-t3] and 0 exception(s); effec267-9718-4f52-949a-788aed2f64c8:t3, leader=null, voted=effec267-9718-4f52-949a-788aed2f64c8, raftlog=effec267-9718-4f52-949a-788aed2f64c8-SegmentedRaftLog:OPENED:c-1,f0,i0, conf=0: [69d09fd6-b904-4e1e-8a2a-76bd34232c3f:192.168.69.87:46152, dcc12217-51b2-406c-9e3d-e39da684196b:192.168.69.87:41689, effec267-9718-4f52-949a-788aed2f64c8:192.168.69.87:40842], old=null
2019-08-24 03:33:50,411 INFO  impl.RoleInfo (RoleInfo.java:shutdownLeaderElection(134)) - effec267-9718-4f52-949a-788aed2f64c8: shutdown LeaderElection
2019-08-24 03:33:50,412 INFO  impl.RaftServerImpl (RaftServerImpl.java:setRole(171)) - effec267-9718-4f52-949a-788aed2f64c8:group-741337134B4E changes role from CANDIDATE to LEADER at term 3 for changeToLeader
2019-08-24 03:33:50,412 INFO  impl.RaftServerImpl (ServerState.java:setLeader(263)) - effec267-9718-4f52-949a-788aed2f64c8:group-741337134B4E change Leader from null to effec267-9718-4f52-949a-788aed2f64c8 at term 3 for becomeLeader, leader elected after 5172ms
2019-08-24 03:33:50,412 INFO  server.RaftServerConfigKeys (ConfUtils.java:logGet(43)) - raft.server.staging.catchup.gap = 1000 (default)
2019-08-24 03:33:50,412 INFO  server.RaftServerConfigKeys (ConfUtils.java:logGet(43)) - raft.server.rpc.sleep.time = 25ms (default)
2019-08-24 03:33:50,412 INFO  server.RaftServerConfigKeys (ConfUtils.java:logGet(43)) - raft.server.write.element-limit = 4096 (default)
2019-08-24 03:33:50,412 INFO  server.RaftServerConfigKeys (ConfUtils.java:logGet(43)) - raft.server.watch.timeout = 10s (default)
2019-08-24 03:33:50,413 INFO  server.RaftServerConfigKeys (ConfUtils.java:logGet(43)) - raft.server.watch.timeout.denomination = 1s (default)
2019-08-24 03:33:50,413 INFO  server.RaftServerConfigKeys (ConfUtils.java:logGet(43)) - raft.server.watch.element-limit = 65536 (default)
2019-08-24 03:33:50,413 INFO  server.RaftServerConfigKeys (ConfUtils.java:logGet(43)) - raft.server.log.appender.snapshot.chunk.size.max = 16MB (=16777216) (default)
2019-08-24 03:33:50,413 INFO  server.RaftServerConfigKeys (ConfUtils.java:logGet(43)) - raft.server.log.appender.buffer.byte-limit = 33554432 (custom)
2019-08-24 03:33:50,413 INFO  server.RaftServerConfigKeys (ConfUtils.java:logGet(43)) - raft.server.log.appender.buffer.element-limit = 1 (custom)
2019-08-24 03:33:50,414 INFO  grpc.GrpcConfigKeys$Server (ConfUtils.java:logGet(43)) - raft.grpc.server.leader.outstanding.appends.max = 128 (default)
2019-08-24 03:33:50,414 INFO  server.RaftServerConfigKeys (ConfUtils.java:logGet(43)) - raft.server.rpc.request.timeout = 3000ms (default)
2019-08-24 03:33:50,414 INFO  server.RaftServerConfigKeys (ConfUtils.java:logGet(43)) - raft.server.log.appender.install.snapshot.enabled = false (custom)
2019-08-24 03:33:50,414 INFO  server.RaftServerConfigKeys (ConfUtils.java:logGet(43)) - raft.server.log.appender.snapshot.chunk.size.max = 16MB (=16777216) (default)
2019-08-24 03:33:50,414 INFO  server.RaftServerConfigKeys (ConfUtils.java:logGet(43)) - raft.server.log.appender.buffer.byte-limit = 33554432 (custom)
2019-08-24 03:33:50,415 INFO  server.RaftServerConfigKeys (ConfUtils.java:logGet(43)) - raft.server.log.appender.buffer.element-limit = 1 (custom)
2019-08-24 03:33:50,415 INFO  grpc.GrpcConfigKeys$Server (ConfUtils.java:logGet(43)) - raft.grpc.server.leader.outstanding.appends.max = 128 (default)
2019-08-24 03:33:50,415 INFO  server.RaftServerConfigKeys (ConfUtils.java:logGet(43)) - raft.server.rpc.request.timeout = 3000ms (default)
2019-08-24 03:33:50,415 INFO  server.RaftServerConfigKeys (ConfUtils.java:logGet(43)) - raft.server.log.appender.install.snapshot.enabled = false (custom)
2019-08-24 03:33:50,415 INFO  impl.RoleInfo (RoleInfo.java:updateAndGet(143)) - effec267-9718-4f52-949a-788aed2f64c8: start LeaderState
2019-08-24 03:33:50,416 INFO  segmented.SegmentedRaftLogWorker (SegmentedRaftLogWorker.java:rollLogSegment(385)) - effec267-9718-4f52-949a-788aed2f64c8-SegmentedRaftLogWorker:Storage Directory /workdir/hadoop-ozone/integration-test/target/test-dir/MiniOzoneClusterImpl-581dd6e5-c089-4ac1-8c4d-803d6bc9a32c/datanode-1/data/ratis/dd777e94-9667-486b-a038-741337134b4e: Rolling segment log-0_0 to index:0
2019-08-24 03:33:50,416 INFO  segmented.SegmentedRaftLogWorker (SegmentedRaftLogWorker.java:execute(526)) - effec267-9718-4f52-949a-788aed2f64c8-SegmentedRaftLogWorker:Storage Directory /workdir/hadoop-ozone/integration-test/target/test-dir/MiniOzoneClusterImpl-581dd6e5-c089-4ac1-8c4d-803d6bc9a32c/datanode-1/data/ratis/dd777e94-9667-486b-a038-741337134b4e: Rolled log segment from /workdir/hadoop-ozone/integration-test/target/test-dir/MiniOzoneClusterImpl-581dd6e5-c089-4ac1-8c4d-803d6bc9a32c/datanode-1/data/ratis/dd777e94-9667-486b-a038-741337134b4e/current/log_inprogress_0 to /workdir/hadoop-ozone/integration-test/target/test-dir/MiniOzoneClusterImpl-581dd6e5-c089-4ac1-8c4d-803d6bc9a32c/datanode-1/data/ratis/dd777e94-9667-486b-a038-741337134b4e/current/log_0-0
2019-08-24 03:33:50,416 INFO  impl.RaftServerImpl (ServerState.java:setRaftConf(361)) - effec267-9718-4f52-949a-788aed2f64c8:group-741337134B4E set configuration 1: [69d09fd6-b904-4e1e-8a2a-76bd34232c3f:192.168.69.87:46152, dcc12217-51b2-406c-9e3d-e39da684196b:192.168.69.87:41689, effec267-9718-4f52-949a-788aed2f64c8:192.168.69.87:40842], old=null at 1
2019-08-24 03:33:50,417 INFO  impl.RaftServerImpl (ServerState.java:setLeader(263)) - dcc12217-51b2-406c-9e3d-e39da684196b:group-741337134B4E change Leader from null to effec267-9718-4f52-949a-788aed2f64c8 at term 3 for appendEntries, leader elected after 10382ms
2019-08-24 03:33:50,418 INFO  impl.RaftServerImpl (RaftServerImpl.java:checkInconsistentAppendEntries(999)) - dcc12217-51b2-406c-9e3d-e39da684196b: Failed appendEntries as previous log entry ((t:1, i:0)) is not found
2019-08-24 03:33:50,418 INFO  impl.RaftServerImpl (ServerState.java:setLeader(263)) - 69d09fd6-b904-4e1e-8a2a-76bd34232c3f:group-741337134B4E change Leader from null to effec267-9718-4f52-949a-788aed2f64c8 at term 3 for appendEntries, leader elected after 5184ms
2019-08-24 03:33:50,418 INFO  impl.RaftServerImpl (RaftServerImpl.java:checkInconsistentAppendEntries(972)) - dcc12217-51b2-406c-9e3d-e39da684196b: inconsistency entries. Reply:effec267-9718-4f52-949a-788aed2f64c8<-dcc12217-51b2-406c-9e3d-e39da684196b#0:FAIL,INCONSISTENCY,nextIndex:0,term:3,followerCommit:-1
2019-08-24 03:33:50,420 INFO  impl.RaftServerImpl (ServerState.java:setRaftConf(361)) - 69d09fd6-b904-4e1e-8a2a-76bd34232c3f:group-741337134B4E set configuration 1: [69d09fd6-b904-4e1e-8a2a-76bd34232c3f:192.168.69.87:46152, dcc12217-51b2-406c-9e3d-e39da684196b:192.168.69.87:41689, effec267-9718-4f52-949a-788aed2f64c8:192.168.69.87:40842], old=null at 1
2019-08-24 03:33:50,420 INFO  segmented.SegmentedRaftLogWorker (SegmentedRaftLogWorker.java:rollLogSegment(385)) - 69d09fd6-b904-4e1e-8a2a-76bd34232c3f-SegmentedRaftLogWorker:Storage Directory /workdir/hadoop-ozone/integration-test/target/test-dir/MiniOzoneClusterImpl-581dd6e5-c089-4ac1-8c4d-803d6bc9a32c/datanode-0/data/ratis/dd777e94-9667-486b-a038-741337134b4e: Rolling segment log-0_0 to index:0
2019-08-24 03:33:50,420 INFO  impl.FollowerInfo (FollowerInfo.java:lambda$new$0(50)) - effec267-9718-4f52-949a-788aed2f64c8->dcc12217-51b2-406c-9e3d-e39da684196b: nextIndex: updateUnconditionally 1 -> 0
2019-08-24 03:33:50,421 INFO  segmented.SegmentedRaftLogWorker (SegmentedRaftLogWorker.java:execute(526)) - 69d09fd6-b904-4e1e-8a2a-76bd34232c3f-SegmentedRaftLogWorker:Storage Directory /workdir/hadoop-ozone/integration-test/target/test-dir/MiniOzoneClusterImpl-581dd6e5-c089-4ac1-8c4d-803d6bc9a32c/datanode-0/data/ratis/dd777e94-9667-486b-a038-741337134b4e: Rolled log segment from /workdir/hadoop-ozone/integration-test/target/test-dir/MiniOzoneClusterImpl-581dd6e5-c089-4ac1-8c4d-803d6bc9a32c/datanode-0/data/ratis/dd777e94-9667-486b-a038-741337134b4e/current/log_inprogress_0 to /workdir/hadoop-ozone/integration-test/target/test-dir/MiniOzoneClusterImpl-581dd6e5-c089-4ac1-8c4d-803d6bc9a32c/datanode-0/data/ratis/dd777e94-9667-486b-a038-741337134b4e/current/log_0-0
2019-08-24 03:33:50,421 INFO  impl.RaftServerImpl (ServerState.java:setRaftConf(361)) - dcc12217-51b2-406c-9e3d-e39da684196b:group-741337134B4E set configuration 0: [69d09fd6-b904-4e1e-8a2a-76bd34232c3f:192.168.69.87:46152, dcc12217-51b2-406c-9e3d-e39da684196b:192.168.69.87:41689, effec267-9718-4f52-949a-788aed2f64c8:192.168.69.87:40842], old=null at 0
2019-08-24 03:33:50,421 INFO  segmented.SegmentedRaftLogWorker (SegmentedRaftLogWorker.java:startLogSegment(380)) - dcc12217-51b2-406c-9e3d-e39da684196b-SegmentedRaftLogWorker:Storage Directory /workdir/hadoop-ozone/integration-test/target/test-dir/MiniOzoneClusterImpl-581dd6e5-c089-4ac1-8c4d-803d6bc9a32c/datanode-2/data/ratis/dd777e94-9667-486b-a038-741337134b4e: Starting segment from index:0
2019-08-24 03:33:50,422 INFO  impl.RaftServerImpl (ServerState.java:setRaftConf(361)) - dcc12217-51b2-406c-9e3d-e39da684196b:group-741337134B4E set configuration 1: [69d09fd6-b904-4e1e-8a2a-76bd34232c3f:192.168.69.87:46152, dcc12217-51b2-406c-9e3d-e39da684196b:192.168.69.87:41689, effec267-9718-4f52-949a-788aed2f64c8:192.168.69.87:40842], old=null at 1
2019-08-24 03:33:50,422 INFO  segmented.SegmentedRaftLogWorker (SegmentedRaftLogWorker.java:rollLogSegment(385)) - dcc12217-51b2-406c-9e3d-e39da684196b-SegmentedRaftLogWorker:Storage Directory /workdir/hadoop-ozone/integration-test/target/test-dir/MiniOzoneClusterImpl-581dd6e5-c089-4ac1-8c4d-803d6bc9a32c/datanode-2/data/ratis/dd777e94-9667-486b-a038-741337134b4e: Rolling segment log-0_0 to index:0
2019-08-24 03:33:50,461 INFO  segmented.SegmentedRaftLogWorker (SegmentedRaftLogWorker.java:execute(569)) - effec267-9718-4f52-949a-788aed2f64c8-SegmentedRaftLogWorker:Storage Directory /workdir/hadoop-ozone/integration-test/target/test-dir/MiniOzoneClusterImpl-581dd6e5-c089-4ac1-8c4d-803d6bc9a32c/datanode-1/data/ratis/dd777e94-9667-486b-a038-741337134b4e: created new log segment /workdir/hadoop-ozone/integration-test/target/test-dir/MiniOzoneClusterImpl-581dd6e5-c089-4ac1-8c4d-803d6bc9a32c/datanode-1/data/ratis/dd777e94-9667-486b-a038-741337134b4e/current/log_inprogress_1
2019-08-24 03:33:50,461 INFO  segmented.SegmentedRaftLogWorker (SegmentedRaftLogWorker.java:execute(569)) - 69d09fd6-b904-4e1e-8a2a-76bd34232c3f-SegmentedRaftLogWorker:Storage Directory /workdir/hadoop-ozone/integration-test/target/test-dir/MiniOzoneClusterImpl-581dd6e5-c089-4ac1-8c4d-803d6bc9a32c/datanode-0/data/ratis/dd777e94-9667-486b-a038-741337134b4e: created new log segment /workdir/hadoop-ozone/integration-test/target/test-dir/MiniOzoneClusterImpl-581dd6e5-c089-4ac1-8c4d-803d6bc9a32c/datanode-0/data/ratis/dd777e94-9667-486b-a038-741337134b4e/current/log_inprogress_1
2019-08-24 03:33:50,461 INFO  segmented.SegmentedRaftLogWorker (SegmentedRaftLogWorker.java:execute(569)) - dcc12217-51b2-406c-9e3d-e39da684196b-SegmentedRaftLogWorker:Storage Directory /workdir/hadoop-ozone/integration-test/target/test-dir/MiniOzoneClusterImpl-581dd6e5-c089-4ac1-8c4d-803d6bc9a32c/datanode-2/data/ratis/dd777e94-9667-486b-a038-741337134b4e: created new log segment /workdir/hadoop-ozone/integration-test/target/test-dir/MiniOzoneClusterImpl-581dd6e5-c089-4ac1-8c4d-803d6bc9a32c/datanode-2/data/ratis/dd777e94-9667-486b-a038-741337134b4e/current/log_inprogress_0
2019-08-24 03:33:50,463 INFO  segmented.SegmentedRaftLogWorker (SegmentedRaftLogWorker.java:execute(526)) - dcc12217-51b2-406c-9e3d-e39da684196b-SegmentedRaftLogWorker:Storage Directory /workdir/hadoop-ozone/integration-test/target/test-dir/MiniOzoneClusterImpl-581dd6e5-c089-4ac1-8c4d-803d6bc9a32c/datanode-2/data/ratis/dd777e94-9667-486b-a038-741337134b4e: Rolled log segment from /workdir/hadoop-ozone/integration-test/target/test-dir/MiniOzoneClusterImpl-581dd6e5-c089-4ac1-8c4d-803d6bc9a32c/datanode-2/data/ratis/dd777e94-9667-486b-a038-741337134b4e/current/log_inprogress_0 to /workdir/hadoop-ozone/integration-test/target/test-dir/MiniOzoneClusterImpl-581dd6e5-c089-4ac1-8c4d-803d6bc9a32c/datanode-2/data/ratis/dd777e94-9667-486b-a038-741337134b4e/current/log_0-0
2019-08-24 03:33:50,499 INFO  segmented.SegmentedRaftLogWorker (SegmentedRaftLogWorker.java:execute(569)) - dcc12217-51b2-406c-9e3d-e39da684196b-SegmentedRaftLogWorker:Storage Directory /workdir/hadoop-ozone/integration-test/target/test-dir/MiniOzoneClusterImpl-581dd6e5-c089-4ac1-8c4d-803d6bc9a32c/datanode-2/data/ratis/dd777e94-9667-486b-a038-741337134b4e: created new log segment /workdir/hadoop-ozone/integration-test/target/test-dir/MiniOzoneClusterImpl-581dd6e5-c089-4ac1-8c4d-803d6bc9a32c/datanode-2/data/ratis/dd777e94-9667-486b-a038-741337134b4e/current/log_inprogress_1
2019-08-24 03:33:50,515 | INFO  | SCMAudit | user=jenkins1000 | ip=192.168.69.87 | op=SEND_HEARTBEAT {datanodeUUID=effec267-9718-4f52-949a-788aed2f64c8, command=[]} | ret=SUCCESS |  
2019-08-24 03:33:50,736 | INFO  | SCMAudit | user=jenkins1000 | ip=192.168.69.87 | op=SEND_HEARTBEAT {datanodeUUID=0f6d25e7-ce21-4fce-8b55-97dd0a754253, command=[]} | ret=SUCCESS |  
2019-08-24 03:33:50,920 | INFO  | SCMAudit | user=jenkins1000 | ip=192.168.69.87 | op=SEND_HEARTBEAT {datanodeUUID=dc75a801-41d0-4005-9753-f538f4cd9742, command=[]} | ret=SUCCESS |  
2019-08-24 03:33:50,936 | INFO  | SCMAudit | user=jenkins1000 | ip=192.168.69.87 | op=SEND_HEARTBEAT {datanodeUUID=a923f5ad-f693-4fff-a7c9-30675751bb26, command=[]} | ret=SUCCESS |  
2019-08-24 03:33:50,947 | INFO  | SCMAudit | user=jenkins1000 | ip=192.168.69.87 | op=SEND_HEARTBEAT {datanodeUUID=dcc12217-51b2-406c-9e3d-e39da684196b, command=[]} | ret=SUCCESS |  
2019-08-24 03:33:50,966 INFO  node.StaleNodeHandler (StaleNodeHandler.java:onMessage(58)) - Datanode 4f891048-4eaf-4b95-bfc9-bb119accb8ee{ip: 192.168.69.87, host: byscane-nightly-sgbhv-2167721923, networkLocation: /default-rack, certSerialId: null} moved to stale state. Finalizing its pipelines [PipelineID=7e47367f-e49e-406a-bd31-bb10c1a46019, PipelineID=3ef81583-690e-4bbe-bffa-32cef5807d68]
2019-08-24 03:33:50,967 INFO  pipeline.SCMPipelineManager (SCMPipelineManager.java:finalizeAndDestroyPipeline(309)) - destroying pipeline:Pipeline[ Id: 7e47367f-e49e-406a-bd31-bb10c1a46019, Nodes: 4f891048-4eaf-4b95-bfc9-bb119accb8ee{ip: 192.168.69.87, host: byscane-nightly-sgbhv-2167721923, networkLocation: /default-rack, certSerialId: null}dc75a801-41d0-4005-9753-f538f4cd9742{ip: 192.168.69.87, host: byscane-nightly-sgbhv-2167721923, networkLocation: /default-rack, certSerialId: null}a923f5ad-f693-4fff-a7c9-30675751bb26{ip: 192.168.69.87, host: byscane-nightly-sgbhv-2167721923, networkLocation: /default-rack, certSerialId: null}, Type:RATIS, Factor:THREE, State:OPEN]
2019-08-24 03:33:50,967 INFO  pipeline.PipelineStateManager (PipelineStateManager.java:finalizePipeline(123)) - Pipeline Pipeline[ Id: 7e47367f-e49e-406a-bd31-bb10c1a46019, Nodes: 4f891048-4eaf-4b95-bfc9-bb119accb8ee{ip: 192.168.69.87, host: byscane-nightly-sgbhv-2167721923, networkLocation: /default-rack, certSerialId: null}dc75a801-41d0-4005-9753-f538f4cd9742{ip: 192.168.69.87, host: byscane-nightly-sgbhv-2167721923, networkLocation: /default-rack, certSerialId: null}a923f5ad-f693-4fff-a7c9-30675751bb26{ip: 192.168.69.87, host: byscane-nightly-sgbhv-2167721923, networkLocation: /default-rack, certSerialId: null}, Type:RATIS, Factor:THREE, State:CLOSED] moved to CLOSED state
2019-08-24 03:33:50,968 INFO  pipeline.SCMPipelineManager (SCMPipelineManager.java:finalizeAndDestroyPipeline(309)) - destroying pipeline:Pipeline[ Id: 3ef81583-690e-4bbe-bffa-32cef5807d68, Nodes: 4f891048-4eaf-4b95-bfc9-bb119accb8ee{ip: 192.168.69.87, host: byscane-nightly-sgbhv-2167721923, networkLocation: /default-rack, certSerialId: null}, Type:RATIS, Factor:ONE, State:OPEN]
2019-08-24 03:33:50,968 INFO  container.CloseContainerEventHandler (CloseContainerEventHandler.java:onMessage(61)) - Close container Event triggered for container : #1
2019-08-24 03:33:50,968 INFO  pipeline.PipelineStateManager (PipelineStateManager.java:finalizePipeline(123)) - Pipeline Pipeline[ Id: 3ef81583-690e-4bbe-bffa-32cef5807d68, Nodes: 4f891048-4eaf-4b95-bfc9-bb119accb8ee{ip: 192.168.69.87, host: byscane-nightly-sgbhv-2167721923, networkLocation: /default-rack, certSerialId: null}, Type:RATIS, Factor:ONE, State:CLOSED] moved to CLOSED state
2019-08-24 03:33:51,147 INFO  ozoneimpl.OzoneContainer (OzoneContainer.java:stop(199)) - Attempting to stop container services.
2019-08-24 03:33:51,148 INFO  impl.RaftServerProxy (RaftServerProxy.java:lambda$close$4(314)) - 4f891048-4eaf-4b95-bfc9-bb119accb8ee: close
2019-08-24 03:33:51,149 INFO  impl.RaftServerImpl (RaftServerImpl.java:lambda$shutdown$3(245)) - 4f891048-4eaf-4b95-bfc9-bb119accb8ee: shutdown group-BB10C1A46019
2019-08-24 03:33:51,149 INFO  util.JmxRegister (JmxRegister.java:unregister(73)) - Successfully un-registered JMX Bean with object name Ratis:service=RaftServer,group=group-BB10C1A46019,id=4f891048-4eaf-4b95-bfc9-bb119accb8ee
2019-08-24 03:33:51,150 INFO  impl.RoleInfo (RoleInfo.java:shutdownLeaderState(104)) - 4f891048-4eaf-4b95-bfc9-bb119accb8ee: shutdown LeaderState
2019-08-24 03:33:51,156 WARN  server.GrpcLogAppender (GrpcLogAppender.java:mayWait(143)) - GrpcLogAppender(4f891048-4eaf-4b95-bfc9-bb119accb8ee->a923f5ad-f693-4fff-a7c9-30675751bb26): Wait interrupted by java.lang.InterruptedException
2019-08-24 03:33:51,156 WARN  server.GrpcLogAppender (GrpcLogAppender.java:mayWait(143)) - GrpcLogAppender(4f891048-4eaf-4b95-bfc9-bb119accb8ee->dc75a801-41d0-4005-9753-f538f4cd9742): Wait interrupted by java.lang.InterruptedException
2019-08-24 03:33:51,156 INFO  impl.PendingRequests (PendingRequests.java:sendNotLeaderResponses(202)) - 4f891048-4eaf-4b95-bfc9-bb119accb8ee-PendingRequests: sendNotLeaderResponses
2019-08-24 03:33:51,156 INFO  server.GrpcServerProtocolService (GrpcServerProtocolService.java:onCompleted(104)) - dc75a801-41d0-4005-9753-f538f4cd9742: appendEntries completed
2019-08-24 03:33:51,156 INFO  server.GrpcServerProtocolService (GrpcServerProtocolService.java:onCompleted(104)) - a923f5ad-f693-4fff-a7c9-30675751bb26: appendEntries completed
2019-08-24 03:33:51,161 INFO  impl.StateMachineUpdater (StateMachineUpdater.java:stopAndJoin(115)) - StateMachineUpdater:4f891048-4eaf-4b95-bfc9-bb119accb8ee:group-BB10C1A46019: set stopIndex = 16
2019-08-24 03:33:51,161 INFO  server.GrpcLogAppender (GrpcLogAppender.java:onCompleted(292)) - 4f891048-4eaf-4b95-bfc9-bb119accb8ee->dc75a801-41d0-4005-9753-f538f4cd9742: follower responses appendEntries COMPLETED
2019-08-24 03:33:51,161 INFO  ratis.ContainerStateMachine (ContainerStateMachine.java:takeSnapshot(262)) - group-BB10C1A46019: Taking a snapshot at:(t:1, i:14) file /workdir/hadoop-ozone/integration-test/target/test-dir/MiniOzoneClusterImpl-581dd6e5-c089-4ac1-8c4d-803d6bc9a32c/datanode-5/data/ratis/7e47367f-e49e-406a-bd31-bb10c1a46019/sm/snapshot.1_14
2019-08-24 03:33:51,162 INFO  server.GrpcLogAppender (GrpcLogAppender.java:onCompleted(292)) - 4f891048-4eaf-4b95-bfc9-bb119accb8ee->a923f5ad-f693-4fff-a7c9-30675751bb26: follower responses appendEntries COMPLETED
2019-08-24 03:33:51,162 INFO  impl.FollowerInfo (FollowerInfo.java:lambda$new$0(50)) - 4f891048-4eaf-4b95-bfc9-bb119accb8ee->dc75a801-41d0-4005-9753-f538f4cd9742: nextIndex: updateUnconditionally 17 -> 16
2019-08-24 03:33:51,162 INFO  impl.FollowerInfo (FollowerInfo.java:lambda$new$0(50)) - 4f891048-4eaf-4b95-bfc9-bb119accb8ee->a923f5ad-f693-4fff-a7c9-30675751bb26: nextIndex: updateUnconditionally 17 -> 16
2019-08-24 03:33:51,175 INFO  ratis.ContainerStateMachine (ContainerStateMachine.java:takeSnapshot(273)) - group-BB10C1A46019: Finished taking a snapshot at:(t:1, i:14) file:/workdir/hadoop-ozone/integration-test/target/test-dir/MiniOzoneClusterImpl-581dd6e5-c089-4ac1-8c4d-803d6bc9a32c/datanode-5/data/ratis/7e47367f-e49e-406a-bd31-bb10c1a46019/sm/snapshot.1_14 time:13
2019-08-24 03:33:51,175 INFO  impl.StateMachineUpdater (StateMachineUpdater.java:takeSnapshot(242)) - StateMachineUpdater:4f891048-4eaf-4b95-bfc9-bb119accb8ee:group-BB10C1A46019: Took a snapshot at index 14
2019-08-24 03:33:51,175 INFO  impl.StateMachineUpdater (StateMachineUpdater.java:lambda$new$0(80)) - StateMachineUpdater:4f891048-4eaf-4b95-bfc9-bb119accb8ee:group-BB10C1A46019: snapshotIndex: updateIncreasingly -1 -> 14
2019-08-24 03:33:51,175 INFO  impl.RaftServerImpl (ServerState.java:close(394)) - 4f891048-4eaf-4b95-bfc9-bb119accb8ee:group-BB10C1A46019 closes. The last applied log index is 16
2019-08-24 03:33:51,176 INFO  segmented.SegmentedRaftLogWorker (SegmentedRaftLogWorker.java:run(313)) - 4f891048-4eaf-4b95-bfc9-bb119accb8ee-SegmentedRaftLogWorker:Storage Directory /workdir/hadoop-ozone/integration-test/target/test-dir/MiniOzoneClusterImpl-581dd6e5-c089-4ac1-8c4d-803d6bc9a32c/datanode-5/data/ratis/7e47367f-e49e-406a-bd31-bb10c1a46019 was interrupted, exiting. There are 0 tasks remaining in the queue.
2019-08-24 03:33:51,179 INFO  segmented.SegmentedRaftLogWorker (SegmentedRaftLogWorker.java:close(228)) - 4f891048-4eaf-4b95-bfc9-bb119accb8ee-SegmentedRaftLogWorker:Storage Directory /workdir/hadoop-ozone/integration-test/target/test-dir/MiniOzoneClusterImpl-581dd6e5-c089-4ac1-8c4d-803d6bc9a32c/datanode-5/data/ratis/7e47367f-e49e-406a-bd31-bb10c1a46019 close()
2019-08-24 03:33:51,185 INFO  impl.RaftServerImpl (RaftServerImpl.java:lambda$shutdown$3(245)) - 4f891048-4eaf-4b95-bfc9-bb119accb8ee: shutdown group-32CEF5807D68
2019-08-24 03:33:51,186 INFO  util.JmxRegister (JmxRegister.java:unregister(73)) - Successfully un-registered JMX Bean with object name Ratis:service=RaftServer,group=group-32CEF5807D68,id=4f891048-4eaf-4b95-bfc9-bb119accb8ee
2019-08-24 03:33:51,186 INFO  impl.RoleInfo (RoleInfo.java:shutdownLeaderState(104)) - 4f891048-4eaf-4b95-bfc9-bb119accb8ee: shutdown LeaderState
2019-08-24 03:33:51,186 INFO  impl.PendingRequests (PendingRequests.java:sendNotLeaderResponses(202)) - 4f891048-4eaf-4b95-bfc9-bb119accb8ee-PendingRequests: sendNotLeaderResponses
2019-08-24 03:33:51,187 INFO  impl.StateMachineUpdater (StateMachineUpdater.java:stopAndJoin(115)) - StateMachineUpdater:4f891048-4eaf-4b95-bfc9-bb119accb8ee:group-32CEF5807D68: set stopIndex = 0
2019-08-24 03:33:51,187 INFO  impl.RaftServerImpl (ServerState.java:close(394)) - 4f891048-4eaf-4b95-bfc9-bb119accb8ee:group-32CEF5807D68 closes. The last applied log index is 0
2019-08-24 03:33:51,187 INFO  segmented.SegmentedRaftLogWorker (SegmentedRaftLogWorker.java:run(313)) - 4f891048-4eaf-4b95-bfc9-bb119accb8ee-SegmentedRaftLogWorker:Storage Directory /workdir/hadoop-ozone/integration-test/target/test-dir/MiniOzoneClusterImpl-581dd6e5-c089-4ac1-8c4d-803d6bc9a32c/datanode-5/data/ratis/3ef81583-690e-4bbe-bffa-32cef5807d68 was interrupted, exiting. There are 0 tasks remaining in the queue.
2019-08-24 03:33:51,191 INFO  segmented.SegmentedRaftLogWorker (SegmentedRaftLogWorker.java:close(228)) - 4f891048-4eaf-4b95-bfc9-bb119accb8ee-SegmentedRaftLogWorker:Storage Directory /workdir/hadoop-ozone/integration-test/target/test-dir/MiniOzoneClusterImpl-581dd6e5-c089-4ac1-8c4d-803d6bc9a32c/datanode-5/data/ratis/3ef81583-690e-4bbe-bffa-32cef5807d68 close()
2019-08-24 03:33:51,197 INFO  server.GrpcService (GrpcService.java:closeImpl(155)) - 4f891048-4eaf-4b95-bfc9-bb119accb8ee: shutdown server with port 35872 now
2019-08-24 03:33:51,198 WARN  client.GrpcClientProtocolService (LogUtils.java:warn(134)) - 2-UnorderedRequestStreamObserver2: onError: org.apache.ratis.thirdparty.io.grpc.StatusRuntimeException: CANCELLED: cancelled before receiving half close
2019-08-24 03:33:51,198 INFO  server.GrpcService (GrpcService.java:closeImpl(163)) - 4f891048-4eaf-4b95-bfc9-bb119accb8ee: shutdown server with port 35872 successfully
2019-08-24 03:33:51,199 INFO  utils.BackgroundService (BackgroundService.java:shutdown(148)) - Shutting down service BlockDeletingService
2019-08-24 03:33:51,204 WARN  fs.CachingGetSpaceUsed (CachingGetSpaceUsed.java:run(183)) - Thread Interrupted waiting to refresh disk information: sleep interrupted
2019-08-24 03:33:51,228 INFO  statemachine.DatanodeStateMachine (DatanodeStateMachine.java:stopDaemon(395)) - Ozone container server stopped.
2019-08-24 03:33:51,229 INFO  handler.ContextHandler (ContextHandler.java:doStop(910)) - Stopped o.e.j.w.WebAppContext@7eb370c5{/,null,UNAVAILABLE}{/hddsDatanode}
2019-08-24 03:33:51,230 INFO  server.AbstractConnector (AbstractConnector.java:doStop(318)) - Stopped ServerConnector@26c24e5{HTTP/1.1,[http/1.1]}{0.0.0.0:0}
2019-08-24 03:33:51,230 INFO  handler.ContextHandler (ContextHandler.java:doStop(910)) - Stopped o.e.j.s.ServletContextHandler@7115d5af{/static,jar:file:/home/user/.m2/repository/org/apache/hadoop/hadoop-hdds-container-service/0.4.1-SNAPSHOT/hadoop-hdds-container-service-0.4.1-SNAPSHOT.jar!/webapps/static,UNAVAILABLE}
2019-08-24 03:33:51,230 INFO  handler.ContextHandler (ContextHandler.java:doStop(910)) - Stopped o.e.j.s.ServletContextHandler@66859669{/logs,file:///workdir/hadoop-ozone/integration-test/target/log,UNAVAILABLE}
2019-08-24 03:33:51,294 | INFO  | SCMAudit | user=jenkins1000 | ip=192.168.69.87 | op=SEND_HEARTBEAT {datanodeUUID=69d09fd6-b904-4e1e-8a2a-76bd34232c3f, command=[]} | ret=SUCCESS |  
2019-08-24 03:33:51,515 | INFO  | SCMAudit | user=jenkins1000 | ip=192.168.69.87 | op=SEND_HEARTBEAT {datanodeUUID=effec267-9718-4f52-949a-788aed2f64c8, command=[]} | ret=SUCCESS |  
2019-08-24 03:33:51,736 | INFO  | SCMAudit | user=jenkins1000 | ip=192.168.69.87 | op=SEND_HEARTBEAT {datanodeUUID=0f6d25e7-ce21-4fce-8b55-97dd0a754253, command=[]} | ret=SUCCESS |  
2019-08-24 03:33:51,922 | INFO  | SCMAudit | user=jenkins1000 | ip=192.168.69.87 | op=SEND_HEARTBEAT {datanodeUUID=dc75a801-41d0-4005-9753-f538f4cd9742, command=[commandType: closeContainerCommand closeContainerCommandProto { containerID: 1 pipelineID { id: "7e47367f-e49e-406a-bd31-bb10c1a46019" } cmdId: 1 force: false } ]} | ret=SUCCESS |  
2019-08-24 03:33:51,936 | INFO  | SCMAudit | user=jenkins1000 | ip=192.168.69.87 | op=SEND_HEARTBEAT {datanodeUUID=a923f5ad-f693-4fff-a7c9-30675751bb26, command=[commandType: closeContainerCommand closeContainerCommandProto { containerID: 1 pipelineID { id: "7e47367f-e49e-406a-bd31-bb10c1a46019" } cmdId: 1 force: false } ]} | ret=SUCCESS |  
2019-08-24 03:33:51,946 | INFO  | SCMAudit | user=jenkins1000 | ip=192.168.69.87 | op=SEND_HEARTBEAT {datanodeUUID=dcc12217-51b2-406c-9e3d-e39da684196b, command=[]} | ret=SUCCESS |  
2019-08-24 03:33:52,294 | INFO  | SCMAudit | user=jenkins1000 | ip=192.168.69.87 | op=SEND_HEARTBEAT {datanodeUUID=69d09fd6-b904-4e1e-8a2a-76bd34232c3f, command=[]} | ret=SUCCESS |  
2019-08-24 03:33:52,515 | INFO  | SCMAudit | user=jenkins1000 | ip=192.168.69.87 | op=SEND_HEARTBEAT {datanodeUUID=effec267-9718-4f52-949a-788aed2f64c8, command=[]} | ret=SUCCESS |  
2019-08-24 03:33:52,736 | INFO  | SCMAudit | user=jenkins1000 | ip=192.168.69.87 | op=SEND_HEARTBEAT {datanodeUUID=0f6d25e7-ce21-4fce-8b55-97dd0a754253, command=[]} | ret=SUCCESS |  
2019-08-24 03:33:52,921 | INFO  | SCMAudit | user=jenkins1000 | ip=192.168.69.87 | op=SEND_HEARTBEAT {datanodeUUID=dc75a801-41d0-4005-9753-f538f4cd9742, command=[]} | ret=SUCCESS |  
2019-08-24 03:33:52,935 | INFO  | SCMAudit | user=jenkins1000 | ip=192.168.69.87 | op=SEND_HEARTBEAT {datanodeUUID=dc75a801-41d0-4005-9753-f538f4cd9742, command=[]} | ret=SUCCESS |  
2019-08-24 03:33:52,936 | INFO  | SCMAudit | user=jenkins1000 | ip=192.168.69.87 | op=SEND_HEARTBEAT {datanodeUUID=a923f5ad-f693-4fff-a7c9-30675751bb26, command=[]} | ret=SUCCESS |  
2019-08-24 03:33:52,947 | INFO  | SCMAudit | user=jenkins1000 | ip=192.168.69.87 | op=SEND_HEARTBEAT {datanodeUUID=dcc12217-51b2-406c-9e3d-e39da684196b, command=[]} | ret=SUCCESS |  
2019-08-24 03:33:52,953 | INFO  | SCMAudit | user=jenkins1000 | ip=192.168.69.87 | op=SEND_HEARTBEAT {datanodeUUID=a923f5ad-f693-4fff-a7c9-30675751bb26, command=[]} | ret=SUCCESS |  
2019-08-24 03:33:53,243 INFO  client.GrpcClientProtocolClient (GrpcClientProtocolClient.java:onNext(255)) - client-CBEB40DF06A6->dc75a801-41d0-4005-9753-f538f4cd9742: receive RaftClientReply:client-CBEB40DF06A6->dc75a801-41d0-4005-9753-f538f4cd9742@group-BB10C1A46019, cid=185, FAILED org.apache.ratis.protocol.NotLeaderException: Server dc75a801-41d0-4005-9753-f538f4cd9742 is not the leader (4f891048-4eaf-4b95-bfc9-bb119accb8ee:192.168.69.87:35872). Request must be sent to leader., logIndex=0, commits[dc75a801-41d0-4005-9753-f538f4cd9742:c16, a923f5ad-f693-4fff-a7c9-30675751bb26:c16, 4f891048-4eaf-4b95-bfc9-bb119accb8ee:c16]
2019-08-24 03:33:53,294 | INFO  | SCMAudit | user=jenkins1000 | ip=192.168.69.87 | op=SEND_HEARTBEAT {datanodeUUID=69d09fd6-b904-4e1e-8a2a-76bd34232c3f, command=[]} | ret=SUCCESS |  
2019-08-24 03:33:53,515 | INFO  | SCMAudit | user=jenkins1000 | ip=192.168.69.87 | op=SEND_HEARTBEAT {datanodeUUID=effec267-9718-4f52-949a-788aed2f64c8, command=[]} | ret=SUCCESS |  
2019-08-24 03:33:53,736 | INFO  | SCMAudit | user=jenkins1000 | ip=192.168.69.87 | op=SEND_HEARTBEAT {datanodeUUID=0f6d25e7-ce21-4fce-8b55-97dd0a754253, command=[]} | ret=SUCCESS |  
2019-08-24 03:33:53,935 | INFO  | SCMAudit | user=jenkins1000 | ip=192.168.69.87 | op=SEND_HEARTBEAT {datanodeUUID=dc75a801-41d0-4005-9753-f538f4cd9742, command=[]} | ret=SUCCESS |  
2019-08-24 03:33:53,947 | INFO  | SCMAudit | user=jenkins1000 | ip=192.168.69.87 | op=SEND_HEARTBEAT {datanodeUUID=dcc12217-51b2-406c-9e3d-e39da684196b, command=[]} | ret=SUCCESS |  
2019-08-24 03:33:53,953 | INFO  | SCMAudit | user=jenkins1000 | ip=192.168.69.87 | op=SEND_HEARTBEAT {datanodeUUID=a923f5ad-f693-4fff-a7c9-30675751bb26, command=[]} | ret=SUCCESS |  
2019-08-24 03:33:54,269 INFO  client.GrpcClientProtocolClient (GrpcClientProtocolClient.java:onNext(255)) - client-CBEB40DF06A6->dc75a801-41d0-4005-9753-f538f4cd9742: receive RaftClientReply:client-CBEB40DF06A6->dc75a801-41d0-4005-9753-f538f4cd9742@group-BB10C1A46019, cid=185, FAILED org.apache.ratis.protocol.NotLeaderException: Server dc75a801-41d0-4005-9753-f538f4cd9742 is not the leader (4f891048-4eaf-4b95-bfc9-bb119accb8ee:192.168.69.87:35872). Request must be sent to leader., logIndex=0, commits[dc75a801-41d0-4005-9753-f538f4cd9742:c16, a923f5ad-f693-4fff-a7c9-30675751bb26:c16, 4f891048-4eaf-4b95-bfc9-bb119accb8ee:c16]
2019-08-24 03:33:54,294 | INFO  | SCMAudit | user=jenkins1000 | ip=192.168.69.87 | op=SEND_HEARTBEAT {datanodeUUID=69d09fd6-b904-4e1e-8a2a-76bd34232c3f, command=[]} | ret=SUCCESS |  
2019-08-24 03:33:54,515 | INFO  | SCMAudit | user=jenkins1000 | ip=192.168.69.87 | op=SEND_HEARTBEAT {datanodeUUID=effec267-9718-4f52-949a-788aed2f64c8, command=[]} | ret=SUCCESS |  
2019-08-24 03:33:54,736 | INFO  | SCMAudit | user=jenkins1000 | ip=192.168.69.87 | op=SEND_HEARTBEAT {datanodeUUID=0f6d25e7-ce21-4fce-8b55-97dd0a754253, command=[]} | ret=SUCCESS |  
2019-08-24 03:33:54,935 | INFO  | SCMAudit | user=jenkins1000 | ip=192.168.69.87 | op=SEND_HEARTBEAT {datanodeUUID=dc75a801-41d0-4005-9753-f538f4cd9742, command=[]} | ret=SUCCESS |  
2019-08-24 03:33:54,946 | INFO  | SCMAudit | user=jenkins1000 | ip=192.168.69.87 | op=SEND_HEARTBEAT {datanodeUUID=dcc12217-51b2-406c-9e3d-e39da684196b, command=[]} | ret=SUCCESS |  
2019-08-24 03:33:54,953 | INFO  | SCMAudit | user=jenkins1000 | ip=192.168.69.87 | op=SEND_HEARTBEAT {datanodeUUID=a923f5ad-f693-4fff-a7c9-30675751bb26, command=[]} | ret=SUCCESS |  
2019-08-24 03:33:55,290 INFO  client.GrpcClientProtocolClient (GrpcClientProtocolClient.java:onNext(255)) - client-CBEB40DF06A6->a923f5ad-f693-4fff-a7c9-30675751bb26: receive RaftClientReply:client-CBEB40DF06A6->a923f5ad-f693-4fff-a7c9-30675751bb26@group-BB10C1A46019, cid=185, FAILED org.apache.ratis.protocol.NotLeaderException: Server a923f5ad-f693-4fff-a7c9-30675751bb26 is not the leader (4f891048-4eaf-4b95-bfc9-bb119accb8ee:192.168.69.87:35872). Request must be sent to leader., logIndex=0, commits[a923f5ad-f693-4fff-a7c9-30675751bb26:c16, dc75a801-41d0-4005-9753-f538f4cd9742:c16, 4f891048-4eaf-4b95-bfc9-bb119accb8ee:c16]
2019-08-24 03:33:55,294 | INFO  | SCMAudit | user=jenkins1000 | ip=192.168.69.87 | op=SEND_HEARTBEAT {datanodeUUID=69d09fd6-b904-4e1e-8a2a-76bd34232c3f, command=[]} | ret=SUCCESS |  
2019-08-24 03:33:55,515 | INFO  | SCMAudit | user=jenkins1000 | ip=192.168.69.87 | op=SEND_HEARTBEAT {datanodeUUID=effec267-9718-4f52-949a-788aed2f64c8, command=[]} | ret=SUCCESS |  
2019-08-24 03:33:55,736 | INFO  | SCMAudit | user=jenkins1000 | ip=192.168.69.87 | op=SEND_HEARTBEAT {datanodeUUID=0f6d25e7-ce21-4fce-8b55-97dd0a754253, command=[]} | ret=SUCCESS |  
2019-08-24 03:33:55,935 | INFO  | SCMAudit | user=jenkins1000 | ip=192.168.69.87 | op=SEND_HEARTBEAT {datanodeUUID=dc75a801-41d0-4005-9753-f538f4cd9742, command=[]} | ret=SUCCESS |  
2019-08-24 03:33:55,947 | INFO  | SCMAudit | user=jenkins1000 | ip=192.168.69.87 | op=SEND_HEARTBEAT {datanodeUUID=dcc12217-51b2-406c-9e3d-e39da684196b, command=[]} | ret=SUCCESS |  
2019-08-24 03:33:55,953 | INFO  | SCMAudit | user=jenkins1000 | ip=192.168.69.87 | op=SEND_HEARTBEAT {datanodeUUID=a923f5ad-f693-4fff-a7c9-30675751bb26, command=[]} | ret=SUCCESS |  
2019-08-24 03:33:56,294 | INFO  | SCMAudit | user=jenkins1000 | ip=192.168.69.87 | op=SEND_HEARTBEAT {datanodeUUID=69d09fd6-b904-4e1e-8a2a-76bd34232c3f, command=[]} | ret=SUCCESS |  
2019-08-24 03:33:56,302 INFO  client.GrpcClientProtocolClient (GrpcClientProtocolClient.java:onNext(255)) - client-CBEB40DF06A6->a923f5ad-f693-4fff-a7c9-30675751bb26: receive RaftClientReply:client-CBEB40DF06A6->a923f5ad-f693-4fff-a7c9-30675751bb26@group-BB10C1A46019, cid=185, FAILED org.apache.ratis.protocol.NotLeaderException: Server a923f5ad-f693-4fff-a7c9-30675751bb26 is not the leader (4f891048-4eaf-4b95-bfc9-bb119accb8ee:192.168.69.87:35872). Request must be sent to leader., logIndex=0, commits[a923f5ad-f693-4fff-a7c9-30675751bb26:c16, dc75a801-41d0-4005-9753-f538f4cd9742:c16, 4f891048-4eaf-4b95-bfc9-bb119accb8ee:c16]
2019-08-24 03:33:56,515 | INFO  | SCMAudit | user=jenkins1000 | ip=192.168.69.87 | op=SEND_HEARTBEAT {datanodeUUID=effec267-9718-4f52-949a-788aed2f64c8, command=[]} | ret=SUCCESS |  
2019-08-24 03:33:56,736 | INFO  | SCMAudit | user=jenkins1000 | ip=192.168.69.87 | op=SEND_HEARTBEAT {datanodeUUID=0f6d25e7-ce21-4fce-8b55-97dd0a754253, command=[]} | ret=SUCCESS |  
2019-08-24 03:33:56,935 | INFO  | SCMAudit | user=jenkins1000 | ip=192.168.69.87 | op=SEND_HEARTBEAT {datanodeUUID=dc75a801-41d0-4005-9753-f538f4cd9742, command=[]} | ret=SUCCESS |  
2019-08-24 03:33:56,947 | INFO  | SCMAudit | user=jenkins1000 | ip=192.168.69.87 | op=SEND_HEARTBEAT {datanodeUUID=dcc12217-51b2-406c-9e3d-e39da684196b, command=[]} | ret=SUCCESS |  
2019-08-24 03:33:56,953 | INFO  | SCMAudit | user=jenkins1000 | ip=192.168.69.87 | op=SEND_HEARTBEAT {datanodeUUID=a923f5ad-f693-4fff-a7c9-30675751bb26, command=[]} | ret=SUCCESS |  
2019-08-24 03:33:57,294 | INFO  | SCMAudit | user=jenkins1000 | ip=192.168.69.87 | op=SEND_HEARTBEAT {datanodeUUID=69d09fd6-b904-4e1e-8a2a-76bd34232c3f, command=[]} | ret=SUCCESS |  
2019-08-24 03:33:57,317 INFO  client.GrpcClientProtocolClient (GrpcClientProtocolClient.java:onNext(255)) - client-CBEB40DF06A6->a923f5ad-f693-4fff-a7c9-30675751bb26: receive RaftClientReply:client-CBEB40DF06A6->a923f5ad-f693-4fff-a7c9-30675751bb26@group-BB10C1A46019, cid=185, FAILED org.apache.ratis.protocol.NotLeaderException: Server a923f5ad-f693-4fff-a7c9-30675751bb26 is not the leader (4f891048-4eaf-4b95-bfc9-bb119accb8ee:192.168.69.87:35872). Request must be sent to leader., logIndex=0, commits[a923f5ad-f693-4fff-a7c9-30675751bb26:c16, dc75a801-41d0-4005-9753-f538f4cd9742:c16, 4f891048-4eaf-4b95-bfc9-bb119accb8ee:c16]
2019-08-24 03:33:57,517 | INFO  | SCMAudit | user=jenkins1000 | ip=192.168.69.87 | op=SEND_HEARTBEAT {datanodeUUID=effec267-9718-4f52-949a-788aed2f64c8, command=[]} | ret=SUCCESS |  
2019-08-24 03:33:57,736 | INFO  | SCMAudit | user=jenkins1000 | ip=192.168.69.87 | op=SEND_HEARTBEAT {datanodeUUID=0f6d25e7-ce21-4fce-8b55-97dd0a754253, command=[]} | ret=SUCCESS |  
2019-08-24 03:33:57,935 | INFO  | SCMAudit | user=jenkins1000 | ip=192.168.69.87 | op=SEND_HEARTBEAT {datanodeUUID=dc75a801-41d0-4005-9753-f538f4cd9742, command=[]} | ret=SUCCESS |  
2019-08-24 03:33:57,947 | INFO  | SCMAudit | user=jenkins1000 | ip=192.168.69.87 | op=SEND_HEARTBEAT {datanodeUUID=dcc12217-51b2-406c-9e3d-e39da684196b, command=[]} | ret=SUCCESS |  
2019-08-24 03:33:57,953 | INFO  | SCMAudit | user=jenkins1000 | ip=192.168.69.87 | op=SEND_HEARTBEAT {datanodeUUID=a923f5ad-f693-4fff-a7c9-30675751bb26, command=[]} | ret=SUCCESS |  
2019-08-24 03:33:58,294 | INFO  | SCMAudit | user=jenkins1000 | ip=192.168.69.87 | op=SEND_HEARTBEAT {datanodeUUID=69d09fd6-b904-4e1e-8a2a-76bd34232c3f, command=[]} | ret=SUCCESS |  
2019-08-24 03:33:58,333 INFO  client.GrpcClientProtocolClient (GrpcClientProtocolClient.java:onNext(255)) - client-CBEB40DF06A6->dc75a801-41d0-4005-9753-f538f4cd9742: receive RaftClientReply:client-CBEB40DF06A6->dc75a801-41d0-4005-9753-f538f4cd9742@group-BB10C1A46019, cid=185, FAILED org.apache.ratis.protocol.NotLeaderException: Server dc75a801-41d0-4005-9753-f538f4cd9742 is not the leader (4f891048-4eaf-4b95-bfc9-bb119accb8ee:192.168.69.87:35872). Request must be sent to leader., logIndex=0, commits[dc75a801-41d0-4005-9753-f538f4cd9742:c16, a923f5ad-f693-4fff-a7c9-30675751bb26:c16, 4f891048-4eaf-4b95-bfc9-bb119accb8ee:c16]
2019-08-24 03:33:58,515 | INFO  | SCMAudit | user=jenkins1000 | ip=192.168.69.87 | op=SEND_HEARTBEAT {datanodeUUID=effec267-9718-4f52-949a-788aed2f64c8, command=[]} | ret=SUCCESS |  
2019-08-24 03:33:58,737 | INFO  | SCMAudit | user=jenkins1000 | ip=192.168.69.87 | op=SEND_HEARTBEAT {datanodeUUID=0f6d25e7-ce21-4fce-8b55-97dd0a754253, command=[]} | ret=SUCCESS |  
2019-08-24 03:33:58,935 | INFO  | SCMAudit | user=jenkins1000 | ip=192.168.69.87 | op=SEND_HEARTBEAT {datanodeUUID=dc75a801-41d0-4005-9753-f538f4cd9742, command=[]} | ret=SUCCESS |  
2019-08-24 03:33:58,947 | INFO  | SCMAudit | user=jenkins1000 | ip=192.168.69.87 | op=SEND_HEARTBEAT {datanodeUUID=dcc12217-51b2-406c-9e3d-e39da684196b, command=[]} | ret=SUCCESS |  
2019-08-24 03:33:58,952 | INFO  | SCMAudit | user=jenkins1000 | ip=192.168.69.87 | op=SEND_HEARTBEAT {datanodeUUID=a923f5ad-f693-4fff-a7c9-30675751bb26, command=[]} | ret=SUCCESS |  
2019-08-24 03:33:59,294 | INFO  | SCMAudit | user=jenkins1000 | ip=192.168.69.87 | op=SEND_HEARTBEAT {datanodeUUID=69d09fd6-b904-4e1e-8a2a-76bd34232c3f, command=[]} | ret=SUCCESS |  
2019-08-24 03:33:59,349 INFO  client.GrpcClientProtocolClient (GrpcClientProtocolClient.java:onNext(255)) - client-CBEB40DF06A6->dc75a801-41d0-4005-9753-f538f4cd9742: receive RaftClientReply:client-CBEB40DF06A6->dc75a801-41d0-4005-9753-f538f4cd9742@group-BB10C1A46019, cid=185, FAILED org.apache.ratis.protocol.NotLeaderException: Server dc75a801-41d0-4005-9753-f538f4cd9742 is not the leader (4f891048-4eaf-4b95-bfc9-bb119accb8ee:192.168.69.87:35872). Request must be sent to leader., logIndex=0, commits[dc75a801-41d0-4005-9753-f538f4cd9742:c16, a923f5ad-f693-4fff-a7c9-30675751bb26:c16, 4f891048-4eaf-4b95-bfc9-bb119accb8ee:c16]
2019-08-24 03:33:59,515 | INFO  | SCMAudit | user=jenkins1000 | ip=192.168.69.87 | op=SEND_HEARTBEAT {datanodeUUID=effec267-9718-4f52-949a-788aed2f64c8, command=[]} | ret=SUCCESS |  
2019-08-24 03:33:59,737 | INFO  | SCMAudit | user=jenkins1000 | ip=192.168.69.87 | op=SEND_HEARTBEAT {datanodeUUID=0f6d25e7-ce21-4fce-8b55-97dd0a754253, command=[]} | ret=SUCCESS |  
2019-08-24 03:33:59,935 | INFO  | SCMAudit | user=jenkins1000 | ip=192.168.69.87 | op=SEND_HEARTBEAT {datanodeUUID=dc75a801-41d0-4005-9753-f538f4cd9742, command=[]} | ret=SUCCESS |  
2019-08-24 03:33:59,947 | INFO  | SCMAudit | user=jenkins1000 | ip=192.168.69.87 | op=SEND_HEARTBEAT {datanodeUUID=dcc12217-51b2-406c-9e3d-e39da684196b, command=[]} | ret=SUCCESS |  
2019-08-24 03:33:59,953 | INFO  | SCMAudit | user=jenkins1000 | ip=192.168.69.87 | op=SEND_HEARTBEAT {datanodeUUID=a923f5ad-f693-4fff-a7c9-30675751bb26, command=[]} | ret=SUCCESS |  
2019-08-24 03:34:00,294 | INFO  | SCMAudit | user=jenkins1000 | ip=192.168.69.87 | op=SEND_HEARTBEAT {datanodeUUID=69d09fd6-b904-4e1e-8a2a-76bd34232c3f, command=[]} | ret=SUCCESS |  
2019-08-24 03:34:00,363 INFO  client.GrpcClientProtocolClient (GrpcClientProtocolClient.java:onNext(255)) - client-CBEB40DF06A6->a923f5ad-f693-4fff-a7c9-30675751bb26: receive RaftClientReply:client-CBEB40DF06A6->a923f5ad-f693-4fff-a7c9-30675751bb26@group-BB10C1A46019, cid=185, FAILED org.apache.ratis.protocol.NotLeaderException: Server a923f5ad-f693-4fff-a7c9-30675751bb26 is not the leader (4f891048-4eaf-4b95-bfc9-bb119accb8ee:192.168.69.87:35872). Request must be sent to leader., logIndex=0, commits[a923f5ad-f693-4fff-a7c9-30675751bb26:c16, dc75a801-41d0-4005-9753-f538f4cd9742:c16, 4f891048-4eaf-4b95-bfc9-bb119accb8ee:c16]
2019-08-24 03:34:00,515 | INFO  | SCMAudit | user=jenkins1000 | ip=192.168.69.87 | op=SEND_HEARTBEAT {datanodeUUID=effec267-9718-4f52-949a-788aed2f64c8, command=[]} | ret=SUCCESS |  
2019-08-24 03:34:00,738 | INFO  | SCMAudit | user=jenkins1000 | ip=192.168.69.87 | op=SEND_HEARTBEAT {datanodeUUID=0f6d25e7-ce21-4fce-8b55-97dd0a754253, command=[]} | ret=SUCCESS |  
2019-08-24 03:34:00,816 INFO  impl.FollowerState (FollowerState.java:run(106)) - a923f5ad-f693-4fff-a7c9-30675751bb26:group-BB10C1A46019 changes to CANDIDATE, lastRpcTime:9670, electionTimeout:5002ms
2019-08-24 03:34:00,816 INFO  impl.RoleInfo (RoleInfo.java:shutdownFollowerState(121)) - a923f5ad-f693-4fff-a7c9-30675751bb26: shutdown FollowerState
2019-08-24 03:34:00,816 INFO  impl.RaftServerImpl (RaftServerImpl.java:setRole(171)) - a923f5ad-f693-4fff-a7c9-30675751bb26:group-BB10C1A46019 changes role from FOLLOWER to CANDIDATE at term 1 for changeToCandidate
2019-08-24 03:34:00,817 INFO  impl.RoleInfo (RoleInfo.java:updateAndGet(143)) - a923f5ad-f693-4fff-a7c9-30675751bb26: start LeaderElection
2019-08-24 03:34:00,825 INFO  impl.RaftServerImpl (ServerState.java:setLeader(263)) - a923f5ad-f693-4fff-a7c9-30675751bb26:group-BB10C1A46019 change Leader from 4f891048-4eaf-4b95-bfc9-bb119accb8ee to null at term 1 for initElection
2019-08-24 03:34:00,839 INFO  impl.LeaderElection (LeaderElection.java:askForVotes(181)) - a923f5ad-f693-4fff-a7c9-30675751bb26:group-BB10C1A46019:LeaderElection80: begin an election at term 2 for 0: [a923f5ad-f693-4fff-a7c9-30675751bb26:192.168.69.87:34349, dc75a801-41d0-4005-9753-f538f4cd9742:192.168.69.87:37626, 4f891048-4eaf-4b95-bfc9-bb119accb8ee:192.168.69.87:35872], old=null
2019-08-24 03:34:00,841 INFO  impl.LeaderElection (LogUtils.java:infoOrTrace(149)) - a923f5ad-f693-4fff-a7c9-30675751bb26:group-BB10C1A46019:LeaderElection80 got exception when requesting votes: {}
java.util.concurrent.ExecutionException: org.apache.ratis.thirdparty.io.grpc.StatusRuntimeException: UNAVAILABLE: io exception
	at java.util.concurrent.FutureTask.report(FutureTask.java:122)
	at java.util.concurrent.FutureTask.get(FutureTask.java:192)
	at org.apache.ratis.server.impl.LeaderElection.waitForResults(LeaderElection.java:262)
	at org.apache.ratis.server.impl.LeaderElection.askForVotes(LeaderElection.java:200)
	at org.apache.ratis.server.impl.LeaderElection.run(LeaderElection.java:130)
	at java.lang.Thread.run(Thread.java:748)
Caused by: org.apache.ratis.thirdparty.io.grpc.StatusRuntimeException: UNAVAILABLE: io exception
	at org.apache.ratis.thirdparty.io.grpc.stub.ClientCalls.toStatusRuntimeException(ClientCalls.java:233)
	at org.apache.ratis.thirdparty.io.grpc.stub.ClientCalls.getUnchecked(ClientCalls.java:214)
	at org.apache.ratis.thirdparty.io.grpc.stub.ClientCalls.blockingUnaryCall(ClientCalls.java:139)
	at org.apache.ratis.proto.grpc.RaftServerProtocolServiceGrpc$RaftServerProtocolServiceBlockingStub.requestVote(RaftServerProtocolServiceGrpc.java:265)
	at org.apache.ratis.grpc.server.GrpcServerProtocolClient.requestVote(GrpcServerProtocolClient.java:83)
	at org.apache.ratis.grpc.server.GrpcService.requestVote(GrpcService.java:195)
	at org.apache.ratis.server.impl.LeaderElection.lambda$submitRequests$1(LeaderElection.java:237)
	at java.util.concurrent.FutureTask.run(FutureTask.java:266)
	at java.util.concurrent.Executors$RunnableAdapter.call(Executors.java:511)
	at java.util.concurrent.FutureTask.run(FutureTask.java:266)
	at java.util.concurrent.ThreadPoolExecutor.runWorker(ThreadPoolExecutor.java:1149)
	at java.util.concurrent.ThreadPoolExecutor$Worker.run(ThreadPoolExecutor.java:624)
	... 1 more
Caused by: org.apache.ratis.thirdparty.io.netty.channel.AbstractChannel$AnnotatedConnectException: Connection refused: /192.168.69.87:35872
	at sun.nio.ch.SocketChannelImpl.checkConnect(Native Method)
	at sun.nio.ch.SocketChannelImpl.finishConnect(SocketChannelImpl.java:717)
	at org.apache.ratis.thirdparty.io.netty.channel.socket.nio.NioSocketChannel.doFinishConnect(NioSocketChannel.java:327)
	at org.apache.ratis.thirdparty.io.netty.channel.nio.AbstractNioChannel$AbstractNioUnsafe.finishConnect(AbstractNioChannel.java:340)
	at org.apache.ratis.thirdparty.io.netty.channel.nio.NioEventLoop.processSelectedKey(NioEventLoop.java:632)
	at org.apache.ratis.thirdparty.io.netty.channel.nio.NioEventLoop.processSelectedKeysOptimized(NioEventLoop.java:579)
	at org.apache.ratis.thirdparty.io.netty.channel.nio.NioEventLoop.processSelectedKeys(NioEventLoop.java:496)
	at org.apache.ratis.thirdparty.io.netty.channel.nio.NioEventLoop.run(NioEventLoop.java:458)
	at org.apache.ratis.thirdparty.io.netty.util.concurrent.SingleThreadEventExecutor$5.run(SingleThreadEventExecutor.java:897)
	at org.apache.ratis.thirdparty.io.netty.util.concurrent.FastThreadLocalRunnable.run(FastThreadLocalRunnable.java:30)
	... 1 more
Caused by: java.net.ConnectException: Connection refused
	... 11 more
2019-08-24 03:34:00,844 INFO  impl.RaftServerImpl (ServerState.java:setLeader(263)) - dc75a801-41d0-4005-9753-f538f4cd9742:group-BB10C1A46019 change Leader from 4f891048-4eaf-4b95-bfc9-bb119accb8ee to null at term 2 for updateCurrentTerm
2019-08-24 03:34:00,844 INFO  impl.RaftServerImpl (RaftServerImpl.java:setRole(171)) - dc75a801-41d0-4005-9753-f538f4cd9742:group-BB10C1A46019 changes role from FOLLOWER to FOLLOWER at term 2 for recognizeCandidate:a923f5ad-f693-4fff-a7c9-30675751bb26
2019-08-24 03:34:00,844 INFO  impl.RoleInfo (RoleInfo.java:shutdownFollowerState(121)) - dc75a801-41d0-4005-9753-f538f4cd9742: shutdown FollowerState
2019-08-24 03:34:00,845 INFO  impl.RoleInfo (RoleInfo.java:updateAndGet(143)) - dc75a801-41d0-4005-9753-f538f4cd9742: start FollowerState
2019-08-24 03:34:00,845 INFO  impl.FollowerState (FollowerState.java:run(114)) - dc75a801-41d0-4005-9753-f538f4cd9742: FollowerState was interrupted: java.lang.InterruptedException: sleep interrupted
2019-08-24 03:34:00,861 INFO  impl.LeaderElection (LeaderElection.java:logAndReturn(56)) - a923f5ad-f693-4fff-a7c9-30675751bb26:group-BB10C1A46019:LeaderElection80: Election PASSED; received 1 response(s) [a923f5ad-f693-4fff-a7c9-30675751bb26<-dc75a801-41d0-4005-9753-f538f4cd9742#0:OK-t2] and 1 exception(s); a923f5ad-f693-4fff-a7c9-30675751bb26:t2, leader=null, voted=a923f5ad-f693-4fff-a7c9-30675751bb26, raftlog=a923f5ad-f693-4fff-a7c9-30675751bb26-SegmentedRaftLog:OPENED:c16,f16,i16, conf=0: [a923f5ad-f693-4fff-a7c9-30675751bb26:192.168.69.87:34349, dc75a801-41d0-4005-9753-f538f4cd9742:192.168.69.87:37626, 4f891048-4eaf-4b95-bfc9-bb119accb8ee:192.168.69.87:35872], old=null
2019-08-24 03:34:00,861 INFO  impl.LeaderElection (LogUtils.java:infoOrTrace(149)) -   Exception 0: {}
java.util.concurrent.ExecutionException: org.apache.ratis.thirdparty.io.grpc.StatusRuntimeException: UNAVAILABLE: io exception
	at java.util.concurrent.FutureTask.report(FutureTask.java:122)
	at java.util.concurrent.FutureTask.get(FutureTask.java:192)
	at org.apache.ratis.server.impl.LeaderElection.waitForResults(LeaderElection.java:262)
	at org.apache.ratis.server.impl.LeaderElection.askForVotes(LeaderElection.java:200)
	at org.apache.ratis.server.impl.LeaderElection.run(LeaderElection.java:130)
	at java.lang.Thread.run(Thread.java:748)
Caused by: org.apache.ratis.thirdparty.io.grpc.StatusRuntimeException: UNAVAILABLE: io exception
	at org.apache.ratis.thirdparty.io.grpc.stub.ClientCalls.toStatusRuntimeException(ClientCalls.java:233)
	at org.apache.ratis.thirdparty.io.grpc.stub.ClientCalls.getUnchecked(ClientCalls.java:214)
	at org.apache.ratis.thirdparty.io.grpc.stub.ClientCalls.blockingUnaryCall(ClientCalls.java:139)
	at org.apache.ratis.proto.grpc.RaftServerProtocolServiceGrpc$RaftServerProtocolServiceBlockingStub.requestVote(RaftServerProtocolServiceGrpc.java:265)
	at org.apache.ratis.grpc.server.GrpcServerProtocolClient.requestVote(GrpcServerProtocolClient.java:83)
	at org.apache.ratis.grpc.server.GrpcService.requestVote(GrpcService.java:195)
	at org.apache.ratis.server.impl.LeaderElection.lambda$submitRequests$1(LeaderElection.java:237)
	at java.util.concurrent.FutureTask.run(FutureTask.java:266)
	at java.util.concurrent.Executors$RunnableAdapter.call(Executors.java:511)
	at java.util.concurrent.FutureTask.run(FutureTask.java:266)
	at java.util.concurrent.ThreadPoolExecutor.runWorker(ThreadPoolExecutor.java:1149)
	at java.util.concurrent.ThreadPoolExecutor$Worker.run(ThreadPoolExecutor.java:624)
	... 1 more
Caused by: org.apache.ratis.thirdparty.io.netty.channel.AbstractChannel$AnnotatedConnectException: Connection refused: /192.168.69.87:35872
	at sun.nio.ch.SocketChannelImpl.checkConnect(Native Method)
	at sun.nio.ch.SocketChannelImpl.finishConnect(SocketChannelImpl.java:717)
	at org.apache.ratis.thirdparty.io.netty.channel.socket.nio.NioSocketChannel.doFinishConnect(NioSocketChannel.java:327)
	at org.apache.ratis.thirdparty.io.netty.channel.nio.AbstractNioChannel$AbstractNioUnsafe.finishConnect(AbstractNioChannel.java:340)
	at org.apache.ratis.thirdparty.io.netty.channel.nio.NioEventLoop.processSelectedKey(NioEventLoop.java:632)
	at org.apache.ratis.thirdparty.io.netty.channel.nio.NioEventLoop.processSelectedKeysOptimized(NioEventLoop.java:579)
	at org.apache.ratis.thirdparty.io.netty.channel.nio.NioEventLoop.processSelectedKeys(NioEventLoop.java:496)
	at org.apache.ratis.thirdparty.io.netty.channel.nio.NioEventLoop.run(NioEventLoop.java:458)
	at org.apache.ratis.thirdparty.io.netty.util.concurrent.SingleThreadEventExecutor$5.run(SingleThreadEventExecutor.java:897)
	at org.apache.ratis.thirdparty.io.netty.util.concurrent.FastThreadLocalRunnable.run(FastThreadLocalRunnable.java:30)
	... 1 more
Caused by: java.net.ConnectException: Connection refused
	... 11 more
2019-08-24 03:34:00,861 INFO  impl.RoleInfo (RoleInfo.java:shutdownLeaderElection(134)) - a923f5ad-f693-4fff-a7c9-30675751bb26: shutdown LeaderElection
2019-08-24 03:34:00,861 INFO  impl.RaftServerImpl (RaftServerImpl.java:setRole(171)) - a923f5ad-f693-4fff-a7c9-30675751bb26:group-BB10C1A46019 changes role from CANDIDATE to LEADER at term 2 for changeToLeader
2019-08-24 03:34:00,861 INFO  impl.RaftServerImpl (ServerState.java:setLeader(263)) - a923f5ad-f693-4fff-a7c9-30675751bb26:group-BB10C1A46019 change Leader from null to a923f5ad-f693-4fff-a7c9-30675751bb26 at term 2 for becomeLeader, leader elected after 36ms
2019-08-24 03:34:00,861 INFO  server.RaftServerConfigKeys (ConfUtils.java:logGet(43)) - raft.server.staging.catchup.gap = 1000 (default)
2019-08-24 03:34:00,862 INFO  server.RaftServerConfigKeys (ConfUtils.java:logGet(43)) - raft.server.rpc.sleep.time = 25ms (default)
2019-08-24 03:34:00,862 INFO  server.RaftServerConfigKeys (ConfUtils.java:logGet(43)) - raft.server.write.element-limit = 4096 (default)
2019-08-24 03:34:00,862 INFO  server.RaftServerConfigKeys (ConfUtils.java:logGet(43)) - raft.server.watch.timeout = 10s (default)
2019-08-24 03:34:00,862 INFO  server.RaftServerConfigKeys (ConfUtils.java:logGet(43)) - raft.server.watch.timeout.denomination = 1s (default)
2019-08-24 03:34:00,862 INFO  server.RaftServerConfigKeys (ConfUtils.java:logGet(43)) - raft.server.watch.element-limit = 65536 (default)
2019-08-24 03:34:00,862 INFO  server.RaftServerConfigKeys (ConfUtils.java:logGet(43)) - raft.server.log.appender.snapshot.chunk.size.max = 16MB (=16777216) (default)
2019-08-24 03:34:00,863 INFO  server.RaftServerConfigKeys (ConfUtils.java:logGet(43)) - raft.server.log.appender.buffer.byte-limit = 33554432 (custom)
2019-08-24 03:34:00,863 INFO  server.RaftServerConfigKeys (ConfUtils.java:logGet(43)) - raft.server.log.appender.buffer.element-limit = 1 (custom)
2019-08-24 03:34:00,863 INFO  grpc.GrpcConfigKeys$Server (ConfUtils.java:logGet(43)) - raft.grpc.server.leader.outstanding.appends.max = 128 (default)
2019-08-24 03:34:00,863 INFO  server.RaftServerConfigKeys (ConfUtils.java:logGet(43)) - raft.server.rpc.request.timeout = 3000ms (default)
2019-08-24 03:34:00,863 INFO  server.RaftServerConfigKeys (ConfUtils.java:logGet(43)) - raft.server.log.appender.install.snapshot.enabled = false (custom)
2019-08-24 03:34:00,863 INFO  server.RaftServerConfigKeys (ConfUtils.java:logGet(43)) - raft.server.log.appender.snapshot.chunk.size.max = 16MB (=16777216) (default)
2019-08-24 03:34:00,864 INFO  server.RaftServerConfigKeys (ConfUtils.java:logGet(43)) - raft.server.log.appender.buffer.byte-limit = 33554432 (custom)
2019-08-24 03:34:00,864 INFO  server.RaftServerConfigKeys (ConfUtils.java:logGet(43)) - raft.server.log.appender.buffer.element-limit = 1 (custom)
2019-08-24 03:34:00,864 INFO  grpc.GrpcConfigKeys$Server (ConfUtils.java:logGet(43)) - raft.grpc.server.leader.outstanding.appends.max = 128 (default)
2019-08-24 03:34:00,864 INFO  server.RaftServerConfigKeys (ConfUtils.java:logGet(43)) - raft.server.rpc.request.timeout = 3000ms (default)
2019-08-24 03:34:00,864 INFO  server.RaftServerConfigKeys (ConfUtils.java:logGet(43)) - raft.server.log.appender.install.snapshot.enabled = false (custom)
2019-08-24 03:34:00,864 INFO  impl.RoleInfo (RoleInfo.java:updateAndGet(143)) - a923f5ad-f693-4fff-a7c9-30675751bb26: start LeaderState
2019-08-24 03:34:00,865 INFO  segmented.SegmentedRaftLogWorker (SegmentedRaftLogWorker.java:rollLogSegment(385)) - a923f5ad-f693-4fff-a7c9-30675751bb26-SegmentedRaftLogWorker:Storage Directory /workdir/hadoop-ozone/integration-test/target/test-dir/MiniOzoneClusterImpl-581dd6e5-c089-4ac1-8c4d-803d6bc9a32c/datanode-4/data/ratis/7e47367f-e49e-406a-bd31-bb10c1a46019: Rolling segment log-0_16 to index:16
2019-08-24 03:34:00,865 INFO  segmented.SegmentedRaftLogWorker (SegmentedRaftLogWorker.java:execute(526)) - a923f5ad-f693-4fff-a7c9-30675751bb26-SegmentedRaftLogWorker:Storage Directory /workdir/hadoop-ozone/integration-test/target/test-dir/MiniOzoneClusterImpl-581dd6e5-c089-4ac1-8c4d-803d6bc9a32c/datanode-4/data/ratis/7e47367f-e49e-406a-bd31-bb10c1a46019: Rolled log segment from /workdir/hadoop-ozone/integration-test/target/test-dir/MiniOzoneClusterImpl-581dd6e5-c089-4ac1-8c4d-803d6bc9a32c/datanode-4/data/ratis/7e47367f-e49e-406a-bd31-bb10c1a46019/current/log_inprogress_0 to /workdir/hadoop-ozone/integration-test/target/test-dir/MiniOzoneClusterImpl-581dd6e5-c089-4ac1-8c4d-803d6bc9a32c/datanode-4/data/ratis/7e47367f-e49e-406a-bd31-bb10c1a46019/current/log_0-16
2019-08-24 03:34:00,866 INFO  impl.RaftServerImpl (ServerState.java:setRaftConf(361)) - a923f5ad-f693-4fff-a7c9-30675751bb26:group-BB10C1A46019 set configuration 17: [a923f5ad-f693-4fff-a7c9-30675751bb26:192.168.69.87:34349, dc75a801-41d0-4005-9753-f538f4cd9742:192.168.69.87:37626, 4f891048-4eaf-4b95-bfc9-bb119accb8ee:192.168.69.87:35872], old=null at 17
2019-08-24 03:34:00,866 WARN  server.GrpcLogAppender (LogUtils.java:warn(134)) - a923f5ad-f693-4fff-a7c9-30675751bb26->4f891048-4eaf-4b95-bfc9-bb119accb8ee: Failed appendEntries: org.apache.ratis.thirdparty.io.grpc.StatusRuntimeException: UNAVAILABLE: io exception
2019-08-24 03:34:00,866 INFO  impl.FollowerInfo (FollowerInfo.java:lambda$new$0(50)) - a923f5ad-f693-4fff-a7c9-30675751bb26->4f891048-4eaf-4b95-bfc9-bb119accb8ee: nextIndex: updateUnconditionally 17 -> 1
2019-08-24 03:34:00,867 INFO  impl.RaftServerImpl (ServerState.java:setLeader(263)) - dc75a801-41d0-4005-9753-f538f4cd9742:group-BB10C1A46019 change Leader from null to a923f5ad-f693-4fff-a7c9-30675751bb26 at term 2 for appendEntries, leader elected after 22ms
2019-08-24 03:34:00,869 INFO  impl.RaftServerImpl (ServerState.java:setRaftConf(361)) - dc75a801-41d0-4005-9753-f538f4cd9742:group-BB10C1A46019 set configuration 17: [a923f5ad-f693-4fff-a7c9-30675751bb26:192.168.69.87:34349, dc75a801-41d0-4005-9753-f538f4cd9742:192.168.69.87:37626, 4f891048-4eaf-4b95-bfc9-bb119accb8ee:192.168.69.87:35872], old=null at 17
2019-08-24 03:34:00,869 INFO  segmented.SegmentedRaftLogWorker (SegmentedRaftLogWorker.java:rollLogSegment(385)) - dc75a801-41d0-4005-9753-f538f4cd9742-SegmentedRaftLogWorker:Storage Directory /workdir/hadoop-ozone/integration-test/target/test-dir/MiniOzoneClusterImpl-581dd6e5-c089-4ac1-8c4d-803d6bc9a32c/datanode-3/data/ratis/7e47367f-e49e-406a-bd31-bb10c1a46019: Rolling segment log-0_16 to index:16
2019-08-24 03:34:00,869 INFO  segmented.SegmentedRaftLogWorker (SegmentedRaftLogWorker.java:execute(526)) - dc75a801-41d0-4005-9753-f538f4cd9742-SegmentedRaftLogWorker:Storage Directory /workdir/hadoop-ozone/integration-test/target/test-dir/MiniOzoneClusterImpl-581dd6e5-c089-4ac1-8c4d-803d6bc9a32c/datanode-3/data/ratis/7e47367f-e49e-406a-bd31-bb10c1a46019: Rolled log segment from /workdir/hadoop-ozone/integration-test/target/test-dir/MiniOzoneClusterImpl-581dd6e5-c089-4ac1-8c4d-803d6bc9a32c/datanode-3/data/ratis/7e47367f-e49e-406a-bd31-bb10c1a46019/current/log_inprogress_0 to /workdir/hadoop-ozone/integration-test/target/test-dir/MiniOzoneClusterImpl-581dd6e5-c089-4ac1-8c4d-803d6bc9a32c/datanode-3/data/ratis/7e47367f-e49e-406a-bd31-bb10c1a46019/current/log_0-16
2019-08-24 03:34:00,911 INFO  segmented.SegmentedRaftLogWorker (SegmentedRaftLogWorker.java:execute(569)) - a923f5ad-f693-4fff-a7c9-30675751bb26-SegmentedRaftLogWorker:Storage Directory /workdir/hadoop-ozone/integration-test/target/test-dir/MiniOzoneClusterImpl-581dd6e5-c089-4ac1-8c4d-803d6bc9a32c/datanode-4/data/ratis/7e47367f-e49e-406a-bd31-bb10c1a46019: created new log segment /workdir/hadoop-ozone/integration-test/target/test-dir/MiniOzoneClusterImpl-581dd6e5-c089-4ac1-8c4d-803d6bc9a32c/datanode-4/data/ratis/7e47367f-e49e-406a-bd31-bb10c1a46019/current/log_inprogress_17
2019-08-24 03:34:00,911 INFO  segmented.SegmentedRaftLogWorker (SegmentedRaftLogWorker.java:execute(569)) - dc75a801-41d0-4005-9753-f538f4cd9742-SegmentedRaftLogWorker:Storage Directory /workdir/hadoop-ozone/integration-test/target/test-dir/MiniOzoneClusterImpl-581dd6e5-c089-4ac1-8c4d-803d6bc9a32c/datanode-3/data/ratis/7e47367f-e49e-406a-bd31-bb10c1a46019: created new log segment /workdir/hadoop-ozone/integration-test/target/test-dir/MiniOzoneClusterImpl-581dd6e5-c089-4ac1-8c4d-803d6bc9a32c/datanode-3/data/ratis/7e47367f-e49e-406a-bd31-bb10c1a46019/current/log_inprogress_17
2019-08-24 03:34:00,923 | INFO  | DNAudit | user=null | ip=null | op=READ_CHUNK {blockData=conID: 1 locID: 102669852461367310 bcsId: 0} | ret=SUCCESS |  
2019-08-24 03:34:00,926 WARN  server.GrpcLogAppender (LogUtils.java:warn(134)) - a923f5ad-f693-4fff-a7c9-30675751bb26->4f891048-4eaf-4b95-bfc9-bb119accb8ee: Failed appendEntries: org.apache.ratis.thirdparty.io.grpc.StatusRuntimeException: UNAVAILABLE: io exception
2019-08-24 03:34:00,926 INFO  impl.FollowerInfo (FollowerInfo.java:lambda$new$0(50)) - a923f5ad-f693-4fff-a7c9-30675751bb26->4f891048-4eaf-4b95-bfc9-bb119accb8ee: nextIndex: updateUnconditionally 2 -> 1
2019-08-24 03:34:00,931 WARN  server.GrpcLogAppender (LogUtils.java:warn(134)) - a923f5ad-f693-4fff-a7c9-30675751bb26->4f891048-4eaf-4b95-bfc9-bb119accb8ee: Failed appendEntries: org.apache.ratis.thirdparty.io.grpc.StatusRuntimeException: UNAVAILABLE: io exception
2019-08-24 03:34:00,931 INFO  impl.FollowerInfo (FollowerInfo.java:lambda$new$0(50)) - a923f5ad-f693-4fff-a7c9-30675751bb26->4f891048-4eaf-4b95-bfc9-bb119accb8ee: nextIndex: updateUnconditionally 2 -> 1
2019-08-24 03:34:00,935 | INFO  | SCMAudit | user=jenkins1000 | ip=192.168.69.87 | op=SEND_HEARTBEAT {datanodeUUID=dc75a801-41d0-4005-9753-f538f4cd9742, command=[]} | ret=SUCCESS |  
2019-08-24 03:34:00,947 | INFO  | SCMAudit | user=jenkins1000 | ip=192.168.69.87 | op=SEND_HEARTBEAT {datanodeUUID=dcc12217-51b2-406c-9e3d-e39da684196b, command=[]} | ret=SUCCESS |  
2019-08-24 03:34:00,953 | INFO  | SCMAudit | user=jenkins1000 | ip=192.168.69.87 | op=SEND_HEARTBEAT {datanodeUUID=a923f5ad-f693-4fff-a7c9-30675751bb26, command=[]} | ret=SUCCESS |  
2019-08-24 03:34:01,294 | INFO  | SCMAudit | user=jenkins1000 | ip=192.168.69.87 | op=SEND_HEARTBEAT {datanodeUUID=69d09fd6-b904-4e1e-8a2a-76bd34232c3f, command=[]} | ret=SUCCESS |  
2019-08-24 03:34:01,377 INFO  client.GrpcClientProtocolClient (GrpcClientProtocolClient.java:onNext(255)) - client-CBEB40DF06A6->dc75a801-41d0-4005-9753-f538f4cd9742: receive RaftClientReply:client-CBEB40DF06A6->dc75a801-41d0-4005-9753-f538f4cd9742@group-BB10C1A46019, cid=185, FAILED org.apache.ratis.protocol.NotLeaderException: Server dc75a801-41d0-4005-9753-f538f4cd9742 is not the leader (a923f5ad-f693-4fff-a7c9-30675751bb26:192.168.69.87:34349). Request must be sent to leader., logIndex=0, commits[dc75a801-41d0-4005-9753-f538f4cd9742:c17, a923f5ad-f693-4fff-a7c9-30675751bb26:c17, 4f891048-4eaf-4b95-bfc9-bb119accb8ee:c16]
2019-08-24 03:34:01,383 | ERROR | DNAudit | user=null | ip=null | op=WRITE_CHUNK {blockData=conID: 1 locID: 102669852461367310 bcsId: 14} | ret=FAILURE | org.apache.hadoop.hdds.scm.container.common.helpers.ContainerNotOpenException: Container 1 in CLOSING state
	at org.apache.hadoop.ozone.container.common.impl.HddsDispatcher.validateContainerCommand(HddsDispatcher.java:408)
	at org.apache.hadoop.ozone.container.common.transport.server.ratis.ContainerStateMachine.startTransaction(ContainerStateMachine.java:288) 
2019-08-24 03:34:01,393 INFO  client.GrpcClientProtocolClient (GrpcClientProtocolClient.java:onNext(255)) - client-CBEB40DF06A6->a923f5ad-f693-4fff-a7c9-30675751bb26: receive RaftClientReply:client-CBEB40DF06A6->a923f5ad-f693-4fff-a7c9-30675751bb26@group-BB10C1A46019, cid=185, FAILED org.apache.ratis.protocol.StateMachineException: org.apache.hadoop.hdds.scm.container.common.helpers.ContainerNotOpenException from Server a923f5ad-f693-4fff-a7c9-30675751bb26: Container 1 in CLOSING state, logIndex=0, commits[a923f5ad-f693-4fff-a7c9-30675751bb26:c18, dc75a801-41d0-4005-9753-f538f4cd9742:c17, 4f891048-4eaf-4b95-bfc9-bb119accb8ee:c16]
2019-08-24 03:34:01,394 | ERROR | DNAudit | user=null | ip=null | op=WRITE_CHUNK {blockData=conID: 1 locID: 102669852461367310 bcsId: 14} | ret=FAILURE | org.apache.hadoop.hdds.scm.container.common.helpers.ContainerNotOpenException: Container 1 in CLOSING state
	at org.apache.hadoop.ozone.container.common.impl.HddsDispatcher.validateContainerCommand(HddsDispatcher.java:408)
	at org.apache.hadoop.ozone.container.common.transport.server.ratis.ContainerStateMachine.startTransaction(ContainerStateMachine.java:288) 
2019-08-24 03:34:01,396 | ERROR | DNAudit | user=null | ip=null | op=PUT_BLOCK {blockData=[blockId=conID: 1 locID: 102669852461367310 bcsId: 0,size=650]} | ret=FAILURE | org.apache.hadoop.hdds.scm.container.common.helpers.ContainerNotOpenException: Container 1 in CLOSING state
	at org.apache.hadoop.ozone.container.common.impl.HddsDispatcher.validateContainerCommand(HddsDispatcher.java:408)
	at org.apache.hadoop.ozone.container.common.transport.server.ratis.ContainerStateMachine.startTransaction(ContainerStateMachine.java:288) 
2019-08-24 03:34:01,406 | ERROR | DNAudit | user=null | ip=null | op=WRITE_CHUNK {blockData=conID: 1 locID: 102669852461367310 bcsId: 14} | ret=FAILURE | org.apache.hadoop.hdds.scm.container.common.helpers.ContainerNotOpenException: Container 1 in CLOSING state
	at org.apache.hadoop.ozone.container.common.impl.HddsDispatcher.validateContainerCommand(HddsDispatcher.java:408)
	at org.apache.hadoop.ozone.container.common.transport.server.ratis.ContainerStateMachine.startTransaction(ContainerStateMachine.java:288) 
2019-08-24 03:34:01,409 INFO  client.GrpcClientProtocolClient (GrpcClientProtocolClient.java:onNext(255)) - client-CBEB40DF06A6->a923f5ad-f693-4fff-a7c9-30675751bb26: receive RaftClientReply:client-CBEB40DF06A6->a923f5ad-f693-4fff-a7c9-30675751bb26@group-BB10C1A46019, cid=186, FAILED org.apache.ratis.protocol.StateMachineException: org.apache.hadoop.hdds.scm.container.common.helpers.ContainerNotOpenException from Server a923f5ad-f693-4fff-a7c9-30675751bb26: Container 1 in CLOSING state, logIndex=0, commits[a923f5ad-f693-4fff-a7c9-30675751bb26:c18, dc75a801-41d0-4005-9753-f538f4cd9742:c17, 4f891048-4eaf-4b95-bfc9-bb119accb8ee:c16]
2019-08-24 03:34:01,410 | ERROR | DNAudit | user=null | ip=null | op=WRITE_CHUNK {blockData=conID: 1 locID: 102669852461367310 bcsId: 14} | ret=FAILURE | org.apache.hadoop.hdds.scm.container.common.helpers.ContainerNotOpenException: Container 1 in CLOSING state
	at org.apache.hadoop.ozone.container.common.impl.HddsDispatcher.validateContainerCommand(HddsDispatcher.java:408)
	at org.apache.hadoop.ozone.container.common.transport.server.ratis.ContainerStateMachine.startTransaction(ContainerStateMachine.java:288) 
2019-08-24 03:34:01,413 INFO  client.GrpcClientProtocolClient (GrpcClientProtocolClient.java:onNext(255)) - client-CBEB40DF06A6->a923f5ad-f693-4fff-a7c9-30675751bb26: receive RaftClientReply:client-CBEB40DF06A6->a923f5ad-f693-4fff-a7c9-30675751bb26@group-BB10C1A46019, cid=187, FAILED org.apache.ratis.protocol.StateMachineException: org.apache.hadoop.hdds.scm.container.common.helpers.ContainerNotOpenException from Server a923f5ad-f693-4fff-a7c9-30675751bb26: Container 1 in CLOSING state, logIndex=0, commits[a923f5ad-f693-4fff-a7c9-30675751bb26:c18, dc75a801-41d0-4005-9753-f538f4cd9742:c17, 4f891048-4eaf-4b95-bfc9-bb119accb8ee:c16]
2019-08-24 03:34:01,414 | ERROR | DNAudit | user=null | ip=null | op=PUT_BLOCK {blockData=[blockId=conID: 1 locID: 102669852461367310 bcsId: 0,size=800]} | ret=FAILURE | org.apache.hadoop.hdds.scm.container.common.helpers.ContainerNotOpenException: Container 1 in CLOSING state
	at org.apache.hadoop.ozone.container.common.impl.HddsDispatcher.validateContainerCommand(HddsDispatcher.java:408)
	at org.apache.hadoop.ozone.container.common.transport.server.ratis.ContainerStateMachine.startTransaction(ContainerStateMachine.java:288) 
2019-08-24 03:34:01,415 INFO  client.GrpcClientProtocolClient (GrpcClientProtocolClient.java:onNext(255)) - client-CBEB40DF06A6->a923f5ad-f693-4fff-a7c9-30675751bb26: receive RaftClientReply:client-CBEB40DF06A6->a923f5ad-f693-4fff-a7c9-30675751bb26@group-BB10C1A46019, cid=188, FAILED org.apache.ratis.protocol.StateMachineException: org.apache.hadoop.hdds.scm.container.common.helpers.ContainerNotOpenException from Server a923f5ad-f693-4fff-a7c9-30675751bb26: Container 1 in CLOSING state, logIndex=0, commits[a923f5ad-f693-4fff-a7c9-30675751bb26:c18, dc75a801-41d0-4005-9753-f538f4cd9742:c17, 4f891048-4eaf-4b95-bfc9-bb119accb8ee:c16]
2019-08-24 03:34:01,420 INFO  client.GrpcClientProtocolClient (GrpcClientProtocolClient.java:onNext(255)) - client-CBEB40DF06A6->a923f5ad-f693-4fff-a7c9-30675751bb26: receive RaftClientReply:client-CBEB40DF06A6->a923f5ad-f693-4fff-a7c9-30675751bb26@group-BB10C1A46019, cid=189, FAILED org.apache.ratis.protocol.StateMachineException: org.apache.hadoop.hdds.scm.container.common.helpers.ContainerNotOpenException from Server a923f5ad-f693-4fff-a7c9-30675751bb26: Container 1 in CLOSING state, logIndex=0, commits[a923f5ad-f693-4fff-a7c9-30675751bb26:c18, dc75a801-41d0-4005-9753-f538f4cd9742:c17, 4f891048-4eaf-4b95-bfc9-bb119accb8ee:c16]
2019-08-24 03:34:01,421 INFO  client.GrpcClientProtocolClient (GrpcClientProtocolClient.java:onNext(255)) - client-CBEB40DF06A6->a923f5ad-f693-4fff-a7c9-30675751bb26: receive RaftClientReply:client-CBEB40DF06A6->a923f5ad-f693-4fff-a7c9-30675751bb26@group-BB10C1A46019, cid=190, FAILED org.apache.ratis.protocol.StateMachineException: org.apache.hadoop.hdds.scm.container.common.helpers.ContainerNotOpenException from Server a923f5ad-f693-4fff-a7c9-30675751bb26: Container 1 in CLOSING state, logIndex=0, commits[a923f5ad-f693-4fff-a7c9-30675751bb26:c18, dc75a801-41d0-4005-9753-f538f4cd9742:c17, 4f891048-4eaf-4b95-bfc9-bb119accb8ee:c16]
2019-08-24 03:34:01,450 | INFO  | SCMAudit | user=jenkins1000 | ip=192.168.69.87 | op=ALLOCATE_BLOCK {owner=4ced06c7-cbc8-4caf-a4d4-45038fed8071, size=800, type=RATIS, factor=THREE} | ret=SUCCESS |  
2019-08-24 03:34:01,451 | INFO  | OMAudit | user=jenkins1000 | ip=127.0.0.1 | op=ALLOCATE_BLOCK {volume=testblockoutputstream, bucket=testblockoutputstream, key=f5221d64-88b1-4df9-a497-8d20fe2dbf43, dataSize=0, replicationType=null, replicationFactor=null, keyLocationInfo=null, clientID=102669852461236237} | ret=SUCCESS |  
2019-08-24 03:34:01,515 | INFO  | SCMAudit | user=jenkins1000 | ip=192.168.69.87 | op=SEND_HEARTBEAT {datanodeUUID=effec267-9718-4f52-949a-788aed2f64c8, command=[]} | ret=SUCCESS |  
2019-08-24 03:34:01,561 | INFO  | DNAudit | user=null | ip=null | op=WRITE_CHUNK {blockData=conID: 2 locID: 102669853750067215 bcsId: 0} | ret=SUCCESS |  
2019-08-24 03:34:01,561 | INFO  | DNAudit | user=null | ip=null | op=WRITE_CHUNK {blockData=conID: 2 locID: 102669853750067215 bcsId: 0} | ret=SUCCESS |  
2019-08-24 03:34:01,562 | INFO  | DNAudit | user=null | ip=null | op=WRITE_CHUNK {blockData=conID: 2 locID: 102669853750067215 bcsId: 0} | ret=SUCCESS |  
2019-08-24 03:34:01,563 | INFO  | SCMAudit | user=jenkins1000 | ip=192.168.69.87 | op=SEND_HEARTBEAT {datanodeUUID=dcc12217-51b2-406c-9e3d-e39da684196b, command=[]} | ret=SUCCESS |  
2019-08-24 03:34:01,563 | INFO  | SCMAudit | user=jenkins1000 | ip=192.168.69.87 | op=SEND_HEARTBEAT {datanodeUUID=effec267-9718-4f52-949a-788aed2f64c8, command=[]} | ret=SUCCESS |  
2019-08-24 03:34:01,563 | INFO  | SCMAudit | user=jenkins1000 | ip=192.168.69.87 | op=SEND_HEARTBEAT {datanodeUUID=69d09fd6-b904-4e1e-8a2a-76bd34232c3f, command=[]} | ret=SUCCESS |  
2019-08-24 03:34:01,575 | INFO  | DNAudit | user=null | ip=null | op=WRITE_CHUNK {blockData=conID: 2 locID: 102669853750067215 bcsId: 0} | ret=SUCCESS |  
2019-08-24 03:34:01,582 INFO  client.GrpcClientProtocolClient (GrpcClientProtocolClient.java:onNext(255)) - client-37396E298CAC->effec267-9718-4f52-949a-788aed2f64c8: receive RaftClientReply:client-37396E298CAC->effec267-9718-4f52-949a-788aed2f64c8@group-741337134B4E, cid=191, SUCCESS, logIndex=3, commits[effec267-9718-4f52-949a-788aed2f64c8:c3, 69d09fd6-b904-4e1e-8a2a-76bd34232c3f:c2, dcc12217-51b2-406c-9e3d-e39da684196b:c2]
2019-08-24 03:34:01,589 | INFO  | DNAudit | user=null | ip=null | op=WRITE_CHUNK {blockData=conID: 2 locID: 102669853750067215 bcsId: 0} | ret=SUCCESS |  
2019-08-24 03:34:01,589 | INFO  | DNAudit | user=null | ip=null | op=WRITE_CHUNK {blockData=conID: 2 locID: 102669853750067215 bcsId: 0} | ret=SUCCESS |  
2019-08-24 03:34:01,589 | INFO  | DNAudit | user=null | ip=null | op=WRITE_CHUNK {blockData=conID: 2 locID: 102669853750067215 bcsId: 0} | ret=SUCCESS |  
2019-08-24 03:34:01,591 | INFO  | DNAudit | user=null | ip=null | op=WRITE_CHUNK {blockData=conID: 2 locID: 102669853750067215 bcsId: 0} | ret=SUCCESS |  
2019-08-24 03:34:01,591 | INFO  | DNAudit | user=null | ip=null | op=WRITE_CHUNK {blockData=conID: 2 locID: 102669853750067215 bcsId: 0} | ret=SUCCESS |  
2019-08-24 03:34:01,591 | INFO  | DNAudit | user=null | ip=null | op=WRITE_CHUNK {blockData=conID: 2 locID: 102669853750067215 bcsId: 0} | ret=SUCCESS |  
2019-08-24 03:34:01,592 | INFO  | DNAudit | user=null | ip=null | op=WRITE_CHUNK {blockData=conID: 2 locID: 102669853750067215 bcsId: 0} | ret=SUCCESS |  
2019-08-24 03:34:01,592 | INFO  | DNAudit | user=null | ip=null | op=WRITE_CHUNK {blockData=conID: 2 locID: 102669853750067215 bcsId: 0} | ret=SUCCESS |  
2019-08-24 03:34:01,592 | INFO  | DNAudit | user=null | ip=null | op=WRITE_CHUNK {blockData=conID: 2 locID: 102669853750067215 bcsId: 0} | ret=SUCCESS |  
2019-08-24 03:34:01,593 | INFO  | DNAudit | user=null | ip=null | op=WRITE_CHUNK {blockData=conID: 2 locID: 102669853750067215 bcsId: 0} | ret=SUCCESS |  
2019-08-24 03:34:01,593 | INFO  | DNAudit | user=null | ip=null | op=WRITE_CHUNK {blockData=conID: 2 locID: 102669853750067215 bcsId: 0} | ret=SUCCESS |  
2019-08-24 03:34:01,604 | INFO  | DNAudit | user=null | ip=null | op=WRITE_CHUNK {blockData=conID: 2 locID: 102669853750067215 bcsId: 0} | ret=SUCCESS |  
2019-08-24 03:34:01,608 INFO  client.GrpcClientProtocolClient (GrpcClientProtocolClient.java:onNext(255)) - client-37396E298CAC->effec267-9718-4f52-949a-788aed2f64c8: receive RaftClientReply:client-37396E298CAC->effec267-9718-4f52-949a-788aed2f64c8@group-741337134B4E, cid=192, SUCCESS, logIndex=5, commits[effec267-9718-4f52-949a-788aed2f64c8:c6, 69d09fd6-b904-4e1e-8a2a-76bd34232c3f:c4, dcc12217-51b2-406c-9e3d-e39da684196b:c4]
2019-08-24 03:34:01,618 | INFO  | DNAudit | user=null | ip=null | op=WRITE_CHUNK {blockData=conID: 2 locID: 102669853750067215 bcsId: 0} | ret=SUCCESS |  
2019-08-24 03:34:01,618 | INFO  | DNAudit | user=null | ip=null | op=WRITE_CHUNK {blockData=conID: 2 locID: 102669853750067215 bcsId: 0} | ret=SUCCESS |  
2019-08-24 03:34:01,640 | INFO  | DNAudit | user=null | ip=null | op=PUT_BLOCK {blockData=[blockId=conID: 2 locID: 102669853750067215 bcsId: 0,size=200]} | ret=SUCCESS |  
2019-08-24 03:34:01,642 | INFO  | DNAudit | user=null | ip=null | op=WRITE_CHUNK {blockData=conID: 2 locID: 102669853750067215 bcsId: 0} | ret=SUCCESS |  
2019-08-24 03:34:01,642 | INFO  | DNAudit | user=null | ip=null | op=WRITE_CHUNK {blockData=conID: 2 locID: 102669853750067215 bcsId: 0} | ret=SUCCESS |  
2019-08-24 03:34:01,643 INFO  client.GrpcClientProtocolClient (GrpcClientProtocolClient.java:onNext(255)) - client-37396E298CAC->effec267-9718-4f52-949a-788aed2f64c8: receive RaftClientReply:client-37396E298CAC->effec267-9718-4f52-949a-788aed2f64c8@group-741337134B4E, cid=193, SUCCESS, logIndex=6, commits[effec267-9718-4f52-949a-788aed2f64c8:c13, 69d09fd6-b904-4e1e-8a2a-76bd34232c3f:c9, dcc12217-51b2-406c-9e3d-e39da684196b:c9]
2019-08-24 03:34:01,643 INFO  client.GrpcClientProtocolClient (GrpcClientProtocolClient.java:onNext(255)) - client-37396E298CAC->effec267-9718-4f52-949a-788aed2f64c8: receive RaftClientReply:client-37396E298CAC->effec267-9718-4f52-949a-788aed2f64c8@group-741337134B4E, cid=194, SUCCESS, logIndex=7, commits[effec267-9718-4f52-949a-788aed2f64c8:c13, 69d09fd6-b904-4e1e-8a2a-76bd34232c3f:c9, dcc12217-51b2-406c-9e3d-e39da684196b:c9]
2019-08-24 03:34:01,643 INFO  client.GrpcClientProtocolClient (GrpcClientProtocolClient.java:onNext(255)) - client-37396E298CAC->effec267-9718-4f52-949a-788aed2f64c8: receive RaftClientReply:client-37396E298CAC->effec267-9718-4f52-949a-788aed2f64c8@group-741337134B4E, cid=195, SUCCESS, logIndex=8, commits[effec267-9718-4f52-949a-788aed2f64c8:c13, 69d09fd6-b904-4e1e-8a2a-76bd34232c3f:c9, dcc12217-51b2-406c-9e3d-e39da684196b:c9]
2019-08-24 03:34:01,686 | INFO  | DNAudit | user=null | ip=null | op=PUT_BLOCK {blockData=[blockId=conID: 2 locID: 102669853750067215 bcsId: 0,size=200]} | ret=SUCCESS |  
2019-08-24 03:34:01,687 | INFO  | DNAudit | user=null | ip=null | op=WRITE_CHUNK {blockData=conID: 2 locID: 102669853750067215 bcsId: 0} | ret=SUCCESS |  
2019-08-24 03:34:01,687 | INFO  | DNAudit | user=null | ip=null | op=WRITE_CHUNK {blockData=conID: 2 locID: 102669853750067215 bcsId: 0} | ret=SUCCESS |  
2019-08-24 03:34:01,731 | INFO  | DNAudit | user=null | ip=null | op=PUT_BLOCK {blockData=[blockId=conID: 2 locID: 102669853750067215 bcsId: 0,size=400]} | ret=SUCCESS |  
2019-08-24 03:34:01,731 | INFO  | DNAudit | user=null | ip=null | op=PUT_BLOCK {blockData=[blockId=conID: 2 locID: 102669853750067215 bcsId: 0,size=400]} | ret=SUCCESS |  
2019-08-24 03:34:01,734 | INFO  | DNAudit | user=null | ip=null | op=PUT_BLOCK {blockData=[blockId=conID: 2 locID: 102669853750067215 bcsId: 0,size=200]} | ret=SUCCESS |  
2019-08-24 03:34:01,734 | INFO  | DNAudit | user=null | ip=null | op=WRITE_CHUNK {blockData=conID: 2 locID: 102669853750067215 bcsId: 0} | ret=SUCCESS |  
2019-08-24 03:34:01,735 | INFO  | DNAudit | user=null | ip=null | op=WRITE_CHUNK {blockData=conID: 2 locID: 102669853750067215 bcsId: 0} | ret=SUCCESS |  
2019-08-24 03:34:01,735 | INFO  | DNAudit | user=null | ip=null | op=PUT_BLOCK {blockData=[blockId=conID: 2 locID: 102669853750067215 bcsId: 0,size=400]} | ret=SUCCESS |  
2019-08-24 03:34:01,735 INFO  client.GrpcClientProtocolClient (GrpcClientProtocolClient.java:onNext(255)) - client-37396E298CAC->effec267-9718-4f52-949a-788aed2f64c8: receive RaftClientReply:client-37396E298CAC->effec267-9718-4f52-949a-788aed2f64c8@group-741337134B4E, cid=196, SUCCESS, logIndex=9, commits[effec267-9718-4f52-949a-788aed2f64c8:c13, 69d09fd6-b904-4e1e-8a2a-76bd34232c3f:c9, dcc12217-51b2-406c-9e3d-e39da684196b:c9]
2019-08-24 03:34:01,738 | INFO  | SCMAudit | user=jenkins1000 | ip=192.168.69.87 | op=SEND_HEARTBEAT {datanodeUUID=0f6d25e7-ce21-4fce-8b55-97dd0a754253, command=[]} | ret=SUCCESS |  
2019-08-24 03:34:01,738 | INFO  | DNAudit | user=null | ip=null | op=WRITE_CHUNK {blockData=conID: 2 locID: 102669853750067215 bcsId: 9} | ret=SUCCESS |  
2019-08-24 03:34:01,739 | INFO  | DNAudit | user=null | ip=null | op=WRITE_CHUNK {blockData=conID: 2 locID: 102669853750067215 bcsId: 9} | ret=SUCCESS |  
2019-08-24 03:34:01,740 | INFO  | DNAudit | user=null | ip=null | op=WRITE_CHUNK {blockData=conID: 2 locID: 102669853750067215 bcsId: 9} | ret=SUCCESS |  
2019-08-24 03:34:01,752 | INFO  | DNAudit | user=null | ip=null | op=WRITE_CHUNK {blockData=conID: 2 locID: 102669853750067215 bcsId: 9} | ret=SUCCESS |  
2019-08-24 03:34:01,755 | INFO  | DNAudit | user=null | ip=null | op=PUT_BLOCK {blockData=[blockId=conID: 2 locID: 102669853750067215 bcsId: 0,size=450]} | ret=SUCCESS |  
2019-08-24 03:34:01,755 INFO  client.GrpcClientProtocolClient (GrpcClientProtocolClient.java:onNext(255)) - client-37396E298CAC->effec267-9718-4f52-949a-788aed2f64c8: receive RaftClientReply:client-37396E298CAC->effec267-9718-4f52-949a-788aed2f64c8@group-741337134B4E, cid=197, SUCCESS, logIndex=14, commits[effec267-9718-4f52-949a-788aed2f64c8:c15, 69d09fd6-b904-4e1e-8a2a-76bd34232c3f:c13, dcc12217-51b2-406c-9e3d-e39da684196b:c13]
2019-08-24 03:34:01,755 INFO  client.GrpcClientProtocolClient (GrpcClientProtocolClient.java:onNext(255)) - client-37396E298CAC->effec267-9718-4f52-949a-788aed2f64c8: receive RaftClientReply:client-37396E298CAC->effec267-9718-4f52-949a-788aed2f64c8@group-741337134B4E, cid=198, SUCCESS, logIndex=15, commits[effec267-9718-4f52-949a-788aed2f64c8:c15, 69d09fd6-b904-4e1e-8a2a-76bd34232c3f:c13, dcc12217-51b2-406c-9e3d-e39da684196b:c13]
2019-08-24 03:34:01,763 | INFO  | DNAudit | user=null | ip=null | op=WRITE_CHUNK {blockData=conID: 2 locID: 102669853750067215 bcsId: 9} | ret=SUCCESS |  
2019-08-24 03:34:01,764 | INFO  | DNAudit | user=null | ip=null | op=WRITE_CHUNK {blockData=conID: 2 locID: 102669853750067215 bcsId: 9} | ret=SUCCESS |  
2019-08-24 03:34:01,774 | INFO  | DNAudit | user=null | ip=null | op=PUT_BLOCK {blockData=[blockId=conID: 2 locID: 102669853750067215 bcsId: 0,size=450]} | ret=SUCCESS |  
2019-08-24 03:34:01,774 | INFO  | DNAudit | user=null | ip=null | op=PUT_BLOCK {blockData=[blockId=conID: 2 locID: 102669853750067215 bcsId: 0,size=450]} | ret=SUCCESS |  
2019-08-24 03:34:01,779 INFO  client.GrpcClientProtocolClient (GrpcClientProtocolClient.java:onNext(255)) - client-37396E298CAC->effec267-9718-4f52-949a-788aed2f64c8: receive RaftClientReply:client-37396E298CAC->effec267-9718-4f52-949a-788aed2f64c8@group-741337134B4E, cid=199, SUCCESS, logIndex=0, commits[effec267-9718-4f52-949a-788aed2f64c8:c16, 69d09fd6-b904-4e1e-8a2a-76bd34232c3f:c15, dcc12217-51b2-406c-9e3d-e39da684196b:c15]
2019-08-24 03:34:01,780 INFO  ozone.MiniOzoneClusterImpl (MiniOzoneClusterImpl.java:shutdown(321)) - Shutting down the Mini Ozone Cluster
2019-08-24 03:34:01,781 | INFO  | SCMAudit | user=null | ip=null | op=GET_SCM_INFO null | ret=SUCCESS |  
2019-08-24 03:34:01,781 INFO  ozone.MiniOzoneClusterImpl (MiniOzoneClusterImpl.java:stop(336)) - Stopping the Mini Ozone Cluster
2019-08-24 03:34:01,781 INFO  ozone.MiniOzoneClusterImpl (MiniOzoneClusterImpl.java:stop(338)) - Stopping the OzoneManager
2019-08-24 03:34:01,781 INFO  ipc.Server (Server.java:stop(3082)) - Stopping server on 35290
2019-08-24 03:34:01,793 INFO  ipc.Server (Server.java:run(1185)) - Stopping IPC Server listener on 35290
2019-08-24 03:34:01,795 INFO  ipc.Server (Server.java:run(1319)) - Stopping IPC Server Responder
2019-08-24 03:34:01,793 INFO  utils.BackgroundService (BackgroundService.java:shutdown(148)) - Shutting down service KeyDeletingService
2019-08-24 03:34:01,810 INFO  handler.ContextHandler (ContextHandler.java:doStop(910)) - Stopped o.e.j.w.WebAppContext@54626326{/,null,UNAVAILABLE}{/ozoneManager}
2019-08-24 03:34:01,810 INFO  server.AbstractConnector (AbstractConnector.java:doStop(318)) - Stopped ServerConnector@6f4e39b3{HTTP/1.1,[http/1.1]}{0.0.0.0:0}
2019-08-24 03:34:01,811 INFO  handler.ContextHandler (ContextHandler.java:doStop(910)) - Stopped o.e.j.s.ServletContextHandler@24673720{/static,file:///workdir/hadoop-ozone/integration-test/target/test-classes/webapps/static,UNAVAILABLE}
2019-08-24 03:34:01,811 INFO  handler.ContextHandler (ContextHandler.java:doStop(910)) - Stopped o.e.j.s.ServletContextHandler@5e609b42{/logs,file:///workdir/hadoop-ozone/integration-test/target/log,UNAVAILABLE}
2019-08-24 03:34:01,813 INFO  ozone.MiniOzoneClusterImpl (MiniOzoneClusterImpl.java:stop(344)) - Shutting the HddsDatanodes
2019-08-24 03:34:01,814 INFO  datanode.ObjectStoreHandler (ObjectStoreHandler.java:close(155)) - Closing ObjectStoreHandler.
2019-08-24 03:34:01,814 INFO  datanode.ObjectStoreHandler (ObjectStoreHandler.java:close(155)) - Closing ObjectStoreHandler.
2019-08-24 03:34:01,814 INFO  ozone.HddsDatanodeService (HddsDatanodeService.java:stop(451)) - Stopped plug-in org.apache.hadoop.ozone.web.OzoneHddsDatanodeService@31b2c451
2019-08-24 03:34:01,814 INFO  ozone.HddsDatanodeService (HddsDatanodeService.java:stop(451)) - Stopped plug-in org.apache.hadoop.ozone.web.OzoneHddsDatanodeService@6e1a8e78
2019-08-24 03:34:01,935 | INFO  | SCMAudit | user=jenkins1000 | ip=192.168.69.87 | op=SEND_HEARTBEAT {datanodeUUID=dc75a801-41d0-4005-9753-f538f4cd9742, command=[]} | ret=SUCCESS |  
2019-08-24 03:34:01,953 INFO  statemachine.DatanodeStateMachine (DatanodeStateMachine.java:lambda$startDaemon$0(350)) - Ozone container server started.
2019-08-24 03:34:02,559 INFO  statemachine.DatanodeStateMachine (DatanodeStateMachine.java:lambda$startDaemon$0(350)) - Ozone container server started.
2019-08-24 03:34:02,560 | INFO  | SCMAudit | user=jenkins1000 | ip=192.168.69.87 | op=SEND_HEARTBEAT {datanodeUUID=dcc12217-51b2-406c-9e3d-e39da684196b, command=[]} | ret=SUCCESS |  
2019-08-24 03:34:02,560 | INFO  | SCMAudit | user=jenkins1000 | ip=192.168.69.87 | op=SEND_HEARTBEAT {datanodeUUID=69d09fd6-b904-4e1e-8a2a-76bd34232c3f, command=[]} | ret=SUCCESS |  
2019-08-24 03:34:02,738 | INFO  | SCMAudit | user=jenkins1000 | ip=192.168.69.87 | op=SEND_HEARTBEAT {datanodeUUID=0f6d25e7-ce21-4fce-8b55-97dd0a754253, command=[]} | ret=SUCCESS |  
2019-08-24 03:34:02,935 | INFO  | SCMAudit | user=jenkins1000 | ip=192.168.69.87 | op=SEND_HEARTBEAT {datanodeUUID=dc75a801-41d0-4005-9753-f538f4cd9742, command=[]} | ret=SUCCESS |  
2019-08-24 03:34:03,431 WARN  server.GrpcLogAppender (LogUtils.java:warn(134)) - a923f5ad-f693-4fff-a7c9-30675751bb26->4f891048-4eaf-4b95-bfc9-bb119accb8ee: Failed appendEntries: org.apache.ratis.thirdparty.io.grpc.StatusRuntimeException: UNAVAILABLE: io exception
2019-08-24 03:34:03,432 INFO  impl.FollowerInfo (FollowerInfo.java:lambda$new$0(50)) - a923f5ad-f693-4fff-a7c9-30675751bb26->4f891048-4eaf-4b95-bfc9-bb119accb8ee: nextIndex: updateUnconditionally 1 -> 0
2019-08-24 03:34:03,560 | INFO  | SCMAudit | user=jenkins1000 | ip=192.168.69.87 | op=SEND_HEARTBEAT {datanodeUUID=69d09fd6-b904-4e1e-8a2a-76bd34232c3f, command=[]} | ret=SUCCESS |  
2019-08-24 03:34:03,560 | INFO  | SCMAudit | user=jenkins1000 | ip=192.168.69.87 | op=SEND_HEARTBEAT {datanodeUUID=dcc12217-51b2-406c-9e3d-e39da684196b, command=[]} | ret=SUCCESS |  
2019-08-24 03:34:03,738 | INFO  | SCMAudit | user=jenkins1000 | ip=192.168.69.87 | op=SEND_HEARTBEAT {datanodeUUID=0f6d25e7-ce21-4fce-8b55-97dd0a754253, command=[]} | ret=SUCCESS |  
2019-08-24 03:34:03,935 | INFO  | SCMAudit | user=jenkins1000 | ip=192.168.69.87 | op=SEND_HEARTBEAT {datanodeUUID=dc75a801-41d0-4005-9753-f538f4cd9742, command=[]} | ret=SUCCESS |  
2019-08-24 03:34:04,560 | INFO  | SCMAudit | user=jenkins1000 | ip=192.168.69.87 | op=SEND_HEARTBEAT {datanodeUUID=69d09fd6-b904-4e1e-8a2a-76bd34232c3f, command=[]} | ret=SUCCESS |  
2019-08-24 03:34:04,560 | INFO  | SCMAudit | user=jenkins1000 | ip=192.168.69.87 | op=SEND_HEARTBEAT {datanodeUUID=dcc12217-51b2-406c-9e3d-e39da684196b, command=[]} | ret=SUCCESS |  
2019-08-24 03:34:04,738 | INFO  | SCMAudit | user=jenkins1000 | ip=192.168.69.87 | op=SEND_HEARTBEAT {datanodeUUID=0f6d25e7-ce21-4fce-8b55-97dd0a754253, command=[]} | ret=SUCCESS |  
2019-08-24 03:34:04,935 | INFO  | SCMAudit | user=jenkins1000 | ip=192.168.69.87 | op=SEND_HEARTBEAT {datanodeUUID=dc75a801-41d0-4005-9753-f538f4cd9742, command=[]} | ret=SUCCESS |  
2019-08-24 03:34:05,560 | INFO  | SCMAudit | user=jenkins1000 | ip=192.168.69.87 | op=SEND_HEARTBEAT {datanodeUUID=69d09fd6-b904-4e1e-8a2a-76bd34232c3f, command=[]} | ret=SUCCESS |  
2019-08-24 03:34:05,560 | INFO  | SCMAudit | user=jenkins1000 | ip=192.168.69.87 | op=SEND_HEARTBEAT {datanodeUUID=dcc12217-51b2-406c-9e3d-e39da684196b, command=[]} | ret=SUCCESS |  
2019-08-24 03:34:05,739 | INFO  | SCMAudit | user=jenkins1000 | ip=192.168.69.87 | op=SEND_HEARTBEAT {datanodeUUID=0f6d25e7-ce21-4fce-8b55-97dd0a754253, command=[]} | ret=SUCCESS |  
2019-08-24 03:34:05,933 WARN  server.GrpcLogAppender (LogUtils.java:warn(134)) - a923f5ad-f693-4fff-a7c9-30675751bb26->4f891048-4eaf-4b95-bfc9-bb119accb8ee: Failed appendEntries: org.apache.ratis.thirdparty.io.grpc.StatusRuntimeException: UNAVAILABLE: io exception
2019-08-24 03:34:05,933 INFO  impl.FollowerInfo (FollowerInfo.java:lambda$new$0(50)) - a923f5ad-f693-4fff-a7c9-30675751bb26->4f891048-4eaf-4b95-bfc9-bb119accb8ee: nextIndex: updateUnconditionally 0 -> 0
2019-08-24 03:34:05,935 | INFO  | SCMAudit | user=jenkins1000 | ip=192.168.69.87 | op=SEND_HEARTBEAT {datanodeUUID=dc75a801-41d0-4005-9753-f538f4cd9742, command=[]} | ret=SUCCESS |  
2019-08-24 03:34:05,995 INFO  node.StaleNodeHandler (StaleNodeHandler.java:onMessage(58)) - Datanode a923f5ad-f693-4fff-a7c9-30675751bb26{ip: 192.168.69.87, host: byscane-nightly-sgbhv-2167721923, networkLocation: /default-rack, certSerialId: null} moved to stale state. Finalizing its pipelines [PipelineID=7e47367f-e49e-406a-bd31-bb10c1a46019, PipelineID=04ecebc7-9251-4585-ac73-65f90ce2e7c3]
2019-08-24 03:34:05,995 INFO  pipeline.SCMPipelineManager (SCMPipelineManager.java:finalizeAndDestroyPipeline(309)) - destroying pipeline:Pipeline[ Id: 7e47367f-e49e-406a-bd31-bb10c1a46019, Nodes: 4f891048-4eaf-4b95-bfc9-bb119accb8ee{ip: 192.168.69.87, host: byscane-nightly-sgbhv-2167721923, networkLocation: /default-rack, certSerialId: null}dc75a801-41d0-4005-9753-f538f4cd9742{ip: 192.168.69.87, host: byscane-nightly-sgbhv-2167721923, networkLocation: /default-rack, certSerialId: null}a923f5ad-f693-4fff-a7c9-30675751bb26{ip: 192.168.69.87, host: byscane-nightly-sgbhv-2167721923, networkLocation: /default-rack, certSerialId: null}, Type:RATIS, Factor:THREE, State:CLOSED]
2019-08-24 03:34:05,995 INFO  pipeline.SCMPipelineManager (SCMPipelineManager.java:finalizeAndDestroyPipeline(309)) - destroying pipeline:Pipeline[ Id: 04ecebc7-9251-4585-ac73-65f90ce2e7c3, Nodes: a923f5ad-f693-4fff-a7c9-30675751bb26{ip: 192.168.69.87, host: byscane-nightly-sgbhv-2167721923, networkLocation: /default-rack, certSerialId: null}, Type:RATIS, Factor:ONE, State:OPEN]
2019-08-24 03:34:05,995 INFO  pipeline.PipelineStateManager (PipelineStateManager.java:finalizePipeline(123)) - Pipeline Pipeline[ Id: 04ecebc7-9251-4585-ac73-65f90ce2e7c3, Nodes: a923f5ad-f693-4fff-a7c9-30675751bb26{ip: 192.168.69.87, host: byscane-nightly-sgbhv-2167721923, networkLocation: /default-rack, certSerialId: null}, Type:RATIS, Factor:ONE, State:CLOSED] moved to CLOSED state
2019-08-24 03:34:06,561 | INFO  | SCMAudit | user=jenkins1000 | ip=192.168.69.87 | op=SEND_HEARTBEAT {datanodeUUID=69d09fd6-b904-4e1e-8a2a-76bd34232c3f, command=[]} | ret=SUCCESS |  
2019-08-24 03:34:06,561 | INFO  | SCMAudit | user=jenkins1000 | ip=192.168.69.87 | op=SEND_HEARTBEAT {datanodeUUID=dcc12217-51b2-406c-9e3d-e39da684196b, command=[]} | ret=SUCCESS |  
2019-08-24 03:34:06,595 INFO  node.StaleNodeHandler (StaleNodeHandler.java:onMessage(58)) - Datanode effec267-9718-4f52-949a-788aed2f64c8{ip: 192.168.69.87, host: byscane-nightly-sgbhv-2167721923, networkLocation: /default-rack, certSerialId: null} moved to stale state. Finalizing its pipelines [PipelineID=fc88e1f4-2279-4472-9bfb-85df52327810, PipelineID=dd777e94-9667-486b-a038-741337134b4e]
2019-08-24 03:34:06,596 INFO  pipeline.SCMPipelineManager (SCMPipelineManager.java:finalizeAndDestroyPipeline(309)) - destroying pipeline:Pipeline[ Id: fc88e1f4-2279-4472-9bfb-85df52327810, Nodes: effec267-9718-4f52-949a-788aed2f64c8{ip: 192.168.69.87, host: byscane-nightly-sgbhv-2167721923, networkLocation: /default-rack, certSerialId: null}, Type:RATIS, Factor:ONE, State:OPEN]
2019-08-24 03:34:06,596 INFO  pipeline.PipelineStateManager (PipelineStateManager.java:finalizePipeline(123)) - Pipeline Pipeline[ Id: fc88e1f4-2279-4472-9bfb-85df52327810, Nodes: effec267-9718-4f52-949a-788aed2f64c8{ip: 192.168.69.87, host: byscane-nightly-sgbhv-2167721923, networkLocation: /default-rack, certSerialId: null}, Type:RATIS, Factor:ONE, State:CLOSED] moved to CLOSED state
2019-08-24 03:34:06,596 INFO  pipeline.SCMPipelineManager (SCMPipelineManager.java:finalizeAndDestroyPipeline(309)) - destroying pipeline:Pipeline[ Id: dd777e94-9667-486b-a038-741337134b4e, Nodes: effec267-9718-4f52-949a-788aed2f64c8{ip: 192.168.69.87, host: byscane-nightly-sgbhv-2167721923, networkLocation: /default-rack, certSerialId: null}69d09fd6-b904-4e1e-8a2a-76bd34232c3f{ip: 192.168.69.87, host: byscane-nightly-sgbhv-2167721923, networkLocation: /default-rack, certSerialId: null}dcc12217-51b2-406c-9e3d-e39da684196b{ip: 192.168.69.87, host: byscane-nightly-sgbhv-2167721923, networkLocation: /default-rack, certSerialId: null}, Type:RATIS, Factor:THREE, State:OPEN]
2019-08-24 03:34:06,596 INFO  pipeline.PipelineStateManager (PipelineStateManager.java:finalizePipeline(123)) - Pipeline Pipeline[ Id: dd777e94-9667-486b-a038-741337134b4e, Nodes: effec267-9718-4f52-949a-788aed2f64c8{ip: 192.168.69.87, host: byscane-nightly-sgbhv-2167721923, networkLocation: /default-rack, certSerialId: null}69d09fd6-b904-4e1e-8a2a-76bd34232c3f{ip: 192.168.69.87, host: byscane-nightly-sgbhv-2167721923, networkLocation: /default-rack, certSerialId: null}dcc12217-51b2-406c-9e3d-e39da684196b{ip: 192.168.69.87, host: byscane-nightly-sgbhv-2167721923, networkLocation: /default-rack, certSerialId: null}, Type:RATIS, Factor:THREE, State:CLOSED] moved to CLOSED state
2019-08-24 03:34:06,596 INFO  container.CloseContainerEventHandler (CloseContainerEventHandler.java:onMessage(61)) - Close container Event triggered for container : #2
2019-08-24 03:34:06,738 | INFO  | SCMAudit | user=jenkins1000 | ip=192.168.69.87 | op=SEND_HEARTBEAT {datanodeUUID=0f6d25e7-ce21-4fce-8b55-97dd0a754253, command=[]} | ret=SUCCESS |  
2019-08-24 03:34:06,815 INFO  ozoneimpl.OzoneContainer (OzoneContainer.java:stop(199)) - Attempting to stop container services.
2019-08-24 03:34:06,815 INFO  ozoneimpl.OzoneContainer (OzoneContainer.java:stop(199)) - Attempting to stop container services.
2019-08-24 03:34:06,815 INFO  impl.RaftServerProxy (RaftServerProxy.java:lambda$close$4(314)) - a923f5ad-f693-4fff-a7c9-30675751bb26: close
2019-08-24 03:34:06,816 INFO  impl.RaftServerProxy (RaftServerProxy.java:lambda$close$4(314)) - effec267-9718-4f52-949a-788aed2f64c8: close
2019-08-24 03:34:06,816 INFO  impl.RaftServerImpl (RaftServerImpl.java:lambda$shutdown$3(245)) - a923f5ad-f693-4fff-a7c9-30675751bb26: shutdown group-BB10C1A46019
2019-08-24 03:34:06,816 INFO  impl.RaftServerImpl (RaftServerImpl.java:lambda$shutdown$3(245)) - effec267-9718-4f52-949a-788aed2f64c8: shutdown group-85DF52327810
2019-08-24 03:34:06,817 INFO  util.JmxRegister (JmxRegister.java:unregister(73)) - Successfully un-registered JMX Bean with object name Ratis:service=RaftServer,group=group-BB10C1A46019,id=a923f5ad-f693-4fff-a7c9-30675751bb26
2019-08-24 03:34:06,817 INFO  util.JmxRegister (JmxRegister.java:unregister(73)) - Successfully un-registered JMX Bean with object name Ratis:service=RaftServer,group=group-85DF52327810,id=effec267-9718-4f52-949a-788aed2f64c8
2019-08-24 03:34:06,817 INFO  impl.RoleInfo (RoleInfo.java:shutdownLeaderState(104)) - a923f5ad-f693-4fff-a7c9-30675751bb26: shutdown LeaderState
2019-08-24 03:34:06,818 INFO  impl.RoleInfo (RoleInfo.java:shutdownLeaderState(104)) - effec267-9718-4f52-949a-788aed2f64c8: shutdown LeaderState
2019-08-24 03:34:06,823 WARN  server.GrpcLogAppender (GrpcLogAppender.java:mayWait(143)) - GrpcLogAppender(a923f5ad-f693-4fff-a7c9-30675751bb26->dc75a801-41d0-4005-9753-f538f4cd9742): Wait interrupted by java.lang.InterruptedException
2019-08-24 03:34:06,823 WARN  server.GrpcLogAppender (GrpcLogAppender.java:mayWait(143)) - GrpcLogAppender(a923f5ad-f693-4fff-a7c9-30675751bb26->4f891048-4eaf-4b95-bfc9-bb119accb8ee): Wait interrupted by java.lang.InterruptedException
2019-08-24 03:34:06,823 INFO  impl.PendingRequests (PendingRequests.java:sendNotLeaderResponses(202)) - a923f5ad-f693-4fff-a7c9-30675751bb26-PendingRequests: sendNotLeaderResponses
2019-08-24 03:34:06,824 INFO  server.GrpcServerProtocolService (GrpcServerProtocolService.java:onCompleted(104)) - dc75a801-41d0-4005-9753-f538f4cd9742: appendEntries completed
2019-08-24 03:34:06,823 INFO  impl.PendingRequests (PendingRequests.java:sendNotLeaderResponses(202)) - effec267-9718-4f52-949a-788aed2f64c8-PendingRequests: sendNotLeaderResponses
2019-08-24 03:34:06,824 INFO  ratis.ContainerStateMachine (ContainerStateMachine.java:takeSnapshot(262)) - group-BB10C1A46019: Taking a snapshot at:(t:1, i:14) file /workdir/hadoop-ozone/integration-test/target/test-dir/MiniOzoneClusterImpl-581dd6e5-c089-4ac1-8c4d-803d6bc9a32c/datanode-4/data/ratis/7e47367f-e49e-406a-bd31-bb10c1a46019/sm/snapshot.1_14
2019-08-24 03:34:06,824 INFO  impl.StateMachineUpdater (StateMachineUpdater.java:stopAndJoin(115)) - StateMachineUpdater:a923f5ad-f693-4fff-a7c9-30675751bb26:group-BB10C1A46019: set stopIndex = 18
2019-08-24 03:34:06,825 INFO  server.GrpcLogAppender (GrpcLogAppender.java:onCompleted(292)) - a923f5ad-f693-4fff-a7c9-30675751bb26->dc75a801-41d0-4005-9753-f538f4cd9742: follower responses appendEntries COMPLETED
2019-08-24 03:34:06,825 INFO  impl.StateMachineUpdater (StateMachineUpdater.java:stopAndJoin(115)) - StateMachineUpdater:effec267-9718-4f52-949a-788aed2f64c8:group-85DF52327810: set stopIndex = 0
2019-08-24 03:34:06,825 INFO  impl.FollowerInfo (FollowerInfo.java:lambda$new$0(50)) - a923f5ad-f693-4fff-a7c9-30675751bb26->dc75a801-41d0-4005-9753-f538f4cd9742: nextIndex: updateUnconditionally 19 -> 18
2019-08-24 03:34:06,826 INFO  impl.RaftServerImpl (ServerState.java:close(394)) - effec267-9718-4f52-949a-788aed2f64c8:group-85DF52327810 closes. The last applied log index is 0
2019-08-24 03:34:06,826 INFO  segmented.SegmentedRaftLogWorker (SegmentedRaftLogWorker.java:run(313)) - effec267-9718-4f52-949a-788aed2f64c8-SegmentedRaftLogWorker:Storage Directory /workdir/hadoop-ozone/integration-test/target/test-dir/MiniOzoneClusterImpl-581dd6e5-c089-4ac1-8c4d-803d6bc9a32c/datanode-1/data/ratis/fc88e1f4-2279-4472-9bfb-85df52327810 was interrupted, exiting. There are 0 tasks remaining in the queue.
2019-08-24 03:34:06,837 INFO  segmented.SegmentedRaftLogWorker (SegmentedRaftLogWorker.java:close(228)) - effec267-9718-4f52-949a-788aed2f64c8-SegmentedRaftLogWorker:Storage Directory /workdir/hadoop-ozone/integration-test/target/test-dir/MiniOzoneClusterImpl-581dd6e5-c089-4ac1-8c4d-803d6bc9a32c/datanode-1/data/ratis/fc88e1f4-2279-4472-9bfb-85df52327810 close()
2019-08-24 03:34:06,840 INFO  ratis.ContainerStateMachine (ContainerStateMachine.java:takeSnapshot(273)) - group-BB10C1A46019: Finished taking a snapshot at:(t:1, i:14) file:/workdir/hadoop-ozone/integration-test/target/test-dir/MiniOzoneClusterImpl-581dd6e5-c089-4ac1-8c4d-803d6bc9a32c/datanode-4/data/ratis/7e47367f-e49e-406a-bd31-bb10c1a46019/sm/snapshot.1_14 time:16
2019-08-24 03:34:06,840 INFO  impl.RaftServerImpl (RaftServerImpl.java:lambda$shutdown$3(245)) - effec267-9718-4f52-949a-788aed2f64c8: shutdown group-741337134B4E
2019-08-24 03:34:06,840 INFO  impl.StateMachineUpdater (StateMachineUpdater.java:takeSnapshot(242)) - StateMachineUpdater:a923f5ad-f693-4fff-a7c9-30675751bb26:group-BB10C1A46019: Took a snapshot at index 14
2019-08-24 03:34:06,841 INFO  util.JmxRegister (JmxRegister.java:unregister(73)) - Successfully un-registered JMX Bean with object name Ratis:service=RaftServer,group=group-741337134B4E,id=effec267-9718-4f52-949a-788aed2f64c8
2019-08-24 03:34:06,841 INFO  impl.StateMachineUpdater (StateMachineUpdater.java:lambda$new$0(80)) - StateMachineUpdater:a923f5ad-f693-4fff-a7c9-30675751bb26:group-BB10C1A46019: snapshotIndex: updateIncreasingly -1 -> 14
2019-08-24 03:34:06,841 INFO  impl.RoleInfo (RoleInfo.java:shutdownLeaderState(104)) - effec267-9718-4f52-949a-788aed2f64c8: shutdown LeaderState
2019-08-24 03:34:06,841 INFO  impl.RaftServerImpl (ServerState.java:close(394)) - a923f5ad-f693-4fff-a7c9-30675751bb26:group-BB10C1A46019 closes. The last applied log index is 18
2019-08-24 03:34:06,845 WARN  server.GrpcLogAppender (GrpcLogAppender.java:mayWait(143)) - GrpcLogAppender(effec267-9718-4f52-949a-788aed2f64c8->69d09fd6-b904-4e1e-8a2a-76bd34232c3f): Wait interrupted by java.lang.InterruptedException
2019-08-24 03:34:06,845 INFO  segmented.SegmentedRaftLogWorker (SegmentedRaftLogWorker.java:run(313)) - a923f5ad-f693-4fff-a7c9-30675751bb26-SegmentedRaftLogWorker:Storage Directory /workdir/hadoop-ozone/integration-test/target/test-dir/MiniOzoneClusterImpl-581dd6e5-c089-4ac1-8c4d-803d6bc9a32c/datanode-4/data/ratis/7e47367f-e49e-406a-bd31-bb10c1a46019 was interrupted, exiting. There are 0 tasks remaining in the queue.
2019-08-24 03:34:06,845 WARN  server.GrpcLogAppender (GrpcLogAppender.java:mayWait(143)) - GrpcLogAppender(effec267-9718-4f52-949a-788aed2f64c8->dcc12217-51b2-406c-9e3d-e39da684196b): Wait interrupted by java.lang.InterruptedException
2019-08-24 03:34:06,847 INFO  server.GrpcServerProtocolService (GrpcServerProtocolService.java:onCompleted(104)) - 69d09fd6-b904-4e1e-8a2a-76bd34232c3f: appendEntries completed
2019-08-24 03:34:06,845 INFO  impl.PendingRequests (PendingRequests.java:sendNotLeaderResponses(202)) - effec267-9718-4f52-949a-788aed2f64c8-PendingRequests: sendNotLeaderResponses
2019-08-24 03:34:06,848 INFO  server.GrpcLogAppender (GrpcLogAppender.java:onCompleted(292)) - effec267-9718-4f52-949a-788aed2f64c8->69d09fd6-b904-4e1e-8a2a-76bd34232c3f: follower responses appendEntries COMPLETED
2019-08-24 03:34:06,847 INFO  server.GrpcServerProtocolService (GrpcServerProtocolService.java:onCompleted(104)) - dcc12217-51b2-406c-9e3d-e39da684196b: appendEntries completed
2019-08-24 03:34:06,852 INFO  impl.FollowerInfo (FollowerInfo.java:lambda$new$0(50)) - effec267-9718-4f52-949a-788aed2f64c8->69d09fd6-b904-4e1e-8a2a-76bd34232c3f: nextIndex: updateUnconditionally 18 -> 17
2019-08-24 03:34:06,847 INFO  segmented.SegmentedRaftLogWorker (SegmentedRaftLogWorker.java:close(228)) - a923f5ad-f693-4fff-a7c9-30675751bb26-SegmentedRaftLogWorker:Storage Directory /workdir/hadoop-ozone/integration-test/target/test-dir/MiniOzoneClusterImpl-581dd6e5-c089-4ac1-8c4d-803d6bc9a32c/datanode-4/data/ratis/7e47367f-e49e-406a-bd31-bb10c1a46019 close()
2019-08-24 03:34:06,852 INFO  server.GrpcLogAppender (GrpcLogAppender.java:onCompleted(292)) - effec267-9718-4f52-949a-788aed2f64c8->dcc12217-51b2-406c-9e3d-e39da684196b: follower responses appendEntries COMPLETED
2019-08-24 03:34:06,852 INFO  ratis.ContainerStateMachine (ContainerStateMachine.java:takeSnapshot(262)) - group-741337134B4E: Taking a snapshot at:(t:3, i:15) file /workdir/hadoop-ozone/integration-test/target/test-dir/MiniOzoneClusterImpl-581dd6e5-c089-4ac1-8c4d-803d6bc9a32c/datanode-1/data/ratis/dd777e94-9667-486b-a038-741337134b4e/sm/snapshot.3_15
2019-08-24 03:34:06,852 INFO  impl.StateMachineUpdater (StateMachineUpdater.java:stopAndJoin(115)) - StateMachineUpdater:effec267-9718-4f52-949a-788aed2f64c8:group-741337134B4E: set stopIndex = 17
2019-08-24 03:34:06,856 INFO  impl.FollowerInfo (FollowerInfo.java:lambda$new$0(50)) - effec267-9718-4f52-949a-788aed2f64c8->dcc12217-51b2-406c-9e3d-e39da684196b: nextIndex: updateUnconditionally 18 -> 17
2019-08-24 03:34:06,856 INFO  impl.RaftServerImpl (RaftServerImpl.java:lambda$shutdown$3(245)) - a923f5ad-f693-4fff-a7c9-30675751bb26: shutdown group-65F90CE2E7C3
2019-08-24 03:34:06,857 INFO  util.JmxRegister (JmxRegister.java:unregister(73)) - Successfully un-registered JMX Bean with object name Ratis:service=RaftServer,group=group-65F90CE2E7C3,id=a923f5ad-f693-4fff-a7c9-30675751bb26
2019-08-24 03:34:06,858 INFO  impl.RoleInfo (RoleInfo.java:shutdownLeaderState(104)) - a923f5ad-f693-4fff-a7c9-30675751bb26: shutdown LeaderState
2019-08-24 03:34:06,858 INFO  impl.PendingRequests (PendingRequests.java:sendNotLeaderResponses(202)) - a923f5ad-f693-4fff-a7c9-30675751bb26-PendingRequests: sendNotLeaderResponses
2019-08-24 03:34:06,859 INFO  impl.StateMachineUpdater (StateMachineUpdater.java:stopAndJoin(115)) - StateMachineUpdater:a923f5ad-f693-4fff-a7c9-30675751bb26:group-65F90CE2E7C3: set stopIndex = 0
2019-08-24 03:34:06,859 INFO  impl.RaftServerImpl (ServerState.java:close(394)) - a923f5ad-f693-4fff-a7c9-30675751bb26:group-65F90CE2E7C3 closes. The last applied log index is 0
2019-08-24 03:34:06,859 INFO  segmented.SegmentedRaftLogWorker (SegmentedRaftLogWorker.java:run(313)) - a923f5ad-f693-4fff-a7c9-30675751bb26-SegmentedRaftLogWorker:Storage Directory /workdir/hadoop-ozone/integration-test/target/test-dir/MiniOzoneClusterImpl-581dd6e5-c089-4ac1-8c4d-803d6bc9a32c/datanode-4/data/ratis/04ecebc7-9251-4585-ac73-65f90ce2e7c3 was interrupted, exiting. There are 0 tasks remaining in the queue.
2019-08-24 03:34:06,861 INFO  segmented.SegmentedRaftLogWorker (SegmentedRaftLogWorker.java:close(228)) - a923f5ad-f693-4fff-a7c9-30675751bb26-SegmentedRaftLogWorker:Storage Directory /workdir/hadoop-ozone/integration-test/target/test-dir/MiniOzoneClusterImpl-581dd6e5-c089-4ac1-8c4d-803d6bc9a32c/datanode-4/data/ratis/04ecebc7-9251-4585-ac73-65f90ce2e7c3 close()
2019-08-24 03:34:06,865 INFO  server.GrpcService (GrpcService.java:closeImpl(155)) - a923f5ad-f693-4fff-a7c9-30675751bb26: shutdown server with port 34349 now
2019-08-24 03:34:06,866 INFO  server.GrpcService (GrpcService.java:closeImpl(163)) - a923f5ad-f693-4fff-a7c9-30675751bb26: shutdown server with port 34349 successfully
2019-08-24 03:34:06,868 INFO  utils.BackgroundService (BackgroundService.java:shutdown(148)) - Shutting down service BlockDeletingService
2019-08-24 03:34:06,869 WARN  fs.CachingGetSpaceUsed (CachingGetSpaceUsed.java:run(183)) - Thread Interrupted waiting to refresh disk information: sleep interrupted
2019-08-24 03:34:06,870 INFO  ratis.ContainerStateMachine (ContainerStateMachine.java:takeSnapshot(273)) - group-741337134B4E: Finished taking a snapshot at:(t:3, i:15) file:/workdir/hadoop-ozone/integration-test/target/test-dir/MiniOzoneClusterImpl-581dd6e5-c089-4ac1-8c4d-803d6bc9a32c/datanode-1/data/ratis/dd777e94-9667-486b-a038-741337134b4e/sm/snapshot.3_15 time:17
2019-08-24 03:34:06,871 INFO  impl.StateMachineUpdater (StateMachineUpdater.java:takeSnapshot(242)) - StateMachineUpdater:effec267-9718-4f52-949a-788aed2f64c8:group-741337134B4E: Took a snapshot at index 15
2019-08-24 03:34:06,871 INFO  impl.StateMachineUpdater (StateMachineUpdater.java:lambda$new$0(80)) - StateMachineUpdater:effec267-9718-4f52-949a-788aed2f64c8:group-741337134B4E: snapshotIndex: updateIncreasingly -1 -> 15
2019-08-24 03:34:06,871 INFO  impl.RaftServerImpl (ServerState.java:close(394)) - effec267-9718-4f52-949a-788aed2f64c8:group-741337134B4E closes. The last applied log index is 17
2019-08-24 03:34:06,872 INFO  segmented.SegmentedRaftLogWorker (SegmentedRaftLogWorker.java:run(313)) - effec267-9718-4f52-949a-788aed2f64c8-SegmentedRaftLogWorker:Storage Directory /workdir/hadoop-ozone/integration-test/target/test-dir/MiniOzoneClusterImpl-581dd6e5-c089-4ac1-8c4d-803d6bc9a32c/datanode-1/data/ratis/dd777e94-9667-486b-a038-741337134b4e was interrupted, exiting. There are 0 tasks remaining in the queue.
2019-08-24 03:34:06,874 INFO  segmented.SegmentedRaftLogWorker (SegmentedRaftLogWorker.java:close(228)) - effec267-9718-4f52-949a-788aed2f64c8-SegmentedRaftLogWorker:Storage Directory /workdir/hadoop-ozone/integration-test/target/test-dir/MiniOzoneClusterImpl-581dd6e5-c089-4ac1-8c4d-803d6bc9a32c/datanode-1/data/ratis/dd777e94-9667-486b-a038-741337134b4e close()
2019-08-24 03:34:06,878 INFO  server.GrpcService (GrpcService.java:closeImpl(155)) - effec267-9718-4f52-949a-788aed2f64c8: shutdown server with port 40842 now
2019-08-24 03:34:06,878 WARN  client.GrpcClientProtocolService (LogUtils.java:warn(134)) - 1-UnorderedRequestStreamObserver1: onError: org.apache.ratis.thirdparty.io.grpc.StatusRuntimeException: CANCELLED: cancelled before receiving half close
2019-08-24 03:34:06,878 INFO  server.GrpcService (GrpcService.java:closeImpl(163)) - effec267-9718-4f52-949a-788aed2f64c8: shutdown server with port 40842 successfully
2019-08-24 03:34:06,880 INFO  utils.BackgroundService (BackgroundService.java:shutdown(148)) - Shutting down service BlockDeletingService
2019-08-24 03:34:06,882 WARN  fs.CachingGetSpaceUsed (CachingGetSpaceUsed.java:run(183)) - Thread Interrupted waiting to refresh disk information: sleep interrupted
2019-08-24 03:34:06,897 INFO  statemachine.DatanodeStateMachine (DatanodeStateMachine.java:stopDaemon(395)) - Ozone container server stopped.
2019-08-24 03:34:06,898 INFO  handler.ContextHandler (ContextHandler.java:doStop(910)) - Stopped o.e.j.w.WebAppContext@1e5f3c4a{/,null,UNAVAILABLE}{/hddsDatanode}
2019-08-24 03:34:06,898 INFO  server.AbstractConnector (AbstractConnector.java:doStop(318)) - Stopped ServerConnector@2aea7775{HTTP/1.1,[http/1.1]}{0.0.0.0:0}
2019-08-24 03:34:06,899 INFO  handler.ContextHandler (ContextHandler.java:doStop(910)) - Stopped o.e.j.s.ServletContextHandler@61f62b80{/static,jar:file:/home/user/.m2/repository/org/apache/hadoop/hadoop-hdds-container-service/0.4.1-SNAPSHOT/hadoop-hdds-container-service-0.4.1-SNAPSHOT.jar!/webapps/static,UNAVAILABLE}
2019-08-24 03:34:06,899 INFO  handler.ContextHandler (ContextHandler.java:doStop(910)) - Stopped o.e.j.s.ServletContextHandler@49aa6081{/logs,file:///workdir/hadoop-ozone/integration-test/target/log,UNAVAILABLE}
2019-08-24 03:34:06,900 INFO  datanode.ObjectStoreHandler (ObjectStoreHandler.java:close(155)) - Closing ObjectStoreHandler.
2019-08-24 03:34:06,901 INFO  ozone.HddsDatanodeService (HddsDatanodeService.java:stop(451)) - Stopped plug-in org.apache.hadoop.ozone.web.OzoneHddsDatanodeService@57ac220f
2019-08-24 03:34:06,905 INFO  statemachine.DatanodeStateMachine (DatanodeStateMachine.java:stopDaemon(395)) - Ozone container server stopped.
2019-08-24 03:34:06,911 INFO  handler.ContextHandler (ContextHandler.java:doStop(910)) - Stopped o.e.j.w.WebAppContext@6dc98c02{/,null,UNAVAILABLE}{/hddsDatanode}
2019-08-24 03:34:06,911 INFO  server.AbstractConnector (AbstractConnector.java:doStop(318)) - Stopped ServerConnector@7af4286{HTTP/1.1,[http/1.1]}{0.0.0.0:0}
2019-08-24 03:34:06,913 INFO  handler.ContextHandler (ContextHandler.java:doStop(910)) - Stopped o.e.j.s.ServletContextHandler@508de524{/static,jar:file:/home/user/.m2/repository/org/apache/hadoop/hadoop-hdds-container-service/0.4.1-SNAPSHOT/hadoop-hdds-container-service-0.4.1-SNAPSHOT.jar!/webapps/static,UNAVAILABLE}
2019-08-24 03:34:06,914 INFO  handler.ContextHandler (ContextHandler.java:doStop(910)) - Stopped o.e.j.s.ServletContextHandler@3fc064cb{/logs,file:///workdir/hadoop-ozone/integration-test/target/log,UNAVAILABLE}
2019-08-24 03:34:06,915 INFO  datanode.ObjectStoreHandler (ObjectStoreHandler.java:close(155)) - Closing ObjectStoreHandler.
2019-08-24 03:34:06,916 INFO  ozone.HddsDatanodeService (HddsDatanodeService.java:stop(451)) - Stopped plug-in org.apache.hadoop.ozone.web.OzoneHddsDatanodeService@3dc70aa0
2019-08-24 03:34:06,935 INFO  statemachine.DatanodeStateMachine (DatanodeStateMachine.java:lambda$startDaemon$0(350)) - Ozone container server started.
2019-08-24 03:34:07,559 INFO  statemachine.DatanodeStateMachine (DatanodeStateMachine.java:lambda$startDaemon$0(350)) - Ozone container server started.
2019-08-24 03:34:07,560 | INFO  | SCMAudit | user=jenkins1000 | ip=192.168.69.87 | op=SEND_HEARTBEAT {datanodeUUID=69d09fd6-b904-4e1e-8a2a-76bd34232c3f, command=[commandType: closeContainerCommand closeContainerCommandProto { containerID: 2 pipelineID { id: "dd777e94-9667-486b-a038-741337134b4e" } cmdId: 2 force: false } ]} | ret=SUCCESS |  
2019-08-24 03:34:07,739 | INFO  | SCMAudit | user=jenkins1000 | ip=192.168.69.87 | op=SEND_HEARTBEAT {datanodeUUID=0f6d25e7-ce21-4fce-8b55-97dd0a754253, command=[]} | ret=SUCCESS |  
2019-08-24 03:34:08,560 | INFO  | SCMAudit | user=jenkins1000 | ip=192.168.69.87 | op=SEND_HEARTBEAT {datanodeUUID=69d09fd6-b904-4e1e-8a2a-76bd34232c3f, command=[]} | ret=SUCCESS |  
2019-08-24 03:34:08,739 | INFO  | SCMAudit | user=jenkins1000 | ip=192.168.69.87 | op=SEND_HEARTBEAT {datanodeUUID=0f6d25e7-ce21-4fce-8b55-97dd0a754253, command=[]} | ret=SUCCESS |  
2019-08-24 03:34:09,560 | INFO  | SCMAudit | user=jenkins1000 | ip=192.168.69.87 | op=SEND_HEARTBEAT {datanodeUUID=69d09fd6-b904-4e1e-8a2a-76bd34232c3f, command=[]} | ret=SUCCESS |  
2019-08-24 03:34:09,568 | INFO  | SCMAudit | user=jenkins1000 | ip=192.168.69.87 | op=SEND_HEARTBEAT {datanodeUUID=69d09fd6-b904-4e1e-8a2a-76bd34232c3f, command=[]} | ret=SUCCESS |  
2019-08-24 03:34:09,739 | INFO  | SCMAudit | user=jenkins1000 | ip=192.168.69.87 | op=SEND_HEARTBEAT {datanodeUUID=0f6d25e7-ce21-4fce-8b55-97dd0a754253, command=[]} | ret=SUCCESS |  
2019-08-24 03:34:10,568 | INFO  | SCMAudit | user=jenkins1000 | ip=192.168.69.87 | op=SEND_HEARTBEAT {datanodeUUID=69d09fd6-b904-4e1e-8a2a-76bd34232c3f, command=[]} | ret=SUCCESS |  
2019-08-24 03:34:10,739 | INFO  | SCMAudit | user=jenkins1000 | ip=192.168.69.87 | op=SEND_HEARTBEAT {datanodeUUID=0f6d25e7-ce21-4fce-8b55-97dd0a754253, command=[]} | ret=SUCCESS |  
2019-08-24 03:34:11,002 INFO  node.StaleNodeHandler (StaleNodeHandler.java:onMessage(58)) - Datanode dc75a801-41d0-4005-9753-f538f4cd9742{ip: 192.168.69.87, host: byscane-nightly-sgbhv-2167721923, networkLocation: /default-rack, certSerialId: null} moved to stale state. Finalizing its pipelines [PipelineID=7e47367f-e49e-406a-bd31-bb10c1a46019, PipelineID=efc69019-5311-413b-ac25-ddb39d49969d]
2019-08-24 03:34:11,002 INFO  pipeline.SCMPipelineManager (SCMPipelineManager.java:finalizeAndDestroyPipeline(309)) - destroying pipeline:Pipeline[ Id: 7e47367f-e49e-406a-bd31-bb10c1a46019, Nodes: 4f891048-4eaf-4b95-bfc9-bb119accb8ee{ip: 192.168.69.87, host: byscane-nightly-sgbhv-2167721923, networkLocation: /default-rack, certSerialId: null}dc75a801-41d0-4005-9753-f538f4cd9742{ip: 192.168.69.87, host: byscane-nightly-sgbhv-2167721923, networkLocation: /default-rack, certSerialId: null}a923f5ad-f693-4fff-a7c9-30675751bb26{ip: 192.168.69.87, host: byscane-nightly-sgbhv-2167721923, networkLocation: /default-rack, certSerialId: null}, Type:RATIS, Factor:THREE, State:CLOSED]
2019-08-24 03:34:11,002 INFO  pipeline.SCMPipelineManager (SCMPipelineManager.java:finalizeAndDestroyPipeline(309)) - destroying pipeline:Pipeline[ Id: efc69019-5311-413b-ac25-ddb39d49969d, Nodes: dc75a801-41d0-4005-9753-f538f4cd9742{ip: 192.168.69.87, host: byscane-nightly-sgbhv-2167721923, networkLocation: /default-rack, certSerialId: null}, Type:RATIS, Factor:ONE, State:OPEN]
2019-08-24 03:34:11,002 INFO  pipeline.PipelineStateManager (PipelineStateManager.java:finalizePipeline(123)) - Pipeline Pipeline[ Id: efc69019-5311-413b-ac25-ddb39d49969d, Nodes: dc75a801-41d0-4005-9753-f538f4cd9742{ip: 192.168.69.87, host: byscane-nightly-sgbhv-2167721923, networkLocation: /default-rack, certSerialId: null}, Type:RATIS, Factor:ONE, State:CLOSED] moved to CLOSED state
2019-08-24 03:34:11,568 | INFO  | SCMAudit | user=jenkins1000 | ip=192.168.69.87 | op=SEND_HEARTBEAT {datanodeUUID=69d09fd6-b904-4e1e-8a2a-76bd34232c3f, command=[]} | ret=SUCCESS |  
2019-08-24 03:34:11,602 INFO  node.StaleNodeHandler (StaleNodeHandler.java:onMessage(58)) - Datanode dcc12217-51b2-406c-9e3d-e39da684196b{ip: 192.168.69.87, host: byscane-nightly-sgbhv-2167721923, networkLocation: /default-rack, certSerialId: null} moved to stale state. Finalizing its pipelines [PipelineID=dd777e94-9667-486b-a038-741337134b4e, PipelineID=afdb17f9-ed8e-4915-956d-419ac3a78955]
2019-08-24 03:34:11,603 INFO  pipeline.SCMPipelineManager (SCMPipelineManager.java:finalizeAndDestroyPipeline(309)) - destroying pipeline:Pipeline[ Id: dd777e94-9667-486b-a038-741337134b4e, Nodes: effec267-9718-4f52-949a-788aed2f64c8{ip: 192.168.69.87, host: byscane-nightly-sgbhv-2167721923, networkLocation: /default-rack, certSerialId: null}69d09fd6-b904-4e1e-8a2a-76bd34232c3f{ip: 192.168.69.87, host: byscane-nightly-sgbhv-2167721923, networkLocation: /default-rack, certSerialId: null}dcc12217-51b2-406c-9e3d-e39da684196b{ip: 192.168.69.87, host: byscane-nightly-sgbhv-2167721923, networkLocation: /default-rack, certSerialId: null}, Type:RATIS, Factor:THREE, State:CLOSED]
2019-08-24 03:34:11,603 INFO  pipeline.SCMPipelineManager (SCMPipelineManager.java:finalizeAndDestroyPipeline(309)) - destroying pipeline:Pipeline[ Id: afdb17f9-ed8e-4915-956d-419ac3a78955, Nodes: dcc12217-51b2-406c-9e3d-e39da684196b{ip: 192.168.69.87, host: byscane-nightly-sgbhv-2167721923, networkLocation: /default-rack, certSerialId: null}, Type:RATIS, Factor:ONE, State:OPEN]
2019-08-24 03:34:11,603 INFO  pipeline.PipelineStateManager (PipelineStateManager.java:finalizePipeline(123)) - Pipeline Pipeline[ Id: afdb17f9-ed8e-4915-956d-419ac3a78955, Nodes: dcc12217-51b2-406c-9e3d-e39da684196b{ip: 192.168.69.87, host: byscane-nightly-sgbhv-2167721923, networkLocation: /default-rack, certSerialId: null}, Type:RATIS, Factor:ONE, State:CLOSED] moved to CLOSED state
2019-08-24 03:34:11,739 | INFO  | SCMAudit | user=jenkins1000 | ip=192.168.69.87 | op=SEND_HEARTBEAT {datanodeUUID=0f6d25e7-ce21-4fce-8b55-97dd0a754253, command=[]} | ret=SUCCESS |  
2019-08-24 03:34:11,901 INFO  ozoneimpl.OzoneContainer (OzoneContainer.java:stop(199)) - Attempting to stop container services.
2019-08-24 03:34:11,902 INFO  impl.RaftServerProxy (RaftServerProxy.java:lambda$close$4(314)) - dc75a801-41d0-4005-9753-f538f4cd9742: close
2019-08-24 03:34:11,902 INFO  impl.RaftServerImpl (RaftServerImpl.java:lambda$shutdown$3(245)) - dc75a801-41d0-4005-9753-f538f4cd9742: shutdown group-BB10C1A46019
2019-08-24 03:34:11,903 INFO  util.JmxRegister (JmxRegister.java:unregister(73)) - Successfully un-registered JMX Bean with object name Ratis:service=RaftServer,group=group-BB10C1A46019,id=dc75a801-41d0-4005-9753-f538f4cd9742
2019-08-24 03:34:11,903 INFO  impl.RoleInfo (RoleInfo.java:shutdownFollowerState(121)) - dc75a801-41d0-4005-9753-f538f4cd9742: shutdown FollowerState
2019-08-24 03:34:11,904 INFO  impl.StateMachineUpdater (StateMachineUpdater.java:stopAndJoin(115)) - StateMachineUpdater:dc75a801-41d0-4005-9753-f538f4cd9742:group-BB10C1A46019: set stopIndex = 18
2019-08-24 03:34:11,904 INFO  impl.FollowerState (FollowerState.java:run(114)) - dc75a801-41d0-4005-9753-f538f4cd9742: FollowerState was interrupted: java.lang.InterruptedException: sleep interrupted
2019-08-24 03:34:11,904 INFO  ratis.ContainerStateMachine (ContainerStateMachine.java:takeSnapshot(262)) - group-BB10C1A46019: Taking a snapshot at:(t:1, i:14) file /workdir/hadoop-ozone/integration-test/target/test-dir/MiniOzoneClusterImpl-581dd6e5-c089-4ac1-8c4d-803d6bc9a32c/datanode-3/data/ratis/7e47367f-e49e-406a-bd31-bb10c1a46019/sm/snapshot.1_14
2019-08-24 03:34:11,916 INFO  ozoneimpl.OzoneContainer (OzoneContainer.java:stop(199)) - Attempting to stop container services.
2019-08-24 03:34:11,916 INFO  impl.RaftServerProxy (RaftServerProxy.java:lambda$close$4(314)) - dcc12217-51b2-406c-9e3d-e39da684196b: close
2019-08-24 03:34:11,917 INFO  impl.RaftServerImpl (RaftServerImpl.java:lambda$shutdown$3(245)) - dcc12217-51b2-406c-9e3d-e39da684196b: shutdown group-741337134B4E
2019-08-24 03:34:11,917 INFO  util.JmxRegister (JmxRegister.java:unregister(73)) - Successfully un-registered JMX Bean with object name Ratis:service=RaftServer,group=group-741337134B4E,id=dcc12217-51b2-406c-9e3d-e39da684196b
2019-08-24 03:34:11,917 INFO  impl.RoleInfo (RoleInfo.java:shutdownFollowerState(121)) - dcc12217-51b2-406c-9e3d-e39da684196b: shutdown FollowerState
2019-08-24 03:34:11,917 INFO  impl.StateMachineUpdater (StateMachineUpdater.java:stopAndJoin(115)) - StateMachineUpdater:dcc12217-51b2-406c-9e3d-e39da684196b:group-741337134B4E: set stopIndex = 17
2019-08-24 03:34:11,918 INFO  ratis.ContainerStateMachine (ContainerStateMachine.java:takeSnapshot(262)) - group-741337134B4E: Taking a snapshot at:(t:3, i:15) file /workdir/hadoop-ozone/integration-test/target/test-dir/MiniOzoneClusterImpl-581dd6e5-c089-4ac1-8c4d-803d6bc9a32c/datanode-2/data/ratis/dd777e94-9667-486b-a038-741337134b4e/sm/snapshot.3_15
2019-08-24 03:34:11,918 INFO  impl.FollowerState (FollowerState.java:run(114)) - dcc12217-51b2-406c-9e3d-e39da684196b: FollowerState was interrupted: java.lang.InterruptedException: sleep interrupted
2019-08-24 03:34:11,919 INFO  ratis.ContainerStateMachine (ContainerStateMachine.java:takeSnapshot(273)) - group-BB10C1A46019: Finished taking a snapshot at:(t:1, i:14) file:/workdir/hadoop-ozone/integration-test/target/test-dir/MiniOzoneClusterImpl-581dd6e5-c089-4ac1-8c4d-803d6bc9a32c/datanode-3/data/ratis/7e47367f-e49e-406a-bd31-bb10c1a46019/sm/snapshot.1_14 time:16
2019-08-24 03:34:11,919 INFO  impl.StateMachineUpdater (StateMachineUpdater.java:takeSnapshot(242)) - StateMachineUpdater:dc75a801-41d0-4005-9753-f538f4cd9742:group-BB10C1A46019: Took a snapshot at index 14
2019-08-24 03:34:11,919 INFO  impl.StateMachineUpdater (StateMachineUpdater.java:lambda$new$0(80)) - StateMachineUpdater:dc75a801-41d0-4005-9753-f538f4cd9742:group-BB10C1A46019: snapshotIndex: updateIncreasingly -1 -> 14
2019-08-24 03:34:11,920 INFO  impl.RaftServerImpl (ServerState.java:close(394)) - dc75a801-41d0-4005-9753-f538f4cd9742:group-BB10C1A46019 closes. The last applied log index is 18
2019-08-24 03:34:11,920 INFO  segmented.SegmentedRaftLogWorker (SegmentedRaftLogWorker.java:run(313)) - dc75a801-41d0-4005-9753-f538f4cd9742-SegmentedRaftLogWorker:Storage Directory /workdir/hadoop-ozone/integration-test/target/test-dir/MiniOzoneClusterImpl-581dd6e5-c089-4ac1-8c4d-803d6bc9a32c/datanode-3/data/ratis/7e47367f-e49e-406a-bd31-bb10c1a46019 was interrupted, exiting. There are 0 tasks remaining in the queue.
2019-08-24 03:34:11,922 INFO  ratis.ContainerStateMachine (ContainerStateMachine.java:takeSnapshot(273)) - group-741337134B4E: Finished taking a snapshot at:(t:3, i:15) file:/workdir/hadoop-ozone/integration-test/target/test-dir/MiniOzoneClusterImpl-581dd6e5-c089-4ac1-8c4d-803d6bc9a32c/datanode-2/data/ratis/dd777e94-9667-486b-a038-741337134b4e/sm/snapshot.3_15 time:5
2019-08-24 03:34:11,922 INFO  segmented.SegmentedRaftLogWorker (SegmentedRaftLogWorker.java:close(228)) - dc75a801-41d0-4005-9753-f538f4cd9742-SegmentedRaftLogWorker:Storage Directory /workdir/hadoop-ozone/integration-test/target/test-dir/MiniOzoneClusterImpl-581dd6e5-c089-4ac1-8c4d-803d6bc9a32c/datanode-3/data/ratis/7e47367f-e49e-406a-bd31-bb10c1a46019 close()
2019-08-24 03:34:11,922 INFO  impl.StateMachineUpdater (StateMachineUpdater.java:takeSnapshot(242)) - StateMachineUpdater:dcc12217-51b2-406c-9e3d-e39da684196b:group-741337134B4E: Took a snapshot at index 15
2019-08-24 03:34:11,926 INFO  impl.StateMachineUpdater (StateMachineUpdater.java:lambda$new$0(80)) - StateMachineUpdater:dcc12217-51b2-406c-9e3d-e39da684196b:group-741337134B4E: snapshotIndex: updateIncreasingly -1 -> 15
2019-08-24 03:34:11,926 INFO  impl.RaftServerImpl (RaftServerImpl.java:lambda$shutdown$3(245)) - dc75a801-41d0-4005-9753-f538f4cd9742: shutdown group-DDB39D49969D
2019-08-24 03:34:11,926 INFO  impl.RaftServerImpl (ServerState.java:close(394)) - dcc12217-51b2-406c-9e3d-e39da684196b:group-741337134B4E closes. The last applied log index is 17
2019-08-24 03:34:11,926 INFO  util.JmxRegister (JmxRegister.java:unregister(73)) - Successfully un-registered JMX Bean with object name Ratis:service=RaftServer,group=group-DDB39D49969D,id=dc75a801-41d0-4005-9753-f538f4cd9742
2019-08-24 03:34:11,927 INFO  segmented.SegmentedRaftLogWorker (SegmentedRaftLogWorker.java:run(313)) - dcc12217-51b2-406c-9e3d-e39da684196b-SegmentedRaftLogWorker:Storage Directory /workdir/hadoop-ozone/integration-test/target/test-dir/MiniOzoneClusterImpl-581dd6e5-c089-4ac1-8c4d-803d6bc9a32c/datanode-2/data/ratis/dd777e94-9667-486b-a038-741337134b4e was interrupted, exiting. There are 0 tasks remaining in the queue.
2019-08-24 03:34:11,927 INFO  impl.RoleInfo (RoleInfo.java:shutdownLeaderState(104)) - dc75a801-41d0-4005-9753-f538f4cd9742: shutdown LeaderState
2019-08-24 03:34:11,929 INFO  segmented.SegmentedRaftLogWorker (SegmentedRaftLogWorker.java:close(228)) - dcc12217-51b2-406c-9e3d-e39da684196b-SegmentedRaftLogWorker:Storage Directory /workdir/hadoop-ozone/integration-test/target/test-dir/MiniOzoneClusterImpl-581dd6e5-c089-4ac1-8c4d-803d6bc9a32c/datanode-2/data/ratis/dd777e94-9667-486b-a038-741337134b4e close()
2019-08-24 03:34:11,929 INFO  impl.PendingRequests (PendingRequests.java:sendNotLeaderResponses(202)) - dc75a801-41d0-4005-9753-f538f4cd9742-PendingRequests: sendNotLeaderResponses
2019-08-24 03:34:11,932 INFO  impl.RaftServerImpl (RaftServerImpl.java:lambda$shutdown$3(245)) - dcc12217-51b2-406c-9e3d-e39da684196b: shutdown group-419AC3A78955
2019-08-24 03:34:11,933 INFO  impl.StateMachineUpdater (StateMachineUpdater.java:stopAndJoin(115)) - StateMachineUpdater:dc75a801-41d0-4005-9753-f538f4cd9742:group-DDB39D49969D: set stopIndex = 0
2019-08-24 03:34:11,933 INFO  impl.RaftServerImpl (ServerState.java:close(394)) - dc75a801-41d0-4005-9753-f538f4cd9742:group-DDB39D49969D closes. The last applied log index is 0
2019-08-24 03:34:11,933 INFO  util.JmxRegister (JmxRegister.java:unregister(73)) - Successfully un-registered JMX Bean with object name Ratis:service=RaftServer,group=group-419AC3A78955,id=dcc12217-51b2-406c-9e3d-e39da684196b
2019-08-24 03:34:11,934 INFO  segmented.SegmentedRaftLogWorker (SegmentedRaftLogWorker.java:run(313)) - dc75a801-41d0-4005-9753-f538f4cd9742-SegmentedRaftLogWorker:Storage Directory /workdir/hadoop-ozone/integration-test/target/test-dir/MiniOzoneClusterImpl-581dd6e5-c089-4ac1-8c4d-803d6bc9a32c/datanode-3/data/ratis/efc69019-5311-413b-ac25-ddb39d49969d was interrupted, exiting. There are 0 tasks remaining in the queue.
2019-08-24 03:34:11,934 INFO  impl.RoleInfo (RoleInfo.java:shutdownLeaderState(104)) - dcc12217-51b2-406c-9e3d-e39da684196b: shutdown LeaderState
2019-08-24 03:34:11,935 INFO  segmented.SegmentedRaftLogWorker (SegmentedRaftLogWorker.java:close(228)) - dc75a801-41d0-4005-9753-f538f4cd9742-SegmentedRaftLogWorker:Storage Directory /workdir/hadoop-ozone/integration-test/target/test-dir/MiniOzoneClusterImpl-581dd6e5-c089-4ac1-8c4d-803d6bc9a32c/datanode-3/data/ratis/efc69019-5311-413b-ac25-ddb39d49969d close()
2019-08-24 03:34:11,936 INFO  impl.PendingRequests (PendingRequests.java:sendNotLeaderResponses(202)) - dcc12217-51b2-406c-9e3d-e39da684196b-PendingRequests: sendNotLeaderResponses
2019-08-24 03:34:11,939 INFO  server.GrpcService (GrpcService.java:closeImpl(155)) - dc75a801-41d0-4005-9753-f538f4cd9742: shutdown server with port 37626 now
2019-08-24 03:34:11,939 INFO  impl.StateMachineUpdater (StateMachineUpdater.java:stopAndJoin(115)) - StateMachineUpdater:dcc12217-51b2-406c-9e3d-e39da684196b:group-419AC3A78955: set stopIndex = 0
2019-08-24 03:34:11,940 INFO  server.GrpcService (GrpcService.java:closeImpl(163)) - dc75a801-41d0-4005-9753-f538f4cd9742: shutdown server with port 37626 successfully
2019-08-24 03:34:11,940 INFO  impl.RaftServerImpl (ServerState.java:close(394)) - dcc12217-51b2-406c-9e3d-e39da684196b:group-419AC3A78955 closes. The last applied log index is 0
2019-08-24 03:34:11,941 INFO  segmented.SegmentedRaftLogWorker (SegmentedRaftLogWorker.java:run(313)) - dcc12217-51b2-406c-9e3d-e39da684196b-SegmentedRaftLogWorker:Storage Directory /workdir/hadoop-ozone/integration-test/target/test-dir/MiniOzoneClusterImpl-581dd6e5-c089-4ac1-8c4d-803d6bc9a32c/datanode-2/data/ratis/afdb17f9-ed8e-4915-956d-419ac3a78955 was interrupted, exiting. There are 0 tasks remaining in the queue.
2019-08-24 03:34:11,948 INFO  segmented.SegmentedRaftLogWorker (SegmentedRaftLogWorker.java:close(228)) - dcc12217-51b2-406c-9e3d-e39da684196b-SegmentedRaftLogWorker:Storage Directory /workdir/hadoop-ozone/integration-test/target/test-dir/MiniOzoneClusterImpl-581dd6e5-c089-4ac1-8c4d-803d6bc9a32c/datanode-2/data/ratis/afdb17f9-ed8e-4915-956d-419ac3a78955 close()
2019-08-24 03:34:11,948 INFO  utils.BackgroundService (BackgroundService.java:shutdown(148)) - Shutting down service BlockDeletingService
2019-08-24 03:34:11,950 INFO  server.GrpcService (GrpcService.java:closeImpl(155)) - dcc12217-51b2-406c-9e3d-e39da684196b: shutdown server with port 41689 now
2019-08-24 03:34:11,951 INFO  server.GrpcService (GrpcService.java:closeImpl(163)) - dcc12217-51b2-406c-9e3d-e39da684196b: shutdown server with port 41689 successfully
2019-08-24 03:34:11,951 WARN  fs.CachingGetSpaceUsed (CachingGetSpaceUsed.java:run(183)) - Thread Interrupted waiting to refresh disk information: sleep interrupted
2019-08-24 03:34:11,953 INFO  utils.BackgroundService (BackgroundService.java:shutdown(148)) - Shutting down service BlockDeletingService
2019-08-24 03:34:11,955 WARN  fs.CachingGetSpaceUsed (CachingGetSpaceUsed.java:run(183)) - Thread Interrupted waiting to refresh disk information: sleep interrupted
2019-08-24 03:34:11,971 INFO  statemachine.DatanodeStateMachine (DatanodeStateMachine.java:stopDaemon(395)) - Ozone container server stopped.
2019-08-24 03:34:11,972 INFO  handler.ContextHandler (ContextHandler.java:doStop(910)) - Stopped o.e.j.w.WebAppContext@7a7fdc1a{/,null,UNAVAILABLE}{/hddsDatanode}
2019-08-24 03:34:11,973 INFO  server.AbstractConnector (AbstractConnector.java:doStop(318)) - Stopped ServerConnector@28f5a003{HTTP/1.1,[http/1.1]}{0.0.0.0:0}
2019-08-24 03:34:11,973 INFO  handler.ContextHandler (ContextHandler.java:doStop(910)) - Stopped o.e.j.s.ServletContextHandler@41dcfd0{/static,jar:file:/home/user/.m2/repository/org/apache/hadoop/hadoop-hdds-container-service/0.4.1-SNAPSHOT/hadoop-hdds-container-service-0.4.1-SNAPSHOT.jar!/webapps/static,UNAVAILABLE}
2019-08-24 03:34:11,973 INFO  handler.ContextHandler (ContextHandler.java:doStop(910)) - Stopped o.e.j.s.ServletContextHandler@75f67fe5{/logs,file:///workdir/hadoop-ozone/integration-test/target/log,UNAVAILABLE}
2019-08-24 03:34:11,974 INFO  datanode.ObjectStoreHandler (ObjectStoreHandler.java:close(155)) - Closing ObjectStoreHandler.
2019-08-24 03:34:11,975 INFO  ozone.HddsDatanodeService (HddsDatanodeService.java:stop(451)) - Stopped plug-in org.apache.hadoop.ozone.web.OzoneHddsDatanodeService@6272936b
2019-08-24 03:34:11,983 INFO  statemachine.DatanodeStateMachine (DatanodeStateMachine.java:stopDaemon(395)) - Ozone container server stopped.
2019-08-24 03:34:11,988 INFO  handler.ContextHandler (ContextHandler.java:doStop(910)) - Stopped o.e.j.w.WebAppContext@4707d60a{/,null,UNAVAILABLE}{/hddsDatanode}
2019-08-24 03:34:11,989 INFO  server.AbstractConnector (AbstractConnector.java:doStop(318)) - Stopped ServerConnector@4d7f3adf{HTTP/1.1,[http/1.1]}{0.0.0.0:0}
2019-08-24 03:34:11,990 INFO  handler.ContextHandler (ContextHandler.java:doStop(910)) - Stopped o.e.j.s.ServletContextHandler@71cdde0c{/static,jar:file:/home/user/.m2/repository/org/apache/hadoop/hadoop-hdds-container-service/0.4.1-SNAPSHOT/hadoop-hdds-container-service-0.4.1-SNAPSHOT.jar!/webapps/static,UNAVAILABLE}
2019-08-24 03:34:11,992 INFO  handler.ContextHandler (ContextHandler.java:doStop(910)) - Stopped o.e.j.s.ServletContextHandler@7bbab46e{/logs,file:///workdir/hadoop-ozone/integration-test/target/log,UNAVAILABLE}
2019-08-24 03:34:11,992 INFO  datanode.ObjectStoreHandler (ObjectStoreHandler.java:close(155)) - Closing ObjectStoreHandler.
2019-08-24 03:34:11,993 INFO  ozone.HddsDatanodeService (HddsDatanodeService.java:stop(451)) - Stopped plug-in org.apache.hadoop.ozone.web.OzoneHddsDatanodeService@5ab0168
2019-08-24 03:34:12,567 INFO  statemachine.DatanodeStateMachine (DatanodeStateMachine.java:lambda$startDaemon$0(350)) - Ozone container server started.
2019-08-24 03:34:12,739 INFO  statemachine.DatanodeStateMachine (DatanodeStateMachine.java:lambda$startDaemon$0(350)) - Ozone container server started.
2019-08-24 03:34:16,035 INFO  impl.FollowerState (FollowerState.java:run(106)) - 69d09fd6-b904-4e1e-8a2a-76bd34232c3f:group-741337134B4E changes to CANDIDATE, lastRpcTime:9252, electionTimeout:5190ms
2019-08-24 03:34:16,035 INFO  impl.RoleInfo (RoleInfo.java:shutdownFollowerState(121)) - 69d09fd6-b904-4e1e-8a2a-76bd34232c3f: shutdown FollowerState
2019-08-24 03:34:16,035 INFO  impl.RaftServerImpl (RaftServerImpl.java:setRole(171)) - 69d09fd6-b904-4e1e-8a2a-76bd34232c3f:group-741337134B4E changes role from FOLLOWER to CANDIDATE at term 3 for changeToCandidate
2019-08-24 03:34:16,035 INFO  impl.RoleInfo (RoleInfo.java:updateAndGet(143)) - 69d09fd6-b904-4e1e-8a2a-76bd34232c3f: start LeaderElection
2019-08-24 03:34:16,036 INFO  impl.RaftServerImpl (ServerState.java:setLeader(263)) - 69d09fd6-b904-4e1e-8a2a-76bd34232c3f:group-741337134B4E change Leader from effec267-9718-4f52-949a-788aed2f64c8 to null at term 3 for initElection
2019-08-24 03:34:16,050 INFO  impl.LeaderElection (LeaderElection.java:askForVotes(181)) - 69d09fd6-b904-4e1e-8a2a-76bd34232c3f:group-741337134B4E:LeaderElection81: begin an election at term 4 for 1: [69d09fd6-b904-4e1e-8a2a-76bd34232c3f:192.168.69.87:46152, dcc12217-51b2-406c-9e3d-e39da684196b:192.168.69.87:41689, effec267-9718-4f52-949a-788aed2f64c8:192.168.69.87:40842], old=null
2019-08-24 03:34:16,052 INFO  impl.LeaderElection (LogUtils.java:infoOrTrace(149)) - 69d09fd6-b904-4e1e-8a2a-76bd34232c3f:group-741337134B4E:LeaderElection81 got exception when requesting votes: {}
java.util.concurrent.ExecutionException: org.apache.ratis.thirdparty.io.grpc.StatusRuntimeException: UNAVAILABLE: io exception
	at java.util.concurrent.FutureTask.report(FutureTask.java:122)
	at java.util.concurrent.FutureTask.get(FutureTask.java:192)
	at org.apache.ratis.server.impl.LeaderElection.waitForResults(LeaderElection.java:262)
	at org.apache.ratis.server.impl.LeaderElection.askForVotes(LeaderElection.java:200)
	at org.apache.ratis.server.impl.LeaderElection.run(LeaderElection.java:130)
	at java.lang.Thread.run(Thread.java:748)
Caused by: org.apache.ratis.thirdparty.io.grpc.StatusRuntimeException: UNAVAILABLE: io exception
	at org.apache.ratis.thirdparty.io.grpc.stub.ClientCalls.toStatusRuntimeException(ClientCalls.java:233)
	at org.apache.ratis.thirdparty.io.grpc.stub.ClientCalls.getUnchecked(ClientCalls.java:214)
	at org.apache.ratis.thirdparty.io.grpc.stub.ClientCalls.blockingUnaryCall(ClientCalls.java:139)
	at org.apache.ratis.proto.grpc.RaftServerProtocolServiceGrpc$RaftServerProtocolServiceBlockingStub.requestVote(RaftServerProtocolServiceGrpc.java:265)
	at org.apache.ratis.grpc.server.GrpcServerProtocolClient.requestVote(GrpcServerProtocolClient.java:83)
	at org.apache.ratis.grpc.server.GrpcService.requestVote(GrpcService.java:195)
	at org.apache.ratis.server.impl.LeaderElection.lambda$submitRequests$1(LeaderElection.java:237)
	at java.util.concurrent.FutureTask.run(FutureTask.java:266)
	at java.util.concurrent.Executors$RunnableAdapter.call(Executors.java:511)
	at java.util.concurrent.FutureTask.run(FutureTask.java:266)
	at java.util.concurrent.ThreadPoolExecutor.runWorker(ThreadPoolExecutor.java:1149)
	at java.util.concurrent.ThreadPoolExecutor$Worker.run(ThreadPoolExecutor.java:624)
	... 1 more
Caused by: org.apache.ratis.thirdparty.io.netty.channel.AbstractChannel$AnnotatedConnectException: Connection refused: /192.168.69.87:40842
	at sun.nio.ch.SocketChannelImpl.checkConnect(Native Method)
	at sun.nio.ch.SocketChannelImpl.finishConnect(SocketChannelImpl.java:717)
	at org.apache.ratis.thirdparty.io.netty.channel.socket.nio.NioSocketChannel.doFinishConnect(NioSocketChannel.java:327)
	at org.apache.ratis.thirdparty.io.netty.channel.nio.AbstractNioChannel$AbstractNioUnsafe.finishConnect(AbstractNioChannel.java:340)
	at org.apache.ratis.thirdparty.io.netty.channel.nio.NioEventLoop.processSelectedKey(NioEventLoop.java:632)
	at org.apache.ratis.thirdparty.io.netty.channel.nio.NioEventLoop.processSelectedKeysOptimized(NioEventLoop.java:579)
	at org.apache.ratis.thirdparty.io.netty.channel.nio.NioEventLoop.processSelectedKeys(NioEventLoop.java:496)
	at org.apache.ratis.thirdparty.io.netty.channel.nio.NioEventLoop.run(NioEventLoop.java:458)
	at org.apache.ratis.thirdparty.io.netty.util.concurrent.SingleThreadEventExecutor$5.run(SingleThreadEventExecutor.java:897)
	at org.apache.ratis.thirdparty.io.netty.util.concurrent.FastThreadLocalRunnable.run(FastThreadLocalRunnable.java:30)
	... 1 more
Caused by: java.net.ConnectException: Connection refused
	... 11 more
2019-08-24 03:34:16,054 INFO  impl.LeaderElection (LogUtils.java:infoOrTrace(149)) - 69d09fd6-b904-4e1e-8a2a-76bd34232c3f:group-741337134B4E:LeaderElection81 got exception when requesting votes: {}
java.util.concurrent.ExecutionException: org.apache.ratis.thirdparty.io.grpc.StatusRuntimeException: UNAVAILABLE: io exception
	at java.util.concurrent.FutureTask.report(FutureTask.java:122)
	at java.util.concurrent.FutureTask.get(FutureTask.java:192)
	at org.apache.ratis.server.impl.LeaderElection.waitForResults(LeaderElection.java:262)
	at org.apache.ratis.server.impl.LeaderElection.askForVotes(LeaderElection.java:200)
	at org.apache.ratis.server.impl.LeaderElection.run(LeaderElection.java:130)
	at java.lang.Thread.run(Thread.java:748)
Caused by: org.apache.ratis.thirdparty.io.grpc.StatusRuntimeException: UNAVAILABLE: io exception
	at org.apache.ratis.thirdparty.io.grpc.stub.ClientCalls.toStatusRuntimeException(ClientCalls.java:233)
	at org.apache.ratis.thirdparty.io.grpc.stub.ClientCalls.getUnchecked(ClientCalls.java:214)
	at org.apache.ratis.thirdparty.io.grpc.stub.ClientCalls.blockingUnaryCall(ClientCalls.java:139)
	at org.apache.ratis.proto.grpc.RaftServerProtocolServiceGrpc$RaftServerProtocolServiceBlockingStub.requestVote(RaftServerProtocolServiceGrpc.java:265)
	at org.apache.ratis.grpc.server.GrpcServerProtocolClient.requestVote(GrpcServerProtocolClient.java:83)
	at org.apache.ratis.grpc.server.GrpcService.requestVote(GrpcService.java:195)
	at org.apache.ratis.server.impl.LeaderElection.lambda$submitRequests$1(LeaderElection.java:237)
	at java.util.concurrent.FutureTask.run(FutureTask.java:266)
	at java.util.concurrent.Executors$RunnableAdapter.call(Executors.java:511)
	at java.util.concurrent.FutureTask.run(FutureTask.java:266)
	at java.util.concurrent.ThreadPoolExecutor.runWorker(ThreadPoolExecutor.java:1149)
	at java.util.concurrent.ThreadPoolExecutor$Worker.run(ThreadPoolExecutor.java:624)
	... 1 more
Caused by: org.apache.ratis.thirdparty.io.netty.channel.AbstractChannel$AnnotatedConnectException: Connection refused: /192.168.69.87:41689
	at sun.nio.ch.SocketChannelImpl.checkConnect(Native Method)
	at sun.nio.ch.SocketChannelImpl.finishConnect(SocketChannelImpl.java:717)
	at org.apache.ratis.thirdparty.io.netty.channel.socket.nio.NioSocketChannel.doFinishConnect(NioSocketChannel.java:327)
	at org.apache.ratis.thirdparty.io.netty.channel.nio.AbstractNioChannel$AbstractNioUnsafe.finishConnect(AbstractNioChannel.java:340)
	at org.apache.ratis.thirdparty.io.netty.channel.nio.NioEventLoop.processSelectedKey(NioEventLoop.java:632)
	at org.apache.ratis.thirdparty.io.netty.channel.nio.NioEventLoop.processSelectedKeysOptimized(NioEventLoop.java:579)
	at org.apache.ratis.thirdparty.io.netty.channel.nio.NioEventLoop.processSelectedKeys(NioEventLoop.java:496)
	at org.apache.ratis.thirdparty.io.netty.channel.nio.NioEventLoop.run(NioEventLoop.java:458)
	at org.apache.ratis.thirdparty.io.netty.util.concurrent.SingleThreadEventExecutor$5.run(SingleThreadEventExecutor.java:897)
	at org.apache.ratis.thirdparty.io.netty.util.concurrent.FastThreadLocalRunnable.run(FastThreadLocalRunnable.java:30)
	... 1 more
Caused by: java.net.ConnectException: Connection refused
	... 11 more
2019-08-24 03:34:16,056 INFO  impl.LeaderElection (LeaderElection.java:logAndReturn(56)) - 69d09fd6-b904-4e1e-8a2a-76bd34232c3f:group-741337134B4E:LeaderElection81: Election REJECTED; received 0 response(s) [] and 2 exception(s); 69d09fd6-b904-4e1e-8a2a-76bd34232c3f:t4, leader=null, voted=69d09fd6-b904-4e1e-8a2a-76bd34232c3f, raftlog=69d09fd6-b904-4e1e-8a2a-76bd34232c3f-SegmentedRaftLog:OPENED:c17,f17,i17, conf=1: [69d09fd6-b904-4e1e-8a2a-76bd34232c3f:192.168.69.87:46152, dcc12217-51b2-406c-9e3d-e39da684196b:192.168.69.87:41689, effec267-9718-4f52-949a-788aed2f64c8:192.168.69.87:40842], old=null
2019-08-24 03:34:16,056 INFO  impl.LeaderElection (LogUtils.java:infoOrTrace(149)) -   Exception 0: {}
java.util.concurrent.ExecutionException: org.apache.ratis.thirdparty.io.grpc.StatusRuntimeException: UNAVAILABLE: io exception
	at java.util.concurrent.FutureTask.report(FutureTask.java:122)
	at java.util.concurrent.FutureTask.get(FutureTask.java:192)
	at org.apache.ratis.server.impl.LeaderElection.waitForResults(LeaderElection.java:262)
	at org.apache.ratis.server.impl.LeaderElection.askForVotes(LeaderElection.java:200)
	at org.apache.ratis.server.impl.LeaderElection.run(LeaderElection.java:130)
	at java.lang.Thread.run(Thread.java:748)
Caused by: org.apache.ratis.thirdparty.io.grpc.StatusRuntimeException: UNAVAILABLE: io exception
	at org.apache.ratis.thirdparty.io.grpc.stub.ClientCalls.toStatusRuntimeException(ClientCalls.java:233)
	at org.apache.ratis.thirdparty.io.grpc.stub.ClientCalls.getUnchecked(ClientCalls.java:214)
	at org.apache.ratis.thirdparty.io.grpc.stub.ClientCalls.blockingUnaryCall(ClientCalls.java:139)
	at org.apache.ratis.proto.grpc.RaftServerProtocolServiceGrpc$RaftServerProtocolServiceBlockingStub.requestVote(RaftServerProtocolServiceGrpc.java:265)
	at org.apache.ratis.grpc.server.GrpcServerProtocolClient.requestVote(GrpcServerProtocolClient.java:83)
	at org.apache.ratis.grpc.server.GrpcService.requestVote(GrpcService.java:195)
	at org.apache.ratis.server.impl.LeaderElection.lambda$submitRequests$1(LeaderElection.java:237)
	at java.util.concurrent.FutureTask.run(FutureTask.java:266)
	at java.util.concurrent.Executors$RunnableAdapter.call(Executors.java:511)
	at java.util.concurrent.FutureTask.run(FutureTask.java:266)
	at java.util.concurrent.ThreadPoolExecutor.runWorker(ThreadPoolExecutor.java:1149)
	at java.util.concurrent.ThreadPoolExecutor$Worker.run(ThreadPoolExecutor.java:624)
	... 1 more
Caused by: org.apache.ratis.thirdparty.io.netty.channel.AbstractChannel$AnnotatedConnectException: Connection refused: /192.168.69.87:40842
	at sun.nio.ch.SocketChannelImpl.checkConnect(Native Method)
	at sun.nio.ch.SocketChannelImpl.finishConnect(SocketChannelImpl.java:717)
	at org.apache.ratis.thirdparty.io.netty.channel.socket.nio.NioSocketChannel.doFinishConnect(NioSocketChannel.java:327)
	at org.apache.ratis.thirdparty.io.netty.channel.nio.AbstractNioChannel$AbstractNioUnsafe.finishConnect(AbstractNioChannel.java:340)
	at org.apache.ratis.thirdparty.io.netty.channel.nio.NioEventLoop.processSelectedKey(NioEventLoop.java:632)
	at org.apache.ratis.thirdparty.io.netty.channel.nio.NioEventLoop.processSelectedKeysOptimized(NioEventLoop.java:579)
	at org.apache.ratis.thirdparty.io.netty.channel.nio.NioEventLoop.processSelectedKeys(NioEventLoop.java:496)
	at org.apache.ratis.thirdparty.io.netty.channel.nio.NioEventLoop.run(NioEventLoop.java:458)
	at org.apache.ratis.thirdparty.io.netty.util.concurrent.SingleThreadEventExecutor$5.run(SingleThreadEventExecutor.java:897)
	at org.apache.ratis.thirdparty.io.netty.util.concurrent.FastThreadLocalRunnable.run(FastThreadLocalRunnable.java:30)
	... 1 more
Caused by: java.net.ConnectException: Connection refused
	... 11 more
2019-08-24 03:34:16,057 INFO  impl.LeaderElection (LogUtils.java:infoOrTrace(149)) -   Exception 1: {}
java.util.concurrent.ExecutionException: org.apache.ratis.thirdparty.io.grpc.StatusRuntimeException: UNAVAILABLE: io exception
	at java.util.concurrent.FutureTask.report(FutureTask.java:122)
	at java.util.concurrent.FutureTask.get(FutureTask.java:192)
	at org.apache.ratis.server.impl.LeaderElection.waitForResults(LeaderElection.java:262)
	at org.apache.ratis.server.impl.LeaderElection.askForVotes(LeaderElection.java:200)
	at org.apache.ratis.server.impl.LeaderElection.run(LeaderElection.java:130)
	at java.lang.Thread.run(Thread.java:748)
Caused by: org.apache.ratis.thirdparty.io.grpc.StatusRuntimeException: UNAVAILABLE: io exception
	at org.apache.ratis.thirdparty.io.grpc.stub.ClientCalls.toStatusRuntimeException(ClientCalls.java:233)
	at org.apache.ratis.thirdparty.io.grpc.stub.ClientCalls.getUnchecked(ClientCalls.java:214)
	at org.apache.ratis.thirdparty.io.grpc.stub.ClientCalls.blockingUnaryCall(ClientCalls.java:139)
	at org.apache.ratis.proto.grpc.RaftServerProtocolServiceGrpc$RaftServerProtocolServiceBlockingStub.requestVote(RaftServerProtocolServiceGrpc.java:265)
	at org.apache.ratis.grpc.server.GrpcServerProtocolClient.requestVote(GrpcServerProtocolClient.java:83)
	at org.apache.ratis.grpc.server.GrpcService.requestVote(GrpcService.java:195)
	at org.apache.ratis.server.impl.LeaderElection.lambda$submitRequests$1(LeaderElection.java:237)
	at java.util.concurrent.FutureTask.run(FutureTask.java:266)
	at java.util.concurrent.Executors$RunnableAdapter.call(Executors.java:511)
	at java.util.concurrent.FutureTask.run(FutureTask.java:266)
	at java.util.concurrent.ThreadPoolExecutor.runWorker(ThreadPoolExecutor.java:1149)
	at java.util.concurrent.ThreadPoolExecutor$Worker.run(ThreadPoolExecutor.java:624)
	... 1 more
Caused by: org.apache.ratis.thirdparty.io.netty.channel.AbstractChannel$AnnotatedConnectException: Connection refused: /192.168.69.87:41689
	at sun.nio.ch.SocketChannelImpl.checkConnect(Native Method)
	at sun.nio.ch.SocketChannelImpl.finishConnect(SocketChannelImpl.java:717)
	at org.apache.ratis.thirdparty.io.netty.channel.socket.nio.NioSocketChannel.doFinishConnect(NioSocketChannel.java:327)
	at org.apache.ratis.thirdparty.io.netty.channel.nio.AbstractNioChannel$AbstractNioUnsafe.finishConnect(AbstractNioChannel.java:340)
	at org.apache.ratis.thirdparty.io.netty.channel.nio.NioEventLoop.processSelectedKey(NioEventLoop.java:632)
	at org.apache.ratis.thirdparty.io.netty.channel.nio.NioEventLoop.processSelectedKeysOptimized(NioEventLoop.java:579)
	at org.apache.ratis.thirdparty.io.netty.channel.nio.NioEventLoop.processSelectedKeys(NioEventLoop.java:496)
	at org.apache.ratis.thirdparty.io.netty.channel.nio.NioEventLoop.run(NioEventLoop.java:458)
	at org.apache.ratis.thirdparty.io.netty.util.concurrent.SingleThreadEventExecutor$5.run(SingleThreadEventExecutor.java:897)
	at org.apache.ratis.thirdparty.io.netty.util.concurrent.FastThreadLocalRunnable.run(FastThreadLocalRunnable.java:30)
	... 1 more
Caused by: java.net.ConnectException: Connection refused
	... 11 more
2019-08-24 03:34:16,057 INFO  impl.RaftServerImpl (RaftServerImpl.java:setRole(171)) - 69d09fd6-b904-4e1e-8a2a-76bd34232c3f:group-741337134B4E changes role from CANDIDATE to FOLLOWER at term 4 for DISCOVERED_A_NEW_TERM
2019-08-24 03:34:16,057 INFO  impl.RoleInfo (RoleInfo.java:shutdownLeaderElection(134)) - 69d09fd6-b904-4e1e-8a2a-76bd34232c3f: shutdown LeaderElection
2019-08-24 03:34:16,057 INFO  impl.RoleInfo (RoleInfo.java:updateAndGet(143)) - 69d09fd6-b904-4e1e-8a2a-76bd34232c3f: start FollowerState
2019-08-24 03:34:16,607 INFO  node.StaleNodeHandler (StaleNodeHandler.java:onMessage(58)) - Datanode 69d09fd6-b904-4e1e-8a2a-76bd34232c3f{ip: 192.168.69.87, host: byscane-nightly-sgbhv-2167721923, networkLocation: /default-rack, certSerialId: null} moved to stale state. Finalizing its pipelines [PipelineID=dd777e94-9667-486b-a038-741337134b4e, PipelineID=b7ec04e8-d666-4463-9dc9-a2899e27f5d9]
2019-08-24 03:34:16,608 INFO  pipeline.SCMPipelineManager (SCMPipelineManager.java:finalizeAndDestroyPipeline(309)) - destroying pipeline:Pipeline[ Id: dd777e94-9667-486b-a038-741337134b4e, Nodes: effec267-9718-4f52-949a-788aed2f64c8{ip: 192.168.69.87, host: byscane-nightly-sgbhv-2167721923, networkLocation: /default-rack, certSerialId: null}69d09fd6-b904-4e1e-8a2a-76bd34232c3f{ip: 192.168.69.87, host: byscane-nightly-sgbhv-2167721923, networkLocation: /default-rack, certSerialId: null}dcc12217-51b2-406c-9e3d-e39da684196b{ip: 192.168.69.87, host: byscane-nightly-sgbhv-2167721923, networkLocation: /default-rack, certSerialId: null}, Type:RATIS, Factor:THREE, State:CLOSED]
2019-08-24 03:34:16,608 INFO  pipeline.SCMPipelineManager (SCMPipelineManager.java:finalizeAndDestroyPipeline(309)) - destroying pipeline:Pipeline[ Id: b7ec04e8-d666-4463-9dc9-a2899e27f5d9, Nodes: 69d09fd6-b904-4e1e-8a2a-76bd34232c3f{ip: 192.168.69.87, host: byscane-nightly-sgbhv-2167721923, networkLocation: /default-rack, certSerialId: null}, Type:RATIS, Factor:ONE, State:OPEN]
2019-08-24 03:34:16,608 INFO  pipeline.PipelineStateManager (PipelineStateManager.java:finalizePipeline(123)) - Pipeline Pipeline[ Id: b7ec04e8-d666-4463-9dc9-a2899e27f5d9, Nodes: 69d09fd6-b904-4e1e-8a2a-76bd34232c3f{ip: 192.168.69.87, host: byscane-nightly-sgbhv-2167721923, networkLocation: /default-rack, certSerialId: null}, Type:RATIS, Factor:ONE, State:CLOSED] moved to CLOSED state
2019-08-24 03:34:16,808 INFO  node.StaleNodeHandler (StaleNodeHandler.java:onMessage(58)) - Datanode 0f6d25e7-ce21-4fce-8b55-97dd0a754253{ip: 192.168.69.87, host: byscane-nightly-sgbhv-2167721923, networkLocation: /default-rack, certSerialId: null} moved to stale state. Finalizing its pipelines [PipelineID=28948de6-9682-4338-933a-094e50ed653c]
2019-08-24 03:34:16,808 INFO  pipeline.SCMPipelineManager (SCMPipelineManager.java:finalizeAndDestroyPipeline(309)) - destroying pipeline:Pipeline[ Id: 28948de6-9682-4338-933a-094e50ed653c, Nodes: 0f6d25e7-ce21-4fce-8b55-97dd0a754253{ip: 192.168.69.87, host: byscane-nightly-sgbhv-2167721923, networkLocation: /default-rack, certSerialId: null}, Type:RATIS, Factor:ONE, State:OPEN]
2019-08-24 03:34:16,808 INFO  pipeline.PipelineStateManager (PipelineStateManager.java:finalizePipeline(123)) - Pipeline Pipeline[ Id: 28948de6-9682-4338-933a-094e50ed653c, Nodes: 0f6d25e7-ce21-4fce-8b55-97dd0a754253{ip: 192.168.69.87, host: byscane-nightly-sgbhv-2167721923, networkLocation: /default-rack, certSerialId: null}, Type:RATIS, Factor:ONE, State:CLOSED] moved to CLOSED state
2019-08-24 03:34:16,975 INFO  ozoneimpl.OzoneContainer (OzoneContainer.java:stop(199)) - Attempting to stop container services.
2019-08-24 03:34:16,976 INFO  impl.RaftServerProxy (RaftServerProxy.java:lambda$close$4(314)) - 0f6d25e7-ce21-4fce-8b55-97dd0a754253: close
2019-08-24 03:34:16,977 INFO  impl.RaftServerImpl (RaftServerImpl.java:lambda$shutdown$3(245)) - 0f6d25e7-ce21-4fce-8b55-97dd0a754253: shutdown group-094E50ED653C
2019-08-24 03:34:16,977 INFO  util.JmxRegister (JmxRegister.java:unregister(73)) - Successfully un-registered JMX Bean with object name Ratis:service=RaftServer,group=group-094E50ED653C,id=0f6d25e7-ce21-4fce-8b55-97dd0a754253
2019-08-24 03:34:16,977 INFO  impl.RoleInfo (RoleInfo.java:shutdownLeaderState(104)) - 0f6d25e7-ce21-4fce-8b55-97dd0a754253: shutdown LeaderState
2019-08-24 03:34:16,978 INFO  impl.PendingRequests (PendingRequests.java:sendNotLeaderResponses(202)) - 0f6d25e7-ce21-4fce-8b55-97dd0a754253-PendingRequests: sendNotLeaderResponses
2019-08-24 03:34:16,978 INFO  impl.StateMachineUpdater (StateMachineUpdater.java:stopAndJoin(115)) - StateMachineUpdater:0f6d25e7-ce21-4fce-8b55-97dd0a754253:group-094E50ED653C: set stopIndex = 0
2019-08-24 03:34:16,979 INFO  impl.RaftServerImpl (ServerState.java:close(394)) - 0f6d25e7-ce21-4fce-8b55-97dd0a754253:group-094E50ED653C closes. The last applied log index is 0
2019-08-24 03:34:16,979 INFO  segmented.SegmentedRaftLogWorker (SegmentedRaftLogWorker.java:run(313)) - 0f6d25e7-ce21-4fce-8b55-97dd0a754253-SegmentedRaftLogWorker:Storage Directory /workdir/hadoop-ozone/integration-test/target/test-dir/MiniOzoneClusterImpl-581dd6e5-c089-4ac1-8c4d-803d6bc9a32c/datanode-6/data/ratis/28948de6-9682-4338-933a-094e50ed653c was interrupted, exiting. There are 0 tasks remaining in the queue.
2019-08-24 03:34:16,980 INFO  segmented.SegmentedRaftLogWorker (SegmentedRaftLogWorker.java:close(228)) - 0f6d25e7-ce21-4fce-8b55-97dd0a754253-SegmentedRaftLogWorker:Storage Directory /workdir/hadoop-ozone/integration-test/target/test-dir/MiniOzoneClusterImpl-581dd6e5-c089-4ac1-8c4d-803d6bc9a32c/datanode-6/data/ratis/28948de6-9682-4338-933a-094e50ed653c close()
2019-08-24 03:34:16,982 INFO  server.GrpcService (GrpcService.java:closeImpl(155)) - 0f6d25e7-ce21-4fce-8b55-97dd0a754253: shutdown server with port 36351 now
2019-08-24 03:34:16,983 INFO  server.GrpcService (GrpcService.java:closeImpl(163)) - 0f6d25e7-ce21-4fce-8b55-97dd0a754253: shutdown server with port 36351 successfully
2019-08-24 03:34:16,984 INFO  utils.BackgroundService (BackgroundService.java:shutdown(148)) - Shutting down service BlockDeletingService
2019-08-24 03:34:16,986 WARN  fs.CachingGetSpaceUsed (CachingGetSpaceUsed.java:run(183)) - Thread Interrupted waiting to refresh disk information: sleep interrupted
2019-08-24 03:34:16,993 INFO  ozoneimpl.OzoneContainer (OzoneContainer.java:stop(199)) - Attempting to stop container services.
2019-08-24 03:34:16,993 INFO  impl.RaftServerProxy (RaftServerProxy.java:lambda$close$4(314)) - 69d09fd6-b904-4e1e-8a2a-76bd34232c3f: close
2019-08-24 03:34:16,994 INFO  impl.RaftServerImpl (RaftServerImpl.java:lambda$shutdown$3(245)) - 69d09fd6-b904-4e1e-8a2a-76bd34232c3f: shutdown group-741337134B4E
2019-08-24 03:34:16,994 INFO  util.JmxRegister (JmxRegister.java:unregister(73)) - Successfully un-registered JMX Bean with object name Ratis:service=RaftServer,group=group-741337134B4E,id=69d09fd6-b904-4e1e-8a2a-76bd34232c3f
2019-08-24 03:34:16,994 INFO  impl.RoleInfo (RoleInfo.java:shutdownFollowerState(121)) - 69d09fd6-b904-4e1e-8a2a-76bd34232c3f: shutdown FollowerState
2019-08-24 03:34:16,994 INFO  impl.StateMachineUpdater (StateMachineUpdater.java:stopAndJoin(115)) - StateMachineUpdater:69d09fd6-b904-4e1e-8a2a-76bd34232c3f:group-741337134B4E: set stopIndex = 17
2019-08-24 03:34:16,995 INFO  ratis.ContainerStateMachine (ContainerStateMachine.java:takeSnapshot(262)) - group-741337134B4E: Taking a snapshot at:(t:3, i:15) file /workdir/hadoop-ozone/integration-test/target/test-dir/MiniOzoneClusterImpl-581dd6e5-c089-4ac1-8c4d-803d6bc9a32c/datanode-0/data/ratis/dd777e94-9667-486b-a038-741337134b4e/sm/snapshot.3_15
2019-08-24 03:34:16,995 INFO  impl.FollowerState (FollowerState.java:run(114)) - 69d09fd6-b904-4e1e-8a2a-76bd34232c3f: FollowerState was interrupted: java.lang.InterruptedException: sleep interrupted
2019-08-24 03:34:17,006 INFO  statemachine.DatanodeStateMachine (DatanodeStateMachine.java:stopDaemon(395)) - Ozone container server stopped.
2019-08-24 03:34:17,007 INFO  handler.ContextHandler (ContextHandler.java:doStop(910)) - Stopped o.e.j.w.WebAppContext@1c8e1233{/,null,UNAVAILABLE}{/hddsDatanode}
2019-08-24 03:34:17,009 INFO  server.AbstractConnector (AbstractConnector.java:doStop(318)) - Stopped ServerConnector@72117fc0{HTTP/1.1,[http/1.1]}{0.0.0.0:0}
2019-08-24 03:34:17,009 INFO  handler.ContextHandler (ContextHandler.java:doStop(910)) - Stopped o.e.j.s.ServletContextHandler@14cf30b3{/static,jar:file:/home/user/.m2/repository/org/apache/hadoop/hadoop-hdds-container-service/0.4.1-SNAPSHOT/hadoop-hdds-container-service-0.4.1-SNAPSHOT.jar!/webapps/static,UNAVAILABLE}
2019-08-24 03:34:17,010 INFO  ratis.ContainerStateMachine (ContainerStateMachine.java:takeSnapshot(273)) - group-741337134B4E: Finished taking a snapshot at:(t:3, i:15) file:/workdir/hadoop-ozone/integration-test/target/test-dir/MiniOzoneClusterImpl-581dd6e5-c089-4ac1-8c4d-803d6bc9a32c/datanode-0/data/ratis/dd777e94-9667-486b-a038-741337134b4e/sm/snapshot.3_15 time:15
2019-08-24 03:34:17,010 INFO  handler.ContextHandler (ContextHandler.java:doStop(910)) - Stopped o.e.j.s.ServletContextHandler@4a2891d1{/logs,file:///workdir/hadoop-ozone/integration-test/target/log,UNAVAILABLE}
2019-08-24 03:34:17,010 INFO  impl.StateMachineUpdater (StateMachineUpdater.java:takeSnapshot(242)) - StateMachineUpdater:69d09fd6-b904-4e1e-8a2a-76bd34232c3f:group-741337134B4E: Took a snapshot at index 15
2019-08-24 03:34:17,010 INFO  impl.StateMachineUpdater (StateMachineUpdater.java:lambda$new$0(80)) - StateMachineUpdater:69d09fd6-b904-4e1e-8a2a-76bd34232c3f:group-741337134B4E: snapshotIndex: updateIncreasingly -1 -> 15
2019-08-24 03:34:17,011 INFO  impl.RaftServerImpl (ServerState.java:close(394)) - 69d09fd6-b904-4e1e-8a2a-76bd34232c3f:group-741337134B4E closes. The last applied log index is 17
2019-08-24 03:34:17,011 INFO  segmented.SegmentedRaftLogWorker (SegmentedRaftLogWorker.java:run(313)) - 69d09fd6-b904-4e1e-8a2a-76bd34232c3f-SegmentedRaftLogWorker:Storage Directory /workdir/hadoop-ozone/integration-test/target/test-dir/MiniOzoneClusterImpl-581dd6e5-c089-4ac1-8c4d-803d6bc9a32c/datanode-0/data/ratis/dd777e94-9667-486b-a038-741337134b4e was interrupted, exiting. There are 0 tasks remaining in the queue.
2019-08-24 03:34:17,011 INFO  segmented.SegmentedRaftLogWorker (SegmentedRaftLogWorker.java:close(228)) - 69d09fd6-b904-4e1e-8a2a-76bd34232c3f-SegmentedRaftLogWorker:Storage Directory /workdir/hadoop-ozone/integration-test/target/test-dir/MiniOzoneClusterImpl-581dd6e5-c089-4ac1-8c4d-803d6bc9a32c/datanode-0/data/ratis/dd777e94-9667-486b-a038-741337134b4e close()
2019-08-24 03:34:17,012 INFO  impl.RaftServerImpl (RaftServerImpl.java:lambda$shutdown$3(245)) - 69d09fd6-b904-4e1e-8a2a-76bd34232c3f: shutdown group-A2899E27F5D9
2019-08-24 03:34:17,012 INFO  util.JmxRegister (JmxRegister.java:unregister(73)) - Successfully un-registered JMX Bean with object name Ratis:service=RaftServer,group=group-A2899E27F5D9,id=69d09fd6-b904-4e1e-8a2a-76bd34232c3f
2019-08-24 03:34:17,013 INFO  impl.RoleInfo (RoleInfo.java:shutdownLeaderState(104)) - 69d09fd6-b904-4e1e-8a2a-76bd34232c3f: shutdown LeaderState
2019-08-24 03:34:17,013 INFO  impl.PendingRequests (PendingRequests.java:sendNotLeaderResponses(202)) - 69d09fd6-b904-4e1e-8a2a-76bd34232c3f-PendingRequests: sendNotLeaderResponses
2019-08-24 03:34:17,013 INFO  impl.StateMachineUpdater (StateMachineUpdater.java:stopAndJoin(115)) - StateMachineUpdater:69d09fd6-b904-4e1e-8a2a-76bd34232c3f:group-A2899E27F5D9: set stopIndex = 0
2019-08-24 03:34:17,013 INFO  impl.RaftServerImpl (ServerState.java:close(394)) - 69d09fd6-b904-4e1e-8a2a-76bd34232c3f:group-A2899E27F5D9 closes. The last applied log index is 0
2019-08-24 03:34:17,014 INFO  segmented.SegmentedRaftLogWorker (SegmentedRaftLogWorker.java:run(313)) - 69d09fd6-b904-4e1e-8a2a-76bd34232c3f-SegmentedRaftLogWorker:Storage Directory /workdir/hadoop-ozone/integration-test/target/test-dir/MiniOzoneClusterImpl-581dd6e5-c089-4ac1-8c4d-803d6bc9a32c/datanode-0/data/ratis/b7ec04e8-d666-4463-9dc9-a2899e27f5d9 was interrupted, exiting. There are 0 tasks remaining in the queue.
2019-08-24 03:34:17,014 INFO  segmented.SegmentedRaftLogWorker (SegmentedRaftLogWorker.java:close(228)) - 69d09fd6-b904-4e1e-8a2a-76bd34232c3f-SegmentedRaftLogWorker:Storage Directory /workdir/hadoop-ozone/integration-test/target/test-dir/MiniOzoneClusterImpl-581dd6e5-c089-4ac1-8c4d-803d6bc9a32c/datanode-0/data/ratis/b7ec04e8-d666-4463-9dc9-a2899e27f5d9 close()
2019-08-24 03:34:17,015 INFO  server.GrpcService (GrpcService.java:closeImpl(155)) - 69d09fd6-b904-4e1e-8a2a-76bd34232c3f: shutdown server with port 46152 now
2019-08-24 03:34:17,016 INFO  server.GrpcService (GrpcService.java:closeImpl(163)) - 69d09fd6-b904-4e1e-8a2a-76bd34232c3f: shutdown server with port 46152 successfully
2019-08-24 03:34:17,017 INFO  utils.BackgroundService (BackgroundService.java:shutdown(148)) - Shutting down service BlockDeletingService
2019-08-24 03:34:17,019 WARN  fs.CachingGetSpaceUsed (CachingGetSpaceUsed.java:run(183)) - Thread Interrupted waiting to refresh disk information: sleep interrupted
2019-08-24 03:34:17,038 INFO  statemachine.DatanodeStateMachine (DatanodeStateMachine.java:stopDaemon(395)) - Ozone container server stopped.
2019-08-24 03:34:17,041 INFO  handler.ContextHandler (ContextHandler.java:doStop(910)) - Stopped o.e.j.w.WebAppContext@30fffb53{/,null,UNAVAILABLE}{/hddsDatanode}
2019-08-24 03:34:17,041 INFO  server.AbstractConnector (AbstractConnector.java:doStop(318)) - Stopped ServerConnector@738b93a8{HTTP/1.1,[http/1.1]}{0.0.0.0:0}
2019-08-24 03:34:17,042 INFO  handler.ContextHandler (ContextHandler.java:doStop(910)) - Stopped o.e.j.s.ServletContextHandler@6e2764c9{/static,jar:file:/home/user/.m2/repository/org/apache/hadoop/hadoop-hdds-container-service/0.4.1-SNAPSHOT/hadoop-hdds-container-service-0.4.1-SNAPSHOT.jar!/webapps/static,UNAVAILABLE}
2019-08-24 03:34:17,043 INFO  handler.ContextHandler (ContextHandler.java:doStop(910)) - Stopped o.e.j.s.ServletContextHandler@39d4f046{/logs,file:///workdir/hadoop-ozone/integration-test/target/log,UNAVAILABLE}
2019-08-24 03:34:17,044 INFO  ozone.MiniOzoneClusterImpl (MiniOzoneClusterImpl.java:stop(353)) - Stopping the StorageContainerManager
2019-08-24 03:34:17,044 INFO  server.StorageContainerManager (StorageContainerManager.java:stop(797)) - Stopping Replication Manager Service.
2019-08-24 03:34:17,044 INFO  container.ReplicationManager (ReplicationManager.java:stop(193)) - Stopping Replication Monitor Thread.
2019-08-24 03:34:17,045 INFO  server.StorageContainerManager (StorageContainerManager.java:stop(804)) - Stopping Lease Manager of the command watchers
2019-08-24 03:34:17,045 INFO  server.StorageContainerManager (StorageContainerManager.java:stop(811)) - Stopping datanode service RPC server
2019-08-24 03:34:17,045 INFO  server.SCMDatanodeProtocolServer (SCMDatanodeProtocolServer.java:stop(367)) - Stopping the RPC server for DataNodes
2019-08-24 03:34:17,045 INFO  ipc.Server (Server.java:stop(3082)) - Stopping server on 33799
2019-08-24 03:34:17,048 INFO  ipc.Server (Server.java:run(1185)) - Stopping IPC Server listener on 33799
2019-08-24 03:34:17,048 INFO  ipc.Server (Server.java:run(1319)) - Stopping IPC Server Responder
2019-08-24 03:34:17,108 WARN  node.NodeStateManager (NodeStateManager.java:scheduleNextHealthCheck(646)) - Current Thread is interrupted, shutting down HB processing thread for Node Manager.
2019-08-24 03:34:17,108 INFO  server.StorageContainerManager (StorageContainerManager.java:stop(819)) - Stopping block service RPC server
2019-08-24 03:34:17,108 INFO  server.SCMBlockProtocolServer (SCMBlockProtocolServer.java:stop(148)) - Stopping the RPC server for Block Protocol
2019-08-24 03:34:17,108 INFO  ipc.Server (Server.java:stop(3082)) - Stopping server on 37745
2019-08-24 03:34:17,110 INFO  ipc.Server (Server.java:run(1185)) - Stopping IPC Server listener on 37745
2019-08-24 03:34:17,110 INFO  server.StorageContainerManager (StorageContainerManager.java:stop(826)) - Stopping the StorageContainerLocationProtocol RPC server
2019-08-24 03:34:17,111 INFO  ipc.Server (Server.java:run(1319)) - Stopping IPC Server Responder
2019-08-24 03:34:17,111 INFO  server.SCMClientProtocolServer (SCMClientProtocolServer.java:stop(159)) - Stopping the RPC server for Client Protocol
2019-08-24 03:34:17,112 INFO  ipc.Server (Server.java:stop(3082)) - Stopping server on 42640
2019-08-24 03:34:17,114 INFO  ipc.Server (Server.java:run(1185)) - Stopping IPC Server listener on 42640
2019-08-24 03:34:17,114 INFO  server.StorageContainerManager (StorageContainerManager.java:stop(833)) - Stopping Storage Container Manager HTTP server.
2019-08-24 03:34:17,114 INFO  ipc.Server (Server.java:run(1319)) - Stopping IPC Server Responder
2019-08-24 03:34:17,115 INFO  handler.ContextHandler (ContextHandler.java:doStop(910)) - Stopped o.e.j.w.WebAppContext@d640fe6{/,null,UNAVAILABLE}{/scm}
2019-08-24 03:34:17,116 INFO  server.AbstractConnector (AbstractConnector.java:doStop(318)) - Stopped ServerConnector@14f08a97{HTTP/1.1,[http/1.1]}{0.0.0.0:0}
2019-08-24 03:34:17,116 INFO  handler.ContextHandler (ContextHandler.java:doStop(910)) - Stopped o.e.j.s.ServletContextHandler@1d12eff1{/static,file:///workdir/hadoop-ozone/integration-test/target/test-classes/webapps/static,UNAVAILABLE}
2019-08-24 03:34:17,117 INFO  handler.ContextHandler (ContextHandler.java:doStop(910)) - Stopped o.e.j.s.ServletContextHandler@4ecc4b43{/logs,file:///workdir/hadoop-ozone/integration-test/target/log,UNAVAILABLE}
2019-08-24 03:34:17,118 INFO  server.StorageContainerManager (StorageContainerManager.java:stop(844)) - Stopping Block Manager Service.
2019-08-24 03:34:17,118 INFO  utils.BackgroundService (BackgroundService.java:shutdown(148)) - Shutting down service SCMBlockDeletingService
2019-08-24 03:34:17,118 INFO  utils.BackgroundService (BackgroundService.java:shutdown(148)) - Shutting down service SCMBlockDeletingService
2019-08-24 03:34:17,119 INFO  server.StorageContainerManager (StorageContainerManager.java:stop(866)) - Stopping SCM Event Queue.
2019-08-24 03:34:17,126 INFO  impl.MetricsSystemImpl (MetricsSystemImpl.java:stop(210)) - Stopping HddsDatanode metrics system...
2019-08-24 03:34:17,139 INFO  impl.MetricsSystemImpl (MetricsSystemImpl.java:stop(216)) - HddsDatanode metrics system stopped.
]]></system-out>
    <system-err><![CDATA[Aug 24, 2019 3:33:35 AM com.sun.jersey.server.impl.application.WebApplicationImpl _initiate
INFO: Initiating Jersey application, version 'Jersey: 1.19 02/11/2015 03:25 AM'
Aug 24, 2019 3:33:35 AM com.sun.jersey.server.impl.application.WebApplicationImpl _initiate
INFO: Initiating Jersey application, version 'Jersey: 1.19 02/11/2015 03:25 AM'
Aug 24, 2019 3:33:35 AM com.sun.jersey.server.impl.application.WebApplicationImpl _initiate
INFO: Initiating Jersey application, version 'Jersey: 1.19 02/11/2015 03:25 AM'
Aug 24, 2019 3:33:36 AM com.sun.jersey.server.impl.application.WebApplicationImpl _initiate
INFO: Initiating Jersey application, version 'Jersey: 1.19 02/11/2015 03:25 AM'
Aug 24, 2019 3:33:36 AM com.sun.jersey.server.impl.application.WebApplicationImpl _initiate
INFO: Initiating Jersey application, version 'Jersey: 1.19 02/11/2015 03:25 AM'
Aug 24, 2019 3:33:36 AM com.sun.jersey.server.impl.application.WebApplicationImpl _initiate
INFO: Initiating Jersey application, version 'Jersey: 1.19 02/11/2015 03:25 AM'
Aug 24, 2019 3:33:36 AM com.sun.jersey.server.impl.application.WebApplicationImpl _initiate
INFO: Initiating Jersey application, version 'Jersey: 1.19 02/11/2015 03:25 AM'
Aug 24, 2019 3:33:39 AM org.apache.ratis.thirdparty.io.grpc.internal.ManagedChannelOrphanWrapper$ManagedChannelReference cleanQueue
SEVERE: *~*~*~ Channel ManagedChannelImpl{logId=2759, target=192.168.69.87:40623} was not shutdown properly!!! ~*~*~*
    Make sure to call shutdown()/shutdownNow() and wait until awaitTermination() returns true.
java.lang.RuntimeException: ManagedChannel allocation site
	at org.apache.ratis.thirdparty.io.grpc.internal.ManagedChannelOrphanWrapper$ManagedChannelReference.<init>(ManagedChannelOrphanWrapper.java:103)
	at org.apache.ratis.thirdparty.io.grpc.internal.ManagedChannelOrphanWrapper.<init>(ManagedChannelOrphanWrapper.java:53)
	at org.apache.ratis.thirdparty.io.grpc.internal.ManagedChannelOrphanWrapper.<init>(ManagedChannelOrphanWrapper.java:44)
	at org.apache.ratis.thirdparty.io.grpc.internal.AbstractManagedChannelImplBuilder.build(AbstractManagedChannelImplBuilder.java:411)
	at org.apache.ratis.grpc.client.GrpcClientProtocolClient.<init>(GrpcClientProtocolClient.java:119)
	at org.apache.ratis.grpc.client.GrpcClientRpc.lambda$new$0(GrpcClientRpc.java:55)
	at org.apache.ratis.util.PeerProxyMap$PeerAndProxy.lambda$getProxy$0(PeerProxyMap.java:61)
	at org.apache.ratis.util.LifeCycle.startAndTransition(LifeCycle.java:202)
	at org.apache.ratis.util.PeerProxyMap$PeerAndProxy.getProxy(PeerProxyMap.java:60)
	at org.apache.ratis.util.PeerProxyMap.getProxy(PeerProxyMap.java:107)
	at org.apache.ratis.grpc.client.GrpcClientRpc.sendRequestAsync(GrpcClientRpc.java:66)
	at org.apache.ratis.client.impl.OrderedAsync.sendRequest(OrderedAsync.java:208)
	at org.apache.ratis.client.impl.OrderedAsync.sendRequestWithRetry(OrderedAsync.java:169)
	at org.apache.ratis.util.SlidingWindow$Client.sendOrDelayRequest(SlidingWindow.java:278)
	at org.apache.ratis.util.SlidingWindow$Client.retry(SlidingWindow.java:294)
	at org.apache.ratis.client.impl.OrderedAsync.lambda$scheduleWithTimeout$7(OrderedAsync.java:195)
	at org.apache.ratis.util.TimeoutScheduler.lambda$onTimeout$0(TimeoutScheduler.java:85)
	at org.apache.ratis.util.TimeoutScheduler.lambda$onTimeout$1(TimeoutScheduler.java:104)
	at org.apache.ratis.util.LogUtils.runAndLog(LogUtils.java:50)
	at org.apache.ratis.util.LogUtils$1.run(LogUtils.java:91)
	at java.util.concurrent.Executors$RunnableAdapter.call(Executors.java:511)
	at java.util.concurrent.FutureTask.run(FutureTask.java:266)
	at java.util.concurrent.ScheduledThreadPoolExecutor$ScheduledFutureTask.access$201(ScheduledThreadPoolExecutor.java:180)
	at java.util.concurrent.ScheduledThreadPoolExecutor$ScheduledFutureTask.run(ScheduledThreadPoolExecutor.java:293)
	at java.util.concurrent.ThreadPoolExecutor.runWorker(ThreadPoolExecutor.java:1149)
	at java.util.concurrent.ThreadPoolExecutor$Worker.run(ThreadPoolExecutor.java:624)
	at java.lang.Thread.run(Thread.java:748)

Aug 24, 2019 3:33:39 AM org.apache.ratis.thirdparty.io.grpc.internal.ManagedChannelOrphanWrapper$ManagedChannelReference cleanQueue
SEVERE: *~*~*~ Channel ManagedChannelImpl{logId=2764, target=192.168.69.87:33280} was not shutdown properly!!! ~*~*~*
    Make sure to call shutdown()/shutdownNow() and wait until awaitTermination() returns true.
java.lang.RuntimeException: ManagedChannel allocation site
	at org.apache.ratis.thirdparty.io.grpc.internal.ManagedChannelOrphanWrapper$ManagedChannelReference.<init>(ManagedChannelOrphanWrapper.java:103)
	at org.apache.ratis.thirdparty.io.grpc.internal.ManagedChannelOrphanWrapper.<init>(ManagedChannelOrphanWrapper.java:53)
	at org.apache.ratis.thirdparty.io.grpc.internal.ManagedChannelOrphanWrapper.<init>(ManagedChannelOrphanWrapper.java:44)
	at org.apache.ratis.thirdparty.io.grpc.internal.AbstractManagedChannelImplBuilder.build(AbstractManagedChannelImplBuilder.java:411)
	at org.apache.hadoop.hdds.scm.XceiverClientGrpc.connectToDatanode(XceiverClientGrpc.java:174)
	at org.apache.hadoop.hdds.scm.XceiverClientGrpc.reconnect(XceiverClientGrpc.java:422)
	at org.apache.hadoop.hdds.scm.XceiverClientGrpc.sendCommandAsync(XceiverClientGrpc.java:371)
	at org.apache.hadoop.hdds.scm.XceiverClientGrpc.sendCommandWithRetry(XceiverClientGrpc.java:284)
	at org.apache.hadoop.hdds.scm.XceiverClientGrpc.sendCommandWithTraceIDAndRetry(XceiverClientGrpc.java:250)
	at org.apache.hadoop.hdds.scm.XceiverClientGrpc.sendCommand(XceiverClientGrpc.java:233)
	at org.apache.hadoop.hdds.scm.storage.ContainerProtocolCalls.getBlock(ContainerProtocolCalls.java:118)
	at org.apache.hadoop.hdds.scm.storage.BlockInputStream.getChunkInfos(BlockInputStream.java:167)
	at org.apache.hadoop.hdds.scm.storage.BlockInputStream.initialize(BlockInputStream.java:118)
	at org.apache.hadoop.hdds.scm.storage.BlockInputStream.read(BlockInputStream.java:222)
	at org.apache.hadoop.ozone.client.io.KeyInputStream.read(KeyInputStream.java:171)
	at org.apache.hadoop.ozone.client.io.OzoneInputStream.read(OzoneInputStream.java:47)
	at java.io.InputStream.read(InputStream.java:101)
	at org.apache.hadoop.ozone.container.ContainerTestHelper.validateData(ContainerTestHelper.java:709)
	at org.apache.hadoop.ozone.client.rpc.TestBlockOutputStreamWithFailures.validateData(TestBlockOutputStreamWithFailures.java:1216)
	at org.apache.hadoop.ozone.client.rpc.TestBlockOutputStreamWithFailures.testWatchForCommitWithSingleNodeRatis(TestBlockOutputStreamWithFailures.java:918)
	at sun.reflect.NativeMethodAccessorImpl.invoke0(Native Method)
	at sun.reflect.NativeMethodAccessorImpl.invoke(NativeMethodAccessorImpl.java:62)
	at sun.reflect.DelegatingMethodAccessorImpl.invoke(DelegatingMethodAccessorImpl.java:43)
	at java.lang.reflect.Method.invoke(Method.java:498)
	at org.junit.runners.model.FrameworkMethod$1.runReflectiveCall(FrameworkMethod.java:47)
	at org.junit.internal.runners.model.ReflectiveCallable.run(ReflectiveCallable.java:12)
	at org.junit.runners.model.FrameworkMethod.invokeExplosively(FrameworkMethod.java:44)
	at org.junit.internal.runners.statements.InvokeMethod.evaluate(InvokeMethod.java:17)
	at org.junit.internal.runners.statements.RunBefores.evaluate(RunBefores.java:26)
	at org.junit.internal.runners.statements.RunAfters.evaluate(RunAfters.java:27)
	at org.junit.runners.ParentRunner.runLeaf(ParentRunner.java:271)
	at org.junit.runners.BlockJUnit4ClassRunner.runChild(BlockJUnit4ClassRunner.java:70)
	at org.junit.runners.BlockJUnit4ClassRunner.runChild(BlockJUnit4ClassRunner.java:50)
	at org.junit.runners.ParentRunner$3.run(ParentRunner.java:238)
	at org.junit.runners.ParentRunner$1.schedule(ParentRunner.java:63)
	at org.junit.runners.ParentRunner.runChildren(ParentRunner.java:236)
	at org.junit.runners.ParentRunner.access$000(ParentRunner.java:53)
	at org.junit.runners.ParentRunner$2.evaluate(ParentRunner.java:229)
	at org.junit.runners.ParentRunner.run(ParentRunner.java:309)
	at org.apache.maven.surefire.junit4.JUnit4Provider.execute(JUnit4Provider.java:365)
	at org.apache.maven.surefire.junit4.JUnit4Provider.executeWithRerun(JUnit4Provider.java:273)
	at org.apache.maven.surefire.junit4.JUnit4Provider.executeTestSet(JUnit4Provider.java:238)
	at org.apache.maven.surefire.junit4.JUnit4Provider.invoke(JUnit4Provider.java:159)
	at org.apache.maven.surefire.booter.ForkedBooter.invokeProviderInSameClassLoader(ForkedBooter.java:384)
	at org.apache.maven.surefire.booter.ForkedBooter.runSuitesInProcess(ForkedBooter.java:345)
	at org.apache.maven.surefire.booter.ForkedBooter.execute(ForkedBooter.java:126)
	at org.apache.maven.surefire.booter.ForkedBooter.main(ForkedBooter.java:418)

Aug 24, 2019 3:33:39 AM org.apache.ratis.thirdparty.io.grpc.internal.ManagedChannelOrphanWrapper$ManagedChannelReference cleanQueue
SEVERE: *~*~*~ Channel ManagedChannelImpl{logId=2769, target=192.168.69.87:33280} was not shutdown properly!!! ~*~*~*
    Make sure to call shutdown()/shutdownNow() and wait until awaitTermination() returns true.
java.lang.RuntimeException: ManagedChannel allocation site
	at org.apache.ratis.thirdparty.io.grpc.internal.ManagedChannelOrphanWrapper$ManagedChannelReference.<init>(ManagedChannelOrphanWrapper.java:103)
	at org.apache.ratis.thirdparty.io.grpc.internal.ManagedChannelOrphanWrapper.<init>(ManagedChannelOrphanWrapper.java:53)
	at org.apache.ratis.thirdparty.io.grpc.internal.ManagedChannelOrphanWrapper.<init>(ManagedChannelOrphanWrapper.java:44)
	at org.apache.ratis.thirdparty.io.grpc.internal.AbstractManagedChannelImplBuilder.build(AbstractManagedChannelImplBuilder.java:411)
	at org.apache.hadoop.hdds.scm.XceiverClientGrpc.connectToDatanode(XceiverClientGrpc.java:174)
	at org.apache.hadoop.hdds.scm.XceiverClientGrpc.reconnect(XceiverClientGrpc.java:422)
	at org.apache.hadoop.hdds.scm.XceiverClientGrpc.sendCommandAsync(XceiverClientGrpc.java:371)
	at org.apache.hadoop.hdds.scm.XceiverClientGrpc.sendCommandWithRetry(XceiverClientGrpc.java:284)
	at org.apache.hadoop.hdds.scm.XceiverClientGrpc.sendCommandWithTraceIDAndRetry(XceiverClientGrpc.java:250)
	at org.apache.hadoop.hdds.scm.XceiverClientGrpc.sendCommand(XceiverClientGrpc.java:233)
	at org.apache.hadoop.hdds.scm.storage.ContainerProtocolCalls.getBlock(ContainerProtocolCalls.java:118)
	at org.apache.hadoop.hdds.scm.storage.BlockInputStream.getChunkInfos(BlockInputStream.java:167)
	at org.apache.hadoop.hdds.scm.storage.BlockInputStream.initialize(BlockInputStream.java:118)
	at org.apache.hadoop.hdds.scm.storage.BlockInputStream.read(BlockInputStream.java:222)
	at org.apache.hadoop.ozone.client.io.KeyInputStream.read(KeyInputStream.java:171)
	at org.apache.hadoop.ozone.client.io.OzoneInputStream.read(OzoneInputStream.java:47)
	at java.io.InputStream.read(InputStream.java:101)
	at org.apache.hadoop.ozone.container.ContainerTestHelper.validateData(ContainerTestHelper.java:709)
	at org.apache.hadoop.ozone.client.rpc.TestBlockOutputStreamWithFailures.validateData(TestBlockOutputStreamWithFailures.java:1216)
	at org.apache.hadoop.ozone.client.rpc.TestBlockOutputStreamWithFailures.testWatchForCommitWithSingleNodeRatis(TestBlockOutputStreamWithFailures.java:918)
	at sun.reflect.NativeMethodAccessorImpl.invoke0(Native Method)
	at sun.reflect.NativeMethodAccessorImpl.invoke(NativeMethodAccessorImpl.java:62)
	at sun.reflect.DelegatingMethodAccessorImpl.invoke(DelegatingMethodAccessorImpl.java:43)
	at java.lang.reflect.Method.invoke(Method.java:498)
	at org.junit.runners.model.FrameworkMethod$1.runReflectiveCall(FrameworkMethod.java:47)
	at org.junit.internal.runners.model.ReflectiveCallable.run(ReflectiveCallable.java:12)
	at org.junit.runners.model.FrameworkMethod.invokeExplosively(FrameworkMethod.java:44)
	at org.junit.internal.runners.statements.InvokeMethod.evaluate(InvokeMethod.java:17)
	at org.junit.internal.runners.statements.RunBefores.evaluate(RunBefores.java:26)
	at org.junit.internal.runners.statements.RunAfters.evaluate(RunAfters.java:27)
	at org.junit.runners.ParentRunner.runLeaf(ParentRunner.java:271)
	at org.junit.runners.BlockJUnit4ClassRunner.runChild(BlockJUnit4ClassRunner.java:70)
	at org.junit.runners.BlockJUnit4ClassRunner.runChild(BlockJUnit4ClassRunner.java:50)
	at org.junit.runners.ParentRunner$3.run(ParentRunner.java:238)
	at org.junit.runners.ParentRunner$1.schedule(ParentRunner.java:63)
	at org.junit.runners.ParentRunner.runChildren(ParentRunner.java:236)
	at org.junit.runners.ParentRunner.access$000(ParentRunner.java:53)
	at org.junit.runners.ParentRunner$2.evaluate(ParentRunner.java:229)
	at org.junit.runners.ParentRunner.run(ParentRunner.java:309)
	at org.apache.maven.surefire.junit4.JUnit4Provider.execute(JUnit4Provider.java:365)
	at org.apache.maven.surefire.junit4.JUnit4Provider.executeWithRerun(JUnit4Provider.java:273)
	at org.apache.maven.surefire.junit4.JUnit4Provider.executeTestSet(JUnit4Provider.java:238)
	at org.apache.maven.surefire.junit4.JUnit4Provider.invoke(JUnit4Provider.java:159)
	at org.apache.maven.surefire.booter.ForkedBooter.invokeProviderInSameClassLoader(ForkedBooter.java:384)
	at org.apache.maven.surefire.booter.ForkedBooter.runSuitesInProcess(ForkedBooter.java:345)
	at org.apache.maven.surefire.booter.ForkedBooter.execute(ForkedBooter.java:126)
	at org.apache.maven.surefire.booter.ForkedBooter.main(ForkedBooter.java:418)

]]></system-err>
  </testcase>
  <testcase name="testFailureWithPrimeSizedData" classname="org.apache.hadoop.ozone.client.rpc.TestBlockOutputStreamWithFailures" time="36.851"/>
  <testcase name="testWatchForCommitWithCloseContainerException" classname="org.apache.hadoop.ozone.client.rpc.TestBlockOutputStreamWithFailures" time="33.742"/>
  <testcase name="testExceptionDuringClose" classname="org.apache.hadoop.ozone.client.rpc.TestBlockOutputStreamWithFailures" time="34.741"/>
</testsuite>