<?xml version="1.0" encoding="UTF-8"?>
<testsuite xmlns:xsi="http://www.w3.org/2001/XMLSchema-instance" xsi:noNamespaceSchemaLocation="https://maven.apache.org/surefire/maven-surefire-plugin/xsd/surefire-test-report.xsd" name="org.apache.hadoop.ozone.client.rpc.TestContainerReplicationEndToEnd" time="28.265" tests="1" errors="1" skipped="0" failures="0">
  <properties>
    <property name="awt.toolkit" value="sun.awt.X11.XToolkit"/>
    <property name="file.encoding.pkg" value="sun.io"/>
    <property name="java.specification.version" value="1.8"/>
    <property name="sun.cpu.isalist" value=""/>
    <property name="sun.jnu.encoding" value="UTF-8"/>
    <property name="java.class.path" value="/workdir/hadoop-ozone/integration-test/target/test-classes:/workdir/hadoop-ozone/integration-test/target/classes:/home/user/.m2/repository/org/apache/hadoop/hadoop-ozone-common/0.5.0-SNAPSHOT/hadoop-ozone-common-0.5.0-SNAPSHOT.jar:/home/user/.m2/repository/org/apache/commons/commons-compress/1.4.1/commons-compress-1.4.1.jar:/home/user/.m2/repository/org/tukaani/xz/1.0/xz-1.0.jar:/home/user/.m2/repository/org/apache/hadoop/hadoop-common/3.2.0/hadoop-common-3.2.0.jar:/home/user/.m2/repository/org/apache/hadoop/hadoop-hdfs/3.2.0/hadoop-hdfs-3.2.0.jar:/home/user/.m2/repository/org/apache/hadoop/hadoop-hdfs-client/3.2.0/hadoop-hdfs-client-3.2.0.jar:/home/user/.m2/repository/com/fasterxml/jackson/core/jackson-annotations/2.9.5/jackson-annotations-2.9.5.jar:/home/user/.m2/repository/org/apache/hadoop/hadoop-hdds-common/0.5.0-SNAPSHOT/hadoop-hdds-common-0.5.0-SNAPSHOT.jar:/home/user/.m2/repository/javax/annotation/javax.annotation-api/1.2/javax.annotation-api-1.2.jar:/home/user/.m2/repository/org/apache/ratis/ratis-server/0.4.0-78e95b9-SNAPSHOT/ratis-server-0.4.0-78e95b9-SNAPSHOT.jar:/home/user/.m2/repository/org/apache/ratis/ratis-thirdparty-misc/0.2.0/ratis-thirdparty-misc-0.2.0.jar:/home/user/.m2/repository/org/apache/ratis/ratis-proto/0.4.0-78e95b9-SNAPSHOT/ratis-proto-0.4.0-78e95b9-SNAPSHOT.jar:/home/user/.m2/repository/org/apache/ratis/ratis-common/0.4.0-78e95b9-SNAPSHOT/ratis-common-0.4.0-78e95b9-SNAPSHOT.jar:/home/user/.m2/repository/org/apache/ratis/ratis-client/0.4.0-78e95b9-SNAPSHOT/ratis-client-0.4.0-78e95b9-SNAPSHOT.jar:/home/user/.m2/repository/org/apache/ratis/ratis-metrics/0.4.0-78e95b9-SNAPSHOT/ratis-metrics-0.4.0-78e95b9-SNAPSHOT.jar:/home/user/.m2/repository/com/github/joshelser/dropwizard-metrics-hadoop-metrics2-reporter/0.1.2/dropwizard-metrics-hadoop-metrics2-reporter-0.1.2.jar:/home/user/.m2/repository/io/dropwizard/metrics/metrics-jvm/3.2.5/metrics-jvm-3.2.5.jar:/home/user/.m2/repository/io/dropwizard/metrics/metrics-ganglia/3.2.5/metrics-ganglia-3.2.5.jar:/home/user/.m2/repository/info/ganglia/gmetric4j/gmetric4j/1.0.7/gmetric4j-1.0.7.jar:/home/user/.m2/repository/org/apache/ratis/ratis-netty/0.4.0-78e95b9-SNAPSHOT/ratis-netty-0.4.0-78e95b9-SNAPSHOT.jar:/home/user/.m2/repository/org/apache/ratis/ratis-grpc/0.4.0-78e95b9-SNAPSHOT/ratis-grpc-0.4.0-78e95b9-SNAPSHOT.jar:/home/user/.m2/repository/org/rocksdb/rocksdbjni/6.0.1/rocksdbjni-6.0.1.jar:/home/user/.m2/repository/org/apache/logging/log4j/log4j-api/2.11.0/log4j-api-2.11.0.jar:/home/user/.m2/repository/org/apache/logging/log4j/log4j-core/2.11.0/log4j-core-2.11.0.jar:/home/user/.m2/repository/com/lmax/disruptor/3.4.2/disruptor-3.4.2.jar:/home/user/.m2/repository/org/apache/commons/commons-pool2/2.6.0/commons-pool2-2.6.0.jar:/home/user/.m2/repository/org/bouncycastle/bcpkix-jdk15on/1.60/bcpkix-jdk15on-1.60.jar:/home/user/.m2/repository/commons-validator/commons-validator/1.6/commons-validator-1.6.jar:/home/user/.m2/repository/commons-digester/commons-digester/1.8.1/commons-digester-1.8.1.jar:/home/user/.m2/repository/io/jaegertracing/jaeger-client/0.33.1/jaeger-client-0.33.1.jar:/home/user/.m2/repository/io/jaegertracing/jaeger-thrift/0.33.1/jaeger-thrift-0.33.1.jar:/home/user/.m2/repository/org/apache/thrift/libthrift/0.11.0/libthrift-0.11.0.jar:/home/user/.m2/repository/com/squareup/okhttp3/okhttp/3.9.0/okhttp-3.9.0.jar:/home/user/.m2/repository/com/squareup/okio/okio/1.13.0/okio-1.13.0.jar:/home/user/.m2/repository/io/jaegertracing/jaeger-core/0.33.1/jaeger-core-0.33.1.jar:/home/user/.m2/repository/io/jaegertracing/jaeger-tracerresolver/0.33.1/jaeger-tracerresolver-0.33.1.jar:/home/user/.m2/repository/io/opentracing/contrib/opentracing-tracerresolver/0.1.5/opentracing-tracerresolver-0.1.5.jar:/home/user/.m2/repository/io/opentracing/opentracing-util/0.31.0/opentracing-util-0.31.0.jar:/home/user/.m2/repository/io/opentracing/opentracing-api/0.31.0/opentracing-api-0.31.0.jar:/home/user/.m2/repository/io/opentracing/opentracing-noop/0.31.0/opentracing-noop-0.31.0.jar:/home/user/.m2/repository/org/apache/hadoop/hadoop-hdds-server-framework/0.5.0-SNAPSHOT/hadoop-hdds-server-framework-0.5.0-SNAPSHOT.jar:/home/user/.m2/repository/org/apache/hadoop/hadoop-hdds-container-service/0.5.0-SNAPSHOT/hadoop-hdds-container-service-0.5.0-SNAPSHOT.jar:/home/user/.m2/repository/org/apache/hadoop/hadoop-hdds-client/0.5.0-SNAPSHOT/hadoop-hdds-client-0.5.0-SNAPSHOT.jar:/home/user/.m2/repository/org/apache/hadoop/hadoop-hdds-tools/0.5.0-SNAPSHOT/hadoop-hdds-tools-0.5.0-SNAPSHOT.jar:/home/user/.m2/repository/org/apache/hadoop/hadoop-hdds-server-scm/0.5.0-SNAPSHOT/hadoop-hdds-server-scm-0.5.0-SNAPSHOT.jar:/home/user/.m2/repository/org/apache/hadoop/hadoop-hdds-docs/0.5.0-SNAPSHOT/hadoop-hdds-docs-0.5.0-SNAPSHOT.jar:/home/user/.m2/repository/io/dropwizard/metrics/metrics-core/3.2.4/metrics-core-3.2.4.jar:/home/user/.m2/repository/org/hamcrest/hamcrest-all/1.3/hamcrest-all-1.3.jar:/home/user/.m2/repository/org/bouncycastle/bcprov-jdk15on/1.60/bcprov-jdk15on-1.60.jar:/home/user/.m2/repository/info/picocli/picocli/3.9.6/picocli-3.9.6.jar:/home/user/.m2/repository/com/google/protobuf/protobuf-java/2.5.0/protobuf-java-2.5.0.jar:/home/user/.m2/repository/com/google/guava/guava/11.0.2/guava-11.0.2.jar:/home/user/.m2/repository/org/apache/hadoop/hadoop-ozone-ozone-manager/0.5.0-SNAPSHOT/hadoop-ozone-ozone-manager-0.5.0-SNAPSHOT.jar:/home/user/.m2/repository/org/apache/hadoop/hadoop-minikdc/3.2.0/hadoop-minikdc-3.2.0.jar:/home/user/.m2/repository/commons-io/commons-io/2.5/commons-io-2.5.jar:/home/user/.m2/repository/org/apache/kerby/kerb-simplekdc/1.0.1/kerb-simplekdc-1.0.1.jar:/home/user/.m2/repository/org/apache/kerby/kerb-client/1.0.1/kerb-client-1.0.1.jar:/home/user/.m2/repository/org/apache/kerby/kerby-config/1.0.1/kerby-config-1.0.1.jar:/home/user/.m2/repository/org/apache/kerby/kerb-core/1.0.1/kerb-core-1.0.1.jar:/home/user/.m2/repository/org/apache/kerby/kerby-pkix/1.0.1/kerby-pkix-1.0.1.jar:/home/user/.m2/repository/org/apache/kerby/kerby-asn1/1.0.1/kerby-asn1-1.0.1.jar:/home/user/.m2/repository/org/apache/kerby/kerby-util/1.0.1/kerby-util-1.0.1.jar:/home/user/.m2/repository/org/apache/kerby/kerb-common/1.0.1/kerb-common-1.0.1.jar:/home/user/.m2/repository/org/apache/kerby/kerb-crypto/1.0.1/kerb-crypto-1.0.1.jar:/home/user/.m2/repository/org/apache/kerby/kerb-util/1.0.1/kerb-util-1.0.1.jar:/home/user/.m2/repository/org/apache/kerby/token-provider/1.0.1/token-provider-1.0.1.jar:/home/user/.m2/repository/org/apache/kerby/kerb-admin/1.0.1/kerb-admin-1.0.1.jar:/home/user/.m2/repository/org/apache/kerby/kerb-server/1.0.1/kerb-server-1.0.1.jar:/home/user/.m2/repository/org/apache/kerby/kerb-identity/1.0.1/kerb-identity-1.0.1.jar:/home/user/.m2/repository/org/apache/kerby/kerby-xdr/1.0.1/kerby-xdr-1.0.1.jar:/home/user/.m2/repository/org/slf4j/slf4j-log4j12/1.7.25/slf4j-log4j12-1.7.25.jar:/home/user/.m2/repository/org/apache/hadoop/hadoop-ozone-s3gateway/0.5.0-SNAPSHOT/hadoop-ozone-s3gateway-0.5.0-SNAPSHOT.jar:/home/user/.m2/repository/org/jboss/weld/servlet/weld-servlet/2.4.7.Final/weld-servlet-2.4.7.Final.jar:/home/user/.m2/repository/org/glassfish/jersey/containers/jersey-container-servlet-core/2.27/jersey-container-servlet-core-2.27.jar:/home/user/.m2/repository/org/glassfish/hk2/external/javax.inject/2.5.0-b42/javax.inject-2.5.0-b42.jar:/home/user/.m2/repository/org/glassfish/jersey/core/jersey-common/2.27/jersey-common-2.27.jar:/home/user/.m2/repository/org/glassfish/hk2/osgi-resource-locator/1.0.1/osgi-resource-locator-1.0.1.jar:/home/user/.m2/repository/javax/ws/rs/javax.ws.rs-api/2.1/javax.ws.rs-api-2.1.jar:/home/user/.m2/repository/org/glassfish/jersey/ext/cdi/jersey-cdi1x/2.27/jersey-cdi1x-2.27.jar:/home/user/.m2/repository/org/glassfish/jersey/inject/jersey-hk2/2.27/jersey-hk2-2.27.jar:/home/user/.m2/repository/org/glassfish/hk2/hk2-locator/2.5.0-b42/hk2-locator-2.5.0-b42.jar:/home/user/.m2/repository/org/javassist/javassist/3.22.0-CR2/javassist-3.22.0-CR2.jar:/home/user/.m2/repository/org/glassfish/hk2/hk2-api/2.5.0/hk2-api-2.5.0.jar:/home/user/.m2/repository/org/glassfish/hk2/external/jakarta.inject/2.5.0/jakarta.inject-2.5.0.jar:/home/user/.m2/repository/org/glassfish/hk2/hk2-utils/2.5.0/hk2-utils-2.5.0.jar:/home/user/.m2/repository/jakarta/annotation/jakarta.annotation-api/1.3.4/jakarta.annotation-api-1.3.4.jar:/home/user/.m2/repository/org/glassfish/hk2/external/aopalliance-repackaged/2.5.0/aopalliance-repackaged-2.5.0.jar:/home/user/.m2/repository/com/fasterxml/jackson/dataformat/jackson-dataformat-xml/2.9.0/jackson-dataformat-xml-2.9.0.jar:/home/user/.m2/repository/com/fasterxml/jackson/core/jackson-core/2.9.5/jackson-core-2.9.5.jar:/home/user/.m2/repository/com/fasterxml/jackson/module/jackson-module-jaxb-annotations/2.9.5/jackson-module-jaxb-annotations-2.9.5.jar:/home/user/.m2/repository/javax/enterprise/cdi-api/1.2/cdi-api-1.2.jar:/home/user/.m2/repository/javax/el/javax.el-api/3.0.0/javax.el-api-3.0.0.jar:/home/user/.m2/repository/javax/interceptor/javax.interceptor-api/1.2/javax.interceptor-api-1.2.jar:/home/user/.m2/repository/javax/inject/javax.inject/1/javax.inject-1.jar:/home/user/.m2/repository/com/sun/xml/bind/jaxb-impl/2.3.0.1/jaxb-impl-2.3.0.1.jar:/home/user/.m2/repository/com/sun/xml/bind/jaxb-core/2.3.0.1/jaxb-core-2.3.0.1.jar:/home/user/.m2/repository/javax/xml/bind/jaxb-api/2.3.0/jaxb-api-2.3.0.jar:/home/user/.m2/repository/javax/activation/activation/1.1.1/activation-1.1.1.jar:/home/user/.m2/repository/org/apache/hadoop/hadoop-ozone-csi/0.5.0-SNAPSHOT/hadoop-ozone-csi-0.5.0-SNAPSHOT.jar:/home/user/.m2/repository/com/google/protobuf/protobuf-java-util/3.5.1/protobuf-java-util-3.5.1.jar:/home/user/.m2/repository/org/apache/hadoop/hadoop-hdds-config/0.5.0-SNAPSHOT/hadoop-hdds-config-0.5.0-SNAPSHOT.jar:/home/user/.m2/repository/io/grpc/grpc-netty/1.17.1/grpc-netty-1.17.1.jar:/home/user/.m2/repository/io/grpc/grpc-core/1.17.1/grpc-core-1.17.1.jar:/home/user/.m2/repository/io/grpc/grpc-context/1.17.1/grpc-context-1.17.1.jar:/home/user/.m2/repository/com/google/errorprone/error_prone_annotations/2.2.0/error_prone_annotations-2.2.0.jar:/home/user/.m2/repository/org/codehaus/mojo/animal-sniffer-annotations/1.17/animal-sniffer-annotations-1.17.jar:/home/user/.m2/repository/io/opencensus/opencensus-api/0.17.0/opencensus-api-0.17.0.jar:/home/user/.m2/repository/io/opencensus/opencensus-contrib-grpc-metrics/0.17.0/opencensus-contrib-grpc-metrics-0.17.0.jar:/home/user/.m2/repository/io/netty/netty-codec-http2/4.1.30.Final/netty-codec-http2-4.1.30.Final.jar:/home/user/.m2/repository/io/netty/netty-codec-http/4.1.30.Final/netty-codec-http-4.1.30.Final.jar:/home/user/.m2/repository/io/netty/netty-codec/4.1.30.Final/netty-codec-4.1.30.Final.jar:/home/user/.m2/repository/io/netty/netty-handler/4.1.30.Final/netty-handler-4.1.30.Final.jar:/home/user/.m2/repository/io/netty/netty-handler-proxy/4.1.30.Final/netty-handler-proxy-4.1.30.Final.jar:/home/user/.m2/repository/io/netty/netty-codec-socks/4.1.30.Final/netty-codec-socks-4.1.30.Final.jar:/home/user/.m2/repository/io/netty/netty-transport-native-epoll/4.1.30.Final/netty-transport-native-epoll-4.1.30.Final.jar:/home/user/.m2/repository/io/netty/netty-common/4.1.30.Final/netty-common-4.1.30.Final.jar:/home/user/.m2/repository/io/netty/netty-buffer/4.1.30.Final/netty-buffer-4.1.30.Final.jar:/home/user/.m2/repository/io/netty/netty-transport/4.1.30.Final/netty-transport-4.1.30.Final.jar:/home/user/.m2/repository/io/netty/netty-resolver/4.1.30.Final/netty-resolver-4.1.30.Final.jar:/home/user/.m2/repository/io/netty/netty-transport-native-unix-common/4.1.30.Final/netty-transport-native-unix-common-4.1.30.Final.jar:/home/user/.m2/repository/io/grpc/grpc-protobuf/1.17.1/grpc-protobuf-1.17.1.jar:/home/user/.m2/repository/com/google/api/grpc/proto-google-common-protos/1.0.0/proto-google-common-protos-1.0.0.jar:/home/user/.m2/repository/io/grpc/grpc-protobuf-lite/1.17.1/grpc-protobuf-lite-1.17.1.jar:/home/user/.m2/repository/io/grpc/grpc-stub/1.17.1/grpc-stub-1.17.1.jar:/home/user/.m2/repository/org/apache/hadoop/hadoop-ozone-recon/0.5.0-SNAPSHOT/hadoop-ozone-recon-0.5.0-SNAPSHOT.jar:/home/user/.m2/repository/org/apache/hadoop/hadoop-ozone-reconcodegen/0.5.0-SNAPSHOT/hadoop-ozone-reconcodegen-0.5.0-SNAPSHOT.jar:/home/user/.m2/repository/com/google/inject/extensions/guice-multibindings/4.0/guice-multibindings-4.0.jar:/home/user/.m2/repository/com/google/inject/guice/4.0/guice-4.0.jar:/home/user/.m2/repository/aopalliance/aopalliance/1.0/aopalliance-1.0.jar:/home/user/.m2/repository/com/google/inject/extensions/guice-servlet/4.0/guice-servlet-4.0.jar:/home/user/.m2/repository/org/glassfish/jersey/containers/jersey-container-servlet/2.27/jersey-container-servlet-2.27.jar:/home/user/.m2/repository/org/glassfish/hk2/guice-bridge/2.5.0/guice-bridge-2.5.0.jar:/home/user/.m2/repository/org/glassfish/jersey/core/jersey-server/2.27/jersey-server-2.27.jar:/home/user/.m2/repository/org/glassfish/jersey/core/jersey-client/2.27/jersey-client-2.27.jar:/home/user/.m2/repository/org/glassfish/jersey/media/jersey-media-jaxb/2.27/jersey-media-jaxb-2.27.jar:/home/user/.m2/repository/javax/validation/validation-api/1.1.0.Final/validation-api-1.1.0.Final.jar:/home/user/.m2/repository/org/glassfish/jersey/media/jersey-media-json-jackson/2.27/jersey-media-json-jackson-2.27.jar:/home/user/.m2/repository/org/glassfish/jersey/ext/jersey-entity-filtering/2.27/jersey-entity-filtering-2.27.jar:/home/user/.m2/repository/com/google/inject/extensions/guice-assistedinject/4.0/guice-assistedinject-4.0.jar:/home/user/.m2/repository/org/jooq/jooq/3.11.10/jooq-3.11.10.jar:/home/user/.m2/repository/org/jooq/jooq-meta/3.11.10/jooq-meta-3.11.10.jar:/home/user/.m2/repository/org/jooq/jooq-codegen/3.11.10/jooq-codegen-3.11.10.jar:/home/user/.m2/repository/com/jolbox/bonecp/0.8.0.RELEASE/bonecp-0.8.0.RELEASE.jar:/home/user/.m2/repository/org/xerial/sqlite-jdbc/3.25.2/sqlite-jdbc-3.25.2.jar:/home/user/.m2/repository/org/springframework/spring-jdbc/5.1.3.RELEASE/spring-jdbc-5.1.3.RELEASE.jar:/home/user/.m2/repository/org/springframework/spring-beans/5.1.3.RELEASE/spring-beans-5.1.3.RELEASE.jar:/home/user/.m2/repository/org/springframework/spring-core/5.1.3.RELEASE/spring-core-5.1.3.RELEASE.jar:/home/user/.m2/repository/org/springframework/spring-jcl/5.1.3.RELEASE/spring-jcl-5.1.3.RELEASE.jar:/home/user/.m2/repository/org/springframework/spring-tx/5.1.3.RELEASE/spring-tx-5.1.3.RELEASE.jar:/home/user/.m2/repository/org/apache/hadoop/hadoop-ozone-client/0.5.0-SNAPSHOT/hadoop-ozone-client-0.5.0-SNAPSHOT.jar:/home/user/.m2/repository/commons-lang/commons-lang/2.6/commons-lang-2.6.jar:/home/user/.m2/repository/org/apache/hadoop/hadoop-ozone-ozone-manager/0.5.0-SNAPSHOT/hadoop-ozone-ozone-manager-0.5.0-SNAPSHOT-tests.jar:/home/user/.m2/repository/junit/junit/4.11/junit-4.11.jar:/home/user/.m2/repository/org/hamcrest/hamcrest-core/1.3/hamcrest-core-1.3.jar:/home/user/.m2/repository/org/openjdk/jmh/jmh-core/1.19/jmh-core-1.19.jar:/home/user/.m2/repository/net/sf/jopt-simple/jopt-simple/4.6/jopt-simple-4.6.jar:/home/user/.m2/repository/org/apache/commons/commons-math3/3.1.1/commons-math3-3.1.1.jar:/home/user/.m2/repository/org/openjdk/jmh/jmh-generator-annprocess/1.19/jmh-generator-annprocess-1.19.jar:/home/user/.m2/repository/org/mockito/mockito-all/1.8.5/mockito-all-1.8.5.jar:/home/user/.m2/repository/org/apache/hadoop/hadoop-kms/3.2.0/hadoop-kms-3.2.0.jar:/home/user/.m2/repository/org/apache/hadoop/hadoop-auth/3.2.0/hadoop-auth-3.2.0.jar:/home/user/.m2/repository/com/nimbusds/nimbus-jose-jwt/4.41.1/nimbus-jose-jwt-4.41.1.jar:/home/user/.m2/repository/com/github/stephenc/jcip/jcip-annotations/1.0-1/jcip-annotations-1.0-1.jar:/home/user/.m2/repository/net/minidev/json-smart/2.3/json-smart-2.3.jar:/home/user/.m2/repository/net/minidev/accessors-smart/1.2/accessors-smart-1.2.jar:/home/user/.m2/repository/org/ow2/asm/asm/5.0.4/asm-5.0.4.jar:/home/user/.m2/repository/org/apache/curator/curator-framework/2.12.0/curator-framework-2.12.0.jar:/home/user/.m2/repository/com/sun/jersey/jersey-core/1.19/jersey-core-1.19.jar:/home/user/.m2/repository/javax/ws/rs/jsr311-api/1.1.1/jsr311-api-1.1.1.jar:/home/user/.m2/repository/com/sun/jersey/jersey-server/1.19/jersey-server-1.19.jar:/home/user/.m2/repository/javax/servlet/javax.servlet-api/3.1.0/javax.servlet-api-3.1.0.jar:/home/user/.m2/repository/org/eclipse/jetty/jetty-server/9.3.24.v20180605/jetty-server-9.3.24.v20180605.jar:/home/user/.m2/repository/org/eclipse/jetty/jetty-http/9.3.24.v20180605/jetty-http-9.3.24.v20180605.jar:/home/user/.m2/repository/org/eclipse/jetty/jetty-io/9.3.24.v20180605/jetty-io-9.3.24.v20180605.jar:/home/user/.m2/repository/org/eclipse/jetty/jetty-webapp/9.3.24.v20180605/jetty-webapp-9.3.24.v20180605.jar:/home/user/.m2/repository/org/eclipse/jetty/jetty-xml/9.3.24.v20180605/jetty-xml-9.3.24.v20180605.jar:/home/user/.m2/repository/log4j/log4j/1.2.17/log4j-1.2.17.jar:/home/user/.m2/repository/org/slf4j/slf4j-api/1.7.25/slf4j-api-1.7.25.jar:/home/user/.m2/repository/org/slf4j/jul-to-slf4j/1.7.25/jul-to-slf4j-1.7.25.jar:/home/user/.m2/repository/org/eclipse/jetty/jetty-util/9.3.24.v20180605/jetty-util-9.3.24.v20180605.jar:/home/user/.m2/repository/com/fasterxml/jackson/core/jackson-databind/2.9.5/jackson-databind-2.9.5.jar:/home/user/.m2/repository/org/apache/hadoop/hadoop-kms/3.2.0/hadoop-kms-3.2.0-tests.jar:/home/user/.m2/repository/org/apache/hadoop/hadoop-hdds-server-scm/0.5.0-SNAPSHOT/hadoop-hdds-server-scm-0.5.0-SNAPSHOT-tests.jar:/home/user/.m2/repository/org/apache/hadoop/hadoop-hdds-container-service/0.5.0-SNAPSHOT/hadoop-hdds-container-service-0.5.0-SNAPSHOT-tests.jar:/home/user/.m2/repository/org/yaml/snakeyaml/1.16/snakeyaml-1.16.jar:/home/user/.m2/repository/org/apache/hadoop/hadoop-common/3.2.0/hadoop-common-3.2.0-tests.jar:/home/user/.m2/repository/org/apache/hadoop/hadoop-annotations/3.2.0/hadoop-annotations-3.2.0.jar:/usr/lib/jvm/java-1.8-openjdk/jre/../lib/tools.jar:/home/user/.m2/repository/commons-cli/commons-cli/1.2/commons-cli-1.2.jar:/home/user/.m2/repository/org/apache/httpcomponents/httpclient/4.5.2/httpclient-4.5.2.jar:/home/user/.m2/repository/org/apache/httpcomponents/httpcore/4.4.4/httpcore-4.4.4.jar:/home/user/.m2/repository/commons-codec/commons-codec/1.11/commons-codec-1.11.jar:/home/user/.m2/repository/commons-net/commons-net/3.6/commons-net-3.6.jar:/home/user/.m2/repository/commons-collections/commons-collections/3.2.2/commons-collections-3.2.2.jar:/home/user/.m2/repository/org/eclipse/jetty/jetty-servlet/9.3.24.v20180605/jetty-servlet-9.3.24.v20180605.jar:/home/user/.m2/repository/org/eclipse/jetty/jetty-security/9.3.24.v20180605/jetty-security-9.3.24.v20180605.jar:/home/user/.m2/repository/javax/servlet/jsp/jsp-api/2.1/jsp-api-2.1.jar:/home/user/.m2/repository/com/sun/jersey/jersey-servlet/1.19/jersey-servlet-1.19.jar:/home/user/.m2/repository/com/sun/jersey/jersey-json/1.19/jersey-json-1.19.jar:/home/user/.m2/repository/org/codehaus/jettison/jettison/1.1/jettison-1.1.jar:/home/user/.m2/repository/org/codehaus/jackson/jackson-core-asl/1.9.13/jackson-core-asl-1.9.13.jar:/home/user/.m2/repository/org/codehaus/jackson/jackson-mapper-asl/1.9.13/jackson-mapper-asl-1.9.13.jar:/home/user/.m2/repository/org/codehaus/jackson/jackson-jaxrs/1.9.13/jackson-jaxrs-1.9.13.jar:/home/user/.m2/repository/org/codehaus/jackson/jackson-xc/1.9.13/jackson-xc-1.9.13.jar:/home/user/.m2/repository/commons-logging/commons-logging/1.1.3/commons-logging-1.1.3.jar:/home/user/.m2/repository/commons-beanutils/commons-beanutils/1.9.3/commons-beanutils-1.9.3.jar:/home/user/.m2/repository/org/apache/commons/commons-configuration2/2.1.1/commons-configuration2-2.1.1.jar:/home/user/.m2/repository/org/apache/commons/commons-lang3/3.7/commons-lang3-3.7.jar:/home/user/.m2/repository/org/apache/commons/commons-text/1.4/commons-text-1.4.jar:/home/user/.m2/repository/org/apache/avro/avro/1.7.7/avro-1.7.7.jar:/home/user/.m2/repository/com/thoughtworks/paranamer/paranamer/2.3/paranamer-2.3.jar:/home/user/.m2/repository/org/xerial/snappy/snappy-java/1.0.5/snappy-java-1.0.5.jar:/home/user/.m2/repository/com/google/re2j/re2j/1.1/re2j-1.1.jar:/home/user/.m2/repository/com/google/code/gson/gson/2.2.4/gson-2.2.4.jar:/home/user/.m2/repository/com/jcraft/jsch/0.1.54/jsch-0.1.54.jar:/home/user/.m2/repository/org/apache/curator/curator-client/2.12.0/curator-client-2.12.0.jar:/home/user/.m2/repository/org/apache/curator/curator-recipes/2.12.0/curator-recipes-2.12.0.jar:/home/user/.m2/repository/com/google/code/findbugs/jsr305/3.0.0/jsr305-3.0.0.jar:/home/user/.m2/repository/org/apache/htrace/htrace-core4/4.1.0-incubating/htrace-core4-4.1.0-incubating.jar:/home/user/.m2/repository/org/apache/zookeeper/zookeeper/3.4.13/zookeeper-3.4.13.jar:/home/user/.m2/repository/org/apache/yetus/audience-annotations/0.5.0/audience-annotations-0.5.0.jar:/home/user/.m2/repository/org/codehaus/woodstox/stax2-api/3.1.4/stax2-api-3.1.4.jar:/home/user/.m2/repository/com/fasterxml/woodstox/woodstox-core/5.0.3/woodstox-core-5.0.3.jar:/home/user/.m2/repository/dnsjava/dnsjava/2.1.7/dnsjava-2.1.7.jar:/home/user/.m2/repository/org/apache/hadoop/hadoop-hdfs/3.2.0/hadoop-hdfs-3.2.0-tests.jar:/home/user/.m2/repository/org/eclipse/jetty/jetty-util-ajax/9.3.24.v20180605/jetty-util-ajax-9.3.24.v20180605.jar:/home/user/.m2/repository/commons-daemon/commons-daemon/1.0.13/commons-daemon-1.0.13.jar:/home/user/.m2/repository/io/netty/netty/3.10.5.Final/netty-3.10.5.Final.jar:/home/user/.m2/repository/io/netty/netty-all/4.0.52.Final/netty-all-4.0.52.Final.jar:/home/user/.m2/repository/org/fusesource/leveldbjni/leveldbjni-all/1.8/leveldbjni-all-1.8.jar:"/>
    <property name="java.vm.vendor" value="IcedTea"/>
    <property name="sun.arch.data.model" value="64"/>
    <property name="test.build.dir" value="/workdir/hadoop-ozone/integration-test/target/test-dir"/>
    <property name="test.cache.data" value=""/>
    <property name="java.vendor.url" value="https://icedtea.classpath.org"/>
    <property name="user.timezone" value=""/>
    <property name="java.vm.specification.version" value="1.8"/>
    <property name="os.name" value="Linux"/>
    <property name="test.build.data" value="/workdir/hadoop-ozone/integration-test/target/test-dir"/>
    <property name="user.country" value="US"/>
    <property name="sun.java.launcher" value="SUN_STANDARD"/>
    <property name="sun.boot.library.path" value="/usr/lib/jvm/java-1.8-openjdk/jre/lib/amd64"/>
    <property name="sun.java.command" value="/workdir/hadoop-ozone/integration-test/target/surefire/surefirebooter6276513399039518679.jar /workdir/hadoop-ozone/integration-test/target/surefire 2019-09-16T17-59-00_964-jvmRun1 surefire3030717587528064997tmp surefire_494924094267495933440tmp"/>
    <property name="test" value="!TestMiniChaosOzoneCluster"/>
    <property name="surefire.test.class.path" value="/workdir/hadoop-ozone/integration-test/target/test-classes:/workdir/hadoop-ozone/integration-test/target/classes:/home/user/.m2/repository/org/apache/hadoop/hadoop-ozone-common/0.5.0-SNAPSHOT/hadoop-ozone-common-0.5.0-SNAPSHOT.jar:/home/user/.m2/repository/org/apache/commons/commons-compress/1.4.1/commons-compress-1.4.1.jar:/home/user/.m2/repository/org/tukaani/xz/1.0/xz-1.0.jar:/home/user/.m2/repository/org/apache/hadoop/hadoop-common/3.2.0/hadoop-common-3.2.0.jar:/home/user/.m2/repository/org/apache/hadoop/hadoop-hdfs/3.2.0/hadoop-hdfs-3.2.0.jar:/home/user/.m2/repository/org/apache/hadoop/hadoop-hdfs-client/3.2.0/hadoop-hdfs-client-3.2.0.jar:/home/user/.m2/repository/com/fasterxml/jackson/core/jackson-annotations/2.9.5/jackson-annotations-2.9.5.jar:/home/user/.m2/repository/org/apache/hadoop/hadoop-hdds-common/0.5.0-SNAPSHOT/hadoop-hdds-common-0.5.0-SNAPSHOT.jar:/home/user/.m2/repository/javax/annotation/javax.annotation-api/1.2/javax.annotation-api-1.2.jar:/home/user/.m2/repository/org/apache/ratis/ratis-server/0.4.0-78e95b9-SNAPSHOT/ratis-server-0.4.0-78e95b9-SNAPSHOT.jar:/home/user/.m2/repository/org/apache/ratis/ratis-thirdparty-misc/0.2.0/ratis-thirdparty-misc-0.2.0.jar:/home/user/.m2/repository/org/apache/ratis/ratis-proto/0.4.0-78e95b9-SNAPSHOT/ratis-proto-0.4.0-78e95b9-SNAPSHOT.jar:/home/user/.m2/repository/org/apache/ratis/ratis-common/0.4.0-78e95b9-SNAPSHOT/ratis-common-0.4.0-78e95b9-SNAPSHOT.jar:/home/user/.m2/repository/org/apache/ratis/ratis-client/0.4.0-78e95b9-SNAPSHOT/ratis-client-0.4.0-78e95b9-SNAPSHOT.jar:/home/user/.m2/repository/org/apache/ratis/ratis-metrics/0.4.0-78e95b9-SNAPSHOT/ratis-metrics-0.4.0-78e95b9-SNAPSHOT.jar:/home/user/.m2/repository/com/github/joshelser/dropwizard-metrics-hadoop-metrics2-reporter/0.1.2/dropwizard-metrics-hadoop-metrics2-reporter-0.1.2.jar:/home/user/.m2/repository/io/dropwizard/metrics/metrics-jvm/3.2.5/metrics-jvm-3.2.5.jar:/home/user/.m2/repository/io/dropwizard/metrics/metrics-ganglia/3.2.5/metrics-ganglia-3.2.5.jar:/home/user/.m2/repository/info/ganglia/gmetric4j/gmetric4j/1.0.7/gmetric4j-1.0.7.jar:/home/user/.m2/repository/org/apache/ratis/ratis-netty/0.4.0-78e95b9-SNAPSHOT/ratis-netty-0.4.0-78e95b9-SNAPSHOT.jar:/home/user/.m2/repository/org/apache/ratis/ratis-grpc/0.4.0-78e95b9-SNAPSHOT/ratis-grpc-0.4.0-78e95b9-SNAPSHOT.jar:/home/user/.m2/repository/org/rocksdb/rocksdbjni/6.0.1/rocksdbjni-6.0.1.jar:/home/user/.m2/repository/org/apache/logging/log4j/log4j-api/2.11.0/log4j-api-2.11.0.jar:/home/user/.m2/repository/org/apache/logging/log4j/log4j-core/2.11.0/log4j-core-2.11.0.jar:/home/user/.m2/repository/com/lmax/disruptor/3.4.2/disruptor-3.4.2.jar:/home/user/.m2/repository/org/apache/commons/commons-pool2/2.6.0/commons-pool2-2.6.0.jar:/home/user/.m2/repository/org/bouncycastle/bcpkix-jdk15on/1.60/bcpkix-jdk15on-1.60.jar:/home/user/.m2/repository/commons-validator/commons-validator/1.6/commons-validator-1.6.jar:/home/user/.m2/repository/commons-digester/commons-digester/1.8.1/commons-digester-1.8.1.jar:/home/user/.m2/repository/io/jaegertracing/jaeger-client/0.33.1/jaeger-client-0.33.1.jar:/home/user/.m2/repository/io/jaegertracing/jaeger-thrift/0.33.1/jaeger-thrift-0.33.1.jar:/home/user/.m2/repository/org/apache/thrift/libthrift/0.11.0/libthrift-0.11.0.jar:/home/user/.m2/repository/com/squareup/okhttp3/okhttp/3.9.0/okhttp-3.9.0.jar:/home/user/.m2/repository/com/squareup/okio/okio/1.13.0/okio-1.13.0.jar:/home/user/.m2/repository/io/jaegertracing/jaeger-core/0.33.1/jaeger-core-0.33.1.jar:/home/user/.m2/repository/io/jaegertracing/jaeger-tracerresolver/0.33.1/jaeger-tracerresolver-0.33.1.jar:/home/user/.m2/repository/io/opentracing/contrib/opentracing-tracerresolver/0.1.5/opentracing-tracerresolver-0.1.5.jar:/home/user/.m2/repository/io/opentracing/opentracing-util/0.31.0/opentracing-util-0.31.0.jar:/home/user/.m2/repository/io/opentracing/opentracing-api/0.31.0/opentracing-api-0.31.0.jar:/home/user/.m2/repository/io/opentracing/opentracing-noop/0.31.0/opentracing-noop-0.31.0.jar:/home/user/.m2/repository/org/apache/hadoop/hadoop-hdds-server-framework/0.5.0-SNAPSHOT/hadoop-hdds-server-framework-0.5.0-SNAPSHOT.jar:/home/user/.m2/repository/org/apache/hadoop/hadoop-hdds-container-service/0.5.0-SNAPSHOT/hadoop-hdds-container-service-0.5.0-SNAPSHOT.jar:/home/user/.m2/repository/org/apache/hadoop/hadoop-hdds-client/0.5.0-SNAPSHOT/hadoop-hdds-client-0.5.0-SNAPSHOT.jar:/home/user/.m2/repository/org/apache/hadoop/hadoop-hdds-tools/0.5.0-SNAPSHOT/hadoop-hdds-tools-0.5.0-SNAPSHOT.jar:/home/user/.m2/repository/org/apache/hadoop/hadoop-hdds-server-scm/0.5.0-SNAPSHOT/hadoop-hdds-server-scm-0.5.0-SNAPSHOT.jar:/home/user/.m2/repository/org/apache/hadoop/hadoop-hdds-docs/0.5.0-SNAPSHOT/hadoop-hdds-docs-0.5.0-SNAPSHOT.jar:/home/user/.m2/repository/io/dropwizard/metrics/metrics-core/3.2.4/metrics-core-3.2.4.jar:/home/user/.m2/repository/org/hamcrest/hamcrest-all/1.3/hamcrest-all-1.3.jar:/home/user/.m2/repository/org/bouncycastle/bcprov-jdk15on/1.60/bcprov-jdk15on-1.60.jar:/home/user/.m2/repository/info/picocli/picocli/3.9.6/picocli-3.9.6.jar:/home/user/.m2/repository/com/google/protobuf/protobuf-java/2.5.0/protobuf-java-2.5.0.jar:/home/user/.m2/repository/com/google/guava/guava/11.0.2/guava-11.0.2.jar:/home/user/.m2/repository/org/apache/hadoop/hadoop-ozone-ozone-manager/0.5.0-SNAPSHOT/hadoop-ozone-ozone-manager-0.5.0-SNAPSHOT.jar:/home/user/.m2/repository/org/apache/hadoop/hadoop-minikdc/3.2.0/hadoop-minikdc-3.2.0.jar:/home/user/.m2/repository/commons-io/commons-io/2.5/commons-io-2.5.jar:/home/user/.m2/repository/org/apache/kerby/kerb-simplekdc/1.0.1/kerb-simplekdc-1.0.1.jar:/home/user/.m2/repository/org/apache/kerby/kerb-client/1.0.1/kerb-client-1.0.1.jar:/home/user/.m2/repository/org/apache/kerby/kerby-config/1.0.1/kerby-config-1.0.1.jar:/home/user/.m2/repository/org/apache/kerby/kerb-core/1.0.1/kerb-core-1.0.1.jar:/home/user/.m2/repository/org/apache/kerby/kerby-pkix/1.0.1/kerby-pkix-1.0.1.jar:/home/user/.m2/repository/org/apache/kerby/kerby-asn1/1.0.1/kerby-asn1-1.0.1.jar:/home/user/.m2/repository/org/apache/kerby/kerby-util/1.0.1/kerby-util-1.0.1.jar:/home/user/.m2/repository/org/apache/kerby/kerb-common/1.0.1/kerb-common-1.0.1.jar:/home/user/.m2/repository/org/apache/kerby/kerb-crypto/1.0.1/kerb-crypto-1.0.1.jar:/home/user/.m2/repository/org/apache/kerby/kerb-util/1.0.1/kerb-util-1.0.1.jar:/home/user/.m2/repository/org/apache/kerby/token-provider/1.0.1/token-provider-1.0.1.jar:/home/user/.m2/repository/org/apache/kerby/kerb-admin/1.0.1/kerb-admin-1.0.1.jar:/home/user/.m2/repository/org/apache/kerby/kerb-server/1.0.1/kerb-server-1.0.1.jar:/home/user/.m2/repository/org/apache/kerby/kerb-identity/1.0.1/kerb-identity-1.0.1.jar:/home/user/.m2/repository/org/apache/kerby/kerby-xdr/1.0.1/kerby-xdr-1.0.1.jar:/home/user/.m2/repository/org/slf4j/slf4j-log4j12/1.7.25/slf4j-log4j12-1.7.25.jar:/home/user/.m2/repository/org/apache/hadoop/hadoop-ozone-s3gateway/0.5.0-SNAPSHOT/hadoop-ozone-s3gateway-0.5.0-SNAPSHOT.jar:/home/user/.m2/repository/org/jboss/weld/servlet/weld-servlet/2.4.7.Final/weld-servlet-2.4.7.Final.jar:/home/user/.m2/repository/org/glassfish/jersey/containers/jersey-container-servlet-core/2.27/jersey-container-servlet-core-2.27.jar:/home/user/.m2/repository/org/glassfish/hk2/external/javax.inject/2.5.0-b42/javax.inject-2.5.0-b42.jar:/home/user/.m2/repository/org/glassfish/jersey/core/jersey-common/2.27/jersey-common-2.27.jar:/home/user/.m2/repository/org/glassfish/hk2/osgi-resource-locator/1.0.1/osgi-resource-locator-1.0.1.jar:/home/user/.m2/repository/javax/ws/rs/javax.ws.rs-api/2.1/javax.ws.rs-api-2.1.jar:/home/user/.m2/repository/org/glassfish/jersey/ext/cdi/jersey-cdi1x/2.27/jersey-cdi1x-2.27.jar:/home/user/.m2/repository/org/glassfish/jersey/inject/jersey-hk2/2.27/jersey-hk2-2.27.jar:/home/user/.m2/repository/org/glassfish/hk2/hk2-locator/2.5.0-b42/hk2-locator-2.5.0-b42.jar:/home/user/.m2/repository/org/javassist/javassist/3.22.0-CR2/javassist-3.22.0-CR2.jar:/home/user/.m2/repository/org/glassfish/hk2/hk2-api/2.5.0/hk2-api-2.5.0.jar:/home/user/.m2/repository/org/glassfish/hk2/external/jakarta.inject/2.5.0/jakarta.inject-2.5.0.jar:/home/user/.m2/repository/org/glassfish/hk2/hk2-utils/2.5.0/hk2-utils-2.5.0.jar:/home/user/.m2/repository/jakarta/annotation/jakarta.annotation-api/1.3.4/jakarta.annotation-api-1.3.4.jar:/home/user/.m2/repository/org/glassfish/hk2/external/aopalliance-repackaged/2.5.0/aopalliance-repackaged-2.5.0.jar:/home/user/.m2/repository/com/fasterxml/jackson/dataformat/jackson-dataformat-xml/2.9.0/jackson-dataformat-xml-2.9.0.jar:/home/user/.m2/repository/com/fasterxml/jackson/core/jackson-core/2.9.5/jackson-core-2.9.5.jar:/home/user/.m2/repository/com/fasterxml/jackson/module/jackson-module-jaxb-annotations/2.9.5/jackson-module-jaxb-annotations-2.9.5.jar:/home/user/.m2/repository/javax/enterprise/cdi-api/1.2/cdi-api-1.2.jar:/home/user/.m2/repository/javax/el/javax.el-api/3.0.0/javax.el-api-3.0.0.jar:/home/user/.m2/repository/javax/interceptor/javax.interceptor-api/1.2/javax.interceptor-api-1.2.jar:/home/user/.m2/repository/javax/inject/javax.inject/1/javax.inject-1.jar:/home/user/.m2/repository/com/sun/xml/bind/jaxb-impl/2.3.0.1/jaxb-impl-2.3.0.1.jar:/home/user/.m2/repository/com/sun/xml/bind/jaxb-core/2.3.0.1/jaxb-core-2.3.0.1.jar:/home/user/.m2/repository/javax/xml/bind/jaxb-api/2.3.0/jaxb-api-2.3.0.jar:/home/user/.m2/repository/javax/activation/activation/1.1.1/activation-1.1.1.jar:/home/user/.m2/repository/org/apache/hadoop/hadoop-ozone-csi/0.5.0-SNAPSHOT/hadoop-ozone-csi-0.5.0-SNAPSHOT.jar:/home/user/.m2/repository/com/google/protobuf/protobuf-java-util/3.5.1/protobuf-java-util-3.5.1.jar:/home/user/.m2/repository/org/apache/hadoop/hadoop-hdds-config/0.5.0-SNAPSHOT/hadoop-hdds-config-0.5.0-SNAPSHOT.jar:/home/user/.m2/repository/io/grpc/grpc-netty/1.17.1/grpc-netty-1.17.1.jar:/home/user/.m2/repository/io/grpc/grpc-core/1.17.1/grpc-core-1.17.1.jar:/home/user/.m2/repository/io/grpc/grpc-context/1.17.1/grpc-context-1.17.1.jar:/home/user/.m2/repository/com/google/errorprone/error_prone_annotations/2.2.0/error_prone_annotations-2.2.0.jar:/home/user/.m2/repository/org/codehaus/mojo/animal-sniffer-annotations/1.17/animal-sniffer-annotations-1.17.jar:/home/user/.m2/repository/io/opencensus/opencensus-api/0.17.0/opencensus-api-0.17.0.jar:/home/user/.m2/repository/io/opencensus/opencensus-contrib-grpc-metrics/0.17.0/opencensus-contrib-grpc-metrics-0.17.0.jar:/home/user/.m2/repository/io/netty/netty-codec-http2/4.1.30.Final/netty-codec-http2-4.1.30.Final.jar:/home/user/.m2/repository/io/netty/netty-codec-http/4.1.30.Final/netty-codec-http-4.1.30.Final.jar:/home/user/.m2/repository/io/netty/netty-codec/4.1.30.Final/netty-codec-4.1.30.Final.jar:/home/user/.m2/repository/io/netty/netty-handler/4.1.30.Final/netty-handler-4.1.30.Final.jar:/home/user/.m2/repository/io/netty/netty-handler-proxy/4.1.30.Final/netty-handler-proxy-4.1.30.Final.jar:/home/user/.m2/repository/io/netty/netty-codec-socks/4.1.30.Final/netty-codec-socks-4.1.30.Final.jar:/home/user/.m2/repository/io/netty/netty-transport-native-epoll/4.1.30.Final/netty-transport-native-epoll-4.1.30.Final.jar:/home/user/.m2/repository/io/netty/netty-common/4.1.30.Final/netty-common-4.1.30.Final.jar:/home/user/.m2/repository/io/netty/netty-buffer/4.1.30.Final/netty-buffer-4.1.30.Final.jar:/home/user/.m2/repository/io/netty/netty-transport/4.1.30.Final/netty-transport-4.1.30.Final.jar:/home/user/.m2/repository/io/netty/netty-resolver/4.1.30.Final/netty-resolver-4.1.30.Final.jar:/home/user/.m2/repository/io/netty/netty-transport-native-unix-common/4.1.30.Final/netty-transport-native-unix-common-4.1.30.Final.jar:/home/user/.m2/repository/io/grpc/grpc-protobuf/1.17.1/grpc-protobuf-1.17.1.jar:/home/user/.m2/repository/com/google/api/grpc/proto-google-common-protos/1.0.0/proto-google-common-protos-1.0.0.jar:/home/user/.m2/repository/io/grpc/grpc-protobuf-lite/1.17.1/grpc-protobuf-lite-1.17.1.jar:/home/user/.m2/repository/io/grpc/grpc-stub/1.17.1/grpc-stub-1.17.1.jar:/home/user/.m2/repository/org/apache/hadoop/hadoop-ozone-recon/0.5.0-SNAPSHOT/hadoop-ozone-recon-0.5.0-SNAPSHOT.jar:/home/user/.m2/repository/org/apache/hadoop/hadoop-ozone-reconcodegen/0.5.0-SNAPSHOT/hadoop-ozone-reconcodegen-0.5.0-SNAPSHOT.jar:/home/user/.m2/repository/com/google/inject/extensions/guice-multibindings/4.0/guice-multibindings-4.0.jar:/home/user/.m2/repository/com/google/inject/guice/4.0/guice-4.0.jar:/home/user/.m2/repository/aopalliance/aopalliance/1.0/aopalliance-1.0.jar:/home/user/.m2/repository/com/google/inject/extensions/guice-servlet/4.0/guice-servlet-4.0.jar:/home/user/.m2/repository/org/glassfish/jersey/containers/jersey-container-servlet/2.27/jersey-container-servlet-2.27.jar:/home/user/.m2/repository/org/glassfish/hk2/guice-bridge/2.5.0/guice-bridge-2.5.0.jar:/home/user/.m2/repository/org/glassfish/jersey/core/jersey-server/2.27/jersey-server-2.27.jar:/home/user/.m2/repository/org/glassfish/jersey/core/jersey-client/2.27/jersey-client-2.27.jar:/home/user/.m2/repository/org/glassfish/jersey/media/jersey-media-jaxb/2.27/jersey-media-jaxb-2.27.jar:/home/user/.m2/repository/javax/validation/validation-api/1.1.0.Final/validation-api-1.1.0.Final.jar:/home/user/.m2/repository/org/glassfish/jersey/media/jersey-media-json-jackson/2.27/jersey-media-json-jackson-2.27.jar:/home/user/.m2/repository/org/glassfish/jersey/ext/jersey-entity-filtering/2.27/jersey-entity-filtering-2.27.jar:/home/user/.m2/repository/com/google/inject/extensions/guice-assistedinject/4.0/guice-assistedinject-4.0.jar:/home/user/.m2/repository/org/jooq/jooq/3.11.10/jooq-3.11.10.jar:/home/user/.m2/repository/org/jooq/jooq-meta/3.11.10/jooq-meta-3.11.10.jar:/home/user/.m2/repository/org/jooq/jooq-codegen/3.11.10/jooq-codegen-3.11.10.jar:/home/user/.m2/repository/com/jolbox/bonecp/0.8.0.RELEASE/bonecp-0.8.0.RELEASE.jar:/home/user/.m2/repository/org/xerial/sqlite-jdbc/3.25.2/sqlite-jdbc-3.25.2.jar:/home/user/.m2/repository/org/springframework/spring-jdbc/5.1.3.RELEASE/spring-jdbc-5.1.3.RELEASE.jar:/home/user/.m2/repository/org/springframework/spring-beans/5.1.3.RELEASE/spring-beans-5.1.3.RELEASE.jar:/home/user/.m2/repository/org/springframework/spring-core/5.1.3.RELEASE/spring-core-5.1.3.RELEASE.jar:/home/user/.m2/repository/org/springframework/spring-jcl/5.1.3.RELEASE/spring-jcl-5.1.3.RELEASE.jar:/home/user/.m2/repository/org/springframework/spring-tx/5.1.3.RELEASE/spring-tx-5.1.3.RELEASE.jar:/home/user/.m2/repository/org/apache/hadoop/hadoop-ozone-client/0.5.0-SNAPSHOT/hadoop-ozone-client-0.5.0-SNAPSHOT.jar:/home/user/.m2/repository/commons-lang/commons-lang/2.6/commons-lang-2.6.jar:/home/user/.m2/repository/org/apache/hadoop/hadoop-ozone-ozone-manager/0.5.0-SNAPSHOT/hadoop-ozone-ozone-manager-0.5.0-SNAPSHOT-tests.jar:/home/user/.m2/repository/junit/junit/4.11/junit-4.11.jar:/home/user/.m2/repository/org/hamcrest/hamcrest-core/1.3/hamcrest-core-1.3.jar:/home/user/.m2/repository/org/openjdk/jmh/jmh-core/1.19/jmh-core-1.19.jar:/home/user/.m2/repository/net/sf/jopt-simple/jopt-simple/4.6/jopt-simple-4.6.jar:/home/user/.m2/repository/org/apache/commons/commons-math3/3.1.1/commons-math3-3.1.1.jar:/home/user/.m2/repository/org/openjdk/jmh/jmh-generator-annprocess/1.19/jmh-generator-annprocess-1.19.jar:/home/user/.m2/repository/org/mockito/mockito-all/1.8.5/mockito-all-1.8.5.jar:/home/user/.m2/repository/org/apache/hadoop/hadoop-kms/3.2.0/hadoop-kms-3.2.0.jar:/home/user/.m2/repository/org/apache/hadoop/hadoop-auth/3.2.0/hadoop-auth-3.2.0.jar:/home/user/.m2/repository/com/nimbusds/nimbus-jose-jwt/4.41.1/nimbus-jose-jwt-4.41.1.jar:/home/user/.m2/repository/com/github/stephenc/jcip/jcip-annotations/1.0-1/jcip-annotations-1.0-1.jar:/home/user/.m2/repository/net/minidev/json-smart/2.3/json-smart-2.3.jar:/home/user/.m2/repository/net/minidev/accessors-smart/1.2/accessors-smart-1.2.jar:/home/user/.m2/repository/org/ow2/asm/asm/5.0.4/asm-5.0.4.jar:/home/user/.m2/repository/org/apache/curator/curator-framework/2.12.0/curator-framework-2.12.0.jar:/home/user/.m2/repository/com/sun/jersey/jersey-core/1.19/jersey-core-1.19.jar:/home/user/.m2/repository/javax/ws/rs/jsr311-api/1.1.1/jsr311-api-1.1.1.jar:/home/user/.m2/repository/com/sun/jersey/jersey-server/1.19/jersey-server-1.19.jar:/home/user/.m2/repository/javax/servlet/javax.servlet-api/3.1.0/javax.servlet-api-3.1.0.jar:/home/user/.m2/repository/org/eclipse/jetty/jetty-server/9.3.24.v20180605/jetty-server-9.3.24.v20180605.jar:/home/user/.m2/repository/org/eclipse/jetty/jetty-http/9.3.24.v20180605/jetty-http-9.3.24.v20180605.jar:/home/user/.m2/repository/org/eclipse/jetty/jetty-io/9.3.24.v20180605/jetty-io-9.3.24.v20180605.jar:/home/user/.m2/repository/org/eclipse/jetty/jetty-webapp/9.3.24.v20180605/jetty-webapp-9.3.24.v20180605.jar:/home/user/.m2/repository/org/eclipse/jetty/jetty-xml/9.3.24.v20180605/jetty-xml-9.3.24.v20180605.jar:/home/user/.m2/repository/log4j/log4j/1.2.17/log4j-1.2.17.jar:/home/user/.m2/repository/org/slf4j/slf4j-api/1.7.25/slf4j-api-1.7.25.jar:/home/user/.m2/repository/org/slf4j/jul-to-slf4j/1.7.25/jul-to-slf4j-1.7.25.jar:/home/user/.m2/repository/org/eclipse/jetty/jetty-util/9.3.24.v20180605/jetty-util-9.3.24.v20180605.jar:/home/user/.m2/repository/com/fasterxml/jackson/core/jackson-databind/2.9.5/jackson-databind-2.9.5.jar:/home/user/.m2/repository/org/apache/hadoop/hadoop-kms/3.2.0/hadoop-kms-3.2.0-tests.jar:/home/user/.m2/repository/org/apache/hadoop/hadoop-hdds-server-scm/0.5.0-SNAPSHOT/hadoop-hdds-server-scm-0.5.0-SNAPSHOT-tests.jar:/home/user/.m2/repository/org/apache/hadoop/hadoop-hdds-container-service/0.5.0-SNAPSHOT/hadoop-hdds-container-service-0.5.0-SNAPSHOT-tests.jar:/home/user/.m2/repository/org/yaml/snakeyaml/1.16/snakeyaml-1.16.jar:/home/user/.m2/repository/org/apache/hadoop/hadoop-common/3.2.0/hadoop-common-3.2.0-tests.jar:/home/user/.m2/repository/org/apache/hadoop/hadoop-annotations/3.2.0/hadoop-annotations-3.2.0.jar:/usr/lib/jvm/java-1.8-openjdk/jre/../lib/tools.jar:/home/user/.m2/repository/commons-cli/commons-cli/1.2/commons-cli-1.2.jar:/home/user/.m2/repository/org/apache/httpcomponents/httpclient/4.5.2/httpclient-4.5.2.jar:/home/user/.m2/repository/org/apache/httpcomponents/httpcore/4.4.4/httpcore-4.4.4.jar:/home/user/.m2/repository/commons-codec/commons-codec/1.11/commons-codec-1.11.jar:/home/user/.m2/repository/commons-net/commons-net/3.6/commons-net-3.6.jar:/home/user/.m2/repository/commons-collections/commons-collections/3.2.2/commons-collections-3.2.2.jar:/home/user/.m2/repository/org/eclipse/jetty/jetty-servlet/9.3.24.v20180605/jetty-servlet-9.3.24.v20180605.jar:/home/user/.m2/repository/org/eclipse/jetty/jetty-security/9.3.24.v20180605/jetty-security-9.3.24.v20180605.jar:/home/user/.m2/repository/javax/servlet/jsp/jsp-api/2.1/jsp-api-2.1.jar:/home/user/.m2/repository/com/sun/jersey/jersey-servlet/1.19/jersey-servlet-1.19.jar:/home/user/.m2/repository/com/sun/jersey/jersey-json/1.19/jersey-json-1.19.jar:/home/user/.m2/repository/org/codehaus/jettison/jettison/1.1/jettison-1.1.jar:/home/user/.m2/repository/org/codehaus/jackson/jackson-core-asl/1.9.13/jackson-core-asl-1.9.13.jar:/home/user/.m2/repository/org/codehaus/jackson/jackson-mapper-asl/1.9.13/jackson-mapper-asl-1.9.13.jar:/home/user/.m2/repository/org/codehaus/jackson/jackson-jaxrs/1.9.13/jackson-jaxrs-1.9.13.jar:/home/user/.m2/repository/org/codehaus/jackson/jackson-xc/1.9.13/jackson-xc-1.9.13.jar:/home/user/.m2/repository/commons-logging/commons-logging/1.1.3/commons-logging-1.1.3.jar:/home/user/.m2/repository/commons-beanutils/commons-beanutils/1.9.3/commons-beanutils-1.9.3.jar:/home/user/.m2/repository/org/apache/commons/commons-configuration2/2.1.1/commons-configuration2-2.1.1.jar:/home/user/.m2/repository/org/apache/commons/commons-lang3/3.7/commons-lang3-3.7.jar:/home/user/.m2/repository/org/apache/commons/commons-text/1.4/commons-text-1.4.jar:/home/user/.m2/repository/org/apache/avro/avro/1.7.7/avro-1.7.7.jar:/home/user/.m2/repository/com/thoughtworks/paranamer/paranamer/2.3/paranamer-2.3.jar:/home/user/.m2/repository/org/xerial/snappy/snappy-java/1.0.5/snappy-java-1.0.5.jar:/home/user/.m2/repository/com/google/re2j/re2j/1.1/re2j-1.1.jar:/home/user/.m2/repository/com/google/code/gson/gson/2.2.4/gson-2.2.4.jar:/home/user/.m2/repository/com/jcraft/jsch/0.1.54/jsch-0.1.54.jar:/home/user/.m2/repository/org/apache/curator/curator-client/2.12.0/curator-client-2.12.0.jar:/home/user/.m2/repository/org/apache/curator/curator-recipes/2.12.0/curator-recipes-2.12.0.jar:/home/user/.m2/repository/com/google/code/findbugs/jsr305/3.0.0/jsr305-3.0.0.jar:/home/user/.m2/repository/org/apache/htrace/htrace-core4/4.1.0-incubating/htrace-core4-4.1.0-incubating.jar:/home/user/.m2/repository/org/apache/zookeeper/zookeeper/3.4.13/zookeeper-3.4.13.jar:/home/user/.m2/repository/org/apache/yetus/audience-annotations/0.5.0/audience-annotations-0.5.0.jar:/home/user/.m2/repository/org/codehaus/woodstox/stax2-api/3.1.4/stax2-api-3.1.4.jar:/home/user/.m2/repository/com/fasterxml/woodstox/woodstox-core/5.0.3/woodstox-core-5.0.3.jar:/home/user/.m2/repository/dnsjava/dnsjava/2.1.7/dnsjava-2.1.7.jar:/home/user/.m2/repository/org/apache/hadoop/hadoop-hdfs/3.2.0/hadoop-hdfs-3.2.0-tests.jar:/home/user/.m2/repository/org/eclipse/jetty/jetty-util-ajax/9.3.24.v20180605/jetty-util-ajax-9.3.24.v20180605.jar:/home/user/.m2/repository/commons-daemon/commons-daemon/1.0.13/commons-daemon-1.0.13.jar:/home/user/.m2/repository/io/netty/netty/3.10.5.Final/netty-3.10.5.Final.jar:/home/user/.m2/repository/io/netty/netty-all/4.0.52.Final/netty-all-4.0.52.Final.jar:/home/user/.m2/repository/org/fusesource/leveldbjni/leveldbjni-all/1.8/leveldbjni-all-1.8.jar:"/>
    <property name="sun.cpu.endian" value="little"/>
    <property name="user.home" value="/home/user"/>
    <property name="user.language" value="en"/>
    <property name="java.specification.vendor" value="Oracle Corporation"/>
    <property name="java.home" value="/usr/lib/jvm/java-1.8-openjdk/jre"/>
    <property name="java.security.krb5.conf" value="/workdir/hadoop-ozone/integration-test/target/test-classes/krb5.conf"/>
    <property name="basedir" value="/workdir/hadoop-ozone/integration-test"/>
    <property name="file.separator" value="/"/>
    <property name="line.separator" value="&#10;"/>
    <property name="java.vm.specification.vendor" value="Oracle Corporation"/>
    <property name="java.specification.name" value="Java Platform API Specification"/>
    <property name="java.awt.graphicsenv" value="sun.awt.X11GraphicsEnvironment"/>
    <property name="surefire.real.class.path" value="/workdir/hadoop-ozone/integration-test/target/surefire/surefirebooter6276513399039518679.jar"/>
    <property name="hadoop.log.dir" value="/workdir/hadoop-ozone/integration-test/target/log"/>
    <property name="sun.boot.class.path" value="/usr/lib/jvm/java-1.8-openjdk/jre/lib/resources.jar:/usr/lib/jvm/java-1.8-openjdk/jre/lib/rt.jar:/usr/lib/jvm/java-1.8-openjdk/jre/lib/sunrsasign.jar:/usr/lib/jvm/java-1.8-openjdk/jre/lib/jsse.jar:/usr/lib/jvm/java-1.8-openjdk/jre/lib/jce.jar:/usr/lib/jvm/java-1.8-openjdk/jre/lib/charsets.jar:/usr/lib/jvm/java-1.8-openjdk/jre/lib/jfr.jar:/usr/lib/jvm/java-1.8-openjdk/jre/classes"/>
    <property name="sun.management.compiler" value="HotSpot 64-Bit Tiered Compilers"/>
    <property name="java.runtime.version" value="1.8.0_212-b04"/>
    <property name="java.net.preferIPv4Stack" value="true"/>
    <property name="user.name" value="jenkins1000"/>
    <property name="path.separator" value=":"/>
    <property name="java.security.egd" value="file:///dev/urandom"/>
    <property name="os.version" value="3.10.0-957.12.2.el7.x86_64"/>
    <property name="java.endorsed.dirs" value="/usr/lib/jvm/java-1.8-openjdk/jre/lib/endorsed"/>
    <property name="java.runtime.name" value="OpenJDK Runtime Environment"/>
    <property name="file.encoding" value="UTF-8"/>
    <property name="java.vm.name" value="OpenJDK 64-Bit Server VM"/>
    <property name="test.build.webapps" value=""/>
    <property name="localRepository" value="/home/user/.m2/repository"/>
    <property name="java.vendor.url.bug" value="https://icedtea.classpath.org/bugzilla"/>
    <property name="java.io.tmpdir" value="/tmp"/>
    <property name="require.test.libhadoop" value=""/>
    <property name="java.version" value="1.8.0_212"/>
    <property name="user.dir" value="/workdir/hadoop-ozone/integration-test"/>
    <property name="os.arch" value="amd64"/>
    <property name="java.vm.specification.name" value="Java Virtual Machine Specification"/>
    <property name="test.build.classes" value="/workdir/hadoop-ozone/integration-test/target/test-classes"/>
    <property name="java.awt.printerjob" value="sun.print.PSPrinterJob"/>
    <property name="sun.os.patch.level" value="unknown"/>
    <property name="hadoop.tmp.dir" value="/workdir/hadoop-ozone/integration-test/target/tmp"/>
    <property name="java.library.path" value="/usr/lib/jvm/java-1.8-openjdk/jre/lib/amd64/server:/usr/lib/jvm/java-1.8-openjdk/jre/lib/amd64:/usr/lib/jvm/java-1.8-openjdk/jre/../lib/amd64:/workdir/hadoop-ozone/integration-test/target/native/target/usr/local/lib:/workdir/hadoop-ozone/integration-test/../../hadoop-common-project/hadoop-common/target/native/target/usr/local/lib:/usr/java/packages/lib/amd64:/usr/lib64:/lib64:/lib:/usr/lib"/>
    <property name="java.vm.info" value="mixed mode"/>
    <property name="java.vendor" value="IcedTea"/>
    <property name="java.vm.version" value="25.212-b04"/>
    <property name="java.ext.dirs" value="/usr/lib/jvm/java-1.8-openjdk/jre/lib/ext:/usr/java/packages/lib/ext"/>
    <property name="sun.io.unicode.encoding" value="UnicodeLittle"/>
    <property name="java.class.version" value="52.0"/>
  </properties>
  <testcase name="testContainerReplication" classname="org.apache.hadoop.ozone.client.rpc.TestContainerReplicationEndToEnd" time="7.766">
    <error message="Failed to update container state #1, reason: invalid state transition from state: CLOSING upon event: FINALIZE." type="org.apache.hadoop.hdds.scm.exceptions.SCMException">org.apache.hadoop.hdds.scm.exceptions.SCMException: Failed to update container state #1, reason: invalid state transition from state: CLOSING upon event: FINALIZE.
	at org.apache.hadoop.hdds.scm.container.ContainerStateManager.updateContainerState(ContainerStateManager.java:336)
	at org.apache.hadoop.hdds.scm.container.SCMContainerManager.updateContainerState(SCMContainerManager.java:312)
	at org.apache.hadoop.ozone.client.rpc.TestContainerReplicationEndToEnd.testContainerReplication(TestContainerReplicationEndToEnd.java:159)
	at sun.reflect.NativeMethodAccessorImpl.invoke0(Native Method)
	at sun.reflect.NativeMethodAccessorImpl.invoke(NativeMethodAccessorImpl.java:62)
	at sun.reflect.DelegatingMethodAccessorImpl.invoke(DelegatingMethodAccessorImpl.java:43)
	at java.lang.reflect.Method.invoke(Method.java:498)
	at org.junit.runners.model.FrameworkMethod$1.runReflectiveCall(FrameworkMethod.java:47)
	at org.junit.internal.runners.model.ReflectiveCallable.run(ReflectiveCallable.java:12)
	at org.junit.runners.model.FrameworkMethod.invokeExplosively(FrameworkMethod.java:44)
	at org.junit.internal.runners.statements.InvokeMethod.evaluate(InvokeMethod.java:17)
	at org.junit.runners.ParentRunner.runLeaf(ParentRunner.java:271)
	at org.junit.runners.BlockJUnit4ClassRunner.runChild(BlockJUnit4ClassRunner.java:70)
	at org.junit.runners.BlockJUnit4ClassRunner.runChild(BlockJUnit4ClassRunner.java:50)
	at org.junit.runners.ParentRunner$3.run(ParentRunner.java:238)
	at org.junit.runners.ParentRunner$1.schedule(ParentRunner.java:63)
	at org.junit.runners.ParentRunner.runChildren(ParentRunner.java:236)
	at org.junit.runners.ParentRunner.access$000(ParentRunner.java:53)
	at org.junit.runners.ParentRunner$2.evaluate(ParentRunner.java:229)
	at org.junit.internal.runners.statements.RunBefores.evaluate(RunBefores.java:26)
	at org.junit.internal.runners.statements.RunAfters.evaluate(RunAfters.java:27)
	at org.junit.runners.ParentRunner.run(ParentRunner.java:309)
	at org.apache.maven.surefire.junit4.JUnit4Provider.execute(JUnit4Provider.java:365)
	at org.apache.maven.surefire.junit4.JUnit4Provider.executeWithRerun(JUnit4Provider.java:273)
	at org.apache.maven.surefire.junit4.JUnit4Provider.executeTestSet(JUnit4Provider.java:238)
	at org.apache.maven.surefire.junit4.JUnit4Provider.invoke(JUnit4Provider.java:159)
	at org.apache.maven.surefire.booter.ForkedBooter.invokeProviderInSameClassLoader(ForkedBooter.java:384)
	at org.apache.maven.surefire.booter.ForkedBooter.runSuitesInProcess(ForkedBooter.java:345)
	at org.apache.maven.surefire.booter.ForkedBooter.execute(ForkedBooter.java:126)
	at org.apache.maven.surefire.booter.ForkedBooter.main(ForkedBooter.java:418)
</error>
    <system-out><![CDATA[2019-09-16 19:01:33,413 [main] WARN  server.ServerUtils (ServerUtils.java:getScmDbDir(145)) - ozone.scm.db.dirs is not configured. We recommend adding this setting. Falling back to ozone.metadata.dirs instead.
2019-09-16 19:01:33,506 [main] WARN  server.ServerUtils (ServerUtils.java:getScmDbDir(145)) - ozone.scm.db.dirs is not configured. We recommend adding this setting. Falling back to ozone.metadata.dirs instead.
2019-09-16 19:01:33,509 [main] WARN  server.ServerUtils (ServerUtils.java:getScmDbDir(145)) - ozone.scm.db.dirs is not configured. We recommend adding this setting. Falling back to ozone.metadata.dirs instead.
2019-09-16 19:01:33,524 [main] INFO  util.log (Log.java:initialized(192)) - Logging initialized @854ms
2019-09-16 19:01:33,609 [main] INFO  db.DBStoreBuilder (DBStoreBuilder.java:addTable(110)) - using custom profile for table: deletedBlocks
2019-09-16 19:01:33,609 [main] INFO  db.DBStoreBuilder (DBStoreBuilder.java:processTables(161)) - Using default column profile:DBProfile.DISK for Table:deletedBlocks
2019-09-16 19:01:33,610 [main] INFO  db.DBStoreBuilder (DBStoreBuilder.java:addTable(110)) - using custom profile for table: validCerts
2019-09-16 19:01:33,610 [main] INFO  db.DBStoreBuilder (DBStoreBuilder.java:processTables(161)) - Using default column profile:DBProfile.DISK for Table:validCerts
2019-09-16 19:01:33,610 [main] INFO  db.DBStoreBuilder (DBStoreBuilder.java:addTable(110)) - using custom profile for table: revokedCerts
2019-09-16 19:01:33,610 [main] INFO  db.DBStoreBuilder (DBStoreBuilder.java:processTables(161)) - Using default column profile:DBProfile.DISK for Table:revokedCerts
2019-09-16 19:01:33,621 [main] INFO  db.DBStoreBuilder (DBStoreBuilder.java:addTable(110)) - using custom profile for table: default
2019-09-16 19:01:33,621 [main] INFO  db.DBStoreBuilder (DBStoreBuilder.java:processTables(167)) - Using default column profile:DBProfile.DISK for Table:default
2019-09-16 19:01:33,622 [main] INFO  db.DBStoreBuilder (DBStoreBuilder.java:getDbProfile(198)) - Using default options. DBProfile.DISK
2019-09-16 19:01:33,845 [main] INFO  net.NodeSchemaLoader (NodeSchemaLoader.java:loadSchemaFromFile(125)) - Loading file from sun.misc.CompoundEnumeration@4218d6a3
2019-09-16 19:01:33,847 [main] INFO  net.NodeSchemaLoader (NodeSchemaLoader.java:loadSchema(171)) - Loading network topology layer schema file
2019-09-16 19:01:33,913 [main] INFO  node.SCMNodeManager (SCMNodeManager.java:<init>(114)) - Entering startup safe mode.
2019-09-16 19:01:33,984 [main] INFO  algorithms.ContainerPlacementPolicyFactory (ContainerPlacementPolicyFactory.java:getPolicy(57)) - Create container placement policy of type org.apache.hadoop.hdds.scm.container.placement.algorithms.SCMContainerPlacementRandom
2019-09-16 19:01:33,997 [main] WARN  server.ServerUtils (ServerUtils.java:getScmDbDir(145)) - ozone.scm.db.dirs is not configured. We recommend adding this setting. Falling back to ozone.metadata.dirs instead.
2019-09-16 19:01:34,056 [main] INFO  pipeline.SCMPipelineManager (SCMPipelineManager.java:initializePipelineState(128)) - No pipeline exists in current db
2019-09-16 19:01:34,058 [main] WARN  server.ServerUtils (ServerUtils.java:getScmDbDir(145)) - ozone.scm.db.dirs is not configured. We recommend adding this setting. Falling back to ozone.metadata.dirs instead.
2019-09-16 19:01:34,142 [main] INFO  Configuration.deprecation (Configuration.java:logDeprecation(1394)) - No unit for hdds.scm.replication.thread.interval(2000) assuming MILLISECONDS
2019-09-16 19:01:34,170 [main] WARN  events.EventQueue (EventQueue.java:fireEvent(183)) - No event handler registered for event TypedEvent{payloadType=SafeModeStatus, name='SafeModeStatus'}
2019-09-16 19:01:34,506 [main] INFO  ipc.CallQueueManager (CallQueueManager.java:<init>(84)) - Using callQueue: class java.util.concurrent.LinkedBlockingQueue, queueCapacity: 2000, scheduler: class org.apache.hadoop.ipc.DefaultRpcScheduler, ipcBackoff: false.
2019-09-16 19:01:34,533 [Socket Reader #1 for port 32801] INFO  ipc.Server (Server.java:run(1074)) - Starting Socket Reader #1 for port 32801
2019-09-16 19:01:34,644 [main] INFO  ipc.CallQueueManager (CallQueueManager.java:<init>(84)) - Using callQueue: class java.util.concurrent.LinkedBlockingQueue, queueCapacity: 2000, scheduler: class org.apache.hadoop.ipc.DefaultRpcScheduler, ipcBackoff: false.
2019-09-16 19:01:34,644 [Socket Reader #1 for port 33975] INFO  ipc.Server (Server.java:run(1074)) - Starting Socket Reader #1 for port 33975
2019-09-16 19:01:34,652 [main] INFO  ipc.CallQueueManager (CallQueueManager.java:<init>(84)) - Using callQueue: class java.util.concurrent.LinkedBlockingQueue, queueCapacity: 2000, scheduler: class org.apache.hadoop.ipc.DefaultRpcScheduler, ipcBackoff: false.
2019-09-16 19:01:34,653 [Socket Reader #1 for port 34779] INFO  ipc.Server (Server.java:run(1074)) - Starting Socket Reader #1 for port 34779
2019-09-16 19:01:34,674 [main] INFO  hdfs.DFSUtil (DFSUtil.java:httpServerTemplateForNNAndJN(1641)) - Starting Web-server for scm at: http://0.0.0.0:0
2019-09-16 19:01:34,808 [main] INFO  server.AuthenticationFilter (AuthenticationFilter.java:constructSecretProvider(240)) - Unable to initialize FileSignerSecretProvider, falling back to use random secrets.
2019-09-16 19:01:34,816 [main] WARN  http.HttpRequestLog (HttpRequestLog.java:getRequestLog(97)) - Jetty request log can only be enabled using Log4j
2019-09-16 19:01:34,823 [main] INFO  http.HttpServer2 (HttpServer2.java:addGlobalFilter(975)) - Added global filter 'safety' (class=org.apache.hadoop.http.HttpServer2$QuotingInputFilter)
2019-09-16 19:01:34,826 [main] INFO  http.HttpServer2 (HttpServer2.java:addFilter(948)) - Added filter static_user_filter (class=org.apache.hadoop.http.lib.StaticUserWebFilter$StaticUserFilter) to context scm
2019-09-16 19:01:34,826 [main] INFO  http.HttpServer2 (HttpServer2.java:addFilter(958)) - Added filter static_user_filter (class=org.apache.hadoop.http.lib.StaticUserWebFilter$StaticUserFilter) to context static
2019-09-16 19:01:34,826 [main] INFO  http.HttpServer2 (HttpServer2.java:addFilter(958)) - Added filter static_user_filter (class=org.apache.hadoop.http.lib.StaticUserWebFilter$StaticUserFilter) to context logs
2019-09-16 19:01:34,855 [main] INFO  server.StorageContainerManager (StorageContainerManager.java:start(763)) - StorageContainerLocationProtocol RPC server is listening at /0.0.0.0:34779
2019-09-16 19:01:34,915 [main] WARN  impl.MetricsConfig (MetricsConfig.java:loadFirst(134)) - Cannot locate configuration: tried hadoop-metrics2-storagecontainermanager.properties,hadoop-metrics2.properties
2019-09-16 19:01:34,928 [main] INFO  impl.MetricsSystemImpl (MetricsSystemImpl.java:startTimer(374)) - Scheduled Metric snapshot period at 10 second(s).
2019-09-16 19:01:34,928 [main] INFO  impl.MetricsSystemImpl (MetricsSystemImpl.java:start(191)) - StorageContainerManager metrics system started
2019-09-16 19:01:35,154 [main] INFO  server.SCMClientProtocolServer (SCMClientProtocolServer.java:start(151)) - RPC server for Client  is listening at /0.0.0.0:34779
2019-09-16 19:01:35,155 [IPC Server Responder] INFO  ipc.Server (Server.java:run(1314)) - IPC Server Responder: starting
2019-09-16 19:01:35,155 [IPC Server listener on 34779] INFO  ipc.Server (Server.java:run(1153)) - IPC Server listener on 34779: starting
2019-09-16 19:01:35,161 [main] INFO  server.StorageContainerManager (StorageContainerManager.java:start(773)) - ScmBlockLocationProtocol RPC server is listening at /0.0.0.0:33975
2019-09-16 19:01:35,163 [main] INFO  server.SCMBlockProtocolServer (SCMBlockProtocolServer.java:start(146)) - RPC server for Block Protocol is listening at /0.0.0.0:33975
2019-09-16 19:01:35,163 [IPC Server Responder] INFO  ipc.Server (Server.java:run(1314)) - IPC Server Responder: starting
2019-09-16 19:01:35,163 [IPC Server listener on 33975] INFO  ipc.Server (Server.java:run(1153)) - IPC Server listener on 33975: starting
2019-09-16 19:01:35,165 [main] INFO  server.StorageContainerManager (StorageContainerManager.java:start(777)) - ScmDatanodeProtocl RPC server is listening at /0.0.0.0:32801
2019-09-16 19:01:35,165 [main] INFO  server.SCMDatanodeProtocolServer (SCMDatanodeProtocolServer.java:start(191)) - RPC server for DataNodes is listening at /0.0.0.0:32801
2019-09-16 19:01:35,165 [IPC Server Responder] INFO  ipc.Server (Server.java:run(1314)) - IPC Server Responder: starting
2019-09-16 19:01:35,165 [IPC Server listener on 32801] INFO  ipc.Server (Server.java:run(1153)) - IPC Server listener on 32801: starting
2019-09-16 19:01:35,168 [main] INFO  http.HttpServer2 (HttpServer2.java:bindListener(1191)) - Jetty bound to port 34880
2019-09-16 19:01:35,170 [main] INFO  server.Server (Server.java:doStart(351)) - jetty-9.3.24.v20180605, build timestamp: 2018-06-05T17:11:56Z, git hash: 84205aa28f11a4f31f2a3b86d1bba2cc8ab69827
2019-09-16 19:01:35,204 [main] INFO  handler.ContextHandler (ContextHandler.java:doStart(781)) - Started o.e.j.s.ServletContextHandler@45815ffc{/logs,file:///workdir/hadoop-ozone/integration-test/target/log,AVAILABLE}
2019-09-16 19:01:35,204 [main] INFO  handler.ContextHandler (ContextHandler.java:doStart(781)) - Started o.e.j.s.ServletContextHandler@d3957fe{/static,file:///workdir/hadoop-ozone/integration-test/target/test-classes/webapps/static,AVAILABLE}
2019-09-16 19:01:35,234 [main] INFO  handler.ContextHandler (ContextHandler.java:doStart(781)) - Started o.e.j.w.WebAppContext@4cc547a{/,file:///workdir/hadoop-ozone/integration-test/target/test-classes/webapps/scm/,AVAILABLE}{/scm}
2019-09-16 19:01:35,239 [main] INFO  server.AbstractConnector (AbstractConnector.java:doStart(278)) - Started ServerConnector@3574e198{HTTP/1.1,[http/1.1]}{0.0.0.0:34880}
2019-09-16 19:01:35,239 [main] INFO  server.Server (Server.java:doStart(419)) - Started @2570ms
2019-09-16 19:01:35,241 [main] INFO  impl.MetricsSinkAdapter (MetricsSinkAdapter.java:start(204)) - Sink prometheus started
2019-09-16 19:01:35,241 [main] INFO  impl.MetricsSystemImpl (MetricsSystemImpl.java:registerSink(301)) - Registered sink prometheus
2019-09-16 19:01:35,243 [main] INFO  server.BaseHttpServer (BaseHttpServer.java:updateConnectorAddress(215)) - HTTP server of SCM is listening at http://0.0.0.0:34880
2019-09-16 19:01:35,247 [org.apache.hadoop.util.JvmPauseMonitor$Monitor@67427b69] INFO  util.JvmPauseMonitor (JvmPauseMonitor.java:run(188)) - Starting JVM pause monitor
2019-09-16 19:01:35,249 [main] WARN  server.ServerUtils (ServerUtils.java:getDBPath(222)) - ozone.om.db.dirs is not configured. We recommend adding this setting. Falling back to ozone.metadata.dirs instead.
2019-09-16 19:01:35,343 [main] WARN  server.ServerUtils (ServerUtils.java:getDBPath(222)) - ozone.om.db.dirs is not configured. We recommend adding this setting. Falling back to ozone.metadata.dirs instead.
2019-09-16 19:01:35,344 [main] WARN  server.ServerUtils (ServerUtils.java:getDBPath(222)) - ozone.om.db.dirs is not configured. We recommend adding this setting. Falling back to ozone.metadata.dirs instead.
2019-09-16 19:01:35,344 [main] INFO  om.OzoneManager (OzoneManager.java:setOMNodeDetails(649)) - OM Service ID is not set. Setting it to the default ID: omServiceIdDefault
2019-09-16 19:01:35,345 [main] INFO  om.OzoneManager (OzoneManager.java:setOMNodeDetails(655)) - OM Node ID is not set. Setting it to the OmStorage's OmID: f8cc76e1-26b1-4725-b536-0889c0f8bd7b
2019-09-16 19:01:35,346 [main] INFO  om.OzoneManager (OzoneManager.java:loadOMHAConfigs(606)) - Found matching OM address with OMServiceId: null, OMNodeId: null, RPC Address: localhost:0 and Ratis port: 9872
2019-09-16 19:01:35,995 [main] WARN  server.ServerUtils (ServerUtils.java:getDBPath(222)) - ozone.om.db.dirs is not configured. We recommend adding this setting. Falling back to ozone.metadata.dirs instead.
2019-09-16 19:01:36,001 [main] INFO  db.DBStoreBuilder (DBStoreBuilder.java:addTable(110)) - using custom profile for table: userTable
2019-09-16 19:01:36,001 [main] INFO  db.DBStoreBuilder (DBStoreBuilder.java:processTables(161)) - Using default column profile:DBProfile.DISK for Table:userTable
2019-09-16 19:01:36,002 [main] INFO  db.DBStoreBuilder (DBStoreBuilder.java:addTable(110)) - using custom profile for table: volumeTable
2019-09-16 19:01:36,002 [main] INFO  db.DBStoreBuilder (DBStoreBuilder.java:processTables(161)) - Using default column profile:DBProfile.DISK for Table:volumeTable
2019-09-16 19:01:36,002 [main] INFO  db.DBStoreBuilder (DBStoreBuilder.java:addTable(110)) - using custom profile for table: bucketTable
2019-09-16 19:01:36,002 [main] INFO  db.DBStoreBuilder (DBStoreBuilder.java:processTables(161)) - Using default column profile:DBProfile.DISK for Table:bucketTable
2019-09-16 19:01:36,003 [main] INFO  db.DBStoreBuilder (DBStoreBuilder.java:addTable(110)) - using custom profile for table: keyTable
2019-09-16 19:01:36,003 [main] INFO  db.DBStoreBuilder (DBStoreBuilder.java:processTables(161)) - Using default column profile:DBProfile.DISK for Table:keyTable
2019-09-16 19:01:36,003 [main] INFO  db.DBStoreBuilder (DBStoreBuilder.java:addTable(110)) - using custom profile for table: deletedTable
2019-09-16 19:01:36,003 [main] INFO  db.DBStoreBuilder (DBStoreBuilder.java:processTables(161)) - Using default column profile:DBProfile.DISK for Table:deletedTable
2019-09-16 19:01:36,003 [main] INFO  db.DBStoreBuilder (DBStoreBuilder.java:addTable(110)) - using custom profile for table: openKeyTable
2019-09-16 19:01:36,004 [main] INFO  db.DBStoreBuilder (DBStoreBuilder.java:processTables(161)) - Using default column profile:DBProfile.DISK for Table:openKeyTable
2019-09-16 19:01:36,004 [main] INFO  db.DBStoreBuilder (DBStoreBuilder.java:addTable(110)) - using custom profile for table: s3Table
2019-09-16 19:01:36,004 [main] INFO  db.DBStoreBuilder (DBStoreBuilder.java:processTables(161)) - Using default column profile:DBProfile.DISK for Table:s3Table
2019-09-16 19:01:36,005 [main] INFO  db.DBStoreBuilder (DBStoreBuilder.java:addTable(110)) - using custom profile for table: multipartInfoTable
2019-09-16 19:01:36,005 [main] INFO  db.DBStoreBuilder (DBStoreBuilder.java:processTables(161)) - Using default column profile:DBProfile.DISK for Table:multipartInfoTable
2019-09-16 19:01:36,005 [main] INFO  db.DBStoreBuilder (DBStoreBuilder.java:addTable(110)) - using custom profile for table: dTokenTable
2019-09-16 19:01:36,005 [main] INFO  db.DBStoreBuilder (DBStoreBuilder.java:processTables(161)) - Using default column profile:DBProfile.DISK for Table:dTokenTable
2019-09-16 19:01:36,006 [main] INFO  db.DBStoreBuilder (DBStoreBuilder.java:addTable(110)) - using custom profile for table: s3SecretTable
2019-09-16 19:01:36,006 [main] INFO  db.DBStoreBuilder (DBStoreBuilder.java:processTables(161)) - Using default column profile:DBProfile.DISK for Table:s3SecretTable
2019-09-16 19:01:36,006 [main] INFO  db.DBStoreBuilder (DBStoreBuilder.java:addTable(110)) - using custom profile for table: prefixTable
2019-09-16 19:01:36,006 [main] INFO  db.DBStoreBuilder (DBStoreBuilder.java:processTables(161)) - Using default column profile:DBProfile.DISK for Table:prefixTable
2019-09-16 19:01:36,007 [main] INFO  db.DBStoreBuilder (DBStoreBuilder.java:addTable(110)) - using custom profile for table: default
2019-09-16 19:01:36,007 [main] INFO  db.DBStoreBuilder (DBStoreBuilder.java:processTables(167)) - Using default column profile:DBProfile.DISK for Table:default
2019-09-16 19:01:36,007 [main] INFO  db.DBStoreBuilder (DBStoreBuilder.java:getDbProfile(198)) - Using default options. DBProfile.DISK
2019-09-16 19:01:36,456 [main] INFO  ipc.CallQueueManager (CallQueueManager.java:<init>(84)) - Using callQueue: class java.util.concurrent.LinkedBlockingQueue, queueCapacity: 2000, scheduler: class org.apache.hadoop.ipc.DefaultRpcScheduler, ipcBackoff: false.
2019-09-16 19:01:36,457 [Socket Reader #1 for port 45351] INFO  ipc.Server (Server.java:run(1074)) - Starting Socket Reader #1 for port 45351
2019-09-16 19:01:36,476 [main] INFO  om.OzoneManager (OzoneManager.java:start(1240)) - OzoneManager RPC server is listening at localhost/127.0.0.1:45351
2019-09-16 19:01:36,477 [main] INFO  impl.MetricsSystemImpl (MetricsSystemImpl.java:init(158)) - OzoneManager metrics system started (again)
2019-09-16 19:01:36,477 [IPC Server Responder] INFO  ipc.Server (Server.java:run(1314)) - IPC Server Responder: starting
2019-09-16 19:01:36,477 [IPC Server listener on 45351] INFO  ipc.Server (Server.java:run(1153)) - IPC Server listener on 45351: starting
2019-09-16 19:01:36,481 [main] INFO  hdfs.DFSUtil (DFSUtil.java:httpServerTemplateForNNAndJN(1641)) - Starting Web-server for ozoneManager at: http://0.0.0.0:0
2019-09-16 19:01:36,483 [main] INFO  server.AuthenticationFilter (AuthenticationFilter.java:constructSecretProvider(240)) - Unable to initialize FileSignerSecretProvider, falling back to use random secrets.
2019-09-16 19:01:36,483 [main] WARN  http.HttpRequestLog (HttpRequestLog.java:getRequestLog(97)) - Jetty request log can only be enabled using Log4j
2019-09-16 19:01:36,485 [main] INFO  http.HttpServer2 (HttpServer2.java:addGlobalFilter(975)) - Added global filter 'safety' (class=org.apache.hadoop.http.HttpServer2$QuotingInputFilter)
2019-09-16 19:01:36,486 [main] INFO  http.HttpServer2 (HttpServer2.java:addFilter(948)) - Added filter static_user_filter (class=org.apache.hadoop.http.lib.StaticUserWebFilter$StaticUserFilter) to context ozoneManager
2019-09-16 19:01:36,486 [main] INFO  http.HttpServer2 (HttpServer2.java:addFilter(958)) - Added filter static_user_filter (class=org.apache.hadoop.http.lib.StaticUserWebFilter$StaticUserFilter) to context logs
2019-09-16 19:01:36,486 [main] INFO  http.HttpServer2 (HttpServer2.java:addFilter(958)) - Added filter static_user_filter (class=org.apache.hadoop.http.lib.StaticUserWebFilter$StaticUserFilter) to context static
2019-09-16 19:01:36,488 [main] INFO  http.HttpServer2 (HttpServer2.java:bindListener(1191)) - Jetty bound to port 34297
2019-09-16 19:01:36,488 [main] INFO  server.Server (Server.java:doStart(351)) - jetty-9.3.24.v20180605, build timestamp: 2018-06-05T17:11:56Z, git hash: 84205aa28f11a4f31f2a3b86d1bba2cc8ab69827
2019-09-16 19:01:36,490 [main] INFO  handler.ContextHandler (ContextHandler.java:doStart(781)) - Started o.e.j.s.ServletContextHandler@6c37bd27{/logs,file:///workdir/hadoop-ozone/integration-test/target/log,AVAILABLE}
2019-09-16 19:01:36,490 [main] INFO  handler.ContextHandler (ContextHandler.java:doStart(781)) - Started o.e.j.s.ServletContextHandler@30331109{/static,file:///workdir/hadoop-ozone/integration-test/target/test-classes/webapps/static,AVAILABLE}
2019-09-16 19:01:36,495 [main] INFO  handler.ContextHandler (ContextHandler.java:doStart(781)) - Started o.e.j.w.WebAppContext@66e889df{/,file:///workdir/hadoop-ozone/integration-test/target/test-classes/webapps/ozoneManager/,AVAILABLE}{/ozoneManager}
2019-09-16 19:01:36,496 [main] INFO  server.AbstractConnector (AbstractConnector.java:doStart(278)) - Started ServerConnector@444548a0{HTTP/1.1,[http/1.1]}{0.0.0.0:34297}
2019-09-16 19:01:36,496 [main] INFO  server.Server (Server.java:doStart(419)) - Started @3826ms
2019-09-16 19:01:36,496 [main] WARN  impl.MetricsSystemImpl (MetricsSystemImpl.java:register(276)) - Sink prometheus already exists!
2019-09-16 19:01:36,497 [main] INFO  server.BaseHttpServer (BaseHttpServer.java:updateConnectorAddress(215)) - HTTP server of OZONEMANAGER is listening at http://0.0.0.0:34297
2019-09-16 19:01:36,795 [main] INFO  impl.MetricsSystemImpl (MetricsSystemImpl.java:init(158)) - HddsDatanode metrics system started (again)
2019-09-16 19:01:36,834 [main] INFO  ozone.HddsDatanodeService (HddsDatanodeService.java:start(184)) - HddsDatanodeService host:pr-hdds-2111-hlhfn-3535364396 ip:192.168.34.56
2019-09-16 19:01:36,861 [main] INFO  volume.HddsVolume (HddsVolume.java:<init>(176)) - Creating Volume: /workdir/hadoop-ozone/integration-test/target/test-dir/MiniOzoneClusterImpl-fcd79d99-0155-4261-ae9e-1e388112ecdd/datanode-0/data/containers/hdds of  storage type : DISK and capacity : 1482555576320
2019-09-16 19:01:36,862 [main] INFO  volume.VolumeSet (VolumeSet.java:initializeVolumeSet(170)) - Added Volume : /workdir/hadoop-ozone/integration-test/target/test-dir/MiniOzoneClusterImpl-fcd79d99-0155-4261-ae9e-1e388112ecdd/datanode-0/data/containers/hdds to VolumeSet
2019-09-16 19:01:36,865 [main] INFO  volume.ThrottledAsyncChecker (ThrottledAsyncChecker.java:schedule(139)) - Scheduling a check for org.apache.hadoop.ozone.container.common.volume.HddsVolume@3c6aa04a
2019-09-16 19:01:36,880 [main] INFO  volume.HddsVolumeChecker (HddsVolumeChecker.java:checkAllVolumes(202)) - Scheduled health check for volume org.apache.hadoop.ozone.container.common.volume.HddsVolume@3c6aa04a
2019-09-16 19:01:36,975 [main] INFO  impl.RaftServerProxy (ConfUtils.java:logGet(43)) - raft.rpc.type = GRPC (default)
2019-09-16 19:01:37,034 [main] INFO  grpc.GrpcFactory (GrpcFactory.java:checkPooledByteBufAllocatorUseCacheForAllThreads(45)) - PERFORMANCE WARNING: useCacheForAllThreads is true that may cause Netty to create a lot garbage objects and, as a result, trigger GC.
	It is recommended to disable useCacheForAllThreads by setting -Dorg.apache.ratis.thirdparty.io.netty.allocator.useCacheForAllThreads=false in command line.
2019-09-16 19:01:37,041 [main] INFO  grpc.GrpcConfigKeys$Server (ConfUtils.java:logGet(43)) - raft.grpc.server.port = 0 (default)
2019-09-16 19:01:37,042 [main] INFO  server.GrpcService (ConfUtils.java:logGet(43)) - raft.grpc.message.size.max = 33570816 (custom)
2019-09-16 19:01:37,045 [main] INFO  server.RaftServerConfigKeys (ConfUtils.java:logGet(43)) - raft.server.log.appender.buffer.byte-limit = 33554432 (custom)
2019-09-16 19:01:37,046 [main] INFO  server.GrpcService (ConfUtils.java:logGet(43)) - raft.grpc.flow.control.window = 1MB (=1048576) (default)
2019-09-16 19:01:37,048 [main] INFO  server.RaftServerConfigKeys (ConfUtils.java:logGet(43)) - raft.server.rpc.request.timeout = 3000ms (default)
2019-09-16 19:01:37,246 [main] INFO  server.RaftServerConfigKeys (ConfUtils.java:logGet(43)) - raft.server.storage.dir = [/workdir/hadoop-ozone/integration-test/target/test-dir/MiniOzoneClusterImpl-fcd79d99-0155-4261-ae9e-1e388112ecdd/datanode-0/data/ratis] (custom)
2019-09-16 19:01:37,314 [main] INFO  hdfs.DFSUtil (DFSUtil.java:httpServerTemplateForNNAndJN(1641)) - Starting Web-server for hddsDatanode at: http://0.0.0.0:0
2019-09-16 19:01:37,315 [main] INFO  server.AuthenticationFilter (AuthenticationFilter.java:constructSecretProvider(240)) - Unable to initialize FileSignerSecretProvider, falling back to use random secrets.
2019-09-16 19:01:37,316 [main] WARN  http.HttpRequestLog (HttpRequestLog.java:getRequestLog(97)) - Jetty request log can only be enabled using Log4j
2019-09-16 19:01:37,318 [main] INFO  http.HttpServer2 (HttpServer2.java:addGlobalFilter(975)) - Added global filter 'safety' (class=org.apache.hadoop.http.HttpServer2$QuotingInputFilter)
2019-09-16 19:01:37,319 [main] INFO  http.HttpServer2 (HttpServer2.java:addFilter(948)) - Added filter static_user_filter (class=org.apache.hadoop.http.lib.StaticUserWebFilter$StaticUserFilter) to context hddsDatanode
2019-09-16 19:01:37,320 [main] INFO  http.HttpServer2 (HttpServer2.java:addFilter(958)) - Added filter static_user_filter (class=org.apache.hadoop.http.lib.StaticUserWebFilter$StaticUserFilter) to context logs
2019-09-16 19:01:37,320 [main] INFO  http.HttpServer2 (HttpServer2.java:addFilter(958)) - Added filter static_user_filter (class=org.apache.hadoop.http.lib.StaticUserWebFilter$StaticUserFilter) to context static
2019-09-16 19:01:37,321 [main] INFO  http.HttpServer2 (HttpServer2.java:bindListener(1191)) - Jetty bound to port 32901
2019-09-16 19:01:37,322 [main] INFO  server.Server (Server.java:doStart(351)) - jetty-9.3.24.v20180605, build timestamp: 2018-06-05T17:11:56Z, git hash: 84205aa28f11a4f31f2a3b86d1bba2cc8ab69827
2019-09-16 19:01:37,324 [main] INFO  handler.ContextHandler (ContextHandler.java:doStart(781)) - Started o.e.j.s.ServletContextHandler@38d17d80{/logs,file:///workdir/hadoop-ozone/integration-test/target/log,AVAILABLE}
2019-09-16 19:01:37,324 [main] INFO  handler.ContextHandler (ContextHandler.java:doStart(781)) - Started o.e.j.s.ServletContextHandler@66273da0{/static,jar:file:/home/user/.m2/repository/org/apache/hadoop/hadoop-hdds-container-service/0.5.0-SNAPSHOT/hadoop-hdds-container-service-0.5.0-SNAPSHOT.jar!/webapps/static,AVAILABLE}
2019-09-16 19:01:37,368 [main] INFO  handler.ContextHandler (ContextHandler.java:doStart(781)) - Started o.e.j.w.WebAppContext@26f46fa6{/,file:///tmp/jetty-0.0.0.0-32901-hddsDatanode-_-any-7566000325430069576.dir/webapp/,AVAILABLE}{/hddsDatanode}
2019-09-16 19:01:37,370 [main] INFO  server.AbstractConnector (AbstractConnector.java:doStart(278)) - Started ServerConnector@227a47{HTTP/1.1,[http/1.1]}{0.0.0.0:32901}
2019-09-16 19:01:37,370 [main] INFO  server.Server (Server.java:doStart(419)) - Started @4700ms
2019-09-16 19:01:37,371 [main] WARN  impl.MetricsSystemImpl (MetricsSystemImpl.java:register(276)) - Sink prometheus already exists!
2019-09-16 19:01:37,372 [main] INFO  server.BaseHttpServer (BaseHttpServer.java:updateConnectorAddress(215)) - HTTP server of HDDSDATANODE is listening at http://0.0.0.0:32901
2019-09-16 19:01:37,373 [main] INFO  impl.MetricsSystemImpl (MetricsSystemImpl.java:init(158)) - HddsDatanode metrics system started (again)
2019-09-16 19:01:37,376 [main] INFO  ozone.HddsDatanodeService (HddsDatanodeService.java:start(184)) - HddsDatanodeService host:pr-hdds-2111-hlhfn-3535364396 ip:192.168.34.56
2019-09-16 19:01:37,377 [org.apache.hadoop.util.JvmPauseMonitor$Monitor@3c4dce7e] INFO  util.JvmPauseMonitor (JvmPauseMonitor.java:run(188)) - Starting JVM pause monitor
2019-09-16 19:01:37,382 [main] INFO  volume.HddsVolume (HddsVolume.java:<init>(176)) - Creating Volume: /workdir/hadoop-ozone/integration-test/target/test-dir/MiniOzoneClusterImpl-fcd79d99-0155-4261-ae9e-1e388112ecdd/datanode-1/data/containers/hdds of  storage type : DISK and capacity : 1482555576320
2019-09-16 19:01:37,383 [main] INFO  volume.VolumeSet (VolumeSet.java:initializeVolumeSet(170)) - Added Volume : /workdir/hadoop-ozone/integration-test/target/test-dir/MiniOzoneClusterImpl-fcd79d99-0155-4261-ae9e-1e388112ecdd/datanode-1/data/containers/hdds to VolumeSet
2019-09-16 19:01:37,383 [main] INFO  volume.ThrottledAsyncChecker (ThrottledAsyncChecker.java:schedule(139)) - Scheduling a check for org.apache.hadoop.ozone.container.common.volume.HddsVolume@5b852b49
2019-09-16 19:01:37,383 [main] INFO  volume.HddsVolumeChecker (HddsVolumeChecker.java:checkAllVolumes(202)) - Scheduled health check for volume org.apache.hadoop.ozone.container.common.volume.HddsVolume@5b852b49
2019-09-16 19:01:37,396 [main] INFO  impl.RaftServerProxy (ConfUtils.java:logGet(43)) - raft.rpc.type = GRPC (default)
2019-09-16 19:01:37,396 [main] INFO  grpc.GrpcFactory (GrpcFactory.java:checkPooledByteBufAllocatorUseCacheForAllThreads(45)) - PERFORMANCE WARNING: useCacheForAllThreads is true that may cause Netty to create a lot garbage objects and, as a result, trigger GC.
	It is recommended to disable useCacheForAllThreads by setting -Dorg.apache.ratis.thirdparty.io.netty.allocator.useCacheForAllThreads=false in command line.
2019-09-16 19:01:37,396 [main] INFO  grpc.GrpcConfigKeys$Server (ConfUtils.java:logGet(43)) - raft.grpc.server.port = 0 (default)
2019-09-16 19:01:37,397 [main] INFO  server.GrpcService (ConfUtils.java:logGet(43)) - raft.grpc.message.size.max = 33570816 (custom)
2019-09-16 19:01:37,397 [main] INFO  server.RaftServerConfigKeys (ConfUtils.java:logGet(43)) - raft.server.log.appender.buffer.byte-limit = 33554432 (custom)
2019-09-16 19:01:37,397 [main] INFO  server.GrpcService (ConfUtils.java:logGet(43)) - raft.grpc.flow.control.window = 1MB (=1048576) (default)
2019-09-16 19:01:37,397 [main] INFO  server.RaftServerConfigKeys (ConfUtils.java:logGet(43)) - raft.server.rpc.request.timeout = 3000ms (default)
2019-09-16 19:01:37,398 [main] INFO  server.RaftServerConfigKeys (ConfUtils.java:logGet(43)) - raft.server.storage.dir = [/workdir/hadoop-ozone/integration-test/target/test-dir/MiniOzoneClusterImpl-fcd79d99-0155-4261-ae9e-1e388112ecdd/datanode-1/data/ratis] (custom)
2019-09-16 19:01:37,399 [main] INFO  hdfs.DFSUtil (DFSUtil.java:httpServerTemplateForNNAndJN(1641)) - Starting Web-server for hddsDatanode at: http://0.0.0.0:0
2019-09-16 19:01:37,401 [main] INFO  server.AuthenticationFilter (AuthenticationFilter.java:constructSecretProvider(240)) - Unable to initialize FileSignerSecretProvider, falling back to use random secrets.
2019-09-16 19:01:37,401 [main] WARN  http.HttpRequestLog (HttpRequestLog.java:getRequestLog(97)) - Jetty request log can only be enabled using Log4j
2019-09-16 19:01:37,403 [main] INFO  http.HttpServer2 (HttpServer2.java:addGlobalFilter(975)) - Added global filter 'safety' (class=org.apache.hadoop.http.HttpServer2$QuotingInputFilter)
2019-09-16 19:01:37,404 [main] INFO  http.HttpServer2 (HttpServer2.java:addFilter(948)) - Added filter static_user_filter (class=org.apache.hadoop.http.lib.StaticUserWebFilter$StaticUserFilter) to context hddsDatanode
2019-09-16 19:01:37,404 [main] INFO  http.HttpServer2 (HttpServer2.java:addFilter(958)) - Added filter static_user_filter (class=org.apache.hadoop.http.lib.StaticUserWebFilter$StaticUserFilter) to context static
2019-09-16 19:01:37,404 [main] INFO  http.HttpServer2 (HttpServer2.java:addFilter(958)) - Added filter static_user_filter (class=org.apache.hadoop.http.lib.StaticUserWebFilter$StaticUserFilter) to context logs
2019-09-16 19:01:37,405 [main] INFO  http.HttpServer2 (HttpServer2.java:bindListener(1191)) - Jetty bound to port 42696
2019-09-16 19:01:37,405 [main] INFO  server.Server (Server.java:doStart(351)) - jetty-9.3.24.v20180605, build timestamp: 2018-06-05T17:11:56Z, git hash: 84205aa28f11a4f31f2a3b86d1bba2cc8ab69827
2019-09-16 19:01:37,407 [main] INFO  handler.ContextHandler (ContextHandler.java:doStart(781)) - Started o.e.j.s.ServletContextHandler@46963479{/logs,file:///workdir/hadoop-ozone/integration-test/target/log,AVAILABLE}
2019-09-16 19:01:37,408 [main] INFO  handler.ContextHandler (ContextHandler.java:doStart(781)) - Started o.e.j.s.ServletContextHandler@6dd1c3ed{/static,jar:file:/home/user/.m2/repository/org/apache/hadoop/hadoop-hdds-container-service/0.5.0-SNAPSHOT/hadoop-hdds-container-service-0.5.0-SNAPSHOT.jar!/webapps/static,AVAILABLE}
2019-09-16 19:01:37,436 [main] INFO  handler.ContextHandler (ContextHandler.java:doStart(781)) - Started o.e.j.w.WebAppContext@3ed7821{/,file:///tmp/jetty-0.0.0.0-42696-hddsDatanode-_-any-1924215387881392365.dir/webapp/,AVAILABLE}{/hddsDatanode}
2019-09-16 19:01:37,437 [main] INFO  server.AbstractConnector (AbstractConnector.java:doStart(278)) - Started ServerConnector@3bbf841e{HTTP/1.1,[http/1.1]}{0.0.0.0:42696}
2019-09-16 19:01:37,439 [main] INFO  server.Server (Server.java:doStart(419)) - Started @4768ms
2019-09-16 19:01:37,439 [main] WARN  impl.MetricsSystemImpl (MetricsSystemImpl.java:register(276)) - Sink prometheus already exists!
2019-09-16 19:01:37,440 [main] INFO  server.BaseHttpServer (BaseHttpServer.java:updateConnectorAddress(215)) - HTTP server of HDDSDATANODE is listening at http://0.0.0.0:42696
2019-09-16 19:01:37,440 [main] INFO  impl.MetricsSystemImpl (MetricsSystemImpl.java:init(158)) - HddsDatanode metrics system started (again)
2019-09-16 19:01:37,442 [org.apache.hadoop.util.JvmPauseMonitor$Monitor@43a5bc6c] INFO  util.JvmPauseMonitor (JvmPauseMonitor.java:run(188)) - Starting JVM pause monitor
2019-09-16 19:01:37,443 [main] INFO  ozone.HddsDatanodeService (HddsDatanodeService.java:start(184)) - HddsDatanodeService host:pr-hdds-2111-hlhfn-3535364396 ip:192.168.34.56
2019-09-16 19:01:37,449 [main] INFO  volume.HddsVolume (HddsVolume.java:<init>(176)) - Creating Volume: /workdir/hadoop-ozone/integration-test/target/test-dir/MiniOzoneClusterImpl-fcd79d99-0155-4261-ae9e-1e388112ecdd/datanode-2/data/containers/hdds of  storage type : DISK and capacity : 1482555576320
2019-09-16 19:01:37,450 [main] INFO  volume.VolumeSet (VolumeSet.java:initializeVolumeSet(170)) - Added Volume : /workdir/hadoop-ozone/integration-test/target/test-dir/MiniOzoneClusterImpl-fcd79d99-0155-4261-ae9e-1e388112ecdd/datanode-2/data/containers/hdds to VolumeSet
2019-09-16 19:01:37,450 [main] INFO  volume.ThrottledAsyncChecker (ThrottledAsyncChecker.java:schedule(139)) - Scheduling a check for org.apache.hadoop.ozone.container.common.volume.HddsVolume@1422ac7f
2019-09-16 19:01:37,450 [main] INFO  volume.HddsVolumeChecker (HddsVolumeChecker.java:checkAllVolumes(202)) - Scheduled health check for volume org.apache.hadoop.ozone.container.common.volume.HddsVolume@1422ac7f
2019-09-16 19:01:37,462 [main] INFO  impl.RaftServerProxy (ConfUtils.java:logGet(43)) - raft.rpc.type = GRPC (default)
2019-09-16 19:01:37,462 [main] INFO  grpc.GrpcFactory (GrpcFactory.java:checkPooledByteBufAllocatorUseCacheForAllThreads(45)) - PERFORMANCE WARNING: useCacheForAllThreads is true that may cause Netty to create a lot garbage objects and, as a result, trigger GC.
	It is recommended to disable useCacheForAllThreads by setting -Dorg.apache.ratis.thirdparty.io.netty.allocator.useCacheForAllThreads=false in command line.
2019-09-16 19:01:37,462 [main] INFO  grpc.GrpcConfigKeys$Server (ConfUtils.java:logGet(43)) - raft.grpc.server.port = 0 (default)
2019-09-16 19:01:37,462 [main] INFO  server.GrpcService (ConfUtils.java:logGet(43)) - raft.grpc.message.size.max = 33570816 (custom)
2019-09-16 19:01:37,463 [main] INFO  server.RaftServerConfigKeys (ConfUtils.java:logGet(43)) - raft.server.log.appender.buffer.byte-limit = 33554432 (custom)
2019-09-16 19:01:37,463 [main] INFO  server.GrpcService (ConfUtils.java:logGet(43)) - raft.grpc.flow.control.window = 1MB (=1048576) (default)
2019-09-16 19:01:37,463 [main] INFO  server.RaftServerConfigKeys (ConfUtils.java:logGet(43)) - raft.server.rpc.request.timeout = 3000ms (default)
2019-09-16 19:01:37,464 [main] INFO  server.RaftServerConfigKeys (ConfUtils.java:logGet(43)) - raft.server.storage.dir = [/workdir/hadoop-ozone/integration-test/target/test-dir/MiniOzoneClusterImpl-fcd79d99-0155-4261-ae9e-1e388112ecdd/datanode-2/data/ratis] (custom)
2019-09-16 19:01:37,466 [main] INFO  hdfs.DFSUtil (DFSUtil.java:httpServerTemplateForNNAndJN(1641)) - Starting Web-server for hddsDatanode at: http://0.0.0.0:0
2019-09-16 19:01:37,467 [main] INFO  server.AuthenticationFilter (AuthenticationFilter.java:constructSecretProvider(240)) - Unable to initialize FileSignerSecretProvider, falling back to use random secrets.
2019-09-16 19:01:37,467 [main] WARN  http.HttpRequestLog (HttpRequestLog.java:getRequestLog(97)) - Jetty request log can only be enabled using Log4j
2019-09-16 19:01:37,469 [main] INFO  http.HttpServer2 (HttpServer2.java:addGlobalFilter(975)) - Added global filter 'safety' (class=org.apache.hadoop.http.HttpServer2$QuotingInputFilter)
2019-09-16 19:01:37,469 [main] INFO  http.HttpServer2 (HttpServer2.java:addFilter(948)) - Added filter static_user_filter (class=org.apache.hadoop.http.lib.StaticUserWebFilter$StaticUserFilter) to context hddsDatanode
2019-09-16 19:01:37,469 [main] INFO  http.HttpServer2 (HttpServer2.java:addFilter(958)) - Added filter static_user_filter (class=org.apache.hadoop.http.lib.StaticUserWebFilter$StaticUserFilter) to context logs
2019-09-16 19:01:37,470 [main] INFO  http.HttpServer2 (HttpServer2.java:addFilter(958)) - Added filter static_user_filter (class=org.apache.hadoop.http.lib.StaticUserWebFilter$StaticUserFilter) to context static
2019-09-16 19:01:37,470 [main] INFO  http.HttpServer2 (HttpServer2.java:bindListener(1191)) - Jetty bound to port 46165
2019-09-16 19:01:37,470 [main] INFO  server.Server (Server.java:doStart(351)) - jetty-9.3.24.v20180605, build timestamp: 2018-06-05T17:11:56Z, git hash: 84205aa28f11a4f31f2a3b86d1bba2cc8ab69827
2019-09-16 19:01:37,473 [main] INFO  handler.ContextHandler (ContextHandler.java:doStart(781)) - Started o.e.j.s.ServletContextHandler@611a990b{/logs,file:///workdir/hadoop-ozone/integration-test/target/log,AVAILABLE}
2019-09-16 19:01:37,474 [main] INFO  handler.ContextHandler (ContextHandler.java:doStart(781)) - Started o.e.j.s.ServletContextHandler@7fe82967{/static,jar:file:/home/user/.m2/repository/org/apache/hadoop/hadoop-hdds-container-service/0.5.0-SNAPSHOT/hadoop-hdds-container-service-0.5.0-SNAPSHOT.jar!/webapps/static,AVAILABLE}
2019-09-16 19:01:37,482 [Datanode State Machine Thread - 0] INFO  datanode.InitDatanodeState (InitDatanodeState.java:persistContainerDatanodeDetails(140)) - DatanodeDetails is persisted to /workdir/hadoop-ozone/integration-test/target/test-dir/MiniOzoneClusterImpl-fcd79d99-0155-4261-ae9e-1e388112ecdd/datanode-0/meta/datanode.id
2019-09-16 19:01:37,485 [Datanode State Machine Thread - 0] INFO  datanode.InitDatanodeState (InitDatanodeState.java:persistContainerDatanodeDetails(140)) - DatanodeDetails is persisted to /workdir/hadoop-ozone/integration-test/target/test-dir/MiniOzoneClusterImpl-fcd79d99-0155-4261-ae9e-1e388112ecdd/datanode-1/meta/datanode.id
2019-09-16 19:01:37,502 [main] INFO  handler.ContextHandler (ContextHandler.java:doStart(781)) - Started o.e.j.w.WebAppContext@151bf776{/,file:///tmp/jetty-0.0.0.0-46165-hddsDatanode-_-any-7813204870575554831.dir/webapp/,AVAILABLE}{/hddsDatanode}
2019-09-16 19:01:37,503 [main] INFO  server.AbstractConnector (AbstractConnector.java:doStart(278)) - Started ServerConnector@5a6d30e2{HTTP/1.1,[http/1.1]}{0.0.0.0:46165}
2019-09-16 19:01:37,505 [main] INFO  server.Server (Server.java:doStart(419)) - Started @4835ms
2019-09-16 19:01:37,505 [main] WARN  impl.MetricsSystemImpl (MetricsSystemImpl.java:register(276)) - Sink prometheus already exists!
2019-09-16 19:01:37,506 [main] INFO  server.BaseHttpServer (BaseHttpServer.java:updateConnectorAddress(215)) - HTTP server of HDDSDATANODE is listening at http://0.0.0.0:46165
2019-09-16 19:01:37,506 [main] INFO  impl.MetricsSystemImpl (MetricsSystemImpl.java:init(158)) - HddsDatanode metrics system started (again)
2019-09-16 19:01:37,509 [org.apache.hadoop.util.JvmPauseMonitor$Monitor@40443622] INFO  util.JvmPauseMonitor (JvmPauseMonitor.java:run(188)) - Starting JVM pause monitor
2019-09-16 19:01:37,509 [main] INFO  ozone.HddsDatanodeService (HddsDatanodeService.java:start(184)) - HddsDatanodeService host:pr-hdds-2111-hlhfn-3535364396 ip:192.168.34.56
2019-09-16 19:01:37,511 [Datanode State Machine Thread - 0] INFO  datanode.InitDatanodeState (InitDatanodeState.java:persistContainerDatanodeDetails(140)) - DatanodeDetails is persisted to /workdir/hadoop-ozone/integration-test/target/test-dir/MiniOzoneClusterImpl-fcd79d99-0155-4261-ae9e-1e388112ecdd/datanode-2/meta/datanode.id
2019-09-16 19:01:37,515 [main] INFO  volume.HddsVolume (HddsVolume.java:<init>(176)) - Creating Volume: /workdir/hadoop-ozone/integration-test/target/test-dir/MiniOzoneClusterImpl-fcd79d99-0155-4261-ae9e-1e388112ecdd/datanode-3/data/containers/hdds of  storage type : DISK and capacity : 1482555576320
2019-09-16 19:01:37,515 [main] INFO  volume.VolumeSet (VolumeSet.java:initializeVolumeSet(170)) - Added Volume : /workdir/hadoop-ozone/integration-test/target/test-dir/MiniOzoneClusterImpl-fcd79d99-0155-4261-ae9e-1e388112ecdd/datanode-3/data/containers/hdds to VolumeSet
2019-09-16 19:01:37,515 [main] INFO  volume.ThrottledAsyncChecker (ThrottledAsyncChecker.java:schedule(139)) - Scheduling a check for org.apache.hadoop.ozone.container.common.volume.HddsVolume@59cda16e
2019-09-16 19:01:37,516 [main] INFO  volume.HddsVolumeChecker (HddsVolumeChecker.java:checkAllVolumes(202)) - Scheduled health check for volume org.apache.hadoop.ozone.container.common.volume.HddsVolume@59cda16e
2019-09-16 19:01:37,532 [main] INFO  impl.RaftServerProxy (ConfUtils.java:logGet(43)) - raft.rpc.type = GRPC (default)
2019-09-16 19:01:37,532 [main] INFO  grpc.GrpcFactory (GrpcFactory.java:checkPooledByteBufAllocatorUseCacheForAllThreads(45)) - PERFORMANCE WARNING: useCacheForAllThreads is true that may cause Netty to create a lot garbage objects and, as a result, trigger GC.
	It is recommended to disable useCacheForAllThreads by setting -Dorg.apache.ratis.thirdparty.io.netty.allocator.useCacheForAllThreads=false in command line.
2019-09-16 19:01:37,533 [main] INFO  grpc.GrpcConfigKeys$Server (ConfUtils.java:logGet(43)) - raft.grpc.server.port = 0 (default)
2019-09-16 19:01:37,533 [main] INFO  server.GrpcService (ConfUtils.java:logGet(43)) - raft.grpc.message.size.max = 33570816 (custom)
2019-09-16 19:01:37,533 [main] INFO  server.RaftServerConfigKeys (ConfUtils.java:logGet(43)) - raft.server.log.appender.buffer.byte-limit = 33554432 (custom)
2019-09-16 19:01:37,534 [main] INFO  server.GrpcService (ConfUtils.java:logGet(43)) - raft.grpc.flow.control.window = 1MB (=1048576) (default)
2019-09-16 19:01:37,534 [main] INFO  server.RaftServerConfigKeys (ConfUtils.java:logGet(43)) - raft.server.rpc.request.timeout = 3000ms (default)
2019-09-16 19:01:37,535 [main] INFO  server.RaftServerConfigKeys (ConfUtils.java:logGet(43)) - raft.server.storage.dir = [/workdir/hadoop-ozone/integration-test/target/test-dir/MiniOzoneClusterImpl-fcd79d99-0155-4261-ae9e-1e388112ecdd/datanode-3/data/ratis] (custom)
2019-09-16 19:01:37,537 [main] INFO  hdfs.DFSUtil (DFSUtil.java:httpServerTemplateForNNAndJN(1641)) - Starting Web-server for hddsDatanode at: http://0.0.0.0:0
2019-09-16 19:01:37,539 [main] INFO  server.AuthenticationFilter (AuthenticationFilter.java:constructSecretProvider(240)) - Unable to initialize FileSignerSecretProvider, falling back to use random secrets.
2019-09-16 19:01:37,539 [main] WARN  http.HttpRequestLog (HttpRequestLog.java:getRequestLog(97)) - Jetty request log can only be enabled using Log4j
2019-09-16 19:01:37,542 [main] INFO  http.HttpServer2 (HttpServer2.java:addGlobalFilter(975)) - Added global filter 'safety' (class=org.apache.hadoop.http.HttpServer2$QuotingInputFilter)
2019-09-16 19:01:37,543 [main] INFO  http.HttpServer2 (HttpServer2.java:addFilter(948)) - Added filter static_user_filter (class=org.apache.hadoop.http.lib.StaticUserWebFilter$StaticUserFilter) to context hddsDatanode
2019-09-16 19:01:37,543 [main] INFO  http.HttpServer2 (HttpServer2.java:addFilter(958)) - Added filter static_user_filter (class=org.apache.hadoop.http.lib.StaticUserWebFilter$StaticUserFilter) to context static
2019-09-16 19:01:37,543 [main] INFO  http.HttpServer2 (HttpServer2.java:addFilter(958)) - Added filter static_user_filter (class=org.apache.hadoop.http.lib.StaticUserWebFilter$StaticUserFilter) to context logs
2019-09-16 19:01:37,545 [main] INFO  http.HttpServer2 (HttpServer2.java:bindListener(1191)) - Jetty bound to port 43138
2019-09-16 19:01:37,545 [main] INFO  server.Server (Server.java:doStart(351)) - jetty-9.3.24.v20180605, build timestamp: 2018-06-05T17:11:56Z, git hash: 84205aa28f11a4f31f2a3b86d1bba2cc8ab69827
2019-09-16 19:01:37,547 [main] INFO  handler.ContextHandler (ContextHandler.java:doStart(781)) - Started o.e.j.s.ServletContextHandler@6540cf1d{/logs,file:///workdir/hadoop-ozone/integration-test/target/log,AVAILABLE}
2019-09-16 19:01:37,548 [main] INFO  handler.ContextHandler (ContextHandler.java:doStart(781)) - Started o.e.j.s.ServletContextHandler@bc042d5{/static,jar:file:/home/user/.m2/repository/org/apache/hadoop/hadoop-hdds-container-service/0.5.0-SNAPSHOT/hadoop-hdds-container-service-0.5.0-SNAPSHOT.jar!/webapps/static,AVAILABLE}
2019-09-16 19:01:37,588 [main] INFO  handler.ContextHandler (ContextHandler.java:doStart(781)) - Started o.e.j.w.WebAppContext@5634d0f4{/,file:///tmp/jetty-0.0.0.0-43138-hddsDatanode-_-any-3623566391736407726.dir/webapp/,AVAILABLE}{/hddsDatanode}
2019-09-16 19:01:37,589 [main] INFO  server.AbstractConnector (AbstractConnector.java:doStart(278)) - Started ServerConnector@252a8aae{HTTP/1.1,[http/1.1]}{0.0.0.0:43138}
2019-09-16 19:01:37,591 [main] INFO  server.Server (Server.java:doStart(419)) - Started @4921ms
2019-09-16 19:01:37,592 [main] WARN  impl.MetricsSystemImpl (MetricsSystemImpl.java:register(276)) - Sink prometheus already exists!
2019-09-16 19:01:37,592 [main] INFO  server.BaseHttpServer (BaseHttpServer.java:updateConnectorAddress(215)) - HTTP server of HDDSDATANODE is listening at http://0.0.0.0:43138
2019-09-16 19:01:37,595 [main] INFO  ozone.MiniOzoneClusterImpl (MiniOzoneClusterImpl.java:lambda$waitForClusterToBeReady$0(140)) - Waiting for cluster to be ready. Got 0 of 4 DN Heartbeats.
2019-09-16 19:01:37,595 [org.apache.hadoop.util.JvmPauseMonitor$Monitor@6164b66d] INFO  util.JvmPauseMonitor (JvmPauseMonitor.java:run(188)) - Starting JVM pause monitor
2019-09-16 19:01:37,598 [Datanode State Machine Thread - 0] INFO  datanode.InitDatanodeState (InitDatanodeState.java:persistContainerDatanodeDetails(140)) - DatanodeDetails is persisted to /workdir/hadoop-ozone/integration-test/target/test-dir/MiniOzoneClusterImpl-fcd79d99-0155-4261-ae9e-1e388112ecdd/datanode-3/meta/datanode.id
2019-09-16 19:01:38,595 [main] INFO  ozone.MiniOzoneClusterImpl (MiniOzoneClusterImpl.java:lambda$waitForClusterToBeReady$0(140)) - Waiting for cluster to be ready. Got 0 of 4 DN Heartbeats.
2019-09-16 19:01:39,448 [Datanode State Machine Thread - 0] INFO  ozoneimpl.OzoneContainer (OzoneContainer.java:start(217)) - Attempting to start container services.
2019-09-16 19:01:39,450 [Datanode State Machine Thread - 0] INFO  ozoneimpl.OzoneContainer (OzoneContainer.java:startContainerScrub(179)) - Background container scanner has been disabled.
2019-09-16 19:01:39,450 [Datanode State Machine Thread - 0] INFO  ozoneimpl.OzoneContainer (OzoneContainer.java:start(217)) - Attempting to start container services.
2019-09-16 19:01:39,451 [Datanode State Machine Thread - 0] INFO  ratis.XceiverServerRatis (XceiverServerRatis.java:start(404)) - Starting XceiverServerRatis 5b218fb7-e3eb-43f7-8349-cdd73bd26c4f at port 0
2019-09-16 19:01:39,456 [Datanode State Machine Thread - 0] INFO  ozoneimpl.OzoneContainer (OzoneContainer.java:startContainerScrub(179)) - Background container scanner has been disabled.
2019-09-16 19:01:39,456 [Datanode State Machine Thread - 0] INFO  ratis.XceiverServerRatis (XceiverServerRatis.java:start(404)) - Starting XceiverServerRatis 44528711-e6a2-4593-afed-4c2b8e24069d at port 0
2019-09-16 19:01:39,498 [Datanode State Machine Thread - 0] INFO  impl.RaftServerProxy (RaftServerProxy.java:lambda$start$3(299)) - 44528711-e6a2-4593-afed-4c2b8e24069d: start RPC server
2019-09-16 19:01:39,498 [Datanode State Machine Thread - 0] INFO  impl.RaftServerProxy (RaftServerProxy.java:lambda$start$3(299)) - 5b218fb7-e3eb-43f7-8349-cdd73bd26c4f: start RPC server
2019-09-16 19:01:39,527 [Datanode State Machine Thread - 0] INFO  ozoneimpl.OzoneContainer (OzoneContainer.java:start(217)) - Attempting to start container services.
2019-09-16 19:01:39,529 [Datanode State Machine Thread - 0] INFO  ozoneimpl.OzoneContainer (OzoneContainer.java:startContainerScrub(179)) - Background container scanner has been disabled.
2019-09-16 19:01:39,529 [Datanode State Machine Thread - 0] INFO  ratis.XceiverServerRatis (XceiverServerRatis.java:start(404)) - Starting XceiverServerRatis 505f8c76-ced5-497a-8cb1-9cb8091dfd1a at port 0
2019-09-16 19:01:39,538 [Datanode State Machine Thread - 0] INFO  impl.RaftServerProxy (RaftServerProxy.java:lambda$start$3(299)) - 505f8c76-ced5-497a-8cb1-9cb8091dfd1a: start RPC server
2019-09-16 19:01:39,596 [main] INFO  ozone.MiniOzoneClusterImpl (MiniOzoneClusterImpl.java:lambda$waitForClusterToBeReady$0(140)) - Waiting for cluster to be ready. Got 0 of 4 DN Heartbeats.
2019-09-16 19:01:39,612 [Datanode State Machine Thread - 0] INFO  ozoneimpl.OzoneContainer (OzoneContainer.java:start(217)) - Attempting to start container services.
2019-09-16 19:01:39,614 [Datanode State Machine Thread - 0] INFO  ozoneimpl.OzoneContainer (OzoneContainer.java:startContainerScrub(179)) - Background container scanner has been disabled.
2019-09-16 19:01:39,615 [Datanode State Machine Thread - 0] INFO  ratis.XceiverServerRatis (XceiverServerRatis.java:start(404)) - Starting XceiverServerRatis 68be27f3-88a4-44cc-b247-f49ac3f20aed at port 0
2019-09-16 19:01:39,626 [Datanode State Machine Thread - 0] INFO  impl.RaftServerProxy (RaftServerProxy.java:lambda$start$3(299)) - 68be27f3-88a4-44cc-b247-f49ac3f20aed: start RPC server
2019-09-16 19:01:39,654 [Datanode State Machine Thread - 0] INFO  server.GrpcService (GrpcService.java:startImpl(158)) - 44528711-e6a2-4593-afed-4c2b8e24069d: GrpcService started, listening on 0.0.0.0/0.0.0.0:43334
2019-09-16 19:01:39,654 [Datanode State Machine Thread - 0] INFO  server.GrpcService (GrpcService.java:startImpl(158)) - 5b218fb7-e3eb-43f7-8349-cdd73bd26c4f: GrpcService started, listening on 0.0.0.0/0.0.0.0:37046
2019-09-16 19:01:39,654 [Datanode State Machine Thread - 0] INFO  server.GrpcService (GrpcService.java:startImpl(158)) - 68be27f3-88a4-44cc-b247-f49ac3f20aed: GrpcService started, listening on 0.0.0.0/0.0.0.0:44214
2019-09-16 19:01:39,654 [Datanode State Machine Thread - 0] INFO  server.GrpcService (GrpcService.java:startImpl(158)) - 505f8c76-ced5-497a-8cb1-9cb8091dfd1a: GrpcService started, listening on 0.0.0.0/0.0.0.0:36291
2019-09-16 19:01:39,655 [Datanode State Machine Thread - 0] INFO  ratis.XceiverServerRatis (XceiverServerRatis.java:start(414)) - XceiverServerRatis 68be27f3-88a4-44cc-b247-f49ac3f20aed is started using port 44214
2019-09-16 19:01:39,655 [Datanode State Machine Thread - 0] INFO  ratis.XceiverServerRatis (XceiverServerRatis.java:start(414)) - XceiverServerRatis 5b218fb7-e3eb-43f7-8349-cdd73bd26c4f is started using port 37046
2019-09-16 19:01:39,655 [Datanode State Machine Thread - 0] INFO  ratis.XceiverServerRatis (XceiverServerRatis.java:start(414)) - XceiverServerRatis 44528711-e6a2-4593-afed-4c2b8e24069d is started using port 43334
2019-09-16 19:01:39,655 [Datanode State Machine Thread - 0] INFO  ratis.XceiverServerRatis (XceiverServerRatis.java:start(414)) - XceiverServerRatis 505f8c76-ced5-497a-8cb1-9cb8091dfd1a is started using port 36291
2019-09-16 19:01:39,662 [Datanode State Machine Thread - 0] INFO  server.XceiverServerGrpc (XceiverServerGrpc.java:start(163)) - XceiverServerGrpc 68be27f3-88a4-44cc-b247-f49ac3f20aed is started using port 36931
2019-09-16 19:01:39,662 [Datanode State Machine Thread - 0] INFO  server.XceiverServerGrpc (XceiverServerGrpc.java:start(163)) - XceiverServerGrpc 505f8c76-ced5-497a-8cb1-9cb8091dfd1a is started using port 33303
2019-09-16 19:01:39,663 [Datanode State Machine Thread - 0] INFO  server.XceiverServerGrpc (XceiverServerGrpc.java:start(163)) - XceiverServerGrpc 5b218fb7-e3eb-43f7-8349-cdd73bd26c4f is started using port 42329
2019-09-16 19:01:39,662 [Datanode State Machine Thread - 0] INFO  server.XceiverServerGrpc (XceiverServerGrpc.java:start(163)) - XceiverServerGrpc 44528711-e6a2-4593-afed-4c2b8e24069d is started using port 33685
2019-09-16 19:01:40,596 [main] INFO  ozone.MiniOzoneClusterImpl (MiniOzoneClusterImpl.java:lambda$waitForClusterToBeReady$0(140)) - Waiting for cluster to be ready. Got 0 of 4 DN Heartbeats.
2019-09-16 19:01:41,404 [IPC Server handler 2 on 32801] INFO  net.NetworkTopology (NetworkTopologyImpl.java:add(110)) - Added a new node: /default-rack/5b218fb7-e3eb-43f7-8349-cdd73bd26c4f
2019-09-16 19:01:41,404 [IPC Server handler 2 on 32801] INFO  node.SCMNodeManager (SCMNodeManager.java:register(266)) - Registered Data node : 5b218fb7-e3eb-43f7-8349-cdd73bd26c4f{ip: 192.168.34.56, host: pr-hdds-2111-hlhfn-3535364396, networkLocation: /default-rack, certSerialId: null}
2019-09-16 19:01:41,408 [EventQueue-NodeRegistrationContainerReportForDataNodeSafeModeRule] INFO  safemode.SCMSafeModeManager (DataNodeSafeModeRule.java:process(71)) - SCM in safe mode. 1 DataNodes registered, 1 required.
2019-09-16 19:01:41,408 [EventQueue-NodeRegistrationContainerReportForDataNodeSafeModeRule] INFO  safemode.SCMSafeModeManager (SCMSafeModeManager.java:validateSafeModeExitRules(177)) - ScmSafeModeManager, all rules are successfully validated
2019-09-16 19:01:41,408 [EventQueue-NodeRegistrationContainerReportForDataNodeSafeModeRule] INFO  safemode.SCMSafeModeManager (SCMSafeModeManager.java:exitSafeMode(193)) - SCM exiting safe mode.
2019-09-16 19:01:41,445 [IPC Server handler 0 on 32801] INFO  net.NetworkTopology (NetworkTopologyImpl.java:add(110)) - Added a new node: /default-rack/44528711-e6a2-4593-afed-4c2b8e24069d
2019-09-16 19:01:41,446 [IPC Server handler 0 on 32801] INFO  node.SCMNodeManager (SCMNodeManager.java:register(266)) - Registered Data node : 44528711-e6a2-4593-afed-4c2b8e24069d{ip: 192.168.34.56, host: pr-hdds-2111-hlhfn-3535364396, networkLocation: /default-rack, certSerialId: null}
2019-09-16 19:01:41,512 [IPC Server handler 1 on 32801] INFO  net.NetworkTopology (NetworkTopologyImpl.java:add(110)) - Added a new node: /default-rack/505f8c76-ced5-497a-8cb1-9cb8091dfd1a
2019-09-16 19:01:41,512 [IPC Server handler 1 on 32801] INFO  node.SCMNodeManager (SCMNodeManager.java:register(266)) - Registered Data node : 505f8c76-ced5-497a-8cb1-9cb8091dfd1a{ip: 192.168.34.56, host: pr-hdds-2111-hlhfn-3535364396, networkLocation: /default-rack, certSerialId: null}
2019-09-16 19:01:41,598 [main] INFO  ozone.MiniOzoneClusterImpl (MiniOzoneClusterImpl.java:lambda$waitForClusterToBeReady$0(140)) - Waiting for cluster to be ready. Got 3 of 4 DN Heartbeats.
2019-09-16 19:01:41,617 [IPC Server handler 3 on 32801] INFO  net.NetworkTopology (NetworkTopologyImpl.java:add(110)) - Added a new node: /default-rack/68be27f3-88a4-44cc-b247-f49ac3f20aed
2019-09-16 19:01:41,617 [IPC Server handler 3 on 32801] INFO  node.SCMNodeManager (SCMNodeManager.java:register(266)) - Registered Data node : 68be27f3-88a4-44cc-b247-f49ac3f20aed{ip: 192.168.34.56, host: pr-hdds-2111-hlhfn-3535364396, networkLocation: /default-rack, certSerialId: null}
2019-09-16 19:01:41,912 [grpc-default-executor-0] INFO  impl.RaftServerProxy (RaftServerProxy.java:addNew(89)) - 5b218fb7-e3eb-43f7-8349-cdd73bd26c4f: addNew group-D989F1650DB6:[5b218fb7-e3eb-43f7-8349-cdd73bd26c4f:192.168.34.56:37046] returns group-D989F1650DB6:java.util.concurrent.CompletableFuture@7d330f91[Not completed]
2019-09-16 19:01:41,934 [pool-27-thread-1] INFO  impl.RaftServerImpl (RaftServerImpl.java:<init>(95)) - 5b218fb7-e3eb-43f7-8349-cdd73bd26c4f: new RaftServerImpl for group-D989F1650DB6:[5b218fb7-e3eb-43f7-8349-cdd73bd26c4f:192.168.34.56:37046] with ContainerStateMachine:uninitialized
2019-09-16 19:01:41,937 [pool-27-thread-1] INFO  server.RaftServerConfigKeys (ConfUtils.java:logGet(43)) - raft.server.rpc.timeout.min = 5s (custom)
2019-09-16 19:01:41,939 [pool-27-thread-1] INFO  server.RaftServerConfigKeys (ConfUtils.java:logGet(43)) - raft.server.rpc.timeout.max = 5200ms (custom)
2019-09-16 19:01:41,939 [pool-27-thread-1] INFO  server.RaftServerConfigKeys (ConfUtils.java:logGet(43)) - raft.server.rpcslowness.timeout = 1000s (custom)
2019-09-16 19:01:41,940 [pool-27-thread-1] INFO  server.RaftServerConfigKeys (ConfUtils.java:logGet(43)) - raft.server.sleep.deviation.threshold = 300 (default)
2019-09-16 19:01:41,941 [pool-27-thread-1] INFO  server.RaftServerConfigKeys (ConfUtils.java:logGet(43)) - raft.server.log.appender.install.snapshot.enabled = false (custom)
2019-09-16 19:01:41,950 [pool-27-thread-1] INFO  impl.RaftServerImpl (ServerState.java:<init>(103)) - 5b218fb7-e3eb-43f7-8349-cdd73bd26c4f@group-D989F1650DB6: ConfigurationManager, init=-1: [5b218fb7-e3eb-43f7-8349-cdd73bd26c4f:192.168.34.56:37046], old=null, confs=<EMPTY_MAP>
2019-09-16 19:01:41,951 [pool-27-thread-1] INFO  server.RaftServerConfigKeys (ConfUtils.java:logGet(43)) - raft.server.storage.dir = [/workdir/hadoop-ozone/integration-test/target/test-dir/MiniOzoneClusterImpl-fcd79d99-0155-4261-ae9e-1e388112ecdd/datanode-0/data/ratis] (custom)
2019-09-16 19:01:41,959 [pool-27-thread-1] INFO  storage.RaftStorageDirectory (RaftStorageDirectory.java:analyzeStorage(246)) - The storage directory /workdir/hadoop-ozone/integration-test/target/test-dir/MiniOzoneClusterImpl-fcd79d99-0155-4261-ae9e-1e388112ecdd/datanode-0/data/ratis/af53e534-607a-4948-ba3e-d989f1650db6 does not exist. Creating ...
2019-09-16 19:01:41,978 [pool-27-thread-1] INFO  storage.RaftStorageDirectory (RaftStorageDirectory.java:tryLock(328)) - Lock on /workdir/hadoop-ozone/integration-test/target/test-dir/MiniOzoneClusterImpl-fcd79d99-0155-4261-ae9e-1e388112ecdd/datanode-0/data/ratis/af53e534-607a-4948-ba3e-d989f1650db6/in_use.lock acquired by nodename 24049@pr-hdds-2111-hlhfn-3535364396
2019-09-16 19:01:41,994 [pool-27-thread-1] INFO  storage.RaftStorage (RaftStorage.java:format(72)) - Storage directory /workdir/hadoop-ozone/integration-test/target/test-dir/MiniOzoneClusterImpl-fcd79d99-0155-4261-ae9e-1e388112ecdd/datanode-0/data/ratis/af53e534-607a-4948-ba3e-d989f1650db6 has been successfully formatted.
2019-09-16 19:01:41,997 [pool-27-thread-1] INFO  ratis.ContainerStateMachine (ContainerStateMachine.java:loadSnapshot(230)) - group-D989F1650DB6: The snapshot info is null. Setting the last applied indexto:(t:0, i:~)
2019-09-16 19:01:41,997 [pool-27-thread-1] INFO  server.RaftServerConfigKeys (ConfUtils.java:logGet(43)) - raft.server.notification.no-leader.timeout = 1000s (custom)
2019-09-16 19:01:42,000 [pool-27-thread-1] INFO  server.RaftServerConfigKeys (ConfUtils.java:logGet(43)) - raft.server.log.use.memory = false (default)
2019-09-16 19:01:42,007 [pool-27-thread-1] INFO  server.RaftServerConfigKeys (ConfUtils.java:logGet(43)) - raft.server.log.purge.gap = 1000000 (custom)
2019-09-16 19:01:42,007 [pool-27-thread-1] INFO  server.RaftServerConfigKeys (ConfUtils.java:logGet(43)) - raft.server.log.appender.buffer.byte-limit = 33554432 (custom)
2019-09-16 19:01:42,010 [pool-27-thread-1] INFO  server.RaftServerConfigKeys (ConfUtils.java:logGet(43)) - raft.server.log.segment.size.max = 1048576 (custom)
2019-09-16 19:01:42,015 [pool-27-thread-1] INFO  server.RaftServerConfigKeys (ConfUtils.java:logGet(43)) - raft.server.log.segment.cache.num.max = 2 (custom)
2019-09-16 19:01:42,022 [pool-27-thread-1] INFO  segmented.SegmentedRaftLogWorker (SegmentedRaftLogWorker.java:<init>(172)) - new 5b218fb7-e3eb-43f7-8349-cdd73bd26c4f@group-D989F1650DB6-SegmentedRaftLogWorker for RaftStorage:Storage Directory /workdir/hadoop-ozone/integration-test/target/test-dir/MiniOzoneClusterImpl-fcd79d99-0155-4261-ae9e-1e388112ecdd/datanode-0/data/ratis/af53e534-607a-4948-ba3e-d989f1650db6
2019-09-16 19:01:42,024 [pool-27-thread-1] INFO  impl.MetricsSystemImpl (MetricsSystemImpl.java:init(158)) - ratis metrics system started (again)
2019-09-16 19:01:42,063 [pool-27-thread-1] INFO  server.RaftServerConfigKeys (ConfUtils.java:logGet(43)) - raft.server.log.queue.byte-limit = 2147483647 (custom)
2019-09-16 19:01:42,064 [pool-27-thread-1] INFO  server.RaftServerConfigKeys (ConfUtils.java:logGet(43)) - raft.server.log.queue.element-limit = 1024 (custom)
2019-09-16 19:01:42,067 [pool-27-thread-1] INFO  server.RaftServerConfigKeys (ConfUtils.java:logGet(43)) - raft.server.log.segment.size.max = 1048576 (custom)
2019-09-16 19:01:42,067 [pool-27-thread-1] INFO  server.RaftServerConfigKeys (ConfUtils.java:logGet(43)) - raft.server.log.preallocated.size = 16384 (custom)
2019-09-16 19:01:42,068 [pool-27-thread-1] INFO  server.RaftServerConfigKeys (ConfUtils.java:logGet(43)) - raft.server.log.write.buffer.size = 33554432 (custom)
2019-09-16 19:01:42,068 [pool-27-thread-1] INFO  server.RaftServerConfigKeys (ConfUtils.java:logGet(43)) - raft.server.log.force.sync.num = 128 (default)
2019-09-16 19:01:42,069 [pool-27-thread-1] INFO  server.RaftServerConfigKeys (ConfUtils.java:logGet(43)) - raft.server.log.statemachine.data.sync = true (default)
2019-09-16 19:01:42,069 [pool-27-thread-1] INFO  server.RaftServerConfigKeys (ConfUtils.java:logGet(43)) - raft.server.log.statemachine.data.sync.timeout = 10s (default)
2019-09-16 19:01:42,069 [pool-27-thread-1] INFO  server.RaftServerConfigKeys (ConfUtils.java:logGet(43)) - raft.server.log.statemachine.data.sync.timeout.retry = -1 (default)
2019-09-16 19:01:42,077 [pool-27-thread-1] INFO  server.RaftServerConfigKeys (ConfUtils.java:logGet(43)) - raft.server.log.statemachine.data.caching.enabled = true (custom)
2019-09-16 19:01:42,082 [pool-27-thread-1] INFO  segmented.SegmentedRaftLogWorker (SegmentedRaftLogWorker.java:lambda$new$0(132)) - 5b218fb7-e3eb-43f7-8349-cdd73bd26c4f@group-D989F1650DB6-SegmentedRaftLogWorker: flushIndex: setUnconditionally 0 -> -1
2019-09-16 19:01:42,086 [pool-27-thread-1] INFO  server.RaftServerConfigKeys (ConfUtils.java:logGet(43)) - raft.server.snapshot.auto.trigger.enabled = true (custom)
2019-09-16 19:01:42,087 [pool-27-thread-1] INFO  server.RaftServerConfigKeys (ConfUtils.java:logGet(43)) - raft.server.snapshot.auto.trigger.threshold = 10000 (custom)
2019-09-16 19:01:42,087 [pool-27-thread-1] INFO  server.RaftServerConfigKeys (ConfUtils.java:logGet(43)) - raft.server.snapshot.retention.num.files = -1 (default)
2019-09-16 19:01:42,088 [pool-27-thread-1] INFO  server.RaftServerConfigKeys (ConfUtils.java:logGet(43)) - raft.server.retrycache.expirytime = 600000ms (custom)
2019-09-16 19:01:42,114 [pool-27-thread-1] INFO  impl.RaftServerImpl (RaftServerImpl.java:start(185)) - 5b218fb7-e3eb-43f7-8349-cdd73bd26c4f@group-D989F1650DB6: start as a follower, conf=-1: [5b218fb7-e3eb-43f7-8349-cdd73bd26c4f:192.168.34.56:37046], old=null
2019-09-16 19:01:42,115 [pool-27-thread-1] INFO  impl.RaftServerImpl (RaftServerImpl.java:setRole(174)) - 5b218fb7-e3eb-43f7-8349-cdd73bd26c4f@group-D989F1650DB6: changes role from      null to FOLLOWER at term 0 for startAsFollower
2019-09-16 19:01:42,116 [pool-27-thread-1] INFO  impl.RoleInfo (RoleInfo.java:updateAndGet(143)) - 5b218fb7-e3eb-43f7-8349-cdd73bd26c4f: start FollowerState
2019-09-16 19:01:42,117 [pool-27-thread-1] INFO  util.JmxRegister (JmxRegister.java:tryRegister(44)) - Successfully registered JMX Bean with object name Ratis:service=RaftServer,group=group-D989F1650DB6,id=5b218fb7-e3eb-43f7-8349-cdd73bd26c4f
2019-09-16 19:01:42,201 [RatisPipelineUtilsThread] INFO  pipeline.PipelineStateManager (PipelineStateManager.java:addPipeline(56)) - Created pipeline Pipeline[ Id: af53e534-607a-4948-ba3e-d989f1650db6, Nodes: 5b218fb7-e3eb-43f7-8349-cdd73bd26c4f{ip: 192.168.34.56, host: pr-hdds-2111-hlhfn-3535364396, networkLocation: /default-rack, certSerialId: null}, Type:RATIS, Factor:ONE, State:OPEN]
2019-09-16 19:01:42,222 [grpc-default-executor-0] INFO  impl.RaftServerProxy (RaftServerProxy.java:addNew(89)) - 68be27f3-88a4-44cc-b247-f49ac3f20aed: addNew group-10B540CF4FF4:[68be27f3-88a4-44cc-b247-f49ac3f20aed:192.168.34.56:44214] returns group-10B540CF4FF4:java.util.concurrent.CompletableFuture@515445ed[Not completed]
2019-09-16 19:01:42,260 [pool-57-thread-1] INFO  impl.RaftServerImpl (RaftServerImpl.java:<init>(95)) - 68be27f3-88a4-44cc-b247-f49ac3f20aed: new RaftServerImpl for group-10B540CF4FF4:[68be27f3-88a4-44cc-b247-f49ac3f20aed:192.168.34.56:44214] with ContainerStateMachine:uninitialized
2019-09-16 19:01:42,262 [pool-57-thread-1] INFO  server.RaftServerConfigKeys (ConfUtils.java:logGet(43)) - raft.server.rpc.timeout.min = 5s (custom)
2019-09-16 19:01:42,263 [pool-57-thread-1] INFO  server.RaftServerConfigKeys (ConfUtils.java:logGet(43)) - raft.server.rpc.timeout.max = 5200ms (custom)
2019-09-16 19:01:42,263 [pool-57-thread-1] INFO  server.RaftServerConfigKeys (ConfUtils.java:logGet(43)) - raft.server.rpcslowness.timeout = 1000s (custom)
2019-09-16 19:01:42,263 [pool-57-thread-1] INFO  server.RaftServerConfigKeys (ConfUtils.java:logGet(43)) - raft.server.sleep.deviation.threshold = 300 (default)
2019-09-16 19:01:42,263 [pool-57-thread-1] INFO  server.RaftServerConfigKeys (ConfUtils.java:logGet(43)) - raft.server.log.appender.install.snapshot.enabled = false (custom)
2019-09-16 19:01:42,264 [pool-57-thread-1] INFO  impl.RaftServerImpl (ServerState.java:<init>(103)) - 68be27f3-88a4-44cc-b247-f49ac3f20aed@group-10B540CF4FF4: ConfigurationManager, init=-1: [68be27f3-88a4-44cc-b247-f49ac3f20aed:192.168.34.56:44214], old=null, confs=<EMPTY_MAP>
2019-09-16 19:01:42,264 [pool-57-thread-1] INFO  server.RaftServerConfigKeys (ConfUtils.java:logGet(43)) - raft.server.storage.dir = [/workdir/hadoop-ozone/integration-test/target/test-dir/MiniOzoneClusterImpl-fcd79d99-0155-4261-ae9e-1e388112ecdd/datanode-3/data/ratis] (custom)
2019-09-16 19:01:42,264 [pool-57-thread-1] INFO  storage.RaftStorageDirectory (RaftStorageDirectory.java:analyzeStorage(246)) - The storage directory /workdir/hadoop-ozone/integration-test/target/test-dir/MiniOzoneClusterImpl-fcd79d99-0155-4261-ae9e-1e388112ecdd/datanode-3/data/ratis/8e9d45d9-60a5-4e9b-a9c1-10b540cf4ff4 does not exist. Creating ...
2019-09-16 19:01:42,279 [pool-57-thread-1] INFO  storage.RaftStorageDirectory (RaftStorageDirectory.java:tryLock(328)) - Lock on /workdir/hadoop-ozone/integration-test/target/test-dir/MiniOzoneClusterImpl-fcd79d99-0155-4261-ae9e-1e388112ecdd/datanode-3/data/ratis/8e9d45d9-60a5-4e9b-a9c1-10b540cf4ff4/in_use.lock acquired by nodename 24049@pr-hdds-2111-hlhfn-3535364396
2019-09-16 19:01:42,293 [pool-57-thread-1] INFO  storage.RaftStorage (RaftStorage.java:format(72)) - Storage directory /workdir/hadoop-ozone/integration-test/target/test-dir/MiniOzoneClusterImpl-fcd79d99-0155-4261-ae9e-1e388112ecdd/datanode-3/data/ratis/8e9d45d9-60a5-4e9b-a9c1-10b540cf4ff4 has been successfully formatted.
2019-09-16 19:01:42,295 [pool-57-thread-1] INFO  ratis.ContainerStateMachine (ContainerStateMachine.java:loadSnapshot(230)) - group-10B540CF4FF4: The snapshot info is null. Setting the last applied indexto:(t:0, i:~)
2019-09-16 19:01:42,296 [pool-57-thread-1] INFO  server.RaftServerConfigKeys (ConfUtils.java:logGet(43)) - raft.server.notification.no-leader.timeout = 1000s (custom)
2019-09-16 19:01:42,296 [pool-57-thread-1] INFO  server.RaftServerConfigKeys (ConfUtils.java:logGet(43)) - raft.server.log.use.memory = false (default)
2019-09-16 19:01:42,296 [pool-57-thread-1] INFO  server.RaftServerConfigKeys (ConfUtils.java:logGet(43)) - raft.server.log.purge.gap = 1000000 (custom)
2019-09-16 19:01:42,296 [pool-57-thread-1] INFO  server.RaftServerConfigKeys (ConfUtils.java:logGet(43)) - raft.server.log.appender.buffer.byte-limit = 33554432 (custom)
2019-09-16 19:01:42,297 [pool-57-thread-1] INFO  server.RaftServerConfigKeys (ConfUtils.java:logGet(43)) - raft.server.log.segment.size.max = 1048576 (custom)
2019-09-16 19:01:42,297 [pool-57-thread-1] INFO  server.RaftServerConfigKeys (ConfUtils.java:logGet(43)) - raft.server.log.segment.cache.num.max = 2 (custom)
2019-09-16 19:01:42,297 [pool-57-thread-1] INFO  segmented.SegmentedRaftLogWorker (SegmentedRaftLogWorker.java:<init>(172)) - new 68be27f3-88a4-44cc-b247-f49ac3f20aed@group-10B540CF4FF4-SegmentedRaftLogWorker for RaftStorage:Storage Directory /workdir/hadoop-ozone/integration-test/target/test-dir/MiniOzoneClusterImpl-fcd79d99-0155-4261-ae9e-1e388112ecdd/datanode-3/data/ratis/8e9d45d9-60a5-4e9b-a9c1-10b540cf4ff4
2019-09-16 19:01:42,305 [pool-57-thread-1] INFO  server.RaftServerConfigKeys (ConfUtils.java:logGet(43)) - raft.server.log.queue.byte-limit = 2147483647 (custom)
2019-09-16 19:01:42,305 [pool-57-thread-1] INFO  server.RaftServerConfigKeys (ConfUtils.java:logGet(43)) - raft.server.log.queue.element-limit = 1024 (custom)
2019-09-16 19:01:42,306 [pool-57-thread-1] INFO  server.RaftServerConfigKeys (ConfUtils.java:logGet(43)) - raft.server.log.segment.size.max = 1048576 (custom)
2019-09-16 19:01:42,306 [pool-57-thread-1] INFO  server.RaftServerConfigKeys (ConfUtils.java:logGet(43)) - raft.server.log.preallocated.size = 16384 (custom)
2019-09-16 19:01:42,306 [pool-57-thread-1] INFO  server.RaftServerConfigKeys (ConfUtils.java:logGet(43)) - raft.server.log.write.buffer.size = 33554432 (custom)
2019-09-16 19:01:42,306 [pool-57-thread-1] INFO  server.RaftServerConfigKeys (ConfUtils.java:logGet(43)) - raft.server.log.force.sync.num = 128 (default)
2019-09-16 19:01:42,306 [pool-57-thread-1] INFO  server.RaftServerConfigKeys (ConfUtils.java:logGet(43)) - raft.server.log.statemachine.data.sync = true (default)
2019-09-16 19:01:42,307 [pool-57-thread-1] INFO  server.RaftServerConfigKeys (ConfUtils.java:logGet(43)) - raft.server.log.statemachine.data.sync.timeout = 10s (default)
2019-09-16 19:01:42,307 [pool-57-thread-1] INFO  server.RaftServerConfigKeys (ConfUtils.java:logGet(43)) - raft.server.log.statemachine.data.sync.timeout.retry = -1 (default)
2019-09-16 19:01:42,307 [pool-57-thread-1] INFO  server.RaftServerConfigKeys (ConfUtils.java:logGet(43)) - raft.server.log.statemachine.data.caching.enabled = true (custom)
2019-09-16 19:01:42,308 [pool-57-thread-1] INFO  segmented.SegmentedRaftLogWorker (SegmentedRaftLogWorker.java:lambda$new$0(132)) - 68be27f3-88a4-44cc-b247-f49ac3f20aed@group-10B540CF4FF4-SegmentedRaftLogWorker: flushIndex: setUnconditionally 0 -> -1
2019-09-16 19:01:42,308 [pool-57-thread-1] INFO  server.RaftServerConfigKeys (ConfUtils.java:logGet(43)) - raft.server.snapshot.auto.trigger.enabled = true (custom)
2019-09-16 19:01:42,309 [pool-57-thread-1] INFO  server.RaftServerConfigKeys (ConfUtils.java:logGet(43)) - raft.server.snapshot.auto.trigger.threshold = 10000 (custom)
2019-09-16 19:01:42,309 [pool-57-thread-1] INFO  server.RaftServerConfigKeys (ConfUtils.java:logGet(43)) - raft.server.snapshot.retention.num.files = -1 (default)
2019-09-16 19:01:42,309 [pool-57-thread-1] INFO  server.RaftServerConfigKeys (ConfUtils.java:logGet(43)) - raft.server.retrycache.expirytime = 600000ms (custom)
2019-09-16 19:01:42,316 [pool-57-thread-1] INFO  impl.RaftServerImpl (RaftServerImpl.java:start(185)) - 68be27f3-88a4-44cc-b247-f49ac3f20aed@group-10B540CF4FF4: start as a follower, conf=-1: [68be27f3-88a4-44cc-b247-f49ac3f20aed:192.168.34.56:44214], old=null
2019-09-16 19:01:42,316 [pool-57-thread-1] INFO  impl.RaftServerImpl (RaftServerImpl.java:setRole(174)) - 68be27f3-88a4-44cc-b247-f49ac3f20aed@group-10B540CF4FF4: changes role from      null to FOLLOWER at term 0 for startAsFollower
2019-09-16 19:01:42,316 [pool-57-thread-1] INFO  impl.RoleInfo (RoleInfo.java:updateAndGet(143)) - 68be27f3-88a4-44cc-b247-f49ac3f20aed: start FollowerState
2019-09-16 19:01:42,318 [pool-57-thread-1] INFO  util.JmxRegister (JmxRegister.java:tryRegister(44)) - Successfully registered JMX Bean with object name Ratis:service=RaftServer,group=group-10B540CF4FF4,id=68be27f3-88a4-44cc-b247-f49ac3f20aed
2019-09-16 19:01:42,329 [RatisPipelineUtilsThread] INFO  pipeline.PipelineStateManager (PipelineStateManager.java:addPipeline(56)) - Created pipeline Pipeline[ Id: 8e9d45d9-60a5-4e9b-a9c1-10b540cf4ff4, Nodes: 68be27f3-88a4-44cc-b247-f49ac3f20aed{ip: 192.168.34.56, host: pr-hdds-2111-hlhfn-3535364396, networkLocation: /default-rack, certSerialId: null}, Type:RATIS, Factor:ONE, State:OPEN]
2019-09-16 19:01:42,348 [grpc-default-executor-0] INFO  impl.RaftServerProxy (RaftServerProxy.java:addNew(89)) - 505f8c76-ced5-497a-8cb1-9cb8091dfd1a: addNew group-80348666F6A9:[505f8c76-ced5-497a-8cb1-9cb8091dfd1a:192.168.34.56:36291] returns group-80348666F6A9:java.util.concurrent.CompletableFuture@3a5528d6[Not completed]
2019-09-16 19:01:42,363 [pool-47-thread-1] INFO  impl.RaftServerImpl (RaftServerImpl.java:<init>(95)) - 505f8c76-ced5-497a-8cb1-9cb8091dfd1a: new RaftServerImpl for group-80348666F6A9:[505f8c76-ced5-497a-8cb1-9cb8091dfd1a:192.168.34.56:36291] with ContainerStateMachine:uninitialized
2019-09-16 19:01:42,363 [pool-47-thread-1] INFO  server.RaftServerConfigKeys (ConfUtils.java:logGet(43)) - raft.server.rpc.timeout.min = 5s (custom)
2019-09-16 19:01:42,364 [pool-47-thread-1] INFO  server.RaftServerConfigKeys (ConfUtils.java:logGet(43)) - raft.server.rpc.timeout.max = 5200ms (custom)
2019-09-16 19:01:42,364 [pool-47-thread-1] INFO  server.RaftServerConfigKeys (ConfUtils.java:logGet(43)) - raft.server.rpcslowness.timeout = 1000s (custom)
2019-09-16 19:01:42,364 [pool-47-thread-1] INFO  server.RaftServerConfigKeys (ConfUtils.java:logGet(43)) - raft.server.sleep.deviation.threshold = 300 (default)
2019-09-16 19:01:42,364 [pool-47-thread-1] INFO  server.RaftServerConfigKeys (ConfUtils.java:logGet(43)) - raft.server.log.appender.install.snapshot.enabled = false (custom)
2019-09-16 19:01:42,364 [pool-47-thread-1] INFO  impl.RaftServerImpl (ServerState.java:<init>(103)) - 505f8c76-ced5-497a-8cb1-9cb8091dfd1a@group-80348666F6A9: ConfigurationManager, init=-1: [505f8c76-ced5-497a-8cb1-9cb8091dfd1a:192.168.34.56:36291], old=null, confs=<EMPTY_MAP>
2019-09-16 19:01:42,365 [pool-47-thread-1] INFO  server.RaftServerConfigKeys (ConfUtils.java:logGet(43)) - raft.server.storage.dir = [/workdir/hadoop-ozone/integration-test/target/test-dir/MiniOzoneClusterImpl-fcd79d99-0155-4261-ae9e-1e388112ecdd/datanode-2/data/ratis] (custom)
2019-09-16 19:01:42,365 [pool-47-thread-1] INFO  storage.RaftStorageDirectory (RaftStorageDirectory.java:analyzeStorage(246)) - The storage directory /workdir/hadoop-ozone/integration-test/target/test-dir/MiniOzoneClusterImpl-fcd79d99-0155-4261-ae9e-1e388112ecdd/datanode-2/data/ratis/d211380c-ed82-48cd-9450-80348666f6a9 does not exist. Creating ...
2019-09-16 19:01:42,379 [pool-47-thread-1] INFO  storage.RaftStorageDirectory (RaftStorageDirectory.java:tryLock(328)) - Lock on /workdir/hadoop-ozone/integration-test/target/test-dir/MiniOzoneClusterImpl-fcd79d99-0155-4261-ae9e-1e388112ecdd/datanode-2/data/ratis/d211380c-ed82-48cd-9450-80348666f6a9/in_use.lock acquired by nodename 24049@pr-hdds-2111-hlhfn-3535364396
2019-09-16 19:01:42,392 [pool-47-thread-1] INFO  storage.RaftStorage (RaftStorage.java:format(72)) - Storage directory /workdir/hadoop-ozone/integration-test/target/test-dir/MiniOzoneClusterImpl-fcd79d99-0155-4261-ae9e-1e388112ecdd/datanode-2/data/ratis/d211380c-ed82-48cd-9450-80348666f6a9 has been successfully formatted.
2019-09-16 19:01:42,392 [pool-47-thread-1] INFO  ratis.ContainerStateMachine (ContainerStateMachine.java:loadSnapshot(230)) - group-80348666F6A9: The snapshot info is null. Setting the last applied indexto:(t:0, i:~)
2019-09-16 19:01:42,393 [pool-47-thread-1] INFO  server.RaftServerConfigKeys (ConfUtils.java:logGet(43)) - raft.server.notification.no-leader.timeout = 1000s (custom)
2019-09-16 19:01:42,393 [pool-47-thread-1] INFO  server.RaftServerConfigKeys (ConfUtils.java:logGet(43)) - raft.server.log.use.memory = false (default)
2019-09-16 19:01:42,393 [pool-47-thread-1] INFO  server.RaftServerConfigKeys (ConfUtils.java:logGet(43)) - raft.server.log.purge.gap = 1000000 (custom)
2019-09-16 19:01:42,394 [pool-47-thread-1] INFO  server.RaftServerConfigKeys (ConfUtils.java:logGet(43)) - raft.server.log.appender.buffer.byte-limit = 33554432 (custom)
2019-09-16 19:01:42,394 [pool-47-thread-1] INFO  server.RaftServerConfigKeys (ConfUtils.java:logGet(43)) - raft.server.log.segment.size.max = 1048576 (custom)
2019-09-16 19:01:42,394 [pool-47-thread-1] INFO  server.RaftServerConfigKeys (ConfUtils.java:logGet(43)) - raft.server.log.segment.cache.num.max = 2 (custom)
2019-09-16 19:01:42,394 [pool-47-thread-1] INFO  segmented.SegmentedRaftLogWorker (SegmentedRaftLogWorker.java:<init>(172)) - new 505f8c76-ced5-497a-8cb1-9cb8091dfd1a@group-80348666F6A9-SegmentedRaftLogWorker for RaftStorage:Storage Directory /workdir/hadoop-ozone/integration-test/target/test-dir/MiniOzoneClusterImpl-fcd79d99-0155-4261-ae9e-1e388112ecdd/datanode-2/data/ratis/d211380c-ed82-48cd-9450-80348666f6a9
2019-09-16 19:01:42,417 [pool-47-thread-1] INFO  server.RaftServerConfigKeys (ConfUtils.java:logGet(43)) - raft.server.log.queue.byte-limit = 2147483647 (custom)
2019-09-16 19:01:42,417 [pool-47-thread-1] INFO  server.RaftServerConfigKeys (ConfUtils.java:logGet(43)) - raft.server.log.queue.element-limit = 1024 (custom)
2019-09-16 19:01:42,418 [pool-47-thread-1] INFO  server.RaftServerConfigKeys (ConfUtils.java:logGet(43)) - raft.server.log.segment.size.max = 1048576 (custom)
2019-09-16 19:01:42,418 [pool-47-thread-1] INFO  server.RaftServerConfigKeys (ConfUtils.java:logGet(43)) - raft.server.log.preallocated.size = 16384 (custom)
2019-09-16 19:01:42,418 [pool-47-thread-1] INFO  server.RaftServerConfigKeys (ConfUtils.java:logGet(43)) - raft.server.log.write.buffer.size = 33554432 (custom)
2019-09-16 19:01:42,418 [pool-47-thread-1] INFO  server.RaftServerConfigKeys (ConfUtils.java:logGet(43)) - raft.server.log.force.sync.num = 128 (default)
2019-09-16 19:01:42,419 [pool-47-thread-1] INFO  server.RaftServerConfigKeys (ConfUtils.java:logGet(43)) - raft.server.log.statemachine.data.sync = true (default)
2019-09-16 19:01:42,419 [pool-47-thread-1] INFO  server.RaftServerConfigKeys (ConfUtils.java:logGet(43)) - raft.server.log.statemachine.data.sync.timeout = 10s (default)
2019-09-16 19:01:42,419 [pool-47-thread-1] INFO  server.RaftServerConfigKeys (ConfUtils.java:logGet(43)) - raft.server.log.statemachine.data.sync.timeout.retry = -1 (default)
2019-09-16 19:01:42,420 [pool-47-thread-1] INFO  server.RaftServerConfigKeys (ConfUtils.java:logGet(43)) - raft.server.log.statemachine.data.caching.enabled = true (custom)
2019-09-16 19:01:42,420 [pool-47-thread-1] INFO  segmented.SegmentedRaftLogWorker (SegmentedRaftLogWorker.java:lambda$new$0(132)) - 505f8c76-ced5-497a-8cb1-9cb8091dfd1a@group-80348666F6A9-SegmentedRaftLogWorker: flushIndex: setUnconditionally 0 -> -1
2019-09-16 19:01:42,420 [pool-47-thread-1] INFO  server.RaftServerConfigKeys (ConfUtils.java:logGet(43)) - raft.server.snapshot.auto.trigger.enabled = true (custom)
2019-09-16 19:01:42,421 [pool-47-thread-1] INFO  server.RaftServerConfigKeys (ConfUtils.java:logGet(43)) - raft.server.snapshot.auto.trigger.threshold = 10000 (custom)
2019-09-16 19:01:42,421 [pool-47-thread-1] INFO  server.RaftServerConfigKeys (ConfUtils.java:logGet(43)) - raft.server.snapshot.retention.num.files = -1 (default)
2019-09-16 19:01:42,421 [pool-47-thread-1] INFO  server.RaftServerConfigKeys (ConfUtils.java:logGet(43)) - raft.server.retrycache.expirytime = 600000ms (custom)
2019-09-16 19:01:42,426 [pool-47-thread-1] INFO  impl.RaftServerImpl (RaftServerImpl.java:start(185)) - 505f8c76-ced5-497a-8cb1-9cb8091dfd1a@group-80348666F6A9: start as a follower, conf=-1: [505f8c76-ced5-497a-8cb1-9cb8091dfd1a:192.168.34.56:36291], old=null
2019-09-16 19:01:42,427 [pool-47-thread-1] INFO  impl.RaftServerImpl (RaftServerImpl.java:setRole(174)) - 505f8c76-ced5-497a-8cb1-9cb8091dfd1a@group-80348666F6A9: changes role from      null to FOLLOWER at term 0 for startAsFollower
2019-09-16 19:01:42,427 [pool-47-thread-1] INFO  impl.RoleInfo (RoleInfo.java:updateAndGet(143)) - 505f8c76-ced5-497a-8cb1-9cb8091dfd1a: start FollowerState
2019-09-16 19:01:42,427 [pool-47-thread-1] INFO  util.JmxRegister (JmxRegister.java:tryRegister(44)) - Successfully registered JMX Bean with object name Ratis:service=RaftServer,group=group-80348666F6A9,id=505f8c76-ced5-497a-8cb1-9cb8091dfd1a
2019-09-16 19:01:42,436 [RatisPipelineUtilsThread] INFO  pipeline.PipelineStateManager (PipelineStateManager.java:addPipeline(56)) - Created pipeline Pipeline[ Id: d211380c-ed82-48cd-9450-80348666f6a9, Nodes: 505f8c76-ced5-497a-8cb1-9cb8091dfd1a{ip: 192.168.34.56, host: pr-hdds-2111-hlhfn-3535364396, networkLocation: /default-rack, certSerialId: null}, Type:RATIS, Factor:ONE, State:OPEN]
2019-09-16 19:01:42,450 [grpc-default-executor-0] INFO  impl.RaftServerProxy (RaftServerProxy.java:addNew(89)) - 44528711-e6a2-4593-afed-4c2b8e24069d: addNew group-18146060BB99:[44528711-e6a2-4593-afed-4c2b8e24069d:192.168.34.56:43334] returns group-18146060BB99:java.util.concurrent.CompletableFuture@612ed48d[Not completed]
2019-09-16 19:01:42,452 [pool-37-thread-1] INFO  impl.RaftServerImpl (RaftServerImpl.java:<init>(95)) - 44528711-e6a2-4593-afed-4c2b8e24069d: new RaftServerImpl for group-18146060BB99:[44528711-e6a2-4593-afed-4c2b8e24069d:192.168.34.56:43334] with ContainerStateMachine:uninitialized
2019-09-16 19:01:42,453 [pool-37-thread-1] INFO  server.RaftServerConfigKeys (ConfUtils.java:logGet(43)) - raft.server.rpc.timeout.min = 5s (custom)
2019-09-16 19:01:42,453 [pool-37-thread-1] INFO  server.RaftServerConfigKeys (ConfUtils.java:logGet(43)) - raft.server.rpc.timeout.max = 5200ms (custom)
2019-09-16 19:01:42,453 [pool-37-thread-1] INFO  server.RaftServerConfigKeys (ConfUtils.java:logGet(43)) - raft.server.rpcslowness.timeout = 1000s (custom)
2019-09-16 19:01:42,453 [pool-37-thread-1] INFO  server.RaftServerConfigKeys (ConfUtils.java:logGet(43)) - raft.server.sleep.deviation.threshold = 300 (default)
2019-09-16 19:01:42,454 [pool-37-thread-1] INFO  server.RaftServerConfigKeys (ConfUtils.java:logGet(43)) - raft.server.log.appender.install.snapshot.enabled = false (custom)
2019-09-16 19:01:42,454 [pool-37-thread-1] INFO  impl.RaftServerImpl (ServerState.java:<init>(103)) - 44528711-e6a2-4593-afed-4c2b8e24069d@group-18146060BB99: ConfigurationManager, init=-1: [44528711-e6a2-4593-afed-4c2b8e24069d:192.168.34.56:43334], old=null, confs=<EMPTY_MAP>
2019-09-16 19:01:42,454 [pool-37-thread-1] INFO  server.RaftServerConfigKeys (ConfUtils.java:logGet(43)) - raft.server.storage.dir = [/workdir/hadoop-ozone/integration-test/target/test-dir/MiniOzoneClusterImpl-fcd79d99-0155-4261-ae9e-1e388112ecdd/datanode-1/data/ratis] (custom)
2019-09-16 19:01:42,454 [pool-37-thread-1] INFO  storage.RaftStorageDirectory (RaftStorageDirectory.java:analyzeStorage(246)) - The storage directory /workdir/hadoop-ozone/integration-test/target/test-dir/MiniOzoneClusterImpl-fcd79d99-0155-4261-ae9e-1e388112ecdd/datanode-1/data/ratis/7a8d7df1-67d2-4458-94fe-18146060bb99 does not exist. Creating ...
2019-09-16 19:01:42,467 [pool-37-thread-1] INFO  storage.RaftStorageDirectory (RaftStorageDirectory.java:tryLock(328)) - Lock on /workdir/hadoop-ozone/integration-test/target/test-dir/MiniOzoneClusterImpl-fcd79d99-0155-4261-ae9e-1e388112ecdd/datanode-1/data/ratis/7a8d7df1-67d2-4458-94fe-18146060bb99/in_use.lock acquired by nodename 24049@pr-hdds-2111-hlhfn-3535364396
2019-09-16 19:01:42,480 [pool-37-thread-1] INFO  storage.RaftStorage (RaftStorage.java:format(72)) - Storage directory /workdir/hadoop-ozone/integration-test/target/test-dir/MiniOzoneClusterImpl-fcd79d99-0155-4261-ae9e-1e388112ecdd/datanode-1/data/ratis/7a8d7df1-67d2-4458-94fe-18146060bb99 has been successfully formatted.
2019-09-16 19:01:42,480 [pool-37-thread-1] INFO  ratis.ContainerStateMachine (ContainerStateMachine.java:loadSnapshot(230)) - group-18146060BB99: The snapshot info is null. Setting the last applied indexto:(t:0, i:~)
2019-09-16 19:01:42,480 [pool-37-thread-1] INFO  server.RaftServerConfigKeys (ConfUtils.java:logGet(43)) - raft.server.notification.no-leader.timeout = 1000s (custom)
2019-09-16 19:01:42,481 [pool-37-thread-1] INFO  server.RaftServerConfigKeys (ConfUtils.java:logGet(43)) - raft.server.log.use.memory = false (default)
2019-09-16 19:01:42,481 [pool-37-thread-1] INFO  server.RaftServerConfigKeys (ConfUtils.java:logGet(43)) - raft.server.log.purge.gap = 1000000 (custom)
2019-09-16 19:01:42,481 [pool-37-thread-1] INFO  server.RaftServerConfigKeys (ConfUtils.java:logGet(43)) - raft.server.log.appender.buffer.byte-limit = 33554432 (custom)
2019-09-16 19:01:42,481 [pool-37-thread-1] INFO  server.RaftServerConfigKeys (ConfUtils.java:logGet(43)) - raft.server.log.segment.size.max = 1048576 (custom)
2019-09-16 19:01:42,481 [pool-37-thread-1] INFO  server.RaftServerConfigKeys (ConfUtils.java:logGet(43)) - raft.server.log.segment.cache.num.max = 2 (custom)
2019-09-16 19:01:42,481 [pool-37-thread-1] INFO  segmented.SegmentedRaftLogWorker (SegmentedRaftLogWorker.java:<init>(172)) - new 44528711-e6a2-4593-afed-4c2b8e24069d@group-18146060BB99-SegmentedRaftLogWorker for RaftStorage:Storage Directory /workdir/hadoop-ozone/integration-test/target/test-dir/MiniOzoneClusterImpl-fcd79d99-0155-4261-ae9e-1e388112ecdd/datanode-1/data/ratis/7a8d7df1-67d2-4458-94fe-18146060bb99
2019-09-16 19:01:42,486 [pool-37-thread-1] INFO  server.RaftServerConfigKeys (ConfUtils.java:logGet(43)) - raft.server.log.queue.byte-limit = 2147483647 (custom)
2019-09-16 19:01:42,486 [pool-37-thread-1] INFO  server.RaftServerConfigKeys (ConfUtils.java:logGet(43)) - raft.server.log.queue.element-limit = 1024 (custom)
2019-09-16 19:01:42,486 [pool-37-thread-1] INFO  server.RaftServerConfigKeys (ConfUtils.java:logGet(43)) - raft.server.log.segment.size.max = 1048576 (custom)
2019-09-16 19:01:42,487 [pool-37-thread-1] INFO  server.RaftServerConfigKeys (ConfUtils.java:logGet(43)) - raft.server.log.preallocated.size = 16384 (custom)
2019-09-16 19:01:42,487 [pool-37-thread-1] INFO  server.RaftServerConfigKeys (ConfUtils.java:logGet(43)) - raft.server.log.write.buffer.size = 33554432 (custom)
2019-09-16 19:01:42,487 [pool-37-thread-1] INFO  server.RaftServerConfigKeys (ConfUtils.java:logGet(43)) - raft.server.log.force.sync.num = 128 (default)
2019-09-16 19:01:42,487 [pool-37-thread-1] INFO  server.RaftServerConfigKeys (ConfUtils.java:logGet(43)) - raft.server.log.statemachine.data.sync = true (default)
2019-09-16 19:01:42,487 [pool-37-thread-1] INFO  server.RaftServerConfigKeys (ConfUtils.java:logGet(43)) - raft.server.log.statemachine.data.sync.timeout = 10s (default)
2019-09-16 19:01:42,487 [pool-37-thread-1] INFO  server.RaftServerConfigKeys (ConfUtils.java:logGet(43)) - raft.server.log.statemachine.data.sync.timeout.retry = -1 (default)
2019-09-16 19:01:42,488 [pool-37-thread-1] INFO  server.RaftServerConfigKeys (ConfUtils.java:logGet(43)) - raft.server.log.statemachine.data.caching.enabled = true (custom)
2019-09-16 19:01:42,488 [pool-37-thread-1] INFO  segmented.SegmentedRaftLogWorker (SegmentedRaftLogWorker.java:lambda$new$0(132)) - 44528711-e6a2-4593-afed-4c2b8e24069d@group-18146060BB99-SegmentedRaftLogWorker: flushIndex: setUnconditionally 0 -> -1
2019-09-16 19:01:42,488 [pool-37-thread-1] INFO  server.RaftServerConfigKeys (ConfUtils.java:logGet(43)) - raft.server.snapshot.auto.trigger.enabled = true (custom)
2019-09-16 19:01:42,489 [pool-37-thread-1] INFO  server.RaftServerConfigKeys (ConfUtils.java:logGet(43)) - raft.server.snapshot.auto.trigger.threshold = 10000 (custom)
2019-09-16 19:01:42,489 [pool-37-thread-1] INFO  server.RaftServerConfigKeys (ConfUtils.java:logGet(43)) - raft.server.snapshot.retention.num.files = -1 (default)
2019-09-16 19:01:42,489 [pool-37-thread-1] INFO  server.RaftServerConfigKeys (ConfUtils.java:logGet(43)) - raft.server.retrycache.expirytime = 600000ms (custom)
2019-09-16 19:01:42,493 [pool-37-thread-1] INFO  impl.RaftServerImpl (RaftServerImpl.java:start(185)) - 44528711-e6a2-4593-afed-4c2b8e24069d@group-18146060BB99: start as a follower, conf=-1: [44528711-e6a2-4593-afed-4c2b8e24069d:192.168.34.56:43334], old=null
2019-09-16 19:01:42,494 [pool-37-thread-1] INFO  impl.RaftServerImpl (RaftServerImpl.java:setRole(174)) - 44528711-e6a2-4593-afed-4c2b8e24069d@group-18146060BB99: changes role from      null to FOLLOWER at term 0 for startAsFollower
2019-09-16 19:01:42,494 [pool-37-thread-1] INFO  impl.RoleInfo (RoleInfo.java:updateAndGet(143)) - 44528711-e6a2-4593-afed-4c2b8e24069d: start FollowerState
2019-09-16 19:01:42,494 [pool-37-thread-1] INFO  util.JmxRegister (JmxRegister.java:tryRegister(44)) - Successfully registered JMX Bean with object name Ratis:service=RaftServer,group=group-18146060BB99,id=44528711-e6a2-4593-afed-4c2b8e24069d
2019-09-16 19:01:42,509 [RatisPipelineUtilsThread] INFO  pipeline.PipelineStateManager (PipelineStateManager.java:addPipeline(56)) - Created pipeline Pipeline[ Id: 7a8d7df1-67d2-4458-94fe-18146060bb99, Nodes: 44528711-e6a2-4593-afed-4c2b8e24069d{ip: 192.168.34.56, host: pr-hdds-2111-hlhfn-3535364396, networkLocation: /default-rack, certSerialId: null}, Type:RATIS, Factor:ONE, State:OPEN]
2019-09-16 19:01:42,554 [grpc-default-executor-2] INFO  impl.RaftServerProxy (RaftServerProxy.java:addNew(89)) - 68be27f3-88a4-44cc-b247-f49ac3f20aed: addNew group-2AD450EB18A6:[68be27f3-88a4-44cc-b247-f49ac3f20aed:192.168.34.56:44214, 505f8c76-ced5-497a-8cb1-9cb8091dfd1a:192.168.34.56:36291, 5b218fb7-e3eb-43f7-8349-cdd73bd26c4f:192.168.34.56:37046] returns group-2AD450EB18A6:java.util.concurrent.CompletableFuture@52057af8[Not completed]
2019-09-16 19:01:42,554 [grpc-default-executor-1] INFO  impl.RaftServerProxy (RaftServerProxy.java:addNew(89)) - 5b218fb7-e3eb-43f7-8349-cdd73bd26c4f: addNew group-2AD450EB18A6:[68be27f3-88a4-44cc-b247-f49ac3f20aed:192.168.34.56:44214, 505f8c76-ced5-497a-8cb1-9cb8091dfd1a:192.168.34.56:36291, 5b218fb7-e3eb-43f7-8349-cdd73bd26c4f:192.168.34.56:37046] returns group-2AD450EB18A6:java.util.concurrent.CompletableFuture@7c98fc9f[Not completed]
2019-09-16 19:01:42,556 [grpc-default-executor-2] INFO  impl.RaftServerProxy (RaftServerProxy.java:addNew(89)) - 505f8c76-ced5-497a-8cb1-9cb8091dfd1a: addNew group-2AD450EB18A6:[68be27f3-88a4-44cc-b247-f49ac3f20aed:192.168.34.56:44214, 505f8c76-ced5-497a-8cb1-9cb8091dfd1a:192.168.34.56:36291, 5b218fb7-e3eb-43f7-8349-cdd73bd26c4f:192.168.34.56:37046] returns group-2AD450EB18A6:java.util.concurrent.CompletableFuture@2746dce5[Not completed]
2019-09-16 19:01:42,556 [pool-27-thread-1] INFO  impl.RaftServerImpl (RaftServerImpl.java:<init>(95)) - 5b218fb7-e3eb-43f7-8349-cdd73bd26c4f: new RaftServerImpl for group-2AD450EB18A6:[68be27f3-88a4-44cc-b247-f49ac3f20aed:192.168.34.56:44214, 505f8c76-ced5-497a-8cb1-9cb8091dfd1a:192.168.34.56:36291, 5b218fb7-e3eb-43f7-8349-cdd73bd26c4f:192.168.34.56:37046] with ContainerStateMachine:uninitialized
2019-09-16 19:01:42,557 [pool-27-thread-1] INFO  server.RaftServerConfigKeys (ConfUtils.java:logGet(43)) - raft.server.rpc.timeout.min = 5s (custom)
2019-09-16 19:01:42,557 [pool-27-thread-1] INFO  server.RaftServerConfigKeys (ConfUtils.java:logGet(43)) - raft.server.rpc.timeout.max = 5200ms (custom)
2019-09-16 19:01:42,557 [pool-27-thread-1] INFO  server.RaftServerConfigKeys (ConfUtils.java:logGet(43)) - raft.server.rpcslowness.timeout = 1000s (custom)
2019-09-16 19:01:42,557 [pool-27-thread-1] INFO  server.RaftServerConfigKeys (ConfUtils.java:logGet(43)) - raft.server.sleep.deviation.threshold = 300 (default)
2019-09-16 19:01:42,557 [pool-27-thread-1] INFO  server.RaftServerConfigKeys (ConfUtils.java:logGet(43)) - raft.server.log.appender.install.snapshot.enabled = false (custom)
2019-09-16 19:01:42,557 [pool-27-thread-1] INFO  impl.RaftServerImpl (ServerState.java:<init>(103)) - 5b218fb7-e3eb-43f7-8349-cdd73bd26c4f@group-2AD450EB18A6: ConfigurationManager, init=-1: [68be27f3-88a4-44cc-b247-f49ac3f20aed:192.168.34.56:44214, 505f8c76-ced5-497a-8cb1-9cb8091dfd1a:192.168.34.56:36291, 5b218fb7-e3eb-43f7-8349-cdd73bd26c4f:192.168.34.56:37046], old=null, confs=<EMPTY_MAP>
2019-09-16 19:01:42,558 [pool-27-thread-1] INFO  server.RaftServerConfigKeys (ConfUtils.java:logGet(43)) - raft.server.storage.dir = [/workdir/hadoop-ozone/integration-test/target/test-dir/MiniOzoneClusterImpl-fcd79d99-0155-4261-ae9e-1e388112ecdd/datanode-0/data/ratis] (custom)
2019-09-16 19:01:42,558 [pool-47-thread-1] INFO  impl.RaftServerImpl (RaftServerImpl.java:<init>(95)) - 505f8c76-ced5-497a-8cb1-9cb8091dfd1a: new RaftServerImpl for group-2AD450EB18A6:[68be27f3-88a4-44cc-b247-f49ac3f20aed:192.168.34.56:44214, 505f8c76-ced5-497a-8cb1-9cb8091dfd1a:192.168.34.56:36291, 5b218fb7-e3eb-43f7-8349-cdd73bd26c4f:192.168.34.56:37046] with ContainerStateMachine:uninitialized
2019-09-16 19:01:42,558 [pool-47-thread-1] INFO  server.RaftServerConfigKeys (ConfUtils.java:logGet(43)) - raft.server.rpc.timeout.min = 5s (custom)
2019-09-16 19:01:42,558 [pool-27-thread-1] INFO  storage.RaftStorageDirectory (RaftStorageDirectory.java:analyzeStorage(246)) - The storage directory /workdir/hadoop-ozone/integration-test/target/test-dir/MiniOzoneClusterImpl-fcd79d99-0155-4261-ae9e-1e388112ecdd/datanode-0/data/ratis/bdfb17ac-e9c3-444a-8491-2ad450eb18a6 does not exist. Creating ...
2019-09-16 19:01:42,558 [pool-47-thread-1] INFO  server.RaftServerConfigKeys (ConfUtils.java:logGet(43)) - raft.server.rpc.timeout.max = 5200ms (custom)
2019-09-16 19:01:42,558 [pool-47-thread-1] INFO  server.RaftServerConfigKeys (ConfUtils.java:logGet(43)) - raft.server.rpcslowness.timeout = 1000s (custom)
2019-09-16 19:01:42,558 [pool-47-thread-1] INFO  server.RaftServerConfigKeys (ConfUtils.java:logGet(43)) - raft.server.sleep.deviation.threshold = 300 (default)
2019-09-16 19:01:42,558 [pool-57-thread-1] INFO  impl.RaftServerImpl (RaftServerImpl.java:<init>(95)) - 68be27f3-88a4-44cc-b247-f49ac3f20aed: new RaftServerImpl for group-2AD450EB18A6:[68be27f3-88a4-44cc-b247-f49ac3f20aed:192.168.34.56:44214, 505f8c76-ced5-497a-8cb1-9cb8091dfd1a:192.168.34.56:36291, 5b218fb7-e3eb-43f7-8349-cdd73bd26c4f:192.168.34.56:37046] with ContainerStateMachine:uninitialized
2019-09-16 19:01:42,559 [pool-47-thread-1] INFO  server.RaftServerConfigKeys (ConfUtils.java:logGet(43)) - raft.server.log.appender.install.snapshot.enabled = false (custom)
2019-09-16 19:01:42,559 [pool-57-thread-1] INFO  server.RaftServerConfigKeys (ConfUtils.java:logGet(43)) - raft.server.rpc.timeout.min = 5s (custom)
2019-09-16 19:01:42,559 [pool-47-thread-1] INFO  impl.RaftServerImpl (ServerState.java:<init>(103)) - 505f8c76-ced5-497a-8cb1-9cb8091dfd1a@group-2AD450EB18A6: ConfigurationManager, init=-1: [68be27f3-88a4-44cc-b247-f49ac3f20aed:192.168.34.56:44214, 505f8c76-ced5-497a-8cb1-9cb8091dfd1a:192.168.34.56:36291, 5b218fb7-e3eb-43f7-8349-cdd73bd26c4f:192.168.34.56:37046], old=null, confs=<EMPTY_MAP>
2019-09-16 19:01:42,559 [pool-57-thread-1] INFO  server.RaftServerConfigKeys (ConfUtils.java:logGet(43)) - raft.server.rpc.timeout.max = 5200ms (custom)
2019-09-16 19:01:42,559 [pool-47-thread-1] INFO  server.RaftServerConfigKeys (ConfUtils.java:logGet(43)) - raft.server.storage.dir = [/workdir/hadoop-ozone/integration-test/target/test-dir/MiniOzoneClusterImpl-fcd79d99-0155-4261-ae9e-1e388112ecdd/datanode-2/data/ratis] (custom)
2019-09-16 19:01:42,559 [pool-57-thread-1] INFO  server.RaftServerConfigKeys (ConfUtils.java:logGet(43)) - raft.server.rpcslowness.timeout = 1000s (custom)
2019-09-16 19:01:42,559 [pool-57-thread-1] INFO  server.RaftServerConfigKeys (ConfUtils.java:logGet(43)) - raft.server.sleep.deviation.threshold = 300 (default)
2019-09-16 19:01:42,559 [pool-47-thread-1] INFO  storage.RaftStorageDirectory (RaftStorageDirectory.java:analyzeStorage(246)) - The storage directory /workdir/hadoop-ozone/integration-test/target/test-dir/MiniOzoneClusterImpl-fcd79d99-0155-4261-ae9e-1e388112ecdd/datanode-2/data/ratis/bdfb17ac-e9c3-444a-8491-2ad450eb18a6 does not exist. Creating ...
2019-09-16 19:01:42,559 [pool-57-thread-1] INFO  server.RaftServerConfigKeys (ConfUtils.java:logGet(43)) - raft.server.log.appender.install.snapshot.enabled = false (custom)
2019-09-16 19:01:42,560 [pool-57-thread-1] INFO  impl.RaftServerImpl (ServerState.java:<init>(103)) - 68be27f3-88a4-44cc-b247-f49ac3f20aed@group-2AD450EB18A6: ConfigurationManager, init=-1: [68be27f3-88a4-44cc-b247-f49ac3f20aed:192.168.34.56:44214, 505f8c76-ced5-497a-8cb1-9cb8091dfd1a:192.168.34.56:36291, 5b218fb7-e3eb-43f7-8349-cdd73bd26c4f:192.168.34.56:37046], old=null, confs=<EMPTY_MAP>
2019-09-16 19:01:42,560 [pool-57-thread-1] INFO  server.RaftServerConfigKeys (ConfUtils.java:logGet(43)) - raft.server.storage.dir = [/workdir/hadoop-ozone/integration-test/target/test-dir/MiniOzoneClusterImpl-fcd79d99-0155-4261-ae9e-1e388112ecdd/datanode-3/data/ratis] (custom)
2019-09-16 19:01:42,560 [pool-57-thread-1] INFO  storage.RaftStorageDirectory (RaftStorageDirectory.java:analyzeStorage(246)) - The storage directory /workdir/hadoop-ozone/integration-test/target/test-dir/MiniOzoneClusterImpl-fcd79d99-0155-4261-ae9e-1e388112ecdd/datanode-3/data/ratis/bdfb17ac-e9c3-444a-8491-2ad450eb18a6 does not exist. Creating ...
2019-09-16 19:01:42,579 [pool-57-thread-1] INFO  storage.RaftStorageDirectory (RaftStorageDirectory.java:tryLock(328)) - Lock on /workdir/hadoop-ozone/integration-test/target/test-dir/MiniOzoneClusterImpl-fcd79d99-0155-4261-ae9e-1e388112ecdd/datanode-3/data/ratis/bdfb17ac-e9c3-444a-8491-2ad450eb18a6/in_use.lock acquired by nodename 24049@pr-hdds-2111-hlhfn-3535364396
2019-09-16 19:01:42,579 [pool-27-thread-1] INFO  storage.RaftStorageDirectory (RaftStorageDirectory.java:tryLock(328)) - Lock on /workdir/hadoop-ozone/integration-test/target/test-dir/MiniOzoneClusterImpl-fcd79d99-0155-4261-ae9e-1e388112ecdd/datanode-0/data/ratis/bdfb17ac-e9c3-444a-8491-2ad450eb18a6/in_use.lock acquired by nodename 24049@pr-hdds-2111-hlhfn-3535364396
2019-09-16 19:01:42,579 [pool-47-thread-1] INFO  storage.RaftStorageDirectory (RaftStorageDirectory.java:tryLock(328)) - Lock on /workdir/hadoop-ozone/integration-test/target/test-dir/MiniOzoneClusterImpl-fcd79d99-0155-4261-ae9e-1e388112ecdd/datanode-2/data/ratis/bdfb17ac-e9c3-444a-8491-2ad450eb18a6/in_use.lock acquired by nodename 24049@pr-hdds-2111-hlhfn-3535364396
2019-09-16 19:01:42,593 [pool-47-thread-1] INFO  storage.RaftStorage (RaftStorage.java:format(72)) - Storage directory /workdir/hadoop-ozone/integration-test/target/test-dir/MiniOzoneClusterImpl-fcd79d99-0155-4261-ae9e-1e388112ecdd/datanode-2/data/ratis/bdfb17ac-e9c3-444a-8491-2ad450eb18a6 has been successfully formatted.
2019-09-16 19:01:42,593 [pool-27-thread-1] INFO  storage.RaftStorage (RaftStorage.java:format(72)) - Storage directory /workdir/hadoop-ozone/integration-test/target/test-dir/MiniOzoneClusterImpl-fcd79d99-0155-4261-ae9e-1e388112ecdd/datanode-0/data/ratis/bdfb17ac-e9c3-444a-8491-2ad450eb18a6 has been successfully formatted.
2019-09-16 19:01:42,593 [pool-57-thread-1] INFO  storage.RaftStorage (RaftStorage.java:format(72)) - Storage directory /workdir/hadoop-ozone/integration-test/target/test-dir/MiniOzoneClusterImpl-fcd79d99-0155-4261-ae9e-1e388112ecdd/datanode-3/data/ratis/bdfb17ac-e9c3-444a-8491-2ad450eb18a6 has been successfully formatted.
2019-09-16 19:01:42,593 [pool-47-thread-1] INFO  ratis.ContainerStateMachine (ContainerStateMachine.java:loadSnapshot(230)) - group-2AD450EB18A6: The snapshot info is null. Setting the last applied indexto:(t:0, i:~)
2019-09-16 19:01:42,594 [pool-57-thread-1] INFO  ratis.ContainerStateMachine (ContainerStateMachine.java:loadSnapshot(230)) - group-2AD450EB18A6: The snapshot info is null. Setting the last applied indexto:(t:0, i:~)
2019-09-16 19:01:42,594 [pool-27-thread-1] INFO  ratis.ContainerStateMachine (ContainerStateMachine.java:loadSnapshot(230)) - group-2AD450EB18A6: The snapshot info is null. Setting the last applied indexto:(t:0, i:~)
2019-09-16 19:01:42,594 [pool-57-thread-1] INFO  server.RaftServerConfigKeys (ConfUtils.java:logGet(43)) - raft.server.notification.no-leader.timeout = 1000s (custom)
2019-09-16 19:01:42,594 [pool-47-thread-1] INFO  server.RaftServerConfigKeys (ConfUtils.java:logGet(43)) - raft.server.notification.no-leader.timeout = 1000s (custom)
2019-09-16 19:01:42,594 [pool-57-thread-1] INFO  server.RaftServerConfigKeys (ConfUtils.java:logGet(43)) - raft.server.log.use.memory = false (default)
2019-09-16 19:01:42,594 [pool-27-thread-1] INFO  server.RaftServerConfigKeys (ConfUtils.java:logGet(43)) - raft.server.notification.no-leader.timeout = 1000s (custom)
2019-09-16 19:01:42,594 [pool-57-thread-1] INFO  server.RaftServerConfigKeys (ConfUtils.java:logGet(43)) - raft.server.log.purge.gap = 1000000 (custom)
2019-09-16 19:01:42,594 [pool-47-thread-1] INFO  server.RaftServerConfigKeys (ConfUtils.java:logGet(43)) - raft.server.log.use.memory = false (default)
2019-09-16 19:01:42,594 [pool-57-thread-1] INFO  server.RaftServerConfigKeys (ConfUtils.java:logGet(43)) - raft.server.log.appender.buffer.byte-limit = 33554432 (custom)
2019-09-16 19:01:42,594 [pool-27-thread-1] INFO  server.RaftServerConfigKeys (ConfUtils.java:logGet(43)) - raft.server.log.use.memory = false (default)
2019-09-16 19:01:42,595 [pool-57-thread-1] INFO  server.RaftServerConfigKeys (ConfUtils.java:logGet(43)) - raft.server.log.segment.size.max = 1048576 (custom)
2019-09-16 19:01:42,595 [pool-47-thread-1] INFO  server.RaftServerConfigKeys (ConfUtils.java:logGet(43)) - raft.server.log.purge.gap = 1000000 (custom)
2019-09-16 19:01:42,595 [pool-57-thread-1] INFO  server.RaftServerConfigKeys (ConfUtils.java:logGet(43)) - raft.server.log.segment.cache.num.max = 2 (custom)
2019-09-16 19:01:42,595 [pool-27-thread-1] INFO  server.RaftServerConfigKeys (ConfUtils.java:logGet(43)) - raft.server.log.purge.gap = 1000000 (custom)
2019-09-16 19:01:42,595 [pool-57-thread-1] INFO  segmented.SegmentedRaftLogWorker (SegmentedRaftLogWorker.java:<init>(172)) - new 68be27f3-88a4-44cc-b247-f49ac3f20aed@group-2AD450EB18A6-SegmentedRaftLogWorker for RaftStorage:Storage Directory /workdir/hadoop-ozone/integration-test/target/test-dir/MiniOzoneClusterImpl-fcd79d99-0155-4261-ae9e-1e388112ecdd/datanode-3/data/ratis/bdfb17ac-e9c3-444a-8491-2ad450eb18a6
2019-09-16 19:01:42,595 [pool-47-thread-1] INFO  server.RaftServerConfigKeys (ConfUtils.java:logGet(43)) - raft.server.log.appender.buffer.byte-limit = 33554432 (custom)
2019-09-16 19:01:42,595 [pool-57-thread-1] INFO  server.RaftServerConfigKeys (ConfUtils.java:logGet(43)) - raft.server.log.queue.byte-limit = 2147483647 (custom)
2019-09-16 19:01:42,595 [pool-27-thread-1] INFO  server.RaftServerConfigKeys (ConfUtils.java:logGet(43)) - raft.server.log.appender.buffer.byte-limit = 33554432 (custom)
2019-09-16 19:01:42,595 [pool-57-thread-1] INFO  server.RaftServerConfigKeys (ConfUtils.java:logGet(43)) - raft.server.log.queue.element-limit = 1024 (custom)
2019-09-16 19:01:42,595 [pool-47-thread-1] INFO  server.RaftServerConfigKeys (ConfUtils.java:logGet(43)) - raft.server.log.segment.size.max = 1048576 (custom)
2019-09-16 19:01:42,596 [pool-57-thread-1] INFO  server.RaftServerConfigKeys (ConfUtils.java:logGet(43)) - raft.server.log.segment.size.max = 1048576 (custom)
2019-09-16 19:01:42,596 [pool-27-thread-1] INFO  server.RaftServerConfigKeys (ConfUtils.java:logGet(43)) - raft.server.log.segment.size.max = 1048576 (custom)
2019-09-16 19:01:42,596 [pool-57-thread-1] INFO  server.RaftServerConfigKeys (ConfUtils.java:logGet(43)) - raft.server.log.preallocated.size = 16384 (custom)
2019-09-16 19:01:42,596 [pool-47-thread-1] INFO  server.RaftServerConfigKeys (ConfUtils.java:logGet(43)) - raft.server.log.segment.cache.num.max = 2 (custom)
2019-09-16 19:01:42,596 [pool-57-thread-1] INFO  server.RaftServerConfigKeys (ConfUtils.java:logGet(43)) - raft.server.log.write.buffer.size = 33554432 (custom)
2019-09-16 19:01:42,596 [pool-27-thread-1] INFO  server.RaftServerConfigKeys (ConfUtils.java:logGet(43)) - raft.server.log.segment.cache.num.max = 2 (custom)
2019-09-16 19:01:42,596 [pool-57-thread-1] INFO  server.RaftServerConfigKeys (ConfUtils.java:logGet(43)) - raft.server.log.force.sync.num = 128 (default)
2019-09-16 19:01:42,596 [pool-47-thread-1] INFO  segmented.SegmentedRaftLogWorker (SegmentedRaftLogWorker.java:<init>(172)) - new 505f8c76-ced5-497a-8cb1-9cb8091dfd1a@group-2AD450EB18A6-SegmentedRaftLogWorker for RaftStorage:Storage Directory /workdir/hadoop-ozone/integration-test/target/test-dir/MiniOzoneClusterImpl-fcd79d99-0155-4261-ae9e-1e388112ecdd/datanode-2/data/ratis/bdfb17ac-e9c3-444a-8491-2ad450eb18a6
2019-09-16 19:01:42,597 [pool-57-thread-1] INFO  server.RaftServerConfigKeys (ConfUtils.java:logGet(43)) - raft.server.log.statemachine.data.sync = true (default)
2019-09-16 19:01:42,596 [pool-27-thread-1] INFO  segmented.SegmentedRaftLogWorker (SegmentedRaftLogWorker.java:<init>(172)) - new 5b218fb7-e3eb-43f7-8349-cdd73bd26c4f@group-2AD450EB18A6-SegmentedRaftLogWorker for RaftStorage:Storage Directory /workdir/hadoop-ozone/integration-test/target/test-dir/MiniOzoneClusterImpl-fcd79d99-0155-4261-ae9e-1e388112ecdd/datanode-0/data/ratis/bdfb17ac-e9c3-444a-8491-2ad450eb18a6
2019-09-16 19:01:42,597 [pool-57-thread-1] INFO  server.RaftServerConfigKeys (ConfUtils.java:logGet(43)) - raft.server.log.statemachine.data.sync.timeout = 10s (default)
2019-09-16 19:01:42,597 [pool-47-thread-1] INFO  server.RaftServerConfigKeys (ConfUtils.java:logGet(43)) - raft.server.log.queue.byte-limit = 2147483647 (custom)
2019-09-16 19:01:42,597 [pool-57-thread-1] INFO  server.RaftServerConfigKeys (ConfUtils.java:logGet(43)) - raft.server.log.statemachine.data.sync.timeout.retry = -1 (default)
2019-09-16 19:01:42,597 [pool-27-thread-1] INFO  server.RaftServerConfigKeys (ConfUtils.java:logGet(43)) - raft.server.log.queue.byte-limit = 2147483647 (custom)
2019-09-16 19:01:42,597 [pool-57-thread-1] INFO  server.RaftServerConfigKeys (ConfUtils.java:logGet(43)) - raft.server.log.statemachine.data.caching.enabled = true (custom)
2019-09-16 19:01:42,597 [pool-47-thread-1] INFO  server.RaftServerConfigKeys (ConfUtils.java:logGet(43)) - raft.server.log.queue.element-limit = 1024 (custom)
2019-09-16 19:01:42,597 [pool-27-thread-1] INFO  server.RaftServerConfigKeys (ConfUtils.java:logGet(43)) - raft.server.log.queue.element-limit = 1024 (custom)
2019-09-16 19:01:42,598 [pool-47-thread-1] INFO  server.RaftServerConfigKeys (ConfUtils.java:logGet(43)) - raft.server.log.segment.size.max = 1048576 (custom)
2019-09-16 19:01:42,598 [pool-57-thread-1] INFO  segmented.SegmentedRaftLogWorker (SegmentedRaftLogWorker.java:lambda$new$0(132)) - 68be27f3-88a4-44cc-b247-f49ac3f20aed@group-2AD450EB18A6-SegmentedRaftLogWorker: flushIndex: setUnconditionally 0 -> -1
2019-09-16 19:01:42,598 [pool-47-thread-1] INFO  server.RaftServerConfigKeys (ConfUtils.java:logGet(43)) - raft.server.log.preallocated.size = 16384 (custom)
2019-09-16 19:01:42,598 [pool-27-thread-1] INFO  server.RaftServerConfigKeys (ConfUtils.java:logGet(43)) - raft.server.log.segment.size.max = 1048576 (custom)
2019-09-16 19:01:42,598 [pool-57-thread-1] INFO  server.RaftServerConfigKeys (ConfUtils.java:logGet(43)) - raft.server.snapshot.auto.trigger.enabled = true (custom)
2019-09-16 19:01:42,598 [pool-47-thread-1] INFO  server.RaftServerConfigKeys (ConfUtils.java:logGet(43)) - raft.server.log.write.buffer.size = 33554432 (custom)
2019-09-16 19:01:42,598 [pool-57-thread-1] INFO  server.RaftServerConfigKeys (ConfUtils.java:logGet(43)) - raft.server.snapshot.auto.trigger.threshold = 10000 (custom)
2019-09-16 19:01:42,598 [pool-27-thread-1] INFO  server.RaftServerConfigKeys (ConfUtils.java:logGet(43)) - raft.server.log.preallocated.size = 16384 (custom)
2019-09-16 19:01:42,599 [pool-57-thread-1] INFO  server.RaftServerConfigKeys (ConfUtils.java:logGet(43)) - raft.server.snapshot.retention.num.files = -1 (default)
2019-09-16 19:01:42,598 [pool-47-thread-1] INFO  server.RaftServerConfigKeys (ConfUtils.java:logGet(43)) - raft.server.log.force.sync.num = 128 (default)
2019-09-16 19:01:42,599 [pool-57-thread-1] INFO  server.RaftServerConfigKeys (ConfUtils.java:logGet(43)) - raft.server.retrycache.expirytime = 600000ms (custom)
2019-09-16 19:01:42,599 [pool-27-thread-1] INFO  server.RaftServerConfigKeys (ConfUtils.java:logGet(43)) - raft.server.log.write.buffer.size = 33554432 (custom)
2019-09-16 19:01:42,599 [pool-47-thread-1] INFO  server.RaftServerConfigKeys (ConfUtils.java:logGet(43)) - raft.server.log.statemachine.data.sync = true (default)
2019-09-16 19:01:42,599 [pool-27-thread-1] INFO  server.RaftServerConfigKeys (ConfUtils.java:logGet(43)) - raft.server.log.force.sync.num = 128 (default)
2019-09-16 19:01:42,599 [main] INFO  ozone.MiniOzoneClusterImpl (MiniOzoneClusterImpl.java:lambda$waitForClusterToBeReady$0(140)) - Cluster is ready. Got 4 of 4 DN Heartbeats.
2019-09-16 19:01:42,599 [pool-27-thread-1] INFO  server.RaftServerConfigKeys (ConfUtils.java:logGet(43)) - raft.server.log.statemachine.data.sync = true (default)
2019-09-16 19:01:42,599 [pool-47-thread-1] INFO  server.RaftServerConfigKeys (ConfUtils.java:logGet(43)) - raft.server.log.statemachine.data.sync.timeout = 10s (default)
2019-09-16 19:01:42,600 [pool-27-thread-1] INFO  server.RaftServerConfigKeys (ConfUtils.java:logGet(43)) - raft.server.log.statemachine.data.sync.timeout = 10s (default)
2019-09-16 19:01:42,600 [pool-47-thread-1] INFO  server.RaftServerConfigKeys (ConfUtils.java:logGet(43)) - raft.server.log.statemachine.data.sync.timeout.retry = -1 (default)
2019-09-16 19:01:42,600 [pool-27-thread-1] INFO  server.RaftServerConfigKeys (ConfUtils.java:logGet(43)) - raft.server.log.statemachine.data.sync.timeout.retry = -1 (default)
2019-09-16 19:01:42,600 [pool-47-thread-1] INFO  server.RaftServerConfigKeys (ConfUtils.java:logGet(43)) - raft.server.log.statemachine.data.caching.enabled = true (custom)
2019-09-16 19:01:42,600 [pool-27-thread-1] INFO  server.RaftServerConfigKeys (ConfUtils.java:logGet(43)) - raft.server.log.statemachine.data.caching.enabled = true (custom)
2019-09-16 19:01:42,600 [pool-47-thread-1] INFO  segmented.SegmentedRaftLogWorker (SegmentedRaftLogWorker.java:lambda$new$0(132)) - 505f8c76-ced5-497a-8cb1-9cb8091dfd1a@group-2AD450EB18A6-SegmentedRaftLogWorker: flushIndex: setUnconditionally 0 -> -1
2019-09-16 19:01:42,600 [pool-27-thread-1] INFO  segmented.SegmentedRaftLogWorker (SegmentedRaftLogWorker.java:lambda$new$0(132)) - 5b218fb7-e3eb-43f7-8349-cdd73bd26c4f@group-2AD450EB18A6-SegmentedRaftLogWorker: flushIndex: setUnconditionally 0 -> -1
2019-09-16 19:01:42,601 [pool-47-thread-1] INFO  server.RaftServerConfigKeys (ConfUtils.java:logGet(43)) - raft.server.snapshot.auto.trigger.enabled = true (custom)
2019-09-16 19:01:42,601 [pool-47-thread-1] INFO  server.RaftServerConfigKeys (ConfUtils.java:logGet(43)) - raft.server.snapshot.auto.trigger.threshold = 10000 (custom)
2019-09-16 19:01:42,601 [pool-27-thread-1] INFO  server.RaftServerConfigKeys (ConfUtils.java:logGet(43)) - raft.server.snapshot.auto.trigger.enabled = true (custom)
2019-09-16 19:01:42,601 [pool-47-thread-1] INFO  server.RaftServerConfigKeys (ConfUtils.java:logGet(43)) - raft.server.snapshot.retention.num.files = -1 (default)
2019-09-16 19:01:42,601 [pool-27-thread-1] INFO  server.RaftServerConfigKeys (ConfUtils.java:logGet(43)) - raft.server.snapshot.auto.trigger.threshold = 10000 (custom)
2019-09-16 19:01:42,601 [pool-47-thread-1] INFO  server.RaftServerConfigKeys (ConfUtils.java:logGet(43)) - raft.server.retrycache.expirytime = 600000ms (custom)
2019-09-16 19:01:42,601 [pool-27-thread-1] INFO  server.RaftServerConfigKeys (ConfUtils.java:logGet(43)) - raft.server.snapshot.retention.num.files = -1 (default)
2019-09-16 19:01:42,601 [pool-27-thread-1] INFO  server.RaftServerConfigKeys (ConfUtils.java:logGet(43)) - raft.server.retrycache.expirytime = 600000ms (custom)
2019-09-16 19:01:42,602 [pool-57-thread-1] INFO  impl.RaftServerImpl (RaftServerImpl.java:start(185)) - 68be27f3-88a4-44cc-b247-f49ac3f20aed@group-2AD450EB18A6: start as a follower, conf=-1: [68be27f3-88a4-44cc-b247-f49ac3f20aed:192.168.34.56:44214, 505f8c76-ced5-497a-8cb1-9cb8091dfd1a:192.168.34.56:36291, 5b218fb7-e3eb-43f7-8349-cdd73bd26c4f:192.168.34.56:37046], old=null
2019-09-16 19:01:42,602 [pool-57-thread-1] INFO  impl.RaftServerImpl (RaftServerImpl.java:setRole(174)) - 68be27f3-88a4-44cc-b247-f49ac3f20aed@group-2AD450EB18A6: changes role from      null to FOLLOWER at term 0 for startAsFollower
2019-09-16 19:01:42,602 [pool-57-thread-1] INFO  impl.RoleInfo (RoleInfo.java:updateAndGet(143)) - 68be27f3-88a4-44cc-b247-f49ac3f20aed: start FollowerState
2019-09-16 19:01:42,602 [main] INFO  container.ReplicationManager (ReplicationManager.java:start(162)) - Starting Replication Monitor Thread.
2019-09-16 19:01:42,602 [pool-57-thread-1] INFO  util.JmxRegister (JmxRegister.java:tryRegister(44)) - Successfully registered JMX Bean with object name Ratis:service=RaftServer,group=group-2AD450EB18A6,id=68be27f3-88a4-44cc-b247-f49ac3f20aed
2019-09-16 19:01:42,604 [ReplicationMonitor] INFO  container.ReplicationManager (ReplicationManager.java:run(225)) - Replication Monitor Thread took 0 milliseconds for processing 0 containers.
2019-09-16 19:01:42,613 [pool-27-thread-1] INFO  impl.RaftServerImpl (RaftServerImpl.java:start(185)) - 5b218fb7-e3eb-43f7-8349-cdd73bd26c4f@group-2AD450EB18A6: start as a follower, conf=-1: [68be27f3-88a4-44cc-b247-f49ac3f20aed:192.168.34.56:44214, 505f8c76-ced5-497a-8cb1-9cb8091dfd1a:192.168.34.56:36291, 5b218fb7-e3eb-43f7-8349-cdd73bd26c4f:192.168.34.56:37046], old=null
2019-09-16 19:01:42,613 [pool-27-thread-1] INFO  impl.RaftServerImpl (RaftServerImpl.java:setRole(174)) - 5b218fb7-e3eb-43f7-8349-cdd73bd26c4f@group-2AD450EB18A6: changes role from      null to FOLLOWER at term 0 for startAsFollower
2019-09-16 19:01:42,613 [pool-27-thread-1] INFO  impl.RoleInfo (RoleInfo.java:updateAndGet(143)) - 5b218fb7-e3eb-43f7-8349-cdd73bd26c4f: start FollowerState
2019-09-16 19:01:42,613 [pool-47-thread-1] INFO  impl.RaftServerImpl (RaftServerImpl.java:start(185)) - 505f8c76-ced5-497a-8cb1-9cb8091dfd1a@group-2AD450EB18A6: start as a follower, conf=-1: [68be27f3-88a4-44cc-b247-f49ac3f20aed:192.168.34.56:44214, 505f8c76-ced5-497a-8cb1-9cb8091dfd1a:192.168.34.56:36291, 5b218fb7-e3eb-43f7-8349-cdd73bd26c4f:192.168.34.56:37046], old=null
2019-09-16 19:01:42,613 [pool-27-thread-1] INFO  util.JmxRegister (JmxRegister.java:tryRegister(44)) - Successfully registered JMX Bean with object name Ratis:service=RaftServer,group=group-2AD450EB18A6,id=5b218fb7-e3eb-43f7-8349-cdd73bd26c4f
2019-09-16 19:01:42,613 [pool-47-thread-1] INFO  impl.RaftServerImpl (RaftServerImpl.java:setRole(174)) - 505f8c76-ced5-497a-8cb1-9cb8091dfd1a@group-2AD450EB18A6: changes role from      null to FOLLOWER at term 0 for startAsFollower
2019-09-16 19:01:42,614 [pool-47-thread-1] INFO  impl.RoleInfo (RoleInfo.java:updateAndGet(143)) - 505f8c76-ced5-497a-8cb1-9cb8091dfd1a: start FollowerState
2019-09-16 19:01:42,614 [pool-47-thread-1] INFO  util.JmxRegister (JmxRegister.java:tryRegister(44)) - Successfully registered JMX Bean with object name Ratis:service=RaftServer,group=group-2AD450EB18A6,id=505f8c76-ced5-497a-8cb1-9cb8091dfd1a
2019-09-16 19:01:42,629 [RatisPipelineUtilsThread] INFO  pipeline.PipelineStateManager (PipelineStateManager.java:addPipeline(56)) - Created pipeline Pipeline[ Id: bdfb17ac-e9c3-444a-8491-2ad450eb18a6, Nodes: 68be27f3-88a4-44cc-b247-f49ac3f20aed{ip: 192.168.34.56, host: pr-hdds-2111-hlhfn-3535364396, networkLocation: /default-rack, certSerialId: null}505f8c76-ced5-497a-8cb1-9cb8091dfd1a{ip: 192.168.34.56, host: pr-hdds-2111-hlhfn-3535364396, networkLocation: /default-rack, certSerialId: null}5b218fb7-e3eb-43f7-8349-cdd73bd26c4f{ip: 192.168.34.56, host: pr-hdds-2111-hlhfn-3535364396, networkLocation: /default-rack, certSerialId: null}, Type:RATIS, Factor:THREE, State:OPEN]
2019-09-16 19:01:43,068 [main] INFO  rpc.RpcClient (RpcClient.java:createVolume(301)) - Creating Volume: testcontainerstatemachinefailures, with jenkins1000 as owner.
2019-09-16 19:01:43,159 [IPC Server handler 2 on 45351] INFO  volume.OMVolumeCreateRequest (OMVolumeCreateRequest.java:validateAndUpdateCache(189)) - created volume:testcontainerstatemachinefailures for user:jenkins1000
2019-09-16 19:01:43,207 [main] INFO  rpc.RpcClient (RpcClient.java:createBucket(440)) - Creating Bucket: testcontainerstatemachinefailures/testcontainerstatemachinefailures, with Versioning false and Storage Type set to DISK and Encryption set to false 
2019-09-16 19:01:43,558 [EventQueue-StaleNodeForStaleNodeHandler] INFO  node.StaleNodeHandler (StaleNodeHandler.java:onMessage(58)) - Datanode 505f8c76-ced5-497a-8cb1-9cb8091dfd1a{ip: 192.168.34.56, host: pr-hdds-2111-hlhfn-3535364396, networkLocation: /default-rack, certSerialId: null} moved to stale state. Finalizing its pipelines [PipelineID=bdfb17ac-e9c3-444a-8491-2ad450eb18a6, PipelineID=d211380c-ed82-48cd-9450-80348666f6a9]
2019-09-16 19:01:43,559 [EventQueue-StaleNodeForStaleNodeHandler] INFO  pipeline.SCMPipelineManager (SCMPipelineManager.java:finalizeAndDestroyPipeline(311)) - destroying pipeline:Pipeline[ Id: bdfb17ac-e9c3-444a-8491-2ad450eb18a6, Nodes: 68be27f3-88a4-44cc-b247-f49ac3f20aed{ip: 192.168.34.56, host: pr-hdds-2111-hlhfn-3535364396, networkLocation: /default-rack, certSerialId: null}505f8c76-ced5-497a-8cb1-9cb8091dfd1a{ip: 192.168.34.56, host: pr-hdds-2111-hlhfn-3535364396, networkLocation: /default-rack, certSerialId: null}5b218fb7-e3eb-43f7-8349-cdd73bd26c4f{ip: 192.168.34.56, host: pr-hdds-2111-hlhfn-3535364396, networkLocation: /default-rack, certSerialId: null}, Type:RATIS, Factor:THREE, State:OPEN]
2019-09-16 19:01:43,560 [EventQueue-StaleNodeForStaleNodeHandler] INFO  pipeline.PipelineStateManager (PipelineStateManager.java:finalizePipeline(123)) - Pipeline Pipeline[ Id: bdfb17ac-e9c3-444a-8491-2ad450eb18a6, Nodes: 68be27f3-88a4-44cc-b247-f49ac3f20aed{ip: 192.168.34.56, host: pr-hdds-2111-hlhfn-3535364396, networkLocation: /default-rack, certSerialId: null}505f8c76-ced5-497a-8cb1-9cb8091dfd1a{ip: 192.168.34.56, host: pr-hdds-2111-hlhfn-3535364396, networkLocation: /default-rack, certSerialId: null}5b218fb7-e3eb-43f7-8349-cdd73bd26c4f{ip: 192.168.34.56, host: pr-hdds-2111-hlhfn-3535364396, networkLocation: /default-rack, certSerialId: null}, Type:RATIS, Factor:THREE, State:CLOSED] moved to CLOSED state
2019-09-16 19:01:43,560 [EventQueue-CloseContainerForCloseContainerEventHandler] INFO  container.CloseContainerEventHandler (CloseContainerEventHandler.java:onMessage(61)) - Close container Event triggered for container : #1
2019-09-16 19:01:43,588 [EventQueue-StaleNodeForStaleNodeHandler] INFO  pipeline.SCMPipelineManager (SCMPipelineManager.java:finalizeAndDestroyPipeline(311)) - destroying pipeline:Pipeline[ Id: d211380c-ed82-48cd-9450-80348666f6a9, Nodes: 505f8c76-ced5-497a-8cb1-9cb8091dfd1a{ip: 192.168.34.56, host: pr-hdds-2111-hlhfn-3535364396, networkLocation: /default-rack, certSerialId: null}, Type:RATIS, Factor:ONE, State:OPEN]
2019-09-16 19:01:43,590 [EventQueue-StaleNodeForStaleNodeHandler] INFO  pipeline.PipelineStateManager (PipelineStateManager.java:finalizePipeline(123)) - Pipeline Pipeline[ Id: d211380c-ed82-48cd-9450-80348666f6a9, Nodes: 505f8c76-ced5-497a-8cb1-9cb8091dfd1a{ip: 192.168.34.56, host: pr-hdds-2111-hlhfn-3535364396, networkLocation: /default-rack, certSerialId: null}, Type:RATIS, Factor:ONE, State:CLOSED] moved to CLOSED state
2019-09-16 19:01:43,591 [EventQueue-StaleNodeForStaleNodeHandler] INFO  node.StaleNodeHandler (StaleNodeHandler.java:onMessage(58)) - Datanode 5b218fb7-e3eb-43f7-8349-cdd73bd26c4f{ip: 192.168.34.56, host: pr-hdds-2111-hlhfn-3535364396, networkLocation: /default-rack, certSerialId: null} moved to stale state. Finalizing its pipelines [PipelineID=af53e534-607a-4948-ba3e-d989f1650db6, PipelineID=bdfb17ac-e9c3-444a-8491-2ad450eb18a6]
2019-09-16 19:01:43,591 [EventQueue-StaleNodeForStaleNodeHandler] INFO  pipeline.SCMPipelineManager (SCMPipelineManager.java:finalizeAndDestroyPipeline(311)) - destroying pipeline:Pipeline[ Id: af53e534-607a-4948-ba3e-d989f1650db6, Nodes: 5b218fb7-e3eb-43f7-8349-cdd73bd26c4f{ip: 192.168.34.56, host: pr-hdds-2111-hlhfn-3535364396, networkLocation: /default-rack, certSerialId: null}, Type:RATIS, Factor:ONE, State:OPEN]
2019-09-16 19:01:43,591 [EventQueue-StaleNodeForStaleNodeHandler] INFO  pipeline.PipelineStateManager (PipelineStateManager.java:finalizePipeline(123)) - Pipeline Pipeline[ Id: af53e534-607a-4948-ba3e-d989f1650db6, Nodes: 5b218fb7-e3eb-43f7-8349-cdd73bd26c4f{ip: 192.168.34.56, host: pr-hdds-2111-hlhfn-3535364396, networkLocation: /default-rack, certSerialId: null}, Type:RATIS, Factor:ONE, State:CLOSED] moved to CLOSED state
2019-09-16 19:01:43,591 [EventQueue-StaleNodeForStaleNodeHandler] INFO  pipeline.SCMPipelineManager (SCMPipelineManager.java:finalizeAndDestroyPipeline(311)) - destroying pipeline:Pipeline[ Id: bdfb17ac-e9c3-444a-8491-2ad450eb18a6, Nodes: 68be27f3-88a4-44cc-b247-f49ac3f20aed{ip: 192.168.34.56, host: pr-hdds-2111-hlhfn-3535364396, networkLocation: /default-rack, certSerialId: null}505f8c76-ced5-497a-8cb1-9cb8091dfd1a{ip: 192.168.34.56, host: pr-hdds-2111-hlhfn-3535364396, networkLocation: /default-rack, certSerialId: null}5b218fb7-e3eb-43f7-8349-cdd73bd26c4f{ip: 192.168.34.56, host: pr-hdds-2111-hlhfn-3535364396, networkLocation: /default-rack, certSerialId: null}, Type:RATIS, Factor:THREE, State:CLOSED]
2019-09-16 19:01:43,592 [EventQueue-StaleNodeForStaleNodeHandler] INFO  node.StaleNodeHandler (StaleNodeHandler.java:onMessage(58)) - Datanode 44528711-e6a2-4593-afed-4c2b8e24069d{ip: 192.168.34.56, host: pr-hdds-2111-hlhfn-3535364396, networkLocation: /default-rack, certSerialId: null} moved to stale state. Finalizing its pipelines [PipelineID=7a8d7df1-67d2-4458-94fe-18146060bb99]
2019-09-16 19:01:43,592 [EventQueue-StaleNodeForStaleNodeHandler] INFO  pipeline.SCMPipelineManager (SCMPipelineManager.java:finalizeAndDestroyPipeline(311)) - destroying pipeline:Pipeline[ Id: 7a8d7df1-67d2-4458-94fe-18146060bb99, Nodes: 44528711-e6a2-4593-afed-4c2b8e24069d{ip: 192.168.34.56, host: pr-hdds-2111-hlhfn-3535364396, networkLocation: /default-rack, certSerialId: null}, Type:RATIS, Factor:ONE, State:OPEN]
2019-09-16 19:01:43,592 [EventQueue-StaleNodeForStaleNodeHandler] INFO  pipeline.PipelineStateManager (PipelineStateManager.java:finalizePipeline(123)) - Pipeline Pipeline[ Id: 7a8d7df1-67d2-4458-94fe-18146060bb99, Nodes: 44528711-e6a2-4593-afed-4c2b8e24069d{ip: 192.168.34.56, host: pr-hdds-2111-hlhfn-3535364396, networkLocation: /default-rack, certSerialId: null}, Type:RATIS, Factor:ONE, State:CLOSED] moved to CLOSED state
2019-09-16 19:01:43,629 [main] INFO  impl.MetricsSystemImpl (MetricsSystemImpl.java:init(158)) - XceiverClientMetrics metrics system started (again)
2019-09-16 19:01:43,675 [grpc-default-executor-2] INFO  impl.RaftServerProxy (RaftServerProxy.java:addNew(89)) - 505f8c76-ced5-497a-8cb1-9cb8091dfd1a: addNew group-0CA1669EDE86:[505f8c76-ced5-497a-8cb1-9cb8091dfd1a:192.168.34.56:36291] returns group-0CA1669EDE86:java.util.concurrent.CompletableFuture@5ff1f5af[Not completed]
2019-09-16 19:01:43,677 [pool-47-thread-1] INFO  impl.RaftServerImpl (RaftServerImpl.java:<init>(95)) - 505f8c76-ced5-497a-8cb1-9cb8091dfd1a: new RaftServerImpl for group-0CA1669EDE86:[505f8c76-ced5-497a-8cb1-9cb8091dfd1a:192.168.34.56:36291] with ContainerStateMachine:uninitialized
2019-09-16 19:01:43,677 [pool-47-thread-1] INFO  server.RaftServerConfigKeys (ConfUtils.java:logGet(43)) - raft.server.rpc.timeout.min = 5s (custom)
2019-09-16 19:01:43,677 [pool-47-thread-1] INFO  server.RaftServerConfigKeys (ConfUtils.java:logGet(43)) - raft.server.rpc.timeout.max = 5200ms (custom)
2019-09-16 19:01:43,678 [pool-47-thread-1] INFO  server.RaftServerConfigKeys (ConfUtils.java:logGet(43)) - raft.server.rpcslowness.timeout = 1000s (custom)
2019-09-16 19:01:43,678 [pool-47-thread-1] INFO  server.RaftServerConfigKeys (ConfUtils.java:logGet(43)) - raft.server.sleep.deviation.threshold = 300 (default)
2019-09-16 19:01:43,678 [pool-47-thread-1] INFO  server.RaftServerConfigKeys (ConfUtils.java:logGet(43)) - raft.server.log.appender.install.snapshot.enabled = false (custom)
2019-09-16 19:01:43,678 [pool-47-thread-1] INFO  impl.RaftServerImpl (ServerState.java:<init>(103)) - 505f8c76-ced5-497a-8cb1-9cb8091dfd1a@group-0CA1669EDE86: ConfigurationManager, init=-1: [505f8c76-ced5-497a-8cb1-9cb8091dfd1a:192.168.34.56:36291], old=null, confs=<EMPTY_MAP>
2019-09-16 19:01:43,678 [pool-47-thread-1] INFO  server.RaftServerConfigKeys (ConfUtils.java:logGet(43)) - raft.server.storage.dir = [/workdir/hadoop-ozone/integration-test/target/test-dir/MiniOzoneClusterImpl-fcd79d99-0155-4261-ae9e-1e388112ecdd/datanode-2/data/ratis] (custom)
2019-09-16 19:01:43,679 [pool-47-thread-1] INFO  storage.RaftStorageDirectory (RaftStorageDirectory.java:analyzeStorage(246)) - The storage directory /workdir/hadoop-ozone/integration-test/target/test-dir/MiniOzoneClusterImpl-fcd79d99-0155-4261-ae9e-1e388112ecdd/datanode-2/data/ratis/1fc4b66d-58d2-445f-96ad-0ca1669ede86 does not exist. Creating ...
2019-09-16 19:01:43,692 [pool-47-thread-1] INFO  storage.RaftStorageDirectory (RaftStorageDirectory.java:tryLock(328)) - Lock on /workdir/hadoop-ozone/integration-test/target/test-dir/MiniOzoneClusterImpl-fcd79d99-0155-4261-ae9e-1e388112ecdd/datanode-2/data/ratis/1fc4b66d-58d2-445f-96ad-0ca1669ede86/in_use.lock acquired by nodename 24049@pr-hdds-2111-hlhfn-3535364396
2019-09-16 19:01:43,707 [pool-47-thread-1] INFO  storage.RaftStorage (RaftStorage.java:format(72)) - Storage directory /workdir/hadoop-ozone/integration-test/target/test-dir/MiniOzoneClusterImpl-fcd79d99-0155-4261-ae9e-1e388112ecdd/datanode-2/data/ratis/1fc4b66d-58d2-445f-96ad-0ca1669ede86 has been successfully formatted.
2019-09-16 19:01:43,708 [pool-47-thread-1] INFO  ratis.ContainerStateMachine (ContainerStateMachine.java:loadSnapshot(230)) - group-0CA1669EDE86: The snapshot info is null. Setting the last applied indexto:(t:0, i:~)
2019-09-16 19:01:43,708 [pool-47-thread-1] INFO  server.RaftServerConfigKeys (ConfUtils.java:logGet(43)) - raft.server.notification.no-leader.timeout = 1000s (custom)
2019-09-16 19:01:43,708 [pool-47-thread-1] INFO  server.RaftServerConfigKeys (ConfUtils.java:logGet(43)) - raft.server.log.use.memory = false (default)
2019-09-16 19:01:43,708 [pool-47-thread-1] INFO  server.RaftServerConfigKeys (ConfUtils.java:logGet(43)) - raft.server.log.purge.gap = 1000000 (custom)
2019-09-16 19:01:43,709 [pool-47-thread-1] INFO  server.RaftServerConfigKeys (ConfUtils.java:logGet(43)) - raft.server.log.appender.buffer.byte-limit = 33554432 (custom)
2019-09-16 19:01:43,709 [pool-47-thread-1] INFO  server.RaftServerConfigKeys (ConfUtils.java:logGet(43)) - raft.server.log.segment.size.max = 1048576 (custom)
2019-09-16 19:01:43,709 [pool-47-thread-1] INFO  server.RaftServerConfigKeys (ConfUtils.java:logGet(43)) - raft.server.log.segment.cache.num.max = 2 (custom)
2019-09-16 19:01:43,709 [pool-47-thread-1] INFO  segmented.SegmentedRaftLogWorker (SegmentedRaftLogWorker.java:<init>(172)) - new 505f8c76-ced5-497a-8cb1-9cb8091dfd1a@group-0CA1669EDE86-SegmentedRaftLogWorker for RaftStorage:Storage Directory /workdir/hadoop-ozone/integration-test/target/test-dir/MiniOzoneClusterImpl-fcd79d99-0155-4261-ae9e-1e388112ecdd/datanode-2/data/ratis/1fc4b66d-58d2-445f-96ad-0ca1669ede86
2019-09-16 19:01:43,709 [pool-47-thread-1] INFO  server.RaftServerConfigKeys (ConfUtils.java:logGet(43)) - raft.server.log.queue.byte-limit = 2147483647 (custom)
2019-09-16 19:01:43,710 [pool-47-thread-1] INFO  server.RaftServerConfigKeys (ConfUtils.java:logGet(43)) - raft.server.log.queue.element-limit = 1024 (custom)
2019-09-16 19:01:43,711 [pool-47-thread-1] INFO  server.RaftServerConfigKeys (ConfUtils.java:logGet(43)) - raft.server.log.segment.size.max = 1048576 (custom)
2019-09-16 19:01:43,711 [pool-47-thread-1] INFO  server.RaftServerConfigKeys (ConfUtils.java:logGet(43)) - raft.server.log.preallocated.size = 16384 (custom)
2019-09-16 19:01:43,711 [pool-47-thread-1] INFO  server.RaftServerConfigKeys (ConfUtils.java:logGet(43)) - raft.server.log.write.buffer.size = 33554432 (custom)
2019-09-16 19:01:43,711 [pool-47-thread-1] INFO  server.RaftServerConfigKeys (ConfUtils.java:logGet(43)) - raft.server.log.force.sync.num = 128 (default)
2019-09-16 19:01:43,711 [pool-47-thread-1] INFO  server.RaftServerConfigKeys (ConfUtils.java:logGet(43)) - raft.server.log.statemachine.data.sync = true (default)
2019-09-16 19:01:43,711 [pool-47-thread-1] INFO  server.RaftServerConfigKeys (ConfUtils.java:logGet(43)) - raft.server.log.statemachine.data.sync.timeout = 10s (default)
2019-09-16 19:01:43,712 [pool-47-thread-1] INFO  server.RaftServerConfigKeys (ConfUtils.java:logGet(43)) - raft.server.log.statemachine.data.sync.timeout.retry = -1 (default)
2019-09-16 19:01:43,712 [pool-47-thread-1] INFO  server.RaftServerConfigKeys (ConfUtils.java:logGet(43)) - raft.server.log.statemachine.data.caching.enabled = true (custom)
2019-09-16 19:01:43,712 [pool-47-thread-1] INFO  segmented.SegmentedRaftLogWorker (SegmentedRaftLogWorker.java:lambda$new$0(132)) - 505f8c76-ced5-497a-8cb1-9cb8091dfd1a@group-0CA1669EDE86-SegmentedRaftLogWorker: flushIndex: setUnconditionally 0 -> -1
2019-09-16 19:01:43,713 [pool-47-thread-1] INFO  server.RaftServerConfigKeys (ConfUtils.java:logGet(43)) - raft.server.snapshot.auto.trigger.enabled = true (custom)
2019-09-16 19:01:43,713 [pool-47-thread-1] INFO  server.RaftServerConfigKeys (ConfUtils.java:logGet(43)) - raft.server.snapshot.auto.trigger.threshold = 10000 (custom)
2019-09-16 19:01:43,713 [pool-47-thread-1] INFO  server.RaftServerConfigKeys (ConfUtils.java:logGet(43)) - raft.server.snapshot.retention.num.files = -1 (default)
2019-09-16 19:01:43,713 [pool-47-thread-1] INFO  server.RaftServerConfigKeys (ConfUtils.java:logGet(43)) - raft.server.retrycache.expirytime = 600000ms (custom)
2019-09-16 19:01:43,718 [grpc-default-executor-2] INFO  client.GrpcClientProtocolClient (GrpcClientProtocolClient.java:onNext(264)) - client-31B89D9E4C3C->68be27f3-88a4-44cc-b247-f49ac3f20aed: receive RaftClientReply:client-31B89D9E4C3C->68be27f3-88a4-44cc-b247-f49ac3f20aed@group-2AD450EB18A6, cid=8, FAILED org.apache.ratis.protocol.NotLeaderException: Server 68be27f3-88a4-44cc-b247-f49ac3f20aed@group-2AD450EB18A6 is not the leader, logIndex=0, commits[68be27f3-88a4-44cc-b247-f49ac3f20aed:c-1]
2019-09-16 19:01:43,719 [pool-47-thread-1] INFO  impl.RaftServerImpl (RaftServerImpl.java:start(185)) - 505f8c76-ced5-497a-8cb1-9cb8091dfd1a@group-0CA1669EDE86: start as a follower, conf=-1: [505f8c76-ced5-497a-8cb1-9cb8091dfd1a:192.168.34.56:36291], old=null
2019-09-16 19:01:43,719 [pool-47-thread-1] INFO  impl.RaftServerImpl (RaftServerImpl.java:setRole(174)) - 505f8c76-ced5-497a-8cb1-9cb8091dfd1a@group-0CA1669EDE86: changes role from      null to FOLLOWER at term 0 for startAsFollower
2019-09-16 19:01:43,720 [pool-47-thread-1] INFO  impl.RoleInfo (RoleInfo.java:updateAndGet(143)) - 505f8c76-ced5-497a-8cb1-9cb8091dfd1a: start FollowerState
2019-09-16 19:01:43,720 [pool-47-thread-1] INFO  util.JmxRegister (JmxRegister.java:tryRegister(44)) - Successfully registered JMX Bean with object name Ratis:service=RaftServer,group=group-0CA1669EDE86,id=505f8c76-ced5-497a-8cb1-9cb8091dfd1a
2019-09-16 19:01:43,730 [RatisPipelineUtilsThread] INFO  pipeline.PipelineStateManager (PipelineStateManager.java:addPipeline(56)) - Created pipeline Pipeline[ Id: 1fc4b66d-58d2-445f-96ad-0ca1669ede86, Nodes: 505f8c76-ced5-497a-8cb1-9cb8091dfd1a{ip: 192.168.34.56, host: pr-hdds-2111-hlhfn-3535364396, networkLocation: /default-rack, certSerialId: null}, Type:RATIS, Factor:ONE, State:OPEN]
2019-09-16 19:01:43,748 [grpc-default-executor-1] INFO  impl.RaftServerProxy (RaftServerProxy.java:addNew(89)) - 5b218fb7-e3eb-43f7-8349-cdd73bd26c4f: addNew group-0D80382A370C:[5b218fb7-e3eb-43f7-8349-cdd73bd26c4f:192.168.34.56:37046] returns group-0D80382A370C:java.util.concurrent.CompletableFuture@4f88d668[Not completed]
2019-09-16 19:01:43,750 [pool-27-thread-1] INFO  impl.RaftServerImpl (RaftServerImpl.java:<init>(95)) - 5b218fb7-e3eb-43f7-8349-cdd73bd26c4f: new RaftServerImpl for group-0D80382A370C:[5b218fb7-e3eb-43f7-8349-cdd73bd26c4f:192.168.34.56:37046] with ContainerStateMachine:uninitialized
2019-09-16 19:01:43,750 [pool-27-thread-1] INFO  server.RaftServerConfigKeys (ConfUtils.java:logGet(43)) - raft.server.rpc.timeout.min = 5s (custom)
2019-09-16 19:01:43,750 [pool-27-thread-1] INFO  server.RaftServerConfigKeys (ConfUtils.java:logGet(43)) - raft.server.rpc.timeout.max = 5200ms (custom)
2019-09-16 19:01:43,750 [pool-27-thread-1] INFO  server.RaftServerConfigKeys (ConfUtils.java:logGet(43)) - raft.server.rpcslowness.timeout = 1000s (custom)
2019-09-16 19:01:43,750 [pool-27-thread-1] INFO  server.RaftServerConfigKeys (ConfUtils.java:logGet(43)) - raft.server.sleep.deviation.threshold = 300 (default)
2019-09-16 19:01:43,751 [pool-27-thread-1] INFO  server.RaftServerConfigKeys (ConfUtils.java:logGet(43)) - raft.server.log.appender.install.snapshot.enabled = false (custom)
2019-09-16 19:01:43,751 [pool-27-thread-1] INFO  impl.RaftServerImpl (ServerState.java:<init>(103)) - 5b218fb7-e3eb-43f7-8349-cdd73bd26c4f@group-0D80382A370C: ConfigurationManager, init=-1: [5b218fb7-e3eb-43f7-8349-cdd73bd26c4f:192.168.34.56:37046], old=null, confs=<EMPTY_MAP>
2019-09-16 19:01:43,751 [pool-27-thread-1] INFO  server.RaftServerConfigKeys (ConfUtils.java:logGet(43)) - raft.server.storage.dir = [/workdir/hadoop-ozone/integration-test/target/test-dir/MiniOzoneClusterImpl-fcd79d99-0155-4261-ae9e-1e388112ecdd/datanode-0/data/ratis] (custom)
2019-09-16 19:01:43,751 [pool-27-thread-1] INFO  storage.RaftStorageDirectory (RaftStorageDirectory.java:analyzeStorage(246)) - The storage directory /workdir/hadoop-ozone/integration-test/target/test-dir/MiniOzoneClusterImpl-fcd79d99-0155-4261-ae9e-1e388112ecdd/datanode-0/data/ratis/1599b322-e76f-480d-977d-0d80382a370c does not exist. Creating ...
2019-09-16 19:01:43,764 [pool-27-thread-1] INFO  storage.RaftStorageDirectory (RaftStorageDirectory.java:tryLock(328)) - Lock on /workdir/hadoop-ozone/integration-test/target/test-dir/MiniOzoneClusterImpl-fcd79d99-0155-4261-ae9e-1e388112ecdd/datanode-0/data/ratis/1599b322-e76f-480d-977d-0d80382a370c/in_use.lock acquired by nodename 24049@pr-hdds-2111-hlhfn-3535364396
2019-09-16 19:01:43,778 [pool-27-thread-1] INFO  storage.RaftStorage (RaftStorage.java:format(72)) - Storage directory /workdir/hadoop-ozone/integration-test/target/test-dir/MiniOzoneClusterImpl-fcd79d99-0155-4261-ae9e-1e388112ecdd/datanode-0/data/ratis/1599b322-e76f-480d-977d-0d80382a370c has been successfully formatted.
2019-09-16 19:01:43,778 [pool-27-thread-1] INFO  ratis.ContainerStateMachine (ContainerStateMachine.java:loadSnapshot(230)) - group-0D80382A370C: The snapshot info is null. Setting the last applied indexto:(t:0, i:~)
2019-09-16 19:01:43,778 [pool-27-thread-1] INFO  server.RaftServerConfigKeys (ConfUtils.java:logGet(43)) - raft.server.notification.no-leader.timeout = 1000s (custom)
2019-09-16 19:01:43,779 [pool-27-thread-1] INFO  server.RaftServerConfigKeys (ConfUtils.java:logGet(43)) - raft.server.log.use.memory = false (default)
2019-09-16 19:01:43,779 [pool-27-thread-1] INFO  server.RaftServerConfigKeys (ConfUtils.java:logGet(43)) - raft.server.log.purge.gap = 1000000 (custom)
2019-09-16 19:01:43,779 [pool-27-thread-1] INFO  server.RaftServerConfigKeys (ConfUtils.java:logGet(43)) - raft.server.log.appender.buffer.byte-limit = 33554432 (custom)
2019-09-16 19:01:43,779 [pool-27-thread-1] INFO  server.RaftServerConfigKeys (ConfUtils.java:logGet(43)) - raft.server.log.segment.size.max = 1048576 (custom)
2019-09-16 19:01:43,779 [pool-27-thread-1] INFO  server.RaftServerConfigKeys (ConfUtils.java:logGet(43)) - raft.server.log.segment.cache.num.max = 2 (custom)
2019-09-16 19:01:43,779 [pool-27-thread-1] INFO  segmented.SegmentedRaftLogWorker (SegmentedRaftLogWorker.java:<init>(172)) - new 5b218fb7-e3eb-43f7-8349-cdd73bd26c4f@group-0D80382A370C-SegmentedRaftLogWorker for RaftStorage:Storage Directory /workdir/hadoop-ozone/integration-test/target/test-dir/MiniOzoneClusterImpl-fcd79d99-0155-4261-ae9e-1e388112ecdd/datanode-0/data/ratis/1599b322-e76f-480d-977d-0d80382a370c
2019-09-16 19:01:43,780 [pool-27-thread-1] INFO  server.RaftServerConfigKeys (ConfUtils.java:logGet(43)) - raft.server.log.queue.byte-limit = 2147483647 (custom)
2019-09-16 19:01:43,780 [pool-27-thread-1] INFO  server.RaftServerConfigKeys (ConfUtils.java:logGet(43)) - raft.server.log.queue.element-limit = 1024 (custom)
2019-09-16 19:01:43,780 [pool-27-thread-1] INFO  server.RaftServerConfigKeys (ConfUtils.java:logGet(43)) - raft.server.log.segment.size.max = 1048576 (custom)
2019-09-16 19:01:43,780 [pool-27-thread-1] INFO  server.RaftServerConfigKeys (ConfUtils.java:logGet(43)) - raft.server.log.preallocated.size = 16384 (custom)
2019-09-16 19:01:43,780 [pool-27-thread-1] INFO  server.RaftServerConfigKeys (ConfUtils.java:logGet(43)) - raft.server.log.write.buffer.size = 33554432 (custom)
2019-09-16 19:01:43,780 [pool-27-thread-1] INFO  server.RaftServerConfigKeys (ConfUtils.java:logGet(43)) - raft.server.log.force.sync.num = 128 (default)
2019-09-16 19:01:43,781 [pool-27-thread-1] INFO  server.RaftServerConfigKeys (ConfUtils.java:logGet(43)) - raft.server.log.statemachine.data.sync = true (default)
2019-09-16 19:01:43,781 [pool-27-thread-1] INFO  server.RaftServerConfigKeys (ConfUtils.java:logGet(43)) - raft.server.log.statemachine.data.sync.timeout = 10s (default)
2019-09-16 19:01:43,781 [pool-27-thread-1] INFO  server.RaftServerConfigKeys (ConfUtils.java:logGet(43)) - raft.server.log.statemachine.data.sync.timeout.retry = -1 (default)
2019-09-16 19:01:43,781 [pool-27-thread-1] INFO  server.RaftServerConfigKeys (ConfUtils.java:logGet(43)) - raft.server.log.statemachine.data.caching.enabled = true (custom)
2019-09-16 19:01:43,782 [pool-27-thread-1] INFO  segmented.SegmentedRaftLogWorker (SegmentedRaftLogWorker.java:lambda$new$0(132)) - 5b218fb7-e3eb-43f7-8349-cdd73bd26c4f@group-0D80382A370C-SegmentedRaftLogWorker: flushIndex: setUnconditionally 0 -> -1
2019-09-16 19:01:43,782 [pool-27-thread-1] INFO  server.RaftServerConfigKeys (ConfUtils.java:logGet(43)) - raft.server.snapshot.auto.trigger.enabled = true (custom)
2019-09-16 19:01:43,782 [pool-27-thread-1] INFO  server.RaftServerConfigKeys (ConfUtils.java:logGet(43)) - raft.server.snapshot.auto.trigger.threshold = 10000 (custom)
2019-09-16 19:01:43,782 [pool-27-thread-1] INFO  server.RaftServerConfigKeys (ConfUtils.java:logGet(43)) - raft.server.snapshot.retention.num.files = -1 (default)
2019-09-16 19:01:43,782 [pool-27-thread-1] INFO  server.RaftServerConfigKeys (ConfUtils.java:logGet(43)) - raft.server.retrycache.expirytime = 600000ms (custom)
2019-09-16 19:01:43,786 [pool-27-thread-1] INFO  impl.RaftServerImpl (RaftServerImpl.java:start(185)) - 5b218fb7-e3eb-43f7-8349-cdd73bd26c4f@group-0D80382A370C: start as a follower, conf=-1: [5b218fb7-e3eb-43f7-8349-cdd73bd26c4f:192.168.34.56:37046], old=null
2019-09-16 19:01:43,786 [pool-27-thread-1] INFO  impl.RaftServerImpl (RaftServerImpl.java:setRole(174)) - 5b218fb7-e3eb-43f7-8349-cdd73bd26c4f@group-0D80382A370C: changes role from      null to FOLLOWER at term 0 for startAsFollower
2019-09-16 19:01:43,786 [pool-27-thread-1] INFO  impl.RoleInfo (RoleInfo.java:updateAndGet(143)) - 5b218fb7-e3eb-43f7-8349-cdd73bd26c4f: start FollowerState
2019-09-16 19:01:43,787 [pool-27-thread-1] INFO  util.JmxRegister (JmxRegister.java:tryRegister(44)) - Successfully registered JMX Bean with object name Ratis:service=RaftServer,group=group-0D80382A370C,id=5b218fb7-e3eb-43f7-8349-cdd73bd26c4f
2019-09-16 19:01:43,795 [RatisPipelineUtilsThread] INFO  pipeline.PipelineStateManager (PipelineStateManager.java:addPipeline(56)) - Created pipeline Pipeline[ Id: 1599b322-e76f-480d-977d-0d80382a370c, Nodes: 5b218fb7-e3eb-43f7-8349-cdd73bd26c4f{ip: 192.168.34.56, host: pr-hdds-2111-hlhfn-3535364396, networkLocation: /default-rack, certSerialId: null}, Type:RATIS, Factor:ONE, State:OPEN]
2019-09-16 19:01:43,810 [grpc-default-executor-1] INFO  impl.RaftServerProxy (RaftServerProxy.java:addNew(89)) - 44528711-e6a2-4593-afed-4c2b8e24069d: addNew group-91C714A8E592:[44528711-e6a2-4593-afed-4c2b8e24069d:192.168.34.56:43334] returns group-91C714A8E592:java.util.concurrent.CompletableFuture@41bf8ce5[Not completed]
2019-09-16 19:01:43,811 [pool-37-thread-1] INFO  impl.RaftServerImpl (RaftServerImpl.java:<init>(95)) - 44528711-e6a2-4593-afed-4c2b8e24069d: new RaftServerImpl for group-91C714A8E592:[44528711-e6a2-4593-afed-4c2b8e24069d:192.168.34.56:43334] with ContainerStateMachine:uninitialized
2019-09-16 19:01:43,811 [pool-37-thread-1] INFO  server.RaftServerConfigKeys (ConfUtils.java:logGet(43)) - raft.server.rpc.timeout.min = 5s (custom)
2019-09-16 19:01:43,812 [pool-37-thread-1] INFO  server.RaftServerConfigKeys (ConfUtils.java:logGet(43)) - raft.server.rpc.timeout.max = 5200ms (custom)
2019-09-16 19:01:43,812 [pool-37-thread-1] INFO  server.RaftServerConfigKeys (ConfUtils.java:logGet(43)) - raft.server.rpcslowness.timeout = 1000s (custom)
2019-09-16 19:01:43,812 [pool-37-thread-1] INFO  server.RaftServerConfigKeys (ConfUtils.java:logGet(43)) - raft.server.sleep.deviation.threshold = 300 (default)
2019-09-16 19:01:43,812 [pool-37-thread-1] INFO  server.RaftServerConfigKeys (ConfUtils.java:logGet(43)) - raft.server.log.appender.install.snapshot.enabled = false (custom)
2019-09-16 19:01:43,812 [pool-37-thread-1] INFO  impl.RaftServerImpl (ServerState.java:<init>(103)) - 44528711-e6a2-4593-afed-4c2b8e24069d@group-91C714A8E592: ConfigurationManager, init=-1: [44528711-e6a2-4593-afed-4c2b8e24069d:192.168.34.56:43334], old=null, confs=<EMPTY_MAP>
2019-09-16 19:01:43,813 [pool-37-thread-1] INFO  server.RaftServerConfigKeys (ConfUtils.java:logGet(43)) - raft.server.storage.dir = [/workdir/hadoop-ozone/integration-test/target/test-dir/MiniOzoneClusterImpl-fcd79d99-0155-4261-ae9e-1e388112ecdd/datanode-1/data/ratis] (custom)
2019-09-16 19:01:43,813 [pool-37-thread-1] INFO  storage.RaftStorageDirectory (RaftStorageDirectory.java:analyzeStorage(246)) - The storage directory /workdir/hadoop-ozone/integration-test/target/test-dir/MiniOzoneClusterImpl-fcd79d99-0155-4261-ae9e-1e388112ecdd/datanode-1/data/ratis/21fcbb9c-87a8-4e6a-9c86-91c714a8e592 does not exist. Creating ...
2019-09-16 19:01:43,826 [pool-37-thread-1] INFO  storage.RaftStorageDirectory (RaftStorageDirectory.java:tryLock(328)) - Lock on /workdir/hadoop-ozone/integration-test/target/test-dir/MiniOzoneClusterImpl-fcd79d99-0155-4261-ae9e-1e388112ecdd/datanode-1/data/ratis/21fcbb9c-87a8-4e6a-9c86-91c714a8e592/in_use.lock acquired by nodename 24049@pr-hdds-2111-hlhfn-3535364396
2019-09-16 19:01:43,839 [pool-37-thread-1] INFO  storage.RaftStorage (RaftStorage.java:format(72)) - Storage directory /workdir/hadoop-ozone/integration-test/target/test-dir/MiniOzoneClusterImpl-fcd79d99-0155-4261-ae9e-1e388112ecdd/datanode-1/data/ratis/21fcbb9c-87a8-4e6a-9c86-91c714a8e592 has been successfully formatted.
2019-09-16 19:01:43,839 [pool-37-thread-1] INFO  ratis.ContainerStateMachine (ContainerStateMachine.java:loadSnapshot(230)) - group-91C714A8E592: The snapshot info is null. Setting the last applied indexto:(t:0, i:~)
2019-09-16 19:01:43,839 [pool-37-thread-1] INFO  server.RaftServerConfigKeys (ConfUtils.java:logGet(43)) - raft.server.notification.no-leader.timeout = 1000s (custom)
2019-09-16 19:01:43,839 [pool-37-thread-1] INFO  server.RaftServerConfigKeys (ConfUtils.java:logGet(43)) - raft.server.log.use.memory = false (default)
2019-09-16 19:01:43,839 [pool-37-thread-1] INFO  server.RaftServerConfigKeys (ConfUtils.java:logGet(43)) - raft.server.log.purge.gap = 1000000 (custom)
2019-09-16 19:01:43,840 [pool-37-thread-1] INFO  server.RaftServerConfigKeys (ConfUtils.java:logGet(43)) - raft.server.log.appender.buffer.byte-limit = 33554432 (custom)
2019-09-16 19:01:43,840 [pool-37-thread-1] INFO  server.RaftServerConfigKeys (ConfUtils.java:logGet(43)) - raft.server.log.segment.size.max = 1048576 (custom)
2019-09-16 19:01:43,840 [pool-37-thread-1] INFO  server.RaftServerConfigKeys (ConfUtils.java:logGet(43)) - raft.server.log.segment.cache.num.max = 2 (custom)
2019-09-16 19:01:43,840 [pool-37-thread-1] INFO  segmented.SegmentedRaftLogWorker (SegmentedRaftLogWorker.java:<init>(172)) - new 44528711-e6a2-4593-afed-4c2b8e24069d@group-91C714A8E592-SegmentedRaftLogWorker for RaftStorage:Storage Directory /workdir/hadoop-ozone/integration-test/target/test-dir/MiniOzoneClusterImpl-fcd79d99-0155-4261-ae9e-1e388112ecdd/datanode-1/data/ratis/21fcbb9c-87a8-4e6a-9c86-91c714a8e592
2019-09-16 19:01:43,840 [pool-37-thread-1] INFO  server.RaftServerConfigKeys (ConfUtils.java:logGet(43)) - raft.server.log.queue.byte-limit = 2147483647 (custom)
2019-09-16 19:01:43,840 [pool-37-thread-1] INFO  server.RaftServerConfigKeys (ConfUtils.java:logGet(43)) - raft.server.log.queue.element-limit = 1024 (custom)
2019-09-16 19:01:43,841 [pool-37-thread-1] INFO  server.RaftServerConfigKeys (ConfUtils.java:logGet(43)) - raft.server.log.segment.size.max = 1048576 (custom)
2019-09-16 19:01:43,841 [pool-37-thread-1] INFO  server.RaftServerConfigKeys (ConfUtils.java:logGet(43)) - raft.server.log.preallocated.size = 16384 (custom)
2019-09-16 19:01:43,841 [pool-37-thread-1] INFO  server.RaftServerConfigKeys (ConfUtils.java:logGet(43)) - raft.server.log.write.buffer.size = 33554432 (custom)
2019-09-16 19:01:43,841 [pool-37-thread-1] INFO  server.RaftServerConfigKeys (ConfUtils.java:logGet(43)) - raft.server.log.force.sync.num = 128 (default)
2019-09-16 19:01:43,841 [pool-37-thread-1] INFO  server.RaftServerConfigKeys (ConfUtils.java:logGet(43)) - raft.server.log.statemachine.data.sync = true (default)
2019-09-16 19:01:43,842 [pool-37-thread-1] INFO  server.RaftServerConfigKeys (ConfUtils.java:logGet(43)) - raft.server.log.statemachine.data.sync.timeout = 10s (default)
2019-09-16 19:01:43,842 [pool-37-thread-1] INFO  server.RaftServerConfigKeys (ConfUtils.java:logGet(43)) - raft.server.log.statemachine.data.sync.timeout.retry = -1 (default)
2019-09-16 19:01:43,842 [pool-37-thread-1] INFO  server.RaftServerConfigKeys (ConfUtils.java:logGet(43)) - raft.server.log.statemachine.data.caching.enabled = true (custom)
2019-09-16 19:01:43,842 [pool-37-thread-1] INFO  segmented.SegmentedRaftLogWorker (SegmentedRaftLogWorker.java:lambda$new$0(132)) - 44528711-e6a2-4593-afed-4c2b8e24069d@group-91C714A8E592-SegmentedRaftLogWorker: flushIndex: setUnconditionally 0 -> -1
2019-09-16 19:01:43,843 [pool-37-thread-1] INFO  server.RaftServerConfigKeys (ConfUtils.java:logGet(43)) - raft.server.snapshot.auto.trigger.enabled = true (custom)
2019-09-16 19:01:43,843 [pool-37-thread-1] INFO  server.RaftServerConfigKeys (ConfUtils.java:logGet(43)) - raft.server.snapshot.auto.trigger.threshold = 10000 (custom)
2019-09-16 19:01:43,843 [pool-37-thread-1] INFO  server.RaftServerConfigKeys (ConfUtils.java:logGet(43)) - raft.server.snapshot.retention.num.files = -1 (default)
2019-09-16 19:01:43,843 [pool-37-thread-1] INFO  server.RaftServerConfigKeys (ConfUtils.java:logGet(43)) - raft.server.retrycache.expirytime = 600000ms (custom)
2019-09-16 19:01:43,846 [pool-37-thread-1] INFO  impl.RaftServerImpl (RaftServerImpl.java:start(185)) - 44528711-e6a2-4593-afed-4c2b8e24069d@group-91C714A8E592: start as a follower, conf=-1: [44528711-e6a2-4593-afed-4c2b8e24069d:192.168.34.56:43334], old=null
2019-09-16 19:01:43,846 [pool-37-thread-1] INFO  impl.RaftServerImpl (RaftServerImpl.java:setRole(174)) - 44528711-e6a2-4593-afed-4c2b8e24069d@group-91C714A8E592: changes role from      null to FOLLOWER at term 0 for startAsFollower
2019-09-16 19:01:43,846 [pool-37-thread-1] INFO  impl.RoleInfo (RoleInfo.java:updateAndGet(143)) - 44528711-e6a2-4593-afed-4c2b8e24069d: start FollowerState
2019-09-16 19:01:43,847 [pool-37-thread-1] INFO  util.JmxRegister (JmxRegister.java:tryRegister(44)) - Successfully registered JMX Bean with object name Ratis:service=RaftServer,group=group-91C714A8E592,id=44528711-e6a2-4593-afed-4c2b8e24069d
2019-09-16 19:01:43,854 [RatisPipelineUtilsThread] INFO  pipeline.PipelineStateManager (PipelineStateManager.java:addPipeline(56)) - Created pipeline Pipeline[ Id: 21fcbb9c-87a8-4e6a-9c86-91c714a8e592, Nodes: 44528711-e6a2-4593-afed-4c2b8e24069d{ip: 192.168.34.56, host: pr-hdds-2111-hlhfn-3535364396, networkLocation: /default-rack, certSerialId: null}, Type:RATIS, Factor:ONE, State:OPEN]
2019-09-16 19:01:43,876 [grpc-default-executor-1] INFO  impl.RaftServerProxy (RaftServerProxy.java:addNew(89)) - 5b218fb7-e3eb-43f7-8349-cdd73bd26c4f: addNew group-5C521F1D7EDD:[68be27f3-88a4-44cc-b247-f49ac3f20aed:192.168.34.56:44214, 505f8c76-ced5-497a-8cb1-9cb8091dfd1a:192.168.34.56:36291, 5b218fb7-e3eb-43f7-8349-cdd73bd26c4f:192.168.34.56:37046] returns group-5C521F1D7EDD:java.util.concurrent.CompletableFuture@59c4b0d0[Not completed]
2019-09-16 19:01:43,876 [grpc-default-executor-2] INFO  impl.RaftServerProxy (RaftServerProxy.java:addNew(89)) - 68be27f3-88a4-44cc-b247-f49ac3f20aed: addNew group-5C521F1D7EDD:[68be27f3-88a4-44cc-b247-f49ac3f20aed:192.168.34.56:44214, 505f8c76-ced5-497a-8cb1-9cb8091dfd1a:192.168.34.56:36291, 5b218fb7-e3eb-43f7-8349-cdd73bd26c4f:192.168.34.56:37046] returns group-5C521F1D7EDD:java.util.concurrent.CompletableFuture@52d6655c[Not completed]
2019-09-16 19:01:43,876 [grpc-default-executor-0] INFO  impl.RaftServerProxy (RaftServerProxy.java:addNew(89)) - 505f8c76-ced5-497a-8cb1-9cb8091dfd1a: addNew group-5C521F1D7EDD:[68be27f3-88a4-44cc-b247-f49ac3f20aed:192.168.34.56:44214, 505f8c76-ced5-497a-8cb1-9cb8091dfd1a:192.168.34.56:36291, 5b218fb7-e3eb-43f7-8349-cdd73bd26c4f:192.168.34.56:37046] returns group-5C521F1D7EDD:java.util.concurrent.CompletableFuture@7975b415[Not completed]
2019-09-16 19:01:43,878 [pool-47-thread-1] INFO  impl.RaftServerImpl (RaftServerImpl.java:<init>(95)) - 505f8c76-ced5-497a-8cb1-9cb8091dfd1a: new RaftServerImpl for group-5C521F1D7EDD:[68be27f3-88a4-44cc-b247-f49ac3f20aed:192.168.34.56:44214, 505f8c76-ced5-497a-8cb1-9cb8091dfd1a:192.168.34.56:36291, 5b218fb7-e3eb-43f7-8349-cdd73bd26c4f:192.168.34.56:37046] with ContainerStateMachine:uninitialized
2019-09-16 19:01:43,878 [pool-47-thread-1] INFO  server.RaftServerConfigKeys (ConfUtils.java:logGet(43)) - raft.server.rpc.timeout.min = 5s (custom)
2019-09-16 19:01:43,878 [pool-47-thread-1] INFO  server.RaftServerConfigKeys (ConfUtils.java:logGet(43)) - raft.server.rpc.timeout.max = 5200ms (custom)
2019-09-16 19:01:43,878 [pool-47-thread-1] INFO  server.RaftServerConfigKeys (ConfUtils.java:logGet(43)) - raft.server.rpcslowness.timeout = 1000s (custom)
2019-09-16 19:01:43,878 [pool-47-thread-1] INFO  server.RaftServerConfigKeys (ConfUtils.java:logGet(43)) - raft.server.sleep.deviation.threshold = 300 (default)
2019-09-16 19:01:43,878 [pool-47-thread-1] INFO  server.RaftServerConfigKeys (ConfUtils.java:logGet(43)) - raft.server.log.appender.install.snapshot.enabled = false (custom)
2019-09-16 19:01:43,878 [pool-57-thread-1] INFO  impl.RaftServerImpl (RaftServerImpl.java:<init>(95)) - 68be27f3-88a4-44cc-b247-f49ac3f20aed: new RaftServerImpl for group-5C521F1D7EDD:[68be27f3-88a4-44cc-b247-f49ac3f20aed:192.168.34.56:44214, 505f8c76-ced5-497a-8cb1-9cb8091dfd1a:192.168.34.56:36291, 5b218fb7-e3eb-43f7-8349-cdd73bd26c4f:192.168.34.56:37046] with ContainerStateMachine:uninitialized
2019-09-16 19:01:43,878 [pool-47-thread-1] INFO  impl.RaftServerImpl (ServerState.java:<init>(103)) - 505f8c76-ced5-497a-8cb1-9cb8091dfd1a@group-5C521F1D7EDD: ConfigurationManager, init=-1: [68be27f3-88a4-44cc-b247-f49ac3f20aed:192.168.34.56:44214, 505f8c76-ced5-497a-8cb1-9cb8091dfd1a:192.168.34.56:36291, 5b218fb7-e3eb-43f7-8349-cdd73bd26c4f:192.168.34.56:37046], old=null, confs=<EMPTY_MAP>
2019-09-16 19:01:43,879 [pool-57-thread-1] INFO  server.RaftServerConfigKeys (ConfUtils.java:logGet(43)) - raft.server.rpc.timeout.min = 5s (custom)
2019-09-16 19:01:43,879 [pool-57-thread-1] INFO  server.RaftServerConfigKeys (ConfUtils.java:logGet(43)) - raft.server.rpc.timeout.max = 5200ms (custom)
2019-09-16 19:01:43,879 [pool-47-thread-1] INFO  server.RaftServerConfigKeys (ConfUtils.java:logGet(43)) - raft.server.storage.dir = [/workdir/hadoop-ozone/integration-test/target/test-dir/MiniOzoneClusterImpl-fcd79d99-0155-4261-ae9e-1e388112ecdd/datanode-2/data/ratis] (custom)
2019-09-16 19:01:43,879 [pool-57-thread-1] INFO  server.RaftServerConfigKeys (ConfUtils.java:logGet(43)) - raft.server.rpcslowness.timeout = 1000s (custom)
2019-09-16 19:01:43,879 [pool-57-thread-1] INFO  server.RaftServerConfigKeys (ConfUtils.java:logGet(43)) - raft.server.sleep.deviation.threshold = 300 (default)
2019-09-16 19:01:43,879 [pool-27-thread-1] INFO  impl.RaftServerImpl (RaftServerImpl.java:<init>(95)) - 5b218fb7-e3eb-43f7-8349-cdd73bd26c4f: new RaftServerImpl for group-5C521F1D7EDD:[68be27f3-88a4-44cc-b247-f49ac3f20aed:192.168.34.56:44214, 505f8c76-ced5-497a-8cb1-9cb8091dfd1a:192.168.34.56:36291, 5b218fb7-e3eb-43f7-8349-cdd73bd26c4f:192.168.34.56:37046] with ContainerStateMachine:uninitialized
2019-09-16 19:01:43,879 [pool-47-thread-1] INFO  storage.RaftStorageDirectory (RaftStorageDirectory.java:analyzeStorage(246)) - The storage directory /workdir/hadoop-ozone/integration-test/target/test-dir/MiniOzoneClusterImpl-fcd79d99-0155-4261-ae9e-1e388112ecdd/datanode-2/data/ratis/542e30fe-0d1d-46e1-acff-5c521f1d7edd does not exist. Creating ...
2019-09-16 19:01:43,879 [pool-57-thread-1] INFO  server.RaftServerConfigKeys (ConfUtils.java:logGet(43)) - raft.server.log.appender.install.snapshot.enabled = false (custom)
2019-09-16 19:01:43,879 [pool-27-thread-1] INFO  server.RaftServerConfigKeys (ConfUtils.java:logGet(43)) - raft.server.rpc.timeout.min = 5s (custom)
2019-09-16 19:01:43,880 [pool-57-thread-1] INFO  impl.RaftServerImpl (ServerState.java:<init>(103)) - 68be27f3-88a4-44cc-b247-f49ac3f20aed@group-5C521F1D7EDD: ConfigurationManager, init=-1: [68be27f3-88a4-44cc-b247-f49ac3f20aed:192.168.34.56:44214, 505f8c76-ced5-497a-8cb1-9cb8091dfd1a:192.168.34.56:36291, 5b218fb7-e3eb-43f7-8349-cdd73bd26c4f:192.168.34.56:37046], old=null, confs=<EMPTY_MAP>
2019-09-16 19:01:43,880 [pool-27-thread-1] INFO  server.RaftServerConfigKeys (ConfUtils.java:logGet(43)) - raft.server.rpc.timeout.max = 5200ms (custom)
2019-09-16 19:01:43,880 [pool-57-thread-1] INFO  server.RaftServerConfigKeys (ConfUtils.java:logGet(43)) - raft.server.storage.dir = [/workdir/hadoop-ozone/integration-test/target/test-dir/MiniOzoneClusterImpl-fcd79d99-0155-4261-ae9e-1e388112ecdd/datanode-3/data/ratis] (custom)
2019-09-16 19:01:43,880 [pool-27-thread-1] INFO  server.RaftServerConfigKeys (ConfUtils.java:logGet(43)) - raft.server.rpcslowness.timeout = 1000s (custom)
2019-09-16 19:01:43,880 [pool-27-thread-1] INFO  server.RaftServerConfigKeys (ConfUtils.java:logGet(43)) - raft.server.sleep.deviation.threshold = 300 (default)
2019-09-16 19:01:43,880 [pool-57-thread-1] INFO  storage.RaftStorageDirectory (RaftStorageDirectory.java:analyzeStorage(246)) - The storage directory /workdir/hadoop-ozone/integration-test/target/test-dir/MiniOzoneClusterImpl-fcd79d99-0155-4261-ae9e-1e388112ecdd/datanode-3/data/ratis/542e30fe-0d1d-46e1-acff-5c521f1d7edd does not exist. Creating ...
2019-09-16 19:01:43,880 [pool-27-thread-1] INFO  server.RaftServerConfigKeys (ConfUtils.java:logGet(43)) - raft.server.log.appender.install.snapshot.enabled = false (custom)
2019-09-16 19:01:43,881 [pool-27-thread-1] INFO  impl.RaftServerImpl (ServerState.java:<init>(103)) - 5b218fb7-e3eb-43f7-8349-cdd73bd26c4f@group-5C521F1D7EDD: ConfigurationManager, init=-1: [68be27f3-88a4-44cc-b247-f49ac3f20aed:192.168.34.56:44214, 505f8c76-ced5-497a-8cb1-9cb8091dfd1a:192.168.34.56:36291, 5b218fb7-e3eb-43f7-8349-cdd73bd26c4f:192.168.34.56:37046], old=null, confs=<EMPTY_MAP>
2019-09-16 19:01:43,881 [pool-27-thread-1] INFO  server.RaftServerConfigKeys (ConfUtils.java:logGet(43)) - raft.server.storage.dir = [/workdir/hadoop-ozone/integration-test/target/test-dir/MiniOzoneClusterImpl-fcd79d99-0155-4261-ae9e-1e388112ecdd/datanode-0/data/ratis] (custom)
2019-09-16 19:01:43,881 [pool-27-thread-1] INFO  storage.RaftStorageDirectory (RaftStorageDirectory.java:analyzeStorage(246)) - The storage directory /workdir/hadoop-ozone/integration-test/target/test-dir/MiniOzoneClusterImpl-fcd79d99-0155-4261-ae9e-1e388112ecdd/datanode-0/data/ratis/542e30fe-0d1d-46e1-acff-5c521f1d7edd does not exist. Creating ...
2019-09-16 19:01:43,893 [pool-27-thread-1] INFO  storage.RaftStorageDirectory (RaftStorageDirectory.java:tryLock(328)) - Lock on /workdir/hadoop-ozone/integration-test/target/test-dir/MiniOzoneClusterImpl-fcd79d99-0155-4261-ae9e-1e388112ecdd/datanode-0/data/ratis/542e30fe-0d1d-46e1-acff-5c521f1d7edd/in_use.lock acquired by nodename 24049@pr-hdds-2111-hlhfn-3535364396
2019-09-16 19:01:43,893 [pool-57-thread-1] INFO  storage.RaftStorageDirectory (RaftStorageDirectory.java:tryLock(328)) - Lock on /workdir/hadoop-ozone/integration-test/target/test-dir/MiniOzoneClusterImpl-fcd79d99-0155-4261-ae9e-1e388112ecdd/datanode-3/data/ratis/542e30fe-0d1d-46e1-acff-5c521f1d7edd/in_use.lock acquired by nodename 24049@pr-hdds-2111-hlhfn-3535364396
2019-09-16 19:01:43,893 [pool-47-thread-1] INFO  storage.RaftStorageDirectory (RaftStorageDirectory.java:tryLock(328)) - Lock on /workdir/hadoop-ozone/integration-test/target/test-dir/MiniOzoneClusterImpl-fcd79d99-0155-4261-ae9e-1e388112ecdd/datanode-2/data/ratis/542e30fe-0d1d-46e1-acff-5c521f1d7edd/in_use.lock acquired by nodename 24049@pr-hdds-2111-hlhfn-3535364396
2019-09-16 19:01:43,906 [pool-57-thread-1] INFO  storage.RaftStorage (RaftStorage.java:format(72)) - Storage directory /workdir/hadoop-ozone/integration-test/target/test-dir/MiniOzoneClusterImpl-fcd79d99-0155-4261-ae9e-1e388112ecdd/datanode-3/data/ratis/542e30fe-0d1d-46e1-acff-5c521f1d7edd has been successfully formatted.
2019-09-16 19:01:43,906 [pool-27-thread-1] INFO  storage.RaftStorage (RaftStorage.java:format(72)) - Storage directory /workdir/hadoop-ozone/integration-test/target/test-dir/MiniOzoneClusterImpl-fcd79d99-0155-4261-ae9e-1e388112ecdd/datanode-0/data/ratis/542e30fe-0d1d-46e1-acff-5c521f1d7edd has been successfully formatted.
2019-09-16 19:01:43,906 [pool-47-thread-1] INFO  storage.RaftStorage (RaftStorage.java:format(72)) - Storage directory /workdir/hadoop-ozone/integration-test/target/test-dir/MiniOzoneClusterImpl-fcd79d99-0155-4261-ae9e-1e388112ecdd/datanode-2/data/ratis/542e30fe-0d1d-46e1-acff-5c521f1d7edd has been successfully formatted.
2019-09-16 19:01:43,906 [pool-57-thread-1] INFO  ratis.ContainerStateMachine (ContainerStateMachine.java:loadSnapshot(230)) - group-5C521F1D7EDD: The snapshot info is null. Setting the last applied indexto:(t:0, i:~)
2019-09-16 19:01:43,906 [pool-27-thread-1] INFO  ratis.ContainerStateMachine (ContainerStateMachine.java:loadSnapshot(230)) - group-5C521F1D7EDD: The snapshot info is null. Setting the last applied indexto:(t:0, i:~)
2019-09-16 19:01:43,906 [pool-57-thread-1] INFO  server.RaftServerConfigKeys (ConfUtils.java:logGet(43)) - raft.server.notification.no-leader.timeout = 1000s (custom)
2019-09-16 19:01:43,906 [pool-47-thread-1] INFO  ratis.ContainerStateMachine (ContainerStateMachine.java:loadSnapshot(230)) - group-5C521F1D7EDD: The snapshot info is null. Setting the last applied indexto:(t:0, i:~)
2019-09-16 19:01:43,907 [pool-57-thread-1] INFO  server.RaftServerConfigKeys (ConfUtils.java:logGet(43)) - raft.server.log.use.memory = false (default)
2019-09-16 19:01:43,907 [pool-27-thread-1] INFO  server.RaftServerConfigKeys (ConfUtils.java:logGet(43)) - raft.server.notification.no-leader.timeout = 1000s (custom)
2019-09-16 19:01:43,907 [pool-57-thread-1] INFO  server.RaftServerConfigKeys (ConfUtils.java:logGet(43)) - raft.server.log.purge.gap = 1000000 (custom)
2019-09-16 19:01:43,907 [pool-47-thread-1] INFO  server.RaftServerConfigKeys (ConfUtils.java:logGet(43)) - raft.server.notification.no-leader.timeout = 1000s (custom)
2019-09-16 19:01:43,907 [pool-57-thread-1] INFO  server.RaftServerConfigKeys (ConfUtils.java:logGet(43)) - raft.server.log.appender.buffer.byte-limit = 33554432 (custom)
2019-09-16 19:01:43,907 [pool-27-thread-1] INFO  server.RaftServerConfigKeys (ConfUtils.java:logGet(43)) - raft.server.log.use.memory = false (default)
2019-09-16 19:01:43,907 [pool-57-thread-1] INFO  server.RaftServerConfigKeys (ConfUtils.java:logGet(43)) - raft.server.log.segment.size.max = 1048576 (custom)
2019-09-16 19:01:43,907 [pool-47-thread-1] INFO  server.RaftServerConfigKeys (ConfUtils.java:logGet(43)) - raft.server.log.use.memory = false (default)
2019-09-16 19:01:43,907 [pool-57-thread-1] INFO  server.RaftServerConfigKeys (ConfUtils.java:logGet(43)) - raft.server.log.segment.cache.num.max = 2 (custom)
2019-09-16 19:01:43,907 [pool-27-thread-1] INFO  server.RaftServerConfigKeys (ConfUtils.java:logGet(43)) - raft.server.log.purge.gap = 1000000 (custom)
2019-09-16 19:01:43,908 [pool-57-thread-1] INFO  segmented.SegmentedRaftLogWorker (SegmentedRaftLogWorker.java:<init>(172)) - new 68be27f3-88a4-44cc-b247-f49ac3f20aed@group-5C521F1D7EDD-SegmentedRaftLogWorker for RaftStorage:Storage Directory /workdir/hadoop-ozone/integration-test/target/test-dir/MiniOzoneClusterImpl-fcd79d99-0155-4261-ae9e-1e388112ecdd/datanode-3/data/ratis/542e30fe-0d1d-46e1-acff-5c521f1d7edd
2019-09-16 19:01:43,907 [pool-47-thread-1] INFO  server.RaftServerConfigKeys (ConfUtils.java:logGet(43)) - raft.server.log.purge.gap = 1000000 (custom)
2019-09-16 19:01:43,908 [pool-57-thread-1] INFO  server.RaftServerConfigKeys (ConfUtils.java:logGet(43)) - raft.server.log.queue.byte-limit = 2147483647 (custom)
2019-09-16 19:01:43,908 [pool-27-thread-1] INFO  server.RaftServerConfigKeys (ConfUtils.java:logGet(43)) - raft.server.log.appender.buffer.byte-limit = 33554432 (custom)
2019-09-16 19:01:43,908 [pool-57-thread-1] INFO  server.RaftServerConfigKeys (ConfUtils.java:logGet(43)) - raft.server.log.queue.element-limit = 1024 (custom)
2019-09-16 19:01:43,908 [pool-47-thread-1] INFO  server.RaftServerConfigKeys (ConfUtils.java:logGet(43)) - raft.server.log.appender.buffer.byte-limit = 33554432 (custom)
2019-09-16 19:01:43,908 [pool-57-thread-1] INFO  server.RaftServerConfigKeys (ConfUtils.java:logGet(43)) - raft.server.log.segment.size.max = 1048576 (custom)
2019-09-16 19:01:43,908 [pool-27-thread-1] INFO  server.RaftServerConfigKeys (ConfUtils.java:logGet(43)) - raft.server.log.segment.size.max = 1048576 (custom)
2019-09-16 19:01:43,908 [pool-57-thread-1] INFO  server.RaftServerConfigKeys (ConfUtils.java:logGet(43)) - raft.server.log.preallocated.size = 16384 (custom)
2019-09-16 19:01:43,908 [pool-47-thread-1] INFO  server.RaftServerConfigKeys (ConfUtils.java:logGet(43)) - raft.server.log.segment.size.max = 1048576 (custom)
2019-09-16 19:01:43,908 [pool-57-thread-1] INFO  server.RaftServerConfigKeys (ConfUtils.java:logGet(43)) - raft.server.log.write.buffer.size = 33554432 (custom)
2019-09-16 19:01:43,908 [pool-27-thread-1] INFO  server.RaftServerConfigKeys (ConfUtils.java:logGet(43)) - raft.server.log.segment.cache.num.max = 2 (custom)
2019-09-16 19:01:43,909 [pool-57-thread-1] INFO  server.RaftServerConfigKeys (ConfUtils.java:logGet(43)) - raft.server.log.force.sync.num = 128 (default)
2019-09-16 19:01:43,909 [pool-47-thread-1] INFO  server.RaftServerConfigKeys (ConfUtils.java:logGet(43)) - raft.server.log.segment.cache.num.max = 2 (custom)
2019-09-16 19:01:43,909 [pool-57-thread-1] INFO  server.RaftServerConfigKeys (ConfUtils.java:logGet(43)) - raft.server.log.statemachine.data.sync = true (default)
2019-09-16 19:01:43,909 [pool-27-thread-1] INFO  segmented.SegmentedRaftLogWorker (SegmentedRaftLogWorker.java:<init>(172)) - new 5b218fb7-e3eb-43f7-8349-cdd73bd26c4f@group-5C521F1D7EDD-SegmentedRaftLogWorker for RaftStorage:Storage Directory /workdir/hadoop-ozone/integration-test/target/test-dir/MiniOzoneClusterImpl-fcd79d99-0155-4261-ae9e-1e388112ecdd/datanode-0/data/ratis/542e30fe-0d1d-46e1-acff-5c521f1d7edd
2019-09-16 19:01:43,909 [pool-57-thread-1] INFO  server.RaftServerConfigKeys (ConfUtils.java:logGet(43)) - raft.server.log.statemachine.data.sync.timeout = 10s (default)
2019-09-16 19:01:43,909 [pool-47-thread-1] INFO  segmented.SegmentedRaftLogWorker (SegmentedRaftLogWorker.java:<init>(172)) - new 505f8c76-ced5-497a-8cb1-9cb8091dfd1a@group-5C521F1D7EDD-SegmentedRaftLogWorker for RaftStorage:Storage Directory /workdir/hadoop-ozone/integration-test/target/test-dir/MiniOzoneClusterImpl-fcd79d99-0155-4261-ae9e-1e388112ecdd/datanode-2/data/ratis/542e30fe-0d1d-46e1-acff-5c521f1d7edd
2019-09-16 19:01:43,909 [pool-57-thread-1] INFO  server.RaftServerConfigKeys (ConfUtils.java:logGet(43)) - raft.server.log.statemachine.data.sync.timeout.retry = -1 (default)
2019-09-16 19:01:43,909 [pool-27-thread-1] INFO  server.RaftServerConfigKeys (ConfUtils.java:logGet(43)) - raft.server.log.queue.byte-limit = 2147483647 (custom)
2019-09-16 19:01:43,909 [pool-57-thread-1] INFO  server.RaftServerConfigKeys (ConfUtils.java:logGet(43)) - raft.server.log.statemachine.data.caching.enabled = true (custom)
2019-09-16 19:01:43,909 [pool-47-thread-1] INFO  server.RaftServerConfigKeys (ConfUtils.java:logGet(43)) - raft.server.log.queue.byte-limit = 2147483647 (custom)
2019-09-16 19:01:43,910 [pool-27-thread-1] INFO  server.RaftServerConfigKeys (ConfUtils.java:logGet(43)) - raft.server.log.queue.element-limit = 1024 (custom)
2019-09-16 19:01:43,910 [pool-57-thread-1] INFO  segmented.SegmentedRaftLogWorker (SegmentedRaftLogWorker.java:lambda$new$0(132)) - 68be27f3-88a4-44cc-b247-f49ac3f20aed@group-5C521F1D7EDD-SegmentedRaftLogWorker: flushIndex: setUnconditionally 0 -> -1
2019-09-16 19:01:43,910 [pool-47-thread-1] INFO  server.RaftServerConfigKeys (ConfUtils.java:logGet(43)) - raft.server.log.queue.element-limit = 1024 (custom)
2019-09-16 19:01:43,910 [pool-27-thread-1] INFO  server.RaftServerConfigKeys (ConfUtils.java:logGet(43)) - raft.server.log.segment.size.max = 1048576 (custom)
2019-09-16 19:01:43,910 [pool-57-thread-1] INFO  server.RaftServerConfigKeys (ConfUtils.java:logGet(43)) - raft.server.snapshot.auto.trigger.enabled = true (custom)
2019-09-16 19:01:43,910 [pool-47-thread-1] INFO  server.RaftServerConfigKeys (ConfUtils.java:logGet(43)) - raft.server.log.segment.size.max = 1048576 (custom)
2019-09-16 19:01:43,910 [pool-57-thread-1] INFO  server.RaftServerConfigKeys (ConfUtils.java:logGet(43)) - raft.server.snapshot.auto.trigger.threshold = 10000 (custom)
2019-09-16 19:01:43,910 [pool-27-thread-1] INFO  server.RaftServerConfigKeys (ConfUtils.java:logGet(43)) - raft.server.log.preallocated.size = 16384 (custom)
2019-09-16 19:01:43,910 [pool-47-thread-1] INFO  server.RaftServerConfigKeys (ConfUtils.java:logGet(43)) - raft.server.log.preallocated.size = 16384 (custom)
2019-09-16 19:01:43,910 [pool-57-thread-1] INFO  server.RaftServerConfigKeys (ConfUtils.java:logGet(43)) - raft.server.snapshot.retention.num.files = -1 (default)
2019-09-16 19:01:43,911 [pool-47-thread-1] INFO  server.RaftServerConfigKeys (ConfUtils.java:logGet(43)) - raft.server.log.write.buffer.size = 33554432 (custom)
2019-09-16 19:01:43,911 [pool-27-thread-1] INFO  server.RaftServerConfigKeys (ConfUtils.java:logGet(43)) - raft.server.log.write.buffer.size = 33554432 (custom)
2019-09-16 19:01:43,911 [pool-47-thread-1] INFO  server.RaftServerConfigKeys (ConfUtils.java:logGet(43)) - raft.server.log.force.sync.num = 128 (default)
2019-09-16 19:01:43,911 [pool-57-thread-1] INFO  server.RaftServerConfigKeys (ConfUtils.java:logGet(43)) - raft.server.retrycache.expirytime = 600000ms (custom)
2019-09-16 19:01:43,911 [pool-47-thread-1] INFO  server.RaftServerConfigKeys (ConfUtils.java:logGet(43)) - raft.server.log.statemachine.data.sync = true (default)
2019-09-16 19:01:43,911 [pool-27-thread-1] INFO  server.RaftServerConfigKeys (ConfUtils.java:logGet(43)) - raft.server.log.force.sync.num = 128 (default)
2019-09-16 19:01:43,911 [pool-47-thread-1] INFO  server.RaftServerConfigKeys (ConfUtils.java:logGet(43)) - raft.server.log.statemachine.data.sync.timeout = 10s (default)
2019-09-16 19:01:43,912 [pool-27-thread-1] INFO  server.RaftServerConfigKeys (ConfUtils.java:logGet(43)) - raft.server.log.statemachine.data.sync = true (default)
2019-09-16 19:01:43,912 [pool-47-thread-1] INFO  server.RaftServerConfigKeys (ConfUtils.java:logGet(43)) - raft.server.log.statemachine.data.sync.timeout.retry = -1 (default)
2019-09-16 19:01:43,912 [pool-27-thread-1] INFO  server.RaftServerConfigKeys (ConfUtils.java:logGet(43)) - raft.server.log.statemachine.data.sync.timeout = 10s (default)
2019-09-16 19:01:43,912 [pool-47-thread-1] INFO  server.RaftServerConfigKeys (ConfUtils.java:logGet(43)) - raft.server.log.statemachine.data.caching.enabled = true (custom)
2019-09-16 19:01:43,912 [pool-27-thread-1] INFO  server.RaftServerConfigKeys (ConfUtils.java:logGet(43)) - raft.server.log.statemachine.data.sync.timeout.retry = -1 (default)
2019-09-16 19:01:43,912 [pool-27-thread-1] INFO  server.RaftServerConfigKeys (ConfUtils.java:logGet(43)) - raft.server.log.statemachine.data.caching.enabled = true (custom)
2019-09-16 19:01:43,912 [pool-47-thread-1] INFO  segmented.SegmentedRaftLogWorker (SegmentedRaftLogWorker.java:lambda$new$0(132)) - 505f8c76-ced5-497a-8cb1-9cb8091dfd1a@group-5C521F1D7EDD-SegmentedRaftLogWorker: flushIndex: setUnconditionally 0 -> -1
2019-09-16 19:01:43,913 [pool-27-thread-1] INFO  segmented.SegmentedRaftLogWorker (SegmentedRaftLogWorker.java:lambda$new$0(132)) - 5b218fb7-e3eb-43f7-8349-cdd73bd26c4f@group-5C521F1D7EDD-SegmentedRaftLogWorker: flushIndex: setUnconditionally 0 -> -1
2019-09-16 19:01:43,913 [pool-47-thread-1] INFO  server.RaftServerConfigKeys (ConfUtils.java:logGet(43)) - raft.server.snapshot.auto.trigger.enabled = true (custom)
2019-09-16 19:01:43,913 [pool-27-thread-1] INFO  server.RaftServerConfigKeys (ConfUtils.java:logGet(43)) - raft.server.snapshot.auto.trigger.enabled = true (custom)
2019-09-16 19:01:43,913 [pool-57-thread-1] INFO  impl.RaftServerImpl (RaftServerImpl.java:start(185)) - 68be27f3-88a4-44cc-b247-f49ac3f20aed@group-5C521F1D7EDD: start as a follower, conf=-1: [68be27f3-88a4-44cc-b247-f49ac3f20aed:192.168.34.56:44214, 505f8c76-ced5-497a-8cb1-9cb8091dfd1a:192.168.34.56:36291, 5b218fb7-e3eb-43f7-8349-cdd73bd26c4f:192.168.34.56:37046], old=null
2019-09-16 19:01:43,913 [pool-27-thread-1] INFO  server.RaftServerConfigKeys (ConfUtils.java:logGet(43)) - raft.server.snapshot.auto.trigger.threshold = 10000 (custom)
2019-09-16 19:01:43,913 [pool-47-thread-1] INFO  server.RaftServerConfigKeys (ConfUtils.java:logGet(43)) - raft.server.snapshot.auto.trigger.threshold = 10000 (custom)
2019-09-16 19:01:43,914 [pool-27-thread-1] INFO  server.RaftServerConfigKeys (ConfUtils.java:logGet(43)) - raft.server.snapshot.retention.num.files = -1 (default)
2019-09-16 19:01:43,914 [pool-57-thread-1] INFO  impl.RaftServerImpl (RaftServerImpl.java:setRole(174)) - 68be27f3-88a4-44cc-b247-f49ac3f20aed@group-5C521F1D7EDD: changes role from      null to FOLLOWER at term 0 for startAsFollower
2019-09-16 19:01:43,914 [pool-47-thread-1] INFO  server.RaftServerConfigKeys (ConfUtils.java:logGet(43)) - raft.server.snapshot.retention.num.files = -1 (default)
2019-09-16 19:01:43,914 [pool-57-thread-1] INFO  impl.RoleInfo (RoleInfo.java:updateAndGet(143)) - 68be27f3-88a4-44cc-b247-f49ac3f20aed: start FollowerState
2019-09-16 19:01:43,914 [pool-27-thread-1] INFO  server.RaftServerConfigKeys (ConfUtils.java:logGet(43)) - raft.server.retrycache.expirytime = 600000ms (custom)
2019-09-16 19:01:43,914 [pool-47-thread-1] INFO  server.RaftServerConfigKeys (ConfUtils.java:logGet(43)) - raft.server.retrycache.expirytime = 600000ms (custom)
2019-09-16 19:01:43,914 [pool-57-thread-1] INFO  util.JmxRegister (JmxRegister.java:tryRegister(44)) - Successfully registered JMX Bean with object name Ratis:service=RaftServer,group=group-5C521F1D7EDD,id=68be27f3-88a4-44cc-b247-f49ac3f20aed
2019-09-16 19:01:43,923 [pool-27-thread-1] INFO  impl.RaftServerImpl (RaftServerImpl.java:start(185)) - 5b218fb7-e3eb-43f7-8349-cdd73bd26c4f@group-5C521F1D7EDD: start as a follower, conf=-1: [68be27f3-88a4-44cc-b247-f49ac3f20aed:192.168.34.56:44214, 505f8c76-ced5-497a-8cb1-9cb8091dfd1a:192.168.34.56:36291, 5b218fb7-e3eb-43f7-8349-cdd73bd26c4f:192.168.34.56:37046], old=null
2019-09-16 19:01:43,923 [pool-27-thread-1] INFO  impl.RaftServerImpl (RaftServerImpl.java:setRole(174)) - 5b218fb7-e3eb-43f7-8349-cdd73bd26c4f@group-5C521F1D7EDD: changes role from      null to FOLLOWER at term 0 for startAsFollower
2019-09-16 19:01:43,923 [pool-27-thread-1] INFO  impl.RoleInfo (RoleInfo.java:updateAndGet(143)) - 5b218fb7-e3eb-43f7-8349-cdd73bd26c4f: start FollowerState
2019-09-16 19:01:43,923 [pool-27-thread-1] INFO  util.JmxRegister (JmxRegister.java:tryRegister(44)) - Successfully registered JMX Bean with object name Ratis:service=RaftServer,group=group-5C521F1D7EDD,id=5b218fb7-e3eb-43f7-8349-cdd73bd26c4f
2019-09-16 19:01:43,923 [pool-47-thread-1] INFO  impl.RaftServerImpl (RaftServerImpl.java:start(185)) - 505f8c76-ced5-497a-8cb1-9cb8091dfd1a@group-5C521F1D7EDD: start as a follower, conf=-1: [68be27f3-88a4-44cc-b247-f49ac3f20aed:192.168.34.56:44214, 505f8c76-ced5-497a-8cb1-9cb8091dfd1a:192.168.34.56:36291, 5b218fb7-e3eb-43f7-8349-cdd73bd26c4f:192.168.34.56:37046], old=null
2019-09-16 19:01:43,924 [pool-47-thread-1] INFO  impl.RaftServerImpl (RaftServerImpl.java:setRole(174)) - 505f8c76-ced5-497a-8cb1-9cb8091dfd1a@group-5C521F1D7EDD: changes role from      null to FOLLOWER at term 0 for startAsFollower
2019-09-16 19:01:43,924 [pool-47-thread-1] INFO  impl.RoleInfo (RoleInfo.java:updateAndGet(143)) - 505f8c76-ced5-497a-8cb1-9cb8091dfd1a: start FollowerState
2019-09-16 19:01:43,924 [pool-47-thread-1] INFO  util.JmxRegister (JmxRegister.java:tryRegister(44)) - Successfully registered JMX Bean with object name Ratis:service=RaftServer,group=group-5C521F1D7EDD,id=505f8c76-ced5-497a-8cb1-9cb8091dfd1a
2019-09-16 19:01:43,933 [RatisPipelineUtilsThread] INFO  pipeline.PipelineStateManager (PipelineStateManager.java:addPipeline(56)) - Created pipeline Pipeline[ Id: 542e30fe-0d1d-46e1-acff-5c521f1d7edd, Nodes: 68be27f3-88a4-44cc-b247-f49ac3f20aed{ip: 192.168.34.56, host: pr-hdds-2111-hlhfn-3535364396, networkLocation: /default-rack, certSerialId: null}505f8c76-ced5-497a-8cb1-9cb8091dfd1a{ip: 192.168.34.56, host: pr-hdds-2111-hlhfn-3535364396, networkLocation: /default-rack, certSerialId: null}5b218fb7-e3eb-43f7-8349-cdd73bd26c4f{ip: 192.168.34.56, host: pr-hdds-2111-hlhfn-3535364396, networkLocation: /default-rack, certSerialId: null}, Type:RATIS, Factor:THREE, State:OPEN]
2019-09-16 19:01:44,378 [Command processor thread] ERROR commandhandler.CloseContainerCommandHandler (CloseContainerCommandHandler.java:handle(84)) - Container #1 does not exist in datanode. Container close failed.
2019-09-16 19:01:44,410 [Thread-193] INFO  container.ReplicationManager (ReplicationManager.java:start(169)) - Replication Monitor Thread is already running.
2019-09-16 19:01:44,510 [Command processor thread] ERROR commandhandler.CloseContainerCommandHandler (CloseContainerCommandHandler.java:handle(84)) - Container #1 does not exist in datanode. Container close failed.
2019-09-16 19:01:44,596 [Command processor thread] ERROR commandhandler.CloseContainerCommandHandler (CloseContainerCommandHandler.java:handle(84)) - Container #1 does not exist in datanode. Container close failed.
2019-09-16 19:01:44,606 [ReplicationMonitor] INFO  container.ReplicationManager (ReplicationManager.java:run(225)) - Replication Monitor Thread took 1 milliseconds for processing 1 containers.
2019-09-16 19:01:44,764 [grpc-default-executor-0] INFO  client.GrpcClientProtocolClient (GrpcClientProtocolClient.java:onNext(264)) - client-31B89D9E4C3C->5b218fb7-e3eb-43f7-8349-cdd73bd26c4f: receive RaftClientReply:client-31B89D9E4C3C->5b218fb7-e3eb-43f7-8349-cdd73bd26c4f@group-2AD450EB18A6, cid=8, FAILED org.apache.ratis.protocol.NotLeaderException: Server 5b218fb7-e3eb-43f7-8349-cdd73bd26c4f@group-2AD450EB18A6 is not the leader, logIndex=0, commits[5b218fb7-e3eb-43f7-8349-cdd73bd26c4f:c-1]
2019-09-16 19:01:45,786 [grpc-default-executor-2] INFO  client.GrpcClientProtocolClient (GrpcClientProtocolClient.java:onNext(264)) - client-31B89D9E4C3C->68be27f3-88a4-44cc-b247-f49ac3f20aed: receive RaftClientReply:client-31B89D9E4C3C->68be27f3-88a4-44cc-b247-f49ac3f20aed@group-2AD450EB18A6, cid=8, FAILED org.apache.ratis.protocol.NotLeaderException: Server 68be27f3-88a4-44cc-b247-f49ac3f20aed@group-2AD450EB18A6 is not the leader, logIndex=0, commits[68be27f3-88a4-44cc-b247-f49ac3f20aed:c-1]
2019-09-16 19:01:46,606 [ReplicationMonitor] INFO  container.ReplicationManager (ReplicationManager.java:run(225)) - Replication Monitor Thread took 0 milliseconds for processing 1 containers.
2019-09-16 19:01:46,811 [grpc-default-executor-2] INFO  client.GrpcClientProtocolClient (GrpcClientProtocolClient.java:onNext(264)) - client-31B89D9E4C3C->5b218fb7-e3eb-43f7-8349-cdd73bd26c4f: receive RaftClientReply:client-31B89D9E4C3C->5b218fb7-e3eb-43f7-8349-cdd73bd26c4f@group-2AD450EB18A6, cid=8, FAILED org.apache.ratis.protocol.NotLeaderException: Server 5b218fb7-e3eb-43f7-8349-cdd73bd26c4f@group-2AD450EB18A6 is not the leader, logIndex=0, commits[5b218fb7-e3eb-43f7-8349-cdd73bd26c4f:c-1]
2019-09-16 19:01:47,266 [Thread-195] INFO  impl.FollowerState (FollowerState.java:run(106)) - 5b218fb7-e3eb-43f7-8349-cdd73bd26c4f:group-D989F1650DB6 changes to CANDIDATE, lastRpcTime:5150, electionTimeout:5150ms
2019-09-16 19:01:47,270 [Thread-195] INFO  impl.RoleInfo (RoleInfo.java:shutdownFollowerState(121)) - 5b218fb7-e3eb-43f7-8349-cdd73bd26c4f: shutdown FollowerState
2019-09-16 19:01:47,271 [Thread-195] INFO  impl.RaftServerImpl (RaftServerImpl.java:setRole(174)) - 5b218fb7-e3eb-43f7-8349-cdd73bd26c4f@group-D989F1650DB6: changes role from  FOLLOWER to CANDIDATE at term 0 for changeToCandidate
2019-09-16 19:01:47,275 [Thread-195] INFO  impl.RoleInfo (RoleInfo.java:updateAndGet(143)) - 5b218fb7-e3eb-43f7-8349-cdd73bd26c4f: start LeaderElection
2019-09-16 19:01:47,393 [5b218fb7-e3eb-43f7-8349-cdd73bd26c4f@group-D989F1650DB6:LeaderElection1] INFO  impl.LeaderElection (LeaderElection.java:askForVotes(182)) - 5b218fb7-e3eb-43f7-8349-cdd73bd26c4f@group-D989F1650DB6:LeaderElection1: begin an election at term 1 for -1: [5b218fb7-e3eb-43f7-8349-cdd73bd26c4f:192.168.34.56:37046], old=null
2019-09-16 19:01:47,394 [5b218fb7-e3eb-43f7-8349-cdd73bd26c4f@group-D989F1650DB6:LeaderElection1] INFO  impl.RoleInfo (RoleInfo.java:shutdownLeaderElection(134)) - 5b218fb7-e3eb-43f7-8349-cdd73bd26c4f: shutdown LeaderElection
2019-09-16 19:01:47,395 [5b218fb7-e3eb-43f7-8349-cdd73bd26c4f@group-D989F1650DB6:LeaderElection1] INFO  impl.RaftServerImpl (RaftServerImpl.java:setRole(174)) - 5b218fb7-e3eb-43f7-8349-cdd73bd26c4f@group-D989F1650DB6: changes role from CANDIDATE to LEADER at term 1 for changeToLeader
2019-09-16 19:01:47,395 [5b218fb7-e3eb-43f7-8349-cdd73bd26c4f@group-D989F1650DB6:LeaderElection1] INFO  impl.RaftServerImpl (ServerState.java:setLeader(253)) - 5b218fb7-e3eb-43f7-8349-cdd73bd26c4f@group-D989F1650DB6: change Leader from null to 5b218fb7-e3eb-43f7-8349-cdd73bd26c4f at term 1 for becomeLeader, leader elected after 5398ms
2019-09-16 19:01:47,400 [5b218fb7-e3eb-43f7-8349-cdd73bd26c4f@group-D989F1650DB6:LeaderElection1] INFO  server.RaftServerConfigKeys (ConfUtils.java:logGet(43)) - raft.server.staging.catchup.gap = 1000 (default)
2019-09-16 19:01:47,400 [5b218fb7-e3eb-43f7-8349-cdd73bd26c4f@group-D989F1650DB6:LeaderElection1] INFO  server.RaftServerConfigKeys (ConfUtils.java:logGet(43)) - raft.server.rpc.sleep.time = 25ms (default)
2019-09-16 19:01:47,402 [5b218fb7-e3eb-43f7-8349-cdd73bd26c4f@group-D989F1650DB6:LeaderElection1] INFO  server.RaftServerConfigKeys (ConfUtils.java:logGet(43)) - raft.server.write.element-limit = 4096 (default)
2019-09-16 19:01:47,404 [5b218fb7-e3eb-43f7-8349-cdd73bd26c4f@group-D989F1650DB6:LeaderElection1] INFO  server.RaftServerConfigKeys (ConfUtils.java:logGet(43)) - raft.server.watch.timeout = 10s (default)
2019-09-16 19:01:47,404 [5b218fb7-e3eb-43f7-8349-cdd73bd26c4f@group-D989F1650DB6:LeaderElection1] INFO  server.RaftServerConfigKeys (ConfUtils.java:logGet(43)) - raft.server.watch.timeout.denomination = 1s (default)
2019-09-16 19:01:47,405 [5b218fb7-e3eb-43f7-8349-cdd73bd26c4f@group-D989F1650DB6:LeaderElection1] INFO  server.RaftServerConfigKeys (ConfUtils.java:logGet(43)) - raft.server.watch.element-limit = 65536 (default)
2019-09-16 19:01:47,416 [5b218fb7-e3eb-43f7-8349-cdd73bd26c4f@group-D989F1650DB6:LeaderElection1] INFO  impl.RoleInfo (RoleInfo.java:updateAndGet(143)) - 5b218fb7-e3eb-43f7-8349-cdd73bd26c4f: start LeaderState
2019-09-16 19:01:47,437 [5b218fb7-e3eb-43f7-8349-cdd73bd26c4f@group-D989F1650DB6:LeaderElection1] INFO  segmented.SegmentedRaftLogWorker (SegmentedRaftLogWorker.java:startLogSegment(380)) - 5b218fb7-e3eb-43f7-8349-cdd73bd26c4f@group-D989F1650DB6-SegmentedRaftLogWorker: Starting segment from index:0
2019-09-16 19:01:47,445 [5b218fb7-e3eb-43f7-8349-cdd73bd26c4f@group-D989F1650DB6:LeaderElection1] INFO  impl.RaftServerImpl (ServerState.java:setRaftConf(354)) - 5b218fb7-e3eb-43f7-8349-cdd73bd26c4f@group-D989F1650DB6: set configuration 0: [5b218fb7-e3eb-43f7-8349-cdd73bd26c4f:192.168.34.56:37046], old=null at 0
2019-09-16 19:01:47,477 [Thread-198] INFO  impl.FollowerState (FollowerState.java:run(106)) - 68be27f3-88a4-44cc-b247-f49ac3f20aed:group-10B540CF4FF4 changes to CANDIDATE, lastRpcTime:5160, electionTimeout:5159ms
2019-09-16 19:01:47,479 [Thread-198] INFO  impl.RoleInfo (RoleInfo.java:shutdownFollowerState(121)) - 68be27f3-88a4-44cc-b247-f49ac3f20aed: shutdown FollowerState
2019-09-16 19:01:47,479 [Thread-198] INFO  impl.RaftServerImpl (RaftServerImpl.java:setRole(174)) - 68be27f3-88a4-44cc-b247-f49ac3f20aed@group-10B540CF4FF4: changes role from  FOLLOWER to CANDIDATE at term 0 for changeToCandidate
2019-09-16 19:01:47,479 [Thread-198] INFO  impl.RoleInfo (RoleInfo.java:updateAndGet(143)) - 68be27f3-88a4-44cc-b247-f49ac3f20aed: start LeaderElection
2019-09-16 19:01:47,487 [Thread-201] INFO  impl.FollowerState (FollowerState.java:run(106)) - 505f8c76-ced5-497a-8cb1-9cb8091dfd1a:group-80348666F6A9 changes to CANDIDATE, lastRpcTime:5060, electionTimeout:5060ms
2019-09-16 19:01:47,488 [Thread-201] INFO  impl.RoleInfo (RoleInfo.java:shutdownFollowerState(121)) - 505f8c76-ced5-497a-8cb1-9cb8091dfd1a: shutdown FollowerState
2019-09-16 19:01:47,488 [Thread-201] INFO  impl.RaftServerImpl (RaftServerImpl.java:setRole(174)) - 505f8c76-ced5-497a-8cb1-9cb8091dfd1a@group-80348666F6A9: changes role from  FOLLOWER to CANDIDATE at term 0 for changeToCandidate
2019-09-16 19:01:47,488 [Thread-201] INFO  impl.RoleInfo (RoleInfo.java:updateAndGet(143)) - 505f8c76-ced5-497a-8cb1-9cb8091dfd1a: start LeaderElection
2019-09-16 19:01:47,562 [68be27f3-88a4-44cc-b247-f49ac3f20aed@group-10B540CF4FF4:LeaderElection2] INFO  impl.LeaderElection (LeaderElection.java:askForVotes(182)) - 68be27f3-88a4-44cc-b247-f49ac3f20aed@group-10B540CF4FF4:LeaderElection2: begin an election at term 1 for -1: [68be27f3-88a4-44cc-b247-f49ac3f20aed:192.168.34.56:44214], old=null
2019-09-16 19:01:47,562 [505f8c76-ced5-497a-8cb1-9cb8091dfd1a@group-80348666F6A9:LeaderElection3] INFO  impl.LeaderElection (LeaderElection.java:askForVotes(182)) - 505f8c76-ced5-497a-8cb1-9cb8091dfd1a@group-80348666F6A9:LeaderElection3: begin an election at term 1 for -1: [505f8c76-ced5-497a-8cb1-9cb8091dfd1a:192.168.34.56:36291], old=null
2019-09-16 19:01:47,564 [68be27f3-88a4-44cc-b247-f49ac3f20aed@group-10B540CF4FF4:LeaderElection2] INFO  impl.RoleInfo (RoleInfo.java:shutdownLeaderElection(134)) - 68be27f3-88a4-44cc-b247-f49ac3f20aed: shutdown LeaderElection
2019-09-16 19:01:47,564 [505f8c76-ced5-497a-8cb1-9cb8091dfd1a@group-80348666F6A9:LeaderElection3] INFO  impl.RoleInfo (RoleInfo.java:shutdownLeaderElection(134)) - 505f8c76-ced5-497a-8cb1-9cb8091dfd1a: shutdown LeaderElection
2019-09-16 19:01:47,564 [68be27f3-88a4-44cc-b247-f49ac3f20aed@group-10B540CF4FF4:LeaderElection2] INFO  impl.RaftServerImpl (RaftServerImpl.java:setRole(174)) - 68be27f3-88a4-44cc-b247-f49ac3f20aed@group-10B540CF4FF4: changes role from CANDIDATE to LEADER at term 1 for changeToLeader
2019-09-16 19:01:47,564 [505f8c76-ced5-497a-8cb1-9cb8091dfd1a@group-80348666F6A9:LeaderElection3] INFO  impl.RaftServerImpl (RaftServerImpl.java:setRole(174)) - 505f8c76-ced5-497a-8cb1-9cb8091dfd1a@group-80348666F6A9: changes role from CANDIDATE to LEADER at term 1 for changeToLeader
2019-09-16 19:01:47,564 [68be27f3-88a4-44cc-b247-f49ac3f20aed@group-10B540CF4FF4:LeaderElection2] INFO  impl.RaftServerImpl (ServerState.java:setLeader(253)) - 68be27f3-88a4-44cc-b247-f49ac3f20aed@group-10B540CF4FF4: change Leader from null to 68be27f3-88a4-44cc-b247-f49ac3f20aed at term 1 for becomeLeader, leader elected after 5268ms
2019-09-16 19:01:47,564 [505f8c76-ced5-497a-8cb1-9cb8091dfd1a@group-80348666F6A9:LeaderElection3] INFO  impl.RaftServerImpl (ServerState.java:setLeader(253)) - 505f8c76-ced5-497a-8cb1-9cb8091dfd1a@group-80348666F6A9: change Leader from null to 505f8c76-ced5-497a-8cb1-9cb8091dfd1a at term 1 for becomeLeader, leader elected after 5171ms
2019-09-16 19:01:47,564 [68be27f3-88a4-44cc-b247-f49ac3f20aed@group-10B540CF4FF4:LeaderElection2] INFO  server.RaftServerConfigKeys (ConfUtils.java:logGet(43)) - raft.server.staging.catchup.gap = 1000 (default)
2019-09-16 19:01:47,565 [505f8c76-ced5-497a-8cb1-9cb8091dfd1a@group-80348666F6A9:LeaderElection3] INFO  server.RaftServerConfigKeys (ConfUtils.java:logGet(43)) - raft.server.staging.catchup.gap = 1000 (default)
2019-09-16 19:01:47,565 [68be27f3-88a4-44cc-b247-f49ac3f20aed@group-10B540CF4FF4:LeaderElection2] INFO  server.RaftServerConfigKeys (ConfUtils.java:logGet(43)) - raft.server.rpc.sleep.time = 25ms (default)
2019-09-16 19:01:47,565 [505f8c76-ced5-497a-8cb1-9cb8091dfd1a@group-80348666F6A9:LeaderElection3] INFO  server.RaftServerConfigKeys (ConfUtils.java:logGet(43)) - raft.server.rpc.sleep.time = 25ms (default)
2019-09-16 19:01:47,565 [68be27f3-88a4-44cc-b247-f49ac3f20aed@group-10B540CF4FF4:LeaderElection2] INFO  server.RaftServerConfigKeys (ConfUtils.java:logGet(43)) - raft.server.write.element-limit = 4096 (default)
2019-09-16 19:01:47,565 [505f8c76-ced5-497a-8cb1-9cb8091dfd1a@group-80348666F6A9:LeaderElection3] INFO  server.RaftServerConfigKeys (ConfUtils.java:logGet(43)) - raft.server.write.element-limit = 4096 (default)
2019-09-16 19:01:47,566 [68be27f3-88a4-44cc-b247-f49ac3f20aed@group-10B540CF4FF4:LeaderElection2] INFO  server.RaftServerConfigKeys (ConfUtils.java:logGet(43)) - raft.server.watch.timeout = 10s (default)
2019-09-16 19:01:47,566 [505f8c76-ced5-497a-8cb1-9cb8091dfd1a@group-80348666F6A9:LeaderElection3] INFO  server.RaftServerConfigKeys (ConfUtils.java:logGet(43)) - raft.server.watch.timeout = 10s (default)
2019-09-16 19:01:47,566 [68be27f3-88a4-44cc-b247-f49ac3f20aed@group-10B540CF4FF4:LeaderElection2] INFO  server.RaftServerConfigKeys (ConfUtils.java:logGet(43)) - raft.server.watch.timeout.denomination = 1s (default)
2019-09-16 19:01:47,566 [505f8c76-ced5-497a-8cb1-9cb8091dfd1a@group-80348666F6A9:LeaderElection3] INFO  server.RaftServerConfigKeys (ConfUtils.java:logGet(43)) - raft.server.watch.timeout.denomination = 1s (default)
2019-09-16 19:01:47,566 [68be27f3-88a4-44cc-b247-f49ac3f20aed@group-10B540CF4FF4:LeaderElection2] INFO  server.RaftServerConfigKeys (ConfUtils.java:logGet(43)) - raft.server.watch.element-limit = 65536 (default)
2019-09-16 19:01:47,566 [505f8c76-ced5-497a-8cb1-9cb8091dfd1a@group-80348666F6A9:LeaderElection3] INFO  server.RaftServerConfigKeys (ConfUtils.java:logGet(43)) - raft.server.watch.element-limit = 65536 (default)
2019-09-16 19:01:47,569 [68be27f3-88a4-44cc-b247-f49ac3f20aed@group-10B540CF4FF4:LeaderElection2] INFO  impl.RoleInfo (RoleInfo.java:updateAndGet(143)) - 68be27f3-88a4-44cc-b247-f49ac3f20aed: start LeaderState
2019-09-16 19:01:47,569 [505f8c76-ced5-497a-8cb1-9cb8091dfd1a@group-80348666F6A9:LeaderElection3] INFO  impl.RoleInfo (RoleInfo.java:updateAndGet(143)) - 505f8c76-ced5-497a-8cb1-9cb8091dfd1a: start LeaderState
2019-09-16 19:01:47,569 [68be27f3-88a4-44cc-b247-f49ac3f20aed@group-10B540CF4FF4:LeaderElection2] INFO  segmented.SegmentedRaftLogWorker (SegmentedRaftLogWorker.java:startLogSegment(380)) - 68be27f3-88a4-44cc-b247-f49ac3f20aed@group-10B540CF4FF4-SegmentedRaftLogWorker: Starting segment from index:0
2019-09-16 19:01:47,569 [505f8c76-ced5-497a-8cb1-9cb8091dfd1a@group-80348666F6A9:LeaderElection3] INFO  segmented.SegmentedRaftLogWorker (SegmentedRaftLogWorker.java:startLogSegment(380)) - 505f8c76-ced5-497a-8cb1-9cb8091dfd1a@group-80348666F6A9-SegmentedRaftLogWorker: Starting segment from index:0
2019-09-16 19:01:47,570 [68be27f3-88a4-44cc-b247-f49ac3f20aed@group-10B540CF4FF4:LeaderElection2] INFO  impl.RaftServerImpl (ServerState.java:setRaftConf(354)) - 68be27f3-88a4-44cc-b247-f49ac3f20aed@group-10B540CF4FF4: set configuration 0: [68be27f3-88a4-44cc-b247-f49ac3f20aed:192.168.34.56:44214], old=null at 0
2019-09-16 19:01:47,570 [505f8c76-ced5-497a-8cb1-9cb8091dfd1a@group-80348666F6A9:LeaderElection3] INFO  impl.RaftServerImpl (ServerState.java:setRaftConf(354)) - 505f8c76-ced5-497a-8cb1-9cb8091dfd1a@group-80348666F6A9: set configuration 0: [505f8c76-ced5-497a-8cb1-9cb8091dfd1a:192.168.34.56:36291], old=null at 0
2019-09-16 19:01:47,615 [Thread-209] INFO  impl.FollowerState (FollowerState.java:run(106)) - 68be27f3-88a4-44cc-b247-f49ac3f20aed:group-2AD450EB18A6 changes to CANDIDATE, lastRpcTime:5012, electionTimeout:5012ms
2019-09-16 19:01:47,615 [Thread-209] INFO  impl.RoleInfo (RoleInfo.java:shutdownFollowerState(121)) - 68be27f3-88a4-44cc-b247-f49ac3f20aed: shutdown FollowerState
2019-09-16 19:01:47,615 [Thread-209] INFO  impl.RaftServerImpl (RaftServerImpl.java:setRole(174)) - 68be27f3-88a4-44cc-b247-f49ac3f20aed@group-2AD450EB18A6: changes role from  FOLLOWER to CANDIDATE at term 0 for changeToCandidate
2019-09-16 19:01:47,615 [Thread-209] INFO  impl.RoleInfo (RoleInfo.java:updateAndGet(143)) - 68be27f3-88a4-44cc-b247-f49ac3f20aed: start LeaderElection
2019-09-16 19:01:47,645 [5b218fb7-e3eb-43f7-8349-cdd73bd26c4f@group-D989F1650DB6-SegmentedRaftLogWorker] INFO  segmented.SegmentedRaftLogWorker (SegmentedRaftLogWorker.java:execute(569)) - 5b218fb7-e3eb-43f7-8349-cdd73bd26c4f@group-D989F1650DB6-SegmentedRaftLogWorker: created new log segment /workdir/hadoop-ozone/integration-test/target/test-dir/MiniOzoneClusterImpl-fcd79d99-0155-4261-ae9e-1e388112ecdd/datanode-0/data/ratis/af53e534-607a-4948-ba3e-d989f1650db6/current/log_inprogress_0
2019-09-16 19:01:47,654 [505f8c76-ced5-497a-8cb1-9cb8091dfd1a@group-80348666F6A9-SegmentedRaftLogWorker] INFO  segmented.SegmentedRaftLogWorker (SegmentedRaftLogWorker.java:execute(569)) - 505f8c76-ced5-497a-8cb1-9cb8091dfd1a@group-80348666F6A9-SegmentedRaftLogWorker: created new log segment /workdir/hadoop-ozone/integration-test/target/test-dir/MiniOzoneClusterImpl-fcd79d99-0155-4261-ae9e-1e388112ecdd/datanode-2/data/ratis/d211380c-ed82-48cd-9450-80348666f6a9/current/log_inprogress_0
2019-09-16 19:01:47,654 [68be27f3-88a4-44cc-b247-f49ac3f20aed@group-2AD450EB18A6:LeaderElection4] INFO  impl.LeaderElection (LeaderElection.java:askForVotes(182)) - 68be27f3-88a4-44cc-b247-f49ac3f20aed@group-2AD450EB18A6:LeaderElection4: begin an election at term 1 for -1: [68be27f3-88a4-44cc-b247-f49ac3f20aed:192.168.34.56:44214, 505f8c76-ced5-497a-8cb1-9cb8091dfd1a:192.168.34.56:36291, 5b218fb7-e3eb-43f7-8349-cdd73bd26c4f:192.168.34.56:37046], old=null
2019-09-16 19:01:47,654 [68be27f3-88a4-44cc-b247-f49ac3f20aed@group-10B540CF4FF4-SegmentedRaftLogWorker] INFO  segmented.SegmentedRaftLogWorker (SegmentedRaftLogWorker.java:execute(569)) - 68be27f3-88a4-44cc-b247-f49ac3f20aed@group-10B540CF4FF4-SegmentedRaftLogWorker: created new log segment /workdir/hadoop-ozone/integration-test/target/test-dir/MiniOzoneClusterImpl-fcd79d99-0155-4261-ae9e-1e388112ecdd/datanode-3/data/ratis/8e9d45d9-60a5-4e9b-a9c1-10b540cf4ff4/current/log_inprogress_0
2019-09-16 19:01:47,665 [Thread-204] INFO  impl.FollowerState (FollowerState.java:run(106)) - 44528711-e6a2-4593-afed-4c2b8e24069d:group-18146060BB99 changes to CANDIDATE, lastRpcTime:5171, electionTimeout:5171ms
2019-09-16 19:01:47,666 [Thread-204] INFO  impl.RoleInfo (RoleInfo.java:shutdownFollowerState(121)) - 44528711-e6a2-4593-afed-4c2b8e24069d: shutdown FollowerState
2019-09-16 19:01:47,666 [Thread-204] INFO  impl.RaftServerImpl (RaftServerImpl.java:setRole(174)) - 44528711-e6a2-4593-afed-4c2b8e24069d@group-18146060BB99: changes role from  FOLLOWER to CANDIDATE at term 0 for changeToCandidate
2019-09-16 19:01:47,666 [Thread-204] INFO  impl.RoleInfo (RoleInfo.java:updateAndGet(143)) - 44528711-e6a2-4593-afed-4c2b8e24069d: start LeaderElection
2019-09-16 19:01:47,678 [grpc-default-executor-0] INFO  impl.RaftServerImpl (RaftServerImpl.java:setRole(174)) - 505f8c76-ced5-497a-8cb1-9cb8091dfd1a@group-2AD450EB18A6: changes role from  FOLLOWER to FOLLOWER at term 1 for recognizeCandidate:68be27f3-88a4-44cc-b247-f49ac3f20aed
2019-09-16 19:01:47,678 [grpc-default-executor-2] INFO  impl.RaftServerImpl (RaftServerImpl.java:setRole(174)) - 5b218fb7-e3eb-43f7-8349-cdd73bd26c4f@group-2AD450EB18A6: changes role from  FOLLOWER to FOLLOWER at term 1 for recognizeCandidate:68be27f3-88a4-44cc-b247-f49ac3f20aed
2019-09-16 19:01:47,678 [grpc-default-executor-0] INFO  impl.RoleInfo (RoleInfo.java:shutdownFollowerState(121)) - 505f8c76-ced5-497a-8cb1-9cb8091dfd1a: shutdown FollowerState
2019-09-16 19:01:47,678 [grpc-default-executor-2] INFO  impl.RoleInfo (RoleInfo.java:shutdownFollowerState(121)) - 5b218fb7-e3eb-43f7-8349-cdd73bd26c4f: shutdown FollowerState
2019-09-16 19:01:47,679 [grpc-default-executor-0] INFO  impl.RoleInfo (RoleInfo.java:updateAndGet(143)) - 505f8c76-ced5-497a-8cb1-9cb8091dfd1a: start FollowerState
2019-09-16 19:01:47,679 [grpc-default-executor-2] INFO  impl.RoleInfo (RoleInfo.java:updateAndGet(143)) - 5b218fb7-e3eb-43f7-8349-cdd73bd26c4f: start FollowerState
2019-09-16 19:01:47,679 [Thread-213] INFO  impl.FollowerState (FollowerState.java:run(115)) - 505f8c76-ced5-497a-8cb1-9cb8091dfd1a: FollowerState was interrupted: java.lang.InterruptedException: sleep interrupted
2019-09-16 19:01:47,679 [Thread-212] INFO  impl.FollowerState (FollowerState.java:run(115)) - 5b218fb7-e3eb-43f7-8349-cdd73bd26c4f: FollowerState was interrupted: java.lang.InterruptedException: sleep interrupted
2019-09-16 19:01:47,738 [44528711-e6a2-4593-afed-4c2b8e24069d@group-18146060BB99:LeaderElection5] INFO  impl.LeaderElection (LeaderElection.java:askForVotes(182)) - 44528711-e6a2-4593-afed-4c2b8e24069d@group-18146060BB99:LeaderElection5: begin an election at term 1 for -1: [44528711-e6a2-4593-afed-4c2b8e24069d:192.168.34.56:43334], old=null
2019-09-16 19:01:47,738 [44528711-e6a2-4593-afed-4c2b8e24069d@group-18146060BB99:LeaderElection5] INFO  impl.RoleInfo (RoleInfo.java:shutdownLeaderElection(134)) - 44528711-e6a2-4593-afed-4c2b8e24069d: shutdown LeaderElection
2019-09-16 19:01:47,738 [44528711-e6a2-4593-afed-4c2b8e24069d@group-18146060BB99:LeaderElection5] INFO  impl.RaftServerImpl (RaftServerImpl.java:setRole(174)) - 44528711-e6a2-4593-afed-4c2b8e24069d@group-18146060BB99: changes role from CANDIDATE to LEADER at term 1 for changeToLeader
2019-09-16 19:01:47,739 [44528711-e6a2-4593-afed-4c2b8e24069d@group-18146060BB99:LeaderElection5] INFO  impl.RaftServerImpl (ServerState.java:setLeader(253)) - 44528711-e6a2-4593-afed-4c2b8e24069d@group-18146060BB99: change Leader from null to 44528711-e6a2-4593-afed-4c2b8e24069d at term 1 for becomeLeader, leader elected after 5258ms
2019-09-16 19:01:47,739 [44528711-e6a2-4593-afed-4c2b8e24069d@group-18146060BB99:LeaderElection5] INFO  server.RaftServerConfigKeys (ConfUtils.java:logGet(43)) - raft.server.staging.catchup.gap = 1000 (default)
2019-09-16 19:01:47,739 [44528711-e6a2-4593-afed-4c2b8e24069d@group-18146060BB99:LeaderElection5] INFO  server.RaftServerConfigKeys (ConfUtils.java:logGet(43)) - raft.server.rpc.sleep.time = 25ms (default)
2019-09-16 19:01:47,739 [44528711-e6a2-4593-afed-4c2b8e24069d@group-18146060BB99:LeaderElection5] INFO  server.RaftServerConfigKeys (ConfUtils.java:logGet(43)) - raft.server.write.element-limit = 4096 (default)
2019-09-16 19:01:47,739 [44528711-e6a2-4593-afed-4c2b8e24069d@group-18146060BB99:LeaderElection5] INFO  server.RaftServerConfigKeys (ConfUtils.java:logGet(43)) - raft.server.watch.timeout = 10s (default)
2019-09-16 19:01:47,739 [44528711-e6a2-4593-afed-4c2b8e24069d@group-18146060BB99:LeaderElection5] INFO  server.RaftServerConfigKeys (ConfUtils.java:logGet(43)) - raft.server.watch.timeout.denomination = 1s (default)
2019-09-16 19:01:47,740 [44528711-e6a2-4593-afed-4c2b8e24069d@group-18146060BB99:LeaderElection5] INFO  server.RaftServerConfigKeys (ConfUtils.java:logGet(43)) - raft.server.watch.element-limit = 65536 (default)
2019-09-16 19:01:47,743 [44528711-e6a2-4593-afed-4c2b8e24069d@group-18146060BB99:LeaderElection5] INFO  impl.RoleInfo (RoleInfo.java:updateAndGet(143)) - 44528711-e6a2-4593-afed-4c2b8e24069d: start LeaderState
2019-09-16 19:01:47,743 [44528711-e6a2-4593-afed-4c2b8e24069d@group-18146060BB99:LeaderElection5] INFO  segmented.SegmentedRaftLogWorker (SegmentedRaftLogWorker.java:startLogSegment(380)) - 44528711-e6a2-4593-afed-4c2b8e24069d@group-18146060BB99-SegmentedRaftLogWorker: Starting segment from index:0
2019-09-16 19:01:47,743 [44528711-e6a2-4593-afed-4c2b8e24069d@group-18146060BB99:LeaderElection5] INFO  impl.RaftServerImpl (ServerState.java:setRaftConf(354)) - 44528711-e6a2-4593-afed-4c2b8e24069d@group-18146060BB99: set configuration 0: [44528711-e6a2-4593-afed-4c2b8e24069d:192.168.34.56:43334], old=null at 0
2019-09-16 19:01:47,776 [68be27f3-88a4-44cc-b247-f49ac3f20aed@group-2AD450EB18A6:LeaderElection4] INFO  impl.LeaderElection (LeaderElection.java:logAndReturn(56)) - 68be27f3-88a4-44cc-b247-f49ac3f20aed@group-2AD450EB18A6:LeaderElection4: Election PASSED; received 1 response(s) [68be27f3-88a4-44cc-b247-f49ac3f20aed<-505f8c76-ced5-497a-8cb1-9cb8091dfd1a#0:OK-t1] and 0 exception(s); 68be27f3-88a4-44cc-b247-f49ac3f20aed@group-2AD450EB18A6:t1, leader=null, voted=68be27f3-88a4-44cc-b247-f49ac3f20aed, raftlog=68be27f3-88a4-44cc-b247-f49ac3f20aed@group-2AD450EB18A6-SegmentedRaftLog:OPENED:c-1,f-1,i0, conf=-1: [68be27f3-88a4-44cc-b247-f49ac3f20aed:192.168.34.56:44214, 505f8c76-ced5-497a-8cb1-9cb8091dfd1a:192.168.34.56:36291, 5b218fb7-e3eb-43f7-8349-cdd73bd26c4f:192.168.34.56:37046], old=null
2019-09-16 19:01:47,777 [68be27f3-88a4-44cc-b247-f49ac3f20aed@group-2AD450EB18A6:LeaderElection4] INFO  impl.RoleInfo (RoleInfo.java:shutdownLeaderElection(134)) - 68be27f3-88a4-44cc-b247-f49ac3f20aed: shutdown LeaderElection
2019-09-16 19:01:47,778 [68be27f3-88a4-44cc-b247-f49ac3f20aed@group-2AD450EB18A6:LeaderElection4] INFO  impl.RaftServerImpl (RaftServerImpl.java:setRole(174)) - 68be27f3-88a4-44cc-b247-f49ac3f20aed@group-2AD450EB18A6: changes role from CANDIDATE to LEADER at term 1 for changeToLeader
2019-09-16 19:01:47,778 [68be27f3-88a4-44cc-b247-f49ac3f20aed@group-2AD450EB18A6:LeaderElection4] INFO  impl.RaftServerImpl (ServerState.java:setLeader(253)) - 68be27f3-88a4-44cc-b247-f49ac3f20aed@group-2AD450EB18A6: change Leader from null to 68be27f3-88a4-44cc-b247-f49ac3f20aed at term 1 for becomeLeader, leader elected after 5184ms
2019-09-16 19:01:47,778 [68be27f3-88a4-44cc-b247-f49ac3f20aed@group-2AD450EB18A6:LeaderElection4] INFO  server.RaftServerConfigKeys (ConfUtils.java:logGet(43)) - raft.server.staging.catchup.gap = 1000 (default)
2019-09-16 19:01:47,778 [68be27f3-88a4-44cc-b247-f49ac3f20aed@group-2AD450EB18A6:LeaderElection4] INFO  server.RaftServerConfigKeys (ConfUtils.java:logGet(43)) - raft.server.rpc.sleep.time = 25ms (default)
2019-09-16 19:01:47,778 [68be27f3-88a4-44cc-b247-f49ac3f20aed@group-2AD450EB18A6:LeaderElection4] INFO  server.RaftServerConfigKeys (ConfUtils.java:logGet(43)) - raft.server.write.element-limit = 4096 (default)
2019-09-16 19:01:47,779 [68be27f3-88a4-44cc-b247-f49ac3f20aed@group-2AD450EB18A6:LeaderElection4] INFO  server.RaftServerConfigKeys (ConfUtils.java:logGet(43)) - raft.server.watch.timeout = 10s (default)
2019-09-16 19:01:47,779 [68be27f3-88a4-44cc-b247-f49ac3f20aed@group-2AD450EB18A6:LeaderElection4] INFO  server.RaftServerConfigKeys (ConfUtils.java:logGet(43)) - raft.server.watch.timeout.denomination = 1s (default)
2019-09-16 19:01:47,779 [68be27f3-88a4-44cc-b247-f49ac3f20aed@group-2AD450EB18A6:LeaderElection4] INFO  server.RaftServerConfigKeys (ConfUtils.java:logGet(43)) - raft.server.watch.element-limit = 65536 (default)
2019-09-16 19:01:47,783 [68be27f3-88a4-44cc-b247-f49ac3f20aed@group-2AD450EB18A6:LeaderElection4] INFO  server.RaftServerConfigKeys (ConfUtils.java:logGet(43)) - raft.server.log.appender.snapshot.chunk.size.max = 16MB (=16777216) (default)
2019-09-16 19:01:47,784 [68be27f3-88a4-44cc-b247-f49ac3f20aed@group-2AD450EB18A6:LeaderElection4] INFO  server.RaftServerConfigKeys (ConfUtils.java:logGet(43)) - raft.server.log.appender.buffer.byte-limit = 33554432 (custom)
2019-09-16 19:01:47,784 [68be27f3-88a4-44cc-b247-f49ac3f20aed@group-2AD450EB18A6:LeaderElection4] INFO  server.RaftServerConfigKeys (ConfUtils.java:logGet(43)) - raft.server.log.appender.buffer.element-limit = 1 (custom)
2019-09-16 19:01:47,788 [68be27f3-88a4-44cc-b247-f49ac3f20aed@group-2AD450EB18A6:LeaderElection4] INFO  grpc.GrpcConfigKeys$Server (ConfUtils.java:logGet(43)) - raft.grpc.server.leader.outstanding.appends.max = 128 (default)
2019-09-16 19:01:47,788 [68be27f3-88a4-44cc-b247-f49ac3f20aed@group-2AD450EB18A6:LeaderElection4] INFO  server.RaftServerConfigKeys (ConfUtils.java:logGet(43)) - raft.server.rpc.request.timeout = 3000ms (default)
2019-09-16 19:01:47,788 [68be27f3-88a4-44cc-b247-f49ac3f20aed@group-2AD450EB18A6:LeaderElection4] INFO  server.RaftServerConfigKeys (ConfUtils.java:logGet(43)) - raft.server.log.appender.install.snapshot.enabled = false (custom)
2019-09-16 19:01:47,789 [68be27f3-88a4-44cc-b247-f49ac3f20aed@group-2AD450EB18A6:LeaderElection4] INFO  server.RaftServerConfigKeys (ConfUtils.java:logGet(43)) - raft.server.log.appender.snapshot.chunk.size.max = 16MB (=16777216) (default)
2019-09-16 19:01:47,789 [68be27f3-88a4-44cc-b247-f49ac3f20aed@group-2AD450EB18A6:LeaderElection4] INFO  server.RaftServerConfigKeys (ConfUtils.java:logGet(43)) - raft.server.log.appender.buffer.byte-limit = 33554432 (custom)
2019-09-16 19:01:47,790 [68be27f3-88a4-44cc-b247-f49ac3f20aed@group-2AD450EB18A6:LeaderElection4] INFO  server.RaftServerConfigKeys (ConfUtils.java:logGet(43)) - raft.server.log.appender.buffer.element-limit = 1 (custom)
2019-09-16 19:01:47,790 [68be27f3-88a4-44cc-b247-f49ac3f20aed@group-2AD450EB18A6:LeaderElection4] INFO  grpc.GrpcConfigKeys$Server (ConfUtils.java:logGet(43)) - raft.grpc.server.leader.outstanding.appends.max = 128 (default)
2019-09-16 19:01:47,790 [68be27f3-88a4-44cc-b247-f49ac3f20aed@group-2AD450EB18A6:LeaderElection4] INFO  server.RaftServerConfigKeys (ConfUtils.java:logGet(43)) - raft.server.rpc.request.timeout = 3000ms (default)
2019-09-16 19:01:47,790 [68be27f3-88a4-44cc-b247-f49ac3f20aed@group-2AD450EB18A6:LeaderElection4] INFO  server.RaftServerConfigKeys (ConfUtils.java:logGet(43)) - raft.server.log.appender.install.snapshot.enabled = false (custom)
2019-09-16 19:01:47,792 [68be27f3-88a4-44cc-b247-f49ac3f20aed@group-2AD450EB18A6:LeaderElection4] INFO  impl.RoleInfo (RoleInfo.java:updateAndGet(143)) - 68be27f3-88a4-44cc-b247-f49ac3f20aed: start LeaderState
2019-09-16 19:01:47,792 [68be27f3-88a4-44cc-b247-f49ac3f20aed@group-2AD450EB18A6:LeaderElection4] INFO  segmented.SegmentedRaftLogWorker (SegmentedRaftLogWorker.java:startLogSegment(380)) - 68be27f3-88a4-44cc-b247-f49ac3f20aed@group-2AD450EB18A6-SegmentedRaftLogWorker: Starting segment from index:0
2019-09-16 19:01:47,793 [68be27f3-88a4-44cc-b247-f49ac3f20aed@group-2AD450EB18A6:LeaderElection4] INFO  impl.RaftServerImpl (ServerState.java:setRaftConf(354)) - 68be27f3-88a4-44cc-b247-f49ac3f20aed@group-2AD450EB18A6: set configuration 0: [68be27f3-88a4-44cc-b247-f49ac3f20aed:192.168.34.56:44214, 505f8c76-ced5-497a-8cb1-9cb8091dfd1a:192.168.34.56:36291, 5b218fb7-e3eb-43f7-8349-cdd73bd26c4f:192.168.34.56:37046], old=null at 0
2019-09-16 19:01:47,848 [grpc-default-executor-2] INFO  client.GrpcClientProtocolClient (GrpcClientProtocolClient.java:onNext(264)) - client-31B89D9E4C3C->68be27f3-88a4-44cc-b247-f49ac3f20aed: receive RaftClientReply:client-31B89D9E4C3C->68be27f3-88a4-44cc-b247-f49ac3f20aed@group-2AD450EB18A6, cid=8, FAILED org.apache.ratis.protocol.LeaderNotReadyException: 68be27f3-88a4-44cc-b247-f49ac3f20aed@group-2AD450EB18A6 is in LEADER state but not ready yet., logIndex=0, commits[68be27f3-88a4-44cc-b247-f49ac3f20aed:c-1, 505f8c76-ced5-497a-8cb1-9cb8091dfd1a:c-1, 5b218fb7-e3eb-43f7-8349-cdd73bd26c4f:c-1]
2019-09-16 19:01:47,854 [grpc-default-executor-0] INFO  impl.RaftServerImpl (ServerState.java:setLeader(253)) - 5b218fb7-e3eb-43f7-8349-cdd73bd26c4f@group-2AD450EB18A6: change Leader from null to 68be27f3-88a4-44cc-b247-f49ac3f20aed at term 1 for appendEntries, leader elected after 5259ms
2019-09-16 19:01:47,854 [grpc-default-executor-1] INFO  impl.RaftServerImpl (ServerState.java:setLeader(253)) - 505f8c76-ced5-497a-8cb1-9cb8091dfd1a@group-2AD450EB18A6: change Leader from null to 68be27f3-88a4-44cc-b247-f49ac3f20aed at term 1 for appendEntries, leader elected after 5260ms
2019-09-16 19:01:47,882 [44528711-e6a2-4593-afed-4c2b8e24069d@group-18146060BB99-SegmentedRaftLogWorker] INFO  segmented.SegmentedRaftLogWorker (SegmentedRaftLogWorker.java:execute(569)) - 44528711-e6a2-4593-afed-4c2b8e24069d@group-18146060BB99-SegmentedRaftLogWorker: created new log segment /workdir/hadoop-ozone/integration-test/target/test-dir/MiniOzoneClusterImpl-fcd79d99-0155-4261-ae9e-1e388112ecdd/datanode-1/data/ratis/7a8d7df1-67d2-4458-94fe-18146060bb99/current/log_inprogress_0
2019-09-16 19:01:47,882 [68be27f3-88a4-44cc-b247-f49ac3f20aed@group-2AD450EB18A6-SegmentedRaftLogWorker] INFO  segmented.SegmentedRaftLogWorker (SegmentedRaftLogWorker.java:execute(569)) - 68be27f3-88a4-44cc-b247-f49ac3f20aed@group-2AD450EB18A6-SegmentedRaftLogWorker: created new log segment /workdir/hadoop-ozone/integration-test/target/test-dir/MiniOzoneClusterImpl-fcd79d99-0155-4261-ae9e-1e388112ecdd/datanode-3/data/ratis/bdfb17ac-e9c3-444a-8491-2ad450eb18a6/current/log_inprogress_0
2019-09-16 19:01:47,884 [grpc-default-executor-0] INFO  impl.RaftServerImpl (ServerState.java:setRaftConf(354)) - 505f8c76-ced5-497a-8cb1-9cb8091dfd1a@group-2AD450EB18A6: set configuration 0: [68be27f3-88a4-44cc-b247-f49ac3f20aed:192.168.34.56:44214, 505f8c76-ced5-497a-8cb1-9cb8091dfd1a:192.168.34.56:36291, 5b218fb7-e3eb-43f7-8349-cdd73bd26c4f:192.168.34.56:37046], old=null at 0
2019-09-16 19:01:47,884 [grpc-default-executor-1] INFO  impl.RaftServerImpl (ServerState.java:setRaftConf(354)) - 5b218fb7-e3eb-43f7-8349-cdd73bd26c4f@group-2AD450EB18A6: set configuration 0: [68be27f3-88a4-44cc-b247-f49ac3f20aed:192.168.34.56:44214, 505f8c76-ced5-497a-8cb1-9cb8091dfd1a:192.168.34.56:36291, 5b218fb7-e3eb-43f7-8349-cdd73bd26c4f:192.168.34.56:37046], old=null at 0
2019-09-16 19:01:47,884 [grpc-default-executor-0] INFO  segmented.SegmentedRaftLogWorker (SegmentedRaftLogWorker.java:startLogSegment(380)) - 505f8c76-ced5-497a-8cb1-9cb8091dfd1a@group-2AD450EB18A6-SegmentedRaftLogWorker: Starting segment from index:0
2019-09-16 19:01:47,884 [grpc-default-executor-1] INFO  segmented.SegmentedRaftLogWorker (SegmentedRaftLogWorker.java:startLogSegment(380)) - 5b218fb7-e3eb-43f7-8349-cdd73bd26c4f@group-2AD450EB18A6-SegmentedRaftLogWorker: Starting segment from index:0
2019-09-16 19:01:47,944 [505f8c76-ced5-497a-8cb1-9cb8091dfd1a@group-2AD450EB18A6-SegmentedRaftLogWorker] INFO  segmented.SegmentedRaftLogWorker (SegmentedRaftLogWorker.java:execute(569)) - 505f8c76-ced5-497a-8cb1-9cb8091dfd1a@group-2AD450EB18A6-SegmentedRaftLogWorker: created new log segment /workdir/hadoop-ozone/integration-test/target/test-dir/MiniOzoneClusterImpl-fcd79d99-0155-4261-ae9e-1e388112ecdd/datanode-2/data/ratis/bdfb17ac-e9c3-444a-8491-2ad450eb18a6/current/log_inprogress_0
2019-09-16 19:01:47,944 [5b218fb7-e3eb-43f7-8349-cdd73bd26c4f@group-2AD450EB18A6-SegmentedRaftLogWorker] INFO  segmented.SegmentedRaftLogWorker (SegmentedRaftLogWorker.java:execute(569)) - 5b218fb7-e3eb-43f7-8349-cdd73bd26c4f@group-2AD450EB18A6-SegmentedRaftLogWorker: created new log segment /workdir/hadoop-ozone/integration-test/target/test-dir/MiniOzoneClusterImpl-fcd79d99-0155-4261-ae9e-1e388112ecdd/datanode-0/data/ratis/bdfb17ac-e9c3-444a-8491-2ad450eb18a6/current/log_inprogress_0
2019-09-16 19:01:48,606 [ReplicationMonitor] INFO  container.ReplicationManager (ReplicationManager.java:run(225)) - Replication Monitor Thread took 0 milliseconds for processing 1 containers.
2019-09-16 19:01:48,781 [Thread-226] INFO  impl.FollowerState (FollowerState.java:run(106)) - 505f8c76-ced5-497a-8cb1-9cb8091dfd1a:group-0CA1669EDE86 changes to CANDIDATE, lastRpcTime:5061, electionTimeout:5061ms
2019-09-16 19:01:48,782 [Thread-226] INFO  impl.RoleInfo (RoleInfo.java:shutdownFollowerState(121)) - 505f8c76-ced5-497a-8cb1-9cb8091dfd1a: shutdown FollowerState
2019-09-16 19:01:48,782 [Thread-226] INFO  impl.RaftServerImpl (RaftServerImpl.java:setRole(174)) - 505f8c76-ced5-497a-8cb1-9cb8091dfd1a@group-0CA1669EDE86: changes role from  FOLLOWER to CANDIDATE at term 0 for changeToCandidate
2019-09-16 19:01:48,782 [Thread-226] INFO  impl.RoleInfo (RoleInfo.java:updateAndGet(143)) - 505f8c76-ced5-497a-8cb1-9cb8091dfd1a: start LeaderElection
2019-09-16 19:01:48,933 [Thread-230] INFO  impl.FollowerState (FollowerState.java:run(106)) - 5b218fb7-e3eb-43f7-8349-cdd73bd26c4f:group-0D80382A370C changes to CANDIDATE, lastRpcTime:5146, electionTimeout:5146ms
2019-09-16 19:01:48,933 [Thread-230] INFO  impl.RoleInfo (RoleInfo.java:shutdownFollowerState(121)) - 5b218fb7-e3eb-43f7-8349-cdd73bd26c4f: shutdown FollowerState
2019-09-16 19:01:48,933 [Thread-230] INFO  impl.RaftServerImpl (RaftServerImpl.java:setRole(174)) - 5b218fb7-e3eb-43f7-8349-cdd73bd26c4f@group-0D80382A370C: changes role from  FOLLOWER to CANDIDATE at term 0 for changeToCandidate
2019-09-16 19:01:48,933 [Thread-230] INFO  impl.RoleInfo (RoleInfo.java:updateAndGet(143)) - 5b218fb7-e3eb-43f7-8349-cdd73bd26c4f: start LeaderElection
2019-09-16 19:01:48,935 [Thread-240] INFO  impl.FollowerState (FollowerState.java:run(106)) - 5b218fb7-e3eb-43f7-8349-cdd73bd26c4f:group-5C521F1D7EDD changes to CANDIDATE, lastRpcTime:5011, electionTimeout:5011ms
2019-09-16 19:01:48,937 [Thread-240] INFO  impl.RoleInfo (RoleInfo.java:shutdownFollowerState(121)) - 5b218fb7-e3eb-43f7-8349-cdd73bd26c4f: shutdown FollowerState
2019-09-16 19:01:48,937 [Thread-240] INFO  impl.RaftServerImpl (RaftServerImpl.java:setRole(174)) - 5b218fb7-e3eb-43f7-8349-cdd73bd26c4f@group-5C521F1D7EDD: changes role from  FOLLOWER to CANDIDATE at term 0 for changeToCandidate
2019-09-16 19:01:48,937 [Thread-233] INFO  impl.FollowerState (FollowerState.java:run(106)) - 44528711-e6a2-4593-afed-4c2b8e24069d:group-91C714A8E592 changes to CANDIDATE, lastRpcTime:5090, electionTimeout:5090ms
2019-09-16 19:01:48,937 [Thread-240] INFO  impl.RoleInfo (RoleInfo.java:updateAndGet(143)) - 5b218fb7-e3eb-43f7-8349-cdd73bd26c4f: start LeaderElection
2019-09-16 19:01:48,937 [Thread-233] INFO  impl.RoleInfo (RoleInfo.java:shutdownFollowerState(121)) - 44528711-e6a2-4593-afed-4c2b8e24069d: shutdown FollowerState
2019-09-16 19:01:48,937 [Thread-233] INFO  impl.RaftServerImpl (RaftServerImpl.java:setRole(174)) - 44528711-e6a2-4593-afed-4c2b8e24069d@group-91C714A8E592: changes role from  FOLLOWER to CANDIDATE at term 0 for changeToCandidate
2019-09-16 19:01:48,939 [Thread-233] INFO  impl.RoleInfo (RoleInfo.java:updateAndGet(143)) - 44528711-e6a2-4593-afed-4c2b8e24069d: start LeaderElection
2019-09-16 19:01:49,024 [Thread-237] INFO  impl.FollowerState (FollowerState.java:run(106)) - 68be27f3-88a4-44cc-b247-f49ac3f20aed:group-5C521F1D7EDD changes to CANDIDATE, lastRpcTime:5110, electionTimeout:5110ms
2019-09-16 19:01:49,025 [Thread-237] INFO  impl.RoleInfo (RoleInfo.java:shutdownFollowerState(121)) - 68be27f3-88a4-44cc-b247-f49ac3f20aed: shutdown FollowerState
2019-09-16 19:01:49,025 [Thread-237] INFO  impl.RaftServerImpl (RaftServerImpl.java:setRole(174)) - 68be27f3-88a4-44cc-b247-f49ac3f20aed@group-5C521F1D7EDD: changes role from  FOLLOWER to CANDIDATE at term 0 for changeToCandidate
2019-09-16 19:01:49,025 [Thread-237] INFO  impl.RoleInfo (RoleInfo.java:updateAndGet(143)) - 68be27f3-88a4-44cc-b247-f49ac3f20aed: start LeaderElection
2019-09-16 19:01:49,049 [Thread-242] INFO  impl.FollowerState (FollowerState.java:run(106)) - 505f8c76-ced5-497a-8cb1-9cb8091dfd1a:group-5C521F1D7EDD changes to CANDIDATE, lastRpcTime:5125, electionTimeout:5125ms
2019-09-16 19:01:49,050 [Thread-242] INFO  impl.RoleInfo (RoleInfo.java:shutdownFollowerState(121)) - 505f8c76-ced5-497a-8cb1-9cb8091dfd1a: shutdown FollowerState
2019-09-16 19:01:49,050 [Thread-242] INFO  impl.RaftServerImpl (RaftServerImpl.java:setRole(174)) - 505f8c76-ced5-497a-8cb1-9cb8091dfd1a@group-5C521F1D7EDD: changes role from  FOLLOWER to CANDIDATE at term 0 for changeToCandidate
2019-09-16 19:01:49,050 [Thread-242] INFO  impl.RoleInfo (RoleInfo.java:updateAndGet(143)) - 505f8c76-ced5-497a-8cb1-9cb8091dfd1a: start LeaderElection
2019-09-16 19:01:49,060 [505f8c76-ced5-497a-8cb1-9cb8091dfd1a@group-0CA1669EDE86:LeaderElection6] INFO  impl.LeaderElection (LeaderElection.java:askForVotes(182)) - 505f8c76-ced5-497a-8cb1-9cb8091dfd1a@group-0CA1669EDE86:LeaderElection6: begin an election at term 1 for -1: [505f8c76-ced5-497a-8cb1-9cb8091dfd1a:192.168.34.56:36291], old=null
2019-09-16 19:01:49,060 [505f8c76-ced5-497a-8cb1-9cb8091dfd1a@group-0CA1669EDE86:LeaderElection6] INFO  impl.RoleInfo (RoleInfo.java:shutdownLeaderElection(134)) - 505f8c76-ced5-497a-8cb1-9cb8091dfd1a: shutdown LeaderElection
2019-09-16 19:01:49,060 [505f8c76-ced5-497a-8cb1-9cb8091dfd1a@group-0CA1669EDE86:LeaderElection6] INFO  impl.RaftServerImpl (RaftServerImpl.java:setRole(174)) - 505f8c76-ced5-497a-8cb1-9cb8091dfd1a@group-0CA1669EDE86: changes role from CANDIDATE to LEADER at term 1 for changeToLeader
2019-09-16 19:01:49,060 [505f8c76-ced5-497a-8cb1-9cb8091dfd1a@group-0CA1669EDE86:LeaderElection6] INFO  impl.RaftServerImpl (ServerState.java:setLeader(253)) - 505f8c76-ced5-497a-8cb1-9cb8091dfd1a@group-0CA1669EDE86: change Leader from null to 505f8c76-ced5-497a-8cb1-9cb8091dfd1a at term 1 for becomeLeader, leader elected after 5352ms
2019-09-16 19:01:49,060 [505f8c76-ced5-497a-8cb1-9cb8091dfd1a@group-0CA1669EDE86:LeaderElection6] INFO  server.RaftServerConfigKeys (ConfUtils.java:logGet(43)) - raft.server.staging.catchup.gap = 1000 (default)
2019-09-16 19:01:49,061 [505f8c76-ced5-497a-8cb1-9cb8091dfd1a@group-0CA1669EDE86:LeaderElection6] INFO  server.RaftServerConfigKeys (ConfUtils.java:logGet(43)) - raft.server.rpc.sleep.time = 25ms (default)
2019-09-16 19:01:49,061 [505f8c76-ced5-497a-8cb1-9cb8091dfd1a@group-0CA1669EDE86:LeaderElection6] INFO  server.RaftServerConfigKeys (ConfUtils.java:logGet(43)) - raft.server.write.element-limit = 4096 (default)
2019-09-16 19:01:49,061 [505f8c76-ced5-497a-8cb1-9cb8091dfd1a@group-0CA1669EDE86:LeaderElection6] INFO  server.RaftServerConfigKeys (ConfUtils.java:logGet(43)) - raft.server.watch.timeout = 10s (default)
2019-09-16 19:01:49,061 [505f8c76-ced5-497a-8cb1-9cb8091dfd1a@group-0CA1669EDE86:LeaderElection6] INFO  server.RaftServerConfigKeys (ConfUtils.java:logGet(43)) - raft.server.watch.timeout.denomination = 1s (default)
2019-09-16 19:01:49,061 [505f8c76-ced5-497a-8cb1-9cb8091dfd1a@group-0CA1669EDE86:LeaderElection6] INFO  server.RaftServerConfigKeys (ConfUtils.java:logGet(43)) - raft.server.watch.element-limit = 65536 (default)
2019-09-16 19:01:49,063 [505f8c76-ced5-497a-8cb1-9cb8091dfd1a@group-0CA1669EDE86:LeaderElection6] INFO  impl.RoleInfo (RoleInfo.java:updateAndGet(143)) - 505f8c76-ced5-497a-8cb1-9cb8091dfd1a: start LeaderState
2019-09-16 19:01:49,063 [505f8c76-ced5-497a-8cb1-9cb8091dfd1a@group-0CA1669EDE86:LeaderElection6] INFO  segmented.SegmentedRaftLogWorker (SegmentedRaftLogWorker.java:startLogSegment(380)) - 505f8c76-ced5-497a-8cb1-9cb8091dfd1a@group-0CA1669EDE86-SegmentedRaftLogWorker: Starting segment from index:0
2019-09-16 19:01:49,064 [505f8c76-ced5-497a-8cb1-9cb8091dfd1a@group-0CA1669EDE86:LeaderElection6] INFO  impl.RaftServerImpl (ServerState.java:setRaftConf(354)) - 505f8c76-ced5-497a-8cb1-9cb8091dfd1a@group-0CA1669EDE86: set configuration 0: [505f8c76-ced5-497a-8cb1-9cb8091dfd1a:192.168.34.56:36291], old=null at 0
2019-09-16 19:01:49,096 [68be27f3-88a4-44cc-b247-f49ac3f20aed@group-5C521F1D7EDD:LeaderElection10] INFO  impl.LeaderElection (LeaderElection.java:askForVotes(182)) - 68be27f3-88a4-44cc-b247-f49ac3f20aed@group-5C521F1D7EDD:LeaderElection10: begin an election at term 1 for -1: [68be27f3-88a4-44cc-b247-f49ac3f20aed:192.168.34.56:44214, 505f8c76-ced5-497a-8cb1-9cb8091dfd1a:192.168.34.56:36291, 5b218fb7-e3eb-43f7-8349-cdd73bd26c4f:192.168.34.56:37046], old=null
2019-09-16 19:01:49,096 [505f8c76-ced5-497a-8cb1-9cb8091dfd1a@group-5C521F1D7EDD:LeaderElection11] INFO  impl.LeaderElection (LeaderElection.java:askForVotes(182)) - 505f8c76-ced5-497a-8cb1-9cb8091dfd1a@group-5C521F1D7EDD:LeaderElection11: begin an election at term 1 for -1: [68be27f3-88a4-44cc-b247-f49ac3f20aed:192.168.34.56:44214, 505f8c76-ced5-497a-8cb1-9cb8091dfd1a:192.168.34.56:36291, 5b218fb7-e3eb-43f7-8349-cdd73bd26c4f:192.168.34.56:37046], old=null
2019-09-16 19:01:49,096 [5b218fb7-e3eb-43f7-8349-cdd73bd26c4f@group-5C521F1D7EDD:LeaderElection8] INFO  impl.LeaderElection (LeaderElection.java:askForVotes(182)) - 5b218fb7-e3eb-43f7-8349-cdd73bd26c4f@group-5C521F1D7EDD:LeaderElection8: begin an election at term 1 for -1: [68be27f3-88a4-44cc-b247-f49ac3f20aed:192.168.34.56:44214, 505f8c76-ced5-497a-8cb1-9cb8091dfd1a:192.168.34.56:36291, 5b218fb7-e3eb-43f7-8349-cdd73bd26c4f:192.168.34.56:37046], old=null
2019-09-16 19:01:49,096 [44528711-e6a2-4593-afed-4c2b8e24069d@group-91C714A8E592:LeaderElection9] INFO  impl.LeaderElection (LeaderElection.java:askForVotes(182)) - 44528711-e6a2-4593-afed-4c2b8e24069d@group-91C714A8E592:LeaderElection9: begin an election at term 1 for -1: [44528711-e6a2-4593-afed-4c2b8e24069d:192.168.34.56:43334], old=null
2019-09-16 19:01:49,096 [5b218fb7-e3eb-43f7-8349-cdd73bd26c4f@group-0D80382A370C:LeaderElection7] INFO  impl.LeaderElection (LeaderElection.java:askForVotes(182)) - 5b218fb7-e3eb-43f7-8349-cdd73bd26c4f@group-0D80382A370C:LeaderElection7: begin an election at term 1 for -1: [5b218fb7-e3eb-43f7-8349-cdd73bd26c4f:192.168.34.56:37046], old=null
2019-09-16 19:01:49,097 [44528711-e6a2-4593-afed-4c2b8e24069d@group-91C714A8E592:LeaderElection9] INFO  impl.RoleInfo (RoleInfo.java:shutdownLeaderElection(134)) - 44528711-e6a2-4593-afed-4c2b8e24069d: shutdown LeaderElection
2019-09-16 19:01:49,097 [5b218fb7-e3eb-43f7-8349-cdd73bd26c4f@group-0D80382A370C:LeaderElection7] INFO  impl.RoleInfo (RoleInfo.java:shutdownLeaderElection(134)) - 5b218fb7-e3eb-43f7-8349-cdd73bd26c4f: shutdown LeaderElection
2019-09-16 19:01:49,097 [44528711-e6a2-4593-afed-4c2b8e24069d@group-91C714A8E592:LeaderElection9] INFO  impl.RaftServerImpl (RaftServerImpl.java:setRole(174)) - 44528711-e6a2-4593-afed-4c2b8e24069d@group-91C714A8E592: changes role from CANDIDATE to LEADER at term 1 for changeToLeader
2019-09-16 19:01:49,097 [5b218fb7-e3eb-43f7-8349-cdd73bd26c4f@group-0D80382A370C:LeaderElection7] INFO  impl.RaftServerImpl (RaftServerImpl.java:setRole(174)) - 5b218fb7-e3eb-43f7-8349-cdd73bd26c4f@group-0D80382A370C: changes role from CANDIDATE to LEADER at term 1 for changeToLeader
2019-09-16 19:01:49,097 [44528711-e6a2-4593-afed-4c2b8e24069d@group-91C714A8E592:LeaderElection9] INFO  impl.RaftServerImpl (ServerState.java:setLeader(253)) - 44528711-e6a2-4593-afed-4c2b8e24069d@group-91C714A8E592: change Leader from null to 44528711-e6a2-4593-afed-4c2b8e24069d at term 1 for becomeLeader, leader elected after 5258ms
2019-09-16 19:01:49,097 [5b218fb7-e3eb-43f7-8349-cdd73bd26c4f@group-0D80382A370C:LeaderElection7] INFO  impl.RaftServerImpl (ServerState.java:setLeader(253)) - 5b218fb7-e3eb-43f7-8349-cdd73bd26c4f@group-0D80382A370C: change Leader from null to 5b218fb7-e3eb-43f7-8349-cdd73bd26c4f at term 1 for becomeLeader, leader elected after 5318ms
2019-09-16 19:01:49,097 [44528711-e6a2-4593-afed-4c2b8e24069d@group-91C714A8E592:LeaderElection9] INFO  server.RaftServerConfigKeys (ConfUtils.java:logGet(43)) - raft.server.staging.catchup.gap = 1000 (default)
2019-09-16 19:01:49,098 [5b218fb7-e3eb-43f7-8349-cdd73bd26c4f@group-0D80382A370C:LeaderElection7] INFO  server.RaftServerConfigKeys (ConfUtils.java:logGet(43)) - raft.server.staging.catchup.gap = 1000 (default)
2019-09-16 19:01:49,098 [44528711-e6a2-4593-afed-4c2b8e24069d@group-91C714A8E592:LeaderElection9] INFO  server.RaftServerConfigKeys (ConfUtils.java:logGet(43)) - raft.server.rpc.sleep.time = 25ms (default)
2019-09-16 19:01:49,098 [5b218fb7-e3eb-43f7-8349-cdd73bd26c4f@group-0D80382A370C:LeaderElection7] INFO  server.RaftServerConfigKeys (ConfUtils.java:logGet(43)) - raft.server.rpc.sleep.time = 25ms (default)
2019-09-16 19:01:49,098 [44528711-e6a2-4593-afed-4c2b8e24069d@group-91C714A8E592:LeaderElection9] INFO  server.RaftServerConfigKeys (ConfUtils.java:logGet(43)) - raft.server.write.element-limit = 4096 (default)
2019-09-16 19:01:49,098 [5b218fb7-e3eb-43f7-8349-cdd73bd26c4f@group-0D80382A370C:LeaderElection7] INFO  server.RaftServerConfigKeys (ConfUtils.java:logGet(43)) - raft.server.write.element-limit = 4096 (default)
2019-09-16 19:01:49,100 [44528711-e6a2-4593-afed-4c2b8e24069d@group-91C714A8E592:LeaderElection9] INFO  server.RaftServerConfigKeys (ConfUtils.java:logGet(43)) - raft.server.watch.timeout = 10s (default)
2019-09-16 19:01:49,100 [5b218fb7-e3eb-43f7-8349-cdd73bd26c4f@group-0D80382A370C:LeaderElection7] INFO  server.RaftServerConfigKeys (ConfUtils.java:logGet(43)) - raft.server.watch.timeout = 10s (default)
2019-09-16 19:01:49,101 [44528711-e6a2-4593-afed-4c2b8e24069d@group-91C714A8E592:LeaderElection9] INFO  server.RaftServerConfigKeys (ConfUtils.java:logGet(43)) - raft.server.watch.timeout.denomination = 1s (default)
2019-09-16 19:01:49,101 [5b218fb7-e3eb-43f7-8349-cdd73bd26c4f@group-0D80382A370C:LeaderElection7] INFO  server.RaftServerConfigKeys (ConfUtils.java:logGet(43)) - raft.server.watch.timeout.denomination = 1s (default)
2019-09-16 19:01:49,102 [44528711-e6a2-4593-afed-4c2b8e24069d@group-91C714A8E592:LeaderElection9] INFO  server.RaftServerConfigKeys (ConfUtils.java:logGet(43)) - raft.server.watch.element-limit = 65536 (default)
2019-09-16 19:01:49,102 [5b218fb7-e3eb-43f7-8349-cdd73bd26c4f@group-0D80382A370C:LeaderElection7] INFO  server.RaftServerConfigKeys (ConfUtils.java:logGet(43)) - raft.server.watch.element-limit = 65536 (default)
2019-09-16 19:01:49,114 [44528711-e6a2-4593-afed-4c2b8e24069d@group-91C714A8E592:LeaderElection9] INFO  impl.RoleInfo (RoleInfo.java:updateAndGet(143)) - 44528711-e6a2-4593-afed-4c2b8e24069d: start LeaderState
2019-09-16 19:01:49,114 [44528711-e6a2-4593-afed-4c2b8e24069d@group-91C714A8E592:LeaderElection9] INFO  segmented.SegmentedRaftLogWorker (SegmentedRaftLogWorker.java:startLogSegment(380)) - 44528711-e6a2-4593-afed-4c2b8e24069d@group-91C714A8E592-SegmentedRaftLogWorker: Starting segment from index:0
2019-09-16 19:01:49,114 [68be27f3-88a4-44cc-b247-f49ac3f20aed@group-5C521F1D7EDD:LeaderElection10] INFO  impl.LeaderElection (LeaderElection.java:logAndReturn(56)) - 68be27f3-88a4-44cc-b247-f49ac3f20aed@group-5C521F1D7EDD:LeaderElection10: Election REJECTED; received 2 response(s) [68be27f3-88a4-44cc-b247-f49ac3f20aed<-505f8c76-ced5-497a-8cb1-9cb8091dfd1a#0:FAIL-t1, 68be27f3-88a4-44cc-b247-f49ac3f20aed<-5b218fb7-e3eb-43f7-8349-cdd73bd26c4f#0:FAIL-t1] and 0 exception(s); 68be27f3-88a4-44cc-b247-f49ac3f20aed@group-5C521F1D7EDD:t1, leader=null, voted=68be27f3-88a4-44cc-b247-f49ac3f20aed, raftlog=68be27f3-88a4-44cc-b247-f49ac3f20aed@group-5C521F1D7EDD-SegmentedRaftLog:OPENED:c-1,f-1,i0, conf=-1: [68be27f3-88a4-44cc-b247-f49ac3f20aed:192.168.34.56:44214, 505f8c76-ced5-497a-8cb1-9cb8091dfd1a:192.168.34.56:36291, 5b218fb7-e3eb-43f7-8349-cdd73bd26c4f:192.168.34.56:37046], old=null
2019-09-16 19:01:49,114 [5b218fb7-e3eb-43f7-8349-cdd73bd26c4f@group-0D80382A370C:LeaderElection7] INFO  impl.RoleInfo (RoleInfo.java:updateAndGet(143)) - 5b218fb7-e3eb-43f7-8349-cdd73bd26c4f: start LeaderState
2019-09-16 19:01:49,114 [5b218fb7-e3eb-43f7-8349-cdd73bd26c4f@group-0D80382A370C:LeaderElection7] INFO  segmented.SegmentedRaftLogWorker (SegmentedRaftLogWorker.java:startLogSegment(380)) - 5b218fb7-e3eb-43f7-8349-cdd73bd26c4f@group-0D80382A370C-SegmentedRaftLogWorker: Starting segment from index:0
2019-09-16 19:01:49,116 [44528711-e6a2-4593-afed-4c2b8e24069d@group-91C714A8E592:LeaderElection9] INFO  impl.RaftServerImpl (ServerState.java:setRaftConf(354)) - 44528711-e6a2-4593-afed-4c2b8e24069d@group-91C714A8E592: set configuration 0: [44528711-e6a2-4593-afed-4c2b8e24069d:192.168.34.56:43334], old=null at 0
2019-09-16 19:01:49,117 [68be27f3-88a4-44cc-b247-f49ac3f20aed@group-5C521F1D7EDD:LeaderElection10] INFO  impl.RaftServerImpl (RaftServerImpl.java:setRole(174)) - 68be27f3-88a4-44cc-b247-f49ac3f20aed@group-5C521F1D7EDD: changes role from CANDIDATE to FOLLOWER at term 1 for DISCOVERED_A_NEW_TERM
2019-09-16 19:01:49,118 [68be27f3-88a4-44cc-b247-f49ac3f20aed@group-5C521F1D7EDD:LeaderElection10] INFO  impl.RoleInfo (RoleInfo.java:shutdownLeaderElection(134)) - 68be27f3-88a4-44cc-b247-f49ac3f20aed: shutdown LeaderElection
2019-09-16 19:01:49,118 [68be27f3-88a4-44cc-b247-f49ac3f20aed@group-5C521F1D7EDD:LeaderElection10] INFO  impl.RoleInfo (RoleInfo.java:updateAndGet(143)) - 68be27f3-88a4-44cc-b247-f49ac3f20aed: start FollowerState
2019-09-16 19:01:49,118 [5b218fb7-e3eb-43f7-8349-cdd73bd26c4f@group-0D80382A370C:LeaderElection7] INFO  impl.RaftServerImpl (ServerState.java:setRaftConf(354)) - 5b218fb7-e3eb-43f7-8349-cdd73bd26c4f@group-0D80382A370C: set configuration 0: [5b218fb7-e3eb-43f7-8349-cdd73bd26c4f:192.168.34.56:37046], old=null at 0
2019-09-16 19:01:49,158 [505f8c76-ced5-497a-8cb1-9cb8091dfd1a@group-0CA1669EDE86-SegmentedRaftLogWorker] INFO  segmented.SegmentedRaftLogWorker (SegmentedRaftLogWorker.java:execute(569)) - 505f8c76-ced5-497a-8cb1-9cb8091dfd1a@group-0CA1669EDE86-SegmentedRaftLogWorker: created new log segment /workdir/hadoop-ozone/integration-test/target/test-dir/MiniOzoneClusterImpl-fcd79d99-0155-4261-ae9e-1e388112ecdd/datanode-2/data/ratis/1fc4b66d-58d2-445f-96ad-0ca1669ede86/current/log_inprogress_0
2019-09-16 19:01:49,160 [5b218fb7-e3eb-43f7-8349-cdd73bd26c4f@group-5C521F1D7EDD:LeaderElection8] INFO  impl.LeaderElection (LeaderElection.java:logAndReturn(56)) - 5b218fb7-e3eb-43f7-8349-cdd73bd26c4f@group-5C521F1D7EDD:LeaderElection8: Election REJECTED; received 2 response(s) [5b218fb7-e3eb-43f7-8349-cdd73bd26c4f<-505f8c76-ced5-497a-8cb1-9cb8091dfd1a#0:FAIL-t1, 5b218fb7-e3eb-43f7-8349-cdd73bd26c4f<-68be27f3-88a4-44cc-b247-f49ac3f20aed#0:FAIL-t1] and 0 exception(s); 5b218fb7-e3eb-43f7-8349-cdd73bd26c4f@group-5C521F1D7EDD:t1, leader=null, voted=5b218fb7-e3eb-43f7-8349-cdd73bd26c4f, raftlog=5b218fb7-e3eb-43f7-8349-cdd73bd26c4f@group-5C521F1D7EDD-SegmentedRaftLog:OPENED:c-1,f-1,i0, conf=-1: [68be27f3-88a4-44cc-b247-f49ac3f20aed:192.168.34.56:44214, 505f8c76-ced5-497a-8cb1-9cb8091dfd1a:192.168.34.56:36291, 5b218fb7-e3eb-43f7-8349-cdd73bd26c4f:192.168.34.56:37046], old=null
2019-09-16 19:01:49,161 [505f8c76-ced5-497a-8cb1-9cb8091dfd1a@group-5C521F1D7EDD:LeaderElection11] INFO  impl.LeaderElection (LeaderElection.java:logAndReturn(56)) - 505f8c76-ced5-497a-8cb1-9cb8091dfd1a@group-5C521F1D7EDD:LeaderElection11: Election REJECTED; received 2 response(s) [505f8c76-ced5-497a-8cb1-9cb8091dfd1a<-68be27f3-88a4-44cc-b247-f49ac3f20aed#0:FAIL-t1, 505f8c76-ced5-497a-8cb1-9cb8091dfd1a<-5b218fb7-e3eb-43f7-8349-cdd73bd26c4f#0:FAIL-t1] and 0 exception(s); 505f8c76-ced5-497a-8cb1-9cb8091dfd1a@group-5C521F1D7EDD:t1, leader=null, voted=505f8c76-ced5-497a-8cb1-9cb8091dfd1a, raftlog=505f8c76-ced5-497a-8cb1-9cb8091dfd1a@group-5C521F1D7EDD-SegmentedRaftLog:OPENED:c-1,f-1,i0, conf=-1: [68be27f3-88a4-44cc-b247-f49ac3f20aed:192.168.34.56:44214, 505f8c76-ced5-497a-8cb1-9cb8091dfd1a:192.168.34.56:36291, 5b218fb7-e3eb-43f7-8349-cdd73bd26c4f:192.168.34.56:37046], old=null
2019-09-16 19:01:49,161 [5b218fb7-e3eb-43f7-8349-cdd73bd26c4f@group-5C521F1D7EDD:LeaderElection8] INFO  impl.RaftServerImpl (RaftServerImpl.java:setRole(174)) - 5b218fb7-e3eb-43f7-8349-cdd73bd26c4f@group-5C521F1D7EDD: changes role from CANDIDATE to FOLLOWER at term 1 for DISCOVERED_A_NEW_TERM
2019-09-16 19:01:49,165 [505f8c76-ced5-497a-8cb1-9cb8091dfd1a@group-5C521F1D7EDD:LeaderElection11] INFO  impl.RaftServerImpl (RaftServerImpl.java:setRole(174)) - 505f8c76-ced5-497a-8cb1-9cb8091dfd1a@group-5C521F1D7EDD: changes role from CANDIDATE to FOLLOWER at term 1 for DISCOVERED_A_NEW_TERM
2019-09-16 19:01:49,165 [5b218fb7-e3eb-43f7-8349-cdd73bd26c4f@group-5C521F1D7EDD:LeaderElection8] INFO  impl.RoleInfo (RoleInfo.java:shutdownLeaderElection(134)) - 5b218fb7-e3eb-43f7-8349-cdd73bd26c4f: shutdown LeaderElection
2019-09-16 19:01:49,168 [505f8c76-ced5-497a-8cb1-9cb8091dfd1a@group-5C521F1D7EDD:LeaderElection11] INFO  impl.RoleInfo (RoleInfo.java:shutdownLeaderElection(134)) - 505f8c76-ced5-497a-8cb1-9cb8091dfd1a: shutdown LeaderElection
2019-09-16 19:01:49,168 [5b218fb7-e3eb-43f7-8349-cdd73bd26c4f@group-5C521F1D7EDD:LeaderElection8] INFO  impl.RoleInfo (RoleInfo.java:updateAndGet(143)) - 5b218fb7-e3eb-43f7-8349-cdd73bd26c4f: start FollowerState
2019-09-16 19:01:49,168 [505f8c76-ced5-497a-8cb1-9cb8091dfd1a@group-5C521F1D7EDD:LeaderElection11] INFO  impl.RoleInfo (RoleInfo.java:updateAndGet(143)) - 505f8c76-ced5-497a-8cb1-9cb8091dfd1a: start FollowerState
2019-09-16 19:01:49,198 [5b218fb7-e3eb-43f7-8349-cdd73bd26c4f@group-0D80382A370C-SegmentedRaftLogWorker] INFO  segmented.SegmentedRaftLogWorker (SegmentedRaftLogWorker.java:execute(569)) - 5b218fb7-e3eb-43f7-8349-cdd73bd26c4f@group-0D80382A370C-SegmentedRaftLogWorker: created new log segment /workdir/hadoop-ozone/integration-test/target/test-dir/MiniOzoneClusterImpl-fcd79d99-0155-4261-ae9e-1e388112ecdd/datanode-0/data/ratis/1599b322-e76f-480d-977d-0d80382a370c/current/log_inprogress_0
2019-09-16 19:01:49,198 [44528711-e6a2-4593-afed-4c2b8e24069d@group-91C714A8E592-SegmentedRaftLogWorker] INFO  segmented.SegmentedRaftLogWorker (SegmentedRaftLogWorker.java:execute(569)) - 44528711-e6a2-4593-afed-4c2b8e24069d@group-91C714A8E592-SegmentedRaftLogWorker: created new log segment /workdir/hadoop-ozone/integration-test/target/test-dir/MiniOzoneClusterImpl-fcd79d99-0155-4261-ae9e-1e388112ecdd/datanode-1/data/ratis/21fcbb9c-87a8-4e6a-9c86-91c714a8e592/current/log_inprogress_0
2019-09-16 19:01:50,404 [grpc-default-executor-0] INFO  client.GrpcClientProtocolClient (GrpcClientProtocolClient.java:onNext(264)) - client-31B89D9E4C3C->68be27f3-88a4-44cc-b247-f49ac3f20aed: receive RaftClientReply:client-31B89D9E4C3C->68be27f3-88a4-44cc-b247-f49ac3f20aed@group-2AD450EB18A6, cid=8, SUCCESS, logIndex=1, commits[68be27f3-88a4-44cc-b247-f49ac3f20aed:c2, 505f8c76-ced5-497a-8cb1-9cb8091dfd1a:c1, 5b218fb7-e3eb-43f7-8349-cdd73bd26c4f:c1]
2019-09-16 19:01:50,607 [ReplicationMonitor] INFO  container.ReplicationManager (ReplicationManager.java:sendCloseCommand(659)) - Sending close container command for container #1 to datanode 68be27f3-88a4-44cc-b247-f49ac3f20aed{ip: 192.168.34.56, host: pr-hdds-2111-hlhfn-3535364396, networkLocation: /default-rack, certSerialId: null}.
2019-09-16 19:01:50,607 [ReplicationMonitor] INFO  container.ReplicationManager (ReplicationManager.java:sendCloseCommand(659)) - Sending close container command for container #1 to datanode 5b218fb7-e3eb-43f7-8349-cdd73bd26c4f{ip: 192.168.34.56, host: pr-hdds-2111-hlhfn-3535364396, networkLocation: /default-rack, certSerialId: null}.
2019-09-16 19:01:50,607 [ReplicationMonitor] INFO  container.ReplicationManager (ReplicationManager.java:sendCloseCommand(659)) - Sending close container command for container #1 to datanode 505f8c76-ced5-497a-8cb1-9cb8091dfd1a{ip: 192.168.34.56, host: pr-hdds-2111-hlhfn-3535364396, networkLocation: /default-rack, certSerialId: null}.
2019-09-16 19:01:50,607 [ReplicationMonitor] INFO  container.ReplicationManager (ReplicationManager.java:run(225)) - Replication Monitor Thread took 1 milliseconds for processing 1 containers.
2019-09-16 19:01:50,956 [grpc-default-executor-0] INFO  client.GrpcClientProtocolClient (GrpcClientProtocolClient.java:onNext(264)) - client-31B89D9E4C3C->68be27f3-88a4-44cc-b247-f49ac3f20aed: receive RaftClientReply:client-31B89D9E4C3C->68be27f3-88a4-44cc-b247-f49ac3f20aed@group-2AD450EB18A6, cid=9, SUCCESS, logIndex=3, commits[68be27f3-88a4-44cc-b247-f49ac3f20aed:c4, 505f8c76-ced5-497a-8cb1-9cb8091dfd1a:c3, 5b218fb7-e3eb-43f7-8349-cdd73bd26c4f:c3]
2019-09-16 19:01:50,989 [main] ERROR container.ContainerStateManager (ContainerStateManager.java:updateContainerState(335)) - Failed to update container state #1, reason: invalid state transition from state: CLOSING upon event: FINALIZE.
]]></system-out>
    <system-err><![CDATA[ERROR StatusLogger No Log4j 2 configuration file found. Using default configuration (logging only errors to the console), or user programmatically provided configurations. Set system property 'log4j2.debug' to show Log4j 2 internal initialization logging. See https://logging.apache.org/log4j/2.x/manual/configuration.html for instructions on how to configure Log4j 2
]]></system-err>
  </testcase>
</testsuite>