<?xml version="1.0" encoding="UTF-8"?>
<testsuite xmlns:xsi="http://www.w3.org/2001/XMLSchema-instance" xsi:noNamespaceSchemaLocation="https://maven.apache.org/surefire/maven-surefire-plugin/xsd/surefire-test-report.xsd" name="org.apache.hadoop.ozone.client.rpc.TestMultiBlockWritesWithDnFailures" time="163.765" tests="2" errors="1" skipped="0" failures="0">
  <properties>
    <property name="awt.toolkit" value="sun.awt.X11.XToolkit"/>
    <property name="file.encoding.pkg" value="sun.io"/>
    <property name="java.specification.version" value="1.8"/>
    <property name="sun.cpu.isalist" value=""/>
    <property name="sun.jnu.encoding" value="UTF-8"/>
    <property name="java.class.path" value="/workdir/hadoop-ozone/integration-test/target/test-classes:/workdir/hadoop-ozone/integration-test/target/classes:/home/user/.m2/repository/org/apache/hadoop/hadoop-ozone-common/0.5.0-SNAPSHOT/hadoop-ozone-common-0.5.0-SNAPSHOT.jar:/home/user/.m2/repository/org/apache/commons/commons-compress/1.4.1/commons-compress-1.4.1.jar:/home/user/.m2/repository/org/tukaani/xz/1.0/xz-1.0.jar:/home/user/.m2/repository/org/apache/hadoop/hadoop-common/3.2.0/hadoop-common-3.2.0.jar:/home/user/.m2/repository/org/apache/hadoop/hadoop-hdfs/3.2.0/hadoop-hdfs-3.2.0.jar:/home/user/.m2/repository/org/apache/hadoop/hadoop-hdfs-client/3.2.0/hadoop-hdfs-client-3.2.0.jar:/home/user/.m2/repository/com/fasterxml/jackson/core/jackson-annotations/2.9.5/jackson-annotations-2.9.5.jar:/home/user/.m2/repository/org/apache/hadoop/hadoop-hdds-common/0.5.0-SNAPSHOT/hadoop-hdds-common-0.5.0-SNAPSHOT.jar:/home/user/.m2/repository/javax/annotation/javax.annotation-api/1.2/javax.annotation-api-1.2.jar:/home/user/.m2/repository/org/apache/ratis/ratis-server/0.4.0-78e95b9-SNAPSHOT/ratis-server-0.4.0-78e95b9-SNAPSHOT.jar:/home/user/.m2/repository/org/apache/ratis/ratis-thirdparty-misc/0.2.0/ratis-thirdparty-misc-0.2.0.jar:/home/user/.m2/repository/org/apache/ratis/ratis-proto/0.4.0-78e95b9-SNAPSHOT/ratis-proto-0.4.0-78e95b9-SNAPSHOT.jar:/home/user/.m2/repository/org/apache/ratis/ratis-common/0.4.0-78e95b9-SNAPSHOT/ratis-common-0.4.0-78e95b9-SNAPSHOT.jar:/home/user/.m2/repository/org/apache/ratis/ratis-client/0.4.0-78e95b9-SNAPSHOT/ratis-client-0.4.0-78e95b9-SNAPSHOT.jar:/home/user/.m2/repository/org/apache/ratis/ratis-metrics/0.4.0-78e95b9-SNAPSHOT/ratis-metrics-0.4.0-78e95b9-SNAPSHOT.jar:/home/user/.m2/repository/com/github/joshelser/dropwizard-metrics-hadoop-metrics2-reporter/0.1.2/dropwizard-metrics-hadoop-metrics2-reporter-0.1.2.jar:/home/user/.m2/repository/io/dropwizard/metrics/metrics-jvm/3.2.5/metrics-jvm-3.2.5.jar:/home/user/.m2/repository/io/dropwizard/metrics/metrics-ganglia/3.2.5/metrics-ganglia-3.2.5.jar:/home/user/.m2/repository/info/ganglia/gmetric4j/gmetric4j/1.0.7/gmetric4j-1.0.7.jar:/home/user/.m2/repository/org/apache/ratis/ratis-netty/0.4.0-78e95b9-SNAPSHOT/ratis-netty-0.4.0-78e95b9-SNAPSHOT.jar:/home/user/.m2/repository/org/apache/ratis/ratis-grpc/0.4.0-78e95b9-SNAPSHOT/ratis-grpc-0.4.0-78e95b9-SNAPSHOT.jar:/home/user/.m2/repository/org/rocksdb/rocksdbjni/6.0.1/rocksdbjni-6.0.1.jar:/home/user/.m2/repository/org/apache/logging/log4j/log4j-api/2.11.0/log4j-api-2.11.0.jar:/home/user/.m2/repository/org/apache/logging/log4j/log4j-core/2.11.0/log4j-core-2.11.0.jar:/home/user/.m2/repository/com/lmax/disruptor/3.4.2/disruptor-3.4.2.jar:/home/user/.m2/repository/org/apache/commons/commons-pool2/2.6.0/commons-pool2-2.6.0.jar:/home/user/.m2/repository/org/bouncycastle/bcpkix-jdk15on/1.60/bcpkix-jdk15on-1.60.jar:/home/user/.m2/repository/commons-validator/commons-validator/1.6/commons-validator-1.6.jar:/home/user/.m2/repository/commons-digester/commons-digester/1.8.1/commons-digester-1.8.1.jar:/home/user/.m2/repository/io/jaegertracing/jaeger-client/0.33.1/jaeger-client-0.33.1.jar:/home/user/.m2/repository/io/jaegertracing/jaeger-thrift/0.33.1/jaeger-thrift-0.33.1.jar:/home/user/.m2/repository/org/apache/thrift/libthrift/0.11.0/libthrift-0.11.0.jar:/home/user/.m2/repository/com/squareup/okhttp3/okhttp/3.9.0/okhttp-3.9.0.jar:/home/user/.m2/repository/com/squareup/okio/okio/1.13.0/okio-1.13.0.jar:/home/user/.m2/repository/io/jaegertracing/jaeger-core/0.33.1/jaeger-core-0.33.1.jar:/home/user/.m2/repository/io/jaegertracing/jaeger-tracerresolver/0.33.1/jaeger-tracerresolver-0.33.1.jar:/home/user/.m2/repository/io/opentracing/contrib/opentracing-tracerresolver/0.1.5/opentracing-tracerresolver-0.1.5.jar:/home/user/.m2/repository/io/opentracing/opentracing-util/0.31.0/opentracing-util-0.31.0.jar:/home/user/.m2/repository/io/opentracing/opentracing-api/0.31.0/opentracing-api-0.31.0.jar:/home/user/.m2/repository/io/opentracing/opentracing-noop/0.31.0/opentracing-noop-0.31.0.jar:/home/user/.m2/repository/org/apache/hadoop/hadoop-hdds-server-framework/0.5.0-SNAPSHOT/hadoop-hdds-server-framework-0.5.0-SNAPSHOT.jar:/home/user/.m2/repository/org/apache/hadoop/hadoop-hdds-container-service/0.5.0-SNAPSHOT/hadoop-hdds-container-service-0.5.0-SNAPSHOT.jar:/home/user/.m2/repository/org/apache/hadoop/hadoop-hdds-client/0.5.0-SNAPSHOT/hadoop-hdds-client-0.5.0-SNAPSHOT.jar:/home/user/.m2/repository/org/apache/hadoop/hadoop-hdds-tools/0.5.0-SNAPSHOT/hadoop-hdds-tools-0.5.0-SNAPSHOT.jar:/home/user/.m2/repository/org/apache/hadoop/hadoop-hdds-server-scm/0.5.0-SNAPSHOT/hadoop-hdds-server-scm-0.5.0-SNAPSHOT.jar:/home/user/.m2/repository/org/apache/hadoop/hadoop-hdds-docs/0.5.0-SNAPSHOT/hadoop-hdds-docs-0.5.0-SNAPSHOT.jar:/home/user/.m2/repository/io/dropwizard/metrics/metrics-core/3.2.4/metrics-core-3.2.4.jar:/home/user/.m2/repository/org/hamcrest/hamcrest-all/1.3/hamcrest-all-1.3.jar:/home/user/.m2/repository/org/bouncycastle/bcprov-jdk15on/1.60/bcprov-jdk15on-1.60.jar:/home/user/.m2/repository/info/picocli/picocli/3.9.6/picocli-3.9.6.jar:/home/user/.m2/repository/com/google/protobuf/protobuf-java/2.5.0/protobuf-java-2.5.0.jar:/home/user/.m2/repository/com/google/guava/guava/11.0.2/guava-11.0.2.jar:/home/user/.m2/repository/org/apache/hadoop/hadoop-ozone-ozone-manager/0.5.0-SNAPSHOT/hadoop-ozone-ozone-manager-0.5.0-SNAPSHOT.jar:/home/user/.m2/repository/org/apache/hadoop/hadoop-minikdc/3.2.0/hadoop-minikdc-3.2.0.jar:/home/user/.m2/repository/commons-io/commons-io/2.5/commons-io-2.5.jar:/home/user/.m2/repository/org/apache/kerby/kerb-simplekdc/1.0.1/kerb-simplekdc-1.0.1.jar:/home/user/.m2/repository/org/apache/kerby/kerb-client/1.0.1/kerb-client-1.0.1.jar:/home/user/.m2/repository/org/apache/kerby/kerby-config/1.0.1/kerby-config-1.0.1.jar:/home/user/.m2/repository/org/apache/kerby/kerb-core/1.0.1/kerb-core-1.0.1.jar:/home/user/.m2/repository/org/apache/kerby/kerby-pkix/1.0.1/kerby-pkix-1.0.1.jar:/home/user/.m2/repository/org/apache/kerby/kerby-asn1/1.0.1/kerby-asn1-1.0.1.jar:/home/user/.m2/repository/org/apache/kerby/kerby-util/1.0.1/kerby-util-1.0.1.jar:/home/user/.m2/repository/org/apache/kerby/kerb-common/1.0.1/kerb-common-1.0.1.jar:/home/user/.m2/repository/org/apache/kerby/kerb-crypto/1.0.1/kerb-crypto-1.0.1.jar:/home/user/.m2/repository/org/apache/kerby/kerb-util/1.0.1/kerb-util-1.0.1.jar:/home/user/.m2/repository/org/apache/kerby/token-provider/1.0.1/token-provider-1.0.1.jar:/home/user/.m2/repository/org/apache/kerby/kerb-admin/1.0.1/kerb-admin-1.0.1.jar:/home/user/.m2/repository/org/apache/kerby/kerb-server/1.0.1/kerb-server-1.0.1.jar:/home/user/.m2/repository/org/apache/kerby/kerb-identity/1.0.1/kerb-identity-1.0.1.jar:/home/user/.m2/repository/org/apache/kerby/kerby-xdr/1.0.1/kerby-xdr-1.0.1.jar:/home/user/.m2/repository/org/slf4j/slf4j-log4j12/1.7.25/slf4j-log4j12-1.7.25.jar:/home/user/.m2/repository/org/apache/hadoop/hadoop-ozone-s3gateway/0.5.0-SNAPSHOT/hadoop-ozone-s3gateway-0.5.0-SNAPSHOT.jar:/home/user/.m2/repository/org/jboss/weld/servlet/weld-servlet/2.4.7.Final/weld-servlet-2.4.7.Final.jar:/home/user/.m2/repository/org/glassfish/jersey/containers/jersey-container-servlet-core/2.27/jersey-container-servlet-core-2.27.jar:/home/user/.m2/repository/org/glassfish/hk2/external/javax.inject/2.5.0-b42/javax.inject-2.5.0-b42.jar:/home/user/.m2/repository/org/glassfish/jersey/core/jersey-common/2.27/jersey-common-2.27.jar:/home/user/.m2/repository/org/glassfish/hk2/osgi-resource-locator/1.0.1/osgi-resource-locator-1.0.1.jar:/home/user/.m2/repository/javax/ws/rs/javax.ws.rs-api/2.1/javax.ws.rs-api-2.1.jar:/home/user/.m2/repository/org/glassfish/jersey/ext/cdi/jersey-cdi1x/2.27/jersey-cdi1x-2.27.jar:/home/user/.m2/repository/org/glassfish/jersey/inject/jersey-hk2/2.27/jersey-hk2-2.27.jar:/home/user/.m2/repository/org/glassfish/hk2/hk2-locator/2.5.0-b42/hk2-locator-2.5.0-b42.jar:/home/user/.m2/repository/org/javassist/javassist/3.22.0-CR2/javassist-3.22.0-CR2.jar:/home/user/.m2/repository/org/glassfish/hk2/hk2-api/2.5.0/hk2-api-2.5.0.jar:/home/user/.m2/repository/org/glassfish/hk2/external/jakarta.inject/2.5.0/jakarta.inject-2.5.0.jar:/home/user/.m2/repository/org/glassfish/hk2/hk2-utils/2.5.0/hk2-utils-2.5.0.jar:/home/user/.m2/repository/jakarta/annotation/jakarta.annotation-api/1.3.4/jakarta.annotation-api-1.3.4.jar:/home/user/.m2/repository/org/glassfish/hk2/external/aopalliance-repackaged/2.5.0/aopalliance-repackaged-2.5.0.jar:/home/user/.m2/repository/com/fasterxml/jackson/dataformat/jackson-dataformat-xml/2.9.0/jackson-dataformat-xml-2.9.0.jar:/home/user/.m2/repository/com/fasterxml/jackson/core/jackson-core/2.9.5/jackson-core-2.9.5.jar:/home/user/.m2/repository/com/fasterxml/jackson/module/jackson-module-jaxb-annotations/2.9.5/jackson-module-jaxb-annotations-2.9.5.jar:/home/user/.m2/repository/javax/enterprise/cdi-api/1.2/cdi-api-1.2.jar:/home/user/.m2/repository/javax/el/javax.el-api/3.0.0/javax.el-api-3.0.0.jar:/home/user/.m2/repository/javax/interceptor/javax.interceptor-api/1.2/javax.interceptor-api-1.2.jar:/home/user/.m2/repository/javax/inject/javax.inject/1/javax.inject-1.jar:/home/user/.m2/repository/com/sun/xml/bind/jaxb-impl/2.3.0.1/jaxb-impl-2.3.0.1.jar:/home/user/.m2/repository/com/sun/xml/bind/jaxb-core/2.3.0.1/jaxb-core-2.3.0.1.jar:/home/user/.m2/repository/javax/xml/bind/jaxb-api/2.3.0/jaxb-api-2.3.0.jar:/home/user/.m2/repository/javax/activation/activation/1.1.1/activation-1.1.1.jar:/home/user/.m2/repository/org/apache/hadoop/hadoop-ozone-csi/0.5.0-SNAPSHOT/hadoop-ozone-csi-0.5.0-SNAPSHOT.jar:/home/user/.m2/repository/com/google/protobuf/protobuf-java-util/3.5.1/protobuf-java-util-3.5.1.jar:/home/user/.m2/repository/org/apache/hadoop/hadoop-hdds-config/0.5.0-SNAPSHOT/hadoop-hdds-config-0.5.0-SNAPSHOT.jar:/home/user/.m2/repository/io/grpc/grpc-netty/1.17.1/grpc-netty-1.17.1.jar:/home/user/.m2/repository/io/grpc/grpc-core/1.17.1/grpc-core-1.17.1.jar:/home/user/.m2/repository/io/grpc/grpc-context/1.17.1/grpc-context-1.17.1.jar:/home/user/.m2/repository/com/google/errorprone/error_prone_annotations/2.2.0/error_prone_annotations-2.2.0.jar:/home/user/.m2/repository/org/codehaus/mojo/animal-sniffer-annotations/1.17/animal-sniffer-annotations-1.17.jar:/home/user/.m2/repository/io/opencensus/opencensus-api/0.17.0/opencensus-api-0.17.0.jar:/home/user/.m2/repository/io/opencensus/opencensus-contrib-grpc-metrics/0.17.0/opencensus-contrib-grpc-metrics-0.17.0.jar:/home/user/.m2/repository/io/netty/netty-codec-http2/4.1.30.Final/netty-codec-http2-4.1.30.Final.jar:/home/user/.m2/repository/io/netty/netty-codec-http/4.1.30.Final/netty-codec-http-4.1.30.Final.jar:/home/user/.m2/repository/io/netty/netty-codec/4.1.30.Final/netty-codec-4.1.30.Final.jar:/home/user/.m2/repository/io/netty/netty-handler/4.1.30.Final/netty-handler-4.1.30.Final.jar:/home/user/.m2/repository/io/netty/netty-handler-proxy/4.1.30.Final/netty-handler-proxy-4.1.30.Final.jar:/home/user/.m2/repository/io/netty/netty-codec-socks/4.1.30.Final/netty-codec-socks-4.1.30.Final.jar:/home/user/.m2/repository/io/netty/netty-transport-native-epoll/4.1.30.Final/netty-transport-native-epoll-4.1.30.Final.jar:/home/user/.m2/repository/io/netty/netty-common/4.1.30.Final/netty-common-4.1.30.Final.jar:/home/user/.m2/repository/io/netty/netty-buffer/4.1.30.Final/netty-buffer-4.1.30.Final.jar:/home/user/.m2/repository/io/netty/netty-transport/4.1.30.Final/netty-transport-4.1.30.Final.jar:/home/user/.m2/repository/io/netty/netty-resolver/4.1.30.Final/netty-resolver-4.1.30.Final.jar:/home/user/.m2/repository/io/netty/netty-transport-native-unix-common/4.1.30.Final/netty-transport-native-unix-common-4.1.30.Final.jar:/home/user/.m2/repository/io/grpc/grpc-protobuf/1.17.1/grpc-protobuf-1.17.1.jar:/home/user/.m2/repository/com/google/api/grpc/proto-google-common-protos/1.0.0/proto-google-common-protos-1.0.0.jar:/home/user/.m2/repository/io/grpc/grpc-protobuf-lite/1.17.1/grpc-protobuf-lite-1.17.1.jar:/home/user/.m2/repository/io/grpc/grpc-stub/1.17.1/grpc-stub-1.17.1.jar:/home/user/.m2/repository/org/apache/hadoop/hadoop-ozone-recon/0.5.0-SNAPSHOT/hadoop-ozone-recon-0.5.0-SNAPSHOT.jar:/home/user/.m2/repository/org/apache/hadoop/hadoop-ozone-reconcodegen/0.5.0-SNAPSHOT/hadoop-ozone-reconcodegen-0.5.0-SNAPSHOT.jar:/home/user/.m2/repository/com/google/inject/extensions/guice-multibindings/4.0/guice-multibindings-4.0.jar:/home/user/.m2/repository/com/google/inject/guice/4.0/guice-4.0.jar:/home/user/.m2/repository/aopalliance/aopalliance/1.0/aopalliance-1.0.jar:/home/user/.m2/repository/com/google/inject/extensions/guice-servlet/4.0/guice-servlet-4.0.jar:/home/user/.m2/repository/org/glassfish/jersey/containers/jersey-container-servlet/2.27/jersey-container-servlet-2.27.jar:/home/user/.m2/repository/org/glassfish/hk2/guice-bridge/2.5.0/guice-bridge-2.5.0.jar:/home/user/.m2/repository/org/glassfish/jersey/core/jersey-server/2.27/jersey-server-2.27.jar:/home/user/.m2/repository/org/glassfish/jersey/core/jersey-client/2.27/jersey-client-2.27.jar:/home/user/.m2/repository/org/glassfish/jersey/media/jersey-media-jaxb/2.27/jersey-media-jaxb-2.27.jar:/home/user/.m2/repository/javax/validation/validation-api/1.1.0.Final/validation-api-1.1.0.Final.jar:/home/user/.m2/repository/org/glassfish/jersey/media/jersey-media-json-jackson/2.27/jersey-media-json-jackson-2.27.jar:/home/user/.m2/repository/org/glassfish/jersey/ext/jersey-entity-filtering/2.27/jersey-entity-filtering-2.27.jar:/home/user/.m2/repository/com/google/inject/extensions/guice-assistedinject/4.0/guice-assistedinject-4.0.jar:/home/user/.m2/repository/org/jooq/jooq/3.11.10/jooq-3.11.10.jar:/home/user/.m2/repository/org/jooq/jooq-meta/3.11.10/jooq-meta-3.11.10.jar:/home/user/.m2/repository/org/jooq/jooq-codegen/3.11.10/jooq-codegen-3.11.10.jar:/home/user/.m2/repository/com/jolbox/bonecp/0.8.0.RELEASE/bonecp-0.8.0.RELEASE.jar:/home/user/.m2/repository/org/xerial/sqlite-jdbc/3.25.2/sqlite-jdbc-3.25.2.jar:/home/user/.m2/repository/org/springframework/spring-jdbc/5.1.3.RELEASE/spring-jdbc-5.1.3.RELEASE.jar:/home/user/.m2/repository/org/springframework/spring-beans/5.1.3.RELEASE/spring-beans-5.1.3.RELEASE.jar:/home/user/.m2/repository/org/springframework/spring-core/5.1.3.RELEASE/spring-core-5.1.3.RELEASE.jar:/home/user/.m2/repository/org/springframework/spring-jcl/5.1.3.RELEASE/spring-jcl-5.1.3.RELEASE.jar:/home/user/.m2/repository/org/springframework/spring-tx/5.1.3.RELEASE/spring-tx-5.1.3.RELEASE.jar:/home/user/.m2/repository/org/apache/hadoop/hadoop-ozone-client/0.5.0-SNAPSHOT/hadoop-ozone-client-0.5.0-SNAPSHOT.jar:/home/user/.m2/repository/commons-lang/commons-lang/2.6/commons-lang-2.6.jar:/home/user/.m2/repository/org/apache/hadoop/hadoop-ozone-ozone-manager/0.5.0-SNAPSHOT/hadoop-ozone-ozone-manager-0.5.0-SNAPSHOT-tests.jar:/home/user/.m2/repository/junit/junit/4.11/junit-4.11.jar:/home/user/.m2/repository/org/hamcrest/hamcrest-core/1.3/hamcrest-core-1.3.jar:/home/user/.m2/repository/org/openjdk/jmh/jmh-core/1.19/jmh-core-1.19.jar:/home/user/.m2/repository/net/sf/jopt-simple/jopt-simple/4.6/jopt-simple-4.6.jar:/home/user/.m2/repository/org/apache/commons/commons-math3/3.1.1/commons-math3-3.1.1.jar:/home/user/.m2/repository/org/openjdk/jmh/jmh-generator-annprocess/1.19/jmh-generator-annprocess-1.19.jar:/home/user/.m2/repository/org/mockito/mockito-all/1.8.5/mockito-all-1.8.5.jar:/home/user/.m2/repository/org/apache/hadoop/hadoop-kms/3.2.0/hadoop-kms-3.2.0.jar:/home/user/.m2/repository/org/apache/hadoop/hadoop-auth/3.2.0/hadoop-auth-3.2.0.jar:/home/user/.m2/repository/com/nimbusds/nimbus-jose-jwt/4.41.1/nimbus-jose-jwt-4.41.1.jar:/home/user/.m2/repository/com/github/stephenc/jcip/jcip-annotations/1.0-1/jcip-annotations-1.0-1.jar:/home/user/.m2/repository/net/minidev/json-smart/2.3/json-smart-2.3.jar:/home/user/.m2/repository/net/minidev/accessors-smart/1.2/accessors-smart-1.2.jar:/home/user/.m2/repository/org/ow2/asm/asm/5.0.4/asm-5.0.4.jar:/home/user/.m2/repository/org/apache/curator/curator-framework/2.12.0/curator-framework-2.12.0.jar:/home/user/.m2/repository/com/sun/jersey/jersey-core/1.19/jersey-core-1.19.jar:/home/user/.m2/repository/javax/ws/rs/jsr311-api/1.1.1/jsr311-api-1.1.1.jar:/home/user/.m2/repository/com/sun/jersey/jersey-server/1.19/jersey-server-1.19.jar:/home/user/.m2/repository/javax/servlet/javax.servlet-api/3.1.0/javax.servlet-api-3.1.0.jar:/home/user/.m2/repository/org/eclipse/jetty/jetty-server/9.3.24.v20180605/jetty-server-9.3.24.v20180605.jar:/home/user/.m2/repository/org/eclipse/jetty/jetty-http/9.3.24.v20180605/jetty-http-9.3.24.v20180605.jar:/home/user/.m2/repository/org/eclipse/jetty/jetty-io/9.3.24.v20180605/jetty-io-9.3.24.v20180605.jar:/home/user/.m2/repository/org/eclipse/jetty/jetty-webapp/9.3.24.v20180605/jetty-webapp-9.3.24.v20180605.jar:/home/user/.m2/repository/org/eclipse/jetty/jetty-xml/9.3.24.v20180605/jetty-xml-9.3.24.v20180605.jar:/home/user/.m2/repository/log4j/log4j/1.2.17/log4j-1.2.17.jar:/home/user/.m2/repository/org/slf4j/slf4j-api/1.7.25/slf4j-api-1.7.25.jar:/home/user/.m2/repository/org/slf4j/jul-to-slf4j/1.7.25/jul-to-slf4j-1.7.25.jar:/home/user/.m2/repository/org/eclipse/jetty/jetty-util/9.3.24.v20180605/jetty-util-9.3.24.v20180605.jar:/home/user/.m2/repository/com/fasterxml/jackson/core/jackson-databind/2.9.5/jackson-databind-2.9.5.jar:/home/user/.m2/repository/org/apache/hadoop/hadoop-kms/3.2.0/hadoop-kms-3.2.0-tests.jar:/home/user/.m2/repository/org/apache/hadoop/hadoop-hdds-server-scm/0.5.0-SNAPSHOT/hadoop-hdds-server-scm-0.5.0-SNAPSHOT-tests.jar:/home/user/.m2/repository/org/apache/hadoop/hadoop-hdds-container-service/0.5.0-SNAPSHOT/hadoop-hdds-container-service-0.5.0-SNAPSHOT-tests.jar:/home/user/.m2/repository/org/yaml/snakeyaml/1.16/snakeyaml-1.16.jar:/home/user/.m2/repository/org/apache/hadoop/hadoop-common/3.2.0/hadoop-common-3.2.0-tests.jar:/home/user/.m2/repository/org/apache/hadoop/hadoop-annotations/3.2.0/hadoop-annotations-3.2.0.jar:/usr/lib/jvm/java-1.8-openjdk/jre/../lib/tools.jar:/home/user/.m2/repository/commons-cli/commons-cli/1.2/commons-cli-1.2.jar:/home/user/.m2/repository/org/apache/httpcomponents/httpclient/4.5.2/httpclient-4.5.2.jar:/home/user/.m2/repository/org/apache/httpcomponents/httpcore/4.4.4/httpcore-4.4.4.jar:/home/user/.m2/repository/commons-codec/commons-codec/1.11/commons-codec-1.11.jar:/home/user/.m2/repository/commons-net/commons-net/3.6/commons-net-3.6.jar:/home/user/.m2/repository/commons-collections/commons-collections/3.2.2/commons-collections-3.2.2.jar:/home/user/.m2/repository/org/eclipse/jetty/jetty-servlet/9.3.24.v20180605/jetty-servlet-9.3.24.v20180605.jar:/home/user/.m2/repository/org/eclipse/jetty/jetty-security/9.3.24.v20180605/jetty-security-9.3.24.v20180605.jar:/home/user/.m2/repository/javax/servlet/jsp/jsp-api/2.1/jsp-api-2.1.jar:/home/user/.m2/repository/com/sun/jersey/jersey-servlet/1.19/jersey-servlet-1.19.jar:/home/user/.m2/repository/com/sun/jersey/jersey-json/1.19/jersey-json-1.19.jar:/home/user/.m2/repository/org/codehaus/jettison/jettison/1.1/jettison-1.1.jar:/home/user/.m2/repository/org/codehaus/jackson/jackson-core-asl/1.9.13/jackson-core-asl-1.9.13.jar:/home/user/.m2/repository/org/codehaus/jackson/jackson-mapper-asl/1.9.13/jackson-mapper-asl-1.9.13.jar:/home/user/.m2/repository/org/codehaus/jackson/jackson-jaxrs/1.9.13/jackson-jaxrs-1.9.13.jar:/home/user/.m2/repository/org/codehaus/jackson/jackson-xc/1.9.13/jackson-xc-1.9.13.jar:/home/user/.m2/repository/commons-logging/commons-logging/1.1.3/commons-logging-1.1.3.jar:/home/user/.m2/repository/commons-beanutils/commons-beanutils/1.9.3/commons-beanutils-1.9.3.jar:/home/user/.m2/repository/org/apache/commons/commons-configuration2/2.1.1/commons-configuration2-2.1.1.jar:/home/user/.m2/repository/org/apache/commons/commons-lang3/3.7/commons-lang3-3.7.jar:/home/user/.m2/repository/org/apache/commons/commons-text/1.4/commons-text-1.4.jar:/home/user/.m2/repository/org/apache/avro/avro/1.7.7/avro-1.7.7.jar:/home/user/.m2/repository/com/thoughtworks/paranamer/paranamer/2.3/paranamer-2.3.jar:/home/user/.m2/repository/org/xerial/snappy/snappy-java/1.0.5/snappy-java-1.0.5.jar:/home/user/.m2/repository/com/google/re2j/re2j/1.1/re2j-1.1.jar:/home/user/.m2/repository/com/google/code/gson/gson/2.2.4/gson-2.2.4.jar:/home/user/.m2/repository/com/jcraft/jsch/0.1.54/jsch-0.1.54.jar:/home/user/.m2/repository/org/apache/curator/curator-client/2.12.0/curator-client-2.12.0.jar:/home/user/.m2/repository/org/apache/curator/curator-recipes/2.12.0/curator-recipes-2.12.0.jar:/home/user/.m2/repository/com/google/code/findbugs/jsr305/3.0.0/jsr305-3.0.0.jar:/home/user/.m2/repository/org/apache/htrace/htrace-core4/4.1.0-incubating/htrace-core4-4.1.0-incubating.jar:/home/user/.m2/repository/org/apache/zookeeper/zookeeper/3.4.13/zookeeper-3.4.13.jar:/home/user/.m2/repository/org/apache/yetus/audience-annotations/0.5.0/audience-annotations-0.5.0.jar:/home/user/.m2/repository/org/codehaus/woodstox/stax2-api/3.1.4/stax2-api-3.1.4.jar:/home/user/.m2/repository/com/fasterxml/woodstox/woodstox-core/5.0.3/woodstox-core-5.0.3.jar:/home/user/.m2/repository/dnsjava/dnsjava/2.1.7/dnsjava-2.1.7.jar:/home/user/.m2/repository/org/apache/hadoop/hadoop-hdfs/3.2.0/hadoop-hdfs-3.2.0-tests.jar:/home/user/.m2/repository/org/eclipse/jetty/jetty-util-ajax/9.3.24.v20180605/jetty-util-ajax-9.3.24.v20180605.jar:/home/user/.m2/repository/commons-daemon/commons-daemon/1.0.13/commons-daemon-1.0.13.jar:/home/user/.m2/repository/io/netty/netty/3.10.5.Final/netty-3.10.5.Final.jar:/home/user/.m2/repository/io/netty/netty-all/4.0.52.Final/netty-all-4.0.52.Final.jar:/home/user/.m2/repository/org/fusesource/leveldbjni/leveldbjni-all/1.8/leveldbjni-all-1.8.jar:"/>
    <property name="java.vm.vendor" value="IcedTea"/>
    <property name="sun.arch.data.model" value="64"/>
    <property name="test.build.dir" value="/workdir/hadoop-ozone/integration-test/target/test-dir"/>
    <property name="test.cache.data" value=""/>
    <property name="java.vendor.url" value="https://icedtea.classpath.org"/>
    <property name="user.timezone" value=""/>
    <property name="java.vm.specification.version" value="1.8"/>
    <property name="os.name" value="Linux"/>
    <property name="test.build.data" value="/workdir/hadoop-ozone/integration-test/target/test-dir"/>
    <property name="user.country" value="US"/>
    <property name="sun.java.launcher" value="SUN_STANDARD"/>
    <property name="sun.boot.library.path" value="/usr/lib/jvm/java-1.8-openjdk/jre/lib/amd64"/>
    <property name="sun.java.command" value="/workdir/hadoop-ozone/integration-test/target/surefire/surefirebooter8425833226553030528.jar /workdir/hadoop-ozone/integration-test/target/surefire 2019-09-16T17-59-00_964-jvmRun1 surefire5553343586780545902tmp surefire_535462013245525165129tmp"/>
    <property name="test" value="!TestMiniChaosOzoneCluster"/>
    <property name="surefire.test.class.path" value="/workdir/hadoop-ozone/integration-test/target/test-classes:/workdir/hadoop-ozone/integration-test/target/classes:/home/user/.m2/repository/org/apache/hadoop/hadoop-ozone-common/0.5.0-SNAPSHOT/hadoop-ozone-common-0.5.0-SNAPSHOT.jar:/home/user/.m2/repository/org/apache/commons/commons-compress/1.4.1/commons-compress-1.4.1.jar:/home/user/.m2/repository/org/tukaani/xz/1.0/xz-1.0.jar:/home/user/.m2/repository/org/apache/hadoop/hadoop-common/3.2.0/hadoop-common-3.2.0.jar:/home/user/.m2/repository/org/apache/hadoop/hadoop-hdfs/3.2.0/hadoop-hdfs-3.2.0.jar:/home/user/.m2/repository/org/apache/hadoop/hadoop-hdfs-client/3.2.0/hadoop-hdfs-client-3.2.0.jar:/home/user/.m2/repository/com/fasterxml/jackson/core/jackson-annotations/2.9.5/jackson-annotations-2.9.5.jar:/home/user/.m2/repository/org/apache/hadoop/hadoop-hdds-common/0.5.0-SNAPSHOT/hadoop-hdds-common-0.5.0-SNAPSHOT.jar:/home/user/.m2/repository/javax/annotation/javax.annotation-api/1.2/javax.annotation-api-1.2.jar:/home/user/.m2/repository/org/apache/ratis/ratis-server/0.4.0-78e95b9-SNAPSHOT/ratis-server-0.4.0-78e95b9-SNAPSHOT.jar:/home/user/.m2/repository/org/apache/ratis/ratis-thirdparty-misc/0.2.0/ratis-thirdparty-misc-0.2.0.jar:/home/user/.m2/repository/org/apache/ratis/ratis-proto/0.4.0-78e95b9-SNAPSHOT/ratis-proto-0.4.0-78e95b9-SNAPSHOT.jar:/home/user/.m2/repository/org/apache/ratis/ratis-common/0.4.0-78e95b9-SNAPSHOT/ratis-common-0.4.0-78e95b9-SNAPSHOT.jar:/home/user/.m2/repository/org/apache/ratis/ratis-client/0.4.0-78e95b9-SNAPSHOT/ratis-client-0.4.0-78e95b9-SNAPSHOT.jar:/home/user/.m2/repository/org/apache/ratis/ratis-metrics/0.4.0-78e95b9-SNAPSHOT/ratis-metrics-0.4.0-78e95b9-SNAPSHOT.jar:/home/user/.m2/repository/com/github/joshelser/dropwizard-metrics-hadoop-metrics2-reporter/0.1.2/dropwizard-metrics-hadoop-metrics2-reporter-0.1.2.jar:/home/user/.m2/repository/io/dropwizard/metrics/metrics-jvm/3.2.5/metrics-jvm-3.2.5.jar:/home/user/.m2/repository/io/dropwizard/metrics/metrics-ganglia/3.2.5/metrics-ganglia-3.2.5.jar:/home/user/.m2/repository/info/ganglia/gmetric4j/gmetric4j/1.0.7/gmetric4j-1.0.7.jar:/home/user/.m2/repository/org/apache/ratis/ratis-netty/0.4.0-78e95b9-SNAPSHOT/ratis-netty-0.4.0-78e95b9-SNAPSHOT.jar:/home/user/.m2/repository/org/apache/ratis/ratis-grpc/0.4.0-78e95b9-SNAPSHOT/ratis-grpc-0.4.0-78e95b9-SNAPSHOT.jar:/home/user/.m2/repository/org/rocksdb/rocksdbjni/6.0.1/rocksdbjni-6.0.1.jar:/home/user/.m2/repository/org/apache/logging/log4j/log4j-api/2.11.0/log4j-api-2.11.0.jar:/home/user/.m2/repository/org/apache/logging/log4j/log4j-core/2.11.0/log4j-core-2.11.0.jar:/home/user/.m2/repository/com/lmax/disruptor/3.4.2/disruptor-3.4.2.jar:/home/user/.m2/repository/org/apache/commons/commons-pool2/2.6.0/commons-pool2-2.6.0.jar:/home/user/.m2/repository/org/bouncycastle/bcpkix-jdk15on/1.60/bcpkix-jdk15on-1.60.jar:/home/user/.m2/repository/commons-validator/commons-validator/1.6/commons-validator-1.6.jar:/home/user/.m2/repository/commons-digester/commons-digester/1.8.1/commons-digester-1.8.1.jar:/home/user/.m2/repository/io/jaegertracing/jaeger-client/0.33.1/jaeger-client-0.33.1.jar:/home/user/.m2/repository/io/jaegertracing/jaeger-thrift/0.33.1/jaeger-thrift-0.33.1.jar:/home/user/.m2/repository/org/apache/thrift/libthrift/0.11.0/libthrift-0.11.0.jar:/home/user/.m2/repository/com/squareup/okhttp3/okhttp/3.9.0/okhttp-3.9.0.jar:/home/user/.m2/repository/com/squareup/okio/okio/1.13.0/okio-1.13.0.jar:/home/user/.m2/repository/io/jaegertracing/jaeger-core/0.33.1/jaeger-core-0.33.1.jar:/home/user/.m2/repository/io/jaegertracing/jaeger-tracerresolver/0.33.1/jaeger-tracerresolver-0.33.1.jar:/home/user/.m2/repository/io/opentracing/contrib/opentracing-tracerresolver/0.1.5/opentracing-tracerresolver-0.1.5.jar:/home/user/.m2/repository/io/opentracing/opentracing-util/0.31.0/opentracing-util-0.31.0.jar:/home/user/.m2/repository/io/opentracing/opentracing-api/0.31.0/opentracing-api-0.31.0.jar:/home/user/.m2/repository/io/opentracing/opentracing-noop/0.31.0/opentracing-noop-0.31.0.jar:/home/user/.m2/repository/org/apache/hadoop/hadoop-hdds-server-framework/0.5.0-SNAPSHOT/hadoop-hdds-server-framework-0.5.0-SNAPSHOT.jar:/home/user/.m2/repository/org/apache/hadoop/hadoop-hdds-container-service/0.5.0-SNAPSHOT/hadoop-hdds-container-service-0.5.0-SNAPSHOT.jar:/home/user/.m2/repository/org/apache/hadoop/hadoop-hdds-client/0.5.0-SNAPSHOT/hadoop-hdds-client-0.5.0-SNAPSHOT.jar:/home/user/.m2/repository/org/apache/hadoop/hadoop-hdds-tools/0.5.0-SNAPSHOT/hadoop-hdds-tools-0.5.0-SNAPSHOT.jar:/home/user/.m2/repository/org/apache/hadoop/hadoop-hdds-server-scm/0.5.0-SNAPSHOT/hadoop-hdds-server-scm-0.5.0-SNAPSHOT.jar:/home/user/.m2/repository/org/apache/hadoop/hadoop-hdds-docs/0.5.0-SNAPSHOT/hadoop-hdds-docs-0.5.0-SNAPSHOT.jar:/home/user/.m2/repository/io/dropwizard/metrics/metrics-core/3.2.4/metrics-core-3.2.4.jar:/home/user/.m2/repository/org/hamcrest/hamcrest-all/1.3/hamcrest-all-1.3.jar:/home/user/.m2/repository/org/bouncycastle/bcprov-jdk15on/1.60/bcprov-jdk15on-1.60.jar:/home/user/.m2/repository/info/picocli/picocli/3.9.6/picocli-3.9.6.jar:/home/user/.m2/repository/com/google/protobuf/protobuf-java/2.5.0/protobuf-java-2.5.0.jar:/home/user/.m2/repository/com/google/guava/guava/11.0.2/guava-11.0.2.jar:/home/user/.m2/repository/org/apache/hadoop/hadoop-ozone-ozone-manager/0.5.0-SNAPSHOT/hadoop-ozone-ozone-manager-0.5.0-SNAPSHOT.jar:/home/user/.m2/repository/org/apache/hadoop/hadoop-minikdc/3.2.0/hadoop-minikdc-3.2.0.jar:/home/user/.m2/repository/commons-io/commons-io/2.5/commons-io-2.5.jar:/home/user/.m2/repository/org/apache/kerby/kerb-simplekdc/1.0.1/kerb-simplekdc-1.0.1.jar:/home/user/.m2/repository/org/apache/kerby/kerb-client/1.0.1/kerb-client-1.0.1.jar:/home/user/.m2/repository/org/apache/kerby/kerby-config/1.0.1/kerby-config-1.0.1.jar:/home/user/.m2/repository/org/apache/kerby/kerb-core/1.0.1/kerb-core-1.0.1.jar:/home/user/.m2/repository/org/apache/kerby/kerby-pkix/1.0.1/kerby-pkix-1.0.1.jar:/home/user/.m2/repository/org/apache/kerby/kerby-asn1/1.0.1/kerby-asn1-1.0.1.jar:/home/user/.m2/repository/org/apache/kerby/kerby-util/1.0.1/kerby-util-1.0.1.jar:/home/user/.m2/repository/org/apache/kerby/kerb-common/1.0.1/kerb-common-1.0.1.jar:/home/user/.m2/repository/org/apache/kerby/kerb-crypto/1.0.1/kerb-crypto-1.0.1.jar:/home/user/.m2/repository/org/apache/kerby/kerb-util/1.0.1/kerb-util-1.0.1.jar:/home/user/.m2/repository/org/apache/kerby/token-provider/1.0.1/token-provider-1.0.1.jar:/home/user/.m2/repository/org/apache/kerby/kerb-admin/1.0.1/kerb-admin-1.0.1.jar:/home/user/.m2/repository/org/apache/kerby/kerb-server/1.0.1/kerb-server-1.0.1.jar:/home/user/.m2/repository/org/apache/kerby/kerb-identity/1.0.1/kerb-identity-1.0.1.jar:/home/user/.m2/repository/org/apache/kerby/kerby-xdr/1.0.1/kerby-xdr-1.0.1.jar:/home/user/.m2/repository/org/slf4j/slf4j-log4j12/1.7.25/slf4j-log4j12-1.7.25.jar:/home/user/.m2/repository/org/apache/hadoop/hadoop-ozone-s3gateway/0.5.0-SNAPSHOT/hadoop-ozone-s3gateway-0.5.0-SNAPSHOT.jar:/home/user/.m2/repository/org/jboss/weld/servlet/weld-servlet/2.4.7.Final/weld-servlet-2.4.7.Final.jar:/home/user/.m2/repository/org/glassfish/jersey/containers/jersey-container-servlet-core/2.27/jersey-container-servlet-core-2.27.jar:/home/user/.m2/repository/org/glassfish/hk2/external/javax.inject/2.5.0-b42/javax.inject-2.5.0-b42.jar:/home/user/.m2/repository/org/glassfish/jersey/core/jersey-common/2.27/jersey-common-2.27.jar:/home/user/.m2/repository/org/glassfish/hk2/osgi-resource-locator/1.0.1/osgi-resource-locator-1.0.1.jar:/home/user/.m2/repository/javax/ws/rs/javax.ws.rs-api/2.1/javax.ws.rs-api-2.1.jar:/home/user/.m2/repository/org/glassfish/jersey/ext/cdi/jersey-cdi1x/2.27/jersey-cdi1x-2.27.jar:/home/user/.m2/repository/org/glassfish/jersey/inject/jersey-hk2/2.27/jersey-hk2-2.27.jar:/home/user/.m2/repository/org/glassfish/hk2/hk2-locator/2.5.0-b42/hk2-locator-2.5.0-b42.jar:/home/user/.m2/repository/org/javassist/javassist/3.22.0-CR2/javassist-3.22.0-CR2.jar:/home/user/.m2/repository/org/glassfish/hk2/hk2-api/2.5.0/hk2-api-2.5.0.jar:/home/user/.m2/repository/org/glassfish/hk2/external/jakarta.inject/2.5.0/jakarta.inject-2.5.0.jar:/home/user/.m2/repository/org/glassfish/hk2/hk2-utils/2.5.0/hk2-utils-2.5.0.jar:/home/user/.m2/repository/jakarta/annotation/jakarta.annotation-api/1.3.4/jakarta.annotation-api-1.3.4.jar:/home/user/.m2/repository/org/glassfish/hk2/external/aopalliance-repackaged/2.5.0/aopalliance-repackaged-2.5.0.jar:/home/user/.m2/repository/com/fasterxml/jackson/dataformat/jackson-dataformat-xml/2.9.0/jackson-dataformat-xml-2.9.0.jar:/home/user/.m2/repository/com/fasterxml/jackson/core/jackson-core/2.9.5/jackson-core-2.9.5.jar:/home/user/.m2/repository/com/fasterxml/jackson/module/jackson-module-jaxb-annotations/2.9.5/jackson-module-jaxb-annotations-2.9.5.jar:/home/user/.m2/repository/javax/enterprise/cdi-api/1.2/cdi-api-1.2.jar:/home/user/.m2/repository/javax/el/javax.el-api/3.0.0/javax.el-api-3.0.0.jar:/home/user/.m2/repository/javax/interceptor/javax.interceptor-api/1.2/javax.interceptor-api-1.2.jar:/home/user/.m2/repository/javax/inject/javax.inject/1/javax.inject-1.jar:/home/user/.m2/repository/com/sun/xml/bind/jaxb-impl/2.3.0.1/jaxb-impl-2.3.0.1.jar:/home/user/.m2/repository/com/sun/xml/bind/jaxb-core/2.3.0.1/jaxb-core-2.3.0.1.jar:/home/user/.m2/repository/javax/xml/bind/jaxb-api/2.3.0/jaxb-api-2.3.0.jar:/home/user/.m2/repository/javax/activation/activation/1.1.1/activation-1.1.1.jar:/home/user/.m2/repository/org/apache/hadoop/hadoop-ozone-csi/0.5.0-SNAPSHOT/hadoop-ozone-csi-0.5.0-SNAPSHOT.jar:/home/user/.m2/repository/com/google/protobuf/protobuf-java-util/3.5.1/protobuf-java-util-3.5.1.jar:/home/user/.m2/repository/org/apache/hadoop/hadoop-hdds-config/0.5.0-SNAPSHOT/hadoop-hdds-config-0.5.0-SNAPSHOT.jar:/home/user/.m2/repository/io/grpc/grpc-netty/1.17.1/grpc-netty-1.17.1.jar:/home/user/.m2/repository/io/grpc/grpc-core/1.17.1/grpc-core-1.17.1.jar:/home/user/.m2/repository/io/grpc/grpc-context/1.17.1/grpc-context-1.17.1.jar:/home/user/.m2/repository/com/google/errorprone/error_prone_annotations/2.2.0/error_prone_annotations-2.2.0.jar:/home/user/.m2/repository/org/codehaus/mojo/animal-sniffer-annotations/1.17/animal-sniffer-annotations-1.17.jar:/home/user/.m2/repository/io/opencensus/opencensus-api/0.17.0/opencensus-api-0.17.0.jar:/home/user/.m2/repository/io/opencensus/opencensus-contrib-grpc-metrics/0.17.0/opencensus-contrib-grpc-metrics-0.17.0.jar:/home/user/.m2/repository/io/netty/netty-codec-http2/4.1.30.Final/netty-codec-http2-4.1.30.Final.jar:/home/user/.m2/repository/io/netty/netty-codec-http/4.1.30.Final/netty-codec-http-4.1.30.Final.jar:/home/user/.m2/repository/io/netty/netty-codec/4.1.30.Final/netty-codec-4.1.30.Final.jar:/home/user/.m2/repository/io/netty/netty-handler/4.1.30.Final/netty-handler-4.1.30.Final.jar:/home/user/.m2/repository/io/netty/netty-handler-proxy/4.1.30.Final/netty-handler-proxy-4.1.30.Final.jar:/home/user/.m2/repository/io/netty/netty-codec-socks/4.1.30.Final/netty-codec-socks-4.1.30.Final.jar:/home/user/.m2/repository/io/netty/netty-transport-native-epoll/4.1.30.Final/netty-transport-native-epoll-4.1.30.Final.jar:/home/user/.m2/repository/io/netty/netty-common/4.1.30.Final/netty-common-4.1.30.Final.jar:/home/user/.m2/repository/io/netty/netty-buffer/4.1.30.Final/netty-buffer-4.1.30.Final.jar:/home/user/.m2/repository/io/netty/netty-transport/4.1.30.Final/netty-transport-4.1.30.Final.jar:/home/user/.m2/repository/io/netty/netty-resolver/4.1.30.Final/netty-resolver-4.1.30.Final.jar:/home/user/.m2/repository/io/netty/netty-transport-native-unix-common/4.1.30.Final/netty-transport-native-unix-common-4.1.30.Final.jar:/home/user/.m2/repository/io/grpc/grpc-protobuf/1.17.1/grpc-protobuf-1.17.1.jar:/home/user/.m2/repository/com/google/api/grpc/proto-google-common-protos/1.0.0/proto-google-common-protos-1.0.0.jar:/home/user/.m2/repository/io/grpc/grpc-protobuf-lite/1.17.1/grpc-protobuf-lite-1.17.1.jar:/home/user/.m2/repository/io/grpc/grpc-stub/1.17.1/grpc-stub-1.17.1.jar:/home/user/.m2/repository/org/apache/hadoop/hadoop-ozone-recon/0.5.0-SNAPSHOT/hadoop-ozone-recon-0.5.0-SNAPSHOT.jar:/home/user/.m2/repository/org/apache/hadoop/hadoop-ozone-reconcodegen/0.5.0-SNAPSHOT/hadoop-ozone-reconcodegen-0.5.0-SNAPSHOT.jar:/home/user/.m2/repository/com/google/inject/extensions/guice-multibindings/4.0/guice-multibindings-4.0.jar:/home/user/.m2/repository/com/google/inject/guice/4.0/guice-4.0.jar:/home/user/.m2/repository/aopalliance/aopalliance/1.0/aopalliance-1.0.jar:/home/user/.m2/repository/com/google/inject/extensions/guice-servlet/4.0/guice-servlet-4.0.jar:/home/user/.m2/repository/org/glassfish/jersey/containers/jersey-container-servlet/2.27/jersey-container-servlet-2.27.jar:/home/user/.m2/repository/org/glassfish/hk2/guice-bridge/2.5.0/guice-bridge-2.5.0.jar:/home/user/.m2/repository/org/glassfish/jersey/core/jersey-server/2.27/jersey-server-2.27.jar:/home/user/.m2/repository/org/glassfish/jersey/core/jersey-client/2.27/jersey-client-2.27.jar:/home/user/.m2/repository/org/glassfish/jersey/media/jersey-media-jaxb/2.27/jersey-media-jaxb-2.27.jar:/home/user/.m2/repository/javax/validation/validation-api/1.1.0.Final/validation-api-1.1.0.Final.jar:/home/user/.m2/repository/org/glassfish/jersey/media/jersey-media-json-jackson/2.27/jersey-media-json-jackson-2.27.jar:/home/user/.m2/repository/org/glassfish/jersey/ext/jersey-entity-filtering/2.27/jersey-entity-filtering-2.27.jar:/home/user/.m2/repository/com/google/inject/extensions/guice-assistedinject/4.0/guice-assistedinject-4.0.jar:/home/user/.m2/repository/org/jooq/jooq/3.11.10/jooq-3.11.10.jar:/home/user/.m2/repository/org/jooq/jooq-meta/3.11.10/jooq-meta-3.11.10.jar:/home/user/.m2/repository/org/jooq/jooq-codegen/3.11.10/jooq-codegen-3.11.10.jar:/home/user/.m2/repository/com/jolbox/bonecp/0.8.0.RELEASE/bonecp-0.8.0.RELEASE.jar:/home/user/.m2/repository/org/xerial/sqlite-jdbc/3.25.2/sqlite-jdbc-3.25.2.jar:/home/user/.m2/repository/org/springframework/spring-jdbc/5.1.3.RELEASE/spring-jdbc-5.1.3.RELEASE.jar:/home/user/.m2/repository/org/springframework/spring-beans/5.1.3.RELEASE/spring-beans-5.1.3.RELEASE.jar:/home/user/.m2/repository/org/springframework/spring-core/5.1.3.RELEASE/spring-core-5.1.3.RELEASE.jar:/home/user/.m2/repository/org/springframework/spring-jcl/5.1.3.RELEASE/spring-jcl-5.1.3.RELEASE.jar:/home/user/.m2/repository/org/springframework/spring-tx/5.1.3.RELEASE/spring-tx-5.1.3.RELEASE.jar:/home/user/.m2/repository/org/apache/hadoop/hadoop-ozone-client/0.5.0-SNAPSHOT/hadoop-ozone-client-0.5.0-SNAPSHOT.jar:/home/user/.m2/repository/commons-lang/commons-lang/2.6/commons-lang-2.6.jar:/home/user/.m2/repository/org/apache/hadoop/hadoop-ozone-ozone-manager/0.5.0-SNAPSHOT/hadoop-ozone-ozone-manager-0.5.0-SNAPSHOT-tests.jar:/home/user/.m2/repository/junit/junit/4.11/junit-4.11.jar:/home/user/.m2/repository/org/hamcrest/hamcrest-core/1.3/hamcrest-core-1.3.jar:/home/user/.m2/repository/org/openjdk/jmh/jmh-core/1.19/jmh-core-1.19.jar:/home/user/.m2/repository/net/sf/jopt-simple/jopt-simple/4.6/jopt-simple-4.6.jar:/home/user/.m2/repository/org/apache/commons/commons-math3/3.1.1/commons-math3-3.1.1.jar:/home/user/.m2/repository/org/openjdk/jmh/jmh-generator-annprocess/1.19/jmh-generator-annprocess-1.19.jar:/home/user/.m2/repository/org/mockito/mockito-all/1.8.5/mockito-all-1.8.5.jar:/home/user/.m2/repository/org/apache/hadoop/hadoop-kms/3.2.0/hadoop-kms-3.2.0.jar:/home/user/.m2/repository/org/apache/hadoop/hadoop-auth/3.2.0/hadoop-auth-3.2.0.jar:/home/user/.m2/repository/com/nimbusds/nimbus-jose-jwt/4.41.1/nimbus-jose-jwt-4.41.1.jar:/home/user/.m2/repository/com/github/stephenc/jcip/jcip-annotations/1.0-1/jcip-annotations-1.0-1.jar:/home/user/.m2/repository/net/minidev/json-smart/2.3/json-smart-2.3.jar:/home/user/.m2/repository/net/minidev/accessors-smart/1.2/accessors-smart-1.2.jar:/home/user/.m2/repository/org/ow2/asm/asm/5.0.4/asm-5.0.4.jar:/home/user/.m2/repository/org/apache/curator/curator-framework/2.12.0/curator-framework-2.12.0.jar:/home/user/.m2/repository/com/sun/jersey/jersey-core/1.19/jersey-core-1.19.jar:/home/user/.m2/repository/javax/ws/rs/jsr311-api/1.1.1/jsr311-api-1.1.1.jar:/home/user/.m2/repository/com/sun/jersey/jersey-server/1.19/jersey-server-1.19.jar:/home/user/.m2/repository/javax/servlet/javax.servlet-api/3.1.0/javax.servlet-api-3.1.0.jar:/home/user/.m2/repository/org/eclipse/jetty/jetty-server/9.3.24.v20180605/jetty-server-9.3.24.v20180605.jar:/home/user/.m2/repository/org/eclipse/jetty/jetty-http/9.3.24.v20180605/jetty-http-9.3.24.v20180605.jar:/home/user/.m2/repository/org/eclipse/jetty/jetty-io/9.3.24.v20180605/jetty-io-9.3.24.v20180605.jar:/home/user/.m2/repository/org/eclipse/jetty/jetty-webapp/9.3.24.v20180605/jetty-webapp-9.3.24.v20180605.jar:/home/user/.m2/repository/org/eclipse/jetty/jetty-xml/9.3.24.v20180605/jetty-xml-9.3.24.v20180605.jar:/home/user/.m2/repository/log4j/log4j/1.2.17/log4j-1.2.17.jar:/home/user/.m2/repository/org/slf4j/slf4j-api/1.7.25/slf4j-api-1.7.25.jar:/home/user/.m2/repository/org/slf4j/jul-to-slf4j/1.7.25/jul-to-slf4j-1.7.25.jar:/home/user/.m2/repository/org/eclipse/jetty/jetty-util/9.3.24.v20180605/jetty-util-9.3.24.v20180605.jar:/home/user/.m2/repository/com/fasterxml/jackson/core/jackson-databind/2.9.5/jackson-databind-2.9.5.jar:/home/user/.m2/repository/org/apache/hadoop/hadoop-kms/3.2.0/hadoop-kms-3.2.0-tests.jar:/home/user/.m2/repository/org/apache/hadoop/hadoop-hdds-server-scm/0.5.0-SNAPSHOT/hadoop-hdds-server-scm-0.5.0-SNAPSHOT-tests.jar:/home/user/.m2/repository/org/apache/hadoop/hadoop-hdds-container-service/0.5.0-SNAPSHOT/hadoop-hdds-container-service-0.5.0-SNAPSHOT-tests.jar:/home/user/.m2/repository/org/yaml/snakeyaml/1.16/snakeyaml-1.16.jar:/home/user/.m2/repository/org/apache/hadoop/hadoop-common/3.2.0/hadoop-common-3.2.0-tests.jar:/home/user/.m2/repository/org/apache/hadoop/hadoop-annotations/3.2.0/hadoop-annotations-3.2.0.jar:/usr/lib/jvm/java-1.8-openjdk/jre/../lib/tools.jar:/home/user/.m2/repository/commons-cli/commons-cli/1.2/commons-cli-1.2.jar:/home/user/.m2/repository/org/apache/httpcomponents/httpclient/4.5.2/httpclient-4.5.2.jar:/home/user/.m2/repository/org/apache/httpcomponents/httpcore/4.4.4/httpcore-4.4.4.jar:/home/user/.m2/repository/commons-codec/commons-codec/1.11/commons-codec-1.11.jar:/home/user/.m2/repository/commons-net/commons-net/3.6/commons-net-3.6.jar:/home/user/.m2/repository/commons-collections/commons-collections/3.2.2/commons-collections-3.2.2.jar:/home/user/.m2/repository/org/eclipse/jetty/jetty-servlet/9.3.24.v20180605/jetty-servlet-9.3.24.v20180605.jar:/home/user/.m2/repository/org/eclipse/jetty/jetty-security/9.3.24.v20180605/jetty-security-9.3.24.v20180605.jar:/home/user/.m2/repository/javax/servlet/jsp/jsp-api/2.1/jsp-api-2.1.jar:/home/user/.m2/repository/com/sun/jersey/jersey-servlet/1.19/jersey-servlet-1.19.jar:/home/user/.m2/repository/com/sun/jersey/jersey-json/1.19/jersey-json-1.19.jar:/home/user/.m2/repository/org/codehaus/jettison/jettison/1.1/jettison-1.1.jar:/home/user/.m2/repository/org/codehaus/jackson/jackson-core-asl/1.9.13/jackson-core-asl-1.9.13.jar:/home/user/.m2/repository/org/codehaus/jackson/jackson-mapper-asl/1.9.13/jackson-mapper-asl-1.9.13.jar:/home/user/.m2/repository/org/codehaus/jackson/jackson-jaxrs/1.9.13/jackson-jaxrs-1.9.13.jar:/home/user/.m2/repository/org/codehaus/jackson/jackson-xc/1.9.13/jackson-xc-1.9.13.jar:/home/user/.m2/repository/commons-logging/commons-logging/1.1.3/commons-logging-1.1.3.jar:/home/user/.m2/repository/commons-beanutils/commons-beanutils/1.9.3/commons-beanutils-1.9.3.jar:/home/user/.m2/repository/org/apache/commons/commons-configuration2/2.1.1/commons-configuration2-2.1.1.jar:/home/user/.m2/repository/org/apache/commons/commons-lang3/3.7/commons-lang3-3.7.jar:/home/user/.m2/repository/org/apache/commons/commons-text/1.4/commons-text-1.4.jar:/home/user/.m2/repository/org/apache/avro/avro/1.7.7/avro-1.7.7.jar:/home/user/.m2/repository/com/thoughtworks/paranamer/paranamer/2.3/paranamer-2.3.jar:/home/user/.m2/repository/org/xerial/snappy/snappy-java/1.0.5/snappy-java-1.0.5.jar:/home/user/.m2/repository/com/google/re2j/re2j/1.1/re2j-1.1.jar:/home/user/.m2/repository/com/google/code/gson/gson/2.2.4/gson-2.2.4.jar:/home/user/.m2/repository/com/jcraft/jsch/0.1.54/jsch-0.1.54.jar:/home/user/.m2/repository/org/apache/curator/curator-client/2.12.0/curator-client-2.12.0.jar:/home/user/.m2/repository/org/apache/curator/curator-recipes/2.12.0/curator-recipes-2.12.0.jar:/home/user/.m2/repository/com/google/code/findbugs/jsr305/3.0.0/jsr305-3.0.0.jar:/home/user/.m2/repository/org/apache/htrace/htrace-core4/4.1.0-incubating/htrace-core4-4.1.0-incubating.jar:/home/user/.m2/repository/org/apache/zookeeper/zookeeper/3.4.13/zookeeper-3.4.13.jar:/home/user/.m2/repository/org/apache/yetus/audience-annotations/0.5.0/audience-annotations-0.5.0.jar:/home/user/.m2/repository/org/codehaus/woodstox/stax2-api/3.1.4/stax2-api-3.1.4.jar:/home/user/.m2/repository/com/fasterxml/woodstox/woodstox-core/5.0.3/woodstox-core-5.0.3.jar:/home/user/.m2/repository/dnsjava/dnsjava/2.1.7/dnsjava-2.1.7.jar:/home/user/.m2/repository/org/apache/hadoop/hadoop-hdfs/3.2.0/hadoop-hdfs-3.2.0-tests.jar:/home/user/.m2/repository/org/eclipse/jetty/jetty-util-ajax/9.3.24.v20180605/jetty-util-ajax-9.3.24.v20180605.jar:/home/user/.m2/repository/commons-daemon/commons-daemon/1.0.13/commons-daemon-1.0.13.jar:/home/user/.m2/repository/io/netty/netty/3.10.5.Final/netty-3.10.5.Final.jar:/home/user/.m2/repository/io/netty/netty-all/4.0.52.Final/netty-all-4.0.52.Final.jar:/home/user/.m2/repository/org/fusesource/leveldbjni/leveldbjni-all/1.8/leveldbjni-all-1.8.jar:"/>
    <property name="sun.cpu.endian" value="little"/>
    <property name="user.home" value="/home/user"/>
    <property name="user.language" value="en"/>
    <property name="java.specification.vendor" value="Oracle Corporation"/>
    <property name="java.home" value="/usr/lib/jvm/java-1.8-openjdk/jre"/>
    <property name="java.security.krb5.conf" value="/workdir/hadoop-ozone/integration-test/target/test-classes/krb5.conf"/>
    <property name="basedir" value="/workdir/hadoop-ozone/integration-test"/>
    <property name="file.separator" value="/"/>
    <property name="line.separator" value="&#10;"/>
    <property name="java.vm.specification.vendor" value="Oracle Corporation"/>
    <property name="java.specification.name" value="Java Platform API Specification"/>
    <property name="java.awt.graphicsenv" value="sun.awt.X11GraphicsEnvironment"/>
    <property name="surefire.real.class.path" value="/workdir/hadoop-ozone/integration-test/target/surefire/surefirebooter8425833226553030528.jar"/>
    <property name="hadoop.log.dir" value="/workdir/hadoop-ozone/integration-test/target/log"/>
    <property name="sun.boot.class.path" value="/usr/lib/jvm/java-1.8-openjdk/jre/lib/resources.jar:/usr/lib/jvm/java-1.8-openjdk/jre/lib/rt.jar:/usr/lib/jvm/java-1.8-openjdk/jre/lib/sunrsasign.jar:/usr/lib/jvm/java-1.8-openjdk/jre/lib/jsse.jar:/usr/lib/jvm/java-1.8-openjdk/jre/lib/jce.jar:/usr/lib/jvm/java-1.8-openjdk/jre/lib/charsets.jar:/usr/lib/jvm/java-1.8-openjdk/jre/lib/jfr.jar:/usr/lib/jvm/java-1.8-openjdk/jre/classes"/>
    <property name="sun.management.compiler" value="HotSpot 64-Bit Tiered Compilers"/>
    <property name="java.runtime.version" value="1.8.0_212-b04"/>
    <property name="java.net.preferIPv4Stack" value="true"/>
    <property name="user.name" value="jenkins1000"/>
    <property name="path.separator" value=":"/>
    <property name="java.security.egd" value="file:///dev/urandom"/>
    <property name="os.version" value="3.10.0-957.12.2.el7.x86_64"/>
    <property name="java.endorsed.dirs" value="/usr/lib/jvm/java-1.8-openjdk/jre/lib/endorsed"/>
    <property name="java.runtime.name" value="OpenJDK Runtime Environment"/>
    <property name="file.encoding" value="UTF-8"/>
    <property name="java.vm.name" value="OpenJDK 64-Bit Server VM"/>
    <property name="test.build.webapps" value=""/>
    <property name="localRepository" value="/home/user/.m2/repository"/>
    <property name="java.vendor.url.bug" value="https://icedtea.classpath.org/bugzilla"/>
    <property name="java.io.tmpdir" value="/tmp"/>
    <property name="require.test.libhadoop" value=""/>
    <property name="java.version" value="1.8.0_212"/>
    <property name="user.dir" value="/workdir/hadoop-ozone/integration-test"/>
    <property name="os.arch" value="amd64"/>
    <property name="java.vm.specification.name" value="Java Virtual Machine Specification"/>
    <property name="test.build.classes" value="/workdir/hadoop-ozone/integration-test/target/test-classes"/>
    <property name="java.awt.printerjob" value="sun.print.PSPrinterJob"/>
    <property name="sun.os.patch.level" value="unknown"/>
    <property name="hadoop.tmp.dir" value="/workdir/hadoop-ozone/integration-test/target/tmp"/>
    <property name="java.library.path" value="/usr/lib/jvm/java-1.8-openjdk/jre/lib/amd64/server:/usr/lib/jvm/java-1.8-openjdk/jre/lib/amd64:/usr/lib/jvm/java-1.8-openjdk/jre/../lib/amd64:/workdir/hadoop-ozone/integration-test/target/native/target/usr/local/lib:/workdir/hadoop-ozone/integration-test/../../hadoop-common-project/hadoop-common/target/native/target/usr/local/lib:/usr/java/packages/lib/amd64:/usr/lib64:/lib64:/lib:/usr/lib"/>
    <property name="java.vm.info" value="mixed mode"/>
    <property name="java.vendor" value="IcedTea"/>
    <property name="java.vm.version" value="25.212-b04"/>
    <property name="java.ext.dirs" value="/usr/lib/jvm/java-1.8-openjdk/jre/lib/ext:/usr/java/packages/lib/ext"/>
    <property name="sun.io.unicode.encoding" value="UnicodeLittle"/>
    <property name="java.class.version" value="52.0"/>
  </properties>
  <testcase name="testMultiBlockWritesWithIntermittentDnFailures" classname="org.apache.hadoop.ozone.client.rpc.TestMultiBlockWritesWithDnFailures" time="119.897">
    <error message="Allocated 0 blocks. Requested 1 blocks" type="INTERNAL_ERROR org.apache.hadoop.ozone.om.exceptions.OMException">INTERNAL_ERROR org.apache.hadoop.ozone.om.exceptions.OMException: Allocated 0 blocks. Requested 1 blocks
	at org.apache.hadoop.ozone.om.protocolPB.OzoneManagerProtocolClientSideTranslatorPB.handleError(OzoneManagerProtocolClientSideTranslatorPB.java:724)
	at org.apache.hadoop.ozone.om.protocolPB.OzoneManagerProtocolClientSideTranslatorPB.allocateBlock(OzoneManagerProtocolClientSideTranslatorPB.java:756)
	at sun.reflect.NativeMethodAccessorImpl.invoke0(Native Method)
	at sun.reflect.NativeMethodAccessorImpl.invoke(NativeMethodAccessorImpl.java:62)
	at sun.reflect.DelegatingMethodAccessorImpl.invoke(DelegatingMethodAccessorImpl.java:43)
	at java.lang.reflect.Method.invoke(Method.java:498)
	at org.apache.hadoop.hdds.tracing.TraceAllMethod.invoke(TraceAllMethod.java:66)
	at com.sun.proxy.$Proxy36.allocateBlock(Unknown Source)
	at org.apache.hadoop.ozone.client.io.BlockOutputStreamEntryPool.allocateNewBlock(BlockOutputStreamEntryPool.java:248)
	at org.apache.hadoop.ozone.client.io.BlockOutputStreamEntryPool.allocateBlockIfNeeded(BlockOutputStreamEntryPool.java:296)
	at org.apache.hadoop.ozone.client.io.KeyOutputStream.handleWrite(KeyOutputStream.java:201)
	at org.apache.hadoop.ozone.client.io.KeyOutputStream.handleRetry(KeyOutputStream.java:376)
	at org.apache.hadoop.ozone.client.io.KeyOutputStream.handleException(KeyOutputStream.java:325)
	at org.apache.hadoop.ozone.client.io.KeyOutputStream.handleWrite(KeyOutputStream.java:231)
	at org.apache.hadoop.ozone.client.io.KeyOutputStream.write(KeyOutputStream.java:193)
	at org.apache.hadoop.ozone.client.io.OzoneOutputStream.write(OzoneOutputStream.java:49)
	at java.io.OutputStream.write(OutputStream.java:75)
	at org.apache.hadoop.ozone.client.rpc.TestMultiBlockWritesWithDnFailures.testMultiBlockWritesWithIntermittentDnFailures(TestMultiBlockWritesWithDnFailures.java:196)
	at sun.reflect.NativeMethodAccessorImpl.invoke0(Native Method)
	at sun.reflect.NativeMethodAccessorImpl.invoke(NativeMethodAccessorImpl.java:62)
	at sun.reflect.DelegatingMethodAccessorImpl.invoke(DelegatingMethodAccessorImpl.java:43)
	at java.lang.reflect.Method.invoke(Method.java:498)
	at org.junit.runners.model.FrameworkMethod$1.runReflectiveCall(FrameworkMethod.java:47)
	at org.junit.internal.runners.model.ReflectiveCallable.run(ReflectiveCallable.java:12)
	at org.junit.runners.model.FrameworkMethod.invokeExplosively(FrameworkMethod.java:44)
	at org.junit.internal.runners.statements.InvokeMethod.evaluate(InvokeMethod.java:17)
	at org.junit.internal.runners.statements.RunAfters.evaluate(RunAfters.java:27)
	at org.junit.runners.ParentRunner.runLeaf(ParentRunner.java:271)
	at org.junit.runners.BlockJUnit4ClassRunner.runChild(BlockJUnit4ClassRunner.java:70)
	at org.junit.runners.BlockJUnit4ClassRunner.runChild(BlockJUnit4ClassRunner.java:50)
	at org.junit.runners.ParentRunner$3.run(ParentRunner.java:238)
	at org.junit.runners.ParentRunner$1.schedule(ParentRunner.java:63)
	at org.junit.runners.ParentRunner.runChildren(ParentRunner.java:236)
	at org.junit.runners.ParentRunner.access$000(ParentRunner.java:53)
	at org.junit.runners.ParentRunner$2.evaluate(ParentRunner.java:229)
	at org.junit.runners.ParentRunner.run(ParentRunner.java:309)
	at org.apache.maven.surefire.junit4.JUnit4Provider.execute(JUnit4Provider.java:365)
	at org.apache.maven.surefire.junit4.JUnit4Provider.executeWithRerun(JUnit4Provider.java:273)
	at org.apache.maven.surefire.junit4.JUnit4Provider.executeTestSet(JUnit4Provider.java:238)
	at org.apache.maven.surefire.junit4.JUnit4Provider.invoke(JUnit4Provider.java:159)
	at org.apache.maven.surefire.booter.ForkedBooter.invokeProviderInSameClassLoader(ForkedBooter.java:384)
	at org.apache.maven.surefire.booter.ForkedBooter.runSuitesInProcess(ForkedBooter.java:345)
	at org.apache.maven.surefire.booter.ForkedBooter.execute(ForkedBooter.java:126)
	at org.apache.maven.surefire.booter.ForkedBooter.main(ForkedBooter.java:418)
</error>
    <system-out><![CDATA[2019-09-16 19:11:08,357 [main] WARN  server.ServerUtils (ServerUtils.java:getScmDbDir(145)) - ozone.scm.db.dirs is not configured. We recommend adding this setting. Falling back to ozone.metadata.dirs instead.
2019-09-16 19:11:08,493 [main] WARN  server.ServerUtils (ServerUtils.java:getScmDbDir(145)) - ozone.scm.db.dirs is not configured. We recommend adding this setting. Falling back to ozone.metadata.dirs instead.
2019-09-16 19:11:08,497 [main] WARN  server.ServerUtils (ServerUtils.java:getScmDbDir(145)) - ozone.scm.db.dirs is not configured. We recommend adding this setting. Falling back to ozone.metadata.dirs instead.
2019-09-16 19:11:08,517 [main] INFO  util.log (Log.java:initialized(192)) - Logging initialized @898ms
2019-09-16 19:11:08,620 [main] INFO  db.DBStoreBuilder (DBStoreBuilder.java:addTable(110)) - using custom profile for table: deletedBlocks
2019-09-16 19:11:08,620 [main] INFO  db.DBStoreBuilder (DBStoreBuilder.java:processTables(161)) - Using default column profile:DBProfile.DISK for Table:deletedBlocks
2019-09-16 19:11:08,621 [main] INFO  db.DBStoreBuilder (DBStoreBuilder.java:addTable(110)) - using custom profile for table: validCerts
2019-09-16 19:11:08,621 [main] INFO  db.DBStoreBuilder (DBStoreBuilder.java:processTables(161)) - Using default column profile:DBProfile.DISK for Table:validCerts
2019-09-16 19:11:08,621 [main] INFO  db.DBStoreBuilder (DBStoreBuilder.java:addTable(110)) - using custom profile for table: revokedCerts
2019-09-16 19:11:08,622 [main] INFO  db.DBStoreBuilder (DBStoreBuilder.java:processTables(161)) - Using default column profile:DBProfile.DISK for Table:revokedCerts
2019-09-16 19:11:08,633 [main] INFO  db.DBStoreBuilder (DBStoreBuilder.java:addTable(110)) - using custom profile for table: default
2019-09-16 19:11:08,634 [main] INFO  db.DBStoreBuilder (DBStoreBuilder.java:processTables(167)) - Using default column profile:DBProfile.DISK for Table:default
2019-09-16 19:11:08,635 [main] INFO  db.DBStoreBuilder (DBStoreBuilder.java:getDbProfile(198)) - Using default options. DBProfile.DISK
2019-09-16 19:11:08,906 [main] INFO  net.NodeSchemaLoader (NodeSchemaLoader.java:loadSchemaFromFile(125)) - Loading file from sun.misc.CompoundEnumeration@235834f2
2019-09-16 19:11:08,908 [main] INFO  net.NodeSchemaLoader (NodeSchemaLoader.java:loadSchema(171)) - Loading network topology layer schema file
2019-09-16 19:11:08,979 [main] INFO  node.SCMNodeManager (SCMNodeManager.java:<init>(114)) - Entering startup safe mode.
2019-09-16 19:11:09,052 [main] INFO  algorithms.ContainerPlacementPolicyFactory (ContainerPlacementPolicyFactory.java:getPolicy(57)) - Create container placement policy of type org.apache.hadoop.hdds.scm.container.placement.algorithms.SCMContainerPlacementRandom
2019-09-16 19:11:09,067 [main] WARN  server.ServerUtils (ServerUtils.java:getScmDbDir(145)) - ozone.scm.db.dirs is not configured. We recommend adding this setting. Falling back to ozone.metadata.dirs instead.
2019-09-16 19:11:09,139 [main] INFO  pipeline.SCMPipelineManager (SCMPipelineManager.java:initializePipelineState(128)) - No pipeline exists in current db
2019-09-16 19:11:09,142 [main] WARN  server.ServerUtils (ServerUtils.java:getScmDbDir(145)) - ozone.scm.db.dirs is not configured. We recommend adding this setting. Falling back to ozone.metadata.dirs instead.
2019-09-16 19:11:09,240 [main] WARN  events.EventQueue (EventQueue.java:fireEvent(183)) - No event handler registered for event TypedEvent{payloadType=SafeModeStatus, name='SafeModeStatus'}
2019-09-16 19:11:09,652 [main] INFO  ipc.CallQueueManager (CallQueueManager.java:<init>(84)) - Using callQueue: class java.util.concurrent.LinkedBlockingQueue, queueCapacity: 2000, scheduler: class org.apache.hadoop.ipc.DefaultRpcScheduler, ipcBackoff: false.
2019-09-16 19:11:09,681 [Socket Reader #1 for port 44324] INFO  ipc.Server (Server.java:run(1074)) - Starting Socket Reader #1 for port 44324
2019-09-16 19:11:09,819 [main] INFO  ipc.CallQueueManager (CallQueueManager.java:<init>(84)) - Using callQueue: class java.util.concurrent.LinkedBlockingQueue, queueCapacity: 2000, scheduler: class org.apache.hadoop.ipc.DefaultRpcScheduler, ipcBackoff: false.
2019-09-16 19:11:09,820 [Socket Reader #1 for port 34136] INFO  ipc.Server (Server.java:run(1074)) - Starting Socket Reader #1 for port 34136
2019-09-16 19:11:09,831 [main] INFO  ipc.CallQueueManager (CallQueueManager.java:<init>(84)) - Using callQueue: class java.util.concurrent.LinkedBlockingQueue, queueCapacity: 2000, scheduler: class org.apache.hadoop.ipc.DefaultRpcScheduler, ipcBackoff: false.
2019-09-16 19:11:09,832 [Socket Reader #1 for port 43509] INFO  ipc.Server (Server.java:run(1074)) - Starting Socket Reader #1 for port 43509
2019-09-16 19:11:09,858 [main] INFO  hdfs.DFSUtil (DFSUtil.java:httpServerTemplateForNNAndJN(1641)) - Starting Web-server for scm at: http://0.0.0.0:0
2019-09-16 19:11:10,000 [main] INFO  server.AuthenticationFilter (AuthenticationFilter.java:constructSecretProvider(240)) - Unable to initialize FileSignerSecretProvider, falling back to use random secrets.
2019-09-16 19:11:10,008 [main] WARN  http.HttpRequestLog (HttpRequestLog.java:getRequestLog(97)) - Jetty request log can only be enabled using Log4j
2019-09-16 19:11:10,016 [main] INFO  http.HttpServer2 (HttpServer2.java:addGlobalFilter(975)) - Added global filter 'safety' (class=org.apache.hadoop.http.HttpServer2$QuotingInputFilter)
2019-09-16 19:11:10,018 [main] INFO  http.HttpServer2 (HttpServer2.java:addFilter(948)) - Added filter static_user_filter (class=org.apache.hadoop.http.lib.StaticUserWebFilter$StaticUserFilter) to context scm
2019-09-16 19:11:10,019 [main] INFO  http.HttpServer2 (HttpServer2.java:addFilter(958)) - Added filter static_user_filter (class=org.apache.hadoop.http.lib.StaticUserWebFilter$StaticUserFilter) to context static
2019-09-16 19:11:10,019 [main] INFO  http.HttpServer2 (HttpServer2.java:addFilter(958)) - Added filter static_user_filter (class=org.apache.hadoop.http.lib.StaticUserWebFilter$StaticUserFilter) to context logs
2019-09-16 19:11:10,050 [main] INFO  server.StorageContainerManager (StorageContainerManager.java:start(763)) - StorageContainerLocationProtocol RPC server is listening at /0.0.0.0:43509
2019-09-16 19:11:10,112 [main] WARN  impl.MetricsConfig (MetricsConfig.java:loadFirst(134)) - Cannot locate configuration: tried hadoop-metrics2-storagecontainermanager.properties,hadoop-metrics2.properties
2019-09-16 19:11:10,125 [main] INFO  impl.MetricsSystemImpl (MetricsSystemImpl.java:startTimer(374)) - Scheduled Metric snapshot period at 10 second(s).
2019-09-16 19:11:10,126 [main] INFO  impl.MetricsSystemImpl (MetricsSystemImpl.java:start(191)) - StorageContainerManager metrics system started
2019-09-16 19:11:10,418 [main] INFO  server.SCMClientProtocolServer (SCMClientProtocolServer.java:start(151)) - RPC server for Client  is listening at /0.0.0.0:43509
2019-09-16 19:11:10,420 [IPC Server Responder] INFO  ipc.Server (Server.java:run(1314)) - IPC Server Responder: starting
2019-09-16 19:11:10,420 [IPC Server listener on 43509] INFO  ipc.Server (Server.java:run(1153)) - IPC Server listener on 43509: starting
2019-09-16 19:11:10,424 [main] INFO  server.StorageContainerManager (StorageContainerManager.java:start(773)) - ScmBlockLocationProtocol RPC server is listening at /0.0.0.0:34136
2019-09-16 19:11:10,425 [main] INFO  server.SCMBlockProtocolServer (SCMBlockProtocolServer.java:start(146)) - RPC server for Block Protocol is listening at /0.0.0.0:34136
2019-09-16 19:11:10,427 [IPC Server listener on 34136] INFO  ipc.Server (Server.java:run(1153)) - IPC Server listener on 34136: starting
2019-09-16 19:11:10,428 [IPC Server Responder] INFO  ipc.Server (Server.java:run(1314)) - IPC Server Responder: starting
2019-09-16 19:11:10,437 [main] INFO  server.StorageContainerManager (StorageContainerManager.java:start(777)) - ScmDatanodeProtocl RPC server is listening at /0.0.0.0:44324
2019-09-16 19:11:10,437 [main] INFO  server.SCMDatanodeProtocolServer (SCMDatanodeProtocolServer.java:start(191)) - RPC server for DataNodes is listening at /0.0.0.0:44324
2019-09-16 19:11:10,439 [IPC Server Responder] INFO  ipc.Server (Server.java:run(1314)) - IPC Server Responder: starting
2019-09-16 19:11:10,440 [IPC Server listener on 44324] INFO  ipc.Server (Server.java:run(1153)) - IPC Server listener on 44324: starting
2019-09-16 19:11:10,453 [main] INFO  http.HttpServer2 (HttpServer2.java:bindListener(1191)) - Jetty bound to port 33941
2019-09-16 19:11:10,455 [main] INFO  server.Server (Server.java:doStart(351)) - jetty-9.3.24.v20180605, build timestamp: 2018-06-05T17:11:56Z, git hash: 84205aa28f11a4f31f2a3b86d1bba2cc8ab69827
2019-09-16 19:11:10,507 [main] INFO  handler.ContextHandler (ContextHandler.java:doStart(781)) - Started o.e.j.s.ServletContextHandler@d3957fe{/logs,file:///workdir/hadoop-ozone/integration-test/target/log,AVAILABLE}
2019-09-16 19:11:10,507 [main] INFO  handler.ContextHandler (ContextHandler.java:doStart(781)) - Started o.e.j.s.ServletContextHandler@299321e2{/static,file:///workdir/hadoop-ozone/integration-test/target/test-classes/webapps/static,AVAILABLE}
2019-09-16 19:11:10,540 [main] INFO  handler.ContextHandler (ContextHandler.java:doStart(781)) - Started o.e.j.w.WebAppContext@4152d38d{/,file:///workdir/hadoop-ozone/integration-test/target/test-classes/webapps/scm/,AVAILABLE}{/scm}
2019-09-16 19:11:10,546 [main] INFO  server.AbstractConnector (AbstractConnector.java:doStart(278)) - Started ServerConnector@db44aa2{HTTP/1.1,[http/1.1]}{0.0.0.0:33941}
2019-09-16 19:11:10,546 [main] INFO  server.Server (Server.java:doStart(419)) - Started @2927ms
2019-09-16 19:11:10,548 [main] INFO  impl.MetricsSinkAdapter (MetricsSinkAdapter.java:start(204)) - Sink prometheus started
2019-09-16 19:11:10,548 [main] INFO  impl.MetricsSystemImpl (MetricsSystemImpl.java:registerSink(301)) - Registered sink prometheus
2019-09-16 19:11:10,551 [main] INFO  server.BaseHttpServer (BaseHttpServer.java:updateConnectorAddress(215)) - HTTP server of SCM is listening at http://0.0.0.0:33941
2019-09-16 19:11:10,560 [org.apache.hadoop.util.JvmPauseMonitor$Monitor@544630b7] INFO  util.JvmPauseMonitor (JvmPauseMonitor.java:run(188)) - Starting JVM pause monitor
2019-09-16 19:11:10,564 [main] WARN  server.ServerUtils (ServerUtils.java:getDBPath(222)) - ozone.om.db.dirs is not configured. We recommend adding this setting. Falling back to ozone.metadata.dirs instead.
2019-09-16 19:11:10,679 [main] WARN  server.ServerUtils (ServerUtils.java:getDBPath(222)) - ozone.om.db.dirs is not configured. We recommend adding this setting. Falling back to ozone.metadata.dirs instead.
2019-09-16 19:11:10,679 [main] WARN  server.ServerUtils (ServerUtils.java:getDBPath(222)) - ozone.om.db.dirs is not configured. We recommend adding this setting. Falling back to ozone.metadata.dirs instead.
2019-09-16 19:11:10,680 [main] INFO  om.OzoneManager (OzoneManager.java:setOMNodeDetails(649)) - OM Service ID is not set. Setting it to the default ID: omServiceIdDefault
2019-09-16 19:11:10,680 [main] INFO  om.OzoneManager (OzoneManager.java:setOMNodeDetails(655)) - OM Node ID is not set. Setting it to the OmStorage's OmID: 450dd2f3-e635-4c6a-b80e-c7757bd3005e
2019-09-16 19:11:10,682 [main] INFO  om.OzoneManager (OzoneManager.java:loadOMHAConfigs(606)) - Found matching OM address with OMServiceId: null, OMNodeId: null, RPC Address: localhost:0 and Ratis port: 9872
2019-09-16 19:11:11,443 [main] WARN  server.ServerUtils (ServerUtils.java:getDBPath(222)) - ozone.om.db.dirs is not configured. We recommend adding this setting. Falling back to ozone.metadata.dirs instead.
2019-09-16 19:11:11,451 [main] INFO  db.DBStoreBuilder (DBStoreBuilder.java:addTable(110)) - using custom profile for table: userTable
2019-09-16 19:11:11,451 [main] INFO  db.DBStoreBuilder (DBStoreBuilder.java:processTables(161)) - Using default column profile:DBProfile.DISK for Table:userTable
2019-09-16 19:11:11,452 [main] INFO  db.DBStoreBuilder (DBStoreBuilder.java:addTable(110)) - using custom profile for table: volumeTable
2019-09-16 19:11:11,452 [main] INFO  db.DBStoreBuilder (DBStoreBuilder.java:processTables(161)) - Using default column profile:DBProfile.DISK for Table:volumeTable
2019-09-16 19:11:11,452 [main] INFO  db.DBStoreBuilder (DBStoreBuilder.java:addTable(110)) - using custom profile for table: bucketTable
2019-09-16 19:11:11,452 [main] INFO  db.DBStoreBuilder (DBStoreBuilder.java:processTables(161)) - Using default column profile:DBProfile.DISK for Table:bucketTable
2019-09-16 19:11:11,453 [main] INFO  db.DBStoreBuilder (DBStoreBuilder.java:addTable(110)) - using custom profile for table: keyTable
2019-09-16 19:11:11,453 [main] INFO  db.DBStoreBuilder (DBStoreBuilder.java:processTables(161)) - Using default column profile:DBProfile.DISK for Table:keyTable
2019-09-16 19:11:11,453 [main] INFO  db.DBStoreBuilder (DBStoreBuilder.java:addTable(110)) - using custom profile for table: deletedTable
2019-09-16 19:11:11,453 [main] INFO  db.DBStoreBuilder (DBStoreBuilder.java:processTables(161)) - Using default column profile:DBProfile.DISK for Table:deletedTable
2019-09-16 19:11:11,454 [main] INFO  db.DBStoreBuilder (DBStoreBuilder.java:addTable(110)) - using custom profile for table: openKeyTable
2019-09-16 19:11:11,454 [main] INFO  db.DBStoreBuilder (DBStoreBuilder.java:processTables(161)) - Using default column profile:DBProfile.DISK for Table:openKeyTable
2019-09-16 19:11:11,454 [main] INFO  db.DBStoreBuilder (DBStoreBuilder.java:addTable(110)) - using custom profile for table: s3Table
2019-09-16 19:11:11,454 [main] INFO  db.DBStoreBuilder (DBStoreBuilder.java:processTables(161)) - Using default column profile:DBProfile.DISK for Table:s3Table
2019-09-16 19:11:11,455 [main] INFO  db.DBStoreBuilder (DBStoreBuilder.java:addTable(110)) - using custom profile for table: multipartInfoTable
2019-09-16 19:11:11,455 [main] INFO  db.DBStoreBuilder (DBStoreBuilder.java:processTables(161)) - Using default column profile:DBProfile.DISK for Table:multipartInfoTable
2019-09-16 19:11:11,455 [main] INFO  db.DBStoreBuilder (DBStoreBuilder.java:addTable(110)) - using custom profile for table: dTokenTable
2019-09-16 19:11:11,455 [main] INFO  db.DBStoreBuilder (DBStoreBuilder.java:processTables(161)) - Using default column profile:DBProfile.DISK for Table:dTokenTable
2019-09-16 19:11:11,456 [main] INFO  db.DBStoreBuilder (DBStoreBuilder.java:addTable(110)) - using custom profile for table: s3SecretTable
2019-09-16 19:11:11,456 [main] INFO  db.DBStoreBuilder (DBStoreBuilder.java:processTables(161)) - Using default column profile:DBProfile.DISK for Table:s3SecretTable
2019-09-16 19:11:11,456 [main] INFO  db.DBStoreBuilder (DBStoreBuilder.java:addTable(110)) - using custom profile for table: prefixTable
2019-09-16 19:11:11,456 [main] INFO  db.DBStoreBuilder (DBStoreBuilder.java:processTables(161)) - Using default column profile:DBProfile.DISK for Table:prefixTable
2019-09-16 19:11:11,457 [main] INFO  db.DBStoreBuilder (DBStoreBuilder.java:addTable(110)) - using custom profile for table: default
2019-09-16 19:11:11,457 [main] INFO  db.DBStoreBuilder (DBStoreBuilder.java:processTables(167)) - Using default column profile:DBProfile.DISK for Table:default
2019-09-16 19:11:11,457 [main] INFO  db.DBStoreBuilder (DBStoreBuilder.java:getDbProfile(198)) - Using default options. DBProfile.DISK
2019-09-16 19:11:11,920 [main] INFO  ipc.CallQueueManager (CallQueueManager.java:<init>(84)) - Using callQueue: class java.util.concurrent.LinkedBlockingQueue, queueCapacity: 2000, scheduler: class org.apache.hadoop.ipc.DefaultRpcScheduler, ipcBackoff: false.
2019-09-16 19:11:11,921 [Socket Reader #1 for port 35463] INFO  ipc.Server (Server.java:run(1074)) - Starting Socket Reader #1 for port 35463
2019-09-16 19:11:11,941 [main] INFO  om.OzoneManager (OzoneManager.java:start(1240)) - OzoneManager RPC server is listening at localhost/127.0.0.1:35463
2019-09-16 19:11:11,942 [main] INFO  impl.MetricsSystemImpl (MetricsSystemImpl.java:init(158)) - OzoneManager metrics system started (again)
2019-09-16 19:11:11,944 [IPC Server Responder] INFO  ipc.Server (Server.java:run(1314)) - IPC Server Responder: starting
2019-09-16 19:11:11,944 [IPC Server listener on 35463] INFO  ipc.Server (Server.java:run(1153)) - IPC Server listener on 35463: starting
2019-09-16 19:11:11,955 [main] INFO  hdfs.DFSUtil (DFSUtil.java:httpServerTemplateForNNAndJN(1641)) - Starting Web-server for ozoneManager at: http://0.0.0.0:0
2019-09-16 19:11:11,957 [main] INFO  server.AuthenticationFilter (AuthenticationFilter.java:constructSecretProvider(240)) - Unable to initialize FileSignerSecretProvider, falling back to use random secrets.
2019-09-16 19:11:11,958 [main] WARN  http.HttpRequestLog (HttpRequestLog.java:getRequestLog(97)) - Jetty request log can only be enabled using Log4j
2019-09-16 19:11:11,962 [main] INFO  http.HttpServer2 (HttpServer2.java:addGlobalFilter(975)) - Added global filter 'safety' (class=org.apache.hadoop.http.HttpServer2$QuotingInputFilter)
2019-09-16 19:11:11,963 [main] INFO  http.HttpServer2 (HttpServer2.java:addFilter(948)) - Added filter static_user_filter (class=org.apache.hadoop.http.lib.StaticUserWebFilter$StaticUserFilter) to context ozoneManager
2019-09-16 19:11:11,963 [main] INFO  http.HttpServer2 (HttpServer2.java:addFilter(958)) - Added filter static_user_filter (class=org.apache.hadoop.http.lib.StaticUserWebFilter$StaticUserFilter) to context static
2019-09-16 19:11:11,964 [main] INFO  http.HttpServer2 (HttpServer2.java:addFilter(958)) - Added filter static_user_filter (class=org.apache.hadoop.http.lib.StaticUserWebFilter$StaticUserFilter) to context logs
2019-09-16 19:11:11,967 [main] INFO  http.HttpServer2 (HttpServer2.java:bindListener(1191)) - Jetty bound to port 36427
2019-09-16 19:11:11,967 [main] INFO  server.Server (Server.java:doStart(351)) - jetty-9.3.24.v20180605, build timestamp: 2018-06-05T17:11:56Z, git hash: 84205aa28f11a4f31f2a3b86d1bba2cc8ab69827
2019-09-16 19:11:11,970 [main] INFO  handler.ContextHandler (ContextHandler.java:doStart(781)) - Started o.e.j.s.ServletContextHandler@30331109{/logs,file:///workdir/hadoop-ozone/integration-test/target/log,AVAILABLE}
2019-09-16 19:11:11,971 [main] INFO  handler.ContextHandler (ContextHandler.java:doStart(781)) - Started o.e.j.s.ServletContextHandler@74fe5966{/static,file:///workdir/hadoop-ozone/integration-test/target/test-classes/webapps/static,AVAILABLE}
2019-09-16 19:11:11,979 [main] INFO  handler.ContextHandler (ContextHandler.java:doStart(781)) - Started o.e.j.w.WebAppContext@3766c667{/,file:///workdir/hadoop-ozone/integration-test/target/test-classes/webapps/ozoneManager/,AVAILABLE}{/ozoneManager}
2019-09-16 19:11:11,980 [main] INFO  server.AbstractConnector (AbstractConnector.java:doStart(278)) - Started ServerConnector@773c0293{HTTP/1.1,[http/1.1]}{0.0.0.0:36427}
2019-09-16 19:11:11,981 [main] INFO  server.Server (Server.java:doStart(419)) - Started @4362ms
2019-09-16 19:11:11,981 [main] WARN  impl.MetricsSystemImpl (MetricsSystemImpl.java:register(276)) - Sink prometheus already exists!
2019-09-16 19:11:11,983 [main] INFO  server.BaseHttpServer (BaseHttpServer.java:updateConnectorAddress(215)) - HTTP server of OZONEMANAGER is listening at http://0.0.0.0:36427
2019-09-16 19:11:12,344 [main] INFO  impl.MetricsSystemImpl (MetricsSystemImpl.java:init(158)) - HddsDatanode metrics system started (again)
2019-09-16 19:11:12,418 [main] INFO  ozone.HddsDatanodeService (HddsDatanodeService.java:start(184)) - HddsDatanodeService host:pr-hdds-2111-hlhfn-3535364396 ip:192.168.34.56
2019-09-16 19:11:12,469 [main] INFO  volume.HddsVolume (HddsVolume.java:<init>(176)) - Creating Volume: /workdir/hadoop-ozone/integration-test/target/test-dir/MiniOzoneClusterImpl-3fc8568e-3664-4be6-9c60-644bdcd1012a/datanode-0/data/containers/hdds of  storage type : DISK and capacity : 1482555576320
2019-09-16 19:11:12,472 [main] INFO  volume.VolumeSet (VolumeSet.java:initializeVolumeSet(170)) - Added Volume : /workdir/hadoop-ozone/integration-test/target/test-dir/MiniOzoneClusterImpl-3fc8568e-3664-4be6-9c60-644bdcd1012a/datanode-0/data/containers/hdds to VolumeSet
2019-09-16 19:11:12,476 [main] INFO  volume.ThrottledAsyncChecker (ThrottledAsyncChecker.java:schedule(139)) - Scheduling a check for org.apache.hadoop.ozone.container.common.volume.HddsVolume@4d774249
2019-09-16 19:11:12,499 [main] INFO  volume.HddsVolumeChecker (HddsVolumeChecker.java:checkAllVolumes(202)) - Scheduled health check for volume org.apache.hadoop.ozone.container.common.volume.HddsVolume@4d774249
2019-09-16 19:11:12,635 [main] INFO  impl.RaftServerProxy (ConfUtils.java:logGet(43)) - raft.rpc.type = GRPC (default)
2019-09-16 19:11:12,709 [main] INFO  grpc.GrpcFactory (GrpcFactory.java:checkPooledByteBufAllocatorUseCacheForAllThreads(45)) - PERFORMANCE WARNING: useCacheForAllThreads is true that may cause Netty to create a lot garbage objects and, as a result, trigger GC.
	It is recommended to disable useCacheForAllThreads by setting -Dorg.apache.ratis.thirdparty.io.netty.allocator.useCacheForAllThreads=false in command line.
2019-09-16 19:11:12,714 [main] INFO  grpc.GrpcConfigKeys$Server (ConfUtils.java:logGet(43)) - raft.grpc.server.port = 0 (default)
2019-09-16 19:11:12,715 [main] INFO  server.GrpcService (ConfUtils.java:logGet(43)) - raft.grpc.message.size.max = 33570816 (custom)
2019-09-16 19:11:12,717 [main] INFO  server.RaftServerConfigKeys (ConfUtils.java:logGet(43)) - raft.server.log.appender.buffer.byte-limit = 33554432 (custom)
2019-09-16 19:11:12,718 [main] INFO  server.GrpcService (ConfUtils.java:logGet(43)) - raft.grpc.flow.control.window = 1MB (=1048576) (default)
2019-09-16 19:11:12,718 [main] INFO  server.RaftServerConfigKeys (ConfUtils.java:logGet(43)) - raft.server.rpc.request.timeout = 3000ms (default)
2019-09-16 19:11:12,876 [main] INFO  server.RaftServerConfigKeys (ConfUtils.java:logGet(43)) - raft.server.storage.dir = [/workdir/hadoop-ozone/integration-test/target/test-dir/MiniOzoneClusterImpl-3fc8568e-3664-4be6-9c60-644bdcd1012a/datanode-0/data/ratis] (custom)
2019-09-16 19:11:12,934 [main] INFO  hdfs.DFSUtil (DFSUtil.java:httpServerTemplateForNNAndJN(1641)) - Starting Web-server for hddsDatanode at: http://0.0.0.0:0
2019-09-16 19:11:12,936 [main] INFO  server.AuthenticationFilter (AuthenticationFilter.java:constructSecretProvider(240)) - Unable to initialize FileSignerSecretProvider, falling back to use random secrets.
2019-09-16 19:11:12,937 [main] WARN  http.HttpRequestLog (HttpRequestLog.java:getRequestLog(97)) - Jetty request log can only be enabled using Log4j
2019-09-16 19:11:12,939 [main] INFO  http.HttpServer2 (HttpServer2.java:addGlobalFilter(975)) - Added global filter 'safety' (class=org.apache.hadoop.http.HttpServer2$QuotingInputFilter)
2019-09-16 19:11:12,940 [main] INFO  http.HttpServer2 (HttpServer2.java:addFilter(948)) - Added filter static_user_filter (class=org.apache.hadoop.http.lib.StaticUserWebFilter$StaticUserFilter) to context hddsDatanode
2019-09-16 19:11:12,940 [main] INFO  http.HttpServer2 (HttpServer2.java:addFilter(958)) - Added filter static_user_filter (class=org.apache.hadoop.http.lib.StaticUserWebFilter$StaticUserFilter) to context static
2019-09-16 19:11:12,940 [main] INFO  http.HttpServer2 (HttpServer2.java:addFilter(958)) - Added filter static_user_filter (class=org.apache.hadoop.http.lib.StaticUserWebFilter$StaticUserFilter) to context logs
2019-09-16 19:11:12,941 [main] INFO  http.HttpServer2 (HttpServer2.java:bindListener(1191)) - Jetty bound to port 38781
2019-09-16 19:11:12,942 [main] INFO  server.Server (Server.java:doStart(351)) - jetty-9.3.24.v20180605, build timestamp: 2018-06-05T17:11:56Z, git hash: 84205aa28f11a4f31f2a3b86d1bba2cc8ab69827
2019-09-16 19:11:12,944 [main] INFO  handler.ContextHandler (ContextHandler.java:doStart(781)) - Started o.e.j.s.ServletContextHandler@46c269e0{/logs,file:///workdir/hadoop-ozone/integration-test/target/log,AVAILABLE}
2019-09-16 19:11:12,945 [main] INFO  handler.ContextHandler (ContextHandler.java:doStart(781)) - Started o.e.j.s.ServletContextHandler@6069dd38{/static,jar:file:/home/user/.m2/repository/org/apache/hadoop/hadoop-hdds-container-service/0.5.0-SNAPSHOT/hadoop-hdds-container-service-0.5.0-SNAPSHOT.jar!/webapps/static,AVAILABLE}
2019-09-16 19:11:12,979 [main] INFO  handler.ContextHandler (ContextHandler.java:doStart(781)) - Started o.e.j.w.WebAppContext@7a0e7ecd{/,file:///tmp/jetty-0.0.0.0-38781-hddsDatanode-_-any-7073115737747571499.dir/webapp/,AVAILABLE}{/hddsDatanode}
2019-09-16 19:11:12,980 [main] INFO  server.AbstractConnector (AbstractConnector.java:doStart(278)) - Started ServerConnector@54e3658c{HTTP/1.1,[http/1.1]}{0.0.0.0:38781}
2019-09-16 19:11:12,981 [main] INFO  server.Server (Server.java:doStart(419)) - Started @5362ms
2019-09-16 19:11:12,981 [main] WARN  impl.MetricsSystemImpl (MetricsSystemImpl.java:register(276)) - Sink prometheus already exists!
2019-09-16 19:11:12,982 [main] INFO  server.BaseHttpServer (BaseHttpServer.java:updateConnectorAddress(215)) - HTTP server of HDDSDATANODE is listening at http://0.0.0.0:38781
2019-09-16 19:11:12,984 [main] INFO  impl.MetricsSystemImpl (MetricsSystemImpl.java:init(158)) - HddsDatanode metrics system started (again)
2019-09-16 19:11:12,989 [main] INFO  ozone.HddsDatanodeService (HddsDatanodeService.java:start(184)) - HddsDatanodeService host:pr-hdds-2111-hlhfn-3535364396 ip:192.168.34.56
2019-09-16 19:11:12,992 [org.apache.hadoop.util.JvmPauseMonitor$Monitor@7e496ed6] INFO  util.JvmPauseMonitor (JvmPauseMonitor.java:run(188)) - Starting JVM pause monitor
2019-09-16 19:11:13,000 [main] INFO  volume.HddsVolume (HddsVolume.java:<init>(176)) - Creating Volume: /workdir/hadoop-ozone/integration-test/target/test-dir/MiniOzoneClusterImpl-3fc8568e-3664-4be6-9c60-644bdcd1012a/datanode-1/data/containers/hdds of  storage type : DISK and capacity : 1482555576320
2019-09-16 19:11:13,001 [main] INFO  volume.VolumeSet (VolumeSet.java:initializeVolumeSet(170)) - Added Volume : /workdir/hadoop-ozone/integration-test/target/test-dir/MiniOzoneClusterImpl-3fc8568e-3664-4be6-9c60-644bdcd1012a/datanode-1/data/containers/hdds to VolumeSet
2019-09-16 19:11:13,001 [main] INFO  volume.ThrottledAsyncChecker (ThrottledAsyncChecker.java:schedule(139)) - Scheduling a check for org.apache.hadoop.ozone.container.common.volume.HddsVolume@e84fb85
2019-09-16 19:11:13,002 [main] INFO  volume.HddsVolumeChecker (HddsVolumeChecker.java:checkAllVolumes(202)) - Scheduled health check for volume org.apache.hadoop.ozone.container.common.volume.HddsVolume@e84fb85
2019-09-16 19:11:13,025 [main] INFO  impl.RaftServerProxy (ConfUtils.java:logGet(43)) - raft.rpc.type = GRPC (default)
2019-09-16 19:11:13,026 [main] INFO  grpc.GrpcFactory (GrpcFactory.java:checkPooledByteBufAllocatorUseCacheForAllThreads(45)) - PERFORMANCE WARNING: useCacheForAllThreads is true that may cause Netty to create a lot garbage objects and, as a result, trigger GC.
	It is recommended to disable useCacheForAllThreads by setting -Dorg.apache.ratis.thirdparty.io.netty.allocator.useCacheForAllThreads=false in command line.
2019-09-16 19:11:13,026 [main] INFO  grpc.GrpcConfigKeys$Server (ConfUtils.java:logGet(43)) - raft.grpc.server.port = 0 (default)
2019-09-16 19:11:13,026 [main] INFO  server.GrpcService (ConfUtils.java:logGet(43)) - raft.grpc.message.size.max = 33570816 (custom)
2019-09-16 19:11:13,027 [main] INFO  server.RaftServerConfigKeys (ConfUtils.java:logGet(43)) - raft.server.log.appender.buffer.byte-limit = 33554432 (custom)
2019-09-16 19:11:13,027 [main] INFO  server.GrpcService (ConfUtils.java:logGet(43)) - raft.grpc.flow.control.window = 1MB (=1048576) (default)
2019-09-16 19:11:13,027 [main] INFO  server.RaftServerConfigKeys (ConfUtils.java:logGet(43)) - raft.server.rpc.request.timeout = 3000ms (default)
2019-09-16 19:11:13,028 [main] INFO  server.RaftServerConfigKeys (ConfUtils.java:logGet(43)) - raft.server.storage.dir = [/workdir/hadoop-ozone/integration-test/target/test-dir/MiniOzoneClusterImpl-3fc8568e-3664-4be6-9c60-644bdcd1012a/datanode-1/data/ratis] (custom)
2019-09-16 19:11:13,030 [main] INFO  hdfs.DFSUtil (DFSUtil.java:httpServerTemplateForNNAndJN(1641)) - Starting Web-server for hddsDatanode at: http://0.0.0.0:0
2019-09-16 19:11:13,032 [main] INFO  server.AuthenticationFilter (AuthenticationFilter.java:constructSecretProvider(240)) - Unable to initialize FileSignerSecretProvider, falling back to use random secrets.
2019-09-16 19:11:13,034 [main] WARN  http.HttpRequestLog (HttpRequestLog.java:getRequestLog(97)) - Jetty request log can only be enabled using Log4j
2019-09-16 19:11:13,036 [main] INFO  http.HttpServer2 (HttpServer2.java:addGlobalFilter(975)) - Added global filter 'safety' (class=org.apache.hadoop.http.HttpServer2$QuotingInputFilter)
2019-09-16 19:11:13,037 [main] INFO  http.HttpServer2 (HttpServer2.java:addFilter(948)) - Added filter static_user_filter (class=org.apache.hadoop.http.lib.StaticUserWebFilter$StaticUserFilter) to context hddsDatanode
2019-09-16 19:11:13,037 [main] INFO  http.HttpServer2 (HttpServer2.java:addFilter(958)) - Added filter static_user_filter (class=org.apache.hadoop.http.lib.StaticUserWebFilter$StaticUserFilter) to context static
2019-09-16 19:11:13,037 [main] INFO  http.HttpServer2 (HttpServer2.java:addFilter(958)) - Added filter static_user_filter (class=org.apache.hadoop.http.lib.StaticUserWebFilter$StaticUserFilter) to context logs
2019-09-16 19:11:13,039 [main] INFO  http.HttpServer2 (HttpServer2.java:bindListener(1191)) - Jetty bound to port 35296
2019-09-16 19:11:13,039 [main] INFO  server.Server (Server.java:doStart(351)) - jetty-9.3.24.v20180605, build timestamp: 2018-06-05T17:11:56Z, git hash: 84205aa28f11a4f31f2a3b86d1bba2cc8ab69827
2019-09-16 19:11:13,043 [main] INFO  handler.ContextHandler (ContextHandler.java:doStart(781)) - Started o.e.j.s.ServletContextHandler@15400fff{/logs,file:///workdir/hadoop-ozone/integration-test/target/log,AVAILABLE}
2019-09-16 19:11:13,044 [main] INFO  handler.ContextHandler (ContextHandler.java:doStart(781)) - Started o.e.j.s.ServletContextHandler@1e7ab390{/static,jar:file:/home/user/.m2/repository/org/apache/hadoop/hadoop-hdds-container-service/0.5.0-SNAPSHOT/hadoop-hdds-container-service-0.5.0-SNAPSHOT.jar!/webapps/static,AVAILABLE}
2019-09-16 19:11:13,085 [main] INFO  handler.ContextHandler (ContextHandler.java:doStart(781)) - Started o.e.j.w.WebAppContext@6f94a5a5{/,file:///tmp/jetty-0.0.0.0-35296-hddsDatanode-_-any-1196579700097565636.dir/webapp/,AVAILABLE}{/hddsDatanode}
2019-09-16 19:11:13,087 [main] INFO  server.AbstractConnector (AbstractConnector.java:doStart(278)) - Started ServerConnector@455c1d8c{HTTP/1.1,[http/1.1]}{0.0.0.0:35296}
2019-09-16 19:11:13,088 [main] INFO  server.Server (Server.java:doStart(419)) - Started @5469ms
2019-09-16 19:11:13,088 [main] WARN  impl.MetricsSystemImpl (MetricsSystemImpl.java:register(276)) - Sink prometheus already exists!
2019-09-16 19:11:13,090 [main] INFO  server.BaseHttpServer (BaseHttpServer.java:updateConnectorAddress(215)) - HTTP server of HDDSDATANODE is listening at http://0.0.0.0:35296
2019-09-16 19:11:13,090 [main] INFO  impl.MetricsSystemImpl (MetricsSystemImpl.java:init(158)) - HddsDatanode metrics system started (again)
2019-09-16 19:11:13,093 [org.apache.hadoop.util.JvmPauseMonitor$Monitor@65b3721e] INFO  util.JvmPauseMonitor (JvmPauseMonitor.java:run(188)) - Starting JVM pause monitor
2019-09-16 19:11:13,094 [main] INFO  ozone.HddsDatanodeService (HddsDatanodeService.java:start(184)) - HddsDatanodeService host:pr-hdds-2111-hlhfn-3535364396 ip:192.168.34.56
2019-09-16 19:11:13,103 [main] INFO  volume.HddsVolume (HddsVolume.java:<init>(176)) - Creating Volume: /workdir/hadoop-ozone/integration-test/target/test-dir/MiniOzoneClusterImpl-3fc8568e-3664-4be6-9c60-644bdcd1012a/datanode-2/data/containers/hdds of  storage type : DISK and capacity : 1482555576320
2019-09-16 19:11:13,104 [main] INFO  volume.VolumeSet (VolumeSet.java:initializeVolumeSet(170)) - Added Volume : /workdir/hadoop-ozone/integration-test/target/test-dir/MiniOzoneClusterImpl-3fc8568e-3664-4be6-9c60-644bdcd1012a/datanode-2/data/containers/hdds to VolumeSet
2019-09-16 19:11:13,104 [main] INFO  volume.ThrottledAsyncChecker (ThrottledAsyncChecker.java:schedule(139)) - Scheduling a check for org.apache.hadoop.ozone.container.common.volume.HddsVolume@5b5e7036
2019-09-16 19:11:13,105 [main] INFO  volume.HddsVolumeChecker (HddsVolumeChecker.java:checkAllVolumes(202)) - Scheduled health check for volume org.apache.hadoop.ozone.container.common.volume.HddsVolume@5b5e7036
2019-09-16 19:11:13,118 [Datanode State Machine Thread - 0] INFO  datanode.InitDatanodeState (InitDatanodeState.java:persistContainerDatanodeDetails(140)) - DatanodeDetails is persisted to /workdir/hadoop-ozone/integration-test/target/test-dir/MiniOzoneClusterImpl-3fc8568e-3664-4be6-9c60-644bdcd1012a/datanode-0/meta/datanode.id
2019-09-16 19:11:13,122 [Datanode State Machine Thread - 0] INFO  datanode.InitDatanodeState (InitDatanodeState.java:persistContainerDatanodeDetails(140)) - DatanodeDetails is persisted to /workdir/hadoop-ozone/integration-test/target/test-dir/MiniOzoneClusterImpl-3fc8568e-3664-4be6-9c60-644bdcd1012a/datanode-1/meta/datanode.id
2019-09-16 19:11:13,127 [main] INFO  impl.RaftServerProxy (ConfUtils.java:logGet(43)) - raft.rpc.type = GRPC (default)
2019-09-16 19:11:13,127 [main] INFO  grpc.GrpcFactory (GrpcFactory.java:checkPooledByteBufAllocatorUseCacheForAllThreads(45)) - PERFORMANCE WARNING: useCacheForAllThreads is true that may cause Netty to create a lot garbage objects and, as a result, trigger GC.
	It is recommended to disable useCacheForAllThreads by setting -Dorg.apache.ratis.thirdparty.io.netty.allocator.useCacheForAllThreads=false in command line.
2019-09-16 19:11:13,128 [main] INFO  grpc.GrpcConfigKeys$Server (ConfUtils.java:logGet(43)) - raft.grpc.server.port = 0 (default)
2019-09-16 19:11:13,128 [main] INFO  server.GrpcService (ConfUtils.java:logGet(43)) - raft.grpc.message.size.max = 33570816 (custom)
2019-09-16 19:11:13,128 [main] INFO  server.RaftServerConfigKeys (ConfUtils.java:logGet(43)) - raft.server.log.appender.buffer.byte-limit = 33554432 (custom)
2019-09-16 19:11:13,129 [main] INFO  server.GrpcService (ConfUtils.java:logGet(43)) - raft.grpc.flow.control.window = 1MB (=1048576) (default)
2019-09-16 19:11:13,129 [main] INFO  server.RaftServerConfigKeys (ConfUtils.java:logGet(43)) - raft.server.rpc.request.timeout = 3000ms (default)
2019-09-16 19:11:13,130 [main] INFO  server.RaftServerConfigKeys (ConfUtils.java:logGet(43)) - raft.server.storage.dir = [/workdir/hadoop-ozone/integration-test/target/test-dir/MiniOzoneClusterImpl-3fc8568e-3664-4be6-9c60-644bdcd1012a/datanode-2/data/ratis] (custom)
2019-09-16 19:11:13,132 [main] INFO  hdfs.DFSUtil (DFSUtil.java:httpServerTemplateForNNAndJN(1641)) - Starting Web-server for hddsDatanode at: http://0.0.0.0:0
2019-09-16 19:11:13,133 [main] INFO  server.AuthenticationFilter (AuthenticationFilter.java:constructSecretProvider(240)) - Unable to initialize FileSignerSecretProvider, falling back to use random secrets.
2019-09-16 19:11:13,134 [main] WARN  http.HttpRequestLog (HttpRequestLog.java:getRequestLog(97)) - Jetty request log can only be enabled using Log4j
2019-09-16 19:11:13,135 [main] INFO  http.HttpServer2 (HttpServer2.java:addGlobalFilter(975)) - Added global filter 'safety' (class=org.apache.hadoop.http.HttpServer2$QuotingInputFilter)
2019-09-16 19:11:13,136 [main] INFO  http.HttpServer2 (HttpServer2.java:addFilter(948)) - Added filter static_user_filter (class=org.apache.hadoop.http.lib.StaticUserWebFilter$StaticUserFilter) to context hddsDatanode
2019-09-16 19:11:13,136 [main] INFO  http.HttpServer2 (HttpServer2.java:addFilter(958)) - Added filter static_user_filter (class=org.apache.hadoop.http.lib.StaticUserWebFilter$StaticUserFilter) to context logs
2019-09-16 19:11:13,136 [main] INFO  http.HttpServer2 (HttpServer2.java:addFilter(958)) - Added filter static_user_filter (class=org.apache.hadoop.http.lib.StaticUserWebFilter$StaticUserFilter) to context static
2019-09-16 19:11:13,137 [main] INFO  http.HttpServer2 (HttpServer2.java:bindListener(1191)) - Jetty bound to port 43490
2019-09-16 19:11:13,137 [main] INFO  server.Server (Server.java:doStart(351)) - jetty-9.3.24.v20180605, build timestamp: 2018-06-05T17:11:56Z, git hash: 84205aa28f11a4f31f2a3b86d1bba2cc8ab69827
2019-09-16 19:11:13,139 [main] INFO  handler.ContextHandler (ContextHandler.java:doStart(781)) - Started o.e.j.s.ServletContextHandler@54d8c20d{/logs,file:///workdir/hadoop-ozone/integration-test/target/log,AVAILABLE}
2019-09-16 19:11:13,140 [main] INFO  handler.ContextHandler (ContextHandler.java:doStart(781)) - Started o.e.j.s.ServletContextHandler@44536de4{/static,jar:file:/home/user/.m2/repository/org/apache/hadoop/hadoop-hdds-container-service/0.5.0-SNAPSHOT/hadoop-hdds-container-service-0.5.0-SNAPSHOT.jar!/webapps/static,AVAILABLE}
2019-09-16 19:11:13,168 [main] INFO  handler.ContextHandler (ContextHandler.java:doStart(781)) - Started o.e.j.w.WebAppContext@2f2bff16{/,file:///tmp/jetty-0.0.0.0-43490-hddsDatanode-_-any-4345776409157000991.dir/webapp/,AVAILABLE}{/hddsDatanode}
2019-09-16 19:11:13,169 [main] INFO  server.AbstractConnector (AbstractConnector.java:doStart(278)) - Started ServerConnector@75de29c0{HTTP/1.1,[http/1.1]}{0.0.0.0:43490}
2019-09-16 19:11:13,170 [main] INFO  server.Server (Server.java:doStart(419)) - Started @5551ms
2019-09-16 19:11:13,170 [main] WARN  impl.MetricsSystemImpl (MetricsSystemImpl.java:register(276)) - Sink prometheus already exists!
2019-09-16 19:11:13,171 [main] INFO  server.BaseHttpServer (BaseHttpServer.java:updateConnectorAddress(215)) - HTTP server of HDDSDATANODE is listening at http://0.0.0.0:43490
2019-09-16 19:11:13,172 [main] INFO  impl.MetricsSystemImpl (MetricsSystemImpl.java:init(158)) - HddsDatanode metrics system started (again)
2019-09-16 19:11:13,175 [org.apache.hadoop.util.JvmPauseMonitor$Monitor@6c7d994b] INFO  util.JvmPauseMonitor (JvmPauseMonitor.java:run(188)) - Starting JVM pause monitor
2019-09-16 19:11:13,175 [main] INFO  ozone.HddsDatanodeService (HddsDatanodeService.java:start(184)) - HddsDatanodeService host:pr-hdds-2111-hlhfn-3535364396 ip:192.168.34.56
2019-09-16 19:11:13,178 [Datanode State Machine Thread - 0] INFO  datanode.InitDatanodeState (InitDatanodeState.java:persistContainerDatanodeDetails(140)) - DatanodeDetails is persisted to /workdir/hadoop-ozone/integration-test/target/test-dir/MiniOzoneClusterImpl-3fc8568e-3664-4be6-9c60-644bdcd1012a/datanode-2/meta/datanode.id
2019-09-16 19:11:13,183 [main] INFO  volume.HddsVolume (HddsVolume.java:<init>(176)) - Creating Volume: /workdir/hadoop-ozone/integration-test/target/test-dir/MiniOzoneClusterImpl-3fc8568e-3664-4be6-9c60-644bdcd1012a/datanode-3/data/containers/hdds of  storage type : DISK and capacity : 1482555576320
2019-09-16 19:11:13,185 [main] INFO  volume.VolumeSet (VolumeSet.java:initializeVolumeSet(170)) - Added Volume : /workdir/hadoop-ozone/integration-test/target/test-dir/MiniOzoneClusterImpl-3fc8568e-3664-4be6-9c60-644bdcd1012a/datanode-3/data/containers/hdds to VolumeSet
2019-09-16 19:11:13,185 [main] INFO  volume.ThrottledAsyncChecker (ThrottledAsyncChecker.java:schedule(139)) - Scheduling a check for org.apache.hadoop.ozone.container.common.volume.HddsVolume@dc4a691
2019-09-16 19:11:13,186 [main] INFO  volume.HddsVolumeChecker (HddsVolumeChecker.java:checkAllVolumes(202)) - Scheduled health check for volume org.apache.hadoop.ozone.container.common.volume.HddsVolume@dc4a691
2019-09-16 19:11:13,206 [main] INFO  impl.RaftServerProxy (ConfUtils.java:logGet(43)) - raft.rpc.type = GRPC (default)
2019-09-16 19:11:13,206 [main] INFO  grpc.GrpcFactory (GrpcFactory.java:checkPooledByteBufAllocatorUseCacheForAllThreads(45)) - PERFORMANCE WARNING: useCacheForAllThreads is true that may cause Netty to create a lot garbage objects and, as a result, trigger GC.
	It is recommended to disable useCacheForAllThreads by setting -Dorg.apache.ratis.thirdparty.io.netty.allocator.useCacheForAllThreads=false in command line.
2019-09-16 19:11:13,206 [main] INFO  grpc.GrpcConfigKeys$Server (ConfUtils.java:logGet(43)) - raft.grpc.server.port = 0 (default)
2019-09-16 19:11:13,207 [main] INFO  server.GrpcService (ConfUtils.java:logGet(43)) - raft.grpc.message.size.max = 33570816 (custom)
2019-09-16 19:11:13,207 [main] INFO  server.RaftServerConfigKeys (ConfUtils.java:logGet(43)) - raft.server.log.appender.buffer.byte-limit = 33554432 (custom)
2019-09-16 19:11:13,207 [main] INFO  server.GrpcService (ConfUtils.java:logGet(43)) - raft.grpc.flow.control.window = 1MB (=1048576) (default)
2019-09-16 19:11:13,208 [main] INFO  server.RaftServerConfigKeys (ConfUtils.java:logGet(43)) - raft.server.rpc.request.timeout = 3000ms (default)
2019-09-16 19:11:13,208 [main] INFO  server.RaftServerConfigKeys (ConfUtils.java:logGet(43)) - raft.server.storage.dir = [/workdir/hadoop-ozone/integration-test/target/test-dir/MiniOzoneClusterImpl-3fc8568e-3664-4be6-9c60-644bdcd1012a/datanode-3/data/ratis] (custom)
2019-09-16 19:11:13,210 [main] INFO  hdfs.DFSUtil (DFSUtil.java:httpServerTemplateForNNAndJN(1641)) - Starting Web-server for hddsDatanode at: http://0.0.0.0:0
2019-09-16 19:11:13,211 [main] INFO  server.AuthenticationFilter (AuthenticationFilter.java:constructSecretProvider(240)) - Unable to initialize FileSignerSecretProvider, falling back to use random secrets.
2019-09-16 19:11:13,212 [main] WARN  http.HttpRequestLog (HttpRequestLog.java:getRequestLog(97)) - Jetty request log can only be enabled using Log4j
2019-09-16 19:11:13,213 [main] INFO  http.HttpServer2 (HttpServer2.java:addGlobalFilter(975)) - Added global filter 'safety' (class=org.apache.hadoop.http.HttpServer2$QuotingInputFilter)
2019-09-16 19:11:13,214 [main] INFO  http.HttpServer2 (HttpServer2.java:addFilter(948)) - Added filter static_user_filter (class=org.apache.hadoop.http.lib.StaticUserWebFilter$StaticUserFilter) to context hddsDatanode
2019-09-16 19:11:13,214 [main] INFO  http.HttpServer2 (HttpServer2.java:addFilter(958)) - Added filter static_user_filter (class=org.apache.hadoop.http.lib.StaticUserWebFilter$StaticUserFilter) to context static
2019-09-16 19:11:13,215 [main] INFO  http.HttpServer2 (HttpServer2.java:addFilter(958)) - Added filter static_user_filter (class=org.apache.hadoop.http.lib.StaticUserWebFilter$StaticUserFilter) to context logs
2019-09-16 19:11:13,215 [main] INFO  http.HttpServer2 (HttpServer2.java:bindListener(1191)) - Jetty bound to port 35176
2019-09-16 19:11:13,216 [main] INFO  server.Server (Server.java:doStart(351)) - jetty-9.3.24.v20180605, build timestamp: 2018-06-05T17:11:56Z, git hash: 84205aa28f11a4f31f2a3b86d1bba2cc8ab69827
2019-09-16 19:11:13,221 [main] INFO  handler.ContextHandler (ContextHandler.java:doStart(781)) - Started o.e.j.s.ServletContextHandler@517a2b0{/logs,file:///workdir/hadoop-ozone/integration-test/target/log,AVAILABLE}
2019-09-16 19:11:13,222 [main] INFO  handler.ContextHandler (ContextHandler.java:doStart(781)) - Started o.e.j.s.ServletContextHandler@36480b2d{/static,jar:file:/home/user/.m2/repository/org/apache/hadoop/hadoop-hdds-container-service/0.5.0-SNAPSHOT/hadoop-hdds-container-service-0.5.0-SNAPSHOT.jar!/webapps/static,AVAILABLE}
2019-09-16 19:11:13,254 [main] INFO  handler.ContextHandler (ContextHandler.java:doStart(781)) - Started o.e.j.w.WebAppContext@1fb2d5e{/,file:///tmp/jetty-0.0.0.0-35176-hddsDatanode-_-any-8989442915849576009.dir/webapp/,AVAILABLE}{/hddsDatanode}
2019-09-16 19:11:13,255 [main] INFO  server.AbstractConnector (AbstractConnector.java:doStart(278)) - Started ServerConnector@1716e8c5{HTTP/1.1,[http/1.1]}{0.0.0.0:35176}
2019-09-16 19:11:13,255 [main] INFO  server.Server (Server.java:doStart(419)) - Started @5637ms
2019-09-16 19:11:13,257 [main] WARN  impl.MetricsSystemImpl (MetricsSystemImpl.java:register(276)) - Sink prometheus already exists!
2019-09-16 19:11:13,258 [main] INFO  server.BaseHttpServer (BaseHttpServer.java:updateConnectorAddress(215)) - HTTP server of HDDSDATANODE is listening at http://0.0.0.0:35176
2019-09-16 19:11:13,258 [main] INFO  impl.MetricsSystemImpl (MetricsSystemImpl.java:init(158)) - HddsDatanode metrics system started (again)
2019-09-16 19:11:13,261 [main] INFO  ozone.HddsDatanodeService (HddsDatanodeService.java:start(184)) - HddsDatanodeService host:pr-hdds-2111-hlhfn-3535364396 ip:192.168.34.56
2019-09-16 19:11:13,262 [org.apache.hadoop.util.JvmPauseMonitor$Monitor@1168650d] INFO  util.JvmPauseMonitor (JvmPauseMonitor.java:run(188)) - Starting JVM pause monitor
2019-09-16 19:11:13,266 [Datanode State Machine Thread - 0] INFO  datanode.InitDatanodeState (InitDatanodeState.java:persistContainerDatanodeDetails(140)) - DatanodeDetails is persisted to /workdir/hadoop-ozone/integration-test/target/test-dir/MiniOzoneClusterImpl-3fc8568e-3664-4be6-9c60-644bdcd1012a/datanode-3/meta/datanode.id
2019-09-16 19:11:13,272 [main] INFO  volume.HddsVolume (HddsVolume.java:<init>(176)) - Creating Volume: /workdir/hadoop-ozone/integration-test/target/test-dir/MiniOzoneClusterImpl-3fc8568e-3664-4be6-9c60-644bdcd1012a/datanode-4/data/containers/hdds of  storage type : DISK and capacity : 1482555576320
2019-09-16 19:11:13,272 [main] INFO  volume.VolumeSet (VolumeSet.java:initializeVolumeSet(170)) - Added Volume : /workdir/hadoop-ozone/integration-test/target/test-dir/MiniOzoneClusterImpl-3fc8568e-3664-4be6-9c60-644bdcd1012a/datanode-4/data/containers/hdds to VolumeSet
2019-09-16 19:11:13,272 [main] INFO  volume.ThrottledAsyncChecker (ThrottledAsyncChecker.java:schedule(139)) - Scheduling a check for org.apache.hadoop.ozone.container.common.volume.HddsVolume@73844119
2019-09-16 19:11:13,273 [main] INFO  volume.HddsVolumeChecker (HddsVolumeChecker.java:checkAllVolumes(202)) - Scheduled health check for volume org.apache.hadoop.ozone.container.common.volume.HddsVolume@73844119
2019-09-16 19:11:13,286 [main] INFO  impl.RaftServerProxy (ConfUtils.java:logGet(43)) - raft.rpc.type = GRPC (default)
2019-09-16 19:11:13,286 [main] INFO  grpc.GrpcFactory (GrpcFactory.java:checkPooledByteBufAllocatorUseCacheForAllThreads(45)) - PERFORMANCE WARNING: useCacheForAllThreads is true that may cause Netty to create a lot garbage objects and, as a result, trigger GC.
	It is recommended to disable useCacheForAllThreads by setting -Dorg.apache.ratis.thirdparty.io.netty.allocator.useCacheForAllThreads=false in command line.
2019-09-16 19:11:13,286 [main] INFO  grpc.GrpcConfigKeys$Server (ConfUtils.java:logGet(43)) - raft.grpc.server.port = 0 (default)
2019-09-16 19:11:13,286 [main] INFO  server.GrpcService (ConfUtils.java:logGet(43)) - raft.grpc.message.size.max = 33570816 (custom)
2019-09-16 19:11:13,286 [main] INFO  server.RaftServerConfigKeys (ConfUtils.java:logGet(43)) - raft.server.log.appender.buffer.byte-limit = 33554432 (custom)
2019-09-16 19:11:13,287 [main] INFO  server.GrpcService (ConfUtils.java:logGet(43)) - raft.grpc.flow.control.window = 1MB (=1048576) (default)
2019-09-16 19:11:13,287 [main] INFO  server.RaftServerConfigKeys (ConfUtils.java:logGet(43)) - raft.server.rpc.request.timeout = 3000ms (default)
2019-09-16 19:11:13,287 [main] INFO  server.RaftServerConfigKeys (ConfUtils.java:logGet(43)) - raft.server.storage.dir = [/workdir/hadoop-ozone/integration-test/target/test-dir/MiniOzoneClusterImpl-3fc8568e-3664-4be6-9c60-644bdcd1012a/datanode-4/data/ratis] (custom)
2019-09-16 19:11:13,289 [main] INFO  hdfs.DFSUtil (DFSUtil.java:httpServerTemplateForNNAndJN(1641)) - Starting Web-server for hddsDatanode at: http://0.0.0.0:0
2019-09-16 19:11:13,290 [main] INFO  server.AuthenticationFilter (AuthenticationFilter.java:constructSecretProvider(240)) - Unable to initialize FileSignerSecretProvider, falling back to use random secrets.
2019-09-16 19:11:13,290 [main] WARN  http.HttpRequestLog (HttpRequestLog.java:getRequestLog(97)) - Jetty request log can only be enabled using Log4j
2019-09-16 19:11:13,291 [main] INFO  http.HttpServer2 (HttpServer2.java:addGlobalFilter(975)) - Added global filter 'safety' (class=org.apache.hadoop.http.HttpServer2$QuotingInputFilter)
2019-09-16 19:11:13,292 [main] INFO  http.HttpServer2 (HttpServer2.java:addFilter(948)) - Added filter static_user_filter (class=org.apache.hadoop.http.lib.StaticUserWebFilter$StaticUserFilter) to context hddsDatanode
2019-09-16 19:11:13,292 [main] INFO  http.HttpServer2 (HttpServer2.java:addFilter(958)) - Added filter static_user_filter (class=org.apache.hadoop.http.lib.StaticUserWebFilter$StaticUserFilter) to context logs
2019-09-16 19:11:13,292 [main] INFO  http.HttpServer2 (HttpServer2.java:addFilter(958)) - Added filter static_user_filter (class=org.apache.hadoop.http.lib.StaticUserWebFilter$StaticUserFilter) to context static
2019-09-16 19:11:13,293 [main] INFO  http.HttpServer2 (HttpServer2.java:bindListener(1191)) - Jetty bound to port 45905
2019-09-16 19:11:13,293 [main] INFO  server.Server (Server.java:doStart(351)) - jetty-9.3.24.v20180605, build timestamp: 2018-06-05T17:11:56Z, git hash: 84205aa28f11a4f31f2a3b86d1bba2cc8ab69827
2019-09-16 19:11:13,295 [main] INFO  handler.ContextHandler (ContextHandler.java:doStart(781)) - Started o.e.j.s.ServletContextHandler@77a074b4{/logs,file:///workdir/hadoop-ozone/integration-test/target/log,AVAILABLE}
2019-09-16 19:11:13,295 [main] INFO  handler.ContextHandler (ContextHandler.java:doStart(781)) - Started o.e.j.s.ServletContextHandler@6c0e13b7{/static,jar:file:/home/user/.m2/repository/org/apache/hadoop/hadoop-hdds-container-service/0.5.0-SNAPSHOT/hadoop-hdds-container-service-0.5.0-SNAPSHOT.jar!/webapps/static,AVAILABLE}
2019-09-16 19:11:13,319 [main] INFO  handler.ContextHandler (ContextHandler.java:doStart(781)) - Started o.e.j.w.WebAppContext@38ed139b{/,file:///tmp/jetty-0.0.0.0-45905-hddsDatanode-_-any-5946487491885533251.dir/webapp/,AVAILABLE}{/hddsDatanode}
2019-09-16 19:11:13,319 [main] INFO  server.AbstractConnector (AbstractConnector.java:doStart(278)) - Started ServerConnector@a5272be{HTTP/1.1,[http/1.1]}{0.0.0.0:45905}
2019-09-16 19:11:13,320 [main] INFO  server.Server (Server.java:doStart(419)) - Started @5701ms
2019-09-16 19:11:13,325 [main] WARN  impl.MetricsSystemImpl (MetricsSystemImpl.java:register(276)) - Sink prometheus already exists!
2019-09-16 19:11:13,325 [main] INFO  server.BaseHttpServer (BaseHttpServer.java:updateConnectorAddress(215)) - HTTP server of HDDSDATANODE is listening at http://0.0.0.0:45905
2019-09-16 19:11:13,326 [main] INFO  impl.MetricsSystemImpl (MetricsSystemImpl.java:init(158)) - HddsDatanode metrics system started (again)
2019-09-16 19:11:13,329 [main] INFO  ozone.HddsDatanodeService (HddsDatanodeService.java:start(184)) - HddsDatanodeService host:pr-hdds-2111-hlhfn-3535364396 ip:192.168.34.56
2019-09-16 19:11:13,330 [org.apache.hadoop.util.JvmPauseMonitor$Monitor@3c601c74] INFO  util.JvmPauseMonitor (JvmPauseMonitor.java:run(188)) - Starting JVM pause monitor
2019-09-16 19:11:13,333 [Datanode State Machine Thread - 0] INFO  datanode.InitDatanodeState (InitDatanodeState.java:persistContainerDatanodeDetails(140)) - DatanodeDetails is persisted to /workdir/hadoop-ozone/integration-test/target/test-dir/MiniOzoneClusterImpl-3fc8568e-3664-4be6-9c60-644bdcd1012a/datanode-4/meta/datanode.id
2019-09-16 19:11:13,336 [main] INFO  volume.HddsVolume (HddsVolume.java:<init>(176)) - Creating Volume: /workdir/hadoop-ozone/integration-test/target/test-dir/MiniOzoneClusterImpl-3fc8568e-3664-4be6-9c60-644bdcd1012a/datanode-5/data/containers/hdds of  storage type : DISK and capacity : 1482555576320
2019-09-16 19:11:13,336 [main] INFO  volume.VolumeSet (VolumeSet.java:initializeVolumeSet(170)) - Added Volume : /workdir/hadoop-ozone/integration-test/target/test-dir/MiniOzoneClusterImpl-3fc8568e-3664-4be6-9c60-644bdcd1012a/datanode-5/data/containers/hdds to VolumeSet
2019-09-16 19:11:13,336 [main] INFO  volume.ThrottledAsyncChecker (ThrottledAsyncChecker.java:schedule(139)) - Scheduling a check for org.apache.hadoop.ozone.container.common.volume.HddsVolume@2938127d
2019-09-16 19:11:13,337 [main] INFO  volume.HddsVolumeChecker (HddsVolumeChecker.java:checkAllVolumes(202)) - Scheduled health check for volume org.apache.hadoop.ozone.container.common.volume.HddsVolume@2938127d
2019-09-16 19:11:13,350 [main] INFO  impl.RaftServerProxy (ConfUtils.java:logGet(43)) - raft.rpc.type = GRPC (default)
2019-09-16 19:11:13,350 [main] INFO  grpc.GrpcFactory (GrpcFactory.java:checkPooledByteBufAllocatorUseCacheForAllThreads(45)) - PERFORMANCE WARNING: useCacheForAllThreads is true that may cause Netty to create a lot garbage objects and, as a result, trigger GC.
	It is recommended to disable useCacheForAllThreads by setting -Dorg.apache.ratis.thirdparty.io.netty.allocator.useCacheForAllThreads=false in command line.
2019-09-16 19:11:13,350 [main] INFO  grpc.GrpcConfigKeys$Server (ConfUtils.java:logGet(43)) - raft.grpc.server.port = 0 (default)
2019-09-16 19:11:13,351 [main] INFO  server.GrpcService (ConfUtils.java:logGet(43)) - raft.grpc.message.size.max = 33570816 (custom)
2019-09-16 19:11:13,351 [main] INFO  server.RaftServerConfigKeys (ConfUtils.java:logGet(43)) - raft.server.log.appender.buffer.byte-limit = 33554432 (custom)
2019-09-16 19:11:13,351 [main] INFO  server.GrpcService (ConfUtils.java:logGet(43)) - raft.grpc.flow.control.window = 1MB (=1048576) (default)
2019-09-16 19:11:13,351 [main] INFO  server.RaftServerConfigKeys (ConfUtils.java:logGet(43)) - raft.server.rpc.request.timeout = 3000ms (default)
2019-09-16 19:11:13,352 [main] INFO  server.RaftServerConfigKeys (ConfUtils.java:logGet(43)) - raft.server.storage.dir = [/workdir/hadoop-ozone/integration-test/target/test-dir/MiniOzoneClusterImpl-3fc8568e-3664-4be6-9c60-644bdcd1012a/datanode-5/data/ratis] (custom)
2019-09-16 19:11:13,353 [main] INFO  hdfs.DFSUtil (DFSUtil.java:httpServerTemplateForNNAndJN(1641)) - Starting Web-server for hddsDatanode at: http://0.0.0.0:0
2019-09-16 19:11:13,355 [main] INFO  server.AuthenticationFilter (AuthenticationFilter.java:constructSecretProvider(240)) - Unable to initialize FileSignerSecretProvider, falling back to use random secrets.
2019-09-16 19:11:13,356 [main] WARN  http.HttpRequestLog (HttpRequestLog.java:getRequestLog(97)) - Jetty request log can only be enabled using Log4j
2019-09-16 19:11:13,358 [main] INFO  http.HttpServer2 (HttpServer2.java:addGlobalFilter(975)) - Added global filter 'safety' (class=org.apache.hadoop.http.HttpServer2$QuotingInputFilter)
2019-09-16 19:11:13,359 [main] INFO  http.HttpServer2 (HttpServer2.java:addFilter(948)) - Added filter static_user_filter (class=org.apache.hadoop.http.lib.StaticUserWebFilter$StaticUserFilter) to context hddsDatanode
2019-09-16 19:11:13,359 [main] INFO  http.HttpServer2 (HttpServer2.java:addFilter(958)) - Added filter static_user_filter (class=org.apache.hadoop.http.lib.StaticUserWebFilter$StaticUserFilter) to context static
2019-09-16 19:11:13,359 [main] INFO  http.HttpServer2 (HttpServer2.java:addFilter(958)) - Added filter static_user_filter (class=org.apache.hadoop.http.lib.StaticUserWebFilter$StaticUserFilter) to context logs
2019-09-16 19:11:13,360 [main] INFO  http.HttpServer2 (HttpServer2.java:bindListener(1191)) - Jetty bound to port 32997
2019-09-16 19:11:13,361 [main] INFO  server.Server (Server.java:doStart(351)) - jetty-9.3.24.v20180605, build timestamp: 2018-06-05T17:11:56Z, git hash: 84205aa28f11a4f31f2a3b86d1bba2cc8ab69827
2019-09-16 19:11:13,363 [main] INFO  handler.ContextHandler (ContextHandler.java:doStart(781)) - Started o.e.j.s.ServletContextHandler@75d4a80f{/logs,file:///workdir/hadoop-ozone/integration-test/target/log,AVAILABLE}
2019-09-16 19:11:13,364 [main] INFO  handler.ContextHandler (ContextHandler.java:doStart(781)) - Started o.e.j.s.ServletContextHandler@ccf91df{/static,jar:file:/home/user/.m2/repository/org/apache/hadoop/hadoop-hdds-container-service/0.5.0-SNAPSHOT/hadoop-hdds-container-service-0.5.0-SNAPSHOT.jar!/webapps/static,AVAILABLE}
2019-09-16 19:11:13,405 [main] INFO  handler.ContextHandler (ContextHandler.java:doStart(781)) - Started o.e.j.w.WebAppContext@3c83468e{/,file:///tmp/jetty-0.0.0.0-32997-hddsDatanode-_-any-574108180953714950.dir/webapp/,AVAILABLE}{/hddsDatanode}
2019-09-16 19:11:13,406 [main] INFO  server.AbstractConnector (AbstractConnector.java:doStart(278)) - Started ServerConnector@272ce069{HTTP/1.1,[http/1.1]}{0.0.0.0:32997}
2019-09-16 19:11:13,407 [main] INFO  server.Server (Server.java:doStart(419)) - Started @5788ms
2019-09-16 19:11:13,407 [main] WARN  impl.MetricsSystemImpl (MetricsSystemImpl.java:register(276)) - Sink prometheus already exists!
2019-09-16 19:11:13,408 [main] INFO  server.BaseHttpServer (BaseHttpServer.java:updateConnectorAddress(215)) - HTTP server of HDDSDATANODE is listening at http://0.0.0.0:32997
2019-09-16 19:11:13,408 [main] INFO  impl.MetricsSystemImpl (MetricsSystemImpl.java:init(158)) - HddsDatanode metrics system started (again)
2019-09-16 19:11:13,412 [org.apache.hadoop.util.JvmPauseMonitor$Monitor@504a1cbb] INFO  util.JvmPauseMonitor (JvmPauseMonitor.java:run(188)) - Starting JVM pause monitor
2019-09-16 19:11:13,413 [main] INFO  ozone.HddsDatanodeService (HddsDatanodeService.java:start(184)) - HddsDatanodeService host:pr-hdds-2111-hlhfn-3535364396 ip:192.168.34.56
2019-09-16 19:11:13,416 [Datanode State Machine Thread - 0] INFO  datanode.InitDatanodeState (InitDatanodeState.java:persistContainerDatanodeDetails(140)) - DatanodeDetails is persisted to /workdir/hadoop-ozone/integration-test/target/test-dir/MiniOzoneClusterImpl-3fc8568e-3664-4be6-9c60-644bdcd1012a/datanode-5/meta/datanode.id
2019-09-16 19:11:13,421 [main] INFO  volume.HddsVolume (HddsVolume.java:<init>(176)) - Creating Volume: /workdir/hadoop-ozone/integration-test/target/test-dir/MiniOzoneClusterImpl-3fc8568e-3664-4be6-9c60-644bdcd1012a/datanode-6/data/containers/hdds of  storage type : DISK and capacity : 1482555576320
2019-09-16 19:11:13,422 [main] INFO  volume.VolumeSet (VolumeSet.java:initializeVolumeSet(170)) - Added Volume : /workdir/hadoop-ozone/integration-test/target/test-dir/MiniOzoneClusterImpl-3fc8568e-3664-4be6-9c60-644bdcd1012a/datanode-6/data/containers/hdds to VolumeSet
2019-09-16 19:11:13,422 [main] INFO  volume.ThrottledAsyncChecker (ThrottledAsyncChecker.java:schedule(139)) - Scheduling a check for org.apache.hadoop.ozone.container.common.volume.HddsVolume@254f906e
2019-09-16 19:11:13,423 [main] INFO  volume.HddsVolumeChecker (HddsVolumeChecker.java:checkAllVolumes(202)) - Scheduled health check for volume org.apache.hadoop.ozone.container.common.volume.HddsVolume@254f906e
2019-09-16 19:11:13,443 [main] INFO  impl.RaftServerProxy (ConfUtils.java:logGet(43)) - raft.rpc.type = GRPC (default)
2019-09-16 19:11:13,444 [main] INFO  grpc.GrpcFactory (GrpcFactory.java:checkPooledByteBufAllocatorUseCacheForAllThreads(45)) - PERFORMANCE WARNING: useCacheForAllThreads is true that may cause Netty to create a lot garbage objects and, as a result, trigger GC.
	It is recommended to disable useCacheForAllThreads by setting -Dorg.apache.ratis.thirdparty.io.netty.allocator.useCacheForAllThreads=false in command line.
2019-09-16 19:11:13,444 [main] INFO  grpc.GrpcConfigKeys$Server (ConfUtils.java:logGet(43)) - raft.grpc.server.port = 0 (default)
2019-09-16 19:11:13,444 [main] INFO  server.GrpcService (ConfUtils.java:logGet(43)) - raft.grpc.message.size.max = 33570816 (custom)
2019-09-16 19:11:13,445 [main] INFO  server.RaftServerConfigKeys (ConfUtils.java:logGet(43)) - raft.server.log.appender.buffer.byte-limit = 33554432 (custom)
2019-09-16 19:11:13,445 [main] INFO  server.GrpcService (ConfUtils.java:logGet(43)) - raft.grpc.flow.control.window = 1MB (=1048576) (default)
2019-09-16 19:11:13,445 [main] INFO  server.RaftServerConfigKeys (ConfUtils.java:logGet(43)) - raft.server.rpc.request.timeout = 3000ms (default)
2019-09-16 19:11:13,446 [main] INFO  server.RaftServerConfigKeys (ConfUtils.java:logGet(43)) - raft.server.storage.dir = [/workdir/hadoop-ozone/integration-test/target/test-dir/MiniOzoneClusterImpl-3fc8568e-3664-4be6-9c60-644bdcd1012a/datanode-6/data/ratis] (custom)
2019-09-16 19:11:13,448 [main] INFO  hdfs.DFSUtil (DFSUtil.java:httpServerTemplateForNNAndJN(1641)) - Starting Web-server for hddsDatanode at: http://0.0.0.0:0
2019-09-16 19:11:13,449 [main] INFO  server.AuthenticationFilter (AuthenticationFilter.java:constructSecretProvider(240)) - Unable to initialize FileSignerSecretProvider, falling back to use random secrets.
2019-09-16 19:11:13,450 [main] WARN  http.HttpRequestLog (HttpRequestLog.java:getRequestLog(97)) - Jetty request log can only be enabled using Log4j
2019-09-16 19:11:13,451 [main] INFO  http.HttpServer2 (HttpServer2.java:addGlobalFilter(975)) - Added global filter 'safety' (class=org.apache.hadoop.http.HttpServer2$QuotingInputFilter)
2019-09-16 19:11:13,452 [main] INFO  http.HttpServer2 (HttpServer2.java:addFilter(948)) - Added filter static_user_filter (class=org.apache.hadoop.http.lib.StaticUserWebFilter$StaticUserFilter) to context hddsDatanode
2019-09-16 19:11:13,452 [main] INFO  http.HttpServer2 (HttpServer2.java:addFilter(958)) - Added filter static_user_filter (class=org.apache.hadoop.http.lib.StaticUserWebFilter$StaticUserFilter) to context static
2019-09-16 19:11:13,452 [main] INFO  http.HttpServer2 (HttpServer2.java:addFilter(958)) - Added filter static_user_filter (class=org.apache.hadoop.http.lib.StaticUserWebFilter$StaticUserFilter) to context logs
2019-09-16 19:11:13,453 [main] INFO  http.HttpServer2 (HttpServer2.java:bindListener(1191)) - Jetty bound to port 44435
2019-09-16 19:11:13,453 [main] INFO  server.Server (Server.java:doStart(351)) - jetty-9.3.24.v20180605, build timestamp: 2018-06-05T17:11:56Z, git hash: 84205aa28f11a4f31f2a3b86d1bba2cc8ab69827
2019-09-16 19:11:13,455 [main] INFO  handler.ContextHandler (ContextHandler.java:doStart(781)) - Started o.e.j.s.ServletContextHandler@67514bdd{/logs,file:///workdir/hadoop-ozone/integration-test/target/log,AVAILABLE}
2019-09-16 19:11:13,455 [main] INFO  handler.ContextHandler (ContextHandler.java:doStart(781)) - Started o.e.j.s.ServletContextHandler@7f5538a1{/static,jar:file:/home/user/.m2/repository/org/apache/hadoop/hadoop-hdds-container-service/0.5.0-SNAPSHOT/hadoop-hdds-container-service-0.5.0-SNAPSHOT.jar!/webapps/static,AVAILABLE}
2019-09-16 19:11:13,484 [main] INFO  handler.ContextHandler (ContextHandler.java:doStart(781)) - Started o.e.j.w.WebAppContext@3e3315d9{/,file:///tmp/jetty-0.0.0.0-44435-hddsDatanode-_-any-6666331106481748012.dir/webapp/,AVAILABLE}{/hddsDatanode}
2019-09-16 19:11:13,484 [main] INFO  server.AbstractConnector (AbstractConnector.java:doStart(278)) - Started ServerConnector@64db4967{HTTP/1.1,[http/1.1]}{0.0.0.0:44435}
2019-09-16 19:11:13,485 [main] INFO  server.Server (Server.java:doStart(419)) - Started @5867ms
2019-09-16 19:11:13,485 [main] WARN  impl.MetricsSystemImpl (MetricsSystemImpl.java:register(276)) - Sink prometheus already exists!
2019-09-16 19:11:13,486 [main] INFO  server.BaseHttpServer (BaseHttpServer.java:updateConnectorAddress(215)) - HTTP server of HDDSDATANODE is listening at http://0.0.0.0:44435
2019-09-16 19:11:13,487 [main] INFO  impl.MetricsSystemImpl (MetricsSystemImpl.java:init(158)) - HddsDatanode metrics system started (again)
2019-09-16 19:11:13,492 [org.apache.hadoop.util.JvmPauseMonitor$Monitor@2010bf2] INFO  util.JvmPauseMonitor (JvmPauseMonitor.java:run(188)) - Starting JVM pause monitor
2019-09-16 19:11:13,493 [main] INFO  ozone.HddsDatanodeService (HddsDatanodeService.java:start(184)) - HddsDatanodeService host:pr-hdds-2111-hlhfn-3535364396 ip:192.168.34.56
2019-09-16 19:11:13,495 [Datanode State Machine Thread - 0] INFO  datanode.InitDatanodeState (InitDatanodeState.java:persistContainerDatanodeDetails(140)) - DatanodeDetails is persisted to /workdir/hadoop-ozone/integration-test/target/test-dir/MiniOzoneClusterImpl-3fc8568e-3664-4be6-9c60-644bdcd1012a/datanode-6/meta/datanode.id
2019-09-16 19:11:13,504 [main] INFO  volume.HddsVolume (HddsVolume.java:<init>(176)) - Creating Volume: /workdir/hadoop-ozone/integration-test/target/test-dir/MiniOzoneClusterImpl-3fc8568e-3664-4be6-9c60-644bdcd1012a/datanode-7/data/containers/hdds of  storage type : DISK and capacity : 1482555576320
2019-09-16 19:11:13,504 [main] INFO  volume.VolumeSet (VolumeSet.java:initializeVolumeSet(170)) - Added Volume : /workdir/hadoop-ozone/integration-test/target/test-dir/MiniOzoneClusterImpl-3fc8568e-3664-4be6-9c60-644bdcd1012a/datanode-7/data/containers/hdds to VolumeSet
2019-09-16 19:11:13,505 [main] INFO  volume.ThrottledAsyncChecker (ThrottledAsyncChecker.java:schedule(139)) - Scheduling a check for org.apache.hadoop.ozone.container.common.volume.HddsVolume@6d6bbd35
2019-09-16 19:11:13,506 [main] INFO  volume.HddsVolumeChecker (HddsVolumeChecker.java:checkAllVolumes(202)) - Scheduled health check for volume org.apache.hadoop.ozone.container.common.volume.HddsVolume@6d6bbd35
2019-09-16 19:11:13,527 [main] INFO  impl.RaftServerProxy (ConfUtils.java:logGet(43)) - raft.rpc.type = GRPC (default)
2019-09-16 19:11:13,528 [main] INFO  grpc.GrpcFactory (GrpcFactory.java:checkPooledByteBufAllocatorUseCacheForAllThreads(45)) - PERFORMANCE WARNING: useCacheForAllThreads is true that may cause Netty to create a lot garbage objects and, as a result, trigger GC.
	It is recommended to disable useCacheForAllThreads by setting -Dorg.apache.ratis.thirdparty.io.netty.allocator.useCacheForAllThreads=false in command line.
2019-09-16 19:11:13,528 [main] INFO  grpc.GrpcConfigKeys$Server (ConfUtils.java:logGet(43)) - raft.grpc.server.port = 0 (default)
2019-09-16 19:11:13,529 [main] INFO  server.GrpcService (ConfUtils.java:logGet(43)) - raft.grpc.message.size.max = 33570816 (custom)
2019-09-16 19:11:13,529 [main] INFO  server.RaftServerConfigKeys (ConfUtils.java:logGet(43)) - raft.server.log.appender.buffer.byte-limit = 33554432 (custom)
2019-09-16 19:11:13,529 [main] INFO  server.GrpcService (ConfUtils.java:logGet(43)) - raft.grpc.flow.control.window = 1MB (=1048576) (default)
2019-09-16 19:11:13,530 [main] INFO  server.RaftServerConfigKeys (ConfUtils.java:logGet(43)) - raft.server.rpc.request.timeout = 3000ms (default)
2019-09-16 19:11:13,530 [main] INFO  server.RaftServerConfigKeys (ConfUtils.java:logGet(43)) - raft.server.storage.dir = [/workdir/hadoop-ozone/integration-test/target/test-dir/MiniOzoneClusterImpl-3fc8568e-3664-4be6-9c60-644bdcd1012a/datanode-7/data/ratis] (custom)
2019-09-16 19:11:13,533 [main] INFO  hdfs.DFSUtil (DFSUtil.java:httpServerTemplateForNNAndJN(1641)) - Starting Web-server for hddsDatanode at: http://0.0.0.0:0
2019-09-16 19:11:13,535 [main] INFO  server.AuthenticationFilter (AuthenticationFilter.java:constructSecretProvider(240)) - Unable to initialize FileSignerSecretProvider, falling back to use random secrets.
2019-09-16 19:11:13,536 [main] WARN  http.HttpRequestLog (HttpRequestLog.java:getRequestLog(97)) - Jetty request log can only be enabled using Log4j
2019-09-16 19:11:13,538 [main] INFO  http.HttpServer2 (HttpServer2.java:addGlobalFilter(975)) - Added global filter 'safety' (class=org.apache.hadoop.http.HttpServer2$QuotingInputFilter)
2019-09-16 19:11:13,539 [main] INFO  http.HttpServer2 (HttpServer2.java:addFilter(948)) - Added filter static_user_filter (class=org.apache.hadoop.http.lib.StaticUserWebFilter$StaticUserFilter) to context hddsDatanode
2019-09-16 19:11:13,540 [main] INFO  http.HttpServer2 (HttpServer2.java:addFilter(958)) - Added filter static_user_filter (class=org.apache.hadoop.http.lib.StaticUserWebFilter$StaticUserFilter) to context static
2019-09-16 19:11:13,540 [main] INFO  http.HttpServer2 (HttpServer2.java:addFilter(958)) - Added filter static_user_filter (class=org.apache.hadoop.http.lib.StaticUserWebFilter$StaticUserFilter) to context logs
2019-09-16 19:11:13,541 [main] INFO  http.HttpServer2 (HttpServer2.java:bindListener(1191)) - Jetty bound to port 45270
2019-09-16 19:11:13,542 [main] INFO  server.Server (Server.java:doStart(351)) - jetty-9.3.24.v20180605, build timestamp: 2018-06-05T17:11:56Z, git hash: 84205aa28f11a4f31f2a3b86d1bba2cc8ab69827
2019-09-16 19:11:13,544 [main] INFO  handler.ContextHandler (ContextHandler.java:doStart(781)) - Started o.e.j.s.ServletContextHandler@7a81065e{/logs,file:///workdir/hadoop-ozone/integration-test/target/log,AVAILABLE}
2019-09-16 19:11:13,545 [main] INFO  handler.ContextHandler (ContextHandler.java:doStart(781)) - Started o.e.j.s.ServletContextHandler@75181b50{/static,jar:file:/home/user/.m2/repository/org/apache/hadoop/hadoop-hdds-container-service/0.5.0-SNAPSHOT/hadoop-hdds-container-service-0.5.0-SNAPSHOT.jar!/webapps/static,AVAILABLE}
2019-09-16 19:11:13,592 [main] INFO  handler.ContextHandler (ContextHandler.java:doStart(781)) - Started o.e.j.w.WebAppContext@2f4e40d7{/,file:///tmp/jetty-0.0.0.0-45270-hddsDatanode-_-any-8876106351636646565.dir/webapp/,AVAILABLE}{/hddsDatanode}
2019-09-16 19:11:13,592 [main] INFO  server.AbstractConnector (AbstractConnector.java:doStart(278)) - Started ServerConnector@60e9c3a5{HTTP/1.1,[http/1.1]}{0.0.0.0:45270}
2019-09-16 19:11:13,594 [main] INFO  server.Server (Server.java:doStart(419)) - Started @5975ms
2019-09-16 19:11:13,594 [main] WARN  impl.MetricsSystemImpl (MetricsSystemImpl.java:register(276)) - Sink prometheus already exists!
2019-09-16 19:11:13,595 [main] INFO  server.BaseHttpServer (BaseHttpServer.java:updateConnectorAddress(215)) - HTTP server of HDDSDATANODE is listening at http://0.0.0.0:45270
2019-09-16 19:11:13,595 [main] INFO  impl.MetricsSystemImpl (MetricsSystemImpl.java:init(158)) - HddsDatanode metrics system started (again)
2019-09-16 19:11:13,600 [org.apache.hadoop.util.JvmPauseMonitor$Monitor@43e5a4c4] INFO  util.JvmPauseMonitor (JvmPauseMonitor.java:run(188)) - Starting JVM pause monitor
2019-09-16 19:11:13,600 [main] INFO  ozone.HddsDatanodeService (HddsDatanodeService.java:start(184)) - HddsDatanodeService host:pr-hdds-2111-hlhfn-3535364396 ip:192.168.34.56
2019-09-16 19:11:13,604 [Datanode State Machine Thread - 0] INFO  datanode.InitDatanodeState (InitDatanodeState.java:persistContainerDatanodeDetails(140)) - DatanodeDetails is persisted to /workdir/hadoop-ozone/integration-test/target/test-dir/MiniOzoneClusterImpl-3fc8568e-3664-4be6-9c60-644bdcd1012a/datanode-7/meta/datanode.id
2019-09-16 19:11:13,612 [main] INFO  volume.HddsVolume (HddsVolume.java:<init>(176)) - Creating Volume: /workdir/hadoop-ozone/integration-test/target/test-dir/MiniOzoneClusterImpl-3fc8568e-3664-4be6-9c60-644bdcd1012a/datanode-8/data/containers/hdds of  storage type : DISK and capacity : 1482555576320
2019-09-16 19:11:13,613 [main] INFO  volume.VolumeSet (VolumeSet.java:initializeVolumeSet(170)) - Added Volume : /workdir/hadoop-ozone/integration-test/target/test-dir/MiniOzoneClusterImpl-3fc8568e-3664-4be6-9c60-644bdcd1012a/datanode-8/data/containers/hdds to VolumeSet
2019-09-16 19:11:13,613 [main] INFO  volume.ThrottledAsyncChecker (ThrottledAsyncChecker.java:schedule(139)) - Scheduling a check for org.apache.hadoop.ozone.container.common.volume.HddsVolume@1947596f
2019-09-16 19:11:13,614 [main] INFO  volume.HddsVolumeChecker (HddsVolumeChecker.java:checkAllVolumes(202)) - Scheduled health check for volume org.apache.hadoop.ozone.container.common.volume.HddsVolume@1947596f
2019-09-16 19:11:13,632 [main] INFO  impl.RaftServerProxy (ConfUtils.java:logGet(43)) - raft.rpc.type = GRPC (default)
2019-09-16 19:11:13,632 [main] INFO  grpc.GrpcFactory (GrpcFactory.java:checkPooledByteBufAllocatorUseCacheForAllThreads(45)) - PERFORMANCE WARNING: useCacheForAllThreads is true that may cause Netty to create a lot garbage objects and, as a result, trigger GC.
	It is recommended to disable useCacheForAllThreads by setting -Dorg.apache.ratis.thirdparty.io.netty.allocator.useCacheForAllThreads=false in command line.
2019-09-16 19:11:13,633 [main] INFO  grpc.GrpcConfigKeys$Server (ConfUtils.java:logGet(43)) - raft.grpc.server.port = 0 (default)
2019-09-16 19:11:13,633 [main] INFO  server.GrpcService (ConfUtils.java:logGet(43)) - raft.grpc.message.size.max = 33570816 (custom)
2019-09-16 19:11:13,633 [main] INFO  server.RaftServerConfigKeys (ConfUtils.java:logGet(43)) - raft.server.log.appender.buffer.byte-limit = 33554432 (custom)
2019-09-16 19:11:13,633 [main] INFO  server.GrpcService (ConfUtils.java:logGet(43)) - raft.grpc.flow.control.window = 1MB (=1048576) (default)
2019-09-16 19:11:13,634 [main] INFO  server.RaftServerConfigKeys (ConfUtils.java:logGet(43)) - raft.server.rpc.request.timeout = 3000ms (default)
2019-09-16 19:11:13,634 [main] INFO  server.RaftServerConfigKeys (ConfUtils.java:logGet(43)) - raft.server.storage.dir = [/workdir/hadoop-ozone/integration-test/target/test-dir/MiniOzoneClusterImpl-3fc8568e-3664-4be6-9c60-644bdcd1012a/datanode-8/data/ratis] (custom)
2019-09-16 19:11:13,636 [main] INFO  hdfs.DFSUtil (DFSUtil.java:httpServerTemplateForNNAndJN(1641)) - Starting Web-server for hddsDatanode at: http://0.0.0.0:0
2019-09-16 19:11:13,638 [main] INFO  server.AuthenticationFilter (AuthenticationFilter.java:constructSecretProvider(240)) - Unable to initialize FileSignerSecretProvider, falling back to use random secrets.
2019-09-16 19:11:13,639 [main] WARN  http.HttpRequestLog (HttpRequestLog.java:getRequestLog(97)) - Jetty request log can only be enabled using Log4j
2019-09-16 19:11:13,640 [main] INFO  http.HttpServer2 (HttpServer2.java:addGlobalFilter(975)) - Added global filter 'safety' (class=org.apache.hadoop.http.HttpServer2$QuotingInputFilter)
2019-09-16 19:11:13,641 [main] INFO  http.HttpServer2 (HttpServer2.java:addFilter(948)) - Added filter static_user_filter (class=org.apache.hadoop.http.lib.StaticUserWebFilter$StaticUserFilter) to context hddsDatanode
2019-09-16 19:11:13,641 [main] INFO  http.HttpServer2 (HttpServer2.java:addFilter(958)) - Added filter static_user_filter (class=org.apache.hadoop.http.lib.StaticUserWebFilter$StaticUserFilter) to context logs
2019-09-16 19:11:13,642 [main] INFO  http.HttpServer2 (HttpServer2.java:addFilter(958)) - Added filter static_user_filter (class=org.apache.hadoop.http.lib.StaticUserWebFilter$StaticUserFilter) to context static
2019-09-16 19:11:13,642 [main] INFO  http.HttpServer2 (HttpServer2.java:bindListener(1191)) - Jetty bound to port 35606
2019-09-16 19:11:13,643 [main] INFO  server.Server (Server.java:doStart(351)) - jetty-9.3.24.v20180605, build timestamp: 2018-06-05T17:11:56Z, git hash: 84205aa28f11a4f31f2a3b86d1bba2cc8ab69827
2019-09-16 19:11:13,645 [main] INFO  handler.ContextHandler (ContextHandler.java:doStart(781)) - Started o.e.j.s.ServletContextHandler@30ca0779{/logs,file:///workdir/hadoop-ozone/integration-test/target/log,AVAILABLE}
2019-09-16 19:11:13,645 [main] INFO  handler.ContextHandler (ContextHandler.java:doStart(781)) - Started o.e.j.s.ServletContextHandler@47be0f9b{/static,jar:file:/home/user/.m2/repository/org/apache/hadoop/hadoop-hdds-container-service/0.5.0-SNAPSHOT/hadoop-hdds-container-service-0.5.0-SNAPSHOT.jar!/webapps/static,AVAILABLE}
2019-09-16 19:11:13,677 [main] INFO  handler.ContextHandler (ContextHandler.java:doStart(781)) - Started o.e.j.w.WebAppContext@33063f5b{/,file:///tmp/jetty-0.0.0.0-35606-hddsDatanode-_-any-5970808339447340469.dir/webapp/,AVAILABLE}{/hddsDatanode}
2019-09-16 19:11:13,678 [main] INFO  server.AbstractConnector (AbstractConnector.java:doStart(278)) - Started ServerConnector@15405bd6{HTTP/1.1,[http/1.1]}{0.0.0.0:35606}
2019-09-16 19:11:13,680 [main] INFO  server.Server (Server.java:doStart(419)) - Started @6061ms
2019-09-16 19:11:13,680 [main] WARN  impl.MetricsSystemImpl (MetricsSystemImpl.java:register(276)) - Sink prometheus already exists!
2019-09-16 19:11:13,680 [main] INFO  server.BaseHttpServer (BaseHttpServer.java:updateConnectorAddress(215)) - HTTP server of HDDSDATANODE is listening at http://0.0.0.0:35606
2019-09-16 19:11:13,681 [main] INFO  impl.MetricsSystemImpl (MetricsSystemImpl.java:init(158)) - HddsDatanode metrics system started (again)
2019-09-16 19:11:13,686 [org.apache.hadoop.util.JvmPauseMonitor$Monitor@4cdec38e] INFO  util.JvmPauseMonitor (JvmPauseMonitor.java:run(188)) - Starting JVM pause monitor
2019-09-16 19:11:13,686 [main] INFO  ozone.HddsDatanodeService (HddsDatanodeService.java:start(184)) - HddsDatanodeService host:pr-hdds-2111-hlhfn-3535364396 ip:192.168.34.56
2019-09-16 19:11:13,689 [Datanode State Machine Thread - 0] INFO  datanode.InitDatanodeState (InitDatanodeState.java:persistContainerDatanodeDetails(140)) - DatanodeDetails is persisted to /workdir/hadoop-ozone/integration-test/target/test-dir/MiniOzoneClusterImpl-3fc8568e-3664-4be6-9c60-644bdcd1012a/datanode-8/meta/datanode.id
2019-09-16 19:11:13,696 [main] INFO  volume.HddsVolume (HddsVolume.java:<init>(176)) - Creating Volume: /workdir/hadoop-ozone/integration-test/target/test-dir/MiniOzoneClusterImpl-3fc8568e-3664-4be6-9c60-644bdcd1012a/datanode-9/data/containers/hdds of  storage type : DISK and capacity : 1482555576320
2019-09-16 19:11:13,696 [main] INFO  volume.VolumeSet (VolumeSet.java:initializeVolumeSet(170)) - Added Volume : /workdir/hadoop-ozone/integration-test/target/test-dir/MiniOzoneClusterImpl-3fc8568e-3664-4be6-9c60-644bdcd1012a/datanode-9/data/containers/hdds to VolumeSet
2019-09-16 19:11:13,696 [main] INFO  volume.ThrottledAsyncChecker (ThrottledAsyncChecker.java:schedule(139)) - Scheduling a check for org.apache.hadoop.ozone.container.common.volume.HddsVolume@765ffb14
2019-09-16 19:11:13,697 [main] INFO  volume.HddsVolumeChecker (HddsVolumeChecker.java:checkAllVolumes(202)) - Scheduled health check for volume org.apache.hadoop.ozone.container.common.volume.HddsVolume@765ffb14
2019-09-16 19:11:13,710 [main] INFO  impl.RaftServerProxy (ConfUtils.java:logGet(43)) - raft.rpc.type = GRPC (default)
2019-09-16 19:11:13,711 [main] INFO  grpc.GrpcFactory (GrpcFactory.java:checkPooledByteBufAllocatorUseCacheForAllThreads(45)) - PERFORMANCE WARNING: useCacheForAllThreads is true that may cause Netty to create a lot garbage objects and, as a result, trigger GC.
	It is recommended to disable useCacheForAllThreads by setting -Dorg.apache.ratis.thirdparty.io.netty.allocator.useCacheForAllThreads=false in command line.
2019-09-16 19:11:13,711 [main] INFO  grpc.GrpcConfigKeys$Server (ConfUtils.java:logGet(43)) - raft.grpc.server.port = 0 (default)
2019-09-16 19:11:13,711 [main] INFO  server.GrpcService (ConfUtils.java:logGet(43)) - raft.grpc.message.size.max = 33570816 (custom)
2019-09-16 19:11:13,711 [main] INFO  server.RaftServerConfigKeys (ConfUtils.java:logGet(43)) - raft.server.log.appender.buffer.byte-limit = 33554432 (custom)
2019-09-16 19:11:13,711 [main] INFO  server.GrpcService (ConfUtils.java:logGet(43)) - raft.grpc.flow.control.window = 1MB (=1048576) (default)
2019-09-16 19:11:13,712 [main] INFO  server.RaftServerConfigKeys (ConfUtils.java:logGet(43)) - raft.server.rpc.request.timeout = 3000ms (default)
2019-09-16 19:11:13,712 [main] INFO  server.RaftServerConfigKeys (ConfUtils.java:logGet(43)) - raft.server.storage.dir = [/workdir/hadoop-ozone/integration-test/target/test-dir/MiniOzoneClusterImpl-3fc8568e-3664-4be6-9c60-644bdcd1012a/datanode-9/data/ratis] (custom)
2019-09-16 19:11:13,714 [main] INFO  hdfs.DFSUtil (DFSUtil.java:httpServerTemplateForNNAndJN(1641)) - Starting Web-server for hddsDatanode at: http://0.0.0.0:0
2019-09-16 19:11:13,715 [main] INFO  server.AuthenticationFilter (AuthenticationFilter.java:constructSecretProvider(240)) - Unable to initialize FileSignerSecretProvider, falling back to use random secrets.
2019-09-16 19:11:13,716 [main] WARN  http.HttpRequestLog (HttpRequestLog.java:getRequestLog(97)) - Jetty request log can only be enabled using Log4j
2019-09-16 19:11:13,717 [main] INFO  http.HttpServer2 (HttpServer2.java:addGlobalFilter(975)) - Added global filter 'safety' (class=org.apache.hadoop.http.HttpServer2$QuotingInputFilter)
2019-09-16 19:11:13,718 [main] INFO  http.HttpServer2 (HttpServer2.java:addFilter(948)) - Added filter static_user_filter (class=org.apache.hadoop.http.lib.StaticUserWebFilter$StaticUserFilter) to context hddsDatanode
2019-09-16 19:11:13,718 [main] INFO  http.HttpServer2 (HttpServer2.java:addFilter(958)) - Added filter static_user_filter (class=org.apache.hadoop.http.lib.StaticUserWebFilter$StaticUserFilter) to context logs
2019-09-16 19:11:13,718 [main] INFO  http.HttpServer2 (HttpServer2.java:addFilter(958)) - Added filter static_user_filter (class=org.apache.hadoop.http.lib.StaticUserWebFilter$StaticUserFilter) to context static
2019-09-16 19:11:13,719 [main] INFO  http.HttpServer2 (HttpServer2.java:bindListener(1191)) - Jetty bound to port 43687
2019-09-16 19:11:13,719 [main] INFO  server.Server (Server.java:doStart(351)) - jetty-9.3.24.v20180605, build timestamp: 2018-06-05T17:11:56Z, git hash: 84205aa28f11a4f31f2a3b86d1bba2cc8ab69827
2019-09-16 19:11:13,721 [main] INFO  handler.ContextHandler (ContextHandler.java:doStart(781)) - Started o.e.j.s.ServletContextHandler@5578be42{/logs,file:///workdir/hadoop-ozone/integration-test/target/log,AVAILABLE}
2019-09-16 19:11:13,721 [main] INFO  handler.ContextHandler (ContextHandler.java:doStart(781)) - Started o.e.j.s.ServletContextHandler@136965e3{/static,jar:file:/home/user/.m2/repository/org/apache/hadoop/hadoop-hdds-container-service/0.5.0-SNAPSHOT/hadoop-hdds-container-service-0.5.0-SNAPSHOT.jar!/webapps/static,AVAILABLE}
2019-09-16 19:11:13,748 [main] INFO  handler.ContextHandler (ContextHandler.java:doStart(781)) - Started o.e.j.w.WebAppContext@26bbe604{/,file:///tmp/jetty-0.0.0.0-43687-hddsDatanode-_-any-5663966942272543252.dir/webapp/,AVAILABLE}{/hddsDatanode}
2019-09-16 19:11:13,749 [main] INFO  server.AbstractConnector (AbstractConnector.java:doStart(278)) - Started ServerConnector@fe34b86{HTTP/1.1,[http/1.1]}{0.0.0.0:43687}
2019-09-16 19:11:13,750 [main] INFO  server.Server (Server.java:doStart(419)) - Started @6131ms
2019-09-16 19:11:13,750 [main] WARN  impl.MetricsSystemImpl (MetricsSystemImpl.java:register(276)) - Sink prometheus already exists!
2019-09-16 19:11:13,751 [main] INFO  server.BaseHttpServer (BaseHttpServer.java:updateConnectorAddress(215)) - HTTP server of HDDSDATANODE is listening at http://0.0.0.0:43687
2019-09-16 19:11:13,757 [main] INFO  ozone.MiniOzoneClusterImpl (MiniOzoneClusterImpl.java:lambda$waitForClusterToBeReady$0(140)) - Waiting for cluster to be ready. Got 0 of 10 DN Heartbeats.
2019-09-16 19:11:13,757 [org.apache.hadoop.util.JvmPauseMonitor$Monitor@54ed0b1e] INFO  util.JvmPauseMonitor (JvmPauseMonitor.java:run(188)) - Starting JVM pause monitor
2019-09-16 19:11:13,761 [Datanode State Machine Thread - 0] INFO  datanode.InitDatanodeState (InitDatanodeState.java:persistContainerDatanodeDetails(140)) - DatanodeDetails is persisted to /workdir/hadoop-ozone/integration-test/target/test-dir/MiniOzoneClusterImpl-3fc8568e-3664-4be6-9c60-644bdcd1012a/datanode-9/meta/datanode.id
2019-09-16 19:11:14,757 [main] INFO  ozone.MiniOzoneClusterImpl (MiniOzoneClusterImpl.java:lambda$waitForClusterToBeReady$0(140)) - Waiting for cluster to be ready. Got 0 of 10 DN Heartbeats.
2019-09-16 19:11:15,047 [Datanode State Machine Thread - 0] INFO  ozoneimpl.OzoneContainer (OzoneContainer.java:start(217)) - Attempting to start container services.
2019-09-16 19:11:15,049 [Datanode State Machine Thread - 0] INFO  ozoneimpl.OzoneContainer (OzoneContainer.java:startContainerScrub(179)) - Background container scanner has been disabled.
2019-09-16 19:11:15,050 [Datanode State Machine Thread - 0] INFO  ratis.XceiverServerRatis (XceiverServerRatis.java:start(404)) - Starting XceiverServerRatis e0619aa3-4ba4-49c8-ac60-3d80bbb74aab at port 0
2019-09-16 19:11:15,086 [Datanode State Machine Thread - 0] INFO  impl.RaftServerProxy (RaftServerProxy.java:lambda$start$3(299)) - e0619aa3-4ba4-49c8-ac60-3d80bbb74aab: start RPC server
2019-09-16 19:11:15,108 [Datanode State Machine Thread - 0] INFO  ozoneimpl.OzoneContainer (OzoneContainer.java:start(217)) - Attempting to start container services.
2019-09-16 19:11:15,117 [Datanode State Machine Thread - 0] INFO  ozoneimpl.OzoneContainer (OzoneContainer.java:startContainerScrub(179)) - Background container scanner has been disabled.
2019-09-16 19:11:15,118 [Datanode State Machine Thread - 0] INFO  ratis.XceiverServerRatis (XceiverServerRatis.java:start(404)) - Starting XceiverServerRatis 52078b41-1f38-4037-a826-db5ef9cf1b82 at port 0
2019-09-16 19:11:15,127 [Datanode State Machine Thread - 0] INFO  impl.RaftServerProxy (RaftServerProxy.java:lambda$start$3(299)) - 52078b41-1f38-4037-a826-db5ef9cf1b82: start RPC server
2019-09-16 19:11:15,192 [Datanode State Machine Thread - 0] INFO  ozoneimpl.OzoneContainer (OzoneContainer.java:start(217)) - Attempting to start container services.
2019-09-16 19:11:15,192 [Datanode State Machine Thread - 0] INFO  ozoneimpl.OzoneContainer (OzoneContainer.java:startContainerScrub(179)) - Background container scanner has been disabled.
2019-09-16 19:11:15,193 [Datanode State Machine Thread - 0] INFO  ratis.XceiverServerRatis (XceiverServerRatis.java:start(404)) - Starting XceiverServerRatis 30fc0d14-cbc7-4743-b48a-59ef39c48768 at port 0
2019-09-16 19:11:15,202 [Datanode State Machine Thread - 0] INFO  impl.RaftServerProxy (RaftServerProxy.java:lambda$start$3(299)) - 30fc0d14-cbc7-4743-b48a-59ef39c48768: start RPC server
2019-09-16 19:11:15,275 [Datanode State Machine Thread - 0] INFO  server.GrpcService (GrpcService.java:startImpl(158)) - 30fc0d14-cbc7-4743-b48a-59ef39c48768: GrpcService started, listening on 0.0.0.0/0.0.0.0:45570
2019-09-16 19:11:15,275 [Datanode State Machine Thread - 0] INFO  server.GrpcService (GrpcService.java:startImpl(158)) - e0619aa3-4ba4-49c8-ac60-3d80bbb74aab: GrpcService started, listening on 0.0.0.0/0.0.0.0:40045
2019-09-16 19:11:15,275 [Datanode State Machine Thread - 0] INFO  server.GrpcService (GrpcService.java:startImpl(158)) - 52078b41-1f38-4037-a826-db5ef9cf1b82: GrpcService started, listening on 0.0.0.0/0.0.0.0:44314
2019-09-16 19:11:15,276 [Datanode State Machine Thread - 0] INFO  ratis.XceiverServerRatis (XceiverServerRatis.java:start(414)) - XceiverServerRatis e0619aa3-4ba4-49c8-ac60-3d80bbb74aab is started using port 40045
2019-09-16 19:11:15,276 [Datanode State Machine Thread - 0] INFO  ratis.XceiverServerRatis (XceiverServerRatis.java:start(414)) - XceiverServerRatis 30fc0d14-cbc7-4743-b48a-59ef39c48768 is started using port 45570
2019-09-16 19:11:15,276 [Datanode State Machine Thread - 0] INFO  ratis.XceiverServerRatis (XceiverServerRatis.java:start(414)) - XceiverServerRatis 52078b41-1f38-4037-a826-db5ef9cf1b82 is started using port 44314
2019-09-16 19:11:15,281 [Datanode State Machine Thread - 0] INFO  ozoneimpl.OzoneContainer (OzoneContainer.java:start(217)) - Attempting to start container services.
2019-09-16 19:11:15,284 [Datanode State Machine Thread - 0] INFO  ozoneimpl.OzoneContainer (OzoneContainer.java:startContainerScrub(179)) - Background container scanner has been disabled.
2019-09-16 19:11:15,284 [Datanode State Machine Thread - 0] INFO  ratis.XceiverServerRatis (XceiverServerRatis.java:start(404)) - Starting XceiverServerRatis 6abcef3f-3f35-471a-9739-1d418d62cada at port 0
2019-09-16 19:11:15,284 [Datanode State Machine Thread - 0] INFO  server.XceiverServerGrpc (XceiverServerGrpc.java:start(163)) - XceiverServerGrpc e0619aa3-4ba4-49c8-ac60-3d80bbb74aab is started using port 42677
2019-09-16 19:11:15,284 [Datanode State Machine Thread - 0] INFO  server.XceiverServerGrpc (XceiverServerGrpc.java:start(163)) - XceiverServerGrpc 52078b41-1f38-4037-a826-db5ef9cf1b82 is started using port 37001
2019-09-16 19:11:15,285 [Datanode State Machine Thread - 0] INFO  server.XceiverServerGrpc (XceiverServerGrpc.java:start(163)) - XceiverServerGrpc 30fc0d14-cbc7-4743-b48a-59ef39c48768 is started using port 33987
2019-09-16 19:11:15,300 [Datanode State Machine Thread - 0] INFO  impl.RaftServerProxy (RaftServerProxy.java:lambda$start$3(299)) - 6abcef3f-3f35-471a-9739-1d418d62cada: start RPC server
2019-09-16 19:11:15,307 [Datanode State Machine Thread - 0] INFO  server.GrpcService (GrpcService.java:startImpl(158)) - 6abcef3f-3f35-471a-9739-1d418d62cada: GrpcService started, listening on 0.0.0.0/0.0.0.0:34284
2019-09-16 19:11:15,307 [Datanode State Machine Thread - 0] INFO  ratis.XceiverServerRatis (XceiverServerRatis.java:start(414)) - XceiverServerRatis 6abcef3f-3f35-471a-9739-1d418d62cada is started using port 34284
2019-09-16 19:11:15,310 [Datanode State Machine Thread - 0] INFO  server.XceiverServerGrpc (XceiverServerGrpc.java:start(163)) - XceiverServerGrpc 6abcef3f-3f35-471a-9739-1d418d62cada is started using port 32863
2019-09-16 19:11:15,347 [Datanode State Machine Thread - 0] INFO  ozoneimpl.OzoneContainer (OzoneContainer.java:start(217)) - Attempting to start container services.
2019-09-16 19:11:15,347 [Datanode State Machine Thread - 0] INFO  ozoneimpl.OzoneContainer (OzoneContainer.java:startContainerScrub(179)) - Background container scanner has been disabled.
2019-09-16 19:11:15,347 [Datanode State Machine Thread - 0] INFO  ratis.XceiverServerRatis (XceiverServerRatis.java:start(404)) - Starting XceiverServerRatis 938e50ce-7856-436b-8929-0e37f4d51388 at port 0
2019-09-16 19:11:15,355 [Datanode State Machine Thread - 0] INFO  impl.RaftServerProxy (RaftServerProxy.java:lambda$start$3(299)) - 938e50ce-7856-436b-8929-0e37f4d51388: start RPC server
2019-09-16 19:11:15,358 [Datanode State Machine Thread - 0] INFO  server.GrpcService (GrpcService.java:startImpl(158)) - 938e50ce-7856-436b-8929-0e37f4d51388: GrpcService started, listening on 0.0.0.0/0.0.0.0:36082
2019-09-16 19:11:15,358 [Datanode State Machine Thread - 0] INFO  ratis.XceiverServerRatis (XceiverServerRatis.java:start(414)) - XceiverServerRatis 938e50ce-7856-436b-8929-0e37f4d51388 is started using port 36082
2019-09-16 19:11:15,361 [Datanode State Machine Thread - 0] INFO  server.XceiverServerGrpc (XceiverServerGrpc.java:start(163)) - XceiverServerGrpc 938e50ce-7856-436b-8929-0e37f4d51388 is started using port 43872
2019-09-16 19:11:15,428 [Datanode State Machine Thread - 0] INFO  ozoneimpl.OzoneContainer (OzoneContainer.java:start(217)) - Attempting to start container services.
2019-09-16 19:11:15,429 [Datanode State Machine Thread - 0] INFO  ozoneimpl.OzoneContainer (OzoneContainer.java:startContainerScrub(179)) - Background container scanner has been disabled.
2019-09-16 19:11:15,429 [Datanode State Machine Thread - 0] INFO  ratis.XceiverServerRatis (XceiverServerRatis.java:start(404)) - Starting XceiverServerRatis 4bce4e32-952c-4220-bcc9-22a10ce18ca8 at port 0
2019-09-16 19:11:15,438 [Datanode State Machine Thread - 0] INFO  impl.RaftServerProxy (RaftServerProxy.java:lambda$start$3(299)) - 4bce4e32-952c-4220-bcc9-22a10ce18ca8: start RPC server
2019-09-16 19:11:15,442 [Datanode State Machine Thread - 0] INFO  server.GrpcService (GrpcService.java:startImpl(158)) - 4bce4e32-952c-4220-bcc9-22a10ce18ca8: GrpcService started, listening on 0.0.0.0/0.0.0.0:34355
2019-09-16 19:11:15,443 [Datanode State Machine Thread - 0] INFO  ratis.XceiverServerRatis (XceiverServerRatis.java:start(414)) - XceiverServerRatis 4bce4e32-952c-4220-bcc9-22a10ce18ca8 is started using port 34355
2019-09-16 19:11:15,447 [Datanode State Machine Thread - 0] INFO  server.XceiverServerGrpc (XceiverServerGrpc.java:start(163)) - XceiverServerGrpc 4bce4e32-952c-4220-bcc9-22a10ce18ca8 is started using port 35519
2019-09-16 19:11:15,508 [Datanode State Machine Thread - 0] INFO  ozoneimpl.OzoneContainer (OzoneContainer.java:start(217)) - Attempting to start container services.
2019-09-16 19:11:15,508 [Datanode State Machine Thread - 0] INFO  ozoneimpl.OzoneContainer (OzoneContainer.java:startContainerScrub(179)) - Background container scanner has been disabled.
2019-09-16 19:11:15,508 [Datanode State Machine Thread - 0] INFO  ratis.XceiverServerRatis (XceiverServerRatis.java:start(404)) - Starting XceiverServerRatis 8deec2e2-b279-48f9-9858-2a3830dd2acf at port 0
2019-09-16 19:11:15,518 [Datanode State Machine Thread - 0] INFO  impl.RaftServerProxy (RaftServerProxy.java:lambda$start$3(299)) - 8deec2e2-b279-48f9-9858-2a3830dd2acf: start RPC server
2019-09-16 19:11:15,522 [Datanode State Machine Thread - 0] INFO  server.GrpcService (GrpcService.java:startImpl(158)) - 8deec2e2-b279-48f9-9858-2a3830dd2acf: GrpcService started, listening on 0.0.0.0/0.0.0.0:42679
2019-09-16 19:11:15,523 [Datanode State Machine Thread - 0] INFO  ratis.XceiverServerRatis (XceiverServerRatis.java:start(414)) - XceiverServerRatis 8deec2e2-b279-48f9-9858-2a3830dd2acf is started using port 42679
2019-09-16 19:11:15,528 [Datanode State Machine Thread - 0] INFO  server.XceiverServerGrpc (XceiverServerGrpc.java:start(163)) - XceiverServerGrpc 8deec2e2-b279-48f9-9858-2a3830dd2acf is started using port 45600
2019-09-16 19:11:15,615 [Datanode State Machine Thread - 0] INFO  ozoneimpl.OzoneContainer (OzoneContainer.java:start(217)) - Attempting to start container services.
2019-09-16 19:11:15,616 [Datanode State Machine Thread - 0] INFO  ozoneimpl.OzoneContainer (OzoneContainer.java:startContainerScrub(179)) - Background container scanner has been disabled.
2019-09-16 19:11:15,616 [Datanode State Machine Thread - 0] INFO  ratis.XceiverServerRatis (XceiverServerRatis.java:start(404)) - Starting XceiverServerRatis 4eec4314-a089-48fe-8241-8a8066126e3f at port 0
2019-09-16 19:11:15,627 [Datanode State Machine Thread - 0] INFO  impl.RaftServerProxy (RaftServerProxy.java:lambda$start$3(299)) - 4eec4314-a089-48fe-8241-8a8066126e3f: start RPC server
2019-09-16 19:11:15,632 [Datanode State Machine Thread - 0] INFO  server.GrpcService (GrpcService.java:startImpl(158)) - 4eec4314-a089-48fe-8241-8a8066126e3f: GrpcService started, listening on 0.0.0.0/0.0.0.0:36988
2019-09-16 19:11:15,632 [Datanode State Machine Thread - 0] INFO  ratis.XceiverServerRatis (XceiverServerRatis.java:start(414)) - XceiverServerRatis 4eec4314-a089-48fe-8241-8a8066126e3f is started using port 36988
2019-09-16 19:11:15,637 [Datanode State Machine Thread - 0] INFO  server.XceiverServerGrpc (XceiverServerGrpc.java:start(163)) - XceiverServerGrpc 4eec4314-a089-48fe-8241-8a8066126e3f is started using port 42206
2019-09-16 19:11:15,703 [Datanode State Machine Thread - 0] INFO  ozoneimpl.OzoneContainer (OzoneContainer.java:start(217)) - Attempting to start container services.
2019-09-16 19:11:15,704 [Datanode State Machine Thread - 0] INFO  ozoneimpl.OzoneContainer (OzoneContainer.java:startContainerScrub(179)) - Background container scanner has been disabled.
2019-09-16 19:11:15,704 [Datanode State Machine Thread - 0] INFO  ratis.XceiverServerRatis (XceiverServerRatis.java:start(404)) - Starting XceiverServerRatis 930b1328-fc80-47b7-a4b1-f8330041d315 at port 0
2019-09-16 19:11:15,713 [Datanode State Machine Thread - 0] INFO  impl.RaftServerProxy (RaftServerProxy.java:lambda$start$3(299)) - 930b1328-fc80-47b7-a4b1-f8330041d315: start RPC server
2019-09-16 19:11:15,719 [Datanode State Machine Thread - 0] INFO  server.GrpcService (GrpcService.java:startImpl(158)) - 930b1328-fc80-47b7-a4b1-f8330041d315: GrpcService started, listening on 0.0.0.0/0.0.0.0:46332
2019-09-16 19:11:15,720 [Datanode State Machine Thread - 0] INFO  ratis.XceiverServerRatis (XceiverServerRatis.java:start(414)) - XceiverServerRatis 930b1328-fc80-47b7-a4b1-f8330041d315 is started using port 46332
2019-09-16 19:11:15,725 [Datanode State Machine Thread - 0] INFO  server.XceiverServerGrpc (XceiverServerGrpc.java:start(163)) - XceiverServerGrpc 930b1328-fc80-47b7-a4b1-f8330041d315 is started using port 32948
2019-09-16 19:11:15,760 [main] INFO  ozone.MiniOzoneClusterImpl (MiniOzoneClusterImpl.java:lambda$waitForClusterToBeReady$0(140)) - Waiting for cluster to be ready. Got 0 of 10 DN Heartbeats.
2019-09-16 19:11:15,774 [Datanode State Machine Thread - 0] INFO  ozoneimpl.OzoneContainer (OzoneContainer.java:start(217)) - Attempting to start container services.
2019-09-16 19:11:15,774 [Datanode State Machine Thread - 0] INFO  ozoneimpl.OzoneContainer (OzoneContainer.java:startContainerScrub(179)) - Background container scanner has been disabled.
2019-09-16 19:11:15,774 [Datanode State Machine Thread - 0] INFO  ratis.XceiverServerRatis (XceiverServerRatis.java:start(404)) - Starting XceiverServerRatis 4773b317-5b37-4901-9e93-e460a24d1141 at port 0
2019-09-16 19:11:15,787 [Datanode State Machine Thread - 0] INFO  impl.RaftServerProxy (RaftServerProxy.java:lambda$start$3(299)) - 4773b317-5b37-4901-9e93-e460a24d1141: start RPC server
2019-09-16 19:11:15,804 [Datanode State Machine Thread - 0] INFO  server.GrpcService (GrpcService.java:startImpl(158)) - 4773b317-5b37-4901-9e93-e460a24d1141: GrpcService started, listening on 0.0.0.0/0.0.0.0:46271
2019-09-16 19:11:15,805 [Datanode State Machine Thread - 0] INFO  ratis.XceiverServerRatis (XceiverServerRatis.java:start(414)) - XceiverServerRatis 4773b317-5b37-4901-9e93-e460a24d1141 is started using port 46271
2019-09-16 19:11:15,829 [Datanode State Machine Thread - 0] INFO  server.XceiverServerGrpc (XceiverServerGrpc.java:start(163)) - XceiverServerGrpc 4773b317-5b37-4901-9e93-e460a24d1141 is started using port 46046
2019-09-16 19:11:16,760 [main] INFO  ozone.MiniOzoneClusterImpl (MiniOzoneClusterImpl.java:lambda$waitForClusterToBeReady$0(140)) - Waiting for cluster to be ready. Got 0 of 10 DN Heartbeats.
2019-09-16 19:11:17,042 [IPC Server handler 4 on 44324] INFO  net.NetworkTopology (NetworkTopologyImpl.java:add(110)) - Added a new node: /default-rack/e0619aa3-4ba4-49c8-ac60-3d80bbb74aab
2019-09-16 19:11:17,042 [IPC Server handler 4 on 44324] INFO  node.SCMNodeManager (SCMNodeManager.java:register(266)) - Registered Data node : e0619aa3-4ba4-49c8-ac60-3d80bbb74aab{ip: 192.168.34.56, host: pr-hdds-2111-hlhfn-3535364396, networkLocation: /default-rack, certSerialId: null}
2019-09-16 19:11:17,049 [EventQueue-NodeRegistrationContainerReportForDataNodeSafeModeRule] INFO  safemode.SCMSafeModeManager (DataNodeSafeModeRule.java:process(71)) - SCM in safe mode. 1 DataNodes registered, 1 required.
2019-09-16 19:11:17,049 [EventQueue-NodeRegistrationContainerReportForDataNodeSafeModeRule] INFO  safemode.SCMSafeModeManager (SCMSafeModeManager.java:validateSafeModeExitRules(177)) - ScmSafeModeManager, all rules are successfully validated
2019-09-16 19:11:17,050 [EventQueue-NodeRegistrationContainerReportForDataNodeSafeModeRule] INFO  safemode.SCMSafeModeManager (SCMSafeModeManager.java:exitSafeMode(193)) - SCM exiting safe mode.
2019-09-16 19:11:17,097 [IPC Server handler 5 on 44324] INFO  net.NetworkTopology (NetworkTopologyImpl.java:add(110)) - Added a new node: /default-rack/52078b41-1f38-4037-a826-db5ef9cf1b82
2019-09-16 19:11:17,100 [IPC Server handler 5 on 44324] INFO  node.SCMNodeManager (SCMNodeManager.java:register(266)) - Registered Data node : 52078b41-1f38-4037-a826-db5ef9cf1b82{ip: 192.168.34.56, host: pr-hdds-2111-hlhfn-3535364396, networkLocation: /default-rack, certSerialId: null}
2019-09-16 19:11:17,178 [IPC Server handler 7 on 44324] INFO  net.NetworkTopology (NetworkTopologyImpl.java:add(110)) - Added a new node: /default-rack/30fc0d14-cbc7-4743-b48a-59ef39c48768
2019-09-16 19:11:17,179 [IPC Server handler 7 on 44324] INFO  node.SCMNodeManager (SCMNodeManager.java:register(266)) - Registered Data node : 30fc0d14-cbc7-4743-b48a-59ef39c48768{ip: 192.168.34.56, host: pr-hdds-2111-hlhfn-3535364396, networkLocation: /default-rack, certSerialId: null}
2019-09-16 19:11:17,269 [IPC Server handler 8 on 44324] INFO  net.NetworkTopology (NetworkTopologyImpl.java:add(110)) - Added a new node: /default-rack/6abcef3f-3f35-471a-9739-1d418d62cada
2019-09-16 19:11:17,270 [IPC Server handler 8 on 44324] INFO  node.SCMNodeManager (SCMNodeManager.java:register(266)) - Registered Data node : 6abcef3f-3f35-471a-9739-1d418d62cada{ip: 192.168.34.56, host: pr-hdds-2111-hlhfn-3535364396, networkLocation: /default-rack, certSerialId: null}
2019-09-16 19:11:17,335 [IPC Server handler 6 on 44324] INFO  net.NetworkTopology (NetworkTopologyImpl.java:add(110)) - Added a new node: /default-rack/938e50ce-7856-436b-8929-0e37f4d51388
2019-09-16 19:11:17,336 [IPC Server handler 6 on 44324] INFO  node.SCMNodeManager (SCMNodeManager.java:register(266)) - Registered Data node : 938e50ce-7856-436b-8929-0e37f4d51388{ip: 192.168.34.56, host: pr-hdds-2111-hlhfn-3535364396, networkLocation: /default-rack, certSerialId: null}
2019-09-16 19:11:17,418 [IPC Server handler 9 on 44324] INFO  net.NetworkTopology (NetworkTopologyImpl.java:add(110)) - Added a new node: /default-rack/4bce4e32-952c-4220-bcc9-22a10ce18ca8
2019-09-16 19:11:17,418 [IPC Server handler 9 on 44324] INFO  node.SCMNodeManager (SCMNodeManager.java:register(266)) - Registered Data node : 4bce4e32-952c-4220-bcc9-22a10ce18ca8{ip: 192.168.34.56, host: pr-hdds-2111-hlhfn-3535364396, networkLocation: /default-rack, certSerialId: null}
2019-09-16 19:11:17,496 [IPC Server handler 1 on 44324] INFO  net.NetworkTopology (NetworkTopologyImpl.java:add(110)) - Added a new node: /default-rack/8deec2e2-b279-48f9-9858-2a3830dd2acf
2019-09-16 19:11:17,496 [IPC Server handler 1 on 44324] INFO  node.SCMNodeManager (SCMNodeManager.java:register(266)) - Registered Data node : 8deec2e2-b279-48f9-9858-2a3830dd2acf{ip: 192.168.34.56, host: pr-hdds-2111-hlhfn-3535364396, networkLocation: /default-rack, certSerialId: null}
2019-09-16 19:11:17,610 [IPC Server handler 2 on 44324] INFO  net.NetworkTopology (NetworkTopologyImpl.java:add(110)) - Added a new node: /default-rack/4eec4314-a089-48fe-8241-8a8066126e3f
2019-09-16 19:11:17,610 [IPC Server handler 2 on 44324] INFO  node.SCMNodeManager (SCMNodeManager.java:register(266)) - Registered Data node : 4eec4314-a089-48fe-8241-8a8066126e3f{ip: 192.168.34.56, host: pr-hdds-2111-hlhfn-3535364396, networkLocation: /default-rack, certSerialId: null}
2019-09-16 19:11:17,667 [grpc-default-executor-0] INFO  impl.RaftServerProxy (RaftServerProxy.java:addNew(89)) - e0619aa3-4ba4-49c8-ac60-3d80bbb74aab: addNew group-58FBDF36B74E:[e0619aa3-4ba4-49c8-ac60-3d80bbb74aab:192.168.34.56:40045] returns group-58FBDF36B74E:java.util.concurrent.CompletableFuture@1174cbbf[Not completed]
2019-09-16 19:11:17,689 [IPC Server handler 3 on 44324] INFO  net.NetworkTopology (NetworkTopologyImpl.java:add(110)) - Added a new node: /default-rack/930b1328-fc80-47b7-a4b1-f8330041d315
2019-09-16 19:11:17,689 [pool-27-thread-1] INFO  impl.RaftServerImpl (RaftServerImpl.java:<init>(95)) - e0619aa3-4ba4-49c8-ac60-3d80bbb74aab: new RaftServerImpl for group-58FBDF36B74E:[e0619aa3-4ba4-49c8-ac60-3d80bbb74aab:192.168.34.56:40045] with ContainerStateMachine:uninitialized
2019-09-16 19:11:17,689 [IPC Server handler 3 on 44324] INFO  node.SCMNodeManager (SCMNodeManager.java:register(266)) - Registered Data node : 930b1328-fc80-47b7-a4b1-f8330041d315{ip: 192.168.34.56, host: pr-hdds-2111-hlhfn-3535364396, networkLocation: /default-rack, certSerialId: null}
2019-09-16 19:11:17,691 [pool-27-thread-1] INFO  server.RaftServerConfigKeys (ConfUtils.java:logGet(43)) - raft.server.rpc.timeout.min = 1s (custom)
2019-09-16 19:11:17,693 [pool-27-thread-1] INFO  server.RaftServerConfigKeys (ConfUtils.java:logGet(43)) - raft.server.rpc.timeout.max = 1200ms (custom)
2019-09-16 19:11:17,693 [pool-27-thread-1] INFO  server.RaftServerConfigKeys (ConfUtils.java:logGet(43)) - raft.server.rpcslowness.timeout = 120s (custom)
2019-09-16 19:11:17,694 [pool-27-thread-1] INFO  server.RaftServerConfigKeys (ConfUtils.java:logGet(43)) - raft.server.sleep.deviation.threshold = 300 (default)
2019-09-16 19:11:17,695 [pool-27-thread-1] INFO  server.RaftServerConfigKeys (ConfUtils.java:logGet(43)) - raft.server.log.appender.install.snapshot.enabled = false (custom)
2019-09-16 19:11:17,704 [pool-27-thread-1] INFO  impl.RaftServerImpl (ServerState.java:<init>(103)) - e0619aa3-4ba4-49c8-ac60-3d80bbb74aab@group-58FBDF36B74E: ConfigurationManager, init=-1: [e0619aa3-4ba4-49c8-ac60-3d80bbb74aab:192.168.34.56:40045], old=null, confs=<EMPTY_MAP>
2019-09-16 19:11:17,704 [pool-27-thread-1] INFO  server.RaftServerConfigKeys (ConfUtils.java:logGet(43)) - raft.server.storage.dir = [/workdir/hadoop-ozone/integration-test/target/test-dir/MiniOzoneClusterImpl-3fc8568e-3664-4be6-9c60-644bdcd1012a/datanode-0/data/ratis] (custom)
2019-09-16 19:11:17,712 [pool-27-thread-1] INFO  storage.RaftStorageDirectory (RaftStorageDirectory.java:analyzeStorage(246)) - The storage directory /workdir/hadoop-ozone/integration-test/target/test-dir/MiniOzoneClusterImpl-3fc8568e-3664-4be6-9c60-644bdcd1012a/datanode-0/data/ratis/0cbca9a9-2946-4520-8ada-58fbdf36b74e does not exist. Creating ...
2019-09-16 19:11:17,771 [main] INFO  ozone.MiniOzoneClusterImpl (MiniOzoneClusterImpl.java:lambda$waitForClusterToBeReady$0(140)) - Waiting for cluster to be ready. Got 9 of 10 DN Heartbeats.
2019-09-16 19:11:17,780 [pool-27-thread-1] INFO  storage.RaftStorageDirectory (RaftStorageDirectory.java:tryLock(328)) - Lock on /workdir/hadoop-ozone/integration-test/target/test-dir/MiniOzoneClusterImpl-3fc8568e-3664-4be6-9c60-644bdcd1012a/datanode-0/data/ratis/0cbca9a9-2946-4520-8ada-58fbdf36b74e/in_use.lock acquired by nodename 4836@pr-hdds-2111-hlhfn-3535364396
2019-09-16 19:11:17,781 [IPC Server handler 4 on 44324] INFO  net.NetworkTopology (NetworkTopologyImpl.java:add(110)) - Added a new node: /default-rack/4773b317-5b37-4901-9e93-e460a24d1141
2019-09-16 19:11:17,781 [IPC Server handler 4 on 44324] INFO  node.SCMNodeManager (SCMNodeManager.java:register(266)) - Registered Data node : 4773b317-5b37-4901-9e93-e460a24d1141{ip: 192.168.34.56, host: pr-hdds-2111-hlhfn-3535364396, networkLocation: /default-rack, certSerialId: null}
2019-09-16 19:11:17,797 [pool-27-thread-1] INFO  storage.RaftStorage (RaftStorage.java:format(72)) - Storage directory /workdir/hadoop-ozone/integration-test/target/test-dir/MiniOzoneClusterImpl-3fc8568e-3664-4be6-9c60-644bdcd1012a/datanode-0/data/ratis/0cbca9a9-2946-4520-8ada-58fbdf36b74e has been successfully formatted.
2019-09-16 19:11:17,800 [pool-27-thread-1] INFO  ratis.ContainerStateMachine (ContainerStateMachine.java:loadSnapshot(230)) - group-58FBDF36B74E: The snapshot info is null. Setting the last applied indexto:(t:0, i:~)
2019-09-16 19:11:17,801 [pool-27-thread-1] INFO  server.RaftServerConfigKeys (ConfUtils.java:logGet(43)) - raft.server.notification.no-leader.timeout = 120s (custom)
2019-09-16 19:11:17,803 [pool-27-thread-1] INFO  server.RaftServerConfigKeys (ConfUtils.java:logGet(43)) - raft.server.log.use.memory = false (default)
2019-09-16 19:11:17,810 [pool-27-thread-1] INFO  server.RaftServerConfigKeys (ConfUtils.java:logGet(43)) - raft.server.log.purge.gap = 1000000 (custom)
2019-09-16 19:11:17,810 [pool-27-thread-1] INFO  server.RaftServerConfigKeys (ConfUtils.java:logGet(43)) - raft.server.log.appender.buffer.byte-limit = 33554432 (custom)
2019-09-16 19:11:17,813 [pool-27-thread-1] INFO  server.RaftServerConfigKeys (ConfUtils.java:logGet(43)) - raft.server.log.segment.size.max = 1048576 (custom)
2019-09-16 19:11:17,818 [pool-27-thread-1] INFO  server.RaftServerConfigKeys (ConfUtils.java:logGet(43)) - raft.server.log.segment.cache.num.max = 2 (custom)
2019-09-16 19:11:17,825 [pool-27-thread-1] INFO  segmented.SegmentedRaftLogWorker (SegmentedRaftLogWorker.java:<init>(172)) - new e0619aa3-4ba4-49c8-ac60-3d80bbb74aab@group-58FBDF36B74E-SegmentedRaftLogWorker for RaftStorage:Storage Directory /workdir/hadoop-ozone/integration-test/target/test-dir/MiniOzoneClusterImpl-3fc8568e-3664-4be6-9c60-644bdcd1012a/datanode-0/data/ratis/0cbca9a9-2946-4520-8ada-58fbdf36b74e
2019-09-16 19:11:17,827 [pool-27-thread-1] INFO  impl.MetricsSystemImpl (MetricsSystemImpl.java:init(158)) - ratis metrics system started (again)
2019-09-16 19:11:17,861 [pool-27-thread-1] INFO  server.RaftServerConfigKeys (ConfUtils.java:logGet(43)) - raft.server.log.queue.byte-limit = 2147483647 (custom)
2019-09-16 19:11:17,861 [pool-27-thread-1] INFO  server.RaftServerConfigKeys (ConfUtils.java:logGet(43)) - raft.server.log.queue.element-limit = 1024 (custom)
2019-09-16 19:11:17,864 [pool-27-thread-1] INFO  server.RaftServerConfigKeys (ConfUtils.java:logGet(43)) - raft.server.log.segment.size.max = 1048576 (custom)
2019-09-16 19:11:17,864 [pool-27-thread-1] INFO  server.RaftServerConfigKeys (ConfUtils.java:logGet(43)) - raft.server.log.preallocated.size = 16384 (custom)
2019-09-16 19:11:17,865 [pool-27-thread-1] INFO  server.RaftServerConfigKeys (ConfUtils.java:logGet(43)) - raft.server.log.write.buffer.size = 33554432 (custom)
2019-09-16 19:11:17,865 [pool-27-thread-1] INFO  server.RaftServerConfigKeys (ConfUtils.java:logGet(43)) - raft.server.log.force.sync.num = 128 (default)
2019-09-16 19:11:17,866 [pool-27-thread-1] INFO  server.RaftServerConfigKeys (ConfUtils.java:logGet(43)) - raft.server.log.statemachine.data.sync = true (default)
2019-09-16 19:11:17,866 [pool-27-thread-1] INFO  server.RaftServerConfigKeys (ConfUtils.java:logGet(43)) - raft.server.log.statemachine.data.sync.timeout = 10s (default)
2019-09-16 19:11:17,867 [pool-27-thread-1] INFO  server.RaftServerConfigKeys (ConfUtils.java:logGet(43)) - raft.server.log.statemachine.data.sync.timeout.retry = -1 (default)
2019-09-16 19:11:17,874 [pool-27-thread-1] INFO  server.RaftServerConfigKeys (ConfUtils.java:logGet(43)) - raft.server.log.statemachine.data.caching.enabled = true (custom)
2019-09-16 19:11:17,879 [pool-27-thread-1] INFO  segmented.SegmentedRaftLogWorker (SegmentedRaftLogWorker.java:lambda$new$0(132)) - e0619aa3-4ba4-49c8-ac60-3d80bbb74aab@group-58FBDF36B74E-SegmentedRaftLogWorker: flushIndex: setUnconditionally 0 -> -1
2019-09-16 19:11:17,883 [pool-27-thread-1] INFO  server.RaftServerConfigKeys (ConfUtils.java:logGet(43)) - raft.server.snapshot.auto.trigger.enabled = true (custom)
2019-09-16 19:11:17,884 [pool-27-thread-1] INFO  server.RaftServerConfigKeys (ConfUtils.java:logGet(43)) - raft.server.snapshot.auto.trigger.threshold = 10000 (custom)
2019-09-16 19:11:17,885 [pool-27-thread-1] INFO  server.RaftServerConfigKeys (ConfUtils.java:logGet(43)) - raft.server.snapshot.retention.num.files = -1 (default)
2019-09-16 19:11:17,885 [pool-27-thread-1] INFO  server.RaftServerConfigKeys (ConfUtils.java:logGet(43)) - raft.server.retrycache.expirytime = 600000ms (custom)
2019-09-16 19:11:17,911 [pool-27-thread-1] INFO  impl.RaftServerImpl (RaftServerImpl.java:start(185)) - e0619aa3-4ba4-49c8-ac60-3d80bbb74aab@group-58FBDF36B74E: start as a follower, conf=-1: [e0619aa3-4ba4-49c8-ac60-3d80bbb74aab:192.168.34.56:40045], old=null
2019-09-16 19:11:17,912 [pool-27-thread-1] INFO  impl.RaftServerImpl (RaftServerImpl.java:setRole(174)) - e0619aa3-4ba4-49c8-ac60-3d80bbb74aab@group-58FBDF36B74E: changes role from      null to FOLLOWER at term 0 for startAsFollower
2019-09-16 19:11:17,913 [pool-27-thread-1] INFO  impl.RoleInfo (RoleInfo.java:updateAndGet(143)) - e0619aa3-4ba4-49c8-ac60-3d80bbb74aab: start FollowerState
2019-09-16 19:11:17,915 [pool-27-thread-1] INFO  util.JmxRegister (JmxRegister.java:tryRegister(44)) - Successfully registered JMX Bean with object name Ratis:service=RaftServer,group=group-58FBDF36B74E,id=e0619aa3-4ba4-49c8-ac60-3d80bbb74aab
2019-09-16 19:11:18,097 [RatisPipelineUtilsThread] INFO  pipeline.PipelineStateManager (PipelineStateManager.java:addPipeline(56)) - Created pipeline Pipeline[ Id: 0cbca9a9-2946-4520-8ada-58fbdf36b74e, Nodes: e0619aa3-4ba4-49c8-ac60-3d80bbb74aab{ip: 192.168.34.56, host: pr-hdds-2111-hlhfn-3535364396, networkLocation: /default-rack, certSerialId: null}, Type:RATIS, Factor:ONE, State:OPEN]
2019-09-16 19:11:18,129 [grpc-default-executor-0] INFO  impl.RaftServerProxy (RaftServerProxy.java:addNew(89)) - 4bce4e32-952c-4220-bcc9-22a10ce18ca8: addNew group-AE8201FBCF7A:[4bce4e32-952c-4220-bcc9-22a10ce18ca8:192.168.34.56:34355] returns group-AE8201FBCF7A:java.util.concurrent.CompletableFuture@497f1f9a[Not completed]
2019-09-16 19:11:18,190 [pool-77-thread-1] INFO  impl.RaftServerImpl (RaftServerImpl.java:<init>(95)) - 4bce4e32-952c-4220-bcc9-22a10ce18ca8: new RaftServerImpl for group-AE8201FBCF7A:[4bce4e32-952c-4220-bcc9-22a10ce18ca8:192.168.34.56:34355] with ContainerStateMachine:uninitialized
2019-09-16 19:11:18,192 [pool-77-thread-1] INFO  server.RaftServerConfigKeys (ConfUtils.java:logGet(43)) - raft.server.rpc.timeout.min = 1s (custom)
2019-09-16 19:11:18,192 [pool-77-thread-1] INFO  server.RaftServerConfigKeys (ConfUtils.java:logGet(43)) - raft.server.rpc.timeout.max = 1200ms (custom)
2019-09-16 19:11:18,192 [pool-77-thread-1] INFO  server.RaftServerConfigKeys (ConfUtils.java:logGet(43)) - raft.server.rpcslowness.timeout = 120s (custom)
2019-09-16 19:11:18,192 [pool-77-thread-1] INFO  server.RaftServerConfigKeys (ConfUtils.java:logGet(43)) - raft.server.sleep.deviation.threshold = 300 (default)
2019-09-16 19:11:18,192 [pool-77-thread-1] INFO  server.RaftServerConfigKeys (ConfUtils.java:logGet(43)) - raft.server.log.appender.install.snapshot.enabled = false (custom)
2019-09-16 19:11:18,192 [pool-77-thread-1] INFO  impl.RaftServerImpl (ServerState.java:<init>(103)) - 4bce4e32-952c-4220-bcc9-22a10ce18ca8@group-AE8201FBCF7A: ConfigurationManager, init=-1: [4bce4e32-952c-4220-bcc9-22a10ce18ca8:192.168.34.56:34355], old=null, confs=<EMPTY_MAP>
2019-09-16 19:11:18,193 [pool-77-thread-1] INFO  server.RaftServerConfigKeys (ConfUtils.java:logGet(43)) - raft.server.storage.dir = [/workdir/hadoop-ozone/integration-test/target/test-dir/MiniOzoneClusterImpl-3fc8568e-3664-4be6-9c60-644bdcd1012a/datanode-5/data/ratis] (custom)
2019-09-16 19:11:18,193 [pool-77-thread-1] INFO  storage.RaftStorageDirectory (RaftStorageDirectory.java:analyzeStorage(246)) - The storage directory /workdir/hadoop-ozone/integration-test/target/test-dir/MiniOzoneClusterImpl-3fc8568e-3664-4be6-9c60-644bdcd1012a/datanode-5/data/ratis/f49b5b92-0fc8-41f3-b3a6-ae8201fbcf7a does not exist. Creating ...
2019-09-16 19:11:18,208 [pool-77-thread-1] INFO  storage.RaftStorageDirectory (RaftStorageDirectory.java:tryLock(328)) - Lock on /workdir/hadoop-ozone/integration-test/target/test-dir/MiniOzoneClusterImpl-3fc8568e-3664-4be6-9c60-644bdcd1012a/datanode-5/data/ratis/f49b5b92-0fc8-41f3-b3a6-ae8201fbcf7a/in_use.lock acquired by nodename 4836@pr-hdds-2111-hlhfn-3535364396
2019-09-16 19:11:18,222 [pool-77-thread-1] INFO  storage.RaftStorage (RaftStorage.java:format(72)) - Storage directory /workdir/hadoop-ozone/integration-test/target/test-dir/MiniOzoneClusterImpl-3fc8568e-3664-4be6-9c60-644bdcd1012a/datanode-5/data/ratis/f49b5b92-0fc8-41f3-b3a6-ae8201fbcf7a has been successfully formatted.
2019-09-16 19:11:18,223 [pool-77-thread-1] INFO  ratis.ContainerStateMachine (ContainerStateMachine.java:loadSnapshot(230)) - group-AE8201FBCF7A: The snapshot info is null. Setting the last applied indexto:(t:0, i:~)
2019-09-16 19:11:18,225 [pool-77-thread-1] INFO  server.RaftServerConfigKeys (ConfUtils.java:logGet(43)) - raft.server.notification.no-leader.timeout = 120s (custom)
2019-09-16 19:11:18,225 [pool-77-thread-1] INFO  server.RaftServerConfigKeys (ConfUtils.java:logGet(43)) - raft.server.log.use.memory = false (default)
2019-09-16 19:11:18,225 [pool-77-thread-1] INFO  server.RaftServerConfigKeys (ConfUtils.java:logGet(43)) - raft.server.log.purge.gap = 1000000 (custom)
2019-09-16 19:11:18,226 [pool-77-thread-1] INFO  server.RaftServerConfigKeys (ConfUtils.java:logGet(43)) - raft.server.log.appender.buffer.byte-limit = 33554432 (custom)
2019-09-16 19:11:18,226 [pool-77-thread-1] INFO  server.RaftServerConfigKeys (ConfUtils.java:logGet(43)) - raft.server.log.segment.size.max = 1048576 (custom)
2019-09-16 19:11:18,226 [pool-77-thread-1] INFO  server.RaftServerConfigKeys (ConfUtils.java:logGet(43)) - raft.server.log.segment.cache.num.max = 2 (custom)
2019-09-16 19:11:18,226 [pool-77-thread-1] INFO  segmented.SegmentedRaftLogWorker (SegmentedRaftLogWorker.java:<init>(172)) - new 4bce4e32-952c-4220-bcc9-22a10ce18ca8@group-AE8201FBCF7A-SegmentedRaftLogWorker for RaftStorage:Storage Directory /workdir/hadoop-ozone/integration-test/target/test-dir/MiniOzoneClusterImpl-3fc8568e-3664-4be6-9c60-644bdcd1012a/datanode-5/data/ratis/f49b5b92-0fc8-41f3-b3a6-ae8201fbcf7a
2019-09-16 19:11:18,234 [pool-77-thread-1] INFO  server.RaftServerConfigKeys (ConfUtils.java:logGet(43)) - raft.server.log.queue.byte-limit = 2147483647 (custom)
2019-09-16 19:11:18,234 [pool-77-thread-1] INFO  server.RaftServerConfigKeys (ConfUtils.java:logGet(43)) - raft.server.log.queue.element-limit = 1024 (custom)
2019-09-16 19:11:18,234 [pool-77-thread-1] INFO  server.RaftServerConfigKeys (ConfUtils.java:logGet(43)) - raft.server.log.segment.size.max = 1048576 (custom)
2019-09-16 19:11:18,234 [pool-77-thread-1] INFO  server.RaftServerConfigKeys (ConfUtils.java:logGet(43)) - raft.server.log.preallocated.size = 16384 (custom)
2019-09-16 19:11:18,234 [pool-77-thread-1] INFO  server.RaftServerConfigKeys (ConfUtils.java:logGet(43)) - raft.server.log.write.buffer.size = 33554432 (custom)
2019-09-16 19:11:18,235 [pool-77-thread-1] INFO  server.RaftServerConfigKeys (ConfUtils.java:logGet(43)) - raft.server.log.force.sync.num = 128 (default)
2019-09-16 19:11:18,235 [pool-77-thread-1] INFO  server.RaftServerConfigKeys (ConfUtils.java:logGet(43)) - raft.server.log.statemachine.data.sync = true (default)
2019-09-16 19:11:18,235 [pool-77-thread-1] INFO  server.RaftServerConfigKeys (ConfUtils.java:logGet(43)) - raft.server.log.statemachine.data.sync.timeout = 10s (default)
2019-09-16 19:11:18,235 [pool-77-thread-1] INFO  server.RaftServerConfigKeys (ConfUtils.java:logGet(43)) - raft.server.log.statemachine.data.sync.timeout.retry = -1 (default)
2019-09-16 19:11:18,236 [pool-77-thread-1] INFO  server.RaftServerConfigKeys (ConfUtils.java:logGet(43)) - raft.server.log.statemachine.data.caching.enabled = true (custom)
2019-09-16 19:11:18,236 [pool-77-thread-1] INFO  segmented.SegmentedRaftLogWorker (SegmentedRaftLogWorker.java:lambda$new$0(132)) - 4bce4e32-952c-4220-bcc9-22a10ce18ca8@group-AE8201FBCF7A-SegmentedRaftLogWorker: flushIndex: setUnconditionally 0 -> -1
2019-09-16 19:11:18,236 [pool-77-thread-1] INFO  server.RaftServerConfigKeys (ConfUtils.java:logGet(43)) - raft.server.snapshot.auto.trigger.enabled = true (custom)
2019-09-16 19:11:18,236 [pool-77-thread-1] INFO  server.RaftServerConfigKeys (ConfUtils.java:logGet(43)) - raft.server.snapshot.auto.trigger.threshold = 10000 (custom)
2019-09-16 19:11:18,237 [pool-77-thread-1] INFO  server.RaftServerConfigKeys (ConfUtils.java:logGet(43)) - raft.server.snapshot.retention.num.files = -1 (default)
2019-09-16 19:11:18,237 [pool-77-thread-1] INFO  server.RaftServerConfigKeys (ConfUtils.java:logGet(43)) - raft.server.retrycache.expirytime = 600000ms (custom)
2019-09-16 19:11:18,242 [pool-77-thread-1] INFO  impl.RaftServerImpl (RaftServerImpl.java:start(185)) - 4bce4e32-952c-4220-bcc9-22a10ce18ca8@group-AE8201FBCF7A: start as a follower, conf=-1: [4bce4e32-952c-4220-bcc9-22a10ce18ca8:192.168.34.56:34355], old=null
2019-09-16 19:11:18,243 [pool-77-thread-1] INFO  impl.RaftServerImpl (RaftServerImpl.java:setRole(174)) - 4bce4e32-952c-4220-bcc9-22a10ce18ca8@group-AE8201FBCF7A: changes role from      null to FOLLOWER at term 0 for startAsFollower
2019-09-16 19:11:18,243 [pool-77-thread-1] INFO  impl.RoleInfo (RoleInfo.java:updateAndGet(143)) - 4bce4e32-952c-4220-bcc9-22a10ce18ca8: start FollowerState
2019-09-16 19:11:18,245 [pool-77-thread-1] INFO  util.JmxRegister (JmxRegister.java:tryRegister(44)) - Successfully registered JMX Bean with object name Ratis:service=RaftServer,group=group-AE8201FBCF7A,id=4bce4e32-952c-4220-bcc9-22a10ce18ca8
2019-09-16 19:11:18,267 [RatisPipelineUtilsThread] INFO  pipeline.PipelineStateManager (PipelineStateManager.java:addPipeline(56)) - Created pipeline Pipeline[ Id: f49b5b92-0fc8-41f3-b3a6-ae8201fbcf7a, Nodes: 4bce4e32-952c-4220-bcc9-22a10ce18ca8{ip: 192.168.34.56, host: pr-hdds-2111-hlhfn-3535364396, networkLocation: /default-rack, certSerialId: null}, Type:RATIS, Factor:ONE, State:OPEN]
2019-09-16 19:11:18,291 [grpc-default-executor-0] INFO  impl.RaftServerProxy (RaftServerProxy.java:addNew(89)) - 930b1328-fc80-47b7-a4b1-f8330041d315: addNew group-DD56FD30F024:[930b1328-fc80-47b7-a4b1-f8330041d315:192.168.34.56:46332] returns group-DD56FD30F024:java.util.concurrent.CompletableFuture@6ae789ad[Not completed]
2019-09-16 19:11:18,324 [pool-107-thread-1] INFO  impl.RaftServerImpl (RaftServerImpl.java:<init>(95)) - 930b1328-fc80-47b7-a4b1-f8330041d315: new RaftServerImpl for group-DD56FD30F024:[930b1328-fc80-47b7-a4b1-f8330041d315:192.168.34.56:46332] with ContainerStateMachine:uninitialized
2019-09-16 19:11:18,324 [pool-107-thread-1] INFO  server.RaftServerConfigKeys (ConfUtils.java:logGet(43)) - raft.server.rpc.timeout.min = 1s (custom)
2019-09-16 19:11:18,324 [pool-107-thread-1] INFO  server.RaftServerConfigKeys (ConfUtils.java:logGet(43)) - raft.server.rpc.timeout.max = 1200ms (custom)
2019-09-16 19:11:18,325 [pool-107-thread-1] INFO  server.RaftServerConfigKeys (ConfUtils.java:logGet(43)) - raft.server.rpcslowness.timeout = 120s (custom)
2019-09-16 19:11:18,325 [pool-107-thread-1] INFO  server.RaftServerConfigKeys (ConfUtils.java:logGet(43)) - raft.server.sleep.deviation.threshold = 300 (default)
2019-09-16 19:11:18,325 [pool-107-thread-1] INFO  server.RaftServerConfigKeys (ConfUtils.java:logGet(43)) - raft.server.log.appender.install.snapshot.enabled = false (custom)
2019-09-16 19:11:18,325 [pool-107-thread-1] INFO  impl.RaftServerImpl (ServerState.java:<init>(103)) - 930b1328-fc80-47b7-a4b1-f8330041d315@group-DD56FD30F024: ConfigurationManager, init=-1: [930b1328-fc80-47b7-a4b1-f8330041d315:192.168.34.56:46332], old=null, confs=<EMPTY_MAP>
2019-09-16 19:11:18,325 [pool-107-thread-1] INFO  server.RaftServerConfigKeys (ConfUtils.java:logGet(43)) - raft.server.storage.dir = [/workdir/hadoop-ozone/integration-test/target/test-dir/MiniOzoneClusterImpl-3fc8568e-3664-4be6-9c60-644bdcd1012a/datanode-8/data/ratis] (custom)
2019-09-16 19:11:18,326 [pool-107-thread-1] INFO  storage.RaftStorageDirectory (RaftStorageDirectory.java:analyzeStorage(246)) - The storage directory /workdir/hadoop-ozone/integration-test/target/test-dir/MiniOzoneClusterImpl-3fc8568e-3664-4be6-9c60-644bdcd1012a/datanode-8/data/ratis/b7e7911b-5553-4477-9e4b-dd56fd30f024 does not exist. Creating ...
2019-09-16 19:11:18,338 [pool-107-thread-1] INFO  storage.RaftStorageDirectory (RaftStorageDirectory.java:tryLock(328)) - Lock on /workdir/hadoop-ozone/integration-test/target/test-dir/MiniOzoneClusterImpl-3fc8568e-3664-4be6-9c60-644bdcd1012a/datanode-8/data/ratis/b7e7911b-5553-4477-9e4b-dd56fd30f024/in_use.lock acquired by nodename 4836@pr-hdds-2111-hlhfn-3535364396
2019-09-16 19:11:18,353 [pool-107-thread-1] INFO  storage.RaftStorage (RaftStorage.java:format(72)) - Storage directory /workdir/hadoop-ozone/integration-test/target/test-dir/MiniOzoneClusterImpl-3fc8568e-3664-4be6-9c60-644bdcd1012a/datanode-8/data/ratis/b7e7911b-5553-4477-9e4b-dd56fd30f024 has been successfully formatted.
2019-09-16 19:11:18,353 [pool-107-thread-1] INFO  ratis.ContainerStateMachine (ContainerStateMachine.java:loadSnapshot(230)) - group-DD56FD30F024: The snapshot info is null. Setting the last applied indexto:(t:0, i:~)
2019-09-16 19:11:18,353 [pool-107-thread-1] INFO  server.RaftServerConfigKeys (ConfUtils.java:logGet(43)) - raft.server.notification.no-leader.timeout = 120s (custom)
2019-09-16 19:11:18,353 [pool-107-thread-1] INFO  server.RaftServerConfigKeys (ConfUtils.java:logGet(43)) - raft.server.log.use.memory = false (default)
2019-09-16 19:11:18,354 [pool-107-thread-1] INFO  server.RaftServerConfigKeys (ConfUtils.java:logGet(43)) - raft.server.log.purge.gap = 1000000 (custom)
2019-09-16 19:11:18,354 [pool-107-thread-1] INFO  server.RaftServerConfigKeys (ConfUtils.java:logGet(43)) - raft.server.log.appender.buffer.byte-limit = 33554432 (custom)
2019-09-16 19:11:18,354 [pool-107-thread-1] INFO  server.RaftServerConfigKeys (ConfUtils.java:logGet(43)) - raft.server.log.segment.size.max = 1048576 (custom)
2019-09-16 19:11:18,354 [pool-107-thread-1] INFO  server.RaftServerConfigKeys (ConfUtils.java:logGet(43)) - raft.server.log.segment.cache.num.max = 2 (custom)
2019-09-16 19:11:18,354 [pool-107-thread-1] INFO  segmented.SegmentedRaftLogWorker (SegmentedRaftLogWorker.java:<init>(172)) - new 930b1328-fc80-47b7-a4b1-f8330041d315@group-DD56FD30F024-SegmentedRaftLogWorker for RaftStorage:Storage Directory /workdir/hadoop-ozone/integration-test/target/test-dir/MiniOzoneClusterImpl-3fc8568e-3664-4be6-9c60-644bdcd1012a/datanode-8/data/ratis/b7e7911b-5553-4477-9e4b-dd56fd30f024
2019-09-16 19:11:18,398 [pool-107-thread-1] INFO  server.RaftServerConfigKeys (ConfUtils.java:logGet(43)) - raft.server.log.queue.byte-limit = 2147483647 (custom)
2019-09-16 19:11:18,398 [pool-107-thread-1] INFO  server.RaftServerConfigKeys (ConfUtils.java:logGet(43)) - raft.server.log.queue.element-limit = 1024 (custom)
2019-09-16 19:11:18,398 [pool-107-thread-1] INFO  server.RaftServerConfigKeys (ConfUtils.java:logGet(43)) - raft.server.log.segment.size.max = 1048576 (custom)
2019-09-16 19:11:18,399 [pool-107-thread-1] INFO  server.RaftServerConfigKeys (ConfUtils.java:logGet(43)) - raft.server.log.preallocated.size = 16384 (custom)
2019-09-16 19:11:18,399 [pool-107-thread-1] INFO  server.RaftServerConfigKeys (ConfUtils.java:logGet(43)) - raft.server.log.write.buffer.size = 33554432 (custom)
2019-09-16 19:11:18,399 [pool-107-thread-1] INFO  server.RaftServerConfigKeys (ConfUtils.java:logGet(43)) - raft.server.log.force.sync.num = 128 (default)
2019-09-16 19:11:18,399 [pool-107-thread-1] INFO  server.RaftServerConfigKeys (ConfUtils.java:logGet(43)) - raft.server.log.statemachine.data.sync = true (default)
2019-09-16 19:11:18,399 [pool-107-thread-1] INFO  server.RaftServerConfigKeys (ConfUtils.java:logGet(43)) - raft.server.log.statemachine.data.sync.timeout = 10s (default)
2019-09-16 19:11:18,400 [pool-107-thread-1] INFO  server.RaftServerConfigKeys (ConfUtils.java:logGet(43)) - raft.server.log.statemachine.data.sync.timeout.retry = -1 (default)
2019-09-16 19:11:18,400 [pool-107-thread-1] INFO  server.RaftServerConfigKeys (ConfUtils.java:logGet(43)) - raft.server.log.statemachine.data.caching.enabled = true (custom)
2019-09-16 19:11:18,400 [pool-107-thread-1] INFO  segmented.SegmentedRaftLogWorker (SegmentedRaftLogWorker.java:lambda$new$0(132)) - 930b1328-fc80-47b7-a4b1-f8330041d315@group-DD56FD30F024-SegmentedRaftLogWorker: flushIndex: setUnconditionally 0 -> -1
2019-09-16 19:11:18,401 [pool-107-thread-1] INFO  server.RaftServerConfigKeys (ConfUtils.java:logGet(43)) - raft.server.snapshot.auto.trigger.enabled = true (custom)
2019-09-16 19:11:18,401 [pool-107-thread-1] INFO  server.RaftServerConfigKeys (ConfUtils.java:logGet(43)) - raft.server.snapshot.auto.trigger.threshold = 10000 (custom)
2019-09-16 19:11:18,401 [pool-107-thread-1] INFO  server.RaftServerConfigKeys (ConfUtils.java:logGet(43)) - raft.server.snapshot.retention.num.files = -1 (default)
2019-09-16 19:11:18,401 [pool-107-thread-1] INFO  server.RaftServerConfigKeys (ConfUtils.java:logGet(43)) - raft.server.retrycache.expirytime = 600000ms (custom)
2019-09-16 19:11:18,408 [pool-107-thread-1] INFO  impl.RaftServerImpl (RaftServerImpl.java:start(185)) - 930b1328-fc80-47b7-a4b1-f8330041d315@group-DD56FD30F024: start as a follower, conf=-1: [930b1328-fc80-47b7-a4b1-f8330041d315:192.168.34.56:46332], old=null
2019-09-16 19:11:18,409 [pool-107-thread-1] INFO  impl.RaftServerImpl (RaftServerImpl.java:setRole(174)) - 930b1328-fc80-47b7-a4b1-f8330041d315@group-DD56FD30F024: changes role from      null to FOLLOWER at term 0 for startAsFollower
2019-09-16 19:11:18,409 [pool-107-thread-1] INFO  impl.RoleInfo (RoleInfo.java:updateAndGet(143)) - 930b1328-fc80-47b7-a4b1-f8330041d315: start FollowerState
2019-09-16 19:11:18,409 [pool-107-thread-1] INFO  util.JmxRegister (JmxRegister.java:tryRegister(44)) - Successfully registered JMX Bean with object name Ratis:service=RaftServer,group=group-DD56FD30F024,id=930b1328-fc80-47b7-a4b1-f8330041d315
2019-09-16 19:11:18,423 [RatisPipelineUtilsThread] INFO  pipeline.PipelineStateManager (PipelineStateManager.java:addPipeline(56)) - Created pipeline Pipeline[ Id: b7e7911b-5553-4477-9e4b-dd56fd30f024, Nodes: 930b1328-fc80-47b7-a4b1-f8330041d315{ip: 192.168.34.56, host: pr-hdds-2111-hlhfn-3535364396, networkLocation: /default-rack, certSerialId: null}, Type:RATIS, Factor:ONE, State:OPEN]
2019-09-16 19:11:18,447 [grpc-default-executor-0] INFO  impl.RaftServerProxy (RaftServerProxy.java:addNew(89)) - 4eec4314-a089-48fe-8241-8a8066126e3f: addNew group-FC884A642B4D:[4eec4314-a089-48fe-8241-8a8066126e3f:192.168.34.56:36988] returns group-FC884A642B4D:java.util.concurrent.CompletableFuture@28f30f4a[Not completed]
2019-09-16 19:11:18,454 [pool-97-thread-1] INFO  impl.RaftServerImpl (RaftServerImpl.java:<init>(95)) - 4eec4314-a089-48fe-8241-8a8066126e3f: new RaftServerImpl for group-FC884A642B4D:[4eec4314-a089-48fe-8241-8a8066126e3f:192.168.34.56:36988] with ContainerStateMachine:uninitialized
2019-09-16 19:11:18,454 [pool-97-thread-1] INFO  server.RaftServerConfigKeys (ConfUtils.java:logGet(43)) - raft.server.rpc.timeout.min = 1s (custom)
2019-09-16 19:11:18,454 [pool-97-thread-1] INFO  server.RaftServerConfigKeys (ConfUtils.java:logGet(43)) - raft.server.rpc.timeout.max = 1200ms (custom)
2019-09-16 19:11:18,454 [pool-97-thread-1] INFO  server.RaftServerConfigKeys (ConfUtils.java:logGet(43)) - raft.server.rpcslowness.timeout = 120s (custom)
2019-09-16 19:11:18,454 [pool-97-thread-1] INFO  server.RaftServerConfigKeys (ConfUtils.java:logGet(43)) - raft.server.sleep.deviation.threshold = 300 (default)
2019-09-16 19:11:18,455 [pool-97-thread-1] INFO  server.RaftServerConfigKeys (ConfUtils.java:logGet(43)) - raft.server.log.appender.install.snapshot.enabled = false (custom)
2019-09-16 19:11:18,455 [pool-97-thread-1] INFO  impl.RaftServerImpl (ServerState.java:<init>(103)) - 4eec4314-a089-48fe-8241-8a8066126e3f@group-FC884A642B4D: ConfigurationManager, init=-1: [4eec4314-a089-48fe-8241-8a8066126e3f:192.168.34.56:36988], old=null, confs=<EMPTY_MAP>
2019-09-16 19:11:18,455 [pool-97-thread-1] INFO  server.RaftServerConfigKeys (ConfUtils.java:logGet(43)) - raft.server.storage.dir = [/workdir/hadoop-ozone/integration-test/target/test-dir/MiniOzoneClusterImpl-3fc8568e-3664-4be6-9c60-644bdcd1012a/datanode-7/data/ratis] (custom)
2019-09-16 19:11:18,456 [pool-97-thread-1] INFO  storage.RaftStorageDirectory (RaftStorageDirectory.java:analyzeStorage(246)) - The storage directory /workdir/hadoop-ozone/integration-test/target/test-dir/MiniOzoneClusterImpl-3fc8568e-3664-4be6-9c60-644bdcd1012a/datanode-7/data/ratis/19b5172a-3642-46b6-81a4-fc884a642b4d does not exist. Creating ...
2019-09-16 19:11:18,469 [pool-97-thread-1] INFO  storage.RaftStorageDirectory (RaftStorageDirectory.java:tryLock(328)) - Lock on /workdir/hadoop-ozone/integration-test/target/test-dir/MiniOzoneClusterImpl-3fc8568e-3664-4be6-9c60-644bdcd1012a/datanode-7/data/ratis/19b5172a-3642-46b6-81a4-fc884a642b4d/in_use.lock acquired by nodename 4836@pr-hdds-2111-hlhfn-3535364396
2019-09-16 19:11:18,481 [pool-97-thread-1] INFO  storage.RaftStorage (RaftStorage.java:format(72)) - Storage directory /workdir/hadoop-ozone/integration-test/target/test-dir/MiniOzoneClusterImpl-3fc8568e-3664-4be6-9c60-644bdcd1012a/datanode-7/data/ratis/19b5172a-3642-46b6-81a4-fc884a642b4d has been successfully formatted.
2019-09-16 19:11:18,482 [pool-97-thread-1] INFO  ratis.ContainerStateMachine (ContainerStateMachine.java:loadSnapshot(230)) - group-FC884A642B4D: The snapshot info is null. Setting the last applied indexto:(t:0, i:~)
2019-09-16 19:11:18,482 [pool-97-thread-1] INFO  server.RaftServerConfigKeys (ConfUtils.java:logGet(43)) - raft.server.notification.no-leader.timeout = 120s (custom)
2019-09-16 19:11:18,482 [pool-97-thread-1] INFO  server.RaftServerConfigKeys (ConfUtils.java:logGet(43)) - raft.server.log.use.memory = false (default)
2019-09-16 19:11:18,482 [pool-97-thread-1] INFO  server.RaftServerConfigKeys (ConfUtils.java:logGet(43)) - raft.server.log.purge.gap = 1000000 (custom)
2019-09-16 19:11:18,483 [pool-97-thread-1] INFO  server.RaftServerConfigKeys (ConfUtils.java:logGet(43)) - raft.server.log.appender.buffer.byte-limit = 33554432 (custom)
2019-09-16 19:11:18,483 [pool-97-thread-1] INFO  server.RaftServerConfigKeys (ConfUtils.java:logGet(43)) - raft.server.log.segment.size.max = 1048576 (custom)
2019-09-16 19:11:18,483 [pool-97-thread-1] INFO  server.RaftServerConfigKeys (ConfUtils.java:logGet(43)) - raft.server.log.segment.cache.num.max = 2 (custom)
2019-09-16 19:11:18,483 [pool-97-thread-1] INFO  segmented.SegmentedRaftLogWorker (SegmentedRaftLogWorker.java:<init>(172)) - new 4eec4314-a089-48fe-8241-8a8066126e3f@group-FC884A642B4D-SegmentedRaftLogWorker for RaftStorage:Storage Directory /workdir/hadoop-ozone/integration-test/target/test-dir/MiniOzoneClusterImpl-3fc8568e-3664-4be6-9c60-644bdcd1012a/datanode-7/data/ratis/19b5172a-3642-46b6-81a4-fc884a642b4d
2019-09-16 19:11:18,489 [pool-97-thread-1] INFO  server.RaftServerConfigKeys (ConfUtils.java:logGet(43)) - raft.server.log.queue.byte-limit = 2147483647 (custom)
2019-09-16 19:11:18,489 [pool-97-thread-1] INFO  server.RaftServerConfigKeys (ConfUtils.java:logGet(43)) - raft.server.log.queue.element-limit = 1024 (custom)
2019-09-16 19:11:18,489 [pool-97-thread-1] INFO  server.RaftServerConfigKeys (ConfUtils.java:logGet(43)) - raft.server.log.segment.size.max = 1048576 (custom)
2019-09-16 19:11:18,490 [pool-97-thread-1] INFO  server.RaftServerConfigKeys (ConfUtils.java:logGet(43)) - raft.server.log.preallocated.size = 16384 (custom)
2019-09-16 19:11:18,490 [pool-97-thread-1] INFO  server.RaftServerConfigKeys (ConfUtils.java:logGet(43)) - raft.server.log.write.buffer.size = 33554432 (custom)
2019-09-16 19:11:18,490 [pool-97-thread-1] INFO  server.RaftServerConfigKeys (ConfUtils.java:logGet(43)) - raft.server.log.force.sync.num = 128 (default)
2019-09-16 19:11:18,490 [pool-97-thread-1] INFO  server.RaftServerConfigKeys (ConfUtils.java:logGet(43)) - raft.server.log.statemachine.data.sync = true (default)
2019-09-16 19:11:18,490 [pool-97-thread-1] INFO  server.RaftServerConfigKeys (ConfUtils.java:logGet(43)) - raft.server.log.statemachine.data.sync.timeout = 10s (default)
2019-09-16 19:11:18,490 [pool-97-thread-1] INFO  server.RaftServerConfigKeys (ConfUtils.java:logGet(43)) - raft.server.log.statemachine.data.sync.timeout.retry = -1 (default)
2019-09-16 19:11:18,491 [pool-97-thread-1] INFO  server.RaftServerConfigKeys (ConfUtils.java:logGet(43)) - raft.server.log.statemachine.data.caching.enabled = true (custom)
2019-09-16 19:11:18,491 [pool-97-thread-1] INFO  segmented.SegmentedRaftLogWorker (SegmentedRaftLogWorker.java:lambda$new$0(132)) - 4eec4314-a089-48fe-8241-8a8066126e3f@group-FC884A642B4D-SegmentedRaftLogWorker: flushIndex: setUnconditionally 0 -> -1
2019-09-16 19:11:18,492 [pool-97-thread-1] INFO  server.RaftServerConfigKeys (ConfUtils.java:logGet(43)) - raft.server.snapshot.auto.trigger.enabled = true (custom)
2019-09-16 19:11:18,492 [pool-97-thread-1] INFO  server.RaftServerConfigKeys (ConfUtils.java:logGet(43)) - raft.server.snapshot.auto.trigger.threshold = 10000 (custom)
2019-09-16 19:11:18,492 [pool-97-thread-1] INFO  server.RaftServerConfigKeys (ConfUtils.java:logGet(43)) - raft.server.snapshot.retention.num.files = -1 (default)
2019-09-16 19:11:18,492 [pool-97-thread-1] INFO  server.RaftServerConfigKeys (ConfUtils.java:logGet(43)) - raft.server.retrycache.expirytime = 600000ms (custom)
2019-09-16 19:11:18,497 [pool-97-thread-1] INFO  impl.RaftServerImpl (RaftServerImpl.java:start(185)) - 4eec4314-a089-48fe-8241-8a8066126e3f@group-FC884A642B4D: start as a follower, conf=-1: [4eec4314-a089-48fe-8241-8a8066126e3f:192.168.34.56:36988], old=null
2019-09-16 19:11:18,498 [pool-97-thread-1] INFO  impl.RaftServerImpl (RaftServerImpl.java:setRole(174)) - 4eec4314-a089-48fe-8241-8a8066126e3f@group-FC884A642B4D: changes role from      null to FOLLOWER at term 0 for startAsFollower
2019-09-16 19:11:18,498 [pool-97-thread-1] INFO  impl.RoleInfo (RoleInfo.java:updateAndGet(143)) - 4eec4314-a089-48fe-8241-8a8066126e3f: start FollowerState
2019-09-16 19:11:18,498 [pool-97-thread-1] INFO  util.JmxRegister (JmxRegister.java:tryRegister(44)) - Successfully registered JMX Bean with object name Ratis:service=RaftServer,group=group-FC884A642B4D,id=4eec4314-a089-48fe-8241-8a8066126e3f
2019-09-16 19:11:18,520 [RatisPipelineUtilsThread] INFO  pipeline.PipelineStateManager (PipelineStateManager.java:addPipeline(56)) - Created pipeline Pipeline[ Id: 19b5172a-3642-46b6-81a4-fc884a642b4d, Nodes: 4eec4314-a089-48fe-8241-8a8066126e3f{ip: 192.168.34.56, host: pr-hdds-2111-hlhfn-3535364396, networkLocation: /default-rack, certSerialId: null}, Type:RATIS, Factor:ONE, State:OPEN]
2019-09-16 19:11:18,541 [grpc-default-executor-0] INFO  impl.RaftServerProxy (RaftServerProxy.java:addNew(89)) - 30fc0d14-cbc7-4743-b48a-59ef39c48768: addNew group-1803532E2C8E:[30fc0d14-cbc7-4743-b48a-59ef39c48768:192.168.34.56:45570] returns group-1803532E2C8E:java.util.concurrent.CompletableFuture@4c174c23[Not completed]
2019-09-16 19:11:18,547 [pool-47-thread-1] INFO  impl.RaftServerImpl (RaftServerImpl.java:<init>(95)) - 30fc0d14-cbc7-4743-b48a-59ef39c48768: new RaftServerImpl for group-1803532E2C8E:[30fc0d14-cbc7-4743-b48a-59ef39c48768:192.168.34.56:45570] with ContainerStateMachine:uninitialized
2019-09-16 19:11:18,548 [pool-47-thread-1] INFO  server.RaftServerConfigKeys (ConfUtils.java:logGet(43)) - raft.server.rpc.timeout.min = 1s (custom)
2019-09-16 19:11:18,548 [pool-47-thread-1] INFO  server.RaftServerConfigKeys (ConfUtils.java:logGet(43)) - raft.server.rpc.timeout.max = 1200ms (custom)
2019-09-16 19:11:18,548 [pool-47-thread-1] INFO  server.RaftServerConfigKeys (ConfUtils.java:logGet(43)) - raft.server.rpcslowness.timeout = 120s (custom)
2019-09-16 19:11:18,548 [pool-47-thread-1] INFO  server.RaftServerConfigKeys (ConfUtils.java:logGet(43)) - raft.server.sleep.deviation.threshold = 300 (default)
2019-09-16 19:11:18,548 [pool-47-thread-1] INFO  server.RaftServerConfigKeys (ConfUtils.java:logGet(43)) - raft.server.log.appender.install.snapshot.enabled = false (custom)
2019-09-16 19:11:18,549 [pool-47-thread-1] INFO  impl.RaftServerImpl (ServerState.java:<init>(103)) - 30fc0d14-cbc7-4743-b48a-59ef39c48768@group-1803532E2C8E: ConfigurationManager, init=-1: [30fc0d14-cbc7-4743-b48a-59ef39c48768:192.168.34.56:45570], old=null, confs=<EMPTY_MAP>
2019-09-16 19:11:18,549 [pool-47-thread-1] INFO  server.RaftServerConfigKeys (ConfUtils.java:logGet(43)) - raft.server.storage.dir = [/workdir/hadoop-ozone/integration-test/target/test-dir/MiniOzoneClusterImpl-3fc8568e-3664-4be6-9c60-644bdcd1012a/datanode-2/data/ratis] (custom)
2019-09-16 19:11:18,549 [pool-47-thread-1] INFO  storage.RaftStorageDirectory (RaftStorageDirectory.java:analyzeStorage(246)) - The storage directory /workdir/hadoop-ozone/integration-test/target/test-dir/MiniOzoneClusterImpl-3fc8568e-3664-4be6-9c60-644bdcd1012a/datanode-2/data/ratis/d46123c3-0fef-42e2-8571-1803532e2c8e does not exist. Creating ...
2019-09-16 19:11:18,563 [pool-47-thread-1] INFO  storage.RaftStorageDirectory (RaftStorageDirectory.java:tryLock(328)) - Lock on /workdir/hadoop-ozone/integration-test/target/test-dir/MiniOzoneClusterImpl-3fc8568e-3664-4be6-9c60-644bdcd1012a/datanode-2/data/ratis/d46123c3-0fef-42e2-8571-1803532e2c8e/in_use.lock acquired by nodename 4836@pr-hdds-2111-hlhfn-3535364396
2019-09-16 19:11:18,575 [pool-47-thread-1] INFO  storage.RaftStorage (RaftStorage.java:format(72)) - Storage directory /workdir/hadoop-ozone/integration-test/target/test-dir/MiniOzoneClusterImpl-3fc8568e-3664-4be6-9c60-644bdcd1012a/datanode-2/data/ratis/d46123c3-0fef-42e2-8571-1803532e2c8e has been successfully formatted.
2019-09-16 19:11:18,576 [pool-47-thread-1] INFO  ratis.ContainerStateMachine (ContainerStateMachine.java:loadSnapshot(230)) - group-1803532E2C8E: The snapshot info is null. Setting the last applied indexto:(t:0, i:~)
2019-09-16 19:11:18,576 [pool-47-thread-1] INFO  server.RaftServerConfigKeys (ConfUtils.java:logGet(43)) - raft.server.notification.no-leader.timeout = 120s (custom)
2019-09-16 19:11:18,576 [pool-47-thread-1] INFO  server.RaftServerConfigKeys (ConfUtils.java:logGet(43)) - raft.server.log.use.memory = false (default)
2019-09-16 19:11:18,576 [pool-47-thread-1] INFO  server.RaftServerConfigKeys (ConfUtils.java:logGet(43)) - raft.server.log.purge.gap = 1000000 (custom)
2019-09-16 19:11:18,577 [pool-47-thread-1] INFO  server.RaftServerConfigKeys (ConfUtils.java:logGet(43)) - raft.server.log.appender.buffer.byte-limit = 33554432 (custom)
2019-09-16 19:11:18,577 [pool-47-thread-1] INFO  server.RaftServerConfigKeys (ConfUtils.java:logGet(43)) - raft.server.log.segment.size.max = 1048576 (custom)
2019-09-16 19:11:18,577 [pool-47-thread-1] INFO  server.RaftServerConfigKeys (ConfUtils.java:logGet(43)) - raft.server.log.segment.cache.num.max = 2 (custom)
2019-09-16 19:11:18,577 [pool-47-thread-1] INFO  segmented.SegmentedRaftLogWorker (SegmentedRaftLogWorker.java:<init>(172)) - new 30fc0d14-cbc7-4743-b48a-59ef39c48768@group-1803532E2C8E-SegmentedRaftLogWorker for RaftStorage:Storage Directory /workdir/hadoop-ozone/integration-test/target/test-dir/MiniOzoneClusterImpl-3fc8568e-3664-4be6-9c60-644bdcd1012a/datanode-2/data/ratis/d46123c3-0fef-42e2-8571-1803532e2c8e
2019-09-16 19:11:18,582 [pool-47-thread-1] INFO  server.RaftServerConfigKeys (ConfUtils.java:logGet(43)) - raft.server.log.queue.byte-limit = 2147483647 (custom)
2019-09-16 19:11:18,582 [pool-47-thread-1] INFO  server.RaftServerConfigKeys (ConfUtils.java:logGet(43)) - raft.server.log.queue.element-limit = 1024 (custom)
2019-09-16 19:11:18,582 [pool-47-thread-1] INFO  server.RaftServerConfigKeys (ConfUtils.java:logGet(43)) - raft.server.log.segment.size.max = 1048576 (custom)
2019-09-16 19:11:18,582 [pool-47-thread-1] INFO  server.RaftServerConfigKeys (ConfUtils.java:logGet(43)) - raft.server.log.preallocated.size = 16384 (custom)
2019-09-16 19:11:18,583 [pool-47-thread-1] INFO  server.RaftServerConfigKeys (ConfUtils.java:logGet(43)) - raft.server.log.write.buffer.size = 33554432 (custom)
2019-09-16 19:11:18,583 [pool-47-thread-1] INFO  server.RaftServerConfigKeys (ConfUtils.java:logGet(43)) - raft.server.log.force.sync.num = 128 (default)
2019-09-16 19:11:18,583 [pool-47-thread-1] INFO  server.RaftServerConfigKeys (ConfUtils.java:logGet(43)) - raft.server.log.statemachine.data.sync = true (default)
2019-09-16 19:11:18,583 [pool-47-thread-1] INFO  server.RaftServerConfigKeys (ConfUtils.java:logGet(43)) - raft.server.log.statemachine.data.sync.timeout = 10s (default)
2019-09-16 19:11:18,583 [pool-47-thread-1] INFO  server.RaftServerConfigKeys (ConfUtils.java:logGet(43)) - raft.server.log.statemachine.data.sync.timeout.retry = -1 (default)
2019-09-16 19:11:18,584 [pool-47-thread-1] INFO  server.RaftServerConfigKeys (ConfUtils.java:logGet(43)) - raft.server.log.statemachine.data.caching.enabled = true (custom)
2019-09-16 19:11:18,584 [pool-47-thread-1] INFO  segmented.SegmentedRaftLogWorker (SegmentedRaftLogWorker.java:lambda$new$0(132)) - 30fc0d14-cbc7-4743-b48a-59ef39c48768@group-1803532E2C8E-SegmentedRaftLogWorker: flushIndex: setUnconditionally 0 -> -1
2019-09-16 19:11:18,585 [pool-47-thread-1] INFO  server.RaftServerConfigKeys (ConfUtils.java:logGet(43)) - raft.server.snapshot.auto.trigger.enabled = true (custom)
2019-09-16 19:11:18,585 [pool-47-thread-1] INFO  server.RaftServerConfigKeys (ConfUtils.java:logGet(43)) - raft.server.snapshot.auto.trigger.threshold = 10000 (custom)
2019-09-16 19:11:18,585 [pool-47-thread-1] INFO  server.RaftServerConfigKeys (ConfUtils.java:logGet(43)) - raft.server.snapshot.retention.num.files = -1 (default)
2019-09-16 19:11:18,585 [pool-47-thread-1] INFO  server.RaftServerConfigKeys (ConfUtils.java:logGet(43)) - raft.server.retrycache.expirytime = 600000ms (custom)
2019-09-16 19:11:18,590 [pool-47-thread-1] INFO  impl.RaftServerImpl (RaftServerImpl.java:start(185)) - 30fc0d14-cbc7-4743-b48a-59ef39c48768@group-1803532E2C8E: start as a follower, conf=-1: [30fc0d14-cbc7-4743-b48a-59ef39c48768:192.168.34.56:45570], old=null
2019-09-16 19:11:18,590 [pool-47-thread-1] INFO  impl.RaftServerImpl (RaftServerImpl.java:setRole(174)) - 30fc0d14-cbc7-4743-b48a-59ef39c48768@group-1803532E2C8E: changes role from      null to FOLLOWER at term 0 for startAsFollower
2019-09-16 19:11:18,590 [pool-47-thread-1] INFO  impl.RoleInfo (RoleInfo.java:updateAndGet(143)) - 30fc0d14-cbc7-4743-b48a-59ef39c48768: start FollowerState
2019-09-16 19:11:18,591 [pool-47-thread-1] INFO  util.JmxRegister (JmxRegister.java:tryRegister(44)) - Successfully registered JMX Bean with object name Ratis:service=RaftServer,group=group-1803532E2C8E,id=30fc0d14-cbc7-4743-b48a-59ef39c48768
2019-09-16 19:11:18,607 [RatisPipelineUtilsThread] INFO  pipeline.PipelineStateManager (PipelineStateManager.java:addPipeline(56)) - Created pipeline Pipeline[ Id: d46123c3-0fef-42e2-8571-1803532e2c8e, Nodes: 30fc0d14-cbc7-4743-b48a-59ef39c48768{ip: 192.168.34.56, host: pr-hdds-2111-hlhfn-3535364396, networkLocation: /default-rack, certSerialId: null}, Type:RATIS, Factor:ONE, State:OPEN]
2019-09-16 19:11:18,629 [grpc-default-executor-0] INFO  impl.RaftServerProxy (RaftServerProxy.java:addNew(89)) - 52078b41-1f38-4037-a826-db5ef9cf1b82: addNew group-F311EA782AE4:[52078b41-1f38-4037-a826-db5ef9cf1b82:192.168.34.56:44314] returns group-F311EA782AE4:java.util.concurrent.CompletableFuture@26adc536[Not completed]
2019-09-16 19:11:18,635 [pool-37-thread-1] INFO  impl.RaftServerImpl (RaftServerImpl.java:<init>(95)) - 52078b41-1f38-4037-a826-db5ef9cf1b82: new RaftServerImpl for group-F311EA782AE4:[52078b41-1f38-4037-a826-db5ef9cf1b82:192.168.34.56:44314] with ContainerStateMachine:uninitialized
2019-09-16 19:11:18,635 [pool-37-thread-1] INFO  server.RaftServerConfigKeys (ConfUtils.java:logGet(43)) - raft.server.rpc.timeout.min = 1s (custom)
2019-09-16 19:11:18,635 [pool-37-thread-1] INFO  server.RaftServerConfigKeys (ConfUtils.java:logGet(43)) - raft.server.rpc.timeout.max = 1200ms (custom)
2019-09-16 19:11:18,636 [pool-37-thread-1] INFO  server.RaftServerConfigKeys (ConfUtils.java:logGet(43)) - raft.server.rpcslowness.timeout = 120s (custom)
2019-09-16 19:11:18,636 [pool-37-thread-1] INFO  server.RaftServerConfigKeys (ConfUtils.java:logGet(43)) - raft.server.sleep.deviation.threshold = 300 (default)
2019-09-16 19:11:18,636 [pool-37-thread-1] INFO  server.RaftServerConfigKeys (ConfUtils.java:logGet(43)) - raft.server.log.appender.install.snapshot.enabled = false (custom)
2019-09-16 19:11:18,636 [pool-37-thread-1] INFO  impl.RaftServerImpl (ServerState.java:<init>(103)) - 52078b41-1f38-4037-a826-db5ef9cf1b82@group-F311EA782AE4: ConfigurationManager, init=-1: [52078b41-1f38-4037-a826-db5ef9cf1b82:192.168.34.56:44314], old=null, confs=<EMPTY_MAP>
2019-09-16 19:11:18,636 [pool-37-thread-1] INFO  server.RaftServerConfigKeys (ConfUtils.java:logGet(43)) - raft.server.storage.dir = [/workdir/hadoop-ozone/integration-test/target/test-dir/MiniOzoneClusterImpl-3fc8568e-3664-4be6-9c60-644bdcd1012a/datanode-1/data/ratis] (custom)
2019-09-16 19:11:18,637 [pool-37-thread-1] INFO  storage.RaftStorageDirectory (RaftStorageDirectory.java:analyzeStorage(246)) - The storage directory /workdir/hadoop-ozone/integration-test/target/test-dir/MiniOzoneClusterImpl-3fc8568e-3664-4be6-9c60-644bdcd1012a/datanode-1/data/ratis/b973fef2-8963-4f29-b31b-f311ea782ae4 does not exist. Creating ...
2019-09-16 19:11:18,650 [pool-37-thread-1] INFO  storage.RaftStorageDirectory (RaftStorageDirectory.java:tryLock(328)) - Lock on /workdir/hadoop-ozone/integration-test/target/test-dir/MiniOzoneClusterImpl-3fc8568e-3664-4be6-9c60-644bdcd1012a/datanode-1/data/ratis/b973fef2-8963-4f29-b31b-f311ea782ae4/in_use.lock acquired by nodename 4836@pr-hdds-2111-hlhfn-3535364396
2019-09-16 19:11:18,663 [pool-37-thread-1] INFO  storage.RaftStorage (RaftStorage.java:format(72)) - Storage directory /workdir/hadoop-ozone/integration-test/target/test-dir/MiniOzoneClusterImpl-3fc8568e-3664-4be6-9c60-644bdcd1012a/datanode-1/data/ratis/b973fef2-8963-4f29-b31b-f311ea782ae4 has been successfully formatted.
2019-09-16 19:11:18,664 [pool-37-thread-1] INFO  ratis.ContainerStateMachine (ContainerStateMachine.java:loadSnapshot(230)) - group-F311EA782AE4: The snapshot info is null. Setting the last applied indexto:(t:0, i:~)
2019-09-16 19:11:18,664 [pool-37-thread-1] INFO  server.RaftServerConfigKeys (ConfUtils.java:logGet(43)) - raft.server.notification.no-leader.timeout = 120s (custom)
2019-09-16 19:11:18,664 [pool-37-thread-1] INFO  server.RaftServerConfigKeys (ConfUtils.java:logGet(43)) - raft.server.log.use.memory = false (default)
2019-09-16 19:11:18,664 [pool-37-thread-1] INFO  server.RaftServerConfigKeys (ConfUtils.java:logGet(43)) - raft.server.log.purge.gap = 1000000 (custom)
2019-09-16 19:11:18,664 [pool-37-thread-1] INFO  server.RaftServerConfigKeys (ConfUtils.java:logGet(43)) - raft.server.log.appender.buffer.byte-limit = 33554432 (custom)
2019-09-16 19:11:18,664 [pool-37-thread-1] INFO  server.RaftServerConfigKeys (ConfUtils.java:logGet(43)) - raft.server.log.segment.size.max = 1048576 (custom)
2019-09-16 19:11:18,665 [pool-37-thread-1] INFO  server.RaftServerConfigKeys (ConfUtils.java:logGet(43)) - raft.server.log.segment.cache.num.max = 2 (custom)
2019-09-16 19:11:18,665 [pool-37-thread-1] INFO  segmented.SegmentedRaftLogWorker (SegmentedRaftLogWorker.java:<init>(172)) - new 52078b41-1f38-4037-a826-db5ef9cf1b82@group-F311EA782AE4-SegmentedRaftLogWorker for RaftStorage:Storage Directory /workdir/hadoop-ozone/integration-test/target/test-dir/MiniOzoneClusterImpl-3fc8568e-3664-4be6-9c60-644bdcd1012a/datanode-1/data/ratis/b973fef2-8963-4f29-b31b-f311ea782ae4
2019-09-16 19:11:18,669 [pool-37-thread-1] INFO  server.RaftServerConfigKeys (ConfUtils.java:logGet(43)) - raft.server.log.queue.byte-limit = 2147483647 (custom)
2019-09-16 19:11:18,669 [pool-37-thread-1] INFO  server.RaftServerConfigKeys (ConfUtils.java:logGet(43)) - raft.server.log.queue.element-limit = 1024 (custom)
2019-09-16 19:11:18,669 [pool-37-thread-1] INFO  server.RaftServerConfigKeys (ConfUtils.java:logGet(43)) - raft.server.log.segment.size.max = 1048576 (custom)
2019-09-16 19:11:18,669 [pool-37-thread-1] INFO  server.RaftServerConfigKeys (ConfUtils.java:logGet(43)) - raft.server.log.preallocated.size = 16384 (custom)
2019-09-16 19:11:18,669 [pool-37-thread-1] INFO  server.RaftServerConfigKeys (ConfUtils.java:logGet(43)) - raft.server.log.write.buffer.size = 33554432 (custom)
2019-09-16 19:11:18,670 [pool-37-thread-1] INFO  server.RaftServerConfigKeys (ConfUtils.java:logGet(43)) - raft.server.log.force.sync.num = 128 (default)
2019-09-16 19:11:18,670 [pool-37-thread-1] INFO  server.RaftServerConfigKeys (ConfUtils.java:logGet(43)) - raft.server.log.statemachine.data.sync = true (default)
2019-09-16 19:11:18,670 [pool-37-thread-1] INFO  server.RaftServerConfigKeys (ConfUtils.java:logGet(43)) - raft.server.log.statemachine.data.sync.timeout = 10s (default)
2019-09-16 19:11:18,670 [pool-37-thread-1] INFO  server.RaftServerConfigKeys (ConfUtils.java:logGet(43)) - raft.server.log.statemachine.data.sync.timeout.retry = -1 (default)
2019-09-16 19:11:18,670 [pool-37-thread-1] INFO  server.RaftServerConfigKeys (ConfUtils.java:logGet(43)) - raft.server.log.statemachine.data.caching.enabled = true (custom)
2019-09-16 19:11:18,671 [pool-37-thread-1] INFO  segmented.SegmentedRaftLogWorker (SegmentedRaftLogWorker.java:lambda$new$0(132)) - 52078b41-1f38-4037-a826-db5ef9cf1b82@group-F311EA782AE4-SegmentedRaftLogWorker: flushIndex: setUnconditionally 0 -> -1
2019-09-16 19:11:18,671 [pool-37-thread-1] INFO  server.RaftServerConfigKeys (ConfUtils.java:logGet(43)) - raft.server.snapshot.auto.trigger.enabled = true (custom)
2019-09-16 19:11:18,671 [pool-37-thread-1] INFO  server.RaftServerConfigKeys (ConfUtils.java:logGet(43)) - raft.server.snapshot.auto.trigger.threshold = 10000 (custom)
2019-09-16 19:11:18,672 [pool-37-thread-1] INFO  server.RaftServerConfigKeys (ConfUtils.java:logGet(43)) - raft.server.snapshot.retention.num.files = -1 (default)
2019-09-16 19:11:18,672 [pool-37-thread-1] INFO  server.RaftServerConfigKeys (ConfUtils.java:logGet(43)) - raft.server.retrycache.expirytime = 600000ms (custom)
2019-09-16 19:11:18,676 [pool-37-thread-1] INFO  impl.RaftServerImpl (RaftServerImpl.java:start(185)) - 52078b41-1f38-4037-a826-db5ef9cf1b82@group-F311EA782AE4: start as a follower, conf=-1: [52078b41-1f38-4037-a826-db5ef9cf1b82:192.168.34.56:44314], old=null
2019-09-16 19:11:18,676 [pool-37-thread-1] INFO  impl.RaftServerImpl (RaftServerImpl.java:setRole(174)) - 52078b41-1f38-4037-a826-db5ef9cf1b82@group-F311EA782AE4: changes role from      null to FOLLOWER at term 0 for startAsFollower
2019-09-16 19:11:18,676 [pool-37-thread-1] INFO  impl.RoleInfo (RoleInfo.java:updateAndGet(143)) - 52078b41-1f38-4037-a826-db5ef9cf1b82: start FollowerState
2019-09-16 19:11:18,676 [pool-37-thread-1] INFO  util.JmxRegister (JmxRegister.java:tryRegister(44)) - Successfully registered JMX Bean with object name Ratis:service=RaftServer,group=group-F311EA782AE4,id=52078b41-1f38-4037-a826-db5ef9cf1b82
2019-09-16 19:11:18,692 [RatisPipelineUtilsThread] INFO  pipeline.PipelineStateManager (PipelineStateManager.java:addPipeline(56)) - Created pipeline Pipeline[ Id: b973fef2-8963-4f29-b31b-f311ea782ae4, Nodes: 52078b41-1f38-4037-a826-db5ef9cf1b82{ip: 192.168.34.56, host: pr-hdds-2111-hlhfn-3535364396, networkLocation: /default-rack, certSerialId: null}, Type:RATIS, Factor:ONE, State:OPEN]
2019-09-16 19:11:18,712 [grpc-default-executor-0] INFO  impl.RaftServerProxy (RaftServerProxy.java:addNew(89)) - 6abcef3f-3f35-471a-9739-1d418d62cada: addNew group-4A05589CE1B3:[6abcef3f-3f35-471a-9739-1d418d62cada:192.168.34.56:34284] returns group-4A05589CE1B3:java.util.concurrent.CompletableFuture@48fe40f6[Not completed]
2019-09-16 19:11:18,718 [pool-57-thread-1] INFO  impl.RaftServerImpl (RaftServerImpl.java:<init>(95)) - 6abcef3f-3f35-471a-9739-1d418d62cada: new RaftServerImpl for group-4A05589CE1B3:[6abcef3f-3f35-471a-9739-1d418d62cada:192.168.34.56:34284] with ContainerStateMachine:uninitialized
2019-09-16 19:11:18,718 [pool-57-thread-1] INFO  server.RaftServerConfigKeys (ConfUtils.java:logGet(43)) - raft.server.rpc.timeout.min = 1s (custom)
2019-09-16 19:11:18,718 [pool-57-thread-1] INFO  server.RaftServerConfigKeys (ConfUtils.java:logGet(43)) - raft.server.rpc.timeout.max = 1200ms (custom)
2019-09-16 19:11:18,719 [pool-57-thread-1] INFO  server.RaftServerConfigKeys (ConfUtils.java:logGet(43)) - raft.server.rpcslowness.timeout = 120s (custom)
2019-09-16 19:11:18,719 [pool-57-thread-1] INFO  server.RaftServerConfigKeys (ConfUtils.java:logGet(43)) - raft.server.sleep.deviation.threshold = 300 (default)
2019-09-16 19:11:18,719 [pool-57-thread-1] INFO  server.RaftServerConfigKeys (ConfUtils.java:logGet(43)) - raft.server.log.appender.install.snapshot.enabled = false (custom)
2019-09-16 19:11:18,719 [pool-57-thread-1] INFO  impl.RaftServerImpl (ServerState.java:<init>(103)) - 6abcef3f-3f35-471a-9739-1d418d62cada@group-4A05589CE1B3: ConfigurationManager, init=-1: [6abcef3f-3f35-471a-9739-1d418d62cada:192.168.34.56:34284], old=null, confs=<EMPTY_MAP>
2019-09-16 19:11:18,719 [pool-57-thread-1] INFO  server.RaftServerConfigKeys (ConfUtils.java:logGet(43)) - raft.server.storage.dir = [/workdir/hadoop-ozone/integration-test/target/test-dir/MiniOzoneClusterImpl-3fc8568e-3664-4be6-9c60-644bdcd1012a/datanode-3/data/ratis] (custom)
2019-09-16 19:11:18,720 [pool-57-thread-1] INFO  storage.RaftStorageDirectory (RaftStorageDirectory.java:analyzeStorage(246)) - The storage directory /workdir/hadoop-ozone/integration-test/target/test-dir/MiniOzoneClusterImpl-3fc8568e-3664-4be6-9c60-644bdcd1012a/datanode-3/data/ratis/e61d35e6-bff0-4f3a-b795-4a05589ce1b3 does not exist. Creating ...
2019-09-16 19:11:18,733 [pool-57-thread-1] INFO  storage.RaftStorageDirectory (RaftStorageDirectory.java:tryLock(328)) - Lock on /workdir/hadoop-ozone/integration-test/target/test-dir/MiniOzoneClusterImpl-3fc8568e-3664-4be6-9c60-644bdcd1012a/datanode-3/data/ratis/e61d35e6-bff0-4f3a-b795-4a05589ce1b3/in_use.lock acquired by nodename 4836@pr-hdds-2111-hlhfn-3535364396
2019-09-16 19:11:18,746 [pool-57-thread-1] INFO  storage.RaftStorage (RaftStorage.java:format(72)) - Storage directory /workdir/hadoop-ozone/integration-test/target/test-dir/MiniOzoneClusterImpl-3fc8568e-3664-4be6-9c60-644bdcd1012a/datanode-3/data/ratis/e61d35e6-bff0-4f3a-b795-4a05589ce1b3 has been successfully formatted.
2019-09-16 19:11:18,746 [pool-57-thread-1] INFO  ratis.ContainerStateMachine (ContainerStateMachine.java:loadSnapshot(230)) - group-4A05589CE1B3: The snapshot info is null. Setting the last applied indexto:(t:0, i:~)
2019-09-16 19:11:18,746 [pool-57-thread-1] INFO  server.RaftServerConfigKeys (ConfUtils.java:logGet(43)) - raft.server.notification.no-leader.timeout = 120s (custom)
2019-09-16 19:11:18,746 [pool-57-thread-1] INFO  server.RaftServerConfigKeys (ConfUtils.java:logGet(43)) - raft.server.log.use.memory = false (default)
2019-09-16 19:11:18,747 [pool-57-thread-1] INFO  server.RaftServerConfigKeys (ConfUtils.java:logGet(43)) - raft.server.log.purge.gap = 1000000 (custom)
2019-09-16 19:11:18,747 [pool-57-thread-1] INFO  server.RaftServerConfigKeys (ConfUtils.java:logGet(43)) - raft.server.log.appender.buffer.byte-limit = 33554432 (custom)
2019-09-16 19:11:18,747 [pool-57-thread-1] INFO  server.RaftServerConfigKeys (ConfUtils.java:logGet(43)) - raft.server.log.segment.size.max = 1048576 (custom)
2019-09-16 19:11:18,747 [pool-57-thread-1] INFO  server.RaftServerConfigKeys (ConfUtils.java:logGet(43)) - raft.server.log.segment.cache.num.max = 2 (custom)
2019-09-16 19:11:18,747 [pool-57-thread-1] INFO  segmented.SegmentedRaftLogWorker (SegmentedRaftLogWorker.java:<init>(172)) - new 6abcef3f-3f35-471a-9739-1d418d62cada@group-4A05589CE1B3-SegmentedRaftLogWorker for RaftStorage:Storage Directory /workdir/hadoop-ozone/integration-test/target/test-dir/MiniOzoneClusterImpl-3fc8568e-3664-4be6-9c60-644bdcd1012a/datanode-3/data/ratis/e61d35e6-bff0-4f3a-b795-4a05589ce1b3
2019-09-16 19:11:18,751 [pool-57-thread-1] INFO  server.RaftServerConfigKeys (ConfUtils.java:logGet(43)) - raft.server.log.queue.byte-limit = 2147483647 (custom)
2019-09-16 19:11:18,751 [pool-57-thread-1] INFO  server.RaftServerConfigKeys (ConfUtils.java:logGet(43)) - raft.server.log.queue.element-limit = 1024 (custom)
2019-09-16 19:11:18,752 [pool-57-thread-1] INFO  server.RaftServerConfigKeys (ConfUtils.java:logGet(43)) - raft.server.log.segment.size.max = 1048576 (custom)
2019-09-16 19:11:18,752 [pool-57-thread-1] INFO  server.RaftServerConfigKeys (ConfUtils.java:logGet(43)) - raft.server.log.preallocated.size = 16384 (custom)
2019-09-16 19:11:18,752 [pool-57-thread-1] INFO  server.RaftServerConfigKeys (ConfUtils.java:logGet(43)) - raft.server.log.write.buffer.size = 33554432 (custom)
2019-09-16 19:11:18,752 [pool-57-thread-1] INFO  server.RaftServerConfigKeys (ConfUtils.java:logGet(43)) - raft.server.log.force.sync.num = 128 (default)
2019-09-16 19:11:18,752 [pool-57-thread-1] INFO  server.RaftServerConfigKeys (ConfUtils.java:logGet(43)) - raft.server.log.statemachine.data.sync = true (default)
2019-09-16 19:11:18,753 [pool-57-thread-1] INFO  server.RaftServerConfigKeys (ConfUtils.java:logGet(43)) - raft.server.log.statemachine.data.sync.timeout = 10s (default)
2019-09-16 19:11:18,753 [pool-57-thread-1] INFO  server.RaftServerConfigKeys (ConfUtils.java:logGet(43)) - raft.server.log.statemachine.data.sync.timeout.retry = -1 (default)
2019-09-16 19:11:18,753 [pool-57-thread-1] INFO  server.RaftServerConfigKeys (ConfUtils.java:logGet(43)) - raft.server.log.statemachine.data.caching.enabled = true (custom)
2019-09-16 19:11:18,753 [pool-57-thread-1] INFO  segmented.SegmentedRaftLogWorker (SegmentedRaftLogWorker.java:lambda$new$0(132)) - 6abcef3f-3f35-471a-9739-1d418d62cada@group-4A05589CE1B3-SegmentedRaftLogWorker: flushIndex: setUnconditionally 0 -> -1
2019-09-16 19:11:18,754 [pool-57-thread-1] INFO  server.RaftServerConfigKeys (ConfUtils.java:logGet(43)) - raft.server.snapshot.auto.trigger.enabled = true (custom)
2019-09-16 19:11:18,754 [pool-57-thread-1] INFO  server.RaftServerConfigKeys (ConfUtils.java:logGet(43)) - raft.server.snapshot.auto.trigger.threshold = 10000 (custom)
2019-09-16 19:11:18,754 [pool-57-thread-1] INFO  server.RaftServerConfigKeys (ConfUtils.java:logGet(43)) - raft.server.snapshot.retention.num.files = -1 (default)
2019-09-16 19:11:18,755 [pool-57-thread-1] INFO  server.RaftServerConfigKeys (ConfUtils.java:logGet(43)) - raft.server.retrycache.expirytime = 600000ms (custom)
2019-09-16 19:11:18,758 [pool-57-thread-1] INFO  impl.RaftServerImpl (RaftServerImpl.java:start(185)) - 6abcef3f-3f35-471a-9739-1d418d62cada@group-4A05589CE1B3: start as a follower, conf=-1: [6abcef3f-3f35-471a-9739-1d418d62cada:192.168.34.56:34284], old=null
2019-09-16 19:11:18,758 [pool-57-thread-1] INFO  impl.RaftServerImpl (RaftServerImpl.java:setRole(174)) - 6abcef3f-3f35-471a-9739-1d418d62cada@group-4A05589CE1B3: changes role from      null to FOLLOWER at term 0 for startAsFollower
2019-09-16 19:11:18,758 [pool-57-thread-1] INFO  impl.RoleInfo (RoleInfo.java:updateAndGet(143)) - 6abcef3f-3f35-471a-9739-1d418d62cada: start FollowerState
2019-09-16 19:11:18,758 [pool-57-thread-1] INFO  util.JmxRegister (JmxRegister.java:tryRegister(44)) - Successfully registered JMX Bean with object name Ratis:service=RaftServer,group=group-4A05589CE1B3,id=6abcef3f-3f35-471a-9739-1d418d62cada
2019-09-16 19:11:18,781 [main] INFO  ozone.MiniOzoneClusterImpl (MiniOzoneClusterImpl.java:lambda$waitForClusterToBeReady$0(140)) - Cluster is ready. Got 10 of 10 DN Heartbeats.
2019-09-16 19:11:18,781 [RatisPipelineUtilsThread] INFO  pipeline.PipelineStateManager (PipelineStateManager.java:addPipeline(56)) - Created pipeline Pipeline[ Id: e61d35e6-bff0-4f3a-b795-4a05589ce1b3, Nodes: 6abcef3f-3f35-471a-9739-1d418d62cada{ip: 192.168.34.56, host: pr-hdds-2111-hlhfn-3535364396, networkLocation: /default-rack, certSerialId: null}, Type:RATIS, Factor:ONE, State:OPEN]
2019-09-16 19:11:18,804 [grpc-default-executor-0] INFO  impl.RaftServerProxy (RaftServerProxy.java:addNew(89)) - 4773b317-5b37-4901-9e93-e460a24d1141: addNew group-ACC8D0136C7A:[4773b317-5b37-4901-9e93-e460a24d1141:192.168.34.56:46271] returns group-ACC8D0136C7A:java.util.concurrent.CompletableFuture@500dcac3[Not completed]
2019-09-16 19:11:18,810 [pool-117-thread-1] INFO  impl.RaftServerImpl (RaftServerImpl.java:<init>(95)) - 4773b317-5b37-4901-9e93-e460a24d1141: new RaftServerImpl for group-ACC8D0136C7A:[4773b317-5b37-4901-9e93-e460a24d1141:192.168.34.56:46271] with ContainerStateMachine:uninitialized
2019-09-16 19:11:18,810 [pool-117-thread-1] INFO  server.RaftServerConfigKeys (ConfUtils.java:logGet(43)) - raft.server.rpc.timeout.min = 1s (custom)
2019-09-16 19:11:18,810 [pool-117-thread-1] INFO  server.RaftServerConfigKeys (ConfUtils.java:logGet(43)) - raft.server.rpc.timeout.max = 1200ms (custom)
2019-09-16 19:11:18,810 [pool-117-thread-1] INFO  server.RaftServerConfigKeys (ConfUtils.java:logGet(43)) - raft.server.rpcslowness.timeout = 120s (custom)
2019-09-16 19:11:18,811 [pool-117-thread-1] INFO  server.RaftServerConfigKeys (ConfUtils.java:logGet(43)) - raft.server.sleep.deviation.threshold = 300 (default)
2019-09-16 19:11:18,811 [pool-117-thread-1] INFO  server.RaftServerConfigKeys (ConfUtils.java:logGet(43)) - raft.server.log.appender.install.snapshot.enabled = false (custom)
2019-09-16 19:11:18,811 [pool-117-thread-1] INFO  impl.RaftServerImpl (ServerState.java:<init>(103)) - 4773b317-5b37-4901-9e93-e460a24d1141@group-ACC8D0136C7A: ConfigurationManager, init=-1: [4773b317-5b37-4901-9e93-e460a24d1141:192.168.34.56:46271], old=null, confs=<EMPTY_MAP>
2019-09-16 19:11:18,811 [pool-117-thread-1] INFO  server.RaftServerConfigKeys (ConfUtils.java:logGet(43)) - raft.server.storage.dir = [/workdir/hadoop-ozone/integration-test/target/test-dir/MiniOzoneClusterImpl-3fc8568e-3664-4be6-9c60-644bdcd1012a/datanode-9/data/ratis] (custom)
2019-09-16 19:11:18,812 [pool-117-thread-1] INFO  storage.RaftStorageDirectory (RaftStorageDirectory.java:analyzeStorage(246)) - The storage directory /workdir/hadoop-ozone/integration-test/target/test-dir/MiniOzoneClusterImpl-3fc8568e-3664-4be6-9c60-644bdcd1012a/datanode-9/data/ratis/e5f3cda4-1011-48c4-b29f-acc8d0136c7a does not exist. Creating ...
2019-09-16 19:11:18,825 [pool-117-thread-1] INFO  storage.RaftStorageDirectory (RaftStorageDirectory.java:tryLock(328)) - Lock on /workdir/hadoop-ozone/integration-test/target/test-dir/MiniOzoneClusterImpl-3fc8568e-3664-4be6-9c60-644bdcd1012a/datanode-9/data/ratis/e5f3cda4-1011-48c4-b29f-acc8d0136c7a/in_use.lock acquired by nodename 4836@pr-hdds-2111-hlhfn-3535364396
2019-09-16 19:11:18,838 [pool-117-thread-1] INFO  storage.RaftStorage (RaftStorage.java:format(72)) - Storage directory /workdir/hadoop-ozone/integration-test/target/test-dir/MiniOzoneClusterImpl-3fc8568e-3664-4be6-9c60-644bdcd1012a/datanode-9/data/ratis/e5f3cda4-1011-48c4-b29f-acc8d0136c7a has been successfully formatted.
2019-09-16 19:11:18,839 [pool-117-thread-1] INFO  ratis.ContainerStateMachine (ContainerStateMachine.java:loadSnapshot(230)) - group-ACC8D0136C7A: The snapshot info is null. Setting the last applied indexto:(t:0, i:~)
2019-09-16 19:11:18,839 [pool-117-thread-1] INFO  server.RaftServerConfigKeys (ConfUtils.java:logGet(43)) - raft.server.notification.no-leader.timeout = 120s (custom)
2019-09-16 19:11:18,839 [pool-117-thread-1] INFO  server.RaftServerConfigKeys (ConfUtils.java:logGet(43)) - raft.server.log.use.memory = false (default)
2019-09-16 19:11:18,839 [pool-117-thread-1] INFO  server.RaftServerConfigKeys (ConfUtils.java:logGet(43)) - raft.server.log.purge.gap = 1000000 (custom)
2019-09-16 19:11:18,839 [pool-117-thread-1] INFO  server.RaftServerConfigKeys (ConfUtils.java:logGet(43)) - raft.server.log.appender.buffer.byte-limit = 33554432 (custom)
2019-09-16 19:11:18,840 [pool-117-thread-1] INFO  server.RaftServerConfigKeys (ConfUtils.java:logGet(43)) - raft.server.log.segment.size.max = 1048576 (custom)
2019-09-16 19:11:18,840 [pool-117-thread-1] INFO  server.RaftServerConfigKeys (ConfUtils.java:logGet(43)) - raft.server.log.segment.cache.num.max = 2 (custom)
2019-09-16 19:11:18,840 [pool-117-thread-1] INFO  segmented.SegmentedRaftLogWorker (SegmentedRaftLogWorker.java:<init>(172)) - new 4773b317-5b37-4901-9e93-e460a24d1141@group-ACC8D0136C7A-SegmentedRaftLogWorker for RaftStorage:Storage Directory /workdir/hadoop-ozone/integration-test/target/test-dir/MiniOzoneClusterImpl-3fc8568e-3664-4be6-9c60-644bdcd1012a/datanode-9/data/ratis/e5f3cda4-1011-48c4-b29f-acc8d0136c7a
2019-09-16 19:11:18,843 [pool-117-thread-1] INFO  server.RaftServerConfigKeys (ConfUtils.java:logGet(43)) - raft.server.log.queue.byte-limit = 2147483647 (custom)
2019-09-16 19:11:18,843 [pool-117-thread-1] INFO  server.RaftServerConfigKeys (ConfUtils.java:logGet(43)) - raft.server.log.queue.element-limit = 1024 (custom)
2019-09-16 19:11:18,844 [pool-117-thread-1] INFO  server.RaftServerConfigKeys (ConfUtils.java:logGet(43)) - raft.server.log.segment.size.max = 1048576 (custom)
2019-09-16 19:11:18,844 [pool-117-thread-1] INFO  server.RaftServerConfigKeys (ConfUtils.java:logGet(43)) - raft.server.log.preallocated.size = 16384 (custom)
2019-09-16 19:11:18,844 [pool-117-thread-1] INFO  server.RaftServerConfigKeys (ConfUtils.java:logGet(43)) - raft.server.log.write.buffer.size = 33554432 (custom)
2019-09-16 19:11:18,844 [pool-117-thread-1] INFO  server.RaftServerConfigKeys (ConfUtils.java:logGet(43)) - raft.server.log.force.sync.num = 128 (default)
2019-09-16 19:11:18,844 [pool-117-thread-1] INFO  server.RaftServerConfigKeys (ConfUtils.java:logGet(43)) - raft.server.log.statemachine.data.sync = true (default)
2019-09-16 19:11:18,845 [pool-117-thread-1] INFO  server.RaftServerConfigKeys (ConfUtils.java:logGet(43)) - raft.server.log.statemachine.data.sync.timeout = 10s (default)
2019-09-16 19:11:18,845 [pool-117-thread-1] INFO  server.RaftServerConfigKeys (ConfUtils.java:logGet(43)) - raft.server.log.statemachine.data.sync.timeout.retry = -1 (default)
2019-09-16 19:11:18,845 [pool-117-thread-1] INFO  server.RaftServerConfigKeys (ConfUtils.java:logGet(43)) - raft.server.log.statemachine.data.caching.enabled = true (custom)
2019-09-16 19:11:18,846 [pool-117-thread-1] INFO  segmented.SegmentedRaftLogWorker (SegmentedRaftLogWorker.java:lambda$new$0(132)) - 4773b317-5b37-4901-9e93-e460a24d1141@group-ACC8D0136C7A-SegmentedRaftLogWorker: flushIndex: setUnconditionally 0 -> -1
2019-09-16 19:11:18,846 [pool-117-thread-1] INFO  server.RaftServerConfigKeys (ConfUtils.java:logGet(43)) - raft.server.snapshot.auto.trigger.enabled = true (custom)
2019-09-16 19:11:18,846 [pool-117-thread-1] INFO  server.RaftServerConfigKeys (ConfUtils.java:logGet(43)) - raft.server.snapshot.auto.trigger.threshold = 10000 (custom)
2019-09-16 19:11:18,846 [pool-117-thread-1] INFO  server.RaftServerConfigKeys (ConfUtils.java:logGet(43)) - raft.server.snapshot.retention.num.files = -1 (default)
2019-09-16 19:11:18,847 [pool-117-thread-1] INFO  server.RaftServerConfigKeys (ConfUtils.java:logGet(43)) - raft.server.retrycache.expirytime = 600000ms (custom)
2019-09-16 19:11:18,850 [pool-117-thread-1] INFO  impl.RaftServerImpl (RaftServerImpl.java:start(185)) - 4773b317-5b37-4901-9e93-e460a24d1141@group-ACC8D0136C7A: start as a follower, conf=-1: [4773b317-5b37-4901-9e93-e460a24d1141:192.168.34.56:46271], old=null
2019-09-16 19:11:18,850 [pool-117-thread-1] INFO  impl.RaftServerImpl (RaftServerImpl.java:setRole(174)) - 4773b317-5b37-4901-9e93-e460a24d1141@group-ACC8D0136C7A: changes role from      null to FOLLOWER at term 0 for startAsFollower
2019-09-16 19:11:18,850 [pool-117-thread-1] INFO  impl.RoleInfo (RoleInfo.java:updateAndGet(143)) - 4773b317-5b37-4901-9e93-e460a24d1141: start FollowerState
2019-09-16 19:11:18,851 [pool-117-thread-1] INFO  util.JmxRegister (JmxRegister.java:tryRegister(44)) - Successfully registered JMX Bean with object name Ratis:service=RaftServer,group=group-ACC8D0136C7A,id=4773b317-5b37-4901-9e93-e460a24d1141
2019-09-16 19:11:18,868 [RatisPipelineUtilsThread] INFO  pipeline.PipelineStateManager (PipelineStateManager.java:addPipeline(56)) - Created pipeline Pipeline[ Id: e5f3cda4-1011-48c4-b29f-acc8d0136c7a, Nodes: 4773b317-5b37-4901-9e93-e460a24d1141{ip: 192.168.34.56, host: pr-hdds-2111-hlhfn-3535364396, networkLocation: /default-rack, certSerialId: null}, Type:RATIS, Factor:ONE, State:OPEN]
2019-09-16 19:11:18,889 [grpc-default-executor-0] INFO  impl.RaftServerProxy (RaftServerProxy.java:addNew(89)) - 938e50ce-7856-436b-8929-0e37f4d51388: addNew group-1772BACA3076:[938e50ce-7856-436b-8929-0e37f4d51388:192.168.34.56:36082] returns group-1772BACA3076:java.util.concurrent.CompletableFuture@221ea9c3[Not completed]
2019-09-16 19:11:18,895 [pool-67-thread-1] INFO  impl.RaftServerImpl (RaftServerImpl.java:<init>(95)) - 938e50ce-7856-436b-8929-0e37f4d51388: new RaftServerImpl for group-1772BACA3076:[938e50ce-7856-436b-8929-0e37f4d51388:192.168.34.56:36082] with ContainerStateMachine:uninitialized
2019-09-16 19:11:18,897 [pool-67-thread-1] INFO  server.RaftServerConfigKeys (ConfUtils.java:logGet(43)) - raft.server.rpc.timeout.min = 1s (custom)
2019-09-16 19:11:18,897 [pool-67-thread-1] INFO  server.RaftServerConfigKeys (ConfUtils.java:logGet(43)) - raft.server.rpc.timeout.max = 1200ms (custom)
2019-09-16 19:11:18,897 [pool-67-thread-1] INFO  server.RaftServerConfigKeys (ConfUtils.java:logGet(43)) - raft.server.rpcslowness.timeout = 120s (custom)
2019-09-16 19:11:18,897 [pool-67-thread-1] INFO  server.RaftServerConfigKeys (ConfUtils.java:logGet(43)) - raft.server.sleep.deviation.threshold = 300 (default)
2019-09-16 19:11:18,897 [pool-67-thread-1] INFO  server.RaftServerConfigKeys (ConfUtils.java:logGet(43)) - raft.server.log.appender.install.snapshot.enabled = false (custom)
2019-09-16 19:11:18,897 [pool-67-thread-1] INFO  impl.RaftServerImpl (ServerState.java:<init>(103)) - 938e50ce-7856-436b-8929-0e37f4d51388@group-1772BACA3076: ConfigurationManager, init=-1: [938e50ce-7856-436b-8929-0e37f4d51388:192.168.34.56:36082], old=null, confs=<EMPTY_MAP>
2019-09-16 19:11:18,898 [pool-67-thread-1] INFO  server.RaftServerConfigKeys (ConfUtils.java:logGet(43)) - raft.server.storage.dir = [/workdir/hadoop-ozone/integration-test/target/test-dir/MiniOzoneClusterImpl-3fc8568e-3664-4be6-9c60-644bdcd1012a/datanode-4/data/ratis] (custom)
2019-09-16 19:11:18,898 [pool-67-thread-1] INFO  storage.RaftStorageDirectory (RaftStorageDirectory.java:analyzeStorage(246)) - The storage directory /workdir/hadoop-ozone/integration-test/target/test-dir/MiniOzoneClusterImpl-3fc8568e-3664-4be6-9c60-644bdcd1012a/datanode-4/data/ratis/9dd9c915-f9a3-47cb-a14d-1772baca3076 does not exist. Creating ...
2019-09-16 19:11:18,910 [pool-67-thread-1] INFO  storage.RaftStorageDirectory (RaftStorageDirectory.java:tryLock(328)) - Lock on /workdir/hadoop-ozone/integration-test/target/test-dir/MiniOzoneClusterImpl-3fc8568e-3664-4be6-9c60-644bdcd1012a/datanode-4/data/ratis/9dd9c915-f9a3-47cb-a14d-1772baca3076/in_use.lock acquired by nodename 4836@pr-hdds-2111-hlhfn-3535364396
2019-09-16 19:11:18,918 [Thread-285] INFO  impl.FollowerState (FollowerState.java:run(106)) - e0619aa3-4ba4-49c8-ac60-3d80bbb74aab:group-58FBDF36B74E changes to CANDIDATE, lastRpcTime:1004, electionTimeout:1004ms
2019-09-16 19:11:18,920 [Thread-285] INFO  impl.RoleInfo (RoleInfo.java:shutdownFollowerState(121)) - e0619aa3-4ba4-49c8-ac60-3d80bbb74aab: shutdown FollowerState
2019-09-16 19:11:18,920 [Thread-285] INFO  impl.RaftServerImpl (RaftServerImpl.java:setRole(174)) - e0619aa3-4ba4-49c8-ac60-3d80bbb74aab@group-58FBDF36B74E: changes role from  FOLLOWER to CANDIDATE at term 0 for changeToCandidate
2019-09-16 19:11:18,927 [pool-67-thread-1] INFO  storage.RaftStorage (RaftStorage.java:format(72)) - Storage directory /workdir/hadoop-ozone/integration-test/target/test-dir/MiniOzoneClusterImpl-3fc8568e-3664-4be6-9c60-644bdcd1012a/datanode-4/data/ratis/9dd9c915-f9a3-47cb-a14d-1772baca3076 has been successfully formatted.
2019-09-16 19:11:18,927 [Thread-285] INFO  impl.RoleInfo (RoleInfo.java:updateAndGet(143)) - e0619aa3-4ba4-49c8-ac60-3d80bbb74aab: start LeaderElection
2019-09-16 19:11:18,927 [pool-67-thread-1] INFO  ratis.ContainerStateMachine (ContainerStateMachine.java:loadSnapshot(230)) - group-1772BACA3076: The snapshot info is null. Setting the last applied indexto:(t:0, i:~)
2019-09-16 19:11:18,928 [pool-67-thread-1] INFO  server.RaftServerConfigKeys (ConfUtils.java:logGet(43)) - raft.server.notification.no-leader.timeout = 120s (custom)
2019-09-16 19:11:18,928 [pool-67-thread-1] INFO  server.RaftServerConfigKeys (ConfUtils.java:logGet(43)) - raft.server.log.use.memory = false (default)
2019-09-16 19:11:18,928 [pool-67-thread-1] INFO  server.RaftServerConfigKeys (ConfUtils.java:logGet(43)) - raft.server.log.purge.gap = 1000000 (custom)
2019-09-16 19:11:18,931 [pool-67-thread-1] INFO  server.RaftServerConfigKeys (ConfUtils.java:logGet(43)) - raft.server.log.appender.buffer.byte-limit = 33554432 (custom)
2019-09-16 19:11:18,933 [pool-67-thread-1] INFO  server.RaftServerConfigKeys (ConfUtils.java:logGet(43)) - raft.server.log.segment.size.max = 1048576 (custom)
2019-09-16 19:11:18,935 [pool-67-thread-1] INFO  server.RaftServerConfigKeys (ConfUtils.java:logGet(43)) - raft.server.log.segment.cache.num.max = 2 (custom)
2019-09-16 19:11:18,935 [pool-67-thread-1] INFO  segmented.SegmentedRaftLogWorker (SegmentedRaftLogWorker.java:<init>(172)) - new 938e50ce-7856-436b-8929-0e37f4d51388@group-1772BACA3076-SegmentedRaftLogWorker for RaftStorage:Storage Directory /workdir/hadoop-ozone/integration-test/target/test-dir/MiniOzoneClusterImpl-3fc8568e-3664-4be6-9c60-644bdcd1012a/datanode-4/data/ratis/9dd9c915-f9a3-47cb-a14d-1772baca3076
2019-09-16 19:11:18,937 [pool-67-thread-1] INFO  server.RaftServerConfigKeys (ConfUtils.java:logGet(43)) - raft.server.log.queue.byte-limit = 2147483647 (custom)
2019-09-16 19:11:18,937 [pool-67-thread-1] INFO  server.RaftServerConfigKeys (ConfUtils.java:logGet(43)) - raft.server.log.queue.element-limit = 1024 (custom)
2019-09-16 19:11:18,937 [pool-67-thread-1] INFO  server.RaftServerConfigKeys (ConfUtils.java:logGet(43)) - raft.server.log.segment.size.max = 1048576 (custom)
2019-09-16 19:11:18,937 [pool-67-thread-1] INFO  server.RaftServerConfigKeys (ConfUtils.java:logGet(43)) - raft.server.log.preallocated.size = 16384 (custom)
2019-09-16 19:11:18,937 [pool-67-thread-1] INFO  server.RaftServerConfigKeys (ConfUtils.java:logGet(43)) - raft.server.log.write.buffer.size = 33554432 (custom)
2019-09-16 19:11:18,938 [pool-67-thread-1] INFO  server.RaftServerConfigKeys (ConfUtils.java:logGet(43)) - raft.server.log.force.sync.num = 128 (default)
2019-09-16 19:11:18,938 [pool-67-thread-1] INFO  server.RaftServerConfigKeys (ConfUtils.java:logGet(43)) - raft.server.log.statemachine.data.sync = true (default)
2019-09-16 19:11:18,938 [pool-67-thread-1] INFO  server.RaftServerConfigKeys (ConfUtils.java:logGet(43)) - raft.server.log.statemachine.data.sync.timeout = 10s (default)
2019-09-16 19:11:18,938 [pool-67-thread-1] INFO  server.RaftServerConfigKeys (ConfUtils.java:logGet(43)) - raft.server.log.statemachine.data.sync.timeout.retry = -1 (default)
2019-09-16 19:11:18,938 [pool-67-thread-1] INFO  server.RaftServerConfigKeys (ConfUtils.java:logGet(43)) - raft.server.log.statemachine.data.caching.enabled = true (custom)
2019-09-16 19:11:18,938 [pool-67-thread-1] INFO  segmented.SegmentedRaftLogWorker (SegmentedRaftLogWorker.java:lambda$new$0(132)) - 938e50ce-7856-436b-8929-0e37f4d51388@group-1772BACA3076-SegmentedRaftLogWorker: flushIndex: setUnconditionally 0 -> -1
2019-09-16 19:11:18,939 [pool-67-thread-1] INFO  server.RaftServerConfigKeys (ConfUtils.java:logGet(43)) - raft.server.snapshot.auto.trigger.enabled = true (custom)
2019-09-16 19:11:18,939 [pool-67-thread-1] INFO  server.RaftServerConfigKeys (ConfUtils.java:logGet(43)) - raft.server.snapshot.auto.trigger.threshold = 10000 (custom)
2019-09-16 19:11:18,939 [pool-67-thread-1] INFO  server.RaftServerConfigKeys (ConfUtils.java:logGet(43)) - raft.server.snapshot.retention.num.files = -1 (default)
2019-09-16 19:11:18,939 [pool-67-thread-1] INFO  server.RaftServerConfigKeys (ConfUtils.java:logGet(43)) - raft.server.retrycache.expirytime = 600000ms (custom)
2019-09-16 19:11:18,941 [pool-67-thread-1] INFO  impl.RaftServerImpl (RaftServerImpl.java:start(185)) - 938e50ce-7856-436b-8929-0e37f4d51388@group-1772BACA3076: start as a follower, conf=-1: [938e50ce-7856-436b-8929-0e37f4d51388:192.168.34.56:36082], old=null
2019-09-16 19:11:18,941 [pool-67-thread-1] INFO  impl.RaftServerImpl (RaftServerImpl.java:setRole(174)) - 938e50ce-7856-436b-8929-0e37f4d51388@group-1772BACA3076: changes role from      null to FOLLOWER at term 0 for startAsFollower
2019-09-16 19:11:18,941 [pool-67-thread-1] INFO  impl.RoleInfo (RoleInfo.java:updateAndGet(143)) - 938e50ce-7856-436b-8929-0e37f4d51388: start FollowerState
2019-09-16 19:11:18,941 [pool-67-thread-1] INFO  util.JmxRegister (JmxRegister.java:tryRegister(44)) - Successfully registered JMX Bean with object name Ratis:service=RaftServer,group=group-1772BACA3076,id=938e50ce-7856-436b-8929-0e37f4d51388
2019-09-16 19:11:18,949 [e0619aa3-4ba4-49c8-ac60-3d80bbb74aab@group-58FBDF36B74E:LeaderElection1] INFO  impl.LeaderElection (LeaderElection.java:askForVotes(182)) - e0619aa3-4ba4-49c8-ac60-3d80bbb74aab@group-58FBDF36B74E:LeaderElection1: begin an election at term 1 for -1: [e0619aa3-4ba4-49c8-ac60-3d80bbb74aab:192.168.34.56:40045], old=null
2019-09-16 19:11:18,954 [RatisPipelineUtilsThread] INFO  pipeline.PipelineStateManager (PipelineStateManager.java:addPipeline(56)) - Created pipeline Pipeline[ Id: 9dd9c915-f9a3-47cb-a14d-1772baca3076, Nodes: 938e50ce-7856-436b-8929-0e37f4d51388{ip: 192.168.34.56, host: pr-hdds-2111-hlhfn-3535364396, networkLocation: /default-rack, certSerialId: null}, Type:RATIS, Factor:ONE, State:OPEN]
2019-09-16 19:11:18,956 [e0619aa3-4ba4-49c8-ac60-3d80bbb74aab@group-58FBDF36B74E:LeaderElection1] INFO  impl.RoleInfo (RoleInfo.java:shutdownLeaderElection(134)) - e0619aa3-4ba4-49c8-ac60-3d80bbb74aab: shutdown LeaderElection
2019-09-16 19:11:18,957 [e0619aa3-4ba4-49c8-ac60-3d80bbb74aab@group-58FBDF36B74E:LeaderElection1] INFO  impl.RaftServerImpl (RaftServerImpl.java:setRole(174)) - e0619aa3-4ba4-49c8-ac60-3d80bbb74aab@group-58FBDF36B74E: changes role from CANDIDATE to LEADER at term 1 for changeToLeader
2019-09-16 19:11:18,958 [e0619aa3-4ba4-49c8-ac60-3d80bbb74aab@group-58FBDF36B74E:LeaderElection1] INFO  impl.RaftServerImpl (ServerState.java:setLeader(253)) - e0619aa3-4ba4-49c8-ac60-3d80bbb74aab@group-58FBDF36B74E: change Leader from null to e0619aa3-4ba4-49c8-ac60-3d80bbb74aab at term 1 for becomeLeader, leader elected after 1157ms
2019-09-16 19:11:19,004 [e0619aa3-4ba4-49c8-ac60-3d80bbb74aab@group-58FBDF36B74E:LeaderElection1] INFO  server.RaftServerConfigKeys (ConfUtils.java:logGet(43)) - raft.server.staging.catchup.gap = 1000 (default)
2019-09-16 19:11:19,007 [e0619aa3-4ba4-49c8-ac60-3d80bbb74aab@group-58FBDF36B74E:LeaderElection1] INFO  server.RaftServerConfigKeys (ConfUtils.java:logGet(43)) - raft.server.rpc.sleep.time = 25ms (default)
2019-09-16 19:11:19,009 [grpc-default-executor-0] INFO  impl.RaftServerProxy (RaftServerProxy.java:addNew(89)) - 8deec2e2-b279-48f9-9858-2a3830dd2acf: addNew group-D7585733696E:[8deec2e2-b279-48f9-9858-2a3830dd2acf:192.168.34.56:42679] returns group-D7585733696E:java.util.concurrent.CompletableFuture@1d088fd3[Not completed]
2019-09-16 19:11:19,011 [pool-87-thread-1] INFO  impl.RaftServerImpl (RaftServerImpl.java:<init>(95)) - 8deec2e2-b279-48f9-9858-2a3830dd2acf: new RaftServerImpl for group-D7585733696E:[8deec2e2-b279-48f9-9858-2a3830dd2acf:192.168.34.56:42679] with ContainerStateMachine:uninitialized
2019-09-16 19:11:19,011 [pool-87-thread-1] INFO  server.RaftServerConfigKeys (ConfUtils.java:logGet(43)) - raft.server.rpc.timeout.min = 1s (custom)
2019-09-16 19:11:19,012 [pool-87-thread-1] INFO  server.RaftServerConfigKeys (ConfUtils.java:logGet(43)) - raft.server.rpc.timeout.max = 1200ms (custom)
2019-09-16 19:11:19,012 [pool-87-thread-1] INFO  server.RaftServerConfigKeys (ConfUtils.java:logGet(43)) - raft.server.rpcslowness.timeout = 120s (custom)
2019-09-16 19:11:19,012 [pool-87-thread-1] INFO  server.RaftServerConfigKeys (ConfUtils.java:logGet(43)) - raft.server.sleep.deviation.threshold = 300 (default)
2019-09-16 19:11:19,012 [e0619aa3-4ba4-49c8-ac60-3d80bbb74aab@group-58FBDF36B74E:LeaderElection1] INFO  server.RaftServerConfigKeys (ConfUtils.java:logGet(43)) - raft.server.write.element-limit = 4096 (default)
2019-09-16 19:11:19,012 [pool-87-thread-1] INFO  server.RaftServerConfigKeys (ConfUtils.java:logGet(43)) - raft.server.log.appender.install.snapshot.enabled = false (custom)
2019-09-16 19:11:19,012 [pool-87-thread-1] INFO  impl.RaftServerImpl (ServerState.java:<init>(103)) - 8deec2e2-b279-48f9-9858-2a3830dd2acf@group-D7585733696E: ConfigurationManager, init=-1: [8deec2e2-b279-48f9-9858-2a3830dd2acf:192.168.34.56:42679], old=null, confs=<EMPTY_MAP>
2019-09-16 19:11:19,013 [pool-87-thread-1] INFO  server.RaftServerConfigKeys (ConfUtils.java:logGet(43)) - raft.server.storage.dir = [/workdir/hadoop-ozone/integration-test/target/test-dir/MiniOzoneClusterImpl-3fc8568e-3664-4be6-9c60-644bdcd1012a/datanode-6/data/ratis] (custom)
2019-09-16 19:11:19,013 [pool-87-thread-1] INFO  storage.RaftStorageDirectory (RaftStorageDirectory.java:analyzeStorage(246)) - The storage directory /workdir/hadoop-ozone/integration-test/target/test-dir/MiniOzoneClusterImpl-3fc8568e-3664-4be6-9c60-644bdcd1012a/datanode-6/data/ratis/5a64956b-bddc-4e22-b99f-d7585733696e does not exist. Creating ...
2019-09-16 19:11:19,015 [e0619aa3-4ba4-49c8-ac60-3d80bbb74aab@group-58FBDF36B74E:LeaderElection1] INFO  server.RaftServerConfigKeys (ConfUtils.java:logGet(43)) - raft.server.watch.timeout = 10s (default)
2019-09-16 19:11:19,015 [e0619aa3-4ba4-49c8-ac60-3d80bbb74aab@group-58FBDF36B74E:LeaderElection1] INFO  server.RaftServerConfigKeys (ConfUtils.java:logGet(43)) - raft.server.watch.timeout.denomination = 1s (default)
2019-09-16 19:11:19,016 [e0619aa3-4ba4-49c8-ac60-3d80bbb74aab@group-58FBDF36B74E:LeaderElection1] INFO  server.RaftServerConfigKeys (ConfUtils.java:logGet(43)) - raft.server.watch.element-limit = 65536 (default)
2019-09-16 19:11:19,026 [pool-87-thread-1] INFO  storage.RaftStorageDirectory (RaftStorageDirectory.java:tryLock(328)) - Lock on /workdir/hadoop-ozone/integration-test/target/test-dir/MiniOzoneClusterImpl-3fc8568e-3664-4be6-9c60-644bdcd1012a/datanode-6/data/ratis/5a64956b-bddc-4e22-b99f-d7585733696e/in_use.lock acquired by nodename 4836@pr-hdds-2111-hlhfn-3535364396
2019-09-16 19:11:19,029 [e0619aa3-4ba4-49c8-ac60-3d80bbb74aab@group-58FBDF36B74E:LeaderElection1] INFO  impl.RoleInfo (RoleInfo.java:updateAndGet(143)) - e0619aa3-4ba4-49c8-ac60-3d80bbb74aab: start LeaderState
2019-09-16 19:11:19,040 [pool-87-thread-1] INFO  storage.RaftStorage (RaftStorage.java:format(72)) - Storage directory /workdir/hadoop-ozone/integration-test/target/test-dir/MiniOzoneClusterImpl-3fc8568e-3664-4be6-9c60-644bdcd1012a/datanode-6/data/ratis/5a64956b-bddc-4e22-b99f-d7585733696e has been successfully formatted.
2019-09-16 19:11:19,040 [pool-87-thread-1] INFO  ratis.ContainerStateMachine (ContainerStateMachine.java:loadSnapshot(230)) - group-D7585733696E: The snapshot info is null. Setting the last applied indexto:(t:0, i:~)
2019-09-16 19:11:19,040 [pool-87-thread-1] INFO  server.RaftServerConfigKeys (ConfUtils.java:logGet(43)) - raft.server.notification.no-leader.timeout = 120s (custom)
2019-09-16 19:11:19,040 [pool-87-thread-1] INFO  server.RaftServerConfigKeys (ConfUtils.java:logGet(43)) - raft.server.log.use.memory = false (default)
2019-09-16 19:11:19,040 [pool-87-thread-1] INFO  server.RaftServerConfigKeys (ConfUtils.java:logGet(43)) - raft.server.log.purge.gap = 1000000 (custom)
2019-09-16 19:11:19,041 [pool-87-thread-1] INFO  server.RaftServerConfigKeys (ConfUtils.java:logGet(43)) - raft.server.log.appender.buffer.byte-limit = 33554432 (custom)
2019-09-16 19:11:19,041 [pool-87-thread-1] INFO  server.RaftServerConfigKeys (ConfUtils.java:logGet(43)) - raft.server.log.segment.size.max = 1048576 (custom)
2019-09-16 19:11:19,041 [pool-87-thread-1] INFO  server.RaftServerConfigKeys (ConfUtils.java:logGet(43)) - raft.server.log.segment.cache.num.max = 2 (custom)
2019-09-16 19:11:19,041 [pool-87-thread-1] INFO  segmented.SegmentedRaftLogWorker (SegmentedRaftLogWorker.java:<init>(172)) - new 8deec2e2-b279-48f9-9858-2a3830dd2acf@group-D7585733696E-SegmentedRaftLogWorker for RaftStorage:Storage Directory /workdir/hadoop-ozone/integration-test/target/test-dir/MiniOzoneClusterImpl-3fc8568e-3664-4be6-9c60-644bdcd1012a/datanode-6/data/ratis/5a64956b-bddc-4e22-b99f-d7585733696e
2019-09-16 19:11:19,043 [pool-87-thread-1] INFO  server.RaftServerConfigKeys (ConfUtils.java:logGet(43)) - raft.server.log.queue.byte-limit = 2147483647 (custom)
2019-09-16 19:11:19,043 [pool-87-thread-1] INFO  server.RaftServerConfigKeys (ConfUtils.java:logGet(43)) - raft.server.log.queue.element-limit = 1024 (custom)
2019-09-16 19:11:19,043 [pool-87-thread-1] INFO  server.RaftServerConfigKeys (ConfUtils.java:logGet(43)) - raft.server.log.segment.size.max = 1048576 (custom)
2019-09-16 19:11:19,043 [pool-87-thread-1] INFO  server.RaftServerConfigKeys (ConfUtils.java:logGet(43)) - raft.server.log.preallocated.size = 16384 (custom)
2019-09-16 19:11:19,043 [pool-87-thread-1] INFO  server.RaftServerConfigKeys (ConfUtils.java:logGet(43)) - raft.server.log.write.buffer.size = 33554432 (custom)
2019-09-16 19:11:19,044 [pool-87-thread-1] INFO  server.RaftServerConfigKeys (ConfUtils.java:logGet(43)) - raft.server.log.force.sync.num = 128 (default)
2019-09-16 19:11:19,044 [pool-87-thread-1] INFO  server.RaftServerConfigKeys (ConfUtils.java:logGet(43)) - raft.server.log.statemachine.data.sync = true (default)
2019-09-16 19:11:19,044 [pool-87-thread-1] INFO  server.RaftServerConfigKeys (ConfUtils.java:logGet(43)) - raft.server.log.statemachine.data.sync.timeout = 10s (default)
2019-09-16 19:11:19,044 [pool-87-thread-1] INFO  server.RaftServerConfigKeys (ConfUtils.java:logGet(43)) - raft.server.log.statemachine.data.sync.timeout.retry = -1 (default)
2019-09-16 19:11:19,044 [pool-87-thread-1] INFO  server.RaftServerConfigKeys (ConfUtils.java:logGet(43)) - raft.server.log.statemachine.data.caching.enabled = true (custom)
2019-09-16 19:11:19,044 [pool-87-thread-1] INFO  segmented.SegmentedRaftLogWorker (SegmentedRaftLogWorker.java:lambda$new$0(132)) - 8deec2e2-b279-48f9-9858-2a3830dd2acf@group-D7585733696E-SegmentedRaftLogWorker: flushIndex: setUnconditionally 0 -> -1
2019-09-16 19:11:19,045 [pool-87-thread-1] INFO  server.RaftServerConfigKeys (ConfUtils.java:logGet(43)) - raft.server.snapshot.auto.trigger.enabled = true (custom)
2019-09-16 19:11:19,048 [pool-87-thread-1] INFO  server.RaftServerConfigKeys (ConfUtils.java:logGet(43)) - raft.server.snapshot.auto.trigger.threshold = 10000 (custom)
2019-09-16 19:11:19,048 [pool-87-thread-1] INFO  server.RaftServerConfigKeys (ConfUtils.java:logGet(43)) - raft.server.snapshot.retention.num.files = -1 (default)
2019-09-16 19:11:19,049 [pool-87-thread-1] INFO  server.RaftServerConfigKeys (ConfUtils.java:logGet(43)) - raft.server.retrycache.expirytime = 600000ms (custom)
2019-09-16 19:11:19,050 [e0619aa3-4ba4-49c8-ac60-3d80bbb74aab@group-58FBDF36B74E:LeaderElection1] INFO  segmented.SegmentedRaftLogWorker (SegmentedRaftLogWorker.java:startLogSegment(380)) - e0619aa3-4ba4-49c8-ac60-3d80bbb74aab@group-58FBDF36B74E-SegmentedRaftLogWorker: Starting segment from index:0
2019-09-16 19:11:19,051 [pool-87-thread-1] INFO  impl.RaftServerImpl (RaftServerImpl.java:start(185)) - 8deec2e2-b279-48f9-9858-2a3830dd2acf@group-D7585733696E: start as a follower, conf=-1: [8deec2e2-b279-48f9-9858-2a3830dd2acf:192.168.34.56:42679], old=null
2019-09-16 19:11:19,051 [pool-87-thread-1] INFO  impl.RaftServerImpl (RaftServerImpl.java:setRole(174)) - 8deec2e2-b279-48f9-9858-2a3830dd2acf@group-D7585733696E: changes role from      null to FOLLOWER at term 0 for startAsFollower
2019-09-16 19:11:19,051 [pool-87-thread-1] INFO  impl.RoleInfo (RoleInfo.java:updateAndGet(143)) - 8deec2e2-b279-48f9-9858-2a3830dd2acf: start FollowerState
2019-09-16 19:11:19,051 [pool-87-thread-1] INFO  util.JmxRegister (JmxRegister.java:tryRegister(44)) - Successfully registered JMX Bean with object name Ratis:service=RaftServer,group=group-D7585733696E,id=8deec2e2-b279-48f9-9858-2a3830dd2acf
2019-09-16 19:11:19,063 [RatisPipelineUtilsThread] INFO  pipeline.PipelineStateManager (PipelineStateManager.java:addPipeline(56)) - Created pipeline Pipeline[ Id: 5a64956b-bddc-4e22-b99f-d7585733696e, Nodes: 8deec2e2-b279-48f9-9858-2a3830dd2acf{ip: 192.168.34.56, host: pr-hdds-2111-hlhfn-3535364396, networkLocation: /default-rack, certSerialId: null}, Type:RATIS, Factor:ONE, State:OPEN]
2019-09-16 19:11:19,065 [e0619aa3-4ba4-49c8-ac60-3d80bbb74aab@group-58FBDF36B74E:LeaderElection1] INFO  impl.RaftServerImpl (ServerState.java:setRaftConf(354)) - e0619aa3-4ba4-49c8-ac60-3d80bbb74aab@group-58FBDF36B74E: set configuration 0: [e0619aa3-4ba4-49c8-ac60-3d80bbb74aab:192.168.34.56:40045], old=null at 0
2019-09-16 19:11:19,103 [grpc-default-executor-1] INFO  impl.RaftServerProxy (RaftServerProxy.java:addNew(89)) - 930b1328-fc80-47b7-a4b1-f8330041d315: addNew group-B5EFBA83B44C:[4bce4e32-952c-4220-bcc9-22a10ce18ca8:192.168.34.56:34355, e0619aa3-4ba4-49c8-ac60-3d80bbb74aab:192.168.34.56:40045, 930b1328-fc80-47b7-a4b1-f8330041d315:192.168.34.56:46332] returns group-B5EFBA83B44C:java.util.concurrent.CompletableFuture@24625c7[Not completed]
2019-09-16 19:11:19,103 [grpc-default-executor-0] INFO  impl.RaftServerProxy (RaftServerProxy.java:addNew(89)) - 4bce4e32-952c-4220-bcc9-22a10ce18ca8: addNew group-B5EFBA83B44C:[4bce4e32-952c-4220-bcc9-22a10ce18ca8:192.168.34.56:34355, e0619aa3-4ba4-49c8-ac60-3d80bbb74aab:192.168.34.56:40045, 930b1328-fc80-47b7-a4b1-f8330041d315:192.168.34.56:46332] returns group-B5EFBA83B44C:java.util.concurrent.CompletableFuture@f95076c[Not completed]
2019-09-16 19:11:19,103 [grpc-default-executor-2] INFO  impl.RaftServerProxy (RaftServerProxy.java:addNew(89)) - e0619aa3-4ba4-49c8-ac60-3d80bbb74aab: addNew group-B5EFBA83B44C:[4bce4e32-952c-4220-bcc9-22a10ce18ca8:192.168.34.56:34355, e0619aa3-4ba4-49c8-ac60-3d80bbb74aab:192.168.34.56:40045, 930b1328-fc80-47b7-a4b1-f8330041d315:192.168.34.56:46332] returns group-B5EFBA83B44C:java.util.concurrent.CompletableFuture@68ce6ca2[Not completed]
2019-09-16 19:11:19,105 [pool-27-thread-1] INFO  impl.RaftServerImpl (RaftServerImpl.java:<init>(95)) - e0619aa3-4ba4-49c8-ac60-3d80bbb74aab: new RaftServerImpl for group-B5EFBA83B44C:[4bce4e32-952c-4220-bcc9-22a10ce18ca8:192.168.34.56:34355, e0619aa3-4ba4-49c8-ac60-3d80bbb74aab:192.168.34.56:40045, 930b1328-fc80-47b7-a4b1-f8330041d315:192.168.34.56:46332] with ContainerStateMachine:uninitialized
2019-09-16 19:11:19,106 [pool-27-thread-1] INFO  server.RaftServerConfigKeys (ConfUtils.java:logGet(43)) - raft.server.rpc.timeout.min = 1s (custom)
2019-09-16 19:11:19,106 [pool-27-thread-1] INFO  server.RaftServerConfigKeys (ConfUtils.java:logGet(43)) - raft.server.rpc.timeout.max = 1200ms (custom)
2019-09-16 19:11:19,106 [pool-27-thread-1] INFO  server.RaftServerConfigKeys (ConfUtils.java:logGet(43)) - raft.server.rpcslowness.timeout = 120s (custom)
2019-09-16 19:11:19,106 [pool-27-thread-1] INFO  server.RaftServerConfigKeys (ConfUtils.java:logGet(43)) - raft.server.sleep.deviation.threshold = 300 (default)
2019-09-16 19:11:19,106 [pool-27-thread-1] INFO  server.RaftServerConfigKeys (ConfUtils.java:logGet(43)) - raft.server.log.appender.install.snapshot.enabled = false (custom)
2019-09-16 19:11:19,106 [pool-27-thread-1] INFO  impl.RaftServerImpl (ServerState.java:<init>(103)) - e0619aa3-4ba4-49c8-ac60-3d80bbb74aab@group-B5EFBA83B44C: ConfigurationManager, init=-1: [4bce4e32-952c-4220-bcc9-22a10ce18ca8:192.168.34.56:34355, e0619aa3-4ba4-49c8-ac60-3d80bbb74aab:192.168.34.56:40045, 930b1328-fc80-47b7-a4b1-f8330041d315:192.168.34.56:46332], old=null, confs=<EMPTY_MAP>
2019-09-16 19:11:19,107 [pool-107-thread-1] INFO  impl.RaftServerImpl (RaftServerImpl.java:<init>(95)) - 930b1328-fc80-47b7-a4b1-f8330041d315: new RaftServerImpl for group-B5EFBA83B44C:[4bce4e32-952c-4220-bcc9-22a10ce18ca8:192.168.34.56:34355, e0619aa3-4ba4-49c8-ac60-3d80bbb74aab:192.168.34.56:40045, 930b1328-fc80-47b7-a4b1-f8330041d315:192.168.34.56:46332] with ContainerStateMachine:uninitialized
2019-09-16 19:11:19,107 [pool-27-thread-1] INFO  server.RaftServerConfigKeys (ConfUtils.java:logGet(43)) - raft.server.storage.dir = [/workdir/hadoop-ozone/integration-test/target/test-dir/MiniOzoneClusterImpl-3fc8568e-3664-4be6-9c60-644bdcd1012a/datanode-0/data/ratis] (custom)
2019-09-16 19:11:19,107 [pool-107-thread-1] INFO  server.RaftServerConfigKeys (ConfUtils.java:logGet(43)) - raft.server.rpc.timeout.min = 1s (custom)
2019-09-16 19:11:19,107 [pool-107-thread-1] INFO  server.RaftServerConfigKeys (ConfUtils.java:logGet(43)) - raft.server.rpc.timeout.max = 1200ms (custom)
2019-09-16 19:11:19,107 [pool-107-thread-1] INFO  server.RaftServerConfigKeys (ConfUtils.java:logGet(43)) - raft.server.rpcslowness.timeout = 120s (custom)
2019-09-16 19:11:19,107 [pool-27-thread-1] INFO  storage.RaftStorageDirectory (RaftStorageDirectory.java:analyzeStorage(246)) - The storage directory /workdir/hadoop-ozone/integration-test/target/test-dir/MiniOzoneClusterImpl-3fc8568e-3664-4be6-9c60-644bdcd1012a/datanode-0/data/ratis/108ab3b2-2db4-495b-b8c8-b5efba83b44c does not exist. Creating ...
2019-09-16 19:11:19,107 [pool-107-thread-1] INFO  server.RaftServerConfigKeys (ConfUtils.java:logGet(43)) - raft.server.sleep.deviation.threshold = 300 (default)
2019-09-16 19:11:19,108 [pool-77-thread-1] INFO  impl.RaftServerImpl (RaftServerImpl.java:<init>(95)) - 4bce4e32-952c-4220-bcc9-22a10ce18ca8: new RaftServerImpl for group-B5EFBA83B44C:[4bce4e32-952c-4220-bcc9-22a10ce18ca8:192.168.34.56:34355, e0619aa3-4ba4-49c8-ac60-3d80bbb74aab:192.168.34.56:40045, 930b1328-fc80-47b7-a4b1-f8330041d315:192.168.34.56:46332] with ContainerStateMachine:uninitialized
2019-09-16 19:11:19,108 [pool-107-thread-1] INFO  server.RaftServerConfigKeys (ConfUtils.java:logGet(43)) - raft.server.log.appender.install.snapshot.enabled = false (custom)
2019-09-16 19:11:19,108 [pool-77-thread-1] INFO  server.RaftServerConfigKeys (ConfUtils.java:logGet(43)) - raft.server.rpc.timeout.min = 1s (custom)
2019-09-16 19:11:19,108 [pool-107-thread-1] INFO  impl.RaftServerImpl (ServerState.java:<init>(103)) - 930b1328-fc80-47b7-a4b1-f8330041d315@group-B5EFBA83B44C: ConfigurationManager, init=-1: [4bce4e32-952c-4220-bcc9-22a10ce18ca8:192.168.34.56:34355, e0619aa3-4ba4-49c8-ac60-3d80bbb74aab:192.168.34.56:40045, 930b1328-fc80-47b7-a4b1-f8330041d315:192.168.34.56:46332], old=null, confs=<EMPTY_MAP>
2019-09-16 19:11:19,108 [pool-77-thread-1] INFO  server.RaftServerConfigKeys (ConfUtils.java:logGet(43)) - raft.server.rpc.timeout.max = 1200ms (custom)
2019-09-16 19:11:19,108 [pool-77-thread-1] INFO  server.RaftServerConfigKeys (ConfUtils.java:logGet(43)) - raft.server.rpcslowness.timeout = 120s (custom)
2019-09-16 19:11:19,108 [pool-107-thread-1] INFO  server.RaftServerConfigKeys (ConfUtils.java:logGet(43)) - raft.server.storage.dir = [/workdir/hadoop-ozone/integration-test/target/test-dir/MiniOzoneClusterImpl-3fc8568e-3664-4be6-9c60-644bdcd1012a/datanode-8/data/ratis] (custom)
2019-09-16 19:11:19,108 [pool-77-thread-1] INFO  server.RaftServerConfigKeys (ConfUtils.java:logGet(43)) - raft.server.sleep.deviation.threshold = 300 (default)
2019-09-16 19:11:19,109 [pool-77-thread-1] INFO  server.RaftServerConfigKeys (ConfUtils.java:logGet(43)) - raft.server.log.appender.install.snapshot.enabled = false (custom)
2019-09-16 19:11:19,109 [pool-77-thread-1] INFO  impl.RaftServerImpl (ServerState.java:<init>(103)) - 4bce4e32-952c-4220-bcc9-22a10ce18ca8@group-B5EFBA83B44C: ConfigurationManager, init=-1: [4bce4e32-952c-4220-bcc9-22a10ce18ca8:192.168.34.56:34355, e0619aa3-4ba4-49c8-ac60-3d80bbb74aab:192.168.34.56:40045, 930b1328-fc80-47b7-a4b1-f8330041d315:192.168.34.56:46332], old=null, confs=<EMPTY_MAP>
2019-09-16 19:11:19,109 [pool-107-thread-1] INFO  storage.RaftStorageDirectory (RaftStorageDirectory.java:analyzeStorage(246)) - The storage directory /workdir/hadoop-ozone/integration-test/target/test-dir/MiniOzoneClusterImpl-3fc8568e-3664-4be6-9c60-644bdcd1012a/datanode-8/data/ratis/108ab3b2-2db4-495b-b8c8-b5efba83b44c does not exist. Creating ...
2019-09-16 19:11:19,109 [pool-77-thread-1] INFO  server.RaftServerConfigKeys (ConfUtils.java:logGet(43)) - raft.server.storage.dir = [/workdir/hadoop-ozone/integration-test/target/test-dir/MiniOzoneClusterImpl-3fc8568e-3664-4be6-9c60-644bdcd1012a/datanode-5/data/ratis] (custom)
2019-09-16 19:11:19,109 [pool-77-thread-1] INFO  storage.RaftStorageDirectory (RaftStorageDirectory.java:analyzeStorage(246)) - The storage directory /workdir/hadoop-ozone/integration-test/target/test-dir/MiniOzoneClusterImpl-3fc8568e-3664-4be6-9c60-644bdcd1012a/datanode-5/data/ratis/108ab3b2-2db4-495b-b8c8-b5efba83b44c does not exist. Creating ...
2019-09-16 19:11:19,121 [pool-77-thread-1] INFO  storage.RaftStorageDirectory (RaftStorageDirectory.java:tryLock(328)) - Lock on /workdir/hadoop-ozone/integration-test/target/test-dir/MiniOzoneClusterImpl-3fc8568e-3664-4be6-9c60-644bdcd1012a/datanode-5/data/ratis/108ab3b2-2db4-495b-b8c8-b5efba83b44c/in_use.lock acquired by nodename 4836@pr-hdds-2111-hlhfn-3535364396
2019-09-16 19:11:19,121 [pool-107-thread-1] INFO  storage.RaftStorageDirectory (RaftStorageDirectory.java:tryLock(328)) - Lock on /workdir/hadoop-ozone/integration-test/target/test-dir/MiniOzoneClusterImpl-3fc8568e-3664-4be6-9c60-644bdcd1012a/datanode-8/data/ratis/108ab3b2-2db4-495b-b8c8-b5efba83b44c/in_use.lock acquired by nodename 4836@pr-hdds-2111-hlhfn-3535364396
2019-09-16 19:11:19,121 [pool-27-thread-1] INFO  storage.RaftStorageDirectory (RaftStorageDirectory.java:tryLock(328)) - Lock on /workdir/hadoop-ozone/integration-test/target/test-dir/MiniOzoneClusterImpl-3fc8568e-3664-4be6-9c60-644bdcd1012a/datanode-0/data/ratis/108ab3b2-2db4-495b-b8c8-b5efba83b44c/in_use.lock acquired by nodename 4836@pr-hdds-2111-hlhfn-3535364396
2019-09-16 19:11:19,135 [pool-27-thread-1] INFO  storage.RaftStorage (RaftStorage.java:format(72)) - Storage directory /workdir/hadoop-ozone/integration-test/target/test-dir/MiniOzoneClusterImpl-3fc8568e-3664-4be6-9c60-644bdcd1012a/datanode-0/data/ratis/108ab3b2-2db4-495b-b8c8-b5efba83b44c has been successfully formatted.
2019-09-16 19:11:19,135 [pool-77-thread-1] INFO  storage.RaftStorage (RaftStorage.java:format(72)) - Storage directory /workdir/hadoop-ozone/integration-test/target/test-dir/MiniOzoneClusterImpl-3fc8568e-3664-4be6-9c60-644bdcd1012a/datanode-5/data/ratis/108ab3b2-2db4-495b-b8c8-b5efba83b44c has been successfully formatted.
2019-09-16 19:11:19,135 [pool-27-thread-1] INFO  ratis.ContainerStateMachine (ContainerStateMachine.java:loadSnapshot(230)) - group-B5EFBA83B44C: The snapshot info is null. Setting the last applied indexto:(t:0, i:~)
2019-09-16 19:11:19,135 [pool-107-thread-1] INFO  storage.RaftStorage (RaftStorage.java:format(72)) - Storage directory /workdir/hadoop-ozone/integration-test/target/test-dir/MiniOzoneClusterImpl-3fc8568e-3664-4be6-9c60-644bdcd1012a/datanode-8/data/ratis/108ab3b2-2db4-495b-b8c8-b5efba83b44c has been successfully formatted.
2019-09-16 19:11:19,136 [pool-77-thread-1] INFO  ratis.ContainerStateMachine (ContainerStateMachine.java:loadSnapshot(230)) - group-B5EFBA83B44C: The snapshot info is null. Setting the last applied indexto:(t:0, i:~)
2019-09-16 19:11:19,135 [pool-27-thread-1] INFO  server.RaftServerConfigKeys (ConfUtils.java:logGet(43)) - raft.server.notification.no-leader.timeout = 120s (custom)
2019-09-16 19:11:19,136 [pool-77-thread-1] INFO  server.RaftServerConfigKeys (ConfUtils.java:logGet(43)) - raft.server.notification.no-leader.timeout = 120s (custom)
2019-09-16 19:11:19,136 [pool-107-thread-1] INFO  ratis.ContainerStateMachine (ContainerStateMachine.java:loadSnapshot(230)) - group-B5EFBA83B44C: The snapshot info is null. Setting the last applied indexto:(t:0, i:~)
2019-09-16 19:11:19,136 [pool-77-thread-1] INFO  server.RaftServerConfigKeys (ConfUtils.java:logGet(43)) - raft.server.log.use.memory = false (default)
2019-09-16 19:11:19,136 [pool-27-thread-1] INFO  server.RaftServerConfigKeys (ConfUtils.java:logGet(43)) - raft.server.log.use.memory = false (default)
2019-09-16 19:11:19,136 [pool-107-thread-1] INFO  server.RaftServerConfigKeys (ConfUtils.java:logGet(43)) - raft.server.notification.no-leader.timeout = 120s (custom)
2019-09-16 19:11:19,136 [pool-77-thread-1] INFO  server.RaftServerConfigKeys (ConfUtils.java:logGet(43)) - raft.server.log.purge.gap = 1000000 (custom)
2019-09-16 19:11:19,136 [pool-27-thread-1] INFO  server.RaftServerConfigKeys (ConfUtils.java:logGet(43)) - raft.server.log.purge.gap = 1000000 (custom)
2019-09-16 19:11:19,137 [pool-77-thread-1] INFO  server.RaftServerConfigKeys (ConfUtils.java:logGet(43)) - raft.server.log.appender.buffer.byte-limit = 33554432 (custom)
2019-09-16 19:11:19,137 [pool-27-thread-1] INFO  server.RaftServerConfigKeys (ConfUtils.java:logGet(43)) - raft.server.log.appender.buffer.byte-limit = 33554432 (custom)
2019-09-16 19:11:19,137 [pool-107-thread-1] INFO  server.RaftServerConfigKeys (ConfUtils.java:logGet(43)) - raft.server.log.use.memory = false (default)
2019-09-16 19:11:19,137 [pool-27-thread-1] INFO  server.RaftServerConfigKeys (ConfUtils.java:logGet(43)) - raft.server.log.segment.size.max = 1048576 (custom)
2019-09-16 19:11:19,137 [pool-77-thread-1] INFO  server.RaftServerConfigKeys (ConfUtils.java:logGet(43)) - raft.server.log.segment.size.max = 1048576 (custom)
2019-09-16 19:11:19,137 [pool-27-thread-1] INFO  server.RaftServerConfigKeys (ConfUtils.java:logGet(43)) - raft.server.log.segment.cache.num.max = 2 (custom)
2019-09-16 19:11:19,137 [pool-107-thread-1] INFO  server.RaftServerConfigKeys (ConfUtils.java:logGet(43)) - raft.server.log.purge.gap = 1000000 (custom)
2019-09-16 19:11:19,138 [pool-27-thread-1] INFO  segmented.SegmentedRaftLogWorker (SegmentedRaftLogWorker.java:<init>(172)) - new e0619aa3-4ba4-49c8-ac60-3d80bbb74aab@group-B5EFBA83B44C-SegmentedRaftLogWorker for RaftStorage:Storage Directory /workdir/hadoop-ozone/integration-test/target/test-dir/MiniOzoneClusterImpl-3fc8568e-3664-4be6-9c60-644bdcd1012a/datanode-0/data/ratis/108ab3b2-2db4-495b-b8c8-b5efba83b44c
2019-09-16 19:11:19,138 [pool-77-thread-1] INFO  server.RaftServerConfigKeys (ConfUtils.java:logGet(43)) - raft.server.log.segment.cache.num.max = 2 (custom)
2019-09-16 19:11:19,138 [pool-27-thread-1] INFO  server.RaftServerConfigKeys (ConfUtils.java:logGet(43)) - raft.server.log.queue.byte-limit = 2147483647 (custom)
2019-09-16 19:11:19,138 [pool-107-thread-1] INFO  server.RaftServerConfigKeys (ConfUtils.java:logGet(43)) - raft.server.log.appender.buffer.byte-limit = 33554432 (custom)
2019-09-16 19:11:19,138 [pool-27-thread-1] INFO  server.RaftServerConfigKeys (ConfUtils.java:logGet(43)) - raft.server.log.queue.element-limit = 1024 (custom)
2019-09-16 19:11:19,138 [pool-77-thread-1] INFO  segmented.SegmentedRaftLogWorker (SegmentedRaftLogWorker.java:<init>(172)) - new 4bce4e32-952c-4220-bcc9-22a10ce18ca8@group-B5EFBA83B44C-SegmentedRaftLogWorker for RaftStorage:Storage Directory /workdir/hadoop-ozone/integration-test/target/test-dir/MiniOzoneClusterImpl-3fc8568e-3664-4be6-9c60-644bdcd1012a/datanode-5/data/ratis/108ab3b2-2db4-495b-b8c8-b5efba83b44c
2019-09-16 19:11:19,138 [pool-27-thread-1] INFO  server.RaftServerConfigKeys (ConfUtils.java:logGet(43)) - raft.server.log.segment.size.max = 1048576 (custom)
2019-09-16 19:11:19,138 [pool-107-thread-1] INFO  server.RaftServerConfigKeys (ConfUtils.java:logGet(43)) - raft.server.log.segment.size.max = 1048576 (custom)
2019-09-16 19:11:19,139 [pool-77-thread-1] INFO  server.RaftServerConfigKeys (ConfUtils.java:logGet(43)) - raft.server.log.queue.byte-limit = 2147483647 (custom)
2019-09-16 19:11:19,139 [pool-27-thread-1] INFO  server.RaftServerConfigKeys (ConfUtils.java:logGet(43)) - raft.server.log.preallocated.size = 16384 (custom)
2019-09-16 19:11:19,139 [pool-77-thread-1] INFO  server.RaftServerConfigKeys (ConfUtils.java:logGet(43)) - raft.server.log.queue.element-limit = 1024 (custom)
2019-09-16 19:11:19,139 [pool-107-thread-1] INFO  server.RaftServerConfigKeys (ConfUtils.java:logGet(43)) - raft.server.log.segment.cache.num.max = 2 (custom)
2019-09-16 19:11:19,139 [pool-77-thread-1] INFO  server.RaftServerConfigKeys (ConfUtils.java:logGet(43)) - raft.server.log.segment.size.max = 1048576 (custom)
2019-09-16 19:11:19,139 [pool-27-thread-1] INFO  server.RaftServerConfigKeys (ConfUtils.java:logGet(43)) - raft.server.log.write.buffer.size = 33554432 (custom)
2019-09-16 19:11:19,139 [pool-107-thread-1] INFO  segmented.SegmentedRaftLogWorker (SegmentedRaftLogWorker.java:<init>(172)) - new 930b1328-fc80-47b7-a4b1-f8330041d315@group-B5EFBA83B44C-SegmentedRaftLogWorker for RaftStorage:Storage Directory /workdir/hadoop-ozone/integration-test/target/test-dir/MiniOzoneClusterImpl-3fc8568e-3664-4be6-9c60-644bdcd1012a/datanode-8/data/ratis/108ab3b2-2db4-495b-b8c8-b5efba83b44c
2019-09-16 19:11:19,140 [pool-77-thread-1] INFO  server.RaftServerConfigKeys (ConfUtils.java:logGet(43)) - raft.server.log.preallocated.size = 16384 (custom)
2019-09-16 19:11:19,140 [pool-27-thread-1] INFO  server.RaftServerConfigKeys (ConfUtils.java:logGet(43)) - raft.server.log.force.sync.num = 128 (default)
2019-09-16 19:11:19,140 [pool-77-thread-1] INFO  server.RaftServerConfigKeys (ConfUtils.java:logGet(43)) - raft.server.log.write.buffer.size = 33554432 (custom)
2019-09-16 19:11:19,140 [pool-107-thread-1] INFO  server.RaftServerConfigKeys (ConfUtils.java:logGet(43)) - raft.server.log.queue.byte-limit = 2147483647 (custom)
2019-09-16 19:11:19,140 [pool-77-thread-1] INFO  server.RaftServerConfigKeys (ConfUtils.java:logGet(43)) - raft.server.log.force.sync.num = 128 (default)
2019-09-16 19:11:19,140 [pool-77-thread-1] INFO  server.RaftServerConfigKeys (ConfUtils.java:logGet(43)) - raft.server.log.statemachine.data.sync = true (default)
2019-09-16 19:11:19,140 [pool-27-thread-1] INFO  server.RaftServerConfigKeys (ConfUtils.java:logGet(43)) - raft.server.log.statemachine.data.sync = true (default)
2019-09-16 19:11:19,141 [pool-77-thread-1] INFO  server.RaftServerConfigKeys (ConfUtils.java:logGet(43)) - raft.server.log.statemachine.data.sync.timeout = 10s (default)
2019-09-16 19:11:19,140 [pool-107-thread-1] INFO  server.RaftServerConfigKeys (ConfUtils.java:logGet(43)) - raft.server.log.queue.element-limit = 1024 (custom)
2019-09-16 19:11:19,141 [pool-77-thread-1] INFO  server.RaftServerConfigKeys (ConfUtils.java:logGet(43)) - raft.server.log.statemachine.data.sync.timeout.retry = -1 (default)
2019-09-16 19:11:19,141 [pool-27-thread-1] INFO  server.RaftServerConfigKeys (ConfUtils.java:logGet(43)) - raft.server.log.statemachine.data.sync.timeout = 10s (default)
2019-09-16 19:11:19,141 [pool-107-thread-1] INFO  server.RaftServerConfigKeys (ConfUtils.java:logGet(43)) - raft.server.log.segment.size.max = 1048576 (custom)
2019-09-16 19:11:19,141 [pool-27-thread-1] INFO  server.RaftServerConfigKeys (ConfUtils.java:logGet(43)) - raft.server.log.statemachine.data.sync.timeout.retry = -1 (default)
2019-09-16 19:11:19,141 [pool-77-thread-1] INFO  server.RaftServerConfigKeys (ConfUtils.java:logGet(43)) - raft.server.log.statemachine.data.caching.enabled = true (custom)
2019-09-16 19:11:19,142 [pool-27-thread-1] INFO  server.RaftServerConfigKeys (ConfUtils.java:logGet(43)) - raft.server.log.statemachine.data.caching.enabled = true (custom)
2019-09-16 19:11:19,141 [pool-107-thread-1] INFO  server.RaftServerConfigKeys (ConfUtils.java:logGet(43)) - raft.server.log.preallocated.size = 16384 (custom)
2019-09-16 19:11:19,142 [pool-27-thread-1] INFO  segmented.SegmentedRaftLogWorker (SegmentedRaftLogWorker.java:lambda$new$0(132)) - e0619aa3-4ba4-49c8-ac60-3d80bbb74aab@group-B5EFBA83B44C-SegmentedRaftLogWorker: flushIndex: setUnconditionally 0 -> -1
2019-09-16 19:11:19,142 [pool-77-thread-1] INFO  segmented.SegmentedRaftLogWorker (SegmentedRaftLogWorker.java:lambda$new$0(132)) - 4bce4e32-952c-4220-bcc9-22a10ce18ca8@group-B5EFBA83B44C-SegmentedRaftLogWorker: flushIndex: setUnconditionally 0 -> -1
2019-09-16 19:11:19,142 [pool-107-thread-1] INFO  server.RaftServerConfigKeys (ConfUtils.java:logGet(43)) - raft.server.log.write.buffer.size = 33554432 (custom)
2019-09-16 19:11:19,142 [pool-27-thread-1] INFO  server.RaftServerConfigKeys (ConfUtils.java:logGet(43)) - raft.server.snapshot.auto.trigger.enabled = true (custom)
2019-09-16 19:11:19,142 [pool-77-thread-1] INFO  server.RaftServerConfigKeys (ConfUtils.java:logGet(43)) - raft.server.snapshot.auto.trigger.enabled = true (custom)
2019-09-16 19:11:19,142 [pool-107-thread-1] INFO  server.RaftServerConfigKeys (ConfUtils.java:logGet(43)) - raft.server.log.force.sync.num = 128 (default)
2019-09-16 19:11:19,143 [pool-77-thread-1] INFO  server.RaftServerConfigKeys (ConfUtils.java:logGet(43)) - raft.server.snapshot.auto.trigger.threshold = 10000 (custom)
2019-09-16 19:11:19,142 [pool-27-thread-1] INFO  server.RaftServerConfigKeys (ConfUtils.java:logGet(43)) - raft.server.snapshot.auto.trigger.threshold = 10000 (custom)
2019-09-16 19:11:19,143 [pool-107-thread-1] INFO  server.RaftServerConfigKeys (ConfUtils.java:logGet(43)) - raft.server.log.statemachine.data.sync = true (default)
2019-09-16 19:11:19,143 [pool-77-thread-1] INFO  server.RaftServerConfigKeys (ConfUtils.java:logGet(43)) - raft.server.snapshot.retention.num.files = -1 (default)
2019-09-16 19:11:19,143 [pool-27-thread-1] INFO  server.RaftServerConfigKeys (ConfUtils.java:logGet(43)) - raft.server.snapshot.retention.num.files = -1 (default)
2019-09-16 19:11:19,143 [pool-107-thread-1] INFO  server.RaftServerConfigKeys (ConfUtils.java:logGet(43)) - raft.server.log.statemachine.data.sync.timeout = 10s (default)
2019-09-16 19:11:19,143 [pool-77-thread-1] INFO  server.RaftServerConfigKeys (ConfUtils.java:logGet(43)) - raft.server.retrycache.expirytime = 600000ms (custom)
2019-09-16 19:11:19,143 [pool-27-thread-1] INFO  server.RaftServerConfigKeys (ConfUtils.java:logGet(43)) - raft.server.retrycache.expirytime = 600000ms (custom)
2019-09-16 19:11:19,143 [pool-107-thread-1] INFO  server.RaftServerConfigKeys (ConfUtils.java:logGet(43)) - raft.server.log.statemachine.data.sync.timeout.retry = -1 (default)
2019-09-16 19:11:19,144 [pool-107-thread-1] INFO  server.RaftServerConfigKeys (ConfUtils.java:logGet(43)) - raft.server.log.statemachine.data.caching.enabled = true (custom)
2019-09-16 19:11:19,144 [pool-107-thread-1] INFO  segmented.SegmentedRaftLogWorker (SegmentedRaftLogWorker.java:lambda$new$0(132)) - 930b1328-fc80-47b7-a4b1-f8330041d315@group-B5EFBA83B44C-SegmentedRaftLogWorker: flushIndex: setUnconditionally 0 -> -1
2019-09-16 19:11:19,145 [pool-107-thread-1] INFO  server.RaftServerConfigKeys (ConfUtils.java:logGet(43)) - raft.server.snapshot.auto.trigger.enabled = true (custom)
2019-09-16 19:11:19,145 [pool-107-thread-1] INFO  server.RaftServerConfigKeys (ConfUtils.java:logGet(43)) - raft.server.snapshot.auto.trigger.threshold = 10000 (custom)
2019-09-16 19:11:19,145 [pool-107-thread-1] INFO  server.RaftServerConfigKeys (ConfUtils.java:logGet(43)) - raft.server.snapshot.retention.num.files = -1 (default)
2019-09-16 19:11:19,145 [pool-107-thread-1] INFO  server.RaftServerConfigKeys (ConfUtils.java:logGet(43)) - raft.server.retrycache.expirytime = 600000ms (custom)
2019-09-16 19:11:19,149 [pool-77-thread-1] INFO  impl.RaftServerImpl (RaftServerImpl.java:start(185)) - 4bce4e32-952c-4220-bcc9-22a10ce18ca8@group-B5EFBA83B44C: start as a follower, conf=-1: [4bce4e32-952c-4220-bcc9-22a10ce18ca8:192.168.34.56:34355, e0619aa3-4ba4-49c8-ac60-3d80bbb74aab:192.168.34.56:40045, 930b1328-fc80-47b7-a4b1-f8330041d315:192.168.34.56:46332], old=null
2019-09-16 19:11:19,149 [pool-77-thread-1] INFO  impl.RaftServerImpl (RaftServerImpl.java:setRole(174)) - 4bce4e32-952c-4220-bcc9-22a10ce18ca8@group-B5EFBA83B44C: changes role from      null to FOLLOWER at term 0 for startAsFollower
2019-09-16 19:11:19,149 [pool-27-thread-1] INFO  impl.RaftServerImpl (RaftServerImpl.java:start(185)) - e0619aa3-4ba4-49c8-ac60-3d80bbb74aab@group-B5EFBA83B44C: start as a follower, conf=-1: [4bce4e32-952c-4220-bcc9-22a10ce18ca8:192.168.34.56:34355, e0619aa3-4ba4-49c8-ac60-3d80bbb74aab:192.168.34.56:40045, 930b1328-fc80-47b7-a4b1-f8330041d315:192.168.34.56:46332], old=null
2019-09-16 19:11:19,149 [pool-27-thread-1] INFO  impl.RaftServerImpl (RaftServerImpl.java:setRole(174)) - e0619aa3-4ba4-49c8-ac60-3d80bbb74aab@group-B5EFBA83B44C: changes role from      null to FOLLOWER at term 0 for startAsFollower
2019-09-16 19:11:19,150 [pool-27-thread-1] INFO  impl.RoleInfo (RoleInfo.java:updateAndGet(143)) - e0619aa3-4ba4-49c8-ac60-3d80bbb74aab: start FollowerState
2019-09-16 19:11:19,149 [pool-77-thread-1] INFO  impl.RoleInfo (RoleInfo.java:updateAndGet(143)) - 4bce4e32-952c-4220-bcc9-22a10ce18ca8: start FollowerState
2019-09-16 19:11:19,150 [pool-107-thread-1] INFO  impl.RaftServerImpl (RaftServerImpl.java:start(185)) - 930b1328-fc80-47b7-a4b1-f8330041d315@group-B5EFBA83B44C: start as a follower, conf=-1: [4bce4e32-952c-4220-bcc9-22a10ce18ca8:192.168.34.56:34355, e0619aa3-4ba4-49c8-ac60-3d80bbb74aab:192.168.34.56:40045, 930b1328-fc80-47b7-a4b1-f8330041d315:192.168.34.56:46332], old=null
2019-09-16 19:11:19,150 [pool-27-thread-1] INFO  util.JmxRegister (JmxRegister.java:tryRegister(44)) - Successfully registered JMX Bean with object name Ratis:service=RaftServer,group=group-B5EFBA83B44C,id=e0619aa3-4ba4-49c8-ac60-3d80bbb74aab
2019-09-16 19:11:19,150 [pool-107-thread-1] INFO  impl.RaftServerImpl (RaftServerImpl.java:setRole(174)) - 930b1328-fc80-47b7-a4b1-f8330041d315@group-B5EFBA83B44C: changes role from      null to FOLLOWER at term 0 for startAsFollower
2019-09-16 19:11:19,150 [pool-77-thread-1] INFO  util.JmxRegister (JmxRegister.java:tryRegister(44)) - Successfully registered JMX Bean with object name Ratis:service=RaftServer,group=group-B5EFBA83B44C,id=4bce4e32-952c-4220-bcc9-22a10ce18ca8
2019-09-16 19:11:19,150 [pool-107-thread-1] INFO  impl.RoleInfo (RoleInfo.java:updateAndGet(143)) - 930b1328-fc80-47b7-a4b1-f8330041d315: start FollowerState
2019-09-16 19:11:19,151 [pool-107-thread-1] INFO  util.JmxRegister (JmxRegister.java:tryRegister(44)) - Successfully registered JMX Bean with object name Ratis:service=RaftServer,group=group-B5EFBA83B44C,id=930b1328-fc80-47b7-a4b1-f8330041d315
2019-09-16 19:11:19,199 [RatisPipelineUtilsThread] INFO  pipeline.PipelineStateManager (PipelineStateManager.java:addPipeline(56)) - Created pipeline Pipeline[ Id: 108ab3b2-2db4-495b-b8c8-b5efba83b44c, Nodes: 4bce4e32-952c-4220-bcc9-22a10ce18ca8{ip: 192.168.34.56, host: pr-hdds-2111-hlhfn-3535364396, networkLocation: /default-rack, certSerialId: null}e0619aa3-4ba4-49c8-ac60-3d80bbb74aab{ip: 192.168.34.56, host: pr-hdds-2111-hlhfn-3535364396, networkLocation: /default-rack, certSerialId: null}930b1328-fc80-47b7-a4b1-f8330041d315{ip: 192.168.34.56, host: pr-hdds-2111-hlhfn-3535364396, networkLocation: /default-rack, certSerialId: null}, Type:RATIS, Factor:THREE, State:OPEN]
2019-09-16 19:11:19,228 [grpc-default-executor-2] INFO  impl.RaftServerProxy (RaftServerProxy.java:addNew(89)) - 30fc0d14-cbc7-4743-b48a-59ef39c48768: addNew group-C8C33BDD9912:[52078b41-1f38-4037-a826-db5ef9cf1b82:192.168.34.56:44314, 30fc0d14-cbc7-4743-b48a-59ef39c48768:192.168.34.56:45570, 4eec4314-a089-48fe-8241-8a8066126e3f:192.168.34.56:36988] returns group-C8C33BDD9912:java.util.concurrent.CompletableFuture@71ba5bb[Not completed]
2019-09-16 19:11:19,228 [grpc-default-executor-0] INFO  impl.RaftServerProxy (RaftServerProxy.java:addNew(89)) - 4eec4314-a089-48fe-8241-8a8066126e3f: addNew group-C8C33BDD9912:[52078b41-1f38-4037-a826-db5ef9cf1b82:192.168.34.56:44314, 30fc0d14-cbc7-4743-b48a-59ef39c48768:192.168.34.56:45570, 4eec4314-a089-48fe-8241-8a8066126e3f:192.168.34.56:36988] returns group-C8C33BDD9912:java.util.concurrent.CompletableFuture@6892a118[Not completed]
2019-09-16 19:11:19,230 [grpc-default-executor-1] INFO  impl.RaftServerProxy (RaftServerProxy.java:addNew(89)) - 52078b41-1f38-4037-a826-db5ef9cf1b82: addNew group-C8C33BDD9912:[52078b41-1f38-4037-a826-db5ef9cf1b82:192.168.34.56:44314, 30fc0d14-cbc7-4743-b48a-59ef39c48768:192.168.34.56:45570, 4eec4314-a089-48fe-8241-8a8066126e3f:192.168.34.56:36988] returns group-C8C33BDD9912:java.util.concurrent.CompletableFuture@437b2ffc[Not completed]
2019-09-16 19:11:19,231 [pool-47-thread-1] INFO  impl.RaftServerImpl (RaftServerImpl.java:<init>(95)) - 30fc0d14-cbc7-4743-b48a-59ef39c48768: new RaftServerImpl for group-C8C33BDD9912:[52078b41-1f38-4037-a826-db5ef9cf1b82:192.168.34.56:44314, 30fc0d14-cbc7-4743-b48a-59ef39c48768:192.168.34.56:45570, 4eec4314-a089-48fe-8241-8a8066126e3f:192.168.34.56:36988] with ContainerStateMachine:uninitialized
2019-09-16 19:11:19,232 [pool-47-thread-1] INFO  server.RaftServerConfigKeys (ConfUtils.java:logGet(43)) - raft.server.rpc.timeout.min = 1s (custom)
2019-09-16 19:11:19,232 [pool-47-thread-1] INFO  server.RaftServerConfigKeys (ConfUtils.java:logGet(43)) - raft.server.rpc.timeout.max = 1200ms (custom)
2019-09-16 19:11:19,232 [pool-47-thread-1] INFO  server.RaftServerConfigKeys (ConfUtils.java:logGet(43)) - raft.server.rpcslowness.timeout = 120s (custom)
2019-09-16 19:11:19,232 [pool-47-thread-1] INFO  server.RaftServerConfigKeys (ConfUtils.java:logGet(43)) - raft.server.sleep.deviation.threshold = 300 (default)
2019-09-16 19:11:19,232 [pool-47-thread-1] INFO  server.RaftServerConfigKeys (ConfUtils.java:logGet(43)) - raft.server.log.appender.install.snapshot.enabled = false (custom)
2019-09-16 19:11:19,232 [pool-37-thread-1] INFO  impl.RaftServerImpl (RaftServerImpl.java:<init>(95)) - 52078b41-1f38-4037-a826-db5ef9cf1b82: new RaftServerImpl for group-C8C33BDD9912:[52078b41-1f38-4037-a826-db5ef9cf1b82:192.168.34.56:44314, 30fc0d14-cbc7-4743-b48a-59ef39c48768:192.168.34.56:45570, 4eec4314-a089-48fe-8241-8a8066126e3f:192.168.34.56:36988] with ContainerStateMachine:uninitialized
2019-09-16 19:11:19,232 [pool-47-thread-1] INFO  impl.RaftServerImpl (ServerState.java:<init>(103)) - 30fc0d14-cbc7-4743-b48a-59ef39c48768@group-C8C33BDD9912: ConfigurationManager, init=-1: [52078b41-1f38-4037-a826-db5ef9cf1b82:192.168.34.56:44314, 30fc0d14-cbc7-4743-b48a-59ef39c48768:192.168.34.56:45570, 4eec4314-a089-48fe-8241-8a8066126e3f:192.168.34.56:36988], old=null, confs=<EMPTY_MAP>
2019-09-16 19:11:19,232 [pool-37-thread-1] INFO  server.RaftServerConfigKeys (ConfUtils.java:logGet(43)) - raft.server.rpc.timeout.min = 1s (custom)
2019-09-16 19:11:19,233 [pool-47-thread-1] INFO  server.RaftServerConfigKeys (ConfUtils.java:logGet(43)) - raft.server.storage.dir = [/workdir/hadoop-ozone/integration-test/target/test-dir/MiniOzoneClusterImpl-3fc8568e-3664-4be6-9c60-644bdcd1012a/datanode-2/data/ratis] (custom)
2019-09-16 19:11:19,233 [pool-37-thread-1] INFO  server.RaftServerConfigKeys (ConfUtils.java:logGet(43)) - raft.server.rpc.timeout.max = 1200ms (custom)
2019-09-16 19:11:19,233 [pool-37-thread-1] INFO  server.RaftServerConfigKeys (ConfUtils.java:logGet(43)) - raft.server.rpcslowness.timeout = 120s (custom)
2019-09-16 19:11:19,233 [pool-97-thread-1] INFO  impl.RaftServerImpl (RaftServerImpl.java:<init>(95)) - 4eec4314-a089-48fe-8241-8a8066126e3f: new RaftServerImpl for group-C8C33BDD9912:[52078b41-1f38-4037-a826-db5ef9cf1b82:192.168.34.56:44314, 30fc0d14-cbc7-4743-b48a-59ef39c48768:192.168.34.56:45570, 4eec4314-a089-48fe-8241-8a8066126e3f:192.168.34.56:36988] with ContainerStateMachine:uninitialized
2019-09-16 19:11:19,233 [pool-47-thread-1] INFO  storage.RaftStorageDirectory (RaftStorageDirectory.java:analyzeStorage(246)) - The storage directory /workdir/hadoop-ozone/integration-test/target/test-dir/MiniOzoneClusterImpl-3fc8568e-3664-4be6-9c60-644bdcd1012a/datanode-2/data/ratis/21907c1c-dbc7-4108-aded-c8c33bdd9912 does not exist. Creating ...
2019-09-16 19:11:19,233 [pool-37-thread-1] INFO  server.RaftServerConfigKeys (ConfUtils.java:logGet(43)) - raft.server.sleep.deviation.threshold = 300 (default)
2019-09-16 19:11:19,233 [pool-97-thread-1] INFO  server.RaftServerConfigKeys (ConfUtils.java:logGet(43)) - raft.server.rpc.timeout.min = 1s (custom)
2019-09-16 19:11:19,233 [pool-37-thread-1] INFO  server.RaftServerConfigKeys (ConfUtils.java:logGet(43)) - raft.server.log.appender.install.snapshot.enabled = false (custom)
2019-09-16 19:11:19,234 [pool-97-thread-1] INFO  server.RaftServerConfigKeys (ConfUtils.java:logGet(43)) - raft.server.rpc.timeout.max = 1200ms (custom)
2019-09-16 19:11:19,234 [pool-37-thread-1] INFO  impl.RaftServerImpl (ServerState.java:<init>(103)) - 52078b41-1f38-4037-a826-db5ef9cf1b82@group-C8C33BDD9912: ConfigurationManager, init=-1: [52078b41-1f38-4037-a826-db5ef9cf1b82:192.168.34.56:44314, 30fc0d14-cbc7-4743-b48a-59ef39c48768:192.168.34.56:45570, 4eec4314-a089-48fe-8241-8a8066126e3f:192.168.34.56:36988], old=null, confs=<EMPTY_MAP>
2019-09-16 19:11:19,234 [pool-97-thread-1] INFO  server.RaftServerConfigKeys (ConfUtils.java:logGet(43)) - raft.server.rpcslowness.timeout = 120s (custom)
2019-09-16 19:11:19,234 [pool-37-thread-1] INFO  server.RaftServerConfigKeys (ConfUtils.java:logGet(43)) - raft.server.storage.dir = [/workdir/hadoop-ozone/integration-test/target/test-dir/MiniOzoneClusterImpl-3fc8568e-3664-4be6-9c60-644bdcd1012a/datanode-1/data/ratis] (custom)
2019-09-16 19:11:19,234 [pool-97-thread-1] INFO  server.RaftServerConfigKeys (ConfUtils.java:logGet(43)) - raft.server.sleep.deviation.threshold = 300 (default)
2019-09-16 19:11:19,234 [pool-97-thread-1] INFO  server.RaftServerConfigKeys (ConfUtils.java:logGet(43)) - raft.server.log.appender.install.snapshot.enabled = false (custom)
2019-09-16 19:11:19,234 [pool-37-thread-1] INFO  storage.RaftStorageDirectory (RaftStorageDirectory.java:analyzeStorage(246)) - The storage directory /workdir/hadoop-ozone/integration-test/target/test-dir/MiniOzoneClusterImpl-3fc8568e-3664-4be6-9c60-644bdcd1012a/datanode-1/data/ratis/21907c1c-dbc7-4108-aded-c8c33bdd9912 does not exist. Creating ...
2019-09-16 19:11:19,234 [pool-97-thread-1] INFO  impl.RaftServerImpl (ServerState.java:<init>(103)) - 4eec4314-a089-48fe-8241-8a8066126e3f@group-C8C33BDD9912: ConfigurationManager, init=-1: [52078b41-1f38-4037-a826-db5ef9cf1b82:192.168.34.56:44314, 30fc0d14-cbc7-4743-b48a-59ef39c48768:192.168.34.56:45570, 4eec4314-a089-48fe-8241-8a8066126e3f:192.168.34.56:36988], old=null, confs=<EMPTY_MAP>
2019-09-16 19:11:19,235 [pool-97-thread-1] INFO  server.RaftServerConfigKeys (ConfUtils.java:logGet(43)) - raft.server.storage.dir = [/workdir/hadoop-ozone/integration-test/target/test-dir/MiniOzoneClusterImpl-3fc8568e-3664-4be6-9c60-644bdcd1012a/datanode-7/data/ratis] (custom)
2019-09-16 19:11:19,235 [pool-97-thread-1] INFO  storage.RaftStorageDirectory (RaftStorageDirectory.java:analyzeStorage(246)) - The storage directory /workdir/hadoop-ozone/integration-test/target/test-dir/MiniOzoneClusterImpl-3fc8568e-3664-4be6-9c60-644bdcd1012a/datanode-7/data/ratis/21907c1c-dbc7-4108-aded-c8c33bdd9912 does not exist. Creating ...
2019-09-16 19:11:19,247 [pool-37-thread-1] INFO  storage.RaftStorageDirectory (RaftStorageDirectory.java:tryLock(328)) - Lock on /workdir/hadoop-ozone/integration-test/target/test-dir/MiniOzoneClusterImpl-3fc8568e-3664-4be6-9c60-644bdcd1012a/datanode-1/data/ratis/21907c1c-dbc7-4108-aded-c8c33bdd9912/in_use.lock acquired by nodename 4836@pr-hdds-2111-hlhfn-3535364396
2019-09-16 19:11:19,247 [pool-97-thread-1] INFO  storage.RaftStorageDirectory (RaftStorageDirectory.java:tryLock(328)) - Lock on /workdir/hadoop-ozone/integration-test/target/test-dir/MiniOzoneClusterImpl-3fc8568e-3664-4be6-9c60-644bdcd1012a/datanode-7/data/ratis/21907c1c-dbc7-4108-aded-c8c33bdd9912/in_use.lock acquired by nodename 4836@pr-hdds-2111-hlhfn-3535364396
2019-09-16 19:11:19,247 [pool-47-thread-1] INFO  storage.RaftStorageDirectory (RaftStorageDirectory.java:tryLock(328)) - Lock on /workdir/hadoop-ozone/integration-test/target/test-dir/MiniOzoneClusterImpl-3fc8568e-3664-4be6-9c60-644bdcd1012a/datanode-2/data/ratis/21907c1c-dbc7-4108-aded-c8c33bdd9912/in_use.lock acquired by nodename 4836@pr-hdds-2111-hlhfn-3535364396
2019-09-16 19:11:19,254 [Thread-288] INFO  impl.FollowerState (FollowerState.java:run(106)) - 4bce4e32-952c-4220-bcc9-22a10ce18ca8:group-AE8201FBCF7A changes to CANDIDATE, lastRpcTime:1010, electionTimeout:1009ms
2019-09-16 19:11:19,257 [Thread-288] INFO  impl.RoleInfo (RoleInfo.java:shutdownFollowerState(121)) - 4bce4e32-952c-4220-bcc9-22a10ce18ca8: shutdown FollowerState
2019-09-16 19:11:19,257 [Thread-288] INFO  impl.RaftServerImpl (RaftServerImpl.java:setRole(174)) - 4bce4e32-952c-4220-bcc9-22a10ce18ca8@group-AE8201FBCF7A: changes role from  FOLLOWER to CANDIDATE at term 0 for changeToCandidate
2019-09-16 19:11:19,257 [Thread-288] INFO  impl.RoleInfo (RoleInfo.java:updateAndGet(143)) - 4bce4e32-952c-4220-bcc9-22a10ce18ca8: start LeaderElection
2019-09-16 19:11:19,261 [pool-47-thread-1] INFO  storage.RaftStorage (RaftStorage.java:format(72)) - Storage directory /workdir/hadoop-ozone/integration-test/target/test-dir/MiniOzoneClusterImpl-3fc8568e-3664-4be6-9c60-644bdcd1012a/datanode-2/data/ratis/21907c1c-dbc7-4108-aded-c8c33bdd9912 has been successfully formatted.
2019-09-16 19:11:19,261 [pool-97-thread-1] INFO  storage.RaftStorage (RaftStorage.java:format(72)) - Storage directory /workdir/hadoop-ozone/integration-test/target/test-dir/MiniOzoneClusterImpl-3fc8568e-3664-4be6-9c60-644bdcd1012a/datanode-7/data/ratis/21907c1c-dbc7-4108-aded-c8c33bdd9912 has been successfully formatted.
2019-09-16 19:11:19,261 [pool-47-thread-1] INFO  ratis.ContainerStateMachine (ContainerStateMachine.java:loadSnapshot(230)) - group-C8C33BDD9912: The snapshot info is null. Setting the last applied indexto:(t:0, i:~)
2019-09-16 19:11:19,261 [pool-37-thread-1] INFO  storage.RaftStorage (RaftStorage.java:format(72)) - Storage directory /workdir/hadoop-ozone/integration-test/target/test-dir/MiniOzoneClusterImpl-3fc8568e-3664-4be6-9c60-644bdcd1012a/datanode-1/data/ratis/21907c1c-dbc7-4108-aded-c8c33bdd9912 has been successfully formatted.
2019-09-16 19:11:19,261 [pool-47-thread-1] INFO  server.RaftServerConfigKeys (ConfUtils.java:logGet(43)) - raft.server.notification.no-leader.timeout = 120s (custom)
2019-09-16 19:11:19,261 [pool-97-thread-1] INFO  ratis.ContainerStateMachine (ContainerStateMachine.java:loadSnapshot(230)) - group-C8C33BDD9912: The snapshot info is null. Setting the last applied indexto:(t:0, i:~)
2019-09-16 19:11:19,261 [pool-47-thread-1] INFO  server.RaftServerConfigKeys (ConfUtils.java:logGet(43)) - raft.server.log.use.memory = false (default)
2019-09-16 19:11:19,261 [pool-37-thread-1] INFO  ratis.ContainerStateMachine (ContainerStateMachine.java:loadSnapshot(230)) - group-C8C33BDD9912: The snapshot info is null. Setting the last applied indexto:(t:0, i:~)
2019-09-16 19:11:19,261 [pool-47-thread-1] INFO  server.RaftServerConfigKeys (ConfUtils.java:logGet(43)) - raft.server.log.purge.gap = 1000000 (custom)
2019-09-16 19:11:19,261 [pool-97-thread-1] INFO  server.RaftServerConfigKeys (ConfUtils.java:logGet(43)) - raft.server.notification.no-leader.timeout = 120s (custom)
2019-09-16 19:11:19,262 [pool-47-thread-1] INFO  server.RaftServerConfigKeys (ConfUtils.java:logGet(43)) - raft.server.log.appender.buffer.byte-limit = 33554432 (custom)
2019-09-16 19:11:19,261 [pool-37-thread-1] INFO  server.RaftServerConfigKeys (ConfUtils.java:logGet(43)) - raft.server.notification.no-leader.timeout = 120s (custom)
2019-09-16 19:11:19,262 [pool-47-thread-1] INFO  server.RaftServerConfigKeys (ConfUtils.java:logGet(43)) - raft.server.log.segment.size.max = 1048576 (custom)
2019-09-16 19:11:19,262 [pool-97-thread-1] INFO  server.RaftServerConfigKeys (ConfUtils.java:logGet(43)) - raft.server.log.use.memory = false (default)
2019-09-16 19:11:19,262 [pool-47-thread-1] INFO  server.RaftServerConfigKeys (ConfUtils.java:logGet(43)) - raft.server.log.segment.cache.num.max = 2 (custom)
2019-09-16 19:11:19,262 [pool-37-thread-1] INFO  server.RaftServerConfigKeys (ConfUtils.java:logGet(43)) - raft.server.log.use.memory = false (default)
2019-09-16 19:11:19,262 [pool-47-thread-1] INFO  segmented.SegmentedRaftLogWorker (SegmentedRaftLogWorker.java:<init>(172)) - new 30fc0d14-cbc7-4743-b48a-59ef39c48768@group-C8C33BDD9912-SegmentedRaftLogWorker for RaftStorage:Storage Directory /workdir/hadoop-ozone/integration-test/target/test-dir/MiniOzoneClusterImpl-3fc8568e-3664-4be6-9c60-644bdcd1012a/datanode-2/data/ratis/21907c1c-dbc7-4108-aded-c8c33bdd9912
2019-09-16 19:11:19,262 [pool-97-thread-1] INFO  server.RaftServerConfigKeys (ConfUtils.java:logGet(43)) - raft.server.log.purge.gap = 1000000 (custom)
2019-09-16 19:11:19,262 [pool-47-thread-1] INFO  server.RaftServerConfigKeys (ConfUtils.java:logGet(43)) - raft.server.log.queue.byte-limit = 2147483647 (custom)
2019-09-16 19:11:19,262 [pool-37-thread-1] INFO  server.RaftServerConfigKeys (ConfUtils.java:logGet(43)) - raft.server.log.purge.gap = 1000000 (custom)
2019-09-16 19:11:19,263 [pool-47-thread-1] INFO  server.RaftServerConfigKeys (ConfUtils.java:logGet(43)) - raft.server.log.queue.element-limit = 1024 (custom)
2019-09-16 19:11:19,263 [pool-97-thread-1] INFO  server.RaftServerConfigKeys (ConfUtils.java:logGet(43)) - raft.server.log.appender.buffer.byte-limit = 33554432 (custom)
2019-09-16 19:11:19,263 [pool-47-thread-1] INFO  server.RaftServerConfigKeys (ConfUtils.java:logGet(43)) - raft.server.log.segment.size.max = 1048576 (custom)
2019-09-16 19:11:19,263 [pool-37-thread-1] INFO  server.RaftServerConfigKeys (ConfUtils.java:logGet(43)) - raft.server.log.appender.buffer.byte-limit = 33554432 (custom)
2019-09-16 19:11:19,263 [pool-47-thread-1] INFO  server.RaftServerConfigKeys (ConfUtils.java:logGet(43)) - raft.server.log.preallocated.size = 16384 (custom)
2019-09-16 19:11:19,263 [pool-97-thread-1] INFO  server.RaftServerConfigKeys (ConfUtils.java:logGet(43)) - raft.server.log.segment.size.max = 1048576 (custom)
2019-09-16 19:11:19,265 [pool-47-thread-1] INFO  server.RaftServerConfigKeys (ConfUtils.java:logGet(43)) - raft.server.log.write.buffer.size = 33554432 (custom)
2019-09-16 19:11:19,263 [pool-37-thread-1] INFO  server.RaftServerConfigKeys (ConfUtils.java:logGet(43)) - raft.server.log.segment.size.max = 1048576 (custom)
2019-09-16 19:11:19,265 [pool-47-thread-1] INFO  server.RaftServerConfigKeys (ConfUtils.java:logGet(43)) - raft.server.log.force.sync.num = 128 (default)
2019-09-16 19:11:19,265 [pool-97-thread-1] INFO  server.RaftServerConfigKeys (ConfUtils.java:logGet(43)) - raft.server.log.segment.cache.num.max = 2 (custom)
2019-09-16 19:11:19,265 [pool-47-thread-1] INFO  server.RaftServerConfigKeys (ConfUtils.java:logGet(43)) - raft.server.log.statemachine.data.sync = true (default)
2019-09-16 19:11:19,265 [pool-37-thread-1] INFO  server.RaftServerConfigKeys (ConfUtils.java:logGet(43)) - raft.server.log.segment.cache.num.max = 2 (custom)
2019-09-16 19:11:19,265 [pool-47-thread-1] INFO  server.RaftServerConfigKeys (ConfUtils.java:logGet(43)) - raft.server.log.statemachine.data.sync.timeout = 10s (default)
2019-09-16 19:11:19,265 [pool-97-thread-1] INFO  segmented.SegmentedRaftLogWorker (SegmentedRaftLogWorker.java:<init>(172)) - new 4eec4314-a089-48fe-8241-8a8066126e3f@group-C8C33BDD9912-SegmentedRaftLogWorker for RaftStorage:Storage Directory /workdir/hadoop-ozone/integration-test/target/test-dir/MiniOzoneClusterImpl-3fc8568e-3664-4be6-9c60-644bdcd1012a/datanode-7/data/ratis/21907c1c-dbc7-4108-aded-c8c33bdd9912
2019-09-16 19:11:19,266 [pool-47-thread-1] INFO  server.RaftServerConfigKeys (ConfUtils.java:logGet(43)) - raft.server.log.statemachine.data.sync.timeout.retry = -1 (default)
2019-09-16 19:11:19,266 [pool-37-thread-1] INFO  segmented.SegmentedRaftLogWorker (SegmentedRaftLogWorker.java:<init>(172)) - new 52078b41-1f38-4037-a826-db5ef9cf1b82@group-C8C33BDD9912-SegmentedRaftLogWorker for RaftStorage:Storage Directory /workdir/hadoop-ozone/integration-test/target/test-dir/MiniOzoneClusterImpl-3fc8568e-3664-4be6-9c60-644bdcd1012a/datanode-1/data/ratis/21907c1c-dbc7-4108-aded-c8c33bdd9912
2019-09-16 19:11:19,266 [pool-47-thread-1] INFO  server.RaftServerConfigKeys (ConfUtils.java:logGet(43)) - raft.server.log.statemachine.data.caching.enabled = true (custom)
2019-09-16 19:11:19,266 [pool-97-thread-1] INFO  server.RaftServerConfigKeys (ConfUtils.java:logGet(43)) - raft.server.log.queue.byte-limit = 2147483647 (custom)
2019-09-16 19:11:19,266 [pool-37-thread-1] INFO  server.RaftServerConfigKeys (ConfUtils.java:logGet(43)) - raft.server.log.queue.byte-limit = 2147483647 (custom)
2019-09-16 19:11:19,266 [pool-97-thread-1] INFO  server.RaftServerConfigKeys (ConfUtils.java:logGet(43)) - raft.server.log.queue.element-limit = 1024 (custom)
2019-09-16 19:11:19,266 [pool-47-thread-1] INFO  segmented.SegmentedRaftLogWorker (SegmentedRaftLogWorker.java:lambda$new$0(132)) - 30fc0d14-cbc7-4743-b48a-59ef39c48768@group-C8C33BDD9912-SegmentedRaftLogWorker: flushIndex: setUnconditionally 0 -> -1
2019-09-16 19:11:19,266 [pool-97-thread-1] INFO  server.RaftServerConfigKeys (ConfUtils.java:logGet(43)) - raft.server.log.segment.size.max = 1048576 (custom)
2019-09-16 19:11:19,267 [pool-47-thread-1] INFO  server.RaftServerConfigKeys (ConfUtils.java:logGet(43)) - raft.server.snapshot.auto.trigger.enabled = true (custom)
2019-09-16 19:11:19,266 [pool-37-thread-1] INFO  server.RaftServerConfigKeys (ConfUtils.java:logGet(43)) - raft.server.log.queue.element-limit = 1024 (custom)
2019-09-16 19:11:19,267 [pool-47-thread-1] INFO  server.RaftServerConfigKeys (ConfUtils.java:logGet(43)) - raft.server.snapshot.auto.trigger.threshold = 10000 (custom)
2019-09-16 19:11:19,267 [pool-97-thread-1] INFO  server.RaftServerConfigKeys (ConfUtils.java:logGet(43)) - raft.server.log.preallocated.size = 16384 (custom)
2019-09-16 19:11:19,267 [pool-47-thread-1] INFO  server.RaftServerConfigKeys (ConfUtils.java:logGet(43)) - raft.server.snapshot.retention.num.files = -1 (default)
2019-09-16 19:11:19,267 [pool-37-thread-1] INFO  server.RaftServerConfigKeys (ConfUtils.java:logGet(43)) - raft.server.log.segment.size.max = 1048576 (custom)
2019-09-16 19:11:19,267 [pool-47-thread-1] INFO  server.RaftServerConfigKeys (ConfUtils.java:logGet(43)) - raft.server.retrycache.expirytime = 600000ms (custom)
2019-09-16 19:11:19,267 [pool-97-thread-1] INFO  server.RaftServerConfigKeys (ConfUtils.java:logGet(43)) - raft.server.log.write.buffer.size = 33554432 (custom)
2019-09-16 19:11:19,267 [pool-37-thread-1] INFO  server.RaftServerConfigKeys (ConfUtils.java:logGet(43)) - raft.server.log.preallocated.size = 16384 (custom)
2019-09-16 19:11:19,267 [pool-97-thread-1] INFO  server.RaftServerConfigKeys (ConfUtils.java:logGet(43)) - raft.server.log.force.sync.num = 128 (default)
2019-09-16 19:11:19,268 [pool-37-thread-1] INFO  server.RaftServerConfigKeys (ConfUtils.java:logGet(43)) - raft.server.log.write.buffer.size = 33554432 (custom)
2019-09-16 19:11:19,268 [pool-97-thread-1] INFO  server.RaftServerConfigKeys (ConfUtils.java:logGet(43)) - raft.server.log.statemachine.data.sync = true (default)
2019-09-16 19:11:19,268 [pool-37-thread-1] INFO  server.RaftServerConfigKeys (ConfUtils.java:logGet(43)) - raft.server.log.force.sync.num = 128 (default)
2019-09-16 19:11:19,268 [pool-37-thread-1] INFO  server.RaftServerConfigKeys (ConfUtils.java:logGet(43)) - raft.server.log.statemachine.data.sync = true (default)
2019-09-16 19:11:19,268 [pool-97-thread-1] INFO  server.RaftServerConfigKeys (ConfUtils.java:logGet(43)) - raft.server.log.statemachine.data.sync.timeout = 10s (default)
2019-09-16 19:11:19,268 [pool-37-thread-1] INFO  server.RaftServerConfigKeys (ConfUtils.java:logGet(43)) - raft.server.log.statemachine.data.sync.timeout = 10s (default)
2019-09-16 19:11:19,268 [pool-97-thread-1] INFO  server.RaftServerConfigKeys (ConfUtils.java:logGet(43)) - raft.server.log.statemachine.data.sync.timeout.retry = -1 (default)
2019-09-16 19:11:19,269 [pool-37-thread-1] INFO  server.RaftServerConfigKeys (ConfUtils.java:logGet(43)) - raft.server.log.statemachine.data.sync.timeout.retry = -1 (default)
2019-09-16 19:11:19,269 [pool-97-thread-1] INFO  server.RaftServerConfigKeys (ConfUtils.java:logGet(43)) - raft.server.log.statemachine.data.caching.enabled = true (custom)
2019-09-16 19:11:19,269 [pool-37-thread-1] INFO  server.RaftServerConfigKeys (ConfUtils.java:logGet(43)) - raft.server.log.statemachine.data.caching.enabled = true (custom)
2019-09-16 19:11:19,269 [pool-97-thread-1] INFO  segmented.SegmentedRaftLogWorker (SegmentedRaftLogWorker.java:lambda$new$0(132)) - 4eec4314-a089-48fe-8241-8a8066126e3f@group-C8C33BDD9912-SegmentedRaftLogWorker: flushIndex: setUnconditionally 0 -> -1
2019-09-16 19:11:19,269 [pool-37-thread-1] INFO  segmented.SegmentedRaftLogWorker (SegmentedRaftLogWorker.java:lambda$new$0(132)) - 52078b41-1f38-4037-a826-db5ef9cf1b82@group-C8C33BDD9912-SegmentedRaftLogWorker: flushIndex: setUnconditionally 0 -> -1
2019-09-16 19:11:19,269 [pool-47-thread-1] INFO  impl.RaftServerImpl (RaftServerImpl.java:start(185)) - 30fc0d14-cbc7-4743-b48a-59ef39c48768@group-C8C33BDD9912: start as a follower, conf=-1: [52078b41-1f38-4037-a826-db5ef9cf1b82:192.168.34.56:44314, 30fc0d14-cbc7-4743-b48a-59ef39c48768:192.168.34.56:45570, 4eec4314-a089-48fe-8241-8a8066126e3f:192.168.34.56:36988], old=null
2019-09-16 19:11:19,269 [pool-47-thread-1] INFO  impl.RaftServerImpl (RaftServerImpl.java:setRole(174)) - 30fc0d14-cbc7-4743-b48a-59ef39c48768@group-C8C33BDD9912: changes role from      null to FOLLOWER at term 0 for startAsFollower
2019-09-16 19:11:19,269 [pool-37-thread-1] INFO  server.RaftServerConfigKeys (ConfUtils.java:logGet(43)) - raft.server.snapshot.auto.trigger.enabled = true (custom)
2019-09-16 19:11:19,269 [pool-97-thread-1] INFO  server.RaftServerConfigKeys (ConfUtils.java:logGet(43)) - raft.server.snapshot.auto.trigger.enabled = true (custom)
2019-09-16 19:11:19,270 [pool-37-thread-1] INFO  server.RaftServerConfigKeys (ConfUtils.java:logGet(43)) - raft.server.snapshot.auto.trigger.threshold = 10000 (custom)
2019-09-16 19:11:19,269 [pool-47-thread-1] INFO  impl.RoleInfo (RoleInfo.java:updateAndGet(143)) - 30fc0d14-cbc7-4743-b48a-59ef39c48768: start FollowerState
2019-09-16 19:11:19,270 [pool-37-thread-1] INFO  server.RaftServerConfigKeys (ConfUtils.java:logGet(43)) - raft.server.snapshot.retention.num.files = -1 (default)
2019-09-16 19:11:19,270 [pool-97-thread-1] INFO  server.RaftServerConfigKeys (ConfUtils.java:logGet(43)) - raft.server.snapshot.auto.trigger.threshold = 10000 (custom)
2019-09-16 19:11:19,270 [pool-47-thread-1] INFO  util.JmxRegister (JmxRegister.java:tryRegister(44)) - Successfully registered JMX Bean with object name Ratis:service=RaftServer,group=group-C8C33BDD9912,id=30fc0d14-cbc7-4743-b48a-59ef39c48768
2019-09-16 19:11:19,270 [pool-37-thread-1] INFO  server.RaftServerConfigKeys (ConfUtils.java:logGet(43)) - raft.server.retrycache.expirytime = 600000ms (custom)
2019-09-16 19:11:19,270 [pool-97-thread-1] INFO  server.RaftServerConfigKeys (ConfUtils.java:logGet(43)) - raft.server.snapshot.retention.num.files = -1 (default)
2019-09-16 19:11:19,270 [pool-97-thread-1] INFO  server.RaftServerConfigKeys (ConfUtils.java:logGet(43)) - raft.server.retrycache.expirytime = 600000ms (custom)
2019-09-16 19:11:19,278 [4bce4e32-952c-4220-bcc9-22a10ce18ca8@group-AE8201FBCF7A:LeaderElection2] INFO  impl.LeaderElection (LeaderElection.java:askForVotes(182)) - 4bce4e32-952c-4220-bcc9-22a10ce18ca8@group-AE8201FBCF7A:LeaderElection2: begin an election at term 1 for -1: [4bce4e32-952c-4220-bcc9-22a10ce18ca8:192.168.34.56:34355], old=null
2019-09-16 19:11:19,287 [4bce4e32-952c-4220-bcc9-22a10ce18ca8@group-AE8201FBCF7A:LeaderElection2] INFO  impl.RoleInfo (RoleInfo.java:shutdownLeaderElection(134)) - 4bce4e32-952c-4220-bcc9-22a10ce18ca8: shutdown LeaderElection
2019-09-16 19:11:19,287 [4bce4e32-952c-4220-bcc9-22a10ce18ca8@group-AE8201FBCF7A:LeaderElection2] INFO  impl.RaftServerImpl (RaftServerImpl.java:setRole(174)) - 4bce4e32-952c-4220-bcc9-22a10ce18ca8@group-AE8201FBCF7A: changes role from CANDIDATE to LEADER at term 1 for changeToLeader
2019-09-16 19:11:19,290 [4bce4e32-952c-4220-bcc9-22a10ce18ca8@group-AE8201FBCF7A:LeaderElection2] INFO  impl.RaftServerImpl (ServerState.java:setLeader(253)) - 4bce4e32-952c-4220-bcc9-22a10ce18ca8@group-AE8201FBCF7A: change Leader from null to 4bce4e32-952c-4220-bcc9-22a10ce18ca8 at term 1 for becomeLeader, leader elected after 1062ms
2019-09-16 19:11:19,290 [4bce4e32-952c-4220-bcc9-22a10ce18ca8@group-AE8201FBCF7A:LeaderElection2] INFO  server.RaftServerConfigKeys (ConfUtils.java:logGet(43)) - raft.server.staging.catchup.gap = 1000 (default)
2019-09-16 19:11:19,290 [4bce4e32-952c-4220-bcc9-22a10ce18ca8@group-AE8201FBCF7A:LeaderElection2] INFO  server.RaftServerConfigKeys (ConfUtils.java:logGet(43)) - raft.server.rpc.sleep.time = 25ms (default)
2019-09-16 19:11:19,290 [pool-37-thread-1] INFO  impl.RaftServerImpl (RaftServerImpl.java:start(185)) - 52078b41-1f38-4037-a826-db5ef9cf1b82@group-C8C33BDD9912: start as a follower, conf=-1: [52078b41-1f38-4037-a826-db5ef9cf1b82:192.168.34.56:44314, 30fc0d14-cbc7-4743-b48a-59ef39c48768:192.168.34.56:45570, 4eec4314-a089-48fe-8241-8a8066126e3f:192.168.34.56:36988], old=null
2019-09-16 19:11:19,290 [4bce4e32-952c-4220-bcc9-22a10ce18ca8@group-AE8201FBCF7A:LeaderElection2] INFO  server.RaftServerConfigKeys (ConfUtils.java:logGet(43)) - raft.server.write.element-limit = 4096 (default)
2019-09-16 19:11:19,290 [pool-37-thread-1] INFO  impl.RaftServerImpl (RaftServerImpl.java:setRole(174)) - 52078b41-1f38-4037-a826-db5ef9cf1b82@group-C8C33BDD9912: changes role from      null to FOLLOWER at term 0 for startAsFollower
2019-09-16 19:11:19,290 [4bce4e32-952c-4220-bcc9-22a10ce18ca8@group-AE8201FBCF7A:LeaderElection2] INFO  server.RaftServerConfigKeys (ConfUtils.java:logGet(43)) - raft.server.watch.timeout = 10s (default)
2019-09-16 19:11:19,291 [4bce4e32-952c-4220-bcc9-22a10ce18ca8@group-AE8201FBCF7A:LeaderElection2] INFO  server.RaftServerConfigKeys (ConfUtils.java:logGet(43)) - raft.server.watch.timeout.denomination = 1s (default)
2019-09-16 19:11:19,291 [pool-37-thread-1] INFO  impl.RoleInfo (RoleInfo.java:updateAndGet(143)) - 52078b41-1f38-4037-a826-db5ef9cf1b82: start FollowerState
2019-09-16 19:11:19,291 [4bce4e32-952c-4220-bcc9-22a10ce18ca8@group-AE8201FBCF7A:LeaderElection2] INFO  server.RaftServerConfigKeys (ConfUtils.java:logGet(43)) - raft.server.watch.element-limit = 65536 (default)
2019-09-16 19:11:19,291 [pool-97-thread-1] INFO  impl.RaftServerImpl (RaftServerImpl.java:start(185)) - 4eec4314-a089-48fe-8241-8a8066126e3f@group-C8C33BDD9912: start as a follower, conf=-1: [52078b41-1f38-4037-a826-db5ef9cf1b82:192.168.34.56:44314, 30fc0d14-cbc7-4743-b48a-59ef39c48768:192.168.34.56:45570, 4eec4314-a089-48fe-8241-8a8066126e3f:192.168.34.56:36988], old=null
2019-09-16 19:11:19,291 [pool-97-thread-1] INFO  impl.RaftServerImpl (RaftServerImpl.java:setRole(174)) - 4eec4314-a089-48fe-8241-8a8066126e3f@group-C8C33BDD9912: changes role from      null to FOLLOWER at term 0 for startAsFollower
2019-09-16 19:11:19,294 [pool-37-thread-1] INFO  util.JmxRegister (JmxRegister.java:tryRegister(44)) - Successfully registered JMX Bean with object name Ratis:service=RaftServer,group=group-C8C33BDD9912,id=52078b41-1f38-4037-a826-db5ef9cf1b82
2019-09-16 19:11:19,294 [pool-97-thread-1] INFO  impl.RoleInfo (RoleInfo.java:updateAndGet(143)) - 4eec4314-a089-48fe-8241-8a8066126e3f: start FollowerState
2019-09-16 19:11:19,294 [pool-97-thread-1] INFO  util.JmxRegister (JmxRegister.java:tryRegister(44)) - Successfully registered JMX Bean with object name Ratis:service=RaftServer,group=group-C8C33BDD9912,id=4eec4314-a089-48fe-8241-8a8066126e3f
2019-09-16 19:11:19,298 [4bce4e32-952c-4220-bcc9-22a10ce18ca8@group-AE8201FBCF7A:LeaderElection2] INFO  impl.RoleInfo (RoleInfo.java:updateAndGet(143)) - 4bce4e32-952c-4220-bcc9-22a10ce18ca8: start LeaderState
2019-09-16 19:11:19,301 [4bce4e32-952c-4220-bcc9-22a10ce18ca8@group-AE8201FBCF7A:LeaderElection2] INFO  segmented.SegmentedRaftLogWorker (SegmentedRaftLogWorker.java:startLogSegment(380)) - 4bce4e32-952c-4220-bcc9-22a10ce18ca8@group-AE8201FBCF7A-SegmentedRaftLogWorker: Starting segment from index:0
2019-09-16 19:11:19,301 [4bce4e32-952c-4220-bcc9-22a10ce18ca8@group-AE8201FBCF7A:LeaderElection2] INFO  impl.RaftServerImpl (ServerState.java:setRaftConf(354)) - 4bce4e32-952c-4220-bcc9-22a10ce18ca8@group-AE8201FBCF7A: set configuration 0: [4bce4e32-952c-4220-bcc9-22a10ce18ca8:192.168.34.56:34355], old=null at 0
2019-09-16 19:11:19,305 [RatisPipelineUtilsThread] INFO  pipeline.PipelineStateManager (PipelineStateManager.java:addPipeline(56)) - Created pipeline Pipeline[ Id: 21907c1c-dbc7-4108-aded-c8c33bdd9912, Nodes: 4eec4314-a089-48fe-8241-8a8066126e3f{ip: 192.168.34.56, host: pr-hdds-2111-hlhfn-3535364396, networkLocation: /default-rack, certSerialId: null}30fc0d14-cbc7-4743-b48a-59ef39c48768{ip: 192.168.34.56, host: pr-hdds-2111-hlhfn-3535364396, networkLocation: /default-rack, certSerialId: null}52078b41-1f38-4037-a826-db5ef9cf1b82{ip: 192.168.34.56, host: pr-hdds-2111-hlhfn-3535364396, networkLocation: /default-rack, certSerialId: null}, Type:RATIS, Factor:THREE, State:OPEN]
2019-09-16 19:11:19,328 [grpc-default-executor-0] INFO  impl.RaftServerProxy (RaftServerProxy.java:addNew(89)) - 938e50ce-7856-436b-8929-0e37f4d51388: addNew group-550D69124986:[938e50ce-7856-436b-8929-0e37f4d51388:192.168.34.56:36082, 4773b317-5b37-4901-9e93-e460a24d1141:192.168.34.56:46271, 6abcef3f-3f35-471a-9739-1d418d62cada:192.168.34.56:34284] returns group-550D69124986:java.util.concurrent.CompletableFuture@21987f78[Not completed]
2019-09-16 19:11:19,328 [grpc-default-executor-2] INFO  impl.RaftServerProxy (RaftServerProxy.java:addNew(89)) - 4773b317-5b37-4901-9e93-e460a24d1141: addNew group-550D69124986:[938e50ce-7856-436b-8929-0e37f4d51388:192.168.34.56:36082, 4773b317-5b37-4901-9e93-e460a24d1141:192.168.34.56:46271, 6abcef3f-3f35-471a-9739-1d418d62cada:192.168.34.56:34284] returns group-550D69124986:java.util.concurrent.CompletableFuture@46731e51[Not completed]
2019-09-16 19:11:19,339 [pool-117-thread-1] INFO  impl.RaftServerImpl (RaftServerImpl.java:<init>(95)) - 4773b317-5b37-4901-9e93-e460a24d1141: new RaftServerImpl for group-550D69124986:[938e50ce-7856-436b-8929-0e37f4d51388:192.168.34.56:36082, 4773b317-5b37-4901-9e93-e460a24d1141:192.168.34.56:46271, 6abcef3f-3f35-471a-9739-1d418d62cada:192.168.34.56:34284] with ContainerStateMachine:uninitialized
2019-09-16 19:11:19,340 [pool-117-thread-1] INFO  server.RaftServerConfigKeys (ConfUtils.java:logGet(43)) - raft.server.rpc.timeout.min = 1s (custom)
2019-09-16 19:11:19,340 [pool-117-thread-1] INFO  server.RaftServerConfigKeys (ConfUtils.java:logGet(43)) - raft.server.rpc.timeout.max = 1200ms (custom)
2019-09-16 19:11:19,340 [pool-117-thread-1] INFO  server.RaftServerConfigKeys (ConfUtils.java:logGet(43)) - raft.server.rpcslowness.timeout = 120s (custom)
2019-09-16 19:11:19,340 [pool-117-thread-1] INFO  server.RaftServerConfigKeys (ConfUtils.java:logGet(43)) - raft.server.sleep.deviation.threshold = 300 (default)
2019-09-16 19:11:19,340 [pool-67-thread-1] INFO  impl.RaftServerImpl (RaftServerImpl.java:<init>(95)) - 938e50ce-7856-436b-8929-0e37f4d51388: new RaftServerImpl for group-550D69124986:[938e50ce-7856-436b-8929-0e37f4d51388:192.168.34.56:36082, 4773b317-5b37-4901-9e93-e460a24d1141:192.168.34.56:46271, 6abcef3f-3f35-471a-9739-1d418d62cada:192.168.34.56:34284] with ContainerStateMachine:uninitialized
2019-09-16 19:11:19,340 [grpc-default-executor-0] INFO  impl.RaftServerProxy (RaftServerProxy.java:addNew(89)) - 6abcef3f-3f35-471a-9739-1d418d62cada: addNew group-550D69124986:[938e50ce-7856-436b-8929-0e37f4d51388:192.168.34.56:36082, 4773b317-5b37-4901-9e93-e460a24d1141:192.168.34.56:46271, 6abcef3f-3f35-471a-9739-1d418d62cada:192.168.34.56:34284] returns group-550D69124986:java.util.concurrent.CompletableFuture@5cff9032[Not completed]
2019-09-16 19:11:19,340 [pool-117-thread-1] INFO  server.RaftServerConfigKeys (ConfUtils.java:logGet(43)) - raft.server.log.appender.install.snapshot.enabled = false (custom)
2019-09-16 19:11:19,341 [pool-117-thread-1] INFO  impl.RaftServerImpl (ServerState.java:<init>(103)) - 4773b317-5b37-4901-9e93-e460a24d1141@group-550D69124986: ConfigurationManager, init=-1: [938e50ce-7856-436b-8929-0e37f4d51388:192.168.34.56:36082, 4773b317-5b37-4901-9e93-e460a24d1141:192.168.34.56:46271, 6abcef3f-3f35-471a-9739-1d418d62cada:192.168.34.56:34284], old=null, confs=<EMPTY_MAP>
2019-09-16 19:11:19,340 [pool-67-thread-1] INFO  server.RaftServerConfigKeys (ConfUtils.java:logGet(43)) - raft.server.rpc.timeout.min = 1s (custom)
2019-09-16 19:11:19,341 [pool-57-thread-1] INFO  impl.RaftServerImpl (RaftServerImpl.java:<init>(95)) - 6abcef3f-3f35-471a-9739-1d418d62cada: new RaftServerImpl for group-550D69124986:[938e50ce-7856-436b-8929-0e37f4d51388:192.168.34.56:36082, 4773b317-5b37-4901-9e93-e460a24d1141:192.168.34.56:46271, 6abcef3f-3f35-471a-9739-1d418d62cada:192.168.34.56:34284] with ContainerStateMachine:uninitialized
2019-09-16 19:11:19,341 [pool-67-thread-1] INFO  server.RaftServerConfigKeys (ConfUtils.java:logGet(43)) - raft.server.rpc.timeout.max = 1200ms (custom)
2019-09-16 19:11:19,341 [pool-117-thread-1] INFO  server.RaftServerConfigKeys (ConfUtils.java:logGet(43)) - raft.server.storage.dir = [/workdir/hadoop-ozone/integration-test/target/test-dir/MiniOzoneClusterImpl-3fc8568e-3664-4be6-9c60-644bdcd1012a/datanode-9/data/ratis] (custom)
2019-09-16 19:11:19,346 [pool-67-thread-1] INFO  server.RaftServerConfigKeys (ConfUtils.java:logGet(43)) - raft.server.rpcslowness.timeout = 120s (custom)
2019-09-16 19:11:19,346 [pool-57-thread-1] INFO  server.RaftServerConfigKeys (ConfUtils.java:logGet(43)) - raft.server.rpc.timeout.min = 1s (custom)
2019-09-16 19:11:19,347 [pool-67-thread-1] INFO  server.RaftServerConfigKeys (ConfUtils.java:logGet(43)) - raft.server.sleep.deviation.threshold = 300 (default)
2019-09-16 19:11:19,347 [pool-117-thread-1] INFO  storage.RaftStorageDirectory (RaftStorageDirectory.java:analyzeStorage(246)) - The storage directory /workdir/hadoop-ozone/integration-test/target/test-dir/MiniOzoneClusterImpl-3fc8568e-3664-4be6-9c60-644bdcd1012a/datanode-9/data/ratis/1838df1b-d707-47e0-ae27-550d69124986 does not exist. Creating ...
2019-09-16 19:11:19,347 [pool-57-thread-1] INFO  server.RaftServerConfigKeys (ConfUtils.java:logGet(43)) - raft.server.rpc.timeout.max = 1200ms (custom)
2019-09-16 19:11:19,347 [pool-67-thread-1] INFO  server.RaftServerConfigKeys (ConfUtils.java:logGet(43)) - raft.server.log.appender.install.snapshot.enabled = false (custom)
2019-09-16 19:11:19,347 [pool-57-thread-1] INFO  server.RaftServerConfigKeys (ConfUtils.java:logGet(43)) - raft.server.rpcslowness.timeout = 120s (custom)
2019-09-16 19:11:19,347 [pool-67-thread-1] INFO  impl.RaftServerImpl (ServerState.java:<init>(103)) - 938e50ce-7856-436b-8929-0e37f4d51388@group-550D69124986: ConfigurationManager, init=-1: [938e50ce-7856-436b-8929-0e37f4d51388:192.168.34.56:36082, 4773b317-5b37-4901-9e93-e460a24d1141:192.168.34.56:46271, 6abcef3f-3f35-471a-9739-1d418d62cada:192.168.34.56:34284], old=null, confs=<EMPTY_MAP>
2019-09-16 19:11:19,347 [pool-57-thread-1] INFO  server.RaftServerConfigKeys (ConfUtils.java:logGet(43)) - raft.server.sleep.deviation.threshold = 300 (default)
2019-09-16 19:11:19,350 [pool-57-thread-1] INFO  server.RaftServerConfigKeys (ConfUtils.java:logGet(43)) - raft.server.log.appender.install.snapshot.enabled = false (custom)
2019-09-16 19:11:19,351 [pool-67-thread-1] INFO  server.RaftServerConfigKeys (ConfUtils.java:logGet(43)) - raft.server.storage.dir = [/workdir/hadoop-ozone/integration-test/target/test-dir/MiniOzoneClusterImpl-3fc8568e-3664-4be6-9c60-644bdcd1012a/datanode-4/data/ratis] (custom)
2019-09-16 19:11:19,351 [pool-57-thread-1] INFO  impl.RaftServerImpl (ServerState.java:<init>(103)) - 6abcef3f-3f35-471a-9739-1d418d62cada@group-550D69124986: ConfigurationManager, init=-1: [938e50ce-7856-436b-8929-0e37f4d51388:192.168.34.56:36082, 4773b317-5b37-4901-9e93-e460a24d1141:192.168.34.56:46271, 6abcef3f-3f35-471a-9739-1d418d62cada:192.168.34.56:34284], old=null, confs=<EMPTY_MAP>
2019-09-16 19:11:19,351 [pool-57-thread-1] INFO  server.RaftServerConfigKeys (ConfUtils.java:logGet(43)) - raft.server.storage.dir = [/workdir/hadoop-ozone/integration-test/target/test-dir/MiniOzoneClusterImpl-3fc8568e-3664-4be6-9c60-644bdcd1012a/datanode-3/data/ratis] (custom)
2019-09-16 19:11:19,351 [pool-67-thread-1] INFO  storage.RaftStorageDirectory (RaftStorageDirectory.java:analyzeStorage(246)) - The storage directory /workdir/hadoop-ozone/integration-test/target/test-dir/MiniOzoneClusterImpl-3fc8568e-3664-4be6-9c60-644bdcd1012a/datanode-4/data/ratis/1838df1b-d707-47e0-ae27-550d69124986 does not exist. Creating ...
2019-09-16 19:11:19,351 [pool-57-thread-1] INFO  storage.RaftStorageDirectory (RaftStorageDirectory.java:analyzeStorage(246)) - The storage directory /workdir/hadoop-ozone/integration-test/target/test-dir/MiniOzoneClusterImpl-3fc8568e-3664-4be6-9c60-644bdcd1012a/datanode-3/data/ratis/1838df1b-d707-47e0-ae27-550d69124986 does not exist. Creating ...
2019-09-16 19:11:19,360 [pool-67-thread-1] INFO  storage.RaftStorageDirectory (RaftStorageDirectory.java:tryLock(328)) - Lock on /workdir/hadoop-ozone/integration-test/target/test-dir/MiniOzoneClusterImpl-3fc8568e-3664-4be6-9c60-644bdcd1012a/datanode-4/data/ratis/1838df1b-d707-47e0-ae27-550d69124986/in_use.lock acquired by nodename 4836@pr-hdds-2111-hlhfn-3535364396
2019-09-16 19:11:19,360 [pool-117-thread-1] INFO  storage.RaftStorageDirectory (RaftStorageDirectory.java:tryLock(328)) - Lock on /workdir/hadoop-ozone/integration-test/target/test-dir/MiniOzoneClusterImpl-3fc8568e-3664-4be6-9c60-644bdcd1012a/datanode-9/data/ratis/1838df1b-d707-47e0-ae27-550d69124986/in_use.lock acquired by nodename 4836@pr-hdds-2111-hlhfn-3535364396
2019-09-16 19:11:19,360 [pool-57-thread-1] INFO  storage.RaftStorageDirectory (RaftStorageDirectory.java:tryLock(328)) - Lock on /workdir/hadoop-ozone/integration-test/target/test-dir/MiniOzoneClusterImpl-3fc8568e-3664-4be6-9c60-644bdcd1012a/datanode-3/data/ratis/1838df1b-d707-47e0-ae27-550d69124986/in_use.lock acquired by nodename 4836@pr-hdds-2111-hlhfn-3535364396
2019-09-16 19:11:19,374 [pool-117-thread-1] INFO  storage.RaftStorage (RaftStorage.java:format(72)) - Storage directory /workdir/hadoop-ozone/integration-test/target/test-dir/MiniOzoneClusterImpl-3fc8568e-3664-4be6-9c60-644bdcd1012a/datanode-9/data/ratis/1838df1b-d707-47e0-ae27-550d69124986 has been successfully formatted.
2019-09-16 19:11:19,374 [pool-67-thread-1] INFO  storage.RaftStorage (RaftStorage.java:format(72)) - Storage directory /workdir/hadoop-ozone/integration-test/target/test-dir/MiniOzoneClusterImpl-3fc8568e-3664-4be6-9c60-644bdcd1012a/datanode-4/data/ratis/1838df1b-d707-47e0-ae27-550d69124986 has been successfully formatted.
2019-09-16 19:11:19,374 [pool-57-thread-1] INFO  storage.RaftStorage (RaftStorage.java:format(72)) - Storage directory /workdir/hadoop-ozone/integration-test/target/test-dir/MiniOzoneClusterImpl-3fc8568e-3664-4be6-9c60-644bdcd1012a/datanode-3/data/ratis/1838df1b-d707-47e0-ae27-550d69124986 has been successfully formatted.
2019-09-16 19:11:19,375 [pool-117-thread-1] INFO  ratis.ContainerStateMachine (ContainerStateMachine.java:loadSnapshot(230)) - group-550D69124986: The snapshot info is null. Setting the last applied indexto:(t:0, i:~)
2019-09-16 19:11:19,375 [pool-57-thread-1] INFO  ratis.ContainerStateMachine (ContainerStateMachine.java:loadSnapshot(230)) - group-550D69124986: The snapshot info is null. Setting the last applied indexto:(t:0, i:~)
2019-09-16 19:11:19,375 [pool-67-thread-1] INFO  ratis.ContainerStateMachine (ContainerStateMachine.java:loadSnapshot(230)) - group-550D69124986: The snapshot info is null. Setting the last applied indexto:(t:0, i:~)
2019-09-16 19:11:19,375 [pool-57-thread-1] INFO  server.RaftServerConfigKeys (ConfUtils.java:logGet(43)) - raft.server.notification.no-leader.timeout = 120s (custom)
2019-09-16 19:11:19,375 [pool-117-thread-1] INFO  server.RaftServerConfigKeys (ConfUtils.java:logGet(43)) - raft.server.notification.no-leader.timeout = 120s (custom)
2019-09-16 19:11:19,375 [pool-57-thread-1] INFO  server.RaftServerConfigKeys (ConfUtils.java:logGet(43)) - raft.server.log.use.memory = false (default)
2019-09-16 19:11:19,375 [pool-67-thread-1] INFO  server.RaftServerConfigKeys (ConfUtils.java:logGet(43)) - raft.server.notification.no-leader.timeout = 120s (custom)
2019-09-16 19:11:19,375 [pool-57-thread-1] INFO  server.RaftServerConfigKeys (ConfUtils.java:logGet(43)) - raft.server.log.purge.gap = 1000000 (custom)
2019-09-16 19:11:19,375 [pool-117-thread-1] INFO  server.RaftServerConfigKeys (ConfUtils.java:logGet(43)) - raft.server.log.use.memory = false (default)
2019-09-16 19:11:19,375 [pool-57-thread-1] INFO  server.RaftServerConfigKeys (ConfUtils.java:logGet(43)) - raft.server.log.appender.buffer.byte-limit = 33554432 (custom)
2019-09-16 19:11:19,375 [pool-67-thread-1] INFO  server.RaftServerConfigKeys (ConfUtils.java:logGet(43)) - raft.server.log.use.memory = false (default)
2019-09-16 19:11:19,376 [pool-57-thread-1] INFO  server.RaftServerConfigKeys (ConfUtils.java:logGet(43)) - raft.server.log.segment.size.max = 1048576 (custom)
2019-09-16 19:11:19,375 [pool-117-thread-1] INFO  server.RaftServerConfigKeys (ConfUtils.java:logGet(43)) - raft.server.log.purge.gap = 1000000 (custom)
2019-09-16 19:11:19,376 [pool-57-thread-1] INFO  server.RaftServerConfigKeys (ConfUtils.java:logGet(43)) - raft.server.log.segment.cache.num.max = 2 (custom)
2019-09-16 19:11:19,376 [pool-67-thread-1] INFO  server.RaftServerConfigKeys (ConfUtils.java:logGet(43)) - raft.server.log.purge.gap = 1000000 (custom)
2019-09-16 19:11:19,376 [pool-57-thread-1] INFO  segmented.SegmentedRaftLogWorker (SegmentedRaftLogWorker.java:<init>(172)) - new 6abcef3f-3f35-471a-9739-1d418d62cada@group-550D69124986-SegmentedRaftLogWorker for RaftStorage:Storage Directory /workdir/hadoop-ozone/integration-test/target/test-dir/MiniOzoneClusterImpl-3fc8568e-3664-4be6-9c60-644bdcd1012a/datanode-3/data/ratis/1838df1b-d707-47e0-ae27-550d69124986
2019-09-16 19:11:19,376 [pool-117-thread-1] INFO  server.RaftServerConfigKeys (ConfUtils.java:logGet(43)) - raft.server.log.appender.buffer.byte-limit = 33554432 (custom)
2019-09-16 19:11:19,376 [pool-57-thread-1] INFO  server.RaftServerConfigKeys (ConfUtils.java:logGet(43)) - raft.server.log.queue.byte-limit = 2147483647 (custom)
2019-09-16 19:11:19,376 [pool-67-thread-1] INFO  server.RaftServerConfigKeys (ConfUtils.java:logGet(43)) - raft.server.log.appender.buffer.byte-limit = 33554432 (custom)
2019-09-16 19:11:19,376 [pool-57-thread-1] INFO  server.RaftServerConfigKeys (ConfUtils.java:logGet(43)) - raft.server.log.queue.element-limit = 1024 (custom)
2019-09-16 19:11:19,376 [pool-117-thread-1] INFO  server.RaftServerConfigKeys (ConfUtils.java:logGet(43)) - raft.server.log.segment.size.max = 1048576 (custom)
2019-09-16 19:11:19,377 [pool-57-thread-1] INFO  server.RaftServerConfigKeys (ConfUtils.java:logGet(43)) - raft.server.log.segment.size.max = 1048576 (custom)
2019-09-16 19:11:19,376 [pool-67-thread-1] INFO  server.RaftServerConfigKeys (ConfUtils.java:logGet(43)) - raft.server.log.segment.size.max = 1048576 (custom)
2019-09-16 19:11:19,377 [pool-57-thread-1] INFO  server.RaftServerConfigKeys (ConfUtils.java:logGet(43)) - raft.server.log.preallocated.size = 16384 (custom)
2019-09-16 19:11:19,377 [pool-117-thread-1] INFO  server.RaftServerConfigKeys (ConfUtils.java:logGet(43)) - raft.server.log.segment.cache.num.max = 2 (custom)
2019-09-16 19:11:19,377 [pool-57-thread-1] INFO  server.RaftServerConfigKeys (ConfUtils.java:logGet(43)) - raft.server.log.write.buffer.size = 33554432 (custom)
2019-09-16 19:11:19,377 [pool-67-thread-1] INFO  server.RaftServerConfigKeys (ConfUtils.java:logGet(43)) - raft.server.log.segment.cache.num.max = 2 (custom)
2019-09-16 19:11:19,377 [pool-57-thread-1] INFO  server.RaftServerConfigKeys (ConfUtils.java:logGet(43)) - raft.server.log.force.sync.num = 128 (default)
2019-09-16 19:11:19,377 [pool-117-thread-1] INFO  segmented.SegmentedRaftLogWorker (SegmentedRaftLogWorker.java:<init>(172)) - new 4773b317-5b37-4901-9e93-e460a24d1141@group-550D69124986-SegmentedRaftLogWorker for RaftStorage:Storage Directory /workdir/hadoop-ozone/integration-test/target/test-dir/MiniOzoneClusterImpl-3fc8568e-3664-4be6-9c60-644bdcd1012a/datanode-9/data/ratis/1838df1b-d707-47e0-ae27-550d69124986
2019-09-16 19:11:19,377 [pool-57-thread-1] INFO  server.RaftServerConfigKeys (ConfUtils.java:logGet(43)) - raft.server.log.statemachine.data.sync = true (default)
2019-09-16 19:11:19,377 [pool-67-thread-1] INFO  segmented.SegmentedRaftLogWorker (SegmentedRaftLogWorker.java:<init>(172)) - new 938e50ce-7856-436b-8929-0e37f4d51388@group-550D69124986-SegmentedRaftLogWorker for RaftStorage:Storage Directory /workdir/hadoop-ozone/integration-test/target/test-dir/MiniOzoneClusterImpl-3fc8568e-3664-4be6-9c60-644bdcd1012a/datanode-4/data/ratis/1838df1b-d707-47e0-ae27-550d69124986
2019-09-16 19:11:19,377 [pool-57-thread-1] INFO  server.RaftServerConfigKeys (ConfUtils.java:logGet(43)) - raft.server.log.statemachine.data.sync.timeout = 10s (default)
2019-09-16 19:11:19,377 [pool-117-thread-1] INFO  server.RaftServerConfigKeys (ConfUtils.java:logGet(43)) - raft.server.log.queue.byte-limit = 2147483647 (custom)
2019-09-16 19:11:19,378 [pool-57-thread-1] INFO  server.RaftServerConfigKeys (ConfUtils.java:logGet(43)) - raft.server.log.statemachine.data.sync.timeout.retry = -1 (default)
2019-09-16 19:11:19,378 [pool-67-thread-1] INFO  server.RaftServerConfigKeys (ConfUtils.java:logGet(43)) - raft.server.log.queue.byte-limit = 2147483647 (custom)
2019-09-16 19:11:19,378 [pool-117-thread-1] INFO  server.RaftServerConfigKeys (ConfUtils.java:logGet(43)) - raft.server.log.queue.element-limit = 1024 (custom)
2019-09-16 19:11:19,378 [pool-57-thread-1] INFO  server.RaftServerConfigKeys (ConfUtils.java:logGet(43)) - raft.server.log.statemachine.data.caching.enabled = true (custom)
2019-09-16 19:11:19,378 [pool-67-thread-1] INFO  server.RaftServerConfigKeys (ConfUtils.java:logGet(43)) - raft.server.log.queue.element-limit = 1024 (custom)
2019-09-16 19:11:19,378 [pool-117-thread-1] INFO  server.RaftServerConfigKeys (ConfUtils.java:logGet(43)) - raft.server.log.segment.size.max = 1048576 (custom)
2019-09-16 19:11:19,378 [pool-57-thread-1] INFO  segmented.SegmentedRaftLogWorker (SegmentedRaftLogWorker.java:lambda$new$0(132)) - 6abcef3f-3f35-471a-9739-1d418d62cada@group-550D69124986-SegmentedRaftLogWorker: flushIndex: setUnconditionally 0 -> -1
2019-09-16 19:11:19,378 [pool-67-thread-1] INFO  server.RaftServerConfigKeys (ConfUtils.java:logGet(43)) - raft.server.log.segment.size.max = 1048576 (custom)
2019-09-16 19:11:19,378 [pool-117-thread-1] INFO  server.RaftServerConfigKeys (ConfUtils.java:logGet(43)) - raft.server.log.preallocated.size = 16384 (custom)
2019-09-16 19:11:19,378 [pool-57-thread-1] INFO  server.RaftServerConfigKeys (ConfUtils.java:logGet(43)) - raft.server.snapshot.auto.trigger.enabled = true (custom)
2019-09-16 19:11:19,378 [pool-67-thread-1] INFO  server.RaftServerConfigKeys (ConfUtils.java:logGet(43)) - raft.server.log.preallocated.size = 16384 (custom)
2019-09-16 19:11:19,379 [pool-57-thread-1] INFO  server.RaftServerConfigKeys (ConfUtils.java:logGet(43)) - raft.server.snapshot.auto.trigger.threshold = 10000 (custom)
2019-09-16 19:11:19,379 [pool-117-thread-1] INFO  server.RaftServerConfigKeys (ConfUtils.java:logGet(43)) - raft.server.log.write.buffer.size = 33554432 (custom)
2019-09-16 19:11:19,379 [pool-57-thread-1] INFO  server.RaftServerConfigKeys (ConfUtils.java:logGet(43)) - raft.server.snapshot.retention.num.files = -1 (default)
2019-09-16 19:11:19,379 [pool-67-thread-1] INFO  server.RaftServerConfigKeys (ConfUtils.java:logGet(43)) - raft.server.log.write.buffer.size = 33554432 (custom)
2019-09-16 19:11:19,379 [pool-57-thread-1] INFO  server.RaftServerConfigKeys (ConfUtils.java:logGet(43)) - raft.server.retrycache.expirytime = 600000ms (custom)
2019-09-16 19:11:19,379 [pool-117-thread-1] INFO  server.RaftServerConfigKeys (ConfUtils.java:logGet(43)) - raft.server.log.force.sync.num = 128 (default)
2019-09-16 19:11:19,379 [pool-67-thread-1] INFO  server.RaftServerConfigKeys (ConfUtils.java:logGet(43)) - raft.server.log.force.sync.num = 128 (default)
2019-09-16 19:11:19,379 [pool-117-thread-1] INFO  server.RaftServerConfigKeys (ConfUtils.java:logGet(43)) - raft.server.log.statemachine.data.sync = true (default)
2019-09-16 19:11:19,379 [pool-67-thread-1] INFO  server.RaftServerConfigKeys (ConfUtils.java:logGet(43)) - raft.server.log.statemachine.data.sync = true (default)
2019-09-16 19:11:19,379 [pool-117-thread-1] INFO  server.RaftServerConfigKeys (ConfUtils.java:logGet(43)) - raft.server.log.statemachine.data.sync.timeout = 10s (default)
2019-09-16 19:11:19,379 [pool-67-thread-1] INFO  server.RaftServerConfigKeys (ConfUtils.java:logGet(43)) - raft.server.log.statemachine.data.sync.timeout = 10s (default)
2019-09-16 19:11:19,380 [pool-117-thread-1] INFO  server.RaftServerConfigKeys (ConfUtils.java:logGet(43)) - raft.server.log.statemachine.data.sync.timeout.retry = -1 (default)
2019-09-16 19:11:19,380 [pool-67-thread-1] INFO  server.RaftServerConfigKeys (ConfUtils.java:logGet(43)) - raft.server.log.statemachine.data.sync.timeout.retry = -1 (default)
2019-09-16 19:11:19,380 [pool-117-thread-1] INFO  server.RaftServerConfigKeys (ConfUtils.java:logGet(43)) - raft.server.log.statemachine.data.caching.enabled = true (custom)
2019-09-16 19:11:19,380 [pool-67-thread-1] INFO  server.RaftServerConfigKeys (ConfUtils.java:logGet(43)) - raft.server.log.statemachine.data.caching.enabled = true (custom)
2019-09-16 19:11:19,380 [pool-117-thread-1] INFO  segmented.SegmentedRaftLogWorker (SegmentedRaftLogWorker.java:lambda$new$0(132)) - 4773b317-5b37-4901-9e93-e460a24d1141@group-550D69124986-SegmentedRaftLogWorker: flushIndex: setUnconditionally 0 -> -1
2019-09-16 19:11:19,380 [pool-67-thread-1] INFO  segmented.SegmentedRaftLogWorker (SegmentedRaftLogWorker.java:lambda$new$0(132)) - 938e50ce-7856-436b-8929-0e37f4d51388@group-550D69124986-SegmentedRaftLogWorker: flushIndex: setUnconditionally 0 -> -1
2019-09-16 19:11:19,380 [pool-117-thread-1] INFO  server.RaftServerConfigKeys (ConfUtils.java:logGet(43)) - raft.server.snapshot.auto.trigger.enabled = true (custom)
2019-09-16 19:11:19,380 [pool-117-thread-1] INFO  server.RaftServerConfigKeys (ConfUtils.java:logGet(43)) - raft.server.snapshot.auto.trigger.threshold = 10000 (custom)
2019-09-16 19:11:19,380 [pool-67-thread-1] INFO  server.RaftServerConfigKeys (ConfUtils.java:logGet(43)) - raft.server.snapshot.auto.trigger.enabled = true (custom)
2019-09-16 19:11:19,380 [pool-117-thread-1] INFO  server.RaftServerConfigKeys (ConfUtils.java:logGet(43)) - raft.server.snapshot.retention.num.files = -1 (default)
2019-09-16 19:11:19,380 [pool-67-thread-1] INFO  server.RaftServerConfigKeys (ConfUtils.java:logGet(43)) - raft.server.snapshot.auto.trigger.threshold = 10000 (custom)
2019-09-16 19:11:19,381 [pool-117-thread-1] INFO  server.RaftServerConfigKeys (ConfUtils.java:logGet(43)) - raft.server.retrycache.expirytime = 600000ms (custom)
2019-09-16 19:11:19,381 [pool-67-thread-1] INFO  server.RaftServerConfigKeys (ConfUtils.java:logGet(43)) - raft.server.snapshot.retention.num.files = -1 (default)
2019-09-16 19:11:19,381 [pool-67-thread-1] INFO  server.RaftServerConfigKeys (ConfUtils.java:logGet(43)) - raft.server.retrycache.expirytime = 600000ms (custom)
2019-09-16 19:11:19,381 [pool-57-thread-1] INFO  impl.RaftServerImpl (RaftServerImpl.java:start(185)) - 6abcef3f-3f35-471a-9739-1d418d62cada@group-550D69124986: start as a follower, conf=-1: [938e50ce-7856-436b-8929-0e37f4d51388:192.168.34.56:36082, 4773b317-5b37-4901-9e93-e460a24d1141:192.168.34.56:46271, 6abcef3f-3f35-471a-9739-1d418d62cada:192.168.34.56:34284], old=null
2019-09-16 19:11:19,381 [pool-57-thread-1] INFO  impl.RaftServerImpl (RaftServerImpl.java:setRole(174)) - 6abcef3f-3f35-471a-9739-1d418d62cada@group-550D69124986: changes role from      null to FOLLOWER at term 0 for startAsFollower
2019-09-16 19:11:19,381 [pool-57-thread-1] INFO  impl.RoleInfo (RoleInfo.java:updateAndGet(143)) - 6abcef3f-3f35-471a-9739-1d418d62cada: start FollowerState
2019-09-16 19:11:19,382 [pool-57-thread-1] INFO  util.JmxRegister (JmxRegister.java:tryRegister(44)) - Successfully registered JMX Bean with object name Ratis:service=RaftServer,group=group-550D69124986,id=6abcef3f-3f35-471a-9739-1d418d62cada
2019-09-16 19:11:19,383 [pool-117-thread-1] INFO  impl.RaftServerImpl (RaftServerImpl.java:start(185)) - 4773b317-5b37-4901-9e93-e460a24d1141@group-550D69124986: start as a follower, conf=-1: [938e50ce-7856-436b-8929-0e37f4d51388:192.168.34.56:36082, 4773b317-5b37-4901-9e93-e460a24d1141:192.168.34.56:46271, 6abcef3f-3f35-471a-9739-1d418d62cada:192.168.34.56:34284], old=null
2019-09-16 19:11:19,383 [pool-117-thread-1] INFO  impl.RaftServerImpl (RaftServerImpl.java:setRole(174)) - 4773b317-5b37-4901-9e93-e460a24d1141@group-550D69124986: changes role from      null to FOLLOWER at term 0 for startAsFollower
2019-09-16 19:11:19,383 [pool-67-thread-1] INFO  impl.RaftServerImpl (RaftServerImpl.java:start(185)) - 938e50ce-7856-436b-8929-0e37f4d51388@group-550D69124986: start as a follower, conf=-1: [938e50ce-7856-436b-8929-0e37f4d51388:192.168.34.56:36082, 4773b317-5b37-4901-9e93-e460a24d1141:192.168.34.56:46271, 6abcef3f-3f35-471a-9739-1d418d62cada:192.168.34.56:34284], old=null
2019-09-16 19:11:19,383 [pool-67-thread-1] INFO  impl.RaftServerImpl (RaftServerImpl.java:setRole(174)) - 938e50ce-7856-436b-8929-0e37f4d51388@group-550D69124986: changes role from      null to FOLLOWER at term 0 for startAsFollower
2019-09-16 19:11:19,383 [pool-117-thread-1] INFO  impl.RoleInfo (RoleInfo.java:updateAndGet(143)) - 4773b317-5b37-4901-9e93-e460a24d1141: start FollowerState
2019-09-16 19:11:19,383 [pool-67-thread-1] INFO  impl.RoleInfo (RoleInfo.java:updateAndGet(143)) - 938e50ce-7856-436b-8929-0e37f4d51388: start FollowerState
2019-09-16 19:11:19,383 [pool-117-thread-1] INFO  util.JmxRegister (JmxRegister.java:tryRegister(44)) - Successfully registered JMX Bean with object name Ratis:service=RaftServer,group=group-550D69124986,id=4773b317-5b37-4901-9e93-e460a24d1141
2019-09-16 19:11:19,383 [pool-67-thread-1] INFO  util.JmxRegister (JmxRegister.java:tryRegister(44)) - Successfully registered JMX Bean with object name Ratis:service=RaftServer,group=group-550D69124986,id=938e50ce-7856-436b-8929-0e37f4d51388
2019-09-16 19:11:19,394 [RatisPipelineUtilsThread] INFO  pipeline.PipelineStateManager (PipelineStateManager.java:addPipeline(56)) - Created pipeline Pipeline[ Id: 1838df1b-d707-47e0-ae27-550d69124986, Nodes: 6abcef3f-3f35-471a-9739-1d418d62cada{ip: 192.168.34.56, host: pr-hdds-2111-hlhfn-3535364396, networkLocation: /default-rack, certSerialId: null}4773b317-5b37-4901-9e93-e460a24d1141{ip: 192.168.34.56, host: pr-hdds-2111-hlhfn-3535364396, networkLocation: /default-rack, certSerialId: null}938e50ce-7856-436b-8929-0e37f4d51388{ip: 192.168.34.56, host: pr-hdds-2111-hlhfn-3535364396, networkLocation: /default-rack, certSerialId: null}, Type:RATIS, Factor:THREE, State:OPEN]
2019-09-16 19:11:19,437 [4bce4e32-952c-4220-bcc9-22a10ce18ca8@group-AE8201FBCF7A-SegmentedRaftLogWorker] INFO  segmented.SegmentedRaftLogWorker (SegmentedRaftLogWorker.java:execute(569)) - 4bce4e32-952c-4220-bcc9-22a10ce18ca8@group-AE8201FBCF7A-SegmentedRaftLogWorker: created new log segment /workdir/hadoop-ozone/integration-test/target/test-dir/MiniOzoneClusterImpl-3fc8568e-3664-4be6-9c60-644bdcd1012a/datanode-5/data/ratis/f49b5b92-0fc8-41f3-b3a6-ae8201fbcf7a/current/log_inprogress_0
2019-09-16 19:11:19,437 [e0619aa3-4ba4-49c8-ac60-3d80bbb74aab@group-58FBDF36B74E-SegmentedRaftLogWorker] INFO  segmented.SegmentedRaftLogWorker (SegmentedRaftLogWorker.java:execute(569)) - e0619aa3-4ba4-49c8-ac60-3d80bbb74aab@group-58FBDF36B74E-SegmentedRaftLogWorker: created new log segment /workdir/hadoop-ozone/integration-test/target/test-dir/MiniOzoneClusterImpl-3fc8568e-3664-4be6-9c60-644bdcd1012a/datanode-0/data/ratis/0cbca9a9-2946-4520-8ada-58fbdf36b74e/current/log_inprogress_0
2019-09-16 19:11:19,554 [Thread-294] INFO  impl.FollowerState (FollowerState.java:run(106)) - 4eec4314-a089-48fe-8241-8a8066126e3f:group-FC884A642B4D changes to CANDIDATE, lastRpcTime:1047, electionTimeout:1044ms
2019-09-16 19:11:19,554 [Thread-294] INFO  impl.RoleInfo (RoleInfo.java:shutdownFollowerState(121)) - 4eec4314-a089-48fe-8241-8a8066126e3f: shutdown FollowerState
2019-09-16 19:11:19,554 [Thread-294] INFO  impl.RaftServerImpl (RaftServerImpl.java:setRole(174)) - 4eec4314-a089-48fe-8241-8a8066126e3f@group-FC884A642B4D: changes role from  FOLLOWER to CANDIDATE at term 0 for changeToCandidate
2019-09-16 19:11:19,554 [Thread-294] INFO  impl.RoleInfo (RoleInfo.java:updateAndGet(143)) - 4eec4314-a089-48fe-8241-8a8066126e3f: start LeaderElection
2019-09-16 19:11:19,565 [main] INFO  rpc.RpcClient (RpcClient.java:createVolume(301)) - Creating Volume: datanodefailurehandlingtest, with jenkins1000 as owner.
2019-09-16 19:11:19,574 [4eec4314-a089-48fe-8241-8a8066126e3f@group-FC884A642B4D:LeaderElection3] INFO  impl.LeaderElection (LeaderElection.java:askForVotes(182)) - 4eec4314-a089-48fe-8241-8a8066126e3f@group-FC884A642B4D:LeaderElection3: begin an election at term 1 for -1: [4eec4314-a089-48fe-8241-8a8066126e3f:192.168.34.56:36988], old=null
2019-09-16 19:11:19,574 [4eec4314-a089-48fe-8241-8a8066126e3f@group-FC884A642B4D:LeaderElection3] INFO  impl.RoleInfo (RoleInfo.java:shutdownLeaderElection(134)) - 4eec4314-a089-48fe-8241-8a8066126e3f: shutdown LeaderElection
2019-09-16 19:11:19,575 [4eec4314-a089-48fe-8241-8a8066126e3f@group-FC884A642B4D:LeaderElection3] INFO  impl.RaftServerImpl (RaftServerImpl.java:setRole(174)) - 4eec4314-a089-48fe-8241-8a8066126e3f@group-FC884A642B4D: changes role from CANDIDATE to LEADER at term 1 for changeToLeader
2019-09-16 19:11:19,575 [4eec4314-a089-48fe-8241-8a8066126e3f@group-FC884A642B4D:LeaderElection3] INFO  impl.RaftServerImpl (ServerState.java:setLeader(253)) - 4eec4314-a089-48fe-8241-8a8066126e3f@group-FC884A642B4D: change Leader from null to 4eec4314-a089-48fe-8241-8a8066126e3f at term 1 for becomeLeader, leader elected after 1092ms
2019-09-16 19:11:19,575 [4eec4314-a089-48fe-8241-8a8066126e3f@group-FC884A642B4D:LeaderElection3] INFO  server.RaftServerConfigKeys (ConfUtils.java:logGet(43)) - raft.server.staging.catchup.gap = 1000 (default)
2019-09-16 19:11:19,575 [4eec4314-a089-48fe-8241-8a8066126e3f@group-FC884A642B4D:LeaderElection3] INFO  server.RaftServerConfigKeys (ConfUtils.java:logGet(43)) - raft.server.rpc.sleep.time = 25ms (default)
2019-09-16 19:11:19,575 [4eec4314-a089-48fe-8241-8a8066126e3f@group-FC884A642B4D:LeaderElection3] INFO  server.RaftServerConfigKeys (ConfUtils.java:logGet(43)) - raft.server.write.element-limit = 4096 (default)
2019-09-16 19:11:19,575 [4eec4314-a089-48fe-8241-8a8066126e3f@group-FC884A642B4D:LeaderElection3] INFO  server.RaftServerConfigKeys (ConfUtils.java:logGet(43)) - raft.server.watch.timeout = 10s (default)
2019-09-16 19:11:19,575 [4eec4314-a089-48fe-8241-8a8066126e3f@group-FC884A642B4D:LeaderElection3] INFO  server.RaftServerConfigKeys (ConfUtils.java:logGet(43)) - raft.server.watch.timeout.denomination = 1s (default)
2019-09-16 19:11:19,576 [4eec4314-a089-48fe-8241-8a8066126e3f@group-FC884A642B4D:LeaderElection3] INFO  server.RaftServerConfigKeys (ConfUtils.java:logGet(43)) - raft.server.watch.element-limit = 65536 (default)
2019-09-16 19:11:19,576 [Thread-291] INFO  impl.FollowerState (FollowerState.java:run(106)) - 930b1328-fc80-47b7-a4b1-f8330041d315:group-DD56FD30F024 changes to CANDIDATE, lastRpcTime:1167, electionTimeout:1167ms
2019-09-16 19:11:19,577 [Thread-291] INFO  impl.RoleInfo (RoleInfo.java:shutdownFollowerState(121)) - 930b1328-fc80-47b7-a4b1-f8330041d315: shutdown FollowerState
2019-09-16 19:11:19,577 [Thread-291] INFO  impl.RaftServerImpl (RaftServerImpl.java:setRole(174)) - 930b1328-fc80-47b7-a4b1-f8330041d315@group-DD56FD30F024: changes role from  FOLLOWER to CANDIDATE at term 0 for changeToCandidate
2019-09-16 19:11:19,577 [Thread-291] INFO  impl.RoleInfo (RoleInfo.java:updateAndGet(143)) - 930b1328-fc80-47b7-a4b1-f8330041d315: start LeaderElection
2019-09-16 19:11:19,583 [4eec4314-a089-48fe-8241-8a8066126e3f@group-FC884A642B4D:LeaderElection3] INFO  impl.RoleInfo (RoleInfo.java:updateAndGet(143)) - 4eec4314-a089-48fe-8241-8a8066126e3f: start LeaderState
2019-09-16 19:11:19,583 [4eec4314-a089-48fe-8241-8a8066126e3f@group-FC884A642B4D:LeaderElection3] INFO  segmented.SegmentedRaftLogWorker (SegmentedRaftLogWorker.java:startLogSegment(380)) - 4eec4314-a089-48fe-8241-8a8066126e3f@group-FC884A642B4D-SegmentedRaftLogWorker: Starting segment from index:0
2019-09-16 19:11:19,584 [4eec4314-a089-48fe-8241-8a8066126e3f@group-FC884A642B4D:LeaderElection3] INFO  impl.RaftServerImpl (ServerState.java:setRaftConf(354)) - 4eec4314-a089-48fe-8241-8a8066126e3f@group-FC884A642B4D: set configuration 0: [4eec4314-a089-48fe-8241-8a8066126e3f:192.168.34.56:36988], old=null at 0
2019-09-16 19:11:19,616 [930b1328-fc80-47b7-a4b1-f8330041d315@group-DD56FD30F024:LeaderElection4] INFO  impl.LeaderElection (LeaderElection.java:askForVotes(182)) - 930b1328-fc80-47b7-a4b1-f8330041d315@group-DD56FD30F024:LeaderElection4: begin an election at term 1 for -1: [930b1328-fc80-47b7-a4b1-f8330041d315:192.168.34.56:46332], old=null
2019-09-16 19:11:19,616 [930b1328-fc80-47b7-a4b1-f8330041d315@group-DD56FD30F024:LeaderElection4] INFO  impl.RoleInfo (RoleInfo.java:shutdownLeaderElection(134)) - 930b1328-fc80-47b7-a4b1-f8330041d315: shutdown LeaderElection
2019-09-16 19:11:19,616 [930b1328-fc80-47b7-a4b1-f8330041d315@group-DD56FD30F024:LeaderElection4] INFO  impl.RaftServerImpl (RaftServerImpl.java:setRole(174)) - 930b1328-fc80-47b7-a4b1-f8330041d315@group-DD56FD30F024: changes role from CANDIDATE to LEADER at term 1 for changeToLeader
2019-09-16 19:11:19,617 [930b1328-fc80-47b7-a4b1-f8330041d315@group-DD56FD30F024:LeaderElection4] INFO  impl.RaftServerImpl (ServerState.java:setLeader(253)) - 930b1328-fc80-47b7-a4b1-f8330041d315@group-DD56FD30F024: change Leader from null to 930b1328-fc80-47b7-a4b1-f8330041d315 at term 1 for becomeLeader, leader elected after 1263ms
2019-09-16 19:11:19,620 [930b1328-fc80-47b7-a4b1-f8330041d315@group-DD56FD30F024:LeaderElection4] INFO  server.RaftServerConfigKeys (ConfUtils.java:logGet(43)) - raft.server.staging.catchup.gap = 1000 (default)
2019-09-16 19:11:19,620 [930b1328-fc80-47b7-a4b1-f8330041d315@group-DD56FD30F024:LeaderElection4] INFO  server.RaftServerConfigKeys (ConfUtils.java:logGet(43)) - raft.server.rpc.sleep.time = 25ms (default)
2019-09-16 19:11:19,620 [930b1328-fc80-47b7-a4b1-f8330041d315@group-DD56FD30F024:LeaderElection4] INFO  server.RaftServerConfigKeys (ConfUtils.java:logGet(43)) - raft.server.write.element-limit = 4096 (default)
2019-09-16 19:11:19,620 [930b1328-fc80-47b7-a4b1-f8330041d315@group-DD56FD30F024:LeaderElection4] INFO  server.RaftServerConfigKeys (ConfUtils.java:logGet(43)) - raft.server.watch.timeout = 10s (default)
2019-09-16 19:11:19,620 [930b1328-fc80-47b7-a4b1-f8330041d315@group-DD56FD30F024:LeaderElection4] INFO  server.RaftServerConfigKeys (ConfUtils.java:logGet(43)) - raft.server.watch.timeout.denomination = 1s (default)
2019-09-16 19:11:19,621 [930b1328-fc80-47b7-a4b1-f8330041d315@group-DD56FD30F024:LeaderElection4] INFO  server.RaftServerConfigKeys (ConfUtils.java:logGet(43)) - raft.server.watch.element-limit = 65536 (default)
2019-09-16 19:11:19,624 [930b1328-fc80-47b7-a4b1-f8330041d315@group-DD56FD30F024:LeaderElection4] INFO  impl.RoleInfo (RoleInfo.java:updateAndGet(143)) - 930b1328-fc80-47b7-a4b1-f8330041d315: start LeaderState
2019-09-16 19:11:19,624 [930b1328-fc80-47b7-a4b1-f8330041d315@group-DD56FD30F024:LeaderElection4] INFO  segmented.SegmentedRaftLogWorker (SegmentedRaftLogWorker.java:startLogSegment(380)) - 930b1328-fc80-47b7-a4b1-f8330041d315@group-DD56FD30F024-SegmentedRaftLogWorker: Starting segment from index:0
2019-09-16 19:11:19,625 [930b1328-fc80-47b7-a4b1-f8330041d315@group-DD56FD30F024:LeaderElection4] INFO  impl.RaftServerImpl (ServerState.java:setRaftConf(354)) - 930b1328-fc80-47b7-a4b1-f8330041d315@group-DD56FD30F024: set configuration 0: [930b1328-fc80-47b7-a4b1-f8330041d315:192.168.34.56:46332], old=null at 0
2019-09-16 19:11:19,660 [4eec4314-a089-48fe-8241-8a8066126e3f@group-FC884A642B4D-SegmentedRaftLogWorker] INFO  segmented.SegmentedRaftLogWorker (SegmentedRaftLogWorker.java:execute(569)) - 4eec4314-a089-48fe-8241-8a8066126e3f@group-FC884A642B4D-SegmentedRaftLogWorker: created new log segment /workdir/hadoop-ozone/integration-test/target/test-dir/MiniOzoneClusterImpl-3fc8568e-3664-4be6-9c60-644bdcd1012a/datanode-7/data/ratis/19b5172a-3642-46b6-81a4-fc884a642b4d/current/log_inprogress_0
2019-09-16 19:11:19,673 [930b1328-fc80-47b7-a4b1-f8330041d315@group-DD56FD30F024-SegmentedRaftLogWorker] INFO  segmented.SegmentedRaftLogWorker (SegmentedRaftLogWorker.java:execute(569)) - 930b1328-fc80-47b7-a4b1-f8330041d315@group-DD56FD30F024-SegmentedRaftLogWorker: created new log segment /workdir/hadoop-ozone/integration-test/target/test-dir/MiniOzoneClusterImpl-3fc8568e-3664-4be6-9c60-644bdcd1012a/datanode-8/data/ratis/b7e7911b-5553-4477-9e4b-dd56fd30f024/current/log_inprogress_0
2019-09-16 19:11:20,068 [Thread-306] INFO  impl.FollowerState (FollowerState.java:run(106)) - 4773b317-5b37-4901-9e93-e460a24d1141:group-ACC8D0136C7A changes to CANDIDATE, lastRpcTime:1217, electionTimeout:1127ms
2019-09-16 19:11:20,069 [Thread-306] INFO  impl.RoleInfo (RoleInfo.java:shutdownFollowerState(121)) - 4773b317-5b37-4901-9e93-e460a24d1141: shutdown FollowerState
2019-09-16 19:11:20,069 [Thread-300] INFO  impl.FollowerState (FollowerState.java:run(106)) - 52078b41-1f38-4037-a826-db5ef9cf1b82:group-F311EA782AE4 changes to CANDIDATE, lastRpcTime:1392, electionTimeout:1179ms
2019-09-16 19:11:20,069 [Thread-310] INFO  impl.FollowerState (FollowerState.java:run(106)) - 938e50ce-7856-436b-8929-0e37f4d51388:group-1772BACA3076 changes to CANDIDATE, lastRpcTime:1127, electionTimeout:1007ms
2019-09-16 19:11:20,069 [Thread-300] INFO  impl.RoleInfo (RoleInfo.java:shutdownFollowerState(121)) - 52078b41-1f38-4037-a826-db5ef9cf1b82: shutdown FollowerState
2019-09-16 19:11:20,069 [Thread-303] INFO  impl.FollowerState (FollowerState.java:run(106)) - 6abcef3f-3f35-471a-9739-1d418d62cada:group-4A05589CE1B3 changes to CANDIDATE, lastRpcTime:1311, electionTimeout:1076ms
2019-09-16 19:11:20,070 [Thread-297] WARN  util.JavaUtils (JavaUtils.java:sleep(250)) - Unexpected long sleep: sleep(1129ms) actually took 1479ms which is over the threshold 300ms
2019-09-16 19:11:20,070 [Thread-300] INFO  impl.RaftServerImpl (RaftServerImpl.java:setRole(174)) - 52078b41-1f38-4037-a826-db5ef9cf1b82@group-F311EA782AE4: changes role from  FOLLOWER to CANDIDATE at term 0 for changeToCandidate
2019-09-16 19:11:20,069 [Thread-306] INFO  impl.RaftServerImpl (RaftServerImpl.java:setRole(174)) - 4773b317-5b37-4901-9e93-e460a24d1141@group-ACC8D0136C7A: changes role from  FOLLOWER to CANDIDATE at term 0 for changeToCandidate
2019-09-16 19:11:20,069 [Thread-310] INFO  impl.RoleInfo (RoleInfo.java:shutdownFollowerState(121)) - 938e50ce-7856-436b-8929-0e37f4d51388: shutdown FollowerState
2019-09-16 19:11:20,073 [Thread-303] INFO  impl.RoleInfo (RoleInfo.java:shutdownFollowerState(121)) - 6abcef3f-3f35-471a-9739-1d418d62cada: shutdown FollowerState
2019-09-16 19:11:20,076 [Thread-306] INFO  impl.RoleInfo (RoleInfo.java:updateAndGet(143)) - 4773b317-5b37-4901-9e93-e460a24d1141: start LeaderElection
2019-09-16 19:11:20,076 [Thread-300] INFO  impl.RoleInfo (RoleInfo.java:updateAndGet(143)) - 52078b41-1f38-4037-a826-db5ef9cf1b82: start LeaderElection
2019-09-16 19:11:20,076 [Thread-310] INFO  impl.RaftServerImpl (RaftServerImpl.java:setRole(174)) - 938e50ce-7856-436b-8929-0e37f4d51388@group-1772BACA3076: changes role from  FOLLOWER to CANDIDATE at term 0 for changeToCandidate
2019-09-16 19:11:20,076 [Thread-303] INFO  impl.RaftServerImpl (RaftServerImpl.java:setRole(174)) - 6abcef3f-3f35-471a-9739-1d418d62cada@group-4A05589CE1B3: changes role from  FOLLOWER to CANDIDATE at term 0 for changeToCandidate
2019-09-16 19:11:20,086 [Thread-310] INFO  impl.RoleInfo (RoleInfo.java:updateAndGet(143)) - 938e50ce-7856-436b-8929-0e37f4d51388: start LeaderElection
2019-09-16 19:11:20,086 [Thread-303] INFO  impl.RoleInfo (RoleInfo.java:updateAndGet(143)) - 6abcef3f-3f35-471a-9739-1d418d62cada: start LeaderElection
2019-09-16 19:11:20,098 [Thread-314] INFO  impl.FollowerState (FollowerState.java:run(106)) - 8deec2e2-b279-48f9-9858-2a3830dd2acf:group-D7585733696E changes to CANDIDATE, lastRpcTime:1047, electionTimeout:1042ms
2019-09-16 19:11:20,099 [Thread-314] INFO  impl.RoleInfo (RoleInfo.java:shutdownFollowerState(121)) - 8deec2e2-b279-48f9-9858-2a3830dd2acf: shutdown FollowerState
2019-09-16 19:11:20,101 [Thread-314] INFO  impl.RaftServerImpl (RaftServerImpl.java:setRole(174)) - 8deec2e2-b279-48f9-9858-2a3830dd2acf@group-D7585733696E: changes role from  FOLLOWER to CANDIDATE at term 0 for changeToCandidate
2019-09-16 19:11:20,101 [Thread-314] INFO  impl.RoleInfo (RoleInfo.java:updateAndGet(143)) - 8deec2e2-b279-48f9-9858-2a3830dd2acf: start LeaderElection
2019-09-16 19:11:20,108 [Thread-283] INFO  container.ReplicationManager (ReplicationManager.java:start(162)) - Starting Replication Monitor Thread.
2019-09-16 19:11:20,110 [ReplicationMonitor] INFO  container.ReplicationManager (ReplicationManager.java:run(225)) - Replication Monitor Thread took 0 milliseconds for processing 0 containers.
2019-09-16 19:11:20,112 [52078b41-1f38-4037-a826-db5ef9cf1b82@group-F311EA782AE4:LeaderElection5] INFO  impl.LeaderElection (LeaderElection.java:askForVotes(182)) - 52078b41-1f38-4037-a826-db5ef9cf1b82@group-F311EA782AE4:LeaderElection5: begin an election at term 1 for -1: [52078b41-1f38-4037-a826-db5ef9cf1b82:192.168.34.56:44314], old=null
2019-09-16 19:11:20,112 [6abcef3f-3f35-471a-9739-1d418d62cada@group-4A05589CE1B3:LeaderElection8] INFO  impl.LeaderElection (LeaderElection.java:askForVotes(182)) - 6abcef3f-3f35-471a-9739-1d418d62cada@group-4A05589CE1B3:LeaderElection8: begin an election at term 1 for -1: [6abcef3f-3f35-471a-9739-1d418d62cada:192.168.34.56:34284], old=null
2019-09-16 19:11:20,112 [938e50ce-7856-436b-8929-0e37f4d51388@group-1772BACA3076:LeaderElection7] INFO  impl.LeaderElection (LeaderElection.java:askForVotes(182)) - 938e50ce-7856-436b-8929-0e37f4d51388@group-1772BACA3076:LeaderElection7: begin an election at term 1 for -1: [938e50ce-7856-436b-8929-0e37f4d51388:192.168.34.56:36082], old=null
2019-09-16 19:11:20,112 [8deec2e2-b279-48f9-9858-2a3830dd2acf@group-D7585733696E:LeaderElection9] INFO  impl.LeaderElection (LeaderElection.java:askForVotes(182)) - 8deec2e2-b279-48f9-9858-2a3830dd2acf@group-D7585733696E:LeaderElection9: begin an election at term 1 for -1: [8deec2e2-b279-48f9-9858-2a3830dd2acf:192.168.34.56:42679], old=null
2019-09-16 19:11:20,112 [4773b317-5b37-4901-9e93-e460a24d1141@group-ACC8D0136C7A:LeaderElection6] INFO  impl.LeaderElection (LeaderElection.java:askForVotes(182)) - 4773b317-5b37-4901-9e93-e460a24d1141@group-ACC8D0136C7A:LeaderElection6: begin an election at term 1 for -1: [4773b317-5b37-4901-9e93-e460a24d1141:192.168.34.56:46271], old=null
2019-09-16 19:11:20,113 [8deec2e2-b279-48f9-9858-2a3830dd2acf@group-D7585733696E:LeaderElection9] INFO  impl.RoleInfo (RoleInfo.java:shutdownLeaderElection(134)) - 8deec2e2-b279-48f9-9858-2a3830dd2acf: shutdown LeaderElection
2019-09-16 19:11:20,112 [938e50ce-7856-436b-8929-0e37f4d51388@group-1772BACA3076:LeaderElection7] INFO  impl.RoleInfo (RoleInfo.java:shutdownLeaderElection(134)) - 938e50ce-7856-436b-8929-0e37f4d51388: shutdown LeaderElection
2019-09-16 19:11:20,112 [6abcef3f-3f35-471a-9739-1d418d62cada@group-4A05589CE1B3:LeaderElection8] INFO  impl.RoleInfo (RoleInfo.java:shutdownLeaderElection(134)) - 6abcef3f-3f35-471a-9739-1d418d62cada: shutdown LeaderElection
2019-09-16 19:11:20,112 [52078b41-1f38-4037-a826-db5ef9cf1b82@group-F311EA782AE4:LeaderElection5] INFO  impl.RoleInfo (RoleInfo.java:shutdownLeaderElection(134)) - 52078b41-1f38-4037-a826-db5ef9cf1b82: shutdown LeaderElection
2019-09-16 19:11:20,113 [6abcef3f-3f35-471a-9739-1d418d62cada@group-4A05589CE1B3:LeaderElection8] INFO  impl.RaftServerImpl (RaftServerImpl.java:setRole(174)) - 6abcef3f-3f35-471a-9739-1d418d62cada@group-4A05589CE1B3: changes role from CANDIDATE to LEADER at term 1 for changeToLeader
2019-09-16 19:11:20,113 [938e50ce-7856-436b-8929-0e37f4d51388@group-1772BACA3076:LeaderElection7] INFO  impl.RaftServerImpl (RaftServerImpl.java:setRole(174)) - 938e50ce-7856-436b-8929-0e37f4d51388@group-1772BACA3076: changes role from CANDIDATE to LEADER at term 1 for changeToLeader
2019-09-16 19:11:20,113 [8deec2e2-b279-48f9-9858-2a3830dd2acf@group-D7585733696E:LeaderElection9] INFO  impl.RaftServerImpl (RaftServerImpl.java:setRole(174)) - 8deec2e2-b279-48f9-9858-2a3830dd2acf@group-D7585733696E: changes role from CANDIDATE to LEADER at term 1 for changeToLeader
2019-09-16 19:11:20,113 [4773b317-5b37-4901-9e93-e460a24d1141@group-ACC8D0136C7A:LeaderElection6] INFO  impl.RoleInfo (RoleInfo.java:shutdownLeaderElection(134)) - 4773b317-5b37-4901-9e93-e460a24d1141: shutdown LeaderElection
2019-09-16 19:11:20,114 [8deec2e2-b279-48f9-9858-2a3830dd2acf@group-D7585733696E:LeaderElection9] INFO  impl.RaftServerImpl (ServerState.java:setLeader(253)) - 8deec2e2-b279-48f9-9858-2a3830dd2acf@group-D7585733696E: change Leader from null to 8deec2e2-b279-48f9-9858-2a3830dd2acf at term 1 for becomeLeader, leader elected after 1073ms
2019-09-16 19:11:20,113 [938e50ce-7856-436b-8929-0e37f4d51388@group-1772BACA3076:LeaderElection7] INFO  impl.RaftServerImpl (ServerState.java:setLeader(253)) - 938e50ce-7856-436b-8929-0e37f4d51388@group-1772BACA3076: change Leader from null to 938e50ce-7856-436b-8929-0e37f4d51388 at term 1 for becomeLeader, leader elected after 1185ms
2019-09-16 19:11:20,113 [6abcef3f-3f35-471a-9739-1d418d62cada@group-4A05589CE1B3:LeaderElection8] INFO  impl.RaftServerImpl (ServerState.java:setLeader(253)) - 6abcef3f-3f35-471a-9739-1d418d62cada@group-4A05589CE1B3: change Leader from null to 6abcef3f-3f35-471a-9739-1d418d62cada at term 1 for becomeLeader, leader elected after 1367ms
2019-09-16 19:11:20,113 [52078b41-1f38-4037-a826-db5ef9cf1b82@group-F311EA782AE4:LeaderElection5] INFO  impl.RaftServerImpl (RaftServerImpl.java:setRole(174)) - 52078b41-1f38-4037-a826-db5ef9cf1b82@group-F311EA782AE4: changes role from CANDIDATE to LEADER at term 1 for changeToLeader
2019-09-16 19:11:20,114 [6abcef3f-3f35-471a-9739-1d418d62cada@group-4A05589CE1B3:LeaderElection8] INFO  server.RaftServerConfigKeys (ConfUtils.java:logGet(43)) - raft.server.staging.catchup.gap = 1000 (default)
2019-09-16 19:11:20,114 [938e50ce-7856-436b-8929-0e37f4d51388@group-1772BACA3076:LeaderElection7] INFO  server.RaftServerConfigKeys (ConfUtils.java:logGet(43)) - raft.server.staging.catchup.gap = 1000 (default)
2019-09-16 19:11:20,114 [8deec2e2-b279-48f9-9858-2a3830dd2acf@group-D7585733696E:LeaderElection9] INFO  server.RaftServerConfigKeys (ConfUtils.java:logGet(43)) - raft.server.staging.catchup.gap = 1000 (default)
2019-09-16 19:11:20,114 [4773b317-5b37-4901-9e93-e460a24d1141@group-ACC8D0136C7A:LeaderElection6] INFO  impl.RaftServerImpl (RaftServerImpl.java:setRole(174)) - 4773b317-5b37-4901-9e93-e460a24d1141@group-ACC8D0136C7A: changes role from CANDIDATE to LEADER at term 1 for changeToLeader
2019-09-16 19:11:20,115 [8deec2e2-b279-48f9-9858-2a3830dd2acf@group-D7585733696E:LeaderElection9] INFO  server.RaftServerConfigKeys (ConfUtils.java:logGet(43)) - raft.server.rpc.sleep.time = 25ms (default)
2019-09-16 19:11:20,115 [938e50ce-7856-436b-8929-0e37f4d51388@group-1772BACA3076:LeaderElection7] INFO  server.RaftServerConfigKeys (ConfUtils.java:logGet(43)) - raft.server.rpc.sleep.time = 25ms (default)
2019-09-16 19:11:20,114 [6abcef3f-3f35-471a-9739-1d418d62cada@group-4A05589CE1B3:LeaderElection8] INFO  server.RaftServerConfigKeys (ConfUtils.java:logGet(43)) - raft.server.rpc.sleep.time = 25ms (default)
2019-09-16 19:11:20,114 [52078b41-1f38-4037-a826-db5ef9cf1b82@group-F311EA782AE4:LeaderElection5] INFO  impl.RaftServerImpl (ServerState.java:setLeader(253)) - 52078b41-1f38-4037-a826-db5ef9cf1b82@group-F311EA782AE4: change Leader from null to 52078b41-1f38-4037-a826-db5ef9cf1b82 at term 1 for becomeLeader, leader elected after 1450ms
2019-09-16 19:11:20,115 [938e50ce-7856-436b-8929-0e37f4d51388@group-1772BACA3076:LeaderElection7] INFO  server.RaftServerConfigKeys (ConfUtils.java:logGet(43)) - raft.server.write.element-limit = 4096 (default)
2019-09-16 19:11:20,115 [8deec2e2-b279-48f9-9858-2a3830dd2acf@group-D7585733696E:LeaderElection9] INFO  server.RaftServerConfigKeys (ConfUtils.java:logGet(43)) - raft.server.write.element-limit = 4096 (default)
2019-09-16 19:11:20,115 [4773b317-5b37-4901-9e93-e460a24d1141@group-ACC8D0136C7A:LeaderElection6] INFO  impl.RaftServerImpl (ServerState.java:setLeader(253)) - 4773b317-5b37-4901-9e93-e460a24d1141@group-ACC8D0136C7A: change Leader from null to 4773b317-5b37-4901-9e93-e460a24d1141 at term 1 for becomeLeader, leader elected after 1276ms
2019-09-16 19:11:20,116 [8deec2e2-b279-48f9-9858-2a3830dd2acf@group-D7585733696E:LeaderElection9] INFO  server.RaftServerConfigKeys (ConfUtils.java:logGet(43)) - raft.server.watch.timeout = 10s (default)
2019-09-16 19:11:20,116 [938e50ce-7856-436b-8929-0e37f4d51388@group-1772BACA3076:LeaderElection7] INFO  server.RaftServerConfigKeys (ConfUtils.java:logGet(43)) - raft.server.watch.timeout = 10s (default)
2019-09-16 19:11:20,116 [52078b41-1f38-4037-a826-db5ef9cf1b82@group-F311EA782AE4:LeaderElection5] INFO  server.RaftServerConfigKeys (ConfUtils.java:logGet(43)) - raft.server.staging.catchup.gap = 1000 (default)
2019-09-16 19:11:20,116 [6abcef3f-3f35-471a-9739-1d418d62cada@group-4A05589CE1B3:LeaderElection8] INFO  server.RaftServerConfigKeys (ConfUtils.java:logGet(43)) - raft.server.write.element-limit = 4096 (default)
2019-09-16 19:11:20,116 [52078b41-1f38-4037-a826-db5ef9cf1b82@group-F311EA782AE4:LeaderElection5] INFO  server.RaftServerConfigKeys (ConfUtils.java:logGet(43)) - raft.server.rpc.sleep.time = 25ms (default)
2019-09-16 19:11:20,116 [938e50ce-7856-436b-8929-0e37f4d51388@group-1772BACA3076:LeaderElection7] INFO  server.RaftServerConfigKeys (ConfUtils.java:logGet(43)) - raft.server.watch.timeout.denomination = 1s (default)
2019-09-16 19:11:20,117 [52078b41-1f38-4037-a826-db5ef9cf1b82@group-F311EA782AE4:LeaderElection5] INFO  server.RaftServerConfigKeys (ConfUtils.java:logGet(43)) - raft.server.write.element-limit = 4096 (default)
2019-09-16 19:11:20,116 [8deec2e2-b279-48f9-9858-2a3830dd2acf@group-D7585733696E:LeaderElection9] INFO  server.RaftServerConfigKeys (ConfUtils.java:logGet(43)) - raft.server.watch.timeout.denomination = 1s (default)
2019-09-16 19:11:20,116 [4773b317-5b37-4901-9e93-e460a24d1141@group-ACC8D0136C7A:LeaderElection6] INFO  server.RaftServerConfigKeys (ConfUtils.java:logGet(43)) - raft.server.staging.catchup.gap = 1000 (default)
2019-09-16 19:11:20,117 [8deec2e2-b279-48f9-9858-2a3830dd2acf@group-D7585733696E:LeaderElection9] INFO  server.RaftServerConfigKeys (ConfUtils.java:logGet(43)) - raft.server.watch.element-limit = 65536 (default)
2019-09-16 19:11:20,117 [52078b41-1f38-4037-a826-db5ef9cf1b82@group-F311EA782AE4:LeaderElection5] INFO  server.RaftServerConfigKeys (ConfUtils.java:logGet(43)) - raft.server.watch.timeout = 10s (default)
2019-09-16 19:11:20,117 [938e50ce-7856-436b-8929-0e37f4d51388@group-1772BACA3076:LeaderElection7] INFO  server.RaftServerConfigKeys (ConfUtils.java:logGet(43)) - raft.server.watch.element-limit = 65536 (default)
2019-09-16 19:11:20,117 [6abcef3f-3f35-471a-9739-1d418d62cada@group-4A05589CE1B3:LeaderElection8] INFO  server.RaftServerConfigKeys (ConfUtils.java:logGet(43)) - raft.server.watch.timeout = 10s (default)
2019-09-16 19:11:20,118 [52078b41-1f38-4037-a826-db5ef9cf1b82@group-F311EA782AE4:LeaderElection5] INFO  server.RaftServerConfigKeys (ConfUtils.java:logGet(43)) - raft.server.watch.timeout.denomination = 1s (default)
2019-09-16 19:11:20,117 [4773b317-5b37-4901-9e93-e460a24d1141@group-ACC8D0136C7A:LeaderElection6] INFO  server.RaftServerConfigKeys (ConfUtils.java:logGet(43)) - raft.server.rpc.sleep.time = 25ms (default)
2019-09-16 19:11:20,118 [52078b41-1f38-4037-a826-db5ef9cf1b82@group-F311EA782AE4:LeaderElection5] INFO  server.RaftServerConfigKeys (ConfUtils.java:logGet(43)) - raft.server.watch.element-limit = 65536 (default)
2019-09-16 19:11:20,118 [6abcef3f-3f35-471a-9739-1d418d62cada@group-4A05589CE1B3:LeaderElection8] INFO  server.RaftServerConfigKeys (ConfUtils.java:logGet(43)) - raft.server.watch.timeout.denomination = 1s (default)
2019-09-16 19:11:20,118 [4773b317-5b37-4901-9e93-e460a24d1141@group-ACC8D0136C7A:LeaderElection6] INFO  server.RaftServerConfigKeys (ConfUtils.java:logGet(43)) - raft.server.write.element-limit = 4096 (default)
2019-09-16 19:11:20,119 [6abcef3f-3f35-471a-9739-1d418d62cada@group-4A05589CE1B3:LeaderElection8] INFO  server.RaftServerConfigKeys (ConfUtils.java:logGet(43)) - raft.server.watch.element-limit = 65536 (default)
2019-09-16 19:11:20,119 [4773b317-5b37-4901-9e93-e460a24d1141@group-ACC8D0136C7A:LeaderElection6] INFO  server.RaftServerConfigKeys (ConfUtils.java:logGet(43)) - raft.server.watch.timeout = 10s (default)
2019-09-16 19:11:20,119 [4773b317-5b37-4901-9e93-e460a24d1141@group-ACC8D0136C7A:LeaderElection6] INFO  server.RaftServerConfigKeys (ConfUtils.java:logGet(43)) - raft.server.watch.timeout.denomination = 1s (default)
2019-09-16 19:11:20,119 [4773b317-5b37-4901-9e93-e460a24d1141@group-ACC8D0136C7A:LeaderElection6] INFO  server.RaftServerConfigKeys (ConfUtils.java:logGet(43)) - raft.server.watch.element-limit = 65536 (default)
2019-09-16 19:11:20,129 [8deec2e2-b279-48f9-9858-2a3830dd2acf@group-D7585733696E:LeaderElection9] INFO  impl.RoleInfo (RoleInfo.java:updateAndGet(143)) - 8deec2e2-b279-48f9-9858-2a3830dd2acf: start LeaderState
2019-09-16 19:11:20,129 [8deec2e2-b279-48f9-9858-2a3830dd2acf@group-D7585733696E:LeaderElection9] INFO  segmented.SegmentedRaftLogWorker (SegmentedRaftLogWorker.java:startLogSegment(380)) - 8deec2e2-b279-48f9-9858-2a3830dd2acf@group-D7585733696E-SegmentedRaftLogWorker: Starting segment from index:0
2019-09-16 19:11:20,130 [8deec2e2-b279-48f9-9858-2a3830dd2acf@group-D7585733696E:LeaderElection9] INFO  impl.RaftServerImpl (ServerState.java:setRaftConf(354)) - 8deec2e2-b279-48f9-9858-2a3830dd2acf@group-D7585733696E: set configuration 0: [8deec2e2-b279-48f9-9858-2a3830dd2acf:192.168.34.56:42679], old=null at 0
2019-09-16 19:11:20,164 [938e50ce-7856-436b-8929-0e37f4d51388@group-1772BACA3076:LeaderElection7] INFO  impl.RoleInfo (RoleInfo.java:updateAndGet(143)) - 938e50ce-7856-436b-8929-0e37f4d51388: start LeaderState
2019-09-16 19:11:20,164 [938e50ce-7856-436b-8929-0e37f4d51388@group-1772BACA3076:LeaderElection7] INFO  segmented.SegmentedRaftLogWorker (SegmentedRaftLogWorker.java:startLogSegment(380)) - 938e50ce-7856-436b-8929-0e37f4d51388@group-1772BACA3076-SegmentedRaftLogWorker: Starting segment from index:0
2019-09-16 19:11:20,165 [6abcef3f-3f35-471a-9739-1d418d62cada@group-4A05589CE1B3:LeaderElection8] INFO  impl.RoleInfo (RoleInfo.java:updateAndGet(143)) - 6abcef3f-3f35-471a-9739-1d418d62cada: start LeaderState
2019-09-16 19:11:20,165 [4773b317-5b37-4901-9e93-e460a24d1141@group-ACC8D0136C7A:LeaderElection6] INFO  impl.RoleInfo (RoleInfo.java:updateAndGet(143)) - 4773b317-5b37-4901-9e93-e460a24d1141: start LeaderState
2019-09-16 19:11:20,165 [52078b41-1f38-4037-a826-db5ef9cf1b82@group-F311EA782AE4:LeaderElection5] INFO  impl.RoleInfo (RoleInfo.java:updateAndGet(143)) - 52078b41-1f38-4037-a826-db5ef9cf1b82: start LeaderState
2019-09-16 19:11:20,165 [938e50ce-7856-436b-8929-0e37f4d51388@group-1772BACA3076:LeaderElection7] INFO  impl.RaftServerImpl (ServerState.java:setRaftConf(354)) - 938e50ce-7856-436b-8929-0e37f4d51388@group-1772BACA3076: set configuration 0: [938e50ce-7856-436b-8929-0e37f4d51388:192.168.34.56:36082], old=null at 0
2019-09-16 19:11:20,166 [6abcef3f-3f35-471a-9739-1d418d62cada@group-4A05589CE1B3:LeaderElection8] INFO  segmented.SegmentedRaftLogWorker (SegmentedRaftLogWorker.java:startLogSegment(380)) - 6abcef3f-3f35-471a-9739-1d418d62cada@group-4A05589CE1B3-SegmentedRaftLogWorker: Starting segment from index:0
2019-09-16 19:11:20,166 [4773b317-5b37-4901-9e93-e460a24d1141@group-ACC8D0136C7A:LeaderElection6] INFO  segmented.SegmentedRaftLogWorker (SegmentedRaftLogWorker.java:startLogSegment(380)) - 4773b317-5b37-4901-9e93-e460a24d1141@group-ACC8D0136C7A-SegmentedRaftLogWorker: Starting segment from index:0
2019-09-16 19:11:20,199 [8deec2e2-b279-48f9-9858-2a3830dd2acf@group-D7585733696E-SegmentedRaftLogWorker] INFO  segmented.SegmentedRaftLogWorker (SegmentedRaftLogWorker.java:execute(569)) - 8deec2e2-b279-48f9-9858-2a3830dd2acf@group-D7585733696E-SegmentedRaftLogWorker: created new log segment /workdir/hadoop-ozone/integration-test/target/test-dir/MiniOzoneClusterImpl-3fc8568e-3664-4be6-9c60-644bdcd1012a/datanode-6/data/ratis/5a64956b-bddc-4e22-b99f-d7585733696e/current/log_inprogress_0
2019-09-16 19:11:20,166 [52078b41-1f38-4037-a826-db5ef9cf1b82@group-F311EA782AE4:LeaderElection5] INFO  segmented.SegmentedRaftLogWorker (SegmentedRaftLogWorker.java:startLogSegment(380)) - 52078b41-1f38-4037-a826-db5ef9cf1b82@group-F311EA782AE4-SegmentedRaftLogWorker: Starting segment from index:0
2019-09-16 19:11:20,203 [4773b317-5b37-4901-9e93-e460a24d1141@group-ACC8D0136C7A:LeaderElection6] INFO  impl.RaftServerImpl (ServerState.java:setRaftConf(354)) - 4773b317-5b37-4901-9e93-e460a24d1141@group-ACC8D0136C7A: set configuration 0: [4773b317-5b37-4901-9e93-e460a24d1141:192.168.34.56:46271], old=null at 0
2019-09-16 19:11:20,203 [6abcef3f-3f35-471a-9739-1d418d62cada@group-4A05589CE1B3:LeaderElection8] INFO  impl.RaftServerImpl (ServerState.java:setRaftConf(354)) - 6abcef3f-3f35-471a-9739-1d418d62cada@group-4A05589CE1B3: set configuration 0: [6abcef3f-3f35-471a-9739-1d418d62cada:192.168.34.56:34284], old=null at 0
2019-09-16 19:11:20,221 [938e50ce-7856-436b-8929-0e37f4d51388@group-1772BACA3076-SegmentedRaftLogWorker] INFO  segmented.SegmentedRaftLogWorker (SegmentedRaftLogWorker.java:execute(569)) - 938e50ce-7856-436b-8929-0e37f4d51388@group-1772BACA3076-SegmentedRaftLogWorker: created new log segment /workdir/hadoop-ozone/integration-test/target/test-dir/MiniOzoneClusterImpl-3fc8568e-3664-4be6-9c60-644bdcd1012a/datanode-4/data/ratis/9dd9c915-f9a3-47cb-a14d-1772baca3076/current/log_inprogress_0
2019-09-16 19:11:20,270 [Thread-320] INFO  impl.FollowerState (FollowerState.java:run(106)) - e0619aa3-4ba4-49c8-ac60-3d80bbb74aab:group-B5EFBA83B44C changes to CANDIDATE, lastRpcTime:1120, electionTimeout:1081ms
2019-09-16 19:11:20,291 [52078b41-1f38-4037-a826-db5ef9cf1b82@group-F311EA782AE4:LeaderElection5] INFO  impl.RaftServerImpl (ServerState.java:setRaftConf(354)) - 52078b41-1f38-4037-a826-db5ef9cf1b82@group-F311EA782AE4: set configuration 0: [52078b41-1f38-4037-a826-db5ef9cf1b82:192.168.34.56:44314], old=null at 0
2019-09-16 19:11:20,294 [Thread-320] INFO  impl.RoleInfo (RoleInfo.java:shutdownFollowerState(121)) - e0619aa3-4ba4-49c8-ac60-3d80bbb74aab: shutdown FollowerState
2019-09-16 19:11:20,296 [Thread-320] INFO  impl.RaftServerImpl (RaftServerImpl.java:setRole(174)) - e0619aa3-4ba4-49c8-ac60-3d80bbb74aab@group-B5EFBA83B44C: changes role from  FOLLOWER to CANDIDATE at term 0 for changeToCandidate
2019-09-16 19:11:20,298 [Thread-320] INFO  impl.RoleInfo (RoleInfo.java:updateAndGet(143)) - e0619aa3-4ba4-49c8-ac60-3d80bbb74aab: start LeaderElection
2019-09-16 19:11:20,308 [4773b317-5b37-4901-9e93-e460a24d1141@group-ACC8D0136C7A-SegmentedRaftLogWorker] INFO  segmented.SegmentedRaftLogWorker (SegmentedRaftLogWorker.java:execute(569)) - 4773b317-5b37-4901-9e93-e460a24d1141@group-ACC8D0136C7A-SegmentedRaftLogWorker: created new log segment /workdir/hadoop-ozone/integration-test/target/test-dir/MiniOzoneClusterImpl-3fc8568e-3664-4be6-9c60-644bdcd1012a/datanode-9/data/ratis/e5f3cda4-1011-48c4-b29f-acc8d0136c7a/current/log_inprogress_0
2019-09-16 19:11:20,308 [6abcef3f-3f35-471a-9739-1d418d62cada@group-4A05589CE1B3-SegmentedRaftLogWorker] INFO  segmented.SegmentedRaftLogWorker (SegmentedRaftLogWorker.java:execute(569)) - 6abcef3f-3f35-471a-9739-1d418d62cada@group-4A05589CE1B3-SegmentedRaftLogWorker: created new log segment /workdir/hadoop-ozone/integration-test/target/test-dir/MiniOzoneClusterImpl-3fc8568e-3664-4be6-9c60-644bdcd1012a/datanode-3/data/ratis/e61d35e6-bff0-4f3a-b795-4a05589ce1b3/current/log_inprogress_0
2019-09-16 19:11:20,327 [Thread-321] INFO  impl.FollowerState (FollowerState.java:run(106)) - 930b1328-fc80-47b7-a4b1-f8330041d315:group-B5EFBA83B44C changes to CANDIDATE, lastRpcTime:1176, electionTimeout:1176ms
2019-09-16 19:11:20,308 [52078b41-1f38-4037-a826-db5ef9cf1b82@group-F311EA782AE4-SegmentedRaftLogWorker] INFO  segmented.SegmentedRaftLogWorker (SegmentedRaftLogWorker.java:execute(569)) - 52078b41-1f38-4037-a826-db5ef9cf1b82@group-F311EA782AE4-SegmentedRaftLogWorker: created new log segment /workdir/hadoop-ozone/integration-test/target/test-dir/MiniOzoneClusterImpl-3fc8568e-3664-4be6-9c60-644bdcd1012a/datanode-1/data/ratis/b973fef2-8963-4f29-b31b-f311ea782ae4/current/log_inprogress_0
2019-09-16 19:11:20,330 [Thread-321] INFO  impl.RoleInfo (RoleInfo.java:shutdownFollowerState(121)) - 930b1328-fc80-47b7-a4b1-f8330041d315: shutdown FollowerState
2019-09-16 19:11:20,330 [Thread-321] INFO  impl.RaftServerImpl (RaftServerImpl.java:setRole(174)) - 930b1328-fc80-47b7-a4b1-f8330041d315@group-B5EFBA83B44C: changes role from  FOLLOWER to CANDIDATE at term 0 for changeToCandidate
2019-09-16 19:11:20,331 [Thread-321] INFO  impl.RoleInfo (RoleInfo.java:updateAndGet(143)) - 930b1328-fc80-47b7-a4b1-f8330041d315: start LeaderElection
2019-09-16 19:11:20,333 [Thread-328] INFO  impl.FollowerState (FollowerState.java:run(106)) - 30fc0d14-cbc7-4743-b48a-59ef39c48768:group-C8C33BDD9912 changes to CANDIDATE, lastRpcTime:1063, electionTimeout:1063ms
2019-09-16 19:11:20,341 [Thread-328] INFO  impl.RoleInfo (RoleInfo.java:shutdownFollowerState(121)) - 30fc0d14-cbc7-4743-b48a-59ef39c48768: shutdown FollowerState
2019-09-16 19:11:20,341 [Thread-328] INFO  impl.RaftServerImpl (RaftServerImpl.java:setRole(174)) - 30fc0d14-cbc7-4743-b48a-59ef39c48768@group-C8C33BDD9912: changes role from  FOLLOWER to CANDIDATE at term 0 for changeToCandidate
2019-09-16 19:11:20,341 [e0619aa3-4ba4-49c8-ac60-3d80bbb74aab@group-B5EFBA83B44C:LeaderElection10] INFO  impl.LeaderElection (LeaderElection.java:askForVotes(182)) - e0619aa3-4ba4-49c8-ac60-3d80bbb74aab@group-B5EFBA83B44C:LeaderElection10: begin an election at term 1 for -1: [4bce4e32-952c-4220-bcc9-22a10ce18ca8:192.168.34.56:34355, e0619aa3-4ba4-49c8-ac60-3d80bbb74aab:192.168.34.56:40045, 930b1328-fc80-47b7-a4b1-f8330041d315:192.168.34.56:46332], old=null
2019-09-16 19:11:20,341 [Thread-328] INFO  impl.RoleInfo (RoleInfo.java:updateAndGet(143)) - 30fc0d14-cbc7-4743-b48a-59ef39c48768: start LeaderElection
2019-09-16 19:11:20,348 [Thread-319] INFO  impl.FollowerState (FollowerState.java:run(106)) - 4bce4e32-952c-4220-bcc9-22a10ce18ca8:group-B5EFBA83B44C changes to CANDIDATE, lastRpcTime:1198, electionTimeout:1198ms
2019-09-16 19:11:20,349 [Thread-319] INFO  impl.RoleInfo (RoleInfo.java:shutdownFollowerState(121)) - 4bce4e32-952c-4220-bcc9-22a10ce18ca8: shutdown FollowerState
2019-09-16 19:11:20,349 [Thread-319] INFO  impl.RaftServerImpl (RaftServerImpl.java:setRole(174)) - 4bce4e32-952c-4220-bcc9-22a10ce18ca8@group-B5EFBA83B44C: changes role from  FOLLOWER to CANDIDATE at term 0 for changeToCandidate
2019-09-16 19:11:20,350 [Thread-334] INFO  impl.FollowerState (FollowerState.java:run(106)) - 4eec4314-a089-48fe-8241-8a8066126e3f:group-C8C33BDD9912 changes to CANDIDATE, lastRpcTime:1056, electionTimeout:1056ms
2019-09-16 19:11:20,350 [Thread-334] INFO  impl.RoleInfo (RoleInfo.java:shutdownFollowerState(121)) - 4eec4314-a089-48fe-8241-8a8066126e3f: shutdown FollowerState
2019-09-16 19:11:20,351 [Thread-334] INFO  impl.RaftServerImpl (RaftServerImpl.java:setRole(174)) - 4eec4314-a089-48fe-8241-8a8066126e3f@group-C8C33BDD9912: changes role from  FOLLOWER to CANDIDATE at term 0 for changeToCandidate
2019-09-16 19:11:20,356 [930b1328-fc80-47b7-a4b1-f8330041d315@group-B5EFBA83B44C:LeaderElection11] INFO  impl.LeaderElection (LeaderElection.java:askForVotes(182)) - 930b1328-fc80-47b7-a4b1-f8330041d315@group-B5EFBA83B44C:LeaderElection11: begin an election at term 1 for -1: [4bce4e32-952c-4220-bcc9-22a10ce18ca8:192.168.34.56:34355, e0619aa3-4ba4-49c8-ac60-3d80bbb74aab:192.168.34.56:40045, 930b1328-fc80-47b7-a4b1-f8330041d315:192.168.34.56:46332], old=null
2019-09-16 19:11:20,356 [30fc0d14-cbc7-4743-b48a-59ef39c48768@group-C8C33BDD9912:LeaderElection12] INFO  impl.LeaderElection (LeaderElection.java:askForVotes(182)) - 30fc0d14-cbc7-4743-b48a-59ef39c48768@group-C8C33BDD9912:LeaderElection12: begin an election at term 1 for -1: [52078b41-1f38-4037-a826-db5ef9cf1b82:192.168.34.56:44314, 30fc0d14-cbc7-4743-b48a-59ef39c48768:192.168.34.56:45570, 4eec4314-a089-48fe-8241-8a8066126e3f:192.168.34.56:36988], old=null
2019-09-16 19:11:20,362 [IPC Server handler 0 on 35463] INFO  volume.OMVolumeCreateRequest (OMVolumeCreateRequest.java:validateAndUpdateCache(189)) - created volume:datanodefailurehandlingtest for user:jenkins1000
2019-09-16 19:11:20,377 [Thread-334] INFO  impl.RoleInfo (RoleInfo.java:updateAndGet(143)) - 4eec4314-a089-48fe-8241-8a8066126e3f: start LeaderElection
2019-09-16 19:11:20,377 [Thread-319] INFO  impl.RoleInfo (RoleInfo.java:updateAndGet(143)) - 4bce4e32-952c-4220-bcc9-22a10ce18ca8: start LeaderElection
2019-09-16 19:11:20,406 [4eec4314-a089-48fe-8241-8a8066126e3f@group-C8C33BDD9912:LeaderElection14] INFO  impl.LeaderElection (LeaderElection.java:askForVotes(182)) - 4eec4314-a089-48fe-8241-8a8066126e3f@group-C8C33BDD9912:LeaderElection14: begin an election at term 1 for -1: [52078b41-1f38-4037-a826-db5ef9cf1b82:192.168.34.56:44314, 30fc0d14-cbc7-4743-b48a-59ef39c48768:192.168.34.56:45570, 4eec4314-a089-48fe-8241-8a8066126e3f:192.168.34.56:36988], old=null
2019-09-16 19:11:20,417 [4bce4e32-952c-4220-bcc9-22a10ce18ca8@group-B5EFBA83B44C:LeaderElection13] INFO  impl.LeaderElection (LeaderElection.java:askForVotes(182)) - 4bce4e32-952c-4220-bcc9-22a10ce18ca8@group-B5EFBA83B44C:LeaderElection13: begin an election at term 1 for -1: [4bce4e32-952c-4220-bcc9-22a10ce18ca8:192.168.34.56:34355, e0619aa3-4ba4-49c8-ac60-3d80bbb74aab:192.168.34.56:40045, 930b1328-fc80-47b7-a4b1-f8330041d315:192.168.34.56:46332], old=null
2019-09-16 19:11:20,424 [Thread-343] INFO  impl.FollowerState (FollowerState.java:run(106)) - 938e50ce-7856-436b-8929-0e37f4d51388:group-550D69124986 changes to CANDIDATE, lastRpcTime:1040, electionTimeout:1039ms
2019-09-16 19:11:20,444 [Thread-343] INFO  impl.RoleInfo (RoleInfo.java:shutdownFollowerState(121)) - 938e50ce-7856-436b-8929-0e37f4d51388: shutdown FollowerState
2019-09-16 19:11:20,447 [Thread-340] INFO  impl.FollowerState (FollowerState.java:run(106)) - 6abcef3f-3f35-471a-9739-1d418d62cada:group-550D69124986 changes to CANDIDATE, lastRpcTime:1066, electionTimeout:1065ms
2019-09-16 19:11:20,448 [Thread-343] INFO  impl.RaftServerImpl (RaftServerImpl.java:setRole(174)) - 938e50ce-7856-436b-8929-0e37f4d51388@group-550D69124986: changes role from  FOLLOWER to CANDIDATE at term 0 for changeToCandidate
2019-09-16 19:11:20,455 [Thread-340] INFO  impl.RoleInfo (RoleInfo.java:shutdownFollowerState(121)) - 6abcef3f-3f35-471a-9739-1d418d62cada: shutdown FollowerState
2019-09-16 19:11:20,456 [Thread-340] INFO  impl.RaftServerImpl (RaftServerImpl.java:setRole(174)) - 6abcef3f-3f35-471a-9739-1d418d62cada@group-550D69124986: changes role from  FOLLOWER to CANDIDATE at term 0 for changeToCandidate
2019-09-16 19:11:20,457 [Thread-333] INFO  impl.FollowerState (FollowerState.java:run(106)) - 52078b41-1f38-4037-a826-db5ef9cf1b82:group-C8C33BDD9912 changes to CANDIDATE, lastRpcTime:1166, electionTimeout:1166ms
2019-09-16 19:11:20,457 [Thread-333] INFO  impl.RoleInfo (RoleInfo.java:shutdownFollowerState(121)) - 52078b41-1f38-4037-a826-db5ef9cf1b82: shutdown FollowerState
2019-09-16 19:11:20,457 [Thread-333] INFO  impl.RaftServerImpl (RaftServerImpl.java:setRole(174)) - 52078b41-1f38-4037-a826-db5ef9cf1b82@group-C8C33BDD9912: changes role from  FOLLOWER to CANDIDATE at term 0 for changeToCandidate
2019-09-16 19:11:20,481 [Thread-333] INFO  impl.RoleInfo (RoleInfo.java:updateAndGet(143)) - 52078b41-1f38-4037-a826-db5ef9cf1b82: start LeaderElection
2019-09-16 19:11:20,481 [Thread-343] INFO  impl.RoleInfo (RoleInfo.java:updateAndGet(143)) - 938e50ce-7856-436b-8929-0e37f4d51388: start LeaderElection
2019-09-16 19:11:20,481 [Thread-340] INFO  impl.RoleInfo (RoleInfo.java:updateAndGet(143)) - 6abcef3f-3f35-471a-9739-1d418d62cada: start LeaderElection
2019-09-16 19:11:20,535 [6abcef3f-3f35-471a-9739-1d418d62cada@group-550D69124986:LeaderElection16] INFO  impl.LeaderElection (LeaderElection.java:askForVotes(182)) - 6abcef3f-3f35-471a-9739-1d418d62cada@group-550D69124986:LeaderElection16: begin an election at term 1 for -1: [938e50ce-7856-436b-8929-0e37f4d51388:192.168.34.56:36082, 4773b317-5b37-4901-9e93-e460a24d1141:192.168.34.56:46271, 6abcef3f-3f35-471a-9739-1d418d62cada:192.168.34.56:34284], old=null
2019-09-16 19:11:20,535 [938e50ce-7856-436b-8929-0e37f4d51388@group-550D69124986:LeaderElection15] INFO  impl.LeaderElection (LeaderElection.java:askForVotes(182)) - 938e50ce-7856-436b-8929-0e37f4d51388@group-550D69124986:LeaderElection15: begin an election at term 1 for -1: [938e50ce-7856-436b-8929-0e37f4d51388:192.168.34.56:36082, 4773b317-5b37-4901-9e93-e460a24d1141:192.168.34.56:46271, 6abcef3f-3f35-471a-9739-1d418d62cada:192.168.34.56:34284], old=null
2019-09-16 19:11:20,540 [main] INFO  rpc.RpcClient (RpcClient.java:createBucket(440)) - Creating Bucket: datanodefailurehandlingtest/datanodefailurehandlingtest, with Versioning false and Storage Type set to DISK and Encryption set to false 
2019-09-16 19:11:20,564 [52078b41-1f38-4037-a826-db5ef9cf1b82@group-C8C33BDD9912:LeaderElection17] INFO  impl.LeaderElection (LeaderElection.java:askForVotes(182)) - 52078b41-1f38-4037-a826-db5ef9cf1b82@group-C8C33BDD9912:LeaderElection17: begin an election at term 1 for -1: [52078b41-1f38-4037-a826-db5ef9cf1b82:192.168.34.56:44314, 30fc0d14-cbc7-4743-b48a-59ef39c48768:192.168.34.56:45570, 4eec4314-a089-48fe-8241-8a8066126e3f:192.168.34.56:36988], old=null
2019-09-16 19:11:20,577 [Thread-342] INFO  impl.FollowerState (FollowerState.java:run(106)) - 4773b317-5b37-4901-9e93-e460a24d1141:group-550D69124986 changes to CANDIDATE, lastRpcTime:1193, electionTimeout:1187ms
2019-09-16 19:11:20,578 [Thread-342] INFO  impl.RoleInfo (RoleInfo.java:shutdownFollowerState(121)) - 4773b317-5b37-4901-9e93-e460a24d1141: shutdown FollowerState
2019-09-16 19:11:20,589 [Thread-342] INFO  impl.RaftServerImpl (RaftServerImpl.java:setRole(174)) - 4773b317-5b37-4901-9e93-e460a24d1141@group-550D69124986: changes role from  FOLLOWER to CANDIDATE at term 0 for changeToCandidate
2019-09-16 19:11:20,589 [Thread-342] INFO  impl.RoleInfo (RoleInfo.java:updateAndGet(143)) - 4773b317-5b37-4901-9e93-e460a24d1141: start LeaderElection
2019-09-16 19:11:20,619 [4773b317-5b37-4901-9e93-e460a24d1141@group-550D69124986:LeaderElection18] INFO  impl.LeaderElection (LeaderElection.java:askForVotes(182)) - 4773b317-5b37-4901-9e93-e460a24d1141@group-550D69124986:LeaderElection18: begin an election at term 1 for -1: [938e50ce-7856-436b-8929-0e37f4d51388:192.168.34.56:36082, 4773b317-5b37-4901-9e93-e460a24d1141:192.168.34.56:46271, 6abcef3f-3f35-471a-9739-1d418d62cada:192.168.34.56:34284], old=null
2019-09-16 19:11:20,753 [e0619aa3-4ba4-49c8-ac60-3d80bbb74aab@group-B5EFBA83B44C:LeaderElection10] INFO  impl.LeaderElection (LeaderElection.java:logAndReturn(56)) - e0619aa3-4ba4-49c8-ac60-3d80bbb74aab@group-B5EFBA83B44C:LeaderElection10: Election REJECTED; received 2 response(s) [e0619aa3-4ba4-49c8-ac60-3d80bbb74aab<-4bce4e32-952c-4220-bcc9-22a10ce18ca8#0:FAIL-t1, e0619aa3-4ba4-49c8-ac60-3d80bbb74aab<-930b1328-fc80-47b7-a4b1-f8330041d315#0:FAIL-t1] and 0 exception(s); e0619aa3-4ba4-49c8-ac60-3d80bbb74aab@group-B5EFBA83B44C:t1, leader=null, voted=e0619aa3-4ba4-49c8-ac60-3d80bbb74aab, raftlog=e0619aa3-4ba4-49c8-ac60-3d80bbb74aab@group-B5EFBA83B44C-SegmentedRaftLog:OPENED:c-1,f-1,i0, conf=-1: [4bce4e32-952c-4220-bcc9-22a10ce18ca8:192.168.34.56:34355, e0619aa3-4ba4-49c8-ac60-3d80bbb74aab:192.168.34.56:40045, 930b1328-fc80-47b7-a4b1-f8330041d315:192.168.34.56:46332], old=null
2019-09-16 19:11:20,754 [4bce4e32-952c-4220-bcc9-22a10ce18ca8@group-B5EFBA83B44C:LeaderElection13] INFO  impl.LeaderElection (LeaderElection.java:logAndReturn(56)) - 4bce4e32-952c-4220-bcc9-22a10ce18ca8@group-B5EFBA83B44C:LeaderElection13: Election REJECTED; received 2 response(s) [4bce4e32-952c-4220-bcc9-22a10ce18ca8<-e0619aa3-4ba4-49c8-ac60-3d80bbb74aab#0:FAIL-t1, 4bce4e32-952c-4220-bcc9-22a10ce18ca8<-930b1328-fc80-47b7-a4b1-f8330041d315#0:FAIL-t1] and 0 exception(s); 4bce4e32-952c-4220-bcc9-22a10ce18ca8@group-B5EFBA83B44C:t1, leader=null, voted=4bce4e32-952c-4220-bcc9-22a10ce18ca8, raftlog=4bce4e32-952c-4220-bcc9-22a10ce18ca8@group-B5EFBA83B44C-SegmentedRaftLog:OPENED:c-1,f-1,i0, conf=-1: [4bce4e32-952c-4220-bcc9-22a10ce18ca8:192.168.34.56:34355, e0619aa3-4ba4-49c8-ac60-3d80bbb74aab:192.168.34.56:40045, 930b1328-fc80-47b7-a4b1-f8330041d315:192.168.34.56:46332], old=null
2019-09-16 19:11:20,754 [30fc0d14-cbc7-4743-b48a-59ef39c48768@group-C8C33BDD9912:LeaderElection12] INFO  impl.LeaderElection (LeaderElection.java:logAndReturn(56)) - 30fc0d14-cbc7-4743-b48a-59ef39c48768@group-C8C33BDD9912:LeaderElection12: Election REJECTED; received 2 response(s) [30fc0d14-cbc7-4743-b48a-59ef39c48768<-52078b41-1f38-4037-a826-db5ef9cf1b82#0:FAIL-t1, 30fc0d14-cbc7-4743-b48a-59ef39c48768<-4eec4314-a089-48fe-8241-8a8066126e3f#0:FAIL-t1] and 0 exception(s); 30fc0d14-cbc7-4743-b48a-59ef39c48768@group-C8C33BDD9912:t1, leader=null, voted=30fc0d14-cbc7-4743-b48a-59ef39c48768, raftlog=30fc0d14-cbc7-4743-b48a-59ef39c48768@group-C8C33BDD9912-SegmentedRaftLog:OPENED:c-1,f-1,i0, conf=-1: [52078b41-1f38-4037-a826-db5ef9cf1b82:192.168.34.56:44314, 30fc0d14-cbc7-4743-b48a-59ef39c48768:192.168.34.56:45570, 4eec4314-a089-48fe-8241-8a8066126e3f:192.168.34.56:36988], old=null
2019-09-16 19:11:20,790 [e0619aa3-4ba4-49c8-ac60-3d80bbb74aab@group-B5EFBA83B44C:LeaderElection10] INFO  impl.RaftServerImpl (RaftServerImpl.java:setRole(174)) - e0619aa3-4ba4-49c8-ac60-3d80bbb74aab@group-B5EFBA83B44C: changes role from CANDIDATE to FOLLOWER at term 1 for DISCOVERED_A_NEW_TERM
2019-09-16 19:11:20,790 [4bce4e32-952c-4220-bcc9-22a10ce18ca8@group-B5EFBA83B44C:LeaderElection13] INFO  impl.RaftServerImpl (RaftServerImpl.java:setRole(174)) - 4bce4e32-952c-4220-bcc9-22a10ce18ca8@group-B5EFBA83B44C: changes role from CANDIDATE to FOLLOWER at term 1 for DISCOVERED_A_NEW_TERM
2019-09-16 19:11:20,794 [e0619aa3-4ba4-49c8-ac60-3d80bbb74aab@group-B5EFBA83B44C:LeaderElection10] INFO  impl.RoleInfo (RoleInfo.java:shutdownLeaderElection(134)) - e0619aa3-4ba4-49c8-ac60-3d80bbb74aab: shutdown LeaderElection
2019-09-16 19:11:20,796 [4bce4e32-952c-4220-bcc9-22a10ce18ca8@group-B5EFBA83B44C:LeaderElection13] INFO  impl.RoleInfo (RoleInfo.java:shutdownLeaderElection(134)) - 4bce4e32-952c-4220-bcc9-22a10ce18ca8: shutdown LeaderElection
2019-09-16 19:11:20,797 [930b1328-fc80-47b7-a4b1-f8330041d315@group-B5EFBA83B44C:LeaderElection11] INFO  impl.LeaderElection (LeaderElection.java:logAndReturn(56)) - 930b1328-fc80-47b7-a4b1-f8330041d315@group-B5EFBA83B44C:LeaderElection11: Election REJECTED; received 2 response(s) [930b1328-fc80-47b7-a4b1-f8330041d315<-4bce4e32-952c-4220-bcc9-22a10ce18ca8#0:FAIL-t1, 930b1328-fc80-47b7-a4b1-f8330041d315<-e0619aa3-4ba4-49c8-ac60-3d80bbb74aab#0:FAIL-t1] and 0 exception(s); 930b1328-fc80-47b7-a4b1-f8330041d315@group-B5EFBA83B44C:t1, leader=null, voted=930b1328-fc80-47b7-a4b1-f8330041d315, raftlog=930b1328-fc80-47b7-a4b1-f8330041d315@group-B5EFBA83B44C-SegmentedRaftLog:OPENED:c-1,f-1,i0, conf=-1: [4bce4e32-952c-4220-bcc9-22a10ce18ca8:192.168.34.56:34355, e0619aa3-4ba4-49c8-ac60-3d80bbb74aab:192.168.34.56:40045, 930b1328-fc80-47b7-a4b1-f8330041d315:192.168.34.56:46332], old=null
2019-09-16 19:11:20,800 [e0619aa3-4ba4-49c8-ac60-3d80bbb74aab@group-B5EFBA83B44C:LeaderElection10] INFO  impl.RoleInfo (RoleInfo.java:updateAndGet(143)) - e0619aa3-4ba4-49c8-ac60-3d80bbb74aab: start FollowerState
2019-09-16 19:11:20,800 [930b1328-fc80-47b7-a4b1-f8330041d315@group-B5EFBA83B44C:LeaderElection11] INFO  impl.RaftServerImpl (RaftServerImpl.java:setRole(174)) - 930b1328-fc80-47b7-a4b1-f8330041d315@group-B5EFBA83B44C: changes role from CANDIDATE to FOLLOWER at term 1 for DISCOVERED_A_NEW_TERM
2019-09-16 19:11:20,800 [30fc0d14-cbc7-4743-b48a-59ef39c48768@group-C8C33BDD9912:LeaderElection12] INFO  impl.RaftServerImpl (RaftServerImpl.java:setRole(174)) - 30fc0d14-cbc7-4743-b48a-59ef39c48768@group-C8C33BDD9912: changes role from CANDIDATE to FOLLOWER at term 1 for DISCOVERED_A_NEW_TERM
2019-09-16 19:11:20,800 [4bce4e32-952c-4220-bcc9-22a10ce18ca8@group-B5EFBA83B44C:LeaderElection13] INFO  impl.RoleInfo (RoleInfo.java:updateAndGet(143)) - 4bce4e32-952c-4220-bcc9-22a10ce18ca8: start FollowerState
2019-09-16 19:11:20,806 [30fc0d14-cbc7-4743-b48a-59ef39c48768@group-C8C33BDD9912:LeaderElection12] INFO  impl.RoleInfo (RoleInfo.java:shutdownLeaderElection(134)) - 30fc0d14-cbc7-4743-b48a-59ef39c48768: shutdown LeaderElection
2019-09-16 19:11:20,803 [930b1328-fc80-47b7-a4b1-f8330041d315@group-B5EFBA83B44C:LeaderElection11] INFO  impl.RoleInfo (RoleInfo.java:shutdownLeaderElection(134)) - 930b1328-fc80-47b7-a4b1-f8330041d315: shutdown LeaderElection
2019-09-16 19:11:20,800 [4eec4314-a089-48fe-8241-8a8066126e3f@group-C8C33BDD9912:LeaderElection14] INFO  impl.LeaderElection (LeaderElection.java:logAndReturn(56)) - 4eec4314-a089-48fe-8241-8a8066126e3f@group-C8C33BDD9912:LeaderElection14: Election REJECTED; received 2 response(s) [4eec4314-a089-48fe-8241-8a8066126e3f<-52078b41-1f38-4037-a826-db5ef9cf1b82#0:FAIL-t1, 4eec4314-a089-48fe-8241-8a8066126e3f<-30fc0d14-cbc7-4743-b48a-59ef39c48768#0:FAIL-t1] and 0 exception(s); 4eec4314-a089-48fe-8241-8a8066126e3f@group-C8C33BDD9912:t1, leader=null, voted=4eec4314-a089-48fe-8241-8a8066126e3f, raftlog=4eec4314-a089-48fe-8241-8a8066126e3f@group-C8C33BDD9912-SegmentedRaftLog:OPENED:c-1,f-1,i0, conf=-1: [52078b41-1f38-4037-a826-db5ef9cf1b82:192.168.34.56:44314, 30fc0d14-cbc7-4743-b48a-59ef39c48768:192.168.34.56:45570, 4eec4314-a089-48fe-8241-8a8066126e3f:192.168.34.56:36988], old=null
2019-09-16 19:11:20,810 [30fc0d14-cbc7-4743-b48a-59ef39c48768@group-C8C33BDD9912:LeaderElection12] INFO  impl.RoleInfo (RoleInfo.java:updateAndGet(143)) - 30fc0d14-cbc7-4743-b48a-59ef39c48768: start FollowerState
2019-09-16 19:11:20,853 [4eec4314-a089-48fe-8241-8a8066126e3f@group-C8C33BDD9912:LeaderElection14] INFO  impl.RaftServerImpl (RaftServerImpl.java:setRole(174)) - 4eec4314-a089-48fe-8241-8a8066126e3f@group-C8C33BDD9912: changes role from CANDIDATE to FOLLOWER at term 1 for DISCOVERED_A_NEW_TERM
2019-09-16 19:11:20,856 [4eec4314-a089-48fe-8241-8a8066126e3f@group-C8C33BDD9912:LeaderElection14] INFO  impl.RoleInfo (RoleInfo.java:shutdownLeaderElection(134)) - 4eec4314-a089-48fe-8241-8a8066126e3f: shutdown LeaderElection
2019-09-16 19:11:20,857 [930b1328-fc80-47b7-a4b1-f8330041d315@group-B5EFBA83B44C:LeaderElection11] INFO  impl.RoleInfo (RoleInfo.java:updateAndGet(143)) - 930b1328-fc80-47b7-a4b1-f8330041d315: start FollowerState
2019-09-16 19:11:20,857 [4eec4314-a089-48fe-8241-8a8066126e3f@group-C8C33BDD9912:LeaderElection14] INFO  impl.RoleInfo (RoleInfo.java:updateAndGet(143)) - 4eec4314-a089-48fe-8241-8a8066126e3f: start FollowerState
2019-09-16 19:11:20,857 [938e50ce-7856-436b-8929-0e37f4d51388@group-550D69124986:LeaderElection15] INFO  impl.LeaderElection (LeaderElection.java:logAndReturn(56)) - 938e50ce-7856-436b-8929-0e37f4d51388@group-550D69124986:LeaderElection15: Election REJECTED; received 2 response(s) [938e50ce-7856-436b-8929-0e37f4d51388<-4773b317-5b37-4901-9e93-e460a24d1141#0:FAIL-t1, 938e50ce-7856-436b-8929-0e37f4d51388<-6abcef3f-3f35-471a-9739-1d418d62cada#0:FAIL-t1] and 0 exception(s); 938e50ce-7856-436b-8929-0e37f4d51388@group-550D69124986:t1, leader=null, voted=938e50ce-7856-436b-8929-0e37f4d51388, raftlog=938e50ce-7856-436b-8929-0e37f4d51388@group-550D69124986-SegmentedRaftLog:OPENED:c-1,f-1,i0, conf=-1: [938e50ce-7856-436b-8929-0e37f4d51388:192.168.34.56:36082, 4773b317-5b37-4901-9e93-e460a24d1141:192.168.34.56:46271, 6abcef3f-3f35-471a-9739-1d418d62cada:192.168.34.56:34284], old=null
2019-09-16 19:11:20,857 [4773b317-5b37-4901-9e93-e460a24d1141@group-550D69124986:LeaderElection18] INFO  impl.LeaderElection (LeaderElection.java:logAndReturn(56)) - 4773b317-5b37-4901-9e93-e460a24d1141@group-550D69124986:LeaderElection18: Election REJECTED; received 2 response(s) [4773b317-5b37-4901-9e93-e460a24d1141<-938e50ce-7856-436b-8929-0e37f4d51388#0:FAIL-t1, 4773b317-5b37-4901-9e93-e460a24d1141<-6abcef3f-3f35-471a-9739-1d418d62cada#0:FAIL-t1] and 0 exception(s); 4773b317-5b37-4901-9e93-e460a24d1141@group-550D69124986:t1, leader=null, voted=4773b317-5b37-4901-9e93-e460a24d1141, raftlog=4773b317-5b37-4901-9e93-e460a24d1141@group-550D69124986-SegmentedRaftLog:OPENED:c-1,f-1,i0, conf=-1: [938e50ce-7856-436b-8929-0e37f4d51388:192.168.34.56:36082, 4773b317-5b37-4901-9e93-e460a24d1141:192.168.34.56:46271, 6abcef3f-3f35-471a-9739-1d418d62cada:192.168.34.56:34284], old=null
2019-09-16 19:11:20,858 [938e50ce-7856-436b-8929-0e37f4d51388@group-550D69124986:LeaderElection15] INFO  impl.RaftServerImpl (RaftServerImpl.java:setRole(174)) - 938e50ce-7856-436b-8929-0e37f4d51388@group-550D69124986: changes role from CANDIDATE to FOLLOWER at term 1 for DISCOVERED_A_NEW_TERM
2019-09-16 19:11:20,860 [938e50ce-7856-436b-8929-0e37f4d51388@group-550D69124986:LeaderElection15] INFO  impl.RoleInfo (RoleInfo.java:shutdownLeaderElection(134)) - 938e50ce-7856-436b-8929-0e37f4d51388: shutdown LeaderElection
2019-09-16 19:11:20,861 [938e50ce-7856-436b-8929-0e37f4d51388@group-550D69124986:LeaderElection15] INFO  impl.RoleInfo (RoleInfo.java:updateAndGet(143)) - 938e50ce-7856-436b-8929-0e37f4d51388: start FollowerState
2019-09-16 19:11:20,861 [4773b317-5b37-4901-9e93-e460a24d1141@group-550D69124986:LeaderElection18] INFO  impl.RaftServerImpl (RaftServerImpl.java:setRole(174)) - 4773b317-5b37-4901-9e93-e460a24d1141@group-550D69124986: changes role from CANDIDATE to FOLLOWER at term 1 for DISCOVERED_A_NEW_TERM
2019-09-16 19:11:20,866 [4773b317-5b37-4901-9e93-e460a24d1141@group-550D69124986:LeaderElection18] INFO  impl.RoleInfo (RoleInfo.java:shutdownLeaderElection(134)) - 4773b317-5b37-4901-9e93-e460a24d1141: shutdown LeaderElection
2019-09-16 19:11:20,866 [4773b317-5b37-4901-9e93-e460a24d1141@group-550D69124986:LeaderElection18] INFO  impl.RoleInfo (RoleInfo.java:updateAndGet(143)) - 4773b317-5b37-4901-9e93-e460a24d1141: start FollowerState
2019-09-16 19:11:20,878 [6abcef3f-3f35-471a-9739-1d418d62cada@group-550D69124986:LeaderElection16] INFO  impl.LeaderElection (LeaderElection.java:logAndReturn(56)) - 6abcef3f-3f35-471a-9739-1d418d62cada@group-550D69124986:LeaderElection16: Election REJECTED; received 2 response(s) [6abcef3f-3f35-471a-9739-1d418d62cada<-938e50ce-7856-436b-8929-0e37f4d51388#0:FAIL-t1, 6abcef3f-3f35-471a-9739-1d418d62cada<-4773b317-5b37-4901-9e93-e460a24d1141#0:FAIL-t1] and 0 exception(s); 6abcef3f-3f35-471a-9739-1d418d62cada@group-550D69124986:t1, leader=null, voted=6abcef3f-3f35-471a-9739-1d418d62cada, raftlog=6abcef3f-3f35-471a-9739-1d418d62cada@group-550D69124986-SegmentedRaftLog:OPENED:c-1,f-1,i0, conf=-1: [938e50ce-7856-436b-8929-0e37f4d51388:192.168.34.56:36082, 4773b317-5b37-4901-9e93-e460a24d1141:192.168.34.56:46271, 6abcef3f-3f35-471a-9739-1d418d62cada:192.168.34.56:34284], old=null
2019-09-16 19:11:20,878 [6abcef3f-3f35-471a-9739-1d418d62cada@group-550D69124986:LeaderElection16] INFO  impl.RaftServerImpl (RaftServerImpl.java:setRole(174)) - 6abcef3f-3f35-471a-9739-1d418d62cada@group-550D69124986: changes role from CANDIDATE to FOLLOWER at term 1 for DISCOVERED_A_NEW_TERM
2019-09-16 19:11:20,878 [6abcef3f-3f35-471a-9739-1d418d62cada@group-550D69124986:LeaderElection16] INFO  impl.RoleInfo (RoleInfo.java:shutdownLeaderElection(134)) - 6abcef3f-3f35-471a-9739-1d418d62cada: shutdown LeaderElection
2019-09-16 19:11:20,878 [52078b41-1f38-4037-a826-db5ef9cf1b82@group-C8C33BDD9912:LeaderElection17] INFO  impl.LeaderElection (LeaderElection.java:logAndReturn(56)) - 52078b41-1f38-4037-a826-db5ef9cf1b82@group-C8C33BDD9912:LeaderElection17: Election REJECTED; received 2 response(s) [52078b41-1f38-4037-a826-db5ef9cf1b82<-30fc0d14-cbc7-4743-b48a-59ef39c48768#0:FAIL-t1, 52078b41-1f38-4037-a826-db5ef9cf1b82<-4eec4314-a089-48fe-8241-8a8066126e3f#0:FAIL-t1] and 0 exception(s); 52078b41-1f38-4037-a826-db5ef9cf1b82@group-C8C33BDD9912:t1, leader=null, voted=52078b41-1f38-4037-a826-db5ef9cf1b82, raftlog=52078b41-1f38-4037-a826-db5ef9cf1b82@group-C8C33BDD9912-SegmentedRaftLog:OPENED:c-1,f-1,i0, conf=-1: [52078b41-1f38-4037-a826-db5ef9cf1b82:192.168.34.56:44314, 30fc0d14-cbc7-4743-b48a-59ef39c48768:192.168.34.56:45570, 4eec4314-a089-48fe-8241-8a8066126e3f:192.168.34.56:36988], old=null
2019-09-16 19:11:20,911 [6abcef3f-3f35-471a-9739-1d418d62cada@group-550D69124986:LeaderElection16] INFO  impl.RoleInfo (RoleInfo.java:updateAndGet(143)) - 6abcef3f-3f35-471a-9739-1d418d62cada: start FollowerState
2019-09-16 19:11:20,911 [52078b41-1f38-4037-a826-db5ef9cf1b82@group-C8C33BDD9912:LeaderElection17] INFO  impl.RaftServerImpl (RaftServerImpl.java:setRole(174)) - 52078b41-1f38-4037-a826-db5ef9cf1b82@group-C8C33BDD9912: changes role from CANDIDATE to FOLLOWER at term 1 for DISCOVERED_A_NEW_TERM
2019-09-16 19:11:20,915 [52078b41-1f38-4037-a826-db5ef9cf1b82@group-C8C33BDD9912:LeaderElection17] INFO  impl.RoleInfo (RoleInfo.java:shutdownLeaderElection(134)) - 52078b41-1f38-4037-a826-db5ef9cf1b82: shutdown LeaderElection
2019-09-16 19:11:20,915 [52078b41-1f38-4037-a826-db5ef9cf1b82@group-C8C33BDD9912:LeaderElection17] INFO  impl.RoleInfo (RoleInfo.java:updateAndGet(143)) - 52078b41-1f38-4037-a826-db5ef9cf1b82: start FollowerState
2019-09-16 19:11:21,056 [main] INFO  impl.MetricsSystemImpl (MetricsSystemImpl.java:init(158)) - XceiverClientMetrics metrics system started (again)
2019-09-16 19:11:21,148 [Thread-297] INFO  impl.FollowerState (FollowerState.java:run(106)) - 30fc0d14-cbc7-4743-b48a-59ef39c48768:group-1803532E2C8E changes to CANDIDATE, lastRpcTime:2557, electionTimeout:1075ms
2019-09-16 19:11:21,148 [Thread-297] INFO  impl.RoleInfo (RoleInfo.java:shutdownFollowerState(121)) - 30fc0d14-cbc7-4743-b48a-59ef39c48768: shutdown FollowerState
2019-09-16 19:11:21,148 [Thread-297] INFO  impl.RaftServerImpl (RaftServerImpl.java:setRole(174)) - 30fc0d14-cbc7-4743-b48a-59ef39c48768@group-1803532E2C8E: changes role from  FOLLOWER to CANDIDATE at term 0 for changeToCandidate
2019-09-16 19:11:21,148 [Thread-297] INFO  impl.RoleInfo (RoleInfo.java:updateAndGet(143)) - 30fc0d14-cbc7-4743-b48a-59ef39c48768: start LeaderElection
2019-09-16 19:11:21,179 [30fc0d14-cbc7-4743-b48a-59ef39c48768@group-1803532E2C8E:LeaderElection19] INFO  impl.LeaderElection (LeaderElection.java:askForVotes(182)) - 30fc0d14-cbc7-4743-b48a-59ef39c48768@group-1803532E2C8E:LeaderElection19: begin an election at term 1 for -1: [30fc0d14-cbc7-4743-b48a-59ef39c48768:192.168.34.56:45570], old=null
2019-09-16 19:11:21,179 [30fc0d14-cbc7-4743-b48a-59ef39c48768@group-1803532E2C8E:LeaderElection19] INFO  impl.RoleInfo (RoleInfo.java:shutdownLeaderElection(134)) - 30fc0d14-cbc7-4743-b48a-59ef39c48768: shutdown LeaderElection
2019-09-16 19:11:21,179 [30fc0d14-cbc7-4743-b48a-59ef39c48768@group-1803532E2C8E:LeaderElection19] INFO  impl.RaftServerImpl (RaftServerImpl.java:setRole(174)) - 30fc0d14-cbc7-4743-b48a-59ef39c48768@group-1803532E2C8E: changes role from CANDIDATE to LEADER at term 1 for changeToLeader
2019-09-16 19:11:21,180 [30fc0d14-cbc7-4743-b48a-59ef39c48768@group-1803532E2C8E:LeaderElection19] INFO  impl.RaftServerImpl (ServerState.java:setLeader(253)) - 30fc0d14-cbc7-4743-b48a-59ef39c48768@group-1803532E2C8E: change Leader from null to 30fc0d14-cbc7-4743-b48a-59ef39c48768 at term 1 for becomeLeader, leader elected after 2603ms
2019-09-16 19:11:21,180 [30fc0d14-cbc7-4743-b48a-59ef39c48768@group-1803532E2C8E:LeaderElection19] INFO  server.RaftServerConfigKeys (ConfUtils.java:logGet(43)) - raft.server.staging.catchup.gap = 1000 (default)
2019-09-16 19:11:21,180 [30fc0d14-cbc7-4743-b48a-59ef39c48768@group-1803532E2C8E:LeaderElection19] INFO  server.RaftServerConfigKeys (ConfUtils.java:logGet(43)) - raft.server.rpc.sleep.time = 25ms (default)
2019-09-16 19:11:21,180 [30fc0d14-cbc7-4743-b48a-59ef39c48768@group-1803532E2C8E:LeaderElection19] INFO  server.RaftServerConfigKeys (ConfUtils.java:logGet(43)) - raft.server.write.element-limit = 4096 (default)
2019-09-16 19:11:21,180 [30fc0d14-cbc7-4743-b48a-59ef39c48768@group-1803532E2C8E:LeaderElection19] INFO  server.RaftServerConfigKeys (ConfUtils.java:logGet(43)) - raft.server.watch.timeout = 10s (default)
2019-09-16 19:11:21,181 [30fc0d14-cbc7-4743-b48a-59ef39c48768@group-1803532E2C8E:LeaderElection19] INFO  server.RaftServerConfigKeys (ConfUtils.java:logGet(43)) - raft.server.watch.timeout.denomination = 1s (default)
2019-09-16 19:11:21,181 [30fc0d14-cbc7-4743-b48a-59ef39c48768@group-1803532E2C8E:LeaderElection19] INFO  server.RaftServerConfigKeys (ConfUtils.java:logGet(43)) - raft.server.watch.element-limit = 65536 (default)
2019-09-16 19:11:21,186 [30fc0d14-cbc7-4743-b48a-59ef39c48768@group-1803532E2C8E:LeaderElection19] INFO  impl.RoleInfo (RoleInfo.java:updateAndGet(143)) - 30fc0d14-cbc7-4743-b48a-59ef39c48768: start LeaderState
2019-09-16 19:11:21,186 [30fc0d14-cbc7-4743-b48a-59ef39c48768@group-1803532E2C8E:LeaderElection19] INFO  segmented.SegmentedRaftLogWorker (SegmentedRaftLogWorker.java:startLogSegment(380)) - 30fc0d14-cbc7-4743-b48a-59ef39c48768@group-1803532E2C8E-SegmentedRaftLogWorker: Starting segment from index:0
2019-09-16 19:11:21,187 [30fc0d14-cbc7-4743-b48a-59ef39c48768@group-1803532E2C8E:LeaderElection19] INFO  impl.RaftServerImpl (ServerState.java:setRaftConf(354)) - 30fc0d14-cbc7-4743-b48a-59ef39c48768@group-1803532E2C8E: set configuration 0: [30fc0d14-cbc7-4743-b48a-59ef39c48768:192.168.34.56:45570], old=null at 0
2019-09-16 19:11:21,212 [grpc-default-executor-1] INFO  client.GrpcClientProtocolClient (GrpcClientProtocolClient.java:onNext(264)) - client-BCE00C819C68->4bce4e32-952c-4220-bcc9-22a10ce18ca8: receive RaftClientReply:client-BCE00C819C68->4bce4e32-952c-4220-bcc9-22a10ce18ca8@group-B5EFBA83B44C, cid=19, FAILED org.apache.ratis.protocol.NotLeaderException: Server 4bce4e32-952c-4220-bcc9-22a10ce18ca8@group-B5EFBA83B44C is not the leader, logIndex=0, commits[4bce4e32-952c-4220-bcc9-22a10ce18ca8:c-1]
2019-09-16 19:11:21,218 [30fc0d14-cbc7-4743-b48a-59ef39c48768@group-1803532E2C8E-SegmentedRaftLogWorker] INFO  segmented.SegmentedRaftLogWorker (SegmentedRaftLogWorker.java:execute(569)) - 30fc0d14-cbc7-4743-b48a-59ef39c48768@group-1803532E2C8E-SegmentedRaftLogWorker: created new log segment /workdir/hadoop-ozone/integration-test/target/test-dir/MiniOzoneClusterImpl-3fc8568e-3664-4be6-9c60-644bdcd1012a/datanode-2/data/ratis/d46123c3-0fef-42e2-8571-1803532e2c8e/current/log_inprogress_0
2019-09-16 19:11:21,864 [Thread-394] INFO  impl.FollowerState (FollowerState.java:run(106)) - 4eec4314-a089-48fe-8241-8a8066126e3f:group-C8C33BDD9912 changes to CANDIDATE, lastRpcTime:1006, electionTimeout:1006ms
2019-09-16 19:11:21,864 [Thread-394] INFO  impl.RoleInfo (RoleInfo.java:shutdownFollowerState(121)) - 4eec4314-a089-48fe-8241-8a8066126e3f: shutdown FollowerState
2019-09-16 19:11:21,864 [Thread-394] INFO  impl.RaftServerImpl (RaftServerImpl.java:setRole(174)) - 4eec4314-a089-48fe-8241-8a8066126e3f@group-C8C33BDD9912: changes role from  FOLLOWER to CANDIDATE at term 1 for changeToCandidate
2019-09-16 19:11:21,864 [Thread-394] INFO  impl.RoleInfo (RoleInfo.java:updateAndGet(143)) - 4eec4314-a089-48fe-8241-8a8066126e3f: start LeaderElection
2019-09-16 19:11:21,890 [4eec4314-a089-48fe-8241-8a8066126e3f@group-C8C33BDD9912:LeaderElection20] INFO  impl.LeaderElection (LeaderElection.java:askForVotes(182)) - 4eec4314-a089-48fe-8241-8a8066126e3f@group-C8C33BDD9912:LeaderElection20: begin an election at term 2 for -1: [52078b41-1f38-4037-a826-db5ef9cf1b82:192.168.34.56:44314, 30fc0d14-cbc7-4743-b48a-59ef39c48768:192.168.34.56:45570, 4eec4314-a089-48fe-8241-8a8066126e3f:192.168.34.56:36988], old=null
2019-09-16 19:11:21,894 [Thread-391] INFO  impl.FollowerState (FollowerState.java:run(106)) - 4bce4e32-952c-4220-bcc9-22a10ce18ca8:group-B5EFBA83B44C changes to CANDIDATE, lastRpcTime:1094, electionTimeout:1084ms
2019-09-16 19:11:21,903 [Thread-391] INFO  impl.RoleInfo (RoleInfo.java:shutdownFollowerState(121)) - 4bce4e32-952c-4220-bcc9-22a10ce18ca8: shutdown FollowerState
2019-09-16 19:11:21,903 [Thread-391] INFO  impl.RaftServerImpl (RaftServerImpl.java:setRole(174)) - 4bce4e32-952c-4220-bcc9-22a10ce18ca8@group-B5EFBA83B44C: changes role from  FOLLOWER to CANDIDATE at term 1 for changeToCandidate
2019-09-16 19:11:21,904 [Thread-391] INFO  impl.RoleInfo (RoleInfo.java:updateAndGet(143)) - 4bce4e32-952c-4220-bcc9-22a10ce18ca8: start LeaderElection
2019-09-16 19:11:21,904 [grpc-default-executor-1] INFO  impl.RaftServerImpl (RaftServerImpl.java:setRole(174)) - 30fc0d14-cbc7-4743-b48a-59ef39c48768@group-C8C33BDD9912: changes role from  FOLLOWER to FOLLOWER at term 2 for recognizeCandidate:4eec4314-a089-48fe-8241-8a8066126e3f
2019-09-16 19:11:21,904 [grpc-default-executor-0] INFO  impl.RaftServerImpl (RaftServerImpl.java:setRole(174)) - 52078b41-1f38-4037-a826-db5ef9cf1b82@group-C8C33BDD9912: changes role from  FOLLOWER to FOLLOWER at term 2 for recognizeCandidate:4eec4314-a089-48fe-8241-8a8066126e3f
2019-09-16 19:11:21,904 [grpc-default-executor-1] INFO  impl.RoleInfo (RoleInfo.java:shutdownFollowerState(121)) - 30fc0d14-cbc7-4743-b48a-59ef39c48768: shutdown FollowerState
2019-09-16 19:11:21,904 [grpc-default-executor-0] INFO  impl.RoleInfo (RoleInfo.java:shutdownFollowerState(121)) - 52078b41-1f38-4037-a826-db5ef9cf1b82: shutdown FollowerState
2019-09-16 19:11:21,905 [grpc-default-executor-1] INFO  impl.RoleInfo (RoleInfo.java:updateAndGet(143)) - 30fc0d14-cbc7-4743-b48a-59ef39c48768: start FollowerState
2019-09-16 19:11:21,905 [grpc-default-executor-0] INFO  impl.RoleInfo (RoleInfo.java:updateAndGet(143)) - 52078b41-1f38-4037-a826-db5ef9cf1b82: start FollowerState
2019-09-16 19:11:21,905 [Thread-398] INFO  impl.FollowerState (FollowerState.java:run(115)) - 52078b41-1f38-4037-a826-db5ef9cf1b82: FollowerState was interrupted: java.lang.InterruptedException: sleep interrupted
2019-09-16 19:11:21,905 [Thread-392] INFO  impl.FollowerState (FollowerState.java:run(115)) - 30fc0d14-cbc7-4743-b48a-59ef39c48768: FollowerState was interrupted: java.lang.InterruptedException: sleep interrupted
2019-09-16 19:11:21,914 [4bce4e32-952c-4220-bcc9-22a10ce18ca8@group-B5EFBA83B44C:LeaderElection21] INFO  impl.LeaderElection (LeaderElection.java:askForVotes(182)) - 4bce4e32-952c-4220-bcc9-22a10ce18ca8@group-B5EFBA83B44C:LeaderElection21: begin an election at term 2 for -1: [4bce4e32-952c-4220-bcc9-22a10ce18ca8:192.168.34.56:34355, e0619aa3-4ba4-49c8-ac60-3d80bbb74aab:192.168.34.56:40045, 930b1328-fc80-47b7-a4b1-f8330041d315:192.168.34.56:46332], old=null
2019-09-16 19:11:21,916 [4eec4314-a089-48fe-8241-8a8066126e3f@group-C8C33BDD9912:LeaderElection20] INFO  impl.LeaderElection (LeaderElection.java:logAndReturn(56)) - 4eec4314-a089-48fe-8241-8a8066126e3f@group-C8C33BDD9912:LeaderElection20: Election PASSED; received 1 response(s) [4eec4314-a089-48fe-8241-8a8066126e3f<-30fc0d14-cbc7-4743-b48a-59ef39c48768#0:OK-t2] and 0 exception(s); 4eec4314-a089-48fe-8241-8a8066126e3f@group-C8C33BDD9912:t2, leader=null, voted=4eec4314-a089-48fe-8241-8a8066126e3f, raftlog=4eec4314-a089-48fe-8241-8a8066126e3f@group-C8C33BDD9912-SegmentedRaftLog:OPENED:c-1,f-1,i0, conf=-1: [52078b41-1f38-4037-a826-db5ef9cf1b82:192.168.34.56:44314, 30fc0d14-cbc7-4743-b48a-59ef39c48768:192.168.34.56:45570, 4eec4314-a089-48fe-8241-8a8066126e3f:192.168.34.56:36988], old=null
2019-09-16 19:11:21,916 [4eec4314-a089-48fe-8241-8a8066126e3f@group-C8C33BDD9912:LeaderElection20] INFO  impl.RoleInfo (RoleInfo.java:shutdownLeaderElection(134)) - 4eec4314-a089-48fe-8241-8a8066126e3f: shutdown LeaderElection
2019-09-16 19:11:21,916 [4eec4314-a089-48fe-8241-8a8066126e3f@group-C8C33BDD9912:LeaderElection20] INFO  impl.RaftServerImpl (RaftServerImpl.java:setRole(174)) - 4eec4314-a089-48fe-8241-8a8066126e3f@group-C8C33BDD9912: changes role from CANDIDATE to LEADER at term 2 for changeToLeader
2019-09-16 19:11:21,920 [Thread-395] INFO  impl.FollowerState (FollowerState.java:run(106)) - 938e50ce-7856-436b-8929-0e37f4d51388:group-550D69124986 changes to CANDIDATE, lastRpcTime:1058, electionTimeout:1052ms
2019-09-16 19:11:21,920 [4eec4314-a089-48fe-8241-8a8066126e3f@group-C8C33BDD9912:LeaderElection20] INFO  impl.RaftServerImpl (ServerState.java:setLeader(253)) - 4eec4314-a089-48fe-8241-8a8066126e3f@group-C8C33BDD9912: change Leader from null to 4eec4314-a089-48fe-8241-8a8066126e3f at term 2 for becomeLeader, leader elected after 2658ms
2019-09-16 19:11:21,922 [Thread-395] INFO  impl.RoleInfo (RoleInfo.java:shutdownFollowerState(121)) - 938e50ce-7856-436b-8929-0e37f4d51388: shutdown FollowerState
2019-09-16 19:11:21,923 [4eec4314-a089-48fe-8241-8a8066126e3f@group-C8C33BDD9912:LeaderElection20] INFO  server.RaftServerConfigKeys (ConfUtils.java:logGet(43)) - raft.server.staging.catchup.gap = 1000 (default)
2019-09-16 19:11:21,923 [Thread-395] INFO  impl.RaftServerImpl (RaftServerImpl.java:setRole(174)) - 938e50ce-7856-436b-8929-0e37f4d51388@group-550D69124986: changes role from  FOLLOWER to CANDIDATE at term 1 for changeToCandidate
2019-09-16 19:11:21,923 [4eec4314-a089-48fe-8241-8a8066126e3f@group-C8C33BDD9912:LeaderElection20] INFO  server.RaftServerConfigKeys (ConfUtils.java:logGet(43)) - raft.server.rpc.sleep.time = 25ms (default)
2019-09-16 19:11:21,923 [grpc-default-executor-1] INFO  impl.RaftServerImpl (RaftServerImpl.java:setRole(174)) - e0619aa3-4ba4-49c8-ac60-3d80bbb74aab@group-B5EFBA83B44C: changes role from  FOLLOWER to FOLLOWER at term 2 for recognizeCandidate:4bce4e32-952c-4220-bcc9-22a10ce18ca8
2019-09-16 19:11:21,926 [4eec4314-a089-48fe-8241-8a8066126e3f@group-C8C33BDD9912:LeaderElection20] INFO  server.RaftServerConfigKeys (ConfUtils.java:logGet(43)) - raft.server.write.element-limit = 4096 (default)
2019-09-16 19:11:21,926 [grpc-default-executor-0] INFO  impl.RaftServerImpl (RaftServerImpl.java:setRole(174)) - 930b1328-fc80-47b7-a4b1-f8330041d315@group-B5EFBA83B44C: changes role from  FOLLOWER to FOLLOWER at term 2 for recognizeCandidate:4bce4e32-952c-4220-bcc9-22a10ce18ca8
2019-09-16 19:11:21,923 [Thread-395] INFO  impl.RoleInfo (RoleInfo.java:updateAndGet(143)) - 938e50ce-7856-436b-8929-0e37f4d51388: start LeaderElection
2019-09-16 19:11:21,926 [grpc-default-executor-0] INFO  impl.RoleInfo (RoleInfo.java:shutdownFollowerState(121)) - 930b1328-fc80-47b7-a4b1-f8330041d315: shutdown FollowerState
2019-09-16 19:11:21,926 [4eec4314-a089-48fe-8241-8a8066126e3f@group-C8C33BDD9912:LeaderElection20] INFO  server.RaftServerConfigKeys (ConfUtils.java:logGet(43)) - raft.server.watch.timeout = 10s (default)
2019-09-16 19:11:21,926 [grpc-default-executor-1] INFO  impl.RoleInfo (RoleInfo.java:shutdownFollowerState(121)) - e0619aa3-4ba4-49c8-ac60-3d80bbb74aab: shutdown FollowerState
2019-09-16 19:11:21,927 [4eec4314-a089-48fe-8241-8a8066126e3f@group-C8C33BDD9912:LeaderElection20] INFO  server.RaftServerConfigKeys (ConfUtils.java:logGet(43)) - raft.server.watch.timeout.denomination = 1s (default)
2019-09-16 19:11:21,927 [Thread-390] INFO  impl.FollowerState (FollowerState.java:run(115)) - e0619aa3-4ba4-49c8-ac60-3d80bbb74aab: FollowerState was interrupted: java.lang.InterruptedException: sleep interrupted
2019-09-16 19:11:21,927 [Thread-393] INFO  impl.FollowerState (FollowerState.java:run(115)) - 930b1328-fc80-47b7-a4b1-f8330041d315: FollowerState was interrupted: java.lang.InterruptedException: sleep interrupted
2019-09-16 19:11:21,927 [grpc-default-executor-0] INFO  impl.RoleInfo (RoleInfo.java:updateAndGet(143)) - 930b1328-fc80-47b7-a4b1-f8330041d315: start FollowerState
2019-09-16 19:11:21,927 [4eec4314-a089-48fe-8241-8a8066126e3f@group-C8C33BDD9912:LeaderElection20] INFO  server.RaftServerConfigKeys (ConfUtils.java:logGet(43)) - raft.server.watch.element-limit = 65536 (default)
2019-09-16 19:11:21,927 [grpc-default-executor-1] INFO  impl.RoleInfo (RoleInfo.java:updateAndGet(143)) - e0619aa3-4ba4-49c8-ac60-3d80bbb74aab: start FollowerState
2019-09-16 19:11:21,933 [4eec4314-a089-48fe-8241-8a8066126e3f@group-C8C33BDD9912:LeaderElection20] INFO  server.RaftServerConfigKeys (ConfUtils.java:logGet(43)) - raft.server.log.appender.snapshot.chunk.size.max = 16MB (=16777216) (default)
2019-09-16 19:11:21,934 [4eec4314-a089-48fe-8241-8a8066126e3f@group-C8C33BDD9912:LeaderElection20] INFO  server.RaftServerConfigKeys (ConfUtils.java:logGet(43)) - raft.server.log.appender.buffer.byte-limit = 33554432 (custom)
2019-09-16 19:11:21,934 [4eec4314-a089-48fe-8241-8a8066126e3f@group-C8C33BDD9912:LeaderElection20] INFO  server.RaftServerConfigKeys (ConfUtils.java:logGet(43)) - raft.server.log.appender.buffer.element-limit = 1 (custom)
2019-09-16 19:11:21,939 [4eec4314-a089-48fe-8241-8a8066126e3f@group-C8C33BDD9912:LeaderElection20] INFO  grpc.GrpcConfigKeys$Server (ConfUtils.java:logGet(43)) - raft.grpc.server.leader.outstanding.appends.max = 128 (default)
2019-09-16 19:11:21,941 [938e50ce-7856-436b-8929-0e37f4d51388@group-550D69124986:LeaderElection22] INFO  impl.LeaderElection (LeaderElection.java:askForVotes(182)) - 938e50ce-7856-436b-8929-0e37f4d51388@group-550D69124986:LeaderElection22: begin an election at term 2 for -1: [938e50ce-7856-436b-8929-0e37f4d51388:192.168.34.56:36082, 4773b317-5b37-4901-9e93-e460a24d1141:192.168.34.56:46271, 6abcef3f-3f35-471a-9739-1d418d62cada:192.168.34.56:34284], old=null
2019-09-16 19:11:21,941 [4eec4314-a089-48fe-8241-8a8066126e3f@group-C8C33BDD9912:LeaderElection20] INFO  server.RaftServerConfigKeys (ConfUtils.java:logGet(43)) - raft.server.rpc.request.timeout = 3000ms (default)
2019-09-16 19:11:21,942 [4eec4314-a089-48fe-8241-8a8066126e3f@group-C8C33BDD9912:LeaderElection20] INFO  server.RaftServerConfigKeys (ConfUtils.java:logGet(43)) - raft.server.log.appender.install.snapshot.enabled = false (custom)
2019-09-16 19:11:21,943 [4eec4314-a089-48fe-8241-8a8066126e3f@group-C8C33BDD9912:LeaderElection20] INFO  server.RaftServerConfigKeys (ConfUtils.java:logGet(43)) - raft.server.log.appender.snapshot.chunk.size.max = 16MB (=16777216) (default)
2019-09-16 19:11:21,943 [4eec4314-a089-48fe-8241-8a8066126e3f@group-C8C33BDD9912:LeaderElection20] INFO  server.RaftServerConfigKeys (ConfUtils.java:logGet(43)) - raft.server.log.appender.buffer.byte-limit = 33554432 (custom)
2019-09-16 19:11:21,943 [4eec4314-a089-48fe-8241-8a8066126e3f@group-C8C33BDD9912:LeaderElection20] INFO  server.RaftServerConfigKeys (ConfUtils.java:logGet(43)) - raft.server.log.appender.buffer.element-limit = 1 (custom)
2019-09-16 19:11:21,943 [4bce4e32-952c-4220-bcc9-22a10ce18ca8@group-B5EFBA83B44C:LeaderElection21] INFO  impl.LeaderElection (LeaderElection.java:logAndReturn(56)) - 4bce4e32-952c-4220-bcc9-22a10ce18ca8@group-B5EFBA83B44C:LeaderElection21: Election PASSED; received 1 response(s) [4bce4e32-952c-4220-bcc9-22a10ce18ca8<-e0619aa3-4ba4-49c8-ac60-3d80bbb74aab#0:OK-t2] and 0 exception(s); 4bce4e32-952c-4220-bcc9-22a10ce18ca8@group-B5EFBA83B44C:t2, leader=null, voted=4bce4e32-952c-4220-bcc9-22a10ce18ca8, raftlog=4bce4e32-952c-4220-bcc9-22a10ce18ca8@group-B5EFBA83B44C-SegmentedRaftLog:OPENED:c-1,f-1,i0, conf=-1: [4bce4e32-952c-4220-bcc9-22a10ce18ca8:192.168.34.56:34355, e0619aa3-4ba4-49c8-ac60-3d80bbb74aab:192.168.34.56:40045, 930b1328-fc80-47b7-a4b1-f8330041d315:192.168.34.56:46332], old=null
2019-09-16 19:11:21,944 [4eec4314-a089-48fe-8241-8a8066126e3f@group-C8C33BDD9912:LeaderElection20] INFO  grpc.GrpcConfigKeys$Server (ConfUtils.java:logGet(43)) - raft.grpc.server.leader.outstanding.appends.max = 128 (default)
2019-09-16 19:11:21,944 [4bce4e32-952c-4220-bcc9-22a10ce18ca8@group-B5EFBA83B44C:LeaderElection21] INFO  impl.RoleInfo (RoleInfo.java:shutdownLeaderElection(134)) - 4bce4e32-952c-4220-bcc9-22a10ce18ca8: shutdown LeaderElection
2019-09-16 19:11:21,949 [4eec4314-a089-48fe-8241-8a8066126e3f@group-C8C33BDD9912:LeaderElection20] INFO  server.RaftServerConfigKeys (ConfUtils.java:logGet(43)) - raft.server.rpc.request.timeout = 3000ms (default)
2019-09-16 19:11:21,949 [4bce4e32-952c-4220-bcc9-22a10ce18ca8@group-B5EFBA83B44C:LeaderElection21] INFO  impl.RaftServerImpl (RaftServerImpl.java:setRole(174)) - 4bce4e32-952c-4220-bcc9-22a10ce18ca8@group-B5EFBA83B44C: changes role from CANDIDATE to LEADER at term 2 for changeToLeader
2019-09-16 19:11:21,953 [4bce4e32-952c-4220-bcc9-22a10ce18ca8@group-B5EFBA83B44C:LeaderElection21] INFO  impl.RaftServerImpl (ServerState.java:setLeader(253)) - 4bce4e32-952c-4220-bcc9-22a10ce18ca8@group-B5EFBA83B44C: change Leader from null to 4bce4e32-952c-4220-bcc9-22a10ce18ca8 at term 2 for becomeLeader, leader elected after 2817ms
2019-09-16 19:11:21,950 [4eec4314-a089-48fe-8241-8a8066126e3f@group-C8C33BDD9912:LeaderElection20] INFO  server.RaftServerConfigKeys (ConfUtils.java:logGet(43)) - raft.server.log.appender.install.snapshot.enabled = false (custom)
2019-09-16 19:11:21,953 [4bce4e32-952c-4220-bcc9-22a10ce18ca8@group-B5EFBA83B44C:LeaderElection21] INFO  server.RaftServerConfigKeys (ConfUtils.java:logGet(43)) - raft.server.staging.catchup.gap = 1000 (default)
2019-09-16 19:11:21,953 [4bce4e32-952c-4220-bcc9-22a10ce18ca8@group-B5EFBA83B44C:LeaderElection21] INFO  server.RaftServerConfigKeys (ConfUtils.java:logGet(43)) - raft.server.rpc.sleep.time = 25ms (default)
2019-09-16 19:11:21,954 [grpc-default-executor-0] INFO  impl.RaftServerImpl (RaftServerImpl.java:setRole(174)) - 6abcef3f-3f35-471a-9739-1d418d62cada@group-550D69124986: changes role from  FOLLOWER to FOLLOWER at term 2 for recognizeCandidate:938e50ce-7856-436b-8929-0e37f4d51388
2019-09-16 19:11:21,954 [4bce4e32-952c-4220-bcc9-22a10ce18ca8@group-B5EFBA83B44C:LeaderElection21] INFO  server.RaftServerConfigKeys (ConfUtils.java:logGet(43)) - raft.server.write.element-limit = 4096 (default)
2019-09-16 19:11:21,954 [grpc-default-executor-0] INFO  impl.RoleInfo (RoleInfo.java:shutdownFollowerState(121)) - 6abcef3f-3f35-471a-9739-1d418d62cada: shutdown FollowerState
2019-09-16 19:11:21,954 [4bce4e32-952c-4220-bcc9-22a10ce18ca8@group-B5EFBA83B44C:LeaderElection21] INFO  server.RaftServerConfigKeys (ConfUtils.java:logGet(43)) - raft.server.watch.timeout = 10s (default)
2019-09-16 19:11:21,954 [grpc-default-executor-0] INFO  impl.RoleInfo (RoleInfo.java:updateAndGet(143)) - 6abcef3f-3f35-471a-9739-1d418d62cada: start FollowerState
2019-09-16 19:11:21,954 [Thread-397] INFO  impl.FollowerState (FollowerState.java:run(115)) - 6abcef3f-3f35-471a-9739-1d418d62cada: FollowerState was interrupted: java.lang.InterruptedException: sleep interrupted
2019-09-16 19:11:21,954 [4bce4e32-952c-4220-bcc9-22a10ce18ca8@group-B5EFBA83B44C:LeaderElection21] INFO  server.RaftServerConfigKeys (ConfUtils.java:logGet(43)) - raft.server.watch.timeout.denomination = 1s (default)
2019-09-16 19:11:21,955 [grpc-default-executor-1] INFO  impl.RaftServerImpl (RaftServerImpl.java:setRole(174)) - 4773b317-5b37-4901-9e93-e460a24d1141@group-550D69124986: changes role from  FOLLOWER to FOLLOWER at term 2 for recognizeCandidate:938e50ce-7856-436b-8929-0e37f4d51388
2019-09-16 19:11:21,955 [4eec4314-a089-48fe-8241-8a8066126e3f@group-C8C33BDD9912:LeaderElection20] INFO  impl.RoleInfo (RoleInfo.java:updateAndGet(143)) - 4eec4314-a089-48fe-8241-8a8066126e3f: start LeaderState
2019-09-16 19:11:21,955 [4bce4e32-952c-4220-bcc9-22a10ce18ca8@group-B5EFBA83B44C:LeaderElection21] INFO  server.RaftServerConfigKeys (ConfUtils.java:logGet(43)) - raft.server.watch.element-limit = 65536 (default)
2019-09-16 19:11:21,955 [4eec4314-a089-48fe-8241-8a8066126e3f@group-C8C33BDD9912:LeaderElection20] INFO  segmented.SegmentedRaftLogWorker (SegmentedRaftLogWorker.java:startLogSegment(380)) - 4eec4314-a089-48fe-8241-8a8066126e3f@group-C8C33BDD9912-SegmentedRaftLogWorker: Starting segment from index:0
2019-09-16 19:11:21,955 [grpc-default-executor-1] INFO  impl.RoleInfo (RoleInfo.java:shutdownFollowerState(121)) - 4773b317-5b37-4901-9e93-e460a24d1141: shutdown FollowerState
2019-09-16 19:11:21,956 [Thread-396] INFO  impl.FollowerState (FollowerState.java:run(115)) - 4773b317-5b37-4901-9e93-e460a24d1141: FollowerState was interrupted: java.lang.InterruptedException: sleep interrupted
2019-09-16 19:11:21,956 [grpc-default-executor-1] INFO  impl.RoleInfo (RoleInfo.java:updateAndGet(143)) - 4773b317-5b37-4901-9e93-e460a24d1141: start FollowerState
2019-09-16 19:11:21,956 [4eec4314-a089-48fe-8241-8a8066126e3f@group-C8C33BDD9912:LeaderElection20] INFO  impl.RaftServerImpl (ServerState.java:setRaftConf(354)) - 4eec4314-a089-48fe-8241-8a8066126e3f@group-C8C33BDD9912: set configuration 0: [52078b41-1f38-4037-a826-db5ef9cf1b82:192.168.34.56:44314, 30fc0d14-cbc7-4743-b48a-59ef39c48768:192.168.34.56:45570, 4eec4314-a089-48fe-8241-8a8066126e3f:192.168.34.56:36988], old=null at 0
2019-09-16 19:11:21,989 [938e50ce-7856-436b-8929-0e37f4d51388@group-550D69124986:LeaderElection22] INFO  impl.LeaderElection (LeaderElection.java:logAndReturn(56)) - 938e50ce-7856-436b-8929-0e37f4d51388@group-550D69124986:LeaderElection22: Election PASSED; received 1 response(s) [938e50ce-7856-436b-8929-0e37f4d51388<-6abcef3f-3f35-471a-9739-1d418d62cada#0:OK-t2] and 0 exception(s); 938e50ce-7856-436b-8929-0e37f4d51388@group-550D69124986:t2, leader=null, voted=938e50ce-7856-436b-8929-0e37f4d51388, raftlog=938e50ce-7856-436b-8929-0e37f4d51388@group-550D69124986-SegmentedRaftLog:OPENED:c-1,f-1,i0, conf=-1: [938e50ce-7856-436b-8929-0e37f4d51388:192.168.34.56:36082, 4773b317-5b37-4901-9e93-e460a24d1141:192.168.34.56:46271, 6abcef3f-3f35-471a-9739-1d418d62cada:192.168.34.56:34284], old=null
2019-09-16 19:11:21,989 [938e50ce-7856-436b-8929-0e37f4d51388@group-550D69124986:LeaderElection22] INFO  impl.RoleInfo (RoleInfo.java:shutdownLeaderElection(134)) - 938e50ce-7856-436b-8929-0e37f4d51388: shutdown LeaderElection
2019-09-16 19:11:21,989 [4bce4e32-952c-4220-bcc9-22a10ce18ca8@group-B5EFBA83B44C:LeaderElection21] INFO  server.RaftServerConfigKeys (ConfUtils.java:logGet(43)) - raft.server.log.appender.snapshot.chunk.size.max = 16MB (=16777216) (default)
2019-09-16 19:11:21,997 [938e50ce-7856-436b-8929-0e37f4d51388@group-550D69124986:LeaderElection22] INFO  impl.RaftServerImpl (RaftServerImpl.java:setRole(174)) - 938e50ce-7856-436b-8929-0e37f4d51388@group-550D69124986: changes role from CANDIDATE to LEADER at term 2 for changeToLeader
2019-09-16 19:11:21,997 [4bce4e32-952c-4220-bcc9-22a10ce18ca8@group-B5EFBA83B44C:LeaderElection21] INFO  server.RaftServerConfigKeys (ConfUtils.java:logGet(43)) - raft.server.log.appender.buffer.byte-limit = 33554432 (custom)
2019-09-16 19:11:21,997 [938e50ce-7856-436b-8929-0e37f4d51388@group-550D69124986:LeaderElection22] INFO  impl.RaftServerImpl (ServerState.java:setLeader(253)) - 938e50ce-7856-436b-8929-0e37f4d51388@group-550D69124986: change Leader from null to 938e50ce-7856-436b-8929-0e37f4d51388 at term 2 for becomeLeader, leader elected after 2622ms
2019-09-16 19:11:21,997 [4bce4e32-952c-4220-bcc9-22a10ce18ca8@group-B5EFBA83B44C:LeaderElection21] INFO  server.RaftServerConfigKeys (ConfUtils.java:logGet(43)) - raft.server.log.appender.buffer.element-limit = 1 (custom)
2019-09-16 19:11:21,998 [938e50ce-7856-436b-8929-0e37f4d51388@group-550D69124986:LeaderElection22] INFO  server.RaftServerConfigKeys (ConfUtils.java:logGet(43)) - raft.server.staging.catchup.gap = 1000 (default)
2019-09-16 19:11:21,998 [4bce4e32-952c-4220-bcc9-22a10ce18ca8@group-B5EFBA83B44C:LeaderElection21] INFO  grpc.GrpcConfigKeys$Server (ConfUtils.java:logGet(43)) - raft.grpc.server.leader.outstanding.appends.max = 128 (default)
2019-09-16 19:11:21,998 [938e50ce-7856-436b-8929-0e37f4d51388@group-550D69124986:LeaderElection22] INFO  server.RaftServerConfigKeys (ConfUtils.java:logGet(43)) - raft.server.rpc.sleep.time = 25ms (default)
2019-09-16 19:11:21,999 [4bce4e32-952c-4220-bcc9-22a10ce18ca8@group-B5EFBA83B44C:LeaderElection21] INFO  server.RaftServerConfigKeys (ConfUtils.java:logGet(43)) - raft.server.rpc.request.timeout = 3000ms (default)
2019-09-16 19:11:21,998 [4eec4314-a089-48fe-8241-8a8066126e3f@group-C8C33BDD9912-SegmentedRaftLogWorker] INFO  segmented.SegmentedRaftLogWorker (SegmentedRaftLogWorker.java:execute(569)) - 4eec4314-a089-48fe-8241-8a8066126e3f@group-C8C33BDD9912-SegmentedRaftLogWorker: created new log segment /workdir/hadoop-ozone/integration-test/target/test-dir/MiniOzoneClusterImpl-3fc8568e-3664-4be6-9c60-644bdcd1012a/datanode-7/data/ratis/21907c1c-dbc7-4108-aded-c8c33bdd9912/current/log_inprogress_0
2019-09-16 19:11:21,999 [4bce4e32-952c-4220-bcc9-22a10ce18ca8@group-B5EFBA83B44C:LeaderElection21] INFO  server.RaftServerConfigKeys (ConfUtils.java:logGet(43)) - raft.server.log.appender.install.snapshot.enabled = false (custom)
2019-09-16 19:11:21,999 [938e50ce-7856-436b-8929-0e37f4d51388@group-550D69124986:LeaderElection22] INFO  server.RaftServerConfigKeys (ConfUtils.java:logGet(43)) - raft.server.write.element-limit = 4096 (default)
2019-09-16 19:11:21,999 [4bce4e32-952c-4220-bcc9-22a10ce18ca8@group-B5EFBA83B44C:LeaderElection21] INFO  server.RaftServerConfigKeys (ConfUtils.java:logGet(43)) - raft.server.log.appender.snapshot.chunk.size.max = 16MB (=16777216) (default)
2019-09-16 19:11:22,000 [938e50ce-7856-436b-8929-0e37f4d51388@group-550D69124986:LeaderElection22] INFO  server.RaftServerConfigKeys (ConfUtils.java:logGet(43)) - raft.server.watch.timeout = 10s (default)
2019-09-16 19:11:22,000 [4bce4e32-952c-4220-bcc9-22a10ce18ca8@group-B5EFBA83B44C:LeaderElection21] INFO  server.RaftServerConfigKeys (ConfUtils.java:logGet(43)) - raft.server.log.appender.buffer.byte-limit = 33554432 (custom)
2019-09-16 19:11:22,000 [938e50ce-7856-436b-8929-0e37f4d51388@group-550D69124986:LeaderElection22] INFO  server.RaftServerConfigKeys (ConfUtils.java:logGet(43)) - raft.server.watch.timeout.denomination = 1s (default)
2019-09-16 19:11:22,003 [4bce4e32-952c-4220-bcc9-22a10ce18ca8@group-B5EFBA83B44C:LeaderElection21] INFO  server.RaftServerConfigKeys (ConfUtils.java:logGet(43)) - raft.server.log.appender.buffer.element-limit = 1 (custom)
2019-09-16 19:11:22,004 [938e50ce-7856-436b-8929-0e37f4d51388@group-550D69124986:LeaderElection22] INFO  server.RaftServerConfigKeys (ConfUtils.java:logGet(43)) - raft.server.watch.element-limit = 65536 (default)
2019-09-16 19:11:22,004 [4bce4e32-952c-4220-bcc9-22a10ce18ca8@group-B5EFBA83B44C:LeaderElection21] INFO  grpc.GrpcConfigKeys$Server (ConfUtils.java:logGet(43)) - raft.grpc.server.leader.outstanding.appends.max = 128 (default)
2019-09-16 19:11:22,004 [4bce4e32-952c-4220-bcc9-22a10ce18ca8@group-B5EFBA83B44C:LeaderElection21] INFO  server.RaftServerConfigKeys (ConfUtils.java:logGet(43)) - raft.server.rpc.request.timeout = 3000ms (default)
2019-09-16 19:11:22,005 [4bce4e32-952c-4220-bcc9-22a10ce18ca8@group-B5EFBA83B44C:LeaderElection21] INFO  server.RaftServerConfigKeys (ConfUtils.java:logGet(43)) - raft.server.log.appender.install.snapshot.enabled = false (custom)
2019-09-16 19:11:22,005 [4bce4e32-952c-4220-bcc9-22a10ce18ca8@group-B5EFBA83B44C:LeaderElection21] INFO  impl.RoleInfo (RoleInfo.java:updateAndGet(143)) - 4bce4e32-952c-4220-bcc9-22a10ce18ca8: start LeaderState
2019-09-16 19:11:22,006 [4bce4e32-952c-4220-bcc9-22a10ce18ca8@group-B5EFBA83B44C:LeaderElection21] INFO  segmented.SegmentedRaftLogWorker (SegmentedRaftLogWorker.java:startLogSegment(380)) - 4bce4e32-952c-4220-bcc9-22a10ce18ca8@group-B5EFBA83B44C-SegmentedRaftLogWorker: Starting segment from index:0
2019-09-16 19:11:22,007 [4bce4e32-952c-4220-bcc9-22a10ce18ca8@group-B5EFBA83B44C:LeaderElection21] INFO  impl.RaftServerImpl (ServerState.java:setRaftConf(354)) - 4bce4e32-952c-4220-bcc9-22a10ce18ca8@group-B5EFBA83B44C: set configuration 0: [4bce4e32-952c-4220-bcc9-22a10ce18ca8:192.168.34.56:34355, e0619aa3-4ba4-49c8-ac60-3d80bbb74aab:192.168.34.56:40045, 930b1328-fc80-47b7-a4b1-f8330041d315:192.168.34.56:46332], old=null at 0
2019-09-16 19:11:22,039 [938e50ce-7856-436b-8929-0e37f4d51388@group-550D69124986:LeaderElection22] INFO  server.RaftServerConfigKeys (ConfUtils.java:logGet(43)) - raft.server.log.appender.snapshot.chunk.size.max = 16MB (=16777216) (default)
2019-09-16 19:11:22,039 [938e50ce-7856-436b-8929-0e37f4d51388@group-550D69124986:LeaderElection22] INFO  server.RaftServerConfigKeys (ConfUtils.java:logGet(43)) - raft.server.log.appender.buffer.byte-limit = 33554432 (custom)
2019-09-16 19:11:22,039 [938e50ce-7856-436b-8929-0e37f4d51388@group-550D69124986:LeaderElection22] INFO  server.RaftServerConfigKeys (ConfUtils.java:logGet(43)) - raft.server.log.appender.buffer.element-limit = 1 (custom)
2019-09-16 19:11:22,040 [938e50ce-7856-436b-8929-0e37f4d51388@group-550D69124986:LeaderElection22] INFO  grpc.GrpcConfigKeys$Server (ConfUtils.java:logGet(43)) - raft.grpc.server.leader.outstanding.appends.max = 128 (default)
2019-09-16 19:11:22,040 [938e50ce-7856-436b-8929-0e37f4d51388@group-550D69124986:LeaderElection22] INFO  server.RaftServerConfigKeys (ConfUtils.java:logGet(43)) - raft.server.rpc.request.timeout = 3000ms (default)
2019-09-16 19:11:22,040 [938e50ce-7856-436b-8929-0e37f4d51388@group-550D69124986:LeaderElection22] INFO  server.RaftServerConfigKeys (ConfUtils.java:logGet(43)) - raft.server.log.appender.install.snapshot.enabled = false (custom)
2019-09-16 19:11:22,041 [938e50ce-7856-436b-8929-0e37f4d51388@group-550D69124986:LeaderElection22] INFO  server.RaftServerConfigKeys (ConfUtils.java:logGet(43)) - raft.server.log.appender.snapshot.chunk.size.max = 16MB (=16777216) (default)
2019-09-16 19:11:22,041 [938e50ce-7856-436b-8929-0e37f4d51388@group-550D69124986:LeaderElection22] INFO  server.RaftServerConfigKeys (ConfUtils.java:logGet(43)) - raft.server.log.appender.buffer.byte-limit = 33554432 (custom)
2019-09-16 19:11:22,041 [938e50ce-7856-436b-8929-0e37f4d51388@group-550D69124986:LeaderElection22] INFO  server.RaftServerConfigKeys (ConfUtils.java:logGet(43)) - raft.server.log.appender.buffer.element-limit = 1 (custom)
2019-09-16 19:11:22,041 [938e50ce-7856-436b-8929-0e37f4d51388@group-550D69124986:LeaderElection22] INFO  grpc.GrpcConfigKeys$Server (ConfUtils.java:logGet(43)) - raft.grpc.server.leader.outstanding.appends.max = 128 (default)
2019-09-16 19:11:22,042 [938e50ce-7856-436b-8929-0e37f4d51388@group-550D69124986:LeaderElection22] INFO  server.RaftServerConfigKeys (ConfUtils.java:logGet(43)) - raft.server.rpc.request.timeout = 3000ms (default)
2019-09-16 19:11:22,042 [938e50ce-7856-436b-8929-0e37f4d51388@group-550D69124986:LeaderElection22] INFO  server.RaftServerConfigKeys (ConfUtils.java:logGet(43)) - raft.server.log.appender.install.snapshot.enabled = false (custom)
2019-09-16 19:11:22,042 [938e50ce-7856-436b-8929-0e37f4d51388@group-550D69124986:LeaderElection22] INFO  impl.RoleInfo (RoleInfo.java:updateAndGet(143)) - 938e50ce-7856-436b-8929-0e37f4d51388: start LeaderState
2019-09-16 19:11:22,046 [938e50ce-7856-436b-8929-0e37f4d51388@group-550D69124986:LeaderElection22] INFO  segmented.SegmentedRaftLogWorker (SegmentedRaftLogWorker.java:startLogSegment(380)) - 938e50ce-7856-436b-8929-0e37f4d51388@group-550D69124986-SegmentedRaftLogWorker: Starting segment from index:0
2019-09-16 19:11:22,089 [4bce4e32-952c-4220-bcc9-22a10ce18ca8@group-B5EFBA83B44C-SegmentedRaftLogWorker] INFO  segmented.SegmentedRaftLogWorker (SegmentedRaftLogWorker.java:execute(569)) - 4bce4e32-952c-4220-bcc9-22a10ce18ca8@group-B5EFBA83B44C-SegmentedRaftLogWorker: created new log segment /workdir/hadoop-ozone/integration-test/target/test-dir/MiniOzoneClusterImpl-3fc8568e-3664-4be6-9c60-644bdcd1012a/datanode-5/data/ratis/108ab3b2-2db4-495b-b8c8-b5efba83b44c/current/log_inprogress_0
2019-09-16 19:11:22,089 [938e50ce-7856-436b-8929-0e37f4d51388@group-550D69124986:LeaderElection22] INFO  impl.RaftServerImpl (ServerState.java:setRaftConf(354)) - 938e50ce-7856-436b-8929-0e37f4d51388@group-550D69124986: set configuration 0: [938e50ce-7856-436b-8929-0e37f4d51388:192.168.34.56:36082, 4773b317-5b37-4901-9e93-e460a24d1141:192.168.34.56:46271, 6abcef3f-3f35-471a-9739-1d418d62cada:192.168.34.56:34284], old=null at 0
2019-09-16 19:11:22,089 [grpc-default-executor-0] INFO  impl.RaftServerImpl (ServerState.java:setLeader(253)) - 52078b41-1f38-4037-a826-db5ef9cf1b82@group-C8C33BDD9912: change Leader from null to 4eec4314-a089-48fe-8241-8a8066126e3f at term 2 for appendEntries, leader elected after 2827ms
2019-09-16 19:11:22,093 [grpc-default-executor-1] INFO  impl.RaftServerImpl (ServerState.java:setLeader(253)) - e0619aa3-4ba4-49c8-ac60-3d80bbb74aab@group-B5EFBA83B44C: change Leader from null to 4bce4e32-952c-4220-bcc9-22a10ce18ca8 at term 2 for appendEntries, leader elected after 2957ms
2019-09-16 19:11:22,093 [grpc-default-executor-5] INFO  impl.RaftServerImpl (ServerState.java:setLeader(253)) - 30fc0d14-cbc7-4743-b48a-59ef39c48768@group-C8C33BDD9912: change Leader from null to 4eec4314-a089-48fe-8241-8a8066126e3f at term 2 for appendEntries, leader elected after 2831ms
2019-09-16 19:11:22,093 [grpc-default-executor-4] INFO  impl.RaftServerImpl (ServerState.java:setLeader(253)) - 930b1328-fc80-47b7-a4b1-f8330041d315@group-B5EFBA83B44C: change Leader from null to 4bce4e32-952c-4220-bcc9-22a10ce18ca8 at term 2 for appendEntries, leader elected after 2956ms
2019-09-16 19:11:22,095 [grpc-default-executor-2] INFO  impl.RaftServerImpl (ServerState.java:setLeader(253)) - 4773b317-5b37-4901-9e93-e460a24d1141@group-550D69124986: change Leader from null to 938e50ce-7856-436b-8929-0e37f4d51388 at term 2 for appendEntries, leader elected after 2720ms
2019-09-16 19:11:22,096 [grpc-default-executor-6] INFO  impl.RaftServerImpl (ServerState.java:setLeader(253)) - 6abcef3f-3f35-471a-9739-1d418d62cada@group-550D69124986: change Leader from null to 938e50ce-7856-436b-8929-0e37f4d51388 at term 2 for appendEntries, leader elected after 2720ms
2019-09-16 19:11:22,104 [938e50ce-7856-436b-8929-0e37f4d51388@group-550D69124986-SegmentedRaftLogWorker] INFO  segmented.SegmentedRaftLogWorker (SegmentedRaftLogWorker.java:execute(569)) - 938e50ce-7856-436b-8929-0e37f4d51388@group-550D69124986-SegmentedRaftLogWorker: created new log segment /workdir/hadoop-ozone/integration-test/target/test-dir/MiniOzoneClusterImpl-3fc8568e-3664-4be6-9c60-644bdcd1012a/datanode-4/data/ratis/1838df1b-d707-47e0-ae27-550d69124986/current/log_inprogress_0
2019-09-16 19:11:22,140 [grpc-default-executor-0] INFO  impl.RaftServerImpl (ServerState.java:setRaftConf(354)) - 930b1328-fc80-47b7-a4b1-f8330041d315@group-B5EFBA83B44C: set configuration 0: [4bce4e32-952c-4220-bcc9-22a10ce18ca8:192.168.34.56:34355, e0619aa3-4ba4-49c8-ac60-3d80bbb74aab:192.168.34.56:40045, 930b1328-fc80-47b7-a4b1-f8330041d315:192.168.34.56:46332], old=null at 0
2019-09-16 19:11:22,140 [grpc-default-executor-1] INFO  impl.RaftServerImpl (ServerState.java:setRaftConf(354)) - e0619aa3-4ba4-49c8-ac60-3d80bbb74aab@group-B5EFBA83B44C: set configuration 0: [4bce4e32-952c-4220-bcc9-22a10ce18ca8:192.168.34.56:34355, e0619aa3-4ba4-49c8-ac60-3d80bbb74aab:192.168.34.56:40045, 930b1328-fc80-47b7-a4b1-f8330041d315:192.168.34.56:46332], old=null at 0
2019-09-16 19:11:22,140 [grpc-default-executor-0] INFO  segmented.SegmentedRaftLogWorker (SegmentedRaftLogWorker.java:startLogSegment(380)) - 930b1328-fc80-47b7-a4b1-f8330041d315@group-B5EFBA83B44C-SegmentedRaftLogWorker: Starting segment from index:0
2019-09-16 19:11:22,140 [grpc-default-executor-6] INFO  impl.RaftServerImpl (ServerState.java:setRaftConf(354)) - 6abcef3f-3f35-471a-9739-1d418d62cada@group-550D69124986: set configuration 0: [938e50ce-7856-436b-8929-0e37f4d51388:192.168.34.56:36082, 4773b317-5b37-4901-9e93-e460a24d1141:192.168.34.56:46271, 6abcef3f-3f35-471a-9739-1d418d62cada:192.168.34.56:34284], old=null at 0
2019-09-16 19:11:22,140 [grpc-default-executor-5] INFO  impl.RaftServerImpl (ServerState.java:setRaftConf(354)) - 4773b317-5b37-4901-9e93-e460a24d1141@group-550D69124986: set configuration 0: [938e50ce-7856-436b-8929-0e37f4d51388:192.168.34.56:36082, 4773b317-5b37-4901-9e93-e460a24d1141:192.168.34.56:46271, 6abcef3f-3f35-471a-9739-1d418d62cada:192.168.34.56:34284], old=null at 0
2019-09-16 19:11:22,140 [grpc-default-executor-4] INFO  impl.RaftServerImpl (ServerState.java:setRaftConf(354)) - 52078b41-1f38-4037-a826-db5ef9cf1b82@group-C8C33BDD9912: set configuration 0: [52078b41-1f38-4037-a826-db5ef9cf1b82:192.168.34.56:44314, 30fc0d14-cbc7-4743-b48a-59ef39c48768:192.168.34.56:45570, 4eec4314-a089-48fe-8241-8a8066126e3f:192.168.34.56:36988], old=null at 0
2019-09-16 19:11:22,140 [grpc-default-executor-2] INFO  impl.RaftServerImpl (ServerState.java:setRaftConf(354)) - 30fc0d14-cbc7-4743-b48a-59ef39c48768@group-C8C33BDD9912: set configuration 0: [52078b41-1f38-4037-a826-db5ef9cf1b82:192.168.34.56:44314, 30fc0d14-cbc7-4743-b48a-59ef39c48768:192.168.34.56:45570, 4eec4314-a089-48fe-8241-8a8066126e3f:192.168.34.56:36988], old=null at 0
2019-09-16 19:11:22,141 [grpc-default-executor-4] INFO  segmented.SegmentedRaftLogWorker (SegmentedRaftLogWorker.java:startLogSegment(380)) - 52078b41-1f38-4037-a826-db5ef9cf1b82@group-C8C33BDD9912-SegmentedRaftLogWorker: Starting segment from index:0
2019-09-16 19:11:22,141 [grpc-default-executor-5] INFO  segmented.SegmentedRaftLogWorker (SegmentedRaftLogWorker.java:startLogSegment(380)) - 4773b317-5b37-4901-9e93-e460a24d1141@group-550D69124986-SegmentedRaftLogWorker: Starting segment from index:0
2019-09-16 19:11:22,141 [grpc-default-executor-6] INFO  segmented.SegmentedRaftLogWorker (SegmentedRaftLogWorker.java:startLogSegment(380)) - 6abcef3f-3f35-471a-9739-1d418d62cada@group-550D69124986-SegmentedRaftLogWorker: Starting segment from index:0
2019-09-16 19:11:22,140 [grpc-default-executor-1] INFO  segmented.SegmentedRaftLogWorker (SegmentedRaftLogWorker.java:startLogSegment(380)) - e0619aa3-4ba4-49c8-ac60-3d80bbb74aab@group-B5EFBA83B44C-SegmentedRaftLogWorker: Starting segment from index:0
2019-09-16 19:11:22,141 [grpc-default-executor-2] INFO  segmented.SegmentedRaftLogWorker (SegmentedRaftLogWorker.java:startLogSegment(380)) - 30fc0d14-cbc7-4743-b48a-59ef39c48768@group-C8C33BDD9912-SegmentedRaftLogWorker: Starting segment from index:0
2019-09-16 19:11:22,185 [52078b41-1f38-4037-a826-db5ef9cf1b82@group-C8C33BDD9912-SegmentedRaftLogWorker] INFO  segmented.SegmentedRaftLogWorker (SegmentedRaftLogWorker.java:execute(569)) - 52078b41-1f38-4037-a826-db5ef9cf1b82@group-C8C33BDD9912-SegmentedRaftLogWorker: created new log segment /workdir/hadoop-ozone/integration-test/target/test-dir/MiniOzoneClusterImpl-3fc8568e-3664-4be6-9c60-644bdcd1012a/datanode-1/data/ratis/21907c1c-dbc7-4108-aded-c8c33bdd9912/current/log_inprogress_0
2019-09-16 19:11:22,185 [e0619aa3-4ba4-49c8-ac60-3d80bbb74aab@group-B5EFBA83B44C-SegmentedRaftLogWorker] INFO  segmented.SegmentedRaftLogWorker (SegmentedRaftLogWorker.java:execute(569)) - e0619aa3-4ba4-49c8-ac60-3d80bbb74aab@group-B5EFBA83B44C-SegmentedRaftLogWorker: created new log segment /workdir/hadoop-ozone/integration-test/target/test-dir/MiniOzoneClusterImpl-3fc8568e-3664-4be6-9c60-644bdcd1012a/datanode-0/data/ratis/108ab3b2-2db4-495b-b8c8-b5efba83b44c/current/log_inprogress_0
2019-09-16 19:11:22,190 [930b1328-fc80-47b7-a4b1-f8330041d315@group-B5EFBA83B44C-SegmentedRaftLogWorker] INFO  segmented.SegmentedRaftLogWorker (SegmentedRaftLogWorker.java:execute(569)) - 930b1328-fc80-47b7-a4b1-f8330041d315@group-B5EFBA83B44C-SegmentedRaftLogWorker: created new log segment /workdir/hadoop-ozone/integration-test/target/test-dir/MiniOzoneClusterImpl-3fc8568e-3664-4be6-9c60-644bdcd1012a/datanode-8/data/ratis/108ab3b2-2db4-495b-b8c8-b5efba83b44c/current/log_inprogress_0
2019-09-16 19:11:22,190 [4773b317-5b37-4901-9e93-e460a24d1141@group-550D69124986-SegmentedRaftLogWorker] INFO  segmented.SegmentedRaftLogWorker (SegmentedRaftLogWorker.java:execute(569)) - 4773b317-5b37-4901-9e93-e460a24d1141@group-550D69124986-SegmentedRaftLogWorker: created new log segment /workdir/hadoop-ozone/integration-test/target/test-dir/MiniOzoneClusterImpl-3fc8568e-3664-4be6-9c60-644bdcd1012a/datanode-9/data/ratis/1838df1b-d707-47e0-ae27-550d69124986/current/log_inprogress_0
2019-09-16 19:11:22,201 [6abcef3f-3f35-471a-9739-1d418d62cada@group-550D69124986-SegmentedRaftLogWorker] INFO  segmented.SegmentedRaftLogWorker (SegmentedRaftLogWorker.java:execute(569)) - 6abcef3f-3f35-471a-9739-1d418d62cada@group-550D69124986-SegmentedRaftLogWorker: created new log segment /workdir/hadoop-ozone/integration-test/target/test-dir/MiniOzoneClusterImpl-3fc8568e-3664-4be6-9c60-644bdcd1012a/datanode-3/data/ratis/1838df1b-d707-47e0-ae27-550d69124986/current/log_inprogress_0
2019-09-16 19:11:22,201 [30fc0d14-cbc7-4743-b48a-59ef39c48768@group-C8C33BDD9912-SegmentedRaftLogWorker] INFO  segmented.SegmentedRaftLogWorker (SegmentedRaftLogWorker.java:execute(569)) - 30fc0d14-cbc7-4743-b48a-59ef39c48768@group-C8C33BDD9912-SegmentedRaftLogWorker: created new log segment /workdir/hadoop-ozone/integration-test/target/test-dir/MiniOzoneClusterImpl-3fc8568e-3664-4be6-9c60-644bdcd1012a/datanode-2/data/ratis/21907c1c-dbc7-4108-aded-c8c33bdd9912/current/log_inprogress_0
2019-09-16 19:11:22,266 [grpc-default-executor-1] INFO  client.GrpcClientProtocolClient (GrpcClientProtocolClient.java:onNext(264)) - client-BCE00C819C68->930b1328-fc80-47b7-a4b1-f8330041d315: receive RaftClientReply:client-BCE00C819C68->930b1328-fc80-47b7-a4b1-f8330041d315@group-B5EFBA83B44C, cid=19, FAILED org.apache.ratis.protocol.NotLeaderException: Server 930b1328-fc80-47b7-a4b1-f8330041d315@group-B5EFBA83B44C is not the leader 4bce4e32-952c-4220-bcc9-22a10ce18ca8:192.168.34.56:34355, logIndex=0, commits[930b1328-fc80-47b7-a4b1-f8330041d315:c0, 4bce4e32-952c-4220-bcc9-22a10ce18ca8:c0, e0619aa3-4ba4-49c8-ac60-3d80bbb74aab:c-1]
2019-09-16 19:11:22,565 [grpc-default-executor-1] INFO  client.GrpcClientProtocolClient (GrpcClientProtocolClient.java:onNext(264)) - client-BCE00C819C68->4bce4e32-952c-4220-bcc9-22a10ce18ca8: receive RaftClientReply:client-BCE00C819C68->4bce4e32-952c-4220-bcc9-22a10ce18ca8@group-B5EFBA83B44C, cid=19, SUCCESS, logIndex=1, commits[4bce4e32-952c-4220-bcc9-22a10ce18ca8:c1, e0619aa3-4ba4-49c8-ac60-3d80bbb74aab:c0, 930b1328-fc80-47b7-a4b1-f8330041d315:c0]
2019-09-16 19:11:22,674 [grpc-default-executor-2] INFO  client.GrpcClientProtocolClient (GrpcClientProtocolClient.java:onNext(264)) - client-BCE00C819C68->4bce4e32-952c-4220-bcc9-22a10ce18ca8: receive RaftClientReply:client-BCE00C819C68->4bce4e32-952c-4220-bcc9-22a10ce18ca8@group-B5EFBA83B44C, cid=20, SUCCESS, logIndex=3, commits[4bce4e32-952c-4220-bcc9-22a10ce18ca8:c8, e0619aa3-4ba4-49c8-ac60-3d80bbb74aab:c5, 930b1328-fc80-47b7-a4b1-f8330041d315:c5]
2019-09-16 19:11:22,691 [grpc-default-executor-2] INFO  client.GrpcClientProtocolClient (GrpcClientProtocolClient.java:onNext(264)) - client-BCE00C819C68->4bce4e32-952c-4220-bcc9-22a10ce18ca8: receive RaftClientReply:client-BCE00C819C68->4bce4e32-952c-4220-bcc9-22a10ce18ca8@group-B5EFBA83B44C, cid=21, SUCCESS, logIndex=4, commits[4bce4e32-952c-4220-bcc9-22a10ce18ca8:c8, e0619aa3-4ba4-49c8-ac60-3d80bbb74aab:c5, 930b1328-fc80-47b7-a4b1-f8330041d315:c5]
2019-09-16 19:11:22,755 [grpc-default-executor-1] INFO  client.GrpcClientProtocolClient (GrpcClientProtocolClient.java:onNext(264)) - client-BCE00C819C68->4bce4e32-952c-4220-bcc9-22a10ce18ca8: receive RaftClientReply:client-BCE00C819C68->4bce4e32-952c-4220-bcc9-22a10ce18ca8@group-B5EFBA83B44C, cid=22, SUCCESS, logIndex=5, commits[4bce4e32-952c-4220-bcc9-22a10ce18ca8:c8, e0619aa3-4ba4-49c8-ac60-3d80bbb74aab:c5, 930b1328-fc80-47b7-a4b1-f8330041d315:c5]
2019-09-16 19:11:22,810 [grpc-default-executor-2] INFO  client.GrpcClientProtocolClient (GrpcClientProtocolClient.java:onNext(264)) - client-BCE00C819C68->4bce4e32-952c-4220-bcc9-22a10ce18ca8: receive RaftClientReply:client-BCE00C819C68->4bce4e32-952c-4220-bcc9-22a10ce18ca8@group-B5EFBA83B44C, cid=23, SUCCESS, logIndex=9, commits[4bce4e32-952c-4220-bcc9-22a10ce18ca8:c10, e0619aa3-4ba4-49c8-ac60-3d80bbb74aab:c8, 930b1328-fc80-47b7-a4b1-f8330041d315:c8]
2019-09-16 19:11:22,811 [grpc-default-executor-2] INFO  client.GrpcClientProtocolClient (GrpcClientProtocolClient.java:onNext(264)) - client-BCE00C819C68->4bce4e32-952c-4220-bcc9-22a10ce18ca8: receive RaftClientReply:client-BCE00C819C68->4bce4e32-952c-4220-bcc9-22a10ce18ca8@group-B5EFBA83B44C, cid=24, SUCCESS, logIndex=10, commits[4bce4e32-952c-4220-bcc9-22a10ce18ca8:c10, e0619aa3-4ba4-49c8-ac60-3d80bbb74aab:c8, 930b1328-fc80-47b7-a4b1-f8330041d315:c8]
2019-09-16 19:11:22,818 [grpc-default-executor-1] INFO  client.GrpcClientProtocolClient (GrpcClientProtocolClient.java:onNext(264)) - client-BCE00C819C68->4bce4e32-952c-4220-bcc9-22a10ce18ca8: receive RaftClientReply:client-BCE00C819C68->4bce4e32-952c-4220-bcc9-22a10ce18ca8@group-B5EFBA83B44C, cid=25, SUCCESS, logIndex=11, commits[4bce4e32-952c-4220-bcc9-22a10ce18ca8:c12, e0619aa3-4ba4-49c8-ac60-3d80bbb74aab:c8, 930b1328-fc80-47b7-a4b1-f8330041d315:c8]
2019-09-16 19:11:22,820 [grpc-default-executor-1] INFO  client.GrpcClientProtocolClient (GrpcClientProtocolClient.java:onNext(264)) - client-BCE00C819C68->4bce4e32-952c-4220-bcc9-22a10ce18ca8: receive RaftClientReply:client-BCE00C819C68->4bce4e32-952c-4220-bcc9-22a10ce18ca8@group-B5EFBA83B44C, cid=26, SUCCESS, logIndex=12, commits[4bce4e32-952c-4220-bcc9-22a10ce18ca8:c14, e0619aa3-4ba4-49c8-ac60-3d80bbb74aab:c10, 930b1328-fc80-47b7-a4b1-f8330041d315:c8]
2019-09-16 19:11:22,837 [grpc-default-executor-1] INFO  client.GrpcClientProtocolClient (GrpcClientProtocolClient.java:onNext(264)) - client-BCE00C819C68->4bce4e32-952c-4220-bcc9-22a10ce18ca8: receive RaftClientReply:client-BCE00C819C68->4bce4e32-952c-4220-bcc9-22a10ce18ca8@group-B5EFBA83B44C, cid=27, SUCCESS, logIndex=0, commits[4bce4e32-952c-4220-bcc9-22a10ce18ca8:c16, e0619aa3-4ba4-49c8-ac60-3d80bbb74aab:c12, 930b1328-fc80-47b7-a4b1-f8330041d315:c12]
2019-09-16 19:11:22,854 [grpc-default-executor-1] INFO  client.GrpcClientProtocolClient (GrpcClientProtocolClient.java:onNext(264)) - client-BCE00C819C68->4bce4e32-952c-4220-bcc9-22a10ce18ca8: receive RaftClientReply:client-BCE00C819C68->4bce4e32-952c-4220-bcc9-22a10ce18ca8@group-B5EFBA83B44C, cid=28, SUCCESS, logIndex=0, commits[4bce4e32-952c-4220-bcc9-22a10ce18ca8:c16, e0619aa3-4ba4-49c8-ac60-3d80bbb74aab:c12, 930b1328-fc80-47b7-a4b1-f8330041d315:c12]
2019-09-16 19:11:23,022 [grpc-default-executor-1] INFO  client.GrpcClientProtocolClient (GrpcClientProtocolClient.java:onNext(264)) - client-C26E20CEB926->4eec4314-a089-48fe-8241-8a8066126e3f: receive RaftClientReply:client-C26E20CEB926->4eec4314-a089-48fe-8241-8a8066126e3f@group-C8C33BDD9912, cid=29, SUCCESS, logIndex=1, commits[4eec4314-a089-48fe-8241-8a8066126e3f:c1, 52078b41-1f38-4037-a826-db5ef9cf1b82:c0, 30fc0d14-cbc7-4743-b48a-59ef39c48768:c0]
2019-09-16 19:11:23,125 [grpc-default-executor-1] INFO  client.GrpcClientProtocolClient (GrpcClientProtocolClient.java:onNext(264)) - client-C26E20CEB926->4eec4314-a089-48fe-8241-8a8066126e3f: receive RaftClientReply:client-C26E20CEB926->4eec4314-a089-48fe-8241-8a8066126e3f@group-C8C33BDD9912, cid=30, SUCCESS, logIndex=3, commits[4eec4314-a089-48fe-8241-8a8066126e3f:c7, 52078b41-1f38-4037-a826-db5ef9cf1b82:c4, 30fc0d14-cbc7-4743-b48a-59ef39c48768:c4]
2019-09-16 19:11:23,126 [grpc-default-executor-1] INFO  client.GrpcClientProtocolClient (GrpcClientProtocolClient.java:onNext(264)) - client-C26E20CEB926->4eec4314-a089-48fe-8241-8a8066126e3f: receive RaftClientReply:client-C26E20CEB926->4eec4314-a089-48fe-8241-8a8066126e3f@group-C8C33BDD9912, cid=31, SUCCESS, logIndex=4, commits[4eec4314-a089-48fe-8241-8a8066126e3f:c7, 52078b41-1f38-4037-a826-db5ef9cf1b82:c4, 30fc0d14-cbc7-4743-b48a-59ef39c48768:c4]
2019-09-16 19:11:23,197 [grpc-default-executor-1] INFO  client.GrpcClientProtocolClient (GrpcClientProtocolClient.java:onNext(264)) - client-C26E20CEB926->4eec4314-a089-48fe-8241-8a8066126e3f: receive RaftClientReply:client-C26E20CEB926->4eec4314-a089-48fe-8241-8a8066126e3f@group-C8C33BDD9912, cid=32, SUCCESS, logIndex=5, commits[4eec4314-a089-48fe-8241-8a8066126e3f:c7, 52078b41-1f38-4037-a826-db5ef9cf1b82:c4, 30fc0d14-cbc7-4743-b48a-59ef39c48768:c4]
2019-09-16 19:11:23,240 [grpc-default-executor-1] INFO  client.GrpcClientProtocolClient (GrpcClientProtocolClient.java:onNext(264)) - client-C26E20CEB926->4eec4314-a089-48fe-8241-8a8066126e3f: receive RaftClientReply:client-C26E20CEB926->4eec4314-a089-48fe-8241-8a8066126e3f@group-C8C33BDD9912, cid=33, SUCCESS, logIndex=8, commits[4eec4314-a089-48fe-8241-8a8066126e3f:c9, 52078b41-1f38-4037-a826-db5ef9cf1b82:c7, 30fc0d14-cbc7-4743-b48a-59ef39c48768:c7]
2019-09-16 19:11:23,241 [grpc-default-executor-1] INFO  client.GrpcClientProtocolClient (GrpcClientProtocolClient.java:onNext(264)) - client-C26E20CEB926->4eec4314-a089-48fe-8241-8a8066126e3f: receive RaftClientReply:client-C26E20CEB926->4eec4314-a089-48fe-8241-8a8066126e3f@group-C8C33BDD9912, cid=34, SUCCESS, logIndex=9, commits[4eec4314-a089-48fe-8241-8a8066126e3f:c9, 52078b41-1f38-4037-a826-db5ef9cf1b82:c7, 30fc0d14-cbc7-4743-b48a-59ef39c48768:c7]
2019-09-16 19:11:23,288 [grpc-default-executor-2] INFO  client.GrpcClientProtocolClient (GrpcClientProtocolClient.java:onNext(264)) - client-C26E20CEB926->4eec4314-a089-48fe-8241-8a8066126e3f: receive RaftClientReply:client-C26E20CEB926->4eec4314-a089-48fe-8241-8a8066126e3f@group-C8C33BDD9912, cid=35, SUCCESS, logIndex=12, commits[4eec4314-a089-48fe-8241-8a8066126e3f:c13, 52078b41-1f38-4037-a826-db5ef9cf1b82:c11, 30fc0d14-cbc7-4743-b48a-59ef39c48768:c11]
2019-09-16 19:11:23,289 [grpc-default-executor-2] INFO  client.GrpcClientProtocolClient (GrpcClientProtocolClient.java:onNext(264)) - client-C26E20CEB926->4eec4314-a089-48fe-8241-8a8066126e3f: receive RaftClientReply:client-C26E20CEB926->4eec4314-a089-48fe-8241-8a8066126e3f@group-C8C33BDD9912, cid=36, SUCCESS, logIndex=13, commits[4eec4314-a089-48fe-8241-8a8066126e3f:c13, 52078b41-1f38-4037-a826-db5ef9cf1b82:c11, 30fc0d14-cbc7-4743-b48a-59ef39c48768:c11]
2019-09-16 19:11:23,302 [grpc-default-executor-2] INFO  client.GrpcClientProtocolClient (GrpcClientProtocolClient.java:onNext(264)) - client-C26E20CEB926->4eec4314-a089-48fe-8241-8a8066126e3f: receive RaftClientReply:client-C26E20CEB926->4eec4314-a089-48fe-8241-8a8066126e3f@group-C8C33BDD9912, cid=37, SUCCESS, logIndex=0, commits[4eec4314-a089-48fe-8241-8a8066126e3f:c14, 52078b41-1f38-4037-a826-db5ef9cf1b82:c13, 30fc0d14-cbc7-4743-b48a-59ef39c48768:c13]
2019-09-16 19:11:26,313 [java.util.concurrent.ThreadPoolExecutor$Worker@4d174f1d[State = -1, empty queue]] WARN  server.GrpcLogAppender (GrpcLogAppender.java:timeoutAppendRequest(200)) - 4eec4314-a089-48fe-8241-8a8066126e3f@group-C8C33BDD9912->52078b41-1f38-4037-a826-db5ef9cf1b82-GrpcLogAppender: appendEntries Timeout, request=4eec4314-a089-48fe-8241-8a8066126e3f->52078b41-1f38-4037-a826-db5ef9cf1b82#18-t2, previous=(t:2, i:15), leaderCommit=15, initializing? false, entries: size=1, first=(t:2, i:16), STATEMACHINELOGENTRY, client-C26E20CEB926, cid=38
2019-09-16 19:11:26,313 [java.util.concurrent.ThreadPoolExecutor$Worker@270df07d[State = -1, empty queue]] WARN  server.GrpcLogAppender (GrpcLogAppender.java:timeoutAppendRequest(200)) - 4eec4314-a089-48fe-8241-8a8066126e3f@group-C8C33BDD9912->30fc0d14-cbc7-4743-b48a-59ef39c48768-GrpcLogAppender: appendEntries Timeout, request=4eec4314-a089-48fe-8241-8a8066126e3f->30fc0d14-cbc7-4743-b48a-59ef39c48768#18-t2, previous=(t:2, i:15), leaderCommit=15, initializing? false, entries: size=1, first=(t:2, i:16), STATEMACHINELOGENTRY, client-C26E20CEB926, cid=38
2019-09-16 19:11:26,318 [java.util.concurrent.ThreadPoolExecutor$Worker@4d174f1d[State = -1, empty queue]] WARN  server.GrpcLogAppender (GrpcLogAppender.java:timeoutAppendRequest(200)) - 4eec4314-a089-48fe-8241-8a8066126e3f@group-C8C33BDD9912->52078b41-1f38-4037-a826-db5ef9cf1b82-GrpcLogAppender: appendEntries Timeout, request=4eec4314-a089-48fe-8241-8a8066126e3f->52078b41-1f38-4037-a826-db5ef9cf1b82#19-t2, previous=(t:2, i:16), leaderCommit=15, initializing? false, entries: size=1, first=(t:2, i:17), STATEMACHINELOGENTRY, client-C26E20CEB926, cid=39
2019-09-16 19:11:26,321 [java.util.concurrent.ThreadPoolExecutor$Worker@270df07d[State = -1, empty queue]] WARN  server.GrpcLogAppender (GrpcLogAppender.java:timeoutAppendRequest(200)) - 4eec4314-a089-48fe-8241-8a8066126e3f@group-C8C33BDD9912->30fc0d14-cbc7-4743-b48a-59ef39c48768-GrpcLogAppender: appendEntries Timeout, request=4eec4314-a089-48fe-8241-8a8066126e3f->30fc0d14-cbc7-4743-b48a-59ef39c48768#19-t2, previous=(t:2, i:16), leaderCommit=15, initializing? false, entries: size=1, first=(t:2, i:17), STATEMACHINELOGENTRY, client-C26E20CEB926, cid=39
2019-09-16 19:11:26,324 [java.util.concurrent.ThreadPoolExecutor$Worker@4d174f1d[State = -1, empty queue]] WARN  server.GrpcLogAppender (GrpcLogAppender.java:timeoutAppendRequest(200)) - 4eec4314-a089-48fe-8241-8a8066126e3f@group-C8C33BDD9912->52078b41-1f38-4037-a826-db5ef9cf1b82-GrpcLogAppender: appendEntries Timeout, request=4eec4314-a089-48fe-8241-8a8066126e3f->52078b41-1f38-4037-a826-db5ef9cf1b82#20-t2, previous=(t:2, i:17), leaderCommit=15, initializing? false, entries: size=1, first=(t:2, i:18), STATEMACHINELOGENTRY, client-C26E20CEB926, cid=40
2019-09-16 19:11:26,324 [java.util.concurrent.ThreadPoolExecutor$Worker@270df07d[State = -1, empty queue]] WARN  server.GrpcLogAppender (GrpcLogAppender.java:timeoutAppendRequest(200)) - 4eec4314-a089-48fe-8241-8a8066126e3f@group-C8C33BDD9912->30fc0d14-cbc7-4743-b48a-59ef39c48768-GrpcLogAppender: appendEntries Timeout, request=4eec4314-a089-48fe-8241-8a8066126e3f->30fc0d14-cbc7-4743-b48a-59ef39c48768#20-t2, previous=(t:2, i:17), leaderCommit=15, initializing? false, entries: size=1, first=(t:2, i:18), STATEMACHINELOGENTRY, client-C26E20CEB926, cid=40
2019-09-16 19:11:26,351 [java.util.concurrent.ThreadPoolExecutor$Worker@270df07d[State = -1, empty queue]] WARN  server.GrpcLogAppender (GrpcLogAppender.java:timeoutAppendRequest(200)) - 4eec4314-a089-48fe-8241-8a8066126e3f@group-C8C33BDD9912->30fc0d14-cbc7-4743-b48a-59ef39c48768-GrpcLogAppender: appendEntries Timeout, request=4eec4314-a089-48fe-8241-8a8066126e3f->30fc0d14-cbc7-4743-b48a-59ef39c48768#21-t2, previous=(t:2, i:18), leaderCommit=15, initializing? false, entries: size=1, first=(t:2, i:19), STATEMACHINELOGENTRY, client-C26E20CEB926, cid=41
2019-09-16 19:11:26,351 [java.util.concurrent.ThreadPoolExecutor$Worker@4d174f1d[State = -1, empty queue]] WARN  server.GrpcLogAppender (GrpcLogAppender.java:timeoutAppendRequest(200)) - 4eec4314-a089-48fe-8241-8a8066126e3f@group-C8C33BDD9912->52078b41-1f38-4037-a826-db5ef9cf1b82-GrpcLogAppender: appendEntries Timeout, request=4eec4314-a089-48fe-8241-8a8066126e3f->52078b41-1f38-4037-a826-db5ef9cf1b82#21-t2, previous=(t:2, i:18), leaderCommit=15, initializing? false, entries: size=1, first=(t:2, i:19), STATEMACHINELOGENTRY, client-C26E20CEB926, cid=41
2019-09-16 19:11:26,819 [java.util.concurrent.ThreadPoolExecutor$Worker@270df07d[State = -1, empty queue]] WARN  server.GrpcLogAppender (GrpcLogAppender.java:timeoutAppendRequest(200)) - 4eec4314-a089-48fe-8241-8a8066126e3f@group-C8C33BDD9912->30fc0d14-cbc7-4743-b48a-59ef39c48768-GrpcLogAppender: appendEntries Timeout, request=4eec4314-a089-48fe-8241-8a8066126e3f->30fc0d14-cbc7-4743-b48a-59ef39c48768#22-t2, previous=(t:2, i:19), leaderCommit=15, initializing? false, entries: <empty>
2019-09-16 19:11:26,819 [java.util.concurrent.ThreadPoolExecutor$Worker@4d174f1d[State = -1, empty queue]] WARN  server.GrpcLogAppender (GrpcLogAppender.java:timeoutAppendRequest(200)) - 4eec4314-a089-48fe-8241-8a8066126e3f@group-C8C33BDD9912->52078b41-1f38-4037-a826-db5ef9cf1b82-GrpcLogAppender: appendEntries Timeout, request=4eec4314-a089-48fe-8241-8a8066126e3f->52078b41-1f38-4037-a826-db5ef9cf1b82#22-t2, previous=(t:2, i:19), leaderCommit=15, initializing? false, entries: <empty>
2019-09-16 19:11:27,319 [java.util.concurrent.ThreadPoolExecutor$Worker@4d174f1d[State = -1, empty queue]] WARN  server.GrpcLogAppender (GrpcLogAppender.java:timeoutAppendRequest(200)) - 4eec4314-a089-48fe-8241-8a8066126e3f@group-C8C33BDD9912->52078b41-1f38-4037-a826-db5ef9cf1b82-GrpcLogAppender: appendEntries Timeout, request=4eec4314-a089-48fe-8241-8a8066126e3f->52078b41-1f38-4037-a826-db5ef9cf1b82#23-t2, previous=(t:2, i:19), leaderCommit=15, initializing? false, entries: <empty>
2019-09-16 19:11:27,319 [java.util.concurrent.ThreadPoolExecutor$Worker@270df07d[State = -1, empty queue]] WARN  server.GrpcLogAppender (GrpcLogAppender.java:timeoutAppendRequest(200)) - 4eec4314-a089-48fe-8241-8a8066126e3f@group-C8C33BDD9912->30fc0d14-cbc7-4743-b48a-59ef39c48768-GrpcLogAppender: appendEntries Timeout, request=4eec4314-a089-48fe-8241-8a8066126e3f->30fc0d14-cbc7-4743-b48a-59ef39c48768#23-t2, previous=(t:2, i:19), leaderCommit=15, initializing? false, entries: <empty>
2019-09-16 19:11:27,820 [java.util.concurrent.ThreadPoolExecutor$Worker@4d174f1d[State = -1, empty queue]] WARN  server.GrpcLogAppender (GrpcLogAppender.java:timeoutAppendRequest(200)) - 4eec4314-a089-48fe-8241-8a8066126e3f@group-C8C33BDD9912->52078b41-1f38-4037-a826-db5ef9cf1b82-GrpcLogAppender: appendEntries Timeout, request=4eec4314-a089-48fe-8241-8a8066126e3f->52078b41-1f38-4037-a826-db5ef9cf1b82#24-t2, previous=(t:2, i:19), leaderCommit=15, initializing? false, entries: <empty>
2019-09-16 19:11:27,820 [java.util.concurrent.ThreadPoolExecutor$Worker@270df07d[State = -1, empty queue]] WARN  server.GrpcLogAppender (GrpcLogAppender.java:timeoutAppendRequest(200)) - 4eec4314-a089-48fe-8241-8a8066126e3f@group-C8C33BDD9912->30fc0d14-cbc7-4743-b48a-59ef39c48768-GrpcLogAppender: appendEntries Timeout, request=4eec4314-a089-48fe-8241-8a8066126e3f->30fc0d14-cbc7-4743-b48a-59ef39c48768#24-t2, previous=(t:2, i:19), leaderCommit=15, initializing? false, entries: <empty>
2019-09-16 19:11:28,321 [java.util.concurrent.ThreadPoolExecutor$Worker@270df07d[State = -1, empty queue]] WARN  server.GrpcLogAppender (GrpcLogAppender.java:timeoutAppendRequest(200)) - 4eec4314-a089-48fe-8241-8a8066126e3f@group-C8C33BDD9912->30fc0d14-cbc7-4743-b48a-59ef39c48768-GrpcLogAppender: appendEntries Timeout, request=4eec4314-a089-48fe-8241-8a8066126e3f->30fc0d14-cbc7-4743-b48a-59ef39c48768#25-t2, previous=(t:2, i:19), leaderCommit=15, initializing? false, entries: <empty>
2019-09-16 19:11:28,321 [java.util.concurrent.ThreadPoolExecutor$Worker@4d174f1d[State = -1, empty queue]] WARN  server.GrpcLogAppender (GrpcLogAppender.java:timeoutAppendRequest(200)) - 4eec4314-a089-48fe-8241-8a8066126e3f@group-C8C33BDD9912->52078b41-1f38-4037-a826-db5ef9cf1b82-GrpcLogAppender: appendEntries Timeout, request=4eec4314-a089-48fe-8241-8a8066126e3f->52078b41-1f38-4037-a826-db5ef9cf1b82#25-t2, previous=(t:2, i:19), leaderCommit=15, initializing? false, entries: <empty>
2019-09-16 19:11:28,404 [grpc-default-executor-2] INFO  client.GrpcClientProtocolClient (GrpcClientProtocolClient.java:onNext(264)) - client-C26E20CEB926->52078b41-1f38-4037-a826-db5ef9cf1b82: receive RaftClientReply:client-C26E20CEB926->52078b41-1f38-4037-a826-db5ef9cf1b82@group-C8C33BDD9912, cid=38, FAILED org.apache.ratis.protocol.NotLeaderException: Server 52078b41-1f38-4037-a826-db5ef9cf1b82@group-C8C33BDD9912 is not the leader 4eec4314-a089-48fe-8241-8a8066126e3f:192.168.34.56:36988, logIndex=0, commits[52078b41-1f38-4037-a826-db5ef9cf1b82:c15, 30fc0d14-cbc7-4743-b48a-59ef39c48768:c13, 4eec4314-a089-48fe-8241-8a8066126e3f:c15]
2019-09-16 19:11:28,821 [java.util.concurrent.ThreadPoolExecutor$Worker@4d174f1d[State = -1, empty queue]] WARN  server.GrpcLogAppender (GrpcLogAppender.java:timeoutAppendRequest(200)) - 4eec4314-a089-48fe-8241-8a8066126e3f@group-C8C33BDD9912->52078b41-1f38-4037-a826-db5ef9cf1b82-GrpcLogAppender: appendEntries Timeout, request=4eec4314-a089-48fe-8241-8a8066126e3f->52078b41-1f38-4037-a826-db5ef9cf1b82#26-t2, previous=(t:2, i:19), leaderCommit=15, initializing? false, entries: <empty>
2019-09-16 19:11:28,821 [java.util.concurrent.ThreadPoolExecutor$Worker@270df07d[State = -1, empty queue]] WARN  server.GrpcLogAppender (GrpcLogAppender.java:timeoutAppendRequest(200)) - 4eec4314-a089-48fe-8241-8a8066126e3f@group-C8C33BDD9912->30fc0d14-cbc7-4743-b48a-59ef39c48768-GrpcLogAppender: appendEntries Timeout, request=4eec4314-a089-48fe-8241-8a8066126e3f->30fc0d14-cbc7-4743-b48a-59ef39c48768#26-t2, previous=(t:2, i:19), leaderCommit=15, initializing? false, entries: <empty>
2019-09-16 19:11:29,327 [java.util.concurrent.ThreadPoolExecutor$Worker@4d174f1d[State = -1, empty queue]] WARN  server.GrpcLogAppender (GrpcLogAppender.java:timeoutAppendRequest(200)) - 4eec4314-a089-48fe-8241-8a8066126e3f@group-C8C33BDD9912->52078b41-1f38-4037-a826-db5ef9cf1b82-GrpcLogAppender: appendEntries Timeout, request=4eec4314-a089-48fe-8241-8a8066126e3f->52078b41-1f38-4037-a826-db5ef9cf1b82#27-t2, previous=(t:2, i:19), leaderCommit=15, initializing? false, entries: <empty>
2019-09-16 19:11:29,350 [java.util.concurrent.ThreadPoolExecutor$Worker@270df07d[State = -1, empty queue]] WARN  server.GrpcLogAppender (GrpcLogAppender.java:timeoutAppendRequest(200)) - 4eec4314-a089-48fe-8241-8a8066126e3f@group-C8C33BDD9912->30fc0d14-cbc7-4743-b48a-59ef39c48768-GrpcLogAppender: appendEntries Timeout, request=4eec4314-a089-48fe-8241-8a8066126e3f->30fc0d14-cbc7-4743-b48a-59ef39c48768#27-t2, previous=(t:2, i:19), leaderCommit=15, initializing? false, entries: <empty>
2019-09-16 19:11:29,827 [java.util.concurrent.ThreadPoolExecutor$Worker@4d174f1d[State = -1, empty queue]] WARN  server.GrpcLogAppender (GrpcLogAppender.java:timeoutAppendRequest(200)) - 4eec4314-a089-48fe-8241-8a8066126e3f@group-C8C33BDD9912->52078b41-1f38-4037-a826-db5ef9cf1b82-GrpcLogAppender: appendEntries Timeout, request=4eec4314-a089-48fe-8241-8a8066126e3f->52078b41-1f38-4037-a826-db5ef9cf1b82#28-t2, previous=(t:2, i:19), leaderCommit=15, initializing? false, entries: <empty>
2019-09-16 19:11:29,851 [java.util.concurrent.ThreadPoolExecutor$Worker@270df07d[State = -1, empty queue]] WARN  server.GrpcLogAppender (GrpcLogAppender.java:timeoutAppendRequest(200)) - 4eec4314-a089-48fe-8241-8a8066126e3f@group-C8C33BDD9912->30fc0d14-cbc7-4743-b48a-59ef39c48768-GrpcLogAppender: appendEntries Timeout, request=4eec4314-a089-48fe-8241-8a8066126e3f->30fc0d14-cbc7-4743-b48a-59ef39c48768#28-t2, previous=(t:2, i:19), leaderCommit=15, initializing? false, entries: <empty>
2019-09-16 19:11:30,328 [java.util.concurrent.ThreadPoolExecutor$Worker@4d174f1d[State = -1, empty queue]] WARN  server.GrpcLogAppender (GrpcLogAppender.java:timeoutAppendRequest(200)) - 4eec4314-a089-48fe-8241-8a8066126e3f@group-C8C33BDD9912->52078b41-1f38-4037-a826-db5ef9cf1b82-GrpcLogAppender: appendEntries Timeout, request=4eec4314-a089-48fe-8241-8a8066126e3f->52078b41-1f38-4037-a826-db5ef9cf1b82#29-t2, previous=(t:2, i:19), leaderCommit=15, initializing? false, entries: <empty>
2019-09-16 19:11:30,351 [java.util.concurrent.ThreadPoolExecutor$Worker@270df07d[State = -1, empty queue]] WARN  server.GrpcLogAppender (GrpcLogAppender.java:timeoutAppendRequest(200)) - 4eec4314-a089-48fe-8241-8a8066126e3f@group-C8C33BDD9912->30fc0d14-cbc7-4743-b48a-59ef39c48768-GrpcLogAppender: appendEntries Timeout, request=4eec4314-a089-48fe-8241-8a8066126e3f->30fc0d14-cbc7-4743-b48a-59ef39c48768#29-t2, previous=(t:2, i:19), leaderCommit=15, initializing? false, entries: <empty>
2019-09-16 19:11:30,829 [java.util.concurrent.ThreadPoolExecutor$Worker@4d174f1d[State = -1, empty queue]] WARN  server.GrpcLogAppender (GrpcLogAppender.java:timeoutAppendRequest(200)) - 4eec4314-a089-48fe-8241-8a8066126e3f@group-C8C33BDD9912->52078b41-1f38-4037-a826-db5ef9cf1b82-GrpcLogAppender: appendEntries Timeout, request=4eec4314-a089-48fe-8241-8a8066126e3f->52078b41-1f38-4037-a826-db5ef9cf1b82#30-t2, previous=(t:2, i:19), leaderCommit=15, initializing? false, entries: <empty>
2019-09-16 19:11:30,852 [java.util.concurrent.ThreadPoolExecutor$Worker@270df07d[State = -1, empty queue]] WARN  server.GrpcLogAppender (GrpcLogAppender.java:timeoutAppendRequest(200)) - 4eec4314-a089-48fe-8241-8a8066126e3f@group-C8C33BDD9912->30fc0d14-cbc7-4743-b48a-59ef39c48768-GrpcLogAppender: appendEntries Timeout, request=4eec4314-a089-48fe-8241-8a8066126e3f->30fc0d14-cbc7-4743-b48a-59ef39c48768#30-t2, previous=(t:2, i:19), leaderCommit=15, initializing? false, entries: <empty>
2019-09-16 19:11:31,330 [java.util.concurrent.ThreadPoolExecutor$Worker@4d174f1d[State = -1, empty queue]] WARN  server.GrpcLogAppender (GrpcLogAppender.java:timeoutAppendRequest(200)) - 4eec4314-a089-48fe-8241-8a8066126e3f@group-C8C33BDD9912->52078b41-1f38-4037-a826-db5ef9cf1b82-GrpcLogAppender: appendEntries Timeout, request=4eec4314-a089-48fe-8241-8a8066126e3f->52078b41-1f38-4037-a826-db5ef9cf1b82#31-t2, previous=(t:2, i:19), leaderCommit=15, initializing? false, entries: <empty>
2019-09-16 19:11:31,352 [java.util.concurrent.ThreadPoolExecutor$Worker@270df07d[State = -1, empty queue]] WARN  server.GrpcLogAppender (GrpcLogAppender.java:timeoutAppendRequest(200)) - 4eec4314-a089-48fe-8241-8a8066126e3f@group-C8C33BDD9912->30fc0d14-cbc7-4743-b48a-59ef39c48768-GrpcLogAppender: appendEntries Timeout, request=4eec4314-a089-48fe-8241-8a8066126e3f->30fc0d14-cbc7-4743-b48a-59ef39c48768#31-t2, previous=(t:2, i:19), leaderCommit=15, initializing? false, entries: <empty>
2019-09-16 19:11:31,830 [java.util.concurrent.ThreadPoolExecutor$Worker@4d174f1d[State = -1, empty queue]] WARN  server.GrpcLogAppender (GrpcLogAppender.java:timeoutAppendRequest(200)) - 4eec4314-a089-48fe-8241-8a8066126e3f@group-C8C33BDD9912->52078b41-1f38-4037-a826-db5ef9cf1b82-GrpcLogAppender: appendEntries Timeout, request=4eec4314-a089-48fe-8241-8a8066126e3f->52078b41-1f38-4037-a826-db5ef9cf1b82#32-t2, previous=(t:2, i:19), leaderCommit=15, initializing? false, entries: <empty>
2019-09-16 19:11:31,853 [java.util.concurrent.ThreadPoolExecutor$Worker@270df07d[State = -1, empty queue]] WARN  server.GrpcLogAppender (GrpcLogAppender.java:timeoutAppendRequest(200)) - 4eec4314-a089-48fe-8241-8a8066126e3f@group-C8C33BDD9912->30fc0d14-cbc7-4743-b48a-59ef39c48768-GrpcLogAppender: appendEntries Timeout, request=4eec4314-a089-48fe-8241-8a8066126e3f->30fc0d14-cbc7-4743-b48a-59ef39c48768#32-t2, previous=(t:2, i:19), leaderCommit=15, initializing? false, entries: <empty>
2019-09-16 19:11:32,331 [java.util.concurrent.ThreadPoolExecutor$Worker@4d174f1d[State = -1, empty queue]] WARN  server.GrpcLogAppender (GrpcLogAppender.java:timeoutAppendRequest(200)) - 4eec4314-a089-48fe-8241-8a8066126e3f@group-C8C33BDD9912->52078b41-1f38-4037-a826-db5ef9cf1b82-GrpcLogAppender: appendEntries Timeout, request=4eec4314-a089-48fe-8241-8a8066126e3f->52078b41-1f38-4037-a826-db5ef9cf1b82#33-t2, previous=(t:2, i:19), leaderCommit=15, initializing? false, entries: <empty>
2019-09-16 19:11:32,353 [java.util.concurrent.ThreadPoolExecutor$Worker@270df07d[State = -1, empty queue]] WARN  server.GrpcLogAppender (GrpcLogAppender.java:timeoutAppendRequest(200)) - 4eec4314-a089-48fe-8241-8a8066126e3f@group-C8C33BDD9912->30fc0d14-cbc7-4743-b48a-59ef39c48768-GrpcLogAppender: appendEntries Timeout, request=4eec4314-a089-48fe-8241-8a8066126e3f->30fc0d14-cbc7-4743-b48a-59ef39c48768#33-t2, previous=(t:2, i:19), leaderCommit=15, initializing? false, entries: <empty>
2019-09-16 19:11:32,831 [java.util.concurrent.ThreadPoolExecutor$Worker@4d174f1d[State = -1, empty queue]] WARN  server.GrpcLogAppender (GrpcLogAppender.java:timeoutAppendRequest(200)) - 4eec4314-a089-48fe-8241-8a8066126e3f@group-C8C33BDD9912->52078b41-1f38-4037-a826-db5ef9cf1b82-GrpcLogAppender: appendEntries Timeout, request=4eec4314-a089-48fe-8241-8a8066126e3f->52078b41-1f38-4037-a826-db5ef9cf1b82#34-t2, previous=(t:2, i:19), leaderCommit=15, initializing? false, entries: <empty>
2019-09-16 19:11:32,853 [java.util.concurrent.ThreadPoolExecutor$Worker@270df07d[State = -1, empty queue]] WARN  server.GrpcLogAppender (GrpcLogAppender.java:timeoutAppendRequest(200)) - 4eec4314-a089-48fe-8241-8a8066126e3f@group-C8C33BDD9912->30fc0d14-cbc7-4743-b48a-59ef39c48768-GrpcLogAppender: appendEntries Timeout, request=4eec4314-a089-48fe-8241-8a8066126e3f->30fc0d14-cbc7-4743-b48a-59ef39c48768#34-t2, previous=(t:2, i:19), leaderCommit=15, initializing? false, entries: <empty>
2019-09-16 19:11:33,331 [java.util.concurrent.ThreadPoolExecutor$Worker@4d174f1d[State = -1, empty queue]] WARN  server.GrpcLogAppender (GrpcLogAppender.java:timeoutAppendRequest(200)) - 4eec4314-a089-48fe-8241-8a8066126e3f@group-C8C33BDD9912->52078b41-1f38-4037-a826-db5ef9cf1b82-GrpcLogAppender: appendEntries Timeout, request=4eec4314-a089-48fe-8241-8a8066126e3f->52078b41-1f38-4037-a826-db5ef9cf1b82#35-t2, previous=(t:2, i:19), leaderCommit=15, initializing? false, entries: <empty>
2019-09-16 19:11:33,354 [java.util.concurrent.ThreadPoolExecutor$Worker@270df07d[State = -1, empty queue]] WARN  server.GrpcLogAppender (GrpcLogAppender.java:timeoutAppendRequest(200)) - 4eec4314-a089-48fe-8241-8a8066126e3f@group-C8C33BDD9912->30fc0d14-cbc7-4743-b48a-59ef39c48768-GrpcLogAppender: appendEntries Timeout, request=4eec4314-a089-48fe-8241-8a8066126e3f->30fc0d14-cbc7-4743-b48a-59ef39c48768#35-t2, previous=(t:2, i:19), leaderCommit=15, initializing? false, entries: <empty>
2019-09-16 19:11:33,390 [4eec4314-a089-48fe-8241-8a8066126e3f@group-C8C33BDD9912-SegmentedRaftLogWorker] WARN  segmented.SegmentedRaftLogWorker (SegmentedRaftLogWorker.java:getFromFuture(90)) - Timeout 0/~
org.apache.ratis.protocol.TimeoutIOException: Timeout 10s: WriteLog:18: (t:2, i:18), STATEMACHINELOGENTRY, client-C26E20CEB926, cid=40-writeStateMachineData
	at org.apache.ratis.util.IOUtils.getFromFuture(IOUtils.java:87)
	at org.apache.ratis.server.raftlog.segmented.SegmentedRaftLogWorker$StateMachineDataPolicy.getFromFuture(SegmentedRaftLogWorker.java:87)
	at org.apache.ratis.server.raftlog.segmented.SegmentedRaftLogWorker$WriteLog.execute(SegmentedRaftLogWorker.java:477)
	at org.apache.ratis.server.raftlog.segmented.SegmentedRaftLogWorker.run(SegmentedRaftLogWorker.java:289)
	at java.lang.Thread.run(Thread.java:748)
Caused by: java.util.concurrent.TimeoutException
	at java.util.concurrent.CompletableFuture.timedGet(CompletableFuture.java:1771)
	at java.util.concurrent.CompletableFuture.get(CompletableFuture.java:1915)
	at org.apache.ratis.util.IOUtils.getFromFuture(IOUtils.java:79)
	... 4 more
2019-09-16 19:11:33,390 [52078b41-1f38-4037-a826-db5ef9cf1b82@group-C8C33BDD9912-SegmentedRaftLogWorker] WARN  segmented.SegmentedRaftLogWorker (SegmentedRaftLogWorker.java:getFromFuture(90)) - Timeout 0/~
org.apache.ratis.protocol.TimeoutIOException: Timeout 10s: WriteLog:18: (t:2, i:18), STATEMACHINELOGENTRY, client-C26E20CEB926, cid=40-writeStateMachineData
	at org.apache.ratis.util.IOUtils.getFromFuture(IOUtils.java:87)
	at org.apache.ratis.server.raftlog.segmented.SegmentedRaftLogWorker$StateMachineDataPolicy.getFromFuture(SegmentedRaftLogWorker.java:87)
	at org.apache.ratis.server.raftlog.segmented.SegmentedRaftLogWorker$WriteLog.execute(SegmentedRaftLogWorker.java:477)
	at org.apache.ratis.server.raftlog.segmented.SegmentedRaftLogWorker.run(SegmentedRaftLogWorker.java:289)
	at java.lang.Thread.run(Thread.java:748)
Caused by: java.util.concurrent.TimeoutException
	at java.util.concurrent.CompletableFuture.timedGet(CompletableFuture.java:1771)
	at java.util.concurrent.CompletableFuture.get(CompletableFuture.java:1915)
	at org.apache.ratis.util.IOUtils.getFromFuture(IOUtils.java:79)
	... 4 more
2019-09-16 19:11:33,404 [30fc0d14-cbc7-4743-b48a-59ef39c48768@group-C8C33BDD9912-SegmentedRaftLogWorker] WARN  segmented.SegmentedRaftLogWorker (SegmentedRaftLogWorker.java:getFromFuture(90)) - Timeout 0/~
org.apache.ratis.protocol.TimeoutIOException: Timeout 10s: WriteLog:18: (t:2, i:18), STATEMACHINELOGENTRY, client-C26E20CEB926, cid=40-writeStateMachineData
	at org.apache.ratis.util.IOUtils.getFromFuture(IOUtils.java:87)
	at org.apache.ratis.server.raftlog.segmented.SegmentedRaftLogWorker$StateMachineDataPolicy.getFromFuture(SegmentedRaftLogWorker.java:87)
	at org.apache.ratis.server.raftlog.segmented.SegmentedRaftLogWorker$WriteLog.execute(SegmentedRaftLogWorker.java:477)
	at org.apache.ratis.server.raftlog.segmented.SegmentedRaftLogWorker.run(SegmentedRaftLogWorker.java:289)
	at java.lang.Thread.run(Thread.java:748)
Caused by: java.util.concurrent.TimeoutException
	at java.util.concurrent.CompletableFuture.timedGet(CompletableFuture.java:1771)
	at java.util.concurrent.CompletableFuture.get(CompletableFuture.java:1915)
	at org.apache.ratis.util.IOUtils.getFromFuture(IOUtils.java:79)
	... 4 more
2019-09-16 19:11:33,489 [grpc-default-executor-2] INFO  client.GrpcClientProtocolClient (GrpcClientProtocolClient.java:onNext(264)) - client-C26E20CEB926->52078b41-1f38-4037-a826-db5ef9cf1b82: receive RaftClientReply:client-C26E20CEB926->52078b41-1f38-4037-a826-db5ef9cf1b82@group-C8C33BDD9912, cid=38, FAILED org.apache.ratis.protocol.NotLeaderException: Server 52078b41-1f38-4037-a826-db5ef9cf1b82@group-C8C33BDD9912 is not the leader 4eec4314-a089-48fe-8241-8a8066126e3f:192.168.34.56:36988, logIndex=0, commits[52078b41-1f38-4037-a826-db5ef9cf1b82:c15, 30fc0d14-cbc7-4743-b48a-59ef39c48768:c13, 4eec4314-a089-48fe-8241-8a8066126e3f:c15]
2019-09-16 19:11:33,838 [java.util.concurrent.ThreadPoolExecutor$Worker@4d174f1d[State = -1, empty queue]] WARN  server.GrpcLogAppender (GrpcLogAppender.java:timeoutAppendRequest(200)) - 4eec4314-a089-48fe-8241-8a8066126e3f@group-C8C33BDD9912->52078b41-1f38-4037-a826-db5ef9cf1b82-GrpcLogAppender: appendEntries Timeout, request=4eec4314-a089-48fe-8241-8a8066126e3f->52078b41-1f38-4037-a826-db5ef9cf1b82#36-t2, previous=(t:2, i:19), leaderCommit=15, initializing? false, entries: <empty>
2019-09-16 19:11:33,854 [java.util.concurrent.ThreadPoolExecutor$Worker@270df07d[State = -1, empty queue]] WARN  server.GrpcLogAppender (GrpcLogAppender.java:timeoutAppendRequest(200)) - 4eec4314-a089-48fe-8241-8a8066126e3f@group-C8C33BDD9912->30fc0d14-cbc7-4743-b48a-59ef39c48768-GrpcLogAppender: appendEntries Timeout, request=4eec4314-a089-48fe-8241-8a8066126e3f->30fc0d14-cbc7-4743-b48a-59ef39c48768#36-t2, previous=(t:2, i:19), leaderCommit=15, initializing? false, entries: <empty>
2019-09-16 19:11:34,332 [java.util.concurrent.ThreadPoolExecutor$Worker@4d174f1d[State = -1, empty queue]] WARN  server.GrpcLogAppender (GrpcLogAppender.java:timeoutAppendRequest(200)) - 4eec4314-a089-48fe-8241-8a8066126e3f@group-C8C33BDD9912->52078b41-1f38-4037-a826-db5ef9cf1b82-GrpcLogAppender: appendEntries Timeout, request=4eec4314-a089-48fe-8241-8a8066126e3f->52078b41-1f38-4037-a826-db5ef9cf1b82#37-t2, previous=(t:2, i:19), leaderCommit=15, initializing? false, entries: <empty>
2019-09-16 19:11:34,355 [java.util.concurrent.ThreadPoolExecutor$Worker@270df07d[State = -1, empty queue]] WARN  server.GrpcLogAppender (GrpcLogAppender.java:timeoutAppendRequest(200)) - 4eec4314-a089-48fe-8241-8a8066126e3f@group-C8C33BDD9912->30fc0d14-cbc7-4743-b48a-59ef39c48768-GrpcLogAppender: appendEntries Timeout, request=4eec4314-a089-48fe-8241-8a8066126e3f->30fc0d14-cbc7-4743-b48a-59ef39c48768#37-t2, previous=(t:2, i:19), leaderCommit=15, initializing? false, entries: <empty>
2019-09-16 19:11:34,832 [java.util.concurrent.ThreadPoolExecutor$Worker@4d174f1d[State = -1, empty queue]] WARN  server.GrpcLogAppender (GrpcLogAppender.java:timeoutAppendRequest(200)) - 4eec4314-a089-48fe-8241-8a8066126e3f@group-C8C33BDD9912->52078b41-1f38-4037-a826-db5ef9cf1b82-GrpcLogAppender: appendEntries Timeout, request=4eec4314-a089-48fe-8241-8a8066126e3f->52078b41-1f38-4037-a826-db5ef9cf1b82#38-t2, previous=(t:2, i:19), leaderCommit=15, initializing? false, entries: <empty>
2019-09-16 19:11:34,855 [java.util.concurrent.ThreadPoolExecutor$Worker@270df07d[State = -1, empty queue]] WARN  server.GrpcLogAppender (GrpcLogAppender.java:timeoutAppendRequest(200)) - 4eec4314-a089-48fe-8241-8a8066126e3f@group-C8C33BDD9912->30fc0d14-cbc7-4743-b48a-59ef39c48768-GrpcLogAppender: appendEntries Timeout, request=4eec4314-a089-48fe-8241-8a8066126e3f->30fc0d14-cbc7-4743-b48a-59ef39c48768#38-t2, previous=(t:2, i:19), leaderCommit=15, initializing? false, entries: <empty>
2019-09-16 19:11:35,333 [java.util.concurrent.ThreadPoolExecutor$Worker@4d174f1d[State = -1, empty queue]] WARN  server.GrpcLogAppender (GrpcLogAppender.java:timeoutAppendRequest(200)) - 4eec4314-a089-48fe-8241-8a8066126e3f@group-C8C33BDD9912->52078b41-1f38-4037-a826-db5ef9cf1b82-GrpcLogAppender: appendEntries Timeout, request=4eec4314-a089-48fe-8241-8a8066126e3f->52078b41-1f38-4037-a826-db5ef9cf1b82#39-t2, previous=(t:2, i:19), leaderCommit=15, initializing? false, entries: <empty>
2019-09-16 19:11:35,355 [java.util.concurrent.ThreadPoolExecutor$Worker@270df07d[State = -1, empty queue]] WARN  server.GrpcLogAppender (GrpcLogAppender.java:timeoutAppendRequest(200)) - 4eec4314-a089-48fe-8241-8a8066126e3f@group-C8C33BDD9912->30fc0d14-cbc7-4743-b48a-59ef39c48768-GrpcLogAppender: appendEntries Timeout, request=4eec4314-a089-48fe-8241-8a8066126e3f->30fc0d14-cbc7-4743-b48a-59ef39c48768#39-t2, previous=(t:2, i:19), leaderCommit=15, initializing? false, entries: <empty>
2019-09-16 19:11:35,833 [java.util.concurrent.ThreadPoolExecutor$Worker@4d174f1d[State = -1, empty queue]] WARN  server.GrpcLogAppender (GrpcLogAppender.java:timeoutAppendRequest(200)) - 4eec4314-a089-48fe-8241-8a8066126e3f@group-C8C33BDD9912->52078b41-1f38-4037-a826-db5ef9cf1b82-GrpcLogAppender: appendEntries Timeout, request=4eec4314-a089-48fe-8241-8a8066126e3f->52078b41-1f38-4037-a826-db5ef9cf1b82#40-t2, previous=(t:2, i:19), leaderCommit=15, initializing? false, entries: <empty>
2019-09-16 19:11:35,856 [java.util.concurrent.ThreadPoolExecutor$Worker@270df07d[State = -1, empty queue]] WARN  server.GrpcLogAppender (GrpcLogAppender.java:timeoutAppendRequest(200)) - 4eec4314-a089-48fe-8241-8a8066126e3f@group-C8C33BDD9912->30fc0d14-cbc7-4743-b48a-59ef39c48768-GrpcLogAppender: appendEntries Timeout, request=4eec4314-a089-48fe-8241-8a8066126e3f->30fc0d14-cbc7-4743-b48a-59ef39c48768#40-t2, previous=(t:2, i:19), leaderCommit=15, initializing? false, entries: <empty>
2019-09-16 19:11:36,334 [java.util.concurrent.ThreadPoolExecutor$Worker@4d174f1d[State = -1, empty queue]] WARN  server.GrpcLogAppender (GrpcLogAppender.java:timeoutAppendRequest(200)) - 4eec4314-a089-48fe-8241-8a8066126e3f@group-C8C33BDD9912->52078b41-1f38-4037-a826-db5ef9cf1b82-GrpcLogAppender: appendEntries Timeout, request=4eec4314-a089-48fe-8241-8a8066126e3f->52078b41-1f38-4037-a826-db5ef9cf1b82#41-t2, previous=(t:2, i:19), leaderCommit=15, initializing? false, entries: <empty>
2019-09-16 19:11:36,356 [java.util.concurrent.ThreadPoolExecutor$Worker@270df07d[State = -1, empty queue]] WARN  server.GrpcLogAppender (GrpcLogAppender.java:timeoutAppendRequest(200)) - 4eec4314-a089-48fe-8241-8a8066126e3f@group-C8C33BDD9912->30fc0d14-cbc7-4743-b48a-59ef39c48768-GrpcLogAppender: appendEntries Timeout, request=4eec4314-a089-48fe-8241-8a8066126e3f->30fc0d14-cbc7-4743-b48a-59ef39c48768#41-t2, previous=(t:2, i:19), leaderCommit=15, initializing? false, entries: <empty>
2019-09-16 19:11:36,838 [java.util.concurrent.ThreadPoolExecutor$Worker@4d174f1d[State = -1, empty queue]] WARN  server.GrpcLogAppender (GrpcLogAppender.java:timeoutAppendRequest(200)) - 4eec4314-a089-48fe-8241-8a8066126e3f@group-C8C33BDD9912->52078b41-1f38-4037-a826-db5ef9cf1b82-GrpcLogAppender: appendEntries Timeout, request=4eec4314-a089-48fe-8241-8a8066126e3f->52078b41-1f38-4037-a826-db5ef9cf1b82#42-t2, previous=(t:2, i:19), leaderCommit=15, initializing? false, entries: <empty>
2019-09-16 19:11:36,858 [java.util.concurrent.ThreadPoolExecutor$Worker@270df07d[State = -1, empty queue]] WARN  server.GrpcLogAppender (GrpcLogAppender.java:timeoutAppendRequest(200)) - 4eec4314-a089-48fe-8241-8a8066126e3f@group-C8C33BDD9912->30fc0d14-cbc7-4743-b48a-59ef39c48768-GrpcLogAppender: appendEntries Timeout, request=4eec4314-a089-48fe-8241-8a8066126e3f->30fc0d14-cbc7-4743-b48a-59ef39c48768#42-t2, previous=(t:2, i:19), leaderCommit=15, initializing? false, entries: <empty>
2019-09-16 19:11:37,338 [java.util.concurrent.ThreadPoolExecutor$Worker@4d174f1d[State = -1, empty queue]] WARN  server.GrpcLogAppender (GrpcLogAppender.java:timeoutAppendRequest(200)) - 4eec4314-a089-48fe-8241-8a8066126e3f@group-C8C33BDD9912->52078b41-1f38-4037-a826-db5ef9cf1b82-GrpcLogAppender: appendEntries Timeout, request=4eec4314-a089-48fe-8241-8a8066126e3f->52078b41-1f38-4037-a826-db5ef9cf1b82#43-t2, previous=(t:2, i:19), leaderCommit=15, initializing? false, entries: <empty>
2019-09-16 19:11:37,358 [java.util.concurrent.ThreadPoolExecutor$Worker@270df07d[State = -1, empty queue]] WARN  server.GrpcLogAppender (GrpcLogAppender.java:timeoutAppendRequest(200)) - 4eec4314-a089-48fe-8241-8a8066126e3f@group-C8C33BDD9912->30fc0d14-cbc7-4743-b48a-59ef39c48768-GrpcLogAppender: appendEntries Timeout, request=4eec4314-a089-48fe-8241-8a8066126e3f->30fc0d14-cbc7-4743-b48a-59ef39c48768#43-t2, previous=(t:2, i:19), leaderCommit=15, initializing? false, entries: <empty>
2019-09-16 19:11:37,839 [java.util.concurrent.ThreadPoolExecutor$Worker@4d174f1d[State = -1, empty queue]] WARN  server.GrpcLogAppender (GrpcLogAppender.java:timeoutAppendRequest(200)) - 4eec4314-a089-48fe-8241-8a8066126e3f@group-C8C33BDD9912->52078b41-1f38-4037-a826-db5ef9cf1b82-GrpcLogAppender: appendEntries Timeout, request=4eec4314-a089-48fe-8241-8a8066126e3f->52078b41-1f38-4037-a826-db5ef9cf1b82#44-t2, previous=(t:2, i:19), leaderCommit=15, initializing? false, entries: <empty>
2019-09-16 19:11:37,859 [java.util.concurrent.ThreadPoolExecutor$Worker@270df07d[State = -1, empty queue]] WARN  server.GrpcLogAppender (GrpcLogAppender.java:timeoutAppendRequest(200)) - 4eec4314-a089-48fe-8241-8a8066126e3f@group-C8C33BDD9912->30fc0d14-cbc7-4743-b48a-59ef39c48768-GrpcLogAppender: appendEntries Timeout, request=4eec4314-a089-48fe-8241-8a8066126e3f->30fc0d14-cbc7-4743-b48a-59ef39c48768#44-t2, previous=(t:2, i:19), leaderCommit=15, initializing? false, entries: <empty>
2019-09-16 19:11:38,340 [java.util.concurrent.ThreadPoolExecutor$Worker@4d174f1d[State = -1, empty queue]] WARN  server.GrpcLogAppender (GrpcLogAppender.java:timeoutAppendRequest(200)) - 4eec4314-a089-48fe-8241-8a8066126e3f@group-C8C33BDD9912->52078b41-1f38-4037-a826-db5ef9cf1b82-GrpcLogAppender: appendEntries Timeout, request=4eec4314-a089-48fe-8241-8a8066126e3f->52078b41-1f38-4037-a826-db5ef9cf1b82#45-t2, previous=(t:2, i:19), leaderCommit=15, initializing? false, entries: <empty>
2019-09-16 19:11:38,359 [java.util.concurrent.ThreadPoolExecutor$Worker@270df07d[State = -1, empty queue]] WARN  server.GrpcLogAppender (GrpcLogAppender.java:timeoutAppendRequest(200)) - 4eec4314-a089-48fe-8241-8a8066126e3f@group-C8C33BDD9912->30fc0d14-cbc7-4743-b48a-59ef39c48768-GrpcLogAppender: appendEntries Timeout, request=4eec4314-a089-48fe-8241-8a8066126e3f->30fc0d14-cbc7-4743-b48a-59ef39c48768#45-t2, previous=(t:2, i:19), leaderCommit=15, initializing? false, entries: <empty>
2019-09-16 19:11:38,582 [grpc-default-executor-5] INFO  client.GrpcClientProtocolClient (GrpcClientProtocolClient.java:onNext(264)) - client-C26E20CEB926->30fc0d14-cbc7-4743-b48a-59ef39c48768: receive RaftClientReply:client-C26E20CEB926->30fc0d14-cbc7-4743-b48a-59ef39c48768@group-C8C33BDD9912, cid=38, FAILED org.apache.ratis.protocol.NotLeaderException: Server 30fc0d14-cbc7-4743-b48a-59ef39c48768@group-C8C33BDD9912 is not the leader 4eec4314-a089-48fe-8241-8a8066126e3f:192.168.34.56:36988, logIndex=0, commits[30fc0d14-cbc7-4743-b48a-59ef39c48768:c15, 52078b41-1f38-4037-a826-db5ef9cf1b82:c13, 4eec4314-a089-48fe-8241-8a8066126e3f:c15]
2019-09-16 19:11:38,840 [java.util.concurrent.ThreadPoolExecutor$Worker@4d174f1d[State = -1, empty queue]] WARN  server.GrpcLogAppender (GrpcLogAppender.java:timeoutAppendRequest(200)) - 4eec4314-a089-48fe-8241-8a8066126e3f@group-C8C33BDD9912->52078b41-1f38-4037-a826-db5ef9cf1b82-GrpcLogAppender: appendEntries Timeout, request=4eec4314-a089-48fe-8241-8a8066126e3f->52078b41-1f38-4037-a826-db5ef9cf1b82#46-t2, previous=(t:2, i:19), leaderCommit=15, initializing? false, entries: <empty>
2019-09-16 19:11:38,859 [java.util.concurrent.ThreadPoolExecutor$Worker@270df07d[State = -1, empty queue]] WARN  server.GrpcLogAppender (GrpcLogAppender.java:timeoutAppendRequest(200)) - 4eec4314-a089-48fe-8241-8a8066126e3f@group-C8C33BDD9912->30fc0d14-cbc7-4743-b48a-59ef39c48768-GrpcLogAppender: appendEntries Timeout, request=4eec4314-a089-48fe-8241-8a8066126e3f->30fc0d14-cbc7-4743-b48a-59ef39c48768#46-t2, previous=(t:2, i:19), leaderCommit=15, initializing? false, entries: <empty>
2019-09-16 19:11:39,341 [java.util.concurrent.ThreadPoolExecutor$Worker@4d174f1d[State = -1, empty queue]] WARN  server.GrpcLogAppender (GrpcLogAppender.java:timeoutAppendRequest(200)) - 4eec4314-a089-48fe-8241-8a8066126e3f@group-C8C33BDD9912->52078b41-1f38-4037-a826-db5ef9cf1b82-GrpcLogAppender: appendEntries Timeout, request=4eec4314-a089-48fe-8241-8a8066126e3f->52078b41-1f38-4037-a826-db5ef9cf1b82#47-t2, previous=(t:2, i:19), leaderCommit=15, initializing? false, entries: <empty>
2019-09-16 19:11:39,361 [java.util.concurrent.ThreadPoolExecutor$Worker@270df07d[State = -1, empty queue]] WARN  server.GrpcLogAppender (GrpcLogAppender.java:timeoutAppendRequest(200)) - 4eec4314-a089-48fe-8241-8a8066126e3f@group-C8C33BDD9912->30fc0d14-cbc7-4743-b48a-59ef39c48768-GrpcLogAppender: appendEntries Timeout, request=4eec4314-a089-48fe-8241-8a8066126e3f->30fc0d14-cbc7-4743-b48a-59ef39c48768#47-t2, previous=(t:2, i:19), leaderCommit=15, initializing? false, entries: <empty>
2019-09-16 19:11:39,842 [java.util.concurrent.ThreadPoolExecutor$Worker@4d174f1d[State = -1, empty queue]] WARN  server.GrpcLogAppender (GrpcLogAppender.java:timeoutAppendRequest(200)) - 4eec4314-a089-48fe-8241-8a8066126e3f@group-C8C33BDD9912->52078b41-1f38-4037-a826-db5ef9cf1b82-GrpcLogAppender: appendEntries Timeout, request=4eec4314-a089-48fe-8241-8a8066126e3f->52078b41-1f38-4037-a826-db5ef9cf1b82#48-t2, previous=(t:2, i:19), leaderCommit=15, initializing? false, entries: <empty>
2019-09-16 19:11:39,862 [java.util.concurrent.ThreadPoolExecutor$Worker@270df07d[State = -1, empty queue]] WARN  server.GrpcLogAppender (GrpcLogAppender.java:timeoutAppendRequest(200)) - 4eec4314-a089-48fe-8241-8a8066126e3f@group-C8C33BDD9912->30fc0d14-cbc7-4743-b48a-59ef39c48768-GrpcLogAppender: appendEntries Timeout, request=4eec4314-a089-48fe-8241-8a8066126e3f->30fc0d14-cbc7-4743-b48a-59ef39c48768#48-t2, previous=(t:2, i:19), leaderCommit=15, initializing? false, entries: <empty>
2019-09-16 19:11:40,342 [java.util.concurrent.ThreadPoolExecutor$Worker@4d174f1d[State = -1, empty queue]] WARN  server.GrpcLogAppender (GrpcLogAppender.java:timeoutAppendRequest(200)) - 4eec4314-a089-48fe-8241-8a8066126e3f@group-C8C33BDD9912->52078b41-1f38-4037-a826-db5ef9cf1b82-GrpcLogAppender: appendEntries Timeout, request=4eec4314-a089-48fe-8241-8a8066126e3f->52078b41-1f38-4037-a826-db5ef9cf1b82#49-t2, previous=(t:2, i:19), leaderCommit=15, initializing? false, entries: <empty>
2019-09-16 19:11:40,362 [java.util.concurrent.ThreadPoolExecutor$Worker@270df07d[State = -1, empty queue]] WARN  server.GrpcLogAppender (GrpcLogAppender.java:timeoutAppendRequest(200)) - 4eec4314-a089-48fe-8241-8a8066126e3f@group-C8C33BDD9912->30fc0d14-cbc7-4743-b48a-59ef39c48768-GrpcLogAppender: appendEntries Timeout, request=4eec4314-a089-48fe-8241-8a8066126e3f->30fc0d14-cbc7-4743-b48a-59ef39c48768#49-t2, previous=(t:2, i:19), leaderCommit=15, initializing? false, entries: <empty>
2019-09-16 19:11:40,843 [java.util.concurrent.ThreadPoolExecutor$Worker@4d174f1d[State = -1, empty queue]] WARN  server.GrpcLogAppender (GrpcLogAppender.java:timeoutAppendRequest(200)) - 4eec4314-a089-48fe-8241-8a8066126e3f@group-C8C33BDD9912->52078b41-1f38-4037-a826-db5ef9cf1b82-GrpcLogAppender: appendEntries Timeout, request=4eec4314-a089-48fe-8241-8a8066126e3f->52078b41-1f38-4037-a826-db5ef9cf1b82#50-t2, previous=(t:2, i:19), leaderCommit=15, initializing? false, entries: <empty>
2019-09-16 19:11:40,863 [java.util.concurrent.ThreadPoolExecutor$Worker@270df07d[State = -1, empty queue]] WARN  server.GrpcLogAppender (GrpcLogAppender.java:timeoutAppendRequest(200)) - 4eec4314-a089-48fe-8241-8a8066126e3f@group-C8C33BDD9912->30fc0d14-cbc7-4743-b48a-59ef39c48768-GrpcLogAppender: appendEntries Timeout, request=4eec4314-a089-48fe-8241-8a8066126e3f->30fc0d14-cbc7-4743-b48a-59ef39c48768#50-t2, previous=(t:2, i:19), leaderCommit=15, initializing? false, entries: <empty>
2019-09-16 19:11:41,344 [java.util.concurrent.ThreadPoolExecutor$Worker@4d174f1d[State = -1, empty queue]] WARN  server.GrpcLogAppender (GrpcLogAppender.java:timeoutAppendRequest(200)) - 4eec4314-a089-48fe-8241-8a8066126e3f@group-C8C33BDD9912->52078b41-1f38-4037-a826-db5ef9cf1b82-GrpcLogAppender: appendEntries Timeout, request=4eec4314-a089-48fe-8241-8a8066126e3f->52078b41-1f38-4037-a826-db5ef9cf1b82#51-t2, previous=(t:2, i:19), leaderCommit=15, initializing? false, entries: <empty>
2019-09-16 19:11:41,363 [java.util.concurrent.ThreadPoolExecutor$Worker@270df07d[State = -1, empty queue]] WARN  server.GrpcLogAppender (GrpcLogAppender.java:timeoutAppendRequest(200)) - 4eec4314-a089-48fe-8241-8a8066126e3f@group-C8C33BDD9912->30fc0d14-cbc7-4743-b48a-59ef39c48768-GrpcLogAppender: appendEntries Timeout, request=4eec4314-a089-48fe-8241-8a8066126e3f->30fc0d14-cbc7-4743-b48a-59ef39c48768#51-t2, previous=(t:2, i:19), leaderCommit=15, initializing? false, entries: <empty>
2019-09-16 19:11:41,620 [main] WARN  io.KeyOutputStream (KeyOutputStream.java:handleException(276)) - Encountered exception java.io.IOException: Unexpected Storage Container Exception: java.util.concurrent.CompletionException: java.util.concurrent.CompletionException: org.apache.ratis.protocol.RaftRetryFailureException: Failed RaftClientRequest:client-C26E20CEB926->4eec4314-a089-48fe-8241-8a8066126e3f@group-C8C33BDD9912, cid=38, seq=9*, RW, org.apache.hadoop.hdds.scm.XceiverClientRatis$$Lambda$432/1566285515@a42b929 for 10 attempts with RetryLimited(maxAttempts=10, sleepTime=1000ms) on the pipeline Pipeline[ Id: 21907c1c-dbc7-4108-aded-c8c33bdd9912, Nodes: 4eec4314-a089-48fe-8241-8a8066126e3f{ip: 192.168.34.56, host: pr-hdds-2111-hlhfn-3535364396, networkLocation: /default-rack, certSerialId: null}30fc0d14-cbc7-4743-b48a-59ef39c48768{ip: 192.168.34.56, host: pr-hdds-2111-hlhfn-3535364396, networkLocation: /default-rack, certSerialId: null}52078b41-1f38-4037-a826-db5ef9cf1b82{ip: 192.168.34.56, host: pr-hdds-2111-hlhfn-3535364396, networkLocation: /default-rack, certSerialId: null}, Type:RATIS, Factor:THREE, State:OPEN]. The last committed block length is 0, uncommitted data length is 2097152 retry count 0
2019-09-16 19:11:41,753 [grpc-default-executor-1] INFO  client.GrpcClientProtocolClient (GrpcClientProtocolClient.java:onNext(264)) - client-76909DE03A78->4bce4e32-952c-4220-bcc9-22a10ce18ca8: receive RaftClientReply:client-76909DE03A78->4bce4e32-952c-4220-bcc9-22a10ce18ca8@group-B5EFBA83B44C, cid=42, SUCCESS, logIndex=17, commits[4bce4e32-952c-4220-bcc9-22a10ce18ca8:c17, e0619aa3-4ba4-49c8-ac60-3d80bbb74aab:c16, 930b1328-fc80-47b7-a4b1-f8330041d315:c16]
2019-09-16 19:11:41,791 [grpc-default-executor-1] INFO  client.GrpcClientProtocolClient (GrpcClientProtocolClient.java:onNext(264)) - client-76909DE03A78->4bce4e32-952c-4220-bcc9-22a10ce18ca8: receive RaftClientReply:client-76909DE03A78->4bce4e32-952c-4220-bcc9-22a10ce18ca8@group-B5EFBA83B44C, cid=43, SUCCESS, logIndex=19, commits[4bce4e32-952c-4220-bcc9-22a10ce18ca8:c23, e0619aa3-4ba4-49c8-ac60-3d80bbb74aab:c22, 930b1328-fc80-47b7-a4b1-f8330041d315:c22]
2019-09-16 19:11:41,791 [grpc-default-executor-1] INFO  client.GrpcClientProtocolClient (GrpcClientProtocolClient.java:onNext(264)) - client-76909DE03A78->4bce4e32-952c-4220-bcc9-22a10ce18ca8: receive RaftClientReply:client-76909DE03A78->4bce4e32-952c-4220-bcc9-22a10ce18ca8@group-B5EFBA83B44C, cid=44, SUCCESS, logIndex=20, commits[4bce4e32-952c-4220-bcc9-22a10ce18ca8:c23, e0619aa3-4ba4-49c8-ac60-3d80bbb74aab:c22, 930b1328-fc80-47b7-a4b1-f8330041d315:c22]
2019-09-16 19:11:41,836 [grpc-default-executor-1] INFO  client.GrpcClientProtocolClient (GrpcClientProtocolClient.java:onNext(264)) - client-76909DE03A78->4bce4e32-952c-4220-bcc9-22a10ce18ca8: receive RaftClientReply:client-76909DE03A78->4bce4e32-952c-4220-bcc9-22a10ce18ca8@group-B5EFBA83B44C, cid=45, SUCCESS, logIndex=21, commits[4bce4e32-952c-4220-bcc9-22a10ce18ca8:c23, e0619aa3-4ba4-49c8-ac60-3d80bbb74aab:c22, 930b1328-fc80-47b7-a4b1-f8330041d315:c22]
2019-09-16 19:11:41,845 [java.util.concurrent.ThreadPoolExecutor$Worker@4d174f1d[State = -1, empty queue]] WARN  server.GrpcLogAppender (GrpcLogAppender.java:timeoutAppendRequest(200)) - 4eec4314-a089-48fe-8241-8a8066126e3f@group-C8C33BDD9912->52078b41-1f38-4037-a826-db5ef9cf1b82-GrpcLogAppender: appendEntries Timeout, request=4eec4314-a089-48fe-8241-8a8066126e3f->52078b41-1f38-4037-a826-db5ef9cf1b82#52-t2, previous=(t:2, i:19), leaderCommit=15, initializing? false, entries: <empty>
2019-09-16 19:11:41,865 [java.util.concurrent.ThreadPoolExecutor$Worker@270df07d[State = -1, empty queue]] WARN  server.GrpcLogAppender (GrpcLogAppender.java:timeoutAppendRequest(200)) - 4eec4314-a089-48fe-8241-8a8066126e3f@group-C8C33BDD9912->30fc0d14-cbc7-4743-b48a-59ef39c48768-GrpcLogAppender: appendEntries Timeout, request=4eec4314-a089-48fe-8241-8a8066126e3f->30fc0d14-cbc7-4743-b48a-59ef39c48768#52-t2, previous=(t:2, i:19), leaderCommit=15, initializing? false, entries: <empty>
2019-09-16 19:11:42,346 [java.util.concurrent.ThreadPoolExecutor$Worker@4d174f1d[State = -1, empty queue]] WARN  server.GrpcLogAppender (GrpcLogAppender.java:timeoutAppendRequest(200)) - 4eec4314-a089-48fe-8241-8a8066126e3f@group-C8C33BDD9912->52078b41-1f38-4037-a826-db5ef9cf1b82-GrpcLogAppender: appendEntries Timeout, request=4eec4314-a089-48fe-8241-8a8066126e3f->52078b41-1f38-4037-a826-db5ef9cf1b82#53-t2, previous=(t:2, i:19), leaderCommit=15, initializing? false, entries: <empty>
2019-09-16 19:11:42,366 [java.util.concurrent.ThreadPoolExecutor$Worker@270df07d[State = -1, empty queue]] WARN  server.GrpcLogAppender (GrpcLogAppender.java:timeoutAppendRequest(200)) - 4eec4314-a089-48fe-8241-8a8066126e3f@group-C8C33BDD9912->30fc0d14-cbc7-4743-b48a-59ef39c48768-GrpcLogAppender: appendEntries Timeout, request=4eec4314-a089-48fe-8241-8a8066126e3f->30fc0d14-cbc7-4743-b48a-59ef39c48768#53-t2, previous=(t:2, i:19), leaderCommit=15, initializing? false, entries: <empty>
2019-09-16 19:11:42,742 [Datanode State Machine Thread - 0] INFO  statemachine.DatanodeStateMachine (DatanodeStateMachine.java:lambda$startDaemon$0(350)) - Ozone container server started.
2019-09-16 19:11:42,847 [java.util.concurrent.ThreadPoolExecutor$Worker@4d174f1d[State = -1, empty queue]] WARN  server.GrpcLogAppender (GrpcLogAppender.java:timeoutAppendRequest(200)) - 4eec4314-a089-48fe-8241-8a8066126e3f@group-C8C33BDD9912->52078b41-1f38-4037-a826-db5ef9cf1b82-GrpcLogAppender: appendEntries Timeout, request=4eec4314-a089-48fe-8241-8a8066126e3f->52078b41-1f38-4037-a826-db5ef9cf1b82#54-t2, previous=(t:2, i:19), leaderCommit=15, initializing? false, entries: <empty>
2019-09-16 19:11:42,866 [java.util.concurrent.ThreadPoolExecutor$Worker@270df07d[State = -1, empty queue]] WARN  server.GrpcLogAppender (GrpcLogAppender.java:timeoutAppendRequest(200)) - 4eec4314-a089-48fe-8241-8a8066126e3f@group-C8C33BDD9912->30fc0d14-cbc7-4743-b48a-59ef39c48768-GrpcLogAppender: appendEntries Timeout, request=4eec4314-a089-48fe-8241-8a8066126e3f->30fc0d14-cbc7-4743-b48a-59ef39c48768#54-t2, previous=(t:2, i:19), leaderCommit=15, initializing? false, entries: <empty>
2019-09-16 19:11:43,347 [java.util.concurrent.ThreadPoolExecutor$Worker@4d174f1d[State = -1, empty queue]] WARN  server.GrpcLogAppender (GrpcLogAppender.java:timeoutAppendRequest(200)) - 4eec4314-a089-48fe-8241-8a8066126e3f@group-C8C33BDD9912->52078b41-1f38-4037-a826-db5ef9cf1b82-GrpcLogAppender: appendEntries Timeout, request=4eec4314-a089-48fe-8241-8a8066126e3f->52078b41-1f38-4037-a826-db5ef9cf1b82#55-t2, previous=(t:2, i:19), leaderCommit=15, initializing? false, entries: <empty>
2019-09-16 19:11:43,367 [java.util.concurrent.ThreadPoolExecutor$Worker@270df07d[State = -1, empty queue]] WARN  server.GrpcLogAppender (GrpcLogAppender.java:timeoutAppendRequest(200)) - 4eec4314-a089-48fe-8241-8a8066126e3f@group-C8C33BDD9912->30fc0d14-cbc7-4743-b48a-59ef39c48768-GrpcLogAppender: appendEntries Timeout, request=4eec4314-a089-48fe-8241-8a8066126e3f->30fc0d14-cbc7-4743-b48a-59ef39c48768#55-t2, previous=(t:2, i:19), leaderCommit=15, initializing? false, entries: <empty>
2019-09-16 19:11:43,393 [4eec4314-a089-48fe-8241-8a8066126e3f@group-C8C33BDD9912-SegmentedRaftLogWorker] WARN  segmented.SegmentedRaftLogWorker (SegmentedRaftLogWorker.java:getFromFuture(90)) - Timeout 1/~
org.apache.ratis.protocol.TimeoutIOException: Timeout 10s: WriteLog:18: (t:2, i:18), STATEMACHINELOGENTRY, client-C26E20CEB926, cid=40-writeStateMachineData
	at org.apache.ratis.util.IOUtils.getFromFuture(IOUtils.java:87)
	at org.apache.ratis.server.raftlog.segmented.SegmentedRaftLogWorker$StateMachineDataPolicy.getFromFuture(SegmentedRaftLogWorker.java:87)
	at org.apache.ratis.server.raftlog.segmented.SegmentedRaftLogWorker$WriteLog.execute(SegmentedRaftLogWorker.java:477)
	at org.apache.ratis.server.raftlog.segmented.SegmentedRaftLogWorker.run(SegmentedRaftLogWorker.java:289)
	at java.lang.Thread.run(Thread.java:748)
Caused by: java.util.concurrent.TimeoutException
	at java.util.concurrent.CompletableFuture.timedGet(CompletableFuture.java:1771)
	at java.util.concurrent.CompletableFuture.get(CompletableFuture.java:1915)
	at org.apache.ratis.util.IOUtils.getFromFuture(IOUtils.java:79)
	... 4 more
2019-09-16 19:11:43,393 [52078b41-1f38-4037-a826-db5ef9cf1b82@group-C8C33BDD9912-SegmentedRaftLogWorker] WARN  segmented.SegmentedRaftLogWorker (SegmentedRaftLogWorker.java:getFromFuture(90)) - Timeout 1/~
org.apache.ratis.protocol.TimeoutIOException: Timeout 10s: WriteLog:18: (t:2, i:18), STATEMACHINELOGENTRY, client-C26E20CEB926, cid=40-writeStateMachineData
	at org.apache.ratis.util.IOUtils.getFromFuture(IOUtils.java:87)
	at org.apache.ratis.server.raftlog.segmented.SegmentedRaftLogWorker$StateMachineDataPolicy.getFromFuture(SegmentedRaftLogWorker.java:87)
	at org.apache.ratis.server.raftlog.segmented.SegmentedRaftLogWorker$WriteLog.execute(SegmentedRaftLogWorker.java:477)
	at org.apache.ratis.server.raftlog.segmented.SegmentedRaftLogWorker.run(SegmentedRaftLogWorker.java:289)
	at java.lang.Thread.run(Thread.java:748)
Caused by: java.util.concurrent.TimeoutException
	at java.util.concurrent.CompletableFuture.timedGet(CompletableFuture.java:1771)
	at java.util.concurrent.CompletableFuture.get(CompletableFuture.java:1915)
	at org.apache.ratis.util.IOUtils.getFromFuture(IOUtils.java:79)
	... 4 more
2019-09-16 19:11:43,405 [30fc0d14-cbc7-4743-b48a-59ef39c48768@group-C8C33BDD9912-SegmentedRaftLogWorker] WARN  segmented.SegmentedRaftLogWorker (SegmentedRaftLogWorker.java:getFromFuture(90)) - Timeout 1/~
org.apache.ratis.protocol.TimeoutIOException: Timeout 10s: WriteLog:18: (t:2, i:18), STATEMACHINELOGENTRY, client-C26E20CEB926, cid=40-writeStateMachineData
	at org.apache.ratis.util.IOUtils.getFromFuture(IOUtils.java:87)
	at org.apache.ratis.server.raftlog.segmented.SegmentedRaftLogWorker$StateMachineDataPolicy.getFromFuture(SegmentedRaftLogWorker.java:87)
	at org.apache.ratis.server.raftlog.segmented.SegmentedRaftLogWorker$WriteLog.execute(SegmentedRaftLogWorker.java:477)
	at org.apache.ratis.server.raftlog.segmented.SegmentedRaftLogWorker.run(SegmentedRaftLogWorker.java:289)
	at java.lang.Thread.run(Thread.java:748)
Caused by: java.util.concurrent.TimeoutException
	at java.util.concurrent.CompletableFuture.timedGet(CompletableFuture.java:1771)
	at java.util.concurrent.CompletableFuture.get(CompletableFuture.java:1915)
	at org.apache.ratis.util.IOUtils.getFromFuture(IOUtils.java:79)
	... 4 more
2019-09-16 19:11:43,848 [java.util.concurrent.ThreadPoolExecutor$Worker@4d174f1d[State = -1, empty queue]] WARN  server.GrpcLogAppender (GrpcLogAppender.java:timeoutAppendRequest(200)) - 4eec4314-a089-48fe-8241-8a8066126e3f@group-C8C33BDD9912->52078b41-1f38-4037-a826-db5ef9cf1b82-GrpcLogAppender: appendEntries Timeout, request=4eec4314-a089-48fe-8241-8a8066126e3f->52078b41-1f38-4037-a826-db5ef9cf1b82#56-t2, previous=(t:2, i:19), leaderCommit=15, initializing? false, entries: <empty>
2019-09-16 19:11:43,867 [java.util.concurrent.ThreadPoolExecutor$Worker@270df07d[State = -1, empty queue]] WARN  server.GrpcLogAppender (GrpcLogAppender.java:timeoutAppendRequest(200)) - 4eec4314-a089-48fe-8241-8a8066126e3f@group-C8C33BDD9912->30fc0d14-cbc7-4743-b48a-59ef39c48768-GrpcLogAppender: appendEntries Timeout, request=4eec4314-a089-48fe-8241-8a8066126e3f->30fc0d14-cbc7-4743-b48a-59ef39c48768#56-t2, previous=(t:2, i:19), leaderCommit=15, initializing? false, entries: <empty>
2019-09-16 19:11:44,348 [java.util.concurrent.ThreadPoolExecutor$Worker@4d174f1d[State = -1, empty queue]] WARN  server.GrpcLogAppender (GrpcLogAppender.java:timeoutAppendRequest(200)) - 4eec4314-a089-48fe-8241-8a8066126e3f@group-C8C33BDD9912->52078b41-1f38-4037-a826-db5ef9cf1b82-GrpcLogAppender: appendEntries Timeout, request=4eec4314-a089-48fe-8241-8a8066126e3f->52078b41-1f38-4037-a826-db5ef9cf1b82#57-t2, previous=(t:2, i:19), leaderCommit=15, initializing? false, entries: <empty>
2019-09-16 19:11:44,368 [java.util.concurrent.ThreadPoolExecutor$Worker@270df07d[State = -1, empty queue]] WARN  server.GrpcLogAppender (GrpcLogAppender.java:timeoutAppendRequest(200)) - 4eec4314-a089-48fe-8241-8a8066126e3f@group-C8C33BDD9912->30fc0d14-cbc7-4743-b48a-59ef39c48768-GrpcLogAppender: appendEntries Timeout, request=4eec4314-a089-48fe-8241-8a8066126e3f->30fc0d14-cbc7-4743-b48a-59ef39c48768#57-t2, previous=(t:2, i:19), leaderCommit=15, initializing? false, entries: <empty>
2019-09-16 19:11:44,849 [java.util.concurrent.ThreadPoolExecutor$Worker@4d174f1d[State = -1, empty queue]] WARN  server.GrpcLogAppender (GrpcLogAppender.java:timeoutAppendRequest(200)) - 4eec4314-a089-48fe-8241-8a8066126e3f@group-C8C33BDD9912->52078b41-1f38-4037-a826-db5ef9cf1b82-GrpcLogAppender: appendEntries Timeout, request=4eec4314-a089-48fe-8241-8a8066126e3f->52078b41-1f38-4037-a826-db5ef9cf1b82#58-t2, previous=(t:2, i:19), leaderCommit=15, initializing? false, entries: <empty>
2019-09-16 19:11:44,868 [java.util.concurrent.ThreadPoolExecutor$Worker@270df07d[State = -1, empty queue]] WARN  server.GrpcLogAppender (GrpcLogAppender.java:timeoutAppendRequest(200)) - 4eec4314-a089-48fe-8241-8a8066126e3f@group-C8C33BDD9912->30fc0d14-cbc7-4743-b48a-59ef39c48768-GrpcLogAppender: appendEntries Timeout, request=4eec4314-a089-48fe-8241-8a8066126e3f->30fc0d14-cbc7-4743-b48a-59ef39c48768#58-t2, previous=(t:2, i:19), leaderCommit=15, initializing? false, entries: <empty>
2019-09-16 19:11:45,349 [java.util.concurrent.ThreadPoolExecutor$Worker@4d174f1d[State = -1, empty queue]] WARN  server.GrpcLogAppender (GrpcLogAppender.java:timeoutAppendRequest(200)) - 4eec4314-a089-48fe-8241-8a8066126e3f@group-C8C33BDD9912->52078b41-1f38-4037-a826-db5ef9cf1b82-GrpcLogAppender: appendEntries Timeout, request=4eec4314-a089-48fe-8241-8a8066126e3f->52078b41-1f38-4037-a826-db5ef9cf1b82#59-t2, previous=(t:2, i:19), leaderCommit=15, initializing? false, entries: <empty>
2019-09-16 19:11:45,368 [java.util.concurrent.ThreadPoolExecutor$Worker@270df07d[State = -1, empty queue]] WARN  server.GrpcLogAppender (GrpcLogAppender.java:timeoutAppendRequest(200)) - 4eec4314-a089-48fe-8241-8a8066126e3f@group-C8C33BDD9912->30fc0d14-cbc7-4743-b48a-59ef39c48768-GrpcLogAppender: appendEntries Timeout, request=4eec4314-a089-48fe-8241-8a8066126e3f->30fc0d14-cbc7-4743-b48a-59ef39c48768#59-t2, previous=(t:2, i:19), leaderCommit=15, initializing? false, entries: <empty>
2019-09-16 19:11:45,852 [java.util.concurrent.ThreadPoolExecutor$Worker@4d174f1d[State = -1, empty queue]] WARN  server.GrpcLogAppender (GrpcLogAppender.java:timeoutAppendRequest(200)) - 4eec4314-a089-48fe-8241-8a8066126e3f@group-C8C33BDD9912->52078b41-1f38-4037-a826-db5ef9cf1b82-GrpcLogAppender: appendEntries Timeout, request=4eec4314-a089-48fe-8241-8a8066126e3f->52078b41-1f38-4037-a826-db5ef9cf1b82#60-t2, previous=(t:2, i:19), leaderCommit=15, initializing? false, entries: <empty>
2019-09-16 19:11:45,868 [java.util.concurrent.ThreadPoolExecutor$Worker@270df07d[State = -1, empty queue]] WARN  server.GrpcLogAppender (GrpcLogAppender.java:timeoutAppendRequest(200)) - 4eec4314-a089-48fe-8241-8a8066126e3f@group-C8C33BDD9912->30fc0d14-cbc7-4743-b48a-59ef39c48768-GrpcLogAppender: appendEntries Timeout, request=4eec4314-a089-48fe-8241-8a8066126e3f->30fc0d14-cbc7-4743-b48a-59ef39c48768#60-t2, previous=(t:2, i:19), leaderCommit=15, initializing? false, entries: <empty>
2019-09-16 19:11:46,352 [java.util.concurrent.ThreadPoolExecutor$Worker@4d174f1d[State = -1, empty queue]] WARN  server.GrpcLogAppender (GrpcLogAppender.java:timeoutAppendRequest(200)) - 4eec4314-a089-48fe-8241-8a8066126e3f@group-C8C33BDD9912->52078b41-1f38-4037-a826-db5ef9cf1b82-GrpcLogAppender: appendEntries Timeout, request=4eec4314-a089-48fe-8241-8a8066126e3f->52078b41-1f38-4037-a826-db5ef9cf1b82#61-t2, previous=(t:2, i:19), leaderCommit=15, initializing? false, entries: <empty>
2019-09-16 19:11:46,369 [java.util.concurrent.ThreadPoolExecutor$Worker@270df07d[State = -1, empty queue]] WARN  server.GrpcLogAppender (GrpcLogAppender.java:timeoutAppendRequest(200)) - 4eec4314-a089-48fe-8241-8a8066126e3f@group-C8C33BDD9912->30fc0d14-cbc7-4743-b48a-59ef39c48768-GrpcLogAppender: appendEntries Timeout, request=4eec4314-a089-48fe-8241-8a8066126e3f->30fc0d14-cbc7-4743-b48a-59ef39c48768#61-t2, previous=(t:2, i:19), leaderCommit=15, initializing? false, entries: <empty>
2019-09-16 19:11:46,842 [main] INFO  ozoneimpl.OzoneContainer (OzoneContainer.java:stop(231)) - Attempting to stop container services.
2019-09-16 19:11:46,844 [main] INFO  impl.RaftServerProxy (RaftServerProxy.java:lambda$close$4(314)) - 4bce4e32-952c-4220-bcc9-22a10ce18ca8: close
2019-09-16 19:11:46,846 [main] INFO  impl.RaftServerImpl (RaftServerImpl.java:lambda$shutdown$3(251)) - 4bce4e32-952c-4220-bcc9-22a10ce18ca8@group-AE8201FBCF7A: shutdown
2019-09-16 19:11:46,846 [ForkJoinPool.commonPool-worker-0] INFO  impl.RaftServerImpl (RaftServerImpl.java:lambda$shutdown$3(251)) - 4bce4e32-952c-4220-bcc9-22a10ce18ca8@group-B5EFBA83B44C: shutdown
2019-09-16 19:11:46,846 [main] INFO  util.JmxRegister (JmxRegister.java:unregister(73)) - Successfully un-registered JMX Bean with object name Ratis:service=RaftServer,group=group-AE8201FBCF7A,id=4bce4e32-952c-4220-bcc9-22a10ce18ca8
2019-09-16 19:11:46,847 [ForkJoinPool.commonPool-worker-0] INFO  util.JmxRegister (JmxRegister.java:unregister(73)) - Successfully un-registered JMX Bean with object name Ratis:service=RaftServer,group=group-B5EFBA83B44C,id=4bce4e32-952c-4220-bcc9-22a10ce18ca8
2019-09-16 19:11:46,847 [main] INFO  impl.RoleInfo (RoleInfo.java:shutdownLeaderState(104)) - 4bce4e32-952c-4220-bcc9-22a10ce18ca8: shutdown LeaderState
2019-09-16 19:11:46,847 [ForkJoinPool.commonPool-worker-0] INFO  impl.RoleInfo (RoleInfo.java:shutdownLeaderState(104)) - 4bce4e32-952c-4220-bcc9-22a10ce18ca8: shutdown LeaderState
2019-09-16 19:11:46,848 [main] INFO  impl.PendingRequests (PendingRequests.java:sendNotLeaderResponses(202)) - 4bce4e32-952c-4220-bcc9-22a10ce18ca8-PendingRequests: sendNotLeaderResponses
2019-09-16 19:11:46,859 [ForkJoinPool.commonPool-worker-0] INFO  impl.PendingRequests (PendingRequests.java:sendNotLeaderResponses(202)) - 4bce4e32-952c-4220-bcc9-22a10ce18ca8-PendingRequests: sendNotLeaderResponses
2019-09-16 19:11:46,862 [org.apache.ratis.server.impl.LogAppender$AppenderDaemon$$Lambda$503/309922067@4ba69353] WARN  server.GrpcLogAppender (GrpcLogAppender.java:mayWait(143)) - 4bce4e32-952c-4220-bcc9-22a10ce18ca8@group-B5EFBA83B44C->930b1328-fc80-47b7-a4b1-f8330041d315-GrpcLogAppender: Wait interrupted by java.lang.InterruptedException
2019-09-16 19:11:46,862 [org.apache.ratis.server.impl.LogAppender$AppenderDaemon$$Lambda$503/309922067@294a6f53] WARN  server.GrpcLogAppender (GrpcLogAppender.java:mayWait(143)) - 4bce4e32-952c-4220-bcc9-22a10ce18ca8@group-B5EFBA83B44C->e0619aa3-4ba4-49c8-ac60-3d80bbb74aab-GrpcLogAppender: Wait interrupted by java.lang.InterruptedException
2019-09-16 19:11:46,862 [java.util.concurrent.ThreadPoolExecutor$Worker@4d174f1d[State = -1, empty queue]] WARN  server.GrpcLogAppender (GrpcLogAppender.java:timeoutAppendRequest(200)) - 4eec4314-a089-48fe-8241-8a8066126e3f@group-C8C33BDD9912->52078b41-1f38-4037-a826-db5ef9cf1b82-GrpcLogAppender: appendEntries Timeout, request=4eec4314-a089-48fe-8241-8a8066126e3f->52078b41-1f38-4037-a826-db5ef9cf1b82#62-t2, previous=(t:2, i:19), leaderCommit=15, initializing? false, entries: <empty>
2019-09-16 19:11:46,866 [grpc-default-executor-5] INFO  server.GrpcServerProtocolService (GrpcServerProtocolService.java:onCompleted(113)) - 930b1328-fc80-47b7-a4b1-f8330041d315: Completed APPEND_ENTRIES, lastRequest: 4bce4e32-952c-4220-bcc9-22a10ce18ca8->930b1328-fc80-47b7-a4b1-f8330041d315#71-t2, previous=(t:2, i:23), leaderCommit=23, initializing? false, entries: <empty>
2019-09-16 19:11:46,866 [grpc-default-executor-1] INFO  server.GrpcServerProtocolService (GrpcServerProtocolService.java:onCompleted(113)) - e0619aa3-4ba4-49c8-ac60-3d80bbb74aab: Completed APPEND_ENTRIES, lastRequest: 4bce4e32-952c-4220-bcc9-22a10ce18ca8->e0619aa3-4ba4-49c8-ac60-3d80bbb74aab#71-t2, previous=(t:2, i:23), leaderCommit=23, initializing? false, entries: <empty>
2019-09-16 19:11:46,870 [main] INFO  impl.StateMachineUpdater (StateMachineUpdater.java:stopAndJoin(125)) - 4bce4e32-952c-4220-bcc9-22a10ce18ca8@group-AE8201FBCF7A-StateMachineUpdater: set stopIndex = 0
2019-09-16 19:11:46,870 [java.util.concurrent.ThreadPoolExecutor$Worker@270df07d[State = -1, empty queue]] WARN  server.GrpcLogAppender (GrpcLogAppender.java:timeoutAppendRequest(200)) - 4eec4314-a089-48fe-8241-8a8066126e3f@group-C8C33BDD9912->30fc0d14-cbc7-4743-b48a-59ef39c48768-GrpcLogAppender: appendEntries Timeout, request=4eec4314-a089-48fe-8241-8a8066126e3f->30fc0d14-cbc7-4743-b48a-59ef39c48768#62-t2, previous=(t:2, i:19), leaderCommit=15, initializing? false, entries: <empty>
2019-09-16 19:11:46,873 [main] INFO  impl.RaftServerImpl (ServerState.java:close(385)) - 4bce4e32-952c-4220-bcc9-22a10ce18ca8@group-AE8201FBCF7A: closes. applyIndex: 0
2019-09-16 19:11:46,873 [4bce4e32-952c-4220-bcc9-22a10ce18ca8@group-B5EFBA83B44C-StateMachineUpdater] INFO  ratis.ContainerStateMachine (ContainerStateMachine.java:takeSnapshot(289)) - group-B5EFBA83B44C: Taking a snapshot at:(t:2, i:23) file /workdir/hadoop-ozone/integration-test/target/test-dir/MiniOzoneClusterImpl-3fc8568e-3664-4be6-9c60-644bdcd1012a/datanode-5/data/ratis/108ab3b2-2db4-495b-b8c8-b5efba83b44c/sm/snapshot.2_23
2019-09-16 19:11:46,870 [ForkJoinPool.commonPool-worker-0] INFO  impl.StateMachineUpdater (StateMachineUpdater.java:stopAndJoin(125)) - 4bce4e32-952c-4220-bcc9-22a10ce18ca8@group-B5EFBA83B44C-StateMachineUpdater: set stopIndex = 23
2019-09-16 19:11:46,873 [grpc-default-executor-1] INFO  server.GrpcLogAppender (GrpcLogAppender.java:onCompleted(293)) - 4bce4e32-952c-4220-bcc9-22a10ce18ca8@group-B5EFBA83B44C->930b1328-fc80-47b7-a4b1-f8330041d315-AppendLogResponseHandler: follower responses appendEntries COMPLETED
2019-09-16 19:11:46,874 [grpc-default-executor-4] INFO  server.GrpcLogAppender (GrpcLogAppender.java:onCompleted(293)) - 4bce4e32-952c-4220-bcc9-22a10ce18ca8@group-B5EFBA83B44C->e0619aa3-4ba4-49c8-ac60-3d80bbb74aab-AppendLogResponseHandler: follower responses appendEntries COMPLETED
2019-09-16 19:11:46,880 [grpc-default-executor-1] INFO  impl.FollowerInfo (FollowerInfo.java:lambda$new$0(51)) - 4bce4e32-952c-4220-bcc9-22a10ce18ca8@group-B5EFBA83B44C->930b1328-fc80-47b7-a4b1-f8330041d315: nextIndex: updateUnconditionally 24 -> 23
2019-09-16 19:11:46,880 [grpc-default-executor-4] INFO  impl.FollowerInfo (FollowerInfo.java:lambda$new$0(51)) - 4bce4e32-952c-4220-bcc9-22a10ce18ca8@group-B5EFBA83B44C->e0619aa3-4ba4-49c8-ac60-3d80bbb74aab: nextIndex: updateUnconditionally 24 -> 23
2019-09-16 19:11:46,883 [4bce4e32-952c-4220-bcc9-22a10ce18ca8@group-AE8201FBCF7A-SegmentedRaftLogWorker] INFO  segmented.SegmentedRaftLogWorker (SegmentedRaftLogWorker.java:run(313)) - 4bce4e32-952c-4220-bcc9-22a10ce18ca8@group-AE8201FBCF7A-SegmentedRaftLogWorker was interrupted, exiting. There are 0 tasks remaining in the queue.
2019-09-16 19:11:46,886 [main] INFO  segmented.SegmentedRaftLogWorker (SegmentedRaftLogWorker.java:close(228)) - 4bce4e32-952c-4220-bcc9-22a10ce18ca8@group-AE8201FBCF7A-SegmentedRaftLogWorker close()
2019-09-16 19:11:46,915 [4bce4e32-952c-4220-bcc9-22a10ce18ca8@group-B5EFBA83B44C-StateMachineUpdater] INFO  ratis.ContainerStateMachine (ContainerStateMachine.java:takeSnapshot(300)) - group-B5EFBA83B44C: Finished taking a snapshot at:(t:2, i:23) file:/workdir/hadoop-ozone/integration-test/target/test-dir/MiniOzoneClusterImpl-3fc8568e-3664-4be6-9c60-644bdcd1012a/datanode-5/data/ratis/108ab3b2-2db4-495b-b8c8-b5efba83b44c/sm/snapshot.2_23 time:43
2019-09-16 19:11:46,916 [4bce4e32-952c-4220-bcc9-22a10ce18ca8@group-B5EFBA83B44C-StateMachineUpdater] INFO  impl.StateMachineUpdater (StateMachineUpdater.java:takeSnapshot(258)) - 4bce4e32-952c-4220-bcc9-22a10ce18ca8@group-B5EFBA83B44C-StateMachineUpdater: Took a snapshot at index 23
2019-09-16 19:11:46,916 [4bce4e32-952c-4220-bcc9-22a10ce18ca8@group-B5EFBA83B44C-StateMachineUpdater] INFO  impl.StateMachineUpdater (StateMachineUpdater.java:lambda$new$0(83)) - 4bce4e32-952c-4220-bcc9-22a10ce18ca8@group-B5EFBA83B44C-StateMachineUpdater: snapshotIndex: updateIncreasingly -1 -> 23
2019-09-16 19:11:46,920 [ForkJoinPool.commonPool-worker-0] INFO  impl.RaftServerImpl (ServerState.java:close(385)) - 4bce4e32-952c-4220-bcc9-22a10ce18ca8@group-B5EFBA83B44C: closes. applyIndex: 23
2019-09-16 19:11:46,921 [4bce4e32-952c-4220-bcc9-22a10ce18ca8@group-B5EFBA83B44C-SegmentedRaftLogWorker] INFO  segmented.SegmentedRaftLogWorker (SegmentedRaftLogWorker.java:run(313)) - 4bce4e32-952c-4220-bcc9-22a10ce18ca8@group-B5EFBA83B44C-SegmentedRaftLogWorker was interrupted, exiting. There are 0 tasks remaining in the queue.
2019-09-16 19:11:46,923 [ForkJoinPool.commonPool-worker-0] INFO  segmented.SegmentedRaftLogWorker (SegmentedRaftLogWorker.java:close(228)) - 4bce4e32-952c-4220-bcc9-22a10ce18ca8@group-B5EFBA83B44C-SegmentedRaftLogWorker close()
2019-09-16 19:11:46,928 [main] INFO  server.GrpcService (GrpcService.java:closeImpl(164)) - 4bce4e32-952c-4220-bcc9-22a10ce18ca8: shutdown server with port 34355 now
2019-09-16 19:11:46,932 [main] INFO  server.GrpcService (GrpcService.java:closeImpl(172)) - 4bce4e32-952c-4220-bcc9-22a10ce18ca8: shutdown server with port 34355 successfully
2019-09-16 19:11:46,944 [refreshUsed-/workdir/hadoop-ozone/integration-test/target/test-dir/MiniOzoneClusterImpl-3fc8568e-3664-4be6-9c60-644bdcd1012a/datanode-5/data/containers] WARN  fs.CachingGetSpaceUsed (CachingGetSpaceUsed.java:run(183)) - Thread Interrupted waiting to refresh disk information: sleep interrupted
2019-09-16 19:11:46,964 [main] INFO  utils.BackgroundService (BackgroundService.java:shutdown(148)) - Shutting down service BlockDeletingService
2019-09-16 19:11:46,970 [main] INFO  statemachine.DatanodeStateMachine (DatanodeStateMachine.java:stopDaemon(395)) - Ozone container server stopped.
2019-09-16 19:11:46,975 [main] INFO  handler.ContextHandler (ContextHandler.java:doStop(910)) - Stopped o.e.j.w.WebAppContext@3c83468e{/,null,UNAVAILABLE}{/hddsDatanode}
2019-09-16 19:11:46,982 [main] INFO  server.AbstractConnector (AbstractConnector.java:doStop(318)) - Stopped ServerConnector@272ce069{HTTP/1.1,[http/1.1]}{0.0.0.0:0}
2019-09-16 19:11:46,982 [main] INFO  handler.ContextHandler (ContextHandler.java:doStop(910)) - Stopped o.e.j.s.ServletContextHandler@ccf91df{/static,jar:file:/home/user/.m2/repository/org/apache/hadoop/hadoop-hdds-container-service/0.5.0-SNAPSHOT/hadoop-hdds-container-service-0.5.0-SNAPSHOT.jar!/webapps/static,UNAVAILABLE}
2019-09-16 19:11:46,982 [main] INFO  handler.ContextHandler (ContextHandler.java:doStop(910)) - Stopped o.e.j.s.ServletContextHandler@75d4a80f{/logs,file:///workdir/hadoop-ozone/integration-test/target/log,UNAVAILABLE}
2019-09-16 19:11:47,353 [java.util.concurrent.ThreadPoolExecutor$Worker@4d174f1d[State = -1, empty queue]] WARN  server.GrpcLogAppender (GrpcLogAppender.java:timeoutAppendRequest(200)) - 4eec4314-a089-48fe-8241-8a8066126e3f@group-C8C33BDD9912->52078b41-1f38-4037-a826-db5ef9cf1b82-GrpcLogAppender: appendEntries Timeout, request=4eec4314-a089-48fe-8241-8a8066126e3f->52078b41-1f38-4037-a826-db5ef9cf1b82#63-t2, previous=(t:2, i:19), leaderCommit=15, initializing? false, entries: <empty>
2019-09-16 19:11:47,369 [java.util.concurrent.ThreadPoolExecutor$Worker@270df07d[State = -1, empty queue]] WARN  server.GrpcLogAppender (GrpcLogAppender.java:timeoutAppendRequest(200)) - 4eec4314-a089-48fe-8241-8a8066126e3f@group-C8C33BDD9912->30fc0d14-cbc7-4743-b48a-59ef39c48768-GrpcLogAppender: appendEntries Timeout, request=4eec4314-a089-48fe-8241-8a8066126e3f->30fc0d14-cbc7-4743-b48a-59ef39c48768#63-t2, previous=(t:2, i:19), leaderCommit=15, initializing? false, entries: <empty>
2019-09-16 19:11:47,853 [java.util.concurrent.ThreadPoolExecutor$Worker@4d174f1d[State = -1, empty queue]] WARN  server.GrpcLogAppender (GrpcLogAppender.java:timeoutAppendRequest(200)) - 4eec4314-a089-48fe-8241-8a8066126e3f@group-C8C33BDD9912->52078b41-1f38-4037-a826-db5ef9cf1b82-GrpcLogAppender: appendEntries Timeout, request=4eec4314-a089-48fe-8241-8a8066126e3f->52078b41-1f38-4037-a826-db5ef9cf1b82#64-t2, previous=(t:2, i:19), leaderCommit=15, initializing? false, entries: <empty>
2019-09-16 19:11:47,870 [java.util.concurrent.ThreadPoolExecutor$Worker@270df07d[State = -1, empty queue]] WARN  server.GrpcLogAppender (GrpcLogAppender.java:timeoutAppendRequest(200)) - 4eec4314-a089-48fe-8241-8a8066126e3f@group-C8C33BDD9912->30fc0d14-cbc7-4743-b48a-59ef39c48768-GrpcLogAppender: appendEntries Timeout, request=4eec4314-a089-48fe-8241-8a8066126e3f->30fc0d14-cbc7-4743-b48a-59ef39c48768#64-t2, previous=(t:2, i:19), leaderCommit=15, initializing? false, entries: <empty>
2019-09-16 19:11:48,293 [Thread-414] INFO  impl.FollowerState (FollowerState.java:run(106)) - 930b1328-fc80-47b7-a4b1-f8330041d315:group-B5EFBA83B44C changes to CANDIDATE, lastRpcTime:1487, electionTimeout:1035ms
2019-09-16 19:11:48,294 [Thread-414] INFO  impl.RoleInfo (RoleInfo.java:shutdownFollowerState(121)) - 930b1328-fc80-47b7-a4b1-f8330041d315: shutdown FollowerState
2019-09-16 19:11:48,294 [Thread-414] INFO  impl.RaftServerImpl (RaftServerImpl.java:setRole(174)) - 930b1328-fc80-47b7-a4b1-f8330041d315@group-B5EFBA83B44C: changes role from  FOLLOWER to CANDIDATE at term 2 for changeToCandidate
2019-09-16 19:11:48,294 [Thread-414] INFO  impl.RoleInfo (RoleInfo.java:updateAndGet(143)) - 930b1328-fc80-47b7-a4b1-f8330041d315: start LeaderElection
2019-09-16 19:11:48,299 [930b1328-fc80-47b7-a4b1-f8330041d315@group-B5EFBA83B44C:LeaderElection23] INFO  impl.RaftServerImpl (ServerState.java:setLeader(253)) - 930b1328-fc80-47b7-a4b1-f8330041d315@group-B5EFBA83B44C: change Leader from 4bce4e32-952c-4220-bcc9-22a10ce18ca8 to null at term 2 for initElection
2019-09-16 19:11:48,314 [930b1328-fc80-47b7-a4b1-f8330041d315@group-B5EFBA83B44C:LeaderElection23] INFO  impl.LeaderElection (LeaderElection.java:askForVotes(182)) - 930b1328-fc80-47b7-a4b1-f8330041d315@group-B5EFBA83B44C:LeaderElection23: begin an election at term 3 for 0: [4bce4e32-952c-4220-bcc9-22a10ce18ca8:192.168.34.56:34355, e0619aa3-4ba4-49c8-ac60-3d80bbb74aab:192.168.34.56:40045, 930b1328-fc80-47b7-a4b1-f8330041d315:192.168.34.56:46332], old=null
2019-09-16 19:11:48,318 [grpc-default-executor-4] INFO  impl.RaftServerImpl (ServerState.java:setLeader(253)) - e0619aa3-4ba4-49c8-ac60-3d80bbb74aab@group-B5EFBA83B44C: change Leader from 4bce4e32-952c-4220-bcc9-22a10ce18ca8 to null at term 3 for updateCurrentTerm
2019-09-16 19:11:48,318 [grpc-default-executor-4] INFO  impl.RaftServerImpl (RaftServerImpl.java:setRole(174)) - e0619aa3-4ba4-49c8-ac60-3d80bbb74aab@group-B5EFBA83B44C: changes role from  FOLLOWER to FOLLOWER at term 3 for recognizeCandidate:930b1328-fc80-47b7-a4b1-f8330041d315
2019-09-16 19:11:48,318 [grpc-default-executor-4] INFO  impl.RoleInfo (RoleInfo.java:shutdownFollowerState(121)) - e0619aa3-4ba4-49c8-ac60-3d80bbb74aab: shutdown FollowerState
2019-09-16 19:11:48,318 [grpc-default-executor-4] INFO  impl.RoleInfo (RoleInfo.java:updateAndGet(143)) - e0619aa3-4ba4-49c8-ac60-3d80bbb74aab: start FollowerState
2019-09-16 19:11:48,318 [Thread-415] INFO  impl.FollowerState (FollowerState.java:run(115)) - e0619aa3-4ba4-49c8-ac60-3d80bbb74aab: FollowerState was interrupted: java.lang.InterruptedException: sleep interrupted
2019-09-16 19:11:48,323 [930b1328-fc80-47b7-a4b1-f8330041d315@group-B5EFBA83B44C:LeaderElection23] INFO  impl.LeaderElection (LogUtils.java:infoOrTrace(149)) - 930b1328-fc80-47b7-a4b1-f8330041d315@group-B5EFBA83B44C:LeaderElection23 got exception when requesting votes: {}
java.util.concurrent.ExecutionException: org.apache.ratis.thirdparty.io.grpc.StatusRuntimeException: UNAVAILABLE: io exception
	at java.util.concurrent.FutureTask.report(FutureTask.java:122)
	at java.util.concurrent.FutureTask.get(FutureTask.java:192)
	at org.apache.ratis.server.impl.LeaderElection.waitForResults(LeaderElection.java:263)
	at org.apache.ratis.server.impl.LeaderElection.askForVotes(LeaderElection.java:201)
	at org.apache.ratis.server.impl.LeaderElection.run(LeaderElection.java:133)
	at java.lang.Thread.run(Thread.java:748)
Caused by: org.apache.ratis.thirdparty.io.grpc.StatusRuntimeException: UNAVAILABLE: io exception
	at org.apache.ratis.thirdparty.io.grpc.stub.ClientCalls.toStatusRuntimeException(ClientCalls.java:233)
	at org.apache.ratis.thirdparty.io.grpc.stub.ClientCalls.getUnchecked(ClientCalls.java:214)
	at org.apache.ratis.thirdparty.io.grpc.stub.ClientCalls.blockingUnaryCall(ClientCalls.java:139)
	at org.apache.ratis.proto.grpc.RaftServerProtocolServiceGrpc$RaftServerProtocolServiceBlockingStub.requestVote(RaftServerProtocolServiceGrpc.java:265)
	at org.apache.ratis.grpc.server.GrpcServerProtocolClient.requestVote(GrpcServerProtocolClient.java:90)
	at org.apache.ratis.grpc.server.GrpcService.requestVote(GrpcService.java:204)
	at org.apache.ratis.server.impl.LeaderElection.lambda$submitRequests$1(LeaderElection.java:238)
	at java.util.concurrent.FutureTask.run(FutureTask.java:266)
	at java.util.concurrent.Executors$RunnableAdapter.call(Executors.java:511)
	at java.util.concurrent.FutureTask.run(FutureTask.java:266)
	at java.util.concurrent.ThreadPoolExecutor.runWorker(ThreadPoolExecutor.java:1149)
	at java.util.concurrent.ThreadPoolExecutor$Worker.run(ThreadPoolExecutor.java:624)
	... 1 more
Caused by: org.apache.ratis.thirdparty.io.netty.channel.AbstractChannel$AnnotatedConnectException: Connection refused: /192.168.34.56:34355
	at sun.nio.ch.SocketChannelImpl.checkConnect(Native Method)
	at sun.nio.ch.SocketChannelImpl.finishConnect(SocketChannelImpl.java:717)
	at org.apache.ratis.thirdparty.io.netty.channel.socket.nio.NioSocketChannel.doFinishConnect(NioSocketChannel.java:327)
	at org.apache.ratis.thirdparty.io.netty.channel.nio.AbstractNioChannel$AbstractNioUnsafe.finishConnect(AbstractNioChannel.java:340)
	at org.apache.ratis.thirdparty.io.netty.channel.nio.NioEventLoop.processSelectedKey(NioEventLoop.java:632)
	at org.apache.ratis.thirdparty.io.netty.channel.nio.NioEventLoop.processSelectedKeysOptimized(NioEventLoop.java:579)
	at org.apache.ratis.thirdparty.io.netty.channel.nio.NioEventLoop.processSelectedKeys(NioEventLoop.java:496)
	at org.apache.ratis.thirdparty.io.netty.channel.nio.NioEventLoop.run(NioEventLoop.java:458)
	at org.apache.ratis.thirdparty.io.netty.util.concurrent.SingleThreadEventExecutor$5.run(SingleThreadEventExecutor.java:897)
	at org.apache.ratis.thirdparty.io.netty.util.concurrent.FastThreadLocalRunnable.run(FastThreadLocalRunnable.java:30)
	... 1 more
Caused by: java.net.ConnectException: Connection refused
	... 11 more
2019-09-16 19:11:48,328 [930b1328-fc80-47b7-a4b1-f8330041d315@group-B5EFBA83B44C:LeaderElection23] INFO  impl.LeaderElection (LeaderElection.java:logAndReturn(56)) - 930b1328-fc80-47b7-a4b1-f8330041d315@group-B5EFBA83B44C:LeaderElection23: Election PASSED; received 1 response(s) [930b1328-fc80-47b7-a4b1-f8330041d315<-e0619aa3-4ba4-49c8-ac60-3d80bbb74aab#0:OK-t3] and 1 exception(s); 930b1328-fc80-47b7-a4b1-f8330041d315@group-B5EFBA83B44C:t3, leader=null, voted=930b1328-fc80-47b7-a4b1-f8330041d315, raftlog=930b1328-fc80-47b7-a4b1-f8330041d315@group-B5EFBA83B44C-SegmentedRaftLog:OPENED:c23,f23,i23, conf=0: [4bce4e32-952c-4220-bcc9-22a10ce18ca8:192.168.34.56:34355, e0619aa3-4ba4-49c8-ac60-3d80bbb74aab:192.168.34.56:40045, 930b1328-fc80-47b7-a4b1-f8330041d315:192.168.34.56:46332], old=null
2019-09-16 19:11:48,329 [930b1328-fc80-47b7-a4b1-f8330041d315@group-B5EFBA83B44C:LeaderElection23] INFO  impl.LeaderElection (LogUtils.java:infoOrTrace(149)) -   Exception 0: {}
java.util.concurrent.ExecutionException: org.apache.ratis.thirdparty.io.grpc.StatusRuntimeException: UNAVAILABLE: io exception
	at java.util.concurrent.FutureTask.report(FutureTask.java:122)
	at java.util.concurrent.FutureTask.get(FutureTask.java:192)
	at org.apache.ratis.server.impl.LeaderElection.waitForResults(LeaderElection.java:263)
	at org.apache.ratis.server.impl.LeaderElection.askForVotes(LeaderElection.java:201)
	at org.apache.ratis.server.impl.LeaderElection.run(LeaderElection.java:133)
	at java.lang.Thread.run(Thread.java:748)
Caused by: org.apache.ratis.thirdparty.io.grpc.StatusRuntimeException: UNAVAILABLE: io exception
	at org.apache.ratis.thirdparty.io.grpc.stub.ClientCalls.toStatusRuntimeException(ClientCalls.java:233)
	at org.apache.ratis.thirdparty.io.grpc.stub.ClientCalls.getUnchecked(ClientCalls.java:214)
	at org.apache.ratis.thirdparty.io.grpc.stub.ClientCalls.blockingUnaryCall(ClientCalls.java:139)
	at org.apache.ratis.proto.grpc.RaftServerProtocolServiceGrpc$RaftServerProtocolServiceBlockingStub.requestVote(RaftServerProtocolServiceGrpc.java:265)
	at org.apache.ratis.grpc.server.GrpcServerProtocolClient.requestVote(GrpcServerProtocolClient.java:90)
	at org.apache.ratis.grpc.server.GrpcService.requestVote(GrpcService.java:204)
	at org.apache.ratis.server.impl.LeaderElection.lambda$submitRequests$1(LeaderElection.java:238)
	at java.util.concurrent.FutureTask.run(FutureTask.java:266)
	at java.util.concurrent.Executors$RunnableAdapter.call(Executors.java:511)
	at java.util.concurrent.FutureTask.run(FutureTask.java:266)
	at java.util.concurrent.ThreadPoolExecutor.runWorker(ThreadPoolExecutor.java:1149)
	at java.util.concurrent.ThreadPoolExecutor$Worker.run(ThreadPoolExecutor.java:624)
	... 1 more
Caused by: org.apache.ratis.thirdparty.io.netty.channel.AbstractChannel$AnnotatedConnectException: Connection refused: /192.168.34.56:34355
	at sun.nio.ch.SocketChannelImpl.checkConnect(Native Method)
	at sun.nio.ch.SocketChannelImpl.finishConnect(SocketChannelImpl.java:717)
	at org.apache.ratis.thirdparty.io.netty.channel.socket.nio.NioSocketChannel.doFinishConnect(NioSocketChannel.java:327)
	at org.apache.ratis.thirdparty.io.netty.channel.nio.AbstractNioChannel$AbstractNioUnsafe.finishConnect(AbstractNioChannel.java:340)
	at org.apache.ratis.thirdparty.io.netty.channel.nio.NioEventLoop.processSelectedKey(NioEventLoop.java:632)
	at org.apache.ratis.thirdparty.io.netty.channel.nio.NioEventLoop.processSelectedKeysOptimized(NioEventLoop.java:579)
	at org.apache.ratis.thirdparty.io.netty.channel.nio.NioEventLoop.processSelectedKeys(NioEventLoop.java:496)
	at org.apache.ratis.thirdparty.io.netty.channel.nio.NioEventLoop.run(NioEventLoop.java:458)
	at org.apache.ratis.thirdparty.io.netty.util.concurrent.SingleThreadEventExecutor$5.run(SingleThreadEventExecutor.java:897)
	at org.apache.ratis.thirdparty.io.netty.util.concurrent.FastThreadLocalRunnable.run(FastThreadLocalRunnable.java:30)
	... 1 more
Caused by: java.net.ConnectException: Connection refused
	... 11 more
2019-09-16 19:11:48,329 [930b1328-fc80-47b7-a4b1-f8330041d315@group-B5EFBA83B44C:LeaderElection23] INFO  impl.RoleInfo (RoleInfo.java:shutdownLeaderElection(134)) - 930b1328-fc80-47b7-a4b1-f8330041d315: shutdown LeaderElection
2019-09-16 19:11:48,330 [930b1328-fc80-47b7-a4b1-f8330041d315@group-B5EFBA83B44C:LeaderElection23] INFO  impl.RaftServerImpl (RaftServerImpl.java:setRole(174)) - 930b1328-fc80-47b7-a4b1-f8330041d315@group-B5EFBA83B44C: changes role from CANDIDATE to LEADER at term 3 for changeToLeader
2019-09-16 19:11:48,330 [930b1328-fc80-47b7-a4b1-f8330041d315@group-B5EFBA83B44C:LeaderElection23] INFO  impl.RaftServerImpl (ServerState.java:setLeader(253)) - 930b1328-fc80-47b7-a4b1-f8330041d315@group-B5EFBA83B44C: change Leader from null to 930b1328-fc80-47b7-a4b1-f8330041d315 at term 3 for becomeLeader, leader elected after 31ms
2019-09-16 19:11:48,330 [930b1328-fc80-47b7-a4b1-f8330041d315@group-B5EFBA83B44C:LeaderElection23] INFO  server.RaftServerConfigKeys (ConfUtils.java:logGet(43)) - raft.server.staging.catchup.gap = 1000 (default)
2019-09-16 19:11:48,331 [930b1328-fc80-47b7-a4b1-f8330041d315@group-B5EFBA83B44C:LeaderElection23] INFO  server.RaftServerConfigKeys (ConfUtils.java:logGet(43)) - raft.server.rpc.sleep.time = 25ms (default)
2019-09-16 19:11:48,331 [930b1328-fc80-47b7-a4b1-f8330041d315@group-B5EFBA83B44C:LeaderElection23] INFO  server.RaftServerConfigKeys (ConfUtils.java:logGet(43)) - raft.server.write.element-limit = 4096 (default)
2019-09-16 19:11:48,331 [930b1328-fc80-47b7-a4b1-f8330041d315@group-B5EFBA83B44C:LeaderElection23] INFO  server.RaftServerConfigKeys (ConfUtils.java:logGet(43)) - raft.server.watch.timeout = 10s (default)
2019-09-16 19:11:48,331 [930b1328-fc80-47b7-a4b1-f8330041d315@group-B5EFBA83B44C:LeaderElection23] INFO  server.RaftServerConfigKeys (ConfUtils.java:logGet(43)) - raft.server.watch.timeout.denomination = 1s (default)
2019-09-16 19:11:48,331 [930b1328-fc80-47b7-a4b1-f8330041d315@group-B5EFBA83B44C:LeaderElection23] INFO  server.RaftServerConfigKeys (ConfUtils.java:logGet(43)) - raft.server.watch.element-limit = 65536 (default)
2019-09-16 19:11:48,335 [930b1328-fc80-47b7-a4b1-f8330041d315@group-B5EFBA83B44C:LeaderElection23] INFO  server.RaftServerConfigKeys (ConfUtils.java:logGet(43)) - raft.server.log.appender.snapshot.chunk.size.max = 16MB (=16777216) (default)
2019-09-16 19:11:48,335 [930b1328-fc80-47b7-a4b1-f8330041d315@group-B5EFBA83B44C:LeaderElection23] INFO  server.RaftServerConfigKeys (ConfUtils.java:logGet(43)) - raft.server.log.appender.buffer.byte-limit = 33554432 (custom)
2019-09-16 19:11:48,335 [930b1328-fc80-47b7-a4b1-f8330041d315@group-B5EFBA83B44C:LeaderElection23] INFO  server.RaftServerConfigKeys (ConfUtils.java:logGet(43)) - raft.server.log.appender.buffer.element-limit = 1 (custom)
2019-09-16 19:11:48,335 [930b1328-fc80-47b7-a4b1-f8330041d315@group-B5EFBA83B44C:LeaderElection23] INFO  grpc.GrpcConfigKeys$Server (ConfUtils.java:logGet(43)) - raft.grpc.server.leader.outstanding.appends.max = 128 (default)
2019-09-16 19:11:48,336 [930b1328-fc80-47b7-a4b1-f8330041d315@group-B5EFBA83B44C:LeaderElection23] INFO  server.RaftServerConfigKeys (ConfUtils.java:logGet(43)) - raft.server.rpc.request.timeout = 3000ms (default)
2019-09-16 19:11:48,336 [930b1328-fc80-47b7-a4b1-f8330041d315@group-B5EFBA83B44C:LeaderElection23] INFO  server.RaftServerConfigKeys (ConfUtils.java:logGet(43)) - raft.server.log.appender.install.snapshot.enabled = false (custom)
2019-09-16 19:11:48,336 [930b1328-fc80-47b7-a4b1-f8330041d315@group-B5EFBA83B44C:LeaderElection23] INFO  server.RaftServerConfigKeys (ConfUtils.java:logGet(43)) - raft.server.log.appender.snapshot.chunk.size.max = 16MB (=16777216) (default)
2019-09-16 19:11:48,336 [930b1328-fc80-47b7-a4b1-f8330041d315@group-B5EFBA83B44C:LeaderElection23] INFO  server.RaftServerConfigKeys (ConfUtils.java:logGet(43)) - raft.server.log.appender.buffer.byte-limit = 33554432 (custom)
2019-09-16 19:11:48,337 [930b1328-fc80-47b7-a4b1-f8330041d315@group-B5EFBA83B44C:LeaderElection23] INFO  server.RaftServerConfigKeys (ConfUtils.java:logGet(43)) - raft.server.log.appender.buffer.element-limit = 1 (custom)
2019-09-16 19:11:48,337 [930b1328-fc80-47b7-a4b1-f8330041d315@group-B5EFBA83B44C:LeaderElection23] INFO  grpc.GrpcConfigKeys$Server (ConfUtils.java:logGet(43)) - raft.grpc.server.leader.outstanding.appends.max = 128 (default)
2019-09-16 19:11:48,337 [930b1328-fc80-47b7-a4b1-f8330041d315@group-B5EFBA83B44C:LeaderElection23] INFO  server.RaftServerConfigKeys (ConfUtils.java:logGet(43)) - raft.server.rpc.request.timeout = 3000ms (default)
2019-09-16 19:11:48,337 [930b1328-fc80-47b7-a4b1-f8330041d315@group-B5EFBA83B44C:LeaderElection23] INFO  server.RaftServerConfigKeys (ConfUtils.java:logGet(43)) - raft.server.log.appender.install.snapshot.enabled = false (custom)
2019-09-16 19:11:48,337 [930b1328-fc80-47b7-a4b1-f8330041d315@group-B5EFBA83B44C:LeaderElection23] INFO  impl.RoleInfo (RoleInfo.java:updateAndGet(143)) - 930b1328-fc80-47b7-a4b1-f8330041d315: start LeaderState
2019-09-16 19:11:48,338 [930b1328-fc80-47b7-a4b1-f8330041d315@group-B5EFBA83B44C:LeaderElection23] INFO  segmented.SegmentedRaftLogWorker (SegmentedRaftLogWorker.java:rollLogSegment(385)) - 930b1328-fc80-47b7-a4b1-f8330041d315@group-B5EFBA83B44C-SegmentedRaftLogWorker: Rolling segment log-0_23 to index:23
2019-09-16 19:11:48,340 [930b1328-fc80-47b7-a4b1-f8330041d315@group-B5EFBA83B44C:LeaderElection23] INFO  impl.RaftServerImpl (ServerState.java:setRaftConf(354)) - 930b1328-fc80-47b7-a4b1-f8330041d315@group-B5EFBA83B44C: set configuration 24: [4bce4e32-952c-4220-bcc9-22a10ce18ca8:192.168.34.56:34355, e0619aa3-4ba4-49c8-ac60-3d80bbb74aab:192.168.34.56:40045, 930b1328-fc80-47b7-a4b1-f8330041d315:192.168.34.56:46332], old=null at 24
2019-09-16 19:11:48,341 [930b1328-fc80-47b7-a4b1-f8330041d315@group-B5EFBA83B44C-SegmentedRaftLogWorker] INFO  segmented.SegmentedRaftLogWorker (SegmentedRaftLogWorker.java:execute(526)) - 930b1328-fc80-47b7-a4b1-f8330041d315@group-B5EFBA83B44C-SegmentedRaftLogWorker: Rolled log segment from /workdir/hadoop-ozone/integration-test/target/test-dir/MiniOzoneClusterImpl-3fc8568e-3664-4be6-9c60-644bdcd1012a/datanode-8/data/ratis/108ab3b2-2db4-495b-b8c8-b5efba83b44c/current/log_inprogress_0 to /workdir/hadoop-ozone/integration-test/target/test-dir/MiniOzoneClusterImpl-3fc8568e-3664-4be6-9c60-644bdcd1012a/datanode-8/data/ratis/108ab3b2-2db4-495b-b8c8-b5efba83b44c/current/log_0-23
2019-09-16 19:11:48,341 [grpc-default-executor-4] WARN  server.GrpcLogAppender (LogUtils.java:warn(134)) - 930b1328-fc80-47b7-a4b1-f8330041d315@group-B5EFBA83B44C->4bce4e32-952c-4220-bcc9-22a10ce18ca8-AppendLogResponseHandler: Failed appendEntries: org.apache.ratis.thirdparty.io.grpc.StatusRuntimeException: UNAVAILABLE: io exception
2019-09-16 19:11:48,347 [grpc-default-executor-4] INFO  impl.FollowerInfo (FollowerInfo.java:lambda$new$0(51)) - 930b1328-fc80-47b7-a4b1-f8330041d315@group-B5EFBA83B44C->4bce4e32-952c-4220-bcc9-22a10ce18ca8: nextIndex: updateUnconditionally 24 -> 1
2019-09-16 19:11:48,347 [grpc-default-executor-1] INFO  impl.RaftServerImpl (ServerState.java:setLeader(253)) - e0619aa3-4ba4-49c8-ac60-3d80bbb74aab@group-B5EFBA83B44C: change Leader from null to 930b1328-fc80-47b7-a4b1-f8330041d315 at term 3 for appendEntries, leader elected after 29ms
2019-09-16 19:11:48,386 [java.util.concurrent.ThreadPoolExecutor$Worker@4d174f1d[State = -1, empty queue]] WARN  server.GrpcLogAppender (GrpcLogAppender.java:timeoutAppendRequest(200)) - 4eec4314-a089-48fe-8241-8a8066126e3f@group-C8C33BDD9912->52078b41-1f38-4037-a826-db5ef9cf1b82-GrpcLogAppender: appendEntries Timeout, request=4eec4314-a089-48fe-8241-8a8066126e3f->52078b41-1f38-4037-a826-db5ef9cf1b82#65-t2, previous=(t:2, i:19), leaderCommit=15, initializing? false, entries: <empty>
2019-09-16 19:11:48,386 [java.util.concurrent.ThreadPoolExecutor$Worker@270df07d[State = -1, empty queue]] WARN  server.GrpcLogAppender (GrpcLogAppender.java:timeoutAppendRequest(200)) - 4eec4314-a089-48fe-8241-8a8066126e3f@group-C8C33BDD9912->30fc0d14-cbc7-4743-b48a-59ef39c48768-GrpcLogAppender: appendEntries Timeout, request=4eec4314-a089-48fe-8241-8a8066126e3f->30fc0d14-cbc7-4743-b48a-59ef39c48768#65-t2, previous=(t:2, i:19), leaderCommit=15, initializing? false, entries: <empty>
2019-09-16 19:11:48,389 [grpc-default-executor-4] INFO  impl.RaftServerImpl (ServerState.java:setRaftConf(354)) - e0619aa3-4ba4-49c8-ac60-3d80bbb74aab@group-B5EFBA83B44C: set configuration 24: [4bce4e32-952c-4220-bcc9-22a10ce18ca8:192.168.34.56:34355, e0619aa3-4ba4-49c8-ac60-3d80bbb74aab:192.168.34.56:40045, 930b1328-fc80-47b7-a4b1-f8330041d315:192.168.34.56:46332], old=null at 24
2019-09-16 19:11:48,390 [grpc-default-executor-4] INFO  segmented.SegmentedRaftLogWorker (SegmentedRaftLogWorker.java:rollLogSegment(385)) - e0619aa3-4ba4-49c8-ac60-3d80bbb74aab@group-B5EFBA83B44C-SegmentedRaftLogWorker: Rolling segment log-0_23 to index:23
2019-09-16 19:11:48,390 [e0619aa3-4ba4-49c8-ac60-3d80bbb74aab@group-B5EFBA83B44C-SegmentedRaftLogWorker] INFO  segmented.SegmentedRaftLogWorker (SegmentedRaftLogWorker.java:execute(526)) - e0619aa3-4ba4-49c8-ac60-3d80bbb74aab@group-B5EFBA83B44C-SegmentedRaftLogWorker: Rolled log segment from /workdir/hadoop-ozone/integration-test/target/test-dir/MiniOzoneClusterImpl-3fc8568e-3664-4be6-9c60-644bdcd1012a/datanode-0/data/ratis/108ab3b2-2db4-495b-b8c8-b5efba83b44c/current/log_inprogress_0 to /workdir/hadoop-ozone/integration-test/target/test-dir/MiniOzoneClusterImpl-3fc8568e-3664-4be6-9c60-644bdcd1012a/datanode-0/data/ratis/108ab3b2-2db4-495b-b8c8-b5efba83b44c/current/log_0-23
2019-09-16 19:11:48,398 [930b1328-fc80-47b7-a4b1-f8330041d315@group-B5EFBA83B44C-SegmentedRaftLogWorker] INFO  segmented.SegmentedRaftLogWorker (SegmentedRaftLogWorker.java:execute(569)) - 930b1328-fc80-47b7-a4b1-f8330041d315@group-B5EFBA83B44C-SegmentedRaftLogWorker: created new log segment /workdir/hadoop-ozone/integration-test/target/test-dir/MiniOzoneClusterImpl-3fc8568e-3664-4be6-9c60-644bdcd1012a/datanode-8/data/ratis/108ab3b2-2db4-495b-b8c8-b5efba83b44c/current/log_inprogress_24
2019-09-16 19:11:48,427 [e0619aa3-4ba4-49c8-ac60-3d80bbb74aab@group-B5EFBA83B44C-SegmentedRaftLogWorker] INFO  segmented.SegmentedRaftLogWorker (SegmentedRaftLogWorker.java:execute(569)) - e0619aa3-4ba4-49c8-ac60-3d80bbb74aab@group-B5EFBA83B44C-SegmentedRaftLogWorker: created new log segment /workdir/hadoop-ozone/integration-test/target/test-dir/MiniOzoneClusterImpl-3fc8568e-3664-4be6-9c60-644bdcd1012a/datanode-0/data/ratis/108ab3b2-2db4-495b-b8c8-b5efba83b44c/current/log_inprogress_24
2019-09-16 19:11:48,465 [grpc-default-executor-1] WARN  server.GrpcLogAppender (LogUtils.java:warn(134)) - 930b1328-fc80-47b7-a4b1-f8330041d315@group-B5EFBA83B44C->4bce4e32-952c-4220-bcc9-22a10ce18ca8-AppendLogResponseHandler: Failed appendEntries: org.apache.ratis.thirdparty.io.grpc.StatusRuntimeException: UNAVAILABLE: io exception
2019-09-16 19:11:48,468 [grpc-default-executor-1] INFO  impl.FollowerInfo (FollowerInfo.java:lambda$new$0(51)) - 930b1328-fc80-47b7-a4b1-f8330041d315@group-B5EFBA83B44C->4bce4e32-952c-4220-bcc9-22a10ce18ca8: nextIndex: updateUnconditionally 2 -> 1
2019-09-16 19:11:48,854 [java.util.concurrent.ThreadPoolExecutor$Worker@4d174f1d[State = -1, empty queue]] WARN  server.GrpcLogAppender (GrpcLogAppender.java:timeoutAppendRequest(200)) - 4eec4314-a089-48fe-8241-8a8066126e3f@group-C8C33BDD9912->52078b41-1f38-4037-a826-db5ef9cf1b82-GrpcLogAppender: appendEntries Timeout, request=4eec4314-a089-48fe-8241-8a8066126e3f->52078b41-1f38-4037-a826-db5ef9cf1b82#66-t2, previous=(t:2, i:19), leaderCommit=15, initializing? false, entries: <empty>
2019-09-16 19:11:48,870 [java.util.concurrent.ThreadPoolExecutor$Worker@270df07d[State = -1, empty queue]] WARN  server.GrpcLogAppender (GrpcLogAppender.java:timeoutAppendRequest(200)) - 4eec4314-a089-48fe-8241-8a8066126e3f@group-C8C33BDD9912->30fc0d14-cbc7-4743-b48a-59ef39c48768-GrpcLogAppender: appendEntries Timeout, request=4eec4314-a089-48fe-8241-8a8066126e3f->30fc0d14-cbc7-4743-b48a-59ef39c48768#66-t2, previous=(t:2, i:19), leaderCommit=15, initializing? false, entries: <empty>
2019-09-16 19:11:48,966 [grpc-default-executor-4] WARN  server.GrpcLogAppender (LogUtils.java:warn(134)) - 930b1328-fc80-47b7-a4b1-f8330041d315@group-B5EFBA83B44C->4bce4e32-952c-4220-bcc9-22a10ce18ca8-AppendLogResponseHandler: Failed appendEntries: org.apache.ratis.thirdparty.io.grpc.StatusRuntimeException: UNAVAILABLE: io exception
2019-09-16 19:11:48,970 [grpc-default-executor-4] INFO  impl.FollowerInfo (FollowerInfo.java:lambda$new$0(51)) - 930b1328-fc80-47b7-a4b1-f8330041d315@group-B5EFBA83B44C->4bce4e32-952c-4220-bcc9-22a10ce18ca8: nextIndex: updateUnconditionally 1 -> 0
2019-09-16 19:11:49,057 [grpc-default-executor-5] INFO  client.GrpcClientProtocolClient (GrpcClientProtocolClient.java:onNext(264)) - client-76909DE03A78->e0619aa3-4ba4-49c8-ac60-3d80bbb74aab: receive RaftClientReply:client-76909DE03A78->e0619aa3-4ba4-49c8-ac60-3d80bbb74aab@group-B5EFBA83B44C, cid=46, FAILED org.apache.ratis.protocol.NotLeaderException: Server e0619aa3-4ba4-49c8-ac60-3d80bbb74aab@group-B5EFBA83B44C is not the leader 930b1328-fc80-47b7-a4b1-f8330041d315:192.168.34.56:46332, logIndex=0, commits[e0619aa3-4ba4-49c8-ac60-3d80bbb74aab:c25, 4bce4e32-952c-4220-bcc9-22a10ce18ca8:c23, 930b1328-fc80-47b7-a4b1-f8330041d315:c25]
2019-09-16 19:11:49,094 [grpc-default-executor-1] WARN  server.GrpcLogAppender (LogUtils.java:warn(134)) - 930b1328-fc80-47b7-a4b1-f8330041d315@group-B5EFBA83B44C->4bce4e32-952c-4220-bcc9-22a10ce18ca8-AppendLogResponseHandler: Failed appendEntries: org.apache.ratis.thirdparty.io.grpc.StatusRuntimeException: UNAVAILABLE: io exception
2019-09-16 19:11:49,097 [grpc-default-executor-1] INFO  impl.FollowerInfo (FollowerInfo.java:lambda$new$0(51)) - 930b1328-fc80-47b7-a4b1-f8330041d315@group-B5EFBA83B44C->4bce4e32-952c-4220-bcc9-22a10ce18ca8: nextIndex: updateUnconditionally 1 -> 0
2019-09-16 19:11:49,116 [grpc-default-executor-6] WARN  server.GrpcLogAppender (LogUtils.java:warn(134)) - 930b1328-fc80-47b7-a4b1-f8330041d315@group-B5EFBA83B44C->4bce4e32-952c-4220-bcc9-22a10ce18ca8-AppendLogResponseHandler: Failed appendEntries: org.apache.ratis.thirdparty.io.grpc.StatusRuntimeException: UNAVAILABLE: io exception
2019-09-16 19:11:49,116 [grpc-default-executor-1] INFO  client.GrpcClientProtocolClient (GrpcClientProtocolClient.java:onNext(264)) - client-76909DE03A78->930b1328-fc80-47b7-a4b1-f8330041d315: receive RaftClientReply:client-76909DE03A78->930b1328-fc80-47b7-a4b1-f8330041d315@group-B5EFBA83B44C, cid=46, SUCCESS, logIndex=26, commits[930b1328-fc80-47b7-a4b1-f8330041d315:c26, 4bce4e32-952c-4220-bcc9-22a10ce18ca8:c23, e0619aa3-4ba4-49c8-ac60-3d80bbb74aab:c25]
2019-09-16 19:11:49,122 [grpc-default-executor-6] INFO  impl.FollowerInfo (FollowerInfo.java:lambda$new$0(51)) - 930b1328-fc80-47b7-a4b1-f8330041d315@group-B5EFBA83B44C->4bce4e32-952c-4220-bcc9-22a10ce18ca8: nextIndex: updateUnconditionally 1 -> 0
2019-09-16 19:11:49,134 [grpc-default-executor-4] WARN  server.GrpcLogAppender (LogUtils.java:warn(134)) - 930b1328-fc80-47b7-a4b1-f8330041d315@group-B5EFBA83B44C->4bce4e32-952c-4220-bcc9-22a10ce18ca8-AppendLogResponseHandler: Failed appendEntries: org.apache.ratis.thirdparty.io.grpc.StatusRuntimeException: UNAVAILABLE: io exception
2019-09-16 19:11:49,147 [grpc-default-executor-4] INFO  impl.FollowerInfo (FollowerInfo.java:lambda$new$0(51)) - 930b1328-fc80-47b7-a4b1-f8330041d315@group-B5EFBA83B44C->4bce4e32-952c-4220-bcc9-22a10ce18ca8: nextIndex: updateUnconditionally 1 -> 0
2019-09-16 19:11:49,156 [grpc-default-executor-1] INFO  client.GrpcClientProtocolClient (GrpcClientProtocolClient.java:onNext(264)) - client-76909DE03A78->930b1328-fc80-47b7-a4b1-f8330041d315: receive RaftClientReply:client-76909DE03A78->930b1328-fc80-47b7-a4b1-f8330041d315@group-B5EFBA83B44C, cid=47, SUCCESS, logIndex=28, commits[930b1328-fc80-47b7-a4b1-f8330041d315:c28, 4bce4e32-952c-4220-bcc9-22a10ce18ca8:c23, e0619aa3-4ba4-49c8-ac60-3d80bbb74aab:c27]
2019-09-16 19:11:49,157 [grpc-default-executor-1] WARN  server.GrpcLogAppender (LogUtils.java:warn(134)) - 930b1328-fc80-47b7-a4b1-f8330041d315@group-B5EFBA83B44C->4bce4e32-952c-4220-bcc9-22a10ce18ca8-AppendLogResponseHandler: Failed appendEntries: org.apache.ratis.thirdparty.io.grpc.StatusRuntimeException: UNAVAILABLE: io exception
2019-09-16 19:11:49,160 [grpc-default-executor-1] INFO  impl.FollowerInfo (FollowerInfo.java:lambda$new$0(51)) - 930b1328-fc80-47b7-a4b1-f8330041d315@group-B5EFBA83B44C->4bce4e32-952c-4220-bcc9-22a10ce18ca8: nextIndex: updateUnconditionally 1 -> 0
2019-09-16 19:11:49,169 [grpc-default-executor-1] INFO  client.GrpcClientProtocolClient (GrpcClientProtocolClient.java:onNext(264)) - client-76909DE03A78->930b1328-fc80-47b7-a4b1-f8330041d315: receive RaftClientReply:client-76909DE03A78->930b1328-fc80-47b7-a4b1-f8330041d315@group-B5EFBA83B44C, cid=48, SUCCESS, logIndex=29, commits[930b1328-fc80-47b7-a4b1-f8330041d315:c31, 4bce4e32-952c-4220-bcc9-22a10ce18ca8:c23, e0619aa3-4ba4-49c8-ac60-3d80bbb74aab:c28]
2019-09-16 19:11:49,170 [grpc-default-executor-5] WARN  server.GrpcLogAppender (LogUtils.java:warn(134)) - 930b1328-fc80-47b7-a4b1-f8330041d315@group-B5EFBA83B44C->4bce4e32-952c-4220-bcc9-22a10ce18ca8-AppendLogResponseHandler: Failed appendEntries: org.apache.ratis.thirdparty.io.grpc.StatusRuntimeException: UNAVAILABLE: io exception
2019-09-16 19:11:49,170 [grpc-default-executor-6] INFO  client.GrpcClientProtocolClient (GrpcClientProtocolClient.java:onNext(264)) - client-76909DE03A78->930b1328-fc80-47b7-a4b1-f8330041d315: receive RaftClientReply:client-76909DE03A78->930b1328-fc80-47b7-a4b1-f8330041d315@group-B5EFBA83B44C, cid=49, SUCCESS, logIndex=31, commits[930b1328-fc80-47b7-a4b1-f8330041d315:c31, 4bce4e32-952c-4220-bcc9-22a10ce18ca8:c23, e0619aa3-4ba4-49c8-ac60-3d80bbb74aab:c28]
2019-09-16 19:11:49,173 [grpc-default-executor-5] INFO  impl.FollowerInfo (FollowerInfo.java:lambda$new$0(51)) - 930b1328-fc80-47b7-a4b1-f8330041d315@group-B5EFBA83B44C->4bce4e32-952c-4220-bcc9-22a10ce18ca8: nextIndex: updateUnconditionally 1 -> 0
2019-09-16 19:11:49,181 [grpc-default-executor-1] WARN  server.GrpcLogAppender (LogUtils.java:warn(134)) - 930b1328-fc80-47b7-a4b1-f8330041d315@group-B5EFBA83B44C->4bce4e32-952c-4220-bcc9-22a10ce18ca8-AppendLogResponseHandler: Failed appendEntries: org.apache.ratis.thirdparty.io.grpc.StatusRuntimeException: UNAVAILABLE: io exception
2019-09-16 19:11:49,185 [grpc-default-executor-1] INFO  impl.FollowerInfo (FollowerInfo.java:lambda$new$0(51)) - 930b1328-fc80-47b7-a4b1-f8330041d315@group-B5EFBA83B44C->4bce4e32-952c-4220-bcc9-22a10ce18ca8: nextIndex: updateUnconditionally 1 -> 0
2019-09-16 19:11:49,355 [java.util.concurrent.ThreadPoolExecutor$Worker@4d174f1d[State = -1, empty queue]] WARN  server.GrpcLogAppender (GrpcLogAppender.java:timeoutAppendRequest(200)) - 4eec4314-a089-48fe-8241-8a8066126e3f@group-C8C33BDD9912->52078b41-1f38-4037-a826-db5ef9cf1b82-GrpcLogAppender: appendEntries Timeout, request=4eec4314-a089-48fe-8241-8a8066126e3f->52078b41-1f38-4037-a826-db5ef9cf1b82#67-t2, previous=(t:2, i:19), leaderCommit=15, initializing? false, entries: <empty>
2019-09-16 19:11:49,371 [java.util.concurrent.ThreadPoolExecutor$Worker@270df07d[State = -1, empty queue]] WARN  server.GrpcLogAppender (GrpcLogAppender.java:timeoutAppendRequest(200)) - 4eec4314-a089-48fe-8241-8a8066126e3f@group-C8C33BDD9912->30fc0d14-cbc7-4743-b48a-59ef39c48768-GrpcLogAppender: appendEntries Timeout, request=4eec4314-a089-48fe-8241-8a8066126e3f->30fc0d14-cbc7-4743-b48a-59ef39c48768#67-t2, previous=(t:2, i:19), leaderCommit=15, initializing? false, entries: <empty>
2019-09-16 19:11:49,684 [grpc-default-executor-5] WARN  server.GrpcLogAppender (LogUtils.java:warn(134)) - 930b1328-fc80-47b7-a4b1-f8330041d315@group-B5EFBA83B44C->4bce4e32-952c-4220-bcc9-22a10ce18ca8-AppendLogResponseHandler: Failed appendEntries: org.apache.ratis.thirdparty.io.grpc.StatusRuntimeException: UNAVAILABLE: io exception
2019-09-16 19:11:49,689 [grpc-default-executor-5] INFO  impl.FollowerInfo (FollowerInfo.java:lambda$new$0(51)) - 930b1328-fc80-47b7-a4b1-f8330041d315@group-B5EFBA83B44C->4bce4e32-952c-4220-bcc9-22a10ce18ca8: nextIndex: updateUnconditionally 0 -> 0
2019-09-16 19:11:49,862 [java.util.concurrent.ThreadPoolExecutor$Worker@4d174f1d[State = -1, empty queue]] WARN  server.GrpcLogAppender (GrpcLogAppender.java:timeoutAppendRequest(200)) - 4eec4314-a089-48fe-8241-8a8066126e3f@group-C8C33BDD9912->52078b41-1f38-4037-a826-db5ef9cf1b82-GrpcLogAppender: appendEntries Timeout, request=4eec4314-a089-48fe-8241-8a8066126e3f->52078b41-1f38-4037-a826-db5ef9cf1b82#68-t2, previous=(t:2, i:19), leaderCommit=15, initializing? false, entries: <empty>
2019-09-16 19:11:49,873 [java.util.concurrent.ThreadPoolExecutor$Worker@270df07d[State = -1, empty queue]] WARN  server.GrpcLogAppender (GrpcLogAppender.java:timeoutAppendRequest(200)) - 4eec4314-a089-48fe-8241-8a8066126e3f@group-C8C33BDD9912->30fc0d14-cbc7-4743-b48a-59ef39c48768-GrpcLogAppender: appendEntries Timeout, request=4eec4314-a089-48fe-8241-8a8066126e3f->30fc0d14-cbc7-4743-b48a-59ef39c48768#68-t2, previous=(t:2, i:19), leaderCommit=15, initializing? false, entries: <empty>
2019-09-16 19:11:50,185 [grpc-default-executor-4] WARN  server.GrpcLogAppender (LogUtils.java:warn(134)) - 930b1328-fc80-47b7-a4b1-f8330041d315@group-B5EFBA83B44C->4bce4e32-952c-4220-bcc9-22a10ce18ca8-AppendLogResponseHandler: Failed appendEntries: org.apache.ratis.thirdparty.io.grpc.StatusRuntimeException: UNAVAILABLE: io exception
2019-09-16 19:11:50,199 [grpc-default-executor-4] INFO  impl.FollowerInfo (FollowerInfo.java:lambda$new$0(51)) - 930b1328-fc80-47b7-a4b1-f8330041d315@group-B5EFBA83B44C->4bce4e32-952c-4220-bcc9-22a10ce18ca8: nextIndex: updateUnconditionally 0 -> 0
2019-09-16 19:11:50,363 [java.util.concurrent.ThreadPoolExecutor$Worker@4d174f1d[State = -1, empty queue]] WARN  server.GrpcLogAppender (GrpcLogAppender.java:timeoutAppendRequest(200)) - 4eec4314-a089-48fe-8241-8a8066126e3f@group-C8C33BDD9912->52078b41-1f38-4037-a826-db5ef9cf1b82-GrpcLogAppender: appendEntries Timeout, request=4eec4314-a089-48fe-8241-8a8066126e3f->52078b41-1f38-4037-a826-db5ef9cf1b82#69-t2, previous=(t:2, i:19), leaderCommit=15, initializing? false, entries: <empty>
2019-09-16 19:11:50,373 [java.util.concurrent.ThreadPoolExecutor$Worker@270df07d[State = -1, empty queue]] WARN  server.GrpcLogAppender (GrpcLogAppender.java:timeoutAppendRequest(200)) - 4eec4314-a089-48fe-8241-8a8066126e3f@group-C8C33BDD9912->30fc0d14-cbc7-4743-b48a-59ef39c48768-GrpcLogAppender: appendEntries Timeout, request=4eec4314-a089-48fe-8241-8a8066126e3f->30fc0d14-cbc7-4743-b48a-59ef39c48768#69-t2, previous=(t:2, i:19), leaderCommit=15, initializing? false, entries: <empty>
2019-09-16 19:11:50,686 [grpc-default-executor-1] WARN  server.GrpcLogAppender (LogUtils.java:warn(134)) - 930b1328-fc80-47b7-a4b1-f8330041d315@group-B5EFBA83B44C->4bce4e32-952c-4220-bcc9-22a10ce18ca8-AppendLogResponseHandler: Failed appendEntries: org.apache.ratis.thirdparty.io.grpc.StatusRuntimeException: UNAVAILABLE: io exception
2019-09-16 19:11:50,691 [grpc-default-executor-1] INFO  impl.FollowerInfo (FollowerInfo.java:lambda$new$0(51)) - 930b1328-fc80-47b7-a4b1-f8330041d315@group-B5EFBA83B44C->4bce4e32-952c-4220-bcc9-22a10ce18ca8: nextIndex: updateUnconditionally 0 -> 0
2019-09-16 19:11:50,863 [java.util.concurrent.ThreadPoolExecutor$Worker@4d174f1d[State = -1, empty queue]] WARN  server.GrpcLogAppender (GrpcLogAppender.java:timeoutAppendRequest(200)) - 4eec4314-a089-48fe-8241-8a8066126e3f@group-C8C33BDD9912->52078b41-1f38-4037-a826-db5ef9cf1b82-GrpcLogAppender: appendEntries Timeout, request=4eec4314-a089-48fe-8241-8a8066126e3f->52078b41-1f38-4037-a826-db5ef9cf1b82#70-t2, previous=(t:2, i:19), leaderCommit=15, initializing? false, entries: <empty>
2019-09-16 19:11:50,873 [java.util.concurrent.ThreadPoolExecutor$Worker@270df07d[State = -1, empty queue]] WARN  server.GrpcLogAppender (GrpcLogAppender.java:timeoutAppendRequest(200)) - 4eec4314-a089-48fe-8241-8a8066126e3f@group-C8C33BDD9912->30fc0d14-cbc7-4743-b48a-59ef39c48768-GrpcLogAppender: appendEntries Timeout, request=4eec4314-a089-48fe-8241-8a8066126e3f->30fc0d14-cbc7-4743-b48a-59ef39c48768#70-t2, previous=(t:2, i:19), leaderCommit=15, initializing? false, entries: <empty>
2019-09-16 19:11:51,190 [grpc-default-executor-5] WARN  server.GrpcLogAppender (LogUtils.java:warn(134)) - 930b1328-fc80-47b7-a4b1-f8330041d315@group-B5EFBA83B44C->4bce4e32-952c-4220-bcc9-22a10ce18ca8-AppendLogResponseHandler: Failed appendEntries: org.apache.ratis.thirdparty.io.grpc.StatusRuntimeException: UNAVAILABLE: io exception
2019-09-16 19:11:51,193 [grpc-default-executor-5] INFO  impl.FollowerInfo (FollowerInfo.java:lambda$new$0(51)) - 930b1328-fc80-47b7-a4b1-f8330041d315@group-B5EFBA83B44C->4bce4e32-952c-4220-bcc9-22a10ce18ca8: nextIndex: updateUnconditionally 0 -> 0
2019-09-16 19:11:51,386 [java.util.concurrent.ThreadPoolExecutor$Worker@4d174f1d[State = -1, empty queue]] WARN  server.GrpcLogAppender (GrpcLogAppender.java:timeoutAppendRequest(200)) - 4eec4314-a089-48fe-8241-8a8066126e3f@group-C8C33BDD9912->52078b41-1f38-4037-a826-db5ef9cf1b82-GrpcLogAppender: appendEntries Timeout, request=4eec4314-a089-48fe-8241-8a8066126e3f->52078b41-1f38-4037-a826-db5ef9cf1b82#71-t2, previous=(t:2, i:19), leaderCommit=15, initializing? false, entries: <empty>
2019-09-16 19:11:51,386 [java.util.concurrent.ThreadPoolExecutor$Worker@270df07d[State = -1, empty queue]] WARN  server.GrpcLogAppender (GrpcLogAppender.java:timeoutAppendRequest(200)) - 4eec4314-a089-48fe-8241-8a8066126e3f@group-C8C33BDD9912->30fc0d14-cbc7-4743-b48a-59ef39c48768-GrpcLogAppender: appendEntries Timeout, request=4eec4314-a089-48fe-8241-8a8066126e3f->30fc0d14-cbc7-4743-b48a-59ef39c48768#71-t2, previous=(t:2, i:19), leaderCommit=15, initializing? false, entries: <empty>
2019-09-16 19:11:51,691 [grpc-default-executor-4] WARN  server.GrpcLogAppender (LogUtils.java:warn(134)) - 930b1328-fc80-47b7-a4b1-f8330041d315@group-B5EFBA83B44C->4bce4e32-952c-4220-bcc9-22a10ce18ca8-AppendLogResponseHandler: Failed appendEntries: org.apache.ratis.thirdparty.io.grpc.StatusRuntimeException: UNAVAILABLE: io exception
2019-09-16 19:11:51,701 [grpc-default-executor-4] INFO  impl.FollowerInfo (FollowerInfo.java:lambda$new$0(51)) - 930b1328-fc80-47b7-a4b1-f8330041d315@group-B5EFBA83B44C->4bce4e32-952c-4220-bcc9-22a10ce18ca8: nextIndex: updateUnconditionally 0 -> 0
2019-09-16 19:11:51,887 [java.util.concurrent.ThreadPoolExecutor$Worker@4d174f1d[State = -1, empty queue]] WARN  server.GrpcLogAppender (GrpcLogAppender.java:timeoutAppendRequest(200)) - 4eec4314-a089-48fe-8241-8a8066126e3f@group-C8C33BDD9912->52078b41-1f38-4037-a826-db5ef9cf1b82-GrpcLogAppender: appendEntries Timeout, request=4eec4314-a089-48fe-8241-8a8066126e3f->52078b41-1f38-4037-a826-db5ef9cf1b82#72-t2, previous=(t:2, i:19), leaderCommit=15, initializing? false, entries: <empty>
2019-09-16 19:11:51,887 [java.util.concurrent.ThreadPoolExecutor$Worker@270df07d[State = -1, empty queue]] WARN  server.GrpcLogAppender (GrpcLogAppender.java:timeoutAppendRequest(200)) - 4eec4314-a089-48fe-8241-8a8066126e3f@group-C8C33BDD9912->30fc0d14-cbc7-4743-b48a-59ef39c48768-GrpcLogAppender: appendEntries Timeout, request=4eec4314-a089-48fe-8241-8a8066126e3f->30fc0d14-cbc7-4743-b48a-59ef39c48768#72-t2, previous=(t:2, i:19), leaderCommit=15, initializing? false, entries: <empty>
2019-09-16 19:11:52,194 [grpc-default-executor-5] WARN  server.GrpcLogAppender (LogUtils.java:warn(134)) - 930b1328-fc80-47b7-a4b1-f8330041d315@group-B5EFBA83B44C->4bce4e32-952c-4220-bcc9-22a10ce18ca8-AppendLogResponseHandler: Failed appendEntries: org.apache.ratis.thirdparty.io.grpc.StatusRuntimeException: UNAVAILABLE: io exception
2019-09-16 19:11:52,196 [grpc-default-executor-5] INFO  impl.FollowerInfo (FollowerInfo.java:lambda$new$0(51)) - 930b1328-fc80-47b7-a4b1-f8330041d315@group-B5EFBA83B44C->4bce4e32-952c-4220-bcc9-22a10ce18ca8: nextIndex: updateUnconditionally 0 -> 0
2019-09-16 19:11:52,387 [java.util.concurrent.ThreadPoolExecutor$Worker@270df07d[State = -1, empty queue]] WARN  server.GrpcLogAppender (GrpcLogAppender.java:timeoutAppendRequest(200)) - 4eec4314-a089-48fe-8241-8a8066126e3f@group-C8C33BDD9912->30fc0d14-cbc7-4743-b48a-59ef39c48768-GrpcLogAppender: appendEntries Timeout, request=4eec4314-a089-48fe-8241-8a8066126e3f->30fc0d14-cbc7-4743-b48a-59ef39c48768#73-t2, previous=(t:2, i:19), leaderCommit=15, initializing? false, entries: <empty>
2019-09-16 19:11:52,387 [java.util.concurrent.ThreadPoolExecutor$Worker@4d174f1d[State = -1, empty queue]] WARN  server.GrpcLogAppender (GrpcLogAppender.java:timeoutAppendRequest(200)) - 4eec4314-a089-48fe-8241-8a8066126e3f@group-C8C33BDD9912->52078b41-1f38-4037-a826-db5ef9cf1b82-GrpcLogAppender: appendEntries Timeout, request=4eec4314-a089-48fe-8241-8a8066126e3f->52078b41-1f38-4037-a826-db5ef9cf1b82#73-t2, previous=(t:2, i:19), leaderCommit=15, initializing? false, entries: <empty>
2019-09-16 19:11:52,698 [grpc-default-executor-1] WARN  server.GrpcLogAppender (LogUtils.java:warn(134)) - 930b1328-fc80-47b7-a4b1-f8330041d315@group-B5EFBA83B44C->4bce4e32-952c-4220-bcc9-22a10ce18ca8-AppendLogResponseHandler: Failed appendEntries: org.apache.ratis.thirdparty.io.grpc.StatusRuntimeException: UNAVAILABLE: io exception
2019-09-16 19:11:52,706 [grpc-default-executor-1] INFO  impl.FollowerInfo (FollowerInfo.java:lambda$new$0(51)) - 930b1328-fc80-47b7-a4b1-f8330041d315@group-B5EFBA83B44C->4bce4e32-952c-4220-bcc9-22a10ce18ca8: nextIndex: updateUnconditionally 0 -> 0
2019-09-16 19:11:52,887 [java.util.concurrent.ThreadPoolExecutor$Worker@270df07d[State = -1, empty queue]] WARN  server.GrpcLogAppender (GrpcLogAppender.java:timeoutAppendRequest(200)) - 4eec4314-a089-48fe-8241-8a8066126e3f@group-C8C33BDD9912->30fc0d14-cbc7-4743-b48a-59ef39c48768-GrpcLogAppender: appendEntries Timeout, request=4eec4314-a089-48fe-8241-8a8066126e3f->30fc0d14-cbc7-4743-b48a-59ef39c48768#74-t2, previous=(t:2, i:19), leaderCommit=15, initializing? false, entries: <empty>
2019-09-16 19:11:52,888 [java.util.concurrent.ThreadPoolExecutor$Worker@4d174f1d[State = -1, empty queue]] WARN  server.GrpcLogAppender (GrpcLogAppender.java:timeoutAppendRequest(200)) - 4eec4314-a089-48fe-8241-8a8066126e3f@group-C8C33BDD9912->52078b41-1f38-4037-a826-db5ef9cf1b82-GrpcLogAppender: appendEntries Timeout, request=4eec4314-a089-48fe-8241-8a8066126e3f->52078b41-1f38-4037-a826-db5ef9cf1b82#74-t2, previous=(t:2, i:19), leaderCommit=15, initializing? false, entries: <empty>
2019-09-16 19:11:53,202 [grpc-default-executor-5] WARN  server.GrpcLogAppender (LogUtils.java:warn(134)) - 930b1328-fc80-47b7-a4b1-f8330041d315@group-B5EFBA83B44C->4bce4e32-952c-4220-bcc9-22a10ce18ca8-AppendLogResponseHandler: Failed appendEntries: org.apache.ratis.thirdparty.io.grpc.StatusRuntimeException: UNAVAILABLE: io exception
2019-09-16 19:11:53,204 [grpc-default-executor-5] INFO  impl.FollowerInfo (FollowerInfo.java:lambda$new$0(51)) - 930b1328-fc80-47b7-a4b1-f8330041d315@group-B5EFBA83B44C->4bce4e32-952c-4220-bcc9-22a10ce18ca8: nextIndex: updateUnconditionally 0 -> 0
2019-09-16 19:11:53,388 [java.util.concurrent.ThreadPoolExecutor$Worker@270df07d[State = -1, empty queue]] WARN  server.GrpcLogAppender (GrpcLogAppender.java:timeoutAppendRequest(200)) - 4eec4314-a089-48fe-8241-8a8066126e3f@group-C8C33BDD9912->30fc0d14-cbc7-4743-b48a-59ef39c48768-GrpcLogAppender: appendEntries Timeout, request=4eec4314-a089-48fe-8241-8a8066126e3f->30fc0d14-cbc7-4743-b48a-59ef39c48768#75-t2, previous=(t:2, i:19), leaderCommit=15, initializing? false, entries: <empty>
2019-09-16 19:11:53,388 [java.util.concurrent.ThreadPoolExecutor$Worker@4d174f1d[State = -1, empty queue]] WARN  server.GrpcLogAppender (GrpcLogAppender.java:timeoutAppendRequest(200)) - 4eec4314-a089-48fe-8241-8a8066126e3f@group-C8C33BDD9912->52078b41-1f38-4037-a826-db5ef9cf1b82-GrpcLogAppender: appendEntries Timeout, request=4eec4314-a089-48fe-8241-8a8066126e3f->52078b41-1f38-4037-a826-db5ef9cf1b82#75-t2, previous=(t:2, i:19), leaderCommit=15, initializing? false, entries: <empty>
2019-09-16 19:11:53,394 [4eec4314-a089-48fe-8241-8a8066126e3f@group-C8C33BDD9912-SegmentedRaftLogWorker] WARN  segmented.SegmentedRaftLogWorker (SegmentedRaftLogWorker.java:getFromFuture(90)) - Timeout 2/~
org.apache.ratis.protocol.TimeoutIOException: Timeout 10s: WriteLog:18: (t:2, i:18), STATEMACHINELOGENTRY, client-C26E20CEB926, cid=40-writeStateMachineData
	at org.apache.ratis.util.IOUtils.getFromFuture(IOUtils.java:87)
	at org.apache.ratis.server.raftlog.segmented.SegmentedRaftLogWorker$StateMachineDataPolicy.getFromFuture(SegmentedRaftLogWorker.java:87)
	at org.apache.ratis.server.raftlog.segmented.SegmentedRaftLogWorker$WriteLog.execute(SegmentedRaftLogWorker.java:477)
	at org.apache.ratis.server.raftlog.segmented.SegmentedRaftLogWorker.run(SegmentedRaftLogWorker.java:289)
	at java.lang.Thread.run(Thread.java:748)
Caused by: java.util.concurrent.TimeoutException
	at java.util.concurrent.CompletableFuture.timedGet(CompletableFuture.java:1771)
	at java.util.concurrent.CompletableFuture.get(CompletableFuture.java:1915)
	at org.apache.ratis.util.IOUtils.getFromFuture(IOUtils.java:79)
	... 4 more
2019-09-16 19:11:53,394 [52078b41-1f38-4037-a826-db5ef9cf1b82@group-C8C33BDD9912-SegmentedRaftLogWorker] WARN  segmented.SegmentedRaftLogWorker (SegmentedRaftLogWorker.java:getFromFuture(90)) - Timeout 2/~
org.apache.ratis.protocol.TimeoutIOException: Timeout 10s: WriteLog:18: (t:2, i:18), STATEMACHINELOGENTRY, client-C26E20CEB926, cid=40-writeStateMachineData
	at org.apache.ratis.util.IOUtils.getFromFuture(IOUtils.java:87)
	at org.apache.ratis.server.raftlog.segmented.SegmentedRaftLogWorker$StateMachineDataPolicy.getFromFuture(SegmentedRaftLogWorker.java:87)
	at org.apache.ratis.server.raftlog.segmented.SegmentedRaftLogWorker$WriteLog.execute(SegmentedRaftLogWorker.java:477)
	at org.apache.ratis.server.raftlog.segmented.SegmentedRaftLogWorker.run(SegmentedRaftLogWorker.java:289)
	at java.lang.Thread.run(Thread.java:748)
Caused by: java.util.concurrent.TimeoutException
	at java.util.concurrent.CompletableFuture.timedGet(CompletableFuture.java:1771)
	at java.util.concurrent.CompletableFuture.get(CompletableFuture.java:1915)
	at org.apache.ratis.util.IOUtils.getFromFuture(IOUtils.java:79)
	... 4 more
2019-09-16 19:11:53,406 [30fc0d14-cbc7-4743-b48a-59ef39c48768@group-C8C33BDD9912-SegmentedRaftLogWorker] WARN  segmented.SegmentedRaftLogWorker (SegmentedRaftLogWorker.java:getFromFuture(90)) - Timeout 2/~
org.apache.ratis.protocol.TimeoutIOException: Timeout 10s: WriteLog:18: (t:2, i:18), STATEMACHINELOGENTRY, client-C26E20CEB926, cid=40-writeStateMachineData
	at org.apache.ratis.util.IOUtils.getFromFuture(IOUtils.java:87)
	at org.apache.ratis.server.raftlog.segmented.SegmentedRaftLogWorker$StateMachineDataPolicy.getFromFuture(SegmentedRaftLogWorker.java:87)
	at org.apache.ratis.server.raftlog.segmented.SegmentedRaftLogWorker$WriteLog.execute(SegmentedRaftLogWorker.java:477)
	at org.apache.ratis.server.raftlog.segmented.SegmentedRaftLogWorker.run(SegmentedRaftLogWorker.java:289)
	at java.lang.Thread.run(Thread.java:748)
Caused by: java.util.concurrent.TimeoutException
	at java.util.concurrent.CompletableFuture.timedGet(CompletableFuture.java:1771)
	at java.util.concurrent.CompletableFuture.get(CompletableFuture.java:1915)
	at org.apache.ratis.util.IOUtils.getFromFuture(IOUtils.java:79)
	... 4 more
2019-09-16 19:11:53,705 [grpc-default-executor-4] WARN  server.GrpcLogAppender (LogUtils.java:warn(134)) - 930b1328-fc80-47b7-a4b1-f8330041d315@group-B5EFBA83B44C->4bce4e32-952c-4220-bcc9-22a10ce18ca8-AppendLogResponseHandler: Failed appendEntries: org.apache.ratis.thirdparty.io.grpc.StatusRuntimeException: UNAVAILABLE: io exception
2019-09-16 19:11:53,715 [grpc-default-executor-4] INFO  impl.FollowerInfo (FollowerInfo.java:lambda$new$0(51)) - 930b1328-fc80-47b7-a4b1-f8330041d315@group-B5EFBA83B44C->4bce4e32-952c-4220-bcc9-22a10ce18ca8: nextIndex: updateUnconditionally 0 -> 0
2019-09-16 19:11:53,888 [java.util.concurrent.ThreadPoolExecutor$Worker@4d174f1d[State = -1, empty queue]] WARN  server.GrpcLogAppender (GrpcLogAppender.java:timeoutAppendRequest(200)) - 4eec4314-a089-48fe-8241-8a8066126e3f@group-C8C33BDD9912->52078b41-1f38-4037-a826-db5ef9cf1b82-GrpcLogAppender: appendEntries Timeout, request=4eec4314-a089-48fe-8241-8a8066126e3f->52078b41-1f38-4037-a826-db5ef9cf1b82#76-t2, previous=(t:2, i:19), leaderCommit=15, initializing? false, entries: <empty>
2019-09-16 19:11:53,888 [java.util.concurrent.ThreadPoolExecutor$Worker@270df07d[State = -1, empty queue]] WARN  server.GrpcLogAppender (GrpcLogAppender.java:timeoutAppendRequest(200)) - 4eec4314-a089-48fe-8241-8a8066126e3f@group-C8C33BDD9912->30fc0d14-cbc7-4743-b48a-59ef39c48768-GrpcLogAppender: appendEntries Timeout, request=4eec4314-a089-48fe-8241-8a8066126e3f->30fc0d14-cbc7-4743-b48a-59ef39c48768#76-t2, previous=(t:2, i:19), leaderCommit=15, initializing? false, entries: <empty>
2019-09-16 19:11:54,175 [main] WARN  scm.XceiverClientRatis (XceiverClientRatis.java:watchForCommit(262)) - 3 way commit failed on pipeline Pipeline[ Id: 108ab3b2-2db4-495b-b8c8-b5efba83b44c, Nodes: 4bce4e32-952c-4220-bcc9-22a10ce18ca8{ip: 192.168.34.56, host: pr-hdds-2111-hlhfn-3535364396, networkLocation: /default-rack, certSerialId: null}e0619aa3-4ba4-49c8-ac60-3d80bbb74aab{ip: 192.168.34.56, host: pr-hdds-2111-hlhfn-3535364396, networkLocation: /default-rack, certSerialId: null}930b1328-fc80-47b7-a4b1-f8330041d315{ip: 192.168.34.56, host: pr-hdds-2111-hlhfn-3535364396, networkLocation: /default-rack, certSerialId: null}, Type:RATIS, Factor:THREE, State:OPEN]
java.util.concurrent.TimeoutException
	at java.util.concurrent.CompletableFuture.timedGet(CompletableFuture.java:1771)
	at java.util.concurrent.CompletableFuture.get(CompletableFuture.java:1915)
	at org.apache.hadoop.hdds.scm.XceiverClientRatis.watchForCommit(XceiverClientRatis.java:259)
	at org.apache.hadoop.hdds.scm.storage.CommitWatcher.watchForCommit(CommitWatcher.java:194)
	at org.apache.hadoop.hdds.scm.storage.CommitWatcher.watchOnFirstIndex(CommitWatcher.java:135)
	at org.apache.hadoop.hdds.scm.storage.BlockOutputStream.watchForCommit(BlockOutputStream.java:347)
	at org.apache.hadoop.hdds.scm.storage.BlockOutputStream.handleFullBuffer(BlockOutputStream.java:324)
	at org.apache.hadoop.hdds.scm.storage.BlockOutputStream.write(BlockOutputStream.java:251)
	at org.apache.hadoop.ozone.client.io.BlockOutputStreamEntry.write(BlockOutputStreamEntry.java:129)
	at org.apache.hadoop.ozone.client.io.KeyOutputStream.handleWrite(KeyOutputStream.java:211)
	at org.apache.hadoop.ozone.client.io.KeyOutputStream.write(KeyOutputStream.java:193)
	at org.apache.hadoop.ozone.client.io.OzoneOutputStream.write(OzoneOutputStream.java:49)
	at java.io.OutputStream.write(OutputStream.java:75)
	at org.apache.hadoop.ozone.client.rpc.TestMultiBlockWritesWithDnFailures.testMultiBlockWritesWithIntermittentDnFailures(TestMultiBlockWritesWithDnFailures.java:192)
	at sun.reflect.NativeMethodAccessorImpl.invoke0(Native Method)
	at sun.reflect.NativeMethodAccessorImpl.invoke(NativeMethodAccessorImpl.java:62)
	at sun.reflect.DelegatingMethodAccessorImpl.invoke(DelegatingMethodAccessorImpl.java:43)
	at java.lang.reflect.Method.invoke(Method.java:498)
	at org.junit.runners.model.FrameworkMethod$1.runReflectiveCall(FrameworkMethod.java:47)
	at org.junit.internal.runners.model.ReflectiveCallable.run(ReflectiveCallable.java:12)
	at org.junit.runners.model.FrameworkMethod.invokeExplosively(FrameworkMethod.java:44)
	at org.junit.internal.runners.statements.InvokeMethod.evaluate(InvokeMethod.java:17)
	at org.junit.internal.runners.statements.RunAfters.evaluate(RunAfters.java:27)
	at org.junit.runners.ParentRunner.runLeaf(ParentRunner.java:271)
	at org.junit.runners.BlockJUnit4ClassRunner.runChild(BlockJUnit4ClassRunner.java:70)
	at org.junit.runners.BlockJUnit4ClassRunner.runChild(BlockJUnit4ClassRunner.java:50)
	at org.junit.runners.ParentRunner$3.run(ParentRunner.java:238)
	at org.junit.runners.ParentRunner$1.schedule(ParentRunner.java:63)
	at org.junit.runners.ParentRunner.runChildren(ParentRunner.java:236)
	at org.junit.runners.ParentRunner.access$000(ParentRunner.java:53)
	at org.junit.runners.ParentRunner$2.evaluate(ParentRunner.java:229)
	at org.junit.runners.ParentRunner.run(ParentRunner.java:309)
	at org.apache.maven.surefire.junit4.JUnit4Provider.execute(JUnit4Provider.java:365)
	at org.apache.maven.surefire.junit4.JUnit4Provider.executeWithRerun(JUnit4Provider.java:273)
	at org.apache.maven.surefire.junit4.JUnit4Provider.executeTestSet(JUnit4Provider.java:238)
	at org.apache.maven.surefire.junit4.JUnit4Provider.invoke(JUnit4Provider.java:159)
	at org.apache.maven.surefire.booter.ForkedBooter.invokeProviderInSameClassLoader(ForkedBooter.java:384)
	at org.apache.maven.surefire.booter.ForkedBooter.runSuitesInProcess(ForkedBooter.java:345)
	at org.apache.maven.surefire.booter.ForkedBooter.execute(ForkedBooter.java:126)
	at org.apache.maven.surefire.booter.ForkedBooter.main(ForkedBooter.java:418)
2019-09-16 19:11:54,179 [grpc-default-executor-4] INFO  client.GrpcClientProtocolClient (GrpcClientProtocolClient.java:onNext(264)) - client-76909DE03A78->930b1328-fc80-47b7-a4b1-f8330041d315: receive RaftClientReply:client-76909DE03A78->930b1328-fc80-47b7-a4b1-f8330041d315@group-B5EFBA83B44C, cid=51, SUCCESS, logIndex=0, commits[930b1328-fc80-47b7-a4b1-f8330041d315:c33, 4bce4e32-952c-4220-bcc9-22a10ce18ca8:c23, e0619aa3-4ba4-49c8-ac60-3d80bbb74aab:c33]
2019-09-16 19:11:54,183 [main] INFO  scm.XceiverClientRatis (XceiverClientRatis.java:lambda$watchForCommit$7(280)) - Could not commit index 28 on pipeline Pipeline[ Id: 108ab3b2-2db4-495b-b8c8-b5efba83b44c, Nodes: 4bce4e32-952c-4220-bcc9-22a10ce18ca8{ip: 192.168.34.56, host: pr-hdds-2111-hlhfn-3535364396, networkLocation: /default-rack, certSerialId: null}e0619aa3-4ba4-49c8-ac60-3d80bbb74aab{ip: 192.168.34.56, host: pr-hdds-2111-hlhfn-3535364396, networkLocation: /default-rack, certSerialId: null}930b1328-fc80-47b7-a4b1-f8330041d315{ip: 192.168.34.56, host: pr-hdds-2111-hlhfn-3535364396, networkLocation: /default-rack, certSerialId: null}, Type:RATIS, Factor:THREE, State:OPEN] to all the nodes. Server 4bce4e32-952c-4220-bcc9-22a10ce18ca8 has failed. Committed by majority.
2019-09-16 19:11:54,191 [main] WARN  storage.BlockOutputStream (BlockOutputStream.java:watchForCommit(353)) - Failed to commit BlockId conID: 4 locID: 102803772588556291 bcsId: 31 on Pipeline[ Id: 108ab3b2-2db4-495b-b8c8-b5efba83b44c, Nodes: 4bce4e32-952c-4220-bcc9-22a10ce18ca8{ip: 192.168.34.56, host: pr-hdds-2111-hlhfn-3535364396, networkLocation: /default-rack, certSerialId: null}e0619aa3-4ba4-49c8-ac60-3d80bbb74aab{ip: 192.168.34.56, host: pr-hdds-2111-hlhfn-3535364396, networkLocation: /default-rack, certSerialId: null}930b1328-fc80-47b7-a4b1-f8330041d315{ip: 192.168.34.56, host: pr-hdds-2111-hlhfn-3535364396, networkLocation: /default-rack, certSerialId: null}, Type:RATIS, Factor:THREE, State:OPEN]. Failed nodes: [4bce4e32-952c-4220-bcc9-22a10ce18ca8{ip: null, host: null, networkLocation: /default-rack, certSerialId: null}]
2019-09-16 19:11:54,227 [grpc-default-executor-1] WARN  server.GrpcLogAppender (LogUtils.java:warn(134)) - 930b1328-fc80-47b7-a4b1-f8330041d315@group-B5EFBA83B44C->4bce4e32-952c-4220-bcc9-22a10ce18ca8-AppendLogResponseHandler: Failed appendEntries: org.apache.ratis.thirdparty.io.grpc.StatusRuntimeException: UNAVAILABLE: io exception
2019-09-16 19:11:54,231 [grpc-default-executor-1] INFO  impl.FollowerInfo (FollowerInfo.java:lambda$new$0(51)) - 930b1328-fc80-47b7-a4b1-f8330041d315@group-B5EFBA83B44C->4bce4e32-952c-4220-bcc9-22a10ce18ca8: nextIndex: updateUnconditionally 0 -> 0
2019-09-16 19:11:54,389 [java.util.concurrent.ThreadPoolExecutor$Worker@270df07d[State = -1, empty queue]] WARN  server.GrpcLogAppender (GrpcLogAppender.java:timeoutAppendRequest(200)) - 4eec4314-a089-48fe-8241-8a8066126e3f@group-C8C33BDD9912->30fc0d14-cbc7-4743-b48a-59ef39c48768-GrpcLogAppender: appendEntries Timeout, request=4eec4314-a089-48fe-8241-8a8066126e3f->30fc0d14-cbc7-4743-b48a-59ef39c48768#77-t2, previous=(t:2, i:19), leaderCommit=15, initializing? false, entries: <empty>
2019-09-16 19:11:54,389 [java.util.concurrent.ThreadPoolExecutor$Worker@4d174f1d[State = -1, empty queue]] WARN  server.GrpcLogAppender (GrpcLogAppender.java:timeoutAppendRequest(200)) - 4eec4314-a089-48fe-8241-8a8066126e3f@group-C8C33BDD9912->52078b41-1f38-4037-a826-db5ef9cf1b82-GrpcLogAppender: appendEntries Timeout, request=4eec4314-a089-48fe-8241-8a8066126e3f->52078b41-1f38-4037-a826-db5ef9cf1b82#77-t2, previous=(t:2, i:19), leaderCommit=15, initializing? false, entries: <empty>
2019-09-16 19:11:54,709 [grpc-default-executor-5] WARN  server.GrpcLogAppender (LogUtils.java:warn(134)) - 930b1328-fc80-47b7-a4b1-f8330041d315@group-B5EFBA83B44C->4bce4e32-952c-4220-bcc9-22a10ce18ca8-AppendLogResponseHandler: Failed appendEntries: org.apache.ratis.thirdparty.io.grpc.StatusRuntimeException: UNAVAILABLE: io exception
2019-09-16 19:11:54,713 [grpc-default-executor-5] INFO  impl.FollowerInfo (FollowerInfo.java:lambda$new$0(51)) - 930b1328-fc80-47b7-a4b1-f8330041d315@group-B5EFBA83B44C->4bce4e32-952c-4220-bcc9-22a10ce18ca8: nextIndex: updateUnconditionally 0 -> 0
2019-09-16 19:11:54,890 [java.util.concurrent.ThreadPoolExecutor$Worker@4d174f1d[State = -1, empty queue]] WARN  server.GrpcLogAppender (GrpcLogAppender.java:timeoutAppendRequest(200)) - 4eec4314-a089-48fe-8241-8a8066126e3f@group-C8C33BDD9912->52078b41-1f38-4037-a826-db5ef9cf1b82-GrpcLogAppender: appendEntries Timeout, request=4eec4314-a089-48fe-8241-8a8066126e3f->52078b41-1f38-4037-a826-db5ef9cf1b82#78-t2, previous=(t:2, i:19), leaderCommit=15, initializing? false, entries: <empty>
2019-09-16 19:11:54,890 [java.util.concurrent.ThreadPoolExecutor$Worker@270df07d[State = -1, empty queue]] WARN  server.GrpcLogAppender (GrpcLogAppender.java:timeoutAppendRequest(200)) - 4eec4314-a089-48fe-8241-8a8066126e3f@group-C8C33BDD9912->30fc0d14-cbc7-4743-b48a-59ef39c48768-GrpcLogAppender: appendEntries Timeout, request=4eec4314-a089-48fe-8241-8a8066126e3f->30fc0d14-cbc7-4743-b48a-59ef39c48768#78-t2, previous=(t:2, i:19), leaderCommit=15, initializing? false, entries: <empty>
2019-09-16 19:11:55,209 [grpc-default-executor-1] WARN  server.GrpcLogAppender (LogUtils.java:warn(134)) - 930b1328-fc80-47b7-a4b1-f8330041d315@group-B5EFBA83B44C->4bce4e32-952c-4220-bcc9-22a10ce18ca8-AppendLogResponseHandler: Failed appendEntries: org.apache.ratis.thirdparty.io.grpc.StatusRuntimeException: UNAVAILABLE: io exception
2019-09-16 19:11:55,214 [grpc-default-executor-1] INFO  impl.FollowerInfo (FollowerInfo.java:lambda$new$0(51)) - 930b1328-fc80-47b7-a4b1-f8330041d315@group-B5EFBA83B44C->4bce4e32-952c-4220-bcc9-22a10ce18ca8: nextIndex: updateUnconditionally 0 -> 0
2019-09-16 19:11:55,390 [java.util.concurrent.ThreadPoolExecutor$Worker@4d174f1d[State = -1, empty queue]] WARN  server.GrpcLogAppender (GrpcLogAppender.java:timeoutAppendRequest(200)) - 4eec4314-a089-48fe-8241-8a8066126e3f@group-C8C33BDD9912->52078b41-1f38-4037-a826-db5ef9cf1b82-GrpcLogAppender: appendEntries Timeout, request=4eec4314-a089-48fe-8241-8a8066126e3f->52078b41-1f38-4037-a826-db5ef9cf1b82#79-t2, previous=(t:2, i:19), leaderCommit=15, initializing? false, entries: <empty>
2019-09-16 19:11:55,390 [java.util.concurrent.ThreadPoolExecutor$Worker@270df07d[State = -1, empty queue]] WARN  server.GrpcLogAppender (GrpcLogAppender.java:timeoutAppendRequest(200)) - 4eec4314-a089-48fe-8241-8a8066126e3f@group-C8C33BDD9912->30fc0d14-cbc7-4743-b48a-59ef39c48768-GrpcLogAppender: appendEntries Timeout, request=4eec4314-a089-48fe-8241-8a8066126e3f->30fc0d14-cbc7-4743-b48a-59ef39c48768#79-t2, previous=(t:2, i:19), leaderCommit=15, initializing? false, entries: <empty>
2019-09-16 19:11:55,710 [grpc-default-executor-4] WARN  server.GrpcLogAppender (LogUtils.java:warn(134)) - 930b1328-fc80-47b7-a4b1-f8330041d315@group-B5EFBA83B44C->4bce4e32-952c-4220-bcc9-22a10ce18ca8-AppendLogResponseHandler: Failed appendEntries: org.apache.ratis.thirdparty.io.grpc.StatusRuntimeException: UNAVAILABLE: io exception
2019-09-16 19:11:55,715 [grpc-default-executor-4] INFO  impl.FollowerInfo (FollowerInfo.java:lambda$new$0(51)) - 930b1328-fc80-47b7-a4b1-f8330041d315@group-B5EFBA83B44C->4bce4e32-952c-4220-bcc9-22a10ce18ca8: nextIndex: updateUnconditionally 0 -> 0
2019-09-16 19:11:55,890 [java.util.concurrent.ThreadPoolExecutor$Worker@4d174f1d[State = -1, empty queue]] WARN  server.GrpcLogAppender (GrpcLogAppender.java:timeoutAppendRequest(200)) - 4eec4314-a089-48fe-8241-8a8066126e3f@group-C8C33BDD9912->52078b41-1f38-4037-a826-db5ef9cf1b82-GrpcLogAppender: appendEntries Timeout, request=4eec4314-a089-48fe-8241-8a8066126e3f->52078b41-1f38-4037-a826-db5ef9cf1b82#80-t2, previous=(t:2, i:19), leaderCommit=15, initializing? false, entries: <empty>
2019-09-16 19:11:55,890 [java.util.concurrent.ThreadPoolExecutor$Worker@270df07d[State = -1, empty queue]] WARN  server.GrpcLogAppender (GrpcLogAppender.java:timeoutAppendRequest(200)) - 4eec4314-a089-48fe-8241-8a8066126e3f@group-C8C33BDD9912->30fc0d14-cbc7-4743-b48a-59ef39c48768-GrpcLogAppender: appendEntries Timeout, request=4eec4314-a089-48fe-8241-8a8066126e3f->30fc0d14-cbc7-4743-b48a-59ef39c48768#80-t2, previous=(t:2, i:19), leaderCommit=15, initializing? false, entries: <empty>
2019-09-16 19:11:56,211 [grpc-default-executor-5] WARN  server.GrpcLogAppender (LogUtils.java:warn(134)) - 930b1328-fc80-47b7-a4b1-f8330041d315@group-B5EFBA83B44C->4bce4e32-952c-4220-bcc9-22a10ce18ca8-AppendLogResponseHandler: Failed appendEntries: org.apache.ratis.thirdparty.io.grpc.StatusRuntimeException: UNAVAILABLE: io exception
2019-09-16 19:11:56,214 [grpc-default-executor-5] INFO  impl.FollowerInfo (FollowerInfo.java:lambda$new$0(51)) - 930b1328-fc80-47b7-a4b1-f8330041d315@group-B5EFBA83B44C->4bce4e32-952c-4220-bcc9-22a10ce18ca8: nextIndex: updateUnconditionally 0 -> 0
2019-09-16 19:11:56,391 [java.util.concurrent.ThreadPoolExecutor$Worker@270df07d[State = -1, empty queue]] WARN  server.GrpcLogAppender (GrpcLogAppender.java:timeoutAppendRequest(200)) - 4eec4314-a089-48fe-8241-8a8066126e3f@group-C8C33BDD9912->30fc0d14-cbc7-4743-b48a-59ef39c48768-GrpcLogAppender: appendEntries Timeout, request=4eec4314-a089-48fe-8241-8a8066126e3f->30fc0d14-cbc7-4743-b48a-59ef39c48768#81-t2, previous=(t:2, i:19), leaderCommit=15, initializing? false, entries: <empty>
2019-09-16 19:11:56,391 [java.util.concurrent.ThreadPoolExecutor$Worker@4d174f1d[State = -1, empty queue]] WARN  server.GrpcLogAppender (GrpcLogAppender.java:timeoutAppendRequest(200)) - 4eec4314-a089-48fe-8241-8a8066126e3f@group-C8C33BDD9912->52078b41-1f38-4037-a826-db5ef9cf1b82-GrpcLogAppender: appendEntries Timeout, request=4eec4314-a089-48fe-8241-8a8066126e3f->52078b41-1f38-4037-a826-db5ef9cf1b82#81-t2, previous=(t:2, i:19), leaderCommit=15, initializing? false, entries: <empty>
2019-09-16 19:11:56,712 [grpc-default-executor-1] WARN  server.GrpcLogAppender (LogUtils.java:warn(134)) - 930b1328-fc80-47b7-a4b1-f8330041d315@group-B5EFBA83B44C->4bce4e32-952c-4220-bcc9-22a10ce18ca8-AppendLogResponseHandler: Failed appendEntries: org.apache.ratis.thirdparty.io.grpc.StatusRuntimeException: UNAVAILABLE: io exception
2019-09-16 19:11:56,716 [grpc-default-executor-1] INFO  impl.FollowerInfo (FollowerInfo.java:lambda$new$0(51)) - 930b1328-fc80-47b7-a4b1-f8330041d315@group-B5EFBA83B44C->4bce4e32-952c-4220-bcc9-22a10ce18ca8: nextIndex: updateUnconditionally 0 -> 0
2019-09-16 19:11:56,892 [java.util.concurrent.ThreadPoolExecutor$Worker@270df07d[State = -1, empty queue]] WARN  server.GrpcLogAppender (GrpcLogAppender.java:timeoutAppendRequest(200)) - 4eec4314-a089-48fe-8241-8a8066126e3f@group-C8C33BDD9912->30fc0d14-cbc7-4743-b48a-59ef39c48768-GrpcLogAppender: appendEntries Timeout, request=4eec4314-a089-48fe-8241-8a8066126e3f->30fc0d14-cbc7-4743-b48a-59ef39c48768#82-t2, previous=(t:2, i:19), leaderCommit=15, initializing? false, entries: <empty>
2019-09-16 19:11:56,892 [java.util.concurrent.ThreadPoolExecutor$Worker@4d174f1d[State = -1, empty queue]] WARN  server.GrpcLogAppender (GrpcLogAppender.java:timeoutAppendRequest(200)) - 4eec4314-a089-48fe-8241-8a8066126e3f@group-C8C33BDD9912->52078b41-1f38-4037-a826-db5ef9cf1b82-GrpcLogAppender: appendEntries Timeout, request=4eec4314-a089-48fe-8241-8a8066126e3f->52078b41-1f38-4037-a826-db5ef9cf1b82#82-t2, previous=(t:2, i:19), leaderCommit=15, initializing? false, entries: <empty>
2019-09-16 19:11:57,213 [grpc-default-executor-4] WARN  server.GrpcLogAppender (LogUtils.java:warn(134)) - 930b1328-fc80-47b7-a4b1-f8330041d315@group-B5EFBA83B44C->4bce4e32-952c-4220-bcc9-22a10ce18ca8-AppendLogResponseHandler: Failed appendEntries: org.apache.ratis.thirdparty.io.grpc.StatusRuntimeException: UNAVAILABLE: io exception
2019-09-16 19:11:57,216 [grpc-default-executor-4] INFO  impl.FollowerInfo (FollowerInfo.java:lambda$new$0(51)) - 930b1328-fc80-47b7-a4b1-f8330041d315@group-B5EFBA83B44C->4bce4e32-952c-4220-bcc9-22a10ce18ca8: nextIndex: updateUnconditionally 0 -> 0
2019-09-16 19:11:57,394 [java.util.concurrent.ThreadPoolExecutor$Worker@270df07d[State = -1, empty queue]] WARN  server.GrpcLogAppender (GrpcLogAppender.java:timeoutAppendRequest(200)) - 4eec4314-a089-48fe-8241-8a8066126e3f@group-C8C33BDD9912->30fc0d14-cbc7-4743-b48a-59ef39c48768-GrpcLogAppender: appendEntries Timeout, request=4eec4314-a089-48fe-8241-8a8066126e3f->30fc0d14-cbc7-4743-b48a-59ef39c48768#83-t2, previous=(t:2, i:19), leaderCommit=15, initializing? false, entries: <empty>
2019-09-16 19:11:57,394 [java.util.concurrent.ThreadPoolExecutor$Worker@4d174f1d[State = -1, empty queue]] WARN  server.GrpcLogAppender (GrpcLogAppender.java:timeoutAppendRequest(200)) - 4eec4314-a089-48fe-8241-8a8066126e3f@group-C8C33BDD9912->52078b41-1f38-4037-a826-db5ef9cf1b82-GrpcLogAppender: appendEntries Timeout, request=4eec4314-a089-48fe-8241-8a8066126e3f->52078b41-1f38-4037-a826-db5ef9cf1b82#83-t2, previous=(t:2, i:19), leaderCommit=15, initializing? false, entries: <empty>
2019-09-16 19:11:57,714 [grpc-default-executor-1] WARN  server.GrpcLogAppender (LogUtils.java:warn(134)) - 930b1328-fc80-47b7-a4b1-f8330041d315@group-B5EFBA83B44C->4bce4e32-952c-4220-bcc9-22a10ce18ca8-AppendLogResponseHandler: Failed appendEntries: org.apache.ratis.thirdparty.io.grpc.StatusRuntimeException: UNAVAILABLE: io exception
2019-09-16 19:11:57,728 [grpc-default-executor-1] INFO  impl.FollowerInfo (FollowerInfo.java:lambda$new$0(51)) - 930b1328-fc80-47b7-a4b1-f8330041d315@group-B5EFBA83B44C->4bce4e32-952c-4220-bcc9-22a10ce18ca8: nextIndex: updateUnconditionally 0 -> 0
2019-09-16 19:11:57,895 [java.util.concurrent.ThreadPoolExecutor$Worker@4d174f1d[State = -1, empty queue]] WARN  server.GrpcLogAppender (GrpcLogAppender.java:timeoutAppendRequest(200)) - 4eec4314-a089-48fe-8241-8a8066126e3f@group-C8C33BDD9912->52078b41-1f38-4037-a826-db5ef9cf1b82-GrpcLogAppender: appendEntries Timeout, request=4eec4314-a089-48fe-8241-8a8066126e3f->52078b41-1f38-4037-a826-db5ef9cf1b82#84-t2, previous=(t:2, i:19), leaderCommit=15, initializing? false, entries: <empty>
2019-09-16 19:11:57,895 [java.util.concurrent.ThreadPoolExecutor$Worker@270df07d[State = -1, empty queue]] WARN  server.GrpcLogAppender (GrpcLogAppender.java:timeoutAppendRequest(200)) - 4eec4314-a089-48fe-8241-8a8066126e3f@group-C8C33BDD9912->30fc0d14-cbc7-4743-b48a-59ef39c48768-GrpcLogAppender: appendEntries Timeout, request=4eec4314-a089-48fe-8241-8a8066126e3f->30fc0d14-cbc7-4743-b48a-59ef39c48768#84-t2, previous=(t:2, i:19), leaderCommit=15, initializing? false, entries: <empty>
2019-09-16 19:11:58,215 [grpc-default-executor-5] WARN  server.GrpcLogAppender (LogUtils.java:warn(134)) - 930b1328-fc80-47b7-a4b1-f8330041d315@group-B5EFBA83B44C->4bce4e32-952c-4220-bcc9-22a10ce18ca8-AppendLogResponseHandler: Failed appendEntries: org.apache.ratis.thirdparty.io.grpc.StatusRuntimeException: UNAVAILABLE: io exception
2019-09-16 19:11:58,215 [grpc-default-executor-5] INFO  impl.FollowerInfo (FollowerInfo.java:lambda$new$0(51)) - 930b1328-fc80-47b7-a4b1-f8330041d315@group-B5EFBA83B44C->4bce4e32-952c-4220-bcc9-22a10ce18ca8: nextIndex: updateUnconditionally 0 -> 0
2019-09-16 19:11:58,395 [java.util.concurrent.ThreadPoolExecutor$Worker@270df07d[State = -1, empty queue]] WARN  server.GrpcLogAppender (GrpcLogAppender.java:timeoutAppendRequest(200)) - 4eec4314-a089-48fe-8241-8a8066126e3f@group-C8C33BDD9912->30fc0d14-cbc7-4743-b48a-59ef39c48768-GrpcLogAppender: appendEntries Timeout, request=4eec4314-a089-48fe-8241-8a8066126e3f->30fc0d14-cbc7-4743-b48a-59ef39c48768#85-t2, previous=(t:2, i:19), leaderCommit=15, initializing? false, entries: <empty>
2019-09-16 19:11:58,395 [java.util.concurrent.ThreadPoolExecutor$Worker@4d174f1d[State = -1, empty queue]] WARN  server.GrpcLogAppender (GrpcLogAppender.java:timeoutAppendRequest(200)) - 4eec4314-a089-48fe-8241-8a8066126e3f@group-C8C33BDD9912->52078b41-1f38-4037-a826-db5ef9cf1b82-GrpcLogAppender: appendEntries Timeout, request=4eec4314-a089-48fe-8241-8a8066126e3f->52078b41-1f38-4037-a826-db5ef9cf1b82#85-t2, previous=(t:2, i:19), leaderCommit=15, initializing? false, entries: <empty>
2019-09-16 19:11:58,716 [grpc-default-executor-5] WARN  server.GrpcLogAppender (LogUtils.java:warn(134)) - 930b1328-fc80-47b7-a4b1-f8330041d315@group-B5EFBA83B44C->4bce4e32-952c-4220-bcc9-22a10ce18ca8-AppendLogResponseHandler: Failed appendEntries: org.apache.ratis.thirdparty.io.grpc.StatusRuntimeException: UNAVAILABLE: io exception
2019-09-16 19:11:58,717 [grpc-default-executor-5] INFO  impl.FollowerInfo (FollowerInfo.java:lambda$new$0(51)) - 930b1328-fc80-47b7-a4b1-f8330041d315@group-B5EFBA83B44C->4bce4e32-952c-4220-bcc9-22a10ce18ca8: nextIndex: updateUnconditionally 0 -> 0
2019-09-16 19:11:58,896 [java.util.concurrent.ThreadPoolExecutor$Worker@4d174f1d[State = -1, empty queue]] WARN  server.GrpcLogAppender (GrpcLogAppender.java:timeoutAppendRequest(200)) - 4eec4314-a089-48fe-8241-8a8066126e3f@group-C8C33BDD9912->52078b41-1f38-4037-a826-db5ef9cf1b82-GrpcLogAppender: appendEntries Timeout, request=4eec4314-a089-48fe-8241-8a8066126e3f->52078b41-1f38-4037-a826-db5ef9cf1b82#86-t2, previous=(t:2, i:19), leaderCommit=15, initializing? false, entries: <empty>
2019-09-16 19:11:58,896 [java.util.concurrent.ThreadPoolExecutor$Worker@270df07d[State = -1, empty queue]] WARN  server.GrpcLogAppender (GrpcLogAppender.java:timeoutAppendRequest(200)) - 4eec4314-a089-48fe-8241-8a8066126e3f@group-C8C33BDD9912->30fc0d14-cbc7-4743-b48a-59ef39c48768-GrpcLogAppender: appendEntries Timeout, request=4eec4314-a089-48fe-8241-8a8066126e3f->30fc0d14-cbc7-4743-b48a-59ef39c48768#86-t2, previous=(t:2, i:19), leaderCommit=15, initializing? false, entries: <empty>
2019-09-16 19:11:59,193 [main] WARN  scm.XceiverClientRatis (XceiverClientRatis.java:watchForCommit(262)) - 3 way commit failed on pipeline Pipeline[ Id: 108ab3b2-2db4-495b-b8c8-b5efba83b44c, Nodes: 4bce4e32-952c-4220-bcc9-22a10ce18ca8{ip: 192.168.34.56, host: pr-hdds-2111-hlhfn-3535364396, networkLocation: /default-rack, certSerialId: null}e0619aa3-4ba4-49c8-ac60-3d80bbb74aab{ip: 192.168.34.56, host: pr-hdds-2111-hlhfn-3535364396, networkLocation: /default-rack, certSerialId: null}930b1328-fc80-47b7-a4b1-f8330041d315{ip: 192.168.34.56, host: pr-hdds-2111-hlhfn-3535364396, networkLocation: /default-rack, certSerialId: null}, Type:RATIS, Factor:THREE, State:OPEN]
java.util.concurrent.TimeoutException
	at java.util.concurrent.CompletableFuture.timedGet(CompletableFuture.java:1771)
	at java.util.concurrent.CompletableFuture.get(CompletableFuture.java:1915)
	at org.apache.hadoop.hdds.scm.XceiverClientRatis.watchForCommit(XceiverClientRatis.java:259)
	at org.apache.hadoop.hdds.scm.storage.CommitWatcher.watchForCommit(CommitWatcher.java:194)
	at org.apache.hadoop.hdds.scm.storage.CommitWatcher.watchOnLastIndex(CommitWatcher.java:157)
	at org.apache.hadoop.hdds.scm.storage.BlockOutputStream.watchForCommit(BlockOutputStream.java:347)
	at org.apache.hadoop.hdds.scm.storage.BlockOutputStream.handleFlush(BlockOutputStream.java:479)
	at org.apache.hadoop.hdds.scm.storage.BlockOutputStream.close(BlockOutputStream.java:493)
	at org.apache.hadoop.ozone.client.io.BlockOutputStreamEntry.close(BlockOutputStreamEntry.java:143)
	at org.apache.hadoop.ozone.client.io.KeyOutputStream.handleFlushOrClose(KeyOutputStream.java:438)
	at org.apache.hadoop.ozone.client.io.KeyOutputStream.handleWrite(KeyOutputStream.java:235)
	at org.apache.hadoop.ozone.client.io.KeyOutputStream.write(KeyOutputStream.java:193)
	at org.apache.hadoop.ozone.client.io.OzoneOutputStream.write(OzoneOutputStream.java:49)
	at java.io.OutputStream.write(OutputStream.java:75)
	at org.apache.hadoop.ozone.client.rpc.TestMultiBlockWritesWithDnFailures.testMultiBlockWritesWithIntermittentDnFailures(TestMultiBlockWritesWithDnFailures.java:192)
	at sun.reflect.NativeMethodAccessorImpl.invoke0(Native Method)
	at sun.reflect.NativeMethodAccessorImpl.invoke(NativeMethodAccessorImpl.java:62)
	at sun.reflect.DelegatingMethodAccessorImpl.invoke(DelegatingMethodAccessorImpl.java:43)
	at java.lang.reflect.Method.invoke(Method.java:498)
	at org.junit.runners.model.FrameworkMethod$1.runReflectiveCall(FrameworkMethod.java:47)
	at org.junit.internal.runners.model.ReflectiveCallable.run(ReflectiveCallable.java:12)
	at org.junit.runners.model.FrameworkMethod.invokeExplosively(FrameworkMethod.java:44)
	at org.junit.internal.runners.statements.InvokeMethod.evaluate(InvokeMethod.java:17)
	at org.junit.internal.runners.statements.RunAfters.evaluate(RunAfters.java:27)
	at org.junit.runners.ParentRunner.runLeaf(ParentRunner.java:271)
	at org.junit.runners.BlockJUnit4ClassRunner.runChild(BlockJUnit4ClassRunner.java:70)
	at org.junit.runners.BlockJUnit4ClassRunner.runChild(BlockJUnit4ClassRunner.java:50)
	at org.junit.runners.ParentRunner$3.run(ParentRunner.java:238)
	at org.junit.runners.ParentRunner$1.schedule(ParentRunner.java:63)
	at org.junit.runners.ParentRunner.runChildren(ParentRunner.java:236)
	at org.junit.runners.ParentRunner.access$000(ParentRunner.java:53)
	at org.junit.runners.ParentRunner$2.evaluate(ParentRunner.java:229)
	at org.junit.runners.ParentRunner.run(ParentRunner.java:309)
	at org.apache.maven.surefire.junit4.JUnit4Provider.execute(JUnit4Provider.java:365)
	at org.apache.maven.surefire.junit4.JUnit4Provider.executeWithRerun(JUnit4Provider.java:273)
	at org.apache.maven.surefire.junit4.JUnit4Provider.executeTestSet(JUnit4Provider.java:238)
	at org.apache.maven.surefire.junit4.JUnit4Provider.invoke(JUnit4Provider.java:159)
	at org.apache.maven.surefire.booter.ForkedBooter.invokeProviderInSameClassLoader(ForkedBooter.java:384)
	at org.apache.maven.surefire.booter.ForkedBooter.runSuitesInProcess(ForkedBooter.java:345)
	at org.apache.maven.surefire.booter.ForkedBooter.execute(ForkedBooter.java:126)
	at org.apache.maven.surefire.booter.ForkedBooter.main(ForkedBooter.java:418)
2019-09-16 19:11:59,197 [grpc-default-executor-1] INFO  client.GrpcClientProtocolClient (GrpcClientProtocolClient.java:onNext(264)) - client-76909DE03A78->930b1328-fc80-47b7-a4b1-f8330041d315: receive RaftClientReply:client-76909DE03A78->930b1328-fc80-47b7-a4b1-f8330041d315@group-B5EFBA83B44C, cid=53, SUCCESS, logIndex=0, commits[930b1328-fc80-47b7-a4b1-f8330041d315:c33, 4bce4e32-952c-4220-bcc9-22a10ce18ca8:c23, e0619aa3-4ba4-49c8-ac60-3d80bbb74aab:c33]
2019-09-16 19:11:59,198 [main] INFO  scm.XceiverClientRatis (XceiverClientRatis.java:lambda$watchForCommit$7(280)) - Could not commit index 31 on pipeline Pipeline[ Id: 108ab3b2-2db4-495b-b8c8-b5efba83b44c, Nodes: 4bce4e32-952c-4220-bcc9-22a10ce18ca8{ip: 192.168.34.56, host: pr-hdds-2111-hlhfn-3535364396, networkLocation: /default-rack, certSerialId: null}e0619aa3-4ba4-49c8-ac60-3d80bbb74aab{ip: 192.168.34.56, host: pr-hdds-2111-hlhfn-3535364396, networkLocation: /default-rack, certSerialId: null}930b1328-fc80-47b7-a4b1-f8330041d315{ip: 192.168.34.56, host: pr-hdds-2111-hlhfn-3535364396, networkLocation: /default-rack, certSerialId: null}, Type:RATIS, Factor:THREE, State:OPEN] to all the nodes. Server 4bce4e32-952c-4220-bcc9-22a10ce18ca8 has failed. Committed by majority.
2019-09-16 19:11:59,203 [main] WARN  storage.BlockOutputStream (BlockOutputStream.java:watchForCommit(353)) - Failed to commit BlockId conID: 4 locID: 102803772588556291 bcsId: 31 on Pipeline[ Id: 108ab3b2-2db4-495b-b8c8-b5efba83b44c, Nodes: 4bce4e32-952c-4220-bcc9-22a10ce18ca8{ip: 192.168.34.56, host: pr-hdds-2111-hlhfn-3535364396, networkLocation: /default-rack, certSerialId: null}e0619aa3-4ba4-49c8-ac60-3d80bbb74aab{ip: 192.168.34.56, host: pr-hdds-2111-hlhfn-3535364396, networkLocation: /default-rack, certSerialId: null}930b1328-fc80-47b7-a4b1-f8330041d315{ip: 192.168.34.56, host: pr-hdds-2111-hlhfn-3535364396, networkLocation: /default-rack, certSerialId: null}, Type:RATIS, Factor:THREE, State:OPEN]. Failed nodes: [4bce4e32-952c-4220-bcc9-22a10ce18ca8{ip: null, host: null, networkLocation: /default-rack, certSerialId: null}]
2019-09-16 19:11:59,218 [grpc-default-executor-6] WARN  server.GrpcLogAppender (LogUtils.java:warn(134)) - 930b1328-fc80-47b7-a4b1-f8330041d315@group-B5EFBA83B44C->4bce4e32-952c-4220-bcc9-22a10ce18ca8-AppendLogResponseHandler: Failed appendEntries: org.apache.ratis.thirdparty.io.grpc.StatusRuntimeException: UNAVAILABLE: io exception
2019-09-16 19:11:59,221 [grpc-default-executor-6] INFO  impl.FollowerInfo (FollowerInfo.java:lambda$new$0(51)) - 930b1328-fc80-47b7-a4b1-f8330041d315@group-B5EFBA83B44C->4bce4e32-952c-4220-bcc9-22a10ce18ca8: nextIndex: updateUnconditionally 0 -> 0
2019-09-16 19:11:59,396 [java.util.concurrent.ThreadPoolExecutor$Worker@4d174f1d[State = -1, empty queue]] WARN  server.GrpcLogAppender (GrpcLogAppender.java:timeoutAppendRequest(200)) - 4eec4314-a089-48fe-8241-8a8066126e3f@group-C8C33BDD9912->52078b41-1f38-4037-a826-db5ef9cf1b82-GrpcLogAppender: appendEntries Timeout, request=4eec4314-a089-48fe-8241-8a8066126e3f->52078b41-1f38-4037-a826-db5ef9cf1b82#87-t2, previous=(t:2, i:19), leaderCommit=15, initializing? false, entries: <empty>
2019-09-16 19:11:59,399 [java.util.concurrent.ThreadPoolExecutor$Worker@270df07d[State = -1, empty queue]] WARN  server.GrpcLogAppender (GrpcLogAppender.java:timeoutAppendRequest(200)) - 4eec4314-a089-48fe-8241-8a8066126e3f@group-C8C33BDD9912->30fc0d14-cbc7-4743-b48a-59ef39c48768-GrpcLogAppender: appendEntries Timeout, request=4eec4314-a089-48fe-8241-8a8066126e3f->30fc0d14-cbc7-4743-b48a-59ef39c48768#87-t2, previous=(t:2, i:19), leaderCommit=15, initializing? false, entries: <empty>
2019-09-16 19:11:59,718 [grpc-default-executor-5] WARN  server.GrpcLogAppender (LogUtils.java:warn(134)) - 930b1328-fc80-47b7-a4b1-f8330041d315@group-B5EFBA83B44C->4bce4e32-952c-4220-bcc9-22a10ce18ca8-AppendLogResponseHandler: Failed appendEntries: org.apache.ratis.thirdparty.io.grpc.StatusRuntimeException: UNAVAILABLE: io exception
2019-09-16 19:11:59,718 [grpc-default-executor-5] INFO  impl.FollowerInfo (FollowerInfo.java:lambda$new$0(51)) - 930b1328-fc80-47b7-a4b1-f8330041d315@group-B5EFBA83B44C->4bce4e32-952c-4220-bcc9-22a10ce18ca8: nextIndex: updateUnconditionally 0 -> 0
2019-09-16 19:11:59,758 [Thread-1025] INFO  client.GrpcClientProtocolService (GrpcClientProtocolService.java:lambda$processClientRequest$0(278)) - Failed RaftClientRequest:client-76909DE03A78->930b1328-fc80-47b7-a4b1-f8330041d315@group-B5EFBA83B44C, cid=50, seq=0, Watch-ALL_COMMITTED(28), Message:<EMPTY>, reply=RaftClientReply:client-76909DE03A78->930b1328-fc80-47b7-a4b1-f8330041d315@group-B5EFBA83B44C, cid=50, FAILED org.apache.ratis.protocol.NotReplicatedException: Request with call Id 50 and log index 28 is not yet replicated to ALL_COMMITTED, logIndex=28, commits[930b1328-fc80-47b7-a4b1-f8330041d315:c33, 4bce4e32-952c-4220-bcc9-22a10ce18ca8:c23, e0619aa3-4ba4-49c8-ac60-3d80bbb74aab:c33]
2019-09-16 19:11:59,896 [java.util.concurrent.ThreadPoolExecutor$Worker@4d174f1d[State = -1, empty queue]] WARN  server.GrpcLogAppender (GrpcLogAppender.java:timeoutAppendRequest(200)) - 4eec4314-a089-48fe-8241-8a8066126e3f@group-C8C33BDD9912->52078b41-1f38-4037-a826-db5ef9cf1b82-GrpcLogAppender: appendEntries Timeout, request=4eec4314-a089-48fe-8241-8a8066126e3f->52078b41-1f38-4037-a826-db5ef9cf1b82#88-t2, previous=(t:2, i:19), leaderCommit=15, initializing? false, entries: <empty>
2019-09-16 19:11:59,897 [java.util.concurrent.ThreadPoolExecutor$Worker@270df07d[State = -1, empty queue]] WARN  server.GrpcLogAppender (GrpcLogAppender.java:timeoutAppendRequest(200)) - 4eec4314-a089-48fe-8241-8a8066126e3f@group-C8C33BDD9912->30fc0d14-cbc7-4743-b48a-59ef39c48768-GrpcLogAppender: appendEntries Timeout, request=4eec4314-a089-48fe-8241-8a8066126e3f->30fc0d14-cbc7-4743-b48a-59ef39c48768#88-t2, previous=(t:2, i:19), leaderCommit=15, initializing? false, entries: <empty>
2019-09-16 19:12:00,218 [grpc-default-executor-1] WARN  server.GrpcLogAppender (LogUtils.java:warn(134)) - 930b1328-fc80-47b7-a4b1-f8330041d315@group-B5EFBA83B44C->4bce4e32-952c-4220-bcc9-22a10ce18ca8-AppendLogResponseHandler: Failed appendEntries: org.apache.ratis.thirdparty.io.grpc.StatusRuntimeException: UNAVAILABLE: io exception
2019-09-16 19:12:00,222 [grpc-default-executor-1] INFO  impl.FollowerInfo (FollowerInfo.java:lambda$new$0(51)) - 930b1328-fc80-47b7-a4b1-f8330041d315@group-B5EFBA83B44C->4bce4e32-952c-4220-bcc9-22a10ce18ca8: nextIndex: updateUnconditionally 0 -> 0
2019-09-16 19:12:00,263 [grpc-default-executor-5] WARN  server.GrpcLogAppender (LogUtils.java:warn(134)) - 930b1328-fc80-47b7-a4b1-f8330041d315@group-B5EFBA83B44C->4bce4e32-952c-4220-bcc9-22a10ce18ca8-AppendLogResponseHandler: Failed appendEntries: org.apache.ratis.thirdparty.io.grpc.StatusRuntimeException: UNAVAILABLE: io exception
2019-09-16 19:12:00,264 [grpc-default-executor-5] INFO  impl.FollowerInfo (FollowerInfo.java:lambda$new$0(51)) - 930b1328-fc80-47b7-a4b1-f8330041d315@group-B5EFBA83B44C->4bce4e32-952c-4220-bcc9-22a10ce18ca8: nextIndex: updateUnconditionally 1 -> 0
2019-09-16 19:12:00,366 [grpc-default-executor-5] INFO  client.GrpcClientProtocolClient (GrpcClientProtocolClient.java:onNext(264)) - client-D235B4D2FAB8->930b1328-fc80-47b7-a4b1-f8330041d315: receive RaftClientReply:client-D235B4D2FAB8->930b1328-fc80-47b7-a4b1-f8330041d315@group-B5EFBA83B44C, cid=54, SUCCESS, logIndex=34, commits[930b1328-fc80-47b7-a4b1-f8330041d315:c34, 4bce4e32-952c-4220-bcc9-22a10ce18ca8:c23, e0619aa3-4ba4-49c8-ac60-3d80bbb74aab:c33]
2019-09-16 19:12:00,372 [grpc-default-executor-6] WARN  server.GrpcLogAppender (LogUtils.java:warn(134)) - 930b1328-fc80-47b7-a4b1-f8330041d315@group-B5EFBA83B44C->4bce4e32-952c-4220-bcc9-22a10ce18ca8-AppendLogResponseHandler: Failed appendEntries: org.apache.ratis.thirdparty.io.grpc.StatusRuntimeException: UNAVAILABLE: io exception
2019-09-16 19:12:00,375 [grpc-default-executor-6] INFO  impl.FollowerInfo (FollowerInfo.java:lambda$new$0(51)) - 930b1328-fc80-47b7-a4b1-f8330041d315@group-B5EFBA83B44C->4bce4e32-952c-4220-bcc9-22a10ce18ca8: nextIndex: updateUnconditionally 1 -> 0
2019-09-16 19:12:00,377 [grpc-default-executor-1] WARN  server.GrpcLogAppender (LogUtils.java:warn(134)) - 930b1328-fc80-47b7-a4b1-f8330041d315@group-B5EFBA83B44C->4bce4e32-952c-4220-bcc9-22a10ce18ca8-AppendLogResponseHandler: Failed appendEntries: org.apache.ratis.thirdparty.io.grpc.StatusRuntimeException: UNAVAILABLE: io exception
2019-09-16 19:12:00,377 [grpc-default-executor-1] INFO  impl.FollowerInfo (FollowerInfo.java:lambda$new$0(51)) - 930b1328-fc80-47b7-a4b1-f8330041d315@group-B5EFBA83B44C->4bce4e32-952c-4220-bcc9-22a10ce18ca8: nextIndex: updateUnconditionally 1 -> 0
2019-09-16 19:12:00,380 [grpc-default-executor-4] WARN  server.GrpcLogAppender (LogUtils.java:warn(134)) - 930b1328-fc80-47b7-a4b1-f8330041d315@group-B5EFBA83B44C->4bce4e32-952c-4220-bcc9-22a10ce18ca8-AppendLogResponseHandler: Failed appendEntries: org.apache.ratis.thirdparty.io.grpc.StatusRuntimeException: UNAVAILABLE: io exception
2019-09-16 19:12:00,380 [grpc-default-executor-4] INFO  impl.FollowerInfo (FollowerInfo.java:lambda$new$0(51)) - 930b1328-fc80-47b7-a4b1-f8330041d315@group-B5EFBA83B44C->4bce4e32-952c-4220-bcc9-22a10ce18ca8: nextIndex: updateUnconditionally 1 -> 0
2019-09-16 19:12:00,389 [grpc-default-executor-5] WARN  server.GrpcLogAppender (LogUtils.java:warn(134)) - 930b1328-fc80-47b7-a4b1-f8330041d315@group-B5EFBA83B44C->4bce4e32-952c-4220-bcc9-22a10ce18ca8-AppendLogResponseHandler: Failed appendEntries: org.apache.ratis.thirdparty.io.grpc.StatusRuntimeException: UNAVAILABLE: io exception
2019-09-16 19:12:00,390 [grpc-default-executor-5] INFO  impl.FollowerInfo (FollowerInfo.java:lambda$new$0(51)) - 930b1328-fc80-47b7-a4b1-f8330041d315@group-B5EFBA83B44C->4bce4e32-952c-4220-bcc9-22a10ce18ca8: nextIndex: updateUnconditionally 1 -> 0
2019-09-16 19:12:00,393 [grpc-default-executor-4] WARN  server.GrpcLogAppender (LogUtils.java:warn(134)) - 930b1328-fc80-47b7-a4b1-f8330041d315@group-B5EFBA83B44C->4bce4e32-952c-4220-bcc9-22a10ce18ca8-AppendLogResponseHandler: Failed appendEntries: org.apache.ratis.thirdparty.io.grpc.StatusRuntimeException: UNAVAILABLE: io exception
2019-09-16 19:12:00,394 [grpc-default-executor-4] INFO  impl.FollowerInfo (FollowerInfo.java:lambda$new$0(51)) - 930b1328-fc80-47b7-a4b1-f8330041d315@group-B5EFBA83B44C->4bce4e32-952c-4220-bcc9-22a10ce18ca8: nextIndex: updateUnconditionally 1 -> 0
2019-09-16 19:12:00,397 [java.util.concurrent.ThreadPoolExecutor$Worker@4d174f1d[State = -1, empty queue]] WARN  server.GrpcLogAppender (GrpcLogAppender.java:timeoutAppendRequest(200)) - 4eec4314-a089-48fe-8241-8a8066126e3f@group-C8C33BDD9912->52078b41-1f38-4037-a826-db5ef9cf1b82-GrpcLogAppender: appendEntries Timeout, request=4eec4314-a089-48fe-8241-8a8066126e3f->52078b41-1f38-4037-a826-db5ef9cf1b82#89-t2, previous=(t:2, i:19), leaderCommit=15, initializing? false, entries: <empty>
2019-09-16 19:12:00,397 [java.util.concurrent.ThreadPoolExecutor$Worker@270df07d[State = -1, empty queue]] WARN  server.GrpcLogAppender (GrpcLogAppender.java:timeoutAppendRequest(200)) - 4eec4314-a089-48fe-8241-8a8066126e3f@group-C8C33BDD9912->30fc0d14-cbc7-4743-b48a-59ef39c48768-GrpcLogAppender: appendEntries Timeout, request=4eec4314-a089-48fe-8241-8a8066126e3f->30fc0d14-cbc7-4743-b48a-59ef39c48768#89-t2, previous=(t:2, i:19), leaderCommit=15, initializing? false, entries: <empty>
2019-09-16 19:12:00,427 [grpc-default-executor-5] INFO  client.GrpcClientProtocolClient (GrpcClientProtocolClient.java:onNext(264)) - client-D235B4D2FAB8->930b1328-fc80-47b7-a4b1-f8330041d315: receive RaftClientReply:client-D235B4D2FAB8->930b1328-fc80-47b7-a4b1-f8330041d315@group-B5EFBA83B44C, cid=55, SUCCESS, logIndex=36, commits[930b1328-fc80-47b7-a4b1-f8330041d315:c41, 4bce4e32-952c-4220-bcc9-22a10ce18ca8:c23, e0619aa3-4ba4-49c8-ac60-3d80bbb74aab:c38]
2019-09-16 19:12:00,428 [grpc-default-executor-5] INFO  client.GrpcClientProtocolClient (GrpcClientProtocolClient.java:onNext(264)) - client-D235B4D2FAB8->930b1328-fc80-47b7-a4b1-f8330041d315: receive RaftClientReply:client-D235B4D2FAB8->930b1328-fc80-47b7-a4b1-f8330041d315@group-B5EFBA83B44C, cid=56, SUCCESS, logIndex=37, commits[930b1328-fc80-47b7-a4b1-f8330041d315:c41, 4bce4e32-952c-4220-bcc9-22a10ce18ca8:c23, e0619aa3-4ba4-49c8-ac60-3d80bbb74aab:c38]
2019-09-16 19:12:00,454 [grpc-default-executor-5] INFO  client.GrpcClientProtocolClient (GrpcClientProtocolClient.java:onNext(264)) - client-D235B4D2FAB8->930b1328-fc80-47b7-a4b1-f8330041d315: receive RaftClientReply:client-D235B4D2FAB8->930b1328-fc80-47b7-a4b1-f8330041d315@group-B5EFBA83B44C, cid=57, SUCCESS, logIndex=38, commits[930b1328-fc80-47b7-a4b1-f8330041d315:c41, 4bce4e32-952c-4220-bcc9-22a10ce18ca8:c23, e0619aa3-4ba4-49c8-ac60-3d80bbb74aab:c38]
2019-09-16 19:12:00,914 [java.util.concurrent.ThreadPoolExecutor$Worker@4d174f1d[State = -1, empty queue]] WARN  server.GrpcLogAppender (GrpcLogAppender.java:timeoutAppendRequest(200)) - 4eec4314-a089-48fe-8241-8a8066126e3f@group-C8C33BDD9912->52078b41-1f38-4037-a826-db5ef9cf1b82-GrpcLogAppender: appendEntries Timeout, request=4eec4314-a089-48fe-8241-8a8066126e3f->52078b41-1f38-4037-a826-db5ef9cf1b82#90-t2, previous=(t:2, i:19), leaderCommit=15, initializing? false, entries: <empty>
2019-09-16 19:12:00,915 [grpc-default-executor-1] WARN  server.GrpcLogAppender (LogUtils.java:warn(134)) - 930b1328-fc80-47b7-a4b1-f8330041d315@group-B5EFBA83B44C->4bce4e32-952c-4220-bcc9-22a10ce18ca8-AppendLogResponseHandler: Failed appendEntries: org.apache.ratis.thirdparty.io.grpc.StatusRuntimeException: UNAVAILABLE: io exception
2019-09-16 19:12:00,914 [java.util.concurrent.ThreadPoolExecutor$Worker@270df07d[State = -1, empty queue]] WARN  server.GrpcLogAppender (GrpcLogAppender.java:timeoutAppendRequest(200)) - 4eec4314-a089-48fe-8241-8a8066126e3f@group-C8C33BDD9912->30fc0d14-cbc7-4743-b48a-59ef39c48768-GrpcLogAppender: appendEntries Timeout, request=4eec4314-a089-48fe-8241-8a8066126e3f->30fc0d14-cbc7-4743-b48a-59ef39c48768#90-t2, previous=(t:2, i:19), leaderCommit=15, initializing? false, entries: <empty>
2019-09-16 19:12:00,915 [grpc-default-executor-1] INFO  impl.FollowerInfo (FollowerInfo.java:lambda$new$0(51)) - 930b1328-fc80-47b7-a4b1-f8330041d315@group-B5EFBA83B44C->4bce4e32-952c-4220-bcc9-22a10ce18ca8: nextIndex: updateUnconditionally 0 -> 0
2019-09-16 19:12:01,396 [grpc-default-executor-4] WARN  server.GrpcLogAppender (LogUtils.java:warn(134)) - 930b1328-fc80-47b7-a4b1-f8330041d315@group-B5EFBA83B44C->4bce4e32-952c-4220-bcc9-22a10ce18ca8-AppendLogResponseHandler: Failed appendEntries: org.apache.ratis.thirdparty.io.grpc.StatusRuntimeException: UNAVAILABLE: io exception
2019-09-16 19:12:01,397 [grpc-default-executor-4] INFO  impl.FollowerInfo (FollowerInfo.java:lambda$new$0(51)) - 930b1328-fc80-47b7-a4b1-f8330041d315@group-B5EFBA83B44C->4bce4e32-952c-4220-bcc9-22a10ce18ca8: nextIndex: updateUnconditionally 0 -> 0
2019-09-16 19:12:01,398 [java.util.concurrent.ThreadPoolExecutor$Worker@270df07d[State = -1, empty queue]] WARN  server.GrpcLogAppender (GrpcLogAppender.java:timeoutAppendRequest(200)) - 4eec4314-a089-48fe-8241-8a8066126e3f@group-C8C33BDD9912->30fc0d14-cbc7-4743-b48a-59ef39c48768-GrpcLogAppender: appendEntries Timeout, request=4eec4314-a089-48fe-8241-8a8066126e3f->30fc0d14-cbc7-4743-b48a-59ef39c48768#91-t2, previous=(t:2, i:19), leaderCommit=15, initializing? false, entries: <empty>
2019-09-16 19:12:01,398 [java.util.concurrent.ThreadPoolExecutor$Worker@4d174f1d[State = -1, empty queue]] WARN  server.GrpcLogAppender (GrpcLogAppender.java:timeoutAppendRequest(200)) - 4eec4314-a089-48fe-8241-8a8066126e3f@group-C8C33BDD9912->52078b41-1f38-4037-a826-db5ef9cf1b82-GrpcLogAppender: appendEntries Timeout, request=4eec4314-a089-48fe-8241-8a8066126e3f->52078b41-1f38-4037-a826-db5ef9cf1b82#91-t2, previous=(t:2, i:19), leaderCommit=15, initializing? false, entries: <empty>
2019-09-16 19:12:01,897 [grpc-default-executor-1] WARN  server.GrpcLogAppender (LogUtils.java:warn(134)) - 930b1328-fc80-47b7-a4b1-f8330041d315@group-B5EFBA83B44C->4bce4e32-952c-4220-bcc9-22a10ce18ca8-AppendLogResponseHandler: Failed appendEntries: org.apache.ratis.thirdparty.io.grpc.StatusRuntimeException: UNAVAILABLE: io exception
2019-09-16 19:12:01,897 [grpc-default-executor-1] INFO  impl.FollowerInfo (FollowerInfo.java:lambda$new$0(51)) - 930b1328-fc80-47b7-a4b1-f8330041d315@group-B5EFBA83B44C->4bce4e32-952c-4220-bcc9-22a10ce18ca8: nextIndex: updateUnconditionally 0 -> 0
2019-09-16 19:12:01,898 [java.util.concurrent.ThreadPoolExecutor$Worker@4d174f1d[State = -1, empty queue]] WARN  server.GrpcLogAppender (GrpcLogAppender.java:timeoutAppendRequest(200)) - 4eec4314-a089-48fe-8241-8a8066126e3f@group-C8C33BDD9912->52078b41-1f38-4037-a826-db5ef9cf1b82-GrpcLogAppender: appendEntries Timeout, request=4eec4314-a089-48fe-8241-8a8066126e3f->52078b41-1f38-4037-a826-db5ef9cf1b82#92-t2, previous=(t:2, i:19), leaderCommit=15, initializing? false, entries: <empty>
2019-09-16 19:12:01,898 [java.util.concurrent.ThreadPoolExecutor$Worker@270df07d[State = -1, empty queue]] WARN  server.GrpcLogAppender (GrpcLogAppender.java:timeoutAppendRequest(200)) - 4eec4314-a089-48fe-8241-8a8066126e3f@group-C8C33BDD9912->30fc0d14-cbc7-4743-b48a-59ef39c48768-GrpcLogAppender: appendEntries Timeout, request=4eec4314-a089-48fe-8241-8a8066126e3f->30fc0d14-cbc7-4743-b48a-59ef39c48768#92-t2, previous=(t:2, i:19), leaderCommit=15, initializing? false, entries: <empty>
2019-09-16 19:12:02,399 [grpc-default-executor-5] WARN  server.GrpcLogAppender (LogUtils.java:warn(134)) - 930b1328-fc80-47b7-a4b1-f8330041d315@group-B5EFBA83B44C->4bce4e32-952c-4220-bcc9-22a10ce18ca8-AppendLogResponseHandler: Failed appendEntries: org.apache.ratis.thirdparty.io.grpc.StatusRuntimeException: UNAVAILABLE: io exception
2019-09-16 19:12:02,400 [java.util.concurrent.ThreadPoolExecutor$Worker@270df07d[State = -1, empty queue]] WARN  server.GrpcLogAppender (GrpcLogAppender.java:timeoutAppendRequest(200)) - 4eec4314-a089-48fe-8241-8a8066126e3f@group-C8C33BDD9912->30fc0d14-cbc7-4743-b48a-59ef39c48768-GrpcLogAppender: appendEntries Timeout, request=4eec4314-a089-48fe-8241-8a8066126e3f->30fc0d14-cbc7-4743-b48a-59ef39c48768#93-t2, previous=(t:2, i:19), leaderCommit=15, initializing? false, entries: <empty>
2019-09-16 19:12:02,400 [grpc-default-executor-5] INFO  impl.FollowerInfo (FollowerInfo.java:lambda$new$0(51)) - 930b1328-fc80-47b7-a4b1-f8330041d315@group-B5EFBA83B44C->4bce4e32-952c-4220-bcc9-22a10ce18ca8: nextIndex: updateUnconditionally 0 -> 0
2019-09-16 19:12:02,400 [java.util.concurrent.ThreadPoolExecutor$Worker@4d174f1d[State = -1, empty queue]] WARN  server.GrpcLogAppender (GrpcLogAppender.java:timeoutAppendRequest(200)) - 4eec4314-a089-48fe-8241-8a8066126e3f@group-C8C33BDD9912->52078b41-1f38-4037-a826-db5ef9cf1b82-GrpcLogAppender: appendEntries Timeout, request=4eec4314-a089-48fe-8241-8a8066126e3f->52078b41-1f38-4037-a826-db5ef9cf1b82#93-t2, previous=(t:2, i:19), leaderCommit=15, initializing? false, entries: <empty>
2019-09-16 19:12:02,900 [java.util.concurrent.ThreadPoolExecutor$Worker@270df07d[State = -1, empty queue]] WARN  server.GrpcLogAppender (GrpcLogAppender.java:timeoutAppendRequest(200)) - 4eec4314-a089-48fe-8241-8a8066126e3f@group-C8C33BDD9912->30fc0d14-cbc7-4743-b48a-59ef39c48768-GrpcLogAppender: appendEntries Timeout, request=4eec4314-a089-48fe-8241-8a8066126e3f->30fc0d14-cbc7-4743-b48a-59ef39c48768#94-t2, previous=(t:2, i:19), leaderCommit=15, initializing? false, entries: <empty>
2019-09-16 19:12:02,900 [java.util.concurrent.ThreadPoolExecutor$Worker@4d174f1d[State = -1, empty queue]] WARN  server.GrpcLogAppender (GrpcLogAppender.java:timeoutAppendRequest(200)) - 4eec4314-a089-48fe-8241-8a8066126e3f@group-C8C33BDD9912->52078b41-1f38-4037-a826-db5ef9cf1b82-GrpcLogAppender: appendEntries Timeout, request=4eec4314-a089-48fe-8241-8a8066126e3f->52078b41-1f38-4037-a826-db5ef9cf1b82#94-t2, previous=(t:2, i:19), leaderCommit=15, initializing? false, entries: <empty>
2019-09-16 19:12:02,902 [grpc-default-executor-4] WARN  server.GrpcLogAppender (LogUtils.java:warn(134)) - 930b1328-fc80-47b7-a4b1-f8330041d315@group-B5EFBA83B44C->4bce4e32-952c-4220-bcc9-22a10ce18ca8-AppendLogResponseHandler: Failed appendEntries: org.apache.ratis.thirdparty.io.grpc.StatusRuntimeException: UNAVAILABLE: io exception
2019-09-16 19:12:02,903 [grpc-default-executor-4] INFO  impl.FollowerInfo (FollowerInfo.java:lambda$new$0(51)) - 930b1328-fc80-47b7-a4b1-f8330041d315@group-B5EFBA83B44C->4bce4e32-952c-4220-bcc9-22a10ce18ca8: nextIndex: updateUnconditionally 0 -> 0
2019-09-16 19:12:03,395 [4eec4314-a089-48fe-8241-8a8066126e3f@group-C8C33BDD9912-SegmentedRaftLogWorker] WARN  segmented.SegmentedRaftLogWorker (SegmentedRaftLogWorker.java:getFromFuture(90)) - Timeout 3/~
org.apache.ratis.protocol.TimeoutIOException: Timeout 10s: WriteLog:18: (t:2, i:18), STATEMACHINELOGENTRY, client-C26E20CEB926, cid=40-writeStateMachineData
	at org.apache.ratis.util.IOUtils.getFromFuture(IOUtils.java:87)
	at org.apache.ratis.server.raftlog.segmented.SegmentedRaftLogWorker$StateMachineDataPolicy.getFromFuture(SegmentedRaftLogWorker.java:87)
	at org.apache.ratis.server.raftlog.segmented.SegmentedRaftLogWorker$WriteLog.execute(SegmentedRaftLogWorker.java:477)
	at org.apache.ratis.server.raftlog.segmented.SegmentedRaftLogWorker.run(SegmentedRaftLogWorker.java:289)
	at java.lang.Thread.run(Thread.java:748)
Caused by: java.util.concurrent.TimeoutException
	at java.util.concurrent.CompletableFuture.timedGet(CompletableFuture.java:1771)
	at java.util.concurrent.CompletableFuture.get(CompletableFuture.java:1915)
	at org.apache.ratis.util.IOUtils.getFromFuture(IOUtils.java:79)
	... 4 more
2019-09-16 19:12:03,396 [52078b41-1f38-4037-a826-db5ef9cf1b82@group-C8C33BDD9912-SegmentedRaftLogWorker] WARN  segmented.SegmentedRaftLogWorker (SegmentedRaftLogWorker.java:getFromFuture(90)) - Timeout 3/~
org.apache.ratis.protocol.TimeoutIOException: Timeout 10s: WriteLog:18: (t:2, i:18), STATEMACHINELOGENTRY, client-C26E20CEB926, cid=40-writeStateMachineData
	at org.apache.ratis.util.IOUtils.getFromFuture(IOUtils.java:87)
	at org.apache.ratis.server.raftlog.segmented.SegmentedRaftLogWorker$StateMachineDataPolicy.getFromFuture(SegmentedRaftLogWorker.java:87)
	at org.apache.ratis.server.raftlog.segmented.SegmentedRaftLogWorker$WriteLog.execute(SegmentedRaftLogWorker.java:477)
	at org.apache.ratis.server.raftlog.segmented.SegmentedRaftLogWorker.run(SegmentedRaftLogWorker.java:289)
	at java.lang.Thread.run(Thread.java:748)
Caused by: java.util.concurrent.TimeoutException
	at java.util.concurrent.CompletableFuture.timedGet(CompletableFuture.java:1771)
	at java.util.concurrent.CompletableFuture.get(CompletableFuture.java:1915)
	at org.apache.ratis.util.IOUtils.getFromFuture(IOUtils.java:79)
	... 4 more
2019-09-16 19:12:03,400 [java.util.concurrent.ThreadPoolExecutor$Worker@270df07d[State = -1, empty queue]] WARN  server.GrpcLogAppender (GrpcLogAppender.java:timeoutAppendRequest(200)) - 4eec4314-a089-48fe-8241-8a8066126e3f@group-C8C33BDD9912->30fc0d14-cbc7-4743-b48a-59ef39c48768-GrpcLogAppender: appendEntries Timeout, request=4eec4314-a089-48fe-8241-8a8066126e3f->30fc0d14-cbc7-4743-b48a-59ef39c48768#95-t2, previous=(t:2, i:19), leaderCommit=15, initializing? false, entries: <empty>
2019-09-16 19:12:03,400 [java.util.concurrent.ThreadPoolExecutor$Worker@4d174f1d[State = -1, empty queue]] WARN  server.GrpcLogAppender (GrpcLogAppender.java:timeoutAppendRequest(200)) - 4eec4314-a089-48fe-8241-8a8066126e3f@group-C8C33BDD9912->52078b41-1f38-4037-a826-db5ef9cf1b82-GrpcLogAppender: appendEntries Timeout, request=4eec4314-a089-48fe-8241-8a8066126e3f->52078b41-1f38-4037-a826-db5ef9cf1b82#95-t2, previous=(t:2, i:19), leaderCommit=15, initializing? false, entries: <empty>
2019-09-16 19:12:03,401 [grpc-default-executor-5] WARN  server.GrpcLogAppender (LogUtils.java:warn(134)) - 930b1328-fc80-47b7-a4b1-f8330041d315@group-B5EFBA83B44C->4bce4e32-952c-4220-bcc9-22a10ce18ca8-AppendLogResponseHandler: Failed appendEntries: org.apache.ratis.thirdparty.io.grpc.StatusRuntimeException: UNAVAILABLE: io exception
2019-09-16 19:12:03,402 [grpc-default-executor-5] INFO  impl.FollowerInfo (FollowerInfo.java:lambda$new$0(51)) - 930b1328-fc80-47b7-a4b1-f8330041d315@group-B5EFBA83B44C->4bce4e32-952c-4220-bcc9-22a10ce18ca8: nextIndex: updateUnconditionally 0 -> 0
2019-09-16 19:12:03,406 [30fc0d14-cbc7-4743-b48a-59ef39c48768@group-C8C33BDD9912-SegmentedRaftLogWorker] WARN  segmented.SegmentedRaftLogWorker (SegmentedRaftLogWorker.java:getFromFuture(90)) - Timeout 3/~
org.apache.ratis.protocol.TimeoutIOException: Timeout 10s: WriteLog:18: (t:2, i:18), STATEMACHINELOGENTRY, client-C26E20CEB926, cid=40-writeStateMachineData
	at org.apache.ratis.util.IOUtils.getFromFuture(IOUtils.java:87)
	at org.apache.ratis.server.raftlog.segmented.SegmentedRaftLogWorker$StateMachineDataPolicy.getFromFuture(SegmentedRaftLogWorker.java:87)
	at org.apache.ratis.server.raftlog.segmented.SegmentedRaftLogWorker$WriteLog.execute(SegmentedRaftLogWorker.java:477)
	at org.apache.ratis.server.raftlog.segmented.SegmentedRaftLogWorker.run(SegmentedRaftLogWorker.java:289)
	at java.lang.Thread.run(Thread.java:748)
Caused by: java.util.concurrent.TimeoutException
	at java.util.concurrent.CompletableFuture.timedGet(CompletableFuture.java:1771)
	at java.util.concurrent.CompletableFuture.get(CompletableFuture.java:1915)
	at org.apache.ratis.util.IOUtils.getFromFuture(IOUtils.java:79)
	... 4 more
2019-09-16 19:12:03,760 [Thread-1084] INFO  client.GrpcClientProtocolService (GrpcClientProtocolService.java:lambda$processClientRequest$0(278)) - Failed RaftClientRequest:client-76909DE03A78->930b1328-fc80-47b7-a4b1-f8330041d315@group-B5EFBA83B44C, cid=50, seq=0, Watch-ALL_COMMITTED(28), Message:<EMPTY>, reply=RaftClientReply:client-76909DE03A78->930b1328-fc80-47b7-a4b1-f8330041d315@group-B5EFBA83B44C, cid=50, FAILED org.apache.ratis.protocol.NotReplicatedException: Request with call Id 50 and log index 28 is not yet replicated to ALL_COMMITTED, logIndex=28, commits[930b1328-fc80-47b7-a4b1-f8330041d315:c41, 4bce4e32-952c-4220-bcc9-22a10ce18ca8:c23, e0619aa3-4ba4-49c8-ac60-3d80bbb74aab:c41]
2019-09-16 19:12:03,905 [grpc-default-executor-4] WARN  server.GrpcLogAppender (LogUtils.java:warn(134)) - 930b1328-fc80-47b7-a4b1-f8330041d315@group-B5EFBA83B44C->4bce4e32-952c-4220-bcc9-22a10ce18ca8-AppendLogResponseHandler: Failed appendEntries: org.apache.ratis.thirdparty.io.grpc.StatusRuntimeException: UNAVAILABLE: io exception
2019-09-16 19:12:03,905 [grpc-default-executor-4] INFO  impl.FollowerInfo (FollowerInfo.java:lambda$new$0(51)) - 930b1328-fc80-47b7-a4b1-f8330041d315@group-B5EFBA83B44C->4bce4e32-952c-4220-bcc9-22a10ce18ca8: nextIndex: updateUnconditionally 0 -> 0
2019-09-16 19:12:03,915 [java.util.concurrent.ThreadPoolExecutor$Worker@270df07d[State = -1, empty queue]] WARN  server.GrpcLogAppender (GrpcLogAppender.java:timeoutAppendRequest(200)) - 4eec4314-a089-48fe-8241-8a8066126e3f@group-C8C33BDD9912->30fc0d14-cbc7-4743-b48a-59ef39c48768-GrpcLogAppender: appendEntries Timeout, request=4eec4314-a089-48fe-8241-8a8066126e3f->30fc0d14-cbc7-4743-b48a-59ef39c48768#96-t2, previous=(t:2, i:19), leaderCommit=15, initializing? false, entries: <empty>
2019-09-16 19:12:03,919 [java.util.concurrent.ThreadPoolExecutor$Worker@4d174f1d[State = -1, empty queue]] WARN  server.GrpcLogAppender (GrpcLogAppender.java:timeoutAppendRequest(200)) - 4eec4314-a089-48fe-8241-8a8066126e3f@group-C8C33BDD9912->52078b41-1f38-4037-a826-db5ef9cf1b82-GrpcLogAppender: appendEntries Timeout, request=4eec4314-a089-48fe-8241-8a8066126e3f->52078b41-1f38-4037-a826-db5ef9cf1b82#96-t2, previous=(t:2, i:19), leaderCommit=15, initializing? false, entries: <empty>
2019-09-16 19:12:04,409 [grpc-default-executor-5] WARN  server.GrpcLogAppender (LogUtils.java:warn(134)) - 930b1328-fc80-47b7-a4b1-f8330041d315@group-B5EFBA83B44C->4bce4e32-952c-4220-bcc9-22a10ce18ca8-AppendLogResponseHandler: Failed appendEntries: org.apache.ratis.thirdparty.io.grpc.StatusRuntimeException: UNAVAILABLE: io exception
2019-09-16 19:12:04,410 [grpc-default-executor-5] INFO  impl.FollowerInfo (FollowerInfo.java:lambda$new$0(51)) - 930b1328-fc80-47b7-a4b1-f8330041d315@group-B5EFBA83B44C->4bce4e32-952c-4220-bcc9-22a10ce18ca8: nextIndex: updateUnconditionally 0 -> 0
2019-09-16 19:12:04,415 [java.util.concurrent.ThreadPoolExecutor$Worker@270df07d[State = -1, empty queue]] WARN  server.GrpcLogAppender (GrpcLogAppender.java:timeoutAppendRequest(200)) - 4eec4314-a089-48fe-8241-8a8066126e3f@group-C8C33BDD9912->30fc0d14-cbc7-4743-b48a-59ef39c48768-GrpcLogAppender: appendEntries Timeout, request=4eec4314-a089-48fe-8241-8a8066126e3f->30fc0d14-cbc7-4743-b48a-59ef39c48768#97-t2, previous=(t:2, i:19), leaderCommit=15, initializing? false, entries: <empty>
2019-09-16 19:12:04,415 [java.util.concurrent.ThreadPoolExecutor$Worker@4d174f1d[State = -1, empty queue]] WARN  server.GrpcLogAppender (GrpcLogAppender.java:timeoutAppendRequest(200)) - 4eec4314-a089-48fe-8241-8a8066126e3f@group-C8C33BDD9912->52078b41-1f38-4037-a826-db5ef9cf1b82-GrpcLogAppender: appendEntries Timeout, request=4eec4314-a089-48fe-8241-8a8066126e3f->52078b41-1f38-4037-a826-db5ef9cf1b82#97-t2, previous=(t:2, i:19), leaderCommit=15, initializing? false, entries: <empty>
2019-09-16 19:12:04,755 [Thread-1095] INFO  client.GrpcClientProtocolService (GrpcClientProtocolService.java:lambda$processClientRequest$0(278)) - Failed RaftClientRequest:client-76909DE03A78->930b1328-fc80-47b7-a4b1-f8330041d315@group-B5EFBA83B44C, cid=52, seq=0, Watch-ALL_COMMITTED(31), Message:<EMPTY>, reply=RaftClientReply:client-76909DE03A78->930b1328-fc80-47b7-a4b1-f8330041d315@group-B5EFBA83B44C, cid=52, FAILED org.apache.ratis.protocol.NotReplicatedException: Request with call Id 52 and log index 31 is not yet replicated to ALL_COMMITTED, logIndex=31, commits[930b1328-fc80-47b7-a4b1-f8330041d315:c41, 4bce4e32-952c-4220-bcc9-22a10ce18ca8:c23, e0619aa3-4ba4-49c8-ac60-3d80bbb74aab:c41]
2019-09-16 19:12:04,909 [grpc-default-executor-4] WARN  server.GrpcLogAppender (LogUtils.java:warn(134)) - 930b1328-fc80-47b7-a4b1-f8330041d315@group-B5EFBA83B44C->4bce4e32-952c-4220-bcc9-22a10ce18ca8-AppendLogResponseHandler: Failed appendEntries: org.apache.ratis.thirdparty.io.grpc.StatusRuntimeException: UNAVAILABLE: io exception
2019-09-16 19:12:04,909 [grpc-default-executor-4] INFO  impl.FollowerInfo (FollowerInfo.java:lambda$new$0(51)) - 930b1328-fc80-47b7-a4b1-f8330041d315@group-B5EFBA83B44C->4bce4e32-952c-4220-bcc9-22a10ce18ca8: nextIndex: updateUnconditionally 0 -> 0
2019-09-16 19:12:04,918 [java.util.concurrent.ThreadPoolExecutor$Worker@4d174f1d[State = -1, empty queue]] WARN  server.GrpcLogAppender (GrpcLogAppender.java:timeoutAppendRequest(200)) - 4eec4314-a089-48fe-8241-8a8066126e3f@group-C8C33BDD9912->52078b41-1f38-4037-a826-db5ef9cf1b82-GrpcLogAppender: appendEntries Timeout, request=4eec4314-a089-48fe-8241-8a8066126e3f->52078b41-1f38-4037-a826-db5ef9cf1b82#98-t2, previous=(t:2, i:19), leaderCommit=15, initializing? false, entries: <empty>
2019-09-16 19:12:04,921 [java.util.concurrent.ThreadPoolExecutor$Worker@270df07d[State = -1, empty queue]] WARN  server.GrpcLogAppender (GrpcLogAppender.java:timeoutAppendRequest(200)) - 4eec4314-a089-48fe-8241-8a8066126e3f@group-C8C33BDD9912->30fc0d14-cbc7-4743-b48a-59ef39c48768-GrpcLogAppender: appendEntries Timeout, request=4eec4314-a089-48fe-8241-8a8066126e3f->30fc0d14-cbc7-4743-b48a-59ef39c48768#98-t2, previous=(t:2, i:19), leaderCommit=15, initializing? false, entries: <empty>
2019-09-16 19:12:05,409 [grpc-default-executor-5] WARN  server.GrpcLogAppender (LogUtils.java:warn(134)) - 930b1328-fc80-47b7-a4b1-f8330041d315@group-B5EFBA83B44C->4bce4e32-952c-4220-bcc9-22a10ce18ca8-AppendLogResponseHandler: Failed appendEntries: org.apache.ratis.thirdparty.io.grpc.StatusRuntimeException: UNAVAILABLE: io exception
2019-09-16 19:12:05,409 [grpc-default-executor-5] INFO  impl.FollowerInfo (FollowerInfo.java:lambda$new$0(51)) - 930b1328-fc80-47b7-a4b1-f8330041d315@group-B5EFBA83B44C->4bce4e32-952c-4220-bcc9-22a10ce18ca8: nextIndex: updateUnconditionally 0 -> 0
2019-09-16 19:12:05,418 [java.util.concurrent.ThreadPoolExecutor$Worker@4d174f1d[State = -1, empty queue]] WARN  server.GrpcLogAppender (GrpcLogAppender.java:timeoutAppendRequest(200)) - 4eec4314-a089-48fe-8241-8a8066126e3f@group-C8C33BDD9912->52078b41-1f38-4037-a826-db5ef9cf1b82-GrpcLogAppender: appendEntries Timeout, request=4eec4314-a089-48fe-8241-8a8066126e3f->52078b41-1f38-4037-a826-db5ef9cf1b82#99-t2, previous=(t:2, i:19), leaderCommit=15, initializing? false, entries: <empty>
2019-09-16 19:12:05,418 [java.util.concurrent.ThreadPoolExecutor$Worker@270df07d[State = -1, empty queue]] WARN  server.GrpcLogAppender (GrpcLogAppender.java:timeoutAppendRequest(200)) - 4eec4314-a089-48fe-8241-8a8066126e3f@group-C8C33BDD9912->30fc0d14-cbc7-4743-b48a-59ef39c48768-GrpcLogAppender: appendEntries Timeout, request=4eec4314-a089-48fe-8241-8a8066126e3f->30fc0d14-cbc7-4743-b48a-59ef39c48768#99-t2, previous=(t:2, i:19), leaderCommit=15, initializing? false, entries: <empty>
2019-09-16 19:12:05,456 [main] WARN  scm.XceiverClientRatis (XceiverClientRatis.java:watchForCommit(262)) - 3 way commit failed on pipeline Pipeline[ Id: 108ab3b2-2db4-495b-b8c8-b5efba83b44c, Nodes: 4bce4e32-952c-4220-bcc9-22a10ce18ca8{ip: 192.168.34.56, host: pr-hdds-2111-hlhfn-3535364396, networkLocation: /default-rack, certSerialId: null}e0619aa3-4ba4-49c8-ac60-3d80bbb74aab{ip: 192.168.34.56, host: pr-hdds-2111-hlhfn-3535364396, networkLocation: /default-rack, certSerialId: null}930b1328-fc80-47b7-a4b1-f8330041d315{ip: 192.168.34.56, host: pr-hdds-2111-hlhfn-3535364396, networkLocation: /default-rack, certSerialId: null}, Type:RATIS, Factor:THREE, State:OPEN]
java.util.concurrent.TimeoutException
	at java.util.concurrent.CompletableFuture.timedGet(CompletableFuture.java:1771)
	at java.util.concurrent.CompletableFuture.get(CompletableFuture.java:1915)
	at org.apache.hadoop.hdds.scm.XceiverClientRatis.watchForCommit(XceiverClientRatis.java:259)
	at org.apache.hadoop.hdds.scm.storage.CommitWatcher.watchForCommit(CommitWatcher.java:194)
	at org.apache.hadoop.hdds.scm.storage.CommitWatcher.watchOnFirstIndex(CommitWatcher.java:135)
	at org.apache.hadoop.hdds.scm.storage.BlockOutputStream.watchForCommit(BlockOutputStream.java:347)
	at org.apache.hadoop.hdds.scm.storage.BlockOutputStream.handleFullBuffer(BlockOutputStream.java:324)
	at org.apache.hadoop.hdds.scm.storage.BlockOutputStream.write(BlockOutputStream.java:251)
	at org.apache.hadoop.ozone.client.io.BlockOutputStreamEntry.write(BlockOutputStreamEntry.java:129)
	at org.apache.hadoop.ozone.client.io.KeyOutputStream.handleWrite(KeyOutputStream.java:211)
	at org.apache.hadoop.ozone.client.io.KeyOutputStream.write(KeyOutputStream.java:193)
	at org.apache.hadoop.ozone.client.io.OzoneOutputStream.write(OzoneOutputStream.java:49)
	at java.io.OutputStream.write(OutputStream.java:75)
	at org.apache.hadoop.ozone.client.rpc.TestMultiBlockWritesWithDnFailures.testMultiBlockWritesWithIntermittentDnFailures(TestMultiBlockWritesWithDnFailures.java:192)
	at sun.reflect.NativeMethodAccessorImpl.invoke0(Native Method)
	at sun.reflect.NativeMethodAccessorImpl.invoke(NativeMethodAccessorImpl.java:62)
	at sun.reflect.DelegatingMethodAccessorImpl.invoke(DelegatingMethodAccessorImpl.java:43)
	at java.lang.reflect.Method.invoke(Method.java:498)
	at org.junit.runners.model.FrameworkMethod$1.runReflectiveCall(FrameworkMethod.java:47)
	at org.junit.internal.runners.model.ReflectiveCallable.run(ReflectiveCallable.java:12)
	at org.junit.runners.model.FrameworkMethod.invokeExplosively(FrameworkMethod.java:44)
	at org.junit.internal.runners.statements.InvokeMethod.evaluate(InvokeMethod.java:17)
	at org.junit.internal.runners.statements.RunAfters.evaluate(RunAfters.java:27)
	at org.junit.runners.ParentRunner.runLeaf(ParentRunner.java:271)
	at org.junit.runners.BlockJUnit4ClassRunner.runChild(BlockJUnit4ClassRunner.java:70)
	at org.junit.runners.BlockJUnit4ClassRunner.runChild(BlockJUnit4ClassRunner.java:50)
	at org.junit.runners.ParentRunner$3.run(ParentRunner.java:238)
	at org.junit.runners.ParentRunner$1.schedule(ParentRunner.java:63)
	at org.junit.runners.ParentRunner.runChildren(ParentRunner.java:236)
	at org.junit.runners.ParentRunner.access$000(ParentRunner.java:53)
	at org.junit.runners.ParentRunner$2.evaluate(ParentRunner.java:229)
	at org.junit.runners.ParentRunner.run(ParentRunner.java:309)
	at org.apache.maven.surefire.junit4.JUnit4Provider.execute(JUnit4Provider.java:365)
	at org.apache.maven.surefire.junit4.JUnit4Provider.executeWithRerun(JUnit4Provider.java:273)
	at org.apache.maven.surefire.junit4.JUnit4Provider.executeTestSet(JUnit4Provider.java:238)
	at org.apache.maven.surefire.junit4.JUnit4Provider.invoke(JUnit4Provider.java:159)
	at org.apache.maven.surefire.booter.ForkedBooter.invokeProviderInSameClassLoader(ForkedBooter.java:384)
	at org.apache.maven.surefire.booter.ForkedBooter.runSuitesInProcess(ForkedBooter.java:345)
	at org.apache.maven.surefire.booter.ForkedBooter.execute(ForkedBooter.java:126)
	at org.apache.maven.surefire.booter.ForkedBooter.main(ForkedBooter.java:418)
2019-09-16 19:12:05,463 [grpc-default-executor-1] INFO  client.GrpcClientProtocolClient (GrpcClientProtocolClient.java:onNext(264)) - client-D235B4D2FAB8->930b1328-fc80-47b7-a4b1-f8330041d315: receive RaftClientReply:client-D235B4D2FAB8->930b1328-fc80-47b7-a4b1-f8330041d315@group-B5EFBA83B44C, cid=59, SUCCESS, logIndex=0, commits[930b1328-fc80-47b7-a4b1-f8330041d315:c41, 4bce4e32-952c-4220-bcc9-22a10ce18ca8:c23, e0619aa3-4ba4-49c8-ac60-3d80bbb74aab:c41]
2019-09-16 19:12:05,464 [main] INFO  scm.XceiverClientRatis (XceiverClientRatis.java:lambda$watchForCommit$7(280)) - Could not commit index 36 on pipeline Pipeline[ Id: 108ab3b2-2db4-495b-b8c8-b5efba83b44c, Nodes: 4bce4e32-952c-4220-bcc9-22a10ce18ca8{ip: 192.168.34.56, host: pr-hdds-2111-hlhfn-3535364396, networkLocation: /default-rack, certSerialId: null}e0619aa3-4ba4-49c8-ac60-3d80bbb74aab{ip: 192.168.34.56, host: pr-hdds-2111-hlhfn-3535364396, networkLocation: /default-rack, certSerialId: null}930b1328-fc80-47b7-a4b1-f8330041d315{ip: 192.168.34.56, host: pr-hdds-2111-hlhfn-3535364396, networkLocation: /default-rack, certSerialId: null}, Type:RATIS, Factor:THREE, State:OPEN] to all the nodes. Server 4bce4e32-952c-4220-bcc9-22a10ce18ca8 has failed. Committed by majority.
2019-09-16 19:12:05,467 [main] WARN  storage.BlockOutputStream (BlockOutputStream.java:watchForCommit(353)) - Failed to commit BlockId conID: 5 locID: 102803772588556292 bcsId: 38 on Pipeline[ Id: 108ab3b2-2db4-495b-b8c8-b5efba83b44c, Nodes: 4bce4e32-952c-4220-bcc9-22a10ce18ca8{ip: 192.168.34.56, host: pr-hdds-2111-hlhfn-3535364396, networkLocation: /default-rack, certSerialId: null}e0619aa3-4ba4-49c8-ac60-3d80bbb74aab{ip: 192.168.34.56, host: pr-hdds-2111-hlhfn-3535364396, networkLocation: /default-rack, certSerialId: null}930b1328-fc80-47b7-a4b1-f8330041d315{ip: 192.168.34.56, host: pr-hdds-2111-hlhfn-3535364396, networkLocation: /default-rack, certSerialId: null}, Type:RATIS, Factor:THREE, State:OPEN]. Failed nodes: [4bce4e32-952c-4220-bcc9-22a10ce18ca8{ip: null, host: null, networkLocation: /default-rack, certSerialId: null}]
2019-09-16 19:12:05,485 [grpc-default-executor-4] WARN  server.GrpcLogAppender (LogUtils.java:warn(134)) - 930b1328-fc80-47b7-a4b1-f8330041d315@group-B5EFBA83B44C->4bce4e32-952c-4220-bcc9-22a10ce18ca8-AppendLogResponseHandler: Failed appendEntries: org.apache.ratis.thirdparty.io.grpc.StatusRuntimeException: UNAVAILABLE: io exception
2019-09-16 19:12:05,489 [grpc-default-executor-4] INFO  impl.FollowerInfo (FollowerInfo.java:lambda$new$0(51)) - 930b1328-fc80-47b7-a4b1-f8330041d315@group-B5EFBA83B44C->4bce4e32-952c-4220-bcc9-22a10ce18ca8: nextIndex: updateUnconditionally 1 -> 0
2019-09-16 19:12:05,498 [grpc-default-executor-1] INFO  client.GrpcClientProtocolClient (GrpcClientProtocolClient.java:onNext(264)) - client-D235B4D2FAB8->930b1328-fc80-47b7-a4b1-f8330041d315: receive RaftClientReply:client-D235B4D2FAB8->930b1328-fc80-47b7-a4b1-f8330041d315@group-B5EFBA83B44C, cid=60, SUCCESS, logIndex=42, commits[930b1328-fc80-47b7-a4b1-f8330041d315:c43, 4bce4e32-952c-4220-bcc9-22a10ce18ca8:c23, e0619aa3-4ba4-49c8-ac60-3d80bbb74aab:c41]
2019-09-16 19:12:05,502 [grpc-default-executor-1] WARN  server.GrpcLogAppender (LogUtils.java:warn(134)) - 930b1328-fc80-47b7-a4b1-f8330041d315@group-B5EFBA83B44C->4bce4e32-952c-4220-bcc9-22a10ce18ca8-AppendLogResponseHandler: Failed appendEntries: org.apache.ratis.thirdparty.io.grpc.StatusRuntimeException: UNAVAILABLE: io exception
2019-09-16 19:12:05,502 [grpc-default-executor-4] INFO  client.GrpcClientProtocolClient (GrpcClientProtocolClient.java:onNext(264)) - client-D235B4D2FAB8->930b1328-fc80-47b7-a4b1-f8330041d315: receive RaftClientReply:client-D235B4D2FAB8->930b1328-fc80-47b7-a4b1-f8330041d315@group-B5EFBA83B44C, cid=61, SUCCESS, logIndex=43, commits[930b1328-fc80-47b7-a4b1-f8330041d315:c43, 4bce4e32-952c-4220-bcc9-22a10ce18ca8:c23, e0619aa3-4ba4-49c8-ac60-3d80bbb74aab:c41]
2019-09-16 19:12:05,503 [grpc-default-executor-1] INFO  impl.FollowerInfo (FollowerInfo.java:lambda$new$0(51)) - 930b1328-fc80-47b7-a4b1-f8330041d315@group-B5EFBA83B44C->4bce4e32-952c-4220-bcc9-22a10ce18ca8: nextIndex: updateUnconditionally 1 -> 0
2019-09-16 19:12:05,511 [grpc-default-executor-5] WARN  server.GrpcLogAppender (LogUtils.java:warn(134)) - 930b1328-fc80-47b7-a4b1-f8330041d315@group-B5EFBA83B44C->4bce4e32-952c-4220-bcc9-22a10ce18ca8-AppendLogResponseHandler: Failed appendEntries: org.apache.ratis.thirdparty.io.grpc.StatusRuntimeException: UNAVAILABLE: io exception
2019-09-16 19:12:05,512 [grpc-default-executor-5] INFO  impl.FollowerInfo (FollowerInfo.java:lambda$new$0(51)) - 930b1328-fc80-47b7-a4b1-f8330041d315@group-B5EFBA83B44C->4bce4e32-952c-4220-bcc9-22a10ce18ca8: nextIndex: updateUnconditionally 1 -> 0
2019-09-16 19:12:05,919 [java.util.concurrent.ThreadPoolExecutor$Worker@4d174f1d[State = -1, empty queue]] WARN  server.GrpcLogAppender (GrpcLogAppender.java:timeoutAppendRequest(200)) - 4eec4314-a089-48fe-8241-8a8066126e3f@group-C8C33BDD9912->52078b41-1f38-4037-a826-db5ef9cf1b82-GrpcLogAppender: appendEntries Timeout, request=4eec4314-a089-48fe-8241-8a8066126e3f->52078b41-1f38-4037-a826-db5ef9cf1b82#100-t2, previous=(t:2, i:19), leaderCommit=15, initializing? false, entries: <empty>
2019-09-16 19:12:05,919 [java.util.concurrent.ThreadPoolExecutor$Worker@270df07d[State = -1, empty queue]] WARN  server.GrpcLogAppender (GrpcLogAppender.java:timeoutAppendRequest(200)) - 4eec4314-a089-48fe-8241-8a8066126e3f@group-C8C33BDD9912->30fc0d14-cbc7-4743-b48a-59ef39c48768-GrpcLogAppender: appendEntries Timeout, request=4eec4314-a089-48fe-8241-8a8066126e3f->30fc0d14-cbc7-4743-b48a-59ef39c48768#100-t2, previous=(t:2, i:19), leaderCommit=15, initializing? false, entries: <empty>
2019-09-16 19:12:06,013 [grpc-default-executor-4] WARN  server.GrpcLogAppender (LogUtils.java:warn(134)) - 930b1328-fc80-47b7-a4b1-f8330041d315@group-B5EFBA83B44C->4bce4e32-952c-4220-bcc9-22a10ce18ca8-AppendLogResponseHandler: Failed appendEntries: org.apache.ratis.thirdparty.io.grpc.StatusRuntimeException: UNAVAILABLE: io exception
2019-09-16 19:12:06,014 [grpc-default-executor-4] INFO  impl.FollowerInfo (FollowerInfo.java:lambda$new$0(51)) - 930b1328-fc80-47b7-a4b1-f8330041d315@group-B5EFBA83B44C->4bce4e32-952c-4220-bcc9-22a10ce18ca8: nextIndex: updateUnconditionally 0 -> 0
2019-09-16 19:12:06,346 [Datanode State Machine Thread - 0] INFO  statemachine.DatanodeStateMachine (DatanodeStateMachine.java:lambda$startDaemon$0(350)) - Ozone container server started.
2019-09-16 19:12:06,419 [java.util.concurrent.ThreadPoolExecutor$Worker@4d174f1d[State = -1, empty queue]] WARN  server.GrpcLogAppender (GrpcLogAppender.java:timeoutAppendRequest(200)) - 4eec4314-a089-48fe-8241-8a8066126e3f@group-C8C33BDD9912->52078b41-1f38-4037-a826-db5ef9cf1b82-GrpcLogAppender: appendEntries Timeout, request=4eec4314-a089-48fe-8241-8a8066126e3f->52078b41-1f38-4037-a826-db5ef9cf1b82#101-t2, previous=(t:2, i:19), leaderCommit=15, initializing? false, entries: <empty>
2019-09-16 19:12:06,419 [java.util.concurrent.ThreadPoolExecutor$Worker@270df07d[State = -1, empty queue]] WARN  server.GrpcLogAppender (GrpcLogAppender.java:timeoutAppendRequest(200)) - 4eec4314-a089-48fe-8241-8a8066126e3f@group-C8C33BDD9912->30fc0d14-cbc7-4743-b48a-59ef39c48768-GrpcLogAppender: appendEntries Timeout, request=4eec4314-a089-48fe-8241-8a8066126e3f->30fc0d14-cbc7-4743-b48a-59ef39c48768#101-t2, previous=(t:2, i:19), leaderCommit=15, initializing? false, entries: <empty>
2019-09-16 19:12:06,513 [grpc-default-executor-5] WARN  server.GrpcLogAppender (LogUtils.java:warn(134)) - 930b1328-fc80-47b7-a4b1-f8330041d315@group-B5EFBA83B44C->4bce4e32-952c-4220-bcc9-22a10ce18ca8-AppendLogResponseHandler: Failed appendEntries: org.apache.ratis.thirdparty.io.grpc.StatusRuntimeException: UNAVAILABLE: io exception
2019-09-16 19:12:06,514 [grpc-default-executor-5] INFO  impl.FollowerInfo (FollowerInfo.java:lambda$new$0(51)) - 930b1328-fc80-47b7-a4b1-f8330041d315@group-B5EFBA83B44C->4bce4e32-952c-4220-bcc9-22a10ce18ca8: nextIndex: updateUnconditionally 0 -> 0
2019-09-16 19:12:06,919 [java.util.concurrent.ThreadPoolExecutor$Worker@4d174f1d[State = -1, empty queue]] WARN  server.GrpcLogAppender (GrpcLogAppender.java:timeoutAppendRequest(200)) - 4eec4314-a089-48fe-8241-8a8066126e3f@group-C8C33BDD9912->52078b41-1f38-4037-a826-db5ef9cf1b82-GrpcLogAppender: appendEntries Timeout, request=4eec4314-a089-48fe-8241-8a8066126e3f->52078b41-1f38-4037-a826-db5ef9cf1b82#102-t2, previous=(t:2, i:19), leaderCommit=15, initializing? false, entries: <empty>
2019-09-16 19:12:06,919 [java.util.concurrent.ThreadPoolExecutor$Worker@270df07d[State = -1, empty queue]] WARN  server.GrpcLogAppender (GrpcLogAppender.java:timeoutAppendRequest(200)) - 4eec4314-a089-48fe-8241-8a8066126e3f@group-C8C33BDD9912->30fc0d14-cbc7-4743-b48a-59ef39c48768-GrpcLogAppender: appendEntries Timeout, request=4eec4314-a089-48fe-8241-8a8066126e3f->30fc0d14-cbc7-4743-b48a-59ef39c48768#102-t2, previous=(t:2, i:19), leaderCommit=15, initializing? false, entries: <empty>
2019-09-16 19:12:07,014 [grpc-default-executor-4] WARN  server.GrpcLogAppender (LogUtils.java:warn(134)) - 930b1328-fc80-47b7-a4b1-f8330041d315@group-B5EFBA83B44C->4bce4e32-952c-4220-bcc9-22a10ce18ca8-AppendLogResponseHandler: Failed appendEntries: org.apache.ratis.thirdparty.io.grpc.StatusRuntimeException: UNAVAILABLE: io exception
2019-09-16 19:12:07,015 [grpc-default-executor-4] INFO  impl.FollowerInfo (FollowerInfo.java:lambda$new$0(51)) - 930b1328-fc80-47b7-a4b1-f8330041d315@group-B5EFBA83B44C->4bce4e32-952c-4220-bcc9-22a10ce18ca8: nextIndex: updateUnconditionally 0 -> 0
2019-09-16 19:12:07,419 [java.util.concurrent.ThreadPoolExecutor$Worker@4d174f1d[State = -1, empty queue]] WARN  server.GrpcLogAppender (GrpcLogAppender.java:timeoutAppendRequest(200)) - 4eec4314-a089-48fe-8241-8a8066126e3f@group-C8C33BDD9912->52078b41-1f38-4037-a826-db5ef9cf1b82-GrpcLogAppender: appendEntries Timeout, request=4eec4314-a089-48fe-8241-8a8066126e3f->52078b41-1f38-4037-a826-db5ef9cf1b82#103-t2, previous=(t:2, i:19), leaderCommit=15, initializing? false, entries: <empty>
2019-09-16 19:12:07,420 [java.util.concurrent.ThreadPoolExecutor$Worker@270df07d[State = -1, empty queue]] WARN  server.GrpcLogAppender (GrpcLogAppender.java:timeoutAppendRequest(200)) - 4eec4314-a089-48fe-8241-8a8066126e3f@group-C8C33BDD9912->30fc0d14-cbc7-4743-b48a-59ef39c48768-GrpcLogAppender: appendEntries Timeout, request=4eec4314-a089-48fe-8241-8a8066126e3f->30fc0d14-cbc7-4743-b48a-59ef39c48768#103-t2, previous=(t:2, i:19), leaderCommit=15, initializing? false, entries: <empty>
2019-09-16 19:12:07,516 [grpc-default-executor-1] WARN  server.GrpcLogAppender (LogUtils.java:warn(134)) - 930b1328-fc80-47b7-a4b1-f8330041d315@group-B5EFBA83B44C->4bce4e32-952c-4220-bcc9-22a10ce18ca8-AppendLogResponseHandler: Failed appendEntries: org.apache.ratis.thirdparty.io.grpc.StatusRuntimeException: UNAVAILABLE: io exception
2019-09-16 19:12:07,517 [grpc-default-executor-1] INFO  impl.FollowerInfo (FollowerInfo.java:lambda$new$0(51)) - 930b1328-fc80-47b7-a4b1-f8330041d315@group-B5EFBA83B44C->4bce4e32-952c-4220-bcc9-22a10ce18ca8: nextIndex: updateUnconditionally 0 -> 0
2019-09-16 19:12:07,755 [Thread-1137] INFO  client.GrpcClientProtocolService (GrpcClientProtocolService.java:lambda$processClientRequest$0(278)) - Failed RaftClientRequest:client-76909DE03A78->930b1328-fc80-47b7-a4b1-f8330041d315@group-B5EFBA83B44C, cid=50, seq=0, Watch-ALL_COMMITTED(28), Message:<EMPTY>, reply=RaftClientReply:client-76909DE03A78->930b1328-fc80-47b7-a4b1-f8330041d315@group-B5EFBA83B44C, cid=50, FAILED org.apache.ratis.protocol.NotReplicatedException: Request with call Id 50 and log index 28 is not yet replicated to ALL_COMMITTED, logIndex=28, commits[930b1328-fc80-47b7-a4b1-f8330041d315:c45, 4bce4e32-952c-4220-bcc9-22a10ce18ca8:c23, e0619aa3-4ba4-49c8-ac60-3d80bbb74aab:c45]
2019-09-16 19:12:07,921 [java.util.concurrent.ThreadPoolExecutor$Worker@270df07d[State = -1, empty queue]] WARN  server.GrpcLogAppender (GrpcLogAppender.java:timeoutAppendRequest(200)) - 4eec4314-a089-48fe-8241-8a8066126e3f@group-C8C33BDD9912->30fc0d14-cbc7-4743-b48a-59ef39c48768-GrpcLogAppender: appendEntries Timeout, request=4eec4314-a089-48fe-8241-8a8066126e3f->30fc0d14-cbc7-4743-b48a-59ef39c48768#104-t2, previous=(t:2, i:19), leaderCommit=15, initializing? false, entries: <empty>
2019-09-16 19:12:07,921 [java.util.concurrent.ThreadPoolExecutor$Worker@4d174f1d[State = -1, empty queue]] WARN  server.GrpcLogAppender (GrpcLogAppender.java:timeoutAppendRequest(200)) - 4eec4314-a089-48fe-8241-8a8066126e3f@group-C8C33BDD9912->52078b41-1f38-4037-a826-db5ef9cf1b82-GrpcLogAppender: appendEntries Timeout, request=4eec4314-a089-48fe-8241-8a8066126e3f->52078b41-1f38-4037-a826-db5ef9cf1b82#104-t2, previous=(t:2, i:19), leaderCommit=15, initializing? false, entries: <empty>
2019-09-16 19:12:08,018 [grpc-default-executor-4] WARN  server.GrpcLogAppender (LogUtils.java:warn(134)) - 930b1328-fc80-47b7-a4b1-f8330041d315@group-B5EFBA83B44C->4bce4e32-952c-4220-bcc9-22a10ce18ca8-AppendLogResponseHandler: Failed appendEntries: org.apache.ratis.thirdparty.io.grpc.StatusRuntimeException: UNAVAILABLE: io exception
2019-09-16 19:12:08,019 [grpc-default-executor-4] INFO  impl.FollowerInfo (FollowerInfo.java:lambda$new$0(51)) - 930b1328-fc80-47b7-a4b1-f8330041d315@group-B5EFBA83B44C->4bce4e32-952c-4220-bcc9-22a10ce18ca8: nextIndex: updateUnconditionally 0 -> 0
2019-09-16 19:12:08,421 [java.util.concurrent.ThreadPoolExecutor$Worker@4d174f1d[State = -1, empty queue]] WARN  server.GrpcLogAppender (GrpcLogAppender.java:timeoutAppendRequest(200)) - 4eec4314-a089-48fe-8241-8a8066126e3f@group-C8C33BDD9912->52078b41-1f38-4037-a826-db5ef9cf1b82-GrpcLogAppender: appendEntries Timeout, request=4eec4314-a089-48fe-8241-8a8066126e3f->52078b41-1f38-4037-a826-db5ef9cf1b82#105-t2, previous=(t:2, i:19), leaderCommit=15, initializing? false, entries: <empty>
2019-09-16 19:12:08,421 [java.util.concurrent.ThreadPoolExecutor$Worker@270df07d[State = -1, empty queue]] WARN  server.GrpcLogAppender (GrpcLogAppender.java:timeoutAppendRequest(200)) - 4eec4314-a089-48fe-8241-8a8066126e3f@group-C8C33BDD9912->30fc0d14-cbc7-4743-b48a-59ef39c48768-GrpcLogAppender: appendEntries Timeout, request=4eec4314-a089-48fe-8241-8a8066126e3f->30fc0d14-cbc7-4743-b48a-59ef39c48768#105-t2, previous=(t:2, i:19), leaderCommit=15, initializing? false, entries: <empty>
2019-09-16 19:12:08,519 [grpc-default-executor-6] WARN  server.GrpcLogAppender (LogUtils.java:warn(134)) - 930b1328-fc80-47b7-a4b1-f8330041d315@group-B5EFBA83B44C->4bce4e32-952c-4220-bcc9-22a10ce18ca8-AppendLogResponseHandler: Failed appendEntries: org.apache.ratis.thirdparty.io.grpc.StatusRuntimeException: UNAVAILABLE: io exception
2019-09-16 19:12:08,520 [grpc-default-executor-6] INFO  impl.FollowerInfo (FollowerInfo.java:lambda$new$0(51)) - 930b1328-fc80-47b7-a4b1-f8330041d315@group-B5EFBA83B44C->4bce4e32-952c-4220-bcc9-22a10ce18ca8: nextIndex: updateUnconditionally 0 -> 0
2019-09-16 19:12:08,755 [Thread-1148] INFO  client.GrpcClientProtocolService (GrpcClientProtocolService.java:lambda$processClientRequest$0(278)) - Failed RaftClientRequest:client-76909DE03A78->930b1328-fc80-47b7-a4b1-f8330041d315@group-B5EFBA83B44C, cid=52, seq=0, Watch-ALL_COMMITTED(31), Message:<EMPTY>, reply=RaftClientReply:client-76909DE03A78->930b1328-fc80-47b7-a4b1-f8330041d315@group-B5EFBA83B44C, cid=52, FAILED org.apache.ratis.protocol.NotReplicatedException: Request with call Id 52 and log index 31 is not yet replicated to ALL_COMMITTED, logIndex=31, commits[930b1328-fc80-47b7-a4b1-f8330041d315:c45, 4bce4e32-952c-4220-bcc9-22a10ce18ca8:c23, e0619aa3-4ba4-49c8-ac60-3d80bbb74aab:c45]
2019-09-16 19:12:08,922 [java.util.concurrent.ThreadPoolExecutor$Worker@270df07d[State = -1, empty queue]] WARN  server.GrpcLogAppender (GrpcLogAppender.java:timeoutAppendRequest(200)) - 4eec4314-a089-48fe-8241-8a8066126e3f@group-C8C33BDD9912->30fc0d14-cbc7-4743-b48a-59ef39c48768-GrpcLogAppender: appendEntries Timeout, request=4eec4314-a089-48fe-8241-8a8066126e3f->30fc0d14-cbc7-4743-b48a-59ef39c48768#106-t2, previous=(t:2, i:19), leaderCommit=15, initializing? false, entries: <empty>
2019-09-16 19:12:08,922 [java.util.concurrent.ThreadPoolExecutor$Worker@4d174f1d[State = -1, empty queue]] WARN  server.GrpcLogAppender (GrpcLogAppender.java:timeoutAppendRequest(200)) - 4eec4314-a089-48fe-8241-8a8066126e3f@group-C8C33BDD9912->52078b41-1f38-4037-a826-db5ef9cf1b82-GrpcLogAppender: appendEntries Timeout, request=4eec4314-a089-48fe-8241-8a8066126e3f->52078b41-1f38-4037-a826-db5ef9cf1b82#106-t2, previous=(t:2, i:19), leaderCommit=15, initializing? false, entries: <empty>
2019-09-16 19:12:09,023 [grpc-default-executor-1] WARN  server.GrpcLogAppender (LogUtils.java:warn(134)) - 930b1328-fc80-47b7-a4b1-f8330041d315@group-B5EFBA83B44C->4bce4e32-952c-4220-bcc9-22a10ce18ca8-AppendLogResponseHandler: Failed appendEntries: org.apache.ratis.thirdparty.io.grpc.StatusRuntimeException: UNAVAILABLE: io exception
2019-09-16 19:12:09,025 [grpc-default-executor-1] INFO  impl.FollowerInfo (FollowerInfo.java:lambda$new$0(51)) - 930b1328-fc80-47b7-a4b1-f8330041d315@group-B5EFBA83B44C->4bce4e32-952c-4220-bcc9-22a10ce18ca8: nextIndex: updateUnconditionally 0 -> 0
2019-09-16 19:12:09,422 [java.util.concurrent.ThreadPoolExecutor$Worker@270df07d[State = -1, empty queue]] WARN  server.GrpcLogAppender (GrpcLogAppender.java:timeoutAppendRequest(200)) - 4eec4314-a089-48fe-8241-8a8066126e3f@group-C8C33BDD9912->30fc0d14-cbc7-4743-b48a-59ef39c48768-GrpcLogAppender: appendEntries Timeout, request=4eec4314-a089-48fe-8241-8a8066126e3f->30fc0d14-cbc7-4743-b48a-59ef39c48768#107-t2, previous=(t:2, i:19), leaderCommit=15, initializing? false, entries: <empty>
2019-09-16 19:12:09,422 [java.util.concurrent.ThreadPoolExecutor$Worker@4d174f1d[State = -1, empty queue]] WARN  server.GrpcLogAppender (GrpcLogAppender.java:timeoutAppendRequest(200)) - 4eec4314-a089-48fe-8241-8a8066126e3f@group-C8C33BDD9912->52078b41-1f38-4037-a826-db5ef9cf1b82-GrpcLogAppender: appendEntries Timeout, request=4eec4314-a089-48fe-8241-8a8066126e3f->52078b41-1f38-4037-a826-db5ef9cf1b82#107-t2, previous=(t:2, i:19), leaderCommit=15, initializing? false, entries: <empty>
2019-09-16 19:12:09,523 [grpc-default-executor-4] WARN  server.GrpcLogAppender (LogUtils.java:warn(134)) - 930b1328-fc80-47b7-a4b1-f8330041d315@group-B5EFBA83B44C->4bce4e32-952c-4220-bcc9-22a10ce18ca8-AppendLogResponseHandler: Failed appendEntries: org.apache.ratis.thirdparty.io.grpc.StatusRuntimeException: UNAVAILABLE: io exception
2019-09-16 19:12:09,523 [grpc-default-executor-4] INFO  impl.FollowerInfo (FollowerInfo.java:lambda$new$0(51)) - 930b1328-fc80-47b7-a4b1-f8330041d315@group-B5EFBA83B44C->4bce4e32-952c-4220-bcc9-22a10ce18ca8: nextIndex: updateUnconditionally 0 -> 0
2019-09-16 19:12:09,923 [java.util.concurrent.ThreadPoolExecutor$Worker@4d174f1d[State = -1, empty queue]] WARN  server.GrpcLogAppender (GrpcLogAppender.java:timeoutAppendRequest(200)) - 4eec4314-a089-48fe-8241-8a8066126e3f@group-C8C33BDD9912->52078b41-1f38-4037-a826-db5ef9cf1b82-GrpcLogAppender: appendEntries Timeout, request=4eec4314-a089-48fe-8241-8a8066126e3f->52078b41-1f38-4037-a826-db5ef9cf1b82#108-t2, previous=(t:2, i:19), leaderCommit=15, initializing? false, entries: <empty>
2019-09-16 19:12:09,923 [java.util.concurrent.ThreadPoolExecutor$Worker@270df07d[State = -1, empty queue]] WARN  server.GrpcLogAppender (GrpcLogAppender.java:timeoutAppendRequest(200)) - 4eec4314-a089-48fe-8241-8a8066126e3f@group-C8C33BDD9912->30fc0d14-cbc7-4743-b48a-59ef39c48768-GrpcLogAppender: appendEntries Timeout, request=4eec4314-a089-48fe-8241-8a8066126e3f->30fc0d14-cbc7-4743-b48a-59ef39c48768#108-t2, previous=(t:2, i:19), leaderCommit=15, initializing? false, entries: <empty>
2019-09-16 19:12:10,025 [grpc-default-executor-4] WARN  server.GrpcLogAppender (LogUtils.java:warn(134)) - 930b1328-fc80-47b7-a4b1-f8330041d315@group-B5EFBA83B44C->4bce4e32-952c-4220-bcc9-22a10ce18ca8-AppendLogResponseHandler: Failed appendEntries: org.apache.ratis.thirdparty.io.grpc.StatusRuntimeException: UNAVAILABLE: io exception
2019-09-16 19:12:10,026 [grpc-default-executor-4] INFO  impl.FollowerInfo (FollowerInfo.java:lambda$new$0(51)) - 930b1328-fc80-47b7-a4b1-f8330041d315@group-B5EFBA83B44C->4bce4e32-952c-4220-bcc9-22a10ce18ca8: nextIndex: updateUnconditionally 0 -> 0
2019-09-16 19:12:10,423 [java.util.concurrent.ThreadPoolExecutor$Worker@4d174f1d[State = -1, empty queue]] WARN  server.GrpcLogAppender (GrpcLogAppender.java:timeoutAppendRequest(200)) - 4eec4314-a089-48fe-8241-8a8066126e3f@group-C8C33BDD9912->52078b41-1f38-4037-a826-db5ef9cf1b82-GrpcLogAppender: appendEntries Timeout, request=4eec4314-a089-48fe-8241-8a8066126e3f->52078b41-1f38-4037-a826-db5ef9cf1b82#109-t2, previous=(t:2, i:19), leaderCommit=15, initializing? false, entries: <empty>
2019-09-16 19:12:10,423 [java.util.concurrent.ThreadPoolExecutor$Worker@270df07d[State = -1, empty queue]] WARN  server.GrpcLogAppender (GrpcLogAppender.java:timeoutAppendRequest(200)) - 4eec4314-a089-48fe-8241-8a8066126e3f@group-C8C33BDD9912->30fc0d14-cbc7-4743-b48a-59ef39c48768-GrpcLogAppender: appendEntries Timeout, request=4eec4314-a089-48fe-8241-8a8066126e3f->30fc0d14-cbc7-4743-b48a-59ef39c48768#109-t2, previous=(t:2, i:19), leaderCommit=15, initializing? false, entries: <empty>
2019-09-16 19:12:10,505 [main] INFO  ozoneimpl.OzoneContainer (OzoneContainer.java:stop(231)) - Attempting to stop container services.
2019-09-16 19:12:10,506 [main] INFO  impl.RaftServerProxy (RaftServerProxy.java:lambda$close$4(314)) - e0619aa3-4ba4-49c8-ac60-3d80bbb74aab: close
2019-09-16 19:12:10,507 [main] INFO  impl.RaftServerImpl (RaftServerImpl.java:lambda$shutdown$3(251)) - e0619aa3-4ba4-49c8-ac60-3d80bbb74aab@group-58FBDF36B74E: shutdown
2019-09-16 19:12:10,507 [main] INFO  util.JmxRegister (JmxRegister.java:unregister(73)) - Successfully un-registered JMX Bean with object name Ratis:service=RaftServer,group=group-58FBDF36B74E,id=e0619aa3-4ba4-49c8-ac60-3d80bbb74aab
2019-09-16 19:12:10,508 [main] INFO  impl.RoleInfo (RoleInfo.java:shutdownLeaderState(104)) - e0619aa3-4ba4-49c8-ac60-3d80bbb74aab: shutdown LeaderState
2019-09-16 19:12:10,508 [main] INFO  impl.PendingRequests (PendingRequests.java:sendNotLeaderResponses(202)) - e0619aa3-4ba4-49c8-ac60-3d80bbb74aab-PendingRequests: sendNotLeaderResponses
2019-09-16 19:12:10,509 [main] INFO  impl.StateMachineUpdater (StateMachineUpdater.java:stopAndJoin(125)) - e0619aa3-4ba4-49c8-ac60-3d80bbb74aab@group-58FBDF36B74E-StateMachineUpdater: set stopIndex = 0
2019-09-16 19:12:10,509 [main] INFO  impl.RaftServerImpl (ServerState.java:close(385)) - e0619aa3-4ba4-49c8-ac60-3d80bbb74aab@group-58FBDF36B74E: closes. applyIndex: 0
2019-09-16 19:12:10,510 [e0619aa3-4ba4-49c8-ac60-3d80bbb74aab@group-58FBDF36B74E-SegmentedRaftLogWorker] INFO  segmented.SegmentedRaftLogWorker (SegmentedRaftLogWorker.java:run(313)) - e0619aa3-4ba4-49c8-ac60-3d80bbb74aab@group-58FBDF36B74E-SegmentedRaftLogWorker was interrupted, exiting. There are 0 tasks remaining in the queue.
2019-09-16 19:12:10,515 [main] INFO  segmented.SegmentedRaftLogWorker (SegmentedRaftLogWorker.java:close(228)) - e0619aa3-4ba4-49c8-ac60-3d80bbb74aab@group-58FBDF36B74E-SegmentedRaftLogWorker close()
2019-09-16 19:12:10,521 [main] INFO  impl.RaftServerImpl (RaftServerImpl.java:lambda$shutdown$3(251)) - e0619aa3-4ba4-49c8-ac60-3d80bbb74aab@group-B5EFBA83B44C: shutdown
2019-09-16 19:12:10,521 [main] INFO  util.JmxRegister (JmxRegister.java:unregister(73)) - Successfully un-registered JMX Bean with object name Ratis:service=RaftServer,group=group-B5EFBA83B44C,id=e0619aa3-4ba4-49c8-ac60-3d80bbb74aab
2019-09-16 19:12:10,521 [main] INFO  impl.RoleInfo (RoleInfo.java:shutdownFollowerState(121)) - e0619aa3-4ba4-49c8-ac60-3d80bbb74aab: shutdown FollowerState
2019-09-16 19:12:10,522 [main] INFO  impl.StateMachineUpdater (StateMachineUpdater.java:stopAndJoin(125)) - e0619aa3-4ba4-49c8-ac60-3d80bbb74aab@group-B5EFBA83B44C-StateMachineUpdater: set stopIndex = 45
2019-09-16 19:12:10,522 [e0619aa3-4ba4-49c8-ac60-3d80bbb74aab@group-B5EFBA83B44C-StateMachineUpdater] INFO  ratis.ContainerStateMachine (ContainerStateMachine.java:takeSnapshot(289)) - group-B5EFBA83B44C: Taking a snapshot at:(t:3, i:43) file /workdir/hadoop-ozone/integration-test/target/test-dir/MiniOzoneClusterImpl-3fc8568e-3664-4be6-9c60-644bdcd1012a/datanode-0/data/ratis/108ab3b2-2db4-495b-b8c8-b5efba83b44c/sm/snapshot.3_43
2019-09-16 19:12:10,522 [Thread-874] INFO  impl.FollowerState (FollowerState.java:run(115)) - e0619aa3-4ba4-49c8-ac60-3d80bbb74aab: FollowerState was interrupted: java.lang.InterruptedException: sleep interrupted
2019-09-16 19:12:10,528 [grpc-default-executor-5] WARN  server.GrpcLogAppender (LogUtils.java:warn(134)) - 930b1328-fc80-47b7-a4b1-f8330041d315@group-B5EFBA83B44C->4bce4e32-952c-4220-bcc9-22a10ce18ca8-AppendLogResponseHandler: Failed appendEntries: org.apache.ratis.thirdparty.io.grpc.StatusRuntimeException: UNAVAILABLE: io exception
2019-09-16 19:12:10,529 [e0619aa3-4ba4-49c8-ac60-3d80bbb74aab@group-B5EFBA83B44C-StateMachineUpdater] INFO  ratis.ContainerStateMachine (ContainerStateMachine.java:takeSnapshot(300)) - group-B5EFBA83B44C: Finished taking a snapshot at:(t:3, i:43) file:/workdir/hadoop-ozone/integration-test/target/test-dir/MiniOzoneClusterImpl-3fc8568e-3664-4be6-9c60-644bdcd1012a/datanode-0/data/ratis/108ab3b2-2db4-495b-b8c8-b5efba83b44c/sm/snapshot.3_43 time:7
2019-09-16 19:12:10,529 [e0619aa3-4ba4-49c8-ac60-3d80bbb74aab@group-B5EFBA83B44C-StateMachineUpdater] INFO  impl.StateMachineUpdater (StateMachineUpdater.java:takeSnapshot(258)) - e0619aa3-4ba4-49c8-ac60-3d80bbb74aab@group-B5EFBA83B44C-StateMachineUpdater: Took a snapshot at index 43
2019-09-16 19:12:10,529 [grpc-default-executor-5] INFO  impl.FollowerInfo (FollowerInfo.java:lambda$new$0(51)) - 930b1328-fc80-47b7-a4b1-f8330041d315@group-B5EFBA83B44C->4bce4e32-952c-4220-bcc9-22a10ce18ca8: nextIndex: updateUnconditionally 0 -> 0
2019-09-16 19:12:10,529 [e0619aa3-4ba4-49c8-ac60-3d80bbb74aab@group-B5EFBA83B44C-StateMachineUpdater] INFO  impl.StateMachineUpdater (StateMachineUpdater.java:lambda$new$0(83)) - e0619aa3-4ba4-49c8-ac60-3d80bbb74aab@group-B5EFBA83B44C-StateMachineUpdater: snapshotIndex: updateIncreasingly -1 -> 43
2019-09-16 19:12:10,529 [e0619aa3-4ba4-49c8-ac60-3d80bbb74aab@group-B5EFBA83B44C-StateMachineUpdater] INFO  ratis.ContainerStateMachine (ContainerStateMachine.java:takeSnapshot(289)) - group-B5EFBA83B44C: Taking a snapshot at:(t:3, i:43) file /workdir/hadoop-ozone/integration-test/target/test-dir/MiniOzoneClusterImpl-3fc8568e-3664-4be6-9c60-644bdcd1012a/datanode-0/data/ratis/108ab3b2-2db4-495b-b8c8-b5efba83b44c/sm/snapshot.3_43
2019-09-16 19:12:10,532 [e0619aa3-4ba4-49c8-ac60-3d80bbb74aab@group-B5EFBA83B44C-StateMachineUpdater] INFO  ratis.ContainerStateMachine (ContainerStateMachine.java:takeSnapshot(300)) - group-B5EFBA83B44C: Finished taking a snapshot at:(t:3, i:43) file:/workdir/hadoop-ozone/integration-test/target/test-dir/MiniOzoneClusterImpl-3fc8568e-3664-4be6-9c60-644bdcd1012a/datanode-0/data/ratis/108ab3b2-2db4-495b-b8c8-b5efba83b44c/sm/snapshot.3_43 time:2
2019-09-16 19:12:10,532 [e0619aa3-4ba4-49c8-ac60-3d80bbb74aab@group-B5EFBA83B44C-StateMachineUpdater] INFO  impl.StateMachineUpdater (StateMachineUpdater.java:takeSnapshot(258)) - e0619aa3-4ba4-49c8-ac60-3d80bbb74aab@group-B5EFBA83B44C-StateMachineUpdater: Took a snapshot at index 43
2019-09-16 19:12:10,532 [e0619aa3-4ba4-49c8-ac60-3d80bbb74aab@group-B5EFBA83B44C-StateMachineUpdater] INFO  impl.StateMachineUpdater (StateMachineUpdater.java:lambda$new$0(83)) - e0619aa3-4ba4-49c8-ac60-3d80bbb74aab@group-B5EFBA83B44C-StateMachineUpdater: snapshotIndex: updateIncreasingly 43 -> 43
2019-09-16 19:12:10,533 [main] INFO  impl.RaftServerImpl (ServerState.java:close(385)) - e0619aa3-4ba4-49c8-ac60-3d80bbb74aab@group-B5EFBA83B44C: closes. applyIndex: 45
2019-09-16 19:12:10,533 [e0619aa3-4ba4-49c8-ac60-3d80bbb74aab@group-B5EFBA83B44C-SegmentedRaftLogWorker] INFO  segmented.SegmentedRaftLogWorker (SegmentedRaftLogWorker.java:run(313)) - e0619aa3-4ba4-49c8-ac60-3d80bbb74aab@group-B5EFBA83B44C-SegmentedRaftLogWorker was interrupted, exiting. There are 0 tasks remaining in the queue.
2019-09-16 19:12:10,537 [main] INFO  segmented.SegmentedRaftLogWorker (SegmentedRaftLogWorker.java:close(228)) - e0619aa3-4ba4-49c8-ac60-3d80bbb74aab@group-B5EFBA83B44C-SegmentedRaftLogWorker close()
2019-09-16 19:12:10,542 [main] INFO  server.GrpcService (GrpcService.java:closeImpl(164)) - e0619aa3-4ba4-49c8-ac60-3d80bbb74aab: shutdown server with port 40045 now
2019-09-16 19:12:10,544 [main] INFO  server.GrpcService (GrpcService.java:closeImpl(172)) - e0619aa3-4ba4-49c8-ac60-3d80bbb74aab: shutdown server with port 40045 successfully
2019-09-16 19:12:10,544 [grpc-default-executor-5] WARN  server.GrpcLogAppender (LogUtils.java:warn(134)) - 930b1328-fc80-47b7-a4b1-f8330041d315@group-B5EFBA83B44C->e0619aa3-4ba4-49c8-ac60-3d80bbb74aab-AppendLogResponseHandler: Failed appendEntries: org.apache.ratis.thirdparty.io.grpc.StatusRuntimeException: CANCELLED: HTTP/2 error code: CANCEL
Received Rst Stream
2019-09-16 19:12:10,545 [grpc-default-executor-5] INFO  impl.FollowerInfo (FollowerInfo.java:lambda$new$0(51)) - 930b1328-fc80-47b7-a4b1-f8330041d315@group-B5EFBA83B44C->e0619aa3-4ba4-49c8-ac60-3d80bbb74aab: nextIndex: updateUnconditionally 46 -> 45
2019-09-16 19:12:10,546 [grpc-default-executor-6] WARN  server.GrpcServerProtocolService (LogUtils.java:warn(134)) - e0619aa3-4ba4-49c8-ac60-3d80bbb74aab: installSnapshot onError, lastRequest: 930b1328-fc80-47b7-a4b1-f8330041d315->e0619aa3-4ba4-49c8-ac60-3d80bbb74aab#65-t3, previous=(t:3, i:45), leaderCommit=45, initializing? false, entries: <empty>: org.apache.ratis.thirdparty.io.grpc.StatusRuntimeException: CANCELLED: cancelled before receiving half close
2019-09-16 19:12:10,556 [refreshUsed-/workdir/hadoop-ozone/integration-test/target/test-dir/MiniOzoneClusterImpl-3fc8568e-3664-4be6-9c60-644bdcd1012a/datanode-0/data/containers] WARN  fs.CachingGetSpaceUsed (CachingGetSpaceUsed.java:run(183)) - Thread Interrupted waiting to refresh disk information: sleep interrupted
2019-09-16 19:12:10,575 [main] INFO  utils.BackgroundService (BackgroundService.java:shutdown(148)) - Shutting down service BlockDeletingService
2019-09-16 19:12:10,582 [main] INFO  statemachine.DatanodeStateMachine (DatanodeStateMachine.java:stopDaemon(395)) - Ozone container server stopped.
2019-09-16 19:12:10,584 [main] INFO  handler.ContextHandler (ContextHandler.java:doStop(910)) - Stopped o.e.j.w.WebAppContext@7a0e7ecd{/,null,UNAVAILABLE}{/hddsDatanode}
2019-09-16 19:12:10,585 [main] INFO  server.AbstractConnector (AbstractConnector.java:doStop(318)) - Stopped ServerConnector@54e3658c{HTTP/1.1,[http/1.1]}{0.0.0.0:0}
2019-09-16 19:12:10,585 [main] INFO  handler.ContextHandler (ContextHandler.java:doStop(910)) - Stopped o.e.j.s.ServletContextHandler@6069dd38{/static,jar:file:/home/user/.m2/repository/org/apache/hadoop/hadoop-hdds-container-service/0.5.0-SNAPSHOT/hadoop-hdds-container-service-0.5.0-SNAPSHOT.jar!/webapps/static,UNAVAILABLE}
2019-09-16 19:12:10,585 [main] INFO  handler.ContextHandler (ContextHandler.java:doStop(910)) - Stopped o.e.j.s.ServletContextHandler@46c269e0{/logs,file:///workdir/hadoop-ozone/integration-test/target/log,UNAVAILABLE}
2019-09-16 19:12:10,613 [grpc-default-executor-4] WARN  server.GrpcLogAppender (LogUtils.java:warn(134)) - 930b1328-fc80-47b7-a4b1-f8330041d315@group-B5EFBA83B44C->4bce4e32-952c-4220-bcc9-22a10ce18ca8-AppendLogResponseHandler: Failed appendEntries: org.apache.ratis.thirdparty.io.grpc.StatusRuntimeException: UNAVAILABLE: io exception
2019-09-16 19:12:10,613 [grpc-default-executor-4] INFO  impl.FollowerInfo (FollowerInfo.java:lambda$new$0(51)) - 930b1328-fc80-47b7-a4b1-f8330041d315@group-B5EFBA83B44C->4bce4e32-952c-4220-bcc9-22a10ce18ca8: nextIndex: updateUnconditionally 1 -> 0
2019-09-16 19:12:10,613 [grpc-default-executor-4] WARN  server.GrpcLogAppender (LogUtils.java:warn(134)) - 930b1328-fc80-47b7-a4b1-f8330041d315@group-B5EFBA83B44C->e0619aa3-4ba4-49c8-ac60-3d80bbb74aab-AppendLogResponseHandler: Failed appendEntries: org.apache.ratis.thirdparty.io.grpc.StatusRuntimeException: UNAVAILABLE: io exception
2019-09-16 19:12:10,614 [grpc-default-executor-4] INFO  impl.FollowerInfo (FollowerInfo.java:lambda$new$0(51)) - 930b1328-fc80-47b7-a4b1-f8330041d315@group-B5EFBA83B44C->e0619aa3-4ba4-49c8-ac60-3d80bbb74aab: nextIndex: updateUnconditionally 46 -> 45
2019-09-16 19:12:10,755 [Thread-1168] INFO  client.GrpcClientProtocolService (GrpcClientProtocolService.java:lambda$processClientRequest$0(278)) - Failed RaftClientRequest:client-D235B4D2FAB8->930b1328-fc80-47b7-a4b1-f8330041d315@group-B5EFBA83B44C, cid=58, seq=0, Watch-ALL_COMMITTED(36), Message:<EMPTY>, reply=RaftClientReply:client-D235B4D2FAB8->930b1328-fc80-47b7-a4b1-f8330041d315@group-B5EFBA83B44C, cid=58, FAILED org.apache.ratis.protocol.NotReplicatedException: Request with call Id 58 and log index 36 is not yet replicated to ALL_COMMITTED, logIndex=36, commits[930b1328-fc80-47b7-a4b1-f8330041d315:c45, 4bce4e32-952c-4220-bcc9-22a10ce18ca8:c23, e0619aa3-4ba4-49c8-ac60-3d80bbb74aab:c45]
2019-09-16 19:12:10,755 [Thread-1169] INFO  client.GrpcClientProtocolService (GrpcClientProtocolService.java:lambda$processClientRequest$0(278)) - Failed RaftClientRequest:client-76909DE03A78->930b1328-fc80-47b7-a4b1-f8330041d315@group-B5EFBA83B44C, cid=52, seq=0, Watch-ALL_COMMITTED(31), Message:<EMPTY>, reply=RaftClientReply:client-76909DE03A78->930b1328-fc80-47b7-a4b1-f8330041d315@group-B5EFBA83B44C, cid=52, FAILED org.apache.ratis.protocol.NotReplicatedException: Request with call Id 52 and log index 31 is not yet replicated to ALL_COMMITTED, logIndex=31, commits[930b1328-fc80-47b7-a4b1-f8330041d315:c45, 4bce4e32-952c-4220-bcc9-22a10ce18ca8:c23, e0619aa3-4ba4-49c8-ac60-3d80bbb74aab:c45]
2019-09-16 19:12:10,756 [Thread-1170] INFO  client.GrpcClientProtocolService (GrpcClientProtocolService.java:lambda$processClientRequest$0(278)) - Failed RaftClientRequest:client-76909DE03A78->930b1328-fc80-47b7-a4b1-f8330041d315@group-B5EFBA83B44C, cid=50, seq=0, Watch-ALL_COMMITTED(28), Message:<EMPTY>, reply=RaftClientReply:client-76909DE03A78->930b1328-fc80-47b7-a4b1-f8330041d315@group-B5EFBA83B44C, cid=50, FAILED org.apache.ratis.protocol.NotReplicatedException: Request with call Id 50 and log index 28 is not yet replicated to ALL_COMMITTED, logIndex=28, commits[930b1328-fc80-47b7-a4b1-f8330041d315:c45, 4bce4e32-952c-4220-bcc9-22a10ce18ca8:c23, e0619aa3-4ba4-49c8-ac60-3d80bbb74aab:c45]
2019-09-16 19:12:10,761 [grpc-default-executor-2] INFO  client.GrpcClientProtocolClient (GrpcClientProtocolClient.java:onNext(264)) - client-D235B4D2FAB8->930b1328-fc80-47b7-a4b1-f8330041d315: receive RaftClientReply:client-D235B4D2FAB8->930b1328-fc80-47b7-a4b1-f8330041d315@group-B5EFBA83B44C, cid=58, FAILED org.apache.ratis.protocol.NotReplicatedException: Request with call Id 58 and log index 36 is not yet replicated to ALL_COMMITTED, logIndex=36, commits[930b1328-fc80-47b7-a4b1-f8330041d315:c45, 4bce4e32-952c-4220-bcc9-22a10ce18ca8:c23, e0619aa3-4ba4-49c8-ac60-3d80bbb74aab:c45]
2019-09-16 19:12:10,764 [grpc-default-executor-4] INFO  client.GrpcClientProtocolClient (GrpcClientProtocolClient.java:onNext(264)) - client-76909DE03A78->930b1328-fc80-47b7-a4b1-f8330041d315: receive RaftClientReply:client-76909DE03A78->930b1328-fc80-47b7-a4b1-f8330041d315@group-B5EFBA83B44C, cid=52, FAILED org.apache.ratis.protocol.NotReplicatedException: Request with call Id 52 and log index 31 is not yet replicated to ALL_COMMITTED, logIndex=31, commits[930b1328-fc80-47b7-a4b1-f8330041d315:c45, 4bce4e32-952c-4220-bcc9-22a10ce18ca8:c23, e0619aa3-4ba4-49c8-ac60-3d80bbb74aab:c45]
2019-09-16 19:12:10,768 [grpc-default-executor-4] INFO  client.GrpcClientProtocolClient (GrpcClientProtocolClient.java:onNext(264)) - client-76909DE03A78->930b1328-fc80-47b7-a4b1-f8330041d315: receive RaftClientReply:client-76909DE03A78->930b1328-fc80-47b7-a4b1-f8330041d315@group-B5EFBA83B44C, cid=50, FAILED org.apache.ratis.protocol.NotReplicatedException: Request with call Id 50 and log index 28 is not yet replicated to ALL_COMMITTED, logIndex=28, commits[930b1328-fc80-47b7-a4b1-f8330041d315:c45, 4bce4e32-952c-4220-bcc9-22a10ce18ca8:c23, e0619aa3-4ba4-49c8-ac60-3d80bbb74aab:c45]
2019-09-16 19:12:10,926 [java.util.concurrent.ThreadPoolExecutor$Worker@270df07d[State = -1, empty queue]] WARN  server.GrpcLogAppender (GrpcLogAppender.java:timeoutAppendRequest(200)) - 4eec4314-a089-48fe-8241-8a8066126e3f@group-C8C33BDD9912->30fc0d14-cbc7-4743-b48a-59ef39c48768-GrpcLogAppender: appendEntries Timeout, request=4eec4314-a089-48fe-8241-8a8066126e3f->30fc0d14-cbc7-4743-b48a-59ef39c48768#110-t2, previous=(t:2, i:19), leaderCommit=15, initializing? false, entries: <empty>
2019-09-16 19:12:10,926 [java.util.concurrent.ThreadPoolExecutor$Worker@4d174f1d[State = -1, empty queue]] WARN  server.GrpcLogAppender (GrpcLogAppender.java:timeoutAppendRequest(200)) - 4eec4314-a089-48fe-8241-8a8066126e3f@group-C8C33BDD9912->52078b41-1f38-4037-a826-db5ef9cf1b82-GrpcLogAppender: appendEntries Timeout, request=4eec4314-a089-48fe-8241-8a8066126e3f->52078b41-1f38-4037-a826-db5ef9cf1b82#110-t2, previous=(t:2, i:19), leaderCommit=15, initializing? false, entries: <empty>
2019-09-16 19:12:11,114 [grpc-default-executor-6] WARN  server.GrpcLogAppender (LogUtils.java:warn(134)) - 930b1328-fc80-47b7-a4b1-f8330041d315@group-B5EFBA83B44C->e0619aa3-4ba4-49c8-ac60-3d80bbb74aab-AppendLogResponseHandler: Failed appendEntries: org.apache.ratis.thirdparty.io.grpc.StatusRuntimeException: UNAVAILABLE: io exception
2019-09-16 19:12:11,114 [grpc-default-executor-0] WARN  server.GrpcLogAppender (LogUtils.java:warn(134)) - 930b1328-fc80-47b7-a4b1-f8330041d315@group-B5EFBA83B44C->4bce4e32-952c-4220-bcc9-22a10ce18ca8-AppendLogResponseHandler: Failed appendEntries: org.apache.ratis.thirdparty.io.grpc.StatusRuntimeException: UNAVAILABLE: io exception
2019-09-16 19:12:11,114 [grpc-default-executor-6] INFO  impl.FollowerInfo (FollowerInfo.java:lambda$new$0(51)) - 930b1328-fc80-47b7-a4b1-f8330041d315@group-B5EFBA83B44C->e0619aa3-4ba4-49c8-ac60-3d80bbb74aab: nextIndex: updateUnconditionally 45 -> 44
2019-09-16 19:12:11,114 [grpc-default-executor-0] INFO  impl.FollowerInfo (FollowerInfo.java:lambda$new$0(51)) - 930b1328-fc80-47b7-a4b1-f8330041d315@group-B5EFBA83B44C->4bce4e32-952c-4220-bcc9-22a10ce18ca8: nextIndex: updateUnconditionally 0 -> 0
2019-09-16 19:12:11,426 [java.util.concurrent.ThreadPoolExecutor$Worker@270df07d[State = -1, empty queue]] WARN  server.GrpcLogAppender (GrpcLogAppender.java:timeoutAppendRequest(200)) - 4eec4314-a089-48fe-8241-8a8066126e3f@group-C8C33BDD9912->30fc0d14-cbc7-4743-b48a-59ef39c48768-GrpcLogAppender: appendEntries Timeout, request=4eec4314-a089-48fe-8241-8a8066126e3f->30fc0d14-cbc7-4743-b48a-59ef39c48768#111-t2, previous=(t:2, i:19), leaderCommit=15, initializing? false, entries: <empty>
2019-09-16 19:12:11,426 [java.util.concurrent.ThreadPoolExecutor$Worker@4d174f1d[State = -1, empty queue]] WARN  server.GrpcLogAppender (GrpcLogAppender.java:timeoutAppendRequest(200)) - 4eec4314-a089-48fe-8241-8a8066126e3f@group-C8C33BDD9912->52078b41-1f38-4037-a826-db5ef9cf1b82-GrpcLogAppender: appendEntries Timeout, request=4eec4314-a089-48fe-8241-8a8066126e3f->52078b41-1f38-4037-a826-db5ef9cf1b82#111-t2, previous=(t:2, i:19), leaderCommit=15, initializing? false, entries: <empty>
2019-09-16 19:12:11,614 [grpc-default-executor-1] WARN  server.GrpcLogAppender (LogUtils.java:warn(134)) - 930b1328-fc80-47b7-a4b1-f8330041d315@group-B5EFBA83B44C->4bce4e32-952c-4220-bcc9-22a10ce18ca8-AppendLogResponseHandler: Failed appendEntries: org.apache.ratis.thirdparty.io.grpc.StatusRuntimeException: UNAVAILABLE: io exception
2019-09-16 19:12:11,615 [grpc-default-executor-5] WARN  server.GrpcLogAppender (LogUtils.java:warn(134)) - 930b1328-fc80-47b7-a4b1-f8330041d315@group-B5EFBA83B44C->e0619aa3-4ba4-49c8-ac60-3d80bbb74aab-AppendLogResponseHandler: Failed appendEntries: org.apache.ratis.thirdparty.io.grpc.StatusRuntimeException: UNAVAILABLE: io exception
2019-09-16 19:12:11,615 [grpc-default-executor-1] INFO  impl.FollowerInfo (FollowerInfo.java:lambda$new$0(51)) - 930b1328-fc80-47b7-a4b1-f8330041d315@group-B5EFBA83B44C->4bce4e32-952c-4220-bcc9-22a10ce18ca8: nextIndex: updateUnconditionally 0 -> 0
2019-09-16 19:12:11,615 [grpc-default-executor-5] INFO  impl.FollowerInfo (FollowerInfo.java:lambda$new$0(51)) - 930b1328-fc80-47b7-a4b1-f8330041d315@group-B5EFBA83B44C->e0619aa3-4ba4-49c8-ac60-3d80bbb74aab: nextIndex: updateUnconditionally 44 -> 43
2019-09-16 19:12:11,936 [java.util.concurrent.ThreadPoolExecutor$Worker@270df07d[State = -1, empty queue]] WARN  server.GrpcLogAppender (GrpcLogAppender.java:timeoutAppendRequest(200)) - 4eec4314-a089-48fe-8241-8a8066126e3f@group-C8C33BDD9912->30fc0d14-cbc7-4743-b48a-59ef39c48768-GrpcLogAppender: appendEntries Timeout, request=4eec4314-a089-48fe-8241-8a8066126e3f->30fc0d14-cbc7-4743-b48a-59ef39c48768#112-t2, previous=(t:2, i:19), leaderCommit=15, initializing? false, entries: <empty>
2019-09-16 19:12:11,936 [java.util.concurrent.ThreadPoolExecutor$Worker@4d174f1d[State = -1, empty queue]] WARN  server.GrpcLogAppender (GrpcLogAppender.java:timeoutAppendRequest(200)) - 4eec4314-a089-48fe-8241-8a8066126e3f@group-C8C33BDD9912->52078b41-1f38-4037-a826-db5ef9cf1b82-GrpcLogAppender: appendEntries Timeout, request=4eec4314-a089-48fe-8241-8a8066126e3f->52078b41-1f38-4037-a826-db5ef9cf1b82#112-t2, previous=(t:2, i:19), leaderCommit=15, initializing? false, entries: <empty>
2019-09-16 19:12:12,115 [grpc-default-executor-6] WARN  server.GrpcLogAppender (LogUtils.java:warn(134)) - 930b1328-fc80-47b7-a4b1-f8330041d315@group-B5EFBA83B44C->e0619aa3-4ba4-49c8-ac60-3d80bbb74aab-AppendLogResponseHandler: Failed appendEntries: org.apache.ratis.thirdparty.io.grpc.StatusRuntimeException: UNAVAILABLE: io exception
2019-09-16 19:12:12,115 [grpc-default-executor-2] WARN  server.GrpcLogAppender (LogUtils.java:warn(134)) - 930b1328-fc80-47b7-a4b1-f8330041d315@group-B5EFBA83B44C->4bce4e32-952c-4220-bcc9-22a10ce18ca8-AppendLogResponseHandler: Failed appendEntries: org.apache.ratis.thirdparty.io.grpc.StatusRuntimeException: UNAVAILABLE: io exception
2019-09-16 19:12:12,116 [grpc-default-executor-6] INFO  impl.FollowerInfo (FollowerInfo.java:lambda$new$0(51)) - 930b1328-fc80-47b7-a4b1-f8330041d315@group-B5EFBA83B44C->e0619aa3-4ba4-49c8-ac60-3d80bbb74aab: nextIndex: updateUnconditionally 43 -> 42
2019-09-16 19:12:12,116 [grpc-default-executor-2] INFO  impl.FollowerInfo (FollowerInfo.java:lambda$new$0(51)) - 930b1328-fc80-47b7-a4b1-f8330041d315@group-B5EFBA83B44C->4bce4e32-952c-4220-bcc9-22a10ce18ca8: nextIndex: updateUnconditionally 0 -> 0
2019-09-16 19:12:12,437 [java.util.concurrent.ThreadPoolExecutor$Worker@270df07d[State = -1, empty queue]] WARN  server.GrpcLogAppender (GrpcLogAppender.java:timeoutAppendRequest(200)) - 4eec4314-a089-48fe-8241-8a8066126e3f@group-C8C33BDD9912->30fc0d14-cbc7-4743-b48a-59ef39c48768-GrpcLogAppender: appendEntries Timeout, request=4eec4314-a089-48fe-8241-8a8066126e3f->30fc0d14-cbc7-4743-b48a-59ef39c48768#113-t2, previous=(t:2, i:19), leaderCommit=15, initializing? false, entries: <empty>
2019-09-16 19:12:12,437 [java.util.concurrent.ThreadPoolExecutor$Worker@4d174f1d[State = -1, empty queue]] WARN  server.GrpcLogAppender (GrpcLogAppender.java:timeoutAppendRequest(200)) - 4eec4314-a089-48fe-8241-8a8066126e3f@group-C8C33BDD9912->52078b41-1f38-4037-a826-db5ef9cf1b82-GrpcLogAppender: appendEntries Timeout, request=4eec4314-a089-48fe-8241-8a8066126e3f->52078b41-1f38-4037-a826-db5ef9cf1b82#113-t2, previous=(t:2, i:19), leaderCommit=15, initializing? false, entries: <empty>
2019-09-16 19:12:12,616 [grpc-default-executor-0] WARN  server.GrpcLogAppender (LogUtils.java:warn(134)) - 930b1328-fc80-47b7-a4b1-f8330041d315@group-B5EFBA83B44C->e0619aa3-4ba4-49c8-ac60-3d80bbb74aab-AppendLogResponseHandler: Failed appendEntries: org.apache.ratis.thirdparty.io.grpc.StatusRuntimeException: UNAVAILABLE: io exception
2019-09-16 19:12:12,617 [grpc-default-executor-1] WARN  server.GrpcLogAppender (LogUtils.java:warn(134)) - 930b1328-fc80-47b7-a4b1-f8330041d315@group-B5EFBA83B44C->4bce4e32-952c-4220-bcc9-22a10ce18ca8-AppendLogResponseHandler: Failed appendEntries: org.apache.ratis.thirdparty.io.grpc.StatusRuntimeException: UNAVAILABLE: io exception
2019-09-16 19:12:12,617 [grpc-default-executor-0] INFO  impl.FollowerInfo (FollowerInfo.java:lambda$new$0(51)) - 930b1328-fc80-47b7-a4b1-f8330041d315@group-B5EFBA83B44C->e0619aa3-4ba4-49c8-ac60-3d80bbb74aab: nextIndex: updateUnconditionally 42 -> 41
2019-09-16 19:12:12,617 [grpc-default-executor-1] INFO  impl.FollowerInfo (FollowerInfo.java:lambda$new$0(51)) - 930b1328-fc80-47b7-a4b1-f8330041d315@group-B5EFBA83B44C->4bce4e32-952c-4220-bcc9-22a10ce18ca8: nextIndex: updateUnconditionally 0 -> 0
2019-09-16 19:12:12,946 [java.util.concurrent.ThreadPoolExecutor$Worker@4d174f1d[State = -1, empty queue]] WARN  server.GrpcLogAppender (GrpcLogAppender.java:timeoutAppendRequest(200)) - 4eec4314-a089-48fe-8241-8a8066126e3f@group-C8C33BDD9912->52078b41-1f38-4037-a826-db5ef9cf1b82-GrpcLogAppender: appendEntries Timeout, request=4eec4314-a089-48fe-8241-8a8066126e3f->52078b41-1f38-4037-a826-db5ef9cf1b82#114-t2, previous=(t:2, i:19), leaderCommit=15, initializing? false, entries: <empty>
2019-09-16 19:12:12,946 [java.util.concurrent.ThreadPoolExecutor$Worker@270df07d[State = -1, empty queue]] WARN  server.GrpcLogAppender (GrpcLogAppender.java:timeoutAppendRequest(200)) - 4eec4314-a089-48fe-8241-8a8066126e3f@group-C8C33BDD9912->30fc0d14-cbc7-4743-b48a-59ef39c48768-GrpcLogAppender: appendEntries Timeout, request=4eec4314-a089-48fe-8241-8a8066126e3f->30fc0d14-cbc7-4743-b48a-59ef39c48768#114-t2, previous=(t:2, i:19), leaderCommit=15, initializing? false, entries: <empty>
2019-09-16 19:12:13,117 [grpc-default-executor-2] WARN  server.GrpcLogAppender (LogUtils.java:warn(134)) - 930b1328-fc80-47b7-a4b1-f8330041d315@group-B5EFBA83B44C->4bce4e32-952c-4220-bcc9-22a10ce18ca8-AppendLogResponseHandler: Failed appendEntries: org.apache.ratis.thirdparty.io.grpc.StatusRuntimeException: UNAVAILABLE: io exception
2019-09-16 19:12:13,117 [grpc-default-executor-0] WARN  server.GrpcLogAppender (LogUtils.java:warn(134)) - 930b1328-fc80-47b7-a4b1-f8330041d315@group-B5EFBA83B44C->e0619aa3-4ba4-49c8-ac60-3d80bbb74aab-AppendLogResponseHandler: Failed appendEntries: org.apache.ratis.thirdparty.io.grpc.StatusRuntimeException: UNAVAILABLE: io exception
2019-09-16 19:12:13,118 [grpc-default-executor-2] INFO  impl.FollowerInfo (FollowerInfo.java:lambda$new$0(51)) - 930b1328-fc80-47b7-a4b1-f8330041d315@group-B5EFBA83B44C->4bce4e32-952c-4220-bcc9-22a10ce18ca8: nextIndex: updateUnconditionally 0 -> 0
2019-09-16 19:12:13,118 [grpc-default-executor-0] INFO  impl.FollowerInfo (FollowerInfo.java:lambda$new$0(51)) - 930b1328-fc80-47b7-a4b1-f8330041d315@group-B5EFBA83B44C->e0619aa3-4ba4-49c8-ac60-3d80bbb74aab: nextIndex: updateUnconditionally 41 -> 40
2019-09-16 19:12:13,396 [4eec4314-a089-48fe-8241-8a8066126e3f@group-C8C33BDD9912-SegmentedRaftLogWorker] WARN  segmented.SegmentedRaftLogWorker (SegmentedRaftLogWorker.java:getFromFuture(90)) - Timeout 4/~
org.apache.ratis.protocol.TimeoutIOException: Timeout 10s: WriteLog:18: (t:2, i:18), STATEMACHINELOGENTRY, client-C26E20CEB926, cid=40-writeStateMachineData
	at org.apache.ratis.util.IOUtils.getFromFuture(IOUtils.java:87)
	at org.apache.ratis.server.raftlog.segmented.SegmentedRaftLogWorker$StateMachineDataPolicy.getFromFuture(SegmentedRaftLogWorker.java:87)
	at org.apache.ratis.server.raftlog.segmented.SegmentedRaftLogWorker$WriteLog.execute(SegmentedRaftLogWorker.java:477)
	at org.apache.ratis.server.raftlog.segmented.SegmentedRaftLogWorker.run(SegmentedRaftLogWorker.java:289)
	at java.lang.Thread.run(Thread.java:748)
Caused by: java.util.concurrent.TimeoutException
	at java.util.concurrent.CompletableFuture.timedGet(CompletableFuture.java:1771)
	at java.util.concurrent.CompletableFuture.get(CompletableFuture.java:1915)
	at org.apache.ratis.util.IOUtils.getFromFuture(IOUtils.java:79)
	... 4 more
2019-09-16 19:12:13,397 [52078b41-1f38-4037-a826-db5ef9cf1b82@group-C8C33BDD9912-SegmentedRaftLogWorker] WARN  segmented.SegmentedRaftLogWorker (SegmentedRaftLogWorker.java:getFromFuture(90)) - Timeout 4/~
org.apache.ratis.protocol.TimeoutIOException: Timeout 10s: WriteLog:18: (t:2, i:18), STATEMACHINELOGENTRY, client-C26E20CEB926, cid=40-writeStateMachineData
	at org.apache.ratis.util.IOUtils.getFromFuture(IOUtils.java:87)
	at org.apache.ratis.server.raftlog.segmented.SegmentedRaftLogWorker$StateMachineDataPolicy.getFromFuture(SegmentedRaftLogWorker.java:87)
	at org.apache.ratis.server.raftlog.segmented.SegmentedRaftLogWorker$WriteLog.execute(SegmentedRaftLogWorker.java:477)
	at org.apache.ratis.server.raftlog.segmented.SegmentedRaftLogWorker.run(SegmentedRaftLogWorker.java:289)
	at java.lang.Thread.run(Thread.java:748)
Caused by: java.util.concurrent.TimeoutException
	at java.util.concurrent.CompletableFuture.timedGet(CompletableFuture.java:1771)
	at java.util.concurrent.CompletableFuture.get(CompletableFuture.java:1915)
	at org.apache.ratis.util.IOUtils.getFromFuture(IOUtils.java:79)
	... 4 more
2019-09-16 19:12:13,407 [30fc0d14-cbc7-4743-b48a-59ef39c48768@group-C8C33BDD9912-SegmentedRaftLogWorker] WARN  segmented.SegmentedRaftLogWorker (SegmentedRaftLogWorker.java:getFromFuture(90)) - Timeout 4/~
org.apache.ratis.protocol.TimeoutIOException: Timeout 10s: WriteLog:18: (t:2, i:18), STATEMACHINELOGENTRY, client-C26E20CEB926, cid=40-writeStateMachineData
	at org.apache.ratis.util.IOUtils.getFromFuture(IOUtils.java:87)
	at org.apache.ratis.server.raftlog.segmented.SegmentedRaftLogWorker$StateMachineDataPolicy.getFromFuture(SegmentedRaftLogWorker.java:87)
	at org.apache.ratis.server.raftlog.segmented.SegmentedRaftLogWorker$WriteLog.execute(SegmentedRaftLogWorker.java:477)
	at org.apache.ratis.server.raftlog.segmented.SegmentedRaftLogWorker.run(SegmentedRaftLogWorker.java:289)
	at java.lang.Thread.run(Thread.java:748)
Caused by: java.util.concurrent.TimeoutException
	at java.util.concurrent.CompletableFuture.timedGet(CompletableFuture.java:1771)
	at java.util.concurrent.CompletableFuture.get(CompletableFuture.java:1915)
	at org.apache.ratis.util.IOUtils.getFromFuture(IOUtils.java:79)
	... 4 more
2019-09-16 19:12:13,447 [java.util.concurrent.ThreadPoolExecutor$Worker@4d174f1d[State = -1, empty queue]] WARN  server.GrpcLogAppender (GrpcLogAppender.java:timeoutAppendRequest(200)) - 4eec4314-a089-48fe-8241-8a8066126e3f@group-C8C33BDD9912->52078b41-1f38-4037-a826-db5ef9cf1b82-GrpcLogAppender: appendEntries Timeout, request=4eec4314-a089-48fe-8241-8a8066126e3f->52078b41-1f38-4037-a826-db5ef9cf1b82#115-t2, previous=(t:2, i:19), leaderCommit=15, initializing? false, entries: <empty>
2019-09-16 19:12:13,447 [java.util.concurrent.ThreadPoolExecutor$Worker@270df07d[State = -1, empty queue]] WARN  server.GrpcLogAppender (GrpcLogAppender.java:timeoutAppendRequest(200)) - 4eec4314-a089-48fe-8241-8a8066126e3f@group-C8C33BDD9912->30fc0d14-cbc7-4743-b48a-59ef39c48768-GrpcLogAppender: appendEntries Timeout, request=4eec4314-a089-48fe-8241-8a8066126e3f->30fc0d14-cbc7-4743-b48a-59ef39c48768#115-t2, previous=(t:2, i:19), leaderCommit=15, initializing? false, entries: <empty>
2019-09-16 19:12:13,618 [grpc-default-executor-2] WARN  server.GrpcLogAppender (LogUtils.java:warn(134)) - 930b1328-fc80-47b7-a4b1-f8330041d315@group-B5EFBA83B44C->e0619aa3-4ba4-49c8-ac60-3d80bbb74aab-AppendLogResponseHandler: Failed appendEntries: org.apache.ratis.thirdparty.io.grpc.StatusRuntimeException: UNAVAILABLE: io exception
2019-09-16 19:12:13,619 [grpc-default-executor-1] WARN  server.GrpcLogAppender (LogUtils.java:warn(134)) - 930b1328-fc80-47b7-a4b1-f8330041d315@group-B5EFBA83B44C->4bce4e32-952c-4220-bcc9-22a10ce18ca8-AppendLogResponseHandler: Failed appendEntries: org.apache.ratis.thirdparty.io.grpc.StatusRuntimeException: UNAVAILABLE: io exception
2019-09-16 19:12:13,619 [grpc-default-executor-2] INFO  impl.FollowerInfo (FollowerInfo.java:lambda$new$0(51)) - 930b1328-fc80-47b7-a4b1-f8330041d315@group-B5EFBA83B44C->e0619aa3-4ba4-49c8-ac60-3d80bbb74aab: nextIndex: updateUnconditionally 40 -> 39
2019-09-16 19:12:13,619 [grpc-default-executor-1] INFO  impl.FollowerInfo (FollowerInfo.java:lambda$new$0(51)) - 930b1328-fc80-47b7-a4b1-f8330041d315@group-B5EFBA83B44C->4bce4e32-952c-4220-bcc9-22a10ce18ca8: nextIndex: updateUnconditionally 0 -> 0
2019-09-16 19:12:13,947 [java.util.concurrent.ThreadPoolExecutor$Worker@270df07d[State = -1, empty queue]] WARN  server.GrpcLogAppender (GrpcLogAppender.java:timeoutAppendRequest(200)) - 4eec4314-a089-48fe-8241-8a8066126e3f@group-C8C33BDD9912->30fc0d14-cbc7-4743-b48a-59ef39c48768-GrpcLogAppender: appendEntries Timeout, request=4eec4314-a089-48fe-8241-8a8066126e3f->30fc0d14-cbc7-4743-b48a-59ef39c48768#116-t2, previous=(t:2, i:19), leaderCommit=15, initializing? false, entries: <empty>
2019-09-16 19:12:13,947 [java.util.concurrent.ThreadPoolExecutor$Worker@4d174f1d[State = -1, empty queue]] WARN  server.GrpcLogAppender (GrpcLogAppender.java:timeoutAppendRequest(200)) - 4eec4314-a089-48fe-8241-8a8066126e3f@group-C8C33BDD9912->52078b41-1f38-4037-a826-db5ef9cf1b82-GrpcLogAppender: appendEntries Timeout, request=4eec4314-a089-48fe-8241-8a8066126e3f->52078b41-1f38-4037-a826-db5ef9cf1b82#116-t2, previous=(t:2, i:19), leaderCommit=15, initializing? false, entries: <empty>
2019-09-16 19:12:14,119 [grpc-default-executor-1] WARN  server.GrpcLogAppender (LogUtils.java:warn(134)) - 930b1328-fc80-47b7-a4b1-f8330041d315@group-B5EFBA83B44C->4bce4e32-952c-4220-bcc9-22a10ce18ca8-AppendLogResponseHandler: Failed appendEntries: org.apache.ratis.thirdparty.io.grpc.StatusRuntimeException: UNAVAILABLE: io exception
2019-09-16 19:12:14,119 [grpc-default-executor-5] WARN  server.GrpcLogAppender (LogUtils.java:warn(134)) - 930b1328-fc80-47b7-a4b1-f8330041d315@group-B5EFBA83B44C->e0619aa3-4ba4-49c8-ac60-3d80bbb74aab-AppendLogResponseHandler: Failed appendEntries: org.apache.ratis.thirdparty.io.grpc.StatusRuntimeException: UNAVAILABLE: io exception
2019-09-16 19:12:14,120 [grpc-default-executor-1] INFO  impl.FollowerInfo (FollowerInfo.java:lambda$new$0(51)) - 930b1328-fc80-47b7-a4b1-f8330041d315@group-B5EFBA83B44C->4bce4e32-952c-4220-bcc9-22a10ce18ca8: nextIndex: updateUnconditionally 0 -> 0
2019-09-16 19:12:14,120 [grpc-default-executor-5] INFO  impl.FollowerInfo (FollowerInfo.java:lambda$new$0(51)) - 930b1328-fc80-47b7-a4b1-f8330041d315@group-B5EFBA83B44C->e0619aa3-4ba4-49c8-ac60-3d80bbb74aab: nextIndex: updateUnconditionally 39 -> 38
2019-09-16 19:12:14,447 [java.util.concurrent.ThreadPoolExecutor$Worker@270df07d[State = -1, empty queue]] WARN  server.GrpcLogAppender (GrpcLogAppender.java:timeoutAppendRequest(200)) - 4eec4314-a089-48fe-8241-8a8066126e3f@group-C8C33BDD9912->30fc0d14-cbc7-4743-b48a-59ef39c48768-GrpcLogAppender: appendEntries Timeout, request=4eec4314-a089-48fe-8241-8a8066126e3f->30fc0d14-cbc7-4743-b48a-59ef39c48768#117-t2, previous=(t:2, i:19), leaderCommit=15, initializing? false, entries: <empty>
2019-09-16 19:12:14,447 [java.util.concurrent.ThreadPoolExecutor$Worker@4d174f1d[State = -1, empty queue]] WARN  server.GrpcLogAppender (GrpcLogAppender.java:timeoutAppendRequest(200)) - 4eec4314-a089-48fe-8241-8a8066126e3f@group-C8C33BDD9912->52078b41-1f38-4037-a826-db5ef9cf1b82-GrpcLogAppender: appendEntries Timeout, request=4eec4314-a089-48fe-8241-8a8066126e3f->52078b41-1f38-4037-a826-db5ef9cf1b82#117-t2, previous=(t:2, i:19), leaderCommit=15, initializing? false, entries: <empty>
2019-09-16 19:12:14,620 [grpc-default-executor-0] WARN  server.GrpcLogAppender (LogUtils.java:warn(134)) - 930b1328-fc80-47b7-a4b1-f8330041d315@group-B5EFBA83B44C->4bce4e32-952c-4220-bcc9-22a10ce18ca8-AppendLogResponseHandler: Failed appendEntries: org.apache.ratis.thirdparty.io.grpc.StatusRuntimeException: UNAVAILABLE: io exception
2019-09-16 19:12:14,620 [grpc-default-executor-2] WARN  server.GrpcLogAppender (LogUtils.java:warn(134)) - 930b1328-fc80-47b7-a4b1-f8330041d315@group-B5EFBA83B44C->e0619aa3-4ba4-49c8-ac60-3d80bbb74aab-AppendLogResponseHandler: Failed appendEntries: org.apache.ratis.thirdparty.io.grpc.StatusRuntimeException: UNAVAILABLE: io exception
2019-09-16 19:12:14,620 [grpc-default-executor-0] INFO  impl.FollowerInfo (FollowerInfo.java:lambda$new$0(51)) - 930b1328-fc80-47b7-a4b1-f8330041d315@group-B5EFBA83B44C->4bce4e32-952c-4220-bcc9-22a10ce18ca8: nextIndex: updateUnconditionally 0 -> 0
2019-09-16 19:12:14,620 [grpc-default-executor-2] INFO  impl.FollowerInfo (FollowerInfo.java:lambda$new$0(51)) - 930b1328-fc80-47b7-a4b1-f8330041d315@group-B5EFBA83B44C->e0619aa3-4ba4-49c8-ac60-3d80bbb74aab: nextIndex: updateUnconditionally 38 -> 37
2019-09-16 19:12:14,755 [Thread-1207] INFO  client.GrpcClientProtocolService (GrpcClientProtocolService.java:lambda$processClientRequest$0(278)) - Failed RaftClientRequest:client-76909DE03A78->930b1328-fc80-47b7-a4b1-f8330041d315@group-B5EFBA83B44C, cid=52, seq=0, Watch-ALL_COMMITTED(31), Message:<EMPTY>, reply=RaftClientReply:client-76909DE03A78->930b1328-fc80-47b7-a4b1-f8330041d315@group-B5EFBA83B44C, cid=52, FAILED org.apache.ratis.protocol.NotReplicatedException: Request with call Id 52 and log index 31 is not yet replicated to ALL_COMMITTED, logIndex=31, commits[930b1328-fc80-47b7-a4b1-f8330041d315:c45, 4bce4e32-952c-4220-bcc9-22a10ce18ca8:c23, e0619aa3-4ba4-49c8-ac60-3d80bbb74aab:c45]
2019-09-16 19:12:14,755 [Thread-1208] INFO  client.GrpcClientProtocolService (GrpcClientProtocolService.java:lambda$processClientRequest$0(278)) - Failed RaftClientRequest:client-D235B4D2FAB8->930b1328-fc80-47b7-a4b1-f8330041d315@group-B5EFBA83B44C, cid=58, seq=0, Watch-ALL_COMMITTED(36), Message:<EMPTY>, reply=RaftClientReply:client-D235B4D2FAB8->930b1328-fc80-47b7-a4b1-f8330041d315@group-B5EFBA83B44C, cid=58, FAILED org.apache.ratis.protocol.NotReplicatedException: Request with call Id 58 and log index 36 is not yet replicated to ALL_COMMITTED, logIndex=36, commits[930b1328-fc80-47b7-a4b1-f8330041d315:c45, 4bce4e32-952c-4220-bcc9-22a10ce18ca8:c23, e0619aa3-4ba4-49c8-ac60-3d80bbb74aab:c45]
2019-09-16 19:12:14,755 [Thread-1209] INFO  client.GrpcClientProtocolService (GrpcClientProtocolService.java:lambda$processClientRequest$0(278)) - Failed RaftClientRequest:client-76909DE03A78->930b1328-fc80-47b7-a4b1-f8330041d315@group-B5EFBA83B44C, cid=50, seq=0, Watch-ALL_COMMITTED(28), Message:<EMPTY>, reply=RaftClientReply:client-76909DE03A78->930b1328-fc80-47b7-a4b1-f8330041d315@group-B5EFBA83B44C, cid=50, FAILED org.apache.ratis.protocol.NotReplicatedException: Request with call Id 50 and log index 28 is not yet replicated to ALL_COMMITTED, logIndex=28, commits[930b1328-fc80-47b7-a4b1-f8330041d315:c45, 4bce4e32-952c-4220-bcc9-22a10ce18ca8:c23, e0619aa3-4ba4-49c8-ac60-3d80bbb74aab:c45]
2019-09-16 19:12:14,765 [grpc-default-executor-2] INFO  client.GrpcClientProtocolClient (GrpcClientProtocolClient.java:onNext(264)) - client-76909DE03A78->930b1328-fc80-47b7-a4b1-f8330041d315: receive RaftClientReply:client-76909DE03A78->930b1328-fc80-47b7-a4b1-f8330041d315@group-B5EFBA83B44C, cid=52, FAILED org.apache.ratis.protocol.NotReplicatedException: Request with call Id 52 and log index 31 is not yet replicated to ALL_COMMITTED, logIndex=31, commits[930b1328-fc80-47b7-a4b1-f8330041d315:c45, 4bce4e32-952c-4220-bcc9-22a10ce18ca8:c23, e0619aa3-4ba4-49c8-ac60-3d80bbb74aab:c45]
2019-09-16 19:12:14,768 [grpc-default-executor-2] INFO  client.GrpcClientProtocolClient (GrpcClientProtocolClient.java:onNext(264)) - client-76909DE03A78->930b1328-fc80-47b7-a4b1-f8330041d315: receive RaftClientReply:client-76909DE03A78->930b1328-fc80-47b7-a4b1-f8330041d315@group-B5EFBA83B44C, cid=50, FAILED org.apache.ratis.protocol.NotReplicatedException: Request with call Id 50 and log index 28 is not yet replicated to ALL_COMMITTED, logIndex=28, commits[930b1328-fc80-47b7-a4b1-f8330041d315:c45, 4bce4e32-952c-4220-bcc9-22a10ce18ca8:c23, e0619aa3-4ba4-49c8-ac60-3d80bbb74aab:c45]
2019-09-16 19:12:14,947 [java.util.concurrent.ThreadPoolExecutor$Worker@4d174f1d[State = -1, empty queue]] WARN  server.GrpcLogAppender (GrpcLogAppender.java:timeoutAppendRequest(200)) - 4eec4314-a089-48fe-8241-8a8066126e3f@group-C8C33BDD9912->52078b41-1f38-4037-a826-db5ef9cf1b82-GrpcLogAppender: appendEntries Timeout, request=4eec4314-a089-48fe-8241-8a8066126e3f->52078b41-1f38-4037-a826-db5ef9cf1b82#118-t2, previous=(t:2, i:19), leaderCommit=15, initializing? false, entries: <empty>
2019-09-16 19:12:14,947 [java.util.concurrent.ThreadPoolExecutor$Worker@270df07d[State = -1, empty queue]] WARN  server.GrpcLogAppender (GrpcLogAppender.java:timeoutAppendRequest(200)) - 4eec4314-a089-48fe-8241-8a8066126e3f@group-C8C33BDD9912->30fc0d14-cbc7-4743-b48a-59ef39c48768-GrpcLogAppender: appendEntries Timeout, request=4eec4314-a089-48fe-8241-8a8066126e3f->30fc0d14-cbc7-4743-b48a-59ef39c48768#118-t2, previous=(t:2, i:19), leaderCommit=15, initializing? false, entries: <empty>
2019-09-16 19:12:15,121 [grpc-default-executor-2] WARN  server.GrpcLogAppender (LogUtils.java:warn(134)) - 930b1328-fc80-47b7-a4b1-f8330041d315@group-B5EFBA83B44C->e0619aa3-4ba4-49c8-ac60-3d80bbb74aab-AppendLogResponseHandler: Failed appendEntries: org.apache.ratis.thirdparty.io.grpc.StatusRuntimeException: UNAVAILABLE: io exception
2019-09-16 19:12:15,121 [grpc-default-executor-6] WARN  server.GrpcLogAppender (LogUtils.java:warn(134)) - 930b1328-fc80-47b7-a4b1-f8330041d315@group-B5EFBA83B44C->4bce4e32-952c-4220-bcc9-22a10ce18ca8-AppendLogResponseHandler: Failed appendEntries: org.apache.ratis.thirdparty.io.grpc.StatusRuntimeException: UNAVAILABLE: io exception
2019-09-16 19:12:15,122 [grpc-default-executor-2] INFO  impl.FollowerInfo (FollowerInfo.java:lambda$new$0(51)) - 930b1328-fc80-47b7-a4b1-f8330041d315@group-B5EFBA83B44C->e0619aa3-4ba4-49c8-ac60-3d80bbb74aab: nextIndex: updateUnconditionally 37 -> 36
2019-09-16 19:12:15,122 [grpc-default-executor-6] INFO  impl.FollowerInfo (FollowerInfo.java:lambda$new$0(51)) - 930b1328-fc80-47b7-a4b1-f8330041d315@group-B5EFBA83B44C->4bce4e32-952c-4220-bcc9-22a10ce18ca8: nextIndex: updateUnconditionally 0 -> 0
2019-09-16 19:12:15,447 [java.util.concurrent.ThreadPoolExecutor$Worker@4d174f1d[State = -1, empty queue]] WARN  server.GrpcLogAppender (GrpcLogAppender.java:timeoutAppendRequest(200)) - 4eec4314-a089-48fe-8241-8a8066126e3f@group-C8C33BDD9912->52078b41-1f38-4037-a826-db5ef9cf1b82-GrpcLogAppender: appendEntries Timeout, request=4eec4314-a089-48fe-8241-8a8066126e3f->52078b41-1f38-4037-a826-db5ef9cf1b82#119-t2, previous=(t:2, i:19), leaderCommit=15, initializing? false, entries: <empty>
2019-09-16 19:12:15,448 [java.util.concurrent.ThreadPoolExecutor$Worker@270df07d[State = -1, empty queue]] WARN  server.GrpcLogAppender (GrpcLogAppender.java:timeoutAppendRequest(200)) - 4eec4314-a089-48fe-8241-8a8066126e3f@group-C8C33BDD9912->30fc0d14-cbc7-4743-b48a-59ef39c48768-GrpcLogAppender: appendEntries Timeout, request=4eec4314-a089-48fe-8241-8a8066126e3f->30fc0d14-cbc7-4743-b48a-59ef39c48768#119-t2, previous=(t:2, i:19), leaderCommit=15, initializing? false, entries: <empty>
2019-09-16 19:12:15,634 [grpc-default-executor-0] WARN  server.GrpcLogAppender (LogUtils.java:warn(134)) - 930b1328-fc80-47b7-a4b1-f8330041d315@group-B5EFBA83B44C->e0619aa3-4ba4-49c8-ac60-3d80bbb74aab-AppendLogResponseHandler: Failed appendEntries: org.apache.ratis.thirdparty.io.grpc.StatusRuntimeException: UNAVAILABLE: io exception
2019-09-16 19:12:15,634 [grpc-default-executor-4] WARN  server.GrpcLogAppender (LogUtils.java:warn(134)) - 930b1328-fc80-47b7-a4b1-f8330041d315@group-B5EFBA83B44C->4bce4e32-952c-4220-bcc9-22a10ce18ca8-AppendLogResponseHandler: Failed appendEntries: org.apache.ratis.thirdparty.io.grpc.StatusRuntimeException: UNAVAILABLE: io exception
2019-09-16 19:12:15,635 [grpc-default-executor-0] INFO  impl.FollowerInfo (FollowerInfo.java:lambda$new$0(51)) - 930b1328-fc80-47b7-a4b1-f8330041d315@group-B5EFBA83B44C->e0619aa3-4ba4-49c8-ac60-3d80bbb74aab: nextIndex: updateUnconditionally 36 -> 35
2019-09-16 19:12:15,635 [grpc-default-executor-4] INFO  impl.FollowerInfo (FollowerInfo.java:lambda$new$0(51)) - 930b1328-fc80-47b7-a4b1-f8330041d315@group-B5EFBA83B44C->4bce4e32-952c-4220-bcc9-22a10ce18ca8: nextIndex: updateUnconditionally 0 -> 0
2019-09-16 19:12:15,948 [java.util.concurrent.ThreadPoolExecutor$Worker@4d174f1d[State = -1, empty queue]] WARN  server.GrpcLogAppender (GrpcLogAppender.java:timeoutAppendRequest(200)) - 4eec4314-a089-48fe-8241-8a8066126e3f@group-C8C33BDD9912->52078b41-1f38-4037-a826-db5ef9cf1b82-GrpcLogAppender: appendEntries Timeout, request=4eec4314-a089-48fe-8241-8a8066126e3f->52078b41-1f38-4037-a826-db5ef9cf1b82#120-t2, previous=(t:2, i:19), leaderCommit=15, initializing? false, entries: <empty>
2019-09-16 19:12:15,948 [java.util.concurrent.ThreadPoolExecutor$Worker@270df07d[State = -1, empty queue]] WARN  server.GrpcLogAppender (GrpcLogAppender.java:timeoutAppendRequest(200)) - 4eec4314-a089-48fe-8241-8a8066126e3f@group-C8C33BDD9912->30fc0d14-cbc7-4743-b48a-59ef39c48768-GrpcLogAppender: appendEntries Timeout, request=4eec4314-a089-48fe-8241-8a8066126e3f->30fc0d14-cbc7-4743-b48a-59ef39c48768#120-t2, previous=(t:2, i:19), leaderCommit=15, initializing? false, entries: <empty>
2019-09-16 19:12:16,136 [grpc-default-executor-2] WARN  server.GrpcLogAppender (LogUtils.java:warn(134)) - 930b1328-fc80-47b7-a4b1-f8330041d315@group-B5EFBA83B44C->e0619aa3-4ba4-49c8-ac60-3d80bbb74aab-AppendLogResponseHandler: Failed appendEntries: org.apache.ratis.thirdparty.io.grpc.StatusRuntimeException: UNAVAILABLE: io exception
2019-09-16 19:12:16,136 [grpc-default-executor-0] WARN  server.GrpcLogAppender (LogUtils.java:warn(134)) - 930b1328-fc80-47b7-a4b1-f8330041d315@group-B5EFBA83B44C->4bce4e32-952c-4220-bcc9-22a10ce18ca8-AppendLogResponseHandler: Failed appendEntries: org.apache.ratis.thirdparty.io.grpc.StatusRuntimeException: UNAVAILABLE: io exception
2019-09-16 19:12:16,136 [grpc-default-executor-2] INFO  impl.FollowerInfo (FollowerInfo.java:lambda$new$0(51)) - 930b1328-fc80-47b7-a4b1-f8330041d315@group-B5EFBA83B44C->e0619aa3-4ba4-49c8-ac60-3d80bbb74aab: nextIndex: updateUnconditionally 35 -> 34
2019-09-16 19:12:16,137 [grpc-default-executor-0] INFO  impl.FollowerInfo (FollowerInfo.java:lambda$new$0(51)) - 930b1328-fc80-47b7-a4b1-f8330041d315@group-B5EFBA83B44C->4bce4e32-952c-4220-bcc9-22a10ce18ca8: nextIndex: updateUnconditionally 0 -> 0
2019-09-16 19:12:16,448 [java.util.concurrent.ThreadPoolExecutor$Worker@4d174f1d[State = -1, empty queue]] WARN  server.GrpcLogAppender (GrpcLogAppender.java:timeoutAppendRequest(200)) - 4eec4314-a089-48fe-8241-8a8066126e3f@group-C8C33BDD9912->52078b41-1f38-4037-a826-db5ef9cf1b82-GrpcLogAppender: appendEntries Timeout, request=4eec4314-a089-48fe-8241-8a8066126e3f->52078b41-1f38-4037-a826-db5ef9cf1b82#121-t2, previous=(t:2, i:19), leaderCommit=15, initializing? false, entries: <empty>
2019-09-16 19:12:16,448 [java.util.concurrent.ThreadPoolExecutor$Worker@270df07d[State = -1, empty queue]] WARN  server.GrpcLogAppender (GrpcLogAppender.java:timeoutAppendRequest(200)) - 4eec4314-a089-48fe-8241-8a8066126e3f@group-C8C33BDD9912->30fc0d14-cbc7-4743-b48a-59ef39c48768-GrpcLogAppender: appendEntries Timeout, request=4eec4314-a089-48fe-8241-8a8066126e3f->30fc0d14-cbc7-4743-b48a-59ef39c48768#121-t2, previous=(t:2, i:19), leaderCommit=15, initializing? false, entries: <empty>
2019-09-16 19:12:16,644 [grpc-default-executor-1] WARN  server.GrpcLogAppender (LogUtils.java:warn(134)) - 930b1328-fc80-47b7-a4b1-f8330041d315@group-B5EFBA83B44C->4bce4e32-952c-4220-bcc9-22a10ce18ca8-AppendLogResponseHandler: Failed appendEntries: org.apache.ratis.thirdparty.io.grpc.StatusRuntimeException: UNAVAILABLE: io exception
2019-09-16 19:12:16,645 [grpc-default-executor-4] WARN  server.GrpcLogAppender (LogUtils.java:warn(134)) - 930b1328-fc80-47b7-a4b1-f8330041d315@group-B5EFBA83B44C->e0619aa3-4ba4-49c8-ac60-3d80bbb74aab-AppendLogResponseHandler: Failed appendEntries: org.apache.ratis.thirdparty.io.grpc.StatusRuntimeException: UNAVAILABLE: io exception
2019-09-16 19:12:16,645 [grpc-default-executor-1] INFO  impl.FollowerInfo (FollowerInfo.java:lambda$new$0(51)) - 930b1328-fc80-47b7-a4b1-f8330041d315@group-B5EFBA83B44C->4bce4e32-952c-4220-bcc9-22a10ce18ca8: nextIndex: updateUnconditionally 0 -> 0
2019-09-16 19:12:16,645 [grpc-default-executor-4] INFO  impl.FollowerInfo (FollowerInfo.java:lambda$new$0(51)) - 930b1328-fc80-47b7-a4b1-f8330041d315@group-B5EFBA83B44C->e0619aa3-4ba4-49c8-ac60-3d80bbb74aab: nextIndex: updateUnconditionally 34 -> 33
2019-09-16 19:12:16,948 [java.util.concurrent.ThreadPoolExecutor$Worker@270df07d[State = -1, empty queue]] WARN  server.GrpcLogAppender (GrpcLogAppender.java:timeoutAppendRequest(200)) - 4eec4314-a089-48fe-8241-8a8066126e3f@group-C8C33BDD9912->30fc0d14-cbc7-4743-b48a-59ef39c48768-GrpcLogAppender: appendEntries Timeout, request=4eec4314-a089-48fe-8241-8a8066126e3f->30fc0d14-cbc7-4743-b48a-59ef39c48768#122-t2, previous=(t:2, i:19), leaderCommit=15, initializing? false, entries: <empty>
2019-09-16 19:12:16,948 [java.util.concurrent.ThreadPoolExecutor$Worker@4d174f1d[State = -1, empty queue]] WARN  server.GrpcLogAppender (GrpcLogAppender.java:timeoutAppendRequest(200)) - 4eec4314-a089-48fe-8241-8a8066126e3f@group-C8C33BDD9912->52078b41-1f38-4037-a826-db5ef9cf1b82-GrpcLogAppender: appendEntries Timeout, request=4eec4314-a089-48fe-8241-8a8066126e3f->52078b41-1f38-4037-a826-db5ef9cf1b82#122-t2, previous=(t:2, i:19), leaderCommit=15, initializing? false, entries: <empty>
2019-09-16 19:12:17,137 [grpc-default-executor-0] WARN  server.GrpcLogAppender (LogUtils.java:warn(134)) - 930b1328-fc80-47b7-a4b1-f8330041d315@group-B5EFBA83B44C->e0619aa3-4ba4-49c8-ac60-3d80bbb74aab-AppendLogResponseHandler: Failed appendEntries: org.apache.ratis.thirdparty.io.grpc.StatusRuntimeException: UNAVAILABLE: io exception
2019-09-16 19:12:17,137 [grpc-default-executor-2] WARN  server.GrpcLogAppender (LogUtils.java:warn(134)) - 930b1328-fc80-47b7-a4b1-f8330041d315@group-B5EFBA83B44C->4bce4e32-952c-4220-bcc9-22a10ce18ca8-AppendLogResponseHandler: Failed appendEntries: org.apache.ratis.thirdparty.io.grpc.StatusRuntimeException: UNAVAILABLE: io exception
2019-09-16 19:12:17,138 [grpc-default-executor-0] INFO  impl.FollowerInfo (FollowerInfo.java:lambda$new$0(51)) - 930b1328-fc80-47b7-a4b1-f8330041d315@group-B5EFBA83B44C->e0619aa3-4ba4-49c8-ac60-3d80bbb74aab: nextIndex: updateUnconditionally 33 -> 32
2019-09-16 19:12:17,138 [grpc-default-executor-2] INFO  impl.FollowerInfo (FollowerInfo.java:lambda$new$0(51)) - 930b1328-fc80-47b7-a4b1-f8330041d315@group-B5EFBA83B44C->4bce4e32-952c-4220-bcc9-22a10ce18ca8: nextIndex: updateUnconditionally 0 -> 0
2019-09-16 19:12:17,449 [java.util.concurrent.ThreadPoolExecutor$Worker@270df07d[State = -1, empty queue]] WARN  server.GrpcLogAppender (GrpcLogAppender.java:timeoutAppendRequest(200)) - 4eec4314-a089-48fe-8241-8a8066126e3f@group-C8C33BDD9912->30fc0d14-cbc7-4743-b48a-59ef39c48768-GrpcLogAppender: appendEntries Timeout, request=4eec4314-a089-48fe-8241-8a8066126e3f->30fc0d14-cbc7-4743-b48a-59ef39c48768#123-t2, previous=(t:2, i:19), leaderCommit=15, initializing? false, entries: <empty>
2019-09-16 19:12:17,449 [java.util.concurrent.ThreadPoolExecutor$Worker@4d174f1d[State = -1, empty queue]] WARN  server.GrpcLogAppender (GrpcLogAppender.java:timeoutAppendRequest(200)) - 4eec4314-a089-48fe-8241-8a8066126e3f@group-C8C33BDD9912->52078b41-1f38-4037-a826-db5ef9cf1b82-GrpcLogAppender: appendEntries Timeout, request=4eec4314-a089-48fe-8241-8a8066126e3f->52078b41-1f38-4037-a826-db5ef9cf1b82#123-t2, previous=(t:2, i:19), leaderCommit=15, initializing? false, entries: <empty>
2019-09-16 19:12:17,638 [grpc-default-executor-4] WARN  server.GrpcLogAppender (LogUtils.java:warn(134)) - 930b1328-fc80-47b7-a4b1-f8330041d315@group-B5EFBA83B44C->e0619aa3-4ba4-49c8-ac60-3d80bbb74aab-AppendLogResponseHandler: Failed appendEntries: org.apache.ratis.thirdparty.io.grpc.StatusRuntimeException: UNAVAILABLE: io exception
2019-09-16 19:12:17,638 [grpc-default-executor-6] WARN  server.GrpcLogAppender (LogUtils.java:warn(134)) - 930b1328-fc80-47b7-a4b1-f8330041d315@group-B5EFBA83B44C->4bce4e32-952c-4220-bcc9-22a10ce18ca8-AppendLogResponseHandler: Failed appendEntries: org.apache.ratis.thirdparty.io.grpc.StatusRuntimeException: UNAVAILABLE: io exception
2019-09-16 19:12:17,639 [grpc-default-executor-4] INFO  impl.FollowerInfo (FollowerInfo.java:lambda$new$0(51)) - 930b1328-fc80-47b7-a4b1-f8330041d315@group-B5EFBA83B44C->e0619aa3-4ba4-49c8-ac60-3d80bbb74aab: nextIndex: updateUnconditionally 32 -> 31
2019-09-16 19:12:17,639 [grpc-default-executor-6] INFO  impl.FollowerInfo (FollowerInfo.java:lambda$new$0(51)) - 930b1328-fc80-47b7-a4b1-f8330041d315@group-B5EFBA83B44C->4bce4e32-952c-4220-bcc9-22a10ce18ca8: nextIndex: updateUnconditionally 0 -> 0
2019-09-16 19:12:17,951 [java.util.concurrent.ThreadPoolExecutor$Worker@4d174f1d[State = -1, empty queue]] WARN  server.GrpcLogAppender (GrpcLogAppender.java:timeoutAppendRequest(200)) - 4eec4314-a089-48fe-8241-8a8066126e3f@group-C8C33BDD9912->52078b41-1f38-4037-a826-db5ef9cf1b82-GrpcLogAppender: appendEntries Timeout, request=4eec4314-a089-48fe-8241-8a8066126e3f->52078b41-1f38-4037-a826-db5ef9cf1b82#124-t2, previous=(t:2, i:19), leaderCommit=15, initializing? false, entries: <empty>
2019-09-16 19:12:17,951 [java.util.concurrent.ThreadPoolExecutor$Worker@270df07d[State = -1, empty queue]] WARN  server.GrpcLogAppender (GrpcLogAppender.java:timeoutAppendRequest(200)) - 4eec4314-a089-48fe-8241-8a8066126e3f@group-C8C33BDD9912->30fc0d14-cbc7-4743-b48a-59ef39c48768-GrpcLogAppender: appendEntries Timeout, request=4eec4314-a089-48fe-8241-8a8066126e3f->30fc0d14-cbc7-4743-b48a-59ef39c48768#124-t2, previous=(t:2, i:19), leaderCommit=15, initializing? false, entries: <empty>
2019-09-16 19:12:18,139 [grpc-default-executor-4] WARN  server.GrpcLogAppender (LogUtils.java:warn(134)) - 930b1328-fc80-47b7-a4b1-f8330041d315@group-B5EFBA83B44C->e0619aa3-4ba4-49c8-ac60-3d80bbb74aab-AppendLogResponseHandler: Failed appendEntries: org.apache.ratis.thirdparty.io.grpc.StatusRuntimeException: UNAVAILABLE: io exception
2019-09-16 19:12:18,139 [grpc-default-executor-2] WARN  server.GrpcLogAppender (LogUtils.java:warn(134)) - 930b1328-fc80-47b7-a4b1-f8330041d315@group-B5EFBA83B44C->4bce4e32-952c-4220-bcc9-22a10ce18ca8-AppendLogResponseHandler: Failed appendEntries: org.apache.ratis.thirdparty.io.grpc.StatusRuntimeException: UNAVAILABLE: io exception
2019-09-16 19:12:18,139 [grpc-default-executor-4] INFO  impl.FollowerInfo (FollowerInfo.java:lambda$new$0(51)) - 930b1328-fc80-47b7-a4b1-f8330041d315@group-B5EFBA83B44C->e0619aa3-4ba4-49c8-ac60-3d80bbb74aab: nextIndex: updateUnconditionally 31 -> 30
2019-09-16 19:12:18,140 [grpc-default-executor-2] INFO  impl.FollowerInfo (FollowerInfo.java:lambda$new$0(51)) - 930b1328-fc80-47b7-a4b1-f8330041d315@group-B5EFBA83B44C->4bce4e32-952c-4220-bcc9-22a10ce18ca8: nextIndex: updateUnconditionally 0 -> 0
2019-09-16 19:12:18,451 [java.util.concurrent.ThreadPoolExecutor$Worker@4d174f1d[State = -1, empty queue]] WARN  server.GrpcLogAppender (GrpcLogAppender.java:timeoutAppendRequest(200)) - 4eec4314-a089-48fe-8241-8a8066126e3f@group-C8C33BDD9912->52078b41-1f38-4037-a826-db5ef9cf1b82-GrpcLogAppender: appendEntries Timeout, request=4eec4314-a089-48fe-8241-8a8066126e3f->52078b41-1f38-4037-a826-db5ef9cf1b82#125-t2, previous=(t:2, i:19), leaderCommit=15, initializing? false, entries: <empty>
2019-09-16 19:12:18,451 [java.util.concurrent.ThreadPoolExecutor$Worker@270df07d[State = -1, empty queue]] WARN  server.GrpcLogAppender (GrpcLogAppender.java:timeoutAppendRequest(200)) - 4eec4314-a089-48fe-8241-8a8066126e3f@group-C8C33BDD9912->30fc0d14-cbc7-4743-b48a-59ef39c48768-GrpcLogAppender: appendEntries Timeout, request=4eec4314-a089-48fe-8241-8a8066126e3f->30fc0d14-cbc7-4743-b48a-59ef39c48768#125-t2, previous=(t:2, i:19), leaderCommit=15, initializing? false, entries: <empty>
2019-09-16 19:12:18,640 [grpc-default-executor-1] WARN  server.GrpcLogAppender (LogUtils.java:warn(134)) - 930b1328-fc80-47b7-a4b1-f8330041d315@group-B5EFBA83B44C->4bce4e32-952c-4220-bcc9-22a10ce18ca8-AppendLogResponseHandler: Failed appendEntries: org.apache.ratis.thirdparty.io.grpc.StatusRuntimeException: UNAVAILABLE: io exception
2019-09-16 19:12:18,640 [grpc-default-executor-6] WARN  server.GrpcLogAppender (LogUtils.java:warn(134)) - 930b1328-fc80-47b7-a4b1-f8330041d315@group-B5EFBA83B44C->e0619aa3-4ba4-49c8-ac60-3d80bbb74aab-AppendLogResponseHandler: Failed appendEntries: org.apache.ratis.thirdparty.io.grpc.StatusRuntimeException: UNAVAILABLE: io exception
2019-09-16 19:12:18,641 [grpc-default-executor-1] INFO  impl.FollowerInfo (FollowerInfo.java:lambda$new$0(51)) - 930b1328-fc80-47b7-a4b1-f8330041d315@group-B5EFBA83B44C->4bce4e32-952c-4220-bcc9-22a10ce18ca8: nextIndex: updateUnconditionally 0 -> 0
2019-09-16 19:12:18,641 [grpc-default-executor-6] INFO  impl.FollowerInfo (FollowerInfo.java:lambda$new$0(51)) - 930b1328-fc80-47b7-a4b1-f8330041d315@group-B5EFBA83B44C->e0619aa3-4ba4-49c8-ac60-3d80bbb74aab: nextIndex: updateUnconditionally 30 -> 29
2019-09-16 19:12:18,755 [Thread-1253] INFO  client.GrpcClientProtocolService (GrpcClientProtocolService.java:lambda$processClientRequest$0(278)) - Failed RaftClientRequest:client-76909DE03A78->930b1328-fc80-47b7-a4b1-f8330041d315@group-B5EFBA83B44C, cid=52, seq=0, Watch-ALL_COMMITTED(31), Message:<EMPTY>, reply=RaftClientReply:client-76909DE03A78->930b1328-fc80-47b7-a4b1-f8330041d315@group-B5EFBA83B44C, cid=52, FAILED org.apache.ratis.protocol.NotReplicatedException: Request with call Id 52 and log index 31 is not yet replicated to ALL_COMMITTED, logIndex=31, commits[930b1328-fc80-47b7-a4b1-f8330041d315:c45, 4bce4e32-952c-4220-bcc9-22a10ce18ca8:c23, e0619aa3-4ba4-49c8-ac60-3d80bbb74aab:c45]
2019-09-16 19:12:18,755 [Thread-1254] INFO  client.GrpcClientProtocolService (GrpcClientProtocolService.java:lambda$processClientRequest$0(278)) - Failed RaftClientRequest:client-D235B4D2FAB8->930b1328-fc80-47b7-a4b1-f8330041d315@group-B5EFBA83B44C, cid=58, seq=0, Watch-ALL_COMMITTED(36), Message:<EMPTY>, reply=RaftClientReply:client-D235B4D2FAB8->930b1328-fc80-47b7-a4b1-f8330041d315@group-B5EFBA83B44C, cid=58, FAILED org.apache.ratis.protocol.NotReplicatedException: Request with call Id 58 and log index 36 is not yet replicated to ALL_COMMITTED, logIndex=36, commits[930b1328-fc80-47b7-a4b1-f8330041d315:c45, 4bce4e32-952c-4220-bcc9-22a10ce18ca8:c23, e0619aa3-4ba4-49c8-ac60-3d80bbb74aab:c45]
2019-09-16 19:12:18,756 [Thread-1255] INFO  client.GrpcClientProtocolService (GrpcClientProtocolService.java:lambda$processClientRequest$0(278)) - Failed RaftClientRequest:client-76909DE03A78->930b1328-fc80-47b7-a4b1-f8330041d315@group-B5EFBA83B44C, cid=50, seq=0, Watch-ALL_COMMITTED(28), Message:<EMPTY>, reply=RaftClientReply:client-76909DE03A78->930b1328-fc80-47b7-a4b1-f8330041d315@group-B5EFBA83B44C, cid=50, FAILED org.apache.ratis.protocol.NotReplicatedException: Request with call Id 50 and log index 28 is not yet replicated to ALL_COMMITTED, logIndex=28, commits[930b1328-fc80-47b7-a4b1-f8330041d315:c45, 4bce4e32-952c-4220-bcc9-22a10ce18ca8:c23, e0619aa3-4ba4-49c8-ac60-3d80bbb74aab:c45]
2019-09-16 19:12:18,761 [grpc-default-executor-6] INFO  client.GrpcClientProtocolClient (GrpcClientProtocolClient.java:onNext(264)) - client-76909DE03A78->930b1328-fc80-47b7-a4b1-f8330041d315: receive RaftClientReply:client-76909DE03A78->930b1328-fc80-47b7-a4b1-f8330041d315@group-B5EFBA83B44C, cid=52, FAILED org.apache.ratis.protocol.NotReplicatedException: Request with call Id 52 and log index 31 is not yet replicated to ALL_COMMITTED, logIndex=31, commits[930b1328-fc80-47b7-a4b1-f8330041d315:c45, 4bce4e32-952c-4220-bcc9-22a10ce18ca8:c23, e0619aa3-4ba4-49c8-ac60-3d80bbb74aab:c45]
2019-09-16 19:12:18,764 [grpc-default-executor-6] INFO  client.GrpcClientProtocolClient (GrpcClientProtocolClient.java:onNext(264)) - client-76909DE03A78->930b1328-fc80-47b7-a4b1-f8330041d315: receive RaftClientReply:client-76909DE03A78->930b1328-fc80-47b7-a4b1-f8330041d315@group-B5EFBA83B44C, cid=50, FAILED org.apache.ratis.protocol.NotReplicatedException: Request with call Id 50 and log index 28 is not yet replicated to ALL_COMMITTED, logIndex=28, commits[930b1328-fc80-47b7-a4b1-f8330041d315:c45, 4bce4e32-952c-4220-bcc9-22a10ce18ca8:c23, e0619aa3-4ba4-49c8-ac60-3d80bbb74aab:c45]
2019-09-16 19:12:18,952 [java.util.concurrent.ThreadPoolExecutor$Worker@4d174f1d[State = -1, empty queue]] WARN  server.GrpcLogAppender (GrpcLogAppender.java:timeoutAppendRequest(200)) - 4eec4314-a089-48fe-8241-8a8066126e3f@group-C8C33BDD9912->52078b41-1f38-4037-a826-db5ef9cf1b82-GrpcLogAppender: appendEntries Timeout, request=4eec4314-a089-48fe-8241-8a8066126e3f->52078b41-1f38-4037-a826-db5ef9cf1b82#126-t2, previous=(t:2, i:19), leaderCommit=15, initializing? false, entries: <empty>
2019-09-16 19:12:18,952 [java.util.concurrent.ThreadPoolExecutor$Worker@270df07d[State = -1, empty queue]] WARN  server.GrpcLogAppender (GrpcLogAppender.java:timeoutAppendRequest(200)) - 4eec4314-a089-48fe-8241-8a8066126e3f@group-C8C33BDD9912->30fc0d14-cbc7-4743-b48a-59ef39c48768-GrpcLogAppender: appendEntries Timeout, request=4eec4314-a089-48fe-8241-8a8066126e3f->30fc0d14-cbc7-4743-b48a-59ef39c48768#126-t2, previous=(t:2, i:19), leaderCommit=15, initializing? false, entries: <empty>
2019-09-16 19:12:19,141 [grpc-default-executor-1] WARN  server.GrpcLogAppender (LogUtils.java:warn(134)) - 930b1328-fc80-47b7-a4b1-f8330041d315@group-B5EFBA83B44C->4bce4e32-952c-4220-bcc9-22a10ce18ca8-AppendLogResponseHandler: Failed appendEntries: org.apache.ratis.thirdparty.io.grpc.StatusRuntimeException: UNAVAILABLE: io exception
2019-09-16 19:12:19,141 [grpc-default-executor-2] WARN  server.GrpcLogAppender (LogUtils.java:warn(134)) - 930b1328-fc80-47b7-a4b1-f8330041d315@group-B5EFBA83B44C->e0619aa3-4ba4-49c8-ac60-3d80bbb74aab-AppendLogResponseHandler: Failed appendEntries: org.apache.ratis.thirdparty.io.grpc.StatusRuntimeException: UNAVAILABLE: io exception
2019-09-16 19:12:19,141 [grpc-default-executor-1] INFO  impl.FollowerInfo (FollowerInfo.java:lambda$new$0(51)) - 930b1328-fc80-47b7-a4b1-f8330041d315@group-B5EFBA83B44C->4bce4e32-952c-4220-bcc9-22a10ce18ca8: nextIndex: updateUnconditionally 0 -> 0
2019-09-16 19:12:19,142 [grpc-default-executor-2] INFO  impl.FollowerInfo (FollowerInfo.java:lambda$new$0(51)) - 930b1328-fc80-47b7-a4b1-f8330041d315@group-B5EFBA83B44C->e0619aa3-4ba4-49c8-ac60-3d80bbb74aab: nextIndex: updateUnconditionally 29 -> 28
2019-09-16 19:12:19,452 [java.util.concurrent.ThreadPoolExecutor$Worker@4d174f1d[State = -1, empty queue]] WARN  server.GrpcLogAppender (GrpcLogAppender.java:timeoutAppendRequest(200)) - 4eec4314-a089-48fe-8241-8a8066126e3f@group-C8C33BDD9912->52078b41-1f38-4037-a826-db5ef9cf1b82-GrpcLogAppender: appendEntries Timeout, request=4eec4314-a089-48fe-8241-8a8066126e3f->52078b41-1f38-4037-a826-db5ef9cf1b82#127-t2, previous=(t:2, i:19), leaderCommit=15, initializing? false, entries: <empty>
2019-09-16 19:12:19,452 [java.util.concurrent.ThreadPoolExecutor$Worker@270df07d[State = -1, empty queue]] WARN  server.GrpcLogAppender (GrpcLogAppender.java:timeoutAppendRequest(200)) - 4eec4314-a089-48fe-8241-8a8066126e3f@group-C8C33BDD9912->30fc0d14-cbc7-4743-b48a-59ef39c48768-GrpcLogAppender: appendEntries Timeout, request=4eec4314-a089-48fe-8241-8a8066126e3f->30fc0d14-cbc7-4743-b48a-59ef39c48768#127-t2, previous=(t:2, i:19), leaderCommit=15, initializing? false, entries: <empty>
2019-09-16 19:12:19,642 [grpc-default-executor-0] WARN  server.GrpcLogAppender (LogUtils.java:warn(134)) - 930b1328-fc80-47b7-a4b1-f8330041d315@group-B5EFBA83B44C->4bce4e32-952c-4220-bcc9-22a10ce18ca8-AppendLogResponseHandler: Failed appendEntries: org.apache.ratis.thirdparty.io.grpc.StatusRuntimeException: UNAVAILABLE: io exception
2019-09-16 19:12:19,642 [grpc-default-executor-5] WARN  server.GrpcLogAppender (LogUtils.java:warn(134)) - 930b1328-fc80-47b7-a4b1-f8330041d315@group-B5EFBA83B44C->e0619aa3-4ba4-49c8-ac60-3d80bbb74aab-AppendLogResponseHandler: Failed appendEntries: org.apache.ratis.thirdparty.io.grpc.StatusRuntimeException: UNAVAILABLE: io exception
2019-09-16 19:12:19,642 [grpc-default-executor-0] INFO  impl.FollowerInfo (FollowerInfo.java:lambda$new$0(51)) - 930b1328-fc80-47b7-a4b1-f8330041d315@group-B5EFBA83B44C->4bce4e32-952c-4220-bcc9-22a10ce18ca8: nextIndex: updateUnconditionally 0 -> 0
2019-09-16 19:12:19,642 [grpc-default-executor-5] INFO  impl.FollowerInfo (FollowerInfo.java:lambda$new$0(51)) - 930b1328-fc80-47b7-a4b1-f8330041d315@group-B5EFBA83B44C->e0619aa3-4ba4-49c8-ac60-3d80bbb74aab: nextIndex: updateUnconditionally 28 -> 27
2019-09-16 19:12:19,952 [java.util.concurrent.ThreadPoolExecutor$Worker@4d174f1d[State = -1, empty queue]] WARN  server.GrpcLogAppender (GrpcLogAppender.java:timeoutAppendRequest(200)) - 4eec4314-a089-48fe-8241-8a8066126e3f@group-C8C33BDD9912->52078b41-1f38-4037-a826-db5ef9cf1b82-GrpcLogAppender: appendEntries Timeout, request=4eec4314-a089-48fe-8241-8a8066126e3f->52078b41-1f38-4037-a826-db5ef9cf1b82#128-t2, previous=(t:2, i:19), leaderCommit=15, initializing? false, entries: <empty>
2019-09-16 19:12:19,952 [java.util.concurrent.ThreadPoolExecutor$Worker@270df07d[State = -1, empty queue]] WARN  server.GrpcLogAppender (GrpcLogAppender.java:timeoutAppendRequest(200)) - 4eec4314-a089-48fe-8241-8a8066126e3f@group-C8C33BDD9912->30fc0d14-cbc7-4743-b48a-59ef39c48768-GrpcLogAppender: appendEntries Timeout, request=4eec4314-a089-48fe-8241-8a8066126e3f->30fc0d14-cbc7-4743-b48a-59ef39c48768#128-t2, previous=(t:2, i:19), leaderCommit=15, initializing? false, entries: <empty>
2019-09-16 19:12:20,143 [grpc-default-executor-1] WARN  server.GrpcLogAppender (LogUtils.java:warn(134)) - 930b1328-fc80-47b7-a4b1-f8330041d315@group-B5EFBA83B44C->e0619aa3-4ba4-49c8-ac60-3d80bbb74aab-AppendLogResponseHandler: Failed appendEntries: org.apache.ratis.thirdparty.io.grpc.StatusRuntimeException: UNAVAILABLE: io exception
2019-09-16 19:12:20,143 [grpc-default-executor-2] WARN  server.GrpcLogAppender (LogUtils.java:warn(134)) - 930b1328-fc80-47b7-a4b1-f8330041d315@group-B5EFBA83B44C->4bce4e32-952c-4220-bcc9-22a10ce18ca8-AppendLogResponseHandler: Failed appendEntries: org.apache.ratis.thirdparty.io.grpc.StatusRuntimeException: UNAVAILABLE: io exception
2019-09-16 19:12:20,143 [grpc-default-executor-1] INFO  impl.FollowerInfo (FollowerInfo.java:lambda$new$0(51)) - 930b1328-fc80-47b7-a4b1-f8330041d315@group-B5EFBA83B44C->e0619aa3-4ba4-49c8-ac60-3d80bbb74aab: nextIndex: updateUnconditionally 27 -> 26
2019-09-16 19:12:20,143 [grpc-default-executor-2] INFO  impl.FollowerInfo (FollowerInfo.java:lambda$new$0(51)) - 930b1328-fc80-47b7-a4b1-f8330041d315@group-B5EFBA83B44C->4bce4e32-952c-4220-bcc9-22a10ce18ca8: nextIndex: updateUnconditionally 0 -> 0
2019-09-16 19:12:20,453 [java.util.concurrent.ThreadPoolExecutor$Worker@4d174f1d[State = -1, empty queue]] WARN  server.GrpcLogAppender (GrpcLogAppender.java:timeoutAppendRequest(200)) - 4eec4314-a089-48fe-8241-8a8066126e3f@group-C8C33BDD9912->52078b41-1f38-4037-a826-db5ef9cf1b82-GrpcLogAppender: appendEntries Timeout, request=4eec4314-a089-48fe-8241-8a8066126e3f->52078b41-1f38-4037-a826-db5ef9cf1b82#129-t2, previous=(t:2, i:19), leaderCommit=15, initializing? false, entries: <empty>
2019-09-16 19:12:20,453 [java.util.concurrent.ThreadPoolExecutor$Worker@270df07d[State = -1, empty queue]] WARN  server.GrpcLogAppender (GrpcLogAppender.java:timeoutAppendRequest(200)) - 4eec4314-a089-48fe-8241-8a8066126e3f@group-C8C33BDD9912->30fc0d14-cbc7-4743-b48a-59ef39c48768-GrpcLogAppender: appendEntries Timeout, request=4eec4314-a089-48fe-8241-8a8066126e3f->30fc0d14-cbc7-4743-b48a-59ef39c48768#129-t2, previous=(t:2, i:19), leaderCommit=15, initializing? false, entries: <empty>
2019-09-16 19:12:20,644 [grpc-default-executor-6] WARN  server.GrpcLogAppender (LogUtils.java:warn(134)) - 930b1328-fc80-47b7-a4b1-f8330041d315@group-B5EFBA83B44C->e0619aa3-4ba4-49c8-ac60-3d80bbb74aab-AppendLogResponseHandler: Failed appendEntries: org.apache.ratis.thirdparty.io.grpc.StatusRuntimeException: UNAVAILABLE: io exception
2019-09-16 19:12:20,644 [grpc-default-executor-0] WARN  server.GrpcLogAppender (LogUtils.java:warn(134)) - 930b1328-fc80-47b7-a4b1-f8330041d315@group-B5EFBA83B44C->4bce4e32-952c-4220-bcc9-22a10ce18ca8-AppendLogResponseHandler: Failed appendEntries: org.apache.ratis.thirdparty.io.grpc.StatusRuntimeException: UNAVAILABLE: io exception
2019-09-16 19:12:20,644 [grpc-default-executor-6] INFO  impl.FollowerInfo (FollowerInfo.java:lambda$new$0(51)) - 930b1328-fc80-47b7-a4b1-f8330041d315@group-B5EFBA83B44C->e0619aa3-4ba4-49c8-ac60-3d80bbb74aab: nextIndex: updateUnconditionally 26 -> 25
2019-09-16 19:12:20,644 [grpc-default-executor-0] INFO  impl.FollowerInfo (FollowerInfo.java:lambda$new$0(51)) - 930b1328-fc80-47b7-a4b1-f8330041d315@group-B5EFBA83B44C->4bce4e32-952c-4220-bcc9-22a10ce18ca8: nextIndex: updateUnconditionally 0 -> 0
2019-09-16 19:12:20,953 [java.util.concurrent.ThreadPoolExecutor$Worker@4d174f1d[State = -1, empty queue]] WARN  server.GrpcLogAppender (GrpcLogAppender.java:timeoutAppendRequest(200)) - 4eec4314-a089-48fe-8241-8a8066126e3f@group-C8C33BDD9912->52078b41-1f38-4037-a826-db5ef9cf1b82-GrpcLogAppender: appendEntries Timeout, request=4eec4314-a089-48fe-8241-8a8066126e3f->52078b41-1f38-4037-a826-db5ef9cf1b82#130-t2, previous=(t:2, i:19), leaderCommit=15, initializing? false, entries: <empty>
2019-09-16 19:12:20,953 [java.util.concurrent.ThreadPoolExecutor$Worker@270df07d[State = -1, empty queue]] WARN  server.GrpcLogAppender (GrpcLogAppender.java:timeoutAppendRequest(200)) - 4eec4314-a089-48fe-8241-8a8066126e3f@group-C8C33BDD9912->30fc0d14-cbc7-4743-b48a-59ef39c48768-GrpcLogAppender: appendEntries Timeout, request=4eec4314-a089-48fe-8241-8a8066126e3f->30fc0d14-cbc7-4743-b48a-59ef39c48768#130-t2, previous=(t:2, i:19), leaderCommit=15, initializing? false, entries: <empty>
2019-09-16 19:12:21,145 [grpc-default-executor-4] WARN  server.GrpcLogAppender (LogUtils.java:warn(134)) - 930b1328-fc80-47b7-a4b1-f8330041d315@group-B5EFBA83B44C->4bce4e32-952c-4220-bcc9-22a10ce18ca8-AppendLogResponseHandler: Failed appendEntries: org.apache.ratis.thirdparty.io.grpc.StatusRuntimeException: UNAVAILABLE: io exception
2019-09-16 19:12:21,145 [grpc-default-executor-1] WARN  server.GrpcLogAppender (LogUtils.java:warn(134)) - 930b1328-fc80-47b7-a4b1-f8330041d315@group-B5EFBA83B44C->e0619aa3-4ba4-49c8-ac60-3d80bbb74aab-AppendLogResponseHandler: Failed appendEntries: org.apache.ratis.thirdparty.io.grpc.StatusRuntimeException: UNAVAILABLE: io exception
2019-09-16 19:12:21,145 [grpc-default-executor-4] INFO  impl.FollowerInfo (FollowerInfo.java:lambda$new$0(51)) - 930b1328-fc80-47b7-a4b1-f8330041d315@group-B5EFBA83B44C->4bce4e32-952c-4220-bcc9-22a10ce18ca8: nextIndex: updateUnconditionally 0 -> 0
2019-09-16 19:12:21,145 [grpc-default-executor-1] INFO  impl.FollowerInfo (FollowerInfo.java:lambda$new$0(51)) - 930b1328-fc80-47b7-a4b1-f8330041d315@group-B5EFBA83B44C->e0619aa3-4ba4-49c8-ac60-3d80bbb74aab: nextIndex: updateUnconditionally 25 -> 24
2019-09-16 19:12:21,453 [java.util.concurrent.ThreadPoolExecutor$Worker@4d174f1d[State = -1, empty queue]] WARN  server.GrpcLogAppender (GrpcLogAppender.java:timeoutAppendRequest(200)) - 4eec4314-a089-48fe-8241-8a8066126e3f@group-C8C33BDD9912->52078b41-1f38-4037-a826-db5ef9cf1b82-GrpcLogAppender: appendEntries Timeout, request=4eec4314-a089-48fe-8241-8a8066126e3f->52078b41-1f38-4037-a826-db5ef9cf1b82#131-t2, previous=(t:2, i:19), leaderCommit=15, initializing? false, entries: <empty>
2019-09-16 19:12:21,453 [java.util.concurrent.ThreadPoolExecutor$Worker@270df07d[State = -1, empty queue]] WARN  server.GrpcLogAppender (GrpcLogAppender.java:timeoutAppendRequest(200)) - 4eec4314-a089-48fe-8241-8a8066126e3f@group-C8C33BDD9912->30fc0d14-cbc7-4743-b48a-59ef39c48768-GrpcLogAppender: appendEntries Timeout, request=4eec4314-a089-48fe-8241-8a8066126e3f->30fc0d14-cbc7-4743-b48a-59ef39c48768#131-t2, previous=(t:2, i:19), leaderCommit=15, initializing? false, entries: <empty>
2019-09-16 19:12:21,645 [grpc-default-executor-5] WARN  server.GrpcLogAppender (LogUtils.java:warn(134)) - 930b1328-fc80-47b7-a4b1-f8330041d315@group-B5EFBA83B44C->e0619aa3-4ba4-49c8-ac60-3d80bbb74aab-AppendLogResponseHandler: Failed appendEntries: org.apache.ratis.thirdparty.io.grpc.StatusRuntimeException: UNAVAILABLE: io exception
2019-09-16 19:12:21,645 [grpc-default-executor-2] WARN  server.GrpcLogAppender (LogUtils.java:warn(134)) - 930b1328-fc80-47b7-a4b1-f8330041d315@group-B5EFBA83B44C->4bce4e32-952c-4220-bcc9-22a10ce18ca8-AppendLogResponseHandler: Failed appendEntries: org.apache.ratis.thirdparty.io.grpc.StatusRuntimeException: UNAVAILABLE: io exception
2019-09-16 19:12:21,646 [grpc-default-executor-5] INFO  impl.FollowerInfo (FollowerInfo.java:lambda$new$0(51)) - 930b1328-fc80-47b7-a4b1-f8330041d315@group-B5EFBA83B44C->e0619aa3-4ba4-49c8-ac60-3d80bbb74aab: nextIndex: updateUnconditionally 24 -> 23
2019-09-16 19:12:21,646 [grpc-default-executor-2] INFO  impl.FollowerInfo (FollowerInfo.java:lambda$new$0(51)) - 930b1328-fc80-47b7-a4b1-f8330041d315@group-B5EFBA83B44C->4bce4e32-952c-4220-bcc9-22a10ce18ca8: nextIndex: updateUnconditionally 0 -> 0
2019-09-16 19:12:21,958 [java.util.concurrent.ThreadPoolExecutor$Worker@4d174f1d[State = -1, empty queue]] WARN  server.GrpcLogAppender (GrpcLogAppender.java:timeoutAppendRequest(200)) - 4eec4314-a089-48fe-8241-8a8066126e3f@group-C8C33BDD9912->52078b41-1f38-4037-a826-db5ef9cf1b82-GrpcLogAppender: appendEntries Timeout, request=4eec4314-a089-48fe-8241-8a8066126e3f->52078b41-1f38-4037-a826-db5ef9cf1b82#132-t2, previous=(t:2, i:19), leaderCommit=15, initializing? false, entries: <empty>
2019-09-16 19:12:21,958 [java.util.concurrent.ThreadPoolExecutor$Worker@270df07d[State = -1, empty queue]] WARN  server.GrpcLogAppender (GrpcLogAppender.java:timeoutAppendRequest(200)) - 4eec4314-a089-48fe-8241-8a8066126e3f@group-C8C33BDD9912->30fc0d14-cbc7-4743-b48a-59ef39c48768-GrpcLogAppender: appendEntries Timeout, request=4eec4314-a089-48fe-8241-8a8066126e3f->30fc0d14-cbc7-4743-b48a-59ef39c48768#132-t2, previous=(t:2, i:19), leaderCommit=15, initializing? false, entries: <empty>
2019-09-16 19:12:22,146 [grpc-default-executor-2] WARN  server.GrpcLogAppender (LogUtils.java:warn(134)) - 930b1328-fc80-47b7-a4b1-f8330041d315@group-B5EFBA83B44C->4bce4e32-952c-4220-bcc9-22a10ce18ca8-AppendLogResponseHandler: Failed appendEntries: org.apache.ratis.thirdparty.io.grpc.StatusRuntimeException: UNAVAILABLE: io exception
2019-09-16 19:12:22,146 [grpc-default-executor-1] WARN  server.GrpcLogAppender (LogUtils.java:warn(134)) - 930b1328-fc80-47b7-a4b1-f8330041d315@group-B5EFBA83B44C->e0619aa3-4ba4-49c8-ac60-3d80bbb74aab-AppendLogResponseHandler: Failed appendEntries: org.apache.ratis.thirdparty.io.grpc.StatusRuntimeException: UNAVAILABLE: io exception
2019-09-16 19:12:22,146 [grpc-default-executor-2] INFO  impl.FollowerInfo (FollowerInfo.java:lambda$new$0(51)) - 930b1328-fc80-47b7-a4b1-f8330041d315@group-B5EFBA83B44C->4bce4e32-952c-4220-bcc9-22a10ce18ca8: nextIndex: updateUnconditionally 0 -> 0
2019-09-16 19:12:22,147 [grpc-default-executor-1] INFO  impl.FollowerInfo (FollowerInfo.java:lambda$new$0(51)) - 930b1328-fc80-47b7-a4b1-f8330041d315@group-B5EFBA83B44C->e0619aa3-4ba4-49c8-ac60-3d80bbb74aab: nextIndex: updateUnconditionally 23 -> 22
2019-09-16 19:12:22,458 [java.util.concurrent.ThreadPoolExecutor$Worker@4d174f1d[State = -1, empty queue]] WARN  server.GrpcLogAppender (GrpcLogAppender.java:timeoutAppendRequest(200)) - 4eec4314-a089-48fe-8241-8a8066126e3f@group-C8C33BDD9912->52078b41-1f38-4037-a826-db5ef9cf1b82-GrpcLogAppender: appendEntries Timeout, request=4eec4314-a089-48fe-8241-8a8066126e3f->52078b41-1f38-4037-a826-db5ef9cf1b82#133-t2, previous=(t:2, i:19), leaderCommit=15, initializing? false, entries: <empty>
2019-09-16 19:12:22,458 [java.util.concurrent.ThreadPoolExecutor$Worker@270df07d[State = -1, empty queue]] WARN  server.GrpcLogAppender (GrpcLogAppender.java:timeoutAppendRequest(200)) - 4eec4314-a089-48fe-8241-8a8066126e3f@group-C8C33BDD9912->30fc0d14-cbc7-4743-b48a-59ef39c48768-GrpcLogAppender: appendEntries Timeout, request=4eec4314-a089-48fe-8241-8a8066126e3f->30fc0d14-cbc7-4743-b48a-59ef39c48768#133-t2, previous=(t:2, i:19), leaderCommit=15, initializing? false, entries: <empty>
2019-09-16 19:12:22,647 [grpc-default-executor-4] WARN  server.GrpcLogAppender (LogUtils.java:warn(134)) - 930b1328-fc80-47b7-a4b1-f8330041d315@group-B5EFBA83B44C->e0619aa3-4ba4-49c8-ac60-3d80bbb74aab-AppendLogResponseHandler: Failed appendEntries: org.apache.ratis.thirdparty.io.grpc.StatusRuntimeException: UNAVAILABLE: io exception
2019-09-16 19:12:22,647 [grpc-default-executor-1] WARN  server.GrpcLogAppender (LogUtils.java:warn(134)) - 930b1328-fc80-47b7-a4b1-f8330041d315@group-B5EFBA83B44C->4bce4e32-952c-4220-bcc9-22a10ce18ca8-AppendLogResponseHandler: Failed appendEntries: org.apache.ratis.thirdparty.io.grpc.StatusRuntimeException: UNAVAILABLE: io exception
2019-09-16 19:12:22,647 [grpc-default-executor-4] INFO  impl.FollowerInfo (FollowerInfo.java:lambda$new$0(51)) - 930b1328-fc80-47b7-a4b1-f8330041d315@group-B5EFBA83B44C->e0619aa3-4ba4-49c8-ac60-3d80bbb74aab: nextIndex: updateUnconditionally 22 -> 21
2019-09-16 19:12:22,648 [grpc-default-executor-1] INFO  impl.FollowerInfo (FollowerInfo.java:lambda$new$0(51)) - 930b1328-fc80-47b7-a4b1-f8330041d315@group-B5EFBA83B44C->4bce4e32-952c-4220-bcc9-22a10ce18ca8: nextIndex: updateUnconditionally 0 -> 0
2019-09-16 19:12:22,961 [java.util.concurrent.ThreadPoolExecutor$Worker@4d174f1d[State = -1, empty queue]] WARN  server.GrpcLogAppender (GrpcLogAppender.java:timeoutAppendRequest(200)) - 4eec4314-a089-48fe-8241-8a8066126e3f@group-C8C33BDD9912->52078b41-1f38-4037-a826-db5ef9cf1b82-GrpcLogAppender: appendEntries Timeout, request=4eec4314-a089-48fe-8241-8a8066126e3f->52078b41-1f38-4037-a826-db5ef9cf1b82#134-t2, previous=(t:2, i:19), leaderCommit=15, initializing? false, entries: <empty>
2019-09-16 19:12:22,961 [java.util.concurrent.ThreadPoolExecutor$Worker@270df07d[State = -1, empty queue]] WARN  server.GrpcLogAppender (GrpcLogAppender.java:timeoutAppendRequest(200)) - 4eec4314-a089-48fe-8241-8a8066126e3f@group-C8C33BDD9912->30fc0d14-cbc7-4743-b48a-59ef39c48768-GrpcLogAppender: appendEntries Timeout, request=4eec4314-a089-48fe-8241-8a8066126e3f->30fc0d14-cbc7-4743-b48a-59ef39c48768#134-t2, previous=(t:2, i:19), leaderCommit=15, initializing? false, entries: <empty>
2019-09-16 19:12:23,149 [grpc-default-executor-5] WARN  server.GrpcLogAppender (LogUtils.java:warn(134)) - 930b1328-fc80-47b7-a4b1-f8330041d315@group-B5EFBA83B44C->4bce4e32-952c-4220-bcc9-22a10ce18ca8-AppendLogResponseHandler: Failed appendEntries: org.apache.ratis.thirdparty.io.grpc.StatusRuntimeException: UNAVAILABLE: io exception
2019-09-16 19:12:23,149 [grpc-default-executor-0] WARN  server.GrpcLogAppender (LogUtils.java:warn(134)) - 930b1328-fc80-47b7-a4b1-f8330041d315@group-B5EFBA83B44C->e0619aa3-4ba4-49c8-ac60-3d80bbb74aab-AppendLogResponseHandler: Failed appendEntries: org.apache.ratis.thirdparty.io.grpc.StatusRuntimeException: UNAVAILABLE: io exception
2019-09-16 19:12:23,150 [grpc-default-executor-5] INFO  impl.FollowerInfo (FollowerInfo.java:lambda$new$0(51)) - 930b1328-fc80-47b7-a4b1-f8330041d315@group-B5EFBA83B44C->4bce4e32-952c-4220-bcc9-22a10ce18ca8: nextIndex: updateUnconditionally 0 -> 0
2019-09-16 19:12:23,150 [grpc-default-executor-0] INFO  impl.FollowerInfo (FollowerInfo.java:lambda$new$0(51)) - 930b1328-fc80-47b7-a4b1-f8330041d315@group-B5EFBA83B44C->e0619aa3-4ba4-49c8-ac60-3d80bbb74aab: nextIndex: updateUnconditionally 21 -> 20
2019-09-16 19:12:23,402 [52078b41-1f38-4037-a826-db5ef9cf1b82@group-C8C33BDD9912-SegmentedRaftLogWorker] WARN  segmented.SegmentedRaftLogWorker (SegmentedRaftLogWorker.java:getFromFuture(90)) - Timeout 5/~
org.apache.ratis.protocol.TimeoutIOException: Timeout 10s: WriteLog:18: (t:2, i:18), STATEMACHINELOGENTRY, client-C26E20CEB926, cid=40-writeStateMachineData
	at org.apache.ratis.util.IOUtils.getFromFuture(IOUtils.java:87)
	at org.apache.ratis.server.raftlog.segmented.SegmentedRaftLogWorker$StateMachineDataPolicy.getFromFuture(SegmentedRaftLogWorker.java:87)
	at org.apache.ratis.server.raftlog.segmented.SegmentedRaftLogWorker$WriteLog.execute(SegmentedRaftLogWorker.java:477)
	at org.apache.ratis.server.raftlog.segmented.SegmentedRaftLogWorker.run(SegmentedRaftLogWorker.java:289)
	at java.lang.Thread.run(Thread.java:748)
Caused by: java.util.concurrent.TimeoutException
	at java.util.concurrent.CompletableFuture.timedGet(CompletableFuture.java:1771)
	at java.util.concurrent.CompletableFuture.get(CompletableFuture.java:1915)
	at org.apache.ratis.util.IOUtils.getFromFuture(IOUtils.java:79)
	... 4 more
2019-09-16 19:12:23,402 [4eec4314-a089-48fe-8241-8a8066126e3f@group-C8C33BDD9912-SegmentedRaftLogWorker] WARN  segmented.SegmentedRaftLogWorker (SegmentedRaftLogWorker.java:getFromFuture(90)) - Timeout 5/~
org.apache.ratis.protocol.TimeoutIOException: Timeout 10s: WriteLog:18: (t:2, i:18), STATEMACHINELOGENTRY, client-C26E20CEB926, cid=40-writeStateMachineData
	at org.apache.ratis.util.IOUtils.getFromFuture(IOUtils.java:87)
	at org.apache.ratis.server.raftlog.segmented.SegmentedRaftLogWorker$StateMachineDataPolicy.getFromFuture(SegmentedRaftLogWorker.java:87)
	at org.apache.ratis.server.raftlog.segmented.SegmentedRaftLogWorker$WriteLog.execute(SegmentedRaftLogWorker.java:477)
	at org.apache.ratis.server.raftlog.segmented.SegmentedRaftLogWorker.run(SegmentedRaftLogWorker.java:289)
	at java.lang.Thread.run(Thread.java:748)
Caused by: java.util.concurrent.TimeoutException
	at java.util.concurrent.CompletableFuture.timedGet(CompletableFuture.java:1771)
	at java.util.concurrent.CompletableFuture.get(CompletableFuture.java:1915)
	at org.apache.ratis.util.IOUtils.getFromFuture(IOUtils.java:79)
	... 4 more
2019-09-16 19:12:23,417 [30fc0d14-cbc7-4743-b48a-59ef39c48768@group-C8C33BDD9912-SegmentedRaftLogWorker] WARN  segmented.SegmentedRaftLogWorker (SegmentedRaftLogWorker.java:getFromFuture(90)) - Timeout 5/~
org.apache.ratis.protocol.TimeoutIOException: Timeout 10s: WriteLog:18: (t:2, i:18), STATEMACHINELOGENTRY, client-C26E20CEB926, cid=40-writeStateMachineData
	at org.apache.ratis.util.IOUtils.getFromFuture(IOUtils.java:87)
	at org.apache.ratis.server.raftlog.segmented.SegmentedRaftLogWorker$StateMachineDataPolicy.getFromFuture(SegmentedRaftLogWorker.java:87)
	at org.apache.ratis.server.raftlog.segmented.SegmentedRaftLogWorker$WriteLog.execute(SegmentedRaftLogWorker.java:477)
	at org.apache.ratis.server.raftlog.segmented.SegmentedRaftLogWorker.run(SegmentedRaftLogWorker.java:289)
	at java.lang.Thread.run(Thread.java:748)
Caused by: java.util.concurrent.TimeoutException
	at java.util.concurrent.CompletableFuture.timedGet(CompletableFuture.java:1771)
	at java.util.concurrent.CompletableFuture.get(CompletableFuture.java:1915)
	at org.apache.ratis.util.IOUtils.getFromFuture(IOUtils.java:79)
	... 4 more
2019-09-16 19:12:23,461 [java.util.concurrent.ThreadPoolExecutor$Worker@4d174f1d[State = -1, empty queue]] WARN  server.GrpcLogAppender (GrpcLogAppender.java:timeoutAppendRequest(200)) - 4eec4314-a089-48fe-8241-8a8066126e3f@group-C8C33BDD9912->52078b41-1f38-4037-a826-db5ef9cf1b82-GrpcLogAppender: appendEntries Timeout, request=4eec4314-a089-48fe-8241-8a8066126e3f->52078b41-1f38-4037-a826-db5ef9cf1b82#135-t2, previous=(t:2, i:19), leaderCommit=15, initializing? false, entries: <empty>
2019-09-16 19:12:23,461 [java.util.concurrent.ThreadPoolExecutor$Worker@270df07d[State = -1, empty queue]] WARN  server.GrpcLogAppender (GrpcLogAppender.java:timeoutAppendRequest(200)) - 4eec4314-a089-48fe-8241-8a8066126e3f@group-C8C33BDD9912->30fc0d14-cbc7-4743-b48a-59ef39c48768-GrpcLogAppender: appendEntries Timeout, request=4eec4314-a089-48fe-8241-8a8066126e3f->30fc0d14-cbc7-4743-b48a-59ef39c48768#135-t2, previous=(t:2, i:19), leaderCommit=15, initializing? false, entries: <empty>
2019-09-16 19:12:23,649 [grpc-default-executor-6] WARN  server.GrpcLogAppender (LogUtils.java:warn(134)) - 930b1328-fc80-47b7-a4b1-f8330041d315@group-B5EFBA83B44C->4bce4e32-952c-4220-bcc9-22a10ce18ca8-AppendLogResponseHandler: Failed appendEntries: org.apache.ratis.thirdparty.io.grpc.StatusRuntimeException: UNAVAILABLE: io exception
2019-09-16 19:12:23,649 [grpc-default-executor-2] WARN  server.GrpcLogAppender (LogUtils.java:warn(134)) - 930b1328-fc80-47b7-a4b1-f8330041d315@group-B5EFBA83B44C->e0619aa3-4ba4-49c8-ac60-3d80bbb74aab-AppendLogResponseHandler: Failed appendEntries: org.apache.ratis.thirdparty.io.grpc.StatusRuntimeException: UNAVAILABLE: io exception
2019-09-16 19:12:23,650 [grpc-default-executor-6] INFO  impl.FollowerInfo (FollowerInfo.java:lambda$new$0(51)) - 930b1328-fc80-47b7-a4b1-f8330041d315@group-B5EFBA83B44C->4bce4e32-952c-4220-bcc9-22a10ce18ca8: nextIndex: updateUnconditionally 0 -> 0
2019-09-16 19:12:23,650 [grpc-default-executor-2] INFO  impl.FollowerInfo (FollowerInfo.java:lambda$new$0(51)) - 930b1328-fc80-47b7-a4b1-f8330041d315@group-B5EFBA83B44C->e0619aa3-4ba4-49c8-ac60-3d80bbb74aab: nextIndex: updateUnconditionally 20 -> 19
2019-09-16 19:12:23,962 [java.util.concurrent.ThreadPoolExecutor$Worker@4d174f1d[State = -1, empty queue]] WARN  server.GrpcLogAppender (GrpcLogAppender.java:timeoutAppendRequest(200)) - 4eec4314-a089-48fe-8241-8a8066126e3f@group-C8C33BDD9912->52078b41-1f38-4037-a826-db5ef9cf1b82-GrpcLogAppender: appendEntries Timeout, request=4eec4314-a089-48fe-8241-8a8066126e3f->52078b41-1f38-4037-a826-db5ef9cf1b82#136-t2, previous=(t:2, i:19), leaderCommit=15, initializing? false, entries: <empty>
2019-09-16 19:12:23,962 [java.util.concurrent.ThreadPoolExecutor$Worker@270df07d[State = -1, empty queue]] WARN  server.GrpcLogAppender (GrpcLogAppender.java:timeoutAppendRequest(200)) - 4eec4314-a089-48fe-8241-8a8066126e3f@group-C8C33BDD9912->30fc0d14-cbc7-4743-b48a-59ef39c48768-GrpcLogAppender: appendEntries Timeout, request=4eec4314-a089-48fe-8241-8a8066126e3f->30fc0d14-cbc7-4743-b48a-59ef39c48768#136-t2, previous=(t:2, i:19), leaderCommit=15, initializing? false, entries: <empty>
2019-09-16 19:12:24,150 [grpc-default-executor-2] WARN  server.GrpcLogAppender (LogUtils.java:warn(134)) - 930b1328-fc80-47b7-a4b1-f8330041d315@group-B5EFBA83B44C->e0619aa3-4ba4-49c8-ac60-3d80bbb74aab-AppendLogResponseHandler: Failed appendEntries: org.apache.ratis.thirdparty.io.grpc.StatusRuntimeException: UNAVAILABLE: io exception
2019-09-16 19:12:24,150 [grpc-default-executor-4] WARN  server.GrpcLogAppender (LogUtils.java:warn(134)) - 930b1328-fc80-47b7-a4b1-f8330041d315@group-B5EFBA83B44C->4bce4e32-952c-4220-bcc9-22a10ce18ca8-AppendLogResponseHandler: Failed appendEntries: org.apache.ratis.thirdparty.io.grpc.StatusRuntimeException: UNAVAILABLE: io exception
2019-09-16 19:12:24,150 [grpc-default-executor-2] INFO  impl.FollowerInfo (FollowerInfo.java:lambda$new$0(51)) - 930b1328-fc80-47b7-a4b1-f8330041d315@group-B5EFBA83B44C->e0619aa3-4ba4-49c8-ac60-3d80bbb74aab: nextIndex: updateUnconditionally 19 -> 18
2019-09-16 19:12:24,151 [grpc-default-executor-4] INFO  impl.FollowerInfo (FollowerInfo.java:lambda$new$0(51)) - 930b1328-fc80-47b7-a4b1-f8330041d315@group-B5EFBA83B44C->4bce4e32-952c-4220-bcc9-22a10ce18ca8: nextIndex: updateUnconditionally 0 -> 0
2019-09-16 19:12:24,462 [java.util.concurrent.ThreadPoolExecutor$Worker@4d174f1d[State = -1, empty queue]] WARN  server.GrpcLogAppender (GrpcLogAppender.java:timeoutAppendRequest(200)) - 4eec4314-a089-48fe-8241-8a8066126e3f@group-C8C33BDD9912->52078b41-1f38-4037-a826-db5ef9cf1b82-GrpcLogAppender: appendEntries Timeout, request=4eec4314-a089-48fe-8241-8a8066126e3f->52078b41-1f38-4037-a826-db5ef9cf1b82#137-t2, previous=(t:2, i:19), leaderCommit=15, initializing? false, entries: <empty>
2019-09-16 19:12:24,462 [java.util.concurrent.ThreadPoolExecutor$Worker@270df07d[State = -1, empty queue]] WARN  server.GrpcLogAppender (GrpcLogAppender.java:timeoutAppendRequest(200)) - 4eec4314-a089-48fe-8241-8a8066126e3f@group-C8C33BDD9912->30fc0d14-cbc7-4743-b48a-59ef39c48768-GrpcLogAppender: appendEntries Timeout, request=4eec4314-a089-48fe-8241-8a8066126e3f->30fc0d14-cbc7-4743-b48a-59ef39c48768#137-t2, previous=(t:2, i:19), leaderCommit=15, initializing? false, entries: <empty>
2019-09-16 19:12:24,653 [grpc-default-executor-2] WARN  server.GrpcLogAppender (LogUtils.java:warn(134)) - 930b1328-fc80-47b7-a4b1-f8330041d315@group-B5EFBA83B44C->4bce4e32-952c-4220-bcc9-22a10ce18ca8-AppendLogResponseHandler: Failed appendEntries: org.apache.ratis.thirdparty.io.grpc.StatusRuntimeException: UNAVAILABLE: io exception
2019-09-16 19:12:24,653 [grpc-default-executor-4] WARN  server.GrpcLogAppender (LogUtils.java:warn(134)) - 930b1328-fc80-47b7-a4b1-f8330041d315@group-B5EFBA83B44C->e0619aa3-4ba4-49c8-ac60-3d80bbb74aab-AppendLogResponseHandler: Failed appendEntries: org.apache.ratis.thirdparty.io.grpc.StatusRuntimeException: UNAVAILABLE: io exception
2019-09-16 19:12:24,653 [grpc-default-executor-2] INFO  impl.FollowerInfo (FollowerInfo.java:lambda$new$0(51)) - 930b1328-fc80-47b7-a4b1-f8330041d315@group-B5EFBA83B44C->4bce4e32-952c-4220-bcc9-22a10ce18ca8: nextIndex: updateUnconditionally 0 -> 0
2019-09-16 19:12:24,653 [grpc-default-executor-4] INFO  impl.FollowerInfo (FollowerInfo.java:lambda$new$0(51)) - 930b1328-fc80-47b7-a4b1-f8330041d315@group-B5EFBA83B44C->e0619aa3-4ba4-49c8-ac60-3d80bbb74aab: nextIndex: updateUnconditionally 18 -> 17
2019-09-16 19:12:24,962 [java.util.concurrent.ThreadPoolExecutor$Worker@270df07d[State = -1, empty queue]] WARN  server.GrpcLogAppender (GrpcLogAppender.java:timeoutAppendRequest(200)) - 4eec4314-a089-48fe-8241-8a8066126e3f@group-C8C33BDD9912->30fc0d14-cbc7-4743-b48a-59ef39c48768-GrpcLogAppender: appendEntries Timeout, request=4eec4314-a089-48fe-8241-8a8066126e3f->30fc0d14-cbc7-4743-b48a-59ef39c48768#138-t2, previous=(t:2, i:19), leaderCommit=15, initializing? false, entries: <empty>
2019-09-16 19:12:24,962 [java.util.concurrent.ThreadPoolExecutor$Worker@4d174f1d[State = -1, empty queue]] WARN  server.GrpcLogAppender (GrpcLogAppender.java:timeoutAppendRequest(200)) - 4eec4314-a089-48fe-8241-8a8066126e3f@group-C8C33BDD9912->52078b41-1f38-4037-a826-db5ef9cf1b82-GrpcLogAppender: appendEntries Timeout, request=4eec4314-a089-48fe-8241-8a8066126e3f->52078b41-1f38-4037-a826-db5ef9cf1b82#138-t2, previous=(t:2, i:19), leaderCommit=15, initializing? false, entries: <empty>
2019-09-16 19:12:25,153 [grpc-default-executor-4] WARN  server.GrpcLogAppender (LogUtils.java:warn(134)) - 930b1328-fc80-47b7-a4b1-f8330041d315@group-B5EFBA83B44C->e0619aa3-4ba4-49c8-ac60-3d80bbb74aab-AppendLogResponseHandler: Failed appendEntries: org.apache.ratis.thirdparty.io.grpc.StatusRuntimeException: UNAVAILABLE: io exception
2019-09-16 19:12:25,153 [grpc-default-executor-1] WARN  server.GrpcLogAppender (LogUtils.java:warn(134)) - 930b1328-fc80-47b7-a4b1-f8330041d315@group-B5EFBA83B44C->4bce4e32-952c-4220-bcc9-22a10ce18ca8-AppendLogResponseHandler: Failed appendEntries: org.apache.ratis.thirdparty.io.grpc.StatusRuntimeException: UNAVAILABLE: io exception
2019-09-16 19:12:25,154 [grpc-default-executor-4] INFO  impl.FollowerInfo (FollowerInfo.java:lambda$new$0(51)) - 930b1328-fc80-47b7-a4b1-f8330041d315@group-B5EFBA83B44C->e0619aa3-4ba4-49c8-ac60-3d80bbb74aab: nextIndex: updateUnconditionally 17 -> 16
2019-09-16 19:12:25,154 [grpc-default-executor-1] INFO  impl.FollowerInfo (FollowerInfo.java:lambda$new$0(51)) - 930b1328-fc80-47b7-a4b1-f8330041d315@group-B5EFBA83B44C->4bce4e32-952c-4220-bcc9-22a10ce18ca8: nextIndex: updateUnconditionally 0 -> 0
2019-09-16 19:12:25,463 [java.util.concurrent.ThreadPoolExecutor$Worker@270df07d[State = -1, empty queue]] WARN  server.GrpcLogAppender (GrpcLogAppender.java:timeoutAppendRequest(200)) - 4eec4314-a089-48fe-8241-8a8066126e3f@group-C8C33BDD9912->30fc0d14-cbc7-4743-b48a-59ef39c48768-GrpcLogAppender: appendEntries Timeout, request=4eec4314-a089-48fe-8241-8a8066126e3f->30fc0d14-cbc7-4743-b48a-59ef39c48768#139-t2, previous=(t:2, i:19), leaderCommit=15, initializing? false, entries: <empty>
2019-09-16 19:12:25,463 [java.util.concurrent.ThreadPoolExecutor$Worker@4d174f1d[State = -1, empty queue]] WARN  server.GrpcLogAppender (GrpcLogAppender.java:timeoutAppendRequest(200)) - 4eec4314-a089-48fe-8241-8a8066126e3f@group-C8C33BDD9912->52078b41-1f38-4037-a826-db5ef9cf1b82-GrpcLogAppender: appendEntries Timeout, request=4eec4314-a089-48fe-8241-8a8066126e3f->52078b41-1f38-4037-a826-db5ef9cf1b82#139-t2, previous=(t:2, i:19), leaderCommit=15, initializing? false, entries: <empty>
2019-09-16 19:12:25,654 [grpc-default-executor-0] WARN  server.GrpcLogAppender (LogUtils.java:warn(134)) - 930b1328-fc80-47b7-a4b1-f8330041d315@group-B5EFBA83B44C->4bce4e32-952c-4220-bcc9-22a10ce18ca8-AppendLogResponseHandler: Failed appendEntries: org.apache.ratis.thirdparty.io.grpc.StatusRuntimeException: UNAVAILABLE: io exception
2019-09-16 19:12:25,654 [grpc-default-executor-6] WARN  server.GrpcLogAppender (LogUtils.java:warn(134)) - 930b1328-fc80-47b7-a4b1-f8330041d315@group-B5EFBA83B44C->e0619aa3-4ba4-49c8-ac60-3d80bbb74aab-AppendLogResponseHandler: Failed appendEntries: org.apache.ratis.thirdparty.io.grpc.StatusRuntimeException: UNAVAILABLE: io exception
2019-09-16 19:12:25,655 [grpc-default-executor-0] INFO  impl.FollowerInfo (FollowerInfo.java:lambda$new$0(51)) - 930b1328-fc80-47b7-a4b1-f8330041d315@group-B5EFBA83B44C->4bce4e32-952c-4220-bcc9-22a10ce18ca8: nextIndex: updateUnconditionally 0 -> 0
2019-09-16 19:12:25,655 [grpc-default-executor-6] INFO  impl.FollowerInfo (FollowerInfo.java:lambda$new$0(51)) - 930b1328-fc80-47b7-a4b1-f8330041d315@group-B5EFBA83B44C->e0619aa3-4ba4-49c8-ac60-3d80bbb74aab: nextIndex: updateUnconditionally 16 -> 15
2019-09-16 19:12:25,963 [java.util.concurrent.ThreadPoolExecutor$Worker@4d174f1d[State = -1, empty queue]] WARN  server.GrpcLogAppender (GrpcLogAppender.java:timeoutAppendRequest(200)) - 4eec4314-a089-48fe-8241-8a8066126e3f@group-C8C33BDD9912->52078b41-1f38-4037-a826-db5ef9cf1b82-GrpcLogAppender: appendEntries Timeout, request=4eec4314-a089-48fe-8241-8a8066126e3f->52078b41-1f38-4037-a826-db5ef9cf1b82#140-t2, previous=(t:2, i:19), leaderCommit=15, initializing? false, entries: <empty>
2019-09-16 19:12:25,963 [java.util.concurrent.ThreadPoolExecutor$Worker@270df07d[State = -1, empty queue]] WARN  server.GrpcLogAppender (GrpcLogAppender.java:timeoutAppendRequest(200)) - 4eec4314-a089-48fe-8241-8a8066126e3f@group-C8C33BDD9912->30fc0d14-cbc7-4743-b48a-59ef39c48768-GrpcLogAppender: appendEntries Timeout, request=4eec4314-a089-48fe-8241-8a8066126e3f->30fc0d14-cbc7-4743-b48a-59ef39c48768#140-t2, previous=(t:2, i:19), leaderCommit=15, initializing? false, entries: <empty>
2019-09-16 19:12:26,154 [grpc-default-executor-4] WARN  server.GrpcLogAppender (LogUtils.java:warn(134)) - 930b1328-fc80-47b7-a4b1-f8330041d315@group-B5EFBA83B44C->e0619aa3-4ba4-49c8-ac60-3d80bbb74aab-AppendLogResponseHandler: Failed appendEntries: org.apache.ratis.thirdparty.io.grpc.StatusRuntimeException: UNAVAILABLE: io exception
2019-09-16 19:12:26,154 [grpc-default-executor-1] WARN  server.GrpcLogAppender (LogUtils.java:warn(134)) - 930b1328-fc80-47b7-a4b1-f8330041d315@group-B5EFBA83B44C->4bce4e32-952c-4220-bcc9-22a10ce18ca8-AppendLogResponseHandler: Failed appendEntries: org.apache.ratis.thirdparty.io.grpc.StatusRuntimeException: UNAVAILABLE: io exception
2019-09-16 19:12:26,155 [grpc-default-executor-4] INFO  impl.FollowerInfo (FollowerInfo.java:lambda$new$0(51)) - 930b1328-fc80-47b7-a4b1-f8330041d315@group-B5EFBA83B44C->e0619aa3-4ba4-49c8-ac60-3d80bbb74aab: nextIndex: updateUnconditionally 15 -> 14
2019-09-16 19:12:26,155 [grpc-default-executor-1] INFO  impl.FollowerInfo (FollowerInfo.java:lambda$new$0(51)) - 930b1328-fc80-47b7-a4b1-f8330041d315@group-B5EFBA83B44C->4bce4e32-952c-4220-bcc9-22a10ce18ca8: nextIndex: updateUnconditionally 0 -> 0
2019-09-16 19:12:26,463 [java.util.concurrent.ThreadPoolExecutor$Worker@4d174f1d[State = -1, empty queue]] WARN  server.GrpcLogAppender (GrpcLogAppender.java:timeoutAppendRequest(200)) - 4eec4314-a089-48fe-8241-8a8066126e3f@group-C8C33BDD9912->52078b41-1f38-4037-a826-db5ef9cf1b82-GrpcLogAppender: appendEntries Timeout, request=4eec4314-a089-48fe-8241-8a8066126e3f->52078b41-1f38-4037-a826-db5ef9cf1b82#141-t2, previous=(t:2, i:19), leaderCommit=15, initializing? false, entries: <empty>
2019-09-16 19:12:26,464 [java.util.concurrent.ThreadPoolExecutor$Worker@270df07d[State = -1, empty queue]] WARN  server.GrpcLogAppender (GrpcLogAppender.java:timeoutAppendRequest(200)) - 4eec4314-a089-48fe-8241-8a8066126e3f@group-C8C33BDD9912->30fc0d14-cbc7-4743-b48a-59ef39c48768-GrpcLogAppender: appendEntries Timeout, request=4eec4314-a089-48fe-8241-8a8066126e3f->30fc0d14-cbc7-4743-b48a-59ef39c48768#141-t2, previous=(t:2, i:19), leaderCommit=15, initializing? false, entries: <empty>
2019-09-16 19:12:26,655 [grpc-default-executor-6] WARN  server.GrpcLogAppender (LogUtils.java:warn(134)) - 930b1328-fc80-47b7-a4b1-f8330041d315@group-B5EFBA83B44C->e0619aa3-4ba4-49c8-ac60-3d80bbb74aab-AppendLogResponseHandler: Failed appendEntries: org.apache.ratis.thirdparty.io.grpc.StatusRuntimeException: UNAVAILABLE: io exception
2019-09-16 19:12:26,655 [grpc-default-executor-2] WARN  server.GrpcLogAppender (LogUtils.java:warn(134)) - 930b1328-fc80-47b7-a4b1-f8330041d315@group-B5EFBA83B44C->4bce4e32-952c-4220-bcc9-22a10ce18ca8-AppendLogResponseHandler: Failed appendEntries: org.apache.ratis.thirdparty.io.grpc.StatusRuntimeException: UNAVAILABLE: io exception
2019-09-16 19:12:26,656 [grpc-default-executor-6] INFO  impl.FollowerInfo (FollowerInfo.java:lambda$new$0(51)) - 930b1328-fc80-47b7-a4b1-f8330041d315@group-B5EFBA83B44C->e0619aa3-4ba4-49c8-ac60-3d80bbb74aab: nextIndex: updateUnconditionally 14 -> 13
2019-09-16 19:12:26,656 [grpc-default-executor-2] INFO  impl.FollowerInfo (FollowerInfo.java:lambda$new$0(51)) - 930b1328-fc80-47b7-a4b1-f8330041d315@group-B5EFBA83B44C->4bce4e32-952c-4220-bcc9-22a10ce18ca8: nextIndex: updateUnconditionally 0 -> 0
2019-09-16 19:12:26,964 [java.util.concurrent.ThreadPoolExecutor$Worker@270df07d[State = -1, empty queue]] WARN  server.GrpcLogAppender (GrpcLogAppender.java:timeoutAppendRequest(200)) - 4eec4314-a089-48fe-8241-8a8066126e3f@group-C8C33BDD9912->30fc0d14-cbc7-4743-b48a-59ef39c48768-GrpcLogAppender: appendEntries Timeout, request=4eec4314-a089-48fe-8241-8a8066126e3f->30fc0d14-cbc7-4743-b48a-59ef39c48768#142-t2, previous=(t:2, i:19), leaderCommit=15, initializing? false, entries: <empty>
2019-09-16 19:12:26,964 [java.util.concurrent.ThreadPoolExecutor$Worker@4d174f1d[State = -1, empty queue]] WARN  server.GrpcLogAppender (GrpcLogAppender.java:timeoutAppendRequest(200)) - 4eec4314-a089-48fe-8241-8a8066126e3f@group-C8C33BDD9912->52078b41-1f38-4037-a826-db5ef9cf1b82-GrpcLogAppender: appendEntries Timeout, request=4eec4314-a089-48fe-8241-8a8066126e3f->52078b41-1f38-4037-a826-db5ef9cf1b82#142-t2, previous=(t:2, i:19), leaderCommit=15, initializing? false, entries: <empty>
2019-09-16 19:12:27,156 [grpc-default-executor-0] WARN  server.GrpcLogAppender (LogUtils.java:warn(134)) - 930b1328-fc80-47b7-a4b1-f8330041d315@group-B5EFBA83B44C->4bce4e32-952c-4220-bcc9-22a10ce18ca8-AppendLogResponseHandler: Failed appendEntries: org.apache.ratis.thirdparty.io.grpc.StatusRuntimeException: UNAVAILABLE: io exception
2019-09-16 19:12:27,156 [grpc-default-executor-4] WARN  server.GrpcLogAppender (LogUtils.java:warn(134)) - 930b1328-fc80-47b7-a4b1-f8330041d315@group-B5EFBA83B44C->e0619aa3-4ba4-49c8-ac60-3d80bbb74aab-AppendLogResponseHandler: Failed appendEntries: org.apache.ratis.thirdparty.io.grpc.StatusRuntimeException: UNAVAILABLE: io exception
2019-09-16 19:12:27,157 [grpc-default-executor-0] INFO  impl.FollowerInfo (FollowerInfo.java:lambda$new$0(51)) - 930b1328-fc80-47b7-a4b1-f8330041d315@group-B5EFBA83B44C->4bce4e32-952c-4220-bcc9-22a10ce18ca8: nextIndex: updateUnconditionally 0 -> 0
2019-09-16 19:12:27,157 [grpc-default-executor-4] INFO  impl.FollowerInfo (FollowerInfo.java:lambda$new$0(51)) - 930b1328-fc80-47b7-a4b1-f8330041d315@group-B5EFBA83B44C->e0619aa3-4ba4-49c8-ac60-3d80bbb74aab: nextIndex: updateUnconditionally 13 -> 12
2019-09-16 19:12:27,464 [java.util.concurrent.ThreadPoolExecutor$Worker@4d174f1d[State = -1, empty queue]] WARN  server.GrpcLogAppender (GrpcLogAppender.java:timeoutAppendRequest(200)) - 4eec4314-a089-48fe-8241-8a8066126e3f@group-C8C33BDD9912->52078b41-1f38-4037-a826-db5ef9cf1b82-GrpcLogAppender: appendEntries Timeout, request=4eec4314-a089-48fe-8241-8a8066126e3f->52078b41-1f38-4037-a826-db5ef9cf1b82#143-t2, previous=(t:2, i:19), leaderCommit=15, initializing? false, entries: <empty>
2019-09-16 19:12:27,464 [java.util.concurrent.ThreadPoolExecutor$Worker@270df07d[State = -1, empty queue]] WARN  server.GrpcLogAppender (GrpcLogAppender.java:timeoutAppendRequest(200)) - 4eec4314-a089-48fe-8241-8a8066126e3f@group-C8C33BDD9912->30fc0d14-cbc7-4743-b48a-59ef39c48768-GrpcLogAppender: appendEntries Timeout, request=4eec4314-a089-48fe-8241-8a8066126e3f->30fc0d14-cbc7-4743-b48a-59ef39c48768#143-t2, previous=(t:2, i:19), leaderCommit=15, initializing? false, entries: <empty>
2019-09-16 19:12:27,657 [grpc-default-executor-2] WARN  server.GrpcLogAppender (LogUtils.java:warn(134)) - 930b1328-fc80-47b7-a4b1-f8330041d315@group-B5EFBA83B44C->4bce4e32-952c-4220-bcc9-22a10ce18ca8-AppendLogResponseHandler: Failed appendEntries: org.apache.ratis.thirdparty.io.grpc.StatusRuntimeException: UNAVAILABLE: io exception
2019-09-16 19:12:27,657 [grpc-default-executor-1] WARN  server.GrpcLogAppender (LogUtils.java:warn(134)) - 930b1328-fc80-47b7-a4b1-f8330041d315@group-B5EFBA83B44C->e0619aa3-4ba4-49c8-ac60-3d80bbb74aab-AppendLogResponseHandler: Failed appendEntries: org.apache.ratis.thirdparty.io.grpc.StatusRuntimeException: UNAVAILABLE: io exception
2019-09-16 19:12:27,657 [grpc-default-executor-2] INFO  impl.FollowerInfo (FollowerInfo.java:lambda$new$0(51)) - 930b1328-fc80-47b7-a4b1-f8330041d315@group-B5EFBA83B44C->4bce4e32-952c-4220-bcc9-22a10ce18ca8: nextIndex: updateUnconditionally 0 -> 0
2019-09-16 19:12:27,657 [grpc-default-executor-1] INFO  impl.FollowerInfo (FollowerInfo.java:lambda$new$0(51)) - 930b1328-fc80-47b7-a4b1-f8330041d315@group-B5EFBA83B44C->e0619aa3-4ba4-49c8-ac60-3d80bbb74aab: nextIndex: updateUnconditionally 12 -> 11
2019-09-16 19:12:27,965 [java.util.concurrent.ThreadPoolExecutor$Worker@270df07d[State = -1, empty queue]] WARN  server.GrpcLogAppender (GrpcLogAppender.java:timeoutAppendRequest(200)) - 4eec4314-a089-48fe-8241-8a8066126e3f@group-C8C33BDD9912->30fc0d14-cbc7-4743-b48a-59ef39c48768-GrpcLogAppender: appendEntries Timeout, request=4eec4314-a089-48fe-8241-8a8066126e3f->30fc0d14-cbc7-4743-b48a-59ef39c48768#144-t2, previous=(t:2, i:19), leaderCommit=15, initializing? false, entries: <empty>
2019-09-16 19:12:27,965 [java.util.concurrent.ThreadPoolExecutor$Worker@4d174f1d[State = -1, empty queue]] WARN  server.GrpcLogAppender (GrpcLogAppender.java:timeoutAppendRequest(200)) - 4eec4314-a089-48fe-8241-8a8066126e3f@group-C8C33BDD9912->52078b41-1f38-4037-a826-db5ef9cf1b82-GrpcLogAppender: appendEntries Timeout, request=4eec4314-a089-48fe-8241-8a8066126e3f->52078b41-1f38-4037-a826-db5ef9cf1b82#144-t2, previous=(t:2, i:19), leaderCommit=15, initializing? false, entries: <empty>
2019-09-16 19:12:28,158 [grpc-default-executor-4] WARN  server.GrpcLogAppender (LogUtils.java:warn(134)) - 930b1328-fc80-47b7-a4b1-f8330041d315@group-B5EFBA83B44C->4bce4e32-952c-4220-bcc9-22a10ce18ca8-AppendLogResponseHandler: Failed appendEntries: org.apache.ratis.thirdparty.io.grpc.StatusRuntimeException: UNAVAILABLE: io exception
2019-09-16 19:12:28,158 [grpc-default-executor-2] WARN  server.GrpcLogAppender (LogUtils.java:warn(134)) - 930b1328-fc80-47b7-a4b1-f8330041d315@group-B5EFBA83B44C->e0619aa3-4ba4-49c8-ac60-3d80bbb74aab-AppendLogResponseHandler: Failed appendEntries: org.apache.ratis.thirdparty.io.grpc.StatusRuntimeException: UNAVAILABLE: io exception
2019-09-16 19:12:28,158 [grpc-default-executor-4] INFO  impl.FollowerInfo (FollowerInfo.java:lambda$new$0(51)) - 930b1328-fc80-47b7-a4b1-f8330041d315@group-B5EFBA83B44C->4bce4e32-952c-4220-bcc9-22a10ce18ca8: nextIndex: updateUnconditionally 0 -> 0
2019-09-16 19:12:28,158 [grpc-default-executor-2] INFO  impl.FollowerInfo (FollowerInfo.java:lambda$new$0(51)) - 930b1328-fc80-47b7-a4b1-f8330041d315@group-B5EFBA83B44C->e0619aa3-4ba4-49c8-ac60-3d80bbb74aab: nextIndex: updateUnconditionally 11 -> 10
2019-09-16 19:12:28,465 [java.util.concurrent.ThreadPoolExecutor$Worker@4d174f1d[State = -1, empty queue]] WARN  server.GrpcLogAppender (GrpcLogAppender.java:timeoutAppendRequest(200)) - 4eec4314-a089-48fe-8241-8a8066126e3f@group-C8C33BDD9912->52078b41-1f38-4037-a826-db5ef9cf1b82-GrpcLogAppender: appendEntries Timeout, request=4eec4314-a089-48fe-8241-8a8066126e3f->52078b41-1f38-4037-a826-db5ef9cf1b82#145-t2, previous=(t:2, i:19), leaderCommit=15, initializing? false, entries: <empty>
2019-09-16 19:12:28,465 [java.util.concurrent.ThreadPoolExecutor$Worker@270df07d[State = -1, empty queue]] WARN  server.GrpcLogAppender (GrpcLogAppender.java:timeoutAppendRequest(200)) - 4eec4314-a089-48fe-8241-8a8066126e3f@group-C8C33BDD9912->30fc0d14-cbc7-4743-b48a-59ef39c48768-GrpcLogAppender: appendEntries Timeout, request=4eec4314-a089-48fe-8241-8a8066126e3f->30fc0d14-cbc7-4743-b48a-59ef39c48768#145-t2, previous=(t:2, i:19), leaderCommit=15, initializing? false, entries: <empty>
2019-09-16 19:12:28,658 [grpc-default-executor-6] WARN  server.GrpcLogAppender (LogUtils.java:warn(134)) - 930b1328-fc80-47b7-a4b1-f8330041d315@group-B5EFBA83B44C->4bce4e32-952c-4220-bcc9-22a10ce18ca8-AppendLogResponseHandler: Failed appendEntries: org.apache.ratis.thirdparty.io.grpc.StatusRuntimeException: UNAVAILABLE: io exception
2019-09-16 19:12:28,659 [grpc-default-executor-1] WARN  server.GrpcLogAppender (LogUtils.java:warn(134)) - 930b1328-fc80-47b7-a4b1-f8330041d315@group-B5EFBA83B44C->e0619aa3-4ba4-49c8-ac60-3d80bbb74aab-AppendLogResponseHandler: Failed appendEntries: org.apache.ratis.thirdparty.io.grpc.StatusRuntimeException: UNAVAILABLE: io exception
2019-09-16 19:12:28,659 [grpc-default-executor-6] INFO  impl.FollowerInfo (FollowerInfo.java:lambda$new$0(51)) - 930b1328-fc80-47b7-a4b1-f8330041d315@group-B5EFBA83B44C->4bce4e32-952c-4220-bcc9-22a10ce18ca8: nextIndex: updateUnconditionally 0 -> 0
2019-09-16 19:12:28,659 [grpc-default-executor-1] INFO  impl.FollowerInfo (FollowerInfo.java:lambda$new$0(51)) - 930b1328-fc80-47b7-a4b1-f8330041d315@group-B5EFBA83B44C->e0619aa3-4ba4-49c8-ac60-3d80bbb74aab: nextIndex: updateUnconditionally 10 -> 9
2019-09-16 19:12:28,713 [main] WARN  io.KeyOutputStream (KeyOutputStream.java:handleException(276)) - Encountered exception java.io.IOException: Unexpected Storage Container Exception: java.util.concurrent.CompletionException: java.util.concurrent.CompletionException: org.apache.ratis.protocol.RaftRetryFailureException: Failed RaftClientRequest:client-D235B4D2FAB8->e0619aa3-4ba4-49c8-ac60-3d80bbb74aab@group-B5EFBA83B44C, cid=62, seq=7*, RW, org.apache.hadoop.hdds.scm.XceiverClientRatis$$Lambda$432/1566285515@4cebb4b9 for 10 attempts with RetryLimited(maxAttempts=10, sleepTime=1000ms) on the pipeline Pipeline[ Id: 108ab3b2-2db4-495b-b8c8-b5efba83b44c, Nodes: 4bce4e32-952c-4220-bcc9-22a10ce18ca8{ip: 192.168.34.56, host: pr-hdds-2111-hlhfn-3535364396, networkLocation: /default-rack, certSerialId: null}e0619aa3-4ba4-49c8-ac60-3d80bbb74aab{ip: 192.168.34.56, host: pr-hdds-2111-hlhfn-3535364396, networkLocation: /default-rack, certSerialId: null}930b1328-fc80-47b7-a4b1-f8330041d315{ip: 192.168.34.56, host: pr-hdds-2111-hlhfn-3535364396, networkLocation: /default-rack, certSerialId: null}, Type:RATIS, Factor:THREE, State:OPEN]. The last committed block length is 2097152, uncommitted data length is 2097152 retry count 0
2019-09-16 19:12:28,780 [grpc-default-executor-1] INFO  client.GrpcClientProtocolClient (GrpcClientProtocolClient.java:onNext(264)) - client-8794A58021D7->6abcef3f-3f35-471a-9739-1d418d62cada: receive RaftClientReply:client-8794A58021D7->6abcef3f-3f35-471a-9739-1d418d62cada@group-550D69124986, cid=64, FAILED org.apache.ratis.protocol.NotLeaderException: Server 6abcef3f-3f35-471a-9739-1d418d62cada@group-550D69124986 is not the leader 938e50ce-7856-436b-8929-0e37f4d51388:192.168.34.56:36082, logIndex=0, commits[6abcef3f-3f35-471a-9739-1d418d62cada:c0, 938e50ce-7856-436b-8929-0e37f4d51388:c0, 4773b317-5b37-4901-9e93-e460a24d1141:c0]
2019-09-16 19:12:28,898 [grpc-default-executor-1] INFO  client.GrpcClientProtocolClient (GrpcClientProtocolClient.java:onNext(264)) - client-8794A58021D7->938e50ce-7856-436b-8929-0e37f4d51388: receive RaftClientReply:client-8794A58021D7->938e50ce-7856-436b-8929-0e37f4d51388@group-550D69124986, cid=64, SUCCESS, logIndex=1, commits[938e50ce-7856-436b-8929-0e37f4d51388:c1, 4773b317-5b37-4901-9e93-e460a24d1141:c0, 6abcef3f-3f35-471a-9739-1d418d62cada:c0]
2019-09-16 19:12:28,966 [java.util.concurrent.ThreadPoolExecutor$Worker@270df07d[State = -1, empty queue]] WARN  server.GrpcLogAppender (GrpcLogAppender.java:timeoutAppendRequest(200)) - 4eec4314-a089-48fe-8241-8a8066126e3f@group-C8C33BDD9912->30fc0d14-cbc7-4743-b48a-59ef39c48768-GrpcLogAppender: appendEntries Timeout, request=4eec4314-a089-48fe-8241-8a8066126e3f->30fc0d14-cbc7-4743-b48a-59ef39c48768#146-t2, previous=(t:2, i:19), leaderCommit=15, initializing? false, entries: <empty>
2019-09-16 19:12:28,966 [java.util.concurrent.ThreadPoolExecutor$Worker@4d174f1d[State = -1, empty queue]] WARN  server.GrpcLogAppender (GrpcLogAppender.java:timeoutAppendRequest(200)) - 4eec4314-a089-48fe-8241-8a8066126e3f@group-C8C33BDD9912->52078b41-1f38-4037-a826-db5ef9cf1b82-GrpcLogAppender: appendEntries Timeout, request=4eec4314-a089-48fe-8241-8a8066126e3f->52078b41-1f38-4037-a826-db5ef9cf1b82#146-t2, previous=(t:2, i:19), leaderCommit=15, initializing? false, entries: <empty>
2019-09-16 19:12:28,972 [grpc-default-executor-1] INFO  client.GrpcClientProtocolClient (GrpcClientProtocolClient.java:onNext(264)) - client-8794A58021D7->938e50ce-7856-436b-8929-0e37f4d51388: receive RaftClientReply:client-8794A58021D7->938e50ce-7856-436b-8929-0e37f4d51388@group-550D69124986, cid=65, SUCCESS, logIndex=3, commits[938e50ce-7856-436b-8929-0e37f4d51388:c8, 4773b317-5b37-4901-9e93-e460a24d1141:c5, 6abcef3f-3f35-471a-9739-1d418d62cada:c5]
2019-09-16 19:12:28,972 [grpc-default-executor-1] INFO  client.GrpcClientProtocolClient (GrpcClientProtocolClient.java:onNext(264)) - client-8794A58021D7->938e50ce-7856-436b-8929-0e37f4d51388: receive RaftClientReply:client-8794A58021D7->938e50ce-7856-436b-8929-0e37f4d51388@group-550D69124986, cid=66, SUCCESS, logIndex=4, commits[938e50ce-7856-436b-8929-0e37f4d51388:c8, 4773b317-5b37-4901-9e93-e460a24d1141:c5, 6abcef3f-3f35-471a-9739-1d418d62cada:c5]
2019-09-16 19:12:29,021 [grpc-default-executor-1] INFO  client.GrpcClientProtocolClient (GrpcClientProtocolClient.java:onNext(264)) - client-8794A58021D7->938e50ce-7856-436b-8929-0e37f4d51388: receive RaftClientReply:client-8794A58021D7->938e50ce-7856-436b-8929-0e37f4d51388@group-550D69124986, cid=67, SUCCESS, logIndex=5, commits[938e50ce-7856-436b-8929-0e37f4d51388:c8, 4773b317-5b37-4901-9e93-e460a24d1141:c5, 6abcef3f-3f35-471a-9739-1d418d62cada:c5]
2019-09-16 19:12:29,052 [grpc-default-executor-1] INFO  client.GrpcClientProtocolClient (GrpcClientProtocolClient.java:onNext(264)) - client-8794A58021D7->938e50ce-7856-436b-8929-0e37f4d51388: receive RaftClientReply:client-8794A58021D7->938e50ce-7856-436b-8929-0e37f4d51388@group-550D69124986, cid=68, SUCCESS, logIndex=9, commits[938e50ce-7856-436b-8929-0e37f4d51388:c12, 4773b317-5b37-4901-9e93-e460a24d1141:c8, 6abcef3f-3f35-471a-9739-1d418d62cada:c8]
2019-09-16 19:12:29,053 [grpc-default-executor-1] INFO  client.GrpcClientProtocolClient (GrpcClientProtocolClient.java:onNext(264)) - client-8794A58021D7->938e50ce-7856-436b-8929-0e37f4d51388: receive RaftClientReply:client-8794A58021D7->938e50ce-7856-436b-8929-0e37f4d51388@group-550D69124986, cid=69, SUCCESS, logIndex=10, commits[938e50ce-7856-436b-8929-0e37f4d51388:c12, 4773b317-5b37-4901-9e93-e460a24d1141:c8, 6abcef3f-3f35-471a-9739-1d418d62cada:c8]
2019-09-16 19:12:29,054 [grpc-default-executor-1] INFO  client.GrpcClientProtocolClient (GrpcClientProtocolClient.java:onNext(264)) - client-8794A58021D7->938e50ce-7856-436b-8929-0e37f4d51388: receive RaftClientReply:client-8794A58021D7->938e50ce-7856-436b-8929-0e37f4d51388@group-550D69124986, cid=70, SUCCESS, logIndex=11, commits[938e50ce-7856-436b-8929-0e37f4d51388:c12, 4773b317-5b37-4901-9e93-e460a24d1141:c8, 6abcef3f-3f35-471a-9739-1d418d62cada:c8]
2019-09-16 19:12:29,054 [grpc-default-executor-1] INFO  client.GrpcClientProtocolClient (GrpcClientProtocolClient.java:onNext(264)) - client-8794A58021D7->938e50ce-7856-436b-8929-0e37f4d51388: receive RaftClientReply:client-8794A58021D7->938e50ce-7856-436b-8929-0e37f4d51388@group-550D69124986, cid=71, SUCCESS, logIndex=12, commits[938e50ce-7856-436b-8929-0e37f4d51388:c13, 4773b317-5b37-4901-9e93-e460a24d1141:c9, 6abcef3f-3f35-471a-9739-1d418d62cada:c9]
2019-09-16 19:12:29,058 [grpc-default-executor-1] INFO  client.GrpcClientProtocolClient (GrpcClientProtocolClient.java:onNext(264)) - client-8794A58021D7->938e50ce-7856-436b-8929-0e37f4d51388: receive RaftClientReply:client-8794A58021D7->938e50ce-7856-436b-8929-0e37f4d51388@group-550D69124986, cid=72, SUCCESS, logIndex=0, commits[938e50ce-7856-436b-8929-0e37f4d51388:c14, 4773b317-5b37-4901-9e93-e460a24d1141:c12, 6abcef3f-3f35-471a-9739-1d418d62cada:c12]
2019-09-16 19:12:29,059 [grpc-default-executor-1] INFO  client.GrpcClientProtocolClient (GrpcClientProtocolClient.java:onNext(264)) - client-8794A58021D7->938e50ce-7856-436b-8929-0e37f4d51388: receive RaftClientReply:client-8794A58021D7->938e50ce-7856-436b-8929-0e37f4d51388@group-550D69124986, cid=73, SUCCESS, logIndex=0, commits[938e50ce-7856-436b-8929-0e37f4d51388:c14, 4773b317-5b37-4901-9e93-e460a24d1141:c12, 6abcef3f-3f35-471a-9739-1d418d62cada:c12]
2019-09-16 19:12:29,159 [grpc-default-executor-1] WARN  server.GrpcLogAppender (LogUtils.java:warn(134)) - 930b1328-fc80-47b7-a4b1-f8330041d315@group-B5EFBA83B44C->4bce4e32-952c-4220-bcc9-22a10ce18ca8-AppendLogResponseHandler: Failed appendEntries: org.apache.ratis.thirdparty.io.grpc.StatusRuntimeException: UNAVAILABLE: io exception
2019-09-16 19:12:29,159 [grpc-default-executor-0] WARN  server.GrpcLogAppender (LogUtils.java:warn(134)) - 930b1328-fc80-47b7-a4b1-f8330041d315@group-B5EFBA83B44C->e0619aa3-4ba4-49c8-ac60-3d80bbb74aab-AppendLogResponseHandler: Failed appendEntries: org.apache.ratis.thirdparty.io.grpc.StatusRuntimeException: UNAVAILABLE: io exception
2019-09-16 19:12:29,159 [grpc-default-executor-1] INFO  impl.FollowerInfo (FollowerInfo.java:lambda$new$0(51)) - 930b1328-fc80-47b7-a4b1-f8330041d315@group-B5EFBA83B44C->4bce4e32-952c-4220-bcc9-22a10ce18ca8: nextIndex: updateUnconditionally 0 -> 0
2019-09-16 19:12:29,159 [grpc-default-executor-0] INFO  impl.FollowerInfo (FollowerInfo.java:lambda$new$0(51)) - 930b1328-fc80-47b7-a4b1-f8330041d315@group-B5EFBA83B44C->e0619aa3-4ba4-49c8-ac60-3d80bbb74aab: nextIndex: updateUnconditionally 9 -> 8
2019-09-16 19:12:29,466 [java.util.concurrent.ThreadPoolExecutor$Worker@270df07d[State = -1, empty queue]] WARN  server.GrpcLogAppender (GrpcLogAppender.java:timeoutAppendRequest(200)) - 4eec4314-a089-48fe-8241-8a8066126e3f@group-C8C33BDD9912->30fc0d14-cbc7-4743-b48a-59ef39c48768-GrpcLogAppender: appendEntries Timeout, request=4eec4314-a089-48fe-8241-8a8066126e3f->30fc0d14-cbc7-4743-b48a-59ef39c48768#147-t2, previous=(t:2, i:19), leaderCommit=15, initializing? false, entries: <empty>
2019-09-16 19:12:29,466 [java.util.concurrent.ThreadPoolExecutor$Worker@4d174f1d[State = -1, empty queue]] WARN  server.GrpcLogAppender (GrpcLogAppender.java:timeoutAppendRequest(200)) - 4eec4314-a089-48fe-8241-8a8066126e3f@group-C8C33BDD9912->52078b41-1f38-4037-a826-db5ef9cf1b82-GrpcLogAppender: appendEntries Timeout, request=4eec4314-a089-48fe-8241-8a8066126e3f->52078b41-1f38-4037-a826-db5ef9cf1b82#147-t2, previous=(t:2, i:19), leaderCommit=15, initializing? false, entries: <empty>
2019-09-16 19:12:29,660 [grpc-default-executor-0] WARN  server.GrpcLogAppender (LogUtils.java:warn(134)) - 930b1328-fc80-47b7-a4b1-f8330041d315@group-B5EFBA83B44C->e0619aa3-4ba4-49c8-ac60-3d80bbb74aab-AppendLogResponseHandler: Failed appendEntries: org.apache.ratis.thirdparty.io.grpc.StatusRuntimeException: UNAVAILABLE: io exception
2019-09-16 19:12:29,660 [grpc-default-executor-4] WARN  server.GrpcLogAppender (LogUtils.java:warn(134)) - 930b1328-fc80-47b7-a4b1-f8330041d315@group-B5EFBA83B44C->4bce4e32-952c-4220-bcc9-22a10ce18ca8-AppendLogResponseHandler: Failed appendEntries: org.apache.ratis.thirdparty.io.grpc.StatusRuntimeException: UNAVAILABLE: io exception
2019-09-16 19:12:29,660 [grpc-default-executor-0] INFO  impl.FollowerInfo (FollowerInfo.java:lambda$new$0(51)) - 930b1328-fc80-47b7-a4b1-f8330041d315@group-B5EFBA83B44C->e0619aa3-4ba4-49c8-ac60-3d80bbb74aab: nextIndex: updateUnconditionally 8 -> 7
2019-09-16 19:12:29,660 [grpc-default-executor-4] INFO  impl.FollowerInfo (FollowerInfo.java:lambda$new$0(51)) - 930b1328-fc80-47b7-a4b1-f8330041d315@group-B5EFBA83B44C->4bce4e32-952c-4220-bcc9-22a10ce18ca8: nextIndex: updateUnconditionally 0 -> 0
2019-09-16 19:12:29,966 [java.util.concurrent.ThreadPoolExecutor$Worker@4d174f1d[State = -1, empty queue]] WARN  server.GrpcLogAppender (GrpcLogAppender.java:timeoutAppendRequest(200)) - 4eec4314-a089-48fe-8241-8a8066126e3f@group-C8C33BDD9912->52078b41-1f38-4037-a826-db5ef9cf1b82-GrpcLogAppender: appendEntries Timeout, request=4eec4314-a089-48fe-8241-8a8066126e3f->52078b41-1f38-4037-a826-db5ef9cf1b82#148-t2, previous=(t:2, i:19), leaderCommit=15, initializing? false, entries: <empty>
2019-09-16 19:12:29,966 [java.util.concurrent.ThreadPoolExecutor$Worker@270df07d[State = -1, empty queue]] WARN  server.GrpcLogAppender (GrpcLogAppender.java:timeoutAppendRequest(200)) - 4eec4314-a089-48fe-8241-8a8066126e3f@group-C8C33BDD9912->30fc0d14-cbc7-4743-b48a-59ef39c48768-GrpcLogAppender: appendEntries Timeout, request=4eec4314-a089-48fe-8241-8a8066126e3f->30fc0d14-cbc7-4743-b48a-59ef39c48768#148-t2, previous=(t:2, i:19), leaderCommit=15, initializing? false, entries: <empty>
2019-09-16 19:12:30,161 [grpc-default-executor-1] WARN  server.GrpcLogAppender (LogUtils.java:warn(134)) - 930b1328-fc80-47b7-a4b1-f8330041d315@group-B5EFBA83B44C->e0619aa3-4ba4-49c8-ac60-3d80bbb74aab-AppendLogResponseHandler: Failed appendEntries: org.apache.ratis.thirdparty.io.grpc.StatusRuntimeException: UNAVAILABLE: io exception
2019-09-16 19:12:30,161 [grpc-default-executor-5] WARN  server.GrpcLogAppender (LogUtils.java:warn(134)) - 930b1328-fc80-47b7-a4b1-f8330041d315@group-B5EFBA83B44C->4bce4e32-952c-4220-bcc9-22a10ce18ca8-AppendLogResponseHandler: Failed appendEntries: org.apache.ratis.thirdparty.io.grpc.StatusRuntimeException: UNAVAILABLE: io exception
2019-09-16 19:12:30,161 [grpc-default-executor-1] INFO  impl.FollowerInfo (FollowerInfo.java:lambda$new$0(51)) - 930b1328-fc80-47b7-a4b1-f8330041d315@group-B5EFBA83B44C->e0619aa3-4ba4-49c8-ac60-3d80bbb74aab: nextIndex: updateUnconditionally 7 -> 6
2019-09-16 19:12:30,161 [grpc-default-executor-5] INFO  impl.FollowerInfo (FollowerInfo.java:lambda$new$0(51)) - 930b1328-fc80-47b7-a4b1-f8330041d315@group-B5EFBA83B44C->4bce4e32-952c-4220-bcc9-22a10ce18ca8: nextIndex: updateUnconditionally 0 -> 0
2019-09-16 19:12:30,467 [java.util.concurrent.ThreadPoolExecutor$Worker@270df07d[State = -1, empty queue]] WARN  server.GrpcLogAppender (GrpcLogAppender.java:timeoutAppendRequest(200)) - 4eec4314-a089-48fe-8241-8a8066126e3f@group-C8C33BDD9912->30fc0d14-cbc7-4743-b48a-59ef39c48768-GrpcLogAppender: appendEntries Timeout, request=4eec4314-a089-48fe-8241-8a8066126e3f->30fc0d14-cbc7-4743-b48a-59ef39c48768#149-t2, previous=(t:2, i:19), leaderCommit=15, initializing? false, entries: <empty>
2019-09-16 19:12:30,467 [java.util.concurrent.ThreadPoolExecutor$Worker@4d174f1d[State = -1, empty queue]] WARN  server.GrpcLogAppender (GrpcLogAppender.java:timeoutAppendRequest(200)) - 4eec4314-a089-48fe-8241-8a8066126e3f@group-C8C33BDD9912->52078b41-1f38-4037-a826-db5ef9cf1b82-GrpcLogAppender: appendEntries Timeout, request=4eec4314-a089-48fe-8241-8a8066126e3f->52078b41-1f38-4037-a826-db5ef9cf1b82#149-t2, previous=(t:2, i:19), leaderCommit=15, initializing? false, entries: <empty>
2019-09-16 19:12:30,662 [grpc-default-executor-0] WARN  server.GrpcLogAppender (LogUtils.java:warn(134)) - 930b1328-fc80-47b7-a4b1-f8330041d315@group-B5EFBA83B44C->4bce4e32-952c-4220-bcc9-22a10ce18ca8-AppendLogResponseHandler: Failed appendEntries: org.apache.ratis.thirdparty.io.grpc.StatusRuntimeException: UNAVAILABLE: io exception
2019-09-16 19:12:30,662 [grpc-default-executor-5] WARN  server.GrpcLogAppender (LogUtils.java:warn(134)) - 930b1328-fc80-47b7-a4b1-f8330041d315@group-B5EFBA83B44C->e0619aa3-4ba4-49c8-ac60-3d80bbb74aab-AppendLogResponseHandler: Failed appendEntries: org.apache.ratis.thirdparty.io.grpc.StatusRuntimeException: UNAVAILABLE: io exception
2019-09-16 19:12:30,662 [grpc-default-executor-0] INFO  impl.FollowerInfo (FollowerInfo.java:lambda$new$0(51)) - 930b1328-fc80-47b7-a4b1-f8330041d315@group-B5EFBA83B44C->4bce4e32-952c-4220-bcc9-22a10ce18ca8: nextIndex: updateUnconditionally 0 -> 0
2019-09-16 19:12:30,663 [grpc-default-executor-5] INFO  impl.FollowerInfo (FollowerInfo.java:lambda$new$0(51)) - 930b1328-fc80-47b7-a4b1-f8330041d315@group-B5EFBA83B44C->e0619aa3-4ba4-49c8-ac60-3d80bbb74aab: nextIndex: updateUnconditionally 6 -> 5
2019-09-16 19:12:30,967 [java.util.concurrent.ThreadPoolExecutor$Worker@4d174f1d[State = -1, empty queue]] WARN  server.GrpcLogAppender (GrpcLogAppender.java:timeoutAppendRequest(200)) - 4eec4314-a089-48fe-8241-8a8066126e3f@group-C8C33BDD9912->52078b41-1f38-4037-a826-db5ef9cf1b82-GrpcLogAppender: appendEntries Timeout, request=4eec4314-a089-48fe-8241-8a8066126e3f->52078b41-1f38-4037-a826-db5ef9cf1b82#150-t2, previous=(t:2, i:19), leaderCommit=15, initializing? false, entries: <empty>
2019-09-16 19:12:30,967 [java.util.concurrent.ThreadPoolExecutor$Worker@270df07d[State = -1, empty queue]] WARN  server.GrpcLogAppender (GrpcLogAppender.java:timeoutAppendRequest(200)) - 4eec4314-a089-48fe-8241-8a8066126e3f@group-C8C33BDD9912->30fc0d14-cbc7-4743-b48a-59ef39c48768-GrpcLogAppender: appendEntries Timeout, request=4eec4314-a089-48fe-8241-8a8066126e3f->30fc0d14-cbc7-4743-b48a-59ef39c48768#150-t2, previous=(t:2, i:19), leaderCommit=15, initializing? false, entries: <empty>
2019-09-16 19:12:31,162 [grpc-default-executor-1] WARN  server.GrpcLogAppender (LogUtils.java:warn(134)) - 930b1328-fc80-47b7-a4b1-f8330041d315@group-B5EFBA83B44C->4bce4e32-952c-4220-bcc9-22a10ce18ca8-AppendLogResponseHandler: Failed appendEntries: org.apache.ratis.thirdparty.io.grpc.StatusRuntimeException: UNAVAILABLE: io exception
2019-09-16 19:12:31,162 [grpc-default-executor-6] WARN  server.GrpcLogAppender (LogUtils.java:warn(134)) - 930b1328-fc80-47b7-a4b1-f8330041d315@group-B5EFBA83B44C->e0619aa3-4ba4-49c8-ac60-3d80bbb74aab-AppendLogResponseHandler: Failed appendEntries: org.apache.ratis.thirdparty.io.grpc.StatusRuntimeException: UNAVAILABLE: io exception
2019-09-16 19:12:31,163 [grpc-default-executor-1] INFO  impl.FollowerInfo (FollowerInfo.java:lambda$new$0(51)) - 930b1328-fc80-47b7-a4b1-f8330041d315@group-B5EFBA83B44C->4bce4e32-952c-4220-bcc9-22a10ce18ca8: nextIndex: updateUnconditionally 0 -> 0
2019-09-16 19:12:31,163 [grpc-default-executor-6] INFO  impl.FollowerInfo (FollowerInfo.java:lambda$new$0(51)) - 930b1328-fc80-47b7-a4b1-f8330041d315@group-B5EFBA83B44C->e0619aa3-4ba4-49c8-ac60-3d80bbb74aab: nextIndex: updateUnconditionally 5 -> 4
2019-09-16 19:12:31,467 [java.util.concurrent.ThreadPoolExecutor$Worker@270df07d[State = -1, empty queue]] WARN  server.GrpcLogAppender (GrpcLogAppender.java:timeoutAppendRequest(200)) - 4eec4314-a089-48fe-8241-8a8066126e3f@group-C8C33BDD9912->30fc0d14-cbc7-4743-b48a-59ef39c48768-GrpcLogAppender: appendEntries Timeout, request=4eec4314-a089-48fe-8241-8a8066126e3f->30fc0d14-cbc7-4743-b48a-59ef39c48768#151-t2, previous=(t:2, i:19), leaderCommit=15, initializing? false, entries: <empty>
2019-09-16 19:12:31,467 [java.util.concurrent.ThreadPoolExecutor$Worker@4d174f1d[State = -1, empty queue]] WARN  server.GrpcLogAppender (GrpcLogAppender.java:timeoutAppendRequest(200)) - 4eec4314-a089-48fe-8241-8a8066126e3f@group-C8C33BDD9912->52078b41-1f38-4037-a826-db5ef9cf1b82-GrpcLogAppender: appendEntries Timeout, request=4eec4314-a089-48fe-8241-8a8066126e3f->52078b41-1f38-4037-a826-db5ef9cf1b82#151-t2, previous=(t:2, i:19), leaderCommit=15, initializing? false, entries: <empty>
2019-09-16 19:12:31,664 [grpc-default-executor-0] WARN  server.GrpcLogAppender (LogUtils.java:warn(134)) - 930b1328-fc80-47b7-a4b1-f8330041d315@group-B5EFBA83B44C->e0619aa3-4ba4-49c8-ac60-3d80bbb74aab-AppendLogResponseHandler: Failed appendEntries: org.apache.ratis.thirdparty.io.grpc.StatusRuntimeException: UNAVAILABLE: io exception
2019-09-16 19:12:31,664 [grpc-default-executor-5] WARN  server.GrpcLogAppender (LogUtils.java:warn(134)) - 930b1328-fc80-47b7-a4b1-f8330041d315@group-B5EFBA83B44C->4bce4e32-952c-4220-bcc9-22a10ce18ca8-AppendLogResponseHandler: Failed appendEntries: org.apache.ratis.thirdparty.io.grpc.StatusRuntimeException: UNAVAILABLE: io exception
2019-09-16 19:12:31,664 [grpc-default-executor-0] INFO  impl.FollowerInfo (FollowerInfo.java:lambda$new$0(51)) - 930b1328-fc80-47b7-a4b1-f8330041d315@group-B5EFBA83B44C->e0619aa3-4ba4-49c8-ac60-3d80bbb74aab: nextIndex: updateUnconditionally 4 -> 3
2019-09-16 19:12:31,665 [grpc-default-executor-5] INFO  impl.FollowerInfo (FollowerInfo.java:lambda$new$0(51)) - 930b1328-fc80-47b7-a4b1-f8330041d315@group-B5EFBA83B44C->4bce4e32-952c-4220-bcc9-22a10ce18ca8: nextIndex: updateUnconditionally 0 -> 0
2019-09-16 19:12:31,969 [java.util.concurrent.ThreadPoolExecutor$Worker@270df07d[State = -1, empty queue]] WARN  server.GrpcLogAppender (GrpcLogAppender.java:timeoutAppendRequest(200)) - 4eec4314-a089-48fe-8241-8a8066126e3f@group-C8C33BDD9912->30fc0d14-cbc7-4743-b48a-59ef39c48768-GrpcLogAppender: appendEntries Timeout, request=4eec4314-a089-48fe-8241-8a8066126e3f->30fc0d14-cbc7-4743-b48a-59ef39c48768#152-t2, previous=(t:2, i:19), leaderCommit=15, initializing? false, entries: <empty>
2019-09-16 19:12:31,969 [java.util.concurrent.ThreadPoolExecutor$Worker@4d174f1d[State = -1, empty queue]] WARN  server.GrpcLogAppender (GrpcLogAppender.java:timeoutAppendRequest(200)) - 4eec4314-a089-48fe-8241-8a8066126e3f@group-C8C33BDD9912->52078b41-1f38-4037-a826-db5ef9cf1b82-GrpcLogAppender: appendEntries Timeout, request=4eec4314-a089-48fe-8241-8a8066126e3f->52078b41-1f38-4037-a826-db5ef9cf1b82#152-t2, previous=(t:2, i:19), leaderCommit=15, initializing? false, entries: <empty>
2019-09-16 19:12:32,086 [java.util.concurrent.ThreadPoolExecutor$Worker@6dd36484[State = -1, empty queue]] WARN  server.GrpcLogAppender (GrpcLogAppender.java:timeoutAppendRequest(200)) - 938e50ce-7856-436b-8929-0e37f4d51388@group-550D69124986->6abcef3f-3f35-471a-9739-1d418d62cada-GrpcLogAppender: appendEntries Timeout, request=938e50ce-7856-436b-8929-0e37f4d51388->6abcef3f-3f35-471a-9739-1d418d62cada#148-t2, previous=(t:2, i:14), leaderCommit=14, initializing? false, entries: size=1, first=(t:2, i:15), STATEMACHINELOGENTRY, client-8794A58021D7, cid=74
2019-09-16 19:12:32,086 [java.util.concurrent.ThreadPoolExecutor$Worker@7e0b0602[State = -1, empty queue]] WARN  server.GrpcLogAppender (GrpcLogAppender.java:timeoutAppendRequest(200)) - 938e50ce-7856-436b-8929-0e37f4d51388@group-550D69124986->4773b317-5b37-4901-9e93-e460a24d1141-GrpcLogAppender: appendEntries Timeout, request=938e50ce-7856-436b-8929-0e37f4d51388->4773b317-5b37-4901-9e93-e460a24d1141#148-t2, previous=(t:2, i:14), leaderCommit=14, initializing? false, entries: size=1, first=(t:2, i:15), STATEMACHINELOGENTRY, client-8794A58021D7, cid=74
2019-09-16 19:12:32,086 [java.util.concurrent.ThreadPoolExecutor$Worker@6dd36484[State = -1, empty queue]] WARN  server.GrpcLogAppender (GrpcLogAppender.java:timeoutAppendRequest(200)) - 938e50ce-7856-436b-8929-0e37f4d51388@group-550D69124986->6abcef3f-3f35-471a-9739-1d418d62cada-GrpcLogAppender: appendEntries Timeout, request=938e50ce-7856-436b-8929-0e37f4d51388->6abcef3f-3f35-471a-9739-1d418d62cada#149-t2, previous=(t:2, i:15), leaderCommit=14, initializing? false, entries: size=1, first=(t:2, i:16), STATEMACHINELOGENTRY, client-8794A58021D7, cid=75
2019-09-16 19:12:32,088 [java.util.concurrent.ThreadPoolExecutor$Worker@7e0b0602[State = -1, empty queue]] WARN  server.GrpcLogAppender (GrpcLogAppender.java:timeoutAppendRequest(200)) - 938e50ce-7856-436b-8929-0e37f4d51388@group-550D69124986->4773b317-5b37-4901-9e93-e460a24d1141-GrpcLogAppender: appendEntries Timeout, request=938e50ce-7856-436b-8929-0e37f4d51388->4773b317-5b37-4901-9e93-e460a24d1141#149-t2, previous=(t:2, i:15), leaderCommit=14, initializing? false, entries: size=1, first=(t:2, i:16), STATEMACHINELOGENTRY, client-8794A58021D7, cid=75
2019-09-16 19:12:32,090 [java.util.concurrent.ThreadPoolExecutor$Worker@6dd36484[State = -1, empty queue]] WARN  server.GrpcLogAppender (GrpcLogAppender.java:timeoutAppendRequest(200)) - 938e50ce-7856-436b-8929-0e37f4d51388@group-550D69124986->6abcef3f-3f35-471a-9739-1d418d62cada-GrpcLogAppender: appendEntries Timeout, request=938e50ce-7856-436b-8929-0e37f4d51388->6abcef3f-3f35-471a-9739-1d418d62cada#150-t2, previous=(t:2, i:16), leaderCommit=14, initializing? false, entries: size=1, first=(t:2, i:17), STATEMACHINELOGENTRY, client-8794A58021D7, cid=76
2019-09-16 19:12:32,091 [java.util.concurrent.ThreadPoolExecutor$Worker@6dd36484[State = -1, empty queue]] WARN  server.GrpcLogAppender (GrpcLogAppender.java:timeoutAppendRequest(200)) - 938e50ce-7856-436b-8929-0e37f4d51388@group-550D69124986->6abcef3f-3f35-471a-9739-1d418d62cada-GrpcLogAppender: appendEntries Timeout, request=938e50ce-7856-436b-8929-0e37f4d51388->6abcef3f-3f35-471a-9739-1d418d62cada#151-t2, previous=(t:2, i:17), leaderCommit=14, initializing? false, entries: size=1, first=(t:2, i:18), STATEMACHINELOGENTRY, client-8794A58021D7, cid=77
2019-09-16 19:12:32,091 [java.util.concurrent.ThreadPoolExecutor$Worker@7e0b0602[State = -1, empty queue]] WARN  server.GrpcLogAppender (GrpcLogAppender.java:timeoutAppendRequest(200)) - 938e50ce-7856-436b-8929-0e37f4d51388@group-550D69124986->4773b317-5b37-4901-9e93-e460a24d1141-GrpcLogAppender: appendEntries Timeout, request=938e50ce-7856-436b-8929-0e37f4d51388->4773b317-5b37-4901-9e93-e460a24d1141#150-t2, previous=(t:2, i:16), leaderCommit=14, initializing? false, entries: size=1, first=(t:2, i:17), STATEMACHINELOGENTRY, client-8794A58021D7, cid=76
2019-09-16 19:12:32,093 [java.util.concurrent.ThreadPoolExecutor$Worker@7e0b0602[State = -1, empty queue]] WARN  server.GrpcLogAppender (GrpcLogAppender.java:timeoutAppendRequest(200)) - 938e50ce-7856-436b-8929-0e37f4d51388@group-550D69124986->4773b317-5b37-4901-9e93-e460a24d1141-GrpcLogAppender: appendEntries Timeout, request=938e50ce-7856-436b-8929-0e37f4d51388->4773b317-5b37-4901-9e93-e460a24d1141#151-t2, previous=(t:2, i:17), leaderCommit=14, initializing? false, entries: size=1, first=(t:2, i:18), STATEMACHINELOGENTRY, client-8794A58021D7, cid=77
2019-09-16 19:12:32,166 [grpc-default-executor-6] WARN  server.GrpcLogAppender (LogUtils.java:warn(134)) - 930b1328-fc80-47b7-a4b1-f8330041d315@group-B5EFBA83B44C->e0619aa3-4ba4-49c8-ac60-3d80bbb74aab-AppendLogResponseHandler: Failed appendEntries: org.apache.ratis.thirdparty.io.grpc.StatusRuntimeException: UNAVAILABLE: io exception
2019-09-16 19:12:32,166 [grpc-default-executor-0] WARN  server.GrpcLogAppender (LogUtils.java:warn(134)) - 930b1328-fc80-47b7-a4b1-f8330041d315@group-B5EFBA83B44C->4bce4e32-952c-4220-bcc9-22a10ce18ca8-AppendLogResponseHandler: Failed appendEntries: org.apache.ratis.thirdparty.io.grpc.StatusRuntimeException: UNAVAILABLE: io exception
2019-09-16 19:12:32,171 [grpc-default-executor-6] INFO  impl.FollowerInfo (FollowerInfo.java:lambda$new$0(51)) - 930b1328-fc80-47b7-a4b1-f8330041d315@group-B5EFBA83B44C->e0619aa3-4ba4-49c8-ac60-3d80bbb74aab: nextIndex: updateUnconditionally 3 -> 2
2019-09-16 19:12:32,171 [grpc-default-executor-0] INFO  impl.FollowerInfo (FollowerInfo.java:lambda$new$0(51)) - 930b1328-fc80-47b7-a4b1-f8330041d315@group-B5EFBA83B44C->4bce4e32-952c-4220-bcc9-22a10ce18ca8: nextIndex: updateUnconditionally 0 -> 0
2019-09-16 19:12:32,469 [java.util.concurrent.ThreadPoolExecutor$Worker@4d174f1d[State = -1, empty queue]] WARN  server.GrpcLogAppender (GrpcLogAppender.java:timeoutAppendRequest(200)) - 4eec4314-a089-48fe-8241-8a8066126e3f@group-C8C33BDD9912->52078b41-1f38-4037-a826-db5ef9cf1b82-GrpcLogAppender: appendEntries Timeout, request=4eec4314-a089-48fe-8241-8a8066126e3f->52078b41-1f38-4037-a826-db5ef9cf1b82#153-t2, previous=(t:2, i:19), leaderCommit=15, initializing? false, entries: <empty>
2019-09-16 19:12:32,470 [java.util.concurrent.ThreadPoolExecutor$Worker@270df07d[State = -1, empty queue]] WARN  server.GrpcLogAppender (GrpcLogAppender.java:timeoutAppendRequest(200)) - 4eec4314-a089-48fe-8241-8a8066126e3f@group-C8C33BDD9912->30fc0d14-cbc7-4743-b48a-59ef39c48768-GrpcLogAppender: appendEntries Timeout, request=4eec4314-a089-48fe-8241-8a8066126e3f->30fc0d14-cbc7-4743-b48a-59ef39c48768#153-t2, previous=(t:2, i:19), leaderCommit=15, initializing? false, entries: <empty>
2019-09-16 19:12:32,589 [java.util.concurrent.ThreadPoolExecutor$Worker@6dd36484[State = -1, empty queue]] WARN  server.GrpcLogAppender (GrpcLogAppender.java:timeoutAppendRequest(200)) - 938e50ce-7856-436b-8929-0e37f4d51388@group-550D69124986->6abcef3f-3f35-471a-9739-1d418d62cada-GrpcLogAppender: appendEntries Timeout, request=938e50ce-7856-436b-8929-0e37f4d51388->6abcef3f-3f35-471a-9739-1d418d62cada#152-t2, previous=(t:2, i:18), leaderCommit=14, initializing? false, entries: <empty>
2019-09-16 19:12:32,589 [java.util.concurrent.ThreadPoolExecutor$Worker@7e0b0602[State = -1, empty queue]] WARN  server.GrpcLogAppender (GrpcLogAppender.java:timeoutAppendRequest(200)) - 938e50ce-7856-436b-8929-0e37f4d51388@group-550D69124986->4773b317-5b37-4901-9e93-e460a24d1141-GrpcLogAppender: appendEntries Timeout, request=938e50ce-7856-436b-8929-0e37f4d51388->4773b317-5b37-4901-9e93-e460a24d1141#152-t2, previous=(t:2, i:18), leaderCommit=14, initializing? false, entries: <empty>
2019-09-16 19:12:32,671 [grpc-default-executor-2] WARN  server.GrpcLogAppender (LogUtils.java:warn(134)) - 930b1328-fc80-47b7-a4b1-f8330041d315@group-B5EFBA83B44C->e0619aa3-4ba4-49c8-ac60-3d80bbb74aab-AppendLogResponseHandler: Failed appendEntries: org.apache.ratis.thirdparty.io.grpc.StatusRuntimeException: UNAVAILABLE: io exception
2019-09-16 19:12:32,671 [grpc-default-executor-0] WARN  server.GrpcLogAppender (LogUtils.java:warn(134)) - 930b1328-fc80-47b7-a4b1-f8330041d315@group-B5EFBA83B44C->4bce4e32-952c-4220-bcc9-22a10ce18ca8-AppendLogResponseHandler: Failed appendEntries: org.apache.ratis.thirdparty.io.grpc.StatusRuntimeException: UNAVAILABLE: io exception
2019-09-16 19:12:32,672 [grpc-default-executor-2] INFO  impl.FollowerInfo (FollowerInfo.java:lambda$new$0(51)) - 930b1328-fc80-47b7-a4b1-f8330041d315@group-B5EFBA83B44C->e0619aa3-4ba4-49c8-ac60-3d80bbb74aab: nextIndex: updateUnconditionally 2 -> 1
2019-09-16 19:12:32,672 [grpc-default-executor-0] INFO  impl.FollowerInfo (FollowerInfo.java:lambda$new$0(51)) - 930b1328-fc80-47b7-a4b1-f8330041d315@group-B5EFBA83B44C->4bce4e32-952c-4220-bcc9-22a10ce18ca8: nextIndex: updateUnconditionally 0 -> 0
2019-09-16 19:12:32,970 [java.util.concurrent.ThreadPoolExecutor$Worker@4d174f1d[State = -1, empty queue]] WARN  server.GrpcLogAppender (GrpcLogAppender.java:timeoutAppendRequest(200)) - 4eec4314-a089-48fe-8241-8a8066126e3f@group-C8C33BDD9912->52078b41-1f38-4037-a826-db5ef9cf1b82-GrpcLogAppender: appendEntries Timeout, request=4eec4314-a089-48fe-8241-8a8066126e3f->52078b41-1f38-4037-a826-db5ef9cf1b82#154-t2, previous=(t:2, i:19), leaderCommit=15, initializing? false, entries: <empty>
2019-09-16 19:12:32,970 [java.util.concurrent.ThreadPoolExecutor$Worker@270df07d[State = -1, empty queue]] WARN  server.GrpcLogAppender (GrpcLogAppender.java:timeoutAppendRequest(200)) - 4eec4314-a089-48fe-8241-8a8066126e3f@group-C8C33BDD9912->30fc0d14-cbc7-4743-b48a-59ef39c48768-GrpcLogAppender: appendEntries Timeout, request=4eec4314-a089-48fe-8241-8a8066126e3f->30fc0d14-cbc7-4743-b48a-59ef39c48768#154-t2, previous=(t:2, i:19), leaderCommit=15, initializing? false, entries: <empty>
2019-09-16 19:12:33,089 [java.util.concurrent.ThreadPoolExecutor$Worker@6dd36484[State = -1, empty queue]] WARN  server.GrpcLogAppender (GrpcLogAppender.java:timeoutAppendRequest(200)) - 938e50ce-7856-436b-8929-0e37f4d51388@group-550D69124986->6abcef3f-3f35-471a-9739-1d418d62cada-GrpcLogAppender: appendEntries Timeout, request=938e50ce-7856-436b-8929-0e37f4d51388->6abcef3f-3f35-471a-9739-1d418d62cada#153-t2, previous=(t:2, i:18), leaderCommit=14, initializing? false, entries: <empty>
2019-09-16 19:12:33,089 [java.util.concurrent.ThreadPoolExecutor$Worker@7e0b0602[State = -1, empty queue]] WARN  server.GrpcLogAppender (GrpcLogAppender.java:timeoutAppendRequest(200)) - 938e50ce-7856-436b-8929-0e37f4d51388@group-550D69124986->4773b317-5b37-4901-9e93-e460a24d1141-GrpcLogAppender: appendEntries Timeout, request=938e50ce-7856-436b-8929-0e37f4d51388->4773b317-5b37-4901-9e93-e460a24d1141#153-t2, previous=(t:2, i:18), leaderCommit=14, initializing? false, entries: <empty>
2019-09-16 19:12:33,169 [grpc-default-executor-5] WARN  server.GrpcLogAppender (LogUtils.java:warn(134)) - 930b1328-fc80-47b7-a4b1-f8330041d315@group-B5EFBA83B44C->e0619aa3-4ba4-49c8-ac60-3d80bbb74aab-AppendLogResponseHandler: Failed appendEntries: org.apache.ratis.thirdparty.io.grpc.StatusRuntimeException: UNAVAILABLE: io exception
2019-09-16 19:12:33,169 [grpc-default-executor-2] WARN  server.GrpcLogAppender (LogUtils.java:warn(134)) - 930b1328-fc80-47b7-a4b1-f8330041d315@group-B5EFBA83B44C->4bce4e32-952c-4220-bcc9-22a10ce18ca8-AppendLogResponseHandler: Failed appendEntries: org.apache.ratis.thirdparty.io.grpc.StatusRuntimeException: UNAVAILABLE: io exception
2019-09-16 19:12:33,170 [grpc-default-executor-5] INFO  impl.FollowerInfo (FollowerInfo.java:lambda$new$0(51)) - 930b1328-fc80-47b7-a4b1-f8330041d315@group-B5EFBA83B44C->e0619aa3-4ba4-49c8-ac60-3d80bbb74aab: nextIndex: updateUnconditionally 1 -> 0
2019-09-16 19:12:33,170 [grpc-default-executor-2] INFO  impl.FollowerInfo (FollowerInfo.java:lambda$new$0(51)) - 930b1328-fc80-47b7-a4b1-f8330041d315@group-B5EFBA83B44C->4bce4e32-952c-4220-bcc9-22a10ce18ca8: nextIndex: updateUnconditionally 0 -> 0
2019-09-16 19:12:33,403 [52078b41-1f38-4037-a826-db5ef9cf1b82@group-C8C33BDD9912-SegmentedRaftLogWorker] WARN  segmented.SegmentedRaftLogWorker (SegmentedRaftLogWorker.java:getFromFuture(90)) - Timeout 6/~
org.apache.ratis.protocol.TimeoutIOException: Timeout 10s: WriteLog:18: (t:2, i:18), STATEMACHINELOGENTRY, client-C26E20CEB926, cid=40-writeStateMachineData
	at org.apache.ratis.util.IOUtils.getFromFuture(IOUtils.java:87)
	at org.apache.ratis.server.raftlog.segmented.SegmentedRaftLogWorker$StateMachineDataPolicy.getFromFuture(SegmentedRaftLogWorker.java:87)
	at org.apache.ratis.server.raftlog.segmented.SegmentedRaftLogWorker$WriteLog.execute(SegmentedRaftLogWorker.java:477)
	at org.apache.ratis.server.raftlog.segmented.SegmentedRaftLogWorker.run(SegmentedRaftLogWorker.java:289)
	at java.lang.Thread.run(Thread.java:748)
Caused by: java.util.concurrent.TimeoutException
	at java.util.concurrent.CompletableFuture.timedGet(CompletableFuture.java:1771)
	at java.util.concurrent.CompletableFuture.get(CompletableFuture.java:1915)
	at org.apache.ratis.util.IOUtils.getFromFuture(IOUtils.java:79)
	... 4 more
2019-09-16 19:12:33,417 [4eec4314-a089-48fe-8241-8a8066126e3f@group-C8C33BDD9912-SegmentedRaftLogWorker] WARN  segmented.SegmentedRaftLogWorker (SegmentedRaftLogWorker.java:getFromFuture(90)) - Timeout 6/~
org.apache.ratis.protocol.TimeoutIOException: Timeout 10s: WriteLog:18: (t:2, i:18), STATEMACHINELOGENTRY, client-C26E20CEB926, cid=40-writeStateMachineData
	at org.apache.ratis.util.IOUtils.getFromFuture(IOUtils.java:87)
	at org.apache.ratis.server.raftlog.segmented.SegmentedRaftLogWorker$StateMachineDataPolicy.getFromFuture(SegmentedRaftLogWorker.java:87)
	at org.apache.ratis.server.raftlog.segmented.SegmentedRaftLogWorker$WriteLog.execute(SegmentedRaftLogWorker.java:477)
	at org.apache.ratis.server.raftlog.segmented.SegmentedRaftLogWorker.run(SegmentedRaftLogWorker.java:289)
	at java.lang.Thread.run(Thread.java:748)
Caused by: java.util.concurrent.TimeoutException
	at java.util.concurrent.CompletableFuture.timedGet(CompletableFuture.java:1771)
	at java.util.concurrent.CompletableFuture.get(CompletableFuture.java:1915)
	at org.apache.ratis.util.IOUtils.getFromFuture(IOUtils.java:79)
	... 4 more
2019-09-16 19:12:33,418 [30fc0d14-cbc7-4743-b48a-59ef39c48768@group-C8C33BDD9912-SegmentedRaftLogWorker] WARN  segmented.SegmentedRaftLogWorker (SegmentedRaftLogWorker.java:getFromFuture(90)) - Timeout 6/~
org.apache.ratis.protocol.TimeoutIOException: Timeout 10s: WriteLog:18: (t:2, i:18), STATEMACHINELOGENTRY, client-C26E20CEB926, cid=40-writeStateMachineData
	at org.apache.ratis.util.IOUtils.getFromFuture(IOUtils.java:87)
	at org.apache.ratis.server.raftlog.segmented.SegmentedRaftLogWorker$StateMachineDataPolicy.getFromFuture(SegmentedRaftLogWorker.java:87)
	at org.apache.ratis.server.raftlog.segmented.SegmentedRaftLogWorker$WriteLog.execute(SegmentedRaftLogWorker.java:477)
	at org.apache.ratis.server.raftlog.segmented.SegmentedRaftLogWorker.run(SegmentedRaftLogWorker.java:289)
	at java.lang.Thread.run(Thread.java:748)
Caused by: java.util.concurrent.TimeoutException
	at java.util.concurrent.CompletableFuture.timedGet(CompletableFuture.java:1771)
	at java.util.concurrent.CompletableFuture.get(CompletableFuture.java:1915)
	at org.apache.ratis.util.IOUtils.getFromFuture(IOUtils.java:79)
	... 4 more
2019-09-16 19:12:33,470 [java.util.concurrent.ThreadPoolExecutor$Worker@4d174f1d[State = -1, empty queue]] WARN  server.GrpcLogAppender (GrpcLogAppender.java:timeoutAppendRequest(200)) - 4eec4314-a089-48fe-8241-8a8066126e3f@group-C8C33BDD9912->52078b41-1f38-4037-a826-db5ef9cf1b82-GrpcLogAppender: appendEntries Timeout, request=4eec4314-a089-48fe-8241-8a8066126e3f->52078b41-1f38-4037-a826-db5ef9cf1b82#155-t2, previous=(t:2, i:19), leaderCommit=15, initializing? false, entries: <empty>
2019-09-16 19:12:33,470 [java.util.concurrent.ThreadPoolExecutor$Worker@270df07d[State = -1, empty queue]] WARN  server.GrpcLogAppender (GrpcLogAppender.java:timeoutAppendRequest(200)) - 4eec4314-a089-48fe-8241-8a8066126e3f@group-C8C33BDD9912->30fc0d14-cbc7-4743-b48a-59ef39c48768-GrpcLogAppender: appendEntries Timeout, request=4eec4314-a089-48fe-8241-8a8066126e3f->30fc0d14-cbc7-4743-b48a-59ef39c48768#155-t2, previous=(t:2, i:19), leaderCommit=15, initializing? false, entries: <empty>
2019-09-16 19:12:33,590 [java.util.concurrent.ThreadPoolExecutor$Worker@7e0b0602[State = -1, empty queue]] WARN  server.GrpcLogAppender (GrpcLogAppender.java:timeoutAppendRequest(200)) - 938e50ce-7856-436b-8929-0e37f4d51388@group-550D69124986->4773b317-5b37-4901-9e93-e460a24d1141-GrpcLogAppender: appendEntries Timeout, request=938e50ce-7856-436b-8929-0e37f4d51388->4773b317-5b37-4901-9e93-e460a24d1141#154-t2, previous=(t:2, i:18), leaderCommit=14, initializing? false, entries: <empty>
2019-09-16 19:12:33,590 [java.util.concurrent.ThreadPoolExecutor$Worker@6dd36484[State = -1, empty queue]] WARN  server.GrpcLogAppender (GrpcLogAppender.java:timeoutAppendRequest(200)) - 938e50ce-7856-436b-8929-0e37f4d51388@group-550D69124986->6abcef3f-3f35-471a-9739-1d418d62cada-GrpcLogAppender: appendEntries Timeout, request=938e50ce-7856-436b-8929-0e37f4d51388->6abcef3f-3f35-471a-9739-1d418d62cada#154-t2, previous=(t:2, i:18), leaderCommit=14, initializing? false, entries: <empty>
2019-09-16 19:12:33,671 [grpc-default-executor-5] WARN  server.GrpcLogAppender (LogUtils.java:warn(134)) - 930b1328-fc80-47b7-a4b1-f8330041d315@group-B5EFBA83B44C->e0619aa3-4ba4-49c8-ac60-3d80bbb74aab-AppendLogResponseHandler: Failed appendEntries: org.apache.ratis.thirdparty.io.grpc.StatusRuntimeException: UNAVAILABLE: io exception
2019-09-16 19:12:33,671 [grpc-default-executor-1] WARN  server.GrpcLogAppender (LogUtils.java:warn(134)) - 930b1328-fc80-47b7-a4b1-f8330041d315@group-B5EFBA83B44C->4bce4e32-952c-4220-bcc9-22a10ce18ca8-AppendLogResponseHandler: Failed appendEntries: org.apache.ratis.thirdparty.io.grpc.StatusRuntimeException: UNAVAILABLE: io exception
2019-09-16 19:12:33,671 [grpc-default-executor-5] INFO  impl.FollowerInfo (FollowerInfo.java:lambda$new$0(51)) - 930b1328-fc80-47b7-a4b1-f8330041d315@group-B5EFBA83B44C->e0619aa3-4ba4-49c8-ac60-3d80bbb74aab: nextIndex: updateUnconditionally 0 -> 0
2019-09-16 19:12:33,672 [grpc-default-executor-1] INFO  impl.FollowerInfo (FollowerInfo.java:lambda$new$0(51)) - 930b1328-fc80-47b7-a4b1-f8330041d315@group-B5EFBA83B44C->4bce4e32-952c-4220-bcc9-22a10ce18ca8: nextIndex: updateUnconditionally 0 -> 0
2019-09-16 19:12:33,970 [java.util.concurrent.ThreadPoolExecutor$Worker@4d174f1d[State = -1, empty queue]] WARN  server.GrpcLogAppender (GrpcLogAppender.java:timeoutAppendRequest(200)) - 4eec4314-a089-48fe-8241-8a8066126e3f@group-C8C33BDD9912->52078b41-1f38-4037-a826-db5ef9cf1b82-GrpcLogAppender: appendEntries Timeout, request=4eec4314-a089-48fe-8241-8a8066126e3f->52078b41-1f38-4037-a826-db5ef9cf1b82#156-t2, previous=(t:2, i:19), leaderCommit=15, initializing? false, entries: <empty>
2019-09-16 19:12:33,970 [java.util.concurrent.ThreadPoolExecutor$Worker@270df07d[State = -1, empty queue]] WARN  server.GrpcLogAppender (GrpcLogAppender.java:timeoutAppendRequest(200)) - 4eec4314-a089-48fe-8241-8a8066126e3f@group-C8C33BDD9912->30fc0d14-cbc7-4743-b48a-59ef39c48768-GrpcLogAppender: appendEntries Timeout, request=4eec4314-a089-48fe-8241-8a8066126e3f->30fc0d14-cbc7-4743-b48a-59ef39c48768#156-t2, previous=(t:2, i:19), leaderCommit=15, initializing? false, entries: <empty>
2019-09-16 19:12:34,090 [java.util.concurrent.ThreadPoolExecutor$Worker@7e0b0602[State = -1, empty queue]] WARN  server.GrpcLogAppender (GrpcLogAppender.java:timeoutAppendRequest(200)) - 938e50ce-7856-436b-8929-0e37f4d51388@group-550D69124986->4773b317-5b37-4901-9e93-e460a24d1141-GrpcLogAppender: appendEntries Timeout, request=938e50ce-7856-436b-8929-0e37f4d51388->4773b317-5b37-4901-9e93-e460a24d1141#155-t2, previous=(t:2, i:18), leaderCommit=14, initializing? false, entries: <empty>
2019-09-16 19:12:34,090 [java.util.concurrent.ThreadPoolExecutor$Worker@6dd36484[State = -1, empty queue]] WARN  server.GrpcLogAppender (GrpcLogAppender.java:timeoutAppendRequest(200)) - 938e50ce-7856-436b-8929-0e37f4d51388@group-550D69124986->6abcef3f-3f35-471a-9739-1d418d62cada-GrpcLogAppender: appendEntries Timeout, request=938e50ce-7856-436b-8929-0e37f4d51388->6abcef3f-3f35-471a-9739-1d418d62cada#155-t2, previous=(t:2, i:18), leaderCommit=14, initializing? false, entries: <empty>
2019-09-16 19:12:34,118 [grpc-default-executor-5] INFO  client.GrpcClientProtocolClient (GrpcClientProtocolClient.java:onNext(264)) - client-8794A58021D7->4773b317-5b37-4901-9e93-e460a24d1141: receive RaftClientReply:client-8794A58021D7->4773b317-5b37-4901-9e93-e460a24d1141@group-550D69124986, cid=74, FAILED org.apache.ratis.protocol.NotLeaderException: Server 4773b317-5b37-4901-9e93-e460a24d1141@group-550D69124986 is not the leader 938e50ce-7856-436b-8929-0e37f4d51388:192.168.34.56:36082, logIndex=0, commits[4773b317-5b37-4901-9e93-e460a24d1141:c14, 938e50ce-7856-436b-8929-0e37f4d51388:c14, 6abcef3f-3f35-471a-9739-1d418d62cada:c12]
2019-09-16 19:12:34,171 [grpc-default-executor-6] WARN  server.GrpcLogAppender (LogUtils.java:warn(134)) - 930b1328-fc80-47b7-a4b1-f8330041d315@group-B5EFBA83B44C->4bce4e32-952c-4220-bcc9-22a10ce18ca8-AppendLogResponseHandler: Failed appendEntries: org.apache.ratis.thirdparty.io.grpc.StatusRuntimeException: UNAVAILABLE: io exception
2019-09-16 19:12:34,171 [grpc-default-executor-1] WARN  server.GrpcLogAppender (LogUtils.java:warn(134)) - 930b1328-fc80-47b7-a4b1-f8330041d315@group-B5EFBA83B44C->e0619aa3-4ba4-49c8-ac60-3d80bbb74aab-AppendLogResponseHandler: Failed appendEntries: org.apache.ratis.thirdparty.io.grpc.StatusRuntimeException: UNAVAILABLE: io exception
2019-09-16 19:12:34,173 [grpc-default-executor-6] INFO  impl.FollowerInfo (FollowerInfo.java:lambda$new$0(51)) - 930b1328-fc80-47b7-a4b1-f8330041d315@group-B5EFBA83B44C->4bce4e32-952c-4220-bcc9-22a10ce18ca8: nextIndex: updateUnconditionally 0 -> 0
2019-09-16 19:12:34,173 [grpc-default-executor-1] INFO  impl.FollowerInfo (FollowerInfo.java:lambda$new$0(51)) - 930b1328-fc80-47b7-a4b1-f8330041d315@group-B5EFBA83B44C->e0619aa3-4ba4-49c8-ac60-3d80bbb74aab: nextIndex: updateUnconditionally 0 -> 0
2019-09-16 19:12:34,471 [java.util.concurrent.ThreadPoolExecutor$Worker@4d174f1d[State = -1, empty queue]] WARN  server.GrpcLogAppender (GrpcLogAppender.java:timeoutAppendRequest(200)) - 4eec4314-a089-48fe-8241-8a8066126e3f@group-C8C33BDD9912->52078b41-1f38-4037-a826-db5ef9cf1b82-GrpcLogAppender: appendEntries Timeout, request=4eec4314-a089-48fe-8241-8a8066126e3f->52078b41-1f38-4037-a826-db5ef9cf1b82#157-t2, previous=(t:2, i:19), leaderCommit=15, initializing? false, entries: <empty>
2019-09-16 19:12:34,471 [java.util.concurrent.ThreadPoolExecutor$Worker@270df07d[State = -1, empty queue]] WARN  server.GrpcLogAppender (GrpcLogAppender.java:timeoutAppendRequest(200)) - 4eec4314-a089-48fe-8241-8a8066126e3f@group-C8C33BDD9912->30fc0d14-cbc7-4743-b48a-59ef39c48768-GrpcLogAppender: appendEntries Timeout, request=4eec4314-a089-48fe-8241-8a8066126e3f->30fc0d14-cbc7-4743-b48a-59ef39c48768#157-t2, previous=(t:2, i:19), leaderCommit=15, initializing? false, entries: <empty>
2019-09-16 19:12:34,590 [java.util.concurrent.ThreadPoolExecutor$Worker@7e0b0602[State = -1, empty queue]] WARN  server.GrpcLogAppender (GrpcLogAppender.java:timeoutAppendRequest(200)) - 938e50ce-7856-436b-8929-0e37f4d51388@group-550D69124986->4773b317-5b37-4901-9e93-e460a24d1141-GrpcLogAppender: appendEntries Timeout, request=938e50ce-7856-436b-8929-0e37f4d51388->4773b317-5b37-4901-9e93-e460a24d1141#156-t2, previous=(t:2, i:18), leaderCommit=14, initializing? false, entries: <empty>
2019-09-16 19:12:34,590 [java.util.concurrent.ThreadPoolExecutor$Worker@6dd36484[State = -1, empty queue]] WARN  server.GrpcLogAppender (GrpcLogAppender.java:timeoutAppendRequest(200)) - 938e50ce-7856-436b-8929-0e37f4d51388@group-550D69124986->6abcef3f-3f35-471a-9739-1d418d62cada-GrpcLogAppender: appendEntries Timeout, request=938e50ce-7856-436b-8929-0e37f4d51388->6abcef3f-3f35-471a-9739-1d418d62cada#156-t2, previous=(t:2, i:18), leaderCommit=14, initializing? false, entries: <empty>
2019-09-16 19:12:34,672 [grpc-default-executor-6] WARN  server.GrpcLogAppender (LogUtils.java:warn(134)) - 930b1328-fc80-47b7-a4b1-f8330041d315@group-B5EFBA83B44C->4bce4e32-952c-4220-bcc9-22a10ce18ca8-AppendLogResponseHandler: Failed appendEntries: org.apache.ratis.thirdparty.io.grpc.StatusRuntimeException: UNAVAILABLE: io exception
2019-09-16 19:12:34,672 [grpc-default-executor-1] WARN  server.GrpcLogAppender (LogUtils.java:warn(134)) - 930b1328-fc80-47b7-a4b1-f8330041d315@group-B5EFBA83B44C->e0619aa3-4ba4-49c8-ac60-3d80bbb74aab-AppendLogResponseHandler: Failed appendEntries: org.apache.ratis.thirdparty.io.grpc.StatusRuntimeException: UNAVAILABLE: io exception
2019-09-16 19:12:34,672 [grpc-default-executor-6] INFO  impl.FollowerInfo (FollowerInfo.java:lambda$new$0(51)) - 930b1328-fc80-47b7-a4b1-f8330041d315@group-B5EFBA83B44C->4bce4e32-952c-4220-bcc9-22a10ce18ca8: nextIndex: updateUnconditionally 0 -> 0
2019-09-16 19:12:34,672 [grpc-default-executor-1] INFO  impl.FollowerInfo (FollowerInfo.java:lambda$new$0(51)) - 930b1328-fc80-47b7-a4b1-f8330041d315@group-B5EFBA83B44C->e0619aa3-4ba4-49c8-ac60-3d80bbb74aab: nextIndex: updateUnconditionally 0 -> 0
2019-09-16 19:12:34,971 [java.util.concurrent.ThreadPoolExecutor$Worker@4d174f1d[State = -1, empty queue]] WARN  server.GrpcLogAppender (GrpcLogAppender.java:timeoutAppendRequest(200)) - 4eec4314-a089-48fe-8241-8a8066126e3f@group-C8C33BDD9912->52078b41-1f38-4037-a826-db5ef9cf1b82-GrpcLogAppender: appendEntries Timeout, request=4eec4314-a089-48fe-8241-8a8066126e3f->52078b41-1f38-4037-a826-db5ef9cf1b82#158-t2, previous=(t:2, i:19), leaderCommit=15, initializing? false, entries: <empty>
2019-09-16 19:12:34,971 [java.util.concurrent.ThreadPoolExecutor$Worker@270df07d[State = -1, empty queue]] WARN  server.GrpcLogAppender (GrpcLogAppender.java:timeoutAppendRequest(200)) - 4eec4314-a089-48fe-8241-8a8066126e3f@group-C8C33BDD9912->30fc0d14-cbc7-4743-b48a-59ef39c48768-GrpcLogAppender: appendEntries Timeout, request=4eec4314-a089-48fe-8241-8a8066126e3f->30fc0d14-cbc7-4743-b48a-59ef39c48768#158-t2, previous=(t:2, i:19), leaderCommit=15, initializing? false, entries: <empty>
2019-09-16 19:12:35,092 [java.util.concurrent.ThreadPoolExecutor$Worker@6dd36484[State = -1, empty queue]] WARN  server.GrpcLogAppender (GrpcLogAppender.java:timeoutAppendRequest(200)) - 938e50ce-7856-436b-8929-0e37f4d51388@group-550D69124986->6abcef3f-3f35-471a-9739-1d418d62cada-GrpcLogAppender: appendEntries Timeout, request=938e50ce-7856-436b-8929-0e37f4d51388->6abcef3f-3f35-471a-9739-1d418d62cada#157-t2, previous=(t:2, i:18), leaderCommit=14, initializing? false, entries: <empty>
2019-09-16 19:12:35,092 [java.util.concurrent.ThreadPoolExecutor$Worker@7e0b0602[State = -1, empty queue]] WARN  server.GrpcLogAppender (GrpcLogAppender.java:timeoutAppendRequest(200)) - 938e50ce-7856-436b-8929-0e37f4d51388@group-550D69124986->4773b317-5b37-4901-9e93-e460a24d1141-GrpcLogAppender: appendEntries Timeout, request=938e50ce-7856-436b-8929-0e37f4d51388->4773b317-5b37-4901-9e93-e460a24d1141#157-t2, previous=(t:2, i:18), leaderCommit=14, initializing? false, entries: <empty>
2019-09-16 19:12:35,173 [grpc-default-executor-2] WARN  server.GrpcLogAppender (LogUtils.java:warn(134)) - 930b1328-fc80-47b7-a4b1-f8330041d315@group-B5EFBA83B44C->4bce4e32-952c-4220-bcc9-22a10ce18ca8-AppendLogResponseHandler: Failed appendEntries: org.apache.ratis.thirdparty.io.grpc.StatusRuntimeException: UNAVAILABLE: io exception
2019-09-16 19:12:35,173 [grpc-default-executor-1] WARN  server.GrpcLogAppender (LogUtils.java:warn(134)) - 930b1328-fc80-47b7-a4b1-f8330041d315@group-B5EFBA83B44C->e0619aa3-4ba4-49c8-ac60-3d80bbb74aab-AppendLogResponseHandler: Failed appendEntries: org.apache.ratis.thirdparty.io.grpc.StatusRuntimeException: UNAVAILABLE: io exception
2019-09-16 19:12:35,173 [grpc-default-executor-2] INFO  impl.FollowerInfo (FollowerInfo.java:lambda$new$0(51)) - 930b1328-fc80-47b7-a4b1-f8330041d315@group-B5EFBA83B44C->4bce4e32-952c-4220-bcc9-22a10ce18ca8: nextIndex: updateUnconditionally 0 -> 0
2019-09-16 19:12:35,176 [grpc-default-executor-1] INFO  impl.FollowerInfo (FollowerInfo.java:lambda$new$0(51)) - 930b1328-fc80-47b7-a4b1-f8330041d315@group-B5EFBA83B44C->e0619aa3-4ba4-49c8-ac60-3d80bbb74aab: nextIndex: updateUnconditionally 0 -> 0
2019-09-16 19:12:35,472 [java.util.concurrent.ThreadPoolExecutor$Worker@270df07d[State = -1, empty queue]] WARN  server.GrpcLogAppender (GrpcLogAppender.java:timeoutAppendRequest(200)) - 4eec4314-a089-48fe-8241-8a8066126e3f@group-C8C33BDD9912->30fc0d14-cbc7-4743-b48a-59ef39c48768-GrpcLogAppender: appendEntries Timeout, request=4eec4314-a089-48fe-8241-8a8066126e3f->30fc0d14-cbc7-4743-b48a-59ef39c48768#159-t2, previous=(t:2, i:19), leaderCommit=15, initializing? false, entries: <empty>
2019-09-16 19:12:35,472 [java.util.concurrent.ThreadPoolExecutor$Worker@4d174f1d[State = -1, empty queue]] WARN  server.GrpcLogAppender (GrpcLogAppender.java:timeoutAppendRequest(200)) - 4eec4314-a089-48fe-8241-8a8066126e3f@group-C8C33BDD9912->52078b41-1f38-4037-a826-db5ef9cf1b82-GrpcLogAppender: appendEntries Timeout, request=4eec4314-a089-48fe-8241-8a8066126e3f->52078b41-1f38-4037-a826-db5ef9cf1b82#159-t2, previous=(t:2, i:19), leaderCommit=15, initializing? false, entries: <empty>
2019-09-16 19:12:35,593 [java.util.concurrent.ThreadPoolExecutor$Worker@7e0b0602[State = -1, empty queue]] WARN  server.GrpcLogAppender (GrpcLogAppender.java:timeoutAppendRequest(200)) - 938e50ce-7856-436b-8929-0e37f4d51388@group-550D69124986->4773b317-5b37-4901-9e93-e460a24d1141-GrpcLogAppender: appendEntries Timeout, request=938e50ce-7856-436b-8929-0e37f4d51388->4773b317-5b37-4901-9e93-e460a24d1141#158-t2, previous=(t:2, i:18), leaderCommit=14, initializing? false, entries: <empty>
2019-09-16 19:12:35,593 [java.util.concurrent.ThreadPoolExecutor$Worker@6dd36484[State = -1, empty queue]] WARN  server.GrpcLogAppender (GrpcLogAppender.java:timeoutAppendRequest(200)) - 938e50ce-7856-436b-8929-0e37f4d51388@group-550D69124986->6abcef3f-3f35-471a-9739-1d418d62cada-GrpcLogAppender: appendEntries Timeout, request=938e50ce-7856-436b-8929-0e37f4d51388->6abcef3f-3f35-471a-9739-1d418d62cada#158-t2, previous=(t:2, i:18), leaderCommit=14, initializing? false, entries: <empty>
2019-09-16 19:12:35,674 [grpc-default-executor-0] WARN  server.GrpcLogAppender (LogUtils.java:warn(134)) - 930b1328-fc80-47b7-a4b1-f8330041d315@group-B5EFBA83B44C->e0619aa3-4ba4-49c8-ac60-3d80bbb74aab-AppendLogResponseHandler: Failed appendEntries: org.apache.ratis.thirdparty.io.grpc.StatusRuntimeException: UNAVAILABLE: io exception
2019-09-16 19:12:35,674 [grpc-default-executor-6] WARN  server.GrpcLogAppender (LogUtils.java:warn(134)) - 930b1328-fc80-47b7-a4b1-f8330041d315@group-B5EFBA83B44C->4bce4e32-952c-4220-bcc9-22a10ce18ca8-AppendLogResponseHandler: Failed appendEntries: org.apache.ratis.thirdparty.io.grpc.StatusRuntimeException: UNAVAILABLE: io exception
2019-09-16 19:12:35,674 [grpc-default-executor-0] INFO  impl.FollowerInfo (FollowerInfo.java:lambda$new$0(51)) - 930b1328-fc80-47b7-a4b1-f8330041d315@group-B5EFBA83B44C->e0619aa3-4ba4-49c8-ac60-3d80bbb74aab: nextIndex: updateUnconditionally 0 -> 0
2019-09-16 19:12:35,675 [grpc-default-executor-6] INFO  impl.FollowerInfo (FollowerInfo.java:lambda$new$0(51)) - 930b1328-fc80-47b7-a4b1-f8330041d315@group-B5EFBA83B44C->4bce4e32-952c-4220-bcc9-22a10ce18ca8: nextIndex: updateUnconditionally 0 -> 0
2019-09-16 19:12:35,973 [java.util.concurrent.ThreadPoolExecutor$Worker@270df07d[State = -1, empty queue]] WARN  server.GrpcLogAppender (GrpcLogAppender.java:timeoutAppendRequest(200)) - 4eec4314-a089-48fe-8241-8a8066126e3f@group-C8C33BDD9912->30fc0d14-cbc7-4743-b48a-59ef39c48768-GrpcLogAppender: appendEntries Timeout, request=4eec4314-a089-48fe-8241-8a8066126e3f->30fc0d14-cbc7-4743-b48a-59ef39c48768#160-t2, previous=(t:2, i:19), leaderCommit=15, initializing? false, entries: <empty>
2019-09-16 19:12:35,973 [java.util.concurrent.ThreadPoolExecutor$Worker@4d174f1d[State = -1, empty queue]] WARN  server.GrpcLogAppender (GrpcLogAppender.java:timeoutAppendRequest(200)) - 4eec4314-a089-48fe-8241-8a8066126e3f@group-C8C33BDD9912->52078b41-1f38-4037-a826-db5ef9cf1b82-GrpcLogAppender: appendEntries Timeout, request=4eec4314-a089-48fe-8241-8a8066126e3f->52078b41-1f38-4037-a826-db5ef9cf1b82#160-t2, previous=(t:2, i:19), leaderCommit=15, initializing? false, entries: <empty>
2019-09-16 19:12:36,093 [java.util.concurrent.ThreadPoolExecutor$Worker@7e0b0602[State = -1, empty queue]] WARN  server.GrpcLogAppender (GrpcLogAppender.java:timeoutAppendRequest(200)) - 938e50ce-7856-436b-8929-0e37f4d51388@group-550D69124986->4773b317-5b37-4901-9e93-e460a24d1141-GrpcLogAppender: appendEntries Timeout, request=938e50ce-7856-436b-8929-0e37f4d51388->4773b317-5b37-4901-9e93-e460a24d1141#159-t2, previous=(t:2, i:18), leaderCommit=14, initializing? false, entries: <empty>
2019-09-16 19:12:36,094 [java.util.concurrent.ThreadPoolExecutor$Worker@6dd36484[State = -1, empty queue]] WARN  server.GrpcLogAppender (GrpcLogAppender.java:timeoutAppendRequest(200)) - 938e50ce-7856-436b-8929-0e37f4d51388@group-550D69124986->6abcef3f-3f35-471a-9739-1d418d62cada-GrpcLogAppender: appendEntries Timeout, request=938e50ce-7856-436b-8929-0e37f4d51388->6abcef3f-3f35-471a-9739-1d418d62cada#159-t2, previous=(t:2, i:18), leaderCommit=14, initializing? false, entries: <empty>
2019-09-16 19:12:36,176 [grpc-default-executor-1] WARN  server.GrpcLogAppender (LogUtils.java:warn(134)) - 930b1328-fc80-47b7-a4b1-f8330041d315@group-B5EFBA83B44C->4bce4e32-952c-4220-bcc9-22a10ce18ca8-AppendLogResponseHandler: Failed appendEntries: org.apache.ratis.thirdparty.io.grpc.StatusRuntimeException: UNAVAILABLE: io exception
2019-09-16 19:12:36,176 [grpc-default-executor-0] WARN  server.GrpcLogAppender (LogUtils.java:warn(134)) - 930b1328-fc80-47b7-a4b1-f8330041d315@group-B5EFBA83B44C->e0619aa3-4ba4-49c8-ac60-3d80bbb74aab-AppendLogResponseHandler: Failed appendEntries: org.apache.ratis.thirdparty.io.grpc.StatusRuntimeException: UNAVAILABLE: io exception
2019-09-16 19:12:36,176 [grpc-default-executor-1] INFO  impl.FollowerInfo (FollowerInfo.java:lambda$new$0(51)) - 930b1328-fc80-47b7-a4b1-f8330041d315@group-B5EFBA83B44C->4bce4e32-952c-4220-bcc9-22a10ce18ca8: nextIndex: updateUnconditionally 0 -> 0
2019-09-16 19:12:36,176 [grpc-default-executor-0] INFO  impl.FollowerInfo (FollowerInfo.java:lambda$new$0(51)) - 930b1328-fc80-47b7-a4b1-f8330041d315@group-B5EFBA83B44C->e0619aa3-4ba4-49c8-ac60-3d80bbb74aab: nextIndex: updateUnconditionally 0 -> 0
2019-09-16 19:12:36,473 [java.util.concurrent.ThreadPoolExecutor$Worker@270df07d[State = -1, empty queue]] WARN  server.GrpcLogAppender (GrpcLogAppender.java:timeoutAppendRequest(200)) - 4eec4314-a089-48fe-8241-8a8066126e3f@group-C8C33BDD9912->30fc0d14-cbc7-4743-b48a-59ef39c48768-GrpcLogAppender: appendEntries Timeout, request=4eec4314-a089-48fe-8241-8a8066126e3f->30fc0d14-cbc7-4743-b48a-59ef39c48768#161-t2, previous=(t:2, i:19), leaderCommit=15, initializing? false, entries: <empty>
2019-09-16 19:12:36,473 [java.util.concurrent.ThreadPoolExecutor$Worker@4d174f1d[State = -1, empty queue]] WARN  server.GrpcLogAppender (GrpcLogAppender.java:timeoutAppendRequest(200)) - 4eec4314-a089-48fe-8241-8a8066126e3f@group-C8C33BDD9912->52078b41-1f38-4037-a826-db5ef9cf1b82-GrpcLogAppender: appendEntries Timeout, request=4eec4314-a089-48fe-8241-8a8066126e3f->52078b41-1f38-4037-a826-db5ef9cf1b82#161-t2, previous=(t:2, i:19), leaderCommit=15, initializing? false, entries: <empty>
2019-09-16 19:12:36,593 [java.util.concurrent.ThreadPoolExecutor$Worker@7e0b0602[State = -1, empty queue]] WARN  server.GrpcLogAppender (GrpcLogAppender.java:timeoutAppendRequest(200)) - 938e50ce-7856-436b-8929-0e37f4d51388@group-550D69124986->4773b317-5b37-4901-9e93-e460a24d1141-GrpcLogAppender: appendEntries Timeout, request=938e50ce-7856-436b-8929-0e37f4d51388->4773b317-5b37-4901-9e93-e460a24d1141#160-t2, previous=(t:2, i:18), leaderCommit=14, initializing? false, entries: <empty>
2019-09-16 19:12:36,594 [java.util.concurrent.ThreadPoolExecutor$Worker@6dd36484[State = -1, empty queue]] WARN  server.GrpcLogAppender (GrpcLogAppender.java:timeoutAppendRequest(200)) - 938e50ce-7856-436b-8929-0e37f4d51388@group-550D69124986->6abcef3f-3f35-471a-9739-1d418d62cada-GrpcLogAppender: appendEntries Timeout, request=938e50ce-7856-436b-8929-0e37f4d51388->6abcef3f-3f35-471a-9739-1d418d62cada#160-t2, previous=(t:2, i:18), leaderCommit=14, initializing? false, entries: <empty>
2019-09-16 19:12:36,676 [grpc-default-executor-4] WARN  server.GrpcLogAppender (LogUtils.java:warn(134)) - 930b1328-fc80-47b7-a4b1-f8330041d315@group-B5EFBA83B44C->4bce4e32-952c-4220-bcc9-22a10ce18ca8-AppendLogResponseHandler: Failed appendEntries: org.apache.ratis.thirdparty.io.grpc.StatusRuntimeException: UNAVAILABLE: io exception
2019-09-16 19:12:36,676 [grpc-default-executor-5] WARN  server.GrpcLogAppender (LogUtils.java:warn(134)) - 930b1328-fc80-47b7-a4b1-f8330041d315@group-B5EFBA83B44C->e0619aa3-4ba4-49c8-ac60-3d80bbb74aab-AppendLogResponseHandler: Failed appendEntries: org.apache.ratis.thirdparty.io.grpc.StatusRuntimeException: UNAVAILABLE: io exception
2019-09-16 19:12:36,677 [grpc-default-executor-4] INFO  impl.FollowerInfo (FollowerInfo.java:lambda$new$0(51)) - 930b1328-fc80-47b7-a4b1-f8330041d315@group-B5EFBA83B44C->4bce4e32-952c-4220-bcc9-22a10ce18ca8: nextIndex: updateUnconditionally 0 -> 0
2019-09-16 19:12:36,677 [grpc-default-executor-5] INFO  impl.FollowerInfo (FollowerInfo.java:lambda$new$0(51)) - 930b1328-fc80-47b7-a4b1-f8330041d315@group-B5EFBA83B44C->e0619aa3-4ba4-49c8-ac60-3d80bbb74aab: nextIndex: updateUnconditionally 0 -> 0
2019-09-16 19:12:36,974 [java.util.concurrent.ThreadPoolExecutor$Worker@4d174f1d[State = -1, empty queue]] WARN  server.GrpcLogAppender (GrpcLogAppender.java:timeoutAppendRequest(200)) - 4eec4314-a089-48fe-8241-8a8066126e3f@group-C8C33BDD9912->52078b41-1f38-4037-a826-db5ef9cf1b82-GrpcLogAppender: appendEntries Timeout, request=4eec4314-a089-48fe-8241-8a8066126e3f->52078b41-1f38-4037-a826-db5ef9cf1b82#162-t2, previous=(t:2, i:19), leaderCommit=15, initializing? false, entries: <empty>
2019-09-16 19:12:36,974 [java.util.concurrent.ThreadPoolExecutor$Worker@270df07d[State = -1, empty queue]] WARN  server.GrpcLogAppender (GrpcLogAppender.java:timeoutAppendRequest(200)) - 4eec4314-a089-48fe-8241-8a8066126e3f@group-C8C33BDD9912->30fc0d14-cbc7-4743-b48a-59ef39c48768-GrpcLogAppender: appendEntries Timeout, request=4eec4314-a089-48fe-8241-8a8066126e3f->30fc0d14-cbc7-4743-b48a-59ef39c48768#162-t2, previous=(t:2, i:19), leaderCommit=15, initializing? false, entries: <empty>
2019-09-16 19:12:37,094 [java.util.concurrent.ThreadPoolExecutor$Worker@7e0b0602[State = -1, empty queue]] WARN  server.GrpcLogAppender (GrpcLogAppender.java:timeoutAppendRequest(200)) - 938e50ce-7856-436b-8929-0e37f4d51388@group-550D69124986->4773b317-5b37-4901-9e93-e460a24d1141-GrpcLogAppender: appendEntries Timeout, request=938e50ce-7856-436b-8929-0e37f4d51388->4773b317-5b37-4901-9e93-e460a24d1141#161-t2, previous=(t:2, i:18), leaderCommit=14, initializing? false, entries: <empty>
2019-09-16 19:12:37,094 [java.util.concurrent.ThreadPoolExecutor$Worker@6dd36484[State = -1, empty queue]] WARN  server.GrpcLogAppender (GrpcLogAppender.java:timeoutAppendRequest(200)) - 938e50ce-7856-436b-8929-0e37f4d51388@group-550D69124986->6abcef3f-3f35-471a-9739-1d418d62cada-GrpcLogAppender: appendEntries Timeout, request=938e50ce-7856-436b-8929-0e37f4d51388->6abcef3f-3f35-471a-9739-1d418d62cada#161-t2, previous=(t:2, i:18), leaderCommit=14, initializing? false, entries: <empty>
2019-09-16 19:12:37,179 [grpc-default-executor-4] WARN  server.GrpcLogAppender (LogUtils.java:warn(134)) - 930b1328-fc80-47b7-a4b1-f8330041d315@group-B5EFBA83B44C->4bce4e32-952c-4220-bcc9-22a10ce18ca8-AppendLogResponseHandler: Failed appendEntries: org.apache.ratis.thirdparty.io.grpc.StatusRuntimeException: UNAVAILABLE: io exception
2019-09-16 19:12:37,179 [grpc-default-executor-5] WARN  server.GrpcLogAppender (LogUtils.java:warn(134)) - 930b1328-fc80-47b7-a4b1-f8330041d315@group-B5EFBA83B44C->e0619aa3-4ba4-49c8-ac60-3d80bbb74aab-AppendLogResponseHandler: Failed appendEntries: org.apache.ratis.thirdparty.io.grpc.StatusRuntimeException: UNAVAILABLE: io exception
2019-09-16 19:12:37,180 [grpc-default-executor-4] INFO  impl.FollowerInfo (FollowerInfo.java:lambda$new$0(51)) - 930b1328-fc80-47b7-a4b1-f8330041d315@group-B5EFBA83B44C->4bce4e32-952c-4220-bcc9-22a10ce18ca8: nextIndex: updateUnconditionally 0 -> 0
2019-09-16 19:12:37,180 [grpc-default-executor-5] INFO  impl.FollowerInfo (FollowerInfo.java:lambda$new$0(51)) - 930b1328-fc80-47b7-a4b1-f8330041d315@group-B5EFBA83B44C->e0619aa3-4ba4-49c8-ac60-3d80bbb74aab: nextIndex: updateUnconditionally 0 -> 0
2019-09-16 19:12:37,474 [java.util.concurrent.ThreadPoolExecutor$Worker@270df07d[State = -1, empty queue]] WARN  server.GrpcLogAppender (GrpcLogAppender.java:timeoutAppendRequest(200)) - 4eec4314-a089-48fe-8241-8a8066126e3f@group-C8C33BDD9912->30fc0d14-cbc7-4743-b48a-59ef39c48768-GrpcLogAppender: appendEntries Timeout, request=4eec4314-a089-48fe-8241-8a8066126e3f->30fc0d14-cbc7-4743-b48a-59ef39c48768#163-t2, previous=(t:2, i:19), leaderCommit=15, initializing? false, entries: <empty>
2019-09-16 19:12:37,474 [java.util.concurrent.ThreadPoolExecutor$Worker@4d174f1d[State = -1, empty queue]] WARN  server.GrpcLogAppender (GrpcLogAppender.java:timeoutAppendRequest(200)) - 4eec4314-a089-48fe-8241-8a8066126e3f@group-C8C33BDD9912->52078b41-1f38-4037-a826-db5ef9cf1b82-GrpcLogAppender: appendEntries Timeout, request=4eec4314-a089-48fe-8241-8a8066126e3f->52078b41-1f38-4037-a826-db5ef9cf1b82#163-t2, previous=(t:2, i:19), leaderCommit=15, initializing? false, entries: <empty>
2019-09-16 19:12:37,594 [java.util.concurrent.ThreadPoolExecutor$Worker@7e0b0602[State = -1, empty queue]] WARN  server.GrpcLogAppender (GrpcLogAppender.java:timeoutAppendRequest(200)) - 938e50ce-7856-436b-8929-0e37f4d51388@group-550D69124986->4773b317-5b37-4901-9e93-e460a24d1141-GrpcLogAppender: appendEntries Timeout, request=938e50ce-7856-436b-8929-0e37f4d51388->4773b317-5b37-4901-9e93-e460a24d1141#162-t2, previous=(t:2, i:18), leaderCommit=14, initializing? false, entries: <empty>
2019-09-16 19:12:37,594 [java.util.concurrent.ThreadPoolExecutor$Worker@6dd36484[State = -1, empty queue]] WARN  server.GrpcLogAppender (GrpcLogAppender.java:timeoutAppendRequest(200)) - 938e50ce-7856-436b-8929-0e37f4d51388@group-550D69124986->6abcef3f-3f35-471a-9739-1d418d62cada-GrpcLogAppender: appendEntries Timeout, request=938e50ce-7856-436b-8929-0e37f4d51388->6abcef3f-3f35-471a-9739-1d418d62cada#162-t2, previous=(t:2, i:18), leaderCommit=14, initializing? false, entries: <empty>
2019-09-16 19:12:37,679 [grpc-default-executor-4] WARN  server.GrpcLogAppender (LogUtils.java:warn(134)) - 930b1328-fc80-47b7-a4b1-f8330041d315@group-B5EFBA83B44C->e0619aa3-4ba4-49c8-ac60-3d80bbb74aab-AppendLogResponseHandler: Failed appendEntries: org.apache.ratis.thirdparty.io.grpc.StatusRuntimeException: UNAVAILABLE: io exception
2019-09-16 19:12:37,679 [grpc-default-executor-0] WARN  server.GrpcLogAppender (LogUtils.java:warn(134)) - 930b1328-fc80-47b7-a4b1-f8330041d315@group-B5EFBA83B44C->4bce4e32-952c-4220-bcc9-22a10ce18ca8-AppendLogResponseHandler: Failed appendEntries: org.apache.ratis.thirdparty.io.grpc.StatusRuntimeException: UNAVAILABLE: io exception
2019-09-16 19:12:37,680 [grpc-default-executor-4] INFO  impl.FollowerInfo (FollowerInfo.java:lambda$new$0(51)) - 930b1328-fc80-47b7-a4b1-f8330041d315@group-B5EFBA83B44C->e0619aa3-4ba4-49c8-ac60-3d80bbb74aab: nextIndex: updateUnconditionally 0 -> 0
2019-09-16 19:12:37,680 [grpc-default-executor-0] INFO  impl.FollowerInfo (FollowerInfo.java:lambda$new$0(51)) - 930b1328-fc80-47b7-a4b1-f8330041d315@group-B5EFBA83B44C->4bce4e32-952c-4220-bcc9-22a10ce18ca8: nextIndex: updateUnconditionally 0 -> 0
2019-09-16 19:12:37,974 [java.util.concurrent.ThreadPoolExecutor$Worker@270df07d[State = -1, empty queue]] WARN  server.GrpcLogAppender (GrpcLogAppender.java:timeoutAppendRequest(200)) - 4eec4314-a089-48fe-8241-8a8066126e3f@group-C8C33BDD9912->30fc0d14-cbc7-4743-b48a-59ef39c48768-GrpcLogAppender: appendEntries Timeout, request=4eec4314-a089-48fe-8241-8a8066126e3f->30fc0d14-cbc7-4743-b48a-59ef39c48768#164-t2, previous=(t:2, i:19), leaderCommit=15, initializing? false, entries: <empty>
2019-09-16 19:12:37,974 [java.util.concurrent.ThreadPoolExecutor$Worker@4d174f1d[State = -1, empty queue]] WARN  server.GrpcLogAppender (GrpcLogAppender.java:timeoutAppendRequest(200)) - 4eec4314-a089-48fe-8241-8a8066126e3f@group-C8C33BDD9912->52078b41-1f38-4037-a826-db5ef9cf1b82-GrpcLogAppender: appendEntries Timeout, request=4eec4314-a089-48fe-8241-8a8066126e3f->52078b41-1f38-4037-a826-db5ef9cf1b82#164-t2, previous=(t:2, i:19), leaderCommit=15, initializing? false, entries: <empty>
2019-09-16 19:12:38,094 [java.util.concurrent.ThreadPoolExecutor$Worker@7e0b0602[State = -1, empty queue]] WARN  server.GrpcLogAppender (GrpcLogAppender.java:timeoutAppendRequest(200)) - 938e50ce-7856-436b-8929-0e37f4d51388@group-550D69124986->4773b317-5b37-4901-9e93-e460a24d1141-GrpcLogAppender: appendEntries Timeout, request=938e50ce-7856-436b-8929-0e37f4d51388->4773b317-5b37-4901-9e93-e460a24d1141#163-t2, previous=(t:2, i:18), leaderCommit=14, initializing? false, entries: <empty>
2019-09-16 19:12:38,095 [java.util.concurrent.ThreadPoolExecutor$Worker@6dd36484[State = -1, empty queue]] WARN  server.GrpcLogAppender (GrpcLogAppender.java:timeoutAppendRequest(200)) - 938e50ce-7856-436b-8929-0e37f4d51388@group-550D69124986->6abcef3f-3f35-471a-9739-1d418d62cada-GrpcLogAppender: appendEntries Timeout, request=938e50ce-7856-436b-8929-0e37f4d51388->6abcef3f-3f35-471a-9739-1d418d62cada#163-t2, previous=(t:2, i:18), leaderCommit=14, initializing? false, entries: <empty>
2019-09-16 19:12:38,180 [grpc-default-executor-1] WARN  server.GrpcLogAppender (LogUtils.java:warn(134)) - 930b1328-fc80-47b7-a4b1-f8330041d315@group-B5EFBA83B44C->4bce4e32-952c-4220-bcc9-22a10ce18ca8-AppendLogResponseHandler: Failed appendEntries: org.apache.ratis.thirdparty.io.grpc.StatusRuntimeException: UNAVAILABLE: io exception
2019-09-16 19:12:38,180 [grpc-default-executor-0] WARN  server.GrpcLogAppender (LogUtils.java:warn(134)) - 930b1328-fc80-47b7-a4b1-f8330041d315@group-B5EFBA83B44C->e0619aa3-4ba4-49c8-ac60-3d80bbb74aab-AppendLogResponseHandler: Failed appendEntries: org.apache.ratis.thirdparty.io.grpc.StatusRuntimeException: UNAVAILABLE: io exception
2019-09-16 19:12:38,181 [grpc-default-executor-1] INFO  impl.FollowerInfo (FollowerInfo.java:lambda$new$0(51)) - 930b1328-fc80-47b7-a4b1-f8330041d315@group-B5EFBA83B44C->4bce4e32-952c-4220-bcc9-22a10ce18ca8: nextIndex: updateUnconditionally 0 -> 0
2019-09-16 19:12:38,181 [grpc-default-executor-0] INFO  impl.FollowerInfo (FollowerInfo.java:lambda$new$0(51)) - 930b1328-fc80-47b7-a4b1-f8330041d315@group-B5EFBA83B44C->e0619aa3-4ba4-49c8-ac60-3d80bbb74aab: nextIndex: updateUnconditionally 0 -> 0
2019-09-16 19:12:38,474 [java.util.concurrent.ThreadPoolExecutor$Worker@270df07d[State = -1, empty queue]] WARN  server.GrpcLogAppender (GrpcLogAppender.java:timeoutAppendRequest(200)) - 4eec4314-a089-48fe-8241-8a8066126e3f@group-C8C33BDD9912->30fc0d14-cbc7-4743-b48a-59ef39c48768-GrpcLogAppender: appendEntries Timeout, request=4eec4314-a089-48fe-8241-8a8066126e3f->30fc0d14-cbc7-4743-b48a-59ef39c48768#165-t2, previous=(t:2, i:19), leaderCommit=15, initializing? false, entries: <empty>
2019-09-16 19:12:38,474 [java.util.concurrent.ThreadPoolExecutor$Worker@4d174f1d[State = -1, empty queue]] WARN  server.GrpcLogAppender (GrpcLogAppender.java:timeoutAppendRequest(200)) - 4eec4314-a089-48fe-8241-8a8066126e3f@group-C8C33BDD9912->52078b41-1f38-4037-a826-db5ef9cf1b82-GrpcLogAppender: appendEntries Timeout, request=4eec4314-a089-48fe-8241-8a8066126e3f->52078b41-1f38-4037-a826-db5ef9cf1b82#165-t2, previous=(t:2, i:19), leaderCommit=15, initializing? false, entries: <empty>
2019-09-16 19:12:38,595 [java.util.concurrent.ThreadPoolExecutor$Worker@6dd36484[State = -1, empty queue]] WARN  server.GrpcLogAppender (GrpcLogAppender.java:timeoutAppendRequest(200)) - 938e50ce-7856-436b-8929-0e37f4d51388@group-550D69124986->6abcef3f-3f35-471a-9739-1d418d62cada-GrpcLogAppender: appendEntries Timeout, request=938e50ce-7856-436b-8929-0e37f4d51388->6abcef3f-3f35-471a-9739-1d418d62cada#164-t2, previous=(t:2, i:18), leaderCommit=14, initializing? false, entries: <empty>
2019-09-16 19:12:38,595 [java.util.concurrent.ThreadPoolExecutor$Worker@7e0b0602[State = -1, empty queue]] WARN  server.GrpcLogAppender (GrpcLogAppender.java:timeoutAppendRequest(200)) - 938e50ce-7856-436b-8929-0e37f4d51388@group-550D69124986->4773b317-5b37-4901-9e93-e460a24d1141-GrpcLogAppender: appendEntries Timeout, request=938e50ce-7856-436b-8929-0e37f4d51388->4773b317-5b37-4901-9e93-e460a24d1141#164-t2, previous=(t:2, i:18), leaderCommit=14, initializing? false, entries: <empty>
2019-09-16 19:12:38,682 [grpc-default-executor-1] WARN  server.GrpcLogAppender (LogUtils.java:warn(134)) - 930b1328-fc80-47b7-a4b1-f8330041d315@group-B5EFBA83B44C->4bce4e32-952c-4220-bcc9-22a10ce18ca8-AppendLogResponseHandler: Failed appendEntries: org.apache.ratis.thirdparty.io.grpc.StatusRuntimeException: UNAVAILABLE: io exception
2019-09-16 19:12:38,682 [grpc-default-executor-2] WARN  server.GrpcLogAppender (LogUtils.java:warn(134)) - 930b1328-fc80-47b7-a4b1-f8330041d315@group-B5EFBA83B44C->e0619aa3-4ba4-49c8-ac60-3d80bbb74aab-AppendLogResponseHandler: Failed appendEntries: org.apache.ratis.thirdparty.io.grpc.StatusRuntimeException: UNAVAILABLE: io exception
2019-09-16 19:12:38,682 [grpc-default-executor-1] INFO  impl.FollowerInfo (FollowerInfo.java:lambda$new$0(51)) - 930b1328-fc80-47b7-a4b1-f8330041d315@group-B5EFBA83B44C->4bce4e32-952c-4220-bcc9-22a10ce18ca8: nextIndex: updateUnconditionally 0 -> 0
2019-09-16 19:12:38,682 [grpc-default-executor-2] INFO  impl.FollowerInfo (FollowerInfo.java:lambda$new$0(51)) - 930b1328-fc80-47b7-a4b1-f8330041d315@group-B5EFBA83B44C->e0619aa3-4ba4-49c8-ac60-3d80bbb74aab: nextIndex: updateUnconditionally 0 -> 0
2019-09-16 19:12:38,976 [java.util.concurrent.ThreadPoolExecutor$Worker@270df07d[State = -1, empty queue]] WARN  server.GrpcLogAppender (GrpcLogAppender.java:timeoutAppendRequest(200)) - 4eec4314-a089-48fe-8241-8a8066126e3f@group-C8C33BDD9912->30fc0d14-cbc7-4743-b48a-59ef39c48768-GrpcLogAppender: appendEntries Timeout, request=4eec4314-a089-48fe-8241-8a8066126e3f->30fc0d14-cbc7-4743-b48a-59ef39c48768#166-t2, previous=(t:2, i:19), leaderCommit=15, initializing? false, entries: <empty>
2019-09-16 19:12:38,976 [java.util.concurrent.ThreadPoolExecutor$Worker@4d174f1d[State = -1, empty queue]] WARN  server.GrpcLogAppender (GrpcLogAppender.java:timeoutAppendRequest(200)) - 4eec4314-a089-48fe-8241-8a8066126e3f@group-C8C33BDD9912->52078b41-1f38-4037-a826-db5ef9cf1b82-GrpcLogAppender: appendEntries Timeout, request=4eec4314-a089-48fe-8241-8a8066126e3f->52078b41-1f38-4037-a826-db5ef9cf1b82#166-t2, previous=(t:2, i:19), leaderCommit=15, initializing? false, entries: <empty>
2019-09-16 19:12:39,088 [4773b317-5b37-4901-9e93-e460a24d1141@group-550D69124986-SegmentedRaftLogWorker] WARN  segmented.SegmentedRaftLogWorker (SegmentedRaftLogWorker.java:getFromFuture(90)) - Timeout 0/~
org.apache.ratis.protocol.TimeoutIOException: Timeout 10s: WriteLog:15: (t:2, i:15), STATEMACHINELOGENTRY, client-8794A58021D7, cid=74-writeStateMachineData
	at org.apache.ratis.util.IOUtils.getFromFuture(IOUtils.java:87)
	at org.apache.ratis.server.raftlog.segmented.SegmentedRaftLogWorker$StateMachineDataPolicy.getFromFuture(SegmentedRaftLogWorker.java:87)
	at org.apache.ratis.server.raftlog.segmented.SegmentedRaftLogWorker$WriteLog.execute(SegmentedRaftLogWorker.java:477)
	at org.apache.ratis.server.raftlog.segmented.SegmentedRaftLogWorker.run(SegmentedRaftLogWorker.java:289)
	at java.lang.Thread.run(Thread.java:748)
Caused by: java.util.concurrent.TimeoutException
	at java.util.concurrent.CompletableFuture.timedGet(CompletableFuture.java:1771)
	at java.util.concurrent.CompletableFuture.get(CompletableFuture.java:1915)
	at org.apache.ratis.util.IOUtils.getFromFuture(IOUtils.java:79)
	... 4 more
2019-09-16 19:12:39,095 [java.util.concurrent.ThreadPoolExecutor$Worker@6dd36484[State = -1, empty queue]] WARN  server.GrpcLogAppender (GrpcLogAppender.java:timeoutAppendRequest(200)) - 938e50ce-7856-436b-8929-0e37f4d51388@group-550D69124986->6abcef3f-3f35-471a-9739-1d418d62cada-GrpcLogAppender: appendEntries Timeout, request=938e50ce-7856-436b-8929-0e37f4d51388->6abcef3f-3f35-471a-9739-1d418d62cada#165-t2, previous=(t:2, i:18), leaderCommit=14, initializing? false, entries: <empty>
2019-09-16 19:12:39,095 [java.util.concurrent.ThreadPoolExecutor$Worker@7e0b0602[State = -1, empty queue]] WARN  server.GrpcLogAppender (GrpcLogAppender.java:timeoutAppendRequest(200)) - 938e50ce-7856-436b-8929-0e37f4d51388@group-550D69124986->4773b317-5b37-4901-9e93-e460a24d1141-GrpcLogAppender: appendEntries Timeout, request=938e50ce-7856-436b-8929-0e37f4d51388->4773b317-5b37-4901-9e93-e460a24d1141#165-t2, previous=(t:2, i:18), leaderCommit=14, initializing? false, entries: <empty>
2019-09-16 19:12:39,142 [938e50ce-7856-436b-8929-0e37f4d51388@group-550D69124986-SegmentedRaftLogWorker] WARN  segmented.SegmentedRaftLogWorker (SegmentedRaftLogWorker.java:getFromFuture(90)) - Timeout 0/~
org.apache.ratis.protocol.TimeoutIOException: Timeout 10s: WriteLog:17: (t:2, i:17), STATEMACHINELOGENTRY, client-8794A58021D7, cid=76-writeStateMachineData
	at org.apache.ratis.util.IOUtils.getFromFuture(IOUtils.java:87)
	at org.apache.ratis.server.raftlog.segmented.SegmentedRaftLogWorker$StateMachineDataPolicy.getFromFuture(SegmentedRaftLogWorker.java:87)
	at org.apache.ratis.server.raftlog.segmented.SegmentedRaftLogWorker$WriteLog.execute(SegmentedRaftLogWorker.java:477)
	at org.apache.ratis.server.raftlog.segmented.SegmentedRaftLogWorker.run(SegmentedRaftLogWorker.java:289)
	at java.lang.Thread.run(Thread.java:748)
Caused by: java.util.concurrent.TimeoutException
	at java.util.concurrent.CompletableFuture.timedGet(CompletableFuture.java:1771)
	at java.util.concurrent.CompletableFuture.get(CompletableFuture.java:1915)
	at org.apache.ratis.util.IOUtils.getFromFuture(IOUtils.java:79)
	... 4 more
2019-09-16 19:12:39,160 [6abcef3f-3f35-471a-9739-1d418d62cada@group-550D69124986-SegmentedRaftLogWorker] WARN  segmented.SegmentedRaftLogWorker (SegmentedRaftLogWorker.java:getFromFuture(90)) - Timeout 0/~
org.apache.ratis.protocol.TimeoutIOException: Timeout 10s: WriteLog:17: (t:2, i:17), STATEMACHINELOGENTRY, client-8794A58021D7, cid=76-writeStateMachineData
	at org.apache.ratis.util.IOUtils.getFromFuture(IOUtils.java:87)
	at org.apache.ratis.server.raftlog.segmented.SegmentedRaftLogWorker$StateMachineDataPolicy.getFromFuture(SegmentedRaftLogWorker.java:87)
	at org.apache.ratis.server.raftlog.segmented.SegmentedRaftLogWorker$WriteLog.execute(SegmentedRaftLogWorker.java:477)
	at org.apache.ratis.server.raftlog.segmented.SegmentedRaftLogWorker.run(SegmentedRaftLogWorker.java:289)
	at java.lang.Thread.run(Thread.java:748)
Caused by: java.util.concurrent.TimeoutException
	at java.util.concurrent.CompletableFuture.timedGet(CompletableFuture.java:1771)
	at java.util.concurrent.CompletableFuture.get(CompletableFuture.java:1915)
	at org.apache.ratis.util.IOUtils.getFromFuture(IOUtils.java:79)
	... 4 more
2019-09-16 19:12:39,184 [grpc-default-executor-0] INFO  client.GrpcClientProtocolClient (GrpcClientProtocolClient.java:onNext(264)) - client-8794A58021D7->6abcef3f-3f35-471a-9739-1d418d62cada: receive RaftClientReply:client-8794A58021D7->6abcef3f-3f35-471a-9739-1d418d62cada@group-550D69124986, cid=74, FAILED org.apache.ratis.protocol.NotLeaderException: Server 6abcef3f-3f35-471a-9739-1d418d62cada@group-550D69124986 is not the leader 938e50ce-7856-436b-8929-0e37f4d51388:192.168.34.56:36082, logIndex=0, commits[6abcef3f-3f35-471a-9739-1d418d62cada:c14, 938e50ce-7856-436b-8929-0e37f4d51388:c14, 4773b317-5b37-4901-9e93-e460a24d1141:c12]
2019-09-16 19:12:39,185 [grpc-default-executor-5] WARN  server.GrpcLogAppender (LogUtils.java:warn(134)) - 930b1328-fc80-47b7-a4b1-f8330041d315@group-B5EFBA83B44C->e0619aa3-4ba4-49c8-ac60-3d80bbb74aab-AppendLogResponseHandler: Failed appendEntries: org.apache.ratis.thirdparty.io.grpc.StatusRuntimeException: UNAVAILABLE: io exception
2019-09-16 19:12:39,185 [grpc-default-executor-4] WARN  server.GrpcLogAppender (LogUtils.java:warn(134)) - 930b1328-fc80-47b7-a4b1-f8330041d315@group-B5EFBA83B44C->4bce4e32-952c-4220-bcc9-22a10ce18ca8-AppendLogResponseHandler: Failed appendEntries: org.apache.ratis.thirdparty.io.grpc.StatusRuntimeException: UNAVAILABLE: io exception
2019-09-16 19:12:39,192 [grpc-default-executor-5] INFO  impl.FollowerInfo (FollowerInfo.java:lambda$new$0(51)) - 930b1328-fc80-47b7-a4b1-f8330041d315@group-B5EFBA83B44C->e0619aa3-4ba4-49c8-ac60-3d80bbb74aab: nextIndex: updateUnconditionally 0 -> 0
2019-09-16 19:12:39,192 [grpc-default-executor-4] INFO  impl.FollowerInfo (FollowerInfo.java:lambda$new$0(51)) - 930b1328-fc80-47b7-a4b1-f8330041d315@group-B5EFBA83B44C->4bce4e32-952c-4220-bcc9-22a10ce18ca8: nextIndex: updateUnconditionally 0 -> 0
2019-09-16 19:12:39,477 [java.util.concurrent.ThreadPoolExecutor$Worker@4d174f1d[State = -1, empty queue]] WARN  server.GrpcLogAppender (GrpcLogAppender.java:timeoutAppendRequest(200)) - 4eec4314-a089-48fe-8241-8a8066126e3f@group-C8C33BDD9912->52078b41-1f38-4037-a826-db5ef9cf1b82-GrpcLogAppender: appendEntries Timeout, request=4eec4314-a089-48fe-8241-8a8066126e3f->52078b41-1f38-4037-a826-db5ef9cf1b82#167-t2, previous=(t:2, i:19), leaderCommit=15, initializing? false, entries: <empty>
2019-09-16 19:12:39,477 [java.util.concurrent.ThreadPoolExecutor$Worker@270df07d[State = -1, empty queue]] WARN  server.GrpcLogAppender (GrpcLogAppender.java:timeoutAppendRequest(200)) - 4eec4314-a089-48fe-8241-8a8066126e3f@group-C8C33BDD9912->30fc0d14-cbc7-4743-b48a-59ef39c48768-GrpcLogAppender: appendEntries Timeout, request=4eec4314-a089-48fe-8241-8a8066126e3f->30fc0d14-cbc7-4743-b48a-59ef39c48768#167-t2, previous=(t:2, i:19), leaderCommit=15, initializing? false, entries: <empty>
2019-09-16 19:12:39,595 [java.util.concurrent.ThreadPoolExecutor$Worker@7e0b0602[State = -1, empty queue]] WARN  server.GrpcLogAppender (GrpcLogAppender.java:timeoutAppendRequest(200)) - 938e50ce-7856-436b-8929-0e37f4d51388@group-550D69124986->4773b317-5b37-4901-9e93-e460a24d1141-GrpcLogAppender: appendEntries Timeout, request=938e50ce-7856-436b-8929-0e37f4d51388->4773b317-5b37-4901-9e93-e460a24d1141#166-t2, previous=(t:2, i:18), leaderCommit=14, initializing? false, entries: <empty>
2019-09-16 19:12:39,595 [java.util.concurrent.ThreadPoolExecutor$Worker@6dd36484[State = -1, empty queue]] WARN  server.GrpcLogAppender (GrpcLogAppender.java:timeoutAppendRequest(200)) - 938e50ce-7856-436b-8929-0e37f4d51388@group-550D69124986->6abcef3f-3f35-471a-9739-1d418d62cada-GrpcLogAppender: appendEntries Timeout, request=938e50ce-7856-436b-8929-0e37f4d51388->6abcef3f-3f35-471a-9739-1d418d62cada#166-t2, previous=(t:2, i:18), leaderCommit=14, initializing? false, entries: <empty>
2019-09-16 19:12:39,686 [grpc-default-executor-2] WARN  server.GrpcLogAppender (LogUtils.java:warn(134)) - 930b1328-fc80-47b7-a4b1-f8330041d315@group-B5EFBA83B44C->e0619aa3-4ba4-49c8-ac60-3d80bbb74aab-AppendLogResponseHandler: Failed appendEntries: org.apache.ratis.thirdparty.io.grpc.StatusRuntimeException: UNAVAILABLE: io exception
2019-09-16 19:12:39,686 [grpc-default-executor-1] WARN  server.GrpcLogAppender (LogUtils.java:warn(134)) - 930b1328-fc80-47b7-a4b1-f8330041d315@group-B5EFBA83B44C->4bce4e32-952c-4220-bcc9-22a10ce18ca8-AppendLogResponseHandler: Failed appendEntries: org.apache.ratis.thirdparty.io.grpc.StatusRuntimeException: UNAVAILABLE: io exception
2019-09-16 19:12:39,686 [grpc-default-executor-2] INFO  impl.FollowerInfo (FollowerInfo.java:lambda$new$0(51)) - 930b1328-fc80-47b7-a4b1-f8330041d315@group-B5EFBA83B44C->e0619aa3-4ba4-49c8-ac60-3d80bbb74aab: nextIndex: updateUnconditionally 0 -> 0
2019-09-16 19:12:39,686 [grpc-default-executor-1] INFO  impl.FollowerInfo (FollowerInfo.java:lambda$new$0(51)) - 930b1328-fc80-47b7-a4b1-f8330041d315@group-B5EFBA83B44C->4bce4e32-952c-4220-bcc9-22a10ce18ca8: nextIndex: updateUnconditionally 0 -> 0
2019-09-16 19:12:39,978 [java.util.concurrent.ThreadPoolExecutor$Worker@4d174f1d[State = -1, empty queue]] WARN  server.GrpcLogAppender (GrpcLogAppender.java:timeoutAppendRequest(200)) - 4eec4314-a089-48fe-8241-8a8066126e3f@group-C8C33BDD9912->52078b41-1f38-4037-a826-db5ef9cf1b82-GrpcLogAppender: appendEntries Timeout, request=4eec4314-a089-48fe-8241-8a8066126e3f->52078b41-1f38-4037-a826-db5ef9cf1b82#168-t2, previous=(t:2, i:19), leaderCommit=15, initializing? false, entries: <empty>
2019-09-16 19:12:39,978 [java.util.concurrent.ThreadPoolExecutor$Worker@270df07d[State = -1, empty queue]] WARN  server.GrpcLogAppender (GrpcLogAppender.java:timeoutAppendRequest(200)) - 4eec4314-a089-48fe-8241-8a8066126e3f@group-C8C33BDD9912->30fc0d14-cbc7-4743-b48a-59ef39c48768-GrpcLogAppender: appendEntries Timeout, request=4eec4314-a089-48fe-8241-8a8066126e3f->30fc0d14-cbc7-4743-b48a-59ef39c48768#168-t2, previous=(t:2, i:19), leaderCommit=15, initializing? false, entries: <empty>
2019-09-16 19:12:40,095 [java.util.concurrent.ThreadPoolExecutor$Worker@7e0b0602[State = -1, empty queue]] WARN  server.GrpcLogAppender (GrpcLogAppender.java:timeoutAppendRequest(200)) - 938e50ce-7856-436b-8929-0e37f4d51388@group-550D69124986->4773b317-5b37-4901-9e93-e460a24d1141-GrpcLogAppender: appendEntries Timeout, request=938e50ce-7856-436b-8929-0e37f4d51388->4773b317-5b37-4901-9e93-e460a24d1141#167-t2, previous=(t:2, i:18), leaderCommit=14, initializing? false, entries: <empty>
2019-09-16 19:12:40,095 [java.util.concurrent.ThreadPoolExecutor$Worker@6dd36484[State = -1, empty queue]] WARN  server.GrpcLogAppender (GrpcLogAppender.java:timeoutAppendRequest(200)) - 938e50ce-7856-436b-8929-0e37f4d51388@group-550D69124986->6abcef3f-3f35-471a-9739-1d418d62cada-GrpcLogAppender: appendEntries Timeout, request=938e50ce-7856-436b-8929-0e37f4d51388->6abcef3f-3f35-471a-9739-1d418d62cada#167-t2, previous=(t:2, i:18), leaderCommit=14, initializing? false, entries: <empty>
2019-09-16 19:12:40,186 [grpc-default-executor-1] WARN  server.GrpcLogAppender (LogUtils.java:warn(134)) - 930b1328-fc80-47b7-a4b1-f8330041d315@group-B5EFBA83B44C->e0619aa3-4ba4-49c8-ac60-3d80bbb74aab-AppendLogResponseHandler: Failed appendEntries: org.apache.ratis.thirdparty.io.grpc.StatusRuntimeException: UNAVAILABLE: io exception
2019-09-16 19:12:40,186 [grpc-default-executor-5] WARN  server.GrpcLogAppender (LogUtils.java:warn(134)) - 930b1328-fc80-47b7-a4b1-f8330041d315@group-B5EFBA83B44C->4bce4e32-952c-4220-bcc9-22a10ce18ca8-AppendLogResponseHandler: Failed appendEntries: org.apache.ratis.thirdparty.io.grpc.StatusRuntimeException: UNAVAILABLE: io exception
2019-09-16 19:12:40,186 [grpc-default-executor-1] INFO  impl.FollowerInfo (FollowerInfo.java:lambda$new$0(51)) - 930b1328-fc80-47b7-a4b1-f8330041d315@group-B5EFBA83B44C->e0619aa3-4ba4-49c8-ac60-3d80bbb74aab: nextIndex: updateUnconditionally 0 -> 0
2019-09-16 19:12:40,187 [grpc-default-executor-5] INFO  impl.FollowerInfo (FollowerInfo.java:lambda$new$0(51)) - 930b1328-fc80-47b7-a4b1-f8330041d315@group-B5EFBA83B44C->4bce4e32-952c-4220-bcc9-22a10ce18ca8: nextIndex: updateUnconditionally 0 -> 0
2019-09-16 19:12:40,478 [java.util.concurrent.ThreadPoolExecutor$Worker@4d174f1d[State = -1, empty queue]] WARN  server.GrpcLogAppender (GrpcLogAppender.java:timeoutAppendRequest(200)) - 4eec4314-a089-48fe-8241-8a8066126e3f@group-C8C33BDD9912->52078b41-1f38-4037-a826-db5ef9cf1b82-GrpcLogAppender: appendEntries Timeout, request=4eec4314-a089-48fe-8241-8a8066126e3f->52078b41-1f38-4037-a826-db5ef9cf1b82#169-t2, previous=(t:2, i:19), leaderCommit=15, initializing? false, entries: <empty>
2019-09-16 19:12:40,478 [java.util.concurrent.ThreadPoolExecutor$Worker@270df07d[State = -1, empty queue]] WARN  server.GrpcLogAppender (GrpcLogAppender.java:timeoutAppendRequest(200)) - 4eec4314-a089-48fe-8241-8a8066126e3f@group-C8C33BDD9912->30fc0d14-cbc7-4743-b48a-59ef39c48768-GrpcLogAppender: appendEntries Timeout, request=4eec4314-a089-48fe-8241-8a8066126e3f->30fc0d14-cbc7-4743-b48a-59ef39c48768#169-t2, previous=(t:2, i:19), leaderCommit=15, initializing? false, entries: <empty>
2019-09-16 19:12:40,596 [java.util.concurrent.ThreadPoolExecutor$Worker@7e0b0602[State = -1, empty queue]] WARN  server.GrpcLogAppender (GrpcLogAppender.java:timeoutAppendRequest(200)) - 938e50ce-7856-436b-8929-0e37f4d51388@group-550D69124986->4773b317-5b37-4901-9e93-e460a24d1141-GrpcLogAppender: appendEntries Timeout, request=938e50ce-7856-436b-8929-0e37f4d51388->4773b317-5b37-4901-9e93-e460a24d1141#168-t2, previous=(t:2, i:18), leaderCommit=14, initializing? false, entries: <empty>
2019-09-16 19:12:40,596 [java.util.concurrent.ThreadPoolExecutor$Worker@6dd36484[State = -1, empty queue]] WARN  server.GrpcLogAppender (GrpcLogAppender.java:timeoutAppendRequest(200)) - 938e50ce-7856-436b-8929-0e37f4d51388@group-550D69124986->6abcef3f-3f35-471a-9739-1d418d62cada-GrpcLogAppender: appendEntries Timeout, request=938e50ce-7856-436b-8929-0e37f4d51388->6abcef3f-3f35-471a-9739-1d418d62cada#168-t2, previous=(t:2, i:18), leaderCommit=14, initializing? false, entries: <empty>
2019-09-16 19:12:40,688 [grpc-default-executor-2] WARN  server.GrpcLogAppender (LogUtils.java:warn(134)) - 930b1328-fc80-47b7-a4b1-f8330041d315@group-B5EFBA83B44C->4bce4e32-952c-4220-bcc9-22a10ce18ca8-AppendLogResponseHandler: Failed appendEntries: org.apache.ratis.thirdparty.io.grpc.StatusRuntimeException: UNAVAILABLE: io exception
2019-09-16 19:12:40,688 [grpc-default-executor-1] WARN  server.GrpcLogAppender (LogUtils.java:warn(134)) - 930b1328-fc80-47b7-a4b1-f8330041d315@group-B5EFBA83B44C->e0619aa3-4ba4-49c8-ac60-3d80bbb74aab-AppendLogResponseHandler: Failed appendEntries: org.apache.ratis.thirdparty.io.grpc.StatusRuntimeException: UNAVAILABLE: io exception
2019-09-16 19:12:40,688 [grpc-default-executor-2] INFO  impl.FollowerInfo (FollowerInfo.java:lambda$new$0(51)) - 930b1328-fc80-47b7-a4b1-f8330041d315@group-B5EFBA83B44C->4bce4e32-952c-4220-bcc9-22a10ce18ca8: nextIndex: updateUnconditionally 0 -> 0
2019-09-16 19:12:40,688 [grpc-default-executor-1] INFO  impl.FollowerInfo (FollowerInfo.java:lambda$new$0(51)) - 930b1328-fc80-47b7-a4b1-f8330041d315@group-B5EFBA83B44C->e0619aa3-4ba4-49c8-ac60-3d80bbb74aab: nextIndex: updateUnconditionally 0 -> 0
2019-09-16 19:12:40,979 [java.util.concurrent.ThreadPoolExecutor$Worker@270df07d[State = -1, empty queue]] WARN  server.GrpcLogAppender (GrpcLogAppender.java:timeoutAppendRequest(200)) - 4eec4314-a089-48fe-8241-8a8066126e3f@group-C8C33BDD9912->30fc0d14-cbc7-4743-b48a-59ef39c48768-GrpcLogAppender: appendEntries Timeout, request=4eec4314-a089-48fe-8241-8a8066126e3f->30fc0d14-cbc7-4743-b48a-59ef39c48768#170-t2, previous=(t:2, i:19), leaderCommit=15, initializing? false, entries: <empty>
2019-09-16 19:12:40,979 [java.util.concurrent.ThreadPoolExecutor$Worker@4d174f1d[State = -1, empty queue]] WARN  server.GrpcLogAppender (GrpcLogAppender.java:timeoutAppendRequest(200)) - 4eec4314-a089-48fe-8241-8a8066126e3f@group-C8C33BDD9912->52078b41-1f38-4037-a826-db5ef9cf1b82-GrpcLogAppender: appendEntries Timeout, request=4eec4314-a089-48fe-8241-8a8066126e3f->52078b41-1f38-4037-a826-db5ef9cf1b82#170-t2, previous=(t:2, i:19), leaderCommit=15, initializing? false, entries: <empty>
2019-09-16 19:12:41,097 [java.util.concurrent.ThreadPoolExecutor$Worker@6dd36484[State = -1, empty queue]] WARN  server.GrpcLogAppender (GrpcLogAppender.java:timeoutAppendRequest(200)) - 938e50ce-7856-436b-8929-0e37f4d51388@group-550D69124986->6abcef3f-3f35-471a-9739-1d418d62cada-GrpcLogAppender: appendEntries Timeout, request=938e50ce-7856-436b-8929-0e37f4d51388->6abcef3f-3f35-471a-9739-1d418d62cada#169-t2, previous=(t:2, i:18), leaderCommit=14, initializing? false, entries: <empty>
2019-09-16 19:12:41,097 [java.util.concurrent.ThreadPoolExecutor$Worker@7e0b0602[State = -1, empty queue]] WARN  server.GrpcLogAppender (GrpcLogAppender.java:timeoutAppendRequest(200)) - 938e50ce-7856-436b-8929-0e37f4d51388@group-550D69124986->4773b317-5b37-4901-9e93-e460a24d1141-GrpcLogAppender: appendEntries Timeout, request=938e50ce-7856-436b-8929-0e37f4d51388->4773b317-5b37-4901-9e93-e460a24d1141#169-t2, previous=(t:2, i:18), leaderCommit=14, initializing? false, entries: <empty>
2019-09-16 19:12:41,189 [grpc-default-executor-6] WARN  server.GrpcLogAppender (LogUtils.java:warn(134)) - 930b1328-fc80-47b7-a4b1-f8330041d315@group-B5EFBA83B44C->e0619aa3-4ba4-49c8-ac60-3d80bbb74aab-AppendLogResponseHandler: Failed appendEntries: org.apache.ratis.thirdparty.io.grpc.StatusRuntimeException: UNAVAILABLE: io exception
2019-09-16 19:12:41,189 [grpc-default-executor-5] WARN  server.GrpcLogAppender (LogUtils.java:warn(134)) - 930b1328-fc80-47b7-a4b1-f8330041d315@group-B5EFBA83B44C->4bce4e32-952c-4220-bcc9-22a10ce18ca8-AppendLogResponseHandler: Failed appendEntries: org.apache.ratis.thirdparty.io.grpc.StatusRuntimeException: UNAVAILABLE: io exception
2019-09-16 19:12:41,189 [grpc-default-executor-6] INFO  impl.FollowerInfo (FollowerInfo.java:lambda$new$0(51)) - 930b1328-fc80-47b7-a4b1-f8330041d315@group-B5EFBA83B44C->e0619aa3-4ba4-49c8-ac60-3d80bbb74aab: nextIndex: updateUnconditionally 0 -> 0
2019-09-16 19:12:41,190 [grpc-default-executor-5] INFO  impl.FollowerInfo (FollowerInfo.java:lambda$new$0(51)) - 930b1328-fc80-47b7-a4b1-f8330041d315@group-B5EFBA83B44C->4bce4e32-952c-4220-bcc9-22a10ce18ca8: nextIndex: updateUnconditionally 0 -> 0
2019-09-16 19:12:41,480 [java.util.concurrent.ThreadPoolExecutor$Worker@4d174f1d[State = -1, empty queue]] WARN  server.GrpcLogAppender (GrpcLogAppender.java:timeoutAppendRequest(200)) - 4eec4314-a089-48fe-8241-8a8066126e3f@group-C8C33BDD9912->52078b41-1f38-4037-a826-db5ef9cf1b82-GrpcLogAppender: appendEntries Timeout, request=4eec4314-a089-48fe-8241-8a8066126e3f->52078b41-1f38-4037-a826-db5ef9cf1b82#171-t2, previous=(t:2, i:19), leaderCommit=15, initializing? false, entries: <empty>
2019-09-16 19:12:41,480 [java.util.concurrent.ThreadPoolExecutor$Worker@270df07d[State = -1, empty queue]] WARN  server.GrpcLogAppender (GrpcLogAppender.java:timeoutAppendRequest(200)) - 4eec4314-a089-48fe-8241-8a8066126e3f@group-C8C33BDD9912->30fc0d14-cbc7-4743-b48a-59ef39c48768-GrpcLogAppender: appendEntries Timeout, request=4eec4314-a089-48fe-8241-8a8066126e3f->30fc0d14-cbc7-4743-b48a-59ef39c48768#171-t2, previous=(t:2, i:19), leaderCommit=15, initializing? false, entries: <empty>
2019-09-16 19:12:41,597 [java.util.concurrent.ThreadPoolExecutor$Worker@7e0b0602[State = -1, empty queue]] WARN  server.GrpcLogAppender (GrpcLogAppender.java:timeoutAppendRequest(200)) - 938e50ce-7856-436b-8929-0e37f4d51388@group-550D69124986->4773b317-5b37-4901-9e93-e460a24d1141-GrpcLogAppender: appendEntries Timeout, request=938e50ce-7856-436b-8929-0e37f4d51388->4773b317-5b37-4901-9e93-e460a24d1141#170-t2, previous=(t:2, i:18), leaderCommit=14, initializing? false, entries: <empty>
2019-09-16 19:12:41,597 [java.util.concurrent.ThreadPoolExecutor$Worker@6dd36484[State = -1, empty queue]] WARN  server.GrpcLogAppender (GrpcLogAppender.java:timeoutAppendRequest(200)) - 938e50ce-7856-436b-8929-0e37f4d51388@group-550D69124986->6abcef3f-3f35-471a-9739-1d418d62cada-GrpcLogAppender: appendEntries Timeout, request=938e50ce-7856-436b-8929-0e37f4d51388->6abcef3f-3f35-471a-9739-1d418d62cada#170-t2, previous=(t:2, i:18), leaderCommit=14, initializing? false, entries: <empty>
2019-09-16 19:12:41,692 [grpc-default-executor-0] WARN  server.GrpcLogAppender (LogUtils.java:warn(134)) - 930b1328-fc80-47b7-a4b1-f8330041d315@group-B5EFBA83B44C->4bce4e32-952c-4220-bcc9-22a10ce18ca8-AppendLogResponseHandler: Failed appendEntries: org.apache.ratis.thirdparty.io.grpc.StatusRuntimeException: UNAVAILABLE: io exception
2019-09-16 19:12:41,692 [grpc-default-executor-2] WARN  server.GrpcLogAppender (LogUtils.java:warn(134)) - 930b1328-fc80-47b7-a4b1-f8330041d315@group-B5EFBA83B44C->e0619aa3-4ba4-49c8-ac60-3d80bbb74aab-AppendLogResponseHandler: Failed appendEntries: org.apache.ratis.thirdparty.io.grpc.StatusRuntimeException: UNAVAILABLE: io exception
2019-09-16 19:12:41,692 [grpc-default-executor-0] INFO  impl.FollowerInfo (FollowerInfo.java:lambda$new$0(51)) - 930b1328-fc80-47b7-a4b1-f8330041d315@group-B5EFBA83B44C->4bce4e32-952c-4220-bcc9-22a10ce18ca8: nextIndex: updateUnconditionally 0 -> 0
2019-09-16 19:12:41,692 [grpc-default-executor-2] INFO  impl.FollowerInfo (FollowerInfo.java:lambda$new$0(51)) - 930b1328-fc80-47b7-a4b1-f8330041d315@group-B5EFBA83B44C->e0619aa3-4ba4-49c8-ac60-3d80bbb74aab: nextIndex: updateUnconditionally 0 -> 0
2019-09-16 19:12:41,980 [java.util.concurrent.ThreadPoolExecutor$Worker@270df07d[State = -1, empty queue]] WARN  server.GrpcLogAppender (GrpcLogAppender.java:timeoutAppendRequest(200)) - 4eec4314-a089-48fe-8241-8a8066126e3f@group-C8C33BDD9912->30fc0d14-cbc7-4743-b48a-59ef39c48768-GrpcLogAppender: appendEntries Timeout, request=4eec4314-a089-48fe-8241-8a8066126e3f->30fc0d14-cbc7-4743-b48a-59ef39c48768#172-t2, previous=(t:2, i:19), leaderCommit=15, initializing? false, entries: <empty>
2019-09-16 19:12:41,980 [java.util.concurrent.ThreadPoolExecutor$Worker@4d174f1d[State = -1, empty queue]] WARN  server.GrpcLogAppender (GrpcLogAppender.java:timeoutAppendRequest(200)) - 4eec4314-a089-48fe-8241-8a8066126e3f@group-C8C33BDD9912->52078b41-1f38-4037-a826-db5ef9cf1b82-GrpcLogAppender: appendEntries Timeout, request=4eec4314-a089-48fe-8241-8a8066126e3f->52078b41-1f38-4037-a826-db5ef9cf1b82#172-t2, previous=(t:2, i:19), leaderCommit=15, initializing? false, entries: <empty>
2019-09-16 19:12:42,097 [java.util.concurrent.ThreadPoolExecutor$Worker@6dd36484[State = -1, empty queue]] WARN  server.GrpcLogAppender (GrpcLogAppender.java:timeoutAppendRequest(200)) - 938e50ce-7856-436b-8929-0e37f4d51388@group-550D69124986->6abcef3f-3f35-471a-9739-1d418d62cada-GrpcLogAppender: appendEntries Timeout, request=938e50ce-7856-436b-8929-0e37f4d51388->6abcef3f-3f35-471a-9739-1d418d62cada#171-t2, previous=(t:2, i:18), leaderCommit=14, initializing? false, entries: <empty>
2019-09-16 19:12:42,097 [java.util.concurrent.ThreadPoolExecutor$Worker@7e0b0602[State = -1, empty queue]] WARN  server.GrpcLogAppender (GrpcLogAppender.java:timeoutAppendRequest(200)) - 938e50ce-7856-436b-8929-0e37f4d51388@group-550D69124986->4773b317-5b37-4901-9e93-e460a24d1141-GrpcLogAppender: appendEntries Timeout, request=938e50ce-7856-436b-8929-0e37f4d51388->4773b317-5b37-4901-9e93-e460a24d1141#171-t2, previous=(t:2, i:18), leaderCommit=14, initializing? false, entries: <empty>
2019-09-16 19:12:42,192 [grpc-default-executor-1] WARN  server.GrpcLogAppender (LogUtils.java:warn(134)) - 930b1328-fc80-47b7-a4b1-f8330041d315@group-B5EFBA83B44C->4bce4e32-952c-4220-bcc9-22a10ce18ca8-AppendLogResponseHandler: Failed appendEntries: org.apache.ratis.thirdparty.io.grpc.StatusRuntimeException: UNAVAILABLE: io exception
2019-09-16 19:12:42,192 [grpc-default-executor-2] WARN  server.GrpcLogAppender (LogUtils.java:warn(134)) - 930b1328-fc80-47b7-a4b1-f8330041d315@group-B5EFBA83B44C->e0619aa3-4ba4-49c8-ac60-3d80bbb74aab-AppendLogResponseHandler: Failed appendEntries: org.apache.ratis.thirdparty.io.grpc.StatusRuntimeException: UNAVAILABLE: io exception
2019-09-16 19:12:42,192 [grpc-default-executor-1] INFO  impl.FollowerInfo (FollowerInfo.java:lambda$new$0(51)) - 930b1328-fc80-47b7-a4b1-f8330041d315@group-B5EFBA83B44C->4bce4e32-952c-4220-bcc9-22a10ce18ca8: nextIndex: updateUnconditionally 0 -> 0
2019-09-16 19:12:42,192 [grpc-default-executor-2] INFO  impl.FollowerInfo (FollowerInfo.java:lambda$new$0(51)) - 930b1328-fc80-47b7-a4b1-f8330041d315@group-B5EFBA83B44C->e0619aa3-4ba4-49c8-ac60-3d80bbb74aab: nextIndex: updateUnconditionally 0 -> 0
2019-09-16 19:12:42,480 [java.util.concurrent.ThreadPoolExecutor$Worker@4d174f1d[State = -1, empty queue]] WARN  server.GrpcLogAppender (GrpcLogAppender.java:timeoutAppendRequest(200)) - 4eec4314-a089-48fe-8241-8a8066126e3f@group-C8C33BDD9912->52078b41-1f38-4037-a826-db5ef9cf1b82-GrpcLogAppender: appendEntries Timeout, request=4eec4314-a089-48fe-8241-8a8066126e3f->52078b41-1f38-4037-a826-db5ef9cf1b82#173-t2, previous=(t:2, i:19), leaderCommit=15, initializing? false, entries: <empty>
2019-09-16 19:12:42,480 [java.util.concurrent.ThreadPoolExecutor$Worker@270df07d[State = -1, empty queue]] WARN  server.GrpcLogAppender (GrpcLogAppender.java:timeoutAppendRequest(200)) - 4eec4314-a089-48fe-8241-8a8066126e3f@group-C8C33BDD9912->30fc0d14-cbc7-4743-b48a-59ef39c48768-GrpcLogAppender: appendEntries Timeout, request=4eec4314-a089-48fe-8241-8a8066126e3f->30fc0d14-cbc7-4743-b48a-59ef39c48768#173-t2, previous=(t:2, i:19), leaderCommit=15, initializing? false, entries: <empty>
2019-09-16 19:12:42,598 [java.util.concurrent.ThreadPoolExecutor$Worker@6dd36484[State = -1, empty queue]] WARN  server.GrpcLogAppender (GrpcLogAppender.java:timeoutAppendRequest(200)) - 938e50ce-7856-436b-8929-0e37f4d51388@group-550D69124986->6abcef3f-3f35-471a-9739-1d418d62cada-GrpcLogAppender: appendEntries Timeout, request=938e50ce-7856-436b-8929-0e37f4d51388->6abcef3f-3f35-471a-9739-1d418d62cada#172-t2, previous=(t:2, i:18), leaderCommit=14, initializing? false, entries: <empty>
2019-09-16 19:12:42,598 [java.util.concurrent.ThreadPoolExecutor$Worker@7e0b0602[State = -1, empty queue]] WARN  server.GrpcLogAppender (GrpcLogAppender.java:timeoutAppendRequest(200)) - 938e50ce-7856-436b-8929-0e37f4d51388@group-550D69124986->4773b317-5b37-4901-9e93-e460a24d1141-GrpcLogAppender: appendEntries Timeout, request=938e50ce-7856-436b-8929-0e37f4d51388->4773b317-5b37-4901-9e93-e460a24d1141#172-t2, previous=(t:2, i:18), leaderCommit=14, initializing? false, entries: <empty>
2019-09-16 19:12:42,694 [grpc-default-executor-5] WARN  server.GrpcLogAppender (LogUtils.java:warn(134)) - 930b1328-fc80-47b7-a4b1-f8330041d315@group-B5EFBA83B44C->4bce4e32-952c-4220-bcc9-22a10ce18ca8-AppendLogResponseHandler: Failed appendEntries: org.apache.ratis.thirdparty.io.grpc.StatusRuntimeException: UNAVAILABLE: io exception
2019-09-16 19:12:42,694 [grpc-default-executor-1] WARN  server.GrpcLogAppender (LogUtils.java:warn(134)) - 930b1328-fc80-47b7-a4b1-f8330041d315@group-B5EFBA83B44C->e0619aa3-4ba4-49c8-ac60-3d80bbb74aab-AppendLogResponseHandler: Failed appendEntries: org.apache.ratis.thirdparty.io.grpc.StatusRuntimeException: UNAVAILABLE: io exception
2019-09-16 19:12:42,695 [grpc-default-executor-5] INFO  impl.FollowerInfo (FollowerInfo.java:lambda$new$0(51)) - 930b1328-fc80-47b7-a4b1-f8330041d315@group-B5EFBA83B44C->4bce4e32-952c-4220-bcc9-22a10ce18ca8: nextIndex: updateUnconditionally 0 -> 0
2019-09-16 19:12:42,695 [grpc-default-executor-1] INFO  impl.FollowerInfo (FollowerInfo.java:lambda$new$0(51)) - 930b1328-fc80-47b7-a4b1-f8330041d315@group-B5EFBA83B44C->e0619aa3-4ba4-49c8-ac60-3d80bbb74aab: nextIndex: updateUnconditionally 0 -> 0
2019-09-16 19:12:42,981 [java.util.concurrent.ThreadPoolExecutor$Worker@4d174f1d[State = -1, empty queue]] WARN  server.GrpcLogAppender (GrpcLogAppender.java:timeoutAppendRequest(200)) - 4eec4314-a089-48fe-8241-8a8066126e3f@group-C8C33BDD9912->52078b41-1f38-4037-a826-db5ef9cf1b82-GrpcLogAppender: appendEntries Timeout, request=4eec4314-a089-48fe-8241-8a8066126e3f->52078b41-1f38-4037-a826-db5ef9cf1b82#174-t2, previous=(t:2, i:19), leaderCommit=15, initializing? false, entries: <empty>
2019-09-16 19:12:42,981 [java.util.concurrent.ThreadPoolExecutor$Worker@270df07d[State = -1, empty queue]] WARN  server.GrpcLogAppender (GrpcLogAppender.java:timeoutAppendRequest(200)) - 4eec4314-a089-48fe-8241-8a8066126e3f@group-C8C33BDD9912->30fc0d14-cbc7-4743-b48a-59ef39c48768-GrpcLogAppender: appendEntries Timeout, request=4eec4314-a089-48fe-8241-8a8066126e3f->30fc0d14-cbc7-4743-b48a-59ef39c48768#174-t2, previous=(t:2, i:19), leaderCommit=15, initializing? false, entries: <empty>
2019-09-16 19:12:43,098 [java.util.concurrent.ThreadPoolExecutor$Worker@7e0b0602[State = -1, empty queue]] WARN  server.GrpcLogAppender (GrpcLogAppender.java:timeoutAppendRequest(200)) - 938e50ce-7856-436b-8929-0e37f4d51388@group-550D69124986->4773b317-5b37-4901-9e93-e460a24d1141-GrpcLogAppender: appendEntries Timeout, request=938e50ce-7856-436b-8929-0e37f4d51388->4773b317-5b37-4901-9e93-e460a24d1141#173-t2, previous=(t:2, i:18), leaderCommit=14, initializing? false, entries: <empty>
2019-09-16 19:12:43,098 [java.util.concurrent.ThreadPoolExecutor$Worker@6dd36484[State = -1, empty queue]] WARN  server.GrpcLogAppender (GrpcLogAppender.java:timeoutAppendRequest(200)) - 938e50ce-7856-436b-8929-0e37f4d51388@group-550D69124986->6abcef3f-3f35-471a-9739-1d418d62cada-GrpcLogAppender: appendEntries Timeout, request=938e50ce-7856-436b-8929-0e37f4d51388->6abcef3f-3f35-471a-9739-1d418d62cada#173-t2, previous=(t:2, i:18), leaderCommit=14, initializing? false, entries: <empty>
2019-09-16 19:12:43,194 [grpc-default-executor-5] WARN  server.GrpcLogAppender (LogUtils.java:warn(134)) - 930b1328-fc80-47b7-a4b1-f8330041d315@group-B5EFBA83B44C->4bce4e32-952c-4220-bcc9-22a10ce18ca8-AppendLogResponseHandler: Failed appendEntries: org.apache.ratis.thirdparty.io.grpc.StatusRuntimeException: UNAVAILABLE: io exception
2019-09-16 19:12:43,194 [grpc-default-executor-0] WARN  server.GrpcLogAppender (LogUtils.java:warn(134)) - 930b1328-fc80-47b7-a4b1-f8330041d315@group-B5EFBA83B44C->e0619aa3-4ba4-49c8-ac60-3d80bbb74aab-AppendLogResponseHandler: Failed appendEntries: org.apache.ratis.thirdparty.io.grpc.StatusRuntimeException: UNAVAILABLE: io exception
2019-09-16 19:12:43,195 [grpc-default-executor-5] INFO  impl.FollowerInfo (FollowerInfo.java:lambda$new$0(51)) - 930b1328-fc80-47b7-a4b1-f8330041d315@group-B5EFBA83B44C->4bce4e32-952c-4220-bcc9-22a10ce18ca8: nextIndex: updateUnconditionally 0 -> 0
2019-09-16 19:12:43,195 [grpc-default-executor-0] INFO  impl.FollowerInfo (FollowerInfo.java:lambda$new$0(51)) - 930b1328-fc80-47b7-a4b1-f8330041d315@group-B5EFBA83B44C->e0619aa3-4ba4-49c8-ac60-3d80bbb74aab: nextIndex: updateUnconditionally 0 -> 0
2019-09-16 19:12:43,404 [52078b41-1f38-4037-a826-db5ef9cf1b82@group-C8C33BDD9912-SegmentedRaftLogWorker] WARN  segmented.SegmentedRaftLogWorker (SegmentedRaftLogWorker.java:getFromFuture(90)) - Timeout 7/~
org.apache.ratis.protocol.TimeoutIOException: Timeout 10s: WriteLog:18: (t:2, i:18), STATEMACHINELOGENTRY, client-C26E20CEB926, cid=40-writeStateMachineData
	at org.apache.ratis.util.IOUtils.getFromFuture(IOUtils.java:87)
	at org.apache.ratis.server.raftlog.segmented.SegmentedRaftLogWorker$StateMachineDataPolicy.getFromFuture(SegmentedRaftLogWorker.java:87)
	at org.apache.ratis.server.raftlog.segmented.SegmentedRaftLogWorker$WriteLog.execute(SegmentedRaftLogWorker.java:477)
	at org.apache.ratis.server.raftlog.segmented.SegmentedRaftLogWorker.run(SegmentedRaftLogWorker.java:289)
	at java.lang.Thread.run(Thread.java:748)
Caused by: java.util.concurrent.TimeoutException
	at java.util.concurrent.CompletableFuture.timedGet(CompletableFuture.java:1771)
	at java.util.concurrent.CompletableFuture.get(CompletableFuture.java:1915)
	at org.apache.ratis.util.IOUtils.getFromFuture(IOUtils.java:79)
	... 4 more
2019-09-16 19:12:43,418 [4eec4314-a089-48fe-8241-8a8066126e3f@group-C8C33BDD9912-SegmentedRaftLogWorker] WARN  segmented.SegmentedRaftLogWorker (SegmentedRaftLogWorker.java:getFromFuture(90)) - Timeout 7/~
org.apache.ratis.protocol.TimeoutIOException: Timeout 10s: WriteLog:18: (t:2, i:18), STATEMACHINELOGENTRY, client-C26E20CEB926, cid=40-writeStateMachineData
	at org.apache.ratis.util.IOUtils.getFromFuture(IOUtils.java:87)
	at org.apache.ratis.server.raftlog.segmented.SegmentedRaftLogWorker$StateMachineDataPolicy.getFromFuture(SegmentedRaftLogWorker.java:87)
	at org.apache.ratis.server.raftlog.segmented.SegmentedRaftLogWorker$WriteLog.execute(SegmentedRaftLogWorker.java:477)
	at org.apache.ratis.server.raftlog.segmented.SegmentedRaftLogWorker.run(SegmentedRaftLogWorker.java:289)
	at java.lang.Thread.run(Thread.java:748)
Caused by: java.util.concurrent.TimeoutException
	at java.util.concurrent.CompletableFuture.timedGet(CompletableFuture.java:1771)
	at java.util.concurrent.CompletableFuture.get(CompletableFuture.java:1915)
	at org.apache.ratis.util.IOUtils.getFromFuture(IOUtils.java:79)
	... 4 more
2019-09-16 19:12:43,418 [30fc0d14-cbc7-4743-b48a-59ef39c48768@group-C8C33BDD9912-SegmentedRaftLogWorker] WARN  segmented.SegmentedRaftLogWorker (SegmentedRaftLogWorker.java:getFromFuture(90)) - Timeout 7/~
org.apache.ratis.protocol.TimeoutIOException: Timeout 10s: WriteLog:18: (t:2, i:18), STATEMACHINELOGENTRY, client-C26E20CEB926, cid=40-writeStateMachineData
	at org.apache.ratis.util.IOUtils.getFromFuture(IOUtils.java:87)
	at org.apache.ratis.server.raftlog.segmented.SegmentedRaftLogWorker$StateMachineDataPolicy.getFromFuture(SegmentedRaftLogWorker.java:87)
	at org.apache.ratis.server.raftlog.segmented.SegmentedRaftLogWorker$WriteLog.execute(SegmentedRaftLogWorker.java:477)
	at org.apache.ratis.server.raftlog.segmented.SegmentedRaftLogWorker.run(SegmentedRaftLogWorker.java:289)
	at java.lang.Thread.run(Thread.java:748)
Caused by: java.util.concurrent.TimeoutException
	at java.util.concurrent.CompletableFuture.timedGet(CompletableFuture.java:1771)
	at java.util.concurrent.CompletableFuture.get(CompletableFuture.java:1915)
	at org.apache.ratis.util.IOUtils.getFromFuture(IOUtils.java:79)
	... 4 more
2019-09-16 19:12:43,481 [java.util.concurrent.ThreadPoolExecutor$Worker@270df07d[State = -1, empty queue]] WARN  server.GrpcLogAppender (GrpcLogAppender.java:timeoutAppendRequest(200)) - 4eec4314-a089-48fe-8241-8a8066126e3f@group-C8C33BDD9912->30fc0d14-cbc7-4743-b48a-59ef39c48768-GrpcLogAppender: appendEntries Timeout, request=4eec4314-a089-48fe-8241-8a8066126e3f->30fc0d14-cbc7-4743-b48a-59ef39c48768#175-t2, previous=(t:2, i:19), leaderCommit=15, initializing? false, entries: <empty>
2019-09-16 19:12:43,481 [java.util.concurrent.ThreadPoolExecutor$Worker@4d174f1d[State = -1, empty queue]] WARN  server.GrpcLogAppender (GrpcLogAppender.java:timeoutAppendRequest(200)) - 4eec4314-a089-48fe-8241-8a8066126e3f@group-C8C33BDD9912->52078b41-1f38-4037-a826-db5ef9cf1b82-GrpcLogAppender: appendEntries Timeout, request=4eec4314-a089-48fe-8241-8a8066126e3f->52078b41-1f38-4037-a826-db5ef9cf1b82#175-t2, previous=(t:2, i:19), leaderCommit=15, initializing? false, entries: <empty>
2019-09-16 19:12:43,598 [java.util.concurrent.ThreadPoolExecutor$Worker@7e0b0602[State = -1, empty queue]] WARN  server.GrpcLogAppender (GrpcLogAppender.java:timeoutAppendRequest(200)) - 938e50ce-7856-436b-8929-0e37f4d51388@group-550D69124986->4773b317-5b37-4901-9e93-e460a24d1141-GrpcLogAppender: appendEntries Timeout, request=938e50ce-7856-436b-8929-0e37f4d51388->4773b317-5b37-4901-9e93-e460a24d1141#174-t2, previous=(t:2, i:18), leaderCommit=14, initializing? false, entries: <empty>
2019-09-16 19:12:43,598 [java.util.concurrent.ThreadPoolExecutor$Worker@6dd36484[State = -1, empty queue]] WARN  server.GrpcLogAppender (GrpcLogAppender.java:timeoutAppendRequest(200)) - 938e50ce-7856-436b-8929-0e37f4d51388@group-550D69124986->6abcef3f-3f35-471a-9739-1d418d62cada-GrpcLogAppender: appendEntries Timeout, request=938e50ce-7856-436b-8929-0e37f4d51388->6abcef3f-3f35-471a-9739-1d418d62cada#174-t2, previous=(t:2, i:18), leaderCommit=14, initializing? false, entries: <empty>
2019-09-16 19:12:43,697 [grpc-default-executor-0] WARN  server.GrpcLogAppender (LogUtils.java:warn(134)) - 930b1328-fc80-47b7-a4b1-f8330041d315@group-B5EFBA83B44C->e0619aa3-4ba4-49c8-ac60-3d80bbb74aab-AppendLogResponseHandler: Failed appendEntries: org.apache.ratis.thirdparty.io.grpc.StatusRuntimeException: UNAVAILABLE: io exception
2019-09-16 19:12:43,697 [grpc-default-executor-5] WARN  server.GrpcLogAppender (LogUtils.java:warn(134)) - 930b1328-fc80-47b7-a4b1-f8330041d315@group-B5EFBA83B44C->4bce4e32-952c-4220-bcc9-22a10ce18ca8-AppendLogResponseHandler: Failed appendEntries: org.apache.ratis.thirdparty.io.grpc.StatusRuntimeException: UNAVAILABLE: io exception
2019-09-16 19:12:43,697 [grpc-default-executor-0] INFO  impl.FollowerInfo (FollowerInfo.java:lambda$new$0(51)) - 930b1328-fc80-47b7-a4b1-f8330041d315@group-B5EFBA83B44C->e0619aa3-4ba4-49c8-ac60-3d80bbb74aab: nextIndex: updateUnconditionally 0 -> 0
2019-09-16 19:12:43,697 [grpc-default-executor-5] INFO  impl.FollowerInfo (FollowerInfo.java:lambda$new$0(51)) - 930b1328-fc80-47b7-a4b1-f8330041d315@group-B5EFBA83B44C->4bce4e32-952c-4220-bcc9-22a10ce18ca8: nextIndex: updateUnconditionally 0 -> 0
2019-09-16 19:12:43,981 [java.util.concurrent.ThreadPoolExecutor$Worker@4d174f1d[State = -1, empty queue]] WARN  server.GrpcLogAppender (GrpcLogAppender.java:timeoutAppendRequest(200)) - 4eec4314-a089-48fe-8241-8a8066126e3f@group-C8C33BDD9912->52078b41-1f38-4037-a826-db5ef9cf1b82-GrpcLogAppender: appendEntries Timeout, request=4eec4314-a089-48fe-8241-8a8066126e3f->52078b41-1f38-4037-a826-db5ef9cf1b82#176-t2, previous=(t:2, i:19), leaderCommit=15, initializing? false, entries: <empty>
2019-09-16 19:12:43,981 [java.util.concurrent.ThreadPoolExecutor$Worker@270df07d[State = -1, empty queue]] WARN  server.GrpcLogAppender (GrpcLogAppender.java:timeoutAppendRequest(200)) - 4eec4314-a089-48fe-8241-8a8066126e3f@group-C8C33BDD9912->30fc0d14-cbc7-4743-b48a-59ef39c48768-GrpcLogAppender: appendEntries Timeout, request=4eec4314-a089-48fe-8241-8a8066126e3f->30fc0d14-cbc7-4743-b48a-59ef39c48768#176-t2, previous=(t:2, i:19), leaderCommit=15, initializing? false, entries: <empty>
2019-09-16 19:12:44,099 [java.util.concurrent.ThreadPoolExecutor$Worker@7e0b0602[State = -1, empty queue]] WARN  server.GrpcLogAppender (GrpcLogAppender.java:timeoutAppendRequest(200)) - 938e50ce-7856-436b-8929-0e37f4d51388@group-550D69124986->4773b317-5b37-4901-9e93-e460a24d1141-GrpcLogAppender: appendEntries Timeout, request=938e50ce-7856-436b-8929-0e37f4d51388->4773b317-5b37-4901-9e93-e460a24d1141#175-t2, previous=(t:2, i:18), leaderCommit=14, initializing? false, entries: <empty>
2019-09-16 19:12:44,099 [java.util.concurrent.ThreadPoolExecutor$Worker@6dd36484[State = -1, empty queue]] WARN  server.GrpcLogAppender (GrpcLogAppender.java:timeoutAppendRequest(200)) - 938e50ce-7856-436b-8929-0e37f4d51388@group-550D69124986->6abcef3f-3f35-471a-9739-1d418d62cada-GrpcLogAppender: appendEntries Timeout, request=938e50ce-7856-436b-8929-0e37f4d51388->6abcef3f-3f35-471a-9739-1d418d62cada#175-t2, previous=(t:2, i:18), leaderCommit=14, initializing? false, entries: <empty>
2019-09-16 19:12:44,197 [grpc-default-executor-6] WARN  server.GrpcLogAppender (LogUtils.java:warn(134)) - 930b1328-fc80-47b7-a4b1-f8330041d315@group-B5EFBA83B44C->4bce4e32-952c-4220-bcc9-22a10ce18ca8-AppendLogResponseHandler: Failed appendEntries: org.apache.ratis.thirdparty.io.grpc.StatusRuntimeException: UNAVAILABLE: io exception
2019-09-16 19:12:44,197 [grpc-default-executor-2] WARN  server.GrpcLogAppender (LogUtils.java:warn(134)) - 930b1328-fc80-47b7-a4b1-f8330041d315@group-B5EFBA83B44C->e0619aa3-4ba4-49c8-ac60-3d80bbb74aab-AppendLogResponseHandler: Failed appendEntries: org.apache.ratis.thirdparty.io.grpc.StatusRuntimeException: UNAVAILABLE: io exception
2019-09-16 19:12:44,198 [grpc-default-executor-6] INFO  impl.FollowerInfo (FollowerInfo.java:lambda$new$0(51)) - 930b1328-fc80-47b7-a4b1-f8330041d315@group-B5EFBA83B44C->4bce4e32-952c-4220-bcc9-22a10ce18ca8: nextIndex: updateUnconditionally 0 -> 0
2019-09-16 19:12:44,198 [grpc-default-executor-2] INFO  impl.FollowerInfo (FollowerInfo.java:lambda$new$0(51)) - 930b1328-fc80-47b7-a4b1-f8330041d315@group-B5EFBA83B44C->e0619aa3-4ba4-49c8-ac60-3d80bbb74aab: nextIndex: updateUnconditionally 0 -> 0
2019-09-16 19:12:44,234 [grpc-default-executor-6] INFO  client.GrpcClientProtocolClient (GrpcClientProtocolClient.java:onNext(264)) - client-8794A58021D7->4773b317-5b37-4901-9e93-e460a24d1141: receive RaftClientReply:client-8794A58021D7->4773b317-5b37-4901-9e93-e460a24d1141@group-550D69124986, cid=74, FAILED org.apache.ratis.protocol.NotLeaderException: Server 4773b317-5b37-4901-9e93-e460a24d1141@group-550D69124986 is not the leader 938e50ce-7856-436b-8929-0e37f4d51388:192.168.34.56:36082, logIndex=0, commits[4773b317-5b37-4901-9e93-e460a24d1141:c14, 938e50ce-7856-436b-8929-0e37f4d51388:c14, 6abcef3f-3f35-471a-9739-1d418d62cada:c12]
2019-09-16 19:12:44,482 [java.util.concurrent.ThreadPoolExecutor$Worker@4d174f1d[State = -1, empty queue]] WARN  server.GrpcLogAppender (GrpcLogAppender.java:timeoutAppendRequest(200)) - 4eec4314-a089-48fe-8241-8a8066126e3f@group-C8C33BDD9912->52078b41-1f38-4037-a826-db5ef9cf1b82-GrpcLogAppender: appendEntries Timeout, request=4eec4314-a089-48fe-8241-8a8066126e3f->52078b41-1f38-4037-a826-db5ef9cf1b82#177-t2, previous=(t:2, i:19), leaderCommit=15, initializing? false, entries: <empty>
2019-09-16 19:12:44,482 [java.util.concurrent.ThreadPoolExecutor$Worker@270df07d[State = -1, empty queue]] WARN  server.GrpcLogAppender (GrpcLogAppender.java:timeoutAppendRequest(200)) - 4eec4314-a089-48fe-8241-8a8066126e3f@group-C8C33BDD9912->30fc0d14-cbc7-4743-b48a-59ef39c48768-GrpcLogAppender: appendEntries Timeout, request=4eec4314-a089-48fe-8241-8a8066126e3f->30fc0d14-cbc7-4743-b48a-59ef39c48768#177-t2, previous=(t:2, i:19), leaderCommit=15, initializing? false, entries: <empty>
2019-09-16 19:12:44,599 [java.util.concurrent.ThreadPoolExecutor$Worker@7e0b0602[State = -1, empty queue]] WARN  server.GrpcLogAppender (GrpcLogAppender.java:timeoutAppendRequest(200)) - 938e50ce-7856-436b-8929-0e37f4d51388@group-550D69124986->4773b317-5b37-4901-9e93-e460a24d1141-GrpcLogAppender: appendEntries Timeout, request=938e50ce-7856-436b-8929-0e37f4d51388->4773b317-5b37-4901-9e93-e460a24d1141#176-t2, previous=(t:2, i:18), leaderCommit=14, initializing? false, entries: <empty>
2019-09-16 19:12:44,599 [java.util.concurrent.ThreadPoolExecutor$Worker@6dd36484[State = -1, empty queue]] WARN  server.GrpcLogAppender (GrpcLogAppender.java:timeoutAppendRequest(200)) - 938e50ce-7856-436b-8929-0e37f4d51388@group-550D69124986->6abcef3f-3f35-471a-9739-1d418d62cada-GrpcLogAppender: appendEntries Timeout, request=938e50ce-7856-436b-8929-0e37f4d51388->6abcef3f-3f35-471a-9739-1d418d62cada#176-t2, previous=(t:2, i:18), leaderCommit=14, initializing? false, entries: <empty>
2019-09-16 19:12:44,700 [grpc-default-executor-1] WARN  server.GrpcLogAppender (LogUtils.java:warn(134)) - 930b1328-fc80-47b7-a4b1-f8330041d315@group-B5EFBA83B44C->4bce4e32-952c-4220-bcc9-22a10ce18ca8-AppendLogResponseHandler: Failed appendEntries: org.apache.ratis.thirdparty.io.grpc.StatusRuntimeException: UNAVAILABLE: io exception
2019-09-16 19:12:44,700 [grpc-default-executor-0] WARN  server.GrpcLogAppender (LogUtils.java:warn(134)) - 930b1328-fc80-47b7-a4b1-f8330041d315@group-B5EFBA83B44C->e0619aa3-4ba4-49c8-ac60-3d80bbb74aab-AppendLogResponseHandler: Failed appendEntries: org.apache.ratis.thirdparty.io.grpc.StatusRuntimeException: UNAVAILABLE: io exception
2019-09-16 19:12:44,700 [grpc-default-executor-1] INFO  impl.FollowerInfo (FollowerInfo.java:lambda$new$0(51)) - 930b1328-fc80-47b7-a4b1-f8330041d315@group-B5EFBA83B44C->4bce4e32-952c-4220-bcc9-22a10ce18ca8: nextIndex: updateUnconditionally 0 -> 0
2019-09-16 19:12:44,701 [grpc-default-executor-0] INFO  impl.FollowerInfo (FollowerInfo.java:lambda$new$0(51)) - 930b1328-fc80-47b7-a4b1-f8330041d315@group-B5EFBA83B44C->e0619aa3-4ba4-49c8-ac60-3d80bbb74aab: nextIndex: updateUnconditionally 0 -> 0
2019-09-16 19:12:44,982 [java.util.concurrent.ThreadPoolExecutor$Worker@4d174f1d[State = -1, empty queue]] WARN  server.GrpcLogAppender (GrpcLogAppender.java:timeoutAppendRequest(200)) - 4eec4314-a089-48fe-8241-8a8066126e3f@group-C8C33BDD9912->52078b41-1f38-4037-a826-db5ef9cf1b82-GrpcLogAppender: appendEntries Timeout, request=4eec4314-a089-48fe-8241-8a8066126e3f->52078b41-1f38-4037-a826-db5ef9cf1b82#178-t2, previous=(t:2, i:19), leaderCommit=15, initializing? false, entries: <empty>
2019-09-16 19:12:44,982 [java.util.concurrent.ThreadPoolExecutor$Worker@270df07d[State = -1, empty queue]] WARN  server.GrpcLogAppender (GrpcLogAppender.java:timeoutAppendRequest(200)) - 4eec4314-a089-48fe-8241-8a8066126e3f@group-C8C33BDD9912->30fc0d14-cbc7-4743-b48a-59ef39c48768-GrpcLogAppender: appendEntries Timeout, request=4eec4314-a089-48fe-8241-8a8066126e3f->30fc0d14-cbc7-4743-b48a-59ef39c48768#178-t2, previous=(t:2, i:19), leaderCommit=15, initializing? false, entries: <empty>
2019-09-16 19:12:45,099 [java.util.concurrent.ThreadPoolExecutor$Worker@6dd36484[State = -1, empty queue]] WARN  server.GrpcLogAppender (GrpcLogAppender.java:timeoutAppendRequest(200)) - 938e50ce-7856-436b-8929-0e37f4d51388@group-550D69124986->6abcef3f-3f35-471a-9739-1d418d62cada-GrpcLogAppender: appendEntries Timeout, request=938e50ce-7856-436b-8929-0e37f4d51388->6abcef3f-3f35-471a-9739-1d418d62cada#177-t2, previous=(t:2, i:18), leaderCommit=14, initializing? false, entries: <empty>
2019-09-16 19:12:45,099 [java.util.concurrent.ThreadPoolExecutor$Worker@7e0b0602[State = -1, empty queue]] WARN  server.GrpcLogAppender (GrpcLogAppender.java:timeoutAppendRequest(200)) - 938e50ce-7856-436b-8929-0e37f4d51388@group-550D69124986->4773b317-5b37-4901-9e93-e460a24d1141-GrpcLogAppender: appendEntries Timeout, request=938e50ce-7856-436b-8929-0e37f4d51388->4773b317-5b37-4901-9e93-e460a24d1141#177-t2, previous=(t:2, i:18), leaderCommit=14, initializing? false, entries: <empty>
2019-09-16 19:12:45,200 [grpc-default-executor-2] WARN  server.GrpcLogAppender (LogUtils.java:warn(134)) - 930b1328-fc80-47b7-a4b1-f8330041d315@group-B5EFBA83B44C->e0619aa3-4ba4-49c8-ac60-3d80bbb74aab-AppendLogResponseHandler: Failed appendEntries: org.apache.ratis.thirdparty.io.grpc.StatusRuntimeException: UNAVAILABLE: io exception
2019-09-16 19:12:45,200 [grpc-default-executor-5] WARN  server.GrpcLogAppender (LogUtils.java:warn(134)) - 930b1328-fc80-47b7-a4b1-f8330041d315@group-B5EFBA83B44C->4bce4e32-952c-4220-bcc9-22a10ce18ca8-AppendLogResponseHandler: Failed appendEntries: org.apache.ratis.thirdparty.io.grpc.StatusRuntimeException: UNAVAILABLE: io exception
2019-09-16 19:12:45,201 [grpc-default-executor-2] INFO  impl.FollowerInfo (FollowerInfo.java:lambda$new$0(51)) - 930b1328-fc80-47b7-a4b1-f8330041d315@group-B5EFBA83B44C->e0619aa3-4ba4-49c8-ac60-3d80bbb74aab: nextIndex: updateUnconditionally 0 -> 0
2019-09-16 19:12:45,201 [grpc-default-executor-5] INFO  impl.FollowerInfo (FollowerInfo.java:lambda$new$0(51)) - 930b1328-fc80-47b7-a4b1-f8330041d315@group-B5EFBA83B44C->4bce4e32-952c-4220-bcc9-22a10ce18ca8: nextIndex: updateUnconditionally 0 -> 0
2019-09-16 19:12:45,484 [java.util.concurrent.ThreadPoolExecutor$Worker@4d174f1d[State = -1, empty queue]] WARN  server.GrpcLogAppender (GrpcLogAppender.java:timeoutAppendRequest(200)) - 4eec4314-a089-48fe-8241-8a8066126e3f@group-C8C33BDD9912->52078b41-1f38-4037-a826-db5ef9cf1b82-GrpcLogAppender: appendEntries Timeout, request=4eec4314-a089-48fe-8241-8a8066126e3f->52078b41-1f38-4037-a826-db5ef9cf1b82#179-t2, previous=(t:2, i:19), leaderCommit=15, initializing? false, entries: <empty>
2019-09-16 19:12:45,484 [java.util.concurrent.ThreadPoolExecutor$Worker@270df07d[State = -1, empty queue]] WARN  server.GrpcLogAppender (GrpcLogAppender.java:timeoutAppendRequest(200)) - 4eec4314-a089-48fe-8241-8a8066126e3f@group-C8C33BDD9912->30fc0d14-cbc7-4743-b48a-59ef39c48768-GrpcLogAppender: appendEntries Timeout, request=4eec4314-a089-48fe-8241-8a8066126e3f->30fc0d14-cbc7-4743-b48a-59ef39c48768#179-t2, previous=(t:2, i:19), leaderCommit=15, initializing? false, entries: <empty>
2019-09-16 19:12:45,600 [java.util.concurrent.ThreadPoolExecutor$Worker@6dd36484[State = -1, empty queue]] WARN  server.GrpcLogAppender (GrpcLogAppender.java:timeoutAppendRequest(200)) - 938e50ce-7856-436b-8929-0e37f4d51388@group-550D69124986->6abcef3f-3f35-471a-9739-1d418d62cada-GrpcLogAppender: appendEntries Timeout, request=938e50ce-7856-436b-8929-0e37f4d51388->6abcef3f-3f35-471a-9739-1d418d62cada#178-t2, previous=(t:2, i:18), leaderCommit=14, initializing? false, entries: <empty>
2019-09-16 19:12:45,600 [java.util.concurrent.ThreadPoolExecutor$Worker@7e0b0602[State = -1, empty queue]] WARN  server.GrpcLogAppender (GrpcLogAppender.java:timeoutAppendRequest(200)) - 938e50ce-7856-436b-8929-0e37f4d51388@group-550D69124986->4773b317-5b37-4901-9e93-e460a24d1141-GrpcLogAppender: appendEntries Timeout, request=938e50ce-7856-436b-8929-0e37f4d51388->4773b317-5b37-4901-9e93-e460a24d1141#178-t2, previous=(t:2, i:18), leaderCommit=14, initializing? false, entries: <empty>
2019-09-16 19:12:45,702 [grpc-default-executor-6] WARN  server.GrpcLogAppender (LogUtils.java:warn(134)) - 930b1328-fc80-47b7-a4b1-f8330041d315@group-B5EFBA83B44C->4bce4e32-952c-4220-bcc9-22a10ce18ca8-AppendLogResponseHandler: Failed appendEntries: org.apache.ratis.thirdparty.io.grpc.StatusRuntimeException: UNAVAILABLE: io exception
2019-09-16 19:12:45,702 [grpc-default-executor-5] WARN  server.GrpcLogAppender (LogUtils.java:warn(134)) - 930b1328-fc80-47b7-a4b1-f8330041d315@group-B5EFBA83B44C->e0619aa3-4ba4-49c8-ac60-3d80bbb74aab-AppendLogResponseHandler: Failed appendEntries: org.apache.ratis.thirdparty.io.grpc.StatusRuntimeException: UNAVAILABLE: io exception
2019-09-16 19:12:45,703 [grpc-default-executor-6] INFO  impl.FollowerInfo (FollowerInfo.java:lambda$new$0(51)) - 930b1328-fc80-47b7-a4b1-f8330041d315@group-B5EFBA83B44C->4bce4e32-952c-4220-bcc9-22a10ce18ca8: nextIndex: updateUnconditionally 0 -> 0
2019-09-16 19:12:45,703 [grpc-default-executor-5] INFO  impl.FollowerInfo (FollowerInfo.java:lambda$new$0(51)) - 930b1328-fc80-47b7-a4b1-f8330041d315@group-B5EFBA83B44C->e0619aa3-4ba4-49c8-ac60-3d80bbb74aab: nextIndex: updateUnconditionally 0 -> 0
2019-09-16 19:12:45,984 [java.util.concurrent.ThreadPoolExecutor$Worker@4d174f1d[State = -1, empty queue]] WARN  server.GrpcLogAppender (GrpcLogAppender.java:timeoutAppendRequest(200)) - 4eec4314-a089-48fe-8241-8a8066126e3f@group-C8C33BDD9912->52078b41-1f38-4037-a826-db5ef9cf1b82-GrpcLogAppender: appendEntries Timeout, request=4eec4314-a089-48fe-8241-8a8066126e3f->52078b41-1f38-4037-a826-db5ef9cf1b82#180-t2, previous=(t:2, i:19), leaderCommit=15, initializing? false, entries: <empty>
2019-09-16 19:12:45,984 [java.util.concurrent.ThreadPoolExecutor$Worker@270df07d[State = -1, empty queue]] WARN  server.GrpcLogAppender (GrpcLogAppender.java:timeoutAppendRequest(200)) - 4eec4314-a089-48fe-8241-8a8066126e3f@group-C8C33BDD9912->30fc0d14-cbc7-4743-b48a-59ef39c48768-GrpcLogAppender: appendEntries Timeout, request=4eec4314-a089-48fe-8241-8a8066126e3f->30fc0d14-cbc7-4743-b48a-59ef39c48768#180-t2, previous=(t:2, i:19), leaderCommit=15, initializing? false, entries: <empty>
2019-09-16 19:12:46,100 [java.util.concurrent.ThreadPoolExecutor$Worker@7e0b0602[State = -1, empty queue]] WARN  server.GrpcLogAppender (GrpcLogAppender.java:timeoutAppendRequest(200)) - 938e50ce-7856-436b-8929-0e37f4d51388@group-550D69124986->4773b317-5b37-4901-9e93-e460a24d1141-GrpcLogAppender: appendEntries Timeout, request=938e50ce-7856-436b-8929-0e37f4d51388->4773b317-5b37-4901-9e93-e460a24d1141#179-t2, previous=(t:2, i:18), leaderCommit=14, initializing? false, entries: <empty>
2019-09-16 19:12:46,100 [java.util.concurrent.ThreadPoolExecutor$Worker@6dd36484[State = -1, empty queue]] WARN  server.GrpcLogAppender (GrpcLogAppender.java:timeoutAppendRequest(200)) - 938e50ce-7856-436b-8929-0e37f4d51388@group-550D69124986->6abcef3f-3f35-471a-9739-1d418d62cada-GrpcLogAppender: appendEntries Timeout, request=938e50ce-7856-436b-8929-0e37f4d51388->6abcef3f-3f35-471a-9739-1d418d62cada#179-t2, previous=(t:2, i:18), leaderCommit=14, initializing? false, entries: <empty>
2019-09-16 19:12:46,203 [grpc-default-executor-5] WARN  server.GrpcLogAppender (LogUtils.java:warn(134)) - 930b1328-fc80-47b7-a4b1-f8330041d315@group-B5EFBA83B44C->e0619aa3-4ba4-49c8-ac60-3d80bbb74aab-AppendLogResponseHandler: Failed appendEntries: org.apache.ratis.thirdparty.io.grpc.StatusRuntimeException: UNAVAILABLE: io exception
2019-09-16 19:12:46,203 [grpc-default-executor-6] WARN  server.GrpcLogAppender (LogUtils.java:warn(134)) - 930b1328-fc80-47b7-a4b1-f8330041d315@group-B5EFBA83B44C->4bce4e32-952c-4220-bcc9-22a10ce18ca8-AppendLogResponseHandler: Failed appendEntries: org.apache.ratis.thirdparty.io.grpc.StatusRuntimeException: UNAVAILABLE: io exception
2019-09-16 19:12:46,204 [grpc-default-executor-5] INFO  impl.FollowerInfo (FollowerInfo.java:lambda$new$0(51)) - 930b1328-fc80-47b7-a4b1-f8330041d315@group-B5EFBA83B44C->e0619aa3-4ba4-49c8-ac60-3d80bbb74aab: nextIndex: updateUnconditionally 0 -> 0
2019-09-16 19:12:46,204 [grpc-default-executor-6] INFO  impl.FollowerInfo (FollowerInfo.java:lambda$new$0(51)) - 930b1328-fc80-47b7-a4b1-f8330041d315@group-B5EFBA83B44C->4bce4e32-952c-4220-bcc9-22a10ce18ca8: nextIndex: updateUnconditionally 0 -> 0
2019-09-16 19:12:46,485 [java.util.concurrent.ThreadPoolExecutor$Worker@270df07d[State = -1, empty queue]] WARN  server.GrpcLogAppender (GrpcLogAppender.java:timeoutAppendRequest(200)) - 4eec4314-a089-48fe-8241-8a8066126e3f@group-C8C33BDD9912->30fc0d14-cbc7-4743-b48a-59ef39c48768-GrpcLogAppender: appendEntries Timeout, request=4eec4314-a089-48fe-8241-8a8066126e3f->30fc0d14-cbc7-4743-b48a-59ef39c48768#181-t2, previous=(t:2, i:19), leaderCommit=15, initializing? false, entries: <empty>
2019-09-16 19:12:46,485 [java.util.concurrent.ThreadPoolExecutor$Worker@4d174f1d[State = -1, empty queue]] WARN  server.GrpcLogAppender (GrpcLogAppender.java:timeoutAppendRequest(200)) - 4eec4314-a089-48fe-8241-8a8066126e3f@group-C8C33BDD9912->52078b41-1f38-4037-a826-db5ef9cf1b82-GrpcLogAppender: appendEntries Timeout, request=4eec4314-a089-48fe-8241-8a8066126e3f->52078b41-1f38-4037-a826-db5ef9cf1b82#181-t2, previous=(t:2, i:19), leaderCommit=15, initializing? false, entries: <empty>
2019-09-16 19:12:46,600 [java.util.concurrent.ThreadPoolExecutor$Worker@7e0b0602[State = -1, empty queue]] WARN  server.GrpcLogAppender (GrpcLogAppender.java:timeoutAppendRequest(200)) - 938e50ce-7856-436b-8929-0e37f4d51388@group-550D69124986->4773b317-5b37-4901-9e93-e460a24d1141-GrpcLogAppender: appendEntries Timeout, request=938e50ce-7856-436b-8929-0e37f4d51388->4773b317-5b37-4901-9e93-e460a24d1141#180-t2, previous=(t:2, i:18), leaderCommit=14, initializing? false, entries: <empty>
2019-09-16 19:12:46,600 [java.util.concurrent.ThreadPoolExecutor$Worker@6dd36484[State = -1, empty queue]] WARN  server.GrpcLogAppender (GrpcLogAppender.java:timeoutAppendRequest(200)) - 938e50ce-7856-436b-8929-0e37f4d51388@group-550D69124986->6abcef3f-3f35-471a-9739-1d418d62cada-GrpcLogAppender: appendEntries Timeout, request=938e50ce-7856-436b-8929-0e37f4d51388->6abcef3f-3f35-471a-9739-1d418d62cada#180-t2, previous=(t:2, i:18), leaderCommit=14, initializing? false, entries: <empty>
2019-09-16 19:12:46,704 [grpc-default-executor-4] WARN  server.GrpcLogAppender (LogUtils.java:warn(134)) - 930b1328-fc80-47b7-a4b1-f8330041d315@group-B5EFBA83B44C->4bce4e32-952c-4220-bcc9-22a10ce18ca8-AppendLogResponseHandler: Failed appendEntries: org.apache.ratis.thirdparty.io.grpc.StatusRuntimeException: UNAVAILABLE: io exception
2019-09-16 19:12:46,704 [grpc-default-executor-1] WARN  server.GrpcLogAppender (LogUtils.java:warn(134)) - 930b1328-fc80-47b7-a4b1-f8330041d315@group-B5EFBA83B44C->e0619aa3-4ba4-49c8-ac60-3d80bbb74aab-AppendLogResponseHandler: Failed appendEntries: org.apache.ratis.thirdparty.io.grpc.StatusRuntimeException: UNAVAILABLE: io exception
2019-09-16 19:12:46,705 [grpc-default-executor-4] INFO  impl.FollowerInfo (FollowerInfo.java:lambda$new$0(51)) - 930b1328-fc80-47b7-a4b1-f8330041d315@group-B5EFBA83B44C->4bce4e32-952c-4220-bcc9-22a10ce18ca8: nextIndex: updateUnconditionally 0 -> 0
2019-09-16 19:12:46,705 [grpc-default-executor-1] INFO  impl.FollowerInfo (FollowerInfo.java:lambda$new$0(51)) - 930b1328-fc80-47b7-a4b1-f8330041d315@group-B5EFBA83B44C->e0619aa3-4ba4-49c8-ac60-3d80bbb74aab: nextIndex: updateUnconditionally 0 -> 0
2019-09-16 19:12:46,985 [java.util.concurrent.ThreadPoolExecutor$Worker@4d174f1d[State = -1, empty queue]] WARN  server.GrpcLogAppender (GrpcLogAppender.java:timeoutAppendRequest(200)) - 4eec4314-a089-48fe-8241-8a8066126e3f@group-C8C33BDD9912->52078b41-1f38-4037-a826-db5ef9cf1b82-GrpcLogAppender: appendEntries Timeout, request=4eec4314-a089-48fe-8241-8a8066126e3f->52078b41-1f38-4037-a826-db5ef9cf1b82#182-t2, previous=(t:2, i:19), leaderCommit=15, initializing? false, entries: <empty>
2019-09-16 19:12:46,985 [java.util.concurrent.ThreadPoolExecutor$Worker@270df07d[State = -1, empty queue]] WARN  server.GrpcLogAppender (GrpcLogAppender.java:timeoutAppendRequest(200)) - 4eec4314-a089-48fe-8241-8a8066126e3f@group-C8C33BDD9912->30fc0d14-cbc7-4743-b48a-59ef39c48768-GrpcLogAppender: appendEntries Timeout, request=4eec4314-a089-48fe-8241-8a8066126e3f->30fc0d14-cbc7-4743-b48a-59ef39c48768#182-t2, previous=(t:2, i:19), leaderCommit=15, initializing? false, entries: <empty>
2019-09-16 19:12:47,101 [java.util.concurrent.ThreadPoolExecutor$Worker@7e0b0602[State = -1, empty queue]] WARN  server.GrpcLogAppender (GrpcLogAppender.java:timeoutAppendRequest(200)) - 938e50ce-7856-436b-8929-0e37f4d51388@group-550D69124986->4773b317-5b37-4901-9e93-e460a24d1141-GrpcLogAppender: appendEntries Timeout, request=938e50ce-7856-436b-8929-0e37f4d51388->4773b317-5b37-4901-9e93-e460a24d1141#181-t2, previous=(t:2, i:18), leaderCommit=14, initializing? false, entries: <empty>
2019-09-16 19:12:47,101 [java.util.concurrent.ThreadPoolExecutor$Worker@6dd36484[State = -1, empty queue]] WARN  server.GrpcLogAppender (GrpcLogAppender.java:timeoutAppendRequest(200)) - 938e50ce-7856-436b-8929-0e37f4d51388@group-550D69124986->6abcef3f-3f35-471a-9739-1d418d62cada-GrpcLogAppender: appendEntries Timeout, request=938e50ce-7856-436b-8929-0e37f4d51388->6abcef3f-3f35-471a-9739-1d418d62cada#181-t2, previous=(t:2, i:18), leaderCommit=14, initializing? false, entries: <empty>
2019-09-16 19:12:47,205 [grpc-default-executor-2] WARN  server.GrpcLogAppender (LogUtils.java:warn(134)) - 930b1328-fc80-47b7-a4b1-f8330041d315@group-B5EFBA83B44C->e0619aa3-4ba4-49c8-ac60-3d80bbb74aab-AppendLogResponseHandler: Failed appendEntries: org.apache.ratis.thirdparty.io.grpc.StatusRuntimeException: UNAVAILABLE: io exception
2019-09-16 19:12:47,205 [grpc-default-executor-1] WARN  server.GrpcLogAppender (LogUtils.java:warn(134)) - 930b1328-fc80-47b7-a4b1-f8330041d315@group-B5EFBA83B44C->4bce4e32-952c-4220-bcc9-22a10ce18ca8-AppendLogResponseHandler: Failed appendEntries: org.apache.ratis.thirdparty.io.grpc.StatusRuntimeException: UNAVAILABLE: io exception
2019-09-16 19:12:47,205 [grpc-default-executor-2] INFO  impl.FollowerInfo (FollowerInfo.java:lambda$new$0(51)) - 930b1328-fc80-47b7-a4b1-f8330041d315@group-B5EFBA83B44C->e0619aa3-4ba4-49c8-ac60-3d80bbb74aab: nextIndex: updateUnconditionally 0 -> 0
2019-09-16 19:12:47,205 [grpc-default-executor-1] INFO  impl.FollowerInfo (FollowerInfo.java:lambda$new$0(51)) - 930b1328-fc80-47b7-a4b1-f8330041d315@group-B5EFBA83B44C->4bce4e32-952c-4220-bcc9-22a10ce18ca8: nextIndex: updateUnconditionally 0 -> 0
2019-09-16 19:12:47,256 [main] WARN  io.KeyOutputStream (KeyOutputStream.java:handleException(276)) - Encountered exception java.io.IOException: Unexpected Storage Container Exception: java.util.concurrent.CompletionException: java.util.concurrent.CompletionException: org.apache.ratis.protocol.RaftRetryFailureException: Failed RaftClientRequest:client-8794A58021D7->938e50ce-7856-436b-8929-0e37f4d51388@group-550D69124986, cid=74, seq=9*, RW, org.apache.hadoop.hdds.scm.XceiverClientRatis$$Lambda$432/1566285515@65b35bbb for 10 attempts with RetryLimited(maxAttempts=10, sleepTime=1000ms) on the pipeline Pipeline[ Id: 1838df1b-d707-47e0-ae27-550d69124986, Nodes: 6abcef3f-3f35-471a-9739-1d418d62cada{ip: 192.168.34.56, host: pr-hdds-2111-hlhfn-3535364396, networkLocation: /default-rack, certSerialId: null}4773b317-5b37-4901-9e93-e460a24d1141{ip: 192.168.34.56, host: pr-hdds-2111-hlhfn-3535364396, networkLocation: /default-rack, certSerialId: null}938e50ce-7856-436b-8929-0e37f4d51388{ip: 192.168.34.56, host: pr-hdds-2111-hlhfn-3535364396, networkLocation: /default-rack, certSerialId: null}, Type:RATIS, Factor:THREE, State:OPEN]. The last committed block length is 0, uncommitted data length is 2097152 retry count 0
2019-09-16 19:12:47,287 [IPC Server handler 6 on 34136] WARN  block.BlockManagerImpl (BlockManagerImpl.java:allocateBlock(192)) - Pipeline creation failed for type:RATIS factor:THREE. Retrying get pipelines call once.
org.apache.hadoop.hdds.scm.pipeline.InsufficientDatanodesException: Cannot create pipeline of factor 3 using 1 nodes.
	at org.apache.hadoop.hdds.scm.pipeline.RatisPipelineProvider.create(RatisPipelineProvider.java:152)
	at org.apache.hadoop.hdds.scm.pipeline.PipelineFactory.create(PipelineFactory.java:57)
	at org.apache.hadoop.hdds.scm.pipeline.SCMPipelineManager.createPipeline(SCMPipelineManager.java:151)
	at org.apache.hadoop.hdds.scm.block.BlockManagerImpl.allocateBlock(BlockManagerImpl.java:190)
	at org.apache.hadoop.hdds.scm.server.SCMBlockProtocolServer.allocateBlock(SCMBlockProtocolServer.java:182)
	at org.apache.hadoop.ozone.protocolPB.ScmBlockLocationProtocolServerSideTranslatorPB.allocateScmBlock(ScmBlockLocationProtocolServerSideTranslatorPB.java:183)
	at org.apache.hadoop.ozone.protocolPB.ScmBlockLocationProtocolServerSideTranslatorPB.processMessage(ScmBlockLocationProtocolServerSideTranslatorPB.java:141)
	at org.apache.hadoop.ozone.protocolPB.ScmBlockLocationProtocolServerSideTranslatorPB.send(ScmBlockLocationProtocolServerSideTranslatorPB.java:116)
	at org.apache.hadoop.hdds.protocol.proto.ScmBlockLocationProtocolProtos$ScmBlockLocationProtocolService$2.callBlockingMethod(ScmBlockLocationProtocolProtos.java:13157)
	at org.apache.hadoop.ipc.ProtobufRpcEngine$Server$ProtoBufRpcInvoker.call(ProtobufRpcEngine.java:524)
	at org.apache.hadoop.ipc.RPC$Server.call(RPC.java:1025)
	at org.apache.hadoop.ipc.Server$RpcCall.run(Server.java:876)
	at org.apache.hadoop.ipc.Server$RpcCall.run(Server.java:822)
	at java.security.AccessController.doPrivileged(Native Method)
	at javax.security.auth.Subject.doAs(Subject.java:422)
	at org.apache.hadoop.security.UserGroupInformation.doAs(UserGroupInformation.java:1730)
	at org.apache.hadoop.ipc.Server$Handler.run(Server.java:2682)
2019-09-16 19:12:47,289 [IPC Server handler 6 on 34136] INFO  block.BlockManagerImpl (BlockManagerImpl.java:allocateBlock(198)) - Could not find available pipeline of type:RATIS and factor:THREE even after retrying
2019-09-16 19:12:47,289 [IPC Server handler 6 on 34136] ERROR block.BlockManagerImpl (BlockManagerImpl.java:allocateBlock(222)) - Unable to allocate a block for the size: 4194304, type: RATIS, factor: THREE
2019-09-16 19:12:47,295 [main] ERROR io.BlockOutputStreamEntryPool (BlockOutputStreamEntryPool.java:allocateBlockIfNeeded(299)) - Try to allocate more blocks for write failed, already allocated 0 blocks for this write.
INTERNAL_ERROR org.apache.hadoop.ozone.om.exceptions.OMException: Allocated 0 blocks. Requested 1 blocks
	at org.apache.hadoop.ozone.om.protocolPB.OzoneManagerProtocolClientSideTranslatorPB.handleError(OzoneManagerProtocolClientSideTranslatorPB.java:724)
	at org.apache.hadoop.ozone.om.protocolPB.OzoneManagerProtocolClientSideTranslatorPB.allocateBlock(OzoneManagerProtocolClientSideTranslatorPB.java:756)
	at sun.reflect.NativeMethodAccessorImpl.invoke0(Native Method)
	at sun.reflect.NativeMethodAccessorImpl.invoke(NativeMethodAccessorImpl.java:62)
	at sun.reflect.DelegatingMethodAccessorImpl.invoke(DelegatingMethodAccessorImpl.java:43)
	at java.lang.reflect.Method.invoke(Method.java:498)
	at org.apache.hadoop.hdds.tracing.TraceAllMethod.invoke(TraceAllMethod.java:66)
	at com.sun.proxy.$Proxy36.allocateBlock(Unknown Source)
	at org.apache.hadoop.ozone.client.io.BlockOutputStreamEntryPool.allocateNewBlock(BlockOutputStreamEntryPool.java:248)
	at org.apache.hadoop.ozone.client.io.BlockOutputStreamEntryPool.allocateBlockIfNeeded(BlockOutputStreamEntryPool.java:296)
	at org.apache.hadoop.ozone.client.io.KeyOutputStream.handleWrite(KeyOutputStream.java:201)
	at org.apache.hadoop.ozone.client.io.KeyOutputStream.handleRetry(KeyOutputStream.java:376)
	at org.apache.hadoop.ozone.client.io.KeyOutputStream.handleException(KeyOutputStream.java:325)
	at org.apache.hadoop.ozone.client.io.KeyOutputStream.handleWrite(KeyOutputStream.java:231)
	at org.apache.hadoop.ozone.client.io.KeyOutputStream.write(KeyOutputStream.java:193)
	at org.apache.hadoop.ozone.client.io.OzoneOutputStream.write(OzoneOutputStream.java:49)
	at java.io.OutputStream.write(OutputStream.java:75)
	at org.apache.hadoop.ozone.client.rpc.TestMultiBlockWritesWithDnFailures.testMultiBlockWritesWithIntermittentDnFailures(TestMultiBlockWritesWithDnFailures.java:196)
	at sun.reflect.NativeMethodAccessorImpl.invoke0(Native Method)
	at sun.reflect.NativeMethodAccessorImpl.invoke(NativeMethodAccessorImpl.java:62)
	at sun.reflect.DelegatingMethodAccessorImpl.invoke(DelegatingMethodAccessorImpl.java:43)
	at java.lang.reflect.Method.invoke(Method.java:498)
	at org.junit.runners.model.FrameworkMethod$1.runReflectiveCall(FrameworkMethod.java:47)
	at org.junit.internal.runners.model.ReflectiveCallable.run(ReflectiveCallable.java:12)
	at org.junit.runners.model.FrameworkMethod.invokeExplosively(FrameworkMethod.java:44)
	at org.junit.internal.runners.statements.InvokeMethod.evaluate(InvokeMethod.java:17)
	at org.junit.internal.runners.statements.RunAfters.evaluate(RunAfters.java:27)
	at org.junit.runners.ParentRunner.runLeaf(ParentRunner.java:271)
	at org.junit.runners.BlockJUnit4ClassRunner.runChild(BlockJUnit4ClassRunner.java:70)
	at org.junit.runners.BlockJUnit4ClassRunner.runChild(BlockJUnit4ClassRunner.java:50)
	at org.junit.runners.ParentRunner$3.run(ParentRunner.java:238)
	at org.junit.runners.ParentRunner$1.schedule(ParentRunner.java:63)
	at org.junit.runners.ParentRunner.runChildren(ParentRunner.java:236)
	at org.junit.runners.ParentRunner.access$000(ParentRunner.java:53)
	at org.junit.runners.ParentRunner$2.evaluate(ParentRunner.java:229)
	at org.junit.runners.ParentRunner.run(ParentRunner.java:309)
	at org.apache.maven.surefire.junit4.JUnit4Provider.execute(JUnit4Provider.java:365)
	at org.apache.maven.surefire.junit4.JUnit4Provider.executeWithRerun(JUnit4Provider.java:273)
	at org.apache.maven.surefire.junit4.JUnit4Provider.executeTestSet(JUnit4Provider.java:238)
	at org.apache.maven.surefire.junit4.JUnit4Provider.invoke(JUnit4Provider.java:159)
	at org.apache.maven.surefire.booter.ForkedBooter.invokeProviderInSameClassLoader(ForkedBooter.java:384)
	at org.apache.maven.surefire.booter.ForkedBooter.runSuitesInProcess(ForkedBooter.java:345)
	at org.apache.maven.surefire.booter.ForkedBooter.execute(ForkedBooter.java:126)
	at org.apache.maven.surefire.booter.ForkedBooter.main(ForkedBooter.java:418)
2019-09-16 19:12:47,298 [main] INFO  ozone.MiniOzoneClusterImpl (MiniOzoneClusterImpl.java:shutdown(307)) - Shutting down the Mini Ozone Cluster
2019-09-16 19:12:47,299 [main] INFO  ozone.MiniOzoneClusterImpl (MiniOzoneClusterImpl.java:stop(322)) - Stopping the Mini Ozone Cluster
2019-09-16 19:12:47,299 [main] INFO  ozone.MiniOzoneClusterImpl (MiniOzoneClusterImpl.java:stop(324)) - Stopping the OzoneManager
2019-09-16 19:12:47,299 [main] INFO  ipc.Server (Server.java:stop(3082)) - Stopping server on 35463
2019-09-16 19:12:47,312 [IPC Server listener on 35463] INFO  ipc.Server (Server.java:run(1185)) - Stopping IPC Server listener on 35463
2019-09-16 19:12:47,317 [main] INFO  ratis.OzoneManagerDoubleBuffer (OzoneManagerDoubleBuffer.java:stop(248)) - Stopping OMDoubleBuffer flush thread
2019-09-16 19:12:47,326 [IPC Server Responder] INFO  ipc.Server (Server.java:run(1319)) - Stopping IPC Server Responder
2019-09-16 19:12:47,326 [OMDoubleBufferFlushThread] INFO  ratis.OzoneManagerDoubleBuffer (OzoneManagerDoubleBuffer.java:flushTransactions(191)) - OMDoubleBuffer flush thread OMDoubleBufferFlushThread is interrupted and will exit. OMDoubleBufferFlushThread
2019-09-16 19:12:47,337 [main] INFO  utils.BackgroundService (BackgroundService.java:shutdown(148)) - Shutting down service KeyDeletingService
2019-09-16 19:12:47,356 [main] INFO  handler.ContextHandler (ContextHandler.java:doStop(910)) - Stopped o.e.j.w.WebAppContext@3766c667{/,null,UNAVAILABLE}{/ozoneManager}
2019-09-16 19:12:47,357 [main] INFO  server.AbstractConnector (AbstractConnector.java:doStop(318)) - Stopped ServerConnector@773c0293{HTTP/1.1,[http/1.1]}{0.0.0.0:0}
2019-09-16 19:12:47,357 [main] INFO  handler.ContextHandler (ContextHandler.java:doStop(910)) - Stopped o.e.j.s.ServletContextHandler@74fe5966{/static,file:///workdir/hadoop-ozone/integration-test/target/test-classes/webapps/static,UNAVAILABLE}
2019-09-16 19:12:47,357 [main] INFO  handler.ContextHandler (ContextHandler.java:doStop(910)) - Stopped o.e.j.s.ServletContextHandler@30331109{/logs,file:///workdir/hadoop-ozone/integration-test/target/log,UNAVAILABLE}
2019-09-16 19:12:47,361 [main] INFO  ozone.MiniOzoneClusterImpl (MiniOzoneClusterImpl.java:stop(330)) - Shutting the HddsDatanodes
2019-09-16 19:12:47,446 [Datanode State Machine Thread - 0] INFO  statemachine.DatanodeStateMachine (DatanodeStateMachine.java:lambda$startDaemon$0(350)) - Ozone container server started.
2019-09-16 19:12:47,486 [java.util.concurrent.ThreadPoolExecutor$Worker@270df07d[State = -1, empty queue]] WARN  server.GrpcLogAppender (GrpcLogAppender.java:timeoutAppendRequest(200)) - 4eec4314-a089-48fe-8241-8a8066126e3f@group-C8C33BDD9912->30fc0d14-cbc7-4743-b48a-59ef39c48768-GrpcLogAppender: appendEntries Timeout, request=4eec4314-a089-48fe-8241-8a8066126e3f->30fc0d14-cbc7-4743-b48a-59ef39c48768#183-t2, previous=(t:2, i:19), leaderCommit=15, initializing? false, entries: <empty>
2019-09-16 19:12:47,486 [java.util.concurrent.ThreadPoolExecutor$Worker@4d174f1d[State = -1, empty queue]] WARN  server.GrpcLogAppender (GrpcLogAppender.java:timeoutAppendRequest(200)) - 4eec4314-a089-48fe-8241-8a8066126e3f@group-C8C33BDD9912->52078b41-1f38-4037-a826-db5ef9cf1b82-GrpcLogAppender: appendEntries Timeout, request=4eec4314-a089-48fe-8241-8a8066126e3f->52078b41-1f38-4037-a826-db5ef9cf1b82#183-t2, previous=(t:2, i:19), leaderCommit=15, initializing? false, entries: <empty>
2019-09-16 19:12:47,601 [java.util.concurrent.ThreadPoolExecutor$Worker@7e0b0602[State = -1, empty queue]] WARN  server.GrpcLogAppender (GrpcLogAppender.java:timeoutAppendRequest(200)) - 938e50ce-7856-436b-8929-0e37f4d51388@group-550D69124986->4773b317-5b37-4901-9e93-e460a24d1141-GrpcLogAppender: appendEntries Timeout, request=938e50ce-7856-436b-8929-0e37f4d51388->4773b317-5b37-4901-9e93-e460a24d1141#182-t2, previous=(t:2, i:18), leaderCommit=14, initializing? false, entries: <empty>
2019-09-16 19:12:47,601 [java.util.concurrent.ThreadPoolExecutor$Worker@6dd36484[State = -1, empty queue]] WARN  server.GrpcLogAppender (GrpcLogAppender.java:timeoutAppendRequest(200)) - 938e50ce-7856-436b-8929-0e37f4d51388@group-550D69124986->6abcef3f-3f35-471a-9739-1d418d62cada-GrpcLogAppender: appendEntries Timeout, request=938e50ce-7856-436b-8929-0e37f4d51388->6abcef3f-3f35-471a-9739-1d418d62cada#182-t2, previous=(t:2, i:18), leaderCommit=14, initializing? false, entries: <empty>
2019-09-16 19:12:47,674 [Datanode State Machine Thread - 0] INFO  statemachine.DatanodeStateMachine (DatanodeStateMachine.java:lambda$startDaemon$0(350)) - Ozone container server started.
2019-09-16 19:12:47,705 [grpc-default-executor-4] WARN  server.GrpcLogAppender (LogUtils.java:warn(134)) - 930b1328-fc80-47b7-a4b1-f8330041d315@group-B5EFBA83B44C->e0619aa3-4ba4-49c8-ac60-3d80bbb74aab-AppendLogResponseHandler: Failed appendEntries: org.apache.ratis.thirdparty.io.grpc.StatusRuntimeException: UNAVAILABLE: io exception
2019-09-16 19:12:47,705 [grpc-default-executor-5] WARN  server.GrpcLogAppender (LogUtils.java:warn(134)) - 930b1328-fc80-47b7-a4b1-f8330041d315@group-B5EFBA83B44C->4bce4e32-952c-4220-bcc9-22a10ce18ca8-AppendLogResponseHandler: Failed appendEntries: org.apache.ratis.thirdparty.io.grpc.StatusRuntimeException: UNAVAILABLE: io exception
2019-09-16 19:12:47,705 [grpc-default-executor-4] INFO  impl.FollowerInfo (FollowerInfo.java:lambda$new$0(51)) - 930b1328-fc80-47b7-a4b1-f8330041d315@group-B5EFBA83B44C->e0619aa3-4ba4-49c8-ac60-3d80bbb74aab: nextIndex: updateUnconditionally 0 -> 0
2019-09-16 19:12:47,706 [grpc-default-executor-5] INFO  impl.FollowerInfo (FollowerInfo.java:lambda$new$0(51)) - 930b1328-fc80-47b7-a4b1-f8330041d315@group-B5EFBA83B44C->4bce4e32-952c-4220-bcc9-22a10ce18ca8: nextIndex: updateUnconditionally 0 -> 0
2019-09-16 19:12:47,986 [java.util.concurrent.ThreadPoolExecutor$Worker@4d174f1d[State = -1, empty queue]] WARN  server.GrpcLogAppender (GrpcLogAppender.java:timeoutAppendRequest(200)) - 4eec4314-a089-48fe-8241-8a8066126e3f@group-C8C33BDD9912->52078b41-1f38-4037-a826-db5ef9cf1b82-GrpcLogAppender: appendEntries Timeout, request=4eec4314-a089-48fe-8241-8a8066126e3f->52078b41-1f38-4037-a826-db5ef9cf1b82#184-t2, previous=(t:2, i:19), leaderCommit=15, initializing? false, entries: <empty>
2019-09-16 19:12:47,986 [java.util.concurrent.ThreadPoolExecutor$Worker@270df07d[State = -1, empty queue]] WARN  server.GrpcLogAppender (GrpcLogAppender.java:timeoutAppendRequest(200)) - 4eec4314-a089-48fe-8241-8a8066126e3f@group-C8C33BDD9912->30fc0d14-cbc7-4743-b48a-59ef39c48768-GrpcLogAppender: appendEntries Timeout, request=4eec4314-a089-48fe-8241-8a8066126e3f->30fc0d14-cbc7-4743-b48a-59ef39c48768#184-t2, previous=(t:2, i:19), leaderCommit=15, initializing? false, entries: <empty>
2019-09-16 19:12:48,102 [java.util.concurrent.ThreadPoolExecutor$Worker@6dd36484[State = -1, empty queue]] WARN  server.GrpcLogAppender (GrpcLogAppender.java:timeoutAppendRequest(200)) - 938e50ce-7856-436b-8929-0e37f4d51388@group-550D69124986->6abcef3f-3f35-471a-9739-1d418d62cada-GrpcLogAppender: appendEntries Timeout, request=938e50ce-7856-436b-8929-0e37f4d51388->6abcef3f-3f35-471a-9739-1d418d62cada#183-t2, previous=(t:2, i:18), leaderCommit=14, initializing? false, entries: <empty>
2019-09-16 19:12:48,102 [java.util.concurrent.ThreadPoolExecutor$Worker@7e0b0602[State = -1, empty queue]] WARN  server.GrpcLogAppender (GrpcLogAppender.java:timeoutAppendRequest(200)) - 938e50ce-7856-436b-8929-0e37f4d51388@group-550D69124986->4773b317-5b37-4901-9e93-e460a24d1141-GrpcLogAppender: appendEntries Timeout, request=938e50ce-7856-436b-8929-0e37f4d51388->4773b317-5b37-4901-9e93-e460a24d1141#183-t2, previous=(t:2, i:18), leaderCommit=14, initializing? false, entries: <empty>
2019-09-16 19:12:48,206 [grpc-default-executor-1] WARN  server.GrpcLogAppender (LogUtils.java:warn(134)) - 930b1328-fc80-47b7-a4b1-f8330041d315@group-B5EFBA83B44C->e0619aa3-4ba4-49c8-ac60-3d80bbb74aab-AppendLogResponseHandler: Failed appendEntries: org.apache.ratis.thirdparty.io.grpc.StatusRuntimeException: UNAVAILABLE: io exception
2019-09-16 19:12:48,206 [grpc-default-executor-5] WARN  server.GrpcLogAppender (LogUtils.java:warn(134)) - 930b1328-fc80-47b7-a4b1-f8330041d315@group-B5EFBA83B44C->4bce4e32-952c-4220-bcc9-22a10ce18ca8-AppendLogResponseHandler: Failed appendEntries: org.apache.ratis.thirdparty.io.grpc.StatusRuntimeException: UNAVAILABLE: io exception
2019-09-16 19:12:48,206 [grpc-default-executor-1] INFO  impl.FollowerInfo (FollowerInfo.java:lambda$new$0(51)) - 930b1328-fc80-47b7-a4b1-f8330041d315@group-B5EFBA83B44C->e0619aa3-4ba4-49c8-ac60-3d80bbb74aab: nextIndex: updateUnconditionally 0 -> 0
2019-09-16 19:12:48,206 [grpc-default-executor-5] INFO  impl.FollowerInfo (FollowerInfo.java:lambda$new$0(51)) - 930b1328-fc80-47b7-a4b1-f8330041d315@group-B5EFBA83B44C->4bce4e32-952c-4220-bcc9-22a10ce18ca8: nextIndex: updateUnconditionally 0 -> 0
2019-09-16 19:12:48,493 [java.util.concurrent.ThreadPoolExecutor$Worker@4d174f1d[State = -1, empty queue]] WARN  server.GrpcLogAppender (GrpcLogAppender.java:timeoutAppendRequest(200)) - 4eec4314-a089-48fe-8241-8a8066126e3f@group-C8C33BDD9912->52078b41-1f38-4037-a826-db5ef9cf1b82-GrpcLogAppender: appendEntries Timeout, request=4eec4314-a089-48fe-8241-8a8066126e3f->52078b41-1f38-4037-a826-db5ef9cf1b82#185-t2, previous=(t:2, i:19), leaderCommit=15, initializing? false, entries: <empty>
2019-09-16 19:12:48,493 [java.util.concurrent.ThreadPoolExecutor$Worker@270df07d[State = -1, empty queue]] WARN  server.GrpcLogAppender (GrpcLogAppender.java:timeoutAppendRequest(200)) - 4eec4314-a089-48fe-8241-8a8066126e3f@group-C8C33BDD9912->30fc0d14-cbc7-4743-b48a-59ef39c48768-GrpcLogAppender: appendEntries Timeout, request=4eec4314-a089-48fe-8241-8a8066126e3f->30fc0d14-cbc7-4743-b48a-59ef39c48768#185-t2, previous=(t:2, i:19), leaderCommit=15, initializing? false, entries: <empty>
2019-09-16 19:12:48,602 [java.util.concurrent.ThreadPoolExecutor$Worker@7e0b0602[State = -1, empty queue]] WARN  server.GrpcLogAppender (GrpcLogAppender.java:timeoutAppendRequest(200)) - 938e50ce-7856-436b-8929-0e37f4d51388@group-550D69124986->4773b317-5b37-4901-9e93-e460a24d1141-GrpcLogAppender: appendEntries Timeout, request=938e50ce-7856-436b-8929-0e37f4d51388->4773b317-5b37-4901-9e93-e460a24d1141#184-t2, previous=(t:2, i:18), leaderCommit=14, initializing? false, entries: <empty>
2019-09-16 19:12:48,602 [java.util.concurrent.ThreadPoolExecutor$Worker@6dd36484[State = -1, empty queue]] WARN  server.GrpcLogAppender (GrpcLogAppender.java:timeoutAppendRequest(200)) - 938e50ce-7856-436b-8929-0e37f4d51388@group-550D69124986->6abcef3f-3f35-471a-9739-1d418d62cada-GrpcLogAppender: appendEntries Timeout, request=938e50ce-7856-436b-8929-0e37f4d51388->6abcef3f-3f35-471a-9739-1d418d62cada#184-t2, previous=(t:2, i:18), leaderCommit=14, initializing? false, entries: <empty>
2019-09-16 19:12:48,706 [grpc-default-executor-1] WARN  server.GrpcLogAppender (LogUtils.java:warn(134)) - 930b1328-fc80-47b7-a4b1-f8330041d315@group-B5EFBA83B44C->e0619aa3-4ba4-49c8-ac60-3d80bbb74aab-AppendLogResponseHandler: Failed appendEntries: org.apache.ratis.thirdparty.io.grpc.StatusRuntimeException: UNAVAILABLE: io exception
2019-09-16 19:12:48,706 [grpc-default-executor-4] WARN  server.GrpcLogAppender (LogUtils.java:warn(134)) - 930b1328-fc80-47b7-a4b1-f8330041d315@group-B5EFBA83B44C->4bce4e32-952c-4220-bcc9-22a10ce18ca8-AppendLogResponseHandler: Failed appendEntries: org.apache.ratis.thirdparty.io.grpc.StatusRuntimeException: UNAVAILABLE: io exception
2019-09-16 19:12:48,707 [grpc-default-executor-1] INFO  impl.FollowerInfo (FollowerInfo.java:lambda$new$0(51)) - 930b1328-fc80-47b7-a4b1-f8330041d315@group-B5EFBA83B44C->e0619aa3-4ba4-49c8-ac60-3d80bbb74aab: nextIndex: updateUnconditionally 0 -> 0
2019-09-16 19:12:48,707 [grpc-default-executor-4] INFO  impl.FollowerInfo (FollowerInfo.java:lambda$new$0(51)) - 930b1328-fc80-47b7-a4b1-f8330041d315@group-B5EFBA83B44C->4bce4e32-952c-4220-bcc9-22a10ce18ca8: nextIndex: updateUnconditionally 0 -> 0
2019-09-16 19:12:48,993 [java.util.concurrent.ThreadPoolExecutor$Worker@270df07d[State = -1, empty queue]] WARN  server.GrpcLogAppender (GrpcLogAppender.java:timeoutAppendRequest(200)) - 4eec4314-a089-48fe-8241-8a8066126e3f@group-C8C33BDD9912->30fc0d14-cbc7-4743-b48a-59ef39c48768-GrpcLogAppender: appendEntries Timeout, request=4eec4314-a089-48fe-8241-8a8066126e3f->30fc0d14-cbc7-4743-b48a-59ef39c48768#186-t2, previous=(t:2, i:19), leaderCommit=15, initializing? false, entries: <empty>
2019-09-16 19:12:48,993 [java.util.concurrent.ThreadPoolExecutor$Worker@4d174f1d[State = -1, empty queue]] WARN  server.GrpcLogAppender (GrpcLogAppender.java:timeoutAppendRequest(200)) - 4eec4314-a089-48fe-8241-8a8066126e3f@group-C8C33BDD9912->52078b41-1f38-4037-a826-db5ef9cf1b82-GrpcLogAppender: appendEntries Timeout, request=4eec4314-a089-48fe-8241-8a8066126e3f->52078b41-1f38-4037-a826-db5ef9cf1b82#186-t2, previous=(t:2, i:19), leaderCommit=15, initializing? false, entries: <empty>
2019-09-16 19:12:49,089 [4773b317-5b37-4901-9e93-e460a24d1141@group-550D69124986-SegmentedRaftLogWorker] WARN  segmented.SegmentedRaftLogWorker (SegmentedRaftLogWorker.java:getFromFuture(90)) - Timeout 1/~
org.apache.ratis.protocol.TimeoutIOException: Timeout 10s: WriteLog:15: (t:2, i:15), STATEMACHINELOGENTRY, client-8794A58021D7, cid=74-writeStateMachineData
	at org.apache.ratis.util.IOUtils.getFromFuture(IOUtils.java:87)
	at org.apache.ratis.server.raftlog.segmented.SegmentedRaftLogWorker$StateMachineDataPolicy.getFromFuture(SegmentedRaftLogWorker.java:87)
	at org.apache.ratis.server.raftlog.segmented.SegmentedRaftLogWorker$WriteLog.execute(SegmentedRaftLogWorker.java:477)
	at org.apache.ratis.server.raftlog.segmented.SegmentedRaftLogWorker.run(SegmentedRaftLogWorker.java:289)
	at java.lang.Thread.run(Thread.java:748)
Caused by: java.util.concurrent.TimeoutException
	at java.util.concurrent.CompletableFuture.timedGet(CompletableFuture.java:1771)
	at java.util.concurrent.CompletableFuture.get(CompletableFuture.java:1915)
	at org.apache.ratis.util.IOUtils.getFromFuture(IOUtils.java:79)
	... 4 more
2019-09-16 19:12:49,103 [java.util.concurrent.ThreadPoolExecutor$Worker@7e0b0602[State = -1, empty queue]] WARN  server.GrpcLogAppender (GrpcLogAppender.java:timeoutAppendRequest(200)) - 938e50ce-7856-436b-8929-0e37f4d51388@group-550D69124986->4773b317-5b37-4901-9e93-e460a24d1141-GrpcLogAppender: appendEntries Timeout, request=938e50ce-7856-436b-8929-0e37f4d51388->4773b317-5b37-4901-9e93-e460a24d1141#185-t2, previous=(t:2, i:18), leaderCommit=14, initializing? false, entries: <empty>
2019-09-16 19:12:49,103 [java.util.concurrent.ThreadPoolExecutor$Worker@6dd36484[State = -1, empty queue]] WARN  server.GrpcLogAppender (GrpcLogAppender.java:timeoutAppendRequest(200)) - 938e50ce-7856-436b-8929-0e37f4d51388@group-550D69124986->6abcef3f-3f35-471a-9739-1d418d62cada-GrpcLogAppender: appendEntries Timeout, request=938e50ce-7856-436b-8929-0e37f4d51388->6abcef3f-3f35-471a-9739-1d418d62cada#185-t2, previous=(t:2, i:18), leaderCommit=14, initializing? false, entries: <empty>
2019-09-16 19:12:49,142 [938e50ce-7856-436b-8929-0e37f4d51388@group-550D69124986-SegmentedRaftLogWorker] WARN  segmented.SegmentedRaftLogWorker (SegmentedRaftLogWorker.java:getFromFuture(90)) - Timeout 1/~
org.apache.ratis.protocol.TimeoutIOException: Timeout 10s: WriteLog:17: (t:2, i:17), STATEMACHINELOGENTRY, client-8794A58021D7, cid=76-writeStateMachineData
	at org.apache.ratis.util.IOUtils.getFromFuture(IOUtils.java:87)
	at org.apache.ratis.server.raftlog.segmented.SegmentedRaftLogWorker$StateMachineDataPolicy.getFromFuture(SegmentedRaftLogWorker.java:87)
	at org.apache.ratis.server.raftlog.segmented.SegmentedRaftLogWorker$WriteLog.execute(SegmentedRaftLogWorker.java:477)
	at org.apache.ratis.server.raftlog.segmented.SegmentedRaftLogWorker.run(SegmentedRaftLogWorker.java:289)
	at java.lang.Thread.run(Thread.java:748)
Caused by: java.util.concurrent.TimeoutException
	at java.util.concurrent.CompletableFuture.timedGet(CompletableFuture.java:1771)
	at java.util.concurrent.CompletableFuture.get(CompletableFuture.java:1915)
	at org.apache.ratis.util.IOUtils.getFromFuture(IOUtils.java:79)
	... 4 more
2019-09-16 19:12:49,161 [6abcef3f-3f35-471a-9739-1d418d62cada@group-550D69124986-SegmentedRaftLogWorker] WARN  segmented.SegmentedRaftLogWorker (SegmentedRaftLogWorker.java:getFromFuture(90)) - Timeout 1/~
org.apache.ratis.protocol.TimeoutIOException: Timeout 10s: WriteLog:17: (t:2, i:17), STATEMACHINELOGENTRY, client-8794A58021D7, cid=76-writeStateMachineData
	at org.apache.ratis.util.IOUtils.getFromFuture(IOUtils.java:87)
	at org.apache.ratis.server.raftlog.segmented.SegmentedRaftLogWorker$StateMachineDataPolicy.getFromFuture(SegmentedRaftLogWorker.java:87)
	at org.apache.ratis.server.raftlog.segmented.SegmentedRaftLogWorker$WriteLog.execute(SegmentedRaftLogWorker.java:477)
	at org.apache.ratis.server.raftlog.segmented.SegmentedRaftLogWorker.run(SegmentedRaftLogWorker.java:289)
	at java.lang.Thread.run(Thread.java:748)
Caused by: java.util.concurrent.TimeoutException
	at java.util.concurrent.CompletableFuture.timedGet(CompletableFuture.java:1771)
	at java.util.concurrent.CompletableFuture.get(CompletableFuture.java:1915)
	at org.apache.ratis.util.IOUtils.getFromFuture(IOUtils.java:79)
	... 4 more
2019-09-16 19:12:49,207 [grpc-default-executor-2] WARN  server.GrpcLogAppender (LogUtils.java:warn(134)) - 930b1328-fc80-47b7-a4b1-f8330041d315@group-B5EFBA83B44C->e0619aa3-4ba4-49c8-ac60-3d80bbb74aab-AppendLogResponseHandler: Failed appendEntries: org.apache.ratis.thirdparty.io.grpc.StatusRuntimeException: UNAVAILABLE: io exception
2019-09-16 19:12:49,207 [grpc-default-executor-0] WARN  server.GrpcLogAppender (LogUtils.java:warn(134)) - 930b1328-fc80-47b7-a4b1-f8330041d315@group-B5EFBA83B44C->4bce4e32-952c-4220-bcc9-22a10ce18ca8-AppendLogResponseHandler: Failed appendEntries: org.apache.ratis.thirdparty.io.grpc.StatusRuntimeException: UNAVAILABLE: io exception
2019-09-16 19:12:49,207 [grpc-default-executor-2] INFO  impl.FollowerInfo (FollowerInfo.java:lambda$new$0(51)) - 930b1328-fc80-47b7-a4b1-f8330041d315@group-B5EFBA83B44C->e0619aa3-4ba4-49c8-ac60-3d80bbb74aab: nextIndex: updateUnconditionally 0 -> 0
2019-09-16 19:12:49,208 [grpc-default-executor-0] INFO  impl.FollowerInfo (FollowerInfo.java:lambda$new$0(51)) - 930b1328-fc80-47b7-a4b1-f8330041d315@group-B5EFBA83B44C->4bce4e32-952c-4220-bcc9-22a10ce18ca8: nextIndex: updateUnconditionally 0 -> 0
2019-09-16 19:12:49,502 [java.util.concurrent.ThreadPoolExecutor$Worker@270df07d[State = -1, empty queue]] WARN  server.GrpcLogAppender (GrpcLogAppender.java:timeoutAppendRequest(200)) - 4eec4314-a089-48fe-8241-8a8066126e3f@group-C8C33BDD9912->30fc0d14-cbc7-4743-b48a-59ef39c48768-GrpcLogAppender: appendEntries Timeout, request=4eec4314-a089-48fe-8241-8a8066126e3f->30fc0d14-cbc7-4743-b48a-59ef39c48768#187-t2, previous=(t:2, i:19), leaderCommit=15, initializing? false, entries: <empty>
2019-09-16 19:12:49,502 [java.util.concurrent.ThreadPoolExecutor$Worker@4d174f1d[State = -1, empty queue]] WARN  server.GrpcLogAppender (GrpcLogAppender.java:timeoutAppendRequest(200)) - 4eec4314-a089-48fe-8241-8a8066126e3f@group-C8C33BDD9912->52078b41-1f38-4037-a826-db5ef9cf1b82-GrpcLogAppender: appendEntries Timeout, request=4eec4314-a089-48fe-8241-8a8066126e3f->52078b41-1f38-4037-a826-db5ef9cf1b82#187-t2, previous=(t:2, i:19), leaderCommit=15, initializing? false, entries: <empty>
2019-09-16 19:12:49,603 [java.util.concurrent.ThreadPoolExecutor$Worker@7e0b0602[State = -1, empty queue]] WARN  server.GrpcLogAppender (GrpcLogAppender.java:timeoutAppendRequest(200)) - 938e50ce-7856-436b-8929-0e37f4d51388@group-550D69124986->4773b317-5b37-4901-9e93-e460a24d1141-GrpcLogAppender: appendEntries Timeout, request=938e50ce-7856-436b-8929-0e37f4d51388->4773b317-5b37-4901-9e93-e460a24d1141#186-t2, previous=(t:2, i:18), leaderCommit=14, initializing? false, entries: <empty>
2019-09-16 19:12:49,603 [java.util.concurrent.ThreadPoolExecutor$Worker@6dd36484[State = -1, empty queue]] WARN  server.GrpcLogAppender (GrpcLogAppender.java:timeoutAppendRequest(200)) - 938e50ce-7856-436b-8929-0e37f4d51388@group-550D69124986->6abcef3f-3f35-471a-9739-1d418d62cada-GrpcLogAppender: appendEntries Timeout, request=938e50ce-7856-436b-8929-0e37f4d51388->6abcef3f-3f35-471a-9739-1d418d62cada#186-t2, previous=(t:2, i:18), leaderCommit=14, initializing? false, entries: <empty>
2019-09-16 19:12:49,709 [grpc-default-executor-0] WARN  server.GrpcLogAppender (LogUtils.java:warn(134)) - 930b1328-fc80-47b7-a4b1-f8330041d315@group-B5EFBA83B44C->4bce4e32-952c-4220-bcc9-22a10ce18ca8-AppendLogResponseHandler: Failed appendEntries: org.apache.ratis.thirdparty.io.grpc.StatusRuntimeException: UNAVAILABLE: io exception
2019-09-16 19:12:49,709 [grpc-default-executor-5] WARN  server.GrpcLogAppender (LogUtils.java:warn(134)) - 930b1328-fc80-47b7-a4b1-f8330041d315@group-B5EFBA83B44C->e0619aa3-4ba4-49c8-ac60-3d80bbb74aab-AppendLogResponseHandler: Failed appendEntries: org.apache.ratis.thirdparty.io.grpc.StatusRuntimeException: UNAVAILABLE: io exception
2019-09-16 19:12:49,710 [grpc-default-executor-0] INFO  impl.FollowerInfo (FollowerInfo.java:lambda$new$0(51)) - 930b1328-fc80-47b7-a4b1-f8330041d315@group-B5EFBA83B44C->4bce4e32-952c-4220-bcc9-22a10ce18ca8: nextIndex: updateUnconditionally 0 -> 0
2019-09-16 19:12:49,710 [grpc-default-executor-5] INFO  impl.FollowerInfo (FollowerInfo.java:lambda$new$0(51)) - 930b1328-fc80-47b7-a4b1-f8330041d315@group-B5EFBA83B44C->e0619aa3-4ba4-49c8-ac60-3d80bbb74aab: nextIndex: updateUnconditionally 0 -> 0
2019-09-16 19:12:50,003 [java.util.concurrent.ThreadPoolExecutor$Worker@270df07d[State = -1, empty queue]] WARN  server.GrpcLogAppender (GrpcLogAppender.java:timeoutAppendRequest(200)) - 4eec4314-a089-48fe-8241-8a8066126e3f@group-C8C33BDD9912->30fc0d14-cbc7-4743-b48a-59ef39c48768-GrpcLogAppender: appendEntries Timeout, request=4eec4314-a089-48fe-8241-8a8066126e3f->30fc0d14-cbc7-4743-b48a-59ef39c48768#188-t2, previous=(t:2, i:19), leaderCommit=15, initializing? false, entries: <empty>
2019-09-16 19:12:50,003 [java.util.concurrent.ThreadPoolExecutor$Worker@4d174f1d[State = -1, empty queue]] WARN  server.GrpcLogAppender (GrpcLogAppender.java:timeoutAppendRequest(200)) - 4eec4314-a089-48fe-8241-8a8066126e3f@group-C8C33BDD9912->52078b41-1f38-4037-a826-db5ef9cf1b82-GrpcLogAppender: appendEntries Timeout, request=4eec4314-a089-48fe-8241-8a8066126e3f->52078b41-1f38-4037-a826-db5ef9cf1b82#188-t2, previous=(t:2, i:19), leaderCommit=15, initializing? false, entries: <empty>
2019-09-16 19:12:50,104 [java.util.concurrent.ThreadPoolExecutor$Worker@6dd36484[State = -1, empty queue]] WARN  server.GrpcLogAppender (GrpcLogAppender.java:timeoutAppendRequest(200)) - 938e50ce-7856-436b-8929-0e37f4d51388@group-550D69124986->6abcef3f-3f35-471a-9739-1d418d62cada-GrpcLogAppender: appendEntries Timeout, request=938e50ce-7856-436b-8929-0e37f4d51388->6abcef3f-3f35-471a-9739-1d418d62cada#187-t2, previous=(t:2, i:18), leaderCommit=14, initializing? false, entries: <empty>
2019-09-16 19:12:50,104 [java.util.concurrent.ThreadPoolExecutor$Worker@7e0b0602[State = -1, empty queue]] WARN  server.GrpcLogAppender (GrpcLogAppender.java:timeoutAppendRequest(200)) - 938e50ce-7856-436b-8929-0e37f4d51388@group-550D69124986->4773b317-5b37-4901-9e93-e460a24d1141-GrpcLogAppender: appendEntries Timeout, request=938e50ce-7856-436b-8929-0e37f4d51388->4773b317-5b37-4901-9e93-e460a24d1141#187-t2, previous=(t:2, i:18), leaderCommit=14, initializing? false, entries: <empty>
2019-09-16 19:12:50,210 [grpc-default-executor-0] WARN  server.GrpcLogAppender (LogUtils.java:warn(134)) - 930b1328-fc80-47b7-a4b1-f8330041d315@group-B5EFBA83B44C->4bce4e32-952c-4220-bcc9-22a10ce18ca8-AppendLogResponseHandler: Failed appendEntries: org.apache.ratis.thirdparty.io.grpc.StatusRuntimeException: UNAVAILABLE: io exception
2019-09-16 19:12:50,210 [grpc-default-executor-2] WARN  server.GrpcLogAppender (LogUtils.java:warn(134)) - 930b1328-fc80-47b7-a4b1-f8330041d315@group-B5EFBA83B44C->e0619aa3-4ba4-49c8-ac60-3d80bbb74aab-AppendLogResponseHandler: Failed appendEntries: org.apache.ratis.thirdparty.io.grpc.StatusRuntimeException: UNAVAILABLE: io exception
2019-09-16 19:12:50,211 [grpc-default-executor-0] INFO  impl.FollowerInfo (FollowerInfo.java:lambda$new$0(51)) - 930b1328-fc80-47b7-a4b1-f8330041d315@group-B5EFBA83B44C->4bce4e32-952c-4220-bcc9-22a10ce18ca8: nextIndex: updateUnconditionally 0 -> 0
2019-09-16 19:12:50,211 [grpc-default-executor-2] INFO  impl.FollowerInfo (FollowerInfo.java:lambda$new$0(51)) - 930b1328-fc80-47b7-a4b1-f8330041d315@group-B5EFBA83B44C->e0619aa3-4ba4-49c8-ac60-3d80bbb74aab: nextIndex: updateUnconditionally 0 -> 0
2019-09-16 19:12:50,503 [java.util.concurrent.ThreadPoolExecutor$Worker@4d174f1d[State = -1, empty queue]] WARN  server.GrpcLogAppender (GrpcLogAppender.java:timeoutAppendRequest(200)) - 4eec4314-a089-48fe-8241-8a8066126e3f@group-C8C33BDD9912->52078b41-1f38-4037-a826-db5ef9cf1b82-GrpcLogAppender: appendEntries Timeout, request=4eec4314-a089-48fe-8241-8a8066126e3f->52078b41-1f38-4037-a826-db5ef9cf1b82#189-t2, previous=(t:2, i:19), leaderCommit=15, initializing? false, entries: <empty>
2019-09-16 19:12:50,503 [java.util.concurrent.ThreadPoolExecutor$Worker@270df07d[State = -1, empty queue]] WARN  server.GrpcLogAppender (GrpcLogAppender.java:timeoutAppendRequest(200)) - 4eec4314-a089-48fe-8241-8a8066126e3f@group-C8C33BDD9912->30fc0d14-cbc7-4743-b48a-59ef39c48768-GrpcLogAppender: appendEntries Timeout, request=4eec4314-a089-48fe-8241-8a8066126e3f->30fc0d14-cbc7-4743-b48a-59ef39c48768#189-t2, previous=(t:2, i:19), leaderCommit=15, initializing? false, entries: <empty>
2019-09-16 19:12:50,604 [java.util.concurrent.ThreadPoolExecutor$Worker@6dd36484[State = -1, empty queue]] WARN  server.GrpcLogAppender (GrpcLogAppender.java:timeoutAppendRequest(200)) - 938e50ce-7856-436b-8929-0e37f4d51388@group-550D69124986->6abcef3f-3f35-471a-9739-1d418d62cada-GrpcLogAppender: appendEntries Timeout, request=938e50ce-7856-436b-8929-0e37f4d51388->6abcef3f-3f35-471a-9739-1d418d62cada#188-t2, previous=(t:2, i:18), leaderCommit=14, initializing? false, entries: <empty>
2019-09-16 19:12:50,604 [java.util.concurrent.ThreadPoolExecutor$Worker@7e0b0602[State = -1, empty queue]] WARN  server.GrpcLogAppender (GrpcLogAppender.java:timeoutAppendRequest(200)) - 938e50ce-7856-436b-8929-0e37f4d51388@group-550D69124986->4773b317-5b37-4901-9e93-e460a24d1141-GrpcLogAppender: appendEntries Timeout, request=938e50ce-7856-436b-8929-0e37f4d51388->4773b317-5b37-4901-9e93-e460a24d1141#188-t2, previous=(t:2, i:18), leaderCommit=14, initializing? false, entries: <empty>
2019-09-16 19:12:50,711 [grpc-default-executor-4] WARN  server.GrpcLogAppender (LogUtils.java:warn(134)) - 930b1328-fc80-47b7-a4b1-f8330041d315@group-B5EFBA83B44C->4bce4e32-952c-4220-bcc9-22a10ce18ca8-AppendLogResponseHandler: Failed appendEntries: org.apache.ratis.thirdparty.io.grpc.StatusRuntimeException: UNAVAILABLE: io exception
2019-09-16 19:12:50,711 [grpc-default-executor-6] WARN  server.GrpcLogAppender (LogUtils.java:warn(134)) - 930b1328-fc80-47b7-a4b1-f8330041d315@group-B5EFBA83B44C->e0619aa3-4ba4-49c8-ac60-3d80bbb74aab-AppendLogResponseHandler: Failed appendEntries: org.apache.ratis.thirdparty.io.grpc.StatusRuntimeException: UNAVAILABLE: io exception
2019-09-16 19:12:50,711 [grpc-default-executor-4] INFO  impl.FollowerInfo (FollowerInfo.java:lambda$new$0(51)) - 930b1328-fc80-47b7-a4b1-f8330041d315@group-B5EFBA83B44C->4bce4e32-952c-4220-bcc9-22a10ce18ca8: nextIndex: updateUnconditionally 0 -> 0
2019-09-16 19:12:50,711 [grpc-default-executor-6] INFO  impl.FollowerInfo (FollowerInfo.java:lambda$new$0(51)) - 930b1328-fc80-47b7-a4b1-f8330041d315@group-B5EFBA83B44C->e0619aa3-4ba4-49c8-ac60-3d80bbb74aab: nextIndex: updateUnconditionally 0 -> 0
2019-09-16 19:12:51,004 [java.util.concurrent.ThreadPoolExecutor$Worker@4d174f1d[State = -1, empty queue]] WARN  server.GrpcLogAppender (GrpcLogAppender.java:timeoutAppendRequest(200)) - 4eec4314-a089-48fe-8241-8a8066126e3f@group-C8C33BDD9912->52078b41-1f38-4037-a826-db5ef9cf1b82-GrpcLogAppender: appendEntries Timeout, request=4eec4314-a089-48fe-8241-8a8066126e3f->52078b41-1f38-4037-a826-db5ef9cf1b82#190-t2, previous=(t:2, i:19), leaderCommit=15, initializing? false, entries: <empty>
2019-09-16 19:12:51,004 [java.util.concurrent.ThreadPoolExecutor$Worker@270df07d[State = -1, empty queue]] WARN  server.GrpcLogAppender (GrpcLogAppender.java:timeoutAppendRequest(200)) - 4eec4314-a089-48fe-8241-8a8066126e3f@group-C8C33BDD9912->30fc0d14-cbc7-4743-b48a-59ef39c48768-GrpcLogAppender: appendEntries Timeout, request=4eec4314-a089-48fe-8241-8a8066126e3f->30fc0d14-cbc7-4743-b48a-59ef39c48768#190-t2, previous=(t:2, i:19), leaderCommit=15, initializing? false, entries: <empty>
2019-09-16 19:12:51,104 [java.util.concurrent.ThreadPoolExecutor$Worker@7e0b0602[State = -1, empty queue]] WARN  server.GrpcLogAppender (GrpcLogAppender.java:timeoutAppendRequest(200)) - 938e50ce-7856-436b-8929-0e37f4d51388@group-550D69124986->4773b317-5b37-4901-9e93-e460a24d1141-GrpcLogAppender: appendEntries Timeout, request=938e50ce-7856-436b-8929-0e37f4d51388->4773b317-5b37-4901-9e93-e460a24d1141#189-t2, previous=(t:2, i:18), leaderCommit=14, initializing? false, entries: <empty>
2019-09-16 19:12:51,104 [java.util.concurrent.ThreadPoolExecutor$Worker@6dd36484[State = -1, empty queue]] WARN  server.GrpcLogAppender (GrpcLogAppender.java:timeoutAppendRequest(200)) - 938e50ce-7856-436b-8929-0e37f4d51388@group-550D69124986->6abcef3f-3f35-471a-9739-1d418d62cada-GrpcLogAppender: appendEntries Timeout, request=938e50ce-7856-436b-8929-0e37f4d51388->6abcef3f-3f35-471a-9739-1d418d62cada#189-t2, previous=(t:2, i:18), leaderCommit=14, initializing? false, entries: <empty>
2019-09-16 19:12:51,213 [grpc-default-executor-5] WARN  server.GrpcLogAppender (LogUtils.java:warn(134)) - 930b1328-fc80-47b7-a4b1-f8330041d315@group-B5EFBA83B44C->4bce4e32-952c-4220-bcc9-22a10ce18ca8-AppendLogResponseHandler: Failed appendEntries: org.apache.ratis.thirdparty.io.grpc.StatusRuntimeException: UNAVAILABLE: io exception
2019-09-16 19:12:51,213 [grpc-default-executor-6] WARN  server.GrpcLogAppender (LogUtils.java:warn(134)) - 930b1328-fc80-47b7-a4b1-f8330041d315@group-B5EFBA83B44C->e0619aa3-4ba4-49c8-ac60-3d80bbb74aab-AppendLogResponseHandler: Failed appendEntries: org.apache.ratis.thirdparty.io.grpc.StatusRuntimeException: UNAVAILABLE: io exception
2019-09-16 19:12:51,214 [grpc-default-executor-5] INFO  impl.FollowerInfo (FollowerInfo.java:lambda$new$0(51)) - 930b1328-fc80-47b7-a4b1-f8330041d315@group-B5EFBA83B44C->4bce4e32-952c-4220-bcc9-22a10ce18ca8: nextIndex: updateUnconditionally 0 -> 0
2019-09-16 19:12:51,214 [grpc-default-executor-6] INFO  impl.FollowerInfo (FollowerInfo.java:lambda$new$0(51)) - 930b1328-fc80-47b7-a4b1-f8330041d315@group-B5EFBA83B44C->e0619aa3-4ba4-49c8-ac60-3d80bbb74aab: nextIndex: updateUnconditionally 0 -> 0
2019-09-16 19:12:51,504 [java.util.concurrent.ThreadPoolExecutor$Worker@270df07d[State = -1, empty queue]] WARN  server.GrpcLogAppender (GrpcLogAppender.java:timeoutAppendRequest(200)) - 4eec4314-a089-48fe-8241-8a8066126e3f@group-C8C33BDD9912->30fc0d14-cbc7-4743-b48a-59ef39c48768-GrpcLogAppender: appendEntries Timeout, request=4eec4314-a089-48fe-8241-8a8066126e3f->30fc0d14-cbc7-4743-b48a-59ef39c48768#191-t2, previous=(t:2, i:19), leaderCommit=15, initializing? false, entries: <empty>
2019-09-16 19:12:51,504 [java.util.concurrent.ThreadPoolExecutor$Worker@4d174f1d[State = -1, empty queue]] WARN  server.GrpcLogAppender (GrpcLogAppender.java:timeoutAppendRequest(200)) - 4eec4314-a089-48fe-8241-8a8066126e3f@group-C8C33BDD9912->52078b41-1f38-4037-a826-db5ef9cf1b82-GrpcLogAppender: appendEntries Timeout, request=4eec4314-a089-48fe-8241-8a8066126e3f->52078b41-1f38-4037-a826-db5ef9cf1b82#191-t2, previous=(t:2, i:19), leaderCommit=15, initializing? false, entries: <empty>
2019-09-16 19:12:51,605 [java.util.concurrent.ThreadPoolExecutor$Worker@6dd36484[State = -1, empty queue]] WARN  server.GrpcLogAppender (GrpcLogAppender.java:timeoutAppendRequest(200)) - 938e50ce-7856-436b-8929-0e37f4d51388@group-550D69124986->6abcef3f-3f35-471a-9739-1d418d62cada-GrpcLogAppender: appendEntries Timeout, request=938e50ce-7856-436b-8929-0e37f4d51388->6abcef3f-3f35-471a-9739-1d418d62cada#190-t2, previous=(t:2, i:18), leaderCommit=14, initializing? false, entries: <empty>
2019-09-16 19:12:51,605 [java.util.concurrent.ThreadPoolExecutor$Worker@7e0b0602[State = -1, empty queue]] WARN  server.GrpcLogAppender (GrpcLogAppender.java:timeoutAppendRequest(200)) - 938e50ce-7856-436b-8929-0e37f4d51388@group-550D69124986->4773b317-5b37-4901-9e93-e460a24d1141-GrpcLogAppender: appendEntries Timeout, request=938e50ce-7856-436b-8929-0e37f4d51388->4773b317-5b37-4901-9e93-e460a24d1141#190-t2, previous=(t:2, i:18), leaderCommit=14, initializing? false, entries: <empty>
2019-09-16 19:12:51,713 [grpc-default-executor-5] WARN  server.GrpcLogAppender (LogUtils.java:warn(134)) - 930b1328-fc80-47b7-a4b1-f8330041d315@group-B5EFBA83B44C->4bce4e32-952c-4220-bcc9-22a10ce18ca8-AppendLogResponseHandler: Failed appendEntries: org.apache.ratis.thirdparty.io.grpc.StatusRuntimeException: UNAVAILABLE: io exception
2019-09-16 19:12:51,713 [grpc-default-executor-6] WARN  server.GrpcLogAppender (LogUtils.java:warn(134)) - 930b1328-fc80-47b7-a4b1-f8330041d315@group-B5EFBA83B44C->e0619aa3-4ba4-49c8-ac60-3d80bbb74aab-AppendLogResponseHandler: Failed appendEntries: org.apache.ratis.thirdparty.io.grpc.StatusRuntimeException: UNAVAILABLE: io exception
2019-09-16 19:12:51,713 [grpc-default-executor-5] INFO  impl.FollowerInfo (FollowerInfo.java:lambda$new$0(51)) - 930b1328-fc80-47b7-a4b1-f8330041d315@group-B5EFBA83B44C->4bce4e32-952c-4220-bcc9-22a10ce18ca8: nextIndex: updateUnconditionally 0 -> 0
2019-09-16 19:12:51,713 [grpc-default-executor-6] INFO  impl.FollowerInfo (FollowerInfo.java:lambda$new$0(51)) - 930b1328-fc80-47b7-a4b1-f8330041d315@group-B5EFBA83B44C->e0619aa3-4ba4-49c8-ac60-3d80bbb74aab: nextIndex: updateUnconditionally 0 -> 0
2019-09-16 19:12:52,004 [java.util.concurrent.ThreadPoolExecutor$Worker@4d174f1d[State = -1, empty queue]] WARN  server.GrpcLogAppender (GrpcLogAppender.java:timeoutAppendRequest(200)) - 4eec4314-a089-48fe-8241-8a8066126e3f@group-C8C33BDD9912->52078b41-1f38-4037-a826-db5ef9cf1b82-GrpcLogAppender: appendEntries Timeout, request=4eec4314-a089-48fe-8241-8a8066126e3f->52078b41-1f38-4037-a826-db5ef9cf1b82#192-t2, previous=(t:2, i:19), leaderCommit=15, initializing? false, entries: <empty>
2019-09-16 19:12:52,004 [java.util.concurrent.ThreadPoolExecutor$Worker@270df07d[State = -1, empty queue]] WARN  server.GrpcLogAppender (GrpcLogAppender.java:timeoutAppendRequest(200)) - 4eec4314-a089-48fe-8241-8a8066126e3f@group-C8C33BDD9912->30fc0d14-cbc7-4743-b48a-59ef39c48768-GrpcLogAppender: appendEntries Timeout, request=4eec4314-a089-48fe-8241-8a8066126e3f->30fc0d14-cbc7-4743-b48a-59ef39c48768#192-t2, previous=(t:2, i:19), leaderCommit=15, initializing? false, entries: <empty>
2019-09-16 19:12:52,105 [java.util.concurrent.ThreadPoolExecutor$Worker@7e0b0602[State = -1, empty queue]] WARN  server.GrpcLogAppender (GrpcLogAppender.java:timeoutAppendRequest(200)) - 938e50ce-7856-436b-8929-0e37f4d51388@group-550D69124986->4773b317-5b37-4901-9e93-e460a24d1141-GrpcLogAppender: appendEntries Timeout, request=938e50ce-7856-436b-8929-0e37f4d51388->4773b317-5b37-4901-9e93-e460a24d1141#191-t2, previous=(t:2, i:18), leaderCommit=14, initializing? false, entries: <empty>
2019-09-16 19:12:52,105 [java.util.concurrent.ThreadPoolExecutor$Worker@6dd36484[State = -1, empty queue]] WARN  server.GrpcLogAppender (GrpcLogAppender.java:timeoutAppendRequest(200)) - 938e50ce-7856-436b-8929-0e37f4d51388@group-550D69124986->6abcef3f-3f35-471a-9739-1d418d62cada-GrpcLogAppender: appendEntries Timeout, request=938e50ce-7856-436b-8929-0e37f4d51388->6abcef3f-3f35-471a-9739-1d418d62cada#191-t2, previous=(t:2, i:18), leaderCommit=14, initializing? false, entries: <empty>
2019-09-16 19:12:52,213 [grpc-default-executor-6] WARN  server.GrpcLogAppender (LogUtils.java:warn(134)) - 930b1328-fc80-47b7-a4b1-f8330041d315@group-B5EFBA83B44C->e0619aa3-4ba4-49c8-ac60-3d80bbb74aab-AppendLogResponseHandler: Failed appendEntries: org.apache.ratis.thirdparty.io.grpc.StatusRuntimeException: UNAVAILABLE: io exception
2019-09-16 19:12:52,213 [grpc-default-executor-0] WARN  server.GrpcLogAppender (LogUtils.java:warn(134)) - 930b1328-fc80-47b7-a4b1-f8330041d315@group-B5EFBA83B44C->4bce4e32-952c-4220-bcc9-22a10ce18ca8-AppendLogResponseHandler: Failed appendEntries: org.apache.ratis.thirdparty.io.grpc.StatusRuntimeException: UNAVAILABLE: io exception
2019-09-16 19:12:52,214 [grpc-default-executor-6] INFO  impl.FollowerInfo (FollowerInfo.java:lambda$new$0(51)) - 930b1328-fc80-47b7-a4b1-f8330041d315@group-B5EFBA83B44C->e0619aa3-4ba4-49c8-ac60-3d80bbb74aab: nextIndex: updateUnconditionally 0 -> 0
2019-09-16 19:12:52,214 [grpc-default-executor-0] INFO  impl.FollowerInfo (FollowerInfo.java:lambda$new$0(51)) - 930b1328-fc80-47b7-a4b1-f8330041d315@group-B5EFBA83B44C->4bce4e32-952c-4220-bcc9-22a10ce18ca8: nextIndex: updateUnconditionally 0 -> 0
2019-09-16 19:12:52,363 [ForkJoinPool.commonPool-worker-0] INFO  ozoneimpl.OzoneContainer (OzoneContainer.java:stop(231)) - Attempting to stop container services.
2019-09-16 19:12:52,363 [main] INFO  ozoneimpl.OzoneContainer (OzoneContainer.java:stop(231)) - Attempting to stop container services.
2019-09-16 19:12:52,363 [ForkJoinPool.commonPool-worker-0] INFO  impl.RaftServerProxy (RaftServerProxy.java:lambda$close$4(314)) - 30fc0d14-cbc7-4743-b48a-59ef39c48768: close
2019-09-16 19:12:52,364 [main] INFO  impl.RaftServerProxy (RaftServerProxy.java:lambda$close$4(314)) - 8deec2e2-b279-48f9-9858-2a3830dd2acf: close
2019-09-16 19:12:52,364 [ForkJoinPool.commonPool-worker-0] INFO  impl.RaftServerImpl (RaftServerImpl.java:lambda$shutdown$3(251)) - 30fc0d14-cbc7-4743-b48a-59ef39c48768@group-C8C33BDD9912: shutdown
2019-09-16 19:12:52,364 [main] INFO  impl.RaftServerImpl (RaftServerImpl.java:lambda$shutdown$3(251)) - 8deec2e2-b279-48f9-9858-2a3830dd2acf@group-D7585733696E: shutdown
2019-09-16 19:12:52,365 [ForkJoinPool.commonPool-worker-0] INFO  util.JmxRegister (JmxRegister.java:unregister(73)) - Successfully un-registered JMX Bean with object name Ratis:service=RaftServer,group=group-C8C33BDD9912,id=30fc0d14-cbc7-4743-b48a-59ef39c48768
2019-09-16 19:12:52,365 [main] INFO  util.JmxRegister (JmxRegister.java:unregister(73)) - Successfully un-registered JMX Bean with object name Ratis:service=RaftServer,group=group-D7585733696E,id=8deec2e2-b279-48f9-9858-2a3830dd2acf
2019-09-16 19:12:52,365 [ForkJoinPool.commonPool-worker-0] INFO  impl.RoleInfo (RoleInfo.java:shutdownFollowerState(121)) - 30fc0d14-cbc7-4743-b48a-59ef39c48768: shutdown FollowerState
2019-09-16 19:12:52,366 [main] INFO  impl.RoleInfo (RoleInfo.java:shutdownLeaderState(104)) - 8deec2e2-b279-48f9-9858-2a3830dd2acf: shutdown LeaderState
2019-09-16 19:12:52,366 [30fc0d14-cbc7-4743-b48a-59ef39c48768@group-C8C33BDD9912-StateMachineUpdater] INFO  ratis.ContainerStateMachine (ContainerStateMachine.java:takeSnapshot(289)) - group-C8C33BDD9912: Taking a snapshot at:(t:2, i:13) file /workdir/hadoop-ozone/integration-test/target/test-dir/MiniOzoneClusterImpl-3fc8568e-3664-4be6-9c60-644bdcd1012a/datanode-2/data/ratis/21907c1c-dbc7-4108-aded-c8c33bdd9912/sm/snapshot.2_13
2019-09-16 19:12:52,366 [Thread-408] INFO  impl.FollowerState (FollowerState.java:run(115)) - 30fc0d14-cbc7-4743-b48a-59ef39c48768: FollowerState was interrupted: java.lang.InterruptedException: sleep interrupted
2019-09-16 19:12:52,366 [ForkJoinPool.commonPool-worker-0] INFO  impl.StateMachineUpdater (StateMachineUpdater.java:stopAndJoin(125)) - 30fc0d14-cbc7-4743-b48a-59ef39c48768@group-C8C33BDD9912-StateMachineUpdater: set stopIndex = 15
2019-09-16 19:12:52,366 [main] INFO  impl.PendingRequests (PendingRequests.java:sendNotLeaderResponses(202)) - 8deec2e2-b279-48f9-9858-2a3830dd2acf-PendingRequests: sendNotLeaderResponses
2019-09-16 19:12:52,371 [main] INFO  impl.StateMachineUpdater (StateMachineUpdater.java:stopAndJoin(125)) - 8deec2e2-b279-48f9-9858-2a3830dd2acf@group-D7585733696E-StateMachineUpdater: set stopIndex = 0
2019-09-16 19:12:52,371 [main] INFO  impl.RaftServerImpl (ServerState.java:close(385)) - 8deec2e2-b279-48f9-9858-2a3830dd2acf@group-D7585733696E: closes. applyIndex: 0
2019-09-16 19:12:52,372 [8deec2e2-b279-48f9-9858-2a3830dd2acf@group-D7585733696E-SegmentedRaftLogWorker] INFO  segmented.SegmentedRaftLogWorker (SegmentedRaftLogWorker.java:run(313)) - 8deec2e2-b279-48f9-9858-2a3830dd2acf@group-D7585733696E-SegmentedRaftLogWorker was interrupted, exiting. There are 0 tasks remaining in the queue.
2019-09-16 19:12:52,375 [main] INFO  segmented.SegmentedRaftLogWorker (SegmentedRaftLogWorker.java:close(228)) - 8deec2e2-b279-48f9-9858-2a3830dd2acf@group-D7585733696E-SegmentedRaftLogWorker close()
2019-09-16 19:12:52,379 [main] INFO  server.GrpcService (GrpcService.java:closeImpl(164)) - 8deec2e2-b279-48f9-9858-2a3830dd2acf: shutdown server with port 42679 now
2019-09-16 19:12:52,383 [main] INFO  server.GrpcService (GrpcService.java:closeImpl(172)) - 8deec2e2-b279-48f9-9858-2a3830dd2acf: shutdown server with port 42679 successfully
2019-09-16 19:12:52,383 [30fc0d14-cbc7-4743-b48a-59ef39c48768@group-C8C33BDD9912-StateMachineUpdater] INFO  ratis.ContainerStateMachine (ContainerStateMachine.java:takeSnapshot(300)) - group-C8C33BDD9912: Finished taking a snapshot at:(t:2, i:13) file:/workdir/hadoop-ozone/integration-test/target/test-dir/MiniOzoneClusterImpl-3fc8568e-3664-4be6-9c60-644bdcd1012a/datanode-2/data/ratis/21907c1c-dbc7-4108-aded-c8c33bdd9912/sm/snapshot.2_13 time:17
2019-09-16 19:12:52,383 [30fc0d14-cbc7-4743-b48a-59ef39c48768@group-C8C33BDD9912-StateMachineUpdater] INFO  impl.StateMachineUpdater (StateMachineUpdater.java:takeSnapshot(258)) - 30fc0d14-cbc7-4743-b48a-59ef39c48768@group-C8C33BDD9912-StateMachineUpdater: Took a snapshot at index 13
2019-09-16 19:12:52,384 [30fc0d14-cbc7-4743-b48a-59ef39c48768@group-C8C33BDD9912-StateMachineUpdater] INFO  impl.StateMachineUpdater (StateMachineUpdater.java:lambda$new$0(83)) - 30fc0d14-cbc7-4743-b48a-59ef39c48768@group-C8C33BDD9912-StateMachineUpdater: snapshotIndex: updateIncreasingly -1 -> 13
2019-09-16 19:12:52,384 [30fc0d14-cbc7-4743-b48a-59ef39c48768@group-C8C33BDD9912-StateMachineUpdater] INFO  ratis.ContainerStateMachine (ContainerStateMachine.java:takeSnapshot(289)) - group-C8C33BDD9912: Taking a snapshot at:(t:2, i:13) file /workdir/hadoop-ozone/integration-test/target/test-dir/MiniOzoneClusterImpl-3fc8568e-3664-4be6-9c60-644bdcd1012a/datanode-2/data/ratis/21907c1c-dbc7-4108-aded-c8c33bdd9912/sm/snapshot.2_13
2019-09-16 19:12:52,394 [refreshUsed-/workdir/hadoop-ozone/integration-test/target/test-dir/MiniOzoneClusterImpl-3fc8568e-3664-4be6-9c60-644bdcd1012a/datanode-6/data/containers] WARN  fs.CachingGetSpaceUsed (CachingGetSpaceUsed.java:run(183)) - Thread Interrupted waiting to refresh disk information: sleep interrupted
2019-09-16 19:12:52,397 [30fc0d14-cbc7-4743-b48a-59ef39c48768@group-C8C33BDD9912-StateMachineUpdater] INFO  ratis.ContainerStateMachine (ContainerStateMachine.java:takeSnapshot(300)) - group-C8C33BDD9912: Finished taking a snapshot at:(t:2, i:13) file:/workdir/hadoop-ozone/integration-test/target/test-dir/MiniOzoneClusterImpl-3fc8568e-3664-4be6-9c60-644bdcd1012a/datanode-2/data/ratis/21907c1c-dbc7-4108-aded-c8c33bdd9912/sm/snapshot.2_13 time:12
2019-09-16 19:12:52,397 [30fc0d14-cbc7-4743-b48a-59ef39c48768@group-C8C33BDD9912-StateMachineUpdater] INFO  impl.StateMachineUpdater (StateMachineUpdater.java:takeSnapshot(258)) - 30fc0d14-cbc7-4743-b48a-59ef39c48768@group-C8C33BDD9912-StateMachineUpdater: Took a snapshot at index 13
2019-09-16 19:12:52,397 [30fc0d14-cbc7-4743-b48a-59ef39c48768@group-C8C33BDD9912-StateMachineUpdater] INFO  impl.StateMachineUpdater (StateMachineUpdater.java:lambda$new$0(83)) - 30fc0d14-cbc7-4743-b48a-59ef39c48768@group-C8C33BDD9912-StateMachineUpdater: snapshotIndex: updateIncreasingly 13 -> 13
2019-09-16 19:12:52,397 [ForkJoinPool.commonPool-worker-0] INFO  impl.RaftServerImpl (ServerState.java:close(385)) - 30fc0d14-cbc7-4743-b48a-59ef39c48768@group-C8C33BDD9912: closes. applyIndex: 15
2019-09-16 19:12:52,415 [30fc0d14-cbc7-4743-b48a-59ef39c48768@group-C8C33BDD9912-SegmentedRaftLogWorker] ERROR ratis.XceiverServerRatis (XceiverServerRatis.java:triggerPipelineClose(568)) - pipeline Action CLOSE  on pipeline PipelineID=21907c1c-dbc7-4108-aded-c8c33bdd9912.Reason : WriteLog:18: (t:2, i:18), STATEMACHINELOGENTRY, client-C26E20CEB926, cid=40-writeStateMachineData interrupted.
2019-09-16 19:12:52,420 [main] INFO  utils.BackgroundService (BackgroundService.java:shutdown(148)) - Shutting down service BlockDeletingService
2019-09-16 19:12:52,426 [main] INFO  statemachine.DatanodeStateMachine (DatanodeStateMachine.java:stopDaemon(395)) - Ozone container server stopped.
2019-09-16 19:12:52,428 [main] INFO  handler.ContextHandler (ContextHandler.java:doStop(910)) - Stopped o.e.j.w.WebAppContext@3e3315d9{/,null,UNAVAILABLE}{/hddsDatanode}
2019-09-16 19:12:52,428 [ForkJoinPool.commonPool-worker-0] INFO  segmented.SegmentedRaftLogWorker (SegmentedRaftLogWorker.java:close(228)) - 30fc0d14-cbc7-4743-b48a-59ef39c48768@group-C8C33BDD9912-SegmentedRaftLogWorker close()
2019-09-16 19:12:52,432 [ForkJoinPool.commonPool-worker-0] INFO  impl.RaftServerImpl (RaftServerImpl.java:lambda$shutdown$3(251)) - 30fc0d14-cbc7-4743-b48a-59ef39c48768@group-1803532E2C8E: shutdown
2019-09-16 19:12:52,432 [ForkJoinPool.commonPool-worker-0] INFO  util.JmxRegister (JmxRegister.java:unregister(73)) - Successfully un-registered JMX Bean with object name Ratis:service=RaftServer,group=group-1803532E2C8E,id=30fc0d14-cbc7-4743-b48a-59ef39c48768
2019-09-16 19:12:52,432 [ForkJoinPool.commonPool-worker-0] INFO  impl.RoleInfo (RoleInfo.java:shutdownLeaderState(104)) - 30fc0d14-cbc7-4743-b48a-59ef39c48768: shutdown LeaderState
2019-09-16 19:12:52,432 [ForkJoinPool.commonPool-worker-0] INFO  impl.PendingRequests (PendingRequests.java:sendNotLeaderResponses(202)) - 30fc0d14-cbc7-4743-b48a-59ef39c48768-PendingRequests: sendNotLeaderResponses
2019-09-16 19:12:52,433 [main] INFO  server.AbstractConnector (AbstractConnector.java:doStop(318)) - Stopped ServerConnector@64db4967{HTTP/1.1,[http/1.1]}{0.0.0.0:0}
2019-09-16 19:12:52,433 [ForkJoinPool.commonPool-worker-0] INFO  impl.StateMachineUpdater (StateMachineUpdater.java:stopAndJoin(125)) - 30fc0d14-cbc7-4743-b48a-59ef39c48768@group-1803532E2C8E-StateMachineUpdater: set stopIndex = 0
2019-09-16 19:12:52,433 [ForkJoinPool.commonPool-worker-0] INFO  impl.RaftServerImpl (ServerState.java:close(385)) - 30fc0d14-cbc7-4743-b48a-59ef39c48768@group-1803532E2C8E: closes. applyIndex: 0
2019-09-16 19:12:52,433 [main] INFO  handler.ContextHandler (ContextHandler.java:doStop(910)) - Stopped o.e.j.s.ServletContextHandler@7f5538a1{/static,jar:file:/home/user/.m2/repository/org/apache/hadoop/hadoop-hdds-container-service/0.5.0-SNAPSHOT/hadoop-hdds-container-service-0.5.0-SNAPSHOT.jar!/webapps/static,UNAVAILABLE}
2019-09-16 19:12:52,433 [30fc0d14-cbc7-4743-b48a-59ef39c48768@group-1803532E2C8E-SegmentedRaftLogWorker] INFO  segmented.SegmentedRaftLogWorker (SegmentedRaftLogWorker.java:run(313)) - 30fc0d14-cbc7-4743-b48a-59ef39c48768@group-1803532E2C8E-SegmentedRaftLogWorker was interrupted, exiting. There are 0 tasks remaining in the queue.
2019-09-16 19:12:52,435 [main] INFO  handler.ContextHandler (ContextHandler.java:doStop(910)) - Stopped o.e.j.s.ServletContextHandler@67514bdd{/logs,file:///workdir/hadoop-ozone/integration-test/target/log,UNAVAILABLE}
2019-09-16 19:12:52,435 [ForkJoinPool.commonPool-worker-0] INFO  segmented.SegmentedRaftLogWorker (SegmentedRaftLogWorker.java:close(228)) - 30fc0d14-cbc7-4743-b48a-59ef39c48768@group-1803532E2C8E-SegmentedRaftLogWorker close()
2019-09-16 19:12:52,439 [ForkJoinPool.commonPool-worker-0] INFO  server.GrpcService (GrpcService.java:closeImpl(164)) - 30fc0d14-cbc7-4743-b48a-59ef39c48768: shutdown server with port 45570 now
2019-09-16 19:12:52,440 [grpc-default-executor-6] WARN  server.GrpcServerProtocolService (LogUtils.java:warn(134)) - 30fc0d14-cbc7-4743-b48a-59ef39c48768: installSnapshot onError, lastRequest: 4eec4314-a089-48fe-8241-8a8066126e3f->30fc0d14-cbc7-4743-b48a-59ef39c48768#198-t2, previous=(t:2, i:19), leaderCommit=15, initializing? false, entries: <empty>: org.apache.ratis.thirdparty.io.grpc.StatusRuntimeException: CANCELLED: cancelled before receiving half close
2019-09-16 19:12:52,441 [ForkJoinPool.commonPool-worker-0] INFO  server.GrpcService (GrpcService.java:closeImpl(172)) - 30fc0d14-cbc7-4743-b48a-59ef39c48768: shutdown server with port 45570 successfully
2019-09-16 19:12:52,441 [grpc-default-executor-0] WARN  server.GrpcLogAppender (LogUtils.java:warn(134)) - 4eec4314-a089-48fe-8241-8a8066126e3f@group-C8C33BDD9912->30fc0d14-cbc7-4743-b48a-59ef39c48768-AppendLogResponseHandler: Failed appendEntries: org.apache.ratis.thirdparty.io.grpc.StatusRuntimeException: CANCELLED: HTTP/2 error code: CANCEL
Received Rst Stream
2019-09-16 19:12:52,442 [grpc-default-executor-0] INFO  impl.FollowerInfo (FollowerInfo.java:lambda$new$0(51)) - 4eec4314-a089-48fe-8241-8a8066126e3f@group-C8C33BDD9912->30fc0d14-cbc7-4743-b48a-59ef39c48768: nextIndex: updateUnconditionally 20 -> 16
2019-09-16 19:12:52,443 [refreshUsed-/workdir/hadoop-ozone/integration-test/target/test-dir/MiniOzoneClusterImpl-3fc8568e-3664-4be6-9c60-644bdcd1012a/datanode-2/data/containers] WARN  fs.CachingGetSpaceUsed (CachingGetSpaceUsed.java:run(183)) - Thread Interrupted waiting to refresh disk information: sleep interrupted
2019-09-16 19:12:52,447 [Datanode State Machine Thread - 0] INFO  statemachine.DatanodeStateMachine (DatanodeStateMachine.java:lambda$startDaemon$0(350)) - Ozone container server started.
2019-09-16 19:12:52,460 [ForkJoinPool.commonPool-worker-0] INFO  utils.BackgroundService (BackgroundService.java:shutdown(148)) - Shutting down service BlockDeletingService
2019-09-16 19:12:52,466 [ForkJoinPool.commonPool-worker-0] INFO  statemachine.DatanodeStateMachine (DatanodeStateMachine.java:stopDaemon(395)) - Ozone container server stopped.
2019-09-16 19:12:52,472 [ForkJoinPool.commonPool-worker-0] INFO  handler.ContextHandler (ContextHandler.java:doStop(910)) - Stopped o.e.j.w.WebAppContext@2f2bff16{/,null,UNAVAILABLE}{/hddsDatanode}
2019-09-16 19:12:52,472 [ForkJoinPool.commonPool-worker-0] INFO  server.AbstractConnector (AbstractConnector.java:doStop(318)) - Stopped ServerConnector@75de29c0{HTTP/1.1,[http/1.1]}{0.0.0.0:0}
2019-09-16 19:12:52,474 [ForkJoinPool.commonPool-worker-0] INFO  handler.ContextHandler (ContextHandler.java:doStop(910)) - Stopped o.e.j.s.ServletContextHandler@44536de4{/static,jar:file:/home/user/.m2/repository/org/apache/hadoop/hadoop-hdds-container-service/0.5.0-SNAPSHOT/hadoop-hdds-container-service-0.5.0-SNAPSHOT.jar!/webapps/static,UNAVAILABLE}
2019-09-16 19:12:52,476 [ForkJoinPool.commonPool-worker-0] INFO  handler.ContextHandler (ContextHandler.java:doStop(910)) - Stopped o.e.j.s.ServletContextHandler@54d8c20d{/logs,file:///workdir/hadoop-ozone/integration-test/target/log,UNAVAILABLE}
2019-09-16 19:12:52,504 [java.util.concurrent.ThreadPoolExecutor$Worker@4d174f1d[State = -1, empty queue]] WARN  server.GrpcLogAppender (GrpcLogAppender.java:timeoutAppendRequest(200)) - 4eec4314-a089-48fe-8241-8a8066126e3f@group-C8C33BDD9912->52078b41-1f38-4037-a826-db5ef9cf1b82-GrpcLogAppender: appendEntries Timeout, request=4eec4314-a089-48fe-8241-8a8066126e3f->52078b41-1f38-4037-a826-db5ef9cf1b82#193-t2, previous=(t:2, i:19), leaderCommit=15, initializing? false, entries: <empty>
2019-09-16 19:12:52,510 [grpc-default-executor-0] WARN  server.GrpcLogAppender (LogUtils.java:warn(134)) - 4eec4314-a089-48fe-8241-8a8066126e3f@group-C8C33BDD9912->30fc0d14-cbc7-4743-b48a-59ef39c48768-AppendLogResponseHandler: Failed appendEntries: org.apache.ratis.thirdparty.io.grpc.StatusRuntimeException: UNAVAILABLE: io exception
2019-09-16 19:12:52,510 [grpc-default-executor-0] INFO  impl.FollowerInfo (FollowerInfo.java:lambda$new$0(51)) - 4eec4314-a089-48fe-8241-8a8066126e3f@group-C8C33BDD9912->30fc0d14-cbc7-4743-b48a-59ef39c48768: nextIndex: updateUnconditionally 16 -> 15
2019-09-16 19:12:52,605 [java.util.concurrent.ThreadPoolExecutor$Worker@6dd36484[State = -1, empty queue]] WARN  server.GrpcLogAppender (GrpcLogAppender.java:timeoutAppendRequest(200)) - 938e50ce-7856-436b-8929-0e37f4d51388@group-550D69124986->6abcef3f-3f35-471a-9739-1d418d62cada-GrpcLogAppender: appendEntries Timeout, request=938e50ce-7856-436b-8929-0e37f4d51388->6abcef3f-3f35-471a-9739-1d418d62cada#192-t2, previous=(t:2, i:18), leaderCommit=14, initializing? false, entries: <empty>
2019-09-16 19:12:52,605 [java.util.concurrent.ThreadPoolExecutor$Worker@7e0b0602[State = -1, empty queue]] WARN  server.GrpcLogAppender (GrpcLogAppender.java:timeoutAppendRequest(200)) - 938e50ce-7856-436b-8929-0e37f4d51388@group-550D69124986->4773b317-5b37-4901-9e93-e460a24d1141-GrpcLogAppender: appendEntries Timeout, request=938e50ce-7856-436b-8929-0e37f4d51388->4773b317-5b37-4901-9e93-e460a24d1141#192-t2, previous=(t:2, i:18), leaderCommit=14, initializing? false, entries: <empty>
2019-09-16 19:12:52,714 [grpc-default-executor-0] WARN  server.GrpcLogAppender (LogUtils.java:warn(134)) - 930b1328-fc80-47b7-a4b1-f8330041d315@group-B5EFBA83B44C->e0619aa3-4ba4-49c8-ac60-3d80bbb74aab-AppendLogResponseHandler: Failed appendEntries: org.apache.ratis.thirdparty.io.grpc.StatusRuntimeException: UNAVAILABLE: io exception
2019-09-16 19:12:52,714 [grpc-default-executor-6] WARN  server.GrpcLogAppender (LogUtils.java:warn(134)) - 930b1328-fc80-47b7-a4b1-f8330041d315@group-B5EFBA83B44C->4bce4e32-952c-4220-bcc9-22a10ce18ca8-AppendLogResponseHandler: Failed appendEntries: org.apache.ratis.thirdparty.io.grpc.StatusRuntimeException: UNAVAILABLE: io exception
2019-09-16 19:12:52,714 [grpc-default-executor-0] INFO  impl.FollowerInfo (FollowerInfo.java:lambda$new$0(51)) - 930b1328-fc80-47b7-a4b1-f8330041d315@group-B5EFBA83B44C->e0619aa3-4ba4-49c8-ac60-3d80bbb74aab: nextIndex: updateUnconditionally 0 -> 0
2019-09-16 19:12:52,714 [grpc-default-executor-6] INFO  impl.FollowerInfo (FollowerInfo.java:lambda$new$0(51)) - 930b1328-fc80-47b7-a4b1-f8330041d315@group-B5EFBA83B44C->4bce4e32-952c-4220-bcc9-22a10ce18ca8: nextIndex: updateUnconditionally 0 -> 0
2019-09-16 19:12:53,005 [java.util.concurrent.ThreadPoolExecutor$Worker@4d174f1d[State = -1, empty queue]] WARN  server.GrpcLogAppender (GrpcLogAppender.java:timeoutAppendRequest(200)) - 4eec4314-a089-48fe-8241-8a8066126e3f@group-C8C33BDD9912->52078b41-1f38-4037-a826-db5ef9cf1b82-GrpcLogAppender: appendEntries Timeout, request=4eec4314-a089-48fe-8241-8a8066126e3f->52078b41-1f38-4037-a826-db5ef9cf1b82#194-t2, previous=(t:2, i:19), leaderCommit=15, initializing? false, entries: <empty>
2019-09-16 19:12:53,011 [grpc-default-executor-6] WARN  server.GrpcLogAppender (LogUtils.java:warn(134)) - 4eec4314-a089-48fe-8241-8a8066126e3f@group-C8C33BDD9912->30fc0d14-cbc7-4743-b48a-59ef39c48768-AppendLogResponseHandler: Failed appendEntries: org.apache.ratis.thirdparty.io.grpc.StatusRuntimeException: UNAVAILABLE: io exception
2019-09-16 19:12:53,011 [grpc-default-executor-6] INFO  impl.FollowerInfo (FollowerInfo.java:lambda$new$0(51)) - 4eec4314-a089-48fe-8241-8a8066126e3f@group-C8C33BDD9912->30fc0d14-cbc7-4743-b48a-59ef39c48768: nextIndex: updateUnconditionally 15 -> 14
2019-09-16 19:12:53,106 [java.util.concurrent.ThreadPoolExecutor$Worker@6dd36484[State = -1, empty queue]] WARN  server.GrpcLogAppender (GrpcLogAppender.java:timeoutAppendRequest(200)) - 938e50ce-7856-436b-8929-0e37f4d51388@group-550D69124986->6abcef3f-3f35-471a-9739-1d418d62cada-GrpcLogAppender: appendEntries Timeout, request=938e50ce-7856-436b-8929-0e37f4d51388->6abcef3f-3f35-471a-9739-1d418d62cada#193-t2, previous=(t:2, i:18), leaderCommit=14, initializing? false, entries: <empty>
2019-09-16 19:12:53,106 [java.util.concurrent.ThreadPoolExecutor$Worker@7e0b0602[State = -1, empty queue]] WARN  server.GrpcLogAppender (GrpcLogAppender.java:timeoutAppendRequest(200)) - 938e50ce-7856-436b-8929-0e37f4d51388@group-550D69124986->4773b317-5b37-4901-9e93-e460a24d1141-GrpcLogAppender: appendEntries Timeout, request=938e50ce-7856-436b-8929-0e37f4d51388->4773b317-5b37-4901-9e93-e460a24d1141#193-t2, previous=(t:2, i:18), leaderCommit=14, initializing? false, entries: <empty>
2019-09-16 19:12:53,160 [Datanode State Machine Thread - 0] INFO  statemachine.DatanodeStateMachine (DatanodeStateMachine.java:lambda$startDaemon$0(350)) - Ozone container server started.
2019-09-16 19:12:53,214 [grpc-default-executor-5] WARN  server.GrpcLogAppender (LogUtils.java:warn(134)) - 930b1328-fc80-47b7-a4b1-f8330041d315@group-B5EFBA83B44C->4bce4e32-952c-4220-bcc9-22a10ce18ca8-AppendLogResponseHandler: Failed appendEntries: org.apache.ratis.thirdparty.io.grpc.StatusRuntimeException: UNAVAILABLE: io exception
2019-09-16 19:12:53,215 [grpc-default-executor-0] WARN  server.GrpcLogAppender (LogUtils.java:warn(134)) - 930b1328-fc80-47b7-a4b1-f8330041d315@group-B5EFBA83B44C->e0619aa3-4ba4-49c8-ac60-3d80bbb74aab-AppendLogResponseHandler: Failed appendEntries: org.apache.ratis.thirdparty.io.grpc.StatusRuntimeException: UNAVAILABLE: io exception
2019-09-16 19:12:53,215 [grpc-default-executor-5] INFO  impl.FollowerInfo (FollowerInfo.java:lambda$new$0(51)) - 930b1328-fc80-47b7-a4b1-f8330041d315@group-B5EFBA83B44C->4bce4e32-952c-4220-bcc9-22a10ce18ca8: nextIndex: updateUnconditionally 0 -> 0
2019-09-16 19:12:53,215 [grpc-default-executor-0] INFO  impl.FollowerInfo (FollowerInfo.java:lambda$new$0(51)) - 930b1328-fc80-47b7-a4b1-f8330041d315@group-B5EFBA83B44C->e0619aa3-4ba4-49c8-ac60-3d80bbb74aab: nextIndex: updateUnconditionally 0 -> 0
2019-09-16 19:12:53,405 [52078b41-1f38-4037-a826-db5ef9cf1b82@group-C8C33BDD9912-SegmentedRaftLogWorker] WARN  segmented.SegmentedRaftLogWorker (SegmentedRaftLogWorker.java:getFromFuture(90)) - Timeout 8/~
org.apache.ratis.protocol.TimeoutIOException: Timeout 10s: WriteLog:18: (t:2, i:18), STATEMACHINELOGENTRY, client-C26E20CEB926, cid=40-writeStateMachineData
	at org.apache.ratis.util.IOUtils.getFromFuture(IOUtils.java:87)
	at org.apache.ratis.server.raftlog.segmented.SegmentedRaftLogWorker$StateMachineDataPolicy.getFromFuture(SegmentedRaftLogWorker.java:87)
	at org.apache.ratis.server.raftlog.segmented.SegmentedRaftLogWorker$WriteLog.execute(SegmentedRaftLogWorker.java:477)
	at org.apache.ratis.server.raftlog.segmented.SegmentedRaftLogWorker.run(SegmentedRaftLogWorker.java:289)
	at java.lang.Thread.run(Thread.java:748)
Caused by: java.util.concurrent.TimeoutException
	at java.util.concurrent.CompletableFuture.timedGet(CompletableFuture.java:1771)
	at java.util.concurrent.CompletableFuture.get(CompletableFuture.java:1915)
	at org.apache.ratis.util.IOUtils.getFromFuture(IOUtils.java:79)
	... 4 more
2019-09-16 19:12:53,419 [4eec4314-a089-48fe-8241-8a8066126e3f@group-C8C33BDD9912-SegmentedRaftLogWorker] WARN  segmented.SegmentedRaftLogWorker (SegmentedRaftLogWorker.java:getFromFuture(90)) - Timeout 8/~
org.apache.ratis.protocol.TimeoutIOException: Timeout 10s: WriteLog:18: (t:2, i:18), STATEMACHINELOGENTRY, client-C26E20CEB926, cid=40-writeStateMachineData
	at org.apache.ratis.util.IOUtils.getFromFuture(IOUtils.java:87)
	at org.apache.ratis.server.raftlog.segmented.SegmentedRaftLogWorker$StateMachineDataPolicy.getFromFuture(SegmentedRaftLogWorker.java:87)
	at org.apache.ratis.server.raftlog.segmented.SegmentedRaftLogWorker$WriteLog.execute(SegmentedRaftLogWorker.java:477)
	at org.apache.ratis.server.raftlog.segmented.SegmentedRaftLogWorker.run(SegmentedRaftLogWorker.java:289)
	at java.lang.Thread.run(Thread.java:748)
Caused by: java.util.concurrent.TimeoutException
	at java.util.concurrent.CompletableFuture.timedGet(CompletableFuture.java:1771)
	at java.util.concurrent.CompletableFuture.get(CompletableFuture.java:1915)
	at org.apache.ratis.util.IOUtils.getFromFuture(IOUtils.java:79)
	... 4 more
2019-09-16 19:12:53,506 [java.util.concurrent.ThreadPoolExecutor$Worker@4d174f1d[State = -1, empty queue]] WARN  server.GrpcLogAppender (GrpcLogAppender.java:timeoutAppendRequest(200)) - 4eec4314-a089-48fe-8241-8a8066126e3f@group-C8C33BDD9912->52078b41-1f38-4037-a826-db5ef9cf1b82-GrpcLogAppender: appendEntries Timeout, request=4eec4314-a089-48fe-8241-8a8066126e3f->52078b41-1f38-4037-a826-db5ef9cf1b82#195-t2, previous=(t:2, i:19), leaderCommit=15, initializing? false, entries: <empty>
2019-09-16 19:12:53,511 [grpc-default-executor-6] WARN  server.GrpcLogAppender (LogUtils.java:warn(134)) - 4eec4314-a089-48fe-8241-8a8066126e3f@group-C8C33BDD9912->30fc0d14-cbc7-4743-b48a-59ef39c48768-AppendLogResponseHandler: Failed appendEntries: org.apache.ratis.thirdparty.io.grpc.StatusRuntimeException: UNAVAILABLE: io exception
2019-09-16 19:12:53,511 [grpc-default-executor-6] INFO  impl.FollowerInfo (FollowerInfo.java:lambda$new$0(51)) - 4eec4314-a089-48fe-8241-8a8066126e3f@group-C8C33BDD9912->30fc0d14-cbc7-4743-b48a-59ef39c48768: nextIndex: updateUnconditionally 14 -> 13
2019-09-16 19:12:53,606 [java.util.concurrent.ThreadPoolExecutor$Worker@7e0b0602[State = -1, empty queue]] WARN  server.GrpcLogAppender (GrpcLogAppender.java:timeoutAppendRequest(200)) - 938e50ce-7856-436b-8929-0e37f4d51388@group-550D69124986->4773b317-5b37-4901-9e93-e460a24d1141-GrpcLogAppender: appendEntries Timeout, request=938e50ce-7856-436b-8929-0e37f4d51388->4773b317-5b37-4901-9e93-e460a24d1141#194-t2, previous=(t:2, i:18), leaderCommit=14, initializing? false, entries: <empty>
2019-09-16 19:12:53,606 [java.util.concurrent.ThreadPoolExecutor$Worker@6dd36484[State = -1, empty queue]] WARN  server.GrpcLogAppender (GrpcLogAppender.java:timeoutAppendRequest(200)) - 938e50ce-7856-436b-8929-0e37f4d51388@group-550D69124986->6abcef3f-3f35-471a-9739-1d418d62cada-GrpcLogAppender: appendEntries Timeout, request=938e50ce-7856-436b-8929-0e37f4d51388->6abcef3f-3f35-471a-9739-1d418d62cada#194-t2, previous=(t:2, i:18), leaderCommit=14, initializing? false, entries: <empty>
2019-09-16 19:12:53,715 [grpc-default-executor-2] WARN  server.GrpcLogAppender (LogUtils.java:warn(134)) - 930b1328-fc80-47b7-a4b1-f8330041d315@group-B5EFBA83B44C->4bce4e32-952c-4220-bcc9-22a10ce18ca8-AppendLogResponseHandler: Failed appendEntries: org.apache.ratis.thirdparty.io.grpc.StatusRuntimeException: UNAVAILABLE: io exception
2019-09-16 19:12:53,715 [grpc-default-executor-4] WARN  server.GrpcLogAppender (LogUtils.java:warn(134)) - 930b1328-fc80-47b7-a4b1-f8330041d315@group-B5EFBA83B44C->e0619aa3-4ba4-49c8-ac60-3d80bbb74aab-AppendLogResponseHandler: Failed appendEntries: org.apache.ratis.thirdparty.io.grpc.StatusRuntimeException: UNAVAILABLE: io exception
2019-09-16 19:12:53,716 [grpc-default-executor-2] INFO  impl.FollowerInfo (FollowerInfo.java:lambda$new$0(51)) - 930b1328-fc80-47b7-a4b1-f8330041d315@group-B5EFBA83B44C->4bce4e32-952c-4220-bcc9-22a10ce18ca8: nextIndex: updateUnconditionally 0 -> 0
2019-09-16 19:12:53,716 [grpc-default-executor-4] INFO  impl.FollowerInfo (FollowerInfo.java:lambda$new$0(51)) - 930b1328-fc80-47b7-a4b1-f8330041d315@group-B5EFBA83B44C->e0619aa3-4ba4-49c8-ac60-3d80bbb74aab: nextIndex: updateUnconditionally 0 -> 0
2019-09-16 19:12:54,007 [java.util.concurrent.ThreadPoolExecutor$Worker@4d174f1d[State = -1, empty queue]] WARN  server.GrpcLogAppender (GrpcLogAppender.java:timeoutAppendRequest(200)) - 4eec4314-a089-48fe-8241-8a8066126e3f@group-C8C33BDD9912->52078b41-1f38-4037-a826-db5ef9cf1b82-GrpcLogAppender: appendEntries Timeout, request=4eec4314-a089-48fe-8241-8a8066126e3f->52078b41-1f38-4037-a826-db5ef9cf1b82#196-t2, previous=(t:2, i:19), leaderCommit=15, initializing? false, entries: <empty>
2019-09-16 19:12:54,012 [grpc-default-executor-5] WARN  server.GrpcLogAppender (LogUtils.java:warn(134)) - 4eec4314-a089-48fe-8241-8a8066126e3f@group-C8C33BDD9912->30fc0d14-cbc7-4743-b48a-59ef39c48768-AppendLogResponseHandler: Failed appendEntries: org.apache.ratis.thirdparty.io.grpc.StatusRuntimeException: UNAVAILABLE: io exception
2019-09-16 19:12:54,012 [grpc-default-executor-5] INFO  impl.FollowerInfo (FollowerInfo.java:lambda$new$0(51)) - 4eec4314-a089-48fe-8241-8a8066126e3f@group-C8C33BDD9912->30fc0d14-cbc7-4743-b48a-59ef39c48768: nextIndex: updateUnconditionally 13 -> 12
2019-09-16 19:12:54,106 [java.util.concurrent.ThreadPoolExecutor$Worker@7e0b0602[State = -1, empty queue]] WARN  server.GrpcLogAppender (GrpcLogAppender.java:timeoutAppendRequest(200)) - 938e50ce-7856-436b-8929-0e37f4d51388@group-550D69124986->4773b317-5b37-4901-9e93-e460a24d1141-GrpcLogAppender: appendEntries Timeout, request=938e50ce-7856-436b-8929-0e37f4d51388->4773b317-5b37-4901-9e93-e460a24d1141#195-t2, previous=(t:2, i:18), leaderCommit=14, initializing? false, entries: <empty>
2019-09-16 19:12:54,106 [java.util.concurrent.ThreadPoolExecutor$Worker@6dd36484[State = -1, empty queue]] WARN  server.GrpcLogAppender (GrpcLogAppender.java:timeoutAppendRequest(200)) - 938e50ce-7856-436b-8929-0e37f4d51388@group-550D69124986->6abcef3f-3f35-471a-9739-1d418d62cada-GrpcLogAppender: appendEntries Timeout, request=938e50ce-7856-436b-8929-0e37f4d51388->6abcef3f-3f35-471a-9739-1d418d62cada#195-t2, previous=(t:2, i:18), leaderCommit=14, initializing? false, entries: <empty>
2019-09-16 19:12:54,216 [grpc-default-executor-6] WARN  server.GrpcLogAppender (LogUtils.java:warn(134)) - 930b1328-fc80-47b7-a4b1-f8330041d315@group-B5EFBA83B44C->4bce4e32-952c-4220-bcc9-22a10ce18ca8-AppendLogResponseHandler: Failed appendEntries: org.apache.ratis.thirdparty.io.grpc.StatusRuntimeException: UNAVAILABLE: io exception
2019-09-16 19:12:54,216 [grpc-default-executor-1] WARN  server.GrpcLogAppender (LogUtils.java:warn(134)) - 930b1328-fc80-47b7-a4b1-f8330041d315@group-B5EFBA83B44C->e0619aa3-4ba4-49c8-ac60-3d80bbb74aab-AppendLogResponseHandler: Failed appendEntries: org.apache.ratis.thirdparty.io.grpc.StatusRuntimeException: UNAVAILABLE: io exception
2019-09-16 19:12:54,216 [grpc-default-executor-6] INFO  impl.FollowerInfo (FollowerInfo.java:lambda$new$0(51)) - 930b1328-fc80-47b7-a4b1-f8330041d315@group-B5EFBA83B44C->4bce4e32-952c-4220-bcc9-22a10ce18ca8: nextIndex: updateUnconditionally 0 -> 0
2019-09-16 19:12:54,216 [grpc-default-executor-1] INFO  impl.FollowerInfo (FollowerInfo.java:lambda$new$0(51)) - 930b1328-fc80-47b7-a4b1-f8330041d315@group-B5EFBA83B44C->e0619aa3-4ba4-49c8-ac60-3d80bbb74aab: nextIndex: updateUnconditionally 0 -> 0
2019-09-16 19:12:54,507 [java.util.concurrent.ThreadPoolExecutor$Worker@4d174f1d[State = -1, empty queue]] WARN  server.GrpcLogAppender (GrpcLogAppender.java:timeoutAppendRequest(200)) - 4eec4314-a089-48fe-8241-8a8066126e3f@group-C8C33BDD9912->52078b41-1f38-4037-a826-db5ef9cf1b82-GrpcLogAppender: appendEntries Timeout, request=4eec4314-a089-48fe-8241-8a8066126e3f->52078b41-1f38-4037-a826-db5ef9cf1b82#197-t2, previous=(t:2, i:19), leaderCommit=15, initializing? false, entries: <empty>
2019-09-16 19:12:54,513 [grpc-default-executor-1] WARN  server.GrpcLogAppender (LogUtils.java:warn(134)) - 4eec4314-a089-48fe-8241-8a8066126e3f@group-C8C33BDD9912->30fc0d14-cbc7-4743-b48a-59ef39c48768-AppendLogResponseHandler: Failed appendEntries: org.apache.ratis.thirdparty.io.grpc.StatusRuntimeException: UNAVAILABLE: io exception
2019-09-16 19:12:54,513 [grpc-default-executor-1] INFO  impl.FollowerInfo (FollowerInfo.java:lambda$new$0(51)) - 4eec4314-a089-48fe-8241-8a8066126e3f@group-C8C33BDD9912->30fc0d14-cbc7-4743-b48a-59ef39c48768: nextIndex: updateUnconditionally 12 -> 11
2019-09-16 19:12:54,607 [java.util.concurrent.ThreadPoolExecutor$Worker@7e0b0602[State = -1, empty queue]] WARN  server.GrpcLogAppender (GrpcLogAppender.java:timeoutAppendRequest(200)) - 938e50ce-7856-436b-8929-0e37f4d51388@group-550D69124986->4773b317-5b37-4901-9e93-e460a24d1141-GrpcLogAppender: appendEntries Timeout, request=938e50ce-7856-436b-8929-0e37f4d51388->4773b317-5b37-4901-9e93-e460a24d1141#196-t2, previous=(t:2, i:18), leaderCommit=14, initializing? false, entries: <empty>
2019-09-16 19:12:54,607 [java.util.concurrent.ThreadPoolExecutor$Worker@6dd36484[State = -1, empty queue]] WARN  server.GrpcLogAppender (GrpcLogAppender.java:timeoutAppendRequest(200)) - 938e50ce-7856-436b-8929-0e37f4d51388@group-550D69124986->6abcef3f-3f35-471a-9739-1d418d62cada-GrpcLogAppender: appendEntries Timeout, request=938e50ce-7856-436b-8929-0e37f4d51388->6abcef3f-3f35-471a-9739-1d418d62cada#196-t2, previous=(t:2, i:18), leaderCommit=14, initializing? false, entries: <empty>
2019-09-16 19:12:54,719 [grpc-default-executor-1] WARN  server.GrpcLogAppender (LogUtils.java:warn(134)) - 930b1328-fc80-47b7-a4b1-f8330041d315@group-B5EFBA83B44C->4bce4e32-952c-4220-bcc9-22a10ce18ca8-AppendLogResponseHandler: Failed appendEntries: org.apache.ratis.thirdparty.io.grpc.StatusRuntimeException: UNAVAILABLE: io exception
2019-09-16 19:12:54,719 [grpc-default-executor-0] WARN  server.GrpcLogAppender (LogUtils.java:warn(134)) - 930b1328-fc80-47b7-a4b1-f8330041d315@group-B5EFBA83B44C->e0619aa3-4ba4-49c8-ac60-3d80bbb74aab-AppendLogResponseHandler: Failed appendEntries: org.apache.ratis.thirdparty.io.grpc.StatusRuntimeException: UNAVAILABLE: io exception
2019-09-16 19:12:54,719 [grpc-default-executor-1] INFO  impl.FollowerInfo (FollowerInfo.java:lambda$new$0(51)) - 930b1328-fc80-47b7-a4b1-f8330041d315@group-B5EFBA83B44C->4bce4e32-952c-4220-bcc9-22a10ce18ca8: nextIndex: updateUnconditionally 0 -> 0
2019-09-16 19:12:54,719 [grpc-default-executor-0] INFO  impl.FollowerInfo (FollowerInfo.java:lambda$new$0(51)) - 930b1328-fc80-47b7-a4b1-f8330041d315@group-B5EFBA83B44C->e0619aa3-4ba4-49c8-ac60-3d80bbb74aab: nextIndex: updateUnconditionally 0 -> 0
2019-09-16 19:12:55,008 [java.util.concurrent.ThreadPoolExecutor$Worker@4d174f1d[State = -1, empty queue]] WARN  server.GrpcLogAppender (GrpcLogAppender.java:timeoutAppendRequest(200)) - 4eec4314-a089-48fe-8241-8a8066126e3f@group-C8C33BDD9912->52078b41-1f38-4037-a826-db5ef9cf1b82-GrpcLogAppender: appendEntries Timeout, request=4eec4314-a089-48fe-8241-8a8066126e3f->52078b41-1f38-4037-a826-db5ef9cf1b82#198-t2, previous=(t:2, i:19), leaderCommit=15, initializing? false, entries: <empty>
2019-09-16 19:12:55,013 [grpc-default-executor-0] WARN  server.GrpcLogAppender (LogUtils.java:warn(134)) - 4eec4314-a089-48fe-8241-8a8066126e3f@group-C8C33BDD9912->30fc0d14-cbc7-4743-b48a-59ef39c48768-AppendLogResponseHandler: Failed appendEntries: org.apache.ratis.thirdparty.io.grpc.StatusRuntimeException: UNAVAILABLE: io exception
2019-09-16 19:12:55,014 [grpc-default-executor-0] INFO  impl.FollowerInfo (FollowerInfo.java:lambda$new$0(51)) - 4eec4314-a089-48fe-8241-8a8066126e3f@group-C8C33BDD9912->30fc0d14-cbc7-4743-b48a-59ef39c48768: nextIndex: updateUnconditionally 11 -> 10
2019-09-16 19:12:55,107 [java.util.concurrent.ThreadPoolExecutor$Worker@6dd36484[State = -1, empty queue]] WARN  server.GrpcLogAppender (GrpcLogAppender.java:timeoutAppendRequest(200)) - 938e50ce-7856-436b-8929-0e37f4d51388@group-550D69124986->6abcef3f-3f35-471a-9739-1d418d62cada-GrpcLogAppender: appendEntries Timeout, request=938e50ce-7856-436b-8929-0e37f4d51388->6abcef3f-3f35-471a-9739-1d418d62cada#197-t2, previous=(t:2, i:18), leaderCommit=14, initializing? false, entries: <empty>
2019-09-16 19:12:55,107 [java.util.concurrent.ThreadPoolExecutor$Worker@7e0b0602[State = -1, empty queue]] WARN  server.GrpcLogAppender (GrpcLogAppender.java:timeoutAppendRequest(200)) - 938e50ce-7856-436b-8929-0e37f4d51388@group-550D69124986->4773b317-5b37-4901-9e93-e460a24d1141-GrpcLogAppender: appendEntries Timeout, request=938e50ce-7856-436b-8929-0e37f4d51388->4773b317-5b37-4901-9e93-e460a24d1141#197-t2, previous=(t:2, i:18), leaderCommit=14, initializing? false, entries: <empty>
2019-09-16 19:12:55,218 [grpc-default-executor-0] WARN  server.GrpcLogAppender (LogUtils.java:warn(134)) - 930b1328-fc80-47b7-a4b1-f8330041d315@group-B5EFBA83B44C->e0619aa3-4ba4-49c8-ac60-3d80bbb74aab-AppendLogResponseHandler: Failed appendEntries: org.apache.ratis.thirdparty.io.grpc.StatusRuntimeException: UNAVAILABLE: io exception
2019-09-16 19:12:55,218 [grpc-default-executor-4] WARN  server.GrpcLogAppender (LogUtils.java:warn(134)) - 930b1328-fc80-47b7-a4b1-f8330041d315@group-B5EFBA83B44C->4bce4e32-952c-4220-bcc9-22a10ce18ca8-AppendLogResponseHandler: Failed appendEntries: org.apache.ratis.thirdparty.io.grpc.StatusRuntimeException: UNAVAILABLE: io exception
2019-09-16 19:12:55,218 [grpc-default-executor-0] INFO  impl.FollowerInfo (FollowerInfo.java:lambda$new$0(51)) - 930b1328-fc80-47b7-a4b1-f8330041d315@group-B5EFBA83B44C->e0619aa3-4ba4-49c8-ac60-3d80bbb74aab: nextIndex: updateUnconditionally 0 -> 0
2019-09-16 19:12:55,218 [grpc-default-executor-4] INFO  impl.FollowerInfo (FollowerInfo.java:lambda$new$0(51)) - 930b1328-fc80-47b7-a4b1-f8330041d315@group-B5EFBA83B44C->4bce4e32-952c-4220-bcc9-22a10ce18ca8: nextIndex: updateUnconditionally 0 -> 0
2019-09-16 19:12:55,508 [java.util.concurrent.ThreadPoolExecutor$Worker@4d174f1d[State = -1, empty queue]] WARN  server.GrpcLogAppender (GrpcLogAppender.java:timeoutAppendRequest(200)) - 4eec4314-a089-48fe-8241-8a8066126e3f@group-C8C33BDD9912->52078b41-1f38-4037-a826-db5ef9cf1b82-GrpcLogAppender: appendEntries Timeout, request=4eec4314-a089-48fe-8241-8a8066126e3f->52078b41-1f38-4037-a826-db5ef9cf1b82#199-t2, previous=(t:2, i:19), leaderCommit=15, initializing? false, entries: <empty>
2019-09-16 19:12:55,515 [grpc-default-executor-6] WARN  server.GrpcLogAppender (LogUtils.java:warn(134)) - 4eec4314-a089-48fe-8241-8a8066126e3f@group-C8C33BDD9912->30fc0d14-cbc7-4743-b48a-59ef39c48768-AppendLogResponseHandler: Failed appendEntries: org.apache.ratis.thirdparty.io.grpc.StatusRuntimeException: UNAVAILABLE: io exception
2019-09-16 19:12:55,515 [grpc-default-executor-6] INFO  impl.FollowerInfo (FollowerInfo.java:lambda$new$0(51)) - 4eec4314-a089-48fe-8241-8a8066126e3f@group-C8C33BDD9912->30fc0d14-cbc7-4743-b48a-59ef39c48768: nextIndex: updateUnconditionally 10 -> 9
2019-09-16 19:12:55,607 [java.util.concurrent.ThreadPoolExecutor$Worker@7e0b0602[State = -1, empty queue]] WARN  server.GrpcLogAppender (GrpcLogAppender.java:timeoutAppendRequest(200)) - 938e50ce-7856-436b-8929-0e37f4d51388@group-550D69124986->4773b317-5b37-4901-9e93-e460a24d1141-GrpcLogAppender: appendEntries Timeout, request=938e50ce-7856-436b-8929-0e37f4d51388->4773b317-5b37-4901-9e93-e460a24d1141#198-t2, previous=(t:2, i:18), leaderCommit=14, initializing? false, entries: <empty>
2019-09-16 19:12:55,607 [java.util.concurrent.ThreadPoolExecutor$Worker@6dd36484[State = -1, empty queue]] WARN  server.GrpcLogAppender (GrpcLogAppender.java:timeoutAppendRequest(200)) - 938e50ce-7856-436b-8929-0e37f4d51388@group-550D69124986->6abcef3f-3f35-471a-9739-1d418d62cada-GrpcLogAppender: appendEntries Timeout, request=938e50ce-7856-436b-8929-0e37f4d51388->6abcef3f-3f35-471a-9739-1d418d62cada#198-t2, previous=(t:2, i:18), leaderCommit=14, initializing? false, entries: <empty>
2019-09-16 19:12:55,721 [grpc-default-executor-6] WARN  server.GrpcLogAppender (LogUtils.java:warn(134)) - 930b1328-fc80-47b7-a4b1-f8330041d315@group-B5EFBA83B44C->e0619aa3-4ba4-49c8-ac60-3d80bbb74aab-AppendLogResponseHandler: Failed appendEntries: org.apache.ratis.thirdparty.io.grpc.StatusRuntimeException: UNAVAILABLE: io exception
2019-09-16 19:12:55,721 [grpc-default-executor-1] WARN  server.GrpcLogAppender (LogUtils.java:warn(134)) - 930b1328-fc80-47b7-a4b1-f8330041d315@group-B5EFBA83B44C->4bce4e32-952c-4220-bcc9-22a10ce18ca8-AppendLogResponseHandler: Failed appendEntries: org.apache.ratis.thirdparty.io.grpc.StatusRuntimeException: UNAVAILABLE: io exception
2019-09-16 19:12:55,721 [grpc-default-executor-6] INFO  impl.FollowerInfo (FollowerInfo.java:lambda$new$0(51)) - 930b1328-fc80-47b7-a4b1-f8330041d315@group-B5EFBA83B44C->e0619aa3-4ba4-49c8-ac60-3d80bbb74aab: nextIndex: updateUnconditionally 0 -> 0
2019-09-16 19:12:55,721 [grpc-default-executor-1] INFO  impl.FollowerInfo (FollowerInfo.java:lambda$new$0(51)) - 930b1328-fc80-47b7-a4b1-f8330041d315@group-B5EFBA83B44C->4bce4e32-952c-4220-bcc9-22a10ce18ca8: nextIndex: updateUnconditionally 0 -> 0
2019-09-16 19:12:56,008 [java.util.concurrent.ThreadPoolExecutor$Worker@4d174f1d[State = -1, empty queue]] WARN  server.GrpcLogAppender (GrpcLogAppender.java:timeoutAppendRequest(200)) - 4eec4314-a089-48fe-8241-8a8066126e3f@group-C8C33BDD9912->52078b41-1f38-4037-a826-db5ef9cf1b82-GrpcLogAppender: appendEntries Timeout, request=4eec4314-a089-48fe-8241-8a8066126e3f->52078b41-1f38-4037-a826-db5ef9cf1b82#200-t2, previous=(t:2, i:19), leaderCommit=15, initializing? false, entries: <empty>
2019-09-16 19:12:56,016 [grpc-default-executor-1] WARN  server.GrpcLogAppender (LogUtils.java:warn(134)) - 4eec4314-a089-48fe-8241-8a8066126e3f@group-C8C33BDD9912->30fc0d14-cbc7-4743-b48a-59ef39c48768-AppendLogResponseHandler: Failed appendEntries: org.apache.ratis.thirdparty.io.grpc.StatusRuntimeException: UNAVAILABLE: io exception
2019-09-16 19:12:56,017 [grpc-default-executor-1] INFO  impl.FollowerInfo (FollowerInfo.java:lambda$new$0(51)) - 4eec4314-a089-48fe-8241-8a8066126e3f@group-C8C33BDD9912->30fc0d14-cbc7-4743-b48a-59ef39c48768: nextIndex: updateUnconditionally 9 -> 8
2019-09-16 19:12:56,107 [java.util.concurrent.ThreadPoolExecutor$Worker@6dd36484[State = -1, empty queue]] WARN  server.GrpcLogAppender (GrpcLogAppender.java:timeoutAppendRequest(200)) - 938e50ce-7856-436b-8929-0e37f4d51388@group-550D69124986->6abcef3f-3f35-471a-9739-1d418d62cada-GrpcLogAppender: appendEntries Timeout, request=938e50ce-7856-436b-8929-0e37f4d51388->6abcef3f-3f35-471a-9739-1d418d62cada#199-t2, previous=(t:2, i:18), leaderCommit=14, initializing? false, entries: <empty>
2019-09-16 19:12:56,108 [java.util.concurrent.ThreadPoolExecutor$Worker@7e0b0602[State = -1, empty queue]] WARN  server.GrpcLogAppender (GrpcLogAppender.java:timeoutAppendRequest(200)) - 938e50ce-7856-436b-8929-0e37f4d51388@group-550D69124986->4773b317-5b37-4901-9e93-e460a24d1141-GrpcLogAppender: appendEntries Timeout, request=938e50ce-7856-436b-8929-0e37f4d51388->4773b317-5b37-4901-9e93-e460a24d1141#199-t2, previous=(t:2, i:18), leaderCommit=14, initializing? false, entries: <empty>
2019-09-16 19:12:56,221 [grpc-default-executor-5] WARN  server.GrpcLogAppender (LogUtils.java:warn(134)) - 930b1328-fc80-47b7-a4b1-f8330041d315@group-B5EFBA83B44C->e0619aa3-4ba4-49c8-ac60-3d80bbb74aab-AppendLogResponseHandler: Failed appendEntries: org.apache.ratis.thirdparty.io.grpc.StatusRuntimeException: UNAVAILABLE: io exception
2019-09-16 19:12:56,221 [grpc-default-executor-2] WARN  server.GrpcLogAppender (LogUtils.java:warn(134)) - 930b1328-fc80-47b7-a4b1-f8330041d315@group-B5EFBA83B44C->4bce4e32-952c-4220-bcc9-22a10ce18ca8-AppendLogResponseHandler: Failed appendEntries: org.apache.ratis.thirdparty.io.grpc.StatusRuntimeException: UNAVAILABLE: io exception
2019-09-16 19:12:56,221 [grpc-default-executor-5] INFO  impl.FollowerInfo (FollowerInfo.java:lambda$new$0(51)) - 930b1328-fc80-47b7-a4b1-f8330041d315@group-B5EFBA83B44C->e0619aa3-4ba4-49c8-ac60-3d80bbb74aab: nextIndex: updateUnconditionally 0 -> 0
2019-09-16 19:12:56,222 [grpc-default-executor-2] INFO  impl.FollowerInfo (FollowerInfo.java:lambda$new$0(51)) - 930b1328-fc80-47b7-a4b1-f8330041d315@group-B5EFBA83B44C->4bce4e32-952c-4220-bcc9-22a10ce18ca8: nextIndex: updateUnconditionally 0 -> 0
2019-09-16 19:12:56,509 [java.util.concurrent.ThreadPoolExecutor$Worker@4d174f1d[State = -1, empty queue]] WARN  server.GrpcLogAppender (GrpcLogAppender.java:timeoutAppendRequest(200)) - 4eec4314-a089-48fe-8241-8a8066126e3f@group-C8C33BDD9912->52078b41-1f38-4037-a826-db5ef9cf1b82-GrpcLogAppender: appendEntries Timeout, request=4eec4314-a089-48fe-8241-8a8066126e3f->52078b41-1f38-4037-a826-db5ef9cf1b82#201-t2, previous=(t:2, i:19), leaderCommit=15, initializing? false, entries: <empty>
2019-09-16 19:12:56,516 [grpc-default-executor-2] WARN  server.GrpcLogAppender (LogUtils.java:warn(134)) - 4eec4314-a089-48fe-8241-8a8066126e3f@group-C8C33BDD9912->30fc0d14-cbc7-4743-b48a-59ef39c48768-AppendLogResponseHandler: Failed appendEntries: org.apache.ratis.thirdparty.io.grpc.StatusRuntimeException: UNAVAILABLE: io exception
2019-09-16 19:12:56,517 [grpc-default-executor-2] INFO  impl.FollowerInfo (FollowerInfo.java:lambda$new$0(51)) - 4eec4314-a089-48fe-8241-8a8066126e3f@group-C8C33BDD9912->30fc0d14-cbc7-4743-b48a-59ef39c48768: nextIndex: updateUnconditionally 8 -> 7
2019-09-16 19:12:56,608 [java.util.concurrent.ThreadPoolExecutor$Worker@6dd36484[State = -1, empty queue]] WARN  server.GrpcLogAppender (GrpcLogAppender.java:timeoutAppendRequest(200)) - 938e50ce-7856-436b-8929-0e37f4d51388@group-550D69124986->6abcef3f-3f35-471a-9739-1d418d62cada-GrpcLogAppender: appendEntries Timeout, request=938e50ce-7856-436b-8929-0e37f4d51388->6abcef3f-3f35-471a-9739-1d418d62cada#200-t2, previous=(t:2, i:18), leaderCommit=14, initializing? false, entries: <empty>
2019-09-16 19:12:56,608 [java.util.concurrent.ThreadPoolExecutor$Worker@7e0b0602[State = -1, empty queue]] WARN  server.GrpcLogAppender (GrpcLogAppender.java:timeoutAppendRequest(200)) - 938e50ce-7856-436b-8929-0e37f4d51388@group-550D69124986->4773b317-5b37-4901-9e93-e460a24d1141-GrpcLogAppender: appendEntries Timeout, request=938e50ce-7856-436b-8929-0e37f4d51388->4773b317-5b37-4901-9e93-e460a24d1141#200-t2, previous=(t:2, i:18), leaderCommit=14, initializing? false, entries: <empty>
2019-09-16 19:12:56,721 [grpc-default-executor-1] WARN  server.GrpcLogAppender (LogUtils.java:warn(134)) - 930b1328-fc80-47b7-a4b1-f8330041d315@group-B5EFBA83B44C->4bce4e32-952c-4220-bcc9-22a10ce18ca8-AppendLogResponseHandler: Failed appendEntries: org.apache.ratis.thirdparty.io.grpc.StatusRuntimeException: UNAVAILABLE: io exception
2019-09-16 19:12:56,721 [grpc-default-executor-4] WARN  server.GrpcLogAppender (LogUtils.java:warn(134)) - 930b1328-fc80-47b7-a4b1-f8330041d315@group-B5EFBA83B44C->e0619aa3-4ba4-49c8-ac60-3d80bbb74aab-AppendLogResponseHandler: Failed appendEntries: org.apache.ratis.thirdparty.io.grpc.StatusRuntimeException: UNAVAILABLE: io exception
2019-09-16 19:12:56,722 [grpc-default-executor-1] INFO  impl.FollowerInfo (FollowerInfo.java:lambda$new$0(51)) - 930b1328-fc80-47b7-a4b1-f8330041d315@group-B5EFBA83B44C->4bce4e32-952c-4220-bcc9-22a10ce18ca8: nextIndex: updateUnconditionally 0 -> 0
2019-09-16 19:12:56,722 [grpc-default-executor-4] INFO  impl.FollowerInfo (FollowerInfo.java:lambda$new$0(51)) - 930b1328-fc80-47b7-a4b1-f8330041d315@group-B5EFBA83B44C->e0619aa3-4ba4-49c8-ac60-3d80bbb74aab: nextIndex: updateUnconditionally 0 -> 0
2019-09-16 19:12:57,009 [java.util.concurrent.ThreadPoolExecutor$Worker@4d174f1d[State = -1, empty queue]] WARN  server.GrpcLogAppender (GrpcLogAppender.java:timeoutAppendRequest(200)) - 4eec4314-a089-48fe-8241-8a8066126e3f@group-C8C33BDD9912->52078b41-1f38-4037-a826-db5ef9cf1b82-GrpcLogAppender: appendEntries Timeout, request=4eec4314-a089-48fe-8241-8a8066126e3f->52078b41-1f38-4037-a826-db5ef9cf1b82#202-t2, previous=(t:2, i:19), leaderCommit=15, initializing? false, entries: <empty>
2019-09-16 19:12:57,018 [grpc-default-executor-4] WARN  server.GrpcLogAppender (LogUtils.java:warn(134)) - 4eec4314-a089-48fe-8241-8a8066126e3f@group-C8C33BDD9912->30fc0d14-cbc7-4743-b48a-59ef39c48768-AppendLogResponseHandler: Failed appendEntries: org.apache.ratis.thirdparty.io.grpc.StatusRuntimeException: UNAVAILABLE: io exception
2019-09-16 19:12:57,019 [grpc-default-executor-4] INFO  impl.FollowerInfo (FollowerInfo.java:lambda$new$0(51)) - 4eec4314-a089-48fe-8241-8a8066126e3f@group-C8C33BDD9912->30fc0d14-cbc7-4743-b48a-59ef39c48768: nextIndex: updateUnconditionally 7 -> 6
2019-09-16 19:12:57,108 [java.util.concurrent.ThreadPoolExecutor$Worker@6dd36484[State = -1, empty queue]] WARN  server.GrpcLogAppender (GrpcLogAppender.java:timeoutAppendRequest(200)) - 938e50ce-7856-436b-8929-0e37f4d51388@group-550D69124986->6abcef3f-3f35-471a-9739-1d418d62cada-GrpcLogAppender: appendEntries Timeout, request=938e50ce-7856-436b-8929-0e37f4d51388->6abcef3f-3f35-471a-9739-1d418d62cada#201-t2, previous=(t:2, i:18), leaderCommit=14, initializing? false, entries: <empty>
2019-09-16 19:12:57,108 [java.util.concurrent.ThreadPoolExecutor$Worker@7e0b0602[State = -1, empty queue]] WARN  server.GrpcLogAppender (GrpcLogAppender.java:timeoutAppendRequest(200)) - 938e50ce-7856-436b-8929-0e37f4d51388@group-550D69124986->4773b317-5b37-4901-9e93-e460a24d1141-GrpcLogAppender: appendEntries Timeout, request=938e50ce-7856-436b-8929-0e37f4d51388->4773b317-5b37-4901-9e93-e460a24d1141#201-t2, previous=(t:2, i:18), leaderCommit=14, initializing? false, entries: <empty>
2019-09-16 19:12:57,223 [grpc-default-executor-5] WARN  server.GrpcLogAppender (LogUtils.java:warn(134)) - 930b1328-fc80-47b7-a4b1-f8330041d315@group-B5EFBA83B44C->4bce4e32-952c-4220-bcc9-22a10ce18ca8-AppendLogResponseHandler: Failed appendEntries: org.apache.ratis.thirdparty.io.grpc.StatusRuntimeException: UNAVAILABLE: io exception
2019-09-16 19:12:57,223 [grpc-default-executor-4] WARN  server.GrpcLogAppender (LogUtils.java:warn(134)) - 930b1328-fc80-47b7-a4b1-f8330041d315@group-B5EFBA83B44C->e0619aa3-4ba4-49c8-ac60-3d80bbb74aab-AppendLogResponseHandler: Failed appendEntries: org.apache.ratis.thirdparty.io.grpc.StatusRuntimeException: UNAVAILABLE: io exception
2019-09-16 19:12:57,223 [grpc-default-executor-5] INFO  impl.FollowerInfo (FollowerInfo.java:lambda$new$0(51)) - 930b1328-fc80-47b7-a4b1-f8330041d315@group-B5EFBA83B44C->4bce4e32-952c-4220-bcc9-22a10ce18ca8: nextIndex: updateUnconditionally 0 -> 0
2019-09-16 19:12:57,223 [grpc-default-executor-4] INFO  impl.FollowerInfo (FollowerInfo.java:lambda$new$0(51)) - 930b1328-fc80-47b7-a4b1-f8330041d315@group-B5EFBA83B44C->e0619aa3-4ba4-49c8-ac60-3d80bbb74aab: nextIndex: updateUnconditionally 0 -> 0
2019-09-16 19:12:57,441 [main] INFO  ozoneimpl.OzoneContainer (OzoneContainer.java:stop(231)) - Attempting to stop container services.
2019-09-16 19:12:57,442 [main] INFO  impl.RaftServerProxy (RaftServerProxy.java:lambda$close$4(314)) - 930b1328-fc80-47b7-a4b1-f8330041d315: close
2019-09-16 19:12:57,443 [main] INFO  impl.RaftServerImpl (RaftServerImpl.java:lambda$shutdown$3(251)) - 930b1328-fc80-47b7-a4b1-f8330041d315@group-DD56FD30F024: shutdown
2019-09-16 19:12:57,443 [main] INFO  util.JmxRegister (JmxRegister.java:unregister(73)) - Successfully un-registered JMX Bean with object name Ratis:service=RaftServer,group=group-DD56FD30F024,id=930b1328-fc80-47b7-a4b1-f8330041d315
2019-09-16 19:12:57,444 [main] INFO  impl.RoleInfo (RoleInfo.java:shutdownLeaderState(104)) - 930b1328-fc80-47b7-a4b1-f8330041d315: shutdown LeaderState
2019-09-16 19:12:57,444 [main] INFO  impl.PendingRequests (PendingRequests.java:sendNotLeaderResponses(202)) - 930b1328-fc80-47b7-a4b1-f8330041d315-PendingRequests: sendNotLeaderResponses
2019-09-16 19:12:57,445 [main] INFO  impl.StateMachineUpdater (StateMachineUpdater.java:stopAndJoin(125)) - 930b1328-fc80-47b7-a4b1-f8330041d315@group-DD56FD30F024-StateMachineUpdater: set stopIndex = 0
2019-09-16 19:12:57,446 [main] INFO  impl.RaftServerImpl (ServerState.java:close(385)) - 930b1328-fc80-47b7-a4b1-f8330041d315@group-DD56FD30F024: closes. applyIndex: 0
2019-09-16 19:12:57,447 [930b1328-fc80-47b7-a4b1-f8330041d315@group-DD56FD30F024-SegmentedRaftLogWorker] INFO  segmented.SegmentedRaftLogWorker (SegmentedRaftLogWorker.java:run(313)) - 930b1328-fc80-47b7-a4b1-f8330041d315@group-DD56FD30F024-SegmentedRaftLogWorker was interrupted, exiting. There are 0 tasks remaining in the queue.
2019-09-16 19:12:57,454 [main] INFO  segmented.SegmentedRaftLogWorker (SegmentedRaftLogWorker.java:close(228)) - 930b1328-fc80-47b7-a4b1-f8330041d315@group-DD56FD30F024-SegmentedRaftLogWorker close()
2019-09-16 19:12:57,459 [main] INFO  impl.RaftServerImpl (RaftServerImpl.java:lambda$shutdown$3(251)) - 930b1328-fc80-47b7-a4b1-f8330041d315@group-B5EFBA83B44C: shutdown
2019-09-16 19:12:57,459 [main] INFO  util.JmxRegister (JmxRegister.java:unregister(73)) - Successfully un-registered JMX Bean with object name Ratis:service=RaftServer,group=group-B5EFBA83B44C,id=930b1328-fc80-47b7-a4b1-f8330041d315
2019-09-16 19:12:57,460 [main] INFO  impl.RoleInfo (RoleInfo.java:shutdownLeaderState(104)) - 930b1328-fc80-47b7-a4b1-f8330041d315: shutdown LeaderState
2019-09-16 19:12:57,464 [main] INFO  impl.PendingRequests (PendingRequests.java:sendNotLeaderResponses(202)) - 930b1328-fc80-47b7-a4b1-f8330041d315-PendingRequests: sendNotLeaderResponses
2019-09-16 19:12:57,464 [org.apache.ratis.server.impl.LogAppender$AppenderDaemon$$Lambda$503/309922067@10aa56e0] WARN  server.GrpcLogAppender (GrpcLogAppender.java:mayWait(143)) - 930b1328-fc80-47b7-a4b1-f8330041d315@group-B5EFBA83B44C->4bce4e32-952c-4220-bcc9-22a10ce18ca8-GrpcLogAppender: Wait interrupted by java.lang.InterruptedException
2019-09-16 19:12:57,464 [org.apache.ratis.server.impl.LogAppender$AppenderDaemon$$Lambda$503/309922067@5dddc4e9] WARN  server.GrpcLogAppender (GrpcLogAppender.java:mayWait(143)) - 930b1328-fc80-47b7-a4b1-f8330041d315@group-B5EFBA83B44C->e0619aa3-4ba4-49c8-ac60-3d80bbb74aab-GrpcLogAppender: Wait interrupted by java.lang.InterruptedException
2019-09-16 19:12:57,465 [main] INFO  impl.StateMachineUpdater (StateMachineUpdater.java:stopAndJoin(125)) - 930b1328-fc80-47b7-a4b1-f8330041d315@group-B5EFBA83B44C-StateMachineUpdater: set stopIndex = 45
2019-09-16 19:12:57,465 [930b1328-fc80-47b7-a4b1-f8330041d315@group-B5EFBA83B44C-StateMachineUpdater] INFO  ratis.ContainerStateMachine (ContainerStateMachine.java:takeSnapshot(289)) - group-B5EFBA83B44C: Taking a snapshot at:(t:3, i:43) file /workdir/hadoop-ozone/integration-test/target/test-dir/MiniOzoneClusterImpl-3fc8568e-3664-4be6-9c60-644bdcd1012a/datanode-8/data/ratis/108ab3b2-2db4-495b-b8c8-b5efba83b44c/sm/snapshot.3_43
2019-09-16 19:12:57,477 [ForkJoinPool.commonPool-worker-0] INFO  ozoneimpl.OzoneContainer (OzoneContainer.java:stop(231)) - Attempting to stop container services.
2019-09-16 19:12:57,478 [ForkJoinPool.commonPool-worker-0] INFO  impl.RaftServerProxy (RaftServerProxy.java:lambda$close$4(314)) - 6abcef3f-3f35-471a-9739-1d418d62cada: close
2019-09-16 19:12:57,478 [ForkJoinPool.commonPool-worker-0] INFO  impl.RaftServerImpl (RaftServerImpl.java:lambda$shutdown$3(251)) - 6abcef3f-3f35-471a-9739-1d418d62cada@group-550D69124986: shutdown
2019-09-16 19:12:57,479 [ForkJoinPool.commonPool-worker-0] INFO  util.JmxRegister (JmxRegister.java:unregister(73)) - Successfully un-registered JMX Bean with object name Ratis:service=RaftServer,group=group-550D69124986,id=6abcef3f-3f35-471a-9739-1d418d62cada
2019-09-16 19:12:57,479 [930b1328-fc80-47b7-a4b1-f8330041d315@group-B5EFBA83B44C-StateMachineUpdater] INFO  ratis.ContainerStateMachine (ContainerStateMachine.java:takeSnapshot(300)) - group-B5EFBA83B44C: Finished taking a snapshot at:(t:3, i:43) file:/workdir/hadoop-ozone/integration-test/target/test-dir/MiniOzoneClusterImpl-3fc8568e-3664-4be6-9c60-644bdcd1012a/datanode-8/data/ratis/108ab3b2-2db4-495b-b8c8-b5efba83b44c/sm/snapshot.3_43 time:13
2019-09-16 19:12:57,479 [ForkJoinPool.commonPool-worker-0] INFO  impl.RoleInfo (RoleInfo.java:shutdownFollowerState(121)) - 6abcef3f-3f35-471a-9739-1d418d62cada: shutdown FollowerState
2019-09-16 19:12:57,479 [930b1328-fc80-47b7-a4b1-f8330041d315@group-B5EFBA83B44C-StateMachineUpdater] INFO  impl.StateMachineUpdater (StateMachineUpdater.java:takeSnapshot(258)) - 930b1328-fc80-47b7-a4b1-f8330041d315@group-B5EFBA83B44C-StateMachineUpdater: Took a snapshot at index 43
2019-09-16 19:12:57,479 [ForkJoinPool.commonPool-worker-0] INFO  impl.StateMachineUpdater (StateMachineUpdater.java:stopAndJoin(125)) - 6abcef3f-3f35-471a-9739-1d418d62cada@group-550D69124986-StateMachineUpdater: set stopIndex = 14
2019-09-16 19:12:57,479 [Thread-421] INFO  impl.FollowerState (FollowerState.java:run(115)) - 6abcef3f-3f35-471a-9739-1d418d62cada: FollowerState was interrupted: java.lang.InterruptedException: sleep interrupted
2019-09-16 19:12:57,479 [6abcef3f-3f35-471a-9739-1d418d62cada@group-550D69124986-StateMachineUpdater] INFO  ratis.ContainerStateMachine (ContainerStateMachine.java:takeSnapshot(289)) - group-550D69124986: Taking a snapshot at:(t:2, i:12) file /workdir/hadoop-ozone/integration-test/target/test-dir/MiniOzoneClusterImpl-3fc8568e-3664-4be6-9c60-644bdcd1012a/datanode-3/data/ratis/1838df1b-d707-47e0-ae27-550d69124986/sm/snapshot.2_12
2019-09-16 19:12:57,479 [930b1328-fc80-47b7-a4b1-f8330041d315@group-B5EFBA83B44C-StateMachineUpdater] INFO  impl.StateMachineUpdater (StateMachineUpdater.java:lambda$new$0(83)) - 930b1328-fc80-47b7-a4b1-f8330041d315@group-B5EFBA83B44C-StateMachineUpdater: snapshotIndex: updateIncreasingly -1 -> 43
2019-09-16 19:12:57,482 [930b1328-fc80-47b7-a4b1-f8330041d315@group-B5EFBA83B44C-StateMachineUpdater] INFO  ratis.ContainerStateMachine (ContainerStateMachine.java:takeSnapshot(289)) - group-B5EFBA83B44C: Taking a snapshot at:(t:3, i:43) file /workdir/hadoop-ozone/integration-test/target/test-dir/MiniOzoneClusterImpl-3fc8568e-3664-4be6-9c60-644bdcd1012a/datanode-8/data/ratis/108ab3b2-2db4-495b-b8c8-b5efba83b44c/sm/snapshot.3_43
2019-09-16 19:12:57,495 [930b1328-fc80-47b7-a4b1-f8330041d315@group-B5EFBA83B44C-StateMachineUpdater] INFO  ratis.ContainerStateMachine (ContainerStateMachine.java:takeSnapshot(300)) - group-B5EFBA83B44C: Finished taking a snapshot at:(t:3, i:43) file:/workdir/hadoop-ozone/integration-test/target/test-dir/MiniOzoneClusterImpl-3fc8568e-3664-4be6-9c60-644bdcd1012a/datanode-8/data/ratis/108ab3b2-2db4-495b-b8c8-b5efba83b44c/sm/snapshot.3_43 time:12
2019-09-16 19:12:57,495 [6abcef3f-3f35-471a-9739-1d418d62cada@group-550D69124986-StateMachineUpdater] INFO  ratis.ContainerStateMachine (ContainerStateMachine.java:takeSnapshot(300)) - group-550D69124986: Finished taking a snapshot at:(t:2, i:12) file:/workdir/hadoop-ozone/integration-test/target/test-dir/MiniOzoneClusterImpl-3fc8568e-3664-4be6-9c60-644bdcd1012a/datanode-3/data/ratis/1838df1b-d707-47e0-ae27-550d69124986/sm/snapshot.2_12 time:15
2019-09-16 19:12:57,495 [930b1328-fc80-47b7-a4b1-f8330041d315@group-B5EFBA83B44C-StateMachineUpdater] INFO  impl.StateMachineUpdater (StateMachineUpdater.java:takeSnapshot(258)) - 930b1328-fc80-47b7-a4b1-f8330041d315@group-B5EFBA83B44C-StateMachineUpdater: Took a snapshot at index 43
2019-09-16 19:12:57,495 [6abcef3f-3f35-471a-9739-1d418d62cada@group-550D69124986-StateMachineUpdater] INFO  impl.StateMachineUpdater (StateMachineUpdater.java:takeSnapshot(258)) - 6abcef3f-3f35-471a-9739-1d418d62cada@group-550D69124986-StateMachineUpdater: Took a snapshot at index 12
2019-09-16 19:12:57,495 [930b1328-fc80-47b7-a4b1-f8330041d315@group-B5EFBA83B44C-StateMachineUpdater] INFO  impl.StateMachineUpdater (StateMachineUpdater.java:lambda$new$0(83)) - 930b1328-fc80-47b7-a4b1-f8330041d315@group-B5EFBA83B44C-StateMachineUpdater: snapshotIndex: updateIncreasingly 43 -> 43
2019-09-16 19:12:57,495 [6abcef3f-3f35-471a-9739-1d418d62cada@group-550D69124986-StateMachineUpdater] INFO  impl.StateMachineUpdater (StateMachineUpdater.java:lambda$new$0(83)) - 6abcef3f-3f35-471a-9739-1d418d62cada@group-550D69124986-StateMachineUpdater: snapshotIndex: updateIncreasingly -1 -> 12
2019-09-16 19:12:57,496 [6abcef3f-3f35-471a-9739-1d418d62cada@group-550D69124986-StateMachineUpdater] INFO  ratis.ContainerStateMachine (ContainerStateMachine.java:takeSnapshot(289)) - group-550D69124986: Taking a snapshot at:(t:2, i:12) file /workdir/hadoop-ozone/integration-test/target/test-dir/MiniOzoneClusterImpl-3fc8568e-3664-4be6-9c60-644bdcd1012a/datanode-3/data/ratis/1838df1b-d707-47e0-ae27-550d69124986/sm/snapshot.2_12
2019-09-16 19:12:57,496 [main] INFO  impl.RaftServerImpl (ServerState.java:close(385)) - 930b1328-fc80-47b7-a4b1-f8330041d315@group-B5EFBA83B44C: closes. applyIndex: 45
2019-09-16 19:12:57,497 [930b1328-fc80-47b7-a4b1-f8330041d315@group-B5EFBA83B44C-SegmentedRaftLogWorker] INFO  segmented.SegmentedRaftLogWorker (SegmentedRaftLogWorker.java:run(313)) - 930b1328-fc80-47b7-a4b1-f8330041d315@group-B5EFBA83B44C-SegmentedRaftLogWorker was interrupted, exiting. There are 0 tasks remaining in the queue.
2019-09-16 19:12:57,499 [main] INFO  segmented.SegmentedRaftLogWorker (SegmentedRaftLogWorker.java:close(228)) - 930b1328-fc80-47b7-a4b1-f8330041d315@group-B5EFBA83B44C-SegmentedRaftLogWorker close()
2019-09-16 19:12:57,503 [main] INFO  server.GrpcService (GrpcService.java:closeImpl(164)) - 930b1328-fc80-47b7-a4b1-f8330041d315: shutdown server with port 46332 now
2019-09-16 19:12:57,505 [main] INFO  server.GrpcService (GrpcService.java:closeImpl(172)) - 930b1328-fc80-47b7-a4b1-f8330041d315: shutdown server with port 46332 successfully
2019-09-16 19:12:57,509 [6abcef3f-3f35-471a-9739-1d418d62cada@group-550D69124986-StateMachineUpdater] INFO  ratis.ContainerStateMachine (ContainerStateMachine.java:takeSnapshot(300)) - group-550D69124986: Finished taking a snapshot at:(t:2, i:12) file:/workdir/hadoop-ozone/integration-test/target/test-dir/MiniOzoneClusterImpl-3fc8568e-3664-4be6-9c60-644bdcd1012a/datanode-3/data/ratis/1838df1b-d707-47e0-ae27-550d69124986/sm/snapshot.2_12 time:13
2019-09-16 19:12:57,509 [6abcef3f-3f35-471a-9739-1d418d62cada@group-550D69124986-StateMachineUpdater] INFO  impl.StateMachineUpdater (StateMachineUpdater.java:takeSnapshot(258)) - 6abcef3f-3f35-471a-9739-1d418d62cada@group-550D69124986-StateMachineUpdater: Took a snapshot at index 12
2019-09-16 19:12:57,509 [6abcef3f-3f35-471a-9739-1d418d62cada@group-550D69124986-StateMachineUpdater] INFO  impl.StateMachineUpdater (StateMachineUpdater.java:lambda$new$0(83)) - 6abcef3f-3f35-471a-9739-1d418d62cada@group-550D69124986-StateMachineUpdater: snapshotIndex: updateIncreasingly 12 -> 12
2019-09-16 19:12:57,509 [grpc-default-executor-5] WARN  client.GrpcClientProtocolService (LogUtils.java:warn(134)) - 3-UnorderedRequestStreamObserver3: onError: org.apache.ratis.thirdparty.io.grpc.StatusRuntimeException: CANCELLED: cancelled before receiving half close
2019-09-16 19:12:57,509 [ForkJoinPool.commonPool-worker-0] INFO  impl.RaftServerImpl (ServerState.java:close(385)) - 6abcef3f-3f35-471a-9739-1d418d62cada@group-550D69124986: closes. applyIndex: 14
2019-09-16 19:12:57,509 [java.util.concurrent.ThreadPoolExecutor$Worker@4d174f1d[State = -1, empty queue]] WARN  server.GrpcLogAppender (GrpcLogAppender.java:timeoutAppendRequest(200)) - 4eec4314-a089-48fe-8241-8a8066126e3f@group-C8C33BDD9912->52078b41-1f38-4037-a826-db5ef9cf1b82-GrpcLogAppender: appendEntries Timeout, request=4eec4314-a089-48fe-8241-8a8066126e3f->52078b41-1f38-4037-a826-db5ef9cf1b82#203-t2, previous=(t:2, i:19), leaderCommit=15, initializing? false, entries: <empty>
2019-09-16 19:12:57,509 [refreshUsed-/workdir/hadoop-ozone/integration-test/target/test-dir/MiniOzoneClusterImpl-3fc8568e-3664-4be6-9c60-644bdcd1012a/datanode-8/data/containers] WARN  fs.CachingGetSpaceUsed (CachingGetSpaceUsed.java:run(183)) - Thread Interrupted waiting to refresh disk information: sleep interrupted
2019-09-16 19:12:57,516 [6abcef3f-3f35-471a-9739-1d418d62cada@group-550D69124986-SegmentedRaftLogWorker] ERROR ratis.XceiverServerRatis (XceiverServerRatis.java:triggerPipelineClose(568)) - pipeline Action CLOSE  on pipeline PipelineID=1838df1b-d707-47e0-ae27-550d69124986.Reason : WriteLog:17: (t:2, i:17), STATEMACHINELOGENTRY, client-8794A58021D7, cid=76-writeStateMachineData interrupted.
2019-09-16 19:12:57,519 [grpc-default-executor-2] WARN  server.GrpcLogAppender (LogUtils.java:warn(134)) - 4eec4314-a089-48fe-8241-8a8066126e3f@group-C8C33BDD9912->30fc0d14-cbc7-4743-b48a-59ef39c48768-AppendLogResponseHandler: Failed appendEntries: org.apache.ratis.thirdparty.io.grpc.StatusRuntimeException: UNAVAILABLE: io exception
2019-09-16 19:12:57,520 [grpc-default-executor-2] INFO  impl.FollowerInfo (FollowerInfo.java:lambda$new$0(51)) - 4eec4314-a089-48fe-8241-8a8066126e3f@group-C8C33BDD9912->30fc0d14-cbc7-4743-b48a-59ef39c48768: nextIndex: updateUnconditionally 6 -> 5
2019-09-16 19:12:57,529 [ForkJoinPool.commonPool-worker-0] INFO  segmented.SegmentedRaftLogWorker (SegmentedRaftLogWorker.java:close(228)) - 6abcef3f-3f35-471a-9739-1d418d62cada@group-550D69124986-SegmentedRaftLogWorker close()
2019-09-16 19:12:57,540 [ForkJoinPool.commonPool-worker-0] INFO  impl.RaftServerImpl (RaftServerImpl.java:lambda$shutdown$3(251)) - 6abcef3f-3f35-471a-9739-1d418d62cada@group-4A05589CE1B3: shutdown
2019-09-16 19:12:57,540 [ForkJoinPool.commonPool-worker-0] INFO  util.JmxRegister (JmxRegister.java:unregister(73)) - Successfully un-registered JMX Bean with object name Ratis:service=RaftServer,group=group-4A05589CE1B3,id=6abcef3f-3f35-471a-9739-1d418d62cada
2019-09-16 19:12:57,540 [ForkJoinPool.commonPool-worker-0] INFO  impl.RoleInfo (RoleInfo.java:shutdownLeaderState(104)) - 6abcef3f-3f35-471a-9739-1d418d62cada: shutdown LeaderState
2019-09-16 19:12:57,540 [ForkJoinPool.commonPool-worker-0] INFO  impl.PendingRequests (PendingRequests.java:sendNotLeaderResponses(202)) - 6abcef3f-3f35-471a-9739-1d418d62cada-PendingRequests: sendNotLeaderResponses
2019-09-16 19:12:57,541 [ForkJoinPool.commonPool-worker-0] INFO  impl.StateMachineUpdater (StateMachineUpdater.java:stopAndJoin(125)) - 6abcef3f-3f35-471a-9739-1d418d62cada@group-4A05589CE1B3-StateMachineUpdater: set stopIndex = 0
2019-09-16 19:12:57,541 [ForkJoinPool.commonPool-worker-0] INFO  impl.RaftServerImpl (ServerState.java:close(385)) - 6abcef3f-3f35-471a-9739-1d418d62cada@group-4A05589CE1B3: closes. applyIndex: 0
2019-09-16 19:12:57,541 [6abcef3f-3f35-471a-9739-1d418d62cada@group-4A05589CE1B3-SegmentedRaftLogWorker] INFO  segmented.SegmentedRaftLogWorker (SegmentedRaftLogWorker.java:run(313)) - 6abcef3f-3f35-471a-9739-1d418d62cada@group-4A05589CE1B3-SegmentedRaftLogWorker was interrupted, exiting. There are 0 tasks remaining in the queue.
2019-09-16 19:12:57,542 [ForkJoinPool.commonPool-worker-0] INFO  segmented.SegmentedRaftLogWorker (SegmentedRaftLogWorker.java:close(228)) - 6abcef3f-3f35-471a-9739-1d418d62cada@group-4A05589CE1B3-SegmentedRaftLogWorker close()
2019-09-16 19:12:57,543 [ForkJoinPool.commonPool-worker-0] INFO  server.GrpcService (GrpcService.java:closeImpl(164)) - 6abcef3f-3f35-471a-9739-1d418d62cada: shutdown server with port 34284 now
2019-09-16 19:12:57,544 [grpc-default-executor-4] WARN  server.GrpcServerProtocolService (LogUtils.java:warn(134)) - 6abcef3f-3f35-471a-9739-1d418d62cada: installSnapshot onError, lastRequest: 938e50ce-7856-436b-8929-0e37f4d51388->6abcef3f-3f35-471a-9739-1d418d62cada#207-t2, previous=(t:2, i:18), leaderCommit=14, initializing? false, entries: <empty>: org.apache.ratis.thirdparty.io.grpc.StatusRuntimeException: CANCELLED: cancelled before receiving half close
2019-09-16 19:12:57,544 [ForkJoinPool.commonPool-worker-0] INFO  server.GrpcService (GrpcService.java:closeImpl(172)) - 6abcef3f-3f35-471a-9739-1d418d62cada: shutdown server with port 34284 successfully
2019-09-16 19:12:57,547 [grpc-default-executor-5] WARN  server.GrpcLogAppender (LogUtils.java:warn(134)) - 938e50ce-7856-436b-8929-0e37f4d51388@group-550D69124986->6abcef3f-3f35-471a-9739-1d418d62cada-AppendLogResponseHandler: Failed appendEntries: org.apache.ratis.thirdparty.io.grpc.StatusRuntimeException: CANCELLED: HTTP/2 error code: CANCEL
Received Rst Stream
2019-09-16 19:12:57,548 [grpc-default-executor-5] INFO  impl.FollowerInfo (FollowerInfo.java:lambda$new$0(51)) - 938e50ce-7856-436b-8929-0e37f4d51388@group-550D69124986->6abcef3f-3f35-471a-9739-1d418d62cada: nextIndex: updateUnconditionally 19 -> 15
2019-09-16 19:12:57,550 [refreshUsed-/workdir/hadoop-ozone/integration-test/target/test-dir/MiniOzoneClusterImpl-3fc8568e-3664-4be6-9c60-644bdcd1012a/datanode-3/data/containers] WARN  fs.CachingGetSpaceUsed (CachingGetSpaceUsed.java:run(183)) - Thread Interrupted waiting to refresh disk information: sleep interrupted
2019-09-16 19:12:57,553 [main] INFO  utils.BackgroundService (BackgroundService.java:shutdown(148)) - Shutting down service BlockDeletingService
2019-09-16 19:12:57,559 [main] INFO  statemachine.DatanodeStateMachine (DatanodeStateMachine.java:stopDaemon(395)) - Ozone container server stopped.
2019-09-16 19:12:57,560 [main] INFO  handler.ContextHandler (ContextHandler.java:doStop(910)) - Stopped o.e.j.w.WebAppContext@33063f5b{/,null,UNAVAILABLE}{/hddsDatanode}
2019-09-16 19:12:57,561 [main] INFO  server.AbstractConnector (AbstractConnector.java:doStop(318)) - Stopped ServerConnector@15405bd6{HTTP/1.1,[http/1.1]}{0.0.0.0:0}
2019-09-16 19:12:57,562 [main] INFO  handler.ContextHandler (ContextHandler.java:doStop(910)) - Stopped o.e.j.s.ServletContextHandler@47be0f9b{/static,jar:file:/home/user/.m2/repository/org/apache/hadoop/hadoop-hdds-container-service/0.5.0-SNAPSHOT/hadoop-hdds-container-service-0.5.0-SNAPSHOT.jar!/webapps/static,UNAVAILABLE}
2019-09-16 19:12:57,562 [main] INFO  handler.ContextHandler (ContextHandler.java:doStop(910)) - Stopped o.e.j.s.ServletContextHandler@30ca0779{/logs,file:///workdir/hadoop-ozone/integration-test/target/log,UNAVAILABLE}
2019-09-16 19:12:57,571 [ForkJoinPool.commonPool-worker-0] INFO  utils.BackgroundService (BackgroundService.java:shutdown(148)) - Shutting down service BlockDeletingService
2019-09-16 19:12:57,576 [ForkJoinPool.commonPool-worker-0] INFO  statemachine.DatanodeStateMachine (DatanodeStateMachine.java:stopDaemon(395)) - Ozone container server stopped.
2019-09-16 19:12:57,581 [ForkJoinPool.commonPool-worker-0] INFO  handler.ContextHandler (ContextHandler.java:doStop(910)) - Stopped o.e.j.w.WebAppContext@1fb2d5e{/,null,UNAVAILABLE}{/hddsDatanode}
2019-09-16 19:12:57,582 [ForkJoinPool.commonPool-worker-0] INFO  server.AbstractConnector (AbstractConnector.java:doStop(318)) - Stopped ServerConnector@1716e8c5{HTTP/1.1,[http/1.1]}{0.0.0.0:0}
2019-09-16 19:12:57,584 [ForkJoinPool.commonPool-worker-0] INFO  handler.ContextHandler (ContextHandler.java:doStop(910)) - Stopped o.e.j.s.ServletContextHandler@36480b2d{/static,jar:file:/home/user/.m2/repository/org/apache/hadoop/hadoop-hdds-container-service/0.5.0-SNAPSHOT/hadoop-hdds-container-service-0.5.0-SNAPSHOT.jar!/webapps/static,UNAVAILABLE}
2019-09-16 19:12:57,585 [ForkJoinPool.commonPool-worker-0] INFO  handler.ContextHandler (ContextHandler.java:doStop(910)) - Stopped o.e.j.s.ServletContextHandler@517a2b0{/logs,file:///workdir/hadoop-ozone/integration-test/target/log,UNAVAILABLE}
2019-09-16 19:12:57,609 [java.util.concurrent.ThreadPoolExecutor$Worker@7e0b0602[State = -1, empty queue]] WARN  server.GrpcLogAppender (GrpcLogAppender.java:timeoutAppendRequest(200)) - 938e50ce-7856-436b-8929-0e37f4d51388@group-550D69124986->4773b317-5b37-4901-9e93-e460a24d1141-GrpcLogAppender: appendEntries Timeout, request=938e50ce-7856-436b-8929-0e37f4d51388->4773b317-5b37-4901-9e93-e460a24d1141#202-t2, previous=(t:2, i:18), leaderCommit=14, initializing? false, entries: <empty>
2019-09-16 19:12:57,612 [grpc-default-executor-2] WARN  server.GrpcLogAppender (LogUtils.java:warn(134)) - 938e50ce-7856-436b-8929-0e37f4d51388@group-550D69124986->6abcef3f-3f35-471a-9739-1d418d62cada-AppendLogResponseHandler: Failed appendEntries: org.apache.ratis.thirdparty.io.grpc.StatusRuntimeException: UNAVAILABLE: io exception
2019-09-16 19:12:57,613 [grpc-default-executor-2] INFO  impl.FollowerInfo (FollowerInfo.java:lambda$new$0(51)) - 938e50ce-7856-436b-8929-0e37f4d51388@group-550D69124986->6abcef3f-3f35-471a-9739-1d418d62cada: nextIndex: updateUnconditionally 15 -> 14
2019-09-16 19:12:58,010 [java.util.concurrent.ThreadPoolExecutor$Worker@4d174f1d[State = -1, empty queue]] WARN  server.GrpcLogAppender (GrpcLogAppender.java:timeoutAppendRequest(200)) - 4eec4314-a089-48fe-8241-8a8066126e3f@group-C8C33BDD9912->52078b41-1f38-4037-a826-db5ef9cf1b82-GrpcLogAppender: appendEntries Timeout, request=4eec4314-a089-48fe-8241-8a8066126e3f->52078b41-1f38-4037-a826-db5ef9cf1b82#204-t2, previous=(t:2, i:19), leaderCommit=15, initializing? false, entries: <empty>
2019-09-16 19:12:58,019 [grpc-default-executor-2] WARN  server.GrpcLogAppender (LogUtils.java:warn(134)) - 4eec4314-a089-48fe-8241-8a8066126e3f@group-C8C33BDD9912->30fc0d14-cbc7-4743-b48a-59ef39c48768-AppendLogResponseHandler: Failed appendEntries: org.apache.ratis.thirdparty.io.grpc.StatusRuntimeException: UNAVAILABLE: io exception
2019-09-16 19:12:58,019 [grpc-default-executor-2] INFO  impl.FollowerInfo (FollowerInfo.java:lambda$new$0(51)) - 4eec4314-a089-48fe-8241-8a8066126e3f@group-C8C33BDD9912->30fc0d14-cbc7-4743-b48a-59ef39c48768: nextIndex: updateUnconditionally 5 -> 4
2019-09-16 19:12:58,109 [java.util.concurrent.ThreadPoolExecutor$Worker@7e0b0602[State = -1, empty queue]] WARN  server.GrpcLogAppender (GrpcLogAppender.java:timeoutAppendRequest(200)) - 938e50ce-7856-436b-8929-0e37f4d51388@group-550D69124986->4773b317-5b37-4901-9e93-e460a24d1141-GrpcLogAppender: appendEntries Timeout, request=938e50ce-7856-436b-8929-0e37f4d51388->4773b317-5b37-4901-9e93-e460a24d1141#203-t2, previous=(t:2, i:18), leaderCommit=14, initializing? false, entries: <empty>
2019-09-16 19:12:58,113 [grpc-default-executor-5] WARN  server.GrpcLogAppender (LogUtils.java:warn(134)) - 938e50ce-7856-436b-8929-0e37f4d51388@group-550D69124986->6abcef3f-3f35-471a-9739-1d418d62cada-AppendLogResponseHandler: Failed appendEntries: org.apache.ratis.thirdparty.io.grpc.StatusRuntimeException: UNAVAILABLE: io exception
2019-09-16 19:12:58,113 [grpc-default-executor-5] INFO  impl.FollowerInfo (FollowerInfo.java:lambda$new$0(51)) - 938e50ce-7856-436b-8929-0e37f4d51388@group-550D69124986->6abcef3f-3f35-471a-9739-1d418d62cada: nextIndex: updateUnconditionally 14 -> 13
2019-09-16 19:12:58,144 [Datanode State Machine Thread - 0] INFO  statemachine.DatanodeStateMachine (DatanodeStateMachine.java:lambda$startDaemon$0(350)) - Ozone container server started.
2019-09-16 19:12:58,163 [Datanode State Machine Thread - 0] INFO  statemachine.DatanodeStateMachine (DatanodeStateMachine.java:lambda$startDaemon$0(350)) - Ozone container server started.
2019-09-16 19:12:58,510 [java.util.concurrent.ThreadPoolExecutor$Worker@4d174f1d[State = -1, empty queue]] WARN  server.GrpcLogAppender (GrpcLogAppender.java:timeoutAppendRequest(200)) - 4eec4314-a089-48fe-8241-8a8066126e3f@group-C8C33BDD9912->52078b41-1f38-4037-a826-db5ef9cf1b82-GrpcLogAppender: appendEntries Timeout, request=4eec4314-a089-48fe-8241-8a8066126e3f->52078b41-1f38-4037-a826-db5ef9cf1b82#205-t2, previous=(t:2, i:19), leaderCommit=15, initializing? false, entries: <empty>
2019-09-16 19:12:58,519 [grpc-default-executor-2] WARN  server.GrpcLogAppender (LogUtils.java:warn(134)) - 4eec4314-a089-48fe-8241-8a8066126e3f@group-C8C33BDD9912->30fc0d14-cbc7-4743-b48a-59ef39c48768-AppendLogResponseHandler: Failed appendEntries: org.apache.ratis.thirdparty.io.grpc.StatusRuntimeException: UNAVAILABLE: io exception
2019-09-16 19:12:58,520 [grpc-default-executor-2] INFO  impl.FollowerInfo (FollowerInfo.java:lambda$new$0(51)) - 4eec4314-a089-48fe-8241-8a8066126e3f@group-C8C33BDD9912->30fc0d14-cbc7-4743-b48a-59ef39c48768: nextIndex: updateUnconditionally 4 -> 3
2019-09-16 19:12:58,610 [java.util.concurrent.ThreadPoolExecutor$Worker@7e0b0602[State = -1, empty queue]] WARN  server.GrpcLogAppender (GrpcLogAppender.java:timeoutAppendRequest(200)) - 938e50ce-7856-436b-8929-0e37f4d51388@group-550D69124986->4773b317-5b37-4901-9e93-e460a24d1141-GrpcLogAppender: appendEntries Timeout, request=938e50ce-7856-436b-8929-0e37f4d51388->4773b317-5b37-4901-9e93-e460a24d1141#204-t2, previous=(t:2, i:18), leaderCommit=14, initializing? false, entries: <empty>
2019-09-16 19:12:58,614 [grpc-default-executor-5] WARN  server.GrpcLogAppender (LogUtils.java:warn(134)) - 938e50ce-7856-436b-8929-0e37f4d51388@group-550D69124986->6abcef3f-3f35-471a-9739-1d418d62cada-AppendLogResponseHandler: Failed appendEntries: org.apache.ratis.thirdparty.io.grpc.StatusRuntimeException: UNAVAILABLE: io exception
2019-09-16 19:12:58,614 [grpc-default-executor-5] INFO  impl.FollowerInfo (FollowerInfo.java:lambda$new$0(51)) - 938e50ce-7856-436b-8929-0e37f4d51388@group-550D69124986->6abcef3f-3f35-471a-9739-1d418d62cada: nextIndex: updateUnconditionally 13 -> 12
2019-09-16 19:12:59,011 [java.util.concurrent.ThreadPoolExecutor$Worker@4d174f1d[State = -1, empty queue]] WARN  server.GrpcLogAppender (GrpcLogAppender.java:timeoutAppendRequest(200)) - 4eec4314-a089-48fe-8241-8a8066126e3f@group-C8C33BDD9912->52078b41-1f38-4037-a826-db5ef9cf1b82-GrpcLogAppender: appendEntries Timeout, request=4eec4314-a089-48fe-8241-8a8066126e3f->52078b41-1f38-4037-a826-db5ef9cf1b82#206-t2, previous=(t:2, i:19), leaderCommit=15, initializing? false, entries: <empty>
2019-09-16 19:12:59,020 [grpc-default-executor-5] WARN  server.GrpcLogAppender (LogUtils.java:warn(134)) - 4eec4314-a089-48fe-8241-8a8066126e3f@group-C8C33BDD9912->30fc0d14-cbc7-4743-b48a-59ef39c48768-AppendLogResponseHandler: Failed appendEntries: org.apache.ratis.thirdparty.io.grpc.StatusRuntimeException: UNAVAILABLE: io exception
2019-09-16 19:12:59,020 [grpc-default-executor-5] INFO  impl.FollowerInfo (FollowerInfo.java:lambda$new$0(51)) - 4eec4314-a089-48fe-8241-8a8066126e3f@group-C8C33BDD9912->30fc0d14-cbc7-4743-b48a-59ef39c48768: nextIndex: updateUnconditionally 3 -> 2
2019-09-16 19:12:59,090 [4773b317-5b37-4901-9e93-e460a24d1141@group-550D69124986-SegmentedRaftLogWorker] WARN  segmented.SegmentedRaftLogWorker (SegmentedRaftLogWorker.java:getFromFuture(90)) - Timeout 2/~
org.apache.ratis.protocol.TimeoutIOException: Timeout 10s: WriteLog:15: (t:2, i:15), STATEMACHINELOGENTRY, client-8794A58021D7, cid=74-writeStateMachineData
	at org.apache.ratis.util.IOUtils.getFromFuture(IOUtils.java:87)
	at org.apache.ratis.server.raftlog.segmented.SegmentedRaftLogWorker$StateMachineDataPolicy.getFromFuture(SegmentedRaftLogWorker.java:87)
	at org.apache.ratis.server.raftlog.segmented.SegmentedRaftLogWorker$WriteLog.execute(SegmentedRaftLogWorker.java:477)
	at org.apache.ratis.server.raftlog.segmented.SegmentedRaftLogWorker.run(SegmentedRaftLogWorker.java:289)
	at java.lang.Thread.run(Thread.java:748)
Caused by: java.util.concurrent.TimeoutException
	at java.util.concurrent.CompletableFuture.timedGet(CompletableFuture.java:1771)
	at java.util.concurrent.CompletableFuture.get(CompletableFuture.java:1915)
	at org.apache.ratis.util.IOUtils.getFromFuture(IOUtils.java:79)
	... 4 more
2019-09-16 19:12:59,110 [java.util.concurrent.ThreadPoolExecutor$Worker@7e0b0602[State = -1, empty queue]] WARN  server.GrpcLogAppender (GrpcLogAppender.java:timeoutAppendRequest(200)) - 938e50ce-7856-436b-8929-0e37f4d51388@group-550D69124986->4773b317-5b37-4901-9e93-e460a24d1141-GrpcLogAppender: appendEntries Timeout, request=938e50ce-7856-436b-8929-0e37f4d51388->4773b317-5b37-4901-9e93-e460a24d1141#205-t2, previous=(t:2, i:18), leaderCommit=14, initializing? false, entries: <empty>
2019-09-16 19:12:59,115 [grpc-default-executor-5] WARN  server.GrpcLogAppender (LogUtils.java:warn(134)) - 938e50ce-7856-436b-8929-0e37f4d51388@group-550D69124986->6abcef3f-3f35-471a-9739-1d418d62cada-AppendLogResponseHandler: Failed appendEntries: org.apache.ratis.thirdparty.io.grpc.StatusRuntimeException: UNAVAILABLE: io exception
2019-09-16 19:12:59,115 [grpc-default-executor-5] INFO  impl.FollowerInfo (FollowerInfo.java:lambda$new$0(51)) - 938e50ce-7856-436b-8929-0e37f4d51388@group-550D69124986->6abcef3f-3f35-471a-9739-1d418d62cada: nextIndex: updateUnconditionally 12 -> 11
2019-09-16 19:12:59,143 [938e50ce-7856-436b-8929-0e37f4d51388@group-550D69124986-SegmentedRaftLogWorker] WARN  segmented.SegmentedRaftLogWorker (SegmentedRaftLogWorker.java:getFromFuture(90)) - Timeout 2/~
org.apache.ratis.protocol.TimeoutIOException: Timeout 10s: WriteLog:17: (t:2, i:17), STATEMACHINELOGENTRY, client-8794A58021D7, cid=76-writeStateMachineData
	at org.apache.ratis.util.IOUtils.getFromFuture(IOUtils.java:87)
	at org.apache.ratis.server.raftlog.segmented.SegmentedRaftLogWorker$StateMachineDataPolicy.getFromFuture(SegmentedRaftLogWorker.java:87)
	at org.apache.ratis.server.raftlog.segmented.SegmentedRaftLogWorker$WriteLog.execute(SegmentedRaftLogWorker.java:477)
	at org.apache.ratis.server.raftlog.segmented.SegmentedRaftLogWorker.run(SegmentedRaftLogWorker.java:289)
	at java.lang.Thread.run(Thread.java:748)
Caused by: java.util.concurrent.TimeoutException
	at java.util.concurrent.CompletableFuture.timedGet(CompletableFuture.java:1771)
	at java.util.concurrent.CompletableFuture.get(CompletableFuture.java:1915)
	at org.apache.ratis.util.IOUtils.getFromFuture(IOUtils.java:79)
	... 4 more
2019-09-16 19:12:59,511 [java.util.concurrent.ThreadPoolExecutor$Worker@4d174f1d[State = -1, empty queue]] WARN  server.GrpcLogAppender (GrpcLogAppender.java:timeoutAppendRequest(200)) - 4eec4314-a089-48fe-8241-8a8066126e3f@group-C8C33BDD9912->52078b41-1f38-4037-a826-db5ef9cf1b82-GrpcLogAppender: appendEntries Timeout, request=4eec4314-a089-48fe-8241-8a8066126e3f->52078b41-1f38-4037-a826-db5ef9cf1b82#207-t2, previous=(t:2, i:19), leaderCommit=15, initializing? false, entries: <empty>
2019-09-16 19:12:59,520 [grpc-default-executor-5] WARN  server.GrpcLogAppender (LogUtils.java:warn(134)) - 4eec4314-a089-48fe-8241-8a8066126e3f@group-C8C33BDD9912->30fc0d14-cbc7-4743-b48a-59ef39c48768-AppendLogResponseHandler: Failed appendEntries: org.apache.ratis.thirdparty.io.grpc.StatusRuntimeException: UNAVAILABLE: io exception
2019-09-16 19:12:59,520 [grpc-default-executor-5] INFO  impl.FollowerInfo (FollowerInfo.java:lambda$new$0(51)) - 4eec4314-a089-48fe-8241-8a8066126e3f@group-C8C33BDD9912->30fc0d14-cbc7-4743-b48a-59ef39c48768: nextIndex: updateUnconditionally 2 -> 1
2019-09-16 19:12:59,611 [java.util.concurrent.ThreadPoolExecutor$Worker@7e0b0602[State = -1, empty queue]] WARN  server.GrpcLogAppender (GrpcLogAppender.java:timeoutAppendRequest(200)) - 938e50ce-7856-436b-8929-0e37f4d51388@group-550D69124986->4773b317-5b37-4901-9e93-e460a24d1141-GrpcLogAppender: appendEntries Timeout, request=938e50ce-7856-436b-8929-0e37f4d51388->4773b317-5b37-4901-9e93-e460a24d1141#206-t2, previous=(t:2, i:18), leaderCommit=14, initializing? false, entries: <empty>
2019-09-16 19:12:59,616 [grpc-default-executor-5] WARN  server.GrpcLogAppender (LogUtils.java:warn(134)) - 938e50ce-7856-436b-8929-0e37f4d51388@group-550D69124986->6abcef3f-3f35-471a-9739-1d418d62cada-AppendLogResponseHandler: Failed appendEntries: org.apache.ratis.thirdparty.io.grpc.StatusRuntimeException: UNAVAILABLE: io exception
2019-09-16 19:12:59,616 [grpc-default-executor-5] INFO  impl.FollowerInfo (FollowerInfo.java:lambda$new$0(51)) - 938e50ce-7856-436b-8929-0e37f4d51388@group-550D69124986->6abcef3f-3f35-471a-9739-1d418d62cada: nextIndex: updateUnconditionally 11 -> 10
2019-09-16 19:13:00,012 [java.util.concurrent.ThreadPoolExecutor$Worker@4d174f1d[State = -1, empty queue]] WARN  server.GrpcLogAppender (GrpcLogAppender.java:timeoutAppendRequest(200)) - 4eec4314-a089-48fe-8241-8a8066126e3f@group-C8C33BDD9912->52078b41-1f38-4037-a826-db5ef9cf1b82-GrpcLogAppender: appendEntries Timeout, request=4eec4314-a089-48fe-8241-8a8066126e3f->52078b41-1f38-4037-a826-db5ef9cf1b82#208-t2, previous=(t:2, i:19), leaderCommit=15, initializing? false, entries: <empty>
2019-09-16 19:13:00,021 [grpc-default-executor-4] WARN  server.GrpcLogAppender (LogUtils.java:warn(134)) - 4eec4314-a089-48fe-8241-8a8066126e3f@group-C8C33BDD9912->30fc0d14-cbc7-4743-b48a-59ef39c48768-AppendLogResponseHandler: Failed appendEntries: org.apache.ratis.thirdparty.io.grpc.StatusRuntimeException: UNAVAILABLE: io exception
2019-09-16 19:13:00,021 [grpc-default-executor-4] INFO  impl.FollowerInfo (FollowerInfo.java:lambda$new$0(51)) - 4eec4314-a089-48fe-8241-8a8066126e3f@group-C8C33BDD9912->30fc0d14-cbc7-4743-b48a-59ef39c48768: nextIndex: updateUnconditionally 1 -> 0
2019-09-16 19:13:00,111 [java.util.concurrent.ThreadPoolExecutor$Worker@7e0b0602[State = -1, empty queue]] WARN  server.GrpcLogAppender (GrpcLogAppender.java:timeoutAppendRequest(200)) - 938e50ce-7856-436b-8929-0e37f4d51388@group-550D69124986->4773b317-5b37-4901-9e93-e460a24d1141-GrpcLogAppender: appendEntries Timeout, request=938e50ce-7856-436b-8929-0e37f4d51388->4773b317-5b37-4901-9e93-e460a24d1141#207-t2, previous=(t:2, i:18), leaderCommit=14, initializing? false, entries: <empty>
2019-09-16 19:13:00,118 [grpc-default-executor-5] WARN  server.GrpcLogAppender (LogUtils.java:warn(134)) - 938e50ce-7856-436b-8929-0e37f4d51388@group-550D69124986->6abcef3f-3f35-471a-9739-1d418d62cada-AppendLogResponseHandler: Failed appendEntries: org.apache.ratis.thirdparty.io.grpc.StatusRuntimeException: UNAVAILABLE: io exception
2019-09-16 19:13:00,119 [grpc-default-executor-5] INFO  impl.FollowerInfo (FollowerInfo.java:lambda$new$0(51)) - 938e50ce-7856-436b-8929-0e37f4d51388@group-550D69124986->6abcef3f-3f35-471a-9739-1d418d62cada: nextIndex: updateUnconditionally 10 -> 9
2019-09-16 19:13:00,514 [java.util.concurrent.ThreadPoolExecutor$Worker@4d174f1d[State = -1, empty queue]] WARN  server.GrpcLogAppender (GrpcLogAppender.java:timeoutAppendRequest(200)) - 4eec4314-a089-48fe-8241-8a8066126e3f@group-C8C33BDD9912->52078b41-1f38-4037-a826-db5ef9cf1b82-GrpcLogAppender: appendEntries Timeout, request=4eec4314-a089-48fe-8241-8a8066126e3f->52078b41-1f38-4037-a826-db5ef9cf1b82#209-t2, previous=(t:2, i:19), leaderCommit=15, initializing? false, entries: <empty>
2019-09-16 19:13:00,522 [grpc-default-executor-2] WARN  server.GrpcLogAppender (LogUtils.java:warn(134)) - 4eec4314-a089-48fe-8241-8a8066126e3f@group-C8C33BDD9912->30fc0d14-cbc7-4743-b48a-59ef39c48768-AppendLogResponseHandler: Failed appendEntries: org.apache.ratis.thirdparty.io.grpc.StatusRuntimeException: UNAVAILABLE: io exception
2019-09-16 19:13:00,522 [grpc-default-executor-2] INFO  impl.FollowerInfo (FollowerInfo.java:lambda$new$0(51)) - 4eec4314-a089-48fe-8241-8a8066126e3f@group-C8C33BDD9912->30fc0d14-cbc7-4743-b48a-59ef39c48768: nextIndex: updateUnconditionally 0 -> 0
2019-09-16 19:13:00,611 [java.util.concurrent.ThreadPoolExecutor$Worker@7e0b0602[State = -1, empty queue]] WARN  server.GrpcLogAppender (GrpcLogAppender.java:timeoutAppendRequest(200)) - 938e50ce-7856-436b-8929-0e37f4d51388@group-550D69124986->4773b317-5b37-4901-9e93-e460a24d1141-GrpcLogAppender: appendEntries Timeout, request=938e50ce-7856-436b-8929-0e37f4d51388->4773b317-5b37-4901-9e93-e460a24d1141#208-t2, previous=(t:2, i:18), leaderCommit=14, initializing? false, entries: <empty>
2019-09-16 19:13:00,618 [grpc-default-executor-4] WARN  server.GrpcLogAppender (LogUtils.java:warn(134)) - 938e50ce-7856-436b-8929-0e37f4d51388@group-550D69124986->6abcef3f-3f35-471a-9739-1d418d62cada-AppendLogResponseHandler: Failed appendEntries: org.apache.ratis.thirdparty.io.grpc.StatusRuntimeException: UNAVAILABLE: io exception
2019-09-16 19:13:00,618 [grpc-default-executor-4] INFO  impl.FollowerInfo (FollowerInfo.java:lambda$new$0(51)) - 938e50ce-7856-436b-8929-0e37f4d51388@group-550D69124986->6abcef3f-3f35-471a-9739-1d418d62cada: nextIndex: updateUnconditionally 9 -> 8
2019-09-16 19:13:01,014 [java.util.concurrent.ThreadPoolExecutor$Worker@4d174f1d[State = -1, empty queue]] WARN  server.GrpcLogAppender (GrpcLogAppender.java:timeoutAppendRequest(200)) - 4eec4314-a089-48fe-8241-8a8066126e3f@group-C8C33BDD9912->52078b41-1f38-4037-a826-db5ef9cf1b82-GrpcLogAppender: appendEntries Timeout, request=4eec4314-a089-48fe-8241-8a8066126e3f->52078b41-1f38-4037-a826-db5ef9cf1b82#210-t2, previous=(t:2, i:19), leaderCommit=15, initializing? false, entries: <empty>
2019-09-16 19:13:01,025 [grpc-default-executor-4] WARN  server.GrpcLogAppender (LogUtils.java:warn(134)) - 4eec4314-a089-48fe-8241-8a8066126e3f@group-C8C33BDD9912->30fc0d14-cbc7-4743-b48a-59ef39c48768-AppendLogResponseHandler: Failed appendEntries: org.apache.ratis.thirdparty.io.grpc.StatusRuntimeException: UNAVAILABLE: io exception
2019-09-16 19:13:01,026 [grpc-default-executor-4] INFO  impl.FollowerInfo (FollowerInfo.java:lambda$new$0(51)) - 4eec4314-a089-48fe-8241-8a8066126e3f@group-C8C33BDD9912->30fc0d14-cbc7-4743-b48a-59ef39c48768: nextIndex: updateUnconditionally 0 -> 0
2019-09-16 19:13:01,111 [java.util.concurrent.ThreadPoolExecutor$Worker@7e0b0602[State = -1, empty queue]] WARN  server.GrpcLogAppender (GrpcLogAppender.java:timeoutAppendRequest(200)) - 938e50ce-7856-436b-8929-0e37f4d51388@group-550D69124986->4773b317-5b37-4901-9e93-e460a24d1141-GrpcLogAppender: appendEntries Timeout, request=938e50ce-7856-436b-8929-0e37f4d51388->4773b317-5b37-4901-9e93-e460a24d1141#209-t2, previous=(t:2, i:18), leaderCommit=14, initializing? false, entries: <empty>
2019-09-16 19:13:01,119 [grpc-default-executor-4] WARN  server.GrpcLogAppender (LogUtils.java:warn(134)) - 938e50ce-7856-436b-8929-0e37f4d51388@group-550D69124986->6abcef3f-3f35-471a-9739-1d418d62cada-AppendLogResponseHandler: Failed appendEntries: org.apache.ratis.thirdparty.io.grpc.StatusRuntimeException: UNAVAILABLE: io exception
2019-09-16 19:13:01,120 [grpc-default-executor-4] INFO  impl.FollowerInfo (FollowerInfo.java:lambda$new$0(51)) - 938e50ce-7856-436b-8929-0e37f4d51388@group-550D69124986->6abcef3f-3f35-471a-9739-1d418d62cada: nextIndex: updateUnconditionally 8 -> 7
2019-09-16 19:13:01,514 [java.util.concurrent.ThreadPoolExecutor$Worker@4d174f1d[State = -1, empty queue]] WARN  server.GrpcLogAppender (GrpcLogAppender.java:timeoutAppendRequest(200)) - 4eec4314-a089-48fe-8241-8a8066126e3f@group-C8C33BDD9912->52078b41-1f38-4037-a826-db5ef9cf1b82-GrpcLogAppender: appendEntries Timeout, request=4eec4314-a089-48fe-8241-8a8066126e3f->52078b41-1f38-4037-a826-db5ef9cf1b82#211-t2, previous=(t:2, i:19), leaderCommit=15, initializing? false, entries: <empty>
2019-09-16 19:13:01,526 [grpc-default-executor-4] WARN  server.GrpcLogAppender (LogUtils.java:warn(134)) - 4eec4314-a089-48fe-8241-8a8066126e3f@group-C8C33BDD9912->30fc0d14-cbc7-4743-b48a-59ef39c48768-AppendLogResponseHandler: Failed appendEntries: org.apache.ratis.thirdparty.io.grpc.StatusRuntimeException: UNAVAILABLE: io exception
2019-09-16 19:13:01,527 [grpc-default-executor-4] INFO  impl.FollowerInfo (FollowerInfo.java:lambda$new$0(51)) - 4eec4314-a089-48fe-8241-8a8066126e3f@group-C8C33BDD9912->30fc0d14-cbc7-4743-b48a-59ef39c48768: nextIndex: updateUnconditionally 0 -> 0
2019-09-16 19:13:01,611 [java.util.concurrent.ThreadPoolExecutor$Worker@7e0b0602[State = -1, empty queue]] WARN  server.GrpcLogAppender (GrpcLogAppender.java:timeoutAppendRequest(200)) - 938e50ce-7856-436b-8929-0e37f4d51388@group-550D69124986->4773b317-5b37-4901-9e93-e460a24d1141-GrpcLogAppender: appendEntries Timeout, request=938e50ce-7856-436b-8929-0e37f4d51388->4773b317-5b37-4901-9e93-e460a24d1141#210-t2, previous=(t:2, i:18), leaderCommit=14, initializing? false, entries: <empty>
2019-09-16 19:13:01,620 [grpc-default-executor-5] WARN  server.GrpcLogAppender (LogUtils.java:warn(134)) - 938e50ce-7856-436b-8929-0e37f4d51388@group-550D69124986->6abcef3f-3f35-471a-9739-1d418d62cada-AppendLogResponseHandler: Failed appendEntries: org.apache.ratis.thirdparty.io.grpc.StatusRuntimeException: UNAVAILABLE: io exception
2019-09-16 19:13:01,620 [grpc-default-executor-5] INFO  impl.FollowerInfo (FollowerInfo.java:lambda$new$0(51)) - 938e50ce-7856-436b-8929-0e37f4d51388@group-550D69124986->6abcef3f-3f35-471a-9739-1d418d62cada: nextIndex: updateUnconditionally 7 -> 6
2019-09-16 19:13:02,015 [java.util.concurrent.ThreadPoolExecutor$Worker@4d174f1d[State = -1, empty queue]] WARN  server.GrpcLogAppender (GrpcLogAppender.java:timeoutAppendRequest(200)) - 4eec4314-a089-48fe-8241-8a8066126e3f@group-C8C33BDD9912->52078b41-1f38-4037-a826-db5ef9cf1b82-GrpcLogAppender: appendEntries Timeout, request=4eec4314-a089-48fe-8241-8a8066126e3f->52078b41-1f38-4037-a826-db5ef9cf1b82#212-t2, previous=(t:2, i:19), leaderCommit=15, initializing? false, entries: <empty>
2019-09-16 19:13:02,027 [grpc-default-executor-5] WARN  server.GrpcLogAppender (LogUtils.java:warn(134)) - 4eec4314-a089-48fe-8241-8a8066126e3f@group-C8C33BDD9912->30fc0d14-cbc7-4743-b48a-59ef39c48768-AppendLogResponseHandler: Failed appendEntries: org.apache.ratis.thirdparty.io.grpc.StatusRuntimeException: UNAVAILABLE: io exception
2019-09-16 19:13:02,027 [grpc-default-executor-5] INFO  impl.FollowerInfo (FollowerInfo.java:lambda$new$0(51)) - 4eec4314-a089-48fe-8241-8a8066126e3f@group-C8C33BDD9912->30fc0d14-cbc7-4743-b48a-59ef39c48768: nextIndex: updateUnconditionally 0 -> 0
2019-09-16 19:13:02,112 [java.util.concurrent.ThreadPoolExecutor$Worker@7e0b0602[State = -1, empty queue]] WARN  server.GrpcLogAppender (GrpcLogAppender.java:timeoutAppendRequest(200)) - 938e50ce-7856-436b-8929-0e37f4d51388@group-550D69124986->4773b317-5b37-4901-9e93-e460a24d1141-GrpcLogAppender: appendEntries Timeout, request=938e50ce-7856-436b-8929-0e37f4d51388->4773b317-5b37-4901-9e93-e460a24d1141#211-t2, previous=(t:2, i:18), leaderCommit=14, initializing? false, entries: <empty>
2019-09-16 19:13:02,120 [grpc-default-executor-4] WARN  server.GrpcLogAppender (LogUtils.java:warn(134)) - 938e50ce-7856-436b-8929-0e37f4d51388@group-550D69124986->6abcef3f-3f35-471a-9739-1d418d62cada-AppendLogResponseHandler: Failed appendEntries: org.apache.ratis.thirdparty.io.grpc.StatusRuntimeException: UNAVAILABLE: io exception
2019-09-16 19:13:02,121 [grpc-default-executor-4] INFO  impl.FollowerInfo (FollowerInfo.java:lambda$new$0(51)) - 938e50ce-7856-436b-8929-0e37f4d51388@group-550D69124986->6abcef3f-3f35-471a-9739-1d418d62cada: nextIndex: updateUnconditionally 6 -> 5
2019-09-16 19:13:02,515 [java.util.concurrent.ThreadPoolExecutor$Worker@4d174f1d[State = -1, empty queue]] WARN  server.GrpcLogAppender (GrpcLogAppender.java:timeoutAppendRequest(200)) - 4eec4314-a089-48fe-8241-8a8066126e3f@group-C8C33BDD9912->52078b41-1f38-4037-a826-db5ef9cf1b82-GrpcLogAppender: appendEntries Timeout, request=4eec4314-a089-48fe-8241-8a8066126e3f->52078b41-1f38-4037-a826-db5ef9cf1b82#213-t2, previous=(t:2, i:19), leaderCommit=15, initializing? false, entries: <empty>
2019-09-16 19:13:02,528 [grpc-default-executor-4] WARN  server.GrpcLogAppender (LogUtils.java:warn(134)) - 4eec4314-a089-48fe-8241-8a8066126e3f@group-C8C33BDD9912->30fc0d14-cbc7-4743-b48a-59ef39c48768-AppendLogResponseHandler: Failed appendEntries: org.apache.ratis.thirdparty.io.grpc.StatusRuntimeException: UNAVAILABLE: io exception
2019-09-16 19:13:02,528 [grpc-default-executor-4] INFO  impl.FollowerInfo (FollowerInfo.java:lambda$new$0(51)) - 4eec4314-a089-48fe-8241-8a8066126e3f@group-C8C33BDD9912->30fc0d14-cbc7-4743-b48a-59ef39c48768: nextIndex: updateUnconditionally 0 -> 0
2019-09-16 19:13:02,564 [main] INFO  ozoneimpl.OzoneContainer (OzoneContainer.java:stop(231)) - Attempting to stop container services.
2019-09-16 19:13:02,565 [main] INFO  impl.RaftServerProxy (RaftServerProxy.java:lambda$close$4(314)) - 4773b317-5b37-4901-9e93-e460a24d1141: close
2019-09-16 19:13:02,565 [main] INFO  impl.RaftServerImpl (RaftServerImpl.java:lambda$shutdown$3(251)) - 4773b317-5b37-4901-9e93-e460a24d1141@group-550D69124986: shutdown
2019-09-16 19:13:02,566 [main] INFO  util.JmxRegister (JmxRegister.java:unregister(73)) - Successfully un-registered JMX Bean with object name Ratis:service=RaftServer,group=group-550D69124986,id=4773b317-5b37-4901-9e93-e460a24d1141
2019-09-16 19:13:02,566 [main] INFO  impl.RoleInfo (RoleInfo.java:shutdownFollowerState(121)) - 4773b317-5b37-4901-9e93-e460a24d1141: shutdown FollowerState
2019-09-16 19:13:02,567 [main] INFO  impl.StateMachineUpdater (StateMachineUpdater.java:stopAndJoin(125)) - 4773b317-5b37-4901-9e93-e460a24d1141@group-550D69124986-StateMachineUpdater: set stopIndex = 14
2019-09-16 19:13:02,567 [Thread-422] INFO  impl.FollowerState (FollowerState.java:run(115)) - 4773b317-5b37-4901-9e93-e460a24d1141: FollowerState was interrupted: java.lang.InterruptedException: sleep interrupted
2019-09-16 19:13:02,567 [4773b317-5b37-4901-9e93-e460a24d1141@group-550D69124986-StateMachineUpdater] INFO  ratis.ContainerStateMachine (ContainerStateMachine.java:takeSnapshot(289)) - group-550D69124986: Taking a snapshot at:(t:2, i:12) file /workdir/hadoop-ozone/integration-test/target/test-dir/MiniOzoneClusterImpl-3fc8568e-3664-4be6-9c60-644bdcd1012a/datanode-9/data/ratis/1838df1b-d707-47e0-ae27-550d69124986/sm/snapshot.2_12
2019-09-16 19:13:02,586 [4773b317-5b37-4901-9e93-e460a24d1141@group-550D69124986-StateMachineUpdater] INFO  ratis.ContainerStateMachine (ContainerStateMachine.java:takeSnapshot(300)) - group-550D69124986: Finished taking a snapshot at:(t:2, i:12) file:/workdir/hadoop-ozone/integration-test/target/test-dir/MiniOzoneClusterImpl-3fc8568e-3664-4be6-9c60-644bdcd1012a/datanode-9/data/ratis/1838df1b-d707-47e0-ae27-550d69124986/sm/snapshot.2_12 time:19
2019-09-16 19:13:02,586 [4773b317-5b37-4901-9e93-e460a24d1141@group-550D69124986-StateMachineUpdater] INFO  impl.StateMachineUpdater (StateMachineUpdater.java:takeSnapshot(258)) - 4773b317-5b37-4901-9e93-e460a24d1141@group-550D69124986-StateMachineUpdater: Took a snapshot at index 12
2019-09-16 19:13:02,586 [4773b317-5b37-4901-9e93-e460a24d1141@group-550D69124986-StateMachineUpdater] INFO  impl.StateMachineUpdater (StateMachineUpdater.java:lambda$new$0(83)) - 4773b317-5b37-4901-9e93-e460a24d1141@group-550D69124986-StateMachineUpdater: snapshotIndex: updateIncreasingly -1 -> 12
2019-09-16 19:13:02,587 [4773b317-5b37-4901-9e93-e460a24d1141@group-550D69124986-StateMachineUpdater] INFO  ratis.ContainerStateMachine (ContainerStateMachine.java:takeSnapshot(289)) - group-550D69124986: Taking a snapshot at:(t:2, i:12) file /workdir/hadoop-ozone/integration-test/target/test-dir/MiniOzoneClusterImpl-3fc8568e-3664-4be6-9c60-644bdcd1012a/datanode-9/data/ratis/1838df1b-d707-47e0-ae27-550d69124986/sm/snapshot.2_12
2019-09-16 19:13:02,588 [ForkJoinPool.commonPool-worker-0] INFO  ozoneimpl.OzoneContainer (OzoneContainer.java:stop(231)) - Attempting to stop container services.
2019-09-16 19:13:02,588 [ForkJoinPool.commonPool-worker-0] INFO  impl.RaftServerProxy (RaftServerProxy.java:lambda$close$4(314)) - 938e50ce-7856-436b-8929-0e37f4d51388: close
2019-09-16 19:13:02,588 [ForkJoinPool.commonPool-worker-0] INFO  impl.RaftServerImpl (RaftServerImpl.java:lambda$shutdown$3(251)) - 938e50ce-7856-436b-8929-0e37f4d51388@group-1772BACA3076: shutdown
2019-09-16 19:13:02,589 [ForkJoinPool.commonPool-worker-0] INFO  util.JmxRegister (JmxRegister.java:unregister(73)) - Successfully un-registered JMX Bean with object name Ratis:service=RaftServer,group=group-1772BACA3076,id=938e50ce-7856-436b-8929-0e37f4d51388
2019-09-16 19:13:02,589 [ForkJoinPool.commonPool-worker-0] INFO  impl.RoleInfo (RoleInfo.java:shutdownLeaderState(104)) - 938e50ce-7856-436b-8929-0e37f4d51388: shutdown LeaderState
2019-09-16 19:13:02,589 [ForkJoinPool.commonPool-worker-0] INFO  impl.PendingRequests (PendingRequests.java:sendNotLeaderResponses(202)) - 938e50ce-7856-436b-8929-0e37f4d51388-PendingRequests: sendNotLeaderResponses
2019-09-16 19:13:02,590 [ForkJoinPool.commonPool-worker-0] INFO  impl.StateMachineUpdater (StateMachineUpdater.java:stopAndJoin(125)) - 938e50ce-7856-436b-8929-0e37f4d51388@group-1772BACA3076-StateMachineUpdater: set stopIndex = 0
2019-09-16 19:13:02,590 [ForkJoinPool.commonPool-worker-0] INFO  impl.RaftServerImpl (ServerState.java:close(385)) - 938e50ce-7856-436b-8929-0e37f4d51388@group-1772BACA3076: closes. applyIndex: 0
2019-09-16 19:13:02,591 [938e50ce-7856-436b-8929-0e37f4d51388@group-1772BACA3076-SegmentedRaftLogWorker] INFO  segmented.SegmentedRaftLogWorker (SegmentedRaftLogWorker.java:run(313)) - 938e50ce-7856-436b-8929-0e37f4d51388@group-1772BACA3076-SegmentedRaftLogWorker was interrupted, exiting. There are 0 tasks remaining in the queue.
2019-09-16 19:13:02,591 [ForkJoinPool.commonPool-worker-0] INFO  segmented.SegmentedRaftLogWorker (SegmentedRaftLogWorker.java:close(228)) - 938e50ce-7856-436b-8929-0e37f4d51388@group-1772BACA3076-SegmentedRaftLogWorker close()
2019-09-16 19:13:02,593 [ForkJoinPool.commonPool-worker-0] INFO  impl.RaftServerImpl (RaftServerImpl.java:lambda$shutdown$3(251)) - 938e50ce-7856-436b-8929-0e37f4d51388@group-550D69124986: shutdown
2019-09-16 19:13:02,593 [ForkJoinPool.commonPool-worker-0] INFO  util.JmxRegister (JmxRegister.java:unregister(73)) - Successfully un-registered JMX Bean with object name Ratis:service=RaftServer,group=group-550D69124986,id=938e50ce-7856-436b-8929-0e37f4d51388
2019-09-16 19:13:02,594 [ForkJoinPool.commonPool-worker-0] INFO  impl.RoleInfo (RoleInfo.java:shutdownLeaderState(104)) - 938e50ce-7856-436b-8929-0e37f4d51388: shutdown LeaderState
2019-09-16 19:13:02,596 [org.apache.ratis.server.impl.LogAppender$AppenderDaemon$$Lambda$503/309922067@136cb37c] WARN  server.GrpcLogAppender (GrpcLogAppender.java:mayWait(143)) - 938e50ce-7856-436b-8929-0e37f4d51388@group-550D69124986->4773b317-5b37-4901-9e93-e460a24d1141-GrpcLogAppender: Wait interrupted by java.lang.InterruptedException
2019-09-16 19:13:02,596 [ForkJoinPool.commonPool-worker-0] INFO  impl.PendingRequests (PendingRequests.java:sendNotLeaderResponses(202)) - 938e50ce-7856-436b-8929-0e37f4d51388-PendingRequests: sendNotLeaderResponses
2019-09-16 19:13:02,596 [org.apache.ratis.server.impl.LogAppender$AppenderDaemon$$Lambda$503/309922067@7d7136d0] WARN  server.GrpcLogAppender (GrpcLogAppender.java:mayWait(143)) - 938e50ce-7856-436b-8929-0e37f4d51388@group-550D69124986->6abcef3f-3f35-471a-9739-1d418d62cada-GrpcLogAppender: Wait interrupted by java.lang.InterruptedException
2019-09-16 19:13:02,599 [grpc-default-executor-4] INFO  server.GrpcServerProtocolService (GrpcServerProtocolService.java:onCompleted(113)) - 4773b317-5b37-4901-9e93-e460a24d1141: Completed APPEND_ENTRIES, lastRequest: 938e50ce-7856-436b-8929-0e37f4d51388->4773b317-5b37-4901-9e93-e460a24d1141#217-t2, previous=(t:2, i:18), leaderCommit=14, initializing? false, entries: <empty>
2019-09-16 19:13:02,602 [4773b317-5b37-4901-9e93-e460a24d1141@group-550D69124986-StateMachineUpdater] INFO  ratis.ContainerStateMachine (ContainerStateMachine.java:takeSnapshot(300)) - group-550D69124986: Finished taking a snapshot at:(t:2, i:12) file:/workdir/hadoop-ozone/integration-test/target/test-dir/MiniOzoneClusterImpl-3fc8568e-3664-4be6-9c60-644bdcd1012a/datanode-9/data/ratis/1838df1b-d707-47e0-ae27-550d69124986/sm/snapshot.2_12 time:14
2019-09-16 19:13:02,602 [ForkJoinPool.commonPool-worker-0] INFO  impl.StateMachineUpdater (StateMachineUpdater.java:stopAndJoin(125)) - 938e50ce-7856-436b-8929-0e37f4d51388@group-550D69124986-StateMachineUpdater: set stopIndex = 14
2019-09-16 19:13:02,602 [938e50ce-7856-436b-8929-0e37f4d51388@group-550D69124986-StateMachineUpdater] INFO  ratis.ContainerStateMachine (ContainerStateMachine.java:takeSnapshot(289)) - group-550D69124986: Taking a snapshot at:(t:2, i:13) file /workdir/hadoop-ozone/integration-test/target/test-dir/MiniOzoneClusterImpl-3fc8568e-3664-4be6-9c60-644bdcd1012a/datanode-4/data/ratis/1838df1b-d707-47e0-ae27-550d69124986/sm/snapshot.2_13
2019-09-16 19:13:02,602 [4773b317-5b37-4901-9e93-e460a24d1141@group-550D69124986-StateMachineUpdater] INFO  impl.StateMachineUpdater (StateMachineUpdater.java:takeSnapshot(258)) - 4773b317-5b37-4901-9e93-e460a24d1141@group-550D69124986-StateMachineUpdater: Took a snapshot at index 12
2019-09-16 19:13:02,602 [4773b317-5b37-4901-9e93-e460a24d1141@group-550D69124986-StateMachineUpdater] INFO  impl.StateMachineUpdater (StateMachineUpdater.java:lambda$new$0(83)) - 4773b317-5b37-4901-9e93-e460a24d1141@group-550D69124986-StateMachineUpdater: snapshotIndex: updateIncreasingly 12 -> 12
2019-09-16 19:13:02,603 [main] INFO  impl.RaftServerImpl (ServerState.java:close(385)) - 4773b317-5b37-4901-9e93-e460a24d1141@group-550D69124986: closes. applyIndex: 14
2019-09-16 19:13:02,603 [grpc-default-executor-4] INFO  server.GrpcLogAppender (GrpcLogAppender.java:onCompleted(293)) - 938e50ce-7856-436b-8929-0e37f4d51388@group-550D69124986->4773b317-5b37-4901-9e93-e460a24d1141-AppendLogResponseHandler: follower responses appendEntries COMPLETED
2019-09-16 19:13:02,605 [grpc-default-executor-4] INFO  impl.FollowerInfo (FollowerInfo.java:lambda$new$0(51)) - 938e50ce-7856-436b-8929-0e37f4d51388@group-550D69124986->4773b317-5b37-4901-9e93-e460a24d1141: nextIndex: updateUnconditionally 19 -> 15
2019-09-16 19:13:02,606 [4773b317-5b37-4901-9e93-e460a24d1141@group-550D69124986-SegmentedRaftLogWorker] ERROR ratis.XceiverServerRatis (XceiverServerRatis.java:triggerPipelineClose(568)) - pipeline Action CLOSE  on pipeline PipelineID=1838df1b-d707-47e0-ae27-550d69124986.Reason : WriteLog:15: (t:2, i:15), STATEMACHINELOGENTRY, client-8794A58021D7, cid=74-writeStateMachineData interrupted.
2019-09-16 19:13:02,607 [main] INFO  segmented.SegmentedRaftLogWorker (SegmentedRaftLogWorker.java:close(228)) - 4773b317-5b37-4901-9e93-e460a24d1141@group-550D69124986-SegmentedRaftLogWorker close()
2019-09-16 19:13:02,608 [main] INFO  impl.RaftServerImpl (RaftServerImpl.java:lambda$shutdown$3(251)) - 4773b317-5b37-4901-9e93-e460a24d1141@group-ACC8D0136C7A: shutdown
2019-09-16 19:13:02,609 [main] INFO  util.JmxRegister (JmxRegister.java:unregister(73)) - Successfully un-registered JMX Bean with object name Ratis:service=RaftServer,group=group-ACC8D0136C7A,id=4773b317-5b37-4901-9e93-e460a24d1141
2019-09-16 19:13:02,609 [main] INFO  impl.RoleInfo (RoleInfo.java:shutdownLeaderState(104)) - 4773b317-5b37-4901-9e93-e460a24d1141: shutdown LeaderState
2019-09-16 19:13:02,609 [main] INFO  impl.PendingRequests (PendingRequests.java:sendNotLeaderResponses(202)) - 4773b317-5b37-4901-9e93-e460a24d1141-PendingRequests: sendNotLeaderResponses
2019-09-16 19:13:02,610 [main] INFO  impl.StateMachineUpdater (StateMachineUpdater.java:stopAndJoin(125)) - 4773b317-5b37-4901-9e93-e460a24d1141@group-ACC8D0136C7A-StateMachineUpdater: set stopIndex = 0
2019-09-16 19:13:02,610 [main] INFO  impl.RaftServerImpl (ServerState.java:close(385)) - 4773b317-5b37-4901-9e93-e460a24d1141@group-ACC8D0136C7A: closes. applyIndex: 0
2019-09-16 19:13:02,610 [4773b317-5b37-4901-9e93-e460a24d1141@group-ACC8D0136C7A-SegmentedRaftLogWorker] INFO  segmented.SegmentedRaftLogWorker (SegmentedRaftLogWorker.java:run(313)) - 4773b317-5b37-4901-9e93-e460a24d1141@group-ACC8D0136C7A-SegmentedRaftLogWorker was interrupted, exiting. There are 0 tasks remaining in the queue.
2019-09-16 19:13:02,611 [main] INFO  segmented.SegmentedRaftLogWorker (SegmentedRaftLogWorker.java:close(228)) - 4773b317-5b37-4901-9e93-e460a24d1141@group-ACC8D0136C7A-SegmentedRaftLogWorker close()
2019-09-16 19:13:02,612 [main] INFO  server.GrpcService (GrpcService.java:closeImpl(164)) - 4773b317-5b37-4901-9e93-e460a24d1141: shutdown server with port 46271 now
2019-09-16 19:13:02,613 [main] INFO  server.GrpcService (GrpcService.java:closeImpl(172)) - 4773b317-5b37-4901-9e93-e460a24d1141: shutdown server with port 46271 successfully
2019-09-16 19:13:02,615 [938e50ce-7856-436b-8929-0e37f4d51388@group-550D69124986-StateMachineUpdater] INFO  ratis.ContainerStateMachine (ContainerStateMachine.java:takeSnapshot(300)) - group-550D69124986: Finished taking a snapshot at:(t:2, i:13) file:/workdir/hadoop-ozone/integration-test/target/test-dir/MiniOzoneClusterImpl-3fc8568e-3664-4be6-9c60-644bdcd1012a/datanode-4/data/ratis/1838df1b-d707-47e0-ae27-550d69124986/sm/snapshot.2_13 time:13
2019-09-16 19:13:02,615 [938e50ce-7856-436b-8929-0e37f4d51388@group-550D69124986-StateMachineUpdater] INFO  impl.StateMachineUpdater (StateMachineUpdater.java:takeSnapshot(258)) - 938e50ce-7856-436b-8929-0e37f4d51388@group-550D69124986-StateMachineUpdater: Took a snapshot at index 13
2019-09-16 19:13:02,615 [938e50ce-7856-436b-8929-0e37f4d51388@group-550D69124986-StateMachineUpdater] INFO  impl.StateMachineUpdater (StateMachineUpdater.java:lambda$new$0(83)) - 938e50ce-7856-436b-8929-0e37f4d51388@group-550D69124986-StateMachineUpdater: snapshotIndex: updateIncreasingly -1 -> 13
2019-09-16 19:13:02,616 [938e50ce-7856-436b-8929-0e37f4d51388@group-550D69124986-StateMachineUpdater] INFO  ratis.ContainerStateMachine (ContainerStateMachine.java:takeSnapshot(289)) - group-550D69124986: Taking a snapshot at:(t:2, i:13) file /workdir/hadoop-ozone/integration-test/target/test-dir/MiniOzoneClusterImpl-3fc8568e-3664-4be6-9c60-644bdcd1012a/datanode-4/data/ratis/1838df1b-d707-47e0-ae27-550d69124986/sm/snapshot.2_13
2019-09-16 19:13:02,616 [refreshUsed-/workdir/hadoop-ozone/integration-test/target/test-dir/MiniOzoneClusterImpl-3fc8568e-3664-4be6-9c60-644bdcd1012a/datanode-9/data/containers] WARN  fs.CachingGetSpaceUsed (CachingGetSpaceUsed.java:run(183)) - Thread Interrupted waiting to refresh disk information: sleep interrupted
2019-09-16 19:13:02,628 [938e50ce-7856-436b-8929-0e37f4d51388@group-550D69124986-StateMachineUpdater] INFO  ratis.ContainerStateMachine (ContainerStateMachine.java:takeSnapshot(300)) - group-550D69124986: Finished taking a snapshot at:(t:2, i:13) file:/workdir/hadoop-ozone/integration-test/target/test-dir/MiniOzoneClusterImpl-3fc8568e-3664-4be6-9c60-644bdcd1012a/datanode-4/data/ratis/1838df1b-d707-47e0-ae27-550d69124986/sm/snapshot.2_13 time:12
2019-09-16 19:13:02,628 [938e50ce-7856-436b-8929-0e37f4d51388@group-550D69124986-StateMachineUpdater] INFO  impl.StateMachineUpdater (StateMachineUpdater.java:takeSnapshot(258)) - 938e50ce-7856-436b-8929-0e37f4d51388@group-550D69124986-StateMachineUpdater: Took a snapshot at index 13
2019-09-16 19:13:02,634 [938e50ce-7856-436b-8929-0e37f4d51388@group-550D69124986-StateMachineUpdater] INFO  impl.StateMachineUpdater (StateMachineUpdater.java:lambda$new$0(83)) - 938e50ce-7856-436b-8929-0e37f4d51388@group-550D69124986-StateMachineUpdater: snapshotIndex: updateIncreasingly 13 -> 13
2019-09-16 19:13:02,635 [ForkJoinPool.commonPool-worker-0] INFO  impl.RaftServerImpl (ServerState.java:close(385)) - 938e50ce-7856-436b-8929-0e37f4d51388@group-550D69124986: closes. applyIndex: 14
2019-09-16 19:13:02,636 [938e50ce-7856-436b-8929-0e37f4d51388@group-550D69124986-SegmentedRaftLogWorker] ERROR ratis.XceiverServerRatis (XceiverServerRatis.java:triggerPipelineClose(568)) - pipeline Action CLOSE  on pipeline PipelineID=1838df1b-d707-47e0-ae27-550d69124986.Reason : WriteLog:17: (t:2, i:17), STATEMACHINELOGENTRY, client-8794A58021D7, cid=76-writeStateMachineData interrupted.
2019-09-16 19:13:02,641 [main] INFO  utils.BackgroundService (BackgroundService.java:shutdown(148)) - Shutting down service BlockDeletingService
2019-09-16 19:13:02,644 [main] INFO  statemachine.DatanodeStateMachine (DatanodeStateMachine.java:stopDaemon(395)) - Ozone container server stopped.
2019-09-16 19:13:02,646 [main] INFO  handler.ContextHandler (ContextHandler.java:doStop(910)) - Stopped o.e.j.w.WebAppContext@26bbe604{/,null,UNAVAILABLE}{/hddsDatanode}
2019-09-16 19:13:02,647 [main] INFO  server.AbstractConnector (AbstractConnector.java:doStop(318)) - Stopped ServerConnector@fe34b86{HTTP/1.1,[http/1.1]}{0.0.0.0:0}
2019-09-16 19:13:02,647 [ForkJoinPool.commonPool-worker-0] INFO  segmented.SegmentedRaftLogWorker (SegmentedRaftLogWorker.java:close(228)) - 938e50ce-7856-436b-8929-0e37f4d51388@group-550D69124986-SegmentedRaftLogWorker close()
2019-09-16 19:13:02,647 [main] INFO  handler.ContextHandler (ContextHandler.java:doStop(910)) - Stopped o.e.j.s.ServletContextHandler@136965e3{/static,jar:file:/home/user/.m2/repository/org/apache/hadoop/hadoop-hdds-container-service/0.5.0-SNAPSHOT/hadoop-hdds-container-service-0.5.0-SNAPSHOT.jar!/webapps/static,UNAVAILABLE}
2019-09-16 19:13:02,649 [ForkJoinPool.commonPool-worker-0] INFO  server.GrpcService (GrpcService.java:closeImpl(164)) - 938e50ce-7856-436b-8929-0e37f4d51388: shutdown server with port 36082 now
2019-09-16 19:13:02,649 [main] INFO  handler.ContextHandler (ContextHandler.java:doStop(910)) - Stopped o.e.j.s.ServletContextHandler@5578be42{/logs,file:///workdir/hadoop-ozone/integration-test/target/log,UNAVAILABLE}
2019-09-16 19:13:02,649 [ForkJoinPool.commonPool-worker-0] INFO  server.GrpcService (GrpcService.java:closeImpl(172)) - 938e50ce-7856-436b-8929-0e37f4d51388: shutdown server with port 36082 successfully
2019-09-16 19:13:02,652 [refreshUsed-/workdir/hadoop-ozone/integration-test/target/test-dir/MiniOzoneClusterImpl-3fc8568e-3664-4be6-9c60-644bdcd1012a/datanode-4/data/containers] WARN  fs.CachingGetSpaceUsed (CachingGetSpaceUsed.java:run(183)) - Thread Interrupted waiting to refresh disk information: sleep interrupted
2019-09-16 19:13:02,669 [ForkJoinPool.commonPool-worker-0] INFO  utils.BackgroundService (BackgroundService.java:shutdown(148)) - Shutting down service BlockDeletingService
2019-09-16 19:13:02,672 [ForkJoinPool.commonPool-worker-0] INFO  statemachine.DatanodeStateMachine (DatanodeStateMachine.java:stopDaemon(395)) - Ozone container server stopped.
2019-09-16 19:13:02,675 [ForkJoinPool.commonPool-worker-0] INFO  handler.ContextHandler (ContextHandler.java:doStop(910)) - Stopped o.e.j.w.WebAppContext@38ed139b{/,null,UNAVAILABLE}{/hddsDatanode}
2019-09-16 19:13:02,676 [ForkJoinPool.commonPool-worker-0] INFO  server.AbstractConnector (AbstractConnector.java:doStop(318)) - Stopped ServerConnector@a5272be{HTTP/1.1,[http/1.1]}{0.0.0.0:0}
2019-09-16 19:13:02,677 [ForkJoinPool.commonPool-worker-0] INFO  handler.ContextHandler (ContextHandler.java:doStop(910)) - Stopped o.e.j.s.ServletContextHandler@6c0e13b7{/static,jar:file:/home/user/.m2/repository/org/apache/hadoop/hadoop-hdds-container-service/0.5.0-SNAPSHOT/hadoop-hdds-container-service-0.5.0-SNAPSHOT.jar!/webapps/static,UNAVAILABLE}
2019-09-16 19:13:02,678 [ForkJoinPool.commonPool-worker-0] INFO  handler.ContextHandler (ContextHandler.java:doStop(910)) - Stopped o.e.j.s.ServletContextHandler@77a074b4{/logs,file:///workdir/hadoop-ozone/integration-test/target/log,UNAVAILABLE}
2019-09-16 19:13:03,015 [java.util.concurrent.ThreadPoolExecutor$Worker@4d174f1d[State = -1, empty queue]] WARN  server.GrpcLogAppender (GrpcLogAppender.java:timeoutAppendRequest(200)) - 4eec4314-a089-48fe-8241-8a8066126e3f@group-C8C33BDD9912->52078b41-1f38-4037-a826-db5ef9cf1b82-GrpcLogAppender: appendEntries Timeout, request=4eec4314-a089-48fe-8241-8a8066126e3f->52078b41-1f38-4037-a826-db5ef9cf1b82#214-t2, previous=(t:2, i:19), leaderCommit=15, initializing? false, entries: <empty>
2019-09-16 19:13:03,028 [grpc-default-executor-4] WARN  server.GrpcLogAppender (LogUtils.java:warn(134)) - 4eec4314-a089-48fe-8241-8a8066126e3f@group-C8C33BDD9912->30fc0d14-cbc7-4743-b48a-59ef39c48768-AppendLogResponseHandler: Failed appendEntries: org.apache.ratis.thirdparty.io.grpc.StatusRuntimeException: UNAVAILABLE: io exception
2019-09-16 19:13:03,029 [grpc-default-executor-4] INFO  impl.FollowerInfo (FollowerInfo.java:lambda$new$0(51)) - 4eec4314-a089-48fe-8241-8a8066126e3f@group-C8C33BDD9912->30fc0d14-cbc7-4743-b48a-59ef39c48768: nextIndex: updateUnconditionally 0 -> 0
2019-09-16 19:13:03,406 [52078b41-1f38-4037-a826-db5ef9cf1b82@group-C8C33BDD9912-SegmentedRaftLogWorker] WARN  segmented.SegmentedRaftLogWorker (SegmentedRaftLogWorker.java:getFromFuture(90)) - Timeout 9/~
org.apache.ratis.protocol.TimeoutIOException: Timeout 10s: WriteLog:18: (t:2, i:18), STATEMACHINELOGENTRY, client-C26E20CEB926, cid=40-writeStateMachineData
	at org.apache.ratis.util.IOUtils.getFromFuture(IOUtils.java:87)
	at org.apache.ratis.server.raftlog.segmented.SegmentedRaftLogWorker$StateMachineDataPolicy.getFromFuture(SegmentedRaftLogWorker.java:87)
	at org.apache.ratis.server.raftlog.segmented.SegmentedRaftLogWorker$WriteLog.execute(SegmentedRaftLogWorker.java:477)
	at org.apache.ratis.server.raftlog.segmented.SegmentedRaftLogWorker.run(SegmentedRaftLogWorker.java:289)
	at java.lang.Thread.run(Thread.java:748)
Caused by: java.util.concurrent.TimeoutException
	at java.util.concurrent.CompletableFuture.timedGet(CompletableFuture.java:1771)
	at java.util.concurrent.CompletableFuture.get(CompletableFuture.java:1915)
	at org.apache.ratis.util.IOUtils.getFromFuture(IOUtils.java:79)
	... 4 more
2019-09-16 19:13:03,419 [4eec4314-a089-48fe-8241-8a8066126e3f@group-C8C33BDD9912-SegmentedRaftLogWorker] WARN  segmented.SegmentedRaftLogWorker (SegmentedRaftLogWorker.java:getFromFuture(90)) - Timeout 9/~
org.apache.ratis.protocol.TimeoutIOException: Timeout 10s: WriteLog:18: (t:2, i:18), STATEMACHINELOGENTRY, client-C26E20CEB926, cid=40-writeStateMachineData
	at org.apache.ratis.util.IOUtils.getFromFuture(IOUtils.java:87)
	at org.apache.ratis.server.raftlog.segmented.SegmentedRaftLogWorker$StateMachineDataPolicy.getFromFuture(SegmentedRaftLogWorker.java:87)
	at org.apache.ratis.server.raftlog.segmented.SegmentedRaftLogWorker$WriteLog.execute(SegmentedRaftLogWorker.java:477)
	at org.apache.ratis.server.raftlog.segmented.SegmentedRaftLogWorker.run(SegmentedRaftLogWorker.java:289)
	at java.lang.Thread.run(Thread.java:748)
Caused by: java.util.concurrent.TimeoutException
	at java.util.concurrent.CompletableFuture.timedGet(CompletableFuture.java:1771)
	at java.util.concurrent.CompletableFuture.get(CompletableFuture.java:1915)
	at org.apache.ratis.util.IOUtils.getFromFuture(IOUtils.java:79)
	... 4 more
2019-09-16 19:13:03,455 [Datanode State Machine Thread - 0] INFO  statemachine.DatanodeStateMachine (DatanodeStateMachine.java:lambda$startDaemon$0(350)) - Ozone container server started.
2019-09-16 19:13:03,455 [Datanode State Machine Thread - 0] INFO  statemachine.DatanodeStateMachine (DatanodeStateMachine.java:lambda$startDaemon$0(350)) - Ozone container server started.
2019-09-16 19:13:03,516 [java.util.concurrent.ThreadPoolExecutor$Worker@4d174f1d[State = -1, empty queue]] WARN  server.GrpcLogAppender (GrpcLogAppender.java:timeoutAppendRequest(200)) - 4eec4314-a089-48fe-8241-8a8066126e3f@group-C8C33BDD9912->52078b41-1f38-4037-a826-db5ef9cf1b82-GrpcLogAppender: appendEntries Timeout, request=4eec4314-a089-48fe-8241-8a8066126e3f->52078b41-1f38-4037-a826-db5ef9cf1b82#215-t2, previous=(t:2, i:19), leaderCommit=15, initializing? false, entries: <empty>
2019-09-16 19:13:03,529 [grpc-default-executor-5] WARN  server.GrpcLogAppender (LogUtils.java:warn(134)) - 4eec4314-a089-48fe-8241-8a8066126e3f@group-C8C33BDD9912->30fc0d14-cbc7-4743-b48a-59ef39c48768-AppendLogResponseHandler: Failed appendEntries: org.apache.ratis.thirdparty.io.grpc.StatusRuntimeException: UNAVAILABLE: io exception
2019-09-16 19:13:03,530 [grpc-default-executor-5] INFO  impl.FollowerInfo (FollowerInfo.java:lambda$new$0(51)) - 4eec4314-a089-48fe-8241-8a8066126e3f@group-C8C33BDD9912->30fc0d14-cbc7-4743-b48a-59ef39c48768: nextIndex: updateUnconditionally 0 -> 0
2019-09-16 19:13:04,017 [java.util.concurrent.ThreadPoolExecutor$Worker@4d174f1d[State = -1, empty queue]] WARN  server.GrpcLogAppender (GrpcLogAppender.java:timeoutAppendRequest(200)) - 4eec4314-a089-48fe-8241-8a8066126e3f@group-C8C33BDD9912->52078b41-1f38-4037-a826-db5ef9cf1b82-GrpcLogAppender: appendEntries Timeout, request=4eec4314-a089-48fe-8241-8a8066126e3f->52078b41-1f38-4037-a826-db5ef9cf1b82#216-t2, previous=(t:2, i:19), leaderCommit=15, initializing? false, entries: <empty>
2019-09-16 19:13:04,030 [grpc-default-executor-5] WARN  server.GrpcLogAppender (LogUtils.java:warn(134)) - 4eec4314-a089-48fe-8241-8a8066126e3f@group-C8C33BDD9912->30fc0d14-cbc7-4743-b48a-59ef39c48768-AppendLogResponseHandler: Failed appendEntries: org.apache.ratis.thirdparty.io.grpc.StatusRuntimeException: UNAVAILABLE: io exception
2019-09-16 19:13:04,030 [grpc-default-executor-5] INFO  impl.FollowerInfo (FollowerInfo.java:lambda$new$0(51)) - 4eec4314-a089-48fe-8241-8a8066126e3f@group-C8C33BDD9912->30fc0d14-cbc7-4743-b48a-59ef39c48768: nextIndex: updateUnconditionally 0 -> 0
2019-09-16 19:13:04,518 [java.util.concurrent.ThreadPoolExecutor$Worker@4d174f1d[State = -1, empty queue]] WARN  server.GrpcLogAppender (GrpcLogAppender.java:timeoutAppendRequest(200)) - 4eec4314-a089-48fe-8241-8a8066126e3f@group-C8C33BDD9912->52078b41-1f38-4037-a826-db5ef9cf1b82-GrpcLogAppender: appendEntries Timeout, request=4eec4314-a089-48fe-8241-8a8066126e3f->52078b41-1f38-4037-a826-db5ef9cf1b82#217-t2, previous=(t:2, i:19), leaderCommit=15, initializing? false, entries: <empty>
2019-09-16 19:13:04,531 [grpc-default-executor-5] WARN  server.GrpcLogAppender (LogUtils.java:warn(134)) - 4eec4314-a089-48fe-8241-8a8066126e3f@group-C8C33BDD9912->30fc0d14-cbc7-4743-b48a-59ef39c48768-AppendLogResponseHandler: Failed appendEntries: org.apache.ratis.thirdparty.io.grpc.StatusRuntimeException: UNAVAILABLE: io exception
2019-09-16 19:13:04,531 [grpc-default-executor-5] INFO  impl.FollowerInfo (FollowerInfo.java:lambda$new$0(51)) - 4eec4314-a089-48fe-8241-8a8066126e3f@group-C8C33BDD9912->30fc0d14-cbc7-4743-b48a-59ef39c48768: nextIndex: updateUnconditionally 0 -> 0
2019-09-16 19:13:05,018 [java.util.concurrent.ThreadPoolExecutor$Worker@4d174f1d[State = -1, empty queue]] WARN  server.GrpcLogAppender (GrpcLogAppender.java:timeoutAppendRequest(200)) - 4eec4314-a089-48fe-8241-8a8066126e3f@group-C8C33BDD9912->52078b41-1f38-4037-a826-db5ef9cf1b82-GrpcLogAppender: appendEntries Timeout, request=4eec4314-a089-48fe-8241-8a8066126e3f->52078b41-1f38-4037-a826-db5ef9cf1b82#218-t2, previous=(t:2, i:19), leaderCommit=15, initializing? false, entries: <empty>
2019-09-16 19:13:05,032 [grpc-default-executor-5] WARN  server.GrpcLogAppender (LogUtils.java:warn(134)) - 4eec4314-a089-48fe-8241-8a8066126e3f@group-C8C33BDD9912->30fc0d14-cbc7-4743-b48a-59ef39c48768-AppendLogResponseHandler: Failed appendEntries: org.apache.ratis.thirdparty.io.grpc.StatusRuntimeException: UNAVAILABLE: io exception
2019-09-16 19:13:05,033 [grpc-default-executor-5] INFO  impl.FollowerInfo (FollowerInfo.java:lambda$new$0(51)) - 4eec4314-a089-48fe-8241-8a8066126e3f@group-C8C33BDD9912->30fc0d14-cbc7-4743-b48a-59ef39c48768: nextIndex: updateUnconditionally 0 -> 0
2019-09-16 19:13:05,519 [java.util.concurrent.ThreadPoolExecutor$Worker@4d174f1d[State = -1, empty queue]] WARN  server.GrpcLogAppender (GrpcLogAppender.java:timeoutAppendRequest(200)) - 4eec4314-a089-48fe-8241-8a8066126e3f@group-C8C33BDD9912->52078b41-1f38-4037-a826-db5ef9cf1b82-GrpcLogAppender: appendEntries Timeout, request=4eec4314-a089-48fe-8241-8a8066126e3f->52078b41-1f38-4037-a826-db5ef9cf1b82#219-t2, previous=(t:2, i:19), leaderCommit=15, initializing? false, entries: <empty>
2019-09-16 19:13:05,534 [grpc-default-executor-5] WARN  server.GrpcLogAppender (LogUtils.java:warn(134)) - 4eec4314-a089-48fe-8241-8a8066126e3f@group-C8C33BDD9912->30fc0d14-cbc7-4743-b48a-59ef39c48768-AppendLogResponseHandler: Failed appendEntries: org.apache.ratis.thirdparty.io.grpc.StatusRuntimeException: UNAVAILABLE: io exception
2019-09-16 19:13:05,534 [grpc-default-executor-5] INFO  impl.FollowerInfo (FollowerInfo.java:lambda$new$0(51)) - 4eec4314-a089-48fe-8241-8a8066126e3f@group-C8C33BDD9912->30fc0d14-cbc7-4743-b48a-59ef39c48768: nextIndex: updateUnconditionally 0 -> 0
2019-09-16 19:13:06,019 [java.util.concurrent.ThreadPoolExecutor$Worker@4d174f1d[State = -1, empty queue]] WARN  server.GrpcLogAppender (GrpcLogAppender.java:timeoutAppendRequest(200)) - 4eec4314-a089-48fe-8241-8a8066126e3f@group-C8C33BDD9912->52078b41-1f38-4037-a826-db5ef9cf1b82-GrpcLogAppender: appendEntries Timeout, request=4eec4314-a089-48fe-8241-8a8066126e3f->52078b41-1f38-4037-a826-db5ef9cf1b82#220-t2, previous=(t:2, i:19), leaderCommit=15, initializing? false, entries: <empty>
2019-09-16 19:13:06,034 [grpc-default-executor-5] WARN  server.GrpcLogAppender (LogUtils.java:warn(134)) - 4eec4314-a089-48fe-8241-8a8066126e3f@group-C8C33BDD9912->30fc0d14-cbc7-4743-b48a-59ef39c48768-AppendLogResponseHandler: Failed appendEntries: org.apache.ratis.thirdparty.io.grpc.StatusRuntimeException: UNAVAILABLE: io exception
2019-09-16 19:13:06,034 [grpc-default-executor-5] INFO  impl.FollowerInfo (FollowerInfo.java:lambda$new$0(51)) - 4eec4314-a089-48fe-8241-8a8066126e3f@group-C8C33BDD9912->30fc0d14-cbc7-4743-b48a-59ef39c48768: nextIndex: updateUnconditionally 0 -> 0
2019-09-16 19:13:06,519 [java.util.concurrent.ThreadPoolExecutor$Worker@4d174f1d[State = -1, empty queue]] WARN  server.GrpcLogAppender (GrpcLogAppender.java:timeoutAppendRequest(200)) - 4eec4314-a089-48fe-8241-8a8066126e3f@group-C8C33BDD9912->52078b41-1f38-4037-a826-db5ef9cf1b82-GrpcLogAppender: appendEntries Timeout, request=4eec4314-a089-48fe-8241-8a8066126e3f->52078b41-1f38-4037-a826-db5ef9cf1b82#221-t2, previous=(t:2, i:19), leaderCommit=15, initializing? false, entries: <empty>
2019-09-16 19:13:06,534 [grpc-default-executor-5] WARN  server.GrpcLogAppender (LogUtils.java:warn(134)) - 4eec4314-a089-48fe-8241-8a8066126e3f@group-C8C33BDD9912->30fc0d14-cbc7-4743-b48a-59ef39c48768-AppendLogResponseHandler: Failed appendEntries: org.apache.ratis.thirdparty.io.grpc.StatusRuntimeException: UNAVAILABLE: io exception
2019-09-16 19:13:06,534 [grpc-default-executor-5] INFO  impl.FollowerInfo (FollowerInfo.java:lambda$new$0(51)) - 4eec4314-a089-48fe-8241-8a8066126e3f@group-C8C33BDD9912->30fc0d14-cbc7-4743-b48a-59ef39c48768: nextIndex: updateUnconditionally 0 -> 0
2019-09-16 19:13:07,019 [java.util.concurrent.ThreadPoolExecutor$Worker@4d174f1d[State = -1, empty queue]] WARN  server.GrpcLogAppender (GrpcLogAppender.java:timeoutAppendRequest(200)) - 4eec4314-a089-48fe-8241-8a8066126e3f@group-C8C33BDD9912->52078b41-1f38-4037-a826-db5ef9cf1b82-GrpcLogAppender: appendEntries Timeout, request=4eec4314-a089-48fe-8241-8a8066126e3f->52078b41-1f38-4037-a826-db5ef9cf1b82#222-t2, previous=(t:2, i:19), leaderCommit=15, initializing? false, entries: <empty>
2019-09-16 19:13:07,037 [grpc-default-executor-5] WARN  server.GrpcLogAppender (LogUtils.java:warn(134)) - 4eec4314-a089-48fe-8241-8a8066126e3f@group-C8C33BDD9912->30fc0d14-cbc7-4743-b48a-59ef39c48768-AppendLogResponseHandler: Failed appendEntries: org.apache.ratis.thirdparty.io.grpc.StatusRuntimeException: UNAVAILABLE: io exception
2019-09-16 19:13:07,038 [grpc-default-executor-5] INFO  impl.FollowerInfo (FollowerInfo.java:lambda$new$0(51)) - 4eec4314-a089-48fe-8241-8a8066126e3f@group-C8C33BDD9912->30fc0d14-cbc7-4743-b48a-59ef39c48768: nextIndex: updateUnconditionally 0 -> 0
2019-09-16 19:13:07,520 [java.util.concurrent.ThreadPoolExecutor$Worker@4d174f1d[State = -1, empty queue]] WARN  server.GrpcLogAppender (GrpcLogAppender.java:timeoutAppendRequest(200)) - 4eec4314-a089-48fe-8241-8a8066126e3f@group-C8C33BDD9912->52078b41-1f38-4037-a826-db5ef9cf1b82-GrpcLogAppender: appendEntries Timeout, request=4eec4314-a089-48fe-8241-8a8066126e3f->52078b41-1f38-4037-a826-db5ef9cf1b82#223-t2, previous=(t:2, i:19), leaderCommit=15, initializing? false, entries: <empty>
2019-09-16 19:13:07,541 [grpc-default-executor-4] WARN  server.GrpcLogAppender (LogUtils.java:warn(134)) - 4eec4314-a089-48fe-8241-8a8066126e3f@group-C8C33BDD9912->30fc0d14-cbc7-4743-b48a-59ef39c48768-AppendLogResponseHandler: Failed appendEntries: org.apache.ratis.thirdparty.io.grpc.StatusRuntimeException: UNAVAILABLE: io exception
2019-09-16 19:13:07,542 [grpc-default-executor-4] INFO  impl.FollowerInfo (FollowerInfo.java:lambda$new$0(51)) - 4eec4314-a089-48fe-8241-8a8066126e3f@group-C8C33BDD9912->30fc0d14-cbc7-4743-b48a-59ef39c48768: nextIndex: updateUnconditionally 0 -> 0
2019-09-16 19:13:07,652 [main] INFO  ozoneimpl.OzoneContainer (OzoneContainer.java:stop(231)) - Attempting to stop container services.
2019-09-16 19:13:07,653 [main] INFO  impl.RaftServerProxy (RaftServerProxy.java:lambda$close$4(314)) - 4eec4314-a089-48fe-8241-8a8066126e3f: close
2019-09-16 19:13:07,654 [main] INFO  impl.RaftServerImpl (RaftServerImpl.java:lambda$shutdown$3(251)) - 4eec4314-a089-48fe-8241-8a8066126e3f@group-C8C33BDD9912: shutdown
2019-09-16 19:13:07,654 [main] INFO  util.JmxRegister (JmxRegister.java:unregister(73)) - Successfully un-registered JMX Bean with object name Ratis:service=RaftServer,group=group-C8C33BDD9912,id=4eec4314-a089-48fe-8241-8a8066126e3f
2019-09-16 19:13:07,654 [main] INFO  impl.RoleInfo (RoleInfo.java:shutdownLeaderState(104)) - 4eec4314-a089-48fe-8241-8a8066126e3f: shutdown LeaderState
2019-09-16 19:13:07,661 [main] INFO  impl.PendingRequests (PendingRequests.java:sendNotLeaderResponses(202)) - 4eec4314-a089-48fe-8241-8a8066126e3f-PendingRequests: sendNotLeaderResponses
2019-09-16 19:13:07,661 [org.apache.ratis.server.impl.LogAppender$AppenderDaemon$$Lambda$503/309922067@4d2dced2] WARN  server.GrpcLogAppender (GrpcLogAppender.java:mayWait(143)) - 4eec4314-a089-48fe-8241-8a8066126e3f@group-C8C33BDD9912->52078b41-1f38-4037-a826-db5ef9cf1b82-GrpcLogAppender: Wait interrupted by java.lang.InterruptedException
2019-09-16 19:13:07,661 [org.apache.ratis.server.impl.LogAppender$AppenderDaemon$$Lambda$503/309922067@4271d586] WARN  server.GrpcLogAppender (GrpcLogAppender.java:mayWait(143)) - 4eec4314-a089-48fe-8241-8a8066126e3f@group-C8C33BDD9912->30fc0d14-cbc7-4743-b48a-59ef39c48768-GrpcLogAppender: Wait interrupted by java.lang.InterruptedException
2019-09-16 19:13:07,665 [grpc-default-executor-4] INFO  server.GrpcServerProtocolService (GrpcServerProtocolService.java:onCompleted(113)) - 52078b41-1f38-4037-a826-db5ef9cf1b82: Completed APPEND_ENTRIES, lastRequest: 4eec4314-a089-48fe-8241-8a8066126e3f->52078b41-1f38-4037-a826-db5ef9cf1b82#229-t2, previous=(t:2, i:19), leaderCommit=15, initializing? false, entries: <empty>
2019-09-16 19:13:07,665 [main] INFO  impl.StateMachineUpdater (StateMachineUpdater.java:stopAndJoin(125)) - 4eec4314-a089-48fe-8241-8a8066126e3f@group-C8C33BDD9912-StateMachineUpdater: set stopIndex = 15
2019-09-16 19:13:07,665 [4eec4314-a089-48fe-8241-8a8066126e3f@group-C8C33BDD9912-StateMachineUpdater] INFO  ratis.ContainerStateMachine (ContainerStateMachine.java:takeSnapshot(289)) - group-C8C33BDD9912: Taking a snapshot at:(t:2, i:13) file /workdir/hadoop-ozone/integration-test/target/test-dir/MiniOzoneClusterImpl-3fc8568e-3664-4be6-9c60-644bdcd1012a/datanode-7/data/ratis/21907c1c-dbc7-4108-aded-c8c33bdd9912/sm/snapshot.2_13
2019-09-16 19:13:07,668 [grpc-default-executor-4] INFO  server.GrpcLogAppender (GrpcLogAppender.java:onCompleted(293)) - 4eec4314-a089-48fe-8241-8a8066126e3f@group-C8C33BDD9912->52078b41-1f38-4037-a826-db5ef9cf1b82-AppendLogResponseHandler: follower responses appendEntries COMPLETED
2019-09-16 19:13:07,668 [grpc-default-executor-4] INFO  impl.FollowerInfo (FollowerInfo.java:lambda$new$0(51)) - 4eec4314-a089-48fe-8241-8a8066126e3f@group-C8C33BDD9912->52078b41-1f38-4037-a826-db5ef9cf1b82: nextIndex: updateUnconditionally 20 -> 16
2019-09-16 19:13:07,680 [ForkJoinPool.commonPool-worker-0] INFO  ozoneimpl.OzoneContainer (OzoneContainer.java:stop(231)) - Attempting to stop container services.
2019-09-16 19:13:07,680 [ForkJoinPool.commonPool-worker-0] INFO  impl.RaftServerProxy (RaftServerProxy.java:lambda$close$4(314)) - 52078b41-1f38-4037-a826-db5ef9cf1b82: close
2019-09-16 19:13:07,680 [4eec4314-a089-48fe-8241-8a8066126e3f@group-C8C33BDD9912-StateMachineUpdater] INFO  ratis.ContainerStateMachine (ContainerStateMachine.java:takeSnapshot(300)) - group-C8C33BDD9912: Finished taking a snapshot at:(t:2, i:13) file:/workdir/hadoop-ozone/integration-test/target/test-dir/MiniOzoneClusterImpl-3fc8568e-3664-4be6-9c60-644bdcd1012a/datanode-7/data/ratis/21907c1c-dbc7-4108-aded-c8c33bdd9912/sm/snapshot.2_13 time:14
2019-09-16 19:13:07,680 [ForkJoinPool.commonPool-worker-0] INFO  impl.RaftServerImpl (RaftServerImpl.java:lambda$shutdown$3(251)) - 52078b41-1f38-4037-a826-db5ef9cf1b82@group-C8C33BDD9912: shutdown
2019-09-16 19:13:07,680 [4eec4314-a089-48fe-8241-8a8066126e3f@group-C8C33BDD9912-StateMachineUpdater] INFO  impl.StateMachineUpdater (StateMachineUpdater.java:takeSnapshot(258)) - 4eec4314-a089-48fe-8241-8a8066126e3f@group-C8C33BDD9912-StateMachineUpdater: Took a snapshot at index 13
2019-09-16 19:13:07,681 [ForkJoinPool.commonPool-worker-0] INFO  util.JmxRegister (JmxRegister.java:unregister(73)) - Successfully un-registered JMX Bean with object name Ratis:service=RaftServer,group=group-C8C33BDD9912,id=52078b41-1f38-4037-a826-db5ef9cf1b82
2019-09-16 19:13:07,681 [4eec4314-a089-48fe-8241-8a8066126e3f@group-C8C33BDD9912-StateMachineUpdater] INFO  impl.StateMachineUpdater (StateMachineUpdater.java:lambda$new$0(83)) - 4eec4314-a089-48fe-8241-8a8066126e3f@group-C8C33BDD9912-StateMachineUpdater: snapshotIndex: updateIncreasingly -1 -> 13
2019-09-16 19:13:07,681 [ForkJoinPool.commonPool-worker-0] INFO  impl.RoleInfo (RoleInfo.java:shutdownFollowerState(121)) - 52078b41-1f38-4037-a826-db5ef9cf1b82: shutdown FollowerState
2019-09-16 19:13:07,681 [4eec4314-a089-48fe-8241-8a8066126e3f@group-C8C33BDD9912-StateMachineUpdater] INFO  ratis.ContainerStateMachine (ContainerStateMachine.java:takeSnapshot(289)) - group-C8C33BDD9912: Taking a snapshot at:(t:2, i:13) file /workdir/hadoop-ozone/integration-test/target/test-dir/MiniOzoneClusterImpl-3fc8568e-3664-4be6-9c60-644bdcd1012a/datanode-7/data/ratis/21907c1c-dbc7-4108-aded-c8c33bdd9912/sm/snapshot.2_13
2019-09-16 19:13:07,681 [ForkJoinPool.commonPool-worker-0] INFO  impl.StateMachineUpdater (StateMachineUpdater.java:stopAndJoin(125)) - 52078b41-1f38-4037-a826-db5ef9cf1b82@group-C8C33BDD9912-StateMachineUpdater: set stopIndex = 15
2019-09-16 19:13:07,681 [Thread-409] INFO  impl.FollowerState (FollowerState.java:run(115)) - 52078b41-1f38-4037-a826-db5ef9cf1b82: FollowerState was interrupted: java.lang.InterruptedException: sleep interrupted
2019-09-16 19:13:07,681 [52078b41-1f38-4037-a826-db5ef9cf1b82@group-C8C33BDD9912-StateMachineUpdater] INFO  ratis.ContainerStateMachine (ContainerStateMachine.java:takeSnapshot(289)) - group-C8C33BDD9912: Taking a snapshot at:(t:2, i:13) file /workdir/hadoop-ozone/integration-test/target/test-dir/MiniOzoneClusterImpl-3fc8568e-3664-4be6-9c60-644bdcd1012a/datanode-1/data/ratis/21907c1c-dbc7-4108-aded-c8c33bdd9912/sm/snapshot.2_13
2019-09-16 19:13:07,695 [52078b41-1f38-4037-a826-db5ef9cf1b82@group-C8C33BDD9912-StateMachineUpdater] INFO  ratis.ContainerStateMachine (ContainerStateMachine.java:takeSnapshot(300)) - group-C8C33BDD9912: Finished taking a snapshot at:(t:2, i:13) file:/workdir/hadoop-ozone/integration-test/target/test-dir/MiniOzoneClusterImpl-3fc8568e-3664-4be6-9c60-644bdcd1012a/datanode-1/data/ratis/21907c1c-dbc7-4108-aded-c8c33bdd9912/sm/snapshot.2_13 time:13
2019-09-16 19:13:07,695 [4eec4314-a089-48fe-8241-8a8066126e3f@group-C8C33BDD9912-StateMachineUpdater] INFO  ratis.ContainerStateMachine (ContainerStateMachine.java:takeSnapshot(300)) - group-C8C33BDD9912: Finished taking a snapshot at:(t:2, i:13) file:/workdir/hadoop-ozone/integration-test/target/test-dir/MiniOzoneClusterImpl-3fc8568e-3664-4be6-9c60-644bdcd1012a/datanode-7/data/ratis/21907c1c-dbc7-4108-aded-c8c33bdd9912/sm/snapshot.2_13 time:13
2019-09-16 19:13:07,695 [52078b41-1f38-4037-a826-db5ef9cf1b82@group-C8C33BDD9912-StateMachineUpdater] INFO  impl.StateMachineUpdater (StateMachineUpdater.java:takeSnapshot(258)) - 52078b41-1f38-4037-a826-db5ef9cf1b82@group-C8C33BDD9912-StateMachineUpdater: Took a snapshot at index 13
2019-09-16 19:13:07,695 [4eec4314-a089-48fe-8241-8a8066126e3f@group-C8C33BDD9912-StateMachineUpdater] INFO  impl.StateMachineUpdater (StateMachineUpdater.java:takeSnapshot(258)) - 4eec4314-a089-48fe-8241-8a8066126e3f@group-C8C33BDD9912-StateMachineUpdater: Took a snapshot at index 13
2019-09-16 19:13:07,695 [52078b41-1f38-4037-a826-db5ef9cf1b82@group-C8C33BDD9912-StateMachineUpdater] INFO  impl.StateMachineUpdater (StateMachineUpdater.java:lambda$new$0(83)) - 52078b41-1f38-4037-a826-db5ef9cf1b82@group-C8C33BDD9912-StateMachineUpdater: snapshotIndex: updateIncreasingly -1 -> 13
2019-09-16 19:13:07,695 [4eec4314-a089-48fe-8241-8a8066126e3f@group-C8C33BDD9912-StateMachineUpdater] INFO  impl.StateMachineUpdater (StateMachineUpdater.java:lambda$new$0(83)) - 4eec4314-a089-48fe-8241-8a8066126e3f@group-C8C33BDD9912-StateMachineUpdater: snapshotIndex: updateIncreasingly 13 -> 13
2019-09-16 19:13:07,696 [main] INFO  impl.RaftServerImpl (ServerState.java:close(385)) - 4eec4314-a089-48fe-8241-8a8066126e3f@group-C8C33BDD9912: closes. applyIndex: 15
2019-09-16 19:13:07,696 [52078b41-1f38-4037-a826-db5ef9cf1b82@group-C8C33BDD9912-StateMachineUpdater] INFO  ratis.ContainerStateMachine (ContainerStateMachine.java:takeSnapshot(289)) - group-C8C33BDD9912: Taking a snapshot at:(t:2, i:13) file /workdir/hadoop-ozone/integration-test/target/test-dir/MiniOzoneClusterImpl-3fc8568e-3664-4be6-9c60-644bdcd1012a/datanode-1/data/ratis/21907c1c-dbc7-4108-aded-c8c33bdd9912/sm/snapshot.2_13
2019-09-16 19:13:07,698 [4eec4314-a089-48fe-8241-8a8066126e3f@group-C8C33BDD9912-SegmentedRaftLogWorker] ERROR ratis.XceiverServerRatis (XceiverServerRatis.java:triggerPipelineClose(568)) - pipeline Action CLOSE  on pipeline PipelineID=21907c1c-dbc7-4108-aded-c8c33bdd9912.Reason : WriteLog:18: (t:2, i:18), STATEMACHINELOGENTRY, client-C26E20CEB926, cid=40-writeStateMachineData interrupted.
2019-09-16 19:13:07,709 [main] INFO  segmented.SegmentedRaftLogWorker (SegmentedRaftLogWorker.java:close(228)) - 4eec4314-a089-48fe-8241-8a8066126e3f@group-C8C33BDD9912-SegmentedRaftLogWorker close()
2019-09-16 19:13:07,709 [52078b41-1f38-4037-a826-db5ef9cf1b82@group-C8C33BDD9912-StateMachineUpdater] INFO  ratis.ContainerStateMachine (ContainerStateMachine.java:takeSnapshot(300)) - group-C8C33BDD9912: Finished taking a snapshot at:(t:2, i:13) file:/workdir/hadoop-ozone/integration-test/target/test-dir/MiniOzoneClusterImpl-3fc8568e-3664-4be6-9c60-644bdcd1012a/datanode-1/data/ratis/21907c1c-dbc7-4108-aded-c8c33bdd9912/sm/snapshot.2_13 time:13
2019-09-16 19:13:07,710 [52078b41-1f38-4037-a826-db5ef9cf1b82@group-C8C33BDD9912-StateMachineUpdater] INFO  impl.StateMachineUpdater (StateMachineUpdater.java:takeSnapshot(258)) - 52078b41-1f38-4037-a826-db5ef9cf1b82@group-C8C33BDD9912-StateMachineUpdater: Took a snapshot at index 13
2019-09-16 19:13:07,710 [main] INFO  impl.RaftServerImpl (RaftServerImpl.java:lambda$shutdown$3(251)) - 4eec4314-a089-48fe-8241-8a8066126e3f@group-FC884A642B4D: shutdown
2019-09-16 19:13:07,710 [52078b41-1f38-4037-a826-db5ef9cf1b82@group-C8C33BDD9912-StateMachineUpdater] INFO  impl.StateMachineUpdater (StateMachineUpdater.java:lambda$new$0(83)) - 52078b41-1f38-4037-a826-db5ef9cf1b82@group-C8C33BDD9912-StateMachineUpdater: snapshotIndex: updateIncreasingly 13 -> 13
2019-09-16 19:13:07,711 [main] INFO  util.JmxRegister (JmxRegister.java:unregister(73)) - Successfully un-registered JMX Bean with object name Ratis:service=RaftServer,group=group-FC884A642B4D,id=4eec4314-a089-48fe-8241-8a8066126e3f
2019-09-16 19:13:07,711 [ForkJoinPool.commonPool-worker-0] INFO  impl.RaftServerImpl (ServerState.java:close(385)) - 52078b41-1f38-4037-a826-db5ef9cf1b82@group-C8C33BDD9912: closes. applyIndex: 15
2019-09-16 19:13:07,711 [main] INFO  impl.RoleInfo (RoleInfo.java:shutdownLeaderState(104)) - 4eec4314-a089-48fe-8241-8a8066126e3f: shutdown LeaderState
2019-09-16 19:13:07,713 [52078b41-1f38-4037-a826-db5ef9cf1b82@group-C8C33BDD9912-SegmentedRaftLogWorker] ERROR ratis.XceiverServerRatis (XceiverServerRatis.java:triggerPipelineClose(568)) - pipeline Action CLOSE  on pipeline PipelineID=21907c1c-dbc7-4108-aded-c8c33bdd9912.Reason : WriteLog:18: (t:2, i:18), STATEMACHINELOGENTRY, client-C26E20CEB926, cid=40-writeStateMachineData interrupted.
2019-09-16 19:13:07,713 [main] INFO  impl.PendingRequests (PendingRequests.java:sendNotLeaderResponses(202)) - 4eec4314-a089-48fe-8241-8a8066126e3f-PendingRequests: sendNotLeaderResponses
2019-09-16 19:13:07,714 [main] INFO  impl.StateMachineUpdater (StateMachineUpdater.java:stopAndJoin(125)) - 4eec4314-a089-48fe-8241-8a8066126e3f@group-FC884A642B4D-StateMachineUpdater: set stopIndex = 0
2019-09-16 19:13:07,715 [main] INFO  impl.RaftServerImpl (ServerState.java:close(385)) - 4eec4314-a089-48fe-8241-8a8066126e3f@group-FC884A642B4D: closes. applyIndex: 0
2019-09-16 19:13:07,716 [4eec4314-a089-48fe-8241-8a8066126e3f@group-FC884A642B4D-SegmentedRaftLogWorker] INFO  segmented.SegmentedRaftLogWorker (SegmentedRaftLogWorker.java:run(313)) - 4eec4314-a089-48fe-8241-8a8066126e3f@group-FC884A642B4D-SegmentedRaftLogWorker was interrupted, exiting. There are 0 tasks remaining in the queue.
2019-09-16 19:13:07,716 [main] INFO  segmented.SegmentedRaftLogWorker (SegmentedRaftLogWorker.java:close(228)) - 4eec4314-a089-48fe-8241-8a8066126e3f@group-FC884A642B4D-SegmentedRaftLogWorker close()
2019-09-16 19:13:07,718 [main] INFO  server.GrpcService (GrpcService.java:closeImpl(164)) - 4eec4314-a089-48fe-8241-8a8066126e3f: shutdown server with port 36988 now
2019-09-16 19:13:07,719 [main] INFO  server.GrpcService (GrpcService.java:closeImpl(172)) - 4eec4314-a089-48fe-8241-8a8066126e3f: shutdown server with port 36988 successfully
2019-09-16 19:13:07,725 [ForkJoinPool.commonPool-worker-0] INFO  segmented.SegmentedRaftLogWorker (SegmentedRaftLogWorker.java:close(228)) - 52078b41-1f38-4037-a826-db5ef9cf1b82@group-C8C33BDD9912-SegmentedRaftLogWorker close()
2019-09-16 19:13:07,726 [ForkJoinPool.commonPool-worker-0] INFO  impl.RaftServerImpl (RaftServerImpl.java:lambda$shutdown$3(251)) - 52078b41-1f38-4037-a826-db5ef9cf1b82@group-F311EA782AE4: shutdown
2019-09-16 19:13:07,726 [ForkJoinPool.commonPool-worker-0] INFO  util.JmxRegister (JmxRegister.java:unregister(73)) - Successfully un-registered JMX Bean with object name Ratis:service=RaftServer,group=group-F311EA782AE4,id=52078b41-1f38-4037-a826-db5ef9cf1b82
2019-09-16 19:13:07,726 [refreshUsed-/workdir/hadoop-ozone/integration-test/target/test-dir/MiniOzoneClusterImpl-3fc8568e-3664-4be6-9c60-644bdcd1012a/datanode-7/data/containers] WARN  fs.CachingGetSpaceUsed (CachingGetSpaceUsed.java:run(183)) - Thread Interrupted waiting to refresh disk information: sleep interrupted
2019-09-16 19:13:07,727 [ForkJoinPool.commonPool-worker-0] INFO  impl.RoleInfo (RoleInfo.java:shutdownLeaderState(104)) - 52078b41-1f38-4037-a826-db5ef9cf1b82: shutdown LeaderState
2019-09-16 19:13:07,727 [ForkJoinPool.commonPool-worker-0] INFO  impl.PendingRequests (PendingRequests.java:sendNotLeaderResponses(202)) - 52078b41-1f38-4037-a826-db5ef9cf1b82-PendingRequests: sendNotLeaderResponses
2019-09-16 19:13:07,727 [ForkJoinPool.commonPool-worker-0] INFO  impl.StateMachineUpdater (StateMachineUpdater.java:stopAndJoin(125)) - 52078b41-1f38-4037-a826-db5ef9cf1b82@group-F311EA782AE4-StateMachineUpdater: set stopIndex = 0
2019-09-16 19:13:07,728 [ForkJoinPool.commonPool-worker-0] INFO  impl.RaftServerImpl (ServerState.java:close(385)) - 52078b41-1f38-4037-a826-db5ef9cf1b82@group-F311EA782AE4: closes. applyIndex: 0
2019-09-16 19:13:07,728 [52078b41-1f38-4037-a826-db5ef9cf1b82@group-F311EA782AE4-SegmentedRaftLogWorker] INFO  segmented.SegmentedRaftLogWorker (SegmentedRaftLogWorker.java:run(313)) - 52078b41-1f38-4037-a826-db5ef9cf1b82@group-F311EA782AE4-SegmentedRaftLogWorker was interrupted, exiting. There are 0 tasks remaining in the queue.
2019-09-16 19:13:07,728 [ForkJoinPool.commonPool-worker-0] INFO  segmented.SegmentedRaftLogWorker (SegmentedRaftLogWorker.java:close(228)) - 52078b41-1f38-4037-a826-db5ef9cf1b82@group-F311EA782AE4-SegmentedRaftLogWorker close()
2019-09-16 19:13:07,730 [ForkJoinPool.commonPool-worker-0] INFO  server.GrpcService (GrpcService.java:closeImpl(164)) - 52078b41-1f38-4037-a826-db5ef9cf1b82: shutdown server with port 44314 now
2019-09-16 19:13:07,730 [ForkJoinPool.commonPool-worker-0] INFO  server.GrpcService (GrpcService.java:closeImpl(172)) - 52078b41-1f38-4037-a826-db5ef9cf1b82: shutdown server with port 44314 successfully
2019-09-16 19:13:07,731 [refreshUsed-/workdir/hadoop-ozone/integration-test/target/test-dir/MiniOzoneClusterImpl-3fc8568e-3664-4be6-9c60-644bdcd1012a/datanode-1/data/containers] WARN  fs.CachingGetSpaceUsed (CachingGetSpaceUsed.java:run(183)) - Thread Interrupted waiting to refresh disk information: sleep interrupted
2019-09-16 19:13:07,746 [ForkJoinPool.commonPool-worker-0] INFO  utils.BackgroundService (BackgroundService.java:shutdown(148)) - Shutting down service BlockDeletingService
2019-09-16 19:13:07,746 [main] INFO  utils.BackgroundService (BackgroundService.java:shutdown(148)) - Shutting down service BlockDeletingService
2019-09-16 19:13:07,749 [ForkJoinPool.commonPool-worker-0] INFO  statemachine.DatanodeStateMachine (DatanodeStateMachine.java:stopDaemon(395)) - Ozone container server stopped.
2019-09-16 19:13:07,752 [main] INFO  statemachine.DatanodeStateMachine (DatanodeStateMachine.java:stopDaemon(395)) - Ozone container server stopped.
2019-09-16 19:13:07,754 [ForkJoinPool.commonPool-worker-0] INFO  handler.ContextHandler (ContextHandler.java:doStop(910)) - Stopped o.e.j.w.WebAppContext@6f94a5a5{/,null,UNAVAILABLE}{/hddsDatanode}
2019-09-16 19:13:07,754 [main] INFO  handler.ContextHandler (ContextHandler.java:doStop(910)) - Stopped o.e.j.w.WebAppContext@2f4e40d7{/,null,UNAVAILABLE}{/hddsDatanode}
2019-09-16 19:13:07,755 [ForkJoinPool.commonPool-worker-0] INFO  server.AbstractConnector (AbstractConnector.java:doStop(318)) - Stopped ServerConnector@455c1d8c{HTTP/1.1,[http/1.1]}{0.0.0.0:0}
2019-09-16 19:13:07,755 [main] INFO  server.AbstractConnector (AbstractConnector.java:doStop(318)) - Stopped ServerConnector@60e9c3a5{HTTP/1.1,[http/1.1]}{0.0.0.0:0}
2019-09-16 19:13:07,756 [ForkJoinPool.commonPool-worker-0] INFO  handler.ContextHandler (ContextHandler.java:doStop(910)) - Stopped o.e.j.s.ServletContextHandler@1e7ab390{/static,jar:file:/home/user/.m2/repository/org/apache/hadoop/hadoop-hdds-container-service/0.5.0-SNAPSHOT/hadoop-hdds-container-service-0.5.0-SNAPSHOT.jar!/webapps/static,UNAVAILABLE}
2019-09-16 19:13:07,756 [main] INFO  handler.ContextHandler (ContextHandler.java:doStop(910)) - Stopped o.e.j.s.ServletContextHandler@75181b50{/static,jar:file:/home/user/.m2/repository/org/apache/hadoop/hadoop-hdds-container-service/0.5.0-SNAPSHOT/hadoop-hdds-container-service-0.5.0-SNAPSHOT.jar!/webapps/static,UNAVAILABLE}
2019-09-16 19:13:07,757 [ForkJoinPool.commonPool-worker-0] INFO  handler.ContextHandler (ContextHandler.java:doStop(910)) - Stopped o.e.j.s.ServletContextHandler@15400fff{/logs,file:///workdir/hadoop-ozone/integration-test/target/log,UNAVAILABLE}
2019-09-16 19:13:07,757 [main] INFO  handler.ContextHandler (ContextHandler.java:doStop(910)) - Stopped o.e.j.s.ServletContextHandler@7a81065e{/logs,file:///workdir/hadoop-ozone/integration-test/target/log,UNAVAILABLE}
2019-09-16 19:13:07,759 [main] INFO  ozone.MiniOzoneClusterImpl (MiniOzoneClusterImpl.java:stop(339)) - Stopping the StorageContainerManager
2019-09-16 19:13:07,759 [main] INFO  server.StorageContainerManager (StorageContainerManager.java:stop(801)) - Stopping Replication Manager Service.
2019-09-16 19:13:07,759 [main] INFO  container.ReplicationManager (ReplicationManager.java:stop(203)) - Stopping Replication Monitor Thread.
2019-09-16 19:13:07,759 [main] INFO  server.StorageContainerManager (StorageContainerManager.java:stop(808)) - Stopping Lease Manager of the command watchers
2019-09-16 19:13:07,760 [main] INFO  server.StorageContainerManager (StorageContainerManager.java:stop(815)) - Stopping datanode service RPC server
2019-09-16 19:13:07,760 [main] INFO  server.SCMDatanodeProtocolServer (SCMDatanodeProtocolServer.java:stop(367)) - Stopping the RPC server for DataNodes
2019-09-16 19:13:07,760 [main] INFO  ipc.Server (Server.java:stop(3082)) - Stopping server on 44324
2019-09-16 19:13:07,762 [IPC Server listener on 44324] INFO  ipc.Server (Server.java:run(1185)) - Stopping IPC Server listener on 44324
2019-09-16 19:13:07,762 [IPC Server Responder] INFO  ipc.Server (Server.java:run(1319)) - Stopping IPC Server Responder
2019-09-16 19:13:07,794 [SCM Heartbeat Processing Thread - 0] WARN  node.NodeStateManager (NodeStateManager.java:scheduleNextHealthCheck(646)) - Current Thread is interrupted, shutting down HB processing thread for Node Manager.
2019-09-16 19:13:07,794 [main] INFO  server.StorageContainerManager (StorageContainerManager.java:stop(823)) - Stopping block service RPC server
2019-09-16 19:13:07,794 [main] INFO  server.SCMBlockProtocolServer (SCMBlockProtocolServer.java:stop(155)) - Stopping the RPC server for Block Protocol
2019-09-16 19:13:07,794 [main] INFO  ipc.Server (Server.java:stop(3082)) - Stopping server on 34136
2019-09-16 19:13:07,796 [IPC Server listener on 34136] INFO  ipc.Server (Server.java:run(1185)) - Stopping IPC Server listener on 34136
2019-09-16 19:13:07,796 [main] INFO  server.StorageContainerManager (StorageContainerManager.java:stop(830)) - Stopping the StorageContainerLocationProtocol RPC server
2019-09-16 19:13:07,796 [IPC Server Responder] INFO  ipc.Server (Server.java:run(1319)) - Stopping IPC Server Responder
2019-09-16 19:13:07,797 [main] INFO  server.SCMClientProtocolServer (SCMClientProtocolServer.java:stop(159)) - Stopping the RPC server for Client Protocol
2019-09-16 19:13:07,797 [main] INFO  ipc.Server (Server.java:stop(3082)) - Stopping server on 43509
2019-09-16 19:13:07,798 [IPC Server listener on 43509] INFO  ipc.Server (Server.java:run(1185)) - Stopping IPC Server listener on 43509
2019-09-16 19:13:07,798 [main] INFO  server.StorageContainerManager (StorageContainerManager.java:stop(837)) - Stopping Storage Container Manager HTTP server.
2019-09-16 19:13:07,799 [IPC Server Responder] INFO  ipc.Server (Server.java:run(1319)) - Stopping IPC Server Responder
2019-09-16 19:13:07,799 [main] INFO  handler.ContextHandler (ContextHandler.java:doStop(910)) - Stopped o.e.j.w.WebAppContext@4152d38d{/,null,UNAVAILABLE}{/scm}
2019-09-16 19:13:07,800 [main] INFO  server.AbstractConnector (AbstractConnector.java:doStop(318)) - Stopped ServerConnector@db44aa2{HTTP/1.1,[http/1.1]}{0.0.0.0:0}
2019-09-16 19:13:07,800 [main] INFO  handler.ContextHandler (ContextHandler.java:doStop(910)) - Stopped o.e.j.s.ServletContextHandler@299321e2{/static,file:///workdir/hadoop-ozone/integration-test/target/test-classes/webapps/static,UNAVAILABLE}
2019-09-16 19:13:07,801 [main] INFO  handler.ContextHandler (ContextHandler.java:doStop(910)) - Stopped o.e.j.s.ServletContextHandler@d3957fe{/logs,file:///workdir/hadoop-ozone/integration-test/target/log,UNAVAILABLE}
2019-09-16 19:13:07,802 [main] INFO  server.StorageContainerManager (StorageContainerManager.java:stop(848)) - Stopping Block Manager Service.
2019-09-16 19:13:07,802 [main] INFO  utils.BackgroundService (BackgroundService.java:shutdown(148)) - Shutting down service SCMBlockDeletingService
2019-09-16 19:13:07,803 [main] INFO  utils.BackgroundService (BackgroundService.java:shutdown(148)) - Shutting down service SCMBlockDeletingService
2019-09-16 19:13:07,803 [main] INFO  server.StorageContainerManager (StorageContainerManager.java:stop(870)) - Stopping SCM Event Queue.
2019-09-16 19:13:07,812 [main] INFO  impl.MetricsSystemImpl (MetricsSystemImpl.java:stop(210)) - Stopping XceiverClientMetrics metrics system...
2019-09-16 19:13:07,823 [prometheus] INFO  impl.MetricsSinkAdapter (MetricsSinkAdapter.java:publishMetricsFromQueue(141)) - prometheus thread interrupted.
2019-09-16 19:13:07,823 [main] INFO  impl.MetricsSystemImpl (MetricsSystemImpl.java:stop(216)) - XceiverClientMetrics metrics system stopped.
]]></system-out>
    <system-err><![CDATA[ERROR StatusLogger No Log4j 2 configuration file found. Using default configuration (logging only errors to the console), or user programmatically provided configurations. Set system property 'log4j2.debug' to show Log4j 2 internal initialization logging. See https://logging.apache.org/log4j/2.x/manual/configuration.html for instructions on how to configure Log4j 2
Sep 16, 2019 7:12:10 PM org.apache.ratis.thirdparty.io.grpc.internal.SerializingExecutor run
SEVERE: Exception while executing runnable org.apache.ratis.thirdparty.io.grpc.internal.ServerImpl$JumpToApplicationThreadServerStreamListener$1Closed@4f9ec0a
org.apache.ratis.thirdparty.io.grpc.StatusRuntimeException: CANCELLED: call already cancelled
	at org.apache.ratis.thirdparty.io.grpc.Status.asRuntimeException(Status.java:517)
	at org.apache.ratis.thirdparty.io.grpc.stub.ServerCalls$ServerCallStreamObserverImpl.onCompleted(ServerCalls.java:356)
	at org.apache.ratis.grpc.server.GrpcServerProtocolService$ServerRequestStreamObserver.onError(GrpcServerProtocolService.java:121)
	at org.apache.ratis.thirdparty.io.grpc.stub.ServerCalls$StreamingServerCallHandler$StreamingServerCallListener.onCancel(ServerCalls.java:269)
	at org.apache.ratis.thirdparty.io.grpc.internal.ServerCallImpl$ServerStreamListenerImpl.closed(ServerCallImpl.java:293)
	at org.apache.ratis.thirdparty.io.grpc.internal.ServerImpl$JumpToApplicationThreadServerStreamListener$1Closed.runInContext(ServerImpl.java:741)
	at org.apache.ratis.thirdparty.io.grpc.internal.ContextRunnable.run(ContextRunnable.java:37)
	at org.apache.ratis.thirdparty.io.grpc.internal.SerializingExecutor.run(SerializingExecutor.java:123)
	at java.util.concurrent.ThreadPoolExecutor.runWorker(ThreadPoolExecutor.java:1149)
	at java.util.concurrent.ThreadPoolExecutor$Worker.run(ThreadPoolExecutor.java:624)
	at java.lang.Thread.run(Thread.java:748)

Sep 16, 2019 7:12:52 PM org.apache.ratis.thirdparty.io.grpc.internal.SerializingExecutor run
SEVERE: Exception while executing runnable org.apache.ratis.thirdparty.io.grpc.internal.ServerImpl$JumpToApplicationThreadServerStreamListener$1Closed@3350265d
org.apache.ratis.thirdparty.io.grpc.StatusRuntimeException: CANCELLED: call already cancelled
	at org.apache.ratis.thirdparty.io.grpc.Status.asRuntimeException(Status.java:517)
	at org.apache.ratis.thirdparty.io.grpc.stub.ServerCalls$ServerCallStreamObserverImpl.onCompleted(ServerCalls.java:356)
	at org.apache.ratis.grpc.server.GrpcServerProtocolService$ServerRequestStreamObserver.onError(GrpcServerProtocolService.java:121)
	at org.apache.ratis.thirdparty.io.grpc.stub.ServerCalls$StreamingServerCallHandler$StreamingServerCallListener.onCancel(ServerCalls.java:269)
	at org.apache.ratis.thirdparty.io.grpc.internal.ServerCallImpl$ServerStreamListenerImpl.closed(ServerCallImpl.java:293)
	at org.apache.ratis.thirdparty.io.grpc.internal.ServerImpl$JumpToApplicationThreadServerStreamListener$1Closed.runInContext(ServerImpl.java:741)
	at org.apache.ratis.thirdparty.io.grpc.internal.ContextRunnable.run(ContextRunnable.java:37)
	at org.apache.ratis.thirdparty.io.grpc.internal.SerializingExecutor.run(SerializingExecutor.java:123)
	at java.util.concurrent.ThreadPoolExecutor.runWorker(ThreadPoolExecutor.java:1149)
	at java.util.concurrent.ThreadPoolExecutor$Worker.run(ThreadPoolExecutor.java:624)
	at java.lang.Thread.run(Thread.java:748)

Sep 16, 2019 7:12:57 PM org.apache.ratis.thirdparty.io.grpc.internal.SerializingExecutor run
SEVERE: Exception while executing runnable org.apache.ratis.thirdparty.io.grpc.internal.ServerImpl$JumpToApplicationThreadServerStreamListener$1Closed@7ab86b22
org.apache.ratis.thirdparty.io.grpc.StatusRuntimeException: CANCELLED: call already cancelled
	at org.apache.ratis.thirdparty.io.grpc.Status.asRuntimeException(Status.java:517)
	at org.apache.ratis.thirdparty.io.grpc.stub.ServerCalls$ServerCallStreamObserverImpl.onCompleted(ServerCalls.java:356)
	at org.apache.ratis.grpc.server.GrpcServerProtocolService$ServerRequestStreamObserver.onError(GrpcServerProtocolService.java:121)
	at org.apache.ratis.thirdparty.io.grpc.stub.ServerCalls$StreamingServerCallHandler$StreamingServerCallListener.onCancel(ServerCalls.java:269)
	at org.apache.ratis.thirdparty.io.grpc.internal.ServerCallImpl$ServerStreamListenerImpl.closed(ServerCallImpl.java:293)
	at org.apache.ratis.thirdparty.io.grpc.internal.ServerImpl$JumpToApplicationThreadServerStreamListener$1Closed.runInContext(ServerImpl.java:741)
	at org.apache.ratis.thirdparty.io.grpc.internal.ContextRunnable.run(ContextRunnable.java:37)
	at org.apache.ratis.thirdparty.io.grpc.internal.SerializingExecutor.run(SerializingExecutor.java:123)
	at java.util.concurrent.ThreadPoolExecutor.runWorker(ThreadPoolExecutor.java:1149)
	at java.util.concurrent.ThreadPoolExecutor$Worker.run(ThreadPoolExecutor.java:624)
	at java.lang.Thread.run(Thread.java:748)

]]></system-err>
  </testcase>
  <testcase name="testMultiBlockWritesWithDnFailures" classname="org.apache.hadoop.ozone.client.rpc.TestMultiBlockWritesWithDnFailures" time="43.807"/>
</testsuite>