<?xml version="1.0" encoding="UTF-8"?>
<testsuite xmlns:xsi="http://www.w3.org/2001/XMLSchema-instance" xsi:noNamespaceSchemaLocation="https://maven.apache.org/surefire/maven-surefire-plugin/xsd/surefire-test-report.xsd" name="org.apache.hadoop.ozone.client.rpc.TestBlockOutputStream" time="598.188" tests="6" errors="0" skipped="0" failures="3">
  <properties>
    <property name="awt.toolkit" value="sun.awt.X11.XToolkit"/>
    <property name="file.encoding.pkg" value="sun.io"/>
    <property name="java.specification.version" value="1.8"/>
    <property name="sun.cpu.isalist" value=""/>
    <property name="sun.jnu.encoding" value="UTF-8"/>
    <property name="java.class.path" value="/workdir/hadoop-ozone/integration-test/target/test-classes:/workdir/hadoop-ozone/integration-test/target/classes:/home/user/.m2/repository/org/apache/hadoop/hadoop-ozone-common/0.5.0-SNAPSHOT/hadoop-ozone-common-0.5.0-SNAPSHOT.jar:/home/user/.m2/repository/org/apache/commons/commons-compress/1.4.1/commons-compress-1.4.1.jar:/home/user/.m2/repository/org/tukaani/xz/1.0/xz-1.0.jar:/home/user/.m2/repository/org/apache/hadoop/hadoop-common/3.2.0/hadoop-common-3.2.0.jar:/home/user/.m2/repository/org/apache/hadoop/hadoop-hdfs/3.2.0/hadoop-hdfs-3.2.0.jar:/home/user/.m2/repository/org/apache/hadoop/hadoop-hdfs-client/3.2.0/hadoop-hdfs-client-3.2.0.jar:/home/user/.m2/repository/com/fasterxml/jackson/core/jackson-annotations/2.9.5/jackson-annotations-2.9.5.jar:/home/user/.m2/repository/org/apache/hadoop/hadoop-hdds-common/0.5.0-SNAPSHOT/hadoop-hdds-common-0.5.0-SNAPSHOT.jar:/home/user/.m2/repository/javax/annotation/javax.annotation-api/1.2/javax.annotation-api-1.2.jar:/home/user/.m2/repository/org/apache/ratis/ratis-server/0.4.0-78e95b9-SNAPSHOT/ratis-server-0.4.0-78e95b9-SNAPSHOT.jar:/home/user/.m2/repository/org/apache/ratis/ratis-thirdparty-misc/0.2.0/ratis-thirdparty-misc-0.2.0.jar:/home/user/.m2/repository/org/apache/ratis/ratis-proto/0.4.0-78e95b9-SNAPSHOT/ratis-proto-0.4.0-78e95b9-SNAPSHOT.jar:/home/user/.m2/repository/org/apache/ratis/ratis-common/0.4.0-78e95b9-SNAPSHOT/ratis-common-0.4.0-78e95b9-SNAPSHOT.jar:/home/user/.m2/repository/org/apache/ratis/ratis-client/0.4.0-78e95b9-SNAPSHOT/ratis-client-0.4.0-78e95b9-SNAPSHOT.jar:/home/user/.m2/repository/org/apache/ratis/ratis-metrics/0.4.0-78e95b9-SNAPSHOT/ratis-metrics-0.4.0-78e95b9-SNAPSHOT.jar:/home/user/.m2/repository/com/github/joshelser/dropwizard-metrics-hadoop-metrics2-reporter/0.1.2/dropwizard-metrics-hadoop-metrics2-reporter-0.1.2.jar:/home/user/.m2/repository/io/dropwizard/metrics/metrics-jvm/3.2.5/metrics-jvm-3.2.5.jar:/home/user/.m2/repository/io/dropwizard/metrics/metrics-ganglia/3.2.5/metrics-ganglia-3.2.5.jar:/home/user/.m2/repository/info/ganglia/gmetric4j/gmetric4j/1.0.7/gmetric4j-1.0.7.jar:/home/user/.m2/repository/org/apache/ratis/ratis-netty/0.4.0-78e95b9-SNAPSHOT/ratis-netty-0.4.0-78e95b9-SNAPSHOT.jar:/home/user/.m2/repository/org/apache/ratis/ratis-grpc/0.4.0-78e95b9-SNAPSHOT/ratis-grpc-0.4.0-78e95b9-SNAPSHOT.jar:/home/user/.m2/repository/org/rocksdb/rocksdbjni/6.0.1/rocksdbjni-6.0.1.jar:/home/user/.m2/repository/org/apache/logging/log4j/log4j-api/2.11.0/log4j-api-2.11.0.jar:/home/user/.m2/repository/org/apache/logging/log4j/log4j-core/2.11.0/log4j-core-2.11.0.jar:/home/user/.m2/repository/com/lmax/disruptor/3.4.2/disruptor-3.4.2.jar:/home/user/.m2/repository/org/apache/commons/commons-pool2/2.6.0/commons-pool2-2.6.0.jar:/home/user/.m2/repository/org/bouncycastle/bcpkix-jdk15on/1.60/bcpkix-jdk15on-1.60.jar:/home/user/.m2/repository/commons-validator/commons-validator/1.6/commons-validator-1.6.jar:/home/user/.m2/repository/commons-digester/commons-digester/1.8.1/commons-digester-1.8.1.jar:/home/user/.m2/repository/io/jaegertracing/jaeger-client/0.33.1/jaeger-client-0.33.1.jar:/home/user/.m2/repository/io/jaegertracing/jaeger-thrift/0.33.1/jaeger-thrift-0.33.1.jar:/home/user/.m2/repository/org/apache/thrift/libthrift/0.11.0/libthrift-0.11.0.jar:/home/user/.m2/repository/com/squareup/okhttp3/okhttp/3.9.0/okhttp-3.9.0.jar:/home/user/.m2/repository/com/squareup/okio/okio/1.13.0/okio-1.13.0.jar:/home/user/.m2/repository/io/jaegertracing/jaeger-core/0.33.1/jaeger-core-0.33.1.jar:/home/user/.m2/repository/io/jaegertracing/jaeger-tracerresolver/0.33.1/jaeger-tracerresolver-0.33.1.jar:/home/user/.m2/repository/io/opentracing/contrib/opentracing-tracerresolver/0.1.5/opentracing-tracerresolver-0.1.5.jar:/home/user/.m2/repository/io/opentracing/opentracing-util/0.31.0/opentracing-util-0.31.0.jar:/home/user/.m2/repository/io/opentracing/opentracing-api/0.31.0/opentracing-api-0.31.0.jar:/home/user/.m2/repository/io/opentracing/opentracing-noop/0.31.0/opentracing-noop-0.31.0.jar:/home/user/.m2/repository/org/apache/hadoop/hadoop-hdds-server-framework/0.5.0-SNAPSHOT/hadoop-hdds-server-framework-0.5.0-SNAPSHOT.jar:/home/user/.m2/repository/org/apache/hadoop/hadoop-hdds-container-service/0.5.0-SNAPSHOT/hadoop-hdds-container-service-0.5.0-SNAPSHOT.jar:/home/user/.m2/repository/org/apache/hadoop/hadoop-hdds-client/0.5.0-SNAPSHOT/hadoop-hdds-client-0.5.0-SNAPSHOT.jar:/home/user/.m2/repository/org/apache/hadoop/hadoop-hdds-tools/0.5.0-SNAPSHOT/hadoop-hdds-tools-0.5.0-SNAPSHOT.jar:/home/user/.m2/repository/org/apache/hadoop/hadoop-hdds-server-scm/0.5.0-SNAPSHOT/hadoop-hdds-server-scm-0.5.0-SNAPSHOT.jar:/home/user/.m2/repository/org/apache/hadoop/hadoop-hdds-docs/0.5.0-SNAPSHOT/hadoop-hdds-docs-0.5.0-SNAPSHOT.jar:/home/user/.m2/repository/io/dropwizard/metrics/metrics-core/3.2.4/metrics-core-3.2.4.jar:/home/user/.m2/repository/org/hamcrest/hamcrest-all/1.3/hamcrest-all-1.3.jar:/home/user/.m2/repository/org/bouncycastle/bcprov-jdk15on/1.60/bcprov-jdk15on-1.60.jar:/home/user/.m2/repository/info/picocli/picocli/3.9.6/picocli-3.9.6.jar:/home/user/.m2/repository/com/google/protobuf/protobuf-java/2.5.0/protobuf-java-2.5.0.jar:/home/user/.m2/repository/com/google/guava/guava/11.0.2/guava-11.0.2.jar:/home/user/.m2/repository/org/apache/hadoop/hadoop-ozone-ozone-manager/0.5.0-SNAPSHOT/hadoop-ozone-ozone-manager-0.5.0-SNAPSHOT.jar:/home/user/.m2/repository/org/apache/hadoop/hadoop-minikdc/3.2.0/hadoop-minikdc-3.2.0.jar:/home/user/.m2/repository/commons-io/commons-io/2.5/commons-io-2.5.jar:/home/user/.m2/repository/org/apache/kerby/kerb-simplekdc/1.0.1/kerb-simplekdc-1.0.1.jar:/home/user/.m2/repository/org/apache/kerby/kerb-client/1.0.1/kerb-client-1.0.1.jar:/home/user/.m2/repository/org/apache/kerby/kerby-config/1.0.1/kerby-config-1.0.1.jar:/home/user/.m2/repository/org/apache/kerby/kerb-core/1.0.1/kerb-core-1.0.1.jar:/home/user/.m2/repository/org/apache/kerby/kerby-pkix/1.0.1/kerby-pkix-1.0.1.jar:/home/user/.m2/repository/org/apache/kerby/kerby-asn1/1.0.1/kerby-asn1-1.0.1.jar:/home/user/.m2/repository/org/apache/kerby/kerby-util/1.0.1/kerby-util-1.0.1.jar:/home/user/.m2/repository/org/apache/kerby/kerb-common/1.0.1/kerb-common-1.0.1.jar:/home/user/.m2/repository/org/apache/kerby/kerb-crypto/1.0.1/kerb-crypto-1.0.1.jar:/home/user/.m2/repository/org/apache/kerby/kerb-util/1.0.1/kerb-util-1.0.1.jar:/home/user/.m2/repository/org/apache/kerby/token-provider/1.0.1/token-provider-1.0.1.jar:/home/user/.m2/repository/org/apache/kerby/kerb-admin/1.0.1/kerb-admin-1.0.1.jar:/home/user/.m2/repository/org/apache/kerby/kerb-server/1.0.1/kerb-server-1.0.1.jar:/home/user/.m2/repository/org/apache/kerby/kerb-identity/1.0.1/kerb-identity-1.0.1.jar:/home/user/.m2/repository/org/apache/kerby/kerby-xdr/1.0.1/kerby-xdr-1.0.1.jar:/home/user/.m2/repository/org/slf4j/slf4j-log4j12/1.7.25/slf4j-log4j12-1.7.25.jar:/home/user/.m2/repository/org/apache/hadoop/hadoop-ozone-s3gateway/0.5.0-SNAPSHOT/hadoop-ozone-s3gateway-0.5.0-SNAPSHOT.jar:/home/user/.m2/repository/org/jboss/weld/servlet/weld-servlet/2.4.7.Final/weld-servlet-2.4.7.Final.jar:/home/user/.m2/repository/org/glassfish/jersey/containers/jersey-container-servlet-core/2.27/jersey-container-servlet-core-2.27.jar:/home/user/.m2/repository/org/glassfish/hk2/external/javax.inject/2.5.0-b42/javax.inject-2.5.0-b42.jar:/home/user/.m2/repository/org/glassfish/jersey/core/jersey-common/2.27/jersey-common-2.27.jar:/home/user/.m2/repository/org/glassfish/hk2/osgi-resource-locator/1.0.1/osgi-resource-locator-1.0.1.jar:/home/user/.m2/repository/javax/ws/rs/javax.ws.rs-api/2.1/javax.ws.rs-api-2.1.jar:/home/user/.m2/repository/org/glassfish/jersey/ext/cdi/jersey-cdi1x/2.27/jersey-cdi1x-2.27.jar:/home/user/.m2/repository/org/glassfish/jersey/inject/jersey-hk2/2.27/jersey-hk2-2.27.jar:/home/user/.m2/repository/org/glassfish/hk2/hk2-locator/2.5.0-b42/hk2-locator-2.5.0-b42.jar:/home/user/.m2/repository/org/javassist/javassist/3.22.0-CR2/javassist-3.22.0-CR2.jar:/home/user/.m2/repository/org/glassfish/hk2/hk2-api/2.5.0/hk2-api-2.5.0.jar:/home/user/.m2/repository/org/glassfish/hk2/external/jakarta.inject/2.5.0/jakarta.inject-2.5.0.jar:/home/user/.m2/repository/org/glassfish/hk2/hk2-utils/2.5.0/hk2-utils-2.5.0.jar:/home/user/.m2/repository/jakarta/annotation/jakarta.annotation-api/1.3.4/jakarta.annotation-api-1.3.4.jar:/home/user/.m2/repository/org/glassfish/hk2/external/aopalliance-repackaged/2.5.0/aopalliance-repackaged-2.5.0.jar:/home/user/.m2/repository/com/fasterxml/jackson/dataformat/jackson-dataformat-xml/2.9.0/jackson-dataformat-xml-2.9.0.jar:/home/user/.m2/repository/com/fasterxml/jackson/core/jackson-core/2.9.5/jackson-core-2.9.5.jar:/home/user/.m2/repository/com/fasterxml/jackson/module/jackson-module-jaxb-annotations/2.9.5/jackson-module-jaxb-annotations-2.9.5.jar:/home/user/.m2/repository/javax/enterprise/cdi-api/1.2/cdi-api-1.2.jar:/home/user/.m2/repository/javax/el/javax.el-api/3.0.0/javax.el-api-3.0.0.jar:/home/user/.m2/repository/javax/interceptor/javax.interceptor-api/1.2/javax.interceptor-api-1.2.jar:/home/user/.m2/repository/javax/inject/javax.inject/1/javax.inject-1.jar:/home/user/.m2/repository/com/sun/xml/bind/jaxb-impl/2.3.0.1/jaxb-impl-2.3.0.1.jar:/home/user/.m2/repository/com/sun/xml/bind/jaxb-core/2.3.0.1/jaxb-core-2.3.0.1.jar:/home/user/.m2/repository/javax/xml/bind/jaxb-api/2.3.0/jaxb-api-2.3.0.jar:/home/user/.m2/repository/javax/activation/activation/1.1.1/activation-1.1.1.jar:/home/user/.m2/repository/org/apache/hadoop/hadoop-ozone-csi/0.5.0-SNAPSHOT/hadoop-ozone-csi-0.5.0-SNAPSHOT.jar:/home/user/.m2/repository/com/google/protobuf/protobuf-java-util/3.5.1/protobuf-java-util-3.5.1.jar:/home/user/.m2/repository/org/apache/hadoop/hadoop-hdds-config/0.5.0-SNAPSHOT/hadoop-hdds-config-0.5.0-SNAPSHOT.jar:/home/user/.m2/repository/io/grpc/grpc-netty/1.17.1/grpc-netty-1.17.1.jar:/home/user/.m2/repository/io/grpc/grpc-core/1.17.1/grpc-core-1.17.1.jar:/home/user/.m2/repository/io/grpc/grpc-context/1.17.1/grpc-context-1.17.1.jar:/home/user/.m2/repository/com/google/errorprone/error_prone_annotations/2.2.0/error_prone_annotations-2.2.0.jar:/home/user/.m2/repository/org/codehaus/mojo/animal-sniffer-annotations/1.17/animal-sniffer-annotations-1.17.jar:/home/user/.m2/repository/io/opencensus/opencensus-api/0.17.0/opencensus-api-0.17.0.jar:/home/user/.m2/repository/io/opencensus/opencensus-contrib-grpc-metrics/0.17.0/opencensus-contrib-grpc-metrics-0.17.0.jar:/home/user/.m2/repository/io/netty/netty-codec-http2/4.1.30.Final/netty-codec-http2-4.1.30.Final.jar:/home/user/.m2/repository/io/netty/netty-codec-http/4.1.30.Final/netty-codec-http-4.1.30.Final.jar:/home/user/.m2/repository/io/netty/netty-codec/4.1.30.Final/netty-codec-4.1.30.Final.jar:/home/user/.m2/repository/io/netty/netty-handler/4.1.30.Final/netty-handler-4.1.30.Final.jar:/home/user/.m2/repository/io/netty/netty-handler-proxy/4.1.30.Final/netty-handler-proxy-4.1.30.Final.jar:/home/user/.m2/repository/io/netty/netty-codec-socks/4.1.30.Final/netty-codec-socks-4.1.30.Final.jar:/home/user/.m2/repository/io/netty/netty-transport-native-epoll/4.1.30.Final/netty-transport-native-epoll-4.1.30.Final.jar:/home/user/.m2/repository/io/netty/netty-common/4.1.30.Final/netty-common-4.1.30.Final.jar:/home/user/.m2/repository/io/netty/netty-buffer/4.1.30.Final/netty-buffer-4.1.30.Final.jar:/home/user/.m2/repository/io/netty/netty-transport/4.1.30.Final/netty-transport-4.1.30.Final.jar:/home/user/.m2/repository/io/netty/netty-resolver/4.1.30.Final/netty-resolver-4.1.30.Final.jar:/home/user/.m2/repository/io/netty/netty-transport-native-unix-common/4.1.30.Final/netty-transport-native-unix-common-4.1.30.Final.jar:/home/user/.m2/repository/io/grpc/grpc-protobuf/1.17.1/grpc-protobuf-1.17.1.jar:/home/user/.m2/repository/com/google/api/grpc/proto-google-common-protos/1.0.0/proto-google-common-protos-1.0.0.jar:/home/user/.m2/repository/io/grpc/grpc-protobuf-lite/1.17.1/grpc-protobuf-lite-1.17.1.jar:/home/user/.m2/repository/io/grpc/grpc-stub/1.17.1/grpc-stub-1.17.1.jar:/home/user/.m2/repository/org/apache/hadoop/hadoop-ozone-recon/0.5.0-SNAPSHOT/hadoop-ozone-recon-0.5.0-SNAPSHOT.jar:/home/user/.m2/repository/org/apache/hadoop/hadoop-ozone-reconcodegen/0.5.0-SNAPSHOT/hadoop-ozone-reconcodegen-0.5.0-SNAPSHOT.jar:/home/user/.m2/repository/com/google/inject/extensions/guice-multibindings/4.0/guice-multibindings-4.0.jar:/home/user/.m2/repository/com/google/inject/guice/4.0/guice-4.0.jar:/home/user/.m2/repository/aopalliance/aopalliance/1.0/aopalliance-1.0.jar:/home/user/.m2/repository/com/google/inject/extensions/guice-servlet/4.0/guice-servlet-4.0.jar:/home/user/.m2/repository/org/glassfish/jersey/containers/jersey-container-servlet/2.27/jersey-container-servlet-2.27.jar:/home/user/.m2/repository/org/glassfish/hk2/guice-bridge/2.5.0/guice-bridge-2.5.0.jar:/home/user/.m2/repository/org/glassfish/jersey/core/jersey-server/2.27/jersey-server-2.27.jar:/home/user/.m2/repository/org/glassfish/jersey/core/jersey-client/2.27/jersey-client-2.27.jar:/home/user/.m2/repository/org/glassfish/jersey/media/jersey-media-jaxb/2.27/jersey-media-jaxb-2.27.jar:/home/user/.m2/repository/javax/validation/validation-api/1.1.0.Final/validation-api-1.1.0.Final.jar:/home/user/.m2/repository/org/glassfish/jersey/media/jersey-media-json-jackson/2.27/jersey-media-json-jackson-2.27.jar:/home/user/.m2/repository/org/glassfish/jersey/ext/jersey-entity-filtering/2.27/jersey-entity-filtering-2.27.jar:/home/user/.m2/repository/com/google/inject/extensions/guice-assistedinject/4.0/guice-assistedinject-4.0.jar:/home/user/.m2/repository/org/jooq/jooq/3.11.10/jooq-3.11.10.jar:/home/user/.m2/repository/org/jooq/jooq-meta/3.11.10/jooq-meta-3.11.10.jar:/home/user/.m2/repository/org/jooq/jooq-codegen/3.11.10/jooq-codegen-3.11.10.jar:/home/user/.m2/repository/com/jolbox/bonecp/0.8.0.RELEASE/bonecp-0.8.0.RELEASE.jar:/home/user/.m2/repository/org/xerial/sqlite-jdbc/3.25.2/sqlite-jdbc-3.25.2.jar:/home/user/.m2/repository/org/springframework/spring-jdbc/5.1.3.RELEASE/spring-jdbc-5.1.3.RELEASE.jar:/home/user/.m2/repository/org/springframework/spring-beans/5.1.3.RELEASE/spring-beans-5.1.3.RELEASE.jar:/home/user/.m2/repository/org/springframework/spring-core/5.1.3.RELEASE/spring-core-5.1.3.RELEASE.jar:/home/user/.m2/repository/org/springframework/spring-jcl/5.1.3.RELEASE/spring-jcl-5.1.3.RELEASE.jar:/home/user/.m2/repository/org/springframework/spring-tx/5.1.3.RELEASE/spring-tx-5.1.3.RELEASE.jar:/home/user/.m2/repository/org/apache/hadoop/hadoop-ozone-client/0.5.0-SNAPSHOT/hadoop-ozone-client-0.5.0-SNAPSHOT.jar:/home/user/.m2/repository/commons-lang/commons-lang/2.6/commons-lang-2.6.jar:/home/user/.m2/repository/org/apache/hadoop/hadoop-ozone-ozone-manager/0.5.0-SNAPSHOT/hadoop-ozone-ozone-manager-0.5.0-SNAPSHOT-tests.jar:/home/user/.m2/repository/junit/junit/4.11/junit-4.11.jar:/home/user/.m2/repository/org/hamcrest/hamcrest-core/1.3/hamcrest-core-1.3.jar:/home/user/.m2/repository/org/openjdk/jmh/jmh-core/1.19/jmh-core-1.19.jar:/home/user/.m2/repository/net/sf/jopt-simple/jopt-simple/4.6/jopt-simple-4.6.jar:/home/user/.m2/repository/org/apache/commons/commons-math3/3.1.1/commons-math3-3.1.1.jar:/home/user/.m2/repository/org/openjdk/jmh/jmh-generator-annprocess/1.19/jmh-generator-annprocess-1.19.jar:/home/user/.m2/repository/org/mockito/mockito-all/1.8.5/mockito-all-1.8.5.jar:/home/user/.m2/repository/org/apache/hadoop/hadoop-kms/3.2.0/hadoop-kms-3.2.0.jar:/home/user/.m2/repository/org/apache/hadoop/hadoop-auth/3.2.0/hadoop-auth-3.2.0.jar:/home/user/.m2/repository/com/nimbusds/nimbus-jose-jwt/4.41.1/nimbus-jose-jwt-4.41.1.jar:/home/user/.m2/repository/com/github/stephenc/jcip/jcip-annotations/1.0-1/jcip-annotations-1.0-1.jar:/home/user/.m2/repository/net/minidev/json-smart/2.3/json-smart-2.3.jar:/home/user/.m2/repository/net/minidev/accessors-smart/1.2/accessors-smart-1.2.jar:/home/user/.m2/repository/org/ow2/asm/asm/5.0.4/asm-5.0.4.jar:/home/user/.m2/repository/org/apache/curator/curator-framework/2.12.0/curator-framework-2.12.0.jar:/home/user/.m2/repository/com/sun/jersey/jersey-core/1.19/jersey-core-1.19.jar:/home/user/.m2/repository/javax/ws/rs/jsr311-api/1.1.1/jsr311-api-1.1.1.jar:/home/user/.m2/repository/com/sun/jersey/jersey-server/1.19/jersey-server-1.19.jar:/home/user/.m2/repository/javax/servlet/javax.servlet-api/3.1.0/javax.servlet-api-3.1.0.jar:/home/user/.m2/repository/org/eclipse/jetty/jetty-server/9.3.24.v20180605/jetty-server-9.3.24.v20180605.jar:/home/user/.m2/repository/org/eclipse/jetty/jetty-http/9.3.24.v20180605/jetty-http-9.3.24.v20180605.jar:/home/user/.m2/repository/org/eclipse/jetty/jetty-io/9.3.24.v20180605/jetty-io-9.3.24.v20180605.jar:/home/user/.m2/repository/org/eclipse/jetty/jetty-webapp/9.3.24.v20180605/jetty-webapp-9.3.24.v20180605.jar:/home/user/.m2/repository/org/eclipse/jetty/jetty-xml/9.3.24.v20180605/jetty-xml-9.3.24.v20180605.jar:/home/user/.m2/repository/log4j/log4j/1.2.17/log4j-1.2.17.jar:/home/user/.m2/repository/org/slf4j/slf4j-api/1.7.25/slf4j-api-1.7.25.jar:/home/user/.m2/repository/org/slf4j/jul-to-slf4j/1.7.25/jul-to-slf4j-1.7.25.jar:/home/user/.m2/repository/org/eclipse/jetty/jetty-util/9.3.24.v20180605/jetty-util-9.3.24.v20180605.jar:/home/user/.m2/repository/com/fasterxml/jackson/core/jackson-databind/2.9.5/jackson-databind-2.9.5.jar:/home/user/.m2/repository/org/apache/hadoop/hadoop-kms/3.2.0/hadoop-kms-3.2.0-tests.jar:/home/user/.m2/repository/org/apache/hadoop/hadoop-hdds-server-scm/0.5.0-SNAPSHOT/hadoop-hdds-server-scm-0.5.0-SNAPSHOT-tests.jar:/home/user/.m2/repository/org/apache/hadoop/hadoop-hdds-container-service/0.5.0-SNAPSHOT/hadoop-hdds-container-service-0.5.0-SNAPSHOT-tests.jar:/home/user/.m2/repository/org/yaml/snakeyaml/1.16/snakeyaml-1.16.jar:/home/user/.m2/repository/org/apache/hadoop/hadoop-common/3.2.0/hadoop-common-3.2.0-tests.jar:/home/user/.m2/repository/org/apache/hadoop/hadoop-annotations/3.2.0/hadoop-annotations-3.2.0.jar:/usr/lib/jvm/java-1.8-openjdk/jre/../lib/tools.jar:/home/user/.m2/repository/commons-cli/commons-cli/1.2/commons-cli-1.2.jar:/home/user/.m2/repository/org/apache/httpcomponents/httpclient/4.5.2/httpclient-4.5.2.jar:/home/user/.m2/repository/org/apache/httpcomponents/httpcore/4.4.4/httpcore-4.4.4.jar:/home/user/.m2/repository/commons-codec/commons-codec/1.11/commons-codec-1.11.jar:/home/user/.m2/repository/commons-net/commons-net/3.6/commons-net-3.6.jar:/home/user/.m2/repository/commons-collections/commons-collections/3.2.2/commons-collections-3.2.2.jar:/home/user/.m2/repository/org/eclipse/jetty/jetty-servlet/9.3.24.v20180605/jetty-servlet-9.3.24.v20180605.jar:/home/user/.m2/repository/org/eclipse/jetty/jetty-security/9.3.24.v20180605/jetty-security-9.3.24.v20180605.jar:/home/user/.m2/repository/javax/servlet/jsp/jsp-api/2.1/jsp-api-2.1.jar:/home/user/.m2/repository/com/sun/jersey/jersey-servlet/1.19/jersey-servlet-1.19.jar:/home/user/.m2/repository/com/sun/jersey/jersey-json/1.19/jersey-json-1.19.jar:/home/user/.m2/repository/org/codehaus/jettison/jettison/1.1/jettison-1.1.jar:/home/user/.m2/repository/org/codehaus/jackson/jackson-core-asl/1.9.13/jackson-core-asl-1.9.13.jar:/home/user/.m2/repository/org/codehaus/jackson/jackson-mapper-asl/1.9.13/jackson-mapper-asl-1.9.13.jar:/home/user/.m2/repository/org/codehaus/jackson/jackson-jaxrs/1.9.13/jackson-jaxrs-1.9.13.jar:/home/user/.m2/repository/org/codehaus/jackson/jackson-xc/1.9.13/jackson-xc-1.9.13.jar:/home/user/.m2/repository/commons-logging/commons-logging/1.1.3/commons-logging-1.1.3.jar:/home/user/.m2/repository/commons-beanutils/commons-beanutils/1.9.3/commons-beanutils-1.9.3.jar:/home/user/.m2/repository/org/apache/commons/commons-configuration2/2.1.1/commons-configuration2-2.1.1.jar:/home/user/.m2/repository/org/apache/commons/commons-lang3/3.7/commons-lang3-3.7.jar:/home/user/.m2/repository/org/apache/commons/commons-text/1.4/commons-text-1.4.jar:/home/user/.m2/repository/org/apache/avro/avro/1.7.7/avro-1.7.7.jar:/home/user/.m2/repository/com/thoughtworks/paranamer/paranamer/2.3/paranamer-2.3.jar:/home/user/.m2/repository/org/xerial/snappy/snappy-java/1.0.5/snappy-java-1.0.5.jar:/home/user/.m2/repository/com/google/re2j/re2j/1.1/re2j-1.1.jar:/home/user/.m2/repository/com/google/code/gson/gson/2.2.4/gson-2.2.4.jar:/home/user/.m2/repository/com/jcraft/jsch/0.1.54/jsch-0.1.54.jar:/home/user/.m2/repository/org/apache/curator/curator-client/2.12.0/curator-client-2.12.0.jar:/home/user/.m2/repository/org/apache/curator/curator-recipes/2.12.0/curator-recipes-2.12.0.jar:/home/user/.m2/repository/com/google/code/findbugs/jsr305/3.0.0/jsr305-3.0.0.jar:/home/user/.m2/repository/org/apache/htrace/htrace-core4/4.1.0-incubating/htrace-core4-4.1.0-incubating.jar:/home/user/.m2/repository/org/apache/zookeeper/zookeeper/3.4.13/zookeeper-3.4.13.jar:/home/user/.m2/repository/org/apache/yetus/audience-annotations/0.5.0/audience-annotations-0.5.0.jar:/home/user/.m2/repository/org/codehaus/woodstox/stax2-api/3.1.4/stax2-api-3.1.4.jar:/home/user/.m2/repository/com/fasterxml/woodstox/woodstox-core/5.0.3/woodstox-core-5.0.3.jar:/home/user/.m2/repository/dnsjava/dnsjava/2.1.7/dnsjava-2.1.7.jar:/home/user/.m2/repository/org/apache/hadoop/hadoop-hdfs/3.2.0/hadoop-hdfs-3.2.0-tests.jar:/home/user/.m2/repository/org/eclipse/jetty/jetty-util-ajax/9.3.24.v20180605/jetty-util-ajax-9.3.24.v20180605.jar:/home/user/.m2/repository/commons-daemon/commons-daemon/1.0.13/commons-daemon-1.0.13.jar:/home/user/.m2/repository/io/netty/netty/3.10.5.Final/netty-3.10.5.Final.jar:/home/user/.m2/repository/io/netty/netty-all/4.0.52.Final/netty-all-4.0.52.Final.jar:/home/user/.m2/repository/org/fusesource/leveldbjni/leveldbjni-all/1.8/leveldbjni-all-1.8.jar:"/>
    <property name="java.vm.vendor" value="IcedTea"/>
    <property name="sun.arch.data.model" value="64"/>
    <property name="test.build.dir" value="/workdir/hadoop-ozone/integration-test/target/test-dir"/>
    <property name="test.cache.data" value=""/>
    <property name="java.vendor.url" value="https://icedtea.classpath.org"/>
    <property name="user.timezone" value=""/>
    <property name="java.vm.specification.version" value="1.8"/>
    <property name="os.name" value="Linux"/>
    <property name="test.build.data" value="/workdir/hadoop-ozone/integration-test/target/test-dir"/>
    <property name="user.country" value="US"/>
    <property name="sun.java.launcher" value="SUN_STANDARD"/>
    <property name="sun.boot.library.path" value="/usr/lib/jvm/java-1.8-openjdk/jre/lib/amd64"/>
    <property name="sun.java.command" value="/workdir/hadoop-ozone/integration-test/target/surefire/surefirebooter7758558081937357529.jar /workdir/hadoop-ozone/integration-test/target/surefire 2019-09-16T17-59-00_964-jvmRun1 surefire6720802349852119857tmp surefire_391911274364290778481tmp"/>
    <property name="test" value="!TestMiniChaosOzoneCluster"/>
    <property name="surefire.test.class.path" value="/workdir/hadoop-ozone/integration-test/target/test-classes:/workdir/hadoop-ozone/integration-test/target/classes:/home/user/.m2/repository/org/apache/hadoop/hadoop-ozone-common/0.5.0-SNAPSHOT/hadoop-ozone-common-0.5.0-SNAPSHOT.jar:/home/user/.m2/repository/org/apache/commons/commons-compress/1.4.1/commons-compress-1.4.1.jar:/home/user/.m2/repository/org/tukaani/xz/1.0/xz-1.0.jar:/home/user/.m2/repository/org/apache/hadoop/hadoop-common/3.2.0/hadoop-common-3.2.0.jar:/home/user/.m2/repository/org/apache/hadoop/hadoop-hdfs/3.2.0/hadoop-hdfs-3.2.0.jar:/home/user/.m2/repository/org/apache/hadoop/hadoop-hdfs-client/3.2.0/hadoop-hdfs-client-3.2.0.jar:/home/user/.m2/repository/com/fasterxml/jackson/core/jackson-annotations/2.9.5/jackson-annotations-2.9.5.jar:/home/user/.m2/repository/org/apache/hadoop/hadoop-hdds-common/0.5.0-SNAPSHOT/hadoop-hdds-common-0.5.0-SNAPSHOT.jar:/home/user/.m2/repository/javax/annotation/javax.annotation-api/1.2/javax.annotation-api-1.2.jar:/home/user/.m2/repository/org/apache/ratis/ratis-server/0.4.0-78e95b9-SNAPSHOT/ratis-server-0.4.0-78e95b9-SNAPSHOT.jar:/home/user/.m2/repository/org/apache/ratis/ratis-thirdparty-misc/0.2.0/ratis-thirdparty-misc-0.2.0.jar:/home/user/.m2/repository/org/apache/ratis/ratis-proto/0.4.0-78e95b9-SNAPSHOT/ratis-proto-0.4.0-78e95b9-SNAPSHOT.jar:/home/user/.m2/repository/org/apache/ratis/ratis-common/0.4.0-78e95b9-SNAPSHOT/ratis-common-0.4.0-78e95b9-SNAPSHOT.jar:/home/user/.m2/repository/org/apache/ratis/ratis-client/0.4.0-78e95b9-SNAPSHOT/ratis-client-0.4.0-78e95b9-SNAPSHOT.jar:/home/user/.m2/repository/org/apache/ratis/ratis-metrics/0.4.0-78e95b9-SNAPSHOT/ratis-metrics-0.4.0-78e95b9-SNAPSHOT.jar:/home/user/.m2/repository/com/github/joshelser/dropwizard-metrics-hadoop-metrics2-reporter/0.1.2/dropwizard-metrics-hadoop-metrics2-reporter-0.1.2.jar:/home/user/.m2/repository/io/dropwizard/metrics/metrics-jvm/3.2.5/metrics-jvm-3.2.5.jar:/home/user/.m2/repository/io/dropwizard/metrics/metrics-ganglia/3.2.5/metrics-ganglia-3.2.5.jar:/home/user/.m2/repository/info/ganglia/gmetric4j/gmetric4j/1.0.7/gmetric4j-1.0.7.jar:/home/user/.m2/repository/org/apache/ratis/ratis-netty/0.4.0-78e95b9-SNAPSHOT/ratis-netty-0.4.0-78e95b9-SNAPSHOT.jar:/home/user/.m2/repository/org/apache/ratis/ratis-grpc/0.4.0-78e95b9-SNAPSHOT/ratis-grpc-0.4.0-78e95b9-SNAPSHOT.jar:/home/user/.m2/repository/org/rocksdb/rocksdbjni/6.0.1/rocksdbjni-6.0.1.jar:/home/user/.m2/repository/org/apache/logging/log4j/log4j-api/2.11.0/log4j-api-2.11.0.jar:/home/user/.m2/repository/org/apache/logging/log4j/log4j-core/2.11.0/log4j-core-2.11.0.jar:/home/user/.m2/repository/com/lmax/disruptor/3.4.2/disruptor-3.4.2.jar:/home/user/.m2/repository/org/apache/commons/commons-pool2/2.6.0/commons-pool2-2.6.0.jar:/home/user/.m2/repository/org/bouncycastle/bcpkix-jdk15on/1.60/bcpkix-jdk15on-1.60.jar:/home/user/.m2/repository/commons-validator/commons-validator/1.6/commons-validator-1.6.jar:/home/user/.m2/repository/commons-digester/commons-digester/1.8.1/commons-digester-1.8.1.jar:/home/user/.m2/repository/io/jaegertracing/jaeger-client/0.33.1/jaeger-client-0.33.1.jar:/home/user/.m2/repository/io/jaegertracing/jaeger-thrift/0.33.1/jaeger-thrift-0.33.1.jar:/home/user/.m2/repository/org/apache/thrift/libthrift/0.11.0/libthrift-0.11.0.jar:/home/user/.m2/repository/com/squareup/okhttp3/okhttp/3.9.0/okhttp-3.9.0.jar:/home/user/.m2/repository/com/squareup/okio/okio/1.13.0/okio-1.13.0.jar:/home/user/.m2/repository/io/jaegertracing/jaeger-core/0.33.1/jaeger-core-0.33.1.jar:/home/user/.m2/repository/io/jaegertracing/jaeger-tracerresolver/0.33.1/jaeger-tracerresolver-0.33.1.jar:/home/user/.m2/repository/io/opentracing/contrib/opentracing-tracerresolver/0.1.5/opentracing-tracerresolver-0.1.5.jar:/home/user/.m2/repository/io/opentracing/opentracing-util/0.31.0/opentracing-util-0.31.0.jar:/home/user/.m2/repository/io/opentracing/opentracing-api/0.31.0/opentracing-api-0.31.0.jar:/home/user/.m2/repository/io/opentracing/opentracing-noop/0.31.0/opentracing-noop-0.31.0.jar:/home/user/.m2/repository/org/apache/hadoop/hadoop-hdds-server-framework/0.5.0-SNAPSHOT/hadoop-hdds-server-framework-0.5.0-SNAPSHOT.jar:/home/user/.m2/repository/org/apache/hadoop/hadoop-hdds-container-service/0.5.0-SNAPSHOT/hadoop-hdds-container-service-0.5.0-SNAPSHOT.jar:/home/user/.m2/repository/org/apache/hadoop/hadoop-hdds-client/0.5.0-SNAPSHOT/hadoop-hdds-client-0.5.0-SNAPSHOT.jar:/home/user/.m2/repository/org/apache/hadoop/hadoop-hdds-tools/0.5.0-SNAPSHOT/hadoop-hdds-tools-0.5.0-SNAPSHOT.jar:/home/user/.m2/repository/org/apache/hadoop/hadoop-hdds-server-scm/0.5.0-SNAPSHOT/hadoop-hdds-server-scm-0.5.0-SNAPSHOT.jar:/home/user/.m2/repository/org/apache/hadoop/hadoop-hdds-docs/0.5.0-SNAPSHOT/hadoop-hdds-docs-0.5.0-SNAPSHOT.jar:/home/user/.m2/repository/io/dropwizard/metrics/metrics-core/3.2.4/metrics-core-3.2.4.jar:/home/user/.m2/repository/org/hamcrest/hamcrest-all/1.3/hamcrest-all-1.3.jar:/home/user/.m2/repository/org/bouncycastle/bcprov-jdk15on/1.60/bcprov-jdk15on-1.60.jar:/home/user/.m2/repository/info/picocli/picocli/3.9.6/picocli-3.9.6.jar:/home/user/.m2/repository/com/google/protobuf/protobuf-java/2.5.0/protobuf-java-2.5.0.jar:/home/user/.m2/repository/com/google/guava/guava/11.0.2/guava-11.0.2.jar:/home/user/.m2/repository/org/apache/hadoop/hadoop-ozone-ozone-manager/0.5.0-SNAPSHOT/hadoop-ozone-ozone-manager-0.5.0-SNAPSHOT.jar:/home/user/.m2/repository/org/apache/hadoop/hadoop-minikdc/3.2.0/hadoop-minikdc-3.2.0.jar:/home/user/.m2/repository/commons-io/commons-io/2.5/commons-io-2.5.jar:/home/user/.m2/repository/org/apache/kerby/kerb-simplekdc/1.0.1/kerb-simplekdc-1.0.1.jar:/home/user/.m2/repository/org/apache/kerby/kerb-client/1.0.1/kerb-client-1.0.1.jar:/home/user/.m2/repository/org/apache/kerby/kerby-config/1.0.1/kerby-config-1.0.1.jar:/home/user/.m2/repository/org/apache/kerby/kerb-core/1.0.1/kerb-core-1.0.1.jar:/home/user/.m2/repository/org/apache/kerby/kerby-pkix/1.0.1/kerby-pkix-1.0.1.jar:/home/user/.m2/repository/org/apache/kerby/kerby-asn1/1.0.1/kerby-asn1-1.0.1.jar:/home/user/.m2/repository/org/apache/kerby/kerby-util/1.0.1/kerby-util-1.0.1.jar:/home/user/.m2/repository/org/apache/kerby/kerb-common/1.0.1/kerb-common-1.0.1.jar:/home/user/.m2/repository/org/apache/kerby/kerb-crypto/1.0.1/kerb-crypto-1.0.1.jar:/home/user/.m2/repository/org/apache/kerby/kerb-util/1.0.1/kerb-util-1.0.1.jar:/home/user/.m2/repository/org/apache/kerby/token-provider/1.0.1/token-provider-1.0.1.jar:/home/user/.m2/repository/org/apache/kerby/kerb-admin/1.0.1/kerb-admin-1.0.1.jar:/home/user/.m2/repository/org/apache/kerby/kerb-server/1.0.1/kerb-server-1.0.1.jar:/home/user/.m2/repository/org/apache/kerby/kerb-identity/1.0.1/kerb-identity-1.0.1.jar:/home/user/.m2/repository/org/apache/kerby/kerby-xdr/1.0.1/kerby-xdr-1.0.1.jar:/home/user/.m2/repository/org/slf4j/slf4j-log4j12/1.7.25/slf4j-log4j12-1.7.25.jar:/home/user/.m2/repository/org/apache/hadoop/hadoop-ozone-s3gateway/0.5.0-SNAPSHOT/hadoop-ozone-s3gateway-0.5.0-SNAPSHOT.jar:/home/user/.m2/repository/org/jboss/weld/servlet/weld-servlet/2.4.7.Final/weld-servlet-2.4.7.Final.jar:/home/user/.m2/repository/org/glassfish/jersey/containers/jersey-container-servlet-core/2.27/jersey-container-servlet-core-2.27.jar:/home/user/.m2/repository/org/glassfish/hk2/external/javax.inject/2.5.0-b42/javax.inject-2.5.0-b42.jar:/home/user/.m2/repository/org/glassfish/jersey/core/jersey-common/2.27/jersey-common-2.27.jar:/home/user/.m2/repository/org/glassfish/hk2/osgi-resource-locator/1.0.1/osgi-resource-locator-1.0.1.jar:/home/user/.m2/repository/javax/ws/rs/javax.ws.rs-api/2.1/javax.ws.rs-api-2.1.jar:/home/user/.m2/repository/org/glassfish/jersey/ext/cdi/jersey-cdi1x/2.27/jersey-cdi1x-2.27.jar:/home/user/.m2/repository/org/glassfish/jersey/inject/jersey-hk2/2.27/jersey-hk2-2.27.jar:/home/user/.m2/repository/org/glassfish/hk2/hk2-locator/2.5.0-b42/hk2-locator-2.5.0-b42.jar:/home/user/.m2/repository/org/javassist/javassist/3.22.0-CR2/javassist-3.22.0-CR2.jar:/home/user/.m2/repository/org/glassfish/hk2/hk2-api/2.5.0/hk2-api-2.5.0.jar:/home/user/.m2/repository/org/glassfish/hk2/external/jakarta.inject/2.5.0/jakarta.inject-2.5.0.jar:/home/user/.m2/repository/org/glassfish/hk2/hk2-utils/2.5.0/hk2-utils-2.5.0.jar:/home/user/.m2/repository/jakarta/annotation/jakarta.annotation-api/1.3.4/jakarta.annotation-api-1.3.4.jar:/home/user/.m2/repository/org/glassfish/hk2/external/aopalliance-repackaged/2.5.0/aopalliance-repackaged-2.5.0.jar:/home/user/.m2/repository/com/fasterxml/jackson/dataformat/jackson-dataformat-xml/2.9.0/jackson-dataformat-xml-2.9.0.jar:/home/user/.m2/repository/com/fasterxml/jackson/core/jackson-core/2.9.5/jackson-core-2.9.5.jar:/home/user/.m2/repository/com/fasterxml/jackson/module/jackson-module-jaxb-annotations/2.9.5/jackson-module-jaxb-annotations-2.9.5.jar:/home/user/.m2/repository/javax/enterprise/cdi-api/1.2/cdi-api-1.2.jar:/home/user/.m2/repository/javax/el/javax.el-api/3.0.0/javax.el-api-3.0.0.jar:/home/user/.m2/repository/javax/interceptor/javax.interceptor-api/1.2/javax.interceptor-api-1.2.jar:/home/user/.m2/repository/javax/inject/javax.inject/1/javax.inject-1.jar:/home/user/.m2/repository/com/sun/xml/bind/jaxb-impl/2.3.0.1/jaxb-impl-2.3.0.1.jar:/home/user/.m2/repository/com/sun/xml/bind/jaxb-core/2.3.0.1/jaxb-core-2.3.0.1.jar:/home/user/.m2/repository/javax/xml/bind/jaxb-api/2.3.0/jaxb-api-2.3.0.jar:/home/user/.m2/repository/javax/activation/activation/1.1.1/activation-1.1.1.jar:/home/user/.m2/repository/org/apache/hadoop/hadoop-ozone-csi/0.5.0-SNAPSHOT/hadoop-ozone-csi-0.5.0-SNAPSHOT.jar:/home/user/.m2/repository/com/google/protobuf/protobuf-java-util/3.5.1/protobuf-java-util-3.5.1.jar:/home/user/.m2/repository/org/apache/hadoop/hadoop-hdds-config/0.5.0-SNAPSHOT/hadoop-hdds-config-0.5.0-SNAPSHOT.jar:/home/user/.m2/repository/io/grpc/grpc-netty/1.17.1/grpc-netty-1.17.1.jar:/home/user/.m2/repository/io/grpc/grpc-core/1.17.1/grpc-core-1.17.1.jar:/home/user/.m2/repository/io/grpc/grpc-context/1.17.1/grpc-context-1.17.1.jar:/home/user/.m2/repository/com/google/errorprone/error_prone_annotations/2.2.0/error_prone_annotations-2.2.0.jar:/home/user/.m2/repository/org/codehaus/mojo/animal-sniffer-annotations/1.17/animal-sniffer-annotations-1.17.jar:/home/user/.m2/repository/io/opencensus/opencensus-api/0.17.0/opencensus-api-0.17.0.jar:/home/user/.m2/repository/io/opencensus/opencensus-contrib-grpc-metrics/0.17.0/opencensus-contrib-grpc-metrics-0.17.0.jar:/home/user/.m2/repository/io/netty/netty-codec-http2/4.1.30.Final/netty-codec-http2-4.1.30.Final.jar:/home/user/.m2/repository/io/netty/netty-codec-http/4.1.30.Final/netty-codec-http-4.1.30.Final.jar:/home/user/.m2/repository/io/netty/netty-codec/4.1.30.Final/netty-codec-4.1.30.Final.jar:/home/user/.m2/repository/io/netty/netty-handler/4.1.30.Final/netty-handler-4.1.30.Final.jar:/home/user/.m2/repository/io/netty/netty-handler-proxy/4.1.30.Final/netty-handler-proxy-4.1.30.Final.jar:/home/user/.m2/repository/io/netty/netty-codec-socks/4.1.30.Final/netty-codec-socks-4.1.30.Final.jar:/home/user/.m2/repository/io/netty/netty-transport-native-epoll/4.1.30.Final/netty-transport-native-epoll-4.1.30.Final.jar:/home/user/.m2/repository/io/netty/netty-common/4.1.30.Final/netty-common-4.1.30.Final.jar:/home/user/.m2/repository/io/netty/netty-buffer/4.1.30.Final/netty-buffer-4.1.30.Final.jar:/home/user/.m2/repository/io/netty/netty-transport/4.1.30.Final/netty-transport-4.1.30.Final.jar:/home/user/.m2/repository/io/netty/netty-resolver/4.1.30.Final/netty-resolver-4.1.30.Final.jar:/home/user/.m2/repository/io/netty/netty-transport-native-unix-common/4.1.30.Final/netty-transport-native-unix-common-4.1.30.Final.jar:/home/user/.m2/repository/io/grpc/grpc-protobuf/1.17.1/grpc-protobuf-1.17.1.jar:/home/user/.m2/repository/com/google/api/grpc/proto-google-common-protos/1.0.0/proto-google-common-protos-1.0.0.jar:/home/user/.m2/repository/io/grpc/grpc-protobuf-lite/1.17.1/grpc-protobuf-lite-1.17.1.jar:/home/user/.m2/repository/io/grpc/grpc-stub/1.17.1/grpc-stub-1.17.1.jar:/home/user/.m2/repository/org/apache/hadoop/hadoop-ozone-recon/0.5.0-SNAPSHOT/hadoop-ozone-recon-0.5.0-SNAPSHOT.jar:/home/user/.m2/repository/org/apache/hadoop/hadoop-ozone-reconcodegen/0.5.0-SNAPSHOT/hadoop-ozone-reconcodegen-0.5.0-SNAPSHOT.jar:/home/user/.m2/repository/com/google/inject/extensions/guice-multibindings/4.0/guice-multibindings-4.0.jar:/home/user/.m2/repository/com/google/inject/guice/4.0/guice-4.0.jar:/home/user/.m2/repository/aopalliance/aopalliance/1.0/aopalliance-1.0.jar:/home/user/.m2/repository/com/google/inject/extensions/guice-servlet/4.0/guice-servlet-4.0.jar:/home/user/.m2/repository/org/glassfish/jersey/containers/jersey-container-servlet/2.27/jersey-container-servlet-2.27.jar:/home/user/.m2/repository/org/glassfish/hk2/guice-bridge/2.5.0/guice-bridge-2.5.0.jar:/home/user/.m2/repository/org/glassfish/jersey/core/jersey-server/2.27/jersey-server-2.27.jar:/home/user/.m2/repository/org/glassfish/jersey/core/jersey-client/2.27/jersey-client-2.27.jar:/home/user/.m2/repository/org/glassfish/jersey/media/jersey-media-jaxb/2.27/jersey-media-jaxb-2.27.jar:/home/user/.m2/repository/javax/validation/validation-api/1.1.0.Final/validation-api-1.1.0.Final.jar:/home/user/.m2/repository/org/glassfish/jersey/media/jersey-media-json-jackson/2.27/jersey-media-json-jackson-2.27.jar:/home/user/.m2/repository/org/glassfish/jersey/ext/jersey-entity-filtering/2.27/jersey-entity-filtering-2.27.jar:/home/user/.m2/repository/com/google/inject/extensions/guice-assistedinject/4.0/guice-assistedinject-4.0.jar:/home/user/.m2/repository/org/jooq/jooq/3.11.10/jooq-3.11.10.jar:/home/user/.m2/repository/org/jooq/jooq-meta/3.11.10/jooq-meta-3.11.10.jar:/home/user/.m2/repository/org/jooq/jooq-codegen/3.11.10/jooq-codegen-3.11.10.jar:/home/user/.m2/repository/com/jolbox/bonecp/0.8.0.RELEASE/bonecp-0.8.0.RELEASE.jar:/home/user/.m2/repository/org/xerial/sqlite-jdbc/3.25.2/sqlite-jdbc-3.25.2.jar:/home/user/.m2/repository/org/springframework/spring-jdbc/5.1.3.RELEASE/spring-jdbc-5.1.3.RELEASE.jar:/home/user/.m2/repository/org/springframework/spring-beans/5.1.3.RELEASE/spring-beans-5.1.3.RELEASE.jar:/home/user/.m2/repository/org/springframework/spring-core/5.1.3.RELEASE/spring-core-5.1.3.RELEASE.jar:/home/user/.m2/repository/org/springframework/spring-jcl/5.1.3.RELEASE/spring-jcl-5.1.3.RELEASE.jar:/home/user/.m2/repository/org/springframework/spring-tx/5.1.3.RELEASE/spring-tx-5.1.3.RELEASE.jar:/home/user/.m2/repository/org/apache/hadoop/hadoop-ozone-client/0.5.0-SNAPSHOT/hadoop-ozone-client-0.5.0-SNAPSHOT.jar:/home/user/.m2/repository/commons-lang/commons-lang/2.6/commons-lang-2.6.jar:/home/user/.m2/repository/org/apache/hadoop/hadoop-ozone-ozone-manager/0.5.0-SNAPSHOT/hadoop-ozone-ozone-manager-0.5.0-SNAPSHOT-tests.jar:/home/user/.m2/repository/junit/junit/4.11/junit-4.11.jar:/home/user/.m2/repository/org/hamcrest/hamcrest-core/1.3/hamcrest-core-1.3.jar:/home/user/.m2/repository/org/openjdk/jmh/jmh-core/1.19/jmh-core-1.19.jar:/home/user/.m2/repository/net/sf/jopt-simple/jopt-simple/4.6/jopt-simple-4.6.jar:/home/user/.m2/repository/org/apache/commons/commons-math3/3.1.1/commons-math3-3.1.1.jar:/home/user/.m2/repository/org/openjdk/jmh/jmh-generator-annprocess/1.19/jmh-generator-annprocess-1.19.jar:/home/user/.m2/repository/org/mockito/mockito-all/1.8.5/mockito-all-1.8.5.jar:/home/user/.m2/repository/org/apache/hadoop/hadoop-kms/3.2.0/hadoop-kms-3.2.0.jar:/home/user/.m2/repository/org/apache/hadoop/hadoop-auth/3.2.0/hadoop-auth-3.2.0.jar:/home/user/.m2/repository/com/nimbusds/nimbus-jose-jwt/4.41.1/nimbus-jose-jwt-4.41.1.jar:/home/user/.m2/repository/com/github/stephenc/jcip/jcip-annotations/1.0-1/jcip-annotations-1.0-1.jar:/home/user/.m2/repository/net/minidev/json-smart/2.3/json-smart-2.3.jar:/home/user/.m2/repository/net/minidev/accessors-smart/1.2/accessors-smart-1.2.jar:/home/user/.m2/repository/org/ow2/asm/asm/5.0.4/asm-5.0.4.jar:/home/user/.m2/repository/org/apache/curator/curator-framework/2.12.0/curator-framework-2.12.0.jar:/home/user/.m2/repository/com/sun/jersey/jersey-core/1.19/jersey-core-1.19.jar:/home/user/.m2/repository/javax/ws/rs/jsr311-api/1.1.1/jsr311-api-1.1.1.jar:/home/user/.m2/repository/com/sun/jersey/jersey-server/1.19/jersey-server-1.19.jar:/home/user/.m2/repository/javax/servlet/javax.servlet-api/3.1.0/javax.servlet-api-3.1.0.jar:/home/user/.m2/repository/org/eclipse/jetty/jetty-server/9.3.24.v20180605/jetty-server-9.3.24.v20180605.jar:/home/user/.m2/repository/org/eclipse/jetty/jetty-http/9.3.24.v20180605/jetty-http-9.3.24.v20180605.jar:/home/user/.m2/repository/org/eclipse/jetty/jetty-io/9.3.24.v20180605/jetty-io-9.3.24.v20180605.jar:/home/user/.m2/repository/org/eclipse/jetty/jetty-webapp/9.3.24.v20180605/jetty-webapp-9.3.24.v20180605.jar:/home/user/.m2/repository/org/eclipse/jetty/jetty-xml/9.3.24.v20180605/jetty-xml-9.3.24.v20180605.jar:/home/user/.m2/repository/log4j/log4j/1.2.17/log4j-1.2.17.jar:/home/user/.m2/repository/org/slf4j/slf4j-api/1.7.25/slf4j-api-1.7.25.jar:/home/user/.m2/repository/org/slf4j/jul-to-slf4j/1.7.25/jul-to-slf4j-1.7.25.jar:/home/user/.m2/repository/org/eclipse/jetty/jetty-util/9.3.24.v20180605/jetty-util-9.3.24.v20180605.jar:/home/user/.m2/repository/com/fasterxml/jackson/core/jackson-databind/2.9.5/jackson-databind-2.9.5.jar:/home/user/.m2/repository/org/apache/hadoop/hadoop-kms/3.2.0/hadoop-kms-3.2.0-tests.jar:/home/user/.m2/repository/org/apache/hadoop/hadoop-hdds-server-scm/0.5.0-SNAPSHOT/hadoop-hdds-server-scm-0.5.0-SNAPSHOT-tests.jar:/home/user/.m2/repository/org/apache/hadoop/hadoop-hdds-container-service/0.5.0-SNAPSHOT/hadoop-hdds-container-service-0.5.0-SNAPSHOT-tests.jar:/home/user/.m2/repository/org/yaml/snakeyaml/1.16/snakeyaml-1.16.jar:/home/user/.m2/repository/org/apache/hadoop/hadoop-common/3.2.0/hadoop-common-3.2.0-tests.jar:/home/user/.m2/repository/org/apache/hadoop/hadoop-annotations/3.2.0/hadoop-annotations-3.2.0.jar:/usr/lib/jvm/java-1.8-openjdk/jre/../lib/tools.jar:/home/user/.m2/repository/commons-cli/commons-cli/1.2/commons-cli-1.2.jar:/home/user/.m2/repository/org/apache/httpcomponents/httpclient/4.5.2/httpclient-4.5.2.jar:/home/user/.m2/repository/org/apache/httpcomponents/httpcore/4.4.4/httpcore-4.4.4.jar:/home/user/.m2/repository/commons-codec/commons-codec/1.11/commons-codec-1.11.jar:/home/user/.m2/repository/commons-net/commons-net/3.6/commons-net-3.6.jar:/home/user/.m2/repository/commons-collections/commons-collections/3.2.2/commons-collections-3.2.2.jar:/home/user/.m2/repository/org/eclipse/jetty/jetty-servlet/9.3.24.v20180605/jetty-servlet-9.3.24.v20180605.jar:/home/user/.m2/repository/org/eclipse/jetty/jetty-security/9.3.24.v20180605/jetty-security-9.3.24.v20180605.jar:/home/user/.m2/repository/javax/servlet/jsp/jsp-api/2.1/jsp-api-2.1.jar:/home/user/.m2/repository/com/sun/jersey/jersey-servlet/1.19/jersey-servlet-1.19.jar:/home/user/.m2/repository/com/sun/jersey/jersey-json/1.19/jersey-json-1.19.jar:/home/user/.m2/repository/org/codehaus/jettison/jettison/1.1/jettison-1.1.jar:/home/user/.m2/repository/org/codehaus/jackson/jackson-core-asl/1.9.13/jackson-core-asl-1.9.13.jar:/home/user/.m2/repository/org/codehaus/jackson/jackson-mapper-asl/1.9.13/jackson-mapper-asl-1.9.13.jar:/home/user/.m2/repository/org/codehaus/jackson/jackson-jaxrs/1.9.13/jackson-jaxrs-1.9.13.jar:/home/user/.m2/repository/org/codehaus/jackson/jackson-xc/1.9.13/jackson-xc-1.9.13.jar:/home/user/.m2/repository/commons-logging/commons-logging/1.1.3/commons-logging-1.1.3.jar:/home/user/.m2/repository/commons-beanutils/commons-beanutils/1.9.3/commons-beanutils-1.9.3.jar:/home/user/.m2/repository/org/apache/commons/commons-configuration2/2.1.1/commons-configuration2-2.1.1.jar:/home/user/.m2/repository/org/apache/commons/commons-lang3/3.7/commons-lang3-3.7.jar:/home/user/.m2/repository/org/apache/commons/commons-text/1.4/commons-text-1.4.jar:/home/user/.m2/repository/org/apache/avro/avro/1.7.7/avro-1.7.7.jar:/home/user/.m2/repository/com/thoughtworks/paranamer/paranamer/2.3/paranamer-2.3.jar:/home/user/.m2/repository/org/xerial/snappy/snappy-java/1.0.5/snappy-java-1.0.5.jar:/home/user/.m2/repository/com/google/re2j/re2j/1.1/re2j-1.1.jar:/home/user/.m2/repository/com/google/code/gson/gson/2.2.4/gson-2.2.4.jar:/home/user/.m2/repository/com/jcraft/jsch/0.1.54/jsch-0.1.54.jar:/home/user/.m2/repository/org/apache/curator/curator-client/2.12.0/curator-client-2.12.0.jar:/home/user/.m2/repository/org/apache/curator/curator-recipes/2.12.0/curator-recipes-2.12.0.jar:/home/user/.m2/repository/com/google/code/findbugs/jsr305/3.0.0/jsr305-3.0.0.jar:/home/user/.m2/repository/org/apache/htrace/htrace-core4/4.1.0-incubating/htrace-core4-4.1.0-incubating.jar:/home/user/.m2/repository/org/apache/zookeeper/zookeeper/3.4.13/zookeeper-3.4.13.jar:/home/user/.m2/repository/org/apache/yetus/audience-annotations/0.5.0/audience-annotations-0.5.0.jar:/home/user/.m2/repository/org/codehaus/woodstox/stax2-api/3.1.4/stax2-api-3.1.4.jar:/home/user/.m2/repository/com/fasterxml/woodstox/woodstox-core/5.0.3/woodstox-core-5.0.3.jar:/home/user/.m2/repository/dnsjava/dnsjava/2.1.7/dnsjava-2.1.7.jar:/home/user/.m2/repository/org/apache/hadoop/hadoop-hdfs/3.2.0/hadoop-hdfs-3.2.0-tests.jar:/home/user/.m2/repository/org/eclipse/jetty/jetty-util-ajax/9.3.24.v20180605/jetty-util-ajax-9.3.24.v20180605.jar:/home/user/.m2/repository/commons-daemon/commons-daemon/1.0.13/commons-daemon-1.0.13.jar:/home/user/.m2/repository/io/netty/netty/3.10.5.Final/netty-3.10.5.Final.jar:/home/user/.m2/repository/io/netty/netty-all/4.0.52.Final/netty-all-4.0.52.Final.jar:/home/user/.m2/repository/org/fusesource/leveldbjni/leveldbjni-all/1.8/leveldbjni-all-1.8.jar:"/>
    <property name="sun.cpu.endian" value="little"/>
    <property name="user.home" value="/home/user"/>
    <property name="user.language" value="en"/>
    <property name="java.specification.vendor" value="Oracle Corporation"/>
    <property name="java.home" value="/usr/lib/jvm/java-1.8-openjdk/jre"/>
    <property name="java.security.krb5.conf" value="/workdir/hadoop-ozone/integration-test/target/test-classes/krb5.conf"/>
    <property name="basedir" value="/workdir/hadoop-ozone/integration-test"/>
    <property name="file.separator" value="/"/>
    <property name="line.separator" value="&#10;"/>
    <property name="java.vm.specification.vendor" value="Oracle Corporation"/>
    <property name="java.specification.name" value="Java Platform API Specification"/>
    <property name="java.awt.graphicsenv" value="sun.awt.X11GraphicsEnvironment"/>
    <property name="surefire.real.class.path" value="/workdir/hadoop-ozone/integration-test/target/surefire/surefirebooter7758558081937357529.jar"/>
    <property name="hadoop.log.dir" value="/workdir/hadoop-ozone/integration-test/target/log"/>
    <property name="sun.boot.class.path" value="/usr/lib/jvm/java-1.8-openjdk/jre/lib/resources.jar:/usr/lib/jvm/java-1.8-openjdk/jre/lib/rt.jar:/usr/lib/jvm/java-1.8-openjdk/jre/lib/sunrsasign.jar:/usr/lib/jvm/java-1.8-openjdk/jre/lib/jsse.jar:/usr/lib/jvm/java-1.8-openjdk/jre/lib/jce.jar:/usr/lib/jvm/java-1.8-openjdk/jre/lib/charsets.jar:/usr/lib/jvm/java-1.8-openjdk/jre/lib/jfr.jar:/usr/lib/jvm/java-1.8-openjdk/jre/classes"/>
    <property name="sun.management.compiler" value="HotSpot 64-Bit Tiered Compilers"/>
    <property name="java.runtime.version" value="1.8.0_212-b04"/>
    <property name="java.net.preferIPv4Stack" value="true"/>
    <property name="user.name" value="jenkins1000"/>
    <property name="path.separator" value=":"/>
    <property name="java.security.egd" value="file:///dev/urandom"/>
    <property name="os.version" value="3.10.0-957.12.2.el7.x86_64"/>
    <property name="java.endorsed.dirs" value="/usr/lib/jvm/java-1.8-openjdk/jre/lib/endorsed"/>
    <property name="java.runtime.name" value="OpenJDK Runtime Environment"/>
    <property name="file.encoding" value="UTF-8"/>
    <property name="java.vm.name" value="OpenJDK 64-Bit Server VM"/>
    <property name="test.build.webapps" value=""/>
    <property name="localRepository" value="/home/user/.m2/repository"/>
    <property name="java.vendor.url.bug" value="https://icedtea.classpath.org/bugzilla"/>
    <property name="java.io.tmpdir" value="/tmp"/>
    <property name="require.test.libhadoop" value=""/>
    <property name="java.version" value="1.8.0_212"/>
    <property name="user.dir" value="/workdir/hadoop-ozone/integration-test"/>
    <property name="os.arch" value="amd64"/>
    <property name="java.vm.specification.name" value="Java Virtual Machine Specification"/>
    <property name="test.build.classes" value="/workdir/hadoop-ozone/integration-test/target/test-classes"/>
    <property name="java.awt.printerjob" value="sun.print.PSPrinterJob"/>
    <property name="sun.os.patch.level" value="unknown"/>
    <property name="hadoop.tmp.dir" value="/workdir/hadoop-ozone/integration-test/target/tmp"/>
    <property name="java.library.path" value="/usr/lib/jvm/java-1.8-openjdk/jre/lib/amd64/server:/usr/lib/jvm/java-1.8-openjdk/jre/lib/amd64:/usr/lib/jvm/java-1.8-openjdk/jre/../lib/amd64:/workdir/hadoop-ozone/integration-test/target/native/target/usr/local/lib:/workdir/hadoop-ozone/integration-test/../../hadoop-common-project/hadoop-common/target/native/target/usr/local/lib:/usr/java/packages/lib/amd64:/usr/lib64:/lib64:/lib:/usr/lib"/>
    <property name="java.vm.info" value="mixed mode"/>
    <property name="java.vendor" value="IcedTea"/>
    <property name="java.vm.version" value="25.212-b04"/>
    <property name="java.ext.dirs" value="/usr/lib/jvm/java-1.8-openjdk/jre/lib/ext:/usr/java/packages/lib/ext"/>
    <property name="sun.io.unicode.encoding" value="UnicodeLittle"/>
    <property name="java.class.version" value="52.0"/>
  </properties>
  <testcase name="testFlushChunk" classname="org.apache.hadoop.ozone.client.rpc.TestBlockOutputStream" time="6.686"/>
  <testcase name="testMultiChunkWrite2" classname="org.apache.hadoop.ozone.client.rpc.TestBlockOutputStream" time="187.259">
    <failure message="expected:&lt;5&gt; but was:&lt;8&gt;" type="java.lang.AssertionError"><![CDATA[java.lang.AssertionError: expected:<5> but was:<8>
	at org.junit.Assert.fail(Assert.java:88)
	at org.junit.Assert.failNotEquals(Assert.java:743)
	at org.junit.Assert.assertEquals(Assert.java:118)
	at org.junit.Assert.assertEquals(Assert.java:555)
	at org.junit.Assert.assertEquals(Assert.java:542)
	at org.apache.hadoop.ozone.client.rpc.TestBlockOutputStream.testMultiChunkWrite2(TestBlockOutputStream.java:466)
	at sun.reflect.NativeMethodAccessorImpl.invoke0(Native Method)
	at sun.reflect.NativeMethodAccessorImpl.invoke(NativeMethodAccessorImpl.java:62)
	at sun.reflect.DelegatingMethodAccessorImpl.invoke(DelegatingMethodAccessorImpl.java:43)
	at java.lang.reflect.Method.invoke(Method.java:498)
	at org.junit.runners.model.FrameworkMethod$1.runReflectiveCall(FrameworkMethod.java:47)
	at org.junit.internal.runners.model.ReflectiveCallable.run(ReflectiveCallable.java:12)
	at org.junit.runners.model.FrameworkMethod.invokeExplosively(FrameworkMethod.java:44)
	at org.junit.internal.runners.statements.InvokeMethod.evaluate(InvokeMethod.java:17)
	at org.junit.runners.ParentRunner.runLeaf(ParentRunner.java:271)
	at org.junit.runners.BlockJUnit4ClassRunner.runChild(BlockJUnit4ClassRunner.java:70)
	at org.junit.runners.BlockJUnit4ClassRunner.runChild(BlockJUnit4ClassRunner.java:50)
	at org.junit.runners.ParentRunner$3.run(ParentRunner.java:238)
	at org.junit.runners.ParentRunner$1.schedule(ParentRunner.java:63)
	at org.junit.runners.ParentRunner.runChildren(ParentRunner.java:236)
	at org.junit.runners.ParentRunner.access$000(ParentRunner.java:53)
	at org.junit.runners.ParentRunner$2.evaluate(ParentRunner.java:229)
	at org.junit.internal.runners.statements.RunBefores.evaluate(RunBefores.java:26)
	at org.junit.internal.runners.statements.RunAfters.evaluate(RunAfters.java:27)
	at org.junit.runners.ParentRunner.run(ParentRunner.java:309)
	at org.apache.maven.surefire.junit4.JUnit4Provider.execute(JUnit4Provider.java:365)
	at org.apache.maven.surefire.junit4.JUnit4Provider.executeWithRerun(JUnit4Provider.java:273)
	at org.apache.maven.surefire.junit4.JUnit4Provider.executeTestSet(JUnit4Provider.java:238)
	at org.apache.maven.surefire.junit4.JUnit4Provider.invoke(JUnit4Provider.java:159)
	at org.apache.maven.surefire.booter.ForkedBooter.invokeProviderInSameClassLoader(ForkedBooter.java:384)
	at org.apache.maven.surefire.booter.ForkedBooter.runSuitesInProcess(ForkedBooter.java:345)
	at org.apache.maven.surefire.booter.ForkedBooter.execute(ForkedBooter.java:126)
	at org.apache.maven.surefire.booter.ForkedBooter.main(ForkedBooter.java:418)
]]></failure>
    <system-out><![CDATA[2019-09-16 18:43:20,560 [java.util.concurrent.ThreadPoolExecutor$Worker@52a5b513[State = -1, empty queue]] WARN  server.GrpcLogAppender (GrpcLogAppender.java:timeoutAppendRequest(200)) - bee99600-be87-4e2f-bca1-493826cfa9f4@group-38292DBBEB79->e23021be-5025-43ec-901b-8f315bf6442a-GrpcLogAppender: appendEntries Timeout, request=bee99600-be87-4e2f-bca1-493826cfa9f4->e23021be-5025-43ec-901b-8f315bf6442a#8-t1, previous=(t:1, i:6), leaderCommit=6, initializing? false, entries: size=1, first=(t:1, i:7), STATEMACHINELOGENTRY, client-1941BA254363, cid=16
2019-09-16 18:43:20,560 [java.util.concurrent.ThreadPoolExecutor$Worker@6e3cdbd2[State = -1, empty queue]] WARN  server.GrpcLogAppender (GrpcLogAppender.java:timeoutAppendRequest(200)) - bee99600-be87-4e2f-bca1-493826cfa9f4@group-38292DBBEB79->6b668dd7-26f3-4a2a-98d6-977366dc8866-GrpcLogAppender: appendEntries Timeout, request=bee99600-be87-4e2f-bca1-493826cfa9f4->6b668dd7-26f3-4a2a-98d6-977366dc8866#8-t1, previous=(t:1, i:6), leaderCommit=6, initializing? false, entries: size=1, first=(t:1, i:7), STATEMACHINELOGENTRY, client-1941BA254363, cid=16
2019-09-16 18:43:20,563 [java.util.concurrent.ThreadPoolExecutor$Worker@52a5b513[State = -1, empty queue]] WARN  server.GrpcLogAppender (GrpcLogAppender.java:timeoutAppendRequest(200)) - bee99600-be87-4e2f-bca1-493826cfa9f4@group-38292DBBEB79->e23021be-5025-43ec-901b-8f315bf6442a-GrpcLogAppender: appendEntries Timeout, request=bee99600-be87-4e2f-bca1-493826cfa9f4->e23021be-5025-43ec-901b-8f315bf6442a#9-t1, previous=(t:1, i:7), leaderCommit=6, initializing? false, entries: size=1, first=(t:1, i:8), STATEMACHINELOGENTRY, client-1941BA254363, cid=17
2019-09-16 18:43:20,565 [java.util.concurrent.ThreadPoolExecutor$Worker@6e3cdbd2[State = -1, empty queue]] WARN  server.GrpcLogAppender (GrpcLogAppender.java:timeoutAppendRequest(200)) - bee99600-be87-4e2f-bca1-493826cfa9f4@group-38292DBBEB79->6b668dd7-26f3-4a2a-98d6-977366dc8866-GrpcLogAppender: appendEntries Timeout, request=bee99600-be87-4e2f-bca1-493826cfa9f4->6b668dd7-26f3-4a2a-98d6-977366dc8866#9-t1, previous=(t:1, i:7), leaderCommit=6, initializing? false, entries: size=1, first=(t:1, i:8), STATEMACHINELOGENTRY, client-1941BA254363, cid=17
2019-09-16 18:43:20,566 [java.util.concurrent.ThreadPoolExecutor$Worker@52a5b513[State = -1, empty queue]] WARN  server.GrpcLogAppender (GrpcLogAppender.java:timeoutAppendRequest(200)) - bee99600-be87-4e2f-bca1-493826cfa9f4@group-38292DBBEB79->e23021be-5025-43ec-901b-8f315bf6442a-GrpcLogAppender: appendEntries Timeout, request=bee99600-be87-4e2f-bca1-493826cfa9f4->e23021be-5025-43ec-901b-8f315bf6442a#10-t1, previous=(t:1, i:8), leaderCommit=6, initializing? false, entries: size=1, first=(t:1, i:9), STATEMACHINELOGENTRY, client-1941BA254363, cid=18
2019-09-16 18:43:20,568 [java.util.concurrent.ThreadPoolExecutor$Worker@52a5b513[State = -1, empty queue]] WARN  server.GrpcLogAppender (GrpcLogAppender.java:timeoutAppendRequest(200)) - bee99600-be87-4e2f-bca1-493826cfa9f4@group-38292DBBEB79->e23021be-5025-43ec-901b-8f315bf6442a-GrpcLogAppender: appendEntries Timeout, request=bee99600-be87-4e2f-bca1-493826cfa9f4->e23021be-5025-43ec-901b-8f315bf6442a#11-t1, previous=(t:1, i:9), leaderCommit=6, initializing? false, entries: size=1, first=(t:1, i:10), STATEMACHINELOGENTRY, client-1941BA254363, cid=19
2019-09-16 18:43:20,568 [java.util.concurrent.ThreadPoolExecutor$Worker@6e3cdbd2[State = -1, empty queue]] WARN  server.GrpcLogAppender (GrpcLogAppender.java:timeoutAppendRequest(200)) - bee99600-be87-4e2f-bca1-493826cfa9f4@group-38292DBBEB79->6b668dd7-26f3-4a2a-98d6-977366dc8866-GrpcLogAppender: appendEntries Timeout, request=bee99600-be87-4e2f-bca1-493826cfa9f4->6b668dd7-26f3-4a2a-98d6-977366dc8866#10-t1, previous=(t:1, i:8), leaderCommit=6, initializing? false, entries: size=1, first=(t:1, i:9), STATEMACHINELOGENTRY, client-1941BA254363, cid=18
2019-09-16 18:43:20,570 [java.util.concurrent.ThreadPoolExecutor$Worker@52a5b513[State = -1, empty queue]] WARN  server.GrpcLogAppender (GrpcLogAppender.java:timeoutAppendRequest(200)) - bee99600-be87-4e2f-bca1-493826cfa9f4@group-38292DBBEB79->e23021be-5025-43ec-901b-8f315bf6442a-GrpcLogAppender: appendEntries Timeout, request=bee99600-be87-4e2f-bca1-493826cfa9f4->e23021be-5025-43ec-901b-8f315bf6442a#12-t1, previous=(t:1, i:10), leaderCommit=6, initializing? false, entries: size=1, first=(t:1, i:11), STATEMACHINELOGENTRY, client-1941BA254363, cid=20
2019-09-16 18:43:20,572 [java.util.concurrent.ThreadPoolExecutor$Worker@6e3cdbd2[State = -1, empty queue]] WARN  server.GrpcLogAppender (GrpcLogAppender.java:timeoutAppendRequest(200)) - bee99600-be87-4e2f-bca1-493826cfa9f4@group-38292DBBEB79->6b668dd7-26f3-4a2a-98d6-977366dc8866-GrpcLogAppender: appendEntries Timeout, request=bee99600-be87-4e2f-bca1-493826cfa9f4->6b668dd7-26f3-4a2a-98d6-977366dc8866#11-t1, previous=(t:1, i:9), leaderCommit=6, initializing? false, entries: size=1, first=(t:1, i:10), STATEMACHINELOGENTRY, client-1941BA254363, cid=19
2019-09-16 18:43:20,574 [java.util.concurrent.ThreadPoolExecutor$Worker@6e3cdbd2[State = -1, empty queue]] WARN  server.GrpcLogAppender (GrpcLogAppender.java:timeoutAppendRequest(200)) - bee99600-be87-4e2f-bca1-493826cfa9f4@group-38292DBBEB79->6b668dd7-26f3-4a2a-98d6-977366dc8866-GrpcLogAppender: appendEntries Timeout, request=bee99600-be87-4e2f-bca1-493826cfa9f4->6b668dd7-26f3-4a2a-98d6-977366dc8866#12-t1, previous=(t:1, i:10), leaderCommit=6, initializing? false, entries: size=1, first=(t:1, i:11), STATEMACHINELOGENTRY, client-1941BA254363, cid=20
2019-09-16 18:43:22,625 [grpc-default-executor-0] INFO  client.GrpcClientProtocolClient (GrpcClientProtocolClient.java:onNext(264)) - client-1941BA254363->e23021be-5025-43ec-901b-8f315bf6442a: receive RaftClientReply:client-1941BA254363->e23021be-5025-43ec-901b-8f315bf6442a@group-38292DBBEB79, cid=16, FAILED org.apache.ratis.protocol.NotLeaderException: Server e23021be-5025-43ec-901b-8f315bf6442a@group-38292DBBEB79 is not the leader bee99600-be87-4e2f-bca1-493826cfa9f4:192.168.34.56:42923, logIndex=0, commits[e23021be-5025-43ec-901b-8f315bf6442a:c6, 6b668dd7-26f3-4a2a-98d6-977366dc8866:c4, bee99600-be87-4e2f-bca1-493826cfa9f4:c6]
2019-09-16 18:43:23,064 [java.util.concurrent.ThreadPoolExecutor$Worker@6e3cdbd2[State = -1, empty queue]] WARN  server.GrpcLogAppender (GrpcLogAppender.java:timeoutAppendRequest(200)) - bee99600-be87-4e2f-bca1-493826cfa9f4@group-38292DBBEB79->6b668dd7-26f3-4a2a-98d6-977366dc8866-GrpcLogAppender: appendEntries Timeout, request=bee99600-be87-4e2f-bca1-493826cfa9f4->6b668dd7-26f3-4a2a-98d6-977366dc8866#13-t1, previous=(t:1, i:11), leaderCommit=6, initializing? false, entries: <empty>
2019-09-16 18:43:23,064 [java.util.concurrent.ThreadPoolExecutor$Worker@52a5b513[State = -1, empty queue]] WARN  server.GrpcLogAppender (GrpcLogAppender.java:timeoutAppendRequest(200)) - bee99600-be87-4e2f-bca1-493826cfa9f4@group-38292DBBEB79->e23021be-5025-43ec-901b-8f315bf6442a-GrpcLogAppender: appendEntries Timeout, request=bee99600-be87-4e2f-bca1-493826cfa9f4->e23021be-5025-43ec-901b-8f315bf6442a#13-t1, previous=(t:1, i:11), leaderCommit=6, initializing? false, entries: <empty>
2019-09-16 18:43:25,565 [java.util.concurrent.ThreadPoolExecutor$Worker@6e3cdbd2[State = -1, empty queue]] WARN  server.GrpcLogAppender (GrpcLogAppender.java:timeoutAppendRequest(200)) - bee99600-be87-4e2f-bca1-493826cfa9f4@group-38292DBBEB79->6b668dd7-26f3-4a2a-98d6-977366dc8866-GrpcLogAppender: appendEntries Timeout, request=bee99600-be87-4e2f-bca1-493826cfa9f4->6b668dd7-26f3-4a2a-98d6-977366dc8866#14-t1, previous=(t:1, i:11), leaderCommit=6, initializing? false, entries: <empty>
2019-09-16 18:43:25,565 [java.util.concurrent.ThreadPoolExecutor$Worker@52a5b513[State = -1, empty queue]] WARN  server.GrpcLogAppender (GrpcLogAppender.java:timeoutAppendRequest(200)) - bee99600-be87-4e2f-bca1-493826cfa9f4@group-38292DBBEB79->e23021be-5025-43ec-901b-8f315bf6442a-GrpcLogAppender: appendEntries Timeout, request=bee99600-be87-4e2f-bca1-493826cfa9f4->e23021be-5025-43ec-901b-8f315bf6442a#14-t1, previous=(t:1, i:11), leaderCommit=6, initializing? false, entries: <empty>
2019-09-16 18:43:27,564 [6b668dd7-26f3-4a2a-98d6-977366dc8866@group-38292DBBEB79-SegmentedRaftLogWorker] WARN  segmented.SegmentedRaftLogWorker (SegmentedRaftLogWorker.java:getFromFuture(90)) - Timeout 0/~
org.apache.ratis.protocol.TimeoutIOException: Timeout 10s: WriteLog:7: (t:1, i:7), STATEMACHINELOGENTRY, client-1941BA254363, cid=16-writeStateMachineData
	at org.apache.ratis.util.IOUtils.getFromFuture(IOUtils.java:87)
	at org.apache.ratis.server.raftlog.segmented.SegmentedRaftLogWorker$StateMachineDataPolicy.getFromFuture(SegmentedRaftLogWorker.java:87)
	at org.apache.ratis.server.raftlog.segmented.SegmentedRaftLogWorker$WriteLog.execute(SegmentedRaftLogWorker.java:477)
	at org.apache.ratis.server.raftlog.segmented.SegmentedRaftLogWorker.run(SegmentedRaftLogWorker.java:289)
	at java.lang.Thread.run(Thread.java:748)
Caused by: java.util.concurrent.TimeoutException
	at java.util.concurrent.CompletableFuture.timedGet(CompletableFuture.java:1771)
	at java.util.concurrent.CompletableFuture.get(CompletableFuture.java:1915)
	at org.apache.ratis.util.IOUtils.getFromFuture(IOUtils.java:79)
	... 4 more
2019-09-16 18:43:27,646 [e23021be-5025-43ec-901b-8f315bf6442a@group-38292DBBEB79-SegmentedRaftLogWorker] WARN  segmented.SegmentedRaftLogWorker (SegmentedRaftLogWorker.java:getFromFuture(90)) - Timeout 0/~
org.apache.ratis.protocol.TimeoutIOException: Timeout 10s: WriteLog:8: (t:1, i:8), STATEMACHINELOGENTRY, client-1941BA254363, cid=17-writeStateMachineData
	at org.apache.ratis.util.IOUtils.getFromFuture(IOUtils.java:87)
	at org.apache.ratis.server.raftlog.segmented.SegmentedRaftLogWorker$StateMachineDataPolicy.getFromFuture(SegmentedRaftLogWorker.java:87)
	at org.apache.ratis.server.raftlog.segmented.SegmentedRaftLogWorker$WriteLog.execute(SegmentedRaftLogWorker.java:477)
	at org.apache.ratis.server.raftlog.segmented.SegmentedRaftLogWorker.run(SegmentedRaftLogWorker.java:289)
	at java.lang.Thread.run(Thread.java:748)
Caused by: java.util.concurrent.TimeoutException
	at java.util.concurrent.CompletableFuture.timedGet(CompletableFuture.java:1771)
	at java.util.concurrent.CompletableFuture.get(CompletableFuture.java:1915)
	at org.apache.ratis.util.IOUtils.getFromFuture(IOUtils.java:79)
	... 4 more
2019-09-16 18:43:27,646 [bee99600-be87-4e2f-bca1-493826cfa9f4@group-38292DBBEB79-SegmentedRaftLogWorker] WARN  segmented.SegmentedRaftLogWorker (SegmentedRaftLogWorker.java:getFromFuture(90)) - Timeout 0/~
org.apache.ratis.protocol.TimeoutIOException: Timeout 10s: WriteLog:8: (t:1, i:8), STATEMACHINELOGENTRY, client-1941BA254363, cid=17-writeStateMachineData
	at org.apache.ratis.util.IOUtils.getFromFuture(IOUtils.java:87)
	at org.apache.ratis.server.raftlog.segmented.SegmentedRaftLogWorker$StateMachineDataPolicy.getFromFuture(SegmentedRaftLogWorker.java:87)
	at org.apache.ratis.server.raftlog.segmented.SegmentedRaftLogWorker$WriteLog.execute(SegmentedRaftLogWorker.java:477)
	at org.apache.ratis.server.raftlog.segmented.SegmentedRaftLogWorker.run(SegmentedRaftLogWorker.java:289)
	at java.lang.Thread.run(Thread.java:748)
Caused by: java.util.concurrent.TimeoutException
	at java.util.concurrent.CompletableFuture.timedGet(CompletableFuture.java:1771)
	at java.util.concurrent.CompletableFuture.get(CompletableFuture.java:1915)
	at org.apache.ratis.util.IOUtils.getFromFuture(IOUtils.java:79)
	... 4 more
2019-09-16 18:43:27,685 [grpc-default-executor-0] INFO  client.GrpcClientProtocolClient (GrpcClientProtocolClient.java:onNext(264)) - client-1941BA254363->e23021be-5025-43ec-901b-8f315bf6442a: receive RaftClientReply:client-1941BA254363->e23021be-5025-43ec-901b-8f315bf6442a@group-38292DBBEB79, cid=16, FAILED org.apache.ratis.protocol.NotLeaderException: Server e23021be-5025-43ec-901b-8f315bf6442a@group-38292DBBEB79 is not the leader bee99600-be87-4e2f-bca1-493826cfa9f4:192.168.34.56:42923, logIndex=0, commits[e23021be-5025-43ec-901b-8f315bf6442a:c6, 6b668dd7-26f3-4a2a-98d6-977366dc8866:c4, bee99600-be87-4e2f-bca1-493826cfa9f4:c6]
2019-09-16 18:43:28,067 [java.util.concurrent.ThreadPoolExecutor$Worker@52a5b513[State = -1, empty queue]] WARN  server.GrpcLogAppender (GrpcLogAppender.java:timeoutAppendRequest(200)) - bee99600-be87-4e2f-bca1-493826cfa9f4@group-38292DBBEB79->e23021be-5025-43ec-901b-8f315bf6442a-GrpcLogAppender: appendEntries Timeout, request=bee99600-be87-4e2f-bca1-493826cfa9f4->e23021be-5025-43ec-901b-8f315bf6442a#15-t1, previous=(t:1, i:11), leaderCommit=6, initializing? false, entries: <empty>
2019-09-16 18:43:28,067 [java.util.concurrent.ThreadPoolExecutor$Worker@6e3cdbd2[State = -1, empty queue]] WARN  server.GrpcLogAppender (GrpcLogAppender.java:timeoutAppendRequest(200)) - bee99600-be87-4e2f-bca1-493826cfa9f4@group-38292DBBEB79->6b668dd7-26f3-4a2a-98d6-977366dc8866-GrpcLogAppender: appendEntries Timeout, request=bee99600-be87-4e2f-bca1-493826cfa9f4->6b668dd7-26f3-4a2a-98d6-977366dc8866#15-t1, previous=(t:1, i:11), leaderCommit=6, initializing? false, entries: <empty>
2019-09-16 18:43:30,568 [java.util.concurrent.ThreadPoolExecutor$Worker@52a5b513[State = -1, empty queue]] WARN  server.GrpcLogAppender (GrpcLogAppender.java:timeoutAppendRequest(200)) - bee99600-be87-4e2f-bca1-493826cfa9f4@group-38292DBBEB79->e23021be-5025-43ec-901b-8f315bf6442a-GrpcLogAppender: appendEntries Timeout, request=bee99600-be87-4e2f-bca1-493826cfa9f4->e23021be-5025-43ec-901b-8f315bf6442a#16-t1, previous=(t:1, i:11), leaderCommit=6, initializing? false, entries: <empty>
2019-09-16 18:43:30,568 [java.util.concurrent.ThreadPoolExecutor$Worker@6e3cdbd2[State = -1, empty queue]] WARN  server.GrpcLogAppender (GrpcLogAppender.java:timeoutAppendRequest(200)) - bee99600-be87-4e2f-bca1-493826cfa9f4@group-38292DBBEB79->6b668dd7-26f3-4a2a-98d6-977366dc8866-GrpcLogAppender: appendEntries Timeout, request=bee99600-be87-4e2f-bca1-493826cfa9f4->6b668dd7-26f3-4a2a-98d6-977366dc8866#16-t1, previous=(t:1, i:11), leaderCommit=6, initializing? false, entries: <empty>
2019-09-16 18:43:32,735 [grpc-default-executor-0] INFO  client.GrpcClientProtocolClient (GrpcClientProtocolClient.java:onNext(264)) - client-1941BA254363->e23021be-5025-43ec-901b-8f315bf6442a: receive RaftClientReply:client-1941BA254363->e23021be-5025-43ec-901b-8f315bf6442a@group-38292DBBEB79, cid=16, FAILED org.apache.ratis.protocol.NotLeaderException: Server e23021be-5025-43ec-901b-8f315bf6442a@group-38292DBBEB79 is not the leader bee99600-be87-4e2f-bca1-493826cfa9f4:192.168.34.56:42923, logIndex=0, commits[e23021be-5025-43ec-901b-8f315bf6442a:c6, 6b668dd7-26f3-4a2a-98d6-977366dc8866:c4, bee99600-be87-4e2f-bca1-493826cfa9f4:c6]
2019-09-16 18:43:33,069 [java.util.concurrent.ThreadPoolExecutor$Worker@52a5b513[State = -1, empty queue]] WARN  server.GrpcLogAppender (GrpcLogAppender.java:timeoutAppendRequest(200)) - bee99600-be87-4e2f-bca1-493826cfa9f4@group-38292DBBEB79->e23021be-5025-43ec-901b-8f315bf6442a-GrpcLogAppender: appendEntries Timeout, request=bee99600-be87-4e2f-bca1-493826cfa9f4->e23021be-5025-43ec-901b-8f315bf6442a#17-t1, previous=(t:1, i:11), leaderCommit=6, initializing? false, entries: <empty>
2019-09-16 18:43:33,069 [java.util.concurrent.ThreadPoolExecutor$Worker@6e3cdbd2[State = -1, empty queue]] WARN  server.GrpcLogAppender (GrpcLogAppender.java:timeoutAppendRequest(200)) - bee99600-be87-4e2f-bca1-493826cfa9f4@group-38292DBBEB79->6b668dd7-26f3-4a2a-98d6-977366dc8866-GrpcLogAppender: appendEntries Timeout, request=bee99600-be87-4e2f-bca1-493826cfa9f4->6b668dd7-26f3-4a2a-98d6-977366dc8866#17-t1, previous=(t:1, i:11), leaderCommit=6, initializing? false, entries: <empty>
2019-09-16 18:43:35,571 [java.util.concurrent.ThreadPoolExecutor$Worker@52a5b513[State = -1, empty queue]] WARN  server.GrpcLogAppender (GrpcLogAppender.java:timeoutAppendRequest(200)) - bee99600-be87-4e2f-bca1-493826cfa9f4@group-38292DBBEB79->e23021be-5025-43ec-901b-8f315bf6442a-GrpcLogAppender: appendEntries Timeout, request=bee99600-be87-4e2f-bca1-493826cfa9f4->e23021be-5025-43ec-901b-8f315bf6442a#18-t1, previous=(t:1, i:11), leaderCommit=6, initializing? false, entries: <empty>
2019-09-16 18:43:35,571 [java.util.concurrent.ThreadPoolExecutor$Worker@6e3cdbd2[State = -1, empty queue]] WARN  server.GrpcLogAppender (GrpcLogAppender.java:timeoutAppendRequest(200)) - bee99600-be87-4e2f-bca1-493826cfa9f4@group-38292DBBEB79->6b668dd7-26f3-4a2a-98d6-977366dc8866-GrpcLogAppender: appendEntries Timeout, request=bee99600-be87-4e2f-bca1-493826cfa9f4->6b668dd7-26f3-4a2a-98d6-977366dc8866#18-t1, previous=(t:1, i:11), leaderCommit=6, initializing? false, entries: <empty>
2019-09-16 18:43:37,566 [6b668dd7-26f3-4a2a-98d6-977366dc8866@group-38292DBBEB79-SegmentedRaftLogWorker] WARN  segmented.SegmentedRaftLogWorker (SegmentedRaftLogWorker.java:getFromFuture(90)) - Timeout 1/~
org.apache.ratis.protocol.TimeoutIOException: Timeout 10s: WriteLog:7: (t:1, i:7), STATEMACHINELOGENTRY, client-1941BA254363, cid=16-writeStateMachineData
	at org.apache.ratis.util.IOUtils.getFromFuture(IOUtils.java:87)
	at org.apache.ratis.server.raftlog.segmented.SegmentedRaftLogWorker$StateMachineDataPolicy.getFromFuture(SegmentedRaftLogWorker.java:87)
	at org.apache.ratis.server.raftlog.segmented.SegmentedRaftLogWorker$WriteLog.execute(SegmentedRaftLogWorker.java:477)
	at org.apache.ratis.server.raftlog.segmented.SegmentedRaftLogWorker.run(SegmentedRaftLogWorker.java:289)
	at java.lang.Thread.run(Thread.java:748)
Caused by: java.util.concurrent.TimeoutException
	at java.util.concurrent.CompletableFuture.timedGet(CompletableFuture.java:1771)
	at java.util.concurrent.CompletableFuture.get(CompletableFuture.java:1915)
	at org.apache.ratis.util.IOUtils.getFromFuture(IOUtils.java:79)
	... 4 more
2019-09-16 18:43:37,647 [e23021be-5025-43ec-901b-8f315bf6442a@group-38292DBBEB79-SegmentedRaftLogWorker] WARN  segmented.SegmentedRaftLogWorker (SegmentedRaftLogWorker.java:getFromFuture(90)) - Timeout 1/~
org.apache.ratis.protocol.TimeoutIOException: Timeout 10s: WriteLog:8: (t:1, i:8), STATEMACHINELOGENTRY, client-1941BA254363, cid=17-writeStateMachineData
	at org.apache.ratis.util.IOUtils.getFromFuture(IOUtils.java:87)
	at org.apache.ratis.server.raftlog.segmented.SegmentedRaftLogWorker$StateMachineDataPolicy.getFromFuture(SegmentedRaftLogWorker.java:87)
	at org.apache.ratis.server.raftlog.segmented.SegmentedRaftLogWorker$WriteLog.execute(SegmentedRaftLogWorker.java:477)
	at org.apache.ratis.server.raftlog.segmented.SegmentedRaftLogWorker.run(SegmentedRaftLogWorker.java:289)
	at java.lang.Thread.run(Thread.java:748)
Caused by: java.util.concurrent.TimeoutException
	at java.util.concurrent.CompletableFuture.timedGet(CompletableFuture.java:1771)
	at java.util.concurrent.CompletableFuture.get(CompletableFuture.java:1915)
	at org.apache.ratis.util.IOUtils.getFromFuture(IOUtils.java:79)
	... 4 more
2019-09-16 18:43:37,648 [bee99600-be87-4e2f-bca1-493826cfa9f4@group-38292DBBEB79-SegmentedRaftLogWorker] WARN  segmented.SegmentedRaftLogWorker (SegmentedRaftLogWorker.java:getFromFuture(90)) - Timeout 1/~
org.apache.ratis.protocol.TimeoutIOException: Timeout 10s: WriteLog:8: (t:1, i:8), STATEMACHINELOGENTRY, client-1941BA254363, cid=17-writeStateMachineData
	at org.apache.ratis.util.IOUtils.getFromFuture(IOUtils.java:87)
	at org.apache.ratis.server.raftlog.segmented.SegmentedRaftLogWorker$StateMachineDataPolicy.getFromFuture(SegmentedRaftLogWorker.java:87)
	at org.apache.ratis.server.raftlog.segmented.SegmentedRaftLogWorker$WriteLog.execute(SegmentedRaftLogWorker.java:477)
	at org.apache.ratis.server.raftlog.segmented.SegmentedRaftLogWorker.run(SegmentedRaftLogWorker.java:289)
	at java.lang.Thread.run(Thread.java:748)
Caused by: java.util.concurrent.TimeoutException
	at java.util.concurrent.CompletableFuture.timedGet(CompletableFuture.java:1771)
	at java.util.concurrent.CompletableFuture.get(CompletableFuture.java:1915)
	at org.apache.ratis.util.IOUtils.getFromFuture(IOUtils.java:79)
	... 4 more
2019-09-16 18:43:37,778 [grpc-default-executor-1] INFO  client.GrpcClientProtocolClient (GrpcClientProtocolClient.java:onNext(264)) - client-1941BA254363->e23021be-5025-43ec-901b-8f315bf6442a: receive RaftClientReply:client-1941BA254363->e23021be-5025-43ec-901b-8f315bf6442a@group-38292DBBEB79, cid=16, FAILED org.apache.ratis.protocol.NotLeaderException: Server e23021be-5025-43ec-901b-8f315bf6442a@group-38292DBBEB79 is not the leader bee99600-be87-4e2f-bca1-493826cfa9f4:192.168.34.56:42923, logIndex=0, commits[e23021be-5025-43ec-901b-8f315bf6442a:c6, 6b668dd7-26f3-4a2a-98d6-977366dc8866:c4, bee99600-be87-4e2f-bca1-493826cfa9f4:c6]
2019-09-16 18:43:38,072 [java.util.concurrent.ThreadPoolExecutor$Worker@6e3cdbd2[State = -1, empty queue]] WARN  server.GrpcLogAppender (GrpcLogAppender.java:timeoutAppendRequest(200)) - bee99600-be87-4e2f-bca1-493826cfa9f4@group-38292DBBEB79->6b668dd7-26f3-4a2a-98d6-977366dc8866-GrpcLogAppender: appendEntries Timeout, request=bee99600-be87-4e2f-bca1-493826cfa9f4->6b668dd7-26f3-4a2a-98d6-977366dc8866#19-t1, previous=(t:1, i:11), leaderCommit=6, initializing? false, entries: <empty>
2019-09-16 18:43:38,072 [java.util.concurrent.ThreadPoolExecutor$Worker@52a5b513[State = -1, empty queue]] WARN  server.GrpcLogAppender (GrpcLogAppender.java:timeoutAppendRequest(200)) - bee99600-be87-4e2f-bca1-493826cfa9f4@group-38292DBBEB79->e23021be-5025-43ec-901b-8f315bf6442a-GrpcLogAppender: appendEntries Timeout, request=bee99600-be87-4e2f-bca1-493826cfa9f4->e23021be-5025-43ec-901b-8f315bf6442a#19-t1, previous=(t:1, i:11), leaderCommit=6, initializing? false, entries: <empty>
2019-09-16 18:43:40,572 [java.util.concurrent.ThreadPoolExecutor$Worker@52a5b513[State = -1, empty queue]] WARN  server.GrpcLogAppender (GrpcLogAppender.java:timeoutAppendRequest(200)) - bee99600-be87-4e2f-bca1-493826cfa9f4@group-38292DBBEB79->e23021be-5025-43ec-901b-8f315bf6442a-GrpcLogAppender: appendEntries Timeout, request=bee99600-be87-4e2f-bca1-493826cfa9f4->e23021be-5025-43ec-901b-8f315bf6442a#20-t1, previous=(t:1, i:11), leaderCommit=6, initializing? false, entries: <empty>
2019-09-16 18:43:40,572 [java.util.concurrent.ThreadPoolExecutor$Worker@6e3cdbd2[State = -1, empty queue]] WARN  server.GrpcLogAppender (GrpcLogAppender.java:timeoutAppendRequest(200)) - bee99600-be87-4e2f-bca1-493826cfa9f4@group-38292DBBEB79->6b668dd7-26f3-4a2a-98d6-977366dc8866-GrpcLogAppender: appendEntries Timeout, request=bee99600-be87-4e2f-bca1-493826cfa9f4->6b668dd7-26f3-4a2a-98d6-977366dc8866#20-t1, previous=(t:1, i:11), leaderCommit=6, initializing? false, entries: <empty>
2019-09-16 18:43:42,822 [grpc-default-executor-0] INFO  client.GrpcClientProtocolClient (GrpcClientProtocolClient.java:onNext(264)) - client-1941BA254363->e23021be-5025-43ec-901b-8f315bf6442a: receive RaftClientReply:client-1941BA254363->e23021be-5025-43ec-901b-8f315bf6442a@group-38292DBBEB79, cid=16, FAILED org.apache.ratis.protocol.NotLeaderException: Server e23021be-5025-43ec-901b-8f315bf6442a@group-38292DBBEB79 is not the leader bee99600-be87-4e2f-bca1-493826cfa9f4:192.168.34.56:42923, logIndex=0, commits[e23021be-5025-43ec-901b-8f315bf6442a:c6, 6b668dd7-26f3-4a2a-98d6-977366dc8866:c4, bee99600-be87-4e2f-bca1-493826cfa9f4:c6]
2019-09-16 18:43:43,073 [java.util.concurrent.ThreadPoolExecutor$Worker@6e3cdbd2[State = -1, empty queue]] WARN  server.GrpcLogAppender (GrpcLogAppender.java:timeoutAppendRequest(200)) - bee99600-be87-4e2f-bca1-493826cfa9f4@group-38292DBBEB79->6b668dd7-26f3-4a2a-98d6-977366dc8866-GrpcLogAppender: appendEntries Timeout, request=bee99600-be87-4e2f-bca1-493826cfa9f4->6b668dd7-26f3-4a2a-98d6-977366dc8866#21-t1, previous=(t:1, i:11), leaderCommit=6, initializing? false, entries: <empty>
2019-09-16 18:43:43,073 [java.util.concurrent.ThreadPoolExecutor$Worker@52a5b513[State = -1, empty queue]] WARN  server.GrpcLogAppender (GrpcLogAppender.java:timeoutAppendRequest(200)) - bee99600-be87-4e2f-bca1-493826cfa9f4@group-38292DBBEB79->e23021be-5025-43ec-901b-8f315bf6442a-GrpcLogAppender: appendEntries Timeout, request=bee99600-be87-4e2f-bca1-493826cfa9f4->e23021be-5025-43ec-901b-8f315bf6442a#21-t1, previous=(t:1, i:11), leaderCommit=6, initializing? false, entries: <empty>
2019-09-16 18:43:45,575 [java.util.concurrent.ThreadPoolExecutor$Worker@6e3cdbd2[State = -1, empty queue]] WARN  server.GrpcLogAppender (GrpcLogAppender.java:timeoutAppendRequest(200)) - bee99600-be87-4e2f-bca1-493826cfa9f4@group-38292DBBEB79->6b668dd7-26f3-4a2a-98d6-977366dc8866-GrpcLogAppender: appendEntries Timeout, request=bee99600-be87-4e2f-bca1-493826cfa9f4->6b668dd7-26f3-4a2a-98d6-977366dc8866#22-t1, previous=(t:1, i:11), leaderCommit=6, initializing? false, entries: <empty>
2019-09-16 18:43:45,575 [java.util.concurrent.ThreadPoolExecutor$Worker@52a5b513[State = -1, empty queue]] WARN  server.GrpcLogAppender (GrpcLogAppender.java:timeoutAppendRequest(200)) - bee99600-be87-4e2f-bca1-493826cfa9f4@group-38292DBBEB79->e23021be-5025-43ec-901b-8f315bf6442a-GrpcLogAppender: appendEntries Timeout, request=bee99600-be87-4e2f-bca1-493826cfa9f4->e23021be-5025-43ec-901b-8f315bf6442a#22-t1, previous=(t:1, i:11), leaderCommit=6, initializing? false, entries: <empty>
2019-09-16 18:43:47,567 [6b668dd7-26f3-4a2a-98d6-977366dc8866@group-38292DBBEB79-SegmentedRaftLogWorker] WARN  segmented.SegmentedRaftLogWorker (SegmentedRaftLogWorker.java:getFromFuture(90)) - Timeout 2/~
org.apache.ratis.protocol.TimeoutIOException: Timeout 10s: WriteLog:7: (t:1, i:7), STATEMACHINELOGENTRY, client-1941BA254363, cid=16-writeStateMachineData
	at org.apache.ratis.util.IOUtils.getFromFuture(IOUtils.java:87)
	at org.apache.ratis.server.raftlog.segmented.SegmentedRaftLogWorker$StateMachineDataPolicy.getFromFuture(SegmentedRaftLogWorker.java:87)
	at org.apache.ratis.server.raftlog.segmented.SegmentedRaftLogWorker$WriteLog.execute(SegmentedRaftLogWorker.java:477)
	at org.apache.ratis.server.raftlog.segmented.SegmentedRaftLogWorker.run(SegmentedRaftLogWorker.java:289)
	at java.lang.Thread.run(Thread.java:748)
Caused by: java.util.concurrent.TimeoutException
	at java.util.concurrent.CompletableFuture.timedGet(CompletableFuture.java:1771)
	at java.util.concurrent.CompletableFuture.get(CompletableFuture.java:1915)
	at org.apache.ratis.util.IOUtils.getFromFuture(IOUtils.java:79)
	... 4 more
2019-09-16 18:43:47,648 [e23021be-5025-43ec-901b-8f315bf6442a@group-38292DBBEB79-SegmentedRaftLogWorker] WARN  segmented.SegmentedRaftLogWorker (SegmentedRaftLogWorker.java:getFromFuture(90)) - Timeout 2/~
org.apache.ratis.protocol.TimeoutIOException: Timeout 10s: WriteLog:8: (t:1, i:8), STATEMACHINELOGENTRY, client-1941BA254363, cid=17-writeStateMachineData
	at org.apache.ratis.util.IOUtils.getFromFuture(IOUtils.java:87)
	at org.apache.ratis.server.raftlog.segmented.SegmentedRaftLogWorker$StateMachineDataPolicy.getFromFuture(SegmentedRaftLogWorker.java:87)
	at org.apache.ratis.server.raftlog.segmented.SegmentedRaftLogWorker$WriteLog.execute(SegmentedRaftLogWorker.java:477)
	at org.apache.ratis.server.raftlog.segmented.SegmentedRaftLogWorker.run(SegmentedRaftLogWorker.java:289)
	at java.lang.Thread.run(Thread.java:748)
Caused by: java.util.concurrent.TimeoutException
	at java.util.concurrent.CompletableFuture.timedGet(CompletableFuture.java:1771)
	at java.util.concurrent.CompletableFuture.get(CompletableFuture.java:1915)
	at org.apache.ratis.util.IOUtils.getFromFuture(IOUtils.java:79)
	... 4 more
2019-09-16 18:43:47,648 [bee99600-be87-4e2f-bca1-493826cfa9f4@group-38292DBBEB79-SegmentedRaftLogWorker] WARN  segmented.SegmentedRaftLogWorker (SegmentedRaftLogWorker.java:getFromFuture(90)) - Timeout 2/~
org.apache.ratis.protocol.TimeoutIOException: Timeout 10s: WriteLog:8: (t:1, i:8), STATEMACHINELOGENTRY, client-1941BA254363, cid=17-writeStateMachineData
	at org.apache.ratis.util.IOUtils.getFromFuture(IOUtils.java:87)
	at org.apache.ratis.server.raftlog.segmented.SegmentedRaftLogWorker$StateMachineDataPolicy.getFromFuture(SegmentedRaftLogWorker.java:87)
	at org.apache.ratis.server.raftlog.segmented.SegmentedRaftLogWorker$WriteLog.execute(SegmentedRaftLogWorker.java:477)
	at org.apache.ratis.server.raftlog.segmented.SegmentedRaftLogWorker.run(SegmentedRaftLogWorker.java:289)
	at java.lang.Thread.run(Thread.java:748)
Caused by: java.util.concurrent.TimeoutException
	at java.util.concurrent.CompletableFuture.timedGet(CompletableFuture.java:1771)
	at java.util.concurrent.CompletableFuture.get(CompletableFuture.java:1915)
	at org.apache.ratis.util.IOUtils.getFromFuture(IOUtils.java:79)
	... 4 more
2019-09-16 18:43:47,877 [grpc-default-executor-2] INFO  client.GrpcClientProtocolClient (GrpcClientProtocolClient.java:onNext(264)) - client-1941BA254363->e23021be-5025-43ec-901b-8f315bf6442a: receive RaftClientReply:client-1941BA254363->e23021be-5025-43ec-901b-8f315bf6442a@group-38292DBBEB79, cid=16, FAILED org.apache.ratis.protocol.NotLeaderException: Server e23021be-5025-43ec-901b-8f315bf6442a@group-38292DBBEB79 is not the leader bee99600-be87-4e2f-bca1-493826cfa9f4:192.168.34.56:42923, logIndex=0, commits[e23021be-5025-43ec-901b-8f315bf6442a:c6, 6b668dd7-26f3-4a2a-98d6-977366dc8866:c4, bee99600-be87-4e2f-bca1-493826cfa9f4:c6]
2019-09-16 18:43:48,076 [java.util.concurrent.ThreadPoolExecutor$Worker@52a5b513[State = -1, empty queue]] WARN  server.GrpcLogAppender (GrpcLogAppender.java:timeoutAppendRequest(200)) - bee99600-be87-4e2f-bca1-493826cfa9f4@group-38292DBBEB79->e23021be-5025-43ec-901b-8f315bf6442a-GrpcLogAppender: appendEntries Timeout, request=bee99600-be87-4e2f-bca1-493826cfa9f4->e23021be-5025-43ec-901b-8f315bf6442a#23-t1, previous=(t:1, i:11), leaderCommit=6, initializing? false, entries: <empty>
2019-09-16 18:43:48,076 [java.util.concurrent.ThreadPoolExecutor$Worker@6e3cdbd2[State = -1, empty queue]] WARN  server.GrpcLogAppender (GrpcLogAppender.java:timeoutAppendRequest(200)) - bee99600-be87-4e2f-bca1-493826cfa9f4@group-38292DBBEB79->6b668dd7-26f3-4a2a-98d6-977366dc8866-GrpcLogAppender: appendEntries Timeout, request=bee99600-be87-4e2f-bca1-493826cfa9f4->6b668dd7-26f3-4a2a-98d6-977366dc8866#23-t1, previous=(t:1, i:11), leaderCommit=6, initializing? false, entries: <empty>
2019-09-16 18:43:50,577 [java.util.concurrent.ThreadPoolExecutor$Worker@6e3cdbd2[State = -1, empty queue]] WARN  server.GrpcLogAppender (GrpcLogAppender.java:timeoutAppendRequest(200)) - bee99600-be87-4e2f-bca1-493826cfa9f4@group-38292DBBEB79->6b668dd7-26f3-4a2a-98d6-977366dc8866-GrpcLogAppender: appendEntries Timeout, request=bee99600-be87-4e2f-bca1-493826cfa9f4->6b668dd7-26f3-4a2a-98d6-977366dc8866#24-t1, previous=(t:1, i:11), leaderCommit=6, initializing? false, entries: <empty>
2019-09-16 18:43:50,577 [java.util.concurrent.ThreadPoolExecutor$Worker@52a5b513[State = -1, empty queue]] WARN  server.GrpcLogAppender (GrpcLogAppender.java:timeoutAppendRequest(200)) - bee99600-be87-4e2f-bca1-493826cfa9f4@group-38292DBBEB79->e23021be-5025-43ec-901b-8f315bf6442a-GrpcLogAppender: appendEntries Timeout, request=bee99600-be87-4e2f-bca1-493826cfa9f4->e23021be-5025-43ec-901b-8f315bf6442a#24-t1, previous=(t:1, i:11), leaderCommit=6, initializing? false, entries: <empty>
2019-09-16 18:43:52,932 [grpc-default-executor-1] INFO  client.GrpcClientProtocolClient (GrpcClientProtocolClient.java:onNext(264)) - client-1941BA254363->e23021be-5025-43ec-901b-8f315bf6442a: receive RaftClientReply:client-1941BA254363->e23021be-5025-43ec-901b-8f315bf6442a@group-38292DBBEB79, cid=16, FAILED org.apache.ratis.protocol.NotLeaderException: Server e23021be-5025-43ec-901b-8f315bf6442a@group-38292DBBEB79 is not the leader bee99600-be87-4e2f-bca1-493826cfa9f4:192.168.34.56:42923, logIndex=0, commits[e23021be-5025-43ec-901b-8f315bf6442a:c6, 6b668dd7-26f3-4a2a-98d6-977366dc8866:c4, bee99600-be87-4e2f-bca1-493826cfa9f4:c6]
2019-09-16 18:43:53,078 [java.util.concurrent.ThreadPoolExecutor$Worker@6e3cdbd2[State = -1, empty queue]] WARN  server.GrpcLogAppender (GrpcLogAppender.java:timeoutAppendRequest(200)) - bee99600-be87-4e2f-bca1-493826cfa9f4@group-38292DBBEB79->6b668dd7-26f3-4a2a-98d6-977366dc8866-GrpcLogAppender: appendEntries Timeout, request=bee99600-be87-4e2f-bca1-493826cfa9f4->6b668dd7-26f3-4a2a-98d6-977366dc8866#25-t1, previous=(t:1, i:11), leaderCommit=6, initializing? false, entries: <empty>
2019-09-16 18:43:53,078 [java.util.concurrent.ThreadPoolExecutor$Worker@52a5b513[State = -1, empty queue]] WARN  server.GrpcLogAppender (GrpcLogAppender.java:timeoutAppendRequest(200)) - bee99600-be87-4e2f-bca1-493826cfa9f4@group-38292DBBEB79->e23021be-5025-43ec-901b-8f315bf6442a-GrpcLogAppender: appendEntries Timeout, request=bee99600-be87-4e2f-bca1-493826cfa9f4->e23021be-5025-43ec-901b-8f315bf6442a#25-t1, previous=(t:1, i:11), leaderCommit=6, initializing? false, entries: <empty>
2019-09-16 18:43:55,580 [java.util.concurrent.ThreadPoolExecutor$Worker@6e3cdbd2[State = -1, empty queue]] WARN  server.GrpcLogAppender (GrpcLogAppender.java:timeoutAppendRequest(200)) - bee99600-be87-4e2f-bca1-493826cfa9f4@group-38292DBBEB79->6b668dd7-26f3-4a2a-98d6-977366dc8866-GrpcLogAppender: appendEntries Timeout, request=bee99600-be87-4e2f-bca1-493826cfa9f4->6b668dd7-26f3-4a2a-98d6-977366dc8866#26-t1, previous=(t:1, i:11), leaderCommit=6, initializing? false, entries: <empty>
2019-09-16 18:43:55,580 [java.util.concurrent.ThreadPoolExecutor$Worker@52a5b513[State = -1, empty queue]] WARN  server.GrpcLogAppender (GrpcLogAppender.java:timeoutAppendRequest(200)) - bee99600-be87-4e2f-bca1-493826cfa9f4@group-38292DBBEB79->e23021be-5025-43ec-901b-8f315bf6442a-GrpcLogAppender: appendEntries Timeout, request=bee99600-be87-4e2f-bca1-493826cfa9f4->e23021be-5025-43ec-901b-8f315bf6442a#26-t1, previous=(t:1, i:11), leaderCommit=6, initializing? false, entries: <empty>
2019-09-16 18:43:57,569 [6b668dd7-26f3-4a2a-98d6-977366dc8866@group-38292DBBEB79-SegmentedRaftLogWorker] WARN  segmented.SegmentedRaftLogWorker (SegmentedRaftLogWorker.java:getFromFuture(90)) - Timeout 3/~
org.apache.ratis.protocol.TimeoutIOException: Timeout 10s: WriteLog:7: (t:1, i:7), STATEMACHINELOGENTRY, client-1941BA254363, cid=16-writeStateMachineData
	at org.apache.ratis.util.IOUtils.getFromFuture(IOUtils.java:87)
	at org.apache.ratis.server.raftlog.segmented.SegmentedRaftLogWorker$StateMachineDataPolicy.getFromFuture(SegmentedRaftLogWorker.java:87)
	at org.apache.ratis.server.raftlog.segmented.SegmentedRaftLogWorker$WriteLog.execute(SegmentedRaftLogWorker.java:477)
	at org.apache.ratis.server.raftlog.segmented.SegmentedRaftLogWorker.run(SegmentedRaftLogWorker.java:289)
	at java.lang.Thread.run(Thread.java:748)
Caused by: java.util.concurrent.TimeoutException
	at java.util.concurrent.CompletableFuture.timedGet(CompletableFuture.java:1771)
	at java.util.concurrent.CompletableFuture.get(CompletableFuture.java:1915)
	at org.apache.ratis.util.IOUtils.getFromFuture(IOUtils.java:79)
	... 4 more
2019-09-16 18:43:57,648 [e23021be-5025-43ec-901b-8f315bf6442a@group-38292DBBEB79-SegmentedRaftLogWorker] WARN  segmented.SegmentedRaftLogWorker (SegmentedRaftLogWorker.java:getFromFuture(90)) - Timeout 3/~
org.apache.ratis.protocol.TimeoutIOException: Timeout 10s: WriteLog:8: (t:1, i:8), STATEMACHINELOGENTRY, client-1941BA254363, cid=17-writeStateMachineData
	at org.apache.ratis.util.IOUtils.getFromFuture(IOUtils.java:87)
	at org.apache.ratis.server.raftlog.segmented.SegmentedRaftLogWorker$StateMachineDataPolicy.getFromFuture(SegmentedRaftLogWorker.java:87)
	at org.apache.ratis.server.raftlog.segmented.SegmentedRaftLogWorker$WriteLog.execute(SegmentedRaftLogWorker.java:477)
	at org.apache.ratis.server.raftlog.segmented.SegmentedRaftLogWorker.run(SegmentedRaftLogWorker.java:289)
	at java.lang.Thread.run(Thread.java:748)
Caused by: java.util.concurrent.TimeoutException
	at java.util.concurrent.CompletableFuture.timedGet(CompletableFuture.java:1771)
	at java.util.concurrent.CompletableFuture.get(CompletableFuture.java:1915)
	at org.apache.ratis.util.IOUtils.getFromFuture(IOUtils.java:79)
	... 4 more
2019-09-16 18:43:57,649 [bee99600-be87-4e2f-bca1-493826cfa9f4@group-38292DBBEB79-SegmentedRaftLogWorker] WARN  segmented.SegmentedRaftLogWorker (SegmentedRaftLogWorker.java:getFromFuture(90)) - Timeout 3/~
org.apache.ratis.protocol.TimeoutIOException: Timeout 10s: WriteLog:8: (t:1, i:8), STATEMACHINELOGENTRY, client-1941BA254363, cid=17-writeStateMachineData
	at org.apache.ratis.util.IOUtils.getFromFuture(IOUtils.java:87)
	at org.apache.ratis.server.raftlog.segmented.SegmentedRaftLogWorker$StateMachineDataPolicy.getFromFuture(SegmentedRaftLogWorker.java:87)
	at org.apache.ratis.server.raftlog.segmented.SegmentedRaftLogWorker$WriteLog.execute(SegmentedRaftLogWorker.java:477)
	at org.apache.ratis.server.raftlog.segmented.SegmentedRaftLogWorker.run(SegmentedRaftLogWorker.java:289)
	at java.lang.Thread.run(Thread.java:748)
Caused by: java.util.concurrent.TimeoutException
	at java.util.concurrent.CompletableFuture.timedGet(CompletableFuture.java:1771)
	at java.util.concurrent.CompletableFuture.get(CompletableFuture.java:1915)
	at org.apache.ratis.util.IOUtils.getFromFuture(IOUtils.java:79)
	... 4 more
2019-09-16 18:43:57,998 [grpc-default-executor-0] INFO  client.GrpcClientProtocolClient (GrpcClientProtocolClient.java:onNext(264)) - client-1941BA254363->e23021be-5025-43ec-901b-8f315bf6442a: receive RaftClientReply:client-1941BA254363->e23021be-5025-43ec-901b-8f315bf6442a@group-38292DBBEB79, cid=16, FAILED org.apache.ratis.protocol.NotLeaderException: Server e23021be-5025-43ec-901b-8f315bf6442a@group-38292DBBEB79 is not the leader bee99600-be87-4e2f-bca1-493826cfa9f4:192.168.34.56:42923, logIndex=0, commits[e23021be-5025-43ec-901b-8f315bf6442a:c6, 6b668dd7-26f3-4a2a-98d6-977366dc8866:c4, bee99600-be87-4e2f-bca1-493826cfa9f4:c6]
2019-09-16 18:43:58,081 [java.util.concurrent.ThreadPoolExecutor$Worker@6e3cdbd2[State = -1, empty queue]] WARN  server.GrpcLogAppender (GrpcLogAppender.java:timeoutAppendRequest(200)) - bee99600-be87-4e2f-bca1-493826cfa9f4@group-38292DBBEB79->6b668dd7-26f3-4a2a-98d6-977366dc8866-GrpcLogAppender: appendEntries Timeout, request=bee99600-be87-4e2f-bca1-493826cfa9f4->6b668dd7-26f3-4a2a-98d6-977366dc8866#27-t1, previous=(t:1, i:11), leaderCommit=6, initializing? false, entries: <empty>
2019-09-16 18:43:58,081 [java.util.concurrent.ThreadPoolExecutor$Worker@52a5b513[State = -1, empty queue]] WARN  server.GrpcLogAppender (GrpcLogAppender.java:timeoutAppendRequest(200)) - bee99600-be87-4e2f-bca1-493826cfa9f4@group-38292DBBEB79->e23021be-5025-43ec-901b-8f315bf6442a-GrpcLogAppender: appendEntries Timeout, request=bee99600-be87-4e2f-bca1-493826cfa9f4->e23021be-5025-43ec-901b-8f315bf6442a#27-t1, previous=(t:1, i:11), leaderCommit=6, initializing? false, entries: <empty>
2019-09-16 18:44:00,582 [java.util.concurrent.ThreadPoolExecutor$Worker@6e3cdbd2[State = -1, empty queue]] WARN  server.GrpcLogAppender (GrpcLogAppender.java:timeoutAppendRequest(200)) - bee99600-be87-4e2f-bca1-493826cfa9f4@group-38292DBBEB79->6b668dd7-26f3-4a2a-98d6-977366dc8866-GrpcLogAppender: appendEntries Timeout, request=bee99600-be87-4e2f-bca1-493826cfa9f4->6b668dd7-26f3-4a2a-98d6-977366dc8866#28-t1, previous=(t:1, i:11), leaderCommit=6, initializing? false, entries: <empty>
2019-09-16 18:44:00,582 [java.util.concurrent.ThreadPoolExecutor$Worker@52a5b513[State = -1, empty queue]] WARN  server.GrpcLogAppender (GrpcLogAppender.java:timeoutAppendRequest(200)) - bee99600-be87-4e2f-bca1-493826cfa9f4@group-38292DBBEB79->e23021be-5025-43ec-901b-8f315bf6442a-GrpcLogAppender: appendEntries Timeout, request=bee99600-be87-4e2f-bca1-493826cfa9f4->e23021be-5025-43ec-901b-8f315bf6442a#28-t1, previous=(t:1, i:11), leaderCommit=6, initializing? false, entries: <empty>
2019-09-16 18:44:03,056 [grpc-default-executor-0] INFO  client.GrpcClientProtocolClient (GrpcClientProtocolClient.java:onNext(264)) - client-1941BA254363->6b668dd7-26f3-4a2a-98d6-977366dc8866: receive RaftClientReply:client-1941BA254363->6b668dd7-26f3-4a2a-98d6-977366dc8866@group-38292DBBEB79, cid=16, FAILED org.apache.ratis.protocol.NotLeaderException: Server 6b668dd7-26f3-4a2a-98d6-977366dc8866@group-38292DBBEB79 is not the leader bee99600-be87-4e2f-bca1-493826cfa9f4:192.168.34.56:42923, logIndex=0, commits[6b668dd7-26f3-4a2a-98d6-977366dc8866:c6, e23021be-5025-43ec-901b-8f315bf6442a:c4, bee99600-be87-4e2f-bca1-493826cfa9f4:c6]
2019-09-16 18:44:03,083 [java.util.concurrent.ThreadPoolExecutor$Worker@6e3cdbd2[State = -1, empty queue]] WARN  server.GrpcLogAppender (GrpcLogAppender.java:timeoutAppendRequest(200)) - bee99600-be87-4e2f-bca1-493826cfa9f4@group-38292DBBEB79->6b668dd7-26f3-4a2a-98d6-977366dc8866-GrpcLogAppender: appendEntries Timeout, request=bee99600-be87-4e2f-bca1-493826cfa9f4->6b668dd7-26f3-4a2a-98d6-977366dc8866#29-t1, previous=(t:1, i:11), leaderCommit=6, initializing? false, entries: <empty>
2019-09-16 18:44:03,083 [java.util.concurrent.ThreadPoolExecutor$Worker@52a5b513[State = -1, empty queue]] WARN  server.GrpcLogAppender (GrpcLogAppender.java:timeoutAppendRequest(200)) - bee99600-be87-4e2f-bca1-493826cfa9f4@group-38292DBBEB79->e23021be-5025-43ec-901b-8f315bf6442a-GrpcLogAppender: appendEntries Timeout, request=bee99600-be87-4e2f-bca1-493826cfa9f4->e23021be-5025-43ec-901b-8f315bf6442a#29-t1, previous=(t:1, i:11), leaderCommit=6, initializing? false, entries: <empty>
2019-09-16 18:44:05,584 [java.util.concurrent.ThreadPoolExecutor$Worker@52a5b513[State = -1, empty queue]] WARN  server.GrpcLogAppender (GrpcLogAppender.java:timeoutAppendRequest(200)) - bee99600-be87-4e2f-bca1-493826cfa9f4@group-38292DBBEB79->e23021be-5025-43ec-901b-8f315bf6442a-GrpcLogAppender: appendEntries Timeout, request=bee99600-be87-4e2f-bca1-493826cfa9f4->e23021be-5025-43ec-901b-8f315bf6442a#30-t1, previous=(t:1, i:11), leaderCommit=6, initializing? false, entries: <empty>
2019-09-16 18:44:05,584 [java.util.concurrent.ThreadPoolExecutor$Worker@6e3cdbd2[State = -1, empty queue]] WARN  server.GrpcLogAppender (GrpcLogAppender.java:timeoutAppendRequest(200)) - bee99600-be87-4e2f-bca1-493826cfa9f4@group-38292DBBEB79->6b668dd7-26f3-4a2a-98d6-977366dc8866-GrpcLogAppender: appendEntries Timeout, request=bee99600-be87-4e2f-bca1-493826cfa9f4->6b668dd7-26f3-4a2a-98d6-977366dc8866#30-t1, previous=(t:1, i:11), leaderCommit=6, initializing? false, entries: <empty>
2019-09-16 18:44:07,570 [6b668dd7-26f3-4a2a-98d6-977366dc8866@group-38292DBBEB79-SegmentedRaftLogWorker] WARN  segmented.SegmentedRaftLogWorker (SegmentedRaftLogWorker.java:getFromFuture(90)) - Timeout 4/~
org.apache.ratis.protocol.TimeoutIOException: Timeout 10s: WriteLog:7: (t:1, i:7), STATEMACHINELOGENTRY, client-1941BA254363, cid=16-writeStateMachineData
	at org.apache.ratis.util.IOUtils.getFromFuture(IOUtils.java:87)
	at org.apache.ratis.server.raftlog.segmented.SegmentedRaftLogWorker$StateMachineDataPolicy.getFromFuture(SegmentedRaftLogWorker.java:87)
	at org.apache.ratis.server.raftlog.segmented.SegmentedRaftLogWorker$WriteLog.execute(SegmentedRaftLogWorker.java:477)
	at org.apache.ratis.server.raftlog.segmented.SegmentedRaftLogWorker.run(SegmentedRaftLogWorker.java:289)
	at java.lang.Thread.run(Thread.java:748)
Caused by: java.util.concurrent.TimeoutException
	at java.util.concurrent.CompletableFuture.timedGet(CompletableFuture.java:1771)
	at java.util.concurrent.CompletableFuture.get(CompletableFuture.java:1915)
	at org.apache.ratis.util.IOUtils.getFromFuture(IOUtils.java:79)
	... 4 more
2019-09-16 18:44:07,649 [e23021be-5025-43ec-901b-8f315bf6442a@group-38292DBBEB79-SegmentedRaftLogWorker] WARN  segmented.SegmentedRaftLogWorker (SegmentedRaftLogWorker.java:getFromFuture(90)) - Timeout 4/~
org.apache.ratis.protocol.TimeoutIOException: Timeout 10s: WriteLog:8: (t:1, i:8), STATEMACHINELOGENTRY, client-1941BA254363, cid=17-writeStateMachineData
	at org.apache.ratis.util.IOUtils.getFromFuture(IOUtils.java:87)
	at org.apache.ratis.server.raftlog.segmented.SegmentedRaftLogWorker$StateMachineDataPolicy.getFromFuture(SegmentedRaftLogWorker.java:87)
	at org.apache.ratis.server.raftlog.segmented.SegmentedRaftLogWorker$WriteLog.execute(SegmentedRaftLogWorker.java:477)
	at org.apache.ratis.server.raftlog.segmented.SegmentedRaftLogWorker.run(SegmentedRaftLogWorker.java:289)
	at java.lang.Thread.run(Thread.java:748)
Caused by: java.util.concurrent.TimeoutException
	at java.util.concurrent.CompletableFuture.timedGet(CompletableFuture.java:1771)
	at java.util.concurrent.CompletableFuture.get(CompletableFuture.java:1915)
	at org.apache.ratis.util.IOUtils.getFromFuture(IOUtils.java:79)
	... 4 more
2019-09-16 18:44:07,650 [bee99600-be87-4e2f-bca1-493826cfa9f4@group-38292DBBEB79-SegmentedRaftLogWorker] WARN  segmented.SegmentedRaftLogWorker (SegmentedRaftLogWorker.java:getFromFuture(90)) - Timeout 4/~
org.apache.ratis.protocol.TimeoutIOException: Timeout 10s: WriteLog:8: (t:1, i:8), STATEMACHINELOGENTRY, client-1941BA254363, cid=17-writeStateMachineData
	at org.apache.ratis.util.IOUtils.getFromFuture(IOUtils.java:87)
	at org.apache.ratis.server.raftlog.segmented.SegmentedRaftLogWorker$StateMachineDataPolicy.getFromFuture(SegmentedRaftLogWorker.java:87)
	at org.apache.ratis.server.raftlog.segmented.SegmentedRaftLogWorker$WriteLog.execute(SegmentedRaftLogWorker.java:477)
	at org.apache.ratis.server.raftlog.segmented.SegmentedRaftLogWorker.run(SegmentedRaftLogWorker.java:289)
	at java.lang.Thread.run(Thread.java:748)
Caused by: java.util.concurrent.TimeoutException
	at java.util.concurrent.CompletableFuture.timedGet(CompletableFuture.java:1771)
	at java.util.concurrent.CompletableFuture.get(CompletableFuture.java:1915)
	at org.apache.ratis.util.IOUtils.getFromFuture(IOUtils.java:79)
	... 4 more
2019-09-16 18:44:08,084 [java.util.concurrent.ThreadPoolExecutor$Worker@6e3cdbd2[State = -1, empty queue]] WARN  server.GrpcLogAppender (GrpcLogAppender.java:timeoutAppendRequest(200)) - bee99600-be87-4e2f-bca1-493826cfa9f4@group-38292DBBEB79->6b668dd7-26f3-4a2a-98d6-977366dc8866-GrpcLogAppender: appendEntries Timeout, request=bee99600-be87-4e2f-bca1-493826cfa9f4->6b668dd7-26f3-4a2a-98d6-977366dc8866#31-t1, previous=(t:1, i:11), leaderCommit=6, initializing? false, entries: <empty>
2019-09-16 18:44:08,084 [java.util.concurrent.ThreadPoolExecutor$Worker@52a5b513[State = -1, empty queue]] WARN  server.GrpcLogAppender (GrpcLogAppender.java:timeoutAppendRequest(200)) - bee99600-be87-4e2f-bca1-493826cfa9f4@group-38292DBBEB79->e23021be-5025-43ec-901b-8f315bf6442a-GrpcLogAppender: appendEntries Timeout, request=bee99600-be87-4e2f-bca1-493826cfa9f4->e23021be-5025-43ec-901b-8f315bf6442a#31-t1, previous=(t:1, i:11), leaderCommit=6, initializing? false, entries: <empty>
2019-09-16 18:44:08,109 [grpc-default-executor-1] INFO  client.GrpcClientProtocolClient (GrpcClientProtocolClient.java:onNext(264)) - client-1941BA254363->e23021be-5025-43ec-901b-8f315bf6442a: receive RaftClientReply:client-1941BA254363->e23021be-5025-43ec-901b-8f315bf6442a@group-38292DBBEB79, cid=16, FAILED org.apache.ratis.protocol.NotLeaderException: Server e23021be-5025-43ec-901b-8f315bf6442a@group-38292DBBEB79 is not the leader bee99600-be87-4e2f-bca1-493826cfa9f4:192.168.34.56:42923, logIndex=0, commits[e23021be-5025-43ec-901b-8f315bf6442a:c6, 6b668dd7-26f3-4a2a-98d6-977366dc8866:c4, bee99600-be87-4e2f-bca1-493826cfa9f4:c6]
2019-09-16 18:44:10,585 [java.util.concurrent.ThreadPoolExecutor$Worker@6e3cdbd2[State = -1, empty queue]] WARN  server.GrpcLogAppender (GrpcLogAppender.java:timeoutAppendRequest(200)) - bee99600-be87-4e2f-bca1-493826cfa9f4@group-38292DBBEB79->6b668dd7-26f3-4a2a-98d6-977366dc8866-GrpcLogAppender: appendEntries Timeout, request=bee99600-be87-4e2f-bca1-493826cfa9f4->6b668dd7-26f3-4a2a-98d6-977366dc8866#32-t1, previous=(t:1, i:11), leaderCommit=6, initializing? false, entries: <empty>
2019-09-16 18:44:10,585 [java.util.concurrent.ThreadPoolExecutor$Worker@52a5b513[State = -1, empty queue]] WARN  server.GrpcLogAppender (GrpcLogAppender.java:timeoutAppendRequest(200)) - bee99600-be87-4e2f-bca1-493826cfa9f4@group-38292DBBEB79->e23021be-5025-43ec-901b-8f315bf6442a-GrpcLogAppender: appendEntries Timeout, request=bee99600-be87-4e2f-bca1-493826cfa9f4->e23021be-5025-43ec-901b-8f315bf6442a#32-t1, previous=(t:1, i:11), leaderCommit=6, initializing? false, entries: <empty>
2019-09-16 18:44:13,085 [java.util.concurrent.ThreadPoolExecutor$Worker@52a5b513[State = -1, empty queue]] WARN  server.GrpcLogAppender (GrpcLogAppender.java:timeoutAppendRequest(200)) - bee99600-be87-4e2f-bca1-493826cfa9f4@group-38292DBBEB79->e23021be-5025-43ec-901b-8f315bf6442a-GrpcLogAppender: appendEntries Timeout, request=bee99600-be87-4e2f-bca1-493826cfa9f4->e23021be-5025-43ec-901b-8f315bf6442a#33-t1, previous=(t:1, i:11), leaderCommit=6, initializing? false, entries: <empty>
2019-09-16 18:44:13,085 [java.util.concurrent.ThreadPoolExecutor$Worker@6e3cdbd2[State = -1, empty queue]] WARN  server.GrpcLogAppender (GrpcLogAppender.java:timeoutAppendRequest(200)) - bee99600-be87-4e2f-bca1-493826cfa9f4@group-38292DBBEB79->6b668dd7-26f3-4a2a-98d6-977366dc8866-GrpcLogAppender: appendEntries Timeout, request=bee99600-be87-4e2f-bca1-493826cfa9f4->6b668dd7-26f3-4a2a-98d6-977366dc8866#33-t1, previous=(t:1, i:11), leaderCommit=6, initializing? false, entries: <empty>
2019-09-16 18:44:13,154 [grpc-default-executor-0] INFO  client.GrpcClientProtocolClient (GrpcClientProtocolClient.java:onNext(264)) - client-1941BA254363->6b668dd7-26f3-4a2a-98d6-977366dc8866: receive RaftClientReply:client-1941BA254363->6b668dd7-26f3-4a2a-98d6-977366dc8866@group-38292DBBEB79, cid=16, FAILED org.apache.ratis.protocol.NotLeaderException: Server 6b668dd7-26f3-4a2a-98d6-977366dc8866@group-38292DBBEB79 is not the leader bee99600-be87-4e2f-bca1-493826cfa9f4:192.168.34.56:42923, logIndex=0, commits[6b668dd7-26f3-4a2a-98d6-977366dc8866:c6, e23021be-5025-43ec-901b-8f315bf6442a:c4, bee99600-be87-4e2f-bca1-493826cfa9f4:c6]
2019-09-16 18:44:15,586 [java.util.concurrent.ThreadPoolExecutor$Worker@6e3cdbd2[State = -1, empty queue]] WARN  server.GrpcLogAppender (GrpcLogAppender.java:timeoutAppendRequest(200)) - bee99600-be87-4e2f-bca1-493826cfa9f4@group-38292DBBEB79->6b668dd7-26f3-4a2a-98d6-977366dc8866-GrpcLogAppender: appendEntries Timeout, request=bee99600-be87-4e2f-bca1-493826cfa9f4->6b668dd7-26f3-4a2a-98d6-977366dc8866#34-t1, previous=(t:1, i:11), leaderCommit=6, initializing? false, entries: <empty>
2019-09-16 18:44:15,589 [java.util.concurrent.ThreadPoolExecutor$Worker@52a5b513[State = -1, empty queue]] WARN  server.GrpcLogAppender (GrpcLogAppender.java:timeoutAppendRequest(200)) - bee99600-be87-4e2f-bca1-493826cfa9f4@group-38292DBBEB79->e23021be-5025-43ec-901b-8f315bf6442a-GrpcLogAppender: appendEntries Timeout, request=bee99600-be87-4e2f-bca1-493826cfa9f4->e23021be-5025-43ec-901b-8f315bf6442a#34-t1, previous=(t:1, i:11), leaderCommit=6, initializing? false, entries: <empty>
2019-09-16 18:44:17,572 [6b668dd7-26f3-4a2a-98d6-977366dc8866@group-38292DBBEB79-SegmentedRaftLogWorker] WARN  segmented.SegmentedRaftLogWorker (SegmentedRaftLogWorker.java:getFromFuture(90)) - Timeout 5/~
org.apache.ratis.protocol.TimeoutIOException: Timeout 10s: WriteLog:7: (t:1, i:7), STATEMACHINELOGENTRY, client-1941BA254363, cid=16-writeStateMachineData
	at org.apache.ratis.util.IOUtils.getFromFuture(IOUtils.java:87)
	at org.apache.ratis.server.raftlog.segmented.SegmentedRaftLogWorker$StateMachineDataPolicy.getFromFuture(SegmentedRaftLogWorker.java:87)
	at org.apache.ratis.server.raftlog.segmented.SegmentedRaftLogWorker$WriteLog.execute(SegmentedRaftLogWorker.java:477)
	at org.apache.ratis.server.raftlog.segmented.SegmentedRaftLogWorker.run(SegmentedRaftLogWorker.java:289)
	at java.lang.Thread.run(Thread.java:748)
Caused by: java.util.concurrent.TimeoutException
	at java.util.concurrent.CompletableFuture.timedGet(CompletableFuture.java:1771)
	at java.util.concurrent.CompletableFuture.get(CompletableFuture.java:1915)
	at org.apache.ratis.util.IOUtils.getFromFuture(IOUtils.java:79)
	... 4 more
2019-09-16 18:44:17,651 [e23021be-5025-43ec-901b-8f315bf6442a@group-38292DBBEB79-SegmentedRaftLogWorker] WARN  segmented.SegmentedRaftLogWorker (SegmentedRaftLogWorker.java:getFromFuture(90)) - Timeout 5/~
org.apache.ratis.protocol.TimeoutIOException: Timeout 10s: WriteLog:8: (t:1, i:8), STATEMACHINELOGENTRY, client-1941BA254363, cid=17-writeStateMachineData
	at org.apache.ratis.util.IOUtils.getFromFuture(IOUtils.java:87)
	at org.apache.ratis.server.raftlog.segmented.SegmentedRaftLogWorker$StateMachineDataPolicy.getFromFuture(SegmentedRaftLogWorker.java:87)
	at org.apache.ratis.server.raftlog.segmented.SegmentedRaftLogWorker$WriteLog.execute(SegmentedRaftLogWorker.java:477)
	at org.apache.ratis.server.raftlog.segmented.SegmentedRaftLogWorker.run(SegmentedRaftLogWorker.java:289)
	at java.lang.Thread.run(Thread.java:748)
Caused by: java.util.concurrent.TimeoutException
	at java.util.concurrent.CompletableFuture.timedGet(CompletableFuture.java:1771)
	at java.util.concurrent.CompletableFuture.get(CompletableFuture.java:1915)
	at org.apache.ratis.util.IOUtils.getFromFuture(IOUtils.java:79)
	... 4 more
2019-09-16 18:44:17,651 [bee99600-be87-4e2f-bca1-493826cfa9f4@group-38292DBBEB79-SegmentedRaftLogWorker] WARN  segmented.SegmentedRaftLogWorker (SegmentedRaftLogWorker.java:getFromFuture(90)) - Timeout 5/~
org.apache.ratis.protocol.TimeoutIOException: Timeout 10s: WriteLog:8: (t:1, i:8), STATEMACHINELOGENTRY, client-1941BA254363, cid=17-writeStateMachineData
	at org.apache.ratis.util.IOUtils.getFromFuture(IOUtils.java:87)
	at org.apache.ratis.server.raftlog.segmented.SegmentedRaftLogWorker$StateMachineDataPolicy.getFromFuture(SegmentedRaftLogWorker.java:87)
	at org.apache.ratis.server.raftlog.segmented.SegmentedRaftLogWorker$WriteLog.execute(SegmentedRaftLogWorker.java:477)
	at org.apache.ratis.server.raftlog.segmented.SegmentedRaftLogWorker.run(SegmentedRaftLogWorker.java:289)
	at java.lang.Thread.run(Thread.java:748)
Caused by: java.util.concurrent.TimeoutException
	at java.util.concurrent.CompletableFuture.timedGet(CompletableFuture.java:1771)
	at java.util.concurrent.CompletableFuture.get(CompletableFuture.java:1915)
	at org.apache.ratis.util.IOUtils.getFromFuture(IOUtils.java:79)
	... 4 more
2019-09-16 18:44:18,087 [java.util.concurrent.ThreadPoolExecutor$Worker@6e3cdbd2[State = -1, empty queue]] WARN  server.GrpcLogAppender (GrpcLogAppender.java:timeoutAppendRequest(200)) - bee99600-be87-4e2f-bca1-493826cfa9f4@group-38292DBBEB79->6b668dd7-26f3-4a2a-98d6-977366dc8866-GrpcLogAppender: appendEntries Timeout, request=bee99600-be87-4e2f-bca1-493826cfa9f4->6b668dd7-26f3-4a2a-98d6-977366dc8866#35-t1, previous=(t:1, i:11), leaderCommit=6, initializing? false, entries: <empty>
2019-09-16 18:44:18,090 [java.util.concurrent.ThreadPoolExecutor$Worker@52a5b513[State = -1, empty queue]] WARN  server.GrpcLogAppender (GrpcLogAppender.java:timeoutAppendRequest(200)) - bee99600-be87-4e2f-bca1-493826cfa9f4@group-38292DBBEB79->e23021be-5025-43ec-901b-8f315bf6442a-GrpcLogAppender: appendEntries Timeout, request=bee99600-be87-4e2f-bca1-493826cfa9f4->e23021be-5025-43ec-901b-8f315bf6442a#35-t1, previous=(t:1, i:11), leaderCommit=6, initializing? false, entries: <empty>
2019-09-16 18:44:18,212 [grpc-default-executor-1] INFO  client.GrpcClientProtocolClient (GrpcClientProtocolClient.java:onNext(264)) - client-1941BA254363->e23021be-5025-43ec-901b-8f315bf6442a: receive RaftClientReply:client-1941BA254363->e23021be-5025-43ec-901b-8f315bf6442a@group-38292DBBEB79, cid=16, FAILED org.apache.ratis.protocol.NotLeaderException: Server e23021be-5025-43ec-901b-8f315bf6442a@group-38292DBBEB79 is not the leader bee99600-be87-4e2f-bca1-493826cfa9f4:192.168.34.56:42923, logIndex=0, commits[e23021be-5025-43ec-901b-8f315bf6442a:c6, 6b668dd7-26f3-4a2a-98d6-977366dc8866:c4, bee99600-be87-4e2f-bca1-493826cfa9f4:c6]
2019-09-16 18:44:20,588 [java.util.concurrent.ThreadPoolExecutor$Worker@6e3cdbd2[State = -1, empty queue]] WARN  server.GrpcLogAppender (GrpcLogAppender.java:timeoutAppendRequest(200)) - bee99600-be87-4e2f-bca1-493826cfa9f4@group-38292DBBEB79->6b668dd7-26f3-4a2a-98d6-977366dc8866-GrpcLogAppender: appendEntries Timeout, request=bee99600-be87-4e2f-bca1-493826cfa9f4->6b668dd7-26f3-4a2a-98d6-977366dc8866#36-t1, previous=(t:1, i:11), leaderCommit=6, initializing? false, entries: <empty>
2019-09-16 18:44:20,590 [java.util.concurrent.ThreadPoolExecutor$Worker@52a5b513[State = -1, empty queue]] WARN  server.GrpcLogAppender (GrpcLogAppender.java:timeoutAppendRequest(200)) - bee99600-be87-4e2f-bca1-493826cfa9f4@group-38292DBBEB79->e23021be-5025-43ec-901b-8f315bf6442a-GrpcLogAppender: appendEntries Timeout, request=bee99600-be87-4e2f-bca1-493826cfa9f4->e23021be-5025-43ec-901b-8f315bf6442a#36-t1, previous=(t:1, i:11), leaderCommit=6, initializing? false, entries: <empty>
2019-09-16 18:44:23,089 [java.util.concurrent.ThreadPoolExecutor$Worker@6e3cdbd2[State = -1, empty queue]] WARN  server.GrpcLogAppender (GrpcLogAppender.java:timeoutAppendRequest(200)) - bee99600-be87-4e2f-bca1-493826cfa9f4@group-38292DBBEB79->6b668dd7-26f3-4a2a-98d6-977366dc8866-GrpcLogAppender: appendEntries Timeout, request=bee99600-be87-4e2f-bca1-493826cfa9f4->6b668dd7-26f3-4a2a-98d6-977366dc8866#37-t1, previous=(t:1, i:11), leaderCommit=6, initializing? false, entries: <empty>
2019-09-16 18:44:23,091 [java.util.concurrent.ThreadPoolExecutor$Worker@52a5b513[State = -1, empty queue]] WARN  server.GrpcLogAppender (GrpcLogAppender.java:timeoutAppendRequest(200)) - bee99600-be87-4e2f-bca1-493826cfa9f4@group-38292DBBEB79->e23021be-5025-43ec-901b-8f315bf6442a-GrpcLogAppender: appendEntries Timeout, request=bee99600-be87-4e2f-bca1-493826cfa9f4->e23021be-5025-43ec-901b-8f315bf6442a#37-t1, previous=(t:1, i:11), leaderCommit=6, initializing? false, entries: <empty>
2019-09-16 18:44:23,272 [grpc-default-executor-1] INFO  client.GrpcClientProtocolClient (GrpcClientProtocolClient.java:onNext(264)) - client-1941BA254363->e23021be-5025-43ec-901b-8f315bf6442a: receive RaftClientReply:client-1941BA254363->e23021be-5025-43ec-901b-8f315bf6442a@group-38292DBBEB79, cid=16, FAILED org.apache.ratis.protocol.NotLeaderException: Server e23021be-5025-43ec-901b-8f315bf6442a@group-38292DBBEB79 is not the leader bee99600-be87-4e2f-bca1-493826cfa9f4:192.168.34.56:42923, logIndex=0, commits[e23021be-5025-43ec-901b-8f315bf6442a:c6, 6b668dd7-26f3-4a2a-98d6-977366dc8866:c4, bee99600-be87-4e2f-bca1-493826cfa9f4:c6]
2019-09-16 18:44:25,589 [java.util.concurrent.ThreadPoolExecutor$Worker@6e3cdbd2[State = -1, empty queue]] WARN  server.GrpcLogAppender (GrpcLogAppender.java:timeoutAppendRequest(200)) - bee99600-be87-4e2f-bca1-493826cfa9f4@group-38292DBBEB79->6b668dd7-26f3-4a2a-98d6-977366dc8866-GrpcLogAppender: appendEntries Timeout, request=bee99600-be87-4e2f-bca1-493826cfa9f4->6b668dd7-26f3-4a2a-98d6-977366dc8866#38-t1, previous=(t:1, i:11), leaderCommit=6, initializing? false, entries: <empty>
2019-09-16 18:44:25,591 [java.util.concurrent.ThreadPoolExecutor$Worker@52a5b513[State = -1, empty queue]] WARN  server.GrpcLogAppender (GrpcLogAppender.java:timeoutAppendRequest(200)) - bee99600-be87-4e2f-bca1-493826cfa9f4@group-38292DBBEB79->e23021be-5025-43ec-901b-8f315bf6442a-GrpcLogAppender: appendEntries Timeout, request=bee99600-be87-4e2f-bca1-493826cfa9f4->e23021be-5025-43ec-901b-8f315bf6442a#38-t1, previous=(t:1, i:11), leaderCommit=6, initializing? false, entries: <empty>
2019-09-16 18:44:27,573 [6b668dd7-26f3-4a2a-98d6-977366dc8866@group-38292DBBEB79-SegmentedRaftLogWorker] WARN  segmented.SegmentedRaftLogWorker (SegmentedRaftLogWorker.java:getFromFuture(90)) - Timeout 6/~
org.apache.ratis.protocol.TimeoutIOException: Timeout 10s: WriteLog:7: (t:1, i:7), STATEMACHINELOGENTRY, client-1941BA254363, cid=16-writeStateMachineData
	at org.apache.ratis.util.IOUtils.getFromFuture(IOUtils.java:87)
	at org.apache.ratis.server.raftlog.segmented.SegmentedRaftLogWorker$StateMachineDataPolicy.getFromFuture(SegmentedRaftLogWorker.java:87)
	at org.apache.ratis.server.raftlog.segmented.SegmentedRaftLogWorker$WriteLog.execute(SegmentedRaftLogWorker.java:477)
	at org.apache.ratis.server.raftlog.segmented.SegmentedRaftLogWorker.run(SegmentedRaftLogWorker.java:289)
	at java.lang.Thread.run(Thread.java:748)
Caused by: java.util.concurrent.TimeoutException
	at java.util.concurrent.CompletableFuture.timedGet(CompletableFuture.java:1771)
	at java.util.concurrent.CompletableFuture.get(CompletableFuture.java:1915)
	at org.apache.ratis.util.IOUtils.getFromFuture(IOUtils.java:79)
	... 4 more
2019-09-16 18:44:27,652 [e23021be-5025-43ec-901b-8f315bf6442a@group-38292DBBEB79-SegmentedRaftLogWorker] WARN  segmented.SegmentedRaftLogWorker (SegmentedRaftLogWorker.java:getFromFuture(90)) - Timeout 6/~
org.apache.ratis.protocol.TimeoutIOException: Timeout 10s: WriteLog:8: (t:1, i:8), STATEMACHINELOGENTRY, client-1941BA254363, cid=17-writeStateMachineData
	at org.apache.ratis.util.IOUtils.getFromFuture(IOUtils.java:87)
	at org.apache.ratis.server.raftlog.segmented.SegmentedRaftLogWorker$StateMachineDataPolicy.getFromFuture(SegmentedRaftLogWorker.java:87)
	at org.apache.ratis.server.raftlog.segmented.SegmentedRaftLogWorker$WriteLog.execute(SegmentedRaftLogWorker.java:477)
	at org.apache.ratis.server.raftlog.segmented.SegmentedRaftLogWorker.run(SegmentedRaftLogWorker.java:289)
	at java.lang.Thread.run(Thread.java:748)
Caused by: java.util.concurrent.TimeoutException
	at java.util.concurrent.CompletableFuture.timedGet(CompletableFuture.java:1771)
	at java.util.concurrent.CompletableFuture.get(CompletableFuture.java:1915)
	at org.apache.ratis.util.IOUtils.getFromFuture(IOUtils.java:79)
	... 4 more
2019-09-16 18:44:27,667 [bee99600-be87-4e2f-bca1-493826cfa9f4@group-38292DBBEB79-SegmentedRaftLogWorker] WARN  segmented.SegmentedRaftLogWorker (SegmentedRaftLogWorker.java:getFromFuture(90)) - Timeout 6/~
org.apache.ratis.protocol.TimeoutIOException: Timeout 10s: WriteLog:8: (t:1, i:8), STATEMACHINELOGENTRY, client-1941BA254363, cid=17-writeStateMachineData
	at org.apache.ratis.util.IOUtils.getFromFuture(IOUtils.java:87)
	at org.apache.ratis.server.raftlog.segmented.SegmentedRaftLogWorker$StateMachineDataPolicy.getFromFuture(SegmentedRaftLogWorker.java:87)
	at org.apache.ratis.server.raftlog.segmented.SegmentedRaftLogWorker$WriteLog.execute(SegmentedRaftLogWorker.java:477)
	at org.apache.ratis.server.raftlog.segmented.SegmentedRaftLogWorker.run(SegmentedRaftLogWorker.java:289)
	at java.lang.Thread.run(Thread.java:748)
Caused by: java.util.concurrent.TimeoutException
	at java.util.concurrent.CompletableFuture.timedGet(CompletableFuture.java:1771)
	at java.util.concurrent.CompletableFuture.get(CompletableFuture.java:1915)
	at org.apache.ratis.util.IOUtils.getFromFuture(IOUtils.java:79)
	... 4 more
2019-09-16 18:44:28,091 [java.util.concurrent.ThreadPoolExecutor$Worker@6e3cdbd2[State = -1, empty queue]] WARN  server.GrpcLogAppender (GrpcLogAppender.java:timeoutAppendRequest(200)) - bee99600-be87-4e2f-bca1-493826cfa9f4@group-38292DBBEB79->6b668dd7-26f3-4a2a-98d6-977366dc8866-GrpcLogAppender: appendEntries Timeout, request=bee99600-be87-4e2f-bca1-493826cfa9f4->6b668dd7-26f3-4a2a-98d6-977366dc8866#39-t1, previous=(t:1, i:11), leaderCommit=6, initializing? false, entries: <empty>
2019-09-16 18:44:28,092 [java.util.concurrent.ThreadPoolExecutor$Worker@52a5b513[State = -1, empty queue]] WARN  server.GrpcLogAppender (GrpcLogAppender.java:timeoutAppendRequest(200)) - bee99600-be87-4e2f-bca1-493826cfa9f4@group-38292DBBEB79->e23021be-5025-43ec-901b-8f315bf6442a-GrpcLogAppender: appendEntries Timeout, request=bee99600-be87-4e2f-bca1-493826cfa9f4->e23021be-5025-43ec-901b-8f315bf6442a#39-t1, previous=(t:1, i:11), leaderCommit=6, initializing? false, entries: <empty>
2019-09-16 18:44:28,339 [grpc-default-executor-1] INFO  client.GrpcClientProtocolClient (GrpcClientProtocolClient.java:onNext(264)) - client-1941BA254363->e23021be-5025-43ec-901b-8f315bf6442a: receive RaftClientReply:client-1941BA254363->e23021be-5025-43ec-901b-8f315bf6442a@group-38292DBBEB79, cid=16, FAILED org.apache.ratis.protocol.NotLeaderException: Server e23021be-5025-43ec-901b-8f315bf6442a@group-38292DBBEB79 is not the leader bee99600-be87-4e2f-bca1-493826cfa9f4:192.168.34.56:42923, logIndex=0, commits[e23021be-5025-43ec-901b-8f315bf6442a:c6, 6b668dd7-26f3-4a2a-98d6-977366dc8866:c4, bee99600-be87-4e2f-bca1-493826cfa9f4:c6]
2019-09-16 18:44:30,592 [java.util.concurrent.ThreadPoolExecutor$Worker@6e3cdbd2[State = -1, empty queue]] WARN  server.GrpcLogAppender (GrpcLogAppender.java:timeoutAppendRequest(200)) - bee99600-be87-4e2f-bca1-493826cfa9f4@group-38292DBBEB79->6b668dd7-26f3-4a2a-98d6-977366dc8866-GrpcLogAppender: appendEntries Timeout, request=bee99600-be87-4e2f-bca1-493826cfa9f4->6b668dd7-26f3-4a2a-98d6-977366dc8866#40-t1, previous=(t:1, i:11), leaderCommit=6, initializing? false, entries: <empty>
2019-09-16 18:44:30,592 [java.util.concurrent.ThreadPoolExecutor$Worker@52a5b513[State = -1, empty queue]] WARN  server.GrpcLogAppender (GrpcLogAppender.java:timeoutAppendRequest(200)) - bee99600-be87-4e2f-bca1-493826cfa9f4@group-38292DBBEB79->e23021be-5025-43ec-901b-8f315bf6442a-GrpcLogAppender: appendEntries Timeout, request=bee99600-be87-4e2f-bca1-493826cfa9f4->e23021be-5025-43ec-901b-8f315bf6442a#40-t1, previous=(t:1, i:11), leaderCommit=6, initializing? false, entries: <empty>
2019-09-16 18:44:33,093 [java.util.concurrent.ThreadPoolExecutor$Worker@6e3cdbd2[State = -1, empty queue]] WARN  server.GrpcLogAppender (GrpcLogAppender.java:timeoutAppendRequest(200)) - bee99600-be87-4e2f-bca1-493826cfa9f4@group-38292DBBEB79->6b668dd7-26f3-4a2a-98d6-977366dc8866-GrpcLogAppender: appendEntries Timeout, request=bee99600-be87-4e2f-bca1-493826cfa9f4->6b668dd7-26f3-4a2a-98d6-977366dc8866#41-t1, previous=(t:1, i:11), leaderCommit=6, initializing? false, entries: <empty>
2019-09-16 18:44:33,093 [java.util.concurrent.ThreadPoolExecutor$Worker@52a5b513[State = -1, empty queue]] WARN  server.GrpcLogAppender (GrpcLogAppender.java:timeoutAppendRequest(200)) - bee99600-be87-4e2f-bca1-493826cfa9f4@group-38292DBBEB79->e23021be-5025-43ec-901b-8f315bf6442a-GrpcLogAppender: appendEntries Timeout, request=bee99600-be87-4e2f-bca1-493826cfa9f4->e23021be-5025-43ec-901b-8f315bf6442a#41-t1, previous=(t:1, i:11), leaderCommit=6, initializing? false, entries: <empty>
2019-09-16 18:44:33,405 [grpc-default-executor-0] INFO  client.GrpcClientProtocolClient (GrpcClientProtocolClient.java:onNext(264)) - client-1941BA254363->6b668dd7-26f3-4a2a-98d6-977366dc8866: receive RaftClientReply:client-1941BA254363->6b668dd7-26f3-4a2a-98d6-977366dc8866@group-38292DBBEB79, cid=16, FAILED org.apache.ratis.protocol.NotLeaderException: Server 6b668dd7-26f3-4a2a-98d6-977366dc8866@group-38292DBBEB79 is not the leader bee99600-be87-4e2f-bca1-493826cfa9f4:192.168.34.56:42923, logIndex=0, commits[6b668dd7-26f3-4a2a-98d6-977366dc8866:c6, e23021be-5025-43ec-901b-8f315bf6442a:c4, bee99600-be87-4e2f-bca1-493826cfa9f4:c6]
2019-09-16 18:44:35,594 [java.util.concurrent.ThreadPoolExecutor$Worker@52a5b513[State = -1, empty queue]] WARN  server.GrpcLogAppender (GrpcLogAppender.java:timeoutAppendRequest(200)) - bee99600-be87-4e2f-bca1-493826cfa9f4@group-38292DBBEB79->e23021be-5025-43ec-901b-8f315bf6442a-GrpcLogAppender: appendEntries Timeout, request=bee99600-be87-4e2f-bca1-493826cfa9f4->e23021be-5025-43ec-901b-8f315bf6442a#42-t1, previous=(t:1, i:11), leaderCommit=6, initializing? false, entries: <empty>
2019-09-16 18:44:35,594 [java.util.concurrent.ThreadPoolExecutor$Worker@6e3cdbd2[State = -1, empty queue]] WARN  server.GrpcLogAppender (GrpcLogAppender.java:timeoutAppendRequest(200)) - bee99600-be87-4e2f-bca1-493826cfa9f4@group-38292DBBEB79->6b668dd7-26f3-4a2a-98d6-977366dc8866-GrpcLogAppender: appendEntries Timeout, request=bee99600-be87-4e2f-bca1-493826cfa9f4->6b668dd7-26f3-4a2a-98d6-977366dc8866#42-t1, previous=(t:1, i:11), leaderCommit=6, initializing? false, entries: <empty>
2019-09-16 18:44:37,576 [6b668dd7-26f3-4a2a-98d6-977366dc8866@group-38292DBBEB79-SegmentedRaftLogWorker] WARN  segmented.SegmentedRaftLogWorker (SegmentedRaftLogWorker.java:getFromFuture(90)) - Timeout 7/~
org.apache.ratis.protocol.TimeoutIOException: Timeout 10s: WriteLog:7: (t:1, i:7), STATEMACHINELOGENTRY, client-1941BA254363, cid=16-writeStateMachineData
	at org.apache.ratis.util.IOUtils.getFromFuture(IOUtils.java:87)
	at org.apache.ratis.server.raftlog.segmented.SegmentedRaftLogWorker$StateMachineDataPolicy.getFromFuture(SegmentedRaftLogWorker.java:87)
	at org.apache.ratis.server.raftlog.segmented.SegmentedRaftLogWorker$WriteLog.execute(SegmentedRaftLogWorker.java:477)
	at org.apache.ratis.server.raftlog.segmented.SegmentedRaftLogWorker.run(SegmentedRaftLogWorker.java:289)
	at java.lang.Thread.run(Thread.java:748)
Caused by: java.util.concurrent.TimeoutException
	at java.util.concurrent.CompletableFuture.timedGet(CompletableFuture.java:1771)
	at java.util.concurrent.CompletableFuture.get(CompletableFuture.java:1915)
	at org.apache.ratis.util.IOUtils.getFromFuture(IOUtils.java:79)
	... 4 more
2019-09-16 18:44:37,667 [e23021be-5025-43ec-901b-8f315bf6442a@group-38292DBBEB79-SegmentedRaftLogWorker] WARN  segmented.SegmentedRaftLogWorker (SegmentedRaftLogWorker.java:getFromFuture(90)) - Timeout 7/~
org.apache.ratis.protocol.TimeoutIOException: Timeout 10s: WriteLog:8: (t:1, i:8), STATEMACHINELOGENTRY, client-1941BA254363, cid=17-writeStateMachineData
	at org.apache.ratis.util.IOUtils.getFromFuture(IOUtils.java:87)
	at org.apache.ratis.server.raftlog.segmented.SegmentedRaftLogWorker$StateMachineDataPolicy.getFromFuture(SegmentedRaftLogWorker.java:87)
	at org.apache.ratis.server.raftlog.segmented.SegmentedRaftLogWorker$WriteLog.execute(SegmentedRaftLogWorker.java:477)
	at org.apache.ratis.server.raftlog.segmented.SegmentedRaftLogWorker.run(SegmentedRaftLogWorker.java:289)
	at java.lang.Thread.run(Thread.java:748)
Caused by: java.util.concurrent.TimeoutException
	at java.util.concurrent.CompletableFuture.timedGet(CompletableFuture.java:1771)
	at java.util.concurrent.CompletableFuture.get(CompletableFuture.java:1915)
	at org.apache.ratis.util.IOUtils.getFromFuture(IOUtils.java:79)
	... 4 more
2019-09-16 18:44:37,668 [bee99600-be87-4e2f-bca1-493826cfa9f4@group-38292DBBEB79-SegmentedRaftLogWorker] WARN  segmented.SegmentedRaftLogWorker (SegmentedRaftLogWorker.java:getFromFuture(90)) - Timeout 7/~
org.apache.ratis.protocol.TimeoutIOException: Timeout 10s: WriteLog:8: (t:1, i:8), STATEMACHINELOGENTRY, client-1941BA254363, cid=17-writeStateMachineData
	at org.apache.ratis.util.IOUtils.getFromFuture(IOUtils.java:87)
	at org.apache.ratis.server.raftlog.segmented.SegmentedRaftLogWorker$StateMachineDataPolicy.getFromFuture(SegmentedRaftLogWorker.java:87)
	at org.apache.ratis.server.raftlog.segmented.SegmentedRaftLogWorker$WriteLog.execute(SegmentedRaftLogWorker.java:477)
	at org.apache.ratis.server.raftlog.segmented.SegmentedRaftLogWorker.run(SegmentedRaftLogWorker.java:289)
	at java.lang.Thread.run(Thread.java:748)
Caused by: java.util.concurrent.TimeoutException
	at java.util.concurrent.CompletableFuture.timedGet(CompletableFuture.java:1771)
	at java.util.concurrent.CompletableFuture.get(CompletableFuture.java:1915)
	at org.apache.ratis.util.IOUtils.getFromFuture(IOUtils.java:79)
	... 4 more
2019-09-16 18:44:38,095 [java.util.concurrent.ThreadPoolExecutor$Worker@6e3cdbd2[State = -1, empty queue]] WARN  server.GrpcLogAppender (GrpcLogAppender.java:timeoutAppendRequest(200)) - bee99600-be87-4e2f-bca1-493826cfa9f4@group-38292DBBEB79->6b668dd7-26f3-4a2a-98d6-977366dc8866-GrpcLogAppender: appendEntries Timeout, request=bee99600-be87-4e2f-bca1-493826cfa9f4->6b668dd7-26f3-4a2a-98d6-977366dc8866#43-t1, previous=(t:1, i:11), leaderCommit=6, initializing? false, entries: <empty>
2019-09-16 18:44:38,095 [java.util.concurrent.ThreadPoolExecutor$Worker@52a5b513[State = -1, empty queue]] WARN  server.GrpcLogAppender (GrpcLogAppender.java:timeoutAppendRequest(200)) - bee99600-be87-4e2f-bca1-493826cfa9f4@group-38292DBBEB79->e23021be-5025-43ec-901b-8f315bf6442a-GrpcLogAppender: appendEntries Timeout, request=bee99600-be87-4e2f-bca1-493826cfa9f4->e23021be-5025-43ec-901b-8f315bf6442a#43-t1, previous=(t:1, i:11), leaderCommit=6, initializing? false, entries: <empty>
2019-09-16 18:44:38,455 [grpc-default-executor-0] INFO  client.GrpcClientProtocolClient (GrpcClientProtocolClient.java:onNext(264)) - client-1941BA254363->e23021be-5025-43ec-901b-8f315bf6442a: receive RaftClientReply:client-1941BA254363->e23021be-5025-43ec-901b-8f315bf6442a@group-38292DBBEB79, cid=16, FAILED org.apache.ratis.protocol.NotLeaderException: Server e23021be-5025-43ec-901b-8f315bf6442a@group-38292DBBEB79 is not the leader bee99600-be87-4e2f-bca1-493826cfa9f4:192.168.34.56:42923, logIndex=0, commits[e23021be-5025-43ec-901b-8f315bf6442a:c6, 6b668dd7-26f3-4a2a-98d6-977366dc8866:c4, bee99600-be87-4e2f-bca1-493826cfa9f4:c6]
2019-09-16 18:44:40,596 [java.util.concurrent.ThreadPoolExecutor$Worker@6e3cdbd2[State = -1, empty queue]] WARN  server.GrpcLogAppender (GrpcLogAppender.java:timeoutAppendRequest(200)) - bee99600-be87-4e2f-bca1-493826cfa9f4@group-38292DBBEB79->6b668dd7-26f3-4a2a-98d6-977366dc8866-GrpcLogAppender: appendEntries Timeout, request=bee99600-be87-4e2f-bca1-493826cfa9f4->6b668dd7-26f3-4a2a-98d6-977366dc8866#44-t1, previous=(t:1, i:11), leaderCommit=6, initializing? false, entries: <empty>
2019-09-16 18:44:40,596 [java.util.concurrent.ThreadPoolExecutor$Worker@52a5b513[State = -1, empty queue]] WARN  server.GrpcLogAppender (GrpcLogAppender.java:timeoutAppendRequest(200)) - bee99600-be87-4e2f-bca1-493826cfa9f4@group-38292DBBEB79->e23021be-5025-43ec-901b-8f315bf6442a-GrpcLogAppender: appendEntries Timeout, request=bee99600-be87-4e2f-bca1-493826cfa9f4->e23021be-5025-43ec-901b-8f315bf6442a#44-t1, previous=(t:1, i:11), leaderCommit=6, initializing? false, entries: <empty>
2019-09-16 18:44:43,097 [java.util.concurrent.ThreadPoolExecutor$Worker@52a5b513[State = -1, empty queue]] WARN  server.GrpcLogAppender (GrpcLogAppender.java:timeoutAppendRequest(200)) - bee99600-be87-4e2f-bca1-493826cfa9f4@group-38292DBBEB79->e23021be-5025-43ec-901b-8f315bf6442a-GrpcLogAppender: appendEntries Timeout, request=bee99600-be87-4e2f-bca1-493826cfa9f4->e23021be-5025-43ec-901b-8f315bf6442a#45-t1, previous=(t:1, i:11), leaderCommit=6, initializing? false, entries: <empty>
2019-09-16 18:44:43,097 [java.util.concurrent.ThreadPoolExecutor$Worker@6e3cdbd2[State = -1, empty queue]] WARN  server.GrpcLogAppender (GrpcLogAppender.java:timeoutAppendRequest(200)) - bee99600-be87-4e2f-bca1-493826cfa9f4@group-38292DBBEB79->6b668dd7-26f3-4a2a-98d6-977366dc8866-GrpcLogAppender: appendEntries Timeout, request=bee99600-be87-4e2f-bca1-493826cfa9f4->6b668dd7-26f3-4a2a-98d6-977366dc8866#45-t1, previous=(t:1, i:11), leaderCommit=6, initializing? false, entries: <empty>
2019-09-16 18:44:43,506 [grpc-default-executor-1] INFO  client.GrpcClientProtocolClient (GrpcClientProtocolClient.java:onNext(264)) - client-1941BA254363->6b668dd7-26f3-4a2a-98d6-977366dc8866: receive RaftClientReply:client-1941BA254363->6b668dd7-26f3-4a2a-98d6-977366dc8866@group-38292DBBEB79, cid=16, FAILED org.apache.ratis.protocol.NotLeaderException: Server 6b668dd7-26f3-4a2a-98d6-977366dc8866@group-38292DBBEB79 is not the leader bee99600-be87-4e2f-bca1-493826cfa9f4:192.168.34.56:42923, logIndex=0, commits[6b668dd7-26f3-4a2a-98d6-977366dc8866:c6, e23021be-5025-43ec-901b-8f315bf6442a:c4, bee99600-be87-4e2f-bca1-493826cfa9f4:c6]
2019-09-16 18:44:45,598 [java.util.concurrent.ThreadPoolExecutor$Worker@6e3cdbd2[State = -1, empty queue]] WARN  server.GrpcLogAppender (GrpcLogAppender.java:timeoutAppendRequest(200)) - bee99600-be87-4e2f-bca1-493826cfa9f4@group-38292DBBEB79->6b668dd7-26f3-4a2a-98d6-977366dc8866-GrpcLogAppender: appendEntries Timeout, request=bee99600-be87-4e2f-bca1-493826cfa9f4->6b668dd7-26f3-4a2a-98d6-977366dc8866#46-t1, previous=(t:1, i:11), leaderCommit=6, initializing? false, entries: <empty>
2019-09-16 18:44:45,598 [java.util.concurrent.ThreadPoolExecutor$Worker@52a5b513[State = -1, empty queue]] WARN  server.GrpcLogAppender (GrpcLogAppender.java:timeoutAppendRequest(200)) - bee99600-be87-4e2f-bca1-493826cfa9f4@group-38292DBBEB79->e23021be-5025-43ec-901b-8f315bf6442a-GrpcLogAppender: appendEntries Timeout, request=bee99600-be87-4e2f-bca1-493826cfa9f4->e23021be-5025-43ec-901b-8f315bf6442a#46-t1, previous=(t:1, i:11), leaderCommit=6, initializing? false, entries: <empty>
2019-09-16 18:44:47,577 [6b668dd7-26f3-4a2a-98d6-977366dc8866@group-38292DBBEB79-SegmentedRaftLogWorker] WARN  segmented.SegmentedRaftLogWorker (SegmentedRaftLogWorker.java:getFromFuture(90)) - Timeout 8/~
org.apache.ratis.protocol.TimeoutIOException: Timeout 10s: WriteLog:7: (t:1, i:7), STATEMACHINELOGENTRY, client-1941BA254363, cid=16-writeStateMachineData
	at org.apache.ratis.util.IOUtils.getFromFuture(IOUtils.java:87)
	at org.apache.ratis.server.raftlog.segmented.SegmentedRaftLogWorker$StateMachineDataPolicy.getFromFuture(SegmentedRaftLogWorker.java:87)
	at org.apache.ratis.server.raftlog.segmented.SegmentedRaftLogWorker$WriteLog.execute(SegmentedRaftLogWorker.java:477)
	at org.apache.ratis.server.raftlog.segmented.SegmentedRaftLogWorker.run(SegmentedRaftLogWorker.java:289)
	at java.lang.Thread.run(Thread.java:748)
Caused by: java.util.concurrent.TimeoutException
	at java.util.concurrent.CompletableFuture.timedGet(CompletableFuture.java:1771)
	at java.util.concurrent.CompletableFuture.get(CompletableFuture.java:1915)
	at org.apache.ratis.util.IOUtils.getFromFuture(IOUtils.java:79)
	... 4 more
2019-09-16 18:44:47,668 [e23021be-5025-43ec-901b-8f315bf6442a@group-38292DBBEB79-SegmentedRaftLogWorker] WARN  segmented.SegmentedRaftLogWorker (SegmentedRaftLogWorker.java:getFromFuture(90)) - Timeout 8/~
org.apache.ratis.protocol.TimeoutIOException: Timeout 10s: WriteLog:8: (t:1, i:8), STATEMACHINELOGENTRY, client-1941BA254363, cid=17-writeStateMachineData
	at org.apache.ratis.util.IOUtils.getFromFuture(IOUtils.java:87)
	at org.apache.ratis.server.raftlog.segmented.SegmentedRaftLogWorker$StateMachineDataPolicy.getFromFuture(SegmentedRaftLogWorker.java:87)
	at org.apache.ratis.server.raftlog.segmented.SegmentedRaftLogWorker$WriteLog.execute(SegmentedRaftLogWorker.java:477)
	at org.apache.ratis.server.raftlog.segmented.SegmentedRaftLogWorker.run(SegmentedRaftLogWorker.java:289)
	at java.lang.Thread.run(Thread.java:748)
Caused by: java.util.concurrent.TimeoutException
	at java.util.concurrent.CompletableFuture.timedGet(CompletableFuture.java:1771)
	at java.util.concurrent.CompletableFuture.get(CompletableFuture.java:1915)
	at org.apache.ratis.util.IOUtils.getFromFuture(IOUtils.java:79)
	... 4 more
2019-09-16 18:44:47,669 [bee99600-be87-4e2f-bca1-493826cfa9f4@group-38292DBBEB79-SegmentedRaftLogWorker] WARN  segmented.SegmentedRaftLogWorker (SegmentedRaftLogWorker.java:getFromFuture(90)) - Timeout 8/~
org.apache.ratis.protocol.TimeoutIOException: Timeout 10s: WriteLog:8: (t:1, i:8), STATEMACHINELOGENTRY, client-1941BA254363, cid=17-writeStateMachineData
	at org.apache.ratis.util.IOUtils.getFromFuture(IOUtils.java:87)
	at org.apache.ratis.server.raftlog.segmented.SegmentedRaftLogWorker$StateMachineDataPolicy.getFromFuture(SegmentedRaftLogWorker.java:87)
	at org.apache.ratis.server.raftlog.segmented.SegmentedRaftLogWorker$WriteLog.execute(SegmentedRaftLogWorker.java:477)
	at org.apache.ratis.server.raftlog.segmented.SegmentedRaftLogWorker.run(SegmentedRaftLogWorker.java:289)
	at java.lang.Thread.run(Thread.java:748)
Caused by: java.util.concurrent.TimeoutException
	at java.util.concurrent.CompletableFuture.timedGet(CompletableFuture.java:1771)
	at java.util.concurrent.CompletableFuture.get(CompletableFuture.java:1915)
	at org.apache.ratis.util.IOUtils.getFromFuture(IOUtils.java:79)
	... 4 more
2019-09-16 18:44:48,099 [java.util.concurrent.ThreadPoolExecutor$Worker@52a5b513[State = -1, empty queue]] WARN  server.GrpcLogAppender (GrpcLogAppender.java:timeoutAppendRequest(200)) - bee99600-be87-4e2f-bca1-493826cfa9f4@group-38292DBBEB79->e23021be-5025-43ec-901b-8f315bf6442a-GrpcLogAppender: appendEntries Timeout, request=bee99600-be87-4e2f-bca1-493826cfa9f4->e23021be-5025-43ec-901b-8f315bf6442a#47-t1, previous=(t:1, i:11), leaderCommit=6, initializing? false, entries: <empty>
2019-09-16 18:44:48,099 [java.util.concurrent.ThreadPoolExecutor$Worker@6e3cdbd2[State = -1, empty queue]] WARN  server.GrpcLogAppender (GrpcLogAppender.java:timeoutAppendRequest(200)) - bee99600-be87-4e2f-bca1-493826cfa9f4@group-38292DBBEB79->6b668dd7-26f3-4a2a-98d6-977366dc8866-GrpcLogAppender: appendEntries Timeout, request=bee99600-be87-4e2f-bca1-493826cfa9f4->6b668dd7-26f3-4a2a-98d6-977366dc8866#47-t1, previous=(t:1, i:11), leaderCommit=6, initializing? false, entries: <empty>
2019-09-16 18:44:48,547 [grpc-default-executor-0] INFO  client.GrpcClientProtocolClient (GrpcClientProtocolClient.java:onNext(264)) - client-1941BA254363->6b668dd7-26f3-4a2a-98d6-977366dc8866: receive RaftClientReply:client-1941BA254363->6b668dd7-26f3-4a2a-98d6-977366dc8866@group-38292DBBEB79, cid=16, FAILED org.apache.ratis.protocol.NotLeaderException: Server 6b668dd7-26f3-4a2a-98d6-977366dc8866@group-38292DBBEB79 is not the leader bee99600-be87-4e2f-bca1-493826cfa9f4:192.168.34.56:42923, logIndex=0, commits[6b668dd7-26f3-4a2a-98d6-977366dc8866:c6, e23021be-5025-43ec-901b-8f315bf6442a:c4, bee99600-be87-4e2f-bca1-493826cfa9f4:c6]
2019-09-16 18:44:50,599 [java.util.concurrent.ThreadPoolExecutor$Worker@52a5b513[State = -1, empty queue]] WARN  server.GrpcLogAppender (GrpcLogAppender.java:timeoutAppendRequest(200)) - bee99600-be87-4e2f-bca1-493826cfa9f4@group-38292DBBEB79->e23021be-5025-43ec-901b-8f315bf6442a-GrpcLogAppender: appendEntries Timeout, request=bee99600-be87-4e2f-bca1-493826cfa9f4->e23021be-5025-43ec-901b-8f315bf6442a#48-t1, previous=(t:1, i:11), leaderCommit=6, initializing? false, entries: <empty>
2019-09-16 18:44:50,599 [java.util.concurrent.ThreadPoolExecutor$Worker@6e3cdbd2[State = -1, empty queue]] WARN  server.GrpcLogAppender (GrpcLogAppender.java:timeoutAppendRequest(200)) - bee99600-be87-4e2f-bca1-493826cfa9f4@group-38292DBBEB79->6b668dd7-26f3-4a2a-98d6-977366dc8866-GrpcLogAppender: appendEntries Timeout, request=bee99600-be87-4e2f-bca1-493826cfa9f4->6b668dd7-26f3-4a2a-98d6-977366dc8866#48-t1, previous=(t:1, i:11), leaderCommit=6, initializing? false, entries: <empty>
2019-09-16 18:44:53,100 [java.util.concurrent.ThreadPoolExecutor$Worker@6e3cdbd2[State = -1, empty queue]] WARN  server.GrpcLogAppender (GrpcLogAppender.java:timeoutAppendRequest(200)) - bee99600-be87-4e2f-bca1-493826cfa9f4@group-38292DBBEB79->6b668dd7-26f3-4a2a-98d6-977366dc8866-GrpcLogAppender: appendEntries Timeout, request=bee99600-be87-4e2f-bca1-493826cfa9f4->6b668dd7-26f3-4a2a-98d6-977366dc8866#49-t1, previous=(t:1, i:11), leaderCommit=6, initializing? false, entries: <empty>
2019-09-16 18:44:53,100 [java.util.concurrent.ThreadPoolExecutor$Worker@52a5b513[State = -1, empty queue]] WARN  server.GrpcLogAppender (GrpcLogAppender.java:timeoutAppendRequest(200)) - bee99600-be87-4e2f-bca1-493826cfa9f4@group-38292DBBEB79->e23021be-5025-43ec-901b-8f315bf6442a-GrpcLogAppender: appendEntries Timeout, request=bee99600-be87-4e2f-bca1-493826cfa9f4->e23021be-5025-43ec-901b-8f315bf6442a#49-t1, previous=(t:1, i:11), leaderCommit=6, initializing? false, entries: <empty>
2019-09-16 18:44:53,589 [grpc-default-executor-0] INFO  client.GrpcClientProtocolClient (GrpcClientProtocolClient.java:onNext(264)) - client-1941BA254363->e23021be-5025-43ec-901b-8f315bf6442a: receive RaftClientReply:client-1941BA254363->e23021be-5025-43ec-901b-8f315bf6442a@group-38292DBBEB79, cid=16, FAILED org.apache.ratis.protocol.NotLeaderException: Server e23021be-5025-43ec-901b-8f315bf6442a@group-38292DBBEB79 is not the leader bee99600-be87-4e2f-bca1-493826cfa9f4:192.168.34.56:42923, logIndex=0, commits[e23021be-5025-43ec-901b-8f315bf6442a:c6, 6b668dd7-26f3-4a2a-98d6-977366dc8866:c4, bee99600-be87-4e2f-bca1-493826cfa9f4:c6]
2019-09-16 18:44:55,600 [java.util.concurrent.ThreadPoolExecutor$Worker@52a5b513[State = -1, empty queue]] WARN  server.GrpcLogAppender (GrpcLogAppender.java:timeoutAppendRequest(200)) - bee99600-be87-4e2f-bca1-493826cfa9f4@group-38292DBBEB79->e23021be-5025-43ec-901b-8f315bf6442a-GrpcLogAppender: appendEntries Timeout, request=bee99600-be87-4e2f-bca1-493826cfa9f4->e23021be-5025-43ec-901b-8f315bf6442a#50-t1, previous=(t:1, i:11), leaderCommit=6, initializing? false, entries: <empty>
2019-09-16 18:44:55,600 [java.util.concurrent.ThreadPoolExecutor$Worker@6e3cdbd2[State = -1, empty queue]] WARN  server.GrpcLogAppender (GrpcLogAppender.java:timeoutAppendRequest(200)) - bee99600-be87-4e2f-bca1-493826cfa9f4@group-38292DBBEB79->6b668dd7-26f3-4a2a-98d6-977366dc8866-GrpcLogAppender: appendEntries Timeout, request=bee99600-be87-4e2f-bca1-493826cfa9f4->6b668dd7-26f3-4a2a-98d6-977366dc8866#50-t1, previous=(t:1, i:11), leaderCommit=6, initializing? false, entries: <empty>
2019-09-16 18:44:57,578 [6b668dd7-26f3-4a2a-98d6-977366dc8866@group-38292DBBEB79-SegmentedRaftLogWorker] WARN  segmented.SegmentedRaftLogWorker (SegmentedRaftLogWorker.java:getFromFuture(90)) - Timeout 9/~
org.apache.ratis.protocol.TimeoutIOException: Timeout 10s: WriteLog:7: (t:1, i:7), STATEMACHINELOGENTRY, client-1941BA254363, cid=16-writeStateMachineData
	at org.apache.ratis.util.IOUtils.getFromFuture(IOUtils.java:87)
	at org.apache.ratis.server.raftlog.segmented.SegmentedRaftLogWorker$StateMachineDataPolicy.getFromFuture(SegmentedRaftLogWorker.java:87)
	at org.apache.ratis.server.raftlog.segmented.SegmentedRaftLogWorker$WriteLog.execute(SegmentedRaftLogWorker.java:477)
	at org.apache.ratis.server.raftlog.segmented.SegmentedRaftLogWorker.run(SegmentedRaftLogWorker.java:289)
	at java.lang.Thread.run(Thread.java:748)
Caused by: java.util.concurrent.TimeoutException
	at java.util.concurrent.CompletableFuture.timedGet(CompletableFuture.java:1771)
	at java.util.concurrent.CompletableFuture.get(CompletableFuture.java:1915)
	at org.apache.ratis.util.IOUtils.getFromFuture(IOUtils.java:79)
	... 4 more
2019-09-16 18:44:57,669 [e23021be-5025-43ec-901b-8f315bf6442a@group-38292DBBEB79-SegmentedRaftLogWorker] WARN  segmented.SegmentedRaftLogWorker (SegmentedRaftLogWorker.java:getFromFuture(90)) - Timeout 9/~
org.apache.ratis.protocol.TimeoutIOException: Timeout 10s: WriteLog:8: (t:1, i:8), STATEMACHINELOGENTRY, client-1941BA254363, cid=17-writeStateMachineData
	at org.apache.ratis.util.IOUtils.getFromFuture(IOUtils.java:87)
	at org.apache.ratis.server.raftlog.segmented.SegmentedRaftLogWorker$StateMachineDataPolicy.getFromFuture(SegmentedRaftLogWorker.java:87)
	at org.apache.ratis.server.raftlog.segmented.SegmentedRaftLogWorker$WriteLog.execute(SegmentedRaftLogWorker.java:477)
	at org.apache.ratis.server.raftlog.segmented.SegmentedRaftLogWorker.run(SegmentedRaftLogWorker.java:289)
	at java.lang.Thread.run(Thread.java:748)
Caused by: java.util.concurrent.TimeoutException
	at java.util.concurrent.CompletableFuture.timedGet(CompletableFuture.java:1771)
	at java.util.concurrent.CompletableFuture.get(CompletableFuture.java:1915)
	at org.apache.ratis.util.IOUtils.getFromFuture(IOUtils.java:79)
	... 4 more
2019-09-16 18:44:57,669 [bee99600-be87-4e2f-bca1-493826cfa9f4@group-38292DBBEB79-SegmentedRaftLogWorker] WARN  segmented.SegmentedRaftLogWorker (SegmentedRaftLogWorker.java:getFromFuture(90)) - Timeout 9/~
org.apache.ratis.protocol.TimeoutIOException: Timeout 10s: WriteLog:8: (t:1, i:8), STATEMACHINELOGENTRY, client-1941BA254363, cid=17-writeStateMachineData
	at org.apache.ratis.util.IOUtils.getFromFuture(IOUtils.java:87)
	at org.apache.ratis.server.raftlog.segmented.SegmentedRaftLogWorker$StateMachineDataPolicy.getFromFuture(SegmentedRaftLogWorker.java:87)
	at org.apache.ratis.server.raftlog.segmented.SegmentedRaftLogWorker$WriteLog.execute(SegmentedRaftLogWorker.java:477)
	at org.apache.ratis.server.raftlog.segmented.SegmentedRaftLogWorker.run(SegmentedRaftLogWorker.java:289)
	at java.lang.Thread.run(Thread.java:748)
Caused by: java.util.concurrent.TimeoutException
	at java.util.concurrent.CompletableFuture.timedGet(CompletableFuture.java:1771)
	at java.util.concurrent.CompletableFuture.get(CompletableFuture.java:1915)
	at org.apache.ratis.util.IOUtils.getFromFuture(IOUtils.java:79)
	... 4 more
2019-09-16 18:44:58,101 [java.util.concurrent.ThreadPoolExecutor$Worker@6e3cdbd2[State = -1, empty queue]] WARN  server.GrpcLogAppender (GrpcLogAppender.java:timeoutAppendRequest(200)) - bee99600-be87-4e2f-bca1-493826cfa9f4@group-38292DBBEB79->6b668dd7-26f3-4a2a-98d6-977366dc8866-GrpcLogAppender: appendEntries Timeout, request=bee99600-be87-4e2f-bca1-493826cfa9f4->6b668dd7-26f3-4a2a-98d6-977366dc8866#51-t1, previous=(t:1, i:11), leaderCommit=6, initializing? false, entries: <empty>
2019-09-16 18:44:58,101 [java.util.concurrent.ThreadPoolExecutor$Worker@52a5b513[State = -1, empty queue]] WARN  server.GrpcLogAppender (GrpcLogAppender.java:timeoutAppendRequest(200)) - bee99600-be87-4e2f-bca1-493826cfa9f4@group-38292DBBEB79->e23021be-5025-43ec-901b-8f315bf6442a-GrpcLogAppender: appendEntries Timeout, request=bee99600-be87-4e2f-bca1-493826cfa9f4->e23021be-5025-43ec-901b-8f315bf6442a#51-t1, previous=(t:1, i:11), leaderCommit=6, initializing? false, entries: <empty>
2019-09-16 18:44:58,647 [grpc-default-executor-0] INFO  client.GrpcClientProtocolClient (GrpcClientProtocolClient.java:onNext(264)) - client-1941BA254363->e23021be-5025-43ec-901b-8f315bf6442a: receive RaftClientReply:client-1941BA254363->e23021be-5025-43ec-901b-8f315bf6442a@group-38292DBBEB79, cid=16, FAILED org.apache.ratis.protocol.NotLeaderException: Server e23021be-5025-43ec-901b-8f315bf6442a@group-38292DBBEB79 is not the leader bee99600-be87-4e2f-bca1-493826cfa9f4:192.168.34.56:42923, logIndex=0, commits[e23021be-5025-43ec-901b-8f315bf6442a:c6, 6b668dd7-26f3-4a2a-98d6-977366dc8866:c4, bee99600-be87-4e2f-bca1-493826cfa9f4:c6]
2019-09-16 18:45:00,601 [java.util.concurrent.ThreadPoolExecutor$Worker@6e3cdbd2[State = -1, empty queue]] WARN  server.GrpcLogAppender (GrpcLogAppender.java:timeoutAppendRequest(200)) - bee99600-be87-4e2f-bca1-493826cfa9f4@group-38292DBBEB79->6b668dd7-26f3-4a2a-98d6-977366dc8866-GrpcLogAppender: appendEntries Timeout, request=bee99600-be87-4e2f-bca1-493826cfa9f4->6b668dd7-26f3-4a2a-98d6-977366dc8866#52-t1, previous=(t:1, i:11), leaderCommit=6, initializing? false, entries: <empty>
2019-09-16 18:45:00,601 [java.util.concurrent.ThreadPoolExecutor$Worker@52a5b513[State = -1, empty queue]] WARN  server.GrpcLogAppender (GrpcLogAppender.java:timeoutAppendRequest(200)) - bee99600-be87-4e2f-bca1-493826cfa9f4@group-38292DBBEB79->e23021be-5025-43ec-901b-8f315bf6442a-GrpcLogAppender: appendEntries Timeout, request=bee99600-be87-4e2f-bca1-493826cfa9f4->e23021be-5025-43ec-901b-8f315bf6442a#52-t1, previous=(t:1, i:11), leaderCommit=6, initializing? false, entries: <empty>
2019-09-16 18:45:03,102 [java.util.concurrent.ThreadPoolExecutor$Worker@52a5b513[State = -1, empty queue]] WARN  server.GrpcLogAppender (GrpcLogAppender.java:timeoutAppendRequest(200)) - bee99600-be87-4e2f-bca1-493826cfa9f4@group-38292DBBEB79->e23021be-5025-43ec-901b-8f315bf6442a-GrpcLogAppender: appendEntries Timeout, request=bee99600-be87-4e2f-bca1-493826cfa9f4->e23021be-5025-43ec-901b-8f315bf6442a#53-t1, previous=(t:1, i:11), leaderCommit=6, initializing? false, entries: <empty>
2019-09-16 18:45:03,102 [java.util.concurrent.ThreadPoolExecutor$Worker@6e3cdbd2[State = -1, empty queue]] WARN  server.GrpcLogAppender (GrpcLogAppender.java:timeoutAppendRequest(200)) - bee99600-be87-4e2f-bca1-493826cfa9f4@group-38292DBBEB79->6b668dd7-26f3-4a2a-98d6-977366dc8866-GrpcLogAppender: appendEntries Timeout, request=bee99600-be87-4e2f-bca1-493826cfa9f4->6b668dd7-26f3-4a2a-98d6-977366dc8866#53-t1, previous=(t:1, i:11), leaderCommit=6, initializing? false, entries: <empty>
2019-09-16 18:45:03,682 [grpc-default-executor-0] INFO  client.GrpcClientProtocolClient (GrpcClientProtocolClient.java:onNext(264)) - client-1941BA254363->e23021be-5025-43ec-901b-8f315bf6442a: receive RaftClientReply:client-1941BA254363->e23021be-5025-43ec-901b-8f315bf6442a@group-38292DBBEB79, cid=16, FAILED org.apache.ratis.protocol.NotLeaderException: Server e23021be-5025-43ec-901b-8f315bf6442a@group-38292DBBEB79 is not the leader bee99600-be87-4e2f-bca1-493826cfa9f4:192.168.34.56:42923, logIndex=0, commits[e23021be-5025-43ec-901b-8f315bf6442a:c6, 6b668dd7-26f3-4a2a-98d6-977366dc8866:c4, bee99600-be87-4e2f-bca1-493826cfa9f4:c6]
2019-09-16 18:45:05,602 [java.util.concurrent.ThreadPoolExecutor$Worker@52a5b513[State = -1, empty queue]] WARN  server.GrpcLogAppender (GrpcLogAppender.java:timeoutAppendRequest(200)) - bee99600-be87-4e2f-bca1-493826cfa9f4@group-38292DBBEB79->e23021be-5025-43ec-901b-8f315bf6442a-GrpcLogAppender: appendEntries Timeout, request=bee99600-be87-4e2f-bca1-493826cfa9f4->e23021be-5025-43ec-901b-8f315bf6442a#54-t1, previous=(t:1, i:11), leaderCommit=6, initializing? false, entries: <empty>
2019-09-16 18:45:05,602 [java.util.concurrent.ThreadPoolExecutor$Worker@6e3cdbd2[State = -1, empty queue]] WARN  server.GrpcLogAppender (GrpcLogAppender.java:timeoutAppendRequest(200)) - bee99600-be87-4e2f-bca1-493826cfa9f4@group-38292DBBEB79->6b668dd7-26f3-4a2a-98d6-977366dc8866-GrpcLogAppender: appendEntries Timeout, request=bee99600-be87-4e2f-bca1-493826cfa9f4->6b668dd7-26f3-4a2a-98d6-977366dc8866#54-t1, previous=(t:1, i:11), leaderCommit=6, initializing? false, entries: <empty>
2019-09-16 18:45:07,579 [6b668dd7-26f3-4a2a-98d6-977366dc8866@group-38292DBBEB79-SegmentedRaftLogWorker] WARN  segmented.SegmentedRaftLogWorker (SegmentedRaftLogWorker.java:getFromFuture(90)) - Timeout 10/~
org.apache.ratis.protocol.TimeoutIOException: Timeout 10s: WriteLog:7: (t:1, i:7), STATEMACHINELOGENTRY, client-1941BA254363, cid=16-writeStateMachineData
	at org.apache.ratis.util.IOUtils.getFromFuture(IOUtils.java:87)
	at org.apache.ratis.server.raftlog.segmented.SegmentedRaftLogWorker$StateMachineDataPolicy.getFromFuture(SegmentedRaftLogWorker.java:87)
	at org.apache.ratis.server.raftlog.segmented.SegmentedRaftLogWorker$WriteLog.execute(SegmentedRaftLogWorker.java:477)
	at org.apache.ratis.server.raftlog.segmented.SegmentedRaftLogWorker.run(SegmentedRaftLogWorker.java:289)
	at java.lang.Thread.run(Thread.java:748)
Caused by: java.util.concurrent.TimeoutException
	at java.util.concurrent.CompletableFuture.timedGet(CompletableFuture.java:1771)
	at java.util.concurrent.CompletableFuture.get(CompletableFuture.java:1915)
	at org.apache.ratis.util.IOUtils.getFromFuture(IOUtils.java:79)
	... 4 more
2019-09-16 18:45:07,669 [e23021be-5025-43ec-901b-8f315bf6442a@group-38292DBBEB79-SegmentedRaftLogWorker] WARN  segmented.SegmentedRaftLogWorker (SegmentedRaftLogWorker.java:getFromFuture(90)) - Timeout 10/~
org.apache.ratis.protocol.TimeoutIOException: Timeout 10s: WriteLog:8: (t:1, i:8), STATEMACHINELOGENTRY, client-1941BA254363, cid=17-writeStateMachineData
	at org.apache.ratis.util.IOUtils.getFromFuture(IOUtils.java:87)
	at org.apache.ratis.server.raftlog.segmented.SegmentedRaftLogWorker$StateMachineDataPolicy.getFromFuture(SegmentedRaftLogWorker.java:87)
	at org.apache.ratis.server.raftlog.segmented.SegmentedRaftLogWorker$WriteLog.execute(SegmentedRaftLogWorker.java:477)
	at org.apache.ratis.server.raftlog.segmented.SegmentedRaftLogWorker.run(SegmentedRaftLogWorker.java:289)
	at java.lang.Thread.run(Thread.java:748)
Caused by: java.util.concurrent.TimeoutException
	at java.util.concurrent.CompletableFuture.timedGet(CompletableFuture.java:1771)
	at java.util.concurrent.CompletableFuture.get(CompletableFuture.java:1915)
	at org.apache.ratis.util.IOUtils.getFromFuture(IOUtils.java:79)
	... 4 more
2019-09-16 18:45:07,670 [bee99600-be87-4e2f-bca1-493826cfa9f4@group-38292DBBEB79-SegmentedRaftLogWorker] WARN  segmented.SegmentedRaftLogWorker (SegmentedRaftLogWorker.java:getFromFuture(90)) - Timeout 10/~
org.apache.ratis.protocol.TimeoutIOException: Timeout 10s: WriteLog:8: (t:1, i:8), STATEMACHINELOGENTRY, client-1941BA254363, cid=17-writeStateMachineData
	at org.apache.ratis.util.IOUtils.getFromFuture(IOUtils.java:87)
	at org.apache.ratis.server.raftlog.segmented.SegmentedRaftLogWorker$StateMachineDataPolicy.getFromFuture(SegmentedRaftLogWorker.java:87)
	at org.apache.ratis.server.raftlog.segmented.SegmentedRaftLogWorker$WriteLog.execute(SegmentedRaftLogWorker.java:477)
	at org.apache.ratis.server.raftlog.segmented.SegmentedRaftLogWorker.run(SegmentedRaftLogWorker.java:289)
	at java.lang.Thread.run(Thread.java:748)
Caused by: java.util.concurrent.TimeoutException
	at java.util.concurrent.CompletableFuture.timedGet(CompletableFuture.java:1771)
	at java.util.concurrent.CompletableFuture.get(CompletableFuture.java:1915)
	at org.apache.ratis.util.IOUtils.getFromFuture(IOUtils.java:79)
	... 4 more
2019-09-16 18:45:08,103 [java.util.concurrent.ThreadPoolExecutor$Worker@6e3cdbd2[State = -1, empty queue]] WARN  server.GrpcLogAppender (GrpcLogAppender.java:timeoutAppendRequest(200)) - bee99600-be87-4e2f-bca1-493826cfa9f4@group-38292DBBEB79->6b668dd7-26f3-4a2a-98d6-977366dc8866-GrpcLogAppender: appendEntries Timeout, request=bee99600-be87-4e2f-bca1-493826cfa9f4->6b668dd7-26f3-4a2a-98d6-977366dc8866#55-t1, previous=(t:1, i:11), leaderCommit=6, initializing? false, entries: <empty>
2019-09-16 18:45:08,103 [java.util.concurrent.ThreadPoolExecutor$Worker@52a5b513[State = -1, empty queue]] WARN  server.GrpcLogAppender (GrpcLogAppender.java:timeoutAppendRequest(200)) - bee99600-be87-4e2f-bca1-493826cfa9f4@group-38292DBBEB79->e23021be-5025-43ec-901b-8f315bf6442a-GrpcLogAppender: appendEntries Timeout, request=bee99600-be87-4e2f-bca1-493826cfa9f4->e23021be-5025-43ec-901b-8f315bf6442a#55-t1, previous=(t:1, i:11), leaderCommit=6, initializing? false, entries: <empty>
2019-09-16 18:45:08,730 [grpc-default-executor-1] INFO  client.GrpcClientProtocolClient (GrpcClientProtocolClient.java:onNext(264)) - client-1941BA254363->e23021be-5025-43ec-901b-8f315bf6442a: receive RaftClientReply:client-1941BA254363->e23021be-5025-43ec-901b-8f315bf6442a@group-38292DBBEB79, cid=16, FAILED org.apache.ratis.protocol.NotLeaderException: Server e23021be-5025-43ec-901b-8f315bf6442a@group-38292DBBEB79 is not the leader bee99600-be87-4e2f-bca1-493826cfa9f4:192.168.34.56:42923, logIndex=0, commits[e23021be-5025-43ec-901b-8f315bf6442a:c6, 6b668dd7-26f3-4a2a-98d6-977366dc8866:c4, bee99600-be87-4e2f-bca1-493826cfa9f4:c6]
2019-09-16 18:45:10,603 [java.util.concurrent.ThreadPoolExecutor$Worker@6e3cdbd2[State = -1, empty queue]] WARN  server.GrpcLogAppender (GrpcLogAppender.java:timeoutAppendRequest(200)) - bee99600-be87-4e2f-bca1-493826cfa9f4@group-38292DBBEB79->6b668dd7-26f3-4a2a-98d6-977366dc8866-GrpcLogAppender: appendEntries Timeout, request=bee99600-be87-4e2f-bca1-493826cfa9f4->6b668dd7-26f3-4a2a-98d6-977366dc8866#56-t1, previous=(t:1, i:11), leaderCommit=6, initializing? false, entries: <empty>
2019-09-16 18:45:10,603 [java.util.concurrent.ThreadPoolExecutor$Worker@52a5b513[State = -1, empty queue]] WARN  server.GrpcLogAppender (GrpcLogAppender.java:timeoutAppendRequest(200)) - bee99600-be87-4e2f-bca1-493826cfa9f4@group-38292DBBEB79->e23021be-5025-43ec-901b-8f315bf6442a-GrpcLogAppender: appendEntries Timeout, request=bee99600-be87-4e2f-bca1-493826cfa9f4->e23021be-5025-43ec-901b-8f315bf6442a#56-t1, previous=(t:1, i:11), leaderCommit=6, initializing? false, entries: <empty>
2019-09-16 18:45:13,104 [java.util.concurrent.ThreadPoolExecutor$Worker@52a5b513[State = -1, empty queue]] WARN  server.GrpcLogAppender (GrpcLogAppender.java:timeoutAppendRequest(200)) - bee99600-be87-4e2f-bca1-493826cfa9f4@group-38292DBBEB79->e23021be-5025-43ec-901b-8f315bf6442a-GrpcLogAppender: appendEntries Timeout, request=bee99600-be87-4e2f-bca1-493826cfa9f4->e23021be-5025-43ec-901b-8f315bf6442a#57-t1, previous=(t:1, i:11), leaderCommit=6, initializing? false, entries: <empty>
2019-09-16 18:45:13,104 [java.util.concurrent.ThreadPoolExecutor$Worker@6e3cdbd2[State = -1, empty queue]] WARN  server.GrpcLogAppender (GrpcLogAppender.java:timeoutAppendRequest(200)) - bee99600-be87-4e2f-bca1-493826cfa9f4@group-38292DBBEB79->6b668dd7-26f3-4a2a-98d6-977366dc8866-GrpcLogAppender: appendEntries Timeout, request=bee99600-be87-4e2f-bca1-493826cfa9f4->6b668dd7-26f3-4a2a-98d6-977366dc8866#57-t1, previous=(t:1, i:11), leaderCommit=6, initializing? false, entries: <empty>
2019-09-16 18:45:13,764 [grpc-default-executor-0] INFO  client.GrpcClientProtocolClient (GrpcClientProtocolClient.java:onNext(264)) - client-1941BA254363->6b668dd7-26f3-4a2a-98d6-977366dc8866: receive RaftClientReply:client-1941BA254363->6b668dd7-26f3-4a2a-98d6-977366dc8866@group-38292DBBEB79, cid=16, FAILED org.apache.ratis.protocol.NotLeaderException: Server 6b668dd7-26f3-4a2a-98d6-977366dc8866@group-38292DBBEB79 is not the leader bee99600-be87-4e2f-bca1-493826cfa9f4:192.168.34.56:42923, logIndex=0, commits[6b668dd7-26f3-4a2a-98d6-977366dc8866:c6, e23021be-5025-43ec-901b-8f315bf6442a:c4, bee99600-be87-4e2f-bca1-493826cfa9f4:c6]
2019-09-16 18:45:15,604 [java.util.concurrent.ThreadPoolExecutor$Worker@52a5b513[State = -1, empty queue]] WARN  server.GrpcLogAppender (GrpcLogAppender.java:timeoutAppendRequest(200)) - bee99600-be87-4e2f-bca1-493826cfa9f4@group-38292DBBEB79->e23021be-5025-43ec-901b-8f315bf6442a-GrpcLogAppender: appendEntries Timeout, request=bee99600-be87-4e2f-bca1-493826cfa9f4->e23021be-5025-43ec-901b-8f315bf6442a#58-t1, previous=(t:1, i:11), leaderCommit=6, initializing? false, entries: <empty>
2019-09-16 18:45:15,604 [java.util.concurrent.ThreadPoolExecutor$Worker@6e3cdbd2[State = -1, empty queue]] WARN  server.GrpcLogAppender (GrpcLogAppender.java:timeoutAppendRequest(200)) - bee99600-be87-4e2f-bca1-493826cfa9f4@group-38292DBBEB79->6b668dd7-26f3-4a2a-98d6-977366dc8866-GrpcLogAppender: appendEntries Timeout, request=bee99600-be87-4e2f-bca1-493826cfa9f4->6b668dd7-26f3-4a2a-98d6-977366dc8866#58-t1, previous=(t:1, i:11), leaderCommit=6, initializing? false, entries: <empty>
2019-09-16 18:45:17,580 [6b668dd7-26f3-4a2a-98d6-977366dc8866@group-38292DBBEB79-SegmentedRaftLogWorker] WARN  segmented.SegmentedRaftLogWorker (SegmentedRaftLogWorker.java:getFromFuture(90)) - Timeout 11/~
org.apache.ratis.protocol.TimeoutIOException: Timeout 10s: WriteLog:7: (t:1, i:7), STATEMACHINELOGENTRY, client-1941BA254363, cid=16-writeStateMachineData
	at org.apache.ratis.util.IOUtils.getFromFuture(IOUtils.java:87)
	at org.apache.ratis.server.raftlog.segmented.SegmentedRaftLogWorker$StateMachineDataPolicy.getFromFuture(SegmentedRaftLogWorker.java:87)
	at org.apache.ratis.server.raftlog.segmented.SegmentedRaftLogWorker$WriteLog.execute(SegmentedRaftLogWorker.java:477)
	at org.apache.ratis.server.raftlog.segmented.SegmentedRaftLogWorker.run(SegmentedRaftLogWorker.java:289)
	at java.lang.Thread.run(Thread.java:748)
Caused by: java.util.concurrent.TimeoutException
	at java.util.concurrent.CompletableFuture.timedGet(CompletableFuture.java:1771)
	at java.util.concurrent.CompletableFuture.get(CompletableFuture.java:1915)
	at org.apache.ratis.util.IOUtils.getFromFuture(IOUtils.java:79)
	... 4 more
2019-09-16 18:45:17,643 [org.apache.ratis.server.impl.LogAppender$AppenderDaemon$$Lambda$533/1653271690@4549eea] ERROR ratis.XceiverServerRatis (XceiverServerRatis.java:triggerPipelineClose(568)) - pipeline Action CLOSE  on pipeline PipelineID=1d7dcb15-e5cd-44a0-a20f-38292dbbeb79.Reason : bee99600-be87-4e2f-bca1-493826cfa9f4 has not seen follower/s 6b668dd7-26f3-4a2a-98d6-977366dc8866 for 120294ms e23021be-5025-43ec-901b-8f315bf6442a for 120297ms
2019-09-16 18:45:17,643 [org.apache.ratis.server.impl.LogAppender$AppenderDaemon$$Lambda$533/1653271690@5266ae8c] ERROR ratis.XceiverServerRatis (XceiverServerRatis.java:triggerPipelineClose(568)) - pipeline Action CLOSE  on pipeline PipelineID=1d7dcb15-e5cd-44a0-a20f-38292dbbeb79.Reason : bee99600-be87-4e2f-bca1-493826cfa9f4 has not seen follower/s 6b668dd7-26f3-4a2a-98d6-977366dc8866 for 120294ms e23021be-5025-43ec-901b-8f315bf6442a for 120297ms
2019-09-16 18:45:17,670 [e23021be-5025-43ec-901b-8f315bf6442a@group-38292DBBEB79-SegmentedRaftLogWorker] WARN  segmented.SegmentedRaftLogWorker (SegmentedRaftLogWorker.java:getFromFuture(90)) - Timeout 11/~
org.apache.ratis.protocol.TimeoutIOException: Timeout 10s: WriteLog:8: (t:1, i:8), STATEMACHINELOGENTRY, client-1941BA254363, cid=17-writeStateMachineData
	at org.apache.ratis.util.IOUtils.getFromFuture(IOUtils.java:87)
	at org.apache.ratis.server.raftlog.segmented.SegmentedRaftLogWorker$StateMachineDataPolicy.getFromFuture(SegmentedRaftLogWorker.java:87)
	at org.apache.ratis.server.raftlog.segmented.SegmentedRaftLogWorker$WriteLog.execute(SegmentedRaftLogWorker.java:477)
	at org.apache.ratis.server.raftlog.segmented.SegmentedRaftLogWorker.run(SegmentedRaftLogWorker.java:289)
	at java.lang.Thread.run(Thread.java:748)
Caused by: java.util.concurrent.TimeoutException
	at java.util.concurrent.CompletableFuture.timedGet(CompletableFuture.java:1771)
	at java.util.concurrent.CompletableFuture.get(CompletableFuture.java:1915)
	at org.apache.ratis.util.IOUtils.getFromFuture(IOUtils.java:79)
	... 4 more
2019-09-16 18:45:17,671 [bee99600-be87-4e2f-bca1-493826cfa9f4@group-38292DBBEB79-SegmentedRaftLogWorker] WARN  segmented.SegmentedRaftLogWorker (SegmentedRaftLogWorker.java:getFromFuture(90)) - Timeout 11/~
org.apache.ratis.protocol.TimeoutIOException: Timeout 10s: WriteLog:8: (t:1, i:8), STATEMACHINELOGENTRY, client-1941BA254363, cid=17-writeStateMachineData
	at org.apache.ratis.util.IOUtils.getFromFuture(IOUtils.java:87)
	at org.apache.ratis.server.raftlog.segmented.SegmentedRaftLogWorker$StateMachineDataPolicy.getFromFuture(SegmentedRaftLogWorker.java:87)
	at org.apache.ratis.server.raftlog.segmented.SegmentedRaftLogWorker$WriteLog.execute(SegmentedRaftLogWorker.java:477)
	at org.apache.ratis.server.raftlog.segmented.SegmentedRaftLogWorker.run(SegmentedRaftLogWorker.java:289)
	at java.lang.Thread.run(Thread.java:748)
Caused by: java.util.concurrent.TimeoutException
	at java.util.concurrent.CompletableFuture.timedGet(CompletableFuture.java:1771)
	at java.util.concurrent.CompletableFuture.get(CompletableFuture.java:1915)
	at org.apache.ratis.util.IOUtils.getFromFuture(IOUtils.java:79)
	... 4 more
2019-09-16 18:45:17,673 [EventQueue-PipelineActionsForPipelineActionHandler] ERROR pipeline.PipelineActionHandler (PipelineActionHandler.java:onMessage(60)) - Received pipeline action CLOSE for Pipeline[ Id: 1d7dcb15-e5cd-44a0-a20f-38292dbbeb79, Nodes: e23021be-5025-43ec-901b-8f315bf6442a{ip: 192.168.34.56, host: pr-hdds-2111-hlhfn-3535364396, networkLocation: /default-rack, certSerialId: null}bee99600-be87-4e2f-bca1-493826cfa9f4{ip: 192.168.34.56, host: pr-hdds-2111-hlhfn-3535364396, networkLocation: /default-rack, certSerialId: null}6b668dd7-26f3-4a2a-98d6-977366dc8866{ip: 192.168.34.56, host: pr-hdds-2111-hlhfn-3535364396, networkLocation: /default-rack, certSerialId: null}, Type:RATIS, Factor:THREE, State:OPEN] from datanode bee99600-be87-4e2f-bca1-493826cfa9f4{ip: 192.168.34.56, host: pr-hdds-2111-hlhfn-3535364396, networkLocation: /default-rack, certSerialId: null}. Reason : bee99600-be87-4e2f-bca1-493826cfa9f4 has not seen follower/s 6b668dd7-26f3-4a2a-98d6-977366dc8866 for 120294ms e23021be-5025-43ec-901b-8f315bf6442a for 120297ms
2019-09-16 18:45:17,673 [EventQueue-PipelineActionsForPipelineActionHandler] INFO  pipeline.SCMPipelineManager (SCMPipelineManager.java:finalizeAndDestroyPipeline(311)) - destroying pipeline:Pipeline[ Id: 1d7dcb15-e5cd-44a0-a20f-38292dbbeb79, Nodes: e23021be-5025-43ec-901b-8f315bf6442a{ip: 192.168.34.56, host: pr-hdds-2111-hlhfn-3535364396, networkLocation: /default-rack, certSerialId: null}bee99600-be87-4e2f-bca1-493826cfa9f4{ip: 192.168.34.56, host: pr-hdds-2111-hlhfn-3535364396, networkLocation: /default-rack, certSerialId: null}6b668dd7-26f3-4a2a-98d6-977366dc8866{ip: 192.168.34.56, host: pr-hdds-2111-hlhfn-3535364396, networkLocation: /default-rack, certSerialId: null}, Type:RATIS, Factor:THREE, State:OPEN]
2019-09-16 18:45:17,674 [EventQueue-PipelineActionsForPipelineActionHandler] INFO  pipeline.PipelineStateManager (PipelineStateManager.java:finalizePipeline(123)) - Pipeline Pipeline[ Id: 1d7dcb15-e5cd-44a0-a20f-38292dbbeb79, Nodes: e23021be-5025-43ec-901b-8f315bf6442a{ip: 192.168.34.56, host: pr-hdds-2111-hlhfn-3535364396, networkLocation: /default-rack, certSerialId: null}bee99600-be87-4e2f-bca1-493826cfa9f4{ip: 192.168.34.56, host: pr-hdds-2111-hlhfn-3535364396, networkLocation: /default-rack, certSerialId: null}6b668dd7-26f3-4a2a-98d6-977366dc8866{ip: 192.168.34.56, host: pr-hdds-2111-hlhfn-3535364396, networkLocation: /default-rack, certSerialId: null}, Type:RATIS, Factor:THREE, State:CLOSED] moved to CLOSED state
2019-09-16 18:45:17,677 [EventQueue-CloseContainerForCloseContainerEventHandler] INFO  container.CloseContainerEventHandler (CloseContainerEventHandler.java:onMessage(61)) - Close container Event triggered for container : #1
2019-09-16 18:45:17,684 [EventQueue-CloseContainerForCloseContainerEventHandler] INFO  container.CloseContainerEventHandler (CloseContainerEventHandler.java:onMessage(61)) - Close container Event triggered for container : #2
2019-09-16 18:45:18,105 [java.util.concurrent.ThreadPoolExecutor$Worker@6e3cdbd2[State = -1, empty queue]] WARN  server.GrpcLogAppender (GrpcLogAppender.java:timeoutAppendRequest(200)) - bee99600-be87-4e2f-bca1-493826cfa9f4@group-38292DBBEB79->6b668dd7-26f3-4a2a-98d6-977366dc8866-GrpcLogAppender: appendEntries Timeout, request=bee99600-be87-4e2f-bca1-493826cfa9f4->6b668dd7-26f3-4a2a-98d6-977366dc8866#59-t1, previous=(t:1, i:11), leaderCommit=6, initializing? false, entries: <empty>
2019-09-16 18:45:18,105 [java.util.concurrent.ThreadPoolExecutor$Worker@52a5b513[State = -1, empty queue]] WARN  server.GrpcLogAppender (GrpcLogAppender.java:timeoutAppendRequest(200)) - bee99600-be87-4e2f-bca1-493826cfa9f4@group-38292DBBEB79->e23021be-5025-43ec-901b-8f315bf6442a-GrpcLogAppender: appendEntries Timeout, request=bee99600-be87-4e2f-bca1-493826cfa9f4->e23021be-5025-43ec-901b-8f315bf6442a#59-t1, previous=(t:1, i:11), leaderCommit=6, initializing? false, entries: <empty>
2019-09-16 18:45:18,812 [grpc-default-executor-0] INFO  client.GrpcClientProtocolClient (GrpcClientProtocolClient.java:onNext(264)) - client-1941BA254363->e23021be-5025-43ec-901b-8f315bf6442a: receive RaftClientReply:client-1941BA254363->e23021be-5025-43ec-901b-8f315bf6442a@group-38292DBBEB79, cid=16, FAILED org.apache.ratis.protocol.NotLeaderException: Server e23021be-5025-43ec-901b-8f315bf6442a@group-38292DBBEB79 is not the leader bee99600-be87-4e2f-bca1-493826cfa9f4:192.168.34.56:42923, logIndex=0, commits[e23021be-5025-43ec-901b-8f315bf6442a:c6, 6b668dd7-26f3-4a2a-98d6-977366dc8866:c4, bee99600-be87-4e2f-bca1-493826cfa9f4:c6]
2019-09-16 18:45:19,696 [org.apache.ratis.server.impl.LogAppender$AppenderDaemon$$Lambda$533/1653271690@4549eea] ERROR ratis.XceiverServerRatis (XceiverServerRatis.java:triggerPipelineClose(568)) - pipeline Action CLOSE  on pipeline PipelineID=1d7dcb15-e5cd-44a0-a20f-38292dbbeb79.Reason : bee99600-be87-4e2f-bca1-493826cfa9f4 has not seen follower/s 6b668dd7-26f3-4a2a-98d6-977366dc8866 for 122365ms e23021be-5025-43ec-901b-8f315bf6442a for 122365ms
2019-09-16 18:45:19,696 [org.apache.ratis.server.impl.LogAppender$AppenderDaemon$$Lambda$533/1653271690@5266ae8c] ERROR ratis.XceiverServerRatis (XceiverServerRatis.java:triggerPipelineClose(568)) - pipeline Action CLOSE  on pipeline PipelineID=1d7dcb15-e5cd-44a0-a20f-38292dbbeb79.Reason : bee99600-be87-4e2f-bca1-493826cfa9f4 has not seen follower/s 6b668dd7-26f3-4a2a-98d6-977366dc8866 for 122365ms e23021be-5025-43ec-901b-8f315bf6442a for 122365ms
2019-09-16 18:45:20,605 [java.util.concurrent.ThreadPoolExecutor$Worker@6e3cdbd2[State = -1, empty queue]] WARN  server.GrpcLogAppender (GrpcLogAppender.java:timeoutAppendRequest(200)) - bee99600-be87-4e2f-bca1-493826cfa9f4@group-38292DBBEB79->6b668dd7-26f3-4a2a-98d6-977366dc8866-GrpcLogAppender: appendEntries Timeout, request=bee99600-be87-4e2f-bca1-493826cfa9f4->6b668dd7-26f3-4a2a-98d6-977366dc8866#60-t1, previous=(t:1, i:11), leaderCommit=6, initializing? false, entries: <empty>
2019-09-16 18:45:20,605 [java.util.concurrent.ThreadPoolExecutor$Worker@52a5b513[State = -1, empty queue]] WARN  server.GrpcLogAppender (GrpcLogAppender.java:timeoutAppendRequest(200)) - bee99600-be87-4e2f-bca1-493826cfa9f4@group-38292DBBEB79->e23021be-5025-43ec-901b-8f315bf6442a-GrpcLogAppender: appendEntries Timeout, request=bee99600-be87-4e2f-bca1-493826cfa9f4->e23021be-5025-43ec-901b-8f315bf6442a#60-t1, previous=(t:1, i:11), leaderCommit=6, initializing? false, entries: <empty>
2019-09-16 18:45:20,693 [EventQueue-PipelineActionsForPipelineActionHandler] ERROR pipeline.PipelineActionHandler (PipelineActionHandler.java:onMessage(60)) - Received pipeline action CLOSE for Pipeline[ Id: 1d7dcb15-e5cd-44a0-a20f-38292dbbeb79, Nodes: e23021be-5025-43ec-901b-8f315bf6442a{ip: 192.168.34.56, host: pr-hdds-2111-hlhfn-3535364396, networkLocation: /default-rack, certSerialId: null}bee99600-be87-4e2f-bca1-493826cfa9f4{ip: 192.168.34.56, host: pr-hdds-2111-hlhfn-3535364396, networkLocation: /default-rack, certSerialId: null}6b668dd7-26f3-4a2a-98d6-977366dc8866{ip: 192.168.34.56, host: pr-hdds-2111-hlhfn-3535364396, networkLocation: /default-rack, certSerialId: null}, Type:RATIS, Factor:THREE, State:CLOSED] from datanode bee99600-be87-4e2f-bca1-493826cfa9f4{ip: 192.168.34.56, host: pr-hdds-2111-hlhfn-3535364396, networkLocation: /default-rack, certSerialId: null}. Reason : bee99600-be87-4e2f-bca1-493826cfa9f4 has not seen follower/s 6b668dd7-26f3-4a2a-98d6-977366dc8866 for 122365ms e23021be-5025-43ec-901b-8f315bf6442a for 122365ms
2019-09-16 18:45:20,693 [EventQueue-PipelineActionsForPipelineActionHandler] INFO  pipeline.SCMPipelineManager (SCMPipelineManager.java:finalizeAndDestroyPipeline(311)) - destroying pipeline:Pipeline[ Id: 1d7dcb15-e5cd-44a0-a20f-38292dbbeb79, Nodes: e23021be-5025-43ec-901b-8f315bf6442a{ip: 192.168.34.56, host: pr-hdds-2111-hlhfn-3535364396, networkLocation: /default-rack, certSerialId: null}bee99600-be87-4e2f-bca1-493826cfa9f4{ip: 192.168.34.56, host: pr-hdds-2111-hlhfn-3535364396, networkLocation: /default-rack, certSerialId: null}6b668dd7-26f3-4a2a-98d6-977366dc8866{ip: 192.168.34.56, host: pr-hdds-2111-hlhfn-3535364396, networkLocation: /default-rack, certSerialId: null}, Type:RATIS, Factor:THREE, State:CLOSED]
2019-09-16 18:45:22,197 [org.apache.ratis.server.impl.LogAppender$AppenderDaemon$$Lambda$533/1653271690@5266ae8c] ERROR ratis.XceiverServerRatis (XceiverServerRatis.java:triggerPipelineClose(568)) - pipeline Action CLOSE  on pipeline PipelineID=1d7dcb15-e5cd-44a0-a20f-38292dbbeb79.Reason : bee99600-be87-4e2f-bca1-493826cfa9f4 has not seen follower/s 6b668dd7-26f3-4a2a-98d6-977366dc8866 for 124866ms e23021be-5025-43ec-901b-8f315bf6442a for 124866ms
2019-09-16 18:45:22,197 [org.apache.ratis.server.impl.LogAppender$AppenderDaemon$$Lambda$533/1653271690@4549eea] ERROR ratis.XceiverServerRatis (XceiverServerRatis.java:triggerPipelineClose(568)) - pipeline Action CLOSE  on pipeline PipelineID=1d7dcb15-e5cd-44a0-a20f-38292dbbeb79.Reason : bee99600-be87-4e2f-bca1-493826cfa9f4 has not seen follower/s 6b668dd7-26f3-4a2a-98d6-977366dc8866 for 124866ms e23021be-5025-43ec-901b-8f315bf6442a for 124866ms
2019-09-16 18:45:22,693 [EventQueue-PipelineActionsForPipelineActionHandler] ERROR pipeline.PipelineActionHandler (PipelineActionHandler.java:onMessage(60)) - Received pipeline action CLOSE for Pipeline[ Id: 1d7dcb15-e5cd-44a0-a20f-38292dbbeb79, Nodes: e23021be-5025-43ec-901b-8f315bf6442a{ip: 192.168.34.56, host: pr-hdds-2111-hlhfn-3535364396, networkLocation: /default-rack, certSerialId: null}bee99600-be87-4e2f-bca1-493826cfa9f4{ip: 192.168.34.56, host: pr-hdds-2111-hlhfn-3535364396, networkLocation: /default-rack, certSerialId: null}6b668dd7-26f3-4a2a-98d6-977366dc8866{ip: 192.168.34.56, host: pr-hdds-2111-hlhfn-3535364396, networkLocation: /default-rack, certSerialId: null}, Type:RATIS, Factor:THREE, State:CLOSED] from datanode bee99600-be87-4e2f-bca1-493826cfa9f4{ip: 192.168.34.56, host: pr-hdds-2111-hlhfn-3535364396, networkLocation: /default-rack, certSerialId: null}. Reason : bee99600-be87-4e2f-bca1-493826cfa9f4 has not seen follower/s 6b668dd7-26f3-4a2a-98d6-977366dc8866 for 124866ms e23021be-5025-43ec-901b-8f315bf6442a for 124866ms
2019-09-16 18:45:22,693 [EventQueue-PipelineActionsForPipelineActionHandler] INFO  pipeline.SCMPipelineManager (SCMPipelineManager.java:finalizeAndDestroyPipeline(311)) - destroying pipeline:Pipeline[ Id: 1d7dcb15-e5cd-44a0-a20f-38292dbbeb79, Nodes: e23021be-5025-43ec-901b-8f315bf6442a{ip: 192.168.34.56, host: pr-hdds-2111-hlhfn-3535364396, networkLocation: /default-rack, certSerialId: null}bee99600-be87-4e2f-bca1-493826cfa9f4{ip: 192.168.34.56, host: pr-hdds-2111-hlhfn-3535364396, networkLocation: /default-rack, certSerialId: null}6b668dd7-26f3-4a2a-98d6-977366dc8866{ip: 192.168.34.56, host: pr-hdds-2111-hlhfn-3535364396, networkLocation: /default-rack, certSerialId: null}, Type:RATIS, Factor:THREE, State:CLOSED]
2019-09-16 18:45:22,696 [java.util.concurrent.ThreadPoolExecutor$Worker@6e3cdbd2[State = -1, empty queue]] WARN  server.GrpcLogAppender (GrpcLogAppender.java:timeoutAppendRequest(200)) - bee99600-be87-4e2f-bca1-493826cfa9f4@group-38292DBBEB79->6b668dd7-26f3-4a2a-98d6-977366dc8866-GrpcLogAppender: appendEntries Timeout, request=bee99600-be87-4e2f-bca1-493826cfa9f4->6b668dd7-26f3-4a2a-98d6-977366dc8866#61-t1, previous=(t:1, i:11), leaderCommit=6, initializing? false, entries: size=1, first=(t:1, i:12), STATEMACHINELOGENTRY, client-8D0BE8C03A24, cid=1
2019-09-16 18:45:22,696 [java.util.concurrent.ThreadPoolExecutor$Worker@52a5b513[State = -1, empty queue]] WARN  server.GrpcLogAppender (GrpcLogAppender.java:timeoutAppendRequest(200)) - bee99600-be87-4e2f-bca1-493826cfa9f4@group-38292DBBEB79->e23021be-5025-43ec-901b-8f315bf6442a-GrpcLogAppender: appendEntries Timeout, request=bee99600-be87-4e2f-bca1-493826cfa9f4->e23021be-5025-43ec-901b-8f315bf6442a#61-t1, previous=(t:1, i:11), leaderCommit=6, initializing? false, entries: size=1, first=(t:1, i:12), STATEMACHINELOGENTRY, client-8D0BE8C03A24, cid=1
2019-09-16 18:45:23,862 [grpc-default-executor-0] INFO  client.GrpcClientProtocolClient (GrpcClientProtocolClient.java:onNext(264)) - client-1941BA254363->e23021be-5025-43ec-901b-8f315bf6442a: receive RaftClientReply:client-1941BA254363->e23021be-5025-43ec-901b-8f315bf6442a@group-38292DBBEB79, cid=16, FAILED org.apache.ratis.protocol.NotLeaderException: Server e23021be-5025-43ec-901b-8f315bf6442a@group-38292DBBEB79 is not the leader bee99600-be87-4e2f-bca1-493826cfa9f4:192.168.34.56:42923, logIndex=0, commits[e23021be-5025-43ec-901b-8f315bf6442a:c6, 6b668dd7-26f3-4a2a-98d6-977366dc8866:c4, bee99600-be87-4e2f-bca1-493826cfa9f4:c6]
2019-09-16 18:45:24,698 [org.apache.ratis.server.impl.LogAppender$AppenderDaemon$$Lambda$533/1653271690@5266ae8c] ERROR ratis.XceiverServerRatis (XceiverServerRatis.java:triggerPipelineClose(568)) - pipeline Action CLOSE  on pipeline PipelineID=1d7dcb15-e5cd-44a0-a20f-38292dbbeb79.Reason : bee99600-be87-4e2f-bca1-493826cfa9f4 has not seen follower/s 6b668dd7-26f3-4a2a-98d6-977366dc8866 for 127367ms e23021be-5025-43ec-901b-8f315bf6442a for 127367ms
2019-09-16 18:45:24,701 [org.apache.ratis.server.impl.LogAppender$AppenderDaemon$$Lambda$533/1653271690@4549eea] ERROR ratis.XceiverServerRatis (XceiverServerRatis.java:triggerPipelineClose(568)) - pipeline Action CLOSE  on pipeline PipelineID=1d7dcb15-e5cd-44a0-a20f-38292dbbeb79.Reason : bee99600-be87-4e2f-bca1-493826cfa9f4 has not seen follower/s 6b668dd7-26f3-4a2a-98d6-977366dc8866 for 127370ms e23021be-5025-43ec-901b-8f315bf6442a for 127370ms
2019-09-16 18:45:25,197 [java.util.concurrent.ThreadPoolExecutor$Worker@6e3cdbd2[State = -1, empty queue]] WARN  server.GrpcLogAppender (GrpcLogAppender.java:timeoutAppendRequest(200)) - bee99600-be87-4e2f-bca1-493826cfa9f4@group-38292DBBEB79->6b668dd7-26f3-4a2a-98d6-977366dc8866-GrpcLogAppender: appendEntries Timeout, request=bee99600-be87-4e2f-bca1-493826cfa9f4->6b668dd7-26f3-4a2a-98d6-977366dc8866#62-t1, previous=(t:1, i:12), leaderCommit=6, initializing? false, entries: <empty>
2019-09-16 18:45:25,197 [java.util.concurrent.ThreadPoolExecutor$Worker@52a5b513[State = -1, empty queue]] WARN  server.GrpcLogAppender (GrpcLogAppender.java:timeoutAppendRequest(200)) - bee99600-be87-4e2f-bca1-493826cfa9f4@group-38292DBBEB79->e23021be-5025-43ec-901b-8f315bf6442a-GrpcLogAppender: appendEntries Timeout, request=bee99600-be87-4e2f-bca1-493826cfa9f4->e23021be-5025-43ec-901b-8f315bf6442a#62-t1, previous=(t:1, i:12), leaderCommit=6, initializing? false, entries: <empty>
2019-09-16 18:45:25,693 [EventQueue-PipelineActionsForPipelineActionHandler] ERROR pipeline.PipelineActionHandler (PipelineActionHandler.java:onMessage(60)) - Received pipeline action CLOSE for Pipeline[ Id: 1d7dcb15-e5cd-44a0-a20f-38292dbbeb79, Nodes: e23021be-5025-43ec-901b-8f315bf6442a{ip: 192.168.34.56, host: pr-hdds-2111-hlhfn-3535364396, networkLocation: /default-rack, certSerialId: null}bee99600-be87-4e2f-bca1-493826cfa9f4{ip: 192.168.34.56, host: pr-hdds-2111-hlhfn-3535364396, networkLocation: /default-rack, certSerialId: null}6b668dd7-26f3-4a2a-98d6-977366dc8866{ip: 192.168.34.56, host: pr-hdds-2111-hlhfn-3535364396, networkLocation: /default-rack, certSerialId: null}, Type:RATIS, Factor:THREE, State:CLOSED] from datanode bee99600-be87-4e2f-bca1-493826cfa9f4{ip: 192.168.34.56, host: pr-hdds-2111-hlhfn-3535364396, networkLocation: /default-rack, certSerialId: null}. Reason : bee99600-be87-4e2f-bca1-493826cfa9f4 has not seen follower/s 6b668dd7-26f3-4a2a-98d6-977366dc8866 for 127367ms e23021be-5025-43ec-901b-8f315bf6442a for 127367ms
2019-09-16 18:45:25,694 [EventQueue-PipelineActionsForPipelineActionHandler] INFO  pipeline.SCMPipelineManager (SCMPipelineManager.java:finalizeAndDestroyPipeline(311)) - destroying pipeline:Pipeline[ Id: 1d7dcb15-e5cd-44a0-a20f-38292dbbeb79, Nodes: e23021be-5025-43ec-901b-8f315bf6442a{ip: 192.168.34.56, host: pr-hdds-2111-hlhfn-3535364396, networkLocation: /default-rack, certSerialId: null}bee99600-be87-4e2f-bca1-493826cfa9f4{ip: 192.168.34.56, host: pr-hdds-2111-hlhfn-3535364396, networkLocation: /default-rack, certSerialId: null}6b668dd7-26f3-4a2a-98d6-977366dc8866{ip: 192.168.34.56, host: pr-hdds-2111-hlhfn-3535364396, networkLocation: /default-rack, certSerialId: null}, Type:RATIS, Factor:THREE, State:CLOSED]
2019-09-16 18:45:27,199 [org.apache.ratis.server.impl.LogAppender$AppenderDaemon$$Lambda$533/1653271690@5266ae8c] ERROR ratis.XceiverServerRatis (XceiverServerRatis.java:triggerPipelineClose(568)) - pipeline Action CLOSE  on pipeline PipelineID=1d7dcb15-e5cd-44a0-a20f-38292dbbeb79.Reason : bee99600-be87-4e2f-bca1-493826cfa9f4 has not seen follower/s 6b668dd7-26f3-4a2a-98d6-977366dc8866 for 129868ms e23021be-5025-43ec-901b-8f315bf6442a for 129868ms
2019-09-16 18:45:27,202 [org.apache.ratis.server.impl.LogAppender$AppenderDaemon$$Lambda$533/1653271690@4549eea] ERROR ratis.XceiverServerRatis (XceiverServerRatis.java:triggerPipelineClose(568)) - pipeline Action CLOSE  on pipeline PipelineID=1d7dcb15-e5cd-44a0-a20f-38292dbbeb79.Reason : bee99600-be87-4e2f-bca1-493826cfa9f4 has not seen follower/s 6b668dd7-26f3-4a2a-98d6-977366dc8866 for 129871ms e23021be-5025-43ec-901b-8f315bf6442a for 129871ms
2019-09-16 18:45:27,584 [6b668dd7-26f3-4a2a-98d6-977366dc8866@group-38292DBBEB79-SegmentedRaftLogWorker] WARN  segmented.SegmentedRaftLogWorker (SegmentedRaftLogWorker.java:getFromFuture(90)) - Timeout 12/~
org.apache.ratis.protocol.TimeoutIOException: Timeout 10s: WriteLog:7: (t:1, i:7), STATEMACHINELOGENTRY, client-1941BA254363, cid=16-writeStateMachineData
	at org.apache.ratis.util.IOUtils.getFromFuture(IOUtils.java:87)
	at org.apache.ratis.server.raftlog.segmented.SegmentedRaftLogWorker$StateMachineDataPolicy.getFromFuture(SegmentedRaftLogWorker.java:87)
	at org.apache.ratis.server.raftlog.segmented.SegmentedRaftLogWorker$WriteLog.execute(SegmentedRaftLogWorker.java:477)
	at org.apache.ratis.server.raftlog.segmented.SegmentedRaftLogWorker.run(SegmentedRaftLogWorker.java:289)
	at java.lang.Thread.run(Thread.java:748)
Caused by: java.util.concurrent.TimeoutException
	at java.util.concurrent.CompletableFuture.timedGet(CompletableFuture.java:1771)
	at java.util.concurrent.CompletableFuture.get(CompletableFuture.java:1915)
	at org.apache.ratis.util.IOUtils.getFromFuture(IOUtils.java:79)
	... 4 more
2019-09-16 18:45:27,671 [e23021be-5025-43ec-901b-8f315bf6442a@group-38292DBBEB79-SegmentedRaftLogWorker] WARN  segmented.SegmentedRaftLogWorker (SegmentedRaftLogWorker.java:getFromFuture(90)) - Timeout 12/~
org.apache.ratis.protocol.TimeoutIOException: Timeout 10s: WriteLog:8: (t:1, i:8), STATEMACHINELOGENTRY, client-1941BA254363, cid=17-writeStateMachineData
	at org.apache.ratis.util.IOUtils.getFromFuture(IOUtils.java:87)
	at org.apache.ratis.server.raftlog.segmented.SegmentedRaftLogWorker$StateMachineDataPolicy.getFromFuture(SegmentedRaftLogWorker.java:87)
	at org.apache.ratis.server.raftlog.segmented.SegmentedRaftLogWorker$WriteLog.execute(SegmentedRaftLogWorker.java:477)
	at org.apache.ratis.server.raftlog.segmented.SegmentedRaftLogWorker.run(SegmentedRaftLogWorker.java:289)
	at java.lang.Thread.run(Thread.java:748)
Caused by: java.util.concurrent.TimeoutException
	at java.util.concurrent.CompletableFuture.timedGet(CompletableFuture.java:1771)
	at java.util.concurrent.CompletableFuture.get(CompletableFuture.java:1915)
	at org.apache.ratis.util.IOUtils.getFromFuture(IOUtils.java:79)
	... 4 more
2019-09-16 18:45:27,671 [bee99600-be87-4e2f-bca1-493826cfa9f4@group-38292DBBEB79-SegmentedRaftLogWorker] WARN  segmented.SegmentedRaftLogWorker (SegmentedRaftLogWorker.java:getFromFuture(90)) - Timeout 12/~
org.apache.ratis.protocol.TimeoutIOException: Timeout 10s: WriteLog:8: (t:1, i:8), STATEMACHINELOGENTRY, client-1941BA254363, cid=17-writeStateMachineData
	at org.apache.ratis.util.IOUtils.getFromFuture(IOUtils.java:87)
	at org.apache.ratis.server.raftlog.segmented.SegmentedRaftLogWorker$StateMachineDataPolicy.getFromFuture(SegmentedRaftLogWorker.java:87)
	at org.apache.ratis.server.raftlog.segmented.SegmentedRaftLogWorker$WriteLog.execute(SegmentedRaftLogWorker.java:477)
	at org.apache.ratis.server.raftlog.segmented.SegmentedRaftLogWorker.run(SegmentedRaftLogWorker.java:289)
	at java.lang.Thread.run(Thread.java:748)
Caused by: java.util.concurrent.TimeoutException
	at java.util.concurrent.CompletableFuture.timedGet(CompletableFuture.java:1771)
	at java.util.concurrent.CompletableFuture.get(CompletableFuture.java:1915)
	at org.apache.ratis.util.IOUtils.getFromFuture(IOUtils.java:79)
	... 4 more
2019-09-16 18:45:27,693 [EventQueue-PipelineActionsForPipelineActionHandler] ERROR pipeline.PipelineActionHandler (PipelineActionHandler.java:onMessage(60)) - Received pipeline action CLOSE for Pipeline[ Id: 1d7dcb15-e5cd-44a0-a20f-38292dbbeb79, Nodes: e23021be-5025-43ec-901b-8f315bf6442a{ip: 192.168.34.56, host: pr-hdds-2111-hlhfn-3535364396, networkLocation: /default-rack, certSerialId: null}bee99600-be87-4e2f-bca1-493826cfa9f4{ip: 192.168.34.56, host: pr-hdds-2111-hlhfn-3535364396, networkLocation: /default-rack, certSerialId: null}6b668dd7-26f3-4a2a-98d6-977366dc8866{ip: 192.168.34.56, host: pr-hdds-2111-hlhfn-3535364396, networkLocation: /default-rack, certSerialId: null}, Type:RATIS, Factor:THREE, State:CLOSED] from datanode bee99600-be87-4e2f-bca1-493826cfa9f4{ip: 192.168.34.56, host: pr-hdds-2111-hlhfn-3535364396, networkLocation: /default-rack, certSerialId: null}. Reason : bee99600-be87-4e2f-bca1-493826cfa9f4 has not seen follower/s 6b668dd7-26f3-4a2a-98d6-977366dc8866 for 129868ms e23021be-5025-43ec-901b-8f315bf6442a for 129868ms
2019-09-16 18:45:27,694 [EventQueue-PipelineActionsForPipelineActionHandler] INFO  pipeline.SCMPipelineManager (SCMPipelineManager.java:finalizeAndDestroyPipeline(311)) - destroying pipeline:Pipeline[ Id: 1d7dcb15-e5cd-44a0-a20f-38292dbbeb79, Nodes: e23021be-5025-43ec-901b-8f315bf6442a{ip: 192.168.34.56, host: pr-hdds-2111-hlhfn-3535364396, networkLocation: /default-rack, certSerialId: null}bee99600-be87-4e2f-bca1-493826cfa9f4{ip: 192.168.34.56, host: pr-hdds-2111-hlhfn-3535364396, networkLocation: /default-rack, certSerialId: null}6b668dd7-26f3-4a2a-98d6-977366dc8866{ip: 192.168.34.56, host: pr-hdds-2111-hlhfn-3535364396, networkLocation: /default-rack, certSerialId: null}, Type:RATIS, Factor:THREE, State:CLOSED]
2019-09-16 18:45:27,698 [java.util.concurrent.ThreadPoolExecutor$Worker@52a5b513[State = -1, empty queue]] WARN  server.GrpcLogAppender (GrpcLogAppender.java:timeoutAppendRequest(200)) - bee99600-be87-4e2f-bca1-493826cfa9f4@group-38292DBBEB79->e23021be-5025-43ec-901b-8f315bf6442a-GrpcLogAppender: appendEntries Timeout, request=bee99600-be87-4e2f-bca1-493826cfa9f4->e23021be-5025-43ec-901b-8f315bf6442a#63-t1, previous=(t:1, i:12), leaderCommit=6, initializing? false, entries: <empty>
2019-09-16 18:45:27,701 [java.util.concurrent.ThreadPoolExecutor$Worker@6e3cdbd2[State = -1, empty queue]] WARN  server.GrpcLogAppender (GrpcLogAppender.java:timeoutAppendRequest(200)) - bee99600-be87-4e2f-bca1-493826cfa9f4@group-38292DBBEB79->6b668dd7-26f3-4a2a-98d6-977366dc8866-GrpcLogAppender: appendEntries Timeout, request=bee99600-be87-4e2f-bca1-493826cfa9f4->6b668dd7-26f3-4a2a-98d6-977366dc8866#63-t1, previous=(t:1, i:12), leaderCommit=6, initializing? false, entries: <empty>
2019-09-16 18:45:28,911 [grpc-default-executor-1] INFO  client.GrpcClientProtocolClient (GrpcClientProtocolClient.java:onNext(264)) - client-1941BA254363->6b668dd7-26f3-4a2a-98d6-977366dc8866: receive RaftClientReply:client-1941BA254363->6b668dd7-26f3-4a2a-98d6-977366dc8866@group-38292DBBEB79, cid=16, FAILED org.apache.ratis.protocol.NotLeaderException: Server 6b668dd7-26f3-4a2a-98d6-977366dc8866@group-38292DBBEB79 is not the leader bee99600-be87-4e2f-bca1-493826cfa9f4:192.168.34.56:42923, logIndex=0, commits[6b668dd7-26f3-4a2a-98d6-977366dc8866:c6, e23021be-5025-43ec-901b-8f315bf6442a:c4, bee99600-be87-4e2f-bca1-493826cfa9f4:c6]
2019-09-16 18:45:29,700 [org.apache.ratis.server.impl.LogAppender$AppenderDaemon$$Lambda$533/1653271690@5266ae8c] ERROR ratis.XceiverServerRatis (XceiverServerRatis.java:triggerPipelineClose(568)) - pipeline Action CLOSE  on pipeline PipelineID=1d7dcb15-e5cd-44a0-a20f-38292dbbeb79.Reason : bee99600-be87-4e2f-bca1-493826cfa9f4 has not seen follower/s 6b668dd7-26f3-4a2a-98d6-977366dc8866 for 132369ms e23021be-5025-43ec-901b-8f315bf6442a for 132369ms
2019-09-16 18:45:29,702 [org.apache.ratis.server.impl.LogAppender$AppenderDaemon$$Lambda$533/1653271690@4549eea] ERROR ratis.XceiverServerRatis (XceiverServerRatis.java:triggerPipelineClose(568)) - pipeline Action CLOSE  on pipeline PipelineID=1d7dcb15-e5cd-44a0-a20f-38292dbbeb79.Reason : bee99600-be87-4e2f-bca1-493826cfa9f4 has not seen follower/s 6b668dd7-26f3-4a2a-98d6-977366dc8866 for 132371ms e23021be-5025-43ec-901b-8f315bf6442a for 132371ms
2019-09-16 18:45:30,199 [java.util.concurrent.ThreadPoolExecutor$Worker@52a5b513[State = -1, empty queue]] WARN  server.GrpcLogAppender (GrpcLogAppender.java:timeoutAppendRequest(200)) - bee99600-be87-4e2f-bca1-493826cfa9f4@group-38292DBBEB79->e23021be-5025-43ec-901b-8f315bf6442a-GrpcLogAppender: appendEntries Timeout, request=bee99600-be87-4e2f-bca1-493826cfa9f4->e23021be-5025-43ec-901b-8f315bf6442a#64-t1, previous=(t:1, i:12), leaderCommit=6, initializing? false, entries: <empty>
2019-09-16 18:45:30,202 [java.util.concurrent.ThreadPoolExecutor$Worker@6e3cdbd2[State = -1, empty queue]] WARN  server.GrpcLogAppender (GrpcLogAppender.java:timeoutAppendRequest(200)) - bee99600-be87-4e2f-bca1-493826cfa9f4@group-38292DBBEB79->6b668dd7-26f3-4a2a-98d6-977366dc8866-GrpcLogAppender: appendEntries Timeout, request=bee99600-be87-4e2f-bca1-493826cfa9f4->6b668dd7-26f3-4a2a-98d6-977366dc8866#64-t1, previous=(t:1, i:12), leaderCommit=6, initializing? false, entries: <empty>
2019-09-16 18:45:30,694 [EventQueue-PipelineActionsForPipelineActionHandler] ERROR pipeline.PipelineActionHandler (PipelineActionHandler.java:onMessage(60)) - Received pipeline action CLOSE for Pipeline[ Id: 1d7dcb15-e5cd-44a0-a20f-38292dbbeb79, Nodes: e23021be-5025-43ec-901b-8f315bf6442a{ip: 192.168.34.56, host: pr-hdds-2111-hlhfn-3535364396, networkLocation: /default-rack, certSerialId: null}bee99600-be87-4e2f-bca1-493826cfa9f4{ip: 192.168.34.56, host: pr-hdds-2111-hlhfn-3535364396, networkLocation: /default-rack, certSerialId: null}6b668dd7-26f3-4a2a-98d6-977366dc8866{ip: 192.168.34.56, host: pr-hdds-2111-hlhfn-3535364396, networkLocation: /default-rack, certSerialId: null}, Type:RATIS, Factor:THREE, State:CLOSED] from datanode bee99600-be87-4e2f-bca1-493826cfa9f4{ip: 192.168.34.56, host: pr-hdds-2111-hlhfn-3535364396, networkLocation: /default-rack, certSerialId: null}. Reason : bee99600-be87-4e2f-bca1-493826cfa9f4 has not seen follower/s 6b668dd7-26f3-4a2a-98d6-977366dc8866 for 132369ms e23021be-5025-43ec-901b-8f315bf6442a for 132369ms
2019-09-16 18:45:30,694 [EventQueue-PipelineActionsForPipelineActionHandler] INFO  pipeline.SCMPipelineManager (SCMPipelineManager.java:finalizeAndDestroyPipeline(311)) - destroying pipeline:Pipeline[ Id: 1d7dcb15-e5cd-44a0-a20f-38292dbbeb79, Nodes: e23021be-5025-43ec-901b-8f315bf6442a{ip: 192.168.34.56, host: pr-hdds-2111-hlhfn-3535364396, networkLocation: /default-rack, certSerialId: null}bee99600-be87-4e2f-bca1-493826cfa9f4{ip: 192.168.34.56, host: pr-hdds-2111-hlhfn-3535364396, networkLocation: /default-rack, certSerialId: null}6b668dd7-26f3-4a2a-98d6-977366dc8866{ip: 192.168.34.56, host: pr-hdds-2111-hlhfn-3535364396, networkLocation: /default-rack, certSerialId: null}, Type:RATIS, Factor:THREE, State:CLOSED]
2019-09-16 18:45:32,201 [org.apache.ratis.server.impl.LogAppender$AppenderDaemon$$Lambda$533/1653271690@5266ae8c] ERROR ratis.XceiverServerRatis (XceiverServerRatis.java:triggerPipelineClose(568)) - pipeline Action CLOSE  on pipeline PipelineID=1d7dcb15-e5cd-44a0-a20f-38292dbbeb79.Reason : bee99600-be87-4e2f-bca1-493826cfa9f4 has not seen follower/s 6b668dd7-26f3-4a2a-98d6-977366dc8866 for 134870ms e23021be-5025-43ec-901b-8f315bf6442a for 134870ms
2019-09-16 18:45:32,204 [org.apache.ratis.server.impl.LogAppender$AppenderDaemon$$Lambda$533/1653271690@4549eea] ERROR ratis.XceiverServerRatis (XceiverServerRatis.java:triggerPipelineClose(568)) - pipeline Action CLOSE  on pipeline PipelineID=1d7dcb15-e5cd-44a0-a20f-38292dbbeb79.Reason : bee99600-be87-4e2f-bca1-493826cfa9f4 has not seen follower/s 6b668dd7-26f3-4a2a-98d6-977366dc8866 for 134873ms e23021be-5025-43ec-901b-8f315bf6442a for 134873ms
2019-09-16 18:45:32,694 [EventQueue-PipelineActionsForPipelineActionHandler] ERROR pipeline.PipelineActionHandler (PipelineActionHandler.java:onMessage(60)) - Received pipeline action CLOSE for Pipeline[ Id: 1d7dcb15-e5cd-44a0-a20f-38292dbbeb79, Nodes: e23021be-5025-43ec-901b-8f315bf6442a{ip: 192.168.34.56, host: pr-hdds-2111-hlhfn-3535364396, networkLocation: /default-rack, certSerialId: null}bee99600-be87-4e2f-bca1-493826cfa9f4{ip: 192.168.34.56, host: pr-hdds-2111-hlhfn-3535364396, networkLocation: /default-rack, certSerialId: null}6b668dd7-26f3-4a2a-98d6-977366dc8866{ip: 192.168.34.56, host: pr-hdds-2111-hlhfn-3535364396, networkLocation: /default-rack, certSerialId: null}, Type:RATIS, Factor:THREE, State:CLOSED] from datanode bee99600-be87-4e2f-bca1-493826cfa9f4{ip: 192.168.34.56, host: pr-hdds-2111-hlhfn-3535364396, networkLocation: /default-rack, certSerialId: null}. Reason : bee99600-be87-4e2f-bca1-493826cfa9f4 has not seen follower/s 6b668dd7-26f3-4a2a-98d6-977366dc8866 for 134870ms e23021be-5025-43ec-901b-8f315bf6442a for 134870ms
2019-09-16 18:45:32,695 [EventQueue-PipelineActionsForPipelineActionHandler] INFO  pipeline.SCMPipelineManager (SCMPipelineManager.java:finalizeAndDestroyPipeline(311)) - destroying pipeline:Pipeline[ Id: 1d7dcb15-e5cd-44a0-a20f-38292dbbeb79, Nodes: e23021be-5025-43ec-901b-8f315bf6442a{ip: 192.168.34.56, host: pr-hdds-2111-hlhfn-3535364396, networkLocation: /default-rack, certSerialId: null}bee99600-be87-4e2f-bca1-493826cfa9f4{ip: 192.168.34.56, host: pr-hdds-2111-hlhfn-3535364396, networkLocation: /default-rack, certSerialId: null}6b668dd7-26f3-4a2a-98d6-977366dc8866{ip: 192.168.34.56, host: pr-hdds-2111-hlhfn-3535364396, networkLocation: /default-rack, certSerialId: null}, Type:RATIS, Factor:THREE, State:CLOSED]
2019-09-16 18:45:32,700 [java.util.concurrent.ThreadPoolExecutor$Worker@52a5b513[State = -1, empty queue]] WARN  server.GrpcLogAppender (GrpcLogAppender.java:timeoutAppendRequest(200)) - bee99600-be87-4e2f-bca1-493826cfa9f4@group-38292DBBEB79->e23021be-5025-43ec-901b-8f315bf6442a-GrpcLogAppender: appendEntries Timeout, request=bee99600-be87-4e2f-bca1-493826cfa9f4->e23021be-5025-43ec-901b-8f315bf6442a#65-t1, previous=(t:1, i:12), leaderCommit=6, initializing? false, entries: <empty>
2019-09-16 18:45:32,707 [java.util.concurrent.ThreadPoolExecutor$Worker@6e3cdbd2[State = -1, empty queue]] WARN  server.GrpcLogAppender (GrpcLogAppender.java:timeoutAppendRequest(200)) - bee99600-be87-4e2f-bca1-493826cfa9f4@group-38292DBBEB79->6b668dd7-26f3-4a2a-98d6-977366dc8866-GrpcLogAppender: appendEntries Timeout, request=bee99600-be87-4e2f-bca1-493826cfa9f4->6b668dd7-26f3-4a2a-98d6-977366dc8866#65-t1, previous=(t:1, i:12), leaderCommit=6, initializing? false, entries: <empty>
2019-09-16 18:45:33,958 [grpc-default-executor-0] INFO  client.GrpcClientProtocolClient (GrpcClientProtocolClient.java:onNext(264)) - client-1941BA254363->e23021be-5025-43ec-901b-8f315bf6442a: receive RaftClientReply:client-1941BA254363->e23021be-5025-43ec-901b-8f315bf6442a@group-38292DBBEB79, cid=16, FAILED org.apache.ratis.protocol.NotLeaderException: Server e23021be-5025-43ec-901b-8f315bf6442a@group-38292DBBEB79 is not the leader bee99600-be87-4e2f-bca1-493826cfa9f4:192.168.34.56:42923, logIndex=0, commits[e23021be-5025-43ec-901b-8f315bf6442a:c6, 6b668dd7-26f3-4a2a-98d6-977366dc8866:c4, bee99600-be87-4e2f-bca1-493826cfa9f4:c6]
2019-09-16 18:45:34,702 [org.apache.ratis.server.impl.LogAppender$AppenderDaemon$$Lambda$533/1653271690@5266ae8c] ERROR ratis.XceiverServerRatis (XceiverServerRatis.java:triggerPipelineClose(568)) - pipeline Action CLOSE  on pipeline PipelineID=1d7dcb15-e5cd-44a0-a20f-38292dbbeb79.Reason : bee99600-be87-4e2f-bca1-493826cfa9f4 has not seen follower/s 6b668dd7-26f3-4a2a-98d6-977366dc8866 for 137371ms e23021be-5025-43ec-901b-8f315bf6442a for 137371ms
2019-09-16 18:45:34,705 [org.apache.ratis.server.impl.LogAppender$AppenderDaemon$$Lambda$533/1653271690@4549eea] ERROR ratis.XceiverServerRatis (XceiverServerRatis.java:triggerPipelineClose(568)) - pipeline Action CLOSE  on pipeline PipelineID=1d7dcb15-e5cd-44a0-a20f-38292dbbeb79.Reason : bee99600-be87-4e2f-bca1-493826cfa9f4 has not seen follower/s 6b668dd7-26f3-4a2a-98d6-977366dc8866 for 137374ms e23021be-5025-43ec-901b-8f315bf6442a for 137374ms
2019-09-16 18:45:35,201 [java.util.concurrent.ThreadPoolExecutor$Worker@52a5b513[State = -1, empty queue]] WARN  server.GrpcLogAppender (GrpcLogAppender.java:timeoutAppendRequest(200)) - bee99600-be87-4e2f-bca1-493826cfa9f4@group-38292DBBEB79->e23021be-5025-43ec-901b-8f315bf6442a-GrpcLogAppender: appendEntries Timeout, request=bee99600-be87-4e2f-bca1-493826cfa9f4->e23021be-5025-43ec-901b-8f315bf6442a#66-t1, previous=(t:1, i:12), leaderCommit=6, initializing? false, entries: <empty>
2019-09-16 18:45:35,204 [java.util.concurrent.ThreadPoolExecutor$Worker@6e3cdbd2[State = -1, empty queue]] WARN  server.GrpcLogAppender (GrpcLogAppender.java:timeoutAppendRequest(200)) - bee99600-be87-4e2f-bca1-493826cfa9f4@group-38292DBBEB79->6b668dd7-26f3-4a2a-98d6-977366dc8866-GrpcLogAppender: appendEntries Timeout, request=bee99600-be87-4e2f-bca1-493826cfa9f4->6b668dd7-26f3-4a2a-98d6-977366dc8866#66-t1, previous=(t:1, i:12), leaderCommit=6, initializing? false, entries: <empty>
2019-09-16 18:45:35,696 [EventQueue-PipelineActionsForPipelineActionHandler] ERROR pipeline.PipelineActionHandler (PipelineActionHandler.java:onMessage(60)) - Received pipeline action CLOSE for Pipeline[ Id: 1d7dcb15-e5cd-44a0-a20f-38292dbbeb79, Nodes: e23021be-5025-43ec-901b-8f315bf6442a{ip: 192.168.34.56, host: pr-hdds-2111-hlhfn-3535364396, networkLocation: /default-rack, certSerialId: null}bee99600-be87-4e2f-bca1-493826cfa9f4{ip: 192.168.34.56, host: pr-hdds-2111-hlhfn-3535364396, networkLocation: /default-rack, certSerialId: null}6b668dd7-26f3-4a2a-98d6-977366dc8866{ip: 192.168.34.56, host: pr-hdds-2111-hlhfn-3535364396, networkLocation: /default-rack, certSerialId: null}, Type:RATIS, Factor:THREE, State:CLOSED] from datanode bee99600-be87-4e2f-bca1-493826cfa9f4{ip: 192.168.34.56, host: pr-hdds-2111-hlhfn-3535364396, networkLocation: /default-rack, certSerialId: null}. Reason : bee99600-be87-4e2f-bca1-493826cfa9f4 has not seen follower/s 6b668dd7-26f3-4a2a-98d6-977366dc8866 for 137371ms e23021be-5025-43ec-901b-8f315bf6442a for 137371ms
2019-09-16 18:45:35,697 [EventQueue-PipelineActionsForPipelineActionHandler] INFO  pipeline.SCMPipelineManager (SCMPipelineManager.java:finalizeAndDestroyPipeline(311)) - destroying pipeline:Pipeline[ Id: 1d7dcb15-e5cd-44a0-a20f-38292dbbeb79, Nodes: e23021be-5025-43ec-901b-8f315bf6442a{ip: 192.168.34.56, host: pr-hdds-2111-hlhfn-3535364396, networkLocation: /default-rack, certSerialId: null}bee99600-be87-4e2f-bca1-493826cfa9f4{ip: 192.168.34.56, host: pr-hdds-2111-hlhfn-3535364396, networkLocation: /default-rack, certSerialId: null}6b668dd7-26f3-4a2a-98d6-977366dc8866{ip: 192.168.34.56, host: pr-hdds-2111-hlhfn-3535364396, networkLocation: /default-rack, certSerialId: null}, Type:RATIS, Factor:THREE, State:CLOSED]
2019-09-16 18:45:37,203 [org.apache.ratis.server.impl.LogAppender$AppenderDaemon$$Lambda$533/1653271690@5266ae8c] ERROR ratis.XceiverServerRatis (XceiverServerRatis.java:triggerPipelineClose(568)) - pipeline Action CLOSE  on pipeline PipelineID=1d7dcb15-e5cd-44a0-a20f-38292dbbeb79.Reason : bee99600-be87-4e2f-bca1-493826cfa9f4 has not seen follower/s 6b668dd7-26f3-4a2a-98d6-977366dc8866 for 139872ms e23021be-5025-43ec-901b-8f315bf6442a for 139872ms
2019-09-16 18:45:37,208 [org.apache.ratis.server.impl.LogAppender$AppenderDaemon$$Lambda$533/1653271690@4549eea] ERROR ratis.XceiverServerRatis (XceiverServerRatis.java:triggerPipelineClose(568)) - pipeline Action CLOSE  on pipeline PipelineID=1d7dcb15-e5cd-44a0-a20f-38292dbbeb79.Reason : bee99600-be87-4e2f-bca1-493826cfa9f4 has not seen follower/s 6b668dd7-26f3-4a2a-98d6-977366dc8866 for 139877ms e23021be-5025-43ec-901b-8f315bf6442a for 139877ms
2019-09-16 18:45:37,585 [6b668dd7-26f3-4a2a-98d6-977366dc8866@group-38292DBBEB79-SegmentedRaftLogWorker] WARN  segmented.SegmentedRaftLogWorker (SegmentedRaftLogWorker.java:getFromFuture(90)) - Timeout 13/~
org.apache.ratis.protocol.TimeoutIOException: Timeout 10s: WriteLog:7: (t:1, i:7), STATEMACHINELOGENTRY, client-1941BA254363, cid=16-writeStateMachineData
	at org.apache.ratis.util.IOUtils.getFromFuture(IOUtils.java:87)
	at org.apache.ratis.server.raftlog.segmented.SegmentedRaftLogWorker$StateMachineDataPolicy.getFromFuture(SegmentedRaftLogWorker.java:87)
	at org.apache.ratis.server.raftlog.segmented.SegmentedRaftLogWorker$WriteLog.execute(SegmentedRaftLogWorker.java:477)
	at org.apache.ratis.server.raftlog.segmented.SegmentedRaftLogWorker.run(SegmentedRaftLogWorker.java:289)
	at java.lang.Thread.run(Thread.java:748)
Caused by: java.util.concurrent.TimeoutException
	at java.util.concurrent.CompletableFuture.timedGet(CompletableFuture.java:1771)
	at java.util.concurrent.CompletableFuture.get(CompletableFuture.java:1915)
	at org.apache.ratis.util.IOUtils.getFromFuture(IOUtils.java:79)
	... 4 more
2019-09-16 18:45:37,672 [e23021be-5025-43ec-901b-8f315bf6442a@group-38292DBBEB79-SegmentedRaftLogWorker] WARN  segmented.SegmentedRaftLogWorker (SegmentedRaftLogWorker.java:getFromFuture(90)) - Timeout 13/~
org.apache.ratis.protocol.TimeoutIOException: Timeout 10s: WriteLog:8: (t:1, i:8), STATEMACHINELOGENTRY, client-1941BA254363, cid=17-writeStateMachineData
	at org.apache.ratis.util.IOUtils.getFromFuture(IOUtils.java:87)
	at org.apache.ratis.server.raftlog.segmented.SegmentedRaftLogWorker$StateMachineDataPolicy.getFromFuture(SegmentedRaftLogWorker.java:87)
	at org.apache.ratis.server.raftlog.segmented.SegmentedRaftLogWorker$WriteLog.execute(SegmentedRaftLogWorker.java:477)
	at org.apache.ratis.server.raftlog.segmented.SegmentedRaftLogWorker.run(SegmentedRaftLogWorker.java:289)
	at java.lang.Thread.run(Thread.java:748)
Caused by: java.util.concurrent.TimeoutException
	at java.util.concurrent.CompletableFuture.timedGet(CompletableFuture.java:1771)
	at java.util.concurrent.CompletableFuture.get(CompletableFuture.java:1915)
	at org.apache.ratis.util.IOUtils.getFromFuture(IOUtils.java:79)
	... 4 more
2019-09-16 18:45:37,672 [bee99600-be87-4e2f-bca1-493826cfa9f4@group-38292DBBEB79-SegmentedRaftLogWorker] WARN  segmented.SegmentedRaftLogWorker (SegmentedRaftLogWorker.java:getFromFuture(90)) - Timeout 13/~
org.apache.ratis.protocol.TimeoutIOException: Timeout 10s: WriteLog:8: (t:1, i:8), STATEMACHINELOGENTRY, client-1941BA254363, cid=17-writeStateMachineData
	at org.apache.ratis.util.IOUtils.getFromFuture(IOUtils.java:87)
	at org.apache.ratis.server.raftlog.segmented.SegmentedRaftLogWorker$StateMachineDataPolicy.getFromFuture(SegmentedRaftLogWorker.java:87)
	at org.apache.ratis.server.raftlog.segmented.SegmentedRaftLogWorker$WriteLog.execute(SegmentedRaftLogWorker.java:477)
	at org.apache.ratis.server.raftlog.segmented.SegmentedRaftLogWorker.run(SegmentedRaftLogWorker.java:289)
	at java.lang.Thread.run(Thread.java:748)
Caused by: java.util.concurrent.TimeoutException
	at java.util.concurrent.CompletableFuture.timedGet(CompletableFuture.java:1771)
	at java.util.concurrent.CompletableFuture.get(CompletableFuture.java:1915)
	at org.apache.ratis.util.IOUtils.getFromFuture(IOUtils.java:79)
	... 4 more
2019-09-16 18:45:37,695 [EventQueue-PipelineActionsForPipelineActionHandler] ERROR pipeline.PipelineActionHandler (PipelineActionHandler.java:onMessage(60)) - Received pipeline action CLOSE for Pipeline[ Id: 1d7dcb15-e5cd-44a0-a20f-38292dbbeb79, Nodes: e23021be-5025-43ec-901b-8f315bf6442a{ip: 192.168.34.56, host: pr-hdds-2111-hlhfn-3535364396, networkLocation: /default-rack, certSerialId: null}bee99600-be87-4e2f-bca1-493826cfa9f4{ip: 192.168.34.56, host: pr-hdds-2111-hlhfn-3535364396, networkLocation: /default-rack, certSerialId: null}6b668dd7-26f3-4a2a-98d6-977366dc8866{ip: 192.168.34.56, host: pr-hdds-2111-hlhfn-3535364396, networkLocation: /default-rack, certSerialId: null}, Type:RATIS, Factor:THREE, State:CLOSED] from datanode bee99600-be87-4e2f-bca1-493826cfa9f4{ip: 192.168.34.56, host: pr-hdds-2111-hlhfn-3535364396, networkLocation: /default-rack, certSerialId: null}. Reason : bee99600-be87-4e2f-bca1-493826cfa9f4 has not seen follower/s 6b668dd7-26f3-4a2a-98d6-977366dc8866 for 139872ms e23021be-5025-43ec-901b-8f315bf6442a for 139872ms
2019-09-16 18:45:37,696 [EventQueue-PipelineActionsForPipelineActionHandler] INFO  pipeline.SCMPipelineManager (SCMPipelineManager.java:finalizeAndDestroyPipeline(311)) - destroying pipeline:Pipeline[ Id: 1d7dcb15-e5cd-44a0-a20f-38292dbbeb79, Nodes: e23021be-5025-43ec-901b-8f315bf6442a{ip: 192.168.34.56, host: pr-hdds-2111-hlhfn-3535364396, networkLocation: /default-rack, certSerialId: null}bee99600-be87-4e2f-bca1-493826cfa9f4{ip: 192.168.34.56, host: pr-hdds-2111-hlhfn-3535364396, networkLocation: /default-rack, certSerialId: null}6b668dd7-26f3-4a2a-98d6-977366dc8866{ip: 192.168.34.56, host: pr-hdds-2111-hlhfn-3535364396, networkLocation: /default-rack, certSerialId: null}, Type:RATIS, Factor:THREE, State:CLOSED]
2019-09-16 18:45:37,702 [java.util.concurrent.ThreadPoolExecutor$Worker@52a5b513[State = -1, empty queue]] WARN  server.GrpcLogAppender (GrpcLogAppender.java:timeoutAppendRequest(200)) - bee99600-be87-4e2f-bca1-493826cfa9f4@group-38292DBBEB79->e23021be-5025-43ec-901b-8f315bf6442a-GrpcLogAppender: appendEntries Timeout, request=bee99600-be87-4e2f-bca1-493826cfa9f4->e23021be-5025-43ec-901b-8f315bf6442a#67-t1, previous=(t:1, i:12), leaderCommit=6, initializing? false, entries: <empty>
2019-09-16 18:45:37,707 [java.util.concurrent.ThreadPoolExecutor$Worker@6e3cdbd2[State = -1, empty queue]] WARN  server.GrpcLogAppender (GrpcLogAppender.java:timeoutAppendRequest(200)) - bee99600-be87-4e2f-bca1-493826cfa9f4@group-38292DBBEB79->6b668dd7-26f3-4a2a-98d6-977366dc8866-GrpcLogAppender: appendEntries Timeout, request=bee99600-be87-4e2f-bca1-493826cfa9f4->6b668dd7-26f3-4a2a-98d6-977366dc8866#67-t1, previous=(t:1, i:12), leaderCommit=6, initializing? false, entries: <empty>
2019-09-16 18:45:39,004 [grpc-default-executor-0] INFO  client.GrpcClientProtocolClient (GrpcClientProtocolClient.java:onNext(264)) - client-1941BA254363->6b668dd7-26f3-4a2a-98d6-977366dc8866: receive RaftClientReply:client-1941BA254363->6b668dd7-26f3-4a2a-98d6-977366dc8866@group-38292DBBEB79, cid=16, FAILED org.apache.ratis.protocol.NotLeaderException: Server 6b668dd7-26f3-4a2a-98d6-977366dc8866@group-38292DBBEB79 is not the leader bee99600-be87-4e2f-bca1-493826cfa9f4:192.168.34.56:42923, logIndex=0, commits[6b668dd7-26f3-4a2a-98d6-977366dc8866:c6, e23021be-5025-43ec-901b-8f315bf6442a:c4, bee99600-be87-4e2f-bca1-493826cfa9f4:c6]
2019-09-16 18:45:39,706 [org.apache.ratis.server.impl.LogAppender$AppenderDaemon$$Lambda$533/1653271690@5266ae8c] ERROR ratis.XceiverServerRatis (XceiverServerRatis.java:triggerPipelineClose(568)) - pipeline Action CLOSE  on pipeline PipelineID=1d7dcb15-e5cd-44a0-a20f-38292dbbeb79.Reason : bee99600-be87-4e2f-bca1-493826cfa9f4 has not seen follower/s 6b668dd7-26f3-4a2a-98d6-977366dc8866 for 142375ms e23021be-5025-43ec-901b-8f315bf6442a for 142375ms
2019-09-16 18:45:39,709 [org.apache.ratis.server.impl.LogAppender$AppenderDaemon$$Lambda$533/1653271690@4549eea] ERROR ratis.XceiverServerRatis (XceiverServerRatis.java:triggerPipelineClose(568)) - pipeline Action CLOSE  on pipeline PipelineID=1d7dcb15-e5cd-44a0-a20f-38292dbbeb79.Reason : bee99600-be87-4e2f-bca1-493826cfa9f4 has not seen follower/s 6b668dd7-26f3-4a2a-98d6-977366dc8866 for 142378ms e23021be-5025-43ec-901b-8f315bf6442a for 142378ms
2019-09-16 18:45:40,203 [java.util.concurrent.ThreadPoolExecutor$Worker@52a5b513[State = -1, empty queue]] WARN  server.GrpcLogAppender (GrpcLogAppender.java:timeoutAppendRequest(200)) - bee99600-be87-4e2f-bca1-493826cfa9f4@group-38292DBBEB79->e23021be-5025-43ec-901b-8f315bf6442a-GrpcLogAppender: appendEntries Timeout, request=bee99600-be87-4e2f-bca1-493826cfa9f4->e23021be-5025-43ec-901b-8f315bf6442a#68-t1, previous=(t:1, i:12), leaderCommit=6, initializing? false, entries: <empty>
2019-09-16 18:45:40,208 [java.util.concurrent.ThreadPoolExecutor$Worker@6e3cdbd2[State = -1, empty queue]] WARN  server.GrpcLogAppender (GrpcLogAppender.java:timeoutAppendRequest(200)) - bee99600-be87-4e2f-bca1-493826cfa9f4@group-38292DBBEB79->6b668dd7-26f3-4a2a-98d6-977366dc8866-GrpcLogAppender: appendEntries Timeout, request=bee99600-be87-4e2f-bca1-493826cfa9f4->6b668dd7-26f3-4a2a-98d6-977366dc8866#68-t1, previous=(t:1, i:12), leaderCommit=6, initializing? false, entries: <empty>
2019-09-16 18:45:40,696 [EventQueue-PipelineActionsForPipelineActionHandler] ERROR pipeline.PipelineActionHandler (PipelineActionHandler.java:onMessage(60)) - Received pipeline action CLOSE for Pipeline[ Id: 1d7dcb15-e5cd-44a0-a20f-38292dbbeb79, Nodes: e23021be-5025-43ec-901b-8f315bf6442a{ip: 192.168.34.56, host: pr-hdds-2111-hlhfn-3535364396, networkLocation: /default-rack, certSerialId: null}bee99600-be87-4e2f-bca1-493826cfa9f4{ip: 192.168.34.56, host: pr-hdds-2111-hlhfn-3535364396, networkLocation: /default-rack, certSerialId: null}6b668dd7-26f3-4a2a-98d6-977366dc8866{ip: 192.168.34.56, host: pr-hdds-2111-hlhfn-3535364396, networkLocation: /default-rack, certSerialId: null}, Type:RATIS, Factor:THREE, State:CLOSED] from datanode bee99600-be87-4e2f-bca1-493826cfa9f4{ip: 192.168.34.56, host: pr-hdds-2111-hlhfn-3535364396, networkLocation: /default-rack, certSerialId: null}. Reason : bee99600-be87-4e2f-bca1-493826cfa9f4 has not seen follower/s 6b668dd7-26f3-4a2a-98d6-977366dc8866 for 142375ms e23021be-5025-43ec-901b-8f315bf6442a for 142375ms
2019-09-16 18:45:40,696 [EventQueue-PipelineActionsForPipelineActionHandler] INFO  pipeline.SCMPipelineManager (SCMPipelineManager.java:finalizeAndDestroyPipeline(311)) - destroying pipeline:Pipeline[ Id: 1d7dcb15-e5cd-44a0-a20f-38292dbbeb79, Nodes: e23021be-5025-43ec-901b-8f315bf6442a{ip: 192.168.34.56, host: pr-hdds-2111-hlhfn-3535364396, networkLocation: /default-rack, certSerialId: null}bee99600-be87-4e2f-bca1-493826cfa9f4{ip: 192.168.34.56, host: pr-hdds-2111-hlhfn-3535364396, networkLocation: /default-rack, certSerialId: null}6b668dd7-26f3-4a2a-98d6-977366dc8866{ip: 192.168.34.56, host: pr-hdds-2111-hlhfn-3535364396, networkLocation: /default-rack, certSerialId: null}, Type:RATIS, Factor:THREE, State:CLOSED]
2019-09-16 18:45:42,207 [org.apache.ratis.server.impl.LogAppender$AppenderDaemon$$Lambda$533/1653271690@5266ae8c] ERROR ratis.XceiverServerRatis (XceiverServerRatis.java:triggerPipelineClose(568)) - pipeline Action CLOSE  on pipeline PipelineID=1d7dcb15-e5cd-44a0-a20f-38292dbbeb79.Reason : bee99600-be87-4e2f-bca1-493826cfa9f4 has not seen follower/s 6b668dd7-26f3-4a2a-98d6-977366dc8866 for 144876ms e23021be-5025-43ec-901b-8f315bf6442a for 144876ms
2019-09-16 18:45:42,210 [org.apache.ratis.server.impl.LogAppender$AppenderDaemon$$Lambda$533/1653271690@4549eea] ERROR ratis.XceiverServerRatis (XceiverServerRatis.java:triggerPipelineClose(568)) - pipeline Action CLOSE  on pipeline PipelineID=1d7dcb15-e5cd-44a0-a20f-38292dbbeb79.Reason : bee99600-be87-4e2f-bca1-493826cfa9f4 has not seen follower/s 6b668dd7-26f3-4a2a-98d6-977366dc8866 for 144879ms e23021be-5025-43ec-901b-8f315bf6442a for 144879ms
2019-09-16 18:45:42,696 [EventQueue-PipelineActionsForPipelineActionHandler] ERROR pipeline.PipelineActionHandler (PipelineActionHandler.java:onMessage(60)) - Received pipeline action CLOSE for Pipeline[ Id: 1d7dcb15-e5cd-44a0-a20f-38292dbbeb79, Nodes: e23021be-5025-43ec-901b-8f315bf6442a{ip: 192.168.34.56, host: pr-hdds-2111-hlhfn-3535364396, networkLocation: /default-rack, certSerialId: null}bee99600-be87-4e2f-bca1-493826cfa9f4{ip: 192.168.34.56, host: pr-hdds-2111-hlhfn-3535364396, networkLocation: /default-rack, certSerialId: null}6b668dd7-26f3-4a2a-98d6-977366dc8866{ip: 192.168.34.56, host: pr-hdds-2111-hlhfn-3535364396, networkLocation: /default-rack, certSerialId: null}, Type:RATIS, Factor:THREE, State:CLOSED] from datanode bee99600-be87-4e2f-bca1-493826cfa9f4{ip: 192.168.34.56, host: pr-hdds-2111-hlhfn-3535364396, networkLocation: /default-rack, certSerialId: null}. Reason : bee99600-be87-4e2f-bca1-493826cfa9f4 has not seen follower/s 6b668dd7-26f3-4a2a-98d6-977366dc8866 for 144876ms e23021be-5025-43ec-901b-8f315bf6442a for 144876ms
2019-09-16 18:45:42,696 [EventQueue-PipelineActionsForPipelineActionHandler] INFO  pipeline.SCMPipelineManager (SCMPipelineManager.java:finalizeAndDestroyPipeline(311)) - destroying pipeline:Pipeline[ Id: 1d7dcb15-e5cd-44a0-a20f-38292dbbeb79, Nodes: e23021be-5025-43ec-901b-8f315bf6442a{ip: 192.168.34.56, host: pr-hdds-2111-hlhfn-3535364396, networkLocation: /default-rack, certSerialId: null}bee99600-be87-4e2f-bca1-493826cfa9f4{ip: 192.168.34.56, host: pr-hdds-2111-hlhfn-3535364396, networkLocation: /default-rack, certSerialId: null}6b668dd7-26f3-4a2a-98d6-977366dc8866{ip: 192.168.34.56, host: pr-hdds-2111-hlhfn-3535364396, networkLocation: /default-rack, certSerialId: null}, Type:RATIS, Factor:THREE, State:CLOSED]
2019-09-16 18:45:42,706 [java.util.concurrent.ThreadPoolExecutor$Worker@52a5b513[State = -1, empty queue]] WARN  server.GrpcLogAppender (GrpcLogAppender.java:timeoutAppendRequest(200)) - bee99600-be87-4e2f-bca1-493826cfa9f4@group-38292DBBEB79->e23021be-5025-43ec-901b-8f315bf6442a-GrpcLogAppender: appendEntries Timeout, request=bee99600-be87-4e2f-bca1-493826cfa9f4->e23021be-5025-43ec-901b-8f315bf6442a#69-t1, previous=(t:1, i:12), leaderCommit=6, initializing? false, entries: <empty>
2019-09-16 18:45:42,709 [java.util.concurrent.ThreadPoolExecutor$Worker@6e3cdbd2[State = -1, empty queue]] WARN  server.GrpcLogAppender (GrpcLogAppender.java:timeoutAppendRequest(200)) - bee99600-be87-4e2f-bca1-493826cfa9f4@group-38292DBBEB79->6b668dd7-26f3-4a2a-98d6-977366dc8866-GrpcLogAppender: appendEntries Timeout, request=bee99600-be87-4e2f-bca1-493826cfa9f4->6b668dd7-26f3-4a2a-98d6-977366dc8866#69-t1, previous=(t:1, i:12), leaderCommit=6, initializing? false, entries: <empty>
2019-09-16 18:45:44,079 [grpc-default-executor-1] INFO  client.GrpcClientProtocolClient (GrpcClientProtocolClient.java:onNext(264)) - client-1941BA254363->6b668dd7-26f3-4a2a-98d6-977366dc8866: receive RaftClientReply:client-1941BA254363->6b668dd7-26f3-4a2a-98d6-977366dc8866@group-38292DBBEB79, cid=16, FAILED org.apache.ratis.protocol.NotLeaderException: Server 6b668dd7-26f3-4a2a-98d6-977366dc8866@group-38292DBBEB79 is not the leader bee99600-be87-4e2f-bca1-493826cfa9f4:192.168.34.56:42923, logIndex=0, commits[6b668dd7-26f3-4a2a-98d6-977366dc8866:c6, e23021be-5025-43ec-901b-8f315bf6442a:c4, bee99600-be87-4e2f-bca1-493826cfa9f4:c6]
2019-09-16 18:45:44,708 [org.apache.ratis.server.impl.LogAppender$AppenderDaemon$$Lambda$533/1653271690@5266ae8c] ERROR ratis.XceiverServerRatis (XceiverServerRatis.java:triggerPipelineClose(568)) - pipeline Action CLOSE  on pipeline PipelineID=1d7dcb15-e5cd-44a0-a20f-38292dbbeb79.Reason : bee99600-be87-4e2f-bca1-493826cfa9f4 has not seen follower/s 6b668dd7-26f3-4a2a-98d6-977366dc8866 for 147377ms e23021be-5025-43ec-901b-8f315bf6442a for 147377ms
2019-09-16 18:45:44,711 [org.apache.ratis.server.impl.LogAppender$AppenderDaemon$$Lambda$533/1653271690@4549eea] ERROR ratis.XceiverServerRatis (XceiverServerRatis.java:triggerPipelineClose(568)) - pipeline Action CLOSE  on pipeline PipelineID=1d7dcb15-e5cd-44a0-a20f-38292dbbeb79.Reason : bee99600-be87-4e2f-bca1-493826cfa9f4 has not seen follower/s 6b668dd7-26f3-4a2a-98d6-977366dc8866 for 147380ms e23021be-5025-43ec-901b-8f315bf6442a for 147380ms
2019-09-16 18:45:45,207 [java.util.concurrent.ThreadPoolExecutor$Worker@52a5b513[State = -1, empty queue]] WARN  server.GrpcLogAppender (GrpcLogAppender.java:timeoutAppendRequest(200)) - bee99600-be87-4e2f-bca1-493826cfa9f4@group-38292DBBEB79->e23021be-5025-43ec-901b-8f315bf6442a-GrpcLogAppender: appendEntries Timeout, request=bee99600-be87-4e2f-bca1-493826cfa9f4->e23021be-5025-43ec-901b-8f315bf6442a#70-t1, previous=(t:1, i:12), leaderCommit=6, initializing? false, entries: <empty>
2019-09-16 18:45:45,210 [java.util.concurrent.ThreadPoolExecutor$Worker@6e3cdbd2[State = -1, empty queue]] WARN  server.GrpcLogAppender (GrpcLogAppender.java:timeoutAppendRequest(200)) - bee99600-be87-4e2f-bca1-493826cfa9f4@group-38292DBBEB79->6b668dd7-26f3-4a2a-98d6-977366dc8866-GrpcLogAppender: appendEntries Timeout, request=bee99600-be87-4e2f-bca1-493826cfa9f4->6b668dd7-26f3-4a2a-98d6-977366dc8866#70-t1, previous=(t:1, i:12), leaderCommit=6, initializing? false, entries: <empty>
2019-09-16 18:45:45,696 [EventQueue-PipelineActionsForPipelineActionHandler] ERROR pipeline.PipelineActionHandler (PipelineActionHandler.java:onMessage(60)) - Received pipeline action CLOSE for Pipeline[ Id: 1d7dcb15-e5cd-44a0-a20f-38292dbbeb79, Nodes: e23021be-5025-43ec-901b-8f315bf6442a{ip: 192.168.34.56, host: pr-hdds-2111-hlhfn-3535364396, networkLocation: /default-rack, certSerialId: null}bee99600-be87-4e2f-bca1-493826cfa9f4{ip: 192.168.34.56, host: pr-hdds-2111-hlhfn-3535364396, networkLocation: /default-rack, certSerialId: null}6b668dd7-26f3-4a2a-98d6-977366dc8866{ip: 192.168.34.56, host: pr-hdds-2111-hlhfn-3535364396, networkLocation: /default-rack, certSerialId: null}, Type:RATIS, Factor:THREE, State:CLOSED] from datanode bee99600-be87-4e2f-bca1-493826cfa9f4{ip: 192.168.34.56, host: pr-hdds-2111-hlhfn-3535364396, networkLocation: /default-rack, certSerialId: null}. Reason : bee99600-be87-4e2f-bca1-493826cfa9f4 has not seen follower/s 6b668dd7-26f3-4a2a-98d6-977366dc8866 for 147377ms e23021be-5025-43ec-901b-8f315bf6442a for 147377ms
2019-09-16 18:45:45,696 [EventQueue-PipelineActionsForPipelineActionHandler] INFO  pipeline.SCMPipelineManager (SCMPipelineManager.java:finalizeAndDestroyPipeline(311)) - destroying pipeline:Pipeline[ Id: 1d7dcb15-e5cd-44a0-a20f-38292dbbeb79, Nodes: e23021be-5025-43ec-901b-8f315bf6442a{ip: 192.168.34.56, host: pr-hdds-2111-hlhfn-3535364396, networkLocation: /default-rack, certSerialId: null}bee99600-be87-4e2f-bca1-493826cfa9f4{ip: 192.168.34.56, host: pr-hdds-2111-hlhfn-3535364396, networkLocation: /default-rack, certSerialId: null}6b668dd7-26f3-4a2a-98d6-977366dc8866{ip: 192.168.34.56, host: pr-hdds-2111-hlhfn-3535364396, networkLocation: /default-rack, certSerialId: null}, Type:RATIS, Factor:THREE, State:CLOSED]
2019-09-16 18:45:47,209 [org.apache.ratis.server.impl.LogAppender$AppenderDaemon$$Lambda$533/1653271690@5266ae8c] ERROR ratis.XceiverServerRatis (XceiverServerRatis.java:triggerPipelineClose(568)) - pipeline Action CLOSE  on pipeline PipelineID=1d7dcb15-e5cd-44a0-a20f-38292dbbeb79.Reason : bee99600-be87-4e2f-bca1-493826cfa9f4 has not seen follower/s 6b668dd7-26f3-4a2a-98d6-977366dc8866 for 149878ms e23021be-5025-43ec-901b-8f315bf6442a for 149878ms
2019-09-16 18:45:47,212 [org.apache.ratis.server.impl.LogAppender$AppenderDaemon$$Lambda$533/1653271690@4549eea] ERROR ratis.XceiverServerRatis (XceiverServerRatis.java:triggerPipelineClose(568)) - pipeline Action CLOSE  on pipeline PipelineID=1d7dcb15-e5cd-44a0-a20f-38292dbbeb79.Reason : bee99600-be87-4e2f-bca1-493826cfa9f4 has not seen follower/s 6b668dd7-26f3-4a2a-98d6-977366dc8866 for 149881ms e23021be-5025-43ec-901b-8f315bf6442a for 149881ms
2019-09-16 18:45:47,587 [6b668dd7-26f3-4a2a-98d6-977366dc8866@group-38292DBBEB79-SegmentedRaftLogWorker] WARN  segmented.SegmentedRaftLogWorker (SegmentedRaftLogWorker.java:getFromFuture(90)) - Timeout 14/~
org.apache.ratis.protocol.TimeoutIOException: Timeout 10s: WriteLog:7: (t:1, i:7), STATEMACHINELOGENTRY, client-1941BA254363, cid=16-writeStateMachineData
	at org.apache.ratis.util.IOUtils.getFromFuture(IOUtils.java:87)
	at org.apache.ratis.server.raftlog.segmented.SegmentedRaftLogWorker$StateMachineDataPolicy.getFromFuture(SegmentedRaftLogWorker.java:87)
	at org.apache.ratis.server.raftlog.segmented.SegmentedRaftLogWorker$WriteLog.execute(SegmentedRaftLogWorker.java:477)
	at org.apache.ratis.server.raftlog.segmented.SegmentedRaftLogWorker.run(SegmentedRaftLogWorker.java:289)
	at java.lang.Thread.run(Thread.java:748)
Caused by: java.util.concurrent.TimeoutException
	at java.util.concurrent.CompletableFuture.timedGet(CompletableFuture.java:1771)
	at java.util.concurrent.CompletableFuture.get(CompletableFuture.java:1915)
	at org.apache.ratis.util.IOUtils.getFromFuture(IOUtils.java:79)
	... 4 more
2019-09-16 18:45:47,673 [e23021be-5025-43ec-901b-8f315bf6442a@group-38292DBBEB79-SegmentedRaftLogWorker] WARN  segmented.SegmentedRaftLogWorker (SegmentedRaftLogWorker.java:getFromFuture(90)) - Timeout 14/~
org.apache.ratis.protocol.TimeoutIOException: Timeout 10s: WriteLog:8: (t:1, i:8), STATEMACHINELOGENTRY, client-1941BA254363, cid=17-writeStateMachineData
	at org.apache.ratis.util.IOUtils.getFromFuture(IOUtils.java:87)
	at org.apache.ratis.server.raftlog.segmented.SegmentedRaftLogWorker$StateMachineDataPolicy.getFromFuture(SegmentedRaftLogWorker.java:87)
	at org.apache.ratis.server.raftlog.segmented.SegmentedRaftLogWorker$WriteLog.execute(SegmentedRaftLogWorker.java:477)
	at org.apache.ratis.server.raftlog.segmented.SegmentedRaftLogWorker.run(SegmentedRaftLogWorker.java:289)
	at java.lang.Thread.run(Thread.java:748)
Caused by: java.util.concurrent.TimeoutException
	at java.util.concurrent.CompletableFuture.timedGet(CompletableFuture.java:1771)
	at java.util.concurrent.CompletableFuture.get(CompletableFuture.java:1915)
	at org.apache.ratis.util.IOUtils.getFromFuture(IOUtils.java:79)
	... 4 more
2019-09-16 18:45:47,673 [bee99600-be87-4e2f-bca1-493826cfa9f4@group-38292DBBEB79-SegmentedRaftLogWorker] WARN  segmented.SegmentedRaftLogWorker (SegmentedRaftLogWorker.java:getFromFuture(90)) - Timeout 14/~
org.apache.ratis.protocol.TimeoutIOException: Timeout 10s: WriteLog:8: (t:1, i:8), STATEMACHINELOGENTRY, client-1941BA254363, cid=17-writeStateMachineData
	at org.apache.ratis.util.IOUtils.getFromFuture(IOUtils.java:87)
	at org.apache.ratis.server.raftlog.segmented.SegmentedRaftLogWorker$StateMachineDataPolicy.getFromFuture(SegmentedRaftLogWorker.java:87)
	at org.apache.ratis.server.raftlog.segmented.SegmentedRaftLogWorker$WriteLog.execute(SegmentedRaftLogWorker.java:477)
	at org.apache.ratis.server.raftlog.segmented.SegmentedRaftLogWorker.run(SegmentedRaftLogWorker.java:289)
	at java.lang.Thread.run(Thread.java:748)
Caused by: java.util.concurrent.TimeoutException
	at java.util.concurrent.CompletableFuture.timedGet(CompletableFuture.java:1771)
	at java.util.concurrent.CompletableFuture.get(CompletableFuture.java:1915)
	at org.apache.ratis.util.IOUtils.getFromFuture(IOUtils.java:79)
	... 4 more
2019-09-16 18:45:47,696 [EventQueue-PipelineActionsForPipelineActionHandler] ERROR pipeline.PipelineActionHandler (PipelineActionHandler.java:onMessage(60)) - Received pipeline action CLOSE for Pipeline[ Id: 1d7dcb15-e5cd-44a0-a20f-38292dbbeb79, Nodes: e23021be-5025-43ec-901b-8f315bf6442a{ip: 192.168.34.56, host: pr-hdds-2111-hlhfn-3535364396, networkLocation: /default-rack, certSerialId: null}bee99600-be87-4e2f-bca1-493826cfa9f4{ip: 192.168.34.56, host: pr-hdds-2111-hlhfn-3535364396, networkLocation: /default-rack, certSerialId: null}6b668dd7-26f3-4a2a-98d6-977366dc8866{ip: 192.168.34.56, host: pr-hdds-2111-hlhfn-3535364396, networkLocation: /default-rack, certSerialId: null}, Type:RATIS, Factor:THREE, State:CLOSED] from datanode bee99600-be87-4e2f-bca1-493826cfa9f4{ip: 192.168.34.56, host: pr-hdds-2111-hlhfn-3535364396, networkLocation: /default-rack, certSerialId: null}. Reason : bee99600-be87-4e2f-bca1-493826cfa9f4 has not seen follower/s 6b668dd7-26f3-4a2a-98d6-977366dc8866 for 149878ms e23021be-5025-43ec-901b-8f315bf6442a for 149878ms
2019-09-16 18:45:47,696 [EventQueue-PipelineActionsForPipelineActionHandler] INFO  pipeline.SCMPipelineManager (SCMPipelineManager.java:finalizeAndDestroyPipeline(311)) - destroying pipeline:Pipeline[ Id: 1d7dcb15-e5cd-44a0-a20f-38292dbbeb79, Nodes: e23021be-5025-43ec-901b-8f315bf6442a{ip: 192.168.34.56, host: pr-hdds-2111-hlhfn-3535364396, networkLocation: /default-rack, certSerialId: null}bee99600-be87-4e2f-bca1-493826cfa9f4{ip: 192.168.34.56, host: pr-hdds-2111-hlhfn-3535364396, networkLocation: /default-rack, certSerialId: null}6b668dd7-26f3-4a2a-98d6-977366dc8866{ip: 192.168.34.56, host: pr-hdds-2111-hlhfn-3535364396, networkLocation: /default-rack, certSerialId: null}, Type:RATIS, Factor:THREE, State:CLOSED]
2019-09-16 18:45:47,708 [java.util.concurrent.ThreadPoolExecutor$Worker@52a5b513[State = -1, empty queue]] WARN  server.GrpcLogAppender (GrpcLogAppender.java:timeoutAppendRequest(200)) - bee99600-be87-4e2f-bca1-493826cfa9f4@group-38292DBBEB79->e23021be-5025-43ec-901b-8f315bf6442a-GrpcLogAppender: appendEntries Timeout, request=bee99600-be87-4e2f-bca1-493826cfa9f4->e23021be-5025-43ec-901b-8f315bf6442a#71-t1, previous=(t:1, i:12), leaderCommit=6, initializing? false, entries: <empty>
2019-09-16 18:45:47,711 [java.util.concurrent.ThreadPoolExecutor$Worker@6e3cdbd2[State = -1, empty queue]] WARN  server.GrpcLogAppender (GrpcLogAppender.java:timeoutAppendRequest(200)) - bee99600-be87-4e2f-bca1-493826cfa9f4@group-38292DBBEB79->6b668dd7-26f3-4a2a-98d6-977366dc8866-GrpcLogAppender: appendEntries Timeout, request=bee99600-be87-4e2f-bca1-493826cfa9f4->6b668dd7-26f3-4a2a-98d6-977366dc8866#71-t1, previous=(t:1, i:12), leaderCommit=6, initializing? false, entries: <empty>
2019-09-16 18:45:49,122 [grpc-default-executor-0] INFO  client.GrpcClientProtocolClient (GrpcClientProtocolClient.java:onNext(264)) - client-1941BA254363->e23021be-5025-43ec-901b-8f315bf6442a: receive RaftClientReply:client-1941BA254363->e23021be-5025-43ec-901b-8f315bf6442a@group-38292DBBEB79, cid=16, FAILED org.apache.ratis.protocol.NotLeaderException: Server e23021be-5025-43ec-901b-8f315bf6442a@group-38292DBBEB79 is not the leader bee99600-be87-4e2f-bca1-493826cfa9f4:192.168.34.56:42923, logIndex=0, commits[e23021be-5025-43ec-901b-8f315bf6442a:c6, 6b668dd7-26f3-4a2a-98d6-977366dc8866:c4, bee99600-be87-4e2f-bca1-493826cfa9f4:c6]
2019-09-16 18:45:49,710 [org.apache.ratis.server.impl.LogAppender$AppenderDaemon$$Lambda$533/1653271690@5266ae8c] ERROR ratis.XceiverServerRatis (XceiverServerRatis.java:triggerPipelineClose(568)) - pipeline Action CLOSE  on pipeline PipelineID=1d7dcb15-e5cd-44a0-a20f-38292dbbeb79.Reason : bee99600-be87-4e2f-bca1-493826cfa9f4 has not seen follower/s 6b668dd7-26f3-4a2a-98d6-977366dc8866 for 152379ms e23021be-5025-43ec-901b-8f315bf6442a for 152379ms
2019-09-16 18:45:49,712 [org.apache.ratis.server.impl.LogAppender$AppenderDaemon$$Lambda$533/1653271690@4549eea] ERROR ratis.XceiverServerRatis (XceiverServerRatis.java:triggerPipelineClose(568)) - pipeline Action CLOSE  on pipeline PipelineID=1d7dcb15-e5cd-44a0-a20f-38292dbbeb79.Reason : bee99600-be87-4e2f-bca1-493826cfa9f4 has not seen follower/s 6b668dd7-26f3-4a2a-98d6-977366dc8866 for 152381ms e23021be-5025-43ec-901b-8f315bf6442a for 152381ms
2019-09-16 18:45:50,209 [java.util.concurrent.ThreadPoolExecutor$Worker@52a5b513[State = -1, empty queue]] WARN  server.GrpcLogAppender (GrpcLogAppender.java:timeoutAppendRequest(200)) - bee99600-be87-4e2f-bca1-493826cfa9f4@group-38292DBBEB79->e23021be-5025-43ec-901b-8f315bf6442a-GrpcLogAppender: appendEntries Timeout, request=bee99600-be87-4e2f-bca1-493826cfa9f4->e23021be-5025-43ec-901b-8f315bf6442a#72-t1, previous=(t:1, i:12), leaderCommit=6, initializing? false, entries: <empty>
2019-09-16 18:45:50,212 [java.util.concurrent.ThreadPoolExecutor$Worker@6e3cdbd2[State = -1, empty queue]] WARN  server.GrpcLogAppender (GrpcLogAppender.java:timeoutAppendRequest(200)) - bee99600-be87-4e2f-bca1-493826cfa9f4@group-38292DBBEB79->6b668dd7-26f3-4a2a-98d6-977366dc8866-GrpcLogAppender: appendEntries Timeout, request=bee99600-be87-4e2f-bca1-493826cfa9f4->6b668dd7-26f3-4a2a-98d6-977366dc8866#72-t1, previous=(t:1, i:12), leaderCommit=6, initializing? false, entries: <empty>
2019-09-16 18:45:50,696 [EventQueue-PipelineActionsForPipelineActionHandler] ERROR pipeline.PipelineActionHandler (PipelineActionHandler.java:onMessage(60)) - Received pipeline action CLOSE for Pipeline[ Id: 1d7dcb15-e5cd-44a0-a20f-38292dbbeb79, Nodes: e23021be-5025-43ec-901b-8f315bf6442a{ip: 192.168.34.56, host: pr-hdds-2111-hlhfn-3535364396, networkLocation: /default-rack, certSerialId: null}bee99600-be87-4e2f-bca1-493826cfa9f4{ip: 192.168.34.56, host: pr-hdds-2111-hlhfn-3535364396, networkLocation: /default-rack, certSerialId: null}6b668dd7-26f3-4a2a-98d6-977366dc8866{ip: 192.168.34.56, host: pr-hdds-2111-hlhfn-3535364396, networkLocation: /default-rack, certSerialId: null}, Type:RATIS, Factor:THREE, State:CLOSED] from datanode bee99600-be87-4e2f-bca1-493826cfa9f4{ip: 192.168.34.56, host: pr-hdds-2111-hlhfn-3535364396, networkLocation: /default-rack, certSerialId: null}. Reason : bee99600-be87-4e2f-bca1-493826cfa9f4 has not seen follower/s 6b668dd7-26f3-4a2a-98d6-977366dc8866 for 152379ms e23021be-5025-43ec-901b-8f315bf6442a for 152379ms
2019-09-16 18:45:50,696 [EventQueue-PipelineActionsForPipelineActionHandler] INFO  pipeline.SCMPipelineManager (SCMPipelineManager.java:finalizeAndDestroyPipeline(311)) - destroying pipeline:Pipeline[ Id: 1d7dcb15-e5cd-44a0-a20f-38292dbbeb79, Nodes: e23021be-5025-43ec-901b-8f315bf6442a{ip: 192.168.34.56, host: pr-hdds-2111-hlhfn-3535364396, networkLocation: /default-rack, certSerialId: null}bee99600-be87-4e2f-bca1-493826cfa9f4{ip: 192.168.34.56, host: pr-hdds-2111-hlhfn-3535364396, networkLocation: /default-rack, certSerialId: null}6b668dd7-26f3-4a2a-98d6-977366dc8866{ip: 192.168.34.56, host: pr-hdds-2111-hlhfn-3535364396, networkLocation: /default-rack, certSerialId: null}, Type:RATIS, Factor:THREE, State:CLOSED]
2019-09-16 18:45:52,211 [org.apache.ratis.server.impl.LogAppender$AppenderDaemon$$Lambda$533/1653271690@5266ae8c] ERROR ratis.XceiverServerRatis (XceiverServerRatis.java:triggerPipelineClose(568)) - pipeline Action CLOSE  on pipeline PipelineID=1d7dcb15-e5cd-44a0-a20f-38292dbbeb79.Reason : bee99600-be87-4e2f-bca1-493826cfa9f4 has not seen follower/s 6b668dd7-26f3-4a2a-98d6-977366dc8866 for 154880ms e23021be-5025-43ec-901b-8f315bf6442a for 154880ms
2019-09-16 18:45:52,213 [org.apache.ratis.server.impl.LogAppender$AppenderDaemon$$Lambda$533/1653271690@4549eea] ERROR ratis.XceiverServerRatis (XceiverServerRatis.java:triggerPipelineClose(568)) - pipeline Action CLOSE  on pipeline PipelineID=1d7dcb15-e5cd-44a0-a20f-38292dbbeb79.Reason : bee99600-be87-4e2f-bca1-493826cfa9f4 has not seen follower/s 6b668dd7-26f3-4a2a-98d6-977366dc8866 for 154882ms e23021be-5025-43ec-901b-8f315bf6442a for 154882ms
2019-09-16 18:45:52,696 [EventQueue-PipelineActionsForPipelineActionHandler] ERROR pipeline.PipelineActionHandler (PipelineActionHandler.java:onMessage(60)) - Received pipeline action CLOSE for Pipeline[ Id: 1d7dcb15-e5cd-44a0-a20f-38292dbbeb79, Nodes: e23021be-5025-43ec-901b-8f315bf6442a{ip: 192.168.34.56, host: pr-hdds-2111-hlhfn-3535364396, networkLocation: /default-rack, certSerialId: null}bee99600-be87-4e2f-bca1-493826cfa9f4{ip: 192.168.34.56, host: pr-hdds-2111-hlhfn-3535364396, networkLocation: /default-rack, certSerialId: null}6b668dd7-26f3-4a2a-98d6-977366dc8866{ip: 192.168.34.56, host: pr-hdds-2111-hlhfn-3535364396, networkLocation: /default-rack, certSerialId: null}, Type:RATIS, Factor:THREE, State:CLOSED] from datanode bee99600-be87-4e2f-bca1-493826cfa9f4{ip: 192.168.34.56, host: pr-hdds-2111-hlhfn-3535364396, networkLocation: /default-rack, certSerialId: null}. Reason : bee99600-be87-4e2f-bca1-493826cfa9f4 has not seen follower/s 6b668dd7-26f3-4a2a-98d6-977366dc8866 for 154880ms e23021be-5025-43ec-901b-8f315bf6442a for 154880ms
2019-09-16 18:45:52,696 [EventQueue-PipelineActionsForPipelineActionHandler] INFO  pipeline.SCMPipelineManager (SCMPipelineManager.java:finalizeAndDestroyPipeline(311)) - destroying pipeline:Pipeline[ Id: 1d7dcb15-e5cd-44a0-a20f-38292dbbeb79, Nodes: e23021be-5025-43ec-901b-8f315bf6442a{ip: 192.168.34.56, host: pr-hdds-2111-hlhfn-3535364396, networkLocation: /default-rack, certSerialId: null}bee99600-be87-4e2f-bca1-493826cfa9f4{ip: 192.168.34.56, host: pr-hdds-2111-hlhfn-3535364396, networkLocation: /default-rack, certSerialId: null}6b668dd7-26f3-4a2a-98d6-977366dc8866{ip: 192.168.34.56, host: pr-hdds-2111-hlhfn-3535364396, networkLocation: /default-rack, certSerialId: null}, Type:RATIS, Factor:THREE, State:CLOSED]
2019-09-16 18:45:52,710 [java.util.concurrent.ThreadPoolExecutor$Worker@52a5b513[State = -1, empty queue]] WARN  server.GrpcLogAppender (GrpcLogAppender.java:timeoutAppendRequest(200)) - bee99600-be87-4e2f-bca1-493826cfa9f4@group-38292DBBEB79->e23021be-5025-43ec-901b-8f315bf6442a-GrpcLogAppender: appendEntries Timeout, request=bee99600-be87-4e2f-bca1-493826cfa9f4->e23021be-5025-43ec-901b-8f315bf6442a#73-t1, previous=(t:1, i:12), leaderCommit=6, initializing? false, entries: <empty>
2019-09-16 18:45:52,712 [java.util.concurrent.ThreadPoolExecutor$Worker@6e3cdbd2[State = -1, empty queue]] WARN  server.GrpcLogAppender (GrpcLogAppender.java:timeoutAppendRequest(200)) - bee99600-be87-4e2f-bca1-493826cfa9f4@group-38292DBBEB79->6b668dd7-26f3-4a2a-98d6-977366dc8866-GrpcLogAppender: appendEntries Timeout, request=bee99600-be87-4e2f-bca1-493826cfa9f4->6b668dd7-26f3-4a2a-98d6-977366dc8866#73-t1, previous=(t:1, i:12), leaderCommit=6, initializing? false, entries: <empty>
2019-09-16 18:45:54,168 [grpc-default-executor-1] INFO  client.GrpcClientProtocolClient (GrpcClientProtocolClient.java:onNext(264)) - client-1941BA254363->e23021be-5025-43ec-901b-8f315bf6442a: receive RaftClientReply:client-1941BA254363->e23021be-5025-43ec-901b-8f315bf6442a@group-38292DBBEB79, cid=16, FAILED org.apache.ratis.protocol.NotLeaderException: Server e23021be-5025-43ec-901b-8f315bf6442a@group-38292DBBEB79 is not the leader bee99600-be87-4e2f-bca1-493826cfa9f4:192.168.34.56:42923, logIndex=0, commits[e23021be-5025-43ec-901b-8f315bf6442a:c6, 6b668dd7-26f3-4a2a-98d6-977366dc8866:c4, bee99600-be87-4e2f-bca1-493826cfa9f4:c6]
2019-09-16 18:45:54,712 [org.apache.ratis.server.impl.LogAppender$AppenderDaemon$$Lambda$533/1653271690@5266ae8c] ERROR ratis.XceiverServerRatis (XceiverServerRatis.java:triggerPipelineClose(568)) - pipeline Action CLOSE  on pipeline PipelineID=1d7dcb15-e5cd-44a0-a20f-38292dbbeb79.Reason : bee99600-be87-4e2f-bca1-493826cfa9f4 has not seen follower/s 6b668dd7-26f3-4a2a-98d6-977366dc8866 for 157380ms e23021be-5025-43ec-901b-8f315bf6442a for 157381ms
2019-09-16 18:45:54,714 [org.apache.ratis.server.impl.LogAppender$AppenderDaemon$$Lambda$533/1653271690@4549eea] ERROR ratis.XceiverServerRatis (XceiverServerRatis.java:triggerPipelineClose(568)) - pipeline Action CLOSE  on pipeline PipelineID=1d7dcb15-e5cd-44a0-a20f-38292dbbeb79.Reason : bee99600-be87-4e2f-bca1-493826cfa9f4 has not seen follower/s 6b668dd7-26f3-4a2a-98d6-977366dc8866 for 157383ms e23021be-5025-43ec-901b-8f315bf6442a for 157383ms
2019-09-16 18:45:55,211 [java.util.concurrent.ThreadPoolExecutor$Worker@52a5b513[State = -1, empty queue]] WARN  server.GrpcLogAppender (GrpcLogAppender.java:timeoutAppendRequest(200)) - bee99600-be87-4e2f-bca1-493826cfa9f4@group-38292DBBEB79->e23021be-5025-43ec-901b-8f315bf6442a-GrpcLogAppender: appendEntries Timeout, request=bee99600-be87-4e2f-bca1-493826cfa9f4->e23021be-5025-43ec-901b-8f315bf6442a#74-t1, previous=(t:1, i:12), leaderCommit=6, initializing? false, entries: <empty>
2019-09-16 18:45:55,213 [java.util.concurrent.ThreadPoolExecutor$Worker@6e3cdbd2[State = -1, empty queue]] WARN  server.GrpcLogAppender (GrpcLogAppender.java:timeoutAppendRequest(200)) - bee99600-be87-4e2f-bca1-493826cfa9f4@group-38292DBBEB79->6b668dd7-26f3-4a2a-98d6-977366dc8866-GrpcLogAppender: appendEntries Timeout, request=bee99600-be87-4e2f-bca1-493826cfa9f4->6b668dd7-26f3-4a2a-98d6-977366dc8866#74-t1, previous=(t:1, i:12), leaderCommit=6, initializing? false, entries: <empty>
2019-09-16 18:45:55,695 [EventQueue-PipelineActionsForPipelineActionHandler] ERROR pipeline.PipelineActionHandler (PipelineActionHandler.java:onMessage(60)) - Received pipeline action CLOSE for Pipeline[ Id: 1d7dcb15-e5cd-44a0-a20f-38292dbbeb79, Nodes: e23021be-5025-43ec-901b-8f315bf6442a{ip: 192.168.34.56, host: pr-hdds-2111-hlhfn-3535364396, networkLocation: /default-rack, certSerialId: null}bee99600-be87-4e2f-bca1-493826cfa9f4{ip: 192.168.34.56, host: pr-hdds-2111-hlhfn-3535364396, networkLocation: /default-rack, certSerialId: null}6b668dd7-26f3-4a2a-98d6-977366dc8866{ip: 192.168.34.56, host: pr-hdds-2111-hlhfn-3535364396, networkLocation: /default-rack, certSerialId: null}, Type:RATIS, Factor:THREE, State:CLOSED] from datanode bee99600-be87-4e2f-bca1-493826cfa9f4{ip: 192.168.34.56, host: pr-hdds-2111-hlhfn-3535364396, networkLocation: /default-rack, certSerialId: null}. Reason : bee99600-be87-4e2f-bca1-493826cfa9f4 has not seen follower/s 6b668dd7-26f3-4a2a-98d6-977366dc8866 for 157380ms e23021be-5025-43ec-901b-8f315bf6442a for 157381ms
2019-09-16 18:45:55,696 [EventQueue-PipelineActionsForPipelineActionHandler] INFO  pipeline.SCMPipelineManager (SCMPipelineManager.java:finalizeAndDestroyPipeline(311)) - destroying pipeline:Pipeline[ Id: 1d7dcb15-e5cd-44a0-a20f-38292dbbeb79, Nodes: e23021be-5025-43ec-901b-8f315bf6442a{ip: 192.168.34.56, host: pr-hdds-2111-hlhfn-3535364396, networkLocation: /default-rack, certSerialId: null}bee99600-be87-4e2f-bca1-493826cfa9f4{ip: 192.168.34.56, host: pr-hdds-2111-hlhfn-3535364396, networkLocation: /default-rack, certSerialId: null}6b668dd7-26f3-4a2a-98d6-977366dc8866{ip: 192.168.34.56, host: pr-hdds-2111-hlhfn-3535364396, networkLocation: /default-rack, certSerialId: null}, Type:RATIS, Factor:THREE, State:CLOSED]
2019-09-16 18:45:57,212 [org.apache.ratis.server.impl.LogAppender$AppenderDaemon$$Lambda$533/1653271690@5266ae8c] ERROR ratis.XceiverServerRatis (XceiverServerRatis.java:triggerPipelineClose(568)) - pipeline Action CLOSE  on pipeline PipelineID=1d7dcb15-e5cd-44a0-a20f-38292dbbeb79.Reason : bee99600-be87-4e2f-bca1-493826cfa9f4 has not seen follower/s 6b668dd7-26f3-4a2a-98d6-977366dc8866 for 159881ms e23021be-5025-43ec-901b-8f315bf6442a for 159881ms
2019-09-16 18:45:57,214 [org.apache.ratis.server.impl.LogAppender$AppenderDaemon$$Lambda$533/1653271690@4549eea] ERROR ratis.XceiverServerRatis (XceiverServerRatis.java:triggerPipelineClose(568)) - pipeline Action CLOSE  on pipeline PipelineID=1d7dcb15-e5cd-44a0-a20f-38292dbbeb79.Reason : bee99600-be87-4e2f-bca1-493826cfa9f4 has not seen follower/s 6b668dd7-26f3-4a2a-98d6-977366dc8866 for 159883ms e23021be-5025-43ec-901b-8f315bf6442a for 159883ms
2019-09-16 18:45:57,588 [6b668dd7-26f3-4a2a-98d6-977366dc8866@group-38292DBBEB79-SegmentedRaftLogWorker] WARN  segmented.SegmentedRaftLogWorker (SegmentedRaftLogWorker.java:getFromFuture(90)) - Timeout 15/~
org.apache.ratis.protocol.TimeoutIOException: Timeout 10s: WriteLog:7: (t:1, i:7), STATEMACHINELOGENTRY, client-1941BA254363, cid=16-writeStateMachineData
	at org.apache.ratis.util.IOUtils.getFromFuture(IOUtils.java:87)
	at org.apache.ratis.server.raftlog.segmented.SegmentedRaftLogWorker$StateMachineDataPolicy.getFromFuture(SegmentedRaftLogWorker.java:87)
	at org.apache.ratis.server.raftlog.segmented.SegmentedRaftLogWorker$WriteLog.execute(SegmentedRaftLogWorker.java:477)
	at org.apache.ratis.server.raftlog.segmented.SegmentedRaftLogWorker.run(SegmentedRaftLogWorker.java:289)
	at java.lang.Thread.run(Thread.java:748)
Caused by: java.util.concurrent.TimeoutException
	at java.util.concurrent.CompletableFuture.timedGet(CompletableFuture.java:1771)
	at java.util.concurrent.CompletableFuture.get(CompletableFuture.java:1915)
	at org.apache.ratis.util.IOUtils.getFromFuture(IOUtils.java:79)
	... 4 more
2019-09-16 18:45:57,673 [e23021be-5025-43ec-901b-8f315bf6442a@group-38292DBBEB79-SegmentedRaftLogWorker] WARN  segmented.SegmentedRaftLogWorker (SegmentedRaftLogWorker.java:getFromFuture(90)) - Timeout 15/~
org.apache.ratis.protocol.TimeoutIOException: Timeout 10s: WriteLog:8: (t:1, i:8), STATEMACHINELOGENTRY, client-1941BA254363, cid=17-writeStateMachineData
	at org.apache.ratis.util.IOUtils.getFromFuture(IOUtils.java:87)
	at org.apache.ratis.server.raftlog.segmented.SegmentedRaftLogWorker$StateMachineDataPolicy.getFromFuture(SegmentedRaftLogWorker.java:87)
	at org.apache.ratis.server.raftlog.segmented.SegmentedRaftLogWorker$WriteLog.execute(SegmentedRaftLogWorker.java:477)
	at org.apache.ratis.server.raftlog.segmented.SegmentedRaftLogWorker.run(SegmentedRaftLogWorker.java:289)
	at java.lang.Thread.run(Thread.java:748)
Caused by: java.util.concurrent.TimeoutException
	at java.util.concurrent.CompletableFuture.timedGet(CompletableFuture.java:1771)
	at java.util.concurrent.CompletableFuture.get(CompletableFuture.java:1915)
	at org.apache.ratis.util.IOUtils.getFromFuture(IOUtils.java:79)
	... 4 more
2019-09-16 18:45:57,692 [bee99600-be87-4e2f-bca1-493826cfa9f4@group-38292DBBEB79-SegmentedRaftLogWorker] WARN  segmented.SegmentedRaftLogWorker (SegmentedRaftLogWorker.java:getFromFuture(90)) - Timeout 15/~
org.apache.ratis.protocol.TimeoutIOException: Timeout 10s: WriteLog:8: (t:1, i:8), STATEMACHINELOGENTRY, client-1941BA254363, cid=17-writeStateMachineData
	at org.apache.ratis.util.IOUtils.getFromFuture(IOUtils.java:87)
	at org.apache.ratis.server.raftlog.segmented.SegmentedRaftLogWorker$StateMachineDataPolicy.getFromFuture(SegmentedRaftLogWorker.java:87)
	at org.apache.ratis.server.raftlog.segmented.SegmentedRaftLogWorker$WriteLog.execute(SegmentedRaftLogWorker.java:477)
	at org.apache.ratis.server.raftlog.segmented.SegmentedRaftLogWorker.run(SegmentedRaftLogWorker.java:289)
	at java.lang.Thread.run(Thread.java:748)
Caused by: java.util.concurrent.TimeoutException
	at java.util.concurrent.CompletableFuture.timedGet(CompletableFuture.java:1771)
	at java.util.concurrent.CompletableFuture.get(CompletableFuture.java:1915)
	at org.apache.ratis.util.IOUtils.getFromFuture(IOUtils.java:79)
	... 4 more
2019-09-16 18:45:57,695 [EventQueue-PipelineActionsForPipelineActionHandler] ERROR pipeline.PipelineActionHandler (PipelineActionHandler.java:onMessage(60)) - Received pipeline action CLOSE for Pipeline[ Id: 1d7dcb15-e5cd-44a0-a20f-38292dbbeb79, Nodes: e23021be-5025-43ec-901b-8f315bf6442a{ip: 192.168.34.56, host: pr-hdds-2111-hlhfn-3535364396, networkLocation: /default-rack, certSerialId: null}bee99600-be87-4e2f-bca1-493826cfa9f4{ip: 192.168.34.56, host: pr-hdds-2111-hlhfn-3535364396, networkLocation: /default-rack, certSerialId: null}6b668dd7-26f3-4a2a-98d6-977366dc8866{ip: 192.168.34.56, host: pr-hdds-2111-hlhfn-3535364396, networkLocation: /default-rack, certSerialId: null}, Type:RATIS, Factor:THREE, State:CLOSED] from datanode bee99600-be87-4e2f-bca1-493826cfa9f4{ip: 192.168.34.56, host: pr-hdds-2111-hlhfn-3535364396, networkLocation: /default-rack, certSerialId: null}. Reason : bee99600-be87-4e2f-bca1-493826cfa9f4 has not seen follower/s 6b668dd7-26f3-4a2a-98d6-977366dc8866 for 159881ms e23021be-5025-43ec-901b-8f315bf6442a for 159881ms
2019-09-16 18:45:57,696 [EventQueue-PipelineActionsForPipelineActionHandler] INFO  pipeline.SCMPipelineManager (SCMPipelineManager.java:finalizeAndDestroyPipeline(311)) - destroying pipeline:Pipeline[ Id: 1d7dcb15-e5cd-44a0-a20f-38292dbbeb79, Nodes: e23021be-5025-43ec-901b-8f315bf6442a{ip: 192.168.34.56, host: pr-hdds-2111-hlhfn-3535364396, networkLocation: /default-rack, certSerialId: null}bee99600-be87-4e2f-bca1-493826cfa9f4{ip: 192.168.34.56, host: pr-hdds-2111-hlhfn-3535364396, networkLocation: /default-rack, certSerialId: null}6b668dd7-26f3-4a2a-98d6-977366dc8866{ip: 192.168.34.56, host: pr-hdds-2111-hlhfn-3535364396, networkLocation: /default-rack, certSerialId: null}, Type:RATIS, Factor:THREE, State:CLOSED]
2019-09-16 18:45:57,711 [java.util.concurrent.ThreadPoolExecutor$Worker@52a5b513[State = -1, empty queue]] WARN  server.GrpcLogAppender (GrpcLogAppender.java:timeoutAppendRequest(200)) - bee99600-be87-4e2f-bca1-493826cfa9f4@group-38292DBBEB79->e23021be-5025-43ec-901b-8f315bf6442a-GrpcLogAppender: appendEntries Timeout, request=bee99600-be87-4e2f-bca1-493826cfa9f4->e23021be-5025-43ec-901b-8f315bf6442a#75-t1, previous=(t:1, i:12), leaderCommit=6, initializing? false, entries: <empty>
2019-09-16 18:45:57,714 [java.util.concurrent.ThreadPoolExecutor$Worker@6e3cdbd2[State = -1, empty queue]] WARN  server.GrpcLogAppender (GrpcLogAppender.java:timeoutAppendRequest(200)) - bee99600-be87-4e2f-bca1-493826cfa9f4@group-38292DBBEB79->6b668dd7-26f3-4a2a-98d6-977366dc8866-GrpcLogAppender: appendEntries Timeout, request=bee99600-be87-4e2f-bca1-493826cfa9f4->6b668dd7-26f3-4a2a-98d6-977366dc8866#75-t1, previous=(t:1, i:12), leaderCommit=6, initializing? false, entries: <empty>
2019-09-16 18:45:59,211 [grpc-default-executor-4] INFO  client.GrpcClientProtocolClient (GrpcClientProtocolClient.java:onNext(264)) - client-1941BA254363->6b668dd7-26f3-4a2a-98d6-977366dc8866: receive RaftClientReply:client-1941BA254363->6b668dd7-26f3-4a2a-98d6-977366dc8866@group-38292DBBEB79, cid=16, FAILED org.apache.ratis.protocol.NotLeaderException: Server 6b668dd7-26f3-4a2a-98d6-977366dc8866@group-38292DBBEB79 is not the leader bee99600-be87-4e2f-bca1-493826cfa9f4:192.168.34.56:42923, logIndex=0, commits[6b668dd7-26f3-4a2a-98d6-977366dc8866:c6, e23021be-5025-43ec-901b-8f315bf6442a:c4, bee99600-be87-4e2f-bca1-493826cfa9f4:c6]
2019-09-16 18:45:59,713 [org.apache.ratis.server.impl.LogAppender$AppenderDaemon$$Lambda$533/1653271690@5266ae8c] ERROR ratis.XceiverServerRatis (XceiverServerRatis.java:triggerPipelineClose(568)) - pipeline Action CLOSE  on pipeline PipelineID=1d7dcb15-e5cd-44a0-a20f-38292dbbeb79.Reason : bee99600-be87-4e2f-bca1-493826cfa9f4 has not seen follower/s 6b668dd7-26f3-4a2a-98d6-977366dc8866 for 162382ms e23021be-5025-43ec-901b-8f315bf6442a for 162382ms
2019-09-16 18:45:59,715 [org.apache.ratis.server.impl.LogAppender$AppenderDaemon$$Lambda$533/1653271690@4549eea] ERROR ratis.XceiverServerRatis (XceiverServerRatis.java:triggerPipelineClose(568)) - pipeline Action CLOSE  on pipeline PipelineID=1d7dcb15-e5cd-44a0-a20f-38292dbbeb79.Reason : bee99600-be87-4e2f-bca1-493826cfa9f4 has not seen follower/s 6b668dd7-26f3-4a2a-98d6-977366dc8866 for 162384ms e23021be-5025-43ec-901b-8f315bf6442a for 162384ms
2019-09-16 18:46:00,212 [java.util.concurrent.ThreadPoolExecutor$Worker@52a5b513[State = -1, empty queue]] WARN  server.GrpcLogAppender (GrpcLogAppender.java:timeoutAppendRequest(200)) - bee99600-be87-4e2f-bca1-493826cfa9f4@group-38292DBBEB79->e23021be-5025-43ec-901b-8f315bf6442a-GrpcLogAppender: appendEntries Timeout, request=bee99600-be87-4e2f-bca1-493826cfa9f4->e23021be-5025-43ec-901b-8f315bf6442a#76-t1, previous=(t:1, i:12), leaderCommit=6, initializing? false, entries: <empty>
2019-09-16 18:46:00,214 [java.util.concurrent.ThreadPoolExecutor$Worker@6e3cdbd2[State = -1, empty queue]] WARN  server.GrpcLogAppender (GrpcLogAppender.java:timeoutAppendRequest(200)) - bee99600-be87-4e2f-bca1-493826cfa9f4@group-38292DBBEB79->6b668dd7-26f3-4a2a-98d6-977366dc8866-GrpcLogAppender: appendEntries Timeout, request=bee99600-be87-4e2f-bca1-493826cfa9f4->6b668dd7-26f3-4a2a-98d6-977366dc8866#76-t1, previous=(t:1, i:12), leaderCommit=6, initializing? false, entries: <empty>
2019-09-16 18:46:00,698 [EventQueue-PipelineActionsForPipelineActionHandler] ERROR pipeline.PipelineActionHandler (PipelineActionHandler.java:onMessage(60)) - Received pipeline action CLOSE for Pipeline[ Id: 1d7dcb15-e5cd-44a0-a20f-38292dbbeb79, Nodes: e23021be-5025-43ec-901b-8f315bf6442a{ip: 192.168.34.56, host: pr-hdds-2111-hlhfn-3535364396, networkLocation: /default-rack, certSerialId: null}bee99600-be87-4e2f-bca1-493826cfa9f4{ip: 192.168.34.56, host: pr-hdds-2111-hlhfn-3535364396, networkLocation: /default-rack, certSerialId: null}6b668dd7-26f3-4a2a-98d6-977366dc8866{ip: 192.168.34.56, host: pr-hdds-2111-hlhfn-3535364396, networkLocation: /default-rack, certSerialId: null}, Type:RATIS, Factor:THREE, State:CLOSED] from datanode bee99600-be87-4e2f-bca1-493826cfa9f4{ip: 192.168.34.56, host: pr-hdds-2111-hlhfn-3535364396, networkLocation: /default-rack, certSerialId: null}. Reason : bee99600-be87-4e2f-bca1-493826cfa9f4 has not seen follower/s 6b668dd7-26f3-4a2a-98d6-977366dc8866 for 162382ms e23021be-5025-43ec-901b-8f315bf6442a for 162382ms
2019-09-16 18:46:00,698 [EventQueue-PipelineActionsForPipelineActionHandler] INFO  pipeline.SCMPipelineManager (SCMPipelineManager.java:finalizeAndDestroyPipeline(311)) - destroying pipeline:Pipeline[ Id: 1d7dcb15-e5cd-44a0-a20f-38292dbbeb79, Nodes: e23021be-5025-43ec-901b-8f315bf6442a{ip: 192.168.34.56, host: pr-hdds-2111-hlhfn-3535364396, networkLocation: /default-rack, certSerialId: null}bee99600-be87-4e2f-bca1-493826cfa9f4{ip: 192.168.34.56, host: pr-hdds-2111-hlhfn-3535364396, networkLocation: /default-rack, certSerialId: null}6b668dd7-26f3-4a2a-98d6-977366dc8866{ip: 192.168.34.56, host: pr-hdds-2111-hlhfn-3535364396, networkLocation: /default-rack, certSerialId: null}, Type:RATIS, Factor:THREE, State:CLOSED]
2019-09-16 18:46:02,214 [org.apache.ratis.server.impl.LogAppender$AppenderDaemon$$Lambda$533/1653271690@5266ae8c] ERROR ratis.XceiverServerRatis (XceiverServerRatis.java:triggerPipelineClose(568)) - pipeline Action CLOSE  on pipeline PipelineID=1d7dcb15-e5cd-44a0-a20f-38292dbbeb79.Reason : bee99600-be87-4e2f-bca1-493826cfa9f4 has not seen follower/s 6b668dd7-26f3-4a2a-98d6-977366dc8866 for 164883ms e23021be-5025-43ec-901b-8f315bf6442a for 164883ms
2019-09-16 18:46:02,215 [org.apache.ratis.server.impl.LogAppender$AppenderDaemon$$Lambda$533/1653271690@4549eea] ERROR ratis.XceiverServerRatis (XceiverServerRatis.java:triggerPipelineClose(568)) - pipeline Action CLOSE  on pipeline PipelineID=1d7dcb15-e5cd-44a0-a20f-38292dbbeb79.Reason : bee99600-be87-4e2f-bca1-493826cfa9f4 has not seen follower/s 6b668dd7-26f3-4a2a-98d6-977366dc8866 for 164884ms e23021be-5025-43ec-901b-8f315bf6442a for 164884ms
2019-09-16 18:46:02,697 [EventQueue-PipelineActionsForPipelineActionHandler] ERROR pipeline.PipelineActionHandler (PipelineActionHandler.java:onMessage(60)) - Received pipeline action CLOSE for Pipeline[ Id: 1d7dcb15-e5cd-44a0-a20f-38292dbbeb79, Nodes: e23021be-5025-43ec-901b-8f315bf6442a{ip: 192.168.34.56, host: pr-hdds-2111-hlhfn-3535364396, networkLocation: /default-rack, certSerialId: null}bee99600-be87-4e2f-bca1-493826cfa9f4{ip: 192.168.34.56, host: pr-hdds-2111-hlhfn-3535364396, networkLocation: /default-rack, certSerialId: null}6b668dd7-26f3-4a2a-98d6-977366dc8866{ip: 192.168.34.56, host: pr-hdds-2111-hlhfn-3535364396, networkLocation: /default-rack, certSerialId: null}, Type:RATIS, Factor:THREE, State:CLOSED] from datanode bee99600-be87-4e2f-bca1-493826cfa9f4{ip: 192.168.34.56, host: pr-hdds-2111-hlhfn-3535364396, networkLocation: /default-rack, certSerialId: null}. Reason : bee99600-be87-4e2f-bca1-493826cfa9f4 has not seen follower/s 6b668dd7-26f3-4a2a-98d6-977366dc8866 for 164883ms e23021be-5025-43ec-901b-8f315bf6442a for 164883ms
2019-09-16 18:46:02,697 [EventQueue-PipelineActionsForPipelineActionHandler] INFO  pipeline.SCMPipelineManager (SCMPipelineManager.java:finalizeAndDestroyPipeline(311)) - destroying pipeline:Pipeline[ Id: 1d7dcb15-e5cd-44a0-a20f-38292dbbeb79, Nodes: e23021be-5025-43ec-901b-8f315bf6442a{ip: 192.168.34.56, host: pr-hdds-2111-hlhfn-3535364396, networkLocation: /default-rack, certSerialId: null}bee99600-be87-4e2f-bca1-493826cfa9f4{ip: 192.168.34.56, host: pr-hdds-2111-hlhfn-3535364396, networkLocation: /default-rack, certSerialId: null}6b668dd7-26f3-4a2a-98d6-977366dc8866{ip: 192.168.34.56, host: pr-hdds-2111-hlhfn-3535364396, networkLocation: /default-rack, certSerialId: null}, Type:RATIS, Factor:THREE, State:CLOSED]
2019-09-16 18:46:02,713 [java.util.concurrent.ThreadPoolExecutor$Worker@52a5b513[State = -1, empty queue]] WARN  server.GrpcLogAppender (GrpcLogAppender.java:timeoutAppendRequest(200)) - bee99600-be87-4e2f-bca1-493826cfa9f4@group-38292DBBEB79->e23021be-5025-43ec-901b-8f315bf6442a-GrpcLogAppender: appendEntries Timeout, request=bee99600-be87-4e2f-bca1-493826cfa9f4->e23021be-5025-43ec-901b-8f315bf6442a#77-t1, previous=(t:1, i:12), leaderCommit=6, initializing? false, entries: <empty>
2019-09-16 18:46:02,715 [java.util.concurrent.ThreadPoolExecutor$Worker@6e3cdbd2[State = -1, empty queue]] WARN  server.GrpcLogAppender (GrpcLogAppender.java:timeoutAppendRequest(200)) - bee99600-be87-4e2f-bca1-493826cfa9f4@group-38292DBBEB79->6b668dd7-26f3-4a2a-98d6-977366dc8866-GrpcLogAppender: appendEntries Timeout, request=bee99600-be87-4e2f-bca1-493826cfa9f4->6b668dd7-26f3-4a2a-98d6-977366dc8866#77-t1, previous=(t:1, i:12), leaderCommit=6, initializing? false, entries: <empty>
2019-09-16 18:46:04,256 [grpc-default-executor-1] INFO  client.GrpcClientProtocolClient (GrpcClientProtocolClient.java:onNext(264)) - client-1941BA254363->e23021be-5025-43ec-901b-8f315bf6442a: receive RaftClientReply:client-1941BA254363->e23021be-5025-43ec-901b-8f315bf6442a@group-38292DBBEB79, cid=16, FAILED org.apache.ratis.protocol.NotLeaderException: Server e23021be-5025-43ec-901b-8f315bf6442a@group-38292DBBEB79 is not the leader bee99600-be87-4e2f-bca1-493826cfa9f4:192.168.34.56:42923, logIndex=0, commits[e23021be-5025-43ec-901b-8f315bf6442a:c6, 6b668dd7-26f3-4a2a-98d6-977366dc8866:c4, bee99600-be87-4e2f-bca1-493826cfa9f4:c6]
2019-09-16 18:46:04,715 [org.apache.ratis.server.impl.LogAppender$AppenderDaemon$$Lambda$533/1653271690@5266ae8c] ERROR ratis.XceiverServerRatis (XceiverServerRatis.java:triggerPipelineClose(568)) - pipeline Action CLOSE  on pipeline PipelineID=1d7dcb15-e5cd-44a0-a20f-38292dbbeb79.Reason : bee99600-be87-4e2f-bca1-493826cfa9f4 has not seen follower/s 6b668dd7-26f3-4a2a-98d6-977366dc8866 for 167384ms e23021be-5025-43ec-901b-8f315bf6442a for 167384ms
2019-09-16 18:46:04,716 [org.apache.ratis.server.impl.LogAppender$AppenderDaemon$$Lambda$533/1653271690@4549eea] ERROR ratis.XceiverServerRatis (XceiverServerRatis.java:triggerPipelineClose(568)) - pipeline Action CLOSE  on pipeline PipelineID=1d7dcb15-e5cd-44a0-a20f-38292dbbeb79.Reason : bee99600-be87-4e2f-bca1-493826cfa9f4 has not seen follower/s 6b668dd7-26f3-4a2a-98d6-977366dc8866 for 167385ms e23021be-5025-43ec-901b-8f315bf6442a for 167385ms
2019-09-16 18:46:05,214 [java.util.concurrent.ThreadPoolExecutor$Worker@52a5b513[State = -1, empty queue]] WARN  server.GrpcLogAppender (GrpcLogAppender.java:timeoutAppendRequest(200)) - bee99600-be87-4e2f-bca1-493826cfa9f4@group-38292DBBEB79->e23021be-5025-43ec-901b-8f315bf6442a-GrpcLogAppender: appendEntries Timeout, request=bee99600-be87-4e2f-bca1-493826cfa9f4->e23021be-5025-43ec-901b-8f315bf6442a#78-t1, previous=(t:1, i:12), leaderCommit=6, initializing? false, entries: <empty>
2019-09-16 18:46:05,215 [java.util.concurrent.ThreadPoolExecutor$Worker@6e3cdbd2[State = -1, empty queue]] WARN  server.GrpcLogAppender (GrpcLogAppender.java:timeoutAppendRequest(200)) - bee99600-be87-4e2f-bca1-493826cfa9f4@group-38292DBBEB79->6b668dd7-26f3-4a2a-98d6-977366dc8866-GrpcLogAppender: appendEntries Timeout, request=bee99600-be87-4e2f-bca1-493826cfa9f4->6b668dd7-26f3-4a2a-98d6-977366dc8866#78-t1, previous=(t:1, i:12), leaderCommit=6, initializing? false, entries: <empty>
2019-09-16 18:46:05,696 [EventQueue-PipelineActionsForPipelineActionHandler] ERROR pipeline.PipelineActionHandler (PipelineActionHandler.java:onMessage(60)) - Received pipeline action CLOSE for Pipeline[ Id: 1d7dcb15-e5cd-44a0-a20f-38292dbbeb79, Nodes: e23021be-5025-43ec-901b-8f315bf6442a{ip: 192.168.34.56, host: pr-hdds-2111-hlhfn-3535364396, networkLocation: /default-rack, certSerialId: null}bee99600-be87-4e2f-bca1-493826cfa9f4{ip: 192.168.34.56, host: pr-hdds-2111-hlhfn-3535364396, networkLocation: /default-rack, certSerialId: null}6b668dd7-26f3-4a2a-98d6-977366dc8866{ip: 192.168.34.56, host: pr-hdds-2111-hlhfn-3535364396, networkLocation: /default-rack, certSerialId: null}, Type:RATIS, Factor:THREE, State:CLOSED] from datanode bee99600-be87-4e2f-bca1-493826cfa9f4{ip: 192.168.34.56, host: pr-hdds-2111-hlhfn-3535364396, networkLocation: /default-rack, certSerialId: null}. Reason : bee99600-be87-4e2f-bca1-493826cfa9f4 has not seen follower/s 6b668dd7-26f3-4a2a-98d6-977366dc8866 for 167384ms e23021be-5025-43ec-901b-8f315bf6442a for 167384ms
2019-09-16 18:46:05,697 [EventQueue-PipelineActionsForPipelineActionHandler] INFO  pipeline.SCMPipelineManager (SCMPipelineManager.java:finalizeAndDestroyPipeline(311)) - destroying pipeline:Pipeline[ Id: 1d7dcb15-e5cd-44a0-a20f-38292dbbeb79, Nodes: e23021be-5025-43ec-901b-8f315bf6442a{ip: 192.168.34.56, host: pr-hdds-2111-hlhfn-3535364396, networkLocation: /default-rack, certSerialId: null}bee99600-be87-4e2f-bca1-493826cfa9f4{ip: 192.168.34.56, host: pr-hdds-2111-hlhfn-3535364396, networkLocation: /default-rack, certSerialId: null}6b668dd7-26f3-4a2a-98d6-977366dc8866{ip: 192.168.34.56, host: pr-hdds-2111-hlhfn-3535364396, networkLocation: /default-rack, certSerialId: null}, Type:RATIS, Factor:THREE, State:CLOSED]
2019-09-16 18:46:07,216 [org.apache.ratis.server.impl.LogAppender$AppenderDaemon$$Lambda$533/1653271690@5266ae8c] ERROR ratis.XceiverServerRatis (XceiverServerRatis.java:triggerPipelineClose(568)) - pipeline Action CLOSE  on pipeline PipelineID=1d7dcb15-e5cd-44a0-a20f-38292dbbeb79.Reason : bee99600-be87-4e2f-bca1-493826cfa9f4 has not seen follower/s 6b668dd7-26f3-4a2a-98d6-977366dc8866 for 169885ms e23021be-5025-43ec-901b-8f315bf6442a for 169885ms
2019-09-16 18:46:07,217 [org.apache.ratis.server.impl.LogAppender$AppenderDaemon$$Lambda$533/1653271690@4549eea] ERROR ratis.XceiverServerRatis (XceiverServerRatis.java:triggerPipelineClose(568)) - pipeline Action CLOSE  on pipeline PipelineID=1d7dcb15-e5cd-44a0-a20f-38292dbbeb79.Reason : bee99600-be87-4e2f-bca1-493826cfa9f4 has not seen follower/s 6b668dd7-26f3-4a2a-98d6-977366dc8866 for 169886ms e23021be-5025-43ec-901b-8f315bf6442a for 169886ms
2019-09-16 18:46:07,589 [6b668dd7-26f3-4a2a-98d6-977366dc8866@group-38292DBBEB79-SegmentedRaftLogWorker] WARN  segmented.SegmentedRaftLogWorker (SegmentedRaftLogWorker.java:getFromFuture(90)) - Timeout 16/~
org.apache.ratis.protocol.TimeoutIOException: Timeout 10s: WriteLog:7: (t:1, i:7), STATEMACHINELOGENTRY, client-1941BA254363, cid=16-writeStateMachineData
	at org.apache.ratis.util.IOUtils.getFromFuture(IOUtils.java:87)
	at org.apache.ratis.server.raftlog.segmented.SegmentedRaftLogWorker$StateMachineDataPolicy.getFromFuture(SegmentedRaftLogWorker.java:87)
	at org.apache.ratis.server.raftlog.segmented.SegmentedRaftLogWorker$WriteLog.execute(SegmentedRaftLogWorker.java:477)
	at org.apache.ratis.server.raftlog.segmented.SegmentedRaftLogWorker.run(SegmentedRaftLogWorker.java:289)
	at java.lang.Thread.run(Thread.java:748)
Caused by: java.util.concurrent.TimeoutException
	at java.util.concurrent.CompletableFuture.timedGet(CompletableFuture.java:1771)
	at java.util.concurrent.CompletableFuture.get(CompletableFuture.java:1915)
	at org.apache.ratis.util.IOUtils.getFromFuture(IOUtils.java:79)
	... 4 more
2019-09-16 18:46:07,692 [e23021be-5025-43ec-901b-8f315bf6442a@group-38292DBBEB79-SegmentedRaftLogWorker] WARN  segmented.SegmentedRaftLogWorker (SegmentedRaftLogWorker.java:getFromFuture(90)) - Timeout 16/~
org.apache.ratis.protocol.TimeoutIOException: Timeout 10s: WriteLog:8: (t:1, i:8), STATEMACHINELOGENTRY, client-1941BA254363, cid=17-writeStateMachineData
	at org.apache.ratis.util.IOUtils.getFromFuture(IOUtils.java:87)
	at org.apache.ratis.server.raftlog.segmented.SegmentedRaftLogWorker$StateMachineDataPolicy.getFromFuture(SegmentedRaftLogWorker.java:87)
	at org.apache.ratis.server.raftlog.segmented.SegmentedRaftLogWorker$WriteLog.execute(SegmentedRaftLogWorker.java:477)
	at org.apache.ratis.server.raftlog.segmented.SegmentedRaftLogWorker.run(SegmentedRaftLogWorker.java:289)
	at java.lang.Thread.run(Thread.java:748)
Caused by: java.util.concurrent.TimeoutException
	at java.util.concurrent.CompletableFuture.timedGet(CompletableFuture.java:1771)
	at java.util.concurrent.CompletableFuture.get(CompletableFuture.java:1915)
	at org.apache.ratis.util.IOUtils.getFromFuture(IOUtils.java:79)
	... 4 more
2019-09-16 18:46:07,693 [bee99600-be87-4e2f-bca1-493826cfa9f4@group-38292DBBEB79-SegmentedRaftLogWorker] WARN  segmented.SegmentedRaftLogWorker (SegmentedRaftLogWorker.java:getFromFuture(90)) - Timeout 16/~
org.apache.ratis.protocol.TimeoutIOException: Timeout 10s: WriteLog:8: (t:1, i:8), STATEMACHINELOGENTRY, client-1941BA254363, cid=17-writeStateMachineData
	at org.apache.ratis.util.IOUtils.getFromFuture(IOUtils.java:87)
	at org.apache.ratis.server.raftlog.segmented.SegmentedRaftLogWorker$StateMachineDataPolicy.getFromFuture(SegmentedRaftLogWorker.java:87)
	at org.apache.ratis.server.raftlog.segmented.SegmentedRaftLogWorker$WriteLog.execute(SegmentedRaftLogWorker.java:477)
	at org.apache.ratis.server.raftlog.segmented.SegmentedRaftLogWorker.run(SegmentedRaftLogWorker.java:289)
	at java.lang.Thread.run(Thread.java:748)
Caused by: java.util.concurrent.TimeoutException
	at java.util.concurrent.CompletableFuture.timedGet(CompletableFuture.java:1771)
	at java.util.concurrent.CompletableFuture.get(CompletableFuture.java:1915)
	at org.apache.ratis.util.IOUtils.getFromFuture(IOUtils.java:79)
	... 4 more
2019-09-16 18:46:07,697 [EventQueue-PipelineActionsForPipelineActionHandler] ERROR pipeline.PipelineActionHandler (PipelineActionHandler.java:onMessage(60)) - Received pipeline action CLOSE for Pipeline[ Id: 1d7dcb15-e5cd-44a0-a20f-38292dbbeb79, Nodes: e23021be-5025-43ec-901b-8f315bf6442a{ip: 192.168.34.56, host: pr-hdds-2111-hlhfn-3535364396, networkLocation: /default-rack, certSerialId: null}bee99600-be87-4e2f-bca1-493826cfa9f4{ip: 192.168.34.56, host: pr-hdds-2111-hlhfn-3535364396, networkLocation: /default-rack, certSerialId: null}6b668dd7-26f3-4a2a-98d6-977366dc8866{ip: 192.168.34.56, host: pr-hdds-2111-hlhfn-3535364396, networkLocation: /default-rack, certSerialId: null}, Type:RATIS, Factor:THREE, State:CLOSED] from datanode bee99600-be87-4e2f-bca1-493826cfa9f4{ip: 192.168.34.56, host: pr-hdds-2111-hlhfn-3535364396, networkLocation: /default-rack, certSerialId: null}. Reason : bee99600-be87-4e2f-bca1-493826cfa9f4 has not seen follower/s 6b668dd7-26f3-4a2a-98d6-977366dc8866 for 169885ms e23021be-5025-43ec-901b-8f315bf6442a for 169885ms
2019-09-16 18:46:07,697 [EventQueue-PipelineActionsForPipelineActionHandler] INFO  pipeline.SCMPipelineManager (SCMPipelineManager.java:finalizeAndDestroyPipeline(311)) - destroying pipeline:Pipeline[ Id: 1d7dcb15-e5cd-44a0-a20f-38292dbbeb79, Nodes: e23021be-5025-43ec-901b-8f315bf6442a{ip: 192.168.34.56, host: pr-hdds-2111-hlhfn-3535364396, networkLocation: /default-rack, certSerialId: null}bee99600-be87-4e2f-bca1-493826cfa9f4{ip: 192.168.34.56, host: pr-hdds-2111-hlhfn-3535364396, networkLocation: /default-rack, certSerialId: null}6b668dd7-26f3-4a2a-98d6-977366dc8866{ip: 192.168.34.56, host: pr-hdds-2111-hlhfn-3535364396, networkLocation: /default-rack, certSerialId: null}, Type:RATIS, Factor:THREE, State:CLOSED]
2019-09-16 18:46:07,715 [java.util.concurrent.ThreadPoolExecutor$Worker@52a5b513[State = -1, empty queue]] WARN  server.GrpcLogAppender (GrpcLogAppender.java:timeoutAppendRequest(200)) - bee99600-be87-4e2f-bca1-493826cfa9f4@group-38292DBBEB79->e23021be-5025-43ec-901b-8f315bf6442a-GrpcLogAppender: appendEntries Timeout, request=bee99600-be87-4e2f-bca1-493826cfa9f4->e23021be-5025-43ec-901b-8f315bf6442a#79-t1, previous=(t:1, i:12), leaderCommit=6, initializing? false, entries: <empty>
2019-09-16 18:46:07,716 [java.util.concurrent.ThreadPoolExecutor$Worker@6e3cdbd2[State = -1, empty queue]] WARN  server.GrpcLogAppender (GrpcLogAppender.java:timeoutAppendRequest(200)) - bee99600-be87-4e2f-bca1-493826cfa9f4@group-38292DBBEB79->6b668dd7-26f3-4a2a-98d6-977366dc8866-GrpcLogAppender: appendEntries Timeout, request=bee99600-be87-4e2f-bca1-493826cfa9f4->6b668dd7-26f3-4a2a-98d6-977366dc8866#79-t1, previous=(t:1, i:12), leaderCommit=6, initializing? false, entries: <empty>
2019-09-16 18:46:09,302 [grpc-default-executor-1] INFO  client.GrpcClientProtocolClient (GrpcClientProtocolClient.java:onNext(264)) - client-1941BA254363->6b668dd7-26f3-4a2a-98d6-977366dc8866: receive RaftClientReply:client-1941BA254363->6b668dd7-26f3-4a2a-98d6-977366dc8866@group-38292DBBEB79, cid=16, FAILED org.apache.ratis.protocol.NotLeaderException: Server 6b668dd7-26f3-4a2a-98d6-977366dc8866@group-38292DBBEB79 is not the leader bee99600-be87-4e2f-bca1-493826cfa9f4:192.168.34.56:42923, logIndex=0, commits[6b668dd7-26f3-4a2a-98d6-977366dc8866:c6, e23021be-5025-43ec-901b-8f315bf6442a:c4, bee99600-be87-4e2f-bca1-493826cfa9f4:c6]
2019-09-16 18:46:09,717 [org.apache.ratis.server.impl.LogAppender$AppenderDaemon$$Lambda$533/1653271690@5266ae8c] ERROR ratis.XceiverServerRatis (XceiverServerRatis.java:triggerPipelineClose(568)) - pipeline Action CLOSE  on pipeline PipelineID=1d7dcb15-e5cd-44a0-a20f-38292dbbeb79.Reason : bee99600-be87-4e2f-bca1-493826cfa9f4 has not seen follower/s 6b668dd7-26f3-4a2a-98d6-977366dc8866 for 172386ms e23021be-5025-43ec-901b-8f315bf6442a for 172386ms
2019-09-16 18:46:09,717 [org.apache.ratis.server.impl.LogAppender$AppenderDaemon$$Lambda$533/1653271690@4549eea] ERROR ratis.XceiverServerRatis (XceiverServerRatis.java:triggerPipelineClose(568)) - pipeline Action CLOSE  on pipeline PipelineID=1d7dcb15-e5cd-44a0-a20f-38292dbbeb79.Reason : bee99600-be87-4e2f-bca1-493826cfa9f4 has not seen follower/s 6b668dd7-26f3-4a2a-98d6-977366dc8866 for 172386ms e23021be-5025-43ec-901b-8f315bf6442a for 172386ms
2019-09-16 18:46:10,216 [java.util.concurrent.ThreadPoolExecutor$Worker@52a5b513[State = -1, empty queue]] WARN  server.GrpcLogAppender (GrpcLogAppender.java:timeoutAppendRequest(200)) - bee99600-be87-4e2f-bca1-493826cfa9f4@group-38292DBBEB79->e23021be-5025-43ec-901b-8f315bf6442a-GrpcLogAppender: appendEntries Timeout, request=bee99600-be87-4e2f-bca1-493826cfa9f4->e23021be-5025-43ec-901b-8f315bf6442a#80-t1, previous=(t:1, i:12), leaderCommit=6, initializing? false, entries: <empty>
2019-09-16 18:46:10,217 [java.util.concurrent.ThreadPoolExecutor$Worker@6e3cdbd2[State = -1, empty queue]] WARN  server.GrpcLogAppender (GrpcLogAppender.java:timeoutAppendRequest(200)) - bee99600-be87-4e2f-bca1-493826cfa9f4@group-38292DBBEB79->6b668dd7-26f3-4a2a-98d6-977366dc8866-GrpcLogAppender: appendEntries Timeout, request=bee99600-be87-4e2f-bca1-493826cfa9f4->6b668dd7-26f3-4a2a-98d6-977366dc8866#80-t1, previous=(t:1, i:12), leaderCommit=6, initializing? false, entries: <empty>
2019-09-16 18:46:10,696 [EventQueue-PipelineActionsForPipelineActionHandler] ERROR pipeline.PipelineActionHandler (PipelineActionHandler.java:onMessage(60)) - Received pipeline action CLOSE for Pipeline[ Id: 1d7dcb15-e5cd-44a0-a20f-38292dbbeb79, Nodes: e23021be-5025-43ec-901b-8f315bf6442a{ip: 192.168.34.56, host: pr-hdds-2111-hlhfn-3535364396, networkLocation: /default-rack, certSerialId: null}bee99600-be87-4e2f-bca1-493826cfa9f4{ip: 192.168.34.56, host: pr-hdds-2111-hlhfn-3535364396, networkLocation: /default-rack, certSerialId: null}6b668dd7-26f3-4a2a-98d6-977366dc8866{ip: 192.168.34.56, host: pr-hdds-2111-hlhfn-3535364396, networkLocation: /default-rack, certSerialId: null}, Type:RATIS, Factor:THREE, State:CLOSED] from datanode bee99600-be87-4e2f-bca1-493826cfa9f4{ip: 192.168.34.56, host: pr-hdds-2111-hlhfn-3535364396, networkLocation: /default-rack, certSerialId: null}. Reason : bee99600-be87-4e2f-bca1-493826cfa9f4 has not seen follower/s 6b668dd7-26f3-4a2a-98d6-977366dc8866 for 172386ms e23021be-5025-43ec-901b-8f315bf6442a for 172386ms
2019-09-16 18:46:10,696 [EventQueue-PipelineActionsForPipelineActionHandler] INFO  pipeline.SCMPipelineManager (SCMPipelineManager.java:finalizeAndDestroyPipeline(311)) - destroying pipeline:Pipeline[ Id: 1d7dcb15-e5cd-44a0-a20f-38292dbbeb79, Nodes: e23021be-5025-43ec-901b-8f315bf6442a{ip: 192.168.34.56, host: pr-hdds-2111-hlhfn-3535364396, networkLocation: /default-rack, certSerialId: null}bee99600-be87-4e2f-bca1-493826cfa9f4{ip: 192.168.34.56, host: pr-hdds-2111-hlhfn-3535364396, networkLocation: /default-rack, certSerialId: null}6b668dd7-26f3-4a2a-98d6-977366dc8866{ip: 192.168.34.56, host: pr-hdds-2111-hlhfn-3535364396, networkLocation: /default-rack, certSerialId: null}, Type:RATIS, Factor:THREE, State:CLOSED]
2019-09-16 18:46:12,218 [org.apache.ratis.server.impl.LogAppender$AppenderDaemon$$Lambda$533/1653271690@5266ae8c] ERROR ratis.XceiverServerRatis (XceiverServerRatis.java:triggerPipelineClose(568)) - pipeline Action CLOSE  on pipeline PipelineID=1d7dcb15-e5cd-44a0-a20f-38292dbbeb79.Reason : bee99600-be87-4e2f-bca1-493826cfa9f4 has not seen follower/s 6b668dd7-26f3-4a2a-98d6-977366dc8866 for 174887ms e23021be-5025-43ec-901b-8f315bf6442a for 174887ms
2019-09-16 18:46:12,218 [org.apache.ratis.server.impl.LogAppender$AppenderDaemon$$Lambda$533/1653271690@4549eea] ERROR ratis.XceiverServerRatis (XceiverServerRatis.java:triggerPipelineClose(568)) - pipeline Action CLOSE  on pipeline PipelineID=1d7dcb15-e5cd-44a0-a20f-38292dbbeb79.Reason : bee99600-be87-4e2f-bca1-493826cfa9f4 has not seen follower/s 6b668dd7-26f3-4a2a-98d6-977366dc8866 for 174887ms e23021be-5025-43ec-901b-8f315bf6442a for 174887ms
2019-09-16 18:46:12,697 [EventQueue-PipelineActionsForPipelineActionHandler] ERROR pipeline.PipelineActionHandler (PipelineActionHandler.java:onMessage(60)) - Received pipeline action CLOSE for Pipeline[ Id: 1d7dcb15-e5cd-44a0-a20f-38292dbbeb79, Nodes: e23021be-5025-43ec-901b-8f315bf6442a{ip: 192.168.34.56, host: pr-hdds-2111-hlhfn-3535364396, networkLocation: /default-rack, certSerialId: null}bee99600-be87-4e2f-bca1-493826cfa9f4{ip: 192.168.34.56, host: pr-hdds-2111-hlhfn-3535364396, networkLocation: /default-rack, certSerialId: null}6b668dd7-26f3-4a2a-98d6-977366dc8866{ip: 192.168.34.56, host: pr-hdds-2111-hlhfn-3535364396, networkLocation: /default-rack, certSerialId: null}, Type:RATIS, Factor:THREE, State:CLOSED] from datanode bee99600-be87-4e2f-bca1-493826cfa9f4{ip: 192.168.34.56, host: pr-hdds-2111-hlhfn-3535364396, networkLocation: /default-rack, certSerialId: null}. Reason : bee99600-be87-4e2f-bca1-493826cfa9f4 has not seen follower/s 6b668dd7-26f3-4a2a-98d6-977366dc8866 for 174887ms e23021be-5025-43ec-901b-8f315bf6442a for 174887ms
2019-09-16 18:46:12,697 [EventQueue-PipelineActionsForPipelineActionHandler] INFO  pipeline.SCMPipelineManager (SCMPipelineManager.java:finalizeAndDestroyPipeline(311)) - destroying pipeline:Pipeline[ Id: 1d7dcb15-e5cd-44a0-a20f-38292dbbeb79, Nodes: e23021be-5025-43ec-901b-8f315bf6442a{ip: 192.168.34.56, host: pr-hdds-2111-hlhfn-3535364396, networkLocation: /default-rack, certSerialId: null}bee99600-be87-4e2f-bca1-493826cfa9f4{ip: 192.168.34.56, host: pr-hdds-2111-hlhfn-3535364396, networkLocation: /default-rack, certSerialId: null}6b668dd7-26f3-4a2a-98d6-977366dc8866{ip: 192.168.34.56, host: pr-hdds-2111-hlhfn-3535364396, networkLocation: /default-rack, certSerialId: null}, Type:RATIS, Factor:THREE, State:CLOSED]
2019-09-16 18:46:12,717 [java.util.concurrent.ThreadPoolExecutor$Worker@52a5b513[State = -1, empty queue]] WARN  server.GrpcLogAppender (GrpcLogAppender.java:timeoutAppendRequest(200)) - bee99600-be87-4e2f-bca1-493826cfa9f4@group-38292DBBEB79->e23021be-5025-43ec-901b-8f315bf6442a-GrpcLogAppender: appendEntries Timeout, request=bee99600-be87-4e2f-bca1-493826cfa9f4->e23021be-5025-43ec-901b-8f315bf6442a#81-t1, previous=(t:1, i:12), leaderCommit=6, initializing? false, entries: <empty>
2019-09-16 18:46:12,717 [java.util.concurrent.ThreadPoolExecutor$Worker@6e3cdbd2[State = -1, empty queue]] WARN  server.GrpcLogAppender (GrpcLogAppender.java:timeoutAppendRequest(200)) - bee99600-be87-4e2f-bca1-493826cfa9f4@group-38292DBBEB79->6b668dd7-26f3-4a2a-98d6-977366dc8866-GrpcLogAppender: appendEntries Timeout, request=bee99600-be87-4e2f-bca1-493826cfa9f4->6b668dd7-26f3-4a2a-98d6-977366dc8866#81-t1, previous=(t:1, i:12), leaderCommit=6, initializing? false, entries: <empty>
2019-09-16 18:46:14,366 [grpc-default-executor-4] INFO  client.GrpcClientProtocolClient (GrpcClientProtocolClient.java:onNext(264)) - client-1941BA254363->e23021be-5025-43ec-901b-8f315bf6442a: receive RaftClientReply:client-1941BA254363->e23021be-5025-43ec-901b-8f315bf6442a@group-38292DBBEB79, cid=16, FAILED org.apache.ratis.protocol.NotLeaderException: Server e23021be-5025-43ec-901b-8f315bf6442a@group-38292DBBEB79 is not the leader bee99600-be87-4e2f-bca1-493826cfa9f4:192.168.34.56:42923, logIndex=0, commits[e23021be-5025-43ec-901b-8f315bf6442a:c6, 6b668dd7-26f3-4a2a-98d6-977366dc8866:c4, bee99600-be87-4e2f-bca1-493826cfa9f4:c6]
2019-09-16 18:46:14,719 [org.apache.ratis.server.impl.LogAppender$AppenderDaemon$$Lambda$533/1653271690@5266ae8c] ERROR ratis.XceiverServerRatis (XceiverServerRatis.java:triggerPipelineClose(568)) - pipeline Action CLOSE  on pipeline PipelineID=1d7dcb15-e5cd-44a0-a20f-38292dbbeb79.Reason : bee99600-be87-4e2f-bca1-493826cfa9f4 has not seen follower/s 6b668dd7-26f3-4a2a-98d6-977366dc8866 for 177387ms e23021be-5025-43ec-901b-8f315bf6442a for 177387ms
2019-09-16 18:46:14,719 [org.apache.ratis.server.impl.LogAppender$AppenderDaemon$$Lambda$533/1653271690@4549eea] ERROR ratis.XceiverServerRatis (XceiverServerRatis.java:triggerPipelineClose(568)) - pipeline Action CLOSE  on pipeline PipelineID=1d7dcb15-e5cd-44a0-a20f-38292dbbeb79.Reason : bee99600-be87-4e2f-bca1-493826cfa9f4 has not seen follower/s 6b668dd7-26f3-4a2a-98d6-977366dc8866 for 177388ms e23021be-5025-43ec-901b-8f315bf6442a for 177388ms
2019-09-16 18:46:15,218 [java.util.concurrent.ThreadPoolExecutor$Worker@52a5b513[State = -1, empty queue]] WARN  server.GrpcLogAppender (GrpcLogAppender.java:timeoutAppendRequest(200)) - bee99600-be87-4e2f-bca1-493826cfa9f4@group-38292DBBEB79->e23021be-5025-43ec-901b-8f315bf6442a-GrpcLogAppender: appendEntries Timeout, request=bee99600-be87-4e2f-bca1-493826cfa9f4->e23021be-5025-43ec-901b-8f315bf6442a#82-t1, previous=(t:1, i:12), leaderCommit=6, initializing? false, entries: <empty>
2019-09-16 18:46:15,218 [java.util.concurrent.ThreadPoolExecutor$Worker@6e3cdbd2[State = -1, empty queue]] WARN  server.GrpcLogAppender (GrpcLogAppender.java:timeoutAppendRequest(200)) - bee99600-be87-4e2f-bca1-493826cfa9f4@group-38292DBBEB79->6b668dd7-26f3-4a2a-98d6-977366dc8866-GrpcLogAppender: appendEntries Timeout, request=bee99600-be87-4e2f-bca1-493826cfa9f4->6b668dd7-26f3-4a2a-98d6-977366dc8866#82-t1, previous=(t:1, i:12), leaderCommit=6, initializing? false, entries: <empty>
2019-09-16 18:46:15,696 [EventQueue-PipelineActionsForPipelineActionHandler] ERROR pipeline.PipelineActionHandler (PipelineActionHandler.java:onMessage(60)) - Received pipeline action CLOSE for Pipeline[ Id: 1d7dcb15-e5cd-44a0-a20f-38292dbbeb79, Nodes: e23021be-5025-43ec-901b-8f315bf6442a{ip: 192.168.34.56, host: pr-hdds-2111-hlhfn-3535364396, networkLocation: /default-rack, certSerialId: null}bee99600-be87-4e2f-bca1-493826cfa9f4{ip: 192.168.34.56, host: pr-hdds-2111-hlhfn-3535364396, networkLocation: /default-rack, certSerialId: null}6b668dd7-26f3-4a2a-98d6-977366dc8866{ip: 192.168.34.56, host: pr-hdds-2111-hlhfn-3535364396, networkLocation: /default-rack, certSerialId: null}, Type:RATIS, Factor:THREE, State:CLOSED] from datanode bee99600-be87-4e2f-bca1-493826cfa9f4{ip: 192.168.34.56, host: pr-hdds-2111-hlhfn-3535364396, networkLocation: /default-rack, certSerialId: null}. Reason : bee99600-be87-4e2f-bca1-493826cfa9f4 has not seen follower/s 6b668dd7-26f3-4a2a-98d6-977366dc8866 for 177387ms e23021be-5025-43ec-901b-8f315bf6442a for 177387ms
2019-09-16 18:46:15,697 [EventQueue-PipelineActionsForPipelineActionHandler] INFO  pipeline.SCMPipelineManager (SCMPipelineManager.java:finalizeAndDestroyPipeline(311)) - destroying pipeline:Pipeline[ Id: 1d7dcb15-e5cd-44a0-a20f-38292dbbeb79, Nodes: e23021be-5025-43ec-901b-8f315bf6442a{ip: 192.168.34.56, host: pr-hdds-2111-hlhfn-3535364396, networkLocation: /default-rack, certSerialId: null}bee99600-be87-4e2f-bca1-493826cfa9f4{ip: 192.168.34.56, host: pr-hdds-2111-hlhfn-3535364396, networkLocation: /default-rack, certSerialId: null}6b668dd7-26f3-4a2a-98d6-977366dc8866{ip: 192.168.34.56, host: pr-hdds-2111-hlhfn-3535364396, networkLocation: /default-rack, certSerialId: null}, Type:RATIS, Factor:THREE, State:CLOSED]
2019-09-16 18:46:17,219 [org.apache.ratis.server.impl.LogAppender$AppenderDaemon$$Lambda$533/1653271690@5266ae8c] ERROR ratis.XceiverServerRatis (XceiverServerRatis.java:triggerPipelineClose(568)) - pipeline Action CLOSE  on pipeline PipelineID=1d7dcb15-e5cd-44a0-a20f-38292dbbeb79.Reason : bee99600-be87-4e2f-bca1-493826cfa9f4 has not seen follower/s 6b668dd7-26f3-4a2a-98d6-977366dc8866 for 179888ms e23021be-5025-43ec-901b-8f315bf6442a for 179888ms
2019-09-16 18:46:17,220 [org.apache.ratis.server.impl.LogAppender$AppenderDaemon$$Lambda$533/1653271690@4549eea] ERROR ratis.XceiverServerRatis (XceiverServerRatis.java:triggerPipelineClose(568)) - pipeline Action CLOSE  on pipeline PipelineID=1d7dcb15-e5cd-44a0-a20f-38292dbbeb79.Reason : bee99600-be87-4e2f-bca1-493826cfa9f4 has not seen follower/s 6b668dd7-26f3-4a2a-98d6-977366dc8866 for 179889ms e23021be-5025-43ec-901b-8f315bf6442a for 179889ms
2019-09-16 18:46:17,590 [6b668dd7-26f3-4a2a-98d6-977366dc8866@group-38292DBBEB79-SegmentedRaftLogWorker] WARN  segmented.SegmentedRaftLogWorker (SegmentedRaftLogWorker.java:getFromFuture(90)) - Timeout 17/~
org.apache.ratis.protocol.TimeoutIOException: Timeout 10s: WriteLog:7: (t:1, i:7), STATEMACHINELOGENTRY, client-1941BA254363, cid=16-writeStateMachineData
	at org.apache.ratis.util.IOUtils.getFromFuture(IOUtils.java:87)
	at org.apache.ratis.server.raftlog.segmented.SegmentedRaftLogWorker$StateMachineDataPolicy.getFromFuture(SegmentedRaftLogWorker.java:87)
	at org.apache.ratis.server.raftlog.segmented.SegmentedRaftLogWorker$WriteLog.execute(SegmentedRaftLogWorker.java:477)
	at org.apache.ratis.server.raftlog.segmented.SegmentedRaftLogWorker.run(SegmentedRaftLogWorker.java:289)
	at java.lang.Thread.run(Thread.java:748)
Caused by: java.util.concurrent.TimeoutException
	at java.util.concurrent.CompletableFuture.timedGet(CompletableFuture.java:1771)
	at java.util.concurrent.CompletableFuture.get(CompletableFuture.java:1915)
	at org.apache.ratis.util.IOUtils.getFromFuture(IOUtils.java:79)
	... 4 more
2019-09-16 18:46:17,693 [e23021be-5025-43ec-901b-8f315bf6442a@group-38292DBBEB79-SegmentedRaftLogWorker] WARN  segmented.SegmentedRaftLogWorker (SegmentedRaftLogWorker.java:getFromFuture(90)) - Timeout 17/~
org.apache.ratis.protocol.TimeoutIOException: Timeout 10s: WriteLog:8: (t:1, i:8), STATEMACHINELOGENTRY, client-1941BA254363, cid=17-writeStateMachineData
	at org.apache.ratis.util.IOUtils.getFromFuture(IOUtils.java:87)
	at org.apache.ratis.server.raftlog.segmented.SegmentedRaftLogWorker$StateMachineDataPolicy.getFromFuture(SegmentedRaftLogWorker.java:87)
	at org.apache.ratis.server.raftlog.segmented.SegmentedRaftLogWorker$WriteLog.execute(SegmentedRaftLogWorker.java:477)
	at org.apache.ratis.server.raftlog.segmented.SegmentedRaftLogWorker.run(SegmentedRaftLogWorker.java:289)
	at java.lang.Thread.run(Thread.java:748)
Caused by: java.util.concurrent.TimeoutException
	at java.util.concurrent.CompletableFuture.timedGet(CompletableFuture.java:1771)
	at java.util.concurrent.CompletableFuture.get(CompletableFuture.java:1915)
	at org.apache.ratis.util.IOUtils.getFromFuture(IOUtils.java:79)
	... 4 more
2019-09-16 18:46:17,693 [bee99600-be87-4e2f-bca1-493826cfa9f4@group-38292DBBEB79-SegmentedRaftLogWorker] WARN  segmented.SegmentedRaftLogWorker (SegmentedRaftLogWorker.java:getFromFuture(90)) - Timeout 17/~
org.apache.ratis.protocol.TimeoutIOException: Timeout 10s: WriteLog:8: (t:1, i:8), STATEMACHINELOGENTRY, client-1941BA254363, cid=17-writeStateMachineData
	at org.apache.ratis.util.IOUtils.getFromFuture(IOUtils.java:87)
	at org.apache.ratis.server.raftlog.segmented.SegmentedRaftLogWorker$StateMachineDataPolicy.getFromFuture(SegmentedRaftLogWorker.java:87)
	at org.apache.ratis.server.raftlog.segmented.SegmentedRaftLogWorker$WriteLog.execute(SegmentedRaftLogWorker.java:477)
	at org.apache.ratis.server.raftlog.segmented.SegmentedRaftLogWorker.run(SegmentedRaftLogWorker.java:289)
	at java.lang.Thread.run(Thread.java:748)
Caused by: java.util.concurrent.TimeoutException
	at java.util.concurrent.CompletableFuture.timedGet(CompletableFuture.java:1771)
	at java.util.concurrent.CompletableFuture.get(CompletableFuture.java:1915)
	at org.apache.ratis.util.IOUtils.getFromFuture(IOUtils.java:79)
	... 4 more
2019-09-16 18:46:17,697 [EventQueue-PipelineActionsForPipelineActionHandler] ERROR pipeline.PipelineActionHandler (PipelineActionHandler.java:onMessage(60)) - Received pipeline action CLOSE for Pipeline[ Id: 1d7dcb15-e5cd-44a0-a20f-38292dbbeb79, Nodes: e23021be-5025-43ec-901b-8f315bf6442a{ip: 192.168.34.56, host: pr-hdds-2111-hlhfn-3535364396, networkLocation: /default-rack, certSerialId: null}bee99600-be87-4e2f-bca1-493826cfa9f4{ip: 192.168.34.56, host: pr-hdds-2111-hlhfn-3535364396, networkLocation: /default-rack, certSerialId: null}6b668dd7-26f3-4a2a-98d6-977366dc8866{ip: 192.168.34.56, host: pr-hdds-2111-hlhfn-3535364396, networkLocation: /default-rack, certSerialId: null}, Type:RATIS, Factor:THREE, State:CLOSED] from datanode bee99600-be87-4e2f-bca1-493826cfa9f4{ip: 192.168.34.56, host: pr-hdds-2111-hlhfn-3535364396, networkLocation: /default-rack, certSerialId: null}. Reason : bee99600-be87-4e2f-bca1-493826cfa9f4 has not seen follower/s 6b668dd7-26f3-4a2a-98d6-977366dc8866 for 179888ms e23021be-5025-43ec-901b-8f315bf6442a for 179888ms
2019-09-16 18:46:17,697 [EventQueue-PipelineActionsForPipelineActionHandler] INFO  pipeline.SCMPipelineManager (SCMPipelineManager.java:finalizeAndDestroyPipeline(311)) - destroying pipeline:Pipeline[ Id: 1d7dcb15-e5cd-44a0-a20f-38292dbbeb79, Nodes: e23021be-5025-43ec-901b-8f315bf6442a{ip: 192.168.34.56, host: pr-hdds-2111-hlhfn-3535364396, networkLocation: /default-rack, certSerialId: null}bee99600-be87-4e2f-bca1-493826cfa9f4{ip: 192.168.34.56, host: pr-hdds-2111-hlhfn-3535364396, networkLocation: /default-rack, certSerialId: null}6b668dd7-26f3-4a2a-98d6-977366dc8866{ip: 192.168.34.56, host: pr-hdds-2111-hlhfn-3535364396, networkLocation: /default-rack, certSerialId: null}, Type:RATIS, Factor:THREE, State:CLOSED]
2019-09-16 18:46:17,718 [java.util.concurrent.ThreadPoolExecutor$Worker@52a5b513[State = -1, empty queue]] WARN  server.GrpcLogAppender (GrpcLogAppender.java:timeoutAppendRequest(200)) - bee99600-be87-4e2f-bca1-493826cfa9f4@group-38292DBBEB79->e23021be-5025-43ec-901b-8f315bf6442a-GrpcLogAppender: appendEntries Timeout, request=bee99600-be87-4e2f-bca1-493826cfa9f4->e23021be-5025-43ec-901b-8f315bf6442a#83-t1, previous=(t:1, i:12), leaderCommit=6, initializing? false, entries: <empty>
2019-09-16 18:46:17,719 [java.util.concurrent.ThreadPoolExecutor$Worker@6e3cdbd2[State = -1, empty queue]] WARN  server.GrpcLogAppender (GrpcLogAppender.java:timeoutAppendRequest(200)) - bee99600-be87-4e2f-bca1-493826cfa9f4@group-38292DBBEB79->6b668dd7-26f3-4a2a-98d6-977366dc8866-GrpcLogAppender: appendEntries Timeout, request=bee99600-be87-4e2f-bca1-493826cfa9f4->6b668dd7-26f3-4a2a-98d6-977366dc8866#83-t1, previous=(t:1, i:12), leaderCommit=6, initializing? false, entries: <empty>
2019-09-16 18:46:19,412 [grpc-default-executor-1] INFO  client.GrpcClientProtocolClient (GrpcClientProtocolClient.java:onNext(264)) - client-1941BA254363->e23021be-5025-43ec-901b-8f315bf6442a: receive RaftClientReply:client-1941BA254363->e23021be-5025-43ec-901b-8f315bf6442a@group-38292DBBEB79, cid=16, FAILED org.apache.ratis.protocol.NotLeaderException: Server e23021be-5025-43ec-901b-8f315bf6442a@group-38292DBBEB79 is not the leader bee99600-be87-4e2f-bca1-493826cfa9f4:192.168.34.56:42923, logIndex=0, commits[e23021be-5025-43ec-901b-8f315bf6442a:c6, 6b668dd7-26f3-4a2a-98d6-977366dc8866:c4, bee99600-be87-4e2f-bca1-493826cfa9f4:c6]
2019-09-16 18:46:19,721 [org.apache.ratis.server.impl.LogAppender$AppenderDaemon$$Lambda$533/1653271690@5266ae8c] ERROR ratis.XceiverServerRatis (XceiverServerRatis.java:triggerPipelineClose(568)) - pipeline Action CLOSE  on pipeline PipelineID=1d7dcb15-e5cd-44a0-a20f-38292dbbeb79.Reason : bee99600-be87-4e2f-bca1-493826cfa9f4 has not seen follower/s 6b668dd7-26f3-4a2a-98d6-977366dc8866 for 182389ms e23021be-5025-43ec-901b-8f315bf6442a for 182390ms
2019-09-16 18:46:19,721 [org.apache.ratis.server.impl.LogAppender$AppenderDaemon$$Lambda$533/1653271690@4549eea] ERROR ratis.XceiverServerRatis (XceiverServerRatis.java:triggerPipelineClose(568)) - pipeline Action CLOSE  on pipeline PipelineID=1d7dcb15-e5cd-44a0-a20f-38292dbbeb79.Reason : bee99600-be87-4e2f-bca1-493826cfa9f4 has not seen follower/s 6b668dd7-26f3-4a2a-98d6-977366dc8866 for 182390ms e23021be-5025-43ec-901b-8f315bf6442a for 182390ms
2019-09-16 18:46:20,219 [java.util.concurrent.ThreadPoolExecutor$Worker@52a5b513[State = -1, empty queue]] WARN  server.GrpcLogAppender (GrpcLogAppender.java:timeoutAppendRequest(200)) - bee99600-be87-4e2f-bca1-493826cfa9f4@group-38292DBBEB79->e23021be-5025-43ec-901b-8f315bf6442a-GrpcLogAppender: appendEntries Timeout, request=bee99600-be87-4e2f-bca1-493826cfa9f4->e23021be-5025-43ec-901b-8f315bf6442a#84-t1, previous=(t:1, i:12), leaderCommit=6, initializing? false, entries: <empty>
2019-09-16 18:46:20,220 [java.util.concurrent.ThreadPoolExecutor$Worker@6e3cdbd2[State = -1, empty queue]] WARN  server.GrpcLogAppender (GrpcLogAppender.java:timeoutAppendRequest(200)) - bee99600-be87-4e2f-bca1-493826cfa9f4@group-38292DBBEB79->6b668dd7-26f3-4a2a-98d6-977366dc8866-GrpcLogAppender: appendEntries Timeout, request=bee99600-be87-4e2f-bca1-493826cfa9f4->6b668dd7-26f3-4a2a-98d6-977366dc8866#84-t1, previous=(t:1, i:12), leaderCommit=6, initializing? false, entries: <empty>
2019-09-16 18:46:20,696 [EventQueue-PipelineActionsForPipelineActionHandler] ERROR pipeline.PipelineActionHandler (PipelineActionHandler.java:onMessage(60)) - Received pipeline action CLOSE for Pipeline[ Id: 1d7dcb15-e5cd-44a0-a20f-38292dbbeb79, Nodes: e23021be-5025-43ec-901b-8f315bf6442a{ip: 192.168.34.56, host: pr-hdds-2111-hlhfn-3535364396, networkLocation: /default-rack, certSerialId: null}bee99600-be87-4e2f-bca1-493826cfa9f4{ip: 192.168.34.56, host: pr-hdds-2111-hlhfn-3535364396, networkLocation: /default-rack, certSerialId: null}6b668dd7-26f3-4a2a-98d6-977366dc8866{ip: 192.168.34.56, host: pr-hdds-2111-hlhfn-3535364396, networkLocation: /default-rack, certSerialId: null}, Type:RATIS, Factor:THREE, State:CLOSED] from datanode bee99600-be87-4e2f-bca1-493826cfa9f4{ip: 192.168.34.56, host: pr-hdds-2111-hlhfn-3535364396, networkLocation: /default-rack, certSerialId: null}. Reason : bee99600-be87-4e2f-bca1-493826cfa9f4 has not seen follower/s 6b668dd7-26f3-4a2a-98d6-977366dc8866 for 182390ms e23021be-5025-43ec-901b-8f315bf6442a for 182390ms
2019-09-16 18:46:20,697 [EventQueue-PipelineActionsForPipelineActionHandler] INFO  pipeline.SCMPipelineManager (SCMPipelineManager.java:finalizeAndDestroyPipeline(311)) - destroying pipeline:Pipeline[ Id: 1d7dcb15-e5cd-44a0-a20f-38292dbbeb79, Nodes: e23021be-5025-43ec-901b-8f315bf6442a{ip: 192.168.34.56, host: pr-hdds-2111-hlhfn-3535364396, networkLocation: /default-rack, certSerialId: null}bee99600-be87-4e2f-bca1-493826cfa9f4{ip: 192.168.34.56, host: pr-hdds-2111-hlhfn-3535364396, networkLocation: /default-rack, certSerialId: null}6b668dd7-26f3-4a2a-98d6-977366dc8866{ip: 192.168.34.56, host: pr-hdds-2111-hlhfn-3535364396, networkLocation: /default-rack, certSerialId: null}, Type:RATIS, Factor:THREE, State:CLOSED]
2019-09-16 18:46:22,221 [org.apache.ratis.server.impl.LogAppender$AppenderDaemon$$Lambda$533/1653271690@5266ae8c] ERROR ratis.XceiverServerRatis (XceiverServerRatis.java:triggerPipelineClose(568)) - pipeline Action CLOSE  on pipeline PipelineID=1d7dcb15-e5cd-44a0-a20f-38292dbbeb79.Reason : bee99600-be87-4e2f-bca1-493826cfa9f4 has not seen follower/s 6b668dd7-26f3-4a2a-98d6-977366dc8866 for 184890ms e23021be-5025-43ec-901b-8f315bf6442a for 184890ms
2019-09-16 18:46:22,221 [org.apache.ratis.server.impl.LogAppender$AppenderDaemon$$Lambda$533/1653271690@4549eea] ERROR ratis.XceiverServerRatis (XceiverServerRatis.java:triggerPipelineClose(568)) - pipeline Action CLOSE  on pipeline PipelineID=1d7dcb15-e5cd-44a0-a20f-38292dbbeb79.Reason : bee99600-be87-4e2f-bca1-493826cfa9f4 has not seen follower/s 6b668dd7-26f3-4a2a-98d6-977366dc8866 for 184890ms e23021be-5025-43ec-901b-8f315bf6442a for 184890ms
2019-09-16 18:46:22,696 [EventQueue-PipelineActionsForPipelineActionHandler] ERROR pipeline.PipelineActionHandler (PipelineActionHandler.java:onMessage(60)) - Received pipeline action CLOSE for Pipeline[ Id: 1d7dcb15-e5cd-44a0-a20f-38292dbbeb79, Nodes: e23021be-5025-43ec-901b-8f315bf6442a{ip: 192.168.34.56, host: pr-hdds-2111-hlhfn-3535364396, networkLocation: /default-rack, certSerialId: null}bee99600-be87-4e2f-bca1-493826cfa9f4{ip: 192.168.34.56, host: pr-hdds-2111-hlhfn-3535364396, networkLocation: /default-rack, certSerialId: null}6b668dd7-26f3-4a2a-98d6-977366dc8866{ip: 192.168.34.56, host: pr-hdds-2111-hlhfn-3535364396, networkLocation: /default-rack, certSerialId: null}, Type:RATIS, Factor:THREE, State:CLOSED] from datanode bee99600-be87-4e2f-bca1-493826cfa9f4{ip: 192.168.34.56, host: pr-hdds-2111-hlhfn-3535364396, networkLocation: /default-rack, certSerialId: null}. Reason : bee99600-be87-4e2f-bca1-493826cfa9f4 has not seen follower/s 6b668dd7-26f3-4a2a-98d6-977366dc8866 for 184890ms e23021be-5025-43ec-901b-8f315bf6442a for 184890ms
2019-09-16 18:46:22,696 [EventQueue-PipelineActionsForPipelineActionHandler] INFO  pipeline.SCMPipelineManager (SCMPipelineManager.java:finalizeAndDestroyPipeline(311)) - destroying pipeline:Pipeline[ Id: 1d7dcb15-e5cd-44a0-a20f-38292dbbeb79, Nodes: e23021be-5025-43ec-901b-8f315bf6442a{ip: 192.168.34.56, host: pr-hdds-2111-hlhfn-3535364396, networkLocation: /default-rack, certSerialId: null}bee99600-be87-4e2f-bca1-493826cfa9f4{ip: 192.168.34.56, host: pr-hdds-2111-hlhfn-3535364396, networkLocation: /default-rack, certSerialId: null}6b668dd7-26f3-4a2a-98d6-977366dc8866{ip: 192.168.34.56, host: pr-hdds-2111-hlhfn-3535364396, networkLocation: /default-rack, certSerialId: null}, Type:RATIS, Factor:THREE, State:CLOSED]
2019-09-16 18:46:22,720 [java.util.concurrent.ThreadPoolExecutor$Worker@52a5b513[State = -1, empty queue]] WARN  server.GrpcLogAppender (GrpcLogAppender.java:timeoutAppendRequest(200)) - bee99600-be87-4e2f-bca1-493826cfa9f4@group-38292DBBEB79->e23021be-5025-43ec-901b-8f315bf6442a-GrpcLogAppender: appendEntries Timeout, request=bee99600-be87-4e2f-bca1-493826cfa9f4->e23021be-5025-43ec-901b-8f315bf6442a#85-t1, previous=(t:1, i:12), leaderCommit=6, initializing? false, entries: <empty>
2019-09-16 18:46:22,720 [java.util.concurrent.ThreadPoolExecutor$Worker@6e3cdbd2[State = -1, empty queue]] WARN  server.GrpcLogAppender (GrpcLogAppender.java:timeoutAppendRequest(200)) - bee99600-be87-4e2f-bca1-493826cfa9f4@group-38292DBBEB79->6b668dd7-26f3-4a2a-98d6-977366dc8866-GrpcLogAppender: appendEntries Timeout, request=bee99600-be87-4e2f-bca1-493826cfa9f4->6b668dd7-26f3-4a2a-98d6-977366dc8866#85-t1, previous=(t:1, i:12), leaderCommit=6, initializing? false, entries: <empty>
2019-09-16 18:46:23,701 [grpc-default-executor-4] INFO  impl.RaftServerProxy (RaftServerProxy.java:remove(95)) - e23021be-5025-43ec-901b-8f315bf6442a: remove  FOLLOWER e23021be-5025-43ec-901b-8f315bf6442a@group-38292DBBEB79:t1, leader=bee99600-be87-4e2f-bca1-493826cfa9f4, voted=e23021be-5025-43ec-901b-8f315bf6442a, raftlog=e23021be-5025-43ec-901b-8f315bf6442a@group-38292DBBEB79-SegmentedRaftLog:OPENED:c6,f6,i12, conf=0: [6b668dd7-26f3-4a2a-98d6-977366dc8866:192.168.34.56:41068, e23021be-5025-43ec-901b-8f315bf6442a:192.168.34.56:36953, bee99600-be87-4e2f-bca1-493826cfa9f4:192.168.34.56:42923], old=null RUNNING
2019-09-16 18:46:23,707 [grpc-default-executor-4] INFO  impl.RaftServerImpl (RaftServerImpl.java:lambda$shutdown$3(251)) - e23021be-5025-43ec-901b-8f315bf6442a@group-38292DBBEB79: shutdown
2019-09-16 18:46:23,707 [grpc-default-executor-4] INFO  util.JmxRegister (JmxRegister.java:unregister(73)) - Successfully un-registered JMX Bean with object name Ratis:service=RaftServer,group=group-38292DBBEB79,id=e23021be-5025-43ec-901b-8f315bf6442a
2019-09-16 18:46:23,708 [grpc-default-executor-4] INFO  impl.RoleInfo (RoleInfo.java:shutdownFollowerState(121)) - e23021be-5025-43ec-901b-8f315bf6442a: shutdown FollowerState
2019-09-16 18:46:23,708 [Thread-314] INFO  impl.FollowerState (FollowerState.java:run(115)) - e23021be-5025-43ec-901b-8f315bf6442a: FollowerState was interrupted: java.lang.InterruptedException: sleep interrupted
2019-09-16 18:46:23,708 [grpc-default-executor-4] INFO  impl.StateMachineUpdater (StateMachineUpdater.java:stopAndJoin(125)) - e23021be-5025-43ec-901b-8f315bf6442a@group-38292DBBEB79-StateMachineUpdater: set stopIndex = 6
2019-09-16 18:46:23,711 [e23021be-5025-43ec-901b-8f315bf6442a@group-38292DBBEB79-StateMachineUpdater] INFO  ratis.ContainerStateMachine (ContainerStateMachine.java:takeSnapshot(289)) - group-38292DBBEB79: Taking a snapshot at:(t:1, i:4) file /workdir/hadoop-ozone/integration-test/target/test-dir/MiniOzoneClusterImpl-d4df22cc-0c2d-486e-a6a7-bea08512b785/datanode-1/data/ratis/1d7dcb15-e5cd-44a0-a20f-38292dbbeb79/sm/snapshot.1_4
2019-09-16 18:46:23,749 [e23021be-5025-43ec-901b-8f315bf6442a@group-38292DBBEB79-StateMachineUpdater] INFO  ratis.ContainerStateMachine (ContainerStateMachine.java:takeSnapshot(300)) - group-38292DBBEB79: Finished taking a snapshot at:(t:1, i:4) file:/workdir/hadoop-ozone/integration-test/target/test-dir/MiniOzoneClusterImpl-d4df22cc-0c2d-486e-a6a7-bea08512b785/datanode-1/data/ratis/1d7dcb15-e5cd-44a0-a20f-38292dbbeb79/sm/snapshot.1_4 time:39
2019-09-16 18:46:23,750 [e23021be-5025-43ec-901b-8f315bf6442a@group-38292DBBEB79-StateMachineUpdater] INFO  impl.StateMachineUpdater (StateMachineUpdater.java:takeSnapshot(258)) - e23021be-5025-43ec-901b-8f315bf6442a@group-38292DBBEB79-StateMachineUpdater: Took a snapshot at index 4
2019-09-16 18:46:23,759 [e23021be-5025-43ec-901b-8f315bf6442a@group-38292DBBEB79-StateMachineUpdater] INFO  impl.StateMachineUpdater (StateMachineUpdater.java:lambda$new$0(83)) - e23021be-5025-43ec-901b-8f315bf6442a@group-38292DBBEB79-StateMachineUpdater: snapshotIndex: updateIncreasingly -1 -> 4
2019-09-16 18:46:23,763 [e23021be-5025-43ec-901b-8f315bf6442a@group-38292DBBEB79-StateMachineUpdater] INFO  ratis.ContainerStateMachine (ContainerStateMachine.java:takeSnapshot(289)) - group-38292DBBEB79: Taking a snapshot at:(t:1, i:4) file /workdir/hadoop-ozone/integration-test/target/test-dir/MiniOzoneClusterImpl-d4df22cc-0c2d-486e-a6a7-bea08512b785/datanode-1/data/ratis/1d7dcb15-e5cd-44a0-a20f-38292dbbeb79/sm/snapshot.1_4
2019-09-16 18:46:23,778 [e23021be-5025-43ec-901b-8f315bf6442a@group-38292DBBEB79-StateMachineUpdater] INFO  ratis.ContainerStateMachine (ContainerStateMachine.java:takeSnapshot(300)) - group-38292DBBEB79: Finished taking a snapshot at:(t:1, i:4) file:/workdir/hadoop-ozone/integration-test/target/test-dir/MiniOzoneClusterImpl-d4df22cc-0c2d-486e-a6a7-bea08512b785/datanode-1/data/ratis/1d7dcb15-e5cd-44a0-a20f-38292dbbeb79/sm/snapshot.1_4 time:15
2019-09-16 18:46:23,778 [e23021be-5025-43ec-901b-8f315bf6442a@group-38292DBBEB79-StateMachineUpdater] INFO  impl.StateMachineUpdater (StateMachineUpdater.java:takeSnapshot(258)) - e23021be-5025-43ec-901b-8f315bf6442a@group-38292DBBEB79-StateMachineUpdater: Took a snapshot at index 4
2019-09-16 18:46:23,778 [e23021be-5025-43ec-901b-8f315bf6442a@group-38292DBBEB79-StateMachineUpdater] INFO  impl.StateMachineUpdater (StateMachineUpdater.java:lambda$new$0(83)) - e23021be-5025-43ec-901b-8f315bf6442a@group-38292DBBEB79-StateMachineUpdater: snapshotIndex: updateIncreasingly 4 -> 4
2019-09-16 18:46:23,779 [grpc-default-executor-4] INFO  impl.RaftServerImpl (ServerState.java:close(385)) - e23021be-5025-43ec-901b-8f315bf6442a@group-38292DBBEB79: closes. applyIndex: 6
2019-09-16 18:46:23,784 [e23021be-5025-43ec-901b-8f315bf6442a@group-38292DBBEB79-SegmentedRaftLogWorker] ERROR ratis.XceiverServerRatis (XceiverServerRatis.java:triggerPipelineClose(568)) - pipeline Action CLOSE  on pipeline PipelineID=1d7dcb15-e5cd-44a0-a20f-38292dbbeb79.Reason : WriteLog:8: (t:1, i:8), STATEMACHINELOGENTRY, client-1941BA254363, cid=17-writeStateMachineData interrupted.
2019-09-16 18:46:23,786 [EventQueue-PipelineActionsForPipelineActionHandler] ERROR pipeline.PipelineActionHandler (PipelineActionHandler.java:onMessage(60)) - Received pipeline action CLOSE for Pipeline[ Id: 1d7dcb15-e5cd-44a0-a20f-38292dbbeb79, Nodes: e23021be-5025-43ec-901b-8f315bf6442a{ip: 192.168.34.56, host: pr-hdds-2111-hlhfn-3535364396, networkLocation: /default-rack, certSerialId: null}bee99600-be87-4e2f-bca1-493826cfa9f4{ip: 192.168.34.56, host: pr-hdds-2111-hlhfn-3535364396, networkLocation: /default-rack, certSerialId: null}6b668dd7-26f3-4a2a-98d6-977366dc8866{ip: 192.168.34.56, host: pr-hdds-2111-hlhfn-3535364396, networkLocation: /default-rack, certSerialId: null}, Type:RATIS, Factor:THREE, State:CLOSED] from datanode e23021be-5025-43ec-901b-8f315bf6442a{ip: 192.168.34.56, host: pr-hdds-2111-hlhfn-3535364396, networkLocation: /default-rack, certSerialId: null}. Reason : WriteLog:8: (t:1, i:8), STATEMACHINELOGENTRY, client-1941BA254363, cid=17-writeStateMachineData interrupted.
2019-09-16 18:46:23,786 [EventQueue-PipelineActionsForPipelineActionHandler] INFO  pipeline.SCMPipelineManager (SCMPipelineManager.java:finalizeAndDestroyPipeline(311)) - destroying pipeline:Pipeline[ Id: 1d7dcb15-e5cd-44a0-a20f-38292dbbeb79, Nodes: e23021be-5025-43ec-901b-8f315bf6442a{ip: 192.168.34.56, host: pr-hdds-2111-hlhfn-3535364396, networkLocation: /default-rack, certSerialId: null}bee99600-be87-4e2f-bca1-493826cfa9f4{ip: 192.168.34.56, host: pr-hdds-2111-hlhfn-3535364396, networkLocation: /default-rack, certSerialId: null}6b668dd7-26f3-4a2a-98d6-977366dc8866{ip: 192.168.34.56, host: pr-hdds-2111-hlhfn-3535364396, networkLocation: /default-rack, certSerialId: null}, Type:RATIS, Factor:THREE, State:CLOSED]
2019-09-16 18:46:23,797 [grpc-default-executor-4] INFO  segmented.SegmentedRaftLogWorker (SegmentedRaftLogWorker.java:close(228)) - e23021be-5025-43ec-901b-8f315bf6442a@group-38292DBBEB79-SegmentedRaftLogWorker close()
2019-09-16 18:46:23,817 [grpc-default-executor-4] INFO  interfaces.Container (KeyValueContainer.java:flushAndSyncDB(386)) - Container 1 is synced with bcsId 4.
2019-09-16 18:46:23,818 [grpc-default-executor-4] INFO  interfaces.Container (KeyValueContainer.java:flushAndSyncDB(386)) - Container 1 is synced with bcsId 4.
2019-09-16 18:46:23,835 [EventQueue-IncrementalContainerReportForIncrementalContainerReportHandler] INFO  container.IncrementalContainerReportHandler (AbstractContainerReportHandler.java:updateContainerState(169)) - Moving container #1 to QUASI_CLOSED state, datanode e23021be-5025-43ec-901b-8f315bf6442a{ip: 192.168.34.56, host: pr-hdds-2111-hlhfn-3535364396, networkLocation: /default-rack, certSerialId: null} reported QUASI_CLOSED replica.
2019-09-16 18:46:23,881 [grpc-default-executor-4] INFO  interfaces.Container (KeyValueContainer.java:flushAndSyncDB(386)) - Container 2 is synced with bcsId 0.
2019-09-16 18:46:23,881 [grpc-default-executor-4] INFO  interfaces.Container (KeyValueContainer.java:flushAndSyncDB(386)) - Container 2 is synced with bcsId 0.
2019-09-16 18:46:23,896 [EventQueue-IncrementalContainerReportForIncrementalContainerReportHandler] INFO  container.IncrementalContainerReportHandler (AbstractContainerReportHandler.java:updateContainerState(169)) - Moving container #2 to QUASI_CLOSED state, datanode e23021be-5025-43ec-901b-8f315bf6442a{ip: 192.168.34.56, host: pr-hdds-2111-hlhfn-3535364396, networkLocation: /default-rack, certSerialId: null} reported QUASI_CLOSED replica.
2019-09-16 18:46:23,909 [grpc-default-executor-4] INFO  impl.RaftServerProxy (RaftServerProxy.java:remove(95)) - bee99600-be87-4e2f-bca1-493826cfa9f4: remove    LEADER bee99600-be87-4e2f-bca1-493826cfa9f4@group-38292DBBEB79:t1, leader=bee99600-be87-4e2f-bca1-493826cfa9f4, voted=bee99600-be87-4e2f-bca1-493826cfa9f4, raftlog=bee99600-be87-4e2f-bca1-493826cfa9f4@group-38292DBBEB79-SegmentedRaftLog:OPENED:c6,f6,i12, conf=0: [6b668dd7-26f3-4a2a-98d6-977366dc8866:192.168.34.56:41068, e23021be-5025-43ec-901b-8f315bf6442a:192.168.34.56:36953, bee99600-be87-4e2f-bca1-493826cfa9f4:192.168.34.56:42923], old=null RUNNING
2019-09-16 18:46:23,909 [grpc-default-executor-4] INFO  impl.RaftServerImpl (RaftServerImpl.java:lambda$shutdown$3(251)) - bee99600-be87-4e2f-bca1-493826cfa9f4@group-38292DBBEB79: shutdown
2019-09-16 18:46:23,910 [grpc-default-executor-4] INFO  util.JmxRegister (JmxRegister.java:unregister(73)) - Successfully un-registered JMX Bean with object name Ratis:service=RaftServer,group=group-38292DBBEB79,id=bee99600-be87-4e2f-bca1-493826cfa9f4
2019-09-16 18:46:23,910 [grpc-default-executor-4] INFO  impl.RoleInfo (RoleInfo.java:shutdownLeaderState(104)) - bee99600-be87-4e2f-bca1-493826cfa9f4: shutdown LeaderState
2019-09-16 18:46:23,914 [grpc-default-executor-4] INFO  impl.PendingRequests (PendingRequests.java:sendNotLeaderResponses(202)) - bee99600-be87-4e2f-bca1-493826cfa9f4-PendingRequests: sendNotLeaderResponses
2019-09-16 18:46:23,915 [org.apache.ratis.server.impl.LogAppender$AppenderDaemon$$Lambda$533/1653271690@4549eea] WARN  server.GrpcLogAppender (GrpcLogAppender.java:mayWait(143)) - bee99600-be87-4e2f-bca1-493826cfa9f4@group-38292DBBEB79->6b668dd7-26f3-4a2a-98d6-977366dc8866-GrpcLogAppender: Wait interrupted by java.lang.InterruptedException
2019-09-16 18:46:23,915 [org.apache.ratis.server.impl.LogAppender$AppenderDaemon$$Lambda$533/1653271690@5266ae8c] WARN  server.GrpcLogAppender (GrpcLogAppender.java:mayWait(143)) - bee99600-be87-4e2f-bca1-493826cfa9f4@group-38292DBBEB79->e23021be-5025-43ec-901b-8f315bf6442a-GrpcLogAppender: Wait interrupted by java.lang.InterruptedException
2019-09-16 18:46:23,917 [grpc-default-executor-5] INFO  server.GrpcServerProtocolService (GrpcServerProtocolService.java:onCompleted(113)) - e23021be-5025-43ec-901b-8f315bf6442a: Completed APPEND_ENTRIES, lastRequest: bee99600-be87-4e2f-bca1-493826cfa9f4->e23021be-5025-43ec-901b-8f315bf6442a#86-t1, previous=(t:1, i:12), leaderCommit=6, initializing? false, entries: <empty>
2019-09-16 18:46:23,917 [grpc-default-executor-1] INFO  server.GrpcServerProtocolService (GrpcServerProtocolService.java:onCompleted(113)) - 6b668dd7-26f3-4a2a-98d6-977366dc8866: Completed APPEND_ENTRIES, lastRequest: bee99600-be87-4e2f-bca1-493826cfa9f4->6b668dd7-26f3-4a2a-98d6-977366dc8866#86-t1, previous=(t:1, i:12), leaderCommit=6, initializing? false, entries: <empty>
2019-09-16 18:46:23,920 [grpc-default-executor-1] INFO  server.GrpcLogAppender (GrpcLogAppender.java:onCompleted(293)) - bee99600-be87-4e2f-bca1-493826cfa9f4@group-38292DBBEB79->6b668dd7-26f3-4a2a-98d6-977366dc8866-AppendLogResponseHandler: follower responses appendEntries COMPLETED
2019-09-16 18:46:23,920 [grpc-default-executor-5] INFO  server.GrpcLogAppender (GrpcLogAppender.java:onCompleted(293)) - bee99600-be87-4e2f-bca1-493826cfa9f4@group-38292DBBEB79->e23021be-5025-43ec-901b-8f315bf6442a-AppendLogResponseHandler: follower responses appendEntries COMPLETED
2019-09-16 18:46:23,921 [grpc-default-executor-5] INFO  impl.FollowerInfo (FollowerInfo.java:lambda$new$0(51)) - bee99600-be87-4e2f-bca1-493826cfa9f4@group-38292DBBEB79->e23021be-5025-43ec-901b-8f315bf6442a: nextIndex: updateUnconditionally 13 -> 7
2019-09-16 18:46:23,921 [grpc-default-executor-1] INFO  impl.FollowerInfo (FollowerInfo.java:lambda$new$0(51)) - bee99600-be87-4e2f-bca1-493826cfa9f4@group-38292DBBEB79->6b668dd7-26f3-4a2a-98d6-977366dc8866: nextIndex: updateUnconditionally 13 -> 7
2019-09-16 18:46:23,927 [grpc-default-executor-4] INFO  impl.StateMachineUpdater (StateMachineUpdater.java:stopAndJoin(125)) - bee99600-be87-4e2f-bca1-493826cfa9f4@group-38292DBBEB79-StateMachineUpdater: set stopIndex = 6
2019-09-16 18:46:23,929 [bee99600-be87-4e2f-bca1-493826cfa9f4@group-38292DBBEB79-StateMachineUpdater] INFO  ratis.ContainerStateMachine (ContainerStateMachine.java:takeSnapshot(289)) - group-38292DBBEB79: Taking a snapshot at:(t:1, i:6) file /workdir/hadoop-ozone/integration-test/target/test-dir/MiniOzoneClusterImpl-d4df22cc-0c2d-486e-a6a7-bea08512b785/datanode-4/data/ratis/1d7dcb15-e5cd-44a0-a20f-38292dbbeb79/sm/snapshot.1_6
2019-09-16 18:46:23,937 [bee99600-be87-4e2f-bca1-493826cfa9f4@group-38292DBBEB79-StateMachineUpdater] INFO  ratis.ContainerStateMachine (ContainerStateMachine.java:takeSnapshot(300)) - group-38292DBBEB79: Finished taking a snapshot at:(t:1, i:6) file:/workdir/hadoop-ozone/integration-test/target/test-dir/MiniOzoneClusterImpl-d4df22cc-0c2d-486e-a6a7-bea08512b785/datanode-4/data/ratis/1d7dcb15-e5cd-44a0-a20f-38292dbbeb79/sm/snapshot.1_6 time:7
2019-09-16 18:46:23,937 [bee99600-be87-4e2f-bca1-493826cfa9f4@group-38292DBBEB79-StateMachineUpdater] INFO  impl.StateMachineUpdater (StateMachineUpdater.java:takeSnapshot(258)) - bee99600-be87-4e2f-bca1-493826cfa9f4@group-38292DBBEB79-StateMachineUpdater: Took a snapshot at index 6
2019-09-16 18:46:23,937 [bee99600-be87-4e2f-bca1-493826cfa9f4@group-38292DBBEB79-StateMachineUpdater] INFO  impl.StateMachineUpdater (StateMachineUpdater.java:lambda$new$0(83)) - bee99600-be87-4e2f-bca1-493826cfa9f4@group-38292DBBEB79-StateMachineUpdater: snapshotIndex: updateIncreasingly -1 -> 6
2019-09-16 18:46:23,937 [grpc-default-executor-4] INFO  impl.RaftServerImpl (ServerState.java:close(385)) - bee99600-be87-4e2f-bca1-493826cfa9f4@group-38292DBBEB79: closes. applyIndex: 6
2019-09-16 18:46:23,938 [Command processor thread] ERROR commandhandler.CloseContainerCommandHandler (CloseContainerCommandHandler.java:handle(125)) - Can't close container #2
java.io.IOException: org.apache.ratis.protocol.GroupMismatchException: bee99600-be87-4e2f-bca1-493826cfa9f4: group-38292DBBEB79 not found.
	at org.apache.hadoop.ozone.container.common.transport.server.ratis.XceiverServerRatis.submitRequest(XceiverServerRatis.java:495)
	at org.apache.hadoop.ozone.container.common.statemachine.commandhandler.CloseContainerCommandHandler.handle(CloseContainerCommandHandler.java:102)
	at org.apache.hadoop.ozone.container.common.statemachine.commandhandler.CommandDispatcher.handle(CommandDispatcher.java:99)
	at org.apache.hadoop.ozone.container.common.statemachine.DatanodeStateMachine.lambda$initCommandHandlerThread$1(DatanodeStateMachine.java:432)
	at java.lang.Thread.run(Thread.java:748)
Caused by: java.util.concurrent.ExecutionException: org.apache.ratis.protocol.GroupMismatchException: bee99600-be87-4e2f-bca1-493826cfa9f4: group-38292DBBEB79 not found.
	at java.util.concurrent.CompletableFuture.reportGet(CompletableFuture.java:357)
	at java.util.concurrent.CompletableFuture.get(CompletableFuture.java:1895)
	at org.apache.hadoop.ozone.container.common.transport.server.ratis.XceiverServerRatis.submitRequest(XceiverServerRatis.java:493)
	... 4 more
Caused by: org.apache.ratis.protocol.GroupMismatchException: bee99600-be87-4e2f-bca1-493826cfa9f4: group-38292DBBEB79 not found.
	at org.apache.ratis.server.impl.RaftServerProxy$ImplMap.get(RaftServerProxy.java:122)
	at org.apache.ratis.server.impl.RaftServerProxy.getImplFuture(RaftServerProxy.java:269)
	at org.apache.ratis.server.impl.RaftServerProxy.submitRequest(RaftServerProxy.java:327)
	at org.apache.ratis.server.impl.RaftServerProxy.submitClientRequestAsync(RaftServerProxy.java:333)
	... 5 more
2019-09-16 18:46:23,938 [bee99600-be87-4e2f-bca1-493826cfa9f4@group-38292DBBEB79-SegmentedRaftLogWorker] ERROR ratis.XceiverServerRatis (XceiverServerRatis.java:triggerPipelineClose(568)) - pipeline Action CLOSE  on pipeline PipelineID=1d7dcb15-e5cd-44a0-a20f-38292dbbeb79.Reason : WriteLog:8: (t:1, i:8), STATEMACHINELOGENTRY, client-1941BA254363, cid=17-writeStateMachineData interrupted.
2019-09-16 18:46:23,942 [EventQueue-PipelineActionsForPipelineActionHandler] ERROR pipeline.PipelineActionHandler (PipelineActionHandler.java:onMessage(60)) - Received pipeline action CLOSE for Pipeline[ Id: 1d7dcb15-e5cd-44a0-a20f-38292dbbeb79, Nodes: e23021be-5025-43ec-901b-8f315bf6442a{ip: 192.168.34.56, host: pr-hdds-2111-hlhfn-3535364396, networkLocation: /default-rack, certSerialId: null}bee99600-be87-4e2f-bca1-493826cfa9f4{ip: 192.168.34.56, host: pr-hdds-2111-hlhfn-3535364396, networkLocation: /default-rack, certSerialId: null}6b668dd7-26f3-4a2a-98d6-977366dc8866{ip: 192.168.34.56, host: pr-hdds-2111-hlhfn-3535364396, networkLocation: /default-rack, certSerialId: null}, Type:RATIS, Factor:THREE, State:CLOSED] from datanode bee99600-be87-4e2f-bca1-493826cfa9f4{ip: 192.168.34.56, host: pr-hdds-2111-hlhfn-3535364396, networkLocation: /default-rack, certSerialId: null}. Reason : WriteLog:8: (t:1, i:8), STATEMACHINELOGENTRY, client-1941BA254363, cid=17-writeStateMachineData interrupted.
2019-09-16 18:46:23,943 [EventQueue-PipelineActionsForPipelineActionHandler] INFO  pipeline.SCMPipelineManager (SCMPipelineManager.java:finalizeAndDestroyPipeline(311)) - destroying pipeline:Pipeline[ Id: 1d7dcb15-e5cd-44a0-a20f-38292dbbeb79, Nodes: e23021be-5025-43ec-901b-8f315bf6442a{ip: 192.168.34.56, host: pr-hdds-2111-hlhfn-3535364396, networkLocation: /default-rack, certSerialId: null}bee99600-be87-4e2f-bca1-493826cfa9f4{ip: 192.168.34.56, host: pr-hdds-2111-hlhfn-3535364396, networkLocation: /default-rack, certSerialId: null}6b668dd7-26f3-4a2a-98d6-977366dc8866{ip: 192.168.34.56, host: pr-hdds-2111-hlhfn-3535364396, networkLocation: /default-rack, certSerialId: null}, Type:RATIS, Factor:THREE, State:CLOSED]
2019-09-16 18:46:23,951 [grpc-default-executor-4] INFO  segmented.SegmentedRaftLogWorker (SegmentedRaftLogWorker.java:close(228)) - bee99600-be87-4e2f-bca1-493826cfa9f4@group-38292DBBEB79-SegmentedRaftLogWorker close()
2019-09-16 18:46:23,967 [grpc-default-executor-4] INFO  interfaces.Container (KeyValueContainer.java:flushAndSyncDB(386)) - Container 1 is synced with bcsId 4.
2019-09-16 18:46:23,967 [grpc-default-executor-4] INFO  interfaces.Container (KeyValueContainer.java:flushAndSyncDB(386)) - Container 1 is synced with bcsId 4.
2019-09-16 18:46:23,990 [grpc-default-executor-4] INFO  interfaces.Container (KeyValueContainer.java:flushAndSyncDB(386)) - Container 2 is synced with bcsId 0.
2019-09-16 18:46:23,990 [grpc-default-executor-4] INFO  interfaces.Container (KeyValueContainer.java:flushAndSyncDB(386)) - Container 2 is synced with bcsId 0.
2019-09-16 18:46:24,013 [grpc-default-executor-4] INFO  impl.RaftServerProxy (RaftServerProxy.java:remove(95)) - 6b668dd7-26f3-4a2a-98d6-977366dc8866: remove  FOLLOWER 6b668dd7-26f3-4a2a-98d6-977366dc8866@group-38292DBBEB79:t1, leader=bee99600-be87-4e2f-bca1-493826cfa9f4, voted=bee99600-be87-4e2f-bca1-493826cfa9f4, raftlog=6b668dd7-26f3-4a2a-98d6-977366dc8866@group-38292DBBEB79-SegmentedRaftLog:OPENED:c6,f6,i12, conf=0: [6b668dd7-26f3-4a2a-98d6-977366dc8866:192.168.34.56:41068, e23021be-5025-43ec-901b-8f315bf6442a:192.168.34.56:36953, bee99600-be87-4e2f-bca1-493826cfa9f4:192.168.34.56:42923], old=null RUNNING
2019-09-16 18:46:24,014 [grpc-default-executor-4] INFO  impl.RaftServerImpl (RaftServerImpl.java:lambda$shutdown$3(251)) - 6b668dd7-26f3-4a2a-98d6-977366dc8866@group-38292DBBEB79: shutdown
2019-09-16 18:46:24,014 [grpc-default-executor-4] INFO  util.JmxRegister (JmxRegister.java:unregister(73)) - Successfully un-registered JMX Bean with object name Ratis:service=RaftServer,group=group-38292DBBEB79,id=6b668dd7-26f3-4a2a-98d6-977366dc8866
2019-09-16 18:46:24,014 [grpc-default-executor-4] INFO  impl.RoleInfo (RoleInfo.java:shutdownFollowerState(121)) - 6b668dd7-26f3-4a2a-98d6-977366dc8866: shutdown FollowerState
2019-09-16 18:46:24,014 [grpc-default-executor-4] INFO  impl.StateMachineUpdater (StateMachineUpdater.java:stopAndJoin(125)) - 6b668dd7-26f3-4a2a-98d6-977366dc8866@group-38292DBBEB79-StateMachineUpdater: set stopIndex = 6
2019-09-16 18:46:24,014 [Thread-312] INFO  impl.FollowerState (FollowerState.java:run(115)) - 6b668dd7-26f3-4a2a-98d6-977366dc8866: FollowerState was interrupted: java.lang.InterruptedException: sleep interrupted
2019-09-16 18:46:24,014 [6b668dd7-26f3-4a2a-98d6-977366dc8866@group-38292DBBEB79-StateMachineUpdater] INFO  ratis.ContainerStateMachine (ContainerStateMachine.java:takeSnapshot(289)) - group-38292DBBEB79: Taking a snapshot at:(t:1, i:4) file /workdir/hadoop-ozone/integration-test/target/test-dir/MiniOzoneClusterImpl-d4df22cc-0c2d-486e-a6a7-bea08512b785/datanode-6/data/ratis/1d7dcb15-e5cd-44a0-a20f-38292dbbeb79/sm/snapshot.1_4
2019-09-16 18:46:24,028 [6b668dd7-26f3-4a2a-98d6-977366dc8866@group-38292DBBEB79-StateMachineUpdater] INFO  ratis.ContainerStateMachine (ContainerStateMachine.java:takeSnapshot(300)) - group-38292DBBEB79: Finished taking a snapshot at:(t:1, i:4) file:/workdir/hadoop-ozone/integration-test/target/test-dir/MiniOzoneClusterImpl-d4df22cc-0c2d-486e-a6a7-bea08512b785/datanode-6/data/ratis/1d7dcb15-e5cd-44a0-a20f-38292dbbeb79/sm/snapshot.1_4 time:13
2019-09-16 18:46:24,028 [6b668dd7-26f3-4a2a-98d6-977366dc8866@group-38292DBBEB79-StateMachineUpdater] INFO  impl.StateMachineUpdater (StateMachineUpdater.java:takeSnapshot(258)) - 6b668dd7-26f3-4a2a-98d6-977366dc8866@group-38292DBBEB79-StateMachineUpdater: Took a snapshot at index 4
2019-09-16 18:46:24,028 [6b668dd7-26f3-4a2a-98d6-977366dc8866@group-38292DBBEB79-StateMachineUpdater] INFO  impl.StateMachineUpdater (StateMachineUpdater.java:lambda$new$0(83)) - 6b668dd7-26f3-4a2a-98d6-977366dc8866@group-38292DBBEB79-StateMachineUpdater: snapshotIndex: updateIncreasingly -1 -> 4
2019-09-16 18:46:24,028 [6b668dd7-26f3-4a2a-98d6-977366dc8866@group-38292DBBEB79-StateMachineUpdater] INFO  ratis.ContainerStateMachine (ContainerStateMachine.java:takeSnapshot(289)) - group-38292DBBEB79: Taking a snapshot at:(t:1, i:4) file /workdir/hadoop-ozone/integration-test/target/test-dir/MiniOzoneClusterImpl-d4df22cc-0c2d-486e-a6a7-bea08512b785/datanode-6/data/ratis/1d7dcb15-e5cd-44a0-a20f-38292dbbeb79/sm/snapshot.1_4
2019-09-16 18:46:24,037 [6b668dd7-26f3-4a2a-98d6-977366dc8866@group-38292DBBEB79-StateMachineUpdater] INFO  ratis.ContainerStateMachine (ContainerStateMachine.java:takeSnapshot(300)) - group-38292DBBEB79: Finished taking a snapshot at:(t:1, i:4) file:/workdir/hadoop-ozone/integration-test/target/test-dir/MiniOzoneClusterImpl-d4df22cc-0c2d-486e-a6a7-bea08512b785/datanode-6/data/ratis/1d7dcb15-e5cd-44a0-a20f-38292dbbeb79/sm/snapshot.1_4 time:9
2019-09-16 18:46:24,038 [6b668dd7-26f3-4a2a-98d6-977366dc8866@group-38292DBBEB79-StateMachineUpdater] INFO  impl.StateMachineUpdater (StateMachineUpdater.java:takeSnapshot(258)) - 6b668dd7-26f3-4a2a-98d6-977366dc8866@group-38292DBBEB79-StateMachineUpdater: Took a snapshot at index 4
2019-09-16 18:46:24,038 [6b668dd7-26f3-4a2a-98d6-977366dc8866@group-38292DBBEB79-StateMachineUpdater] INFO  impl.StateMachineUpdater (StateMachineUpdater.java:lambda$new$0(83)) - 6b668dd7-26f3-4a2a-98d6-977366dc8866@group-38292DBBEB79-StateMachineUpdater: snapshotIndex: updateIncreasingly 4 -> 4
2019-09-16 18:46:24,038 [grpc-default-executor-4] INFO  impl.RaftServerImpl (ServerState.java:close(385)) - 6b668dd7-26f3-4a2a-98d6-977366dc8866@group-38292DBBEB79: closes. applyIndex: 6
2019-09-16 18:46:24,044 [6b668dd7-26f3-4a2a-98d6-977366dc8866@group-38292DBBEB79-SegmentedRaftLogWorker] ERROR ratis.XceiverServerRatis (XceiverServerRatis.java:triggerPipelineClose(568)) - pipeline Action CLOSE  on pipeline PipelineID=1d7dcb15-e5cd-44a0-a20f-38292dbbeb79.Reason : WriteLog:7: (t:1, i:7), STATEMACHINELOGENTRY, client-1941BA254363, cid=16-writeStateMachineData interrupted.
2019-09-16 18:46:24,047 [grpc-default-executor-4] INFO  segmented.SegmentedRaftLogWorker (SegmentedRaftLogWorker.java:close(228)) - 6b668dd7-26f3-4a2a-98d6-977366dc8866@group-38292DBBEB79-SegmentedRaftLogWorker close()
2019-09-16 18:46:24,048 [EventQueue-PipelineActionsForPipelineActionHandler] ERROR pipeline.PipelineActionHandler (PipelineActionHandler.java:onMessage(60)) - Received pipeline action CLOSE for Pipeline[ Id: 1d7dcb15-e5cd-44a0-a20f-38292dbbeb79, Nodes: e23021be-5025-43ec-901b-8f315bf6442a{ip: 192.168.34.56, host: pr-hdds-2111-hlhfn-3535364396, networkLocation: /default-rack, certSerialId: null}bee99600-be87-4e2f-bca1-493826cfa9f4{ip: 192.168.34.56, host: pr-hdds-2111-hlhfn-3535364396, networkLocation: /default-rack, certSerialId: null}6b668dd7-26f3-4a2a-98d6-977366dc8866{ip: 192.168.34.56, host: pr-hdds-2111-hlhfn-3535364396, networkLocation: /default-rack, certSerialId: null}, Type:RATIS, Factor:THREE, State:CLOSED] from datanode 6b668dd7-26f3-4a2a-98d6-977366dc8866{ip: 192.168.34.56, host: pr-hdds-2111-hlhfn-3535364396, networkLocation: /default-rack, certSerialId: null}. Reason : WriteLog:7: (t:1, i:7), STATEMACHINELOGENTRY, client-1941BA254363, cid=16-writeStateMachineData interrupted.
2019-09-16 18:46:24,050 [EventQueue-PipelineActionsForPipelineActionHandler] INFO  pipeline.SCMPipelineManager (SCMPipelineManager.java:finalizeAndDestroyPipeline(311)) - destroying pipeline:Pipeline[ Id: 1d7dcb15-e5cd-44a0-a20f-38292dbbeb79, Nodes: e23021be-5025-43ec-901b-8f315bf6442a{ip: 192.168.34.56, host: pr-hdds-2111-hlhfn-3535364396, networkLocation: /default-rack, certSerialId: null}bee99600-be87-4e2f-bca1-493826cfa9f4{ip: 192.168.34.56, host: pr-hdds-2111-hlhfn-3535364396, networkLocation: /default-rack, certSerialId: null}6b668dd7-26f3-4a2a-98d6-977366dc8866{ip: 192.168.34.56, host: pr-hdds-2111-hlhfn-3535364396, networkLocation: /default-rack, certSerialId: null}, Type:RATIS, Factor:THREE, State:CLOSED]
2019-09-16 18:46:24,063 [grpc-default-executor-4] INFO  interfaces.Container (KeyValueContainer.java:flushAndSyncDB(386)) - Container 1 is synced with bcsId 4.
2019-09-16 18:46:24,063 [grpc-default-executor-4] INFO  interfaces.Container (KeyValueContainer.java:flushAndSyncDB(386)) - Container 1 is synced with bcsId 4.
2019-09-16 18:46:24,126 [grpc-default-executor-4] INFO  interfaces.Container (KeyValueContainer.java:flushAndSyncDB(386)) - Container 2 is synced with bcsId 0.
2019-09-16 18:46:24,126 [grpc-default-executor-4] INFO  interfaces.Container (KeyValueContainer.java:flushAndSyncDB(386)) - Container 2 is synced with bcsId 0.
2019-09-16 18:46:24,145 [RatisPipelineUtilsThread] INFO  pipeline.PipelineStateManager (PipelineStateManager.java:removePipeline(108)) - Pipeline Pipeline[ Id: 1d7dcb15-e5cd-44a0-a20f-38292dbbeb79, Nodes: e23021be-5025-43ec-901b-8f315bf6442a{ip: 192.168.34.56, host: pr-hdds-2111-hlhfn-3535364396, networkLocation: /default-rack, certSerialId: null}bee99600-be87-4e2f-bca1-493826cfa9f4{ip: 192.168.34.56, host: pr-hdds-2111-hlhfn-3535364396, networkLocation: /default-rack, certSerialId: null}6b668dd7-26f3-4a2a-98d6-977366dc8866{ip: 192.168.34.56, host: pr-hdds-2111-hlhfn-3535364396, networkLocation: /default-rack, certSerialId: null}, Type:RATIS, Factor:THREE, State:CLOSED] removed from db
2019-09-16 18:46:24,166 [grpc-default-executor-5] INFO  impl.RaftServerProxy (RaftServerProxy.java:addNew(89)) - e23021be-5025-43ec-901b-8f315bf6442a: addNew group-4078FEE62CC7:[6b668dd7-26f3-4a2a-98d6-977366dc8866:192.168.34.56:41068, e23021be-5025-43ec-901b-8f315bf6442a:192.168.34.56:36953, bee99600-be87-4e2f-bca1-493826cfa9f4:192.168.34.56:42923] returns group-4078FEE62CC7:java.util.concurrent.CompletableFuture@77d5b090[Not completed]
2019-09-16 18:46:24,166 [grpc-default-executor-4] INFO  impl.RaftServerProxy (RaftServerProxy.java:addNew(89)) - 6b668dd7-26f3-4a2a-98d6-977366dc8866: addNew group-4078FEE62CC7:[6b668dd7-26f3-4a2a-98d6-977366dc8866:192.168.34.56:41068, e23021be-5025-43ec-901b-8f315bf6442a:192.168.34.56:36953, bee99600-be87-4e2f-bca1-493826cfa9f4:192.168.34.56:42923] returns group-4078FEE62CC7:java.util.concurrent.CompletableFuture@52b75d48[Not completed]
2019-09-16 18:46:24,167 [grpc-default-executor-1] INFO  impl.RaftServerProxy (RaftServerProxy.java:addNew(89)) - bee99600-be87-4e2f-bca1-493826cfa9f4: addNew group-4078FEE62CC7:[6b668dd7-26f3-4a2a-98d6-977366dc8866:192.168.34.56:41068, e23021be-5025-43ec-901b-8f315bf6442a:192.168.34.56:36953, bee99600-be87-4e2f-bca1-493826cfa9f4:192.168.34.56:42923] returns group-4078FEE62CC7:java.util.concurrent.CompletableFuture@3cc34421[Not completed]
2019-09-16 18:46:24,169 [pool-37-thread-1] INFO  impl.RaftServerImpl (RaftServerImpl.java:<init>(95)) - e23021be-5025-43ec-901b-8f315bf6442a: new RaftServerImpl for group-4078FEE62CC7:[6b668dd7-26f3-4a2a-98d6-977366dc8866:192.168.34.56:41068, e23021be-5025-43ec-901b-8f315bf6442a:192.168.34.56:36953, bee99600-be87-4e2f-bca1-493826cfa9f4:192.168.34.56:42923] with ContainerStateMachine:uninitialized
2019-09-16 18:46:24,169 [pool-37-thread-1] INFO  server.RaftServerConfigKeys (ConfUtils.java:logGet(43)) - raft.server.rpc.timeout.min = 5s (custom)
2019-09-16 18:46:24,169 [pool-37-thread-1] INFO  server.RaftServerConfigKeys (ConfUtils.java:logGet(43)) - raft.server.rpc.timeout.max = 5200ms (custom)
2019-09-16 18:46:24,169 [pool-37-thread-1] INFO  server.RaftServerConfigKeys (ConfUtils.java:logGet(43)) - raft.server.rpcslowness.timeout = 120s (custom)
2019-09-16 18:46:24,169 [pool-37-thread-1] INFO  server.RaftServerConfigKeys (ConfUtils.java:logGet(43)) - raft.server.sleep.deviation.threshold = 300 (default)
2019-09-16 18:46:24,169 [pool-37-thread-1] INFO  server.RaftServerConfigKeys (ConfUtils.java:logGet(43)) - raft.server.log.appender.install.snapshot.enabled = false (custom)
2019-09-16 18:46:24,169 [pool-37-thread-1] INFO  impl.RaftServerImpl (ServerState.java:<init>(103)) - e23021be-5025-43ec-901b-8f315bf6442a@group-4078FEE62CC7: ConfigurationManager, init=-1: [6b668dd7-26f3-4a2a-98d6-977366dc8866:192.168.34.56:41068, e23021be-5025-43ec-901b-8f315bf6442a:192.168.34.56:36953, bee99600-be87-4e2f-bca1-493826cfa9f4:192.168.34.56:42923], old=null, confs=<EMPTY_MAP>
2019-09-16 18:46:24,170 [pool-87-thread-1] INFO  impl.RaftServerImpl (RaftServerImpl.java:<init>(95)) - 6b668dd7-26f3-4a2a-98d6-977366dc8866: new RaftServerImpl for group-4078FEE62CC7:[6b668dd7-26f3-4a2a-98d6-977366dc8866:192.168.34.56:41068, e23021be-5025-43ec-901b-8f315bf6442a:192.168.34.56:36953, bee99600-be87-4e2f-bca1-493826cfa9f4:192.168.34.56:42923] with ContainerStateMachine:uninitialized
2019-09-16 18:46:24,170 [pool-37-thread-1] INFO  server.RaftServerConfigKeys (ConfUtils.java:logGet(43)) - raft.server.storage.dir = [/workdir/hadoop-ozone/integration-test/target/test-dir/MiniOzoneClusterImpl-d4df22cc-0c2d-486e-a6a7-bea08512b785/datanode-1/data/ratis] (custom)
2019-09-16 18:46:24,170 [pool-87-thread-1] INFO  server.RaftServerConfigKeys (ConfUtils.java:logGet(43)) - raft.server.rpc.timeout.min = 5s (custom)
2019-09-16 18:46:24,170 [pool-87-thread-1] INFO  server.RaftServerConfigKeys (ConfUtils.java:logGet(43)) - raft.server.rpc.timeout.max = 5200ms (custom)
2019-09-16 18:46:24,170 [pool-37-thread-1] INFO  storage.RaftStorageDirectory (RaftStorageDirectory.java:analyzeStorage(246)) - The storage directory /workdir/hadoop-ozone/integration-test/target/test-dir/MiniOzoneClusterImpl-d4df22cc-0c2d-486e-a6a7-bea08512b785/datanode-1/data/ratis/ee193e73-9f12-488c-b78c-4078fee62cc7 does not exist. Creating ...
2019-09-16 18:46:24,170 [pool-87-thread-1] INFO  server.RaftServerConfigKeys (ConfUtils.java:logGet(43)) - raft.server.rpcslowness.timeout = 120s (custom)
2019-09-16 18:46:24,170 [pool-87-thread-1] INFO  server.RaftServerConfigKeys (ConfUtils.java:logGet(43)) - raft.server.sleep.deviation.threshold = 300 (default)
2019-09-16 18:46:24,170 [pool-87-thread-1] INFO  server.RaftServerConfigKeys (ConfUtils.java:logGet(43)) - raft.server.log.appender.install.snapshot.enabled = false (custom)
2019-09-16 18:46:24,171 [pool-87-thread-1] INFO  impl.RaftServerImpl (ServerState.java:<init>(103)) - 6b668dd7-26f3-4a2a-98d6-977366dc8866@group-4078FEE62CC7: ConfigurationManager, init=-1: [6b668dd7-26f3-4a2a-98d6-977366dc8866:192.168.34.56:41068, e23021be-5025-43ec-901b-8f315bf6442a:192.168.34.56:36953, bee99600-be87-4e2f-bca1-493826cfa9f4:192.168.34.56:42923], old=null, confs=<EMPTY_MAP>
2019-09-16 18:46:24,171 [pool-87-thread-1] INFO  server.RaftServerConfigKeys (ConfUtils.java:logGet(43)) - raft.server.storage.dir = [/workdir/hadoop-ozone/integration-test/target/test-dir/MiniOzoneClusterImpl-d4df22cc-0c2d-486e-a6a7-bea08512b785/datanode-6/data/ratis] (custom)
2019-09-16 18:46:24,171 [pool-87-thread-1] INFO  storage.RaftStorageDirectory (RaftStorageDirectory.java:analyzeStorage(246)) - The storage directory /workdir/hadoop-ozone/integration-test/target/test-dir/MiniOzoneClusterImpl-d4df22cc-0c2d-486e-a6a7-bea08512b785/datanode-6/data/ratis/ee193e73-9f12-488c-b78c-4078fee62cc7 does not exist. Creating ...
2019-09-16 18:46:24,172 [pool-67-thread-1] INFO  impl.RaftServerImpl (RaftServerImpl.java:<init>(95)) - bee99600-be87-4e2f-bca1-493826cfa9f4: new RaftServerImpl for group-4078FEE62CC7:[6b668dd7-26f3-4a2a-98d6-977366dc8866:192.168.34.56:41068, e23021be-5025-43ec-901b-8f315bf6442a:192.168.34.56:36953, bee99600-be87-4e2f-bca1-493826cfa9f4:192.168.34.56:42923] with ContainerStateMachine:uninitialized
2019-09-16 18:46:24,172 [pool-67-thread-1] INFO  server.RaftServerConfigKeys (ConfUtils.java:logGet(43)) - raft.server.rpc.timeout.min = 5s (custom)
2019-09-16 18:46:24,172 [pool-67-thread-1] INFO  server.RaftServerConfigKeys (ConfUtils.java:logGet(43)) - raft.server.rpc.timeout.max = 5200ms (custom)
2019-09-16 18:46:24,172 [pool-67-thread-1] INFO  server.RaftServerConfigKeys (ConfUtils.java:logGet(43)) - raft.server.rpcslowness.timeout = 120s (custom)
2019-09-16 18:46:24,172 [pool-67-thread-1] INFO  server.RaftServerConfigKeys (ConfUtils.java:logGet(43)) - raft.server.sleep.deviation.threshold = 300 (default)
2019-09-16 18:46:24,173 [pool-67-thread-1] INFO  server.RaftServerConfigKeys (ConfUtils.java:logGet(43)) - raft.server.log.appender.install.snapshot.enabled = false (custom)
2019-09-16 18:46:24,173 [pool-67-thread-1] INFO  impl.RaftServerImpl (ServerState.java:<init>(103)) - bee99600-be87-4e2f-bca1-493826cfa9f4@group-4078FEE62CC7: ConfigurationManager, init=-1: [6b668dd7-26f3-4a2a-98d6-977366dc8866:192.168.34.56:41068, e23021be-5025-43ec-901b-8f315bf6442a:192.168.34.56:36953, bee99600-be87-4e2f-bca1-493826cfa9f4:192.168.34.56:42923], old=null, confs=<EMPTY_MAP>
2019-09-16 18:46:24,173 [pool-67-thread-1] INFO  server.RaftServerConfigKeys (ConfUtils.java:logGet(43)) - raft.server.storage.dir = [/workdir/hadoop-ozone/integration-test/target/test-dir/MiniOzoneClusterImpl-d4df22cc-0c2d-486e-a6a7-bea08512b785/datanode-4/data/ratis] (custom)
2019-09-16 18:46:24,174 [pool-67-thread-1] INFO  storage.RaftStorageDirectory (RaftStorageDirectory.java:analyzeStorage(246)) - The storage directory /workdir/hadoop-ozone/integration-test/target/test-dir/MiniOzoneClusterImpl-d4df22cc-0c2d-486e-a6a7-bea08512b785/datanode-4/data/ratis/ee193e73-9f12-488c-b78c-4078fee62cc7 does not exist. Creating ...
2019-09-16 18:46:24,183 [pool-37-thread-1] INFO  storage.RaftStorageDirectory (RaftStorageDirectory.java:tryLock(328)) - Lock on /workdir/hadoop-ozone/integration-test/target/test-dir/MiniOzoneClusterImpl-d4df22cc-0c2d-486e-a6a7-bea08512b785/datanode-1/data/ratis/ee193e73-9f12-488c-b78c-4078fee62cc7/in_use.lock acquired by nodename 7535@pr-hdds-2111-hlhfn-3535364396
2019-09-16 18:46:24,183 [pool-67-thread-1] INFO  storage.RaftStorageDirectory (RaftStorageDirectory.java:tryLock(328)) - Lock on /workdir/hadoop-ozone/integration-test/target/test-dir/MiniOzoneClusterImpl-d4df22cc-0c2d-486e-a6a7-bea08512b785/datanode-4/data/ratis/ee193e73-9f12-488c-b78c-4078fee62cc7/in_use.lock acquired by nodename 7535@pr-hdds-2111-hlhfn-3535364396
2019-09-16 18:46:24,183 [pool-87-thread-1] INFO  storage.RaftStorageDirectory (RaftStorageDirectory.java:tryLock(328)) - Lock on /workdir/hadoop-ozone/integration-test/target/test-dir/MiniOzoneClusterImpl-d4df22cc-0c2d-486e-a6a7-bea08512b785/datanode-6/data/ratis/ee193e73-9f12-488c-b78c-4078fee62cc7/in_use.lock acquired by nodename 7535@pr-hdds-2111-hlhfn-3535364396
2019-09-16 18:46:24,200 [pool-37-thread-1] INFO  storage.RaftStorage (RaftStorage.java:format(72)) - Storage directory /workdir/hadoop-ozone/integration-test/target/test-dir/MiniOzoneClusterImpl-d4df22cc-0c2d-486e-a6a7-bea08512b785/datanode-1/data/ratis/ee193e73-9f12-488c-b78c-4078fee62cc7 has been successfully formatted.
2019-09-16 18:46:24,200 [pool-67-thread-1] INFO  storage.RaftStorage (RaftStorage.java:format(72)) - Storage directory /workdir/hadoop-ozone/integration-test/target/test-dir/MiniOzoneClusterImpl-d4df22cc-0c2d-486e-a6a7-bea08512b785/datanode-4/data/ratis/ee193e73-9f12-488c-b78c-4078fee62cc7 has been successfully formatted.
2019-09-16 18:46:24,200 [pool-87-thread-1] INFO  storage.RaftStorage (RaftStorage.java:format(72)) - Storage directory /workdir/hadoop-ozone/integration-test/target/test-dir/MiniOzoneClusterImpl-d4df22cc-0c2d-486e-a6a7-bea08512b785/datanode-6/data/ratis/ee193e73-9f12-488c-b78c-4078fee62cc7 has been successfully formatted.
2019-09-16 18:46:24,200 [pool-37-thread-1] INFO  ratis.ContainerStateMachine (ContainerStateMachine.java:loadSnapshot(230)) - group-4078FEE62CC7: The snapshot info is null. Setting the last applied indexto:(t:0, i:~)
2019-09-16 18:46:24,200 [pool-87-thread-1] INFO  ratis.ContainerStateMachine (ContainerStateMachine.java:loadSnapshot(230)) - group-4078FEE62CC7: The snapshot info is null. Setting the last applied indexto:(t:0, i:~)
2019-09-16 18:46:24,200 [pool-67-thread-1] INFO  ratis.ContainerStateMachine (ContainerStateMachine.java:loadSnapshot(230)) - group-4078FEE62CC7: The snapshot info is null. Setting the last applied indexto:(t:0, i:~)
2019-09-16 18:46:24,200 [pool-87-thread-1] INFO  server.RaftServerConfigKeys (ConfUtils.java:logGet(43)) - raft.server.notification.no-leader.timeout = 120s (custom)
2019-09-16 18:46:24,200 [pool-37-thread-1] INFO  server.RaftServerConfigKeys (ConfUtils.java:logGet(43)) - raft.server.notification.no-leader.timeout = 120s (custom)
2019-09-16 18:46:24,201 [pool-87-thread-1] INFO  server.RaftServerConfigKeys (ConfUtils.java:logGet(43)) - raft.server.log.use.memory = false (default)
2019-09-16 18:46:24,200 [pool-67-thread-1] INFO  server.RaftServerConfigKeys (ConfUtils.java:logGet(43)) - raft.server.notification.no-leader.timeout = 120s (custom)
2019-09-16 18:46:24,201 [pool-87-thread-1] INFO  server.RaftServerConfigKeys (ConfUtils.java:logGet(43)) - raft.server.log.purge.gap = 1000000 (custom)
2019-09-16 18:46:24,201 [pool-37-thread-1] INFO  server.RaftServerConfigKeys (ConfUtils.java:logGet(43)) - raft.server.log.use.memory = false (default)
2019-09-16 18:46:24,201 [pool-87-thread-1] INFO  server.RaftServerConfigKeys (ConfUtils.java:logGet(43)) - raft.server.log.appender.buffer.byte-limit = 33554432 (custom)
2019-09-16 18:46:24,201 [pool-67-thread-1] INFO  server.RaftServerConfigKeys (ConfUtils.java:logGet(43)) - raft.server.log.use.memory = false (default)
2019-09-16 18:46:24,201 [pool-87-thread-1] INFO  server.RaftServerConfigKeys (ConfUtils.java:logGet(43)) - raft.server.log.segment.size.max = 1048576 (custom)
2019-09-16 18:46:24,201 [pool-37-thread-1] INFO  server.RaftServerConfigKeys (ConfUtils.java:logGet(43)) - raft.server.log.purge.gap = 1000000 (custom)
2019-09-16 18:46:24,202 [pool-87-thread-1] INFO  server.RaftServerConfigKeys (ConfUtils.java:logGet(43)) - raft.server.log.segment.cache.num.max = 2 (custom)
2019-09-16 18:46:24,201 [pool-67-thread-1] INFO  server.RaftServerConfigKeys (ConfUtils.java:logGet(43)) - raft.server.log.purge.gap = 1000000 (custom)
2019-09-16 18:46:24,202 [pool-87-thread-1] INFO  segmented.SegmentedRaftLogWorker (SegmentedRaftLogWorker.java:<init>(172)) - new 6b668dd7-26f3-4a2a-98d6-977366dc8866@group-4078FEE62CC7-SegmentedRaftLogWorker for RaftStorage:Storage Directory /workdir/hadoop-ozone/integration-test/target/test-dir/MiniOzoneClusterImpl-d4df22cc-0c2d-486e-a6a7-bea08512b785/datanode-6/data/ratis/ee193e73-9f12-488c-b78c-4078fee62cc7
2019-09-16 18:46:24,202 [pool-37-thread-1] INFO  server.RaftServerConfigKeys (ConfUtils.java:logGet(43)) - raft.server.log.appender.buffer.byte-limit = 33554432 (custom)
2019-09-16 18:46:24,202 [pool-87-thread-1] INFO  server.RaftServerConfigKeys (ConfUtils.java:logGet(43)) - raft.server.log.queue.byte-limit = 2147483647 (custom)
2019-09-16 18:46:24,202 [pool-67-thread-1] INFO  server.RaftServerConfigKeys (ConfUtils.java:logGet(43)) - raft.server.log.appender.buffer.byte-limit = 33554432 (custom)
2019-09-16 18:46:24,202 [pool-87-thread-1] INFO  server.RaftServerConfigKeys (ConfUtils.java:logGet(43)) - raft.server.log.queue.element-limit = 1024 (custom)
2019-09-16 18:46:24,202 [pool-37-thread-1] INFO  server.RaftServerConfigKeys (ConfUtils.java:logGet(43)) - raft.server.log.segment.size.max = 1048576 (custom)
2019-09-16 18:46:24,203 [pool-87-thread-1] INFO  server.RaftServerConfigKeys (ConfUtils.java:logGet(43)) - raft.server.log.segment.size.max = 1048576 (custom)
2019-09-16 18:46:24,202 [pool-67-thread-1] INFO  server.RaftServerConfigKeys (ConfUtils.java:logGet(43)) - raft.server.log.segment.size.max = 1048576 (custom)
2019-09-16 18:46:24,203 [pool-87-thread-1] INFO  server.RaftServerConfigKeys (ConfUtils.java:logGet(43)) - raft.server.log.preallocated.size = 16384 (custom)
2019-09-16 18:46:24,203 [pool-37-thread-1] INFO  server.RaftServerConfigKeys (ConfUtils.java:logGet(43)) - raft.server.log.segment.cache.num.max = 2 (custom)
2019-09-16 18:46:24,203 [pool-87-thread-1] INFO  server.RaftServerConfigKeys (ConfUtils.java:logGet(43)) - raft.server.log.write.buffer.size = 33554432 (custom)
2019-09-16 18:46:24,203 [pool-67-thread-1] INFO  server.RaftServerConfigKeys (ConfUtils.java:logGet(43)) - raft.server.log.segment.cache.num.max = 2 (custom)
2019-09-16 18:46:24,203 [pool-87-thread-1] INFO  server.RaftServerConfigKeys (ConfUtils.java:logGet(43)) - raft.server.log.force.sync.num = 128 (default)
2019-09-16 18:46:24,203 [pool-37-thread-1] INFO  segmented.SegmentedRaftLogWorker (SegmentedRaftLogWorker.java:<init>(172)) - new e23021be-5025-43ec-901b-8f315bf6442a@group-4078FEE62CC7-SegmentedRaftLogWorker for RaftStorage:Storage Directory /workdir/hadoop-ozone/integration-test/target/test-dir/MiniOzoneClusterImpl-d4df22cc-0c2d-486e-a6a7-bea08512b785/datanode-1/data/ratis/ee193e73-9f12-488c-b78c-4078fee62cc7
2019-09-16 18:46:24,203 [pool-87-thread-1] INFO  server.RaftServerConfigKeys (ConfUtils.java:logGet(43)) - raft.server.log.statemachine.data.sync = true (default)
2019-09-16 18:46:24,204 [pool-87-thread-1] INFO  server.RaftServerConfigKeys (ConfUtils.java:logGet(43)) - raft.server.log.statemachine.data.sync.timeout = 10s (default)
2019-09-16 18:46:24,203 [pool-67-thread-1] INFO  segmented.SegmentedRaftLogWorker (SegmentedRaftLogWorker.java:<init>(172)) - new bee99600-be87-4e2f-bca1-493826cfa9f4@group-4078FEE62CC7-SegmentedRaftLogWorker for RaftStorage:Storage Directory /workdir/hadoop-ozone/integration-test/target/test-dir/MiniOzoneClusterImpl-d4df22cc-0c2d-486e-a6a7-bea08512b785/datanode-4/data/ratis/ee193e73-9f12-488c-b78c-4078fee62cc7
2019-09-16 18:46:24,204 [pool-87-thread-1] INFO  server.RaftServerConfigKeys (ConfUtils.java:logGet(43)) - raft.server.log.statemachine.data.sync.timeout.retry = -1 (default)
2019-09-16 18:46:24,204 [pool-37-thread-1] INFO  server.RaftServerConfigKeys (ConfUtils.java:logGet(43)) - raft.server.log.queue.byte-limit = 2147483647 (custom)
2019-09-16 18:46:24,204 [pool-87-thread-1] INFO  server.RaftServerConfigKeys (ConfUtils.java:logGet(43)) - raft.server.log.statemachine.data.caching.enabled = true (custom)
2019-09-16 18:46:24,204 [pool-67-thread-1] INFO  server.RaftServerConfigKeys (ConfUtils.java:logGet(43)) - raft.server.log.queue.byte-limit = 2147483647 (custom)
2019-09-16 18:46:24,204 [pool-87-thread-1] INFO  segmented.SegmentedRaftLogWorker (SegmentedRaftLogWorker.java:lambda$new$0(132)) - 6b668dd7-26f3-4a2a-98d6-977366dc8866@group-4078FEE62CC7-SegmentedRaftLogWorker: flushIndex: setUnconditionally 0 -> -1
2019-09-16 18:46:24,204 [pool-67-thread-1] INFO  server.RaftServerConfigKeys (ConfUtils.java:logGet(43)) - raft.server.log.queue.element-limit = 1024 (custom)
2019-09-16 18:46:24,204 [pool-37-thread-1] INFO  server.RaftServerConfigKeys (ConfUtils.java:logGet(43)) - raft.server.log.queue.element-limit = 1024 (custom)
2019-09-16 18:46:24,205 [pool-67-thread-1] INFO  server.RaftServerConfigKeys (ConfUtils.java:logGet(43)) - raft.server.log.segment.size.max = 1048576 (custom)
2019-09-16 18:46:24,205 [pool-87-thread-1] INFO  server.RaftServerConfigKeys (ConfUtils.java:logGet(43)) - raft.server.snapshot.auto.trigger.enabled = true (custom)
2019-09-16 18:46:24,205 [pool-67-thread-1] INFO  server.RaftServerConfigKeys (ConfUtils.java:logGet(43)) - raft.server.log.preallocated.size = 16384 (custom)
2019-09-16 18:46:24,205 [pool-37-thread-1] INFO  server.RaftServerConfigKeys (ConfUtils.java:logGet(43)) - raft.server.log.segment.size.max = 1048576 (custom)
2019-09-16 18:46:24,205 [pool-67-thread-1] INFO  server.RaftServerConfigKeys (ConfUtils.java:logGet(43)) - raft.server.log.write.buffer.size = 33554432 (custom)
2019-09-16 18:46:24,205 [pool-87-thread-1] INFO  server.RaftServerConfigKeys (ConfUtils.java:logGet(43)) - raft.server.snapshot.auto.trigger.threshold = 10000 (custom)
2019-09-16 18:46:24,206 [pool-67-thread-1] INFO  server.RaftServerConfigKeys (ConfUtils.java:logGet(43)) - raft.server.log.force.sync.num = 128 (default)
2019-09-16 18:46:24,205 [pool-37-thread-1] INFO  server.RaftServerConfigKeys (ConfUtils.java:logGet(43)) - raft.server.log.preallocated.size = 16384 (custom)
2019-09-16 18:46:24,206 [pool-67-thread-1] INFO  server.RaftServerConfigKeys (ConfUtils.java:logGet(43)) - raft.server.log.statemachine.data.sync = true (default)
2019-09-16 18:46:24,206 [pool-87-thread-1] INFO  server.RaftServerConfigKeys (ConfUtils.java:logGet(43)) - raft.server.snapshot.retention.num.files = -1 (default)
2019-09-16 18:46:24,206 [pool-67-thread-1] INFO  server.RaftServerConfigKeys (ConfUtils.java:logGet(43)) - raft.server.log.statemachine.data.sync.timeout = 10s (default)
2019-09-16 18:46:24,206 [pool-37-thread-1] INFO  server.RaftServerConfigKeys (ConfUtils.java:logGet(43)) - raft.server.log.write.buffer.size = 33554432 (custom)
2019-09-16 18:46:24,206 [pool-67-thread-1] INFO  server.RaftServerConfigKeys (ConfUtils.java:logGet(43)) - raft.server.log.statemachine.data.sync.timeout.retry = -1 (default)
2019-09-16 18:46:24,206 [pool-87-thread-1] INFO  server.RaftServerConfigKeys (ConfUtils.java:logGet(43)) - raft.server.retrycache.expirytime = 600000ms (custom)
2019-09-16 18:46:24,207 [pool-67-thread-1] INFO  server.RaftServerConfigKeys (ConfUtils.java:logGet(43)) - raft.server.log.statemachine.data.caching.enabled = true (custom)
2019-09-16 18:46:24,206 [pool-37-thread-1] INFO  server.RaftServerConfigKeys (ConfUtils.java:logGet(43)) - raft.server.log.force.sync.num = 128 (default)
2019-09-16 18:46:24,207 [pool-37-thread-1] INFO  server.RaftServerConfigKeys (ConfUtils.java:logGet(43)) - raft.server.log.statemachine.data.sync = true (default)
2019-09-16 18:46:24,207 [pool-37-thread-1] INFO  server.RaftServerConfigKeys (ConfUtils.java:logGet(43)) - raft.server.log.statemachine.data.sync.timeout = 10s (default)
2019-09-16 18:46:24,207 [pool-67-thread-1] INFO  segmented.SegmentedRaftLogWorker (SegmentedRaftLogWorker.java:lambda$new$0(132)) - bee99600-be87-4e2f-bca1-493826cfa9f4@group-4078FEE62CC7-SegmentedRaftLogWorker: flushIndex: setUnconditionally 0 -> -1
2019-09-16 18:46:24,207 [pool-37-thread-1] INFO  server.RaftServerConfigKeys (ConfUtils.java:logGet(43)) - raft.server.log.statemachine.data.sync.timeout.retry = -1 (default)
2019-09-16 18:46:24,208 [pool-37-thread-1] INFO  server.RaftServerConfigKeys (ConfUtils.java:logGet(43)) - raft.server.log.statemachine.data.caching.enabled = true (custom)
2019-09-16 18:46:24,208 [pool-67-thread-1] INFO  server.RaftServerConfigKeys (ConfUtils.java:logGet(43)) - raft.server.snapshot.auto.trigger.enabled = true (custom)
2019-09-16 18:46:24,208 [pool-37-thread-1] INFO  segmented.SegmentedRaftLogWorker (SegmentedRaftLogWorker.java:lambda$new$0(132)) - e23021be-5025-43ec-901b-8f315bf6442a@group-4078FEE62CC7-SegmentedRaftLogWorker: flushIndex: setUnconditionally 0 -> -1
2019-09-16 18:46:24,208 [pool-67-thread-1] INFO  server.RaftServerConfigKeys (ConfUtils.java:logGet(43)) - raft.server.snapshot.auto.trigger.threshold = 10000 (custom)
2019-09-16 18:46:24,208 [pool-37-thread-1] INFO  server.RaftServerConfigKeys (ConfUtils.java:logGet(43)) - raft.server.snapshot.auto.trigger.enabled = true (custom)
2019-09-16 18:46:24,208 [pool-67-thread-1] INFO  server.RaftServerConfigKeys (ConfUtils.java:logGet(43)) - raft.server.snapshot.retention.num.files = -1 (default)
2019-09-16 18:46:24,208 [pool-37-thread-1] INFO  server.RaftServerConfigKeys (ConfUtils.java:logGet(43)) - raft.server.snapshot.auto.trigger.threshold = 10000 (custom)
2019-09-16 18:46:24,208 [pool-37-thread-1] INFO  server.RaftServerConfigKeys (ConfUtils.java:logGet(43)) - raft.server.snapshot.retention.num.files = -1 (default)
2019-09-16 18:46:24,209 [pool-67-thread-1] INFO  server.RaftServerConfigKeys (ConfUtils.java:logGet(43)) - raft.server.retrycache.expirytime = 600000ms (custom)
2019-09-16 18:46:24,209 [pool-37-thread-1] INFO  server.RaftServerConfigKeys (ConfUtils.java:logGet(43)) - raft.server.retrycache.expirytime = 600000ms (custom)
2019-09-16 18:46:24,209 [pool-87-thread-1] INFO  impl.RaftServerImpl (RaftServerImpl.java:start(185)) - 6b668dd7-26f3-4a2a-98d6-977366dc8866@group-4078FEE62CC7: start as a follower, conf=-1: [6b668dd7-26f3-4a2a-98d6-977366dc8866:192.168.34.56:41068, e23021be-5025-43ec-901b-8f315bf6442a:192.168.34.56:36953, bee99600-be87-4e2f-bca1-493826cfa9f4:192.168.34.56:42923], old=null
2019-09-16 18:46:24,209 [pool-87-thread-1] INFO  impl.RaftServerImpl (RaftServerImpl.java:setRole(174)) - 6b668dd7-26f3-4a2a-98d6-977366dc8866@group-4078FEE62CC7: changes role from      null to FOLLOWER at term 0 for startAsFollower
2019-09-16 18:46:24,210 [pool-87-thread-1] INFO  impl.RoleInfo (RoleInfo.java:updateAndGet(143)) - 6b668dd7-26f3-4a2a-98d6-977366dc8866: start FollowerState
2019-09-16 18:46:24,210 [pool-87-thread-1] INFO  util.JmxRegister (JmxRegister.java:tryRegister(44)) - Successfully registered JMX Bean with object name Ratis:service=RaftServer,group=group-4078FEE62CC7,id=6b668dd7-26f3-4a2a-98d6-977366dc8866
2019-09-16 18:46:24,214 [pool-37-thread-1] INFO  impl.RaftServerImpl (RaftServerImpl.java:start(185)) - e23021be-5025-43ec-901b-8f315bf6442a@group-4078FEE62CC7: start as a follower, conf=-1: [6b668dd7-26f3-4a2a-98d6-977366dc8866:192.168.34.56:41068, e23021be-5025-43ec-901b-8f315bf6442a:192.168.34.56:36953, bee99600-be87-4e2f-bca1-493826cfa9f4:192.168.34.56:42923], old=null
2019-09-16 18:46:24,215 [pool-37-thread-1] INFO  impl.RaftServerImpl (RaftServerImpl.java:setRole(174)) - e23021be-5025-43ec-901b-8f315bf6442a@group-4078FEE62CC7: changes role from      null to FOLLOWER at term 0 for startAsFollower
2019-09-16 18:46:24,215 [pool-37-thread-1] INFO  impl.RoleInfo (RoleInfo.java:updateAndGet(143)) - e23021be-5025-43ec-901b-8f315bf6442a: start FollowerState
2019-09-16 18:46:24,215 [pool-37-thread-1] INFO  util.JmxRegister (JmxRegister.java:tryRegister(44)) - Successfully registered JMX Bean with object name Ratis:service=RaftServer,group=group-4078FEE62CC7,id=e23021be-5025-43ec-901b-8f315bf6442a
2019-09-16 18:46:24,215 [pool-67-thread-1] INFO  impl.RaftServerImpl (RaftServerImpl.java:start(185)) - bee99600-be87-4e2f-bca1-493826cfa9f4@group-4078FEE62CC7: start as a follower, conf=-1: [6b668dd7-26f3-4a2a-98d6-977366dc8866:192.168.34.56:41068, e23021be-5025-43ec-901b-8f315bf6442a:192.168.34.56:36953, bee99600-be87-4e2f-bca1-493826cfa9f4:192.168.34.56:42923], old=null
2019-09-16 18:46:24,215 [pool-67-thread-1] INFO  impl.RaftServerImpl (RaftServerImpl.java:setRole(174)) - bee99600-be87-4e2f-bca1-493826cfa9f4@group-4078FEE62CC7: changes role from      null to FOLLOWER at term 0 for startAsFollower
2019-09-16 18:46:24,215 [pool-67-thread-1] INFO  impl.RoleInfo (RoleInfo.java:updateAndGet(143)) - bee99600-be87-4e2f-bca1-493826cfa9f4: start FollowerState
2019-09-16 18:46:24,217 [pool-67-thread-1] INFO  util.JmxRegister (JmxRegister.java:tryRegister(44)) - Successfully registered JMX Bean with object name Ratis:service=RaftServer,group=group-4078FEE62CC7,id=bee99600-be87-4e2f-bca1-493826cfa9f4
2019-09-16 18:46:24,221 [RatisPipelineUtilsThread] INFO  pipeline.PipelineStateManager (PipelineStateManager.java:addPipeline(56)) - Created pipeline Pipeline[ Id: ee193e73-9f12-488c-b78c-4078fee62cc7, Nodes: e23021be-5025-43ec-901b-8f315bf6442a{ip: 192.168.34.56, host: pr-hdds-2111-hlhfn-3535364396, networkLocation: /default-rack, certSerialId: null}bee99600-be87-4e2f-bca1-493826cfa9f4{ip: 192.168.34.56, host: pr-hdds-2111-hlhfn-3535364396, networkLocation: /default-rack, certSerialId: null}6b668dd7-26f3-4a2a-98d6-977366dc8866{ip: 192.168.34.56, host: pr-hdds-2111-hlhfn-3535364396, networkLocation: /default-rack, certSerialId: null}, Type:RATIS, Factor:THREE, State:OPEN]
2019-09-16 18:46:24,507 [main] WARN  io.KeyOutputStream (KeyOutputStream.java:handleException(276)) - Encountered exception java.io.IOException: Unexpected Storage Container Exception: java.util.concurrent.CompletionException: java.util.concurrent.CompletionException: org.apache.ratis.protocol.GroupMismatchException: 6b668dd7-26f3-4a2a-98d6-977366dc8866: group-38292DBBEB79 not found. on the pipeline Pipeline[ Id: 1d7dcb15-e5cd-44a0-a20f-38292dbbeb79, Nodes: e23021be-5025-43ec-901b-8f315bf6442a{ip: 192.168.34.56, host: pr-hdds-2111-hlhfn-3535364396, networkLocation: /default-rack, certSerialId: null}bee99600-be87-4e2f-bca1-493826cfa9f4{ip: 192.168.34.56, host: pr-hdds-2111-hlhfn-3535364396, networkLocation: /default-rack, certSerialId: null}6b668dd7-26f3-4a2a-98d6-977366dc8866{ip: 192.168.34.56, host: pr-hdds-2111-hlhfn-3535364396, networkLocation: /default-rack, certSerialId: null}, Type:RATIS, Factor:THREE, State:OPEN]. The last committed block length is 0, uncommitted data length is 250 retry count 0
2019-09-16 18:46:24,552 [grpc-default-executor-1] INFO  client.GrpcClientProtocolClient (GrpcClientProtocolClient.java:onNext(264)) - client-48CB266057AC->e8c1cc56-fd3a-4c1f-a15b-7334942b67be: receive RaftClientReply:client-48CB266057AC->e8c1cc56-fd3a-4c1f-a15b-7334942b67be@group-3233B5392349, cid=27, FAILED org.apache.ratis.protocol.NotLeaderException: Server e8c1cc56-fd3a-4c1f-a15b-7334942b67be@group-3233B5392349 is not the leader e9384e49-5c15-4fe8-918f-d27f1539ccef:192.168.34.56:34651, logIndex=0, commits[e8c1cc56-fd3a-4c1f-a15b-7334942b67be:c0, e9384e49-5c15-4fe8-918f-d27f1539ccef:c0, d6e5a99c-4067-45a5-9f51-68f82ac62b1e:c0]
2019-09-16 18:46:24,665 [grpc-default-executor-1] INFO  client.GrpcClientProtocolClient (GrpcClientProtocolClient.java:onNext(264)) - client-48CB266057AC->e9384e49-5c15-4fe8-918f-d27f1539ccef: receive RaftClientReply:client-48CB266057AC->e9384e49-5c15-4fe8-918f-d27f1539ccef@group-3233B5392349, cid=27, SUCCESS, logIndex=1, commits[e9384e49-5c15-4fe8-918f-d27f1539ccef:c1, d6e5a99c-4067-45a5-9f51-68f82ac62b1e:c0, e8c1cc56-fd3a-4c1f-a15b-7334942b67be:c0]
2019-09-16 18:46:24,686 [grpc-default-executor-4] INFO  client.GrpcClientProtocolClient (GrpcClientProtocolClient.java:onNext(264)) - client-48CB266057AC->e9384e49-5c15-4fe8-918f-d27f1539ccef: receive RaftClientReply:client-48CB266057AC->e9384e49-5c15-4fe8-918f-d27f1539ccef@group-3233B5392349, cid=28, SUCCESS, logIndex=3, commits[e9384e49-5c15-4fe8-918f-d27f1539ccef:c5, d6e5a99c-4067-45a5-9f51-68f82ac62b1e:c2, e8c1cc56-fd3a-4c1f-a15b-7334942b67be:c2]
2019-09-16 18:46:24,721 [grpc-default-executor-4] INFO  client.GrpcClientProtocolClient (GrpcClientProtocolClient.java:onNext(264)) - client-48CB266057AC->e9384e49-5c15-4fe8-918f-d27f1539ccef: receive RaftClientReply:client-48CB266057AC->e9384e49-5c15-4fe8-918f-d27f1539ccef@group-3233B5392349, cid=29, SUCCESS, logIndex=4, commits[e9384e49-5c15-4fe8-918f-d27f1539ccef:c10, d6e5a99c-4067-45a5-9f51-68f82ac62b1e:c6, e8c1cc56-fd3a-4c1f-a15b-7334942b67be:c6]
2019-09-16 18:46:24,723 [grpc-default-executor-4] INFO  client.GrpcClientProtocolClient (GrpcClientProtocolClient.java:onNext(264)) - client-48CB266057AC->e9384e49-5c15-4fe8-918f-d27f1539ccef: receive RaftClientReply:client-48CB266057AC->e9384e49-5c15-4fe8-918f-d27f1539ccef@group-3233B5392349, cid=30, SUCCESS, logIndex=5, commits[e9384e49-5c15-4fe8-918f-d27f1539ccef:c10, d6e5a99c-4067-45a5-9f51-68f82ac62b1e:c6, e8c1cc56-fd3a-4c1f-a15b-7334942b67be:c6]
2019-09-16 18:46:24,784 [grpc-default-executor-4] INFO  client.GrpcClientProtocolClient (GrpcClientProtocolClient.java:onNext(264)) - client-48CB266057AC->e9384e49-5c15-4fe8-918f-d27f1539ccef: receive RaftClientReply:client-48CB266057AC->e9384e49-5c15-4fe8-918f-d27f1539ccef@group-3233B5392349, cid=31, SUCCESS, logIndex=6, commits[e9384e49-5c15-4fe8-918f-d27f1539ccef:c10, d6e5a99c-4067-45a5-9f51-68f82ac62b1e:c6, e8c1cc56-fd3a-4c1f-a15b-7334942b67be:c6]
]]></system-out>
  </testcase>
  <testcase name="testMultiChunkWrite" classname="org.apache.hadoop.ozone.client.rpc.TestBlockOutputStream" time="186.769">
    <failure message="expected:&lt;10&gt; but was:&lt;12&gt;" type="java.lang.AssertionError"><![CDATA[java.lang.AssertionError: expected:<10> but was:<12>
	at org.junit.Assert.fail(Assert.java:88)
	at org.junit.Assert.failNotEquals(Assert.java:743)
	at org.junit.Assert.assertEquals(Assert.java:118)
	at org.junit.Assert.assertEquals(Assert.java:555)
	at org.junit.Assert.assertEquals(Assert.java:542)
	at org.apache.hadoop.ozone.client.rpc.TestBlockOutputStream.testMultiChunkWrite(TestBlockOutputStream.java:364)
	at sun.reflect.NativeMethodAccessorImpl.invoke0(Native Method)
	at sun.reflect.NativeMethodAccessorImpl.invoke(NativeMethodAccessorImpl.java:62)
	at sun.reflect.DelegatingMethodAccessorImpl.invoke(DelegatingMethodAccessorImpl.java:43)
	at java.lang.reflect.Method.invoke(Method.java:498)
	at org.junit.runners.model.FrameworkMethod$1.runReflectiveCall(FrameworkMethod.java:47)
	at org.junit.internal.runners.model.ReflectiveCallable.run(ReflectiveCallable.java:12)
	at org.junit.runners.model.FrameworkMethod.invokeExplosively(FrameworkMethod.java:44)
	at org.junit.internal.runners.statements.InvokeMethod.evaluate(InvokeMethod.java:17)
	at org.junit.runners.ParentRunner.runLeaf(ParentRunner.java:271)
	at org.junit.runners.BlockJUnit4ClassRunner.runChild(BlockJUnit4ClassRunner.java:70)
	at org.junit.runners.BlockJUnit4ClassRunner.runChild(BlockJUnit4ClassRunner.java:50)
	at org.junit.runners.ParentRunner$3.run(ParentRunner.java:238)
	at org.junit.runners.ParentRunner$1.schedule(ParentRunner.java:63)
	at org.junit.runners.ParentRunner.runChildren(ParentRunner.java:236)
	at org.junit.runners.ParentRunner.access$000(ParentRunner.java:53)
	at org.junit.runners.ParentRunner$2.evaluate(ParentRunner.java:229)
	at org.junit.internal.runners.statements.RunBefores.evaluate(RunBefores.java:26)
	at org.junit.internal.runners.statements.RunAfters.evaluate(RunAfters.java:27)
	at org.junit.runners.ParentRunner.run(ParentRunner.java:309)
	at org.apache.maven.surefire.junit4.JUnit4Provider.execute(JUnit4Provider.java:365)
	at org.apache.maven.surefire.junit4.JUnit4Provider.executeWithRerun(JUnit4Provider.java:273)
	at org.apache.maven.surefire.junit4.JUnit4Provider.executeTestSet(JUnit4Provider.java:238)
	at org.apache.maven.surefire.junit4.JUnit4Provider.invoke(JUnit4Provider.java:159)
	at org.apache.maven.surefire.booter.ForkedBooter.invokeProviderInSameClassLoader(ForkedBooter.java:384)
	at org.apache.maven.surefire.booter.ForkedBooter.runSuitesInProcess(ForkedBooter.java:345)
	at org.apache.maven.surefire.booter.ForkedBooter.execute(ForkedBooter.java:126)
	at org.apache.maven.surefire.booter.ForkedBooter.main(ForkedBooter.java:418)
]]></failure>
    <system-out><![CDATA[2019-09-16 18:46:26,701 [grpc-default-executor-1] INFO  impl.RaftServerProxy (RaftServerProxy.java:remove(95)) - e23021be-5025-43ec-901b-8f315bf6442a: remove group-38292DBBEB79:null
2019-09-16 18:46:26,709 [RatisPipelineUtilsThread] WARN  pipeline.RatisPipelineUtils (RatisPipelineUtils.java:destroyPipeline(66)) - Pipeline destroy failed for pipeline=PipelineID=1d7dcb15-e5cd-44a0-a20f-38292dbbeb79 dn=e23021be-5025-43ec-901b-8f315bf6442a{ip: 192.168.34.56, host: pr-hdds-2111-hlhfn-3535364396, networkLocation: /default-rack, certSerialId: null}
2019-09-16 18:46:26,714 [grpc-default-executor-1] INFO  impl.RaftServerProxy (RaftServerProxy.java:remove(95)) - bee99600-be87-4e2f-bca1-493826cfa9f4: remove group-38292DBBEB79:null
2019-09-16 18:46:26,720 [RatisPipelineUtilsThread] WARN  pipeline.RatisPipelineUtils (RatisPipelineUtils.java:destroyPipeline(66)) - Pipeline destroy failed for pipeline=PipelineID=1d7dcb15-e5cd-44a0-a20f-38292dbbeb79 dn=bee99600-be87-4e2f-bca1-493826cfa9f4{ip: 192.168.34.56, host: pr-hdds-2111-hlhfn-3535364396, networkLocation: /default-rack, certSerialId: null}
2019-09-16 18:46:26,734 [grpc-default-executor-1] INFO  impl.RaftServerProxy (RaftServerProxy.java:remove(95)) - 6b668dd7-26f3-4a2a-98d6-977366dc8866: remove group-38292DBBEB79:null
2019-09-16 18:46:26,741 [RatisPipelineUtilsThread] WARN  pipeline.RatisPipelineUtils (RatisPipelineUtils.java:destroyPipeline(66)) - Pipeline destroy failed for pipeline=PipelineID=1d7dcb15-e5cd-44a0-a20f-38292dbbeb79 dn=6b668dd7-26f3-4a2a-98d6-977366dc8866{ip: 192.168.34.56, host: pr-hdds-2111-hlhfn-3535364396, networkLocation: /default-rack, certSerialId: null}
2019-09-16 18:46:26,742 [RatisPipelineUtilsThread] ERROR pipeline.SCMPipelineManager (Scheduler.java:lambda$schedule$1(70)) - Destroy pipeline failed for pipeline:Pipeline[ Id: 1d7dcb15-e5cd-44a0-a20f-38292dbbeb79, Nodes: e23021be-5025-43ec-901b-8f315bf6442a{ip: 192.168.34.56, host: pr-hdds-2111-hlhfn-3535364396, networkLocation: /default-rack, certSerialId: null}bee99600-be87-4e2f-bca1-493826cfa9f4{ip: 192.168.34.56, host: pr-hdds-2111-hlhfn-3535364396, networkLocation: /default-rack, certSerialId: null}6b668dd7-26f3-4a2a-98d6-977366dc8866{ip: 192.168.34.56, host: pr-hdds-2111-hlhfn-3535364396, networkLocation: /default-rack, certSerialId: null}, Type:RATIS, Factor:THREE, State:CLOSED]
org.apache.hadoop.hdds.scm.pipeline.PipelineNotFoundException: PipelineID=1d7dcb15-e5cd-44a0-a20f-38292dbbeb79 not found
	at org.apache.hadoop.hdds.scm.pipeline.PipelineStateMap.getPipeline(PipelineStateMap.java:132)
	at org.apache.hadoop.hdds.scm.pipeline.PipelineStateMap.removePipeline(PipelineStateMap.java:322)
	at org.apache.hadoop.hdds.scm.pipeline.PipelineStateManager.removePipeline(PipelineStateManager.java:107)
	at org.apache.hadoop.hdds.scm.pipeline.SCMPipelineManager.removePipeline(SCMPipelineManager.java:423)
	at org.apache.hadoop.hdds.scm.pipeline.SCMPipelineManager.destroyPipeline(SCMPipelineManager.java:409)
	at org.apache.hadoop.hdds.scm.pipeline.SCMPipelineManager.lambda$finalizeAndDestroyPipeline$0(SCMPipelineManager.java:318)
	at org.apache.hadoop.utils.Scheduler.lambda$schedule$1(Scheduler.java:68)
	at java.util.concurrent.Executors$RunnableAdapter.call(Executors.java:511)
	at java.util.concurrent.FutureTask.run(FutureTask.java:266)
	at java.util.concurrent.ScheduledThreadPoolExecutor$ScheduledFutureTask.access$201(ScheduledThreadPoolExecutor.java:180)
	at java.util.concurrent.ScheduledThreadPoolExecutor$ScheduledFutureTask.run(ScheduledThreadPoolExecutor.java:293)
	at java.util.concurrent.ThreadPoolExecutor.runWorker(ThreadPoolExecutor.java:1149)
	at java.util.concurrent.ThreadPoolExecutor$Worker.run(ThreadPoolExecutor.java:624)
	at java.lang.Thread.run(Thread.java:748)
2019-09-16 18:46:27,813 [java.util.concurrent.ThreadPoolExecutor$Worker@37302aeb[State = -1, empty queue]] WARN  server.GrpcLogAppender (GrpcLogAppender.java:timeoutAppendRequest(200)) - e9384e49-5c15-4fe8-918f-d27f1539ccef@group-3233B5392349->e8c1cc56-fd3a-4c1f-a15b-7334942b67be-GrpcLogAppender: appendEntries Timeout, request=e9384e49-5c15-4fe8-918f-d27f1539ccef->e8c1cc56-fd3a-4c1f-a15b-7334942b67be#87-t1, previous=(t:1, i:10), leaderCommit=10, initializing? false, entries: size=1, first=(t:1, i:11), STATEMACHINELOGENTRY, client-48CB266057AC, cid=32
2019-09-16 18:46:27,813 [java.util.concurrent.ThreadPoolExecutor$Worker@360b2eea[State = -1, empty queue]] WARN  server.GrpcLogAppender (GrpcLogAppender.java:timeoutAppendRequest(200)) - e9384e49-5c15-4fe8-918f-d27f1539ccef@group-3233B5392349->d6e5a99c-4067-45a5-9f51-68f82ac62b1e-GrpcLogAppender: appendEntries Timeout, request=e9384e49-5c15-4fe8-918f-d27f1539ccef->d6e5a99c-4067-45a5-9f51-68f82ac62b1e#87-t1, previous=(t:1, i:10), leaderCommit=10, initializing? false, entries: size=1, first=(t:1, i:11), STATEMACHINELOGENTRY, client-48CB266057AC, cid=32
2019-09-16 18:46:27,813 [java.util.concurrent.ThreadPoolExecutor$Worker@37302aeb[State = -1, empty queue]] WARN  server.GrpcLogAppender (GrpcLogAppender.java:timeoutAppendRequest(200)) - e9384e49-5c15-4fe8-918f-d27f1539ccef@group-3233B5392349->e8c1cc56-fd3a-4c1f-a15b-7334942b67be-GrpcLogAppender: appendEntries Timeout, request=e9384e49-5c15-4fe8-918f-d27f1539ccef->e8c1cc56-fd3a-4c1f-a15b-7334942b67be#88-t1, previous=(t:1, i:11), leaderCommit=10, initializing? false, entries: size=1, first=(t:1, i:12), STATEMACHINELOGENTRY, client-48CB266057AC, cid=33
2019-09-16 18:46:27,813 [java.util.concurrent.ThreadPoolExecutor$Worker@360b2eea[State = -1, empty queue]] WARN  server.GrpcLogAppender (GrpcLogAppender.java:timeoutAppendRequest(200)) - e9384e49-5c15-4fe8-918f-d27f1539ccef@group-3233B5392349->d6e5a99c-4067-45a5-9f51-68f82ac62b1e-GrpcLogAppender: appendEntries Timeout, request=e9384e49-5c15-4fe8-918f-d27f1539ccef->d6e5a99c-4067-45a5-9f51-68f82ac62b1e#88-t1, previous=(t:1, i:11), leaderCommit=10, initializing? false, entries: size=1, first=(t:1, i:12), STATEMACHINELOGENTRY, client-48CB266057AC, cid=33
2019-09-16 18:46:27,814 [java.util.concurrent.ThreadPoolExecutor$Worker@360b2eea[State = -1, empty queue]] WARN  server.GrpcLogAppender (GrpcLogAppender.java:timeoutAppendRequest(200)) - e9384e49-5c15-4fe8-918f-d27f1539ccef@group-3233B5392349->d6e5a99c-4067-45a5-9f51-68f82ac62b1e-GrpcLogAppender: appendEntries Timeout, request=e9384e49-5c15-4fe8-918f-d27f1539ccef->d6e5a99c-4067-45a5-9f51-68f82ac62b1e#89-t1, previous=(t:1, i:12), leaderCommit=10, initializing? false, entries: size=1, first=(t:1, i:13), STATEMACHINELOGENTRY, client-48CB266057AC, cid=34
2019-09-16 18:46:27,815 [java.util.concurrent.ThreadPoolExecutor$Worker@37302aeb[State = -1, empty queue]] WARN  server.GrpcLogAppender (GrpcLogAppender.java:timeoutAppendRequest(200)) - e9384e49-5c15-4fe8-918f-d27f1539ccef@group-3233B5392349->e8c1cc56-fd3a-4c1f-a15b-7334942b67be-GrpcLogAppender: appendEntries Timeout, request=e9384e49-5c15-4fe8-918f-d27f1539ccef->e8c1cc56-fd3a-4c1f-a15b-7334942b67be#89-t1, previous=(t:1, i:12), leaderCommit=10, initializing? false, entries: size=1, first=(t:1, i:13), STATEMACHINELOGENTRY, client-48CB266057AC, cid=34
2019-09-16 18:46:28,705 [grpc-default-executor-4] INFO  impl.RaftServerProxy (RaftServerProxy.java:remove(95)) - e23021be-5025-43ec-901b-8f315bf6442a: remove group-38292DBBEB79:null
2019-09-16 18:46:28,715 [RatisPipelineUtilsThread] WARN  pipeline.RatisPipelineUtils (RatisPipelineUtils.java:destroyPipeline(66)) - Pipeline destroy failed for pipeline=PipelineID=1d7dcb15-e5cd-44a0-a20f-38292dbbeb79 dn=e23021be-5025-43ec-901b-8f315bf6442a{ip: 192.168.34.56, host: pr-hdds-2111-hlhfn-3535364396, networkLocation: /default-rack, certSerialId: null}
2019-09-16 18:46:28,721 [grpc-default-executor-4] INFO  impl.RaftServerProxy (RaftServerProxy.java:remove(95)) - bee99600-be87-4e2f-bca1-493826cfa9f4: remove group-38292DBBEB79:null
2019-09-16 18:46:28,726 [RatisPipelineUtilsThread] WARN  pipeline.RatisPipelineUtils (RatisPipelineUtils.java:destroyPipeline(66)) - Pipeline destroy failed for pipeline=PipelineID=1d7dcb15-e5cd-44a0-a20f-38292dbbeb79 dn=bee99600-be87-4e2f-bca1-493826cfa9f4{ip: 192.168.34.56, host: pr-hdds-2111-hlhfn-3535364396, networkLocation: /default-rack, certSerialId: null}
2019-09-16 18:46:28,732 [grpc-default-executor-4] INFO  impl.RaftServerProxy (RaftServerProxy.java:remove(95)) - 6b668dd7-26f3-4a2a-98d6-977366dc8866: remove group-38292DBBEB79:null
2019-09-16 18:46:28,738 [RatisPipelineUtilsThread] WARN  pipeline.RatisPipelineUtils (RatisPipelineUtils.java:destroyPipeline(66)) - Pipeline destroy failed for pipeline=PipelineID=1d7dcb15-e5cd-44a0-a20f-38292dbbeb79 dn=6b668dd7-26f3-4a2a-98d6-977366dc8866{ip: 192.168.34.56, host: pr-hdds-2111-hlhfn-3535364396, networkLocation: /default-rack, certSerialId: null}
2019-09-16 18:46:28,738 [RatisPipelineUtilsThread] ERROR pipeline.SCMPipelineManager (Scheduler.java:lambda$schedule$1(70)) - Destroy pipeline failed for pipeline:Pipeline[ Id: 1d7dcb15-e5cd-44a0-a20f-38292dbbeb79, Nodes: e23021be-5025-43ec-901b-8f315bf6442a{ip: 192.168.34.56, host: pr-hdds-2111-hlhfn-3535364396, networkLocation: /default-rack, certSerialId: null}bee99600-be87-4e2f-bca1-493826cfa9f4{ip: 192.168.34.56, host: pr-hdds-2111-hlhfn-3535364396, networkLocation: /default-rack, certSerialId: null}6b668dd7-26f3-4a2a-98d6-977366dc8866{ip: 192.168.34.56, host: pr-hdds-2111-hlhfn-3535364396, networkLocation: /default-rack, certSerialId: null}, Type:RATIS, Factor:THREE, State:CLOSED]
org.apache.hadoop.hdds.scm.pipeline.PipelineNotFoundException: PipelineID=1d7dcb15-e5cd-44a0-a20f-38292dbbeb79 not found
	at org.apache.hadoop.hdds.scm.pipeline.PipelineStateMap.getPipeline(PipelineStateMap.java:132)
	at org.apache.hadoop.hdds.scm.pipeline.PipelineStateMap.removePipeline(PipelineStateMap.java:322)
	at org.apache.hadoop.hdds.scm.pipeline.PipelineStateManager.removePipeline(PipelineStateManager.java:107)
	at org.apache.hadoop.hdds.scm.pipeline.SCMPipelineManager.removePipeline(SCMPipelineManager.java:423)
	at org.apache.hadoop.hdds.scm.pipeline.SCMPipelineManager.destroyPipeline(SCMPipelineManager.java:409)
	at org.apache.hadoop.hdds.scm.pipeline.SCMPipelineManager.lambda$finalizeAndDestroyPipeline$0(SCMPipelineManager.java:318)
	at org.apache.hadoop.utils.Scheduler.lambda$schedule$1(Scheduler.java:68)
	at java.util.concurrent.Executors$RunnableAdapter.call(Executors.java:511)
	at java.util.concurrent.FutureTask.run(FutureTask.java:266)
	at java.util.concurrent.ScheduledThreadPoolExecutor$ScheduledFutureTask.access$201(ScheduledThreadPoolExecutor.java:180)
	at java.util.concurrent.ScheduledThreadPoolExecutor$ScheduledFutureTask.run(ScheduledThreadPoolExecutor.java:293)
	at java.util.concurrent.ThreadPoolExecutor.runWorker(ThreadPoolExecutor.java:1149)
	at java.util.concurrent.ThreadPoolExecutor$Worker.run(ThreadPoolExecutor.java:624)
	at java.lang.Thread.run(Thread.java:748)
2019-09-16 18:46:29,224 [Thread-804] INFO  impl.FollowerState (FollowerState.java:run(106)) - bee99600-be87-4e2f-bca1-493826cfa9f4:group-4078FEE62CC7 changes to CANDIDATE, lastRpcTime:5008, electionTimeout:5008ms
2019-09-16 18:46:29,224 [Thread-804] INFO  impl.RoleInfo (RoleInfo.java:shutdownFollowerState(121)) - bee99600-be87-4e2f-bca1-493826cfa9f4: shutdown FollowerState
2019-09-16 18:46:29,225 [Thread-804] INFO  impl.RaftServerImpl (RaftServerImpl.java:setRole(174)) - bee99600-be87-4e2f-bca1-493826cfa9f4@group-4078FEE62CC7: changes role from  FOLLOWER to CANDIDATE at term 0 for changeToCandidate
2019-09-16 18:46:29,225 [Thread-804] INFO  impl.RoleInfo (RoleInfo.java:updateAndGet(143)) - bee99600-be87-4e2f-bca1-493826cfa9f4: start LeaderElection
2019-09-16 18:46:29,243 [bee99600-be87-4e2f-bca1-493826cfa9f4@group-4078FEE62CC7:LeaderElection11] INFO  impl.LeaderElection (LeaderElection.java:askForVotes(182)) - bee99600-be87-4e2f-bca1-493826cfa9f4@group-4078FEE62CC7:LeaderElection11: begin an election at term 1 for -1: [6b668dd7-26f3-4a2a-98d6-977366dc8866:192.168.34.56:41068, e23021be-5025-43ec-901b-8f315bf6442a:192.168.34.56:36953, bee99600-be87-4e2f-bca1-493826cfa9f4:192.168.34.56:42923], old=null
2019-09-16 18:46:29,252 [grpc-default-executor-1] INFO  impl.RaftServerImpl (RaftServerImpl.java:setRole(174)) - 6b668dd7-26f3-4a2a-98d6-977366dc8866@group-4078FEE62CC7: changes role from  FOLLOWER to FOLLOWER at term 1 for recognizeCandidate:bee99600-be87-4e2f-bca1-493826cfa9f4
2019-09-16 18:46:29,252 [grpc-default-executor-1] INFO  impl.RoleInfo (RoleInfo.java:shutdownFollowerState(121)) - 6b668dd7-26f3-4a2a-98d6-977366dc8866: shutdown FollowerState
2019-09-16 18:46:29,258 [grpc-default-executor-4] INFO  impl.RaftServerImpl (RaftServerImpl.java:setRole(174)) - e23021be-5025-43ec-901b-8f315bf6442a@group-4078FEE62CC7: changes role from  FOLLOWER to FOLLOWER at term 1 for recognizeCandidate:bee99600-be87-4e2f-bca1-493826cfa9f4
2019-09-16 18:46:29,258 [grpc-default-executor-1] INFO  impl.RoleInfo (RoleInfo.java:updateAndGet(143)) - 6b668dd7-26f3-4a2a-98d6-977366dc8866: start FollowerState
2019-09-16 18:46:29,258 [grpc-default-executor-4] INFO  impl.RoleInfo (RoleInfo.java:shutdownFollowerState(121)) - e23021be-5025-43ec-901b-8f315bf6442a: shutdown FollowerState
2019-09-16 18:46:29,258 [Thread-800] INFO  impl.FollowerState (FollowerState.java:run(115)) - 6b668dd7-26f3-4a2a-98d6-977366dc8866: FollowerState was interrupted: java.lang.InterruptedException: sleep interrupted
2019-09-16 18:46:29,259 [Thread-802] INFO  impl.FollowerState (FollowerState.java:run(115)) - e23021be-5025-43ec-901b-8f315bf6442a: FollowerState was interrupted: java.lang.InterruptedException: sleep interrupted
2019-09-16 18:46:29,259 [grpc-default-executor-4] INFO  impl.RoleInfo (RoleInfo.java:updateAndGet(143)) - e23021be-5025-43ec-901b-8f315bf6442a: start FollowerState
2019-09-16 18:46:29,277 [bee99600-be87-4e2f-bca1-493826cfa9f4@group-4078FEE62CC7:LeaderElection11] INFO  impl.LeaderElection (LeaderElection.java:logAndReturn(56)) - bee99600-be87-4e2f-bca1-493826cfa9f4@group-4078FEE62CC7:LeaderElection11: Election PASSED; received 1 response(s) [bee99600-be87-4e2f-bca1-493826cfa9f4<-e23021be-5025-43ec-901b-8f315bf6442a#0:OK-t1] and 0 exception(s); bee99600-be87-4e2f-bca1-493826cfa9f4@group-4078FEE62CC7:t1, leader=null, voted=bee99600-be87-4e2f-bca1-493826cfa9f4, raftlog=bee99600-be87-4e2f-bca1-493826cfa9f4@group-4078FEE62CC7-SegmentedRaftLog:OPENED:c-1,f-1,i0, conf=-1: [6b668dd7-26f3-4a2a-98d6-977366dc8866:192.168.34.56:41068, e23021be-5025-43ec-901b-8f315bf6442a:192.168.34.56:36953, bee99600-be87-4e2f-bca1-493826cfa9f4:192.168.34.56:42923], old=null
2019-09-16 18:46:29,277 [bee99600-be87-4e2f-bca1-493826cfa9f4@group-4078FEE62CC7:LeaderElection11] INFO  impl.RoleInfo (RoleInfo.java:shutdownLeaderElection(134)) - bee99600-be87-4e2f-bca1-493826cfa9f4: shutdown LeaderElection
2019-09-16 18:46:29,277 [bee99600-be87-4e2f-bca1-493826cfa9f4@group-4078FEE62CC7:LeaderElection11] INFO  impl.RaftServerImpl (RaftServerImpl.java:setRole(174)) - bee99600-be87-4e2f-bca1-493826cfa9f4@group-4078FEE62CC7: changes role from CANDIDATE to LEADER at term 1 for changeToLeader
2019-09-16 18:46:29,278 [bee99600-be87-4e2f-bca1-493826cfa9f4@group-4078FEE62CC7:LeaderElection11] INFO  impl.RaftServerImpl (ServerState.java:setLeader(253)) - bee99600-be87-4e2f-bca1-493826cfa9f4@group-4078FEE62CC7: change Leader from null to bee99600-be87-4e2f-bca1-493826cfa9f4 at term 1 for becomeLeader, leader elected after 5077ms
2019-09-16 18:46:29,279 [bee99600-be87-4e2f-bca1-493826cfa9f4@group-4078FEE62CC7:LeaderElection11] INFO  server.RaftServerConfigKeys (ConfUtils.java:logGet(43)) - raft.server.staging.catchup.gap = 1000 (default)
2019-09-16 18:46:29,279 [bee99600-be87-4e2f-bca1-493826cfa9f4@group-4078FEE62CC7:LeaderElection11] INFO  server.RaftServerConfigKeys (ConfUtils.java:logGet(43)) - raft.server.rpc.sleep.time = 25ms (default)
2019-09-16 18:46:29,279 [bee99600-be87-4e2f-bca1-493826cfa9f4@group-4078FEE62CC7:LeaderElection11] INFO  server.RaftServerConfigKeys (ConfUtils.java:logGet(43)) - raft.server.write.element-limit = 4096 (default)
2019-09-16 18:46:29,279 [bee99600-be87-4e2f-bca1-493826cfa9f4@group-4078FEE62CC7:LeaderElection11] INFO  server.RaftServerConfigKeys (ConfUtils.java:logGet(43)) - raft.server.watch.timeout = 10s (default)
2019-09-16 18:46:29,279 [bee99600-be87-4e2f-bca1-493826cfa9f4@group-4078FEE62CC7:LeaderElection11] INFO  server.RaftServerConfigKeys (ConfUtils.java:logGet(43)) - raft.server.watch.timeout.denomination = 1s (default)
2019-09-16 18:46:29,279 [bee99600-be87-4e2f-bca1-493826cfa9f4@group-4078FEE62CC7:LeaderElection11] INFO  server.RaftServerConfigKeys (ConfUtils.java:logGet(43)) - raft.server.watch.element-limit = 65536 (default)
2019-09-16 18:46:29,283 [bee99600-be87-4e2f-bca1-493826cfa9f4@group-4078FEE62CC7:LeaderElection11] INFO  server.RaftServerConfigKeys (ConfUtils.java:logGet(43)) - raft.server.log.appender.snapshot.chunk.size.max = 16MB (=16777216) (default)
2019-09-16 18:46:29,283 [bee99600-be87-4e2f-bca1-493826cfa9f4@group-4078FEE62CC7:LeaderElection11] INFO  server.RaftServerConfigKeys (ConfUtils.java:logGet(43)) - raft.server.log.appender.buffer.byte-limit = 33554432 (custom)
2019-09-16 18:46:29,283 [bee99600-be87-4e2f-bca1-493826cfa9f4@group-4078FEE62CC7:LeaderElection11] INFO  server.RaftServerConfigKeys (ConfUtils.java:logGet(43)) - raft.server.log.appender.buffer.element-limit = 1 (custom)
2019-09-16 18:46:29,284 [bee99600-be87-4e2f-bca1-493826cfa9f4@group-4078FEE62CC7:LeaderElection11] INFO  grpc.GrpcConfigKeys$Server (ConfUtils.java:logGet(43)) - raft.grpc.server.leader.outstanding.appends.max = 128 (default)
2019-09-16 18:46:29,284 [bee99600-be87-4e2f-bca1-493826cfa9f4@group-4078FEE62CC7:LeaderElection11] INFO  server.RaftServerConfigKeys (ConfUtils.java:logGet(43)) - raft.server.rpc.request.timeout = 3000ms (default)
2019-09-16 18:46:29,284 [bee99600-be87-4e2f-bca1-493826cfa9f4@group-4078FEE62CC7:LeaderElection11] INFO  server.RaftServerConfigKeys (ConfUtils.java:logGet(43)) - raft.server.log.appender.install.snapshot.enabled = false (custom)
2019-09-16 18:46:29,284 [bee99600-be87-4e2f-bca1-493826cfa9f4@group-4078FEE62CC7:LeaderElection11] INFO  server.RaftServerConfigKeys (ConfUtils.java:logGet(43)) - raft.server.log.appender.snapshot.chunk.size.max = 16MB (=16777216) (default)
2019-09-16 18:46:29,285 [bee99600-be87-4e2f-bca1-493826cfa9f4@group-4078FEE62CC7:LeaderElection11] INFO  server.RaftServerConfigKeys (ConfUtils.java:logGet(43)) - raft.server.log.appender.buffer.byte-limit = 33554432 (custom)
2019-09-16 18:46:29,285 [bee99600-be87-4e2f-bca1-493826cfa9f4@group-4078FEE62CC7:LeaderElection11] INFO  server.RaftServerConfigKeys (ConfUtils.java:logGet(43)) - raft.server.log.appender.buffer.element-limit = 1 (custom)
2019-09-16 18:46:29,285 [bee99600-be87-4e2f-bca1-493826cfa9f4@group-4078FEE62CC7:LeaderElection11] INFO  grpc.GrpcConfigKeys$Server (ConfUtils.java:logGet(43)) - raft.grpc.server.leader.outstanding.appends.max = 128 (default)
2019-09-16 18:46:29,285 [bee99600-be87-4e2f-bca1-493826cfa9f4@group-4078FEE62CC7:LeaderElection11] INFO  server.RaftServerConfigKeys (ConfUtils.java:logGet(43)) - raft.server.rpc.request.timeout = 3000ms (default)
2019-09-16 18:46:29,285 [bee99600-be87-4e2f-bca1-493826cfa9f4@group-4078FEE62CC7:LeaderElection11] INFO  server.RaftServerConfigKeys (ConfUtils.java:logGet(43)) - raft.server.log.appender.install.snapshot.enabled = false (custom)
2019-09-16 18:46:29,286 [bee99600-be87-4e2f-bca1-493826cfa9f4@group-4078FEE62CC7:LeaderElection11] INFO  impl.RoleInfo (RoleInfo.java:updateAndGet(143)) - bee99600-be87-4e2f-bca1-493826cfa9f4: start LeaderState
2019-09-16 18:46:29,286 [bee99600-be87-4e2f-bca1-493826cfa9f4@group-4078FEE62CC7:LeaderElection11] INFO  segmented.SegmentedRaftLogWorker (SegmentedRaftLogWorker.java:startLogSegment(380)) - bee99600-be87-4e2f-bca1-493826cfa9f4@group-4078FEE62CC7-SegmentedRaftLogWorker: Starting segment from index:0
2019-09-16 18:46:29,287 [bee99600-be87-4e2f-bca1-493826cfa9f4@group-4078FEE62CC7:LeaderElection11] INFO  impl.RaftServerImpl (ServerState.java:setRaftConf(354)) - bee99600-be87-4e2f-bca1-493826cfa9f4@group-4078FEE62CC7: set configuration 0: [6b668dd7-26f3-4a2a-98d6-977366dc8866:192.168.34.56:41068, e23021be-5025-43ec-901b-8f315bf6442a:192.168.34.56:36953, bee99600-be87-4e2f-bca1-493826cfa9f4:192.168.34.56:42923], old=null at 0
2019-09-16 18:46:29,314 [grpc-default-executor-1] INFO  impl.RaftServerImpl (ServerState.java:setLeader(253)) - 6b668dd7-26f3-4a2a-98d6-977366dc8866@group-4078FEE62CC7: change Leader from null to bee99600-be87-4e2f-bca1-493826cfa9f4 at term 1 for appendEntries, leader elected after 5113ms
2019-09-16 18:46:29,314 [grpc-default-executor-4] INFO  impl.RaftServerImpl (ServerState.java:setLeader(253)) - e23021be-5025-43ec-901b-8f315bf6442a@group-4078FEE62CC7: change Leader from null to bee99600-be87-4e2f-bca1-493826cfa9f4 at term 1 for appendEntries, leader elected after 5114ms
2019-09-16 18:46:29,321 [grpc-default-executor-4] INFO  impl.RaftServerImpl (ServerState.java:setRaftConf(354)) - e23021be-5025-43ec-901b-8f315bf6442a@group-4078FEE62CC7: set configuration 0: [6b668dd7-26f3-4a2a-98d6-977366dc8866:192.168.34.56:41068, e23021be-5025-43ec-901b-8f315bf6442a:192.168.34.56:36953, bee99600-be87-4e2f-bca1-493826cfa9f4:192.168.34.56:42923], old=null at 0
2019-09-16 18:46:29,321 [grpc-default-executor-1] INFO  impl.RaftServerImpl (ServerState.java:setRaftConf(354)) - 6b668dd7-26f3-4a2a-98d6-977366dc8866@group-4078FEE62CC7: set configuration 0: [6b668dd7-26f3-4a2a-98d6-977366dc8866:192.168.34.56:41068, e23021be-5025-43ec-901b-8f315bf6442a:192.168.34.56:36953, bee99600-be87-4e2f-bca1-493826cfa9f4:192.168.34.56:42923], old=null at 0
2019-09-16 18:46:29,321 [grpc-default-executor-4] INFO  segmented.SegmentedRaftLogWorker (SegmentedRaftLogWorker.java:startLogSegment(380)) - e23021be-5025-43ec-901b-8f315bf6442a@group-4078FEE62CC7-SegmentedRaftLogWorker: Starting segment from index:0
2019-09-16 18:46:29,321 [grpc-default-executor-1] INFO  segmented.SegmentedRaftLogWorker (SegmentedRaftLogWorker.java:startLogSegment(380)) - 6b668dd7-26f3-4a2a-98d6-977366dc8866@group-4078FEE62CC7-SegmentedRaftLogWorker: Starting segment from index:0
2019-09-16 18:46:29,326 [bee99600-be87-4e2f-bca1-493826cfa9f4@group-4078FEE62CC7-SegmentedRaftLogWorker] INFO  segmented.SegmentedRaftLogWorker (SegmentedRaftLogWorker.java:execute(569)) - bee99600-be87-4e2f-bca1-493826cfa9f4@group-4078FEE62CC7-SegmentedRaftLogWorker: created new log segment /workdir/hadoop-ozone/integration-test/target/test-dir/MiniOzoneClusterImpl-d4df22cc-0c2d-486e-a6a7-bea08512b785/datanode-4/data/ratis/ee193e73-9f12-488c-b78c-4078fee62cc7/current/log_inprogress_0
2019-09-16 18:46:29,357 [6b668dd7-26f3-4a2a-98d6-977366dc8866@group-4078FEE62CC7-SegmentedRaftLogWorker] INFO  segmented.SegmentedRaftLogWorker (SegmentedRaftLogWorker.java:execute(569)) - 6b668dd7-26f3-4a2a-98d6-977366dc8866@group-4078FEE62CC7-SegmentedRaftLogWorker: created new log segment /workdir/hadoop-ozone/integration-test/target/test-dir/MiniOzoneClusterImpl-d4df22cc-0c2d-486e-a6a7-bea08512b785/datanode-6/data/ratis/ee193e73-9f12-488c-b78c-4078fee62cc7/current/log_inprogress_0
2019-09-16 18:46:29,357 [e23021be-5025-43ec-901b-8f315bf6442a@group-4078FEE62CC7-SegmentedRaftLogWorker] INFO  segmented.SegmentedRaftLogWorker (SegmentedRaftLogWorker.java:execute(569)) - e23021be-5025-43ec-901b-8f315bf6442a@group-4078FEE62CC7-SegmentedRaftLogWorker: created new log segment /workdir/hadoop-ozone/integration-test/target/test-dir/MiniOzoneClusterImpl-d4df22cc-0c2d-486e-a6a7-bea08512b785/datanode-1/data/ratis/ee193e73-9f12-488c-b78c-4078fee62cc7/current/log_inprogress_0
2019-09-16 18:46:29,831 [grpc-default-executor-4] INFO  client.GrpcClientProtocolClient (GrpcClientProtocolClient.java:onNext(264)) - client-48CB266057AC->d6e5a99c-4067-45a5-9f51-68f82ac62b1e: receive RaftClientReply:client-48CB266057AC->d6e5a99c-4067-45a5-9f51-68f82ac62b1e@group-3233B5392349, cid=32, FAILED org.apache.ratis.protocol.NotLeaderException: Server d6e5a99c-4067-45a5-9f51-68f82ac62b1e@group-3233B5392349 is not the leader e9384e49-5c15-4fe8-918f-d27f1539ccef:192.168.34.56:34651, logIndex=0, commits[d6e5a99c-4067-45a5-9f51-68f82ac62b1e:c10, e9384e49-5c15-4fe8-918f-d27f1539ccef:c10, e8c1cc56-fd3a-4c1f-a15b-7334942b67be:c6]
2019-09-16 18:46:30,315 [java.util.concurrent.ThreadPoolExecutor$Worker@37302aeb[State = -1, empty queue]] WARN  server.GrpcLogAppender (GrpcLogAppender.java:timeoutAppendRequest(200)) - e9384e49-5c15-4fe8-918f-d27f1539ccef@group-3233B5392349->e8c1cc56-fd3a-4c1f-a15b-7334942b67be-GrpcLogAppender: appendEntries Timeout, request=e9384e49-5c15-4fe8-918f-d27f1539ccef->e8c1cc56-fd3a-4c1f-a15b-7334942b67be#90-t1, previous=(t:1, i:13), leaderCommit=10, initializing? false, entries: <empty>
2019-09-16 18:46:30,315 [java.util.concurrent.ThreadPoolExecutor$Worker@360b2eea[State = -1, empty queue]] WARN  server.GrpcLogAppender (GrpcLogAppender.java:timeoutAppendRequest(200)) - e9384e49-5c15-4fe8-918f-d27f1539ccef@group-3233B5392349->d6e5a99c-4067-45a5-9f51-68f82ac62b1e-GrpcLogAppender: appendEntries Timeout, request=e9384e49-5c15-4fe8-918f-d27f1539ccef->d6e5a99c-4067-45a5-9f51-68f82ac62b1e#90-t1, previous=(t:1, i:13), leaderCommit=10, initializing? false, entries: <empty>
2019-09-16 18:46:31,707 [grpc-default-executor-1] INFO  impl.RaftServerProxy (RaftServerProxy.java:remove(95)) - e23021be-5025-43ec-901b-8f315bf6442a: remove group-38292DBBEB79:null
2019-09-16 18:46:31,714 [RatisPipelineUtilsThread] WARN  pipeline.RatisPipelineUtils (RatisPipelineUtils.java:destroyPipeline(66)) - Pipeline destroy failed for pipeline=PipelineID=1d7dcb15-e5cd-44a0-a20f-38292dbbeb79 dn=e23021be-5025-43ec-901b-8f315bf6442a{ip: 192.168.34.56, host: pr-hdds-2111-hlhfn-3535364396, networkLocation: /default-rack, certSerialId: null}
2019-09-16 18:46:31,721 [grpc-default-executor-4] INFO  impl.RaftServerProxy (RaftServerProxy.java:remove(95)) - bee99600-be87-4e2f-bca1-493826cfa9f4: remove group-38292DBBEB79:null
2019-09-16 18:46:31,726 [RatisPipelineUtilsThread] WARN  pipeline.RatisPipelineUtils (RatisPipelineUtils.java:destroyPipeline(66)) - Pipeline destroy failed for pipeline=PipelineID=1d7dcb15-e5cd-44a0-a20f-38292dbbeb79 dn=bee99600-be87-4e2f-bca1-493826cfa9f4{ip: 192.168.34.56, host: pr-hdds-2111-hlhfn-3535364396, networkLocation: /default-rack, certSerialId: null}
2019-09-16 18:46:31,731 [grpc-default-executor-4] INFO  impl.RaftServerProxy (RaftServerProxy.java:remove(95)) - 6b668dd7-26f3-4a2a-98d6-977366dc8866: remove group-38292DBBEB79:null
2019-09-16 18:46:31,737 [RatisPipelineUtilsThread] WARN  pipeline.RatisPipelineUtils (RatisPipelineUtils.java:destroyPipeline(66)) - Pipeline destroy failed for pipeline=PipelineID=1d7dcb15-e5cd-44a0-a20f-38292dbbeb79 dn=6b668dd7-26f3-4a2a-98d6-977366dc8866{ip: 192.168.34.56, host: pr-hdds-2111-hlhfn-3535364396, networkLocation: /default-rack, certSerialId: null}
2019-09-16 18:46:31,737 [RatisPipelineUtilsThread] ERROR pipeline.SCMPipelineManager (Scheduler.java:lambda$schedule$1(70)) - Destroy pipeline failed for pipeline:Pipeline[ Id: 1d7dcb15-e5cd-44a0-a20f-38292dbbeb79, Nodes: e23021be-5025-43ec-901b-8f315bf6442a{ip: 192.168.34.56, host: pr-hdds-2111-hlhfn-3535364396, networkLocation: /default-rack, certSerialId: null}bee99600-be87-4e2f-bca1-493826cfa9f4{ip: 192.168.34.56, host: pr-hdds-2111-hlhfn-3535364396, networkLocation: /default-rack, certSerialId: null}6b668dd7-26f3-4a2a-98d6-977366dc8866{ip: 192.168.34.56, host: pr-hdds-2111-hlhfn-3535364396, networkLocation: /default-rack, certSerialId: null}, Type:RATIS, Factor:THREE, State:CLOSED]
org.apache.hadoop.hdds.scm.pipeline.PipelineNotFoundException: PipelineID=1d7dcb15-e5cd-44a0-a20f-38292dbbeb79 not found
	at org.apache.hadoop.hdds.scm.pipeline.PipelineStateMap.getPipeline(PipelineStateMap.java:132)
	at org.apache.hadoop.hdds.scm.pipeline.PipelineStateMap.removePipeline(PipelineStateMap.java:322)
	at org.apache.hadoop.hdds.scm.pipeline.PipelineStateManager.removePipeline(PipelineStateManager.java:107)
	at org.apache.hadoop.hdds.scm.pipeline.SCMPipelineManager.removePipeline(SCMPipelineManager.java:423)
	at org.apache.hadoop.hdds.scm.pipeline.SCMPipelineManager.destroyPipeline(SCMPipelineManager.java:409)
	at org.apache.hadoop.hdds.scm.pipeline.SCMPipelineManager.lambda$finalizeAndDestroyPipeline$0(SCMPipelineManager.java:318)
	at org.apache.hadoop.utils.Scheduler.lambda$schedule$1(Scheduler.java:68)
	at java.util.concurrent.Executors$RunnableAdapter.call(Executors.java:511)
	at java.util.concurrent.FutureTask.run(FutureTask.java:266)
	at java.util.concurrent.ScheduledThreadPoolExecutor$ScheduledFutureTask.access$201(ScheduledThreadPoolExecutor.java:180)
	at java.util.concurrent.ScheduledThreadPoolExecutor$ScheduledFutureTask.run(ScheduledThreadPoolExecutor.java:293)
	at java.util.concurrent.ThreadPoolExecutor.runWorker(ThreadPoolExecutor.java:1149)
	at java.util.concurrent.ThreadPoolExecutor$Worker.run(ThreadPoolExecutor.java:624)
	at java.lang.Thread.run(Thread.java:748)
2019-09-16 18:46:32,816 [java.util.concurrent.ThreadPoolExecutor$Worker@360b2eea[State = -1, empty queue]] WARN  server.GrpcLogAppender (GrpcLogAppender.java:timeoutAppendRequest(200)) - e9384e49-5c15-4fe8-918f-d27f1539ccef@group-3233B5392349->d6e5a99c-4067-45a5-9f51-68f82ac62b1e-GrpcLogAppender: appendEntries Timeout, request=e9384e49-5c15-4fe8-918f-d27f1539ccef->d6e5a99c-4067-45a5-9f51-68f82ac62b1e#91-t1, previous=(t:1, i:13), leaderCommit=10, initializing? false, entries: <empty>
2019-09-16 18:46:32,816 [java.util.concurrent.ThreadPoolExecutor$Worker@37302aeb[State = -1, empty queue]] WARN  server.GrpcLogAppender (GrpcLogAppender.java:timeoutAppendRequest(200)) - e9384e49-5c15-4fe8-918f-d27f1539ccef@group-3233B5392349->e8c1cc56-fd3a-4c1f-a15b-7334942b67be-GrpcLogAppender: appendEntries Timeout, request=e9384e49-5c15-4fe8-918f-d27f1539ccef->e8c1cc56-fd3a-4c1f-a15b-7334942b67be#91-t1, previous=(t:1, i:13), leaderCommit=10, initializing? false, entries: <empty>
2019-09-16 18:46:33,704 [grpc-default-executor-4] INFO  impl.RaftServerProxy (RaftServerProxy.java:remove(95)) - e23021be-5025-43ec-901b-8f315bf6442a: remove group-38292DBBEB79:null
2019-09-16 18:46:33,711 [RatisPipelineUtilsThread] WARN  pipeline.RatisPipelineUtils (RatisPipelineUtils.java:destroyPipeline(66)) - Pipeline destroy failed for pipeline=PipelineID=1d7dcb15-e5cd-44a0-a20f-38292dbbeb79 dn=e23021be-5025-43ec-901b-8f315bf6442a{ip: 192.168.34.56, host: pr-hdds-2111-hlhfn-3535364396, networkLocation: /default-rack, certSerialId: null}
2019-09-16 18:46:33,717 [grpc-default-executor-4] INFO  impl.RaftServerProxy (RaftServerProxy.java:remove(95)) - bee99600-be87-4e2f-bca1-493826cfa9f4: remove group-38292DBBEB79:null
2019-09-16 18:46:33,723 [RatisPipelineUtilsThread] WARN  pipeline.RatisPipelineUtils (RatisPipelineUtils.java:destroyPipeline(66)) - Pipeline destroy failed for pipeline=PipelineID=1d7dcb15-e5cd-44a0-a20f-38292dbbeb79 dn=bee99600-be87-4e2f-bca1-493826cfa9f4{ip: 192.168.34.56, host: pr-hdds-2111-hlhfn-3535364396, networkLocation: /default-rack, certSerialId: null}
2019-09-16 18:46:33,728 [grpc-default-executor-4] INFO  impl.RaftServerProxy (RaftServerProxy.java:remove(95)) - 6b668dd7-26f3-4a2a-98d6-977366dc8866: remove group-38292DBBEB79:null
2019-09-16 18:46:33,733 [RatisPipelineUtilsThread] WARN  pipeline.RatisPipelineUtils (RatisPipelineUtils.java:destroyPipeline(66)) - Pipeline destroy failed for pipeline=PipelineID=1d7dcb15-e5cd-44a0-a20f-38292dbbeb79 dn=6b668dd7-26f3-4a2a-98d6-977366dc8866{ip: 192.168.34.56, host: pr-hdds-2111-hlhfn-3535364396, networkLocation: /default-rack, certSerialId: null}
2019-09-16 18:46:33,734 [RatisPipelineUtilsThread] ERROR pipeline.SCMPipelineManager (Scheduler.java:lambda$schedule$1(70)) - Destroy pipeline failed for pipeline:Pipeline[ Id: 1d7dcb15-e5cd-44a0-a20f-38292dbbeb79, Nodes: e23021be-5025-43ec-901b-8f315bf6442a{ip: 192.168.34.56, host: pr-hdds-2111-hlhfn-3535364396, networkLocation: /default-rack, certSerialId: null}bee99600-be87-4e2f-bca1-493826cfa9f4{ip: 192.168.34.56, host: pr-hdds-2111-hlhfn-3535364396, networkLocation: /default-rack, certSerialId: null}6b668dd7-26f3-4a2a-98d6-977366dc8866{ip: 192.168.34.56, host: pr-hdds-2111-hlhfn-3535364396, networkLocation: /default-rack, certSerialId: null}, Type:RATIS, Factor:THREE, State:CLOSED]
org.apache.hadoop.hdds.scm.pipeline.PipelineNotFoundException: PipelineID=1d7dcb15-e5cd-44a0-a20f-38292dbbeb79 not found
	at org.apache.hadoop.hdds.scm.pipeline.PipelineStateMap.getPipeline(PipelineStateMap.java:132)
	at org.apache.hadoop.hdds.scm.pipeline.PipelineStateMap.removePipeline(PipelineStateMap.java:322)
	at org.apache.hadoop.hdds.scm.pipeline.PipelineStateManager.removePipeline(PipelineStateManager.java:107)
	at org.apache.hadoop.hdds.scm.pipeline.SCMPipelineManager.removePipeline(SCMPipelineManager.java:423)
	at org.apache.hadoop.hdds.scm.pipeline.SCMPipelineManager.destroyPipeline(SCMPipelineManager.java:409)
	at org.apache.hadoop.hdds.scm.pipeline.SCMPipelineManager.lambda$finalizeAndDestroyPipeline$0(SCMPipelineManager.java:318)
	at org.apache.hadoop.utils.Scheduler.lambda$schedule$1(Scheduler.java:68)
	at java.util.concurrent.Executors$RunnableAdapter.call(Executors.java:511)
	at java.util.concurrent.FutureTask.run(FutureTask.java:266)
	at java.util.concurrent.ScheduledThreadPoolExecutor$ScheduledFutureTask.access$201(ScheduledThreadPoolExecutor.java:180)
	at java.util.concurrent.ScheduledThreadPoolExecutor$ScheduledFutureTask.run(ScheduledThreadPoolExecutor.java:293)
	at java.util.concurrent.ThreadPoolExecutor.runWorker(ThreadPoolExecutor.java:1149)
	at java.util.concurrent.ThreadPoolExecutor$Worker.run(ThreadPoolExecutor.java:624)
	at java.lang.Thread.run(Thread.java:748)
2019-09-16 18:46:34,812 [e9384e49-5c15-4fe8-918f-d27f1539ccef@group-3233B5392349-SegmentedRaftLogWorker] WARN  segmented.SegmentedRaftLogWorker (SegmentedRaftLogWorker.java:getFromFuture(90)) - Timeout 0/~
org.apache.ratis.protocol.TimeoutIOException: Timeout 10s: WriteLog:11: (t:1, i:11), STATEMACHINELOGENTRY, client-48CB266057AC, cid=32-writeStateMachineData
	at org.apache.ratis.util.IOUtils.getFromFuture(IOUtils.java:87)
	at org.apache.ratis.server.raftlog.segmented.SegmentedRaftLogWorker$StateMachineDataPolicy.getFromFuture(SegmentedRaftLogWorker.java:87)
	at org.apache.ratis.server.raftlog.segmented.SegmentedRaftLogWorker$WriteLog.execute(SegmentedRaftLogWorker.java:477)
	at org.apache.ratis.server.raftlog.segmented.SegmentedRaftLogWorker.run(SegmentedRaftLogWorker.java:289)
	at java.lang.Thread.run(Thread.java:748)
Caused by: java.util.concurrent.TimeoutException
	at java.util.concurrent.CompletableFuture.timedGet(CompletableFuture.java:1771)
	at java.util.concurrent.CompletableFuture.get(CompletableFuture.java:1915)
	at org.apache.ratis.util.IOUtils.getFromFuture(IOUtils.java:79)
	... 4 more
2019-09-16 18:46:34,814 [d6e5a99c-4067-45a5-9f51-68f82ac62b1e@group-3233B5392349-SegmentedRaftLogWorker] WARN  segmented.SegmentedRaftLogWorker (SegmentedRaftLogWorker.java:getFromFuture(90)) - Timeout 0/~
org.apache.ratis.protocol.TimeoutIOException: Timeout 10s: WriteLog:11: (t:1, i:11), STATEMACHINELOGENTRY, client-48CB266057AC, cid=32-writeStateMachineData
	at org.apache.ratis.util.IOUtils.getFromFuture(IOUtils.java:87)
	at org.apache.ratis.server.raftlog.segmented.SegmentedRaftLogWorker$StateMachineDataPolicy.getFromFuture(SegmentedRaftLogWorker.java:87)
	at org.apache.ratis.server.raftlog.segmented.SegmentedRaftLogWorker$WriteLog.execute(SegmentedRaftLogWorker.java:477)
	at org.apache.ratis.server.raftlog.segmented.SegmentedRaftLogWorker.run(SegmentedRaftLogWorker.java:289)
	at java.lang.Thread.run(Thread.java:748)
Caused by: java.util.concurrent.TimeoutException
	at java.util.concurrent.CompletableFuture.timedGet(CompletableFuture.java:1771)
	at java.util.concurrent.CompletableFuture.get(CompletableFuture.java:1915)
	at org.apache.ratis.util.IOUtils.getFromFuture(IOUtils.java:79)
	... 4 more
2019-09-16 18:46:34,870 [grpc-default-executor-1] INFO  client.GrpcClientProtocolClient (GrpcClientProtocolClient.java:onNext(264)) - client-48CB266057AC->e8c1cc56-fd3a-4c1f-a15b-7334942b67be: receive RaftClientReply:client-48CB266057AC->e8c1cc56-fd3a-4c1f-a15b-7334942b67be@group-3233B5392349, cid=32, FAILED org.apache.ratis.protocol.NotLeaderException: Server e8c1cc56-fd3a-4c1f-a15b-7334942b67be@group-3233B5392349 is not the leader e9384e49-5c15-4fe8-918f-d27f1539ccef:192.168.34.56:34651, logIndex=0, commits[e8c1cc56-fd3a-4c1f-a15b-7334942b67be:c10, e9384e49-5c15-4fe8-918f-d27f1539ccef:c10, d6e5a99c-4067-45a5-9f51-68f82ac62b1e:c6]
2019-09-16 18:46:34,891 [e8c1cc56-fd3a-4c1f-a15b-7334942b67be@group-3233B5392349-SegmentedRaftLogWorker] WARN  segmented.SegmentedRaftLogWorker (SegmentedRaftLogWorker.java:getFromFuture(90)) - Timeout 0/~
org.apache.ratis.protocol.TimeoutIOException: Timeout 10s: WriteLog:12: (t:1, i:12), STATEMACHINELOGENTRY, client-48CB266057AC, cid=33-writeStateMachineData
	at org.apache.ratis.util.IOUtils.getFromFuture(IOUtils.java:87)
	at org.apache.ratis.server.raftlog.segmented.SegmentedRaftLogWorker$StateMachineDataPolicy.getFromFuture(SegmentedRaftLogWorker.java:87)
	at org.apache.ratis.server.raftlog.segmented.SegmentedRaftLogWorker$WriteLog.execute(SegmentedRaftLogWorker.java:477)
	at org.apache.ratis.server.raftlog.segmented.SegmentedRaftLogWorker.run(SegmentedRaftLogWorker.java:289)
	at java.lang.Thread.run(Thread.java:748)
Caused by: java.util.concurrent.TimeoutException
	at java.util.concurrent.CompletableFuture.timedGet(CompletableFuture.java:1771)
	at java.util.concurrent.CompletableFuture.get(CompletableFuture.java:1915)
	at org.apache.ratis.util.IOUtils.getFromFuture(IOUtils.java:79)
	... 4 more
2019-09-16 18:46:35,317 [java.util.concurrent.ThreadPoolExecutor$Worker@37302aeb[State = -1, empty queue]] WARN  server.GrpcLogAppender (GrpcLogAppender.java:timeoutAppendRequest(200)) - e9384e49-5c15-4fe8-918f-d27f1539ccef@group-3233B5392349->e8c1cc56-fd3a-4c1f-a15b-7334942b67be-GrpcLogAppender: appendEntries Timeout, request=e9384e49-5c15-4fe8-918f-d27f1539ccef->e8c1cc56-fd3a-4c1f-a15b-7334942b67be#92-t1, previous=(t:1, i:13), leaderCommit=10, initializing? false, entries: <empty>
2019-09-16 18:46:35,317 [java.util.concurrent.ThreadPoolExecutor$Worker@360b2eea[State = -1, empty queue]] WARN  server.GrpcLogAppender (GrpcLogAppender.java:timeoutAppendRequest(200)) - e9384e49-5c15-4fe8-918f-d27f1539ccef@group-3233B5392349->d6e5a99c-4067-45a5-9f51-68f82ac62b1e-GrpcLogAppender: appendEntries Timeout, request=e9384e49-5c15-4fe8-918f-d27f1539ccef->d6e5a99c-4067-45a5-9f51-68f82ac62b1e#92-t1, previous=(t:1, i:13), leaderCommit=10, initializing? false, entries: <empty>
2019-09-16 18:46:36,705 [grpc-default-executor-4] INFO  impl.RaftServerProxy (RaftServerProxy.java:remove(95)) - e23021be-5025-43ec-901b-8f315bf6442a: remove group-38292DBBEB79:null
2019-09-16 18:46:36,714 [RatisPipelineUtilsThread] WARN  pipeline.RatisPipelineUtils (RatisPipelineUtils.java:destroyPipeline(66)) - Pipeline destroy failed for pipeline=PipelineID=1d7dcb15-e5cd-44a0-a20f-38292dbbeb79 dn=e23021be-5025-43ec-901b-8f315bf6442a{ip: 192.168.34.56, host: pr-hdds-2111-hlhfn-3535364396, networkLocation: /default-rack, certSerialId: null}
2019-09-16 18:46:36,720 [grpc-default-executor-4] INFO  impl.RaftServerProxy (RaftServerProxy.java:remove(95)) - bee99600-be87-4e2f-bca1-493826cfa9f4: remove group-38292DBBEB79:null
2019-09-16 18:46:36,727 [RatisPipelineUtilsThread] WARN  pipeline.RatisPipelineUtils (RatisPipelineUtils.java:destroyPipeline(66)) - Pipeline destroy failed for pipeline=PipelineID=1d7dcb15-e5cd-44a0-a20f-38292dbbeb79 dn=bee99600-be87-4e2f-bca1-493826cfa9f4{ip: 192.168.34.56, host: pr-hdds-2111-hlhfn-3535364396, networkLocation: /default-rack, certSerialId: null}
2019-09-16 18:46:36,733 [grpc-default-executor-4] INFO  impl.RaftServerProxy (RaftServerProxy.java:remove(95)) - 6b668dd7-26f3-4a2a-98d6-977366dc8866: remove group-38292DBBEB79:null
2019-09-16 18:46:36,739 [RatisPipelineUtilsThread] WARN  pipeline.RatisPipelineUtils (RatisPipelineUtils.java:destroyPipeline(66)) - Pipeline destroy failed for pipeline=PipelineID=1d7dcb15-e5cd-44a0-a20f-38292dbbeb79 dn=6b668dd7-26f3-4a2a-98d6-977366dc8866{ip: 192.168.34.56, host: pr-hdds-2111-hlhfn-3535364396, networkLocation: /default-rack, certSerialId: null}
2019-09-16 18:46:36,740 [RatisPipelineUtilsThread] ERROR pipeline.SCMPipelineManager (Scheduler.java:lambda$schedule$1(70)) - Destroy pipeline failed for pipeline:Pipeline[ Id: 1d7dcb15-e5cd-44a0-a20f-38292dbbeb79, Nodes: e23021be-5025-43ec-901b-8f315bf6442a{ip: 192.168.34.56, host: pr-hdds-2111-hlhfn-3535364396, networkLocation: /default-rack, certSerialId: null}bee99600-be87-4e2f-bca1-493826cfa9f4{ip: 192.168.34.56, host: pr-hdds-2111-hlhfn-3535364396, networkLocation: /default-rack, certSerialId: null}6b668dd7-26f3-4a2a-98d6-977366dc8866{ip: 192.168.34.56, host: pr-hdds-2111-hlhfn-3535364396, networkLocation: /default-rack, certSerialId: null}, Type:RATIS, Factor:THREE, State:CLOSED]
org.apache.hadoop.hdds.scm.pipeline.PipelineNotFoundException: PipelineID=1d7dcb15-e5cd-44a0-a20f-38292dbbeb79 not found
	at org.apache.hadoop.hdds.scm.pipeline.PipelineStateMap.getPipeline(PipelineStateMap.java:132)
	at org.apache.hadoop.hdds.scm.pipeline.PipelineStateMap.removePipeline(PipelineStateMap.java:322)
	at org.apache.hadoop.hdds.scm.pipeline.PipelineStateManager.removePipeline(PipelineStateManager.java:107)
	at org.apache.hadoop.hdds.scm.pipeline.SCMPipelineManager.removePipeline(SCMPipelineManager.java:423)
	at org.apache.hadoop.hdds.scm.pipeline.SCMPipelineManager.destroyPipeline(SCMPipelineManager.java:409)
	at org.apache.hadoop.hdds.scm.pipeline.SCMPipelineManager.lambda$finalizeAndDestroyPipeline$0(SCMPipelineManager.java:318)
	at org.apache.hadoop.utils.Scheduler.lambda$schedule$1(Scheduler.java:68)
	at java.util.concurrent.Executors$RunnableAdapter.call(Executors.java:511)
	at java.util.concurrent.FutureTask.run(FutureTask.java:266)
	at java.util.concurrent.ScheduledThreadPoolExecutor$ScheduledFutureTask.access$201(ScheduledThreadPoolExecutor.java:180)
	at java.util.concurrent.ScheduledThreadPoolExecutor$ScheduledFutureTask.run(ScheduledThreadPoolExecutor.java:293)
	at java.util.concurrent.ThreadPoolExecutor.runWorker(ThreadPoolExecutor.java:1149)
	at java.util.concurrent.ThreadPoolExecutor$Worker.run(ThreadPoolExecutor.java:624)
	at java.lang.Thread.run(Thread.java:748)
2019-09-16 18:46:37,817 [java.util.concurrent.ThreadPoolExecutor$Worker@37302aeb[State = -1, empty queue]] WARN  server.GrpcLogAppender (GrpcLogAppender.java:timeoutAppendRequest(200)) - e9384e49-5c15-4fe8-918f-d27f1539ccef@group-3233B5392349->e8c1cc56-fd3a-4c1f-a15b-7334942b67be-GrpcLogAppender: appendEntries Timeout, request=e9384e49-5c15-4fe8-918f-d27f1539ccef->e8c1cc56-fd3a-4c1f-a15b-7334942b67be#93-t1, previous=(t:1, i:13), leaderCommit=10, initializing? false, entries: <empty>
2019-09-16 18:46:37,817 [java.util.concurrent.ThreadPoolExecutor$Worker@360b2eea[State = -1, empty queue]] WARN  server.GrpcLogAppender (GrpcLogAppender.java:timeoutAppendRequest(200)) - e9384e49-5c15-4fe8-918f-d27f1539ccef@group-3233B5392349->d6e5a99c-4067-45a5-9f51-68f82ac62b1e-GrpcLogAppender: appendEntries Timeout, request=e9384e49-5c15-4fe8-918f-d27f1539ccef->d6e5a99c-4067-45a5-9f51-68f82ac62b1e#93-t1, previous=(t:1, i:13), leaderCommit=10, initializing? false, entries: <empty>
2019-09-16 18:46:38,718 [grpc-default-executor-4] INFO  impl.RaftServerProxy (RaftServerProxy.java:remove(95)) - e23021be-5025-43ec-901b-8f315bf6442a: remove group-38292DBBEB79:null
2019-09-16 18:46:38,726 [RatisPipelineUtilsThread] WARN  pipeline.RatisPipelineUtils (RatisPipelineUtils.java:destroyPipeline(66)) - Pipeline destroy failed for pipeline=PipelineID=1d7dcb15-e5cd-44a0-a20f-38292dbbeb79 dn=e23021be-5025-43ec-901b-8f315bf6442a{ip: 192.168.34.56, host: pr-hdds-2111-hlhfn-3535364396, networkLocation: /default-rack, certSerialId: null}
2019-09-16 18:46:38,730 [grpc-default-executor-4] INFO  impl.RaftServerProxy (RaftServerProxy.java:remove(95)) - bee99600-be87-4e2f-bca1-493826cfa9f4: remove group-38292DBBEB79:null
2019-09-16 18:46:38,738 [RatisPipelineUtilsThread] WARN  pipeline.RatisPipelineUtils (RatisPipelineUtils.java:destroyPipeline(66)) - Pipeline destroy failed for pipeline=PipelineID=1d7dcb15-e5cd-44a0-a20f-38292dbbeb79 dn=bee99600-be87-4e2f-bca1-493826cfa9f4{ip: 192.168.34.56, host: pr-hdds-2111-hlhfn-3535364396, networkLocation: /default-rack, certSerialId: null}
2019-09-16 18:46:38,743 [grpc-default-executor-4] INFO  impl.RaftServerProxy (RaftServerProxy.java:remove(95)) - 6b668dd7-26f3-4a2a-98d6-977366dc8866: remove group-38292DBBEB79:null
2019-09-16 18:46:38,756 [RatisPipelineUtilsThread] WARN  pipeline.RatisPipelineUtils (RatisPipelineUtils.java:destroyPipeline(66)) - Pipeline destroy failed for pipeline=PipelineID=1d7dcb15-e5cd-44a0-a20f-38292dbbeb79 dn=6b668dd7-26f3-4a2a-98d6-977366dc8866{ip: 192.168.34.56, host: pr-hdds-2111-hlhfn-3535364396, networkLocation: /default-rack, certSerialId: null}
2019-09-16 18:46:38,756 [RatisPipelineUtilsThread] ERROR pipeline.SCMPipelineManager (Scheduler.java:lambda$schedule$1(70)) - Destroy pipeline failed for pipeline:Pipeline[ Id: 1d7dcb15-e5cd-44a0-a20f-38292dbbeb79, Nodes: e23021be-5025-43ec-901b-8f315bf6442a{ip: 192.168.34.56, host: pr-hdds-2111-hlhfn-3535364396, networkLocation: /default-rack, certSerialId: null}bee99600-be87-4e2f-bca1-493826cfa9f4{ip: 192.168.34.56, host: pr-hdds-2111-hlhfn-3535364396, networkLocation: /default-rack, certSerialId: null}6b668dd7-26f3-4a2a-98d6-977366dc8866{ip: 192.168.34.56, host: pr-hdds-2111-hlhfn-3535364396, networkLocation: /default-rack, certSerialId: null}, Type:RATIS, Factor:THREE, State:CLOSED]
org.apache.hadoop.hdds.scm.pipeline.PipelineNotFoundException: PipelineID=1d7dcb15-e5cd-44a0-a20f-38292dbbeb79 not found
	at org.apache.hadoop.hdds.scm.pipeline.PipelineStateMap.getPipeline(PipelineStateMap.java:132)
	at org.apache.hadoop.hdds.scm.pipeline.PipelineStateMap.removePipeline(PipelineStateMap.java:322)
	at org.apache.hadoop.hdds.scm.pipeline.PipelineStateManager.removePipeline(PipelineStateManager.java:107)
	at org.apache.hadoop.hdds.scm.pipeline.SCMPipelineManager.removePipeline(SCMPipelineManager.java:423)
	at org.apache.hadoop.hdds.scm.pipeline.SCMPipelineManager.destroyPipeline(SCMPipelineManager.java:409)
	at org.apache.hadoop.hdds.scm.pipeline.SCMPipelineManager.lambda$finalizeAndDestroyPipeline$0(SCMPipelineManager.java:318)
	at org.apache.hadoop.utils.Scheduler.lambda$schedule$1(Scheduler.java:68)
	at java.util.concurrent.Executors$RunnableAdapter.call(Executors.java:511)
	at java.util.concurrent.FutureTask.run(FutureTask.java:266)
	at java.util.concurrent.ScheduledThreadPoolExecutor$ScheduledFutureTask.access$201(ScheduledThreadPoolExecutor.java:180)
	at java.util.concurrent.ScheduledThreadPoolExecutor$ScheduledFutureTask.run(ScheduledThreadPoolExecutor.java:293)
	at java.util.concurrent.ThreadPoolExecutor.runWorker(ThreadPoolExecutor.java:1149)
	at java.util.concurrent.ThreadPoolExecutor$Worker.run(ThreadPoolExecutor.java:624)
	at java.lang.Thread.run(Thread.java:748)
2019-09-16 18:46:39,916 [grpc-default-executor-1] INFO  client.GrpcClientProtocolClient (GrpcClientProtocolClient.java:onNext(264)) - client-48CB266057AC->d6e5a99c-4067-45a5-9f51-68f82ac62b1e: receive RaftClientReply:client-48CB266057AC->d6e5a99c-4067-45a5-9f51-68f82ac62b1e@group-3233B5392349, cid=32, FAILED org.apache.ratis.protocol.NotLeaderException: Server d6e5a99c-4067-45a5-9f51-68f82ac62b1e@group-3233B5392349 is not the leader e9384e49-5c15-4fe8-918f-d27f1539ccef:192.168.34.56:34651, logIndex=0, commits[d6e5a99c-4067-45a5-9f51-68f82ac62b1e:c10, e9384e49-5c15-4fe8-918f-d27f1539ccef:c10, e8c1cc56-fd3a-4c1f-a15b-7334942b67be:c6]
2019-09-16 18:46:40,318 [java.util.concurrent.ThreadPoolExecutor$Worker@37302aeb[State = -1, empty queue]] WARN  server.GrpcLogAppender (GrpcLogAppender.java:timeoutAppendRequest(200)) - e9384e49-5c15-4fe8-918f-d27f1539ccef@group-3233B5392349->e8c1cc56-fd3a-4c1f-a15b-7334942b67be-GrpcLogAppender: appendEntries Timeout, request=e9384e49-5c15-4fe8-918f-d27f1539ccef->e8c1cc56-fd3a-4c1f-a15b-7334942b67be#94-t1, previous=(t:1, i:13), leaderCommit=10, initializing? false, entries: <empty>
2019-09-16 18:46:40,318 [java.util.concurrent.ThreadPoolExecutor$Worker@360b2eea[State = -1, empty queue]] WARN  server.GrpcLogAppender (GrpcLogAppender.java:timeoutAppendRequest(200)) - e9384e49-5c15-4fe8-918f-d27f1539ccef@group-3233B5392349->d6e5a99c-4067-45a5-9f51-68f82ac62b1e-GrpcLogAppender: appendEntries Timeout, request=e9384e49-5c15-4fe8-918f-d27f1539ccef->d6e5a99c-4067-45a5-9f51-68f82ac62b1e#94-t1, previous=(t:1, i:13), leaderCommit=10, initializing? false, entries: <empty>
2019-09-16 18:46:41,708 [grpc-default-executor-4] INFO  impl.RaftServerProxy (RaftServerProxy.java:remove(95)) - e23021be-5025-43ec-901b-8f315bf6442a: remove group-38292DBBEB79:null
2019-09-16 18:46:41,714 [RatisPipelineUtilsThread] WARN  pipeline.RatisPipelineUtils (RatisPipelineUtils.java:destroyPipeline(66)) - Pipeline destroy failed for pipeline=PipelineID=1d7dcb15-e5cd-44a0-a20f-38292dbbeb79 dn=e23021be-5025-43ec-901b-8f315bf6442a{ip: 192.168.34.56, host: pr-hdds-2111-hlhfn-3535364396, networkLocation: /default-rack, certSerialId: null}
2019-09-16 18:46:41,719 [grpc-default-executor-4] INFO  impl.RaftServerProxy (RaftServerProxy.java:remove(95)) - bee99600-be87-4e2f-bca1-493826cfa9f4: remove group-38292DBBEB79:null
2019-09-16 18:46:41,724 [RatisPipelineUtilsThread] WARN  pipeline.RatisPipelineUtils (RatisPipelineUtils.java:destroyPipeline(66)) - Pipeline destroy failed for pipeline=PipelineID=1d7dcb15-e5cd-44a0-a20f-38292dbbeb79 dn=bee99600-be87-4e2f-bca1-493826cfa9f4{ip: 192.168.34.56, host: pr-hdds-2111-hlhfn-3535364396, networkLocation: /default-rack, certSerialId: null}
2019-09-16 18:46:41,729 [grpc-default-executor-4] INFO  impl.RaftServerProxy (RaftServerProxy.java:remove(95)) - 6b668dd7-26f3-4a2a-98d6-977366dc8866: remove group-38292DBBEB79:null
2019-09-16 18:46:41,733 [RatisPipelineUtilsThread] WARN  pipeline.RatisPipelineUtils (RatisPipelineUtils.java:destroyPipeline(66)) - Pipeline destroy failed for pipeline=PipelineID=1d7dcb15-e5cd-44a0-a20f-38292dbbeb79 dn=6b668dd7-26f3-4a2a-98d6-977366dc8866{ip: 192.168.34.56, host: pr-hdds-2111-hlhfn-3535364396, networkLocation: /default-rack, certSerialId: null}
2019-09-16 18:46:41,733 [RatisPipelineUtilsThread] ERROR pipeline.SCMPipelineManager (Scheduler.java:lambda$schedule$1(70)) - Destroy pipeline failed for pipeline:Pipeline[ Id: 1d7dcb15-e5cd-44a0-a20f-38292dbbeb79, Nodes: e23021be-5025-43ec-901b-8f315bf6442a{ip: 192.168.34.56, host: pr-hdds-2111-hlhfn-3535364396, networkLocation: /default-rack, certSerialId: null}bee99600-be87-4e2f-bca1-493826cfa9f4{ip: 192.168.34.56, host: pr-hdds-2111-hlhfn-3535364396, networkLocation: /default-rack, certSerialId: null}6b668dd7-26f3-4a2a-98d6-977366dc8866{ip: 192.168.34.56, host: pr-hdds-2111-hlhfn-3535364396, networkLocation: /default-rack, certSerialId: null}, Type:RATIS, Factor:THREE, State:CLOSED]
org.apache.hadoop.hdds.scm.pipeline.PipelineNotFoundException: PipelineID=1d7dcb15-e5cd-44a0-a20f-38292dbbeb79 not found
	at org.apache.hadoop.hdds.scm.pipeline.PipelineStateMap.getPipeline(PipelineStateMap.java:132)
	at org.apache.hadoop.hdds.scm.pipeline.PipelineStateMap.removePipeline(PipelineStateMap.java:322)
	at org.apache.hadoop.hdds.scm.pipeline.PipelineStateManager.removePipeline(PipelineStateManager.java:107)
	at org.apache.hadoop.hdds.scm.pipeline.SCMPipelineManager.removePipeline(SCMPipelineManager.java:423)
	at org.apache.hadoop.hdds.scm.pipeline.SCMPipelineManager.destroyPipeline(SCMPipelineManager.java:409)
	at org.apache.hadoop.hdds.scm.pipeline.SCMPipelineManager.lambda$finalizeAndDestroyPipeline$0(SCMPipelineManager.java:318)
	at org.apache.hadoop.utils.Scheduler.lambda$schedule$1(Scheduler.java:68)
	at java.util.concurrent.Executors$RunnableAdapter.call(Executors.java:511)
	at java.util.concurrent.FutureTask.run(FutureTask.java:266)
	at java.util.concurrent.ScheduledThreadPoolExecutor$ScheduledFutureTask.access$201(ScheduledThreadPoolExecutor.java:180)
	at java.util.concurrent.ScheduledThreadPoolExecutor$ScheduledFutureTask.run(ScheduledThreadPoolExecutor.java:293)
	at java.util.concurrent.ThreadPoolExecutor.runWorker(ThreadPoolExecutor.java:1149)
	at java.util.concurrent.ThreadPoolExecutor$Worker.run(ThreadPoolExecutor.java:624)
	at java.lang.Thread.run(Thread.java:748)
2019-09-16 18:46:42,818 [java.util.concurrent.ThreadPoolExecutor$Worker@360b2eea[State = -1, empty queue]] WARN  server.GrpcLogAppender (GrpcLogAppender.java:timeoutAppendRequest(200)) - e9384e49-5c15-4fe8-918f-d27f1539ccef@group-3233B5392349->d6e5a99c-4067-45a5-9f51-68f82ac62b1e-GrpcLogAppender: appendEntries Timeout, request=e9384e49-5c15-4fe8-918f-d27f1539ccef->d6e5a99c-4067-45a5-9f51-68f82ac62b1e#95-t1, previous=(t:1, i:13), leaderCommit=10, initializing? false, entries: <empty>
2019-09-16 18:46:42,818 [java.util.concurrent.ThreadPoolExecutor$Worker@37302aeb[State = -1, empty queue]] WARN  server.GrpcLogAppender (GrpcLogAppender.java:timeoutAppendRequest(200)) - e9384e49-5c15-4fe8-918f-d27f1539ccef@group-3233B5392349->e8c1cc56-fd3a-4c1f-a15b-7334942b67be-GrpcLogAppender: appendEntries Timeout, request=e9384e49-5c15-4fe8-918f-d27f1539ccef->e8c1cc56-fd3a-4c1f-a15b-7334942b67be#95-t1, previous=(t:1, i:13), leaderCommit=10, initializing? false, entries: <empty>
2019-09-16 18:46:43,705 [grpc-default-executor-1] INFO  impl.RaftServerProxy (RaftServerProxy.java:remove(95)) - e23021be-5025-43ec-901b-8f315bf6442a: remove group-38292DBBEB79:null
2019-09-16 18:46:43,710 [RatisPipelineUtilsThread] WARN  pipeline.RatisPipelineUtils (RatisPipelineUtils.java:destroyPipeline(66)) - Pipeline destroy failed for pipeline=PipelineID=1d7dcb15-e5cd-44a0-a20f-38292dbbeb79 dn=e23021be-5025-43ec-901b-8f315bf6442a{ip: 192.168.34.56, host: pr-hdds-2111-hlhfn-3535364396, networkLocation: /default-rack, certSerialId: null}
2019-09-16 18:46:43,727 [grpc-default-executor-1] INFO  impl.RaftServerProxy (RaftServerProxy.java:remove(95)) - bee99600-be87-4e2f-bca1-493826cfa9f4: remove group-38292DBBEB79:null
2019-09-16 18:46:43,732 [RatisPipelineUtilsThread] WARN  pipeline.RatisPipelineUtils (RatisPipelineUtils.java:destroyPipeline(66)) - Pipeline destroy failed for pipeline=PipelineID=1d7dcb15-e5cd-44a0-a20f-38292dbbeb79 dn=bee99600-be87-4e2f-bca1-493826cfa9f4{ip: 192.168.34.56, host: pr-hdds-2111-hlhfn-3535364396, networkLocation: /default-rack, certSerialId: null}
2019-09-16 18:46:43,735 [grpc-default-executor-1] INFO  impl.RaftServerProxy (RaftServerProxy.java:remove(95)) - 6b668dd7-26f3-4a2a-98d6-977366dc8866: remove group-38292DBBEB79:null
2019-09-16 18:46:43,739 [RatisPipelineUtilsThread] WARN  pipeline.RatisPipelineUtils (RatisPipelineUtils.java:destroyPipeline(66)) - Pipeline destroy failed for pipeline=PipelineID=1d7dcb15-e5cd-44a0-a20f-38292dbbeb79 dn=6b668dd7-26f3-4a2a-98d6-977366dc8866{ip: 192.168.34.56, host: pr-hdds-2111-hlhfn-3535364396, networkLocation: /default-rack, certSerialId: null}
2019-09-16 18:46:43,739 [RatisPipelineUtilsThread] ERROR pipeline.SCMPipelineManager (Scheduler.java:lambda$schedule$1(70)) - Destroy pipeline failed for pipeline:Pipeline[ Id: 1d7dcb15-e5cd-44a0-a20f-38292dbbeb79, Nodes: e23021be-5025-43ec-901b-8f315bf6442a{ip: 192.168.34.56, host: pr-hdds-2111-hlhfn-3535364396, networkLocation: /default-rack, certSerialId: null}bee99600-be87-4e2f-bca1-493826cfa9f4{ip: 192.168.34.56, host: pr-hdds-2111-hlhfn-3535364396, networkLocation: /default-rack, certSerialId: null}6b668dd7-26f3-4a2a-98d6-977366dc8866{ip: 192.168.34.56, host: pr-hdds-2111-hlhfn-3535364396, networkLocation: /default-rack, certSerialId: null}, Type:RATIS, Factor:THREE, State:CLOSED]
org.apache.hadoop.hdds.scm.pipeline.PipelineNotFoundException: PipelineID=1d7dcb15-e5cd-44a0-a20f-38292dbbeb79 not found
	at org.apache.hadoop.hdds.scm.pipeline.PipelineStateMap.getPipeline(PipelineStateMap.java:132)
	at org.apache.hadoop.hdds.scm.pipeline.PipelineStateMap.removePipeline(PipelineStateMap.java:322)
	at org.apache.hadoop.hdds.scm.pipeline.PipelineStateManager.removePipeline(PipelineStateManager.java:107)
	at org.apache.hadoop.hdds.scm.pipeline.SCMPipelineManager.removePipeline(SCMPipelineManager.java:423)
	at org.apache.hadoop.hdds.scm.pipeline.SCMPipelineManager.destroyPipeline(SCMPipelineManager.java:409)
	at org.apache.hadoop.hdds.scm.pipeline.SCMPipelineManager.lambda$finalizeAndDestroyPipeline$0(SCMPipelineManager.java:318)
	at org.apache.hadoop.utils.Scheduler.lambda$schedule$1(Scheduler.java:68)
	at java.util.concurrent.Executors$RunnableAdapter.call(Executors.java:511)
	at java.util.concurrent.FutureTask.run(FutureTask.java:266)
	at java.util.concurrent.ScheduledThreadPoolExecutor$ScheduledFutureTask.access$201(ScheduledThreadPoolExecutor.java:180)
	at java.util.concurrent.ScheduledThreadPoolExecutor$ScheduledFutureTask.run(ScheduledThreadPoolExecutor.java:293)
	at java.util.concurrent.ThreadPoolExecutor.runWorker(ThreadPoolExecutor.java:1149)
	at java.util.concurrent.ThreadPoolExecutor$Worker.run(ThreadPoolExecutor.java:624)
	at java.lang.Thread.run(Thread.java:748)
2019-09-16 18:46:44,813 [e9384e49-5c15-4fe8-918f-d27f1539ccef@group-3233B5392349-SegmentedRaftLogWorker] WARN  segmented.SegmentedRaftLogWorker (SegmentedRaftLogWorker.java:getFromFuture(90)) - Timeout 1/~
org.apache.ratis.protocol.TimeoutIOException: Timeout 10s: WriteLog:11: (t:1, i:11), STATEMACHINELOGENTRY, client-48CB266057AC, cid=32-writeStateMachineData
	at org.apache.ratis.util.IOUtils.getFromFuture(IOUtils.java:87)
	at org.apache.ratis.server.raftlog.segmented.SegmentedRaftLogWorker$StateMachineDataPolicy.getFromFuture(SegmentedRaftLogWorker.java:87)
	at org.apache.ratis.server.raftlog.segmented.SegmentedRaftLogWorker$WriteLog.execute(SegmentedRaftLogWorker.java:477)
	at org.apache.ratis.server.raftlog.segmented.SegmentedRaftLogWorker.run(SegmentedRaftLogWorker.java:289)
	at java.lang.Thread.run(Thread.java:748)
Caused by: java.util.concurrent.TimeoutException
	at java.util.concurrent.CompletableFuture.timedGet(CompletableFuture.java:1771)
	at java.util.concurrent.CompletableFuture.get(CompletableFuture.java:1915)
	at org.apache.ratis.util.IOUtils.getFromFuture(IOUtils.java:79)
	... 4 more
2019-09-16 18:46:44,814 [d6e5a99c-4067-45a5-9f51-68f82ac62b1e@group-3233B5392349-SegmentedRaftLogWorker] WARN  segmented.SegmentedRaftLogWorker (SegmentedRaftLogWorker.java:getFromFuture(90)) - Timeout 1/~
org.apache.ratis.protocol.TimeoutIOException: Timeout 10s: WriteLog:11: (t:1, i:11), STATEMACHINELOGENTRY, client-48CB266057AC, cid=32-writeStateMachineData
	at org.apache.ratis.util.IOUtils.getFromFuture(IOUtils.java:87)
	at org.apache.ratis.server.raftlog.segmented.SegmentedRaftLogWorker$StateMachineDataPolicy.getFromFuture(SegmentedRaftLogWorker.java:87)
	at org.apache.ratis.server.raftlog.segmented.SegmentedRaftLogWorker$WriteLog.execute(SegmentedRaftLogWorker.java:477)
	at org.apache.ratis.server.raftlog.segmented.SegmentedRaftLogWorker.run(SegmentedRaftLogWorker.java:289)
	at java.lang.Thread.run(Thread.java:748)
Caused by: java.util.concurrent.TimeoutException
	at java.util.concurrent.CompletableFuture.timedGet(CompletableFuture.java:1771)
	at java.util.concurrent.CompletableFuture.get(CompletableFuture.java:1915)
	at org.apache.ratis.util.IOUtils.getFromFuture(IOUtils.java:79)
	... 4 more
2019-09-16 18:46:44,892 [e8c1cc56-fd3a-4c1f-a15b-7334942b67be@group-3233B5392349-SegmentedRaftLogWorker] WARN  segmented.SegmentedRaftLogWorker (SegmentedRaftLogWorker.java:getFromFuture(90)) - Timeout 1/~
org.apache.ratis.protocol.TimeoutIOException: Timeout 10s: WriteLog:12: (t:1, i:12), STATEMACHINELOGENTRY, client-48CB266057AC, cid=33-writeStateMachineData
	at org.apache.ratis.util.IOUtils.getFromFuture(IOUtils.java:87)
	at org.apache.ratis.server.raftlog.segmented.SegmentedRaftLogWorker$StateMachineDataPolicy.getFromFuture(SegmentedRaftLogWorker.java:87)
	at org.apache.ratis.server.raftlog.segmented.SegmentedRaftLogWorker$WriteLog.execute(SegmentedRaftLogWorker.java:477)
	at org.apache.ratis.server.raftlog.segmented.SegmentedRaftLogWorker.run(SegmentedRaftLogWorker.java:289)
	at java.lang.Thread.run(Thread.java:748)
Caused by: java.util.concurrent.TimeoutException
	at java.util.concurrent.CompletableFuture.timedGet(CompletableFuture.java:1771)
	at java.util.concurrent.CompletableFuture.get(CompletableFuture.java:1915)
	at org.apache.ratis.util.IOUtils.getFromFuture(IOUtils.java:79)
	... 4 more
2019-09-16 18:46:44,951 [grpc-default-executor-1] INFO  client.GrpcClientProtocolClient (GrpcClientProtocolClient.java:onNext(264)) - client-48CB266057AC->e8c1cc56-fd3a-4c1f-a15b-7334942b67be: receive RaftClientReply:client-48CB266057AC->e8c1cc56-fd3a-4c1f-a15b-7334942b67be@group-3233B5392349, cid=32, FAILED org.apache.ratis.protocol.NotLeaderException: Server e8c1cc56-fd3a-4c1f-a15b-7334942b67be@group-3233B5392349 is not the leader e9384e49-5c15-4fe8-918f-d27f1539ccef:192.168.34.56:34651, logIndex=0, commits[e8c1cc56-fd3a-4c1f-a15b-7334942b67be:c10, e9384e49-5c15-4fe8-918f-d27f1539ccef:c10, d6e5a99c-4067-45a5-9f51-68f82ac62b1e:c6]
2019-09-16 18:46:45,319 [java.util.concurrent.ThreadPoolExecutor$Worker@360b2eea[State = -1, empty queue]] WARN  server.GrpcLogAppender (GrpcLogAppender.java:timeoutAppendRequest(200)) - e9384e49-5c15-4fe8-918f-d27f1539ccef@group-3233B5392349->d6e5a99c-4067-45a5-9f51-68f82ac62b1e-GrpcLogAppender: appendEntries Timeout, request=e9384e49-5c15-4fe8-918f-d27f1539ccef->d6e5a99c-4067-45a5-9f51-68f82ac62b1e#96-t1, previous=(t:1, i:13), leaderCommit=10, initializing? false, entries: <empty>
2019-09-16 18:46:45,319 [java.util.concurrent.ThreadPoolExecutor$Worker@37302aeb[State = -1, empty queue]] WARN  server.GrpcLogAppender (GrpcLogAppender.java:timeoutAppendRequest(200)) - e9384e49-5c15-4fe8-918f-d27f1539ccef@group-3233B5392349->e8c1cc56-fd3a-4c1f-a15b-7334942b67be-GrpcLogAppender: appendEntries Timeout, request=e9384e49-5c15-4fe8-918f-d27f1539ccef->e8c1cc56-fd3a-4c1f-a15b-7334942b67be#96-t1, previous=(t:1, i:13), leaderCommit=10, initializing? false, entries: <empty>
2019-09-16 18:46:46,703 [grpc-default-executor-4] INFO  impl.RaftServerProxy (RaftServerProxy.java:remove(95)) - e23021be-5025-43ec-901b-8f315bf6442a: remove group-38292DBBEB79:null
2019-09-16 18:46:46,711 [RatisPipelineUtilsThread] WARN  pipeline.RatisPipelineUtils (RatisPipelineUtils.java:destroyPipeline(66)) - Pipeline destroy failed for pipeline=PipelineID=1d7dcb15-e5cd-44a0-a20f-38292dbbeb79 dn=e23021be-5025-43ec-901b-8f315bf6442a{ip: 192.168.34.56, host: pr-hdds-2111-hlhfn-3535364396, networkLocation: /default-rack, certSerialId: null}
2019-09-16 18:46:46,714 [grpc-default-executor-4] INFO  impl.RaftServerProxy (RaftServerProxy.java:remove(95)) - bee99600-be87-4e2f-bca1-493826cfa9f4: remove group-38292DBBEB79:null
2019-09-16 18:46:46,720 [RatisPipelineUtilsThread] WARN  pipeline.RatisPipelineUtils (RatisPipelineUtils.java:destroyPipeline(66)) - Pipeline destroy failed for pipeline=PipelineID=1d7dcb15-e5cd-44a0-a20f-38292dbbeb79 dn=bee99600-be87-4e2f-bca1-493826cfa9f4{ip: 192.168.34.56, host: pr-hdds-2111-hlhfn-3535364396, networkLocation: /default-rack, certSerialId: null}
2019-09-16 18:46:46,723 [grpc-default-executor-4] INFO  impl.RaftServerProxy (RaftServerProxy.java:remove(95)) - 6b668dd7-26f3-4a2a-98d6-977366dc8866: remove group-38292DBBEB79:null
2019-09-16 18:46:46,729 [RatisPipelineUtilsThread] WARN  pipeline.RatisPipelineUtils (RatisPipelineUtils.java:destroyPipeline(66)) - Pipeline destroy failed for pipeline=PipelineID=1d7dcb15-e5cd-44a0-a20f-38292dbbeb79 dn=6b668dd7-26f3-4a2a-98d6-977366dc8866{ip: 192.168.34.56, host: pr-hdds-2111-hlhfn-3535364396, networkLocation: /default-rack, certSerialId: null}
2019-09-16 18:46:46,730 [RatisPipelineUtilsThread] ERROR pipeline.SCMPipelineManager (Scheduler.java:lambda$schedule$1(70)) - Destroy pipeline failed for pipeline:Pipeline[ Id: 1d7dcb15-e5cd-44a0-a20f-38292dbbeb79, Nodes: e23021be-5025-43ec-901b-8f315bf6442a{ip: 192.168.34.56, host: pr-hdds-2111-hlhfn-3535364396, networkLocation: /default-rack, certSerialId: null}bee99600-be87-4e2f-bca1-493826cfa9f4{ip: 192.168.34.56, host: pr-hdds-2111-hlhfn-3535364396, networkLocation: /default-rack, certSerialId: null}6b668dd7-26f3-4a2a-98d6-977366dc8866{ip: 192.168.34.56, host: pr-hdds-2111-hlhfn-3535364396, networkLocation: /default-rack, certSerialId: null}, Type:RATIS, Factor:THREE, State:CLOSED]
org.apache.hadoop.hdds.scm.pipeline.PipelineNotFoundException: PipelineID=1d7dcb15-e5cd-44a0-a20f-38292dbbeb79 not found
	at org.apache.hadoop.hdds.scm.pipeline.PipelineStateMap.getPipeline(PipelineStateMap.java:132)
	at org.apache.hadoop.hdds.scm.pipeline.PipelineStateMap.removePipeline(PipelineStateMap.java:322)
	at org.apache.hadoop.hdds.scm.pipeline.PipelineStateManager.removePipeline(PipelineStateManager.java:107)
	at org.apache.hadoop.hdds.scm.pipeline.SCMPipelineManager.removePipeline(SCMPipelineManager.java:423)
	at org.apache.hadoop.hdds.scm.pipeline.SCMPipelineManager.destroyPipeline(SCMPipelineManager.java:409)
	at org.apache.hadoop.hdds.scm.pipeline.SCMPipelineManager.lambda$finalizeAndDestroyPipeline$0(SCMPipelineManager.java:318)
	at org.apache.hadoop.utils.Scheduler.lambda$schedule$1(Scheduler.java:68)
	at java.util.concurrent.Executors$RunnableAdapter.call(Executors.java:511)
	at java.util.concurrent.FutureTask.run(FutureTask.java:266)
	at java.util.concurrent.ScheduledThreadPoolExecutor$ScheduledFutureTask.access$201(ScheduledThreadPoolExecutor.java:180)
	at java.util.concurrent.ScheduledThreadPoolExecutor$ScheduledFutureTask.run(ScheduledThreadPoolExecutor.java:293)
	at java.util.concurrent.ThreadPoolExecutor.runWorker(ThreadPoolExecutor.java:1149)
	at java.util.concurrent.ThreadPoolExecutor$Worker.run(ThreadPoolExecutor.java:624)
	at java.lang.Thread.run(Thread.java:748)
2019-09-16 18:46:47,820 [java.util.concurrent.ThreadPoolExecutor$Worker@360b2eea[State = -1, empty queue]] WARN  server.GrpcLogAppender (GrpcLogAppender.java:timeoutAppendRequest(200)) - e9384e49-5c15-4fe8-918f-d27f1539ccef@group-3233B5392349->d6e5a99c-4067-45a5-9f51-68f82ac62b1e-GrpcLogAppender: appendEntries Timeout, request=e9384e49-5c15-4fe8-918f-d27f1539ccef->d6e5a99c-4067-45a5-9f51-68f82ac62b1e#97-t1, previous=(t:1, i:13), leaderCommit=10, initializing? false, entries: <empty>
2019-09-16 18:46:47,820 [java.util.concurrent.ThreadPoolExecutor$Worker@37302aeb[State = -1, empty queue]] WARN  server.GrpcLogAppender (GrpcLogAppender.java:timeoutAppendRequest(200)) - e9384e49-5c15-4fe8-918f-d27f1539ccef@group-3233B5392349->e8c1cc56-fd3a-4c1f-a15b-7334942b67be-GrpcLogAppender: appendEntries Timeout, request=e9384e49-5c15-4fe8-918f-d27f1539ccef->e8c1cc56-fd3a-4c1f-a15b-7334942b67be#97-t1, previous=(t:1, i:13), leaderCommit=10, initializing? false, entries: <empty>
2019-09-16 18:46:48,703 [grpc-default-executor-4] INFO  impl.RaftServerProxy (RaftServerProxy.java:remove(95)) - e23021be-5025-43ec-901b-8f315bf6442a: remove group-38292DBBEB79:null
2019-09-16 18:46:48,710 [RatisPipelineUtilsThread] WARN  pipeline.RatisPipelineUtils (RatisPipelineUtils.java:destroyPipeline(66)) - Pipeline destroy failed for pipeline=PipelineID=1d7dcb15-e5cd-44a0-a20f-38292dbbeb79 dn=e23021be-5025-43ec-901b-8f315bf6442a{ip: 192.168.34.56, host: pr-hdds-2111-hlhfn-3535364396, networkLocation: /default-rack, certSerialId: null}
2019-09-16 18:46:48,714 [grpc-default-executor-4] INFO  impl.RaftServerProxy (RaftServerProxy.java:remove(95)) - bee99600-be87-4e2f-bca1-493826cfa9f4: remove group-38292DBBEB79:null
2019-09-16 18:46:48,720 [RatisPipelineUtilsThread] WARN  pipeline.RatisPipelineUtils (RatisPipelineUtils.java:destroyPipeline(66)) - Pipeline destroy failed for pipeline=PipelineID=1d7dcb15-e5cd-44a0-a20f-38292dbbeb79 dn=bee99600-be87-4e2f-bca1-493826cfa9f4{ip: 192.168.34.56, host: pr-hdds-2111-hlhfn-3535364396, networkLocation: /default-rack, certSerialId: null}
2019-09-16 18:46:48,723 [grpc-default-executor-4] INFO  impl.RaftServerProxy (RaftServerProxy.java:remove(95)) - 6b668dd7-26f3-4a2a-98d6-977366dc8866: remove group-38292DBBEB79:null
2019-09-16 18:46:48,729 [RatisPipelineUtilsThread] WARN  pipeline.RatisPipelineUtils (RatisPipelineUtils.java:destroyPipeline(66)) - Pipeline destroy failed for pipeline=PipelineID=1d7dcb15-e5cd-44a0-a20f-38292dbbeb79 dn=6b668dd7-26f3-4a2a-98d6-977366dc8866{ip: 192.168.34.56, host: pr-hdds-2111-hlhfn-3535364396, networkLocation: /default-rack, certSerialId: null}
2019-09-16 18:46:48,729 [RatisPipelineUtilsThread] ERROR pipeline.SCMPipelineManager (Scheduler.java:lambda$schedule$1(70)) - Destroy pipeline failed for pipeline:Pipeline[ Id: 1d7dcb15-e5cd-44a0-a20f-38292dbbeb79, Nodes: e23021be-5025-43ec-901b-8f315bf6442a{ip: 192.168.34.56, host: pr-hdds-2111-hlhfn-3535364396, networkLocation: /default-rack, certSerialId: null}bee99600-be87-4e2f-bca1-493826cfa9f4{ip: 192.168.34.56, host: pr-hdds-2111-hlhfn-3535364396, networkLocation: /default-rack, certSerialId: null}6b668dd7-26f3-4a2a-98d6-977366dc8866{ip: 192.168.34.56, host: pr-hdds-2111-hlhfn-3535364396, networkLocation: /default-rack, certSerialId: null}, Type:RATIS, Factor:THREE, State:CLOSED]
org.apache.hadoop.hdds.scm.pipeline.PipelineNotFoundException: PipelineID=1d7dcb15-e5cd-44a0-a20f-38292dbbeb79 not found
	at org.apache.hadoop.hdds.scm.pipeline.PipelineStateMap.getPipeline(PipelineStateMap.java:132)
	at org.apache.hadoop.hdds.scm.pipeline.PipelineStateMap.removePipeline(PipelineStateMap.java:322)
	at org.apache.hadoop.hdds.scm.pipeline.PipelineStateManager.removePipeline(PipelineStateManager.java:107)
	at org.apache.hadoop.hdds.scm.pipeline.SCMPipelineManager.removePipeline(SCMPipelineManager.java:423)
	at org.apache.hadoop.hdds.scm.pipeline.SCMPipelineManager.destroyPipeline(SCMPipelineManager.java:409)
	at org.apache.hadoop.hdds.scm.pipeline.SCMPipelineManager.lambda$finalizeAndDestroyPipeline$0(SCMPipelineManager.java:318)
	at org.apache.hadoop.utils.Scheduler.lambda$schedule$1(Scheduler.java:68)
	at java.util.concurrent.Executors$RunnableAdapter.call(Executors.java:511)
	at java.util.concurrent.FutureTask.run(FutureTask.java:266)
	at java.util.concurrent.ScheduledThreadPoolExecutor$ScheduledFutureTask.access$201(ScheduledThreadPoolExecutor.java:180)
	at java.util.concurrent.ScheduledThreadPoolExecutor$ScheduledFutureTask.run(ScheduledThreadPoolExecutor.java:293)
	at java.util.concurrent.ThreadPoolExecutor.runWorker(ThreadPoolExecutor.java:1149)
	at java.util.concurrent.ThreadPoolExecutor$Worker.run(ThreadPoolExecutor.java:624)
	at java.lang.Thread.run(Thread.java:748)
2019-09-16 18:46:49,979 [grpc-default-executor-1] INFO  client.GrpcClientProtocolClient (GrpcClientProtocolClient.java:onNext(264)) - client-48CB266057AC->e8c1cc56-fd3a-4c1f-a15b-7334942b67be: receive RaftClientReply:client-48CB266057AC->e8c1cc56-fd3a-4c1f-a15b-7334942b67be@group-3233B5392349, cid=32, FAILED org.apache.ratis.protocol.NotLeaderException: Server e8c1cc56-fd3a-4c1f-a15b-7334942b67be@group-3233B5392349 is not the leader e9384e49-5c15-4fe8-918f-d27f1539ccef:192.168.34.56:34651, logIndex=0, commits[e8c1cc56-fd3a-4c1f-a15b-7334942b67be:c10, e9384e49-5c15-4fe8-918f-d27f1539ccef:c10, d6e5a99c-4067-45a5-9f51-68f82ac62b1e:c6]
2019-09-16 18:46:50,320 [java.util.concurrent.ThreadPoolExecutor$Worker@360b2eea[State = -1, empty queue]] WARN  server.GrpcLogAppender (GrpcLogAppender.java:timeoutAppendRequest(200)) - e9384e49-5c15-4fe8-918f-d27f1539ccef@group-3233B5392349->d6e5a99c-4067-45a5-9f51-68f82ac62b1e-GrpcLogAppender: appendEntries Timeout, request=e9384e49-5c15-4fe8-918f-d27f1539ccef->d6e5a99c-4067-45a5-9f51-68f82ac62b1e#98-t1, previous=(t:1, i:13), leaderCommit=10, initializing? false, entries: <empty>
2019-09-16 18:46:50,320 [java.util.concurrent.ThreadPoolExecutor$Worker@37302aeb[State = -1, empty queue]] WARN  server.GrpcLogAppender (GrpcLogAppender.java:timeoutAppendRequest(200)) - e9384e49-5c15-4fe8-918f-d27f1539ccef@group-3233B5392349->e8c1cc56-fd3a-4c1f-a15b-7334942b67be-GrpcLogAppender: appendEntries Timeout, request=e9384e49-5c15-4fe8-918f-d27f1539ccef->e8c1cc56-fd3a-4c1f-a15b-7334942b67be#98-t1, previous=(t:1, i:13), leaderCommit=10, initializing? false, entries: <empty>
2019-09-16 18:46:51,700 [grpc-default-executor-1] INFO  impl.RaftServerProxy (RaftServerProxy.java:remove(95)) - e23021be-5025-43ec-901b-8f315bf6442a: remove group-38292DBBEB79:null
2019-09-16 18:46:51,705 [RatisPipelineUtilsThread] WARN  pipeline.RatisPipelineUtils (RatisPipelineUtils.java:destroyPipeline(66)) - Pipeline destroy failed for pipeline=PipelineID=1d7dcb15-e5cd-44a0-a20f-38292dbbeb79 dn=e23021be-5025-43ec-901b-8f315bf6442a{ip: 192.168.34.56, host: pr-hdds-2111-hlhfn-3535364396, networkLocation: /default-rack, certSerialId: null}
2019-09-16 18:46:51,708 [grpc-default-executor-1] INFO  impl.RaftServerProxy (RaftServerProxy.java:remove(95)) - bee99600-be87-4e2f-bca1-493826cfa9f4: remove group-38292DBBEB79:null
2019-09-16 18:46:51,712 [RatisPipelineUtilsThread] WARN  pipeline.RatisPipelineUtils (RatisPipelineUtils.java:destroyPipeline(66)) - Pipeline destroy failed for pipeline=PipelineID=1d7dcb15-e5cd-44a0-a20f-38292dbbeb79 dn=bee99600-be87-4e2f-bca1-493826cfa9f4{ip: 192.168.34.56, host: pr-hdds-2111-hlhfn-3535364396, networkLocation: /default-rack, certSerialId: null}
2019-09-16 18:46:51,715 [grpc-default-executor-1] INFO  impl.RaftServerProxy (RaftServerProxy.java:remove(95)) - 6b668dd7-26f3-4a2a-98d6-977366dc8866: remove group-38292DBBEB79:null
2019-09-16 18:46:51,719 [RatisPipelineUtilsThread] WARN  pipeline.RatisPipelineUtils (RatisPipelineUtils.java:destroyPipeline(66)) - Pipeline destroy failed for pipeline=PipelineID=1d7dcb15-e5cd-44a0-a20f-38292dbbeb79 dn=6b668dd7-26f3-4a2a-98d6-977366dc8866{ip: 192.168.34.56, host: pr-hdds-2111-hlhfn-3535364396, networkLocation: /default-rack, certSerialId: null}
2019-09-16 18:46:51,719 [RatisPipelineUtilsThread] ERROR pipeline.SCMPipelineManager (Scheduler.java:lambda$schedule$1(70)) - Destroy pipeline failed for pipeline:Pipeline[ Id: 1d7dcb15-e5cd-44a0-a20f-38292dbbeb79, Nodes: e23021be-5025-43ec-901b-8f315bf6442a{ip: 192.168.34.56, host: pr-hdds-2111-hlhfn-3535364396, networkLocation: /default-rack, certSerialId: null}bee99600-be87-4e2f-bca1-493826cfa9f4{ip: 192.168.34.56, host: pr-hdds-2111-hlhfn-3535364396, networkLocation: /default-rack, certSerialId: null}6b668dd7-26f3-4a2a-98d6-977366dc8866{ip: 192.168.34.56, host: pr-hdds-2111-hlhfn-3535364396, networkLocation: /default-rack, certSerialId: null}, Type:RATIS, Factor:THREE, State:CLOSED]
org.apache.hadoop.hdds.scm.pipeline.PipelineNotFoundException: PipelineID=1d7dcb15-e5cd-44a0-a20f-38292dbbeb79 not found
	at org.apache.hadoop.hdds.scm.pipeline.PipelineStateMap.getPipeline(PipelineStateMap.java:132)
	at org.apache.hadoop.hdds.scm.pipeline.PipelineStateMap.removePipeline(PipelineStateMap.java:322)
	at org.apache.hadoop.hdds.scm.pipeline.PipelineStateManager.removePipeline(PipelineStateManager.java:107)
	at org.apache.hadoop.hdds.scm.pipeline.SCMPipelineManager.removePipeline(SCMPipelineManager.java:423)
	at org.apache.hadoop.hdds.scm.pipeline.SCMPipelineManager.destroyPipeline(SCMPipelineManager.java:409)
	at org.apache.hadoop.hdds.scm.pipeline.SCMPipelineManager.lambda$finalizeAndDestroyPipeline$0(SCMPipelineManager.java:318)
	at org.apache.hadoop.utils.Scheduler.lambda$schedule$1(Scheduler.java:68)
	at java.util.concurrent.Executors$RunnableAdapter.call(Executors.java:511)
	at java.util.concurrent.FutureTask.run(FutureTask.java:266)
	at java.util.concurrent.ScheduledThreadPoolExecutor$ScheduledFutureTask.access$201(ScheduledThreadPoolExecutor.java:180)
	at java.util.concurrent.ScheduledThreadPoolExecutor$ScheduledFutureTask.run(ScheduledThreadPoolExecutor.java:293)
	at java.util.concurrent.ThreadPoolExecutor.runWorker(ThreadPoolExecutor.java:1149)
	at java.util.concurrent.ThreadPoolExecutor$Worker.run(ThreadPoolExecutor.java:624)
	at java.lang.Thread.run(Thread.java:748)
2019-09-16 18:46:52,820 [java.util.concurrent.ThreadPoolExecutor$Worker@360b2eea[State = -1, empty queue]] WARN  server.GrpcLogAppender (GrpcLogAppender.java:timeoutAppendRequest(200)) - e9384e49-5c15-4fe8-918f-d27f1539ccef@group-3233B5392349->d6e5a99c-4067-45a5-9f51-68f82ac62b1e-GrpcLogAppender: appendEntries Timeout, request=e9384e49-5c15-4fe8-918f-d27f1539ccef->d6e5a99c-4067-45a5-9f51-68f82ac62b1e#99-t1, previous=(t:1, i:13), leaderCommit=10, initializing? false, entries: <empty>
2019-09-16 18:46:52,820 [java.util.concurrent.ThreadPoolExecutor$Worker@37302aeb[State = -1, empty queue]] WARN  server.GrpcLogAppender (GrpcLogAppender.java:timeoutAppendRequest(200)) - e9384e49-5c15-4fe8-918f-d27f1539ccef@group-3233B5392349->e8c1cc56-fd3a-4c1f-a15b-7334942b67be-GrpcLogAppender: appendEntries Timeout, request=e9384e49-5c15-4fe8-918f-d27f1539ccef->e8c1cc56-fd3a-4c1f-a15b-7334942b67be#99-t1, previous=(t:1, i:13), leaderCommit=10, initializing? false, entries: <empty>
2019-09-16 18:46:53,707 [grpc-default-executor-1] INFO  impl.RaftServerProxy (RaftServerProxy.java:remove(95)) - e23021be-5025-43ec-901b-8f315bf6442a: remove group-38292DBBEB79:null
2019-09-16 18:46:53,718 [RatisPipelineUtilsThread] WARN  pipeline.RatisPipelineUtils (RatisPipelineUtils.java:destroyPipeline(66)) - Pipeline destroy failed for pipeline=PipelineID=1d7dcb15-e5cd-44a0-a20f-38292dbbeb79 dn=e23021be-5025-43ec-901b-8f315bf6442a{ip: 192.168.34.56, host: pr-hdds-2111-hlhfn-3535364396, networkLocation: /default-rack, certSerialId: null}
2019-09-16 18:46:53,721 [grpc-default-executor-1] INFO  impl.RaftServerProxy (RaftServerProxy.java:remove(95)) - bee99600-be87-4e2f-bca1-493826cfa9f4: remove group-38292DBBEB79:null
2019-09-16 18:46:53,727 [RatisPipelineUtilsThread] WARN  pipeline.RatisPipelineUtils (RatisPipelineUtils.java:destroyPipeline(66)) - Pipeline destroy failed for pipeline=PipelineID=1d7dcb15-e5cd-44a0-a20f-38292dbbeb79 dn=bee99600-be87-4e2f-bca1-493826cfa9f4{ip: 192.168.34.56, host: pr-hdds-2111-hlhfn-3535364396, networkLocation: /default-rack, certSerialId: null}
2019-09-16 18:46:53,730 [grpc-default-executor-1] INFO  impl.RaftServerProxy (RaftServerProxy.java:remove(95)) - 6b668dd7-26f3-4a2a-98d6-977366dc8866: remove group-38292DBBEB79:null
2019-09-16 18:46:53,737 [RatisPipelineUtilsThread] WARN  pipeline.RatisPipelineUtils (RatisPipelineUtils.java:destroyPipeline(66)) - Pipeline destroy failed for pipeline=PipelineID=1d7dcb15-e5cd-44a0-a20f-38292dbbeb79 dn=6b668dd7-26f3-4a2a-98d6-977366dc8866{ip: 192.168.34.56, host: pr-hdds-2111-hlhfn-3535364396, networkLocation: /default-rack, certSerialId: null}
2019-09-16 18:46:53,737 [RatisPipelineUtilsThread] ERROR pipeline.SCMPipelineManager (Scheduler.java:lambda$schedule$1(70)) - Destroy pipeline failed for pipeline:Pipeline[ Id: 1d7dcb15-e5cd-44a0-a20f-38292dbbeb79, Nodes: e23021be-5025-43ec-901b-8f315bf6442a{ip: 192.168.34.56, host: pr-hdds-2111-hlhfn-3535364396, networkLocation: /default-rack, certSerialId: null}bee99600-be87-4e2f-bca1-493826cfa9f4{ip: 192.168.34.56, host: pr-hdds-2111-hlhfn-3535364396, networkLocation: /default-rack, certSerialId: null}6b668dd7-26f3-4a2a-98d6-977366dc8866{ip: 192.168.34.56, host: pr-hdds-2111-hlhfn-3535364396, networkLocation: /default-rack, certSerialId: null}, Type:RATIS, Factor:THREE, State:CLOSED]
org.apache.hadoop.hdds.scm.pipeline.PipelineNotFoundException: PipelineID=1d7dcb15-e5cd-44a0-a20f-38292dbbeb79 not found
	at org.apache.hadoop.hdds.scm.pipeline.PipelineStateMap.getPipeline(PipelineStateMap.java:132)
	at org.apache.hadoop.hdds.scm.pipeline.PipelineStateMap.removePipeline(PipelineStateMap.java:322)
	at org.apache.hadoop.hdds.scm.pipeline.PipelineStateManager.removePipeline(PipelineStateManager.java:107)
	at org.apache.hadoop.hdds.scm.pipeline.SCMPipelineManager.removePipeline(SCMPipelineManager.java:423)
	at org.apache.hadoop.hdds.scm.pipeline.SCMPipelineManager.destroyPipeline(SCMPipelineManager.java:409)
	at org.apache.hadoop.hdds.scm.pipeline.SCMPipelineManager.lambda$finalizeAndDestroyPipeline$0(SCMPipelineManager.java:318)
	at org.apache.hadoop.utils.Scheduler.lambda$schedule$1(Scheduler.java:68)
	at java.util.concurrent.Executors$RunnableAdapter.call(Executors.java:511)
	at java.util.concurrent.FutureTask.run(FutureTask.java:266)
	at java.util.concurrent.ScheduledThreadPoolExecutor$ScheduledFutureTask.access$201(ScheduledThreadPoolExecutor.java:180)
	at java.util.concurrent.ScheduledThreadPoolExecutor$ScheduledFutureTask.run(ScheduledThreadPoolExecutor.java:293)
	at java.util.concurrent.ThreadPoolExecutor.runWorker(ThreadPoolExecutor.java:1149)
	at java.util.concurrent.ThreadPoolExecutor$Worker.run(ThreadPoolExecutor.java:624)
	at java.lang.Thread.run(Thread.java:748)
2019-09-16 18:46:54,814 [e9384e49-5c15-4fe8-918f-d27f1539ccef@group-3233B5392349-SegmentedRaftLogWorker] WARN  segmented.SegmentedRaftLogWorker (SegmentedRaftLogWorker.java:getFromFuture(90)) - Timeout 2/~
org.apache.ratis.protocol.TimeoutIOException: Timeout 10s: WriteLog:11: (t:1, i:11), STATEMACHINELOGENTRY, client-48CB266057AC, cid=32-writeStateMachineData
	at org.apache.ratis.util.IOUtils.getFromFuture(IOUtils.java:87)
	at org.apache.ratis.server.raftlog.segmented.SegmentedRaftLogWorker$StateMachineDataPolicy.getFromFuture(SegmentedRaftLogWorker.java:87)
	at org.apache.ratis.server.raftlog.segmented.SegmentedRaftLogWorker$WriteLog.execute(SegmentedRaftLogWorker.java:477)
	at org.apache.ratis.server.raftlog.segmented.SegmentedRaftLogWorker.run(SegmentedRaftLogWorker.java:289)
	at java.lang.Thread.run(Thread.java:748)
Caused by: java.util.concurrent.TimeoutException
	at java.util.concurrent.CompletableFuture.timedGet(CompletableFuture.java:1771)
	at java.util.concurrent.CompletableFuture.get(CompletableFuture.java:1915)
	at org.apache.ratis.util.IOUtils.getFromFuture(IOUtils.java:79)
	... 4 more
2019-09-16 18:46:54,815 [d6e5a99c-4067-45a5-9f51-68f82ac62b1e@group-3233B5392349-SegmentedRaftLogWorker] WARN  segmented.SegmentedRaftLogWorker (SegmentedRaftLogWorker.java:getFromFuture(90)) - Timeout 2/~
org.apache.ratis.protocol.TimeoutIOException: Timeout 10s: WriteLog:11: (t:1, i:11), STATEMACHINELOGENTRY, client-48CB266057AC, cid=32-writeStateMachineData
	at org.apache.ratis.util.IOUtils.getFromFuture(IOUtils.java:87)
	at org.apache.ratis.server.raftlog.segmented.SegmentedRaftLogWorker$StateMachineDataPolicy.getFromFuture(SegmentedRaftLogWorker.java:87)
	at org.apache.ratis.server.raftlog.segmented.SegmentedRaftLogWorker$WriteLog.execute(SegmentedRaftLogWorker.java:477)
	at org.apache.ratis.server.raftlog.segmented.SegmentedRaftLogWorker.run(SegmentedRaftLogWorker.java:289)
	at java.lang.Thread.run(Thread.java:748)
Caused by: java.util.concurrent.TimeoutException
	at java.util.concurrent.CompletableFuture.timedGet(CompletableFuture.java:1771)
	at java.util.concurrent.CompletableFuture.get(CompletableFuture.java:1915)
	at org.apache.ratis.util.IOUtils.getFromFuture(IOUtils.java:79)
	... 4 more
2019-09-16 18:46:54,893 [e8c1cc56-fd3a-4c1f-a15b-7334942b67be@group-3233B5392349-SegmentedRaftLogWorker] WARN  segmented.SegmentedRaftLogWorker (SegmentedRaftLogWorker.java:getFromFuture(90)) - Timeout 2/~
org.apache.ratis.protocol.TimeoutIOException: Timeout 10s: WriteLog:12: (t:1, i:12), STATEMACHINELOGENTRY, client-48CB266057AC, cid=33-writeStateMachineData
	at org.apache.ratis.util.IOUtils.getFromFuture(IOUtils.java:87)
	at org.apache.ratis.server.raftlog.segmented.SegmentedRaftLogWorker$StateMachineDataPolicy.getFromFuture(SegmentedRaftLogWorker.java:87)
	at org.apache.ratis.server.raftlog.segmented.SegmentedRaftLogWorker$WriteLog.execute(SegmentedRaftLogWorker.java:477)
	at org.apache.ratis.server.raftlog.segmented.SegmentedRaftLogWorker.run(SegmentedRaftLogWorker.java:289)
	at java.lang.Thread.run(Thread.java:748)
Caused by: java.util.concurrent.TimeoutException
	at java.util.concurrent.CompletableFuture.timedGet(CompletableFuture.java:1771)
	at java.util.concurrent.CompletableFuture.get(CompletableFuture.java:1915)
	at org.apache.ratis.util.IOUtils.getFromFuture(IOUtils.java:79)
	... 4 more
2019-09-16 18:46:55,009 [grpc-default-executor-4] INFO  client.GrpcClientProtocolClient (GrpcClientProtocolClient.java:onNext(264)) - client-48CB266057AC->e8c1cc56-fd3a-4c1f-a15b-7334942b67be: receive RaftClientReply:client-48CB266057AC->e8c1cc56-fd3a-4c1f-a15b-7334942b67be@group-3233B5392349, cid=32, FAILED org.apache.ratis.protocol.NotLeaderException: Server e8c1cc56-fd3a-4c1f-a15b-7334942b67be@group-3233B5392349 is not the leader e9384e49-5c15-4fe8-918f-d27f1539ccef:192.168.34.56:34651, logIndex=0, commits[e8c1cc56-fd3a-4c1f-a15b-7334942b67be:c10, e9384e49-5c15-4fe8-918f-d27f1539ccef:c10, d6e5a99c-4067-45a5-9f51-68f82ac62b1e:c6]
2019-09-16 18:46:55,321 [java.util.concurrent.ThreadPoolExecutor$Worker@37302aeb[State = -1, empty queue]] WARN  server.GrpcLogAppender (GrpcLogAppender.java:timeoutAppendRequest(200)) - e9384e49-5c15-4fe8-918f-d27f1539ccef@group-3233B5392349->e8c1cc56-fd3a-4c1f-a15b-7334942b67be-GrpcLogAppender: appendEntries Timeout, request=e9384e49-5c15-4fe8-918f-d27f1539ccef->e8c1cc56-fd3a-4c1f-a15b-7334942b67be#100-t1, previous=(t:1, i:13), leaderCommit=10, initializing? false, entries: <empty>
2019-09-16 18:46:55,321 [java.util.concurrent.ThreadPoolExecutor$Worker@360b2eea[State = -1, empty queue]] WARN  server.GrpcLogAppender (GrpcLogAppender.java:timeoutAppendRequest(200)) - e9384e49-5c15-4fe8-918f-d27f1539ccef@group-3233B5392349->d6e5a99c-4067-45a5-9f51-68f82ac62b1e-GrpcLogAppender: appendEntries Timeout, request=e9384e49-5c15-4fe8-918f-d27f1539ccef->d6e5a99c-4067-45a5-9f51-68f82ac62b1e#100-t1, previous=(t:1, i:13), leaderCommit=10, initializing? false, entries: <empty>
2019-09-16 18:46:56,701 [grpc-default-executor-1] INFO  impl.RaftServerProxy (RaftServerProxy.java:remove(95)) - e23021be-5025-43ec-901b-8f315bf6442a: remove group-38292DBBEB79:null
2019-09-16 18:46:56,707 [RatisPipelineUtilsThread] WARN  pipeline.RatisPipelineUtils (RatisPipelineUtils.java:destroyPipeline(66)) - Pipeline destroy failed for pipeline=PipelineID=1d7dcb15-e5cd-44a0-a20f-38292dbbeb79 dn=e23021be-5025-43ec-901b-8f315bf6442a{ip: 192.168.34.56, host: pr-hdds-2111-hlhfn-3535364396, networkLocation: /default-rack, certSerialId: null}
2019-09-16 18:46:56,710 [grpc-default-executor-1] INFO  impl.RaftServerProxy (RaftServerProxy.java:remove(95)) - bee99600-be87-4e2f-bca1-493826cfa9f4: remove group-38292DBBEB79:null
2019-09-16 18:46:56,723 [RatisPipelineUtilsThread] WARN  pipeline.RatisPipelineUtils (RatisPipelineUtils.java:destroyPipeline(66)) - Pipeline destroy failed for pipeline=PipelineID=1d7dcb15-e5cd-44a0-a20f-38292dbbeb79 dn=bee99600-be87-4e2f-bca1-493826cfa9f4{ip: 192.168.34.56, host: pr-hdds-2111-hlhfn-3535364396, networkLocation: /default-rack, certSerialId: null}
2019-09-16 18:46:56,726 [grpc-default-executor-1] INFO  impl.RaftServerProxy (RaftServerProxy.java:remove(95)) - 6b668dd7-26f3-4a2a-98d6-977366dc8866: remove group-38292DBBEB79:null
2019-09-16 18:46:56,729 [RatisPipelineUtilsThread] WARN  pipeline.RatisPipelineUtils (RatisPipelineUtils.java:destroyPipeline(66)) - Pipeline destroy failed for pipeline=PipelineID=1d7dcb15-e5cd-44a0-a20f-38292dbbeb79 dn=6b668dd7-26f3-4a2a-98d6-977366dc8866{ip: 192.168.34.56, host: pr-hdds-2111-hlhfn-3535364396, networkLocation: /default-rack, certSerialId: null}
2019-09-16 18:46:56,729 [RatisPipelineUtilsThread] ERROR pipeline.SCMPipelineManager (Scheduler.java:lambda$schedule$1(70)) - Destroy pipeline failed for pipeline:Pipeline[ Id: 1d7dcb15-e5cd-44a0-a20f-38292dbbeb79, Nodes: e23021be-5025-43ec-901b-8f315bf6442a{ip: 192.168.34.56, host: pr-hdds-2111-hlhfn-3535364396, networkLocation: /default-rack, certSerialId: null}bee99600-be87-4e2f-bca1-493826cfa9f4{ip: 192.168.34.56, host: pr-hdds-2111-hlhfn-3535364396, networkLocation: /default-rack, certSerialId: null}6b668dd7-26f3-4a2a-98d6-977366dc8866{ip: 192.168.34.56, host: pr-hdds-2111-hlhfn-3535364396, networkLocation: /default-rack, certSerialId: null}, Type:RATIS, Factor:THREE, State:CLOSED]
org.apache.hadoop.hdds.scm.pipeline.PipelineNotFoundException: PipelineID=1d7dcb15-e5cd-44a0-a20f-38292dbbeb79 not found
	at org.apache.hadoop.hdds.scm.pipeline.PipelineStateMap.getPipeline(PipelineStateMap.java:132)
	at org.apache.hadoop.hdds.scm.pipeline.PipelineStateMap.removePipeline(PipelineStateMap.java:322)
	at org.apache.hadoop.hdds.scm.pipeline.PipelineStateManager.removePipeline(PipelineStateManager.java:107)
	at org.apache.hadoop.hdds.scm.pipeline.SCMPipelineManager.removePipeline(SCMPipelineManager.java:423)
	at org.apache.hadoop.hdds.scm.pipeline.SCMPipelineManager.destroyPipeline(SCMPipelineManager.java:409)
	at org.apache.hadoop.hdds.scm.pipeline.SCMPipelineManager.lambda$finalizeAndDestroyPipeline$0(SCMPipelineManager.java:318)
	at org.apache.hadoop.utils.Scheduler.lambda$schedule$1(Scheduler.java:68)
	at java.util.concurrent.Executors$RunnableAdapter.call(Executors.java:511)
	at java.util.concurrent.FutureTask.run(FutureTask.java:266)
	at java.util.concurrent.ScheduledThreadPoolExecutor$ScheduledFutureTask.access$201(ScheduledThreadPoolExecutor.java:180)
	at java.util.concurrent.ScheduledThreadPoolExecutor$ScheduledFutureTask.run(ScheduledThreadPoolExecutor.java:293)
	at java.util.concurrent.ThreadPoolExecutor.runWorker(ThreadPoolExecutor.java:1149)
	at java.util.concurrent.ThreadPoolExecutor$Worker.run(ThreadPoolExecutor.java:624)
	at java.lang.Thread.run(Thread.java:748)
2019-09-16 18:46:57,821 [java.util.concurrent.ThreadPoolExecutor$Worker@360b2eea[State = -1, empty queue]] WARN  server.GrpcLogAppender (GrpcLogAppender.java:timeoutAppendRequest(200)) - e9384e49-5c15-4fe8-918f-d27f1539ccef@group-3233B5392349->d6e5a99c-4067-45a5-9f51-68f82ac62b1e-GrpcLogAppender: appendEntries Timeout, request=e9384e49-5c15-4fe8-918f-d27f1539ccef->d6e5a99c-4067-45a5-9f51-68f82ac62b1e#101-t1, previous=(t:1, i:13), leaderCommit=10, initializing? false, entries: <empty>
2019-09-16 18:46:57,821 [java.util.concurrent.ThreadPoolExecutor$Worker@37302aeb[State = -1, empty queue]] WARN  server.GrpcLogAppender (GrpcLogAppender.java:timeoutAppendRequest(200)) - e9384e49-5c15-4fe8-918f-d27f1539ccef@group-3233B5392349->e8c1cc56-fd3a-4c1f-a15b-7334942b67be-GrpcLogAppender: appendEntries Timeout, request=e9384e49-5c15-4fe8-918f-d27f1539ccef->e8c1cc56-fd3a-4c1f-a15b-7334942b67be#101-t1, previous=(t:1, i:13), leaderCommit=10, initializing? false, entries: <empty>
2019-09-16 18:46:58,701 [grpc-default-executor-1] INFO  impl.RaftServerProxy (RaftServerProxy.java:remove(95)) - e23021be-5025-43ec-901b-8f315bf6442a: remove group-38292DBBEB79:null
2019-09-16 18:46:58,704 [RatisPipelineUtilsThread] WARN  pipeline.RatisPipelineUtils (RatisPipelineUtils.java:destroyPipeline(66)) - Pipeline destroy failed for pipeline=PipelineID=1d7dcb15-e5cd-44a0-a20f-38292dbbeb79 dn=e23021be-5025-43ec-901b-8f315bf6442a{ip: 192.168.34.56, host: pr-hdds-2111-hlhfn-3535364396, networkLocation: /default-rack, certSerialId: null}
2019-09-16 18:46:58,708 [grpc-default-executor-1] INFO  impl.RaftServerProxy (RaftServerProxy.java:remove(95)) - bee99600-be87-4e2f-bca1-493826cfa9f4: remove group-38292DBBEB79:null
2019-09-16 18:46:58,710 [RatisPipelineUtilsThread] WARN  pipeline.RatisPipelineUtils (RatisPipelineUtils.java:destroyPipeline(66)) - Pipeline destroy failed for pipeline=PipelineID=1d7dcb15-e5cd-44a0-a20f-38292dbbeb79 dn=bee99600-be87-4e2f-bca1-493826cfa9f4{ip: 192.168.34.56, host: pr-hdds-2111-hlhfn-3535364396, networkLocation: /default-rack, certSerialId: null}
2019-09-16 18:46:58,712 [grpc-default-executor-1] INFO  impl.RaftServerProxy (RaftServerProxy.java:remove(95)) - 6b668dd7-26f3-4a2a-98d6-977366dc8866: remove group-38292DBBEB79:null
2019-09-16 18:46:58,715 [RatisPipelineUtilsThread] WARN  pipeline.RatisPipelineUtils (RatisPipelineUtils.java:destroyPipeline(66)) - Pipeline destroy failed for pipeline=PipelineID=1d7dcb15-e5cd-44a0-a20f-38292dbbeb79 dn=6b668dd7-26f3-4a2a-98d6-977366dc8866{ip: 192.168.34.56, host: pr-hdds-2111-hlhfn-3535364396, networkLocation: /default-rack, certSerialId: null}
2019-09-16 18:46:58,715 [RatisPipelineUtilsThread] ERROR pipeline.SCMPipelineManager (Scheduler.java:lambda$schedule$1(70)) - Destroy pipeline failed for pipeline:Pipeline[ Id: 1d7dcb15-e5cd-44a0-a20f-38292dbbeb79, Nodes: e23021be-5025-43ec-901b-8f315bf6442a{ip: 192.168.34.56, host: pr-hdds-2111-hlhfn-3535364396, networkLocation: /default-rack, certSerialId: null}bee99600-be87-4e2f-bca1-493826cfa9f4{ip: 192.168.34.56, host: pr-hdds-2111-hlhfn-3535364396, networkLocation: /default-rack, certSerialId: null}6b668dd7-26f3-4a2a-98d6-977366dc8866{ip: 192.168.34.56, host: pr-hdds-2111-hlhfn-3535364396, networkLocation: /default-rack, certSerialId: null}, Type:RATIS, Factor:THREE, State:CLOSED]
org.apache.hadoop.hdds.scm.pipeline.PipelineNotFoundException: PipelineID=1d7dcb15-e5cd-44a0-a20f-38292dbbeb79 not found
	at org.apache.hadoop.hdds.scm.pipeline.PipelineStateMap.getPipeline(PipelineStateMap.java:132)
	at org.apache.hadoop.hdds.scm.pipeline.PipelineStateMap.removePipeline(PipelineStateMap.java:322)
	at org.apache.hadoop.hdds.scm.pipeline.PipelineStateManager.removePipeline(PipelineStateManager.java:107)
	at org.apache.hadoop.hdds.scm.pipeline.SCMPipelineManager.removePipeline(SCMPipelineManager.java:423)
	at org.apache.hadoop.hdds.scm.pipeline.SCMPipelineManager.destroyPipeline(SCMPipelineManager.java:409)
	at org.apache.hadoop.hdds.scm.pipeline.SCMPipelineManager.lambda$finalizeAndDestroyPipeline$0(SCMPipelineManager.java:318)
	at org.apache.hadoop.utils.Scheduler.lambda$schedule$1(Scheduler.java:68)
	at java.util.concurrent.Executors$RunnableAdapter.call(Executors.java:511)
	at java.util.concurrent.FutureTask.run(FutureTask.java:266)
	at java.util.concurrent.ScheduledThreadPoolExecutor$ScheduledFutureTask.access$201(ScheduledThreadPoolExecutor.java:180)
	at java.util.concurrent.ScheduledThreadPoolExecutor$ScheduledFutureTask.run(ScheduledThreadPoolExecutor.java:293)
	at java.util.concurrent.ThreadPoolExecutor.runWorker(ThreadPoolExecutor.java:1149)
	at java.util.concurrent.ThreadPoolExecutor$Worker.run(ThreadPoolExecutor.java:624)
	at java.lang.Thread.run(Thread.java:748)
2019-09-16 18:47:00,054 [grpc-default-executor-1] INFO  client.GrpcClientProtocolClient (GrpcClientProtocolClient.java:onNext(264)) - client-48CB266057AC->d6e5a99c-4067-45a5-9f51-68f82ac62b1e: receive RaftClientReply:client-48CB266057AC->d6e5a99c-4067-45a5-9f51-68f82ac62b1e@group-3233B5392349, cid=32, FAILED org.apache.ratis.protocol.NotLeaderException: Server d6e5a99c-4067-45a5-9f51-68f82ac62b1e@group-3233B5392349 is not the leader e9384e49-5c15-4fe8-918f-d27f1539ccef:192.168.34.56:34651, logIndex=0, commits[d6e5a99c-4067-45a5-9f51-68f82ac62b1e:c10, e9384e49-5c15-4fe8-918f-d27f1539ccef:c10, e8c1cc56-fd3a-4c1f-a15b-7334942b67be:c6]
2019-09-16 18:47:00,321 [java.util.concurrent.ThreadPoolExecutor$Worker@37302aeb[State = -1, empty queue]] WARN  server.GrpcLogAppender (GrpcLogAppender.java:timeoutAppendRequest(200)) - e9384e49-5c15-4fe8-918f-d27f1539ccef@group-3233B5392349->e8c1cc56-fd3a-4c1f-a15b-7334942b67be-GrpcLogAppender: appendEntries Timeout, request=e9384e49-5c15-4fe8-918f-d27f1539ccef->e8c1cc56-fd3a-4c1f-a15b-7334942b67be#102-t1, previous=(t:1, i:13), leaderCommit=10, initializing? false, entries: <empty>
2019-09-16 18:47:00,321 [java.util.concurrent.ThreadPoolExecutor$Worker@360b2eea[State = -1, empty queue]] WARN  server.GrpcLogAppender (GrpcLogAppender.java:timeoutAppendRequest(200)) - e9384e49-5c15-4fe8-918f-d27f1539ccef@group-3233B5392349->d6e5a99c-4067-45a5-9f51-68f82ac62b1e-GrpcLogAppender: appendEntries Timeout, request=e9384e49-5c15-4fe8-918f-d27f1539ccef->d6e5a99c-4067-45a5-9f51-68f82ac62b1e#102-t1, previous=(t:1, i:13), leaderCommit=10, initializing? false, entries: <empty>
2019-09-16 18:47:01,700 [grpc-default-executor-1] INFO  impl.RaftServerProxy (RaftServerProxy.java:remove(95)) - e23021be-5025-43ec-901b-8f315bf6442a: remove group-38292DBBEB79:null
2019-09-16 18:47:01,703 [RatisPipelineUtilsThread] WARN  pipeline.RatisPipelineUtils (RatisPipelineUtils.java:destroyPipeline(66)) - Pipeline destroy failed for pipeline=PipelineID=1d7dcb15-e5cd-44a0-a20f-38292dbbeb79 dn=e23021be-5025-43ec-901b-8f315bf6442a{ip: 192.168.34.56, host: pr-hdds-2111-hlhfn-3535364396, networkLocation: /default-rack, certSerialId: null}
2019-09-16 18:47:01,705 [grpc-default-executor-1] INFO  impl.RaftServerProxy (RaftServerProxy.java:remove(95)) - bee99600-be87-4e2f-bca1-493826cfa9f4: remove group-38292DBBEB79:null
2019-09-16 18:47:01,707 [RatisPipelineUtilsThread] WARN  pipeline.RatisPipelineUtils (RatisPipelineUtils.java:destroyPipeline(66)) - Pipeline destroy failed for pipeline=PipelineID=1d7dcb15-e5cd-44a0-a20f-38292dbbeb79 dn=bee99600-be87-4e2f-bca1-493826cfa9f4{ip: 192.168.34.56, host: pr-hdds-2111-hlhfn-3535364396, networkLocation: /default-rack, certSerialId: null}
2019-09-16 18:47:01,710 [grpc-default-executor-1] INFO  impl.RaftServerProxy (RaftServerProxy.java:remove(95)) - 6b668dd7-26f3-4a2a-98d6-977366dc8866: remove group-38292DBBEB79:null
2019-09-16 18:47:01,712 [RatisPipelineUtilsThread] WARN  pipeline.RatisPipelineUtils (RatisPipelineUtils.java:destroyPipeline(66)) - Pipeline destroy failed for pipeline=PipelineID=1d7dcb15-e5cd-44a0-a20f-38292dbbeb79 dn=6b668dd7-26f3-4a2a-98d6-977366dc8866{ip: 192.168.34.56, host: pr-hdds-2111-hlhfn-3535364396, networkLocation: /default-rack, certSerialId: null}
2019-09-16 18:47:01,712 [RatisPipelineUtilsThread] ERROR pipeline.SCMPipelineManager (Scheduler.java:lambda$schedule$1(70)) - Destroy pipeline failed for pipeline:Pipeline[ Id: 1d7dcb15-e5cd-44a0-a20f-38292dbbeb79, Nodes: e23021be-5025-43ec-901b-8f315bf6442a{ip: 192.168.34.56, host: pr-hdds-2111-hlhfn-3535364396, networkLocation: /default-rack, certSerialId: null}bee99600-be87-4e2f-bca1-493826cfa9f4{ip: 192.168.34.56, host: pr-hdds-2111-hlhfn-3535364396, networkLocation: /default-rack, certSerialId: null}6b668dd7-26f3-4a2a-98d6-977366dc8866{ip: 192.168.34.56, host: pr-hdds-2111-hlhfn-3535364396, networkLocation: /default-rack, certSerialId: null}, Type:RATIS, Factor:THREE, State:CLOSED]
org.apache.hadoop.hdds.scm.pipeline.PipelineNotFoundException: PipelineID=1d7dcb15-e5cd-44a0-a20f-38292dbbeb79 not found
	at org.apache.hadoop.hdds.scm.pipeline.PipelineStateMap.getPipeline(PipelineStateMap.java:132)
	at org.apache.hadoop.hdds.scm.pipeline.PipelineStateMap.removePipeline(PipelineStateMap.java:322)
	at org.apache.hadoop.hdds.scm.pipeline.PipelineStateManager.removePipeline(PipelineStateManager.java:107)
	at org.apache.hadoop.hdds.scm.pipeline.SCMPipelineManager.removePipeline(SCMPipelineManager.java:423)
	at org.apache.hadoop.hdds.scm.pipeline.SCMPipelineManager.destroyPipeline(SCMPipelineManager.java:409)
	at org.apache.hadoop.hdds.scm.pipeline.SCMPipelineManager.lambda$finalizeAndDestroyPipeline$0(SCMPipelineManager.java:318)
	at org.apache.hadoop.utils.Scheduler.lambda$schedule$1(Scheduler.java:68)
	at java.util.concurrent.Executors$RunnableAdapter.call(Executors.java:511)
	at java.util.concurrent.FutureTask.run(FutureTask.java:266)
	at java.util.concurrent.ScheduledThreadPoolExecutor$ScheduledFutureTask.access$201(ScheduledThreadPoolExecutor.java:180)
	at java.util.concurrent.ScheduledThreadPoolExecutor$ScheduledFutureTask.run(ScheduledThreadPoolExecutor.java:293)
	at java.util.concurrent.ThreadPoolExecutor.runWorker(ThreadPoolExecutor.java:1149)
	at java.util.concurrent.ThreadPoolExecutor$Worker.run(ThreadPoolExecutor.java:624)
	at java.lang.Thread.run(Thread.java:748)
2019-09-16 18:47:02,822 [java.util.concurrent.ThreadPoolExecutor$Worker@37302aeb[State = -1, empty queue]] WARN  server.GrpcLogAppender (GrpcLogAppender.java:timeoutAppendRequest(200)) - e9384e49-5c15-4fe8-918f-d27f1539ccef@group-3233B5392349->e8c1cc56-fd3a-4c1f-a15b-7334942b67be-GrpcLogAppender: appendEntries Timeout, request=e9384e49-5c15-4fe8-918f-d27f1539ccef->e8c1cc56-fd3a-4c1f-a15b-7334942b67be#103-t1, previous=(t:1, i:13), leaderCommit=10, initializing? false, entries: <empty>
2019-09-16 18:47:02,822 [java.util.concurrent.ThreadPoolExecutor$Worker@360b2eea[State = -1, empty queue]] WARN  server.GrpcLogAppender (GrpcLogAppender.java:timeoutAppendRequest(200)) - e9384e49-5c15-4fe8-918f-d27f1539ccef@group-3233B5392349->d6e5a99c-4067-45a5-9f51-68f82ac62b1e-GrpcLogAppender: appendEntries Timeout, request=e9384e49-5c15-4fe8-918f-d27f1539ccef->d6e5a99c-4067-45a5-9f51-68f82ac62b1e#103-t1, previous=(t:1, i:13), leaderCommit=10, initializing? false, entries: <empty>
2019-09-16 18:47:03,705 [grpc-default-executor-4] INFO  impl.RaftServerProxy (RaftServerProxy.java:remove(95)) - e23021be-5025-43ec-901b-8f315bf6442a: remove group-38292DBBEB79:null
2019-09-16 18:47:03,709 [RatisPipelineUtilsThread] WARN  pipeline.RatisPipelineUtils (RatisPipelineUtils.java:destroyPipeline(66)) - Pipeline destroy failed for pipeline=PipelineID=1d7dcb15-e5cd-44a0-a20f-38292dbbeb79 dn=e23021be-5025-43ec-901b-8f315bf6442a{ip: 192.168.34.56, host: pr-hdds-2111-hlhfn-3535364396, networkLocation: /default-rack, certSerialId: null}
2019-09-16 18:47:03,712 [grpc-default-executor-4] INFO  impl.RaftServerProxy (RaftServerProxy.java:remove(95)) - bee99600-be87-4e2f-bca1-493826cfa9f4: remove group-38292DBBEB79:null
2019-09-16 18:47:03,714 [RatisPipelineUtilsThread] WARN  pipeline.RatisPipelineUtils (RatisPipelineUtils.java:destroyPipeline(66)) - Pipeline destroy failed for pipeline=PipelineID=1d7dcb15-e5cd-44a0-a20f-38292dbbeb79 dn=bee99600-be87-4e2f-bca1-493826cfa9f4{ip: 192.168.34.56, host: pr-hdds-2111-hlhfn-3535364396, networkLocation: /default-rack, certSerialId: null}
2019-09-16 18:47:03,717 [grpc-default-executor-4] INFO  impl.RaftServerProxy (RaftServerProxy.java:remove(95)) - 6b668dd7-26f3-4a2a-98d6-977366dc8866: remove group-38292DBBEB79:null
2019-09-16 18:47:03,719 [RatisPipelineUtilsThread] WARN  pipeline.RatisPipelineUtils (RatisPipelineUtils.java:destroyPipeline(66)) - Pipeline destroy failed for pipeline=PipelineID=1d7dcb15-e5cd-44a0-a20f-38292dbbeb79 dn=6b668dd7-26f3-4a2a-98d6-977366dc8866{ip: 192.168.34.56, host: pr-hdds-2111-hlhfn-3535364396, networkLocation: /default-rack, certSerialId: null}
2019-09-16 18:47:03,719 [RatisPipelineUtilsThread] ERROR pipeline.SCMPipelineManager (Scheduler.java:lambda$schedule$1(70)) - Destroy pipeline failed for pipeline:Pipeline[ Id: 1d7dcb15-e5cd-44a0-a20f-38292dbbeb79, Nodes: e23021be-5025-43ec-901b-8f315bf6442a{ip: 192.168.34.56, host: pr-hdds-2111-hlhfn-3535364396, networkLocation: /default-rack, certSerialId: null}bee99600-be87-4e2f-bca1-493826cfa9f4{ip: 192.168.34.56, host: pr-hdds-2111-hlhfn-3535364396, networkLocation: /default-rack, certSerialId: null}6b668dd7-26f3-4a2a-98d6-977366dc8866{ip: 192.168.34.56, host: pr-hdds-2111-hlhfn-3535364396, networkLocation: /default-rack, certSerialId: null}, Type:RATIS, Factor:THREE, State:CLOSED]
org.apache.hadoop.hdds.scm.pipeline.PipelineNotFoundException: PipelineID=1d7dcb15-e5cd-44a0-a20f-38292dbbeb79 not found
	at org.apache.hadoop.hdds.scm.pipeline.PipelineStateMap.getPipeline(PipelineStateMap.java:132)
	at org.apache.hadoop.hdds.scm.pipeline.PipelineStateMap.removePipeline(PipelineStateMap.java:322)
	at org.apache.hadoop.hdds.scm.pipeline.PipelineStateManager.removePipeline(PipelineStateManager.java:107)
	at org.apache.hadoop.hdds.scm.pipeline.SCMPipelineManager.removePipeline(SCMPipelineManager.java:423)
	at org.apache.hadoop.hdds.scm.pipeline.SCMPipelineManager.destroyPipeline(SCMPipelineManager.java:409)
	at org.apache.hadoop.hdds.scm.pipeline.SCMPipelineManager.lambda$finalizeAndDestroyPipeline$0(SCMPipelineManager.java:318)
	at org.apache.hadoop.utils.Scheduler.lambda$schedule$1(Scheduler.java:68)
	at java.util.concurrent.Executors$RunnableAdapter.call(Executors.java:511)
	at java.util.concurrent.FutureTask.run(FutureTask.java:266)
	at java.util.concurrent.ScheduledThreadPoolExecutor$ScheduledFutureTask.access$201(ScheduledThreadPoolExecutor.java:180)
	at java.util.concurrent.ScheduledThreadPoolExecutor$ScheduledFutureTask.run(ScheduledThreadPoolExecutor.java:293)
	at java.util.concurrent.ThreadPoolExecutor.runWorker(ThreadPoolExecutor.java:1149)
	at java.util.concurrent.ThreadPoolExecutor$Worker.run(ThreadPoolExecutor.java:624)
	at java.lang.Thread.run(Thread.java:748)
2019-09-16 18:47:04,815 [e9384e49-5c15-4fe8-918f-d27f1539ccef@group-3233B5392349-SegmentedRaftLogWorker] WARN  segmented.SegmentedRaftLogWorker (SegmentedRaftLogWorker.java:getFromFuture(90)) - Timeout 3/~
org.apache.ratis.protocol.TimeoutIOException: Timeout 10s: WriteLog:11: (t:1, i:11), STATEMACHINELOGENTRY, client-48CB266057AC, cid=32-writeStateMachineData
	at org.apache.ratis.util.IOUtils.getFromFuture(IOUtils.java:87)
	at org.apache.ratis.server.raftlog.segmented.SegmentedRaftLogWorker$StateMachineDataPolicy.getFromFuture(SegmentedRaftLogWorker.java:87)
	at org.apache.ratis.server.raftlog.segmented.SegmentedRaftLogWorker$WriteLog.execute(SegmentedRaftLogWorker.java:477)
	at org.apache.ratis.server.raftlog.segmented.SegmentedRaftLogWorker.run(SegmentedRaftLogWorker.java:289)
	at java.lang.Thread.run(Thread.java:748)
Caused by: java.util.concurrent.TimeoutException
	at java.util.concurrent.CompletableFuture.timedGet(CompletableFuture.java:1771)
	at java.util.concurrent.CompletableFuture.get(CompletableFuture.java:1915)
	at org.apache.ratis.util.IOUtils.getFromFuture(IOUtils.java:79)
	... 4 more
2019-09-16 18:47:04,815 [d6e5a99c-4067-45a5-9f51-68f82ac62b1e@group-3233B5392349-SegmentedRaftLogWorker] WARN  segmented.SegmentedRaftLogWorker (SegmentedRaftLogWorker.java:getFromFuture(90)) - Timeout 3/~
org.apache.ratis.protocol.TimeoutIOException: Timeout 10s: WriteLog:11: (t:1, i:11), STATEMACHINELOGENTRY, client-48CB266057AC, cid=32-writeStateMachineData
	at org.apache.ratis.util.IOUtils.getFromFuture(IOUtils.java:87)
	at org.apache.ratis.server.raftlog.segmented.SegmentedRaftLogWorker$StateMachineDataPolicy.getFromFuture(SegmentedRaftLogWorker.java:87)
	at org.apache.ratis.server.raftlog.segmented.SegmentedRaftLogWorker$WriteLog.execute(SegmentedRaftLogWorker.java:477)
	at org.apache.ratis.server.raftlog.segmented.SegmentedRaftLogWorker.run(SegmentedRaftLogWorker.java:289)
	at java.lang.Thread.run(Thread.java:748)
Caused by: java.util.concurrent.TimeoutException
	at java.util.concurrent.CompletableFuture.timedGet(CompletableFuture.java:1771)
	at java.util.concurrent.CompletableFuture.get(CompletableFuture.java:1915)
	at org.apache.ratis.util.IOUtils.getFromFuture(IOUtils.java:79)
	... 4 more
2019-09-16 18:47:04,893 [e8c1cc56-fd3a-4c1f-a15b-7334942b67be@group-3233B5392349-SegmentedRaftLogWorker] WARN  segmented.SegmentedRaftLogWorker (SegmentedRaftLogWorker.java:getFromFuture(90)) - Timeout 3/~
org.apache.ratis.protocol.TimeoutIOException: Timeout 10s: WriteLog:12: (t:1, i:12), STATEMACHINELOGENTRY, client-48CB266057AC, cid=33-writeStateMachineData
	at org.apache.ratis.util.IOUtils.getFromFuture(IOUtils.java:87)
	at org.apache.ratis.server.raftlog.segmented.SegmentedRaftLogWorker$StateMachineDataPolicy.getFromFuture(SegmentedRaftLogWorker.java:87)
	at org.apache.ratis.server.raftlog.segmented.SegmentedRaftLogWorker$WriteLog.execute(SegmentedRaftLogWorker.java:477)
	at org.apache.ratis.server.raftlog.segmented.SegmentedRaftLogWorker.run(SegmentedRaftLogWorker.java:289)
	at java.lang.Thread.run(Thread.java:748)
Caused by: java.util.concurrent.TimeoutException
	at java.util.concurrent.CompletableFuture.timedGet(CompletableFuture.java:1771)
	at java.util.concurrent.CompletableFuture.get(CompletableFuture.java:1915)
	at org.apache.ratis.util.IOUtils.getFromFuture(IOUtils.java:79)
	... 4 more
2019-09-16 18:47:05,091 [grpc-default-executor-4] INFO  client.GrpcClientProtocolClient (GrpcClientProtocolClient.java:onNext(264)) - client-48CB266057AC->d6e5a99c-4067-45a5-9f51-68f82ac62b1e: receive RaftClientReply:client-48CB266057AC->d6e5a99c-4067-45a5-9f51-68f82ac62b1e@group-3233B5392349, cid=32, FAILED org.apache.ratis.protocol.NotLeaderException: Server d6e5a99c-4067-45a5-9f51-68f82ac62b1e@group-3233B5392349 is not the leader e9384e49-5c15-4fe8-918f-d27f1539ccef:192.168.34.56:34651, logIndex=0, commits[d6e5a99c-4067-45a5-9f51-68f82ac62b1e:c10, e9384e49-5c15-4fe8-918f-d27f1539ccef:c10, e8c1cc56-fd3a-4c1f-a15b-7334942b67be:c6]
2019-09-16 18:47:05,322 [java.util.concurrent.ThreadPoolExecutor$Worker@37302aeb[State = -1, empty queue]] WARN  server.GrpcLogAppender (GrpcLogAppender.java:timeoutAppendRequest(200)) - e9384e49-5c15-4fe8-918f-d27f1539ccef@group-3233B5392349->e8c1cc56-fd3a-4c1f-a15b-7334942b67be-GrpcLogAppender: appendEntries Timeout, request=e9384e49-5c15-4fe8-918f-d27f1539ccef->e8c1cc56-fd3a-4c1f-a15b-7334942b67be#104-t1, previous=(t:1, i:13), leaderCommit=10, initializing? false, entries: <empty>
2019-09-16 18:47:05,322 [java.util.concurrent.ThreadPoolExecutor$Worker@360b2eea[State = -1, empty queue]] WARN  server.GrpcLogAppender (GrpcLogAppender.java:timeoutAppendRequest(200)) - e9384e49-5c15-4fe8-918f-d27f1539ccef@group-3233B5392349->d6e5a99c-4067-45a5-9f51-68f82ac62b1e-GrpcLogAppender: appendEntries Timeout, request=e9384e49-5c15-4fe8-918f-d27f1539ccef->d6e5a99c-4067-45a5-9f51-68f82ac62b1e#104-t1, previous=(t:1, i:13), leaderCommit=10, initializing? false, entries: <empty>
2019-09-16 18:47:06,703 [grpc-default-executor-4] INFO  impl.RaftServerProxy (RaftServerProxy.java:remove(95)) - e23021be-5025-43ec-901b-8f315bf6442a: remove group-38292DBBEB79:null
2019-09-16 18:47:06,706 [RatisPipelineUtilsThread] WARN  pipeline.RatisPipelineUtils (RatisPipelineUtils.java:destroyPipeline(66)) - Pipeline destroy failed for pipeline=PipelineID=1d7dcb15-e5cd-44a0-a20f-38292dbbeb79 dn=e23021be-5025-43ec-901b-8f315bf6442a{ip: 192.168.34.56, host: pr-hdds-2111-hlhfn-3535364396, networkLocation: /default-rack, certSerialId: null}
2019-09-16 18:47:06,710 [grpc-default-executor-4] INFO  impl.RaftServerProxy (RaftServerProxy.java:remove(95)) - bee99600-be87-4e2f-bca1-493826cfa9f4: remove group-38292DBBEB79:null
2019-09-16 18:47:06,712 [RatisPipelineUtilsThread] WARN  pipeline.RatisPipelineUtils (RatisPipelineUtils.java:destroyPipeline(66)) - Pipeline destroy failed for pipeline=PipelineID=1d7dcb15-e5cd-44a0-a20f-38292dbbeb79 dn=bee99600-be87-4e2f-bca1-493826cfa9f4{ip: 192.168.34.56, host: pr-hdds-2111-hlhfn-3535364396, networkLocation: /default-rack, certSerialId: null}
2019-09-16 18:47:06,715 [grpc-default-executor-4] INFO  impl.RaftServerProxy (RaftServerProxy.java:remove(95)) - 6b668dd7-26f3-4a2a-98d6-977366dc8866: remove group-38292DBBEB79:null
2019-09-16 18:47:06,717 [RatisPipelineUtilsThread] WARN  pipeline.RatisPipelineUtils (RatisPipelineUtils.java:destroyPipeline(66)) - Pipeline destroy failed for pipeline=PipelineID=1d7dcb15-e5cd-44a0-a20f-38292dbbeb79 dn=6b668dd7-26f3-4a2a-98d6-977366dc8866{ip: 192.168.34.56, host: pr-hdds-2111-hlhfn-3535364396, networkLocation: /default-rack, certSerialId: null}
2019-09-16 18:47:06,717 [RatisPipelineUtilsThread] ERROR pipeline.SCMPipelineManager (Scheduler.java:lambda$schedule$1(70)) - Destroy pipeline failed for pipeline:Pipeline[ Id: 1d7dcb15-e5cd-44a0-a20f-38292dbbeb79, Nodes: e23021be-5025-43ec-901b-8f315bf6442a{ip: 192.168.34.56, host: pr-hdds-2111-hlhfn-3535364396, networkLocation: /default-rack, certSerialId: null}bee99600-be87-4e2f-bca1-493826cfa9f4{ip: 192.168.34.56, host: pr-hdds-2111-hlhfn-3535364396, networkLocation: /default-rack, certSerialId: null}6b668dd7-26f3-4a2a-98d6-977366dc8866{ip: 192.168.34.56, host: pr-hdds-2111-hlhfn-3535364396, networkLocation: /default-rack, certSerialId: null}, Type:RATIS, Factor:THREE, State:CLOSED]
org.apache.hadoop.hdds.scm.pipeline.PipelineNotFoundException: PipelineID=1d7dcb15-e5cd-44a0-a20f-38292dbbeb79 not found
	at org.apache.hadoop.hdds.scm.pipeline.PipelineStateMap.getPipeline(PipelineStateMap.java:132)
	at org.apache.hadoop.hdds.scm.pipeline.PipelineStateMap.removePipeline(PipelineStateMap.java:322)
	at org.apache.hadoop.hdds.scm.pipeline.PipelineStateManager.removePipeline(PipelineStateManager.java:107)
	at org.apache.hadoop.hdds.scm.pipeline.SCMPipelineManager.removePipeline(SCMPipelineManager.java:423)
	at org.apache.hadoop.hdds.scm.pipeline.SCMPipelineManager.destroyPipeline(SCMPipelineManager.java:409)
	at org.apache.hadoop.hdds.scm.pipeline.SCMPipelineManager.lambda$finalizeAndDestroyPipeline$0(SCMPipelineManager.java:318)
	at org.apache.hadoop.utils.Scheduler.lambda$schedule$1(Scheduler.java:68)
	at java.util.concurrent.Executors$RunnableAdapter.call(Executors.java:511)
	at java.util.concurrent.FutureTask.run(FutureTask.java:266)
	at java.util.concurrent.ScheduledThreadPoolExecutor$ScheduledFutureTask.access$201(ScheduledThreadPoolExecutor.java:180)
	at java.util.concurrent.ScheduledThreadPoolExecutor$ScheduledFutureTask.run(ScheduledThreadPoolExecutor.java:293)
	at java.util.concurrent.ThreadPoolExecutor.runWorker(ThreadPoolExecutor.java:1149)
	at java.util.concurrent.ThreadPoolExecutor$Worker.run(ThreadPoolExecutor.java:624)
	at java.lang.Thread.run(Thread.java:748)
2019-09-16 18:47:07,822 [java.util.concurrent.ThreadPoolExecutor$Worker@360b2eea[State = -1, empty queue]] WARN  server.GrpcLogAppender (GrpcLogAppender.java:timeoutAppendRequest(200)) - e9384e49-5c15-4fe8-918f-d27f1539ccef@group-3233B5392349->d6e5a99c-4067-45a5-9f51-68f82ac62b1e-GrpcLogAppender: appendEntries Timeout, request=e9384e49-5c15-4fe8-918f-d27f1539ccef->d6e5a99c-4067-45a5-9f51-68f82ac62b1e#105-t1, previous=(t:1, i:13), leaderCommit=10, initializing? false, entries: <empty>
2019-09-16 18:47:07,822 [java.util.concurrent.ThreadPoolExecutor$Worker@37302aeb[State = -1, empty queue]] WARN  server.GrpcLogAppender (GrpcLogAppender.java:timeoutAppendRequest(200)) - e9384e49-5c15-4fe8-918f-d27f1539ccef@group-3233B5392349->e8c1cc56-fd3a-4c1f-a15b-7334942b67be-GrpcLogAppender: appendEntries Timeout, request=e9384e49-5c15-4fe8-918f-d27f1539ccef->e8c1cc56-fd3a-4c1f-a15b-7334942b67be#105-t1, previous=(t:1, i:13), leaderCommit=10, initializing? false, entries: <empty>
2019-09-16 18:47:08,704 [grpc-default-executor-4] INFO  impl.RaftServerProxy (RaftServerProxy.java:remove(95)) - e23021be-5025-43ec-901b-8f315bf6442a: remove group-38292DBBEB79:null
2019-09-16 18:47:08,707 [RatisPipelineUtilsThread] WARN  pipeline.RatisPipelineUtils (RatisPipelineUtils.java:destroyPipeline(66)) - Pipeline destroy failed for pipeline=PipelineID=1d7dcb15-e5cd-44a0-a20f-38292dbbeb79 dn=e23021be-5025-43ec-901b-8f315bf6442a{ip: 192.168.34.56, host: pr-hdds-2111-hlhfn-3535364396, networkLocation: /default-rack, certSerialId: null}
2019-09-16 18:47:08,710 [grpc-default-executor-4] INFO  impl.RaftServerProxy (RaftServerProxy.java:remove(95)) - bee99600-be87-4e2f-bca1-493826cfa9f4: remove group-38292DBBEB79:null
2019-09-16 18:47:08,712 [RatisPipelineUtilsThread] WARN  pipeline.RatisPipelineUtils (RatisPipelineUtils.java:destroyPipeline(66)) - Pipeline destroy failed for pipeline=PipelineID=1d7dcb15-e5cd-44a0-a20f-38292dbbeb79 dn=bee99600-be87-4e2f-bca1-493826cfa9f4{ip: 192.168.34.56, host: pr-hdds-2111-hlhfn-3535364396, networkLocation: /default-rack, certSerialId: null}
2019-09-16 18:47:08,715 [grpc-default-executor-4] INFO  impl.RaftServerProxy (RaftServerProxy.java:remove(95)) - 6b668dd7-26f3-4a2a-98d6-977366dc8866: remove group-38292DBBEB79:null
2019-09-16 18:47:08,717 [RatisPipelineUtilsThread] WARN  pipeline.RatisPipelineUtils (RatisPipelineUtils.java:destroyPipeline(66)) - Pipeline destroy failed for pipeline=PipelineID=1d7dcb15-e5cd-44a0-a20f-38292dbbeb79 dn=6b668dd7-26f3-4a2a-98d6-977366dc8866{ip: 192.168.34.56, host: pr-hdds-2111-hlhfn-3535364396, networkLocation: /default-rack, certSerialId: null}
2019-09-16 18:47:08,718 [RatisPipelineUtilsThread] ERROR pipeline.SCMPipelineManager (Scheduler.java:lambda$schedule$1(70)) - Destroy pipeline failed for pipeline:Pipeline[ Id: 1d7dcb15-e5cd-44a0-a20f-38292dbbeb79, Nodes: e23021be-5025-43ec-901b-8f315bf6442a{ip: 192.168.34.56, host: pr-hdds-2111-hlhfn-3535364396, networkLocation: /default-rack, certSerialId: null}bee99600-be87-4e2f-bca1-493826cfa9f4{ip: 192.168.34.56, host: pr-hdds-2111-hlhfn-3535364396, networkLocation: /default-rack, certSerialId: null}6b668dd7-26f3-4a2a-98d6-977366dc8866{ip: 192.168.34.56, host: pr-hdds-2111-hlhfn-3535364396, networkLocation: /default-rack, certSerialId: null}, Type:RATIS, Factor:THREE, State:CLOSED]
org.apache.hadoop.hdds.scm.pipeline.PipelineNotFoundException: PipelineID=1d7dcb15-e5cd-44a0-a20f-38292dbbeb79 not found
	at org.apache.hadoop.hdds.scm.pipeline.PipelineStateMap.getPipeline(PipelineStateMap.java:132)
	at org.apache.hadoop.hdds.scm.pipeline.PipelineStateMap.removePipeline(PipelineStateMap.java:322)
	at org.apache.hadoop.hdds.scm.pipeline.PipelineStateManager.removePipeline(PipelineStateManager.java:107)
	at org.apache.hadoop.hdds.scm.pipeline.SCMPipelineManager.removePipeline(SCMPipelineManager.java:423)
	at org.apache.hadoop.hdds.scm.pipeline.SCMPipelineManager.destroyPipeline(SCMPipelineManager.java:409)
	at org.apache.hadoop.hdds.scm.pipeline.SCMPipelineManager.lambda$finalizeAndDestroyPipeline$0(SCMPipelineManager.java:318)
	at org.apache.hadoop.utils.Scheduler.lambda$schedule$1(Scheduler.java:68)
	at java.util.concurrent.Executors$RunnableAdapter.call(Executors.java:511)
	at java.util.concurrent.FutureTask.run(FutureTask.java:266)
	at java.util.concurrent.ScheduledThreadPoolExecutor$ScheduledFutureTask.access$201(ScheduledThreadPoolExecutor.java:180)
	at java.util.concurrent.ScheduledThreadPoolExecutor$ScheduledFutureTask.run(ScheduledThreadPoolExecutor.java:293)
	at java.util.concurrent.ThreadPoolExecutor.runWorker(ThreadPoolExecutor.java:1149)
	at java.util.concurrent.ThreadPoolExecutor$Worker.run(ThreadPoolExecutor.java:624)
	at java.lang.Thread.run(Thread.java:748)
2019-09-16 18:47:10,120 [grpc-default-executor-4] INFO  client.GrpcClientProtocolClient (GrpcClientProtocolClient.java:onNext(264)) - client-48CB266057AC->e8c1cc56-fd3a-4c1f-a15b-7334942b67be: receive RaftClientReply:client-48CB266057AC->e8c1cc56-fd3a-4c1f-a15b-7334942b67be@group-3233B5392349, cid=32, FAILED org.apache.ratis.protocol.NotLeaderException: Server e8c1cc56-fd3a-4c1f-a15b-7334942b67be@group-3233B5392349 is not the leader e9384e49-5c15-4fe8-918f-d27f1539ccef:192.168.34.56:34651, logIndex=0, commits[e8c1cc56-fd3a-4c1f-a15b-7334942b67be:c10, e9384e49-5c15-4fe8-918f-d27f1539ccef:c10, d6e5a99c-4067-45a5-9f51-68f82ac62b1e:c6]
2019-09-16 18:47:10,322 [java.util.concurrent.ThreadPoolExecutor$Worker@360b2eea[State = -1, empty queue]] WARN  server.GrpcLogAppender (GrpcLogAppender.java:timeoutAppendRequest(200)) - e9384e49-5c15-4fe8-918f-d27f1539ccef@group-3233B5392349->d6e5a99c-4067-45a5-9f51-68f82ac62b1e-GrpcLogAppender: appendEntries Timeout, request=e9384e49-5c15-4fe8-918f-d27f1539ccef->d6e5a99c-4067-45a5-9f51-68f82ac62b1e#106-t1, previous=(t:1, i:13), leaderCommit=10, initializing? false, entries: <empty>
2019-09-16 18:47:10,322 [java.util.concurrent.ThreadPoolExecutor$Worker@37302aeb[State = -1, empty queue]] WARN  server.GrpcLogAppender (GrpcLogAppender.java:timeoutAppendRequest(200)) - e9384e49-5c15-4fe8-918f-d27f1539ccef@group-3233B5392349->e8c1cc56-fd3a-4c1f-a15b-7334942b67be-GrpcLogAppender: appendEntries Timeout, request=e9384e49-5c15-4fe8-918f-d27f1539ccef->e8c1cc56-fd3a-4c1f-a15b-7334942b67be#106-t1, previous=(t:1, i:13), leaderCommit=10, initializing? false, entries: <empty>
2019-09-16 18:47:11,701 [grpc-default-executor-4] INFO  impl.RaftServerProxy (RaftServerProxy.java:remove(95)) - e23021be-5025-43ec-901b-8f315bf6442a: remove group-38292DBBEB79:null
2019-09-16 18:47:11,704 [RatisPipelineUtilsThread] WARN  pipeline.RatisPipelineUtils (RatisPipelineUtils.java:destroyPipeline(66)) - Pipeline destroy failed for pipeline=PipelineID=1d7dcb15-e5cd-44a0-a20f-38292dbbeb79 dn=e23021be-5025-43ec-901b-8f315bf6442a{ip: 192.168.34.56, host: pr-hdds-2111-hlhfn-3535364396, networkLocation: /default-rack, certSerialId: null}
2019-09-16 18:47:11,707 [grpc-default-executor-4] INFO  impl.RaftServerProxy (RaftServerProxy.java:remove(95)) - bee99600-be87-4e2f-bca1-493826cfa9f4: remove group-38292DBBEB79:null
2019-09-16 18:47:11,709 [RatisPipelineUtilsThread] WARN  pipeline.RatisPipelineUtils (RatisPipelineUtils.java:destroyPipeline(66)) - Pipeline destroy failed for pipeline=PipelineID=1d7dcb15-e5cd-44a0-a20f-38292dbbeb79 dn=bee99600-be87-4e2f-bca1-493826cfa9f4{ip: 192.168.34.56, host: pr-hdds-2111-hlhfn-3535364396, networkLocation: /default-rack, certSerialId: null}
2019-09-16 18:47:11,711 [grpc-default-executor-4] INFO  impl.RaftServerProxy (RaftServerProxy.java:remove(95)) - 6b668dd7-26f3-4a2a-98d6-977366dc8866: remove group-38292DBBEB79:null
2019-09-16 18:47:11,713 [RatisPipelineUtilsThread] WARN  pipeline.RatisPipelineUtils (RatisPipelineUtils.java:destroyPipeline(66)) - Pipeline destroy failed for pipeline=PipelineID=1d7dcb15-e5cd-44a0-a20f-38292dbbeb79 dn=6b668dd7-26f3-4a2a-98d6-977366dc8866{ip: 192.168.34.56, host: pr-hdds-2111-hlhfn-3535364396, networkLocation: /default-rack, certSerialId: null}
2019-09-16 18:47:11,713 [RatisPipelineUtilsThread] ERROR pipeline.SCMPipelineManager (Scheduler.java:lambda$schedule$1(70)) - Destroy pipeline failed for pipeline:Pipeline[ Id: 1d7dcb15-e5cd-44a0-a20f-38292dbbeb79, Nodes: e23021be-5025-43ec-901b-8f315bf6442a{ip: 192.168.34.56, host: pr-hdds-2111-hlhfn-3535364396, networkLocation: /default-rack, certSerialId: null}bee99600-be87-4e2f-bca1-493826cfa9f4{ip: 192.168.34.56, host: pr-hdds-2111-hlhfn-3535364396, networkLocation: /default-rack, certSerialId: null}6b668dd7-26f3-4a2a-98d6-977366dc8866{ip: 192.168.34.56, host: pr-hdds-2111-hlhfn-3535364396, networkLocation: /default-rack, certSerialId: null}, Type:RATIS, Factor:THREE, State:CLOSED]
org.apache.hadoop.hdds.scm.pipeline.PipelineNotFoundException: PipelineID=1d7dcb15-e5cd-44a0-a20f-38292dbbeb79 not found
	at org.apache.hadoop.hdds.scm.pipeline.PipelineStateMap.getPipeline(PipelineStateMap.java:132)
	at org.apache.hadoop.hdds.scm.pipeline.PipelineStateMap.removePipeline(PipelineStateMap.java:322)
	at org.apache.hadoop.hdds.scm.pipeline.PipelineStateManager.removePipeline(PipelineStateManager.java:107)
	at org.apache.hadoop.hdds.scm.pipeline.SCMPipelineManager.removePipeline(SCMPipelineManager.java:423)
	at org.apache.hadoop.hdds.scm.pipeline.SCMPipelineManager.destroyPipeline(SCMPipelineManager.java:409)
	at org.apache.hadoop.hdds.scm.pipeline.SCMPipelineManager.lambda$finalizeAndDestroyPipeline$0(SCMPipelineManager.java:318)
	at org.apache.hadoop.utils.Scheduler.lambda$schedule$1(Scheduler.java:68)
	at java.util.concurrent.Executors$RunnableAdapter.call(Executors.java:511)
	at java.util.concurrent.FutureTask.run(FutureTask.java:266)
	at java.util.concurrent.ScheduledThreadPoolExecutor$ScheduledFutureTask.access$201(ScheduledThreadPoolExecutor.java:180)
	at java.util.concurrent.ScheduledThreadPoolExecutor$ScheduledFutureTask.run(ScheduledThreadPoolExecutor.java:293)
	at java.util.concurrent.ThreadPoolExecutor.runWorker(ThreadPoolExecutor.java:1149)
	at java.util.concurrent.ThreadPoolExecutor$Worker.run(ThreadPoolExecutor.java:624)
	at java.lang.Thread.run(Thread.java:748)
2019-09-16 18:47:12,823 [java.util.concurrent.ThreadPoolExecutor$Worker@37302aeb[State = -1, empty queue]] WARN  server.GrpcLogAppender (GrpcLogAppender.java:timeoutAppendRequest(200)) - e9384e49-5c15-4fe8-918f-d27f1539ccef@group-3233B5392349->e8c1cc56-fd3a-4c1f-a15b-7334942b67be-GrpcLogAppender: appendEntries Timeout, request=e9384e49-5c15-4fe8-918f-d27f1539ccef->e8c1cc56-fd3a-4c1f-a15b-7334942b67be#107-t1, previous=(t:1, i:13), leaderCommit=10, initializing? false, entries: <empty>
2019-09-16 18:47:12,823 [java.util.concurrent.ThreadPoolExecutor$Worker@360b2eea[State = -1, empty queue]] WARN  server.GrpcLogAppender (GrpcLogAppender.java:timeoutAppendRequest(200)) - e9384e49-5c15-4fe8-918f-d27f1539ccef@group-3233B5392349->d6e5a99c-4067-45a5-9f51-68f82ac62b1e-GrpcLogAppender: appendEntries Timeout, request=e9384e49-5c15-4fe8-918f-d27f1539ccef->d6e5a99c-4067-45a5-9f51-68f82ac62b1e#107-t1, previous=(t:1, i:13), leaderCommit=10, initializing? false, entries: <empty>
2019-09-16 18:47:13,707 [grpc-default-executor-4] INFO  impl.RaftServerProxy (RaftServerProxy.java:remove(95)) - e23021be-5025-43ec-901b-8f315bf6442a: remove group-38292DBBEB79:null
2019-09-16 18:47:13,711 [RatisPipelineUtilsThread] WARN  pipeline.RatisPipelineUtils (RatisPipelineUtils.java:destroyPipeline(66)) - Pipeline destroy failed for pipeline=PipelineID=1d7dcb15-e5cd-44a0-a20f-38292dbbeb79 dn=e23021be-5025-43ec-901b-8f315bf6442a{ip: 192.168.34.56, host: pr-hdds-2111-hlhfn-3535364396, networkLocation: /default-rack, certSerialId: null}
2019-09-16 18:47:13,715 [grpc-default-executor-4] INFO  impl.RaftServerProxy (RaftServerProxy.java:remove(95)) - bee99600-be87-4e2f-bca1-493826cfa9f4: remove group-38292DBBEB79:null
2019-09-16 18:47:13,717 [RatisPipelineUtilsThread] WARN  pipeline.RatisPipelineUtils (RatisPipelineUtils.java:destroyPipeline(66)) - Pipeline destroy failed for pipeline=PipelineID=1d7dcb15-e5cd-44a0-a20f-38292dbbeb79 dn=bee99600-be87-4e2f-bca1-493826cfa9f4{ip: 192.168.34.56, host: pr-hdds-2111-hlhfn-3535364396, networkLocation: /default-rack, certSerialId: null}
2019-09-16 18:47:13,720 [grpc-default-executor-4] INFO  impl.RaftServerProxy (RaftServerProxy.java:remove(95)) - 6b668dd7-26f3-4a2a-98d6-977366dc8866: remove group-38292DBBEB79:null
2019-09-16 18:47:13,722 [RatisPipelineUtilsThread] WARN  pipeline.RatisPipelineUtils (RatisPipelineUtils.java:destroyPipeline(66)) - Pipeline destroy failed for pipeline=PipelineID=1d7dcb15-e5cd-44a0-a20f-38292dbbeb79 dn=6b668dd7-26f3-4a2a-98d6-977366dc8866{ip: 192.168.34.56, host: pr-hdds-2111-hlhfn-3535364396, networkLocation: /default-rack, certSerialId: null}
2019-09-16 18:47:13,722 [RatisPipelineUtilsThread] ERROR pipeline.SCMPipelineManager (Scheduler.java:lambda$schedule$1(70)) - Destroy pipeline failed for pipeline:Pipeline[ Id: 1d7dcb15-e5cd-44a0-a20f-38292dbbeb79, Nodes: e23021be-5025-43ec-901b-8f315bf6442a{ip: 192.168.34.56, host: pr-hdds-2111-hlhfn-3535364396, networkLocation: /default-rack, certSerialId: null}bee99600-be87-4e2f-bca1-493826cfa9f4{ip: 192.168.34.56, host: pr-hdds-2111-hlhfn-3535364396, networkLocation: /default-rack, certSerialId: null}6b668dd7-26f3-4a2a-98d6-977366dc8866{ip: 192.168.34.56, host: pr-hdds-2111-hlhfn-3535364396, networkLocation: /default-rack, certSerialId: null}, Type:RATIS, Factor:THREE, State:CLOSED]
org.apache.hadoop.hdds.scm.pipeline.PipelineNotFoundException: PipelineID=1d7dcb15-e5cd-44a0-a20f-38292dbbeb79 not found
	at org.apache.hadoop.hdds.scm.pipeline.PipelineStateMap.getPipeline(PipelineStateMap.java:132)
	at org.apache.hadoop.hdds.scm.pipeline.PipelineStateMap.removePipeline(PipelineStateMap.java:322)
	at org.apache.hadoop.hdds.scm.pipeline.PipelineStateManager.removePipeline(PipelineStateManager.java:107)
	at org.apache.hadoop.hdds.scm.pipeline.SCMPipelineManager.removePipeline(SCMPipelineManager.java:423)
	at org.apache.hadoop.hdds.scm.pipeline.SCMPipelineManager.destroyPipeline(SCMPipelineManager.java:409)
	at org.apache.hadoop.hdds.scm.pipeline.SCMPipelineManager.lambda$finalizeAndDestroyPipeline$0(SCMPipelineManager.java:318)
	at org.apache.hadoop.utils.Scheduler.lambda$schedule$1(Scheduler.java:68)
	at java.util.concurrent.Executors$RunnableAdapter.call(Executors.java:511)
	at java.util.concurrent.FutureTask.run(FutureTask.java:266)
	at java.util.concurrent.ScheduledThreadPoolExecutor$ScheduledFutureTask.access$201(ScheduledThreadPoolExecutor.java:180)
	at java.util.concurrent.ScheduledThreadPoolExecutor$ScheduledFutureTask.run(ScheduledThreadPoolExecutor.java:293)
	at java.util.concurrent.ThreadPoolExecutor.runWorker(ThreadPoolExecutor.java:1149)
	at java.util.concurrent.ThreadPoolExecutor$Worker.run(ThreadPoolExecutor.java:624)
	at java.lang.Thread.run(Thread.java:748)
2019-09-16 18:47:14,816 [e9384e49-5c15-4fe8-918f-d27f1539ccef@group-3233B5392349-SegmentedRaftLogWorker] WARN  segmented.SegmentedRaftLogWorker (SegmentedRaftLogWorker.java:getFromFuture(90)) - Timeout 4/~
org.apache.ratis.protocol.TimeoutIOException: Timeout 10s: WriteLog:11: (t:1, i:11), STATEMACHINELOGENTRY, client-48CB266057AC, cid=32-writeStateMachineData
	at org.apache.ratis.util.IOUtils.getFromFuture(IOUtils.java:87)
	at org.apache.ratis.server.raftlog.segmented.SegmentedRaftLogWorker$StateMachineDataPolicy.getFromFuture(SegmentedRaftLogWorker.java:87)
	at org.apache.ratis.server.raftlog.segmented.SegmentedRaftLogWorker$WriteLog.execute(SegmentedRaftLogWorker.java:477)
	at org.apache.ratis.server.raftlog.segmented.SegmentedRaftLogWorker.run(SegmentedRaftLogWorker.java:289)
	at java.lang.Thread.run(Thread.java:748)
Caused by: java.util.concurrent.TimeoutException
	at java.util.concurrent.CompletableFuture.timedGet(CompletableFuture.java:1771)
	at java.util.concurrent.CompletableFuture.get(CompletableFuture.java:1915)
	at org.apache.ratis.util.IOUtils.getFromFuture(IOUtils.java:79)
	... 4 more
2019-09-16 18:47:14,816 [d6e5a99c-4067-45a5-9f51-68f82ac62b1e@group-3233B5392349-SegmentedRaftLogWorker] WARN  segmented.SegmentedRaftLogWorker (SegmentedRaftLogWorker.java:getFromFuture(90)) - Timeout 4/~
org.apache.ratis.protocol.TimeoutIOException: Timeout 10s: WriteLog:11: (t:1, i:11), STATEMACHINELOGENTRY, client-48CB266057AC, cid=32-writeStateMachineData
	at org.apache.ratis.util.IOUtils.getFromFuture(IOUtils.java:87)
	at org.apache.ratis.server.raftlog.segmented.SegmentedRaftLogWorker$StateMachineDataPolicy.getFromFuture(SegmentedRaftLogWorker.java:87)
	at org.apache.ratis.server.raftlog.segmented.SegmentedRaftLogWorker$WriteLog.execute(SegmentedRaftLogWorker.java:477)
	at org.apache.ratis.server.raftlog.segmented.SegmentedRaftLogWorker.run(SegmentedRaftLogWorker.java:289)
	at java.lang.Thread.run(Thread.java:748)
Caused by: java.util.concurrent.TimeoutException
	at java.util.concurrent.CompletableFuture.timedGet(CompletableFuture.java:1771)
	at java.util.concurrent.CompletableFuture.get(CompletableFuture.java:1915)
	at org.apache.ratis.util.IOUtils.getFromFuture(IOUtils.java:79)
	... 4 more
2019-09-16 18:47:14,894 [e8c1cc56-fd3a-4c1f-a15b-7334942b67be@group-3233B5392349-SegmentedRaftLogWorker] WARN  segmented.SegmentedRaftLogWorker (SegmentedRaftLogWorker.java:getFromFuture(90)) - Timeout 4/~
org.apache.ratis.protocol.TimeoutIOException: Timeout 10s: WriteLog:12: (t:1, i:12), STATEMACHINELOGENTRY, client-48CB266057AC, cid=33-writeStateMachineData
	at org.apache.ratis.util.IOUtils.getFromFuture(IOUtils.java:87)
	at org.apache.ratis.server.raftlog.segmented.SegmentedRaftLogWorker$StateMachineDataPolicy.getFromFuture(SegmentedRaftLogWorker.java:87)
	at org.apache.ratis.server.raftlog.segmented.SegmentedRaftLogWorker$WriteLog.execute(SegmentedRaftLogWorker.java:477)
	at org.apache.ratis.server.raftlog.segmented.SegmentedRaftLogWorker.run(SegmentedRaftLogWorker.java:289)
	at java.lang.Thread.run(Thread.java:748)
Caused by: java.util.concurrent.TimeoutException
	at java.util.concurrent.CompletableFuture.timedGet(CompletableFuture.java:1771)
	at java.util.concurrent.CompletableFuture.get(CompletableFuture.java:1915)
	at org.apache.ratis.util.IOUtils.getFromFuture(IOUtils.java:79)
	... 4 more
2019-09-16 18:47:15,146 [grpc-default-executor-1] INFO  client.GrpcClientProtocolClient (GrpcClientProtocolClient.java:onNext(264)) - client-48CB266057AC->e8c1cc56-fd3a-4c1f-a15b-7334942b67be: receive RaftClientReply:client-48CB266057AC->e8c1cc56-fd3a-4c1f-a15b-7334942b67be@group-3233B5392349, cid=32, FAILED org.apache.ratis.protocol.NotLeaderException: Server e8c1cc56-fd3a-4c1f-a15b-7334942b67be@group-3233B5392349 is not the leader e9384e49-5c15-4fe8-918f-d27f1539ccef:192.168.34.56:34651, logIndex=0, commits[e8c1cc56-fd3a-4c1f-a15b-7334942b67be:c10, e9384e49-5c15-4fe8-918f-d27f1539ccef:c10, d6e5a99c-4067-45a5-9f51-68f82ac62b1e:c6]
2019-09-16 18:47:15,323 [java.util.concurrent.ThreadPoolExecutor$Worker@360b2eea[State = -1, empty queue]] WARN  server.GrpcLogAppender (GrpcLogAppender.java:timeoutAppendRequest(200)) - e9384e49-5c15-4fe8-918f-d27f1539ccef@group-3233B5392349->d6e5a99c-4067-45a5-9f51-68f82ac62b1e-GrpcLogAppender: appendEntries Timeout, request=e9384e49-5c15-4fe8-918f-d27f1539ccef->d6e5a99c-4067-45a5-9f51-68f82ac62b1e#108-t1, previous=(t:1, i:13), leaderCommit=10, initializing? false, entries: <empty>
2019-09-16 18:47:15,323 [java.util.concurrent.ThreadPoolExecutor$Worker@37302aeb[State = -1, empty queue]] WARN  server.GrpcLogAppender (GrpcLogAppender.java:timeoutAppendRequest(200)) - e9384e49-5c15-4fe8-918f-d27f1539ccef@group-3233B5392349->e8c1cc56-fd3a-4c1f-a15b-7334942b67be-GrpcLogAppender: appendEntries Timeout, request=e9384e49-5c15-4fe8-918f-d27f1539ccef->e8c1cc56-fd3a-4c1f-a15b-7334942b67be#108-t1, previous=(t:1, i:13), leaderCommit=10, initializing? false, entries: <empty>
2019-09-16 18:47:16,701 [grpc-default-executor-1] INFO  impl.RaftServerProxy (RaftServerProxy.java:remove(95)) - e23021be-5025-43ec-901b-8f315bf6442a: remove group-38292DBBEB79:null
2019-09-16 18:47:16,704 [RatisPipelineUtilsThread] WARN  pipeline.RatisPipelineUtils (RatisPipelineUtils.java:destroyPipeline(66)) - Pipeline destroy failed for pipeline=PipelineID=1d7dcb15-e5cd-44a0-a20f-38292dbbeb79 dn=e23021be-5025-43ec-901b-8f315bf6442a{ip: 192.168.34.56, host: pr-hdds-2111-hlhfn-3535364396, networkLocation: /default-rack, certSerialId: null}
2019-09-16 18:47:16,706 [grpc-default-executor-1] INFO  impl.RaftServerProxy (RaftServerProxy.java:remove(95)) - bee99600-be87-4e2f-bca1-493826cfa9f4: remove group-38292DBBEB79:null
2019-09-16 18:47:16,707 [RatisPipelineUtilsThread] WARN  pipeline.RatisPipelineUtils (RatisPipelineUtils.java:destroyPipeline(66)) - Pipeline destroy failed for pipeline=PipelineID=1d7dcb15-e5cd-44a0-a20f-38292dbbeb79 dn=bee99600-be87-4e2f-bca1-493826cfa9f4{ip: 192.168.34.56, host: pr-hdds-2111-hlhfn-3535364396, networkLocation: /default-rack, certSerialId: null}
2019-09-16 18:47:16,710 [grpc-default-executor-1] INFO  impl.RaftServerProxy (RaftServerProxy.java:remove(95)) - 6b668dd7-26f3-4a2a-98d6-977366dc8866: remove group-38292DBBEB79:null
2019-09-16 18:47:16,711 [RatisPipelineUtilsThread] WARN  pipeline.RatisPipelineUtils (RatisPipelineUtils.java:destroyPipeline(66)) - Pipeline destroy failed for pipeline=PipelineID=1d7dcb15-e5cd-44a0-a20f-38292dbbeb79 dn=6b668dd7-26f3-4a2a-98d6-977366dc8866{ip: 192.168.34.56, host: pr-hdds-2111-hlhfn-3535364396, networkLocation: /default-rack, certSerialId: null}
2019-09-16 18:47:16,711 [RatisPipelineUtilsThread] ERROR pipeline.SCMPipelineManager (Scheduler.java:lambda$schedule$1(70)) - Destroy pipeline failed for pipeline:Pipeline[ Id: 1d7dcb15-e5cd-44a0-a20f-38292dbbeb79, Nodes: e23021be-5025-43ec-901b-8f315bf6442a{ip: 192.168.34.56, host: pr-hdds-2111-hlhfn-3535364396, networkLocation: /default-rack, certSerialId: null}bee99600-be87-4e2f-bca1-493826cfa9f4{ip: 192.168.34.56, host: pr-hdds-2111-hlhfn-3535364396, networkLocation: /default-rack, certSerialId: null}6b668dd7-26f3-4a2a-98d6-977366dc8866{ip: 192.168.34.56, host: pr-hdds-2111-hlhfn-3535364396, networkLocation: /default-rack, certSerialId: null}, Type:RATIS, Factor:THREE, State:CLOSED]
org.apache.hadoop.hdds.scm.pipeline.PipelineNotFoundException: PipelineID=1d7dcb15-e5cd-44a0-a20f-38292dbbeb79 not found
	at org.apache.hadoop.hdds.scm.pipeline.PipelineStateMap.getPipeline(PipelineStateMap.java:132)
	at org.apache.hadoop.hdds.scm.pipeline.PipelineStateMap.removePipeline(PipelineStateMap.java:322)
	at org.apache.hadoop.hdds.scm.pipeline.PipelineStateManager.removePipeline(PipelineStateManager.java:107)
	at org.apache.hadoop.hdds.scm.pipeline.SCMPipelineManager.removePipeline(SCMPipelineManager.java:423)
	at org.apache.hadoop.hdds.scm.pipeline.SCMPipelineManager.destroyPipeline(SCMPipelineManager.java:409)
	at org.apache.hadoop.hdds.scm.pipeline.SCMPipelineManager.lambda$finalizeAndDestroyPipeline$0(SCMPipelineManager.java:318)
	at org.apache.hadoop.utils.Scheduler.lambda$schedule$1(Scheduler.java:68)
	at java.util.concurrent.Executors$RunnableAdapter.call(Executors.java:511)
	at java.util.concurrent.FutureTask.run(FutureTask.java:266)
	at java.util.concurrent.ScheduledThreadPoolExecutor$ScheduledFutureTask.access$201(ScheduledThreadPoolExecutor.java:180)
	at java.util.concurrent.ScheduledThreadPoolExecutor$ScheduledFutureTask.run(ScheduledThreadPoolExecutor.java:293)
	at java.util.concurrent.ThreadPoolExecutor.runWorker(ThreadPoolExecutor.java:1149)
	at java.util.concurrent.ThreadPoolExecutor$Worker.run(ThreadPoolExecutor.java:624)
	at java.lang.Thread.run(Thread.java:748)
2019-09-16 18:47:17,823 [java.util.concurrent.ThreadPoolExecutor$Worker@37302aeb[State = -1, empty queue]] WARN  server.GrpcLogAppender (GrpcLogAppender.java:timeoutAppendRequest(200)) - e9384e49-5c15-4fe8-918f-d27f1539ccef@group-3233B5392349->e8c1cc56-fd3a-4c1f-a15b-7334942b67be-GrpcLogAppender: appendEntries Timeout, request=e9384e49-5c15-4fe8-918f-d27f1539ccef->e8c1cc56-fd3a-4c1f-a15b-7334942b67be#109-t1, previous=(t:1, i:13), leaderCommit=10, initializing? false, entries: <empty>
2019-09-16 18:47:17,823 [java.util.concurrent.ThreadPoolExecutor$Worker@360b2eea[State = -1, empty queue]] WARN  server.GrpcLogAppender (GrpcLogAppender.java:timeoutAppendRequest(200)) - e9384e49-5c15-4fe8-918f-d27f1539ccef@group-3233B5392349->d6e5a99c-4067-45a5-9f51-68f82ac62b1e-GrpcLogAppender: appendEntries Timeout, request=e9384e49-5c15-4fe8-918f-d27f1539ccef->d6e5a99c-4067-45a5-9f51-68f82ac62b1e#109-t1, previous=(t:1, i:13), leaderCommit=10, initializing? false, entries: <empty>
2019-09-16 18:47:18,701 [grpc-default-executor-4] INFO  impl.RaftServerProxy (RaftServerProxy.java:remove(95)) - e23021be-5025-43ec-901b-8f315bf6442a: remove group-38292DBBEB79:null
2019-09-16 18:47:18,704 [RatisPipelineUtilsThread] WARN  pipeline.RatisPipelineUtils (RatisPipelineUtils.java:destroyPipeline(66)) - Pipeline destroy failed for pipeline=PipelineID=1d7dcb15-e5cd-44a0-a20f-38292dbbeb79 dn=e23021be-5025-43ec-901b-8f315bf6442a{ip: 192.168.34.56, host: pr-hdds-2111-hlhfn-3535364396, networkLocation: /default-rack, certSerialId: null}
2019-09-16 18:47:18,707 [grpc-default-executor-4] INFO  impl.RaftServerProxy (RaftServerProxy.java:remove(95)) - bee99600-be87-4e2f-bca1-493826cfa9f4: remove group-38292DBBEB79:null
2019-09-16 18:47:18,709 [RatisPipelineUtilsThread] WARN  pipeline.RatisPipelineUtils (RatisPipelineUtils.java:destroyPipeline(66)) - Pipeline destroy failed for pipeline=PipelineID=1d7dcb15-e5cd-44a0-a20f-38292dbbeb79 dn=bee99600-be87-4e2f-bca1-493826cfa9f4{ip: 192.168.34.56, host: pr-hdds-2111-hlhfn-3535364396, networkLocation: /default-rack, certSerialId: null}
2019-09-16 18:47:18,712 [grpc-default-executor-4] INFO  impl.RaftServerProxy (RaftServerProxy.java:remove(95)) - 6b668dd7-26f3-4a2a-98d6-977366dc8866: remove group-38292DBBEB79:null
2019-09-16 18:47:18,714 [RatisPipelineUtilsThread] WARN  pipeline.RatisPipelineUtils (RatisPipelineUtils.java:destroyPipeline(66)) - Pipeline destroy failed for pipeline=PipelineID=1d7dcb15-e5cd-44a0-a20f-38292dbbeb79 dn=6b668dd7-26f3-4a2a-98d6-977366dc8866{ip: 192.168.34.56, host: pr-hdds-2111-hlhfn-3535364396, networkLocation: /default-rack, certSerialId: null}
2019-09-16 18:47:18,714 [RatisPipelineUtilsThread] ERROR pipeline.SCMPipelineManager (Scheduler.java:lambda$schedule$1(70)) - Destroy pipeline failed for pipeline:Pipeline[ Id: 1d7dcb15-e5cd-44a0-a20f-38292dbbeb79, Nodes: e23021be-5025-43ec-901b-8f315bf6442a{ip: 192.168.34.56, host: pr-hdds-2111-hlhfn-3535364396, networkLocation: /default-rack, certSerialId: null}bee99600-be87-4e2f-bca1-493826cfa9f4{ip: 192.168.34.56, host: pr-hdds-2111-hlhfn-3535364396, networkLocation: /default-rack, certSerialId: null}6b668dd7-26f3-4a2a-98d6-977366dc8866{ip: 192.168.34.56, host: pr-hdds-2111-hlhfn-3535364396, networkLocation: /default-rack, certSerialId: null}, Type:RATIS, Factor:THREE, State:CLOSED]
org.apache.hadoop.hdds.scm.pipeline.PipelineNotFoundException: PipelineID=1d7dcb15-e5cd-44a0-a20f-38292dbbeb79 not found
	at org.apache.hadoop.hdds.scm.pipeline.PipelineStateMap.getPipeline(PipelineStateMap.java:132)
	at org.apache.hadoop.hdds.scm.pipeline.PipelineStateMap.removePipeline(PipelineStateMap.java:322)
	at org.apache.hadoop.hdds.scm.pipeline.PipelineStateManager.removePipeline(PipelineStateManager.java:107)
	at org.apache.hadoop.hdds.scm.pipeline.SCMPipelineManager.removePipeline(SCMPipelineManager.java:423)
	at org.apache.hadoop.hdds.scm.pipeline.SCMPipelineManager.destroyPipeline(SCMPipelineManager.java:409)
	at org.apache.hadoop.hdds.scm.pipeline.SCMPipelineManager.lambda$finalizeAndDestroyPipeline$0(SCMPipelineManager.java:318)
	at org.apache.hadoop.utils.Scheduler.lambda$schedule$1(Scheduler.java:68)
	at java.util.concurrent.Executors$RunnableAdapter.call(Executors.java:511)
	at java.util.concurrent.FutureTask.run(FutureTask.java:266)
	at java.util.concurrent.ScheduledThreadPoolExecutor$ScheduledFutureTask.access$201(ScheduledThreadPoolExecutor.java:180)
	at java.util.concurrent.ScheduledThreadPoolExecutor$ScheduledFutureTask.run(ScheduledThreadPoolExecutor.java:293)
	at java.util.concurrent.ThreadPoolExecutor.runWorker(ThreadPoolExecutor.java:1149)
	at java.util.concurrent.ThreadPoolExecutor$Worker.run(ThreadPoolExecutor.java:624)
	at java.lang.Thread.run(Thread.java:748)
2019-09-16 18:47:20,194 [grpc-default-executor-4] INFO  client.GrpcClientProtocolClient (GrpcClientProtocolClient.java:onNext(264)) - client-48CB266057AC->d6e5a99c-4067-45a5-9f51-68f82ac62b1e: receive RaftClientReply:client-48CB266057AC->d6e5a99c-4067-45a5-9f51-68f82ac62b1e@group-3233B5392349, cid=32, FAILED org.apache.ratis.protocol.NotLeaderException: Server d6e5a99c-4067-45a5-9f51-68f82ac62b1e@group-3233B5392349 is not the leader e9384e49-5c15-4fe8-918f-d27f1539ccef:192.168.34.56:34651, logIndex=0, commits[d6e5a99c-4067-45a5-9f51-68f82ac62b1e:c10, e9384e49-5c15-4fe8-918f-d27f1539ccef:c10, e8c1cc56-fd3a-4c1f-a15b-7334942b67be:c6]
2019-09-16 18:47:20,324 [java.util.concurrent.ThreadPoolExecutor$Worker@37302aeb[State = -1, empty queue]] WARN  server.GrpcLogAppender (GrpcLogAppender.java:timeoutAppendRequest(200)) - e9384e49-5c15-4fe8-918f-d27f1539ccef@group-3233B5392349->e8c1cc56-fd3a-4c1f-a15b-7334942b67be-GrpcLogAppender: appendEntries Timeout, request=e9384e49-5c15-4fe8-918f-d27f1539ccef->e8c1cc56-fd3a-4c1f-a15b-7334942b67be#110-t1, previous=(t:1, i:13), leaderCommit=10, initializing? false, entries: <empty>
2019-09-16 18:47:20,324 [java.util.concurrent.ThreadPoolExecutor$Worker@360b2eea[State = -1, empty queue]] WARN  server.GrpcLogAppender (GrpcLogAppender.java:timeoutAppendRequest(200)) - e9384e49-5c15-4fe8-918f-d27f1539ccef@group-3233B5392349->d6e5a99c-4067-45a5-9f51-68f82ac62b1e-GrpcLogAppender: appendEntries Timeout, request=e9384e49-5c15-4fe8-918f-d27f1539ccef->d6e5a99c-4067-45a5-9f51-68f82ac62b1e#110-t1, previous=(t:1, i:13), leaderCommit=10, initializing? false, entries: <empty>
2019-09-16 18:47:21,701 [grpc-default-executor-1] INFO  impl.RaftServerProxy (RaftServerProxy.java:remove(95)) - e23021be-5025-43ec-901b-8f315bf6442a: remove group-38292DBBEB79:null
2019-09-16 18:47:21,703 [RatisPipelineUtilsThread] WARN  pipeline.RatisPipelineUtils (RatisPipelineUtils.java:destroyPipeline(66)) - Pipeline destroy failed for pipeline=PipelineID=1d7dcb15-e5cd-44a0-a20f-38292dbbeb79 dn=e23021be-5025-43ec-901b-8f315bf6442a{ip: 192.168.34.56, host: pr-hdds-2111-hlhfn-3535364396, networkLocation: /default-rack, certSerialId: null}
2019-09-16 18:47:21,706 [grpc-default-executor-1] INFO  impl.RaftServerProxy (RaftServerProxy.java:remove(95)) - bee99600-be87-4e2f-bca1-493826cfa9f4: remove group-38292DBBEB79:null
2019-09-16 18:47:21,707 [RatisPipelineUtilsThread] WARN  pipeline.RatisPipelineUtils (RatisPipelineUtils.java:destroyPipeline(66)) - Pipeline destroy failed for pipeline=PipelineID=1d7dcb15-e5cd-44a0-a20f-38292dbbeb79 dn=bee99600-be87-4e2f-bca1-493826cfa9f4{ip: 192.168.34.56, host: pr-hdds-2111-hlhfn-3535364396, networkLocation: /default-rack, certSerialId: null}
2019-09-16 18:47:21,709 [grpc-default-executor-1] INFO  impl.RaftServerProxy (RaftServerProxy.java:remove(95)) - 6b668dd7-26f3-4a2a-98d6-977366dc8866: remove group-38292DBBEB79:null
2019-09-16 18:47:21,711 [RatisPipelineUtilsThread] WARN  pipeline.RatisPipelineUtils (RatisPipelineUtils.java:destroyPipeline(66)) - Pipeline destroy failed for pipeline=PipelineID=1d7dcb15-e5cd-44a0-a20f-38292dbbeb79 dn=6b668dd7-26f3-4a2a-98d6-977366dc8866{ip: 192.168.34.56, host: pr-hdds-2111-hlhfn-3535364396, networkLocation: /default-rack, certSerialId: null}
2019-09-16 18:47:21,712 [RatisPipelineUtilsThread] ERROR pipeline.SCMPipelineManager (Scheduler.java:lambda$schedule$1(70)) - Destroy pipeline failed for pipeline:Pipeline[ Id: 1d7dcb15-e5cd-44a0-a20f-38292dbbeb79, Nodes: e23021be-5025-43ec-901b-8f315bf6442a{ip: 192.168.34.56, host: pr-hdds-2111-hlhfn-3535364396, networkLocation: /default-rack, certSerialId: null}bee99600-be87-4e2f-bca1-493826cfa9f4{ip: 192.168.34.56, host: pr-hdds-2111-hlhfn-3535364396, networkLocation: /default-rack, certSerialId: null}6b668dd7-26f3-4a2a-98d6-977366dc8866{ip: 192.168.34.56, host: pr-hdds-2111-hlhfn-3535364396, networkLocation: /default-rack, certSerialId: null}, Type:RATIS, Factor:THREE, State:CLOSED]
org.apache.hadoop.hdds.scm.pipeline.PipelineNotFoundException: PipelineID=1d7dcb15-e5cd-44a0-a20f-38292dbbeb79 not found
	at org.apache.hadoop.hdds.scm.pipeline.PipelineStateMap.getPipeline(PipelineStateMap.java:132)
	at org.apache.hadoop.hdds.scm.pipeline.PipelineStateMap.removePipeline(PipelineStateMap.java:322)
	at org.apache.hadoop.hdds.scm.pipeline.PipelineStateManager.removePipeline(PipelineStateManager.java:107)
	at org.apache.hadoop.hdds.scm.pipeline.SCMPipelineManager.removePipeline(SCMPipelineManager.java:423)
	at org.apache.hadoop.hdds.scm.pipeline.SCMPipelineManager.destroyPipeline(SCMPipelineManager.java:409)
	at org.apache.hadoop.hdds.scm.pipeline.SCMPipelineManager.lambda$finalizeAndDestroyPipeline$0(SCMPipelineManager.java:318)
	at org.apache.hadoop.utils.Scheduler.lambda$schedule$1(Scheduler.java:68)
	at java.util.concurrent.Executors$RunnableAdapter.call(Executors.java:511)
	at java.util.concurrent.FutureTask.run(FutureTask.java:266)
	at java.util.concurrent.ScheduledThreadPoolExecutor$ScheduledFutureTask.access$201(ScheduledThreadPoolExecutor.java:180)
	at java.util.concurrent.ScheduledThreadPoolExecutor$ScheduledFutureTask.run(ScheduledThreadPoolExecutor.java:293)
	at java.util.concurrent.ThreadPoolExecutor.runWorker(ThreadPoolExecutor.java:1149)
	at java.util.concurrent.ThreadPoolExecutor$Worker.run(ThreadPoolExecutor.java:624)
	at java.lang.Thread.run(Thread.java:748)
2019-09-16 18:47:22,824 [java.util.concurrent.ThreadPoolExecutor$Worker@37302aeb[State = -1, empty queue]] WARN  server.GrpcLogAppender (GrpcLogAppender.java:timeoutAppendRequest(200)) - e9384e49-5c15-4fe8-918f-d27f1539ccef@group-3233B5392349->e8c1cc56-fd3a-4c1f-a15b-7334942b67be-GrpcLogAppender: appendEntries Timeout, request=e9384e49-5c15-4fe8-918f-d27f1539ccef->e8c1cc56-fd3a-4c1f-a15b-7334942b67be#111-t1, previous=(t:1, i:13), leaderCommit=10, initializing? false, entries: <empty>
2019-09-16 18:47:22,824 [java.util.concurrent.ThreadPoolExecutor$Worker@360b2eea[State = -1, empty queue]] WARN  server.GrpcLogAppender (GrpcLogAppender.java:timeoutAppendRequest(200)) - e9384e49-5c15-4fe8-918f-d27f1539ccef@group-3233B5392349->d6e5a99c-4067-45a5-9f51-68f82ac62b1e-GrpcLogAppender: appendEntries Timeout, request=e9384e49-5c15-4fe8-918f-d27f1539ccef->d6e5a99c-4067-45a5-9f51-68f82ac62b1e#111-t1, previous=(t:1, i:13), leaderCommit=10, initializing? false, entries: <empty>
2019-09-16 18:47:23,701 [grpc-default-executor-1] INFO  impl.RaftServerProxy (RaftServerProxy.java:remove(95)) - e23021be-5025-43ec-901b-8f315bf6442a: remove group-38292DBBEB79:null
2019-09-16 18:47:23,703 [RatisPipelineUtilsThread] WARN  pipeline.RatisPipelineUtils (RatisPipelineUtils.java:destroyPipeline(66)) - Pipeline destroy failed for pipeline=PipelineID=1d7dcb15-e5cd-44a0-a20f-38292dbbeb79 dn=e23021be-5025-43ec-901b-8f315bf6442a{ip: 192.168.34.56, host: pr-hdds-2111-hlhfn-3535364396, networkLocation: /default-rack, certSerialId: null}
2019-09-16 18:47:23,705 [grpc-default-executor-1] INFO  impl.RaftServerProxy (RaftServerProxy.java:remove(95)) - bee99600-be87-4e2f-bca1-493826cfa9f4: remove group-38292DBBEB79:null
2019-09-16 18:47:23,707 [RatisPipelineUtilsThread] WARN  pipeline.RatisPipelineUtils (RatisPipelineUtils.java:destroyPipeline(66)) - Pipeline destroy failed for pipeline=PipelineID=1d7dcb15-e5cd-44a0-a20f-38292dbbeb79 dn=bee99600-be87-4e2f-bca1-493826cfa9f4{ip: 192.168.34.56, host: pr-hdds-2111-hlhfn-3535364396, networkLocation: /default-rack, certSerialId: null}
2019-09-16 18:47:23,709 [grpc-default-executor-1] INFO  impl.RaftServerProxy (RaftServerProxy.java:remove(95)) - 6b668dd7-26f3-4a2a-98d6-977366dc8866: remove group-38292DBBEB79:null
2019-09-16 18:47:23,711 [RatisPipelineUtilsThread] WARN  pipeline.RatisPipelineUtils (RatisPipelineUtils.java:destroyPipeline(66)) - Pipeline destroy failed for pipeline=PipelineID=1d7dcb15-e5cd-44a0-a20f-38292dbbeb79 dn=6b668dd7-26f3-4a2a-98d6-977366dc8866{ip: 192.168.34.56, host: pr-hdds-2111-hlhfn-3535364396, networkLocation: /default-rack, certSerialId: null}
2019-09-16 18:47:23,711 [RatisPipelineUtilsThread] ERROR pipeline.SCMPipelineManager (Scheduler.java:lambda$schedule$1(70)) - Destroy pipeline failed for pipeline:Pipeline[ Id: 1d7dcb15-e5cd-44a0-a20f-38292dbbeb79, Nodes: e23021be-5025-43ec-901b-8f315bf6442a{ip: 192.168.34.56, host: pr-hdds-2111-hlhfn-3535364396, networkLocation: /default-rack, certSerialId: null}bee99600-be87-4e2f-bca1-493826cfa9f4{ip: 192.168.34.56, host: pr-hdds-2111-hlhfn-3535364396, networkLocation: /default-rack, certSerialId: null}6b668dd7-26f3-4a2a-98d6-977366dc8866{ip: 192.168.34.56, host: pr-hdds-2111-hlhfn-3535364396, networkLocation: /default-rack, certSerialId: null}, Type:RATIS, Factor:THREE, State:CLOSED]
org.apache.hadoop.hdds.scm.pipeline.PipelineNotFoundException: PipelineID=1d7dcb15-e5cd-44a0-a20f-38292dbbeb79 not found
	at org.apache.hadoop.hdds.scm.pipeline.PipelineStateMap.getPipeline(PipelineStateMap.java:132)
	at org.apache.hadoop.hdds.scm.pipeline.PipelineStateMap.removePipeline(PipelineStateMap.java:322)
	at org.apache.hadoop.hdds.scm.pipeline.PipelineStateManager.removePipeline(PipelineStateManager.java:107)
	at org.apache.hadoop.hdds.scm.pipeline.SCMPipelineManager.removePipeline(SCMPipelineManager.java:423)
	at org.apache.hadoop.hdds.scm.pipeline.SCMPipelineManager.destroyPipeline(SCMPipelineManager.java:409)
	at org.apache.hadoop.hdds.scm.pipeline.SCMPipelineManager.lambda$finalizeAndDestroyPipeline$0(SCMPipelineManager.java:318)
	at org.apache.hadoop.utils.Scheduler.lambda$schedule$1(Scheduler.java:68)
	at java.util.concurrent.Executors$RunnableAdapter.call(Executors.java:511)
	at java.util.concurrent.FutureTask.run(FutureTask.java:266)
	at java.util.concurrent.ScheduledThreadPoolExecutor$ScheduledFutureTask.access$201(ScheduledThreadPoolExecutor.java:180)
	at java.util.concurrent.ScheduledThreadPoolExecutor$ScheduledFutureTask.run(ScheduledThreadPoolExecutor.java:293)
	at java.util.concurrent.ThreadPoolExecutor.runWorker(ThreadPoolExecutor.java:1149)
	at java.util.concurrent.ThreadPoolExecutor$Worker.run(ThreadPoolExecutor.java:624)
	at java.lang.Thread.run(Thread.java:748)
2019-09-16 18:47:24,817 [e9384e49-5c15-4fe8-918f-d27f1539ccef@group-3233B5392349-SegmentedRaftLogWorker] WARN  segmented.SegmentedRaftLogWorker (SegmentedRaftLogWorker.java:getFromFuture(90)) - Timeout 5/~
org.apache.ratis.protocol.TimeoutIOException: Timeout 10s: WriteLog:11: (t:1, i:11), STATEMACHINELOGENTRY, client-48CB266057AC, cid=32-writeStateMachineData
	at org.apache.ratis.util.IOUtils.getFromFuture(IOUtils.java:87)
	at org.apache.ratis.server.raftlog.segmented.SegmentedRaftLogWorker$StateMachineDataPolicy.getFromFuture(SegmentedRaftLogWorker.java:87)
	at org.apache.ratis.server.raftlog.segmented.SegmentedRaftLogWorker$WriteLog.execute(SegmentedRaftLogWorker.java:477)
	at org.apache.ratis.server.raftlog.segmented.SegmentedRaftLogWorker.run(SegmentedRaftLogWorker.java:289)
	at java.lang.Thread.run(Thread.java:748)
Caused by: java.util.concurrent.TimeoutException
	at java.util.concurrent.CompletableFuture.timedGet(CompletableFuture.java:1771)
	at java.util.concurrent.CompletableFuture.get(CompletableFuture.java:1915)
	at org.apache.ratis.util.IOUtils.getFromFuture(IOUtils.java:79)
	... 4 more
2019-09-16 18:47:24,818 [d6e5a99c-4067-45a5-9f51-68f82ac62b1e@group-3233B5392349-SegmentedRaftLogWorker] WARN  segmented.SegmentedRaftLogWorker (SegmentedRaftLogWorker.java:getFromFuture(90)) - Timeout 5/~
org.apache.ratis.protocol.TimeoutIOException: Timeout 10s: WriteLog:11: (t:1, i:11), STATEMACHINELOGENTRY, client-48CB266057AC, cid=32-writeStateMachineData
	at org.apache.ratis.util.IOUtils.getFromFuture(IOUtils.java:87)
	at org.apache.ratis.server.raftlog.segmented.SegmentedRaftLogWorker$StateMachineDataPolicy.getFromFuture(SegmentedRaftLogWorker.java:87)
	at org.apache.ratis.server.raftlog.segmented.SegmentedRaftLogWorker$WriteLog.execute(SegmentedRaftLogWorker.java:477)
	at org.apache.ratis.server.raftlog.segmented.SegmentedRaftLogWorker.run(SegmentedRaftLogWorker.java:289)
	at java.lang.Thread.run(Thread.java:748)
Caused by: java.util.concurrent.TimeoutException
	at java.util.concurrent.CompletableFuture.timedGet(CompletableFuture.java:1771)
	at java.util.concurrent.CompletableFuture.get(CompletableFuture.java:1915)
	at org.apache.ratis.util.IOUtils.getFromFuture(IOUtils.java:79)
	... 4 more
2019-09-16 18:47:24,895 [e8c1cc56-fd3a-4c1f-a15b-7334942b67be@group-3233B5392349-SegmentedRaftLogWorker] WARN  segmented.SegmentedRaftLogWorker (SegmentedRaftLogWorker.java:getFromFuture(90)) - Timeout 5/~
org.apache.ratis.protocol.TimeoutIOException: Timeout 10s: WriteLog:12: (t:1, i:12), STATEMACHINELOGENTRY, client-48CB266057AC, cid=33-writeStateMachineData
	at org.apache.ratis.util.IOUtils.getFromFuture(IOUtils.java:87)
	at org.apache.ratis.server.raftlog.segmented.SegmentedRaftLogWorker$StateMachineDataPolicy.getFromFuture(SegmentedRaftLogWorker.java:87)
	at org.apache.ratis.server.raftlog.segmented.SegmentedRaftLogWorker$WriteLog.execute(SegmentedRaftLogWorker.java:477)
	at org.apache.ratis.server.raftlog.segmented.SegmentedRaftLogWorker.run(SegmentedRaftLogWorker.java:289)
	at java.lang.Thread.run(Thread.java:748)
Caused by: java.util.concurrent.TimeoutException
	at java.util.concurrent.CompletableFuture.timedGet(CompletableFuture.java:1771)
	at java.util.concurrent.CompletableFuture.get(CompletableFuture.java:1915)
	at org.apache.ratis.util.IOUtils.getFromFuture(IOUtils.java:79)
	... 4 more
2019-09-16 18:47:25,227 [grpc-default-executor-1] INFO  client.GrpcClientProtocolClient (GrpcClientProtocolClient.java:onNext(264)) - client-48CB266057AC->e8c1cc56-fd3a-4c1f-a15b-7334942b67be: receive RaftClientReply:client-48CB266057AC->e8c1cc56-fd3a-4c1f-a15b-7334942b67be@group-3233B5392349, cid=32, FAILED org.apache.ratis.protocol.NotLeaderException: Server e8c1cc56-fd3a-4c1f-a15b-7334942b67be@group-3233B5392349 is not the leader e9384e49-5c15-4fe8-918f-d27f1539ccef:192.168.34.56:34651, logIndex=0, commits[e8c1cc56-fd3a-4c1f-a15b-7334942b67be:c10, e9384e49-5c15-4fe8-918f-d27f1539ccef:c10, d6e5a99c-4067-45a5-9f51-68f82ac62b1e:c6]
2019-09-16 18:47:25,324 [java.util.concurrent.ThreadPoolExecutor$Worker@37302aeb[State = -1, empty queue]] WARN  server.GrpcLogAppender (GrpcLogAppender.java:timeoutAppendRequest(200)) - e9384e49-5c15-4fe8-918f-d27f1539ccef@group-3233B5392349->e8c1cc56-fd3a-4c1f-a15b-7334942b67be-GrpcLogAppender: appendEntries Timeout, request=e9384e49-5c15-4fe8-918f-d27f1539ccef->e8c1cc56-fd3a-4c1f-a15b-7334942b67be#112-t1, previous=(t:1, i:13), leaderCommit=10, initializing? false, entries: <empty>
2019-09-16 18:47:25,324 [java.util.concurrent.ThreadPoolExecutor$Worker@360b2eea[State = -1, empty queue]] WARN  server.GrpcLogAppender (GrpcLogAppender.java:timeoutAppendRequest(200)) - e9384e49-5c15-4fe8-918f-d27f1539ccef@group-3233B5392349->d6e5a99c-4067-45a5-9f51-68f82ac62b1e-GrpcLogAppender: appendEntries Timeout, request=e9384e49-5c15-4fe8-918f-d27f1539ccef->d6e5a99c-4067-45a5-9f51-68f82ac62b1e#112-t1, previous=(t:1, i:13), leaderCommit=10, initializing? false, entries: <empty>
2019-09-16 18:47:26,700 [grpc-default-executor-1] INFO  impl.RaftServerProxy (RaftServerProxy.java:remove(95)) - e23021be-5025-43ec-901b-8f315bf6442a: remove group-38292DBBEB79:null
2019-09-16 18:47:26,703 [RatisPipelineUtilsThread] WARN  pipeline.RatisPipelineUtils (RatisPipelineUtils.java:destroyPipeline(66)) - Pipeline destroy failed for pipeline=PipelineID=1d7dcb15-e5cd-44a0-a20f-38292dbbeb79 dn=e23021be-5025-43ec-901b-8f315bf6442a{ip: 192.168.34.56, host: pr-hdds-2111-hlhfn-3535364396, networkLocation: /default-rack, certSerialId: null}
2019-09-16 18:47:26,706 [grpc-default-executor-1] INFO  impl.RaftServerProxy (RaftServerProxy.java:remove(95)) - bee99600-be87-4e2f-bca1-493826cfa9f4: remove group-38292DBBEB79:null
2019-09-16 18:47:26,707 [RatisPipelineUtilsThread] WARN  pipeline.RatisPipelineUtils (RatisPipelineUtils.java:destroyPipeline(66)) - Pipeline destroy failed for pipeline=PipelineID=1d7dcb15-e5cd-44a0-a20f-38292dbbeb79 dn=bee99600-be87-4e2f-bca1-493826cfa9f4{ip: 192.168.34.56, host: pr-hdds-2111-hlhfn-3535364396, networkLocation: /default-rack, certSerialId: null}
2019-09-16 18:47:26,710 [grpc-default-executor-1] INFO  impl.RaftServerProxy (RaftServerProxy.java:remove(95)) - 6b668dd7-26f3-4a2a-98d6-977366dc8866: remove group-38292DBBEB79:null
2019-09-16 18:47:26,712 [RatisPipelineUtilsThread] WARN  pipeline.RatisPipelineUtils (RatisPipelineUtils.java:destroyPipeline(66)) - Pipeline destroy failed for pipeline=PipelineID=1d7dcb15-e5cd-44a0-a20f-38292dbbeb79 dn=6b668dd7-26f3-4a2a-98d6-977366dc8866{ip: 192.168.34.56, host: pr-hdds-2111-hlhfn-3535364396, networkLocation: /default-rack, certSerialId: null}
2019-09-16 18:47:26,712 [RatisPipelineUtilsThread] ERROR pipeline.SCMPipelineManager (Scheduler.java:lambda$schedule$1(70)) - Destroy pipeline failed for pipeline:Pipeline[ Id: 1d7dcb15-e5cd-44a0-a20f-38292dbbeb79, Nodes: e23021be-5025-43ec-901b-8f315bf6442a{ip: 192.168.34.56, host: pr-hdds-2111-hlhfn-3535364396, networkLocation: /default-rack, certSerialId: null}bee99600-be87-4e2f-bca1-493826cfa9f4{ip: 192.168.34.56, host: pr-hdds-2111-hlhfn-3535364396, networkLocation: /default-rack, certSerialId: null}6b668dd7-26f3-4a2a-98d6-977366dc8866{ip: 192.168.34.56, host: pr-hdds-2111-hlhfn-3535364396, networkLocation: /default-rack, certSerialId: null}, Type:RATIS, Factor:THREE, State:CLOSED]
org.apache.hadoop.hdds.scm.pipeline.PipelineNotFoundException: PipelineID=1d7dcb15-e5cd-44a0-a20f-38292dbbeb79 not found
	at org.apache.hadoop.hdds.scm.pipeline.PipelineStateMap.getPipeline(PipelineStateMap.java:132)
	at org.apache.hadoop.hdds.scm.pipeline.PipelineStateMap.removePipeline(PipelineStateMap.java:322)
	at org.apache.hadoop.hdds.scm.pipeline.PipelineStateManager.removePipeline(PipelineStateManager.java:107)
	at org.apache.hadoop.hdds.scm.pipeline.SCMPipelineManager.removePipeline(SCMPipelineManager.java:423)
	at org.apache.hadoop.hdds.scm.pipeline.SCMPipelineManager.destroyPipeline(SCMPipelineManager.java:409)
	at org.apache.hadoop.hdds.scm.pipeline.SCMPipelineManager.lambda$finalizeAndDestroyPipeline$0(SCMPipelineManager.java:318)
	at org.apache.hadoop.utils.Scheduler.lambda$schedule$1(Scheduler.java:68)
	at java.util.concurrent.Executors$RunnableAdapter.call(Executors.java:511)
	at java.util.concurrent.FutureTask.run(FutureTask.java:266)
	at java.util.concurrent.ScheduledThreadPoolExecutor$ScheduledFutureTask.access$201(ScheduledThreadPoolExecutor.java:180)
	at java.util.concurrent.ScheduledThreadPoolExecutor$ScheduledFutureTask.run(ScheduledThreadPoolExecutor.java:293)
	at java.util.concurrent.ThreadPoolExecutor.runWorker(ThreadPoolExecutor.java:1149)
	at java.util.concurrent.ThreadPoolExecutor$Worker.run(ThreadPoolExecutor.java:624)
	at java.lang.Thread.run(Thread.java:748)
2019-09-16 18:47:27,825 [java.util.concurrent.ThreadPoolExecutor$Worker@360b2eea[State = -1, empty queue]] WARN  server.GrpcLogAppender (GrpcLogAppender.java:timeoutAppendRequest(200)) - e9384e49-5c15-4fe8-918f-d27f1539ccef@group-3233B5392349->d6e5a99c-4067-45a5-9f51-68f82ac62b1e-GrpcLogAppender: appendEntries Timeout, request=e9384e49-5c15-4fe8-918f-d27f1539ccef->d6e5a99c-4067-45a5-9f51-68f82ac62b1e#113-t1, previous=(t:1, i:13), leaderCommit=10, initializing? false, entries: <empty>
2019-09-16 18:47:27,825 [java.util.concurrent.ThreadPoolExecutor$Worker@37302aeb[State = -1, empty queue]] WARN  server.GrpcLogAppender (GrpcLogAppender.java:timeoutAppendRequest(200)) - e9384e49-5c15-4fe8-918f-d27f1539ccef@group-3233B5392349->e8c1cc56-fd3a-4c1f-a15b-7334942b67be-GrpcLogAppender: appendEntries Timeout, request=e9384e49-5c15-4fe8-918f-d27f1539ccef->e8c1cc56-fd3a-4c1f-a15b-7334942b67be#113-t1, previous=(t:1, i:13), leaderCommit=10, initializing? false, entries: <empty>
2019-09-16 18:47:28,703 [grpc-default-executor-4] INFO  impl.RaftServerProxy (RaftServerProxy.java:remove(95)) - e23021be-5025-43ec-901b-8f315bf6442a: remove group-38292DBBEB79:null
2019-09-16 18:47:28,707 [RatisPipelineUtilsThread] WARN  pipeline.RatisPipelineUtils (RatisPipelineUtils.java:destroyPipeline(66)) - Pipeline destroy failed for pipeline=PipelineID=1d7dcb15-e5cd-44a0-a20f-38292dbbeb79 dn=e23021be-5025-43ec-901b-8f315bf6442a{ip: 192.168.34.56, host: pr-hdds-2111-hlhfn-3535364396, networkLocation: /default-rack, certSerialId: null}
2019-09-16 18:47:28,709 [grpc-default-executor-4] INFO  impl.RaftServerProxy (RaftServerProxy.java:remove(95)) - bee99600-be87-4e2f-bca1-493826cfa9f4: remove group-38292DBBEB79:null
2019-09-16 18:47:28,712 [RatisPipelineUtilsThread] WARN  pipeline.RatisPipelineUtils (RatisPipelineUtils.java:destroyPipeline(66)) - Pipeline destroy failed for pipeline=PipelineID=1d7dcb15-e5cd-44a0-a20f-38292dbbeb79 dn=bee99600-be87-4e2f-bca1-493826cfa9f4{ip: 192.168.34.56, host: pr-hdds-2111-hlhfn-3535364396, networkLocation: /default-rack, certSerialId: null}
2019-09-16 18:47:28,714 [grpc-default-executor-4] INFO  impl.RaftServerProxy (RaftServerProxy.java:remove(95)) - 6b668dd7-26f3-4a2a-98d6-977366dc8866: remove group-38292DBBEB79:null
2019-09-16 18:47:28,716 [RatisPipelineUtilsThread] WARN  pipeline.RatisPipelineUtils (RatisPipelineUtils.java:destroyPipeline(66)) - Pipeline destroy failed for pipeline=PipelineID=1d7dcb15-e5cd-44a0-a20f-38292dbbeb79 dn=6b668dd7-26f3-4a2a-98d6-977366dc8866{ip: 192.168.34.56, host: pr-hdds-2111-hlhfn-3535364396, networkLocation: /default-rack, certSerialId: null}
2019-09-16 18:47:28,717 [RatisPipelineUtilsThread] ERROR pipeline.SCMPipelineManager (Scheduler.java:lambda$schedule$1(70)) - Destroy pipeline failed for pipeline:Pipeline[ Id: 1d7dcb15-e5cd-44a0-a20f-38292dbbeb79, Nodes: e23021be-5025-43ec-901b-8f315bf6442a{ip: 192.168.34.56, host: pr-hdds-2111-hlhfn-3535364396, networkLocation: /default-rack, certSerialId: null}bee99600-be87-4e2f-bca1-493826cfa9f4{ip: 192.168.34.56, host: pr-hdds-2111-hlhfn-3535364396, networkLocation: /default-rack, certSerialId: null}6b668dd7-26f3-4a2a-98d6-977366dc8866{ip: 192.168.34.56, host: pr-hdds-2111-hlhfn-3535364396, networkLocation: /default-rack, certSerialId: null}, Type:RATIS, Factor:THREE, State:CLOSED]
org.apache.hadoop.hdds.scm.pipeline.PipelineNotFoundException: PipelineID=1d7dcb15-e5cd-44a0-a20f-38292dbbeb79 not found
	at org.apache.hadoop.hdds.scm.pipeline.PipelineStateMap.getPipeline(PipelineStateMap.java:132)
	at org.apache.hadoop.hdds.scm.pipeline.PipelineStateMap.removePipeline(PipelineStateMap.java:322)
	at org.apache.hadoop.hdds.scm.pipeline.PipelineStateManager.removePipeline(PipelineStateManager.java:107)
	at org.apache.hadoop.hdds.scm.pipeline.SCMPipelineManager.removePipeline(SCMPipelineManager.java:423)
	at org.apache.hadoop.hdds.scm.pipeline.SCMPipelineManager.destroyPipeline(SCMPipelineManager.java:409)
	at org.apache.hadoop.hdds.scm.pipeline.SCMPipelineManager.lambda$finalizeAndDestroyPipeline$0(SCMPipelineManager.java:318)
	at org.apache.hadoop.utils.Scheduler.lambda$schedule$1(Scheduler.java:68)
	at java.util.concurrent.Executors$RunnableAdapter.call(Executors.java:511)
	at java.util.concurrent.FutureTask.run(FutureTask.java:266)
	at java.util.concurrent.ScheduledThreadPoolExecutor$ScheduledFutureTask.access$201(ScheduledThreadPoolExecutor.java:180)
	at java.util.concurrent.ScheduledThreadPoolExecutor$ScheduledFutureTask.run(ScheduledThreadPoolExecutor.java:293)
	at java.util.concurrent.ThreadPoolExecutor.runWorker(ThreadPoolExecutor.java:1149)
	at java.util.concurrent.ThreadPoolExecutor$Worker.run(ThreadPoolExecutor.java:624)
	at java.lang.Thread.run(Thread.java:748)
2019-09-16 18:47:29,792 [grpc-default-executor-1] INFO  impl.RaftServerProxy (RaftServerProxy.java:remove(95)) - e23021be-5025-43ec-901b-8f315bf6442a: remove group-38292DBBEB79:null
2019-09-16 18:47:29,795 [RatisPipelineUtilsThread] WARN  pipeline.RatisPipelineUtils (RatisPipelineUtils.java:destroyPipeline(66)) - Pipeline destroy failed for pipeline=PipelineID=1d7dcb15-e5cd-44a0-a20f-38292dbbeb79 dn=e23021be-5025-43ec-901b-8f315bf6442a{ip: 192.168.34.56, host: pr-hdds-2111-hlhfn-3535364396, networkLocation: /default-rack, certSerialId: null}
2019-09-16 18:47:29,798 [grpc-default-executor-1] INFO  impl.RaftServerProxy (RaftServerProxy.java:remove(95)) - bee99600-be87-4e2f-bca1-493826cfa9f4: remove group-38292DBBEB79:null
2019-09-16 18:47:29,800 [RatisPipelineUtilsThread] WARN  pipeline.RatisPipelineUtils (RatisPipelineUtils.java:destroyPipeline(66)) - Pipeline destroy failed for pipeline=PipelineID=1d7dcb15-e5cd-44a0-a20f-38292dbbeb79 dn=bee99600-be87-4e2f-bca1-493826cfa9f4{ip: 192.168.34.56, host: pr-hdds-2111-hlhfn-3535364396, networkLocation: /default-rack, certSerialId: null}
2019-09-16 18:47:29,803 [grpc-default-executor-1] INFO  impl.RaftServerProxy (RaftServerProxy.java:remove(95)) - 6b668dd7-26f3-4a2a-98d6-977366dc8866: remove group-38292DBBEB79:null
2019-09-16 18:47:29,805 [RatisPipelineUtilsThread] WARN  pipeline.RatisPipelineUtils (RatisPipelineUtils.java:destroyPipeline(66)) - Pipeline destroy failed for pipeline=PipelineID=1d7dcb15-e5cd-44a0-a20f-38292dbbeb79 dn=6b668dd7-26f3-4a2a-98d6-977366dc8866{ip: 192.168.34.56, host: pr-hdds-2111-hlhfn-3535364396, networkLocation: /default-rack, certSerialId: null}
2019-09-16 18:47:29,806 [RatisPipelineUtilsThread] ERROR pipeline.SCMPipelineManager (Scheduler.java:lambda$schedule$1(70)) - Destroy pipeline failed for pipeline:Pipeline[ Id: 1d7dcb15-e5cd-44a0-a20f-38292dbbeb79, Nodes: e23021be-5025-43ec-901b-8f315bf6442a{ip: 192.168.34.56, host: pr-hdds-2111-hlhfn-3535364396, networkLocation: /default-rack, certSerialId: null}bee99600-be87-4e2f-bca1-493826cfa9f4{ip: 192.168.34.56, host: pr-hdds-2111-hlhfn-3535364396, networkLocation: /default-rack, certSerialId: null}6b668dd7-26f3-4a2a-98d6-977366dc8866{ip: 192.168.34.56, host: pr-hdds-2111-hlhfn-3535364396, networkLocation: /default-rack, certSerialId: null}, Type:RATIS, Factor:THREE, State:CLOSED]
org.apache.hadoop.hdds.scm.pipeline.PipelineNotFoundException: PipelineID=1d7dcb15-e5cd-44a0-a20f-38292dbbeb79 not found
	at org.apache.hadoop.hdds.scm.pipeline.PipelineStateMap.getPipeline(PipelineStateMap.java:132)
	at org.apache.hadoop.hdds.scm.pipeline.PipelineStateMap.removePipeline(PipelineStateMap.java:322)
	at org.apache.hadoop.hdds.scm.pipeline.PipelineStateManager.removePipeline(PipelineStateManager.java:107)
	at org.apache.hadoop.hdds.scm.pipeline.SCMPipelineManager.removePipeline(SCMPipelineManager.java:423)
	at org.apache.hadoop.hdds.scm.pipeline.SCMPipelineManager.destroyPipeline(SCMPipelineManager.java:409)
	at org.apache.hadoop.hdds.scm.pipeline.SCMPipelineManager.lambda$finalizeAndDestroyPipeline$0(SCMPipelineManager.java:318)
	at org.apache.hadoop.utils.Scheduler.lambda$schedule$1(Scheduler.java:68)
	at java.util.concurrent.Executors$RunnableAdapter.call(Executors.java:511)
	at java.util.concurrent.FutureTask.run(FutureTask.java:266)
	at java.util.concurrent.ScheduledThreadPoolExecutor$ScheduledFutureTask.access$201(ScheduledThreadPoolExecutor.java:180)
	at java.util.concurrent.ScheduledThreadPoolExecutor$ScheduledFutureTask.run(ScheduledThreadPoolExecutor.java:293)
	at java.util.concurrent.ThreadPoolExecutor.runWorker(ThreadPoolExecutor.java:1149)
	at java.util.concurrent.ThreadPoolExecutor$Worker.run(ThreadPoolExecutor.java:624)
	at java.lang.Thread.run(Thread.java:748)
2019-09-16 18:47:29,946 [grpc-default-executor-4] INFO  impl.RaftServerProxy (RaftServerProxy.java:remove(95)) - e23021be-5025-43ec-901b-8f315bf6442a: remove group-38292DBBEB79:null
2019-09-16 18:47:29,949 [RatisPipelineUtilsThread] WARN  pipeline.RatisPipelineUtils (RatisPipelineUtils.java:destroyPipeline(66)) - Pipeline destroy failed for pipeline=PipelineID=1d7dcb15-e5cd-44a0-a20f-38292dbbeb79 dn=e23021be-5025-43ec-901b-8f315bf6442a{ip: 192.168.34.56, host: pr-hdds-2111-hlhfn-3535364396, networkLocation: /default-rack, certSerialId: null}
2019-09-16 18:47:29,952 [grpc-default-executor-4] INFO  impl.RaftServerProxy (RaftServerProxy.java:remove(95)) - bee99600-be87-4e2f-bca1-493826cfa9f4: remove group-38292DBBEB79:null
2019-09-16 18:47:29,954 [RatisPipelineUtilsThread] WARN  pipeline.RatisPipelineUtils (RatisPipelineUtils.java:destroyPipeline(66)) - Pipeline destroy failed for pipeline=PipelineID=1d7dcb15-e5cd-44a0-a20f-38292dbbeb79 dn=bee99600-be87-4e2f-bca1-493826cfa9f4{ip: 192.168.34.56, host: pr-hdds-2111-hlhfn-3535364396, networkLocation: /default-rack, certSerialId: null}
2019-09-16 18:47:29,957 [grpc-default-executor-4] INFO  impl.RaftServerProxy (RaftServerProxy.java:remove(95)) - 6b668dd7-26f3-4a2a-98d6-977366dc8866: remove group-38292DBBEB79:null
2019-09-16 18:47:29,959 [RatisPipelineUtilsThread] WARN  pipeline.RatisPipelineUtils (RatisPipelineUtils.java:destroyPipeline(66)) - Pipeline destroy failed for pipeline=PipelineID=1d7dcb15-e5cd-44a0-a20f-38292dbbeb79 dn=6b668dd7-26f3-4a2a-98d6-977366dc8866{ip: 192.168.34.56, host: pr-hdds-2111-hlhfn-3535364396, networkLocation: /default-rack, certSerialId: null}
2019-09-16 18:47:29,959 [RatisPipelineUtilsThread] ERROR pipeline.SCMPipelineManager (Scheduler.java:lambda$schedule$1(70)) - Destroy pipeline failed for pipeline:Pipeline[ Id: 1d7dcb15-e5cd-44a0-a20f-38292dbbeb79, Nodes: e23021be-5025-43ec-901b-8f315bf6442a{ip: 192.168.34.56, host: pr-hdds-2111-hlhfn-3535364396, networkLocation: /default-rack, certSerialId: null}bee99600-be87-4e2f-bca1-493826cfa9f4{ip: 192.168.34.56, host: pr-hdds-2111-hlhfn-3535364396, networkLocation: /default-rack, certSerialId: null}6b668dd7-26f3-4a2a-98d6-977366dc8866{ip: 192.168.34.56, host: pr-hdds-2111-hlhfn-3535364396, networkLocation: /default-rack, certSerialId: null}, Type:RATIS, Factor:THREE, State:CLOSED]
org.apache.hadoop.hdds.scm.pipeline.PipelineNotFoundException: PipelineID=1d7dcb15-e5cd-44a0-a20f-38292dbbeb79 not found
	at org.apache.hadoop.hdds.scm.pipeline.PipelineStateMap.getPipeline(PipelineStateMap.java:132)
	at org.apache.hadoop.hdds.scm.pipeline.PipelineStateMap.removePipeline(PipelineStateMap.java:322)
	at org.apache.hadoop.hdds.scm.pipeline.PipelineStateManager.removePipeline(PipelineStateManager.java:107)
	at org.apache.hadoop.hdds.scm.pipeline.SCMPipelineManager.removePipeline(SCMPipelineManager.java:423)
	at org.apache.hadoop.hdds.scm.pipeline.SCMPipelineManager.destroyPipeline(SCMPipelineManager.java:409)
	at org.apache.hadoop.hdds.scm.pipeline.SCMPipelineManager.lambda$finalizeAndDestroyPipeline$0(SCMPipelineManager.java:318)
	at org.apache.hadoop.utils.Scheduler.lambda$schedule$1(Scheduler.java:68)
	at java.util.concurrent.Executors$RunnableAdapter.call(Executors.java:511)
	at java.util.concurrent.FutureTask.run(FutureTask.java:266)
	at java.util.concurrent.ScheduledThreadPoolExecutor$ScheduledFutureTask.access$201(ScheduledThreadPoolExecutor.java:180)
	at java.util.concurrent.ScheduledThreadPoolExecutor$ScheduledFutureTask.run(ScheduledThreadPoolExecutor.java:293)
	at java.util.concurrent.ThreadPoolExecutor.runWorker(ThreadPoolExecutor.java:1149)
	at java.util.concurrent.ThreadPoolExecutor$Worker.run(ThreadPoolExecutor.java:624)
	at java.lang.Thread.run(Thread.java:748)
2019-09-16 18:47:30,053 [grpc-default-executor-4] INFO  impl.RaftServerProxy (RaftServerProxy.java:remove(95)) - e23021be-5025-43ec-901b-8f315bf6442a: remove group-38292DBBEB79:null
2019-09-16 18:47:30,055 [RatisPipelineUtilsThread] WARN  pipeline.RatisPipelineUtils (RatisPipelineUtils.java:destroyPipeline(66)) - Pipeline destroy failed for pipeline=PipelineID=1d7dcb15-e5cd-44a0-a20f-38292dbbeb79 dn=e23021be-5025-43ec-901b-8f315bf6442a{ip: 192.168.34.56, host: pr-hdds-2111-hlhfn-3535364396, networkLocation: /default-rack, certSerialId: null}
2019-09-16 18:47:30,058 [grpc-default-executor-4] INFO  impl.RaftServerProxy (RaftServerProxy.java:remove(95)) - bee99600-be87-4e2f-bca1-493826cfa9f4: remove group-38292DBBEB79:null
2019-09-16 18:47:30,060 [RatisPipelineUtilsThread] WARN  pipeline.RatisPipelineUtils (RatisPipelineUtils.java:destroyPipeline(66)) - Pipeline destroy failed for pipeline=PipelineID=1d7dcb15-e5cd-44a0-a20f-38292dbbeb79 dn=bee99600-be87-4e2f-bca1-493826cfa9f4{ip: 192.168.34.56, host: pr-hdds-2111-hlhfn-3535364396, networkLocation: /default-rack, certSerialId: null}
2019-09-16 18:47:30,063 [grpc-default-executor-4] INFO  impl.RaftServerProxy (RaftServerProxy.java:remove(95)) - 6b668dd7-26f3-4a2a-98d6-977366dc8866: remove group-38292DBBEB79:null
2019-09-16 18:47:30,065 [RatisPipelineUtilsThread] WARN  pipeline.RatisPipelineUtils (RatisPipelineUtils.java:destroyPipeline(66)) - Pipeline destroy failed for pipeline=PipelineID=1d7dcb15-e5cd-44a0-a20f-38292dbbeb79 dn=6b668dd7-26f3-4a2a-98d6-977366dc8866{ip: 192.168.34.56, host: pr-hdds-2111-hlhfn-3535364396, networkLocation: /default-rack, certSerialId: null}
2019-09-16 18:47:30,065 [RatisPipelineUtilsThread] ERROR pipeline.SCMPipelineManager (Scheduler.java:lambda$schedule$1(70)) - Destroy pipeline failed for pipeline:Pipeline[ Id: 1d7dcb15-e5cd-44a0-a20f-38292dbbeb79, Nodes: e23021be-5025-43ec-901b-8f315bf6442a{ip: 192.168.34.56, host: pr-hdds-2111-hlhfn-3535364396, networkLocation: /default-rack, certSerialId: null}bee99600-be87-4e2f-bca1-493826cfa9f4{ip: 192.168.34.56, host: pr-hdds-2111-hlhfn-3535364396, networkLocation: /default-rack, certSerialId: null}6b668dd7-26f3-4a2a-98d6-977366dc8866{ip: 192.168.34.56, host: pr-hdds-2111-hlhfn-3535364396, networkLocation: /default-rack, certSerialId: null}, Type:RATIS, Factor:THREE, State:CLOSED]
org.apache.hadoop.hdds.scm.pipeline.PipelineNotFoundException: PipelineID=1d7dcb15-e5cd-44a0-a20f-38292dbbeb79 not found
	at org.apache.hadoop.hdds.scm.pipeline.PipelineStateMap.getPipeline(PipelineStateMap.java:132)
	at org.apache.hadoop.hdds.scm.pipeline.PipelineStateMap.removePipeline(PipelineStateMap.java:322)
	at org.apache.hadoop.hdds.scm.pipeline.PipelineStateManager.removePipeline(PipelineStateManager.java:107)
	at org.apache.hadoop.hdds.scm.pipeline.SCMPipelineManager.removePipeline(SCMPipelineManager.java:423)
	at org.apache.hadoop.hdds.scm.pipeline.SCMPipelineManager.destroyPipeline(SCMPipelineManager.java:409)
	at org.apache.hadoop.hdds.scm.pipeline.SCMPipelineManager.lambda$finalizeAndDestroyPipeline$0(SCMPipelineManager.java:318)
	at org.apache.hadoop.utils.Scheduler.lambda$schedule$1(Scheduler.java:68)
	at java.util.concurrent.Executors$RunnableAdapter.call(Executors.java:511)
	at java.util.concurrent.FutureTask.run(FutureTask.java:266)
	at java.util.concurrent.ScheduledThreadPoolExecutor$ScheduledFutureTask.access$201(ScheduledThreadPoolExecutor.java:180)
	at java.util.concurrent.ScheduledThreadPoolExecutor$ScheduledFutureTask.run(ScheduledThreadPoolExecutor.java:293)
	at java.util.concurrent.ThreadPoolExecutor.runWorker(ThreadPoolExecutor.java:1149)
	at java.util.concurrent.ThreadPoolExecutor$Worker.run(ThreadPoolExecutor.java:624)
	at java.lang.Thread.run(Thread.java:748)
2019-09-16 18:47:30,261 [grpc-default-executor-4] INFO  client.GrpcClientProtocolClient (GrpcClientProtocolClient.java:onNext(264)) - client-48CB266057AC->d6e5a99c-4067-45a5-9f51-68f82ac62b1e: receive RaftClientReply:client-48CB266057AC->d6e5a99c-4067-45a5-9f51-68f82ac62b1e@group-3233B5392349, cid=32, FAILED org.apache.ratis.protocol.NotLeaderException: Server d6e5a99c-4067-45a5-9f51-68f82ac62b1e@group-3233B5392349 is not the leader e9384e49-5c15-4fe8-918f-d27f1539ccef:192.168.34.56:34651, logIndex=0, commits[d6e5a99c-4067-45a5-9f51-68f82ac62b1e:c10, e9384e49-5c15-4fe8-918f-d27f1539ccef:c10, e8c1cc56-fd3a-4c1f-a15b-7334942b67be:c6]
2019-09-16 18:47:30,325 [java.util.concurrent.ThreadPoolExecutor$Worker@37302aeb[State = -1, empty queue]] WARN  server.GrpcLogAppender (GrpcLogAppender.java:timeoutAppendRequest(200)) - e9384e49-5c15-4fe8-918f-d27f1539ccef@group-3233B5392349->e8c1cc56-fd3a-4c1f-a15b-7334942b67be-GrpcLogAppender: appendEntries Timeout, request=e9384e49-5c15-4fe8-918f-d27f1539ccef->e8c1cc56-fd3a-4c1f-a15b-7334942b67be#114-t1, previous=(t:1, i:13), leaderCommit=10, initializing? false, entries: <empty>
2019-09-16 18:47:30,325 [java.util.concurrent.ThreadPoolExecutor$Worker@360b2eea[State = -1, empty queue]] WARN  server.GrpcLogAppender (GrpcLogAppender.java:timeoutAppendRequest(200)) - e9384e49-5c15-4fe8-918f-d27f1539ccef@group-3233B5392349->d6e5a99c-4067-45a5-9f51-68f82ac62b1e-GrpcLogAppender: appendEntries Timeout, request=e9384e49-5c15-4fe8-918f-d27f1539ccef->d6e5a99c-4067-45a5-9f51-68f82ac62b1e#114-t1, previous=(t:1, i:13), leaderCommit=10, initializing? false, entries: <empty>
2019-09-16 18:47:32,825 [java.util.concurrent.ThreadPoolExecutor$Worker@360b2eea[State = -1, empty queue]] WARN  server.GrpcLogAppender (GrpcLogAppender.java:timeoutAppendRequest(200)) - e9384e49-5c15-4fe8-918f-d27f1539ccef@group-3233B5392349->d6e5a99c-4067-45a5-9f51-68f82ac62b1e-GrpcLogAppender: appendEntries Timeout, request=e9384e49-5c15-4fe8-918f-d27f1539ccef->d6e5a99c-4067-45a5-9f51-68f82ac62b1e#115-t1, previous=(t:1, i:13), leaderCommit=10, initializing? false, entries: <empty>
2019-09-16 18:47:32,825 [java.util.concurrent.ThreadPoolExecutor$Worker@37302aeb[State = -1, empty queue]] WARN  server.GrpcLogAppender (GrpcLogAppender.java:timeoutAppendRequest(200)) - e9384e49-5c15-4fe8-918f-d27f1539ccef@group-3233B5392349->e8c1cc56-fd3a-4c1f-a15b-7334942b67be-GrpcLogAppender: appendEntries Timeout, request=e9384e49-5c15-4fe8-918f-d27f1539ccef->e8c1cc56-fd3a-4c1f-a15b-7334942b67be#115-t1, previous=(t:1, i:13), leaderCommit=10, initializing? false, entries: <empty>
2019-09-16 18:47:34,818 [e9384e49-5c15-4fe8-918f-d27f1539ccef@group-3233B5392349-SegmentedRaftLogWorker] WARN  segmented.SegmentedRaftLogWorker (SegmentedRaftLogWorker.java:getFromFuture(90)) - Timeout 6/~
org.apache.ratis.protocol.TimeoutIOException: Timeout 10s: WriteLog:11: (t:1, i:11), STATEMACHINELOGENTRY, client-48CB266057AC, cid=32-writeStateMachineData
	at org.apache.ratis.util.IOUtils.getFromFuture(IOUtils.java:87)
	at org.apache.ratis.server.raftlog.segmented.SegmentedRaftLogWorker$StateMachineDataPolicy.getFromFuture(SegmentedRaftLogWorker.java:87)
	at org.apache.ratis.server.raftlog.segmented.SegmentedRaftLogWorker$WriteLog.execute(SegmentedRaftLogWorker.java:477)
	at org.apache.ratis.server.raftlog.segmented.SegmentedRaftLogWorker.run(SegmentedRaftLogWorker.java:289)
	at java.lang.Thread.run(Thread.java:748)
Caused by: java.util.concurrent.TimeoutException
	at java.util.concurrent.CompletableFuture.timedGet(CompletableFuture.java:1771)
	at java.util.concurrent.CompletableFuture.get(CompletableFuture.java:1915)
	at org.apache.ratis.util.IOUtils.getFromFuture(IOUtils.java:79)
	... 4 more
2019-09-16 18:47:34,819 [d6e5a99c-4067-45a5-9f51-68f82ac62b1e@group-3233B5392349-SegmentedRaftLogWorker] WARN  segmented.SegmentedRaftLogWorker (SegmentedRaftLogWorker.java:getFromFuture(90)) - Timeout 6/~
org.apache.ratis.protocol.TimeoutIOException: Timeout 10s: WriteLog:11: (t:1, i:11), STATEMACHINELOGENTRY, client-48CB266057AC, cid=32-writeStateMachineData
	at org.apache.ratis.util.IOUtils.getFromFuture(IOUtils.java:87)
	at org.apache.ratis.server.raftlog.segmented.SegmentedRaftLogWorker$StateMachineDataPolicy.getFromFuture(SegmentedRaftLogWorker.java:87)
	at org.apache.ratis.server.raftlog.segmented.SegmentedRaftLogWorker$WriteLog.execute(SegmentedRaftLogWorker.java:477)
	at org.apache.ratis.server.raftlog.segmented.SegmentedRaftLogWorker.run(SegmentedRaftLogWorker.java:289)
	at java.lang.Thread.run(Thread.java:748)
Caused by: java.util.concurrent.TimeoutException
	at java.util.concurrent.CompletableFuture.timedGet(CompletableFuture.java:1771)
	at java.util.concurrent.CompletableFuture.get(CompletableFuture.java:1915)
	at org.apache.ratis.util.IOUtils.getFromFuture(IOUtils.java:79)
	... 4 more
2019-09-16 18:47:34,896 [e8c1cc56-fd3a-4c1f-a15b-7334942b67be@group-3233B5392349-SegmentedRaftLogWorker] WARN  segmented.SegmentedRaftLogWorker (SegmentedRaftLogWorker.java:getFromFuture(90)) - Timeout 6/~
org.apache.ratis.protocol.TimeoutIOException: Timeout 10s: WriteLog:12: (t:1, i:12), STATEMACHINELOGENTRY, client-48CB266057AC, cid=33-writeStateMachineData
	at org.apache.ratis.util.IOUtils.getFromFuture(IOUtils.java:87)
	at org.apache.ratis.server.raftlog.segmented.SegmentedRaftLogWorker$StateMachineDataPolicy.getFromFuture(SegmentedRaftLogWorker.java:87)
	at org.apache.ratis.server.raftlog.segmented.SegmentedRaftLogWorker$WriteLog.execute(SegmentedRaftLogWorker.java:477)
	at org.apache.ratis.server.raftlog.segmented.SegmentedRaftLogWorker.run(SegmentedRaftLogWorker.java:289)
	at java.lang.Thread.run(Thread.java:748)
Caused by: java.util.concurrent.TimeoutException
	at java.util.concurrent.CompletableFuture.timedGet(CompletableFuture.java:1771)
	at java.util.concurrent.CompletableFuture.get(CompletableFuture.java:1915)
	at org.apache.ratis.util.IOUtils.getFromFuture(IOUtils.java:79)
	... 4 more
2019-09-16 18:47:35,307 [grpc-default-executor-1] INFO  client.GrpcClientProtocolClient (GrpcClientProtocolClient.java:onNext(264)) - client-48CB266057AC->e8c1cc56-fd3a-4c1f-a15b-7334942b67be: receive RaftClientReply:client-48CB266057AC->e8c1cc56-fd3a-4c1f-a15b-7334942b67be@group-3233B5392349, cid=32, FAILED org.apache.ratis.protocol.NotLeaderException: Server e8c1cc56-fd3a-4c1f-a15b-7334942b67be@group-3233B5392349 is not the leader e9384e49-5c15-4fe8-918f-d27f1539ccef:192.168.34.56:34651, logIndex=0, commits[e8c1cc56-fd3a-4c1f-a15b-7334942b67be:c10, e9384e49-5c15-4fe8-918f-d27f1539ccef:c10, d6e5a99c-4067-45a5-9f51-68f82ac62b1e:c6]
2019-09-16 18:47:35,326 [java.util.concurrent.ThreadPoolExecutor$Worker@360b2eea[State = -1, empty queue]] WARN  server.GrpcLogAppender (GrpcLogAppender.java:timeoutAppendRequest(200)) - e9384e49-5c15-4fe8-918f-d27f1539ccef@group-3233B5392349->d6e5a99c-4067-45a5-9f51-68f82ac62b1e-GrpcLogAppender: appendEntries Timeout, request=e9384e49-5c15-4fe8-918f-d27f1539ccef->d6e5a99c-4067-45a5-9f51-68f82ac62b1e#116-t1, previous=(t:1, i:13), leaderCommit=10, initializing? false, entries: <empty>
2019-09-16 18:47:35,326 [java.util.concurrent.ThreadPoolExecutor$Worker@37302aeb[State = -1, empty queue]] WARN  server.GrpcLogAppender (GrpcLogAppender.java:timeoutAppendRequest(200)) - e9384e49-5c15-4fe8-918f-d27f1539ccef@group-3233B5392349->e8c1cc56-fd3a-4c1f-a15b-7334942b67be-GrpcLogAppender: appendEntries Timeout, request=e9384e49-5c15-4fe8-918f-d27f1539ccef->e8c1cc56-fd3a-4c1f-a15b-7334942b67be#116-t1, previous=(t:1, i:13), leaderCommit=10, initializing? false, entries: <empty>
2019-09-16 18:47:37,835 [java.util.concurrent.ThreadPoolExecutor$Worker@37302aeb[State = -1, empty queue]] WARN  server.GrpcLogAppender (GrpcLogAppender.java:timeoutAppendRequest(200)) - e9384e49-5c15-4fe8-918f-d27f1539ccef@group-3233B5392349->e8c1cc56-fd3a-4c1f-a15b-7334942b67be-GrpcLogAppender: appendEntries Timeout, request=e9384e49-5c15-4fe8-918f-d27f1539ccef->e8c1cc56-fd3a-4c1f-a15b-7334942b67be#117-t1, previous=(t:1, i:13), leaderCommit=10, initializing? false, entries: <empty>
2019-09-16 18:47:37,835 [java.util.concurrent.ThreadPoolExecutor$Worker@360b2eea[State = -1, empty queue]] WARN  server.GrpcLogAppender (GrpcLogAppender.java:timeoutAppendRequest(200)) - e9384e49-5c15-4fe8-918f-d27f1539ccef@group-3233B5392349->d6e5a99c-4067-45a5-9f51-68f82ac62b1e-GrpcLogAppender: appendEntries Timeout, request=e9384e49-5c15-4fe8-918f-d27f1539ccef->d6e5a99c-4067-45a5-9f51-68f82ac62b1e#117-t1, previous=(t:1, i:13), leaderCommit=10, initializing? false, entries: <empty>
2019-09-16 18:47:40,335 [java.util.concurrent.ThreadPoolExecutor$Worker@360b2eea[State = -1, empty queue]] WARN  server.GrpcLogAppender (GrpcLogAppender.java:timeoutAppendRequest(200)) - e9384e49-5c15-4fe8-918f-d27f1539ccef@group-3233B5392349->d6e5a99c-4067-45a5-9f51-68f82ac62b1e-GrpcLogAppender: appendEntries Timeout, request=e9384e49-5c15-4fe8-918f-d27f1539ccef->d6e5a99c-4067-45a5-9f51-68f82ac62b1e#118-t1, previous=(t:1, i:13), leaderCommit=10, initializing? false, entries: <empty>
2019-09-16 18:47:40,335 [java.util.concurrent.ThreadPoolExecutor$Worker@37302aeb[State = -1, empty queue]] WARN  server.GrpcLogAppender (GrpcLogAppender.java:timeoutAppendRequest(200)) - e9384e49-5c15-4fe8-918f-d27f1539ccef@group-3233B5392349->e8c1cc56-fd3a-4c1f-a15b-7334942b67be-GrpcLogAppender: appendEntries Timeout, request=e9384e49-5c15-4fe8-918f-d27f1539ccef->e8c1cc56-fd3a-4c1f-a15b-7334942b67be#118-t1, previous=(t:1, i:13), leaderCommit=10, initializing? false, entries: <empty>
2019-09-16 18:47:40,353 [grpc-default-executor-1] INFO  client.GrpcClientProtocolClient (GrpcClientProtocolClient.java:onNext(264)) - client-48CB266057AC->e8c1cc56-fd3a-4c1f-a15b-7334942b67be: receive RaftClientReply:client-48CB266057AC->e8c1cc56-fd3a-4c1f-a15b-7334942b67be@group-3233B5392349, cid=32, FAILED org.apache.ratis.protocol.NotLeaderException: Server e8c1cc56-fd3a-4c1f-a15b-7334942b67be@group-3233B5392349 is not the leader e9384e49-5c15-4fe8-918f-d27f1539ccef:192.168.34.56:34651, logIndex=0, commits[e8c1cc56-fd3a-4c1f-a15b-7334942b67be:c10, e9384e49-5c15-4fe8-918f-d27f1539ccef:c10, d6e5a99c-4067-45a5-9f51-68f82ac62b1e:c6]
2019-09-16 18:47:42,835 [java.util.concurrent.ThreadPoolExecutor$Worker@37302aeb[State = -1, empty queue]] WARN  server.GrpcLogAppender (GrpcLogAppender.java:timeoutAppendRequest(200)) - e9384e49-5c15-4fe8-918f-d27f1539ccef@group-3233B5392349->e8c1cc56-fd3a-4c1f-a15b-7334942b67be-GrpcLogAppender: appendEntries Timeout, request=e9384e49-5c15-4fe8-918f-d27f1539ccef->e8c1cc56-fd3a-4c1f-a15b-7334942b67be#119-t1, previous=(t:1, i:13), leaderCommit=10, initializing? false, entries: <empty>
2019-09-16 18:47:42,835 [java.util.concurrent.ThreadPoolExecutor$Worker@360b2eea[State = -1, empty queue]] WARN  server.GrpcLogAppender (GrpcLogAppender.java:timeoutAppendRequest(200)) - e9384e49-5c15-4fe8-918f-d27f1539ccef@group-3233B5392349->d6e5a99c-4067-45a5-9f51-68f82ac62b1e-GrpcLogAppender: appendEntries Timeout, request=e9384e49-5c15-4fe8-918f-d27f1539ccef->d6e5a99c-4067-45a5-9f51-68f82ac62b1e#119-t1, previous=(t:1, i:13), leaderCommit=10, initializing? false, entries: <empty>
2019-09-16 18:47:44,819 [e9384e49-5c15-4fe8-918f-d27f1539ccef@group-3233B5392349-SegmentedRaftLogWorker] WARN  segmented.SegmentedRaftLogWorker (SegmentedRaftLogWorker.java:getFromFuture(90)) - Timeout 7/~
org.apache.ratis.protocol.TimeoutIOException: Timeout 10s: WriteLog:11: (t:1, i:11), STATEMACHINELOGENTRY, client-48CB266057AC, cid=32-writeStateMachineData
	at org.apache.ratis.util.IOUtils.getFromFuture(IOUtils.java:87)
	at org.apache.ratis.server.raftlog.segmented.SegmentedRaftLogWorker$StateMachineDataPolicy.getFromFuture(SegmentedRaftLogWorker.java:87)
	at org.apache.ratis.server.raftlog.segmented.SegmentedRaftLogWorker$WriteLog.execute(SegmentedRaftLogWorker.java:477)
	at org.apache.ratis.server.raftlog.segmented.SegmentedRaftLogWorker.run(SegmentedRaftLogWorker.java:289)
	at java.lang.Thread.run(Thread.java:748)
Caused by: java.util.concurrent.TimeoutException
	at java.util.concurrent.CompletableFuture.timedGet(CompletableFuture.java:1771)
	at java.util.concurrent.CompletableFuture.get(CompletableFuture.java:1915)
	at org.apache.ratis.util.IOUtils.getFromFuture(IOUtils.java:79)
	... 4 more
2019-09-16 18:47:44,834 [d6e5a99c-4067-45a5-9f51-68f82ac62b1e@group-3233B5392349-SegmentedRaftLogWorker] WARN  segmented.SegmentedRaftLogWorker (SegmentedRaftLogWorker.java:getFromFuture(90)) - Timeout 7/~
org.apache.ratis.protocol.TimeoutIOException: Timeout 10s: WriteLog:11: (t:1, i:11), STATEMACHINELOGENTRY, client-48CB266057AC, cid=32-writeStateMachineData
	at org.apache.ratis.util.IOUtils.getFromFuture(IOUtils.java:87)
	at org.apache.ratis.server.raftlog.segmented.SegmentedRaftLogWorker$StateMachineDataPolicy.getFromFuture(SegmentedRaftLogWorker.java:87)
	at org.apache.ratis.server.raftlog.segmented.SegmentedRaftLogWorker$WriteLog.execute(SegmentedRaftLogWorker.java:477)
	at org.apache.ratis.server.raftlog.segmented.SegmentedRaftLogWorker.run(SegmentedRaftLogWorker.java:289)
	at java.lang.Thread.run(Thread.java:748)
Caused by: java.util.concurrent.TimeoutException
	at java.util.concurrent.CompletableFuture.timedGet(CompletableFuture.java:1771)
	at java.util.concurrent.CompletableFuture.get(CompletableFuture.java:1915)
	at org.apache.ratis.util.IOUtils.getFromFuture(IOUtils.java:79)
	... 4 more
2019-09-16 18:47:44,897 [e8c1cc56-fd3a-4c1f-a15b-7334942b67be@group-3233B5392349-SegmentedRaftLogWorker] WARN  segmented.SegmentedRaftLogWorker (SegmentedRaftLogWorker.java:getFromFuture(90)) - Timeout 7/~
org.apache.ratis.protocol.TimeoutIOException: Timeout 10s: WriteLog:12: (t:1, i:12), STATEMACHINELOGENTRY, client-48CB266057AC, cid=33-writeStateMachineData
	at org.apache.ratis.util.IOUtils.getFromFuture(IOUtils.java:87)
	at org.apache.ratis.server.raftlog.segmented.SegmentedRaftLogWorker$StateMachineDataPolicy.getFromFuture(SegmentedRaftLogWorker.java:87)
	at org.apache.ratis.server.raftlog.segmented.SegmentedRaftLogWorker$WriteLog.execute(SegmentedRaftLogWorker.java:477)
	at org.apache.ratis.server.raftlog.segmented.SegmentedRaftLogWorker.run(SegmentedRaftLogWorker.java:289)
	at java.lang.Thread.run(Thread.java:748)
Caused by: java.util.concurrent.TimeoutException
	at java.util.concurrent.CompletableFuture.timedGet(CompletableFuture.java:1771)
	at java.util.concurrent.CompletableFuture.get(CompletableFuture.java:1915)
	at org.apache.ratis.util.IOUtils.getFromFuture(IOUtils.java:79)
	... 4 more
2019-09-16 18:47:45,336 [java.util.concurrent.ThreadPoolExecutor$Worker@37302aeb[State = -1, empty queue]] WARN  server.GrpcLogAppender (GrpcLogAppender.java:timeoutAppendRequest(200)) - e9384e49-5c15-4fe8-918f-d27f1539ccef@group-3233B5392349->e8c1cc56-fd3a-4c1f-a15b-7334942b67be-GrpcLogAppender: appendEntries Timeout, request=e9384e49-5c15-4fe8-918f-d27f1539ccef->e8c1cc56-fd3a-4c1f-a15b-7334942b67be#120-t1, previous=(t:1, i:13), leaderCommit=10, initializing? false, entries: <empty>
2019-09-16 18:47:45,336 [java.util.concurrent.ThreadPoolExecutor$Worker@360b2eea[State = -1, empty queue]] WARN  server.GrpcLogAppender (GrpcLogAppender.java:timeoutAppendRequest(200)) - e9384e49-5c15-4fe8-918f-d27f1539ccef@group-3233B5392349->d6e5a99c-4067-45a5-9f51-68f82ac62b1e-GrpcLogAppender: appendEntries Timeout, request=e9384e49-5c15-4fe8-918f-d27f1539ccef->d6e5a99c-4067-45a5-9f51-68f82ac62b1e#120-t1, previous=(t:1, i:13), leaderCommit=10, initializing? false, entries: <empty>
2019-09-16 18:47:45,393 [grpc-default-executor-1] INFO  client.GrpcClientProtocolClient (GrpcClientProtocolClient.java:onNext(264)) - client-48CB266057AC->d6e5a99c-4067-45a5-9f51-68f82ac62b1e: receive RaftClientReply:client-48CB266057AC->d6e5a99c-4067-45a5-9f51-68f82ac62b1e@group-3233B5392349, cid=32, FAILED org.apache.ratis.protocol.NotLeaderException: Server d6e5a99c-4067-45a5-9f51-68f82ac62b1e@group-3233B5392349 is not the leader e9384e49-5c15-4fe8-918f-d27f1539ccef:192.168.34.56:34651, logIndex=0, commits[d6e5a99c-4067-45a5-9f51-68f82ac62b1e:c10, e9384e49-5c15-4fe8-918f-d27f1539ccef:c10, e8c1cc56-fd3a-4c1f-a15b-7334942b67be:c6]
2019-09-16 18:47:47,836 [java.util.concurrent.ThreadPoolExecutor$Worker@360b2eea[State = -1, empty queue]] WARN  server.GrpcLogAppender (GrpcLogAppender.java:timeoutAppendRequest(200)) - e9384e49-5c15-4fe8-918f-d27f1539ccef@group-3233B5392349->d6e5a99c-4067-45a5-9f51-68f82ac62b1e-GrpcLogAppender: appendEntries Timeout, request=e9384e49-5c15-4fe8-918f-d27f1539ccef->d6e5a99c-4067-45a5-9f51-68f82ac62b1e#121-t1, previous=(t:1, i:13), leaderCommit=10, initializing? false, entries: <empty>
2019-09-16 18:47:47,836 [java.util.concurrent.ThreadPoolExecutor$Worker@37302aeb[State = -1, empty queue]] WARN  server.GrpcLogAppender (GrpcLogAppender.java:timeoutAppendRequest(200)) - e9384e49-5c15-4fe8-918f-d27f1539ccef@group-3233B5392349->e8c1cc56-fd3a-4c1f-a15b-7334942b67be-GrpcLogAppender: appendEntries Timeout, request=e9384e49-5c15-4fe8-918f-d27f1539ccef->e8c1cc56-fd3a-4c1f-a15b-7334942b67be#121-t1, previous=(t:1, i:13), leaderCommit=10, initializing? false, entries: <empty>
2019-09-16 18:47:50,337 [java.util.concurrent.ThreadPoolExecutor$Worker@360b2eea[State = -1, empty queue]] WARN  server.GrpcLogAppender (GrpcLogAppender.java:timeoutAppendRequest(200)) - e9384e49-5c15-4fe8-918f-d27f1539ccef@group-3233B5392349->d6e5a99c-4067-45a5-9f51-68f82ac62b1e-GrpcLogAppender: appendEntries Timeout, request=e9384e49-5c15-4fe8-918f-d27f1539ccef->d6e5a99c-4067-45a5-9f51-68f82ac62b1e#122-t1, previous=(t:1, i:13), leaderCommit=10, initializing? false, entries: <empty>
2019-09-16 18:47:50,337 [java.util.concurrent.ThreadPoolExecutor$Worker@37302aeb[State = -1, empty queue]] WARN  server.GrpcLogAppender (GrpcLogAppender.java:timeoutAppendRequest(200)) - e9384e49-5c15-4fe8-918f-d27f1539ccef@group-3233B5392349->e8c1cc56-fd3a-4c1f-a15b-7334942b67be-GrpcLogAppender: appendEntries Timeout, request=e9384e49-5c15-4fe8-918f-d27f1539ccef->e8c1cc56-fd3a-4c1f-a15b-7334942b67be#122-t1, previous=(t:1, i:13), leaderCommit=10, initializing? false, entries: <empty>
2019-09-16 18:47:50,445 [grpc-default-executor-1] INFO  client.GrpcClientProtocolClient (GrpcClientProtocolClient.java:onNext(264)) - client-48CB266057AC->d6e5a99c-4067-45a5-9f51-68f82ac62b1e: receive RaftClientReply:client-48CB266057AC->d6e5a99c-4067-45a5-9f51-68f82ac62b1e@group-3233B5392349, cid=32, FAILED org.apache.ratis.protocol.NotLeaderException: Server d6e5a99c-4067-45a5-9f51-68f82ac62b1e@group-3233B5392349 is not the leader e9384e49-5c15-4fe8-918f-d27f1539ccef:192.168.34.56:34651, logIndex=0, commits[d6e5a99c-4067-45a5-9f51-68f82ac62b1e:c10, e9384e49-5c15-4fe8-918f-d27f1539ccef:c10, e8c1cc56-fd3a-4c1f-a15b-7334942b67be:c6]
2019-09-16 18:47:52,837 [java.util.concurrent.ThreadPoolExecutor$Worker@360b2eea[State = -1, empty queue]] WARN  server.GrpcLogAppender (GrpcLogAppender.java:timeoutAppendRequest(200)) - e9384e49-5c15-4fe8-918f-d27f1539ccef@group-3233B5392349->d6e5a99c-4067-45a5-9f51-68f82ac62b1e-GrpcLogAppender: appendEntries Timeout, request=e9384e49-5c15-4fe8-918f-d27f1539ccef->d6e5a99c-4067-45a5-9f51-68f82ac62b1e#123-t1, previous=(t:1, i:13), leaderCommit=10, initializing? false, entries: <empty>
2019-09-16 18:47:52,837 [java.util.concurrent.ThreadPoolExecutor$Worker@37302aeb[State = -1, empty queue]] WARN  server.GrpcLogAppender (GrpcLogAppender.java:timeoutAppendRequest(200)) - e9384e49-5c15-4fe8-918f-d27f1539ccef@group-3233B5392349->e8c1cc56-fd3a-4c1f-a15b-7334942b67be-GrpcLogAppender: appendEntries Timeout, request=e9384e49-5c15-4fe8-918f-d27f1539ccef->e8c1cc56-fd3a-4c1f-a15b-7334942b67be#123-t1, previous=(t:1, i:13), leaderCommit=10, initializing? false, entries: <empty>
2019-09-16 18:47:54,821 [e9384e49-5c15-4fe8-918f-d27f1539ccef@group-3233B5392349-SegmentedRaftLogWorker] WARN  segmented.SegmentedRaftLogWorker (SegmentedRaftLogWorker.java:getFromFuture(90)) - Timeout 8/~
org.apache.ratis.protocol.TimeoutIOException: Timeout 10s: WriteLog:11: (t:1, i:11), STATEMACHINELOGENTRY, client-48CB266057AC, cid=32-writeStateMachineData
	at org.apache.ratis.util.IOUtils.getFromFuture(IOUtils.java:87)
	at org.apache.ratis.server.raftlog.segmented.SegmentedRaftLogWorker$StateMachineDataPolicy.getFromFuture(SegmentedRaftLogWorker.java:87)
	at org.apache.ratis.server.raftlog.segmented.SegmentedRaftLogWorker$WriteLog.execute(SegmentedRaftLogWorker.java:477)
	at org.apache.ratis.server.raftlog.segmented.SegmentedRaftLogWorker.run(SegmentedRaftLogWorker.java:289)
	at java.lang.Thread.run(Thread.java:748)
Caused by: java.util.concurrent.TimeoutException
	at java.util.concurrent.CompletableFuture.timedGet(CompletableFuture.java:1771)
	at java.util.concurrent.CompletableFuture.get(CompletableFuture.java:1915)
	at org.apache.ratis.util.IOUtils.getFromFuture(IOUtils.java:79)
	... 4 more
2019-09-16 18:47:54,835 [d6e5a99c-4067-45a5-9f51-68f82ac62b1e@group-3233B5392349-SegmentedRaftLogWorker] WARN  segmented.SegmentedRaftLogWorker (SegmentedRaftLogWorker.java:getFromFuture(90)) - Timeout 8/~
org.apache.ratis.protocol.TimeoutIOException: Timeout 10s: WriteLog:11: (t:1, i:11), STATEMACHINELOGENTRY, client-48CB266057AC, cid=32-writeStateMachineData
	at org.apache.ratis.util.IOUtils.getFromFuture(IOUtils.java:87)
	at org.apache.ratis.server.raftlog.segmented.SegmentedRaftLogWorker$StateMachineDataPolicy.getFromFuture(SegmentedRaftLogWorker.java:87)
	at org.apache.ratis.server.raftlog.segmented.SegmentedRaftLogWorker$WriteLog.execute(SegmentedRaftLogWorker.java:477)
	at org.apache.ratis.server.raftlog.segmented.SegmentedRaftLogWorker.run(SegmentedRaftLogWorker.java:289)
	at java.lang.Thread.run(Thread.java:748)
Caused by: java.util.concurrent.TimeoutException
	at java.util.concurrent.CompletableFuture.timedGet(CompletableFuture.java:1771)
	at java.util.concurrent.CompletableFuture.get(CompletableFuture.java:1915)
	at org.apache.ratis.util.IOUtils.getFromFuture(IOUtils.java:79)
	... 4 more
2019-09-16 18:47:54,897 [e8c1cc56-fd3a-4c1f-a15b-7334942b67be@group-3233B5392349-SegmentedRaftLogWorker] WARN  segmented.SegmentedRaftLogWorker (SegmentedRaftLogWorker.java:getFromFuture(90)) - Timeout 8/~
org.apache.ratis.protocol.TimeoutIOException: Timeout 10s: WriteLog:12: (t:1, i:12), STATEMACHINELOGENTRY, client-48CB266057AC, cid=33-writeStateMachineData
	at org.apache.ratis.util.IOUtils.getFromFuture(IOUtils.java:87)
	at org.apache.ratis.server.raftlog.segmented.SegmentedRaftLogWorker$StateMachineDataPolicy.getFromFuture(SegmentedRaftLogWorker.java:87)
	at org.apache.ratis.server.raftlog.segmented.SegmentedRaftLogWorker$WriteLog.execute(SegmentedRaftLogWorker.java:477)
	at org.apache.ratis.server.raftlog.segmented.SegmentedRaftLogWorker.run(SegmentedRaftLogWorker.java:289)
	at java.lang.Thread.run(Thread.java:748)
Caused by: java.util.concurrent.TimeoutException
	at java.util.concurrent.CompletableFuture.timedGet(CompletableFuture.java:1771)
	at java.util.concurrent.CompletableFuture.get(CompletableFuture.java:1915)
	at org.apache.ratis.util.IOUtils.getFromFuture(IOUtils.java:79)
	... 4 more
2019-09-16 18:47:55,338 [java.util.concurrent.ThreadPoolExecutor$Worker@360b2eea[State = -1, empty queue]] WARN  server.GrpcLogAppender (GrpcLogAppender.java:timeoutAppendRequest(200)) - e9384e49-5c15-4fe8-918f-d27f1539ccef@group-3233B5392349->d6e5a99c-4067-45a5-9f51-68f82ac62b1e-GrpcLogAppender: appendEntries Timeout, request=e9384e49-5c15-4fe8-918f-d27f1539ccef->d6e5a99c-4067-45a5-9f51-68f82ac62b1e#124-t1, previous=(t:1, i:13), leaderCommit=10, initializing? false, entries: <empty>
2019-09-16 18:47:55,338 [java.util.concurrent.ThreadPoolExecutor$Worker@37302aeb[State = -1, empty queue]] WARN  server.GrpcLogAppender (GrpcLogAppender.java:timeoutAppendRequest(200)) - e9384e49-5c15-4fe8-918f-d27f1539ccef@group-3233B5392349->e8c1cc56-fd3a-4c1f-a15b-7334942b67be-GrpcLogAppender: appendEntries Timeout, request=e9384e49-5c15-4fe8-918f-d27f1539ccef->e8c1cc56-fd3a-4c1f-a15b-7334942b67be#124-t1, previous=(t:1, i:13), leaderCommit=10, initializing? false, entries: <empty>
2019-09-16 18:47:55,500 [grpc-default-executor-6] INFO  client.GrpcClientProtocolClient (GrpcClientProtocolClient.java:onNext(264)) - client-48CB266057AC->e8c1cc56-fd3a-4c1f-a15b-7334942b67be: receive RaftClientReply:client-48CB266057AC->e8c1cc56-fd3a-4c1f-a15b-7334942b67be@group-3233B5392349, cid=32, FAILED org.apache.ratis.protocol.NotLeaderException: Server e8c1cc56-fd3a-4c1f-a15b-7334942b67be@group-3233B5392349 is not the leader e9384e49-5c15-4fe8-918f-d27f1539ccef:192.168.34.56:34651, logIndex=0, commits[e8c1cc56-fd3a-4c1f-a15b-7334942b67be:c10, e9384e49-5c15-4fe8-918f-d27f1539ccef:c10, d6e5a99c-4067-45a5-9f51-68f82ac62b1e:c6]
2019-09-16 18:47:57,838 [java.util.concurrent.ThreadPoolExecutor$Worker@360b2eea[State = -1, empty queue]] WARN  server.GrpcLogAppender (GrpcLogAppender.java:timeoutAppendRequest(200)) - e9384e49-5c15-4fe8-918f-d27f1539ccef@group-3233B5392349->d6e5a99c-4067-45a5-9f51-68f82ac62b1e-GrpcLogAppender: appendEntries Timeout, request=e9384e49-5c15-4fe8-918f-d27f1539ccef->d6e5a99c-4067-45a5-9f51-68f82ac62b1e#125-t1, previous=(t:1, i:13), leaderCommit=10, initializing? false, entries: <empty>
2019-09-16 18:47:57,838 [java.util.concurrent.ThreadPoolExecutor$Worker@37302aeb[State = -1, empty queue]] WARN  server.GrpcLogAppender (GrpcLogAppender.java:timeoutAppendRequest(200)) - e9384e49-5c15-4fe8-918f-d27f1539ccef@group-3233B5392349->e8c1cc56-fd3a-4c1f-a15b-7334942b67be-GrpcLogAppender: appendEntries Timeout, request=e9384e49-5c15-4fe8-918f-d27f1539ccef->e8c1cc56-fd3a-4c1f-a15b-7334942b67be#125-t1, previous=(t:1, i:13), leaderCommit=10, initializing? false, entries: <empty>
2019-09-16 18:48:00,338 [java.util.concurrent.ThreadPoolExecutor$Worker@37302aeb[State = -1, empty queue]] WARN  server.GrpcLogAppender (GrpcLogAppender.java:timeoutAppendRequest(200)) - e9384e49-5c15-4fe8-918f-d27f1539ccef@group-3233B5392349->e8c1cc56-fd3a-4c1f-a15b-7334942b67be-GrpcLogAppender: appendEntries Timeout, request=e9384e49-5c15-4fe8-918f-d27f1539ccef->e8c1cc56-fd3a-4c1f-a15b-7334942b67be#126-t1, previous=(t:1, i:13), leaderCommit=10, initializing? false, entries: <empty>
2019-09-16 18:48:00,338 [java.util.concurrent.ThreadPoolExecutor$Worker@360b2eea[State = -1, empty queue]] WARN  server.GrpcLogAppender (GrpcLogAppender.java:timeoutAppendRequest(200)) - e9384e49-5c15-4fe8-918f-d27f1539ccef@group-3233B5392349->d6e5a99c-4067-45a5-9f51-68f82ac62b1e-GrpcLogAppender: appendEntries Timeout, request=e9384e49-5c15-4fe8-918f-d27f1539ccef->d6e5a99c-4067-45a5-9f51-68f82ac62b1e#126-t1, previous=(t:1, i:13), leaderCommit=10, initializing? false, entries: <empty>
2019-09-16 18:48:00,543 [grpc-default-executor-4] INFO  client.GrpcClientProtocolClient (GrpcClientProtocolClient.java:onNext(264)) - client-48CB266057AC->d6e5a99c-4067-45a5-9f51-68f82ac62b1e: receive RaftClientReply:client-48CB266057AC->d6e5a99c-4067-45a5-9f51-68f82ac62b1e@group-3233B5392349, cid=32, FAILED org.apache.ratis.protocol.NotLeaderException: Server d6e5a99c-4067-45a5-9f51-68f82ac62b1e@group-3233B5392349 is not the leader e9384e49-5c15-4fe8-918f-d27f1539ccef:192.168.34.56:34651, logIndex=0, commits[d6e5a99c-4067-45a5-9f51-68f82ac62b1e:c10, e9384e49-5c15-4fe8-918f-d27f1539ccef:c10, e8c1cc56-fd3a-4c1f-a15b-7334942b67be:c6]
2019-09-16 18:48:02,839 [java.util.concurrent.ThreadPoolExecutor$Worker@37302aeb[State = -1, empty queue]] WARN  server.GrpcLogAppender (GrpcLogAppender.java:timeoutAppendRequest(200)) - e9384e49-5c15-4fe8-918f-d27f1539ccef@group-3233B5392349->e8c1cc56-fd3a-4c1f-a15b-7334942b67be-GrpcLogAppender: appendEntries Timeout, request=e9384e49-5c15-4fe8-918f-d27f1539ccef->e8c1cc56-fd3a-4c1f-a15b-7334942b67be#127-t1, previous=(t:1, i:13), leaderCommit=10, initializing? false, entries: <empty>
2019-09-16 18:48:02,839 [java.util.concurrent.ThreadPoolExecutor$Worker@360b2eea[State = -1, empty queue]] WARN  server.GrpcLogAppender (GrpcLogAppender.java:timeoutAppendRequest(200)) - e9384e49-5c15-4fe8-918f-d27f1539ccef@group-3233B5392349->d6e5a99c-4067-45a5-9f51-68f82ac62b1e-GrpcLogAppender: appendEntries Timeout, request=e9384e49-5c15-4fe8-918f-d27f1539ccef->d6e5a99c-4067-45a5-9f51-68f82ac62b1e#127-t1, previous=(t:1, i:13), leaderCommit=10, initializing? false, entries: <empty>
2019-09-16 18:48:04,822 [e9384e49-5c15-4fe8-918f-d27f1539ccef@group-3233B5392349-SegmentedRaftLogWorker] WARN  segmented.SegmentedRaftLogWorker (SegmentedRaftLogWorker.java:getFromFuture(90)) - Timeout 9/~
org.apache.ratis.protocol.TimeoutIOException: Timeout 10s: WriteLog:11: (t:1, i:11), STATEMACHINELOGENTRY, client-48CB266057AC, cid=32-writeStateMachineData
	at org.apache.ratis.util.IOUtils.getFromFuture(IOUtils.java:87)
	at org.apache.ratis.server.raftlog.segmented.SegmentedRaftLogWorker$StateMachineDataPolicy.getFromFuture(SegmentedRaftLogWorker.java:87)
	at org.apache.ratis.server.raftlog.segmented.SegmentedRaftLogWorker$WriteLog.execute(SegmentedRaftLogWorker.java:477)
	at org.apache.ratis.server.raftlog.segmented.SegmentedRaftLogWorker.run(SegmentedRaftLogWorker.java:289)
	at java.lang.Thread.run(Thread.java:748)
Caused by: java.util.concurrent.TimeoutException
	at java.util.concurrent.CompletableFuture.timedGet(CompletableFuture.java:1771)
	at java.util.concurrent.CompletableFuture.get(CompletableFuture.java:1915)
	at org.apache.ratis.util.IOUtils.getFromFuture(IOUtils.java:79)
	... 4 more
2019-09-16 18:48:04,835 [d6e5a99c-4067-45a5-9f51-68f82ac62b1e@group-3233B5392349-SegmentedRaftLogWorker] WARN  segmented.SegmentedRaftLogWorker (SegmentedRaftLogWorker.java:getFromFuture(90)) - Timeout 9/~
org.apache.ratis.protocol.TimeoutIOException: Timeout 10s: WriteLog:11: (t:1, i:11), STATEMACHINELOGENTRY, client-48CB266057AC, cid=32-writeStateMachineData
	at org.apache.ratis.util.IOUtils.getFromFuture(IOUtils.java:87)
	at org.apache.ratis.server.raftlog.segmented.SegmentedRaftLogWorker$StateMachineDataPolicy.getFromFuture(SegmentedRaftLogWorker.java:87)
	at org.apache.ratis.server.raftlog.segmented.SegmentedRaftLogWorker$WriteLog.execute(SegmentedRaftLogWorker.java:477)
	at org.apache.ratis.server.raftlog.segmented.SegmentedRaftLogWorker.run(SegmentedRaftLogWorker.java:289)
	at java.lang.Thread.run(Thread.java:748)
Caused by: java.util.concurrent.TimeoutException
	at java.util.concurrent.CompletableFuture.timedGet(CompletableFuture.java:1771)
	at java.util.concurrent.CompletableFuture.get(CompletableFuture.java:1915)
	at org.apache.ratis.util.IOUtils.getFromFuture(IOUtils.java:79)
	... 4 more
2019-09-16 18:48:04,898 [e8c1cc56-fd3a-4c1f-a15b-7334942b67be@group-3233B5392349-SegmentedRaftLogWorker] WARN  segmented.SegmentedRaftLogWorker (SegmentedRaftLogWorker.java:getFromFuture(90)) - Timeout 9/~
org.apache.ratis.protocol.TimeoutIOException: Timeout 10s: WriteLog:12: (t:1, i:12), STATEMACHINELOGENTRY, client-48CB266057AC, cid=33-writeStateMachineData
	at org.apache.ratis.util.IOUtils.getFromFuture(IOUtils.java:87)
	at org.apache.ratis.server.raftlog.segmented.SegmentedRaftLogWorker$StateMachineDataPolicy.getFromFuture(SegmentedRaftLogWorker.java:87)
	at org.apache.ratis.server.raftlog.segmented.SegmentedRaftLogWorker$WriteLog.execute(SegmentedRaftLogWorker.java:477)
	at org.apache.ratis.server.raftlog.segmented.SegmentedRaftLogWorker.run(SegmentedRaftLogWorker.java:289)
	at java.lang.Thread.run(Thread.java:748)
Caused by: java.util.concurrent.TimeoutException
	at java.util.concurrent.CompletableFuture.timedGet(CompletableFuture.java:1771)
	at java.util.concurrent.CompletableFuture.get(CompletableFuture.java:1915)
	at org.apache.ratis.util.IOUtils.getFromFuture(IOUtils.java:79)
	... 4 more
2019-09-16 18:48:05,340 [java.util.concurrent.ThreadPoolExecutor$Worker@360b2eea[State = -1, empty queue]] WARN  server.GrpcLogAppender (GrpcLogAppender.java:timeoutAppendRequest(200)) - e9384e49-5c15-4fe8-918f-d27f1539ccef@group-3233B5392349->d6e5a99c-4067-45a5-9f51-68f82ac62b1e-GrpcLogAppender: appendEntries Timeout, request=e9384e49-5c15-4fe8-918f-d27f1539ccef->d6e5a99c-4067-45a5-9f51-68f82ac62b1e#128-t1, previous=(t:1, i:13), leaderCommit=10, initializing? false, entries: <empty>
2019-09-16 18:48:05,340 [java.util.concurrent.ThreadPoolExecutor$Worker@37302aeb[State = -1, empty queue]] WARN  server.GrpcLogAppender (GrpcLogAppender.java:timeoutAppendRequest(200)) - e9384e49-5c15-4fe8-918f-d27f1539ccef@group-3233B5392349->e8c1cc56-fd3a-4c1f-a15b-7334942b67be-GrpcLogAppender: appendEntries Timeout, request=e9384e49-5c15-4fe8-918f-d27f1539ccef->e8c1cc56-fd3a-4c1f-a15b-7334942b67be#128-t1, previous=(t:1, i:13), leaderCommit=10, initializing? false, entries: <empty>
2019-09-16 18:48:05,579 [grpc-default-executor-6] INFO  client.GrpcClientProtocolClient (GrpcClientProtocolClient.java:onNext(264)) - client-48CB266057AC->e8c1cc56-fd3a-4c1f-a15b-7334942b67be: receive RaftClientReply:client-48CB266057AC->e8c1cc56-fd3a-4c1f-a15b-7334942b67be@group-3233B5392349, cid=32, FAILED org.apache.ratis.protocol.NotLeaderException: Server e8c1cc56-fd3a-4c1f-a15b-7334942b67be@group-3233B5392349 is not the leader e9384e49-5c15-4fe8-918f-d27f1539ccef:192.168.34.56:34651, logIndex=0, commits[e8c1cc56-fd3a-4c1f-a15b-7334942b67be:c10, e9384e49-5c15-4fe8-918f-d27f1539ccef:c10, d6e5a99c-4067-45a5-9f51-68f82ac62b1e:c6]
2019-09-16 18:48:07,840 [java.util.concurrent.ThreadPoolExecutor$Worker@37302aeb[State = -1, empty queue]] WARN  server.GrpcLogAppender (GrpcLogAppender.java:timeoutAppendRequest(200)) - e9384e49-5c15-4fe8-918f-d27f1539ccef@group-3233B5392349->e8c1cc56-fd3a-4c1f-a15b-7334942b67be-GrpcLogAppender: appendEntries Timeout, request=e9384e49-5c15-4fe8-918f-d27f1539ccef->e8c1cc56-fd3a-4c1f-a15b-7334942b67be#129-t1, previous=(t:1, i:13), leaderCommit=10, initializing? false, entries: <empty>
2019-09-16 18:48:07,840 [java.util.concurrent.ThreadPoolExecutor$Worker@360b2eea[State = -1, empty queue]] WARN  server.GrpcLogAppender (GrpcLogAppender.java:timeoutAppendRequest(200)) - e9384e49-5c15-4fe8-918f-d27f1539ccef@group-3233B5392349->d6e5a99c-4067-45a5-9f51-68f82ac62b1e-GrpcLogAppender: appendEntries Timeout, request=e9384e49-5c15-4fe8-918f-d27f1539ccef->d6e5a99c-4067-45a5-9f51-68f82ac62b1e#129-t1, previous=(t:1, i:13), leaderCommit=10, initializing? false, entries: <empty>
2019-09-16 18:48:10,341 [java.util.concurrent.ThreadPoolExecutor$Worker@360b2eea[State = -1, empty queue]] WARN  server.GrpcLogAppender (GrpcLogAppender.java:timeoutAppendRequest(200)) - e9384e49-5c15-4fe8-918f-d27f1539ccef@group-3233B5392349->d6e5a99c-4067-45a5-9f51-68f82ac62b1e-GrpcLogAppender: appendEntries Timeout, request=e9384e49-5c15-4fe8-918f-d27f1539ccef->d6e5a99c-4067-45a5-9f51-68f82ac62b1e#130-t1, previous=(t:1, i:13), leaderCommit=10, initializing? false, entries: <empty>
2019-09-16 18:48:10,341 [java.util.concurrent.ThreadPoolExecutor$Worker@37302aeb[State = -1, empty queue]] WARN  server.GrpcLogAppender (GrpcLogAppender.java:timeoutAppendRequest(200)) - e9384e49-5c15-4fe8-918f-d27f1539ccef@group-3233B5392349->e8c1cc56-fd3a-4c1f-a15b-7334942b67be-GrpcLogAppender: appendEntries Timeout, request=e9384e49-5c15-4fe8-918f-d27f1539ccef->e8c1cc56-fd3a-4c1f-a15b-7334942b67be#130-t1, previous=(t:1, i:13), leaderCommit=10, initializing? false, entries: <empty>
2019-09-16 18:48:10,616 [grpc-default-executor-6] INFO  client.GrpcClientProtocolClient (GrpcClientProtocolClient.java:onNext(264)) - client-48CB266057AC->e8c1cc56-fd3a-4c1f-a15b-7334942b67be: receive RaftClientReply:client-48CB266057AC->e8c1cc56-fd3a-4c1f-a15b-7334942b67be@group-3233B5392349, cid=32, FAILED org.apache.ratis.protocol.NotLeaderException: Server e8c1cc56-fd3a-4c1f-a15b-7334942b67be@group-3233B5392349 is not the leader e9384e49-5c15-4fe8-918f-d27f1539ccef:192.168.34.56:34651, logIndex=0, commits[e8c1cc56-fd3a-4c1f-a15b-7334942b67be:c10, e9384e49-5c15-4fe8-918f-d27f1539ccef:c10, d6e5a99c-4067-45a5-9f51-68f82ac62b1e:c6]
2019-09-16 18:48:12,662 [ReplicationMonitor] INFO  container.ReplicationManager (ReplicationManager.java:forceCloseContainer(464)) - Force closing container #1 with BCSID 4, which is in QUASI_CLOSED state.
2019-09-16 18:48:12,664 [ReplicationMonitor] INFO  container.ReplicationManager (ReplicationManager.java:sendCloseCommand(659)) - Sending close container command for container #1 to datanode 6b668dd7-26f3-4a2a-98d6-977366dc8866{ip: 192.168.34.56, host: pr-hdds-2111-hlhfn-3535364396, networkLocation: /default-rack, certSerialId: null}.
2019-09-16 18:48:12,664 [ReplicationMonitor] INFO  container.ReplicationManager (ReplicationManager.java:sendCloseCommand(659)) - Sending close container command for container #1 to datanode e23021be-5025-43ec-901b-8f315bf6442a{ip: 192.168.34.56, host: pr-hdds-2111-hlhfn-3535364396, networkLocation: /default-rack, certSerialId: null}.
2019-09-16 18:48:12,665 [ReplicationMonitor] INFO  container.ReplicationManager (ReplicationManager.java:sendCloseCommand(659)) - Sending close container command for container #1 to datanode bee99600-be87-4e2f-bca1-493826cfa9f4{ip: 192.168.34.56, host: pr-hdds-2111-hlhfn-3535364396, networkLocation: /default-rack, certSerialId: null}.
2019-09-16 18:48:12,665 [ReplicationMonitor] INFO  container.ReplicationManager (ReplicationManager.java:forceCloseContainer(464)) - Force closing container #2 with BCSID 0, which is in QUASI_CLOSED state.
2019-09-16 18:48:12,665 [ReplicationMonitor] INFO  container.ReplicationManager (ReplicationManager.java:sendCloseCommand(659)) - Sending close container command for container #2 to datanode bee99600-be87-4e2f-bca1-493826cfa9f4{ip: 192.168.34.56, host: pr-hdds-2111-hlhfn-3535364396, networkLocation: /default-rack, certSerialId: null}.
2019-09-16 18:48:12,665 [ReplicationMonitor] INFO  container.ReplicationManager (ReplicationManager.java:sendCloseCommand(659)) - Sending close container command for container #2 to datanode e23021be-5025-43ec-901b-8f315bf6442a{ip: 192.168.34.56, host: pr-hdds-2111-hlhfn-3535364396, networkLocation: /default-rack, certSerialId: null}.
2019-09-16 18:48:12,666 [ReplicationMonitor] INFO  container.ReplicationManager (ReplicationManager.java:sendCloseCommand(659)) - Sending close container command for container #2 to datanode 6b668dd7-26f3-4a2a-98d6-977366dc8866{ip: 192.168.34.56, host: pr-hdds-2111-hlhfn-3535364396, networkLocation: /default-rack, certSerialId: null}.
2019-09-16 18:48:12,666 [ReplicationMonitor] INFO  container.ReplicationManager (ReplicationManager.java:run(225)) - Replication Monitor Thread took 10 milliseconds for processing 4 containers.
2019-09-16 18:48:12,842 [java.util.concurrent.ThreadPoolExecutor$Worker@360b2eea[State = -1, empty queue]] WARN  server.GrpcLogAppender (GrpcLogAppender.java:timeoutAppendRequest(200)) - e9384e49-5c15-4fe8-918f-d27f1539ccef@group-3233B5392349->d6e5a99c-4067-45a5-9f51-68f82ac62b1e-GrpcLogAppender: appendEntries Timeout, request=e9384e49-5c15-4fe8-918f-d27f1539ccef->d6e5a99c-4067-45a5-9f51-68f82ac62b1e#131-t1, previous=(t:1, i:13), leaderCommit=10, initializing? false, entries: <empty>
2019-09-16 18:48:12,842 [java.util.concurrent.ThreadPoolExecutor$Worker@37302aeb[State = -1, empty queue]] WARN  server.GrpcLogAppender (GrpcLogAppender.java:timeoutAppendRequest(200)) - e9384e49-5c15-4fe8-918f-d27f1539ccef@group-3233B5392349->e8c1cc56-fd3a-4c1f-a15b-7334942b67be-GrpcLogAppender: appendEntries Timeout, request=e9384e49-5c15-4fe8-918f-d27f1539ccef->e8c1cc56-fd3a-4c1f-a15b-7334942b67be#131-t1, previous=(t:1, i:13), leaderCommit=10, initializing? false, entries: <empty>
2019-09-16 18:48:14,822 [e9384e49-5c15-4fe8-918f-d27f1539ccef@group-3233B5392349-SegmentedRaftLogWorker] WARN  segmented.SegmentedRaftLogWorker (SegmentedRaftLogWorker.java:getFromFuture(90)) - Timeout 10/~
org.apache.ratis.protocol.TimeoutIOException: Timeout 10s: WriteLog:11: (t:1, i:11), STATEMACHINELOGENTRY, client-48CB266057AC, cid=32-writeStateMachineData
	at org.apache.ratis.util.IOUtils.getFromFuture(IOUtils.java:87)
	at org.apache.ratis.server.raftlog.segmented.SegmentedRaftLogWorker$StateMachineDataPolicy.getFromFuture(SegmentedRaftLogWorker.java:87)
	at org.apache.ratis.server.raftlog.segmented.SegmentedRaftLogWorker$WriteLog.execute(SegmentedRaftLogWorker.java:477)
	at org.apache.ratis.server.raftlog.segmented.SegmentedRaftLogWorker.run(SegmentedRaftLogWorker.java:289)
	at java.lang.Thread.run(Thread.java:748)
Caused by: java.util.concurrent.TimeoutException
	at java.util.concurrent.CompletableFuture.timedGet(CompletableFuture.java:1771)
	at java.util.concurrent.CompletableFuture.get(CompletableFuture.java:1915)
	at org.apache.ratis.util.IOUtils.getFromFuture(IOUtils.java:79)
	... 4 more
2019-09-16 18:48:14,836 [d6e5a99c-4067-45a5-9f51-68f82ac62b1e@group-3233B5392349-SegmentedRaftLogWorker] WARN  segmented.SegmentedRaftLogWorker (SegmentedRaftLogWorker.java:getFromFuture(90)) - Timeout 10/~
org.apache.ratis.protocol.TimeoutIOException: Timeout 10s: WriteLog:11: (t:1, i:11), STATEMACHINELOGENTRY, client-48CB266057AC, cid=32-writeStateMachineData
	at org.apache.ratis.util.IOUtils.getFromFuture(IOUtils.java:87)
	at org.apache.ratis.server.raftlog.segmented.SegmentedRaftLogWorker$StateMachineDataPolicy.getFromFuture(SegmentedRaftLogWorker.java:87)
	at org.apache.ratis.server.raftlog.segmented.SegmentedRaftLogWorker$WriteLog.execute(SegmentedRaftLogWorker.java:477)
	at org.apache.ratis.server.raftlog.segmented.SegmentedRaftLogWorker.run(SegmentedRaftLogWorker.java:289)
	at java.lang.Thread.run(Thread.java:748)
Caused by: java.util.concurrent.TimeoutException
	at java.util.concurrent.CompletableFuture.timedGet(CompletableFuture.java:1771)
	at java.util.concurrent.CompletableFuture.get(CompletableFuture.java:1915)
	at org.apache.ratis.util.IOUtils.getFromFuture(IOUtils.java:79)
	... 4 more
2019-09-16 18:48:14,898 [e8c1cc56-fd3a-4c1f-a15b-7334942b67be@group-3233B5392349-SegmentedRaftLogWorker] WARN  segmented.SegmentedRaftLogWorker (SegmentedRaftLogWorker.java:getFromFuture(90)) - Timeout 10/~
org.apache.ratis.protocol.TimeoutIOException: Timeout 10s: WriteLog:12: (t:1, i:12), STATEMACHINELOGENTRY, client-48CB266057AC, cid=33-writeStateMachineData
	at org.apache.ratis.util.IOUtils.getFromFuture(IOUtils.java:87)
	at org.apache.ratis.server.raftlog.segmented.SegmentedRaftLogWorker$StateMachineDataPolicy.getFromFuture(SegmentedRaftLogWorker.java:87)
	at org.apache.ratis.server.raftlog.segmented.SegmentedRaftLogWorker$WriteLog.execute(SegmentedRaftLogWorker.java:477)
	at org.apache.ratis.server.raftlog.segmented.SegmentedRaftLogWorker.run(SegmentedRaftLogWorker.java:289)
	at java.lang.Thread.run(Thread.java:748)
Caused by: java.util.concurrent.TimeoutException
	at java.util.concurrent.CompletableFuture.timedGet(CompletableFuture.java:1771)
	at java.util.concurrent.CompletableFuture.get(CompletableFuture.java:1915)
	at org.apache.ratis.util.IOUtils.getFromFuture(IOUtils.java:79)
	... 4 more
2019-09-16 18:48:14,907 [Command processor thread] INFO  interfaces.Container (KeyValueContainer.java:flushAndSyncDB(386)) - Container 1 is synced with bcsId 4.
2019-09-16 18:48:14,910 [Command processor thread] INFO  interfaces.Container (KeyValueContainer.java:flushAndSyncDB(386)) - Container 1 is synced with bcsId 4.
2019-09-16 18:48:14,926 [Command processor thread] INFO  interfaces.Container (KeyValueContainer.java:close(335)) - Container 1 is closed with bcsId 4.
2019-09-16 18:48:14,927 [Command processor thread] INFO  interfaces.Container (KeyValueContainer.java:flushAndSyncDB(386)) - Container 2 is synced with bcsId 0.
2019-09-16 18:48:14,927 [Command processor thread] INFO  interfaces.Container (KeyValueContainer.java:flushAndSyncDB(386)) - Container 2 is synced with bcsId 0.
2019-09-16 18:48:14,928 [EventQueue-IncrementalContainerReportForIncrementalContainerReportHandler] INFO  container.IncrementalContainerReportHandler (AbstractContainerReportHandler.java:updateContainerState(202)) - Moving container #1 to CLOSED state, datanode e23021be-5025-43ec-901b-8f315bf6442a{ip: 192.168.34.56, host: pr-hdds-2111-hlhfn-3535364396, networkLocation: /default-rack, certSerialId: null} reported CLOSED replica.
2019-09-16 18:48:14,942 [Command processor thread] INFO  interfaces.Container (KeyValueContainer.java:close(335)) - Container 2 is closed with bcsId 0.
2019-09-16 18:48:14,943 [EventQueue-IncrementalContainerReportForIncrementalContainerReportHandler] INFO  container.IncrementalContainerReportHandler (AbstractContainerReportHandler.java:updateContainerState(202)) - Moving container #2 to CLOSED state, datanode e23021be-5025-43ec-901b-8f315bf6442a{ip: 192.168.34.56, host: pr-hdds-2111-hlhfn-3535364396, networkLocation: /default-rack, certSerialId: null} reported CLOSED replica.
2019-09-16 18:48:15,015 [Command processor thread] INFO  interfaces.Container (KeyValueContainer.java:flushAndSyncDB(386)) - Container 1 is synced with bcsId 4.
2019-09-16 18:48:15,016 [Command processor thread] INFO  interfaces.Container (KeyValueContainer.java:flushAndSyncDB(386)) - Container 1 is synced with bcsId 4.
2019-09-16 18:48:15,030 [Command processor thread] INFO  interfaces.Container (KeyValueContainer.java:close(335)) - Container 1 is closed with bcsId 4.
2019-09-16 18:48:15,030 [Command processor thread] INFO  interfaces.Container (KeyValueContainer.java:flushAndSyncDB(386)) - Container 2 is synced with bcsId 0.
2019-09-16 18:48:15,030 [Command processor thread] INFO  interfaces.Container (KeyValueContainer.java:flushAndSyncDB(386)) - Container 2 is synced with bcsId 0.
2019-09-16 18:48:15,045 [Command processor thread] INFO  interfaces.Container (KeyValueContainer.java:close(335)) - Container 2 is closed with bcsId 0.
2019-09-16 18:48:15,150 [Command processor thread] INFO  interfaces.Container (KeyValueContainer.java:flushAndSyncDB(386)) - Container 1 is synced with bcsId 4.
2019-09-16 18:48:15,150 [Command processor thread] INFO  interfaces.Container (KeyValueContainer.java:flushAndSyncDB(386)) - Container 1 is synced with bcsId 4.
2019-09-16 18:48:15,165 [Command processor thread] INFO  interfaces.Container (KeyValueContainer.java:close(335)) - Container 1 is closed with bcsId 4.
2019-09-16 18:48:15,165 [Command processor thread] INFO  interfaces.Container (KeyValueContainer.java:flushAndSyncDB(386)) - Container 2 is synced with bcsId 0.
2019-09-16 18:48:15,165 [Command processor thread] INFO  interfaces.Container (KeyValueContainer.java:flushAndSyncDB(386)) - Container 2 is synced with bcsId 0.
2019-09-16 18:48:15,180 [Command processor thread] INFO  interfaces.Container (KeyValueContainer.java:close(335)) - Container 2 is closed with bcsId 0.
2019-09-16 18:48:15,342 [java.util.concurrent.ThreadPoolExecutor$Worker@37302aeb[State = -1, empty queue]] WARN  server.GrpcLogAppender (GrpcLogAppender.java:timeoutAppendRequest(200)) - e9384e49-5c15-4fe8-918f-d27f1539ccef@group-3233B5392349->e8c1cc56-fd3a-4c1f-a15b-7334942b67be-GrpcLogAppender: appendEntries Timeout, request=e9384e49-5c15-4fe8-918f-d27f1539ccef->e8c1cc56-fd3a-4c1f-a15b-7334942b67be#132-t1, previous=(t:1, i:13), leaderCommit=10, initializing? false, entries: <empty>
2019-09-16 18:48:15,342 [java.util.concurrent.ThreadPoolExecutor$Worker@360b2eea[State = -1, empty queue]] WARN  server.GrpcLogAppender (GrpcLogAppender.java:timeoutAppendRequest(200)) - e9384e49-5c15-4fe8-918f-d27f1539ccef@group-3233B5392349->d6e5a99c-4067-45a5-9f51-68f82ac62b1e-GrpcLogAppender: appendEntries Timeout, request=e9384e49-5c15-4fe8-918f-d27f1539ccef->d6e5a99c-4067-45a5-9f51-68f82ac62b1e#132-t1, previous=(t:1, i:13), leaderCommit=10, initializing? false, entries: <empty>
2019-09-16 18:48:15,652 [grpc-default-executor-6] INFO  client.GrpcClientProtocolClient (GrpcClientProtocolClient.java:onNext(264)) - client-48CB266057AC->d6e5a99c-4067-45a5-9f51-68f82ac62b1e: receive RaftClientReply:client-48CB266057AC->d6e5a99c-4067-45a5-9f51-68f82ac62b1e@group-3233B5392349, cid=32, FAILED org.apache.ratis.protocol.NotLeaderException: Server d6e5a99c-4067-45a5-9f51-68f82ac62b1e@group-3233B5392349 is not the leader e9384e49-5c15-4fe8-918f-d27f1539ccef:192.168.34.56:34651, logIndex=0, commits[d6e5a99c-4067-45a5-9f51-68f82ac62b1e:c10, e9384e49-5c15-4fe8-918f-d27f1539ccef:c10, e8c1cc56-fd3a-4c1f-a15b-7334942b67be:c6]
2019-09-16 18:48:17,843 [java.util.concurrent.ThreadPoolExecutor$Worker@360b2eea[State = -1, empty queue]] WARN  server.GrpcLogAppender (GrpcLogAppender.java:timeoutAppendRequest(200)) - e9384e49-5c15-4fe8-918f-d27f1539ccef@group-3233B5392349->d6e5a99c-4067-45a5-9f51-68f82ac62b1e-GrpcLogAppender: appendEntries Timeout, request=e9384e49-5c15-4fe8-918f-d27f1539ccef->d6e5a99c-4067-45a5-9f51-68f82ac62b1e#133-t1, previous=(t:1, i:13), leaderCommit=10, initializing? false, entries: <empty>
2019-09-16 18:48:17,843 [java.util.concurrent.ThreadPoolExecutor$Worker@37302aeb[State = -1, empty queue]] WARN  server.GrpcLogAppender (GrpcLogAppender.java:timeoutAppendRequest(200)) - e9384e49-5c15-4fe8-918f-d27f1539ccef@group-3233B5392349->e8c1cc56-fd3a-4c1f-a15b-7334942b67be-GrpcLogAppender: appendEntries Timeout, request=e9384e49-5c15-4fe8-918f-d27f1539ccef->e8c1cc56-fd3a-4c1f-a15b-7334942b67be#133-t1, previous=(t:1, i:13), leaderCommit=10, initializing? false, entries: <empty>
2019-09-16 18:48:20,343 [java.util.concurrent.ThreadPoolExecutor$Worker@37302aeb[State = -1, empty queue]] WARN  server.GrpcLogAppender (GrpcLogAppender.java:timeoutAppendRequest(200)) - e9384e49-5c15-4fe8-918f-d27f1539ccef@group-3233B5392349->e8c1cc56-fd3a-4c1f-a15b-7334942b67be-GrpcLogAppender: appendEntries Timeout, request=e9384e49-5c15-4fe8-918f-d27f1539ccef->e8c1cc56-fd3a-4c1f-a15b-7334942b67be#134-t1, previous=(t:1, i:13), leaderCommit=10, initializing? false, entries: <empty>
2019-09-16 18:48:20,343 [java.util.concurrent.ThreadPoolExecutor$Worker@360b2eea[State = -1, empty queue]] WARN  server.GrpcLogAppender (GrpcLogAppender.java:timeoutAppendRequest(200)) - e9384e49-5c15-4fe8-918f-d27f1539ccef@group-3233B5392349->d6e5a99c-4067-45a5-9f51-68f82ac62b1e-GrpcLogAppender: appendEntries Timeout, request=e9384e49-5c15-4fe8-918f-d27f1539ccef->d6e5a99c-4067-45a5-9f51-68f82ac62b1e#134-t1, previous=(t:1, i:13), leaderCommit=10, initializing? false, entries: <empty>
2019-09-16 18:48:20,682 [grpc-default-executor-6] INFO  client.GrpcClientProtocolClient (GrpcClientProtocolClient.java:onNext(264)) - client-48CB266057AC->e8c1cc56-fd3a-4c1f-a15b-7334942b67be: receive RaftClientReply:client-48CB266057AC->e8c1cc56-fd3a-4c1f-a15b-7334942b67be@group-3233B5392349, cid=32, FAILED org.apache.ratis.protocol.NotLeaderException: Server e8c1cc56-fd3a-4c1f-a15b-7334942b67be@group-3233B5392349 is not the leader e9384e49-5c15-4fe8-918f-d27f1539ccef:192.168.34.56:34651, logIndex=0, commits[e8c1cc56-fd3a-4c1f-a15b-7334942b67be:c10, e9384e49-5c15-4fe8-918f-d27f1539ccef:c10, d6e5a99c-4067-45a5-9f51-68f82ac62b1e:c6]
2019-09-16 18:48:22,843 [java.util.concurrent.ThreadPoolExecutor$Worker@360b2eea[State = -1, empty queue]] WARN  server.GrpcLogAppender (GrpcLogAppender.java:timeoutAppendRequest(200)) - e9384e49-5c15-4fe8-918f-d27f1539ccef@group-3233B5392349->d6e5a99c-4067-45a5-9f51-68f82ac62b1e-GrpcLogAppender: appendEntries Timeout, request=e9384e49-5c15-4fe8-918f-d27f1539ccef->d6e5a99c-4067-45a5-9f51-68f82ac62b1e#135-t1, previous=(t:1, i:13), leaderCommit=10, initializing? false, entries: <empty>
2019-09-16 18:48:22,843 [java.util.concurrent.ThreadPoolExecutor$Worker@37302aeb[State = -1, empty queue]] WARN  server.GrpcLogAppender (GrpcLogAppender.java:timeoutAppendRequest(200)) - e9384e49-5c15-4fe8-918f-d27f1539ccef@group-3233B5392349->e8c1cc56-fd3a-4c1f-a15b-7334942b67be-GrpcLogAppender: appendEntries Timeout, request=e9384e49-5c15-4fe8-918f-d27f1539ccef->e8c1cc56-fd3a-4c1f-a15b-7334942b67be#135-t1, previous=(t:1, i:13), leaderCommit=10, initializing? false, entries: <empty>
2019-09-16 18:48:24,824 [e9384e49-5c15-4fe8-918f-d27f1539ccef@group-3233B5392349-SegmentedRaftLogWorker] WARN  segmented.SegmentedRaftLogWorker (SegmentedRaftLogWorker.java:getFromFuture(90)) - Timeout 11/~
org.apache.ratis.protocol.TimeoutIOException: Timeout 10s: WriteLog:11: (t:1, i:11), STATEMACHINELOGENTRY, client-48CB266057AC, cid=32-writeStateMachineData
	at org.apache.ratis.util.IOUtils.getFromFuture(IOUtils.java:87)
	at org.apache.ratis.server.raftlog.segmented.SegmentedRaftLogWorker$StateMachineDataPolicy.getFromFuture(SegmentedRaftLogWorker.java:87)
	at org.apache.ratis.server.raftlog.segmented.SegmentedRaftLogWorker$WriteLog.execute(SegmentedRaftLogWorker.java:477)
	at org.apache.ratis.server.raftlog.segmented.SegmentedRaftLogWorker.run(SegmentedRaftLogWorker.java:289)
	at java.lang.Thread.run(Thread.java:748)
Caused by: java.util.concurrent.TimeoutException
	at java.util.concurrent.CompletableFuture.timedGet(CompletableFuture.java:1771)
	at java.util.concurrent.CompletableFuture.get(CompletableFuture.java:1915)
	at org.apache.ratis.util.IOUtils.getFromFuture(IOUtils.java:79)
	... 4 more
2019-09-16 18:48:24,836 [d6e5a99c-4067-45a5-9f51-68f82ac62b1e@group-3233B5392349-SegmentedRaftLogWorker] WARN  segmented.SegmentedRaftLogWorker (SegmentedRaftLogWorker.java:getFromFuture(90)) - Timeout 11/~
org.apache.ratis.protocol.TimeoutIOException: Timeout 10s: WriteLog:11: (t:1, i:11), STATEMACHINELOGENTRY, client-48CB266057AC, cid=32-writeStateMachineData
	at org.apache.ratis.util.IOUtils.getFromFuture(IOUtils.java:87)
	at org.apache.ratis.server.raftlog.segmented.SegmentedRaftLogWorker$StateMachineDataPolicy.getFromFuture(SegmentedRaftLogWorker.java:87)
	at org.apache.ratis.server.raftlog.segmented.SegmentedRaftLogWorker$WriteLog.execute(SegmentedRaftLogWorker.java:477)
	at org.apache.ratis.server.raftlog.segmented.SegmentedRaftLogWorker.run(SegmentedRaftLogWorker.java:289)
	at java.lang.Thread.run(Thread.java:748)
Caused by: java.util.concurrent.TimeoutException
	at java.util.concurrent.CompletableFuture.timedGet(CompletableFuture.java:1771)
	at java.util.concurrent.CompletableFuture.get(CompletableFuture.java:1915)
	at org.apache.ratis.util.IOUtils.getFromFuture(IOUtils.java:79)
	... 4 more
2019-09-16 18:48:24,847 [org.apache.ratis.server.impl.LogAppender$AppenderDaemon$$Lambda$533/1653271690@5bda47af] ERROR ratis.XceiverServerRatis (XceiverServerRatis.java:triggerPipelineClose(568)) - pipeline Action CLOSE  on pipeline PipelineID=297f27b4-88a4-4c33-ba42-3233b5392349.Reason : e9384e49-5c15-4fe8-918f-d27f1539ccef has not seen follower/s d6e5a99c-4067-45a5-9f51-68f82ac62b1e for 120137ms e8c1cc56-fd3a-4c1f-a15b-7334942b67be for 120137ms
2019-09-16 18:48:24,847 [org.apache.ratis.server.impl.LogAppender$AppenderDaemon$$Lambda$533/1653271690@230862c5] ERROR ratis.XceiverServerRatis (XceiverServerRatis.java:triggerPipelineClose(568)) - pipeline Action CLOSE  on pipeline PipelineID=297f27b4-88a4-4c33-ba42-3233b5392349.Reason : e9384e49-5c15-4fe8-918f-d27f1539ccef has not seen follower/s d6e5a99c-4067-45a5-9f51-68f82ac62b1e for 120137ms e8c1cc56-fd3a-4c1f-a15b-7334942b67be for 120137ms
2019-09-16 18:48:24,899 [e8c1cc56-fd3a-4c1f-a15b-7334942b67be@group-3233B5392349-SegmentedRaftLogWorker] WARN  segmented.SegmentedRaftLogWorker (SegmentedRaftLogWorker.java:getFromFuture(90)) - Timeout 11/~
org.apache.ratis.protocol.TimeoutIOException: Timeout 10s: WriteLog:12: (t:1, i:12), STATEMACHINELOGENTRY, client-48CB266057AC, cid=33-writeStateMachineData
	at org.apache.ratis.util.IOUtils.getFromFuture(IOUtils.java:87)
	at org.apache.ratis.server.raftlog.segmented.SegmentedRaftLogWorker$StateMachineDataPolicy.getFromFuture(SegmentedRaftLogWorker.java:87)
	at org.apache.ratis.server.raftlog.segmented.SegmentedRaftLogWorker$WriteLog.execute(SegmentedRaftLogWorker.java:477)
	at org.apache.ratis.server.raftlog.segmented.SegmentedRaftLogWorker.run(SegmentedRaftLogWorker.java:289)
	at java.lang.Thread.run(Thread.java:748)
Caused by: java.util.concurrent.TimeoutException
	at java.util.concurrent.CompletableFuture.timedGet(CompletableFuture.java:1771)
	at java.util.concurrent.CompletableFuture.get(CompletableFuture.java:1915)
	at org.apache.ratis.util.IOUtils.getFromFuture(IOUtils.java:79)
	... 4 more
2019-09-16 18:48:24,904 [EventQueue-PipelineActionsForPipelineActionHandler] ERROR pipeline.PipelineActionHandler (PipelineActionHandler.java:onMessage(60)) - Received pipeline action CLOSE for Pipeline[ Id: 297f27b4-88a4-4c33-ba42-3233b5392349, Nodes: e8c1cc56-fd3a-4c1f-a15b-7334942b67be{ip: 192.168.34.56, host: pr-hdds-2111-hlhfn-3535364396, networkLocation: /default-rack, certSerialId: null}e9384e49-5c15-4fe8-918f-d27f1539ccef{ip: 192.168.34.56, host: pr-hdds-2111-hlhfn-3535364396, networkLocation: /default-rack, certSerialId: null}d6e5a99c-4067-45a5-9f51-68f82ac62b1e{ip: 192.168.34.56, host: pr-hdds-2111-hlhfn-3535364396, networkLocation: /default-rack, certSerialId: null}, Type:RATIS, Factor:THREE, State:OPEN] from datanode e9384e49-5c15-4fe8-918f-d27f1539ccef{ip: 192.168.34.56, host: pr-hdds-2111-hlhfn-3535364396, networkLocation: /default-rack, certSerialId: null}. Reason : e9384e49-5c15-4fe8-918f-d27f1539ccef has not seen follower/s d6e5a99c-4067-45a5-9f51-68f82ac62b1e for 120137ms e8c1cc56-fd3a-4c1f-a15b-7334942b67be for 120137ms
2019-09-16 18:48:24,904 [EventQueue-PipelineActionsForPipelineActionHandler] INFO  pipeline.SCMPipelineManager (SCMPipelineManager.java:finalizeAndDestroyPipeline(311)) - destroying pipeline:Pipeline[ Id: 297f27b4-88a4-4c33-ba42-3233b5392349, Nodes: e8c1cc56-fd3a-4c1f-a15b-7334942b67be{ip: 192.168.34.56, host: pr-hdds-2111-hlhfn-3535364396, networkLocation: /default-rack, certSerialId: null}e9384e49-5c15-4fe8-918f-d27f1539ccef{ip: 192.168.34.56, host: pr-hdds-2111-hlhfn-3535364396, networkLocation: /default-rack, certSerialId: null}d6e5a99c-4067-45a5-9f51-68f82ac62b1e{ip: 192.168.34.56, host: pr-hdds-2111-hlhfn-3535364396, networkLocation: /default-rack, certSerialId: null}, Type:RATIS, Factor:THREE, State:OPEN]
2019-09-16 18:48:24,904 [EventQueue-PipelineActionsForPipelineActionHandler] INFO  pipeline.PipelineStateManager (PipelineStateManager.java:finalizePipeline(123)) - Pipeline Pipeline[ Id: 297f27b4-88a4-4c33-ba42-3233b5392349, Nodes: e8c1cc56-fd3a-4c1f-a15b-7334942b67be{ip: 192.168.34.56, host: pr-hdds-2111-hlhfn-3535364396, networkLocation: /default-rack, certSerialId: null}e9384e49-5c15-4fe8-918f-d27f1539ccef{ip: 192.168.34.56, host: pr-hdds-2111-hlhfn-3535364396, networkLocation: /default-rack, certSerialId: null}d6e5a99c-4067-45a5-9f51-68f82ac62b1e{ip: 192.168.34.56, host: pr-hdds-2111-hlhfn-3535364396, networkLocation: /default-rack, certSerialId: null}, Type:RATIS, Factor:THREE, State:CLOSED] moved to CLOSED state
2019-09-16 18:48:24,904 [EventQueue-CloseContainerForCloseContainerEventHandler] INFO  container.CloseContainerEventHandler (CloseContainerEventHandler.java:onMessage(61)) - Close container Event triggered for container : #3
2019-09-16 18:48:24,905 [EventQueue-CloseContainerForCloseContainerEventHandler] INFO  container.CloseContainerEventHandler (CloseContainerEventHandler.java:onMessage(61)) - Close container Event triggered for container : #4
2019-09-16 18:48:25,344 [java.util.concurrent.ThreadPoolExecutor$Worker@360b2eea[State = -1, empty queue]] WARN  server.GrpcLogAppender (GrpcLogAppender.java:timeoutAppendRequest(200)) - e9384e49-5c15-4fe8-918f-d27f1539ccef@group-3233B5392349->d6e5a99c-4067-45a5-9f51-68f82ac62b1e-GrpcLogAppender: appendEntries Timeout, request=e9384e49-5c15-4fe8-918f-d27f1539ccef->d6e5a99c-4067-45a5-9f51-68f82ac62b1e#136-t1, previous=(t:1, i:13), leaderCommit=10, initializing? false, entries: <empty>
2019-09-16 18:48:25,344 [java.util.concurrent.ThreadPoolExecutor$Worker@37302aeb[State = -1, empty queue]] WARN  server.GrpcLogAppender (GrpcLogAppender.java:timeoutAppendRequest(200)) - e9384e49-5c15-4fe8-918f-d27f1539ccef@group-3233B5392349->e8c1cc56-fd3a-4c1f-a15b-7334942b67be-GrpcLogAppender: appendEntries Timeout, request=e9384e49-5c15-4fe8-918f-d27f1539ccef->e8c1cc56-fd3a-4c1f-a15b-7334942b67be#136-t1, previous=(t:1, i:13), leaderCommit=10, initializing? false, entries: <empty>
2019-09-16 18:48:25,721 [grpc-default-executor-4] INFO  client.GrpcClientProtocolClient (GrpcClientProtocolClient.java:onNext(264)) - client-48CB266057AC->d6e5a99c-4067-45a5-9f51-68f82ac62b1e: receive RaftClientReply:client-48CB266057AC->d6e5a99c-4067-45a5-9f51-68f82ac62b1e@group-3233B5392349, cid=32, FAILED org.apache.ratis.protocol.NotLeaderException: Server d6e5a99c-4067-45a5-9f51-68f82ac62b1e@group-3233B5392349 is not the leader e9384e49-5c15-4fe8-918f-d27f1539ccef:192.168.34.56:34651, logIndex=0, commits[d6e5a99c-4067-45a5-9f51-68f82ac62b1e:c10, e9384e49-5c15-4fe8-918f-d27f1539ccef:c10, e8c1cc56-fd3a-4c1f-a15b-7334942b67be:c6]
2019-09-16 18:48:27,344 [org.apache.ratis.server.impl.LogAppender$AppenderDaemon$$Lambda$533/1653271690@230862c5] ERROR ratis.XceiverServerRatis (XceiverServerRatis.java:triggerPipelineClose(568)) - pipeline Action CLOSE  on pipeline PipelineID=297f27b4-88a4-4c33-ba42-3233b5392349.Reason : e9384e49-5c15-4fe8-918f-d27f1539ccef has not seen follower/s d6e5a99c-4067-45a5-9f51-68f82ac62b1e for 122637ms e8c1cc56-fd3a-4c1f-a15b-7334942b67be for 122638ms
2019-09-16 18:48:27,344 [org.apache.ratis.server.impl.LogAppender$AppenderDaemon$$Lambda$533/1653271690@5bda47af] ERROR ratis.XceiverServerRatis (XceiverServerRatis.java:triggerPipelineClose(568)) - pipeline Action CLOSE  on pipeline PipelineID=297f27b4-88a4-4c33-ba42-3233b5392349.Reason : e9384e49-5c15-4fe8-918f-d27f1539ccef has not seen follower/s d6e5a99c-4067-45a5-9f51-68f82ac62b1e for 122637ms e8c1cc56-fd3a-4c1f-a15b-7334942b67be for 122638ms
2019-09-16 18:48:27,844 [java.util.concurrent.ThreadPoolExecutor$Worker@360b2eea[State = -1, empty queue]] WARN  server.GrpcLogAppender (GrpcLogAppender.java:timeoutAppendRequest(200)) - e9384e49-5c15-4fe8-918f-d27f1539ccef@group-3233B5392349->d6e5a99c-4067-45a5-9f51-68f82ac62b1e-GrpcLogAppender: appendEntries Timeout, request=e9384e49-5c15-4fe8-918f-d27f1539ccef->d6e5a99c-4067-45a5-9f51-68f82ac62b1e#137-t1, previous=(t:1, i:13), leaderCommit=10, initializing? false, entries: <empty>
2019-09-16 18:48:27,844 [java.util.concurrent.ThreadPoolExecutor$Worker@37302aeb[State = -1, empty queue]] WARN  server.GrpcLogAppender (GrpcLogAppender.java:timeoutAppendRequest(200)) - e9384e49-5c15-4fe8-918f-d27f1539ccef@group-3233B5392349->e8c1cc56-fd3a-4c1f-a15b-7334942b67be-GrpcLogAppender: appendEntries Timeout, request=e9384e49-5c15-4fe8-918f-d27f1539ccef->e8c1cc56-fd3a-4c1f-a15b-7334942b67be#137-t1, previous=(t:1, i:13), leaderCommit=10, initializing? false, entries: <empty>
2019-09-16 18:48:27,903 [EventQueue-PipelineActionsForPipelineActionHandler] ERROR pipeline.PipelineActionHandler (PipelineActionHandler.java:onMessage(60)) - Received pipeline action CLOSE for Pipeline[ Id: 297f27b4-88a4-4c33-ba42-3233b5392349, Nodes: e8c1cc56-fd3a-4c1f-a15b-7334942b67be{ip: 192.168.34.56, host: pr-hdds-2111-hlhfn-3535364396, networkLocation: /default-rack, certSerialId: null}e9384e49-5c15-4fe8-918f-d27f1539ccef{ip: 192.168.34.56, host: pr-hdds-2111-hlhfn-3535364396, networkLocation: /default-rack, certSerialId: null}d6e5a99c-4067-45a5-9f51-68f82ac62b1e{ip: 192.168.34.56, host: pr-hdds-2111-hlhfn-3535364396, networkLocation: /default-rack, certSerialId: null}, Type:RATIS, Factor:THREE, State:CLOSED] from datanode e9384e49-5c15-4fe8-918f-d27f1539ccef{ip: 192.168.34.56, host: pr-hdds-2111-hlhfn-3535364396, networkLocation: /default-rack, certSerialId: null}. Reason : e9384e49-5c15-4fe8-918f-d27f1539ccef has not seen follower/s d6e5a99c-4067-45a5-9f51-68f82ac62b1e for 122637ms e8c1cc56-fd3a-4c1f-a15b-7334942b67be for 122638ms
2019-09-16 18:48:27,904 [EventQueue-PipelineActionsForPipelineActionHandler] INFO  pipeline.SCMPipelineManager (SCMPipelineManager.java:finalizeAndDestroyPipeline(311)) - destroying pipeline:Pipeline[ Id: 297f27b4-88a4-4c33-ba42-3233b5392349, Nodes: e8c1cc56-fd3a-4c1f-a15b-7334942b67be{ip: 192.168.34.56, host: pr-hdds-2111-hlhfn-3535364396, networkLocation: /default-rack, certSerialId: null}e9384e49-5c15-4fe8-918f-d27f1539ccef{ip: 192.168.34.56, host: pr-hdds-2111-hlhfn-3535364396, networkLocation: /default-rack, certSerialId: null}d6e5a99c-4067-45a5-9f51-68f82ac62b1e{ip: 192.168.34.56, host: pr-hdds-2111-hlhfn-3535364396, networkLocation: /default-rack, certSerialId: null}, Type:RATIS, Factor:THREE, State:CLOSED]
2019-09-16 18:48:27,920 [org.apache.ratis.server.impl.LogAppender$AppenderDaemon$$Lambda$533/1653271690@5bda47af] ERROR ratis.XceiverServerRatis (XceiverServerRatis.java:triggerPipelineClose(568)) - pipeline Action CLOSE  on pipeline PipelineID=297f27b4-88a4-4c33-ba42-3233b5392349.Reason : e9384e49-5c15-4fe8-918f-d27f1539ccef has not seen follower/s d6e5a99c-4067-45a5-9f51-68f82ac62b1e for 123213ms e8c1cc56-fd3a-4c1f-a15b-7334942b67be for 123213ms
2019-09-16 18:48:27,920 [org.apache.ratis.server.impl.LogAppender$AppenderDaemon$$Lambda$533/1653271690@230862c5] ERROR ratis.XceiverServerRatis (XceiverServerRatis.java:triggerPipelineClose(568)) - pipeline Action CLOSE  on pipeline PipelineID=297f27b4-88a4-4c33-ba42-3233b5392349.Reason : e9384e49-5c15-4fe8-918f-d27f1539ccef has not seen follower/s d6e5a99c-4067-45a5-9f51-68f82ac62b1e for 123213ms e8c1cc56-fd3a-4c1f-a15b-7334942b67be for 123213ms
2019-09-16 18:48:28,922 [EventQueue-PipelineActionsForPipelineActionHandler] ERROR pipeline.PipelineActionHandler (PipelineActionHandler.java:onMessage(60)) - Received pipeline action CLOSE for Pipeline[ Id: 297f27b4-88a4-4c33-ba42-3233b5392349, Nodes: e8c1cc56-fd3a-4c1f-a15b-7334942b67be{ip: 192.168.34.56, host: pr-hdds-2111-hlhfn-3535364396, networkLocation: /default-rack, certSerialId: null}e9384e49-5c15-4fe8-918f-d27f1539ccef{ip: 192.168.34.56, host: pr-hdds-2111-hlhfn-3535364396, networkLocation: /default-rack, certSerialId: null}d6e5a99c-4067-45a5-9f51-68f82ac62b1e{ip: 192.168.34.56, host: pr-hdds-2111-hlhfn-3535364396, networkLocation: /default-rack, certSerialId: null}, Type:RATIS, Factor:THREE, State:CLOSED] from datanode e9384e49-5c15-4fe8-918f-d27f1539ccef{ip: 192.168.34.56, host: pr-hdds-2111-hlhfn-3535364396, networkLocation: /default-rack, certSerialId: null}. Reason : e9384e49-5c15-4fe8-918f-d27f1539ccef has not seen follower/s d6e5a99c-4067-45a5-9f51-68f82ac62b1e for 123213ms e8c1cc56-fd3a-4c1f-a15b-7334942b67be for 123213ms
2019-09-16 18:48:28,922 [EventQueue-PipelineActionsForPipelineActionHandler] INFO  pipeline.SCMPipelineManager (SCMPipelineManager.java:finalizeAndDestroyPipeline(311)) - destroying pipeline:Pipeline[ Id: 297f27b4-88a4-4c33-ba42-3233b5392349, Nodes: e8c1cc56-fd3a-4c1f-a15b-7334942b67be{ip: 192.168.34.56, host: pr-hdds-2111-hlhfn-3535364396, networkLocation: /default-rack, certSerialId: null}e9384e49-5c15-4fe8-918f-d27f1539ccef{ip: 192.168.34.56, host: pr-hdds-2111-hlhfn-3535364396, networkLocation: /default-rack, certSerialId: null}d6e5a99c-4067-45a5-9f51-68f82ac62b1e{ip: 192.168.34.56, host: pr-hdds-2111-hlhfn-3535364396, networkLocation: /default-rack, certSerialId: null}, Type:RATIS, Factor:THREE, State:CLOSED]
2019-09-16 18:48:30,344 [java.util.concurrent.ThreadPoolExecutor$Worker@37302aeb[State = -1, empty queue]] WARN  server.GrpcLogAppender (GrpcLogAppender.java:timeoutAppendRequest(200)) - e9384e49-5c15-4fe8-918f-d27f1539ccef@group-3233B5392349->e8c1cc56-fd3a-4c1f-a15b-7334942b67be-GrpcLogAppender: appendEntries Timeout, request=e9384e49-5c15-4fe8-918f-d27f1539ccef->e8c1cc56-fd3a-4c1f-a15b-7334942b67be#138-t1, previous=(t:1, i:13), leaderCommit=10, initializing? false, entries: <empty>
2019-09-16 18:48:30,344 [java.util.concurrent.ThreadPoolExecutor$Worker@360b2eea[State = -1, empty queue]] WARN  server.GrpcLogAppender (GrpcLogAppender.java:timeoutAppendRequest(200)) - e9384e49-5c15-4fe8-918f-d27f1539ccef@group-3233B5392349->d6e5a99c-4067-45a5-9f51-68f82ac62b1e-GrpcLogAppender: appendEntries Timeout, request=e9384e49-5c15-4fe8-918f-d27f1539ccef->d6e5a99c-4067-45a5-9f51-68f82ac62b1e#138-t1, previous=(t:1, i:13), leaderCommit=10, initializing? false, entries: <empty>
2019-09-16 18:48:30,420 [org.apache.ratis.server.impl.LogAppender$AppenderDaemon$$Lambda$533/1653271690@5bda47af] ERROR ratis.XceiverServerRatis (XceiverServerRatis.java:triggerPipelineClose(568)) - pipeline Action CLOSE  on pipeline PipelineID=297f27b4-88a4-4c33-ba42-3233b5392349.Reason : e9384e49-5c15-4fe8-918f-d27f1539ccef has not seen follower/s d6e5a99c-4067-45a5-9f51-68f82ac62b1e for 125714ms e8c1cc56-fd3a-4c1f-a15b-7334942b67be for 125714ms
2019-09-16 18:48:30,421 [org.apache.ratis.server.impl.LogAppender$AppenderDaemon$$Lambda$533/1653271690@230862c5] ERROR ratis.XceiverServerRatis (XceiverServerRatis.java:triggerPipelineClose(568)) - pipeline Action CLOSE  on pipeline PipelineID=297f27b4-88a4-4c33-ba42-3233b5392349.Reason : e9384e49-5c15-4fe8-918f-d27f1539ccef has not seen follower/s d6e5a99c-4067-45a5-9f51-68f82ac62b1e for 125714ms e8c1cc56-fd3a-4c1f-a15b-7334942b67be for 125714ms
2019-09-16 18:48:30,764 [grpc-default-executor-4] INFO  client.GrpcClientProtocolClient (GrpcClientProtocolClient.java:onNext(264)) - client-48CB266057AC->e8c1cc56-fd3a-4c1f-a15b-7334942b67be: receive RaftClientReply:client-48CB266057AC->e8c1cc56-fd3a-4c1f-a15b-7334942b67be@group-3233B5392349, cid=32, FAILED org.apache.ratis.protocol.NotLeaderException: Server e8c1cc56-fd3a-4c1f-a15b-7334942b67be@group-3233B5392349 is not the leader e9384e49-5c15-4fe8-918f-d27f1539ccef:192.168.34.56:34651, logIndex=0, commits[e8c1cc56-fd3a-4c1f-a15b-7334942b67be:c10, e9384e49-5c15-4fe8-918f-d27f1539ccef:c10, d6e5a99c-4067-45a5-9f51-68f82ac62b1e:c6]
2019-09-16 18:48:30,919 [EventQueue-PipelineActionsForPipelineActionHandler] ERROR pipeline.PipelineActionHandler (PipelineActionHandler.java:onMessage(60)) - Received pipeline action CLOSE for Pipeline[ Id: 297f27b4-88a4-4c33-ba42-3233b5392349, Nodes: e8c1cc56-fd3a-4c1f-a15b-7334942b67be{ip: 192.168.34.56, host: pr-hdds-2111-hlhfn-3535364396, networkLocation: /default-rack, certSerialId: null}e9384e49-5c15-4fe8-918f-d27f1539ccef{ip: 192.168.34.56, host: pr-hdds-2111-hlhfn-3535364396, networkLocation: /default-rack, certSerialId: null}d6e5a99c-4067-45a5-9f51-68f82ac62b1e{ip: 192.168.34.56, host: pr-hdds-2111-hlhfn-3535364396, networkLocation: /default-rack, certSerialId: null}, Type:RATIS, Factor:THREE, State:CLOSED] from datanode e9384e49-5c15-4fe8-918f-d27f1539ccef{ip: 192.168.34.56, host: pr-hdds-2111-hlhfn-3535364396, networkLocation: /default-rack, certSerialId: null}. Reason : e9384e49-5c15-4fe8-918f-d27f1539ccef has not seen follower/s d6e5a99c-4067-45a5-9f51-68f82ac62b1e for 125714ms e8c1cc56-fd3a-4c1f-a15b-7334942b67be for 125714ms
2019-09-16 18:48:30,919 [EventQueue-PipelineActionsForPipelineActionHandler] INFO  pipeline.SCMPipelineManager (SCMPipelineManager.java:finalizeAndDestroyPipeline(311)) - destroying pipeline:Pipeline[ Id: 297f27b4-88a4-4c33-ba42-3233b5392349, Nodes: e8c1cc56-fd3a-4c1f-a15b-7334942b67be{ip: 192.168.34.56, host: pr-hdds-2111-hlhfn-3535364396, networkLocation: /default-rack, certSerialId: null}e9384e49-5c15-4fe8-918f-d27f1539ccef{ip: 192.168.34.56, host: pr-hdds-2111-hlhfn-3535364396, networkLocation: /default-rack, certSerialId: null}d6e5a99c-4067-45a5-9f51-68f82ac62b1e{ip: 192.168.34.56, host: pr-hdds-2111-hlhfn-3535364396, networkLocation: /default-rack, certSerialId: null}, Type:RATIS, Factor:THREE, State:CLOSED]
2019-09-16 18:48:30,920 [java.util.concurrent.ThreadPoolExecutor$Worker@37302aeb[State = -1, empty queue]] WARN  server.GrpcLogAppender (GrpcLogAppender.java:timeoutAppendRequest(200)) - e9384e49-5c15-4fe8-918f-d27f1539ccef@group-3233B5392349->e8c1cc56-fd3a-4c1f-a15b-7334942b67be-GrpcLogAppender: appendEntries Timeout, request=e9384e49-5c15-4fe8-918f-d27f1539ccef->e8c1cc56-fd3a-4c1f-a15b-7334942b67be#139-t1, previous=(t:1, i:13), leaderCommit=10, initializing? false, entries: size=1, first=(t:1, i:14), STATEMACHINELOGENTRY, client-260455666FA4, cid=8
2019-09-16 18:48:30,920 [java.util.concurrent.ThreadPoolExecutor$Worker@360b2eea[State = -1, empty queue]] WARN  server.GrpcLogAppender (GrpcLogAppender.java:timeoutAppendRequest(200)) - e9384e49-5c15-4fe8-918f-d27f1539ccef@group-3233B5392349->d6e5a99c-4067-45a5-9f51-68f82ac62b1e-GrpcLogAppender: appendEntries Timeout, request=e9384e49-5c15-4fe8-918f-d27f1539ccef->d6e5a99c-4067-45a5-9f51-68f82ac62b1e#139-t1, previous=(t:1, i:13), leaderCommit=10, initializing? false, entries: size=1, first=(t:1, i:14), STATEMACHINELOGENTRY, client-260455666FA4, cid=8
2019-09-16 18:48:32,921 [org.apache.ratis.server.impl.LogAppender$AppenderDaemon$$Lambda$533/1653271690@5bda47af] ERROR ratis.XceiverServerRatis (XceiverServerRatis.java:triggerPipelineClose(568)) - pipeline Action CLOSE  on pipeline PipelineID=297f27b4-88a4-4c33-ba42-3233b5392349.Reason : e9384e49-5c15-4fe8-918f-d27f1539ccef has not seen follower/s d6e5a99c-4067-45a5-9f51-68f82ac62b1e for 128214ms e8c1cc56-fd3a-4c1f-a15b-7334942b67be for 128215ms
2019-09-16 18:48:32,921 [org.apache.ratis.server.impl.LogAppender$AppenderDaemon$$Lambda$533/1653271690@230862c5] ERROR ratis.XceiverServerRatis (XceiverServerRatis.java:triggerPipelineClose(568)) - pipeline Action CLOSE  on pipeline PipelineID=297f27b4-88a4-4c33-ba42-3233b5392349.Reason : e9384e49-5c15-4fe8-918f-d27f1539ccef has not seen follower/s d6e5a99c-4067-45a5-9f51-68f82ac62b1e for 128214ms e8c1cc56-fd3a-4c1f-a15b-7334942b67be for 128215ms
2019-09-16 18:48:33,420 [java.util.concurrent.ThreadPoolExecutor$Worker@37302aeb[State = -1, empty queue]] WARN  server.GrpcLogAppender (GrpcLogAppender.java:timeoutAppendRequest(200)) - e9384e49-5c15-4fe8-918f-d27f1539ccef@group-3233B5392349->e8c1cc56-fd3a-4c1f-a15b-7334942b67be-GrpcLogAppender: appendEntries Timeout, request=e9384e49-5c15-4fe8-918f-d27f1539ccef->e8c1cc56-fd3a-4c1f-a15b-7334942b67be#140-t1, previous=(t:1, i:14), leaderCommit=10, initializing? false, entries: <empty>
2019-09-16 18:48:33,420 [java.util.concurrent.ThreadPoolExecutor$Worker@360b2eea[State = -1, empty queue]] WARN  server.GrpcLogAppender (GrpcLogAppender.java:timeoutAppendRequest(200)) - e9384e49-5c15-4fe8-918f-d27f1539ccef@group-3233B5392349->d6e5a99c-4067-45a5-9f51-68f82ac62b1e-GrpcLogAppender: appendEntries Timeout, request=e9384e49-5c15-4fe8-918f-d27f1539ccef->d6e5a99c-4067-45a5-9f51-68f82ac62b1e#140-t1, previous=(t:1, i:14), leaderCommit=10, initializing? false, entries: <empty>
2019-09-16 18:48:33,919 [EventQueue-PipelineActionsForPipelineActionHandler] ERROR pipeline.PipelineActionHandler (PipelineActionHandler.java:onMessage(60)) - Received pipeline action CLOSE for Pipeline[ Id: 297f27b4-88a4-4c33-ba42-3233b5392349, Nodes: e8c1cc56-fd3a-4c1f-a15b-7334942b67be{ip: 192.168.34.56, host: pr-hdds-2111-hlhfn-3535364396, networkLocation: /default-rack, certSerialId: null}e9384e49-5c15-4fe8-918f-d27f1539ccef{ip: 192.168.34.56, host: pr-hdds-2111-hlhfn-3535364396, networkLocation: /default-rack, certSerialId: null}d6e5a99c-4067-45a5-9f51-68f82ac62b1e{ip: 192.168.34.56, host: pr-hdds-2111-hlhfn-3535364396, networkLocation: /default-rack, certSerialId: null}, Type:RATIS, Factor:THREE, State:CLOSED] from datanode e9384e49-5c15-4fe8-918f-d27f1539ccef{ip: 192.168.34.56, host: pr-hdds-2111-hlhfn-3535364396, networkLocation: /default-rack, certSerialId: null}. Reason : e9384e49-5c15-4fe8-918f-d27f1539ccef has not seen follower/s d6e5a99c-4067-45a5-9f51-68f82ac62b1e for 128214ms e8c1cc56-fd3a-4c1f-a15b-7334942b67be for 128215ms
2019-09-16 18:48:33,919 [EventQueue-PipelineActionsForPipelineActionHandler] INFO  pipeline.SCMPipelineManager (SCMPipelineManager.java:finalizeAndDestroyPipeline(311)) - destroying pipeline:Pipeline[ Id: 297f27b4-88a4-4c33-ba42-3233b5392349, Nodes: e8c1cc56-fd3a-4c1f-a15b-7334942b67be{ip: 192.168.34.56, host: pr-hdds-2111-hlhfn-3535364396, networkLocation: /default-rack, certSerialId: null}e9384e49-5c15-4fe8-918f-d27f1539ccef{ip: 192.168.34.56, host: pr-hdds-2111-hlhfn-3535364396, networkLocation: /default-rack, certSerialId: null}d6e5a99c-4067-45a5-9f51-68f82ac62b1e{ip: 192.168.34.56, host: pr-hdds-2111-hlhfn-3535364396, networkLocation: /default-rack, certSerialId: null}, Type:RATIS, Factor:THREE, State:CLOSED]
2019-09-16 18:48:34,825 [e9384e49-5c15-4fe8-918f-d27f1539ccef@group-3233B5392349-SegmentedRaftLogWorker] WARN  segmented.SegmentedRaftLogWorker (SegmentedRaftLogWorker.java:getFromFuture(90)) - Timeout 12/~
org.apache.ratis.protocol.TimeoutIOException: Timeout 10s: WriteLog:11: (t:1, i:11), STATEMACHINELOGENTRY, client-48CB266057AC, cid=32-writeStateMachineData
	at org.apache.ratis.util.IOUtils.getFromFuture(IOUtils.java:87)
	at org.apache.ratis.server.raftlog.segmented.SegmentedRaftLogWorker$StateMachineDataPolicy.getFromFuture(SegmentedRaftLogWorker.java:87)
	at org.apache.ratis.server.raftlog.segmented.SegmentedRaftLogWorker$WriteLog.execute(SegmentedRaftLogWorker.java:477)
	at org.apache.ratis.server.raftlog.segmented.SegmentedRaftLogWorker.run(SegmentedRaftLogWorker.java:289)
	at java.lang.Thread.run(Thread.java:748)
Caused by: java.util.concurrent.TimeoutException
	at java.util.concurrent.CompletableFuture.timedGet(CompletableFuture.java:1771)
	at java.util.concurrent.CompletableFuture.get(CompletableFuture.java:1915)
	at org.apache.ratis.util.IOUtils.getFromFuture(IOUtils.java:79)
	... 4 more
2019-09-16 18:48:34,837 [d6e5a99c-4067-45a5-9f51-68f82ac62b1e@group-3233B5392349-SegmentedRaftLogWorker] WARN  segmented.SegmentedRaftLogWorker (SegmentedRaftLogWorker.java:getFromFuture(90)) - Timeout 12/~
org.apache.ratis.protocol.TimeoutIOException: Timeout 10s: WriteLog:11: (t:1, i:11), STATEMACHINELOGENTRY, client-48CB266057AC, cid=32-writeStateMachineData
	at org.apache.ratis.util.IOUtils.getFromFuture(IOUtils.java:87)
	at org.apache.ratis.server.raftlog.segmented.SegmentedRaftLogWorker$StateMachineDataPolicy.getFromFuture(SegmentedRaftLogWorker.java:87)
	at org.apache.ratis.server.raftlog.segmented.SegmentedRaftLogWorker$WriteLog.execute(SegmentedRaftLogWorker.java:477)
	at org.apache.ratis.server.raftlog.segmented.SegmentedRaftLogWorker.run(SegmentedRaftLogWorker.java:289)
	at java.lang.Thread.run(Thread.java:748)
Caused by: java.util.concurrent.TimeoutException
	at java.util.concurrent.CompletableFuture.timedGet(CompletableFuture.java:1771)
	at java.util.concurrent.CompletableFuture.get(CompletableFuture.java:1915)
	at org.apache.ratis.util.IOUtils.getFromFuture(IOUtils.java:79)
	... 4 more
2019-09-16 18:48:34,900 [e8c1cc56-fd3a-4c1f-a15b-7334942b67be@group-3233B5392349-SegmentedRaftLogWorker] WARN  segmented.SegmentedRaftLogWorker (SegmentedRaftLogWorker.java:getFromFuture(90)) - Timeout 12/~
org.apache.ratis.protocol.TimeoutIOException: Timeout 10s: WriteLog:12: (t:1, i:12), STATEMACHINELOGENTRY, client-48CB266057AC, cid=33-writeStateMachineData
	at org.apache.ratis.util.IOUtils.getFromFuture(IOUtils.java:87)
	at org.apache.ratis.server.raftlog.segmented.SegmentedRaftLogWorker$StateMachineDataPolicy.getFromFuture(SegmentedRaftLogWorker.java:87)
	at org.apache.ratis.server.raftlog.segmented.SegmentedRaftLogWorker$WriteLog.execute(SegmentedRaftLogWorker.java:477)
	at org.apache.ratis.server.raftlog.segmented.SegmentedRaftLogWorker.run(SegmentedRaftLogWorker.java:289)
	at java.lang.Thread.run(Thread.java:748)
Caused by: java.util.concurrent.TimeoutException
	at java.util.concurrent.CompletableFuture.timedGet(CompletableFuture.java:1771)
	at java.util.concurrent.CompletableFuture.get(CompletableFuture.java:1915)
	at org.apache.ratis.util.IOUtils.getFromFuture(IOUtils.java:79)
	... 4 more
2019-09-16 18:48:35,422 [org.apache.ratis.server.impl.LogAppender$AppenderDaemon$$Lambda$533/1653271690@5bda47af] ERROR ratis.XceiverServerRatis (XceiverServerRatis.java:triggerPipelineClose(568)) - pipeline Action CLOSE  on pipeline PipelineID=297f27b4-88a4-4c33-ba42-3233b5392349.Reason : e9384e49-5c15-4fe8-918f-d27f1539ccef has not seen follower/s d6e5a99c-4067-45a5-9f51-68f82ac62b1e for 130715ms e8c1cc56-fd3a-4c1f-a15b-7334942b67be for 130715ms
2019-09-16 18:48:35,422 [org.apache.ratis.server.impl.LogAppender$AppenderDaemon$$Lambda$533/1653271690@230862c5] ERROR ratis.XceiverServerRatis (XceiverServerRatis.java:triggerPipelineClose(568)) - pipeline Action CLOSE  on pipeline PipelineID=297f27b4-88a4-4c33-ba42-3233b5392349.Reason : e9384e49-5c15-4fe8-918f-d27f1539ccef has not seen follower/s d6e5a99c-4067-45a5-9f51-68f82ac62b1e for 130715ms e8c1cc56-fd3a-4c1f-a15b-7334942b67be for 130715ms
2019-09-16 18:48:35,805 [grpc-default-executor-4] INFO  client.GrpcClientProtocolClient (GrpcClientProtocolClient.java:onNext(264)) - client-48CB266057AC->d6e5a99c-4067-45a5-9f51-68f82ac62b1e: receive RaftClientReply:client-48CB266057AC->d6e5a99c-4067-45a5-9f51-68f82ac62b1e@group-3233B5392349, cid=32, FAILED org.apache.ratis.protocol.NotLeaderException: Server d6e5a99c-4067-45a5-9f51-68f82ac62b1e@group-3233B5392349 is not the leader e9384e49-5c15-4fe8-918f-d27f1539ccef:192.168.34.56:34651, logIndex=0, commits[d6e5a99c-4067-45a5-9f51-68f82ac62b1e:c10, e9384e49-5c15-4fe8-918f-d27f1539ccef:c10, e8c1cc56-fd3a-4c1f-a15b-7334942b67be:c6]
2019-09-16 18:48:35,918 [EventQueue-PipelineActionsForPipelineActionHandler] ERROR pipeline.PipelineActionHandler (PipelineActionHandler.java:onMessage(60)) - Received pipeline action CLOSE for Pipeline[ Id: 297f27b4-88a4-4c33-ba42-3233b5392349, Nodes: e8c1cc56-fd3a-4c1f-a15b-7334942b67be{ip: 192.168.34.56, host: pr-hdds-2111-hlhfn-3535364396, networkLocation: /default-rack, certSerialId: null}e9384e49-5c15-4fe8-918f-d27f1539ccef{ip: 192.168.34.56, host: pr-hdds-2111-hlhfn-3535364396, networkLocation: /default-rack, certSerialId: null}d6e5a99c-4067-45a5-9f51-68f82ac62b1e{ip: 192.168.34.56, host: pr-hdds-2111-hlhfn-3535364396, networkLocation: /default-rack, certSerialId: null}, Type:RATIS, Factor:THREE, State:CLOSED] from datanode e9384e49-5c15-4fe8-918f-d27f1539ccef{ip: 192.168.34.56, host: pr-hdds-2111-hlhfn-3535364396, networkLocation: /default-rack, certSerialId: null}. Reason : e9384e49-5c15-4fe8-918f-d27f1539ccef has not seen follower/s d6e5a99c-4067-45a5-9f51-68f82ac62b1e for 130715ms e8c1cc56-fd3a-4c1f-a15b-7334942b67be for 130715ms
2019-09-16 18:48:35,919 [EventQueue-PipelineActionsForPipelineActionHandler] INFO  pipeline.SCMPipelineManager (SCMPipelineManager.java:finalizeAndDestroyPipeline(311)) - destroying pipeline:Pipeline[ Id: 297f27b4-88a4-4c33-ba42-3233b5392349, Nodes: e8c1cc56-fd3a-4c1f-a15b-7334942b67be{ip: 192.168.34.56, host: pr-hdds-2111-hlhfn-3535364396, networkLocation: /default-rack, certSerialId: null}e9384e49-5c15-4fe8-918f-d27f1539ccef{ip: 192.168.34.56, host: pr-hdds-2111-hlhfn-3535364396, networkLocation: /default-rack, certSerialId: null}d6e5a99c-4067-45a5-9f51-68f82ac62b1e{ip: 192.168.34.56, host: pr-hdds-2111-hlhfn-3535364396, networkLocation: /default-rack, certSerialId: null}, Type:RATIS, Factor:THREE, State:CLOSED]
2019-09-16 18:48:35,921 [java.util.concurrent.ThreadPoolExecutor$Worker@37302aeb[State = -1, empty queue]] WARN  server.GrpcLogAppender (GrpcLogAppender.java:timeoutAppendRequest(200)) - e9384e49-5c15-4fe8-918f-d27f1539ccef@group-3233B5392349->e8c1cc56-fd3a-4c1f-a15b-7334942b67be-GrpcLogAppender: appendEntries Timeout, request=e9384e49-5c15-4fe8-918f-d27f1539ccef->e8c1cc56-fd3a-4c1f-a15b-7334942b67be#141-t1, previous=(t:1, i:14), leaderCommit=10, initializing? false, entries: <empty>
2019-09-16 18:48:35,921 [java.util.concurrent.ThreadPoolExecutor$Worker@360b2eea[State = -1, empty queue]] WARN  server.GrpcLogAppender (GrpcLogAppender.java:timeoutAppendRequest(200)) - e9384e49-5c15-4fe8-918f-d27f1539ccef@group-3233B5392349->d6e5a99c-4067-45a5-9f51-68f82ac62b1e-GrpcLogAppender: appendEntries Timeout, request=e9384e49-5c15-4fe8-918f-d27f1539ccef->d6e5a99c-4067-45a5-9f51-68f82ac62b1e#141-t1, previous=(t:1, i:14), leaderCommit=10, initializing? false, entries: <empty>
2019-09-16 18:48:37,924 [org.apache.ratis.server.impl.LogAppender$AppenderDaemon$$Lambda$533/1653271690@5bda47af] ERROR ratis.XceiverServerRatis (XceiverServerRatis.java:triggerPipelineClose(568)) - pipeline Action CLOSE  on pipeline PipelineID=297f27b4-88a4-4c33-ba42-3233b5392349.Reason : e9384e49-5c15-4fe8-918f-d27f1539ccef has not seen follower/s d6e5a99c-4067-45a5-9f51-68f82ac62b1e for 133217ms e8c1cc56-fd3a-4c1f-a15b-7334942b67be for 133217ms
2019-09-16 18:48:37,924 [org.apache.ratis.server.impl.LogAppender$AppenderDaemon$$Lambda$533/1653271690@230862c5] ERROR ratis.XceiverServerRatis (XceiverServerRatis.java:triggerPipelineClose(568)) - pipeline Action CLOSE  on pipeline PipelineID=297f27b4-88a4-4c33-ba42-3233b5392349.Reason : e9384e49-5c15-4fe8-918f-d27f1539ccef has not seen follower/s d6e5a99c-4067-45a5-9f51-68f82ac62b1e for 133217ms e8c1cc56-fd3a-4c1f-a15b-7334942b67be for 133217ms
2019-09-16 18:48:38,422 [java.util.concurrent.ThreadPoolExecutor$Worker@37302aeb[State = -1, empty queue]] WARN  server.GrpcLogAppender (GrpcLogAppender.java:timeoutAppendRequest(200)) - e9384e49-5c15-4fe8-918f-d27f1539ccef@group-3233B5392349->e8c1cc56-fd3a-4c1f-a15b-7334942b67be-GrpcLogAppender: appendEntries Timeout, request=e9384e49-5c15-4fe8-918f-d27f1539ccef->e8c1cc56-fd3a-4c1f-a15b-7334942b67be#142-t1, previous=(t:1, i:14), leaderCommit=10, initializing? false, entries: <empty>
2019-09-16 18:48:38,422 [java.util.concurrent.ThreadPoolExecutor$Worker@360b2eea[State = -1, empty queue]] WARN  server.GrpcLogAppender (GrpcLogAppender.java:timeoutAppendRequest(200)) - e9384e49-5c15-4fe8-918f-d27f1539ccef@group-3233B5392349->d6e5a99c-4067-45a5-9f51-68f82ac62b1e-GrpcLogAppender: appendEntries Timeout, request=e9384e49-5c15-4fe8-918f-d27f1539ccef->d6e5a99c-4067-45a5-9f51-68f82ac62b1e#142-t1, previous=(t:1, i:14), leaderCommit=10, initializing? false, entries: <empty>
2019-09-16 18:48:38,919 [EventQueue-PipelineActionsForPipelineActionHandler] ERROR pipeline.PipelineActionHandler (PipelineActionHandler.java:onMessage(60)) - Received pipeline action CLOSE for Pipeline[ Id: 297f27b4-88a4-4c33-ba42-3233b5392349, Nodes: e8c1cc56-fd3a-4c1f-a15b-7334942b67be{ip: 192.168.34.56, host: pr-hdds-2111-hlhfn-3535364396, networkLocation: /default-rack, certSerialId: null}e9384e49-5c15-4fe8-918f-d27f1539ccef{ip: 192.168.34.56, host: pr-hdds-2111-hlhfn-3535364396, networkLocation: /default-rack, certSerialId: null}d6e5a99c-4067-45a5-9f51-68f82ac62b1e{ip: 192.168.34.56, host: pr-hdds-2111-hlhfn-3535364396, networkLocation: /default-rack, certSerialId: null}, Type:RATIS, Factor:THREE, State:CLOSED] from datanode e9384e49-5c15-4fe8-918f-d27f1539ccef{ip: 192.168.34.56, host: pr-hdds-2111-hlhfn-3535364396, networkLocation: /default-rack, certSerialId: null}. Reason : e9384e49-5c15-4fe8-918f-d27f1539ccef has not seen follower/s d6e5a99c-4067-45a5-9f51-68f82ac62b1e for 133217ms e8c1cc56-fd3a-4c1f-a15b-7334942b67be for 133217ms
2019-09-16 18:48:38,920 [EventQueue-PipelineActionsForPipelineActionHandler] INFO  pipeline.SCMPipelineManager (SCMPipelineManager.java:finalizeAndDestroyPipeline(311)) - destroying pipeline:Pipeline[ Id: 297f27b4-88a4-4c33-ba42-3233b5392349, Nodes: e8c1cc56-fd3a-4c1f-a15b-7334942b67be{ip: 192.168.34.56, host: pr-hdds-2111-hlhfn-3535364396, networkLocation: /default-rack, certSerialId: null}e9384e49-5c15-4fe8-918f-d27f1539ccef{ip: 192.168.34.56, host: pr-hdds-2111-hlhfn-3535364396, networkLocation: /default-rack, certSerialId: null}d6e5a99c-4067-45a5-9f51-68f82ac62b1e{ip: 192.168.34.56, host: pr-hdds-2111-hlhfn-3535364396, networkLocation: /default-rack, certSerialId: null}, Type:RATIS, Factor:THREE, State:CLOSED]
2019-09-16 18:48:40,424 [org.apache.ratis.server.impl.LogAppender$AppenderDaemon$$Lambda$533/1653271690@230862c5] ERROR ratis.XceiverServerRatis (XceiverServerRatis.java:triggerPipelineClose(568)) - pipeline Action CLOSE  on pipeline PipelineID=297f27b4-88a4-4c33-ba42-3233b5392349.Reason : e9384e49-5c15-4fe8-918f-d27f1539ccef has not seen follower/s d6e5a99c-4067-45a5-9f51-68f82ac62b1e for 135717ms e8c1cc56-fd3a-4c1f-a15b-7334942b67be for 135718ms
2019-09-16 18:48:40,424 [org.apache.ratis.server.impl.LogAppender$AppenderDaemon$$Lambda$533/1653271690@5bda47af] ERROR ratis.XceiverServerRatis (XceiverServerRatis.java:triggerPipelineClose(568)) - pipeline Action CLOSE  on pipeline PipelineID=297f27b4-88a4-4c33-ba42-3233b5392349.Reason : e9384e49-5c15-4fe8-918f-d27f1539ccef has not seen follower/s d6e5a99c-4067-45a5-9f51-68f82ac62b1e for 135717ms e8c1cc56-fd3a-4c1f-a15b-7334942b67be for 135718ms
2019-09-16 18:48:40,845 [grpc-default-executor-6] INFO  client.GrpcClientProtocolClient (GrpcClientProtocolClient.java:onNext(264)) - client-48CB266057AC->d6e5a99c-4067-45a5-9f51-68f82ac62b1e: receive RaftClientReply:client-48CB266057AC->d6e5a99c-4067-45a5-9f51-68f82ac62b1e@group-3233B5392349, cid=32, FAILED org.apache.ratis.protocol.NotLeaderException: Server d6e5a99c-4067-45a5-9f51-68f82ac62b1e@group-3233B5392349 is not the leader e9384e49-5c15-4fe8-918f-d27f1539ccef:192.168.34.56:34651, logIndex=0, commits[d6e5a99c-4067-45a5-9f51-68f82ac62b1e:c10, e9384e49-5c15-4fe8-918f-d27f1539ccef:c10, e8c1cc56-fd3a-4c1f-a15b-7334942b67be:c6]
2019-09-16 18:48:40,919 [EventQueue-PipelineActionsForPipelineActionHandler] ERROR pipeline.PipelineActionHandler (PipelineActionHandler.java:onMessage(60)) - Received pipeline action CLOSE for Pipeline[ Id: 297f27b4-88a4-4c33-ba42-3233b5392349, Nodes: e8c1cc56-fd3a-4c1f-a15b-7334942b67be{ip: 192.168.34.56, host: pr-hdds-2111-hlhfn-3535364396, networkLocation: /default-rack, certSerialId: null}e9384e49-5c15-4fe8-918f-d27f1539ccef{ip: 192.168.34.56, host: pr-hdds-2111-hlhfn-3535364396, networkLocation: /default-rack, certSerialId: null}d6e5a99c-4067-45a5-9f51-68f82ac62b1e{ip: 192.168.34.56, host: pr-hdds-2111-hlhfn-3535364396, networkLocation: /default-rack, certSerialId: null}, Type:RATIS, Factor:THREE, State:CLOSED] from datanode e9384e49-5c15-4fe8-918f-d27f1539ccef{ip: 192.168.34.56, host: pr-hdds-2111-hlhfn-3535364396, networkLocation: /default-rack, certSerialId: null}. Reason : e9384e49-5c15-4fe8-918f-d27f1539ccef has not seen follower/s d6e5a99c-4067-45a5-9f51-68f82ac62b1e for 135717ms e8c1cc56-fd3a-4c1f-a15b-7334942b67be for 135718ms
2019-09-16 18:48:40,919 [EventQueue-PipelineActionsForPipelineActionHandler] INFO  pipeline.SCMPipelineManager (SCMPipelineManager.java:finalizeAndDestroyPipeline(311)) - destroying pipeline:Pipeline[ Id: 297f27b4-88a4-4c33-ba42-3233b5392349, Nodes: e8c1cc56-fd3a-4c1f-a15b-7334942b67be{ip: 192.168.34.56, host: pr-hdds-2111-hlhfn-3535364396, networkLocation: /default-rack, certSerialId: null}e9384e49-5c15-4fe8-918f-d27f1539ccef{ip: 192.168.34.56, host: pr-hdds-2111-hlhfn-3535364396, networkLocation: /default-rack, certSerialId: null}d6e5a99c-4067-45a5-9f51-68f82ac62b1e{ip: 192.168.34.56, host: pr-hdds-2111-hlhfn-3535364396, networkLocation: /default-rack, certSerialId: null}, Type:RATIS, Factor:THREE, State:CLOSED]
2019-09-16 18:48:40,923 [java.util.concurrent.ThreadPoolExecutor$Worker@37302aeb[State = -1, empty queue]] WARN  server.GrpcLogAppender (GrpcLogAppender.java:timeoutAppendRequest(200)) - e9384e49-5c15-4fe8-918f-d27f1539ccef@group-3233B5392349->e8c1cc56-fd3a-4c1f-a15b-7334942b67be-GrpcLogAppender: appendEntries Timeout, request=e9384e49-5c15-4fe8-918f-d27f1539ccef->e8c1cc56-fd3a-4c1f-a15b-7334942b67be#143-t1, previous=(t:1, i:14), leaderCommit=10, initializing? false, entries: <empty>
2019-09-16 18:48:40,923 [java.util.concurrent.ThreadPoolExecutor$Worker@360b2eea[State = -1, empty queue]] WARN  server.GrpcLogAppender (GrpcLogAppender.java:timeoutAppendRequest(200)) - e9384e49-5c15-4fe8-918f-d27f1539ccef@group-3233B5392349->d6e5a99c-4067-45a5-9f51-68f82ac62b1e-GrpcLogAppender: appendEntries Timeout, request=e9384e49-5c15-4fe8-918f-d27f1539ccef->d6e5a99c-4067-45a5-9f51-68f82ac62b1e#143-t1, previous=(t:1, i:14), leaderCommit=10, initializing? false, entries: <empty>
2019-09-16 18:48:42,925 [org.apache.ratis.server.impl.LogAppender$AppenderDaemon$$Lambda$533/1653271690@5bda47af] ERROR ratis.XceiverServerRatis (XceiverServerRatis.java:triggerPipelineClose(568)) - pipeline Action CLOSE  on pipeline PipelineID=297f27b4-88a4-4c33-ba42-3233b5392349.Reason : e9384e49-5c15-4fe8-918f-d27f1539ccef has not seen follower/s d6e5a99c-4067-45a5-9f51-68f82ac62b1e for 138218ms e8c1cc56-fd3a-4c1f-a15b-7334942b67be for 138219ms
2019-09-16 18:48:42,925 [org.apache.ratis.server.impl.LogAppender$AppenderDaemon$$Lambda$533/1653271690@230862c5] ERROR ratis.XceiverServerRatis (XceiverServerRatis.java:triggerPipelineClose(568)) - pipeline Action CLOSE  on pipeline PipelineID=297f27b4-88a4-4c33-ba42-3233b5392349.Reason : e9384e49-5c15-4fe8-918f-d27f1539ccef has not seen follower/s d6e5a99c-4067-45a5-9f51-68f82ac62b1e for 138218ms e8c1cc56-fd3a-4c1f-a15b-7334942b67be for 138219ms
2019-09-16 18:48:43,424 [java.util.concurrent.ThreadPoolExecutor$Worker@37302aeb[State = -1, empty queue]] WARN  server.GrpcLogAppender (GrpcLogAppender.java:timeoutAppendRequest(200)) - e9384e49-5c15-4fe8-918f-d27f1539ccef@group-3233B5392349->e8c1cc56-fd3a-4c1f-a15b-7334942b67be-GrpcLogAppender: appendEntries Timeout, request=e9384e49-5c15-4fe8-918f-d27f1539ccef->e8c1cc56-fd3a-4c1f-a15b-7334942b67be#144-t1, previous=(t:1, i:14), leaderCommit=10, initializing? false, entries: <empty>
2019-09-16 18:48:43,424 [java.util.concurrent.ThreadPoolExecutor$Worker@360b2eea[State = -1, empty queue]] WARN  server.GrpcLogAppender (GrpcLogAppender.java:timeoutAppendRequest(200)) - e9384e49-5c15-4fe8-918f-d27f1539ccef@group-3233B5392349->d6e5a99c-4067-45a5-9f51-68f82ac62b1e-GrpcLogAppender: appendEntries Timeout, request=e9384e49-5c15-4fe8-918f-d27f1539ccef->d6e5a99c-4067-45a5-9f51-68f82ac62b1e#144-t1, previous=(t:1, i:14), leaderCommit=10, initializing? false, entries: <empty>
2019-09-16 18:48:43,920 [EventQueue-PipelineActionsForPipelineActionHandler] ERROR pipeline.PipelineActionHandler (PipelineActionHandler.java:onMessage(60)) - Received pipeline action CLOSE for Pipeline[ Id: 297f27b4-88a4-4c33-ba42-3233b5392349, Nodes: e8c1cc56-fd3a-4c1f-a15b-7334942b67be{ip: 192.168.34.56, host: pr-hdds-2111-hlhfn-3535364396, networkLocation: /default-rack, certSerialId: null}e9384e49-5c15-4fe8-918f-d27f1539ccef{ip: 192.168.34.56, host: pr-hdds-2111-hlhfn-3535364396, networkLocation: /default-rack, certSerialId: null}d6e5a99c-4067-45a5-9f51-68f82ac62b1e{ip: 192.168.34.56, host: pr-hdds-2111-hlhfn-3535364396, networkLocation: /default-rack, certSerialId: null}, Type:RATIS, Factor:THREE, State:CLOSED] from datanode e9384e49-5c15-4fe8-918f-d27f1539ccef{ip: 192.168.34.56, host: pr-hdds-2111-hlhfn-3535364396, networkLocation: /default-rack, certSerialId: null}. Reason : e9384e49-5c15-4fe8-918f-d27f1539ccef has not seen follower/s d6e5a99c-4067-45a5-9f51-68f82ac62b1e for 138218ms e8c1cc56-fd3a-4c1f-a15b-7334942b67be for 138219ms
2019-09-16 18:48:43,920 [EventQueue-PipelineActionsForPipelineActionHandler] INFO  pipeline.SCMPipelineManager (SCMPipelineManager.java:finalizeAndDestroyPipeline(311)) - destroying pipeline:Pipeline[ Id: 297f27b4-88a4-4c33-ba42-3233b5392349, Nodes: e8c1cc56-fd3a-4c1f-a15b-7334942b67be{ip: 192.168.34.56, host: pr-hdds-2111-hlhfn-3535364396, networkLocation: /default-rack, certSerialId: null}e9384e49-5c15-4fe8-918f-d27f1539ccef{ip: 192.168.34.56, host: pr-hdds-2111-hlhfn-3535364396, networkLocation: /default-rack, certSerialId: null}d6e5a99c-4067-45a5-9f51-68f82ac62b1e{ip: 192.168.34.56, host: pr-hdds-2111-hlhfn-3535364396, networkLocation: /default-rack, certSerialId: null}, Type:RATIS, Factor:THREE, State:CLOSED]
2019-09-16 18:48:44,825 [e9384e49-5c15-4fe8-918f-d27f1539ccef@group-3233B5392349-SegmentedRaftLogWorker] WARN  segmented.SegmentedRaftLogWorker (SegmentedRaftLogWorker.java:getFromFuture(90)) - Timeout 13/~
org.apache.ratis.protocol.TimeoutIOException: Timeout 10s: WriteLog:11: (t:1, i:11), STATEMACHINELOGENTRY, client-48CB266057AC, cid=32-writeStateMachineData
	at org.apache.ratis.util.IOUtils.getFromFuture(IOUtils.java:87)
	at org.apache.ratis.server.raftlog.segmented.SegmentedRaftLogWorker$StateMachineDataPolicy.getFromFuture(SegmentedRaftLogWorker.java:87)
	at org.apache.ratis.server.raftlog.segmented.SegmentedRaftLogWorker$WriteLog.execute(SegmentedRaftLogWorker.java:477)
	at org.apache.ratis.server.raftlog.segmented.SegmentedRaftLogWorker.run(SegmentedRaftLogWorker.java:289)
	at java.lang.Thread.run(Thread.java:748)
Caused by: java.util.concurrent.TimeoutException
	at java.util.concurrent.CompletableFuture.timedGet(CompletableFuture.java:1771)
	at java.util.concurrent.CompletableFuture.get(CompletableFuture.java:1915)
	at org.apache.ratis.util.IOUtils.getFromFuture(IOUtils.java:79)
	... 4 more
2019-09-16 18:48:44,838 [d6e5a99c-4067-45a5-9f51-68f82ac62b1e@group-3233B5392349-SegmentedRaftLogWorker] WARN  segmented.SegmentedRaftLogWorker (SegmentedRaftLogWorker.java:getFromFuture(90)) - Timeout 13/~
org.apache.ratis.protocol.TimeoutIOException: Timeout 10s: WriteLog:11: (t:1, i:11), STATEMACHINELOGENTRY, client-48CB266057AC, cid=32-writeStateMachineData
	at org.apache.ratis.util.IOUtils.getFromFuture(IOUtils.java:87)
	at org.apache.ratis.server.raftlog.segmented.SegmentedRaftLogWorker$StateMachineDataPolicy.getFromFuture(SegmentedRaftLogWorker.java:87)
	at org.apache.ratis.server.raftlog.segmented.SegmentedRaftLogWorker$WriteLog.execute(SegmentedRaftLogWorker.java:477)
	at org.apache.ratis.server.raftlog.segmented.SegmentedRaftLogWorker.run(SegmentedRaftLogWorker.java:289)
	at java.lang.Thread.run(Thread.java:748)
Caused by: java.util.concurrent.TimeoutException
	at java.util.concurrent.CompletableFuture.timedGet(CompletableFuture.java:1771)
	at java.util.concurrent.CompletableFuture.get(CompletableFuture.java:1915)
	at org.apache.ratis.util.IOUtils.getFromFuture(IOUtils.java:79)
	... 4 more
2019-09-16 18:48:44,900 [e8c1cc56-fd3a-4c1f-a15b-7334942b67be@group-3233B5392349-SegmentedRaftLogWorker] WARN  segmented.SegmentedRaftLogWorker (SegmentedRaftLogWorker.java:getFromFuture(90)) - Timeout 13/~
org.apache.ratis.protocol.TimeoutIOException: Timeout 10s: WriteLog:12: (t:1, i:12), STATEMACHINELOGENTRY, client-48CB266057AC, cid=33-writeStateMachineData
	at org.apache.ratis.util.IOUtils.getFromFuture(IOUtils.java:87)
	at org.apache.ratis.server.raftlog.segmented.SegmentedRaftLogWorker$StateMachineDataPolicy.getFromFuture(SegmentedRaftLogWorker.java:87)
	at org.apache.ratis.server.raftlog.segmented.SegmentedRaftLogWorker$WriteLog.execute(SegmentedRaftLogWorker.java:477)
	at org.apache.ratis.server.raftlog.segmented.SegmentedRaftLogWorker.run(SegmentedRaftLogWorker.java:289)
	at java.lang.Thread.run(Thread.java:748)
Caused by: java.util.concurrent.TimeoutException
	at java.util.concurrent.CompletableFuture.timedGet(CompletableFuture.java:1771)
	at java.util.concurrent.CompletableFuture.get(CompletableFuture.java:1915)
	at org.apache.ratis.util.IOUtils.getFromFuture(IOUtils.java:79)
	... 4 more
2019-09-16 18:48:45,426 [org.apache.ratis.server.impl.LogAppender$AppenderDaemon$$Lambda$533/1653271690@5bda47af] ERROR ratis.XceiverServerRatis (XceiverServerRatis.java:triggerPipelineClose(568)) - pipeline Action CLOSE  on pipeline PipelineID=297f27b4-88a4-4c33-ba42-3233b5392349.Reason : e9384e49-5c15-4fe8-918f-d27f1539ccef has not seen follower/s d6e5a99c-4067-45a5-9f51-68f82ac62b1e for 140719ms e8c1cc56-fd3a-4c1f-a15b-7334942b67be for 140719ms
2019-09-16 18:48:45,426 [org.apache.ratis.server.impl.LogAppender$AppenderDaemon$$Lambda$533/1653271690@230862c5] ERROR ratis.XceiverServerRatis (XceiverServerRatis.java:triggerPipelineClose(568)) - pipeline Action CLOSE  on pipeline PipelineID=297f27b4-88a4-4c33-ba42-3233b5392349.Reason : e9384e49-5c15-4fe8-918f-d27f1539ccef has not seen follower/s d6e5a99c-4067-45a5-9f51-68f82ac62b1e for 140719ms e8c1cc56-fd3a-4c1f-a15b-7334942b67be for 140719ms
2019-09-16 18:48:45,896 [grpc-default-executor-6] INFO  client.GrpcClientProtocolClient (GrpcClientProtocolClient.java:onNext(264)) - client-48CB266057AC->e8c1cc56-fd3a-4c1f-a15b-7334942b67be: receive RaftClientReply:client-48CB266057AC->e8c1cc56-fd3a-4c1f-a15b-7334942b67be@group-3233B5392349, cid=32, FAILED org.apache.ratis.protocol.NotLeaderException: Server e8c1cc56-fd3a-4c1f-a15b-7334942b67be@group-3233B5392349 is not the leader e9384e49-5c15-4fe8-918f-d27f1539ccef:192.168.34.56:34651, logIndex=0, commits[e8c1cc56-fd3a-4c1f-a15b-7334942b67be:c10, e9384e49-5c15-4fe8-918f-d27f1539ccef:c10, d6e5a99c-4067-45a5-9f51-68f82ac62b1e:c6]
2019-09-16 18:48:45,926 [java.util.concurrent.ThreadPoolExecutor$Worker@360b2eea[State = -1, empty queue]] WARN  server.GrpcLogAppender (GrpcLogAppender.java:timeoutAppendRequest(200)) - e9384e49-5c15-4fe8-918f-d27f1539ccef@group-3233B5392349->d6e5a99c-4067-45a5-9f51-68f82ac62b1e-GrpcLogAppender: appendEntries Timeout, request=e9384e49-5c15-4fe8-918f-d27f1539ccef->d6e5a99c-4067-45a5-9f51-68f82ac62b1e#145-t1, previous=(t:1, i:14), leaderCommit=10, initializing? false, entries: <empty>
2019-09-16 18:48:45,926 [java.util.concurrent.ThreadPoolExecutor$Worker@37302aeb[State = -1, empty queue]] WARN  server.GrpcLogAppender (GrpcLogAppender.java:timeoutAppendRequest(200)) - e9384e49-5c15-4fe8-918f-d27f1539ccef@group-3233B5392349->e8c1cc56-fd3a-4c1f-a15b-7334942b67be-GrpcLogAppender: appendEntries Timeout, request=e9384e49-5c15-4fe8-918f-d27f1539ccef->e8c1cc56-fd3a-4c1f-a15b-7334942b67be#145-t1, previous=(t:1, i:14), leaderCommit=10, initializing? false, entries: <empty>
2019-09-16 18:48:45,927 [EventQueue-PipelineActionsForPipelineActionHandler] ERROR pipeline.PipelineActionHandler (PipelineActionHandler.java:onMessage(60)) - Received pipeline action CLOSE for Pipeline[ Id: 297f27b4-88a4-4c33-ba42-3233b5392349, Nodes: e8c1cc56-fd3a-4c1f-a15b-7334942b67be{ip: 192.168.34.56, host: pr-hdds-2111-hlhfn-3535364396, networkLocation: /default-rack, certSerialId: null}e9384e49-5c15-4fe8-918f-d27f1539ccef{ip: 192.168.34.56, host: pr-hdds-2111-hlhfn-3535364396, networkLocation: /default-rack, certSerialId: null}d6e5a99c-4067-45a5-9f51-68f82ac62b1e{ip: 192.168.34.56, host: pr-hdds-2111-hlhfn-3535364396, networkLocation: /default-rack, certSerialId: null}, Type:RATIS, Factor:THREE, State:CLOSED] from datanode e9384e49-5c15-4fe8-918f-d27f1539ccef{ip: 192.168.34.56, host: pr-hdds-2111-hlhfn-3535364396, networkLocation: /default-rack, certSerialId: null}. Reason : e9384e49-5c15-4fe8-918f-d27f1539ccef has not seen follower/s d6e5a99c-4067-45a5-9f51-68f82ac62b1e for 140719ms e8c1cc56-fd3a-4c1f-a15b-7334942b67be for 140719ms
2019-09-16 18:48:45,927 [EventQueue-PipelineActionsForPipelineActionHandler] INFO  pipeline.SCMPipelineManager (SCMPipelineManager.java:finalizeAndDestroyPipeline(311)) - destroying pipeline:Pipeline[ Id: 297f27b4-88a4-4c33-ba42-3233b5392349, Nodes: e8c1cc56-fd3a-4c1f-a15b-7334942b67be{ip: 192.168.34.56, host: pr-hdds-2111-hlhfn-3535364396, networkLocation: /default-rack, certSerialId: null}e9384e49-5c15-4fe8-918f-d27f1539ccef{ip: 192.168.34.56, host: pr-hdds-2111-hlhfn-3535364396, networkLocation: /default-rack, certSerialId: null}d6e5a99c-4067-45a5-9f51-68f82ac62b1e{ip: 192.168.34.56, host: pr-hdds-2111-hlhfn-3535364396, networkLocation: /default-rack, certSerialId: null}, Type:RATIS, Factor:THREE, State:CLOSED]
2019-09-16 18:48:47,927 [org.apache.ratis.server.impl.LogAppender$AppenderDaemon$$Lambda$533/1653271690@230862c5] ERROR ratis.XceiverServerRatis (XceiverServerRatis.java:triggerPipelineClose(568)) - pipeline Action CLOSE  on pipeline PipelineID=297f27b4-88a4-4c33-ba42-3233b5392349.Reason : e9384e49-5c15-4fe8-918f-d27f1539ccef has not seen follower/s d6e5a99c-4067-45a5-9f51-68f82ac62b1e for 143220ms e8c1cc56-fd3a-4c1f-a15b-7334942b67be for 143221ms
2019-09-16 18:48:47,927 [org.apache.ratis.server.impl.LogAppender$AppenderDaemon$$Lambda$533/1653271690@5bda47af] ERROR ratis.XceiverServerRatis (XceiverServerRatis.java:triggerPipelineClose(568)) - pipeline Action CLOSE  on pipeline PipelineID=297f27b4-88a4-4c33-ba42-3233b5392349.Reason : e9384e49-5c15-4fe8-918f-d27f1539ccef has not seen follower/s d6e5a99c-4067-45a5-9f51-68f82ac62b1e for 143220ms e8c1cc56-fd3a-4c1f-a15b-7334942b67be for 143221ms
2019-09-16 18:48:48,426 [java.util.concurrent.ThreadPoolExecutor$Worker@360b2eea[State = -1, empty queue]] WARN  server.GrpcLogAppender (GrpcLogAppender.java:timeoutAppendRequest(200)) - e9384e49-5c15-4fe8-918f-d27f1539ccef@group-3233B5392349->d6e5a99c-4067-45a5-9f51-68f82ac62b1e-GrpcLogAppender: appendEntries Timeout, request=e9384e49-5c15-4fe8-918f-d27f1539ccef->d6e5a99c-4067-45a5-9f51-68f82ac62b1e#146-t1, previous=(t:1, i:14), leaderCommit=10, initializing? false, entries: <empty>
2019-09-16 18:48:48,426 [java.util.concurrent.ThreadPoolExecutor$Worker@37302aeb[State = -1, empty queue]] WARN  server.GrpcLogAppender (GrpcLogAppender.java:timeoutAppendRequest(200)) - e9384e49-5c15-4fe8-918f-d27f1539ccef@group-3233B5392349->e8c1cc56-fd3a-4c1f-a15b-7334942b67be-GrpcLogAppender: appendEntries Timeout, request=e9384e49-5c15-4fe8-918f-d27f1539ccef->e8c1cc56-fd3a-4c1f-a15b-7334942b67be#146-t1, previous=(t:1, i:14), leaderCommit=10, initializing? false, entries: <empty>
2019-09-16 18:48:48,922 [EventQueue-PipelineActionsForPipelineActionHandler] ERROR pipeline.PipelineActionHandler (PipelineActionHandler.java:onMessage(60)) - Received pipeline action CLOSE for Pipeline[ Id: 297f27b4-88a4-4c33-ba42-3233b5392349, Nodes: e8c1cc56-fd3a-4c1f-a15b-7334942b67be{ip: 192.168.34.56, host: pr-hdds-2111-hlhfn-3535364396, networkLocation: /default-rack, certSerialId: null}e9384e49-5c15-4fe8-918f-d27f1539ccef{ip: 192.168.34.56, host: pr-hdds-2111-hlhfn-3535364396, networkLocation: /default-rack, certSerialId: null}d6e5a99c-4067-45a5-9f51-68f82ac62b1e{ip: 192.168.34.56, host: pr-hdds-2111-hlhfn-3535364396, networkLocation: /default-rack, certSerialId: null}, Type:RATIS, Factor:THREE, State:CLOSED] from datanode e9384e49-5c15-4fe8-918f-d27f1539ccef{ip: 192.168.34.56, host: pr-hdds-2111-hlhfn-3535364396, networkLocation: /default-rack, certSerialId: null}. Reason : e9384e49-5c15-4fe8-918f-d27f1539ccef has not seen follower/s d6e5a99c-4067-45a5-9f51-68f82ac62b1e for 143220ms e8c1cc56-fd3a-4c1f-a15b-7334942b67be for 143221ms
2019-09-16 18:48:48,923 [EventQueue-PipelineActionsForPipelineActionHandler] INFO  pipeline.SCMPipelineManager (SCMPipelineManager.java:finalizeAndDestroyPipeline(311)) - destroying pipeline:Pipeline[ Id: 297f27b4-88a4-4c33-ba42-3233b5392349, Nodes: e8c1cc56-fd3a-4c1f-a15b-7334942b67be{ip: 192.168.34.56, host: pr-hdds-2111-hlhfn-3535364396, networkLocation: /default-rack, certSerialId: null}e9384e49-5c15-4fe8-918f-d27f1539ccef{ip: 192.168.34.56, host: pr-hdds-2111-hlhfn-3535364396, networkLocation: /default-rack, certSerialId: null}d6e5a99c-4067-45a5-9f51-68f82ac62b1e{ip: 192.168.34.56, host: pr-hdds-2111-hlhfn-3535364396, networkLocation: /default-rack, certSerialId: null}, Type:RATIS, Factor:THREE, State:CLOSED]
2019-09-16 18:48:50,428 [org.apache.ratis.server.impl.LogAppender$AppenderDaemon$$Lambda$533/1653271690@5bda47af] ERROR ratis.XceiverServerRatis (XceiverServerRatis.java:triggerPipelineClose(568)) - pipeline Action CLOSE  on pipeline PipelineID=297f27b4-88a4-4c33-ba42-3233b5392349.Reason : e9384e49-5c15-4fe8-918f-d27f1539ccef has not seen follower/s d6e5a99c-4067-45a5-9f51-68f82ac62b1e for 145721ms e8c1cc56-fd3a-4c1f-a15b-7334942b67be for 145721ms
2019-09-16 18:48:50,428 [org.apache.ratis.server.impl.LogAppender$AppenderDaemon$$Lambda$533/1653271690@230862c5] ERROR ratis.XceiverServerRatis (XceiverServerRatis.java:triggerPipelineClose(568)) - pipeline Action CLOSE  on pipeline PipelineID=297f27b4-88a4-4c33-ba42-3233b5392349.Reason : e9384e49-5c15-4fe8-918f-d27f1539ccef has not seen follower/s d6e5a99c-4067-45a5-9f51-68f82ac62b1e for 145721ms e8c1cc56-fd3a-4c1f-a15b-7334942b67be for 145721ms
2019-09-16 18:48:50,922 [EventQueue-PipelineActionsForPipelineActionHandler] ERROR pipeline.PipelineActionHandler (PipelineActionHandler.java:onMessage(60)) - Received pipeline action CLOSE for Pipeline[ Id: 297f27b4-88a4-4c33-ba42-3233b5392349, Nodes: e8c1cc56-fd3a-4c1f-a15b-7334942b67be{ip: 192.168.34.56, host: pr-hdds-2111-hlhfn-3535364396, networkLocation: /default-rack, certSerialId: null}e9384e49-5c15-4fe8-918f-d27f1539ccef{ip: 192.168.34.56, host: pr-hdds-2111-hlhfn-3535364396, networkLocation: /default-rack, certSerialId: null}d6e5a99c-4067-45a5-9f51-68f82ac62b1e{ip: 192.168.34.56, host: pr-hdds-2111-hlhfn-3535364396, networkLocation: /default-rack, certSerialId: null}, Type:RATIS, Factor:THREE, State:CLOSED] from datanode e9384e49-5c15-4fe8-918f-d27f1539ccef{ip: 192.168.34.56, host: pr-hdds-2111-hlhfn-3535364396, networkLocation: /default-rack, certSerialId: null}. Reason : e9384e49-5c15-4fe8-918f-d27f1539ccef has not seen follower/s d6e5a99c-4067-45a5-9f51-68f82ac62b1e for 145721ms e8c1cc56-fd3a-4c1f-a15b-7334942b67be for 145721ms
2019-09-16 18:48:50,923 [EventQueue-PipelineActionsForPipelineActionHandler] INFO  pipeline.SCMPipelineManager (SCMPipelineManager.java:finalizeAndDestroyPipeline(311)) - destroying pipeline:Pipeline[ Id: 297f27b4-88a4-4c33-ba42-3233b5392349, Nodes: e8c1cc56-fd3a-4c1f-a15b-7334942b67be{ip: 192.168.34.56, host: pr-hdds-2111-hlhfn-3535364396, networkLocation: /default-rack, certSerialId: null}e9384e49-5c15-4fe8-918f-d27f1539ccef{ip: 192.168.34.56, host: pr-hdds-2111-hlhfn-3535364396, networkLocation: /default-rack, certSerialId: null}d6e5a99c-4067-45a5-9f51-68f82ac62b1e{ip: 192.168.34.56, host: pr-hdds-2111-hlhfn-3535364396, networkLocation: /default-rack, certSerialId: null}, Type:RATIS, Factor:THREE, State:CLOSED]
2019-09-16 18:48:50,927 [java.util.concurrent.ThreadPoolExecutor$Worker@360b2eea[State = -1, empty queue]] WARN  server.GrpcLogAppender (GrpcLogAppender.java:timeoutAppendRequest(200)) - e9384e49-5c15-4fe8-918f-d27f1539ccef@group-3233B5392349->d6e5a99c-4067-45a5-9f51-68f82ac62b1e-GrpcLogAppender: appendEntries Timeout, request=e9384e49-5c15-4fe8-918f-d27f1539ccef->d6e5a99c-4067-45a5-9f51-68f82ac62b1e#147-t1, previous=(t:1, i:14), leaderCommit=10, initializing? false, entries: <empty>
2019-09-16 18:48:50,927 [java.util.concurrent.ThreadPoolExecutor$Worker@37302aeb[State = -1, empty queue]] WARN  server.GrpcLogAppender (GrpcLogAppender.java:timeoutAppendRequest(200)) - e9384e49-5c15-4fe8-918f-d27f1539ccef@group-3233B5392349->e8c1cc56-fd3a-4c1f-a15b-7334942b67be-GrpcLogAppender: appendEntries Timeout, request=e9384e49-5c15-4fe8-918f-d27f1539ccef->e8c1cc56-fd3a-4c1f-a15b-7334942b67be#147-t1, previous=(t:1, i:14), leaderCommit=10, initializing? false, entries: <empty>
2019-09-16 18:48:50,954 [grpc-default-executor-6] INFO  client.GrpcClientProtocolClient (GrpcClientProtocolClient.java:onNext(264)) - client-48CB266057AC->e8c1cc56-fd3a-4c1f-a15b-7334942b67be: receive RaftClientReply:client-48CB266057AC->e8c1cc56-fd3a-4c1f-a15b-7334942b67be@group-3233B5392349, cid=32, FAILED org.apache.ratis.protocol.NotLeaderException: Server e8c1cc56-fd3a-4c1f-a15b-7334942b67be@group-3233B5392349 is not the leader e9384e49-5c15-4fe8-918f-d27f1539ccef:192.168.34.56:34651, logIndex=0, commits[e8c1cc56-fd3a-4c1f-a15b-7334942b67be:c10, e9384e49-5c15-4fe8-918f-d27f1539ccef:c10, d6e5a99c-4067-45a5-9f51-68f82ac62b1e:c6]
2019-09-16 18:48:52,928 [org.apache.ratis.server.impl.LogAppender$AppenderDaemon$$Lambda$533/1653271690@230862c5] ERROR ratis.XceiverServerRatis (XceiverServerRatis.java:triggerPipelineClose(568)) - pipeline Action CLOSE  on pipeline PipelineID=297f27b4-88a4-4c33-ba42-3233b5392349.Reason : e9384e49-5c15-4fe8-918f-d27f1539ccef has not seen follower/s d6e5a99c-4067-45a5-9f51-68f82ac62b1e for 148221ms e8c1cc56-fd3a-4c1f-a15b-7334942b67be for 148221ms
2019-09-16 18:48:52,929 [org.apache.ratis.server.impl.LogAppender$AppenderDaemon$$Lambda$533/1653271690@5bda47af] ERROR ratis.XceiverServerRatis (XceiverServerRatis.java:triggerPipelineClose(568)) - pipeline Action CLOSE  on pipeline PipelineID=297f27b4-88a4-4c33-ba42-3233b5392349.Reason : e9384e49-5c15-4fe8-918f-d27f1539ccef has not seen follower/s d6e5a99c-4067-45a5-9f51-68f82ac62b1e for 148222ms e8c1cc56-fd3a-4c1f-a15b-7334942b67be for 148222ms
2019-09-16 18:48:53,427 [java.util.concurrent.ThreadPoolExecutor$Worker@360b2eea[State = -1, empty queue]] WARN  server.GrpcLogAppender (GrpcLogAppender.java:timeoutAppendRequest(200)) - e9384e49-5c15-4fe8-918f-d27f1539ccef@group-3233B5392349->d6e5a99c-4067-45a5-9f51-68f82ac62b1e-GrpcLogAppender: appendEntries Timeout, request=e9384e49-5c15-4fe8-918f-d27f1539ccef->d6e5a99c-4067-45a5-9f51-68f82ac62b1e#148-t1, previous=(t:1, i:14), leaderCommit=10, initializing? false, entries: <empty>
2019-09-16 18:48:53,427 [java.util.concurrent.ThreadPoolExecutor$Worker@37302aeb[State = -1, empty queue]] WARN  server.GrpcLogAppender (GrpcLogAppender.java:timeoutAppendRequest(200)) - e9384e49-5c15-4fe8-918f-d27f1539ccef@group-3233B5392349->e8c1cc56-fd3a-4c1f-a15b-7334942b67be-GrpcLogAppender: appendEntries Timeout, request=e9384e49-5c15-4fe8-918f-d27f1539ccef->e8c1cc56-fd3a-4c1f-a15b-7334942b67be#148-t1, previous=(t:1, i:14), leaderCommit=10, initializing? false, entries: <empty>
2019-09-16 18:48:53,921 [EventQueue-PipelineActionsForPipelineActionHandler] ERROR pipeline.PipelineActionHandler (PipelineActionHandler.java:onMessage(60)) - Received pipeline action CLOSE for Pipeline[ Id: 297f27b4-88a4-4c33-ba42-3233b5392349, Nodes: e8c1cc56-fd3a-4c1f-a15b-7334942b67be{ip: 192.168.34.56, host: pr-hdds-2111-hlhfn-3535364396, networkLocation: /default-rack, certSerialId: null}e9384e49-5c15-4fe8-918f-d27f1539ccef{ip: 192.168.34.56, host: pr-hdds-2111-hlhfn-3535364396, networkLocation: /default-rack, certSerialId: null}d6e5a99c-4067-45a5-9f51-68f82ac62b1e{ip: 192.168.34.56, host: pr-hdds-2111-hlhfn-3535364396, networkLocation: /default-rack, certSerialId: null}, Type:RATIS, Factor:THREE, State:CLOSED] from datanode e9384e49-5c15-4fe8-918f-d27f1539ccef{ip: 192.168.34.56, host: pr-hdds-2111-hlhfn-3535364396, networkLocation: /default-rack, certSerialId: null}. Reason : e9384e49-5c15-4fe8-918f-d27f1539ccef has not seen follower/s d6e5a99c-4067-45a5-9f51-68f82ac62b1e for 148221ms e8c1cc56-fd3a-4c1f-a15b-7334942b67be for 148221ms
2019-09-16 18:48:53,922 [EventQueue-PipelineActionsForPipelineActionHandler] INFO  pipeline.SCMPipelineManager (SCMPipelineManager.java:finalizeAndDestroyPipeline(311)) - destroying pipeline:Pipeline[ Id: 297f27b4-88a4-4c33-ba42-3233b5392349, Nodes: e8c1cc56-fd3a-4c1f-a15b-7334942b67be{ip: 192.168.34.56, host: pr-hdds-2111-hlhfn-3535364396, networkLocation: /default-rack, certSerialId: null}e9384e49-5c15-4fe8-918f-d27f1539ccef{ip: 192.168.34.56, host: pr-hdds-2111-hlhfn-3535364396, networkLocation: /default-rack, certSerialId: null}d6e5a99c-4067-45a5-9f51-68f82ac62b1e{ip: 192.168.34.56, host: pr-hdds-2111-hlhfn-3535364396, networkLocation: /default-rack, certSerialId: null}, Type:RATIS, Factor:THREE, State:CLOSED]
2019-09-16 18:48:54,826 [e9384e49-5c15-4fe8-918f-d27f1539ccef@group-3233B5392349-SegmentedRaftLogWorker] WARN  segmented.SegmentedRaftLogWorker (SegmentedRaftLogWorker.java:getFromFuture(90)) - Timeout 14/~
org.apache.ratis.protocol.TimeoutIOException: Timeout 10s: WriteLog:11: (t:1, i:11), STATEMACHINELOGENTRY, client-48CB266057AC, cid=32-writeStateMachineData
	at org.apache.ratis.util.IOUtils.getFromFuture(IOUtils.java:87)
	at org.apache.ratis.server.raftlog.segmented.SegmentedRaftLogWorker$StateMachineDataPolicy.getFromFuture(SegmentedRaftLogWorker.java:87)
	at org.apache.ratis.server.raftlog.segmented.SegmentedRaftLogWorker$WriteLog.execute(SegmentedRaftLogWorker.java:477)
	at org.apache.ratis.server.raftlog.segmented.SegmentedRaftLogWorker.run(SegmentedRaftLogWorker.java:289)
	at java.lang.Thread.run(Thread.java:748)
Caused by: java.util.concurrent.TimeoutException
	at java.util.concurrent.CompletableFuture.timedGet(CompletableFuture.java:1771)
	at java.util.concurrent.CompletableFuture.get(CompletableFuture.java:1915)
	at org.apache.ratis.util.IOUtils.getFromFuture(IOUtils.java:79)
	... 4 more
2019-09-16 18:48:54,838 [d6e5a99c-4067-45a5-9f51-68f82ac62b1e@group-3233B5392349-SegmentedRaftLogWorker] WARN  segmented.SegmentedRaftLogWorker (SegmentedRaftLogWorker.java:getFromFuture(90)) - Timeout 14/~
org.apache.ratis.protocol.TimeoutIOException: Timeout 10s: WriteLog:11: (t:1, i:11), STATEMACHINELOGENTRY, client-48CB266057AC, cid=32-writeStateMachineData
	at org.apache.ratis.util.IOUtils.getFromFuture(IOUtils.java:87)
	at org.apache.ratis.server.raftlog.segmented.SegmentedRaftLogWorker$StateMachineDataPolicy.getFromFuture(SegmentedRaftLogWorker.java:87)
	at org.apache.ratis.server.raftlog.segmented.SegmentedRaftLogWorker$WriteLog.execute(SegmentedRaftLogWorker.java:477)
	at org.apache.ratis.server.raftlog.segmented.SegmentedRaftLogWorker.run(SegmentedRaftLogWorker.java:289)
	at java.lang.Thread.run(Thread.java:748)
Caused by: java.util.concurrent.TimeoutException
	at java.util.concurrent.CompletableFuture.timedGet(CompletableFuture.java:1771)
	at java.util.concurrent.CompletableFuture.get(CompletableFuture.java:1915)
	at org.apache.ratis.util.IOUtils.getFromFuture(IOUtils.java:79)
	... 4 more
2019-09-16 18:48:54,901 [e8c1cc56-fd3a-4c1f-a15b-7334942b67be@group-3233B5392349-SegmentedRaftLogWorker] WARN  segmented.SegmentedRaftLogWorker (SegmentedRaftLogWorker.java:getFromFuture(90)) - Timeout 14/~
org.apache.ratis.protocol.TimeoutIOException: Timeout 10s: WriteLog:12: (t:1, i:12), STATEMACHINELOGENTRY, client-48CB266057AC, cid=33-writeStateMachineData
	at org.apache.ratis.util.IOUtils.getFromFuture(IOUtils.java:87)
	at org.apache.ratis.server.raftlog.segmented.SegmentedRaftLogWorker$StateMachineDataPolicy.getFromFuture(SegmentedRaftLogWorker.java:87)
	at org.apache.ratis.server.raftlog.segmented.SegmentedRaftLogWorker$WriteLog.execute(SegmentedRaftLogWorker.java:477)
	at org.apache.ratis.server.raftlog.segmented.SegmentedRaftLogWorker.run(SegmentedRaftLogWorker.java:289)
	at java.lang.Thread.run(Thread.java:748)
Caused by: java.util.concurrent.TimeoutException
	at java.util.concurrent.CompletableFuture.timedGet(CompletableFuture.java:1771)
	at java.util.concurrent.CompletableFuture.get(CompletableFuture.java:1915)
	at org.apache.ratis.util.IOUtils.getFromFuture(IOUtils.java:79)
	... 4 more
2019-09-16 18:48:55,429 [org.apache.ratis.server.impl.LogAppender$AppenderDaemon$$Lambda$533/1653271690@230862c5] ERROR ratis.XceiverServerRatis (XceiverServerRatis.java:triggerPipelineClose(568)) - pipeline Action CLOSE  on pipeline PipelineID=297f27b4-88a4-4c33-ba42-3233b5392349.Reason : e9384e49-5c15-4fe8-918f-d27f1539ccef has not seen follower/s d6e5a99c-4067-45a5-9f51-68f82ac62b1e for 150722ms e8c1cc56-fd3a-4c1f-a15b-7334942b67be for 150722ms
2019-09-16 18:48:55,429 [org.apache.ratis.server.impl.LogAppender$AppenderDaemon$$Lambda$533/1653271690@5bda47af] ERROR ratis.XceiverServerRatis (XceiverServerRatis.java:triggerPipelineClose(568)) - pipeline Action CLOSE  on pipeline PipelineID=297f27b4-88a4-4c33-ba42-3233b5392349.Reason : e9384e49-5c15-4fe8-918f-d27f1539ccef has not seen follower/s d6e5a99c-4067-45a5-9f51-68f82ac62b1e for 150722ms e8c1cc56-fd3a-4c1f-a15b-7334942b67be for 150723ms
2019-09-16 18:48:55,921 [EventQueue-PipelineActionsForPipelineActionHandler] ERROR pipeline.PipelineActionHandler (PipelineActionHandler.java:onMessage(60)) - Received pipeline action CLOSE for Pipeline[ Id: 297f27b4-88a4-4c33-ba42-3233b5392349, Nodes: e8c1cc56-fd3a-4c1f-a15b-7334942b67be{ip: 192.168.34.56, host: pr-hdds-2111-hlhfn-3535364396, networkLocation: /default-rack, certSerialId: null}e9384e49-5c15-4fe8-918f-d27f1539ccef{ip: 192.168.34.56, host: pr-hdds-2111-hlhfn-3535364396, networkLocation: /default-rack, certSerialId: null}d6e5a99c-4067-45a5-9f51-68f82ac62b1e{ip: 192.168.34.56, host: pr-hdds-2111-hlhfn-3535364396, networkLocation: /default-rack, certSerialId: null}, Type:RATIS, Factor:THREE, State:CLOSED] from datanode e9384e49-5c15-4fe8-918f-d27f1539ccef{ip: 192.168.34.56, host: pr-hdds-2111-hlhfn-3535364396, networkLocation: /default-rack, certSerialId: null}. Reason : e9384e49-5c15-4fe8-918f-d27f1539ccef has not seen follower/s d6e5a99c-4067-45a5-9f51-68f82ac62b1e for 150722ms e8c1cc56-fd3a-4c1f-a15b-7334942b67be for 150722ms
2019-09-16 18:48:55,922 [EventQueue-PipelineActionsForPipelineActionHandler] INFO  pipeline.SCMPipelineManager (SCMPipelineManager.java:finalizeAndDestroyPipeline(311)) - destroying pipeline:Pipeline[ Id: 297f27b4-88a4-4c33-ba42-3233b5392349, Nodes: e8c1cc56-fd3a-4c1f-a15b-7334942b67be{ip: 192.168.34.56, host: pr-hdds-2111-hlhfn-3535364396, networkLocation: /default-rack, certSerialId: null}e9384e49-5c15-4fe8-918f-d27f1539ccef{ip: 192.168.34.56, host: pr-hdds-2111-hlhfn-3535364396, networkLocation: /default-rack, certSerialId: null}d6e5a99c-4067-45a5-9f51-68f82ac62b1e{ip: 192.168.34.56, host: pr-hdds-2111-hlhfn-3535364396, networkLocation: /default-rack, certSerialId: null}, Type:RATIS, Factor:THREE, State:CLOSED]
2019-09-16 18:48:55,928 [java.util.concurrent.ThreadPoolExecutor$Worker@360b2eea[State = -1, empty queue]] WARN  server.GrpcLogAppender (GrpcLogAppender.java:timeoutAppendRequest(200)) - e9384e49-5c15-4fe8-918f-d27f1539ccef@group-3233B5392349->d6e5a99c-4067-45a5-9f51-68f82ac62b1e-GrpcLogAppender: appendEntries Timeout, request=e9384e49-5c15-4fe8-918f-d27f1539ccef->d6e5a99c-4067-45a5-9f51-68f82ac62b1e#149-t1, previous=(t:1, i:14), leaderCommit=10, initializing? false, entries: <empty>
2019-09-16 18:48:55,928 [java.util.concurrent.ThreadPoolExecutor$Worker@37302aeb[State = -1, empty queue]] WARN  server.GrpcLogAppender (GrpcLogAppender.java:timeoutAppendRequest(200)) - e9384e49-5c15-4fe8-918f-d27f1539ccef@group-3233B5392349->e8c1cc56-fd3a-4c1f-a15b-7334942b67be-GrpcLogAppender: appendEntries Timeout, request=e9384e49-5c15-4fe8-918f-d27f1539ccef->e8c1cc56-fd3a-4c1f-a15b-7334942b67be#149-t1, previous=(t:1, i:14), leaderCommit=10, initializing? false, entries: <empty>
2019-09-16 18:48:55,989 [grpc-default-executor-6] INFO  client.GrpcClientProtocolClient (GrpcClientProtocolClient.java:onNext(264)) - client-48CB266057AC->e8c1cc56-fd3a-4c1f-a15b-7334942b67be: receive RaftClientReply:client-48CB266057AC->e8c1cc56-fd3a-4c1f-a15b-7334942b67be@group-3233B5392349, cid=32, FAILED org.apache.ratis.protocol.NotLeaderException: Server e8c1cc56-fd3a-4c1f-a15b-7334942b67be@group-3233B5392349 is not the leader e9384e49-5c15-4fe8-918f-d27f1539ccef:192.168.34.56:34651, logIndex=0, commits[e8c1cc56-fd3a-4c1f-a15b-7334942b67be:c10, e9384e49-5c15-4fe8-918f-d27f1539ccef:c10, d6e5a99c-4067-45a5-9f51-68f82ac62b1e:c6]
2019-09-16 18:48:57,929 [org.apache.ratis.server.impl.LogAppender$AppenderDaemon$$Lambda$533/1653271690@230862c5] ERROR ratis.XceiverServerRatis (XceiverServerRatis.java:triggerPipelineClose(568)) - pipeline Action CLOSE  on pipeline PipelineID=297f27b4-88a4-4c33-ba42-3233b5392349.Reason : e9384e49-5c15-4fe8-918f-d27f1539ccef has not seen follower/s d6e5a99c-4067-45a5-9f51-68f82ac62b1e for 153222ms e8c1cc56-fd3a-4c1f-a15b-7334942b67be for 153223ms
2019-09-16 18:48:57,930 [org.apache.ratis.server.impl.LogAppender$AppenderDaemon$$Lambda$533/1653271690@5bda47af] ERROR ratis.XceiverServerRatis (XceiverServerRatis.java:triggerPipelineClose(568)) - pipeline Action CLOSE  on pipeline PipelineID=297f27b4-88a4-4c33-ba42-3233b5392349.Reason : e9384e49-5c15-4fe8-918f-d27f1539ccef has not seen follower/s d6e5a99c-4067-45a5-9f51-68f82ac62b1e for 153223ms e8c1cc56-fd3a-4c1f-a15b-7334942b67be for 153223ms
2019-09-16 18:48:58,429 [java.util.concurrent.ThreadPoolExecutor$Worker@360b2eea[State = -1, empty queue]] WARN  server.GrpcLogAppender (GrpcLogAppender.java:timeoutAppendRequest(200)) - e9384e49-5c15-4fe8-918f-d27f1539ccef@group-3233B5392349->d6e5a99c-4067-45a5-9f51-68f82ac62b1e-GrpcLogAppender: appendEntries Timeout, request=e9384e49-5c15-4fe8-918f-d27f1539ccef->d6e5a99c-4067-45a5-9f51-68f82ac62b1e#150-t1, previous=(t:1, i:14), leaderCommit=10, initializing? false, entries: <empty>
2019-09-16 18:48:58,429 [java.util.concurrent.ThreadPoolExecutor$Worker@37302aeb[State = -1, empty queue]] WARN  server.GrpcLogAppender (GrpcLogAppender.java:timeoutAppendRequest(200)) - e9384e49-5c15-4fe8-918f-d27f1539ccef@group-3233B5392349->e8c1cc56-fd3a-4c1f-a15b-7334942b67be-GrpcLogAppender: appendEntries Timeout, request=e9384e49-5c15-4fe8-918f-d27f1539ccef->e8c1cc56-fd3a-4c1f-a15b-7334942b67be#150-t1, previous=(t:1, i:14), leaderCommit=10, initializing? false, entries: <empty>
2019-09-16 18:48:58,921 [EventQueue-PipelineActionsForPipelineActionHandler] ERROR pipeline.PipelineActionHandler (PipelineActionHandler.java:onMessage(60)) - Received pipeline action CLOSE for Pipeline[ Id: 297f27b4-88a4-4c33-ba42-3233b5392349, Nodes: e8c1cc56-fd3a-4c1f-a15b-7334942b67be{ip: 192.168.34.56, host: pr-hdds-2111-hlhfn-3535364396, networkLocation: /default-rack, certSerialId: null}e9384e49-5c15-4fe8-918f-d27f1539ccef{ip: 192.168.34.56, host: pr-hdds-2111-hlhfn-3535364396, networkLocation: /default-rack, certSerialId: null}d6e5a99c-4067-45a5-9f51-68f82ac62b1e{ip: 192.168.34.56, host: pr-hdds-2111-hlhfn-3535364396, networkLocation: /default-rack, certSerialId: null}, Type:RATIS, Factor:THREE, State:CLOSED] from datanode e9384e49-5c15-4fe8-918f-d27f1539ccef{ip: 192.168.34.56, host: pr-hdds-2111-hlhfn-3535364396, networkLocation: /default-rack, certSerialId: null}. Reason : e9384e49-5c15-4fe8-918f-d27f1539ccef has not seen follower/s d6e5a99c-4067-45a5-9f51-68f82ac62b1e for 153222ms e8c1cc56-fd3a-4c1f-a15b-7334942b67be for 153223ms
2019-09-16 18:48:58,921 [EventQueue-PipelineActionsForPipelineActionHandler] INFO  pipeline.SCMPipelineManager (SCMPipelineManager.java:finalizeAndDestroyPipeline(311)) - destroying pipeline:Pipeline[ Id: 297f27b4-88a4-4c33-ba42-3233b5392349, Nodes: e8c1cc56-fd3a-4c1f-a15b-7334942b67be{ip: 192.168.34.56, host: pr-hdds-2111-hlhfn-3535364396, networkLocation: /default-rack, certSerialId: null}e9384e49-5c15-4fe8-918f-d27f1539ccef{ip: 192.168.34.56, host: pr-hdds-2111-hlhfn-3535364396, networkLocation: /default-rack, certSerialId: null}d6e5a99c-4067-45a5-9f51-68f82ac62b1e{ip: 192.168.34.56, host: pr-hdds-2111-hlhfn-3535364396, networkLocation: /default-rack, certSerialId: null}, Type:RATIS, Factor:THREE, State:CLOSED]
2019-09-16 18:49:00,430 [org.apache.ratis.server.impl.LogAppender$AppenderDaemon$$Lambda$533/1653271690@230862c5] ERROR ratis.XceiverServerRatis (XceiverServerRatis.java:triggerPipelineClose(568)) - pipeline Action CLOSE  on pipeline PipelineID=297f27b4-88a4-4c33-ba42-3233b5392349.Reason : e9384e49-5c15-4fe8-918f-d27f1539ccef has not seen follower/s d6e5a99c-4067-45a5-9f51-68f82ac62b1e for 155723ms e8c1cc56-fd3a-4c1f-a15b-7334942b67be for 155723ms
2019-09-16 18:49:00,430 [org.apache.ratis.server.impl.LogAppender$AppenderDaemon$$Lambda$533/1653271690@5bda47af] ERROR ratis.XceiverServerRatis (XceiverServerRatis.java:triggerPipelineClose(568)) - pipeline Action CLOSE  on pipeline PipelineID=297f27b4-88a4-4c33-ba42-3233b5392349.Reason : e9384e49-5c15-4fe8-918f-d27f1539ccef has not seen follower/s d6e5a99c-4067-45a5-9f51-68f82ac62b1e for 155723ms e8c1cc56-fd3a-4c1f-a15b-7334942b67be for 155724ms
2019-09-16 18:49:00,921 [EventQueue-PipelineActionsForPipelineActionHandler] ERROR pipeline.PipelineActionHandler (PipelineActionHandler.java:onMessage(60)) - Received pipeline action CLOSE for Pipeline[ Id: 297f27b4-88a4-4c33-ba42-3233b5392349, Nodes: e8c1cc56-fd3a-4c1f-a15b-7334942b67be{ip: 192.168.34.56, host: pr-hdds-2111-hlhfn-3535364396, networkLocation: /default-rack, certSerialId: null}e9384e49-5c15-4fe8-918f-d27f1539ccef{ip: 192.168.34.56, host: pr-hdds-2111-hlhfn-3535364396, networkLocation: /default-rack, certSerialId: null}d6e5a99c-4067-45a5-9f51-68f82ac62b1e{ip: 192.168.34.56, host: pr-hdds-2111-hlhfn-3535364396, networkLocation: /default-rack, certSerialId: null}, Type:RATIS, Factor:THREE, State:CLOSED] from datanode e9384e49-5c15-4fe8-918f-d27f1539ccef{ip: 192.168.34.56, host: pr-hdds-2111-hlhfn-3535364396, networkLocation: /default-rack, certSerialId: null}. Reason : e9384e49-5c15-4fe8-918f-d27f1539ccef has not seen follower/s d6e5a99c-4067-45a5-9f51-68f82ac62b1e for 155723ms e8c1cc56-fd3a-4c1f-a15b-7334942b67be for 155723ms
2019-09-16 18:49:00,921 [EventQueue-PipelineActionsForPipelineActionHandler] INFO  pipeline.SCMPipelineManager (SCMPipelineManager.java:finalizeAndDestroyPipeline(311)) - destroying pipeline:Pipeline[ Id: 297f27b4-88a4-4c33-ba42-3233b5392349, Nodes: e8c1cc56-fd3a-4c1f-a15b-7334942b67be{ip: 192.168.34.56, host: pr-hdds-2111-hlhfn-3535364396, networkLocation: /default-rack, certSerialId: null}e9384e49-5c15-4fe8-918f-d27f1539ccef{ip: 192.168.34.56, host: pr-hdds-2111-hlhfn-3535364396, networkLocation: /default-rack, certSerialId: null}d6e5a99c-4067-45a5-9f51-68f82ac62b1e{ip: 192.168.34.56, host: pr-hdds-2111-hlhfn-3535364396, networkLocation: /default-rack, certSerialId: null}, Type:RATIS, Factor:THREE, State:CLOSED]
2019-09-16 18:49:00,929 [java.util.concurrent.ThreadPoolExecutor$Worker@360b2eea[State = -1, empty queue]] WARN  server.GrpcLogAppender (GrpcLogAppender.java:timeoutAppendRequest(200)) - e9384e49-5c15-4fe8-918f-d27f1539ccef@group-3233B5392349->d6e5a99c-4067-45a5-9f51-68f82ac62b1e-GrpcLogAppender: appendEntries Timeout, request=e9384e49-5c15-4fe8-918f-d27f1539ccef->d6e5a99c-4067-45a5-9f51-68f82ac62b1e#151-t1, previous=(t:1, i:14), leaderCommit=10, initializing? false, entries: <empty>
2019-09-16 18:49:00,930 [java.util.concurrent.ThreadPoolExecutor$Worker@37302aeb[State = -1, empty queue]] WARN  server.GrpcLogAppender (GrpcLogAppender.java:timeoutAppendRequest(200)) - e9384e49-5c15-4fe8-918f-d27f1539ccef@group-3233B5392349->e8c1cc56-fd3a-4c1f-a15b-7334942b67be-GrpcLogAppender: appendEntries Timeout, request=e9384e49-5c15-4fe8-918f-d27f1539ccef->e8c1cc56-fd3a-4c1f-a15b-7334942b67be#151-t1, previous=(t:1, i:14), leaderCommit=10, initializing? false, entries: <empty>
2019-09-16 18:49:01,059 [grpc-default-executor-6] INFO  client.GrpcClientProtocolClient (GrpcClientProtocolClient.java:onNext(264)) - client-48CB266057AC->e8c1cc56-fd3a-4c1f-a15b-7334942b67be: receive RaftClientReply:client-48CB266057AC->e8c1cc56-fd3a-4c1f-a15b-7334942b67be@group-3233B5392349, cid=32, FAILED org.apache.ratis.protocol.NotLeaderException: Server e8c1cc56-fd3a-4c1f-a15b-7334942b67be@group-3233B5392349 is not the leader e9384e49-5c15-4fe8-918f-d27f1539ccef:192.168.34.56:34651, logIndex=0, commits[e8c1cc56-fd3a-4c1f-a15b-7334942b67be:c10, e9384e49-5c15-4fe8-918f-d27f1539ccef:c10, d6e5a99c-4067-45a5-9f51-68f82ac62b1e:c6]
2019-09-16 18:49:02,931 [org.apache.ratis.server.impl.LogAppender$AppenderDaemon$$Lambda$533/1653271690@5bda47af] ERROR ratis.XceiverServerRatis (XceiverServerRatis.java:triggerPipelineClose(568)) - pipeline Action CLOSE  on pipeline PipelineID=297f27b4-88a4-4c33-ba42-3233b5392349.Reason : e9384e49-5c15-4fe8-918f-d27f1539ccef has not seen follower/s d6e5a99c-4067-45a5-9f51-68f82ac62b1e for 158224ms e8c1cc56-fd3a-4c1f-a15b-7334942b67be for 158224ms
2019-09-16 18:49:02,931 [org.apache.ratis.server.impl.LogAppender$AppenderDaemon$$Lambda$533/1653271690@230862c5] ERROR ratis.XceiverServerRatis (XceiverServerRatis.java:triggerPipelineClose(568)) - pipeline Action CLOSE  on pipeline PipelineID=297f27b4-88a4-4c33-ba42-3233b5392349.Reason : e9384e49-5c15-4fe8-918f-d27f1539ccef has not seen follower/s d6e5a99c-4067-45a5-9f51-68f82ac62b1e for 158224ms e8c1cc56-fd3a-4c1f-a15b-7334942b67be for 158224ms
2019-09-16 18:49:03,430 [java.util.concurrent.ThreadPoolExecutor$Worker@360b2eea[State = -1, empty queue]] WARN  server.GrpcLogAppender (GrpcLogAppender.java:timeoutAppendRequest(200)) - e9384e49-5c15-4fe8-918f-d27f1539ccef@group-3233B5392349->d6e5a99c-4067-45a5-9f51-68f82ac62b1e-GrpcLogAppender: appendEntries Timeout, request=e9384e49-5c15-4fe8-918f-d27f1539ccef->d6e5a99c-4067-45a5-9f51-68f82ac62b1e#152-t1, previous=(t:1, i:14), leaderCommit=10, initializing? false, entries: <empty>
2019-09-16 18:49:03,430 [java.util.concurrent.ThreadPoolExecutor$Worker@37302aeb[State = -1, empty queue]] WARN  server.GrpcLogAppender (GrpcLogAppender.java:timeoutAppendRequest(200)) - e9384e49-5c15-4fe8-918f-d27f1539ccef@group-3233B5392349->e8c1cc56-fd3a-4c1f-a15b-7334942b67be-GrpcLogAppender: appendEntries Timeout, request=e9384e49-5c15-4fe8-918f-d27f1539ccef->e8c1cc56-fd3a-4c1f-a15b-7334942b67be#152-t1, previous=(t:1, i:14), leaderCommit=10, initializing? false, entries: <empty>
2019-09-16 18:49:03,922 [EventQueue-PipelineActionsForPipelineActionHandler] ERROR pipeline.PipelineActionHandler (PipelineActionHandler.java:onMessage(60)) - Received pipeline action CLOSE for Pipeline[ Id: 297f27b4-88a4-4c33-ba42-3233b5392349, Nodes: e8c1cc56-fd3a-4c1f-a15b-7334942b67be{ip: 192.168.34.56, host: pr-hdds-2111-hlhfn-3535364396, networkLocation: /default-rack, certSerialId: null}e9384e49-5c15-4fe8-918f-d27f1539ccef{ip: 192.168.34.56, host: pr-hdds-2111-hlhfn-3535364396, networkLocation: /default-rack, certSerialId: null}d6e5a99c-4067-45a5-9f51-68f82ac62b1e{ip: 192.168.34.56, host: pr-hdds-2111-hlhfn-3535364396, networkLocation: /default-rack, certSerialId: null}, Type:RATIS, Factor:THREE, State:CLOSED] from datanode e9384e49-5c15-4fe8-918f-d27f1539ccef{ip: 192.168.34.56, host: pr-hdds-2111-hlhfn-3535364396, networkLocation: /default-rack, certSerialId: null}. Reason : e9384e49-5c15-4fe8-918f-d27f1539ccef has not seen follower/s d6e5a99c-4067-45a5-9f51-68f82ac62b1e for 158224ms e8c1cc56-fd3a-4c1f-a15b-7334942b67be for 158224ms
2019-09-16 18:49:03,922 [EventQueue-PipelineActionsForPipelineActionHandler] INFO  pipeline.SCMPipelineManager (SCMPipelineManager.java:finalizeAndDestroyPipeline(311)) - destroying pipeline:Pipeline[ Id: 297f27b4-88a4-4c33-ba42-3233b5392349, Nodes: e8c1cc56-fd3a-4c1f-a15b-7334942b67be{ip: 192.168.34.56, host: pr-hdds-2111-hlhfn-3535364396, networkLocation: /default-rack, certSerialId: null}e9384e49-5c15-4fe8-918f-d27f1539ccef{ip: 192.168.34.56, host: pr-hdds-2111-hlhfn-3535364396, networkLocation: /default-rack, certSerialId: null}d6e5a99c-4067-45a5-9f51-68f82ac62b1e{ip: 192.168.34.56, host: pr-hdds-2111-hlhfn-3535364396, networkLocation: /default-rack, certSerialId: null}, Type:RATIS, Factor:THREE, State:CLOSED]
2019-09-16 18:49:04,827 [e9384e49-5c15-4fe8-918f-d27f1539ccef@group-3233B5392349-SegmentedRaftLogWorker] WARN  segmented.SegmentedRaftLogWorker (SegmentedRaftLogWorker.java:getFromFuture(90)) - Timeout 15/~
org.apache.ratis.protocol.TimeoutIOException: Timeout 10s: WriteLog:11: (t:1, i:11), STATEMACHINELOGENTRY, client-48CB266057AC, cid=32-writeStateMachineData
	at org.apache.ratis.util.IOUtils.getFromFuture(IOUtils.java:87)
	at org.apache.ratis.server.raftlog.segmented.SegmentedRaftLogWorker$StateMachineDataPolicy.getFromFuture(SegmentedRaftLogWorker.java:87)
	at org.apache.ratis.server.raftlog.segmented.SegmentedRaftLogWorker$WriteLog.execute(SegmentedRaftLogWorker.java:477)
	at org.apache.ratis.server.raftlog.segmented.SegmentedRaftLogWorker.run(SegmentedRaftLogWorker.java:289)
	at java.lang.Thread.run(Thread.java:748)
Caused by: java.util.concurrent.TimeoutException
	at java.util.concurrent.CompletableFuture.timedGet(CompletableFuture.java:1771)
	at java.util.concurrent.CompletableFuture.get(CompletableFuture.java:1915)
	at org.apache.ratis.util.IOUtils.getFromFuture(IOUtils.java:79)
	... 4 more
2019-09-16 18:49:04,839 [d6e5a99c-4067-45a5-9f51-68f82ac62b1e@group-3233B5392349-SegmentedRaftLogWorker] WARN  segmented.SegmentedRaftLogWorker (SegmentedRaftLogWorker.java:getFromFuture(90)) - Timeout 15/~
org.apache.ratis.protocol.TimeoutIOException: Timeout 10s: WriteLog:11: (t:1, i:11), STATEMACHINELOGENTRY, client-48CB266057AC, cid=32-writeStateMachineData
	at org.apache.ratis.util.IOUtils.getFromFuture(IOUtils.java:87)
	at org.apache.ratis.server.raftlog.segmented.SegmentedRaftLogWorker$StateMachineDataPolicy.getFromFuture(SegmentedRaftLogWorker.java:87)
	at org.apache.ratis.server.raftlog.segmented.SegmentedRaftLogWorker$WriteLog.execute(SegmentedRaftLogWorker.java:477)
	at org.apache.ratis.server.raftlog.segmented.SegmentedRaftLogWorker.run(SegmentedRaftLogWorker.java:289)
	at java.lang.Thread.run(Thread.java:748)
Caused by: java.util.concurrent.TimeoutException
	at java.util.concurrent.CompletableFuture.timedGet(CompletableFuture.java:1771)
	at java.util.concurrent.CompletableFuture.get(CompletableFuture.java:1915)
	at org.apache.ratis.util.IOUtils.getFromFuture(IOUtils.java:79)
	... 4 more
2019-09-16 18:49:04,901 [e8c1cc56-fd3a-4c1f-a15b-7334942b67be@group-3233B5392349-SegmentedRaftLogWorker] WARN  segmented.SegmentedRaftLogWorker (SegmentedRaftLogWorker.java:getFromFuture(90)) - Timeout 15/~
org.apache.ratis.protocol.TimeoutIOException: Timeout 10s: WriteLog:12: (t:1, i:12), STATEMACHINELOGENTRY, client-48CB266057AC, cid=33-writeStateMachineData
	at org.apache.ratis.util.IOUtils.getFromFuture(IOUtils.java:87)
	at org.apache.ratis.server.raftlog.segmented.SegmentedRaftLogWorker$StateMachineDataPolicy.getFromFuture(SegmentedRaftLogWorker.java:87)
	at org.apache.ratis.server.raftlog.segmented.SegmentedRaftLogWorker$WriteLog.execute(SegmentedRaftLogWorker.java:477)
	at org.apache.ratis.server.raftlog.segmented.SegmentedRaftLogWorker.run(SegmentedRaftLogWorker.java:289)
	at java.lang.Thread.run(Thread.java:748)
Caused by: java.util.concurrent.TimeoutException
	at java.util.concurrent.CompletableFuture.timedGet(CompletableFuture.java:1771)
	at java.util.concurrent.CompletableFuture.get(CompletableFuture.java:1915)
	at org.apache.ratis.util.IOUtils.getFromFuture(IOUtils.java:79)
	... 4 more
2019-09-16 18:49:05,431 [org.apache.ratis.server.impl.LogAppender$AppenderDaemon$$Lambda$533/1653271690@230862c5] ERROR ratis.XceiverServerRatis (XceiverServerRatis.java:triggerPipelineClose(568)) - pipeline Action CLOSE  on pipeline PipelineID=297f27b4-88a4-4c33-ba42-3233b5392349.Reason : e9384e49-5c15-4fe8-918f-d27f1539ccef has not seen follower/s d6e5a99c-4067-45a5-9f51-68f82ac62b1e for 160725ms e8c1cc56-fd3a-4c1f-a15b-7334942b67be for 160725ms
2019-09-16 18:49:05,432 [org.apache.ratis.server.impl.LogAppender$AppenderDaemon$$Lambda$533/1653271690@5bda47af] ERROR ratis.XceiverServerRatis (XceiverServerRatis.java:triggerPipelineClose(568)) - pipeline Action CLOSE  on pipeline PipelineID=297f27b4-88a4-4c33-ba42-3233b5392349.Reason : e9384e49-5c15-4fe8-918f-d27f1539ccef has not seen follower/s d6e5a99c-4067-45a5-9f51-68f82ac62b1e for 160725ms e8c1cc56-fd3a-4c1f-a15b-7334942b67be for 160725ms
2019-09-16 18:49:05,924 [EventQueue-PipelineActionsForPipelineActionHandler] ERROR pipeline.PipelineActionHandler (PipelineActionHandler.java:onMessage(60)) - Received pipeline action CLOSE for Pipeline[ Id: 297f27b4-88a4-4c33-ba42-3233b5392349, Nodes: e8c1cc56-fd3a-4c1f-a15b-7334942b67be{ip: 192.168.34.56, host: pr-hdds-2111-hlhfn-3535364396, networkLocation: /default-rack, certSerialId: null}e9384e49-5c15-4fe8-918f-d27f1539ccef{ip: 192.168.34.56, host: pr-hdds-2111-hlhfn-3535364396, networkLocation: /default-rack, certSerialId: null}d6e5a99c-4067-45a5-9f51-68f82ac62b1e{ip: 192.168.34.56, host: pr-hdds-2111-hlhfn-3535364396, networkLocation: /default-rack, certSerialId: null}, Type:RATIS, Factor:THREE, State:CLOSED] from datanode e9384e49-5c15-4fe8-918f-d27f1539ccef{ip: 192.168.34.56, host: pr-hdds-2111-hlhfn-3535364396, networkLocation: /default-rack, certSerialId: null}. Reason : e9384e49-5c15-4fe8-918f-d27f1539ccef has not seen follower/s d6e5a99c-4067-45a5-9f51-68f82ac62b1e for 160725ms e8c1cc56-fd3a-4c1f-a15b-7334942b67be for 160725ms
2019-09-16 18:49:05,924 [EventQueue-PipelineActionsForPipelineActionHandler] INFO  pipeline.SCMPipelineManager (SCMPipelineManager.java:finalizeAndDestroyPipeline(311)) - destroying pipeline:Pipeline[ Id: 297f27b4-88a4-4c33-ba42-3233b5392349, Nodes: e8c1cc56-fd3a-4c1f-a15b-7334942b67be{ip: 192.168.34.56, host: pr-hdds-2111-hlhfn-3535364396, networkLocation: /default-rack, certSerialId: null}e9384e49-5c15-4fe8-918f-d27f1539ccef{ip: 192.168.34.56, host: pr-hdds-2111-hlhfn-3535364396, networkLocation: /default-rack, certSerialId: null}d6e5a99c-4067-45a5-9f51-68f82ac62b1e{ip: 192.168.34.56, host: pr-hdds-2111-hlhfn-3535364396, networkLocation: /default-rack, certSerialId: null}, Type:RATIS, Factor:THREE, State:CLOSED]
2019-09-16 18:49:05,931 [java.util.concurrent.ThreadPoolExecutor$Worker@37302aeb[State = -1, empty queue]] WARN  server.GrpcLogAppender (GrpcLogAppender.java:timeoutAppendRequest(200)) - e9384e49-5c15-4fe8-918f-d27f1539ccef@group-3233B5392349->e8c1cc56-fd3a-4c1f-a15b-7334942b67be-GrpcLogAppender: appendEntries Timeout, request=e9384e49-5c15-4fe8-918f-d27f1539ccef->e8c1cc56-fd3a-4c1f-a15b-7334942b67be#153-t1, previous=(t:1, i:14), leaderCommit=10, initializing? false, entries: <empty>
2019-09-16 18:49:05,931 [java.util.concurrent.ThreadPoolExecutor$Worker@360b2eea[State = -1, empty queue]] WARN  server.GrpcLogAppender (GrpcLogAppender.java:timeoutAppendRequest(200)) - e9384e49-5c15-4fe8-918f-d27f1539ccef@group-3233B5392349->d6e5a99c-4067-45a5-9f51-68f82ac62b1e-GrpcLogAppender: appendEntries Timeout, request=e9384e49-5c15-4fe8-918f-d27f1539ccef->d6e5a99c-4067-45a5-9f51-68f82ac62b1e#153-t1, previous=(t:1, i:14), leaderCommit=10, initializing? false, entries: <empty>
2019-09-16 18:49:06,091 [grpc-default-executor-4] INFO  client.GrpcClientProtocolClient (GrpcClientProtocolClient.java:onNext(264)) - client-48CB266057AC->d6e5a99c-4067-45a5-9f51-68f82ac62b1e: receive RaftClientReply:client-48CB266057AC->d6e5a99c-4067-45a5-9f51-68f82ac62b1e@group-3233B5392349, cid=32, FAILED org.apache.ratis.protocol.NotLeaderException: Server d6e5a99c-4067-45a5-9f51-68f82ac62b1e@group-3233B5392349 is not the leader e9384e49-5c15-4fe8-918f-d27f1539ccef:192.168.34.56:34651, logIndex=0, commits[d6e5a99c-4067-45a5-9f51-68f82ac62b1e:c10, e9384e49-5c15-4fe8-918f-d27f1539ccef:c10, e8c1cc56-fd3a-4c1f-a15b-7334942b67be:c6]
2019-09-16 18:49:07,932 [org.apache.ratis.server.impl.LogAppender$AppenderDaemon$$Lambda$533/1653271690@230862c5] ERROR ratis.XceiverServerRatis (XceiverServerRatis.java:triggerPipelineClose(568)) - pipeline Action CLOSE  on pipeline PipelineID=297f27b4-88a4-4c33-ba42-3233b5392349.Reason : e9384e49-5c15-4fe8-918f-d27f1539ccef has not seen follower/s d6e5a99c-4067-45a5-9f51-68f82ac62b1e for 163225ms e8c1cc56-fd3a-4c1f-a15b-7334942b67be for 163226ms
2019-09-16 18:49:07,932 [org.apache.ratis.server.impl.LogAppender$AppenderDaemon$$Lambda$533/1653271690@5bda47af] ERROR ratis.XceiverServerRatis (XceiverServerRatis.java:triggerPipelineClose(568)) - pipeline Action CLOSE  on pipeline PipelineID=297f27b4-88a4-4c33-ba42-3233b5392349.Reason : e9384e49-5c15-4fe8-918f-d27f1539ccef has not seen follower/s d6e5a99c-4067-45a5-9f51-68f82ac62b1e for 163226ms e8c1cc56-fd3a-4c1f-a15b-7334942b67be for 163226ms
2019-09-16 18:49:08,431 [java.util.concurrent.ThreadPoolExecutor$Worker@37302aeb[State = -1, empty queue]] WARN  server.GrpcLogAppender (GrpcLogAppender.java:timeoutAppendRequest(200)) - e9384e49-5c15-4fe8-918f-d27f1539ccef@group-3233B5392349->e8c1cc56-fd3a-4c1f-a15b-7334942b67be-GrpcLogAppender: appendEntries Timeout, request=e9384e49-5c15-4fe8-918f-d27f1539ccef->e8c1cc56-fd3a-4c1f-a15b-7334942b67be#154-t1, previous=(t:1, i:14), leaderCommit=10, initializing? false, entries: <empty>
2019-09-16 18:49:08,431 [java.util.concurrent.ThreadPoolExecutor$Worker@360b2eea[State = -1, empty queue]] WARN  server.GrpcLogAppender (GrpcLogAppender.java:timeoutAppendRequest(200)) - e9384e49-5c15-4fe8-918f-d27f1539ccef@group-3233B5392349->d6e5a99c-4067-45a5-9f51-68f82ac62b1e-GrpcLogAppender: appendEntries Timeout, request=e9384e49-5c15-4fe8-918f-d27f1539ccef->d6e5a99c-4067-45a5-9f51-68f82ac62b1e#154-t1, previous=(t:1, i:14), leaderCommit=10, initializing? false, entries: <empty>
2019-09-16 18:49:08,926 [EventQueue-PipelineActionsForPipelineActionHandler] ERROR pipeline.PipelineActionHandler (PipelineActionHandler.java:onMessage(60)) - Received pipeline action CLOSE for Pipeline[ Id: 297f27b4-88a4-4c33-ba42-3233b5392349, Nodes: e8c1cc56-fd3a-4c1f-a15b-7334942b67be{ip: 192.168.34.56, host: pr-hdds-2111-hlhfn-3535364396, networkLocation: /default-rack, certSerialId: null}e9384e49-5c15-4fe8-918f-d27f1539ccef{ip: 192.168.34.56, host: pr-hdds-2111-hlhfn-3535364396, networkLocation: /default-rack, certSerialId: null}d6e5a99c-4067-45a5-9f51-68f82ac62b1e{ip: 192.168.34.56, host: pr-hdds-2111-hlhfn-3535364396, networkLocation: /default-rack, certSerialId: null}, Type:RATIS, Factor:THREE, State:CLOSED] from datanode e9384e49-5c15-4fe8-918f-d27f1539ccef{ip: 192.168.34.56, host: pr-hdds-2111-hlhfn-3535364396, networkLocation: /default-rack, certSerialId: null}. Reason : e9384e49-5c15-4fe8-918f-d27f1539ccef has not seen follower/s d6e5a99c-4067-45a5-9f51-68f82ac62b1e for 163225ms e8c1cc56-fd3a-4c1f-a15b-7334942b67be for 163226ms
2019-09-16 18:49:08,926 [EventQueue-PipelineActionsForPipelineActionHandler] INFO  pipeline.SCMPipelineManager (SCMPipelineManager.java:finalizeAndDestroyPipeline(311)) - destroying pipeline:Pipeline[ Id: 297f27b4-88a4-4c33-ba42-3233b5392349, Nodes: e8c1cc56-fd3a-4c1f-a15b-7334942b67be{ip: 192.168.34.56, host: pr-hdds-2111-hlhfn-3535364396, networkLocation: /default-rack, certSerialId: null}e9384e49-5c15-4fe8-918f-d27f1539ccef{ip: 192.168.34.56, host: pr-hdds-2111-hlhfn-3535364396, networkLocation: /default-rack, certSerialId: null}d6e5a99c-4067-45a5-9f51-68f82ac62b1e{ip: 192.168.34.56, host: pr-hdds-2111-hlhfn-3535364396, networkLocation: /default-rack, certSerialId: null}, Type:RATIS, Factor:THREE, State:CLOSED]
2019-09-16 18:49:10,433 [org.apache.ratis.server.impl.LogAppender$AppenderDaemon$$Lambda$533/1653271690@230862c5] ERROR ratis.XceiverServerRatis (XceiverServerRatis.java:triggerPipelineClose(568)) - pipeline Action CLOSE  on pipeline PipelineID=297f27b4-88a4-4c33-ba42-3233b5392349.Reason : e9384e49-5c15-4fe8-918f-d27f1539ccef has not seen follower/s d6e5a99c-4067-45a5-9f51-68f82ac62b1e for 165726ms e8c1cc56-fd3a-4c1f-a15b-7334942b67be for 165726ms
2019-09-16 18:49:10,433 [org.apache.ratis.server.impl.LogAppender$AppenderDaemon$$Lambda$533/1653271690@5bda47af] ERROR ratis.XceiverServerRatis (XceiverServerRatis.java:triggerPipelineClose(568)) - pipeline Action CLOSE  on pipeline PipelineID=297f27b4-88a4-4c33-ba42-3233b5392349.Reason : e9384e49-5c15-4fe8-918f-d27f1539ccef has not seen follower/s d6e5a99c-4067-45a5-9f51-68f82ac62b1e for 165726ms e8c1cc56-fd3a-4c1f-a15b-7334942b67be for 165727ms
2019-09-16 18:49:10,926 [EventQueue-PipelineActionsForPipelineActionHandler] ERROR pipeline.PipelineActionHandler (PipelineActionHandler.java:onMessage(60)) - Received pipeline action CLOSE for Pipeline[ Id: 297f27b4-88a4-4c33-ba42-3233b5392349, Nodes: e8c1cc56-fd3a-4c1f-a15b-7334942b67be{ip: 192.168.34.56, host: pr-hdds-2111-hlhfn-3535364396, networkLocation: /default-rack, certSerialId: null}e9384e49-5c15-4fe8-918f-d27f1539ccef{ip: 192.168.34.56, host: pr-hdds-2111-hlhfn-3535364396, networkLocation: /default-rack, certSerialId: null}d6e5a99c-4067-45a5-9f51-68f82ac62b1e{ip: 192.168.34.56, host: pr-hdds-2111-hlhfn-3535364396, networkLocation: /default-rack, certSerialId: null}, Type:RATIS, Factor:THREE, State:CLOSED] from datanode e9384e49-5c15-4fe8-918f-d27f1539ccef{ip: 192.168.34.56, host: pr-hdds-2111-hlhfn-3535364396, networkLocation: /default-rack, certSerialId: null}. Reason : e9384e49-5c15-4fe8-918f-d27f1539ccef has not seen follower/s d6e5a99c-4067-45a5-9f51-68f82ac62b1e for 165726ms e8c1cc56-fd3a-4c1f-a15b-7334942b67be for 165726ms
2019-09-16 18:49:10,926 [EventQueue-PipelineActionsForPipelineActionHandler] INFO  pipeline.SCMPipelineManager (SCMPipelineManager.java:finalizeAndDestroyPipeline(311)) - destroying pipeline:Pipeline[ Id: 297f27b4-88a4-4c33-ba42-3233b5392349, Nodes: e8c1cc56-fd3a-4c1f-a15b-7334942b67be{ip: 192.168.34.56, host: pr-hdds-2111-hlhfn-3535364396, networkLocation: /default-rack, certSerialId: null}e9384e49-5c15-4fe8-918f-d27f1539ccef{ip: 192.168.34.56, host: pr-hdds-2111-hlhfn-3535364396, networkLocation: /default-rack, certSerialId: null}d6e5a99c-4067-45a5-9f51-68f82ac62b1e{ip: 192.168.34.56, host: pr-hdds-2111-hlhfn-3535364396, networkLocation: /default-rack, certSerialId: null}, Type:RATIS, Factor:THREE, State:CLOSED]
2019-09-16 18:49:10,932 [java.util.concurrent.ThreadPoolExecutor$Worker@360b2eea[State = -1, empty queue]] WARN  server.GrpcLogAppender (GrpcLogAppender.java:timeoutAppendRequest(200)) - e9384e49-5c15-4fe8-918f-d27f1539ccef@group-3233B5392349->d6e5a99c-4067-45a5-9f51-68f82ac62b1e-GrpcLogAppender: appendEntries Timeout, request=e9384e49-5c15-4fe8-918f-d27f1539ccef->d6e5a99c-4067-45a5-9f51-68f82ac62b1e#155-t1, previous=(t:1, i:14), leaderCommit=10, initializing? false, entries: <empty>
2019-09-16 18:49:10,932 [java.util.concurrent.ThreadPoolExecutor$Worker@37302aeb[State = -1, empty queue]] WARN  server.GrpcLogAppender (GrpcLogAppender.java:timeoutAppendRequest(200)) - e9384e49-5c15-4fe8-918f-d27f1539ccef@group-3233B5392349->e8c1cc56-fd3a-4c1f-a15b-7334942b67be-GrpcLogAppender: appendEntries Timeout, request=e9384e49-5c15-4fe8-918f-d27f1539ccef->e8c1cc56-fd3a-4c1f-a15b-7334942b67be#155-t1, previous=(t:1, i:14), leaderCommit=10, initializing? false, entries: <empty>
2019-09-16 18:49:11,123 [grpc-default-executor-4] INFO  client.GrpcClientProtocolClient (GrpcClientProtocolClient.java:onNext(264)) - client-48CB266057AC->e8c1cc56-fd3a-4c1f-a15b-7334942b67be: receive RaftClientReply:client-48CB266057AC->e8c1cc56-fd3a-4c1f-a15b-7334942b67be@group-3233B5392349, cid=32, FAILED org.apache.ratis.protocol.NotLeaderException: Server e8c1cc56-fd3a-4c1f-a15b-7334942b67be@group-3233B5392349 is not the leader e9384e49-5c15-4fe8-918f-d27f1539ccef:192.168.34.56:34651, logIndex=0, commits[e8c1cc56-fd3a-4c1f-a15b-7334942b67be:c10, e9384e49-5c15-4fe8-918f-d27f1539ccef:c10, d6e5a99c-4067-45a5-9f51-68f82ac62b1e:c6]
2019-09-16 18:49:11,237 [grpc-default-executor-4] INFO  impl.RaftServerProxy (RaftServerProxy.java:addNew(89)) - d6e5a99c-4067-45a5-9f51-68f82ac62b1e: addNew group-49CA373404FE:[e9384e49-5c15-4fe8-918f-d27f1539ccef:192.168.34.56:34651, d6e5a99c-4067-45a5-9f51-68f82ac62b1e:192.168.34.56:43919, e8c1cc56-fd3a-4c1f-a15b-7334942b67be:192.168.34.56:38681] returns group-49CA373404FE:java.util.concurrent.CompletableFuture@63ac6c90[Not completed]
2019-09-16 18:49:11,237 [grpc-default-executor-1] INFO  impl.RaftServerProxy (RaftServerProxy.java:addNew(89)) - e9384e49-5c15-4fe8-918f-d27f1539ccef: addNew group-49CA373404FE:[e9384e49-5c15-4fe8-918f-d27f1539ccef:192.168.34.56:34651, d6e5a99c-4067-45a5-9f51-68f82ac62b1e:192.168.34.56:43919, e8c1cc56-fd3a-4c1f-a15b-7334942b67be:192.168.34.56:38681] returns group-49CA373404FE:java.util.concurrent.CompletableFuture@58c1b229[Not completed]
2019-09-16 18:49:11,237 [grpc-default-executor-6] INFO  impl.RaftServerProxy (RaftServerProxy.java:addNew(89)) - e8c1cc56-fd3a-4c1f-a15b-7334942b67be: addNew group-49CA373404FE:[e9384e49-5c15-4fe8-918f-d27f1539ccef:192.168.34.56:34651, d6e5a99c-4067-45a5-9f51-68f82ac62b1e:192.168.34.56:43919, e8c1cc56-fd3a-4c1f-a15b-7334942b67be:192.168.34.56:38681] returns group-49CA373404FE:java.util.concurrent.CompletableFuture@7f087199[Not completed]
2019-09-16 18:49:11,239 [pool-47-thread-1] INFO  impl.RaftServerImpl (RaftServerImpl.java:<init>(95)) - e9384e49-5c15-4fe8-918f-d27f1539ccef: new RaftServerImpl for group-49CA373404FE:[e9384e49-5c15-4fe8-918f-d27f1539ccef:192.168.34.56:34651, d6e5a99c-4067-45a5-9f51-68f82ac62b1e:192.168.34.56:43919, e8c1cc56-fd3a-4c1f-a15b-7334942b67be:192.168.34.56:38681] with ContainerStateMachine:uninitialized
2019-09-16 18:49:11,239 [pool-47-thread-1] INFO  server.RaftServerConfigKeys (ConfUtils.java:logGet(43)) - raft.server.rpc.timeout.min = 5s (custom)
2019-09-16 18:49:11,239 [pool-47-thread-1] INFO  server.RaftServerConfigKeys (ConfUtils.java:logGet(43)) - raft.server.rpc.timeout.max = 5200ms (custom)
2019-09-16 18:49:11,239 [pool-47-thread-1] INFO  server.RaftServerConfigKeys (ConfUtils.java:logGet(43)) - raft.server.rpcslowness.timeout = 120s (custom)
2019-09-16 18:49:11,240 [pool-47-thread-1] INFO  server.RaftServerConfigKeys (ConfUtils.java:logGet(43)) - raft.server.sleep.deviation.threshold = 300 (default)
2019-09-16 18:49:11,240 [pool-57-thread-1] INFO  impl.RaftServerImpl (RaftServerImpl.java:<init>(95)) - e8c1cc56-fd3a-4c1f-a15b-7334942b67be: new RaftServerImpl for group-49CA373404FE:[e9384e49-5c15-4fe8-918f-d27f1539ccef:192.168.34.56:34651, d6e5a99c-4067-45a5-9f51-68f82ac62b1e:192.168.34.56:43919, e8c1cc56-fd3a-4c1f-a15b-7334942b67be:192.168.34.56:38681] with ContainerStateMachine:uninitialized
2019-09-16 18:49:11,240 [pool-47-thread-1] INFO  server.RaftServerConfigKeys (ConfUtils.java:logGet(43)) - raft.server.log.appender.install.snapshot.enabled = false (custom)
2019-09-16 18:49:11,240 [pool-57-thread-1] INFO  server.RaftServerConfigKeys (ConfUtils.java:logGet(43)) - raft.server.rpc.timeout.min = 5s (custom)
2019-09-16 18:49:11,240 [pool-47-thread-1] INFO  impl.RaftServerImpl (ServerState.java:<init>(103)) - e9384e49-5c15-4fe8-918f-d27f1539ccef@group-49CA373404FE: ConfigurationManager, init=-1: [e9384e49-5c15-4fe8-918f-d27f1539ccef:192.168.34.56:34651, d6e5a99c-4067-45a5-9f51-68f82ac62b1e:192.168.34.56:43919, e8c1cc56-fd3a-4c1f-a15b-7334942b67be:192.168.34.56:38681], old=null, confs=<EMPTY_MAP>
2019-09-16 18:49:11,240 [pool-57-thread-1] INFO  server.RaftServerConfigKeys (ConfUtils.java:logGet(43)) - raft.server.rpc.timeout.max = 5200ms (custom)
2019-09-16 18:49:11,240 [pool-57-thread-1] INFO  server.RaftServerConfigKeys (ConfUtils.java:logGet(43)) - raft.server.rpcslowness.timeout = 120s (custom)
2019-09-16 18:49:11,240 [pool-47-thread-1] INFO  server.RaftServerConfigKeys (ConfUtils.java:logGet(43)) - raft.server.storage.dir = [/workdir/hadoop-ozone/integration-test/target/test-dir/MiniOzoneClusterImpl-d4df22cc-0c2d-486e-a6a7-bea08512b785/datanode-2/data/ratis] (custom)
2019-09-16 18:49:11,240 [pool-57-thread-1] INFO  server.RaftServerConfigKeys (ConfUtils.java:logGet(43)) - raft.server.sleep.deviation.threshold = 300 (default)
2019-09-16 18:49:11,241 [pool-77-thread-1] INFO  impl.RaftServerImpl (RaftServerImpl.java:<init>(95)) - d6e5a99c-4067-45a5-9f51-68f82ac62b1e: new RaftServerImpl for group-49CA373404FE:[e9384e49-5c15-4fe8-918f-d27f1539ccef:192.168.34.56:34651, d6e5a99c-4067-45a5-9f51-68f82ac62b1e:192.168.34.56:43919, e8c1cc56-fd3a-4c1f-a15b-7334942b67be:192.168.34.56:38681] with ContainerStateMachine:uninitialized
2019-09-16 18:49:11,241 [pool-57-thread-1] INFO  server.RaftServerConfigKeys (ConfUtils.java:logGet(43)) - raft.server.log.appender.install.snapshot.enabled = false (custom)
2019-09-16 18:49:11,241 [pool-77-thread-1] INFO  server.RaftServerConfigKeys (ConfUtils.java:logGet(43)) - raft.server.rpc.timeout.min = 5s (custom)
2019-09-16 18:49:11,241 [pool-47-thread-1] INFO  storage.RaftStorageDirectory (RaftStorageDirectory.java:analyzeStorage(246)) - The storage directory /workdir/hadoop-ozone/integration-test/target/test-dir/MiniOzoneClusterImpl-d4df22cc-0c2d-486e-a6a7-bea08512b785/datanode-2/data/ratis/014cf5b2-76ae-4f89-8eb1-49ca373404fe does not exist. Creating ...
2019-09-16 18:49:11,241 [pool-77-thread-1] INFO  server.RaftServerConfigKeys (ConfUtils.java:logGet(43)) - raft.server.rpc.timeout.max = 5200ms (custom)
2019-09-16 18:49:11,241 [pool-57-thread-1] INFO  impl.RaftServerImpl (ServerState.java:<init>(103)) - e8c1cc56-fd3a-4c1f-a15b-7334942b67be@group-49CA373404FE: ConfigurationManager, init=-1: [e9384e49-5c15-4fe8-918f-d27f1539ccef:192.168.34.56:34651, d6e5a99c-4067-45a5-9f51-68f82ac62b1e:192.168.34.56:43919, e8c1cc56-fd3a-4c1f-a15b-7334942b67be:192.168.34.56:38681], old=null, confs=<EMPTY_MAP>
2019-09-16 18:49:11,241 [pool-77-thread-1] INFO  server.RaftServerConfigKeys (ConfUtils.java:logGet(43)) - raft.server.rpcslowness.timeout = 120s (custom)
2019-09-16 18:49:11,242 [pool-57-thread-1] INFO  server.RaftServerConfigKeys (ConfUtils.java:logGet(43)) - raft.server.storage.dir = [/workdir/hadoop-ozone/integration-test/target/test-dir/MiniOzoneClusterImpl-d4df22cc-0c2d-486e-a6a7-bea08512b785/datanode-3/data/ratis] (custom)
2019-09-16 18:49:11,242 [pool-77-thread-1] INFO  server.RaftServerConfigKeys (ConfUtils.java:logGet(43)) - raft.server.sleep.deviation.threshold = 300 (default)
2019-09-16 18:49:11,242 [pool-77-thread-1] INFO  server.RaftServerConfigKeys (ConfUtils.java:logGet(43)) - raft.server.log.appender.install.snapshot.enabled = false (custom)
2019-09-16 18:49:11,242 [pool-57-thread-1] INFO  storage.RaftStorageDirectory (RaftStorageDirectory.java:analyzeStorage(246)) - The storage directory /workdir/hadoop-ozone/integration-test/target/test-dir/MiniOzoneClusterImpl-d4df22cc-0c2d-486e-a6a7-bea08512b785/datanode-3/data/ratis/014cf5b2-76ae-4f89-8eb1-49ca373404fe does not exist. Creating ...
2019-09-16 18:49:11,242 [pool-77-thread-1] INFO  impl.RaftServerImpl (ServerState.java:<init>(103)) - d6e5a99c-4067-45a5-9f51-68f82ac62b1e@group-49CA373404FE: ConfigurationManager, init=-1: [e9384e49-5c15-4fe8-918f-d27f1539ccef:192.168.34.56:34651, d6e5a99c-4067-45a5-9f51-68f82ac62b1e:192.168.34.56:43919, e8c1cc56-fd3a-4c1f-a15b-7334942b67be:192.168.34.56:38681], old=null, confs=<EMPTY_MAP>
2019-09-16 18:49:11,242 [pool-77-thread-1] INFO  server.RaftServerConfigKeys (ConfUtils.java:logGet(43)) - raft.server.storage.dir = [/workdir/hadoop-ozone/integration-test/target/test-dir/MiniOzoneClusterImpl-d4df22cc-0c2d-486e-a6a7-bea08512b785/datanode-5/data/ratis] (custom)
2019-09-16 18:49:11,243 [pool-77-thread-1] INFO  storage.RaftStorageDirectory (RaftStorageDirectory.java:analyzeStorage(246)) - The storage directory /workdir/hadoop-ozone/integration-test/target/test-dir/MiniOzoneClusterImpl-d4df22cc-0c2d-486e-a6a7-bea08512b785/datanode-5/data/ratis/014cf5b2-76ae-4f89-8eb1-49ca373404fe does not exist. Creating ...
2019-09-16 18:49:11,255 [pool-47-thread-1] INFO  storage.RaftStorageDirectory (RaftStorageDirectory.java:tryLock(328)) - Lock on /workdir/hadoop-ozone/integration-test/target/test-dir/MiniOzoneClusterImpl-d4df22cc-0c2d-486e-a6a7-bea08512b785/datanode-2/data/ratis/014cf5b2-76ae-4f89-8eb1-49ca373404fe/in_use.lock acquired by nodename 7535@pr-hdds-2111-hlhfn-3535364396
2019-09-16 18:49:11,255 [pool-57-thread-1] INFO  storage.RaftStorageDirectory (RaftStorageDirectory.java:tryLock(328)) - Lock on /workdir/hadoop-ozone/integration-test/target/test-dir/MiniOzoneClusterImpl-d4df22cc-0c2d-486e-a6a7-bea08512b785/datanode-3/data/ratis/014cf5b2-76ae-4f89-8eb1-49ca373404fe/in_use.lock acquired by nodename 7535@pr-hdds-2111-hlhfn-3535364396
2019-09-16 18:49:11,255 [pool-77-thread-1] INFO  storage.RaftStorageDirectory (RaftStorageDirectory.java:tryLock(328)) - Lock on /workdir/hadoop-ozone/integration-test/target/test-dir/MiniOzoneClusterImpl-d4df22cc-0c2d-486e-a6a7-bea08512b785/datanode-5/data/ratis/014cf5b2-76ae-4f89-8eb1-49ca373404fe/in_use.lock acquired by nodename 7535@pr-hdds-2111-hlhfn-3535364396
2019-09-16 18:49:11,269 [pool-47-thread-1] INFO  storage.RaftStorage (RaftStorage.java:format(72)) - Storage directory /workdir/hadoop-ozone/integration-test/target/test-dir/MiniOzoneClusterImpl-d4df22cc-0c2d-486e-a6a7-bea08512b785/datanode-2/data/ratis/014cf5b2-76ae-4f89-8eb1-49ca373404fe has been successfully formatted.
2019-09-16 18:49:11,269 [pool-57-thread-1] INFO  storage.RaftStorage (RaftStorage.java:format(72)) - Storage directory /workdir/hadoop-ozone/integration-test/target/test-dir/MiniOzoneClusterImpl-d4df22cc-0c2d-486e-a6a7-bea08512b785/datanode-3/data/ratis/014cf5b2-76ae-4f89-8eb1-49ca373404fe has been successfully formatted.
2019-09-16 18:49:11,269 [pool-77-thread-1] INFO  storage.RaftStorage (RaftStorage.java:format(72)) - Storage directory /workdir/hadoop-ozone/integration-test/target/test-dir/MiniOzoneClusterImpl-d4df22cc-0c2d-486e-a6a7-bea08512b785/datanode-5/data/ratis/014cf5b2-76ae-4f89-8eb1-49ca373404fe has been successfully formatted.
2019-09-16 18:49:11,270 [pool-57-thread-1] INFO  ratis.ContainerStateMachine (ContainerStateMachine.java:loadSnapshot(230)) - group-49CA373404FE: The snapshot info is null. Setting the last applied indexto:(t:0, i:~)
2019-09-16 18:49:11,270 [pool-47-thread-1] INFO  ratis.ContainerStateMachine (ContainerStateMachine.java:loadSnapshot(230)) - group-49CA373404FE: The snapshot info is null. Setting the last applied indexto:(t:0, i:~)
2019-09-16 18:49:11,270 [pool-57-thread-1] INFO  server.RaftServerConfigKeys (ConfUtils.java:logGet(43)) - raft.server.notification.no-leader.timeout = 120s (custom)
2019-09-16 18:49:11,270 [pool-77-thread-1] INFO  ratis.ContainerStateMachine (ContainerStateMachine.java:loadSnapshot(230)) - group-49CA373404FE: The snapshot info is null. Setting the last applied indexto:(t:0, i:~)
2019-09-16 18:49:11,270 [pool-57-thread-1] INFO  server.RaftServerConfigKeys (ConfUtils.java:logGet(43)) - raft.server.log.use.memory = false (default)
2019-09-16 18:49:11,270 [pool-47-thread-1] INFO  server.RaftServerConfigKeys (ConfUtils.java:logGet(43)) - raft.server.notification.no-leader.timeout = 120s (custom)
2019-09-16 18:49:11,270 [pool-57-thread-1] INFO  server.RaftServerConfigKeys (ConfUtils.java:logGet(43)) - raft.server.log.purge.gap = 1000000 (custom)
2019-09-16 18:49:11,270 [pool-77-thread-1] INFO  server.RaftServerConfigKeys (ConfUtils.java:logGet(43)) - raft.server.notification.no-leader.timeout = 120s (custom)
2019-09-16 18:49:11,271 [pool-57-thread-1] INFO  server.RaftServerConfigKeys (ConfUtils.java:logGet(43)) - raft.server.log.appender.buffer.byte-limit = 33554432 (custom)
2019-09-16 18:49:11,270 [pool-47-thread-1] INFO  server.RaftServerConfigKeys (ConfUtils.java:logGet(43)) - raft.server.log.use.memory = false (default)
2019-09-16 18:49:11,271 [pool-57-thread-1] INFO  server.RaftServerConfigKeys (ConfUtils.java:logGet(43)) - raft.server.log.segment.size.max = 1048576 (custom)
2019-09-16 18:49:11,271 [pool-77-thread-1] INFO  server.RaftServerConfigKeys (ConfUtils.java:logGet(43)) - raft.server.log.use.memory = false (default)
2019-09-16 18:49:11,271 [pool-57-thread-1] INFO  server.RaftServerConfigKeys (ConfUtils.java:logGet(43)) - raft.server.log.segment.cache.num.max = 2 (custom)
2019-09-16 18:49:11,271 [pool-47-thread-1] INFO  server.RaftServerConfigKeys (ConfUtils.java:logGet(43)) - raft.server.log.purge.gap = 1000000 (custom)
2019-09-16 18:49:11,271 [pool-57-thread-1] INFO  segmented.SegmentedRaftLogWorker (SegmentedRaftLogWorker.java:<init>(172)) - new e8c1cc56-fd3a-4c1f-a15b-7334942b67be@group-49CA373404FE-SegmentedRaftLogWorker for RaftStorage:Storage Directory /workdir/hadoop-ozone/integration-test/target/test-dir/MiniOzoneClusterImpl-d4df22cc-0c2d-486e-a6a7-bea08512b785/datanode-3/data/ratis/014cf5b2-76ae-4f89-8eb1-49ca373404fe
2019-09-16 18:49:11,271 [pool-77-thread-1] INFO  server.RaftServerConfigKeys (ConfUtils.java:logGet(43)) - raft.server.log.purge.gap = 1000000 (custom)
2019-09-16 18:49:11,272 [pool-57-thread-1] INFO  server.RaftServerConfigKeys (ConfUtils.java:logGet(43)) - raft.server.log.queue.byte-limit = 2147483647 (custom)
2019-09-16 18:49:11,272 [pool-47-thread-1] INFO  server.RaftServerConfigKeys (ConfUtils.java:logGet(43)) - raft.server.log.appender.buffer.byte-limit = 33554432 (custom)
2019-09-16 18:49:11,272 [pool-57-thread-1] INFO  server.RaftServerConfigKeys (ConfUtils.java:logGet(43)) - raft.server.log.queue.element-limit = 1024 (custom)
2019-09-16 18:49:11,272 [pool-77-thread-1] INFO  server.RaftServerConfigKeys (ConfUtils.java:logGet(43)) - raft.server.log.appender.buffer.byte-limit = 33554432 (custom)
2019-09-16 18:49:11,272 [pool-57-thread-1] INFO  server.RaftServerConfigKeys (ConfUtils.java:logGet(43)) - raft.server.log.segment.size.max = 1048576 (custom)
2019-09-16 18:49:11,272 [pool-47-thread-1] INFO  server.RaftServerConfigKeys (ConfUtils.java:logGet(43)) - raft.server.log.segment.size.max = 1048576 (custom)
2019-09-16 18:49:11,273 [pool-57-thread-1] INFO  server.RaftServerConfigKeys (ConfUtils.java:logGet(43)) - raft.server.log.preallocated.size = 16384 (custom)
2019-09-16 18:49:11,272 [pool-77-thread-1] INFO  server.RaftServerConfigKeys (ConfUtils.java:logGet(43)) - raft.server.log.segment.size.max = 1048576 (custom)
2019-09-16 18:49:11,273 [pool-57-thread-1] INFO  server.RaftServerConfigKeys (ConfUtils.java:logGet(43)) - raft.server.log.write.buffer.size = 33554432 (custom)
2019-09-16 18:49:11,273 [pool-47-thread-1] INFO  server.RaftServerConfigKeys (ConfUtils.java:logGet(43)) - raft.server.log.segment.cache.num.max = 2 (custom)
2019-09-16 18:49:11,273 [pool-57-thread-1] INFO  server.RaftServerConfigKeys (ConfUtils.java:logGet(43)) - raft.server.log.force.sync.num = 128 (default)
2019-09-16 18:49:11,273 [pool-77-thread-1] INFO  server.RaftServerConfigKeys (ConfUtils.java:logGet(43)) - raft.server.log.segment.cache.num.max = 2 (custom)
2019-09-16 18:49:11,273 [pool-57-thread-1] INFO  server.RaftServerConfigKeys (ConfUtils.java:logGet(43)) - raft.server.log.statemachine.data.sync = true (default)
2019-09-16 18:49:11,273 [pool-47-thread-1] INFO  segmented.SegmentedRaftLogWorker (SegmentedRaftLogWorker.java:<init>(172)) - new e9384e49-5c15-4fe8-918f-d27f1539ccef@group-49CA373404FE-SegmentedRaftLogWorker for RaftStorage:Storage Directory /workdir/hadoop-ozone/integration-test/target/test-dir/MiniOzoneClusterImpl-d4df22cc-0c2d-486e-a6a7-bea08512b785/datanode-2/data/ratis/014cf5b2-76ae-4f89-8eb1-49ca373404fe
2019-09-16 18:49:11,274 [pool-57-thread-1] INFO  server.RaftServerConfigKeys (ConfUtils.java:logGet(43)) - raft.server.log.statemachine.data.sync.timeout = 10s (default)
2019-09-16 18:49:11,273 [pool-77-thread-1] INFO  segmented.SegmentedRaftLogWorker (SegmentedRaftLogWorker.java:<init>(172)) - new d6e5a99c-4067-45a5-9f51-68f82ac62b1e@group-49CA373404FE-SegmentedRaftLogWorker for RaftStorage:Storage Directory /workdir/hadoop-ozone/integration-test/target/test-dir/MiniOzoneClusterImpl-d4df22cc-0c2d-486e-a6a7-bea08512b785/datanode-5/data/ratis/014cf5b2-76ae-4f89-8eb1-49ca373404fe
2019-09-16 18:49:11,274 [pool-57-thread-1] INFO  server.RaftServerConfigKeys (ConfUtils.java:logGet(43)) - raft.server.log.statemachine.data.sync.timeout.retry = -1 (default)
2019-09-16 18:49:11,274 [pool-47-thread-1] INFO  server.RaftServerConfigKeys (ConfUtils.java:logGet(43)) - raft.server.log.queue.byte-limit = 2147483647 (custom)
2019-09-16 18:49:11,274 [pool-57-thread-1] INFO  server.RaftServerConfigKeys (ConfUtils.java:logGet(43)) - raft.server.log.statemachine.data.caching.enabled = true (custom)
2019-09-16 18:49:11,274 [pool-77-thread-1] INFO  server.RaftServerConfigKeys (ConfUtils.java:logGet(43)) - raft.server.log.queue.byte-limit = 2147483647 (custom)
2019-09-16 18:49:11,274 [pool-47-thread-1] INFO  server.RaftServerConfigKeys (ConfUtils.java:logGet(43)) - raft.server.log.queue.element-limit = 1024 (custom)
2019-09-16 18:49:11,275 [pool-57-thread-1] INFO  segmented.SegmentedRaftLogWorker (SegmentedRaftLogWorker.java:lambda$new$0(132)) - e8c1cc56-fd3a-4c1f-a15b-7334942b67be@group-49CA373404FE-SegmentedRaftLogWorker: flushIndex: setUnconditionally 0 -> -1
2019-09-16 18:49:11,274 [pool-77-thread-1] INFO  server.RaftServerConfigKeys (ConfUtils.java:logGet(43)) - raft.server.log.queue.element-limit = 1024 (custom)
2019-09-16 18:49:11,275 [pool-47-thread-1] INFO  server.RaftServerConfigKeys (ConfUtils.java:logGet(43)) - raft.server.log.segment.size.max = 1048576 (custom)
2019-09-16 18:49:11,275 [pool-57-thread-1] INFO  server.RaftServerConfigKeys (ConfUtils.java:logGet(43)) - raft.server.snapshot.auto.trigger.enabled = true (custom)
2019-09-16 18:49:11,275 [pool-77-thread-1] INFO  server.RaftServerConfigKeys (ConfUtils.java:logGet(43)) - raft.server.log.segment.size.max = 1048576 (custom)
2019-09-16 18:49:11,275 [pool-57-thread-1] INFO  server.RaftServerConfigKeys (ConfUtils.java:logGet(43)) - raft.server.snapshot.auto.trigger.threshold = 10000 (custom)
2019-09-16 18:49:11,275 [pool-47-thread-1] INFO  server.RaftServerConfigKeys (ConfUtils.java:logGet(43)) - raft.server.log.preallocated.size = 16384 (custom)
2019-09-16 18:49:11,275 [pool-57-thread-1] INFO  server.RaftServerConfigKeys (ConfUtils.java:logGet(43)) - raft.server.snapshot.retention.num.files = -1 (default)
2019-09-16 18:49:11,275 [pool-77-thread-1] INFO  server.RaftServerConfigKeys (ConfUtils.java:logGet(43)) - raft.server.log.preallocated.size = 16384 (custom)
2019-09-16 18:49:11,276 [pool-57-thread-1] INFO  server.RaftServerConfigKeys (ConfUtils.java:logGet(43)) - raft.server.retrycache.expirytime = 600000ms (custom)
2019-09-16 18:49:11,276 [pool-47-thread-1] INFO  server.RaftServerConfigKeys (ConfUtils.java:logGet(43)) - raft.server.log.write.buffer.size = 33554432 (custom)
2019-09-16 18:49:11,276 [pool-77-thread-1] INFO  server.RaftServerConfigKeys (ConfUtils.java:logGet(43)) - raft.server.log.write.buffer.size = 33554432 (custom)
2019-09-16 18:49:11,276 [pool-47-thread-1] INFO  server.RaftServerConfigKeys (ConfUtils.java:logGet(43)) - raft.server.log.force.sync.num = 128 (default)
2019-09-16 18:49:11,276 [pool-77-thread-1] INFO  server.RaftServerConfigKeys (ConfUtils.java:logGet(43)) - raft.server.log.force.sync.num = 128 (default)
2019-09-16 18:49:11,276 [pool-47-thread-1] INFO  server.RaftServerConfigKeys (ConfUtils.java:logGet(43)) - raft.server.log.statemachine.data.sync = true (default)
2019-09-16 18:49:11,277 [pool-77-thread-1] INFO  server.RaftServerConfigKeys (ConfUtils.java:logGet(43)) - raft.server.log.statemachine.data.sync = true (default)
2019-09-16 18:49:11,277 [pool-47-thread-1] INFO  server.RaftServerConfigKeys (ConfUtils.java:logGet(43)) - raft.server.log.statemachine.data.sync.timeout = 10s (default)
2019-09-16 18:49:11,277 [pool-77-thread-1] INFO  server.RaftServerConfigKeys (ConfUtils.java:logGet(43)) - raft.server.log.statemachine.data.sync.timeout = 10s (default)
2019-09-16 18:49:11,277 [pool-47-thread-1] INFO  server.RaftServerConfigKeys (ConfUtils.java:logGet(43)) - raft.server.log.statemachine.data.sync.timeout.retry = -1 (default)
2019-09-16 18:49:11,277 [pool-77-thread-1] INFO  server.RaftServerConfigKeys (ConfUtils.java:logGet(43)) - raft.server.log.statemachine.data.sync.timeout.retry = -1 (default)
2019-09-16 18:49:11,277 [pool-47-thread-1] INFO  server.RaftServerConfigKeys (ConfUtils.java:logGet(43)) - raft.server.log.statemachine.data.caching.enabled = true (custom)
2019-09-16 18:49:11,278 [pool-77-thread-1] INFO  server.RaftServerConfigKeys (ConfUtils.java:logGet(43)) - raft.server.log.statemachine.data.caching.enabled = true (custom)
2019-09-16 18:49:11,278 [pool-47-thread-1] INFO  segmented.SegmentedRaftLogWorker (SegmentedRaftLogWorker.java:lambda$new$0(132)) - e9384e49-5c15-4fe8-918f-d27f1539ccef@group-49CA373404FE-SegmentedRaftLogWorker: flushIndex: setUnconditionally 0 -> -1
2019-09-16 18:49:11,278 [pool-77-thread-1] INFO  segmented.SegmentedRaftLogWorker (SegmentedRaftLogWorker.java:lambda$new$0(132)) - d6e5a99c-4067-45a5-9f51-68f82ac62b1e@group-49CA373404FE-SegmentedRaftLogWorker: flushIndex: setUnconditionally 0 -> -1
2019-09-16 18:49:11,278 [pool-47-thread-1] INFO  server.RaftServerConfigKeys (ConfUtils.java:logGet(43)) - raft.server.snapshot.auto.trigger.enabled = true (custom)
2019-09-16 18:49:11,278 [pool-47-thread-1] INFO  server.RaftServerConfigKeys (ConfUtils.java:logGet(43)) - raft.server.snapshot.auto.trigger.threshold = 10000 (custom)
2019-09-16 18:49:11,278 [pool-77-thread-1] INFO  server.RaftServerConfigKeys (ConfUtils.java:logGet(43)) - raft.server.snapshot.auto.trigger.enabled = true (custom)
2019-09-16 18:49:11,278 [pool-47-thread-1] INFO  server.RaftServerConfigKeys (ConfUtils.java:logGet(43)) - raft.server.snapshot.retention.num.files = -1 (default)
2019-09-16 18:49:11,279 [pool-77-thread-1] INFO  server.RaftServerConfigKeys (ConfUtils.java:logGet(43)) - raft.server.snapshot.auto.trigger.threshold = 10000 (custom)
2019-09-16 18:49:11,279 [pool-47-thread-1] INFO  server.RaftServerConfigKeys (ConfUtils.java:logGet(43)) - raft.server.retrycache.expirytime = 600000ms (custom)
2019-09-16 18:49:11,279 [pool-77-thread-1] INFO  server.RaftServerConfigKeys (ConfUtils.java:logGet(43)) - raft.server.snapshot.retention.num.files = -1 (default)
2019-09-16 18:49:11,279 [pool-77-thread-1] INFO  server.RaftServerConfigKeys (ConfUtils.java:logGet(43)) - raft.server.retrycache.expirytime = 600000ms (custom)
2019-09-16 18:49:11,280 [pool-57-thread-1] INFO  impl.RaftServerImpl (RaftServerImpl.java:start(185)) - e8c1cc56-fd3a-4c1f-a15b-7334942b67be@group-49CA373404FE: start as a follower, conf=-1: [e9384e49-5c15-4fe8-918f-d27f1539ccef:192.168.34.56:34651, d6e5a99c-4067-45a5-9f51-68f82ac62b1e:192.168.34.56:43919, e8c1cc56-fd3a-4c1f-a15b-7334942b67be:192.168.34.56:38681], old=null
2019-09-16 18:49:11,280 [pool-57-thread-1] INFO  impl.RaftServerImpl (RaftServerImpl.java:setRole(174)) - e8c1cc56-fd3a-4c1f-a15b-7334942b67be@group-49CA373404FE: changes role from      null to FOLLOWER at term 0 for startAsFollower
2019-09-16 18:49:11,280 [pool-57-thread-1] INFO  impl.RoleInfo (RoleInfo.java:updateAndGet(143)) - e8c1cc56-fd3a-4c1f-a15b-7334942b67be: start FollowerState
2019-09-16 18:49:11,281 [pool-57-thread-1] INFO  util.JmxRegister (JmxRegister.java:tryRegister(44)) - Successfully registered JMX Bean with object name Ratis:service=RaftServer,group=group-49CA373404FE,id=e8c1cc56-fd3a-4c1f-a15b-7334942b67be
2019-09-16 18:49:11,282 [pool-47-thread-1] INFO  impl.RaftServerImpl (RaftServerImpl.java:start(185)) - e9384e49-5c15-4fe8-918f-d27f1539ccef@group-49CA373404FE: start as a follower, conf=-1: [e9384e49-5c15-4fe8-918f-d27f1539ccef:192.168.34.56:34651, d6e5a99c-4067-45a5-9f51-68f82ac62b1e:192.168.34.56:43919, e8c1cc56-fd3a-4c1f-a15b-7334942b67be:192.168.34.56:38681], old=null
2019-09-16 18:49:11,282 [pool-47-thread-1] INFO  impl.RaftServerImpl (RaftServerImpl.java:setRole(174)) - e9384e49-5c15-4fe8-918f-d27f1539ccef@group-49CA373404FE: changes role from      null to FOLLOWER at term 0 for startAsFollower
2019-09-16 18:49:11,282 [pool-47-thread-1] INFO  impl.RoleInfo (RoleInfo.java:updateAndGet(143)) - e9384e49-5c15-4fe8-918f-d27f1539ccef: start FollowerState
2019-09-16 18:49:11,283 [pool-47-thread-1] INFO  util.JmxRegister (JmxRegister.java:tryRegister(44)) - Successfully registered JMX Bean with object name Ratis:service=RaftServer,group=group-49CA373404FE,id=e9384e49-5c15-4fe8-918f-d27f1539ccef
2019-09-16 18:49:11,283 [pool-77-thread-1] INFO  impl.RaftServerImpl (RaftServerImpl.java:start(185)) - d6e5a99c-4067-45a5-9f51-68f82ac62b1e@group-49CA373404FE: start as a follower, conf=-1: [e9384e49-5c15-4fe8-918f-d27f1539ccef:192.168.34.56:34651, d6e5a99c-4067-45a5-9f51-68f82ac62b1e:192.168.34.56:43919, e8c1cc56-fd3a-4c1f-a15b-7334942b67be:192.168.34.56:38681], old=null
2019-09-16 18:49:11,283 [pool-77-thread-1] INFO  impl.RaftServerImpl (RaftServerImpl.java:setRole(174)) - d6e5a99c-4067-45a5-9f51-68f82ac62b1e@group-49CA373404FE: changes role from      null to FOLLOWER at term 0 for startAsFollower
2019-09-16 18:49:11,283 [pool-77-thread-1] INFO  impl.RoleInfo (RoleInfo.java:updateAndGet(143)) - d6e5a99c-4067-45a5-9f51-68f82ac62b1e: start FollowerState
2019-09-16 18:49:11,283 [pool-77-thread-1] INFO  util.JmxRegister (JmxRegister.java:tryRegister(44)) - Successfully registered JMX Bean with object name Ratis:service=RaftServer,group=group-49CA373404FE,id=d6e5a99c-4067-45a5-9f51-68f82ac62b1e
2019-09-16 18:49:11,286 [RatisPipelineUtilsThread] INFO  pipeline.PipelineStateManager (PipelineStateManager.java:addPipeline(56)) - Created pipeline Pipeline[ Id: 014cf5b2-76ae-4f89-8eb1-49ca373404fe, Nodes: e8c1cc56-fd3a-4c1f-a15b-7334942b67be{ip: 192.168.34.56, host: pr-hdds-2111-hlhfn-3535364396, networkLocation: /default-rack, certSerialId: null}e9384e49-5c15-4fe8-918f-d27f1539ccef{ip: 192.168.34.56, host: pr-hdds-2111-hlhfn-3535364396, networkLocation: /default-rack, certSerialId: null}d6e5a99c-4067-45a5-9f51-68f82ac62b1e{ip: 192.168.34.56, host: pr-hdds-2111-hlhfn-3535364396, networkLocation: /default-rack, certSerialId: null}, Type:RATIS, Factor:THREE, State:OPEN]
2019-09-16 18:49:12,934 [org.apache.ratis.server.impl.LogAppender$AppenderDaemon$$Lambda$533/1653271690@230862c5] ERROR ratis.XceiverServerRatis (XceiverServerRatis.java:triggerPipelineClose(568)) - pipeline Action CLOSE  on pipeline PipelineID=297f27b4-88a4-4c33-ba42-3233b5392349.Reason : e9384e49-5c15-4fe8-918f-d27f1539ccef has not seen follower/s d6e5a99c-4067-45a5-9f51-68f82ac62b1e for 168227ms e8c1cc56-fd3a-4c1f-a15b-7334942b67be for 168227ms
2019-09-16 18:49:12,934 [org.apache.ratis.server.impl.LogAppender$AppenderDaemon$$Lambda$533/1653271690@5bda47af] ERROR ratis.XceiverServerRatis (XceiverServerRatis.java:triggerPipelineClose(568)) - pipeline Action CLOSE  on pipeline PipelineID=297f27b4-88a4-4c33-ba42-3233b5392349.Reason : e9384e49-5c15-4fe8-918f-d27f1539ccef has not seen follower/s d6e5a99c-4067-45a5-9f51-68f82ac62b1e for 168227ms e8c1cc56-fd3a-4c1f-a15b-7334942b67be for 168228ms
2019-09-16 18:49:13,433 [java.util.concurrent.ThreadPoolExecutor$Worker@360b2eea[State = -1, empty queue]] WARN  server.GrpcLogAppender (GrpcLogAppender.java:timeoutAppendRequest(200)) - e9384e49-5c15-4fe8-918f-d27f1539ccef@group-3233B5392349->d6e5a99c-4067-45a5-9f51-68f82ac62b1e-GrpcLogAppender: appendEntries Timeout, request=e9384e49-5c15-4fe8-918f-d27f1539ccef->d6e5a99c-4067-45a5-9f51-68f82ac62b1e#156-t1, previous=(t:1, i:14), leaderCommit=10, initializing? false, entries: <empty>
2019-09-16 18:49:13,433 [java.util.concurrent.ThreadPoolExecutor$Worker@37302aeb[State = -1, empty queue]] WARN  server.GrpcLogAppender (GrpcLogAppender.java:timeoutAppendRequest(200)) - e9384e49-5c15-4fe8-918f-d27f1539ccef@group-3233B5392349->e8c1cc56-fd3a-4c1f-a15b-7334942b67be-GrpcLogAppender: appendEntries Timeout, request=e9384e49-5c15-4fe8-918f-d27f1539ccef->e8c1cc56-fd3a-4c1f-a15b-7334942b67be#156-t1, previous=(t:1, i:14), leaderCommit=10, initializing? false, entries: <empty>
2019-09-16 18:49:13,926 [EventQueue-PipelineActionsForPipelineActionHandler] ERROR pipeline.PipelineActionHandler (PipelineActionHandler.java:onMessage(60)) - Received pipeline action CLOSE for Pipeline[ Id: 297f27b4-88a4-4c33-ba42-3233b5392349, Nodes: e8c1cc56-fd3a-4c1f-a15b-7334942b67be{ip: 192.168.34.56, host: pr-hdds-2111-hlhfn-3535364396, networkLocation: /default-rack, certSerialId: null}e9384e49-5c15-4fe8-918f-d27f1539ccef{ip: 192.168.34.56, host: pr-hdds-2111-hlhfn-3535364396, networkLocation: /default-rack, certSerialId: null}d6e5a99c-4067-45a5-9f51-68f82ac62b1e{ip: 192.168.34.56, host: pr-hdds-2111-hlhfn-3535364396, networkLocation: /default-rack, certSerialId: null}, Type:RATIS, Factor:THREE, State:CLOSED] from datanode e9384e49-5c15-4fe8-918f-d27f1539ccef{ip: 192.168.34.56, host: pr-hdds-2111-hlhfn-3535364396, networkLocation: /default-rack, certSerialId: null}. Reason : e9384e49-5c15-4fe8-918f-d27f1539ccef has not seen follower/s d6e5a99c-4067-45a5-9f51-68f82ac62b1e for 168227ms e8c1cc56-fd3a-4c1f-a15b-7334942b67be for 168227ms
2019-09-16 18:49:13,926 [EventQueue-PipelineActionsForPipelineActionHandler] INFO  pipeline.SCMPipelineManager (SCMPipelineManager.java:finalizeAndDestroyPipeline(311)) - destroying pipeline:Pipeline[ Id: 297f27b4-88a4-4c33-ba42-3233b5392349, Nodes: e8c1cc56-fd3a-4c1f-a15b-7334942b67be{ip: 192.168.34.56, host: pr-hdds-2111-hlhfn-3535364396, networkLocation: /default-rack, certSerialId: null}e9384e49-5c15-4fe8-918f-d27f1539ccef{ip: 192.168.34.56, host: pr-hdds-2111-hlhfn-3535364396, networkLocation: /default-rack, certSerialId: null}d6e5a99c-4067-45a5-9f51-68f82ac62b1e{ip: 192.168.34.56, host: pr-hdds-2111-hlhfn-3535364396, networkLocation: /default-rack, certSerialId: null}, Type:RATIS, Factor:THREE, State:CLOSED]
2019-09-16 18:49:14,828 [e9384e49-5c15-4fe8-918f-d27f1539ccef@group-3233B5392349-SegmentedRaftLogWorker] WARN  segmented.SegmentedRaftLogWorker (SegmentedRaftLogWorker.java:getFromFuture(90)) - Timeout 16/~
org.apache.ratis.protocol.TimeoutIOException: Timeout 10s: WriteLog:11: (t:1, i:11), STATEMACHINELOGENTRY, client-48CB266057AC, cid=32-writeStateMachineData
	at org.apache.ratis.util.IOUtils.getFromFuture(IOUtils.java:87)
	at org.apache.ratis.server.raftlog.segmented.SegmentedRaftLogWorker$StateMachineDataPolicy.getFromFuture(SegmentedRaftLogWorker.java:87)
	at org.apache.ratis.server.raftlog.segmented.SegmentedRaftLogWorker$WriteLog.execute(SegmentedRaftLogWorker.java:477)
	at org.apache.ratis.server.raftlog.segmented.SegmentedRaftLogWorker.run(SegmentedRaftLogWorker.java:289)
	at java.lang.Thread.run(Thread.java:748)
Caused by: java.util.concurrent.TimeoutException
	at java.util.concurrent.CompletableFuture.timedGet(CompletableFuture.java:1771)
	at java.util.concurrent.CompletableFuture.get(CompletableFuture.java:1915)
	at org.apache.ratis.util.IOUtils.getFromFuture(IOUtils.java:79)
	... 4 more
2019-09-16 18:49:14,857 [d6e5a99c-4067-45a5-9f51-68f82ac62b1e@group-3233B5392349-SegmentedRaftLogWorker] WARN  segmented.SegmentedRaftLogWorker (SegmentedRaftLogWorker.java:getFromFuture(90)) - Timeout 16/~
org.apache.ratis.protocol.TimeoutIOException: Timeout 10s: WriteLog:11: (t:1, i:11), STATEMACHINELOGENTRY, client-48CB266057AC, cid=32-writeStateMachineData
	at org.apache.ratis.util.IOUtils.getFromFuture(IOUtils.java:87)
	at org.apache.ratis.server.raftlog.segmented.SegmentedRaftLogWorker$StateMachineDataPolicy.getFromFuture(SegmentedRaftLogWorker.java:87)
	at org.apache.ratis.server.raftlog.segmented.SegmentedRaftLogWorker$WriteLog.execute(SegmentedRaftLogWorker.java:477)
	at org.apache.ratis.server.raftlog.segmented.SegmentedRaftLogWorker.run(SegmentedRaftLogWorker.java:289)
	at java.lang.Thread.run(Thread.java:748)
Caused by: java.util.concurrent.TimeoutException
	at java.util.concurrent.CompletableFuture.timedGet(CompletableFuture.java:1771)
	at java.util.concurrent.CompletableFuture.get(CompletableFuture.java:1915)
	at org.apache.ratis.util.IOUtils.getFromFuture(IOUtils.java:79)
	... 4 more
2019-09-16 18:49:14,902 [e8c1cc56-fd3a-4c1f-a15b-7334942b67be@group-3233B5392349-SegmentedRaftLogWorker] WARN  segmented.SegmentedRaftLogWorker (SegmentedRaftLogWorker.java:getFromFuture(90)) - Timeout 16/~
org.apache.ratis.protocol.TimeoutIOException: Timeout 10s: WriteLog:12: (t:1, i:12), STATEMACHINELOGENTRY, client-48CB266057AC, cid=33-writeStateMachineData
	at org.apache.ratis.util.IOUtils.getFromFuture(IOUtils.java:87)
	at org.apache.ratis.server.raftlog.segmented.SegmentedRaftLogWorker$StateMachineDataPolicy.getFromFuture(SegmentedRaftLogWorker.java:87)
	at org.apache.ratis.server.raftlog.segmented.SegmentedRaftLogWorker$WriteLog.execute(SegmentedRaftLogWorker.java:477)
	at org.apache.ratis.server.raftlog.segmented.SegmentedRaftLogWorker.run(SegmentedRaftLogWorker.java:289)
	at java.lang.Thread.run(Thread.java:748)
Caused by: java.util.concurrent.TimeoutException
	at java.util.concurrent.CompletableFuture.timedGet(CompletableFuture.java:1771)
	at java.util.concurrent.CompletableFuture.get(CompletableFuture.java:1915)
	at org.apache.ratis.util.IOUtils.getFromFuture(IOUtils.java:79)
	... 4 more
2019-09-16 18:49:15,435 [org.apache.ratis.server.impl.LogAppender$AppenderDaemon$$Lambda$533/1653271690@230862c5] ERROR ratis.XceiverServerRatis (XceiverServerRatis.java:triggerPipelineClose(568)) - pipeline Action CLOSE  on pipeline PipelineID=297f27b4-88a4-4c33-ba42-3233b5392349.Reason : e9384e49-5c15-4fe8-918f-d27f1539ccef has not seen follower/s d6e5a99c-4067-45a5-9f51-68f82ac62b1e for 170728ms e8c1cc56-fd3a-4c1f-a15b-7334942b67be for 170728ms
2019-09-16 18:49:15,435 [org.apache.ratis.server.impl.LogAppender$AppenderDaemon$$Lambda$533/1653271690@5bda47af] ERROR ratis.XceiverServerRatis (XceiverServerRatis.java:triggerPipelineClose(568)) - pipeline Action CLOSE  on pipeline PipelineID=297f27b4-88a4-4c33-ba42-3233b5392349.Reason : e9384e49-5c15-4fe8-918f-d27f1539ccef has not seen follower/s d6e5a99c-4067-45a5-9f51-68f82ac62b1e for 170728ms e8c1cc56-fd3a-4c1f-a15b-7334942b67be for 170728ms
2019-09-16 18:49:15,925 [EventQueue-PipelineActionsForPipelineActionHandler] ERROR pipeline.PipelineActionHandler (PipelineActionHandler.java:onMessage(60)) - Received pipeline action CLOSE for Pipeline[ Id: 297f27b4-88a4-4c33-ba42-3233b5392349, Nodes: e8c1cc56-fd3a-4c1f-a15b-7334942b67be{ip: 192.168.34.56, host: pr-hdds-2111-hlhfn-3535364396, networkLocation: /default-rack, certSerialId: null}e9384e49-5c15-4fe8-918f-d27f1539ccef{ip: 192.168.34.56, host: pr-hdds-2111-hlhfn-3535364396, networkLocation: /default-rack, certSerialId: null}d6e5a99c-4067-45a5-9f51-68f82ac62b1e{ip: 192.168.34.56, host: pr-hdds-2111-hlhfn-3535364396, networkLocation: /default-rack, certSerialId: null}, Type:RATIS, Factor:THREE, State:CLOSED] from datanode e9384e49-5c15-4fe8-918f-d27f1539ccef{ip: 192.168.34.56, host: pr-hdds-2111-hlhfn-3535364396, networkLocation: /default-rack, certSerialId: null}. Reason : e9384e49-5c15-4fe8-918f-d27f1539ccef has not seen follower/s d6e5a99c-4067-45a5-9f51-68f82ac62b1e for 170728ms e8c1cc56-fd3a-4c1f-a15b-7334942b67be for 170728ms
2019-09-16 18:49:15,926 [EventQueue-PipelineActionsForPipelineActionHandler] INFO  pipeline.SCMPipelineManager (SCMPipelineManager.java:finalizeAndDestroyPipeline(311)) - destroying pipeline:Pipeline[ Id: 297f27b4-88a4-4c33-ba42-3233b5392349, Nodes: e8c1cc56-fd3a-4c1f-a15b-7334942b67be{ip: 192.168.34.56, host: pr-hdds-2111-hlhfn-3535364396, networkLocation: /default-rack, certSerialId: null}e9384e49-5c15-4fe8-918f-d27f1539ccef{ip: 192.168.34.56, host: pr-hdds-2111-hlhfn-3535364396, networkLocation: /default-rack, certSerialId: null}d6e5a99c-4067-45a5-9f51-68f82ac62b1e{ip: 192.168.34.56, host: pr-hdds-2111-hlhfn-3535364396, networkLocation: /default-rack, certSerialId: null}, Type:RATIS, Factor:THREE, State:CLOSED]
2019-09-16 18:49:15,934 [java.util.concurrent.ThreadPoolExecutor$Worker@360b2eea[State = -1, empty queue]] WARN  server.GrpcLogAppender (GrpcLogAppender.java:timeoutAppendRequest(200)) - e9384e49-5c15-4fe8-918f-d27f1539ccef@group-3233B5392349->d6e5a99c-4067-45a5-9f51-68f82ac62b1e-GrpcLogAppender: appendEntries Timeout, request=e9384e49-5c15-4fe8-918f-d27f1539ccef->d6e5a99c-4067-45a5-9f51-68f82ac62b1e#157-t1, previous=(t:1, i:14), leaderCommit=10, initializing? false, entries: <empty>
2019-09-16 18:49:15,934 [java.util.concurrent.ThreadPoolExecutor$Worker@37302aeb[State = -1, empty queue]] WARN  server.GrpcLogAppender (GrpcLogAppender.java:timeoutAppendRequest(200)) - e9384e49-5c15-4fe8-918f-d27f1539ccef@group-3233B5392349->e8c1cc56-fd3a-4c1f-a15b-7334942b67be-GrpcLogAppender: appendEntries Timeout, request=e9384e49-5c15-4fe8-918f-d27f1539ccef->e8c1cc56-fd3a-4c1f-a15b-7334942b67be#157-t1, previous=(t:1, i:14), leaderCommit=10, initializing? false, entries: <empty>
2019-09-16 18:49:16,158 [grpc-default-executor-1] INFO  client.GrpcClientProtocolClient (GrpcClientProtocolClient.java:onNext(264)) - client-48CB266057AC->d6e5a99c-4067-45a5-9f51-68f82ac62b1e: receive RaftClientReply:client-48CB266057AC->d6e5a99c-4067-45a5-9f51-68f82ac62b1e@group-3233B5392349, cid=32, FAILED org.apache.ratis.protocol.NotLeaderException: Server d6e5a99c-4067-45a5-9f51-68f82ac62b1e@group-3233B5392349 is not the leader e9384e49-5c15-4fe8-918f-d27f1539ccef:192.168.34.56:34651, logIndex=0, commits[d6e5a99c-4067-45a5-9f51-68f82ac62b1e:c10, e9384e49-5c15-4fe8-918f-d27f1539ccef:c10, e8c1cc56-fd3a-4c1f-a15b-7334942b67be:c6]
2019-09-16 18:49:16,397 [Thread-1327] INFO  impl.FollowerState (FollowerState.java:run(106)) - e8c1cc56-fd3a-4c1f-a15b-7334942b67be:group-49CA373404FE changes to CANDIDATE, lastRpcTime:5116, electionTimeout:5116ms
2019-09-16 18:49:16,397 [Thread-1327] INFO  impl.RoleInfo (RoleInfo.java:shutdownFollowerState(121)) - e8c1cc56-fd3a-4c1f-a15b-7334942b67be: shutdown FollowerState
2019-09-16 18:49:16,398 [Thread-1327] INFO  impl.RaftServerImpl (RaftServerImpl.java:setRole(174)) - e8c1cc56-fd3a-4c1f-a15b-7334942b67be@group-49CA373404FE: changes role from  FOLLOWER to CANDIDATE at term 0 for changeToCandidate
2019-09-16 18:49:16,398 [Thread-1327] INFO  impl.RoleInfo (RoleInfo.java:updateAndGet(143)) - e8c1cc56-fd3a-4c1f-a15b-7334942b67be: start LeaderElection
2019-09-16 18:49:16,401 [Thread-1329] INFO  impl.FollowerState (FollowerState.java:run(106)) - e9384e49-5c15-4fe8-918f-d27f1539ccef:group-49CA373404FE changes to CANDIDATE, lastRpcTime:5118, electionTimeout:5117ms
2019-09-16 18:49:16,403 [Thread-1329] INFO  impl.RoleInfo (RoleInfo.java:shutdownFollowerState(121)) - e9384e49-5c15-4fe8-918f-d27f1539ccef: shutdown FollowerState
2019-09-16 18:49:16,404 [Thread-1329] INFO  impl.RaftServerImpl (RaftServerImpl.java:setRole(174)) - e9384e49-5c15-4fe8-918f-d27f1539ccef@group-49CA373404FE: changes role from  FOLLOWER to CANDIDATE at term 0 for changeToCandidate
2019-09-16 18:49:16,404 [Thread-1331] INFO  impl.FollowerState (FollowerState.java:run(106)) - d6e5a99c-4067-45a5-9f51-68f82ac62b1e:group-49CA373404FE changes to CANDIDATE, lastRpcTime:5120, electionTimeout:5120ms
2019-09-16 18:49:16,404 [Thread-1329] INFO  impl.RoleInfo (RoleInfo.java:updateAndGet(143)) - e9384e49-5c15-4fe8-918f-d27f1539ccef: start LeaderElection
2019-09-16 18:49:16,404 [Thread-1331] INFO  impl.RoleInfo (RoleInfo.java:shutdownFollowerState(121)) - d6e5a99c-4067-45a5-9f51-68f82ac62b1e: shutdown FollowerState
2019-09-16 18:49:16,404 [Thread-1331] INFO  impl.RaftServerImpl (RaftServerImpl.java:setRole(174)) - d6e5a99c-4067-45a5-9f51-68f82ac62b1e@group-49CA373404FE: changes role from  FOLLOWER to CANDIDATE at term 0 for changeToCandidate
2019-09-16 18:49:16,416 [Thread-1331] INFO  impl.RoleInfo (RoleInfo.java:updateAndGet(143)) - d6e5a99c-4067-45a5-9f51-68f82ac62b1e: start LeaderElection
2019-09-16 18:49:16,434 [e9384e49-5c15-4fe8-918f-d27f1539ccef@group-49CA373404FE:LeaderElection13] INFO  impl.LeaderElection (LeaderElection.java:askForVotes(182)) - e9384e49-5c15-4fe8-918f-d27f1539ccef@group-49CA373404FE:LeaderElection13: begin an election at term 1 for -1: [e9384e49-5c15-4fe8-918f-d27f1539ccef:192.168.34.56:34651, d6e5a99c-4067-45a5-9f51-68f82ac62b1e:192.168.34.56:43919, e8c1cc56-fd3a-4c1f-a15b-7334942b67be:192.168.34.56:38681], old=null
2019-09-16 18:49:16,434 [e8c1cc56-fd3a-4c1f-a15b-7334942b67be@group-49CA373404FE:LeaderElection12] INFO  impl.LeaderElection (LeaderElection.java:askForVotes(182)) - e8c1cc56-fd3a-4c1f-a15b-7334942b67be@group-49CA373404FE:LeaderElection12: begin an election at term 1 for -1: [e9384e49-5c15-4fe8-918f-d27f1539ccef:192.168.34.56:34651, d6e5a99c-4067-45a5-9f51-68f82ac62b1e:192.168.34.56:43919, e8c1cc56-fd3a-4c1f-a15b-7334942b67be:192.168.34.56:38681], old=null
2019-09-16 18:49:16,434 [d6e5a99c-4067-45a5-9f51-68f82ac62b1e@group-49CA373404FE:LeaderElection14] INFO  impl.LeaderElection (LeaderElection.java:askForVotes(182)) - d6e5a99c-4067-45a5-9f51-68f82ac62b1e@group-49CA373404FE:LeaderElection14: begin an election at term 1 for -1: [e9384e49-5c15-4fe8-918f-d27f1539ccef:192.168.34.56:34651, d6e5a99c-4067-45a5-9f51-68f82ac62b1e:192.168.34.56:43919, e8c1cc56-fd3a-4c1f-a15b-7334942b67be:192.168.34.56:38681], old=null
2019-09-16 18:49:16,439 [e9384e49-5c15-4fe8-918f-d27f1539ccef@group-49CA373404FE:LeaderElection13] INFO  impl.LeaderElection (LeaderElection.java:logAndReturn(56)) - e9384e49-5c15-4fe8-918f-d27f1539ccef@group-49CA373404FE:LeaderElection13: Election REJECTED; received 2 response(s) [e9384e49-5c15-4fe8-918f-d27f1539ccef<-d6e5a99c-4067-45a5-9f51-68f82ac62b1e#0:FAIL-t1, e9384e49-5c15-4fe8-918f-d27f1539ccef<-e8c1cc56-fd3a-4c1f-a15b-7334942b67be#0:FAIL-t1] and 0 exception(s); e9384e49-5c15-4fe8-918f-d27f1539ccef@group-49CA373404FE:t1, leader=null, voted=e9384e49-5c15-4fe8-918f-d27f1539ccef, raftlog=e9384e49-5c15-4fe8-918f-d27f1539ccef@group-49CA373404FE-SegmentedRaftLog:OPENED:c-1,f-1,i0, conf=-1: [e9384e49-5c15-4fe8-918f-d27f1539ccef:192.168.34.56:34651, d6e5a99c-4067-45a5-9f51-68f82ac62b1e:192.168.34.56:43919, e8c1cc56-fd3a-4c1f-a15b-7334942b67be:192.168.34.56:38681], old=null
2019-09-16 18:49:16,440 [e9384e49-5c15-4fe8-918f-d27f1539ccef@group-49CA373404FE:LeaderElection13] INFO  impl.RaftServerImpl (RaftServerImpl.java:setRole(174)) - e9384e49-5c15-4fe8-918f-d27f1539ccef@group-49CA373404FE: changes role from CANDIDATE to FOLLOWER at term 1 for DISCOVERED_A_NEW_TERM
2019-09-16 18:49:16,442 [e9384e49-5c15-4fe8-918f-d27f1539ccef@group-49CA373404FE:LeaderElection13] INFO  impl.RoleInfo (RoleInfo.java:shutdownLeaderElection(134)) - e9384e49-5c15-4fe8-918f-d27f1539ccef: shutdown LeaderElection
2019-09-16 18:49:16,442 [e9384e49-5c15-4fe8-918f-d27f1539ccef@group-49CA373404FE:LeaderElection13] INFO  impl.RoleInfo (RoleInfo.java:updateAndGet(143)) - e9384e49-5c15-4fe8-918f-d27f1539ccef: start FollowerState
2019-09-16 18:49:16,445 [d6e5a99c-4067-45a5-9f51-68f82ac62b1e@group-49CA373404FE:LeaderElection14] INFO  impl.LeaderElection (LeaderElection.java:logAndReturn(56)) - d6e5a99c-4067-45a5-9f51-68f82ac62b1e@group-49CA373404FE:LeaderElection14: Election REJECTED; received 2 response(s) [d6e5a99c-4067-45a5-9f51-68f82ac62b1e<-e9384e49-5c15-4fe8-918f-d27f1539ccef#0:FAIL-t1, d6e5a99c-4067-45a5-9f51-68f82ac62b1e<-e8c1cc56-fd3a-4c1f-a15b-7334942b67be#0:FAIL-t1] and 0 exception(s); d6e5a99c-4067-45a5-9f51-68f82ac62b1e@group-49CA373404FE:t1, leader=null, voted=d6e5a99c-4067-45a5-9f51-68f82ac62b1e, raftlog=d6e5a99c-4067-45a5-9f51-68f82ac62b1e@group-49CA373404FE-SegmentedRaftLog:OPENED:c-1,f-1,i0, conf=-1: [e9384e49-5c15-4fe8-918f-d27f1539ccef:192.168.34.56:34651, d6e5a99c-4067-45a5-9f51-68f82ac62b1e:192.168.34.56:43919, e8c1cc56-fd3a-4c1f-a15b-7334942b67be:192.168.34.56:38681], old=null
2019-09-16 18:49:16,445 [d6e5a99c-4067-45a5-9f51-68f82ac62b1e@group-49CA373404FE:LeaderElection14] INFO  impl.RaftServerImpl (RaftServerImpl.java:setRole(174)) - d6e5a99c-4067-45a5-9f51-68f82ac62b1e@group-49CA373404FE: changes role from CANDIDATE to FOLLOWER at term 1 for DISCOVERED_A_NEW_TERM
2019-09-16 18:49:16,447 [d6e5a99c-4067-45a5-9f51-68f82ac62b1e@group-49CA373404FE:LeaderElection14] INFO  impl.RoleInfo (RoleInfo.java:shutdownLeaderElection(134)) - d6e5a99c-4067-45a5-9f51-68f82ac62b1e: shutdown LeaderElection
2019-09-16 18:49:16,448 [d6e5a99c-4067-45a5-9f51-68f82ac62b1e@group-49CA373404FE:LeaderElection14] INFO  impl.RoleInfo (RoleInfo.java:updateAndGet(143)) - d6e5a99c-4067-45a5-9f51-68f82ac62b1e: start FollowerState
2019-09-16 18:49:16,450 [e8c1cc56-fd3a-4c1f-a15b-7334942b67be@group-49CA373404FE:LeaderElection12] INFO  impl.LeaderElection (LeaderElection.java:logAndReturn(56)) - e8c1cc56-fd3a-4c1f-a15b-7334942b67be@group-49CA373404FE:LeaderElection12: Election REJECTED; received 2 response(s) [e8c1cc56-fd3a-4c1f-a15b-7334942b67be<-e9384e49-5c15-4fe8-918f-d27f1539ccef#0:FAIL-t1, e8c1cc56-fd3a-4c1f-a15b-7334942b67be<-d6e5a99c-4067-45a5-9f51-68f82ac62b1e#0:FAIL-t1] and 0 exception(s); e8c1cc56-fd3a-4c1f-a15b-7334942b67be@group-49CA373404FE:t1, leader=null, voted=e8c1cc56-fd3a-4c1f-a15b-7334942b67be, raftlog=e8c1cc56-fd3a-4c1f-a15b-7334942b67be@group-49CA373404FE-SegmentedRaftLog:OPENED:c-1,f-1,i0, conf=-1: [e9384e49-5c15-4fe8-918f-d27f1539ccef:192.168.34.56:34651, d6e5a99c-4067-45a5-9f51-68f82ac62b1e:192.168.34.56:43919, e8c1cc56-fd3a-4c1f-a15b-7334942b67be:192.168.34.56:38681], old=null
2019-09-16 18:49:16,450 [e8c1cc56-fd3a-4c1f-a15b-7334942b67be@group-49CA373404FE:LeaderElection12] INFO  impl.RaftServerImpl (RaftServerImpl.java:setRole(174)) - e8c1cc56-fd3a-4c1f-a15b-7334942b67be@group-49CA373404FE: changes role from CANDIDATE to FOLLOWER at term 1 for DISCOVERED_A_NEW_TERM
2019-09-16 18:49:16,453 [e8c1cc56-fd3a-4c1f-a15b-7334942b67be@group-49CA373404FE:LeaderElection12] INFO  impl.RoleInfo (RoleInfo.java:shutdownLeaderElection(134)) - e8c1cc56-fd3a-4c1f-a15b-7334942b67be: shutdown LeaderElection
2019-09-16 18:49:16,453 [e8c1cc56-fd3a-4c1f-a15b-7334942b67be@group-49CA373404FE:LeaderElection12] INFO  impl.RoleInfo (RoleInfo.java:updateAndGet(143)) - e8c1cc56-fd3a-4c1f-a15b-7334942b67be: start FollowerState
2019-09-16 18:49:17,937 [org.apache.ratis.server.impl.LogAppender$AppenderDaemon$$Lambda$533/1653271690@5bda47af] ERROR ratis.XceiverServerRatis (XceiverServerRatis.java:triggerPipelineClose(568)) - pipeline Action CLOSE  on pipeline PipelineID=297f27b4-88a4-4c33-ba42-3233b5392349.Reason : e9384e49-5c15-4fe8-918f-d27f1539ccef has not seen follower/s d6e5a99c-4067-45a5-9f51-68f82ac62b1e for 173229ms e8c1cc56-fd3a-4c1f-a15b-7334942b67be for 173230ms
2019-09-16 18:49:17,937 [org.apache.ratis.server.impl.LogAppender$AppenderDaemon$$Lambda$533/1653271690@230862c5] ERROR ratis.XceiverServerRatis (XceiverServerRatis.java:triggerPipelineClose(568)) - pipeline Action CLOSE  on pipeline PipelineID=297f27b4-88a4-4c33-ba42-3233b5392349.Reason : e9384e49-5c15-4fe8-918f-d27f1539ccef has not seen follower/s d6e5a99c-4067-45a5-9f51-68f82ac62b1e for 173229ms e8c1cc56-fd3a-4c1f-a15b-7334942b67be for 173230ms
2019-09-16 18:49:18,435 [java.util.concurrent.ThreadPoolExecutor$Worker@360b2eea[State = -1, empty queue]] WARN  server.GrpcLogAppender (GrpcLogAppender.java:timeoutAppendRequest(200)) - e9384e49-5c15-4fe8-918f-d27f1539ccef@group-3233B5392349->d6e5a99c-4067-45a5-9f51-68f82ac62b1e-GrpcLogAppender: appendEntries Timeout, request=e9384e49-5c15-4fe8-918f-d27f1539ccef->d6e5a99c-4067-45a5-9f51-68f82ac62b1e#158-t1, previous=(t:1, i:14), leaderCommit=10, initializing? false, entries: <empty>
2019-09-16 18:49:18,435 [java.util.concurrent.ThreadPoolExecutor$Worker@37302aeb[State = -1, empty queue]] WARN  server.GrpcLogAppender (GrpcLogAppender.java:timeoutAppendRequest(200)) - e9384e49-5c15-4fe8-918f-d27f1539ccef@group-3233B5392349->e8c1cc56-fd3a-4c1f-a15b-7334942b67be-GrpcLogAppender: appendEntries Timeout, request=e9384e49-5c15-4fe8-918f-d27f1539ccef->e8c1cc56-fd3a-4c1f-a15b-7334942b67be#158-t1, previous=(t:1, i:14), leaderCommit=10, initializing? false, entries: <empty>
2019-09-16 18:49:18,928 [EventQueue-PipelineActionsForPipelineActionHandler] ERROR pipeline.PipelineActionHandler (PipelineActionHandler.java:onMessage(60)) - Received pipeline action CLOSE for Pipeline[ Id: 297f27b4-88a4-4c33-ba42-3233b5392349, Nodes: e8c1cc56-fd3a-4c1f-a15b-7334942b67be{ip: 192.168.34.56, host: pr-hdds-2111-hlhfn-3535364396, networkLocation: /default-rack, certSerialId: null}e9384e49-5c15-4fe8-918f-d27f1539ccef{ip: 192.168.34.56, host: pr-hdds-2111-hlhfn-3535364396, networkLocation: /default-rack, certSerialId: null}d6e5a99c-4067-45a5-9f51-68f82ac62b1e{ip: 192.168.34.56, host: pr-hdds-2111-hlhfn-3535364396, networkLocation: /default-rack, certSerialId: null}, Type:RATIS, Factor:THREE, State:CLOSED] from datanode e9384e49-5c15-4fe8-918f-d27f1539ccef{ip: 192.168.34.56, host: pr-hdds-2111-hlhfn-3535364396, networkLocation: /default-rack, certSerialId: null}. Reason : e9384e49-5c15-4fe8-918f-d27f1539ccef has not seen follower/s d6e5a99c-4067-45a5-9f51-68f82ac62b1e for 173229ms e8c1cc56-fd3a-4c1f-a15b-7334942b67be for 173230ms
2019-09-16 18:49:18,929 [EventQueue-PipelineActionsForPipelineActionHandler] INFO  pipeline.SCMPipelineManager (SCMPipelineManager.java:finalizeAndDestroyPipeline(311)) - destroying pipeline:Pipeline[ Id: 297f27b4-88a4-4c33-ba42-3233b5392349, Nodes: e8c1cc56-fd3a-4c1f-a15b-7334942b67be{ip: 192.168.34.56, host: pr-hdds-2111-hlhfn-3535364396, networkLocation: /default-rack, certSerialId: null}e9384e49-5c15-4fe8-918f-d27f1539ccef{ip: 192.168.34.56, host: pr-hdds-2111-hlhfn-3535364396, networkLocation: /default-rack, certSerialId: null}d6e5a99c-4067-45a5-9f51-68f82ac62b1e{ip: 192.168.34.56, host: pr-hdds-2111-hlhfn-3535364396, networkLocation: /default-rack, certSerialId: null}, Type:RATIS, Factor:THREE, State:CLOSED]
2019-09-16 18:49:20,437 [org.apache.ratis.server.impl.LogAppender$AppenderDaemon$$Lambda$533/1653271690@5bda47af] ERROR ratis.XceiverServerRatis (XceiverServerRatis.java:triggerPipelineClose(568)) - pipeline Action CLOSE  on pipeline PipelineID=297f27b4-88a4-4c33-ba42-3233b5392349.Reason : e9384e49-5c15-4fe8-918f-d27f1539ccef has not seen follower/s d6e5a99c-4067-45a5-9f51-68f82ac62b1e for 175730ms e8c1cc56-fd3a-4c1f-a15b-7334942b67be for 175730ms
2019-09-16 18:49:20,437 [org.apache.ratis.server.impl.LogAppender$AppenderDaemon$$Lambda$533/1653271690@230862c5] ERROR ratis.XceiverServerRatis (XceiverServerRatis.java:triggerPipelineClose(568)) - pipeline Action CLOSE  on pipeline PipelineID=297f27b4-88a4-4c33-ba42-3233b5392349.Reason : e9384e49-5c15-4fe8-918f-d27f1539ccef has not seen follower/s d6e5a99c-4067-45a5-9f51-68f82ac62b1e for 175730ms e8c1cc56-fd3a-4c1f-a15b-7334942b67be for 175730ms
2019-09-16 18:49:20,926 [EventQueue-PipelineActionsForPipelineActionHandler] ERROR pipeline.PipelineActionHandler (PipelineActionHandler.java:onMessage(60)) - Received pipeline action CLOSE for Pipeline[ Id: 297f27b4-88a4-4c33-ba42-3233b5392349, Nodes: e8c1cc56-fd3a-4c1f-a15b-7334942b67be{ip: 192.168.34.56, host: pr-hdds-2111-hlhfn-3535364396, networkLocation: /default-rack, certSerialId: null}e9384e49-5c15-4fe8-918f-d27f1539ccef{ip: 192.168.34.56, host: pr-hdds-2111-hlhfn-3535364396, networkLocation: /default-rack, certSerialId: null}d6e5a99c-4067-45a5-9f51-68f82ac62b1e{ip: 192.168.34.56, host: pr-hdds-2111-hlhfn-3535364396, networkLocation: /default-rack, certSerialId: null}, Type:RATIS, Factor:THREE, State:CLOSED] from datanode e9384e49-5c15-4fe8-918f-d27f1539ccef{ip: 192.168.34.56, host: pr-hdds-2111-hlhfn-3535364396, networkLocation: /default-rack, certSerialId: null}. Reason : e9384e49-5c15-4fe8-918f-d27f1539ccef has not seen follower/s d6e5a99c-4067-45a5-9f51-68f82ac62b1e for 175730ms e8c1cc56-fd3a-4c1f-a15b-7334942b67be for 175730ms
2019-09-16 18:49:20,926 [EventQueue-PipelineActionsForPipelineActionHandler] INFO  pipeline.SCMPipelineManager (SCMPipelineManager.java:finalizeAndDestroyPipeline(311)) - destroying pipeline:Pipeline[ Id: 297f27b4-88a4-4c33-ba42-3233b5392349, Nodes: e8c1cc56-fd3a-4c1f-a15b-7334942b67be{ip: 192.168.34.56, host: pr-hdds-2111-hlhfn-3535364396, networkLocation: /default-rack, certSerialId: null}e9384e49-5c15-4fe8-918f-d27f1539ccef{ip: 192.168.34.56, host: pr-hdds-2111-hlhfn-3535364396, networkLocation: /default-rack, certSerialId: null}d6e5a99c-4067-45a5-9f51-68f82ac62b1e{ip: 192.168.34.56, host: pr-hdds-2111-hlhfn-3535364396, networkLocation: /default-rack, certSerialId: null}, Type:RATIS, Factor:THREE, State:CLOSED]
2019-09-16 18:49:20,936 [java.util.concurrent.ThreadPoolExecutor$Worker@360b2eea[State = -1, empty queue]] WARN  server.GrpcLogAppender (GrpcLogAppender.java:timeoutAppendRequest(200)) - e9384e49-5c15-4fe8-918f-d27f1539ccef@group-3233B5392349->d6e5a99c-4067-45a5-9f51-68f82ac62b1e-GrpcLogAppender: appendEntries Timeout, request=e9384e49-5c15-4fe8-918f-d27f1539ccef->d6e5a99c-4067-45a5-9f51-68f82ac62b1e#159-t1, previous=(t:1, i:14), leaderCommit=10, initializing? false, entries: <empty>
2019-09-16 18:49:20,936 [java.util.concurrent.ThreadPoolExecutor$Worker@37302aeb[State = -1, empty queue]] WARN  server.GrpcLogAppender (GrpcLogAppender.java:timeoutAppendRequest(200)) - e9384e49-5c15-4fe8-918f-d27f1539ccef@group-3233B5392349->e8c1cc56-fd3a-4c1f-a15b-7334942b67be-GrpcLogAppender: appendEntries Timeout, request=e9384e49-5c15-4fe8-918f-d27f1539ccef->e8c1cc56-fd3a-4c1f-a15b-7334942b67be#159-t1, previous=(t:1, i:14), leaderCommit=10, initializing? false, entries: <empty>
2019-09-16 18:49:21,204 [grpc-default-executor-7] INFO  client.GrpcClientProtocolClient (GrpcClientProtocolClient.java:onNext(264)) - client-48CB266057AC->e8c1cc56-fd3a-4c1f-a15b-7334942b67be: receive RaftClientReply:client-48CB266057AC->e8c1cc56-fd3a-4c1f-a15b-7334942b67be@group-3233B5392349, cid=32, FAILED org.apache.ratis.protocol.NotLeaderException: Server e8c1cc56-fd3a-4c1f-a15b-7334942b67be@group-3233B5392349 is not the leader e9384e49-5c15-4fe8-918f-d27f1539ccef:192.168.34.56:34651, logIndex=0, commits[e8c1cc56-fd3a-4c1f-a15b-7334942b67be:c10, e9384e49-5c15-4fe8-918f-d27f1539ccef:c10, d6e5a99c-4067-45a5-9f51-68f82ac62b1e:c6]
2019-09-16 18:49:21,490 [Thread-1354] INFO  impl.FollowerState (FollowerState.java:run(106)) - d6e5a99c-4067-45a5-9f51-68f82ac62b1e:group-49CA373404FE changes to CANDIDATE, lastRpcTime:5042, electionTimeout:5040ms
2019-09-16 18:49:21,490 [Thread-1354] INFO  impl.RoleInfo (RoleInfo.java:shutdownFollowerState(121)) - d6e5a99c-4067-45a5-9f51-68f82ac62b1e: shutdown FollowerState
2019-09-16 18:49:21,490 [Thread-1354] INFO  impl.RaftServerImpl (RaftServerImpl.java:setRole(174)) - d6e5a99c-4067-45a5-9f51-68f82ac62b1e@group-49CA373404FE: changes role from  FOLLOWER to CANDIDATE at term 1 for changeToCandidate
2019-09-16 18:49:21,490 [Thread-1354] INFO  impl.RoleInfo (RoleInfo.java:updateAndGet(143)) - d6e5a99c-4067-45a5-9f51-68f82ac62b1e: start LeaderElection
2019-09-16 18:49:21,516 [d6e5a99c-4067-45a5-9f51-68f82ac62b1e@group-49CA373404FE:LeaderElection15] INFO  impl.LeaderElection (LeaderElection.java:askForVotes(182)) - d6e5a99c-4067-45a5-9f51-68f82ac62b1e@group-49CA373404FE:LeaderElection15: begin an election at term 2 for -1: [e9384e49-5c15-4fe8-918f-d27f1539ccef:192.168.34.56:34651, d6e5a99c-4067-45a5-9f51-68f82ac62b1e:192.168.34.56:43919, e8c1cc56-fd3a-4c1f-a15b-7334942b67be:192.168.34.56:38681], old=null
2019-09-16 18:49:21,518 [grpc-default-executor-7] INFO  impl.RaftServerImpl (RaftServerImpl.java:setRole(174)) - e9384e49-5c15-4fe8-918f-d27f1539ccef@group-49CA373404FE: changes role from  FOLLOWER to FOLLOWER at term 2 for recognizeCandidate:d6e5a99c-4067-45a5-9f51-68f82ac62b1e
2019-09-16 18:49:21,518 [grpc-default-executor-7] INFO  impl.RoleInfo (RoleInfo.java:shutdownFollowerState(121)) - e9384e49-5c15-4fe8-918f-d27f1539ccef: shutdown FollowerState
2019-09-16 18:49:21,518 [grpc-default-executor-7] INFO  impl.RoleInfo (RoleInfo.java:updateAndGet(143)) - e9384e49-5c15-4fe8-918f-d27f1539ccef: start FollowerState
2019-09-16 18:49:21,518 [grpc-default-executor-6] INFO  impl.RaftServerImpl (RaftServerImpl.java:setRole(174)) - e8c1cc56-fd3a-4c1f-a15b-7334942b67be@group-49CA373404FE: changes role from  FOLLOWER to FOLLOWER at term 2 for recognizeCandidate:d6e5a99c-4067-45a5-9f51-68f82ac62b1e
2019-09-16 18:49:21,518 [grpc-default-executor-6] INFO  impl.RoleInfo (RoleInfo.java:shutdownFollowerState(121)) - e8c1cc56-fd3a-4c1f-a15b-7334942b67be: shutdown FollowerState
2019-09-16 18:49:21,518 [Thread-1353] INFO  impl.FollowerState (FollowerState.java:run(115)) - e9384e49-5c15-4fe8-918f-d27f1539ccef: FollowerState was interrupted: java.lang.InterruptedException: sleep interrupted
2019-09-16 18:49:21,519 [Thread-1355] INFO  impl.FollowerState (FollowerState.java:run(115)) - e8c1cc56-fd3a-4c1f-a15b-7334942b67be: FollowerState was interrupted: java.lang.InterruptedException: sleep interrupted
2019-09-16 18:49:21,519 [grpc-default-executor-6] INFO  impl.RoleInfo (RoleInfo.java:updateAndGet(143)) - e8c1cc56-fd3a-4c1f-a15b-7334942b67be: start FollowerState
2019-09-16 18:49:21,536 [d6e5a99c-4067-45a5-9f51-68f82ac62b1e@group-49CA373404FE:LeaderElection15] INFO  impl.LeaderElection (LeaderElection.java:logAndReturn(56)) - d6e5a99c-4067-45a5-9f51-68f82ac62b1e@group-49CA373404FE:LeaderElection15: Election PASSED; received 1 response(s) [d6e5a99c-4067-45a5-9f51-68f82ac62b1e<-e8c1cc56-fd3a-4c1f-a15b-7334942b67be#0:OK-t2] and 0 exception(s); d6e5a99c-4067-45a5-9f51-68f82ac62b1e@group-49CA373404FE:t2, leader=null, voted=d6e5a99c-4067-45a5-9f51-68f82ac62b1e, raftlog=d6e5a99c-4067-45a5-9f51-68f82ac62b1e@group-49CA373404FE-SegmentedRaftLog:OPENED:c-1,f-1,i0, conf=-1: [e9384e49-5c15-4fe8-918f-d27f1539ccef:192.168.34.56:34651, d6e5a99c-4067-45a5-9f51-68f82ac62b1e:192.168.34.56:43919, e8c1cc56-fd3a-4c1f-a15b-7334942b67be:192.168.34.56:38681], old=null
2019-09-16 18:49:21,537 [d6e5a99c-4067-45a5-9f51-68f82ac62b1e@group-49CA373404FE:LeaderElection15] INFO  impl.RoleInfo (RoleInfo.java:shutdownLeaderElection(134)) - d6e5a99c-4067-45a5-9f51-68f82ac62b1e: shutdown LeaderElection
2019-09-16 18:49:21,548 [d6e5a99c-4067-45a5-9f51-68f82ac62b1e@group-49CA373404FE:LeaderElection15] INFO  impl.RaftServerImpl (RaftServerImpl.java:setRole(174)) - d6e5a99c-4067-45a5-9f51-68f82ac62b1e@group-49CA373404FE: changes role from CANDIDATE to LEADER at term 2 for changeToLeader
2019-09-16 18:49:21,548 [d6e5a99c-4067-45a5-9f51-68f82ac62b1e@group-49CA373404FE:LeaderElection15] INFO  impl.RaftServerImpl (ServerState.java:setLeader(253)) - d6e5a99c-4067-45a5-9f51-68f82ac62b1e@group-49CA373404FE: change Leader from null to d6e5a99c-4067-45a5-9f51-68f82ac62b1e at term 2 for becomeLeader, leader elected after 10277ms
2019-09-16 18:49:21,548 [d6e5a99c-4067-45a5-9f51-68f82ac62b1e@group-49CA373404FE:LeaderElection15] INFO  server.RaftServerConfigKeys (ConfUtils.java:logGet(43)) - raft.server.staging.catchup.gap = 1000 (default)
2019-09-16 18:49:21,549 [d6e5a99c-4067-45a5-9f51-68f82ac62b1e@group-49CA373404FE:LeaderElection15] INFO  server.RaftServerConfigKeys (ConfUtils.java:logGet(43)) - raft.server.rpc.sleep.time = 25ms (default)
2019-09-16 18:49:21,549 [d6e5a99c-4067-45a5-9f51-68f82ac62b1e@group-49CA373404FE:LeaderElection15] INFO  server.RaftServerConfigKeys (ConfUtils.java:logGet(43)) - raft.server.write.element-limit = 4096 (default)
2019-09-16 18:49:21,549 [d6e5a99c-4067-45a5-9f51-68f82ac62b1e@group-49CA373404FE:LeaderElection15] INFO  server.RaftServerConfigKeys (ConfUtils.java:logGet(43)) - raft.server.watch.timeout = 10s (default)
2019-09-16 18:49:21,549 [d6e5a99c-4067-45a5-9f51-68f82ac62b1e@group-49CA373404FE:LeaderElection15] INFO  server.RaftServerConfigKeys (ConfUtils.java:logGet(43)) - raft.server.watch.timeout.denomination = 1s (default)
2019-09-16 18:49:21,549 [d6e5a99c-4067-45a5-9f51-68f82ac62b1e@group-49CA373404FE:LeaderElection15] INFO  server.RaftServerConfigKeys (ConfUtils.java:logGet(43)) - raft.server.watch.element-limit = 65536 (default)
2019-09-16 18:49:21,554 [d6e5a99c-4067-45a5-9f51-68f82ac62b1e@group-49CA373404FE:LeaderElection15] INFO  server.RaftServerConfigKeys (ConfUtils.java:logGet(43)) - raft.server.log.appender.snapshot.chunk.size.max = 16MB (=16777216) (default)
2019-09-16 18:49:21,554 [d6e5a99c-4067-45a5-9f51-68f82ac62b1e@group-49CA373404FE:LeaderElection15] INFO  server.RaftServerConfigKeys (ConfUtils.java:logGet(43)) - raft.server.log.appender.buffer.byte-limit = 33554432 (custom)
2019-09-16 18:49:21,555 [d6e5a99c-4067-45a5-9f51-68f82ac62b1e@group-49CA373404FE:LeaderElection15] INFO  server.RaftServerConfigKeys (ConfUtils.java:logGet(43)) - raft.server.log.appender.buffer.element-limit = 1 (custom)
2019-09-16 18:49:21,555 [d6e5a99c-4067-45a5-9f51-68f82ac62b1e@group-49CA373404FE:LeaderElection15] INFO  grpc.GrpcConfigKeys$Server (ConfUtils.java:logGet(43)) - raft.grpc.server.leader.outstanding.appends.max = 128 (default)
2019-09-16 18:49:21,555 [d6e5a99c-4067-45a5-9f51-68f82ac62b1e@group-49CA373404FE:LeaderElection15] INFO  server.RaftServerConfigKeys (ConfUtils.java:logGet(43)) - raft.server.rpc.request.timeout = 3000ms (default)
2019-09-16 18:49:21,555 [d6e5a99c-4067-45a5-9f51-68f82ac62b1e@group-49CA373404FE:LeaderElection15] INFO  server.RaftServerConfigKeys (ConfUtils.java:logGet(43)) - raft.server.log.appender.install.snapshot.enabled = false (custom)
2019-09-16 18:49:21,556 [d6e5a99c-4067-45a5-9f51-68f82ac62b1e@group-49CA373404FE:LeaderElection15] INFO  server.RaftServerConfigKeys (ConfUtils.java:logGet(43)) - raft.server.log.appender.snapshot.chunk.size.max = 16MB (=16777216) (default)
2019-09-16 18:49:21,556 [d6e5a99c-4067-45a5-9f51-68f82ac62b1e@group-49CA373404FE:LeaderElection15] INFO  server.RaftServerConfigKeys (ConfUtils.java:logGet(43)) - raft.server.log.appender.buffer.byte-limit = 33554432 (custom)
2019-09-16 18:49:21,556 [d6e5a99c-4067-45a5-9f51-68f82ac62b1e@group-49CA373404FE:LeaderElection15] INFO  server.RaftServerConfigKeys (ConfUtils.java:logGet(43)) - raft.server.log.appender.buffer.element-limit = 1 (custom)
2019-09-16 18:49:21,556 [d6e5a99c-4067-45a5-9f51-68f82ac62b1e@group-49CA373404FE:LeaderElection15] INFO  grpc.GrpcConfigKeys$Server (ConfUtils.java:logGet(43)) - raft.grpc.server.leader.outstanding.appends.max = 128 (default)
2019-09-16 18:49:21,557 [d6e5a99c-4067-45a5-9f51-68f82ac62b1e@group-49CA373404FE:LeaderElection15] INFO  server.RaftServerConfigKeys (ConfUtils.java:logGet(43)) - raft.server.rpc.request.timeout = 3000ms (default)
2019-09-16 18:49:21,557 [d6e5a99c-4067-45a5-9f51-68f82ac62b1e@group-49CA373404FE:LeaderElection15] INFO  server.RaftServerConfigKeys (ConfUtils.java:logGet(43)) - raft.server.log.appender.install.snapshot.enabled = false (custom)
2019-09-16 18:49:21,557 [d6e5a99c-4067-45a5-9f51-68f82ac62b1e@group-49CA373404FE:LeaderElection15] INFO  impl.RoleInfo (RoleInfo.java:updateAndGet(143)) - d6e5a99c-4067-45a5-9f51-68f82ac62b1e: start LeaderState
2019-09-16 18:49:21,558 [d6e5a99c-4067-45a5-9f51-68f82ac62b1e@group-49CA373404FE:LeaderElection15] INFO  segmented.SegmentedRaftLogWorker (SegmentedRaftLogWorker.java:startLogSegment(380)) - d6e5a99c-4067-45a5-9f51-68f82ac62b1e@group-49CA373404FE-SegmentedRaftLogWorker: Starting segment from index:0
2019-09-16 18:49:21,559 [d6e5a99c-4067-45a5-9f51-68f82ac62b1e@group-49CA373404FE:LeaderElection15] INFO  impl.RaftServerImpl (ServerState.java:setRaftConf(354)) - d6e5a99c-4067-45a5-9f51-68f82ac62b1e@group-49CA373404FE: set configuration 0: [e9384e49-5c15-4fe8-918f-d27f1539ccef:192.168.34.56:34651, d6e5a99c-4067-45a5-9f51-68f82ac62b1e:192.168.34.56:43919, e8c1cc56-fd3a-4c1f-a15b-7334942b67be:192.168.34.56:38681], old=null at 0
2019-09-16 18:49:21,560 [grpc-default-executor-6] INFO  impl.RaftServerImpl (ServerState.java:setLeader(253)) - e8c1cc56-fd3a-4c1f-a15b-7334942b67be@group-49CA373404FE: change Leader from null to d6e5a99c-4067-45a5-9f51-68f82ac62b1e at term 2 for appendEntries, leader elected after 10290ms
2019-09-16 18:49:21,560 [grpc-default-executor-7] INFO  impl.RaftServerImpl (ServerState.java:setLeader(253)) - e9384e49-5c15-4fe8-918f-d27f1539ccef@group-49CA373404FE: change Leader from null to d6e5a99c-4067-45a5-9f51-68f82ac62b1e at term 2 for appendEntries, leader elected after 10289ms
2019-09-16 18:49:21,564 [grpc-default-executor-7] INFO  impl.RaftServerImpl (ServerState.java:setRaftConf(354)) - e8c1cc56-fd3a-4c1f-a15b-7334942b67be@group-49CA373404FE: set configuration 0: [e9384e49-5c15-4fe8-918f-d27f1539ccef:192.168.34.56:34651, d6e5a99c-4067-45a5-9f51-68f82ac62b1e:192.168.34.56:43919, e8c1cc56-fd3a-4c1f-a15b-7334942b67be:192.168.34.56:38681], old=null at 0
2019-09-16 18:49:21,564 [grpc-default-executor-6] INFO  impl.RaftServerImpl (ServerState.java:setRaftConf(354)) - e9384e49-5c15-4fe8-918f-d27f1539ccef@group-49CA373404FE: set configuration 0: [e9384e49-5c15-4fe8-918f-d27f1539ccef:192.168.34.56:34651, d6e5a99c-4067-45a5-9f51-68f82ac62b1e:192.168.34.56:43919, e8c1cc56-fd3a-4c1f-a15b-7334942b67be:192.168.34.56:38681], old=null at 0
2019-09-16 18:49:21,564 [grpc-default-executor-7] INFO  segmented.SegmentedRaftLogWorker (SegmentedRaftLogWorker.java:startLogSegment(380)) - e8c1cc56-fd3a-4c1f-a15b-7334942b67be@group-49CA373404FE-SegmentedRaftLogWorker: Starting segment from index:0
2019-09-16 18:49:21,564 [grpc-default-executor-6] INFO  segmented.SegmentedRaftLogWorker (SegmentedRaftLogWorker.java:startLogSegment(380)) - e9384e49-5c15-4fe8-918f-d27f1539ccef@group-49CA373404FE-SegmentedRaftLogWorker: Starting segment from index:0
2019-09-16 18:49:21,595 [e8c1cc56-fd3a-4c1f-a15b-7334942b67be@group-49CA373404FE-SegmentedRaftLogWorker] INFO  segmented.SegmentedRaftLogWorker (SegmentedRaftLogWorker.java:execute(569)) - e8c1cc56-fd3a-4c1f-a15b-7334942b67be@group-49CA373404FE-SegmentedRaftLogWorker: created new log segment /workdir/hadoop-ozone/integration-test/target/test-dir/MiniOzoneClusterImpl-d4df22cc-0c2d-486e-a6a7-bea08512b785/datanode-3/data/ratis/014cf5b2-76ae-4f89-8eb1-49ca373404fe/current/log_inprogress_0
2019-09-16 18:49:21,595 [d6e5a99c-4067-45a5-9f51-68f82ac62b1e@group-49CA373404FE-SegmentedRaftLogWorker] INFO  segmented.SegmentedRaftLogWorker (SegmentedRaftLogWorker.java:execute(569)) - d6e5a99c-4067-45a5-9f51-68f82ac62b1e@group-49CA373404FE-SegmentedRaftLogWorker: created new log segment /workdir/hadoop-ozone/integration-test/target/test-dir/MiniOzoneClusterImpl-d4df22cc-0c2d-486e-a6a7-bea08512b785/datanode-5/data/ratis/014cf5b2-76ae-4f89-8eb1-49ca373404fe/current/log_inprogress_0
2019-09-16 18:49:21,611 [e9384e49-5c15-4fe8-918f-d27f1539ccef@group-49CA373404FE-SegmentedRaftLogWorker] INFO  segmented.SegmentedRaftLogWorker (SegmentedRaftLogWorker.java:execute(569)) - e9384e49-5c15-4fe8-918f-d27f1539ccef@group-49CA373404FE-SegmentedRaftLogWorker: created new log segment /workdir/hadoop-ozone/integration-test/target/test-dir/MiniOzoneClusterImpl-d4df22cc-0c2d-486e-a6a7-bea08512b785/datanode-2/data/ratis/014cf5b2-76ae-4f89-8eb1-49ca373404fe/current/log_inprogress_0
2019-09-16 18:49:22,939 [org.apache.ratis.server.impl.LogAppender$AppenderDaemon$$Lambda$533/1653271690@5bda47af] ERROR ratis.XceiverServerRatis (XceiverServerRatis.java:triggerPipelineClose(568)) - pipeline Action CLOSE  on pipeline PipelineID=297f27b4-88a4-4c33-ba42-3233b5392349.Reason : e9384e49-5c15-4fe8-918f-d27f1539ccef has not seen follower/s d6e5a99c-4067-45a5-9f51-68f82ac62b1e for 178232ms e8c1cc56-fd3a-4c1f-a15b-7334942b67be for 178232ms
2019-09-16 18:49:22,939 [org.apache.ratis.server.impl.LogAppender$AppenderDaemon$$Lambda$533/1653271690@230862c5] ERROR ratis.XceiverServerRatis (XceiverServerRatis.java:triggerPipelineClose(568)) - pipeline Action CLOSE  on pipeline PipelineID=297f27b4-88a4-4c33-ba42-3233b5392349.Reason : e9384e49-5c15-4fe8-918f-d27f1539ccef has not seen follower/s d6e5a99c-4067-45a5-9f51-68f82ac62b1e for 178232ms e8c1cc56-fd3a-4c1f-a15b-7334942b67be for 178232ms
2019-09-16 18:49:23,437 [java.util.concurrent.ThreadPoolExecutor$Worker@37302aeb[State = -1, empty queue]] WARN  server.GrpcLogAppender (GrpcLogAppender.java:timeoutAppendRequest(200)) - e9384e49-5c15-4fe8-918f-d27f1539ccef@group-3233B5392349->e8c1cc56-fd3a-4c1f-a15b-7334942b67be-GrpcLogAppender: appendEntries Timeout, request=e9384e49-5c15-4fe8-918f-d27f1539ccef->e8c1cc56-fd3a-4c1f-a15b-7334942b67be#160-t1, previous=(t:1, i:14), leaderCommit=10, initializing? false, entries: <empty>
2019-09-16 18:49:23,437 [java.util.concurrent.ThreadPoolExecutor$Worker@360b2eea[State = -1, empty queue]] WARN  server.GrpcLogAppender (GrpcLogAppender.java:timeoutAppendRequest(200)) - e9384e49-5c15-4fe8-918f-d27f1539ccef@group-3233B5392349->d6e5a99c-4067-45a5-9f51-68f82ac62b1e-GrpcLogAppender: appendEntries Timeout, request=e9384e49-5c15-4fe8-918f-d27f1539ccef->d6e5a99c-4067-45a5-9f51-68f82ac62b1e#160-t1, previous=(t:1, i:14), leaderCommit=10, initializing? false, entries: <empty>
2019-09-16 18:49:23,926 [EventQueue-PipelineActionsForPipelineActionHandler] ERROR pipeline.PipelineActionHandler (PipelineActionHandler.java:onMessage(60)) - Received pipeline action CLOSE for Pipeline[ Id: 297f27b4-88a4-4c33-ba42-3233b5392349, Nodes: e8c1cc56-fd3a-4c1f-a15b-7334942b67be{ip: 192.168.34.56, host: pr-hdds-2111-hlhfn-3535364396, networkLocation: /default-rack, certSerialId: null}e9384e49-5c15-4fe8-918f-d27f1539ccef{ip: 192.168.34.56, host: pr-hdds-2111-hlhfn-3535364396, networkLocation: /default-rack, certSerialId: null}d6e5a99c-4067-45a5-9f51-68f82ac62b1e{ip: 192.168.34.56, host: pr-hdds-2111-hlhfn-3535364396, networkLocation: /default-rack, certSerialId: null}, Type:RATIS, Factor:THREE, State:CLOSED] from datanode e9384e49-5c15-4fe8-918f-d27f1539ccef{ip: 192.168.34.56, host: pr-hdds-2111-hlhfn-3535364396, networkLocation: /default-rack, certSerialId: null}. Reason : e9384e49-5c15-4fe8-918f-d27f1539ccef has not seen follower/s d6e5a99c-4067-45a5-9f51-68f82ac62b1e for 178232ms e8c1cc56-fd3a-4c1f-a15b-7334942b67be for 178232ms
2019-09-16 18:49:23,927 [EventQueue-PipelineActionsForPipelineActionHandler] INFO  pipeline.SCMPipelineManager (SCMPipelineManager.java:finalizeAndDestroyPipeline(311)) - destroying pipeline:Pipeline[ Id: 297f27b4-88a4-4c33-ba42-3233b5392349, Nodes: e8c1cc56-fd3a-4c1f-a15b-7334942b67be{ip: 192.168.34.56, host: pr-hdds-2111-hlhfn-3535364396, networkLocation: /default-rack, certSerialId: null}e9384e49-5c15-4fe8-918f-d27f1539ccef{ip: 192.168.34.56, host: pr-hdds-2111-hlhfn-3535364396, networkLocation: /default-rack, certSerialId: null}d6e5a99c-4067-45a5-9f51-68f82ac62b1e{ip: 192.168.34.56, host: pr-hdds-2111-hlhfn-3535364396, networkLocation: /default-rack, certSerialId: null}, Type:RATIS, Factor:THREE, State:CLOSED]
2019-09-16 18:49:24,829 [e9384e49-5c15-4fe8-918f-d27f1539ccef@group-3233B5392349-SegmentedRaftLogWorker] WARN  segmented.SegmentedRaftLogWorker (SegmentedRaftLogWorker.java:getFromFuture(90)) - Timeout 17/~
org.apache.ratis.protocol.TimeoutIOException: Timeout 10s: WriteLog:11: (t:1, i:11), STATEMACHINELOGENTRY, client-48CB266057AC, cid=32-writeStateMachineData
	at org.apache.ratis.util.IOUtils.getFromFuture(IOUtils.java:87)
	at org.apache.ratis.server.raftlog.segmented.SegmentedRaftLogWorker$StateMachineDataPolicy.getFromFuture(SegmentedRaftLogWorker.java:87)
	at org.apache.ratis.server.raftlog.segmented.SegmentedRaftLogWorker$WriteLog.execute(SegmentedRaftLogWorker.java:477)
	at org.apache.ratis.server.raftlog.segmented.SegmentedRaftLogWorker.run(SegmentedRaftLogWorker.java:289)
	at java.lang.Thread.run(Thread.java:748)
Caused by: java.util.concurrent.TimeoutException
	at java.util.concurrent.CompletableFuture.timedGet(CompletableFuture.java:1771)
	at java.util.concurrent.CompletableFuture.get(CompletableFuture.java:1915)
	at org.apache.ratis.util.IOUtils.getFromFuture(IOUtils.java:79)
	... 4 more
2019-09-16 18:49:24,858 [d6e5a99c-4067-45a5-9f51-68f82ac62b1e@group-3233B5392349-SegmentedRaftLogWorker] WARN  segmented.SegmentedRaftLogWorker (SegmentedRaftLogWorker.java:getFromFuture(90)) - Timeout 17/~
org.apache.ratis.protocol.TimeoutIOException: Timeout 10s: WriteLog:11: (t:1, i:11), STATEMACHINELOGENTRY, client-48CB266057AC, cid=32-writeStateMachineData
	at org.apache.ratis.util.IOUtils.getFromFuture(IOUtils.java:87)
	at org.apache.ratis.server.raftlog.segmented.SegmentedRaftLogWorker$StateMachineDataPolicy.getFromFuture(SegmentedRaftLogWorker.java:87)
	at org.apache.ratis.server.raftlog.segmented.SegmentedRaftLogWorker$WriteLog.execute(SegmentedRaftLogWorker.java:477)
	at org.apache.ratis.server.raftlog.segmented.SegmentedRaftLogWorker.run(SegmentedRaftLogWorker.java:289)
	at java.lang.Thread.run(Thread.java:748)
Caused by: java.util.concurrent.TimeoutException
	at java.util.concurrent.CompletableFuture.timedGet(CompletableFuture.java:1771)
	at java.util.concurrent.CompletableFuture.get(CompletableFuture.java:1915)
	at org.apache.ratis.util.IOUtils.getFromFuture(IOUtils.java:79)
	... 4 more
2019-09-16 18:49:24,902 [e8c1cc56-fd3a-4c1f-a15b-7334942b67be@group-3233B5392349-SegmentedRaftLogWorker] WARN  segmented.SegmentedRaftLogWorker (SegmentedRaftLogWorker.java:getFromFuture(90)) - Timeout 17/~
org.apache.ratis.protocol.TimeoutIOException: Timeout 10s: WriteLog:12: (t:1, i:12), STATEMACHINELOGENTRY, client-48CB266057AC, cid=33-writeStateMachineData
	at org.apache.ratis.util.IOUtils.getFromFuture(IOUtils.java:87)
	at org.apache.ratis.server.raftlog.segmented.SegmentedRaftLogWorker$StateMachineDataPolicy.getFromFuture(SegmentedRaftLogWorker.java:87)
	at org.apache.ratis.server.raftlog.segmented.SegmentedRaftLogWorker$WriteLog.execute(SegmentedRaftLogWorker.java:477)
	at org.apache.ratis.server.raftlog.segmented.SegmentedRaftLogWorker.run(SegmentedRaftLogWorker.java:289)
	at java.lang.Thread.run(Thread.java:748)
Caused by: java.util.concurrent.TimeoutException
	at java.util.concurrent.CompletableFuture.timedGet(CompletableFuture.java:1771)
	at java.util.concurrent.CompletableFuture.get(CompletableFuture.java:1915)
	at org.apache.ratis.util.IOUtils.getFromFuture(IOUtils.java:79)
	... 4 more
2019-09-16 18:49:25,439 [org.apache.ratis.server.impl.LogAppender$AppenderDaemon$$Lambda$533/1653271690@230862c5] ERROR ratis.XceiverServerRatis (XceiverServerRatis.java:triggerPipelineClose(568)) - pipeline Action CLOSE  on pipeline PipelineID=297f27b4-88a4-4c33-ba42-3233b5392349.Reason : e9384e49-5c15-4fe8-918f-d27f1539ccef has not seen follower/s d6e5a99c-4067-45a5-9f51-68f82ac62b1e for 180732ms e8c1cc56-fd3a-4c1f-a15b-7334942b67be for 180733ms
2019-09-16 18:49:25,440 [org.apache.ratis.server.impl.LogAppender$AppenderDaemon$$Lambda$533/1653271690@5bda47af] ERROR ratis.XceiverServerRatis (XceiverServerRatis.java:triggerPipelineClose(568)) - pipeline Action CLOSE  on pipeline PipelineID=297f27b4-88a4-4c33-ba42-3233b5392349.Reason : e9384e49-5c15-4fe8-918f-d27f1539ccef has not seen follower/s d6e5a99c-4067-45a5-9f51-68f82ac62b1e for 180733ms e8c1cc56-fd3a-4c1f-a15b-7334942b67be for 180733ms
2019-09-16 18:49:25,926 [EventQueue-PipelineActionsForPipelineActionHandler] ERROR pipeline.PipelineActionHandler (PipelineActionHandler.java:onMessage(60)) - Received pipeline action CLOSE for Pipeline[ Id: 297f27b4-88a4-4c33-ba42-3233b5392349, Nodes: e8c1cc56-fd3a-4c1f-a15b-7334942b67be{ip: 192.168.34.56, host: pr-hdds-2111-hlhfn-3535364396, networkLocation: /default-rack, certSerialId: null}e9384e49-5c15-4fe8-918f-d27f1539ccef{ip: 192.168.34.56, host: pr-hdds-2111-hlhfn-3535364396, networkLocation: /default-rack, certSerialId: null}d6e5a99c-4067-45a5-9f51-68f82ac62b1e{ip: 192.168.34.56, host: pr-hdds-2111-hlhfn-3535364396, networkLocation: /default-rack, certSerialId: null}, Type:RATIS, Factor:THREE, State:CLOSED] from datanode e9384e49-5c15-4fe8-918f-d27f1539ccef{ip: 192.168.34.56, host: pr-hdds-2111-hlhfn-3535364396, networkLocation: /default-rack, certSerialId: null}. Reason : e9384e49-5c15-4fe8-918f-d27f1539ccef has not seen follower/s d6e5a99c-4067-45a5-9f51-68f82ac62b1e for 180732ms e8c1cc56-fd3a-4c1f-a15b-7334942b67be for 180733ms
2019-09-16 18:49:25,926 [EventQueue-PipelineActionsForPipelineActionHandler] INFO  pipeline.SCMPipelineManager (SCMPipelineManager.java:finalizeAndDestroyPipeline(311)) - destroying pipeline:Pipeline[ Id: 297f27b4-88a4-4c33-ba42-3233b5392349, Nodes: e8c1cc56-fd3a-4c1f-a15b-7334942b67be{ip: 192.168.34.56, host: pr-hdds-2111-hlhfn-3535364396, networkLocation: /default-rack, certSerialId: null}e9384e49-5c15-4fe8-918f-d27f1539ccef{ip: 192.168.34.56, host: pr-hdds-2111-hlhfn-3535364396, networkLocation: /default-rack, certSerialId: null}d6e5a99c-4067-45a5-9f51-68f82ac62b1e{ip: 192.168.34.56, host: pr-hdds-2111-hlhfn-3535364396, networkLocation: /default-rack, certSerialId: null}, Type:RATIS, Factor:THREE, State:CLOSED]
2019-09-16 18:49:25,938 [java.util.concurrent.ThreadPoolExecutor$Worker@360b2eea[State = -1, empty queue]] WARN  server.GrpcLogAppender (GrpcLogAppender.java:timeoutAppendRequest(200)) - e9384e49-5c15-4fe8-918f-d27f1539ccef@group-3233B5392349->d6e5a99c-4067-45a5-9f51-68f82ac62b1e-GrpcLogAppender: appendEntries Timeout, request=e9384e49-5c15-4fe8-918f-d27f1539ccef->d6e5a99c-4067-45a5-9f51-68f82ac62b1e#161-t1, previous=(t:1, i:14), leaderCommit=10, initializing? false, entries: <empty>
2019-09-16 18:49:25,938 [java.util.concurrent.ThreadPoolExecutor$Worker@37302aeb[State = -1, empty queue]] WARN  server.GrpcLogAppender (GrpcLogAppender.java:timeoutAppendRequest(200)) - e9384e49-5c15-4fe8-918f-d27f1539ccef@group-3233B5392349->e8c1cc56-fd3a-4c1f-a15b-7334942b67be-GrpcLogAppender: appendEntries Timeout, request=e9384e49-5c15-4fe8-918f-d27f1539ccef->e8c1cc56-fd3a-4c1f-a15b-7334942b67be#161-t1, previous=(t:1, i:14), leaderCommit=10, initializing? false, entries: <empty>
2019-09-16 18:49:26,248 [grpc-default-executor-7] INFO  client.GrpcClientProtocolClient (GrpcClientProtocolClient.java:onNext(264)) - client-48CB266057AC->e8c1cc56-fd3a-4c1f-a15b-7334942b67be: receive RaftClientReply:client-48CB266057AC->e8c1cc56-fd3a-4c1f-a15b-7334942b67be@group-3233B5392349, cid=32, FAILED org.apache.ratis.protocol.NotLeaderException: Server e8c1cc56-fd3a-4c1f-a15b-7334942b67be@group-3233B5392349 is not the leader e9384e49-5c15-4fe8-918f-d27f1539ccef:192.168.34.56:34651, logIndex=0, commits[e8c1cc56-fd3a-4c1f-a15b-7334942b67be:c10, e9384e49-5c15-4fe8-918f-d27f1539ccef:c10, d6e5a99c-4067-45a5-9f51-68f82ac62b1e:c6]
2019-09-16 18:49:27,941 [org.apache.ratis.server.impl.LogAppender$AppenderDaemon$$Lambda$533/1653271690@5bda47af] ERROR ratis.XceiverServerRatis (XceiverServerRatis.java:triggerPipelineClose(568)) - pipeline Action CLOSE  on pipeline PipelineID=297f27b4-88a4-4c33-ba42-3233b5392349.Reason : e9384e49-5c15-4fe8-918f-d27f1539ccef has not seen follower/s d6e5a99c-4067-45a5-9f51-68f82ac62b1e for 183234ms e8c1cc56-fd3a-4c1f-a15b-7334942b67be for 183234ms
2019-09-16 18:49:27,941 [org.apache.ratis.server.impl.LogAppender$AppenderDaemon$$Lambda$533/1653271690@230862c5] ERROR ratis.XceiverServerRatis (XceiverServerRatis.java:triggerPipelineClose(568)) - pipeline Action CLOSE  on pipeline PipelineID=297f27b4-88a4-4c33-ba42-3233b5392349.Reason : e9384e49-5c15-4fe8-918f-d27f1539ccef has not seen follower/s d6e5a99c-4067-45a5-9f51-68f82ac62b1e for 183234ms e8c1cc56-fd3a-4c1f-a15b-7334942b67be for 183234ms
2019-09-16 18:49:28,439 [java.util.concurrent.ThreadPoolExecutor$Worker@360b2eea[State = -1, empty queue]] WARN  server.GrpcLogAppender (GrpcLogAppender.java:timeoutAppendRequest(200)) - e9384e49-5c15-4fe8-918f-d27f1539ccef@group-3233B5392349->d6e5a99c-4067-45a5-9f51-68f82ac62b1e-GrpcLogAppender: appendEntries Timeout, request=e9384e49-5c15-4fe8-918f-d27f1539ccef->d6e5a99c-4067-45a5-9f51-68f82ac62b1e#162-t1, previous=(t:1, i:14), leaderCommit=10, initializing? false, entries: <empty>
2019-09-16 18:49:28,440 [java.util.concurrent.ThreadPoolExecutor$Worker@37302aeb[State = -1, empty queue]] WARN  server.GrpcLogAppender (GrpcLogAppender.java:timeoutAppendRequest(200)) - e9384e49-5c15-4fe8-918f-d27f1539ccef@group-3233B5392349->e8c1cc56-fd3a-4c1f-a15b-7334942b67be-GrpcLogAppender: appendEntries Timeout, request=e9384e49-5c15-4fe8-918f-d27f1539ccef->e8c1cc56-fd3a-4c1f-a15b-7334942b67be#162-t1, previous=(t:1, i:14), leaderCommit=10, initializing? false, entries: <empty>
2019-09-16 18:49:28,926 [EventQueue-PipelineActionsForPipelineActionHandler] ERROR pipeline.PipelineActionHandler (PipelineActionHandler.java:onMessage(60)) - Received pipeline action CLOSE for Pipeline[ Id: 297f27b4-88a4-4c33-ba42-3233b5392349, Nodes: e8c1cc56-fd3a-4c1f-a15b-7334942b67be{ip: 192.168.34.56, host: pr-hdds-2111-hlhfn-3535364396, networkLocation: /default-rack, certSerialId: null}e9384e49-5c15-4fe8-918f-d27f1539ccef{ip: 192.168.34.56, host: pr-hdds-2111-hlhfn-3535364396, networkLocation: /default-rack, certSerialId: null}d6e5a99c-4067-45a5-9f51-68f82ac62b1e{ip: 192.168.34.56, host: pr-hdds-2111-hlhfn-3535364396, networkLocation: /default-rack, certSerialId: null}, Type:RATIS, Factor:THREE, State:CLOSED] from datanode e9384e49-5c15-4fe8-918f-d27f1539ccef{ip: 192.168.34.56, host: pr-hdds-2111-hlhfn-3535364396, networkLocation: /default-rack, certSerialId: null}. Reason : e9384e49-5c15-4fe8-918f-d27f1539ccef has not seen follower/s d6e5a99c-4067-45a5-9f51-68f82ac62b1e for 183234ms e8c1cc56-fd3a-4c1f-a15b-7334942b67be for 183234ms
2019-09-16 18:49:28,926 [EventQueue-PipelineActionsForPipelineActionHandler] INFO  pipeline.SCMPipelineManager (SCMPipelineManager.java:finalizeAndDestroyPipeline(311)) - destroying pipeline:Pipeline[ Id: 297f27b4-88a4-4c33-ba42-3233b5392349, Nodes: e8c1cc56-fd3a-4c1f-a15b-7334942b67be{ip: 192.168.34.56, host: pr-hdds-2111-hlhfn-3535364396, networkLocation: /default-rack, certSerialId: null}e9384e49-5c15-4fe8-918f-d27f1539ccef{ip: 192.168.34.56, host: pr-hdds-2111-hlhfn-3535364396, networkLocation: /default-rack, certSerialId: null}d6e5a99c-4067-45a5-9f51-68f82ac62b1e{ip: 192.168.34.56, host: pr-hdds-2111-hlhfn-3535364396, networkLocation: /default-rack, certSerialId: null}, Type:RATIS, Factor:THREE, State:CLOSED]
2019-09-16 18:49:30,441 [org.apache.ratis.server.impl.LogAppender$AppenderDaemon$$Lambda$533/1653271690@230862c5] ERROR ratis.XceiverServerRatis (XceiverServerRatis.java:triggerPipelineClose(568)) - pipeline Action CLOSE  on pipeline PipelineID=297f27b4-88a4-4c33-ba42-3233b5392349.Reason : e9384e49-5c15-4fe8-918f-d27f1539ccef has not seen follower/s d6e5a99c-4067-45a5-9f51-68f82ac62b1e for 185734ms e8c1cc56-fd3a-4c1f-a15b-7334942b67be for 185734ms
2019-09-16 18:49:30,442 [org.apache.ratis.server.impl.LogAppender$AppenderDaemon$$Lambda$533/1653271690@5bda47af] ERROR ratis.XceiverServerRatis (XceiverServerRatis.java:triggerPipelineClose(568)) - pipeline Action CLOSE  on pipeline PipelineID=297f27b4-88a4-4c33-ba42-3233b5392349.Reason : e9384e49-5c15-4fe8-918f-d27f1539ccef has not seen follower/s d6e5a99c-4067-45a5-9f51-68f82ac62b1e for 185735ms e8c1cc56-fd3a-4c1f-a15b-7334942b67be for 185735ms
2019-09-16 18:49:30,911 [grpc-default-executor-6] INFO  impl.RaftServerProxy (RaftServerProxy.java:remove(95)) - e8c1cc56-fd3a-4c1f-a15b-7334942b67be: remove  FOLLOWER e8c1cc56-fd3a-4c1f-a15b-7334942b67be@group-3233B5392349:t1, leader=e9384e49-5c15-4fe8-918f-d27f1539ccef, voted=e9384e49-5c15-4fe8-918f-d27f1539ccef, raftlog=e8c1cc56-fd3a-4c1f-a15b-7334942b67be@group-3233B5392349-SegmentedRaftLog:OPENED:c10,f10,i14, conf=0: [e9384e49-5c15-4fe8-918f-d27f1539ccef:192.168.34.56:34651, d6e5a99c-4067-45a5-9f51-68f82ac62b1e:192.168.34.56:43919, e8c1cc56-fd3a-4c1f-a15b-7334942b67be:192.168.34.56:38681], old=null RUNNING
2019-09-16 18:49:30,912 [grpc-default-executor-6] INFO  impl.RaftServerImpl (RaftServerImpl.java:lambda$shutdown$3(251)) - e8c1cc56-fd3a-4c1f-a15b-7334942b67be@group-3233B5392349: shutdown
2019-09-16 18:49:30,913 [grpc-default-executor-6] INFO  util.JmxRegister (JmxRegister.java:unregister(73)) - Successfully un-registered JMX Bean with object name Ratis:service=RaftServer,group=group-3233B5392349,id=e8c1cc56-fd3a-4c1f-a15b-7334942b67be
2019-09-16 18:49:30,913 [grpc-default-executor-6] INFO  impl.RoleInfo (RoleInfo.java:shutdownFollowerState(121)) - e8c1cc56-fd3a-4c1f-a15b-7334942b67be: shutdown FollowerState
2019-09-16 18:49:30,913 [grpc-default-executor-6] INFO  impl.StateMachineUpdater (StateMachineUpdater.java:stopAndJoin(125)) - e8c1cc56-fd3a-4c1f-a15b-7334942b67be@group-3233B5392349-StateMachineUpdater: set stopIndex = 10
2019-09-16 18:49:30,913 [e8c1cc56-fd3a-4c1f-a15b-7334942b67be@group-3233B5392349-StateMachineUpdater] INFO  ratis.ContainerStateMachine (ContainerStateMachine.java:takeSnapshot(289)) - group-3233B5392349: Taking a snapshot at:(t:1, i:6) file /workdir/hadoop-ozone/integration-test/target/test-dir/MiniOzoneClusterImpl-d4df22cc-0c2d-486e-a6a7-bea08512b785/datanode-3/data/ratis/297f27b4-88a4-4c33-ba42-3233b5392349/sm/snapshot.1_6
2019-09-16 18:49:30,913 [Thread-325] INFO  impl.FollowerState (FollowerState.java:run(115)) - e8c1cc56-fd3a-4c1f-a15b-7334942b67be: FollowerState was interrupted: java.lang.InterruptedException: sleep interrupted
2019-09-16 18:49:30,925 [EventQueue-PipelineActionsForPipelineActionHandler] ERROR pipeline.PipelineActionHandler (PipelineActionHandler.java:onMessage(60)) - Received pipeline action CLOSE for Pipeline[ Id: 297f27b4-88a4-4c33-ba42-3233b5392349, Nodes: e8c1cc56-fd3a-4c1f-a15b-7334942b67be{ip: 192.168.34.56, host: pr-hdds-2111-hlhfn-3535364396, networkLocation: /default-rack, certSerialId: null}e9384e49-5c15-4fe8-918f-d27f1539ccef{ip: 192.168.34.56, host: pr-hdds-2111-hlhfn-3535364396, networkLocation: /default-rack, certSerialId: null}d6e5a99c-4067-45a5-9f51-68f82ac62b1e{ip: 192.168.34.56, host: pr-hdds-2111-hlhfn-3535364396, networkLocation: /default-rack, certSerialId: null}, Type:RATIS, Factor:THREE, State:CLOSED] from datanode e9384e49-5c15-4fe8-918f-d27f1539ccef{ip: 192.168.34.56, host: pr-hdds-2111-hlhfn-3535364396, networkLocation: /default-rack, certSerialId: null}. Reason : e9384e49-5c15-4fe8-918f-d27f1539ccef has not seen follower/s d6e5a99c-4067-45a5-9f51-68f82ac62b1e for 185734ms e8c1cc56-fd3a-4c1f-a15b-7334942b67be for 185734ms
2019-09-16 18:49:30,925 [EventQueue-PipelineActionsForPipelineActionHandler] INFO  pipeline.SCMPipelineManager (SCMPipelineManager.java:finalizeAndDestroyPipeline(311)) - destroying pipeline:Pipeline[ Id: 297f27b4-88a4-4c33-ba42-3233b5392349, Nodes: e8c1cc56-fd3a-4c1f-a15b-7334942b67be{ip: 192.168.34.56, host: pr-hdds-2111-hlhfn-3535364396, networkLocation: /default-rack, certSerialId: null}e9384e49-5c15-4fe8-918f-d27f1539ccef{ip: 192.168.34.56, host: pr-hdds-2111-hlhfn-3535364396, networkLocation: /default-rack, certSerialId: null}d6e5a99c-4067-45a5-9f51-68f82ac62b1e{ip: 192.168.34.56, host: pr-hdds-2111-hlhfn-3535364396, networkLocation: /default-rack, certSerialId: null}, Type:RATIS, Factor:THREE, State:CLOSED]
2019-09-16 18:49:30,926 [e8c1cc56-fd3a-4c1f-a15b-7334942b67be@group-3233B5392349-StateMachineUpdater] INFO  ratis.ContainerStateMachine (ContainerStateMachine.java:takeSnapshot(300)) - group-3233B5392349: Finished taking a snapshot at:(t:1, i:6) file:/workdir/hadoop-ozone/integration-test/target/test-dir/MiniOzoneClusterImpl-d4df22cc-0c2d-486e-a6a7-bea08512b785/datanode-3/data/ratis/297f27b4-88a4-4c33-ba42-3233b5392349/sm/snapshot.1_6 time:13
2019-09-16 18:49:30,926 [e8c1cc56-fd3a-4c1f-a15b-7334942b67be@group-3233B5392349-StateMachineUpdater] INFO  impl.StateMachineUpdater (StateMachineUpdater.java:takeSnapshot(258)) - e8c1cc56-fd3a-4c1f-a15b-7334942b67be@group-3233B5392349-StateMachineUpdater: Took a snapshot at index 6
2019-09-16 18:49:30,927 [e8c1cc56-fd3a-4c1f-a15b-7334942b67be@group-3233B5392349-StateMachineUpdater] INFO  impl.StateMachineUpdater (StateMachineUpdater.java:lambda$new$0(83)) - e8c1cc56-fd3a-4c1f-a15b-7334942b67be@group-3233B5392349-StateMachineUpdater: snapshotIndex: updateIncreasingly -1 -> 6
2019-09-16 18:49:30,927 [e8c1cc56-fd3a-4c1f-a15b-7334942b67be@group-3233B5392349-StateMachineUpdater] INFO  ratis.ContainerStateMachine (ContainerStateMachine.java:takeSnapshot(289)) - group-3233B5392349: Taking a snapshot at:(t:1, i:6) file /workdir/hadoop-ozone/integration-test/target/test-dir/MiniOzoneClusterImpl-d4df22cc-0c2d-486e-a6a7-bea08512b785/datanode-3/data/ratis/297f27b4-88a4-4c33-ba42-3233b5392349/sm/snapshot.1_6
2019-09-16 18:49:30,930 [e8c1cc56-fd3a-4c1f-a15b-7334942b67be@group-3233B5392349-StateMachineUpdater] INFO  ratis.ContainerStateMachine (ContainerStateMachine.java:takeSnapshot(300)) - group-3233B5392349: Finished taking a snapshot at:(t:1, i:6) file:/workdir/hadoop-ozone/integration-test/target/test-dir/MiniOzoneClusterImpl-d4df22cc-0c2d-486e-a6a7-bea08512b785/datanode-3/data/ratis/297f27b4-88a4-4c33-ba42-3233b5392349/sm/snapshot.1_6 time:3
2019-09-16 18:49:30,930 [e8c1cc56-fd3a-4c1f-a15b-7334942b67be@group-3233B5392349-StateMachineUpdater] INFO  impl.StateMachineUpdater (StateMachineUpdater.java:takeSnapshot(258)) - e8c1cc56-fd3a-4c1f-a15b-7334942b67be@group-3233B5392349-StateMachineUpdater: Took a snapshot at index 6
2019-09-16 18:49:30,930 [e8c1cc56-fd3a-4c1f-a15b-7334942b67be@group-3233B5392349-StateMachineUpdater] INFO  impl.StateMachineUpdater (StateMachineUpdater.java:lambda$new$0(83)) - e8c1cc56-fd3a-4c1f-a15b-7334942b67be@group-3233B5392349-StateMachineUpdater: snapshotIndex: updateIncreasingly 6 -> 6
2019-09-16 18:49:30,930 [grpc-default-executor-6] INFO  impl.RaftServerImpl (ServerState.java:close(385)) - e8c1cc56-fd3a-4c1f-a15b-7334942b67be@group-3233B5392349: closes. applyIndex: 10
2019-09-16 18:49:30,933 [e8c1cc56-fd3a-4c1f-a15b-7334942b67be@group-3233B5392349-SegmentedRaftLogWorker] ERROR ratis.XceiverServerRatis (XceiverServerRatis.java:triggerPipelineClose(568)) - pipeline Action CLOSE  on pipeline PipelineID=297f27b4-88a4-4c33-ba42-3233b5392349.Reason : WriteLog:12: (t:1, i:12), STATEMACHINELOGENTRY, client-48CB266057AC, cid=33-writeStateMachineData interrupted.
2019-09-16 18:49:30,937 [EventQueue-PipelineActionsForPipelineActionHandler] ERROR pipeline.PipelineActionHandler (PipelineActionHandler.java:onMessage(60)) - Received pipeline action CLOSE for Pipeline[ Id: 297f27b4-88a4-4c33-ba42-3233b5392349, Nodes: e8c1cc56-fd3a-4c1f-a15b-7334942b67be{ip: 192.168.34.56, host: pr-hdds-2111-hlhfn-3535364396, networkLocation: /default-rack, certSerialId: null}e9384e49-5c15-4fe8-918f-d27f1539ccef{ip: 192.168.34.56, host: pr-hdds-2111-hlhfn-3535364396, networkLocation: /default-rack, certSerialId: null}d6e5a99c-4067-45a5-9f51-68f82ac62b1e{ip: 192.168.34.56, host: pr-hdds-2111-hlhfn-3535364396, networkLocation: /default-rack, certSerialId: null}, Type:RATIS, Factor:THREE, State:CLOSED] from datanode e8c1cc56-fd3a-4c1f-a15b-7334942b67be{ip: 192.168.34.56, host: pr-hdds-2111-hlhfn-3535364396, networkLocation: /default-rack, certSerialId: null}. Reason : WriteLog:12: (t:1, i:12), STATEMACHINELOGENTRY, client-48CB266057AC, cid=33-writeStateMachineData interrupted.
2019-09-16 18:49:30,937 [EventQueue-PipelineActionsForPipelineActionHandler] INFO  pipeline.SCMPipelineManager (SCMPipelineManager.java:finalizeAndDestroyPipeline(311)) - destroying pipeline:Pipeline[ Id: 297f27b4-88a4-4c33-ba42-3233b5392349, Nodes: e8c1cc56-fd3a-4c1f-a15b-7334942b67be{ip: 192.168.34.56, host: pr-hdds-2111-hlhfn-3535364396, networkLocation: /default-rack, certSerialId: null}e9384e49-5c15-4fe8-918f-d27f1539ccef{ip: 192.168.34.56, host: pr-hdds-2111-hlhfn-3535364396, networkLocation: /default-rack, certSerialId: null}d6e5a99c-4067-45a5-9f51-68f82ac62b1e{ip: 192.168.34.56, host: pr-hdds-2111-hlhfn-3535364396, networkLocation: /default-rack, certSerialId: null}, Type:RATIS, Factor:THREE, State:CLOSED]
2019-09-16 18:49:30,938 [grpc-default-executor-6] INFO  segmented.SegmentedRaftLogWorker (SegmentedRaftLogWorker.java:close(228)) - e8c1cc56-fd3a-4c1f-a15b-7334942b67be@group-3233B5392349-SegmentedRaftLogWorker close()
2019-09-16 18:49:30,944 [java.util.concurrent.ThreadPoolExecutor$Worker@37302aeb[State = -1, empty queue]] WARN  server.GrpcLogAppender (GrpcLogAppender.java:timeoutAppendRequest(200)) - e9384e49-5c15-4fe8-918f-d27f1539ccef@group-3233B5392349->e8c1cc56-fd3a-4c1f-a15b-7334942b67be-GrpcLogAppender: appendEntries Timeout, request=e9384e49-5c15-4fe8-918f-d27f1539ccef->e8c1cc56-fd3a-4c1f-a15b-7334942b67be#163-t1, previous=(t:1, i:14), leaderCommit=10, initializing? false, entries: <empty>
2019-09-16 18:49:30,944 [java.util.concurrent.ThreadPoolExecutor$Worker@360b2eea[State = -1, empty queue]] WARN  server.GrpcLogAppender (GrpcLogAppender.java:timeoutAppendRequest(200)) - e9384e49-5c15-4fe8-918f-d27f1539ccef@group-3233B5392349->d6e5a99c-4067-45a5-9f51-68f82ac62b1e-GrpcLogAppender: appendEntries Timeout, request=e9384e49-5c15-4fe8-918f-d27f1539ccef->d6e5a99c-4067-45a5-9f51-68f82ac62b1e#163-t1, previous=(t:1, i:14), leaderCommit=10, initializing? false, entries: <empty>
2019-09-16 18:49:30,947 [grpc-default-executor-6] INFO  interfaces.Container (KeyValueContainer.java:flushAndSyncDB(386)) - Container 3 is synced with bcsId 6.
2019-09-16 18:49:30,948 [grpc-default-executor-6] INFO  interfaces.Container (KeyValueContainer.java:flushAndSyncDB(386)) - Container 3 is synced with bcsId 6.
2019-09-16 18:49:30,953 [EventQueue-IncrementalContainerReportForIncrementalContainerReportHandler] INFO  container.IncrementalContainerReportHandler (AbstractContainerReportHandler.java:updateContainerState(169)) - Moving container #3 to QUASI_CLOSED state, datanode e8c1cc56-fd3a-4c1f-a15b-7334942b67be{ip: 192.168.34.56, host: pr-hdds-2111-hlhfn-3535364396, networkLocation: /default-rack, certSerialId: null} reported QUASI_CLOSED replica.
2019-09-16 18:49:30,972 [grpc-default-executor-6] INFO  interfaces.Container (KeyValueContainer.java:flushAndSyncDB(386)) - Container 4 is synced with bcsId 0.
2019-09-16 18:49:30,972 [grpc-default-executor-6] INFO  interfaces.Container (KeyValueContainer.java:flushAndSyncDB(386)) - Container 4 is synced with bcsId 0.
2019-09-16 18:49:30,978 [EventQueue-IncrementalContainerReportForIncrementalContainerReportHandler] INFO  container.IncrementalContainerReportHandler (AbstractContainerReportHandler.java:updateContainerState(169)) - Moving container #4 to QUASI_CLOSED state, datanode e8c1cc56-fd3a-4c1f-a15b-7334942b67be{ip: 192.168.34.56, host: pr-hdds-2111-hlhfn-3535364396, networkLocation: /default-rack, certSerialId: null} reported QUASI_CLOSED replica.
2019-09-16 18:49:30,984 [grpc-default-executor-7] INFO  impl.RaftServerProxy (RaftServerProxy.java:remove(95)) - e9384e49-5c15-4fe8-918f-d27f1539ccef: remove    LEADER e9384e49-5c15-4fe8-918f-d27f1539ccef@group-3233B5392349:t1, leader=e9384e49-5c15-4fe8-918f-d27f1539ccef, voted=e9384e49-5c15-4fe8-918f-d27f1539ccef, raftlog=e9384e49-5c15-4fe8-918f-d27f1539ccef@group-3233B5392349-SegmentedRaftLog:OPENED:c10,f10,i14, conf=0: [e9384e49-5c15-4fe8-918f-d27f1539ccef:192.168.34.56:34651, d6e5a99c-4067-45a5-9f51-68f82ac62b1e:192.168.34.56:43919, e8c1cc56-fd3a-4c1f-a15b-7334942b67be:192.168.34.56:38681], old=null RUNNING
2019-09-16 18:49:30,984 [grpc-default-executor-7] INFO  impl.RaftServerImpl (RaftServerImpl.java:lambda$shutdown$3(251)) - e9384e49-5c15-4fe8-918f-d27f1539ccef@group-3233B5392349: shutdown
2019-09-16 18:49:30,984 [grpc-default-executor-7] INFO  util.JmxRegister (JmxRegister.java:unregister(73)) - Successfully un-registered JMX Bean with object name Ratis:service=RaftServer,group=group-3233B5392349,id=e9384e49-5c15-4fe8-918f-d27f1539ccef
2019-09-16 18:49:30,985 [grpc-default-executor-7] INFO  impl.RoleInfo (RoleInfo.java:shutdownLeaderState(104)) - e9384e49-5c15-4fe8-918f-d27f1539ccef: shutdown LeaderState
2019-09-16 18:49:30,993 [org.apache.ratis.server.impl.LogAppender$AppenderDaemon$$Lambda$533/1653271690@230862c5] WARN  server.GrpcLogAppender (GrpcLogAppender.java:mayWait(143)) - e9384e49-5c15-4fe8-918f-d27f1539ccef@group-3233B5392349->d6e5a99c-4067-45a5-9f51-68f82ac62b1e-GrpcLogAppender: Wait interrupted by java.lang.InterruptedException
2019-09-16 18:49:30,993 [grpc-default-executor-7] INFO  impl.PendingRequests (PendingRequests.java:sendNotLeaderResponses(202)) - e9384e49-5c15-4fe8-918f-d27f1539ccef-PendingRequests: sendNotLeaderResponses
2019-09-16 18:49:30,993 [org.apache.ratis.server.impl.LogAppender$AppenderDaemon$$Lambda$533/1653271690@5bda47af] WARN  server.GrpcLogAppender (GrpcLogAppender.java:mayWait(143)) - e9384e49-5c15-4fe8-918f-d27f1539ccef@group-3233B5392349->e8c1cc56-fd3a-4c1f-a15b-7334942b67be-GrpcLogAppender: Wait interrupted by java.lang.InterruptedException
2019-09-16 18:49:30,996 [grpc-default-executor-6] INFO  server.GrpcServerProtocolService (GrpcServerProtocolService.java:onCompleted(113)) - d6e5a99c-4067-45a5-9f51-68f82ac62b1e: Completed APPEND_ENTRIES, lastRequest: e9384e49-5c15-4fe8-918f-d27f1539ccef->d6e5a99c-4067-45a5-9f51-68f82ac62b1e#164-t1, previous=(t:1, i:14), leaderCommit=10, initializing? false, entries: <empty>
2019-09-16 18:49:30,996 [grpc-default-executor-4] INFO  server.GrpcServerProtocolService (GrpcServerProtocolService.java:onCompleted(113)) - e8c1cc56-fd3a-4c1f-a15b-7334942b67be: Completed APPEND_ENTRIES, lastRequest: e9384e49-5c15-4fe8-918f-d27f1539ccef->e8c1cc56-fd3a-4c1f-a15b-7334942b67be#164-t1, previous=(t:1, i:14), leaderCommit=10, initializing? false, entries: <empty>
2019-09-16 18:49:30,996 [grpc-default-executor-6] INFO  server.GrpcLogAppender (GrpcLogAppender.java:onCompleted(293)) - e9384e49-5c15-4fe8-918f-d27f1539ccef@group-3233B5392349->d6e5a99c-4067-45a5-9f51-68f82ac62b1e-AppendLogResponseHandler: follower responses appendEntries COMPLETED
2019-09-16 18:49:30,999 [grpc-default-executor-7] INFO  impl.StateMachineUpdater (StateMachineUpdater.java:stopAndJoin(125)) - e9384e49-5c15-4fe8-918f-d27f1539ccef@group-3233B5392349-StateMachineUpdater: set stopIndex = 10
2019-09-16 18:49:30,996 [grpc-default-executor-4] INFO  server.GrpcLogAppender (GrpcLogAppender.java:onCompleted(293)) - e9384e49-5c15-4fe8-918f-d27f1539ccef@group-3233B5392349->e8c1cc56-fd3a-4c1f-a15b-7334942b67be-AppendLogResponseHandler: follower responses appendEntries COMPLETED
2019-09-16 18:49:30,999 [grpc-default-executor-6] INFO  impl.FollowerInfo (FollowerInfo.java:lambda$new$0(51)) - e9384e49-5c15-4fe8-918f-d27f1539ccef@group-3233B5392349->d6e5a99c-4067-45a5-9f51-68f82ac62b1e: nextIndex: updateUnconditionally 15 -> 11
2019-09-16 18:49:30,999 [e9384e49-5c15-4fe8-918f-d27f1539ccef@group-3233B5392349-StateMachineUpdater] INFO  ratis.ContainerStateMachine (ContainerStateMachine.java:takeSnapshot(289)) - group-3233B5392349: Taking a snapshot at:(t:1, i:10) file /workdir/hadoop-ozone/integration-test/target/test-dir/MiniOzoneClusterImpl-d4df22cc-0c2d-486e-a6a7-bea08512b785/datanode-2/data/ratis/297f27b4-88a4-4c33-ba42-3233b5392349/sm/snapshot.1_10
2019-09-16 18:49:31,000 [grpc-default-executor-4] INFO  impl.FollowerInfo (FollowerInfo.java:lambda$new$0(51)) - e9384e49-5c15-4fe8-918f-d27f1539ccef@group-3233B5392349->e8c1cc56-fd3a-4c1f-a15b-7334942b67be: nextIndex: updateUnconditionally 15 -> 11
2019-09-16 18:49:31,004 [e9384e49-5c15-4fe8-918f-d27f1539ccef@group-3233B5392349-StateMachineUpdater] INFO  ratis.ContainerStateMachine (ContainerStateMachine.java:takeSnapshot(300)) - group-3233B5392349: Finished taking a snapshot at:(t:1, i:10) file:/workdir/hadoop-ozone/integration-test/target/test-dir/MiniOzoneClusterImpl-d4df22cc-0c2d-486e-a6a7-bea08512b785/datanode-2/data/ratis/297f27b4-88a4-4c33-ba42-3233b5392349/sm/snapshot.1_10 time:5
2019-09-16 18:49:31,004 [e9384e49-5c15-4fe8-918f-d27f1539ccef@group-3233B5392349-StateMachineUpdater] INFO  impl.StateMachineUpdater (StateMachineUpdater.java:takeSnapshot(258)) - e9384e49-5c15-4fe8-918f-d27f1539ccef@group-3233B5392349-StateMachineUpdater: Took a snapshot at index 10
2019-09-16 18:49:31,004 [e9384e49-5c15-4fe8-918f-d27f1539ccef@group-3233B5392349-StateMachineUpdater] INFO  impl.StateMachineUpdater (StateMachineUpdater.java:lambda$new$0(83)) - e9384e49-5c15-4fe8-918f-d27f1539ccef@group-3233B5392349-StateMachineUpdater: snapshotIndex: updateIncreasingly -1 -> 10
2019-09-16 18:49:31,005 [grpc-default-executor-7] INFO  impl.RaftServerImpl (ServerState.java:close(385)) - e9384e49-5c15-4fe8-918f-d27f1539ccef@group-3233B5392349: closes. applyIndex: 10
2019-09-16 18:49:31,005 [Command processor thread] ERROR commandhandler.CloseContainerCommandHandler (CloseContainerCommandHandler.java:handle(125)) - Can't close container #4
java.io.IOException: org.apache.ratis.protocol.GroupMismatchException: e9384e49-5c15-4fe8-918f-d27f1539ccef: group-3233B5392349 not found.
	at org.apache.hadoop.ozone.container.common.transport.server.ratis.XceiverServerRatis.submitRequest(XceiverServerRatis.java:495)
	at org.apache.hadoop.ozone.container.common.statemachine.commandhandler.CloseContainerCommandHandler.handle(CloseContainerCommandHandler.java:102)
	at org.apache.hadoop.ozone.container.common.statemachine.commandhandler.CommandDispatcher.handle(CommandDispatcher.java:99)
	at org.apache.hadoop.ozone.container.common.statemachine.DatanodeStateMachine.lambda$initCommandHandlerThread$1(DatanodeStateMachine.java:432)
	at java.lang.Thread.run(Thread.java:748)
Caused by: java.util.concurrent.ExecutionException: org.apache.ratis.protocol.GroupMismatchException: e9384e49-5c15-4fe8-918f-d27f1539ccef: group-3233B5392349 not found.
	at java.util.concurrent.CompletableFuture.reportGet(CompletableFuture.java:357)
	at java.util.concurrent.CompletableFuture.get(CompletableFuture.java:1895)
	at org.apache.hadoop.ozone.container.common.transport.server.ratis.XceiverServerRatis.submitRequest(XceiverServerRatis.java:493)
	... 4 more
Caused by: org.apache.ratis.protocol.GroupMismatchException: e9384e49-5c15-4fe8-918f-d27f1539ccef: group-3233B5392349 not found.
	at org.apache.ratis.server.impl.RaftServerProxy$ImplMap.get(RaftServerProxy.java:122)
	at org.apache.ratis.server.impl.RaftServerProxy.getImplFuture(RaftServerProxy.java:269)
	at org.apache.ratis.server.impl.RaftServerProxy.submitRequest(RaftServerProxy.java:327)
	at org.apache.ratis.server.impl.RaftServerProxy.submitClientRequestAsync(RaftServerProxy.java:333)
	... 5 more
2019-09-16 18:49:31,007 [e9384e49-5c15-4fe8-918f-d27f1539ccef@group-3233B5392349-SegmentedRaftLogWorker] ERROR ratis.XceiverServerRatis (XceiverServerRatis.java:triggerPipelineClose(568)) - pipeline Action CLOSE  on pipeline PipelineID=297f27b4-88a4-4c33-ba42-3233b5392349.Reason : WriteLog:11: (t:1, i:11), STATEMACHINELOGENTRY, client-48CB266057AC, cid=32-writeStateMachineData interrupted.
2019-09-16 18:49:31,009 [grpc-default-executor-7] INFO  segmented.SegmentedRaftLogWorker (SegmentedRaftLogWorker.java:close(228)) - e9384e49-5c15-4fe8-918f-d27f1539ccef@group-3233B5392349-SegmentedRaftLogWorker close()
2019-09-16 18:49:31,012 [EventQueue-PipelineActionsForPipelineActionHandler] ERROR pipeline.PipelineActionHandler (PipelineActionHandler.java:onMessage(60)) - Received pipeline action CLOSE for Pipeline[ Id: 297f27b4-88a4-4c33-ba42-3233b5392349, Nodes: e8c1cc56-fd3a-4c1f-a15b-7334942b67be{ip: 192.168.34.56, host: pr-hdds-2111-hlhfn-3535364396, networkLocation: /default-rack, certSerialId: null}e9384e49-5c15-4fe8-918f-d27f1539ccef{ip: 192.168.34.56, host: pr-hdds-2111-hlhfn-3535364396, networkLocation: /default-rack, certSerialId: null}d6e5a99c-4067-45a5-9f51-68f82ac62b1e{ip: 192.168.34.56, host: pr-hdds-2111-hlhfn-3535364396, networkLocation: /default-rack, certSerialId: null}, Type:RATIS, Factor:THREE, State:CLOSED] from datanode e9384e49-5c15-4fe8-918f-d27f1539ccef{ip: 192.168.34.56, host: pr-hdds-2111-hlhfn-3535364396, networkLocation: /default-rack, certSerialId: null}. Reason : WriteLog:11: (t:1, i:11), STATEMACHINELOGENTRY, client-48CB266057AC, cid=32-writeStateMachineData interrupted.
2019-09-16 18:49:31,012 [EventQueue-PipelineActionsForPipelineActionHandler] INFO  pipeline.SCMPipelineManager (SCMPipelineManager.java:finalizeAndDestroyPipeline(311)) - destroying pipeline:Pipeline[ Id: 297f27b4-88a4-4c33-ba42-3233b5392349, Nodes: e8c1cc56-fd3a-4c1f-a15b-7334942b67be{ip: 192.168.34.56, host: pr-hdds-2111-hlhfn-3535364396, networkLocation: /default-rack, certSerialId: null}e9384e49-5c15-4fe8-918f-d27f1539ccef{ip: 192.168.34.56, host: pr-hdds-2111-hlhfn-3535364396, networkLocation: /default-rack, certSerialId: null}d6e5a99c-4067-45a5-9f51-68f82ac62b1e{ip: 192.168.34.56, host: pr-hdds-2111-hlhfn-3535364396, networkLocation: /default-rack, certSerialId: null}, Type:RATIS, Factor:THREE, State:CLOSED]
2019-09-16 18:49:31,015 [grpc-default-executor-7] INFO  interfaces.Container (KeyValueContainer.java:flushAndSyncDB(386)) - Container 3 is synced with bcsId 6.
2019-09-16 18:49:31,015 [grpc-default-executor-7] INFO  interfaces.Container (KeyValueContainer.java:flushAndSyncDB(386)) - Container 3 is synced with bcsId 6.
2019-09-16 18:49:31,055 [grpc-default-executor-7] INFO  interfaces.Container (KeyValueContainer.java:flushAndSyncDB(386)) - Container 4 is synced with bcsId 0.
2019-09-16 18:49:31,055 [grpc-default-executor-7] INFO  interfaces.Container (KeyValueContainer.java:flushAndSyncDB(386)) - Container 4 is synced with bcsId 0.
2019-09-16 18:49:31,062 [grpc-default-executor-7] INFO  impl.RaftServerProxy (RaftServerProxy.java:remove(95)) - d6e5a99c-4067-45a5-9f51-68f82ac62b1e: remove  FOLLOWER d6e5a99c-4067-45a5-9f51-68f82ac62b1e@group-3233B5392349:t1, leader=e9384e49-5c15-4fe8-918f-d27f1539ccef, voted=e9384e49-5c15-4fe8-918f-d27f1539ccef, raftlog=d6e5a99c-4067-45a5-9f51-68f82ac62b1e@group-3233B5392349-SegmentedRaftLog:OPENED:c10,f10,i14, conf=0: [e9384e49-5c15-4fe8-918f-d27f1539ccef:192.168.34.56:34651, d6e5a99c-4067-45a5-9f51-68f82ac62b1e:192.168.34.56:43919, e8c1cc56-fd3a-4c1f-a15b-7334942b67be:192.168.34.56:38681], old=null RUNNING
2019-09-16 18:49:31,063 [grpc-default-executor-7] INFO  impl.RaftServerImpl (RaftServerImpl.java:lambda$shutdown$3(251)) - d6e5a99c-4067-45a5-9f51-68f82ac62b1e@group-3233B5392349: shutdown
2019-09-16 18:49:31,063 [grpc-default-executor-7] INFO  util.JmxRegister (JmxRegister.java:unregister(73)) - Successfully un-registered JMX Bean with object name Ratis:service=RaftServer,group=group-3233B5392349,id=d6e5a99c-4067-45a5-9f51-68f82ac62b1e
2019-09-16 18:49:31,063 [grpc-default-executor-7] INFO  impl.RoleInfo (RoleInfo.java:shutdownFollowerState(121)) - d6e5a99c-4067-45a5-9f51-68f82ac62b1e: shutdown FollowerState
2019-09-16 18:49:31,063 [grpc-default-executor-7] INFO  impl.StateMachineUpdater (StateMachineUpdater.java:stopAndJoin(125)) - d6e5a99c-4067-45a5-9f51-68f82ac62b1e@group-3233B5392349-StateMachineUpdater: set stopIndex = 10
2019-09-16 18:49:31,063 [d6e5a99c-4067-45a5-9f51-68f82ac62b1e@group-3233B5392349-StateMachineUpdater] INFO  ratis.ContainerStateMachine (ContainerStateMachine.java:takeSnapshot(289)) - group-3233B5392349: Taking a snapshot at:(t:1, i:6) file /workdir/hadoop-ozone/integration-test/target/test-dir/MiniOzoneClusterImpl-d4df22cc-0c2d-486e-a6a7-bea08512b785/datanode-5/data/ratis/297f27b4-88a4-4c33-ba42-3233b5392349/sm/snapshot.1_6
2019-09-16 18:49:31,063 [Thread-326] INFO  impl.FollowerState (FollowerState.java:run(115)) - d6e5a99c-4067-45a5-9f51-68f82ac62b1e: FollowerState was interrupted: java.lang.InterruptedException: sleep interrupted
2019-09-16 18:49:31,075 [d6e5a99c-4067-45a5-9f51-68f82ac62b1e@group-3233B5392349-StateMachineUpdater] INFO  ratis.ContainerStateMachine (ContainerStateMachine.java:takeSnapshot(300)) - group-3233B5392349: Finished taking a snapshot at:(t:1, i:6) file:/workdir/hadoop-ozone/integration-test/target/test-dir/MiniOzoneClusterImpl-d4df22cc-0c2d-486e-a6a7-bea08512b785/datanode-5/data/ratis/297f27b4-88a4-4c33-ba42-3233b5392349/sm/snapshot.1_6 time:11
2019-09-16 18:49:31,075 [d6e5a99c-4067-45a5-9f51-68f82ac62b1e@group-3233B5392349-StateMachineUpdater] INFO  impl.StateMachineUpdater (StateMachineUpdater.java:takeSnapshot(258)) - d6e5a99c-4067-45a5-9f51-68f82ac62b1e@group-3233B5392349-StateMachineUpdater: Took a snapshot at index 6
2019-09-16 18:49:31,075 [d6e5a99c-4067-45a5-9f51-68f82ac62b1e@group-3233B5392349-StateMachineUpdater] INFO  impl.StateMachineUpdater (StateMachineUpdater.java:lambda$new$0(83)) - d6e5a99c-4067-45a5-9f51-68f82ac62b1e@group-3233B5392349-StateMachineUpdater: snapshotIndex: updateIncreasingly -1 -> 6
2019-09-16 18:49:31,075 [d6e5a99c-4067-45a5-9f51-68f82ac62b1e@group-3233B5392349-StateMachineUpdater] INFO  ratis.ContainerStateMachine (ContainerStateMachine.java:takeSnapshot(289)) - group-3233B5392349: Taking a snapshot at:(t:1, i:6) file /workdir/hadoop-ozone/integration-test/target/test-dir/MiniOzoneClusterImpl-d4df22cc-0c2d-486e-a6a7-bea08512b785/datanode-5/data/ratis/297f27b4-88a4-4c33-ba42-3233b5392349/sm/snapshot.1_6
2019-09-16 18:49:31,088 [d6e5a99c-4067-45a5-9f51-68f82ac62b1e@group-3233B5392349-StateMachineUpdater] INFO  ratis.ContainerStateMachine (ContainerStateMachine.java:takeSnapshot(300)) - group-3233B5392349: Finished taking a snapshot at:(t:1, i:6) file:/workdir/hadoop-ozone/integration-test/target/test-dir/MiniOzoneClusterImpl-d4df22cc-0c2d-486e-a6a7-bea08512b785/datanode-5/data/ratis/297f27b4-88a4-4c33-ba42-3233b5392349/sm/snapshot.1_6 time:12
2019-09-16 18:49:31,088 [d6e5a99c-4067-45a5-9f51-68f82ac62b1e@group-3233B5392349-StateMachineUpdater] INFO  impl.StateMachineUpdater (StateMachineUpdater.java:takeSnapshot(258)) - d6e5a99c-4067-45a5-9f51-68f82ac62b1e@group-3233B5392349-StateMachineUpdater: Took a snapshot at index 6
2019-09-16 18:49:31,088 [d6e5a99c-4067-45a5-9f51-68f82ac62b1e@group-3233B5392349-StateMachineUpdater] INFO  impl.StateMachineUpdater (StateMachineUpdater.java:lambda$new$0(83)) - d6e5a99c-4067-45a5-9f51-68f82ac62b1e@group-3233B5392349-StateMachineUpdater: snapshotIndex: updateIncreasingly 6 -> 6
2019-09-16 18:49:31,088 [grpc-default-executor-7] INFO  impl.RaftServerImpl (ServerState.java:close(385)) - d6e5a99c-4067-45a5-9f51-68f82ac62b1e@group-3233B5392349: closes. applyIndex: 10
2019-09-16 18:49:31,091 [d6e5a99c-4067-45a5-9f51-68f82ac62b1e@group-3233B5392349-SegmentedRaftLogWorker] ERROR ratis.XceiverServerRatis (XceiverServerRatis.java:triggerPipelineClose(568)) - pipeline Action CLOSE  on pipeline PipelineID=297f27b4-88a4-4c33-ba42-3233b5392349.Reason : WriteLog:11: (t:1, i:11), STATEMACHINELOGENTRY, client-48CB266057AC, cid=32-writeStateMachineData interrupted.
2019-09-16 18:49:31,094 [grpc-default-executor-7] INFO  segmented.SegmentedRaftLogWorker (SegmentedRaftLogWorker.java:close(228)) - d6e5a99c-4067-45a5-9f51-68f82ac62b1e@group-3233B5392349-SegmentedRaftLogWorker close()
2019-09-16 18:49:31,098 [EventQueue-PipelineActionsForPipelineActionHandler] ERROR pipeline.PipelineActionHandler (PipelineActionHandler.java:onMessage(60)) - Received pipeline action CLOSE for Pipeline[ Id: 297f27b4-88a4-4c33-ba42-3233b5392349, Nodes: e8c1cc56-fd3a-4c1f-a15b-7334942b67be{ip: 192.168.34.56, host: pr-hdds-2111-hlhfn-3535364396, networkLocation: /default-rack, certSerialId: null}e9384e49-5c15-4fe8-918f-d27f1539ccef{ip: 192.168.34.56, host: pr-hdds-2111-hlhfn-3535364396, networkLocation: /default-rack, certSerialId: null}d6e5a99c-4067-45a5-9f51-68f82ac62b1e{ip: 192.168.34.56, host: pr-hdds-2111-hlhfn-3535364396, networkLocation: /default-rack, certSerialId: null}, Type:RATIS, Factor:THREE, State:CLOSED] from datanode d6e5a99c-4067-45a5-9f51-68f82ac62b1e{ip: 192.168.34.56, host: pr-hdds-2111-hlhfn-3535364396, networkLocation: /default-rack, certSerialId: null}. Reason : WriteLog:11: (t:1, i:11), STATEMACHINELOGENTRY, client-48CB266057AC, cid=32-writeStateMachineData interrupted.
2019-09-16 18:49:31,098 [EventQueue-PipelineActionsForPipelineActionHandler] INFO  pipeline.SCMPipelineManager (SCMPipelineManager.java:finalizeAndDestroyPipeline(311)) - destroying pipeline:Pipeline[ Id: 297f27b4-88a4-4c33-ba42-3233b5392349, Nodes: e8c1cc56-fd3a-4c1f-a15b-7334942b67be{ip: 192.168.34.56, host: pr-hdds-2111-hlhfn-3535364396, networkLocation: /default-rack, certSerialId: null}e9384e49-5c15-4fe8-918f-d27f1539ccef{ip: 192.168.34.56, host: pr-hdds-2111-hlhfn-3535364396, networkLocation: /default-rack, certSerialId: null}d6e5a99c-4067-45a5-9f51-68f82ac62b1e{ip: 192.168.34.56, host: pr-hdds-2111-hlhfn-3535364396, networkLocation: /default-rack, certSerialId: null}, Type:RATIS, Factor:THREE, State:CLOSED]
2019-09-16 18:49:31,109 [grpc-default-executor-7] INFO  interfaces.Container (KeyValueContainer.java:flushAndSyncDB(386)) - Container 3 is synced with bcsId 6.
2019-09-16 18:49:31,109 [grpc-default-executor-7] INFO  interfaces.Container (KeyValueContainer.java:flushAndSyncDB(386)) - Container 3 is synced with bcsId 6.
2019-09-16 18:49:31,149 [grpc-default-executor-7] INFO  interfaces.Container (KeyValueContainer.java:flushAndSyncDB(386)) - Container 4 is synced with bcsId 0.
2019-09-16 18:49:31,149 [grpc-default-executor-7] INFO  interfaces.Container (KeyValueContainer.java:flushAndSyncDB(386)) - Container 4 is synced with bcsId 0.
2019-09-16 18:49:31,163 [RatisPipelineUtilsThread] INFO  pipeline.PipelineStateManager (PipelineStateManager.java:removePipeline(108)) - Pipeline Pipeline[ Id: 297f27b4-88a4-4c33-ba42-3233b5392349, Nodes: e8c1cc56-fd3a-4c1f-a15b-7334942b67be{ip: 192.168.34.56, host: pr-hdds-2111-hlhfn-3535364396, networkLocation: /default-rack, certSerialId: null}e9384e49-5c15-4fe8-918f-d27f1539ccef{ip: 192.168.34.56, host: pr-hdds-2111-hlhfn-3535364396, networkLocation: /default-rack, certSerialId: null}d6e5a99c-4067-45a5-9f51-68f82ac62b1e{ip: 192.168.34.56, host: pr-hdds-2111-hlhfn-3535364396, networkLocation: /default-rack, certSerialId: null}, Type:RATIS, Factor:THREE, State:CLOSED] removed from db
2019-09-16 18:49:31,296 [main] WARN  io.KeyOutputStream (KeyOutputStream.java:handleException(276)) - Encountered exception java.io.IOException: Unexpected Storage Container Exception: java.util.concurrent.CompletionException: java.util.concurrent.CompletionException: org.apache.ratis.protocol.GroupMismatchException: e8c1cc56-fd3a-4c1f-a15b-7334942b67be: group-3233B5392349 not found. on the pipeline Pipeline[ Id: 297f27b4-88a4-4c33-ba42-3233b5392349, Nodes: e8c1cc56-fd3a-4c1f-a15b-7334942b67be{ip: 192.168.34.56, host: pr-hdds-2111-hlhfn-3535364396, networkLocation: /default-rack, certSerialId: null}e9384e49-5c15-4fe8-918f-d27f1539ccef{ip: 192.168.34.56, host: pr-hdds-2111-hlhfn-3535364396, networkLocation: /default-rack, certSerialId: null}d6e5a99c-4067-45a5-9f51-68f82ac62b1e{ip: 192.168.34.56, host: pr-hdds-2111-hlhfn-3535364396, networkLocation: /default-rack, certSerialId: null}, Type:RATIS, Factor:THREE, State:OPEN]. The last committed block length is 0, uncommitted data length is 150 retry count 0
2019-09-16 18:49:31,339 [grpc-default-executor-7] INFO  client.GrpcClientProtocolClient (GrpcClientProtocolClient.java:onNext(264)) - client-1A67462B90E7->e8c1cc56-fd3a-4c1f-a15b-7334942b67be: receive RaftClientReply:client-1A67462B90E7->e8c1cc56-fd3a-4c1f-a15b-7334942b67be@group-49CA373404FE, cid=128, FAILED org.apache.ratis.protocol.NotLeaderException: Server e8c1cc56-fd3a-4c1f-a15b-7334942b67be@group-49CA373404FE is not the leader d6e5a99c-4067-45a5-9f51-68f82ac62b1e:192.168.34.56:43919, logIndex=0, commits[e8c1cc56-fd3a-4c1f-a15b-7334942b67be:c0, e9384e49-5c15-4fe8-918f-d27f1539ccef:c0, d6e5a99c-4067-45a5-9f51-68f82ac62b1e:c0]
2019-09-16 18:49:31,505 [grpc-default-executor-7] INFO  client.GrpcClientProtocolClient (GrpcClientProtocolClient.java:onNext(264)) - client-1A67462B90E7->d6e5a99c-4067-45a5-9f51-68f82ac62b1e: receive RaftClientReply:client-1A67462B90E7->d6e5a99c-4067-45a5-9f51-68f82ac62b1e@group-49CA373404FE, cid=128, SUCCESS, logIndex=1, commits[d6e5a99c-4067-45a5-9f51-68f82ac62b1e:c1, e9384e49-5c15-4fe8-918f-d27f1539ccef:c0, e8c1cc56-fd3a-4c1f-a15b-7334942b67be:c0]
2019-09-16 18:49:31,517 [grpc-default-executor-6] INFO  client.GrpcClientProtocolClient (GrpcClientProtocolClient.java:onNext(264)) - client-1A67462B90E7->d6e5a99c-4067-45a5-9f51-68f82ac62b1e: receive RaftClientReply:client-1A67462B90E7->d6e5a99c-4067-45a5-9f51-68f82ac62b1e@group-49CA373404FE, cid=129, SUCCESS, logIndex=3, commits[d6e5a99c-4067-45a5-9f51-68f82ac62b1e:c4, e9384e49-5c15-4fe8-918f-d27f1539ccef:c1, e8c1cc56-fd3a-4c1f-a15b-7334942b67be:c1]
2019-09-16 18:49:31,571 [grpc-default-executor-6] INFO  client.GrpcClientProtocolClient (GrpcClientProtocolClient.java:onNext(264)) - client-1A67462B90E7->d6e5a99c-4067-45a5-9f51-68f82ac62b1e: receive RaftClientReply:client-1A67462B90E7->d6e5a99c-4067-45a5-9f51-68f82ac62b1e@group-49CA373404FE, cid=130, SUCCESS, logIndex=4, commits[d6e5a99c-4067-45a5-9f51-68f82ac62b1e:c6, e9384e49-5c15-4fe8-918f-d27f1539ccef:c4, e8c1cc56-fd3a-4c1f-a15b-7334942b67be:c4]
]]></system-out>
  </testcase>
  <testcase name="testFullBufferCondition" classname="org.apache.hadoop.ozone.client.rpc.TestBlockOutputStream" time="0.4"/>
  <testcase name="testBufferCaching" classname="org.apache.hadoop.ozone.client.rpc.TestBlockOutputStream" time="0.234"/>
  <testcase name="testWriteWithExceedingMaxBufferLimit" classname="org.apache.hadoop.ozone.client.rpc.TestBlockOutputStream" time="186.837">
    <failure message="expected:&lt;21&gt; but was:&lt;25&gt;" type="java.lang.AssertionError"><![CDATA[java.lang.AssertionError: expected:<21> but was:<25>
	at org.junit.Assert.fail(Assert.java:88)
	at org.junit.Assert.failNotEquals(Assert.java:743)
	at org.junit.Assert.assertEquals(Assert.java:118)
	at org.junit.Assert.assertEquals(Assert.java:555)
	at org.junit.Assert.assertEquals(Assert.java:542)
	at org.apache.hadoop.ozone.client.rpc.TestBlockOutputStream.testWriteWithExceedingMaxBufferLimit(TestBlockOutputStream.java:614)
	at sun.reflect.NativeMethodAccessorImpl.invoke0(Native Method)
	at sun.reflect.NativeMethodAccessorImpl.invoke(NativeMethodAccessorImpl.java:62)
	at sun.reflect.DelegatingMethodAccessorImpl.invoke(DelegatingMethodAccessorImpl.java:43)
	at java.lang.reflect.Method.invoke(Method.java:498)
	at org.junit.runners.model.FrameworkMethod$1.runReflectiveCall(FrameworkMethod.java:47)
	at org.junit.internal.runners.model.ReflectiveCallable.run(ReflectiveCallable.java:12)
	at org.junit.runners.model.FrameworkMethod.invokeExplosively(FrameworkMethod.java:44)
	at org.junit.internal.runners.statements.InvokeMethod.evaluate(InvokeMethod.java:17)
	at org.junit.runners.ParentRunner.runLeaf(ParentRunner.java:271)
	at org.junit.runners.BlockJUnit4ClassRunner.runChild(BlockJUnit4ClassRunner.java:70)
	at org.junit.runners.BlockJUnit4ClassRunner.runChild(BlockJUnit4ClassRunner.java:50)
	at org.junit.runners.ParentRunner$3.run(ParentRunner.java:238)
	at org.junit.runners.ParentRunner$1.schedule(ParentRunner.java:63)
	at org.junit.runners.ParentRunner.runChildren(ParentRunner.java:236)
	at org.junit.runners.ParentRunner.access$000(ParentRunner.java:53)
	at org.junit.runners.ParentRunner$2.evaluate(ParentRunner.java:229)
	at org.junit.internal.runners.statements.RunBefores.evaluate(RunBefores.java:26)
	at org.junit.internal.runners.statements.RunAfters.evaluate(RunAfters.java:27)
	at org.junit.runners.ParentRunner.run(ParentRunner.java:309)
	at org.apache.maven.surefire.junit4.JUnit4Provider.execute(JUnit4Provider.java:365)
	at org.apache.maven.surefire.junit4.JUnit4Provider.executeWithRerun(JUnit4Provider.java:273)
	at org.apache.maven.surefire.junit4.JUnit4Provider.executeTestSet(JUnit4Provider.java:238)
	at org.apache.maven.surefire.junit4.JUnit4Provider.invoke(JUnit4Provider.java:159)
	at org.apache.maven.surefire.booter.ForkedBooter.invokeProviderInSameClassLoader(ForkedBooter.java:384)
	at org.apache.maven.surefire.booter.ForkedBooter.runSuitesInProcess(ForkedBooter.java:345)
	at org.apache.maven.surefire.booter.ForkedBooter.execute(ForkedBooter.java:126)
	at org.apache.maven.surefire.booter.ForkedBooter.main(ForkedBooter.java:418)
]]></failure>
    <system-out><![CDATA[2019-09-16 18:49:33,907 [grpc-default-executor-4] INFO  impl.RaftServerProxy (RaftServerProxy.java:remove(95)) - e8c1cc56-fd3a-4c1f-a15b-7334942b67be: remove group-3233B5392349:null
2019-09-16 18:49:33,909 [RatisPipelineUtilsThread] WARN  pipeline.RatisPipelineUtils (RatisPipelineUtils.java:destroyPipeline(66)) - Pipeline destroy failed for pipeline=PipelineID=297f27b4-88a4-4c33-ba42-3233b5392349 dn=e8c1cc56-fd3a-4c1f-a15b-7334942b67be{ip: 192.168.34.56, host: pr-hdds-2111-hlhfn-3535364396, networkLocation: /default-rack, certSerialId: null}
2019-09-16 18:49:33,911 [grpc-default-executor-4] INFO  impl.RaftServerProxy (RaftServerProxy.java:remove(95)) - e9384e49-5c15-4fe8-918f-d27f1539ccef: remove group-3233B5392349:null
2019-09-16 18:49:33,913 [RatisPipelineUtilsThread] WARN  pipeline.RatisPipelineUtils (RatisPipelineUtils.java:destroyPipeline(66)) - Pipeline destroy failed for pipeline=PipelineID=297f27b4-88a4-4c33-ba42-3233b5392349 dn=e9384e49-5c15-4fe8-918f-d27f1539ccef{ip: 192.168.34.56, host: pr-hdds-2111-hlhfn-3535364396, networkLocation: /default-rack, certSerialId: null}
2019-09-16 18:49:33,915 [grpc-default-executor-4] INFO  impl.RaftServerProxy (RaftServerProxy.java:remove(95)) - d6e5a99c-4067-45a5-9f51-68f82ac62b1e: remove group-3233B5392349:null
2019-09-16 18:49:33,916 [RatisPipelineUtilsThread] WARN  pipeline.RatisPipelineUtils (RatisPipelineUtils.java:destroyPipeline(66)) - Pipeline destroy failed for pipeline=PipelineID=297f27b4-88a4-4c33-ba42-3233b5392349 dn=d6e5a99c-4067-45a5-9f51-68f82ac62b1e{ip: 192.168.34.56, host: pr-hdds-2111-hlhfn-3535364396, networkLocation: /default-rack, certSerialId: null}
2019-09-16 18:49:33,916 [RatisPipelineUtilsThread] ERROR pipeline.SCMPipelineManager (Scheduler.java:lambda$schedule$1(70)) - Destroy pipeline failed for pipeline:Pipeline[ Id: 297f27b4-88a4-4c33-ba42-3233b5392349, Nodes: e8c1cc56-fd3a-4c1f-a15b-7334942b67be{ip: 192.168.34.56, host: pr-hdds-2111-hlhfn-3535364396, networkLocation: /default-rack, certSerialId: null}e9384e49-5c15-4fe8-918f-d27f1539ccef{ip: 192.168.34.56, host: pr-hdds-2111-hlhfn-3535364396, networkLocation: /default-rack, certSerialId: null}d6e5a99c-4067-45a5-9f51-68f82ac62b1e{ip: 192.168.34.56, host: pr-hdds-2111-hlhfn-3535364396, networkLocation: /default-rack, certSerialId: null}, Type:RATIS, Factor:THREE, State:CLOSED]
org.apache.hadoop.hdds.scm.pipeline.PipelineNotFoundException: PipelineID=297f27b4-88a4-4c33-ba42-3233b5392349 not found
	at org.apache.hadoop.hdds.scm.pipeline.PipelineStateMap.getPipeline(PipelineStateMap.java:132)
	at org.apache.hadoop.hdds.scm.pipeline.PipelineStateMap.removePipeline(PipelineStateMap.java:322)
	at org.apache.hadoop.hdds.scm.pipeline.PipelineStateManager.removePipeline(PipelineStateManager.java:107)
	at org.apache.hadoop.hdds.scm.pipeline.SCMPipelineManager.removePipeline(SCMPipelineManager.java:423)
	at org.apache.hadoop.hdds.scm.pipeline.SCMPipelineManager.destroyPipeline(SCMPipelineManager.java:409)
	at org.apache.hadoop.hdds.scm.pipeline.SCMPipelineManager.lambda$finalizeAndDestroyPipeline$0(SCMPipelineManager.java:318)
	at org.apache.hadoop.utils.Scheduler.lambda$schedule$1(Scheduler.java:68)
	at java.util.concurrent.Executors$RunnableAdapter.call(Executors.java:511)
	at java.util.concurrent.FutureTask.run(FutureTask.java:266)
	at java.util.concurrent.ScheduledThreadPoolExecutor$ScheduledFutureTask.access$201(ScheduledThreadPoolExecutor.java:180)
	at java.util.concurrent.ScheduledThreadPoolExecutor$ScheduledFutureTask.run(ScheduledThreadPoolExecutor.java:293)
	at java.util.concurrent.ThreadPoolExecutor.runWorker(ThreadPoolExecutor.java:1149)
	at java.util.concurrent.ThreadPoolExecutor$Worker.run(ThreadPoolExecutor.java:624)
	at java.lang.Thread.run(Thread.java:748)
2019-09-16 18:49:34,931 [grpc-default-executor-4] INFO  impl.RaftServerProxy (RaftServerProxy.java:remove(95)) - e8c1cc56-fd3a-4c1f-a15b-7334942b67be: remove group-3233B5392349:null
2019-09-16 18:49:34,934 [RatisPipelineUtilsThread] WARN  pipeline.RatisPipelineUtils (RatisPipelineUtils.java:destroyPipeline(66)) - Pipeline destroy failed for pipeline=PipelineID=297f27b4-88a4-4c33-ba42-3233b5392349 dn=e8c1cc56-fd3a-4c1f-a15b-7334942b67be{ip: 192.168.34.56, host: pr-hdds-2111-hlhfn-3535364396, networkLocation: /default-rack, certSerialId: null}
2019-09-16 18:49:34,938 [grpc-default-executor-4] INFO  impl.RaftServerProxy (RaftServerProxy.java:remove(95)) - e9384e49-5c15-4fe8-918f-d27f1539ccef: remove group-3233B5392349:null
2019-09-16 18:49:34,940 [RatisPipelineUtilsThread] WARN  pipeline.RatisPipelineUtils (RatisPipelineUtils.java:destroyPipeline(66)) - Pipeline destroy failed for pipeline=PipelineID=297f27b4-88a4-4c33-ba42-3233b5392349 dn=e9384e49-5c15-4fe8-918f-d27f1539ccef{ip: 192.168.34.56, host: pr-hdds-2111-hlhfn-3535364396, networkLocation: /default-rack, certSerialId: null}
2019-09-16 18:49:34,943 [grpc-default-executor-4] INFO  impl.RaftServerProxy (RaftServerProxy.java:remove(95)) - d6e5a99c-4067-45a5-9f51-68f82ac62b1e: remove group-3233B5392349:null
2019-09-16 18:49:34,945 [RatisPipelineUtilsThread] WARN  pipeline.RatisPipelineUtils (RatisPipelineUtils.java:destroyPipeline(66)) - Pipeline destroy failed for pipeline=PipelineID=297f27b4-88a4-4c33-ba42-3233b5392349 dn=d6e5a99c-4067-45a5-9f51-68f82ac62b1e{ip: 192.168.34.56, host: pr-hdds-2111-hlhfn-3535364396, networkLocation: /default-rack, certSerialId: null}
2019-09-16 18:49:34,945 [RatisPipelineUtilsThread] ERROR pipeline.SCMPipelineManager (Scheduler.java:lambda$schedule$1(70)) - Destroy pipeline failed for pipeline:Pipeline[ Id: 297f27b4-88a4-4c33-ba42-3233b5392349, Nodes: e8c1cc56-fd3a-4c1f-a15b-7334942b67be{ip: 192.168.34.56, host: pr-hdds-2111-hlhfn-3535364396, networkLocation: /default-rack, certSerialId: null}e9384e49-5c15-4fe8-918f-d27f1539ccef{ip: 192.168.34.56, host: pr-hdds-2111-hlhfn-3535364396, networkLocation: /default-rack, certSerialId: null}d6e5a99c-4067-45a5-9f51-68f82ac62b1e{ip: 192.168.34.56, host: pr-hdds-2111-hlhfn-3535364396, networkLocation: /default-rack, certSerialId: null}, Type:RATIS, Factor:THREE, State:CLOSED]
org.apache.hadoop.hdds.scm.pipeline.PipelineNotFoundException: PipelineID=297f27b4-88a4-4c33-ba42-3233b5392349 not found
	at org.apache.hadoop.hdds.scm.pipeline.PipelineStateMap.getPipeline(PipelineStateMap.java:132)
	at org.apache.hadoop.hdds.scm.pipeline.PipelineStateMap.removePipeline(PipelineStateMap.java:322)
	at org.apache.hadoop.hdds.scm.pipeline.PipelineStateManager.removePipeline(PipelineStateManager.java:107)
	at org.apache.hadoop.hdds.scm.pipeline.SCMPipelineManager.removePipeline(SCMPipelineManager.java:423)
	at org.apache.hadoop.hdds.scm.pipeline.SCMPipelineManager.destroyPipeline(SCMPipelineManager.java:409)
	at org.apache.hadoop.hdds.scm.pipeline.SCMPipelineManager.lambda$finalizeAndDestroyPipeline$0(SCMPipelineManager.java:318)
	at org.apache.hadoop.utils.Scheduler.lambda$schedule$1(Scheduler.java:68)
	at java.util.concurrent.Executors$RunnableAdapter.call(Executors.java:511)
	at java.util.concurrent.FutureTask.run(FutureTask.java:266)
	at java.util.concurrent.ScheduledThreadPoolExecutor$ScheduledFutureTask.access$201(ScheduledThreadPoolExecutor.java:180)
	at java.util.concurrent.ScheduledThreadPoolExecutor$ScheduledFutureTask.run(ScheduledThreadPoolExecutor.java:293)
	at java.util.concurrent.ThreadPoolExecutor.runWorker(ThreadPoolExecutor.java:1149)
	at java.util.concurrent.ThreadPoolExecutor$Worker.run(ThreadPoolExecutor.java:624)
	at java.lang.Thread.run(Thread.java:748)
2019-09-16 18:49:35,217 [java.util.concurrent.ThreadPoolExecutor$Worker@45f38be8[State = -1, empty queue]] WARN  server.GrpcLogAppender (GrpcLogAppender.java:timeoutAppendRequest(200)) - bee99600-be87-4e2f-bca1-493826cfa9f4@group-4078FEE62CC7->6b668dd7-26f3-4a2a-98d6-977366dc8866-GrpcLogAppender: appendEntries Timeout, request=bee99600-be87-4e2f-bca1-493826cfa9f4->6b668dd7-26f3-4a2a-98d6-977366dc8866#89-t1, previous=(t:1, i:15), leaderCommit=15, initializing? false, entries: size=1, first=(t:1, i:16), STATEMACHINELOGENTRY, client-A24F84BEFB32, cid=139
2019-09-16 18:49:35,217 [java.util.concurrent.ThreadPoolExecutor$Worker@3bba45ce[State = -1, empty queue]] WARN  server.GrpcLogAppender (GrpcLogAppender.java:timeoutAppendRequest(200)) - bee99600-be87-4e2f-bca1-493826cfa9f4@group-4078FEE62CC7->e23021be-5025-43ec-901b-8f315bf6442a-GrpcLogAppender: appendEntries Timeout, request=bee99600-be87-4e2f-bca1-493826cfa9f4->e23021be-5025-43ec-901b-8f315bf6442a#89-t1, previous=(t:1, i:15), leaderCommit=15, initializing? false, entries: size=1, first=(t:1, i:16), STATEMACHINELOGENTRY, client-A24F84BEFB32, cid=139
2019-09-16 18:49:35,218 [java.util.concurrent.ThreadPoolExecutor$Worker@3bba45ce[State = -1, empty queue]] WARN  server.GrpcLogAppender (GrpcLogAppender.java:timeoutAppendRequest(200)) - bee99600-be87-4e2f-bca1-493826cfa9f4@group-4078FEE62CC7->e23021be-5025-43ec-901b-8f315bf6442a-GrpcLogAppender: appendEntries Timeout, request=bee99600-be87-4e2f-bca1-493826cfa9f4->e23021be-5025-43ec-901b-8f315bf6442a#90-t1, previous=(t:1, i:16), leaderCommit=15, initializing? false, entries: size=1, first=(t:1, i:17), STATEMACHINELOGENTRY, client-A24F84BEFB32, cid=140
2019-09-16 18:49:35,218 [java.util.concurrent.ThreadPoolExecutor$Worker@45f38be8[State = -1, empty queue]] WARN  server.GrpcLogAppender (GrpcLogAppender.java:timeoutAppendRequest(200)) - bee99600-be87-4e2f-bca1-493826cfa9f4@group-4078FEE62CC7->6b668dd7-26f3-4a2a-98d6-977366dc8866-GrpcLogAppender: appendEntries Timeout, request=bee99600-be87-4e2f-bca1-493826cfa9f4->6b668dd7-26f3-4a2a-98d6-977366dc8866#90-t1, previous=(t:1, i:16), leaderCommit=15, initializing? false, entries: size=1, first=(t:1, i:17), STATEMACHINELOGENTRY, client-A24F84BEFB32, cid=140
2019-09-16 18:49:35,218 [java.util.concurrent.ThreadPoolExecutor$Worker@3bba45ce[State = -1, empty queue]] WARN  server.GrpcLogAppender (GrpcLogAppender.java:timeoutAppendRequest(200)) - bee99600-be87-4e2f-bca1-493826cfa9f4@group-4078FEE62CC7->e23021be-5025-43ec-901b-8f315bf6442a-GrpcLogAppender: appendEntries Timeout, request=bee99600-be87-4e2f-bca1-493826cfa9f4->e23021be-5025-43ec-901b-8f315bf6442a#91-t1, previous=(t:1, i:17), leaderCommit=15, initializing? false, entries: size=1, first=(t:1, i:18), STATEMACHINELOGENTRY, client-A24F84BEFB32, cid=141
2019-09-16 18:49:35,219 [java.util.concurrent.ThreadPoolExecutor$Worker@45f38be8[State = -1, empty queue]] WARN  server.GrpcLogAppender (GrpcLogAppender.java:timeoutAppendRequest(200)) - bee99600-be87-4e2f-bca1-493826cfa9f4@group-4078FEE62CC7->6b668dd7-26f3-4a2a-98d6-977366dc8866-GrpcLogAppender: appendEntries Timeout, request=bee99600-be87-4e2f-bca1-493826cfa9f4->6b668dd7-26f3-4a2a-98d6-977366dc8866#91-t1, previous=(t:1, i:17), leaderCommit=15, initializing? false, entries: size=1, first=(t:1, i:18), STATEMACHINELOGENTRY, client-A24F84BEFB32, cid=141
2019-09-16 18:49:35,220 [java.util.concurrent.ThreadPoolExecutor$Worker@3bba45ce[State = -1, empty queue]] WARN  server.GrpcLogAppender (GrpcLogAppender.java:timeoutAppendRequest(200)) - bee99600-be87-4e2f-bca1-493826cfa9f4@group-4078FEE62CC7->e23021be-5025-43ec-901b-8f315bf6442a-GrpcLogAppender: appendEntries Timeout, request=bee99600-be87-4e2f-bca1-493826cfa9f4->e23021be-5025-43ec-901b-8f315bf6442a#92-t1, previous=(t:1, i:18), leaderCommit=15, initializing? false, entries: size=1, first=(t:1, i:19), STATEMACHINELOGENTRY, client-A24F84BEFB32, cid=142
2019-09-16 18:49:35,220 [java.util.concurrent.ThreadPoolExecutor$Worker@45f38be8[State = -1, empty queue]] WARN  server.GrpcLogAppender (GrpcLogAppender.java:timeoutAppendRequest(200)) - bee99600-be87-4e2f-bca1-493826cfa9f4@group-4078FEE62CC7->6b668dd7-26f3-4a2a-98d6-977366dc8866-GrpcLogAppender: appendEntries Timeout, request=bee99600-be87-4e2f-bca1-493826cfa9f4->6b668dd7-26f3-4a2a-98d6-977366dc8866#92-t1, previous=(t:1, i:18), leaderCommit=15, initializing? false, entries: size=1, first=(t:1, i:19), STATEMACHINELOGENTRY, client-A24F84BEFB32, cid=142
2019-09-16 18:49:35,220 [java.util.concurrent.ThreadPoolExecutor$Worker@3bba45ce[State = -1, empty queue]] WARN  server.GrpcLogAppender (GrpcLogAppender.java:timeoutAppendRequest(200)) - bee99600-be87-4e2f-bca1-493826cfa9f4@group-4078FEE62CC7->e23021be-5025-43ec-901b-8f315bf6442a-GrpcLogAppender: appendEntries Timeout, request=bee99600-be87-4e2f-bca1-493826cfa9f4->e23021be-5025-43ec-901b-8f315bf6442a#93-t1, previous=(t:1, i:19), leaderCommit=15, initializing? false, entries: size=1, first=(t:1, i:20), STATEMACHINELOGENTRY, client-A24F84BEFB32, cid=143
2019-09-16 18:49:35,220 [java.util.concurrent.ThreadPoolExecutor$Worker@45f38be8[State = -1, empty queue]] WARN  server.GrpcLogAppender (GrpcLogAppender.java:timeoutAppendRequest(200)) - bee99600-be87-4e2f-bca1-493826cfa9f4@group-4078FEE62CC7->6b668dd7-26f3-4a2a-98d6-977366dc8866-GrpcLogAppender: appendEntries Timeout, request=bee99600-be87-4e2f-bca1-493826cfa9f4->6b668dd7-26f3-4a2a-98d6-977366dc8866#93-t1, previous=(t:1, i:19), leaderCommit=15, initializing? false, entries: size=1, first=(t:1, i:20), STATEMACHINELOGENTRY, client-A24F84BEFB32, cid=143
2019-09-16 18:49:35,221 [java.util.concurrent.ThreadPoolExecutor$Worker@3bba45ce[State = -1, empty queue]] WARN  server.GrpcLogAppender (GrpcLogAppender.java:timeoutAppendRequest(200)) - bee99600-be87-4e2f-bca1-493826cfa9f4@group-4078FEE62CC7->e23021be-5025-43ec-901b-8f315bf6442a-GrpcLogAppender: appendEntries Timeout, request=bee99600-be87-4e2f-bca1-493826cfa9f4->e23021be-5025-43ec-901b-8f315bf6442a#94-t1, previous=(t:1, i:20), leaderCommit=15, initializing? false, entries: size=1, first=(t:1, i:21), STATEMACHINELOGENTRY, client-A24F84BEFB32, cid=144
2019-09-16 18:49:35,221 [java.util.concurrent.ThreadPoolExecutor$Worker@45f38be8[State = -1, empty queue]] WARN  server.GrpcLogAppender (GrpcLogAppender.java:timeoutAppendRequest(200)) - bee99600-be87-4e2f-bca1-493826cfa9f4@group-4078FEE62CC7->6b668dd7-26f3-4a2a-98d6-977366dc8866-GrpcLogAppender: appendEntries Timeout, request=bee99600-be87-4e2f-bca1-493826cfa9f4->6b668dd7-26f3-4a2a-98d6-977366dc8866#94-t1, previous=(t:1, i:20), leaderCommit=15, initializing? false, entries: size=1, first=(t:1, i:21), STATEMACHINELOGENTRY, client-A24F84BEFB32, cid=144
2019-09-16 18:49:36,927 [grpc-default-executor-7] INFO  impl.RaftServerProxy (RaftServerProxy.java:remove(95)) - e8c1cc56-fd3a-4c1f-a15b-7334942b67be: remove group-3233B5392349:null
2019-09-16 18:49:36,929 [RatisPipelineUtilsThread] WARN  pipeline.RatisPipelineUtils (RatisPipelineUtils.java:destroyPipeline(66)) - Pipeline destroy failed for pipeline=PipelineID=297f27b4-88a4-4c33-ba42-3233b5392349 dn=e8c1cc56-fd3a-4c1f-a15b-7334942b67be{ip: 192.168.34.56, host: pr-hdds-2111-hlhfn-3535364396, networkLocation: /default-rack, certSerialId: null}
2019-09-16 18:49:36,932 [grpc-default-executor-7] INFO  impl.RaftServerProxy (RaftServerProxy.java:remove(95)) - e9384e49-5c15-4fe8-918f-d27f1539ccef: remove group-3233B5392349:null
2019-09-16 18:49:36,934 [RatisPipelineUtilsThread] WARN  pipeline.RatisPipelineUtils (RatisPipelineUtils.java:destroyPipeline(66)) - Pipeline destroy failed for pipeline=PipelineID=297f27b4-88a4-4c33-ba42-3233b5392349 dn=e9384e49-5c15-4fe8-918f-d27f1539ccef{ip: 192.168.34.56, host: pr-hdds-2111-hlhfn-3535364396, networkLocation: /default-rack, certSerialId: null}
2019-09-16 18:49:36,936 [grpc-default-executor-7] INFO  impl.RaftServerProxy (RaftServerProxy.java:remove(95)) - d6e5a99c-4067-45a5-9f51-68f82ac62b1e: remove group-3233B5392349:null
2019-09-16 18:49:36,938 [RatisPipelineUtilsThread] WARN  pipeline.RatisPipelineUtils (RatisPipelineUtils.java:destroyPipeline(66)) - Pipeline destroy failed for pipeline=PipelineID=297f27b4-88a4-4c33-ba42-3233b5392349 dn=d6e5a99c-4067-45a5-9f51-68f82ac62b1e{ip: 192.168.34.56, host: pr-hdds-2111-hlhfn-3535364396, networkLocation: /default-rack, certSerialId: null}
2019-09-16 18:49:36,938 [RatisPipelineUtilsThread] ERROR pipeline.SCMPipelineManager (Scheduler.java:lambda$schedule$1(70)) - Destroy pipeline failed for pipeline:Pipeline[ Id: 297f27b4-88a4-4c33-ba42-3233b5392349, Nodes: e8c1cc56-fd3a-4c1f-a15b-7334942b67be{ip: 192.168.34.56, host: pr-hdds-2111-hlhfn-3535364396, networkLocation: /default-rack, certSerialId: null}e9384e49-5c15-4fe8-918f-d27f1539ccef{ip: 192.168.34.56, host: pr-hdds-2111-hlhfn-3535364396, networkLocation: /default-rack, certSerialId: null}d6e5a99c-4067-45a5-9f51-68f82ac62b1e{ip: 192.168.34.56, host: pr-hdds-2111-hlhfn-3535364396, networkLocation: /default-rack, certSerialId: null}, Type:RATIS, Factor:THREE, State:CLOSED]
org.apache.hadoop.hdds.scm.pipeline.PipelineNotFoundException: PipelineID=297f27b4-88a4-4c33-ba42-3233b5392349 not found
	at org.apache.hadoop.hdds.scm.pipeline.PipelineStateMap.getPipeline(PipelineStateMap.java:132)
	at org.apache.hadoop.hdds.scm.pipeline.PipelineStateMap.removePipeline(PipelineStateMap.java:322)
	at org.apache.hadoop.hdds.scm.pipeline.PipelineStateManager.removePipeline(PipelineStateManager.java:107)
	at org.apache.hadoop.hdds.scm.pipeline.SCMPipelineManager.removePipeline(SCMPipelineManager.java:423)
	at org.apache.hadoop.hdds.scm.pipeline.SCMPipelineManager.destroyPipeline(SCMPipelineManager.java:409)
	at org.apache.hadoop.hdds.scm.pipeline.SCMPipelineManager.lambda$finalizeAndDestroyPipeline$0(SCMPipelineManager.java:318)
	at org.apache.hadoop.utils.Scheduler.lambda$schedule$1(Scheduler.java:68)
	at java.util.concurrent.Executors$RunnableAdapter.call(Executors.java:511)
	at java.util.concurrent.FutureTask.run(FutureTask.java:266)
	at java.util.concurrent.ScheduledThreadPoolExecutor$ScheduledFutureTask.access$201(ScheduledThreadPoolExecutor.java:180)
	at java.util.concurrent.ScheduledThreadPoolExecutor$ScheduledFutureTask.run(ScheduledThreadPoolExecutor.java:293)
	at java.util.concurrent.ThreadPoolExecutor.runWorker(ThreadPoolExecutor.java:1149)
	at java.util.concurrent.ThreadPoolExecutor$Worker.run(ThreadPoolExecutor.java:624)
	at java.lang.Thread.run(Thread.java:748)
2019-09-16 18:49:37,241 [grpc-default-executor-7] INFO  client.GrpcClientProtocolClient (GrpcClientProtocolClient.java:onNext(264)) - client-A24F84BEFB32->e23021be-5025-43ec-901b-8f315bf6442a: receive RaftClientReply:client-A24F84BEFB32->e23021be-5025-43ec-901b-8f315bf6442a@group-4078FEE62CC7, cid=139, FAILED org.apache.ratis.protocol.NotLeaderException: Server e23021be-5025-43ec-901b-8f315bf6442a@group-4078FEE62CC7 is not the leader bee99600-be87-4e2f-bca1-493826cfa9f4:192.168.34.56:42923, logIndex=0, commits[e23021be-5025-43ec-901b-8f315bf6442a:c15, 6b668dd7-26f3-4a2a-98d6-977366dc8866:c13, bee99600-be87-4e2f-bca1-493826cfa9f4:c15]
2019-09-16 18:49:37,721 [java.util.concurrent.ThreadPoolExecutor$Worker@45f38be8[State = -1, empty queue]] WARN  server.GrpcLogAppender (GrpcLogAppender.java:timeoutAppendRequest(200)) - bee99600-be87-4e2f-bca1-493826cfa9f4@group-4078FEE62CC7->6b668dd7-26f3-4a2a-98d6-977366dc8866-GrpcLogAppender: appendEntries Timeout, request=bee99600-be87-4e2f-bca1-493826cfa9f4->6b668dd7-26f3-4a2a-98d6-977366dc8866#95-t1, previous=(t:1, i:21), leaderCommit=15, initializing? false, entries: <empty>
2019-09-16 18:49:37,721 [java.util.concurrent.ThreadPoolExecutor$Worker@3bba45ce[State = -1, empty queue]] WARN  server.GrpcLogAppender (GrpcLogAppender.java:timeoutAppendRequest(200)) - bee99600-be87-4e2f-bca1-493826cfa9f4@group-4078FEE62CC7->e23021be-5025-43ec-901b-8f315bf6442a-GrpcLogAppender: appendEntries Timeout, request=bee99600-be87-4e2f-bca1-493826cfa9f4->e23021be-5025-43ec-901b-8f315bf6442a#95-t1, previous=(t:1, i:21), leaderCommit=15, initializing? false, entries: <empty>
2019-09-16 18:49:39,931 [grpc-default-executor-7] INFO  impl.RaftServerProxy (RaftServerProxy.java:remove(95)) - e8c1cc56-fd3a-4c1f-a15b-7334942b67be: remove group-3233B5392349:null
2019-09-16 18:49:39,935 [RatisPipelineUtilsThread] WARN  pipeline.RatisPipelineUtils (RatisPipelineUtils.java:destroyPipeline(66)) - Pipeline destroy failed for pipeline=PipelineID=297f27b4-88a4-4c33-ba42-3233b5392349 dn=e8c1cc56-fd3a-4c1f-a15b-7334942b67be{ip: 192.168.34.56, host: pr-hdds-2111-hlhfn-3535364396, networkLocation: /default-rack, certSerialId: null}
2019-09-16 18:49:39,939 [grpc-default-executor-7] INFO  impl.RaftServerProxy (RaftServerProxy.java:remove(95)) - e9384e49-5c15-4fe8-918f-d27f1539ccef: remove group-3233B5392349:null
2019-09-16 18:49:39,941 [RatisPipelineUtilsThread] WARN  pipeline.RatisPipelineUtils (RatisPipelineUtils.java:destroyPipeline(66)) - Pipeline destroy failed for pipeline=PipelineID=297f27b4-88a4-4c33-ba42-3233b5392349 dn=e9384e49-5c15-4fe8-918f-d27f1539ccef{ip: 192.168.34.56, host: pr-hdds-2111-hlhfn-3535364396, networkLocation: /default-rack, certSerialId: null}
2019-09-16 18:49:39,944 [grpc-default-executor-7] INFO  impl.RaftServerProxy (RaftServerProxy.java:remove(95)) - d6e5a99c-4067-45a5-9f51-68f82ac62b1e: remove group-3233B5392349:null
2019-09-16 18:49:39,946 [RatisPipelineUtilsThread] WARN  pipeline.RatisPipelineUtils (RatisPipelineUtils.java:destroyPipeline(66)) - Pipeline destroy failed for pipeline=PipelineID=297f27b4-88a4-4c33-ba42-3233b5392349 dn=d6e5a99c-4067-45a5-9f51-68f82ac62b1e{ip: 192.168.34.56, host: pr-hdds-2111-hlhfn-3535364396, networkLocation: /default-rack, certSerialId: null}
2019-09-16 18:49:39,947 [RatisPipelineUtilsThread] ERROR pipeline.SCMPipelineManager (Scheduler.java:lambda$schedule$1(70)) - Destroy pipeline failed for pipeline:Pipeline[ Id: 297f27b4-88a4-4c33-ba42-3233b5392349, Nodes: e8c1cc56-fd3a-4c1f-a15b-7334942b67be{ip: 192.168.34.56, host: pr-hdds-2111-hlhfn-3535364396, networkLocation: /default-rack, certSerialId: null}e9384e49-5c15-4fe8-918f-d27f1539ccef{ip: 192.168.34.56, host: pr-hdds-2111-hlhfn-3535364396, networkLocation: /default-rack, certSerialId: null}d6e5a99c-4067-45a5-9f51-68f82ac62b1e{ip: 192.168.34.56, host: pr-hdds-2111-hlhfn-3535364396, networkLocation: /default-rack, certSerialId: null}, Type:RATIS, Factor:THREE, State:CLOSED]
org.apache.hadoop.hdds.scm.pipeline.PipelineNotFoundException: PipelineID=297f27b4-88a4-4c33-ba42-3233b5392349 not found
	at org.apache.hadoop.hdds.scm.pipeline.PipelineStateMap.getPipeline(PipelineStateMap.java:132)
	at org.apache.hadoop.hdds.scm.pipeline.PipelineStateMap.removePipeline(PipelineStateMap.java:322)
	at org.apache.hadoop.hdds.scm.pipeline.PipelineStateManager.removePipeline(PipelineStateManager.java:107)
	at org.apache.hadoop.hdds.scm.pipeline.SCMPipelineManager.removePipeline(SCMPipelineManager.java:423)
	at org.apache.hadoop.hdds.scm.pipeline.SCMPipelineManager.destroyPipeline(SCMPipelineManager.java:409)
	at org.apache.hadoop.hdds.scm.pipeline.SCMPipelineManager.lambda$finalizeAndDestroyPipeline$0(SCMPipelineManager.java:318)
	at org.apache.hadoop.utils.Scheduler.lambda$schedule$1(Scheduler.java:68)
	at java.util.concurrent.Executors$RunnableAdapter.call(Executors.java:511)
	at java.util.concurrent.FutureTask.run(FutureTask.java:266)
	at java.util.concurrent.ScheduledThreadPoolExecutor$ScheduledFutureTask.access$201(ScheduledThreadPoolExecutor.java:180)
	at java.util.concurrent.ScheduledThreadPoolExecutor$ScheduledFutureTask.run(ScheduledThreadPoolExecutor.java:293)
	at java.util.concurrent.ThreadPoolExecutor.runWorker(ThreadPoolExecutor.java:1149)
	at java.util.concurrent.ThreadPoolExecutor$Worker.run(ThreadPoolExecutor.java:624)
	at java.lang.Thread.run(Thread.java:748)
2019-09-16 18:49:40,222 [java.util.concurrent.ThreadPoolExecutor$Worker@3bba45ce[State = -1, empty queue]] WARN  server.GrpcLogAppender (GrpcLogAppender.java:timeoutAppendRequest(200)) - bee99600-be87-4e2f-bca1-493826cfa9f4@group-4078FEE62CC7->e23021be-5025-43ec-901b-8f315bf6442a-GrpcLogAppender: appendEntries Timeout, request=bee99600-be87-4e2f-bca1-493826cfa9f4->e23021be-5025-43ec-901b-8f315bf6442a#96-t1, previous=(t:1, i:21), leaderCommit=15, initializing? false, entries: <empty>
2019-09-16 18:49:40,222 [java.util.concurrent.ThreadPoolExecutor$Worker@45f38be8[State = -1, empty queue]] WARN  server.GrpcLogAppender (GrpcLogAppender.java:timeoutAppendRequest(200)) - bee99600-be87-4e2f-bca1-493826cfa9f4@group-4078FEE62CC7->6b668dd7-26f3-4a2a-98d6-977366dc8866-GrpcLogAppender: appendEntries Timeout, request=bee99600-be87-4e2f-bca1-493826cfa9f4->6b668dd7-26f3-4a2a-98d6-977366dc8866#96-t1, previous=(t:1, i:21), leaderCommit=15, initializing? false, entries: <empty>
2019-09-16 18:49:41,925 [grpc-default-executor-4] INFO  impl.RaftServerProxy (RaftServerProxy.java:remove(95)) - e8c1cc56-fd3a-4c1f-a15b-7334942b67be: remove group-3233B5392349:null
2019-09-16 18:49:41,928 [RatisPipelineUtilsThread] WARN  pipeline.RatisPipelineUtils (RatisPipelineUtils.java:destroyPipeline(66)) - Pipeline destroy failed for pipeline=PipelineID=297f27b4-88a4-4c33-ba42-3233b5392349 dn=e8c1cc56-fd3a-4c1f-a15b-7334942b67be{ip: 192.168.34.56, host: pr-hdds-2111-hlhfn-3535364396, networkLocation: /default-rack, certSerialId: null}
2019-09-16 18:49:41,932 [grpc-default-executor-4] INFO  impl.RaftServerProxy (RaftServerProxy.java:remove(95)) - e9384e49-5c15-4fe8-918f-d27f1539ccef: remove group-3233B5392349:null
2019-09-16 18:49:41,934 [RatisPipelineUtilsThread] WARN  pipeline.RatisPipelineUtils (RatisPipelineUtils.java:destroyPipeline(66)) - Pipeline destroy failed for pipeline=PipelineID=297f27b4-88a4-4c33-ba42-3233b5392349 dn=e9384e49-5c15-4fe8-918f-d27f1539ccef{ip: 192.168.34.56, host: pr-hdds-2111-hlhfn-3535364396, networkLocation: /default-rack, certSerialId: null}
2019-09-16 18:49:41,937 [grpc-default-executor-4] INFO  impl.RaftServerProxy (RaftServerProxy.java:remove(95)) - d6e5a99c-4067-45a5-9f51-68f82ac62b1e: remove group-3233B5392349:null
2019-09-16 18:49:41,939 [RatisPipelineUtilsThread] WARN  pipeline.RatisPipelineUtils (RatisPipelineUtils.java:destroyPipeline(66)) - Pipeline destroy failed for pipeline=PipelineID=297f27b4-88a4-4c33-ba42-3233b5392349 dn=d6e5a99c-4067-45a5-9f51-68f82ac62b1e{ip: 192.168.34.56, host: pr-hdds-2111-hlhfn-3535364396, networkLocation: /default-rack, certSerialId: null}
2019-09-16 18:49:41,939 [RatisPipelineUtilsThread] ERROR pipeline.SCMPipelineManager (Scheduler.java:lambda$schedule$1(70)) - Destroy pipeline failed for pipeline:Pipeline[ Id: 297f27b4-88a4-4c33-ba42-3233b5392349, Nodes: e8c1cc56-fd3a-4c1f-a15b-7334942b67be{ip: 192.168.34.56, host: pr-hdds-2111-hlhfn-3535364396, networkLocation: /default-rack, certSerialId: null}e9384e49-5c15-4fe8-918f-d27f1539ccef{ip: 192.168.34.56, host: pr-hdds-2111-hlhfn-3535364396, networkLocation: /default-rack, certSerialId: null}d6e5a99c-4067-45a5-9f51-68f82ac62b1e{ip: 192.168.34.56, host: pr-hdds-2111-hlhfn-3535364396, networkLocation: /default-rack, certSerialId: null}, Type:RATIS, Factor:THREE, State:CLOSED]
org.apache.hadoop.hdds.scm.pipeline.PipelineNotFoundException: PipelineID=297f27b4-88a4-4c33-ba42-3233b5392349 not found
	at org.apache.hadoop.hdds.scm.pipeline.PipelineStateMap.getPipeline(PipelineStateMap.java:132)
	at org.apache.hadoop.hdds.scm.pipeline.PipelineStateMap.removePipeline(PipelineStateMap.java:322)
	at org.apache.hadoop.hdds.scm.pipeline.PipelineStateManager.removePipeline(PipelineStateManager.java:107)
	at org.apache.hadoop.hdds.scm.pipeline.SCMPipelineManager.removePipeline(SCMPipelineManager.java:423)
	at org.apache.hadoop.hdds.scm.pipeline.SCMPipelineManager.destroyPipeline(SCMPipelineManager.java:409)
	at org.apache.hadoop.hdds.scm.pipeline.SCMPipelineManager.lambda$finalizeAndDestroyPipeline$0(SCMPipelineManager.java:318)
	at org.apache.hadoop.utils.Scheduler.lambda$schedule$1(Scheduler.java:68)
	at java.util.concurrent.Executors$RunnableAdapter.call(Executors.java:511)
	at java.util.concurrent.FutureTask.run(FutureTask.java:266)
	at java.util.concurrent.ScheduledThreadPoolExecutor$ScheduledFutureTask.access$201(ScheduledThreadPoolExecutor.java:180)
	at java.util.concurrent.ScheduledThreadPoolExecutor$ScheduledFutureTask.run(ScheduledThreadPoolExecutor.java:293)
	at java.util.concurrent.ThreadPoolExecutor.runWorker(ThreadPoolExecutor.java:1149)
	at java.util.concurrent.ThreadPoolExecutor$Worker.run(ThreadPoolExecutor.java:624)
	at java.lang.Thread.run(Thread.java:748)
2019-09-16 18:49:42,218 [6b668dd7-26f3-4a2a-98d6-977366dc8866@group-4078FEE62CC7-SegmentedRaftLogWorker] WARN  segmented.SegmentedRaftLogWorker (SegmentedRaftLogWorker.java:getFromFuture(90)) - Timeout 0/~
org.apache.ratis.protocol.TimeoutIOException: Timeout 10s: WriteLog:16: (t:1, i:16), STATEMACHINELOGENTRY, client-A24F84BEFB32, cid=139-writeStateMachineData
	at org.apache.ratis.util.IOUtils.getFromFuture(IOUtils.java:87)
	at org.apache.ratis.server.raftlog.segmented.SegmentedRaftLogWorker$StateMachineDataPolicy.getFromFuture(SegmentedRaftLogWorker.java:87)
	at org.apache.ratis.server.raftlog.segmented.SegmentedRaftLogWorker$WriteLog.execute(SegmentedRaftLogWorker.java:477)
	at org.apache.ratis.server.raftlog.segmented.SegmentedRaftLogWorker.run(SegmentedRaftLogWorker.java:289)
	at java.lang.Thread.run(Thread.java:748)
Caused by: java.util.concurrent.TimeoutException
	at java.util.concurrent.CompletableFuture.timedGet(CompletableFuture.java:1771)
	at java.util.concurrent.CompletableFuture.get(CompletableFuture.java:1915)
	at org.apache.ratis.util.IOUtils.getFromFuture(IOUtils.java:79)
	... 4 more
2019-09-16 18:49:42,277 [grpc-default-executor-7] INFO  client.GrpcClientProtocolClient (GrpcClientProtocolClient.java:onNext(264)) - client-A24F84BEFB32->e23021be-5025-43ec-901b-8f315bf6442a: receive RaftClientReply:client-A24F84BEFB32->e23021be-5025-43ec-901b-8f315bf6442a@group-4078FEE62CC7, cid=139, FAILED org.apache.ratis.protocol.NotLeaderException: Server e23021be-5025-43ec-901b-8f315bf6442a@group-4078FEE62CC7 is not the leader bee99600-be87-4e2f-bca1-493826cfa9f4:192.168.34.56:42923, logIndex=0, commits[e23021be-5025-43ec-901b-8f315bf6442a:c15, 6b668dd7-26f3-4a2a-98d6-977366dc8866:c13, bee99600-be87-4e2f-bca1-493826cfa9f4:c15]
2019-09-16 18:49:42,321 [bee99600-be87-4e2f-bca1-493826cfa9f4@group-4078FEE62CC7-SegmentedRaftLogWorker] WARN  segmented.SegmentedRaftLogWorker (SegmentedRaftLogWorker.java:getFromFuture(90)) - Timeout 0/~
org.apache.ratis.protocol.TimeoutIOException: Timeout 10s: WriteLog:17: (t:1, i:17), STATEMACHINELOGENTRY, client-A24F84BEFB32, cid=140-writeStateMachineData
	at org.apache.ratis.util.IOUtils.getFromFuture(IOUtils.java:87)
	at org.apache.ratis.server.raftlog.segmented.SegmentedRaftLogWorker$StateMachineDataPolicy.getFromFuture(SegmentedRaftLogWorker.java:87)
	at org.apache.ratis.server.raftlog.segmented.SegmentedRaftLogWorker$WriteLog.execute(SegmentedRaftLogWorker.java:477)
	at org.apache.ratis.server.raftlog.segmented.SegmentedRaftLogWorker.run(SegmentedRaftLogWorker.java:289)
	at java.lang.Thread.run(Thread.java:748)
Caused by: java.util.concurrent.TimeoutException
	at java.util.concurrent.CompletableFuture.timedGet(CompletableFuture.java:1771)
	at java.util.concurrent.CompletableFuture.get(CompletableFuture.java:1915)
	at org.apache.ratis.util.IOUtils.getFromFuture(IOUtils.java:79)
	... 4 more
2019-09-16 18:49:42,321 [e23021be-5025-43ec-901b-8f315bf6442a@group-4078FEE62CC7-SegmentedRaftLogWorker] WARN  segmented.SegmentedRaftLogWorker (SegmentedRaftLogWorker.java:getFromFuture(90)) - Timeout 0/~
org.apache.ratis.protocol.TimeoutIOException: Timeout 10s: WriteLog:19: (t:1, i:19), STATEMACHINELOGENTRY, client-A24F84BEFB32, cid=142-writeStateMachineData
	at org.apache.ratis.util.IOUtils.getFromFuture(IOUtils.java:87)
	at org.apache.ratis.server.raftlog.segmented.SegmentedRaftLogWorker$StateMachineDataPolicy.getFromFuture(SegmentedRaftLogWorker.java:87)
	at org.apache.ratis.server.raftlog.segmented.SegmentedRaftLogWorker$WriteLog.execute(SegmentedRaftLogWorker.java:477)
	at org.apache.ratis.server.raftlog.segmented.SegmentedRaftLogWorker.run(SegmentedRaftLogWorker.java:289)
	at java.lang.Thread.run(Thread.java:748)
Caused by: java.util.concurrent.TimeoutException
	at java.util.concurrent.CompletableFuture.timedGet(CompletableFuture.java:1771)
	at java.util.concurrent.CompletableFuture.get(CompletableFuture.java:1915)
	at org.apache.ratis.util.IOUtils.getFromFuture(IOUtils.java:79)
	... 4 more
2019-09-16 18:49:42,722 [java.util.concurrent.ThreadPoolExecutor$Worker@3bba45ce[State = -1, empty queue]] WARN  server.GrpcLogAppender (GrpcLogAppender.java:timeoutAppendRequest(200)) - bee99600-be87-4e2f-bca1-493826cfa9f4@group-4078FEE62CC7->e23021be-5025-43ec-901b-8f315bf6442a-GrpcLogAppender: appendEntries Timeout, request=bee99600-be87-4e2f-bca1-493826cfa9f4->e23021be-5025-43ec-901b-8f315bf6442a#97-t1, previous=(t:1, i:21), leaderCommit=15, initializing? false, entries: <empty>
2019-09-16 18:49:42,722 [java.util.concurrent.ThreadPoolExecutor$Worker@45f38be8[State = -1, empty queue]] WARN  server.GrpcLogAppender (GrpcLogAppender.java:timeoutAppendRequest(200)) - bee99600-be87-4e2f-bca1-493826cfa9f4@group-4078FEE62CC7->6b668dd7-26f3-4a2a-98d6-977366dc8866-GrpcLogAppender: appendEntries Timeout, request=bee99600-be87-4e2f-bca1-493826cfa9f4->6b668dd7-26f3-4a2a-98d6-977366dc8866#97-t1, previous=(t:1, i:21), leaderCommit=15, initializing? false, entries: <empty>
2019-09-16 18:49:44,931 [grpc-default-executor-4] INFO  impl.RaftServerProxy (RaftServerProxy.java:remove(95)) - e8c1cc56-fd3a-4c1f-a15b-7334942b67be: remove group-3233B5392349:null
2019-09-16 18:49:44,934 [RatisPipelineUtilsThread] WARN  pipeline.RatisPipelineUtils (RatisPipelineUtils.java:destroyPipeline(66)) - Pipeline destroy failed for pipeline=PipelineID=297f27b4-88a4-4c33-ba42-3233b5392349 dn=e8c1cc56-fd3a-4c1f-a15b-7334942b67be{ip: 192.168.34.56, host: pr-hdds-2111-hlhfn-3535364396, networkLocation: /default-rack, certSerialId: null}
2019-09-16 18:49:44,937 [grpc-default-executor-4] INFO  impl.RaftServerProxy (RaftServerProxy.java:remove(95)) - e9384e49-5c15-4fe8-918f-d27f1539ccef: remove group-3233B5392349:null
2019-09-16 18:49:44,938 [RatisPipelineUtilsThread] WARN  pipeline.RatisPipelineUtils (RatisPipelineUtils.java:destroyPipeline(66)) - Pipeline destroy failed for pipeline=PipelineID=297f27b4-88a4-4c33-ba42-3233b5392349 dn=e9384e49-5c15-4fe8-918f-d27f1539ccef{ip: 192.168.34.56, host: pr-hdds-2111-hlhfn-3535364396, networkLocation: /default-rack, certSerialId: null}
2019-09-16 18:49:44,940 [grpc-default-executor-4] INFO  impl.RaftServerProxy (RaftServerProxy.java:remove(95)) - d6e5a99c-4067-45a5-9f51-68f82ac62b1e: remove group-3233B5392349:null
2019-09-16 18:49:44,942 [RatisPipelineUtilsThread] WARN  pipeline.RatisPipelineUtils (RatisPipelineUtils.java:destroyPipeline(66)) - Pipeline destroy failed for pipeline=PipelineID=297f27b4-88a4-4c33-ba42-3233b5392349 dn=d6e5a99c-4067-45a5-9f51-68f82ac62b1e{ip: 192.168.34.56, host: pr-hdds-2111-hlhfn-3535364396, networkLocation: /default-rack, certSerialId: null}
2019-09-16 18:49:44,942 [RatisPipelineUtilsThread] ERROR pipeline.SCMPipelineManager (Scheduler.java:lambda$schedule$1(70)) - Destroy pipeline failed for pipeline:Pipeline[ Id: 297f27b4-88a4-4c33-ba42-3233b5392349, Nodes: e8c1cc56-fd3a-4c1f-a15b-7334942b67be{ip: 192.168.34.56, host: pr-hdds-2111-hlhfn-3535364396, networkLocation: /default-rack, certSerialId: null}e9384e49-5c15-4fe8-918f-d27f1539ccef{ip: 192.168.34.56, host: pr-hdds-2111-hlhfn-3535364396, networkLocation: /default-rack, certSerialId: null}d6e5a99c-4067-45a5-9f51-68f82ac62b1e{ip: 192.168.34.56, host: pr-hdds-2111-hlhfn-3535364396, networkLocation: /default-rack, certSerialId: null}, Type:RATIS, Factor:THREE, State:CLOSED]
org.apache.hadoop.hdds.scm.pipeline.PipelineNotFoundException: PipelineID=297f27b4-88a4-4c33-ba42-3233b5392349 not found
	at org.apache.hadoop.hdds.scm.pipeline.PipelineStateMap.getPipeline(PipelineStateMap.java:132)
	at org.apache.hadoop.hdds.scm.pipeline.PipelineStateMap.removePipeline(PipelineStateMap.java:322)
	at org.apache.hadoop.hdds.scm.pipeline.PipelineStateManager.removePipeline(PipelineStateManager.java:107)
	at org.apache.hadoop.hdds.scm.pipeline.SCMPipelineManager.removePipeline(SCMPipelineManager.java:423)
	at org.apache.hadoop.hdds.scm.pipeline.SCMPipelineManager.destroyPipeline(SCMPipelineManager.java:409)
	at org.apache.hadoop.hdds.scm.pipeline.SCMPipelineManager.lambda$finalizeAndDestroyPipeline$0(SCMPipelineManager.java:318)
	at org.apache.hadoop.utils.Scheduler.lambda$schedule$1(Scheduler.java:68)
	at java.util.concurrent.Executors$RunnableAdapter.call(Executors.java:511)
	at java.util.concurrent.FutureTask.run(FutureTask.java:266)
	at java.util.concurrent.ScheduledThreadPoolExecutor$ScheduledFutureTask.access$201(ScheduledThreadPoolExecutor.java:180)
	at java.util.concurrent.ScheduledThreadPoolExecutor$ScheduledFutureTask.run(ScheduledThreadPoolExecutor.java:293)
	at java.util.concurrent.ThreadPoolExecutor.runWorker(ThreadPoolExecutor.java:1149)
	at java.util.concurrent.ThreadPoolExecutor$Worker.run(ThreadPoolExecutor.java:624)
	at java.lang.Thread.run(Thread.java:748)
2019-09-16 18:49:45,222 [java.util.concurrent.ThreadPoolExecutor$Worker@3bba45ce[State = -1, empty queue]] WARN  server.GrpcLogAppender (GrpcLogAppender.java:timeoutAppendRequest(200)) - bee99600-be87-4e2f-bca1-493826cfa9f4@group-4078FEE62CC7->e23021be-5025-43ec-901b-8f315bf6442a-GrpcLogAppender: appendEntries Timeout, request=bee99600-be87-4e2f-bca1-493826cfa9f4->e23021be-5025-43ec-901b-8f315bf6442a#98-t1, previous=(t:1, i:21), leaderCommit=15, initializing? false, entries: <empty>
2019-09-16 18:49:45,222 [java.util.concurrent.ThreadPoolExecutor$Worker@45f38be8[State = -1, empty queue]] WARN  server.GrpcLogAppender (GrpcLogAppender.java:timeoutAppendRequest(200)) - bee99600-be87-4e2f-bca1-493826cfa9f4@group-4078FEE62CC7->6b668dd7-26f3-4a2a-98d6-977366dc8866-GrpcLogAppender: appendEntries Timeout, request=bee99600-be87-4e2f-bca1-493826cfa9f4->6b668dd7-26f3-4a2a-98d6-977366dc8866#98-t1, previous=(t:1, i:21), leaderCommit=15, initializing? false, entries: <empty>
2019-09-16 18:49:46,923 [grpc-default-executor-7] INFO  impl.RaftServerProxy (RaftServerProxy.java:remove(95)) - e8c1cc56-fd3a-4c1f-a15b-7334942b67be: remove group-3233B5392349:null
2019-09-16 18:49:46,925 [RatisPipelineUtilsThread] WARN  pipeline.RatisPipelineUtils (RatisPipelineUtils.java:destroyPipeline(66)) - Pipeline destroy failed for pipeline=PipelineID=297f27b4-88a4-4c33-ba42-3233b5392349 dn=e8c1cc56-fd3a-4c1f-a15b-7334942b67be{ip: 192.168.34.56, host: pr-hdds-2111-hlhfn-3535364396, networkLocation: /default-rack, certSerialId: null}
2019-09-16 18:49:46,928 [grpc-default-executor-7] INFO  impl.RaftServerProxy (RaftServerProxy.java:remove(95)) - e9384e49-5c15-4fe8-918f-d27f1539ccef: remove group-3233B5392349:null
2019-09-16 18:49:46,930 [RatisPipelineUtilsThread] WARN  pipeline.RatisPipelineUtils (RatisPipelineUtils.java:destroyPipeline(66)) - Pipeline destroy failed for pipeline=PipelineID=297f27b4-88a4-4c33-ba42-3233b5392349 dn=e9384e49-5c15-4fe8-918f-d27f1539ccef{ip: 192.168.34.56, host: pr-hdds-2111-hlhfn-3535364396, networkLocation: /default-rack, certSerialId: null}
2019-09-16 18:49:46,932 [grpc-default-executor-7] INFO  impl.RaftServerProxy (RaftServerProxy.java:remove(95)) - d6e5a99c-4067-45a5-9f51-68f82ac62b1e: remove group-3233B5392349:null
2019-09-16 18:49:46,933 [RatisPipelineUtilsThread] WARN  pipeline.RatisPipelineUtils (RatisPipelineUtils.java:destroyPipeline(66)) - Pipeline destroy failed for pipeline=PipelineID=297f27b4-88a4-4c33-ba42-3233b5392349 dn=d6e5a99c-4067-45a5-9f51-68f82ac62b1e{ip: 192.168.34.56, host: pr-hdds-2111-hlhfn-3535364396, networkLocation: /default-rack, certSerialId: null}
2019-09-16 18:49:46,934 [RatisPipelineUtilsThread] ERROR pipeline.SCMPipelineManager (Scheduler.java:lambda$schedule$1(70)) - Destroy pipeline failed for pipeline:Pipeline[ Id: 297f27b4-88a4-4c33-ba42-3233b5392349, Nodes: e8c1cc56-fd3a-4c1f-a15b-7334942b67be{ip: 192.168.34.56, host: pr-hdds-2111-hlhfn-3535364396, networkLocation: /default-rack, certSerialId: null}e9384e49-5c15-4fe8-918f-d27f1539ccef{ip: 192.168.34.56, host: pr-hdds-2111-hlhfn-3535364396, networkLocation: /default-rack, certSerialId: null}d6e5a99c-4067-45a5-9f51-68f82ac62b1e{ip: 192.168.34.56, host: pr-hdds-2111-hlhfn-3535364396, networkLocation: /default-rack, certSerialId: null}, Type:RATIS, Factor:THREE, State:CLOSED]
org.apache.hadoop.hdds.scm.pipeline.PipelineNotFoundException: PipelineID=297f27b4-88a4-4c33-ba42-3233b5392349 not found
	at org.apache.hadoop.hdds.scm.pipeline.PipelineStateMap.getPipeline(PipelineStateMap.java:132)
	at org.apache.hadoop.hdds.scm.pipeline.PipelineStateMap.removePipeline(PipelineStateMap.java:322)
	at org.apache.hadoop.hdds.scm.pipeline.PipelineStateManager.removePipeline(PipelineStateManager.java:107)
	at org.apache.hadoop.hdds.scm.pipeline.SCMPipelineManager.removePipeline(SCMPipelineManager.java:423)
	at org.apache.hadoop.hdds.scm.pipeline.SCMPipelineManager.destroyPipeline(SCMPipelineManager.java:409)
	at org.apache.hadoop.hdds.scm.pipeline.SCMPipelineManager.lambda$finalizeAndDestroyPipeline$0(SCMPipelineManager.java:318)
	at org.apache.hadoop.utils.Scheduler.lambda$schedule$1(Scheduler.java:68)
	at java.util.concurrent.Executors$RunnableAdapter.call(Executors.java:511)
	at java.util.concurrent.FutureTask.run(FutureTask.java:266)
	at java.util.concurrent.ScheduledThreadPoolExecutor$ScheduledFutureTask.access$201(ScheduledThreadPoolExecutor.java:180)
	at java.util.concurrent.ScheduledThreadPoolExecutor$ScheduledFutureTask.run(ScheduledThreadPoolExecutor.java:293)
	at java.util.concurrent.ThreadPoolExecutor.runWorker(ThreadPoolExecutor.java:1149)
	at java.util.concurrent.ThreadPoolExecutor$Worker.run(ThreadPoolExecutor.java:624)
	at java.lang.Thread.run(Thread.java:748)
2019-09-16 18:49:47,310 [grpc-default-executor-4] INFO  client.GrpcClientProtocolClient (GrpcClientProtocolClient.java:onNext(264)) - client-A24F84BEFB32->e23021be-5025-43ec-901b-8f315bf6442a: receive RaftClientReply:client-A24F84BEFB32->e23021be-5025-43ec-901b-8f315bf6442a@group-4078FEE62CC7, cid=139, FAILED org.apache.ratis.protocol.NotLeaderException: Server e23021be-5025-43ec-901b-8f315bf6442a@group-4078FEE62CC7 is not the leader bee99600-be87-4e2f-bca1-493826cfa9f4:192.168.34.56:42923, logIndex=0, commits[e23021be-5025-43ec-901b-8f315bf6442a:c15, 6b668dd7-26f3-4a2a-98d6-977366dc8866:c13, bee99600-be87-4e2f-bca1-493826cfa9f4:c15]
2019-09-16 18:49:47,723 [java.util.concurrent.ThreadPoolExecutor$Worker@3bba45ce[State = -1, empty queue]] WARN  server.GrpcLogAppender (GrpcLogAppender.java:timeoutAppendRequest(200)) - bee99600-be87-4e2f-bca1-493826cfa9f4@group-4078FEE62CC7->e23021be-5025-43ec-901b-8f315bf6442a-GrpcLogAppender: appendEntries Timeout, request=bee99600-be87-4e2f-bca1-493826cfa9f4->e23021be-5025-43ec-901b-8f315bf6442a#99-t1, previous=(t:1, i:21), leaderCommit=15, initializing? false, entries: <empty>
2019-09-16 18:49:47,723 [java.util.concurrent.ThreadPoolExecutor$Worker@45f38be8[State = -1, empty queue]] WARN  server.GrpcLogAppender (GrpcLogAppender.java:timeoutAppendRequest(200)) - bee99600-be87-4e2f-bca1-493826cfa9f4@group-4078FEE62CC7->6b668dd7-26f3-4a2a-98d6-977366dc8866-GrpcLogAppender: appendEntries Timeout, request=bee99600-be87-4e2f-bca1-493826cfa9f4->6b668dd7-26f3-4a2a-98d6-977366dc8866#99-t1, previous=(t:1, i:21), leaderCommit=15, initializing? false, entries: <empty>
2019-09-16 18:49:49,927 [grpc-default-executor-7] INFO  impl.RaftServerProxy (RaftServerProxy.java:remove(95)) - e8c1cc56-fd3a-4c1f-a15b-7334942b67be: remove group-3233B5392349:null
2019-09-16 18:49:49,931 [RatisPipelineUtilsThread] WARN  pipeline.RatisPipelineUtils (RatisPipelineUtils.java:destroyPipeline(66)) - Pipeline destroy failed for pipeline=PipelineID=297f27b4-88a4-4c33-ba42-3233b5392349 dn=e8c1cc56-fd3a-4c1f-a15b-7334942b67be{ip: 192.168.34.56, host: pr-hdds-2111-hlhfn-3535364396, networkLocation: /default-rack, certSerialId: null}
2019-09-16 18:49:49,933 [grpc-default-executor-7] INFO  impl.RaftServerProxy (RaftServerProxy.java:remove(95)) - e9384e49-5c15-4fe8-918f-d27f1539ccef: remove group-3233B5392349:null
2019-09-16 18:49:49,935 [RatisPipelineUtilsThread] WARN  pipeline.RatisPipelineUtils (RatisPipelineUtils.java:destroyPipeline(66)) - Pipeline destroy failed for pipeline=PipelineID=297f27b4-88a4-4c33-ba42-3233b5392349 dn=e9384e49-5c15-4fe8-918f-d27f1539ccef{ip: 192.168.34.56, host: pr-hdds-2111-hlhfn-3535364396, networkLocation: /default-rack, certSerialId: null}
2019-09-16 18:49:49,937 [grpc-default-executor-7] INFO  impl.RaftServerProxy (RaftServerProxy.java:remove(95)) - d6e5a99c-4067-45a5-9f51-68f82ac62b1e: remove group-3233B5392349:null
2019-09-16 18:49:49,938 [RatisPipelineUtilsThread] WARN  pipeline.RatisPipelineUtils (RatisPipelineUtils.java:destroyPipeline(66)) - Pipeline destroy failed for pipeline=PipelineID=297f27b4-88a4-4c33-ba42-3233b5392349 dn=d6e5a99c-4067-45a5-9f51-68f82ac62b1e{ip: 192.168.34.56, host: pr-hdds-2111-hlhfn-3535364396, networkLocation: /default-rack, certSerialId: null}
2019-09-16 18:49:49,938 [RatisPipelineUtilsThread] ERROR pipeline.SCMPipelineManager (Scheduler.java:lambda$schedule$1(70)) - Destroy pipeline failed for pipeline:Pipeline[ Id: 297f27b4-88a4-4c33-ba42-3233b5392349, Nodes: e8c1cc56-fd3a-4c1f-a15b-7334942b67be{ip: 192.168.34.56, host: pr-hdds-2111-hlhfn-3535364396, networkLocation: /default-rack, certSerialId: null}e9384e49-5c15-4fe8-918f-d27f1539ccef{ip: 192.168.34.56, host: pr-hdds-2111-hlhfn-3535364396, networkLocation: /default-rack, certSerialId: null}d6e5a99c-4067-45a5-9f51-68f82ac62b1e{ip: 192.168.34.56, host: pr-hdds-2111-hlhfn-3535364396, networkLocation: /default-rack, certSerialId: null}, Type:RATIS, Factor:THREE, State:CLOSED]
org.apache.hadoop.hdds.scm.pipeline.PipelineNotFoundException: PipelineID=297f27b4-88a4-4c33-ba42-3233b5392349 not found
	at org.apache.hadoop.hdds.scm.pipeline.PipelineStateMap.getPipeline(PipelineStateMap.java:132)
	at org.apache.hadoop.hdds.scm.pipeline.PipelineStateMap.removePipeline(PipelineStateMap.java:322)
	at org.apache.hadoop.hdds.scm.pipeline.PipelineStateManager.removePipeline(PipelineStateManager.java:107)
	at org.apache.hadoop.hdds.scm.pipeline.SCMPipelineManager.removePipeline(SCMPipelineManager.java:423)
	at org.apache.hadoop.hdds.scm.pipeline.SCMPipelineManager.destroyPipeline(SCMPipelineManager.java:409)
	at org.apache.hadoop.hdds.scm.pipeline.SCMPipelineManager.lambda$finalizeAndDestroyPipeline$0(SCMPipelineManager.java:318)
	at org.apache.hadoop.utils.Scheduler.lambda$schedule$1(Scheduler.java:68)
	at java.util.concurrent.Executors$RunnableAdapter.call(Executors.java:511)
	at java.util.concurrent.FutureTask.run(FutureTask.java:266)
	at java.util.concurrent.ScheduledThreadPoolExecutor$ScheduledFutureTask.access$201(ScheduledThreadPoolExecutor.java:180)
	at java.util.concurrent.ScheduledThreadPoolExecutor$ScheduledFutureTask.run(ScheduledThreadPoolExecutor.java:293)
	at java.util.concurrent.ThreadPoolExecutor.runWorker(ThreadPoolExecutor.java:1149)
	at java.util.concurrent.ThreadPoolExecutor$Worker.run(ThreadPoolExecutor.java:624)
	at java.lang.Thread.run(Thread.java:748)
2019-09-16 18:49:50,223 [java.util.concurrent.ThreadPoolExecutor$Worker@45f38be8[State = -1, empty queue]] WARN  server.GrpcLogAppender (GrpcLogAppender.java:timeoutAppendRequest(200)) - bee99600-be87-4e2f-bca1-493826cfa9f4@group-4078FEE62CC7->6b668dd7-26f3-4a2a-98d6-977366dc8866-GrpcLogAppender: appendEntries Timeout, request=bee99600-be87-4e2f-bca1-493826cfa9f4->6b668dd7-26f3-4a2a-98d6-977366dc8866#100-t1, previous=(t:1, i:21), leaderCommit=15, initializing? false, entries: <empty>
2019-09-16 18:49:50,223 [java.util.concurrent.ThreadPoolExecutor$Worker@3bba45ce[State = -1, empty queue]] WARN  server.GrpcLogAppender (GrpcLogAppender.java:timeoutAppendRequest(200)) - bee99600-be87-4e2f-bca1-493826cfa9f4@group-4078FEE62CC7->e23021be-5025-43ec-901b-8f315bf6442a-GrpcLogAppender: appendEntries Timeout, request=bee99600-be87-4e2f-bca1-493826cfa9f4->e23021be-5025-43ec-901b-8f315bf6442a#100-t1, previous=(t:1, i:21), leaderCommit=15, initializing? false, entries: <empty>
2019-09-16 18:49:51,931 [grpc-default-executor-7] INFO  impl.RaftServerProxy (RaftServerProxy.java:remove(95)) - e8c1cc56-fd3a-4c1f-a15b-7334942b67be: remove group-3233B5392349:null
2019-09-16 18:49:51,933 [RatisPipelineUtilsThread] WARN  pipeline.RatisPipelineUtils (RatisPipelineUtils.java:destroyPipeline(66)) - Pipeline destroy failed for pipeline=PipelineID=297f27b4-88a4-4c33-ba42-3233b5392349 dn=e8c1cc56-fd3a-4c1f-a15b-7334942b67be{ip: 192.168.34.56, host: pr-hdds-2111-hlhfn-3535364396, networkLocation: /default-rack, certSerialId: null}
2019-09-16 18:49:51,935 [grpc-default-executor-7] INFO  impl.RaftServerProxy (RaftServerProxy.java:remove(95)) - e9384e49-5c15-4fe8-918f-d27f1539ccef: remove group-3233B5392349:null
2019-09-16 18:49:51,936 [RatisPipelineUtilsThread] WARN  pipeline.RatisPipelineUtils (RatisPipelineUtils.java:destroyPipeline(66)) - Pipeline destroy failed for pipeline=PipelineID=297f27b4-88a4-4c33-ba42-3233b5392349 dn=e9384e49-5c15-4fe8-918f-d27f1539ccef{ip: 192.168.34.56, host: pr-hdds-2111-hlhfn-3535364396, networkLocation: /default-rack, certSerialId: null}
2019-09-16 18:49:51,938 [grpc-default-executor-7] INFO  impl.RaftServerProxy (RaftServerProxy.java:remove(95)) - d6e5a99c-4067-45a5-9f51-68f82ac62b1e: remove group-3233B5392349:null
2019-09-16 18:49:51,940 [RatisPipelineUtilsThread] WARN  pipeline.RatisPipelineUtils (RatisPipelineUtils.java:destroyPipeline(66)) - Pipeline destroy failed for pipeline=PipelineID=297f27b4-88a4-4c33-ba42-3233b5392349 dn=d6e5a99c-4067-45a5-9f51-68f82ac62b1e{ip: 192.168.34.56, host: pr-hdds-2111-hlhfn-3535364396, networkLocation: /default-rack, certSerialId: null}
2019-09-16 18:49:51,940 [RatisPipelineUtilsThread] ERROR pipeline.SCMPipelineManager (Scheduler.java:lambda$schedule$1(70)) - Destroy pipeline failed for pipeline:Pipeline[ Id: 297f27b4-88a4-4c33-ba42-3233b5392349, Nodes: e8c1cc56-fd3a-4c1f-a15b-7334942b67be{ip: 192.168.34.56, host: pr-hdds-2111-hlhfn-3535364396, networkLocation: /default-rack, certSerialId: null}e9384e49-5c15-4fe8-918f-d27f1539ccef{ip: 192.168.34.56, host: pr-hdds-2111-hlhfn-3535364396, networkLocation: /default-rack, certSerialId: null}d6e5a99c-4067-45a5-9f51-68f82ac62b1e{ip: 192.168.34.56, host: pr-hdds-2111-hlhfn-3535364396, networkLocation: /default-rack, certSerialId: null}, Type:RATIS, Factor:THREE, State:CLOSED]
org.apache.hadoop.hdds.scm.pipeline.PipelineNotFoundException: PipelineID=297f27b4-88a4-4c33-ba42-3233b5392349 not found
	at org.apache.hadoop.hdds.scm.pipeline.PipelineStateMap.getPipeline(PipelineStateMap.java:132)
	at org.apache.hadoop.hdds.scm.pipeline.PipelineStateMap.removePipeline(PipelineStateMap.java:322)
	at org.apache.hadoop.hdds.scm.pipeline.PipelineStateManager.removePipeline(PipelineStateManager.java:107)
	at org.apache.hadoop.hdds.scm.pipeline.SCMPipelineManager.removePipeline(SCMPipelineManager.java:423)
	at org.apache.hadoop.hdds.scm.pipeline.SCMPipelineManager.destroyPipeline(SCMPipelineManager.java:409)
	at org.apache.hadoop.hdds.scm.pipeline.SCMPipelineManager.lambda$finalizeAndDestroyPipeline$0(SCMPipelineManager.java:318)
	at org.apache.hadoop.utils.Scheduler.lambda$schedule$1(Scheduler.java:68)
	at java.util.concurrent.Executors$RunnableAdapter.call(Executors.java:511)
	at java.util.concurrent.FutureTask.run(FutureTask.java:266)
	at java.util.concurrent.ScheduledThreadPoolExecutor$ScheduledFutureTask.access$201(ScheduledThreadPoolExecutor.java:180)
	at java.util.concurrent.ScheduledThreadPoolExecutor$ScheduledFutureTask.run(ScheduledThreadPoolExecutor.java:293)
	at java.util.concurrent.ThreadPoolExecutor.runWorker(ThreadPoolExecutor.java:1149)
	at java.util.concurrent.ThreadPoolExecutor$Worker.run(ThreadPoolExecutor.java:624)
	at java.lang.Thread.run(Thread.java:748)
2019-09-16 18:49:52,219 [6b668dd7-26f3-4a2a-98d6-977366dc8866@group-4078FEE62CC7-SegmentedRaftLogWorker] WARN  segmented.SegmentedRaftLogWorker (SegmentedRaftLogWorker.java:getFromFuture(90)) - Timeout 1/~
org.apache.ratis.protocol.TimeoutIOException: Timeout 10s: WriteLog:16: (t:1, i:16), STATEMACHINELOGENTRY, client-A24F84BEFB32, cid=139-writeStateMachineData
	at org.apache.ratis.util.IOUtils.getFromFuture(IOUtils.java:87)
	at org.apache.ratis.server.raftlog.segmented.SegmentedRaftLogWorker$StateMachineDataPolicy.getFromFuture(SegmentedRaftLogWorker.java:87)
	at org.apache.ratis.server.raftlog.segmented.SegmentedRaftLogWorker$WriteLog.execute(SegmentedRaftLogWorker.java:477)
	at org.apache.ratis.server.raftlog.segmented.SegmentedRaftLogWorker.run(SegmentedRaftLogWorker.java:289)
	at java.lang.Thread.run(Thread.java:748)
Caused by: java.util.concurrent.TimeoutException
	at java.util.concurrent.CompletableFuture.timedGet(CompletableFuture.java:1771)
	at java.util.concurrent.CompletableFuture.get(CompletableFuture.java:1915)
	at org.apache.ratis.util.IOUtils.getFromFuture(IOUtils.java:79)
	... 4 more
2019-09-16 18:49:52,321 [bee99600-be87-4e2f-bca1-493826cfa9f4@group-4078FEE62CC7-SegmentedRaftLogWorker] WARN  segmented.SegmentedRaftLogWorker (SegmentedRaftLogWorker.java:getFromFuture(90)) - Timeout 1/~
org.apache.ratis.protocol.TimeoutIOException: Timeout 10s: WriteLog:17: (t:1, i:17), STATEMACHINELOGENTRY, client-A24F84BEFB32, cid=140-writeStateMachineData
	at org.apache.ratis.util.IOUtils.getFromFuture(IOUtils.java:87)
	at org.apache.ratis.server.raftlog.segmented.SegmentedRaftLogWorker$StateMachineDataPolicy.getFromFuture(SegmentedRaftLogWorker.java:87)
	at org.apache.ratis.server.raftlog.segmented.SegmentedRaftLogWorker$WriteLog.execute(SegmentedRaftLogWorker.java:477)
	at org.apache.ratis.server.raftlog.segmented.SegmentedRaftLogWorker.run(SegmentedRaftLogWorker.java:289)
	at java.lang.Thread.run(Thread.java:748)
Caused by: java.util.concurrent.TimeoutException
	at java.util.concurrent.CompletableFuture.timedGet(CompletableFuture.java:1771)
	at java.util.concurrent.CompletableFuture.get(CompletableFuture.java:1915)
	at org.apache.ratis.util.IOUtils.getFromFuture(IOUtils.java:79)
	... 4 more
2019-09-16 18:49:52,322 [e23021be-5025-43ec-901b-8f315bf6442a@group-4078FEE62CC7-SegmentedRaftLogWorker] WARN  segmented.SegmentedRaftLogWorker (SegmentedRaftLogWorker.java:getFromFuture(90)) - Timeout 1/~
org.apache.ratis.protocol.TimeoutIOException: Timeout 10s: WriteLog:19: (t:1, i:19), STATEMACHINELOGENTRY, client-A24F84BEFB32, cid=142-writeStateMachineData
	at org.apache.ratis.util.IOUtils.getFromFuture(IOUtils.java:87)
	at org.apache.ratis.server.raftlog.segmented.SegmentedRaftLogWorker$StateMachineDataPolicy.getFromFuture(SegmentedRaftLogWorker.java:87)
	at org.apache.ratis.server.raftlog.segmented.SegmentedRaftLogWorker$WriteLog.execute(SegmentedRaftLogWorker.java:477)
	at org.apache.ratis.server.raftlog.segmented.SegmentedRaftLogWorker.run(SegmentedRaftLogWorker.java:289)
	at java.lang.Thread.run(Thread.java:748)
Caused by: java.util.concurrent.TimeoutException
	at java.util.concurrent.CompletableFuture.timedGet(CompletableFuture.java:1771)
	at java.util.concurrent.CompletableFuture.get(CompletableFuture.java:1915)
	at org.apache.ratis.util.IOUtils.getFromFuture(IOUtils.java:79)
	... 4 more
2019-09-16 18:49:52,349 [grpc-default-executor-7] INFO  client.GrpcClientProtocolClient (GrpcClientProtocolClient.java:onNext(264)) - client-A24F84BEFB32->e23021be-5025-43ec-901b-8f315bf6442a: receive RaftClientReply:client-A24F84BEFB32->e23021be-5025-43ec-901b-8f315bf6442a@group-4078FEE62CC7, cid=139, FAILED org.apache.ratis.protocol.NotLeaderException: Server e23021be-5025-43ec-901b-8f315bf6442a@group-4078FEE62CC7 is not the leader bee99600-be87-4e2f-bca1-493826cfa9f4:192.168.34.56:42923, logIndex=0, commits[e23021be-5025-43ec-901b-8f315bf6442a:c15, 6b668dd7-26f3-4a2a-98d6-977366dc8866:c13, bee99600-be87-4e2f-bca1-493826cfa9f4:c15]
2019-09-16 18:49:52,723 [java.util.concurrent.ThreadPoolExecutor$Worker@3bba45ce[State = -1, empty queue]] WARN  server.GrpcLogAppender (GrpcLogAppender.java:timeoutAppendRequest(200)) - bee99600-be87-4e2f-bca1-493826cfa9f4@group-4078FEE62CC7->e23021be-5025-43ec-901b-8f315bf6442a-GrpcLogAppender: appendEntries Timeout, request=bee99600-be87-4e2f-bca1-493826cfa9f4->e23021be-5025-43ec-901b-8f315bf6442a#101-t1, previous=(t:1, i:21), leaderCommit=15, initializing? false, entries: <empty>
2019-09-16 18:49:52,723 [java.util.concurrent.ThreadPoolExecutor$Worker@45f38be8[State = -1, empty queue]] WARN  server.GrpcLogAppender (GrpcLogAppender.java:timeoutAppendRequest(200)) - bee99600-be87-4e2f-bca1-493826cfa9f4@group-4078FEE62CC7->6b668dd7-26f3-4a2a-98d6-977366dc8866-GrpcLogAppender: appendEntries Timeout, request=bee99600-be87-4e2f-bca1-493826cfa9f4->6b668dd7-26f3-4a2a-98d6-977366dc8866#101-t1, previous=(t:1, i:21), leaderCommit=15, initializing? false, entries: <empty>
2019-09-16 18:49:54,929 [grpc-default-executor-7] INFO  impl.RaftServerProxy (RaftServerProxy.java:remove(95)) - e8c1cc56-fd3a-4c1f-a15b-7334942b67be: remove group-3233B5392349:null
2019-09-16 18:49:54,932 [RatisPipelineUtilsThread] WARN  pipeline.RatisPipelineUtils (RatisPipelineUtils.java:destroyPipeline(66)) - Pipeline destroy failed for pipeline=PipelineID=297f27b4-88a4-4c33-ba42-3233b5392349 dn=e8c1cc56-fd3a-4c1f-a15b-7334942b67be{ip: 192.168.34.56, host: pr-hdds-2111-hlhfn-3535364396, networkLocation: /default-rack, certSerialId: null}
2019-09-16 18:49:54,934 [grpc-default-executor-7] INFO  impl.RaftServerProxy (RaftServerProxy.java:remove(95)) - e9384e49-5c15-4fe8-918f-d27f1539ccef: remove group-3233B5392349:null
2019-09-16 18:49:54,936 [RatisPipelineUtilsThread] WARN  pipeline.RatisPipelineUtils (RatisPipelineUtils.java:destroyPipeline(66)) - Pipeline destroy failed for pipeline=PipelineID=297f27b4-88a4-4c33-ba42-3233b5392349 dn=e9384e49-5c15-4fe8-918f-d27f1539ccef{ip: 192.168.34.56, host: pr-hdds-2111-hlhfn-3535364396, networkLocation: /default-rack, certSerialId: null}
2019-09-16 18:49:54,939 [grpc-default-executor-7] INFO  impl.RaftServerProxy (RaftServerProxy.java:remove(95)) - d6e5a99c-4067-45a5-9f51-68f82ac62b1e: remove group-3233B5392349:null
2019-09-16 18:49:54,942 [RatisPipelineUtilsThread] WARN  pipeline.RatisPipelineUtils (RatisPipelineUtils.java:destroyPipeline(66)) - Pipeline destroy failed for pipeline=PipelineID=297f27b4-88a4-4c33-ba42-3233b5392349 dn=d6e5a99c-4067-45a5-9f51-68f82ac62b1e{ip: 192.168.34.56, host: pr-hdds-2111-hlhfn-3535364396, networkLocation: /default-rack, certSerialId: null}
2019-09-16 18:49:54,942 [RatisPipelineUtilsThread] ERROR pipeline.SCMPipelineManager (Scheduler.java:lambda$schedule$1(70)) - Destroy pipeline failed for pipeline:Pipeline[ Id: 297f27b4-88a4-4c33-ba42-3233b5392349, Nodes: e8c1cc56-fd3a-4c1f-a15b-7334942b67be{ip: 192.168.34.56, host: pr-hdds-2111-hlhfn-3535364396, networkLocation: /default-rack, certSerialId: null}e9384e49-5c15-4fe8-918f-d27f1539ccef{ip: 192.168.34.56, host: pr-hdds-2111-hlhfn-3535364396, networkLocation: /default-rack, certSerialId: null}d6e5a99c-4067-45a5-9f51-68f82ac62b1e{ip: 192.168.34.56, host: pr-hdds-2111-hlhfn-3535364396, networkLocation: /default-rack, certSerialId: null}, Type:RATIS, Factor:THREE, State:CLOSED]
org.apache.hadoop.hdds.scm.pipeline.PipelineNotFoundException: PipelineID=297f27b4-88a4-4c33-ba42-3233b5392349 not found
	at org.apache.hadoop.hdds.scm.pipeline.PipelineStateMap.getPipeline(PipelineStateMap.java:132)
	at org.apache.hadoop.hdds.scm.pipeline.PipelineStateMap.removePipeline(PipelineStateMap.java:322)
	at org.apache.hadoop.hdds.scm.pipeline.PipelineStateManager.removePipeline(PipelineStateManager.java:107)
	at org.apache.hadoop.hdds.scm.pipeline.SCMPipelineManager.removePipeline(SCMPipelineManager.java:423)
	at org.apache.hadoop.hdds.scm.pipeline.SCMPipelineManager.destroyPipeline(SCMPipelineManager.java:409)
	at org.apache.hadoop.hdds.scm.pipeline.SCMPipelineManager.lambda$finalizeAndDestroyPipeline$0(SCMPipelineManager.java:318)
	at org.apache.hadoop.utils.Scheduler.lambda$schedule$1(Scheduler.java:68)
	at java.util.concurrent.Executors$RunnableAdapter.call(Executors.java:511)
	at java.util.concurrent.FutureTask.run(FutureTask.java:266)
	at java.util.concurrent.ScheduledThreadPoolExecutor$ScheduledFutureTask.access$201(ScheduledThreadPoolExecutor.java:180)
	at java.util.concurrent.ScheduledThreadPoolExecutor$ScheduledFutureTask.run(ScheduledThreadPoolExecutor.java:293)
	at java.util.concurrent.ThreadPoolExecutor.runWorker(ThreadPoolExecutor.java:1149)
	at java.util.concurrent.ThreadPoolExecutor$Worker.run(ThreadPoolExecutor.java:624)
	at java.lang.Thread.run(Thread.java:748)
2019-09-16 18:49:55,224 [java.util.concurrent.ThreadPoolExecutor$Worker@45f38be8[State = -1, empty queue]] WARN  server.GrpcLogAppender (GrpcLogAppender.java:timeoutAppendRequest(200)) - bee99600-be87-4e2f-bca1-493826cfa9f4@group-4078FEE62CC7->6b668dd7-26f3-4a2a-98d6-977366dc8866-GrpcLogAppender: appendEntries Timeout, request=bee99600-be87-4e2f-bca1-493826cfa9f4->6b668dd7-26f3-4a2a-98d6-977366dc8866#102-t1, previous=(t:1, i:21), leaderCommit=15, initializing? false, entries: <empty>
2019-09-16 18:49:55,224 [java.util.concurrent.ThreadPoolExecutor$Worker@3bba45ce[State = -1, empty queue]] WARN  server.GrpcLogAppender (GrpcLogAppender.java:timeoutAppendRequest(200)) - bee99600-be87-4e2f-bca1-493826cfa9f4@group-4078FEE62CC7->e23021be-5025-43ec-901b-8f315bf6442a-GrpcLogAppender: appendEntries Timeout, request=bee99600-be87-4e2f-bca1-493826cfa9f4->e23021be-5025-43ec-901b-8f315bf6442a#102-t1, previous=(t:1, i:21), leaderCommit=15, initializing? false, entries: <empty>
2019-09-16 18:49:56,929 [grpc-default-executor-4] INFO  impl.RaftServerProxy (RaftServerProxy.java:remove(95)) - e8c1cc56-fd3a-4c1f-a15b-7334942b67be: remove group-3233B5392349:null
2019-09-16 18:49:56,932 [RatisPipelineUtilsThread] WARN  pipeline.RatisPipelineUtils (RatisPipelineUtils.java:destroyPipeline(66)) - Pipeline destroy failed for pipeline=PipelineID=297f27b4-88a4-4c33-ba42-3233b5392349 dn=e8c1cc56-fd3a-4c1f-a15b-7334942b67be{ip: 192.168.34.56, host: pr-hdds-2111-hlhfn-3535364396, networkLocation: /default-rack, certSerialId: null}
2019-09-16 18:49:56,935 [grpc-default-executor-4] INFO  impl.RaftServerProxy (RaftServerProxy.java:remove(95)) - e9384e49-5c15-4fe8-918f-d27f1539ccef: remove group-3233B5392349:null
2019-09-16 18:49:56,937 [RatisPipelineUtilsThread] WARN  pipeline.RatisPipelineUtils (RatisPipelineUtils.java:destroyPipeline(66)) - Pipeline destroy failed for pipeline=PipelineID=297f27b4-88a4-4c33-ba42-3233b5392349 dn=e9384e49-5c15-4fe8-918f-d27f1539ccef{ip: 192.168.34.56, host: pr-hdds-2111-hlhfn-3535364396, networkLocation: /default-rack, certSerialId: null}
2019-09-16 18:49:56,939 [grpc-default-executor-4] INFO  impl.RaftServerProxy (RaftServerProxy.java:remove(95)) - d6e5a99c-4067-45a5-9f51-68f82ac62b1e: remove group-3233B5392349:null
2019-09-16 18:49:56,942 [RatisPipelineUtilsThread] WARN  pipeline.RatisPipelineUtils (RatisPipelineUtils.java:destroyPipeline(66)) - Pipeline destroy failed for pipeline=PipelineID=297f27b4-88a4-4c33-ba42-3233b5392349 dn=d6e5a99c-4067-45a5-9f51-68f82ac62b1e{ip: 192.168.34.56, host: pr-hdds-2111-hlhfn-3535364396, networkLocation: /default-rack, certSerialId: null}
2019-09-16 18:49:56,942 [RatisPipelineUtilsThread] ERROR pipeline.SCMPipelineManager (Scheduler.java:lambda$schedule$1(70)) - Destroy pipeline failed for pipeline:Pipeline[ Id: 297f27b4-88a4-4c33-ba42-3233b5392349, Nodes: e8c1cc56-fd3a-4c1f-a15b-7334942b67be{ip: 192.168.34.56, host: pr-hdds-2111-hlhfn-3535364396, networkLocation: /default-rack, certSerialId: null}e9384e49-5c15-4fe8-918f-d27f1539ccef{ip: 192.168.34.56, host: pr-hdds-2111-hlhfn-3535364396, networkLocation: /default-rack, certSerialId: null}d6e5a99c-4067-45a5-9f51-68f82ac62b1e{ip: 192.168.34.56, host: pr-hdds-2111-hlhfn-3535364396, networkLocation: /default-rack, certSerialId: null}, Type:RATIS, Factor:THREE, State:CLOSED]
org.apache.hadoop.hdds.scm.pipeline.PipelineNotFoundException: PipelineID=297f27b4-88a4-4c33-ba42-3233b5392349 not found
	at org.apache.hadoop.hdds.scm.pipeline.PipelineStateMap.getPipeline(PipelineStateMap.java:132)
	at org.apache.hadoop.hdds.scm.pipeline.PipelineStateMap.removePipeline(PipelineStateMap.java:322)
	at org.apache.hadoop.hdds.scm.pipeline.PipelineStateManager.removePipeline(PipelineStateManager.java:107)
	at org.apache.hadoop.hdds.scm.pipeline.SCMPipelineManager.removePipeline(SCMPipelineManager.java:423)
	at org.apache.hadoop.hdds.scm.pipeline.SCMPipelineManager.destroyPipeline(SCMPipelineManager.java:409)
	at org.apache.hadoop.hdds.scm.pipeline.SCMPipelineManager.lambda$finalizeAndDestroyPipeline$0(SCMPipelineManager.java:318)
	at org.apache.hadoop.utils.Scheduler.lambda$schedule$1(Scheduler.java:68)
	at java.util.concurrent.Executors$RunnableAdapter.call(Executors.java:511)
	at java.util.concurrent.FutureTask.run(FutureTask.java:266)
	at java.util.concurrent.ScheduledThreadPoolExecutor$ScheduledFutureTask.access$201(ScheduledThreadPoolExecutor.java:180)
	at java.util.concurrent.ScheduledThreadPoolExecutor$ScheduledFutureTask.run(ScheduledThreadPoolExecutor.java:293)
	at java.util.concurrent.ThreadPoolExecutor.runWorker(ThreadPoolExecutor.java:1149)
	at java.util.concurrent.ThreadPoolExecutor$Worker.run(ThreadPoolExecutor.java:624)
	at java.lang.Thread.run(Thread.java:748)
2019-09-16 18:49:57,421 [grpc-default-executor-7] INFO  client.GrpcClientProtocolClient (GrpcClientProtocolClient.java:onNext(264)) - client-A24F84BEFB32->e23021be-5025-43ec-901b-8f315bf6442a: receive RaftClientReply:client-A24F84BEFB32->e23021be-5025-43ec-901b-8f315bf6442a@group-4078FEE62CC7, cid=139, FAILED org.apache.ratis.protocol.NotLeaderException: Server e23021be-5025-43ec-901b-8f315bf6442a@group-4078FEE62CC7 is not the leader bee99600-be87-4e2f-bca1-493826cfa9f4:192.168.34.56:42923, logIndex=0, commits[e23021be-5025-43ec-901b-8f315bf6442a:c15, 6b668dd7-26f3-4a2a-98d6-977366dc8866:c13, bee99600-be87-4e2f-bca1-493826cfa9f4:c15]
2019-09-16 18:49:57,724 [java.util.concurrent.ThreadPoolExecutor$Worker@3bba45ce[State = -1, empty queue]] WARN  server.GrpcLogAppender (GrpcLogAppender.java:timeoutAppendRequest(200)) - bee99600-be87-4e2f-bca1-493826cfa9f4@group-4078FEE62CC7->e23021be-5025-43ec-901b-8f315bf6442a-GrpcLogAppender: appendEntries Timeout, request=bee99600-be87-4e2f-bca1-493826cfa9f4->e23021be-5025-43ec-901b-8f315bf6442a#103-t1, previous=(t:1, i:21), leaderCommit=15, initializing? false, entries: <empty>
2019-09-16 18:49:57,724 [java.util.concurrent.ThreadPoolExecutor$Worker@45f38be8[State = -1, empty queue]] WARN  server.GrpcLogAppender (GrpcLogAppender.java:timeoutAppendRequest(200)) - bee99600-be87-4e2f-bca1-493826cfa9f4@group-4078FEE62CC7->6b668dd7-26f3-4a2a-98d6-977366dc8866-GrpcLogAppender: appendEntries Timeout, request=bee99600-be87-4e2f-bca1-493826cfa9f4->6b668dd7-26f3-4a2a-98d6-977366dc8866#103-t1, previous=(t:1, i:21), leaderCommit=15, initializing? false, entries: <empty>
2019-09-16 18:49:59,927 [grpc-default-executor-7] INFO  impl.RaftServerProxy (RaftServerProxy.java:remove(95)) - e8c1cc56-fd3a-4c1f-a15b-7334942b67be: remove group-3233B5392349:null
2019-09-16 18:49:59,929 [RatisPipelineUtilsThread] WARN  pipeline.RatisPipelineUtils (RatisPipelineUtils.java:destroyPipeline(66)) - Pipeline destroy failed for pipeline=PipelineID=297f27b4-88a4-4c33-ba42-3233b5392349 dn=e8c1cc56-fd3a-4c1f-a15b-7334942b67be{ip: 192.168.34.56, host: pr-hdds-2111-hlhfn-3535364396, networkLocation: /default-rack, certSerialId: null}
2019-09-16 18:49:59,932 [grpc-default-executor-7] INFO  impl.RaftServerProxy (RaftServerProxy.java:remove(95)) - e9384e49-5c15-4fe8-918f-d27f1539ccef: remove group-3233B5392349:null
2019-09-16 18:49:59,934 [RatisPipelineUtilsThread] WARN  pipeline.RatisPipelineUtils (RatisPipelineUtils.java:destroyPipeline(66)) - Pipeline destroy failed for pipeline=PipelineID=297f27b4-88a4-4c33-ba42-3233b5392349 dn=e9384e49-5c15-4fe8-918f-d27f1539ccef{ip: 192.168.34.56, host: pr-hdds-2111-hlhfn-3535364396, networkLocation: /default-rack, certSerialId: null}
2019-09-16 18:49:59,936 [grpc-default-executor-7] INFO  impl.RaftServerProxy (RaftServerProxy.java:remove(95)) - d6e5a99c-4067-45a5-9f51-68f82ac62b1e: remove group-3233B5392349:null
2019-09-16 18:49:59,938 [RatisPipelineUtilsThread] WARN  pipeline.RatisPipelineUtils (RatisPipelineUtils.java:destroyPipeline(66)) - Pipeline destroy failed for pipeline=PipelineID=297f27b4-88a4-4c33-ba42-3233b5392349 dn=d6e5a99c-4067-45a5-9f51-68f82ac62b1e{ip: 192.168.34.56, host: pr-hdds-2111-hlhfn-3535364396, networkLocation: /default-rack, certSerialId: null}
2019-09-16 18:49:59,938 [RatisPipelineUtilsThread] ERROR pipeline.SCMPipelineManager (Scheduler.java:lambda$schedule$1(70)) - Destroy pipeline failed for pipeline:Pipeline[ Id: 297f27b4-88a4-4c33-ba42-3233b5392349, Nodes: e8c1cc56-fd3a-4c1f-a15b-7334942b67be{ip: 192.168.34.56, host: pr-hdds-2111-hlhfn-3535364396, networkLocation: /default-rack, certSerialId: null}e9384e49-5c15-4fe8-918f-d27f1539ccef{ip: 192.168.34.56, host: pr-hdds-2111-hlhfn-3535364396, networkLocation: /default-rack, certSerialId: null}d6e5a99c-4067-45a5-9f51-68f82ac62b1e{ip: 192.168.34.56, host: pr-hdds-2111-hlhfn-3535364396, networkLocation: /default-rack, certSerialId: null}, Type:RATIS, Factor:THREE, State:CLOSED]
org.apache.hadoop.hdds.scm.pipeline.PipelineNotFoundException: PipelineID=297f27b4-88a4-4c33-ba42-3233b5392349 not found
	at org.apache.hadoop.hdds.scm.pipeline.PipelineStateMap.getPipeline(PipelineStateMap.java:132)
	at org.apache.hadoop.hdds.scm.pipeline.PipelineStateMap.removePipeline(PipelineStateMap.java:322)
	at org.apache.hadoop.hdds.scm.pipeline.PipelineStateManager.removePipeline(PipelineStateManager.java:107)
	at org.apache.hadoop.hdds.scm.pipeline.SCMPipelineManager.removePipeline(SCMPipelineManager.java:423)
	at org.apache.hadoop.hdds.scm.pipeline.SCMPipelineManager.destroyPipeline(SCMPipelineManager.java:409)
	at org.apache.hadoop.hdds.scm.pipeline.SCMPipelineManager.lambda$finalizeAndDestroyPipeline$0(SCMPipelineManager.java:318)
	at org.apache.hadoop.utils.Scheduler.lambda$schedule$1(Scheduler.java:68)
	at java.util.concurrent.Executors$RunnableAdapter.call(Executors.java:511)
	at java.util.concurrent.FutureTask.run(FutureTask.java:266)
	at java.util.concurrent.ScheduledThreadPoolExecutor$ScheduledFutureTask.access$201(ScheduledThreadPoolExecutor.java:180)
	at java.util.concurrent.ScheduledThreadPoolExecutor$ScheduledFutureTask.run(ScheduledThreadPoolExecutor.java:293)
	at java.util.concurrent.ThreadPoolExecutor.runWorker(ThreadPoolExecutor.java:1149)
	at java.util.concurrent.ThreadPoolExecutor$Worker.run(ThreadPoolExecutor.java:624)
	at java.lang.Thread.run(Thread.java:748)
2019-09-16 18:50:00,224 [java.util.concurrent.ThreadPoolExecutor$Worker@3bba45ce[State = -1, empty queue]] WARN  server.GrpcLogAppender (GrpcLogAppender.java:timeoutAppendRequest(200)) - bee99600-be87-4e2f-bca1-493826cfa9f4@group-4078FEE62CC7->e23021be-5025-43ec-901b-8f315bf6442a-GrpcLogAppender: appendEntries Timeout, request=bee99600-be87-4e2f-bca1-493826cfa9f4->e23021be-5025-43ec-901b-8f315bf6442a#104-t1, previous=(t:1, i:21), leaderCommit=15, initializing? false, entries: <empty>
2019-09-16 18:50:00,224 [java.util.concurrent.ThreadPoolExecutor$Worker@45f38be8[State = -1, empty queue]] WARN  server.GrpcLogAppender (GrpcLogAppender.java:timeoutAppendRequest(200)) - bee99600-be87-4e2f-bca1-493826cfa9f4@group-4078FEE62CC7->6b668dd7-26f3-4a2a-98d6-977366dc8866-GrpcLogAppender: appendEntries Timeout, request=bee99600-be87-4e2f-bca1-493826cfa9f4->6b668dd7-26f3-4a2a-98d6-977366dc8866#104-t1, previous=(t:1, i:21), leaderCommit=15, initializing? false, entries: <empty>
2019-09-16 18:50:01,926 [grpc-default-executor-4] INFO  impl.RaftServerProxy (RaftServerProxy.java:remove(95)) - e8c1cc56-fd3a-4c1f-a15b-7334942b67be: remove group-3233B5392349:null
2019-09-16 18:50:01,929 [RatisPipelineUtilsThread] WARN  pipeline.RatisPipelineUtils (RatisPipelineUtils.java:destroyPipeline(66)) - Pipeline destroy failed for pipeline=PipelineID=297f27b4-88a4-4c33-ba42-3233b5392349 dn=e8c1cc56-fd3a-4c1f-a15b-7334942b67be{ip: 192.168.34.56, host: pr-hdds-2111-hlhfn-3535364396, networkLocation: /default-rack, certSerialId: null}
2019-09-16 18:50:01,932 [grpc-default-executor-4] INFO  impl.RaftServerProxy (RaftServerProxy.java:remove(95)) - e9384e49-5c15-4fe8-918f-d27f1539ccef: remove group-3233B5392349:null
2019-09-16 18:50:01,933 [RatisPipelineUtilsThread] WARN  pipeline.RatisPipelineUtils (RatisPipelineUtils.java:destroyPipeline(66)) - Pipeline destroy failed for pipeline=PipelineID=297f27b4-88a4-4c33-ba42-3233b5392349 dn=e9384e49-5c15-4fe8-918f-d27f1539ccef{ip: 192.168.34.56, host: pr-hdds-2111-hlhfn-3535364396, networkLocation: /default-rack, certSerialId: null}
2019-09-16 18:50:01,936 [grpc-default-executor-4] INFO  impl.RaftServerProxy (RaftServerProxy.java:remove(95)) - d6e5a99c-4067-45a5-9f51-68f82ac62b1e: remove group-3233B5392349:null
2019-09-16 18:50:01,938 [RatisPipelineUtilsThread] WARN  pipeline.RatisPipelineUtils (RatisPipelineUtils.java:destroyPipeline(66)) - Pipeline destroy failed for pipeline=PipelineID=297f27b4-88a4-4c33-ba42-3233b5392349 dn=d6e5a99c-4067-45a5-9f51-68f82ac62b1e{ip: 192.168.34.56, host: pr-hdds-2111-hlhfn-3535364396, networkLocation: /default-rack, certSerialId: null}
2019-09-16 18:50:01,938 [RatisPipelineUtilsThread] ERROR pipeline.SCMPipelineManager (Scheduler.java:lambda$schedule$1(70)) - Destroy pipeline failed for pipeline:Pipeline[ Id: 297f27b4-88a4-4c33-ba42-3233b5392349, Nodes: e8c1cc56-fd3a-4c1f-a15b-7334942b67be{ip: 192.168.34.56, host: pr-hdds-2111-hlhfn-3535364396, networkLocation: /default-rack, certSerialId: null}e9384e49-5c15-4fe8-918f-d27f1539ccef{ip: 192.168.34.56, host: pr-hdds-2111-hlhfn-3535364396, networkLocation: /default-rack, certSerialId: null}d6e5a99c-4067-45a5-9f51-68f82ac62b1e{ip: 192.168.34.56, host: pr-hdds-2111-hlhfn-3535364396, networkLocation: /default-rack, certSerialId: null}, Type:RATIS, Factor:THREE, State:CLOSED]
org.apache.hadoop.hdds.scm.pipeline.PipelineNotFoundException: PipelineID=297f27b4-88a4-4c33-ba42-3233b5392349 not found
	at org.apache.hadoop.hdds.scm.pipeline.PipelineStateMap.getPipeline(PipelineStateMap.java:132)
	at org.apache.hadoop.hdds.scm.pipeline.PipelineStateMap.removePipeline(PipelineStateMap.java:322)
	at org.apache.hadoop.hdds.scm.pipeline.PipelineStateManager.removePipeline(PipelineStateManager.java:107)
	at org.apache.hadoop.hdds.scm.pipeline.SCMPipelineManager.removePipeline(SCMPipelineManager.java:423)
	at org.apache.hadoop.hdds.scm.pipeline.SCMPipelineManager.destroyPipeline(SCMPipelineManager.java:409)
	at org.apache.hadoop.hdds.scm.pipeline.SCMPipelineManager.lambda$finalizeAndDestroyPipeline$0(SCMPipelineManager.java:318)
	at org.apache.hadoop.utils.Scheduler.lambda$schedule$1(Scheduler.java:68)
	at java.util.concurrent.Executors$RunnableAdapter.call(Executors.java:511)
	at java.util.concurrent.FutureTask.run(FutureTask.java:266)
	at java.util.concurrent.ScheduledThreadPoolExecutor$ScheduledFutureTask.access$201(ScheduledThreadPoolExecutor.java:180)
	at java.util.concurrent.ScheduledThreadPoolExecutor$ScheduledFutureTask.run(ScheduledThreadPoolExecutor.java:293)
	at java.util.concurrent.ThreadPoolExecutor.runWorker(ThreadPoolExecutor.java:1149)
	at java.util.concurrent.ThreadPoolExecutor$Worker.run(ThreadPoolExecutor.java:624)
	at java.lang.Thread.run(Thread.java:748)
2019-09-16 18:50:02,220 [6b668dd7-26f3-4a2a-98d6-977366dc8866@group-4078FEE62CC7-SegmentedRaftLogWorker] WARN  segmented.SegmentedRaftLogWorker (SegmentedRaftLogWorker.java:getFromFuture(90)) - Timeout 2/~
org.apache.ratis.protocol.TimeoutIOException: Timeout 10s: WriteLog:16: (t:1, i:16), STATEMACHINELOGENTRY, client-A24F84BEFB32, cid=139-writeStateMachineData
	at org.apache.ratis.util.IOUtils.getFromFuture(IOUtils.java:87)
	at org.apache.ratis.server.raftlog.segmented.SegmentedRaftLogWorker$StateMachineDataPolicy.getFromFuture(SegmentedRaftLogWorker.java:87)
	at org.apache.ratis.server.raftlog.segmented.SegmentedRaftLogWorker$WriteLog.execute(SegmentedRaftLogWorker.java:477)
	at org.apache.ratis.server.raftlog.segmented.SegmentedRaftLogWorker.run(SegmentedRaftLogWorker.java:289)
	at java.lang.Thread.run(Thread.java:748)
Caused by: java.util.concurrent.TimeoutException
	at java.util.concurrent.CompletableFuture.timedGet(CompletableFuture.java:1771)
	at java.util.concurrent.CompletableFuture.get(CompletableFuture.java:1915)
	at org.apache.ratis.util.IOUtils.getFromFuture(IOUtils.java:79)
	... 4 more
2019-09-16 18:50:02,322 [bee99600-be87-4e2f-bca1-493826cfa9f4@group-4078FEE62CC7-SegmentedRaftLogWorker] WARN  segmented.SegmentedRaftLogWorker (SegmentedRaftLogWorker.java:getFromFuture(90)) - Timeout 2/~
org.apache.ratis.protocol.TimeoutIOException: Timeout 10s: WriteLog:17: (t:1, i:17), STATEMACHINELOGENTRY, client-A24F84BEFB32, cid=140-writeStateMachineData
	at org.apache.ratis.util.IOUtils.getFromFuture(IOUtils.java:87)
	at org.apache.ratis.server.raftlog.segmented.SegmentedRaftLogWorker$StateMachineDataPolicy.getFromFuture(SegmentedRaftLogWorker.java:87)
	at org.apache.ratis.server.raftlog.segmented.SegmentedRaftLogWorker$WriteLog.execute(SegmentedRaftLogWorker.java:477)
	at org.apache.ratis.server.raftlog.segmented.SegmentedRaftLogWorker.run(SegmentedRaftLogWorker.java:289)
	at java.lang.Thread.run(Thread.java:748)
Caused by: java.util.concurrent.TimeoutException
	at java.util.concurrent.CompletableFuture.timedGet(CompletableFuture.java:1771)
	at java.util.concurrent.CompletableFuture.get(CompletableFuture.java:1915)
	at org.apache.ratis.util.IOUtils.getFromFuture(IOUtils.java:79)
	... 4 more
2019-09-16 18:50:02,322 [e23021be-5025-43ec-901b-8f315bf6442a@group-4078FEE62CC7-SegmentedRaftLogWorker] WARN  segmented.SegmentedRaftLogWorker (SegmentedRaftLogWorker.java:getFromFuture(90)) - Timeout 2/~
org.apache.ratis.protocol.TimeoutIOException: Timeout 10s: WriteLog:19: (t:1, i:19), STATEMACHINELOGENTRY, client-A24F84BEFB32, cid=142-writeStateMachineData
	at org.apache.ratis.util.IOUtils.getFromFuture(IOUtils.java:87)
	at org.apache.ratis.server.raftlog.segmented.SegmentedRaftLogWorker$StateMachineDataPolicy.getFromFuture(SegmentedRaftLogWorker.java:87)
	at org.apache.ratis.server.raftlog.segmented.SegmentedRaftLogWorker$WriteLog.execute(SegmentedRaftLogWorker.java:477)
	at org.apache.ratis.server.raftlog.segmented.SegmentedRaftLogWorker.run(SegmentedRaftLogWorker.java:289)
	at java.lang.Thread.run(Thread.java:748)
Caused by: java.util.concurrent.TimeoutException
	at java.util.concurrent.CompletableFuture.timedGet(CompletableFuture.java:1771)
	at java.util.concurrent.CompletableFuture.get(CompletableFuture.java:1915)
	at org.apache.ratis.util.IOUtils.getFromFuture(IOUtils.java:79)
	... 4 more
2019-09-16 18:50:02,450 [grpc-default-executor-4] INFO  client.GrpcClientProtocolClient (GrpcClientProtocolClient.java:onNext(264)) - client-A24F84BEFB32->6b668dd7-26f3-4a2a-98d6-977366dc8866: receive RaftClientReply:client-A24F84BEFB32->6b668dd7-26f3-4a2a-98d6-977366dc8866@group-4078FEE62CC7, cid=139, FAILED org.apache.ratis.protocol.NotLeaderException: Server 6b668dd7-26f3-4a2a-98d6-977366dc8866@group-4078FEE62CC7 is not the leader bee99600-be87-4e2f-bca1-493826cfa9f4:192.168.34.56:42923, logIndex=0, commits[6b668dd7-26f3-4a2a-98d6-977366dc8866:c15, e23021be-5025-43ec-901b-8f315bf6442a:c13, bee99600-be87-4e2f-bca1-493826cfa9f4:c15]
2019-09-16 18:50:02,725 [java.util.concurrent.ThreadPoolExecutor$Worker@45f38be8[State = -1, empty queue]] WARN  server.GrpcLogAppender (GrpcLogAppender.java:timeoutAppendRequest(200)) - bee99600-be87-4e2f-bca1-493826cfa9f4@group-4078FEE62CC7->6b668dd7-26f3-4a2a-98d6-977366dc8866-GrpcLogAppender: appendEntries Timeout, request=bee99600-be87-4e2f-bca1-493826cfa9f4->6b668dd7-26f3-4a2a-98d6-977366dc8866#105-t1, previous=(t:1, i:21), leaderCommit=15, initializing? false, entries: <empty>
2019-09-16 18:50:02,725 [java.util.concurrent.ThreadPoolExecutor$Worker@3bba45ce[State = -1, empty queue]] WARN  server.GrpcLogAppender (GrpcLogAppender.java:timeoutAppendRequest(200)) - bee99600-be87-4e2f-bca1-493826cfa9f4@group-4078FEE62CC7->e23021be-5025-43ec-901b-8f315bf6442a-GrpcLogAppender: appendEntries Timeout, request=bee99600-be87-4e2f-bca1-493826cfa9f4->e23021be-5025-43ec-901b-8f315bf6442a#105-t1, previous=(t:1, i:21), leaderCommit=15, initializing? false, entries: <empty>
2019-09-16 18:50:04,925 [grpc-default-executor-7] INFO  impl.RaftServerProxy (RaftServerProxy.java:remove(95)) - e8c1cc56-fd3a-4c1f-a15b-7334942b67be: remove group-3233B5392349:null
2019-09-16 18:50:04,928 [RatisPipelineUtilsThread] WARN  pipeline.RatisPipelineUtils (RatisPipelineUtils.java:destroyPipeline(66)) - Pipeline destroy failed for pipeline=PipelineID=297f27b4-88a4-4c33-ba42-3233b5392349 dn=e8c1cc56-fd3a-4c1f-a15b-7334942b67be{ip: 192.168.34.56, host: pr-hdds-2111-hlhfn-3535364396, networkLocation: /default-rack, certSerialId: null}
2019-09-16 18:50:04,930 [grpc-default-executor-7] INFO  impl.RaftServerProxy (RaftServerProxy.java:remove(95)) - e9384e49-5c15-4fe8-918f-d27f1539ccef: remove group-3233B5392349:null
2019-09-16 18:50:04,932 [RatisPipelineUtilsThread] WARN  pipeline.RatisPipelineUtils (RatisPipelineUtils.java:destroyPipeline(66)) - Pipeline destroy failed for pipeline=PipelineID=297f27b4-88a4-4c33-ba42-3233b5392349 dn=e9384e49-5c15-4fe8-918f-d27f1539ccef{ip: 192.168.34.56, host: pr-hdds-2111-hlhfn-3535364396, networkLocation: /default-rack, certSerialId: null}
2019-09-16 18:50:04,934 [grpc-default-executor-7] INFO  impl.RaftServerProxy (RaftServerProxy.java:remove(95)) - d6e5a99c-4067-45a5-9f51-68f82ac62b1e: remove group-3233B5392349:null
2019-09-16 18:50:04,936 [RatisPipelineUtilsThread] WARN  pipeline.RatisPipelineUtils (RatisPipelineUtils.java:destroyPipeline(66)) - Pipeline destroy failed for pipeline=PipelineID=297f27b4-88a4-4c33-ba42-3233b5392349 dn=d6e5a99c-4067-45a5-9f51-68f82ac62b1e{ip: 192.168.34.56, host: pr-hdds-2111-hlhfn-3535364396, networkLocation: /default-rack, certSerialId: null}
2019-09-16 18:50:04,936 [RatisPipelineUtilsThread] ERROR pipeline.SCMPipelineManager (Scheduler.java:lambda$schedule$1(70)) - Destroy pipeline failed for pipeline:Pipeline[ Id: 297f27b4-88a4-4c33-ba42-3233b5392349, Nodes: e8c1cc56-fd3a-4c1f-a15b-7334942b67be{ip: 192.168.34.56, host: pr-hdds-2111-hlhfn-3535364396, networkLocation: /default-rack, certSerialId: null}e9384e49-5c15-4fe8-918f-d27f1539ccef{ip: 192.168.34.56, host: pr-hdds-2111-hlhfn-3535364396, networkLocation: /default-rack, certSerialId: null}d6e5a99c-4067-45a5-9f51-68f82ac62b1e{ip: 192.168.34.56, host: pr-hdds-2111-hlhfn-3535364396, networkLocation: /default-rack, certSerialId: null}, Type:RATIS, Factor:THREE, State:CLOSED]
org.apache.hadoop.hdds.scm.pipeline.PipelineNotFoundException: PipelineID=297f27b4-88a4-4c33-ba42-3233b5392349 not found
	at org.apache.hadoop.hdds.scm.pipeline.PipelineStateMap.getPipeline(PipelineStateMap.java:132)
	at org.apache.hadoop.hdds.scm.pipeline.PipelineStateMap.removePipeline(PipelineStateMap.java:322)
	at org.apache.hadoop.hdds.scm.pipeline.PipelineStateManager.removePipeline(PipelineStateManager.java:107)
	at org.apache.hadoop.hdds.scm.pipeline.SCMPipelineManager.removePipeline(SCMPipelineManager.java:423)
	at org.apache.hadoop.hdds.scm.pipeline.SCMPipelineManager.destroyPipeline(SCMPipelineManager.java:409)
	at org.apache.hadoop.hdds.scm.pipeline.SCMPipelineManager.lambda$finalizeAndDestroyPipeline$0(SCMPipelineManager.java:318)
	at org.apache.hadoop.utils.Scheduler.lambda$schedule$1(Scheduler.java:68)
	at java.util.concurrent.Executors$RunnableAdapter.call(Executors.java:511)
	at java.util.concurrent.FutureTask.run(FutureTask.java:266)
	at java.util.concurrent.ScheduledThreadPoolExecutor$ScheduledFutureTask.access$201(ScheduledThreadPoolExecutor.java:180)
	at java.util.concurrent.ScheduledThreadPoolExecutor$ScheduledFutureTask.run(ScheduledThreadPoolExecutor.java:293)
	at java.util.concurrent.ThreadPoolExecutor.runWorker(ThreadPoolExecutor.java:1149)
	at java.util.concurrent.ThreadPoolExecutor$Worker.run(ThreadPoolExecutor.java:624)
	at java.lang.Thread.run(Thread.java:748)
2019-09-16 18:50:05,225 [java.util.concurrent.ThreadPoolExecutor$Worker@3bba45ce[State = -1, empty queue]] WARN  server.GrpcLogAppender (GrpcLogAppender.java:timeoutAppendRequest(200)) - bee99600-be87-4e2f-bca1-493826cfa9f4@group-4078FEE62CC7->e23021be-5025-43ec-901b-8f315bf6442a-GrpcLogAppender: appendEntries Timeout, request=bee99600-be87-4e2f-bca1-493826cfa9f4->e23021be-5025-43ec-901b-8f315bf6442a#106-t1, previous=(t:1, i:21), leaderCommit=15, initializing? false, entries: <empty>
2019-09-16 18:50:05,225 [java.util.concurrent.ThreadPoolExecutor$Worker@45f38be8[State = -1, empty queue]] WARN  server.GrpcLogAppender (GrpcLogAppender.java:timeoutAppendRequest(200)) - bee99600-be87-4e2f-bca1-493826cfa9f4@group-4078FEE62CC7->6b668dd7-26f3-4a2a-98d6-977366dc8866-GrpcLogAppender: appendEntries Timeout, request=bee99600-be87-4e2f-bca1-493826cfa9f4->6b668dd7-26f3-4a2a-98d6-977366dc8866#106-t1, previous=(t:1, i:21), leaderCommit=15, initializing? false, entries: <empty>
2019-09-16 18:50:06,926 [grpc-default-executor-4] INFO  impl.RaftServerProxy (RaftServerProxy.java:remove(95)) - e8c1cc56-fd3a-4c1f-a15b-7334942b67be: remove group-3233B5392349:null
2019-09-16 18:50:06,929 [RatisPipelineUtilsThread] WARN  pipeline.RatisPipelineUtils (RatisPipelineUtils.java:destroyPipeline(66)) - Pipeline destroy failed for pipeline=PipelineID=297f27b4-88a4-4c33-ba42-3233b5392349 dn=e8c1cc56-fd3a-4c1f-a15b-7334942b67be{ip: 192.168.34.56, host: pr-hdds-2111-hlhfn-3535364396, networkLocation: /default-rack, certSerialId: null}
2019-09-16 18:50:06,931 [grpc-default-executor-4] INFO  impl.RaftServerProxy (RaftServerProxy.java:remove(95)) - e9384e49-5c15-4fe8-918f-d27f1539ccef: remove group-3233B5392349:null
2019-09-16 18:50:06,933 [RatisPipelineUtilsThread] WARN  pipeline.RatisPipelineUtils (RatisPipelineUtils.java:destroyPipeline(66)) - Pipeline destroy failed for pipeline=PipelineID=297f27b4-88a4-4c33-ba42-3233b5392349 dn=e9384e49-5c15-4fe8-918f-d27f1539ccef{ip: 192.168.34.56, host: pr-hdds-2111-hlhfn-3535364396, networkLocation: /default-rack, certSerialId: null}
2019-09-16 18:50:06,936 [grpc-default-executor-4] INFO  impl.RaftServerProxy (RaftServerProxy.java:remove(95)) - d6e5a99c-4067-45a5-9f51-68f82ac62b1e: remove group-3233B5392349:null
2019-09-16 18:50:06,938 [RatisPipelineUtilsThread] WARN  pipeline.RatisPipelineUtils (RatisPipelineUtils.java:destroyPipeline(66)) - Pipeline destroy failed for pipeline=PipelineID=297f27b4-88a4-4c33-ba42-3233b5392349 dn=d6e5a99c-4067-45a5-9f51-68f82ac62b1e{ip: 192.168.34.56, host: pr-hdds-2111-hlhfn-3535364396, networkLocation: /default-rack, certSerialId: null}
2019-09-16 18:50:06,938 [RatisPipelineUtilsThread] ERROR pipeline.SCMPipelineManager (Scheduler.java:lambda$schedule$1(70)) - Destroy pipeline failed for pipeline:Pipeline[ Id: 297f27b4-88a4-4c33-ba42-3233b5392349, Nodes: e8c1cc56-fd3a-4c1f-a15b-7334942b67be{ip: 192.168.34.56, host: pr-hdds-2111-hlhfn-3535364396, networkLocation: /default-rack, certSerialId: null}e9384e49-5c15-4fe8-918f-d27f1539ccef{ip: 192.168.34.56, host: pr-hdds-2111-hlhfn-3535364396, networkLocation: /default-rack, certSerialId: null}d6e5a99c-4067-45a5-9f51-68f82ac62b1e{ip: 192.168.34.56, host: pr-hdds-2111-hlhfn-3535364396, networkLocation: /default-rack, certSerialId: null}, Type:RATIS, Factor:THREE, State:CLOSED]
org.apache.hadoop.hdds.scm.pipeline.PipelineNotFoundException: PipelineID=297f27b4-88a4-4c33-ba42-3233b5392349 not found
	at org.apache.hadoop.hdds.scm.pipeline.PipelineStateMap.getPipeline(PipelineStateMap.java:132)
	at org.apache.hadoop.hdds.scm.pipeline.PipelineStateMap.removePipeline(PipelineStateMap.java:322)
	at org.apache.hadoop.hdds.scm.pipeline.PipelineStateManager.removePipeline(PipelineStateManager.java:107)
	at org.apache.hadoop.hdds.scm.pipeline.SCMPipelineManager.removePipeline(SCMPipelineManager.java:423)
	at org.apache.hadoop.hdds.scm.pipeline.SCMPipelineManager.destroyPipeline(SCMPipelineManager.java:409)
	at org.apache.hadoop.hdds.scm.pipeline.SCMPipelineManager.lambda$finalizeAndDestroyPipeline$0(SCMPipelineManager.java:318)
	at org.apache.hadoop.utils.Scheduler.lambda$schedule$1(Scheduler.java:68)
	at java.util.concurrent.Executors$RunnableAdapter.call(Executors.java:511)
	at java.util.concurrent.FutureTask.run(FutureTask.java:266)
	at java.util.concurrent.ScheduledThreadPoolExecutor$ScheduledFutureTask.access$201(ScheduledThreadPoolExecutor.java:180)
	at java.util.concurrent.ScheduledThreadPoolExecutor$ScheduledFutureTask.run(ScheduledThreadPoolExecutor.java:293)
	at java.util.concurrent.ThreadPoolExecutor.runWorker(ThreadPoolExecutor.java:1149)
	at java.util.concurrent.ThreadPoolExecutor$Worker.run(ThreadPoolExecutor.java:624)
	at java.lang.Thread.run(Thread.java:748)
2019-09-16 18:50:07,497 [grpc-default-executor-7] INFO  client.GrpcClientProtocolClient (GrpcClientProtocolClient.java:onNext(264)) - client-A24F84BEFB32->e23021be-5025-43ec-901b-8f315bf6442a: receive RaftClientReply:client-A24F84BEFB32->e23021be-5025-43ec-901b-8f315bf6442a@group-4078FEE62CC7, cid=139, FAILED org.apache.ratis.protocol.NotLeaderException: Server e23021be-5025-43ec-901b-8f315bf6442a@group-4078FEE62CC7 is not the leader bee99600-be87-4e2f-bca1-493826cfa9f4:192.168.34.56:42923, logIndex=0, commits[e23021be-5025-43ec-901b-8f315bf6442a:c15, 6b668dd7-26f3-4a2a-98d6-977366dc8866:c13, bee99600-be87-4e2f-bca1-493826cfa9f4:c15]
2019-09-16 18:50:07,725 [java.util.concurrent.ThreadPoolExecutor$Worker@3bba45ce[State = -1, empty queue]] WARN  server.GrpcLogAppender (GrpcLogAppender.java:timeoutAppendRequest(200)) - bee99600-be87-4e2f-bca1-493826cfa9f4@group-4078FEE62CC7->e23021be-5025-43ec-901b-8f315bf6442a-GrpcLogAppender: appendEntries Timeout, request=bee99600-be87-4e2f-bca1-493826cfa9f4->e23021be-5025-43ec-901b-8f315bf6442a#107-t1, previous=(t:1, i:21), leaderCommit=15, initializing? false, entries: <empty>
2019-09-16 18:50:07,725 [java.util.concurrent.ThreadPoolExecutor$Worker@45f38be8[State = -1, empty queue]] WARN  server.GrpcLogAppender (GrpcLogAppender.java:timeoutAppendRequest(200)) - bee99600-be87-4e2f-bca1-493826cfa9f4@group-4078FEE62CC7->6b668dd7-26f3-4a2a-98d6-977366dc8866-GrpcLogAppender: appendEntries Timeout, request=bee99600-be87-4e2f-bca1-493826cfa9f4->6b668dd7-26f3-4a2a-98d6-977366dc8866#107-t1, previous=(t:1, i:21), leaderCommit=15, initializing? false, entries: <empty>
2019-09-16 18:50:09,926 [grpc-default-executor-4] INFO  impl.RaftServerProxy (RaftServerProxy.java:remove(95)) - e8c1cc56-fd3a-4c1f-a15b-7334942b67be: remove group-3233B5392349:null
2019-09-16 18:50:09,928 [RatisPipelineUtilsThread] WARN  pipeline.RatisPipelineUtils (RatisPipelineUtils.java:destroyPipeline(66)) - Pipeline destroy failed for pipeline=PipelineID=297f27b4-88a4-4c33-ba42-3233b5392349 dn=e8c1cc56-fd3a-4c1f-a15b-7334942b67be{ip: 192.168.34.56, host: pr-hdds-2111-hlhfn-3535364396, networkLocation: /default-rack, certSerialId: null}
2019-09-16 18:50:09,931 [grpc-default-executor-4] INFO  impl.RaftServerProxy (RaftServerProxy.java:remove(95)) - e9384e49-5c15-4fe8-918f-d27f1539ccef: remove group-3233B5392349:null
2019-09-16 18:50:09,932 [RatisPipelineUtilsThread] WARN  pipeline.RatisPipelineUtils (RatisPipelineUtils.java:destroyPipeline(66)) - Pipeline destroy failed for pipeline=PipelineID=297f27b4-88a4-4c33-ba42-3233b5392349 dn=e9384e49-5c15-4fe8-918f-d27f1539ccef{ip: 192.168.34.56, host: pr-hdds-2111-hlhfn-3535364396, networkLocation: /default-rack, certSerialId: null}
2019-09-16 18:50:09,934 [grpc-default-executor-4] INFO  impl.RaftServerProxy (RaftServerProxy.java:remove(95)) - d6e5a99c-4067-45a5-9f51-68f82ac62b1e: remove group-3233B5392349:null
2019-09-16 18:50:09,936 [RatisPipelineUtilsThread] WARN  pipeline.RatisPipelineUtils (RatisPipelineUtils.java:destroyPipeline(66)) - Pipeline destroy failed for pipeline=PipelineID=297f27b4-88a4-4c33-ba42-3233b5392349 dn=d6e5a99c-4067-45a5-9f51-68f82ac62b1e{ip: 192.168.34.56, host: pr-hdds-2111-hlhfn-3535364396, networkLocation: /default-rack, certSerialId: null}
2019-09-16 18:50:09,936 [RatisPipelineUtilsThread] ERROR pipeline.SCMPipelineManager (Scheduler.java:lambda$schedule$1(70)) - Destroy pipeline failed for pipeline:Pipeline[ Id: 297f27b4-88a4-4c33-ba42-3233b5392349, Nodes: e8c1cc56-fd3a-4c1f-a15b-7334942b67be{ip: 192.168.34.56, host: pr-hdds-2111-hlhfn-3535364396, networkLocation: /default-rack, certSerialId: null}e9384e49-5c15-4fe8-918f-d27f1539ccef{ip: 192.168.34.56, host: pr-hdds-2111-hlhfn-3535364396, networkLocation: /default-rack, certSerialId: null}d6e5a99c-4067-45a5-9f51-68f82ac62b1e{ip: 192.168.34.56, host: pr-hdds-2111-hlhfn-3535364396, networkLocation: /default-rack, certSerialId: null}, Type:RATIS, Factor:THREE, State:CLOSED]
org.apache.hadoop.hdds.scm.pipeline.PipelineNotFoundException: PipelineID=297f27b4-88a4-4c33-ba42-3233b5392349 not found
	at org.apache.hadoop.hdds.scm.pipeline.PipelineStateMap.getPipeline(PipelineStateMap.java:132)
	at org.apache.hadoop.hdds.scm.pipeline.PipelineStateMap.removePipeline(PipelineStateMap.java:322)
	at org.apache.hadoop.hdds.scm.pipeline.PipelineStateManager.removePipeline(PipelineStateManager.java:107)
	at org.apache.hadoop.hdds.scm.pipeline.SCMPipelineManager.removePipeline(SCMPipelineManager.java:423)
	at org.apache.hadoop.hdds.scm.pipeline.SCMPipelineManager.destroyPipeline(SCMPipelineManager.java:409)
	at org.apache.hadoop.hdds.scm.pipeline.SCMPipelineManager.lambda$finalizeAndDestroyPipeline$0(SCMPipelineManager.java:318)
	at org.apache.hadoop.utils.Scheduler.lambda$schedule$1(Scheduler.java:68)
	at java.util.concurrent.Executors$RunnableAdapter.call(Executors.java:511)
	at java.util.concurrent.FutureTask.run(FutureTask.java:266)
	at java.util.concurrent.ScheduledThreadPoolExecutor$ScheduledFutureTask.access$201(ScheduledThreadPoolExecutor.java:180)
	at java.util.concurrent.ScheduledThreadPoolExecutor$ScheduledFutureTask.run(ScheduledThreadPoolExecutor.java:293)
	at java.util.concurrent.ThreadPoolExecutor.runWorker(ThreadPoolExecutor.java:1149)
	at java.util.concurrent.ThreadPoolExecutor$Worker.run(ThreadPoolExecutor.java:624)
	at java.lang.Thread.run(Thread.java:748)
2019-09-16 18:50:10,225 [java.util.concurrent.ThreadPoolExecutor$Worker@45f38be8[State = -1, empty queue]] WARN  server.GrpcLogAppender (GrpcLogAppender.java:timeoutAppendRequest(200)) - bee99600-be87-4e2f-bca1-493826cfa9f4@group-4078FEE62CC7->6b668dd7-26f3-4a2a-98d6-977366dc8866-GrpcLogAppender: appendEntries Timeout, request=bee99600-be87-4e2f-bca1-493826cfa9f4->6b668dd7-26f3-4a2a-98d6-977366dc8866#108-t1, previous=(t:1, i:21), leaderCommit=15, initializing? false, entries: <empty>
2019-09-16 18:50:10,225 [java.util.concurrent.ThreadPoolExecutor$Worker@3bba45ce[State = -1, empty queue]] WARN  server.GrpcLogAppender (GrpcLogAppender.java:timeoutAppendRequest(200)) - bee99600-be87-4e2f-bca1-493826cfa9f4@group-4078FEE62CC7->e23021be-5025-43ec-901b-8f315bf6442a-GrpcLogAppender: appendEntries Timeout, request=bee99600-be87-4e2f-bca1-493826cfa9f4->e23021be-5025-43ec-901b-8f315bf6442a#108-t1, previous=(t:1, i:21), leaderCommit=15, initializing? false, entries: <empty>
2019-09-16 18:50:11,927 [grpc-default-executor-4] INFO  impl.RaftServerProxy (RaftServerProxy.java:remove(95)) - e8c1cc56-fd3a-4c1f-a15b-7334942b67be: remove group-3233B5392349:null
2019-09-16 18:50:11,929 [RatisPipelineUtilsThread] WARN  pipeline.RatisPipelineUtils (RatisPipelineUtils.java:destroyPipeline(66)) - Pipeline destroy failed for pipeline=PipelineID=297f27b4-88a4-4c33-ba42-3233b5392349 dn=e8c1cc56-fd3a-4c1f-a15b-7334942b67be{ip: 192.168.34.56, host: pr-hdds-2111-hlhfn-3535364396, networkLocation: /default-rack, certSerialId: null}
2019-09-16 18:50:11,931 [grpc-default-executor-4] INFO  impl.RaftServerProxy (RaftServerProxy.java:remove(95)) - e9384e49-5c15-4fe8-918f-d27f1539ccef: remove group-3233B5392349:null
2019-09-16 18:50:11,932 [RatisPipelineUtilsThread] WARN  pipeline.RatisPipelineUtils (RatisPipelineUtils.java:destroyPipeline(66)) - Pipeline destroy failed for pipeline=PipelineID=297f27b4-88a4-4c33-ba42-3233b5392349 dn=e9384e49-5c15-4fe8-918f-d27f1539ccef{ip: 192.168.34.56, host: pr-hdds-2111-hlhfn-3535364396, networkLocation: /default-rack, certSerialId: null}
2019-09-16 18:50:11,933 [grpc-default-executor-4] INFO  impl.RaftServerProxy (RaftServerProxy.java:remove(95)) - d6e5a99c-4067-45a5-9f51-68f82ac62b1e: remove group-3233B5392349:null
2019-09-16 18:50:11,935 [RatisPipelineUtilsThread] WARN  pipeline.RatisPipelineUtils (RatisPipelineUtils.java:destroyPipeline(66)) - Pipeline destroy failed for pipeline=PipelineID=297f27b4-88a4-4c33-ba42-3233b5392349 dn=d6e5a99c-4067-45a5-9f51-68f82ac62b1e{ip: 192.168.34.56, host: pr-hdds-2111-hlhfn-3535364396, networkLocation: /default-rack, certSerialId: null}
2019-09-16 18:50:11,935 [RatisPipelineUtilsThread] ERROR pipeline.SCMPipelineManager (Scheduler.java:lambda$schedule$1(70)) - Destroy pipeline failed for pipeline:Pipeline[ Id: 297f27b4-88a4-4c33-ba42-3233b5392349, Nodes: e8c1cc56-fd3a-4c1f-a15b-7334942b67be{ip: 192.168.34.56, host: pr-hdds-2111-hlhfn-3535364396, networkLocation: /default-rack, certSerialId: null}e9384e49-5c15-4fe8-918f-d27f1539ccef{ip: 192.168.34.56, host: pr-hdds-2111-hlhfn-3535364396, networkLocation: /default-rack, certSerialId: null}d6e5a99c-4067-45a5-9f51-68f82ac62b1e{ip: 192.168.34.56, host: pr-hdds-2111-hlhfn-3535364396, networkLocation: /default-rack, certSerialId: null}, Type:RATIS, Factor:THREE, State:CLOSED]
org.apache.hadoop.hdds.scm.pipeline.PipelineNotFoundException: PipelineID=297f27b4-88a4-4c33-ba42-3233b5392349 not found
	at org.apache.hadoop.hdds.scm.pipeline.PipelineStateMap.getPipeline(PipelineStateMap.java:132)
	at org.apache.hadoop.hdds.scm.pipeline.PipelineStateMap.removePipeline(PipelineStateMap.java:322)
	at org.apache.hadoop.hdds.scm.pipeline.PipelineStateManager.removePipeline(PipelineStateManager.java:107)
	at org.apache.hadoop.hdds.scm.pipeline.SCMPipelineManager.removePipeline(SCMPipelineManager.java:423)
	at org.apache.hadoop.hdds.scm.pipeline.SCMPipelineManager.destroyPipeline(SCMPipelineManager.java:409)
	at org.apache.hadoop.hdds.scm.pipeline.SCMPipelineManager.lambda$finalizeAndDestroyPipeline$0(SCMPipelineManager.java:318)
	at org.apache.hadoop.utils.Scheduler.lambda$schedule$1(Scheduler.java:68)
	at java.util.concurrent.Executors$RunnableAdapter.call(Executors.java:511)
	at java.util.concurrent.FutureTask.run(FutureTask.java:266)
	at java.util.concurrent.ScheduledThreadPoolExecutor$ScheduledFutureTask.access$201(ScheduledThreadPoolExecutor.java:180)
	at java.util.concurrent.ScheduledThreadPoolExecutor$ScheduledFutureTask.run(ScheduledThreadPoolExecutor.java:293)
	at java.util.concurrent.ThreadPoolExecutor.runWorker(ThreadPoolExecutor.java:1149)
	at java.util.concurrent.ThreadPoolExecutor$Worker.run(ThreadPoolExecutor.java:624)
	at java.lang.Thread.run(Thread.java:748)
2019-09-16 18:50:12,221 [6b668dd7-26f3-4a2a-98d6-977366dc8866@group-4078FEE62CC7-SegmentedRaftLogWorker] WARN  segmented.SegmentedRaftLogWorker (SegmentedRaftLogWorker.java:getFromFuture(90)) - Timeout 3/~
org.apache.ratis.protocol.TimeoutIOException: Timeout 10s: WriteLog:16: (t:1, i:16), STATEMACHINELOGENTRY, client-A24F84BEFB32, cid=139-writeStateMachineData
	at org.apache.ratis.util.IOUtils.getFromFuture(IOUtils.java:87)
	at org.apache.ratis.server.raftlog.segmented.SegmentedRaftLogWorker$StateMachineDataPolicy.getFromFuture(SegmentedRaftLogWorker.java:87)
	at org.apache.ratis.server.raftlog.segmented.SegmentedRaftLogWorker$WriteLog.execute(SegmentedRaftLogWorker.java:477)
	at org.apache.ratis.server.raftlog.segmented.SegmentedRaftLogWorker.run(SegmentedRaftLogWorker.java:289)
	at java.lang.Thread.run(Thread.java:748)
Caused by: java.util.concurrent.TimeoutException
	at java.util.concurrent.CompletableFuture.timedGet(CompletableFuture.java:1771)
	at java.util.concurrent.CompletableFuture.get(CompletableFuture.java:1915)
	at org.apache.ratis.util.IOUtils.getFromFuture(IOUtils.java:79)
	... 4 more
2019-09-16 18:50:12,322 [bee99600-be87-4e2f-bca1-493826cfa9f4@group-4078FEE62CC7-SegmentedRaftLogWorker] WARN  segmented.SegmentedRaftLogWorker (SegmentedRaftLogWorker.java:getFromFuture(90)) - Timeout 3/~
org.apache.ratis.protocol.TimeoutIOException: Timeout 10s: WriteLog:17: (t:1, i:17), STATEMACHINELOGENTRY, client-A24F84BEFB32, cid=140-writeStateMachineData
	at org.apache.ratis.util.IOUtils.getFromFuture(IOUtils.java:87)
	at org.apache.ratis.server.raftlog.segmented.SegmentedRaftLogWorker$StateMachineDataPolicy.getFromFuture(SegmentedRaftLogWorker.java:87)
	at org.apache.ratis.server.raftlog.segmented.SegmentedRaftLogWorker$WriteLog.execute(SegmentedRaftLogWorker.java:477)
	at org.apache.ratis.server.raftlog.segmented.SegmentedRaftLogWorker.run(SegmentedRaftLogWorker.java:289)
	at java.lang.Thread.run(Thread.java:748)
Caused by: java.util.concurrent.TimeoutException
	at java.util.concurrent.CompletableFuture.timedGet(CompletableFuture.java:1771)
	at java.util.concurrent.CompletableFuture.get(CompletableFuture.java:1915)
	at org.apache.ratis.util.IOUtils.getFromFuture(IOUtils.java:79)
	... 4 more
2019-09-16 18:50:12,323 [e23021be-5025-43ec-901b-8f315bf6442a@group-4078FEE62CC7-SegmentedRaftLogWorker] WARN  segmented.SegmentedRaftLogWorker (SegmentedRaftLogWorker.java:getFromFuture(90)) - Timeout 3/~
org.apache.ratis.protocol.TimeoutIOException: Timeout 10s: WriteLog:19: (t:1, i:19), STATEMACHINELOGENTRY, client-A24F84BEFB32, cid=142-writeStateMachineData
	at org.apache.ratis.util.IOUtils.getFromFuture(IOUtils.java:87)
	at org.apache.ratis.server.raftlog.segmented.SegmentedRaftLogWorker$StateMachineDataPolicy.getFromFuture(SegmentedRaftLogWorker.java:87)
	at org.apache.ratis.server.raftlog.segmented.SegmentedRaftLogWorker$WriteLog.execute(SegmentedRaftLogWorker.java:477)
	at org.apache.ratis.server.raftlog.segmented.SegmentedRaftLogWorker.run(SegmentedRaftLogWorker.java:289)
	at java.lang.Thread.run(Thread.java:748)
Caused by: java.util.concurrent.TimeoutException
	at java.util.concurrent.CompletableFuture.timedGet(CompletableFuture.java:1771)
	at java.util.concurrent.CompletableFuture.get(CompletableFuture.java:1915)
	at org.apache.ratis.util.IOUtils.getFromFuture(IOUtils.java:79)
	... 4 more
2019-09-16 18:50:12,528 [grpc-default-executor-7] INFO  client.GrpcClientProtocolClient (GrpcClientProtocolClient.java:onNext(264)) - client-A24F84BEFB32->6b668dd7-26f3-4a2a-98d6-977366dc8866: receive RaftClientReply:client-A24F84BEFB32->6b668dd7-26f3-4a2a-98d6-977366dc8866@group-4078FEE62CC7, cid=139, FAILED org.apache.ratis.protocol.NotLeaderException: Server 6b668dd7-26f3-4a2a-98d6-977366dc8866@group-4078FEE62CC7 is not the leader bee99600-be87-4e2f-bca1-493826cfa9f4:192.168.34.56:42923, logIndex=0, commits[6b668dd7-26f3-4a2a-98d6-977366dc8866:c15, e23021be-5025-43ec-901b-8f315bf6442a:c13, bee99600-be87-4e2f-bca1-493826cfa9f4:c15]
2019-09-16 18:50:12,726 [java.util.concurrent.ThreadPoolExecutor$Worker@45f38be8[State = -1, empty queue]] WARN  server.GrpcLogAppender (GrpcLogAppender.java:timeoutAppendRequest(200)) - bee99600-be87-4e2f-bca1-493826cfa9f4@group-4078FEE62CC7->6b668dd7-26f3-4a2a-98d6-977366dc8866-GrpcLogAppender: appendEntries Timeout, request=bee99600-be87-4e2f-bca1-493826cfa9f4->6b668dd7-26f3-4a2a-98d6-977366dc8866#109-t1, previous=(t:1, i:21), leaderCommit=15, initializing? false, entries: <empty>
2019-09-16 18:50:12,726 [java.util.concurrent.ThreadPoolExecutor$Worker@3bba45ce[State = -1, empty queue]] WARN  server.GrpcLogAppender (GrpcLogAppender.java:timeoutAppendRequest(200)) - bee99600-be87-4e2f-bca1-493826cfa9f4@group-4078FEE62CC7->e23021be-5025-43ec-901b-8f315bf6442a-GrpcLogAppender: appendEntries Timeout, request=bee99600-be87-4e2f-bca1-493826cfa9f4->e23021be-5025-43ec-901b-8f315bf6442a#109-t1, previous=(t:1, i:21), leaderCommit=15, initializing? false, entries: <empty>
2019-09-16 18:50:14,931 [grpc-default-executor-7] INFO  impl.RaftServerProxy (RaftServerProxy.java:remove(95)) - e8c1cc56-fd3a-4c1f-a15b-7334942b67be: remove group-3233B5392349:null
2019-09-16 18:50:14,933 [RatisPipelineUtilsThread] WARN  pipeline.RatisPipelineUtils (RatisPipelineUtils.java:destroyPipeline(66)) - Pipeline destroy failed for pipeline=PipelineID=297f27b4-88a4-4c33-ba42-3233b5392349 dn=e8c1cc56-fd3a-4c1f-a15b-7334942b67be{ip: 192.168.34.56, host: pr-hdds-2111-hlhfn-3535364396, networkLocation: /default-rack, certSerialId: null}
2019-09-16 18:50:14,935 [grpc-default-executor-7] INFO  impl.RaftServerProxy (RaftServerProxy.java:remove(95)) - e9384e49-5c15-4fe8-918f-d27f1539ccef: remove group-3233B5392349:null
2019-09-16 18:50:14,937 [RatisPipelineUtilsThread] WARN  pipeline.RatisPipelineUtils (RatisPipelineUtils.java:destroyPipeline(66)) - Pipeline destroy failed for pipeline=PipelineID=297f27b4-88a4-4c33-ba42-3233b5392349 dn=e9384e49-5c15-4fe8-918f-d27f1539ccef{ip: 192.168.34.56, host: pr-hdds-2111-hlhfn-3535364396, networkLocation: /default-rack, certSerialId: null}
2019-09-16 18:50:14,940 [grpc-default-executor-7] INFO  impl.RaftServerProxy (RaftServerProxy.java:remove(95)) - d6e5a99c-4067-45a5-9f51-68f82ac62b1e: remove group-3233B5392349:null
2019-09-16 18:50:14,941 [RatisPipelineUtilsThread] WARN  pipeline.RatisPipelineUtils (RatisPipelineUtils.java:destroyPipeline(66)) - Pipeline destroy failed for pipeline=PipelineID=297f27b4-88a4-4c33-ba42-3233b5392349 dn=d6e5a99c-4067-45a5-9f51-68f82ac62b1e{ip: 192.168.34.56, host: pr-hdds-2111-hlhfn-3535364396, networkLocation: /default-rack, certSerialId: null}
2019-09-16 18:50:14,942 [RatisPipelineUtilsThread] ERROR pipeline.SCMPipelineManager (Scheduler.java:lambda$schedule$1(70)) - Destroy pipeline failed for pipeline:Pipeline[ Id: 297f27b4-88a4-4c33-ba42-3233b5392349, Nodes: e8c1cc56-fd3a-4c1f-a15b-7334942b67be{ip: 192.168.34.56, host: pr-hdds-2111-hlhfn-3535364396, networkLocation: /default-rack, certSerialId: null}e9384e49-5c15-4fe8-918f-d27f1539ccef{ip: 192.168.34.56, host: pr-hdds-2111-hlhfn-3535364396, networkLocation: /default-rack, certSerialId: null}d6e5a99c-4067-45a5-9f51-68f82ac62b1e{ip: 192.168.34.56, host: pr-hdds-2111-hlhfn-3535364396, networkLocation: /default-rack, certSerialId: null}, Type:RATIS, Factor:THREE, State:CLOSED]
org.apache.hadoop.hdds.scm.pipeline.PipelineNotFoundException: PipelineID=297f27b4-88a4-4c33-ba42-3233b5392349 not found
	at org.apache.hadoop.hdds.scm.pipeline.PipelineStateMap.getPipeline(PipelineStateMap.java:132)
	at org.apache.hadoop.hdds.scm.pipeline.PipelineStateMap.removePipeline(PipelineStateMap.java:322)
	at org.apache.hadoop.hdds.scm.pipeline.PipelineStateManager.removePipeline(PipelineStateManager.java:107)
	at org.apache.hadoop.hdds.scm.pipeline.SCMPipelineManager.removePipeline(SCMPipelineManager.java:423)
	at org.apache.hadoop.hdds.scm.pipeline.SCMPipelineManager.destroyPipeline(SCMPipelineManager.java:409)
	at org.apache.hadoop.hdds.scm.pipeline.SCMPipelineManager.lambda$finalizeAndDestroyPipeline$0(SCMPipelineManager.java:318)
	at org.apache.hadoop.utils.Scheduler.lambda$schedule$1(Scheduler.java:68)
	at java.util.concurrent.Executors$RunnableAdapter.call(Executors.java:511)
	at java.util.concurrent.FutureTask.run(FutureTask.java:266)
	at java.util.concurrent.ScheduledThreadPoolExecutor$ScheduledFutureTask.access$201(ScheduledThreadPoolExecutor.java:180)
	at java.util.concurrent.ScheduledThreadPoolExecutor$ScheduledFutureTask.run(ScheduledThreadPoolExecutor.java:293)
	at java.util.concurrent.ThreadPoolExecutor.runWorker(ThreadPoolExecutor.java:1149)
	at java.util.concurrent.ThreadPoolExecutor$Worker.run(ThreadPoolExecutor.java:624)
	at java.lang.Thread.run(Thread.java:748)
2019-09-16 18:50:15,226 [java.util.concurrent.ThreadPoolExecutor$Worker@45f38be8[State = -1, empty queue]] WARN  server.GrpcLogAppender (GrpcLogAppender.java:timeoutAppendRequest(200)) - bee99600-be87-4e2f-bca1-493826cfa9f4@group-4078FEE62CC7->6b668dd7-26f3-4a2a-98d6-977366dc8866-GrpcLogAppender: appendEntries Timeout, request=bee99600-be87-4e2f-bca1-493826cfa9f4->6b668dd7-26f3-4a2a-98d6-977366dc8866#110-t1, previous=(t:1, i:21), leaderCommit=15, initializing? false, entries: <empty>
2019-09-16 18:50:15,226 [java.util.concurrent.ThreadPoolExecutor$Worker@3bba45ce[State = -1, empty queue]] WARN  server.GrpcLogAppender (GrpcLogAppender.java:timeoutAppendRequest(200)) - bee99600-be87-4e2f-bca1-493826cfa9f4@group-4078FEE62CC7->e23021be-5025-43ec-901b-8f315bf6442a-GrpcLogAppender: appendEntries Timeout, request=bee99600-be87-4e2f-bca1-493826cfa9f4->e23021be-5025-43ec-901b-8f315bf6442a#110-t1, previous=(t:1, i:21), leaderCommit=15, initializing? false, entries: <empty>
2019-09-16 18:50:16,930 [grpc-default-executor-4] INFO  impl.RaftServerProxy (RaftServerProxy.java:remove(95)) - e8c1cc56-fd3a-4c1f-a15b-7334942b67be: remove group-3233B5392349:null
2019-09-16 18:50:16,933 [RatisPipelineUtilsThread] WARN  pipeline.RatisPipelineUtils (RatisPipelineUtils.java:destroyPipeline(66)) - Pipeline destroy failed for pipeline=PipelineID=297f27b4-88a4-4c33-ba42-3233b5392349 dn=e8c1cc56-fd3a-4c1f-a15b-7334942b67be{ip: 192.168.34.56, host: pr-hdds-2111-hlhfn-3535364396, networkLocation: /default-rack, certSerialId: null}
2019-09-16 18:50:16,935 [grpc-default-executor-4] INFO  impl.RaftServerProxy (RaftServerProxy.java:remove(95)) - e9384e49-5c15-4fe8-918f-d27f1539ccef: remove group-3233B5392349:null
2019-09-16 18:50:16,938 [RatisPipelineUtilsThread] WARN  pipeline.RatisPipelineUtils (RatisPipelineUtils.java:destroyPipeline(66)) - Pipeline destroy failed for pipeline=PipelineID=297f27b4-88a4-4c33-ba42-3233b5392349 dn=e9384e49-5c15-4fe8-918f-d27f1539ccef{ip: 192.168.34.56, host: pr-hdds-2111-hlhfn-3535364396, networkLocation: /default-rack, certSerialId: null}
2019-09-16 18:50:16,941 [grpc-default-executor-4] INFO  impl.RaftServerProxy (RaftServerProxy.java:remove(95)) - d6e5a99c-4067-45a5-9f51-68f82ac62b1e: remove group-3233B5392349:null
2019-09-16 18:50:16,942 [RatisPipelineUtilsThread] WARN  pipeline.RatisPipelineUtils (RatisPipelineUtils.java:destroyPipeline(66)) - Pipeline destroy failed for pipeline=PipelineID=297f27b4-88a4-4c33-ba42-3233b5392349 dn=d6e5a99c-4067-45a5-9f51-68f82ac62b1e{ip: 192.168.34.56, host: pr-hdds-2111-hlhfn-3535364396, networkLocation: /default-rack, certSerialId: null}
2019-09-16 18:50:16,943 [RatisPipelineUtilsThread] ERROR pipeline.SCMPipelineManager (Scheduler.java:lambda$schedule$1(70)) - Destroy pipeline failed for pipeline:Pipeline[ Id: 297f27b4-88a4-4c33-ba42-3233b5392349, Nodes: e8c1cc56-fd3a-4c1f-a15b-7334942b67be{ip: 192.168.34.56, host: pr-hdds-2111-hlhfn-3535364396, networkLocation: /default-rack, certSerialId: null}e9384e49-5c15-4fe8-918f-d27f1539ccef{ip: 192.168.34.56, host: pr-hdds-2111-hlhfn-3535364396, networkLocation: /default-rack, certSerialId: null}d6e5a99c-4067-45a5-9f51-68f82ac62b1e{ip: 192.168.34.56, host: pr-hdds-2111-hlhfn-3535364396, networkLocation: /default-rack, certSerialId: null}, Type:RATIS, Factor:THREE, State:CLOSED]
org.apache.hadoop.hdds.scm.pipeline.PipelineNotFoundException: PipelineID=297f27b4-88a4-4c33-ba42-3233b5392349 not found
	at org.apache.hadoop.hdds.scm.pipeline.PipelineStateMap.getPipeline(PipelineStateMap.java:132)
	at org.apache.hadoop.hdds.scm.pipeline.PipelineStateMap.removePipeline(PipelineStateMap.java:322)
	at org.apache.hadoop.hdds.scm.pipeline.PipelineStateManager.removePipeline(PipelineStateManager.java:107)
	at org.apache.hadoop.hdds.scm.pipeline.SCMPipelineManager.removePipeline(SCMPipelineManager.java:423)
	at org.apache.hadoop.hdds.scm.pipeline.SCMPipelineManager.destroyPipeline(SCMPipelineManager.java:409)
	at org.apache.hadoop.hdds.scm.pipeline.SCMPipelineManager.lambda$finalizeAndDestroyPipeline$0(SCMPipelineManager.java:318)
	at org.apache.hadoop.utils.Scheduler.lambda$schedule$1(Scheduler.java:68)
	at java.util.concurrent.Executors$RunnableAdapter.call(Executors.java:511)
	at java.util.concurrent.FutureTask.run(FutureTask.java:266)
	at java.util.concurrent.ScheduledThreadPoolExecutor$ScheduledFutureTask.access$201(ScheduledThreadPoolExecutor.java:180)
	at java.util.concurrent.ScheduledThreadPoolExecutor$ScheduledFutureTask.run(ScheduledThreadPoolExecutor.java:293)
	at java.util.concurrent.ThreadPoolExecutor.runWorker(ThreadPoolExecutor.java:1149)
	at java.util.concurrent.ThreadPoolExecutor$Worker.run(ThreadPoolExecutor.java:624)
	at java.lang.Thread.run(Thread.java:748)
2019-09-16 18:50:17,574 [grpc-default-executor-7] INFO  client.GrpcClientProtocolClient (GrpcClientProtocolClient.java:onNext(264)) - client-A24F84BEFB32->e23021be-5025-43ec-901b-8f315bf6442a: receive RaftClientReply:client-A24F84BEFB32->e23021be-5025-43ec-901b-8f315bf6442a@group-4078FEE62CC7, cid=139, FAILED org.apache.ratis.protocol.NotLeaderException: Server e23021be-5025-43ec-901b-8f315bf6442a@group-4078FEE62CC7 is not the leader bee99600-be87-4e2f-bca1-493826cfa9f4:192.168.34.56:42923, logIndex=0, commits[e23021be-5025-43ec-901b-8f315bf6442a:c15, 6b668dd7-26f3-4a2a-98d6-977366dc8866:c13, bee99600-be87-4e2f-bca1-493826cfa9f4:c15]
2019-09-16 18:50:17,726 [java.util.concurrent.ThreadPoolExecutor$Worker@45f38be8[State = -1, empty queue]] WARN  server.GrpcLogAppender (GrpcLogAppender.java:timeoutAppendRequest(200)) - bee99600-be87-4e2f-bca1-493826cfa9f4@group-4078FEE62CC7->6b668dd7-26f3-4a2a-98d6-977366dc8866-GrpcLogAppender: appendEntries Timeout, request=bee99600-be87-4e2f-bca1-493826cfa9f4->6b668dd7-26f3-4a2a-98d6-977366dc8866#111-t1, previous=(t:1, i:21), leaderCommit=15, initializing? false, entries: <empty>
2019-09-16 18:50:17,726 [java.util.concurrent.ThreadPoolExecutor$Worker@3bba45ce[State = -1, empty queue]] WARN  server.GrpcLogAppender (GrpcLogAppender.java:timeoutAppendRequest(200)) - bee99600-be87-4e2f-bca1-493826cfa9f4@group-4078FEE62CC7->e23021be-5025-43ec-901b-8f315bf6442a-GrpcLogAppender: appendEntries Timeout, request=bee99600-be87-4e2f-bca1-493826cfa9f4->e23021be-5025-43ec-901b-8f315bf6442a#111-t1, previous=(t:1, i:21), leaderCommit=15, initializing? false, entries: <empty>
2019-09-16 18:50:19,930 [grpc-default-executor-4] INFO  impl.RaftServerProxy (RaftServerProxy.java:remove(95)) - e8c1cc56-fd3a-4c1f-a15b-7334942b67be: remove group-3233B5392349:null
2019-09-16 18:50:19,933 [RatisPipelineUtilsThread] WARN  pipeline.RatisPipelineUtils (RatisPipelineUtils.java:destroyPipeline(66)) - Pipeline destroy failed for pipeline=PipelineID=297f27b4-88a4-4c33-ba42-3233b5392349 dn=e8c1cc56-fd3a-4c1f-a15b-7334942b67be{ip: 192.168.34.56, host: pr-hdds-2111-hlhfn-3535364396, networkLocation: /default-rack, certSerialId: null}
2019-09-16 18:50:19,935 [grpc-default-executor-4] INFO  impl.RaftServerProxy (RaftServerProxy.java:remove(95)) - e9384e49-5c15-4fe8-918f-d27f1539ccef: remove group-3233B5392349:null
2019-09-16 18:50:19,937 [RatisPipelineUtilsThread] WARN  pipeline.RatisPipelineUtils (RatisPipelineUtils.java:destroyPipeline(66)) - Pipeline destroy failed for pipeline=PipelineID=297f27b4-88a4-4c33-ba42-3233b5392349 dn=e9384e49-5c15-4fe8-918f-d27f1539ccef{ip: 192.168.34.56, host: pr-hdds-2111-hlhfn-3535364396, networkLocation: /default-rack, certSerialId: null}
2019-09-16 18:50:19,938 [grpc-default-executor-4] INFO  impl.RaftServerProxy (RaftServerProxy.java:remove(95)) - d6e5a99c-4067-45a5-9f51-68f82ac62b1e: remove group-3233B5392349:null
2019-09-16 18:50:19,940 [RatisPipelineUtilsThread] WARN  pipeline.RatisPipelineUtils (RatisPipelineUtils.java:destroyPipeline(66)) - Pipeline destroy failed for pipeline=PipelineID=297f27b4-88a4-4c33-ba42-3233b5392349 dn=d6e5a99c-4067-45a5-9f51-68f82ac62b1e{ip: 192.168.34.56, host: pr-hdds-2111-hlhfn-3535364396, networkLocation: /default-rack, certSerialId: null}
2019-09-16 18:50:19,940 [RatisPipelineUtilsThread] ERROR pipeline.SCMPipelineManager (Scheduler.java:lambda$schedule$1(70)) - Destroy pipeline failed for pipeline:Pipeline[ Id: 297f27b4-88a4-4c33-ba42-3233b5392349, Nodes: e8c1cc56-fd3a-4c1f-a15b-7334942b67be{ip: 192.168.34.56, host: pr-hdds-2111-hlhfn-3535364396, networkLocation: /default-rack, certSerialId: null}e9384e49-5c15-4fe8-918f-d27f1539ccef{ip: 192.168.34.56, host: pr-hdds-2111-hlhfn-3535364396, networkLocation: /default-rack, certSerialId: null}d6e5a99c-4067-45a5-9f51-68f82ac62b1e{ip: 192.168.34.56, host: pr-hdds-2111-hlhfn-3535364396, networkLocation: /default-rack, certSerialId: null}, Type:RATIS, Factor:THREE, State:CLOSED]
org.apache.hadoop.hdds.scm.pipeline.PipelineNotFoundException: PipelineID=297f27b4-88a4-4c33-ba42-3233b5392349 not found
	at org.apache.hadoop.hdds.scm.pipeline.PipelineStateMap.getPipeline(PipelineStateMap.java:132)
	at org.apache.hadoop.hdds.scm.pipeline.PipelineStateMap.removePipeline(PipelineStateMap.java:322)
	at org.apache.hadoop.hdds.scm.pipeline.PipelineStateManager.removePipeline(PipelineStateManager.java:107)
	at org.apache.hadoop.hdds.scm.pipeline.SCMPipelineManager.removePipeline(SCMPipelineManager.java:423)
	at org.apache.hadoop.hdds.scm.pipeline.SCMPipelineManager.destroyPipeline(SCMPipelineManager.java:409)
	at org.apache.hadoop.hdds.scm.pipeline.SCMPipelineManager.lambda$finalizeAndDestroyPipeline$0(SCMPipelineManager.java:318)
	at org.apache.hadoop.utils.Scheduler.lambda$schedule$1(Scheduler.java:68)
	at java.util.concurrent.Executors$RunnableAdapter.call(Executors.java:511)
	at java.util.concurrent.FutureTask.run(FutureTask.java:266)
	at java.util.concurrent.ScheduledThreadPoolExecutor$ScheduledFutureTask.access$201(ScheduledThreadPoolExecutor.java:180)
	at java.util.concurrent.ScheduledThreadPoolExecutor$ScheduledFutureTask.run(ScheduledThreadPoolExecutor.java:293)
	at java.util.concurrent.ThreadPoolExecutor.runWorker(ThreadPoolExecutor.java:1149)
	at java.util.concurrent.ThreadPoolExecutor$Worker.run(ThreadPoolExecutor.java:624)
	at java.lang.Thread.run(Thread.java:748)
2019-09-16 18:50:20,227 [java.util.concurrent.ThreadPoolExecutor$Worker@3bba45ce[State = -1, empty queue]] WARN  server.GrpcLogAppender (GrpcLogAppender.java:timeoutAppendRequest(200)) - bee99600-be87-4e2f-bca1-493826cfa9f4@group-4078FEE62CC7->e23021be-5025-43ec-901b-8f315bf6442a-GrpcLogAppender: appendEntries Timeout, request=bee99600-be87-4e2f-bca1-493826cfa9f4->e23021be-5025-43ec-901b-8f315bf6442a#112-t1, previous=(t:1, i:21), leaderCommit=15, initializing? false, entries: <empty>
2019-09-16 18:50:20,227 [java.util.concurrent.ThreadPoolExecutor$Worker@45f38be8[State = -1, empty queue]] WARN  server.GrpcLogAppender (GrpcLogAppender.java:timeoutAppendRequest(200)) - bee99600-be87-4e2f-bca1-493826cfa9f4@group-4078FEE62CC7->6b668dd7-26f3-4a2a-98d6-977366dc8866-GrpcLogAppender: appendEntries Timeout, request=bee99600-be87-4e2f-bca1-493826cfa9f4->6b668dd7-26f3-4a2a-98d6-977366dc8866#112-t1, previous=(t:1, i:21), leaderCommit=15, initializing? false, entries: <empty>
2019-09-16 18:50:21,930 [grpc-default-executor-7] INFO  impl.RaftServerProxy (RaftServerProxy.java:remove(95)) - e8c1cc56-fd3a-4c1f-a15b-7334942b67be: remove group-3233B5392349:null
2019-09-16 18:50:21,932 [RatisPipelineUtilsThread] WARN  pipeline.RatisPipelineUtils (RatisPipelineUtils.java:destroyPipeline(66)) - Pipeline destroy failed for pipeline=PipelineID=297f27b4-88a4-4c33-ba42-3233b5392349 dn=e8c1cc56-fd3a-4c1f-a15b-7334942b67be{ip: 192.168.34.56, host: pr-hdds-2111-hlhfn-3535364396, networkLocation: /default-rack, certSerialId: null}
2019-09-16 18:50:21,934 [grpc-default-executor-7] INFO  impl.RaftServerProxy (RaftServerProxy.java:remove(95)) - e9384e49-5c15-4fe8-918f-d27f1539ccef: remove group-3233B5392349:null
2019-09-16 18:50:21,936 [RatisPipelineUtilsThread] WARN  pipeline.RatisPipelineUtils (RatisPipelineUtils.java:destroyPipeline(66)) - Pipeline destroy failed for pipeline=PipelineID=297f27b4-88a4-4c33-ba42-3233b5392349 dn=e9384e49-5c15-4fe8-918f-d27f1539ccef{ip: 192.168.34.56, host: pr-hdds-2111-hlhfn-3535364396, networkLocation: /default-rack, certSerialId: null}
2019-09-16 18:50:21,939 [grpc-default-executor-7] INFO  impl.RaftServerProxy (RaftServerProxy.java:remove(95)) - d6e5a99c-4067-45a5-9f51-68f82ac62b1e: remove group-3233B5392349:null
2019-09-16 18:50:21,941 [RatisPipelineUtilsThread] WARN  pipeline.RatisPipelineUtils (RatisPipelineUtils.java:destroyPipeline(66)) - Pipeline destroy failed for pipeline=PipelineID=297f27b4-88a4-4c33-ba42-3233b5392349 dn=d6e5a99c-4067-45a5-9f51-68f82ac62b1e{ip: 192.168.34.56, host: pr-hdds-2111-hlhfn-3535364396, networkLocation: /default-rack, certSerialId: null}
2019-09-16 18:50:21,941 [RatisPipelineUtilsThread] ERROR pipeline.SCMPipelineManager (Scheduler.java:lambda$schedule$1(70)) - Destroy pipeline failed for pipeline:Pipeline[ Id: 297f27b4-88a4-4c33-ba42-3233b5392349, Nodes: e8c1cc56-fd3a-4c1f-a15b-7334942b67be{ip: 192.168.34.56, host: pr-hdds-2111-hlhfn-3535364396, networkLocation: /default-rack, certSerialId: null}e9384e49-5c15-4fe8-918f-d27f1539ccef{ip: 192.168.34.56, host: pr-hdds-2111-hlhfn-3535364396, networkLocation: /default-rack, certSerialId: null}d6e5a99c-4067-45a5-9f51-68f82ac62b1e{ip: 192.168.34.56, host: pr-hdds-2111-hlhfn-3535364396, networkLocation: /default-rack, certSerialId: null}, Type:RATIS, Factor:THREE, State:CLOSED]
org.apache.hadoop.hdds.scm.pipeline.PipelineNotFoundException: PipelineID=297f27b4-88a4-4c33-ba42-3233b5392349 not found
	at org.apache.hadoop.hdds.scm.pipeline.PipelineStateMap.getPipeline(PipelineStateMap.java:132)
	at org.apache.hadoop.hdds.scm.pipeline.PipelineStateMap.removePipeline(PipelineStateMap.java:322)
	at org.apache.hadoop.hdds.scm.pipeline.PipelineStateManager.removePipeline(PipelineStateManager.java:107)
	at org.apache.hadoop.hdds.scm.pipeline.SCMPipelineManager.removePipeline(SCMPipelineManager.java:423)
	at org.apache.hadoop.hdds.scm.pipeline.SCMPipelineManager.destroyPipeline(SCMPipelineManager.java:409)
	at org.apache.hadoop.hdds.scm.pipeline.SCMPipelineManager.lambda$finalizeAndDestroyPipeline$0(SCMPipelineManager.java:318)
	at org.apache.hadoop.utils.Scheduler.lambda$schedule$1(Scheduler.java:68)
	at java.util.concurrent.Executors$RunnableAdapter.call(Executors.java:511)
	at java.util.concurrent.FutureTask.run(FutureTask.java:266)
	at java.util.concurrent.ScheduledThreadPoolExecutor$ScheduledFutureTask.access$201(ScheduledThreadPoolExecutor.java:180)
	at java.util.concurrent.ScheduledThreadPoolExecutor$ScheduledFutureTask.run(ScheduledThreadPoolExecutor.java:293)
	at java.util.concurrent.ThreadPoolExecutor.runWorker(ThreadPoolExecutor.java:1149)
	at java.util.concurrent.ThreadPoolExecutor$Worker.run(ThreadPoolExecutor.java:624)
	at java.lang.Thread.run(Thread.java:748)
2019-09-16 18:50:22,222 [6b668dd7-26f3-4a2a-98d6-977366dc8866@group-4078FEE62CC7-SegmentedRaftLogWorker] WARN  segmented.SegmentedRaftLogWorker (SegmentedRaftLogWorker.java:getFromFuture(90)) - Timeout 4/~
org.apache.ratis.protocol.TimeoutIOException: Timeout 10s: WriteLog:16: (t:1, i:16), STATEMACHINELOGENTRY, client-A24F84BEFB32, cid=139-writeStateMachineData
	at org.apache.ratis.util.IOUtils.getFromFuture(IOUtils.java:87)
	at org.apache.ratis.server.raftlog.segmented.SegmentedRaftLogWorker$StateMachineDataPolicy.getFromFuture(SegmentedRaftLogWorker.java:87)
	at org.apache.ratis.server.raftlog.segmented.SegmentedRaftLogWorker$WriteLog.execute(SegmentedRaftLogWorker.java:477)
	at org.apache.ratis.server.raftlog.segmented.SegmentedRaftLogWorker.run(SegmentedRaftLogWorker.java:289)
	at java.lang.Thread.run(Thread.java:748)
Caused by: java.util.concurrent.TimeoutException
	at java.util.concurrent.CompletableFuture.timedGet(CompletableFuture.java:1771)
	at java.util.concurrent.CompletableFuture.get(CompletableFuture.java:1915)
	at org.apache.ratis.util.IOUtils.getFromFuture(IOUtils.java:79)
	... 4 more
2019-09-16 18:50:22,323 [bee99600-be87-4e2f-bca1-493826cfa9f4@group-4078FEE62CC7-SegmentedRaftLogWorker] WARN  segmented.SegmentedRaftLogWorker (SegmentedRaftLogWorker.java:getFromFuture(90)) - Timeout 4/~
org.apache.ratis.protocol.TimeoutIOException: Timeout 10s: WriteLog:17: (t:1, i:17), STATEMACHINELOGENTRY, client-A24F84BEFB32, cid=140-writeStateMachineData
	at org.apache.ratis.util.IOUtils.getFromFuture(IOUtils.java:87)
	at org.apache.ratis.server.raftlog.segmented.SegmentedRaftLogWorker$StateMachineDataPolicy.getFromFuture(SegmentedRaftLogWorker.java:87)
	at org.apache.ratis.server.raftlog.segmented.SegmentedRaftLogWorker$WriteLog.execute(SegmentedRaftLogWorker.java:477)
	at org.apache.ratis.server.raftlog.segmented.SegmentedRaftLogWorker.run(SegmentedRaftLogWorker.java:289)
	at java.lang.Thread.run(Thread.java:748)
Caused by: java.util.concurrent.TimeoutException
	at java.util.concurrent.CompletableFuture.timedGet(CompletableFuture.java:1771)
	at java.util.concurrent.CompletableFuture.get(CompletableFuture.java:1915)
	at org.apache.ratis.util.IOUtils.getFromFuture(IOUtils.java:79)
	... 4 more
2019-09-16 18:50:22,323 [e23021be-5025-43ec-901b-8f315bf6442a@group-4078FEE62CC7-SegmentedRaftLogWorker] WARN  segmented.SegmentedRaftLogWorker (SegmentedRaftLogWorker.java:getFromFuture(90)) - Timeout 4/~
org.apache.ratis.protocol.TimeoutIOException: Timeout 10s: WriteLog:19: (t:1, i:19), STATEMACHINELOGENTRY, client-A24F84BEFB32, cid=142-writeStateMachineData
	at org.apache.ratis.util.IOUtils.getFromFuture(IOUtils.java:87)
	at org.apache.ratis.server.raftlog.segmented.SegmentedRaftLogWorker$StateMachineDataPolicy.getFromFuture(SegmentedRaftLogWorker.java:87)
	at org.apache.ratis.server.raftlog.segmented.SegmentedRaftLogWorker$WriteLog.execute(SegmentedRaftLogWorker.java:477)
	at org.apache.ratis.server.raftlog.segmented.SegmentedRaftLogWorker.run(SegmentedRaftLogWorker.java:289)
	at java.lang.Thread.run(Thread.java:748)
Caused by: java.util.concurrent.TimeoutException
	at java.util.concurrent.CompletableFuture.timedGet(CompletableFuture.java:1771)
	at java.util.concurrent.CompletableFuture.get(CompletableFuture.java:1915)
	at org.apache.ratis.util.IOUtils.getFromFuture(IOUtils.java:79)
	... 4 more
2019-09-16 18:50:22,600 [grpc-default-executor-4] INFO  client.GrpcClientProtocolClient (GrpcClientProtocolClient.java:onNext(264)) - client-A24F84BEFB32->e23021be-5025-43ec-901b-8f315bf6442a: receive RaftClientReply:client-A24F84BEFB32->e23021be-5025-43ec-901b-8f315bf6442a@group-4078FEE62CC7, cid=139, FAILED org.apache.ratis.protocol.NotLeaderException: Server e23021be-5025-43ec-901b-8f315bf6442a@group-4078FEE62CC7 is not the leader bee99600-be87-4e2f-bca1-493826cfa9f4:192.168.34.56:42923, logIndex=0, commits[e23021be-5025-43ec-901b-8f315bf6442a:c15, 6b668dd7-26f3-4a2a-98d6-977366dc8866:c13, bee99600-be87-4e2f-bca1-493826cfa9f4:c15]
2019-09-16 18:50:22,727 [java.util.concurrent.ThreadPoolExecutor$Worker@3bba45ce[State = -1, empty queue]] WARN  server.GrpcLogAppender (GrpcLogAppender.java:timeoutAppendRequest(200)) - bee99600-be87-4e2f-bca1-493826cfa9f4@group-4078FEE62CC7->e23021be-5025-43ec-901b-8f315bf6442a-GrpcLogAppender: appendEntries Timeout, request=bee99600-be87-4e2f-bca1-493826cfa9f4->e23021be-5025-43ec-901b-8f315bf6442a#113-t1, previous=(t:1, i:21), leaderCommit=15, initializing? false, entries: <empty>
2019-09-16 18:50:22,727 [java.util.concurrent.ThreadPoolExecutor$Worker@45f38be8[State = -1, empty queue]] WARN  server.GrpcLogAppender (GrpcLogAppender.java:timeoutAppendRequest(200)) - bee99600-be87-4e2f-bca1-493826cfa9f4@group-4078FEE62CC7->6b668dd7-26f3-4a2a-98d6-977366dc8866-GrpcLogAppender: appendEntries Timeout, request=bee99600-be87-4e2f-bca1-493826cfa9f4->6b668dd7-26f3-4a2a-98d6-977366dc8866#113-t1, previous=(t:1, i:21), leaderCommit=15, initializing? false, entries: <empty>
2019-09-16 18:50:24,934 [grpc-default-executor-7] INFO  impl.RaftServerProxy (RaftServerProxy.java:remove(95)) - e8c1cc56-fd3a-4c1f-a15b-7334942b67be: remove group-3233B5392349:null
2019-09-16 18:50:24,936 [RatisPipelineUtilsThread] WARN  pipeline.RatisPipelineUtils (RatisPipelineUtils.java:destroyPipeline(66)) - Pipeline destroy failed for pipeline=PipelineID=297f27b4-88a4-4c33-ba42-3233b5392349 dn=e8c1cc56-fd3a-4c1f-a15b-7334942b67be{ip: 192.168.34.56, host: pr-hdds-2111-hlhfn-3535364396, networkLocation: /default-rack, certSerialId: null}
2019-09-16 18:50:24,939 [grpc-default-executor-7] INFO  impl.RaftServerProxy (RaftServerProxy.java:remove(95)) - e9384e49-5c15-4fe8-918f-d27f1539ccef: remove group-3233B5392349:null
2019-09-16 18:50:24,941 [RatisPipelineUtilsThread] WARN  pipeline.RatisPipelineUtils (RatisPipelineUtils.java:destroyPipeline(66)) - Pipeline destroy failed for pipeline=PipelineID=297f27b4-88a4-4c33-ba42-3233b5392349 dn=e9384e49-5c15-4fe8-918f-d27f1539ccef{ip: 192.168.34.56, host: pr-hdds-2111-hlhfn-3535364396, networkLocation: /default-rack, certSerialId: null}
2019-09-16 18:50:24,943 [grpc-default-executor-7] INFO  impl.RaftServerProxy (RaftServerProxy.java:remove(95)) - d6e5a99c-4067-45a5-9f51-68f82ac62b1e: remove group-3233B5392349:null
2019-09-16 18:50:24,945 [RatisPipelineUtilsThread] WARN  pipeline.RatisPipelineUtils (RatisPipelineUtils.java:destroyPipeline(66)) - Pipeline destroy failed for pipeline=PipelineID=297f27b4-88a4-4c33-ba42-3233b5392349 dn=d6e5a99c-4067-45a5-9f51-68f82ac62b1e{ip: 192.168.34.56, host: pr-hdds-2111-hlhfn-3535364396, networkLocation: /default-rack, certSerialId: null}
2019-09-16 18:50:24,945 [RatisPipelineUtilsThread] ERROR pipeline.SCMPipelineManager (Scheduler.java:lambda$schedule$1(70)) - Destroy pipeline failed for pipeline:Pipeline[ Id: 297f27b4-88a4-4c33-ba42-3233b5392349, Nodes: e8c1cc56-fd3a-4c1f-a15b-7334942b67be{ip: 192.168.34.56, host: pr-hdds-2111-hlhfn-3535364396, networkLocation: /default-rack, certSerialId: null}e9384e49-5c15-4fe8-918f-d27f1539ccef{ip: 192.168.34.56, host: pr-hdds-2111-hlhfn-3535364396, networkLocation: /default-rack, certSerialId: null}d6e5a99c-4067-45a5-9f51-68f82ac62b1e{ip: 192.168.34.56, host: pr-hdds-2111-hlhfn-3535364396, networkLocation: /default-rack, certSerialId: null}, Type:RATIS, Factor:THREE, State:CLOSED]
org.apache.hadoop.hdds.scm.pipeline.PipelineNotFoundException: PipelineID=297f27b4-88a4-4c33-ba42-3233b5392349 not found
	at org.apache.hadoop.hdds.scm.pipeline.PipelineStateMap.getPipeline(PipelineStateMap.java:132)
	at org.apache.hadoop.hdds.scm.pipeline.PipelineStateMap.removePipeline(PipelineStateMap.java:322)
	at org.apache.hadoop.hdds.scm.pipeline.PipelineStateManager.removePipeline(PipelineStateManager.java:107)
	at org.apache.hadoop.hdds.scm.pipeline.SCMPipelineManager.removePipeline(SCMPipelineManager.java:423)
	at org.apache.hadoop.hdds.scm.pipeline.SCMPipelineManager.destroyPipeline(SCMPipelineManager.java:409)
	at org.apache.hadoop.hdds.scm.pipeline.SCMPipelineManager.lambda$finalizeAndDestroyPipeline$0(SCMPipelineManager.java:318)
	at org.apache.hadoop.utils.Scheduler.lambda$schedule$1(Scheduler.java:68)
	at java.util.concurrent.Executors$RunnableAdapter.call(Executors.java:511)
	at java.util.concurrent.FutureTask.run(FutureTask.java:266)
	at java.util.concurrent.ScheduledThreadPoolExecutor$ScheduledFutureTask.access$201(ScheduledThreadPoolExecutor.java:180)
	at java.util.concurrent.ScheduledThreadPoolExecutor$ScheduledFutureTask.run(ScheduledThreadPoolExecutor.java:293)
	at java.util.concurrent.ThreadPoolExecutor.runWorker(ThreadPoolExecutor.java:1149)
	at java.util.concurrent.ThreadPoolExecutor$Worker.run(ThreadPoolExecutor.java:624)
	at java.lang.Thread.run(Thread.java:748)
2019-09-16 18:50:25,227 [java.util.concurrent.ThreadPoolExecutor$Worker@45f38be8[State = -1, empty queue]] WARN  server.GrpcLogAppender (GrpcLogAppender.java:timeoutAppendRequest(200)) - bee99600-be87-4e2f-bca1-493826cfa9f4@group-4078FEE62CC7->6b668dd7-26f3-4a2a-98d6-977366dc8866-GrpcLogAppender: appendEntries Timeout, request=bee99600-be87-4e2f-bca1-493826cfa9f4->6b668dd7-26f3-4a2a-98d6-977366dc8866#114-t1, previous=(t:1, i:21), leaderCommit=15, initializing? false, entries: <empty>
2019-09-16 18:50:25,227 [java.util.concurrent.ThreadPoolExecutor$Worker@3bba45ce[State = -1, empty queue]] WARN  server.GrpcLogAppender (GrpcLogAppender.java:timeoutAppendRequest(200)) - bee99600-be87-4e2f-bca1-493826cfa9f4@group-4078FEE62CC7->e23021be-5025-43ec-901b-8f315bf6442a-GrpcLogAppender: appendEntries Timeout, request=bee99600-be87-4e2f-bca1-493826cfa9f4->e23021be-5025-43ec-901b-8f315bf6442a#114-t1, previous=(t:1, i:21), leaderCommit=15, initializing? false, entries: <empty>
2019-09-16 18:50:26,930 [grpc-default-executor-4] INFO  impl.RaftServerProxy (RaftServerProxy.java:remove(95)) - e8c1cc56-fd3a-4c1f-a15b-7334942b67be: remove group-3233B5392349:null
2019-09-16 18:50:26,933 [RatisPipelineUtilsThread] WARN  pipeline.RatisPipelineUtils (RatisPipelineUtils.java:destroyPipeline(66)) - Pipeline destroy failed for pipeline=PipelineID=297f27b4-88a4-4c33-ba42-3233b5392349 dn=e8c1cc56-fd3a-4c1f-a15b-7334942b67be{ip: 192.168.34.56, host: pr-hdds-2111-hlhfn-3535364396, networkLocation: /default-rack, certSerialId: null}
2019-09-16 18:50:26,936 [grpc-default-executor-4] INFO  impl.RaftServerProxy (RaftServerProxy.java:remove(95)) - e9384e49-5c15-4fe8-918f-d27f1539ccef: remove group-3233B5392349:null
2019-09-16 18:50:26,939 [RatisPipelineUtilsThread] WARN  pipeline.RatisPipelineUtils (RatisPipelineUtils.java:destroyPipeline(66)) - Pipeline destroy failed for pipeline=PipelineID=297f27b4-88a4-4c33-ba42-3233b5392349 dn=e9384e49-5c15-4fe8-918f-d27f1539ccef{ip: 192.168.34.56, host: pr-hdds-2111-hlhfn-3535364396, networkLocation: /default-rack, certSerialId: null}
2019-09-16 18:50:26,942 [grpc-default-executor-4] INFO  impl.RaftServerProxy (RaftServerProxy.java:remove(95)) - d6e5a99c-4067-45a5-9f51-68f82ac62b1e: remove group-3233B5392349:null
2019-09-16 18:50:26,944 [RatisPipelineUtilsThread] WARN  pipeline.RatisPipelineUtils (RatisPipelineUtils.java:destroyPipeline(66)) - Pipeline destroy failed for pipeline=PipelineID=297f27b4-88a4-4c33-ba42-3233b5392349 dn=d6e5a99c-4067-45a5-9f51-68f82ac62b1e{ip: 192.168.34.56, host: pr-hdds-2111-hlhfn-3535364396, networkLocation: /default-rack, certSerialId: null}
2019-09-16 18:50:26,944 [RatisPipelineUtilsThread] ERROR pipeline.SCMPipelineManager (Scheduler.java:lambda$schedule$1(70)) - Destroy pipeline failed for pipeline:Pipeline[ Id: 297f27b4-88a4-4c33-ba42-3233b5392349, Nodes: e8c1cc56-fd3a-4c1f-a15b-7334942b67be{ip: 192.168.34.56, host: pr-hdds-2111-hlhfn-3535364396, networkLocation: /default-rack, certSerialId: null}e9384e49-5c15-4fe8-918f-d27f1539ccef{ip: 192.168.34.56, host: pr-hdds-2111-hlhfn-3535364396, networkLocation: /default-rack, certSerialId: null}d6e5a99c-4067-45a5-9f51-68f82ac62b1e{ip: 192.168.34.56, host: pr-hdds-2111-hlhfn-3535364396, networkLocation: /default-rack, certSerialId: null}, Type:RATIS, Factor:THREE, State:CLOSED]
org.apache.hadoop.hdds.scm.pipeline.PipelineNotFoundException: PipelineID=297f27b4-88a4-4c33-ba42-3233b5392349 not found
	at org.apache.hadoop.hdds.scm.pipeline.PipelineStateMap.getPipeline(PipelineStateMap.java:132)
	at org.apache.hadoop.hdds.scm.pipeline.PipelineStateMap.removePipeline(PipelineStateMap.java:322)
	at org.apache.hadoop.hdds.scm.pipeline.PipelineStateManager.removePipeline(PipelineStateManager.java:107)
	at org.apache.hadoop.hdds.scm.pipeline.SCMPipelineManager.removePipeline(SCMPipelineManager.java:423)
	at org.apache.hadoop.hdds.scm.pipeline.SCMPipelineManager.destroyPipeline(SCMPipelineManager.java:409)
	at org.apache.hadoop.hdds.scm.pipeline.SCMPipelineManager.lambda$finalizeAndDestroyPipeline$0(SCMPipelineManager.java:318)
	at org.apache.hadoop.utils.Scheduler.lambda$schedule$1(Scheduler.java:68)
	at java.util.concurrent.Executors$RunnableAdapter.call(Executors.java:511)
	at java.util.concurrent.FutureTask.run(FutureTask.java:266)
	at java.util.concurrent.ScheduledThreadPoolExecutor$ScheduledFutureTask.access$201(ScheduledThreadPoolExecutor.java:180)
	at java.util.concurrent.ScheduledThreadPoolExecutor$ScheduledFutureTask.run(ScheduledThreadPoolExecutor.java:293)
	at java.util.concurrent.ThreadPoolExecutor.runWorker(ThreadPoolExecutor.java:1149)
	at java.util.concurrent.ThreadPoolExecutor$Worker.run(ThreadPoolExecutor.java:624)
	at java.lang.Thread.run(Thread.java:748)
2019-09-16 18:50:27,630 [grpc-default-executor-4] INFO  client.GrpcClientProtocolClient (GrpcClientProtocolClient.java:onNext(264)) - client-A24F84BEFB32->6b668dd7-26f3-4a2a-98d6-977366dc8866: receive RaftClientReply:client-A24F84BEFB32->6b668dd7-26f3-4a2a-98d6-977366dc8866@group-4078FEE62CC7, cid=139, FAILED org.apache.ratis.protocol.NotLeaderException: Server 6b668dd7-26f3-4a2a-98d6-977366dc8866@group-4078FEE62CC7 is not the leader bee99600-be87-4e2f-bca1-493826cfa9f4:192.168.34.56:42923, logIndex=0, commits[6b668dd7-26f3-4a2a-98d6-977366dc8866:c15, e23021be-5025-43ec-901b-8f315bf6442a:c13, bee99600-be87-4e2f-bca1-493826cfa9f4:c15]
2019-09-16 18:50:27,727 [java.util.concurrent.ThreadPoolExecutor$Worker@3bba45ce[State = -1, empty queue]] WARN  server.GrpcLogAppender (GrpcLogAppender.java:timeoutAppendRequest(200)) - bee99600-be87-4e2f-bca1-493826cfa9f4@group-4078FEE62CC7->e23021be-5025-43ec-901b-8f315bf6442a-GrpcLogAppender: appendEntries Timeout, request=bee99600-be87-4e2f-bca1-493826cfa9f4->e23021be-5025-43ec-901b-8f315bf6442a#115-t1, previous=(t:1, i:21), leaderCommit=15, initializing? false, entries: <empty>
2019-09-16 18:50:27,727 [java.util.concurrent.ThreadPoolExecutor$Worker@45f38be8[State = -1, empty queue]] WARN  server.GrpcLogAppender (GrpcLogAppender.java:timeoutAppendRequest(200)) - bee99600-be87-4e2f-bca1-493826cfa9f4@group-4078FEE62CC7->6b668dd7-26f3-4a2a-98d6-977366dc8866-GrpcLogAppender: appendEntries Timeout, request=bee99600-be87-4e2f-bca1-493826cfa9f4->6b668dd7-26f3-4a2a-98d6-977366dc8866#115-t1, previous=(t:1, i:21), leaderCommit=15, initializing? false, entries: <empty>
2019-09-16 18:50:29,930 [grpc-default-executor-7] INFO  impl.RaftServerProxy (RaftServerProxy.java:remove(95)) - e8c1cc56-fd3a-4c1f-a15b-7334942b67be: remove group-3233B5392349:null
2019-09-16 18:50:29,932 [RatisPipelineUtilsThread] WARN  pipeline.RatisPipelineUtils (RatisPipelineUtils.java:destroyPipeline(66)) - Pipeline destroy failed for pipeline=PipelineID=297f27b4-88a4-4c33-ba42-3233b5392349 dn=e8c1cc56-fd3a-4c1f-a15b-7334942b67be{ip: 192.168.34.56, host: pr-hdds-2111-hlhfn-3535364396, networkLocation: /default-rack, certSerialId: null}
2019-09-16 18:50:29,933 [grpc-default-executor-7] INFO  impl.RaftServerProxy (RaftServerProxy.java:remove(95)) - e9384e49-5c15-4fe8-918f-d27f1539ccef: remove group-3233B5392349:null
2019-09-16 18:50:29,935 [RatisPipelineUtilsThread] WARN  pipeline.RatisPipelineUtils (RatisPipelineUtils.java:destroyPipeline(66)) - Pipeline destroy failed for pipeline=PipelineID=297f27b4-88a4-4c33-ba42-3233b5392349 dn=e9384e49-5c15-4fe8-918f-d27f1539ccef{ip: 192.168.34.56, host: pr-hdds-2111-hlhfn-3535364396, networkLocation: /default-rack, certSerialId: null}
2019-09-16 18:50:29,936 [grpc-default-executor-7] INFO  impl.RaftServerProxy (RaftServerProxy.java:remove(95)) - d6e5a99c-4067-45a5-9f51-68f82ac62b1e: remove group-3233B5392349:null
2019-09-16 18:50:29,937 [RatisPipelineUtilsThread] WARN  pipeline.RatisPipelineUtils (RatisPipelineUtils.java:destroyPipeline(66)) - Pipeline destroy failed for pipeline=PipelineID=297f27b4-88a4-4c33-ba42-3233b5392349 dn=d6e5a99c-4067-45a5-9f51-68f82ac62b1e{ip: 192.168.34.56, host: pr-hdds-2111-hlhfn-3535364396, networkLocation: /default-rack, certSerialId: null}
2019-09-16 18:50:29,938 [RatisPipelineUtilsThread] ERROR pipeline.SCMPipelineManager (Scheduler.java:lambda$schedule$1(70)) - Destroy pipeline failed for pipeline:Pipeline[ Id: 297f27b4-88a4-4c33-ba42-3233b5392349, Nodes: e8c1cc56-fd3a-4c1f-a15b-7334942b67be{ip: 192.168.34.56, host: pr-hdds-2111-hlhfn-3535364396, networkLocation: /default-rack, certSerialId: null}e9384e49-5c15-4fe8-918f-d27f1539ccef{ip: 192.168.34.56, host: pr-hdds-2111-hlhfn-3535364396, networkLocation: /default-rack, certSerialId: null}d6e5a99c-4067-45a5-9f51-68f82ac62b1e{ip: 192.168.34.56, host: pr-hdds-2111-hlhfn-3535364396, networkLocation: /default-rack, certSerialId: null}, Type:RATIS, Factor:THREE, State:CLOSED]
org.apache.hadoop.hdds.scm.pipeline.PipelineNotFoundException: PipelineID=297f27b4-88a4-4c33-ba42-3233b5392349 not found
	at org.apache.hadoop.hdds.scm.pipeline.PipelineStateMap.getPipeline(PipelineStateMap.java:132)
	at org.apache.hadoop.hdds.scm.pipeline.PipelineStateMap.removePipeline(PipelineStateMap.java:322)
	at org.apache.hadoop.hdds.scm.pipeline.PipelineStateManager.removePipeline(PipelineStateManager.java:107)
	at org.apache.hadoop.hdds.scm.pipeline.SCMPipelineManager.removePipeline(SCMPipelineManager.java:423)
	at org.apache.hadoop.hdds.scm.pipeline.SCMPipelineManager.destroyPipeline(SCMPipelineManager.java:409)
	at org.apache.hadoop.hdds.scm.pipeline.SCMPipelineManager.lambda$finalizeAndDestroyPipeline$0(SCMPipelineManager.java:318)
	at org.apache.hadoop.utils.Scheduler.lambda$schedule$1(Scheduler.java:68)
	at java.util.concurrent.Executors$RunnableAdapter.call(Executors.java:511)
	at java.util.concurrent.FutureTask.run(FutureTask.java:266)
	at java.util.concurrent.ScheduledThreadPoolExecutor$ScheduledFutureTask.access$201(ScheduledThreadPoolExecutor.java:180)
	at java.util.concurrent.ScheduledThreadPoolExecutor$ScheduledFutureTask.run(ScheduledThreadPoolExecutor.java:293)
	at java.util.concurrent.ThreadPoolExecutor.runWorker(ThreadPoolExecutor.java:1149)
	at java.util.concurrent.ThreadPoolExecutor$Worker.run(ThreadPoolExecutor.java:624)
	at java.lang.Thread.run(Thread.java:748)
2019-09-16 18:50:30,228 [java.util.concurrent.ThreadPoolExecutor$Worker@3bba45ce[State = -1, empty queue]] WARN  server.GrpcLogAppender (GrpcLogAppender.java:timeoutAppendRequest(200)) - bee99600-be87-4e2f-bca1-493826cfa9f4@group-4078FEE62CC7->e23021be-5025-43ec-901b-8f315bf6442a-GrpcLogAppender: appendEntries Timeout, request=bee99600-be87-4e2f-bca1-493826cfa9f4->e23021be-5025-43ec-901b-8f315bf6442a#116-t1, previous=(t:1, i:21), leaderCommit=15, initializing? false, entries: <empty>
2019-09-16 18:50:30,228 [java.util.concurrent.ThreadPoolExecutor$Worker@45f38be8[State = -1, empty queue]] WARN  server.GrpcLogAppender (GrpcLogAppender.java:timeoutAppendRequest(200)) - bee99600-be87-4e2f-bca1-493826cfa9f4@group-4078FEE62CC7->6b668dd7-26f3-4a2a-98d6-977366dc8866-GrpcLogAppender: appendEntries Timeout, request=bee99600-be87-4e2f-bca1-493826cfa9f4->6b668dd7-26f3-4a2a-98d6-977366dc8866#116-t1, previous=(t:1, i:21), leaderCommit=15, initializing? false, entries: <empty>
2019-09-16 18:50:31,933 [grpc-default-executor-4] INFO  impl.RaftServerProxy (RaftServerProxy.java:remove(95)) - e8c1cc56-fd3a-4c1f-a15b-7334942b67be: remove group-3233B5392349:null
2019-09-16 18:50:31,936 [RatisPipelineUtilsThread] WARN  pipeline.RatisPipelineUtils (RatisPipelineUtils.java:destroyPipeline(66)) - Pipeline destroy failed for pipeline=PipelineID=297f27b4-88a4-4c33-ba42-3233b5392349 dn=e8c1cc56-fd3a-4c1f-a15b-7334942b67be{ip: 192.168.34.56, host: pr-hdds-2111-hlhfn-3535364396, networkLocation: /default-rack, certSerialId: null}
2019-09-16 18:50:31,939 [grpc-default-executor-4] INFO  impl.RaftServerProxy (RaftServerProxy.java:remove(95)) - e9384e49-5c15-4fe8-918f-d27f1539ccef: remove group-3233B5392349:null
2019-09-16 18:50:31,941 [RatisPipelineUtilsThread] WARN  pipeline.RatisPipelineUtils (RatisPipelineUtils.java:destroyPipeline(66)) - Pipeline destroy failed for pipeline=PipelineID=297f27b4-88a4-4c33-ba42-3233b5392349 dn=e9384e49-5c15-4fe8-918f-d27f1539ccef{ip: 192.168.34.56, host: pr-hdds-2111-hlhfn-3535364396, networkLocation: /default-rack, certSerialId: null}
2019-09-16 18:50:31,944 [grpc-default-executor-4] INFO  impl.RaftServerProxy (RaftServerProxy.java:remove(95)) - d6e5a99c-4067-45a5-9f51-68f82ac62b1e: remove group-3233B5392349:null
2019-09-16 18:50:31,946 [RatisPipelineUtilsThread] WARN  pipeline.RatisPipelineUtils (RatisPipelineUtils.java:destroyPipeline(66)) - Pipeline destroy failed for pipeline=PipelineID=297f27b4-88a4-4c33-ba42-3233b5392349 dn=d6e5a99c-4067-45a5-9f51-68f82ac62b1e{ip: 192.168.34.56, host: pr-hdds-2111-hlhfn-3535364396, networkLocation: /default-rack, certSerialId: null}
2019-09-16 18:50:31,947 [RatisPipelineUtilsThread] ERROR pipeline.SCMPipelineManager (Scheduler.java:lambda$schedule$1(70)) - Destroy pipeline failed for pipeline:Pipeline[ Id: 297f27b4-88a4-4c33-ba42-3233b5392349, Nodes: e8c1cc56-fd3a-4c1f-a15b-7334942b67be{ip: 192.168.34.56, host: pr-hdds-2111-hlhfn-3535364396, networkLocation: /default-rack, certSerialId: null}e9384e49-5c15-4fe8-918f-d27f1539ccef{ip: 192.168.34.56, host: pr-hdds-2111-hlhfn-3535364396, networkLocation: /default-rack, certSerialId: null}d6e5a99c-4067-45a5-9f51-68f82ac62b1e{ip: 192.168.34.56, host: pr-hdds-2111-hlhfn-3535364396, networkLocation: /default-rack, certSerialId: null}, Type:RATIS, Factor:THREE, State:CLOSED]
org.apache.hadoop.hdds.scm.pipeline.PipelineNotFoundException: PipelineID=297f27b4-88a4-4c33-ba42-3233b5392349 not found
	at org.apache.hadoop.hdds.scm.pipeline.PipelineStateMap.getPipeline(PipelineStateMap.java:132)
	at org.apache.hadoop.hdds.scm.pipeline.PipelineStateMap.removePipeline(PipelineStateMap.java:322)
	at org.apache.hadoop.hdds.scm.pipeline.PipelineStateManager.removePipeline(PipelineStateManager.java:107)
	at org.apache.hadoop.hdds.scm.pipeline.SCMPipelineManager.removePipeline(SCMPipelineManager.java:423)
	at org.apache.hadoop.hdds.scm.pipeline.SCMPipelineManager.destroyPipeline(SCMPipelineManager.java:409)
	at org.apache.hadoop.hdds.scm.pipeline.SCMPipelineManager.lambda$finalizeAndDestroyPipeline$0(SCMPipelineManager.java:318)
	at org.apache.hadoop.utils.Scheduler.lambda$schedule$1(Scheduler.java:68)
	at java.util.concurrent.Executors$RunnableAdapter.call(Executors.java:511)
	at java.util.concurrent.FutureTask.run(FutureTask.java:266)
	at java.util.concurrent.ScheduledThreadPoolExecutor$ScheduledFutureTask.access$201(ScheduledThreadPoolExecutor.java:180)
	at java.util.concurrent.ScheduledThreadPoolExecutor$ScheduledFutureTask.run(ScheduledThreadPoolExecutor.java:293)
	at java.util.concurrent.ThreadPoolExecutor.runWorker(ThreadPoolExecutor.java:1149)
	at java.util.concurrent.ThreadPoolExecutor$Worker.run(ThreadPoolExecutor.java:624)
	at java.lang.Thread.run(Thread.java:748)
2019-09-16 18:50:32,223 [6b668dd7-26f3-4a2a-98d6-977366dc8866@group-4078FEE62CC7-SegmentedRaftLogWorker] WARN  segmented.SegmentedRaftLogWorker (SegmentedRaftLogWorker.java:getFromFuture(90)) - Timeout 5/~
org.apache.ratis.protocol.TimeoutIOException: Timeout 10s: WriteLog:16: (t:1, i:16), STATEMACHINELOGENTRY, client-A24F84BEFB32, cid=139-writeStateMachineData
	at org.apache.ratis.util.IOUtils.getFromFuture(IOUtils.java:87)
	at org.apache.ratis.server.raftlog.segmented.SegmentedRaftLogWorker$StateMachineDataPolicy.getFromFuture(SegmentedRaftLogWorker.java:87)
	at org.apache.ratis.server.raftlog.segmented.SegmentedRaftLogWorker$WriteLog.execute(SegmentedRaftLogWorker.java:477)
	at org.apache.ratis.server.raftlog.segmented.SegmentedRaftLogWorker.run(SegmentedRaftLogWorker.java:289)
	at java.lang.Thread.run(Thread.java:748)
Caused by: java.util.concurrent.TimeoutException
	at java.util.concurrent.CompletableFuture.timedGet(CompletableFuture.java:1771)
	at java.util.concurrent.CompletableFuture.get(CompletableFuture.java:1915)
	at org.apache.ratis.util.IOUtils.getFromFuture(IOUtils.java:79)
	... 4 more
2019-09-16 18:50:32,324 [bee99600-be87-4e2f-bca1-493826cfa9f4@group-4078FEE62CC7-SegmentedRaftLogWorker] WARN  segmented.SegmentedRaftLogWorker (SegmentedRaftLogWorker.java:getFromFuture(90)) - Timeout 5/~
org.apache.ratis.protocol.TimeoutIOException: Timeout 10s: WriteLog:17: (t:1, i:17), STATEMACHINELOGENTRY, client-A24F84BEFB32, cid=140-writeStateMachineData
	at org.apache.ratis.util.IOUtils.getFromFuture(IOUtils.java:87)
	at org.apache.ratis.server.raftlog.segmented.SegmentedRaftLogWorker$StateMachineDataPolicy.getFromFuture(SegmentedRaftLogWorker.java:87)
	at org.apache.ratis.server.raftlog.segmented.SegmentedRaftLogWorker$WriteLog.execute(SegmentedRaftLogWorker.java:477)
	at org.apache.ratis.server.raftlog.segmented.SegmentedRaftLogWorker.run(SegmentedRaftLogWorker.java:289)
	at java.lang.Thread.run(Thread.java:748)
Caused by: java.util.concurrent.TimeoutException
	at java.util.concurrent.CompletableFuture.timedGet(CompletableFuture.java:1771)
	at java.util.concurrent.CompletableFuture.get(CompletableFuture.java:1915)
	at org.apache.ratis.util.IOUtils.getFromFuture(IOUtils.java:79)
	... 4 more
2019-09-16 18:50:32,324 [e23021be-5025-43ec-901b-8f315bf6442a@group-4078FEE62CC7-SegmentedRaftLogWorker] WARN  segmented.SegmentedRaftLogWorker (SegmentedRaftLogWorker.java:getFromFuture(90)) - Timeout 5/~
org.apache.ratis.protocol.TimeoutIOException: Timeout 10s: WriteLog:19: (t:1, i:19), STATEMACHINELOGENTRY, client-A24F84BEFB32, cid=142-writeStateMachineData
	at org.apache.ratis.util.IOUtils.getFromFuture(IOUtils.java:87)
	at org.apache.ratis.server.raftlog.segmented.SegmentedRaftLogWorker$StateMachineDataPolicy.getFromFuture(SegmentedRaftLogWorker.java:87)
	at org.apache.ratis.server.raftlog.segmented.SegmentedRaftLogWorker$WriteLog.execute(SegmentedRaftLogWorker.java:477)
	at org.apache.ratis.server.raftlog.segmented.SegmentedRaftLogWorker.run(SegmentedRaftLogWorker.java:289)
	at java.lang.Thread.run(Thread.java:748)
Caused by: java.util.concurrent.TimeoutException
	at java.util.concurrent.CompletableFuture.timedGet(CompletableFuture.java:1771)
	at java.util.concurrent.CompletableFuture.get(CompletableFuture.java:1915)
	at org.apache.ratis.util.IOUtils.getFromFuture(IOUtils.java:79)
	... 4 more
2019-09-16 18:50:32,661 [grpc-default-executor-4] INFO  client.GrpcClientProtocolClient (GrpcClientProtocolClient.java:onNext(264)) - client-A24F84BEFB32->6b668dd7-26f3-4a2a-98d6-977366dc8866: receive RaftClientReply:client-A24F84BEFB32->6b668dd7-26f3-4a2a-98d6-977366dc8866@group-4078FEE62CC7, cid=139, FAILED org.apache.ratis.protocol.NotLeaderException: Server 6b668dd7-26f3-4a2a-98d6-977366dc8866@group-4078FEE62CC7 is not the leader bee99600-be87-4e2f-bca1-493826cfa9f4:192.168.34.56:42923, logIndex=0, commits[6b668dd7-26f3-4a2a-98d6-977366dc8866:c15, e23021be-5025-43ec-901b-8f315bf6442a:c13, bee99600-be87-4e2f-bca1-493826cfa9f4:c15]
2019-09-16 18:50:32,728 [java.util.concurrent.ThreadPoolExecutor$Worker@3bba45ce[State = -1, empty queue]] WARN  server.GrpcLogAppender (GrpcLogAppender.java:timeoutAppendRequest(200)) - bee99600-be87-4e2f-bca1-493826cfa9f4@group-4078FEE62CC7->e23021be-5025-43ec-901b-8f315bf6442a-GrpcLogAppender: appendEntries Timeout, request=bee99600-be87-4e2f-bca1-493826cfa9f4->e23021be-5025-43ec-901b-8f315bf6442a#117-t1, previous=(t:1, i:21), leaderCommit=15, initializing? false, entries: <empty>
2019-09-16 18:50:32,728 [java.util.concurrent.ThreadPoolExecutor$Worker@45f38be8[State = -1, empty queue]] WARN  server.GrpcLogAppender (GrpcLogAppender.java:timeoutAppendRequest(200)) - bee99600-be87-4e2f-bca1-493826cfa9f4@group-4078FEE62CC7->6b668dd7-26f3-4a2a-98d6-977366dc8866-GrpcLogAppender: appendEntries Timeout, request=bee99600-be87-4e2f-bca1-493826cfa9f4->6b668dd7-26f3-4a2a-98d6-977366dc8866#117-t1, previous=(t:1, i:21), leaderCommit=15, initializing? false, entries: <empty>
2019-09-16 18:50:34,930 [grpc-default-executor-4] INFO  impl.RaftServerProxy (RaftServerProxy.java:remove(95)) - e8c1cc56-fd3a-4c1f-a15b-7334942b67be: remove group-3233B5392349:null
2019-09-16 18:50:34,933 [RatisPipelineUtilsThread] WARN  pipeline.RatisPipelineUtils (RatisPipelineUtils.java:destroyPipeline(66)) - Pipeline destroy failed for pipeline=PipelineID=297f27b4-88a4-4c33-ba42-3233b5392349 dn=e8c1cc56-fd3a-4c1f-a15b-7334942b67be{ip: 192.168.34.56, host: pr-hdds-2111-hlhfn-3535364396, networkLocation: /default-rack, certSerialId: null}
2019-09-16 18:50:34,935 [grpc-default-executor-4] INFO  impl.RaftServerProxy (RaftServerProxy.java:remove(95)) - e9384e49-5c15-4fe8-918f-d27f1539ccef: remove group-3233B5392349:null
2019-09-16 18:50:34,937 [RatisPipelineUtilsThread] WARN  pipeline.RatisPipelineUtils (RatisPipelineUtils.java:destroyPipeline(66)) - Pipeline destroy failed for pipeline=PipelineID=297f27b4-88a4-4c33-ba42-3233b5392349 dn=e9384e49-5c15-4fe8-918f-d27f1539ccef{ip: 192.168.34.56, host: pr-hdds-2111-hlhfn-3535364396, networkLocation: /default-rack, certSerialId: null}
2019-09-16 18:50:34,940 [grpc-default-executor-4] INFO  impl.RaftServerProxy (RaftServerProxy.java:remove(95)) - d6e5a99c-4067-45a5-9f51-68f82ac62b1e: remove group-3233B5392349:null
2019-09-16 18:50:34,942 [RatisPipelineUtilsThread] WARN  pipeline.RatisPipelineUtils (RatisPipelineUtils.java:destroyPipeline(66)) - Pipeline destroy failed for pipeline=PipelineID=297f27b4-88a4-4c33-ba42-3233b5392349 dn=d6e5a99c-4067-45a5-9f51-68f82ac62b1e{ip: 192.168.34.56, host: pr-hdds-2111-hlhfn-3535364396, networkLocation: /default-rack, certSerialId: null}
2019-09-16 18:50:34,942 [RatisPipelineUtilsThread] ERROR pipeline.SCMPipelineManager (Scheduler.java:lambda$schedule$1(70)) - Destroy pipeline failed for pipeline:Pipeline[ Id: 297f27b4-88a4-4c33-ba42-3233b5392349, Nodes: e8c1cc56-fd3a-4c1f-a15b-7334942b67be{ip: 192.168.34.56, host: pr-hdds-2111-hlhfn-3535364396, networkLocation: /default-rack, certSerialId: null}e9384e49-5c15-4fe8-918f-d27f1539ccef{ip: 192.168.34.56, host: pr-hdds-2111-hlhfn-3535364396, networkLocation: /default-rack, certSerialId: null}d6e5a99c-4067-45a5-9f51-68f82ac62b1e{ip: 192.168.34.56, host: pr-hdds-2111-hlhfn-3535364396, networkLocation: /default-rack, certSerialId: null}, Type:RATIS, Factor:THREE, State:CLOSED]
org.apache.hadoop.hdds.scm.pipeline.PipelineNotFoundException: PipelineID=297f27b4-88a4-4c33-ba42-3233b5392349 not found
	at org.apache.hadoop.hdds.scm.pipeline.PipelineStateMap.getPipeline(PipelineStateMap.java:132)
	at org.apache.hadoop.hdds.scm.pipeline.PipelineStateMap.removePipeline(PipelineStateMap.java:322)
	at org.apache.hadoop.hdds.scm.pipeline.PipelineStateManager.removePipeline(PipelineStateManager.java:107)
	at org.apache.hadoop.hdds.scm.pipeline.SCMPipelineManager.removePipeline(SCMPipelineManager.java:423)
	at org.apache.hadoop.hdds.scm.pipeline.SCMPipelineManager.destroyPipeline(SCMPipelineManager.java:409)
	at org.apache.hadoop.hdds.scm.pipeline.SCMPipelineManager.lambda$finalizeAndDestroyPipeline$0(SCMPipelineManager.java:318)
	at org.apache.hadoop.utils.Scheduler.lambda$schedule$1(Scheduler.java:68)
	at java.util.concurrent.Executors$RunnableAdapter.call(Executors.java:511)
	at java.util.concurrent.FutureTask.run(FutureTask.java:266)
	at java.util.concurrent.ScheduledThreadPoolExecutor$ScheduledFutureTask.access$201(ScheduledThreadPoolExecutor.java:180)
	at java.util.concurrent.ScheduledThreadPoolExecutor$ScheduledFutureTask.run(ScheduledThreadPoolExecutor.java:293)
	at java.util.concurrent.ThreadPoolExecutor.runWorker(ThreadPoolExecutor.java:1149)
	at java.util.concurrent.ThreadPoolExecutor$Worker.run(ThreadPoolExecutor.java:624)
	at java.lang.Thread.run(Thread.java:748)
2019-09-16 18:50:35,228 [java.util.concurrent.ThreadPoolExecutor$Worker@3bba45ce[State = -1, empty queue]] WARN  server.GrpcLogAppender (GrpcLogAppender.java:timeoutAppendRequest(200)) - bee99600-be87-4e2f-bca1-493826cfa9f4@group-4078FEE62CC7->e23021be-5025-43ec-901b-8f315bf6442a-GrpcLogAppender: appendEntries Timeout, request=bee99600-be87-4e2f-bca1-493826cfa9f4->e23021be-5025-43ec-901b-8f315bf6442a#118-t1, previous=(t:1, i:21), leaderCommit=15, initializing? false, entries: <empty>
2019-09-16 18:50:35,228 [java.util.concurrent.ThreadPoolExecutor$Worker@45f38be8[State = -1, empty queue]] WARN  server.GrpcLogAppender (GrpcLogAppender.java:timeoutAppendRequest(200)) - bee99600-be87-4e2f-bca1-493826cfa9f4@group-4078FEE62CC7->6b668dd7-26f3-4a2a-98d6-977366dc8866-GrpcLogAppender: appendEntries Timeout, request=bee99600-be87-4e2f-bca1-493826cfa9f4->6b668dd7-26f3-4a2a-98d6-977366dc8866#118-t1, previous=(t:1, i:21), leaderCommit=15, initializing? false, entries: <empty>
2019-09-16 18:50:36,930 [grpc-default-executor-7] INFO  impl.RaftServerProxy (RaftServerProxy.java:remove(95)) - e8c1cc56-fd3a-4c1f-a15b-7334942b67be: remove group-3233B5392349:null
2019-09-16 18:50:36,933 [RatisPipelineUtilsThread] WARN  pipeline.RatisPipelineUtils (RatisPipelineUtils.java:destroyPipeline(66)) - Pipeline destroy failed for pipeline=PipelineID=297f27b4-88a4-4c33-ba42-3233b5392349 dn=e8c1cc56-fd3a-4c1f-a15b-7334942b67be{ip: 192.168.34.56, host: pr-hdds-2111-hlhfn-3535364396, networkLocation: /default-rack, certSerialId: null}
2019-09-16 18:50:36,936 [grpc-default-executor-7] INFO  impl.RaftServerProxy (RaftServerProxy.java:remove(95)) - e9384e49-5c15-4fe8-918f-d27f1539ccef: remove group-3233B5392349:null
2019-09-16 18:50:36,938 [RatisPipelineUtilsThread] WARN  pipeline.RatisPipelineUtils (RatisPipelineUtils.java:destroyPipeline(66)) - Pipeline destroy failed for pipeline=PipelineID=297f27b4-88a4-4c33-ba42-3233b5392349 dn=e9384e49-5c15-4fe8-918f-d27f1539ccef{ip: 192.168.34.56, host: pr-hdds-2111-hlhfn-3535364396, networkLocation: /default-rack, certSerialId: null}
2019-09-16 18:50:36,941 [grpc-default-executor-7] INFO  impl.RaftServerProxy (RaftServerProxy.java:remove(95)) - d6e5a99c-4067-45a5-9f51-68f82ac62b1e: remove group-3233B5392349:null
2019-09-16 18:50:36,943 [RatisPipelineUtilsThread] WARN  pipeline.RatisPipelineUtils (RatisPipelineUtils.java:destroyPipeline(66)) - Pipeline destroy failed for pipeline=PipelineID=297f27b4-88a4-4c33-ba42-3233b5392349 dn=d6e5a99c-4067-45a5-9f51-68f82ac62b1e{ip: 192.168.34.56, host: pr-hdds-2111-hlhfn-3535364396, networkLocation: /default-rack, certSerialId: null}
2019-09-16 18:50:36,944 [RatisPipelineUtilsThread] ERROR pipeline.SCMPipelineManager (Scheduler.java:lambda$schedule$1(70)) - Destroy pipeline failed for pipeline:Pipeline[ Id: 297f27b4-88a4-4c33-ba42-3233b5392349, Nodes: e8c1cc56-fd3a-4c1f-a15b-7334942b67be{ip: 192.168.34.56, host: pr-hdds-2111-hlhfn-3535364396, networkLocation: /default-rack, certSerialId: null}e9384e49-5c15-4fe8-918f-d27f1539ccef{ip: 192.168.34.56, host: pr-hdds-2111-hlhfn-3535364396, networkLocation: /default-rack, certSerialId: null}d6e5a99c-4067-45a5-9f51-68f82ac62b1e{ip: 192.168.34.56, host: pr-hdds-2111-hlhfn-3535364396, networkLocation: /default-rack, certSerialId: null}, Type:RATIS, Factor:THREE, State:CLOSED]
org.apache.hadoop.hdds.scm.pipeline.PipelineNotFoundException: PipelineID=297f27b4-88a4-4c33-ba42-3233b5392349 not found
	at org.apache.hadoop.hdds.scm.pipeline.PipelineStateMap.getPipeline(PipelineStateMap.java:132)
	at org.apache.hadoop.hdds.scm.pipeline.PipelineStateMap.removePipeline(PipelineStateMap.java:322)
	at org.apache.hadoop.hdds.scm.pipeline.PipelineStateManager.removePipeline(PipelineStateManager.java:107)
	at org.apache.hadoop.hdds.scm.pipeline.SCMPipelineManager.removePipeline(SCMPipelineManager.java:423)
	at org.apache.hadoop.hdds.scm.pipeline.SCMPipelineManager.destroyPipeline(SCMPipelineManager.java:409)
	at org.apache.hadoop.hdds.scm.pipeline.SCMPipelineManager.lambda$finalizeAndDestroyPipeline$0(SCMPipelineManager.java:318)
	at org.apache.hadoop.utils.Scheduler.lambda$schedule$1(Scheduler.java:68)
	at java.util.concurrent.Executors$RunnableAdapter.call(Executors.java:511)
	at java.util.concurrent.FutureTask.run(FutureTask.java:266)
	at java.util.concurrent.ScheduledThreadPoolExecutor$ScheduledFutureTask.access$201(ScheduledThreadPoolExecutor.java:180)
	at java.util.concurrent.ScheduledThreadPoolExecutor$ScheduledFutureTask.run(ScheduledThreadPoolExecutor.java:293)
	at java.util.concurrent.ThreadPoolExecutor.runWorker(ThreadPoolExecutor.java:1149)
	at java.util.concurrent.ThreadPoolExecutor$Worker.run(ThreadPoolExecutor.java:624)
	at java.lang.Thread.run(Thread.java:748)
2019-09-16 18:50:36,947 [grpc-default-executor-7] INFO  impl.RaftServerProxy (RaftServerProxy.java:remove(95)) - e8c1cc56-fd3a-4c1f-a15b-7334942b67be: remove group-3233B5392349:null
2019-09-16 18:50:36,949 [RatisPipelineUtilsThread] WARN  pipeline.RatisPipelineUtils (RatisPipelineUtils.java:destroyPipeline(66)) - Pipeline destroy failed for pipeline=PipelineID=297f27b4-88a4-4c33-ba42-3233b5392349 dn=e8c1cc56-fd3a-4c1f-a15b-7334942b67be{ip: 192.168.34.56, host: pr-hdds-2111-hlhfn-3535364396, networkLocation: /default-rack, certSerialId: null}
2019-09-16 18:50:36,952 [grpc-default-executor-7] INFO  impl.RaftServerProxy (RaftServerProxy.java:remove(95)) - e9384e49-5c15-4fe8-918f-d27f1539ccef: remove group-3233B5392349:null
2019-09-16 18:50:36,954 [RatisPipelineUtilsThread] WARN  pipeline.RatisPipelineUtils (RatisPipelineUtils.java:destroyPipeline(66)) - Pipeline destroy failed for pipeline=PipelineID=297f27b4-88a4-4c33-ba42-3233b5392349 dn=e9384e49-5c15-4fe8-918f-d27f1539ccef{ip: 192.168.34.56, host: pr-hdds-2111-hlhfn-3535364396, networkLocation: /default-rack, certSerialId: null}
2019-09-16 18:50:36,958 [grpc-default-executor-7] INFO  impl.RaftServerProxy (RaftServerProxy.java:remove(95)) - d6e5a99c-4067-45a5-9f51-68f82ac62b1e: remove group-3233B5392349:null
2019-09-16 18:50:36,960 [RatisPipelineUtilsThread] WARN  pipeline.RatisPipelineUtils (RatisPipelineUtils.java:destroyPipeline(66)) - Pipeline destroy failed for pipeline=PipelineID=297f27b4-88a4-4c33-ba42-3233b5392349 dn=d6e5a99c-4067-45a5-9f51-68f82ac62b1e{ip: 192.168.34.56, host: pr-hdds-2111-hlhfn-3535364396, networkLocation: /default-rack, certSerialId: null}
2019-09-16 18:50:36,961 [RatisPipelineUtilsThread] ERROR pipeline.SCMPipelineManager (Scheduler.java:lambda$schedule$1(70)) - Destroy pipeline failed for pipeline:Pipeline[ Id: 297f27b4-88a4-4c33-ba42-3233b5392349, Nodes: e8c1cc56-fd3a-4c1f-a15b-7334942b67be{ip: 192.168.34.56, host: pr-hdds-2111-hlhfn-3535364396, networkLocation: /default-rack, certSerialId: null}e9384e49-5c15-4fe8-918f-d27f1539ccef{ip: 192.168.34.56, host: pr-hdds-2111-hlhfn-3535364396, networkLocation: /default-rack, certSerialId: null}d6e5a99c-4067-45a5-9f51-68f82ac62b1e{ip: 192.168.34.56, host: pr-hdds-2111-hlhfn-3535364396, networkLocation: /default-rack, certSerialId: null}, Type:RATIS, Factor:THREE, State:CLOSED]
org.apache.hadoop.hdds.scm.pipeline.PipelineNotFoundException: PipelineID=297f27b4-88a4-4c33-ba42-3233b5392349 not found
	at org.apache.hadoop.hdds.scm.pipeline.PipelineStateMap.getPipeline(PipelineStateMap.java:132)
	at org.apache.hadoop.hdds.scm.pipeline.PipelineStateMap.removePipeline(PipelineStateMap.java:322)
	at org.apache.hadoop.hdds.scm.pipeline.PipelineStateManager.removePipeline(PipelineStateManager.java:107)
	at org.apache.hadoop.hdds.scm.pipeline.SCMPipelineManager.removePipeline(SCMPipelineManager.java:423)
	at org.apache.hadoop.hdds.scm.pipeline.SCMPipelineManager.destroyPipeline(SCMPipelineManager.java:409)
	at org.apache.hadoop.hdds.scm.pipeline.SCMPipelineManager.lambda$finalizeAndDestroyPipeline$0(SCMPipelineManager.java:318)
	at org.apache.hadoop.utils.Scheduler.lambda$schedule$1(Scheduler.java:68)
	at java.util.concurrent.Executors$RunnableAdapter.call(Executors.java:511)
	at java.util.concurrent.FutureTask.run(FutureTask.java:266)
	at java.util.concurrent.ScheduledThreadPoolExecutor$ScheduledFutureTask.access$201(ScheduledThreadPoolExecutor.java:180)
	at java.util.concurrent.ScheduledThreadPoolExecutor$ScheduledFutureTask.run(ScheduledThreadPoolExecutor.java:293)
	at java.util.concurrent.ThreadPoolExecutor.runWorker(ThreadPoolExecutor.java:1149)
	at java.util.concurrent.ThreadPoolExecutor$Worker.run(ThreadPoolExecutor.java:624)
	at java.lang.Thread.run(Thread.java:748)
2019-09-16 18:50:37,015 [grpc-default-executor-7] INFO  impl.RaftServerProxy (RaftServerProxy.java:remove(95)) - e8c1cc56-fd3a-4c1f-a15b-7334942b67be: remove group-3233B5392349:null
2019-09-16 18:50:37,017 [RatisPipelineUtilsThread] WARN  pipeline.RatisPipelineUtils (RatisPipelineUtils.java:destroyPipeline(66)) - Pipeline destroy failed for pipeline=PipelineID=297f27b4-88a4-4c33-ba42-3233b5392349 dn=e8c1cc56-fd3a-4c1f-a15b-7334942b67be{ip: 192.168.34.56, host: pr-hdds-2111-hlhfn-3535364396, networkLocation: /default-rack, certSerialId: null}
2019-09-16 18:50:37,020 [grpc-default-executor-7] INFO  impl.RaftServerProxy (RaftServerProxy.java:remove(95)) - e9384e49-5c15-4fe8-918f-d27f1539ccef: remove group-3233B5392349:null
2019-09-16 18:50:37,022 [RatisPipelineUtilsThread] WARN  pipeline.RatisPipelineUtils (RatisPipelineUtils.java:destroyPipeline(66)) - Pipeline destroy failed for pipeline=PipelineID=297f27b4-88a4-4c33-ba42-3233b5392349 dn=e9384e49-5c15-4fe8-918f-d27f1539ccef{ip: 192.168.34.56, host: pr-hdds-2111-hlhfn-3535364396, networkLocation: /default-rack, certSerialId: null}
2019-09-16 18:50:37,024 [grpc-default-executor-4] INFO  impl.RaftServerProxy (RaftServerProxy.java:remove(95)) - d6e5a99c-4067-45a5-9f51-68f82ac62b1e: remove group-3233B5392349:null
2019-09-16 18:50:37,025 [RatisPipelineUtilsThread] WARN  pipeline.RatisPipelineUtils (RatisPipelineUtils.java:destroyPipeline(66)) - Pipeline destroy failed for pipeline=PipelineID=297f27b4-88a4-4c33-ba42-3233b5392349 dn=d6e5a99c-4067-45a5-9f51-68f82ac62b1e{ip: 192.168.34.56, host: pr-hdds-2111-hlhfn-3535364396, networkLocation: /default-rack, certSerialId: null}
2019-09-16 18:50:37,026 [RatisPipelineUtilsThread] ERROR pipeline.SCMPipelineManager (Scheduler.java:lambda$schedule$1(70)) - Destroy pipeline failed for pipeline:Pipeline[ Id: 297f27b4-88a4-4c33-ba42-3233b5392349, Nodes: e8c1cc56-fd3a-4c1f-a15b-7334942b67be{ip: 192.168.34.56, host: pr-hdds-2111-hlhfn-3535364396, networkLocation: /default-rack, certSerialId: null}e9384e49-5c15-4fe8-918f-d27f1539ccef{ip: 192.168.34.56, host: pr-hdds-2111-hlhfn-3535364396, networkLocation: /default-rack, certSerialId: null}d6e5a99c-4067-45a5-9f51-68f82ac62b1e{ip: 192.168.34.56, host: pr-hdds-2111-hlhfn-3535364396, networkLocation: /default-rack, certSerialId: null}, Type:RATIS, Factor:THREE, State:CLOSED]
org.apache.hadoop.hdds.scm.pipeline.PipelineNotFoundException: PipelineID=297f27b4-88a4-4c33-ba42-3233b5392349 not found
	at org.apache.hadoop.hdds.scm.pipeline.PipelineStateMap.getPipeline(PipelineStateMap.java:132)
	at org.apache.hadoop.hdds.scm.pipeline.PipelineStateMap.removePipeline(PipelineStateMap.java:322)
	at org.apache.hadoop.hdds.scm.pipeline.PipelineStateManager.removePipeline(PipelineStateManager.java:107)
	at org.apache.hadoop.hdds.scm.pipeline.SCMPipelineManager.removePipeline(SCMPipelineManager.java:423)
	at org.apache.hadoop.hdds.scm.pipeline.SCMPipelineManager.destroyPipeline(SCMPipelineManager.java:409)
	at org.apache.hadoop.hdds.scm.pipeline.SCMPipelineManager.lambda$finalizeAndDestroyPipeline$0(SCMPipelineManager.java:318)
	at org.apache.hadoop.utils.Scheduler.lambda$schedule$1(Scheduler.java:68)
	at java.util.concurrent.Executors$RunnableAdapter.call(Executors.java:511)
	at java.util.concurrent.FutureTask.run(FutureTask.java:266)
	at java.util.concurrent.ScheduledThreadPoolExecutor$ScheduledFutureTask.access$201(ScheduledThreadPoolExecutor.java:180)
	at java.util.concurrent.ScheduledThreadPoolExecutor$ScheduledFutureTask.run(ScheduledThreadPoolExecutor.java:293)
	at java.util.concurrent.ThreadPoolExecutor.runWorker(ThreadPoolExecutor.java:1149)
	at java.util.concurrent.ThreadPoolExecutor$Worker.run(ThreadPoolExecutor.java:624)
	at java.lang.Thread.run(Thread.java:748)
2019-09-16 18:50:37,102 [grpc-default-executor-4] INFO  impl.RaftServerProxy (RaftServerProxy.java:remove(95)) - e8c1cc56-fd3a-4c1f-a15b-7334942b67be: remove group-3233B5392349:null
2019-09-16 18:50:37,104 [RatisPipelineUtilsThread] WARN  pipeline.RatisPipelineUtils (RatisPipelineUtils.java:destroyPipeline(66)) - Pipeline destroy failed for pipeline=PipelineID=297f27b4-88a4-4c33-ba42-3233b5392349 dn=e8c1cc56-fd3a-4c1f-a15b-7334942b67be{ip: 192.168.34.56, host: pr-hdds-2111-hlhfn-3535364396, networkLocation: /default-rack, certSerialId: null}
2019-09-16 18:50:37,106 [grpc-default-executor-4] INFO  impl.RaftServerProxy (RaftServerProxy.java:remove(95)) - e9384e49-5c15-4fe8-918f-d27f1539ccef: remove group-3233B5392349:null
2019-09-16 18:50:37,107 [RatisPipelineUtilsThread] WARN  pipeline.RatisPipelineUtils (RatisPipelineUtils.java:destroyPipeline(66)) - Pipeline destroy failed for pipeline=PipelineID=297f27b4-88a4-4c33-ba42-3233b5392349 dn=e9384e49-5c15-4fe8-918f-d27f1539ccef{ip: 192.168.34.56, host: pr-hdds-2111-hlhfn-3535364396, networkLocation: /default-rack, certSerialId: null}
2019-09-16 18:50:37,109 [grpc-default-executor-4] INFO  impl.RaftServerProxy (RaftServerProxy.java:remove(95)) - d6e5a99c-4067-45a5-9f51-68f82ac62b1e: remove group-3233B5392349:null
2019-09-16 18:50:37,110 [RatisPipelineUtilsThread] WARN  pipeline.RatisPipelineUtils (RatisPipelineUtils.java:destroyPipeline(66)) - Pipeline destroy failed for pipeline=PipelineID=297f27b4-88a4-4c33-ba42-3233b5392349 dn=d6e5a99c-4067-45a5-9f51-68f82ac62b1e{ip: 192.168.34.56, host: pr-hdds-2111-hlhfn-3535364396, networkLocation: /default-rack, certSerialId: null}
2019-09-16 18:50:37,110 [RatisPipelineUtilsThread] ERROR pipeline.SCMPipelineManager (Scheduler.java:lambda$schedule$1(70)) - Destroy pipeline failed for pipeline:Pipeline[ Id: 297f27b4-88a4-4c33-ba42-3233b5392349, Nodes: e8c1cc56-fd3a-4c1f-a15b-7334942b67be{ip: 192.168.34.56, host: pr-hdds-2111-hlhfn-3535364396, networkLocation: /default-rack, certSerialId: null}e9384e49-5c15-4fe8-918f-d27f1539ccef{ip: 192.168.34.56, host: pr-hdds-2111-hlhfn-3535364396, networkLocation: /default-rack, certSerialId: null}d6e5a99c-4067-45a5-9f51-68f82ac62b1e{ip: 192.168.34.56, host: pr-hdds-2111-hlhfn-3535364396, networkLocation: /default-rack, certSerialId: null}, Type:RATIS, Factor:THREE, State:CLOSED]
org.apache.hadoop.hdds.scm.pipeline.PipelineNotFoundException: PipelineID=297f27b4-88a4-4c33-ba42-3233b5392349 not found
	at org.apache.hadoop.hdds.scm.pipeline.PipelineStateMap.getPipeline(PipelineStateMap.java:132)
	at org.apache.hadoop.hdds.scm.pipeline.PipelineStateMap.removePipeline(PipelineStateMap.java:322)
	at org.apache.hadoop.hdds.scm.pipeline.PipelineStateManager.removePipeline(PipelineStateManager.java:107)
	at org.apache.hadoop.hdds.scm.pipeline.SCMPipelineManager.removePipeline(SCMPipelineManager.java:423)
	at org.apache.hadoop.hdds.scm.pipeline.SCMPipelineManager.destroyPipeline(SCMPipelineManager.java:409)
	at org.apache.hadoop.hdds.scm.pipeline.SCMPipelineManager.lambda$finalizeAndDestroyPipeline$0(SCMPipelineManager.java:318)
	at org.apache.hadoop.utils.Scheduler.lambda$schedule$1(Scheduler.java:68)
	at java.util.concurrent.Executors$RunnableAdapter.call(Executors.java:511)
	at java.util.concurrent.FutureTask.run(FutureTask.java:266)
	at java.util.concurrent.ScheduledThreadPoolExecutor$ScheduledFutureTask.access$201(ScheduledThreadPoolExecutor.java:180)
	at java.util.concurrent.ScheduledThreadPoolExecutor$ScheduledFutureTask.run(ScheduledThreadPoolExecutor.java:293)
	at java.util.concurrent.ThreadPoolExecutor.runWorker(ThreadPoolExecutor.java:1149)
	at java.util.concurrent.ThreadPoolExecutor$Worker.run(ThreadPoolExecutor.java:624)
	at java.lang.Thread.run(Thread.java:748)
2019-09-16 18:50:37,695 [grpc-default-executor-7] INFO  client.GrpcClientProtocolClient (GrpcClientProtocolClient.java:onNext(264)) - client-A24F84BEFB32->e23021be-5025-43ec-901b-8f315bf6442a: receive RaftClientReply:client-A24F84BEFB32->e23021be-5025-43ec-901b-8f315bf6442a@group-4078FEE62CC7, cid=139, FAILED org.apache.ratis.protocol.NotLeaderException: Server e23021be-5025-43ec-901b-8f315bf6442a@group-4078FEE62CC7 is not the leader bee99600-be87-4e2f-bca1-493826cfa9f4:192.168.34.56:42923, logIndex=0, commits[e23021be-5025-43ec-901b-8f315bf6442a:c15, 6b668dd7-26f3-4a2a-98d6-977366dc8866:c13, bee99600-be87-4e2f-bca1-493826cfa9f4:c15]
2019-09-16 18:50:37,728 [java.util.concurrent.ThreadPoolExecutor$Worker@3bba45ce[State = -1, empty queue]] WARN  server.GrpcLogAppender (GrpcLogAppender.java:timeoutAppendRequest(200)) - bee99600-be87-4e2f-bca1-493826cfa9f4@group-4078FEE62CC7->e23021be-5025-43ec-901b-8f315bf6442a-GrpcLogAppender: appendEntries Timeout, request=bee99600-be87-4e2f-bca1-493826cfa9f4->e23021be-5025-43ec-901b-8f315bf6442a#119-t1, previous=(t:1, i:21), leaderCommit=15, initializing? false, entries: <empty>
2019-09-16 18:50:37,728 [java.util.concurrent.ThreadPoolExecutor$Worker@45f38be8[State = -1, empty queue]] WARN  server.GrpcLogAppender (GrpcLogAppender.java:timeoutAppendRequest(200)) - bee99600-be87-4e2f-bca1-493826cfa9f4@group-4078FEE62CC7->6b668dd7-26f3-4a2a-98d6-977366dc8866-GrpcLogAppender: appendEntries Timeout, request=bee99600-be87-4e2f-bca1-493826cfa9f4->6b668dd7-26f3-4a2a-98d6-977366dc8866#119-t1, previous=(t:1, i:21), leaderCommit=15, initializing? false, entries: <empty>
2019-09-16 18:50:40,229 [java.util.concurrent.ThreadPoolExecutor$Worker@3bba45ce[State = -1, empty queue]] WARN  server.GrpcLogAppender (GrpcLogAppender.java:timeoutAppendRequest(200)) - bee99600-be87-4e2f-bca1-493826cfa9f4@group-4078FEE62CC7->e23021be-5025-43ec-901b-8f315bf6442a-GrpcLogAppender: appendEntries Timeout, request=bee99600-be87-4e2f-bca1-493826cfa9f4->e23021be-5025-43ec-901b-8f315bf6442a#120-t1, previous=(t:1, i:21), leaderCommit=15, initializing? false, entries: <empty>
2019-09-16 18:50:40,229 [java.util.concurrent.ThreadPoolExecutor$Worker@45f38be8[State = -1, empty queue]] WARN  server.GrpcLogAppender (GrpcLogAppender.java:timeoutAppendRequest(200)) - bee99600-be87-4e2f-bca1-493826cfa9f4@group-4078FEE62CC7->6b668dd7-26f3-4a2a-98d6-977366dc8866-GrpcLogAppender: appendEntries Timeout, request=bee99600-be87-4e2f-bca1-493826cfa9f4->6b668dd7-26f3-4a2a-98d6-977366dc8866#120-t1, previous=(t:1, i:21), leaderCommit=15, initializing? false, entries: <empty>
2019-09-16 18:50:42,223 [6b668dd7-26f3-4a2a-98d6-977366dc8866@group-4078FEE62CC7-SegmentedRaftLogWorker] WARN  segmented.SegmentedRaftLogWorker (SegmentedRaftLogWorker.java:getFromFuture(90)) - Timeout 6/~
org.apache.ratis.protocol.TimeoutIOException: Timeout 10s: WriteLog:16: (t:1, i:16), STATEMACHINELOGENTRY, client-A24F84BEFB32, cid=139-writeStateMachineData
	at org.apache.ratis.util.IOUtils.getFromFuture(IOUtils.java:87)
	at org.apache.ratis.server.raftlog.segmented.SegmentedRaftLogWorker$StateMachineDataPolicy.getFromFuture(SegmentedRaftLogWorker.java:87)
	at org.apache.ratis.server.raftlog.segmented.SegmentedRaftLogWorker$WriteLog.execute(SegmentedRaftLogWorker.java:477)
	at org.apache.ratis.server.raftlog.segmented.SegmentedRaftLogWorker.run(SegmentedRaftLogWorker.java:289)
	at java.lang.Thread.run(Thread.java:748)
Caused by: java.util.concurrent.TimeoutException
	at java.util.concurrent.CompletableFuture.timedGet(CompletableFuture.java:1771)
	at java.util.concurrent.CompletableFuture.get(CompletableFuture.java:1915)
	at org.apache.ratis.util.IOUtils.getFromFuture(IOUtils.java:79)
	... 4 more
2019-09-16 18:50:42,324 [bee99600-be87-4e2f-bca1-493826cfa9f4@group-4078FEE62CC7-SegmentedRaftLogWorker] WARN  segmented.SegmentedRaftLogWorker (SegmentedRaftLogWorker.java:getFromFuture(90)) - Timeout 6/~
org.apache.ratis.protocol.TimeoutIOException: Timeout 10s: WriteLog:17: (t:1, i:17), STATEMACHINELOGENTRY, client-A24F84BEFB32, cid=140-writeStateMachineData
	at org.apache.ratis.util.IOUtils.getFromFuture(IOUtils.java:87)
	at org.apache.ratis.server.raftlog.segmented.SegmentedRaftLogWorker$StateMachineDataPolicy.getFromFuture(SegmentedRaftLogWorker.java:87)
	at org.apache.ratis.server.raftlog.segmented.SegmentedRaftLogWorker$WriteLog.execute(SegmentedRaftLogWorker.java:477)
	at org.apache.ratis.server.raftlog.segmented.SegmentedRaftLogWorker.run(SegmentedRaftLogWorker.java:289)
	at java.lang.Thread.run(Thread.java:748)
Caused by: java.util.concurrent.TimeoutException
	at java.util.concurrent.CompletableFuture.timedGet(CompletableFuture.java:1771)
	at java.util.concurrent.CompletableFuture.get(CompletableFuture.java:1915)
	at org.apache.ratis.util.IOUtils.getFromFuture(IOUtils.java:79)
	... 4 more
2019-09-16 18:50:42,346 [e23021be-5025-43ec-901b-8f315bf6442a@group-4078FEE62CC7-SegmentedRaftLogWorker] WARN  segmented.SegmentedRaftLogWorker (SegmentedRaftLogWorker.java:getFromFuture(90)) - Timeout 6/~
org.apache.ratis.protocol.TimeoutIOException: Timeout 10s: WriteLog:19: (t:1, i:19), STATEMACHINELOGENTRY, client-A24F84BEFB32, cid=142-writeStateMachineData
	at org.apache.ratis.util.IOUtils.getFromFuture(IOUtils.java:87)
	at org.apache.ratis.server.raftlog.segmented.SegmentedRaftLogWorker$StateMachineDataPolicy.getFromFuture(SegmentedRaftLogWorker.java:87)
	at org.apache.ratis.server.raftlog.segmented.SegmentedRaftLogWorker$WriteLog.execute(SegmentedRaftLogWorker.java:477)
	at org.apache.ratis.server.raftlog.segmented.SegmentedRaftLogWorker.run(SegmentedRaftLogWorker.java:289)
	at java.lang.Thread.run(Thread.java:748)
Caused by: java.util.concurrent.TimeoutException
	at java.util.concurrent.CompletableFuture.timedGet(CompletableFuture.java:1771)
	at java.util.concurrent.CompletableFuture.get(CompletableFuture.java:1915)
	at org.apache.ratis.util.IOUtils.getFromFuture(IOUtils.java:79)
	... 4 more
2019-09-16 18:50:42,722 [grpc-default-executor-4] INFO  client.GrpcClientProtocolClient (GrpcClientProtocolClient.java:onNext(264)) - client-A24F84BEFB32->e23021be-5025-43ec-901b-8f315bf6442a: receive RaftClientReply:client-A24F84BEFB32->e23021be-5025-43ec-901b-8f315bf6442a@group-4078FEE62CC7, cid=139, FAILED org.apache.ratis.protocol.NotLeaderException: Server e23021be-5025-43ec-901b-8f315bf6442a@group-4078FEE62CC7 is not the leader bee99600-be87-4e2f-bca1-493826cfa9f4:192.168.34.56:42923, logIndex=0, commits[e23021be-5025-43ec-901b-8f315bf6442a:c15, 6b668dd7-26f3-4a2a-98d6-977366dc8866:c13, bee99600-be87-4e2f-bca1-493826cfa9f4:c15]
2019-09-16 18:50:42,731 [java.util.concurrent.ThreadPoolExecutor$Worker@3bba45ce[State = -1, empty queue]] WARN  server.GrpcLogAppender (GrpcLogAppender.java:timeoutAppendRequest(200)) - bee99600-be87-4e2f-bca1-493826cfa9f4@group-4078FEE62CC7->e23021be-5025-43ec-901b-8f315bf6442a-GrpcLogAppender: appendEntries Timeout, request=bee99600-be87-4e2f-bca1-493826cfa9f4->e23021be-5025-43ec-901b-8f315bf6442a#121-t1, previous=(t:1, i:21), leaderCommit=15, initializing? false, entries: <empty>
2019-09-16 18:50:42,731 [java.util.concurrent.ThreadPoolExecutor$Worker@45f38be8[State = -1, empty queue]] WARN  server.GrpcLogAppender (GrpcLogAppender.java:timeoutAppendRequest(200)) - bee99600-be87-4e2f-bca1-493826cfa9f4@group-4078FEE62CC7->6b668dd7-26f3-4a2a-98d6-977366dc8866-GrpcLogAppender: appendEntries Timeout, request=bee99600-be87-4e2f-bca1-493826cfa9f4->6b668dd7-26f3-4a2a-98d6-977366dc8866#121-t1, previous=(t:1, i:21), leaderCommit=15, initializing? false, entries: <empty>
2019-09-16 18:50:45,229 [java.util.concurrent.ThreadPoolExecutor$Worker@3bba45ce[State = -1, empty queue]] WARN  server.GrpcLogAppender (GrpcLogAppender.java:timeoutAppendRequest(200)) - bee99600-be87-4e2f-bca1-493826cfa9f4@group-4078FEE62CC7->e23021be-5025-43ec-901b-8f315bf6442a-GrpcLogAppender: appendEntries Timeout, request=bee99600-be87-4e2f-bca1-493826cfa9f4->e23021be-5025-43ec-901b-8f315bf6442a#122-t1, previous=(t:1, i:21), leaderCommit=15, initializing? false, entries: <empty>
2019-09-16 18:50:45,229 [java.util.concurrent.ThreadPoolExecutor$Worker@45f38be8[State = -1, empty queue]] WARN  server.GrpcLogAppender (GrpcLogAppender.java:timeoutAppendRequest(200)) - bee99600-be87-4e2f-bca1-493826cfa9f4@group-4078FEE62CC7->6b668dd7-26f3-4a2a-98d6-977366dc8866-GrpcLogAppender: appendEntries Timeout, request=bee99600-be87-4e2f-bca1-493826cfa9f4->6b668dd7-26f3-4a2a-98d6-977366dc8866#122-t1, previous=(t:1, i:21), leaderCommit=15, initializing? false, entries: <empty>
2019-09-16 18:50:47,729 [java.util.concurrent.ThreadPoolExecutor$Worker@3bba45ce[State = -1, empty queue]] WARN  server.GrpcLogAppender (GrpcLogAppender.java:timeoutAppendRequest(200)) - bee99600-be87-4e2f-bca1-493826cfa9f4@group-4078FEE62CC7->e23021be-5025-43ec-901b-8f315bf6442a-GrpcLogAppender: appendEntries Timeout, request=bee99600-be87-4e2f-bca1-493826cfa9f4->e23021be-5025-43ec-901b-8f315bf6442a#123-t1, previous=(t:1, i:21), leaderCommit=15, initializing? false, entries: <empty>
2019-09-16 18:50:47,729 [java.util.concurrent.ThreadPoolExecutor$Worker@45f38be8[State = -1, empty queue]] WARN  server.GrpcLogAppender (GrpcLogAppender.java:timeoutAppendRequest(200)) - bee99600-be87-4e2f-bca1-493826cfa9f4@group-4078FEE62CC7->6b668dd7-26f3-4a2a-98d6-977366dc8866-GrpcLogAppender: appendEntries Timeout, request=bee99600-be87-4e2f-bca1-493826cfa9f4->6b668dd7-26f3-4a2a-98d6-977366dc8866#123-t1, previous=(t:1, i:21), leaderCommit=15, initializing? false, entries: <empty>
2019-09-16 18:50:47,751 [grpc-default-executor-7] INFO  client.GrpcClientProtocolClient (GrpcClientProtocolClient.java:onNext(264)) - client-A24F84BEFB32->e23021be-5025-43ec-901b-8f315bf6442a: receive RaftClientReply:client-A24F84BEFB32->e23021be-5025-43ec-901b-8f315bf6442a@group-4078FEE62CC7, cid=139, FAILED org.apache.ratis.protocol.NotLeaderException: Server e23021be-5025-43ec-901b-8f315bf6442a@group-4078FEE62CC7 is not the leader bee99600-be87-4e2f-bca1-493826cfa9f4:192.168.34.56:42923, logIndex=0, commits[e23021be-5025-43ec-901b-8f315bf6442a:c15, 6b668dd7-26f3-4a2a-98d6-977366dc8866:c13, bee99600-be87-4e2f-bca1-493826cfa9f4:c15]
2019-09-16 18:50:50,230 [java.util.concurrent.ThreadPoolExecutor$Worker@3bba45ce[State = -1, empty queue]] WARN  server.GrpcLogAppender (GrpcLogAppender.java:timeoutAppendRequest(200)) - bee99600-be87-4e2f-bca1-493826cfa9f4@group-4078FEE62CC7->e23021be-5025-43ec-901b-8f315bf6442a-GrpcLogAppender: appendEntries Timeout, request=bee99600-be87-4e2f-bca1-493826cfa9f4->e23021be-5025-43ec-901b-8f315bf6442a#124-t1, previous=(t:1, i:21), leaderCommit=15, initializing? false, entries: <empty>
2019-09-16 18:50:50,230 [java.util.concurrent.ThreadPoolExecutor$Worker@45f38be8[State = -1, empty queue]] WARN  server.GrpcLogAppender (GrpcLogAppender.java:timeoutAppendRequest(200)) - bee99600-be87-4e2f-bca1-493826cfa9f4@group-4078FEE62CC7->6b668dd7-26f3-4a2a-98d6-977366dc8866-GrpcLogAppender: appendEntries Timeout, request=bee99600-be87-4e2f-bca1-493826cfa9f4->6b668dd7-26f3-4a2a-98d6-977366dc8866#124-t1, previous=(t:1, i:21), leaderCommit=15, initializing? false, entries: <empty>
2019-09-16 18:50:52,224 [6b668dd7-26f3-4a2a-98d6-977366dc8866@group-4078FEE62CC7-SegmentedRaftLogWorker] WARN  segmented.SegmentedRaftLogWorker (SegmentedRaftLogWorker.java:getFromFuture(90)) - Timeout 7/~
org.apache.ratis.protocol.TimeoutIOException: Timeout 10s: WriteLog:16: (t:1, i:16), STATEMACHINELOGENTRY, client-A24F84BEFB32, cid=139-writeStateMachineData
	at org.apache.ratis.util.IOUtils.getFromFuture(IOUtils.java:87)
	at org.apache.ratis.server.raftlog.segmented.SegmentedRaftLogWorker$StateMachineDataPolicy.getFromFuture(SegmentedRaftLogWorker.java:87)
	at org.apache.ratis.server.raftlog.segmented.SegmentedRaftLogWorker$WriteLog.execute(SegmentedRaftLogWorker.java:477)
	at org.apache.ratis.server.raftlog.segmented.SegmentedRaftLogWorker.run(SegmentedRaftLogWorker.java:289)
	at java.lang.Thread.run(Thread.java:748)
Caused by: java.util.concurrent.TimeoutException
	at java.util.concurrent.CompletableFuture.timedGet(CompletableFuture.java:1771)
	at java.util.concurrent.CompletableFuture.get(CompletableFuture.java:1915)
	at org.apache.ratis.util.IOUtils.getFromFuture(IOUtils.java:79)
	... 4 more
2019-09-16 18:50:52,346 [bee99600-be87-4e2f-bca1-493826cfa9f4@group-4078FEE62CC7-SegmentedRaftLogWorker] WARN  segmented.SegmentedRaftLogWorker (SegmentedRaftLogWorker.java:getFromFuture(90)) - Timeout 7/~
org.apache.ratis.protocol.TimeoutIOException: Timeout 10s: WriteLog:17: (t:1, i:17), STATEMACHINELOGENTRY, client-A24F84BEFB32, cid=140-writeStateMachineData
	at org.apache.ratis.util.IOUtils.getFromFuture(IOUtils.java:87)
	at org.apache.ratis.server.raftlog.segmented.SegmentedRaftLogWorker$StateMachineDataPolicy.getFromFuture(SegmentedRaftLogWorker.java:87)
	at org.apache.ratis.server.raftlog.segmented.SegmentedRaftLogWorker$WriteLog.execute(SegmentedRaftLogWorker.java:477)
	at org.apache.ratis.server.raftlog.segmented.SegmentedRaftLogWorker.run(SegmentedRaftLogWorker.java:289)
	at java.lang.Thread.run(Thread.java:748)
Caused by: java.util.concurrent.TimeoutException
	at java.util.concurrent.CompletableFuture.timedGet(CompletableFuture.java:1771)
	at java.util.concurrent.CompletableFuture.get(CompletableFuture.java:1915)
	at org.apache.ratis.util.IOUtils.getFromFuture(IOUtils.java:79)
	... 4 more
2019-09-16 18:50:52,347 [e23021be-5025-43ec-901b-8f315bf6442a@group-4078FEE62CC7-SegmentedRaftLogWorker] WARN  segmented.SegmentedRaftLogWorker (SegmentedRaftLogWorker.java:getFromFuture(90)) - Timeout 7/~
org.apache.ratis.protocol.TimeoutIOException: Timeout 10s: WriteLog:19: (t:1, i:19), STATEMACHINELOGENTRY, client-A24F84BEFB32, cid=142-writeStateMachineData
	at org.apache.ratis.util.IOUtils.getFromFuture(IOUtils.java:87)
	at org.apache.ratis.server.raftlog.segmented.SegmentedRaftLogWorker$StateMachineDataPolicy.getFromFuture(SegmentedRaftLogWorker.java:87)
	at org.apache.ratis.server.raftlog.segmented.SegmentedRaftLogWorker$WriteLog.execute(SegmentedRaftLogWorker.java:477)
	at org.apache.ratis.server.raftlog.segmented.SegmentedRaftLogWorker.run(SegmentedRaftLogWorker.java:289)
	at java.lang.Thread.run(Thread.java:748)
Caused by: java.util.concurrent.TimeoutException
	at java.util.concurrent.CompletableFuture.timedGet(CompletableFuture.java:1771)
	at java.util.concurrent.CompletableFuture.get(CompletableFuture.java:1915)
	at org.apache.ratis.util.IOUtils.getFromFuture(IOUtils.java:79)
	... 4 more
2019-09-16 18:50:52,730 [java.util.concurrent.ThreadPoolExecutor$Worker@45f38be8[State = -1, empty queue]] WARN  server.GrpcLogAppender (GrpcLogAppender.java:timeoutAppendRequest(200)) - bee99600-be87-4e2f-bca1-493826cfa9f4@group-4078FEE62CC7->6b668dd7-26f3-4a2a-98d6-977366dc8866-GrpcLogAppender: appendEntries Timeout, request=bee99600-be87-4e2f-bca1-493826cfa9f4->6b668dd7-26f3-4a2a-98d6-977366dc8866#125-t1, previous=(t:1, i:21), leaderCommit=15, initializing? false, entries: <empty>
2019-09-16 18:50:52,730 [java.util.concurrent.ThreadPoolExecutor$Worker@3bba45ce[State = -1, empty queue]] WARN  server.GrpcLogAppender (GrpcLogAppender.java:timeoutAppendRequest(200)) - bee99600-be87-4e2f-bca1-493826cfa9f4@group-4078FEE62CC7->e23021be-5025-43ec-901b-8f315bf6442a-GrpcLogAppender: appendEntries Timeout, request=bee99600-be87-4e2f-bca1-493826cfa9f4->e23021be-5025-43ec-901b-8f315bf6442a#125-t1, previous=(t:1, i:21), leaderCommit=15, initializing? false, entries: <empty>
2019-09-16 18:50:52,777 [grpc-default-executor-4] INFO  client.GrpcClientProtocolClient (GrpcClientProtocolClient.java:onNext(264)) - client-A24F84BEFB32->e23021be-5025-43ec-901b-8f315bf6442a: receive RaftClientReply:client-A24F84BEFB32->e23021be-5025-43ec-901b-8f315bf6442a@group-4078FEE62CC7, cid=139, FAILED org.apache.ratis.protocol.NotLeaderException: Server e23021be-5025-43ec-901b-8f315bf6442a@group-4078FEE62CC7 is not the leader bee99600-be87-4e2f-bca1-493826cfa9f4:192.168.34.56:42923, logIndex=0, commits[e23021be-5025-43ec-901b-8f315bf6442a:c15, 6b668dd7-26f3-4a2a-98d6-977366dc8866:c13, bee99600-be87-4e2f-bca1-493826cfa9f4:c15]
2019-09-16 18:50:55,230 [java.util.concurrent.ThreadPoolExecutor$Worker@45f38be8[State = -1, empty queue]] WARN  server.GrpcLogAppender (GrpcLogAppender.java:timeoutAppendRequest(200)) - bee99600-be87-4e2f-bca1-493826cfa9f4@group-4078FEE62CC7->6b668dd7-26f3-4a2a-98d6-977366dc8866-GrpcLogAppender: appendEntries Timeout, request=bee99600-be87-4e2f-bca1-493826cfa9f4->6b668dd7-26f3-4a2a-98d6-977366dc8866#126-t1, previous=(t:1, i:21), leaderCommit=15, initializing? false, entries: <empty>
2019-09-16 18:50:55,230 [java.util.concurrent.ThreadPoolExecutor$Worker@3bba45ce[State = -1, empty queue]] WARN  server.GrpcLogAppender (GrpcLogAppender.java:timeoutAppendRequest(200)) - bee99600-be87-4e2f-bca1-493826cfa9f4@group-4078FEE62CC7->e23021be-5025-43ec-901b-8f315bf6442a-GrpcLogAppender: appendEntries Timeout, request=bee99600-be87-4e2f-bca1-493826cfa9f4->e23021be-5025-43ec-901b-8f315bf6442a#126-t1, previous=(t:1, i:21), leaderCommit=15, initializing? false, entries: <empty>
2019-09-16 18:50:57,731 [java.util.concurrent.ThreadPoolExecutor$Worker@3bba45ce[State = -1, empty queue]] WARN  server.GrpcLogAppender (GrpcLogAppender.java:timeoutAppendRequest(200)) - bee99600-be87-4e2f-bca1-493826cfa9f4@group-4078FEE62CC7->e23021be-5025-43ec-901b-8f315bf6442a-GrpcLogAppender: appendEntries Timeout, request=bee99600-be87-4e2f-bca1-493826cfa9f4->e23021be-5025-43ec-901b-8f315bf6442a#127-t1, previous=(t:1, i:21), leaderCommit=15, initializing? false, entries: <empty>
2019-09-16 18:50:57,731 [java.util.concurrent.ThreadPoolExecutor$Worker@45f38be8[State = -1, empty queue]] WARN  server.GrpcLogAppender (GrpcLogAppender.java:timeoutAppendRequest(200)) - bee99600-be87-4e2f-bca1-493826cfa9f4@group-4078FEE62CC7->6b668dd7-26f3-4a2a-98d6-977366dc8866-GrpcLogAppender: appendEntries Timeout, request=bee99600-be87-4e2f-bca1-493826cfa9f4->6b668dd7-26f3-4a2a-98d6-977366dc8866#127-t1, previous=(t:1, i:21), leaderCommit=15, initializing? false, entries: <empty>
2019-09-16 18:50:57,814 [grpc-default-executor-4] INFO  client.GrpcClientProtocolClient (GrpcClientProtocolClient.java:onNext(264)) - client-A24F84BEFB32->6b668dd7-26f3-4a2a-98d6-977366dc8866: receive RaftClientReply:client-A24F84BEFB32->6b668dd7-26f3-4a2a-98d6-977366dc8866@group-4078FEE62CC7, cid=139, FAILED org.apache.ratis.protocol.NotLeaderException: Server 6b668dd7-26f3-4a2a-98d6-977366dc8866@group-4078FEE62CC7 is not the leader bee99600-be87-4e2f-bca1-493826cfa9f4:192.168.34.56:42923, logIndex=0, commits[6b668dd7-26f3-4a2a-98d6-977366dc8866:c15, e23021be-5025-43ec-901b-8f315bf6442a:c13, bee99600-be87-4e2f-bca1-493826cfa9f4:c15]
2019-09-16 18:51:00,231 [java.util.concurrent.ThreadPoolExecutor$Worker@45f38be8[State = -1, empty queue]] WARN  server.GrpcLogAppender (GrpcLogAppender.java:timeoutAppendRequest(200)) - bee99600-be87-4e2f-bca1-493826cfa9f4@group-4078FEE62CC7->6b668dd7-26f3-4a2a-98d6-977366dc8866-GrpcLogAppender: appendEntries Timeout, request=bee99600-be87-4e2f-bca1-493826cfa9f4->6b668dd7-26f3-4a2a-98d6-977366dc8866#128-t1, previous=(t:1, i:21), leaderCommit=15, initializing? false, entries: <empty>
2019-09-16 18:51:00,231 [java.util.concurrent.ThreadPoolExecutor$Worker@3bba45ce[State = -1, empty queue]] WARN  server.GrpcLogAppender (GrpcLogAppender.java:timeoutAppendRequest(200)) - bee99600-be87-4e2f-bca1-493826cfa9f4@group-4078FEE62CC7->e23021be-5025-43ec-901b-8f315bf6442a-GrpcLogAppender: appendEntries Timeout, request=bee99600-be87-4e2f-bca1-493826cfa9f4->e23021be-5025-43ec-901b-8f315bf6442a#128-t1, previous=(t:1, i:21), leaderCommit=15, initializing? false, entries: <empty>
2019-09-16 18:51:02,225 [6b668dd7-26f3-4a2a-98d6-977366dc8866@group-4078FEE62CC7-SegmentedRaftLogWorker] WARN  segmented.SegmentedRaftLogWorker (SegmentedRaftLogWorker.java:getFromFuture(90)) - Timeout 8/~
org.apache.ratis.protocol.TimeoutIOException: Timeout 10s: WriteLog:16: (t:1, i:16), STATEMACHINELOGENTRY, client-A24F84BEFB32, cid=139-writeStateMachineData
	at org.apache.ratis.util.IOUtils.getFromFuture(IOUtils.java:87)
	at org.apache.ratis.server.raftlog.segmented.SegmentedRaftLogWorker$StateMachineDataPolicy.getFromFuture(SegmentedRaftLogWorker.java:87)
	at org.apache.ratis.server.raftlog.segmented.SegmentedRaftLogWorker$WriteLog.execute(SegmentedRaftLogWorker.java:477)
	at org.apache.ratis.server.raftlog.segmented.SegmentedRaftLogWorker.run(SegmentedRaftLogWorker.java:289)
	at java.lang.Thread.run(Thread.java:748)
Caused by: java.util.concurrent.TimeoutException
	at java.util.concurrent.CompletableFuture.timedGet(CompletableFuture.java:1771)
	at java.util.concurrent.CompletableFuture.get(CompletableFuture.java:1915)
	at org.apache.ratis.util.IOUtils.getFromFuture(IOUtils.java:79)
	... 4 more
2019-09-16 18:51:02,347 [bee99600-be87-4e2f-bca1-493826cfa9f4@group-4078FEE62CC7-SegmentedRaftLogWorker] WARN  segmented.SegmentedRaftLogWorker (SegmentedRaftLogWorker.java:getFromFuture(90)) - Timeout 8/~
org.apache.ratis.protocol.TimeoutIOException: Timeout 10s: WriteLog:17: (t:1, i:17), STATEMACHINELOGENTRY, client-A24F84BEFB32, cid=140-writeStateMachineData
	at org.apache.ratis.util.IOUtils.getFromFuture(IOUtils.java:87)
	at org.apache.ratis.server.raftlog.segmented.SegmentedRaftLogWorker$StateMachineDataPolicy.getFromFuture(SegmentedRaftLogWorker.java:87)
	at org.apache.ratis.server.raftlog.segmented.SegmentedRaftLogWorker$WriteLog.execute(SegmentedRaftLogWorker.java:477)
	at org.apache.ratis.server.raftlog.segmented.SegmentedRaftLogWorker.run(SegmentedRaftLogWorker.java:289)
	at java.lang.Thread.run(Thread.java:748)
Caused by: java.util.concurrent.TimeoutException
	at java.util.concurrent.CompletableFuture.timedGet(CompletableFuture.java:1771)
	at java.util.concurrent.CompletableFuture.get(CompletableFuture.java:1915)
	at org.apache.ratis.util.IOUtils.getFromFuture(IOUtils.java:79)
	... 4 more
2019-09-16 18:51:02,347 [e23021be-5025-43ec-901b-8f315bf6442a@group-4078FEE62CC7-SegmentedRaftLogWorker] WARN  segmented.SegmentedRaftLogWorker (SegmentedRaftLogWorker.java:getFromFuture(90)) - Timeout 8/~
org.apache.ratis.protocol.TimeoutIOException: Timeout 10s: WriteLog:19: (t:1, i:19), STATEMACHINELOGENTRY, client-A24F84BEFB32, cid=142-writeStateMachineData
	at org.apache.ratis.util.IOUtils.getFromFuture(IOUtils.java:87)
	at org.apache.ratis.server.raftlog.segmented.SegmentedRaftLogWorker$StateMachineDataPolicy.getFromFuture(SegmentedRaftLogWorker.java:87)
	at org.apache.ratis.server.raftlog.segmented.SegmentedRaftLogWorker$WriteLog.execute(SegmentedRaftLogWorker.java:477)
	at org.apache.ratis.server.raftlog.segmented.SegmentedRaftLogWorker.run(SegmentedRaftLogWorker.java:289)
	at java.lang.Thread.run(Thread.java:748)
Caused by: java.util.concurrent.TimeoutException
	at java.util.concurrent.CompletableFuture.timedGet(CompletableFuture.java:1771)
	at java.util.concurrent.CompletableFuture.get(CompletableFuture.java:1915)
	at org.apache.ratis.util.IOUtils.getFromFuture(IOUtils.java:79)
	... 4 more
2019-09-16 18:51:02,732 [java.util.concurrent.ThreadPoolExecutor$Worker@45f38be8[State = -1, empty queue]] WARN  server.GrpcLogAppender (GrpcLogAppender.java:timeoutAppendRequest(200)) - bee99600-be87-4e2f-bca1-493826cfa9f4@group-4078FEE62CC7->6b668dd7-26f3-4a2a-98d6-977366dc8866-GrpcLogAppender: appendEntries Timeout, request=bee99600-be87-4e2f-bca1-493826cfa9f4->6b668dd7-26f3-4a2a-98d6-977366dc8866#129-t1, previous=(t:1, i:21), leaderCommit=15, initializing? false, entries: <empty>
2019-09-16 18:51:02,732 [java.util.concurrent.ThreadPoolExecutor$Worker@3bba45ce[State = -1, empty queue]] WARN  server.GrpcLogAppender (GrpcLogAppender.java:timeoutAppendRequest(200)) - bee99600-be87-4e2f-bca1-493826cfa9f4@group-4078FEE62CC7->e23021be-5025-43ec-901b-8f315bf6442a-GrpcLogAppender: appendEntries Timeout, request=bee99600-be87-4e2f-bca1-493826cfa9f4->e23021be-5025-43ec-901b-8f315bf6442a#129-t1, previous=(t:1, i:21), leaderCommit=15, initializing? false, entries: <empty>
2019-09-16 18:51:02,867 [grpc-default-executor-4] INFO  client.GrpcClientProtocolClient (GrpcClientProtocolClient.java:onNext(264)) - client-A24F84BEFB32->e23021be-5025-43ec-901b-8f315bf6442a: receive RaftClientReply:client-A24F84BEFB32->e23021be-5025-43ec-901b-8f315bf6442a@group-4078FEE62CC7, cid=139, FAILED org.apache.ratis.protocol.NotLeaderException: Server e23021be-5025-43ec-901b-8f315bf6442a@group-4078FEE62CC7 is not the leader bee99600-be87-4e2f-bca1-493826cfa9f4:192.168.34.56:42923, logIndex=0, commits[e23021be-5025-43ec-901b-8f315bf6442a:c15, 6b668dd7-26f3-4a2a-98d6-977366dc8866:c13, bee99600-be87-4e2f-bca1-493826cfa9f4:c15]
2019-09-16 18:51:05,232 [java.util.concurrent.ThreadPoolExecutor$Worker@3bba45ce[State = -1, empty queue]] WARN  server.GrpcLogAppender (GrpcLogAppender.java:timeoutAppendRequest(200)) - bee99600-be87-4e2f-bca1-493826cfa9f4@group-4078FEE62CC7->e23021be-5025-43ec-901b-8f315bf6442a-GrpcLogAppender: appendEntries Timeout, request=bee99600-be87-4e2f-bca1-493826cfa9f4->e23021be-5025-43ec-901b-8f315bf6442a#130-t1, previous=(t:1, i:21), leaderCommit=15, initializing? false, entries: <empty>
2019-09-16 18:51:05,232 [java.util.concurrent.ThreadPoolExecutor$Worker@45f38be8[State = -1, empty queue]] WARN  server.GrpcLogAppender (GrpcLogAppender.java:timeoutAppendRequest(200)) - bee99600-be87-4e2f-bca1-493826cfa9f4@group-4078FEE62CC7->6b668dd7-26f3-4a2a-98d6-977366dc8866-GrpcLogAppender: appendEntries Timeout, request=bee99600-be87-4e2f-bca1-493826cfa9f4->6b668dd7-26f3-4a2a-98d6-977366dc8866#130-t1, previous=(t:1, i:21), leaderCommit=15, initializing? false, entries: <empty>
2019-09-16 18:51:07,732 [java.util.concurrent.ThreadPoolExecutor$Worker@3bba45ce[State = -1, empty queue]] WARN  server.GrpcLogAppender (GrpcLogAppender.java:timeoutAppendRequest(200)) - bee99600-be87-4e2f-bca1-493826cfa9f4@group-4078FEE62CC7->e23021be-5025-43ec-901b-8f315bf6442a-GrpcLogAppender: appendEntries Timeout, request=bee99600-be87-4e2f-bca1-493826cfa9f4->e23021be-5025-43ec-901b-8f315bf6442a#131-t1, previous=(t:1, i:21), leaderCommit=15, initializing? false, entries: <empty>
2019-09-16 18:51:07,732 [java.util.concurrent.ThreadPoolExecutor$Worker@45f38be8[State = -1, empty queue]] WARN  server.GrpcLogAppender (GrpcLogAppender.java:timeoutAppendRequest(200)) - bee99600-be87-4e2f-bca1-493826cfa9f4@group-4078FEE62CC7->6b668dd7-26f3-4a2a-98d6-977366dc8866-GrpcLogAppender: appendEntries Timeout, request=bee99600-be87-4e2f-bca1-493826cfa9f4->6b668dd7-26f3-4a2a-98d6-977366dc8866#131-t1, previous=(t:1, i:21), leaderCommit=15, initializing? false, entries: <empty>
2019-09-16 18:51:07,914 [grpc-default-executor-7] INFO  client.GrpcClientProtocolClient (GrpcClientProtocolClient.java:onNext(264)) - client-A24F84BEFB32->6b668dd7-26f3-4a2a-98d6-977366dc8866: receive RaftClientReply:client-A24F84BEFB32->6b668dd7-26f3-4a2a-98d6-977366dc8866@group-4078FEE62CC7, cid=139, FAILED org.apache.ratis.protocol.NotLeaderException: Server 6b668dd7-26f3-4a2a-98d6-977366dc8866@group-4078FEE62CC7 is not the leader bee99600-be87-4e2f-bca1-493826cfa9f4:192.168.34.56:42923, logIndex=0, commits[6b668dd7-26f3-4a2a-98d6-977366dc8866:c15, e23021be-5025-43ec-901b-8f315bf6442a:c13, bee99600-be87-4e2f-bca1-493826cfa9f4:c15]
2019-09-16 18:51:10,233 [java.util.concurrent.ThreadPoolExecutor$Worker@3bba45ce[State = -1, empty queue]] WARN  server.GrpcLogAppender (GrpcLogAppender.java:timeoutAppendRequest(200)) - bee99600-be87-4e2f-bca1-493826cfa9f4@group-4078FEE62CC7->e23021be-5025-43ec-901b-8f315bf6442a-GrpcLogAppender: appendEntries Timeout, request=bee99600-be87-4e2f-bca1-493826cfa9f4->e23021be-5025-43ec-901b-8f315bf6442a#132-t1, previous=(t:1, i:21), leaderCommit=15, initializing? false, entries: <empty>
2019-09-16 18:51:10,233 [java.util.concurrent.ThreadPoolExecutor$Worker@45f38be8[State = -1, empty queue]] WARN  server.GrpcLogAppender (GrpcLogAppender.java:timeoutAppendRequest(200)) - bee99600-be87-4e2f-bca1-493826cfa9f4@group-4078FEE62CC7->6b668dd7-26f3-4a2a-98d6-977366dc8866-GrpcLogAppender: appendEntries Timeout, request=bee99600-be87-4e2f-bca1-493826cfa9f4->6b668dd7-26f3-4a2a-98d6-977366dc8866#132-t1, previous=(t:1, i:21), leaderCommit=15, initializing? false, entries: <empty>
2019-09-16 18:51:12,226 [6b668dd7-26f3-4a2a-98d6-977366dc8866@group-4078FEE62CC7-SegmentedRaftLogWorker] WARN  segmented.SegmentedRaftLogWorker (SegmentedRaftLogWorker.java:getFromFuture(90)) - Timeout 9/~
org.apache.ratis.protocol.TimeoutIOException: Timeout 10s: WriteLog:16: (t:1, i:16), STATEMACHINELOGENTRY, client-A24F84BEFB32, cid=139-writeStateMachineData
	at org.apache.ratis.util.IOUtils.getFromFuture(IOUtils.java:87)
	at org.apache.ratis.server.raftlog.segmented.SegmentedRaftLogWorker$StateMachineDataPolicy.getFromFuture(SegmentedRaftLogWorker.java:87)
	at org.apache.ratis.server.raftlog.segmented.SegmentedRaftLogWorker$WriteLog.execute(SegmentedRaftLogWorker.java:477)
	at org.apache.ratis.server.raftlog.segmented.SegmentedRaftLogWorker.run(SegmentedRaftLogWorker.java:289)
	at java.lang.Thread.run(Thread.java:748)
Caused by: java.util.concurrent.TimeoutException
	at java.util.concurrent.CompletableFuture.timedGet(CompletableFuture.java:1771)
	at java.util.concurrent.CompletableFuture.get(CompletableFuture.java:1915)
	at org.apache.ratis.util.IOUtils.getFromFuture(IOUtils.java:79)
	... 4 more
2019-09-16 18:51:12,347 [bee99600-be87-4e2f-bca1-493826cfa9f4@group-4078FEE62CC7-SegmentedRaftLogWorker] WARN  segmented.SegmentedRaftLogWorker (SegmentedRaftLogWorker.java:getFromFuture(90)) - Timeout 9/~
org.apache.ratis.protocol.TimeoutIOException: Timeout 10s: WriteLog:17: (t:1, i:17), STATEMACHINELOGENTRY, client-A24F84BEFB32, cid=140-writeStateMachineData
	at org.apache.ratis.util.IOUtils.getFromFuture(IOUtils.java:87)
	at org.apache.ratis.server.raftlog.segmented.SegmentedRaftLogWorker$StateMachineDataPolicy.getFromFuture(SegmentedRaftLogWorker.java:87)
	at org.apache.ratis.server.raftlog.segmented.SegmentedRaftLogWorker$WriteLog.execute(SegmentedRaftLogWorker.java:477)
	at org.apache.ratis.server.raftlog.segmented.SegmentedRaftLogWorker.run(SegmentedRaftLogWorker.java:289)
	at java.lang.Thread.run(Thread.java:748)
Caused by: java.util.concurrent.TimeoutException
	at java.util.concurrent.CompletableFuture.timedGet(CompletableFuture.java:1771)
	at java.util.concurrent.CompletableFuture.get(CompletableFuture.java:1915)
	at org.apache.ratis.util.IOUtils.getFromFuture(IOUtils.java:79)
	... 4 more
2019-09-16 18:51:12,348 [e23021be-5025-43ec-901b-8f315bf6442a@group-4078FEE62CC7-SegmentedRaftLogWorker] WARN  segmented.SegmentedRaftLogWorker (SegmentedRaftLogWorker.java:getFromFuture(90)) - Timeout 9/~
org.apache.ratis.protocol.TimeoutIOException: Timeout 10s: WriteLog:19: (t:1, i:19), STATEMACHINELOGENTRY, client-A24F84BEFB32, cid=142-writeStateMachineData
	at org.apache.ratis.util.IOUtils.getFromFuture(IOUtils.java:87)
	at org.apache.ratis.server.raftlog.segmented.SegmentedRaftLogWorker$StateMachineDataPolicy.getFromFuture(SegmentedRaftLogWorker.java:87)
	at org.apache.ratis.server.raftlog.segmented.SegmentedRaftLogWorker$WriteLog.execute(SegmentedRaftLogWorker.java:477)
	at org.apache.ratis.server.raftlog.segmented.SegmentedRaftLogWorker.run(SegmentedRaftLogWorker.java:289)
	at java.lang.Thread.run(Thread.java:748)
Caused by: java.util.concurrent.TimeoutException
	at java.util.concurrent.CompletableFuture.timedGet(CompletableFuture.java:1771)
	at java.util.concurrent.CompletableFuture.get(CompletableFuture.java:1915)
	at org.apache.ratis.util.IOUtils.getFromFuture(IOUtils.java:79)
	... 4 more
2019-09-16 18:51:12,733 [java.util.concurrent.ThreadPoolExecutor$Worker@45f38be8[State = -1, empty queue]] WARN  server.GrpcLogAppender (GrpcLogAppender.java:timeoutAppendRequest(200)) - bee99600-be87-4e2f-bca1-493826cfa9f4@group-4078FEE62CC7->6b668dd7-26f3-4a2a-98d6-977366dc8866-GrpcLogAppender: appendEntries Timeout, request=bee99600-be87-4e2f-bca1-493826cfa9f4->6b668dd7-26f3-4a2a-98d6-977366dc8866#133-t1, previous=(t:1, i:21), leaderCommit=15, initializing? false, entries: <empty>
2019-09-16 18:51:12,733 [java.util.concurrent.ThreadPoolExecutor$Worker@3bba45ce[State = -1, empty queue]] WARN  server.GrpcLogAppender (GrpcLogAppender.java:timeoutAppendRequest(200)) - bee99600-be87-4e2f-bca1-493826cfa9f4@group-4078FEE62CC7->e23021be-5025-43ec-901b-8f315bf6442a-GrpcLogAppender: appendEntries Timeout, request=bee99600-be87-4e2f-bca1-493826cfa9f4->e23021be-5025-43ec-901b-8f315bf6442a#133-t1, previous=(t:1, i:21), leaderCommit=15, initializing? false, entries: <empty>
2019-09-16 18:51:12,954 [grpc-default-executor-4] INFO  client.GrpcClientProtocolClient (GrpcClientProtocolClient.java:onNext(264)) - client-A24F84BEFB32->6b668dd7-26f3-4a2a-98d6-977366dc8866: receive RaftClientReply:client-A24F84BEFB32->6b668dd7-26f3-4a2a-98d6-977366dc8866@group-4078FEE62CC7, cid=139, FAILED org.apache.ratis.protocol.NotLeaderException: Server 6b668dd7-26f3-4a2a-98d6-977366dc8866@group-4078FEE62CC7 is not the leader bee99600-be87-4e2f-bca1-493826cfa9f4:192.168.34.56:42923, logIndex=0, commits[6b668dd7-26f3-4a2a-98d6-977366dc8866:c15, e23021be-5025-43ec-901b-8f315bf6442a:c13, bee99600-be87-4e2f-bca1-493826cfa9f4:c15]
2019-09-16 18:51:15,233 [java.util.concurrent.ThreadPoolExecutor$Worker@3bba45ce[State = -1, empty queue]] WARN  server.GrpcLogAppender (GrpcLogAppender.java:timeoutAppendRequest(200)) - bee99600-be87-4e2f-bca1-493826cfa9f4@group-4078FEE62CC7->e23021be-5025-43ec-901b-8f315bf6442a-GrpcLogAppender: appendEntries Timeout, request=bee99600-be87-4e2f-bca1-493826cfa9f4->e23021be-5025-43ec-901b-8f315bf6442a#134-t1, previous=(t:1, i:21), leaderCommit=15, initializing? false, entries: <empty>
2019-09-16 18:51:15,233 [java.util.concurrent.ThreadPoolExecutor$Worker@45f38be8[State = -1, empty queue]] WARN  server.GrpcLogAppender (GrpcLogAppender.java:timeoutAppendRequest(200)) - bee99600-be87-4e2f-bca1-493826cfa9f4@group-4078FEE62CC7->6b668dd7-26f3-4a2a-98d6-977366dc8866-GrpcLogAppender: appendEntries Timeout, request=bee99600-be87-4e2f-bca1-493826cfa9f4->6b668dd7-26f3-4a2a-98d6-977366dc8866#134-t1, previous=(t:1, i:21), leaderCommit=15, initializing? false, entries: <empty>
2019-09-16 18:51:17,734 [java.util.concurrent.ThreadPoolExecutor$Worker@3bba45ce[State = -1, empty queue]] WARN  server.GrpcLogAppender (GrpcLogAppender.java:timeoutAppendRequest(200)) - bee99600-be87-4e2f-bca1-493826cfa9f4@group-4078FEE62CC7->e23021be-5025-43ec-901b-8f315bf6442a-GrpcLogAppender: appendEntries Timeout, request=bee99600-be87-4e2f-bca1-493826cfa9f4->e23021be-5025-43ec-901b-8f315bf6442a#135-t1, previous=(t:1, i:21), leaderCommit=15, initializing? false, entries: <empty>
2019-09-16 18:51:17,734 [java.util.concurrent.ThreadPoolExecutor$Worker@45f38be8[State = -1, empty queue]] WARN  server.GrpcLogAppender (GrpcLogAppender.java:timeoutAppendRequest(200)) - bee99600-be87-4e2f-bca1-493826cfa9f4@group-4078FEE62CC7->6b668dd7-26f3-4a2a-98d6-977366dc8866-GrpcLogAppender: appendEntries Timeout, request=bee99600-be87-4e2f-bca1-493826cfa9f4->6b668dd7-26f3-4a2a-98d6-977366dc8866#135-t1, previous=(t:1, i:21), leaderCommit=15, initializing? false, entries: <empty>
2019-09-16 18:51:17,993 [grpc-default-executor-8] INFO  client.GrpcClientProtocolClient (GrpcClientProtocolClient.java:onNext(264)) - client-A24F84BEFB32->e23021be-5025-43ec-901b-8f315bf6442a: receive RaftClientReply:client-A24F84BEFB32->e23021be-5025-43ec-901b-8f315bf6442a@group-4078FEE62CC7, cid=139, FAILED org.apache.ratis.protocol.NotLeaderException: Server e23021be-5025-43ec-901b-8f315bf6442a@group-4078FEE62CC7 is not the leader bee99600-be87-4e2f-bca1-493826cfa9f4:192.168.34.56:42923, logIndex=0, commits[e23021be-5025-43ec-901b-8f315bf6442a:c15, 6b668dd7-26f3-4a2a-98d6-977366dc8866:c13, bee99600-be87-4e2f-bca1-493826cfa9f4:c15]
2019-09-16 18:51:20,234 [java.util.concurrent.ThreadPoolExecutor$Worker@3bba45ce[State = -1, empty queue]] WARN  server.GrpcLogAppender (GrpcLogAppender.java:timeoutAppendRequest(200)) - bee99600-be87-4e2f-bca1-493826cfa9f4@group-4078FEE62CC7->e23021be-5025-43ec-901b-8f315bf6442a-GrpcLogAppender: appendEntries Timeout, request=bee99600-be87-4e2f-bca1-493826cfa9f4->e23021be-5025-43ec-901b-8f315bf6442a#136-t1, previous=(t:1, i:21), leaderCommit=15, initializing? false, entries: <empty>
2019-09-16 18:51:20,234 [java.util.concurrent.ThreadPoolExecutor$Worker@45f38be8[State = -1, empty queue]] WARN  server.GrpcLogAppender (GrpcLogAppender.java:timeoutAppendRequest(200)) - bee99600-be87-4e2f-bca1-493826cfa9f4@group-4078FEE62CC7->6b668dd7-26f3-4a2a-98d6-977366dc8866-GrpcLogAppender: appendEntries Timeout, request=bee99600-be87-4e2f-bca1-493826cfa9f4->6b668dd7-26f3-4a2a-98d6-977366dc8866#136-t1, previous=(t:1, i:21), leaderCommit=15, initializing? false, entries: <empty>
2019-09-16 18:51:22,227 [6b668dd7-26f3-4a2a-98d6-977366dc8866@group-4078FEE62CC7-SegmentedRaftLogWorker] WARN  segmented.SegmentedRaftLogWorker (SegmentedRaftLogWorker.java:getFromFuture(90)) - Timeout 10/~
org.apache.ratis.protocol.TimeoutIOException: Timeout 10s: WriteLog:16: (t:1, i:16), STATEMACHINELOGENTRY, client-A24F84BEFB32, cid=139-writeStateMachineData
	at org.apache.ratis.util.IOUtils.getFromFuture(IOUtils.java:87)
	at org.apache.ratis.server.raftlog.segmented.SegmentedRaftLogWorker$StateMachineDataPolicy.getFromFuture(SegmentedRaftLogWorker.java:87)
	at org.apache.ratis.server.raftlog.segmented.SegmentedRaftLogWorker$WriteLog.execute(SegmentedRaftLogWorker.java:477)
	at org.apache.ratis.server.raftlog.segmented.SegmentedRaftLogWorker.run(SegmentedRaftLogWorker.java:289)
	at java.lang.Thread.run(Thread.java:748)
Caused by: java.util.concurrent.TimeoutException
	at java.util.concurrent.CompletableFuture.timedGet(CompletableFuture.java:1771)
	at java.util.concurrent.CompletableFuture.get(CompletableFuture.java:1915)
	at org.apache.ratis.util.IOUtils.getFromFuture(IOUtils.java:79)
	... 4 more
2019-09-16 18:51:22,348 [bee99600-be87-4e2f-bca1-493826cfa9f4@group-4078FEE62CC7-SegmentedRaftLogWorker] WARN  segmented.SegmentedRaftLogWorker (SegmentedRaftLogWorker.java:getFromFuture(90)) - Timeout 10/~
org.apache.ratis.protocol.TimeoutIOException: Timeout 10s: WriteLog:17: (t:1, i:17), STATEMACHINELOGENTRY, client-A24F84BEFB32, cid=140-writeStateMachineData
	at org.apache.ratis.util.IOUtils.getFromFuture(IOUtils.java:87)
	at org.apache.ratis.server.raftlog.segmented.SegmentedRaftLogWorker$StateMachineDataPolicy.getFromFuture(SegmentedRaftLogWorker.java:87)
	at org.apache.ratis.server.raftlog.segmented.SegmentedRaftLogWorker$WriteLog.execute(SegmentedRaftLogWorker.java:477)
	at org.apache.ratis.server.raftlog.segmented.SegmentedRaftLogWorker.run(SegmentedRaftLogWorker.java:289)
	at java.lang.Thread.run(Thread.java:748)
Caused by: java.util.concurrent.TimeoutException
	at java.util.concurrent.CompletableFuture.timedGet(CompletableFuture.java:1771)
	at java.util.concurrent.CompletableFuture.get(CompletableFuture.java:1915)
	at org.apache.ratis.util.IOUtils.getFromFuture(IOUtils.java:79)
	... 4 more
2019-09-16 18:51:22,349 [e23021be-5025-43ec-901b-8f315bf6442a@group-4078FEE62CC7-SegmentedRaftLogWorker] WARN  segmented.SegmentedRaftLogWorker (SegmentedRaftLogWorker.java:getFromFuture(90)) - Timeout 10/~
org.apache.ratis.protocol.TimeoutIOException: Timeout 10s: WriteLog:19: (t:1, i:19), STATEMACHINELOGENTRY, client-A24F84BEFB32, cid=142-writeStateMachineData
	at org.apache.ratis.util.IOUtils.getFromFuture(IOUtils.java:87)
	at org.apache.ratis.server.raftlog.segmented.SegmentedRaftLogWorker$StateMachineDataPolicy.getFromFuture(SegmentedRaftLogWorker.java:87)
	at org.apache.ratis.server.raftlog.segmented.SegmentedRaftLogWorker$WriteLog.execute(SegmentedRaftLogWorker.java:477)
	at org.apache.ratis.server.raftlog.segmented.SegmentedRaftLogWorker.run(SegmentedRaftLogWorker.java:289)
	at java.lang.Thread.run(Thread.java:748)
Caused by: java.util.concurrent.TimeoutException
	at java.util.concurrent.CompletableFuture.timedGet(CompletableFuture.java:1771)
	at java.util.concurrent.CompletableFuture.get(CompletableFuture.java:1915)
	at org.apache.ratis.util.IOUtils.getFromFuture(IOUtils.java:79)
	... 4 more
2019-09-16 18:51:22,734 [java.util.concurrent.ThreadPoolExecutor$Worker@3bba45ce[State = -1, empty queue]] WARN  server.GrpcLogAppender (GrpcLogAppender.java:timeoutAppendRequest(200)) - bee99600-be87-4e2f-bca1-493826cfa9f4@group-4078FEE62CC7->e23021be-5025-43ec-901b-8f315bf6442a-GrpcLogAppender: appendEntries Timeout, request=bee99600-be87-4e2f-bca1-493826cfa9f4->e23021be-5025-43ec-901b-8f315bf6442a#137-t1, previous=(t:1, i:21), leaderCommit=15, initializing? false, entries: <empty>
2019-09-16 18:51:22,734 [java.util.concurrent.ThreadPoolExecutor$Worker@45f38be8[State = -1, empty queue]] WARN  server.GrpcLogAppender (GrpcLogAppender.java:timeoutAppendRequest(200)) - bee99600-be87-4e2f-bca1-493826cfa9f4@group-4078FEE62CC7->6b668dd7-26f3-4a2a-98d6-977366dc8866-GrpcLogAppender: appendEntries Timeout, request=bee99600-be87-4e2f-bca1-493826cfa9f4->6b668dd7-26f3-4a2a-98d6-977366dc8866#137-t1, previous=(t:1, i:21), leaderCommit=15, initializing? false, entries: <empty>
2019-09-16 18:51:23,031 [grpc-default-executor-4] INFO  client.GrpcClientProtocolClient (GrpcClientProtocolClient.java:onNext(264)) - client-A24F84BEFB32->6b668dd7-26f3-4a2a-98d6-977366dc8866: receive RaftClientReply:client-A24F84BEFB32->6b668dd7-26f3-4a2a-98d6-977366dc8866@group-4078FEE62CC7, cid=139, FAILED org.apache.ratis.protocol.NotLeaderException: Server 6b668dd7-26f3-4a2a-98d6-977366dc8866@group-4078FEE62CC7 is not the leader bee99600-be87-4e2f-bca1-493826cfa9f4:192.168.34.56:42923, logIndex=0, commits[6b668dd7-26f3-4a2a-98d6-977366dc8866:c15, e23021be-5025-43ec-901b-8f315bf6442a:c13, bee99600-be87-4e2f-bca1-493826cfa9f4:c15]
2019-09-16 18:51:25,235 [java.util.concurrent.ThreadPoolExecutor$Worker@3bba45ce[State = -1, empty queue]] WARN  server.GrpcLogAppender (GrpcLogAppender.java:timeoutAppendRequest(200)) - bee99600-be87-4e2f-bca1-493826cfa9f4@group-4078FEE62CC7->e23021be-5025-43ec-901b-8f315bf6442a-GrpcLogAppender: appendEntries Timeout, request=bee99600-be87-4e2f-bca1-493826cfa9f4->e23021be-5025-43ec-901b-8f315bf6442a#138-t1, previous=(t:1, i:21), leaderCommit=15, initializing? false, entries: <empty>
2019-09-16 18:51:25,235 [java.util.concurrent.ThreadPoolExecutor$Worker@45f38be8[State = -1, empty queue]] WARN  server.GrpcLogAppender (GrpcLogAppender.java:timeoutAppendRequest(200)) - bee99600-be87-4e2f-bca1-493826cfa9f4@group-4078FEE62CC7->6b668dd7-26f3-4a2a-98d6-977366dc8866-GrpcLogAppender: appendEntries Timeout, request=bee99600-be87-4e2f-bca1-493826cfa9f4->6b668dd7-26f3-4a2a-98d6-977366dc8866#138-t1, previous=(t:1, i:21), leaderCommit=15, initializing? false, entries: <empty>
2019-09-16 18:51:27,735 [java.util.concurrent.ThreadPoolExecutor$Worker@3bba45ce[State = -1, empty queue]] WARN  server.GrpcLogAppender (GrpcLogAppender.java:timeoutAppendRequest(200)) - bee99600-be87-4e2f-bca1-493826cfa9f4@group-4078FEE62CC7->e23021be-5025-43ec-901b-8f315bf6442a-GrpcLogAppender: appendEntries Timeout, request=bee99600-be87-4e2f-bca1-493826cfa9f4->e23021be-5025-43ec-901b-8f315bf6442a#139-t1, previous=(t:1, i:21), leaderCommit=15, initializing? false, entries: <empty>
2019-09-16 18:51:27,735 [java.util.concurrent.ThreadPoolExecutor$Worker@45f38be8[State = -1, empty queue]] WARN  server.GrpcLogAppender (GrpcLogAppender.java:timeoutAppendRequest(200)) - bee99600-be87-4e2f-bca1-493826cfa9f4@group-4078FEE62CC7->6b668dd7-26f3-4a2a-98d6-977366dc8866-GrpcLogAppender: appendEntries Timeout, request=bee99600-be87-4e2f-bca1-493826cfa9f4->6b668dd7-26f3-4a2a-98d6-977366dc8866#139-t1, previous=(t:1, i:21), leaderCommit=15, initializing? false, entries: <empty>
2019-09-16 18:51:28,094 [grpc-default-executor-8] INFO  client.GrpcClientProtocolClient (GrpcClientProtocolClient.java:onNext(264)) - client-A24F84BEFB32->6b668dd7-26f3-4a2a-98d6-977366dc8866: receive RaftClientReply:client-A24F84BEFB32->6b668dd7-26f3-4a2a-98d6-977366dc8866@group-4078FEE62CC7, cid=139, FAILED org.apache.ratis.protocol.NotLeaderException: Server 6b668dd7-26f3-4a2a-98d6-977366dc8866@group-4078FEE62CC7 is not the leader bee99600-be87-4e2f-bca1-493826cfa9f4:192.168.34.56:42923, logIndex=0, commits[6b668dd7-26f3-4a2a-98d6-977366dc8866:c15, e23021be-5025-43ec-901b-8f315bf6442a:c13, bee99600-be87-4e2f-bca1-493826cfa9f4:c15]
2019-09-16 18:51:30,235 [java.util.concurrent.ThreadPoolExecutor$Worker@45f38be8[State = -1, empty queue]] WARN  server.GrpcLogAppender (GrpcLogAppender.java:timeoutAppendRequest(200)) - bee99600-be87-4e2f-bca1-493826cfa9f4@group-4078FEE62CC7->6b668dd7-26f3-4a2a-98d6-977366dc8866-GrpcLogAppender: appendEntries Timeout, request=bee99600-be87-4e2f-bca1-493826cfa9f4->6b668dd7-26f3-4a2a-98d6-977366dc8866#140-t1, previous=(t:1, i:21), leaderCommit=15, initializing? false, entries: <empty>
2019-09-16 18:51:30,235 [java.util.concurrent.ThreadPoolExecutor$Worker@3bba45ce[State = -1, empty queue]] WARN  server.GrpcLogAppender (GrpcLogAppender.java:timeoutAppendRequest(200)) - bee99600-be87-4e2f-bca1-493826cfa9f4@group-4078FEE62CC7->e23021be-5025-43ec-901b-8f315bf6442a-GrpcLogAppender: appendEntries Timeout, request=bee99600-be87-4e2f-bca1-493826cfa9f4->e23021be-5025-43ec-901b-8f315bf6442a#140-t1, previous=(t:1, i:21), leaderCommit=15, initializing? false, entries: <empty>
2019-09-16 18:51:32,228 [6b668dd7-26f3-4a2a-98d6-977366dc8866@group-4078FEE62CC7-SegmentedRaftLogWorker] WARN  segmented.SegmentedRaftLogWorker (SegmentedRaftLogWorker.java:getFromFuture(90)) - Timeout 11/~
org.apache.ratis.protocol.TimeoutIOException: Timeout 10s: WriteLog:16: (t:1, i:16), STATEMACHINELOGENTRY, client-A24F84BEFB32, cid=139-writeStateMachineData
	at org.apache.ratis.util.IOUtils.getFromFuture(IOUtils.java:87)
	at org.apache.ratis.server.raftlog.segmented.SegmentedRaftLogWorker$StateMachineDataPolicy.getFromFuture(SegmentedRaftLogWorker.java:87)
	at org.apache.ratis.server.raftlog.segmented.SegmentedRaftLogWorker$WriteLog.execute(SegmentedRaftLogWorker.java:477)
	at org.apache.ratis.server.raftlog.segmented.SegmentedRaftLogWorker.run(SegmentedRaftLogWorker.java:289)
	at java.lang.Thread.run(Thread.java:748)
Caused by: java.util.concurrent.TimeoutException
	at java.util.concurrent.CompletableFuture.timedGet(CompletableFuture.java:1771)
	at java.util.concurrent.CompletableFuture.get(CompletableFuture.java:1915)
	at org.apache.ratis.util.IOUtils.getFromFuture(IOUtils.java:79)
	... 4 more
2019-09-16 18:51:32,237 [org.apache.ratis.server.impl.LogAppender$AppenderDaemon$$Lambda$533/1653271690@7375d7d4] ERROR ratis.XceiverServerRatis (XceiverServerRatis.java:triggerPipelineClose(568)) - pipeline Action CLOSE  on pipeline PipelineID=ee193e73-9f12-488c-b78c-4078fee62cc7.Reason : bee99600-be87-4e2f-bca1-493826cfa9f4 has not seen follower/s 6b668dd7-26f3-4a2a-98d6-977366dc8866 for 120149ms e23021be-5025-43ec-901b-8f315bf6442a for 120150ms
2019-09-16 18:51:32,240 [org.apache.ratis.server.impl.LogAppender$AppenderDaemon$$Lambda$533/1653271690@39fd6234] ERROR ratis.XceiverServerRatis (XceiverServerRatis.java:triggerPipelineClose(568)) - pipeline Action CLOSE  on pipeline PipelineID=ee193e73-9f12-488c-b78c-4078fee62cc7.Reason : bee99600-be87-4e2f-bca1-493826cfa9f4 has not seen follower/s 6b668dd7-26f3-4a2a-98d6-977366dc8866 for 120153ms e23021be-5025-43ec-901b-8f315bf6442a for 120153ms
2019-09-16 18:51:32,349 [bee99600-be87-4e2f-bca1-493826cfa9f4@group-4078FEE62CC7-SegmentedRaftLogWorker] WARN  segmented.SegmentedRaftLogWorker (SegmentedRaftLogWorker.java:getFromFuture(90)) - Timeout 11/~
org.apache.ratis.protocol.TimeoutIOException: Timeout 10s: WriteLog:17: (t:1, i:17), STATEMACHINELOGENTRY, client-A24F84BEFB32, cid=140-writeStateMachineData
	at org.apache.ratis.util.IOUtils.getFromFuture(IOUtils.java:87)
	at org.apache.ratis.server.raftlog.segmented.SegmentedRaftLogWorker$StateMachineDataPolicy.getFromFuture(SegmentedRaftLogWorker.java:87)
	at org.apache.ratis.server.raftlog.segmented.SegmentedRaftLogWorker$WriteLog.execute(SegmentedRaftLogWorker.java:477)
	at org.apache.ratis.server.raftlog.segmented.SegmentedRaftLogWorker.run(SegmentedRaftLogWorker.java:289)
	at java.lang.Thread.run(Thread.java:748)
Caused by: java.util.concurrent.TimeoutException
	at java.util.concurrent.CompletableFuture.timedGet(CompletableFuture.java:1771)
	at java.util.concurrent.CompletableFuture.get(CompletableFuture.java:1915)
	at org.apache.ratis.util.IOUtils.getFromFuture(IOUtils.java:79)
	... 4 more
2019-09-16 18:51:32,349 [e23021be-5025-43ec-901b-8f315bf6442a@group-4078FEE62CC7-SegmentedRaftLogWorker] WARN  segmented.SegmentedRaftLogWorker (SegmentedRaftLogWorker.java:getFromFuture(90)) - Timeout 11/~
org.apache.ratis.protocol.TimeoutIOException: Timeout 10s: WriteLog:19: (t:1, i:19), STATEMACHINELOGENTRY, client-A24F84BEFB32, cid=142-writeStateMachineData
	at org.apache.ratis.util.IOUtils.getFromFuture(IOUtils.java:87)
	at org.apache.ratis.server.raftlog.segmented.SegmentedRaftLogWorker$StateMachineDataPolicy.getFromFuture(SegmentedRaftLogWorker.java:87)
	at org.apache.ratis.server.raftlog.segmented.SegmentedRaftLogWorker$WriteLog.execute(SegmentedRaftLogWorker.java:477)
	at org.apache.ratis.server.raftlog.segmented.SegmentedRaftLogWorker.run(SegmentedRaftLogWorker.java:289)
	at java.lang.Thread.run(Thread.java:748)
Caused by: java.util.concurrent.TimeoutException
	at java.util.concurrent.CompletableFuture.timedGet(CompletableFuture.java:1771)
	at java.util.concurrent.CompletableFuture.get(CompletableFuture.java:1915)
	at org.apache.ratis.util.IOUtils.getFromFuture(IOUtils.java:79)
	... 4 more
2019-09-16 18:51:32,351 [EventQueue-PipelineActionsForPipelineActionHandler] ERROR pipeline.PipelineActionHandler (PipelineActionHandler.java:onMessage(60)) - Received pipeline action CLOSE for Pipeline[ Id: ee193e73-9f12-488c-b78c-4078fee62cc7, Nodes: e23021be-5025-43ec-901b-8f315bf6442a{ip: 192.168.34.56, host: pr-hdds-2111-hlhfn-3535364396, networkLocation: /default-rack, certSerialId: null}bee99600-be87-4e2f-bca1-493826cfa9f4{ip: 192.168.34.56, host: pr-hdds-2111-hlhfn-3535364396, networkLocation: /default-rack, certSerialId: null}6b668dd7-26f3-4a2a-98d6-977366dc8866{ip: 192.168.34.56, host: pr-hdds-2111-hlhfn-3535364396, networkLocation: /default-rack, certSerialId: null}, Type:RATIS, Factor:THREE, State:OPEN] from datanode bee99600-be87-4e2f-bca1-493826cfa9f4{ip: 192.168.34.56, host: pr-hdds-2111-hlhfn-3535364396, networkLocation: /default-rack, certSerialId: null}. Reason : bee99600-be87-4e2f-bca1-493826cfa9f4 has not seen follower/s 6b668dd7-26f3-4a2a-98d6-977366dc8866 for 120149ms e23021be-5025-43ec-901b-8f315bf6442a for 120150ms
2019-09-16 18:51:32,352 [EventQueue-PipelineActionsForPipelineActionHandler] INFO  pipeline.SCMPipelineManager (SCMPipelineManager.java:finalizeAndDestroyPipeline(311)) - destroying pipeline:Pipeline[ Id: ee193e73-9f12-488c-b78c-4078fee62cc7, Nodes: e23021be-5025-43ec-901b-8f315bf6442a{ip: 192.168.34.56, host: pr-hdds-2111-hlhfn-3535364396, networkLocation: /default-rack, certSerialId: null}bee99600-be87-4e2f-bca1-493826cfa9f4{ip: 192.168.34.56, host: pr-hdds-2111-hlhfn-3535364396, networkLocation: /default-rack, certSerialId: null}6b668dd7-26f3-4a2a-98d6-977366dc8866{ip: 192.168.34.56, host: pr-hdds-2111-hlhfn-3535364396, networkLocation: /default-rack, certSerialId: null}, Type:RATIS, Factor:THREE, State:OPEN]
2019-09-16 18:51:32,352 [EventQueue-PipelineActionsForPipelineActionHandler] INFO  pipeline.PipelineStateManager (PipelineStateManager.java:finalizePipeline(123)) - Pipeline Pipeline[ Id: ee193e73-9f12-488c-b78c-4078fee62cc7, Nodes: e23021be-5025-43ec-901b-8f315bf6442a{ip: 192.168.34.56, host: pr-hdds-2111-hlhfn-3535364396, networkLocation: /default-rack, certSerialId: null}bee99600-be87-4e2f-bca1-493826cfa9f4{ip: 192.168.34.56, host: pr-hdds-2111-hlhfn-3535364396, networkLocation: /default-rack, certSerialId: null}6b668dd7-26f3-4a2a-98d6-977366dc8866{ip: 192.168.34.56, host: pr-hdds-2111-hlhfn-3535364396, networkLocation: /default-rack, certSerialId: null}, Type:RATIS, Factor:THREE, State:CLOSED] moved to CLOSED state
2019-09-16 18:51:32,352 [EventQueue-CloseContainerForCloseContainerEventHandler] INFO  container.CloseContainerEventHandler (CloseContainerEventHandler.java:onMessage(61)) - Close container Event triggered for container : #6
2019-09-16 18:51:32,353 [EventQueue-CloseContainerForCloseContainerEventHandler] INFO  container.CloseContainerEventHandler (CloseContainerEventHandler.java:onMessage(61)) - Close container Event triggered for container : #7
2019-09-16 18:51:32,354 [EventQueue-CloseContainerForCloseContainerEventHandler] INFO  container.CloseContainerEventHandler (CloseContainerEventHandler.java:onMessage(61)) - Close container Event triggered for container : #8
2019-09-16 18:51:32,736 [java.util.concurrent.ThreadPoolExecutor$Worker@3bba45ce[State = -1, empty queue]] WARN  server.GrpcLogAppender (GrpcLogAppender.java:timeoutAppendRequest(200)) - bee99600-be87-4e2f-bca1-493826cfa9f4@group-4078FEE62CC7->e23021be-5025-43ec-901b-8f315bf6442a-GrpcLogAppender: appendEntries Timeout, request=bee99600-be87-4e2f-bca1-493826cfa9f4->e23021be-5025-43ec-901b-8f315bf6442a#141-t1, previous=(t:1, i:21), leaderCommit=15, initializing? false, entries: <empty>
2019-09-16 18:51:32,739 [java.util.concurrent.ThreadPoolExecutor$Worker@45f38be8[State = -1, empty queue]] WARN  server.GrpcLogAppender (GrpcLogAppender.java:timeoutAppendRequest(200)) - bee99600-be87-4e2f-bca1-493826cfa9f4@group-4078FEE62CC7->6b668dd7-26f3-4a2a-98d6-977366dc8866-GrpcLogAppender: appendEntries Timeout, request=bee99600-be87-4e2f-bca1-493826cfa9f4->6b668dd7-26f3-4a2a-98d6-977366dc8866#141-t1, previous=(t:1, i:21), leaderCommit=15, initializing? false, entries: <empty>
2019-09-16 18:51:33,131 [grpc-default-executor-4] INFO  client.GrpcClientProtocolClient (GrpcClientProtocolClient.java:onNext(264)) - client-A24F84BEFB32->6b668dd7-26f3-4a2a-98d6-977366dc8866: receive RaftClientReply:client-A24F84BEFB32->6b668dd7-26f3-4a2a-98d6-977366dc8866@group-4078FEE62CC7, cid=139, FAILED org.apache.ratis.protocol.NotLeaderException: Server 6b668dd7-26f3-4a2a-98d6-977366dc8866@group-4078FEE62CC7 is not the leader bee99600-be87-4e2f-bca1-493826cfa9f4:192.168.34.56:42923, logIndex=0, commits[6b668dd7-26f3-4a2a-98d6-977366dc8866:c15, e23021be-5025-43ec-901b-8f315bf6442a:c13, bee99600-be87-4e2f-bca1-493826cfa9f4:c15]
2019-09-16 18:51:34,369 [org.apache.ratis.server.impl.LogAppender$AppenderDaemon$$Lambda$533/1653271690@7375d7d4] ERROR ratis.XceiverServerRatis (XceiverServerRatis.java:triggerPipelineClose(568)) - pipeline Action CLOSE  on pipeline PipelineID=ee193e73-9f12-488c-b78c-4078fee62cc7.Reason : bee99600-be87-4e2f-bca1-493826cfa9f4 has not seen follower/s 6b668dd7-26f3-4a2a-98d6-977366dc8866 for 122282ms e23021be-5025-43ec-901b-8f315bf6442a for 122283ms
2019-09-16 18:51:34,369 [org.apache.ratis.server.impl.LogAppender$AppenderDaemon$$Lambda$533/1653271690@39fd6234] ERROR ratis.XceiverServerRatis (XceiverServerRatis.java:triggerPipelineClose(568)) - pipeline Action CLOSE  on pipeline PipelineID=ee193e73-9f12-488c-b78c-4078fee62cc7.Reason : bee99600-be87-4e2f-bca1-493826cfa9f4 has not seen follower/s 6b668dd7-26f3-4a2a-98d6-977366dc8866 for 122282ms e23021be-5025-43ec-901b-8f315bf6442a for 122283ms
2019-09-16 18:51:35,237 [java.util.concurrent.ThreadPoolExecutor$Worker@3bba45ce[State = -1, empty queue]] WARN  server.GrpcLogAppender (GrpcLogAppender.java:timeoutAppendRequest(200)) - bee99600-be87-4e2f-bca1-493826cfa9f4@group-4078FEE62CC7->e23021be-5025-43ec-901b-8f315bf6442a-GrpcLogAppender: appendEntries Timeout, request=bee99600-be87-4e2f-bca1-493826cfa9f4->e23021be-5025-43ec-901b-8f315bf6442a#142-t1, previous=(t:1, i:21), leaderCommit=15, initializing? false, entries: <empty>
2019-09-16 18:51:35,240 [java.util.concurrent.ThreadPoolExecutor$Worker@45f38be8[State = -1, empty queue]] WARN  server.GrpcLogAppender (GrpcLogAppender.java:timeoutAppendRequest(200)) - bee99600-be87-4e2f-bca1-493826cfa9f4@group-4078FEE62CC7->6b668dd7-26f3-4a2a-98d6-977366dc8866-GrpcLogAppender: appendEntries Timeout, request=bee99600-be87-4e2f-bca1-493826cfa9f4->6b668dd7-26f3-4a2a-98d6-977366dc8866#142-t1, previous=(t:1, i:21), leaderCommit=15, initializing? false, entries: <empty>
2019-09-16 18:51:35,370 [EventQueue-PipelineActionsForPipelineActionHandler] ERROR pipeline.PipelineActionHandler (PipelineActionHandler.java:onMessage(60)) - Received pipeline action CLOSE for Pipeline[ Id: ee193e73-9f12-488c-b78c-4078fee62cc7, Nodes: e23021be-5025-43ec-901b-8f315bf6442a{ip: 192.168.34.56, host: pr-hdds-2111-hlhfn-3535364396, networkLocation: /default-rack, certSerialId: null}bee99600-be87-4e2f-bca1-493826cfa9f4{ip: 192.168.34.56, host: pr-hdds-2111-hlhfn-3535364396, networkLocation: /default-rack, certSerialId: null}6b668dd7-26f3-4a2a-98d6-977366dc8866{ip: 192.168.34.56, host: pr-hdds-2111-hlhfn-3535364396, networkLocation: /default-rack, certSerialId: null}, Type:RATIS, Factor:THREE, State:CLOSED] from datanode bee99600-be87-4e2f-bca1-493826cfa9f4{ip: 192.168.34.56, host: pr-hdds-2111-hlhfn-3535364396, networkLocation: /default-rack, certSerialId: null}. Reason : bee99600-be87-4e2f-bca1-493826cfa9f4 has not seen follower/s 6b668dd7-26f3-4a2a-98d6-977366dc8866 for 122282ms e23021be-5025-43ec-901b-8f315bf6442a for 122283ms
2019-09-16 18:51:35,370 [EventQueue-PipelineActionsForPipelineActionHandler] INFO  pipeline.SCMPipelineManager (SCMPipelineManager.java:finalizeAndDestroyPipeline(311)) - destroying pipeline:Pipeline[ Id: ee193e73-9f12-488c-b78c-4078fee62cc7, Nodes: e23021be-5025-43ec-901b-8f315bf6442a{ip: 192.168.34.56, host: pr-hdds-2111-hlhfn-3535364396, networkLocation: /default-rack, certSerialId: null}bee99600-be87-4e2f-bca1-493826cfa9f4{ip: 192.168.34.56, host: pr-hdds-2111-hlhfn-3535364396, networkLocation: /default-rack, certSerialId: null}6b668dd7-26f3-4a2a-98d6-977366dc8866{ip: 192.168.34.56, host: pr-hdds-2111-hlhfn-3535364396, networkLocation: /default-rack, certSerialId: null}, Type:RATIS, Factor:THREE, State:CLOSED]
2019-09-16 18:51:36,871 [org.apache.ratis.server.impl.LogAppender$AppenderDaemon$$Lambda$533/1653271690@39fd6234] ERROR ratis.XceiverServerRatis (XceiverServerRatis.java:triggerPipelineClose(568)) - pipeline Action CLOSE  on pipeline PipelineID=ee193e73-9f12-488c-b78c-4078fee62cc7.Reason : bee99600-be87-4e2f-bca1-493826cfa9f4 has not seen follower/s 6b668dd7-26f3-4a2a-98d6-977366dc8866 for 124783ms e23021be-5025-43ec-901b-8f315bf6442a for 124784ms
2019-09-16 18:51:36,871 [org.apache.ratis.server.impl.LogAppender$AppenderDaemon$$Lambda$533/1653271690@7375d7d4] ERROR ratis.XceiverServerRatis (XceiverServerRatis.java:triggerPipelineClose(568)) - pipeline Action CLOSE  on pipeline PipelineID=ee193e73-9f12-488c-b78c-4078fee62cc7.Reason : bee99600-be87-4e2f-bca1-493826cfa9f4 has not seen follower/s 6b668dd7-26f3-4a2a-98d6-977366dc8866 for 124783ms e23021be-5025-43ec-901b-8f315bf6442a for 124784ms
2019-09-16 18:51:37,370 [java.util.concurrent.ThreadPoolExecutor$Worker@45f38be8[State = -1, empty queue]] WARN  server.GrpcLogAppender (GrpcLogAppender.java:timeoutAppendRequest(200)) - bee99600-be87-4e2f-bca1-493826cfa9f4@group-4078FEE62CC7->6b668dd7-26f3-4a2a-98d6-977366dc8866-GrpcLogAppender: appendEntries Timeout, request=bee99600-be87-4e2f-bca1-493826cfa9f4->6b668dd7-26f3-4a2a-98d6-977366dc8866#143-t1, previous=(t:1, i:21), leaderCommit=15, initializing? false, entries: size=1, first=(t:1, i:22), STATEMACHINELOGENTRY, client-8D0BE8C03A24, cid=12
2019-09-16 18:51:37,370 [java.util.concurrent.ThreadPoolExecutor$Worker@3bba45ce[State = -1, empty queue]] WARN  server.GrpcLogAppender (GrpcLogAppender.java:timeoutAppendRequest(200)) - bee99600-be87-4e2f-bca1-493826cfa9f4@group-4078FEE62CC7->e23021be-5025-43ec-901b-8f315bf6442a-GrpcLogAppender: appendEntries Timeout, request=bee99600-be87-4e2f-bca1-493826cfa9f4->e23021be-5025-43ec-901b-8f315bf6442a#143-t1, previous=(t:1, i:21), leaderCommit=15, initializing? false, entries: size=1, first=(t:1, i:22), STATEMACHINELOGENTRY, client-8D0BE8C03A24, cid=12
2019-09-16 18:51:37,370 [EventQueue-PipelineActionsForPipelineActionHandler] ERROR pipeline.PipelineActionHandler (PipelineActionHandler.java:onMessage(60)) - Received pipeline action CLOSE for Pipeline[ Id: ee193e73-9f12-488c-b78c-4078fee62cc7, Nodes: e23021be-5025-43ec-901b-8f315bf6442a{ip: 192.168.34.56, host: pr-hdds-2111-hlhfn-3535364396, networkLocation: /default-rack, certSerialId: null}bee99600-be87-4e2f-bca1-493826cfa9f4{ip: 192.168.34.56, host: pr-hdds-2111-hlhfn-3535364396, networkLocation: /default-rack, certSerialId: null}6b668dd7-26f3-4a2a-98d6-977366dc8866{ip: 192.168.34.56, host: pr-hdds-2111-hlhfn-3535364396, networkLocation: /default-rack, certSerialId: null}, Type:RATIS, Factor:THREE, State:CLOSED] from datanode bee99600-be87-4e2f-bca1-493826cfa9f4{ip: 192.168.34.56, host: pr-hdds-2111-hlhfn-3535364396, networkLocation: /default-rack, certSerialId: null}. Reason : bee99600-be87-4e2f-bca1-493826cfa9f4 has not seen follower/s 6b668dd7-26f3-4a2a-98d6-977366dc8866 for 124783ms e23021be-5025-43ec-901b-8f315bf6442a for 124784ms
2019-09-16 18:51:37,370 [EventQueue-PipelineActionsForPipelineActionHandler] INFO  pipeline.SCMPipelineManager (SCMPipelineManager.java:finalizeAndDestroyPipeline(311)) - destroying pipeline:Pipeline[ Id: ee193e73-9f12-488c-b78c-4078fee62cc7, Nodes: e23021be-5025-43ec-901b-8f315bf6442a{ip: 192.168.34.56, host: pr-hdds-2111-hlhfn-3535364396, networkLocation: /default-rack, certSerialId: null}bee99600-be87-4e2f-bca1-493826cfa9f4{ip: 192.168.34.56, host: pr-hdds-2111-hlhfn-3535364396, networkLocation: /default-rack, certSerialId: null}6b668dd7-26f3-4a2a-98d6-977366dc8866{ip: 192.168.34.56, host: pr-hdds-2111-hlhfn-3535364396, networkLocation: /default-rack, certSerialId: null}, Type:RATIS, Factor:THREE, State:CLOSED]
2019-09-16 18:51:38,174 [grpc-default-executor-4] INFO  client.GrpcClientProtocolClient (GrpcClientProtocolClient.java:onNext(264)) - client-A24F84BEFB32->6b668dd7-26f3-4a2a-98d6-977366dc8866: receive RaftClientReply:client-A24F84BEFB32->6b668dd7-26f3-4a2a-98d6-977366dc8866@group-4078FEE62CC7, cid=139, FAILED org.apache.ratis.protocol.NotLeaderException: Server 6b668dd7-26f3-4a2a-98d6-977366dc8866@group-4078FEE62CC7 is not the leader bee99600-be87-4e2f-bca1-493826cfa9f4:192.168.34.56:42923, logIndex=0, commits[6b668dd7-26f3-4a2a-98d6-977366dc8866:c15, e23021be-5025-43ec-901b-8f315bf6442a:c13, bee99600-be87-4e2f-bca1-493826cfa9f4:c15]
2019-09-16 18:51:39,371 [org.apache.ratis.server.impl.LogAppender$AppenderDaemon$$Lambda$533/1653271690@39fd6234] ERROR ratis.XceiverServerRatis (XceiverServerRatis.java:triggerPipelineClose(568)) - pipeline Action CLOSE  on pipeline PipelineID=ee193e73-9f12-488c-b78c-4078fee62cc7.Reason : bee99600-be87-4e2f-bca1-493826cfa9f4 has not seen follower/s 6b668dd7-26f3-4a2a-98d6-977366dc8866 for 127284ms e23021be-5025-43ec-901b-8f315bf6442a for 127284ms
2019-09-16 18:51:39,371 [org.apache.ratis.server.impl.LogAppender$AppenderDaemon$$Lambda$533/1653271690@7375d7d4] ERROR ratis.XceiverServerRatis (XceiverServerRatis.java:triggerPipelineClose(568)) - pipeline Action CLOSE  on pipeline PipelineID=ee193e73-9f12-488c-b78c-4078fee62cc7.Reason : bee99600-be87-4e2f-bca1-493826cfa9f4 has not seen follower/s 6b668dd7-26f3-4a2a-98d6-977366dc8866 for 127284ms e23021be-5025-43ec-901b-8f315bf6442a for 127284ms
2019-09-16 18:51:39,870 [java.util.concurrent.ThreadPoolExecutor$Worker@45f38be8[State = -1, empty queue]] WARN  server.GrpcLogAppender (GrpcLogAppender.java:timeoutAppendRequest(200)) - bee99600-be87-4e2f-bca1-493826cfa9f4@group-4078FEE62CC7->6b668dd7-26f3-4a2a-98d6-977366dc8866-GrpcLogAppender: appendEntries Timeout, request=bee99600-be87-4e2f-bca1-493826cfa9f4->6b668dd7-26f3-4a2a-98d6-977366dc8866#144-t1, previous=(t:1, i:22), leaderCommit=15, initializing? false, entries: <empty>
2019-09-16 18:51:39,870 [java.util.concurrent.ThreadPoolExecutor$Worker@3bba45ce[State = -1, empty queue]] WARN  server.GrpcLogAppender (GrpcLogAppender.java:timeoutAppendRequest(200)) - bee99600-be87-4e2f-bca1-493826cfa9f4@group-4078FEE62CC7->e23021be-5025-43ec-901b-8f315bf6442a-GrpcLogAppender: appendEntries Timeout, request=bee99600-be87-4e2f-bca1-493826cfa9f4->e23021be-5025-43ec-901b-8f315bf6442a#144-t1, previous=(t:1, i:22), leaderCommit=15, initializing? false, entries: <empty>
2019-09-16 18:51:40,369 [EventQueue-PipelineActionsForPipelineActionHandler] ERROR pipeline.PipelineActionHandler (PipelineActionHandler.java:onMessage(60)) - Received pipeline action CLOSE for Pipeline[ Id: ee193e73-9f12-488c-b78c-4078fee62cc7, Nodes: e23021be-5025-43ec-901b-8f315bf6442a{ip: 192.168.34.56, host: pr-hdds-2111-hlhfn-3535364396, networkLocation: /default-rack, certSerialId: null}bee99600-be87-4e2f-bca1-493826cfa9f4{ip: 192.168.34.56, host: pr-hdds-2111-hlhfn-3535364396, networkLocation: /default-rack, certSerialId: null}6b668dd7-26f3-4a2a-98d6-977366dc8866{ip: 192.168.34.56, host: pr-hdds-2111-hlhfn-3535364396, networkLocation: /default-rack, certSerialId: null}, Type:RATIS, Factor:THREE, State:CLOSED] from datanode bee99600-be87-4e2f-bca1-493826cfa9f4{ip: 192.168.34.56, host: pr-hdds-2111-hlhfn-3535364396, networkLocation: /default-rack, certSerialId: null}. Reason : bee99600-be87-4e2f-bca1-493826cfa9f4 has not seen follower/s 6b668dd7-26f3-4a2a-98d6-977366dc8866 for 127284ms e23021be-5025-43ec-901b-8f315bf6442a for 127284ms
2019-09-16 18:51:40,369 [EventQueue-PipelineActionsForPipelineActionHandler] INFO  pipeline.SCMPipelineManager (SCMPipelineManager.java:finalizeAndDestroyPipeline(311)) - destroying pipeline:Pipeline[ Id: ee193e73-9f12-488c-b78c-4078fee62cc7, Nodes: e23021be-5025-43ec-901b-8f315bf6442a{ip: 192.168.34.56, host: pr-hdds-2111-hlhfn-3535364396, networkLocation: /default-rack, certSerialId: null}bee99600-be87-4e2f-bca1-493826cfa9f4{ip: 192.168.34.56, host: pr-hdds-2111-hlhfn-3535364396, networkLocation: /default-rack, certSerialId: null}6b668dd7-26f3-4a2a-98d6-977366dc8866{ip: 192.168.34.56, host: pr-hdds-2111-hlhfn-3535364396, networkLocation: /default-rack, certSerialId: null}, Type:RATIS, Factor:THREE, State:CLOSED]
2019-09-16 18:51:41,872 [org.apache.ratis.server.impl.LogAppender$AppenderDaemon$$Lambda$533/1653271690@7375d7d4] ERROR ratis.XceiverServerRatis (XceiverServerRatis.java:triggerPipelineClose(568)) - pipeline Action CLOSE  on pipeline PipelineID=ee193e73-9f12-488c-b78c-4078fee62cc7.Reason : bee99600-be87-4e2f-bca1-493826cfa9f4 has not seen follower/s 6b668dd7-26f3-4a2a-98d6-977366dc8866 for 129785ms e23021be-5025-43ec-901b-8f315bf6442a for 129785ms
2019-09-16 18:51:41,872 [org.apache.ratis.server.impl.LogAppender$AppenderDaemon$$Lambda$533/1653271690@39fd6234] ERROR ratis.XceiverServerRatis (XceiverServerRatis.java:triggerPipelineClose(568)) - pipeline Action CLOSE  on pipeline PipelineID=ee193e73-9f12-488c-b78c-4078fee62cc7.Reason : bee99600-be87-4e2f-bca1-493826cfa9f4 has not seen follower/s 6b668dd7-26f3-4a2a-98d6-977366dc8866 for 129785ms e23021be-5025-43ec-901b-8f315bf6442a for 129785ms
2019-09-16 18:51:42,229 [6b668dd7-26f3-4a2a-98d6-977366dc8866@group-4078FEE62CC7-SegmentedRaftLogWorker] WARN  segmented.SegmentedRaftLogWorker (SegmentedRaftLogWorker.java:getFromFuture(90)) - Timeout 12/~
org.apache.ratis.protocol.TimeoutIOException: Timeout 10s: WriteLog:16: (t:1, i:16), STATEMACHINELOGENTRY, client-A24F84BEFB32, cid=139-writeStateMachineData
	at org.apache.ratis.util.IOUtils.getFromFuture(IOUtils.java:87)
	at org.apache.ratis.server.raftlog.segmented.SegmentedRaftLogWorker$StateMachineDataPolicy.getFromFuture(SegmentedRaftLogWorker.java:87)
	at org.apache.ratis.server.raftlog.segmented.SegmentedRaftLogWorker$WriteLog.execute(SegmentedRaftLogWorker.java:477)
	at org.apache.ratis.server.raftlog.segmented.SegmentedRaftLogWorker.run(SegmentedRaftLogWorker.java:289)
	at java.lang.Thread.run(Thread.java:748)
Caused by: java.util.concurrent.TimeoutException
	at java.util.concurrent.CompletableFuture.timedGet(CompletableFuture.java:1771)
	at java.util.concurrent.CompletableFuture.get(CompletableFuture.java:1915)
	at org.apache.ratis.util.IOUtils.getFromFuture(IOUtils.java:79)
	... 4 more
2019-09-16 18:51:42,350 [bee99600-be87-4e2f-bca1-493826cfa9f4@group-4078FEE62CC7-SegmentedRaftLogWorker] WARN  segmented.SegmentedRaftLogWorker (SegmentedRaftLogWorker.java:getFromFuture(90)) - Timeout 12/~
org.apache.ratis.protocol.TimeoutIOException: Timeout 10s: WriteLog:17: (t:1, i:17), STATEMACHINELOGENTRY, client-A24F84BEFB32, cid=140-writeStateMachineData
	at org.apache.ratis.util.IOUtils.getFromFuture(IOUtils.java:87)
	at org.apache.ratis.server.raftlog.segmented.SegmentedRaftLogWorker$StateMachineDataPolicy.getFromFuture(SegmentedRaftLogWorker.java:87)
	at org.apache.ratis.server.raftlog.segmented.SegmentedRaftLogWorker$WriteLog.execute(SegmentedRaftLogWorker.java:477)
	at org.apache.ratis.server.raftlog.segmented.SegmentedRaftLogWorker.run(SegmentedRaftLogWorker.java:289)
	at java.lang.Thread.run(Thread.java:748)
Caused by: java.util.concurrent.TimeoutException
	at java.util.concurrent.CompletableFuture.timedGet(CompletableFuture.java:1771)
	at java.util.concurrent.CompletableFuture.get(CompletableFuture.java:1915)
	at org.apache.ratis.util.IOUtils.getFromFuture(IOUtils.java:79)
	... 4 more
2019-09-16 18:51:42,350 [e23021be-5025-43ec-901b-8f315bf6442a@group-4078FEE62CC7-SegmentedRaftLogWorker] WARN  segmented.SegmentedRaftLogWorker (SegmentedRaftLogWorker.java:getFromFuture(90)) - Timeout 12/~
org.apache.ratis.protocol.TimeoutIOException: Timeout 10s: WriteLog:19: (t:1, i:19), STATEMACHINELOGENTRY, client-A24F84BEFB32, cid=142-writeStateMachineData
	at org.apache.ratis.util.IOUtils.getFromFuture(IOUtils.java:87)
	at org.apache.ratis.server.raftlog.segmented.SegmentedRaftLogWorker$StateMachineDataPolicy.getFromFuture(SegmentedRaftLogWorker.java:87)
	at org.apache.ratis.server.raftlog.segmented.SegmentedRaftLogWorker$WriteLog.execute(SegmentedRaftLogWorker.java:477)
	at org.apache.ratis.server.raftlog.segmented.SegmentedRaftLogWorker.run(SegmentedRaftLogWorker.java:289)
	at java.lang.Thread.run(Thread.java:748)
Caused by: java.util.concurrent.TimeoutException
	at java.util.concurrent.CompletableFuture.timedGet(CompletableFuture.java:1771)
	at java.util.concurrent.CompletableFuture.get(CompletableFuture.java:1915)
	at org.apache.ratis.util.IOUtils.getFromFuture(IOUtils.java:79)
	... 4 more
2019-09-16 18:51:42,369 [EventQueue-PipelineActionsForPipelineActionHandler] ERROR pipeline.PipelineActionHandler (PipelineActionHandler.java:onMessage(60)) - Received pipeline action CLOSE for Pipeline[ Id: ee193e73-9f12-488c-b78c-4078fee62cc7, Nodes: e23021be-5025-43ec-901b-8f315bf6442a{ip: 192.168.34.56, host: pr-hdds-2111-hlhfn-3535364396, networkLocation: /default-rack, certSerialId: null}bee99600-be87-4e2f-bca1-493826cfa9f4{ip: 192.168.34.56, host: pr-hdds-2111-hlhfn-3535364396, networkLocation: /default-rack, certSerialId: null}6b668dd7-26f3-4a2a-98d6-977366dc8866{ip: 192.168.34.56, host: pr-hdds-2111-hlhfn-3535364396, networkLocation: /default-rack, certSerialId: null}, Type:RATIS, Factor:THREE, State:CLOSED] from datanode bee99600-be87-4e2f-bca1-493826cfa9f4{ip: 192.168.34.56, host: pr-hdds-2111-hlhfn-3535364396, networkLocation: /default-rack, certSerialId: null}. Reason : bee99600-be87-4e2f-bca1-493826cfa9f4 has not seen follower/s 6b668dd7-26f3-4a2a-98d6-977366dc8866 for 129785ms e23021be-5025-43ec-901b-8f315bf6442a for 129785ms
2019-09-16 18:51:42,369 [EventQueue-PipelineActionsForPipelineActionHandler] INFO  pipeline.SCMPipelineManager (SCMPipelineManager.java:finalizeAndDestroyPipeline(311)) - destroying pipeline:Pipeline[ Id: ee193e73-9f12-488c-b78c-4078fee62cc7, Nodes: e23021be-5025-43ec-901b-8f315bf6442a{ip: 192.168.34.56, host: pr-hdds-2111-hlhfn-3535364396, networkLocation: /default-rack, certSerialId: null}bee99600-be87-4e2f-bca1-493826cfa9f4{ip: 192.168.34.56, host: pr-hdds-2111-hlhfn-3535364396, networkLocation: /default-rack, certSerialId: null}6b668dd7-26f3-4a2a-98d6-977366dc8866{ip: 192.168.34.56, host: pr-hdds-2111-hlhfn-3535364396, networkLocation: /default-rack, certSerialId: null}, Type:RATIS, Factor:THREE, State:CLOSED]
2019-09-16 18:51:42,371 [java.util.concurrent.ThreadPoolExecutor$Worker@45f38be8[State = -1, empty queue]] WARN  server.GrpcLogAppender (GrpcLogAppender.java:timeoutAppendRequest(200)) - bee99600-be87-4e2f-bca1-493826cfa9f4@group-4078FEE62CC7->6b668dd7-26f3-4a2a-98d6-977366dc8866-GrpcLogAppender: appendEntries Timeout, request=bee99600-be87-4e2f-bca1-493826cfa9f4->6b668dd7-26f3-4a2a-98d6-977366dc8866#145-t1, previous=(t:1, i:22), leaderCommit=15, initializing? false, entries: <empty>
2019-09-16 18:51:42,371 [java.util.concurrent.ThreadPoolExecutor$Worker@3bba45ce[State = -1, empty queue]] WARN  server.GrpcLogAppender (GrpcLogAppender.java:timeoutAppendRequest(200)) - bee99600-be87-4e2f-bca1-493826cfa9f4@group-4078FEE62CC7->e23021be-5025-43ec-901b-8f315bf6442a-GrpcLogAppender: appendEntries Timeout, request=bee99600-be87-4e2f-bca1-493826cfa9f4->e23021be-5025-43ec-901b-8f315bf6442a#145-t1, previous=(t:1, i:22), leaderCommit=15, initializing? false, entries: <empty>
2019-09-16 18:51:43,207 [grpc-default-executor-4] INFO  client.GrpcClientProtocolClient (GrpcClientProtocolClient.java:onNext(264)) - client-A24F84BEFB32->6b668dd7-26f3-4a2a-98d6-977366dc8866: receive RaftClientReply:client-A24F84BEFB32->6b668dd7-26f3-4a2a-98d6-977366dc8866@group-4078FEE62CC7, cid=139, FAILED org.apache.ratis.protocol.NotLeaderException: Server 6b668dd7-26f3-4a2a-98d6-977366dc8866@group-4078FEE62CC7 is not the leader bee99600-be87-4e2f-bca1-493826cfa9f4:192.168.34.56:42923, logIndex=0, commits[6b668dd7-26f3-4a2a-98d6-977366dc8866:c15, e23021be-5025-43ec-901b-8f315bf6442a:c13, bee99600-be87-4e2f-bca1-493826cfa9f4:c15]
2019-09-16 18:51:44,373 [org.apache.ratis.server.impl.LogAppender$AppenderDaemon$$Lambda$533/1653271690@7375d7d4] ERROR ratis.XceiverServerRatis (XceiverServerRatis.java:triggerPipelineClose(568)) - pipeline Action CLOSE  on pipeline PipelineID=ee193e73-9f12-488c-b78c-4078fee62cc7.Reason : bee99600-be87-4e2f-bca1-493826cfa9f4 has not seen follower/s 6b668dd7-26f3-4a2a-98d6-977366dc8866 for 132286ms e23021be-5025-43ec-901b-8f315bf6442a for 132286ms
2019-09-16 18:51:44,373 [org.apache.ratis.server.impl.LogAppender$AppenderDaemon$$Lambda$533/1653271690@39fd6234] ERROR ratis.XceiverServerRatis (XceiverServerRatis.java:triggerPipelineClose(568)) - pipeline Action CLOSE  on pipeline PipelineID=ee193e73-9f12-488c-b78c-4078fee62cc7.Reason : bee99600-be87-4e2f-bca1-493826cfa9f4 has not seen follower/s 6b668dd7-26f3-4a2a-98d6-977366dc8866 for 132286ms e23021be-5025-43ec-901b-8f315bf6442a for 132286ms
2019-09-16 18:51:44,872 [java.util.concurrent.ThreadPoolExecutor$Worker@45f38be8[State = -1, empty queue]] WARN  server.GrpcLogAppender (GrpcLogAppender.java:timeoutAppendRequest(200)) - bee99600-be87-4e2f-bca1-493826cfa9f4@group-4078FEE62CC7->6b668dd7-26f3-4a2a-98d6-977366dc8866-GrpcLogAppender: appendEntries Timeout, request=bee99600-be87-4e2f-bca1-493826cfa9f4->6b668dd7-26f3-4a2a-98d6-977366dc8866#146-t1, previous=(t:1, i:22), leaderCommit=15, initializing? false, entries: <empty>
2019-09-16 18:51:44,872 [java.util.concurrent.ThreadPoolExecutor$Worker@3bba45ce[State = -1, empty queue]] WARN  server.GrpcLogAppender (GrpcLogAppender.java:timeoutAppendRequest(200)) - bee99600-be87-4e2f-bca1-493826cfa9f4@group-4078FEE62CC7->e23021be-5025-43ec-901b-8f315bf6442a-GrpcLogAppender: appendEntries Timeout, request=bee99600-be87-4e2f-bca1-493826cfa9f4->e23021be-5025-43ec-901b-8f315bf6442a#146-t1, previous=(t:1, i:22), leaderCommit=15, initializing? false, entries: <empty>
2019-09-16 18:51:45,370 [EventQueue-PipelineActionsForPipelineActionHandler] ERROR pipeline.PipelineActionHandler (PipelineActionHandler.java:onMessage(60)) - Received pipeline action CLOSE for Pipeline[ Id: ee193e73-9f12-488c-b78c-4078fee62cc7, Nodes: e23021be-5025-43ec-901b-8f315bf6442a{ip: 192.168.34.56, host: pr-hdds-2111-hlhfn-3535364396, networkLocation: /default-rack, certSerialId: null}bee99600-be87-4e2f-bca1-493826cfa9f4{ip: 192.168.34.56, host: pr-hdds-2111-hlhfn-3535364396, networkLocation: /default-rack, certSerialId: null}6b668dd7-26f3-4a2a-98d6-977366dc8866{ip: 192.168.34.56, host: pr-hdds-2111-hlhfn-3535364396, networkLocation: /default-rack, certSerialId: null}, Type:RATIS, Factor:THREE, State:CLOSED] from datanode bee99600-be87-4e2f-bca1-493826cfa9f4{ip: 192.168.34.56, host: pr-hdds-2111-hlhfn-3535364396, networkLocation: /default-rack, certSerialId: null}. Reason : bee99600-be87-4e2f-bca1-493826cfa9f4 has not seen follower/s 6b668dd7-26f3-4a2a-98d6-977366dc8866 for 132286ms e23021be-5025-43ec-901b-8f315bf6442a for 132286ms
2019-09-16 18:51:45,371 [EventQueue-PipelineActionsForPipelineActionHandler] INFO  pipeline.SCMPipelineManager (SCMPipelineManager.java:finalizeAndDestroyPipeline(311)) - destroying pipeline:Pipeline[ Id: ee193e73-9f12-488c-b78c-4078fee62cc7, Nodes: e23021be-5025-43ec-901b-8f315bf6442a{ip: 192.168.34.56, host: pr-hdds-2111-hlhfn-3535364396, networkLocation: /default-rack, certSerialId: null}bee99600-be87-4e2f-bca1-493826cfa9f4{ip: 192.168.34.56, host: pr-hdds-2111-hlhfn-3535364396, networkLocation: /default-rack, certSerialId: null}6b668dd7-26f3-4a2a-98d6-977366dc8866{ip: 192.168.34.56, host: pr-hdds-2111-hlhfn-3535364396, networkLocation: /default-rack, certSerialId: null}, Type:RATIS, Factor:THREE, State:CLOSED]
2019-09-16 18:51:46,874 [org.apache.ratis.server.impl.LogAppender$AppenderDaemon$$Lambda$533/1653271690@7375d7d4] ERROR ratis.XceiverServerRatis (XceiverServerRatis.java:triggerPipelineClose(568)) - pipeline Action CLOSE  on pipeline PipelineID=ee193e73-9f12-488c-b78c-4078fee62cc7.Reason : bee99600-be87-4e2f-bca1-493826cfa9f4 has not seen follower/s 6b668dd7-26f3-4a2a-98d6-977366dc8866 for 134787ms e23021be-5025-43ec-901b-8f315bf6442a for 134787ms
2019-09-16 18:51:46,874 [org.apache.ratis.server.impl.LogAppender$AppenderDaemon$$Lambda$533/1653271690@39fd6234] ERROR ratis.XceiverServerRatis (XceiverServerRatis.java:triggerPipelineClose(568)) - pipeline Action CLOSE  on pipeline PipelineID=ee193e73-9f12-488c-b78c-4078fee62cc7.Reason : bee99600-be87-4e2f-bca1-493826cfa9f4 has not seen follower/s 6b668dd7-26f3-4a2a-98d6-977366dc8866 for 134787ms e23021be-5025-43ec-901b-8f315bf6442a for 134787ms
2019-09-16 18:51:47,369 [EventQueue-PipelineActionsForPipelineActionHandler] ERROR pipeline.PipelineActionHandler (PipelineActionHandler.java:onMessage(60)) - Received pipeline action CLOSE for Pipeline[ Id: ee193e73-9f12-488c-b78c-4078fee62cc7, Nodes: e23021be-5025-43ec-901b-8f315bf6442a{ip: 192.168.34.56, host: pr-hdds-2111-hlhfn-3535364396, networkLocation: /default-rack, certSerialId: null}bee99600-be87-4e2f-bca1-493826cfa9f4{ip: 192.168.34.56, host: pr-hdds-2111-hlhfn-3535364396, networkLocation: /default-rack, certSerialId: null}6b668dd7-26f3-4a2a-98d6-977366dc8866{ip: 192.168.34.56, host: pr-hdds-2111-hlhfn-3535364396, networkLocation: /default-rack, certSerialId: null}, Type:RATIS, Factor:THREE, State:CLOSED] from datanode bee99600-be87-4e2f-bca1-493826cfa9f4{ip: 192.168.34.56, host: pr-hdds-2111-hlhfn-3535364396, networkLocation: /default-rack, certSerialId: null}. Reason : bee99600-be87-4e2f-bca1-493826cfa9f4 has not seen follower/s 6b668dd7-26f3-4a2a-98d6-977366dc8866 for 134787ms e23021be-5025-43ec-901b-8f315bf6442a for 134787ms
2019-09-16 18:51:47,369 [EventQueue-PipelineActionsForPipelineActionHandler] INFO  pipeline.SCMPipelineManager (SCMPipelineManager.java:finalizeAndDestroyPipeline(311)) - destroying pipeline:Pipeline[ Id: ee193e73-9f12-488c-b78c-4078fee62cc7, Nodes: e23021be-5025-43ec-901b-8f315bf6442a{ip: 192.168.34.56, host: pr-hdds-2111-hlhfn-3535364396, networkLocation: /default-rack, certSerialId: null}bee99600-be87-4e2f-bca1-493826cfa9f4{ip: 192.168.34.56, host: pr-hdds-2111-hlhfn-3535364396, networkLocation: /default-rack, certSerialId: null}6b668dd7-26f3-4a2a-98d6-977366dc8866{ip: 192.168.34.56, host: pr-hdds-2111-hlhfn-3535364396, networkLocation: /default-rack, certSerialId: null}, Type:RATIS, Factor:THREE, State:CLOSED]
2019-09-16 18:51:47,373 [java.util.concurrent.ThreadPoolExecutor$Worker@3bba45ce[State = -1, empty queue]] WARN  server.GrpcLogAppender (GrpcLogAppender.java:timeoutAppendRequest(200)) - bee99600-be87-4e2f-bca1-493826cfa9f4@group-4078FEE62CC7->e23021be-5025-43ec-901b-8f315bf6442a-GrpcLogAppender: appendEntries Timeout, request=bee99600-be87-4e2f-bca1-493826cfa9f4->e23021be-5025-43ec-901b-8f315bf6442a#147-t1, previous=(t:1, i:22), leaderCommit=15, initializing? false, entries: <empty>
2019-09-16 18:51:47,373 [java.util.concurrent.ThreadPoolExecutor$Worker@45f38be8[State = -1, empty queue]] WARN  server.GrpcLogAppender (GrpcLogAppender.java:timeoutAppendRequest(200)) - bee99600-be87-4e2f-bca1-493826cfa9f4@group-4078FEE62CC7->6b668dd7-26f3-4a2a-98d6-977366dc8866-GrpcLogAppender: appendEntries Timeout, request=bee99600-be87-4e2f-bca1-493826cfa9f4->6b668dd7-26f3-4a2a-98d6-977366dc8866#147-t1, previous=(t:1, i:22), leaderCommit=15, initializing? false, entries: <empty>
2019-09-16 18:51:48,241 [grpc-default-executor-8] INFO  client.GrpcClientProtocolClient (GrpcClientProtocolClient.java:onNext(264)) - client-A24F84BEFB32->6b668dd7-26f3-4a2a-98d6-977366dc8866: receive RaftClientReply:client-A24F84BEFB32->6b668dd7-26f3-4a2a-98d6-977366dc8866@group-4078FEE62CC7, cid=139, FAILED org.apache.ratis.protocol.NotLeaderException: Server 6b668dd7-26f3-4a2a-98d6-977366dc8866@group-4078FEE62CC7 is not the leader bee99600-be87-4e2f-bca1-493826cfa9f4:192.168.34.56:42923, logIndex=0, commits[6b668dd7-26f3-4a2a-98d6-977366dc8866:c15, e23021be-5025-43ec-901b-8f315bf6442a:c13, bee99600-be87-4e2f-bca1-493826cfa9f4:c15]
2019-09-16 18:51:49,374 [org.apache.ratis.server.impl.LogAppender$AppenderDaemon$$Lambda$533/1653271690@39fd6234] ERROR ratis.XceiverServerRatis (XceiverServerRatis.java:triggerPipelineClose(568)) - pipeline Action CLOSE  on pipeline PipelineID=ee193e73-9f12-488c-b78c-4078fee62cc7.Reason : bee99600-be87-4e2f-bca1-493826cfa9f4 has not seen follower/s 6b668dd7-26f3-4a2a-98d6-977366dc8866 for 137287ms e23021be-5025-43ec-901b-8f315bf6442a for 137287ms
2019-09-16 18:51:49,374 [org.apache.ratis.server.impl.LogAppender$AppenderDaemon$$Lambda$533/1653271690@7375d7d4] ERROR ratis.XceiverServerRatis (XceiverServerRatis.java:triggerPipelineClose(568)) - pipeline Action CLOSE  on pipeline PipelineID=ee193e73-9f12-488c-b78c-4078fee62cc7.Reason : bee99600-be87-4e2f-bca1-493826cfa9f4 has not seen follower/s 6b668dd7-26f3-4a2a-98d6-977366dc8866 for 137287ms e23021be-5025-43ec-901b-8f315bf6442a for 137287ms
2019-09-16 18:51:49,874 [java.util.concurrent.ThreadPoolExecutor$Worker@3bba45ce[State = -1, empty queue]] WARN  server.GrpcLogAppender (GrpcLogAppender.java:timeoutAppendRequest(200)) - bee99600-be87-4e2f-bca1-493826cfa9f4@group-4078FEE62CC7->e23021be-5025-43ec-901b-8f315bf6442a-GrpcLogAppender: appendEntries Timeout, request=bee99600-be87-4e2f-bca1-493826cfa9f4->e23021be-5025-43ec-901b-8f315bf6442a#148-t1, previous=(t:1, i:22), leaderCommit=15, initializing? false, entries: <empty>
2019-09-16 18:51:49,874 [java.util.concurrent.ThreadPoolExecutor$Worker@45f38be8[State = -1, empty queue]] WARN  server.GrpcLogAppender (GrpcLogAppender.java:timeoutAppendRequest(200)) - bee99600-be87-4e2f-bca1-493826cfa9f4@group-4078FEE62CC7->6b668dd7-26f3-4a2a-98d6-977366dc8866-GrpcLogAppender: appendEntries Timeout, request=bee99600-be87-4e2f-bca1-493826cfa9f4->6b668dd7-26f3-4a2a-98d6-977366dc8866#148-t1, previous=(t:1, i:22), leaderCommit=15, initializing? false, entries: <empty>
2019-09-16 18:51:50,372 [EventQueue-PipelineActionsForPipelineActionHandler] ERROR pipeline.PipelineActionHandler (PipelineActionHandler.java:onMessage(60)) - Received pipeline action CLOSE for Pipeline[ Id: ee193e73-9f12-488c-b78c-4078fee62cc7, Nodes: e23021be-5025-43ec-901b-8f315bf6442a{ip: 192.168.34.56, host: pr-hdds-2111-hlhfn-3535364396, networkLocation: /default-rack, certSerialId: null}bee99600-be87-4e2f-bca1-493826cfa9f4{ip: 192.168.34.56, host: pr-hdds-2111-hlhfn-3535364396, networkLocation: /default-rack, certSerialId: null}6b668dd7-26f3-4a2a-98d6-977366dc8866{ip: 192.168.34.56, host: pr-hdds-2111-hlhfn-3535364396, networkLocation: /default-rack, certSerialId: null}, Type:RATIS, Factor:THREE, State:CLOSED] from datanode bee99600-be87-4e2f-bca1-493826cfa9f4{ip: 192.168.34.56, host: pr-hdds-2111-hlhfn-3535364396, networkLocation: /default-rack, certSerialId: null}. Reason : bee99600-be87-4e2f-bca1-493826cfa9f4 has not seen follower/s 6b668dd7-26f3-4a2a-98d6-977366dc8866 for 137287ms e23021be-5025-43ec-901b-8f315bf6442a for 137287ms
2019-09-16 18:51:50,373 [EventQueue-PipelineActionsForPipelineActionHandler] INFO  pipeline.SCMPipelineManager (SCMPipelineManager.java:finalizeAndDestroyPipeline(311)) - destroying pipeline:Pipeline[ Id: ee193e73-9f12-488c-b78c-4078fee62cc7, Nodes: e23021be-5025-43ec-901b-8f315bf6442a{ip: 192.168.34.56, host: pr-hdds-2111-hlhfn-3535364396, networkLocation: /default-rack, certSerialId: null}bee99600-be87-4e2f-bca1-493826cfa9f4{ip: 192.168.34.56, host: pr-hdds-2111-hlhfn-3535364396, networkLocation: /default-rack, certSerialId: null}6b668dd7-26f3-4a2a-98d6-977366dc8866{ip: 192.168.34.56, host: pr-hdds-2111-hlhfn-3535364396, networkLocation: /default-rack, certSerialId: null}, Type:RATIS, Factor:THREE, State:CLOSED]
2019-09-16 18:51:51,875 [org.apache.ratis.server.impl.LogAppender$AppenderDaemon$$Lambda$533/1653271690@39fd6234] ERROR ratis.XceiverServerRatis (XceiverServerRatis.java:triggerPipelineClose(568)) - pipeline Action CLOSE  on pipeline PipelineID=ee193e73-9f12-488c-b78c-4078fee62cc7.Reason : bee99600-be87-4e2f-bca1-493826cfa9f4 has not seen follower/s 6b668dd7-26f3-4a2a-98d6-977366dc8866 for 139788ms e23021be-5025-43ec-901b-8f315bf6442a for 139788ms
2019-09-16 18:51:51,875 [org.apache.ratis.server.impl.LogAppender$AppenderDaemon$$Lambda$533/1653271690@7375d7d4] ERROR ratis.XceiverServerRatis (XceiverServerRatis.java:triggerPipelineClose(568)) - pipeline Action CLOSE  on pipeline PipelineID=ee193e73-9f12-488c-b78c-4078fee62cc7.Reason : bee99600-be87-4e2f-bca1-493826cfa9f4 has not seen follower/s 6b668dd7-26f3-4a2a-98d6-977366dc8866 for 139788ms e23021be-5025-43ec-901b-8f315bf6442a for 139789ms
2019-09-16 18:51:52,230 [6b668dd7-26f3-4a2a-98d6-977366dc8866@group-4078FEE62CC7-SegmentedRaftLogWorker] WARN  segmented.SegmentedRaftLogWorker (SegmentedRaftLogWorker.java:getFromFuture(90)) - Timeout 13/~
org.apache.ratis.protocol.TimeoutIOException: Timeout 10s: WriteLog:16: (t:1, i:16), STATEMACHINELOGENTRY, client-A24F84BEFB32, cid=139-writeStateMachineData
	at org.apache.ratis.util.IOUtils.getFromFuture(IOUtils.java:87)
	at org.apache.ratis.server.raftlog.segmented.SegmentedRaftLogWorker$StateMachineDataPolicy.getFromFuture(SegmentedRaftLogWorker.java:87)
	at org.apache.ratis.server.raftlog.segmented.SegmentedRaftLogWorker$WriteLog.execute(SegmentedRaftLogWorker.java:477)
	at org.apache.ratis.server.raftlog.segmented.SegmentedRaftLogWorker.run(SegmentedRaftLogWorker.java:289)
	at java.lang.Thread.run(Thread.java:748)
Caused by: java.util.concurrent.TimeoutException
	at java.util.concurrent.CompletableFuture.timedGet(CompletableFuture.java:1771)
	at java.util.concurrent.CompletableFuture.get(CompletableFuture.java:1915)
	at org.apache.ratis.util.IOUtils.getFromFuture(IOUtils.java:79)
	... 4 more
2019-09-16 18:51:52,350 [bee99600-be87-4e2f-bca1-493826cfa9f4@group-4078FEE62CC7-SegmentedRaftLogWorker] WARN  segmented.SegmentedRaftLogWorker (SegmentedRaftLogWorker.java:getFromFuture(90)) - Timeout 13/~
org.apache.ratis.protocol.TimeoutIOException: Timeout 10s: WriteLog:17: (t:1, i:17), STATEMACHINELOGENTRY, client-A24F84BEFB32, cid=140-writeStateMachineData
	at org.apache.ratis.util.IOUtils.getFromFuture(IOUtils.java:87)
	at org.apache.ratis.server.raftlog.segmented.SegmentedRaftLogWorker$StateMachineDataPolicy.getFromFuture(SegmentedRaftLogWorker.java:87)
	at org.apache.ratis.server.raftlog.segmented.SegmentedRaftLogWorker$WriteLog.execute(SegmentedRaftLogWorker.java:477)
	at org.apache.ratis.server.raftlog.segmented.SegmentedRaftLogWorker.run(SegmentedRaftLogWorker.java:289)
	at java.lang.Thread.run(Thread.java:748)
Caused by: java.util.concurrent.TimeoutException
	at java.util.concurrent.CompletableFuture.timedGet(CompletableFuture.java:1771)
	at java.util.concurrent.CompletableFuture.get(CompletableFuture.java:1915)
	at org.apache.ratis.util.IOUtils.getFromFuture(IOUtils.java:79)
	... 4 more
2019-09-16 18:51:52,350 [e23021be-5025-43ec-901b-8f315bf6442a@group-4078FEE62CC7-SegmentedRaftLogWorker] WARN  segmented.SegmentedRaftLogWorker (SegmentedRaftLogWorker.java:getFromFuture(90)) - Timeout 13/~
org.apache.ratis.protocol.TimeoutIOException: Timeout 10s: WriteLog:19: (t:1, i:19), STATEMACHINELOGENTRY, client-A24F84BEFB32, cid=142-writeStateMachineData
	at org.apache.ratis.util.IOUtils.getFromFuture(IOUtils.java:87)
	at org.apache.ratis.server.raftlog.segmented.SegmentedRaftLogWorker$StateMachineDataPolicy.getFromFuture(SegmentedRaftLogWorker.java:87)
	at org.apache.ratis.server.raftlog.segmented.SegmentedRaftLogWorker$WriteLog.execute(SegmentedRaftLogWorker.java:477)
	at org.apache.ratis.server.raftlog.segmented.SegmentedRaftLogWorker.run(SegmentedRaftLogWorker.java:289)
	at java.lang.Thread.run(Thread.java:748)
Caused by: java.util.concurrent.TimeoutException
	at java.util.concurrent.CompletableFuture.timedGet(CompletableFuture.java:1771)
	at java.util.concurrent.CompletableFuture.get(CompletableFuture.java:1915)
	at org.apache.ratis.util.IOUtils.getFromFuture(IOUtils.java:79)
	... 4 more
2019-09-16 18:51:52,370 [EventQueue-PipelineActionsForPipelineActionHandler] ERROR pipeline.PipelineActionHandler (PipelineActionHandler.java:onMessage(60)) - Received pipeline action CLOSE for Pipeline[ Id: ee193e73-9f12-488c-b78c-4078fee62cc7, Nodes: e23021be-5025-43ec-901b-8f315bf6442a{ip: 192.168.34.56, host: pr-hdds-2111-hlhfn-3535364396, networkLocation: /default-rack, certSerialId: null}bee99600-be87-4e2f-bca1-493826cfa9f4{ip: 192.168.34.56, host: pr-hdds-2111-hlhfn-3535364396, networkLocation: /default-rack, certSerialId: null}6b668dd7-26f3-4a2a-98d6-977366dc8866{ip: 192.168.34.56, host: pr-hdds-2111-hlhfn-3535364396, networkLocation: /default-rack, certSerialId: null}, Type:RATIS, Factor:THREE, State:CLOSED] from datanode bee99600-be87-4e2f-bca1-493826cfa9f4{ip: 192.168.34.56, host: pr-hdds-2111-hlhfn-3535364396, networkLocation: /default-rack, certSerialId: null}. Reason : bee99600-be87-4e2f-bca1-493826cfa9f4 has not seen follower/s 6b668dd7-26f3-4a2a-98d6-977366dc8866 for 139788ms e23021be-5025-43ec-901b-8f315bf6442a for 139788ms
2019-09-16 18:51:52,370 [EventQueue-PipelineActionsForPipelineActionHandler] INFO  pipeline.SCMPipelineManager (SCMPipelineManager.java:finalizeAndDestroyPipeline(311)) - destroying pipeline:Pipeline[ Id: ee193e73-9f12-488c-b78c-4078fee62cc7, Nodes: e23021be-5025-43ec-901b-8f315bf6442a{ip: 192.168.34.56, host: pr-hdds-2111-hlhfn-3535364396, networkLocation: /default-rack, certSerialId: null}bee99600-be87-4e2f-bca1-493826cfa9f4{ip: 192.168.34.56, host: pr-hdds-2111-hlhfn-3535364396, networkLocation: /default-rack, certSerialId: null}6b668dd7-26f3-4a2a-98d6-977366dc8866{ip: 192.168.34.56, host: pr-hdds-2111-hlhfn-3535364396, networkLocation: /default-rack, certSerialId: null}, Type:RATIS, Factor:THREE, State:CLOSED]
2019-09-16 18:51:52,374 [java.util.concurrent.ThreadPoolExecutor$Worker@3bba45ce[State = -1, empty queue]] WARN  server.GrpcLogAppender (GrpcLogAppender.java:timeoutAppendRequest(200)) - bee99600-be87-4e2f-bca1-493826cfa9f4@group-4078FEE62CC7->e23021be-5025-43ec-901b-8f315bf6442a-GrpcLogAppender: appendEntries Timeout, request=bee99600-be87-4e2f-bca1-493826cfa9f4->e23021be-5025-43ec-901b-8f315bf6442a#149-t1, previous=(t:1, i:22), leaderCommit=15, initializing? false, entries: <empty>
2019-09-16 18:51:52,374 [java.util.concurrent.ThreadPoolExecutor$Worker@45f38be8[State = -1, empty queue]] WARN  server.GrpcLogAppender (GrpcLogAppender.java:timeoutAppendRequest(200)) - bee99600-be87-4e2f-bca1-493826cfa9f4@group-4078FEE62CC7->6b668dd7-26f3-4a2a-98d6-977366dc8866-GrpcLogAppender: appendEntries Timeout, request=bee99600-be87-4e2f-bca1-493826cfa9f4->6b668dd7-26f3-4a2a-98d6-977366dc8866#149-t1, previous=(t:1, i:22), leaderCommit=15, initializing? false, entries: <empty>
2019-09-16 18:51:53,292 [grpc-default-executor-8] INFO  client.GrpcClientProtocolClient (GrpcClientProtocolClient.java:onNext(264)) - client-A24F84BEFB32->6b668dd7-26f3-4a2a-98d6-977366dc8866: receive RaftClientReply:client-A24F84BEFB32->6b668dd7-26f3-4a2a-98d6-977366dc8866@group-4078FEE62CC7, cid=139, FAILED org.apache.ratis.protocol.NotLeaderException: Server 6b668dd7-26f3-4a2a-98d6-977366dc8866@group-4078FEE62CC7 is not the leader bee99600-be87-4e2f-bca1-493826cfa9f4:192.168.34.56:42923, logIndex=0, commits[6b668dd7-26f3-4a2a-98d6-977366dc8866:c15, e23021be-5025-43ec-901b-8f315bf6442a:c13, bee99600-be87-4e2f-bca1-493826cfa9f4:c15]
2019-09-16 18:51:54,376 [org.apache.ratis.server.impl.LogAppender$AppenderDaemon$$Lambda$533/1653271690@39fd6234] ERROR ratis.XceiverServerRatis (XceiverServerRatis.java:triggerPipelineClose(568)) - pipeline Action CLOSE  on pipeline PipelineID=ee193e73-9f12-488c-b78c-4078fee62cc7.Reason : bee99600-be87-4e2f-bca1-493826cfa9f4 has not seen follower/s 6b668dd7-26f3-4a2a-98d6-977366dc8866 for 142288ms e23021be-5025-43ec-901b-8f315bf6442a for 142289ms
2019-09-16 18:51:54,376 [org.apache.ratis.server.impl.LogAppender$AppenderDaemon$$Lambda$533/1653271690@7375d7d4] ERROR ratis.XceiverServerRatis (XceiverServerRatis.java:triggerPipelineClose(568)) - pipeline Action CLOSE  on pipeline PipelineID=ee193e73-9f12-488c-b78c-4078fee62cc7.Reason : bee99600-be87-4e2f-bca1-493826cfa9f4 has not seen follower/s 6b668dd7-26f3-4a2a-98d6-977366dc8866 for 142288ms e23021be-5025-43ec-901b-8f315bf6442a for 142289ms
2019-09-16 18:51:54,875 [java.util.concurrent.ThreadPoolExecutor$Worker@45f38be8[State = -1, empty queue]] WARN  server.GrpcLogAppender (GrpcLogAppender.java:timeoutAppendRequest(200)) - bee99600-be87-4e2f-bca1-493826cfa9f4@group-4078FEE62CC7->6b668dd7-26f3-4a2a-98d6-977366dc8866-GrpcLogAppender: appendEntries Timeout, request=bee99600-be87-4e2f-bca1-493826cfa9f4->6b668dd7-26f3-4a2a-98d6-977366dc8866#150-t1, previous=(t:1, i:22), leaderCommit=15, initializing? false, entries: <empty>
2019-09-16 18:51:54,875 [java.util.concurrent.ThreadPoolExecutor$Worker@3bba45ce[State = -1, empty queue]] WARN  server.GrpcLogAppender (GrpcLogAppender.java:timeoutAppendRequest(200)) - bee99600-be87-4e2f-bca1-493826cfa9f4@group-4078FEE62CC7->e23021be-5025-43ec-901b-8f315bf6442a-GrpcLogAppender: appendEntries Timeout, request=bee99600-be87-4e2f-bca1-493826cfa9f4->e23021be-5025-43ec-901b-8f315bf6442a#150-t1, previous=(t:1, i:22), leaderCommit=15, initializing? false, entries: <empty>
2019-09-16 18:51:55,372 [EventQueue-PipelineActionsForPipelineActionHandler] ERROR pipeline.PipelineActionHandler (PipelineActionHandler.java:onMessage(60)) - Received pipeline action CLOSE for Pipeline[ Id: ee193e73-9f12-488c-b78c-4078fee62cc7, Nodes: e23021be-5025-43ec-901b-8f315bf6442a{ip: 192.168.34.56, host: pr-hdds-2111-hlhfn-3535364396, networkLocation: /default-rack, certSerialId: null}bee99600-be87-4e2f-bca1-493826cfa9f4{ip: 192.168.34.56, host: pr-hdds-2111-hlhfn-3535364396, networkLocation: /default-rack, certSerialId: null}6b668dd7-26f3-4a2a-98d6-977366dc8866{ip: 192.168.34.56, host: pr-hdds-2111-hlhfn-3535364396, networkLocation: /default-rack, certSerialId: null}, Type:RATIS, Factor:THREE, State:CLOSED] from datanode bee99600-be87-4e2f-bca1-493826cfa9f4{ip: 192.168.34.56, host: pr-hdds-2111-hlhfn-3535364396, networkLocation: /default-rack, certSerialId: null}. Reason : bee99600-be87-4e2f-bca1-493826cfa9f4 has not seen follower/s 6b668dd7-26f3-4a2a-98d6-977366dc8866 for 142288ms e23021be-5025-43ec-901b-8f315bf6442a for 142289ms
2019-09-16 18:51:55,372 [EventQueue-PipelineActionsForPipelineActionHandler] INFO  pipeline.SCMPipelineManager (SCMPipelineManager.java:finalizeAndDestroyPipeline(311)) - destroying pipeline:Pipeline[ Id: ee193e73-9f12-488c-b78c-4078fee62cc7, Nodes: e23021be-5025-43ec-901b-8f315bf6442a{ip: 192.168.34.56, host: pr-hdds-2111-hlhfn-3535364396, networkLocation: /default-rack, certSerialId: null}bee99600-be87-4e2f-bca1-493826cfa9f4{ip: 192.168.34.56, host: pr-hdds-2111-hlhfn-3535364396, networkLocation: /default-rack, certSerialId: null}6b668dd7-26f3-4a2a-98d6-977366dc8866{ip: 192.168.34.56, host: pr-hdds-2111-hlhfn-3535364396, networkLocation: /default-rack, certSerialId: null}, Type:RATIS, Factor:THREE, State:CLOSED]
2019-09-16 18:51:56,877 [org.apache.ratis.server.impl.LogAppender$AppenderDaemon$$Lambda$533/1653271690@39fd6234] ERROR ratis.XceiverServerRatis (XceiverServerRatis.java:triggerPipelineClose(568)) - pipeline Action CLOSE  on pipeline PipelineID=ee193e73-9f12-488c-b78c-4078fee62cc7.Reason : bee99600-be87-4e2f-bca1-493826cfa9f4 has not seen follower/s 6b668dd7-26f3-4a2a-98d6-977366dc8866 for 144789ms e23021be-5025-43ec-901b-8f315bf6442a for 144790ms
2019-09-16 18:51:56,877 [org.apache.ratis.server.impl.LogAppender$AppenderDaemon$$Lambda$533/1653271690@7375d7d4] ERROR ratis.XceiverServerRatis (XceiverServerRatis.java:triggerPipelineClose(568)) - pipeline Action CLOSE  on pipeline PipelineID=ee193e73-9f12-488c-b78c-4078fee62cc7.Reason : bee99600-be87-4e2f-bca1-493826cfa9f4 has not seen follower/s 6b668dd7-26f3-4a2a-98d6-977366dc8866 for 144789ms e23021be-5025-43ec-901b-8f315bf6442a for 144790ms
2019-09-16 18:51:57,370 [EventQueue-PipelineActionsForPipelineActionHandler] ERROR pipeline.PipelineActionHandler (PipelineActionHandler.java:onMessage(60)) - Received pipeline action CLOSE for Pipeline[ Id: ee193e73-9f12-488c-b78c-4078fee62cc7, Nodes: e23021be-5025-43ec-901b-8f315bf6442a{ip: 192.168.34.56, host: pr-hdds-2111-hlhfn-3535364396, networkLocation: /default-rack, certSerialId: null}bee99600-be87-4e2f-bca1-493826cfa9f4{ip: 192.168.34.56, host: pr-hdds-2111-hlhfn-3535364396, networkLocation: /default-rack, certSerialId: null}6b668dd7-26f3-4a2a-98d6-977366dc8866{ip: 192.168.34.56, host: pr-hdds-2111-hlhfn-3535364396, networkLocation: /default-rack, certSerialId: null}, Type:RATIS, Factor:THREE, State:CLOSED] from datanode bee99600-be87-4e2f-bca1-493826cfa9f4{ip: 192.168.34.56, host: pr-hdds-2111-hlhfn-3535364396, networkLocation: /default-rack, certSerialId: null}. Reason : bee99600-be87-4e2f-bca1-493826cfa9f4 has not seen follower/s 6b668dd7-26f3-4a2a-98d6-977366dc8866 for 144789ms e23021be-5025-43ec-901b-8f315bf6442a for 144790ms
2019-09-16 18:51:57,371 [EventQueue-PipelineActionsForPipelineActionHandler] INFO  pipeline.SCMPipelineManager (SCMPipelineManager.java:finalizeAndDestroyPipeline(311)) - destroying pipeline:Pipeline[ Id: ee193e73-9f12-488c-b78c-4078fee62cc7, Nodes: e23021be-5025-43ec-901b-8f315bf6442a{ip: 192.168.34.56, host: pr-hdds-2111-hlhfn-3535364396, networkLocation: /default-rack, certSerialId: null}bee99600-be87-4e2f-bca1-493826cfa9f4{ip: 192.168.34.56, host: pr-hdds-2111-hlhfn-3535364396, networkLocation: /default-rack, certSerialId: null}6b668dd7-26f3-4a2a-98d6-977366dc8866{ip: 192.168.34.56, host: pr-hdds-2111-hlhfn-3535364396, networkLocation: /default-rack, certSerialId: null}, Type:RATIS, Factor:THREE, State:CLOSED]
2019-09-16 18:51:57,375 [java.util.concurrent.ThreadPoolExecutor$Worker@45f38be8[State = -1, empty queue]] WARN  server.GrpcLogAppender (GrpcLogAppender.java:timeoutAppendRequest(200)) - bee99600-be87-4e2f-bca1-493826cfa9f4@group-4078FEE62CC7->6b668dd7-26f3-4a2a-98d6-977366dc8866-GrpcLogAppender: appendEntries Timeout, request=bee99600-be87-4e2f-bca1-493826cfa9f4->6b668dd7-26f3-4a2a-98d6-977366dc8866#151-t1, previous=(t:1, i:22), leaderCommit=15, initializing? false, entries: <empty>
2019-09-16 18:51:57,375 [java.util.concurrent.ThreadPoolExecutor$Worker@3bba45ce[State = -1, empty queue]] WARN  server.GrpcLogAppender (GrpcLogAppender.java:timeoutAppendRequest(200)) - bee99600-be87-4e2f-bca1-493826cfa9f4@group-4078FEE62CC7->e23021be-5025-43ec-901b-8f315bf6442a-GrpcLogAppender: appendEntries Timeout, request=bee99600-be87-4e2f-bca1-493826cfa9f4->e23021be-5025-43ec-901b-8f315bf6442a#151-t1, previous=(t:1, i:22), leaderCommit=15, initializing? false, entries: <empty>
2019-09-16 18:51:58,328 [grpc-default-executor-4] INFO  client.GrpcClientProtocolClient (GrpcClientProtocolClient.java:onNext(264)) - client-A24F84BEFB32->e23021be-5025-43ec-901b-8f315bf6442a: receive RaftClientReply:client-A24F84BEFB32->e23021be-5025-43ec-901b-8f315bf6442a@group-4078FEE62CC7, cid=139, FAILED org.apache.ratis.protocol.NotLeaderException: Server e23021be-5025-43ec-901b-8f315bf6442a@group-4078FEE62CC7 is not the leader bee99600-be87-4e2f-bca1-493826cfa9f4:192.168.34.56:42923, logIndex=0, commits[e23021be-5025-43ec-901b-8f315bf6442a:c15, 6b668dd7-26f3-4a2a-98d6-977366dc8866:c13, bee99600-be87-4e2f-bca1-493826cfa9f4:c15]
2019-09-16 18:51:59,377 [org.apache.ratis.server.impl.LogAppender$AppenderDaemon$$Lambda$533/1653271690@7375d7d4] ERROR ratis.XceiverServerRatis (XceiverServerRatis.java:triggerPipelineClose(568)) - pipeline Action CLOSE  on pipeline PipelineID=ee193e73-9f12-488c-b78c-4078fee62cc7.Reason : bee99600-be87-4e2f-bca1-493826cfa9f4 has not seen follower/s 6b668dd7-26f3-4a2a-98d6-977366dc8866 for 147290ms e23021be-5025-43ec-901b-8f315bf6442a for 147290ms
2019-09-16 18:51:59,377 [org.apache.ratis.server.impl.LogAppender$AppenderDaemon$$Lambda$533/1653271690@39fd6234] ERROR ratis.XceiverServerRatis (XceiverServerRatis.java:triggerPipelineClose(568)) - pipeline Action CLOSE  on pipeline PipelineID=ee193e73-9f12-488c-b78c-4078fee62cc7.Reason : bee99600-be87-4e2f-bca1-493826cfa9f4 has not seen follower/s 6b668dd7-26f3-4a2a-98d6-977366dc8866 for 147290ms e23021be-5025-43ec-901b-8f315bf6442a for 147290ms
2019-09-16 18:51:59,877 [java.util.concurrent.ThreadPoolExecutor$Worker@45f38be8[State = -1, empty queue]] WARN  server.GrpcLogAppender (GrpcLogAppender.java:timeoutAppendRequest(200)) - bee99600-be87-4e2f-bca1-493826cfa9f4@group-4078FEE62CC7->6b668dd7-26f3-4a2a-98d6-977366dc8866-GrpcLogAppender: appendEntries Timeout, request=bee99600-be87-4e2f-bca1-493826cfa9f4->6b668dd7-26f3-4a2a-98d6-977366dc8866#152-t1, previous=(t:1, i:22), leaderCommit=15, initializing? false, entries: <empty>
2019-09-16 18:51:59,877 [java.util.concurrent.ThreadPoolExecutor$Worker@3bba45ce[State = -1, empty queue]] WARN  server.GrpcLogAppender (GrpcLogAppender.java:timeoutAppendRequest(200)) - bee99600-be87-4e2f-bca1-493826cfa9f4@group-4078FEE62CC7->e23021be-5025-43ec-901b-8f315bf6442a-GrpcLogAppender: appendEntries Timeout, request=bee99600-be87-4e2f-bca1-493826cfa9f4->e23021be-5025-43ec-901b-8f315bf6442a#152-t1, previous=(t:1, i:22), leaderCommit=15, initializing? false, entries: <empty>
2019-09-16 18:52:00,371 [EventQueue-PipelineActionsForPipelineActionHandler] ERROR pipeline.PipelineActionHandler (PipelineActionHandler.java:onMessage(60)) - Received pipeline action CLOSE for Pipeline[ Id: ee193e73-9f12-488c-b78c-4078fee62cc7, Nodes: e23021be-5025-43ec-901b-8f315bf6442a{ip: 192.168.34.56, host: pr-hdds-2111-hlhfn-3535364396, networkLocation: /default-rack, certSerialId: null}bee99600-be87-4e2f-bca1-493826cfa9f4{ip: 192.168.34.56, host: pr-hdds-2111-hlhfn-3535364396, networkLocation: /default-rack, certSerialId: null}6b668dd7-26f3-4a2a-98d6-977366dc8866{ip: 192.168.34.56, host: pr-hdds-2111-hlhfn-3535364396, networkLocation: /default-rack, certSerialId: null}, Type:RATIS, Factor:THREE, State:CLOSED] from datanode bee99600-be87-4e2f-bca1-493826cfa9f4{ip: 192.168.34.56, host: pr-hdds-2111-hlhfn-3535364396, networkLocation: /default-rack, certSerialId: null}. Reason : bee99600-be87-4e2f-bca1-493826cfa9f4 has not seen follower/s 6b668dd7-26f3-4a2a-98d6-977366dc8866 for 147290ms e23021be-5025-43ec-901b-8f315bf6442a for 147290ms
2019-09-16 18:52:00,372 [EventQueue-PipelineActionsForPipelineActionHandler] INFO  pipeline.SCMPipelineManager (SCMPipelineManager.java:finalizeAndDestroyPipeline(311)) - destroying pipeline:Pipeline[ Id: ee193e73-9f12-488c-b78c-4078fee62cc7, Nodes: e23021be-5025-43ec-901b-8f315bf6442a{ip: 192.168.34.56, host: pr-hdds-2111-hlhfn-3535364396, networkLocation: /default-rack, certSerialId: null}bee99600-be87-4e2f-bca1-493826cfa9f4{ip: 192.168.34.56, host: pr-hdds-2111-hlhfn-3535364396, networkLocation: /default-rack, certSerialId: null}6b668dd7-26f3-4a2a-98d6-977366dc8866{ip: 192.168.34.56, host: pr-hdds-2111-hlhfn-3535364396, networkLocation: /default-rack, certSerialId: null}, Type:RATIS, Factor:THREE, State:CLOSED]
2019-09-16 18:52:01,878 [org.apache.ratis.server.impl.LogAppender$AppenderDaemon$$Lambda$533/1653271690@7375d7d4] ERROR ratis.XceiverServerRatis (XceiverServerRatis.java:triggerPipelineClose(568)) - pipeline Action CLOSE  on pipeline PipelineID=ee193e73-9f12-488c-b78c-4078fee62cc7.Reason : bee99600-be87-4e2f-bca1-493826cfa9f4 has not seen follower/s 6b668dd7-26f3-4a2a-98d6-977366dc8866 for 149791ms e23021be-5025-43ec-901b-8f315bf6442a for 149791ms
2019-09-16 18:52:01,878 [org.apache.ratis.server.impl.LogAppender$AppenderDaemon$$Lambda$533/1653271690@39fd6234] ERROR ratis.XceiverServerRatis (XceiverServerRatis.java:triggerPipelineClose(568)) - pipeline Action CLOSE  on pipeline PipelineID=ee193e73-9f12-488c-b78c-4078fee62cc7.Reason : bee99600-be87-4e2f-bca1-493826cfa9f4 has not seen follower/s 6b668dd7-26f3-4a2a-98d6-977366dc8866 for 149791ms e23021be-5025-43ec-901b-8f315bf6442a for 149791ms
2019-09-16 18:52:02,231 [6b668dd7-26f3-4a2a-98d6-977366dc8866@group-4078FEE62CC7-SegmentedRaftLogWorker] WARN  segmented.SegmentedRaftLogWorker (SegmentedRaftLogWorker.java:getFromFuture(90)) - Timeout 14/~
org.apache.ratis.protocol.TimeoutIOException: Timeout 10s: WriteLog:16: (t:1, i:16), STATEMACHINELOGENTRY, client-A24F84BEFB32, cid=139-writeStateMachineData
	at org.apache.ratis.util.IOUtils.getFromFuture(IOUtils.java:87)
	at org.apache.ratis.server.raftlog.segmented.SegmentedRaftLogWorker$StateMachineDataPolicy.getFromFuture(SegmentedRaftLogWorker.java:87)
	at org.apache.ratis.server.raftlog.segmented.SegmentedRaftLogWorker$WriteLog.execute(SegmentedRaftLogWorker.java:477)
	at org.apache.ratis.server.raftlog.segmented.SegmentedRaftLogWorker.run(SegmentedRaftLogWorker.java:289)
	at java.lang.Thread.run(Thread.java:748)
Caused by: java.util.concurrent.TimeoutException
	at java.util.concurrent.CompletableFuture.timedGet(CompletableFuture.java:1771)
	at java.util.concurrent.CompletableFuture.get(CompletableFuture.java:1915)
	at org.apache.ratis.util.IOUtils.getFromFuture(IOUtils.java:79)
	... 4 more
2019-09-16 18:52:02,353 [e23021be-5025-43ec-901b-8f315bf6442a@group-4078FEE62CC7-SegmentedRaftLogWorker] WARN  segmented.SegmentedRaftLogWorker (SegmentedRaftLogWorker.java:getFromFuture(90)) - Timeout 14/~
org.apache.ratis.protocol.TimeoutIOException: Timeout 10s: WriteLog:19: (t:1, i:19), STATEMACHINELOGENTRY, client-A24F84BEFB32, cid=142-writeStateMachineData
	at org.apache.ratis.util.IOUtils.getFromFuture(IOUtils.java:87)
	at org.apache.ratis.server.raftlog.segmented.SegmentedRaftLogWorker$StateMachineDataPolicy.getFromFuture(SegmentedRaftLogWorker.java:87)
	at org.apache.ratis.server.raftlog.segmented.SegmentedRaftLogWorker$WriteLog.execute(SegmentedRaftLogWorker.java:477)
	at org.apache.ratis.server.raftlog.segmented.SegmentedRaftLogWorker.run(SegmentedRaftLogWorker.java:289)
	at java.lang.Thread.run(Thread.java:748)
Caused by: java.util.concurrent.TimeoutException
	at java.util.concurrent.CompletableFuture.timedGet(CompletableFuture.java:1771)
	at java.util.concurrent.CompletableFuture.get(CompletableFuture.java:1915)
	at org.apache.ratis.util.IOUtils.getFromFuture(IOUtils.java:79)
	... 4 more
2019-09-16 18:52:02,353 [bee99600-be87-4e2f-bca1-493826cfa9f4@group-4078FEE62CC7-SegmentedRaftLogWorker] WARN  segmented.SegmentedRaftLogWorker (SegmentedRaftLogWorker.java:getFromFuture(90)) - Timeout 14/~
org.apache.ratis.protocol.TimeoutIOException: Timeout 10s: WriteLog:17: (t:1, i:17), STATEMACHINELOGENTRY, client-A24F84BEFB32, cid=140-writeStateMachineData
	at org.apache.ratis.util.IOUtils.getFromFuture(IOUtils.java:87)
	at org.apache.ratis.server.raftlog.segmented.SegmentedRaftLogWorker$StateMachineDataPolicy.getFromFuture(SegmentedRaftLogWorker.java:87)
	at org.apache.ratis.server.raftlog.segmented.SegmentedRaftLogWorker$WriteLog.execute(SegmentedRaftLogWorker.java:477)
	at org.apache.ratis.server.raftlog.segmented.SegmentedRaftLogWorker.run(SegmentedRaftLogWorker.java:289)
	at java.lang.Thread.run(Thread.java:748)
Caused by: java.util.concurrent.TimeoutException
	at java.util.concurrent.CompletableFuture.timedGet(CompletableFuture.java:1771)
	at java.util.concurrent.CompletableFuture.get(CompletableFuture.java:1915)
	at org.apache.ratis.util.IOUtils.getFromFuture(IOUtils.java:79)
	... 4 more
2019-09-16 18:52:02,370 [EventQueue-PipelineActionsForPipelineActionHandler] ERROR pipeline.PipelineActionHandler (PipelineActionHandler.java:onMessage(60)) - Received pipeline action CLOSE for Pipeline[ Id: ee193e73-9f12-488c-b78c-4078fee62cc7, Nodes: e23021be-5025-43ec-901b-8f315bf6442a{ip: 192.168.34.56, host: pr-hdds-2111-hlhfn-3535364396, networkLocation: /default-rack, certSerialId: null}bee99600-be87-4e2f-bca1-493826cfa9f4{ip: 192.168.34.56, host: pr-hdds-2111-hlhfn-3535364396, networkLocation: /default-rack, certSerialId: null}6b668dd7-26f3-4a2a-98d6-977366dc8866{ip: 192.168.34.56, host: pr-hdds-2111-hlhfn-3535364396, networkLocation: /default-rack, certSerialId: null}, Type:RATIS, Factor:THREE, State:CLOSED] from datanode bee99600-be87-4e2f-bca1-493826cfa9f4{ip: 192.168.34.56, host: pr-hdds-2111-hlhfn-3535364396, networkLocation: /default-rack, certSerialId: null}. Reason : bee99600-be87-4e2f-bca1-493826cfa9f4 has not seen follower/s 6b668dd7-26f3-4a2a-98d6-977366dc8866 for 149791ms e23021be-5025-43ec-901b-8f315bf6442a for 149791ms
2019-09-16 18:52:02,371 [EventQueue-PipelineActionsForPipelineActionHandler] INFO  pipeline.SCMPipelineManager (SCMPipelineManager.java:finalizeAndDestroyPipeline(311)) - destroying pipeline:Pipeline[ Id: ee193e73-9f12-488c-b78c-4078fee62cc7, Nodes: e23021be-5025-43ec-901b-8f315bf6442a{ip: 192.168.34.56, host: pr-hdds-2111-hlhfn-3535364396, networkLocation: /default-rack, certSerialId: null}bee99600-be87-4e2f-bca1-493826cfa9f4{ip: 192.168.34.56, host: pr-hdds-2111-hlhfn-3535364396, networkLocation: /default-rack, certSerialId: null}6b668dd7-26f3-4a2a-98d6-977366dc8866{ip: 192.168.34.56, host: pr-hdds-2111-hlhfn-3535364396, networkLocation: /default-rack, certSerialId: null}, Type:RATIS, Factor:THREE, State:CLOSED]
2019-09-16 18:52:02,377 [java.util.concurrent.ThreadPoolExecutor$Worker@45f38be8[State = -1, empty queue]] WARN  server.GrpcLogAppender (GrpcLogAppender.java:timeoutAppendRequest(200)) - bee99600-be87-4e2f-bca1-493826cfa9f4@group-4078FEE62CC7->6b668dd7-26f3-4a2a-98d6-977366dc8866-GrpcLogAppender: appendEntries Timeout, request=bee99600-be87-4e2f-bca1-493826cfa9f4->6b668dd7-26f3-4a2a-98d6-977366dc8866#153-t1, previous=(t:1, i:22), leaderCommit=15, initializing? false, entries: <empty>
2019-09-16 18:52:02,377 [java.util.concurrent.ThreadPoolExecutor$Worker@3bba45ce[State = -1, empty queue]] WARN  server.GrpcLogAppender (GrpcLogAppender.java:timeoutAppendRequest(200)) - bee99600-be87-4e2f-bca1-493826cfa9f4@group-4078FEE62CC7->e23021be-5025-43ec-901b-8f315bf6442a-GrpcLogAppender: appendEntries Timeout, request=bee99600-be87-4e2f-bca1-493826cfa9f4->e23021be-5025-43ec-901b-8f315bf6442a#153-t1, previous=(t:1, i:22), leaderCommit=15, initializing? false, entries: <empty>
2019-09-16 18:52:03,371 [grpc-default-executor-4] INFO  client.GrpcClientProtocolClient (GrpcClientProtocolClient.java:onNext(264)) - client-A24F84BEFB32->6b668dd7-26f3-4a2a-98d6-977366dc8866: receive RaftClientReply:client-A24F84BEFB32->6b668dd7-26f3-4a2a-98d6-977366dc8866@group-4078FEE62CC7, cid=139, FAILED org.apache.ratis.protocol.NotLeaderException: Server 6b668dd7-26f3-4a2a-98d6-977366dc8866@group-4078FEE62CC7 is not the leader bee99600-be87-4e2f-bca1-493826cfa9f4:192.168.34.56:42923, logIndex=0, commits[6b668dd7-26f3-4a2a-98d6-977366dc8866:c15, e23021be-5025-43ec-901b-8f315bf6442a:c13, bee99600-be87-4e2f-bca1-493826cfa9f4:c15]
2019-09-16 18:52:04,379 [org.apache.ratis.server.impl.LogAppender$AppenderDaemon$$Lambda$533/1653271690@7375d7d4] ERROR ratis.XceiverServerRatis (XceiverServerRatis.java:triggerPipelineClose(568)) - pipeline Action CLOSE  on pipeline PipelineID=ee193e73-9f12-488c-b78c-4078fee62cc7.Reason : bee99600-be87-4e2f-bca1-493826cfa9f4 has not seen follower/s 6b668dd7-26f3-4a2a-98d6-977366dc8866 for 152292ms e23021be-5025-43ec-901b-8f315bf6442a for 152292ms
2019-09-16 18:52:04,379 [org.apache.ratis.server.impl.LogAppender$AppenderDaemon$$Lambda$533/1653271690@39fd6234] ERROR ratis.XceiverServerRatis (XceiverServerRatis.java:triggerPipelineClose(568)) - pipeline Action CLOSE  on pipeline PipelineID=ee193e73-9f12-488c-b78c-4078fee62cc7.Reason : bee99600-be87-4e2f-bca1-493826cfa9f4 has not seen follower/s 6b668dd7-26f3-4a2a-98d6-977366dc8866 for 152292ms e23021be-5025-43ec-901b-8f315bf6442a for 152292ms
2019-09-16 18:52:04,878 [java.util.concurrent.ThreadPoolExecutor$Worker@45f38be8[State = -1, empty queue]] WARN  server.GrpcLogAppender (GrpcLogAppender.java:timeoutAppendRequest(200)) - bee99600-be87-4e2f-bca1-493826cfa9f4@group-4078FEE62CC7->6b668dd7-26f3-4a2a-98d6-977366dc8866-GrpcLogAppender: appendEntries Timeout, request=bee99600-be87-4e2f-bca1-493826cfa9f4->6b668dd7-26f3-4a2a-98d6-977366dc8866#154-t1, previous=(t:1, i:22), leaderCommit=15, initializing? false, entries: <empty>
2019-09-16 18:52:04,878 [java.util.concurrent.ThreadPoolExecutor$Worker@3bba45ce[State = -1, empty queue]] WARN  server.GrpcLogAppender (GrpcLogAppender.java:timeoutAppendRequest(200)) - bee99600-be87-4e2f-bca1-493826cfa9f4@group-4078FEE62CC7->e23021be-5025-43ec-901b-8f315bf6442a-GrpcLogAppender: appendEntries Timeout, request=bee99600-be87-4e2f-bca1-493826cfa9f4->e23021be-5025-43ec-901b-8f315bf6442a#154-t1, previous=(t:1, i:22), leaderCommit=15, initializing? false, entries: <empty>
2019-09-16 18:52:05,372 [EventQueue-PipelineActionsForPipelineActionHandler] ERROR pipeline.PipelineActionHandler (PipelineActionHandler.java:onMessage(60)) - Received pipeline action CLOSE for Pipeline[ Id: ee193e73-9f12-488c-b78c-4078fee62cc7, Nodes: e23021be-5025-43ec-901b-8f315bf6442a{ip: 192.168.34.56, host: pr-hdds-2111-hlhfn-3535364396, networkLocation: /default-rack, certSerialId: null}bee99600-be87-4e2f-bca1-493826cfa9f4{ip: 192.168.34.56, host: pr-hdds-2111-hlhfn-3535364396, networkLocation: /default-rack, certSerialId: null}6b668dd7-26f3-4a2a-98d6-977366dc8866{ip: 192.168.34.56, host: pr-hdds-2111-hlhfn-3535364396, networkLocation: /default-rack, certSerialId: null}, Type:RATIS, Factor:THREE, State:CLOSED] from datanode bee99600-be87-4e2f-bca1-493826cfa9f4{ip: 192.168.34.56, host: pr-hdds-2111-hlhfn-3535364396, networkLocation: /default-rack, certSerialId: null}. Reason : bee99600-be87-4e2f-bca1-493826cfa9f4 has not seen follower/s 6b668dd7-26f3-4a2a-98d6-977366dc8866 for 152292ms e23021be-5025-43ec-901b-8f315bf6442a for 152292ms
2019-09-16 18:52:05,372 [EventQueue-PipelineActionsForPipelineActionHandler] INFO  pipeline.SCMPipelineManager (SCMPipelineManager.java:finalizeAndDestroyPipeline(311)) - destroying pipeline:Pipeline[ Id: ee193e73-9f12-488c-b78c-4078fee62cc7, Nodes: e23021be-5025-43ec-901b-8f315bf6442a{ip: 192.168.34.56, host: pr-hdds-2111-hlhfn-3535364396, networkLocation: /default-rack, certSerialId: null}bee99600-be87-4e2f-bca1-493826cfa9f4{ip: 192.168.34.56, host: pr-hdds-2111-hlhfn-3535364396, networkLocation: /default-rack, certSerialId: null}6b668dd7-26f3-4a2a-98d6-977366dc8866{ip: 192.168.34.56, host: pr-hdds-2111-hlhfn-3535364396, networkLocation: /default-rack, certSerialId: null}, Type:RATIS, Factor:THREE, State:CLOSED]
2019-09-16 18:52:06,880 [org.apache.ratis.server.impl.LogAppender$AppenderDaemon$$Lambda$533/1653271690@39fd6234] ERROR ratis.XceiverServerRatis (XceiverServerRatis.java:triggerPipelineClose(568)) - pipeline Action CLOSE  on pipeline PipelineID=ee193e73-9f12-488c-b78c-4078fee62cc7.Reason : bee99600-be87-4e2f-bca1-493826cfa9f4 has not seen follower/s 6b668dd7-26f3-4a2a-98d6-977366dc8866 for 154793ms e23021be-5025-43ec-901b-8f315bf6442a for 154793ms
2019-09-16 18:52:06,880 [org.apache.ratis.server.impl.LogAppender$AppenderDaemon$$Lambda$533/1653271690@7375d7d4] ERROR ratis.XceiverServerRatis (XceiverServerRatis.java:triggerPipelineClose(568)) - pipeline Action CLOSE  on pipeline PipelineID=ee193e73-9f12-488c-b78c-4078fee62cc7.Reason : bee99600-be87-4e2f-bca1-493826cfa9f4 has not seen follower/s 6b668dd7-26f3-4a2a-98d6-977366dc8866 for 154793ms e23021be-5025-43ec-901b-8f315bf6442a for 154793ms
2019-09-16 18:52:07,373 [EventQueue-PipelineActionsForPipelineActionHandler] ERROR pipeline.PipelineActionHandler (PipelineActionHandler.java:onMessage(60)) - Received pipeline action CLOSE for Pipeline[ Id: ee193e73-9f12-488c-b78c-4078fee62cc7, Nodes: e23021be-5025-43ec-901b-8f315bf6442a{ip: 192.168.34.56, host: pr-hdds-2111-hlhfn-3535364396, networkLocation: /default-rack, certSerialId: null}bee99600-be87-4e2f-bca1-493826cfa9f4{ip: 192.168.34.56, host: pr-hdds-2111-hlhfn-3535364396, networkLocation: /default-rack, certSerialId: null}6b668dd7-26f3-4a2a-98d6-977366dc8866{ip: 192.168.34.56, host: pr-hdds-2111-hlhfn-3535364396, networkLocation: /default-rack, certSerialId: null}, Type:RATIS, Factor:THREE, State:CLOSED] from datanode bee99600-be87-4e2f-bca1-493826cfa9f4{ip: 192.168.34.56, host: pr-hdds-2111-hlhfn-3535364396, networkLocation: /default-rack, certSerialId: null}. Reason : bee99600-be87-4e2f-bca1-493826cfa9f4 has not seen follower/s 6b668dd7-26f3-4a2a-98d6-977366dc8866 for 154793ms e23021be-5025-43ec-901b-8f315bf6442a for 154793ms
2019-09-16 18:52:07,374 [EventQueue-PipelineActionsForPipelineActionHandler] INFO  pipeline.SCMPipelineManager (SCMPipelineManager.java:finalizeAndDestroyPipeline(311)) - destroying pipeline:Pipeline[ Id: ee193e73-9f12-488c-b78c-4078fee62cc7, Nodes: e23021be-5025-43ec-901b-8f315bf6442a{ip: 192.168.34.56, host: pr-hdds-2111-hlhfn-3535364396, networkLocation: /default-rack, certSerialId: null}bee99600-be87-4e2f-bca1-493826cfa9f4{ip: 192.168.34.56, host: pr-hdds-2111-hlhfn-3535364396, networkLocation: /default-rack, certSerialId: null}6b668dd7-26f3-4a2a-98d6-977366dc8866{ip: 192.168.34.56, host: pr-hdds-2111-hlhfn-3535364396, networkLocation: /default-rack, certSerialId: null}, Type:RATIS, Factor:THREE, State:CLOSED]
2019-09-16 18:52:07,379 [java.util.concurrent.ThreadPoolExecutor$Worker@3bba45ce[State = -1, empty queue]] WARN  server.GrpcLogAppender (GrpcLogAppender.java:timeoutAppendRequest(200)) - bee99600-be87-4e2f-bca1-493826cfa9f4@group-4078FEE62CC7->e23021be-5025-43ec-901b-8f315bf6442a-GrpcLogAppender: appendEntries Timeout, request=bee99600-be87-4e2f-bca1-493826cfa9f4->e23021be-5025-43ec-901b-8f315bf6442a#155-t1, previous=(t:1, i:22), leaderCommit=15, initializing? false, entries: <empty>
2019-09-16 18:52:07,379 [java.util.concurrent.ThreadPoolExecutor$Worker@45f38be8[State = -1, empty queue]] WARN  server.GrpcLogAppender (GrpcLogAppender.java:timeoutAppendRequest(200)) - bee99600-be87-4e2f-bca1-493826cfa9f4@group-4078FEE62CC7->6b668dd7-26f3-4a2a-98d6-977366dc8866-GrpcLogAppender: appendEntries Timeout, request=bee99600-be87-4e2f-bca1-493826cfa9f4->6b668dd7-26f3-4a2a-98d6-977366dc8866#155-t1, previous=(t:1, i:22), leaderCommit=15, initializing? false, entries: <empty>
2019-09-16 18:52:08,419 [grpc-default-executor-4] INFO  client.GrpcClientProtocolClient (GrpcClientProtocolClient.java:onNext(264)) - client-A24F84BEFB32->e23021be-5025-43ec-901b-8f315bf6442a: receive RaftClientReply:client-A24F84BEFB32->e23021be-5025-43ec-901b-8f315bf6442a@group-4078FEE62CC7, cid=139, FAILED org.apache.ratis.protocol.NotLeaderException: Server e23021be-5025-43ec-901b-8f315bf6442a@group-4078FEE62CC7 is not the leader bee99600-be87-4e2f-bca1-493826cfa9f4:192.168.34.56:42923, logIndex=0, commits[e23021be-5025-43ec-901b-8f315bf6442a:c15, 6b668dd7-26f3-4a2a-98d6-977366dc8866:c13, bee99600-be87-4e2f-bca1-493826cfa9f4:c15]
2019-09-16 18:52:09,380 [org.apache.ratis.server.impl.LogAppender$AppenderDaemon$$Lambda$533/1653271690@7375d7d4] ERROR ratis.XceiverServerRatis (XceiverServerRatis.java:triggerPipelineClose(568)) - pipeline Action CLOSE  on pipeline PipelineID=ee193e73-9f12-488c-b78c-4078fee62cc7.Reason : bee99600-be87-4e2f-bca1-493826cfa9f4 has not seen follower/s 6b668dd7-26f3-4a2a-98d6-977366dc8866 for 157293ms e23021be-5025-43ec-901b-8f315bf6442a for 157293ms
2019-09-16 18:52:09,381 [org.apache.ratis.server.impl.LogAppender$AppenderDaemon$$Lambda$533/1653271690@39fd6234] ERROR ratis.XceiverServerRatis (XceiverServerRatis.java:triggerPipelineClose(568)) - pipeline Action CLOSE  on pipeline PipelineID=ee193e73-9f12-488c-b78c-4078fee62cc7.Reason : bee99600-be87-4e2f-bca1-493826cfa9f4 has not seen follower/s 6b668dd7-26f3-4a2a-98d6-977366dc8866 for 157294ms e23021be-5025-43ec-901b-8f315bf6442a for 157294ms
2019-09-16 18:52:09,880 [java.util.concurrent.ThreadPoolExecutor$Worker@3bba45ce[State = -1, empty queue]] WARN  server.GrpcLogAppender (GrpcLogAppender.java:timeoutAppendRequest(200)) - bee99600-be87-4e2f-bca1-493826cfa9f4@group-4078FEE62CC7->e23021be-5025-43ec-901b-8f315bf6442a-GrpcLogAppender: appendEntries Timeout, request=bee99600-be87-4e2f-bca1-493826cfa9f4->e23021be-5025-43ec-901b-8f315bf6442a#156-t1, previous=(t:1, i:22), leaderCommit=15, initializing? false, entries: <empty>
2019-09-16 18:52:09,880 [java.util.concurrent.ThreadPoolExecutor$Worker@45f38be8[State = -1, empty queue]] WARN  server.GrpcLogAppender (GrpcLogAppender.java:timeoutAppendRequest(200)) - bee99600-be87-4e2f-bca1-493826cfa9f4@group-4078FEE62CC7->6b668dd7-26f3-4a2a-98d6-977366dc8866-GrpcLogAppender: appendEntries Timeout, request=bee99600-be87-4e2f-bca1-493826cfa9f4->6b668dd7-26f3-4a2a-98d6-977366dc8866#156-t1, previous=(t:1, i:22), leaderCommit=15, initializing? false, entries: <empty>
2019-09-16 18:52:10,373 [EventQueue-PipelineActionsForPipelineActionHandler] ERROR pipeline.PipelineActionHandler (PipelineActionHandler.java:onMessage(60)) - Received pipeline action CLOSE for Pipeline[ Id: ee193e73-9f12-488c-b78c-4078fee62cc7, Nodes: e23021be-5025-43ec-901b-8f315bf6442a{ip: 192.168.34.56, host: pr-hdds-2111-hlhfn-3535364396, networkLocation: /default-rack, certSerialId: null}bee99600-be87-4e2f-bca1-493826cfa9f4{ip: 192.168.34.56, host: pr-hdds-2111-hlhfn-3535364396, networkLocation: /default-rack, certSerialId: null}6b668dd7-26f3-4a2a-98d6-977366dc8866{ip: 192.168.34.56, host: pr-hdds-2111-hlhfn-3535364396, networkLocation: /default-rack, certSerialId: null}, Type:RATIS, Factor:THREE, State:CLOSED] from datanode bee99600-be87-4e2f-bca1-493826cfa9f4{ip: 192.168.34.56, host: pr-hdds-2111-hlhfn-3535364396, networkLocation: /default-rack, certSerialId: null}. Reason : bee99600-be87-4e2f-bca1-493826cfa9f4 has not seen follower/s 6b668dd7-26f3-4a2a-98d6-977366dc8866 for 157293ms e23021be-5025-43ec-901b-8f315bf6442a for 157293ms
2019-09-16 18:52:10,373 [EventQueue-PipelineActionsForPipelineActionHandler] INFO  pipeline.SCMPipelineManager (SCMPipelineManager.java:finalizeAndDestroyPipeline(311)) - destroying pipeline:Pipeline[ Id: ee193e73-9f12-488c-b78c-4078fee62cc7, Nodes: e23021be-5025-43ec-901b-8f315bf6442a{ip: 192.168.34.56, host: pr-hdds-2111-hlhfn-3535364396, networkLocation: /default-rack, certSerialId: null}bee99600-be87-4e2f-bca1-493826cfa9f4{ip: 192.168.34.56, host: pr-hdds-2111-hlhfn-3535364396, networkLocation: /default-rack, certSerialId: null}6b668dd7-26f3-4a2a-98d6-977366dc8866{ip: 192.168.34.56, host: pr-hdds-2111-hlhfn-3535364396, networkLocation: /default-rack, certSerialId: null}, Type:RATIS, Factor:THREE, State:CLOSED]
2019-09-16 18:52:11,882 [org.apache.ratis.server.impl.LogAppender$AppenderDaemon$$Lambda$533/1653271690@7375d7d4] ERROR ratis.XceiverServerRatis (XceiverServerRatis.java:triggerPipelineClose(568)) - pipeline Action CLOSE  on pipeline PipelineID=ee193e73-9f12-488c-b78c-4078fee62cc7.Reason : bee99600-be87-4e2f-bca1-493826cfa9f4 has not seen follower/s 6b668dd7-26f3-4a2a-98d6-977366dc8866 for 159794ms e23021be-5025-43ec-901b-8f315bf6442a for 159794ms
2019-09-16 18:52:11,882 [org.apache.ratis.server.impl.LogAppender$AppenderDaemon$$Lambda$533/1653271690@39fd6234] ERROR ratis.XceiverServerRatis (XceiverServerRatis.java:triggerPipelineClose(568)) - pipeline Action CLOSE  on pipeline PipelineID=ee193e73-9f12-488c-b78c-4078fee62cc7.Reason : bee99600-be87-4e2f-bca1-493826cfa9f4 has not seen follower/s 6b668dd7-26f3-4a2a-98d6-977366dc8866 for 159794ms e23021be-5025-43ec-901b-8f315bf6442a for 159795ms
2019-09-16 18:52:12,233 [6b668dd7-26f3-4a2a-98d6-977366dc8866@group-4078FEE62CC7-SegmentedRaftLogWorker] WARN  segmented.SegmentedRaftLogWorker (SegmentedRaftLogWorker.java:getFromFuture(90)) - Timeout 15/~
org.apache.ratis.protocol.TimeoutIOException: Timeout 10s: WriteLog:16: (t:1, i:16), STATEMACHINELOGENTRY, client-A24F84BEFB32, cid=139-writeStateMachineData
	at org.apache.ratis.util.IOUtils.getFromFuture(IOUtils.java:87)
	at org.apache.ratis.server.raftlog.segmented.SegmentedRaftLogWorker$StateMachineDataPolicy.getFromFuture(SegmentedRaftLogWorker.java:87)
	at org.apache.ratis.server.raftlog.segmented.SegmentedRaftLogWorker$WriteLog.execute(SegmentedRaftLogWorker.java:477)
	at org.apache.ratis.server.raftlog.segmented.SegmentedRaftLogWorker.run(SegmentedRaftLogWorker.java:289)
	at java.lang.Thread.run(Thread.java:748)
Caused by: java.util.concurrent.TimeoutException
	at java.util.concurrent.CompletableFuture.timedGet(CompletableFuture.java:1771)
	at java.util.concurrent.CompletableFuture.get(CompletableFuture.java:1915)
	at org.apache.ratis.util.IOUtils.getFromFuture(IOUtils.java:79)
	... 4 more
2019-09-16 18:52:12,355 [e23021be-5025-43ec-901b-8f315bf6442a@group-4078FEE62CC7-SegmentedRaftLogWorker] WARN  segmented.SegmentedRaftLogWorker (SegmentedRaftLogWorker.java:getFromFuture(90)) - Timeout 15/~
org.apache.ratis.protocol.TimeoutIOException: Timeout 10s: WriteLog:19: (t:1, i:19), STATEMACHINELOGENTRY, client-A24F84BEFB32, cid=142-writeStateMachineData
	at org.apache.ratis.util.IOUtils.getFromFuture(IOUtils.java:87)
	at org.apache.ratis.server.raftlog.segmented.SegmentedRaftLogWorker$StateMachineDataPolicy.getFromFuture(SegmentedRaftLogWorker.java:87)
	at org.apache.ratis.server.raftlog.segmented.SegmentedRaftLogWorker$WriteLog.execute(SegmentedRaftLogWorker.java:477)
	at org.apache.ratis.server.raftlog.segmented.SegmentedRaftLogWorker.run(SegmentedRaftLogWorker.java:289)
	at java.lang.Thread.run(Thread.java:748)
Caused by: java.util.concurrent.TimeoutException
	at java.util.concurrent.CompletableFuture.timedGet(CompletableFuture.java:1771)
	at java.util.concurrent.CompletableFuture.get(CompletableFuture.java:1915)
	at org.apache.ratis.util.IOUtils.getFromFuture(IOUtils.java:79)
	... 4 more
2019-09-16 18:52:12,372 [bee99600-be87-4e2f-bca1-493826cfa9f4@group-4078FEE62CC7-SegmentedRaftLogWorker] WARN  segmented.SegmentedRaftLogWorker (SegmentedRaftLogWorker.java:getFromFuture(90)) - Timeout 15/~
org.apache.ratis.protocol.TimeoutIOException: Timeout 10s: WriteLog:17: (t:1, i:17), STATEMACHINELOGENTRY, client-A24F84BEFB32, cid=140-writeStateMachineData
	at org.apache.ratis.util.IOUtils.getFromFuture(IOUtils.java:87)
	at org.apache.ratis.server.raftlog.segmented.SegmentedRaftLogWorker$StateMachineDataPolicy.getFromFuture(SegmentedRaftLogWorker.java:87)
	at org.apache.ratis.server.raftlog.segmented.SegmentedRaftLogWorker$WriteLog.execute(SegmentedRaftLogWorker.java:477)
	at org.apache.ratis.server.raftlog.segmented.SegmentedRaftLogWorker.run(SegmentedRaftLogWorker.java:289)
	at java.lang.Thread.run(Thread.java:748)
Caused by: java.util.concurrent.TimeoutException
	at java.util.concurrent.CompletableFuture.timedGet(CompletableFuture.java:1771)
	at java.util.concurrent.CompletableFuture.get(CompletableFuture.java:1915)
	at org.apache.ratis.util.IOUtils.getFromFuture(IOUtils.java:79)
	... 4 more
2019-09-16 18:52:12,373 [EventQueue-PipelineActionsForPipelineActionHandler] ERROR pipeline.PipelineActionHandler (PipelineActionHandler.java:onMessage(60)) - Received pipeline action CLOSE for Pipeline[ Id: ee193e73-9f12-488c-b78c-4078fee62cc7, Nodes: e23021be-5025-43ec-901b-8f315bf6442a{ip: 192.168.34.56, host: pr-hdds-2111-hlhfn-3535364396, networkLocation: /default-rack, certSerialId: null}bee99600-be87-4e2f-bca1-493826cfa9f4{ip: 192.168.34.56, host: pr-hdds-2111-hlhfn-3535364396, networkLocation: /default-rack, certSerialId: null}6b668dd7-26f3-4a2a-98d6-977366dc8866{ip: 192.168.34.56, host: pr-hdds-2111-hlhfn-3535364396, networkLocation: /default-rack, certSerialId: null}, Type:RATIS, Factor:THREE, State:CLOSED] from datanode bee99600-be87-4e2f-bca1-493826cfa9f4{ip: 192.168.34.56, host: pr-hdds-2111-hlhfn-3535364396, networkLocation: /default-rack, certSerialId: null}. Reason : bee99600-be87-4e2f-bca1-493826cfa9f4 has not seen follower/s 6b668dd7-26f3-4a2a-98d6-977366dc8866 for 159794ms e23021be-5025-43ec-901b-8f315bf6442a for 159795ms
2019-09-16 18:52:12,373 [EventQueue-PipelineActionsForPipelineActionHandler] INFO  pipeline.SCMPipelineManager (SCMPipelineManager.java:finalizeAndDestroyPipeline(311)) - destroying pipeline:Pipeline[ Id: ee193e73-9f12-488c-b78c-4078fee62cc7, Nodes: e23021be-5025-43ec-901b-8f315bf6442a{ip: 192.168.34.56, host: pr-hdds-2111-hlhfn-3535364396, networkLocation: /default-rack, certSerialId: null}bee99600-be87-4e2f-bca1-493826cfa9f4{ip: 192.168.34.56, host: pr-hdds-2111-hlhfn-3535364396, networkLocation: /default-rack, certSerialId: null}6b668dd7-26f3-4a2a-98d6-977366dc8866{ip: 192.168.34.56, host: pr-hdds-2111-hlhfn-3535364396, networkLocation: /default-rack, certSerialId: null}, Type:RATIS, Factor:THREE, State:CLOSED]
2019-09-16 18:52:12,380 [java.util.concurrent.ThreadPoolExecutor$Worker@3bba45ce[State = -1, empty queue]] WARN  server.GrpcLogAppender (GrpcLogAppender.java:timeoutAppendRequest(200)) - bee99600-be87-4e2f-bca1-493826cfa9f4@group-4078FEE62CC7->e23021be-5025-43ec-901b-8f315bf6442a-GrpcLogAppender: appendEntries Timeout, request=bee99600-be87-4e2f-bca1-493826cfa9f4->e23021be-5025-43ec-901b-8f315bf6442a#157-t1, previous=(t:1, i:22), leaderCommit=15, initializing? false, entries: <empty>
2019-09-16 18:52:12,381 [java.util.concurrent.ThreadPoolExecutor$Worker@45f38be8[State = -1, empty queue]] WARN  server.GrpcLogAppender (GrpcLogAppender.java:timeoutAppendRequest(200)) - bee99600-be87-4e2f-bca1-493826cfa9f4@group-4078FEE62CC7->6b668dd7-26f3-4a2a-98d6-977366dc8866-GrpcLogAppender: appendEntries Timeout, request=bee99600-be87-4e2f-bca1-493826cfa9f4->6b668dd7-26f3-4a2a-98d6-977366dc8866#157-t1, previous=(t:1, i:22), leaderCommit=15, initializing? false, entries: <empty>
2019-09-16 18:52:13,453 [grpc-default-executor-4] INFO  client.GrpcClientProtocolClient (GrpcClientProtocolClient.java:onNext(264)) - client-A24F84BEFB32->e23021be-5025-43ec-901b-8f315bf6442a: receive RaftClientReply:client-A24F84BEFB32->e23021be-5025-43ec-901b-8f315bf6442a@group-4078FEE62CC7, cid=139, FAILED org.apache.ratis.protocol.NotLeaderException: Server e23021be-5025-43ec-901b-8f315bf6442a@group-4078FEE62CC7 is not the leader bee99600-be87-4e2f-bca1-493826cfa9f4:192.168.34.56:42923, logIndex=0, commits[e23021be-5025-43ec-901b-8f315bf6442a:c15, 6b668dd7-26f3-4a2a-98d6-977366dc8866:c13, bee99600-be87-4e2f-bca1-493826cfa9f4:c15]
2019-09-16 18:52:14,382 [org.apache.ratis.server.impl.LogAppender$AppenderDaemon$$Lambda$533/1653271690@7375d7d4] ERROR ratis.XceiverServerRatis (XceiverServerRatis.java:triggerPipelineClose(568)) - pipeline Action CLOSE  on pipeline PipelineID=ee193e73-9f12-488c-b78c-4078fee62cc7.Reason : bee99600-be87-4e2f-bca1-493826cfa9f4 has not seen follower/s 6b668dd7-26f3-4a2a-98d6-977366dc8866 for 162295ms e23021be-5025-43ec-901b-8f315bf6442a for 162295ms
2019-09-16 18:52:14,382 [org.apache.ratis.server.impl.LogAppender$AppenderDaemon$$Lambda$533/1653271690@39fd6234] ERROR ratis.XceiverServerRatis (XceiverServerRatis.java:triggerPipelineClose(568)) - pipeline Action CLOSE  on pipeline PipelineID=ee193e73-9f12-488c-b78c-4078fee62cc7.Reason : bee99600-be87-4e2f-bca1-493826cfa9f4 has not seen follower/s 6b668dd7-26f3-4a2a-98d6-977366dc8866 for 162295ms e23021be-5025-43ec-901b-8f315bf6442a for 162295ms
2019-09-16 18:52:14,881 [java.util.concurrent.ThreadPoolExecutor$Worker@3bba45ce[State = -1, empty queue]] WARN  server.GrpcLogAppender (GrpcLogAppender.java:timeoutAppendRequest(200)) - bee99600-be87-4e2f-bca1-493826cfa9f4@group-4078FEE62CC7->e23021be-5025-43ec-901b-8f315bf6442a-GrpcLogAppender: appendEntries Timeout, request=bee99600-be87-4e2f-bca1-493826cfa9f4->e23021be-5025-43ec-901b-8f315bf6442a#158-t1, previous=(t:1, i:22), leaderCommit=15, initializing? false, entries: <empty>
2019-09-16 18:52:14,881 [java.util.concurrent.ThreadPoolExecutor$Worker@45f38be8[State = -1, empty queue]] WARN  server.GrpcLogAppender (GrpcLogAppender.java:timeoutAppendRequest(200)) - bee99600-be87-4e2f-bca1-493826cfa9f4@group-4078FEE62CC7->6b668dd7-26f3-4a2a-98d6-977366dc8866-GrpcLogAppender: appendEntries Timeout, request=bee99600-be87-4e2f-bca1-493826cfa9f4->6b668dd7-26f3-4a2a-98d6-977366dc8866#158-t1, previous=(t:1, i:22), leaderCommit=15, initializing? false, entries: <empty>
2019-09-16 18:52:15,374 [EventQueue-PipelineActionsForPipelineActionHandler] ERROR pipeline.PipelineActionHandler (PipelineActionHandler.java:onMessage(60)) - Received pipeline action CLOSE for Pipeline[ Id: ee193e73-9f12-488c-b78c-4078fee62cc7, Nodes: e23021be-5025-43ec-901b-8f315bf6442a{ip: 192.168.34.56, host: pr-hdds-2111-hlhfn-3535364396, networkLocation: /default-rack, certSerialId: null}bee99600-be87-4e2f-bca1-493826cfa9f4{ip: 192.168.34.56, host: pr-hdds-2111-hlhfn-3535364396, networkLocation: /default-rack, certSerialId: null}6b668dd7-26f3-4a2a-98d6-977366dc8866{ip: 192.168.34.56, host: pr-hdds-2111-hlhfn-3535364396, networkLocation: /default-rack, certSerialId: null}, Type:RATIS, Factor:THREE, State:CLOSED] from datanode bee99600-be87-4e2f-bca1-493826cfa9f4{ip: 192.168.34.56, host: pr-hdds-2111-hlhfn-3535364396, networkLocation: /default-rack, certSerialId: null}. Reason : bee99600-be87-4e2f-bca1-493826cfa9f4 has not seen follower/s 6b668dd7-26f3-4a2a-98d6-977366dc8866 for 162295ms e23021be-5025-43ec-901b-8f315bf6442a for 162295ms
2019-09-16 18:52:15,374 [EventQueue-PipelineActionsForPipelineActionHandler] INFO  pipeline.SCMPipelineManager (SCMPipelineManager.java:finalizeAndDestroyPipeline(311)) - destroying pipeline:Pipeline[ Id: ee193e73-9f12-488c-b78c-4078fee62cc7, Nodes: e23021be-5025-43ec-901b-8f315bf6442a{ip: 192.168.34.56, host: pr-hdds-2111-hlhfn-3535364396, networkLocation: /default-rack, certSerialId: null}bee99600-be87-4e2f-bca1-493826cfa9f4{ip: 192.168.34.56, host: pr-hdds-2111-hlhfn-3535364396, networkLocation: /default-rack, certSerialId: null}6b668dd7-26f3-4a2a-98d6-977366dc8866{ip: 192.168.34.56, host: pr-hdds-2111-hlhfn-3535364396, networkLocation: /default-rack, certSerialId: null}, Type:RATIS, Factor:THREE, State:CLOSED]
2019-09-16 18:52:16,883 [org.apache.ratis.server.impl.LogAppender$AppenderDaemon$$Lambda$533/1653271690@39fd6234] ERROR ratis.XceiverServerRatis (XceiverServerRatis.java:triggerPipelineClose(568)) - pipeline Action CLOSE  on pipeline PipelineID=ee193e73-9f12-488c-b78c-4078fee62cc7.Reason : bee99600-be87-4e2f-bca1-493826cfa9f4 has not seen follower/s 6b668dd7-26f3-4a2a-98d6-977366dc8866 for 164796ms e23021be-5025-43ec-901b-8f315bf6442a for 164796ms
2019-09-16 18:52:16,883 [org.apache.ratis.server.impl.LogAppender$AppenderDaemon$$Lambda$533/1653271690@7375d7d4] ERROR ratis.XceiverServerRatis (XceiverServerRatis.java:triggerPipelineClose(568)) - pipeline Action CLOSE  on pipeline PipelineID=ee193e73-9f12-488c-b78c-4078fee62cc7.Reason : bee99600-be87-4e2f-bca1-493826cfa9f4 has not seen follower/s 6b668dd7-26f3-4a2a-98d6-977366dc8866 for 164796ms e23021be-5025-43ec-901b-8f315bf6442a for 164796ms
2019-09-16 18:52:17,375 [EventQueue-PipelineActionsForPipelineActionHandler] ERROR pipeline.PipelineActionHandler (PipelineActionHandler.java:onMessage(60)) - Received pipeline action CLOSE for Pipeline[ Id: ee193e73-9f12-488c-b78c-4078fee62cc7, Nodes: e23021be-5025-43ec-901b-8f315bf6442a{ip: 192.168.34.56, host: pr-hdds-2111-hlhfn-3535364396, networkLocation: /default-rack, certSerialId: null}bee99600-be87-4e2f-bca1-493826cfa9f4{ip: 192.168.34.56, host: pr-hdds-2111-hlhfn-3535364396, networkLocation: /default-rack, certSerialId: null}6b668dd7-26f3-4a2a-98d6-977366dc8866{ip: 192.168.34.56, host: pr-hdds-2111-hlhfn-3535364396, networkLocation: /default-rack, certSerialId: null}, Type:RATIS, Factor:THREE, State:CLOSED] from datanode bee99600-be87-4e2f-bca1-493826cfa9f4{ip: 192.168.34.56, host: pr-hdds-2111-hlhfn-3535364396, networkLocation: /default-rack, certSerialId: null}. Reason : bee99600-be87-4e2f-bca1-493826cfa9f4 has not seen follower/s 6b668dd7-26f3-4a2a-98d6-977366dc8866 for 164796ms e23021be-5025-43ec-901b-8f315bf6442a for 164796ms
2019-09-16 18:52:17,375 [EventQueue-PipelineActionsForPipelineActionHandler] INFO  pipeline.SCMPipelineManager (SCMPipelineManager.java:finalizeAndDestroyPipeline(311)) - destroying pipeline:Pipeline[ Id: ee193e73-9f12-488c-b78c-4078fee62cc7, Nodes: e23021be-5025-43ec-901b-8f315bf6442a{ip: 192.168.34.56, host: pr-hdds-2111-hlhfn-3535364396, networkLocation: /default-rack, certSerialId: null}bee99600-be87-4e2f-bca1-493826cfa9f4{ip: 192.168.34.56, host: pr-hdds-2111-hlhfn-3535364396, networkLocation: /default-rack, certSerialId: null}6b668dd7-26f3-4a2a-98d6-977366dc8866{ip: 192.168.34.56, host: pr-hdds-2111-hlhfn-3535364396, networkLocation: /default-rack, certSerialId: null}, Type:RATIS, Factor:THREE, State:CLOSED]
2019-09-16 18:52:17,382 [java.util.concurrent.ThreadPoolExecutor$Worker@3bba45ce[State = -1, empty queue]] WARN  server.GrpcLogAppender (GrpcLogAppender.java:timeoutAppendRequest(200)) - bee99600-be87-4e2f-bca1-493826cfa9f4@group-4078FEE62CC7->e23021be-5025-43ec-901b-8f315bf6442a-GrpcLogAppender: appendEntries Timeout, request=bee99600-be87-4e2f-bca1-493826cfa9f4->e23021be-5025-43ec-901b-8f315bf6442a#159-t1, previous=(t:1, i:22), leaderCommit=15, initializing? false, entries: <empty>
2019-09-16 18:52:17,382 [java.util.concurrent.ThreadPoolExecutor$Worker@45f38be8[State = -1, empty queue]] WARN  server.GrpcLogAppender (GrpcLogAppender.java:timeoutAppendRequest(200)) - bee99600-be87-4e2f-bca1-493826cfa9f4@group-4078FEE62CC7->6b668dd7-26f3-4a2a-98d6-977366dc8866-GrpcLogAppender: appendEntries Timeout, request=bee99600-be87-4e2f-bca1-493826cfa9f4->6b668dd7-26f3-4a2a-98d6-977366dc8866#159-t1, previous=(t:1, i:22), leaderCommit=15, initializing? false, entries: <empty>
2019-09-16 18:52:18,487 [grpc-default-executor-8] INFO  client.GrpcClientProtocolClient (GrpcClientProtocolClient.java:onNext(264)) - client-A24F84BEFB32->e23021be-5025-43ec-901b-8f315bf6442a: receive RaftClientReply:client-A24F84BEFB32->e23021be-5025-43ec-901b-8f315bf6442a@group-4078FEE62CC7, cid=139, FAILED org.apache.ratis.protocol.NotLeaderException: Server e23021be-5025-43ec-901b-8f315bf6442a@group-4078FEE62CC7 is not the leader bee99600-be87-4e2f-bca1-493826cfa9f4:192.168.34.56:42923, logIndex=0, commits[e23021be-5025-43ec-901b-8f315bf6442a:c15, 6b668dd7-26f3-4a2a-98d6-977366dc8866:c13, bee99600-be87-4e2f-bca1-493826cfa9f4:c15]
2019-09-16 18:52:19,383 [org.apache.ratis.server.impl.LogAppender$AppenderDaemon$$Lambda$533/1653271690@39fd6234] ERROR ratis.XceiverServerRatis (XceiverServerRatis.java:triggerPipelineClose(568)) - pipeline Action CLOSE  on pipeline PipelineID=ee193e73-9f12-488c-b78c-4078fee62cc7.Reason : bee99600-be87-4e2f-bca1-493826cfa9f4 has not seen follower/s 6b668dd7-26f3-4a2a-98d6-977366dc8866 for 167296ms e23021be-5025-43ec-901b-8f315bf6442a for 167297ms
2019-09-16 18:52:19,383 [org.apache.ratis.server.impl.LogAppender$AppenderDaemon$$Lambda$533/1653271690@7375d7d4] ERROR ratis.XceiverServerRatis (XceiverServerRatis.java:triggerPipelineClose(568)) - pipeline Action CLOSE  on pipeline PipelineID=ee193e73-9f12-488c-b78c-4078fee62cc7.Reason : bee99600-be87-4e2f-bca1-493826cfa9f4 has not seen follower/s 6b668dd7-26f3-4a2a-98d6-977366dc8866 for 167296ms e23021be-5025-43ec-901b-8f315bf6442a for 167297ms
2019-09-16 18:52:19,883 [java.util.concurrent.ThreadPoolExecutor$Worker@3bba45ce[State = -1, empty queue]] WARN  server.GrpcLogAppender (GrpcLogAppender.java:timeoutAppendRequest(200)) - bee99600-be87-4e2f-bca1-493826cfa9f4@group-4078FEE62CC7->e23021be-5025-43ec-901b-8f315bf6442a-GrpcLogAppender: appendEntries Timeout, request=bee99600-be87-4e2f-bca1-493826cfa9f4->e23021be-5025-43ec-901b-8f315bf6442a#160-t1, previous=(t:1, i:22), leaderCommit=15, initializing? false, entries: <empty>
2019-09-16 18:52:19,883 [java.util.concurrent.ThreadPoolExecutor$Worker@45f38be8[State = -1, empty queue]] WARN  server.GrpcLogAppender (GrpcLogAppender.java:timeoutAppendRequest(200)) - bee99600-be87-4e2f-bca1-493826cfa9f4@group-4078FEE62CC7->6b668dd7-26f3-4a2a-98d6-977366dc8866-GrpcLogAppender: appendEntries Timeout, request=bee99600-be87-4e2f-bca1-493826cfa9f4->6b668dd7-26f3-4a2a-98d6-977366dc8866#160-t1, previous=(t:1, i:22), leaderCommit=15, initializing? false, entries: <empty>
2019-09-16 18:52:20,375 [EventQueue-PipelineActionsForPipelineActionHandler] ERROR pipeline.PipelineActionHandler (PipelineActionHandler.java:onMessage(60)) - Received pipeline action CLOSE for Pipeline[ Id: ee193e73-9f12-488c-b78c-4078fee62cc7, Nodes: e23021be-5025-43ec-901b-8f315bf6442a{ip: 192.168.34.56, host: pr-hdds-2111-hlhfn-3535364396, networkLocation: /default-rack, certSerialId: null}bee99600-be87-4e2f-bca1-493826cfa9f4{ip: 192.168.34.56, host: pr-hdds-2111-hlhfn-3535364396, networkLocation: /default-rack, certSerialId: null}6b668dd7-26f3-4a2a-98d6-977366dc8866{ip: 192.168.34.56, host: pr-hdds-2111-hlhfn-3535364396, networkLocation: /default-rack, certSerialId: null}, Type:RATIS, Factor:THREE, State:CLOSED] from datanode bee99600-be87-4e2f-bca1-493826cfa9f4{ip: 192.168.34.56, host: pr-hdds-2111-hlhfn-3535364396, networkLocation: /default-rack, certSerialId: null}. Reason : bee99600-be87-4e2f-bca1-493826cfa9f4 has not seen follower/s 6b668dd7-26f3-4a2a-98d6-977366dc8866 for 167296ms e23021be-5025-43ec-901b-8f315bf6442a for 167297ms
2019-09-16 18:52:20,375 [EventQueue-PipelineActionsForPipelineActionHandler] INFO  pipeline.SCMPipelineManager (SCMPipelineManager.java:finalizeAndDestroyPipeline(311)) - destroying pipeline:Pipeline[ Id: ee193e73-9f12-488c-b78c-4078fee62cc7, Nodes: e23021be-5025-43ec-901b-8f315bf6442a{ip: 192.168.34.56, host: pr-hdds-2111-hlhfn-3535364396, networkLocation: /default-rack, certSerialId: null}bee99600-be87-4e2f-bca1-493826cfa9f4{ip: 192.168.34.56, host: pr-hdds-2111-hlhfn-3535364396, networkLocation: /default-rack, certSerialId: null}6b668dd7-26f3-4a2a-98d6-977366dc8866{ip: 192.168.34.56, host: pr-hdds-2111-hlhfn-3535364396, networkLocation: /default-rack, certSerialId: null}, Type:RATIS, Factor:THREE, State:CLOSED]
2019-09-16 18:52:21,884 [org.apache.ratis.server.impl.LogAppender$AppenderDaemon$$Lambda$533/1653271690@39fd6234] ERROR ratis.XceiverServerRatis (XceiverServerRatis.java:triggerPipelineClose(568)) - pipeline Action CLOSE  on pipeline PipelineID=ee193e73-9f12-488c-b78c-4078fee62cc7.Reason : bee99600-be87-4e2f-bca1-493826cfa9f4 has not seen follower/s 6b668dd7-26f3-4a2a-98d6-977366dc8866 for 169797ms e23021be-5025-43ec-901b-8f315bf6442a for 169798ms
2019-09-16 18:52:21,884 [org.apache.ratis.server.impl.LogAppender$AppenderDaemon$$Lambda$533/1653271690@7375d7d4] ERROR ratis.XceiverServerRatis (XceiverServerRatis.java:triggerPipelineClose(568)) - pipeline Action CLOSE  on pipeline PipelineID=ee193e73-9f12-488c-b78c-4078fee62cc7.Reason : bee99600-be87-4e2f-bca1-493826cfa9f4 has not seen follower/s 6b668dd7-26f3-4a2a-98d6-977366dc8866 for 169797ms e23021be-5025-43ec-901b-8f315bf6442a for 169798ms
2019-09-16 18:52:22,234 [6b668dd7-26f3-4a2a-98d6-977366dc8866@group-4078FEE62CC7-SegmentedRaftLogWorker] WARN  segmented.SegmentedRaftLogWorker (SegmentedRaftLogWorker.java:getFromFuture(90)) - Timeout 16/~
org.apache.ratis.protocol.TimeoutIOException: Timeout 10s: WriteLog:16: (t:1, i:16), STATEMACHINELOGENTRY, client-A24F84BEFB32, cid=139-writeStateMachineData
	at org.apache.ratis.util.IOUtils.getFromFuture(IOUtils.java:87)
	at org.apache.ratis.server.raftlog.segmented.SegmentedRaftLogWorker$StateMachineDataPolicy.getFromFuture(SegmentedRaftLogWorker.java:87)
	at org.apache.ratis.server.raftlog.segmented.SegmentedRaftLogWorker$WriteLog.execute(SegmentedRaftLogWorker.java:477)
	at org.apache.ratis.server.raftlog.segmented.SegmentedRaftLogWorker.run(SegmentedRaftLogWorker.java:289)
	at java.lang.Thread.run(Thread.java:748)
Caused by: java.util.concurrent.TimeoutException
	at java.util.concurrent.CompletableFuture.timedGet(CompletableFuture.java:1771)
	at java.util.concurrent.CompletableFuture.get(CompletableFuture.java:1915)
	at org.apache.ratis.util.IOUtils.getFromFuture(IOUtils.java:79)
	... 4 more
2019-09-16 18:52:22,373 [e23021be-5025-43ec-901b-8f315bf6442a@group-4078FEE62CC7-SegmentedRaftLogWorker] WARN  segmented.SegmentedRaftLogWorker (SegmentedRaftLogWorker.java:getFromFuture(90)) - Timeout 16/~
org.apache.ratis.protocol.TimeoutIOException: Timeout 10s: WriteLog:19: (t:1, i:19), STATEMACHINELOGENTRY, client-A24F84BEFB32, cid=142-writeStateMachineData
	at org.apache.ratis.util.IOUtils.getFromFuture(IOUtils.java:87)
	at org.apache.ratis.server.raftlog.segmented.SegmentedRaftLogWorker$StateMachineDataPolicy.getFromFuture(SegmentedRaftLogWorker.java:87)
	at org.apache.ratis.server.raftlog.segmented.SegmentedRaftLogWorker$WriteLog.execute(SegmentedRaftLogWorker.java:477)
	at org.apache.ratis.server.raftlog.segmented.SegmentedRaftLogWorker.run(SegmentedRaftLogWorker.java:289)
	at java.lang.Thread.run(Thread.java:748)
Caused by: java.util.concurrent.TimeoutException
	at java.util.concurrent.CompletableFuture.timedGet(CompletableFuture.java:1771)
	at java.util.concurrent.CompletableFuture.get(CompletableFuture.java:1915)
	at org.apache.ratis.util.IOUtils.getFromFuture(IOUtils.java:79)
	... 4 more
2019-09-16 18:52:22,373 [bee99600-be87-4e2f-bca1-493826cfa9f4@group-4078FEE62CC7-SegmentedRaftLogWorker] WARN  segmented.SegmentedRaftLogWorker (SegmentedRaftLogWorker.java:getFromFuture(90)) - Timeout 16/~
org.apache.ratis.protocol.TimeoutIOException: Timeout 10s: WriteLog:17: (t:1, i:17), STATEMACHINELOGENTRY, client-A24F84BEFB32, cid=140-writeStateMachineData
	at org.apache.ratis.util.IOUtils.getFromFuture(IOUtils.java:87)
	at org.apache.ratis.server.raftlog.segmented.SegmentedRaftLogWorker$StateMachineDataPolicy.getFromFuture(SegmentedRaftLogWorker.java:87)
	at org.apache.ratis.server.raftlog.segmented.SegmentedRaftLogWorker$WriteLog.execute(SegmentedRaftLogWorker.java:477)
	at org.apache.ratis.server.raftlog.segmented.SegmentedRaftLogWorker.run(SegmentedRaftLogWorker.java:289)
	at java.lang.Thread.run(Thread.java:748)
Caused by: java.util.concurrent.TimeoutException
	at java.util.concurrent.CompletableFuture.timedGet(CompletableFuture.java:1771)
	at java.util.concurrent.CompletableFuture.get(CompletableFuture.java:1915)
	at org.apache.ratis.util.IOUtils.getFromFuture(IOUtils.java:79)
	... 4 more
2019-09-16 18:52:22,375 [EventQueue-PipelineActionsForPipelineActionHandler] ERROR pipeline.PipelineActionHandler (PipelineActionHandler.java:onMessage(60)) - Received pipeline action CLOSE for Pipeline[ Id: ee193e73-9f12-488c-b78c-4078fee62cc7, Nodes: e23021be-5025-43ec-901b-8f315bf6442a{ip: 192.168.34.56, host: pr-hdds-2111-hlhfn-3535364396, networkLocation: /default-rack, certSerialId: null}bee99600-be87-4e2f-bca1-493826cfa9f4{ip: 192.168.34.56, host: pr-hdds-2111-hlhfn-3535364396, networkLocation: /default-rack, certSerialId: null}6b668dd7-26f3-4a2a-98d6-977366dc8866{ip: 192.168.34.56, host: pr-hdds-2111-hlhfn-3535364396, networkLocation: /default-rack, certSerialId: null}, Type:RATIS, Factor:THREE, State:CLOSED] from datanode bee99600-be87-4e2f-bca1-493826cfa9f4{ip: 192.168.34.56, host: pr-hdds-2111-hlhfn-3535364396, networkLocation: /default-rack, certSerialId: null}. Reason : bee99600-be87-4e2f-bca1-493826cfa9f4 has not seen follower/s 6b668dd7-26f3-4a2a-98d6-977366dc8866 for 169797ms e23021be-5025-43ec-901b-8f315bf6442a for 169798ms
2019-09-16 18:52:22,375 [EventQueue-PipelineActionsForPipelineActionHandler] INFO  pipeline.SCMPipelineManager (SCMPipelineManager.java:finalizeAndDestroyPipeline(311)) - destroying pipeline:Pipeline[ Id: ee193e73-9f12-488c-b78c-4078fee62cc7, Nodes: e23021be-5025-43ec-901b-8f315bf6442a{ip: 192.168.34.56, host: pr-hdds-2111-hlhfn-3535364396, networkLocation: /default-rack, certSerialId: null}bee99600-be87-4e2f-bca1-493826cfa9f4{ip: 192.168.34.56, host: pr-hdds-2111-hlhfn-3535364396, networkLocation: /default-rack, certSerialId: null}6b668dd7-26f3-4a2a-98d6-977366dc8866{ip: 192.168.34.56, host: pr-hdds-2111-hlhfn-3535364396, networkLocation: /default-rack, certSerialId: null}, Type:RATIS, Factor:THREE, State:CLOSED]
2019-09-16 18:52:22,383 [java.util.concurrent.ThreadPoolExecutor$Worker@45f38be8[State = -1, empty queue]] WARN  server.GrpcLogAppender (GrpcLogAppender.java:timeoutAppendRequest(200)) - bee99600-be87-4e2f-bca1-493826cfa9f4@group-4078FEE62CC7->6b668dd7-26f3-4a2a-98d6-977366dc8866-GrpcLogAppender: appendEntries Timeout, request=bee99600-be87-4e2f-bca1-493826cfa9f4->6b668dd7-26f3-4a2a-98d6-977366dc8866#161-t1, previous=(t:1, i:22), leaderCommit=15, initializing? false, entries: <empty>
2019-09-16 18:52:22,383 [java.util.concurrent.ThreadPoolExecutor$Worker@3bba45ce[State = -1, empty queue]] WARN  server.GrpcLogAppender (GrpcLogAppender.java:timeoutAppendRequest(200)) - bee99600-be87-4e2f-bca1-493826cfa9f4@group-4078FEE62CC7->e23021be-5025-43ec-901b-8f315bf6442a-GrpcLogAppender: appendEntries Timeout, request=bee99600-be87-4e2f-bca1-493826cfa9f4->e23021be-5025-43ec-901b-8f315bf6442a#161-t1, previous=(t:1, i:22), leaderCommit=15, initializing? false, entries: <empty>
2019-09-16 18:52:23,546 [grpc-default-executor-9] INFO  client.GrpcClientProtocolClient (GrpcClientProtocolClient.java:onNext(264)) - client-A24F84BEFB32->6b668dd7-26f3-4a2a-98d6-977366dc8866: receive RaftClientReply:client-A24F84BEFB32->6b668dd7-26f3-4a2a-98d6-977366dc8866@group-4078FEE62CC7, cid=139, FAILED org.apache.ratis.protocol.NotLeaderException: Server 6b668dd7-26f3-4a2a-98d6-977366dc8866@group-4078FEE62CC7 is not the leader bee99600-be87-4e2f-bca1-493826cfa9f4:192.168.34.56:42923, logIndex=0, commits[6b668dd7-26f3-4a2a-98d6-977366dc8866:c15, e23021be-5025-43ec-901b-8f315bf6442a:c13, bee99600-be87-4e2f-bca1-493826cfa9f4:c15]
2019-09-16 18:52:24,385 [org.apache.ratis.server.impl.LogAppender$AppenderDaemon$$Lambda$533/1653271690@39fd6234] ERROR ratis.XceiverServerRatis (XceiverServerRatis.java:triggerPipelineClose(568)) - pipeline Action CLOSE  on pipeline PipelineID=ee193e73-9f12-488c-b78c-4078fee62cc7.Reason : bee99600-be87-4e2f-bca1-493826cfa9f4 has not seen follower/s 6b668dd7-26f3-4a2a-98d6-977366dc8866 for 172297ms e23021be-5025-43ec-901b-8f315bf6442a for 172298ms
2019-09-16 18:52:24,385 [org.apache.ratis.server.impl.LogAppender$AppenderDaemon$$Lambda$533/1653271690@7375d7d4] ERROR ratis.XceiverServerRatis (XceiverServerRatis.java:triggerPipelineClose(568)) - pipeline Action CLOSE  on pipeline PipelineID=ee193e73-9f12-488c-b78c-4078fee62cc7.Reason : bee99600-be87-4e2f-bca1-493826cfa9f4 has not seen follower/s 6b668dd7-26f3-4a2a-98d6-977366dc8866 for 172298ms e23021be-5025-43ec-901b-8f315bf6442a for 172298ms
2019-09-16 18:52:24,884 [java.util.concurrent.ThreadPoolExecutor$Worker@45f38be8[State = -1, empty queue]] WARN  server.GrpcLogAppender (GrpcLogAppender.java:timeoutAppendRequest(200)) - bee99600-be87-4e2f-bca1-493826cfa9f4@group-4078FEE62CC7->6b668dd7-26f3-4a2a-98d6-977366dc8866-GrpcLogAppender: appendEntries Timeout, request=bee99600-be87-4e2f-bca1-493826cfa9f4->6b668dd7-26f3-4a2a-98d6-977366dc8866#162-t1, previous=(t:1, i:22), leaderCommit=15, initializing? false, entries: <empty>
2019-09-16 18:52:24,884 [java.util.concurrent.ThreadPoolExecutor$Worker@3bba45ce[State = -1, empty queue]] WARN  server.GrpcLogAppender (GrpcLogAppender.java:timeoutAppendRequest(200)) - bee99600-be87-4e2f-bca1-493826cfa9f4@group-4078FEE62CC7->e23021be-5025-43ec-901b-8f315bf6442a-GrpcLogAppender: appendEntries Timeout, request=bee99600-be87-4e2f-bca1-493826cfa9f4->e23021be-5025-43ec-901b-8f315bf6442a#162-t1, previous=(t:1, i:22), leaderCommit=15, initializing? false, entries: <empty>
2019-09-16 18:52:25,375 [EventQueue-PipelineActionsForPipelineActionHandler] ERROR pipeline.PipelineActionHandler (PipelineActionHandler.java:onMessage(60)) - Received pipeline action CLOSE for Pipeline[ Id: ee193e73-9f12-488c-b78c-4078fee62cc7, Nodes: e23021be-5025-43ec-901b-8f315bf6442a{ip: 192.168.34.56, host: pr-hdds-2111-hlhfn-3535364396, networkLocation: /default-rack, certSerialId: null}bee99600-be87-4e2f-bca1-493826cfa9f4{ip: 192.168.34.56, host: pr-hdds-2111-hlhfn-3535364396, networkLocation: /default-rack, certSerialId: null}6b668dd7-26f3-4a2a-98d6-977366dc8866{ip: 192.168.34.56, host: pr-hdds-2111-hlhfn-3535364396, networkLocation: /default-rack, certSerialId: null}, Type:RATIS, Factor:THREE, State:CLOSED] from datanode bee99600-be87-4e2f-bca1-493826cfa9f4{ip: 192.168.34.56, host: pr-hdds-2111-hlhfn-3535364396, networkLocation: /default-rack, certSerialId: null}. Reason : bee99600-be87-4e2f-bca1-493826cfa9f4 has not seen follower/s 6b668dd7-26f3-4a2a-98d6-977366dc8866 for 172297ms e23021be-5025-43ec-901b-8f315bf6442a for 172298ms
2019-09-16 18:52:25,376 [EventQueue-PipelineActionsForPipelineActionHandler] INFO  pipeline.SCMPipelineManager (SCMPipelineManager.java:finalizeAndDestroyPipeline(311)) - destroying pipeline:Pipeline[ Id: ee193e73-9f12-488c-b78c-4078fee62cc7, Nodes: e23021be-5025-43ec-901b-8f315bf6442a{ip: 192.168.34.56, host: pr-hdds-2111-hlhfn-3535364396, networkLocation: /default-rack, certSerialId: null}bee99600-be87-4e2f-bca1-493826cfa9f4{ip: 192.168.34.56, host: pr-hdds-2111-hlhfn-3535364396, networkLocation: /default-rack, certSerialId: null}6b668dd7-26f3-4a2a-98d6-977366dc8866{ip: 192.168.34.56, host: pr-hdds-2111-hlhfn-3535364396, networkLocation: /default-rack, certSerialId: null}, Type:RATIS, Factor:THREE, State:CLOSED]
2019-09-16 18:52:26,886 [org.apache.ratis.server.impl.LogAppender$AppenderDaemon$$Lambda$533/1653271690@7375d7d4] ERROR ratis.XceiverServerRatis (XceiverServerRatis.java:triggerPipelineClose(568)) - pipeline Action CLOSE  on pipeline PipelineID=ee193e73-9f12-488c-b78c-4078fee62cc7.Reason : bee99600-be87-4e2f-bca1-493826cfa9f4 has not seen follower/s 6b668dd7-26f3-4a2a-98d6-977366dc8866 for 174798ms e23021be-5025-43ec-901b-8f315bf6442a for 174799ms
2019-09-16 18:52:26,886 [org.apache.ratis.server.impl.LogAppender$AppenderDaemon$$Lambda$533/1653271690@39fd6234] ERROR ratis.XceiverServerRatis (XceiverServerRatis.java:triggerPipelineClose(568)) - pipeline Action CLOSE  on pipeline PipelineID=ee193e73-9f12-488c-b78c-4078fee62cc7.Reason : bee99600-be87-4e2f-bca1-493826cfa9f4 has not seen follower/s 6b668dd7-26f3-4a2a-98d6-977366dc8866 for 174798ms e23021be-5025-43ec-901b-8f315bf6442a for 174799ms
2019-09-16 18:52:27,374 [EventQueue-PipelineActionsForPipelineActionHandler] ERROR pipeline.PipelineActionHandler (PipelineActionHandler.java:onMessage(60)) - Received pipeline action CLOSE for Pipeline[ Id: ee193e73-9f12-488c-b78c-4078fee62cc7, Nodes: e23021be-5025-43ec-901b-8f315bf6442a{ip: 192.168.34.56, host: pr-hdds-2111-hlhfn-3535364396, networkLocation: /default-rack, certSerialId: null}bee99600-be87-4e2f-bca1-493826cfa9f4{ip: 192.168.34.56, host: pr-hdds-2111-hlhfn-3535364396, networkLocation: /default-rack, certSerialId: null}6b668dd7-26f3-4a2a-98d6-977366dc8866{ip: 192.168.34.56, host: pr-hdds-2111-hlhfn-3535364396, networkLocation: /default-rack, certSerialId: null}, Type:RATIS, Factor:THREE, State:CLOSED] from datanode bee99600-be87-4e2f-bca1-493826cfa9f4{ip: 192.168.34.56, host: pr-hdds-2111-hlhfn-3535364396, networkLocation: /default-rack, certSerialId: null}. Reason : bee99600-be87-4e2f-bca1-493826cfa9f4 has not seen follower/s 6b668dd7-26f3-4a2a-98d6-977366dc8866 for 174798ms e23021be-5025-43ec-901b-8f315bf6442a for 174799ms
2019-09-16 18:52:27,375 [EventQueue-PipelineActionsForPipelineActionHandler] INFO  pipeline.SCMPipelineManager (SCMPipelineManager.java:finalizeAndDestroyPipeline(311)) - destroying pipeline:Pipeline[ Id: ee193e73-9f12-488c-b78c-4078fee62cc7, Nodes: e23021be-5025-43ec-901b-8f315bf6442a{ip: 192.168.34.56, host: pr-hdds-2111-hlhfn-3535364396, networkLocation: /default-rack, certSerialId: null}bee99600-be87-4e2f-bca1-493826cfa9f4{ip: 192.168.34.56, host: pr-hdds-2111-hlhfn-3535364396, networkLocation: /default-rack, certSerialId: null}6b668dd7-26f3-4a2a-98d6-977366dc8866{ip: 192.168.34.56, host: pr-hdds-2111-hlhfn-3535364396, networkLocation: /default-rack, certSerialId: null}, Type:RATIS, Factor:THREE, State:CLOSED]
2019-09-16 18:52:27,385 [java.util.concurrent.ThreadPoolExecutor$Worker@45f38be8[State = -1, empty queue]] WARN  server.GrpcLogAppender (GrpcLogAppender.java:timeoutAppendRequest(200)) - bee99600-be87-4e2f-bca1-493826cfa9f4@group-4078FEE62CC7->6b668dd7-26f3-4a2a-98d6-977366dc8866-GrpcLogAppender: appendEntries Timeout, request=bee99600-be87-4e2f-bca1-493826cfa9f4->6b668dd7-26f3-4a2a-98d6-977366dc8866#163-t1, previous=(t:1, i:22), leaderCommit=15, initializing? false, entries: <empty>
2019-09-16 18:52:27,385 [java.util.concurrent.ThreadPoolExecutor$Worker@3bba45ce[State = -1, empty queue]] WARN  server.GrpcLogAppender (GrpcLogAppender.java:timeoutAppendRequest(200)) - bee99600-be87-4e2f-bca1-493826cfa9f4@group-4078FEE62CC7->e23021be-5025-43ec-901b-8f315bf6442a-GrpcLogAppender: appendEntries Timeout, request=bee99600-be87-4e2f-bca1-493826cfa9f4->e23021be-5025-43ec-901b-8f315bf6442a#163-t1, previous=(t:1, i:22), leaderCommit=15, initializing? false, entries: <empty>
2019-09-16 18:52:28,581 [grpc-default-executor-9] INFO  client.GrpcClientProtocolClient (GrpcClientProtocolClient.java:onNext(264)) - client-A24F84BEFB32->6b668dd7-26f3-4a2a-98d6-977366dc8866: receive RaftClientReply:client-A24F84BEFB32->6b668dd7-26f3-4a2a-98d6-977366dc8866@group-4078FEE62CC7, cid=139, FAILED org.apache.ratis.protocol.NotLeaderException: Server 6b668dd7-26f3-4a2a-98d6-977366dc8866@group-4078FEE62CC7 is not the leader bee99600-be87-4e2f-bca1-493826cfa9f4:192.168.34.56:42923, logIndex=0, commits[6b668dd7-26f3-4a2a-98d6-977366dc8866:c15, e23021be-5025-43ec-901b-8f315bf6442a:c13, bee99600-be87-4e2f-bca1-493826cfa9f4:c15]
2019-09-16 18:52:29,386 [org.apache.ratis.server.impl.LogAppender$AppenderDaemon$$Lambda$533/1653271690@7375d7d4] ERROR ratis.XceiverServerRatis (XceiverServerRatis.java:triggerPipelineClose(568)) - pipeline Action CLOSE  on pipeline PipelineID=ee193e73-9f12-488c-b78c-4078fee62cc7.Reason : bee99600-be87-4e2f-bca1-493826cfa9f4 has not seen follower/s 6b668dd7-26f3-4a2a-98d6-977366dc8866 for 177299ms e23021be-5025-43ec-901b-8f315bf6442a for 177299ms
2019-09-16 18:52:29,386 [org.apache.ratis.server.impl.LogAppender$AppenderDaemon$$Lambda$533/1653271690@39fd6234] ERROR ratis.XceiverServerRatis (XceiverServerRatis.java:triggerPipelineClose(568)) - pipeline Action CLOSE  on pipeline PipelineID=ee193e73-9f12-488c-b78c-4078fee62cc7.Reason : bee99600-be87-4e2f-bca1-493826cfa9f4 has not seen follower/s 6b668dd7-26f3-4a2a-98d6-977366dc8866 for 177299ms e23021be-5025-43ec-901b-8f315bf6442a for 177299ms
2019-09-16 18:52:29,885 [java.util.concurrent.ThreadPoolExecutor$Worker@45f38be8[State = -1, empty queue]] WARN  server.GrpcLogAppender (GrpcLogAppender.java:timeoutAppendRequest(200)) - bee99600-be87-4e2f-bca1-493826cfa9f4@group-4078FEE62CC7->6b668dd7-26f3-4a2a-98d6-977366dc8866-GrpcLogAppender: appendEntries Timeout, request=bee99600-be87-4e2f-bca1-493826cfa9f4->6b668dd7-26f3-4a2a-98d6-977366dc8866#164-t1, previous=(t:1, i:22), leaderCommit=15, initializing? false, entries: <empty>
2019-09-16 18:52:29,885 [java.util.concurrent.ThreadPoolExecutor$Worker@3bba45ce[State = -1, empty queue]] WARN  server.GrpcLogAppender (GrpcLogAppender.java:timeoutAppendRequest(200)) - bee99600-be87-4e2f-bca1-493826cfa9f4@group-4078FEE62CC7->e23021be-5025-43ec-901b-8f315bf6442a-GrpcLogAppender: appendEntries Timeout, request=bee99600-be87-4e2f-bca1-493826cfa9f4->e23021be-5025-43ec-901b-8f315bf6442a#164-t1, previous=(t:1, i:22), leaderCommit=15, initializing? false, entries: <empty>
2019-09-16 18:52:30,375 [EventQueue-PipelineActionsForPipelineActionHandler] ERROR pipeline.PipelineActionHandler (PipelineActionHandler.java:onMessage(60)) - Received pipeline action CLOSE for Pipeline[ Id: ee193e73-9f12-488c-b78c-4078fee62cc7, Nodes: e23021be-5025-43ec-901b-8f315bf6442a{ip: 192.168.34.56, host: pr-hdds-2111-hlhfn-3535364396, networkLocation: /default-rack, certSerialId: null}bee99600-be87-4e2f-bca1-493826cfa9f4{ip: 192.168.34.56, host: pr-hdds-2111-hlhfn-3535364396, networkLocation: /default-rack, certSerialId: null}6b668dd7-26f3-4a2a-98d6-977366dc8866{ip: 192.168.34.56, host: pr-hdds-2111-hlhfn-3535364396, networkLocation: /default-rack, certSerialId: null}, Type:RATIS, Factor:THREE, State:CLOSED] from datanode bee99600-be87-4e2f-bca1-493826cfa9f4{ip: 192.168.34.56, host: pr-hdds-2111-hlhfn-3535364396, networkLocation: /default-rack, certSerialId: null}. Reason : bee99600-be87-4e2f-bca1-493826cfa9f4 has not seen follower/s 6b668dd7-26f3-4a2a-98d6-977366dc8866 for 177299ms e23021be-5025-43ec-901b-8f315bf6442a for 177299ms
2019-09-16 18:52:30,375 [EventQueue-PipelineActionsForPipelineActionHandler] INFO  pipeline.SCMPipelineManager (SCMPipelineManager.java:finalizeAndDestroyPipeline(311)) - destroying pipeline:Pipeline[ Id: ee193e73-9f12-488c-b78c-4078fee62cc7, Nodes: e23021be-5025-43ec-901b-8f315bf6442a{ip: 192.168.34.56, host: pr-hdds-2111-hlhfn-3535364396, networkLocation: /default-rack, certSerialId: null}bee99600-be87-4e2f-bca1-493826cfa9f4{ip: 192.168.34.56, host: pr-hdds-2111-hlhfn-3535364396, networkLocation: /default-rack, certSerialId: null}6b668dd7-26f3-4a2a-98d6-977366dc8866{ip: 192.168.34.56, host: pr-hdds-2111-hlhfn-3535364396, networkLocation: /default-rack, certSerialId: null}, Type:RATIS, Factor:THREE, State:CLOSED]
2019-09-16 18:52:31,887 [org.apache.ratis.server.impl.LogAppender$AppenderDaemon$$Lambda$533/1653271690@39fd6234] ERROR ratis.XceiverServerRatis (XceiverServerRatis.java:triggerPipelineClose(568)) - pipeline Action CLOSE  on pipeline PipelineID=ee193e73-9f12-488c-b78c-4078fee62cc7.Reason : bee99600-be87-4e2f-bca1-493826cfa9f4 has not seen follower/s 6b668dd7-26f3-4a2a-98d6-977366dc8866 for 179800ms e23021be-5025-43ec-901b-8f315bf6442a for 179800ms
2019-09-16 18:52:31,887 [org.apache.ratis.server.impl.LogAppender$AppenderDaemon$$Lambda$533/1653271690@7375d7d4] ERROR ratis.XceiverServerRatis (XceiverServerRatis.java:triggerPipelineClose(568)) - pipeline Action CLOSE  on pipeline PipelineID=ee193e73-9f12-488c-b78c-4078fee62cc7.Reason : bee99600-be87-4e2f-bca1-493826cfa9f4 has not seen follower/s 6b668dd7-26f3-4a2a-98d6-977366dc8866 for 179800ms e23021be-5025-43ec-901b-8f315bf6442a for 179800ms
2019-09-16 18:52:32,235 [6b668dd7-26f3-4a2a-98d6-977366dc8866@group-4078FEE62CC7-SegmentedRaftLogWorker] WARN  segmented.SegmentedRaftLogWorker (SegmentedRaftLogWorker.java:getFromFuture(90)) - Timeout 17/~
org.apache.ratis.protocol.TimeoutIOException: Timeout 10s: WriteLog:16: (t:1, i:16), STATEMACHINELOGENTRY, client-A24F84BEFB32, cid=139-writeStateMachineData
	at org.apache.ratis.util.IOUtils.getFromFuture(IOUtils.java:87)
	at org.apache.ratis.server.raftlog.segmented.SegmentedRaftLogWorker$StateMachineDataPolicy.getFromFuture(SegmentedRaftLogWorker.java:87)
	at org.apache.ratis.server.raftlog.segmented.SegmentedRaftLogWorker$WriteLog.execute(SegmentedRaftLogWorker.java:477)
	at org.apache.ratis.server.raftlog.segmented.SegmentedRaftLogWorker.run(SegmentedRaftLogWorker.java:289)
	at java.lang.Thread.run(Thread.java:748)
Caused by: java.util.concurrent.TimeoutException
	at java.util.concurrent.CompletableFuture.timedGet(CompletableFuture.java:1771)
	at java.util.concurrent.CompletableFuture.get(CompletableFuture.java:1915)
	at org.apache.ratis.util.IOUtils.getFromFuture(IOUtils.java:79)
	... 4 more
2019-09-16 18:52:32,374 [e23021be-5025-43ec-901b-8f315bf6442a@group-4078FEE62CC7-SegmentedRaftLogWorker] WARN  segmented.SegmentedRaftLogWorker (SegmentedRaftLogWorker.java:getFromFuture(90)) - Timeout 17/~
org.apache.ratis.protocol.TimeoutIOException: Timeout 10s: WriteLog:19: (t:1, i:19), STATEMACHINELOGENTRY, client-A24F84BEFB32, cid=142-writeStateMachineData
	at org.apache.ratis.util.IOUtils.getFromFuture(IOUtils.java:87)
	at org.apache.ratis.server.raftlog.segmented.SegmentedRaftLogWorker$StateMachineDataPolicy.getFromFuture(SegmentedRaftLogWorker.java:87)
	at org.apache.ratis.server.raftlog.segmented.SegmentedRaftLogWorker$WriteLog.execute(SegmentedRaftLogWorker.java:477)
	at org.apache.ratis.server.raftlog.segmented.SegmentedRaftLogWorker.run(SegmentedRaftLogWorker.java:289)
	at java.lang.Thread.run(Thread.java:748)
Caused by: java.util.concurrent.TimeoutException
	at java.util.concurrent.CompletableFuture.timedGet(CompletableFuture.java:1771)
	at java.util.concurrent.CompletableFuture.get(CompletableFuture.java:1915)
	at org.apache.ratis.util.IOUtils.getFromFuture(IOUtils.java:79)
	... 4 more
2019-09-16 18:52:32,374 [bee99600-be87-4e2f-bca1-493826cfa9f4@group-4078FEE62CC7-SegmentedRaftLogWorker] WARN  segmented.SegmentedRaftLogWorker (SegmentedRaftLogWorker.java:getFromFuture(90)) - Timeout 17/~
org.apache.ratis.protocol.TimeoutIOException: Timeout 10s: WriteLog:17: (t:1, i:17), STATEMACHINELOGENTRY, client-A24F84BEFB32, cid=140-writeStateMachineData
	at org.apache.ratis.util.IOUtils.getFromFuture(IOUtils.java:87)
	at org.apache.ratis.server.raftlog.segmented.SegmentedRaftLogWorker$StateMachineDataPolicy.getFromFuture(SegmentedRaftLogWorker.java:87)
	at org.apache.ratis.server.raftlog.segmented.SegmentedRaftLogWorker$WriteLog.execute(SegmentedRaftLogWorker.java:477)
	at org.apache.ratis.server.raftlog.segmented.SegmentedRaftLogWorker.run(SegmentedRaftLogWorker.java:289)
	at java.lang.Thread.run(Thread.java:748)
Caused by: java.util.concurrent.TimeoutException
	at java.util.concurrent.CompletableFuture.timedGet(CompletableFuture.java:1771)
	at java.util.concurrent.CompletableFuture.get(CompletableFuture.java:1915)
	at org.apache.ratis.util.IOUtils.getFromFuture(IOUtils.java:79)
	... 4 more
2019-09-16 18:52:32,376 [EventQueue-PipelineActionsForPipelineActionHandler] ERROR pipeline.PipelineActionHandler (PipelineActionHandler.java:onMessage(60)) - Received pipeline action CLOSE for Pipeline[ Id: ee193e73-9f12-488c-b78c-4078fee62cc7, Nodes: e23021be-5025-43ec-901b-8f315bf6442a{ip: 192.168.34.56, host: pr-hdds-2111-hlhfn-3535364396, networkLocation: /default-rack, certSerialId: null}bee99600-be87-4e2f-bca1-493826cfa9f4{ip: 192.168.34.56, host: pr-hdds-2111-hlhfn-3535364396, networkLocation: /default-rack, certSerialId: null}6b668dd7-26f3-4a2a-98d6-977366dc8866{ip: 192.168.34.56, host: pr-hdds-2111-hlhfn-3535364396, networkLocation: /default-rack, certSerialId: null}, Type:RATIS, Factor:THREE, State:CLOSED] from datanode bee99600-be87-4e2f-bca1-493826cfa9f4{ip: 192.168.34.56, host: pr-hdds-2111-hlhfn-3535364396, networkLocation: /default-rack, certSerialId: null}. Reason : bee99600-be87-4e2f-bca1-493826cfa9f4 has not seen follower/s 6b668dd7-26f3-4a2a-98d6-977366dc8866 for 179800ms e23021be-5025-43ec-901b-8f315bf6442a for 179800ms
2019-09-16 18:52:32,376 [EventQueue-PipelineActionsForPipelineActionHandler] INFO  pipeline.SCMPipelineManager (SCMPipelineManager.java:finalizeAndDestroyPipeline(311)) - destroying pipeline:Pipeline[ Id: ee193e73-9f12-488c-b78c-4078fee62cc7, Nodes: e23021be-5025-43ec-901b-8f315bf6442a{ip: 192.168.34.56, host: pr-hdds-2111-hlhfn-3535364396, networkLocation: /default-rack, certSerialId: null}bee99600-be87-4e2f-bca1-493826cfa9f4{ip: 192.168.34.56, host: pr-hdds-2111-hlhfn-3535364396, networkLocation: /default-rack, certSerialId: null}6b668dd7-26f3-4a2a-98d6-977366dc8866{ip: 192.168.34.56, host: pr-hdds-2111-hlhfn-3535364396, networkLocation: /default-rack, certSerialId: null}, Type:RATIS, Factor:THREE, State:CLOSED]
2019-09-16 18:52:32,386 [java.util.concurrent.ThreadPoolExecutor$Worker@3bba45ce[State = -1, empty queue]] WARN  server.GrpcLogAppender (GrpcLogAppender.java:timeoutAppendRequest(200)) - bee99600-be87-4e2f-bca1-493826cfa9f4@group-4078FEE62CC7->e23021be-5025-43ec-901b-8f315bf6442a-GrpcLogAppender: appendEntries Timeout, request=bee99600-be87-4e2f-bca1-493826cfa9f4->e23021be-5025-43ec-901b-8f315bf6442a#165-t1, previous=(t:1, i:22), leaderCommit=15, initializing? false, entries: <empty>
2019-09-16 18:52:32,386 [java.util.concurrent.ThreadPoolExecutor$Worker@45f38be8[State = -1, empty queue]] WARN  server.GrpcLogAppender (GrpcLogAppender.java:timeoutAppendRequest(200)) - bee99600-be87-4e2f-bca1-493826cfa9f4@group-4078FEE62CC7->6b668dd7-26f3-4a2a-98d6-977366dc8866-GrpcLogAppender: appendEntries Timeout, request=bee99600-be87-4e2f-bca1-493826cfa9f4->6b668dd7-26f3-4a2a-98d6-977366dc8866#165-t1, previous=(t:1, i:22), leaderCommit=15, initializing? false, entries: <empty>
2019-09-16 18:52:33,619 [grpc-default-executor-8] INFO  client.GrpcClientProtocolClient (GrpcClientProtocolClient.java:onNext(264)) - client-A24F84BEFB32->e23021be-5025-43ec-901b-8f315bf6442a: receive RaftClientReply:client-A24F84BEFB32->e23021be-5025-43ec-901b-8f315bf6442a@group-4078FEE62CC7, cid=139, FAILED org.apache.ratis.protocol.NotLeaderException: Server e23021be-5025-43ec-901b-8f315bf6442a@group-4078FEE62CC7 is not the leader bee99600-be87-4e2f-bca1-493826cfa9f4:192.168.34.56:42923, logIndex=0, commits[e23021be-5025-43ec-901b-8f315bf6442a:c15, 6b668dd7-26f3-4a2a-98d6-977366dc8866:c13, bee99600-be87-4e2f-bca1-493826cfa9f4:c15]
2019-09-16 18:52:34,387 [org.apache.ratis.server.impl.LogAppender$AppenderDaemon$$Lambda$533/1653271690@39fd6234] ERROR ratis.XceiverServerRatis (XceiverServerRatis.java:triggerPipelineClose(568)) - pipeline Action CLOSE  on pipeline PipelineID=ee193e73-9f12-488c-b78c-4078fee62cc7.Reason : bee99600-be87-4e2f-bca1-493826cfa9f4 has not seen follower/s 6b668dd7-26f3-4a2a-98d6-977366dc8866 for 182300ms e23021be-5025-43ec-901b-8f315bf6442a for 182301ms
2019-09-16 18:52:34,387 [org.apache.ratis.server.impl.LogAppender$AppenderDaemon$$Lambda$533/1653271690@7375d7d4] ERROR ratis.XceiverServerRatis (XceiverServerRatis.java:triggerPipelineClose(568)) - pipeline Action CLOSE  on pipeline PipelineID=ee193e73-9f12-488c-b78c-4078fee62cc7.Reason : bee99600-be87-4e2f-bca1-493826cfa9f4 has not seen follower/s 6b668dd7-26f3-4a2a-98d6-977366dc8866 for 182300ms e23021be-5025-43ec-901b-8f315bf6442a for 182301ms
2019-09-16 18:52:34,887 [java.util.concurrent.ThreadPoolExecutor$Worker@3bba45ce[State = -1, empty queue]] WARN  server.GrpcLogAppender (GrpcLogAppender.java:timeoutAppendRequest(200)) - bee99600-be87-4e2f-bca1-493826cfa9f4@group-4078FEE62CC7->e23021be-5025-43ec-901b-8f315bf6442a-GrpcLogAppender: appendEntries Timeout, request=bee99600-be87-4e2f-bca1-493826cfa9f4->e23021be-5025-43ec-901b-8f315bf6442a#166-t1, previous=(t:1, i:22), leaderCommit=15, initializing? false, entries: <empty>
2019-09-16 18:52:34,887 [java.util.concurrent.ThreadPoolExecutor$Worker@45f38be8[State = -1, empty queue]] WARN  server.GrpcLogAppender (GrpcLogAppender.java:timeoutAppendRequest(200)) - bee99600-be87-4e2f-bca1-493826cfa9f4@group-4078FEE62CC7->6b668dd7-26f3-4a2a-98d6-977366dc8866-GrpcLogAppender: appendEntries Timeout, request=bee99600-be87-4e2f-bca1-493826cfa9f4->6b668dd7-26f3-4a2a-98d6-977366dc8866#166-t1, previous=(t:1, i:22), leaderCommit=15, initializing? false, entries: <empty>
2019-09-16 18:52:35,376 [EventQueue-PipelineActionsForPipelineActionHandler] ERROR pipeline.PipelineActionHandler (PipelineActionHandler.java:onMessage(60)) - Received pipeline action CLOSE for Pipeline[ Id: ee193e73-9f12-488c-b78c-4078fee62cc7, Nodes: e23021be-5025-43ec-901b-8f315bf6442a{ip: 192.168.34.56, host: pr-hdds-2111-hlhfn-3535364396, networkLocation: /default-rack, certSerialId: null}bee99600-be87-4e2f-bca1-493826cfa9f4{ip: 192.168.34.56, host: pr-hdds-2111-hlhfn-3535364396, networkLocation: /default-rack, certSerialId: null}6b668dd7-26f3-4a2a-98d6-977366dc8866{ip: 192.168.34.56, host: pr-hdds-2111-hlhfn-3535364396, networkLocation: /default-rack, certSerialId: null}, Type:RATIS, Factor:THREE, State:CLOSED] from datanode bee99600-be87-4e2f-bca1-493826cfa9f4{ip: 192.168.34.56, host: pr-hdds-2111-hlhfn-3535364396, networkLocation: /default-rack, certSerialId: null}. Reason : bee99600-be87-4e2f-bca1-493826cfa9f4 has not seen follower/s 6b668dd7-26f3-4a2a-98d6-977366dc8866 for 182300ms e23021be-5025-43ec-901b-8f315bf6442a for 182301ms
2019-09-16 18:52:35,376 [EventQueue-PipelineActionsForPipelineActionHandler] INFO  pipeline.SCMPipelineManager (SCMPipelineManager.java:finalizeAndDestroyPipeline(311)) - destroying pipeline:Pipeline[ Id: ee193e73-9f12-488c-b78c-4078fee62cc7, Nodes: e23021be-5025-43ec-901b-8f315bf6442a{ip: 192.168.34.56, host: pr-hdds-2111-hlhfn-3535364396, networkLocation: /default-rack, certSerialId: null}bee99600-be87-4e2f-bca1-493826cfa9f4{ip: 192.168.34.56, host: pr-hdds-2111-hlhfn-3535364396, networkLocation: /default-rack, certSerialId: null}6b668dd7-26f3-4a2a-98d6-977366dc8866{ip: 192.168.34.56, host: pr-hdds-2111-hlhfn-3535364396, networkLocation: /default-rack, certSerialId: null}, Type:RATIS, Factor:THREE, State:CLOSED]
2019-09-16 18:52:36,889 [org.apache.ratis.server.impl.LogAppender$AppenderDaemon$$Lambda$533/1653271690@7375d7d4] ERROR ratis.XceiverServerRatis (XceiverServerRatis.java:triggerPipelineClose(568)) - pipeline Action CLOSE  on pipeline PipelineID=ee193e73-9f12-488c-b78c-4078fee62cc7.Reason : bee99600-be87-4e2f-bca1-493826cfa9f4 has not seen follower/s 6b668dd7-26f3-4a2a-98d6-977366dc8866 for 184801ms e23021be-5025-43ec-901b-8f315bf6442a for 184802ms
2019-09-16 18:52:36,889 [org.apache.ratis.server.impl.LogAppender$AppenderDaemon$$Lambda$533/1653271690@39fd6234] ERROR ratis.XceiverServerRatis (XceiverServerRatis.java:triggerPipelineClose(568)) - pipeline Action CLOSE  on pipeline PipelineID=ee193e73-9f12-488c-b78c-4078fee62cc7.Reason : bee99600-be87-4e2f-bca1-493826cfa9f4 has not seen follower/s 6b668dd7-26f3-4a2a-98d6-977366dc8866 for 184801ms e23021be-5025-43ec-901b-8f315bf6442a for 184802ms
2019-09-16 18:52:37,377 [EventQueue-PipelineActionsForPipelineActionHandler] ERROR pipeline.PipelineActionHandler (PipelineActionHandler.java:onMessage(60)) - Received pipeline action CLOSE for Pipeline[ Id: ee193e73-9f12-488c-b78c-4078fee62cc7, Nodes: e23021be-5025-43ec-901b-8f315bf6442a{ip: 192.168.34.56, host: pr-hdds-2111-hlhfn-3535364396, networkLocation: /default-rack, certSerialId: null}bee99600-be87-4e2f-bca1-493826cfa9f4{ip: 192.168.34.56, host: pr-hdds-2111-hlhfn-3535364396, networkLocation: /default-rack, certSerialId: null}6b668dd7-26f3-4a2a-98d6-977366dc8866{ip: 192.168.34.56, host: pr-hdds-2111-hlhfn-3535364396, networkLocation: /default-rack, certSerialId: null}, Type:RATIS, Factor:THREE, State:CLOSED] from datanode bee99600-be87-4e2f-bca1-493826cfa9f4{ip: 192.168.34.56, host: pr-hdds-2111-hlhfn-3535364396, networkLocation: /default-rack, certSerialId: null}. Reason : bee99600-be87-4e2f-bca1-493826cfa9f4 has not seen follower/s 6b668dd7-26f3-4a2a-98d6-977366dc8866 for 184801ms e23021be-5025-43ec-901b-8f315bf6442a for 184802ms
2019-09-16 18:52:37,377 [EventQueue-PipelineActionsForPipelineActionHandler] INFO  pipeline.SCMPipelineManager (SCMPipelineManager.java:finalizeAndDestroyPipeline(311)) - destroying pipeline:Pipeline[ Id: ee193e73-9f12-488c-b78c-4078fee62cc7, Nodes: e23021be-5025-43ec-901b-8f315bf6442a{ip: 192.168.34.56, host: pr-hdds-2111-hlhfn-3535364396, networkLocation: /default-rack, certSerialId: null}bee99600-be87-4e2f-bca1-493826cfa9f4{ip: 192.168.34.56, host: pr-hdds-2111-hlhfn-3535364396, networkLocation: /default-rack, certSerialId: null}6b668dd7-26f3-4a2a-98d6-977366dc8866{ip: 192.168.34.56, host: pr-hdds-2111-hlhfn-3535364396, networkLocation: /default-rack, certSerialId: null}, Type:RATIS, Factor:THREE, State:CLOSED]
2019-09-16 18:52:37,387 [java.util.concurrent.ThreadPoolExecutor$Worker@45f38be8[State = -1, empty queue]] WARN  server.GrpcLogAppender (GrpcLogAppender.java:timeoutAppendRequest(200)) - bee99600-be87-4e2f-bca1-493826cfa9f4@group-4078FEE62CC7->6b668dd7-26f3-4a2a-98d6-977366dc8866-GrpcLogAppender: appendEntries Timeout, request=bee99600-be87-4e2f-bca1-493826cfa9f4->6b668dd7-26f3-4a2a-98d6-977366dc8866#167-t1, previous=(t:1, i:22), leaderCommit=15, initializing? false, entries: <empty>
2019-09-16 18:52:37,387 [java.util.concurrent.ThreadPoolExecutor$Worker@3bba45ce[State = -1, empty queue]] WARN  server.GrpcLogAppender (GrpcLogAppender.java:timeoutAppendRequest(200)) - bee99600-be87-4e2f-bca1-493826cfa9f4@group-4078FEE62CC7->e23021be-5025-43ec-901b-8f315bf6442a-GrpcLogAppender: appendEntries Timeout, request=bee99600-be87-4e2f-bca1-493826cfa9f4->e23021be-5025-43ec-901b-8f315bf6442a#167-t1, previous=(t:1, i:22), leaderCommit=15, initializing? false, entries: <empty>
2019-09-16 18:52:38,360 [grpc-default-executor-4] INFO  impl.RaftServerProxy (RaftServerProxy.java:remove(95)) - e23021be-5025-43ec-901b-8f315bf6442a: remove  FOLLOWER e23021be-5025-43ec-901b-8f315bf6442a@group-4078FEE62CC7:t1, leader=bee99600-be87-4e2f-bca1-493826cfa9f4, voted=bee99600-be87-4e2f-bca1-493826cfa9f4, raftlog=e23021be-5025-43ec-901b-8f315bf6442a@group-4078FEE62CC7-SegmentedRaftLog:OPENED:c15,f15,i22, conf=0: [6b668dd7-26f3-4a2a-98d6-977366dc8866:192.168.34.56:41068, e23021be-5025-43ec-901b-8f315bf6442a:192.168.34.56:36953, bee99600-be87-4e2f-bca1-493826cfa9f4:192.168.34.56:42923], old=null RUNNING
2019-09-16 18:52:38,361 [grpc-default-executor-4] INFO  impl.RaftServerImpl (RaftServerImpl.java:lambda$shutdown$3(251)) - e23021be-5025-43ec-901b-8f315bf6442a@group-4078FEE62CC7: shutdown
2019-09-16 18:52:38,361 [grpc-default-executor-4] INFO  util.JmxRegister (JmxRegister.java:unregister(73)) - Successfully un-registered JMX Bean with object name Ratis:service=RaftServer,group=group-4078FEE62CC7,id=e23021be-5025-43ec-901b-8f315bf6442a
2019-09-16 18:52:38,361 [grpc-default-executor-4] INFO  impl.RoleInfo (RoleInfo.java:shutdownFollowerState(121)) - e23021be-5025-43ec-901b-8f315bf6442a: shutdown FollowerState
2019-09-16 18:52:38,361 [grpc-default-executor-4] INFO  impl.StateMachineUpdater (StateMachineUpdater.java:stopAndJoin(125)) - e23021be-5025-43ec-901b-8f315bf6442a@group-4078FEE62CC7-StateMachineUpdater: set stopIndex = 15
2019-09-16 18:52:38,361 [e23021be-5025-43ec-901b-8f315bf6442a@group-4078FEE62CC7-StateMachineUpdater] INFO  ratis.ContainerStateMachine (ContainerStateMachine.java:takeSnapshot(289)) - group-4078FEE62CC7: Taking a snapshot at:(t:1, i:13) file /workdir/hadoop-ozone/integration-test/target/test-dir/MiniOzoneClusterImpl-d4df22cc-0c2d-486e-a6a7-bea08512b785/datanode-1/data/ratis/ee193e73-9f12-488c-b78c-4078fee62cc7/sm/snapshot.1_13
2019-09-16 18:52:38,362 [Thread-855] INFO  impl.FollowerState (FollowerState.java:run(115)) - e23021be-5025-43ec-901b-8f315bf6442a: FollowerState was interrupted: java.lang.InterruptedException: sleep interrupted
2019-09-16 18:52:38,375 [e23021be-5025-43ec-901b-8f315bf6442a@group-4078FEE62CC7-StateMachineUpdater] INFO  ratis.ContainerStateMachine (ContainerStateMachine.java:takeSnapshot(300)) - group-4078FEE62CC7: Finished taking a snapshot at:(t:1, i:13) file:/workdir/hadoop-ozone/integration-test/target/test-dir/MiniOzoneClusterImpl-d4df22cc-0c2d-486e-a6a7-bea08512b785/datanode-1/data/ratis/ee193e73-9f12-488c-b78c-4078fee62cc7/sm/snapshot.1_13 time:13
2019-09-16 18:52:38,375 [e23021be-5025-43ec-901b-8f315bf6442a@group-4078FEE62CC7-StateMachineUpdater] INFO  impl.StateMachineUpdater (StateMachineUpdater.java:takeSnapshot(258)) - e23021be-5025-43ec-901b-8f315bf6442a@group-4078FEE62CC7-StateMachineUpdater: Took a snapshot at index 13
2019-09-16 18:52:38,375 [e23021be-5025-43ec-901b-8f315bf6442a@group-4078FEE62CC7-StateMachineUpdater] INFO  impl.StateMachineUpdater (StateMachineUpdater.java:lambda$new$0(83)) - e23021be-5025-43ec-901b-8f315bf6442a@group-4078FEE62CC7-StateMachineUpdater: snapshotIndex: updateIncreasingly -1 -> 13
2019-09-16 18:52:38,376 [e23021be-5025-43ec-901b-8f315bf6442a@group-4078FEE62CC7-StateMachineUpdater] INFO  ratis.ContainerStateMachine (ContainerStateMachine.java:takeSnapshot(289)) - group-4078FEE62CC7: Taking a snapshot at:(t:1, i:13) file /workdir/hadoop-ozone/integration-test/target/test-dir/MiniOzoneClusterImpl-d4df22cc-0c2d-486e-a6a7-bea08512b785/datanode-1/data/ratis/ee193e73-9f12-488c-b78c-4078fee62cc7/sm/snapshot.1_13
2019-09-16 18:52:38,388 [e23021be-5025-43ec-901b-8f315bf6442a@group-4078FEE62CC7-StateMachineUpdater] INFO  ratis.ContainerStateMachine (ContainerStateMachine.java:takeSnapshot(300)) - group-4078FEE62CC7: Finished taking a snapshot at:(t:1, i:13) file:/workdir/hadoop-ozone/integration-test/target/test-dir/MiniOzoneClusterImpl-d4df22cc-0c2d-486e-a6a7-bea08512b785/datanode-1/data/ratis/ee193e73-9f12-488c-b78c-4078fee62cc7/sm/snapshot.1_13 time:12
2019-09-16 18:52:38,388 [e23021be-5025-43ec-901b-8f315bf6442a@group-4078FEE62CC7-StateMachineUpdater] INFO  impl.StateMachineUpdater (StateMachineUpdater.java:takeSnapshot(258)) - e23021be-5025-43ec-901b-8f315bf6442a@group-4078FEE62CC7-StateMachineUpdater: Took a snapshot at index 13
2019-09-16 18:52:38,388 [e23021be-5025-43ec-901b-8f315bf6442a@group-4078FEE62CC7-StateMachineUpdater] INFO  impl.StateMachineUpdater (StateMachineUpdater.java:lambda$new$0(83)) - e23021be-5025-43ec-901b-8f315bf6442a@group-4078FEE62CC7-StateMachineUpdater: snapshotIndex: updateIncreasingly 13 -> 13
2019-09-16 18:52:38,389 [grpc-default-executor-4] INFO  impl.RaftServerImpl (ServerState.java:close(385)) - e23021be-5025-43ec-901b-8f315bf6442a@group-4078FEE62CC7: closes. applyIndex: 15
2019-09-16 18:52:38,389 [e23021be-5025-43ec-901b-8f315bf6442a@group-4078FEE62CC7-SegmentedRaftLogWorker] ERROR ratis.XceiverServerRatis (XceiverServerRatis.java:triggerPipelineClose(568)) - pipeline Action CLOSE  on pipeline PipelineID=ee193e73-9f12-488c-b78c-4078fee62cc7.Reason : WriteLog:19: (t:1, i:19), STATEMACHINELOGENTRY, client-A24F84BEFB32, cid=142-writeStateMachineData interrupted.
2019-09-16 18:52:38,393 [EventQueue-PipelineActionsForPipelineActionHandler] ERROR pipeline.PipelineActionHandler (PipelineActionHandler.java:onMessage(60)) - Received pipeline action CLOSE for Pipeline[ Id: ee193e73-9f12-488c-b78c-4078fee62cc7, Nodes: e23021be-5025-43ec-901b-8f315bf6442a{ip: 192.168.34.56, host: pr-hdds-2111-hlhfn-3535364396, networkLocation: /default-rack, certSerialId: null}bee99600-be87-4e2f-bca1-493826cfa9f4{ip: 192.168.34.56, host: pr-hdds-2111-hlhfn-3535364396, networkLocation: /default-rack, certSerialId: null}6b668dd7-26f3-4a2a-98d6-977366dc8866{ip: 192.168.34.56, host: pr-hdds-2111-hlhfn-3535364396, networkLocation: /default-rack, certSerialId: null}, Type:RATIS, Factor:THREE, State:CLOSED] from datanode e23021be-5025-43ec-901b-8f315bf6442a{ip: 192.168.34.56, host: pr-hdds-2111-hlhfn-3535364396, networkLocation: /default-rack, certSerialId: null}. Reason : WriteLog:19: (t:1, i:19), STATEMACHINELOGENTRY, client-A24F84BEFB32, cid=142-writeStateMachineData interrupted.
2019-09-16 18:52:38,393 [EventQueue-PipelineActionsForPipelineActionHandler] INFO  pipeline.SCMPipelineManager (SCMPipelineManager.java:finalizeAndDestroyPipeline(311)) - destroying pipeline:Pipeline[ Id: ee193e73-9f12-488c-b78c-4078fee62cc7, Nodes: e23021be-5025-43ec-901b-8f315bf6442a{ip: 192.168.34.56, host: pr-hdds-2111-hlhfn-3535364396, networkLocation: /default-rack, certSerialId: null}bee99600-be87-4e2f-bca1-493826cfa9f4{ip: 192.168.34.56, host: pr-hdds-2111-hlhfn-3535364396, networkLocation: /default-rack, certSerialId: null}6b668dd7-26f3-4a2a-98d6-977366dc8866{ip: 192.168.34.56, host: pr-hdds-2111-hlhfn-3535364396, networkLocation: /default-rack, certSerialId: null}, Type:RATIS, Factor:THREE, State:CLOSED]
2019-09-16 18:52:38,403 [grpc-default-executor-4] INFO  segmented.SegmentedRaftLogWorker (SegmentedRaftLogWorker.java:close(228)) - e23021be-5025-43ec-901b-8f315bf6442a@group-4078FEE62CC7-SegmentedRaftLogWorker close()
2019-09-16 18:52:38,422 [grpc-default-executor-4] INFO  interfaces.Container (KeyValueContainer.java:flushAndSyncDB(386)) - Container 6 is synced with bcsId 7.
2019-09-16 18:52:38,422 [grpc-default-executor-4] INFO  interfaces.Container (KeyValueContainer.java:flushAndSyncDB(386)) - Container 6 is synced with bcsId 7.
2019-09-16 18:52:38,438 [EventQueue-IncrementalContainerReportForIncrementalContainerReportHandler] INFO  container.IncrementalContainerReportHandler (AbstractContainerReportHandler.java:updateContainerState(169)) - Moving container #6 to QUASI_CLOSED state, datanode e23021be-5025-43ec-901b-8f315bf6442a{ip: 192.168.34.56, host: pr-hdds-2111-hlhfn-3535364396, networkLocation: /default-rack, certSerialId: null} reported QUASI_CLOSED replica.
2019-09-16 18:52:38,438 [grpc-default-executor-4] INFO  interfaces.Container (KeyValueContainer.java:flushAndSyncDB(386)) - Container 7 is synced with bcsId 13.
2019-09-16 18:52:38,438 [grpc-default-executor-4] INFO  interfaces.Container (KeyValueContainer.java:flushAndSyncDB(386)) - Container 7 is synced with bcsId 13.
2019-09-16 18:52:38,452 [EventQueue-IncrementalContainerReportForIncrementalContainerReportHandler] INFO  container.IncrementalContainerReportHandler (AbstractContainerReportHandler.java:updateContainerState(169)) - Moving container #7 to QUASI_CLOSED state, datanode e23021be-5025-43ec-901b-8f315bf6442a{ip: 192.168.34.56, host: pr-hdds-2111-hlhfn-3535364396, networkLocation: /default-rack, certSerialId: null} reported QUASI_CLOSED replica.
2019-09-16 18:52:38,509 [grpc-default-executor-4] INFO  interfaces.Container (KeyValueContainer.java:flushAndSyncDB(386)) - Container 8 is synced with bcsId 0.
2019-09-16 18:52:38,509 [grpc-default-executor-4] INFO  interfaces.Container (KeyValueContainer.java:flushAndSyncDB(386)) - Container 8 is synced with bcsId 0.
2019-09-16 18:52:38,514 [EventQueue-IncrementalContainerReportForIncrementalContainerReportHandler] INFO  container.IncrementalContainerReportHandler (AbstractContainerReportHandler.java:updateContainerState(169)) - Moving container #8 to QUASI_CLOSED state, datanode e23021be-5025-43ec-901b-8f315bf6442a{ip: 192.168.34.56, host: pr-hdds-2111-hlhfn-3535364396, networkLocation: /default-rack, certSerialId: null} reported QUASI_CLOSED replica.
2019-09-16 18:52:38,518 [grpc-default-executor-4] INFO  impl.RaftServerProxy (RaftServerProxy.java:remove(95)) - bee99600-be87-4e2f-bca1-493826cfa9f4: remove    LEADER bee99600-be87-4e2f-bca1-493826cfa9f4@group-4078FEE62CC7:t1, leader=bee99600-be87-4e2f-bca1-493826cfa9f4, voted=bee99600-be87-4e2f-bca1-493826cfa9f4, raftlog=bee99600-be87-4e2f-bca1-493826cfa9f4@group-4078FEE62CC7-SegmentedRaftLog:OPENED:c15,f15,i22, conf=0: [6b668dd7-26f3-4a2a-98d6-977366dc8866:192.168.34.56:41068, e23021be-5025-43ec-901b-8f315bf6442a:192.168.34.56:36953, bee99600-be87-4e2f-bca1-493826cfa9f4:192.168.34.56:42923], old=null RUNNING
2019-09-16 18:52:38,518 [grpc-default-executor-4] INFO  impl.RaftServerImpl (RaftServerImpl.java:lambda$shutdown$3(251)) - bee99600-be87-4e2f-bca1-493826cfa9f4@group-4078FEE62CC7: shutdown
2019-09-16 18:52:38,518 [grpc-default-executor-4] INFO  util.JmxRegister (JmxRegister.java:unregister(73)) - Successfully un-registered JMX Bean with object name Ratis:service=RaftServer,group=group-4078FEE62CC7,id=bee99600-be87-4e2f-bca1-493826cfa9f4
2019-09-16 18:52:38,518 [grpc-default-executor-4] INFO  impl.RoleInfo (RoleInfo.java:shutdownLeaderState(104)) - bee99600-be87-4e2f-bca1-493826cfa9f4: shutdown LeaderState
2019-09-16 18:52:38,524 [grpc-default-executor-4] INFO  impl.PendingRequests (PendingRequests.java:sendNotLeaderResponses(202)) - bee99600-be87-4e2f-bca1-493826cfa9f4-PendingRequests: sendNotLeaderResponses
2019-09-16 18:52:38,524 [org.apache.ratis.server.impl.LogAppender$AppenderDaemon$$Lambda$533/1653271690@39fd6234] WARN  server.GrpcLogAppender (GrpcLogAppender.java:mayWait(143)) - bee99600-be87-4e2f-bca1-493826cfa9f4@group-4078FEE62CC7->6b668dd7-26f3-4a2a-98d6-977366dc8866-GrpcLogAppender: Wait interrupted by java.lang.InterruptedException
2019-09-16 18:52:38,524 [org.apache.ratis.server.impl.LogAppender$AppenderDaemon$$Lambda$533/1653271690@7375d7d4] WARN  server.GrpcLogAppender (GrpcLogAppender.java:mayWait(143)) - bee99600-be87-4e2f-bca1-493826cfa9f4@group-4078FEE62CC7->e23021be-5025-43ec-901b-8f315bf6442a-GrpcLogAppender: Wait interrupted by java.lang.InterruptedException
2019-09-16 18:52:38,525 [grpc-default-executor-8] INFO  server.GrpcServerProtocolService (GrpcServerProtocolService.java:onCompleted(113)) - 6b668dd7-26f3-4a2a-98d6-977366dc8866: Completed APPEND_ENTRIES, lastRequest: bee99600-be87-4e2f-bca1-493826cfa9f4->6b668dd7-26f3-4a2a-98d6-977366dc8866#168-t1, previous=(t:1, i:22), leaderCommit=15, initializing? false, entries: <empty>
2019-09-16 18:52:38,525 [grpc-default-executor-9] INFO  server.GrpcServerProtocolService (GrpcServerProtocolService.java:onCompleted(113)) - e23021be-5025-43ec-901b-8f315bf6442a: Completed APPEND_ENTRIES, lastRequest: bee99600-be87-4e2f-bca1-493826cfa9f4->e23021be-5025-43ec-901b-8f315bf6442a#168-t1, previous=(t:1, i:22), leaderCommit=15, initializing? false, entries: <empty>
2019-09-16 18:52:38,529 [grpc-default-executor-4] INFO  impl.StateMachineUpdater (StateMachineUpdater.java:stopAndJoin(125)) - bee99600-be87-4e2f-bca1-493826cfa9f4@group-4078FEE62CC7-StateMachineUpdater: set stopIndex = 15
2019-09-16 18:52:38,530 [bee99600-be87-4e2f-bca1-493826cfa9f4@group-4078FEE62CC7-StateMachineUpdater] INFO  ratis.ContainerStateMachine (ContainerStateMachine.java:takeSnapshot(289)) - group-4078FEE62CC7: Taking a snapshot at:(t:1, i:15) file /workdir/hadoop-ozone/integration-test/target/test-dir/MiniOzoneClusterImpl-d4df22cc-0c2d-486e-a6a7-bea08512b785/datanode-4/data/ratis/ee193e73-9f12-488c-b78c-4078fee62cc7/sm/snapshot.1_15
2019-09-16 18:52:38,530 [grpc-default-executor-8] INFO  server.GrpcLogAppender (GrpcLogAppender.java:onCompleted(293)) - bee99600-be87-4e2f-bca1-493826cfa9f4@group-4078FEE62CC7->6b668dd7-26f3-4a2a-98d6-977366dc8866-AppendLogResponseHandler: follower responses appendEntries COMPLETED
2019-09-16 18:52:38,530 [grpc-default-executor-9] INFO  server.GrpcLogAppender (GrpcLogAppender.java:onCompleted(293)) - bee99600-be87-4e2f-bca1-493826cfa9f4@group-4078FEE62CC7->e23021be-5025-43ec-901b-8f315bf6442a-AppendLogResponseHandler: follower responses appendEntries COMPLETED
2019-09-16 18:52:38,530 [grpc-default-executor-8] INFO  impl.FollowerInfo (FollowerInfo.java:lambda$new$0(51)) - bee99600-be87-4e2f-bca1-493826cfa9f4@group-4078FEE62CC7->6b668dd7-26f3-4a2a-98d6-977366dc8866: nextIndex: updateUnconditionally 23 -> 16
2019-09-16 18:52:38,530 [grpc-default-executor-9] INFO  impl.FollowerInfo (FollowerInfo.java:lambda$new$0(51)) - bee99600-be87-4e2f-bca1-493826cfa9f4@group-4078FEE62CC7->e23021be-5025-43ec-901b-8f315bf6442a: nextIndex: updateUnconditionally 23 -> 16
2019-09-16 18:52:38,533 [bee99600-be87-4e2f-bca1-493826cfa9f4@group-4078FEE62CC7-StateMachineUpdater] INFO  ratis.ContainerStateMachine (ContainerStateMachine.java:takeSnapshot(300)) - group-4078FEE62CC7: Finished taking a snapshot at:(t:1, i:15) file:/workdir/hadoop-ozone/integration-test/target/test-dir/MiniOzoneClusterImpl-d4df22cc-0c2d-486e-a6a7-bea08512b785/datanode-4/data/ratis/ee193e73-9f12-488c-b78c-4078fee62cc7/sm/snapshot.1_15 time:3
2019-09-16 18:52:38,533 [bee99600-be87-4e2f-bca1-493826cfa9f4@group-4078FEE62CC7-StateMachineUpdater] INFO  impl.StateMachineUpdater (StateMachineUpdater.java:takeSnapshot(258)) - bee99600-be87-4e2f-bca1-493826cfa9f4@group-4078FEE62CC7-StateMachineUpdater: Took a snapshot at index 15
2019-09-16 18:52:38,533 [bee99600-be87-4e2f-bca1-493826cfa9f4@group-4078FEE62CC7-StateMachineUpdater] INFO  impl.StateMachineUpdater (StateMachineUpdater.java:lambda$new$0(83)) - bee99600-be87-4e2f-bca1-493826cfa9f4@group-4078FEE62CC7-StateMachineUpdater: snapshotIndex: updateIncreasingly -1 -> 15
2019-09-16 18:52:38,533 [grpc-default-executor-4] INFO  impl.RaftServerImpl (ServerState.java:close(385)) - bee99600-be87-4e2f-bca1-493826cfa9f4@group-4078FEE62CC7: closes. applyIndex: 15
2019-09-16 18:52:38,534 [bee99600-be87-4e2f-bca1-493826cfa9f4@group-4078FEE62CC7-SegmentedRaftLogWorker] ERROR ratis.XceiverServerRatis (XceiverServerRatis.java:triggerPipelineClose(568)) - pipeline Action CLOSE  on pipeline PipelineID=ee193e73-9f12-488c-b78c-4078fee62cc7.Reason : WriteLog:17: (t:1, i:17), STATEMACHINELOGENTRY, client-A24F84BEFB32, cid=140-writeStateMachineData interrupted.
2019-09-16 18:52:38,537 [EventQueue-PipelineActionsForPipelineActionHandler] ERROR pipeline.PipelineActionHandler (PipelineActionHandler.java:onMessage(60)) - Received pipeline action CLOSE for Pipeline[ Id: ee193e73-9f12-488c-b78c-4078fee62cc7, Nodes: e23021be-5025-43ec-901b-8f315bf6442a{ip: 192.168.34.56, host: pr-hdds-2111-hlhfn-3535364396, networkLocation: /default-rack, certSerialId: null}bee99600-be87-4e2f-bca1-493826cfa9f4{ip: 192.168.34.56, host: pr-hdds-2111-hlhfn-3535364396, networkLocation: /default-rack, certSerialId: null}6b668dd7-26f3-4a2a-98d6-977366dc8866{ip: 192.168.34.56, host: pr-hdds-2111-hlhfn-3535364396, networkLocation: /default-rack, certSerialId: null}, Type:RATIS, Factor:THREE, State:CLOSED] from datanode bee99600-be87-4e2f-bca1-493826cfa9f4{ip: 192.168.34.56, host: pr-hdds-2111-hlhfn-3535364396, networkLocation: /default-rack, certSerialId: null}. Reason : WriteLog:17: (t:1, i:17), STATEMACHINELOGENTRY, client-A24F84BEFB32, cid=140-writeStateMachineData interrupted.
2019-09-16 18:52:38,537 [EventQueue-PipelineActionsForPipelineActionHandler] INFO  pipeline.SCMPipelineManager (SCMPipelineManager.java:finalizeAndDestroyPipeline(311)) - destroying pipeline:Pipeline[ Id: ee193e73-9f12-488c-b78c-4078fee62cc7, Nodes: e23021be-5025-43ec-901b-8f315bf6442a{ip: 192.168.34.56, host: pr-hdds-2111-hlhfn-3535364396, networkLocation: /default-rack, certSerialId: null}bee99600-be87-4e2f-bca1-493826cfa9f4{ip: 192.168.34.56, host: pr-hdds-2111-hlhfn-3535364396, networkLocation: /default-rack, certSerialId: null}6b668dd7-26f3-4a2a-98d6-977366dc8866{ip: 192.168.34.56, host: pr-hdds-2111-hlhfn-3535364396, networkLocation: /default-rack, certSerialId: null}, Type:RATIS, Factor:THREE, State:CLOSED]
2019-09-16 18:52:38,537 [Command processor thread] ERROR commandhandler.CloseContainerCommandHandler (CloseContainerCommandHandler.java:handle(125)) - Can't close container #7
java.io.IOException: org.apache.ratis.protocol.GroupMismatchException: bee99600-be87-4e2f-bca1-493826cfa9f4: group-4078FEE62CC7 not found.
	at org.apache.hadoop.ozone.container.common.transport.server.ratis.XceiverServerRatis.submitRequest(XceiverServerRatis.java:495)
	at org.apache.hadoop.ozone.container.common.statemachine.commandhandler.CloseContainerCommandHandler.handle(CloseContainerCommandHandler.java:102)
	at org.apache.hadoop.ozone.container.common.statemachine.commandhandler.CommandDispatcher.handle(CommandDispatcher.java:99)
	at org.apache.hadoop.ozone.container.common.statemachine.DatanodeStateMachine.lambda$initCommandHandlerThread$1(DatanodeStateMachine.java:432)
	at java.lang.Thread.run(Thread.java:748)
Caused by: java.util.concurrent.ExecutionException: org.apache.ratis.protocol.GroupMismatchException: bee99600-be87-4e2f-bca1-493826cfa9f4: group-4078FEE62CC7 not found.
	at java.util.concurrent.CompletableFuture.reportGet(CompletableFuture.java:357)
	at java.util.concurrent.CompletableFuture.get(CompletableFuture.java:1895)
	at org.apache.hadoop.ozone.container.common.transport.server.ratis.XceiverServerRatis.submitRequest(XceiverServerRatis.java:493)
	... 4 more
Caused by: org.apache.ratis.protocol.GroupMismatchException: bee99600-be87-4e2f-bca1-493826cfa9f4: group-4078FEE62CC7 not found.
	at org.apache.ratis.server.impl.RaftServerProxy$ImplMap.get(RaftServerProxy.java:122)
	at org.apache.ratis.server.impl.RaftServerProxy.getImplFuture(RaftServerProxy.java:269)
	at org.apache.ratis.server.impl.RaftServerProxy.submitRequest(RaftServerProxy.java:327)
	at org.apache.ratis.server.impl.RaftServerProxy.submitClientRequestAsync(RaftServerProxy.java:333)
	... 5 more
2019-09-16 18:52:38,538 [grpc-default-executor-4] INFO  segmented.SegmentedRaftLogWorker (SegmentedRaftLogWorker.java:close(228)) - bee99600-be87-4e2f-bca1-493826cfa9f4@group-4078FEE62CC7-SegmentedRaftLogWorker close()
2019-09-16 18:52:38,553 [grpc-default-executor-4] INFO  interfaces.Container (KeyValueContainer.java:flushAndSyncDB(386)) - Container 6 is synced with bcsId 7.
2019-09-16 18:52:38,553 [grpc-default-executor-4] INFO  interfaces.Container (KeyValueContainer.java:flushAndSyncDB(386)) - Container 6 is synced with bcsId 7.
2019-09-16 18:52:38,560 [grpc-default-executor-4] INFO  interfaces.Container (KeyValueContainer.java:flushAndSyncDB(386)) - Container 7 is synced with bcsId 13.
2019-09-16 18:52:38,560 [grpc-default-executor-4] INFO  interfaces.Container (KeyValueContainer.java:flushAndSyncDB(386)) - Container 7 is synced with bcsId 13.
2019-09-16 18:52:38,568 [grpc-default-executor-4] INFO  impl.RaftServerProxy (RaftServerProxy.java:remove(95)) - 6b668dd7-26f3-4a2a-98d6-977366dc8866: remove  FOLLOWER 6b668dd7-26f3-4a2a-98d6-977366dc8866@group-4078FEE62CC7:t1, leader=bee99600-be87-4e2f-bca1-493826cfa9f4, voted=bee99600-be87-4e2f-bca1-493826cfa9f4, raftlog=6b668dd7-26f3-4a2a-98d6-977366dc8866@group-4078FEE62CC7-SegmentedRaftLog:OPENED:c15,f15,i22, conf=0: [6b668dd7-26f3-4a2a-98d6-977366dc8866:192.168.34.56:41068, e23021be-5025-43ec-901b-8f315bf6442a:192.168.34.56:36953, bee99600-be87-4e2f-bca1-493826cfa9f4:192.168.34.56:42923], old=null RUNNING
2019-09-16 18:52:38,569 [grpc-default-executor-4] INFO  impl.RaftServerImpl (RaftServerImpl.java:lambda$shutdown$3(251)) - 6b668dd7-26f3-4a2a-98d6-977366dc8866@group-4078FEE62CC7: shutdown
2019-09-16 18:52:38,569 [grpc-default-executor-4] INFO  util.JmxRegister (JmxRegister.java:unregister(73)) - Successfully un-registered JMX Bean with object name Ratis:service=RaftServer,group=group-4078FEE62CC7,id=6b668dd7-26f3-4a2a-98d6-977366dc8866
2019-09-16 18:52:38,569 [grpc-default-executor-4] INFO  impl.RoleInfo (RoleInfo.java:shutdownFollowerState(121)) - 6b668dd7-26f3-4a2a-98d6-977366dc8866: shutdown FollowerState
2019-09-16 18:52:38,569 [grpc-default-executor-4] INFO  impl.StateMachineUpdater (StateMachineUpdater.java:stopAndJoin(125)) - 6b668dd7-26f3-4a2a-98d6-977366dc8866@group-4078FEE62CC7-StateMachineUpdater: set stopIndex = 15
2019-09-16 18:52:38,569 [6b668dd7-26f3-4a2a-98d6-977366dc8866@group-4078FEE62CC7-StateMachineUpdater] INFO  ratis.ContainerStateMachine (ContainerStateMachine.java:takeSnapshot(289)) - group-4078FEE62CC7: Taking a snapshot at:(t:1, i:13) file /workdir/hadoop-ozone/integration-test/target/test-dir/MiniOzoneClusterImpl-d4df22cc-0c2d-486e-a6a7-bea08512b785/datanode-6/data/ratis/ee193e73-9f12-488c-b78c-4078fee62cc7/sm/snapshot.1_13
2019-09-16 18:52:38,569 [Thread-854] INFO  impl.FollowerState (FollowerState.java:run(115)) - 6b668dd7-26f3-4a2a-98d6-977366dc8866: FollowerState was interrupted: java.lang.InterruptedException: sleep interrupted
2019-09-16 18:52:38,572 [6b668dd7-26f3-4a2a-98d6-977366dc8866@group-4078FEE62CC7-StateMachineUpdater] INFO  ratis.ContainerStateMachine (ContainerStateMachine.java:takeSnapshot(300)) - group-4078FEE62CC7: Finished taking a snapshot at:(t:1, i:13) file:/workdir/hadoop-ozone/integration-test/target/test-dir/MiniOzoneClusterImpl-d4df22cc-0c2d-486e-a6a7-bea08512b785/datanode-6/data/ratis/ee193e73-9f12-488c-b78c-4078fee62cc7/sm/snapshot.1_13 time:2
2019-09-16 18:52:38,572 [6b668dd7-26f3-4a2a-98d6-977366dc8866@group-4078FEE62CC7-StateMachineUpdater] INFO  impl.StateMachineUpdater (StateMachineUpdater.java:takeSnapshot(258)) - 6b668dd7-26f3-4a2a-98d6-977366dc8866@group-4078FEE62CC7-StateMachineUpdater: Took a snapshot at index 13
2019-09-16 18:52:38,572 [6b668dd7-26f3-4a2a-98d6-977366dc8866@group-4078FEE62CC7-StateMachineUpdater] INFO  impl.StateMachineUpdater (StateMachineUpdater.java:lambda$new$0(83)) - 6b668dd7-26f3-4a2a-98d6-977366dc8866@group-4078FEE62CC7-StateMachineUpdater: snapshotIndex: updateIncreasingly -1 -> 13
2019-09-16 18:52:38,573 [6b668dd7-26f3-4a2a-98d6-977366dc8866@group-4078FEE62CC7-StateMachineUpdater] INFO  ratis.ContainerStateMachine (ContainerStateMachine.java:takeSnapshot(289)) - group-4078FEE62CC7: Taking a snapshot at:(t:1, i:13) file /workdir/hadoop-ozone/integration-test/target/test-dir/MiniOzoneClusterImpl-d4df22cc-0c2d-486e-a6a7-bea08512b785/datanode-6/data/ratis/ee193e73-9f12-488c-b78c-4078fee62cc7/sm/snapshot.1_13
2019-09-16 18:52:38,577 [6b668dd7-26f3-4a2a-98d6-977366dc8866@group-4078FEE62CC7-StateMachineUpdater] INFO  ratis.ContainerStateMachine (ContainerStateMachine.java:takeSnapshot(300)) - group-4078FEE62CC7: Finished taking a snapshot at:(t:1, i:13) file:/workdir/hadoop-ozone/integration-test/target/test-dir/MiniOzoneClusterImpl-d4df22cc-0c2d-486e-a6a7-bea08512b785/datanode-6/data/ratis/ee193e73-9f12-488c-b78c-4078fee62cc7/sm/snapshot.1_13 time:4
2019-09-16 18:52:38,577 [6b668dd7-26f3-4a2a-98d6-977366dc8866@group-4078FEE62CC7-StateMachineUpdater] INFO  impl.StateMachineUpdater (StateMachineUpdater.java:takeSnapshot(258)) - 6b668dd7-26f3-4a2a-98d6-977366dc8866@group-4078FEE62CC7-StateMachineUpdater: Took a snapshot at index 13
2019-09-16 18:52:38,577 [6b668dd7-26f3-4a2a-98d6-977366dc8866@group-4078FEE62CC7-StateMachineUpdater] INFO  impl.StateMachineUpdater (StateMachineUpdater.java:lambda$new$0(83)) - 6b668dd7-26f3-4a2a-98d6-977366dc8866@group-4078FEE62CC7-StateMachineUpdater: snapshotIndex: updateIncreasingly 13 -> 13
2019-09-16 18:52:38,577 [grpc-default-executor-4] INFO  impl.RaftServerImpl (ServerState.java:close(385)) - 6b668dd7-26f3-4a2a-98d6-977366dc8866@group-4078FEE62CC7: closes. applyIndex: 15
2019-09-16 18:52:38,578 [6b668dd7-26f3-4a2a-98d6-977366dc8866@group-4078FEE62CC7-SegmentedRaftLogWorker] ERROR ratis.XceiverServerRatis (XceiverServerRatis.java:triggerPipelineClose(568)) - pipeline Action CLOSE  on pipeline PipelineID=ee193e73-9f12-488c-b78c-4078fee62cc7.Reason : WriteLog:16: (t:1, i:16), STATEMACHINELOGENTRY, client-A24F84BEFB32, cid=139-writeStateMachineData interrupted.
2019-09-16 18:52:38,580 [grpc-default-executor-4] INFO  segmented.SegmentedRaftLogWorker (SegmentedRaftLogWorker.java:close(228)) - 6b668dd7-26f3-4a2a-98d6-977366dc8866@group-4078FEE62CC7-SegmentedRaftLogWorker close()
2019-09-16 18:52:38,585 [EventQueue-PipelineActionsForPipelineActionHandler] ERROR pipeline.PipelineActionHandler (PipelineActionHandler.java:onMessage(60)) - Received pipeline action CLOSE for Pipeline[ Id: ee193e73-9f12-488c-b78c-4078fee62cc7, Nodes: e23021be-5025-43ec-901b-8f315bf6442a{ip: 192.168.34.56, host: pr-hdds-2111-hlhfn-3535364396, networkLocation: /default-rack, certSerialId: null}bee99600-be87-4e2f-bca1-493826cfa9f4{ip: 192.168.34.56, host: pr-hdds-2111-hlhfn-3535364396, networkLocation: /default-rack, certSerialId: null}6b668dd7-26f3-4a2a-98d6-977366dc8866{ip: 192.168.34.56, host: pr-hdds-2111-hlhfn-3535364396, networkLocation: /default-rack, certSerialId: null}, Type:RATIS, Factor:THREE, State:CLOSED] from datanode 6b668dd7-26f3-4a2a-98d6-977366dc8866{ip: 192.168.34.56, host: pr-hdds-2111-hlhfn-3535364396, networkLocation: /default-rack, certSerialId: null}. Reason : WriteLog:16: (t:1, i:16), STATEMACHINELOGENTRY, client-A24F84BEFB32, cid=139-writeStateMachineData interrupted.
2019-09-16 18:52:38,585 [EventQueue-PipelineActionsForPipelineActionHandler] INFO  pipeline.SCMPipelineManager (SCMPipelineManager.java:finalizeAndDestroyPipeline(311)) - destroying pipeline:Pipeline[ Id: ee193e73-9f12-488c-b78c-4078fee62cc7, Nodes: e23021be-5025-43ec-901b-8f315bf6442a{ip: 192.168.34.56, host: pr-hdds-2111-hlhfn-3535364396, networkLocation: /default-rack, certSerialId: null}bee99600-be87-4e2f-bca1-493826cfa9f4{ip: 192.168.34.56, host: pr-hdds-2111-hlhfn-3535364396, networkLocation: /default-rack, certSerialId: null}6b668dd7-26f3-4a2a-98d6-977366dc8866{ip: 192.168.34.56, host: pr-hdds-2111-hlhfn-3535364396, networkLocation: /default-rack, certSerialId: null}, Type:RATIS, Factor:THREE, State:CLOSED]
2019-09-16 18:52:38,596 [grpc-default-executor-4] INFO  interfaces.Container (KeyValueContainer.java:flushAndSyncDB(386)) - Container 6 is synced with bcsId 7.
2019-09-16 18:52:38,596 [grpc-default-executor-4] INFO  interfaces.Container (KeyValueContainer.java:flushAndSyncDB(386)) - Container 6 is synced with bcsId 7.
2019-09-16 18:52:38,602 [grpc-default-executor-4] INFO  interfaces.Container (KeyValueContainer.java:flushAndSyncDB(386)) - Container 7 is synced with bcsId 13.
2019-09-16 18:52:38,602 [grpc-default-executor-4] INFO  interfaces.Container (KeyValueContainer.java:flushAndSyncDB(386)) - Container 7 is synced with bcsId 13.
2019-09-16 18:52:38,659 [main] WARN  io.KeyOutputStream (KeyOutputStream.java:handleException(276)) - Encountered exception java.io.IOException: Unexpected Storage Container Exception: java.util.concurrent.CompletionException: java.util.concurrent.CompletionException: org.apache.ratis.protocol.GroupMismatchException: e23021be-5025-43ec-901b-8f315bf6442a: group-4078FEE62CC7 not found. on the pipeline Pipeline[ Id: ee193e73-9f12-488c-b78c-4078fee62cc7, Nodes: e23021be-5025-43ec-901b-8f315bf6442a{ip: 192.168.34.56, host: pr-hdds-2111-hlhfn-3535364396, networkLocation: /default-rack, certSerialId: null}bee99600-be87-4e2f-bca1-493826cfa9f4{ip: 192.168.34.56, host: pr-hdds-2111-hlhfn-3535364396, networkLocation: /default-rack, certSerialId: null}6b668dd7-26f3-4a2a-98d6-977366dc8866{ip: 192.168.34.56, host: pr-hdds-2111-hlhfn-3535364396, networkLocation: /default-rack, certSerialId: null}, Type:RATIS, Factor:THREE, State:OPEN]. The last committed block length is 0, uncommitted data length is 400 retry count 0
2019-09-16 18:52:38,680 [grpc-default-executor-4] INFO  interfaces.Container (KeyValueContainer.java:flushAndSyncDB(386)) - Container 8 is synced with bcsId 0.
2019-09-16 18:52:38,680 [grpc-default-executor-4] INFO  interfaces.Container (KeyValueContainer.java:flushAndSyncDB(386)) - Container 8 is synced with bcsId 0.
2019-09-16 18:52:38,692 [grpc-default-executor-9] INFO  client.GrpcClientProtocolClient (GrpcClientProtocolClient.java:onNext(264)) - client-850E16054EFB->e8c1cc56-fd3a-4c1f-a15b-7334942b67be: receive RaftClientReply:client-850E16054EFB->e8c1cc56-fd3a-4c1f-a15b-7334942b67be@group-49CA373404FE, cid=238, FAILED org.apache.ratis.protocol.NotLeaderException: Server e8c1cc56-fd3a-4c1f-a15b-7334942b67be@group-49CA373404FE is not the leader d6e5a99c-4067-45a5-9f51-68f82ac62b1e:192.168.34.56:43919, logIndex=0, commits[e8c1cc56-fd3a-4c1f-a15b-7334942b67be:c6, e9384e49-5c15-4fe8-918f-d27f1539ccef:c6, d6e5a99c-4067-45a5-9f51-68f82ac62b1e:c6]
2019-09-16 18:52:38,705 [RatisPipelineUtilsThread] INFO  pipeline.PipelineStateManager (PipelineStateManager.java:removePipeline(108)) - Pipeline Pipeline[ Id: ee193e73-9f12-488c-b78c-4078fee62cc7, Nodes: e23021be-5025-43ec-901b-8f315bf6442a{ip: 192.168.34.56, host: pr-hdds-2111-hlhfn-3535364396, networkLocation: /default-rack, certSerialId: null}bee99600-be87-4e2f-bca1-493826cfa9f4{ip: 192.168.34.56, host: pr-hdds-2111-hlhfn-3535364396, networkLocation: /default-rack, certSerialId: null}6b668dd7-26f3-4a2a-98d6-977366dc8866{ip: 192.168.34.56, host: pr-hdds-2111-hlhfn-3535364396, networkLocation: /default-rack, certSerialId: null}, Type:RATIS, Factor:THREE, State:CLOSED] removed from db
2019-09-16 18:52:38,711 [grpc-default-executor-4] INFO  impl.RaftServerProxy (RaftServerProxy.java:addNew(89)) - bee99600-be87-4e2f-bca1-493826cfa9f4: addNew group-845541381E21:[6b668dd7-26f3-4a2a-98d6-977366dc8866:192.168.34.56:41068, e23021be-5025-43ec-901b-8f315bf6442a:192.168.34.56:36953, bee99600-be87-4e2f-bca1-493826cfa9f4:192.168.34.56:42923] returns group-845541381E21:java.util.concurrent.CompletableFuture@287fad1c[Not completed]
2019-09-16 18:52:38,712 [grpc-default-executor-10] INFO  impl.RaftServerProxy (RaftServerProxy.java:addNew(89)) - e23021be-5025-43ec-901b-8f315bf6442a: addNew group-845541381E21:[6b668dd7-26f3-4a2a-98d6-977366dc8866:192.168.34.56:41068, e23021be-5025-43ec-901b-8f315bf6442a:192.168.34.56:36953, bee99600-be87-4e2f-bca1-493826cfa9f4:192.168.34.56:42923] returns group-845541381E21:java.util.concurrent.CompletableFuture@6d80df18[Not completed]
2019-09-16 18:52:38,712 [grpc-default-executor-9] INFO  impl.RaftServerProxy (RaftServerProxy.java:addNew(89)) - 6b668dd7-26f3-4a2a-98d6-977366dc8866: addNew group-845541381E21:[6b668dd7-26f3-4a2a-98d6-977366dc8866:192.168.34.56:41068, e23021be-5025-43ec-901b-8f315bf6442a:192.168.34.56:36953, bee99600-be87-4e2f-bca1-493826cfa9f4:192.168.34.56:42923] returns group-845541381E21:java.util.concurrent.CompletableFuture@367e6484[Not completed]
2019-09-16 18:52:38,713 [pool-37-thread-1] INFO  impl.RaftServerImpl (RaftServerImpl.java:<init>(95)) - e23021be-5025-43ec-901b-8f315bf6442a: new RaftServerImpl for group-845541381E21:[6b668dd7-26f3-4a2a-98d6-977366dc8866:192.168.34.56:41068, e23021be-5025-43ec-901b-8f315bf6442a:192.168.34.56:36953, bee99600-be87-4e2f-bca1-493826cfa9f4:192.168.34.56:42923] with ContainerStateMachine:uninitialized
2019-09-16 18:52:38,714 [pool-37-thread-1] INFO  server.RaftServerConfigKeys (ConfUtils.java:logGet(43)) - raft.server.rpc.timeout.min = 5s (custom)
2019-09-16 18:52:38,714 [pool-37-thread-1] INFO  server.RaftServerConfigKeys (ConfUtils.java:logGet(43)) - raft.server.rpc.timeout.max = 5200ms (custom)
2019-09-16 18:52:38,714 [pool-37-thread-1] INFO  server.RaftServerConfigKeys (ConfUtils.java:logGet(43)) - raft.server.rpcslowness.timeout = 120s (custom)
2019-09-16 18:52:38,714 [pool-37-thread-1] INFO  server.RaftServerConfigKeys (ConfUtils.java:logGet(43)) - raft.server.sleep.deviation.threshold = 300 (default)
2019-09-16 18:52:38,714 [pool-37-thread-1] INFO  server.RaftServerConfigKeys (ConfUtils.java:logGet(43)) - raft.server.log.appender.install.snapshot.enabled = false (custom)
2019-09-16 18:52:38,714 [pool-37-thread-1] INFO  impl.RaftServerImpl (ServerState.java:<init>(103)) - e23021be-5025-43ec-901b-8f315bf6442a@group-845541381E21: ConfigurationManager, init=-1: [6b668dd7-26f3-4a2a-98d6-977366dc8866:192.168.34.56:41068, e23021be-5025-43ec-901b-8f315bf6442a:192.168.34.56:36953, bee99600-be87-4e2f-bca1-493826cfa9f4:192.168.34.56:42923], old=null, confs=<EMPTY_MAP>
2019-09-16 18:52:38,714 [pool-87-thread-1] INFO  impl.RaftServerImpl (RaftServerImpl.java:<init>(95)) - 6b668dd7-26f3-4a2a-98d6-977366dc8866: new RaftServerImpl for group-845541381E21:[6b668dd7-26f3-4a2a-98d6-977366dc8866:192.168.34.56:41068, e23021be-5025-43ec-901b-8f315bf6442a:192.168.34.56:36953, bee99600-be87-4e2f-bca1-493826cfa9f4:192.168.34.56:42923] with ContainerStateMachine:uninitialized
2019-09-16 18:52:38,714 [pool-37-thread-1] INFO  server.RaftServerConfigKeys (ConfUtils.java:logGet(43)) - raft.server.storage.dir = [/workdir/hadoop-ozone/integration-test/target/test-dir/MiniOzoneClusterImpl-d4df22cc-0c2d-486e-a6a7-bea08512b785/datanode-1/data/ratis] (custom)
2019-09-16 18:52:38,714 [pool-87-thread-1] INFO  server.RaftServerConfigKeys (ConfUtils.java:logGet(43)) - raft.server.rpc.timeout.min = 5s (custom)
2019-09-16 18:52:38,715 [pool-87-thread-1] INFO  server.RaftServerConfigKeys (ConfUtils.java:logGet(43)) - raft.server.rpc.timeout.max = 5200ms (custom)
2019-09-16 18:52:38,715 [pool-37-thread-1] INFO  storage.RaftStorageDirectory (RaftStorageDirectory.java:analyzeStorage(246)) - The storage directory /workdir/hadoop-ozone/integration-test/target/test-dir/MiniOzoneClusterImpl-d4df22cc-0c2d-486e-a6a7-bea08512b785/datanode-1/data/ratis/379bb5e3-52b0-4543-97c8-845541381e21 does not exist. Creating ...
2019-09-16 18:52:38,715 [pool-87-thread-1] INFO  server.RaftServerConfigKeys (ConfUtils.java:logGet(43)) - raft.server.rpcslowness.timeout = 120s (custom)
2019-09-16 18:52:38,715 [pool-87-thread-1] INFO  server.RaftServerConfigKeys (ConfUtils.java:logGet(43)) - raft.server.sleep.deviation.threshold = 300 (default)
2019-09-16 18:52:38,715 [pool-87-thread-1] INFO  server.RaftServerConfigKeys (ConfUtils.java:logGet(43)) - raft.server.log.appender.install.snapshot.enabled = false (custom)
2019-09-16 18:52:38,715 [pool-87-thread-1] INFO  impl.RaftServerImpl (ServerState.java:<init>(103)) - 6b668dd7-26f3-4a2a-98d6-977366dc8866@group-845541381E21: ConfigurationManager, init=-1: [6b668dd7-26f3-4a2a-98d6-977366dc8866:192.168.34.56:41068, e23021be-5025-43ec-901b-8f315bf6442a:192.168.34.56:36953, bee99600-be87-4e2f-bca1-493826cfa9f4:192.168.34.56:42923], old=null, confs=<EMPTY_MAP>
2019-09-16 18:52:38,715 [pool-67-thread-1] INFO  impl.RaftServerImpl (RaftServerImpl.java:<init>(95)) - bee99600-be87-4e2f-bca1-493826cfa9f4: new RaftServerImpl for group-845541381E21:[6b668dd7-26f3-4a2a-98d6-977366dc8866:192.168.34.56:41068, e23021be-5025-43ec-901b-8f315bf6442a:192.168.34.56:36953, bee99600-be87-4e2f-bca1-493826cfa9f4:192.168.34.56:42923] with ContainerStateMachine:uninitialized
2019-09-16 18:52:38,715 [pool-87-thread-1] INFO  server.RaftServerConfigKeys (ConfUtils.java:logGet(43)) - raft.server.storage.dir = [/workdir/hadoop-ozone/integration-test/target/test-dir/MiniOzoneClusterImpl-d4df22cc-0c2d-486e-a6a7-bea08512b785/datanode-6/data/ratis] (custom)
2019-09-16 18:52:38,716 [pool-67-thread-1] INFO  server.RaftServerConfigKeys (ConfUtils.java:logGet(43)) - raft.server.rpc.timeout.min = 5s (custom)
2019-09-16 18:52:38,716 [pool-67-thread-1] INFO  server.RaftServerConfigKeys (ConfUtils.java:logGet(43)) - raft.server.rpc.timeout.max = 5200ms (custom)
2019-09-16 18:52:38,716 [pool-87-thread-1] INFO  storage.RaftStorageDirectory (RaftStorageDirectory.java:analyzeStorage(246)) - The storage directory /workdir/hadoop-ozone/integration-test/target/test-dir/MiniOzoneClusterImpl-d4df22cc-0c2d-486e-a6a7-bea08512b785/datanode-6/data/ratis/379bb5e3-52b0-4543-97c8-845541381e21 does not exist. Creating ...
2019-09-16 18:52:38,716 [pool-67-thread-1] INFO  server.RaftServerConfigKeys (ConfUtils.java:logGet(43)) - raft.server.rpcslowness.timeout = 120s (custom)
2019-09-16 18:52:38,716 [pool-67-thread-1] INFO  server.RaftServerConfigKeys (ConfUtils.java:logGet(43)) - raft.server.sleep.deviation.threshold = 300 (default)
2019-09-16 18:52:38,716 [pool-67-thread-1] INFO  server.RaftServerConfigKeys (ConfUtils.java:logGet(43)) - raft.server.log.appender.install.snapshot.enabled = false (custom)
2019-09-16 18:52:38,716 [pool-67-thread-1] INFO  impl.RaftServerImpl (ServerState.java:<init>(103)) - bee99600-be87-4e2f-bca1-493826cfa9f4@group-845541381E21: ConfigurationManager, init=-1: [6b668dd7-26f3-4a2a-98d6-977366dc8866:192.168.34.56:41068, e23021be-5025-43ec-901b-8f315bf6442a:192.168.34.56:36953, bee99600-be87-4e2f-bca1-493826cfa9f4:192.168.34.56:42923], old=null, confs=<EMPTY_MAP>
2019-09-16 18:52:38,717 [pool-67-thread-1] INFO  server.RaftServerConfigKeys (ConfUtils.java:logGet(43)) - raft.server.storage.dir = [/workdir/hadoop-ozone/integration-test/target/test-dir/MiniOzoneClusterImpl-d4df22cc-0c2d-486e-a6a7-bea08512b785/datanode-4/data/ratis] (custom)
2019-09-16 18:52:38,717 [pool-67-thread-1] INFO  storage.RaftStorageDirectory (RaftStorageDirectory.java:analyzeStorage(246)) - The storage directory /workdir/hadoop-ozone/integration-test/target/test-dir/MiniOzoneClusterImpl-d4df22cc-0c2d-486e-a6a7-bea08512b785/datanode-4/data/ratis/379bb5e3-52b0-4543-97c8-845541381e21 does not exist. Creating ...
2019-09-16 18:52:38,726 [pool-87-thread-1] INFO  storage.RaftStorageDirectory (RaftStorageDirectory.java:tryLock(328)) - Lock on /workdir/hadoop-ozone/integration-test/target/test-dir/MiniOzoneClusterImpl-d4df22cc-0c2d-486e-a6a7-bea08512b785/datanode-6/data/ratis/379bb5e3-52b0-4543-97c8-845541381e21/in_use.lock acquired by nodename 7535@pr-hdds-2111-hlhfn-3535364396
2019-09-16 18:52:38,726 [pool-67-thread-1] INFO  storage.RaftStorageDirectory (RaftStorageDirectory.java:tryLock(328)) - Lock on /workdir/hadoop-ozone/integration-test/target/test-dir/MiniOzoneClusterImpl-d4df22cc-0c2d-486e-a6a7-bea08512b785/datanode-4/data/ratis/379bb5e3-52b0-4543-97c8-845541381e21/in_use.lock acquired by nodename 7535@pr-hdds-2111-hlhfn-3535364396
2019-09-16 18:52:38,726 [pool-37-thread-1] INFO  storage.RaftStorageDirectory (RaftStorageDirectory.java:tryLock(328)) - Lock on /workdir/hadoop-ozone/integration-test/target/test-dir/MiniOzoneClusterImpl-d4df22cc-0c2d-486e-a6a7-bea08512b785/datanode-1/data/ratis/379bb5e3-52b0-4543-97c8-845541381e21/in_use.lock acquired by nodename 7535@pr-hdds-2111-hlhfn-3535364396
2019-09-16 18:52:38,742 [pool-87-thread-1] INFO  storage.RaftStorage (RaftStorage.java:format(72)) - Storage directory /workdir/hadoop-ozone/integration-test/target/test-dir/MiniOzoneClusterImpl-d4df22cc-0c2d-486e-a6a7-bea08512b785/datanode-6/data/ratis/379bb5e3-52b0-4543-97c8-845541381e21 has been successfully formatted.
2019-09-16 18:52:38,742 [pool-67-thread-1] INFO  storage.RaftStorage (RaftStorage.java:format(72)) - Storage directory /workdir/hadoop-ozone/integration-test/target/test-dir/MiniOzoneClusterImpl-d4df22cc-0c2d-486e-a6a7-bea08512b785/datanode-4/data/ratis/379bb5e3-52b0-4543-97c8-845541381e21 has been successfully formatted.
2019-09-16 18:52:38,742 [pool-37-thread-1] INFO  storage.RaftStorage (RaftStorage.java:format(72)) - Storage directory /workdir/hadoop-ozone/integration-test/target/test-dir/MiniOzoneClusterImpl-d4df22cc-0c2d-486e-a6a7-bea08512b785/datanode-1/data/ratis/379bb5e3-52b0-4543-97c8-845541381e21 has been successfully formatted.
2019-09-16 18:52:38,742 [pool-87-thread-1] INFO  ratis.ContainerStateMachine (ContainerStateMachine.java:loadSnapshot(230)) - group-845541381E21: The snapshot info is null. Setting the last applied indexto:(t:0, i:~)
2019-09-16 18:52:38,742 [pool-37-thread-1] INFO  ratis.ContainerStateMachine (ContainerStateMachine.java:loadSnapshot(230)) - group-845541381E21: The snapshot info is null. Setting the last applied indexto:(t:0, i:~)
2019-09-16 18:52:38,742 [pool-67-thread-1] INFO  ratis.ContainerStateMachine (ContainerStateMachine.java:loadSnapshot(230)) - group-845541381E21: The snapshot info is null. Setting the last applied indexto:(t:0, i:~)
2019-09-16 18:52:38,742 [pool-37-thread-1] INFO  server.RaftServerConfigKeys (ConfUtils.java:logGet(43)) - raft.server.notification.no-leader.timeout = 120s (custom)
2019-09-16 18:52:38,742 [pool-87-thread-1] INFO  server.RaftServerConfigKeys (ConfUtils.java:logGet(43)) - raft.server.notification.no-leader.timeout = 120s (custom)
2019-09-16 18:52:38,743 [pool-37-thread-1] INFO  server.RaftServerConfigKeys (ConfUtils.java:logGet(43)) - raft.server.log.use.memory = false (default)
2019-09-16 18:52:38,742 [pool-67-thread-1] INFO  server.RaftServerConfigKeys (ConfUtils.java:logGet(43)) - raft.server.notification.no-leader.timeout = 120s (custom)
2019-09-16 18:52:38,743 [pool-37-thread-1] INFO  server.RaftServerConfigKeys (ConfUtils.java:logGet(43)) - raft.server.log.purge.gap = 1000000 (custom)
2019-09-16 18:52:38,743 [pool-87-thread-1] INFO  server.RaftServerConfigKeys (ConfUtils.java:logGet(43)) - raft.server.log.use.memory = false (default)
2019-09-16 18:52:38,743 [pool-37-thread-1] INFO  server.RaftServerConfigKeys (ConfUtils.java:logGet(43)) - raft.server.log.appender.buffer.byte-limit = 33554432 (custom)
2019-09-16 18:52:38,743 [pool-67-thread-1] INFO  server.RaftServerConfigKeys (ConfUtils.java:logGet(43)) - raft.server.log.use.memory = false (default)
2019-09-16 18:52:38,743 [pool-37-thread-1] INFO  server.RaftServerConfigKeys (ConfUtils.java:logGet(43)) - raft.server.log.segment.size.max = 1048576 (custom)
2019-09-16 18:52:38,743 [pool-87-thread-1] INFO  server.RaftServerConfigKeys (ConfUtils.java:logGet(43)) - raft.server.log.purge.gap = 1000000 (custom)
2019-09-16 18:52:38,743 [pool-37-thread-1] INFO  server.RaftServerConfigKeys (ConfUtils.java:logGet(43)) - raft.server.log.segment.cache.num.max = 2 (custom)
2019-09-16 18:52:38,743 [pool-67-thread-1] INFO  server.RaftServerConfigKeys (ConfUtils.java:logGet(43)) - raft.server.log.purge.gap = 1000000 (custom)
2019-09-16 18:52:38,743 [pool-37-thread-1] INFO  segmented.SegmentedRaftLogWorker (SegmentedRaftLogWorker.java:<init>(172)) - new e23021be-5025-43ec-901b-8f315bf6442a@group-845541381E21-SegmentedRaftLogWorker for RaftStorage:Storage Directory /workdir/hadoop-ozone/integration-test/target/test-dir/MiniOzoneClusterImpl-d4df22cc-0c2d-486e-a6a7-bea08512b785/datanode-1/data/ratis/379bb5e3-52b0-4543-97c8-845541381e21
2019-09-16 18:52:38,743 [pool-87-thread-1] INFO  server.RaftServerConfigKeys (ConfUtils.java:logGet(43)) - raft.server.log.appender.buffer.byte-limit = 33554432 (custom)
2019-09-16 18:52:38,744 [pool-37-thread-1] INFO  server.RaftServerConfigKeys (ConfUtils.java:logGet(43)) - raft.server.log.queue.byte-limit = 2147483647 (custom)
2019-09-16 18:52:38,744 [pool-67-thread-1] INFO  server.RaftServerConfigKeys (ConfUtils.java:logGet(43)) - raft.server.log.appender.buffer.byte-limit = 33554432 (custom)
2019-09-16 18:52:38,744 [pool-37-thread-1] INFO  server.RaftServerConfigKeys (ConfUtils.java:logGet(43)) - raft.server.log.queue.element-limit = 1024 (custom)
2019-09-16 18:52:38,744 [pool-87-thread-1] INFO  server.RaftServerConfigKeys (ConfUtils.java:logGet(43)) - raft.server.log.segment.size.max = 1048576 (custom)
2019-09-16 18:52:38,744 [pool-37-thread-1] INFO  server.RaftServerConfigKeys (ConfUtils.java:logGet(43)) - raft.server.log.segment.size.max = 1048576 (custom)
2019-09-16 18:52:38,744 [pool-67-thread-1] INFO  server.RaftServerConfigKeys (ConfUtils.java:logGet(43)) - raft.server.log.segment.size.max = 1048576 (custom)
2019-09-16 18:52:38,744 [pool-37-thread-1] INFO  server.RaftServerConfigKeys (ConfUtils.java:logGet(43)) - raft.server.log.preallocated.size = 16384 (custom)
2019-09-16 18:52:38,744 [pool-87-thread-1] INFO  server.RaftServerConfigKeys (ConfUtils.java:logGet(43)) - raft.server.log.segment.cache.num.max = 2 (custom)
2019-09-16 18:52:38,744 [pool-37-thread-1] INFO  server.RaftServerConfigKeys (ConfUtils.java:logGet(43)) - raft.server.log.write.buffer.size = 33554432 (custom)
2019-09-16 18:52:38,744 [pool-67-thread-1] INFO  server.RaftServerConfigKeys (ConfUtils.java:logGet(43)) - raft.server.log.segment.cache.num.max = 2 (custom)
2019-09-16 18:52:38,745 [pool-37-thread-1] INFO  server.RaftServerConfigKeys (ConfUtils.java:logGet(43)) - raft.server.log.force.sync.num = 128 (default)
2019-09-16 18:52:38,745 [pool-87-thread-1] INFO  segmented.SegmentedRaftLogWorker (SegmentedRaftLogWorker.java:<init>(172)) - new 6b668dd7-26f3-4a2a-98d6-977366dc8866@group-845541381E21-SegmentedRaftLogWorker for RaftStorage:Storage Directory /workdir/hadoop-ozone/integration-test/target/test-dir/MiniOzoneClusterImpl-d4df22cc-0c2d-486e-a6a7-bea08512b785/datanode-6/data/ratis/379bb5e3-52b0-4543-97c8-845541381e21
2019-09-16 18:52:38,745 [pool-37-thread-1] INFO  server.RaftServerConfigKeys (ConfUtils.java:logGet(43)) - raft.server.log.statemachine.data.sync = true (default)
2019-09-16 18:52:38,745 [pool-67-thread-1] INFO  segmented.SegmentedRaftLogWorker (SegmentedRaftLogWorker.java:<init>(172)) - new bee99600-be87-4e2f-bca1-493826cfa9f4@group-845541381E21-SegmentedRaftLogWorker for RaftStorage:Storage Directory /workdir/hadoop-ozone/integration-test/target/test-dir/MiniOzoneClusterImpl-d4df22cc-0c2d-486e-a6a7-bea08512b785/datanode-4/data/ratis/379bb5e3-52b0-4543-97c8-845541381e21
2019-09-16 18:52:38,745 [pool-37-thread-1] INFO  server.RaftServerConfigKeys (ConfUtils.java:logGet(43)) - raft.server.log.statemachine.data.sync.timeout = 10s (default)
2019-09-16 18:52:38,745 [pool-87-thread-1] INFO  server.RaftServerConfigKeys (ConfUtils.java:logGet(43)) - raft.server.log.queue.byte-limit = 2147483647 (custom)
2019-09-16 18:52:38,745 [pool-37-thread-1] INFO  server.RaftServerConfigKeys (ConfUtils.java:logGet(43)) - raft.server.log.statemachine.data.sync.timeout.retry = -1 (default)
2019-09-16 18:52:38,745 [pool-67-thread-1] INFO  server.RaftServerConfigKeys (ConfUtils.java:logGet(43)) - raft.server.log.queue.byte-limit = 2147483647 (custom)
2019-09-16 18:52:38,746 [pool-37-thread-1] INFO  server.RaftServerConfigKeys (ConfUtils.java:logGet(43)) - raft.server.log.statemachine.data.caching.enabled = true (custom)
2019-09-16 18:52:38,745 [pool-87-thread-1] INFO  server.RaftServerConfigKeys (ConfUtils.java:logGet(43)) - raft.server.log.queue.element-limit = 1024 (custom)
2019-09-16 18:52:38,746 [pool-67-thread-1] INFO  server.RaftServerConfigKeys (ConfUtils.java:logGet(43)) - raft.server.log.queue.element-limit = 1024 (custom)
2019-09-16 18:52:38,746 [pool-87-thread-1] INFO  server.RaftServerConfigKeys (ConfUtils.java:logGet(43)) - raft.server.log.segment.size.max = 1048576 (custom)
2019-09-16 18:52:38,746 [pool-67-thread-1] INFO  server.RaftServerConfigKeys (ConfUtils.java:logGet(43)) - raft.server.log.segment.size.max = 1048576 (custom)
2019-09-16 18:52:38,746 [pool-87-thread-1] INFO  server.RaftServerConfigKeys (ConfUtils.java:logGet(43)) - raft.server.log.preallocated.size = 16384 (custom)
2019-09-16 18:52:38,746 [pool-67-thread-1] INFO  server.RaftServerConfigKeys (ConfUtils.java:logGet(43)) - raft.server.log.preallocated.size = 16384 (custom)
2019-09-16 18:52:38,746 [pool-87-thread-1] INFO  server.RaftServerConfigKeys (ConfUtils.java:logGet(43)) - raft.server.log.write.buffer.size = 33554432 (custom)
2019-09-16 18:52:38,746 [pool-67-thread-1] INFO  server.RaftServerConfigKeys (ConfUtils.java:logGet(43)) - raft.server.log.write.buffer.size = 33554432 (custom)
2019-09-16 18:52:38,746 [pool-87-thread-1] INFO  server.RaftServerConfigKeys (ConfUtils.java:logGet(43)) - raft.server.log.force.sync.num = 128 (default)
2019-09-16 18:52:38,747 [pool-67-thread-1] INFO  server.RaftServerConfigKeys (ConfUtils.java:logGet(43)) - raft.server.log.force.sync.num = 128 (default)
2019-09-16 18:52:38,747 [pool-87-thread-1] INFO  server.RaftServerConfigKeys (ConfUtils.java:logGet(43)) - raft.server.log.statemachine.data.sync = true (default)
2019-09-16 18:52:38,747 [pool-67-thread-1] INFO  server.RaftServerConfigKeys (ConfUtils.java:logGet(43)) - raft.server.log.statemachine.data.sync = true (default)
2019-09-16 18:52:38,747 [pool-87-thread-1] INFO  server.RaftServerConfigKeys (ConfUtils.java:logGet(43)) - raft.server.log.statemachine.data.sync.timeout = 10s (default)
2019-09-16 18:52:38,747 [pool-67-thread-1] INFO  server.RaftServerConfigKeys (ConfUtils.java:logGet(43)) - raft.server.log.statemachine.data.sync.timeout = 10s (default)
2019-09-16 18:52:38,747 [pool-87-thread-1] INFO  server.RaftServerConfigKeys (ConfUtils.java:logGet(43)) - raft.server.log.statemachine.data.sync.timeout.retry = -1 (default)
2019-09-16 18:52:38,747 [pool-67-thread-1] INFO  server.RaftServerConfigKeys (ConfUtils.java:logGet(43)) - raft.server.log.statemachine.data.sync.timeout.retry = -1 (default)
2019-09-16 18:52:38,747 [pool-87-thread-1] INFO  server.RaftServerConfigKeys (ConfUtils.java:logGet(43)) - raft.server.log.statemachine.data.caching.enabled = true (custom)
2019-09-16 18:52:38,747 [pool-67-thread-1] INFO  server.RaftServerConfigKeys (ConfUtils.java:logGet(43)) - raft.server.log.statemachine.data.caching.enabled = true (custom)
2019-09-16 18:52:38,756 [pool-87-thread-1] INFO  segmented.SegmentedRaftLogWorker (SegmentedRaftLogWorker.java:lambda$new$0(132)) - 6b668dd7-26f3-4a2a-98d6-977366dc8866@group-845541381E21-SegmentedRaftLogWorker: flushIndex: setUnconditionally 0 -> -1
2019-09-16 18:52:38,756 [pool-67-thread-1] INFO  segmented.SegmentedRaftLogWorker (SegmentedRaftLogWorker.java:lambda$new$0(132)) - bee99600-be87-4e2f-bca1-493826cfa9f4@group-845541381E21-SegmentedRaftLogWorker: flushIndex: setUnconditionally 0 -> -1
2019-09-16 18:52:38,756 [pool-37-thread-1] INFO  segmented.SegmentedRaftLogWorker (SegmentedRaftLogWorker.java:lambda$new$0(132)) - e23021be-5025-43ec-901b-8f315bf6442a@group-845541381E21-SegmentedRaftLogWorker: flushIndex: setUnconditionally 0 -> -1
2019-09-16 18:52:38,756 [pool-87-thread-1] INFO  server.RaftServerConfigKeys (ConfUtils.java:logGet(43)) - raft.server.snapshot.auto.trigger.enabled = true (custom)
2019-09-16 18:52:38,757 [pool-67-thread-1] INFO  server.RaftServerConfigKeys (ConfUtils.java:logGet(43)) - raft.server.snapshot.auto.trigger.enabled = true (custom)
2019-09-16 18:52:38,757 [pool-87-thread-1] INFO  server.RaftServerConfigKeys (ConfUtils.java:logGet(43)) - raft.server.snapshot.auto.trigger.threshold = 10000 (custom)
2019-09-16 18:52:38,757 [pool-37-thread-1] INFO  server.RaftServerConfigKeys (ConfUtils.java:logGet(43)) - raft.server.snapshot.auto.trigger.enabled = true (custom)
2019-09-16 18:52:38,757 [pool-87-thread-1] INFO  server.RaftServerConfigKeys (ConfUtils.java:logGet(43)) - raft.server.snapshot.retention.num.files = -1 (default)
2019-09-16 18:52:38,757 [pool-67-thread-1] INFO  server.RaftServerConfigKeys (ConfUtils.java:logGet(43)) - raft.server.snapshot.auto.trigger.threshold = 10000 (custom)
2019-09-16 18:52:38,757 [pool-87-thread-1] INFO  server.RaftServerConfigKeys (ConfUtils.java:logGet(43)) - raft.server.retrycache.expirytime = 600000ms (custom)
2019-09-16 18:52:38,757 [pool-37-thread-1] INFO  server.RaftServerConfigKeys (ConfUtils.java:logGet(43)) - raft.server.snapshot.auto.trigger.threshold = 10000 (custom)
2019-09-16 18:52:38,757 [pool-67-thread-1] INFO  server.RaftServerConfigKeys (ConfUtils.java:logGet(43)) - raft.server.snapshot.retention.num.files = -1 (default)
2019-09-16 18:52:38,758 [pool-37-thread-1] INFO  server.RaftServerConfigKeys (ConfUtils.java:logGet(43)) - raft.server.snapshot.retention.num.files = -1 (default)
2019-09-16 18:52:38,758 [pool-67-thread-1] INFO  server.RaftServerConfigKeys (ConfUtils.java:logGet(43)) - raft.server.retrycache.expirytime = 600000ms (custom)
2019-09-16 18:52:38,758 [pool-37-thread-1] INFO  server.RaftServerConfigKeys (ConfUtils.java:logGet(43)) - raft.server.retrycache.expirytime = 600000ms (custom)
2019-09-16 18:52:38,764 [pool-87-thread-1] INFO  impl.RaftServerImpl (RaftServerImpl.java:start(185)) - 6b668dd7-26f3-4a2a-98d6-977366dc8866@group-845541381E21: start as a follower, conf=-1: [6b668dd7-26f3-4a2a-98d6-977366dc8866:192.168.34.56:41068, e23021be-5025-43ec-901b-8f315bf6442a:192.168.34.56:36953, bee99600-be87-4e2f-bca1-493826cfa9f4:192.168.34.56:42923], old=null
2019-09-16 18:52:38,764 [pool-87-thread-1] INFO  impl.RaftServerImpl (RaftServerImpl.java:setRole(174)) - 6b668dd7-26f3-4a2a-98d6-977366dc8866@group-845541381E21: changes role from      null to FOLLOWER at term 0 for startAsFollower
2019-09-16 18:52:38,764 [pool-67-thread-1] INFO  impl.RaftServerImpl (RaftServerImpl.java:start(185)) - bee99600-be87-4e2f-bca1-493826cfa9f4@group-845541381E21: start as a follower, conf=-1: [6b668dd7-26f3-4a2a-98d6-977366dc8866:192.168.34.56:41068, e23021be-5025-43ec-901b-8f315bf6442a:192.168.34.56:36953, bee99600-be87-4e2f-bca1-493826cfa9f4:192.168.34.56:42923], old=null
2019-09-16 18:52:38,764 [pool-37-thread-1] INFO  impl.RaftServerImpl (RaftServerImpl.java:start(185)) - e23021be-5025-43ec-901b-8f315bf6442a@group-845541381E21: start as a follower, conf=-1: [6b668dd7-26f3-4a2a-98d6-977366dc8866:192.168.34.56:41068, e23021be-5025-43ec-901b-8f315bf6442a:192.168.34.56:36953, bee99600-be87-4e2f-bca1-493826cfa9f4:192.168.34.56:42923], old=null
2019-09-16 18:52:38,764 [pool-87-thread-1] INFO  impl.RoleInfo (RoleInfo.java:updateAndGet(143)) - 6b668dd7-26f3-4a2a-98d6-977366dc8866: start FollowerState
2019-09-16 18:52:38,764 [pool-37-thread-1] INFO  impl.RaftServerImpl (RaftServerImpl.java:setRole(174)) - e23021be-5025-43ec-901b-8f315bf6442a@group-845541381E21: changes role from      null to FOLLOWER at term 0 for startAsFollower
2019-09-16 18:52:38,764 [pool-67-thread-1] INFO  impl.RaftServerImpl (RaftServerImpl.java:setRole(174)) - bee99600-be87-4e2f-bca1-493826cfa9f4@group-845541381E21: changes role from      null to FOLLOWER at term 0 for startAsFollower
2019-09-16 18:52:38,765 [pool-37-thread-1] INFO  impl.RoleInfo (RoleInfo.java:updateAndGet(143)) - e23021be-5025-43ec-901b-8f315bf6442a: start FollowerState
2019-09-16 18:52:38,775 [pool-87-thread-1] INFO  util.JmxRegister (JmxRegister.java:tryRegister(44)) - Successfully registered JMX Bean with object name Ratis:service=RaftServer,group=group-845541381E21,id=6b668dd7-26f3-4a2a-98d6-977366dc8866
2019-09-16 18:52:38,765 [pool-67-thread-1] INFO  impl.RoleInfo (RoleInfo.java:updateAndGet(143)) - bee99600-be87-4e2f-bca1-493826cfa9f4: start FollowerState
2019-09-16 18:52:38,776 [pool-37-thread-1] INFO  util.JmxRegister (JmxRegister.java:tryRegister(44)) - Successfully registered JMX Bean with object name Ratis:service=RaftServer,group=group-845541381E21,id=e23021be-5025-43ec-901b-8f315bf6442a
2019-09-16 18:52:38,781 [pool-67-thread-1] INFO  util.JmxRegister (JmxRegister.java:tryRegister(44)) - Successfully registered JMX Bean with object name Ratis:service=RaftServer,group=group-845541381E21,id=bee99600-be87-4e2f-bca1-493826cfa9f4
2019-09-16 18:52:38,783 [RatisPipelineUtilsThread] INFO  pipeline.PipelineStateManager (PipelineStateManager.java:addPipeline(56)) - Created pipeline Pipeline[ Id: 379bb5e3-52b0-4543-97c8-845541381e21, Nodes: e23021be-5025-43ec-901b-8f315bf6442a{ip: 192.168.34.56, host: pr-hdds-2111-hlhfn-3535364396, networkLocation: /default-rack, certSerialId: null}bee99600-be87-4e2f-bca1-493826cfa9f4{ip: 192.168.34.56, host: pr-hdds-2111-hlhfn-3535364396, networkLocation: /default-rack, certSerialId: null}6b668dd7-26f3-4a2a-98d6-977366dc8866{ip: 192.168.34.56, host: pr-hdds-2111-hlhfn-3535364396, networkLocation: /default-rack, certSerialId: null}, Type:RATIS, Factor:THREE, State:OPEN]
2019-09-16 18:52:38,850 [grpc-default-executor-4] INFO  client.GrpcClientProtocolClient (GrpcClientProtocolClient.java:onNext(264)) - client-850E16054EFB->d6e5a99c-4067-45a5-9f51-68f82ac62b1e: receive RaftClientReply:client-850E16054EFB->d6e5a99c-4067-45a5-9f51-68f82ac62b1e@group-49CA373404FE, cid=238, SUCCESS, logIndex=7, commits[d6e5a99c-4067-45a5-9f51-68f82ac62b1e:c7, e9384e49-5c15-4fe8-918f-d27f1539ccef:c6, e8c1cc56-fd3a-4c1f-a15b-7334942b67be:c6]
2019-09-16 18:52:38,875 [grpc-default-executor-8] INFO  client.GrpcClientProtocolClient (GrpcClientProtocolClient.java:onNext(264)) - client-850E16054EFB->d6e5a99c-4067-45a5-9f51-68f82ac62b1e: receive RaftClientReply:client-850E16054EFB->d6e5a99c-4067-45a5-9f51-68f82ac62b1e@group-49CA373404FE, cid=239, SUCCESS, logIndex=9, commits[d6e5a99c-4067-45a5-9f51-68f82ac62b1e:c9, e9384e49-5c15-4fe8-918f-d27f1539ccef:c7, e8c1cc56-fd3a-4c1f-a15b-7334942b67be:c7]
2019-09-16 18:52:38,931 [grpc-default-executor-10] INFO  client.GrpcClientProtocolClient (GrpcClientProtocolClient.java:onNext(264)) - client-850E16054EFB->d6e5a99c-4067-45a5-9f51-68f82ac62b1e: receive RaftClientReply:client-850E16054EFB->d6e5a99c-4067-45a5-9f51-68f82ac62b1e@group-49CA373404FE, cid=240, SUCCESS, logIndex=10, commits[d6e5a99c-4067-45a5-9f51-68f82ac62b1e:c18, e9384e49-5c15-4fe8-918f-d27f1539ccef:c14, e8c1cc56-fd3a-4c1f-a15b-7334942b67be:c15]
2019-09-16 18:52:38,932 [grpc-default-executor-10] INFO  client.GrpcClientProtocolClient (GrpcClientProtocolClient.java:onNext(264)) - client-850E16054EFB->d6e5a99c-4067-45a5-9f51-68f82ac62b1e: receive RaftClientReply:client-850E16054EFB->d6e5a99c-4067-45a5-9f51-68f82ac62b1e@group-49CA373404FE, cid=241, SUCCESS, logIndex=11, commits[d6e5a99c-4067-45a5-9f51-68f82ac62b1e:c18, e9384e49-5c15-4fe8-918f-d27f1539ccef:c14, e8c1cc56-fd3a-4c1f-a15b-7334942b67be:c15]
2019-09-16 18:52:38,933 [grpc-default-executor-10] INFO  client.GrpcClientProtocolClient (GrpcClientProtocolClient.java:onNext(264)) - client-850E16054EFB->d6e5a99c-4067-45a5-9f51-68f82ac62b1e: receive RaftClientReply:client-850E16054EFB->d6e5a99c-4067-45a5-9f51-68f82ac62b1e@group-49CA373404FE, cid=242, SUCCESS, logIndex=12, commits[d6e5a99c-4067-45a5-9f51-68f82ac62b1e:c18, e9384e49-5c15-4fe8-918f-d27f1539ccef:c14, e8c1cc56-fd3a-4c1f-a15b-7334942b67be:c15]
2019-09-16 18:52:39,039 [grpc-default-executor-10] INFO  client.GrpcClientProtocolClient (GrpcClientProtocolClient.java:onNext(264)) - client-850E16054EFB->d6e5a99c-4067-45a5-9f51-68f82ac62b1e: receive RaftClientReply:client-850E16054EFB->d6e5a99c-4067-45a5-9f51-68f82ac62b1e@group-49CA373404FE, cid=243, SUCCESS, logIndex=14, commits[d6e5a99c-4067-45a5-9f51-68f82ac62b1e:c18, e9384e49-5c15-4fe8-918f-d27f1539ccef:c14, e8c1cc56-fd3a-4c1f-a15b-7334942b67be:c15]
]]></system-out>
  </testcase>
</testsuite>