<?xml version="1.0" encoding="UTF-8"?>
<testsuite xmlns:xsi="http://www.w3.org/2001/XMLSchema-instance" xsi:noNamespaceSchemaLocation="https://maven.apache.org/surefire/maven-surefire-plugin/xsd/surefire-test-report.xsd" name="org.apache.hadoop.hdds.scm.pipeline.TestNode2PipelineMap" time="36.835" tests="1" errors="1" skipped="0" failures="0">
  <properties>
    <property name="awt.toolkit" value="sun.awt.X11.XToolkit"/>
    <property name="file.encoding.pkg" value="sun.io"/>
    <property name="java.specification.version" value="1.8"/>
    <property name="sun.cpu.isalist" value=""/>
    <property name="sun.jnu.encoding" value="UTF-8"/>
    <property name="java.class.path" value="/workdir/hadoop-ozone/integration-test/target/test-classes:/workdir/hadoop-ozone/integration-test/target/classes:/home/user/.m2/repository/org/apache/hadoop/hadoop-ozone-common/0.5.0-SNAPSHOT/hadoop-ozone-common-0.5.0-SNAPSHOT.jar:/home/user/.m2/repository/org/apache/commons/commons-compress/1.4.1/commons-compress-1.4.1.jar:/home/user/.m2/repository/org/tukaani/xz/1.0/xz-1.0.jar:/home/user/.m2/repository/org/apache/hadoop/hadoop-common/3.2.0/hadoop-common-3.2.0.jar:/home/user/.m2/repository/org/apache/hadoop/hadoop-hdfs/3.2.0/hadoop-hdfs-3.2.0.jar:/home/user/.m2/repository/org/apache/hadoop/hadoop-hdfs-client/3.2.0/hadoop-hdfs-client-3.2.0.jar:/home/user/.m2/repository/com/fasterxml/jackson/core/jackson-annotations/2.9.5/jackson-annotations-2.9.5.jar:/home/user/.m2/repository/org/apache/hadoop/hadoop-hdds-common/0.5.0-SNAPSHOT/hadoop-hdds-common-0.5.0-SNAPSHOT.jar:/home/user/.m2/repository/javax/annotation/javax.annotation-api/1.2/javax.annotation-api-1.2.jar:/home/user/.m2/repository/org/apache/ratis/ratis-server/0.4.0-2337318-SNAPSHOT/ratis-server-0.4.0-2337318-SNAPSHOT.jar:/home/user/.m2/repository/org/apache/ratis/ratis-thirdparty-misc/0.2.0/ratis-thirdparty-misc-0.2.0.jar:/home/user/.m2/repository/org/apache/ratis/ratis-proto/0.4.0-2337318-SNAPSHOT/ratis-proto-0.4.0-2337318-SNAPSHOT.jar:/home/user/.m2/repository/org/apache/ratis/ratis-common/0.4.0-2337318-SNAPSHOT/ratis-common-0.4.0-2337318-SNAPSHOT.jar:/home/user/.m2/repository/org/apache/ratis/ratis-client/0.4.0-2337318-SNAPSHOT/ratis-client-0.4.0-2337318-SNAPSHOT.jar:/home/user/.m2/repository/org/apache/ratis/ratis-metrics/0.4.0-2337318-SNAPSHOT/ratis-metrics-0.4.0-2337318-SNAPSHOT.jar:/home/user/.m2/repository/org/apache/ratis/ratis-netty/0.4.0-2337318-SNAPSHOT/ratis-netty-0.4.0-2337318-SNAPSHOT.jar:/home/user/.m2/repository/org/apache/ratis/ratis-grpc/0.4.0-2337318-SNAPSHOT/ratis-grpc-0.4.0-2337318-SNAPSHOT.jar:/home/user/.m2/repository/org/rocksdb/rocksdbjni/6.0.1/rocksdbjni-6.0.1.jar:/home/user/.m2/repository/org/apache/logging/log4j/log4j-api/2.11.0/log4j-api-2.11.0.jar:/home/user/.m2/repository/org/apache/logging/log4j/log4j-core/2.11.0/log4j-core-2.11.0.jar:/home/user/.m2/repository/com/lmax/disruptor/3.4.2/disruptor-3.4.2.jar:/home/user/.m2/repository/org/apache/commons/commons-pool2/2.6.0/commons-pool2-2.6.0.jar:/home/user/.m2/repository/org/bouncycastle/bcpkix-jdk15on/1.60/bcpkix-jdk15on-1.60.jar:/home/user/.m2/repository/commons-validator/commons-validator/1.6/commons-validator-1.6.jar:/home/user/.m2/repository/commons-digester/commons-digester/1.8.1/commons-digester-1.8.1.jar:/home/user/.m2/repository/io/jaegertracing/jaeger-client/0.33.1/jaeger-client-0.33.1.jar:/home/user/.m2/repository/io/jaegertracing/jaeger-thrift/0.33.1/jaeger-thrift-0.33.1.jar:/home/user/.m2/repository/org/apache/thrift/libthrift/0.11.0/libthrift-0.11.0.jar:/home/user/.m2/repository/com/squareup/okhttp3/okhttp/3.9.0/okhttp-3.9.0.jar:/home/user/.m2/repository/com/squareup/okio/okio/1.13.0/okio-1.13.0.jar:/home/user/.m2/repository/io/jaegertracing/jaeger-core/0.33.1/jaeger-core-0.33.1.jar:/home/user/.m2/repository/io/jaegertracing/jaeger-tracerresolver/0.33.1/jaeger-tracerresolver-0.33.1.jar:/home/user/.m2/repository/io/opentracing/contrib/opentracing-tracerresolver/0.1.5/opentracing-tracerresolver-0.1.5.jar:/home/user/.m2/repository/io/opentracing/opentracing-util/0.31.0/opentracing-util-0.31.0.jar:/home/user/.m2/repository/io/opentracing/opentracing-api/0.31.0/opentracing-api-0.31.0.jar:/home/user/.m2/repository/io/opentracing/opentracing-noop/0.31.0/opentracing-noop-0.31.0.jar:/home/user/.m2/repository/org/apache/hadoop/hadoop-hdds-server-framework/0.5.0-SNAPSHOT/hadoop-hdds-server-framework-0.5.0-SNAPSHOT.jar:/home/user/.m2/repository/org/apache/hadoop/hadoop-hdds-container-service/0.5.0-SNAPSHOT/hadoop-hdds-container-service-0.5.0-SNAPSHOT.jar:/home/user/.m2/repository/org/apache/hadoop/hadoop-hdds-client/0.5.0-SNAPSHOT/hadoop-hdds-client-0.5.0-SNAPSHOT.jar:/home/user/.m2/repository/org/apache/hadoop/hadoop-hdds-tools/0.5.0-SNAPSHOT/hadoop-hdds-tools-0.5.0-SNAPSHOT.jar:/home/user/.m2/repository/org/apache/hadoop/hadoop-hdds-server-scm/0.5.0-SNAPSHOT/hadoop-hdds-server-scm-0.5.0-SNAPSHOT.jar:/home/user/.m2/repository/org/apache/hadoop/hadoop-hdds-docs/0.5.0-SNAPSHOT/hadoop-hdds-docs-0.5.0-SNAPSHOT.jar:/home/user/.m2/repository/io/dropwizard/metrics/metrics-core/3.2.4/metrics-core-3.2.4.jar:/home/user/.m2/repository/org/hamcrest/hamcrest-all/1.3/hamcrest-all-1.3.jar:/home/user/.m2/repository/org/bouncycastle/bcprov-jdk15on/1.60/bcprov-jdk15on-1.60.jar:/home/user/.m2/repository/info/picocli/picocli/3.9.6/picocli-3.9.6.jar:/home/user/.m2/repository/com/google/protobuf/protobuf-java/2.5.0/protobuf-java-2.5.0.jar:/home/user/.m2/repository/com/google/guava/guava/11.0.2/guava-11.0.2.jar:/home/user/.m2/repository/org/apache/hadoop/hadoop-ozone-ozone-manager/0.5.0-SNAPSHOT/hadoop-ozone-ozone-manager-0.5.0-SNAPSHOT.jar:/home/user/.m2/repository/org/apache/hadoop/hadoop-minikdc/3.2.0/hadoop-minikdc-3.2.0.jar:/home/user/.m2/repository/commons-io/commons-io/2.5/commons-io-2.5.jar:/home/user/.m2/repository/org/apache/kerby/kerb-simplekdc/1.0.1/kerb-simplekdc-1.0.1.jar:/home/user/.m2/repository/org/apache/kerby/kerb-client/1.0.1/kerb-client-1.0.1.jar:/home/user/.m2/repository/org/apache/kerby/kerby-config/1.0.1/kerby-config-1.0.1.jar:/home/user/.m2/repository/org/apache/kerby/kerb-core/1.0.1/kerb-core-1.0.1.jar:/home/user/.m2/repository/org/apache/kerby/kerby-pkix/1.0.1/kerby-pkix-1.0.1.jar:/home/user/.m2/repository/org/apache/kerby/kerby-asn1/1.0.1/kerby-asn1-1.0.1.jar:/home/user/.m2/repository/org/apache/kerby/kerby-util/1.0.1/kerby-util-1.0.1.jar:/home/user/.m2/repository/org/apache/kerby/kerb-common/1.0.1/kerb-common-1.0.1.jar:/home/user/.m2/repository/org/apache/kerby/kerb-crypto/1.0.1/kerb-crypto-1.0.1.jar:/home/user/.m2/repository/org/apache/kerby/kerb-util/1.0.1/kerb-util-1.0.1.jar:/home/user/.m2/repository/org/apache/kerby/token-provider/1.0.1/token-provider-1.0.1.jar:/home/user/.m2/repository/org/apache/kerby/kerb-admin/1.0.1/kerb-admin-1.0.1.jar:/home/user/.m2/repository/org/apache/kerby/kerb-server/1.0.1/kerb-server-1.0.1.jar:/home/user/.m2/repository/org/apache/kerby/kerb-identity/1.0.1/kerb-identity-1.0.1.jar:/home/user/.m2/repository/org/apache/kerby/kerby-xdr/1.0.1/kerby-xdr-1.0.1.jar:/home/user/.m2/repository/org/slf4j/slf4j-log4j12/1.7.25/slf4j-log4j12-1.7.25.jar:/home/user/.m2/repository/org/apache/hadoop/hadoop-ozone-objectstore-service/0.5.0-SNAPSHOT/hadoop-ozone-objectstore-service-0.5.0-SNAPSHOT.jar:/home/user/.m2/repository/org/apache/hadoop/hadoop-ozone-s3gateway/0.5.0-SNAPSHOT/hadoop-ozone-s3gateway-0.5.0-SNAPSHOT.jar:/home/user/.m2/repository/org/jboss/weld/servlet/weld-servlet/2.4.7.Final/weld-servlet-2.4.7.Final.jar:/home/user/.m2/repository/org/glassfish/jersey/containers/jersey-container-servlet-core/2.27/jersey-container-servlet-core-2.27.jar:/home/user/.m2/repository/org/glassfish/hk2/external/javax.inject/2.5.0-b42/javax.inject-2.5.0-b42.jar:/home/user/.m2/repository/org/glassfish/jersey/core/jersey-common/2.27/jersey-common-2.27.jar:/home/user/.m2/repository/org/glassfish/hk2/osgi-resource-locator/1.0.1/osgi-resource-locator-1.0.1.jar:/home/user/.m2/repository/javax/ws/rs/javax.ws.rs-api/2.1/javax.ws.rs-api-2.1.jar:/home/user/.m2/repository/org/glassfish/jersey/ext/cdi/jersey-cdi1x/2.27/jersey-cdi1x-2.27.jar:/home/user/.m2/repository/org/glassfish/jersey/inject/jersey-hk2/2.27/jersey-hk2-2.27.jar:/home/user/.m2/repository/org/glassfish/hk2/hk2-locator/2.5.0-b42/hk2-locator-2.5.0-b42.jar:/home/user/.m2/repository/org/javassist/javassist/3.22.0-CR2/javassist-3.22.0-CR2.jar:/home/user/.m2/repository/org/glassfish/hk2/hk2-api/2.5.0/hk2-api-2.5.0.jar:/home/user/.m2/repository/org/glassfish/hk2/external/jakarta.inject/2.5.0/jakarta.inject-2.5.0.jar:/home/user/.m2/repository/org/glassfish/hk2/hk2-utils/2.5.0/hk2-utils-2.5.0.jar:/home/user/.m2/repository/jakarta/annotation/jakarta.annotation-api/1.3.4/jakarta.annotation-api-1.3.4.jar:/home/user/.m2/repository/org/glassfish/hk2/external/aopalliance-repackaged/2.5.0/aopalliance-repackaged-2.5.0.jar:/home/user/.m2/repository/com/fasterxml/jackson/dataformat/jackson-dataformat-xml/2.9.0/jackson-dataformat-xml-2.9.0.jar:/home/user/.m2/repository/com/fasterxml/jackson/core/jackson-core/2.9.5/jackson-core-2.9.5.jar:/home/user/.m2/repository/com/fasterxml/jackson/module/jackson-module-jaxb-annotations/2.9.5/jackson-module-jaxb-annotations-2.9.5.jar:/home/user/.m2/repository/javax/enterprise/cdi-api/1.2/cdi-api-1.2.jar:/home/user/.m2/repository/javax/el/javax.el-api/3.0.0/javax.el-api-3.0.0.jar:/home/user/.m2/repository/javax/interceptor/javax.interceptor-api/1.2/javax.interceptor-api-1.2.jar:/home/user/.m2/repository/javax/inject/javax.inject/1/javax.inject-1.jar:/home/user/.m2/repository/com/sun/xml/bind/jaxb-impl/2.3.0.1/jaxb-impl-2.3.0.1.jar:/home/user/.m2/repository/com/sun/xml/bind/jaxb-core/2.3.0.1/jaxb-core-2.3.0.1.jar:/home/user/.m2/repository/javax/xml/bind/jaxb-api/2.3.0/jaxb-api-2.3.0.jar:/home/user/.m2/repository/javax/activation/activation/1.1.1/activation-1.1.1.jar:/home/user/.m2/repository/org/apache/hadoop/hadoop-ozone-csi/0.5.0-SNAPSHOT/hadoop-ozone-csi-0.5.0-SNAPSHOT.jar:/home/user/.m2/repository/com/google/protobuf/protobuf-java-util/3.5.1/protobuf-java-util-3.5.1.jar:/home/user/.m2/repository/org/apache/hadoop/hadoop-hdds-config/0.5.0-SNAPSHOT/hadoop-hdds-config-0.5.0-SNAPSHOT.jar:/home/user/.m2/repository/io/grpc/grpc-netty/1.17.1/grpc-netty-1.17.1.jar:/home/user/.m2/repository/io/grpc/grpc-core/1.17.1/grpc-core-1.17.1.jar:/home/user/.m2/repository/io/grpc/grpc-context/1.17.1/grpc-context-1.17.1.jar:/home/user/.m2/repository/com/google/errorprone/error_prone_annotations/2.2.0/error_prone_annotations-2.2.0.jar:/home/user/.m2/repository/org/codehaus/mojo/animal-sniffer-annotations/1.17/animal-sniffer-annotations-1.17.jar:/home/user/.m2/repository/io/opencensus/opencensus-api/0.17.0/opencensus-api-0.17.0.jar:/home/user/.m2/repository/io/opencensus/opencensus-contrib-grpc-metrics/0.17.0/opencensus-contrib-grpc-metrics-0.17.0.jar:/home/user/.m2/repository/io/netty/netty-codec-http2/4.1.30.Final/netty-codec-http2-4.1.30.Final.jar:/home/user/.m2/repository/io/netty/netty-codec-http/4.1.30.Final/netty-codec-http-4.1.30.Final.jar:/home/user/.m2/repository/io/netty/netty-codec/4.1.30.Final/netty-codec-4.1.30.Final.jar:/home/user/.m2/repository/io/netty/netty-handler/4.1.30.Final/netty-handler-4.1.30.Final.jar:/home/user/.m2/repository/io/netty/netty-handler-proxy/4.1.30.Final/netty-handler-proxy-4.1.30.Final.jar:/home/user/.m2/repository/io/netty/netty-codec-socks/4.1.30.Final/netty-codec-socks-4.1.30.Final.jar:/home/user/.m2/repository/io/netty/netty-transport-native-epoll/4.1.30.Final/netty-transport-native-epoll-4.1.30.Final.jar:/home/user/.m2/repository/io/netty/netty-common/4.1.30.Final/netty-common-4.1.30.Final.jar:/home/user/.m2/repository/io/netty/netty-buffer/4.1.30.Final/netty-buffer-4.1.30.Final.jar:/home/user/.m2/repository/io/netty/netty-transport/4.1.30.Final/netty-transport-4.1.30.Final.jar:/home/user/.m2/repository/io/netty/netty-resolver/4.1.30.Final/netty-resolver-4.1.30.Final.jar:/home/user/.m2/repository/io/netty/netty-transport-native-unix-common/4.1.30.Final/netty-transport-native-unix-common-4.1.30.Final.jar:/home/user/.m2/repository/io/grpc/grpc-protobuf/1.17.1/grpc-protobuf-1.17.1.jar:/home/user/.m2/repository/com/google/api/grpc/proto-google-common-protos/1.0.0/proto-google-common-protos-1.0.0.jar:/home/user/.m2/repository/io/grpc/grpc-protobuf-lite/1.17.1/grpc-protobuf-lite-1.17.1.jar:/home/user/.m2/repository/io/grpc/grpc-stub/1.17.1/grpc-stub-1.17.1.jar:/home/user/.m2/repository/org/apache/hadoop/hadoop-ozone-recon/0.5.0-SNAPSHOT/hadoop-ozone-recon-0.5.0-SNAPSHOT.jar:/home/user/.m2/repository/org/apache/hadoop/hadoop-ozone-reconcodegen/0.5.0-SNAPSHOT/hadoop-ozone-reconcodegen-0.5.0-SNAPSHOT.jar:/home/user/.m2/repository/com/google/inject/extensions/guice-multibindings/4.0/guice-multibindings-4.0.jar:/home/user/.m2/repository/com/google/inject/guice/4.0/guice-4.0.jar:/home/user/.m2/repository/aopalliance/aopalliance/1.0/aopalliance-1.0.jar:/home/user/.m2/repository/com/google/inject/extensions/guice-servlet/4.0/guice-servlet-4.0.jar:/home/user/.m2/repository/org/glassfish/jersey/containers/jersey-container-servlet/2.27/jersey-container-servlet-2.27.jar:/home/user/.m2/repository/org/glassfish/hk2/guice-bridge/2.5.0/guice-bridge-2.5.0.jar:/home/user/.m2/repository/org/glassfish/jersey/core/jersey-server/2.27/jersey-server-2.27.jar:/home/user/.m2/repository/org/glassfish/jersey/core/jersey-client/2.27/jersey-client-2.27.jar:/home/user/.m2/repository/org/glassfish/jersey/media/jersey-media-jaxb/2.27/jersey-media-jaxb-2.27.jar:/home/user/.m2/repository/javax/validation/validation-api/1.1.0.Final/validation-api-1.1.0.Final.jar:/home/user/.m2/repository/org/glassfish/jersey/media/jersey-media-json-jackson/2.27/jersey-media-json-jackson-2.27.jar:/home/user/.m2/repository/org/glassfish/jersey/ext/jersey-entity-filtering/2.27/jersey-entity-filtering-2.27.jar:/home/user/.m2/repository/com/google/inject/extensions/guice-assistedinject/4.0/guice-assistedinject-4.0.jar:/home/user/.m2/repository/org/jooq/jooq/3.11.10/jooq-3.11.10.jar:/home/user/.m2/repository/org/jooq/jooq-meta/3.11.10/jooq-meta-3.11.10.jar:/home/user/.m2/repository/org/jooq/jooq-codegen/3.11.10/jooq-codegen-3.11.10.jar:/home/user/.m2/repository/com/jolbox/bonecp/0.8.0.RELEASE/bonecp-0.8.0.RELEASE.jar:/home/user/.m2/repository/org/xerial/sqlite-jdbc/3.25.2/sqlite-jdbc-3.25.2.jar:/home/user/.m2/repository/org/springframework/spring-jdbc/5.1.3.RELEASE/spring-jdbc-5.1.3.RELEASE.jar:/home/user/.m2/repository/org/springframework/spring-beans/5.1.3.RELEASE/spring-beans-5.1.3.RELEASE.jar:/home/user/.m2/repository/org/springframework/spring-core/5.1.3.RELEASE/spring-core-5.1.3.RELEASE.jar:/home/user/.m2/repository/org/springframework/spring-jcl/5.1.3.RELEASE/spring-jcl-5.1.3.RELEASE.jar:/home/user/.m2/repository/org/springframework/spring-tx/5.1.3.RELEASE/spring-tx-5.1.3.RELEASE.jar:/home/user/.m2/repository/org/apache/hadoop/hadoop-ozone-client/0.5.0-SNAPSHOT/hadoop-ozone-client-0.5.0-SNAPSHOT.jar:/home/user/.m2/repository/commons-lang/commons-lang/2.6/commons-lang-2.6.jar:/home/user/.m2/repository/org/apache/hadoop/hadoop-ozone-ozone-manager/0.5.0-SNAPSHOT/hadoop-ozone-ozone-manager-0.5.0-SNAPSHOT-tests.jar:/home/user/.m2/repository/junit/junit/4.11/junit-4.11.jar:/home/user/.m2/repository/org/hamcrest/hamcrest-core/1.3/hamcrest-core-1.3.jar:/home/user/.m2/repository/org/openjdk/jmh/jmh-core/1.19/jmh-core-1.19.jar:/home/user/.m2/repository/net/sf/jopt-simple/jopt-simple/4.6/jopt-simple-4.6.jar:/home/user/.m2/repository/org/apache/commons/commons-math3/3.1.1/commons-math3-3.1.1.jar:/home/user/.m2/repository/org/openjdk/jmh/jmh-generator-annprocess/1.19/jmh-generator-annprocess-1.19.jar:/home/user/.m2/repository/org/mockito/mockito-all/1.8.5/mockito-all-1.8.5.jar:/home/user/.m2/repository/org/apache/hadoop/hadoop-kms/3.2.0/hadoop-kms-3.2.0.jar:/home/user/.m2/repository/org/apache/hadoop/hadoop-auth/3.2.0/hadoop-auth-3.2.0.jar:/home/user/.m2/repository/com/nimbusds/nimbus-jose-jwt/4.41.1/nimbus-jose-jwt-4.41.1.jar:/home/user/.m2/repository/com/github/stephenc/jcip/jcip-annotations/1.0-1/jcip-annotations-1.0-1.jar:/home/user/.m2/repository/net/minidev/json-smart/2.3/json-smart-2.3.jar:/home/user/.m2/repository/net/minidev/accessors-smart/1.2/accessors-smart-1.2.jar:/home/user/.m2/repository/org/ow2/asm/asm/5.0.4/asm-5.0.4.jar:/home/user/.m2/repository/org/apache/curator/curator-framework/2.12.0/curator-framework-2.12.0.jar:/home/user/.m2/repository/com/sun/jersey/jersey-core/1.19/jersey-core-1.19.jar:/home/user/.m2/repository/javax/ws/rs/jsr311-api/1.1.1/jsr311-api-1.1.1.jar:/home/user/.m2/repository/com/sun/jersey/jersey-server/1.19/jersey-server-1.19.jar:/home/user/.m2/repository/javax/servlet/javax.servlet-api/3.1.0/javax.servlet-api-3.1.0.jar:/home/user/.m2/repository/org/eclipse/jetty/jetty-server/9.3.24.v20180605/jetty-server-9.3.24.v20180605.jar:/home/user/.m2/repository/org/eclipse/jetty/jetty-http/9.3.24.v20180605/jetty-http-9.3.24.v20180605.jar:/home/user/.m2/repository/org/eclipse/jetty/jetty-io/9.3.24.v20180605/jetty-io-9.3.24.v20180605.jar:/home/user/.m2/repository/org/eclipse/jetty/jetty-webapp/9.3.24.v20180605/jetty-webapp-9.3.24.v20180605.jar:/home/user/.m2/repository/org/eclipse/jetty/jetty-xml/9.3.24.v20180605/jetty-xml-9.3.24.v20180605.jar:/home/user/.m2/repository/log4j/log4j/1.2.17/log4j-1.2.17.jar:/home/user/.m2/repository/org/slf4j/slf4j-api/1.7.25/slf4j-api-1.7.25.jar:/home/user/.m2/repository/org/slf4j/jul-to-slf4j/1.7.25/jul-to-slf4j-1.7.25.jar:/home/user/.m2/repository/org/eclipse/jetty/jetty-util/9.3.24.v20180605/jetty-util-9.3.24.v20180605.jar:/home/user/.m2/repository/com/fasterxml/jackson/core/jackson-databind/2.9.5/jackson-databind-2.9.5.jar:/home/user/.m2/repository/org/apache/hadoop/hadoop-kms/3.2.0/hadoop-kms-3.2.0-tests.jar:/home/user/.m2/repository/org/apache/hadoop/hadoop-hdds-server-scm/0.5.0-SNAPSHOT/hadoop-hdds-server-scm-0.5.0-SNAPSHOT-tests.jar:/home/user/.m2/repository/org/apache/hadoop/hadoop-hdds-container-service/0.5.0-SNAPSHOT/hadoop-hdds-container-service-0.5.0-SNAPSHOT-tests.jar:/home/user/.m2/repository/org/yaml/snakeyaml/1.16/snakeyaml-1.16.jar:/home/user/.m2/repository/org/apache/hadoop/hadoop-common/3.2.0/hadoop-common-3.2.0-tests.jar:/home/user/.m2/repository/org/apache/hadoop/hadoop-annotations/3.2.0/hadoop-annotations-3.2.0.jar:/usr/lib/jvm/java-1.8-openjdk/jre/../lib/tools.jar:/home/user/.m2/repository/commons-cli/commons-cli/1.2/commons-cli-1.2.jar:/home/user/.m2/repository/org/apache/httpcomponents/httpclient/4.5.2/httpclient-4.5.2.jar:/home/user/.m2/repository/org/apache/httpcomponents/httpcore/4.4.4/httpcore-4.4.4.jar:/home/user/.m2/repository/commons-codec/commons-codec/1.11/commons-codec-1.11.jar:/home/user/.m2/repository/commons-net/commons-net/3.6/commons-net-3.6.jar:/home/user/.m2/repository/commons-collections/commons-collections/3.2.2/commons-collections-3.2.2.jar:/home/user/.m2/repository/org/eclipse/jetty/jetty-servlet/9.3.24.v20180605/jetty-servlet-9.3.24.v20180605.jar:/home/user/.m2/repository/org/eclipse/jetty/jetty-security/9.3.24.v20180605/jetty-security-9.3.24.v20180605.jar:/home/user/.m2/repository/javax/servlet/jsp/jsp-api/2.1/jsp-api-2.1.jar:/home/user/.m2/repository/com/sun/jersey/jersey-servlet/1.19/jersey-servlet-1.19.jar:/home/user/.m2/repository/com/sun/jersey/jersey-json/1.19/jersey-json-1.19.jar:/home/user/.m2/repository/org/codehaus/jettison/jettison/1.1/jettison-1.1.jar:/home/user/.m2/repository/org/codehaus/jackson/jackson-core-asl/1.9.13/jackson-core-asl-1.9.13.jar:/home/user/.m2/repository/org/codehaus/jackson/jackson-mapper-asl/1.9.13/jackson-mapper-asl-1.9.13.jar:/home/user/.m2/repository/org/codehaus/jackson/jackson-jaxrs/1.9.13/jackson-jaxrs-1.9.13.jar:/home/user/.m2/repository/org/codehaus/jackson/jackson-xc/1.9.13/jackson-xc-1.9.13.jar:/home/user/.m2/repository/commons-logging/commons-logging/1.1.3/commons-logging-1.1.3.jar:/home/user/.m2/repository/commons-beanutils/commons-beanutils/1.9.3/commons-beanutils-1.9.3.jar:/home/user/.m2/repository/org/apache/commons/commons-configuration2/2.1.1/commons-configuration2-2.1.1.jar:/home/user/.m2/repository/org/apache/commons/commons-lang3/3.7/commons-lang3-3.7.jar:/home/user/.m2/repository/org/apache/commons/commons-text/1.4/commons-text-1.4.jar:/home/user/.m2/repository/org/apache/avro/avro/1.7.7/avro-1.7.7.jar:/home/user/.m2/repository/com/thoughtworks/paranamer/paranamer/2.3/paranamer-2.3.jar:/home/user/.m2/repository/org/xerial/snappy/snappy-java/1.0.5/snappy-java-1.0.5.jar:/home/user/.m2/repository/com/google/re2j/re2j/1.1/re2j-1.1.jar:/home/user/.m2/repository/com/google/code/gson/gson/2.2.4/gson-2.2.4.jar:/home/user/.m2/repository/com/jcraft/jsch/0.1.54/jsch-0.1.54.jar:/home/user/.m2/repository/org/apache/curator/curator-client/2.12.0/curator-client-2.12.0.jar:/home/user/.m2/repository/org/apache/curator/curator-recipes/2.12.0/curator-recipes-2.12.0.jar:/home/user/.m2/repository/com/google/code/findbugs/jsr305/3.0.0/jsr305-3.0.0.jar:/home/user/.m2/repository/org/apache/htrace/htrace-core4/4.1.0-incubating/htrace-core4-4.1.0-incubating.jar:/home/user/.m2/repository/org/apache/zookeeper/zookeeper/3.4.13/zookeeper-3.4.13.jar:/home/user/.m2/repository/org/apache/yetus/audience-annotations/0.5.0/audience-annotations-0.5.0.jar:/home/user/.m2/repository/org/codehaus/woodstox/stax2-api/3.1.4/stax2-api-3.1.4.jar:/home/user/.m2/repository/com/fasterxml/woodstox/woodstox-core/5.0.3/woodstox-core-5.0.3.jar:/home/user/.m2/repository/dnsjava/dnsjava/2.1.7/dnsjava-2.1.7.jar:/home/user/.m2/repository/org/apache/hadoop/hadoop-hdfs/3.2.0/hadoop-hdfs-3.2.0-tests.jar:/home/user/.m2/repository/org/eclipse/jetty/jetty-util-ajax/9.3.24.v20180605/jetty-util-ajax-9.3.24.v20180605.jar:/home/user/.m2/repository/commons-daemon/commons-daemon/1.0.13/commons-daemon-1.0.13.jar:/home/user/.m2/repository/io/netty/netty/3.10.5.Final/netty-3.10.5.Final.jar:/home/user/.m2/repository/io/netty/netty-all/4.0.52.Final/netty-all-4.0.52.Final.jar:/home/user/.m2/repository/org/fusesource/leveldbjni/leveldbjni-all/1.8/leveldbjni-all-1.8.jar:"/>
    <property name="java.vm.vendor" value="IcedTea"/>
    <property name="sun.arch.data.model" value="64"/>
    <property name="test.build.dir" value="/workdir/hadoop-ozone/integration-test/target/test-dir"/>
    <property name="test.cache.data" value=""/>
    <property name="java.vendor.url" value="https://icedtea.classpath.org"/>
    <property name="user.timezone" value=""/>
    <property name="java.vm.specification.version" value="1.8"/>
    <property name="os.name" value="Linux"/>
    <property name="test.build.data" value="/workdir/hadoop-ozone/integration-test/target/test-dir"/>
    <property name="user.country" value="US"/>
    <property name="sun.java.launcher" value="SUN_STANDARD"/>
    <property name="sun.boot.library.path" value="/usr/lib/jvm/java-1.8-openjdk/jre/lib/amd64"/>
    <property name="sun.java.command" value="/workdir/hadoop-ozone/integration-test/target/surefire/surefirebooter4951686607863227405.jar /workdir/hadoop-ozone/integration-test/target/surefire 2019-08-27T08-06-45_418-jvmRun1 surefire7871078118001682187tmp surefire_908083182968259705988tmp"/>
    <property name="test" value="!TestMiniChaosOzoneCluster"/>
    <property name="surefire.test.class.path" value="/workdir/hadoop-ozone/integration-test/target/test-classes:/workdir/hadoop-ozone/integration-test/target/classes:/home/user/.m2/repository/org/apache/hadoop/hadoop-ozone-common/0.5.0-SNAPSHOT/hadoop-ozone-common-0.5.0-SNAPSHOT.jar:/home/user/.m2/repository/org/apache/commons/commons-compress/1.4.1/commons-compress-1.4.1.jar:/home/user/.m2/repository/org/tukaani/xz/1.0/xz-1.0.jar:/home/user/.m2/repository/org/apache/hadoop/hadoop-common/3.2.0/hadoop-common-3.2.0.jar:/home/user/.m2/repository/org/apache/hadoop/hadoop-hdfs/3.2.0/hadoop-hdfs-3.2.0.jar:/home/user/.m2/repository/org/apache/hadoop/hadoop-hdfs-client/3.2.0/hadoop-hdfs-client-3.2.0.jar:/home/user/.m2/repository/com/fasterxml/jackson/core/jackson-annotations/2.9.5/jackson-annotations-2.9.5.jar:/home/user/.m2/repository/org/apache/hadoop/hadoop-hdds-common/0.5.0-SNAPSHOT/hadoop-hdds-common-0.5.0-SNAPSHOT.jar:/home/user/.m2/repository/javax/annotation/javax.annotation-api/1.2/javax.annotation-api-1.2.jar:/home/user/.m2/repository/org/apache/ratis/ratis-server/0.4.0-2337318-SNAPSHOT/ratis-server-0.4.0-2337318-SNAPSHOT.jar:/home/user/.m2/repository/org/apache/ratis/ratis-thirdparty-misc/0.2.0/ratis-thirdparty-misc-0.2.0.jar:/home/user/.m2/repository/org/apache/ratis/ratis-proto/0.4.0-2337318-SNAPSHOT/ratis-proto-0.4.0-2337318-SNAPSHOT.jar:/home/user/.m2/repository/org/apache/ratis/ratis-common/0.4.0-2337318-SNAPSHOT/ratis-common-0.4.0-2337318-SNAPSHOT.jar:/home/user/.m2/repository/org/apache/ratis/ratis-client/0.4.0-2337318-SNAPSHOT/ratis-client-0.4.0-2337318-SNAPSHOT.jar:/home/user/.m2/repository/org/apache/ratis/ratis-metrics/0.4.0-2337318-SNAPSHOT/ratis-metrics-0.4.0-2337318-SNAPSHOT.jar:/home/user/.m2/repository/org/apache/ratis/ratis-netty/0.4.0-2337318-SNAPSHOT/ratis-netty-0.4.0-2337318-SNAPSHOT.jar:/home/user/.m2/repository/org/apache/ratis/ratis-grpc/0.4.0-2337318-SNAPSHOT/ratis-grpc-0.4.0-2337318-SNAPSHOT.jar:/home/user/.m2/repository/org/rocksdb/rocksdbjni/6.0.1/rocksdbjni-6.0.1.jar:/home/user/.m2/repository/org/apache/logging/log4j/log4j-api/2.11.0/log4j-api-2.11.0.jar:/home/user/.m2/repository/org/apache/logging/log4j/log4j-core/2.11.0/log4j-core-2.11.0.jar:/home/user/.m2/repository/com/lmax/disruptor/3.4.2/disruptor-3.4.2.jar:/home/user/.m2/repository/org/apache/commons/commons-pool2/2.6.0/commons-pool2-2.6.0.jar:/home/user/.m2/repository/org/bouncycastle/bcpkix-jdk15on/1.60/bcpkix-jdk15on-1.60.jar:/home/user/.m2/repository/commons-validator/commons-validator/1.6/commons-validator-1.6.jar:/home/user/.m2/repository/commons-digester/commons-digester/1.8.1/commons-digester-1.8.1.jar:/home/user/.m2/repository/io/jaegertracing/jaeger-client/0.33.1/jaeger-client-0.33.1.jar:/home/user/.m2/repository/io/jaegertracing/jaeger-thrift/0.33.1/jaeger-thrift-0.33.1.jar:/home/user/.m2/repository/org/apache/thrift/libthrift/0.11.0/libthrift-0.11.0.jar:/home/user/.m2/repository/com/squareup/okhttp3/okhttp/3.9.0/okhttp-3.9.0.jar:/home/user/.m2/repository/com/squareup/okio/okio/1.13.0/okio-1.13.0.jar:/home/user/.m2/repository/io/jaegertracing/jaeger-core/0.33.1/jaeger-core-0.33.1.jar:/home/user/.m2/repository/io/jaegertracing/jaeger-tracerresolver/0.33.1/jaeger-tracerresolver-0.33.1.jar:/home/user/.m2/repository/io/opentracing/contrib/opentracing-tracerresolver/0.1.5/opentracing-tracerresolver-0.1.5.jar:/home/user/.m2/repository/io/opentracing/opentracing-util/0.31.0/opentracing-util-0.31.0.jar:/home/user/.m2/repository/io/opentracing/opentracing-api/0.31.0/opentracing-api-0.31.0.jar:/home/user/.m2/repository/io/opentracing/opentracing-noop/0.31.0/opentracing-noop-0.31.0.jar:/home/user/.m2/repository/org/apache/hadoop/hadoop-hdds-server-framework/0.5.0-SNAPSHOT/hadoop-hdds-server-framework-0.5.0-SNAPSHOT.jar:/home/user/.m2/repository/org/apache/hadoop/hadoop-hdds-container-service/0.5.0-SNAPSHOT/hadoop-hdds-container-service-0.5.0-SNAPSHOT.jar:/home/user/.m2/repository/org/apache/hadoop/hadoop-hdds-client/0.5.0-SNAPSHOT/hadoop-hdds-client-0.5.0-SNAPSHOT.jar:/home/user/.m2/repository/org/apache/hadoop/hadoop-hdds-tools/0.5.0-SNAPSHOT/hadoop-hdds-tools-0.5.0-SNAPSHOT.jar:/home/user/.m2/repository/org/apache/hadoop/hadoop-hdds-server-scm/0.5.0-SNAPSHOT/hadoop-hdds-server-scm-0.5.0-SNAPSHOT.jar:/home/user/.m2/repository/org/apache/hadoop/hadoop-hdds-docs/0.5.0-SNAPSHOT/hadoop-hdds-docs-0.5.0-SNAPSHOT.jar:/home/user/.m2/repository/io/dropwizard/metrics/metrics-core/3.2.4/metrics-core-3.2.4.jar:/home/user/.m2/repository/org/hamcrest/hamcrest-all/1.3/hamcrest-all-1.3.jar:/home/user/.m2/repository/org/bouncycastle/bcprov-jdk15on/1.60/bcprov-jdk15on-1.60.jar:/home/user/.m2/repository/info/picocli/picocli/3.9.6/picocli-3.9.6.jar:/home/user/.m2/repository/com/google/protobuf/protobuf-java/2.5.0/protobuf-java-2.5.0.jar:/home/user/.m2/repository/com/google/guava/guava/11.0.2/guava-11.0.2.jar:/home/user/.m2/repository/org/apache/hadoop/hadoop-ozone-ozone-manager/0.5.0-SNAPSHOT/hadoop-ozone-ozone-manager-0.5.0-SNAPSHOT.jar:/home/user/.m2/repository/org/apache/hadoop/hadoop-minikdc/3.2.0/hadoop-minikdc-3.2.0.jar:/home/user/.m2/repository/commons-io/commons-io/2.5/commons-io-2.5.jar:/home/user/.m2/repository/org/apache/kerby/kerb-simplekdc/1.0.1/kerb-simplekdc-1.0.1.jar:/home/user/.m2/repository/org/apache/kerby/kerb-client/1.0.1/kerb-client-1.0.1.jar:/home/user/.m2/repository/org/apache/kerby/kerby-config/1.0.1/kerby-config-1.0.1.jar:/home/user/.m2/repository/org/apache/kerby/kerb-core/1.0.1/kerb-core-1.0.1.jar:/home/user/.m2/repository/org/apache/kerby/kerby-pkix/1.0.1/kerby-pkix-1.0.1.jar:/home/user/.m2/repository/org/apache/kerby/kerby-asn1/1.0.1/kerby-asn1-1.0.1.jar:/home/user/.m2/repository/org/apache/kerby/kerby-util/1.0.1/kerby-util-1.0.1.jar:/home/user/.m2/repository/org/apache/kerby/kerb-common/1.0.1/kerb-common-1.0.1.jar:/home/user/.m2/repository/org/apache/kerby/kerb-crypto/1.0.1/kerb-crypto-1.0.1.jar:/home/user/.m2/repository/org/apache/kerby/kerb-util/1.0.1/kerb-util-1.0.1.jar:/home/user/.m2/repository/org/apache/kerby/token-provider/1.0.1/token-provider-1.0.1.jar:/home/user/.m2/repository/org/apache/kerby/kerb-admin/1.0.1/kerb-admin-1.0.1.jar:/home/user/.m2/repository/org/apache/kerby/kerb-server/1.0.1/kerb-server-1.0.1.jar:/home/user/.m2/repository/org/apache/kerby/kerb-identity/1.0.1/kerb-identity-1.0.1.jar:/home/user/.m2/repository/org/apache/kerby/kerby-xdr/1.0.1/kerby-xdr-1.0.1.jar:/home/user/.m2/repository/org/slf4j/slf4j-log4j12/1.7.25/slf4j-log4j12-1.7.25.jar:/home/user/.m2/repository/org/apache/hadoop/hadoop-ozone-objectstore-service/0.5.0-SNAPSHOT/hadoop-ozone-objectstore-service-0.5.0-SNAPSHOT.jar:/home/user/.m2/repository/org/apache/hadoop/hadoop-ozone-s3gateway/0.5.0-SNAPSHOT/hadoop-ozone-s3gateway-0.5.0-SNAPSHOT.jar:/home/user/.m2/repository/org/jboss/weld/servlet/weld-servlet/2.4.7.Final/weld-servlet-2.4.7.Final.jar:/home/user/.m2/repository/org/glassfish/jersey/containers/jersey-container-servlet-core/2.27/jersey-container-servlet-core-2.27.jar:/home/user/.m2/repository/org/glassfish/hk2/external/javax.inject/2.5.0-b42/javax.inject-2.5.0-b42.jar:/home/user/.m2/repository/org/glassfish/jersey/core/jersey-common/2.27/jersey-common-2.27.jar:/home/user/.m2/repository/org/glassfish/hk2/osgi-resource-locator/1.0.1/osgi-resource-locator-1.0.1.jar:/home/user/.m2/repository/javax/ws/rs/javax.ws.rs-api/2.1/javax.ws.rs-api-2.1.jar:/home/user/.m2/repository/org/glassfish/jersey/ext/cdi/jersey-cdi1x/2.27/jersey-cdi1x-2.27.jar:/home/user/.m2/repository/org/glassfish/jersey/inject/jersey-hk2/2.27/jersey-hk2-2.27.jar:/home/user/.m2/repository/org/glassfish/hk2/hk2-locator/2.5.0-b42/hk2-locator-2.5.0-b42.jar:/home/user/.m2/repository/org/javassist/javassist/3.22.0-CR2/javassist-3.22.0-CR2.jar:/home/user/.m2/repository/org/glassfish/hk2/hk2-api/2.5.0/hk2-api-2.5.0.jar:/home/user/.m2/repository/org/glassfish/hk2/external/jakarta.inject/2.5.0/jakarta.inject-2.5.0.jar:/home/user/.m2/repository/org/glassfish/hk2/hk2-utils/2.5.0/hk2-utils-2.5.0.jar:/home/user/.m2/repository/jakarta/annotation/jakarta.annotation-api/1.3.4/jakarta.annotation-api-1.3.4.jar:/home/user/.m2/repository/org/glassfish/hk2/external/aopalliance-repackaged/2.5.0/aopalliance-repackaged-2.5.0.jar:/home/user/.m2/repository/com/fasterxml/jackson/dataformat/jackson-dataformat-xml/2.9.0/jackson-dataformat-xml-2.9.0.jar:/home/user/.m2/repository/com/fasterxml/jackson/core/jackson-core/2.9.5/jackson-core-2.9.5.jar:/home/user/.m2/repository/com/fasterxml/jackson/module/jackson-module-jaxb-annotations/2.9.5/jackson-module-jaxb-annotations-2.9.5.jar:/home/user/.m2/repository/javax/enterprise/cdi-api/1.2/cdi-api-1.2.jar:/home/user/.m2/repository/javax/el/javax.el-api/3.0.0/javax.el-api-3.0.0.jar:/home/user/.m2/repository/javax/interceptor/javax.interceptor-api/1.2/javax.interceptor-api-1.2.jar:/home/user/.m2/repository/javax/inject/javax.inject/1/javax.inject-1.jar:/home/user/.m2/repository/com/sun/xml/bind/jaxb-impl/2.3.0.1/jaxb-impl-2.3.0.1.jar:/home/user/.m2/repository/com/sun/xml/bind/jaxb-core/2.3.0.1/jaxb-core-2.3.0.1.jar:/home/user/.m2/repository/javax/xml/bind/jaxb-api/2.3.0/jaxb-api-2.3.0.jar:/home/user/.m2/repository/javax/activation/activation/1.1.1/activation-1.1.1.jar:/home/user/.m2/repository/org/apache/hadoop/hadoop-ozone-csi/0.5.0-SNAPSHOT/hadoop-ozone-csi-0.5.0-SNAPSHOT.jar:/home/user/.m2/repository/com/google/protobuf/protobuf-java-util/3.5.1/protobuf-java-util-3.5.1.jar:/home/user/.m2/repository/org/apache/hadoop/hadoop-hdds-config/0.5.0-SNAPSHOT/hadoop-hdds-config-0.5.0-SNAPSHOT.jar:/home/user/.m2/repository/io/grpc/grpc-netty/1.17.1/grpc-netty-1.17.1.jar:/home/user/.m2/repository/io/grpc/grpc-core/1.17.1/grpc-core-1.17.1.jar:/home/user/.m2/repository/io/grpc/grpc-context/1.17.1/grpc-context-1.17.1.jar:/home/user/.m2/repository/com/google/errorprone/error_prone_annotations/2.2.0/error_prone_annotations-2.2.0.jar:/home/user/.m2/repository/org/codehaus/mojo/animal-sniffer-annotations/1.17/animal-sniffer-annotations-1.17.jar:/home/user/.m2/repository/io/opencensus/opencensus-api/0.17.0/opencensus-api-0.17.0.jar:/home/user/.m2/repository/io/opencensus/opencensus-contrib-grpc-metrics/0.17.0/opencensus-contrib-grpc-metrics-0.17.0.jar:/home/user/.m2/repository/io/netty/netty-codec-http2/4.1.30.Final/netty-codec-http2-4.1.30.Final.jar:/home/user/.m2/repository/io/netty/netty-codec-http/4.1.30.Final/netty-codec-http-4.1.30.Final.jar:/home/user/.m2/repository/io/netty/netty-codec/4.1.30.Final/netty-codec-4.1.30.Final.jar:/home/user/.m2/repository/io/netty/netty-handler/4.1.30.Final/netty-handler-4.1.30.Final.jar:/home/user/.m2/repository/io/netty/netty-handler-proxy/4.1.30.Final/netty-handler-proxy-4.1.30.Final.jar:/home/user/.m2/repository/io/netty/netty-codec-socks/4.1.30.Final/netty-codec-socks-4.1.30.Final.jar:/home/user/.m2/repository/io/netty/netty-transport-native-epoll/4.1.30.Final/netty-transport-native-epoll-4.1.30.Final.jar:/home/user/.m2/repository/io/netty/netty-common/4.1.30.Final/netty-common-4.1.30.Final.jar:/home/user/.m2/repository/io/netty/netty-buffer/4.1.30.Final/netty-buffer-4.1.30.Final.jar:/home/user/.m2/repository/io/netty/netty-transport/4.1.30.Final/netty-transport-4.1.30.Final.jar:/home/user/.m2/repository/io/netty/netty-resolver/4.1.30.Final/netty-resolver-4.1.30.Final.jar:/home/user/.m2/repository/io/netty/netty-transport-native-unix-common/4.1.30.Final/netty-transport-native-unix-common-4.1.30.Final.jar:/home/user/.m2/repository/io/grpc/grpc-protobuf/1.17.1/grpc-protobuf-1.17.1.jar:/home/user/.m2/repository/com/google/api/grpc/proto-google-common-protos/1.0.0/proto-google-common-protos-1.0.0.jar:/home/user/.m2/repository/io/grpc/grpc-protobuf-lite/1.17.1/grpc-protobuf-lite-1.17.1.jar:/home/user/.m2/repository/io/grpc/grpc-stub/1.17.1/grpc-stub-1.17.1.jar:/home/user/.m2/repository/org/apache/hadoop/hadoop-ozone-recon/0.5.0-SNAPSHOT/hadoop-ozone-recon-0.5.0-SNAPSHOT.jar:/home/user/.m2/repository/org/apache/hadoop/hadoop-ozone-reconcodegen/0.5.0-SNAPSHOT/hadoop-ozone-reconcodegen-0.5.0-SNAPSHOT.jar:/home/user/.m2/repository/com/google/inject/extensions/guice-multibindings/4.0/guice-multibindings-4.0.jar:/home/user/.m2/repository/com/google/inject/guice/4.0/guice-4.0.jar:/home/user/.m2/repository/aopalliance/aopalliance/1.0/aopalliance-1.0.jar:/home/user/.m2/repository/com/google/inject/extensions/guice-servlet/4.0/guice-servlet-4.0.jar:/home/user/.m2/repository/org/glassfish/jersey/containers/jersey-container-servlet/2.27/jersey-container-servlet-2.27.jar:/home/user/.m2/repository/org/glassfish/hk2/guice-bridge/2.5.0/guice-bridge-2.5.0.jar:/home/user/.m2/repository/org/glassfish/jersey/core/jersey-server/2.27/jersey-server-2.27.jar:/home/user/.m2/repository/org/glassfish/jersey/core/jersey-client/2.27/jersey-client-2.27.jar:/home/user/.m2/repository/org/glassfish/jersey/media/jersey-media-jaxb/2.27/jersey-media-jaxb-2.27.jar:/home/user/.m2/repository/javax/validation/validation-api/1.1.0.Final/validation-api-1.1.0.Final.jar:/home/user/.m2/repository/org/glassfish/jersey/media/jersey-media-json-jackson/2.27/jersey-media-json-jackson-2.27.jar:/home/user/.m2/repository/org/glassfish/jersey/ext/jersey-entity-filtering/2.27/jersey-entity-filtering-2.27.jar:/home/user/.m2/repository/com/google/inject/extensions/guice-assistedinject/4.0/guice-assistedinject-4.0.jar:/home/user/.m2/repository/org/jooq/jooq/3.11.10/jooq-3.11.10.jar:/home/user/.m2/repository/org/jooq/jooq-meta/3.11.10/jooq-meta-3.11.10.jar:/home/user/.m2/repository/org/jooq/jooq-codegen/3.11.10/jooq-codegen-3.11.10.jar:/home/user/.m2/repository/com/jolbox/bonecp/0.8.0.RELEASE/bonecp-0.8.0.RELEASE.jar:/home/user/.m2/repository/org/xerial/sqlite-jdbc/3.25.2/sqlite-jdbc-3.25.2.jar:/home/user/.m2/repository/org/springframework/spring-jdbc/5.1.3.RELEASE/spring-jdbc-5.1.3.RELEASE.jar:/home/user/.m2/repository/org/springframework/spring-beans/5.1.3.RELEASE/spring-beans-5.1.3.RELEASE.jar:/home/user/.m2/repository/org/springframework/spring-core/5.1.3.RELEASE/spring-core-5.1.3.RELEASE.jar:/home/user/.m2/repository/org/springframework/spring-jcl/5.1.3.RELEASE/spring-jcl-5.1.3.RELEASE.jar:/home/user/.m2/repository/org/springframework/spring-tx/5.1.3.RELEASE/spring-tx-5.1.3.RELEASE.jar:/home/user/.m2/repository/org/apache/hadoop/hadoop-ozone-client/0.5.0-SNAPSHOT/hadoop-ozone-client-0.5.0-SNAPSHOT.jar:/home/user/.m2/repository/commons-lang/commons-lang/2.6/commons-lang-2.6.jar:/home/user/.m2/repository/org/apache/hadoop/hadoop-ozone-ozone-manager/0.5.0-SNAPSHOT/hadoop-ozone-ozone-manager-0.5.0-SNAPSHOT-tests.jar:/home/user/.m2/repository/junit/junit/4.11/junit-4.11.jar:/home/user/.m2/repository/org/hamcrest/hamcrest-core/1.3/hamcrest-core-1.3.jar:/home/user/.m2/repository/org/openjdk/jmh/jmh-core/1.19/jmh-core-1.19.jar:/home/user/.m2/repository/net/sf/jopt-simple/jopt-simple/4.6/jopt-simple-4.6.jar:/home/user/.m2/repository/org/apache/commons/commons-math3/3.1.1/commons-math3-3.1.1.jar:/home/user/.m2/repository/org/openjdk/jmh/jmh-generator-annprocess/1.19/jmh-generator-annprocess-1.19.jar:/home/user/.m2/repository/org/mockito/mockito-all/1.8.5/mockito-all-1.8.5.jar:/home/user/.m2/repository/org/apache/hadoop/hadoop-kms/3.2.0/hadoop-kms-3.2.0.jar:/home/user/.m2/repository/org/apache/hadoop/hadoop-auth/3.2.0/hadoop-auth-3.2.0.jar:/home/user/.m2/repository/com/nimbusds/nimbus-jose-jwt/4.41.1/nimbus-jose-jwt-4.41.1.jar:/home/user/.m2/repository/com/github/stephenc/jcip/jcip-annotations/1.0-1/jcip-annotations-1.0-1.jar:/home/user/.m2/repository/net/minidev/json-smart/2.3/json-smart-2.3.jar:/home/user/.m2/repository/net/minidev/accessors-smart/1.2/accessors-smart-1.2.jar:/home/user/.m2/repository/org/ow2/asm/asm/5.0.4/asm-5.0.4.jar:/home/user/.m2/repository/org/apache/curator/curator-framework/2.12.0/curator-framework-2.12.0.jar:/home/user/.m2/repository/com/sun/jersey/jersey-core/1.19/jersey-core-1.19.jar:/home/user/.m2/repository/javax/ws/rs/jsr311-api/1.1.1/jsr311-api-1.1.1.jar:/home/user/.m2/repository/com/sun/jersey/jersey-server/1.19/jersey-server-1.19.jar:/home/user/.m2/repository/javax/servlet/javax.servlet-api/3.1.0/javax.servlet-api-3.1.0.jar:/home/user/.m2/repository/org/eclipse/jetty/jetty-server/9.3.24.v20180605/jetty-server-9.3.24.v20180605.jar:/home/user/.m2/repository/org/eclipse/jetty/jetty-http/9.3.24.v20180605/jetty-http-9.3.24.v20180605.jar:/home/user/.m2/repository/org/eclipse/jetty/jetty-io/9.3.24.v20180605/jetty-io-9.3.24.v20180605.jar:/home/user/.m2/repository/org/eclipse/jetty/jetty-webapp/9.3.24.v20180605/jetty-webapp-9.3.24.v20180605.jar:/home/user/.m2/repository/org/eclipse/jetty/jetty-xml/9.3.24.v20180605/jetty-xml-9.3.24.v20180605.jar:/home/user/.m2/repository/log4j/log4j/1.2.17/log4j-1.2.17.jar:/home/user/.m2/repository/org/slf4j/slf4j-api/1.7.25/slf4j-api-1.7.25.jar:/home/user/.m2/repository/org/slf4j/jul-to-slf4j/1.7.25/jul-to-slf4j-1.7.25.jar:/home/user/.m2/repository/org/eclipse/jetty/jetty-util/9.3.24.v20180605/jetty-util-9.3.24.v20180605.jar:/home/user/.m2/repository/com/fasterxml/jackson/core/jackson-databind/2.9.5/jackson-databind-2.9.5.jar:/home/user/.m2/repository/org/apache/hadoop/hadoop-kms/3.2.0/hadoop-kms-3.2.0-tests.jar:/home/user/.m2/repository/org/apache/hadoop/hadoop-hdds-server-scm/0.5.0-SNAPSHOT/hadoop-hdds-server-scm-0.5.0-SNAPSHOT-tests.jar:/home/user/.m2/repository/org/apache/hadoop/hadoop-hdds-container-service/0.5.0-SNAPSHOT/hadoop-hdds-container-service-0.5.0-SNAPSHOT-tests.jar:/home/user/.m2/repository/org/yaml/snakeyaml/1.16/snakeyaml-1.16.jar:/home/user/.m2/repository/org/apache/hadoop/hadoop-common/3.2.0/hadoop-common-3.2.0-tests.jar:/home/user/.m2/repository/org/apache/hadoop/hadoop-annotations/3.2.0/hadoop-annotations-3.2.0.jar:/usr/lib/jvm/java-1.8-openjdk/jre/../lib/tools.jar:/home/user/.m2/repository/commons-cli/commons-cli/1.2/commons-cli-1.2.jar:/home/user/.m2/repository/org/apache/httpcomponents/httpclient/4.5.2/httpclient-4.5.2.jar:/home/user/.m2/repository/org/apache/httpcomponents/httpcore/4.4.4/httpcore-4.4.4.jar:/home/user/.m2/repository/commons-codec/commons-codec/1.11/commons-codec-1.11.jar:/home/user/.m2/repository/commons-net/commons-net/3.6/commons-net-3.6.jar:/home/user/.m2/repository/commons-collections/commons-collections/3.2.2/commons-collections-3.2.2.jar:/home/user/.m2/repository/org/eclipse/jetty/jetty-servlet/9.3.24.v20180605/jetty-servlet-9.3.24.v20180605.jar:/home/user/.m2/repository/org/eclipse/jetty/jetty-security/9.3.24.v20180605/jetty-security-9.3.24.v20180605.jar:/home/user/.m2/repository/javax/servlet/jsp/jsp-api/2.1/jsp-api-2.1.jar:/home/user/.m2/repository/com/sun/jersey/jersey-servlet/1.19/jersey-servlet-1.19.jar:/home/user/.m2/repository/com/sun/jersey/jersey-json/1.19/jersey-json-1.19.jar:/home/user/.m2/repository/org/codehaus/jettison/jettison/1.1/jettison-1.1.jar:/home/user/.m2/repository/org/codehaus/jackson/jackson-core-asl/1.9.13/jackson-core-asl-1.9.13.jar:/home/user/.m2/repository/org/codehaus/jackson/jackson-mapper-asl/1.9.13/jackson-mapper-asl-1.9.13.jar:/home/user/.m2/repository/org/codehaus/jackson/jackson-jaxrs/1.9.13/jackson-jaxrs-1.9.13.jar:/home/user/.m2/repository/org/codehaus/jackson/jackson-xc/1.9.13/jackson-xc-1.9.13.jar:/home/user/.m2/repository/commons-logging/commons-logging/1.1.3/commons-logging-1.1.3.jar:/home/user/.m2/repository/commons-beanutils/commons-beanutils/1.9.3/commons-beanutils-1.9.3.jar:/home/user/.m2/repository/org/apache/commons/commons-configuration2/2.1.1/commons-configuration2-2.1.1.jar:/home/user/.m2/repository/org/apache/commons/commons-lang3/3.7/commons-lang3-3.7.jar:/home/user/.m2/repository/org/apache/commons/commons-text/1.4/commons-text-1.4.jar:/home/user/.m2/repository/org/apache/avro/avro/1.7.7/avro-1.7.7.jar:/home/user/.m2/repository/com/thoughtworks/paranamer/paranamer/2.3/paranamer-2.3.jar:/home/user/.m2/repository/org/xerial/snappy/snappy-java/1.0.5/snappy-java-1.0.5.jar:/home/user/.m2/repository/com/google/re2j/re2j/1.1/re2j-1.1.jar:/home/user/.m2/repository/com/google/code/gson/gson/2.2.4/gson-2.2.4.jar:/home/user/.m2/repository/com/jcraft/jsch/0.1.54/jsch-0.1.54.jar:/home/user/.m2/repository/org/apache/curator/curator-client/2.12.0/curator-client-2.12.0.jar:/home/user/.m2/repository/org/apache/curator/curator-recipes/2.12.0/curator-recipes-2.12.0.jar:/home/user/.m2/repository/com/google/code/findbugs/jsr305/3.0.0/jsr305-3.0.0.jar:/home/user/.m2/repository/org/apache/htrace/htrace-core4/4.1.0-incubating/htrace-core4-4.1.0-incubating.jar:/home/user/.m2/repository/org/apache/zookeeper/zookeeper/3.4.13/zookeeper-3.4.13.jar:/home/user/.m2/repository/org/apache/yetus/audience-annotations/0.5.0/audience-annotations-0.5.0.jar:/home/user/.m2/repository/org/codehaus/woodstox/stax2-api/3.1.4/stax2-api-3.1.4.jar:/home/user/.m2/repository/com/fasterxml/woodstox/woodstox-core/5.0.3/woodstox-core-5.0.3.jar:/home/user/.m2/repository/dnsjava/dnsjava/2.1.7/dnsjava-2.1.7.jar:/home/user/.m2/repository/org/apache/hadoop/hadoop-hdfs/3.2.0/hadoop-hdfs-3.2.0-tests.jar:/home/user/.m2/repository/org/eclipse/jetty/jetty-util-ajax/9.3.24.v20180605/jetty-util-ajax-9.3.24.v20180605.jar:/home/user/.m2/repository/commons-daemon/commons-daemon/1.0.13/commons-daemon-1.0.13.jar:/home/user/.m2/repository/io/netty/netty/3.10.5.Final/netty-3.10.5.Final.jar:/home/user/.m2/repository/io/netty/netty-all/4.0.52.Final/netty-all-4.0.52.Final.jar:/home/user/.m2/repository/org/fusesource/leveldbjni/leveldbjni-all/1.8/leveldbjni-all-1.8.jar:"/>
    <property name="sun.cpu.endian" value="little"/>
    <property name="user.home" value="/home/user"/>
    <property name="user.language" value="en"/>
    <property name="java.specification.vendor" value="Oracle Corporation"/>
    <property name="java.home" value="/usr/lib/jvm/java-1.8-openjdk/jre"/>
    <property name="java.security.krb5.conf" value="/workdir/hadoop-ozone/integration-test/target/test-classes/krb5.conf"/>
    <property name="basedir" value="/workdir/hadoop-ozone/integration-test"/>
    <property name="file.separator" value="/"/>
    <property name="line.separator" value="&#10;"/>
    <property name="java.vm.specification.vendor" value="Oracle Corporation"/>
    <property name="java.specification.name" value="Java Platform API Specification"/>
    <property name="java.awt.graphicsenv" value="sun.awt.X11GraphicsEnvironment"/>
    <property name="surefire.real.class.path" value="/workdir/hadoop-ozone/integration-test/target/surefire/surefirebooter4951686607863227405.jar"/>
    <property name="hadoop.log.dir" value="/workdir/hadoop-ozone/integration-test/target/log"/>
    <property name="sun.boot.class.path" value="/usr/lib/jvm/java-1.8-openjdk/jre/lib/resources.jar:/usr/lib/jvm/java-1.8-openjdk/jre/lib/rt.jar:/usr/lib/jvm/java-1.8-openjdk/jre/lib/sunrsasign.jar:/usr/lib/jvm/java-1.8-openjdk/jre/lib/jsse.jar:/usr/lib/jvm/java-1.8-openjdk/jre/lib/jce.jar:/usr/lib/jvm/java-1.8-openjdk/jre/lib/charsets.jar:/usr/lib/jvm/java-1.8-openjdk/jre/lib/jfr.jar:/usr/lib/jvm/java-1.8-openjdk/jre/classes"/>
    <property name="sun.management.compiler" value="HotSpot 64-Bit Tiered Compilers"/>
    <property name="java.runtime.version" value="1.8.0_212-b04"/>
    <property name="java.net.preferIPv4Stack" value="true"/>
    <property name="user.name" value="jenkins1000"/>
    <property name="path.separator" value=":"/>
    <property name="java.security.egd" value="file:///dev/urandom"/>
    <property name="os.version" value="3.10.0-957.12.2.el7.x86_64"/>
    <property name="java.endorsed.dirs" value="/usr/lib/jvm/java-1.8-openjdk/jre/lib/endorsed"/>
    <property name="java.runtime.name" value="OpenJDK Runtime Environment"/>
    <property name="file.encoding" value="UTF-8"/>
    <property name="java.vm.name" value="OpenJDK 64-Bit Server VM"/>
    <property name="test.build.webapps" value=""/>
    <property name="localRepository" value="/home/user/.m2/repository"/>
    <property name="java.vendor.url.bug" value="https://icedtea.classpath.org/bugzilla"/>
    <property name="java.io.tmpdir" value="/tmp"/>
    <property name="require.test.libhadoop" value=""/>
    <property name="java.version" value="1.8.0_212"/>
    <property name="user.dir" value="/workdir/hadoop-ozone/integration-test"/>
    <property name="os.arch" value="amd64"/>
    <property name="java.vm.specification.name" value="Java Virtual Machine Specification"/>
    <property name="test.build.classes" value="/workdir/hadoop-ozone/integration-test/target/test-classes"/>
    <property name="java.awt.printerjob" value="sun.print.PSPrinterJob"/>
    <property name="sun.os.patch.level" value="unknown"/>
    <property name="hadoop.tmp.dir" value="/workdir/hadoop-ozone/integration-test/target/tmp"/>
    <property name="java.library.path" value="/usr/lib/jvm/java-1.8-openjdk/jre/lib/amd64/server:/usr/lib/jvm/java-1.8-openjdk/jre/lib/amd64:/usr/lib/jvm/java-1.8-openjdk/jre/../lib/amd64:/workdir/hadoop-ozone/integration-test/target/native/target/usr/local/lib:/workdir/hadoop-ozone/integration-test/../../hadoop-common-project/hadoop-common/target/native/target/usr/local/lib:/usr/java/packages/lib/amd64:/usr/lib64:/lib64:/lib:/usr/lib"/>
    <property name="java.vm.info" value="mixed mode"/>
    <property name="java.vendor" value="IcedTea"/>
    <property name="java.vm.version" value="25.212-b04"/>
    <property name="java.ext.dirs" value="/usr/lib/jvm/java-1.8-openjdk/jre/lib/ext:/usr/java/packages/lib/ext"/>
    <property name="sun.io.unicode.encoding" value="UnicodeLittle"/>
    <property name="java.class.version" value="52.0"/>
  </properties>
  <testcase name="testPipelineMap" classname="org.apache.hadoop.hdds.scm.pipeline.TestNode2PipelineMap" time="36.764">
    <error message="Could not allocate container. Cannot get any matching pipeline for Type:RATIS, Factor:THREE, State:PipelineState.OPEN" type="java.io.IOException">java.io.IOException: Could not allocate container. Cannot get any matching pipeline for Type:RATIS, Factor:THREE, State:PipelineState.OPEN
	at org.apache.hadoop.hdds.scm.container.ContainerStateManager.allocateContainer(ContainerStateManager.java:260)
	at org.apache.hadoop.hdds.scm.container.SCMContainerManager.allocateContainer(SCMContainerManager.java:247)
	at org.apache.hadoop.hdds.scm.pipeline.TestNode2PipelineMap.init(TestNode2PipelineMap.java:69)
	at sun.reflect.NativeMethodAccessorImpl.invoke0(Native Method)
	at sun.reflect.NativeMethodAccessorImpl.invoke(NativeMethodAccessorImpl.java:62)
	at sun.reflect.DelegatingMethodAccessorImpl.invoke(DelegatingMethodAccessorImpl.java:43)
	at java.lang.reflect.Method.invoke(Method.java:498)
	at org.junit.runners.model.FrameworkMethod$1.runReflectiveCall(FrameworkMethod.java:47)
	at org.junit.internal.runners.model.ReflectiveCallable.run(ReflectiveCallable.java:12)
	at org.junit.runners.model.FrameworkMethod.invokeExplosively(FrameworkMethod.java:44)
	at org.junit.internal.runners.statements.RunBefores.evaluate(RunBefores.java:24)
	at org.junit.internal.runners.statements.RunAfters.evaluate(RunAfters.java:27)
	at org.junit.runners.ParentRunner.runLeaf(ParentRunner.java:271)
	at org.junit.runners.BlockJUnit4ClassRunner.runChild(BlockJUnit4ClassRunner.java:70)
	at org.junit.runners.BlockJUnit4ClassRunner.runChild(BlockJUnit4ClassRunner.java:50)
	at org.junit.runners.ParentRunner$3.run(ParentRunner.java:238)
	at org.junit.runners.ParentRunner$1.schedule(ParentRunner.java:63)
	at org.junit.runners.ParentRunner.runChildren(ParentRunner.java:236)
	at org.junit.runners.ParentRunner.access$000(ParentRunner.java:53)
	at org.junit.runners.ParentRunner$2.evaluate(ParentRunner.java:229)
	at org.junit.runners.ParentRunner.run(ParentRunner.java:309)
	at org.apache.maven.surefire.junit4.JUnit4Provider.execute(JUnit4Provider.java:365)
	at org.apache.maven.surefire.junit4.JUnit4Provider.executeWithRerun(JUnit4Provider.java:273)
	at org.apache.maven.surefire.junit4.JUnit4Provider.executeTestSet(JUnit4Provider.java:238)
	at org.apache.maven.surefire.junit4.JUnit4Provider.invoke(JUnit4Provider.java:159)
	at org.apache.maven.surefire.booter.ForkedBooter.invokeProviderInSameClassLoader(ForkedBooter.java:384)
	at org.apache.maven.surefire.booter.ForkedBooter.runSuitesInProcess(ForkedBooter.java:345)
	at org.apache.maven.surefire.booter.ForkedBooter.execute(ForkedBooter.java:126)
	at org.apache.maven.surefire.booter.ForkedBooter.main(ForkedBooter.java:418)
</error>
    <system-out><![CDATA[2019-08-27 09:29:55,571 [main] WARN  server.ServerUtils (ServerUtils.java:getScmDbDir(145)) - ozone.scm.db.dirs is not configured. We recommend adding this setting. Falling back to ozone.metadata.dirs instead.
2019-08-27 09:29:55,652 [main] WARN  server.ServerUtils (ServerUtils.java:getScmDbDir(145)) - ozone.scm.db.dirs is not configured. We recommend adding this setting. Falling back to ozone.metadata.dirs instead.
2019-08-27 09:29:55,654 [main] WARN  server.ServerUtils (ServerUtils.java:getScmDbDir(145)) - ozone.scm.db.dirs is not configured. We recommend adding this setting. Falling back to ozone.metadata.dirs instead.
2019-08-27 09:29:55,668 [main] INFO  util.log (Log.java:initialized(192)) - Logging initialized @823ms
2019-08-27 09:29:55,748 [main] INFO  db.DBStoreBuilder (DBStoreBuilder.java:addTable(110)) - using custom profile for table: deletedBlocks
2019-08-27 09:29:55,748 [main] INFO  db.DBStoreBuilder (DBStoreBuilder.java:processTables(161)) - Using default column profile:DBProfile.DISK for Table:deletedBlocks
2019-08-27 09:29:55,748 [main] INFO  db.DBStoreBuilder (DBStoreBuilder.java:addTable(110)) - using custom profile for table: validCerts
2019-08-27 09:29:55,749 [main] INFO  db.DBStoreBuilder (DBStoreBuilder.java:processTables(161)) - Using default column profile:DBProfile.DISK for Table:validCerts
2019-08-27 09:29:55,749 [main] INFO  db.DBStoreBuilder (DBStoreBuilder.java:addTable(110)) - using custom profile for table: revokedCerts
2019-08-27 09:29:55,749 [main] INFO  db.DBStoreBuilder (DBStoreBuilder.java:processTables(161)) - Using default column profile:DBProfile.DISK for Table:revokedCerts
2019-08-27 09:29:55,759 [main] INFO  db.DBStoreBuilder (DBStoreBuilder.java:addTable(110)) - using custom profile for table: default
2019-08-27 09:29:55,759 [main] INFO  db.DBStoreBuilder (DBStoreBuilder.java:processTables(167)) - Using default column profile:DBProfile.DISK for Table:default
2019-08-27 09:29:55,760 [main] INFO  db.DBStoreBuilder (DBStoreBuilder.java:getDbProfile(198)) - Using default options. DBProfile.DISK
2019-08-27 09:29:55,975 [main] INFO  net.NodeSchemaLoader (NodeSchemaLoader.java:loadSchemaFromFile(125)) - Loading file from sun.misc.CompoundEnumeration@20deea7f
2019-08-27 09:29:55,977 [main] INFO  net.NodeSchemaLoader (NodeSchemaLoader.java:loadSchema(171)) - Loading network topology layer schema file
2019-08-27 09:29:56,077 [main] WARN  server.ServerUtils (ServerUtils.java:sanitizeUserArgs(70)) - ozone.scm.stale.node.interval value = 300000 is larger than max = 100000 based on the key value of ozone.scm.heartbeat.thread.interval, reset to the max value 100000.
2019-08-27 09:29:56,079 [main] WARN  server.ServerUtils (ServerUtils.java:sanitizeUserArgs(70)) - ozone.scm.stale.node.interval value = 300000 is larger than max = 100000 based on the key value of ozone.scm.heartbeat.thread.interval, reset to the max value 100000.
2019-08-27 09:29:56,082 [main] INFO  node.SCMNodeManager (SCMNodeManager.java:<init>(121)) - Entering startup safe mode.
2019-08-27 09:29:56,147 [main] INFO  algorithms.ContainerPlacementPolicyFactory (ContainerPlacementPolicyFactory.java:getPolicy(55)) - Create container placement policy of type org.apache.hadoop.hdds.scm.container.placement.algorithms.SCMContainerPlacementRandom
2019-08-27 09:29:56,159 [main] WARN  server.ServerUtils (ServerUtils.java:getScmDbDir(145)) - ozone.scm.db.dirs is not configured. We recommend adding this setting. Falling back to ozone.metadata.dirs instead.
2019-08-27 09:29:56,231 [main] INFO  pipeline.SCMPipelineManager (SCMPipelineManager.java:initializePipelineState(126)) - No pipeline exists in current db
2019-08-27 09:29:56,234 [main] WARN  server.ServerUtils (ServerUtils.java:getScmDbDir(145)) - ozone.scm.db.dirs is not configured. We recommend adding this setting. Falling back to ozone.metadata.dirs instead.
2019-08-27 09:29:56,353 [main] WARN  events.EventQueue (EventQueue.java:fireEvent(175)) - No event handler registered for event TypedEvent{payloadType=SafeModeStatus, name='SafeModeStatus'}
2019-08-27 09:29:56,935 [main] INFO  ipc.CallQueueManager (CallQueueManager.java:<init>(84)) - Using callQueue: class java.util.concurrent.LinkedBlockingQueue, queueCapacity: 2000, scheduler: class org.apache.hadoop.ipc.DefaultRpcScheduler, ipcBackoff: false.
2019-08-27 09:29:57,227 [Socket Reader #1 for port 40250] INFO  ipc.Server (Server.java:run(1074)) - Starting Socket Reader #1 for port 40250
2019-08-27 09:29:57,261 [main] INFO  ipc.CallQueueManager (CallQueueManager.java:<init>(84)) - Using callQueue: class java.util.concurrent.LinkedBlockingQueue, queueCapacity: 2000, scheduler: class org.apache.hadoop.ipc.DefaultRpcScheduler, ipcBackoff: false.
2019-08-27 09:29:57,262 [Socket Reader #1 for port 38412] INFO  ipc.Server (Server.java:run(1074)) - Starting Socket Reader #1 for port 38412
2019-08-27 09:29:57,271 [main] INFO  ipc.CallQueueManager (CallQueueManager.java:<init>(84)) - Using callQueue: class java.util.concurrent.LinkedBlockingQueue, queueCapacity: 2000, scheduler: class org.apache.hadoop.ipc.DefaultRpcScheduler, ipcBackoff: false.
2019-08-27 09:29:57,272 [Socket Reader #1 for port 39795] INFO  ipc.Server (Server.java:run(1074)) - Starting Socket Reader #1 for port 39795
2019-08-27 09:29:57,294 [main] INFO  hdfs.DFSUtil (DFSUtil.java:httpServerTemplateForNNAndJN(1641)) - Starting Web-server for scm at: http://0.0.0.0:0
2019-08-27 09:29:57,476 [main] INFO  server.AuthenticationFilter (AuthenticationFilter.java:constructSecretProvider(240)) - Unable to initialize FileSignerSecretProvider, falling back to use random secrets.
2019-08-27 09:29:57,486 [main] WARN  http.HttpRequestLog (HttpRequestLog.java:getRequestLog(97)) - Jetty request log can only be enabled using Log4j
2019-08-27 09:29:57,495 [main] INFO  http.HttpServer2 (HttpServer2.java:addGlobalFilter(975)) - Added global filter 'safety' (class=org.apache.hadoop.http.HttpServer2$QuotingInputFilter)
2019-08-27 09:29:57,498 [main] INFO  http.HttpServer2 (HttpServer2.java:addFilter(948)) - Added filter static_user_filter (class=org.apache.hadoop.http.lib.StaticUserWebFilter$StaticUserFilter) to context scm
2019-08-27 09:29:57,498 [main] INFO  http.HttpServer2 (HttpServer2.java:addFilter(958)) - Added filter static_user_filter (class=org.apache.hadoop.http.lib.StaticUserWebFilter$StaticUserFilter) to context logs
2019-08-27 09:29:57,499 [main] INFO  http.HttpServer2 (HttpServer2.java:addFilter(958)) - Added filter static_user_filter (class=org.apache.hadoop.http.lib.StaticUserWebFilter$StaticUserFilter) to context static
2019-08-27 09:29:57,532 [main] INFO  server.StorageContainerManager (StorageContainerManager.java:start(759)) - StorageContainerLocationProtocol RPC server is listening at /0.0.0.0:39795
2019-08-27 09:29:57,605 [main] WARN  impl.MetricsConfig (MetricsConfig.java:loadFirst(134)) - Cannot locate configuration: tried hadoop-metrics2-storagecontainermanager.properties,hadoop-metrics2.properties
2019-08-27 09:29:57,619 [main] INFO  impl.MetricsSystemImpl (MetricsSystemImpl.java:startTimer(374)) - Scheduled Metric snapshot period at 10 second(s).
2019-08-27 09:29:57,620 [main] INFO  impl.MetricsSystemImpl (MetricsSystemImpl.java:start(191)) - StorageContainerManager metrics system started
2019-08-27 09:29:57,867 [main] INFO  server.SCMClientProtocolServer (SCMClientProtocolServer.java:start(151)) - RPC server for Client  is listening at /0.0.0.0:39795
2019-08-27 09:29:57,868 [IPC Server Responder] INFO  ipc.Server (Server.java:run(1314)) - IPC Server Responder: starting
2019-08-27 09:29:57,868 [IPC Server listener on 39795] INFO  ipc.Server (Server.java:run(1153)) - IPC Server listener on 39795: starting
2019-08-27 09:29:57,870 [main] INFO  server.StorageContainerManager (StorageContainerManager.java:start(769)) - ScmBlockLocationProtocol RPC server is listening at /0.0.0.0:38412
2019-08-27 09:29:57,870 [main] INFO  server.SCMBlockProtocolServer (SCMBlockProtocolServer.java:start(140)) - RPC server for Block Protocol is listening at /0.0.0.0:38412
2019-08-27 09:29:57,871 [IPC Server Responder] INFO  ipc.Server (Server.java:run(1314)) - IPC Server Responder: starting
2019-08-27 09:29:57,871 [IPC Server listener on 38412] INFO  ipc.Server (Server.java:run(1153)) - IPC Server listener on 38412: starting
2019-08-27 09:29:57,873 [main] INFO  server.StorageContainerManager (StorageContainerManager.java:start(773)) - ScmDatanodeProtocl RPC server is listening at /0.0.0.0:40250
2019-08-27 09:29:57,873 [main] INFO  server.SCMDatanodeProtocolServer (SCMDatanodeProtocolServer.java:start(191)) - RPC server for DataNodes is listening at /0.0.0.0:40250
2019-08-27 09:29:57,874 [IPC Server Responder] INFO  ipc.Server (Server.java:run(1314)) - IPC Server Responder: starting
2019-08-27 09:29:57,874 [IPC Server listener on 40250] INFO  ipc.Server (Server.java:run(1153)) - IPC Server listener on 40250: starting
2019-08-27 09:29:57,877 [main] INFO  http.HttpServer2 (HttpServer2.java:bindListener(1191)) - Jetty bound to port 46313
2019-08-27 09:29:57,879 [main] INFO  server.Server (Server.java:doStart(351)) - jetty-9.3.24.v20180605, build timestamp: 2018-06-05T17:11:56Z, git hash: 84205aa28f11a4f31f2a3b86d1bba2cc8ab69827
2019-08-27 09:29:57,916 [main] INFO  handler.ContextHandler (ContextHandler.java:doStart(781)) - Started o.e.j.s.ServletContextHandler@14dda234{/logs,file:///workdir/hadoop-ozone/integration-test/target/log,AVAILABLE}
2019-08-27 09:29:57,917 [main] INFO  handler.ContextHandler (ContextHandler.java:doStart(781)) - Started o.e.j.s.ServletContextHandler@74a6a609{/static,file:///workdir/hadoop-ozone/integration-test/target/test-classes/webapps/static,AVAILABLE}
2019-08-27 09:29:57,952 [main] INFO  handler.ContextHandler (ContextHandler.java:doStart(781)) - Started o.e.j.w.WebAppContext@41394595{/,file:///workdir/hadoop-ozone/integration-test/target/test-classes/webapps/scm/,AVAILABLE}{/scm}
2019-08-27 09:29:57,958 [main] INFO  server.AbstractConnector (AbstractConnector.java:doStart(278)) - Started ServerConnector@158d255c{HTTP/1.1,[http/1.1]}{0.0.0.0:46313}
2019-08-27 09:29:57,958 [main] INFO  server.Server (Server.java:doStart(419)) - Started @3114ms
2019-08-27 09:29:57,959 [main] INFO  server.BaseHttpServer (BaseHttpServer.java:updateConnectorAddress(213)) - HTTP server of SCM is listening at http://0.0.0.0:46313
2019-08-27 09:29:57,965 [org.apache.hadoop.util.JvmPauseMonitor$Monitor@5bd73d1a] INFO  util.JvmPauseMonitor (JvmPauseMonitor.java:run(188)) - Starting JVM pause monitor
2019-08-27 09:29:57,968 [main] WARN  server.ServerUtils (ServerUtils.java:getDBPath(222)) - ozone.om.db.dirs is not configured. We recommend adding this setting. Falling back to ozone.metadata.dirs instead.
2019-08-27 09:29:58,063 [main] WARN  server.ServerUtils (ServerUtils.java:getDBPath(222)) - ozone.om.db.dirs is not configured. We recommend adding this setting. Falling back to ozone.metadata.dirs instead.
2019-08-27 09:29:58,064 [main] WARN  server.ServerUtils (ServerUtils.java:getDBPath(222)) - ozone.om.db.dirs is not configured. We recommend adding this setting. Falling back to ozone.metadata.dirs instead.
2019-08-27 09:29:58,065 [main] INFO  om.OzoneManager (OzoneManager.java:setOMNodeDetails(645)) - OM Service ID is not set. Setting it to the default ID: omServiceIdDefault
2019-08-27 09:29:58,065 [main] INFO  om.OzoneManager (OzoneManager.java:setOMNodeDetails(651)) - OM Node ID is not set. Setting it to the OmStorage's OmID: b9a039c9-f6cc-4320-b833-d4cd1ce8210f
2019-08-27 09:29:58,066 [main] INFO  om.OzoneManager (OzoneManager.java:loadOMHAConfigs(602)) - Found matching OM address with OMServiceId: null, OMNodeId: null, RPC Address: localhost:0 and Ratis port: 9872
2019-08-27 09:29:58,341 | INFO  | SCMAudit | user=jenkins1000 | ip=192.168.34.1 | op=GET_SCM_INFO null | ret=SUCCESS |  
2019-08-27 09:29:58,835 [main] WARN  server.ServerUtils (ServerUtils.java:getDBPath(222)) - ozone.om.db.dirs is not configured. We recommend adding this setting. Falling back to ozone.metadata.dirs instead.
2019-08-27 09:29:58,843 [main] INFO  db.DBStoreBuilder (DBStoreBuilder.java:addTable(110)) - using custom profile for table: userTable
2019-08-27 09:29:58,844 [main] INFO  db.DBStoreBuilder (DBStoreBuilder.java:processTables(161)) - Using default column profile:DBProfile.DISK for Table:userTable
2019-08-27 09:29:58,844 [main] INFO  db.DBStoreBuilder (DBStoreBuilder.java:addTable(110)) - using custom profile for table: volumeTable
2019-08-27 09:29:58,844 [main] INFO  db.DBStoreBuilder (DBStoreBuilder.java:processTables(161)) - Using default column profile:DBProfile.DISK for Table:volumeTable
2019-08-27 09:29:58,844 [main] INFO  db.DBStoreBuilder (DBStoreBuilder.java:addTable(110)) - using custom profile for table: bucketTable
2019-08-27 09:29:58,845 [main] INFO  db.DBStoreBuilder (DBStoreBuilder.java:processTables(161)) - Using default column profile:DBProfile.DISK for Table:bucketTable
2019-08-27 09:29:58,845 [main] INFO  db.DBStoreBuilder (DBStoreBuilder.java:addTable(110)) - using custom profile for table: keyTable
2019-08-27 09:29:58,845 [main] INFO  db.DBStoreBuilder (DBStoreBuilder.java:processTables(161)) - Using default column profile:DBProfile.DISK for Table:keyTable
2019-08-27 09:29:58,845 [main] INFO  db.DBStoreBuilder (DBStoreBuilder.java:addTable(110)) - using custom profile for table: deletedTable
2019-08-27 09:29:58,846 [main] INFO  db.DBStoreBuilder (DBStoreBuilder.java:processTables(161)) - Using default column profile:DBProfile.DISK for Table:deletedTable
2019-08-27 09:29:58,846 [main] INFO  db.DBStoreBuilder (DBStoreBuilder.java:addTable(110)) - using custom profile for table: openKeyTable
2019-08-27 09:29:58,846 [main] INFO  db.DBStoreBuilder (DBStoreBuilder.java:processTables(161)) - Using default column profile:DBProfile.DISK for Table:openKeyTable
2019-08-27 09:29:58,846 [main] INFO  db.DBStoreBuilder (DBStoreBuilder.java:addTable(110)) - using custom profile for table: s3Table
2019-08-27 09:29:58,847 [main] INFO  db.DBStoreBuilder (DBStoreBuilder.java:processTables(161)) - Using default column profile:DBProfile.DISK for Table:s3Table
2019-08-27 09:29:58,847 [main] INFO  db.DBStoreBuilder (DBStoreBuilder.java:addTable(110)) - using custom profile for table: multipartInfoTable
2019-08-27 09:29:58,847 [main] INFO  db.DBStoreBuilder (DBStoreBuilder.java:processTables(161)) - Using default column profile:DBProfile.DISK for Table:multipartInfoTable
2019-08-27 09:29:58,847 [main] INFO  db.DBStoreBuilder (DBStoreBuilder.java:addTable(110)) - using custom profile for table: dTokenTable
2019-08-27 09:29:58,848 [main] INFO  db.DBStoreBuilder (DBStoreBuilder.java:processTables(161)) - Using default column profile:DBProfile.DISK for Table:dTokenTable
2019-08-27 09:29:58,848 [main] INFO  db.DBStoreBuilder (DBStoreBuilder.java:addTable(110)) - using custom profile for table: s3SecretTable
2019-08-27 09:29:58,848 [main] INFO  db.DBStoreBuilder (DBStoreBuilder.java:processTables(161)) - Using default column profile:DBProfile.DISK for Table:s3SecretTable
2019-08-27 09:29:58,848 [main] INFO  db.DBStoreBuilder (DBStoreBuilder.java:addTable(110)) - using custom profile for table: prefixTable
2019-08-27 09:29:58,849 [main] INFO  db.DBStoreBuilder (DBStoreBuilder.java:processTables(161)) - Using default column profile:DBProfile.DISK for Table:prefixTable
2019-08-27 09:29:58,849 [main] INFO  db.DBStoreBuilder (DBStoreBuilder.java:addTable(110)) - using custom profile for table: default
2019-08-27 09:29:58,849 [main] INFO  db.DBStoreBuilder (DBStoreBuilder.java:processTables(167)) - Using default column profile:DBProfile.DISK for Table:default
2019-08-27 09:29:58,849 [main] INFO  db.DBStoreBuilder (DBStoreBuilder.java:getDbProfile(198)) - Using default options. DBProfile.DISK
2019-08-27 09:29:59,396 [main] INFO  ipc.CallQueueManager (CallQueueManager.java:<init>(84)) - Using callQueue: class java.util.concurrent.LinkedBlockingQueue, queueCapacity: 2000, scheduler: class org.apache.hadoop.ipc.DefaultRpcScheduler, ipcBackoff: false.
2019-08-27 09:29:59,397 [Socket Reader #1 for port 33999] INFO  ipc.Server (Server.java:run(1074)) - Starting Socket Reader #1 for port 33999
2019-08-27 09:29:59,417 [main] INFO  om.OzoneManager (OzoneManager.java:start(1256)) - OzoneManager RPC server is listening at localhost/127.0.0.1:33999
2019-08-27 09:29:59,417 [main] INFO  impl.MetricsSystemImpl (MetricsSystemImpl.java:init(158)) - OzoneManager metrics system started (again)
2019-08-27 09:29:59,418 [IPC Server Responder] INFO  ipc.Server (Server.java:run(1314)) - IPC Server Responder: starting
2019-08-27 09:29:59,419 [IPC Server listener on 33999] INFO  ipc.Server (Server.java:run(1153)) - IPC Server listener on 33999: starting
2019-08-27 09:29:59,425 [main] INFO  hdfs.DFSUtil (DFSUtil.java:httpServerTemplateForNNAndJN(1641)) - Starting Web-server for ozoneManager at: http://0.0.0.0:0
2019-08-27 09:29:59,427 [main] INFO  server.AuthenticationFilter (AuthenticationFilter.java:constructSecretProvider(240)) - Unable to initialize FileSignerSecretProvider, falling back to use random secrets.
2019-08-27 09:29:59,428 [main] WARN  http.HttpRequestLog (HttpRequestLog.java:getRequestLog(97)) - Jetty request log can only be enabled using Log4j
2019-08-27 09:29:59,431 [main] INFO  http.HttpServer2 (HttpServer2.java:addGlobalFilter(975)) - Added global filter 'safety' (class=org.apache.hadoop.http.HttpServer2$QuotingInputFilter)
2019-08-27 09:29:59,432 [main] INFO  http.HttpServer2 (HttpServer2.java:addFilter(948)) - Added filter static_user_filter (class=org.apache.hadoop.http.lib.StaticUserWebFilter$StaticUserFilter) to context ozoneManager
2019-08-27 09:29:59,433 [main] INFO  http.HttpServer2 (HttpServer2.java:addFilter(958)) - Added filter static_user_filter (class=org.apache.hadoop.http.lib.StaticUserWebFilter$StaticUserFilter) to context static
2019-08-27 09:29:59,433 [main] INFO  http.HttpServer2 (HttpServer2.java:addFilter(958)) - Added filter static_user_filter (class=org.apache.hadoop.http.lib.StaticUserWebFilter$StaticUserFilter) to context logs
2019-08-27 09:29:59,436 [main] INFO  http.HttpServer2 (HttpServer2.java:bindListener(1191)) - Jetty bound to port 46032
2019-08-27 09:29:59,436 [main] INFO  server.Server (Server.java:doStart(351)) - jetty-9.3.24.v20180605, build timestamp: 2018-06-05T17:11:56Z, git hash: 84205aa28f11a4f31f2a3b86d1bba2cc8ab69827
2019-08-27 09:29:59,629 [main] INFO  handler.ContextHandler (ContextHandler.java:doStart(781)) - Started o.e.j.s.ServletContextHandler@2227a6c1{/logs,file:///workdir/hadoop-ozone/integration-test/target/log,AVAILABLE}
2019-08-27 09:29:59,630 [main] INFO  handler.ContextHandler (ContextHandler.java:doStart(781)) - Started o.e.j.s.ServletContextHandler@543e593{/static,file:///workdir/hadoop-ozone/integration-test/target/test-classes/webapps/static,AVAILABLE}
2019-08-27 09:29:59,635 [main] INFO  handler.ContextHandler (ContextHandler.java:doStart(781)) - Started o.e.j.w.WebAppContext@2b8d084{/,file:///workdir/hadoop-ozone/integration-test/target/test-classes/webapps/ozoneManager/,AVAILABLE}{/ozoneManager}
2019-08-27 09:29:59,636 [main] INFO  server.AbstractConnector (AbstractConnector.java:doStart(278)) - Started ServerConnector@6daf2337{HTTP/1.1,[http/1.1]}{0.0.0.0:46032}
2019-08-27 09:29:59,637 [main] INFO  server.Server (Server.java:doStart(419)) - Started @4793ms
2019-08-27 09:29:59,641 [main] INFO  server.BaseHttpServer (BaseHttpServer.java:updateConnectorAddress(213)) - HTTP server of OZONEMANAGER is listening at http://0.0.0.0:46032
2019-08-27 09:29:59,854 [main] INFO  impl.MetricsSystemImpl (MetricsSystemImpl.java:init(158)) - HddsDatanode metrics system started (again)
2019-08-27 09:29:59,979 [main] INFO  ozone.HddsDatanodeService (HddsDatanodeService.java:start(184)) - HddsDatanodeService host:trunk-nightly-adhoc-20190827-ds46k-2366760622 ip:192.168.34.1
2019-08-27 09:30:00,012 [main] INFO  volume.HddsVolume (HddsVolume.java:<init>(176)) - Creating Volume: /workdir/hadoop-ozone/integration-test/target/test-dir/MiniOzoneClusterImpl-e06e3fd2-9840-4528-8a25-31a0cd6e3a97/datanode-0/data/containers/hdds of  storage type : DISK and capacity : 1482555576320
2019-08-27 09:30:00,014 [main] INFO  volume.VolumeSet (VolumeSet.java:initializeVolumeSet(170)) - Added Volume : /workdir/hadoop-ozone/integration-test/target/test-dir/MiniOzoneClusterImpl-e06e3fd2-9840-4528-8a25-31a0cd6e3a97/datanode-0/data/containers/hdds to VolumeSet
2019-08-27 09:30:00,017 [main] INFO  volume.ThrottledAsyncChecker (ThrottledAsyncChecker.java:schedule(140)) - Scheduling a check for org.apache.hadoop.ozone.container.common.volume.HddsVolume@468be356
2019-08-27 09:30:00,035 [main] INFO  volume.HddsVolumeChecker (HddsVolumeChecker.java:checkAllVolumes(203)) - Scheduled health check for volume org.apache.hadoop.ozone.container.common.volume.HddsVolume@468be356
2019-08-27 09:30:00,143 [main] INFO  impl.RaftServerProxy (ConfUtils.java:logGet(43)) - raft.rpc.type = GRPC (default)
2019-08-27 09:30:00,237 [main] INFO  grpc.GrpcFactory (GrpcFactory.java:checkPooledByteBufAllocatorUseCacheForAllThreads(45)) - PERFORMANCE WARNING: useCacheForAllThreads is true that may cause Netty to create a lot garbage objects and, as a result, trigger GC.
	It is recommended to disable useCacheForAllThreads by setting -Dorg.apache.ratis.thirdparty.io.netty.allocator.useCacheForAllThreads=false in command line.
2019-08-27 09:30:00,243 [main] INFO  grpc.GrpcConfigKeys$Server (ConfUtils.java:logGet(43)) - raft.grpc.server.port = 0 (default)
2019-08-27 09:30:00,244 [main] INFO  server.GrpcService (ConfUtils.java:logGet(43)) - raft.grpc.message.size.max = 33570816 (custom)
2019-08-27 09:30:00,246 [main] INFO  server.RaftServerConfigKeys (ConfUtils.java:logGet(43)) - raft.server.log.appender.buffer.byte-limit = 33554432 (custom)
2019-08-27 09:30:00,247 [main] INFO  server.GrpcService (ConfUtils.java:logGet(43)) - raft.grpc.flow.control.window = 1MB (=1048576) (default)
2019-08-27 09:30:00,248 [main] INFO  server.RaftServerConfigKeys (ConfUtils.java:logGet(43)) - raft.server.rpc.request.timeout = 3000ms (default)
2019-08-27 09:30:00,443 [main] INFO  server.RaftServerConfigKeys (ConfUtils.java:logGet(43)) - raft.server.storage.dir = [/workdir/hadoop-ozone/integration-test/target/test-dir/MiniOzoneClusterImpl-e06e3fd2-9840-4528-8a25-31a0cd6e3a97/datanode-0/data/ratis] (custom)
2019-08-27 09:30:00,495 [main] INFO  replication.SimpleContainerDownloader (SimpleContainerDownloader.java:<init>(72)) - Starting container downloader service to copy containers to replicate.
2019-08-27 09:30:00,511 [main] INFO  hdfs.DFSUtil (DFSUtil.java:httpServerTemplateForNNAndJN(1641)) - Starting Web-server for hddsDatanode at: http://0.0.0.0:0
2019-08-27 09:30:00,514 [main] INFO  server.AuthenticationFilter (AuthenticationFilter.java:constructSecretProvider(240)) - Unable to initialize FileSignerSecretProvider, falling back to use random secrets.
2019-08-27 09:30:00,515 [main] WARN  http.HttpRequestLog (HttpRequestLog.java:getRequestLog(97)) - Jetty request log can only be enabled using Log4j
2019-08-27 09:30:00,518 [main] INFO  http.HttpServer2 (HttpServer2.java:addGlobalFilter(975)) - Added global filter 'safety' (class=org.apache.hadoop.http.HttpServer2$QuotingInputFilter)
2019-08-27 09:30:00,520 [main] INFO  http.HttpServer2 (HttpServer2.java:addFilter(948)) - Added filter static_user_filter (class=org.apache.hadoop.http.lib.StaticUserWebFilter$StaticUserFilter) to context hddsDatanode
2019-08-27 09:30:00,520 [main] INFO  http.HttpServer2 (HttpServer2.java:addFilter(958)) - Added filter static_user_filter (class=org.apache.hadoop.http.lib.StaticUserWebFilter$StaticUserFilter) to context logs
2019-08-27 09:30:00,521 [main] INFO  http.HttpServer2 (HttpServer2.java:addFilter(958)) - Added filter static_user_filter (class=org.apache.hadoop.http.lib.StaticUserWebFilter$StaticUserFilter) to context static
2019-08-27 09:30:00,523 [main] INFO  http.HttpServer2 (HttpServer2.java:bindListener(1191)) - Jetty bound to port 36419
2019-08-27 09:30:00,523 [main] INFO  server.Server (Server.java:doStart(351)) - jetty-9.3.24.v20180605, build timestamp: 2018-06-05T17:11:56Z, git hash: 84205aa28f11a4f31f2a3b86d1bba2cc8ab69827
2019-08-27 09:30:00,526 [main] INFO  handler.ContextHandler (ContextHandler.java:doStart(781)) - Started o.e.j.s.ServletContextHandler@77a074b4{/logs,file:///workdir/hadoop-ozone/integration-test/target/log,AVAILABLE}
2019-08-27 09:30:00,527 [main] INFO  handler.ContextHandler (ContextHandler.java:doStart(781)) - Started o.e.j.s.ServletContextHandler@6c0e13b7{/static,jar:file:/home/user/.m2/repository/org/apache/hadoop/hadoop-hdds-container-service/0.5.0-SNAPSHOT/hadoop-hdds-container-service-0.5.0-SNAPSHOT.jar!/webapps/static,AVAILABLE}
2019-08-27 09:30:00,573 [main] INFO  handler.ContextHandler (ContextHandler.java:doStart(781)) - Started o.e.j.w.WebAppContext@372ca2d6{/,file:///tmp/jetty-0.0.0.0-36419-hddsDatanode-_-any-4742672367026415120.dir/webapp/,AVAILABLE}{/hddsDatanode}
2019-08-27 09:30:00,573 [main] INFO  server.AbstractConnector (AbstractConnector.java:doStart(278)) - Started ServerConnector@3204e238{HTTP/1.1,[http/1.1]}{0.0.0.0:36419}
2019-08-27 09:30:00,574 [main] INFO  server.Server (Server.java:doStart(419)) - Started @5730ms
2019-08-27 09:30:00,576 [main] INFO  server.BaseHttpServer (BaseHttpServer.java:updateConnectorAddress(213)) - HTTP server of HDDSDATANODE is listening at http://0.0.0.0:36419
2019-08-27 09:30:01,791 | INFO  | ObjectStoreRestHttpServer | Listening HDDS REST traffic on /0.0.0.0:35619 |  
2019-08-27 09:30:01,793 [main] INFO  ozone.HddsDatanodeService (HddsDatanodeService.java:startPlugins(395)) - Started plug-in org.apache.hadoop.ozone.web.OzoneHddsDatanodeService@35787726
2019-08-27 09:30:01,794 [main] INFO  impl.MetricsSystemImpl (MetricsSystemImpl.java:init(158)) - HddsDatanode metrics system started (again)
2019-08-27 09:30:01,798 [main] INFO  ozone.HddsDatanodeService (HddsDatanodeService.java:start(184)) - HddsDatanodeService host:trunk-nightly-adhoc-20190827-ds46k-2366760622 ip:192.168.34.1
2019-08-27 09:30:01,802 [org.apache.hadoop.util.JvmPauseMonitor$Monitor@26499d55] INFO  util.JvmPauseMonitor (JvmPauseMonitor.java:run(188)) - Starting JVM pause monitor
2019-08-27 09:30:01,808 [main] INFO  volume.HddsVolume (HddsVolume.java:<init>(176)) - Creating Volume: /workdir/hadoop-ozone/integration-test/target/test-dir/MiniOzoneClusterImpl-e06e3fd2-9840-4528-8a25-31a0cd6e3a97/datanode-1/data/containers/hdds of  storage type : DISK and capacity : 1482555576320
2019-08-27 09:30:01,809 [main] INFO  volume.VolumeSet (VolumeSet.java:initializeVolumeSet(170)) - Added Volume : /workdir/hadoop-ozone/integration-test/target/test-dir/MiniOzoneClusterImpl-e06e3fd2-9840-4528-8a25-31a0cd6e3a97/datanode-1/data/containers/hdds to VolumeSet
2019-08-27 09:30:01,809 [main] INFO  volume.ThrottledAsyncChecker (ThrottledAsyncChecker.java:schedule(140)) - Scheduling a check for org.apache.hadoop.ozone.container.common.volume.HddsVolume@565aa4ac
2019-08-27 09:30:01,810 [main] INFO  volume.HddsVolumeChecker (HddsVolumeChecker.java:checkAllVolumes(203)) - Scheduled health check for volume org.apache.hadoop.ozone.container.common.volume.HddsVolume@565aa4ac
2019-08-27 09:30:01,830 [main] INFO  impl.RaftServerProxy (ConfUtils.java:logGet(43)) - raft.rpc.type = GRPC (default)
2019-08-27 09:30:01,830 [main] INFO  grpc.GrpcFactory (GrpcFactory.java:checkPooledByteBufAllocatorUseCacheForAllThreads(45)) - PERFORMANCE WARNING: useCacheForAllThreads is true that may cause Netty to create a lot garbage objects and, as a result, trigger GC.
	It is recommended to disable useCacheForAllThreads by setting -Dorg.apache.ratis.thirdparty.io.netty.allocator.useCacheForAllThreads=false in command line.
2019-08-27 09:30:01,830 [main] INFO  grpc.GrpcConfigKeys$Server (ConfUtils.java:logGet(43)) - raft.grpc.server.port = 0 (default)
2019-08-27 09:30:01,830 [main] INFO  server.GrpcService (ConfUtils.java:logGet(43)) - raft.grpc.message.size.max = 33570816 (custom)
2019-08-27 09:30:01,831 [main] INFO  server.RaftServerConfigKeys (ConfUtils.java:logGet(43)) - raft.server.log.appender.buffer.byte-limit = 33554432 (custom)
2019-08-27 09:30:01,831 [main] INFO  server.GrpcService (ConfUtils.java:logGet(43)) - raft.grpc.flow.control.window = 1MB (=1048576) (default)
2019-08-27 09:30:01,831 [main] INFO  server.RaftServerConfigKeys (ConfUtils.java:logGet(43)) - raft.server.rpc.request.timeout = 3000ms (default)
2019-08-27 09:30:01,832 [main] INFO  server.RaftServerConfigKeys (ConfUtils.java:logGet(43)) - raft.server.storage.dir = [/workdir/hadoop-ozone/integration-test/target/test-dir/MiniOzoneClusterImpl-e06e3fd2-9840-4528-8a25-31a0cd6e3a97/datanode-1/data/ratis] (custom)
2019-08-27 09:30:01,832 [main] INFO  replication.SimpleContainerDownloader (SimpleContainerDownloader.java:<init>(72)) - Starting container downloader service to copy containers to replicate.
2019-08-27 09:30:01,834 [main] INFO  hdfs.DFSUtil (DFSUtil.java:httpServerTemplateForNNAndJN(1641)) - Starting Web-server for hddsDatanode at: http://0.0.0.0:0
2019-08-27 09:30:01,836 [main] INFO  server.AuthenticationFilter (AuthenticationFilter.java:constructSecretProvider(240)) - Unable to initialize FileSignerSecretProvider, falling back to use random secrets.
2019-08-27 09:30:01,838 [main] WARN  http.HttpRequestLog (HttpRequestLog.java:getRequestLog(97)) - Jetty request log can only be enabled using Log4j
2019-08-27 09:30:01,841 [main] INFO  http.HttpServer2 (HttpServer2.java:addGlobalFilter(975)) - Added global filter 'safety' (class=org.apache.hadoop.http.HttpServer2$QuotingInputFilter)
2019-08-27 09:30:01,842 [main] INFO  http.HttpServer2 (HttpServer2.java:addFilter(948)) - Added filter static_user_filter (class=org.apache.hadoop.http.lib.StaticUserWebFilter$StaticUserFilter) to context hddsDatanode
2019-08-27 09:30:01,842 [main] INFO  http.HttpServer2 (HttpServer2.java:addFilter(958)) - Added filter static_user_filter (class=org.apache.hadoop.http.lib.StaticUserWebFilter$StaticUserFilter) to context static
2019-08-27 09:30:01,843 [main] INFO  http.HttpServer2 (HttpServer2.java:addFilter(958)) - Added filter static_user_filter (class=org.apache.hadoop.http.lib.StaticUserWebFilter$StaticUserFilter) to context logs
2019-08-27 09:30:01,844 [main] INFO  http.HttpServer2 (HttpServer2.java:bindListener(1191)) - Jetty bound to port 42331
2019-08-27 09:30:01,844 [main] INFO  server.Server (Server.java:doStart(351)) - jetty-9.3.24.v20180605, build timestamp: 2018-06-05T17:11:56Z, git hash: 84205aa28f11a4f31f2a3b86d1bba2cc8ab69827
2019-08-27 09:30:01,850 [main] INFO  handler.ContextHandler (ContextHandler.java:doStart(781)) - Started o.e.j.s.ServletContextHandler@46a795de{/logs,file:///workdir/hadoop-ozone/integration-test/target/log,AVAILABLE}
2019-08-27 09:30:01,851 [main] INFO  handler.ContextHandler (ContextHandler.java:doStart(781)) - Started o.e.j.s.ServletContextHandler@2f3928ac{/static,jar:file:/home/user/.m2/repository/org/apache/hadoop/hadoop-hdds-container-service/0.5.0-SNAPSHOT/hadoop-hdds-container-service-0.5.0-SNAPSHOT.jar!/webapps/static,AVAILABLE}
2019-08-27 09:30:01,895 [main] INFO  handler.ContextHandler (ContextHandler.java:doStart(781)) - Started o.e.j.w.WebAppContext@18d47df0{/,file:///tmp/jetty-0.0.0.0-42331-hddsDatanode-_-any-4103938140505071799.dir/webapp/,AVAILABLE}{/hddsDatanode}
2019-08-27 09:30:01,896 [main] INFO  server.AbstractConnector (AbstractConnector.java:doStart(278)) - Started ServerConnector@28393e82{HTTP/1.1,[http/1.1]}{0.0.0.0:42331}
2019-08-27 09:30:01,897 [main] INFO  server.Server (Server.java:doStart(419)) - Started @7053ms
2019-08-27 09:30:01,900 [main] INFO  server.BaseHttpServer (BaseHttpServer.java:updateConnectorAddress(213)) - HTTP server of HDDSDATANODE is listening at http://0.0.0.0:42331
2019-08-27 09:30:01,977 [Datanode State Machine Thread - 0] INFO  datanode.InitDatanodeState (InitDatanodeState.java:persistContainerDatanodeDetails(140)) - DatanodeDetails is persisted to /workdir/hadoop-ozone/integration-test/target/test-dir/MiniOzoneClusterImpl-e06e3fd2-9840-4528-8a25-31a0cd6e3a97/datanode-0/meta/datanode.id
2019-08-27 09:30:02,066 | INFO  | ObjectStoreRestHttpServer | Listening HDDS REST traffic on /0.0.0.0:41148 |  
2019-08-27 09:30:02,066 [main] INFO  ozone.HddsDatanodeService (HddsDatanodeService.java:startPlugins(395)) - Started plug-in org.apache.hadoop.ozone.web.OzoneHddsDatanodeService@1f129467
2019-08-27 09:30:02,067 [main] INFO  impl.MetricsSystemImpl (MetricsSystemImpl.java:init(158)) - HddsDatanode metrics system started (again)
2019-08-27 09:30:02,070 [main] INFO  ozone.HddsDatanodeService (HddsDatanodeService.java:start(184)) - HddsDatanodeService host:trunk-nightly-adhoc-20190827-ds46k-2366760622 ip:192.168.34.1
2019-08-27 09:30:02,071 [org.apache.hadoop.util.JvmPauseMonitor$Monitor@50ddd8c3] INFO  util.JvmPauseMonitor (JvmPauseMonitor.java:run(188)) - Starting JVM pause monitor
2019-08-27 09:30:02,076 [Datanode State Machine Thread - 0] INFO  datanode.InitDatanodeState (InitDatanodeState.java:persistContainerDatanodeDetails(140)) - DatanodeDetails is persisted to /workdir/hadoop-ozone/integration-test/target/test-dir/MiniOzoneClusterImpl-e06e3fd2-9840-4528-8a25-31a0cd6e3a97/datanode-1/meta/datanode.id
2019-08-27 09:30:02,082 [main] INFO  volume.HddsVolume (HddsVolume.java:<init>(176)) - Creating Volume: /workdir/hadoop-ozone/integration-test/target/test-dir/MiniOzoneClusterImpl-e06e3fd2-9840-4528-8a25-31a0cd6e3a97/datanode-2/data/containers/hdds of  storage type : DISK and capacity : 1482555576320
2019-08-27 09:30:02,083 [main] INFO  volume.VolumeSet (VolumeSet.java:initializeVolumeSet(170)) - Added Volume : /workdir/hadoop-ozone/integration-test/target/test-dir/MiniOzoneClusterImpl-e06e3fd2-9840-4528-8a25-31a0cd6e3a97/datanode-2/data/containers/hdds to VolumeSet
2019-08-27 09:30:02,083 [main] INFO  volume.ThrottledAsyncChecker (ThrottledAsyncChecker.java:schedule(140)) - Scheduling a check for org.apache.hadoop.ozone.container.common.volume.HddsVolume@102c18e
2019-08-27 09:30:02,084 [main] INFO  volume.HddsVolumeChecker (HddsVolumeChecker.java:checkAllVolumes(203)) - Scheduled health check for volume org.apache.hadoop.ozone.container.common.volume.HddsVolume@102c18e
2019-08-27 09:30:02,100 [main] INFO  impl.RaftServerProxy (ConfUtils.java:logGet(43)) - raft.rpc.type = GRPC (default)
2019-08-27 09:30:02,101 [main] INFO  grpc.GrpcFactory (GrpcFactory.java:checkPooledByteBufAllocatorUseCacheForAllThreads(45)) - PERFORMANCE WARNING: useCacheForAllThreads is true that may cause Netty to create a lot garbage objects and, as a result, trigger GC.
	It is recommended to disable useCacheForAllThreads by setting -Dorg.apache.ratis.thirdparty.io.netty.allocator.useCacheForAllThreads=false in command line.
2019-08-27 09:30:02,101 [main] INFO  grpc.GrpcConfigKeys$Server (ConfUtils.java:logGet(43)) - raft.grpc.server.port = 0 (default)
2019-08-27 09:30:02,101 [main] INFO  server.GrpcService (ConfUtils.java:logGet(43)) - raft.grpc.message.size.max = 33570816 (custom)
2019-08-27 09:30:02,101 [main] INFO  server.RaftServerConfigKeys (ConfUtils.java:logGet(43)) - raft.server.log.appender.buffer.byte-limit = 33554432 (custom)
2019-08-27 09:30:02,102 [main] INFO  server.GrpcService (ConfUtils.java:logGet(43)) - raft.grpc.flow.control.window = 1MB (=1048576) (default)
2019-08-27 09:30:02,102 [main] INFO  server.RaftServerConfigKeys (ConfUtils.java:logGet(43)) - raft.server.rpc.request.timeout = 3000ms (default)
2019-08-27 09:30:02,102 [main] INFO  server.RaftServerConfigKeys (ConfUtils.java:logGet(43)) - raft.server.storage.dir = [/workdir/hadoop-ozone/integration-test/target/test-dir/MiniOzoneClusterImpl-e06e3fd2-9840-4528-8a25-31a0cd6e3a97/datanode-2/data/ratis] (custom)
2019-08-27 09:30:02,103 [main] INFO  replication.SimpleContainerDownloader (SimpleContainerDownloader.java:<init>(72)) - Starting container downloader service to copy containers to replicate.
2019-08-27 09:30:02,105 [main] INFO  hdfs.DFSUtil (DFSUtil.java:httpServerTemplateForNNAndJN(1641)) - Starting Web-server for hddsDatanode at: http://0.0.0.0:0
2019-08-27 09:30:02,106 [main] INFO  server.AuthenticationFilter (AuthenticationFilter.java:constructSecretProvider(240)) - Unable to initialize FileSignerSecretProvider, falling back to use random secrets.
2019-08-27 09:30:02,106 [main] WARN  http.HttpRequestLog (HttpRequestLog.java:getRequestLog(97)) - Jetty request log can only be enabled using Log4j
2019-08-27 09:30:02,108 [main] INFO  http.HttpServer2 (HttpServer2.java:addGlobalFilter(975)) - Added global filter 'safety' (class=org.apache.hadoop.http.HttpServer2$QuotingInputFilter)
2019-08-27 09:30:02,109 [main] INFO  http.HttpServer2 (HttpServer2.java:addFilter(948)) - Added filter static_user_filter (class=org.apache.hadoop.http.lib.StaticUserWebFilter$StaticUserFilter) to context hddsDatanode
2019-08-27 09:30:02,109 [main] INFO  http.HttpServer2 (HttpServer2.java:addFilter(958)) - Added filter static_user_filter (class=org.apache.hadoop.http.lib.StaticUserWebFilter$StaticUserFilter) to context static
2019-08-27 09:30:02,109 [main] INFO  http.HttpServer2 (HttpServer2.java:addFilter(958)) - Added filter static_user_filter (class=org.apache.hadoop.http.lib.StaticUserWebFilter$StaticUserFilter) to context logs
2019-08-27 09:30:02,110 [main] INFO  http.HttpServer2 (HttpServer2.java:bindListener(1191)) - Jetty bound to port 34064
2019-08-27 09:30:02,110 [main] INFO  server.Server (Server.java:doStart(351)) - jetty-9.3.24.v20180605, build timestamp: 2018-06-05T17:11:56Z, git hash: 84205aa28f11a4f31f2a3b86d1bba2cc8ab69827
2019-08-27 09:30:02,112 [main] INFO  handler.ContextHandler (ContextHandler.java:doStart(781)) - Started o.e.j.s.ServletContextHandler@7f0f84d4{/logs,file:///workdir/hadoop-ozone/integration-test/target/log,AVAILABLE}
2019-08-27 09:30:02,113 [main] INFO  handler.ContextHandler (ContextHandler.java:doStart(781)) - Started o.e.j.s.ServletContextHandler@26e8ff8c{/static,jar:file:/home/user/.m2/repository/org/apache/hadoop/hadoop-hdds-container-service/0.5.0-SNAPSHOT/hadoop-hdds-container-service-0.5.0-SNAPSHOT.jar!/webapps/static,AVAILABLE}
2019-08-27 09:30:02,141 [main] INFO  handler.ContextHandler (ContextHandler.java:doStart(781)) - Started o.e.j.w.WebAppContext@10f405ff{/,file:///tmp/jetty-0.0.0.0-34064-hddsDatanode-_-any-6440428175884946036.dir/webapp/,AVAILABLE}{/hddsDatanode}
2019-08-27 09:30:02,142 [main] INFO  server.AbstractConnector (AbstractConnector.java:doStart(278)) - Started ServerConnector@7f27f59b{HTTP/1.1,[http/1.1]}{0.0.0.0:34064}
2019-08-27 09:30:02,143 [main] INFO  server.Server (Server.java:doStart(419)) - Started @7299ms
2019-08-27 09:30:02,146 [main] INFO  server.BaseHttpServer (BaseHttpServer.java:updateConnectorAddress(213)) - HTTP server of HDDSDATANODE is listening at http://0.0.0.0:34064
2019-08-27 09:30:02,295 | INFO  | ObjectStoreRestHttpServer | Listening HDDS REST traffic on /0.0.0.0:35210 |  
2019-08-27 09:30:02,295 [main] INFO  ozone.HddsDatanodeService (HddsDatanodeService.java:startPlugins(395)) - Started plug-in org.apache.hadoop.ozone.web.OzoneHddsDatanodeService@37d28938
2019-08-27 09:30:02,295 [main] INFO  impl.MetricsSystemImpl (MetricsSystemImpl.java:init(158)) - HddsDatanode metrics system started (again)
2019-08-27 09:30:02,298 [main] INFO  ozone.HddsDatanodeService (HddsDatanodeService.java:start(184)) - HddsDatanodeService host:trunk-nightly-adhoc-20190827-ds46k-2366760622 ip:192.168.34.1
2019-08-27 09:30:02,299 [org.apache.hadoop.util.JvmPauseMonitor$Monitor@5edf61b3] INFO  util.JvmPauseMonitor (JvmPauseMonitor.java:run(188)) - Starting JVM pause monitor
2019-08-27 09:30:02,306 [Datanode State Machine Thread - 0] INFO  datanode.InitDatanodeState (InitDatanodeState.java:persistContainerDatanodeDetails(140)) - DatanodeDetails is persisted to /workdir/hadoop-ozone/integration-test/target/test-dir/MiniOzoneClusterImpl-e06e3fd2-9840-4528-8a25-31a0cd6e3a97/datanode-2/meta/datanode.id
2019-08-27 09:30:02,307 [main] INFO  volume.HddsVolume (HddsVolume.java:<init>(176)) - Creating Volume: /workdir/hadoop-ozone/integration-test/target/test-dir/MiniOzoneClusterImpl-e06e3fd2-9840-4528-8a25-31a0cd6e3a97/datanode-3/data/containers/hdds of  storage type : DISK and capacity : 1482555576320
2019-08-27 09:30:02,307 [main] INFO  volume.VolumeSet (VolumeSet.java:initializeVolumeSet(170)) - Added Volume : /workdir/hadoop-ozone/integration-test/target/test-dir/MiniOzoneClusterImpl-e06e3fd2-9840-4528-8a25-31a0cd6e3a97/datanode-3/data/containers/hdds to VolumeSet
2019-08-27 09:30:02,308 [main] INFO  volume.ThrottledAsyncChecker (ThrottledAsyncChecker.java:schedule(140)) - Scheduling a check for org.apache.hadoop.ozone.container.common.volume.HddsVolume@350323a0
2019-08-27 09:30:02,308 [main] INFO  volume.HddsVolumeChecker (HddsVolumeChecker.java:checkAllVolumes(203)) - Scheduled health check for volume org.apache.hadoop.ozone.container.common.volume.HddsVolume@350323a0
2019-08-27 09:30:02,323 [main] INFO  impl.RaftServerProxy (ConfUtils.java:logGet(43)) - raft.rpc.type = GRPC (default)
2019-08-27 09:30:02,323 [main] INFO  grpc.GrpcFactory (GrpcFactory.java:checkPooledByteBufAllocatorUseCacheForAllThreads(45)) - PERFORMANCE WARNING: useCacheForAllThreads is true that may cause Netty to create a lot garbage objects and, as a result, trigger GC.
	It is recommended to disable useCacheForAllThreads by setting -Dorg.apache.ratis.thirdparty.io.netty.allocator.useCacheForAllThreads=false in command line.
2019-08-27 09:30:02,324 [main] INFO  grpc.GrpcConfigKeys$Server (ConfUtils.java:logGet(43)) - raft.grpc.server.port = 0 (default)
2019-08-27 09:30:02,324 [main] INFO  server.GrpcService (ConfUtils.java:logGet(43)) - raft.grpc.message.size.max = 33570816 (custom)
2019-08-27 09:30:02,324 [main] INFO  server.RaftServerConfigKeys (ConfUtils.java:logGet(43)) - raft.server.log.appender.buffer.byte-limit = 33554432 (custom)
2019-08-27 09:30:02,324 [main] INFO  server.GrpcService (ConfUtils.java:logGet(43)) - raft.grpc.flow.control.window = 1MB (=1048576) (default)
2019-08-27 09:30:02,324 [main] INFO  server.RaftServerConfigKeys (ConfUtils.java:logGet(43)) - raft.server.rpc.request.timeout = 3000ms (default)
2019-08-27 09:30:02,325 [main] INFO  server.RaftServerConfigKeys (ConfUtils.java:logGet(43)) - raft.server.storage.dir = [/workdir/hadoop-ozone/integration-test/target/test-dir/MiniOzoneClusterImpl-e06e3fd2-9840-4528-8a25-31a0cd6e3a97/datanode-3/data/ratis] (custom)
2019-08-27 09:30:02,326 [main] INFO  replication.SimpleContainerDownloader (SimpleContainerDownloader.java:<init>(72)) - Starting container downloader service to copy containers to replicate.
2019-08-27 09:30:02,327 [main] INFO  hdfs.DFSUtil (DFSUtil.java:httpServerTemplateForNNAndJN(1641)) - Starting Web-server for hddsDatanode at: http://0.0.0.0:0
2019-08-27 09:30:02,328 [main] INFO  server.AuthenticationFilter (AuthenticationFilter.java:constructSecretProvider(240)) - Unable to initialize FileSignerSecretProvider, falling back to use random secrets.
2019-08-27 09:30:02,328 [main] WARN  http.HttpRequestLog (HttpRequestLog.java:getRequestLog(97)) - Jetty request log can only be enabled using Log4j
2019-08-27 09:30:02,330 [main] INFO  http.HttpServer2 (HttpServer2.java:addGlobalFilter(975)) - Added global filter 'safety' (class=org.apache.hadoop.http.HttpServer2$QuotingInputFilter)
2019-08-27 09:30:02,331 [main] INFO  http.HttpServer2 (HttpServer2.java:addFilter(948)) - Added filter static_user_filter (class=org.apache.hadoop.http.lib.StaticUserWebFilter$StaticUserFilter) to context hddsDatanode
2019-08-27 09:30:02,331 [main] INFO  http.HttpServer2 (HttpServer2.java:addFilter(958)) - Added filter static_user_filter (class=org.apache.hadoop.http.lib.StaticUserWebFilter$StaticUserFilter) to context logs
2019-08-27 09:30:02,331 [main] INFO  http.HttpServer2 (HttpServer2.java:addFilter(958)) - Added filter static_user_filter (class=org.apache.hadoop.http.lib.StaticUserWebFilter$StaticUserFilter) to context static
2019-08-27 09:30:02,332 [main] INFO  http.HttpServer2 (HttpServer2.java:bindListener(1191)) - Jetty bound to port 46326
2019-08-27 09:30:02,332 [main] INFO  server.Server (Server.java:doStart(351)) - jetty-9.3.24.v20180605, build timestamp: 2018-06-05T17:11:56Z, git hash: 84205aa28f11a4f31f2a3b86d1bba2cc8ab69827
2019-08-27 09:30:02,336 [main] INFO  handler.ContextHandler (ContextHandler.java:doStart(781)) - Started o.e.j.s.ServletContextHandler@723e2d08{/logs,file:///workdir/hadoop-ozone/integration-test/target/log,AVAILABLE}
2019-08-27 09:30:02,336 [main] INFO  handler.ContextHandler (ContextHandler.java:doStart(781)) - Started o.e.j.s.ServletContextHandler@14f060b8{/static,jar:file:/home/user/.m2/repository/org/apache/hadoop/hadoop-hdds-container-service/0.5.0-SNAPSHOT/hadoop-hdds-container-service-0.5.0-SNAPSHOT.jar!/webapps/static,AVAILABLE}
2019-08-27 09:30:02,367 [main] INFO  handler.ContextHandler (ContextHandler.java:doStart(781)) - Started o.e.j.w.WebAppContext@6f50d55c{/,file:///tmp/jetty-0.0.0.0-46326-hddsDatanode-_-any-6007111244586701322.dir/webapp/,AVAILABLE}{/hddsDatanode}
2019-08-27 09:30:02,369 [main] INFO  server.AbstractConnector (AbstractConnector.java:doStart(278)) - Started ServerConnector@19b5214b{HTTP/1.1,[http/1.1]}{0.0.0.0:46326}
2019-08-27 09:30:02,369 [main] INFO  server.Server (Server.java:doStart(419)) - Started @7525ms
2019-08-27 09:30:02,371 [main] INFO  server.BaseHttpServer (BaseHttpServer.java:updateConnectorAddress(213)) - HTTP server of HDDSDATANODE is listening at http://0.0.0.0:46326
2019-08-27 09:30:02,536 | INFO  | ObjectStoreRestHttpServer | Listening HDDS REST traffic on /0.0.0.0:36714 |  
2019-08-27 09:30:02,536 [main] INFO  ozone.HddsDatanodeService (HddsDatanodeService.java:startPlugins(395)) - Started plug-in org.apache.hadoop.ozone.web.OzoneHddsDatanodeService@463045fb
2019-08-27 09:30:02,537 [main] INFO  impl.MetricsSystemImpl (MetricsSystemImpl.java:init(158)) - HddsDatanode metrics system started (again)
2019-08-27 09:30:02,541 [org.apache.hadoop.util.JvmPauseMonitor$Monitor@57a12831] INFO  util.JvmPauseMonitor (JvmPauseMonitor.java:run(188)) - Starting JVM pause monitor
2019-08-27 09:30:02,542 [main] INFO  ozone.HddsDatanodeService (HddsDatanodeService.java:start(184)) - HddsDatanodeService host:trunk-nightly-adhoc-20190827-ds46k-2366760622 ip:192.168.34.1
2019-08-27 09:30:02,544 [Datanode State Machine Thread - 0] INFO  datanode.InitDatanodeState (InitDatanodeState.java:persistContainerDatanodeDetails(140)) - DatanodeDetails is persisted to /workdir/hadoop-ozone/integration-test/target/test-dir/MiniOzoneClusterImpl-e06e3fd2-9840-4528-8a25-31a0cd6e3a97/datanode-3/meta/datanode.id
2019-08-27 09:30:02,553 [main] INFO  volume.HddsVolume (HddsVolume.java:<init>(176)) - Creating Volume: /workdir/hadoop-ozone/integration-test/target/test-dir/MiniOzoneClusterImpl-e06e3fd2-9840-4528-8a25-31a0cd6e3a97/datanode-4/data/containers/hdds of  storage type : DISK and capacity : 1482555576320
2019-08-27 09:30:02,554 [main] INFO  volume.VolumeSet (VolumeSet.java:initializeVolumeSet(170)) - Added Volume : /workdir/hadoop-ozone/integration-test/target/test-dir/MiniOzoneClusterImpl-e06e3fd2-9840-4528-8a25-31a0cd6e3a97/datanode-4/data/containers/hdds to VolumeSet
2019-08-27 09:30:02,554 [main] INFO  volume.ThrottledAsyncChecker (ThrottledAsyncChecker.java:schedule(140)) - Scheduling a check for org.apache.hadoop.ozone.container.common.volume.HddsVolume@16e1219f
2019-08-27 09:30:02,555 [main] INFO  volume.HddsVolumeChecker (HddsVolumeChecker.java:checkAllVolumes(203)) - Scheduled health check for volume org.apache.hadoop.ozone.container.common.volume.HddsVolume@16e1219f
2019-08-27 09:30:02,578 [main] INFO  impl.RaftServerProxy (ConfUtils.java:logGet(43)) - raft.rpc.type = GRPC (default)
2019-08-27 09:30:02,578 [main] INFO  grpc.GrpcFactory (GrpcFactory.java:checkPooledByteBufAllocatorUseCacheForAllThreads(45)) - PERFORMANCE WARNING: useCacheForAllThreads is true that may cause Netty to create a lot garbage objects and, as a result, trigger GC.
	It is recommended to disable useCacheForAllThreads by setting -Dorg.apache.ratis.thirdparty.io.netty.allocator.useCacheForAllThreads=false in command line.
2019-08-27 09:30:02,579 [main] INFO  grpc.GrpcConfigKeys$Server (ConfUtils.java:logGet(43)) - raft.grpc.server.port = 0 (default)
2019-08-27 09:30:02,579 [main] INFO  server.GrpcService (ConfUtils.java:logGet(43)) - raft.grpc.message.size.max = 33570816 (custom)
2019-08-27 09:30:02,580 [main] INFO  server.RaftServerConfigKeys (ConfUtils.java:logGet(43)) - raft.server.log.appender.buffer.byte-limit = 33554432 (custom)
2019-08-27 09:30:02,580 [main] INFO  server.GrpcService (ConfUtils.java:logGet(43)) - raft.grpc.flow.control.window = 1MB (=1048576) (default)
2019-08-27 09:30:02,580 [main] INFO  server.RaftServerConfigKeys (ConfUtils.java:logGet(43)) - raft.server.rpc.request.timeout = 3000ms (default)
2019-08-27 09:30:02,581 [main] INFO  server.RaftServerConfigKeys (ConfUtils.java:logGet(43)) - raft.server.storage.dir = [/workdir/hadoop-ozone/integration-test/target/test-dir/MiniOzoneClusterImpl-e06e3fd2-9840-4528-8a25-31a0cd6e3a97/datanode-4/data/ratis] (custom)
2019-08-27 09:30:02,582 [main] INFO  replication.SimpleContainerDownloader (SimpleContainerDownloader.java:<init>(72)) - Starting container downloader service to copy containers to replicate.
2019-08-27 09:30:02,584 [main] INFO  hdfs.DFSUtil (DFSUtil.java:httpServerTemplateForNNAndJN(1641)) - Starting Web-server for hddsDatanode at: http://0.0.0.0:0
2019-08-27 09:30:02,586 [main] INFO  server.AuthenticationFilter (AuthenticationFilter.java:constructSecretProvider(240)) - Unable to initialize FileSignerSecretProvider, falling back to use random secrets.
2019-08-27 09:30:02,587 [main] WARN  http.HttpRequestLog (HttpRequestLog.java:getRequestLog(97)) - Jetty request log can only be enabled using Log4j
2019-08-27 09:30:02,589 [main] INFO  http.HttpServer2 (HttpServer2.java:addGlobalFilter(975)) - Added global filter 'safety' (class=org.apache.hadoop.http.HttpServer2$QuotingInputFilter)
2019-08-27 09:30:02,591 [main] INFO  http.HttpServer2 (HttpServer2.java:addFilter(948)) - Added filter static_user_filter (class=org.apache.hadoop.http.lib.StaticUserWebFilter$StaticUserFilter) to context hddsDatanode
2019-08-27 09:30:02,591 [main] INFO  http.HttpServer2 (HttpServer2.java:addFilter(958)) - Added filter static_user_filter (class=org.apache.hadoop.http.lib.StaticUserWebFilter$StaticUserFilter) to context logs
2019-08-27 09:30:02,591 [main] INFO  http.HttpServer2 (HttpServer2.java:addFilter(958)) - Added filter static_user_filter (class=org.apache.hadoop.http.lib.StaticUserWebFilter$StaticUserFilter) to context static
2019-08-27 09:30:02,592 [main] INFO  http.HttpServer2 (HttpServer2.java:bindListener(1191)) - Jetty bound to port 34201
2019-08-27 09:30:02,593 [main] INFO  server.Server (Server.java:doStart(351)) - jetty-9.3.24.v20180605, build timestamp: 2018-06-05T17:11:56Z, git hash: 84205aa28f11a4f31f2a3b86d1bba2cc8ab69827
2019-08-27 09:30:02,596 [main] INFO  handler.ContextHandler (ContextHandler.java:doStart(781)) - Started o.e.j.s.ServletContextHandler@66713605{/logs,file:///workdir/hadoop-ozone/integration-test/target/log,AVAILABLE}
2019-08-27 09:30:02,597 [main] INFO  handler.ContextHandler (ContextHandler.java:doStart(781)) - Started o.e.j.s.ServletContextHandler@7d50f2a8{/static,jar:file:/home/user/.m2/repository/org/apache/hadoop/hadoop-hdds-container-service/0.5.0-SNAPSHOT/hadoop-hdds-container-service-0.5.0-SNAPSHOT.jar!/webapps/static,AVAILABLE}
2019-08-27 09:30:02,641 [main] INFO  handler.ContextHandler (ContextHandler.java:doStart(781)) - Started o.e.j.w.WebAppContext@54ccb3{/,file:///tmp/jetty-0.0.0.0-34201-hddsDatanode-_-any-1578098382892245360.dir/webapp/,AVAILABLE}{/hddsDatanode}
2019-08-27 09:30:02,642 [main] INFO  server.AbstractConnector (AbstractConnector.java:doStart(278)) - Started ServerConnector@9b2dc56{HTTP/1.1,[http/1.1]}{0.0.0.0:34201}
2019-08-27 09:30:02,642 [main] INFO  server.Server (Server.java:doStart(419)) - Started @7798ms
2019-08-27 09:30:02,645 [main] INFO  server.BaseHttpServer (BaseHttpServer.java:updateConnectorAddress(213)) - HTTP server of HDDSDATANODE is listening at http://0.0.0.0:34201
2019-08-27 09:30:02,817 | INFO  | ObjectStoreRestHttpServer | Listening HDDS REST traffic on /0.0.0.0:40481 |  
2019-08-27 09:30:02,817 [main] INFO  ozone.HddsDatanodeService (HddsDatanodeService.java:startPlugins(395)) - Started plug-in org.apache.hadoop.ozone.web.OzoneHddsDatanodeService@15369d73
2019-08-27 09:30:02,820 [main] INFO  ozone.MiniOzoneClusterImpl (MiniOzoneClusterImpl.java:lambda$waitForClusterToBeReady$0(142)) - Waiting for cluster to be ready. Got 0 of 5 DN Heartbeats.
2019-08-27 09:30:02,821 [org.apache.hadoop.util.JvmPauseMonitor$Monitor@64ce164f] INFO  util.JvmPauseMonitor (JvmPauseMonitor.java:run(188)) - Starting JVM pause monitor
2019-08-27 09:30:02,824 [Datanode State Machine Thread - 0] INFO  datanode.InitDatanodeState (InitDatanodeState.java:persistContainerDatanodeDetails(140)) - DatanodeDetails is persisted to /workdir/hadoop-ozone/integration-test/target/test-dir/MiniOzoneClusterImpl-e06e3fd2-9840-4528-8a25-31a0cd6e3a97/datanode-4/meta/datanode.id
2019-08-27 09:30:03,820 [main] INFO  ozone.MiniOzoneClusterImpl (MiniOzoneClusterImpl.java:lambda$waitForClusterToBeReady$0(142)) - Waiting for cluster to be ready. Got 0 of 5 DN Heartbeats.
2019-08-27 09:30:03,837 | INFO  | SCMAudit | user=jenkins1000 | ip=192.168.34.1 | op=GET_VERSION null | ret=SUCCESS |  
2019-08-27 09:30:03,864 [Datanode State Machine Thread - 0] INFO  ozoneimpl.OzoneContainer (OzoneContainer.java:start(186)) - Attempting to start container services.
2019-08-27 09:30:03,866 [Datanode State Machine Thread - 0] INFO  ozoneimpl.OzoneContainer (OzoneContainer.java:startContainerScrub(160)) - Background container scrubber has been disabled by hdds.containerscrub.enabled
2019-08-27 09:30:03,866 [Datanode State Machine Thread - 0] INFO  ratis.XceiverServerRatis (XceiverServerRatis.java:start(404)) - Starting XceiverServerRatis 72c22e3c-3c05-4243-bffb-0059d6f14df8 at port 0
2019-08-27 09:30:03,952 [Datanode State Machine Thread - 0] INFO  impl.RaftServerProxy (RaftServerProxy.java:lambda$start$3(299)) - 72c22e3c-3c05-4243-bffb-0059d6f14df8: start RPC server
2019-08-27 09:30:04,074 | INFO  | SCMAudit | user=jenkins1000 | ip=192.168.34.1 | op=GET_VERSION null | ret=SUCCESS |  
2019-08-27 09:30:04,088 [Datanode State Machine Thread - 0] INFO  ozoneimpl.OzoneContainer (OzoneContainer.java:start(186)) - Attempting to start container services.
2019-08-27 09:30:04,091 [Datanode State Machine Thread - 0] INFO  ozoneimpl.OzoneContainer (OzoneContainer.java:startContainerScrub(160)) - Background container scrubber has been disabled by hdds.containerscrub.enabled
2019-08-27 09:30:04,092 [Datanode State Machine Thread - 0] INFO  ratis.XceiverServerRatis (XceiverServerRatis.java:start(404)) - Starting XceiverServerRatis c0e57bb0-c773-45c8-8651-a8a13fee848f at port 0
2019-08-27 09:30:04,101 [Datanode State Machine Thread - 0] INFO  server.GrpcService (GrpcService.java:startImpl(149)) - 72c22e3c-3c05-4243-bffb-0059d6f14df8: GrpcService started, listening on 0.0.0.0/0.0.0.0:43192
2019-08-27 09:30:04,102 [Datanode State Machine Thread - 0] INFO  ratis.XceiverServerRatis (XceiverServerRatis.java:start(414)) - XceiverServerRatis 72c22e3c-3c05-4243-bffb-0059d6f14df8 is started using port 43192
2019-08-27 09:30:04,104 [Datanode State Machine Thread - 0] INFO  server.XceiverServerGrpc (XceiverServerGrpc.java:start(161)) - XceiverServerGrpc 72c22e3c-3c05-4243-bffb-0059d6f14df8 is started using port 36200
2019-08-27 09:30:04,105 [Datanode State Machine Thread - 0] INFO  impl.RaftServerProxy (RaftServerProxy.java:lambda$start$3(299)) - c0e57bb0-c773-45c8-8651-a8a13fee848f: start RPC server
2019-08-27 09:30:04,110 [Datanode State Machine Thread - 0] INFO  server.GrpcService (GrpcService.java:startImpl(149)) - c0e57bb0-c773-45c8-8651-a8a13fee848f: GrpcService started, listening on 0.0.0.0/0.0.0.0:45012
2019-08-27 09:30:04,110 [Datanode State Machine Thread - 0] INFO  ratis.XceiverServerRatis (XceiverServerRatis.java:start(414)) - XceiverServerRatis c0e57bb0-c773-45c8-8651-a8a13fee848f is started using port 45012
2019-08-27 09:30:04,112 [Datanode State Machine Thread - 0] INFO  server.XceiverServerGrpc (XceiverServerGrpc.java:start(161)) - XceiverServerGrpc c0e57bb0-c773-45c8-8651-a8a13fee848f is started using port 38393
2019-08-27 09:30:04,301 | INFO  | SCMAudit | user=jenkins1000 | ip=192.168.34.1 | op=GET_VERSION null | ret=SUCCESS |  
2019-08-27 09:30:04,317 [Datanode State Machine Thread - 0] INFO  ozoneimpl.OzoneContainer (OzoneContainer.java:start(186)) - Attempting to start container services.
2019-08-27 09:30:04,320 [Datanode State Machine Thread - 0] INFO  ozoneimpl.OzoneContainer (OzoneContainer.java:startContainerScrub(160)) - Background container scrubber has been disabled by hdds.containerscrub.enabled
2019-08-27 09:30:04,323 [Datanode State Machine Thread - 0] INFO  ratis.XceiverServerRatis (XceiverServerRatis.java:start(404)) - Starting XceiverServerRatis d2df9428-4997-4acb-8edc-b870657dabff at port 0
2019-08-27 09:30:04,331 [Datanode State Machine Thread - 0] INFO  impl.RaftServerProxy (RaftServerProxy.java:lambda$start$3(299)) - d2df9428-4997-4acb-8edc-b870657dabff: start RPC server
2019-08-27 09:30:04,334 [Datanode State Machine Thread - 0] INFO  server.GrpcService (GrpcService.java:startImpl(149)) - d2df9428-4997-4acb-8edc-b870657dabff: GrpcService started, listening on 0.0.0.0/0.0.0.0:33819
2019-08-27 09:30:04,334 [Datanode State Machine Thread - 0] INFO  ratis.XceiverServerRatis (XceiverServerRatis.java:start(414)) - XceiverServerRatis d2df9428-4997-4acb-8edc-b870657dabff is started using port 33819
2019-08-27 09:30:04,336 [Datanode State Machine Thread - 0] INFO  server.XceiverServerGrpc (XceiverServerGrpc.java:start(161)) - XceiverServerGrpc d2df9428-4997-4acb-8edc-b870657dabff is started using port 41106
2019-08-27 09:30:04,544 | INFO  | SCMAudit | user=jenkins1000 | ip=192.168.34.1 | op=GET_VERSION null | ret=SUCCESS |  
2019-08-27 09:30:04,558 [Datanode State Machine Thread - 0] INFO  ozoneimpl.OzoneContainer (OzoneContainer.java:start(186)) - Attempting to start container services.
2019-08-27 09:30:04,561 [Datanode State Machine Thread - 0] INFO  ozoneimpl.OzoneContainer (OzoneContainer.java:startContainerScrub(160)) - Background container scrubber has been disabled by hdds.containerscrub.enabled
2019-08-27 09:30:04,561 [Datanode State Machine Thread - 0] INFO  ratis.XceiverServerRatis (XceiverServerRatis.java:start(404)) - Starting XceiverServerRatis dc9c49c4-fcba-44d3-8e03-8b7afae22bc1 at port 0
2019-08-27 09:30:04,570 [Datanode State Machine Thread - 0] INFO  impl.RaftServerProxy (RaftServerProxy.java:lambda$start$3(299)) - dc9c49c4-fcba-44d3-8e03-8b7afae22bc1: start RPC server
2019-08-27 09:30:04,573 [Datanode State Machine Thread - 0] INFO  server.GrpcService (GrpcService.java:startImpl(149)) - dc9c49c4-fcba-44d3-8e03-8b7afae22bc1: GrpcService started, listening on 0.0.0.0/0.0.0.0:33097
2019-08-27 09:30:04,573 [Datanode State Machine Thread - 0] INFO  ratis.XceiverServerRatis (XceiverServerRatis.java:start(414)) - XceiverServerRatis dc9c49c4-fcba-44d3-8e03-8b7afae22bc1 is started using port 33097
2019-08-27 09:30:04,576 [Datanode State Machine Thread - 0] INFO  server.XceiverServerGrpc (XceiverServerGrpc.java:start(161)) - XceiverServerGrpc dc9c49c4-fcba-44d3-8e03-8b7afae22bc1 is started using port 37750
2019-08-27 09:30:04,821 [main] INFO  ozone.MiniOzoneClusterImpl (MiniOzoneClusterImpl.java:lambda$waitForClusterToBeReady$0(142)) - Waiting for cluster to be ready. Got 0 of 5 DN Heartbeats.
2019-08-27 09:30:04,824 | INFO  | SCMAudit | user=jenkins1000 | ip=192.168.34.1 | op=GET_VERSION null | ret=SUCCESS |  
2019-08-27 09:30:04,840 [Datanode State Machine Thread - 0] INFO  ozoneimpl.OzoneContainer (OzoneContainer.java:start(186)) - Attempting to start container services.
2019-08-27 09:30:04,846 [Datanode State Machine Thread - 0] INFO  ozoneimpl.OzoneContainer (OzoneContainer.java:startContainerScrub(160)) - Background container scrubber has been disabled by hdds.containerscrub.enabled
2019-08-27 09:30:04,846 [Datanode State Machine Thread - 0] INFO  ratis.XceiverServerRatis (XceiverServerRatis.java:start(404)) - Starting XceiverServerRatis b87db874-79e1-4895-a6f5-a01095987c8b at port 0
2019-08-27 09:30:04,857 [Datanode State Machine Thread - 0] INFO  impl.RaftServerProxy (RaftServerProxy.java:lambda$start$3(299)) - b87db874-79e1-4895-a6f5-a01095987c8b: start RPC server
2019-08-27 09:30:04,861 [Datanode State Machine Thread - 0] INFO  server.GrpcService (GrpcService.java:startImpl(149)) - b87db874-79e1-4895-a6f5-a01095987c8b: GrpcService started, listening on 0.0.0.0/0.0.0.0:35636
2019-08-27 09:30:04,862 [Datanode State Machine Thread - 0] INFO  ratis.XceiverServerRatis (XceiverServerRatis.java:start(414)) - XceiverServerRatis b87db874-79e1-4895-a6f5-a01095987c8b is started using port 35636
2019-08-27 09:30:04,865 [Datanode State Machine Thread - 0] INFO  server.XceiverServerGrpc (XceiverServerGrpc.java:start(161)) - XceiverServerGrpc b87db874-79e1-4895-a6f5-a01095987c8b is started using port 44145
2019-08-27 09:30:05,822 [main] INFO  ozone.MiniOzoneClusterImpl (MiniOzoneClusterImpl.java:lambda$waitForClusterToBeReady$0(142)) - Waiting for cluster to be ready. Got 0 of 5 DN Heartbeats.
2019-08-27 09:30:05,850 [IPC Server handler 19 on 40250] INFO  net.NetworkTopology (NetworkTopologyImpl.java:add(110)) - Added a new node: /default-rack/72c22e3c-3c05-4243-bffb-0059d6f14df8
2019-08-27 09:30:05,851 [IPC Server handler 19 on 40250] INFO  node.SCMNodeManager (SCMNodeManager.java:register(273)) - Registered Data node : 72c22e3c-3c05-4243-bffb-0059d6f14df8{ip: 192.168.34.1, host: trunk-nightly-adhoc-20190827-ds46k-2366760622, networkLocation: /default-rack, certSerialId: null}
2019-08-27 09:30:05,857 [EventQueue-NodeRegistrationContainerReportForDataNodeSafeModeRule] INFO  safemode.SCMSafeModeManager (DataNodeSafeModeRule.java:process(71)) - SCM in safe mode. 1 DataNodes registered, 1 required.
2019-08-27 09:30:05,857 [EventQueue-NodeRegistrationContainerReportForDataNodeSafeModeRule] INFO  safemode.SCMSafeModeManager (SCMSafeModeManager.java:validateSafeModeExitRules(177)) - ScmSafeModeManager, all rules are successfully validated
2019-08-27 09:30:05,857 [EventQueue-NodeRegistrationContainerReportForDataNodeSafeModeRule] INFO  safemode.SCMSafeModeManager (SCMSafeModeManager.java:exitSafeMode(193)) - SCM exiting safe mode.
2019-08-27 09:30:05,866 | INFO  | SCMAudit | user=jenkins1000 | ip=192.168.34.1 | op=REGISTER {datanodeDetails=72c22e3c-3c05-4243-bffb-0059d6f14df8{ip: 192.168.34.1, host: trunk-nightly-adhoc-20190827-ds46k-2366760622, networkLocation: /default-rack, certSerialId: null}} | ret=SUCCESS |  
2019-08-27 09:30:06,076 [IPC Server handler 18 on 40250] INFO  net.NetworkTopology (NetworkTopologyImpl.java:add(110)) - Added a new node: /default-rack/c0e57bb0-c773-45c8-8651-a8a13fee848f
2019-08-27 09:30:06,077 [IPC Server handler 18 on 40250] INFO  node.SCMNodeManager (SCMNodeManager.java:register(273)) - Registered Data node : c0e57bb0-c773-45c8-8651-a8a13fee848f{ip: 192.168.34.1, host: trunk-nightly-adhoc-20190827-ds46k-2366760622, networkLocation: /default-rack, certSerialId: null}
2019-08-27 09:30:06,077 | INFO  | SCMAudit | user=jenkins1000 | ip=192.168.34.1 | op=REGISTER {datanodeDetails=c0e57bb0-c773-45c8-8651-a8a13fee848f{ip: 192.168.34.1, host: trunk-nightly-adhoc-20190827-ds46k-2366760622, networkLocation: /default-rack, certSerialId: null}} | ret=SUCCESS |  
2019-08-27 09:30:06,684 [IPC Server handler 16 on 40250] INFO  net.NetworkTopology (NetworkTopologyImpl.java:add(110)) - Added a new node: /default-rack/dc9c49c4-fcba-44d3-8e03-8b7afae22bc1
2019-08-27 09:30:06,686 [IPC Server handler 16 on 40250] INFO  node.SCMNodeManager (SCMNodeManager.java:register(273)) - Registered Data node : dc9c49c4-fcba-44d3-8e03-8b7afae22bc1{ip: 192.168.34.1, host: trunk-nightly-adhoc-20190827-ds46k-2366760622, networkLocation: /default-rack, certSerialId: null}
2019-08-27 09:30:06,686 [IPC Server handler 19 on 40250] INFO  net.NetworkTopology (NetworkTopologyImpl.java:add(110)) - Added a new node: /default-rack/d2df9428-4997-4acb-8edc-b870657dabff
2019-08-27 09:30:06,686 | INFO  | SCMAudit | user=jenkins1000 | ip=192.168.34.1 | op=REGISTER {datanodeDetails=dc9c49c4-fcba-44d3-8e03-8b7afae22bc1{ip: 192.168.34.1, host: trunk-nightly-adhoc-20190827-ds46k-2366760622, networkLocation: /default-rack, certSerialId: null}} | ret=SUCCESS |  
2019-08-27 09:30:06,686 [IPC Server handler 19 on 40250] INFO  node.SCMNodeManager (SCMNodeManager.java:register(273)) - Registered Data node : d2df9428-4997-4acb-8edc-b870657dabff{ip: 192.168.34.1, host: trunk-nightly-adhoc-20190827-ds46k-2366760622, networkLocation: /default-rack, certSerialId: null}
2019-08-27 09:30:06,687 | INFO  | SCMAudit | user=jenkins1000 | ip=192.168.34.1 | op=REGISTER {datanodeDetails=d2df9428-4997-4acb-8edc-b870657dabff{ip: 192.168.34.1, host: trunk-nightly-adhoc-20190827-ds46k-2366760622, networkLocation: /default-rack, certSerialId: null}} | ret=SUCCESS |  
2019-08-27 09:30:06,824 [main] INFO  ozone.MiniOzoneClusterImpl (MiniOzoneClusterImpl.java:lambda$waitForClusterToBeReady$0(142)) - Waiting for cluster to be ready. Got 4 of 5 DN Heartbeats.
2019-08-27 09:30:06,826 [IPC Server handler 14 on 40250] INFO  net.NetworkTopology (NetworkTopologyImpl.java:add(110)) - Added a new node: /default-rack/b87db874-79e1-4895-a6f5-a01095987c8b
2019-08-27 09:30:06,826 [IPC Server handler 14 on 40250] INFO  node.SCMNodeManager (SCMNodeManager.java:register(273)) - Registered Data node : b87db874-79e1-4895-a6f5-a01095987c8b{ip: 192.168.34.1, host: trunk-nightly-adhoc-20190827-ds46k-2366760622, networkLocation: /default-rack, certSerialId: null}
2019-08-27 09:30:06,827 | INFO  | SCMAudit | user=jenkins1000 | ip=192.168.34.1 | op=REGISTER {datanodeDetails=b87db874-79e1-4895-a6f5-a01095987c8b{ip: 192.168.34.1, host: trunk-nightly-adhoc-20190827-ds46k-2366760622, networkLocation: /default-rack, certSerialId: null}} | ret=SUCCESS |  
2019-08-27 09:30:06,875 [grpc-default-executor-0] INFO  impl.RaftServerProxy (RaftServerProxy.java:addNew(89)) - 72c22e3c-3c05-4243-bffb-0059d6f14df8: addNew group-9CDE8B4A3DB1:[72c22e3c-3c05-4243-bffb-0059d6f14df8:192.168.34.1:43192] returns group-9CDE8B4A3DB1:java.util.concurrent.CompletableFuture@456ce02e[Not completed]
2019-08-27 09:30:06,897 [pool-27-thread-1] INFO  impl.RaftServerImpl (RaftServerImpl.java:<init>(93)) - 72c22e3c-3c05-4243-bffb-0059d6f14df8: new RaftServerImpl for group-9CDE8B4A3DB1:[72c22e3c-3c05-4243-bffb-0059d6f14df8:192.168.34.1:43192] with ContainerStateMachine:uninitialized
2019-08-27 09:30:06,899 [pool-27-thread-1] INFO  server.RaftServerConfigKeys (ConfUtils.java:logGet(43)) - raft.server.rpc.timeout.min = 5s (custom)
2019-08-27 09:30:06,901 [pool-27-thread-1] INFO  server.RaftServerConfigKeys (ConfUtils.java:logGet(43)) - raft.server.rpc.timeout.max = 5200ms (custom)
2019-08-27 09:30:06,901 [pool-27-thread-1] INFO  server.RaftServerConfigKeys (ConfUtils.java:logGet(43)) - raft.server.rpcslowness.timeout = 120s (custom)
2019-08-27 09:30:06,901 [pool-27-thread-1] INFO  server.RaftServerConfigKeys (ConfUtils.java:logGet(43)) - raft.server.sleep.deviation.threshold = 300 (default)
2019-08-27 09:30:06,902 [pool-27-thread-1] INFO  server.RaftServerConfigKeys (ConfUtils.java:logGet(43)) - raft.server.log.appender.install.snapshot.enabled = false (custom)
2019-08-27 09:30:06,910 [pool-27-thread-1] INFO  impl.RaftServerImpl (ServerState.java:<init>(105)) - 72c22e3c-3c05-4243-bffb-0059d6f14df8:group-9CDE8B4A3DB1 ConfigurationManager, init=-1: [72c22e3c-3c05-4243-bffb-0059d6f14df8:192.168.34.1:43192], old=null, confs=<EMPTY_MAP>
2019-08-27 09:30:06,910 [pool-27-thread-1] INFO  server.RaftServerConfigKeys (ConfUtils.java:logGet(43)) - raft.server.storage.dir = [/workdir/hadoop-ozone/integration-test/target/test-dir/MiniOzoneClusterImpl-e06e3fd2-9840-4528-8a25-31a0cd6e3a97/datanode-0/data/ratis] (custom)
2019-08-27 09:30:06,918 [pool-27-thread-1] INFO  storage.RaftStorageDirectory (RaftStorageDirectory.java:analyzeStorage(246)) - The storage directory /workdir/hadoop-ozone/integration-test/target/test-dir/MiniOzoneClusterImpl-e06e3fd2-9840-4528-8a25-31a0cd6e3a97/datanode-0/data/ratis/153d3f26-9e42-4ac3-97d0-9cde8b4a3db1 does not exist. Creating ...
2019-08-27 09:30:06,935 [pool-27-thread-1] INFO  storage.RaftStorageDirectory (RaftStorageDirectory.java:tryLock(328)) - Lock on /workdir/hadoop-ozone/integration-test/target/test-dir/MiniOzoneClusterImpl-e06e3fd2-9840-4528-8a25-31a0cd6e3a97/datanode-0/data/ratis/153d3f26-9e42-4ac3-97d0-9cde8b4a3db1/in_use.lock acquired by nodename 11862@trunk-nightly-adhoc-20190827-ds46k-2366760622
2019-08-27 09:30:06,950 [pool-27-thread-1] INFO  storage.RaftStorage (RaftStorage.java:format(72)) - Storage directory /workdir/hadoop-ozone/integration-test/target/test-dir/MiniOzoneClusterImpl-e06e3fd2-9840-4528-8a25-31a0cd6e3a97/datanode-0/data/ratis/153d3f26-9e42-4ac3-97d0-9cde8b4a3db1 has been successfully formatted.
2019-08-27 09:30:06,952 [pool-27-thread-1] INFO  ratis.ContainerStateMachine (ContainerStateMachine.java:loadSnapshot(226)) - group-9CDE8B4A3DB1: The snapshot info is null. Setting the last applied indexto:(t:0, i:~)
2019-08-27 09:30:06,953 [pool-27-thread-1] INFO  server.RaftServerConfigKeys (ConfUtils.java:logGet(43)) - raft.server.leader.election.timeout = 120s (custom)
2019-08-27 09:30:06,955 [pool-27-thread-1] INFO  server.RaftServerConfigKeys (ConfUtils.java:logGet(43)) - raft.server.log.use.memory = false (default)
2019-08-27 09:30:06,961 [pool-27-thread-1] INFO  server.RaftServerConfigKeys (ConfUtils.java:logGet(43)) - raft.server.log.purge.gap = 1000000 (custom)
2019-08-27 09:30:06,961 [pool-27-thread-1] INFO  server.RaftServerConfigKeys (ConfUtils.java:logGet(43)) - raft.server.log.appender.buffer.byte-limit = 33554432 (custom)
2019-08-27 09:30:06,963 [pool-27-thread-1] INFO  server.RaftServerConfigKeys (ConfUtils.java:logGet(43)) - raft.server.log.segment.size.max = 1048576 (custom)
2019-08-27 09:30:06,969 [pool-27-thread-1] INFO  server.RaftServerConfigKeys (ConfUtils.java:logGet(43)) - raft.server.log.segment.cache.num.max = 2 (custom)
2019-08-27 09:30:06,976 [pool-27-thread-1] INFO  segmented.SegmentedRaftLogWorker (SegmentedRaftLogWorker.java:<init>(172)) - new 72c22e3c-3c05-4243-bffb-0059d6f14df8-SegmentedRaftLogWorker:Storage Directory /workdir/hadoop-ozone/integration-test/target/test-dir/MiniOzoneClusterImpl-e06e3fd2-9840-4528-8a25-31a0cd6e3a97/datanode-0/data/ratis/153d3f26-9e42-4ac3-97d0-9cde8b4a3db1 for RaftStorage:Storage Directory /workdir/hadoop-ozone/integration-test/target/test-dir/MiniOzoneClusterImpl-e06e3fd2-9840-4528-8a25-31a0cd6e3a97/datanode-0/data/ratis/153d3f26-9e42-4ac3-97d0-9cde8b4a3db1
2019-08-27 09:30:06,994 [pool-27-thread-1] INFO  server.RaftServerConfigKeys (ConfUtils.java:logGet(43)) - raft.server.log.queue.byte-limit = 2147483647 (custom)
2019-08-27 09:30:06,995 [pool-27-thread-1] INFO  server.RaftServerConfigKeys (ConfUtils.java:logGet(43)) - raft.server.log.queue.element-limit = 1024 (custom)
2019-08-27 09:30:07,002 [pool-27-thread-1] INFO  server.RaftServerConfigKeys (ConfUtils.java:logGet(43)) - raft.server.log.segment.size.max = 1048576 (custom)
2019-08-27 09:30:07,003 [pool-27-thread-1] INFO  server.RaftServerConfigKeys (ConfUtils.java:logGet(43)) - raft.server.log.preallocated.size = 16384 (custom)
2019-08-27 09:30:07,003 [pool-27-thread-1] INFO  server.RaftServerConfigKeys (ConfUtils.java:logGet(43)) - raft.server.log.write.buffer.size = 33554432 (custom)
2019-08-27 09:30:07,004 [pool-27-thread-1] INFO  server.RaftServerConfigKeys (ConfUtils.java:logGet(43)) - raft.server.log.force.sync.num = 128 (default)
2019-08-27 09:30:07,005 [pool-27-thread-1] INFO  server.RaftServerConfigKeys (ConfUtils.java:logGet(43)) - raft.server.log.statemachine.data.sync = true (default)
2019-08-27 09:30:07,005 [pool-27-thread-1] INFO  server.RaftServerConfigKeys (ConfUtils.java:logGet(43)) - raft.server.log.statemachine.data.sync.timeout = 10s (default)
2019-08-27 09:30:07,005 [pool-27-thread-1] INFO  server.RaftServerConfigKeys (ConfUtils.java:logGet(43)) - raft.server.log.statemachine.data.sync.timeout.retry = -1 (default)
2019-08-27 09:30:07,016 [pool-27-thread-1] INFO  server.RaftServerConfigKeys (ConfUtils.java:logGet(43)) - raft.server.log.statemachine.data.caching.enabled = true (custom)
2019-08-27 09:30:07,021 [pool-27-thread-1] INFO  segmented.SegmentedRaftLogWorker (SegmentedRaftLogWorker.java:lambda$new$0(132)) - 72c22e3c-3c05-4243-bffb-0059d6f14df8-SegmentedRaftLogWorker:Storage Directory /workdir/hadoop-ozone/integration-test/target/test-dir/MiniOzoneClusterImpl-e06e3fd2-9840-4528-8a25-31a0cd6e3a97/datanode-0/data/ratis/153d3f26-9e42-4ac3-97d0-9cde8b4a3db1: flushIndex: setUnconditionally 0 -> -1
2019-08-27 09:30:07,026 [pool-27-thread-1] INFO  server.RaftServerConfigKeys (ConfUtils.java:logGet(43)) - raft.server.snapshot.auto.trigger.enabled = true (custom)
2019-08-27 09:30:07,027 [pool-27-thread-1] INFO  server.RaftServerConfigKeys (ConfUtils.java:logGet(43)) - raft.server.snapshot.auto.trigger.threshold = 10000 (custom)
2019-08-27 09:30:07,027 [pool-27-thread-1] INFO  server.RaftServerConfigKeys (ConfUtils.java:logGet(43)) - raft.server.retrycache.expirytime = 600000ms (custom)
2019-08-27 09:30:07,049 [pool-27-thread-1] INFO  impl.RaftServerImpl (RaftServerImpl.java:start(180)) - 72c22e3c-3c05-4243-bffb-0059d6f14df8: start group-9CDE8B4A3DB1
2019-08-27 09:30:07,050 [pool-27-thread-1] INFO  impl.RaftServerImpl (RaftServerImpl.java:setRole(171)) - 72c22e3c-3c05-4243-bffb-0059d6f14df8:group-9CDE8B4A3DB1 changes role from null to FOLLOWER at term 0 for startAsFollower
2019-08-27 09:30:07,051 [pool-27-thread-1] INFO  impl.RoleInfo (RoleInfo.java:updateAndGet(143)) - 72c22e3c-3c05-4243-bffb-0059d6f14df8: start FollowerState
2019-08-27 09:30:07,053 [pool-27-thread-1] INFO  util.JmxRegister (JmxRegister.java:tryRegister(44)) - Successfully registered JMX Bean with object name Ratis:service=RaftServer,group=group-9CDE8B4A3DB1,id=72c22e3c-3c05-4243-bffb-0059d6f14df8
2019-08-27 09:30:07,108 [RatisPipelineUtilsThread] INFO  pipeline.PipelineStateManager (PipelineStateManager.java:addPipeline(56)) - Created pipeline Pipeline[ Id: 153d3f26-9e42-4ac3-97d0-9cde8b4a3db1, Nodes: 72c22e3c-3c05-4243-bffb-0059d6f14df8{ip: 192.168.34.1, host: trunk-nightly-adhoc-20190827-ds46k-2366760622, networkLocation: /default-rack, certSerialId: null}, Type:RATIS, Factor:ONE, State:OPEN]
2019-08-27 09:30:07,131 [grpc-default-executor-0] INFO  impl.RaftServerProxy (RaftServerProxy.java:addNew(89)) - d2df9428-4997-4acb-8edc-b870657dabff: addNew group-C499C3509C89:[d2df9428-4997-4acb-8edc-b870657dabff:192.168.34.1:33819] returns group-C499C3509C89:java.util.concurrent.CompletableFuture@6b4b12cd[Not completed]
2019-08-27 09:30:07,172 [pool-49-thread-1] INFO  impl.RaftServerImpl (RaftServerImpl.java:<init>(93)) - d2df9428-4997-4acb-8edc-b870657dabff: new RaftServerImpl for group-C499C3509C89:[d2df9428-4997-4acb-8edc-b870657dabff:192.168.34.1:33819] with ContainerStateMachine:uninitialized
2019-08-27 09:30:07,173 [pool-49-thread-1] INFO  server.RaftServerConfigKeys (ConfUtils.java:logGet(43)) - raft.server.rpc.timeout.min = 5s (custom)
2019-08-27 09:30:07,174 [pool-49-thread-1] INFO  server.RaftServerConfigKeys (ConfUtils.java:logGet(43)) - raft.server.rpc.timeout.max = 5200ms (custom)
2019-08-27 09:30:07,174 [pool-49-thread-1] INFO  server.RaftServerConfigKeys (ConfUtils.java:logGet(43)) - raft.server.rpcslowness.timeout = 120s (custom)
2019-08-27 09:30:07,174 [pool-49-thread-1] INFO  server.RaftServerConfigKeys (ConfUtils.java:logGet(43)) - raft.server.sleep.deviation.threshold = 300 (default)
2019-08-27 09:30:07,174 [pool-49-thread-1] INFO  server.RaftServerConfigKeys (ConfUtils.java:logGet(43)) - raft.server.log.appender.install.snapshot.enabled = false (custom)
2019-08-27 09:30:07,174 [pool-49-thread-1] INFO  impl.RaftServerImpl (ServerState.java:<init>(105)) - d2df9428-4997-4acb-8edc-b870657dabff:group-C499C3509C89 ConfigurationManager, init=-1: [d2df9428-4997-4acb-8edc-b870657dabff:192.168.34.1:33819], old=null, confs=<EMPTY_MAP>
2019-08-27 09:30:07,174 [pool-49-thread-1] INFO  server.RaftServerConfigKeys (ConfUtils.java:logGet(43)) - raft.server.storage.dir = [/workdir/hadoop-ozone/integration-test/target/test-dir/MiniOzoneClusterImpl-e06e3fd2-9840-4528-8a25-31a0cd6e3a97/datanode-2/data/ratis] (custom)
2019-08-27 09:30:07,175 [pool-49-thread-1] INFO  storage.RaftStorageDirectory (RaftStorageDirectory.java:analyzeStorage(246)) - The storage directory /workdir/hadoop-ozone/integration-test/target/test-dir/MiniOzoneClusterImpl-e06e3fd2-9840-4528-8a25-31a0cd6e3a97/datanode-2/data/ratis/859b250a-4063-4a68-91c6-c499c3509c89 does not exist. Creating ...
2019-08-27 09:30:07,189 [pool-49-thread-1] INFO  storage.RaftStorageDirectory (RaftStorageDirectory.java:tryLock(328)) - Lock on /workdir/hadoop-ozone/integration-test/target/test-dir/MiniOzoneClusterImpl-e06e3fd2-9840-4528-8a25-31a0cd6e3a97/datanode-2/data/ratis/859b250a-4063-4a68-91c6-c499c3509c89/in_use.lock acquired by nodename 11862@trunk-nightly-adhoc-20190827-ds46k-2366760622
2019-08-27 09:30:07,203 [pool-49-thread-1] INFO  storage.RaftStorage (RaftStorage.java:format(72)) - Storage directory /workdir/hadoop-ozone/integration-test/target/test-dir/MiniOzoneClusterImpl-e06e3fd2-9840-4528-8a25-31a0cd6e3a97/datanode-2/data/ratis/859b250a-4063-4a68-91c6-c499c3509c89 has been successfully formatted.
2019-08-27 09:30:07,204 [pool-49-thread-1] INFO  ratis.ContainerStateMachine (ContainerStateMachine.java:loadSnapshot(226)) - group-C499C3509C89: The snapshot info is null. Setting the last applied indexto:(t:0, i:~)
2019-08-27 09:30:07,205 [pool-49-thread-1] INFO  server.RaftServerConfigKeys (ConfUtils.java:logGet(43)) - raft.server.leader.election.timeout = 120s (custom)
2019-08-27 09:30:07,205 [pool-49-thread-1] INFO  server.RaftServerConfigKeys (ConfUtils.java:logGet(43)) - raft.server.log.use.memory = false (default)
2019-08-27 09:30:07,205 [pool-49-thread-1] INFO  server.RaftServerConfigKeys (ConfUtils.java:logGet(43)) - raft.server.log.purge.gap = 1000000 (custom)
2019-08-27 09:30:07,206 [pool-49-thread-1] INFO  server.RaftServerConfigKeys (ConfUtils.java:logGet(43)) - raft.server.log.appender.buffer.byte-limit = 33554432 (custom)
2019-08-27 09:30:07,206 [pool-49-thread-1] INFO  server.RaftServerConfigKeys (ConfUtils.java:logGet(43)) - raft.server.log.segment.size.max = 1048576 (custom)
2019-08-27 09:30:07,206 [pool-49-thread-1] INFO  server.RaftServerConfigKeys (ConfUtils.java:logGet(43)) - raft.server.log.segment.cache.num.max = 2 (custom)
2019-08-27 09:30:07,206 [pool-49-thread-1] INFO  segmented.SegmentedRaftLogWorker (SegmentedRaftLogWorker.java:<init>(172)) - new d2df9428-4997-4acb-8edc-b870657dabff-SegmentedRaftLogWorker:Storage Directory /workdir/hadoop-ozone/integration-test/target/test-dir/MiniOzoneClusterImpl-e06e3fd2-9840-4528-8a25-31a0cd6e3a97/datanode-2/data/ratis/859b250a-4063-4a68-91c6-c499c3509c89 for RaftStorage:Storage Directory /workdir/hadoop-ozone/integration-test/target/test-dir/MiniOzoneClusterImpl-e06e3fd2-9840-4528-8a25-31a0cd6e3a97/datanode-2/data/ratis/859b250a-4063-4a68-91c6-c499c3509c89
2019-08-27 09:30:07,207 [pool-49-thread-1] INFO  server.RaftServerConfigKeys (ConfUtils.java:logGet(43)) - raft.server.log.queue.byte-limit = 2147483647 (custom)
2019-08-27 09:30:07,208 [pool-49-thread-1] INFO  server.RaftServerConfigKeys (ConfUtils.java:logGet(43)) - raft.server.log.queue.element-limit = 1024 (custom)
2019-08-27 09:30:07,208 [pool-49-thread-1] INFO  server.RaftServerConfigKeys (ConfUtils.java:logGet(43)) - raft.server.log.segment.size.max = 1048576 (custom)
2019-08-27 09:30:07,208 [pool-49-thread-1] INFO  server.RaftServerConfigKeys (ConfUtils.java:logGet(43)) - raft.server.log.preallocated.size = 16384 (custom)
2019-08-27 09:30:07,208 [pool-49-thread-1] INFO  server.RaftServerConfigKeys (ConfUtils.java:logGet(43)) - raft.server.log.write.buffer.size = 33554432 (custom)
2019-08-27 09:30:07,208 [pool-49-thread-1] INFO  server.RaftServerConfigKeys (ConfUtils.java:logGet(43)) - raft.server.log.force.sync.num = 128 (default)
2019-08-27 09:30:07,208 [pool-49-thread-1] INFO  server.RaftServerConfigKeys (ConfUtils.java:logGet(43)) - raft.server.log.statemachine.data.sync = true (default)
2019-08-27 09:30:07,209 [pool-49-thread-1] INFO  server.RaftServerConfigKeys (ConfUtils.java:logGet(43)) - raft.server.log.statemachine.data.sync.timeout = 10s (default)
2019-08-27 09:30:07,209 [pool-49-thread-1] INFO  server.RaftServerConfigKeys (ConfUtils.java:logGet(43)) - raft.server.log.statemachine.data.sync.timeout.retry = -1 (default)
2019-08-27 09:30:07,209 [pool-49-thread-1] INFO  server.RaftServerConfigKeys (ConfUtils.java:logGet(43)) - raft.server.log.statemachine.data.caching.enabled = true (custom)
2019-08-27 09:30:07,209 [pool-49-thread-1] INFO  segmented.SegmentedRaftLogWorker (SegmentedRaftLogWorker.java:lambda$new$0(132)) - d2df9428-4997-4acb-8edc-b870657dabff-SegmentedRaftLogWorker:Storage Directory /workdir/hadoop-ozone/integration-test/target/test-dir/MiniOzoneClusterImpl-e06e3fd2-9840-4528-8a25-31a0cd6e3a97/datanode-2/data/ratis/859b250a-4063-4a68-91c6-c499c3509c89: flushIndex: setUnconditionally 0 -> -1
2019-08-27 09:30:07,210 [pool-49-thread-1] INFO  server.RaftServerConfigKeys (ConfUtils.java:logGet(43)) - raft.server.snapshot.auto.trigger.enabled = true (custom)
2019-08-27 09:30:07,210 [pool-49-thread-1] INFO  server.RaftServerConfigKeys (ConfUtils.java:logGet(43)) - raft.server.snapshot.auto.trigger.threshold = 10000 (custom)
2019-08-27 09:30:07,210 [pool-49-thread-1] INFO  server.RaftServerConfigKeys (ConfUtils.java:logGet(43)) - raft.server.retrycache.expirytime = 600000ms (custom)
2019-08-27 09:30:07,210 [pool-49-thread-1] INFO  impl.RaftServerImpl (RaftServerImpl.java:start(180)) - d2df9428-4997-4acb-8edc-b870657dabff: start group-C499C3509C89
2019-08-27 09:30:07,211 [pool-49-thread-1] INFO  impl.RaftServerImpl (RaftServerImpl.java:setRole(171)) - d2df9428-4997-4acb-8edc-b870657dabff:group-C499C3509C89 changes role from null to FOLLOWER at term 0 for startAsFollower
2019-08-27 09:30:07,211 [pool-49-thread-1] INFO  impl.RoleInfo (RoleInfo.java:updateAndGet(143)) - d2df9428-4997-4acb-8edc-b870657dabff: start FollowerState
2019-08-27 09:30:07,212 [pool-49-thread-1] INFO  util.JmxRegister (JmxRegister.java:tryRegister(44)) - Successfully registered JMX Bean with object name Ratis:service=RaftServer,group=group-C499C3509C89,id=d2df9428-4997-4acb-8edc-b870657dabff
2019-08-27 09:30:07,228 [RatisPipelineUtilsThread] INFO  pipeline.PipelineStateManager (PipelineStateManager.java:addPipeline(56)) - Created pipeline Pipeline[ Id: 859b250a-4063-4a68-91c6-c499c3509c89, Nodes: d2df9428-4997-4acb-8edc-b870657dabff{ip: 192.168.34.1, host: trunk-nightly-adhoc-20190827-ds46k-2366760622, networkLocation: /default-rack, certSerialId: null}, Type:RATIS, Factor:ONE, State:OPEN]
2019-08-27 09:30:07,251 [grpc-default-executor-0] INFO  impl.RaftServerProxy (RaftServerProxy.java:addNew(89)) - dc9c49c4-fcba-44d3-8e03-8b7afae22bc1: addNew group-018EF1DD7F91:[dc9c49c4-fcba-44d3-8e03-8b7afae22bc1:192.168.34.1:33097] returns group-018EF1DD7F91:java.util.concurrent.CompletableFuture@605435f6[Not completed]
2019-08-27 09:30:07,262 [pool-60-thread-1] INFO  impl.RaftServerImpl (RaftServerImpl.java:<init>(93)) - dc9c49c4-fcba-44d3-8e03-8b7afae22bc1: new RaftServerImpl for group-018EF1DD7F91:[dc9c49c4-fcba-44d3-8e03-8b7afae22bc1:192.168.34.1:33097] with ContainerStateMachine:uninitialized
2019-08-27 09:30:07,262 [pool-60-thread-1] INFO  server.RaftServerConfigKeys (ConfUtils.java:logGet(43)) - raft.server.rpc.timeout.min = 5s (custom)
2019-08-27 09:30:07,263 [pool-60-thread-1] INFO  server.RaftServerConfigKeys (ConfUtils.java:logGet(43)) - raft.server.rpc.timeout.max = 5200ms (custom)
2019-08-27 09:30:07,263 [pool-60-thread-1] INFO  server.RaftServerConfigKeys (ConfUtils.java:logGet(43)) - raft.server.rpcslowness.timeout = 120s (custom)
2019-08-27 09:30:07,263 [pool-60-thread-1] INFO  server.RaftServerConfigKeys (ConfUtils.java:logGet(43)) - raft.server.sleep.deviation.threshold = 300 (default)
2019-08-27 09:30:07,263 [pool-60-thread-1] INFO  server.RaftServerConfigKeys (ConfUtils.java:logGet(43)) - raft.server.log.appender.install.snapshot.enabled = false (custom)
2019-08-27 09:30:07,263 [pool-60-thread-1] INFO  impl.RaftServerImpl (ServerState.java:<init>(105)) - dc9c49c4-fcba-44d3-8e03-8b7afae22bc1:group-018EF1DD7F91 ConfigurationManager, init=-1: [dc9c49c4-fcba-44d3-8e03-8b7afae22bc1:192.168.34.1:33097], old=null, confs=<EMPTY_MAP>
2019-08-27 09:30:07,264 [pool-60-thread-1] INFO  server.RaftServerConfigKeys (ConfUtils.java:logGet(43)) - raft.server.storage.dir = [/workdir/hadoop-ozone/integration-test/target/test-dir/MiniOzoneClusterImpl-e06e3fd2-9840-4528-8a25-31a0cd6e3a97/datanode-3/data/ratis] (custom)
2019-08-27 09:30:07,264 [pool-60-thread-1] INFO  storage.RaftStorageDirectory (RaftStorageDirectory.java:analyzeStorage(246)) - The storage directory /workdir/hadoop-ozone/integration-test/target/test-dir/MiniOzoneClusterImpl-e06e3fd2-9840-4528-8a25-31a0cd6e3a97/datanode-3/data/ratis/b35a3fa0-0821-4cd2-9c45-018ef1dd7f91 does not exist. Creating ...
2019-08-27 09:30:07,277 [pool-60-thread-1] INFO  storage.RaftStorageDirectory (RaftStorageDirectory.java:tryLock(328)) - Lock on /workdir/hadoop-ozone/integration-test/target/test-dir/MiniOzoneClusterImpl-e06e3fd2-9840-4528-8a25-31a0cd6e3a97/datanode-3/data/ratis/b35a3fa0-0821-4cd2-9c45-018ef1dd7f91/in_use.lock acquired by nodename 11862@trunk-nightly-adhoc-20190827-ds46k-2366760622
2019-08-27 09:30:07,291 [pool-60-thread-1] INFO  storage.RaftStorage (RaftStorage.java:format(72)) - Storage directory /workdir/hadoop-ozone/integration-test/target/test-dir/MiniOzoneClusterImpl-e06e3fd2-9840-4528-8a25-31a0cd6e3a97/datanode-3/data/ratis/b35a3fa0-0821-4cd2-9c45-018ef1dd7f91 has been successfully formatted.
2019-08-27 09:30:07,292 [pool-60-thread-1] INFO  ratis.ContainerStateMachine (ContainerStateMachine.java:loadSnapshot(226)) - group-018EF1DD7F91: The snapshot info is null. Setting the last applied indexto:(t:0, i:~)
2019-08-27 09:30:07,292 [pool-60-thread-1] INFO  server.RaftServerConfigKeys (ConfUtils.java:logGet(43)) - raft.server.leader.election.timeout = 120s (custom)
2019-08-27 09:30:07,292 [pool-60-thread-1] INFO  server.RaftServerConfigKeys (ConfUtils.java:logGet(43)) - raft.server.log.use.memory = false (default)
2019-08-27 09:30:07,292 [pool-60-thread-1] INFO  server.RaftServerConfigKeys (ConfUtils.java:logGet(43)) - raft.server.log.purge.gap = 1000000 (custom)
2019-08-27 09:30:07,292 [pool-60-thread-1] INFO  server.RaftServerConfigKeys (ConfUtils.java:logGet(43)) - raft.server.log.appender.buffer.byte-limit = 33554432 (custom)
2019-08-27 09:30:07,293 [pool-60-thread-1] INFO  server.RaftServerConfigKeys (ConfUtils.java:logGet(43)) - raft.server.log.segment.size.max = 1048576 (custom)
2019-08-27 09:30:07,293 [pool-60-thread-1] INFO  server.RaftServerConfigKeys (ConfUtils.java:logGet(43)) - raft.server.log.segment.cache.num.max = 2 (custom)
2019-08-27 09:30:07,293 [pool-60-thread-1] INFO  segmented.SegmentedRaftLogWorker (SegmentedRaftLogWorker.java:<init>(172)) - new dc9c49c4-fcba-44d3-8e03-8b7afae22bc1-SegmentedRaftLogWorker:Storage Directory /workdir/hadoop-ozone/integration-test/target/test-dir/MiniOzoneClusterImpl-e06e3fd2-9840-4528-8a25-31a0cd6e3a97/datanode-3/data/ratis/b35a3fa0-0821-4cd2-9c45-018ef1dd7f91 for RaftStorage:Storage Directory /workdir/hadoop-ozone/integration-test/target/test-dir/MiniOzoneClusterImpl-e06e3fd2-9840-4528-8a25-31a0cd6e3a97/datanode-3/data/ratis/b35a3fa0-0821-4cd2-9c45-018ef1dd7f91
2019-08-27 09:30:07,293 [pool-60-thread-1] INFO  server.RaftServerConfigKeys (ConfUtils.java:logGet(43)) - raft.server.log.queue.byte-limit = 2147483647 (custom)
2019-08-27 09:30:07,294 [pool-60-thread-1] INFO  server.RaftServerConfigKeys (ConfUtils.java:logGet(43)) - raft.server.log.queue.element-limit = 1024 (custom)
2019-08-27 09:30:07,294 [pool-60-thread-1] INFO  server.RaftServerConfigKeys (ConfUtils.java:logGet(43)) - raft.server.log.segment.size.max = 1048576 (custom)
2019-08-27 09:30:07,294 [pool-60-thread-1] INFO  server.RaftServerConfigKeys (ConfUtils.java:logGet(43)) - raft.server.log.preallocated.size = 16384 (custom)
2019-08-27 09:30:07,295 [pool-60-thread-1] INFO  server.RaftServerConfigKeys (ConfUtils.java:logGet(43)) - raft.server.log.write.buffer.size = 33554432 (custom)
2019-08-27 09:30:07,295 [pool-60-thread-1] INFO  server.RaftServerConfigKeys (ConfUtils.java:logGet(43)) - raft.server.log.force.sync.num = 128 (default)
2019-08-27 09:30:07,295 [pool-60-thread-1] INFO  server.RaftServerConfigKeys (ConfUtils.java:logGet(43)) - raft.server.log.statemachine.data.sync = true (default)
2019-08-27 09:30:07,295 [pool-60-thread-1] INFO  server.RaftServerConfigKeys (ConfUtils.java:logGet(43)) - raft.server.log.statemachine.data.sync.timeout = 10s (default)
2019-08-27 09:30:07,295 [pool-60-thread-1] INFO  server.RaftServerConfigKeys (ConfUtils.java:logGet(43)) - raft.server.log.statemachine.data.sync.timeout.retry = -1 (default)
2019-08-27 09:30:07,296 [pool-60-thread-1] INFO  server.RaftServerConfigKeys (ConfUtils.java:logGet(43)) - raft.server.log.statemachine.data.caching.enabled = true (custom)
2019-08-27 09:30:07,296 [pool-60-thread-1] INFO  segmented.SegmentedRaftLogWorker (SegmentedRaftLogWorker.java:lambda$new$0(132)) - dc9c49c4-fcba-44d3-8e03-8b7afae22bc1-SegmentedRaftLogWorker:Storage Directory /workdir/hadoop-ozone/integration-test/target/test-dir/MiniOzoneClusterImpl-e06e3fd2-9840-4528-8a25-31a0cd6e3a97/datanode-3/data/ratis/b35a3fa0-0821-4cd2-9c45-018ef1dd7f91: flushIndex: setUnconditionally 0 -> -1
2019-08-27 09:30:07,297 [pool-60-thread-1] INFO  server.RaftServerConfigKeys (ConfUtils.java:logGet(43)) - raft.server.snapshot.auto.trigger.enabled = true (custom)
2019-08-27 09:30:07,297 [pool-60-thread-1] INFO  server.RaftServerConfigKeys (ConfUtils.java:logGet(43)) - raft.server.snapshot.auto.trigger.threshold = 10000 (custom)
2019-08-27 09:30:07,297 [pool-60-thread-1] INFO  server.RaftServerConfigKeys (ConfUtils.java:logGet(43)) - raft.server.retrycache.expirytime = 600000ms (custom)
2019-08-27 09:30:07,298 [pool-60-thread-1] INFO  impl.RaftServerImpl (RaftServerImpl.java:start(180)) - dc9c49c4-fcba-44d3-8e03-8b7afae22bc1: start group-018EF1DD7F91
2019-08-27 09:30:07,298 [pool-60-thread-1] INFO  impl.RaftServerImpl (RaftServerImpl.java:setRole(171)) - dc9c49c4-fcba-44d3-8e03-8b7afae22bc1:group-018EF1DD7F91 changes role from null to FOLLOWER at term 0 for startAsFollower
2019-08-27 09:30:07,298 [pool-60-thread-1] INFO  impl.RoleInfo (RoleInfo.java:updateAndGet(143)) - dc9c49c4-fcba-44d3-8e03-8b7afae22bc1: start FollowerState
2019-08-27 09:30:07,299 [pool-60-thread-1] INFO  util.JmxRegister (JmxRegister.java:tryRegister(44)) - Successfully registered JMX Bean with object name Ratis:service=RaftServer,group=group-018EF1DD7F91,id=dc9c49c4-fcba-44d3-8e03-8b7afae22bc1
2019-08-27 09:30:07,312 [RatisPipelineUtilsThread] INFO  pipeline.PipelineStateManager (PipelineStateManager.java:addPipeline(56)) - Created pipeline Pipeline[ Id: b35a3fa0-0821-4cd2-9c45-018ef1dd7f91, Nodes: dc9c49c4-fcba-44d3-8e03-8b7afae22bc1{ip: 192.168.34.1, host: trunk-nightly-adhoc-20190827-ds46k-2366760622, networkLocation: /default-rack, certSerialId: null}, Type:RATIS, Factor:ONE, State:OPEN]
2019-08-27 09:30:07,334 [grpc-default-executor-0] INFO  impl.RaftServerProxy (RaftServerProxy.java:addNew(89)) - b87db874-79e1-4895-a6f5-a01095987c8b: addNew group-0F42991698CD:[b87db874-79e1-4895-a6f5-a01095987c8b:192.168.34.1:35636] returns group-0F42991698CD:java.util.concurrent.CompletableFuture@197184e8[Not completed]
2019-08-27 09:30:07,337 [pool-71-thread-1] INFO  impl.RaftServerImpl (RaftServerImpl.java:<init>(93)) - b87db874-79e1-4895-a6f5-a01095987c8b: new RaftServerImpl for group-0F42991698CD:[b87db874-79e1-4895-a6f5-a01095987c8b:192.168.34.1:35636] with ContainerStateMachine:uninitialized
2019-08-27 09:30:07,338 [pool-71-thread-1] INFO  server.RaftServerConfigKeys (ConfUtils.java:logGet(43)) - raft.server.rpc.timeout.min = 5s (custom)
2019-08-27 09:30:07,338 [pool-71-thread-1] INFO  server.RaftServerConfigKeys (ConfUtils.java:logGet(43)) - raft.server.rpc.timeout.max = 5200ms (custom)
2019-08-27 09:30:07,338 [pool-71-thread-1] INFO  server.RaftServerConfigKeys (ConfUtils.java:logGet(43)) - raft.server.rpcslowness.timeout = 120s (custom)
2019-08-27 09:30:07,338 [pool-71-thread-1] INFO  server.RaftServerConfigKeys (ConfUtils.java:logGet(43)) - raft.server.sleep.deviation.threshold = 300 (default)
2019-08-27 09:30:07,338 [pool-71-thread-1] INFO  server.RaftServerConfigKeys (ConfUtils.java:logGet(43)) - raft.server.log.appender.install.snapshot.enabled = false (custom)
2019-08-27 09:30:07,338 [pool-71-thread-1] INFO  impl.RaftServerImpl (ServerState.java:<init>(105)) - b87db874-79e1-4895-a6f5-a01095987c8b:group-0F42991698CD ConfigurationManager, init=-1: [b87db874-79e1-4895-a6f5-a01095987c8b:192.168.34.1:35636], old=null, confs=<EMPTY_MAP>
2019-08-27 09:30:07,339 [pool-71-thread-1] INFO  server.RaftServerConfigKeys (ConfUtils.java:logGet(43)) - raft.server.storage.dir = [/workdir/hadoop-ozone/integration-test/target/test-dir/MiniOzoneClusterImpl-e06e3fd2-9840-4528-8a25-31a0cd6e3a97/datanode-4/data/ratis] (custom)
2019-08-27 09:30:07,339 [pool-71-thread-1] INFO  storage.RaftStorageDirectory (RaftStorageDirectory.java:analyzeStorage(246)) - The storage directory /workdir/hadoop-ozone/integration-test/target/test-dir/MiniOzoneClusterImpl-e06e3fd2-9840-4528-8a25-31a0cd6e3a97/datanode-4/data/ratis/9886d751-8bce-4af4-be1f-0f42991698cd does not exist. Creating ...
2019-08-27 09:30:07,352 [pool-71-thread-1] INFO  storage.RaftStorageDirectory (RaftStorageDirectory.java:tryLock(328)) - Lock on /workdir/hadoop-ozone/integration-test/target/test-dir/MiniOzoneClusterImpl-e06e3fd2-9840-4528-8a25-31a0cd6e3a97/datanode-4/data/ratis/9886d751-8bce-4af4-be1f-0f42991698cd/in_use.lock acquired by nodename 11862@trunk-nightly-adhoc-20190827-ds46k-2366760622
2019-08-27 09:30:07,377 [pool-71-thread-1] INFO  storage.RaftStorage (RaftStorage.java:format(72)) - Storage directory /workdir/hadoop-ozone/integration-test/target/test-dir/MiniOzoneClusterImpl-e06e3fd2-9840-4528-8a25-31a0cd6e3a97/datanode-4/data/ratis/9886d751-8bce-4af4-be1f-0f42991698cd has been successfully formatted.
2019-08-27 09:30:07,377 [pool-71-thread-1] INFO  ratis.ContainerStateMachine (ContainerStateMachine.java:loadSnapshot(226)) - group-0F42991698CD: The snapshot info is null. Setting the last applied indexto:(t:0, i:~)
2019-08-27 09:30:07,377 [pool-71-thread-1] INFO  server.RaftServerConfigKeys (ConfUtils.java:logGet(43)) - raft.server.leader.election.timeout = 120s (custom)
2019-08-27 09:30:07,377 [pool-71-thread-1] INFO  server.RaftServerConfigKeys (ConfUtils.java:logGet(43)) - raft.server.log.use.memory = false (default)
2019-08-27 09:30:07,378 [pool-71-thread-1] INFO  server.RaftServerConfigKeys (ConfUtils.java:logGet(43)) - raft.server.log.purge.gap = 1000000 (custom)
2019-08-27 09:30:07,378 [pool-71-thread-1] INFO  server.RaftServerConfigKeys (ConfUtils.java:logGet(43)) - raft.server.log.appender.buffer.byte-limit = 33554432 (custom)
2019-08-27 09:30:07,378 [pool-71-thread-1] INFO  server.RaftServerConfigKeys (ConfUtils.java:logGet(43)) - raft.server.log.segment.size.max = 1048576 (custom)
2019-08-27 09:30:07,378 [pool-71-thread-1] INFO  server.RaftServerConfigKeys (ConfUtils.java:logGet(43)) - raft.server.log.segment.cache.num.max = 2 (custom)
2019-08-27 09:30:07,378 [pool-71-thread-1] INFO  segmented.SegmentedRaftLogWorker (SegmentedRaftLogWorker.java:<init>(172)) - new b87db874-79e1-4895-a6f5-a01095987c8b-SegmentedRaftLogWorker:Storage Directory /workdir/hadoop-ozone/integration-test/target/test-dir/MiniOzoneClusterImpl-e06e3fd2-9840-4528-8a25-31a0cd6e3a97/datanode-4/data/ratis/9886d751-8bce-4af4-be1f-0f42991698cd for RaftStorage:Storage Directory /workdir/hadoop-ozone/integration-test/target/test-dir/MiniOzoneClusterImpl-e06e3fd2-9840-4528-8a25-31a0cd6e3a97/datanode-4/data/ratis/9886d751-8bce-4af4-be1f-0f42991698cd
2019-08-27 09:30:07,378 [pool-71-thread-1] INFO  server.RaftServerConfigKeys (ConfUtils.java:logGet(43)) - raft.server.log.queue.byte-limit = 2147483647 (custom)
2019-08-27 09:30:07,379 [pool-71-thread-1] INFO  server.RaftServerConfigKeys (ConfUtils.java:logGet(43)) - raft.server.log.queue.element-limit = 1024 (custom)
2019-08-27 09:30:07,379 [pool-71-thread-1] INFO  server.RaftServerConfigKeys (ConfUtils.java:logGet(43)) - raft.server.log.segment.size.max = 1048576 (custom)
2019-08-27 09:30:07,379 [pool-71-thread-1] INFO  server.RaftServerConfigKeys (ConfUtils.java:logGet(43)) - raft.server.log.preallocated.size = 16384 (custom)
2019-08-27 09:30:07,379 [pool-71-thread-1] INFO  server.RaftServerConfigKeys (ConfUtils.java:logGet(43)) - raft.server.log.write.buffer.size = 33554432 (custom)
2019-08-27 09:30:07,379 [pool-71-thread-1] INFO  server.RaftServerConfigKeys (ConfUtils.java:logGet(43)) - raft.server.log.force.sync.num = 128 (default)
2019-08-27 09:30:07,380 [pool-71-thread-1] INFO  server.RaftServerConfigKeys (ConfUtils.java:logGet(43)) - raft.server.log.statemachine.data.sync = true (default)
2019-08-27 09:30:07,380 [pool-71-thread-1] INFO  server.RaftServerConfigKeys (ConfUtils.java:logGet(43)) - raft.server.log.statemachine.data.sync.timeout = 10s (default)
2019-08-27 09:30:07,380 [pool-71-thread-1] INFO  server.RaftServerConfigKeys (ConfUtils.java:logGet(43)) - raft.server.log.statemachine.data.sync.timeout.retry = -1 (default)
2019-08-27 09:30:07,380 [pool-71-thread-1] INFO  server.RaftServerConfigKeys (ConfUtils.java:logGet(43)) - raft.server.log.statemachine.data.caching.enabled = true (custom)
2019-08-27 09:30:07,381 [pool-71-thread-1] INFO  segmented.SegmentedRaftLogWorker (SegmentedRaftLogWorker.java:lambda$new$0(132)) - b87db874-79e1-4895-a6f5-a01095987c8b-SegmentedRaftLogWorker:Storage Directory /workdir/hadoop-ozone/integration-test/target/test-dir/MiniOzoneClusterImpl-e06e3fd2-9840-4528-8a25-31a0cd6e3a97/datanode-4/data/ratis/9886d751-8bce-4af4-be1f-0f42991698cd: flushIndex: setUnconditionally 0 -> -1
2019-08-27 09:30:07,381 [pool-71-thread-1] INFO  server.RaftServerConfigKeys (ConfUtils.java:logGet(43)) - raft.server.snapshot.auto.trigger.enabled = true (custom)
2019-08-27 09:30:07,381 [pool-71-thread-1] INFO  server.RaftServerConfigKeys (ConfUtils.java:logGet(43)) - raft.server.snapshot.auto.trigger.threshold = 10000 (custom)
2019-08-27 09:30:07,382 [pool-71-thread-1] INFO  server.RaftServerConfigKeys (ConfUtils.java:logGet(43)) - raft.server.retrycache.expirytime = 600000ms (custom)
2019-08-27 09:30:07,382 [pool-71-thread-1] INFO  impl.RaftServerImpl (RaftServerImpl.java:start(180)) - b87db874-79e1-4895-a6f5-a01095987c8b: start group-0F42991698CD
2019-08-27 09:30:07,382 [pool-71-thread-1] INFO  impl.RaftServerImpl (RaftServerImpl.java:setRole(171)) - b87db874-79e1-4895-a6f5-a01095987c8b:group-0F42991698CD changes role from null to FOLLOWER at term 0 for startAsFollower
2019-08-27 09:30:07,382 [pool-71-thread-1] INFO  impl.RoleInfo (RoleInfo.java:updateAndGet(143)) - b87db874-79e1-4895-a6f5-a01095987c8b: start FollowerState
2019-08-27 09:30:07,383 [pool-71-thread-1] INFO  util.JmxRegister (JmxRegister.java:tryRegister(44)) - Successfully registered JMX Bean with object name Ratis:service=RaftServer,group=group-0F42991698CD,id=b87db874-79e1-4895-a6f5-a01095987c8b
2019-08-27 09:30:07,397 [RatisPipelineUtilsThread] INFO  pipeline.PipelineStateManager (PipelineStateManager.java:addPipeline(56)) - Created pipeline Pipeline[ Id: 9886d751-8bce-4af4-be1f-0f42991698cd, Nodes: b87db874-79e1-4895-a6f5-a01095987c8b{ip: 192.168.34.1, host: trunk-nightly-adhoc-20190827-ds46k-2366760622, networkLocation: /default-rack, certSerialId: null}, Type:RATIS, Factor:ONE, State:OPEN]
2019-08-27 09:30:07,425 [grpc-default-executor-0] INFO  impl.RaftServerProxy (RaftServerProxy.java:addNew(89)) - c0e57bb0-c773-45c8-8651-a8a13fee848f: addNew group-2ED602CA9E2A:[c0e57bb0-c773-45c8-8651-a8a13fee848f:192.168.34.1:45012] returns group-2ED602CA9E2A:java.util.concurrent.CompletableFuture@71139bbd[Not completed]
2019-08-27 09:30:07,427 [pool-38-thread-1] INFO  impl.RaftServerImpl (RaftServerImpl.java:<init>(93)) - c0e57bb0-c773-45c8-8651-a8a13fee848f: new RaftServerImpl for group-2ED602CA9E2A:[c0e57bb0-c773-45c8-8651-a8a13fee848f:192.168.34.1:45012] with ContainerStateMachine:uninitialized
2019-08-27 09:30:07,427 [pool-38-thread-1] INFO  server.RaftServerConfigKeys (ConfUtils.java:logGet(43)) - raft.server.rpc.timeout.min = 5s (custom)
2019-08-27 09:30:07,427 [pool-38-thread-1] INFO  server.RaftServerConfigKeys (ConfUtils.java:logGet(43)) - raft.server.rpc.timeout.max = 5200ms (custom)
2019-08-27 09:30:07,427 [pool-38-thread-1] INFO  server.RaftServerConfigKeys (ConfUtils.java:logGet(43)) - raft.server.rpcslowness.timeout = 120s (custom)
2019-08-27 09:30:07,427 [pool-38-thread-1] INFO  server.RaftServerConfigKeys (ConfUtils.java:logGet(43)) - raft.server.sleep.deviation.threshold = 300 (default)
2019-08-27 09:30:07,428 [pool-38-thread-1] INFO  server.RaftServerConfigKeys (ConfUtils.java:logGet(43)) - raft.server.log.appender.install.snapshot.enabled = false (custom)
2019-08-27 09:30:07,428 [pool-38-thread-1] INFO  impl.RaftServerImpl (ServerState.java:<init>(105)) - c0e57bb0-c773-45c8-8651-a8a13fee848f:group-2ED602CA9E2A ConfigurationManager, init=-1: [c0e57bb0-c773-45c8-8651-a8a13fee848f:192.168.34.1:45012], old=null, confs=<EMPTY_MAP>
2019-08-27 09:30:07,428 [pool-38-thread-1] INFO  server.RaftServerConfigKeys (ConfUtils.java:logGet(43)) - raft.server.storage.dir = [/workdir/hadoop-ozone/integration-test/target/test-dir/MiniOzoneClusterImpl-e06e3fd2-9840-4528-8a25-31a0cd6e3a97/datanode-1/data/ratis] (custom)
2019-08-27 09:30:07,428 [pool-38-thread-1] INFO  storage.RaftStorageDirectory (RaftStorageDirectory.java:analyzeStorage(246)) - The storage directory /workdir/hadoop-ozone/integration-test/target/test-dir/MiniOzoneClusterImpl-e06e3fd2-9840-4528-8a25-31a0cd6e3a97/datanode-1/data/ratis/f3f64925-70ee-4c35-9771-2ed602ca9e2a does not exist. Creating ...
2019-08-27 09:30:07,442 [pool-38-thread-1] INFO  storage.RaftStorageDirectory (RaftStorageDirectory.java:tryLock(328)) - Lock on /workdir/hadoop-ozone/integration-test/target/test-dir/MiniOzoneClusterImpl-e06e3fd2-9840-4528-8a25-31a0cd6e3a97/datanode-1/data/ratis/f3f64925-70ee-4c35-9771-2ed602ca9e2a/in_use.lock acquired by nodename 11862@trunk-nightly-adhoc-20190827-ds46k-2366760622
2019-08-27 09:30:07,455 [pool-38-thread-1] INFO  storage.RaftStorage (RaftStorage.java:format(72)) - Storage directory /workdir/hadoop-ozone/integration-test/target/test-dir/MiniOzoneClusterImpl-e06e3fd2-9840-4528-8a25-31a0cd6e3a97/datanode-1/data/ratis/f3f64925-70ee-4c35-9771-2ed602ca9e2a has been successfully formatted.
2019-08-27 09:30:07,455 [pool-38-thread-1] INFO  ratis.ContainerStateMachine (ContainerStateMachine.java:loadSnapshot(226)) - group-2ED602CA9E2A: The snapshot info is null. Setting the last applied indexto:(t:0, i:~)
2019-08-27 09:30:07,456 [pool-38-thread-1] INFO  server.RaftServerConfigKeys (ConfUtils.java:logGet(43)) - raft.server.leader.election.timeout = 120s (custom)
2019-08-27 09:30:07,456 [pool-38-thread-1] INFO  server.RaftServerConfigKeys (ConfUtils.java:logGet(43)) - raft.server.log.use.memory = false (default)
2019-08-27 09:30:07,456 [pool-38-thread-1] INFO  server.RaftServerConfigKeys (ConfUtils.java:logGet(43)) - raft.server.log.purge.gap = 1000000 (custom)
2019-08-27 09:30:07,456 [pool-38-thread-1] INFO  server.RaftServerConfigKeys (ConfUtils.java:logGet(43)) - raft.server.log.appender.buffer.byte-limit = 33554432 (custom)
2019-08-27 09:30:07,456 [pool-38-thread-1] INFO  server.RaftServerConfigKeys (ConfUtils.java:logGet(43)) - raft.server.log.segment.size.max = 1048576 (custom)
2019-08-27 09:30:07,456 [pool-38-thread-1] INFO  server.RaftServerConfigKeys (ConfUtils.java:logGet(43)) - raft.server.log.segment.cache.num.max = 2 (custom)
2019-08-27 09:30:07,457 [pool-38-thread-1] INFO  segmented.SegmentedRaftLogWorker (SegmentedRaftLogWorker.java:<init>(172)) - new c0e57bb0-c773-45c8-8651-a8a13fee848f-SegmentedRaftLogWorker:Storage Directory /workdir/hadoop-ozone/integration-test/target/test-dir/MiniOzoneClusterImpl-e06e3fd2-9840-4528-8a25-31a0cd6e3a97/datanode-1/data/ratis/f3f64925-70ee-4c35-9771-2ed602ca9e2a for RaftStorage:Storage Directory /workdir/hadoop-ozone/integration-test/target/test-dir/MiniOzoneClusterImpl-e06e3fd2-9840-4528-8a25-31a0cd6e3a97/datanode-1/data/ratis/f3f64925-70ee-4c35-9771-2ed602ca9e2a
2019-08-27 09:30:07,457 [pool-38-thread-1] INFO  server.RaftServerConfigKeys (ConfUtils.java:logGet(43)) - raft.server.log.queue.byte-limit = 2147483647 (custom)
2019-08-27 09:30:07,457 [pool-38-thread-1] INFO  server.RaftServerConfigKeys (ConfUtils.java:logGet(43)) - raft.server.log.queue.element-limit = 1024 (custom)
2019-08-27 09:30:07,457 [pool-38-thread-1] INFO  server.RaftServerConfigKeys (ConfUtils.java:logGet(43)) - raft.server.log.segment.size.max = 1048576 (custom)
2019-08-27 09:30:07,457 [pool-38-thread-1] INFO  server.RaftServerConfigKeys (ConfUtils.java:logGet(43)) - raft.server.log.preallocated.size = 16384 (custom)
2019-08-27 09:30:07,457 [pool-38-thread-1] INFO  server.RaftServerConfigKeys (ConfUtils.java:logGet(43)) - raft.server.log.write.buffer.size = 33554432 (custom)
2019-08-27 09:30:07,458 [pool-38-thread-1] INFO  server.RaftServerConfigKeys (ConfUtils.java:logGet(43)) - raft.server.log.force.sync.num = 128 (default)
2019-08-27 09:30:07,458 [pool-38-thread-1] INFO  server.RaftServerConfigKeys (ConfUtils.java:logGet(43)) - raft.server.log.statemachine.data.sync = true (default)
2019-08-27 09:30:07,458 [pool-38-thread-1] INFO  server.RaftServerConfigKeys (ConfUtils.java:logGet(43)) - raft.server.log.statemachine.data.sync.timeout = 10s (default)
2019-08-27 09:30:07,458 [pool-38-thread-1] INFO  server.RaftServerConfigKeys (ConfUtils.java:logGet(43)) - raft.server.log.statemachine.data.sync.timeout.retry = -1 (default)
2019-08-27 09:30:07,458 [pool-38-thread-1] INFO  server.RaftServerConfigKeys (ConfUtils.java:logGet(43)) - raft.server.log.statemachine.data.caching.enabled = true (custom)
2019-08-27 09:30:07,459 [pool-38-thread-1] INFO  segmented.SegmentedRaftLogWorker (SegmentedRaftLogWorker.java:lambda$new$0(132)) - c0e57bb0-c773-45c8-8651-a8a13fee848f-SegmentedRaftLogWorker:Storage Directory /workdir/hadoop-ozone/integration-test/target/test-dir/MiniOzoneClusterImpl-e06e3fd2-9840-4528-8a25-31a0cd6e3a97/datanode-1/data/ratis/f3f64925-70ee-4c35-9771-2ed602ca9e2a: flushIndex: setUnconditionally 0 -> -1
2019-08-27 09:30:07,459 [pool-38-thread-1] INFO  server.RaftServerConfigKeys (ConfUtils.java:logGet(43)) - raft.server.snapshot.auto.trigger.enabled = true (custom)
2019-08-27 09:30:07,459 [pool-38-thread-1] INFO  server.RaftServerConfigKeys (ConfUtils.java:logGet(43)) - raft.server.snapshot.auto.trigger.threshold = 10000 (custom)
2019-08-27 09:30:07,460 [pool-38-thread-1] INFO  server.RaftServerConfigKeys (ConfUtils.java:logGet(43)) - raft.server.retrycache.expirytime = 600000ms (custom)
2019-08-27 09:30:07,460 [pool-38-thread-1] INFO  impl.RaftServerImpl (RaftServerImpl.java:start(180)) - c0e57bb0-c773-45c8-8651-a8a13fee848f: start group-2ED602CA9E2A
2019-08-27 09:30:07,460 [pool-38-thread-1] INFO  impl.RaftServerImpl (RaftServerImpl.java:setRole(171)) - c0e57bb0-c773-45c8-8651-a8a13fee848f:group-2ED602CA9E2A changes role from null to FOLLOWER at term 0 for startAsFollower
2019-08-27 09:30:07,460 [pool-38-thread-1] INFO  impl.RoleInfo (RoleInfo.java:updateAndGet(143)) - c0e57bb0-c773-45c8-8651-a8a13fee848f: start FollowerState
2019-08-27 09:30:07,461 [pool-38-thread-1] INFO  util.JmxRegister (JmxRegister.java:tryRegister(44)) - Successfully registered JMX Bean with object name Ratis:service=RaftServer,group=group-2ED602CA9E2A,id=c0e57bb0-c773-45c8-8651-a8a13fee848f
2019-08-27 09:30:07,474 [RatisPipelineUtilsThread] INFO  pipeline.PipelineStateManager (PipelineStateManager.java:addPipeline(56)) - Created pipeline Pipeline[ Id: f3f64925-70ee-4c35-9771-2ed602ca9e2a, Nodes: c0e57bb0-c773-45c8-8651-a8a13fee848f{ip: 192.168.34.1, host: trunk-nightly-adhoc-20190827-ds46k-2366760622, networkLocation: /default-rack, certSerialId: null}, Type:RATIS, Factor:ONE, State:OPEN]
2019-08-27 09:30:07,534 [grpc-default-executor-2] INFO  impl.RaftServerProxy (RaftServerProxy.java:addNew(89)) - 72c22e3c-3c05-4243-bffb-0059d6f14df8: addNew group-C8FAD5C087BC:[d2df9428-4997-4acb-8edc-b870657dabff:192.168.34.1:33819, dc9c49c4-fcba-44d3-8e03-8b7afae22bc1:192.168.34.1:33097, 72c22e3c-3c05-4243-bffb-0059d6f14df8:192.168.34.1:43192] returns group-C8FAD5C087BC:java.util.concurrent.CompletableFuture@5116e1e2[Not completed]
2019-08-27 09:30:07,536 [grpc-default-executor-1] INFO  impl.RaftServerProxy (RaftServerProxy.java:addNew(89)) - d2df9428-4997-4acb-8edc-b870657dabff: addNew group-C8FAD5C087BC:[d2df9428-4997-4acb-8edc-b870657dabff:192.168.34.1:33819, dc9c49c4-fcba-44d3-8e03-8b7afae22bc1:192.168.34.1:33097, 72c22e3c-3c05-4243-bffb-0059d6f14df8:192.168.34.1:43192] returns group-C8FAD5C087BC:java.util.concurrent.CompletableFuture@1b027fc9[Not completed]
2019-08-27 09:30:07,536 [grpc-default-executor-2] INFO  impl.RaftServerProxy (RaftServerProxy.java:addNew(89)) - dc9c49c4-fcba-44d3-8e03-8b7afae22bc1: addNew group-C8FAD5C087BC:[d2df9428-4997-4acb-8edc-b870657dabff:192.168.34.1:33819, dc9c49c4-fcba-44d3-8e03-8b7afae22bc1:192.168.34.1:33097, 72c22e3c-3c05-4243-bffb-0059d6f14df8:192.168.34.1:43192] returns group-C8FAD5C087BC:java.util.concurrent.CompletableFuture@141465a4[Not completed]
2019-08-27 09:30:07,538 [pool-27-thread-1] INFO  impl.RaftServerImpl (RaftServerImpl.java:<init>(93)) - 72c22e3c-3c05-4243-bffb-0059d6f14df8: new RaftServerImpl for group-C8FAD5C087BC:[d2df9428-4997-4acb-8edc-b870657dabff:192.168.34.1:33819, dc9c49c4-fcba-44d3-8e03-8b7afae22bc1:192.168.34.1:33097, 72c22e3c-3c05-4243-bffb-0059d6f14df8:192.168.34.1:43192] with ContainerStateMachine:uninitialized
2019-08-27 09:30:07,538 [pool-27-thread-1] INFO  server.RaftServerConfigKeys (ConfUtils.java:logGet(43)) - raft.server.rpc.timeout.min = 5s (custom)
2019-08-27 09:30:07,538 [pool-27-thread-1] INFO  server.RaftServerConfigKeys (ConfUtils.java:logGet(43)) - raft.server.rpc.timeout.max = 5200ms (custom)
2019-08-27 09:30:07,538 [pool-27-thread-1] INFO  server.RaftServerConfigKeys (ConfUtils.java:logGet(43)) - raft.server.rpcslowness.timeout = 120s (custom)
2019-08-27 09:30:07,538 [pool-27-thread-1] INFO  server.RaftServerConfigKeys (ConfUtils.java:logGet(43)) - raft.server.sleep.deviation.threshold = 300 (default)
2019-08-27 09:30:07,539 [pool-27-thread-1] INFO  server.RaftServerConfigKeys (ConfUtils.java:logGet(43)) - raft.server.log.appender.install.snapshot.enabled = false (custom)
2019-08-27 09:30:07,539 [pool-27-thread-1] INFO  impl.RaftServerImpl (ServerState.java:<init>(105)) - 72c22e3c-3c05-4243-bffb-0059d6f14df8:group-C8FAD5C087BC ConfigurationManager, init=-1: [d2df9428-4997-4acb-8edc-b870657dabff:192.168.34.1:33819, dc9c49c4-fcba-44d3-8e03-8b7afae22bc1:192.168.34.1:33097, 72c22e3c-3c05-4243-bffb-0059d6f14df8:192.168.34.1:43192], old=null, confs=<EMPTY_MAP>
2019-08-27 09:30:07,539 [pool-60-thread-1] INFO  impl.RaftServerImpl (RaftServerImpl.java:<init>(93)) - dc9c49c4-fcba-44d3-8e03-8b7afae22bc1: new RaftServerImpl for group-C8FAD5C087BC:[d2df9428-4997-4acb-8edc-b870657dabff:192.168.34.1:33819, dc9c49c4-fcba-44d3-8e03-8b7afae22bc1:192.168.34.1:33097, 72c22e3c-3c05-4243-bffb-0059d6f14df8:192.168.34.1:43192] with ContainerStateMachine:uninitialized
2019-08-27 09:30:07,539 [pool-27-thread-1] INFO  server.RaftServerConfigKeys (ConfUtils.java:logGet(43)) - raft.server.storage.dir = [/workdir/hadoop-ozone/integration-test/target/test-dir/MiniOzoneClusterImpl-e06e3fd2-9840-4528-8a25-31a0cd6e3a97/datanode-0/data/ratis] (custom)
2019-08-27 09:30:07,539 [pool-60-thread-1] INFO  server.RaftServerConfigKeys (ConfUtils.java:logGet(43)) - raft.server.rpc.timeout.min = 5s (custom)
2019-08-27 09:30:07,540 [pool-60-thread-1] INFO  server.RaftServerConfigKeys (ConfUtils.java:logGet(43)) - raft.server.rpc.timeout.max = 5200ms (custom)
2019-08-27 09:30:07,540 [pool-60-thread-1] INFO  server.RaftServerConfigKeys (ConfUtils.java:logGet(43)) - raft.server.rpcslowness.timeout = 120s (custom)
2019-08-27 09:30:07,540 [pool-27-thread-1] INFO  storage.RaftStorageDirectory (RaftStorageDirectory.java:analyzeStorage(246)) - The storage directory /workdir/hadoop-ozone/integration-test/target/test-dir/MiniOzoneClusterImpl-e06e3fd2-9840-4528-8a25-31a0cd6e3a97/datanode-0/data/ratis/aeb21a99-9e0f-465d-9294-c8fad5c087bc does not exist. Creating ...
2019-08-27 09:30:07,540 [pool-60-thread-1] INFO  server.RaftServerConfigKeys (ConfUtils.java:logGet(43)) - raft.server.sleep.deviation.threshold = 300 (default)
2019-08-27 09:30:07,541 [pool-60-thread-1] INFO  server.RaftServerConfigKeys (ConfUtils.java:logGet(43)) - raft.server.log.appender.install.snapshot.enabled = false (custom)
2019-08-27 09:30:07,541 [pool-60-thread-1] INFO  impl.RaftServerImpl (ServerState.java:<init>(105)) - dc9c49c4-fcba-44d3-8e03-8b7afae22bc1:group-C8FAD5C087BC ConfigurationManager, init=-1: [d2df9428-4997-4acb-8edc-b870657dabff:192.168.34.1:33819, dc9c49c4-fcba-44d3-8e03-8b7afae22bc1:192.168.34.1:33097, 72c22e3c-3c05-4243-bffb-0059d6f14df8:192.168.34.1:43192], old=null, confs=<EMPTY_MAP>
2019-08-27 09:30:07,541 [pool-49-thread-1] INFO  impl.RaftServerImpl (RaftServerImpl.java:<init>(93)) - d2df9428-4997-4acb-8edc-b870657dabff: new RaftServerImpl for group-C8FAD5C087BC:[d2df9428-4997-4acb-8edc-b870657dabff:192.168.34.1:33819, dc9c49c4-fcba-44d3-8e03-8b7afae22bc1:192.168.34.1:33097, 72c22e3c-3c05-4243-bffb-0059d6f14df8:192.168.34.1:43192] with ContainerStateMachine:uninitialized
2019-08-27 09:30:07,541 [pool-60-thread-1] INFO  server.RaftServerConfigKeys (ConfUtils.java:logGet(43)) - raft.server.storage.dir = [/workdir/hadoop-ozone/integration-test/target/test-dir/MiniOzoneClusterImpl-e06e3fd2-9840-4528-8a25-31a0cd6e3a97/datanode-3/data/ratis] (custom)
2019-08-27 09:30:07,541 [pool-49-thread-1] INFO  server.RaftServerConfigKeys (ConfUtils.java:logGet(43)) - raft.server.rpc.timeout.min = 5s (custom)
2019-08-27 09:30:07,542 [pool-49-thread-1] INFO  server.RaftServerConfigKeys (ConfUtils.java:logGet(43)) - raft.server.rpc.timeout.max = 5200ms (custom)
2019-08-27 09:30:07,542 [pool-60-thread-1] INFO  storage.RaftStorageDirectory (RaftStorageDirectory.java:analyzeStorage(246)) - The storage directory /workdir/hadoop-ozone/integration-test/target/test-dir/MiniOzoneClusterImpl-e06e3fd2-9840-4528-8a25-31a0cd6e3a97/datanode-3/data/ratis/aeb21a99-9e0f-465d-9294-c8fad5c087bc does not exist. Creating ...
2019-08-27 09:30:07,542 [pool-49-thread-1] INFO  server.RaftServerConfigKeys (ConfUtils.java:logGet(43)) - raft.server.rpcslowness.timeout = 120s (custom)
2019-08-27 09:30:07,542 [pool-49-thread-1] INFO  server.RaftServerConfigKeys (ConfUtils.java:logGet(43)) - raft.server.sleep.deviation.threshold = 300 (default)
2019-08-27 09:30:07,542 [pool-49-thread-1] INFO  server.RaftServerConfigKeys (ConfUtils.java:logGet(43)) - raft.server.log.appender.install.snapshot.enabled = false (custom)
2019-08-27 09:30:07,543 [pool-49-thread-1] INFO  impl.RaftServerImpl (ServerState.java:<init>(105)) - d2df9428-4997-4acb-8edc-b870657dabff:group-C8FAD5C087BC ConfigurationManager, init=-1: [d2df9428-4997-4acb-8edc-b870657dabff:192.168.34.1:33819, dc9c49c4-fcba-44d3-8e03-8b7afae22bc1:192.168.34.1:33097, 72c22e3c-3c05-4243-bffb-0059d6f14df8:192.168.34.1:43192], old=null, confs=<EMPTY_MAP>
2019-08-27 09:30:07,543 [pool-49-thread-1] INFO  server.RaftServerConfigKeys (ConfUtils.java:logGet(43)) - raft.server.storage.dir = [/workdir/hadoop-ozone/integration-test/target/test-dir/MiniOzoneClusterImpl-e06e3fd2-9840-4528-8a25-31a0cd6e3a97/datanode-2/data/ratis] (custom)
2019-08-27 09:30:07,543 [pool-49-thread-1] INFO  storage.RaftStorageDirectory (RaftStorageDirectory.java:analyzeStorage(246)) - The storage directory /workdir/hadoop-ozone/integration-test/target/test-dir/MiniOzoneClusterImpl-e06e3fd2-9840-4528-8a25-31a0cd6e3a97/datanode-2/data/ratis/aeb21a99-9e0f-465d-9294-c8fad5c087bc does not exist. Creating ...
2019-08-27 09:30:07,825 [main] INFO  ozone.MiniOzoneClusterImpl (MiniOzoneClusterImpl.java:lambda$waitForClusterToBeReady$0(142)) - Cluster is ready. Got 5 of 5 DN Heartbeats.
2019-08-27 09:30:07,825 | INFO  | SCMAudit | user=jenkins1000 | ip=192.168.34.1 | op=SEND_HEARTBEAT {datanodeUUID=72c22e3c-3c05-4243-bffb-0059d6f14df8, command=[]} | ret=SUCCESS |  
2019-08-27 09:30:08,076 | INFO  | SCMAudit | user=jenkins1000 | ip=192.168.34.1 | op=SEND_HEARTBEAT {datanodeUUID=c0e57bb0-c773-45c8-8651-a8a13fee848f, command=[]} | ret=SUCCESS |  
2019-08-27 09:30:08,686 | INFO  | SCMAudit | user=jenkins1000 | ip=192.168.34.1 | op=SEND_HEARTBEAT {datanodeUUID=d2df9428-4997-4acb-8edc-b870657dabff, command=[]} | ret=SUCCESS |  
2019-08-27 09:30:08,686 | INFO  | SCMAudit | user=jenkins1000 | ip=192.168.34.1 | op=SEND_HEARTBEAT {datanodeUUID=dc9c49c4-fcba-44d3-8e03-8b7afae22bc1, command=[]} | ret=SUCCESS |  
2019-08-27 09:30:08,806 | INFO  | SCMAudit | user=jenkins1000 | ip=192.168.34.1 | op=SEND_HEARTBEAT {datanodeUUID=72c22e3c-3c05-4243-bffb-0059d6f14df8, command=[]} | ret=SUCCESS |  
2019-08-27 09:30:08,823 | INFO  | SCMAudit | user=jenkins1000 | ip=192.168.34.1 | op=SEND_HEARTBEAT {datanodeUUID=b87db874-79e1-4895-a6f5-a01095987c8b, command=[]} | ret=SUCCESS |  
2019-08-27 09:30:08,859 [Thread-207] INFO  container.ReplicationManager (ReplicationManager.java:start(152)) - Starting Replication Monitor Thread.
2019-08-27 09:30:09,077 | INFO  | SCMAudit | user=jenkins1000 | ip=192.168.34.1 | op=SEND_HEARTBEAT {datanodeUUID=c0e57bb0-c773-45c8-8651-a8a13fee848f, command=[]} | ret=SUCCESS |  
2019-08-27 09:30:09,687 | INFO  | SCMAudit | user=jenkins1000 | ip=192.168.34.1 | op=SEND_HEARTBEAT {datanodeUUID=d2df9428-4997-4acb-8edc-b870657dabff, command=[]} | ret=SUCCESS |  
2019-08-27 09:30:09,687 | INFO  | SCMAudit | user=jenkins1000 | ip=192.168.34.1 | op=SEND_HEARTBEAT {datanodeUUID=dc9c49c4-fcba-44d3-8e03-8b7afae22bc1, command=[]} | ret=SUCCESS |  
2019-08-27 09:30:09,815 | INFO  | SCMAudit | user=jenkins1000 | ip=192.168.34.1 | op=SEND_HEARTBEAT {datanodeUUID=72c22e3c-3c05-4243-bffb-0059d6f14df8, command=[]} | ret=SUCCESS |  
2019-08-27 09:30:09,823 | INFO  | SCMAudit | user=jenkins1000 | ip=192.168.34.1 | op=SEND_HEARTBEAT {datanodeUUID=b87db874-79e1-4895-a6f5-a01095987c8b, command=[]} | ret=SUCCESS |  
2019-08-27 09:30:10,078 | INFO  | SCMAudit | user=jenkins1000 | ip=192.168.34.1 | op=SEND_HEARTBEAT {datanodeUUID=c0e57bb0-c773-45c8-8651-a8a13fee848f, command=[]} | ret=SUCCESS |  
2019-08-27 09:30:10,514 [RATISCREATEPIPELINE3] ERROR pipeline.RatisPipelineProvider (RatisPipelineProvider.java:lambda$null$5(235)) - Failed invoke Ratis rpc org.apache.hadoop.hdds.scm.pipeline.RatisPipelineProvider$$Lambda$171/1249908545@432f3f5e for dc9c49c4-fcba-44d3-8e03-8b7afae22bc1
org.apache.ratis.protocol.TimeoutIOException: deadline exceeded after 2996364329ns
	at org.apache.ratis.grpc.GrpcUtil.tryUnwrapException(GrpcUtil.java:82)
	at org.apache.ratis.grpc.GrpcUtil.unwrapException(GrpcUtil.java:75)
	at org.apache.ratis.grpc.client.GrpcClientProtocolClient.blockingCall(GrpcClientProtocolClient.java:169)
	at org.apache.ratis.grpc.client.GrpcClientProtocolClient.groupAdd(GrpcClientProtocolClient.java:138)
	at org.apache.ratis.grpc.client.GrpcClientRpc.sendRequest(GrpcClientRpc.java:94)
	at org.apache.ratis.client.impl.RaftClientImpl.sendRequest(RaftClientImpl.java:279)
	at org.apache.ratis.client.impl.RaftClientImpl.groupAdd(RaftClientImpl.java:206)
	at org.apache.hadoop.hdds.scm.pipeline.RatisPipelineProvider.lambda$initializePipeline$4(RatisPipelineProvider.java:194)
	at org.apache.hadoop.hdds.scm.pipeline.RatisPipelineProvider.lambda$null$5(RatisPipelineProvider.java:231)
	at java.util.stream.ForEachOps$ForEachOp$OfRef.accept(ForEachOps.java:184)
	at java.util.ArrayList$ArrayListSpliterator.forEachRemaining(ArrayList.java:1382)
	at java.util.stream.AbstractPipeline.copyInto(AbstractPipeline.java:482)
	at java.util.stream.ForEachOps$ForEachTask.compute(ForEachOps.java:291)
	at java.util.concurrent.CountedCompleter.exec(CountedCompleter.java:731)
	at java.util.concurrent.ForkJoinTask.doExec(ForkJoinTask.java:289)
	at java.util.concurrent.ForkJoinPool$WorkQueue.runTask(ForkJoinPool.java:1056)
	at java.util.concurrent.ForkJoinPool.runWorker(ForkJoinPool.java:1692)
	at java.util.concurrent.ForkJoinWorkerThread.run(ForkJoinWorkerThread.java:157)
Caused by: org.apache.ratis.thirdparty.io.grpc.StatusRuntimeException: DEADLINE_EXCEEDED: deadline exceeded after 2996364329ns
	at org.apache.ratis.thirdparty.io.grpc.stub.ClientCalls.toStatusRuntimeException(ClientCalls.java:233)
	at org.apache.ratis.thirdparty.io.grpc.stub.ClientCalls.getUnchecked(ClientCalls.java:214)
	at org.apache.ratis.thirdparty.io.grpc.stub.ClientCalls.blockingUnaryCall(ClientCalls.java:139)
	at org.apache.ratis.proto.grpc.AdminProtocolServiceGrpc$AdminProtocolServiceBlockingStub.groupManagement(AdminProtocolServiceGrpc.java:274)
	at org.apache.ratis.grpc.client.GrpcClientProtocolClient.lambda$groupAdd$3(GrpcClientProtocolClient.java:140)
	at org.apache.ratis.grpc.client.GrpcClientProtocolClient.blockingCall(GrpcClientProtocolClient.java:167)
	... 15 more
2019-08-27 09:30:10,514 [RATISCREATEPIPELINE1] ERROR pipeline.RatisPipelineProvider (RatisPipelineProvider.java:lambda$null$5(235)) - Failed invoke Ratis rpc org.apache.hadoop.hdds.scm.pipeline.RatisPipelineProvider$$Lambda$171/1249908545@432f3f5e for d2df9428-4997-4acb-8edc-b870657dabff
org.apache.ratis.protocol.TimeoutIOException: deadline exceeded after 2999696119ns
	at org.apache.ratis.grpc.GrpcUtil.tryUnwrapException(GrpcUtil.java:82)
	at org.apache.ratis.grpc.GrpcUtil.unwrapException(GrpcUtil.java:75)
	at org.apache.ratis.grpc.client.GrpcClientProtocolClient.blockingCall(GrpcClientProtocolClient.java:169)
	at org.apache.ratis.grpc.client.GrpcClientProtocolClient.groupAdd(GrpcClientProtocolClient.java:138)
	at org.apache.ratis.grpc.client.GrpcClientRpc.sendRequest(GrpcClientRpc.java:94)
	at org.apache.ratis.client.impl.RaftClientImpl.sendRequest(RaftClientImpl.java:279)
	at org.apache.ratis.client.impl.RaftClientImpl.groupAdd(RaftClientImpl.java:206)
	at org.apache.hadoop.hdds.scm.pipeline.RatisPipelineProvider.lambda$initializePipeline$4(RatisPipelineProvider.java:194)
	at org.apache.hadoop.hdds.scm.pipeline.RatisPipelineProvider.lambda$null$5(RatisPipelineProvider.java:231)
	at java.util.stream.ForEachOps$ForEachOp$OfRef.accept(ForEachOps.java:184)
	at java.util.ArrayList$ArrayListSpliterator.forEachRemaining(ArrayList.java:1382)
	at java.util.stream.AbstractPipeline.copyInto(AbstractPipeline.java:482)
	at java.util.stream.ForEachOps$ForEachTask.compute(ForEachOps.java:291)
	at java.util.concurrent.CountedCompleter.exec(CountedCompleter.java:731)
	at java.util.concurrent.ForkJoinTask.doExec(ForkJoinTask.java:289)
	at java.util.concurrent.ForkJoinTask.doInvoke(ForkJoinTask.java:401)
	at java.util.concurrent.ForkJoinTask.invoke(ForkJoinTask.java:734)
	at java.util.stream.ForEachOps$ForEachOp.evaluateParallel(ForEachOps.java:160)
	at java.util.stream.ForEachOps$ForEachOp$OfRef.evaluateParallel(ForEachOps.java:174)
	at java.util.stream.AbstractPipeline.evaluate(AbstractPipeline.java:233)
	at java.util.stream.ReferencePipeline.forEach(ReferencePipeline.java:418)
	at java.util.stream.ReferencePipeline$Head.forEach(ReferencePipeline.java:583)
	at org.apache.hadoop.hdds.scm.pipeline.RatisPipelineProvider.lambda$callRatisRpc$6(RatisPipelineProvider.java:225)
	at java.util.concurrent.ForkJoinTask$AdaptedRunnableAction.exec(ForkJoinTask.java:1386)
	at java.util.concurrent.ForkJoinTask.doExec(ForkJoinTask.java:289)
	at java.util.concurrent.ForkJoinPool$WorkQueue.runTask(ForkJoinPool.java:1056)
	at java.util.concurrent.ForkJoinPool.runWorker(ForkJoinPool.java:1692)
	at java.util.concurrent.ForkJoinWorkerThread.run(ForkJoinWorkerThread.java:157)
Caused by: org.apache.ratis.thirdparty.io.grpc.StatusRuntimeException: DEADLINE_EXCEEDED: deadline exceeded after 2999696119ns
	at org.apache.ratis.thirdparty.io.grpc.stub.ClientCalls.toStatusRuntimeException(ClientCalls.java:233)
	at org.apache.ratis.thirdparty.io.grpc.stub.ClientCalls.getUnchecked(ClientCalls.java:214)
	at org.apache.ratis.thirdparty.io.grpc.stub.ClientCalls.blockingUnaryCall(ClientCalls.java:139)
	at org.apache.ratis.proto.grpc.AdminProtocolServiceGrpc$AdminProtocolServiceBlockingStub.groupManagement(AdminProtocolServiceGrpc.java:274)
	at org.apache.ratis.grpc.client.GrpcClientProtocolClient.lambda$groupAdd$3(GrpcClientProtocolClient.java:140)
	at org.apache.ratis.grpc.client.GrpcClientProtocolClient.blockingCall(GrpcClientProtocolClient.java:167)
	... 25 more
2019-08-27 09:30:10,514 [RATISCREATEPIPELINE2] ERROR pipeline.RatisPipelineProvider (RatisPipelineProvider.java:lambda$null$5(235)) - Failed invoke Ratis rpc org.apache.hadoop.hdds.scm.pipeline.RatisPipelineProvider$$Lambda$171/1249908545@432f3f5e for 72c22e3c-3c05-4243-bffb-0059d6f14df8
org.apache.ratis.protocol.TimeoutIOException: deadline exceeded after 2997881143ns
	at org.apache.ratis.grpc.GrpcUtil.tryUnwrapException(GrpcUtil.java:82)
	at org.apache.ratis.grpc.GrpcUtil.unwrapException(GrpcUtil.java:75)
	at org.apache.ratis.grpc.client.GrpcClientProtocolClient.blockingCall(GrpcClientProtocolClient.java:169)
	at org.apache.ratis.grpc.client.GrpcClientProtocolClient.groupAdd(GrpcClientProtocolClient.java:138)
	at org.apache.ratis.grpc.client.GrpcClientRpc.sendRequest(GrpcClientRpc.java:94)
	at org.apache.ratis.client.impl.RaftClientImpl.sendRequest(RaftClientImpl.java:279)
	at org.apache.ratis.client.impl.RaftClientImpl.groupAdd(RaftClientImpl.java:206)
	at org.apache.hadoop.hdds.scm.pipeline.RatisPipelineProvider.lambda$initializePipeline$4(RatisPipelineProvider.java:194)
	at org.apache.hadoop.hdds.scm.pipeline.RatisPipelineProvider.lambda$null$5(RatisPipelineProvider.java:231)
	at java.util.stream.ForEachOps$ForEachOp$OfRef.accept(ForEachOps.java:184)
	at java.util.ArrayList$ArrayListSpliterator.forEachRemaining(ArrayList.java:1382)
	at java.util.stream.AbstractPipeline.copyInto(AbstractPipeline.java:482)
	at java.util.stream.ForEachOps$ForEachTask.compute(ForEachOps.java:291)
	at java.util.concurrent.CountedCompleter.exec(CountedCompleter.java:731)
	at java.util.concurrent.ForkJoinTask.doExec(ForkJoinTask.java:289)
	at java.util.concurrent.ForkJoinPool$WorkQueue.runTask(ForkJoinPool.java:1056)
	at java.util.concurrent.ForkJoinPool.runWorker(ForkJoinPool.java:1692)
	at java.util.concurrent.ForkJoinWorkerThread.run(ForkJoinWorkerThread.java:157)
Caused by: org.apache.ratis.thirdparty.io.grpc.StatusRuntimeException: DEADLINE_EXCEEDED: deadline exceeded after 2997881143ns
	at org.apache.ratis.thirdparty.io.grpc.stub.ClientCalls.toStatusRuntimeException(ClientCalls.java:233)
	at org.apache.ratis.thirdparty.io.grpc.stub.ClientCalls.getUnchecked(ClientCalls.java:214)
	at org.apache.ratis.thirdparty.io.grpc.stub.ClientCalls.blockingUnaryCall(ClientCalls.java:139)
	at org.apache.ratis.proto.grpc.AdminProtocolServiceGrpc$AdminProtocolServiceBlockingStub.groupManagement(AdminProtocolServiceGrpc.java:274)
	at org.apache.ratis.grpc.client.GrpcClientProtocolClient.lambda$groupAdd$3(GrpcClientProtocolClient.java:140)
	at org.apache.ratis.grpc.client.GrpcClientProtocolClient.blockingCall(GrpcClientProtocolClient.java:167)
	... 15 more
2019-08-27 09:30:10,552 [grpc-default-executor-0] INFO  impl.RaftServerProxy (RaftServerProxy.java:addNew(89)) - 72c22e3c-3c05-4243-bffb-0059d6f14df8: addNew group-C900A224E225:[d2df9428-4997-4acb-8edc-b870657dabff:192.168.34.1:33819, dc9c49c4-fcba-44d3-8e03-8b7afae22bc1:192.168.34.1:33097, 72c22e3c-3c05-4243-bffb-0059d6f14df8:192.168.34.1:43192] returns group-C900A224E225:java.util.concurrent.CompletableFuture@1bcc51e2[Not completed]
2019-08-27 09:30:10,552 [grpc-default-executor-4] INFO  impl.RaftServerProxy (RaftServerProxy.java:addNew(89)) - dc9c49c4-fcba-44d3-8e03-8b7afae22bc1: addNew group-C900A224E225:[d2df9428-4997-4acb-8edc-b870657dabff:192.168.34.1:33819, dc9c49c4-fcba-44d3-8e03-8b7afae22bc1:192.168.34.1:33097, 72c22e3c-3c05-4243-bffb-0059d6f14df8:192.168.34.1:43192] returns group-C900A224E225:java.util.concurrent.CompletableFuture@686282bd[Not completed]
2019-08-27 09:30:10,552 [grpc-default-executor-3] INFO  impl.RaftServerProxy (RaftServerProxy.java:addNew(89)) - d2df9428-4997-4acb-8edc-b870657dabff: addNew group-C900A224E225:[d2df9428-4997-4acb-8edc-b870657dabff:192.168.34.1:33819, dc9c49c4-fcba-44d3-8e03-8b7afae22bc1:192.168.34.1:33097, 72c22e3c-3c05-4243-bffb-0059d6f14df8:192.168.34.1:43192] returns group-C900A224E225:java.util.concurrent.CompletableFuture@9fd198c[Not completed]
2019-08-27 09:30:10,686 | INFO  | SCMAudit | user=jenkins1000 | ip=192.168.34.1 | op=SEND_HEARTBEAT {datanodeUUID=dc9c49c4-fcba-44d3-8e03-8b7afae22bc1, command=[]} | ret=SUCCESS |  
2019-08-27 09:30:10,686 | INFO  | SCMAudit | user=jenkins1000 | ip=192.168.34.1 | op=SEND_HEARTBEAT {datanodeUUID=d2df9428-4997-4acb-8edc-b870657dabff, command=[]} | ret=SUCCESS |  
2019-08-27 09:30:10,805 | INFO  | SCMAudit | user=jenkins1000 | ip=192.168.34.1 | op=SEND_HEARTBEAT {datanodeUUID=72c22e3c-3c05-4243-bffb-0059d6f14df8, command=[]} | ret=SUCCESS |  
2019-08-27 09:30:10,823 | INFO  | SCMAudit | user=jenkins1000 | ip=192.168.34.1 | op=SEND_HEARTBEAT {datanodeUUID=b87db874-79e1-4895-a6f5-a01095987c8b, command=[]} | ret=SUCCESS |  
2019-08-27 09:30:11,078 | INFO  | SCMAudit | user=jenkins1000 | ip=192.168.34.1 | op=SEND_HEARTBEAT {datanodeUUID=c0e57bb0-c773-45c8-8651-a8a13fee848f, command=[]} | ret=SUCCESS |  
2019-08-27 09:30:11,686 | INFO  | SCMAudit | user=jenkins1000 | ip=192.168.34.1 | op=SEND_HEARTBEAT {datanodeUUID=dc9c49c4-fcba-44d3-8e03-8b7afae22bc1, command=[]} | ret=SUCCESS |  
2019-08-27 09:30:11,686 | INFO  | SCMAudit | user=jenkins1000 | ip=192.168.34.1 | op=SEND_HEARTBEAT {datanodeUUID=d2df9428-4997-4acb-8edc-b870657dabff, command=[]} | ret=SUCCESS |  
2019-08-27 09:30:11,806 | INFO  | SCMAudit | user=jenkins1000 | ip=192.168.34.1 | op=SEND_HEARTBEAT {datanodeUUID=72c22e3c-3c05-4243-bffb-0059d6f14df8, command=[]} | ret=SUCCESS |  
2019-08-27 09:30:11,823 | INFO  | SCMAudit | user=jenkins1000 | ip=192.168.34.1 | op=SEND_HEARTBEAT {datanodeUUID=b87db874-79e1-4895-a6f5-a01095987c8b, command=[]} | ret=SUCCESS |  
2019-08-27 09:30:12,078 | INFO  | SCMAudit | user=jenkins1000 | ip=192.168.34.1 | op=SEND_HEARTBEAT {datanodeUUID=c0e57bb0-c773-45c8-8651-a8a13fee848f, command=[]} | ret=SUCCESS |  
2019-08-27 09:30:12,222 [Thread-209] INFO  impl.FollowerState (FollowerState.java:run(106)) - 72c22e3c-3c05-4243-bffb-0059d6f14df8:group-9CDE8B4A3DB1 changes to CANDIDATE, lastRpcTime:5171, electionTimeout:5170ms
2019-08-27 09:30:12,222 [Thread-209] INFO  impl.RoleInfo (RoleInfo.java:shutdownFollowerState(121)) - 72c22e3c-3c05-4243-bffb-0059d6f14df8: shutdown FollowerState
2019-08-27 09:30:12,223 [Thread-209] INFO  impl.RaftServerImpl (RaftServerImpl.java:setRole(171)) - 72c22e3c-3c05-4243-bffb-0059d6f14df8:group-9CDE8B4A3DB1 changes role from FOLLOWER to CANDIDATE at term 0 for changeToCandidate
2019-08-27 09:30:12,229 [Thread-209] INFO  impl.RoleInfo (RoleInfo.java:updateAndGet(143)) - 72c22e3c-3c05-4243-bffb-0059d6f14df8: start LeaderElection
2019-08-27 09:30:12,359 [Thread-215] INFO  impl.FollowerState (FollowerState.java:run(106)) - dc9c49c4-fcba-44d3-8e03-8b7afae22bc1:group-018EF1DD7F91 changes to CANDIDATE, lastRpcTime:5060, electionTimeout:5060ms
2019-08-27 09:30:12,362 [Thread-215] INFO  impl.RoleInfo (RoleInfo.java:shutdownFollowerState(121)) - dc9c49c4-fcba-44d3-8e03-8b7afae22bc1: shutdown FollowerState
2019-08-27 09:30:12,362 [Thread-215] INFO  impl.RaftServerImpl (RaftServerImpl.java:setRole(171)) - dc9c49c4-fcba-44d3-8e03-8b7afae22bc1:group-018EF1DD7F91 changes role from FOLLOWER to CANDIDATE at term 0 for changeToCandidate
2019-08-27 09:30:12,362 [Thread-215] INFO  impl.RoleInfo (RoleInfo.java:updateAndGet(143)) - dc9c49c4-fcba-44d3-8e03-8b7afae22bc1: start LeaderElection
2019-08-27 09:30:12,406 [Thread-212] INFO  impl.FollowerState (FollowerState.java:run(106)) - d2df9428-4997-4acb-8edc-b870657dabff:group-C499C3509C89 changes to CANDIDATE, lastRpcTime:5195, electionTimeout:5194ms
2019-08-27 09:30:12,407 [Thread-212] INFO  impl.RoleInfo (RoleInfo.java:shutdownFollowerState(121)) - d2df9428-4997-4acb-8edc-b870657dabff: shutdown FollowerState
2019-08-27 09:30:12,407 [Thread-212] INFO  impl.RaftServerImpl (RaftServerImpl.java:setRole(171)) - d2df9428-4997-4acb-8edc-b870657dabff:group-C499C3509C89 changes role from FOLLOWER to CANDIDATE at term 0 for changeToCandidate
2019-08-27 09:30:12,407 [Thread-212] INFO  impl.RoleInfo (RoleInfo.java:updateAndGet(143)) - d2df9428-4997-4acb-8edc-b870657dabff: start LeaderElection
2019-08-27 09:30:12,484 [Thread-218] INFO  impl.FollowerState (FollowerState.java:run(106)) - b87db874-79e1-4895-a6f5-a01095987c8b:group-0F42991698CD changes to CANDIDATE, lastRpcTime:5101, electionTimeout:5101ms
2019-08-27 09:30:12,484 [Thread-218] INFO  impl.RoleInfo (RoleInfo.java:shutdownFollowerState(121)) - b87db874-79e1-4895-a6f5-a01095987c8b: shutdown FollowerState
2019-08-27 09:30:12,484 [Thread-218] INFO  impl.RaftServerImpl (RaftServerImpl.java:setRole(171)) - b87db874-79e1-4895-a6f5-a01095987c8b:group-0F42991698CD changes role from FOLLOWER to CANDIDATE at term 0 for changeToCandidate
2019-08-27 09:30:12,484 [Thread-218] INFO  impl.RoleInfo (RoleInfo.java:updateAndGet(143)) - b87db874-79e1-4895-a6f5-a01095987c8b: start LeaderElection
2019-08-27 09:30:12,601 [Thread-221] INFO  impl.FollowerState (FollowerState.java:run(106)) - c0e57bb0-c773-45c8-8651-a8a13fee848f:group-2ED602CA9E2A changes to CANDIDATE, lastRpcTime:5140, electionTimeout:5140ms
2019-08-27 09:30:12,601 [Thread-221] INFO  impl.RoleInfo (RoleInfo.java:shutdownFollowerState(121)) - c0e57bb0-c773-45c8-8651-a8a13fee848f: shutdown FollowerState
2019-08-27 09:30:12,601 [Thread-221] INFO  impl.RaftServerImpl (RaftServerImpl.java:setRole(171)) - c0e57bb0-c773-45c8-8651-a8a13fee848f:group-2ED602CA9E2A changes role from FOLLOWER to CANDIDATE at term 0 for changeToCandidate
2019-08-27 09:30:12,601 [Thread-221] INFO  impl.RoleInfo (RoleInfo.java:updateAndGet(143)) - c0e57bb0-c773-45c8-8651-a8a13fee848f: start LeaderElection
2019-08-27 09:30:12,686 | INFO  | SCMAudit | user=jenkins1000 | ip=192.168.34.1 | op=SEND_HEARTBEAT {datanodeUUID=d2df9428-4997-4acb-8edc-b870657dabff, command=[]} | ret=SUCCESS |  
2019-08-27 09:30:12,686 | INFO  | SCMAudit | user=jenkins1000 | ip=192.168.34.1 | op=SEND_HEARTBEAT {datanodeUUID=dc9c49c4-fcba-44d3-8e03-8b7afae22bc1, command=[]} | ret=SUCCESS |  
2019-08-27 09:30:12,804 | INFO  | SCMAudit | user=jenkins1000 | ip=192.168.34.1 | op=SEND_HEARTBEAT {datanodeUUID=72c22e3c-3c05-4243-bffb-0059d6f14df8, command=[]} | ret=SUCCESS |  
2019-08-27 09:30:12,823 | INFO  | SCMAudit | user=jenkins1000 | ip=192.168.34.1 | op=SEND_HEARTBEAT {datanodeUUID=b87db874-79e1-4895-a6f5-a01095987c8b, command=[]} | ret=SUCCESS |  
2019-08-27 09:30:13,078 | INFO  | SCMAudit | user=jenkins1000 | ip=192.168.34.1 | op=SEND_HEARTBEAT {datanodeUUID=c0e57bb0-c773-45c8-8651-a8a13fee848f, command=[]} | ret=SUCCESS |  
2019-08-27 09:30:13,537 [RATISCREATEPIPELINE1] ERROR pipeline.RatisPipelineProvider (RatisPipelineProvider.java:lambda$null$5(235)) - Failed invoke Ratis rpc org.apache.hadoop.hdds.scm.pipeline.RatisPipelineProvider$$Lambda$171/1249908545@3cf934c9 for d2df9428-4997-4acb-8edc-b870657dabff
org.apache.ratis.protocol.TimeoutIOException: deadline exceeded after 2998361339ns
	at org.apache.ratis.grpc.GrpcUtil.tryUnwrapException(GrpcUtil.java:82)
	at org.apache.ratis.grpc.GrpcUtil.unwrapException(GrpcUtil.java:75)
	at org.apache.ratis.grpc.client.GrpcClientProtocolClient.blockingCall(GrpcClientProtocolClient.java:169)
	at org.apache.ratis.grpc.client.GrpcClientProtocolClient.groupAdd(GrpcClientProtocolClient.java:138)
	at org.apache.ratis.grpc.client.GrpcClientRpc.sendRequest(GrpcClientRpc.java:94)
	at org.apache.ratis.client.impl.RaftClientImpl.sendRequest(RaftClientImpl.java:279)
	at org.apache.ratis.client.impl.RaftClientImpl.groupAdd(RaftClientImpl.java:206)
	at org.apache.hadoop.hdds.scm.pipeline.RatisPipelineProvider.lambda$initializePipeline$4(RatisPipelineProvider.java:194)
	at org.apache.hadoop.hdds.scm.pipeline.RatisPipelineProvider.lambda$null$5(RatisPipelineProvider.java:231)
	at java.util.stream.ForEachOps$ForEachOp$OfRef.accept(ForEachOps.java:184)
	at java.util.ArrayList$ArrayListSpliterator.forEachRemaining(ArrayList.java:1382)
	at java.util.stream.AbstractPipeline.copyInto(AbstractPipeline.java:482)
	at java.util.stream.ForEachOps$ForEachTask.compute(ForEachOps.java:291)
	at java.util.concurrent.CountedCompleter.exec(CountedCompleter.java:731)
	at java.util.concurrent.ForkJoinTask.doExec(ForkJoinTask.java:289)
	at java.util.concurrent.ForkJoinTask.doInvoke(ForkJoinTask.java:401)
	at java.util.concurrent.ForkJoinTask.invoke(ForkJoinTask.java:734)
	at java.util.stream.ForEachOps$ForEachOp.evaluateParallel(ForEachOps.java:160)
	at java.util.stream.ForEachOps$ForEachOp$OfRef.evaluateParallel(ForEachOps.java:174)
	at java.util.stream.AbstractPipeline.evaluate(AbstractPipeline.java:233)
	at java.util.stream.ReferencePipeline.forEach(ReferencePipeline.java:418)
	at java.util.stream.ReferencePipeline$Head.forEach(ReferencePipeline.java:583)
	at org.apache.hadoop.hdds.scm.pipeline.RatisPipelineProvider.lambda$callRatisRpc$6(RatisPipelineProvider.java:225)
	at java.util.concurrent.ForkJoinTask$AdaptedRunnableAction.exec(ForkJoinTask.java:1386)
	at java.util.concurrent.ForkJoinTask.doExec(ForkJoinTask.java:289)
	at java.util.concurrent.ForkJoinPool$WorkQueue.runTask(ForkJoinPool.java:1056)
	at java.util.concurrent.ForkJoinPool.runWorker(ForkJoinPool.java:1692)
	at java.util.concurrent.ForkJoinWorkerThread.run(ForkJoinWorkerThread.java:157)
Caused by: org.apache.ratis.thirdparty.io.grpc.StatusRuntimeException: DEADLINE_EXCEEDED: deadline exceeded after 2998361339ns
	at org.apache.ratis.thirdparty.io.grpc.stub.ClientCalls.toStatusRuntimeException(ClientCalls.java:233)
	at org.apache.ratis.thirdparty.io.grpc.stub.ClientCalls.getUnchecked(ClientCalls.java:214)
	at org.apache.ratis.thirdparty.io.grpc.stub.ClientCalls.blockingUnaryCall(ClientCalls.java:139)
	at org.apache.ratis.proto.grpc.AdminProtocolServiceGrpc$AdminProtocolServiceBlockingStub.groupManagement(AdminProtocolServiceGrpc.java:274)
	at org.apache.ratis.grpc.client.GrpcClientProtocolClient.lambda$groupAdd$3(GrpcClientProtocolClient.java:140)
	at org.apache.ratis.grpc.client.GrpcClientProtocolClient.blockingCall(GrpcClientProtocolClient.java:167)
	... 25 more
2019-08-27 09:30:13,538 [RATISCREATEPIPELINE2] ERROR pipeline.RatisPipelineProvider (RatisPipelineProvider.java:lambda$null$5(235)) - Failed invoke Ratis rpc org.apache.hadoop.hdds.scm.pipeline.RatisPipelineProvider$$Lambda$171/1249908545@3cf934c9 for 72c22e3c-3c05-4243-bffb-0059d6f14df8
org.apache.ratis.protocol.TimeoutIOException: deadline exceeded after 2998404935ns
	at org.apache.ratis.grpc.GrpcUtil.tryUnwrapException(GrpcUtil.java:82)
	at org.apache.ratis.grpc.GrpcUtil.unwrapException(GrpcUtil.java:75)
	at org.apache.ratis.grpc.client.GrpcClientProtocolClient.blockingCall(GrpcClientProtocolClient.java:169)
	at org.apache.ratis.grpc.client.GrpcClientProtocolClient.groupAdd(GrpcClientProtocolClient.java:138)
	at org.apache.ratis.grpc.client.GrpcClientRpc.sendRequest(GrpcClientRpc.java:94)
	at org.apache.ratis.client.impl.RaftClientImpl.sendRequest(RaftClientImpl.java:279)
	at org.apache.ratis.client.impl.RaftClientImpl.groupAdd(RaftClientImpl.java:206)
	at org.apache.hadoop.hdds.scm.pipeline.RatisPipelineProvider.lambda$initializePipeline$4(RatisPipelineProvider.java:194)
	at org.apache.hadoop.hdds.scm.pipeline.RatisPipelineProvider.lambda$null$5(RatisPipelineProvider.java:231)
	at java.util.stream.ForEachOps$ForEachOp$OfRef.accept(ForEachOps.java:184)
	at java.util.ArrayList$ArrayListSpliterator.forEachRemaining(ArrayList.java:1382)
	at java.util.stream.AbstractPipeline.copyInto(AbstractPipeline.java:482)
	at java.util.stream.ForEachOps$ForEachTask.compute(ForEachOps.java:291)
	at java.util.concurrent.CountedCompleter.exec(CountedCompleter.java:731)
	at java.util.concurrent.ForkJoinTask.doExec(ForkJoinTask.java:289)
	at java.util.concurrent.ForkJoinPool$WorkQueue.runTask(ForkJoinPool.java:1056)
	at java.util.concurrent.ForkJoinPool.runWorker(ForkJoinPool.java:1692)
	at java.util.concurrent.ForkJoinWorkerThread.run(ForkJoinWorkerThread.java:157)
Caused by: org.apache.ratis.thirdparty.io.grpc.StatusRuntimeException: DEADLINE_EXCEEDED: deadline exceeded after 2998404935ns
	at org.apache.ratis.thirdparty.io.grpc.stub.ClientCalls.toStatusRuntimeException(ClientCalls.java:233)
	at org.apache.ratis.thirdparty.io.grpc.stub.ClientCalls.getUnchecked(ClientCalls.java:214)
	at org.apache.ratis.thirdparty.io.grpc.stub.ClientCalls.blockingUnaryCall(ClientCalls.java:139)
	at org.apache.ratis.proto.grpc.AdminProtocolServiceGrpc$AdminProtocolServiceBlockingStub.groupManagement(AdminProtocolServiceGrpc.java:274)
	at org.apache.ratis.grpc.client.GrpcClientProtocolClient.lambda$groupAdd$3(GrpcClientProtocolClient.java:140)
	at org.apache.ratis.grpc.client.GrpcClientProtocolClient.blockingCall(GrpcClientProtocolClient.java:167)
	... 15 more
2019-08-27 09:30:13,537 [RATISCREATEPIPELINE3] ERROR pipeline.RatisPipelineProvider (RatisPipelineProvider.java:lambda$null$5(235)) - Failed invoke Ratis rpc org.apache.hadoop.hdds.scm.pipeline.RatisPipelineProvider$$Lambda$171/1249908545@3cf934c9 for dc9c49c4-fcba-44d3-8e03-8b7afae22bc1
org.apache.ratis.protocol.TimeoutIOException: deadline exceeded after 2998400316ns
	at org.apache.ratis.grpc.GrpcUtil.tryUnwrapException(GrpcUtil.java:82)
	at org.apache.ratis.grpc.GrpcUtil.unwrapException(GrpcUtil.java:75)
	at org.apache.ratis.grpc.client.GrpcClientProtocolClient.blockingCall(GrpcClientProtocolClient.java:169)
	at org.apache.ratis.grpc.client.GrpcClientProtocolClient.groupAdd(GrpcClientProtocolClient.java:138)
	at org.apache.ratis.grpc.client.GrpcClientRpc.sendRequest(GrpcClientRpc.java:94)
	at org.apache.ratis.client.impl.RaftClientImpl.sendRequest(RaftClientImpl.java:279)
	at org.apache.ratis.client.impl.RaftClientImpl.groupAdd(RaftClientImpl.java:206)
	at org.apache.hadoop.hdds.scm.pipeline.RatisPipelineProvider.lambda$initializePipeline$4(RatisPipelineProvider.java:194)
	at org.apache.hadoop.hdds.scm.pipeline.RatisPipelineProvider.lambda$null$5(RatisPipelineProvider.java:231)
	at java.util.stream.ForEachOps$ForEachOp$OfRef.accept(ForEachOps.java:184)
	at java.util.ArrayList$ArrayListSpliterator.forEachRemaining(ArrayList.java:1382)
	at java.util.stream.AbstractPipeline.copyInto(AbstractPipeline.java:482)
	at java.util.stream.ForEachOps$ForEachTask.compute(ForEachOps.java:291)
	at java.util.concurrent.CountedCompleter.exec(CountedCompleter.java:731)
	at java.util.concurrent.ForkJoinTask.doExec(ForkJoinTask.java:289)
	at java.util.concurrent.ForkJoinPool$WorkQueue.runTask(ForkJoinPool.java:1056)
	at java.util.concurrent.ForkJoinPool.runWorker(ForkJoinPool.java:1692)
	at java.util.concurrent.ForkJoinWorkerThread.run(ForkJoinWorkerThread.java:157)
Caused by: org.apache.ratis.thirdparty.io.grpc.StatusRuntimeException: DEADLINE_EXCEEDED: deadline exceeded after 2998400316ns
	at org.apache.ratis.thirdparty.io.grpc.stub.ClientCalls.toStatusRuntimeException(ClientCalls.java:233)
	at org.apache.ratis.thirdparty.io.grpc.stub.ClientCalls.getUnchecked(ClientCalls.java:214)
	at org.apache.ratis.thirdparty.io.grpc.stub.ClientCalls.blockingUnaryCall(ClientCalls.java:139)
	at org.apache.ratis.proto.grpc.AdminProtocolServiceGrpc$AdminProtocolServiceBlockingStub.groupManagement(AdminProtocolServiceGrpc.java:274)
	at org.apache.ratis.grpc.client.GrpcClientProtocolClient.lambda$groupAdd$3(GrpcClientProtocolClient.java:140)
	at org.apache.ratis.grpc.client.GrpcClientProtocolClient.blockingCall(GrpcClientProtocolClient.java:167)
	... 15 more
2019-08-27 09:30:13,574 [grpc-default-executor-4] INFO  impl.RaftServerProxy (RaftServerProxy.java:addNew(89)) - d2df9428-4997-4acb-8edc-b870657dabff: addNew group-452BC1B4A176:[d2df9428-4997-4acb-8edc-b870657dabff:192.168.34.1:33819, dc9c49c4-fcba-44d3-8e03-8b7afae22bc1:192.168.34.1:33097, 72c22e3c-3c05-4243-bffb-0059d6f14df8:192.168.34.1:43192] returns group-452BC1B4A176:java.util.concurrent.CompletableFuture@295f8886[Not completed]
2019-08-27 09:30:13,574 [grpc-default-executor-0] INFO  impl.RaftServerProxy (RaftServerProxy.java:addNew(89)) - dc9c49c4-fcba-44d3-8e03-8b7afae22bc1: addNew group-452BC1B4A176:[d2df9428-4997-4acb-8edc-b870657dabff:192.168.34.1:33819, dc9c49c4-fcba-44d3-8e03-8b7afae22bc1:192.168.34.1:33097, 72c22e3c-3c05-4243-bffb-0059d6f14df8:192.168.34.1:43192] returns group-452BC1B4A176:java.util.concurrent.CompletableFuture@126683a4[Not completed]
2019-08-27 09:30:13,575 [grpc-default-executor-3] INFO  impl.RaftServerProxy (RaftServerProxy.java:addNew(89)) - 72c22e3c-3c05-4243-bffb-0059d6f14df8: addNew group-452BC1B4A176:[d2df9428-4997-4acb-8edc-b870657dabff:192.168.34.1:33819, dc9c49c4-fcba-44d3-8e03-8b7afae22bc1:192.168.34.1:33097, 72c22e3c-3c05-4243-bffb-0059d6f14df8:192.168.34.1:43192] returns group-452BC1B4A176:java.util.concurrent.CompletableFuture@48c013b7[Not completed]
2019-08-27 09:30:13,686 | INFO  | SCMAudit | user=jenkins1000 | ip=192.168.34.1 | op=SEND_HEARTBEAT {datanodeUUID=d2df9428-4997-4acb-8edc-b870657dabff, command=[]} | ret=SUCCESS |  
2019-08-27 09:30:13,686 | INFO  | SCMAudit | user=jenkins1000 | ip=192.168.34.1 | op=SEND_HEARTBEAT {datanodeUUID=dc9c49c4-fcba-44d3-8e03-8b7afae22bc1, command=[]} | ret=SUCCESS |  
2019-08-27 09:30:13,819 | INFO  | SCMAudit | user=jenkins1000 | ip=192.168.34.1 | op=SEND_HEARTBEAT {datanodeUUID=72c22e3c-3c05-4243-bffb-0059d6f14df8, command=[]} | ret=SUCCESS |  
2019-08-27 09:30:13,822 | INFO  | SCMAudit | user=jenkins1000 | ip=192.168.34.1 | op=SEND_HEARTBEAT {datanodeUUID=b87db874-79e1-4895-a6f5-a01095987c8b, command=[]} | ret=SUCCESS |  
2019-08-27 09:30:14,076 | INFO  | SCMAudit | user=jenkins1000 | ip=192.168.34.1 | op=SEND_HEARTBEAT {datanodeUUID=c0e57bb0-c773-45c8-8651-a8a13fee848f, command=[]} | ret=SUCCESS |  
2019-08-27 09:30:14,682 | INFO  | SCMAudit | user=jenkins1000 | ip=192.168.34.1 | op=SEND_HEARTBEAT {datanodeUUID=d2df9428-4997-4acb-8edc-b870657dabff, command=[]} | ret=SUCCESS |  
2019-08-27 09:30:14,682 | INFO  | SCMAudit | user=jenkins1000 | ip=192.168.34.1 | op=SEND_HEARTBEAT {datanodeUUID=dc9c49c4-fcba-44d3-8e03-8b7afae22bc1, command=[]} | ret=SUCCESS |  
2019-08-27 09:30:14,816 | INFO  | SCMAudit | user=jenkins1000 | ip=192.168.34.1 | op=SEND_HEARTBEAT {datanodeUUID=72c22e3c-3c05-4243-bffb-0059d6f14df8, command=[]} | ret=SUCCESS |  
2019-08-27 09:30:14,822 | INFO  | SCMAudit | user=jenkins1000 | ip=192.168.34.1 | op=SEND_HEARTBEAT {datanodeUUID=b87db874-79e1-4895-a6f5-a01095987c8b, command=[]} | ret=SUCCESS |  
2019-08-27 09:30:15,076 | INFO  | SCMAudit | user=jenkins1000 | ip=192.168.34.1 | op=SEND_HEARTBEAT {datanodeUUID=c0e57bb0-c773-45c8-8651-a8a13fee848f, command=[]} | ret=SUCCESS |  
2019-08-27 09:30:15,682 | INFO  | SCMAudit | user=jenkins1000 | ip=192.168.34.1 | op=SEND_HEARTBEAT {datanodeUUID=d2df9428-4997-4acb-8edc-b870657dabff, command=[]} | ret=SUCCESS |  
2019-08-27 09:30:15,682 | INFO  | SCMAudit | user=jenkins1000 | ip=192.168.34.1 | op=SEND_HEARTBEAT {datanodeUUID=dc9c49c4-fcba-44d3-8e03-8b7afae22bc1, command=[]} | ret=SUCCESS |  
2019-08-27 09:30:15,815 | INFO  | SCMAudit | user=jenkins1000 | ip=192.168.34.1 | op=SEND_HEARTBEAT {datanodeUUID=72c22e3c-3c05-4243-bffb-0059d6f14df8, command=[]} | ret=SUCCESS |  
2019-08-27 09:30:15,822 | INFO  | SCMAudit | user=jenkins1000 | ip=192.168.34.1 | op=SEND_HEARTBEAT {datanodeUUID=b87db874-79e1-4895-a6f5-a01095987c8b, command=[]} | ret=SUCCESS |  
2019-08-27 09:30:16,075 | INFO  | SCMAudit | user=jenkins1000 | ip=192.168.34.1 | op=SEND_HEARTBEAT {datanodeUUID=c0e57bb0-c773-45c8-8651-a8a13fee848f, command=[]} | ret=SUCCESS |  
2019-08-27 09:30:16,560 [RATISCREATEPIPELINE2] ERROR pipeline.RatisPipelineProvider (RatisPipelineProvider.java:lambda$null$5(235)) - Failed invoke Ratis rpc org.apache.hadoop.hdds.scm.pipeline.RatisPipelineProvider$$Lambda$171/1249908545@6d833c04 for dc9c49c4-fcba-44d3-8e03-8b7afae22bc1
org.apache.ratis.protocol.TimeoutIOException: deadline exceeded after 2996464584ns
	at org.apache.ratis.grpc.GrpcUtil.tryUnwrapException(GrpcUtil.java:82)
	at org.apache.ratis.grpc.GrpcUtil.unwrapException(GrpcUtil.java:75)
	at org.apache.ratis.grpc.client.GrpcClientProtocolClient.blockingCall(GrpcClientProtocolClient.java:169)
	at org.apache.ratis.grpc.client.GrpcClientProtocolClient.groupAdd(GrpcClientProtocolClient.java:138)
	at org.apache.ratis.grpc.client.GrpcClientRpc.sendRequest(GrpcClientRpc.java:94)
	at org.apache.ratis.client.impl.RaftClientImpl.sendRequest(RaftClientImpl.java:279)
	at org.apache.ratis.client.impl.RaftClientImpl.groupAdd(RaftClientImpl.java:206)
	at org.apache.hadoop.hdds.scm.pipeline.RatisPipelineProvider.lambda$initializePipeline$4(RatisPipelineProvider.java:194)
	at org.apache.hadoop.hdds.scm.pipeline.RatisPipelineProvider.lambda$null$5(RatisPipelineProvider.java:231)
	at java.util.stream.ForEachOps$ForEachOp$OfRef.accept(ForEachOps.java:184)
	at java.util.ArrayList$ArrayListSpliterator.forEachRemaining(ArrayList.java:1382)
	at java.util.stream.AbstractPipeline.copyInto(AbstractPipeline.java:482)
	at java.util.stream.ForEachOps$ForEachTask.compute(ForEachOps.java:291)
	at java.util.concurrent.CountedCompleter.exec(CountedCompleter.java:731)
	at java.util.concurrent.ForkJoinTask.doExec(ForkJoinTask.java:289)
	at java.util.concurrent.ForkJoinPool$WorkQueue.runTask(ForkJoinPool.java:1056)
	at java.util.concurrent.ForkJoinPool.runWorker(ForkJoinPool.java:1692)
	at java.util.concurrent.ForkJoinWorkerThread.run(ForkJoinWorkerThread.java:157)
Caused by: org.apache.ratis.thirdparty.io.grpc.StatusRuntimeException: DEADLINE_EXCEEDED: deadline exceeded after 2996464584ns
	at org.apache.ratis.thirdparty.io.grpc.stub.ClientCalls.toStatusRuntimeException(ClientCalls.java:233)
	at org.apache.ratis.thirdparty.io.grpc.stub.ClientCalls.getUnchecked(ClientCalls.java:214)
	at org.apache.ratis.thirdparty.io.grpc.stub.ClientCalls.blockingUnaryCall(ClientCalls.java:139)
	at org.apache.ratis.proto.grpc.AdminProtocolServiceGrpc$AdminProtocolServiceBlockingStub.groupManagement(AdminProtocolServiceGrpc.java:274)
	at org.apache.ratis.grpc.client.GrpcClientProtocolClient.lambda$groupAdd$3(GrpcClientProtocolClient.java:140)
	at org.apache.ratis.grpc.client.GrpcClientProtocolClient.blockingCall(GrpcClientProtocolClient.java:167)
	... 15 more
2019-08-27 09:30:16,560 [RATISCREATEPIPELINE1] ERROR pipeline.RatisPipelineProvider (RatisPipelineProvider.java:lambda$null$5(235)) - Failed invoke Ratis rpc org.apache.hadoop.hdds.scm.pipeline.RatisPipelineProvider$$Lambda$171/1249908545@6d833c04 for d2df9428-4997-4acb-8edc-b870657dabff
org.apache.ratis.protocol.TimeoutIOException: deadline exceeded after 2998112484ns
	at org.apache.ratis.grpc.GrpcUtil.tryUnwrapException(GrpcUtil.java:82)
	at org.apache.ratis.grpc.GrpcUtil.unwrapException(GrpcUtil.java:75)
	at org.apache.ratis.grpc.client.GrpcClientProtocolClient.blockingCall(GrpcClientProtocolClient.java:169)
	at org.apache.ratis.grpc.client.GrpcClientProtocolClient.groupAdd(GrpcClientProtocolClient.java:138)
	at org.apache.ratis.grpc.client.GrpcClientRpc.sendRequest(GrpcClientRpc.java:94)
	at org.apache.ratis.client.impl.RaftClientImpl.sendRequest(RaftClientImpl.java:279)
	at org.apache.ratis.client.impl.RaftClientImpl.groupAdd(RaftClientImpl.java:206)
	at org.apache.hadoop.hdds.scm.pipeline.RatisPipelineProvider.lambda$initializePipeline$4(RatisPipelineProvider.java:194)
	at org.apache.hadoop.hdds.scm.pipeline.RatisPipelineProvider.lambda$null$5(RatisPipelineProvider.java:231)
	at java.util.stream.ForEachOps$ForEachOp$OfRef.accept(ForEachOps.java:184)
	at java.util.ArrayList$ArrayListSpliterator.forEachRemaining(ArrayList.java:1382)
	at java.util.stream.AbstractPipeline.copyInto(AbstractPipeline.java:482)
	at java.util.stream.ForEachOps$ForEachTask.compute(ForEachOps.java:291)
	at java.util.concurrent.CountedCompleter.exec(CountedCompleter.java:731)
	at java.util.concurrent.ForkJoinTask.doExec(ForkJoinTask.java:289)
	at java.util.concurrent.ForkJoinTask.doInvoke(ForkJoinTask.java:401)
	at java.util.concurrent.ForkJoinTask.invoke(ForkJoinTask.java:734)
	at java.util.stream.ForEachOps$ForEachOp.evaluateParallel(ForEachOps.java:160)
	at java.util.stream.ForEachOps$ForEachOp$OfRef.evaluateParallel(ForEachOps.java:174)
	at java.util.stream.AbstractPipeline.evaluate(AbstractPipeline.java:233)
	at java.util.stream.ReferencePipeline.forEach(ReferencePipeline.java:418)
	at java.util.stream.ReferencePipeline$Head.forEach(ReferencePipeline.java:583)
	at org.apache.hadoop.hdds.scm.pipeline.RatisPipelineProvider.lambda$callRatisRpc$6(RatisPipelineProvider.java:225)
	at java.util.concurrent.ForkJoinTask$AdaptedRunnableAction.exec(ForkJoinTask.java:1386)
	at java.util.concurrent.ForkJoinTask.doExec(ForkJoinTask.java:289)
	at java.util.concurrent.ForkJoinPool$WorkQueue.runTask(ForkJoinPool.java:1056)
	at java.util.concurrent.ForkJoinPool.runWorker(ForkJoinPool.java:1692)
	at java.util.concurrent.ForkJoinWorkerThread.run(ForkJoinWorkerThread.java:157)
Caused by: org.apache.ratis.thirdparty.io.grpc.StatusRuntimeException: DEADLINE_EXCEEDED: deadline exceeded after 2998112484ns
	at org.apache.ratis.thirdparty.io.grpc.stub.ClientCalls.toStatusRuntimeException(ClientCalls.java:233)
	at org.apache.ratis.thirdparty.io.grpc.stub.ClientCalls.getUnchecked(ClientCalls.java:214)
	at org.apache.ratis.thirdparty.io.grpc.stub.ClientCalls.blockingUnaryCall(ClientCalls.java:139)
	at org.apache.ratis.proto.grpc.AdminProtocolServiceGrpc$AdminProtocolServiceBlockingStub.groupManagement(AdminProtocolServiceGrpc.java:274)
	at org.apache.ratis.grpc.client.GrpcClientProtocolClient.lambda$groupAdd$3(GrpcClientProtocolClient.java:140)
	at org.apache.ratis.grpc.client.GrpcClientProtocolClient.blockingCall(GrpcClientProtocolClient.java:167)
	... 25 more
2019-08-27 09:30:16,573 [RATISCREATEPIPELINE3] ERROR pipeline.RatisPipelineProvider (RatisPipelineProvider.java:lambda$null$5(235)) - Failed invoke Ratis rpc org.apache.hadoop.hdds.scm.pipeline.RatisPipelineProvider$$Lambda$171/1249908545@6d833c04 for 72c22e3c-3c05-4243-bffb-0059d6f14df8
org.apache.ratis.protocol.TimeoutIOException
	at org.apache.ratis.grpc.GrpcUtil.tryUnwrapException(GrpcUtil.java:82)
	at org.apache.ratis.grpc.GrpcUtil.unwrapException(GrpcUtil.java:75)
	at org.apache.ratis.grpc.client.GrpcClientProtocolClient.blockingCall(GrpcClientProtocolClient.java:169)
	at org.apache.ratis.grpc.client.GrpcClientProtocolClient.groupAdd(GrpcClientProtocolClient.java:138)
	at org.apache.ratis.grpc.client.GrpcClientRpc.sendRequest(GrpcClientRpc.java:94)
	at org.apache.ratis.client.impl.RaftClientImpl.sendRequest(RaftClientImpl.java:279)
	at org.apache.ratis.client.impl.RaftClientImpl.groupAdd(RaftClientImpl.java:206)
	at org.apache.hadoop.hdds.scm.pipeline.RatisPipelineProvider.lambda$initializePipeline$4(RatisPipelineProvider.java:194)
	at org.apache.hadoop.hdds.scm.pipeline.RatisPipelineProvider.lambda$null$5(RatisPipelineProvider.java:231)
	at java.util.stream.ForEachOps$ForEachOp$OfRef.accept(ForEachOps.java:184)
	at java.util.ArrayList$ArrayListSpliterator.forEachRemaining(ArrayList.java:1382)
	at java.util.stream.AbstractPipeline.copyInto(AbstractPipeline.java:482)
	at java.util.stream.ForEachOps$ForEachTask.compute(ForEachOps.java:291)
	at java.util.concurrent.CountedCompleter.exec(CountedCompleter.java:731)
	at java.util.concurrent.ForkJoinTask.doExec(ForkJoinTask.java:289)
	at java.util.concurrent.ForkJoinPool$WorkQueue.runTask(ForkJoinPool.java:1056)
	at java.util.concurrent.ForkJoinPool.runWorker(ForkJoinPool.java:1692)
	at java.util.concurrent.ForkJoinWorkerThread.run(ForkJoinWorkerThread.java:157)
Caused by: org.apache.ratis.thirdparty.io.grpc.StatusRuntimeException: DEADLINE_EXCEEDED
	at org.apache.ratis.thirdparty.io.grpc.stub.ClientCalls.toStatusRuntimeException(ClientCalls.java:233)
	at org.apache.ratis.thirdparty.io.grpc.stub.ClientCalls.getUnchecked(ClientCalls.java:214)
	at org.apache.ratis.thirdparty.io.grpc.stub.ClientCalls.blockingUnaryCall(ClientCalls.java:139)
	at org.apache.ratis.proto.grpc.AdminProtocolServiceGrpc$AdminProtocolServiceBlockingStub.groupManagement(AdminProtocolServiceGrpc.java:274)
	at org.apache.ratis.grpc.client.GrpcClientProtocolClient.lambda$groupAdd$3(GrpcClientProtocolClient.java:140)
	at org.apache.ratis.grpc.client.GrpcClientProtocolClient.blockingCall(GrpcClientProtocolClient.java:167)
	... 15 more
2019-08-27 09:30:16,577 [main] INFO  ozone.MiniOzoneClusterImpl (MiniOzoneClusterImpl.java:shutdown(321)) - Shutting down the Mini Ozone Cluster
2019-08-27 09:30:16,577 [ReplicationMonitor] INFO  container.ReplicationManager (ReplicationManager.java:run(215)) - Replication Monitor Thread took 7716 milliseconds for processing 0 containers.
2019-08-27 09:30:16,577 | INFO  | SCMAudit | user=null | ip=null | op=GET_SCM_INFO null | ret=SUCCESS |  
2019-08-27 09:30:16,578 [main] INFO  ozone.MiniOzoneClusterImpl (MiniOzoneClusterImpl.java:stop(336)) - Stopping the Mini Ozone Cluster
2019-08-27 09:30:16,578 [main] INFO  ozone.MiniOzoneClusterImpl (MiniOzoneClusterImpl.java:stop(338)) - Stopping the OzoneManager
2019-08-27 09:30:16,578 [main] INFO  ipc.Server (Server.java:stop(3082)) - Stopping server on 33999
2019-08-27 09:30:16,601 [IPC Server listener on 33999] INFO  ipc.Server (Server.java:run(1185)) - Stopping IPC Server listener on 33999
2019-08-27 09:30:16,601 [main] INFO  ratis.OzoneManagerDoubleBuffer (OzoneManagerDoubleBuffer.java:stop(248)) - Stopping OMDoubleBuffer flush thread
2019-08-27 09:30:16,601 [IPC Server Responder] INFO  ipc.Server (Server.java:run(1319)) - Stopping IPC Server Responder
2019-08-27 09:30:16,604 [OMDoubleBufferFlushThread] INFO  ratis.OzoneManagerDoubleBuffer (OzoneManagerDoubleBuffer.java:flushTransactions(191)) - OMDoubleBuffer flush thread OMDoubleBufferFlushThread is interrupted and will exit. OMDoubleBufferFlushThread
2019-08-27 09:30:16,606 [main] INFO  utils.BackgroundService (BackgroundService.java:shutdown(148)) - Shutting down service KeyDeletingService
2019-08-27 09:30:16,611 [main] INFO  handler.ContextHandler (ContextHandler.java:doStop(910)) - Stopped o.e.j.w.WebAppContext@2b8d084{/,null,UNAVAILABLE}{/ozoneManager}
2019-08-27 09:30:16,619 [main] INFO  server.AbstractConnector (AbstractConnector.java:doStop(318)) - Stopped ServerConnector@6daf2337{HTTP/1.1,[http/1.1]}{0.0.0.0:0}
2019-08-27 09:30:16,620 [main] INFO  handler.ContextHandler (ContextHandler.java:doStop(910)) - Stopped o.e.j.s.ServletContextHandler@543e593{/static,file:///workdir/hadoop-ozone/integration-test/target/test-classes/webapps/static,UNAVAILABLE}
2019-08-27 09:30:16,621 [main] INFO  handler.ContextHandler (ContextHandler.java:doStop(910)) - Stopped o.e.j.s.ServletContextHandler@2227a6c1{/logs,file:///workdir/hadoop-ozone/integration-test/target/log,UNAVAILABLE}
2019-08-27 09:30:16,626 [main] INFO  ozone.MiniOzoneClusterImpl (MiniOzoneClusterImpl.java:stop(344)) - Shutting the HddsDatanodes
2019-08-27 09:30:16,627 [main] INFO  datanode.ObjectStoreHandler (ObjectStoreHandler.java:close(155)) - Closing ObjectStoreHandler.
2019-08-27 09:30:16,627 [ForkJoinPool.commonPool-worker-0] INFO  datanode.ObjectStoreHandler (ObjectStoreHandler.java:close(155)) - Closing ObjectStoreHandler.
2019-08-27 09:30:16,643 [main] INFO  ozone.HddsDatanodeService (HddsDatanodeService.java:stop(451)) - Stopped plug-in org.apache.hadoop.ozone.web.OzoneHddsDatanodeService@37d28938
2019-08-27 09:30:16,643 [ForkJoinPool.commonPool-worker-0] INFO  ozone.HddsDatanodeService (HddsDatanodeService.java:stop(451)) - Stopped plug-in org.apache.hadoop.ozone.web.OzoneHddsDatanodeService@1f129467
2019-08-27 09:30:16,680 [Datanode State Machine Thread - 0] INFO  statemachine.DatanodeStateMachine (DatanodeStateMachine.java:lambda$startDaemon$0(350)) - Ozone container server started.
2019-08-27 09:30:16,682 | INFO  | SCMAudit | user=jenkins1000 | ip=192.168.34.1 | op=SEND_HEARTBEAT {datanodeUUID=dc9c49c4-fcba-44d3-8e03-8b7afae22bc1, command=[]} | ret=SUCCESS |  
2019-08-27 09:30:16,815 | INFO  | SCMAudit | user=jenkins1000 | ip=192.168.34.1 | op=SEND_HEARTBEAT {datanodeUUID=72c22e3c-3c05-4243-bffb-0059d6f14df8, command=[]} | ret=SUCCESS |  
2019-08-27 09:30:16,822 | INFO  | SCMAudit | user=jenkins1000 | ip=192.168.34.1 | op=SEND_HEARTBEAT {datanodeUUID=b87db874-79e1-4895-a6f5-a01095987c8b, command=[]} | ret=SUCCESS |  
2019-08-27 09:30:17,074 [Datanode State Machine Thread - 0] INFO  statemachine.DatanodeStateMachine (DatanodeStateMachine.java:lambda$startDaemon$0(350)) - Ozone container server started.
2019-08-27 09:30:17,683 | INFO  | SCMAudit | user=jenkins1000 | ip=192.168.34.1 | op=SEND_HEARTBEAT {datanodeUUID=dc9c49c4-fcba-44d3-8e03-8b7afae22bc1, command=[]} | ret=SUCCESS |  
2019-08-27 09:30:17,815 | INFO  | SCMAudit | user=jenkins1000 | ip=192.168.34.1 | op=SEND_HEARTBEAT {datanodeUUID=72c22e3c-3c05-4243-bffb-0059d6f14df8, command=[]} | ret=SUCCESS |  
2019-08-27 09:30:17,821 | INFO  | SCMAudit | user=jenkins1000 | ip=192.168.34.1 | op=SEND_HEARTBEAT {datanodeUUID=b87db874-79e1-4895-a6f5-a01095987c8b, command=[]} | ret=SUCCESS |  
2019-08-27 09:30:18,683 | INFO  | SCMAudit | user=jenkins1000 | ip=192.168.34.1 | op=SEND_HEARTBEAT {datanodeUUID=dc9c49c4-fcba-44d3-8e03-8b7afae22bc1, command=[]} | ret=SUCCESS |  
2019-08-27 09:30:18,815 | INFO  | SCMAudit | user=jenkins1000 | ip=192.168.34.1 | op=SEND_HEARTBEAT {datanodeUUID=72c22e3c-3c05-4243-bffb-0059d6f14df8, command=[]} | ret=SUCCESS |  
2019-08-27 09:30:18,821 | INFO  | SCMAudit | user=jenkins1000 | ip=192.168.34.1 | op=SEND_HEARTBEAT {datanodeUUID=b87db874-79e1-4895-a6f5-a01095987c8b, command=[]} | ret=SUCCESS |  
2019-08-27 09:30:19,683 | INFO  | SCMAudit | user=jenkins1000 | ip=192.168.34.1 | op=SEND_HEARTBEAT {datanodeUUID=dc9c49c4-fcba-44d3-8e03-8b7afae22bc1, command=[]} | ret=SUCCESS |  
2019-08-27 09:30:19,815 | INFO  | SCMAudit | user=jenkins1000 | ip=192.168.34.1 | op=SEND_HEARTBEAT {datanodeUUID=72c22e3c-3c05-4243-bffb-0059d6f14df8, command=[]} | ret=SUCCESS |  
2019-08-27 09:30:19,822 | INFO  | SCMAudit | user=jenkins1000 | ip=192.168.34.1 | op=SEND_HEARTBEAT {datanodeUUID=b87db874-79e1-4895-a6f5-a01095987c8b, command=[]} | ret=SUCCESS |  
2019-08-27 09:30:19,902 [pool-60-thread-1] INFO  storage.RaftStorageDirectory (RaftStorageDirectory.java:tryLock(328)) - Lock on /workdir/hadoop-ozone/integration-test/target/test-dir/MiniOzoneClusterImpl-e06e3fd2-9840-4528-8a25-31a0cd6e3a97/datanode-3/data/ratis/aeb21a99-9e0f-465d-9294-c8fad5c087bc/in_use.lock acquired by nodename 11862@trunk-nightly-adhoc-20190827-ds46k-2366760622
2019-08-27 09:30:19,902 [pool-27-thread-1] INFO  storage.RaftStorageDirectory (RaftStorageDirectory.java:tryLock(328)) - Lock on /workdir/hadoop-ozone/integration-test/target/test-dir/MiniOzoneClusterImpl-e06e3fd2-9840-4528-8a25-31a0cd6e3a97/datanode-0/data/ratis/aeb21a99-9e0f-465d-9294-c8fad5c087bc/in_use.lock acquired by nodename 11862@trunk-nightly-adhoc-20190827-ds46k-2366760622
2019-08-27 09:30:19,902 [pool-49-thread-1] INFO  storage.RaftStorageDirectory (RaftStorageDirectory.java:tryLock(328)) - Lock on /workdir/hadoop-ozone/integration-test/target/test-dir/MiniOzoneClusterImpl-e06e3fd2-9840-4528-8a25-31a0cd6e3a97/datanode-2/data/ratis/aeb21a99-9e0f-465d-9294-c8fad5c087bc/in_use.lock acquired by nodename 11862@trunk-nightly-adhoc-20190827-ds46k-2366760622
2019-08-27 09:30:20,023 [dc9c49c4-fcba-44d3-8e03-8b7afae22bc1:group-018EF1DD7F91:LeaderElection2] INFO  impl.LeaderElection (LeaderElection.java:askForVotes(181)) - dc9c49c4-fcba-44d3-8e03-8b7afae22bc1:group-018EF1DD7F91:LeaderElection2: begin an election at term 1 for -1: [dc9c49c4-fcba-44d3-8e03-8b7afae22bc1:192.168.34.1:33097], old=null
2019-08-27 09:30:20,032 [72c22e3c-3c05-4243-bffb-0059d6f14df8:group-9CDE8B4A3DB1:LeaderElection1] INFO  impl.LeaderElection (LeaderElection.java:askForVotes(181)) - 72c22e3c-3c05-4243-bffb-0059d6f14df8:group-9CDE8B4A3DB1:LeaderElection1: begin an election at term 1 for -1: [72c22e3c-3c05-4243-bffb-0059d6f14df8:192.168.34.1:43192], old=null
2019-08-27 09:30:20,032 [d2df9428-4997-4acb-8edc-b870657dabff:group-C499C3509C89:LeaderElection3] INFO  impl.LeaderElection (LeaderElection.java:askForVotes(181)) - d2df9428-4997-4acb-8edc-b870657dabff:group-C499C3509C89:LeaderElection3: begin an election at term 1 for -1: [d2df9428-4997-4acb-8edc-b870657dabff:192.168.34.1:33819], old=null
2019-08-27 09:30:20,023 [b87db874-79e1-4895-a6f5-a01095987c8b:group-0F42991698CD:LeaderElection4] INFO  impl.LeaderElection (LeaderElection.java:askForVotes(181)) - b87db874-79e1-4895-a6f5-a01095987c8b:group-0F42991698CD:LeaderElection4: begin an election at term 1 for -1: [b87db874-79e1-4895-a6f5-a01095987c8b:192.168.34.1:35636], old=null
2019-08-27 09:30:20,023 [c0e57bb0-c773-45c8-8651-a8a13fee848f:group-2ED602CA9E2A:LeaderElection5] INFO  impl.LeaderElection (LeaderElection.java:askForVotes(181)) - c0e57bb0-c773-45c8-8651-a8a13fee848f:group-2ED602CA9E2A:LeaderElection5: begin an election at term 1 for -1: [c0e57bb0-c773-45c8-8651-a8a13fee848f:192.168.34.1:45012], old=null
2019-08-27 09:30:20,034 [dc9c49c4-fcba-44d3-8e03-8b7afae22bc1:group-018EF1DD7F91:LeaderElection2] INFO  impl.RoleInfo (RoleInfo.java:shutdownLeaderElection(134)) - dc9c49c4-fcba-44d3-8e03-8b7afae22bc1: shutdown LeaderElection
2019-08-27 09:30:20,034 [72c22e3c-3c05-4243-bffb-0059d6f14df8:group-9CDE8B4A3DB1:LeaderElection1] INFO  impl.RoleInfo (RoleInfo.java:shutdownLeaderElection(134)) - 72c22e3c-3c05-4243-bffb-0059d6f14df8: shutdown LeaderElection
2019-08-27 09:30:20,034 [b87db874-79e1-4895-a6f5-a01095987c8b:group-0F42991698CD:LeaderElection4] INFO  impl.RoleInfo (RoleInfo.java:shutdownLeaderElection(134)) - b87db874-79e1-4895-a6f5-a01095987c8b: shutdown LeaderElection
2019-08-27 09:30:20,034 [d2df9428-4997-4acb-8edc-b870657dabff:group-C499C3509C89:LeaderElection3] INFO  impl.RoleInfo (RoleInfo.java:shutdownLeaderElection(134)) - d2df9428-4997-4acb-8edc-b870657dabff: shutdown LeaderElection
2019-08-27 09:30:20,034 [c0e57bb0-c773-45c8-8651-a8a13fee848f:group-2ED602CA9E2A:LeaderElection5] INFO  impl.RoleInfo (RoleInfo.java:shutdownLeaderElection(134)) - c0e57bb0-c773-45c8-8651-a8a13fee848f: shutdown LeaderElection
2019-08-27 09:30:20,035 [dc9c49c4-fcba-44d3-8e03-8b7afae22bc1:group-018EF1DD7F91:LeaderElection2] INFO  impl.RaftServerImpl (RaftServerImpl.java:setRole(171)) - dc9c49c4-fcba-44d3-8e03-8b7afae22bc1:group-018EF1DD7F91 changes role from CANDIDATE to LEADER at term 1 for changeToLeader
2019-08-27 09:30:20,035 [c0e57bb0-c773-45c8-8651-a8a13fee848f:group-2ED602CA9E2A:LeaderElection5] INFO  impl.RaftServerImpl (RaftServerImpl.java:setRole(171)) - c0e57bb0-c773-45c8-8651-a8a13fee848f:group-2ED602CA9E2A changes role from CANDIDATE to LEADER at term 1 for changeToLeader
2019-08-27 09:30:20,035 [dc9c49c4-fcba-44d3-8e03-8b7afae22bc1:group-018EF1DD7F91:LeaderElection2] INFO  impl.RaftServerImpl (ServerState.java:setLeader(263)) - dc9c49c4-fcba-44d3-8e03-8b7afae22bc1:group-018EF1DD7F91 change Leader from null to dc9c49c4-fcba-44d3-8e03-8b7afae22bc1 at term 1 for becomeLeader, leader elected after 12743ms
2019-08-27 09:30:20,035 [b87db874-79e1-4895-a6f5-a01095987c8b:group-0F42991698CD:LeaderElection4] INFO  impl.RaftServerImpl (RaftServerImpl.java:setRole(171)) - b87db874-79e1-4895-a6f5-a01095987c8b:group-0F42991698CD changes role from CANDIDATE to LEADER at term 1 for changeToLeader
2019-08-27 09:30:20,035 [72c22e3c-3c05-4243-bffb-0059d6f14df8:group-9CDE8B4A3DB1:LeaderElection1] INFO  impl.RaftServerImpl (RaftServerImpl.java:setRole(171)) - 72c22e3c-3c05-4243-bffb-0059d6f14df8:group-9CDE8B4A3DB1 changes role from CANDIDATE to LEADER at term 1 for changeToLeader
2019-08-27 09:30:20,036 [b87db874-79e1-4895-a6f5-a01095987c8b:group-0F42991698CD:LeaderElection4] INFO  impl.RaftServerImpl (ServerState.java:setLeader(263)) - b87db874-79e1-4895-a6f5-a01095987c8b:group-0F42991698CD change Leader from null to b87db874-79e1-4895-a6f5-a01095987c8b at term 1 for becomeLeader, leader elected after 12658ms
2019-08-27 09:30:20,036 [d2df9428-4997-4acb-8edc-b870657dabff:group-C499C3509C89:LeaderElection3] INFO  impl.RaftServerImpl (RaftServerImpl.java:setRole(171)) - d2df9428-4997-4acb-8edc-b870657dabff:group-C499C3509C89 changes role from CANDIDATE to LEADER at term 1 for changeToLeader
2019-08-27 09:30:20,036 [c0e57bb0-c773-45c8-8651-a8a13fee848f:group-2ED602CA9E2A:LeaderElection5] INFO  impl.RaftServerImpl (ServerState.java:setLeader(263)) - c0e57bb0-c773-45c8-8651-a8a13fee848f:group-2ED602CA9E2A change Leader from null to c0e57bb0-c773-45c8-8651-a8a13fee848f at term 1 for becomeLeader, leader elected after 12579ms
2019-08-27 09:30:20,036 [d2df9428-4997-4acb-8edc-b870657dabff:group-C499C3509C89:LeaderElection3] INFO  impl.RaftServerImpl (ServerState.java:setLeader(263)) - d2df9428-4997-4acb-8edc-b870657dabff:group-C499C3509C89 change Leader from null to d2df9428-4997-4acb-8edc-b870657dabff at term 1 for becomeLeader, leader elected after 12831ms
2019-08-27 09:30:20,036 [72c22e3c-3c05-4243-bffb-0059d6f14df8:group-9CDE8B4A3DB1:LeaderElection1] INFO  impl.RaftServerImpl (ServerState.java:setLeader(263)) - 72c22e3c-3c05-4243-bffb-0059d6f14df8:group-9CDE8B4A3DB1 change Leader from null to 72c22e3c-3c05-4243-bffb-0059d6f14df8 at term 1 for becomeLeader, leader elected after 13083ms
2019-08-27 09:30:20,039 [pool-49-thread-1] INFO  storage.RaftStorage (RaftStorage.java:format(72)) - Storage directory /workdir/hadoop-ozone/integration-test/target/test-dir/MiniOzoneClusterImpl-e06e3fd2-9840-4528-8a25-31a0cd6e3a97/datanode-2/data/ratis/aeb21a99-9e0f-465d-9294-c8fad5c087bc has been successfully formatted.
2019-08-27 09:30:20,039 [pool-60-thread-1] INFO  storage.RaftStorage (RaftStorage.java:format(72)) - Storage directory /workdir/hadoop-ozone/integration-test/target/test-dir/MiniOzoneClusterImpl-e06e3fd2-9840-4528-8a25-31a0cd6e3a97/datanode-3/data/ratis/aeb21a99-9e0f-465d-9294-c8fad5c087bc has been successfully formatted.
2019-08-27 09:30:20,039 [pool-27-thread-1] INFO  storage.RaftStorage (RaftStorage.java:format(72)) - Storage directory /workdir/hadoop-ozone/integration-test/target/test-dir/MiniOzoneClusterImpl-e06e3fd2-9840-4528-8a25-31a0cd6e3a97/datanode-0/data/ratis/aeb21a99-9e0f-465d-9294-c8fad5c087bc has been successfully formatted.
2019-08-27 09:30:20,040 [pool-49-thread-1] INFO  ratis.ContainerStateMachine (ContainerStateMachine.java:loadSnapshot(226)) - group-C8FAD5C087BC: The snapshot info is null. Setting the last applied indexto:(t:0, i:~)
2019-08-27 09:30:20,040 [pool-60-thread-1] INFO  ratis.ContainerStateMachine (ContainerStateMachine.java:loadSnapshot(226)) - group-C8FAD5C087BC: The snapshot info is null. Setting the last applied indexto:(t:0, i:~)
2019-08-27 09:30:20,040 [pool-27-thread-1] INFO  ratis.ContainerStateMachine (ContainerStateMachine.java:loadSnapshot(226)) - group-C8FAD5C087BC: The snapshot info is null. Setting the last applied indexto:(t:0, i:~)
2019-08-27 09:30:20,040 [pool-60-thread-1] INFO  server.RaftServerConfigKeys (ConfUtils.java:logGet(43)) - raft.server.leader.election.timeout = 120s (custom)
2019-08-27 09:30:20,040 [pool-49-thread-1] INFO  server.RaftServerConfigKeys (ConfUtils.java:logGet(43)) - raft.server.leader.election.timeout = 120s (custom)
2019-08-27 09:30:20,041 [pool-60-thread-1] INFO  server.RaftServerConfigKeys (ConfUtils.java:logGet(43)) - raft.server.log.use.memory = false (default)
2019-08-27 09:30:20,040 [pool-27-thread-1] INFO  server.RaftServerConfigKeys (ConfUtils.java:logGet(43)) - raft.server.leader.election.timeout = 120s (custom)
2019-08-27 09:30:20,041 [pool-60-thread-1] INFO  server.RaftServerConfigKeys (ConfUtils.java:logGet(43)) - raft.server.log.purge.gap = 1000000 (custom)
2019-08-27 09:30:20,041 [pool-49-thread-1] INFO  server.RaftServerConfigKeys (ConfUtils.java:logGet(43)) - raft.server.log.use.memory = false (default)
2019-08-27 09:30:20,041 [pool-60-thread-1] INFO  server.RaftServerConfigKeys (ConfUtils.java:logGet(43)) - raft.server.log.appender.buffer.byte-limit = 33554432 (custom)
2019-08-27 09:30:20,041 [pool-27-thread-1] INFO  server.RaftServerConfigKeys (ConfUtils.java:logGet(43)) - raft.server.log.use.memory = false (default)
2019-08-27 09:30:20,042 [pool-60-thread-1] INFO  server.RaftServerConfigKeys (ConfUtils.java:logGet(43)) - raft.server.log.segment.size.max = 1048576 (custom)
2019-08-27 09:30:20,041 [pool-49-thread-1] INFO  server.RaftServerConfigKeys (ConfUtils.java:logGet(43)) - raft.server.log.purge.gap = 1000000 (custom)
2019-08-27 09:30:20,042 [pool-60-thread-1] INFO  server.RaftServerConfigKeys (ConfUtils.java:logGet(43)) - raft.server.log.segment.cache.num.max = 2 (custom)
2019-08-27 09:30:20,042 [pool-27-thread-1] INFO  server.RaftServerConfigKeys (ConfUtils.java:logGet(43)) - raft.server.log.purge.gap = 1000000 (custom)
2019-08-27 09:30:20,043 [pool-60-thread-1] INFO  segmented.SegmentedRaftLogWorker (SegmentedRaftLogWorker.java:<init>(172)) - new dc9c49c4-fcba-44d3-8e03-8b7afae22bc1-SegmentedRaftLogWorker:Storage Directory /workdir/hadoop-ozone/integration-test/target/test-dir/MiniOzoneClusterImpl-e06e3fd2-9840-4528-8a25-31a0cd6e3a97/datanode-3/data/ratis/aeb21a99-9e0f-465d-9294-c8fad5c087bc for RaftStorage:Storage Directory /workdir/hadoop-ozone/integration-test/target/test-dir/MiniOzoneClusterImpl-e06e3fd2-9840-4528-8a25-31a0cd6e3a97/datanode-3/data/ratis/aeb21a99-9e0f-465d-9294-c8fad5c087bc
2019-08-27 09:30:20,042 [pool-49-thread-1] INFO  server.RaftServerConfigKeys (ConfUtils.java:logGet(43)) - raft.server.log.appender.buffer.byte-limit = 33554432 (custom)
2019-08-27 09:30:20,043 [pool-60-thread-1] INFO  server.RaftServerConfigKeys (ConfUtils.java:logGet(43)) - raft.server.log.queue.byte-limit = 2147483647 (custom)
2019-08-27 09:30:20,043 [pool-27-thread-1] INFO  server.RaftServerConfigKeys (ConfUtils.java:logGet(43)) - raft.server.log.appender.buffer.byte-limit = 33554432 (custom)
2019-08-27 09:30:20,046 [pool-60-thread-1] INFO  server.RaftServerConfigKeys (ConfUtils.java:logGet(43)) - raft.server.log.queue.element-limit = 1024 (custom)
2019-08-27 09:30:20,045 [pool-49-thread-1] INFO  server.RaftServerConfigKeys (ConfUtils.java:logGet(43)) - raft.server.log.segment.size.max = 1048576 (custom)
2019-08-27 09:30:20,046 [pool-60-thread-1] INFO  server.RaftServerConfigKeys (ConfUtils.java:logGet(43)) - raft.server.log.segment.size.max = 1048576 (custom)
2019-08-27 09:30:20,046 [pool-27-thread-1] INFO  server.RaftServerConfigKeys (ConfUtils.java:logGet(43)) - raft.server.log.segment.size.max = 1048576 (custom)
2019-08-27 09:30:20,049 [pool-60-thread-1] INFO  server.RaftServerConfigKeys (ConfUtils.java:logGet(43)) - raft.server.log.preallocated.size = 16384 (custom)
2019-08-27 09:30:20,049 [72c22e3c-3c05-4243-bffb-0059d6f14df8:group-9CDE8B4A3DB1:LeaderElection1] INFO  server.RaftServerConfigKeys (ConfUtils.java:logGet(43)) - raft.server.staging.catchup.gap = 1000 (default)
2019-08-27 09:30:20,049 [dc9c49c4-fcba-44d3-8e03-8b7afae22bc1:group-018EF1DD7F91:LeaderElection2] INFO  server.RaftServerConfigKeys (ConfUtils.java:logGet(43)) - raft.server.staging.catchup.gap = 1000 (default)
2019-08-27 09:30:20,049 [c0e57bb0-c773-45c8-8651-a8a13fee848f:group-2ED602CA9E2A:LeaderElection5] INFO  server.RaftServerConfigKeys (ConfUtils.java:logGet(43)) - raft.server.staging.catchup.gap = 1000 (default)
2019-08-27 09:30:20,048 [b87db874-79e1-4895-a6f5-a01095987c8b:group-0F42991698CD:LeaderElection4] INFO  server.RaftServerConfigKeys (ConfUtils.java:logGet(43)) - raft.server.staging.catchup.gap = 1000 (default)
2019-08-27 09:30:20,048 [d2df9428-4997-4acb-8edc-b870657dabff:group-C499C3509C89:LeaderElection3] INFO  server.RaftServerConfigKeys (ConfUtils.java:logGet(43)) - raft.server.staging.catchup.gap = 1000 (default)
2019-08-27 09:30:20,046 [pool-49-thread-1] INFO  server.RaftServerConfigKeys (ConfUtils.java:logGet(43)) - raft.server.log.segment.cache.num.max = 2 (custom)
2019-08-27 09:30:20,051 [d2df9428-4997-4acb-8edc-b870657dabff:group-C499C3509C89:LeaderElection3] INFO  server.RaftServerConfigKeys (ConfUtils.java:logGet(43)) - raft.server.rpc.sleep.time = 25ms (default)
2019-08-27 09:30:20,051 [b87db874-79e1-4895-a6f5-a01095987c8b:group-0F42991698CD:LeaderElection4] INFO  server.RaftServerConfigKeys (ConfUtils.java:logGet(43)) - raft.server.rpc.sleep.time = 25ms (default)
2019-08-27 09:30:20,050 [c0e57bb0-c773-45c8-8651-a8a13fee848f:group-2ED602CA9E2A:LeaderElection5] INFO  server.RaftServerConfigKeys (ConfUtils.java:logGet(43)) - raft.server.rpc.sleep.time = 25ms (default)
2019-08-27 09:30:20,050 [dc9c49c4-fcba-44d3-8e03-8b7afae22bc1:group-018EF1DD7F91:LeaderElection2] INFO  server.RaftServerConfigKeys (ConfUtils.java:logGet(43)) - raft.server.rpc.sleep.time = 25ms (default)
2019-08-27 09:30:20,050 [72c22e3c-3c05-4243-bffb-0059d6f14df8:group-9CDE8B4A3DB1:LeaderElection1] INFO  server.RaftServerConfigKeys (ConfUtils.java:logGet(43)) - raft.server.rpc.sleep.time = 25ms (default)
2019-08-27 09:30:20,050 [pool-60-thread-1] INFO  server.RaftServerConfigKeys (ConfUtils.java:logGet(43)) - raft.server.log.write.buffer.size = 33554432 (custom)
2019-08-27 09:30:20,050 [pool-27-thread-1] INFO  server.RaftServerConfigKeys (ConfUtils.java:logGet(43)) - raft.server.log.segment.cache.num.max = 2 (custom)
2019-08-27 09:30:20,052 [pool-60-thread-1] INFO  server.RaftServerConfigKeys (ConfUtils.java:logGet(43)) - raft.server.log.force.sync.num = 128 (default)
2019-08-27 09:30:20,051 [pool-49-thread-1] INFO  segmented.SegmentedRaftLogWorker (SegmentedRaftLogWorker.java:<init>(172)) - new d2df9428-4997-4acb-8edc-b870657dabff-SegmentedRaftLogWorker:Storage Directory /workdir/hadoop-ozone/integration-test/target/test-dir/MiniOzoneClusterImpl-e06e3fd2-9840-4528-8a25-31a0cd6e3a97/datanode-2/data/ratis/aeb21a99-9e0f-465d-9294-c8fad5c087bc for RaftStorage:Storage Directory /workdir/hadoop-ozone/integration-test/target/test-dir/MiniOzoneClusterImpl-e06e3fd2-9840-4528-8a25-31a0cd6e3a97/datanode-2/data/ratis/aeb21a99-9e0f-465d-9294-c8fad5c087bc
2019-08-27 09:30:20,053 [pool-60-thread-1] INFO  server.RaftServerConfigKeys (ConfUtils.java:logGet(43)) - raft.server.log.statemachine.data.sync = true (default)
2019-08-27 09:30:20,052 [pool-27-thread-1] INFO  segmented.SegmentedRaftLogWorker (SegmentedRaftLogWorker.java:<init>(172)) - new 72c22e3c-3c05-4243-bffb-0059d6f14df8-SegmentedRaftLogWorker:Storage Directory /workdir/hadoop-ozone/integration-test/target/test-dir/MiniOzoneClusterImpl-e06e3fd2-9840-4528-8a25-31a0cd6e3a97/datanode-0/data/ratis/aeb21a99-9e0f-465d-9294-c8fad5c087bc for RaftStorage:Storage Directory /workdir/hadoop-ozone/integration-test/target/test-dir/MiniOzoneClusterImpl-e06e3fd2-9840-4528-8a25-31a0cd6e3a97/datanode-0/data/ratis/aeb21a99-9e0f-465d-9294-c8fad5c087bc
2019-08-27 09:30:20,055 [pool-60-thread-1] INFO  server.RaftServerConfigKeys (ConfUtils.java:logGet(43)) - raft.server.log.statemachine.data.sync.timeout = 10s (default)
2019-08-27 09:30:20,053 [pool-49-thread-1] INFO  server.RaftServerConfigKeys (ConfUtils.java:logGet(43)) - raft.server.log.queue.byte-limit = 2147483647 (custom)
2019-08-27 09:30:20,055 [pool-60-thread-1] INFO  server.RaftServerConfigKeys (ConfUtils.java:logGet(43)) - raft.server.log.statemachine.data.sync.timeout.retry = -1 (default)
2019-08-27 09:30:20,055 [pool-27-thread-1] INFO  server.RaftServerConfigKeys (ConfUtils.java:logGet(43)) - raft.server.log.queue.byte-limit = 2147483647 (custom)
2019-08-27 09:30:20,057 [pool-60-thread-1] INFO  server.RaftServerConfigKeys (ConfUtils.java:logGet(43)) - raft.server.log.statemachine.data.caching.enabled = true (custom)
2019-08-27 09:30:20,056 [pool-49-thread-1] INFO  server.RaftServerConfigKeys (ConfUtils.java:logGet(43)) - raft.server.log.queue.element-limit = 1024 (custom)
2019-08-27 09:30:20,057 [pool-27-thread-1] INFO  server.RaftServerConfigKeys (ConfUtils.java:logGet(43)) - raft.server.log.queue.element-limit = 1024 (custom)
2019-08-27 09:30:20,057 [pool-60-thread-1] INFO  segmented.SegmentedRaftLogWorker (SegmentedRaftLogWorker.java:lambda$new$0(132)) - dc9c49c4-fcba-44d3-8e03-8b7afae22bc1-SegmentedRaftLogWorker:Storage Directory /workdir/hadoop-ozone/integration-test/target/test-dir/MiniOzoneClusterImpl-e06e3fd2-9840-4528-8a25-31a0cd6e3a97/datanode-3/data/ratis/aeb21a99-9e0f-465d-9294-c8fad5c087bc: flushIndex: setUnconditionally 0 -> -1
2019-08-27 09:30:20,058 [b87db874-79e1-4895-a6f5-a01095987c8b:group-0F42991698CD:LeaderElection4] INFO  server.RaftServerConfigKeys (ConfUtils.java:logGet(43)) - raft.server.write.element-limit = 4096 (default)
2019-08-27 09:30:20,058 [dc9c49c4-fcba-44d3-8e03-8b7afae22bc1:group-018EF1DD7F91:LeaderElection2] INFO  server.RaftServerConfigKeys (ConfUtils.java:logGet(43)) - raft.server.write.element-limit = 4096 (default)
2019-08-27 09:30:20,057 [pool-49-thread-1] INFO  server.RaftServerConfigKeys (ConfUtils.java:logGet(43)) - raft.server.log.segment.size.max = 1048576 (custom)
2019-08-27 09:30:20,058 [pool-60-thread-1] INFO  server.RaftServerConfigKeys (ConfUtils.java:logGet(43)) - raft.server.snapshot.auto.trigger.enabled = true (custom)
2019-08-27 09:30:20,058 [72c22e3c-3c05-4243-bffb-0059d6f14df8:group-9CDE8B4A3DB1:LeaderElection1] INFO  server.RaftServerConfigKeys (ConfUtils.java:logGet(43)) - raft.server.write.element-limit = 4096 (default)
2019-08-27 09:30:20,058 [d2df9428-4997-4acb-8edc-b870657dabff:group-C499C3509C89:LeaderElection3] INFO  server.RaftServerConfigKeys (ConfUtils.java:logGet(43)) - raft.server.write.element-limit = 4096 (default)
2019-08-27 09:30:20,058 [c0e57bb0-c773-45c8-8651-a8a13fee848f:group-2ED602CA9E2A:LeaderElection5] INFO  server.RaftServerConfigKeys (ConfUtils.java:logGet(43)) - raft.server.write.element-limit = 4096 (default)
2019-08-27 09:30:20,057 [pool-27-thread-1] INFO  server.RaftServerConfigKeys (ConfUtils.java:logGet(43)) - raft.server.log.segment.size.max = 1048576 (custom)
2019-08-27 09:30:20,058 [pool-60-thread-1] INFO  server.RaftServerConfigKeys (ConfUtils.java:logGet(43)) - raft.server.snapshot.auto.trigger.threshold = 10000 (custom)
2019-08-27 09:30:20,058 [pool-49-thread-1] INFO  server.RaftServerConfigKeys (ConfUtils.java:logGet(43)) - raft.server.log.preallocated.size = 16384 (custom)
2019-08-27 09:30:20,060 [pool-60-thread-1] INFO  server.RaftServerConfigKeys (ConfUtils.java:logGet(43)) - raft.server.retrycache.expirytime = 600000ms (custom)
2019-08-27 09:30:20,059 [pool-27-thread-1] INFO  server.RaftServerConfigKeys (ConfUtils.java:logGet(43)) - raft.server.log.preallocated.size = 16384 (custom)
2019-08-27 09:30:20,060 [pool-49-thread-1] INFO  server.RaftServerConfigKeys (ConfUtils.java:logGet(43)) - raft.server.log.write.buffer.size = 33554432 (custom)
2019-08-27 09:30:20,060 [pool-27-thread-1] INFO  server.RaftServerConfigKeys (ConfUtils.java:logGet(43)) - raft.server.log.write.buffer.size = 33554432 (custom)
2019-08-27 09:30:20,060 [pool-49-thread-1] INFO  server.RaftServerConfigKeys (ConfUtils.java:logGet(43)) - raft.server.log.force.sync.num = 128 (default)
2019-08-27 09:30:20,060 [pool-27-thread-1] INFO  server.RaftServerConfigKeys (ConfUtils.java:logGet(43)) - raft.server.log.force.sync.num = 128 (default)
2019-08-27 09:30:20,060 [pool-49-thread-1] INFO  server.RaftServerConfigKeys (ConfUtils.java:logGet(43)) - raft.server.log.statemachine.data.sync = true (default)
2019-08-27 09:30:20,061 [pool-27-thread-1] INFO  server.RaftServerConfigKeys (ConfUtils.java:logGet(43)) - raft.server.log.statemachine.data.sync = true (default)
2019-08-27 09:30:20,061 [pool-49-thread-1] INFO  server.RaftServerConfigKeys (ConfUtils.java:logGet(43)) - raft.server.log.statemachine.data.sync.timeout = 10s (default)
2019-08-27 09:30:20,061 [pool-27-thread-1] INFO  server.RaftServerConfigKeys (ConfUtils.java:logGet(43)) - raft.server.log.statemachine.data.sync.timeout = 10s (default)
2019-08-27 09:30:20,061 [pool-49-thread-1] INFO  server.RaftServerConfigKeys (ConfUtils.java:logGet(43)) - raft.server.log.statemachine.data.sync.timeout.retry = -1 (default)
2019-08-27 09:30:20,062 [d2df9428-4997-4acb-8edc-b870657dabff:group-C499C3509C89:LeaderElection3] INFO  server.RaftServerConfigKeys (ConfUtils.java:logGet(43)) - raft.server.watch.timeout = 10s (default)
2019-08-27 09:30:20,061 [72c22e3c-3c05-4243-bffb-0059d6f14df8:group-9CDE8B4A3DB1:LeaderElection1] INFO  server.RaftServerConfigKeys (ConfUtils.java:logGet(43)) - raft.server.watch.timeout = 10s (default)
2019-08-27 09:30:20,061 [c0e57bb0-c773-45c8-8651-a8a13fee848f:group-2ED602CA9E2A:LeaderElection5] INFO  server.RaftServerConfigKeys (ConfUtils.java:logGet(43)) - raft.server.watch.timeout = 10s (default)
2019-08-27 09:30:20,061 [b87db874-79e1-4895-a6f5-a01095987c8b:group-0F42991698CD:LeaderElection4] INFO  server.RaftServerConfigKeys (ConfUtils.java:logGet(43)) - raft.server.watch.timeout = 10s (default)
2019-08-27 09:30:20,061 [pool-27-thread-1] INFO  server.RaftServerConfigKeys (ConfUtils.java:logGet(43)) - raft.server.log.statemachine.data.sync.timeout.retry = -1 (default)
2019-08-27 09:30:20,062 [b87db874-79e1-4895-a6f5-a01095987c8b:group-0F42991698CD:LeaderElection4] INFO  server.RaftServerConfigKeys (ConfUtils.java:logGet(43)) - raft.server.watch.timeout.denomination = 1s (default)
2019-08-27 09:30:20,062 [c0e57bb0-c773-45c8-8651-a8a13fee848f:group-2ED602CA9E2A:LeaderElection5] INFO  server.RaftServerConfigKeys (ConfUtils.java:logGet(43)) - raft.server.watch.timeout.denomination = 1s (default)
2019-08-27 09:30:20,062 [72c22e3c-3c05-4243-bffb-0059d6f14df8:group-9CDE8B4A3DB1:LeaderElection1] INFO  server.RaftServerConfigKeys (ConfUtils.java:logGet(43)) - raft.server.watch.timeout.denomination = 1s (default)
2019-08-27 09:30:20,062 [d2df9428-4997-4acb-8edc-b870657dabff:group-C499C3509C89:LeaderElection3] INFO  server.RaftServerConfigKeys (ConfUtils.java:logGet(43)) - raft.server.watch.timeout.denomination = 1s (default)
2019-08-27 09:30:20,062 [pool-49-thread-1] INFO  server.RaftServerConfigKeys (ConfUtils.java:logGet(43)) - raft.server.log.statemachine.data.caching.enabled = true (custom)
2019-08-27 09:30:20,062 [dc9c49c4-fcba-44d3-8e03-8b7afae22bc1:group-018EF1DD7F91:LeaderElection2] INFO  server.RaftServerConfigKeys (ConfUtils.java:logGet(43)) - raft.server.watch.timeout = 10s (default)
2019-08-27 09:30:20,064 [pool-60-thread-1] INFO  impl.RaftServerImpl (RaftServerImpl.java:<init>(93)) - dc9c49c4-fcba-44d3-8e03-8b7afae22bc1: new RaftServerImpl for group-C900A224E225:[d2df9428-4997-4acb-8edc-b870657dabff:192.168.34.1:33819, dc9c49c4-fcba-44d3-8e03-8b7afae22bc1:192.168.34.1:33097, 72c22e3c-3c05-4243-bffb-0059d6f14df8:192.168.34.1:43192] with ContainerStateMachine:uninitialized
2019-08-27 09:30:20,063 [pool-27-thread-1] INFO  server.RaftServerConfigKeys (ConfUtils.java:logGet(43)) - raft.server.log.statemachine.data.caching.enabled = true (custom)
2019-08-27 09:30:20,064 [pool-60-thread-1] INFO  server.RaftServerConfigKeys (ConfUtils.java:logGet(43)) - raft.server.rpc.timeout.min = 5s (custom)
2019-08-27 09:30:20,064 [72c22e3c-3c05-4243-bffb-0059d6f14df8:group-9CDE8B4A3DB1:LeaderElection1] INFO  server.RaftServerConfigKeys (ConfUtils.java:logGet(43)) - raft.server.watch.element-limit = 65536 (default)
2019-08-27 09:30:20,064 [d2df9428-4997-4acb-8edc-b870657dabff:group-C499C3509C89:LeaderElection3] INFO  server.RaftServerConfigKeys (ConfUtils.java:logGet(43)) - raft.server.watch.element-limit = 65536 (default)
2019-08-27 09:30:20,064 [c0e57bb0-c773-45c8-8651-a8a13fee848f:group-2ED602CA9E2A:LeaderElection5] INFO  server.RaftServerConfigKeys (ConfUtils.java:logGet(43)) - raft.server.watch.element-limit = 65536 (default)
2019-08-27 09:30:20,064 [b87db874-79e1-4895-a6f5-a01095987c8b:group-0F42991698CD:LeaderElection4] INFO  server.RaftServerConfigKeys (ConfUtils.java:logGet(43)) - raft.server.watch.element-limit = 65536 (default)
2019-08-27 09:30:20,064 [pool-49-thread-1] INFO  segmented.SegmentedRaftLogWorker (SegmentedRaftLogWorker.java:lambda$new$0(132)) - d2df9428-4997-4acb-8edc-b870657dabff-SegmentedRaftLogWorker:Storage Directory /workdir/hadoop-ozone/integration-test/target/test-dir/MiniOzoneClusterImpl-e06e3fd2-9840-4528-8a25-31a0cd6e3a97/datanode-2/data/ratis/aeb21a99-9e0f-465d-9294-c8fad5c087bc: flushIndex: setUnconditionally 0 -> -1
2019-08-27 09:30:20,064 [dc9c49c4-fcba-44d3-8e03-8b7afae22bc1:group-018EF1DD7F91:LeaderElection2] INFO  server.RaftServerConfigKeys (ConfUtils.java:logGet(43)) - raft.server.watch.timeout.denomination = 1s (default)
2019-08-27 09:30:20,064 [pool-27-thread-1] INFO  segmented.SegmentedRaftLogWorker (SegmentedRaftLogWorker.java:lambda$new$0(132)) - 72c22e3c-3c05-4243-bffb-0059d6f14df8-SegmentedRaftLogWorker:Storage Directory /workdir/hadoop-ozone/integration-test/target/test-dir/MiniOzoneClusterImpl-e06e3fd2-9840-4528-8a25-31a0cd6e3a97/datanode-0/data/ratis/aeb21a99-9e0f-465d-9294-c8fad5c087bc: flushIndex: setUnconditionally 0 -> -1
2019-08-27 09:30:20,064 [pool-60-thread-1] INFO  server.RaftServerConfigKeys (ConfUtils.java:logGet(43)) - raft.server.rpc.timeout.max = 5200ms (custom)
2019-08-27 09:30:20,065 [dc9c49c4-fcba-44d3-8e03-8b7afae22bc1:group-018EF1DD7F91:LeaderElection2] INFO  server.RaftServerConfigKeys (ConfUtils.java:logGet(43)) - raft.server.watch.element-limit = 65536 (default)
2019-08-27 09:30:20,065 [pool-49-thread-1] INFO  server.RaftServerConfigKeys (ConfUtils.java:logGet(43)) - raft.server.snapshot.auto.trigger.enabled = true (custom)
2019-08-27 09:30:20,066 [pool-27-thread-1] INFO  server.RaftServerConfigKeys (ConfUtils.java:logGet(43)) - raft.server.snapshot.auto.trigger.enabled = true (custom)
2019-08-27 09:30:20,066 [pool-60-thread-1] INFO  server.RaftServerConfigKeys (ConfUtils.java:logGet(43)) - raft.server.rpcslowness.timeout = 120s (custom)
2019-08-27 09:30:20,066 [pool-27-thread-1] INFO  server.RaftServerConfigKeys (ConfUtils.java:logGet(43)) - raft.server.snapshot.auto.trigger.threshold = 10000 (custom)
2019-08-27 09:30:20,066 [pool-49-thread-1] INFO  server.RaftServerConfigKeys (ConfUtils.java:logGet(43)) - raft.server.snapshot.auto.trigger.threshold = 10000 (custom)
2019-08-27 09:30:20,067 [pool-27-thread-1] INFO  server.RaftServerConfigKeys (ConfUtils.java:logGet(43)) - raft.server.retrycache.expirytime = 600000ms (custom)
2019-08-27 09:30:20,067 [pool-49-thread-1] INFO  server.RaftServerConfigKeys (ConfUtils.java:logGet(43)) - raft.server.retrycache.expirytime = 600000ms (custom)
2019-08-27 09:30:20,066 [pool-60-thread-1] INFO  server.RaftServerConfigKeys (ConfUtils.java:logGet(43)) - raft.server.sleep.deviation.threshold = 300 (default)
2019-08-27 09:30:20,067 [pool-60-thread-1] INFO  server.RaftServerConfigKeys (ConfUtils.java:logGet(43)) - raft.server.log.appender.install.snapshot.enabled = false (custom)
2019-08-27 09:30:20,067 [pool-60-thread-1] INFO  impl.RaftServerImpl (ServerState.java:<init>(105)) - dc9c49c4-fcba-44d3-8e03-8b7afae22bc1:group-C900A224E225 ConfigurationManager, init=-1: [d2df9428-4997-4acb-8edc-b870657dabff:192.168.34.1:33819, dc9c49c4-fcba-44d3-8e03-8b7afae22bc1:192.168.34.1:33097, 72c22e3c-3c05-4243-bffb-0059d6f14df8:192.168.34.1:43192], old=null, confs=<EMPTY_MAP>
2019-08-27 09:30:20,068 [pool-60-thread-1] INFO  server.RaftServerConfigKeys (ConfUtils.java:logGet(43)) - raft.server.storage.dir = [/workdir/hadoop-ozone/integration-test/target/test-dir/MiniOzoneClusterImpl-e06e3fd2-9840-4528-8a25-31a0cd6e3a97/datanode-3/data/ratis] (custom)
2019-08-27 09:30:20,068 [pool-60-thread-1] INFO  storage.RaftStorageDirectory (RaftStorageDirectory.java:analyzeStorage(246)) - The storage directory /workdir/hadoop-ozone/integration-test/target/test-dir/MiniOzoneClusterImpl-e06e3fd2-9840-4528-8a25-31a0cd6e3a97/datanode-3/data/ratis/47a72fc0-6ae4-4d63-a978-c900a224e225 does not exist. Creating ...
2019-08-27 09:30:20,069 [pool-27-thread-1] INFO  impl.RaftServerImpl (RaftServerImpl.java:<init>(93)) - 72c22e3c-3c05-4243-bffb-0059d6f14df8: new RaftServerImpl for group-C900A224E225:[d2df9428-4997-4acb-8edc-b870657dabff:192.168.34.1:33819, dc9c49c4-fcba-44d3-8e03-8b7afae22bc1:192.168.34.1:33097, 72c22e3c-3c05-4243-bffb-0059d6f14df8:192.168.34.1:43192] with ContainerStateMachine:uninitialized
2019-08-27 09:30:20,069 [pool-27-thread-1] INFO  server.RaftServerConfigKeys (ConfUtils.java:logGet(43)) - raft.server.rpc.timeout.min = 5s (custom)
2019-08-27 09:30:20,071 [pool-27-thread-1] INFO  server.RaftServerConfigKeys (ConfUtils.java:logGet(43)) - raft.server.rpc.timeout.max = 5200ms (custom)
2019-08-27 09:30:20,071 [pool-27-thread-1] INFO  server.RaftServerConfigKeys (ConfUtils.java:logGet(43)) - raft.server.rpcslowness.timeout = 120s (custom)
2019-08-27 09:30:20,071 [pool-27-thread-1] INFO  server.RaftServerConfigKeys (ConfUtils.java:logGet(43)) - raft.server.sleep.deviation.threshold = 300 (default)
2019-08-27 09:30:20,071 [pool-27-thread-1] INFO  server.RaftServerConfigKeys (ConfUtils.java:logGet(43)) - raft.server.log.appender.install.snapshot.enabled = false (custom)
2019-08-27 09:30:20,071 [pool-27-thread-1] INFO  impl.RaftServerImpl (ServerState.java:<init>(105)) - 72c22e3c-3c05-4243-bffb-0059d6f14df8:group-C900A224E225 ConfigurationManager, init=-1: [d2df9428-4997-4acb-8edc-b870657dabff:192.168.34.1:33819, dc9c49c4-fcba-44d3-8e03-8b7afae22bc1:192.168.34.1:33097, 72c22e3c-3c05-4243-bffb-0059d6f14df8:192.168.34.1:43192], old=null, confs=<EMPTY_MAP>
2019-08-27 09:30:20,072 [pool-49-thread-1] INFO  impl.RaftServerImpl (RaftServerImpl.java:<init>(93)) - d2df9428-4997-4acb-8edc-b870657dabff: new RaftServerImpl for group-C900A224E225:[d2df9428-4997-4acb-8edc-b870657dabff:192.168.34.1:33819, dc9c49c4-fcba-44d3-8e03-8b7afae22bc1:192.168.34.1:33097, 72c22e3c-3c05-4243-bffb-0059d6f14df8:192.168.34.1:43192] with ContainerStateMachine:uninitialized
2019-08-27 09:30:20,072 [pool-27-thread-1] INFO  server.RaftServerConfigKeys (ConfUtils.java:logGet(43)) - raft.server.storage.dir = [/workdir/hadoop-ozone/integration-test/target/test-dir/MiniOzoneClusterImpl-e06e3fd2-9840-4528-8a25-31a0cd6e3a97/datanode-0/data/ratis] (custom)
2019-08-27 09:30:20,072 [pool-49-thread-1] INFO  server.RaftServerConfigKeys (ConfUtils.java:logGet(43)) - raft.server.rpc.timeout.min = 5s (custom)
2019-08-27 09:30:20,072 [pool-49-thread-1] INFO  server.RaftServerConfigKeys (ConfUtils.java:logGet(43)) - raft.server.rpc.timeout.max = 5200ms (custom)
2019-08-27 09:30:20,072 [pool-27-thread-1] INFO  storage.RaftStorageDirectory (RaftStorageDirectory.java:analyzeStorage(246)) - The storage directory /workdir/hadoop-ozone/integration-test/target/test-dir/MiniOzoneClusterImpl-e06e3fd2-9840-4528-8a25-31a0cd6e3a97/datanode-0/data/ratis/47a72fc0-6ae4-4d63-a978-c900a224e225 does not exist. Creating ...
2019-08-27 09:30:20,072 [pool-60-thread-1] INFO  storage.RaftStorageDirectory (RaftStorageDirectory.java:tryLock(328)) - Lock on /workdir/hadoop-ozone/integration-test/target/test-dir/MiniOzoneClusterImpl-e06e3fd2-9840-4528-8a25-31a0cd6e3a97/datanode-3/data/ratis/47a72fc0-6ae4-4d63-a978-c900a224e225/in_use.lock acquired by nodename 11862@trunk-nightly-adhoc-20190827-ds46k-2366760622
2019-08-27 09:30:20,072 [pool-49-thread-1] INFO  server.RaftServerConfigKeys (ConfUtils.java:logGet(43)) - raft.server.rpcslowness.timeout = 120s (custom)
2019-08-27 09:30:20,073 [pool-49-thread-1] INFO  server.RaftServerConfigKeys (ConfUtils.java:logGet(43)) - raft.server.sleep.deviation.threshold = 300 (default)
2019-08-27 09:30:20,074 [pool-49-thread-1] INFO  server.RaftServerConfigKeys (ConfUtils.java:logGet(43)) - raft.server.log.appender.install.snapshot.enabled = false (custom)
2019-08-27 09:30:20,074 [pool-49-thread-1] INFO  impl.RaftServerImpl (ServerState.java:<init>(105)) - d2df9428-4997-4acb-8edc-b870657dabff:group-C900A224E225 ConfigurationManager, init=-1: [d2df9428-4997-4acb-8edc-b870657dabff:192.168.34.1:33819, dc9c49c4-fcba-44d3-8e03-8b7afae22bc1:192.168.34.1:33097, 72c22e3c-3c05-4243-bffb-0059d6f14df8:192.168.34.1:43192], old=null, confs=<EMPTY_MAP>
2019-08-27 09:30:20,074 [pool-49-thread-1] INFO  server.RaftServerConfigKeys (ConfUtils.java:logGet(43)) - raft.server.storage.dir = [/workdir/hadoop-ozone/integration-test/target/test-dir/MiniOzoneClusterImpl-e06e3fd2-9840-4528-8a25-31a0cd6e3a97/datanode-2/data/ratis] (custom)
2019-08-27 09:30:20,076 [pool-27-thread-1] INFO  storage.RaftStorageDirectory (RaftStorageDirectory.java:tryLock(328)) - Lock on /workdir/hadoop-ozone/integration-test/target/test-dir/MiniOzoneClusterImpl-e06e3fd2-9840-4528-8a25-31a0cd6e3a97/datanode-0/data/ratis/47a72fc0-6ae4-4d63-a978-c900a224e225/in_use.lock acquired by nodename 11862@trunk-nightly-adhoc-20190827-ds46k-2366760622
2019-08-27 09:30:20,076 [pool-49-thread-1] INFO  storage.RaftStorageDirectory (RaftStorageDirectory.java:analyzeStorage(246)) - The storage directory /workdir/hadoop-ozone/integration-test/target/test-dir/MiniOzoneClusterImpl-e06e3fd2-9840-4528-8a25-31a0cd6e3a97/datanode-2/data/ratis/47a72fc0-6ae4-4d63-a978-c900a224e225 does not exist. Creating ...
2019-08-27 09:30:20,082 [b87db874-79e1-4895-a6f5-a01095987c8b:group-0F42991698CD:LeaderElection4] INFO  impl.RoleInfo (RoleInfo.java:updateAndGet(143)) - b87db874-79e1-4895-a6f5-a01095987c8b: start LeaderState
2019-08-27 09:30:20,082 [dc9c49c4-fcba-44d3-8e03-8b7afae22bc1:group-018EF1DD7F91:LeaderElection2] INFO  impl.RoleInfo (RoleInfo.java:updateAndGet(143)) - dc9c49c4-fcba-44d3-8e03-8b7afae22bc1: start LeaderState
2019-08-27 09:30:20,082 [c0e57bb0-c773-45c8-8651-a8a13fee848f:group-2ED602CA9E2A:LeaderElection5] INFO  impl.RoleInfo (RoleInfo.java:updateAndGet(143)) - c0e57bb0-c773-45c8-8651-a8a13fee848f: start LeaderState
2019-08-27 09:30:20,082 [d2df9428-4997-4acb-8edc-b870657dabff:group-C499C3509C89:LeaderElection3] INFO  impl.RoleInfo (RoleInfo.java:updateAndGet(143)) - d2df9428-4997-4acb-8edc-b870657dabff: start LeaderState
2019-08-27 09:30:20,082 [72c22e3c-3c05-4243-bffb-0059d6f14df8:group-9CDE8B4A3DB1:LeaderElection1] INFO  impl.RoleInfo (RoleInfo.java:updateAndGet(143)) - 72c22e3c-3c05-4243-bffb-0059d6f14df8: start LeaderState
2019-08-27 09:30:20,095 [pool-49-thread-1] INFO  storage.RaftStorageDirectory (RaftStorageDirectory.java:tryLock(328)) - Lock on /workdir/hadoop-ozone/integration-test/target/test-dir/MiniOzoneClusterImpl-e06e3fd2-9840-4528-8a25-31a0cd6e3a97/datanode-2/data/ratis/47a72fc0-6ae4-4d63-a978-c900a224e225/in_use.lock acquired by nodename 11862@trunk-nightly-adhoc-20190827-ds46k-2366760622
2019-08-27 09:30:20,095 [pool-27-thread-1] INFO  storage.RaftStorage (RaftStorage.java:format(72)) - Storage directory /workdir/hadoop-ozone/integration-test/target/test-dir/MiniOzoneClusterImpl-e06e3fd2-9840-4528-8a25-31a0cd6e3a97/datanode-0/data/ratis/47a72fc0-6ae4-4d63-a978-c900a224e225 has been successfully formatted.
2019-08-27 09:30:20,095 [pool-60-thread-1] INFO  storage.RaftStorage (RaftStorage.java:format(72)) - Storage directory /workdir/hadoop-ozone/integration-test/target/test-dir/MiniOzoneClusterImpl-e06e3fd2-9840-4528-8a25-31a0cd6e3a97/datanode-3/data/ratis/47a72fc0-6ae4-4d63-a978-c900a224e225 has been successfully formatted.
2019-08-27 09:30:20,096 [pool-27-thread-1] INFO  ratis.ContainerStateMachine (ContainerStateMachine.java:loadSnapshot(226)) - group-C900A224E225: The snapshot info is null. Setting the last applied indexto:(t:0, i:~)
2019-08-27 09:30:20,096 [pool-60-thread-1] INFO  ratis.ContainerStateMachine (ContainerStateMachine.java:loadSnapshot(226)) - group-C900A224E225: The snapshot info is null. Setting the last applied indexto:(t:0, i:~)
2019-08-27 09:30:20,096 [pool-27-thread-1] INFO  server.RaftServerConfigKeys (ConfUtils.java:logGet(43)) - raft.server.leader.election.timeout = 120s (custom)
2019-08-27 09:30:20,096 [pool-60-thread-1] INFO  server.RaftServerConfigKeys (ConfUtils.java:logGet(43)) - raft.server.leader.election.timeout = 120s (custom)
2019-08-27 09:30:20,097 [pool-27-thread-1] INFO  server.RaftServerConfigKeys (ConfUtils.java:logGet(43)) - raft.server.log.use.memory = false (default)
2019-08-27 09:30:20,097 [pool-60-thread-1] INFO  server.RaftServerConfigKeys (ConfUtils.java:logGet(43)) - raft.server.log.use.memory = false (default)
2019-08-27 09:30:20,097 [pool-27-thread-1] INFO  server.RaftServerConfigKeys (ConfUtils.java:logGet(43)) - raft.server.log.purge.gap = 1000000 (custom)
2019-08-27 09:30:20,097 [pool-60-thread-1] INFO  server.RaftServerConfigKeys (ConfUtils.java:logGet(43)) - raft.server.log.purge.gap = 1000000 (custom)
2019-08-27 09:30:20,097 [pool-27-thread-1] INFO  server.RaftServerConfigKeys (ConfUtils.java:logGet(43)) - raft.server.log.appender.buffer.byte-limit = 33554432 (custom)
2019-08-27 09:30:20,097 [pool-60-thread-1] INFO  server.RaftServerConfigKeys (ConfUtils.java:logGet(43)) - raft.server.log.appender.buffer.byte-limit = 33554432 (custom)
2019-08-27 09:30:20,097 [pool-27-thread-1] INFO  server.RaftServerConfigKeys (ConfUtils.java:logGet(43)) - raft.server.log.segment.size.max = 1048576 (custom)
2019-08-27 09:30:20,098 [pool-60-thread-1] INFO  server.RaftServerConfigKeys (ConfUtils.java:logGet(43)) - raft.server.log.segment.size.max = 1048576 (custom)
2019-08-27 09:30:20,098 [pool-27-thread-1] INFO  server.RaftServerConfigKeys (ConfUtils.java:logGet(43)) - raft.server.log.segment.cache.num.max = 2 (custom)
2019-08-27 09:30:20,098 [pool-60-thread-1] INFO  server.RaftServerConfigKeys (ConfUtils.java:logGet(43)) - raft.server.log.segment.cache.num.max = 2 (custom)
2019-08-27 09:30:20,098 [pool-27-thread-1] INFO  segmented.SegmentedRaftLogWorker (SegmentedRaftLogWorker.java:<init>(172)) - new 72c22e3c-3c05-4243-bffb-0059d6f14df8-SegmentedRaftLogWorker:Storage Directory /workdir/hadoop-ozone/integration-test/target/test-dir/MiniOzoneClusterImpl-e06e3fd2-9840-4528-8a25-31a0cd6e3a97/datanode-0/data/ratis/47a72fc0-6ae4-4d63-a978-c900a224e225 for RaftStorage:Storage Directory /workdir/hadoop-ozone/integration-test/target/test-dir/MiniOzoneClusterImpl-e06e3fd2-9840-4528-8a25-31a0cd6e3a97/datanode-0/data/ratis/47a72fc0-6ae4-4d63-a978-c900a224e225
2019-08-27 09:30:20,098 [pool-60-thread-1] INFO  segmented.SegmentedRaftLogWorker (SegmentedRaftLogWorker.java:<init>(172)) - new dc9c49c4-fcba-44d3-8e03-8b7afae22bc1-SegmentedRaftLogWorker:Storage Directory /workdir/hadoop-ozone/integration-test/target/test-dir/MiniOzoneClusterImpl-e06e3fd2-9840-4528-8a25-31a0cd6e3a97/datanode-3/data/ratis/47a72fc0-6ae4-4d63-a978-c900a224e225 for RaftStorage:Storage Directory /workdir/hadoop-ozone/integration-test/target/test-dir/MiniOzoneClusterImpl-e06e3fd2-9840-4528-8a25-31a0cd6e3a97/datanode-3/data/ratis/47a72fc0-6ae4-4d63-a978-c900a224e225
2019-08-27 09:30:20,098 [pool-27-thread-1] INFO  server.RaftServerConfigKeys (ConfUtils.java:logGet(43)) - raft.server.log.queue.byte-limit = 2147483647 (custom)
2019-08-27 09:30:20,099 [pool-60-thread-1] INFO  server.RaftServerConfigKeys (ConfUtils.java:logGet(43)) - raft.server.log.queue.byte-limit = 2147483647 (custom)
2019-08-27 09:30:20,101 [pool-27-thread-1] INFO  server.RaftServerConfigKeys (ConfUtils.java:logGet(43)) - raft.server.log.queue.element-limit = 1024 (custom)
2019-08-27 09:30:20,101 [pool-60-thread-1] INFO  server.RaftServerConfigKeys (ConfUtils.java:logGet(43)) - raft.server.log.queue.element-limit = 1024 (custom)
2019-08-27 09:30:20,102 [pool-27-thread-1] INFO  server.RaftServerConfigKeys (ConfUtils.java:logGet(43)) - raft.server.log.segment.size.max = 1048576 (custom)
2019-08-27 09:30:20,102 [pool-60-thread-1] INFO  server.RaftServerConfigKeys (ConfUtils.java:logGet(43)) - raft.server.log.segment.size.max = 1048576 (custom)
2019-08-27 09:30:20,102 [pool-27-thread-1] INFO  server.RaftServerConfigKeys (ConfUtils.java:logGet(43)) - raft.server.log.preallocated.size = 16384 (custom)
2019-08-27 09:30:20,102 [pool-60-thread-1] INFO  server.RaftServerConfigKeys (ConfUtils.java:logGet(43)) - raft.server.log.preallocated.size = 16384 (custom)
2019-08-27 09:30:20,102 [pool-27-thread-1] INFO  server.RaftServerConfigKeys (ConfUtils.java:logGet(43)) - raft.server.log.write.buffer.size = 33554432 (custom)
2019-08-27 09:30:20,102 [pool-60-thread-1] INFO  server.RaftServerConfigKeys (ConfUtils.java:logGet(43)) - raft.server.log.write.buffer.size = 33554432 (custom)
2019-08-27 09:30:20,102 [pool-27-thread-1] INFO  server.RaftServerConfigKeys (ConfUtils.java:logGet(43)) - raft.server.log.force.sync.num = 128 (default)
2019-08-27 09:30:20,103 [pool-60-thread-1] INFO  server.RaftServerConfigKeys (ConfUtils.java:logGet(43)) - raft.server.log.force.sync.num = 128 (default)
2019-08-27 09:30:20,103 [pool-27-thread-1] INFO  server.RaftServerConfigKeys (ConfUtils.java:logGet(43)) - raft.server.log.statemachine.data.sync = true (default)
2019-08-27 09:30:20,103 [pool-60-thread-1] INFO  server.RaftServerConfigKeys (ConfUtils.java:logGet(43)) - raft.server.log.statemachine.data.sync = true (default)
2019-08-27 09:30:20,103 [pool-27-thread-1] INFO  server.RaftServerConfigKeys (ConfUtils.java:logGet(43)) - raft.server.log.statemachine.data.sync.timeout = 10s (default)
2019-08-27 09:30:20,103 [pool-60-thread-1] INFO  server.RaftServerConfigKeys (ConfUtils.java:logGet(43)) - raft.server.log.statemachine.data.sync.timeout = 10s (default)
2019-08-27 09:30:20,103 [pool-27-thread-1] INFO  server.RaftServerConfigKeys (ConfUtils.java:logGet(43)) - raft.server.log.statemachine.data.sync.timeout.retry = -1 (default)
2019-08-27 09:30:20,104 [pool-60-thread-1] INFO  server.RaftServerConfigKeys (ConfUtils.java:logGet(43)) - raft.server.log.statemachine.data.sync.timeout.retry = -1 (default)
2019-08-27 09:30:20,104 [pool-27-thread-1] INFO  server.RaftServerConfigKeys (ConfUtils.java:logGet(43)) - raft.server.log.statemachine.data.caching.enabled = true (custom)
2019-08-27 09:30:20,104 [pool-60-thread-1] INFO  server.RaftServerConfigKeys (ConfUtils.java:logGet(43)) - raft.server.log.statemachine.data.caching.enabled = true (custom)
2019-08-27 09:30:20,104 [pool-27-thread-1] INFO  segmented.SegmentedRaftLogWorker (SegmentedRaftLogWorker.java:lambda$new$0(132)) - 72c22e3c-3c05-4243-bffb-0059d6f14df8-SegmentedRaftLogWorker:Storage Directory /workdir/hadoop-ozone/integration-test/target/test-dir/MiniOzoneClusterImpl-e06e3fd2-9840-4528-8a25-31a0cd6e3a97/datanode-0/data/ratis/47a72fc0-6ae4-4d63-a978-c900a224e225: flushIndex: setUnconditionally 0 -> -1
2019-08-27 09:30:20,104 [pool-60-thread-1] INFO  segmented.SegmentedRaftLogWorker (SegmentedRaftLogWorker.java:lambda$new$0(132)) - dc9c49c4-fcba-44d3-8e03-8b7afae22bc1-SegmentedRaftLogWorker:Storage Directory /workdir/hadoop-ozone/integration-test/target/test-dir/MiniOzoneClusterImpl-e06e3fd2-9840-4528-8a25-31a0cd6e3a97/datanode-3/data/ratis/47a72fc0-6ae4-4d63-a978-c900a224e225: flushIndex: setUnconditionally 0 -> -1
2019-08-27 09:30:20,105 [pool-27-thread-1] INFO  server.RaftServerConfigKeys (ConfUtils.java:logGet(43)) - raft.server.snapshot.auto.trigger.enabled = true (custom)
2019-08-27 09:30:20,105 [pool-60-thread-1] INFO  server.RaftServerConfigKeys (ConfUtils.java:logGet(43)) - raft.server.snapshot.auto.trigger.enabled = true (custom)
2019-08-27 09:30:20,105 [pool-27-thread-1] INFO  server.RaftServerConfigKeys (ConfUtils.java:logGet(43)) - raft.server.snapshot.auto.trigger.threshold = 10000 (custom)
2019-08-27 09:30:20,105 [pool-60-thread-1] INFO  server.RaftServerConfigKeys (ConfUtils.java:logGet(43)) - raft.server.snapshot.auto.trigger.threshold = 10000 (custom)
2019-08-27 09:30:20,105 [pool-27-thread-1] INFO  server.RaftServerConfigKeys (ConfUtils.java:logGet(43)) - raft.server.retrycache.expirytime = 600000ms (custom)
2019-08-27 09:30:20,105 [pool-60-thread-1] INFO  server.RaftServerConfigKeys (ConfUtils.java:logGet(43)) - raft.server.retrycache.expirytime = 600000ms (custom)
2019-08-27 09:30:20,110 [pool-60-thread-1] INFO  impl.RaftServerImpl (RaftServerImpl.java:<init>(93)) - dc9c49c4-fcba-44d3-8e03-8b7afae22bc1: new RaftServerImpl for group-452BC1B4A176:[d2df9428-4997-4acb-8edc-b870657dabff:192.168.34.1:33819, dc9c49c4-fcba-44d3-8e03-8b7afae22bc1:192.168.34.1:33097, 72c22e3c-3c05-4243-bffb-0059d6f14df8:192.168.34.1:43192] with ContainerStateMachine:uninitialized
2019-08-27 09:30:20,110 [pool-60-thread-1] INFO  server.RaftServerConfigKeys (ConfUtils.java:logGet(43)) - raft.server.rpc.timeout.min = 5s (custom)
2019-08-27 09:30:20,110 [pool-60-thread-1] INFO  server.RaftServerConfigKeys (ConfUtils.java:logGet(43)) - raft.server.rpc.timeout.max = 5200ms (custom)
2019-08-27 09:30:20,110 [pool-60-thread-1] INFO  server.RaftServerConfigKeys (ConfUtils.java:logGet(43)) - raft.server.rpcslowness.timeout = 120s (custom)
2019-08-27 09:30:20,110 [pool-60-thread-1] INFO  server.RaftServerConfigKeys (ConfUtils.java:logGet(43)) - raft.server.sleep.deviation.threshold = 300 (default)
2019-08-27 09:30:20,110 [pool-60-thread-1] INFO  server.RaftServerConfigKeys (ConfUtils.java:logGet(43)) - raft.server.log.appender.install.snapshot.enabled = false (custom)
2019-08-27 09:30:20,111 [pool-60-thread-1] INFO  impl.RaftServerImpl (ServerState.java:<init>(105)) - dc9c49c4-fcba-44d3-8e03-8b7afae22bc1:group-452BC1B4A176 ConfigurationManager, init=-1: [d2df9428-4997-4acb-8edc-b870657dabff:192.168.34.1:33819, dc9c49c4-fcba-44d3-8e03-8b7afae22bc1:192.168.34.1:33097, 72c22e3c-3c05-4243-bffb-0059d6f14df8:192.168.34.1:43192], old=null, confs=<EMPTY_MAP>
2019-08-27 09:30:20,111 [pool-27-thread-1] INFO  impl.RaftServerImpl (RaftServerImpl.java:<init>(93)) - 72c22e3c-3c05-4243-bffb-0059d6f14df8: new RaftServerImpl for group-452BC1B4A176:[d2df9428-4997-4acb-8edc-b870657dabff:192.168.34.1:33819, dc9c49c4-fcba-44d3-8e03-8b7afae22bc1:192.168.34.1:33097, 72c22e3c-3c05-4243-bffb-0059d6f14df8:192.168.34.1:43192] with ContainerStateMachine:uninitialized
2019-08-27 09:30:20,111 [pool-60-thread-1] INFO  server.RaftServerConfigKeys (ConfUtils.java:logGet(43)) - raft.server.storage.dir = [/workdir/hadoop-ozone/integration-test/target/test-dir/MiniOzoneClusterImpl-e06e3fd2-9840-4528-8a25-31a0cd6e3a97/datanode-3/data/ratis] (custom)
2019-08-27 09:30:20,111 [pool-27-thread-1] INFO  server.RaftServerConfigKeys (ConfUtils.java:logGet(43)) - raft.server.rpc.timeout.min = 5s (custom)
2019-08-27 09:30:20,111 [c0e57bb0-c773-45c8-8651-a8a13fee848f:group-2ED602CA9E2A:LeaderElection5] INFO  segmented.SegmentedRaftLogWorker (SegmentedRaftLogWorker.java:startLogSegment(380)) - c0e57bb0-c773-45c8-8651-a8a13fee848f-SegmentedRaftLogWorker:Storage Directory /workdir/hadoop-ozone/integration-test/target/test-dir/MiniOzoneClusterImpl-e06e3fd2-9840-4528-8a25-31a0cd6e3a97/datanode-1/data/ratis/f3f64925-70ee-4c35-9771-2ed602ca9e2a: Starting segment from index:0
2019-08-27 09:30:20,111 [72c22e3c-3c05-4243-bffb-0059d6f14df8:group-9CDE8B4A3DB1:LeaderElection1] INFO  segmented.SegmentedRaftLogWorker (SegmentedRaftLogWorker.java:startLogSegment(380)) - 72c22e3c-3c05-4243-bffb-0059d6f14df8-SegmentedRaftLogWorker:Storage Directory /workdir/hadoop-ozone/integration-test/target/test-dir/MiniOzoneClusterImpl-e06e3fd2-9840-4528-8a25-31a0cd6e3a97/datanode-0/data/ratis/153d3f26-9e42-4ac3-97d0-9cde8b4a3db1: Starting segment from index:0
2019-08-27 09:30:20,111 [d2df9428-4997-4acb-8edc-b870657dabff:group-C499C3509C89:LeaderElection3] INFO  segmented.SegmentedRaftLogWorker (SegmentedRaftLogWorker.java:startLogSegment(380)) - d2df9428-4997-4acb-8edc-b870657dabff-SegmentedRaftLogWorker:Storage Directory /workdir/hadoop-ozone/integration-test/target/test-dir/MiniOzoneClusterImpl-e06e3fd2-9840-4528-8a25-31a0cd6e3a97/datanode-2/data/ratis/859b250a-4063-4a68-91c6-c499c3509c89: Starting segment from index:0
2019-08-27 09:30:20,111 [b87db874-79e1-4895-a6f5-a01095987c8b:group-0F42991698CD:LeaderElection4] INFO  segmented.SegmentedRaftLogWorker (SegmentedRaftLogWorker.java:startLogSegment(380)) - b87db874-79e1-4895-a6f5-a01095987c8b-SegmentedRaftLogWorker:Storage Directory /workdir/hadoop-ozone/integration-test/target/test-dir/MiniOzoneClusterImpl-e06e3fd2-9840-4528-8a25-31a0cd6e3a97/datanode-4/data/ratis/9886d751-8bce-4af4-be1f-0f42991698cd: Starting segment from index:0
2019-08-27 09:30:20,111 [pool-27-thread-1] INFO  server.RaftServerConfigKeys (ConfUtils.java:logGet(43)) - raft.server.rpc.timeout.max = 5200ms (custom)
2019-08-27 09:30:20,111 [pool-60-thread-1] INFO  storage.RaftStorageDirectory (RaftStorageDirectory.java:analyzeStorage(246)) - The storage directory /workdir/hadoop-ozone/integration-test/target/test-dir/MiniOzoneClusterImpl-e06e3fd2-9840-4528-8a25-31a0cd6e3a97/datanode-3/data/ratis/b6e9af7f-d4b6-41f2-bd9f-452bc1b4a176 does not exist. Creating ...
2019-08-27 09:30:20,111 [dc9c49c4-fcba-44d3-8e03-8b7afae22bc1:group-018EF1DD7F91:LeaderElection2] INFO  segmented.SegmentedRaftLogWorker (SegmentedRaftLogWorker.java:startLogSegment(380)) - dc9c49c4-fcba-44d3-8e03-8b7afae22bc1-SegmentedRaftLogWorker:Storage Directory /workdir/hadoop-ozone/integration-test/target/test-dir/MiniOzoneClusterImpl-e06e3fd2-9840-4528-8a25-31a0cd6e3a97/datanode-3/data/ratis/b35a3fa0-0821-4cd2-9c45-018ef1dd7f91: Starting segment from index:0
2019-08-27 09:30:20,112 [pool-27-thread-1] INFO  server.RaftServerConfigKeys (ConfUtils.java:logGet(43)) - raft.server.rpcslowness.timeout = 120s (custom)
2019-08-27 09:30:20,113 [pool-27-thread-1] INFO  server.RaftServerConfigKeys (ConfUtils.java:logGet(43)) - raft.server.sleep.deviation.threshold = 300 (default)
2019-08-27 09:30:20,113 [pool-27-thread-1] INFO  server.RaftServerConfigKeys (ConfUtils.java:logGet(43)) - raft.server.log.appender.install.snapshot.enabled = false (custom)
2019-08-27 09:30:20,113 [pool-27-thread-1] INFO  impl.RaftServerImpl (ServerState.java:<init>(105)) - 72c22e3c-3c05-4243-bffb-0059d6f14df8:group-452BC1B4A176 ConfigurationManager, init=-1: [d2df9428-4997-4acb-8edc-b870657dabff:192.168.34.1:33819, dc9c49c4-fcba-44d3-8e03-8b7afae22bc1:192.168.34.1:33097, 72c22e3c-3c05-4243-bffb-0059d6f14df8:192.168.34.1:43192], old=null, confs=<EMPTY_MAP>
2019-08-27 09:30:20,113 [pool-27-thread-1] INFO  server.RaftServerConfigKeys (ConfUtils.java:logGet(43)) - raft.server.storage.dir = [/workdir/hadoop-ozone/integration-test/target/test-dir/MiniOzoneClusterImpl-e06e3fd2-9840-4528-8a25-31a0cd6e3a97/datanode-0/data/ratis] (custom)
2019-08-27 09:30:20,114 [pool-27-thread-1] INFO  storage.RaftStorageDirectory (RaftStorageDirectory.java:analyzeStorage(246)) - The storage directory /workdir/hadoop-ozone/integration-test/target/test-dir/MiniOzoneClusterImpl-e06e3fd2-9840-4528-8a25-31a0cd6e3a97/datanode-0/data/ratis/b6e9af7f-d4b6-41f2-bd9f-452bc1b4a176 does not exist. Creating ...
2019-08-27 09:30:20,123 [d2df9428-4997-4acb-8edc-b870657dabff:group-C499C3509C89:LeaderElection3] INFO  impl.RaftServerImpl (ServerState.java:setRaftConf(361)) - d2df9428-4997-4acb-8edc-b870657dabff:group-C499C3509C89 set configuration 0: [d2df9428-4997-4acb-8edc-b870657dabff:192.168.34.1:33819], old=null at 0
2019-08-27 09:30:20,123 [b87db874-79e1-4895-a6f5-a01095987c8b:group-0F42991698CD:LeaderElection4] INFO  impl.RaftServerImpl (ServerState.java:setRaftConf(361)) - b87db874-79e1-4895-a6f5-a01095987c8b:group-0F42991698CD set configuration 0: [b87db874-79e1-4895-a6f5-a01095987c8b:192.168.34.1:35636], old=null at 0
2019-08-27 09:30:20,123 [c0e57bb0-c773-45c8-8651-a8a13fee848f:group-2ED602CA9E2A:LeaderElection5] INFO  impl.RaftServerImpl (ServerState.java:setRaftConf(361)) - c0e57bb0-c773-45c8-8651-a8a13fee848f:group-2ED602CA9E2A set configuration 0: [c0e57bb0-c773-45c8-8651-a8a13fee848f:192.168.34.1:45012], old=null at 0
2019-08-27 09:30:20,123 [72c22e3c-3c05-4243-bffb-0059d6f14df8:group-9CDE8B4A3DB1:LeaderElection1] INFO  impl.RaftServerImpl (ServerState.java:setRaftConf(361)) - 72c22e3c-3c05-4243-bffb-0059d6f14df8:group-9CDE8B4A3DB1 set configuration 0: [72c22e3c-3c05-4243-bffb-0059d6f14df8:192.168.34.1:43192], old=null at 0
2019-08-27 09:30:20,123 [dc9c49c4-fcba-44d3-8e03-8b7afae22bc1:group-018EF1DD7F91:LeaderElection2] INFO  impl.RaftServerImpl (ServerState.java:setRaftConf(361)) - dc9c49c4-fcba-44d3-8e03-8b7afae22bc1:group-018EF1DD7F91 set configuration 0: [dc9c49c4-fcba-44d3-8e03-8b7afae22bc1:192.168.34.1:33097], old=null at 0
2019-08-27 09:30:20,140 [pool-27-thread-1] INFO  storage.RaftStorageDirectory (RaftStorageDirectory.java:tryLock(328)) - Lock on /workdir/hadoop-ozone/integration-test/target/test-dir/MiniOzoneClusterImpl-e06e3fd2-9840-4528-8a25-31a0cd6e3a97/datanode-0/data/ratis/b6e9af7f-d4b6-41f2-bd9f-452bc1b4a176/in_use.lock acquired by nodename 11862@trunk-nightly-adhoc-20190827-ds46k-2366760622
2019-08-27 09:30:20,140 [pool-49-thread-1] INFO  storage.RaftStorage (RaftStorage.java:format(72)) - Storage directory /workdir/hadoop-ozone/integration-test/target/test-dir/MiniOzoneClusterImpl-e06e3fd2-9840-4528-8a25-31a0cd6e3a97/datanode-2/data/ratis/47a72fc0-6ae4-4d63-a978-c900a224e225 has been successfully formatted.
2019-08-27 09:30:20,140 [pool-60-thread-1] INFO  storage.RaftStorageDirectory (RaftStorageDirectory.java:tryLock(328)) - Lock on /workdir/hadoop-ozone/integration-test/target/test-dir/MiniOzoneClusterImpl-e06e3fd2-9840-4528-8a25-31a0cd6e3a97/datanode-3/data/ratis/b6e9af7f-d4b6-41f2-bd9f-452bc1b4a176/in_use.lock acquired by nodename 11862@trunk-nightly-adhoc-20190827-ds46k-2366760622
2019-08-27 09:30:20,140 [pool-49-thread-1] INFO  ratis.ContainerStateMachine (ContainerStateMachine.java:loadSnapshot(226)) - group-C900A224E225: The snapshot info is null. Setting the last applied indexto:(t:0, i:~)
2019-08-27 09:30:20,141 [pool-49-thread-1] INFO  server.RaftServerConfigKeys (ConfUtils.java:logGet(43)) - raft.server.leader.election.timeout = 120s (custom)
2019-08-27 09:30:20,141 [pool-49-thread-1] INFO  server.RaftServerConfigKeys (ConfUtils.java:logGet(43)) - raft.server.log.use.memory = false (default)
2019-08-27 09:30:20,141 [pool-49-thread-1] INFO  server.RaftServerConfigKeys (ConfUtils.java:logGet(43)) - raft.server.log.purge.gap = 1000000 (custom)
2019-08-27 09:30:20,141 [pool-49-thread-1] INFO  server.RaftServerConfigKeys (ConfUtils.java:logGet(43)) - raft.server.log.appender.buffer.byte-limit = 33554432 (custom)
2019-08-27 09:30:20,141 [pool-49-thread-1] INFO  server.RaftServerConfigKeys (ConfUtils.java:logGet(43)) - raft.server.log.segment.size.max = 1048576 (custom)
2019-08-27 09:30:20,142 [pool-49-thread-1] INFO  server.RaftServerConfigKeys (ConfUtils.java:logGet(43)) - raft.server.log.segment.cache.num.max = 2 (custom)
2019-08-27 09:30:20,142 [pool-49-thread-1] INFO  segmented.SegmentedRaftLogWorker (SegmentedRaftLogWorker.java:<init>(172)) - new d2df9428-4997-4acb-8edc-b870657dabff-SegmentedRaftLogWorker:Storage Directory /workdir/hadoop-ozone/integration-test/target/test-dir/MiniOzoneClusterImpl-e06e3fd2-9840-4528-8a25-31a0cd6e3a97/datanode-2/data/ratis/47a72fc0-6ae4-4d63-a978-c900a224e225 for RaftStorage:Storage Directory /workdir/hadoop-ozone/integration-test/target/test-dir/MiniOzoneClusterImpl-e06e3fd2-9840-4528-8a25-31a0cd6e3a97/datanode-2/data/ratis/47a72fc0-6ae4-4d63-a978-c900a224e225
2019-08-27 09:30:20,142 [pool-49-thread-1] INFO  server.RaftServerConfigKeys (ConfUtils.java:logGet(43)) - raft.server.log.queue.byte-limit = 2147483647 (custom)
2019-08-27 09:30:20,142 [pool-49-thread-1] INFO  server.RaftServerConfigKeys (ConfUtils.java:logGet(43)) - raft.server.log.queue.element-limit = 1024 (custom)
2019-08-27 09:30:20,142 [pool-49-thread-1] INFO  server.RaftServerConfigKeys (ConfUtils.java:logGet(43)) - raft.server.log.segment.size.max = 1048576 (custom)
2019-08-27 09:30:20,143 [pool-49-thread-1] INFO  server.RaftServerConfigKeys (ConfUtils.java:logGet(43)) - raft.server.log.preallocated.size = 16384 (custom)
2019-08-27 09:30:20,143 [pool-49-thread-1] INFO  server.RaftServerConfigKeys (ConfUtils.java:logGet(43)) - raft.server.log.write.buffer.size = 33554432 (custom)
2019-08-27 09:30:20,143 [pool-49-thread-1] INFO  server.RaftServerConfigKeys (ConfUtils.java:logGet(43)) - raft.server.log.force.sync.num = 128 (default)
2019-08-27 09:30:20,143 [pool-49-thread-1] INFO  server.RaftServerConfigKeys (ConfUtils.java:logGet(43)) - raft.server.log.statemachine.data.sync = true (default)
2019-08-27 09:30:20,143 [pool-49-thread-1] INFO  server.RaftServerConfigKeys (ConfUtils.java:logGet(43)) - raft.server.log.statemachine.data.sync.timeout = 10s (default)
2019-08-27 09:30:20,144 [pool-49-thread-1] INFO  server.RaftServerConfigKeys (ConfUtils.java:logGet(43)) - raft.server.log.statemachine.data.sync.timeout.retry = -1 (default)
2019-08-27 09:30:20,144 [pool-49-thread-1] INFO  server.RaftServerConfigKeys (ConfUtils.java:logGet(43)) - raft.server.log.statemachine.data.caching.enabled = true (custom)
2019-08-27 09:30:20,144 [pool-49-thread-1] INFO  segmented.SegmentedRaftLogWorker (SegmentedRaftLogWorker.java:lambda$new$0(132)) - d2df9428-4997-4acb-8edc-b870657dabff-SegmentedRaftLogWorker:Storage Directory /workdir/hadoop-ozone/integration-test/target/test-dir/MiniOzoneClusterImpl-e06e3fd2-9840-4528-8a25-31a0cd6e3a97/datanode-2/data/ratis/47a72fc0-6ae4-4d63-a978-c900a224e225: flushIndex: setUnconditionally 0 -> -1
2019-08-27 09:30:20,145 [pool-49-thread-1] INFO  server.RaftServerConfigKeys (ConfUtils.java:logGet(43)) - raft.server.snapshot.auto.trigger.enabled = true (custom)
2019-08-27 09:30:20,145 [pool-49-thread-1] INFO  server.RaftServerConfigKeys (ConfUtils.java:logGet(43)) - raft.server.snapshot.auto.trigger.threshold = 10000 (custom)
2019-08-27 09:30:20,145 [pool-49-thread-1] INFO  server.RaftServerConfigKeys (ConfUtils.java:logGet(43)) - raft.server.retrycache.expirytime = 600000ms (custom)
2019-08-27 09:30:20,148 [pool-49-thread-1] INFO  impl.RaftServerImpl (RaftServerImpl.java:<init>(93)) - d2df9428-4997-4acb-8edc-b870657dabff: new RaftServerImpl for group-452BC1B4A176:[d2df9428-4997-4acb-8edc-b870657dabff:192.168.34.1:33819, dc9c49c4-fcba-44d3-8e03-8b7afae22bc1:192.168.34.1:33097, 72c22e3c-3c05-4243-bffb-0059d6f14df8:192.168.34.1:43192] with ContainerStateMachine:uninitialized
2019-08-27 09:30:20,148 [pool-49-thread-1] INFO  server.RaftServerConfigKeys (ConfUtils.java:logGet(43)) - raft.server.rpc.timeout.min = 5s (custom)
2019-08-27 09:30:20,148 [pool-49-thread-1] INFO  server.RaftServerConfigKeys (ConfUtils.java:logGet(43)) - raft.server.rpc.timeout.max = 5200ms (custom)
2019-08-27 09:30:20,148 [pool-49-thread-1] INFO  server.RaftServerConfigKeys (ConfUtils.java:logGet(43)) - raft.server.rpcslowness.timeout = 120s (custom)
2019-08-27 09:30:20,148 [pool-49-thread-1] INFO  server.RaftServerConfigKeys (ConfUtils.java:logGet(43)) - raft.server.sleep.deviation.threshold = 300 (default)
2019-08-27 09:30:20,148 [pool-49-thread-1] INFO  server.RaftServerConfigKeys (ConfUtils.java:logGet(43)) - raft.server.log.appender.install.snapshot.enabled = false (custom)
2019-08-27 09:30:20,149 [pool-49-thread-1] INFO  impl.RaftServerImpl (ServerState.java:<init>(105)) - d2df9428-4997-4acb-8edc-b870657dabff:group-452BC1B4A176 ConfigurationManager, init=-1: [d2df9428-4997-4acb-8edc-b870657dabff:192.168.34.1:33819, dc9c49c4-fcba-44d3-8e03-8b7afae22bc1:192.168.34.1:33097, 72c22e3c-3c05-4243-bffb-0059d6f14df8:192.168.34.1:43192], old=null, confs=<EMPTY_MAP>
2019-08-27 09:30:20,149 [pool-49-thread-1] INFO  server.RaftServerConfigKeys (ConfUtils.java:logGet(43)) - raft.server.storage.dir = [/workdir/hadoop-ozone/integration-test/target/test-dir/MiniOzoneClusterImpl-e06e3fd2-9840-4528-8a25-31a0cd6e3a97/datanode-2/data/ratis] (custom)
2019-08-27 09:30:20,149 [pool-49-thread-1] INFO  storage.RaftStorageDirectory (RaftStorageDirectory.java:analyzeStorage(246)) - The storage directory /workdir/hadoop-ozone/integration-test/target/test-dir/MiniOzoneClusterImpl-e06e3fd2-9840-4528-8a25-31a0cd6e3a97/datanode-2/data/ratis/b6e9af7f-d4b6-41f2-bd9f-452bc1b4a176 does not exist. Creating ...
2019-08-27 09:30:20,158 [pool-49-thread-1] INFO  storage.RaftStorageDirectory (RaftStorageDirectory.java:tryLock(328)) - Lock on /workdir/hadoop-ozone/integration-test/target/test-dir/MiniOzoneClusterImpl-e06e3fd2-9840-4528-8a25-31a0cd6e3a97/datanode-2/data/ratis/b6e9af7f-d4b6-41f2-bd9f-452bc1b4a176/in_use.lock acquired by nodename 11862@trunk-nightly-adhoc-20190827-ds46k-2366760622
2019-08-27 09:30:20,158 [pool-27-thread-1] INFO  storage.RaftStorage (RaftStorage.java:format(72)) - Storage directory /workdir/hadoop-ozone/integration-test/target/test-dir/MiniOzoneClusterImpl-e06e3fd2-9840-4528-8a25-31a0cd6e3a97/datanode-0/data/ratis/b6e9af7f-d4b6-41f2-bd9f-452bc1b4a176 has been successfully formatted.
2019-08-27 09:30:20,158 [pool-60-thread-1] INFO  storage.RaftStorage (RaftStorage.java:format(72)) - Storage directory /workdir/hadoop-ozone/integration-test/target/test-dir/MiniOzoneClusterImpl-e06e3fd2-9840-4528-8a25-31a0cd6e3a97/datanode-3/data/ratis/b6e9af7f-d4b6-41f2-bd9f-452bc1b4a176 has been successfully formatted.
2019-08-27 09:30:20,159 [pool-27-thread-1] INFO  ratis.ContainerStateMachine (ContainerStateMachine.java:loadSnapshot(226)) - group-452BC1B4A176: The snapshot info is null. Setting the last applied indexto:(t:0, i:~)
2019-08-27 09:30:20,159 [pool-60-thread-1] INFO  ratis.ContainerStateMachine (ContainerStateMachine.java:loadSnapshot(226)) - group-452BC1B4A176: The snapshot info is null. Setting the last applied indexto:(t:0, i:~)
2019-08-27 09:30:20,159 [pool-27-thread-1] INFO  server.RaftServerConfigKeys (ConfUtils.java:logGet(43)) - raft.server.leader.election.timeout = 120s (custom)
2019-08-27 09:30:20,159 [pool-60-thread-1] INFO  server.RaftServerConfigKeys (ConfUtils.java:logGet(43)) - raft.server.leader.election.timeout = 120s (custom)
2019-08-27 09:30:20,160 [pool-27-thread-1] INFO  server.RaftServerConfigKeys (ConfUtils.java:logGet(43)) - raft.server.log.use.memory = false (default)
2019-08-27 09:30:20,160 [pool-60-thread-1] INFO  server.RaftServerConfigKeys (ConfUtils.java:logGet(43)) - raft.server.log.use.memory = false (default)
2019-08-27 09:30:20,160 [pool-27-thread-1] INFO  server.RaftServerConfigKeys (ConfUtils.java:logGet(43)) - raft.server.log.purge.gap = 1000000 (custom)
2019-08-27 09:30:20,160 [pool-60-thread-1] INFO  server.RaftServerConfigKeys (ConfUtils.java:logGet(43)) - raft.server.log.purge.gap = 1000000 (custom)
2019-08-27 09:30:20,160 [pool-27-thread-1] INFO  server.RaftServerConfigKeys (ConfUtils.java:logGet(43)) - raft.server.log.appender.buffer.byte-limit = 33554432 (custom)
2019-08-27 09:30:20,160 [pool-60-thread-1] INFO  server.RaftServerConfigKeys (ConfUtils.java:logGet(43)) - raft.server.log.appender.buffer.byte-limit = 33554432 (custom)
2019-08-27 09:30:20,160 [pool-27-thread-1] INFO  server.RaftServerConfigKeys (ConfUtils.java:logGet(43)) - raft.server.log.segment.size.max = 1048576 (custom)
2019-08-27 09:30:20,160 [pool-60-thread-1] INFO  server.RaftServerConfigKeys (ConfUtils.java:logGet(43)) - raft.server.log.segment.size.max = 1048576 (custom)
2019-08-27 09:30:20,160 [pool-27-thread-1] INFO  server.RaftServerConfigKeys (ConfUtils.java:logGet(43)) - raft.server.log.segment.cache.num.max = 2 (custom)
2019-08-27 09:30:20,161 [pool-60-thread-1] INFO  server.RaftServerConfigKeys (ConfUtils.java:logGet(43)) - raft.server.log.segment.cache.num.max = 2 (custom)
2019-08-27 09:30:20,161 [pool-27-thread-1] INFO  segmented.SegmentedRaftLogWorker (SegmentedRaftLogWorker.java:<init>(172)) - new 72c22e3c-3c05-4243-bffb-0059d6f14df8-SegmentedRaftLogWorker:Storage Directory /workdir/hadoop-ozone/integration-test/target/test-dir/MiniOzoneClusterImpl-e06e3fd2-9840-4528-8a25-31a0cd6e3a97/datanode-0/data/ratis/b6e9af7f-d4b6-41f2-bd9f-452bc1b4a176 for RaftStorage:Storage Directory /workdir/hadoop-ozone/integration-test/target/test-dir/MiniOzoneClusterImpl-e06e3fd2-9840-4528-8a25-31a0cd6e3a97/datanode-0/data/ratis/b6e9af7f-d4b6-41f2-bd9f-452bc1b4a176
2019-08-27 09:30:20,161 [pool-60-thread-1] INFO  segmented.SegmentedRaftLogWorker (SegmentedRaftLogWorker.java:<init>(172)) - new dc9c49c4-fcba-44d3-8e03-8b7afae22bc1-SegmentedRaftLogWorker:Storage Directory /workdir/hadoop-ozone/integration-test/target/test-dir/MiniOzoneClusterImpl-e06e3fd2-9840-4528-8a25-31a0cd6e3a97/datanode-3/data/ratis/b6e9af7f-d4b6-41f2-bd9f-452bc1b4a176 for RaftStorage:Storage Directory /workdir/hadoop-ozone/integration-test/target/test-dir/MiniOzoneClusterImpl-e06e3fd2-9840-4528-8a25-31a0cd6e3a97/datanode-3/data/ratis/b6e9af7f-d4b6-41f2-bd9f-452bc1b4a176
2019-08-27 09:30:20,161 [pool-27-thread-1] INFO  server.RaftServerConfigKeys (ConfUtils.java:logGet(43)) - raft.server.log.queue.byte-limit = 2147483647 (custom)
2019-08-27 09:30:20,161 [pool-60-thread-1] INFO  server.RaftServerConfigKeys (ConfUtils.java:logGet(43)) - raft.server.log.queue.byte-limit = 2147483647 (custom)
2019-08-27 09:30:20,163 [pool-27-thread-1] INFO  server.RaftServerConfigKeys (ConfUtils.java:logGet(43)) - raft.server.log.queue.element-limit = 1024 (custom)
2019-08-27 09:30:20,163 [pool-60-thread-1] INFO  server.RaftServerConfigKeys (ConfUtils.java:logGet(43)) - raft.server.log.queue.element-limit = 1024 (custom)
2019-08-27 09:30:20,163 [pool-27-thread-1] INFO  server.RaftServerConfigKeys (ConfUtils.java:logGet(43)) - raft.server.log.segment.size.max = 1048576 (custom)
2019-08-27 09:30:20,163 [pool-60-thread-1] INFO  server.RaftServerConfigKeys (ConfUtils.java:logGet(43)) - raft.server.log.segment.size.max = 1048576 (custom)
2019-08-27 09:30:20,164 [pool-27-thread-1] INFO  server.RaftServerConfigKeys (ConfUtils.java:logGet(43)) - raft.server.log.preallocated.size = 16384 (custom)
2019-08-27 09:30:20,164 [pool-60-thread-1] INFO  server.RaftServerConfigKeys (ConfUtils.java:logGet(43)) - raft.server.log.preallocated.size = 16384 (custom)
2019-08-27 09:30:20,164 [pool-27-thread-1] INFO  server.RaftServerConfigKeys (ConfUtils.java:logGet(43)) - raft.server.log.write.buffer.size = 33554432 (custom)
2019-08-27 09:30:20,164 [pool-60-thread-1] INFO  server.RaftServerConfigKeys (ConfUtils.java:logGet(43)) - raft.server.log.write.buffer.size = 33554432 (custom)
2019-08-27 09:30:20,164 [pool-27-thread-1] INFO  server.RaftServerConfigKeys (ConfUtils.java:logGet(43)) - raft.server.log.force.sync.num = 128 (default)
2019-08-27 09:30:20,164 [pool-60-thread-1] INFO  server.RaftServerConfigKeys (ConfUtils.java:logGet(43)) - raft.server.log.force.sync.num = 128 (default)
2019-08-27 09:30:20,164 [pool-27-thread-1] INFO  server.RaftServerConfigKeys (ConfUtils.java:logGet(43)) - raft.server.log.statemachine.data.sync = true (default)
2019-08-27 09:30:20,164 [pool-60-thread-1] INFO  server.RaftServerConfigKeys (ConfUtils.java:logGet(43)) - raft.server.log.statemachine.data.sync = true (default)
2019-08-27 09:30:20,165 [pool-27-thread-1] INFO  server.RaftServerConfigKeys (ConfUtils.java:logGet(43)) - raft.server.log.statemachine.data.sync.timeout = 10s (default)
2019-08-27 09:30:20,165 [pool-60-thread-1] INFO  server.RaftServerConfigKeys (ConfUtils.java:logGet(43)) - raft.server.log.statemachine.data.sync.timeout = 10s (default)
2019-08-27 09:30:20,165 [pool-27-thread-1] INFO  server.RaftServerConfigKeys (ConfUtils.java:logGet(43)) - raft.server.log.statemachine.data.sync.timeout.retry = -1 (default)
2019-08-27 09:30:20,165 [pool-60-thread-1] INFO  server.RaftServerConfigKeys (ConfUtils.java:logGet(43)) - raft.server.log.statemachine.data.sync.timeout.retry = -1 (default)
2019-08-27 09:30:20,165 [pool-27-thread-1] INFO  server.RaftServerConfigKeys (ConfUtils.java:logGet(43)) - raft.server.log.statemachine.data.caching.enabled = true (custom)
2019-08-27 09:30:20,165 [pool-60-thread-1] INFO  server.RaftServerConfigKeys (ConfUtils.java:logGet(43)) - raft.server.log.statemachine.data.caching.enabled = true (custom)
2019-08-27 09:30:20,166 [pool-27-thread-1] INFO  segmented.SegmentedRaftLogWorker (SegmentedRaftLogWorker.java:lambda$new$0(132)) - 72c22e3c-3c05-4243-bffb-0059d6f14df8-SegmentedRaftLogWorker:Storage Directory /workdir/hadoop-ozone/integration-test/target/test-dir/MiniOzoneClusterImpl-e06e3fd2-9840-4528-8a25-31a0cd6e3a97/datanode-0/data/ratis/b6e9af7f-d4b6-41f2-bd9f-452bc1b4a176: flushIndex: setUnconditionally 0 -> -1
2019-08-27 09:30:20,166 [pool-60-thread-1] INFO  segmented.SegmentedRaftLogWorker (SegmentedRaftLogWorker.java:lambda$new$0(132)) - dc9c49c4-fcba-44d3-8e03-8b7afae22bc1-SegmentedRaftLogWorker:Storage Directory /workdir/hadoop-ozone/integration-test/target/test-dir/MiniOzoneClusterImpl-e06e3fd2-9840-4528-8a25-31a0cd6e3a97/datanode-3/data/ratis/b6e9af7f-d4b6-41f2-bd9f-452bc1b4a176: flushIndex: setUnconditionally 0 -> -1
2019-08-27 09:30:20,166 [pool-27-thread-1] INFO  server.RaftServerConfigKeys (ConfUtils.java:logGet(43)) - raft.server.snapshot.auto.trigger.enabled = true (custom)
2019-08-27 09:30:20,166 [pool-27-thread-1] INFO  server.RaftServerConfigKeys (ConfUtils.java:logGet(43)) - raft.server.snapshot.auto.trigger.threshold = 10000 (custom)
2019-08-27 09:30:20,166 [pool-60-thread-1] INFO  server.RaftServerConfigKeys (ConfUtils.java:logGet(43)) - raft.server.snapshot.auto.trigger.enabled = true (custom)
2019-08-27 09:30:20,166 [pool-27-thread-1] INFO  server.RaftServerConfigKeys (ConfUtils.java:logGet(43)) - raft.server.retrycache.expirytime = 600000ms (custom)
2019-08-27 09:30:20,166 [pool-60-thread-1] INFO  server.RaftServerConfigKeys (ConfUtils.java:logGet(43)) - raft.server.snapshot.auto.trigger.threshold = 10000 (custom)
2019-08-27 09:30:20,167 [pool-27-thread-1] INFO  impl.RaftServerImpl (RaftServerImpl.java:start(180)) - 72c22e3c-3c05-4243-bffb-0059d6f14df8: start group-C8FAD5C087BC
2019-08-27 09:30:20,167 [pool-60-thread-1] INFO  server.RaftServerConfigKeys (ConfUtils.java:logGet(43)) - raft.server.retrycache.expirytime = 600000ms (custom)
2019-08-27 09:30:20,167 [pool-27-thread-1] INFO  impl.RaftServerImpl (RaftServerImpl.java:setRole(171)) - 72c22e3c-3c05-4243-bffb-0059d6f14df8:group-C8FAD5C087BC changes role from null to FOLLOWER at term 0 for startAsFollower
2019-08-27 09:30:20,167 [pool-60-thread-1] INFO  impl.RaftServerImpl (RaftServerImpl.java:start(180)) - dc9c49c4-fcba-44d3-8e03-8b7afae22bc1: start group-C8FAD5C087BC
2019-08-27 09:30:20,167 [pool-27-thread-1] INFO  impl.RoleInfo (RoleInfo.java:updateAndGet(143)) - 72c22e3c-3c05-4243-bffb-0059d6f14df8: start FollowerState
2019-08-27 09:30:20,167 [pool-60-thread-1] INFO  impl.RaftServerImpl (RaftServerImpl.java:setRole(171)) - dc9c49c4-fcba-44d3-8e03-8b7afae22bc1:group-C8FAD5C087BC changes role from null to FOLLOWER at term 0 for startAsFollower
2019-08-27 09:30:20,167 [pool-60-thread-1] INFO  impl.RoleInfo (RoleInfo.java:updateAndGet(143)) - dc9c49c4-fcba-44d3-8e03-8b7afae22bc1: start FollowerState
2019-08-27 09:30:20,167 [pool-27-thread-1] INFO  util.JmxRegister (JmxRegister.java:tryRegister(44)) - Successfully registered JMX Bean with object name Ratis:service=RaftServer,group=group-C8FAD5C087BC,id=72c22e3c-3c05-4243-bffb-0059d6f14df8
2019-08-27 09:30:20,168 [pool-60-thread-1] INFO  util.JmxRegister (JmxRegister.java:tryRegister(44)) - Successfully registered JMX Bean with object name Ratis:service=RaftServer,group=group-C8FAD5C087BC,id=dc9c49c4-fcba-44d3-8e03-8b7afae22bc1
2019-08-27 09:30:20,168 [pool-27-thread-1] INFO  impl.RaftServerImpl (RaftServerImpl.java:start(180)) - 72c22e3c-3c05-4243-bffb-0059d6f14df8: start group-C900A224E225
2019-08-27 09:30:20,168 [pool-27-thread-1] INFO  impl.RaftServerImpl (RaftServerImpl.java:setRole(171)) - 72c22e3c-3c05-4243-bffb-0059d6f14df8:group-C900A224E225 changes role from null to FOLLOWER at term 0 for startAsFollower
2019-08-27 09:30:20,168 [pool-60-thread-1] INFO  impl.RaftServerImpl (RaftServerImpl.java:start(180)) - dc9c49c4-fcba-44d3-8e03-8b7afae22bc1: start group-C900A224E225
2019-08-27 09:30:20,168 [pool-27-thread-1] INFO  impl.RoleInfo (RoleInfo.java:updateAndGet(143)) - 72c22e3c-3c05-4243-bffb-0059d6f14df8: start FollowerState
2019-08-27 09:30:20,169 [pool-60-thread-1] INFO  impl.RaftServerImpl (RaftServerImpl.java:setRole(171)) - dc9c49c4-fcba-44d3-8e03-8b7afae22bc1:group-C900A224E225 changes role from null to FOLLOWER at term 0 for startAsFollower
2019-08-27 09:30:20,169 [pool-60-thread-1] INFO  impl.RoleInfo (RoleInfo.java:updateAndGet(143)) - dc9c49c4-fcba-44d3-8e03-8b7afae22bc1: start FollowerState
2019-08-27 09:30:20,169 [pool-27-thread-1] INFO  util.JmxRegister (JmxRegister.java:tryRegister(44)) - Successfully registered JMX Bean with object name Ratis:service=RaftServer,group=group-C900A224E225,id=72c22e3c-3c05-4243-bffb-0059d6f14df8
2019-08-27 09:30:20,169 [pool-60-thread-1] INFO  util.JmxRegister (JmxRegister.java:tryRegister(44)) - Successfully registered JMX Bean with object name Ratis:service=RaftServer,group=group-C900A224E225,id=dc9c49c4-fcba-44d3-8e03-8b7afae22bc1
2019-08-27 09:30:20,169 [pool-27-thread-1] INFO  impl.RaftServerImpl (RaftServerImpl.java:start(180)) - 72c22e3c-3c05-4243-bffb-0059d6f14df8: start group-452BC1B4A176
2019-08-27 09:30:20,170 [pool-27-thread-1] INFO  impl.RaftServerImpl (RaftServerImpl.java:setRole(171)) - 72c22e3c-3c05-4243-bffb-0059d6f14df8:group-452BC1B4A176 changes role from null to FOLLOWER at term 0 for startAsFollower
2019-08-27 09:30:20,170 [pool-27-thread-1] INFO  impl.RoleInfo (RoleInfo.java:updateAndGet(143)) - 72c22e3c-3c05-4243-bffb-0059d6f14df8: start FollowerState
2019-08-27 09:30:20,170 [pool-60-thread-1] INFO  impl.RaftServerImpl (RaftServerImpl.java:start(180)) - dc9c49c4-fcba-44d3-8e03-8b7afae22bc1: start group-452BC1B4A176
2019-08-27 09:30:20,170 [pool-60-thread-1] INFO  impl.RaftServerImpl (RaftServerImpl.java:setRole(171)) - dc9c49c4-fcba-44d3-8e03-8b7afae22bc1:group-452BC1B4A176 changes role from null to FOLLOWER at term 0 for startAsFollower
2019-08-27 09:30:20,170 [pool-27-thread-1] INFO  util.JmxRegister (JmxRegister.java:tryRegister(44)) - Successfully registered JMX Bean with object name Ratis:service=RaftServer,group=group-452BC1B4A176,id=72c22e3c-3c05-4243-bffb-0059d6f14df8
2019-08-27 09:30:20,170 [pool-60-thread-1] INFO  impl.RoleInfo (RoleInfo.java:updateAndGet(143)) - dc9c49c4-fcba-44d3-8e03-8b7afae22bc1: start FollowerState
2019-08-27 09:30:20,171 [pool-60-thread-1] INFO  util.JmxRegister (JmxRegister.java:tryRegister(44)) - Successfully registered JMX Bean with object name Ratis:service=RaftServer,group=group-452BC1B4A176,id=dc9c49c4-fcba-44d3-8e03-8b7afae22bc1
2019-08-27 09:30:20,196 [pool-49-thread-1] INFO  storage.RaftStorage (RaftStorage.java:format(72)) - Storage directory /workdir/hadoop-ozone/integration-test/target/test-dir/MiniOzoneClusterImpl-e06e3fd2-9840-4528-8a25-31a0cd6e3a97/datanode-2/data/ratis/b6e9af7f-d4b6-41f2-bd9f-452bc1b4a176 has been successfully formatted.
2019-08-27 09:30:20,197 [pool-49-thread-1] INFO  ratis.ContainerStateMachine (ContainerStateMachine.java:loadSnapshot(226)) - group-452BC1B4A176: The snapshot info is null. Setting the last applied indexto:(t:0, i:~)
2019-08-27 09:30:20,197 [pool-49-thread-1] INFO  server.RaftServerConfigKeys (ConfUtils.java:logGet(43)) - raft.server.leader.election.timeout = 120s (custom)
2019-08-27 09:30:20,197 [pool-49-thread-1] INFO  server.RaftServerConfigKeys (ConfUtils.java:logGet(43)) - raft.server.log.use.memory = false (default)
2019-08-27 09:30:20,197 [pool-49-thread-1] INFO  server.RaftServerConfigKeys (ConfUtils.java:logGet(43)) - raft.server.log.purge.gap = 1000000 (custom)
2019-08-27 09:30:20,197 [pool-49-thread-1] INFO  server.RaftServerConfigKeys (ConfUtils.java:logGet(43)) - raft.server.log.appender.buffer.byte-limit = 33554432 (custom)
2019-08-27 09:30:20,198 [pool-49-thread-1] INFO  server.RaftServerConfigKeys (ConfUtils.java:logGet(43)) - raft.server.log.segment.size.max = 1048576 (custom)
2019-08-27 09:30:20,198 [pool-49-thread-1] INFO  server.RaftServerConfigKeys (ConfUtils.java:logGet(43)) - raft.server.log.segment.cache.num.max = 2 (custom)
2019-08-27 09:30:20,198 [pool-49-thread-1] INFO  segmented.SegmentedRaftLogWorker (SegmentedRaftLogWorker.java:<init>(172)) - new d2df9428-4997-4acb-8edc-b870657dabff-SegmentedRaftLogWorker:Storage Directory /workdir/hadoop-ozone/integration-test/target/test-dir/MiniOzoneClusterImpl-e06e3fd2-9840-4528-8a25-31a0cd6e3a97/datanode-2/data/ratis/b6e9af7f-d4b6-41f2-bd9f-452bc1b4a176 for RaftStorage:Storage Directory /workdir/hadoop-ozone/integration-test/target/test-dir/MiniOzoneClusterImpl-e06e3fd2-9840-4528-8a25-31a0cd6e3a97/datanode-2/data/ratis/b6e9af7f-d4b6-41f2-bd9f-452bc1b4a176
2019-08-27 09:30:20,198 [pool-49-thread-1] INFO  server.RaftServerConfigKeys (ConfUtils.java:logGet(43)) - raft.server.log.queue.byte-limit = 2147483647 (custom)
2019-08-27 09:30:20,198 [pool-49-thread-1] INFO  server.RaftServerConfigKeys (ConfUtils.java:logGet(43)) - raft.server.log.queue.element-limit = 1024 (custom)
2019-08-27 09:30:20,199 [pool-49-thread-1] INFO  server.RaftServerConfigKeys (ConfUtils.java:logGet(43)) - raft.server.log.segment.size.max = 1048576 (custom)
2019-08-27 09:30:20,199 [pool-49-thread-1] INFO  server.RaftServerConfigKeys (ConfUtils.java:logGet(43)) - raft.server.log.preallocated.size = 16384 (custom)
2019-08-27 09:30:20,199 [pool-49-thread-1] INFO  server.RaftServerConfigKeys (ConfUtils.java:logGet(43)) - raft.server.log.write.buffer.size = 33554432 (custom)
2019-08-27 09:30:20,199 [pool-49-thread-1] INFO  server.RaftServerConfigKeys (ConfUtils.java:logGet(43)) - raft.server.log.force.sync.num = 128 (default)
2019-08-27 09:30:20,199 [pool-49-thread-1] INFO  server.RaftServerConfigKeys (ConfUtils.java:logGet(43)) - raft.server.log.statemachine.data.sync = true (default)
2019-08-27 09:30:20,199 [pool-49-thread-1] INFO  server.RaftServerConfigKeys (ConfUtils.java:logGet(43)) - raft.server.log.statemachine.data.sync.timeout = 10s (default)
2019-08-27 09:30:20,200 [pool-49-thread-1] INFO  server.RaftServerConfigKeys (ConfUtils.java:logGet(43)) - raft.server.log.statemachine.data.sync.timeout.retry = -1 (default)
2019-08-27 09:30:20,200 [pool-49-thread-1] INFO  server.RaftServerConfigKeys (ConfUtils.java:logGet(43)) - raft.server.log.statemachine.data.caching.enabled = true (custom)
2019-08-27 09:30:20,200 [pool-49-thread-1] INFO  segmented.SegmentedRaftLogWorker (SegmentedRaftLogWorker.java:lambda$new$0(132)) - d2df9428-4997-4acb-8edc-b870657dabff-SegmentedRaftLogWorker:Storage Directory /workdir/hadoop-ozone/integration-test/target/test-dir/MiniOzoneClusterImpl-e06e3fd2-9840-4528-8a25-31a0cd6e3a97/datanode-2/data/ratis/b6e9af7f-d4b6-41f2-bd9f-452bc1b4a176: flushIndex: setUnconditionally 0 -> -1
2019-08-27 09:30:20,201 [pool-49-thread-1] INFO  server.RaftServerConfigKeys (ConfUtils.java:logGet(43)) - raft.server.snapshot.auto.trigger.enabled = true (custom)
2019-08-27 09:30:20,201 [pool-49-thread-1] INFO  server.RaftServerConfigKeys (ConfUtils.java:logGet(43)) - raft.server.snapshot.auto.trigger.threshold = 10000 (custom)
2019-08-27 09:30:20,201 [pool-49-thread-1] INFO  server.RaftServerConfigKeys (ConfUtils.java:logGet(43)) - raft.server.retrycache.expirytime = 600000ms (custom)
2019-08-27 09:30:20,201 [pool-49-thread-1] INFO  impl.RaftServerImpl (RaftServerImpl.java:start(180)) - d2df9428-4997-4acb-8edc-b870657dabff: start group-C8FAD5C087BC
2019-08-27 09:30:20,201 [pool-49-thread-1] INFO  impl.RaftServerImpl (RaftServerImpl.java:setRole(171)) - d2df9428-4997-4acb-8edc-b870657dabff:group-C8FAD5C087BC changes role from null to FOLLOWER at term 0 for startAsFollower
2019-08-27 09:30:20,202 [pool-49-thread-1] INFO  impl.RoleInfo (RoleInfo.java:updateAndGet(143)) - d2df9428-4997-4acb-8edc-b870657dabff: start FollowerState
2019-08-27 09:30:20,202 [pool-49-thread-1] INFO  util.JmxRegister (JmxRegister.java:tryRegister(44)) - Successfully registered JMX Bean with object name Ratis:service=RaftServer,group=group-C8FAD5C087BC,id=d2df9428-4997-4acb-8edc-b870657dabff
2019-08-27 09:30:20,203 [pool-49-thread-1] INFO  impl.RaftServerImpl (RaftServerImpl.java:start(180)) - d2df9428-4997-4acb-8edc-b870657dabff: start group-C900A224E225
2019-08-27 09:30:20,203 [pool-49-thread-1] INFO  impl.RaftServerImpl (RaftServerImpl.java:setRole(171)) - d2df9428-4997-4acb-8edc-b870657dabff:group-C900A224E225 changes role from null to FOLLOWER at term 0 for startAsFollower
2019-08-27 09:30:20,203 [pool-49-thread-1] INFO  impl.RoleInfo (RoleInfo.java:updateAndGet(143)) - d2df9428-4997-4acb-8edc-b870657dabff: start FollowerState
2019-08-27 09:30:20,203 [pool-49-thread-1] INFO  util.JmxRegister (JmxRegister.java:tryRegister(44)) - Successfully registered JMX Bean with object name Ratis:service=RaftServer,group=group-C900A224E225,id=d2df9428-4997-4acb-8edc-b870657dabff
2019-08-27 09:30:20,204 [pool-49-thread-1] INFO  impl.RaftServerImpl (RaftServerImpl.java:start(180)) - d2df9428-4997-4acb-8edc-b870657dabff: start group-452BC1B4A176
2019-08-27 09:30:20,204 [pool-49-thread-1] INFO  impl.RaftServerImpl (RaftServerImpl.java:setRole(171)) - d2df9428-4997-4acb-8edc-b870657dabff:group-452BC1B4A176 changes role from null to FOLLOWER at term 0 for startAsFollower
2019-08-27 09:30:20,204 [pool-49-thread-1] INFO  impl.RoleInfo (RoleInfo.java:updateAndGet(143)) - d2df9428-4997-4acb-8edc-b870657dabff: start FollowerState
2019-08-27 09:30:20,205 [pool-49-thread-1] INFO  util.JmxRegister (JmxRegister.java:tryRegister(44)) - Successfully registered JMX Bean with object name Ratis:service=RaftServer,group=group-452BC1B4A176,id=d2df9428-4997-4acb-8edc-b870657dabff
2019-08-27 09:30:20,330 [dc9c49c4-fcba-44d3-8e03-8b7afae22bc1-SegmentedRaftLogWorker:Storage Directory /workdir/hadoop-ozone/integration-test/target/test-dir/MiniOzoneClusterImpl-e06e3fd2-9840-4528-8a25-31a0cd6e3a97/datanode-3/data/ratis/b35a3fa0-0821-4cd2-9c45-018ef1dd7f91] INFO  segmented.SegmentedRaftLogWorker (SegmentedRaftLogWorker.java:execute(569)) - dc9c49c4-fcba-44d3-8e03-8b7afae22bc1-SegmentedRaftLogWorker:Storage Directory /workdir/hadoop-ozone/integration-test/target/test-dir/MiniOzoneClusterImpl-e06e3fd2-9840-4528-8a25-31a0cd6e3a97/datanode-3/data/ratis/b35a3fa0-0821-4cd2-9c45-018ef1dd7f91: created new log segment /workdir/hadoop-ozone/integration-test/target/test-dir/MiniOzoneClusterImpl-e06e3fd2-9840-4528-8a25-31a0cd6e3a97/datanode-3/data/ratis/b35a3fa0-0821-4cd2-9c45-018ef1dd7f91/current/log_inprogress_0
2019-08-27 09:30:20,330 [b87db874-79e1-4895-a6f5-a01095987c8b-SegmentedRaftLogWorker:Storage Directory /workdir/hadoop-ozone/integration-test/target/test-dir/MiniOzoneClusterImpl-e06e3fd2-9840-4528-8a25-31a0cd6e3a97/datanode-4/data/ratis/9886d751-8bce-4af4-be1f-0f42991698cd] INFO  segmented.SegmentedRaftLogWorker (SegmentedRaftLogWorker.java:execute(569)) - b87db874-79e1-4895-a6f5-a01095987c8b-SegmentedRaftLogWorker:Storage Directory /workdir/hadoop-ozone/integration-test/target/test-dir/MiniOzoneClusterImpl-e06e3fd2-9840-4528-8a25-31a0cd6e3a97/datanode-4/data/ratis/9886d751-8bce-4af4-be1f-0f42991698cd: created new log segment /workdir/hadoop-ozone/integration-test/target/test-dir/MiniOzoneClusterImpl-e06e3fd2-9840-4528-8a25-31a0cd6e3a97/datanode-4/data/ratis/9886d751-8bce-4af4-be1f-0f42991698cd/current/log_inprogress_0
2019-08-27 09:30:20,330 [72c22e3c-3c05-4243-bffb-0059d6f14df8-SegmentedRaftLogWorker:Storage Directory /workdir/hadoop-ozone/integration-test/target/test-dir/MiniOzoneClusterImpl-e06e3fd2-9840-4528-8a25-31a0cd6e3a97/datanode-0/data/ratis/153d3f26-9e42-4ac3-97d0-9cde8b4a3db1] INFO  segmented.SegmentedRaftLogWorker (SegmentedRaftLogWorker.java:execute(569)) - 72c22e3c-3c05-4243-bffb-0059d6f14df8-SegmentedRaftLogWorker:Storage Directory /workdir/hadoop-ozone/integration-test/target/test-dir/MiniOzoneClusterImpl-e06e3fd2-9840-4528-8a25-31a0cd6e3a97/datanode-0/data/ratis/153d3f26-9e42-4ac3-97d0-9cde8b4a3db1: created new log segment /workdir/hadoop-ozone/integration-test/target/test-dir/MiniOzoneClusterImpl-e06e3fd2-9840-4528-8a25-31a0cd6e3a97/datanode-0/data/ratis/153d3f26-9e42-4ac3-97d0-9cde8b4a3db1/current/log_inprogress_0
2019-08-27 09:30:20,330 [c0e57bb0-c773-45c8-8651-a8a13fee848f-SegmentedRaftLogWorker:Storage Directory /workdir/hadoop-ozone/integration-test/target/test-dir/MiniOzoneClusterImpl-e06e3fd2-9840-4528-8a25-31a0cd6e3a97/datanode-1/data/ratis/f3f64925-70ee-4c35-9771-2ed602ca9e2a] INFO  segmented.SegmentedRaftLogWorker (SegmentedRaftLogWorker.java:execute(569)) - c0e57bb0-c773-45c8-8651-a8a13fee848f-SegmentedRaftLogWorker:Storage Directory /workdir/hadoop-ozone/integration-test/target/test-dir/MiniOzoneClusterImpl-e06e3fd2-9840-4528-8a25-31a0cd6e3a97/datanode-1/data/ratis/f3f64925-70ee-4c35-9771-2ed602ca9e2a: created new log segment /workdir/hadoop-ozone/integration-test/target/test-dir/MiniOzoneClusterImpl-e06e3fd2-9840-4528-8a25-31a0cd6e3a97/datanode-1/data/ratis/f3f64925-70ee-4c35-9771-2ed602ca9e2a/current/log_inprogress_0
2019-08-27 09:30:20,330 [d2df9428-4997-4acb-8edc-b870657dabff-SegmentedRaftLogWorker:Storage Directory /workdir/hadoop-ozone/integration-test/target/test-dir/MiniOzoneClusterImpl-e06e3fd2-9840-4528-8a25-31a0cd6e3a97/datanode-2/data/ratis/859b250a-4063-4a68-91c6-c499c3509c89] INFO  segmented.SegmentedRaftLogWorker (SegmentedRaftLogWorker.java:execute(569)) - d2df9428-4997-4acb-8edc-b870657dabff-SegmentedRaftLogWorker:Storage Directory /workdir/hadoop-ozone/integration-test/target/test-dir/MiniOzoneClusterImpl-e06e3fd2-9840-4528-8a25-31a0cd6e3a97/datanode-2/data/ratis/859b250a-4063-4a68-91c6-c499c3509c89: created new log segment /workdir/hadoop-ozone/integration-test/target/test-dir/MiniOzoneClusterImpl-e06e3fd2-9840-4528-8a25-31a0cd6e3a97/datanode-2/data/ratis/859b250a-4063-4a68-91c6-c499c3509c89/current/log_inprogress_0
2019-08-27 09:30:20,682 | INFO  | SCMAudit | user=jenkins1000 | ip=192.168.34.1 | op=SEND_HEARTBEAT {datanodeUUID=dc9c49c4-fcba-44d3-8e03-8b7afae22bc1, command=[]} | ret=SUCCESS |  
2019-08-27 09:30:20,815 | INFO  | SCMAudit | user=jenkins1000 | ip=192.168.34.1 | op=SEND_HEARTBEAT {datanodeUUID=72c22e3c-3c05-4243-bffb-0059d6f14df8, command=[]} | ret=SUCCESS |  
2019-08-27 09:30:20,822 | INFO  | SCMAudit | user=jenkins1000 | ip=192.168.34.1 | op=SEND_HEARTBEAT {datanodeUUID=b87db874-79e1-4895-a6f5-a01095987c8b, command=[]} | ret=SUCCESS |  
2019-08-27 09:30:21,646 [ForkJoinPool.commonPool-worker-0] INFO  ozoneimpl.OzoneContainer (OzoneContainer.java:stop(199)) - Attempting to stop container services.
2019-08-27 09:30:21,646 [main] INFO  ozoneimpl.OzoneContainer (OzoneContainer.java:stop(199)) - Attempting to stop container services.
2019-08-27 09:30:21,651 [ForkJoinPool.commonPool-worker-0] INFO  impl.RaftServerProxy (RaftServerProxy.java:lambda$close$4(314)) - c0e57bb0-c773-45c8-8651-a8a13fee848f: close
2019-08-27 09:30:21,652 [main] INFO  impl.RaftServerProxy (RaftServerProxy.java:lambda$close$4(314)) - d2df9428-4997-4acb-8edc-b870657dabff: close
2019-08-27 09:30:21,654 [main] INFO  impl.RaftServerImpl (RaftServerImpl.java:lambda$shutdown$3(245)) - d2df9428-4997-4acb-8edc-b870657dabff: shutdown group-452BC1B4A176
2019-08-27 09:30:21,654 [ForkJoinPool.commonPool-worker-0] INFO  impl.RaftServerImpl (RaftServerImpl.java:lambda$shutdown$3(245)) - c0e57bb0-c773-45c8-8651-a8a13fee848f: shutdown group-2ED602CA9E2A
2019-08-27 09:30:21,655 [main] INFO  util.JmxRegister (JmxRegister.java:unregister(73)) - Successfully un-registered JMX Bean with object name Ratis:service=RaftServer,group=group-452BC1B4A176,id=d2df9428-4997-4acb-8edc-b870657dabff
2019-08-27 09:30:21,655 [ForkJoinPool.commonPool-worker-0] INFO  util.JmxRegister (JmxRegister.java:unregister(73)) - Successfully un-registered JMX Bean with object name Ratis:service=RaftServer,group=group-2ED602CA9E2A,id=c0e57bb0-c773-45c8-8651-a8a13fee848f
2019-08-27 09:30:21,655 [main] INFO  impl.RoleInfo (RoleInfo.java:shutdownFollowerState(121)) - d2df9428-4997-4acb-8edc-b870657dabff: shutdown FollowerState
2019-08-27 09:30:21,656 [ForkJoinPool.commonPool-worker-0] INFO  impl.RoleInfo (RoleInfo.java:shutdownLeaderState(104)) - c0e57bb0-c773-45c8-8651-a8a13fee848f: shutdown LeaderState
2019-08-27 09:30:21,656 [main] INFO  impl.StateMachineUpdater (StateMachineUpdater.java:stopAndJoin(115)) - StateMachineUpdater:d2df9428-4997-4acb-8edc-b870657dabff:group-452BC1B4A176: set stopIndex = -1
2019-08-27 09:30:21,658 [main] INFO  impl.RaftServerImpl (ServerState.java:close(394)) - d2df9428-4997-4acb-8edc-b870657dabff:group-452BC1B4A176 closes. The last applied log index is -1
2019-08-27 09:30:21,656 [Thread-259] INFO  impl.FollowerState (FollowerState.java:run(114)) - d2df9428-4997-4acb-8edc-b870657dabff: FollowerState was interrupted: java.lang.InterruptedException: sleep interrupted
2019-08-27 09:30:21,662 [ForkJoinPool.commonPool-worker-0] INFO  impl.PendingRequests (PendingRequests.java:sendNotLeaderResponses(202)) - c0e57bb0-c773-45c8-8651-a8a13fee848f-PendingRequests: sendNotLeaderResponses
2019-08-27 09:30:21,664 [d2df9428-4997-4acb-8edc-b870657dabff-SegmentedRaftLogWorker:Storage Directory /workdir/hadoop-ozone/integration-test/target/test-dir/MiniOzoneClusterImpl-e06e3fd2-9840-4528-8a25-31a0cd6e3a97/datanode-2/data/ratis/b6e9af7f-d4b6-41f2-bd9f-452bc1b4a176] INFO  segmented.SegmentedRaftLogWorker (SegmentedRaftLogWorker.java:run(313)) - d2df9428-4997-4acb-8edc-b870657dabff-SegmentedRaftLogWorker:Storage Directory /workdir/hadoop-ozone/integration-test/target/test-dir/MiniOzoneClusterImpl-e06e3fd2-9840-4528-8a25-31a0cd6e3a97/datanode-2/data/ratis/b6e9af7f-d4b6-41f2-bd9f-452bc1b4a176 was interrupted, exiting. There are 0 tasks remaining in the queue.
2019-08-27 09:30:21,664 [ForkJoinPool.commonPool-worker-0] INFO  impl.StateMachineUpdater (StateMachineUpdater.java:stopAndJoin(115)) - StateMachineUpdater:c0e57bb0-c773-45c8-8651-a8a13fee848f:group-2ED602CA9E2A: set stopIndex = 0
2019-08-27 09:30:21,667 [ForkJoinPool.commonPool-worker-0] INFO  impl.RaftServerImpl (ServerState.java:close(394)) - c0e57bb0-c773-45c8-8651-a8a13fee848f:group-2ED602CA9E2A closes. The last applied log index is 0
2019-08-27 09:30:21,665 [main] INFO  segmented.SegmentedRaftLogWorker (SegmentedRaftLogWorker.java:close(228)) - d2df9428-4997-4acb-8edc-b870657dabff-SegmentedRaftLogWorker:Storage Directory /workdir/hadoop-ozone/integration-test/target/test-dir/MiniOzoneClusterImpl-e06e3fd2-9840-4528-8a25-31a0cd6e3a97/datanode-2/data/ratis/b6e9af7f-d4b6-41f2-bd9f-452bc1b4a176 close()
2019-08-27 09:30:21,673 [c0e57bb0-c773-45c8-8651-a8a13fee848f-SegmentedRaftLogWorker:Storage Directory /workdir/hadoop-ozone/integration-test/target/test-dir/MiniOzoneClusterImpl-e06e3fd2-9840-4528-8a25-31a0cd6e3a97/datanode-1/data/ratis/f3f64925-70ee-4c35-9771-2ed602ca9e2a] INFO  segmented.SegmentedRaftLogWorker (SegmentedRaftLogWorker.java:run(313)) - c0e57bb0-c773-45c8-8651-a8a13fee848f-SegmentedRaftLogWorker:Storage Directory /workdir/hadoop-ozone/integration-test/target/test-dir/MiniOzoneClusterImpl-e06e3fd2-9840-4528-8a25-31a0cd6e3a97/datanode-1/data/ratis/f3f64925-70ee-4c35-9771-2ed602ca9e2a was interrupted, exiting. There are 0 tasks remaining in the queue.
2019-08-27 09:30:21,678 [main] INFO  impl.RaftServerImpl (RaftServerImpl.java:lambda$shutdown$3(245)) - d2df9428-4997-4acb-8edc-b870657dabff: shutdown group-C900A224E225
2019-08-27 09:30:21,678 [ForkJoinPool.commonPool-worker-0] INFO  segmented.SegmentedRaftLogWorker (SegmentedRaftLogWorker.java:close(228)) - c0e57bb0-c773-45c8-8651-a8a13fee848f-SegmentedRaftLogWorker:Storage Directory /workdir/hadoop-ozone/integration-test/target/test-dir/MiniOzoneClusterImpl-e06e3fd2-9840-4528-8a25-31a0cd6e3a97/datanode-1/data/ratis/f3f64925-70ee-4c35-9771-2ed602ca9e2a close()
2019-08-27 09:30:21,680 [main] INFO  util.JmxRegister (JmxRegister.java:unregister(73)) - Successfully un-registered JMX Bean with object name Ratis:service=RaftServer,group=group-C900A224E225,id=d2df9428-4997-4acb-8edc-b870657dabff
2019-08-27 09:30:21,683 [main] INFO  impl.RoleInfo (RoleInfo.java:shutdownFollowerState(121)) - d2df9428-4997-4acb-8edc-b870657dabff: shutdown FollowerState
2019-08-27 09:30:21,683 [ForkJoinPool.commonPool-worker-0] INFO  server.GrpcService (GrpcService.java:closeImpl(155)) - c0e57bb0-c773-45c8-8651-a8a13fee848f: shutdown server with port 45012 now
2019-08-27 09:30:21,683 [Thread-257] INFO  impl.FollowerState (FollowerState.java:run(114)) - d2df9428-4997-4acb-8edc-b870657dabff: FollowerState was interrupted: java.lang.InterruptedException: sleep interrupted
2019-08-27 09:30:21,683 [main] INFO  impl.StateMachineUpdater (StateMachineUpdater.java:stopAndJoin(115)) - StateMachineUpdater:d2df9428-4997-4acb-8edc-b870657dabff:group-C900A224E225: set stopIndex = -1
2019-08-27 09:30:21,687 | INFO  | SCMAudit | user=jenkins1000 | ip=192.168.34.1 | op=SEND_HEARTBEAT {datanodeUUID=dc9c49c4-fcba-44d3-8e03-8b7afae22bc1, command=[]} | ret=SUCCESS |  
2019-08-27 09:30:21,687 [main] INFO  impl.RaftServerImpl (ServerState.java:close(394)) - d2df9428-4997-4acb-8edc-b870657dabff:group-C900A224E225 closes. The last applied log index is -1
2019-08-27 09:30:21,687 [d2df9428-4997-4acb-8edc-b870657dabff-SegmentedRaftLogWorker:Storage Directory /workdir/hadoop-ozone/integration-test/target/test-dir/MiniOzoneClusterImpl-e06e3fd2-9840-4528-8a25-31a0cd6e3a97/datanode-2/data/ratis/47a72fc0-6ae4-4d63-a978-c900a224e225] INFO  segmented.SegmentedRaftLogWorker (SegmentedRaftLogWorker.java:run(313)) - d2df9428-4997-4acb-8edc-b870657dabff-SegmentedRaftLogWorker:Storage Directory /workdir/hadoop-ozone/integration-test/target/test-dir/MiniOzoneClusterImpl-e06e3fd2-9840-4528-8a25-31a0cd6e3a97/datanode-2/data/ratis/47a72fc0-6ae4-4d63-a978-c900a224e225 was interrupted, exiting. There are 0 tasks remaining in the queue.
2019-08-27 09:30:21,688 [main] INFO  segmented.SegmentedRaftLogWorker (SegmentedRaftLogWorker.java:close(228)) - d2df9428-4997-4acb-8edc-b870657dabff-SegmentedRaftLogWorker:Storage Directory /workdir/hadoop-ozone/integration-test/target/test-dir/MiniOzoneClusterImpl-e06e3fd2-9840-4528-8a25-31a0cd6e3a97/datanode-2/data/ratis/47a72fc0-6ae4-4d63-a978-c900a224e225 close()
2019-08-27 09:30:21,691 [main] INFO  impl.RaftServerImpl (RaftServerImpl.java:lambda$shutdown$3(245)) - d2df9428-4997-4acb-8edc-b870657dabff: shutdown group-C8FAD5C087BC
2019-08-27 09:30:21,691 [main] INFO  util.JmxRegister (JmxRegister.java:unregister(73)) - Successfully un-registered JMX Bean with object name Ratis:service=RaftServer,group=group-C8FAD5C087BC,id=d2df9428-4997-4acb-8edc-b870657dabff
2019-08-27 09:30:21,693 [ForkJoinPool.commonPool-worker-0] INFO  server.GrpcService (GrpcService.java:closeImpl(163)) - c0e57bb0-c773-45c8-8651-a8a13fee848f: shutdown server with port 45012 successfully
2019-08-27 09:30:21,693 [main] INFO  impl.RoleInfo (RoleInfo.java:shutdownFollowerState(121)) - d2df9428-4997-4acb-8edc-b870657dabff: shutdown FollowerState
2019-08-27 09:30:21,695 [main] INFO  impl.StateMachineUpdater (StateMachineUpdater.java:stopAndJoin(115)) - StateMachineUpdater:d2df9428-4997-4acb-8edc-b870657dabff:group-C8FAD5C087BC: set stopIndex = -1
2019-08-27 09:30:21,697 [main] INFO  impl.RaftServerImpl (ServerState.java:close(394)) - d2df9428-4997-4acb-8edc-b870657dabff:group-C8FAD5C087BC closes. The last applied log index is -1
2019-08-27 09:30:21,695 [Thread-255] INFO  impl.FollowerState (FollowerState.java:run(114)) - d2df9428-4997-4acb-8edc-b870657dabff: FollowerState was interrupted: java.lang.InterruptedException: sleep interrupted
2019-08-27 09:30:21,698 [d2df9428-4997-4acb-8edc-b870657dabff-SegmentedRaftLogWorker:Storage Directory /workdir/hadoop-ozone/integration-test/target/test-dir/MiniOzoneClusterImpl-e06e3fd2-9840-4528-8a25-31a0cd6e3a97/datanode-2/data/ratis/aeb21a99-9e0f-465d-9294-c8fad5c087bc] INFO  segmented.SegmentedRaftLogWorker (SegmentedRaftLogWorker.java:run(313)) - d2df9428-4997-4acb-8edc-b870657dabff-SegmentedRaftLogWorker:Storage Directory /workdir/hadoop-ozone/integration-test/target/test-dir/MiniOzoneClusterImpl-e06e3fd2-9840-4528-8a25-31a0cd6e3a97/datanode-2/data/ratis/aeb21a99-9e0f-465d-9294-c8fad5c087bc was interrupted, exiting. There are 0 tasks remaining in the queue.
2019-08-27 09:30:21,700 [main] INFO  segmented.SegmentedRaftLogWorker (SegmentedRaftLogWorker.java:close(228)) - d2df9428-4997-4acb-8edc-b870657dabff-SegmentedRaftLogWorker:Storage Directory /workdir/hadoop-ozone/integration-test/target/test-dir/MiniOzoneClusterImpl-e06e3fd2-9840-4528-8a25-31a0cd6e3a97/datanode-2/data/ratis/aeb21a99-9e0f-465d-9294-c8fad5c087bc close()
2019-08-27 09:30:21,703 [main] INFO  impl.RaftServerImpl (RaftServerImpl.java:lambda$shutdown$3(245)) - d2df9428-4997-4acb-8edc-b870657dabff: shutdown group-C499C3509C89
2019-08-27 09:30:21,704 [main] INFO  util.JmxRegister (JmxRegister.java:unregister(73)) - Successfully un-registered JMX Bean with object name Ratis:service=RaftServer,group=group-C499C3509C89,id=d2df9428-4997-4acb-8edc-b870657dabff
2019-08-27 09:30:21,704 [main] INFO  impl.RoleInfo (RoleInfo.java:shutdownLeaderState(104)) - d2df9428-4997-4acb-8edc-b870657dabff: shutdown LeaderState
2019-08-27 09:30:21,705 [main] INFO  impl.PendingRequests (PendingRequests.java:sendNotLeaderResponses(202)) - d2df9428-4997-4acb-8edc-b870657dabff-PendingRequests: sendNotLeaderResponses
2019-08-27 09:30:21,706 [main] INFO  impl.StateMachineUpdater (StateMachineUpdater.java:stopAndJoin(115)) - StateMachineUpdater:d2df9428-4997-4acb-8edc-b870657dabff:group-C499C3509C89: set stopIndex = 0
2019-08-27 09:30:21,708 [main] INFO  impl.RaftServerImpl (ServerState.java:close(394)) - d2df9428-4997-4acb-8edc-b870657dabff:group-C499C3509C89 closes. The last applied log index is 0
2019-08-27 09:30:21,709 [d2df9428-4997-4acb-8edc-b870657dabff-SegmentedRaftLogWorker:Storage Directory /workdir/hadoop-ozone/integration-test/target/test-dir/MiniOzoneClusterImpl-e06e3fd2-9840-4528-8a25-31a0cd6e3a97/datanode-2/data/ratis/859b250a-4063-4a68-91c6-c499c3509c89] INFO  segmented.SegmentedRaftLogWorker (SegmentedRaftLogWorker.java:run(313)) - d2df9428-4997-4acb-8edc-b870657dabff-SegmentedRaftLogWorker:Storage Directory /workdir/hadoop-ozone/integration-test/target/test-dir/MiniOzoneClusterImpl-e06e3fd2-9840-4528-8a25-31a0cd6e3a97/datanode-2/data/ratis/859b250a-4063-4a68-91c6-c499c3509c89 was interrupted, exiting. There are 0 tasks remaining in the queue.
2019-08-27 09:30:21,712 [main] INFO  segmented.SegmentedRaftLogWorker (SegmentedRaftLogWorker.java:close(228)) - d2df9428-4997-4acb-8edc-b870657dabff-SegmentedRaftLogWorker:Storage Directory /workdir/hadoop-ozone/integration-test/target/test-dir/MiniOzoneClusterImpl-e06e3fd2-9840-4528-8a25-31a0cd6e3a97/datanode-2/data/ratis/859b250a-4063-4a68-91c6-c499c3509c89 close()
2019-08-27 09:30:21,715 [main] INFO  server.GrpcService (GrpcService.java:closeImpl(155)) - d2df9428-4997-4acb-8edc-b870657dabff: shutdown server with port 33819 now
2019-08-27 09:30:21,716 [main] INFO  server.GrpcService (GrpcService.java:closeImpl(163)) - d2df9428-4997-4acb-8edc-b870657dabff: shutdown server with port 33819 successfully
2019-08-27 09:30:21,721 [ForkJoinPool.commonPool-worker-0] INFO  utils.BackgroundService (BackgroundService.java:shutdown(148)) - Shutting down service BlockDeletingService
2019-08-27 09:30:21,723 [refreshUsed-/workdir/hadoop-ozone/integration-test/target/test-dir/MiniOzoneClusterImpl-e06e3fd2-9840-4528-8a25-31a0cd6e3a97/datanode-1/data/containers] WARN  fs.CachingGetSpaceUsed (CachingGetSpaceUsed.java:run(183)) - Thread Interrupted waiting to refresh disk information: sleep interrupted
2019-08-27 09:30:21,727 [main] INFO  utils.BackgroundService (BackgroundService.java:shutdown(148)) - Shutting down service BlockDeletingService
2019-08-27 09:30:21,731 [refreshUsed-/workdir/hadoop-ozone/integration-test/target/test-dir/MiniOzoneClusterImpl-e06e3fd2-9840-4528-8a25-31a0cd6e3a97/datanode-2/data/containers] WARN  fs.CachingGetSpaceUsed (CachingGetSpaceUsed.java:run(183)) - Thread Interrupted waiting to refresh disk information: sleep interrupted
2019-08-27 09:30:21,753 [ForkJoinPool.commonPool-worker-0] INFO  statemachine.DatanodeStateMachine (DatanodeStateMachine.java:stopDaemon(395)) - Ozone container server stopped.
2019-08-27 09:30:21,759 [main] INFO  statemachine.DatanodeStateMachine (DatanodeStateMachine.java:stopDaemon(395)) - Ozone container server stopped.
2019-08-27 09:30:21,761 [ForkJoinPool.commonPool-worker-0] INFO  handler.ContextHandler (ContextHandler.java:doStop(910)) - Stopped o.e.j.w.WebAppContext@18d47df0{/,null,UNAVAILABLE}{/hddsDatanode}
2019-08-27 09:30:21,761 [main] INFO  handler.ContextHandler (ContextHandler.java:doStop(910)) - Stopped o.e.j.w.WebAppContext@10f405ff{/,null,UNAVAILABLE}{/hddsDatanode}
2019-08-27 09:30:21,762 [ForkJoinPool.commonPool-worker-0] INFO  server.AbstractConnector (AbstractConnector.java:doStop(318)) - Stopped ServerConnector@28393e82{HTTP/1.1,[http/1.1]}{0.0.0.0:0}
2019-08-27 09:30:21,763 [ForkJoinPool.commonPool-worker-0] INFO  handler.ContextHandler (ContextHandler.java:doStop(910)) - Stopped o.e.j.s.ServletContextHandler@2f3928ac{/static,jar:file:/home/user/.m2/repository/org/apache/hadoop/hadoop-hdds-container-service/0.5.0-SNAPSHOT/hadoop-hdds-container-service-0.5.0-SNAPSHOT.jar!/webapps/static,UNAVAILABLE}
2019-08-27 09:30:21,763 [main] INFO  server.AbstractConnector (AbstractConnector.java:doStop(318)) - Stopped ServerConnector@7f27f59b{HTTP/1.1,[http/1.1]}{0.0.0.0:0}
2019-08-27 09:30:21,765 [ForkJoinPool.commonPool-worker-0] INFO  handler.ContextHandler (ContextHandler.java:doStop(910)) - Stopped o.e.j.s.ServletContextHandler@46a795de{/logs,file:///workdir/hadoop-ozone/integration-test/target/log,UNAVAILABLE}
2019-08-27 09:30:21,765 [main] INFO  handler.ContextHandler (ContextHandler.java:doStop(910)) - Stopped o.e.j.s.ServletContextHandler@26e8ff8c{/static,jar:file:/home/user/.m2/repository/org/apache/hadoop/hadoop-hdds-container-service/0.5.0-SNAPSHOT/hadoop-hdds-container-service-0.5.0-SNAPSHOT.jar!/webapps/static,UNAVAILABLE}
2019-08-27 09:30:21,765 [ForkJoinPool.commonPool-worker-0] INFO  datanode.ObjectStoreHandler (ObjectStoreHandler.java:close(155)) - Closing ObjectStoreHandler.
2019-08-27 09:30:21,766 [main] INFO  handler.ContextHandler (ContextHandler.java:doStop(910)) - Stopped o.e.j.s.ServletContextHandler@7f0f84d4{/logs,file:///workdir/hadoop-ozone/integration-test/target/log,UNAVAILABLE}
2019-08-27 09:30:21,766 [ForkJoinPool.commonPool-worker-0] INFO  ozone.HddsDatanodeService (HddsDatanodeService.java:stop(451)) - Stopped plug-in org.apache.hadoop.ozone.web.OzoneHddsDatanodeService@35787726
2019-08-27 09:30:21,766 [main] INFO  datanode.ObjectStoreHandler (ObjectStoreHandler.java:close(155)) - Closing ObjectStoreHandler.
2019-08-27 09:30:21,767 [main] INFO  ozone.HddsDatanodeService (HddsDatanodeService.java:stop(451)) - Stopped plug-in org.apache.hadoop.ozone.web.OzoneHddsDatanodeService@15369d73
2019-08-27 09:30:21,814 [Datanode State Machine Thread - 0] INFO  statemachine.DatanodeStateMachine (DatanodeStateMachine.java:lambda$startDaemon$0(350)) - Ozone container server started.
2019-08-27 09:30:21,821 [Datanode State Machine Thread - 0] INFO  statemachine.DatanodeStateMachine (DatanodeStateMachine.java:lambda$startDaemon$0(350)) - Ozone container server started.
2019-08-27 09:30:22,684 | INFO  | SCMAudit | user=jenkins1000 | ip=192.168.34.1 | op=SEND_HEARTBEAT {datanodeUUID=dc9c49c4-fcba-44d3-8e03-8b7afae22bc1, command=[]} | ret=SUCCESS |  
2019-08-27 09:30:23,684 | INFO  | SCMAudit | user=jenkins1000 | ip=192.168.34.1 | op=SEND_HEARTBEAT {datanodeUUID=dc9c49c4-fcba-44d3-8e03-8b7afae22bc1, command=[]} | ret=SUCCESS |  
2019-08-27 09:30:24,685 | INFO  | SCMAudit | user=jenkins1000 | ip=192.168.34.1 | op=SEND_HEARTBEAT {datanodeUUID=dc9c49c4-fcba-44d3-8e03-8b7afae22bc1, command=[]} | ret=SUCCESS |  
2019-08-27 09:30:25,181 [Thread-242] INFO  impl.FollowerState (FollowerState.java:run(106)) - 72c22e3c-3c05-4243-bffb-0059d6f14df8:group-C8FAD5C087BC changes to CANDIDATE, lastRpcTime:5013, electionTimeout:5013ms
2019-08-27 09:30:25,181 [Thread-242] INFO  impl.RoleInfo (RoleInfo.java:shutdownFollowerState(121)) - 72c22e3c-3c05-4243-bffb-0059d6f14df8: shutdown FollowerState
2019-08-27 09:30:25,181 [Thread-242] INFO  impl.RaftServerImpl (RaftServerImpl.java:setRole(171)) - 72c22e3c-3c05-4243-bffb-0059d6f14df8:group-C8FAD5C087BC changes role from FOLLOWER to CANDIDATE at term 0 for changeToCandidate
2019-08-27 09:30:25,181 [Thread-242] INFO  impl.RoleInfo (RoleInfo.java:updateAndGet(143)) - 72c22e3c-3c05-4243-bffb-0059d6f14df8: start LeaderElection
2019-08-27 09:30:25,198 [72c22e3c-3c05-4243-bffb-0059d6f14df8:group-C8FAD5C087BC:LeaderElection6] INFO  impl.LeaderElection (LeaderElection.java:askForVotes(181)) - 72c22e3c-3c05-4243-bffb-0059d6f14df8:group-C8FAD5C087BC:LeaderElection6: begin an election at term 1 for -1: [d2df9428-4997-4acb-8edc-b870657dabff:192.168.34.1:33819, dc9c49c4-fcba-44d3-8e03-8b7afae22bc1:192.168.34.1:33097, 72c22e3c-3c05-4243-bffb-0059d6f14df8:192.168.34.1:43192], old=null
2019-08-27 09:30:25,225 [grpc-default-executor-1] INFO  impl.RaftServerImpl (RaftServerImpl.java:setRole(171)) - dc9c49c4-fcba-44d3-8e03-8b7afae22bc1:group-C8FAD5C087BC changes role from FOLLOWER to FOLLOWER at term 1 for recognizeCandidate:72c22e3c-3c05-4243-bffb-0059d6f14df8
2019-08-27 09:30:25,225 [grpc-default-executor-1] INFO  impl.RoleInfo (RoleInfo.java:shutdownFollowerState(121)) - dc9c49c4-fcba-44d3-8e03-8b7afae22bc1: shutdown FollowerState
2019-08-27 09:30:25,226 [grpc-default-executor-1] INFO  impl.RoleInfo (RoleInfo.java:updateAndGet(143)) - dc9c49c4-fcba-44d3-8e03-8b7afae22bc1: start FollowerState
2019-08-27 09:30:25,226 [Thread-243] INFO  impl.FollowerState (FollowerState.java:run(114)) - dc9c49c4-fcba-44d3-8e03-8b7afae22bc1: FollowerState was interrupted: java.lang.InterruptedException: sleep interrupted
2019-08-27 09:30:25,227 [72c22e3c-3c05-4243-bffb-0059d6f14df8:group-C8FAD5C087BC:LeaderElection6] INFO  impl.LeaderElection (LogUtils.java:infoOrTrace(149)) - 72c22e3c-3c05-4243-bffb-0059d6f14df8:group-C8FAD5C087BC:LeaderElection6 got exception when requesting votes: {}
java.util.concurrent.ExecutionException: org.apache.ratis.thirdparty.io.grpc.StatusRuntimeException: UNAVAILABLE: io exception
	at java.util.concurrent.FutureTask.report(FutureTask.java:122)
	at java.util.concurrent.FutureTask.get(FutureTask.java:192)
	at org.apache.ratis.server.impl.LeaderElection.waitForResults(LeaderElection.java:262)
	at org.apache.ratis.server.impl.LeaderElection.askForVotes(LeaderElection.java:200)
	at org.apache.ratis.server.impl.LeaderElection.run(LeaderElection.java:130)
	at java.lang.Thread.run(Thread.java:748)
Caused by: org.apache.ratis.thirdparty.io.grpc.StatusRuntimeException: UNAVAILABLE: io exception
	at org.apache.ratis.thirdparty.io.grpc.stub.ClientCalls.toStatusRuntimeException(ClientCalls.java:233)
	at org.apache.ratis.thirdparty.io.grpc.stub.ClientCalls.getUnchecked(ClientCalls.java:214)
	at org.apache.ratis.thirdparty.io.grpc.stub.ClientCalls.blockingUnaryCall(ClientCalls.java:139)
	at org.apache.ratis.proto.grpc.RaftServerProtocolServiceGrpc$RaftServerProtocolServiceBlockingStub.requestVote(RaftServerProtocolServiceGrpc.java:265)
	at org.apache.ratis.grpc.server.GrpcServerProtocolClient.requestVote(GrpcServerProtocolClient.java:83)
	at org.apache.ratis.grpc.server.GrpcService.requestVote(GrpcService.java:195)
	at org.apache.ratis.server.impl.LeaderElection.lambda$submitRequests$1(LeaderElection.java:237)
	at java.util.concurrent.FutureTask.run(FutureTask.java:266)
	at java.util.concurrent.Executors$RunnableAdapter.call(Executors.java:511)
	at java.util.concurrent.FutureTask.run(FutureTask.java:266)
	at java.util.concurrent.ThreadPoolExecutor.runWorker(ThreadPoolExecutor.java:1149)
	at java.util.concurrent.ThreadPoolExecutor$Worker.run(ThreadPoolExecutor.java:624)
	... 1 more
Caused by: org.apache.ratis.thirdparty.io.netty.channel.AbstractChannel$AnnotatedConnectException: Connection refused: /192.168.34.1:33819
	at sun.nio.ch.SocketChannelImpl.checkConnect(Native Method)
	at sun.nio.ch.SocketChannelImpl.finishConnect(SocketChannelImpl.java:717)
	at org.apache.ratis.thirdparty.io.netty.channel.socket.nio.NioSocketChannel.doFinishConnect(NioSocketChannel.java:327)
	at org.apache.ratis.thirdparty.io.netty.channel.nio.AbstractNioChannel$AbstractNioUnsafe.finishConnect(AbstractNioChannel.java:340)
	at org.apache.ratis.thirdparty.io.netty.channel.nio.NioEventLoop.processSelectedKey(NioEventLoop.java:632)
	at org.apache.ratis.thirdparty.io.netty.channel.nio.NioEventLoop.processSelectedKeysOptimized(NioEventLoop.java:579)
	at org.apache.ratis.thirdparty.io.netty.channel.nio.NioEventLoop.processSelectedKeys(NioEventLoop.java:496)
	at org.apache.ratis.thirdparty.io.netty.channel.nio.NioEventLoop.run(NioEventLoop.java:458)
	at org.apache.ratis.thirdparty.io.netty.util.concurrent.SingleThreadEventExecutor$5.run(SingleThreadEventExecutor.java:897)
	at org.apache.ratis.thirdparty.io.netty.util.concurrent.FastThreadLocalRunnable.run(FastThreadLocalRunnable.java:30)
	... 1 more
Caused by: java.net.ConnectException: Connection refused
	... 11 more
2019-08-27 09:30:25,254 [72c22e3c-3c05-4243-bffb-0059d6f14df8:group-C8FAD5C087BC:LeaderElection6] INFO  impl.LeaderElection (LeaderElection.java:logAndReturn(56)) - 72c22e3c-3c05-4243-bffb-0059d6f14df8:group-C8FAD5C087BC:LeaderElection6: Election PASSED; received 1 response(s) [72c22e3c-3c05-4243-bffb-0059d6f14df8<-dc9c49c4-fcba-44d3-8e03-8b7afae22bc1#0:OK-t1] and 1 exception(s); 72c22e3c-3c05-4243-bffb-0059d6f14df8:t1, leader=null, voted=72c22e3c-3c05-4243-bffb-0059d6f14df8, raftlog=72c22e3c-3c05-4243-bffb-0059d6f14df8-SegmentedRaftLog:OPENED:c-1,f-1,i0, conf=-1: [d2df9428-4997-4acb-8edc-b870657dabff:192.168.34.1:33819, dc9c49c4-fcba-44d3-8e03-8b7afae22bc1:192.168.34.1:33097, 72c22e3c-3c05-4243-bffb-0059d6f14df8:192.168.34.1:43192], old=null
2019-08-27 09:30:25,255 [72c22e3c-3c05-4243-bffb-0059d6f14df8:group-C8FAD5C087BC:LeaderElection6] INFO  impl.LeaderElection (LogUtils.java:infoOrTrace(149)) -   Exception 0: {}
java.util.concurrent.ExecutionException: org.apache.ratis.thirdparty.io.grpc.StatusRuntimeException: UNAVAILABLE: io exception
	at java.util.concurrent.FutureTask.report(FutureTask.java:122)
	at java.util.concurrent.FutureTask.get(FutureTask.java:192)
	at org.apache.ratis.server.impl.LeaderElection.waitForResults(LeaderElection.java:262)
	at org.apache.ratis.server.impl.LeaderElection.askForVotes(LeaderElection.java:200)
	at org.apache.ratis.server.impl.LeaderElection.run(LeaderElection.java:130)
	at java.lang.Thread.run(Thread.java:748)
Caused by: org.apache.ratis.thirdparty.io.grpc.StatusRuntimeException: UNAVAILABLE: io exception
	at org.apache.ratis.thirdparty.io.grpc.stub.ClientCalls.toStatusRuntimeException(ClientCalls.java:233)
	at org.apache.ratis.thirdparty.io.grpc.stub.ClientCalls.getUnchecked(ClientCalls.java:214)
	at org.apache.ratis.thirdparty.io.grpc.stub.ClientCalls.blockingUnaryCall(ClientCalls.java:139)
	at org.apache.ratis.proto.grpc.RaftServerProtocolServiceGrpc$RaftServerProtocolServiceBlockingStub.requestVote(RaftServerProtocolServiceGrpc.java:265)
	at org.apache.ratis.grpc.server.GrpcServerProtocolClient.requestVote(GrpcServerProtocolClient.java:83)
	at org.apache.ratis.grpc.server.GrpcService.requestVote(GrpcService.java:195)
	at org.apache.ratis.server.impl.LeaderElection.lambda$submitRequests$1(LeaderElection.java:237)
	at java.util.concurrent.FutureTask.run(FutureTask.java:266)
	at java.util.concurrent.Executors$RunnableAdapter.call(Executors.java:511)
	at java.util.concurrent.FutureTask.run(FutureTask.java:266)
	at java.util.concurrent.ThreadPoolExecutor.runWorker(ThreadPoolExecutor.java:1149)
	at java.util.concurrent.ThreadPoolExecutor$Worker.run(ThreadPoolExecutor.java:624)
	... 1 more
Caused by: org.apache.ratis.thirdparty.io.netty.channel.AbstractChannel$AnnotatedConnectException: Connection refused: /192.168.34.1:33819
	at sun.nio.ch.SocketChannelImpl.checkConnect(Native Method)
	at sun.nio.ch.SocketChannelImpl.finishConnect(SocketChannelImpl.java:717)
	at org.apache.ratis.thirdparty.io.netty.channel.socket.nio.NioSocketChannel.doFinishConnect(NioSocketChannel.java:327)
	at org.apache.ratis.thirdparty.io.netty.channel.nio.AbstractNioChannel$AbstractNioUnsafe.finishConnect(AbstractNioChannel.java:340)
	at org.apache.ratis.thirdparty.io.netty.channel.nio.NioEventLoop.processSelectedKey(NioEventLoop.java:632)
	at org.apache.ratis.thirdparty.io.netty.channel.nio.NioEventLoop.processSelectedKeysOptimized(NioEventLoop.java:579)
	at org.apache.ratis.thirdparty.io.netty.channel.nio.NioEventLoop.processSelectedKeys(NioEventLoop.java:496)
	at org.apache.ratis.thirdparty.io.netty.channel.nio.NioEventLoop.run(NioEventLoop.java:458)
	at org.apache.ratis.thirdparty.io.netty.util.concurrent.SingleThreadEventExecutor$5.run(SingleThreadEventExecutor.java:897)
	at org.apache.ratis.thirdparty.io.netty.util.concurrent.FastThreadLocalRunnable.run(FastThreadLocalRunnable.java:30)
	... 1 more
Caused by: java.net.ConnectException: Connection refused
	... 11 more
2019-08-27 09:30:25,255 [72c22e3c-3c05-4243-bffb-0059d6f14df8:group-C8FAD5C087BC:LeaderElection6] INFO  impl.RoleInfo (RoleInfo.java:shutdownLeaderElection(134)) - 72c22e3c-3c05-4243-bffb-0059d6f14df8: shutdown LeaderElection
2019-08-27 09:30:25,256 [72c22e3c-3c05-4243-bffb-0059d6f14df8:group-C8FAD5C087BC:LeaderElection6] INFO  impl.RaftServerImpl (RaftServerImpl.java:setRole(171)) - 72c22e3c-3c05-4243-bffb-0059d6f14df8:group-C8FAD5C087BC changes role from CANDIDATE to LEADER at term 1 for changeToLeader
2019-08-27 09:30:25,256 [72c22e3c-3c05-4243-bffb-0059d6f14df8:group-C8FAD5C087BC:LeaderElection6] INFO  impl.RaftServerImpl (ServerState.java:setLeader(263)) - 72c22e3c-3c05-4243-bffb-0059d6f14df8:group-C8FAD5C087BC change Leader from null to 72c22e3c-3c05-4243-bffb-0059d6f14df8 at term 1 for becomeLeader, leader elected after 5216ms
2019-08-27 09:30:25,257 [72c22e3c-3c05-4243-bffb-0059d6f14df8:group-C8FAD5C087BC:LeaderElection6] INFO  server.RaftServerConfigKeys (ConfUtils.java:logGet(43)) - raft.server.staging.catchup.gap = 1000 (default)
2019-08-27 09:30:25,257 [72c22e3c-3c05-4243-bffb-0059d6f14df8:group-C8FAD5C087BC:LeaderElection6] INFO  server.RaftServerConfigKeys (ConfUtils.java:logGet(43)) - raft.server.rpc.sleep.time = 25ms (default)
2019-08-27 09:30:25,257 [72c22e3c-3c05-4243-bffb-0059d6f14df8:group-C8FAD5C087BC:LeaderElection6] INFO  server.RaftServerConfigKeys (ConfUtils.java:logGet(43)) - raft.server.write.element-limit = 4096 (default)
2019-08-27 09:30:25,257 [72c22e3c-3c05-4243-bffb-0059d6f14df8:group-C8FAD5C087BC:LeaderElection6] INFO  server.RaftServerConfigKeys (ConfUtils.java:logGet(43)) - raft.server.watch.timeout = 10s (default)
2019-08-27 09:30:25,257 [72c22e3c-3c05-4243-bffb-0059d6f14df8:group-C8FAD5C087BC:LeaderElection6] INFO  server.RaftServerConfigKeys (ConfUtils.java:logGet(43)) - raft.server.watch.timeout.denomination = 1s (default)
2019-08-27 09:30:25,258 [72c22e3c-3c05-4243-bffb-0059d6f14df8:group-C8FAD5C087BC:LeaderElection6] INFO  server.RaftServerConfigKeys (ConfUtils.java:logGet(43)) - raft.server.watch.element-limit = 65536 (default)
2019-08-27 09:30:25,260 [72c22e3c-3c05-4243-bffb-0059d6f14df8:group-C8FAD5C087BC:LeaderElection6] INFO  server.RaftServerConfigKeys (ConfUtils.java:logGet(43)) - raft.server.log.appender.snapshot.chunk.size.max = 16MB (=16777216) (default)
2019-08-27 09:30:25,261 [72c22e3c-3c05-4243-bffb-0059d6f14df8:group-C8FAD5C087BC:LeaderElection6] INFO  server.RaftServerConfigKeys (ConfUtils.java:logGet(43)) - raft.server.log.appender.buffer.byte-limit = 33554432 (custom)
2019-08-27 09:30:25,262 [72c22e3c-3c05-4243-bffb-0059d6f14df8:group-C8FAD5C087BC:LeaderElection6] INFO  server.RaftServerConfigKeys (ConfUtils.java:logGet(43)) - raft.server.log.appender.buffer.element-limit = 1 (custom)
2019-08-27 09:30:25,265 [72c22e3c-3c05-4243-bffb-0059d6f14df8:group-C8FAD5C087BC:LeaderElection6] INFO  grpc.GrpcConfigKeys$Server (ConfUtils.java:logGet(43)) - raft.grpc.server.leader.outstanding.appends.max = 128 (default)
2019-08-27 09:30:25,266 [72c22e3c-3c05-4243-bffb-0059d6f14df8:group-C8FAD5C087BC:LeaderElection6] INFO  server.RaftServerConfigKeys (ConfUtils.java:logGet(43)) - raft.server.rpc.request.timeout = 3000ms (default)
2019-08-27 09:30:25,266 [72c22e3c-3c05-4243-bffb-0059d6f14df8:group-C8FAD5C087BC:LeaderElection6] INFO  server.RaftServerConfigKeys (ConfUtils.java:logGet(43)) - raft.server.log.appender.install.snapshot.enabled = false (custom)
2019-08-27 09:30:25,266 [72c22e3c-3c05-4243-bffb-0059d6f14df8:group-C8FAD5C087BC:LeaderElection6] INFO  server.RaftServerConfigKeys (ConfUtils.java:logGet(43)) - raft.server.log.appender.snapshot.chunk.size.max = 16MB (=16777216) (default)
2019-08-27 09:30:25,266 [72c22e3c-3c05-4243-bffb-0059d6f14df8:group-C8FAD5C087BC:LeaderElection6] INFO  server.RaftServerConfigKeys (ConfUtils.java:logGet(43)) - raft.server.log.appender.buffer.byte-limit = 33554432 (custom)
2019-08-27 09:30:25,266 [72c22e3c-3c05-4243-bffb-0059d6f14df8:group-C8FAD5C087BC:LeaderElection6] INFO  server.RaftServerConfigKeys (ConfUtils.java:logGet(43)) - raft.server.log.appender.buffer.element-limit = 1 (custom)
2019-08-27 09:30:25,267 [72c22e3c-3c05-4243-bffb-0059d6f14df8:group-C8FAD5C087BC:LeaderElection6] INFO  grpc.GrpcConfigKeys$Server (ConfUtils.java:logGet(43)) - raft.grpc.server.leader.outstanding.appends.max = 128 (default)
2019-08-27 09:30:25,267 [72c22e3c-3c05-4243-bffb-0059d6f14df8:group-C8FAD5C087BC:LeaderElection6] INFO  server.RaftServerConfigKeys (ConfUtils.java:logGet(43)) - raft.server.rpc.request.timeout = 3000ms (default)
2019-08-27 09:30:25,267 [72c22e3c-3c05-4243-bffb-0059d6f14df8:group-C8FAD5C087BC:LeaderElection6] INFO  server.RaftServerConfigKeys (ConfUtils.java:logGet(43)) - raft.server.log.appender.install.snapshot.enabled = false (custom)
2019-08-27 09:30:25,269 [72c22e3c-3c05-4243-bffb-0059d6f14df8:group-C8FAD5C087BC:LeaderElection6] INFO  impl.RoleInfo (RoleInfo.java:updateAndGet(143)) - 72c22e3c-3c05-4243-bffb-0059d6f14df8: start LeaderState
2019-08-27 09:30:25,269 [72c22e3c-3c05-4243-bffb-0059d6f14df8:group-C8FAD5C087BC:LeaderElection6] INFO  segmented.SegmentedRaftLogWorker (SegmentedRaftLogWorker.java:startLogSegment(380)) - 72c22e3c-3c05-4243-bffb-0059d6f14df8-SegmentedRaftLogWorker:Storage Directory /workdir/hadoop-ozone/integration-test/target/test-dir/MiniOzoneClusterImpl-e06e3fd2-9840-4528-8a25-31a0cd6e3a97/datanode-0/data/ratis/aeb21a99-9e0f-465d-9294-c8fad5c087bc: Starting segment from index:0
2019-08-27 09:30:25,270 [72c22e3c-3c05-4243-bffb-0059d6f14df8:group-C8FAD5C087BC:LeaderElection6] INFO  impl.RaftServerImpl (ServerState.java:setRaftConf(361)) - 72c22e3c-3c05-4243-bffb-0059d6f14df8:group-C8FAD5C087BC set configuration 0: [d2df9428-4997-4acb-8edc-b870657dabff:192.168.34.1:33819, dc9c49c4-fcba-44d3-8e03-8b7afae22bc1:192.168.34.1:33097, 72c22e3c-3c05-4243-bffb-0059d6f14df8:192.168.34.1:43192], old=null at 0
2019-08-27 09:30:25,297 [Thread-246] INFO  impl.FollowerState (FollowerState.java:run(106)) - 72c22e3c-3c05-4243-bffb-0059d6f14df8:group-C900A224E225 changes to CANDIDATE, lastRpcTime:5128, electionTimeout:5127ms
2019-08-27 09:30:25,298 [Thread-247] INFO  impl.FollowerState (FollowerState.java:run(106)) - dc9c49c4-fcba-44d3-8e03-8b7afae22bc1:group-C900A224E225 changes to CANDIDATE, lastRpcTime:5129, electionTimeout:5109ms
2019-08-27 09:30:25,298 [Thread-250] INFO  impl.FollowerState (FollowerState.java:run(106)) - 72c22e3c-3c05-4243-bffb-0059d6f14df8:group-452BC1B4A176 changes to CANDIDATE, lastRpcTime:5128, electionTimeout:5113ms
2019-08-27 09:30:25,298 [Thread-246] INFO  impl.RoleInfo (RoleInfo.java:shutdownFollowerState(121)) - 72c22e3c-3c05-4243-bffb-0059d6f14df8: shutdown FollowerState
2019-08-27 09:30:25,298 [Thread-250] INFO  impl.RoleInfo (RoleInfo.java:shutdownFollowerState(121)) - 72c22e3c-3c05-4243-bffb-0059d6f14df8: shutdown FollowerState
2019-08-27 09:30:25,298 [Thread-251] INFO  impl.FollowerState (FollowerState.java:run(106)) - dc9c49c4-fcba-44d3-8e03-8b7afae22bc1:group-452BC1B4A176 changes to CANDIDATE, lastRpcTime:5128, electionTimeout:5109ms
2019-08-27 09:30:25,299 [Thread-251] INFO  impl.RoleInfo (RoleInfo.java:shutdownFollowerState(121)) - dc9c49c4-fcba-44d3-8e03-8b7afae22bc1: shutdown FollowerState
2019-08-27 09:30:25,298 [Thread-247] INFO  impl.RoleInfo (RoleInfo.java:shutdownFollowerState(121)) - dc9c49c4-fcba-44d3-8e03-8b7afae22bc1: shutdown FollowerState
2019-08-27 09:30:25,299 [Thread-251] INFO  impl.RaftServerImpl (RaftServerImpl.java:setRole(171)) - dc9c49c4-fcba-44d3-8e03-8b7afae22bc1:group-452BC1B4A176 changes role from FOLLOWER to CANDIDATE at term 0 for changeToCandidate
2019-08-27 09:30:25,299 [Thread-250] INFO  impl.RaftServerImpl (RaftServerImpl.java:setRole(171)) - 72c22e3c-3c05-4243-bffb-0059d6f14df8:group-452BC1B4A176 changes role from FOLLOWER to CANDIDATE at term 0 for changeToCandidate
2019-08-27 09:30:25,299 [Thread-246] INFO  impl.RaftServerImpl (RaftServerImpl.java:setRole(171)) - 72c22e3c-3c05-4243-bffb-0059d6f14df8:group-C900A224E225 changes role from FOLLOWER to CANDIDATE at term 0 for changeToCandidate
2019-08-27 09:30:25,299 [Thread-250] INFO  impl.RoleInfo (RoleInfo.java:updateAndGet(143)) - 72c22e3c-3c05-4243-bffb-0059d6f14df8: start LeaderElection
2019-08-27 09:30:25,299 [Thread-251] INFO  impl.RoleInfo (RoleInfo.java:updateAndGet(143)) - dc9c49c4-fcba-44d3-8e03-8b7afae22bc1: start LeaderElection
2019-08-27 09:30:25,299 [Thread-247] INFO  impl.RaftServerImpl (RaftServerImpl.java:setRole(171)) - dc9c49c4-fcba-44d3-8e03-8b7afae22bc1:group-C900A224E225 changes role from FOLLOWER to CANDIDATE at term 0 for changeToCandidate
2019-08-27 09:30:25,300 [Thread-246] INFO  impl.RoleInfo (RoleInfo.java:updateAndGet(143)) - 72c22e3c-3c05-4243-bffb-0059d6f14df8: start LeaderElection
2019-08-27 09:30:25,301 [Thread-247] INFO  impl.RoleInfo (RoleInfo.java:updateAndGet(143)) - dc9c49c4-fcba-44d3-8e03-8b7afae22bc1: start LeaderElection
2019-08-27 09:30:25,312 [72c22e3c-3c05-4243-bffb-0059d6f14df8-SegmentedRaftLogWorker:Storage Directory /workdir/hadoop-ozone/integration-test/target/test-dir/MiniOzoneClusterImpl-e06e3fd2-9840-4528-8a25-31a0cd6e3a97/datanode-0/data/ratis/aeb21a99-9e0f-465d-9294-c8fad5c087bc] INFO  segmented.SegmentedRaftLogWorker (SegmentedRaftLogWorker.java:execute(569)) - 72c22e3c-3c05-4243-bffb-0059d6f14df8-SegmentedRaftLogWorker:Storage Directory /workdir/hadoop-ozone/integration-test/target/test-dir/MiniOzoneClusterImpl-e06e3fd2-9840-4528-8a25-31a0cd6e3a97/datanode-0/data/ratis/aeb21a99-9e0f-465d-9294-c8fad5c087bc: created new log segment /workdir/hadoop-ozone/integration-test/target/test-dir/MiniOzoneClusterImpl-e06e3fd2-9840-4528-8a25-31a0cd6e3a97/datanode-0/data/ratis/aeb21a99-9e0f-465d-9294-c8fad5c087bc/current/log_inprogress_0
2019-08-27 09:30:25,312 [dc9c49c4-fcba-44d3-8e03-8b7afae22bc1:group-452BC1B4A176:LeaderElection7] INFO  impl.LeaderElection (LeaderElection.java:askForVotes(181)) - dc9c49c4-fcba-44d3-8e03-8b7afae22bc1:group-452BC1B4A176:LeaderElection7: begin an election at term 1 for -1: [d2df9428-4997-4acb-8edc-b870657dabff:192.168.34.1:33819, dc9c49c4-fcba-44d3-8e03-8b7afae22bc1:192.168.34.1:33097, 72c22e3c-3c05-4243-bffb-0059d6f14df8:192.168.34.1:43192], old=null
2019-08-27 09:30:25,312 [72c22e3c-3c05-4243-bffb-0059d6f14df8:group-452BC1B4A176:LeaderElection8] INFO  impl.LeaderElection (LeaderElection.java:askForVotes(181)) - 72c22e3c-3c05-4243-bffb-0059d6f14df8:group-452BC1B4A176:LeaderElection8: begin an election at term 1 for -1: [d2df9428-4997-4acb-8edc-b870657dabff:192.168.34.1:33819, dc9c49c4-fcba-44d3-8e03-8b7afae22bc1:192.168.34.1:33097, 72c22e3c-3c05-4243-bffb-0059d6f14df8:192.168.34.1:43192], old=null
2019-08-27 09:30:25,314 [72c22e3c-3c05-4243-bffb-0059d6f14df8:group-C900A224E225:LeaderElection9] INFO  impl.LeaderElection (LeaderElection.java:askForVotes(181)) - 72c22e3c-3c05-4243-bffb-0059d6f14df8:group-C900A224E225:LeaderElection9: begin an election at term 1 for -1: [d2df9428-4997-4acb-8edc-b870657dabff:192.168.34.1:33819, dc9c49c4-fcba-44d3-8e03-8b7afae22bc1:192.168.34.1:33097, 72c22e3c-3c05-4243-bffb-0059d6f14df8:192.168.34.1:43192], old=null
2019-08-27 09:30:25,314 [dc9c49c4-fcba-44d3-8e03-8b7afae22bc1:group-C900A224E225:LeaderElection10] INFO  impl.LeaderElection (LeaderElection.java:askForVotes(181)) - dc9c49c4-fcba-44d3-8e03-8b7afae22bc1:group-C900A224E225:LeaderElection10: begin an election at term 1 for -1: [d2df9428-4997-4acb-8edc-b870657dabff:192.168.34.1:33819, dc9c49c4-fcba-44d3-8e03-8b7afae22bc1:192.168.34.1:33097, 72c22e3c-3c05-4243-bffb-0059d6f14df8:192.168.34.1:43192], old=null
2019-08-27 09:30:25,318 [72c22e3c-3c05-4243-bffb-0059d6f14df8:group-C900A224E225:LeaderElection9] INFO  impl.LeaderElection (LogUtils.java:infoOrTrace(149)) - 72c22e3c-3c05-4243-bffb-0059d6f14df8:group-C900A224E225:LeaderElection9 got exception when requesting votes: {}
java.util.concurrent.ExecutionException: org.apache.ratis.thirdparty.io.grpc.StatusRuntimeException: UNAVAILABLE: io exception
	at java.util.concurrent.FutureTask.report(FutureTask.java:122)
	at java.util.concurrent.FutureTask.get(FutureTask.java:192)
	at org.apache.ratis.server.impl.LeaderElection.waitForResults(LeaderElection.java:262)
	at org.apache.ratis.server.impl.LeaderElection.askForVotes(LeaderElection.java:200)
	at org.apache.ratis.server.impl.LeaderElection.run(LeaderElection.java:130)
	at java.lang.Thread.run(Thread.java:748)
Caused by: org.apache.ratis.thirdparty.io.grpc.StatusRuntimeException: UNAVAILABLE: io exception
	at org.apache.ratis.thirdparty.io.grpc.stub.ClientCalls.toStatusRuntimeException(ClientCalls.java:233)
	at org.apache.ratis.thirdparty.io.grpc.stub.ClientCalls.getUnchecked(ClientCalls.java:214)
	at org.apache.ratis.thirdparty.io.grpc.stub.ClientCalls.blockingUnaryCall(ClientCalls.java:139)
	at org.apache.ratis.proto.grpc.RaftServerProtocolServiceGrpc$RaftServerProtocolServiceBlockingStub.requestVote(RaftServerProtocolServiceGrpc.java:265)
	at org.apache.ratis.grpc.server.GrpcServerProtocolClient.requestVote(GrpcServerProtocolClient.java:83)
	at org.apache.ratis.grpc.server.GrpcService.requestVote(GrpcService.java:195)
	at org.apache.ratis.server.impl.LeaderElection.lambda$submitRequests$1(LeaderElection.java:237)
	at java.util.concurrent.FutureTask.run(FutureTask.java:266)
	at java.util.concurrent.Executors$RunnableAdapter.call(Executors.java:511)
	at java.util.concurrent.FutureTask.run(FutureTask.java:266)
	at java.util.concurrent.ThreadPoolExecutor.runWorker(ThreadPoolExecutor.java:1149)
	at java.util.concurrent.ThreadPoolExecutor$Worker.run(ThreadPoolExecutor.java:624)
	... 1 more
Caused by: org.apache.ratis.thirdparty.io.netty.channel.AbstractChannel$AnnotatedConnectException: Connection refused: /192.168.34.1:33819
	at sun.nio.ch.SocketChannelImpl.checkConnect(Native Method)
	at sun.nio.ch.SocketChannelImpl.finishConnect(SocketChannelImpl.java:717)
	at org.apache.ratis.thirdparty.io.netty.channel.socket.nio.NioSocketChannel.doFinishConnect(NioSocketChannel.java:327)
	at org.apache.ratis.thirdparty.io.netty.channel.nio.AbstractNioChannel$AbstractNioUnsafe.finishConnect(AbstractNioChannel.java:340)
	at org.apache.ratis.thirdparty.io.netty.channel.nio.NioEventLoop.processSelectedKey(NioEventLoop.java:632)
	at org.apache.ratis.thirdparty.io.netty.channel.nio.NioEventLoop.processSelectedKeysOptimized(NioEventLoop.java:579)
	at org.apache.ratis.thirdparty.io.netty.channel.nio.NioEventLoop.processSelectedKeys(NioEventLoop.java:496)
	at org.apache.ratis.thirdparty.io.netty.channel.nio.NioEventLoop.run(NioEventLoop.java:458)
	at org.apache.ratis.thirdparty.io.netty.util.concurrent.SingleThreadEventExecutor$5.run(SingleThreadEventExecutor.java:897)
	at org.apache.ratis.thirdparty.io.netty.util.concurrent.FastThreadLocalRunnable.run(FastThreadLocalRunnable.java:30)
	... 1 more
Caused by: java.net.ConnectException: Connection refused
	... 11 more
2019-08-27 09:30:25,320 [72c22e3c-3c05-4243-bffb-0059d6f14df8:group-452BC1B4A176:LeaderElection8] INFO  impl.LeaderElection (LogUtils.java:infoOrTrace(149)) - 72c22e3c-3c05-4243-bffb-0059d6f14df8:group-452BC1B4A176:LeaderElection8 got exception when requesting votes: {}
java.util.concurrent.ExecutionException: org.apache.ratis.thirdparty.io.grpc.StatusRuntimeException: UNAVAILABLE: io exception
	at java.util.concurrent.FutureTask.report(FutureTask.java:122)
	at java.util.concurrent.FutureTask.get(FutureTask.java:192)
	at org.apache.ratis.server.impl.LeaderElection.waitForResults(LeaderElection.java:262)
	at org.apache.ratis.server.impl.LeaderElection.askForVotes(LeaderElection.java:200)
	at org.apache.ratis.server.impl.LeaderElection.run(LeaderElection.java:130)
	at java.lang.Thread.run(Thread.java:748)
Caused by: org.apache.ratis.thirdparty.io.grpc.StatusRuntimeException: UNAVAILABLE: io exception
	at org.apache.ratis.thirdparty.io.grpc.stub.ClientCalls.toStatusRuntimeException(ClientCalls.java:233)
	at org.apache.ratis.thirdparty.io.grpc.stub.ClientCalls.getUnchecked(ClientCalls.java:214)
	at org.apache.ratis.thirdparty.io.grpc.stub.ClientCalls.blockingUnaryCall(ClientCalls.java:139)
	at org.apache.ratis.proto.grpc.RaftServerProtocolServiceGrpc$RaftServerProtocolServiceBlockingStub.requestVote(RaftServerProtocolServiceGrpc.java:265)
	at org.apache.ratis.grpc.server.GrpcServerProtocolClient.requestVote(GrpcServerProtocolClient.java:83)
	at org.apache.ratis.grpc.server.GrpcService.requestVote(GrpcService.java:195)
	at org.apache.ratis.server.impl.LeaderElection.lambda$submitRequests$1(LeaderElection.java:237)
	at java.util.concurrent.FutureTask.run(FutureTask.java:266)
	at java.util.concurrent.Executors$RunnableAdapter.call(Executors.java:511)
	at java.util.concurrent.FutureTask.run(FutureTask.java:266)
	at java.util.concurrent.ThreadPoolExecutor.runWorker(ThreadPoolExecutor.java:1149)
	at java.util.concurrent.ThreadPoolExecutor$Worker.run(ThreadPoolExecutor.java:624)
	... 1 more
Caused by: org.apache.ratis.thirdparty.io.netty.channel.AbstractChannel$AnnotatedConnectException: Connection refused: /192.168.34.1:33819
	at sun.nio.ch.SocketChannelImpl.checkConnect(Native Method)
	at sun.nio.ch.SocketChannelImpl.finishConnect(SocketChannelImpl.java:717)
	at org.apache.ratis.thirdparty.io.netty.channel.socket.nio.NioSocketChannel.doFinishConnect(NioSocketChannel.java:327)
	at org.apache.ratis.thirdparty.io.netty.channel.nio.AbstractNioChannel$AbstractNioUnsafe.finishConnect(AbstractNioChannel.java:340)
	at org.apache.ratis.thirdparty.io.netty.channel.nio.NioEventLoop.processSelectedKey(NioEventLoop.java:632)
	at org.apache.ratis.thirdparty.io.netty.channel.nio.NioEventLoop.processSelectedKeysOptimized(NioEventLoop.java:579)
	at org.apache.ratis.thirdparty.io.netty.channel.nio.NioEventLoop.processSelectedKeys(NioEventLoop.java:496)
	at org.apache.ratis.thirdparty.io.netty.channel.nio.NioEventLoop.run(NioEventLoop.java:458)
	at org.apache.ratis.thirdparty.io.netty.util.concurrent.SingleThreadEventExecutor$5.run(SingleThreadEventExecutor.java:897)
	at org.apache.ratis.thirdparty.io.netty.util.concurrent.FastThreadLocalRunnable.run(FastThreadLocalRunnable.java:30)
	... 1 more
Caused by: java.net.ConnectException: Connection refused
	... 11 more
2019-08-27 09:30:25,330 [grpc-default-executor-4] WARN  server.GrpcLogAppender (LogUtils.java:warn(134)) - 72c22e3c-3c05-4243-bffb-0059d6f14df8->d2df9428-4997-4acb-8edc-b870657dabff: Failed appendEntries: org.apache.ratis.thirdparty.io.grpc.StatusRuntimeException: UNAVAILABLE: io exception
2019-08-27 09:30:25,331 [dc9c49c4-fcba-44d3-8e03-8b7afae22bc1:group-C900A224E225:LeaderElection10] INFO  impl.LeaderElection (LogUtils.java:infoOrTrace(149)) - dc9c49c4-fcba-44d3-8e03-8b7afae22bc1:group-C900A224E225:LeaderElection10 got exception when requesting votes: {}
java.util.concurrent.ExecutionException: org.apache.ratis.thirdparty.io.grpc.StatusRuntimeException: UNAVAILABLE: io exception
	at java.util.concurrent.FutureTask.report(FutureTask.java:122)
	at java.util.concurrent.FutureTask.get(FutureTask.java:192)
	at org.apache.ratis.server.impl.LeaderElection.waitForResults(LeaderElection.java:262)
	at org.apache.ratis.server.impl.LeaderElection.askForVotes(LeaderElection.java:200)
	at org.apache.ratis.server.impl.LeaderElection.run(LeaderElection.java:130)
	at java.lang.Thread.run(Thread.java:748)
Caused by: org.apache.ratis.thirdparty.io.grpc.StatusRuntimeException: UNAVAILABLE: io exception
	at org.apache.ratis.thirdparty.io.grpc.stub.ClientCalls.toStatusRuntimeException(ClientCalls.java:233)
	at org.apache.ratis.thirdparty.io.grpc.stub.ClientCalls.getUnchecked(ClientCalls.java:214)
	at org.apache.ratis.thirdparty.io.grpc.stub.ClientCalls.blockingUnaryCall(ClientCalls.java:139)
	at org.apache.ratis.proto.grpc.RaftServerProtocolServiceGrpc$RaftServerProtocolServiceBlockingStub.requestVote(RaftServerProtocolServiceGrpc.java:265)
	at org.apache.ratis.grpc.server.GrpcServerProtocolClient.requestVote(GrpcServerProtocolClient.java:83)
	at org.apache.ratis.grpc.server.GrpcService.requestVote(GrpcService.java:195)
	at org.apache.ratis.server.impl.LeaderElection.lambda$submitRequests$1(LeaderElection.java:237)
	at java.util.concurrent.FutureTask.run(FutureTask.java:266)
	at java.util.concurrent.Executors$RunnableAdapter.call(Executors.java:511)
	at java.util.concurrent.FutureTask.run(FutureTask.java:266)
	at java.util.concurrent.ThreadPoolExecutor.runWorker(ThreadPoolExecutor.java:1149)
	at java.util.concurrent.ThreadPoolExecutor$Worker.run(ThreadPoolExecutor.java:624)
	... 1 more
Caused by: org.apache.ratis.thirdparty.io.netty.channel.AbstractChannel$AnnotatedConnectException: Connection refused: /192.168.34.1:33819
	at sun.nio.ch.SocketChannelImpl.checkConnect(Native Method)
	at sun.nio.ch.SocketChannelImpl.finishConnect(SocketChannelImpl.java:717)
	at org.apache.ratis.thirdparty.io.netty.channel.socket.nio.NioSocketChannel.doFinishConnect(NioSocketChannel.java:327)
	at org.apache.ratis.thirdparty.io.netty.channel.nio.AbstractNioChannel$AbstractNioUnsafe.finishConnect(AbstractNioChannel.java:340)
	at org.apache.ratis.thirdparty.io.netty.channel.nio.NioEventLoop.processSelectedKey(NioEventLoop.java:632)
	at org.apache.ratis.thirdparty.io.netty.channel.nio.NioEventLoop.processSelectedKeysOptimized(NioEventLoop.java:579)
	at org.apache.ratis.thirdparty.io.netty.channel.nio.NioEventLoop.processSelectedKeys(NioEventLoop.java:496)
	at org.apache.ratis.thirdparty.io.netty.channel.nio.NioEventLoop.run(NioEventLoop.java:458)
	at org.apache.ratis.thirdparty.io.netty.util.concurrent.SingleThreadEventExecutor$5.run(SingleThreadEventExecutor.java:897)
	at org.apache.ratis.thirdparty.io.netty.util.concurrent.FastThreadLocalRunnable.run(FastThreadLocalRunnable.java:30)
	... 1 more
Caused by: java.net.ConnectException: Connection refused
	... 11 more
2019-08-27 09:30:25,336 [grpc-default-executor-4] INFO  impl.FollowerInfo (FollowerInfo.java:lambda$new$0(50)) - 72c22e3c-3c05-4243-bffb-0059d6f14df8->d2df9428-4997-4acb-8edc-b870657dabff: nextIndex: updateUnconditionally 0 -> 0
2019-08-27 09:30:25,331 [dc9c49c4-fcba-44d3-8e03-8b7afae22bc1:group-452BC1B4A176:LeaderElection7] INFO  impl.LeaderElection (LogUtils.java:infoOrTrace(149)) - dc9c49c4-fcba-44d3-8e03-8b7afae22bc1:group-452BC1B4A176:LeaderElection7 got exception when requesting votes: {}
java.util.concurrent.ExecutionException: org.apache.ratis.thirdparty.io.grpc.StatusRuntimeException: UNAVAILABLE: io exception
	at java.util.concurrent.FutureTask.report(FutureTask.java:122)
	at java.util.concurrent.FutureTask.get(FutureTask.java:192)
	at org.apache.ratis.server.impl.LeaderElection.waitForResults(LeaderElection.java:262)
	at org.apache.ratis.server.impl.LeaderElection.askForVotes(LeaderElection.java:200)
	at org.apache.ratis.server.impl.LeaderElection.run(LeaderElection.java:130)
	at java.lang.Thread.run(Thread.java:748)
Caused by: org.apache.ratis.thirdparty.io.grpc.StatusRuntimeException: UNAVAILABLE: io exception
	at org.apache.ratis.thirdparty.io.grpc.stub.ClientCalls.toStatusRuntimeException(ClientCalls.java:233)
	at org.apache.ratis.thirdparty.io.grpc.stub.ClientCalls.getUnchecked(ClientCalls.java:214)
	at org.apache.ratis.thirdparty.io.grpc.stub.ClientCalls.blockingUnaryCall(ClientCalls.java:139)
	at org.apache.ratis.proto.grpc.RaftServerProtocolServiceGrpc$RaftServerProtocolServiceBlockingStub.requestVote(RaftServerProtocolServiceGrpc.java:265)
	at org.apache.ratis.grpc.server.GrpcServerProtocolClient.requestVote(GrpcServerProtocolClient.java:83)
	at org.apache.ratis.grpc.server.GrpcService.requestVote(GrpcService.java:195)
	at org.apache.ratis.server.impl.LeaderElection.lambda$submitRequests$1(LeaderElection.java:237)
	at java.util.concurrent.FutureTask.run(FutureTask.java:266)
	at java.util.concurrent.Executors$RunnableAdapter.call(Executors.java:511)
	at java.util.concurrent.FutureTask.run(FutureTask.java:266)
	at java.util.concurrent.ThreadPoolExecutor.runWorker(ThreadPoolExecutor.java:1149)
	at java.util.concurrent.ThreadPoolExecutor$Worker.run(ThreadPoolExecutor.java:624)
	... 1 more
Caused by: org.apache.ratis.thirdparty.io.netty.channel.AbstractChannel$AnnotatedConnectException: Connection refused: /192.168.34.1:33819
	at sun.nio.ch.SocketChannelImpl.checkConnect(Native Method)
	at sun.nio.ch.SocketChannelImpl.finishConnect(SocketChannelImpl.java:717)
	at org.apache.ratis.thirdparty.io.netty.channel.socket.nio.NioSocketChannel.doFinishConnect(NioSocketChannel.java:327)
	at org.apache.ratis.thirdparty.io.netty.channel.nio.AbstractNioChannel$AbstractNioUnsafe.finishConnect(AbstractNioChannel.java:340)
	at org.apache.ratis.thirdparty.io.netty.channel.nio.NioEventLoop.processSelectedKey(NioEventLoop.java:632)
	at org.apache.ratis.thirdparty.io.netty.channel.nio.NioEventLoop.processSelectedKeysOptimized(NioEventLoop.java:579)
	at org.apache.ratis.thirdparty.io.netty.channel.nio.NioEventLoop.processSelectedKeys(NioEventLoop.java:496)
	at org.apache.ratis.thirdparty.io.netty.channel.nio.NioEventLoop.run(NioEventLoop.java:458)
	at org.apache.ratis.thirdparty.io.netty.util.concurrent.SingleThreadEventExecutor$5.run(SingleThreadEventExecutor.java:897)
	at org.apache.ratis.thirdparty.io.netty.util.concurrent.FastThreadLocalRunnable.run(FastThreadLocalRunnable.java:30)
	... 1 more
Caused by: java.net.ConnectException: Connection refused
	... 11 more
2019-08-27 09:30:25,347 [72c22e3c-3c05-4243-bffb-0059d6f14df8:group-452BC1B4A176:LeaderElection8] INFO  impl.LeaderElection (LeaderElection.java:logAndReturn(56)) - 72c22e3c-3c05-4243-bffb-0059d6f14df8:group-452BC1B4A176:LeaderElection8: Election REJECTED; received 1 response(s) [72c22e3c-3c05-4243-bffb-0059d6f14df8<-dc9c49c4-fcba-44d3-8e03-8b7afae22bc1#0:FAIL-t1] and 1 exception(s); 72c22e3c-3c05-4243-bffb-0059d6f14df8:t1, leader=null, voted=72c22e3c-3c05-4243-bffb-0059d6f14df8, raftlog=72c22e3c-3c05-4243-bffb-0059d6f14df8-SegmentedRaftLog:OPENED:c-1,f-1,i0, conf=-1: [d2df9428-4997-4acb-8edc-b870657dabff:192.168.34.1:33819, dc9c49c4-fcba-44d3-8e03-8b7afae22bc1:192.168.34.1:33097, 72c22e3c-3c05-4243-bffb-0059d6f14df8:192.168.34.1:43192], old=null
2019-08-27 09:30:25,347 [72c22e3c-3c05-4243-bffb-0059d6f14df8:group-452BC1B4A176:LeaderElection8] INFO  impl.LeaderElection (LogUtils.java:infoOrTrace(149)) -   Exception 0: {}
java.util.concurrent.ExecutionException: org.apache.ratis.thirdparty.io.grpc.StatusRuntimeException: UNAVAILABLE: io exception
	at java.util.concurrent.FutureTask.report(FutureTask.java:122)
	at java.util.concurrent.FutureTask.get(FutureTask.java:192)
	at org.apache.ratis.server.impl.LeaderElection.waitForResults(LeaderElection.java:262)
	at org.apache.ratis.server.impl.LeaderElection.askForVotes(LeaderElection.java:200)
	at org.apache.ratis.server.impl.LeaderElection.run(LeaderElection.java:130)
	at java.lang.Thread.run(Thread.java:748)
Caused by: org.apache.ratis.thirdparty.io.grpc.StatusRuntimeException: UNAVAILABLE: io exception
	at org.apache.ratis.thirdparty.io.grpc.stub.ClientCalls.toStatusRuntimeException(ClientCalls.java:233)
	at org.apache.ratis.thirdparty.io.grpc.stub.ClientCalls.getUnchecked(ClientCalls.java:214)
	at org.apache.ratis.thirdparty.io.grpc.stub.ClientCalls.blockingUnaryCall(ClientCalls.java:139)
	at org.apache.ratis.proto.grpc.RaftServerProtocolServiceGrpc$RaftServerProtocolServiceBlockingStub.requestVote(RaftServerProtocolServiceGrpc.java:265)
	at org.apache.ratis.grpc.server.GrpcServerProtocolClient.requestVote(GrpcServerProtocolClient.java:83)
	at org.apache.ratis.grpc.server.GrpcService.requestVote(GrpcService.java:195)
	at org.apache.ratis.server.impl.LeaderElection.lambda$submitRequests$1(LeaderElection.java:237)
	at java.util.concurrent.FutureTask.run(FutureTask.java:266)
	at java.util.concurrent.Executors$RunnableAdapter.call(Executors.java:511)
	at java.util.concurrent.FutureTask.run(FutureTask.java:266)
	at java.util.concurrent.ThreadPoolExecutor.runWorker(ThreadPoolExecutor.java:1149)
	at java.util.concurrent.ThreadPoolExecutor$Worker.run(ThreadPoolExecutor.java:624)
	... 1 more
Caused by: org.apache.ratis.thirdparty.io.netty.channel.AbstractChannel$AnnotatedConnectException: Connection refused: /192.168.34.1:33819
	at sun.nio.ch.SocketChannelImpl.checkConnect(Native Method)
	at sun.nio.ch.SocketChannelImpl.finishConnect(SocketChannelImpl.java:717)
	at org.apache.ratis.thirdparty.io.netty.channel.socket.nio.NioSocketChannel.doFinishConnect(NioSocketChannel.java:327)
	at org.apache.ratis.thirdparty.io.netty.channel.nio.AbstractNioChannel$AbstractNioUnsafe.finishConnect(AbstractNioChannel.java:340)
	at org.apache.ratis.thirdparty.io.netty.channel.nio.NioEventLoop.processSelectedKey(NioEventLoop.java:632)
	at org.apache.ratis.thirdparty.io.netty.channel.nio.NioEventLoop.processSelectedKeysOptimized(NioEventLoop.java:579)
	at org.apache.ratis.thirdparty.io.netty.channel.nio.NioEventLoop.processSelectedKeys(NioEventLoop.java:496)
	at org.apache.ratis.thirdparty.io.netty.channel.nio.NioEventLoop.run(NioEventLoop.java:458)
	at org.apache.ratis.thirdparty.io.netty.util.concurrent.SingleThreadEventExecutor$5.run(SingleThreadEventExecutor.java:897)
	at org.apache.ratis.thirdparty.io.netty.util.concurrent.FastThreadLocalRunnable.run(FastThreadLocalRunnable.java:30)
	... 1 more
Caused by: java.net.ConnectException: Connection refused
	... 11 more
2019-08-27 09:30:25,352 [72c22e3c-3c05-4243-bffb-0059d6f14df8:group-C900A224E225:LeaderElection9] INFO  impl.LeaderElection (LeaderElection.java:logAndReturn(56)) - 72c22e3c-3c05-4243-bffb-0059d6f14df8:group-C900A224E225:LeaderElection9: Election REJECTED; received 1 response(s) [72c22e3c-3c05-4243-bffb-0059d6f14df8<-dc9c49c4-fcba-44d3-8e03-8b7afae22bc1#0:FAIL-t1] and 1 exception(s); 72c22e3c-3c05-4243-bffb-0059d6f14df8:t1, leader=null, voted=72c22e3c-3c05-4243-bffb-0059d6f14df8, raftlog=72c22e3c-3c05-4243-bffb-0059d6f14df8-SegmentedRaftLog:OPENED:c-1,f-1,i0, conf=-1: [d2df9428-4997-4acb-8edc-b870657dabff:192.168.34.1:33819, dc9c49c4-fcba-44d3-8e03-8b7afae22bc1:192.168.34.1:33097, 72c22e3c-3c05-4243-bffb-0059d6f14df8:192.168.34.1:43192], old=null
2019-08-27 09:30:25,354 [72c22e3c-3c05-4243-bffb-0059d6f14df8:group-452BC1B4A176:LeaderElection8] INFO  impl.RaftServerImpl (RaftServerImpl.java:setRole(171)) - 72c22e3c-3c05-4243-bffb-0059d6f14df8:group-452BC1B4A176 changes role from CANDIDATE to FOLLOWER at term 1 for DISCOVERED_A_NEW_TERM
2019-08-27 09:30:25,356 [72c22e3c-3c05-4243-bffb-0059d6f14df8:group-452BC1B4A176:LeaderElection8] INFO  impl.RoleInfo (RoleInfo.java:shutdownLeaderElection(134)) - 72c22e3c-3c05-4243-bffb-0059d6f14df8: shutdown LeaderElection
2019-08-27 09:30:25,354 [72c22e3c-3c05-4243-bffb-0059d6f14df8:group-C900A224E225:LeaderElection9] INFO  impl.LeaderElection (LogUtils.java:infoOrTrace(149)) -   Exception 0: {}
java.util.concurrent.ExecutionException: org.apache.ratis.thirdparty.io.grpc.StatusRuntimeException: UNAVAILABLE: io exception
	at java.util.concurrent.FutureTask.report(FutureTask.java:122)
	at java.util.concurrent.FutureTask.get(FutureTask.java:192)
	at org.apache.ratis.server.impl.LeaderElection.waitForResults(LeaderElection.java:262)
	at org.apache.ratis.server.impl.LeaderElection.askForVotes(LeaderElection.java:200)
	at org.apache.ratis.server.impl.LeaderElection.run(LeaderElection.java:130)
	at java.lang.Thread.run(Thread.java:748)
Caused by: org.apache.ratis.thirdparty.io.grpc.StatusRuntimeException: UNAVAILABLE: io exception
	at org.apache.ratis.thirdparty.io.grpc.stub.ClientCalls.toStatusRuntimeException(ClientCalls.java:233)
	at org.apache.ratis.thirdparty.io.grpc.stub.ClientCalls.getUnchecked(ClientCalls.java:214)
	at org.apache.ratis.thirdparty.io.grpc.stub.ClientCalls.blockingUnaryCall(ClientCalls.java:139)
	at org.apache.ratis.proto.grpc.RaftServerProtocolServiceGrpc$RaftServerProtocolServiceBlockingStub.requestVote(RaftServerProtocolServiceGrpc.java:265)
	at org.apache.ratis.grpc.server.GrpcServerProtocolClient.requestVote(GrpcServerProtocolClient.java:83)
	at org.apache.ratis.grpc.server.GrpcService.requestVote(GrpcService.java:195)
	at org.apache.ratis.server.impl.LeaderElection.lambda$submitRequests$1(LeaderElection.java:237)
	at java.util.concurrent.FutureTask.run(FutureTask.java:266)
	at java.util.concurrent.Executors$RunnableAdapter.call(Executors.java:511)
	at java.util.concurrent.FutureTask.run(FutureTask.java:266)
	at java.util.concurrent.ThreadPoolExecutor.runWorker(ThreadPoolExecutor.java:1149)
	at java.util.concurrent.ThreadPoolExecutor$Worker.run(ThreadPoolExecutor.java:624)
	... 1 more
Caused by: org.apache.ratis.thirdparty.io.netty.channel.AbstractChannel$AnnotatedConnectException: Connection refused: /192.168.34.1:33819
	at sun.nio.ch.SocketChannelImpl.checkConnect(Native Method)
	at sun.nio.ch.SocketChannelImpl.finishConnect(SocketChannelImpl.java:717)
	at org.apache.ratis.thirdparty.io.netty.channel.socket.nio.NioSocketChannel.doFinishConnect(NioSocketChannel.java:327)
	at org.apache.ratis.thirdparty.io.netty.channel.nio.AbstractNioChannel$AbstractNioUnsafe.finishConnect(AbstractNioChannel.java:340)
	at org.apache.ratis.thirdparty.io.netty.channel.nio.NioEventLoop.processSelectedKey(NioEventLoop.java:632)
	at org.apache.ratis.thirdparty.io.netty.channel.nio.NioEventLoop.processSelectedKeysOptimized(NioEventLoop.java:579)
	at org.apache.ratis.thirdparty.io.netty.channel.nio.NioEventLoop.processSelectedKeys(NioEventLoop.java:496)
	at org.apache.ratis.thirdparty.io.netty.channel.nio.NioEventLoop.run(NioEventLoop.java:458)
	at org.apache.ratis.thirdparty.io.netty.util.concurrent.SingleThreadEventExecutor$5.run(SingleThreadEventExecutor.java:897)
	at org.apache.ratis.thirdparty.io.netty.util.concurrent.FastThreadLocalRunnable.run(FastThreadLocalRunnable.java:30)
	... 1 more
Caused by: java.net.ConnectException: Connection refused
	... 11 more
2019-08-27 09:30:25,357 [72c22e3c-3c05-4243-bffb-0059d6f14df8:group-452BC1B4A176:LeaderElection8] INFO  impl.RoleInfo (RoleInfo.java:updateAndGet(143)) - 72c22e3c-3c05-4243-bffb-0059d6f14df8: start FollowerState
2019-08-27 09:30:25,358 [72c22e3c-3c05-4243-bffb-0059d6f14df8:group-C900A224E225:LeaderElection9] INFO  impl.RaftServerImpl (RaftServerImpl.java:setRole(171)) - 72c22e3c-3c05-4243-bffb-0059d6f14df8:group-C900A224E225 changes role from CANDIDATE to FOLLOWER at term 1 for DISCOVERED_A_NEW_TERM
2019-08-27 09:30:25,359 [72c22e3c-3c05-4243-bffb-0059d6f14df8:group-C900A224E225:LeaderElection9] INFO  impl.RoleInfo (RoleInfo.java:shutdownLeaderElection(134)) - 72c22e3c-3c05-4243-bffb-0059d6f14df8: shutdown LeaderElection
2019-08-27 09:30:25,360 [72c22e3c-3c05-4243-bffb-0059d6f14df8:group-C900A224E225:LeaderElection9] INFO  impl.RoleInfo (RoleInfo.java:updateAndGet(143)) - 72c22e3c-3c05-4243-bffb-0059d6f14df8: start FollowerState
2019-08-27 09:30:25,364 [dc9c49c4-fcba-44d3-8e03-8b7afae22bc1:group-452BC1B4A176:LeaderElection7] INFO  impl.LeaderElection (LeaderElection.java:logAndReturn(56)) - dc9c49c4-fcba-44d3-8e03-8b7afae22bc1:group-452BC1B4A176:LeaderElection7: Election REJECTED; received 1 response(s) [dc9c49c4-fcba-44d3-8e03-8b7afae22bc1<-72c22e3c-3c05-4243-bffb-0059d6f14df8#0:FAIL-t1] and 1 exception(s); dc9c49c4-fcba-44d3-8e03-8b7afae22bc1:t1, leader=null, voted=dc9c49c4-fcba-44d3-8e03-8b7afae22bc1, raftlog=dc9c49c4-fcba-44d3-8e03-8b7afae22bc1-SegmentedRaftLog:OPENED:c-1,f-1,i0, conf=-1: [d2df9428-4997-4acb-8edc-b870657dabff:192.168.34.1:33819, dc9c49c4-fcba-44d3-8e03-8b7afae22bc1:192.168.34.1:33097, 72c22e3c-3c05-4243-bffb-0059d6f14df8:192.168.34.1:43192], old=null
2019-08-27 09:30:25,364 [dc9c49c4-fcba-44d3-8e03-8b7afae22bc1:group-452BC1B4A176:LeaderElection7] INFO  impl.LeaderElection (LogUtils.java:infoOrTrace(149)) -   Exception 0: {}
java.util.concurrent.ExecutionException: org.apache.ratis.thirdparty.io.grpc.StatusRuntimeException: UNAVAILABLE: io exception
	at java.util.concurrent.FutureTask.report(FutureTask.java:122)
	at java.util.concurrent.FutureTask.get(FutureTask.java:192)
	at org.apache.ratis.server.impl.LeaderElection.waitForResults(LeaderElection.java:262)
	at org.apache.ratis.server.impl.LeaderElection.askForVotes(LeaderElection.java:200)
	at org.apache.ratis.server.impl.LeaderElection.run(LeaderElection.java:130)
	at java.lang.Thread.run(Thread.java:748)
Caused by: org.apache.ratis.thirdparty.io.grpc.StatusRuntimeException: UNAVAILABLE: io exception
	at org.apache.ratis.thirdparty.io.grpc.stub.ClientCalls.toStatusRuntimeException(ClientCalls.java:233)
	at org.apache.ratis.thirdparty.io.grpc.stub.ClientCalls.getUnchecked(ClientCalls.java:214)
	at org.apache.ratis.thirdparty.io.grpc.stub.ClientCalls.blockingUnaryCall(ClientCalls.java:139)
	at org.apache.ratis.proto.grpc.RaftServerProtocolServiceGrpc$RaftServerProtocolServiceBlockingStub.requestVote(RaftServerProtocolServiceGrpc.java:265)
	at org.apache.ratis.grpc.server.GrpcServerProtocolClient.requestVote(GrpcServerProtocolClient.java:83)
	at org.apache.ratis.grpc.server.GrpcService.requestVote(GrpcService.java:195)
	at org.apache.ratis.server.impl.LeaderElection.lambda$submitRequests$1(LeaderElection.java:237)
	at java.util.concurrent.FutureTask.run(FutureTask.java:266)
	at java.util.concurrent.Executors$RunnableAdapter.call(Executors.java:511)
	at java.util.concurrent.FutureTask.run(FutureTask.java:266)
	at java.util.concurrent.ThreadPoolExecutor.runWorker(ThreadPoolExecutor.java:1149)
	at java.util.concurrent.ThreadPoolExecutor$Worker.run(ThreadPoolExecutor.java:624)
	... 1 more
Caused by: org.apache.ratis.thirdparty.io.netty.channel.AbstractChannel$AnnotatedConnectException: Connection refused: /192.168.34.1:33819
	at sun.nio.ch.SocketChannelImpl.checkConnect(Native Method)
	at sun.nio.ch.SocketChannelImpl.finishConnect(SocketChannelImpl.java:717)
	at org.apache.ratis.thirdparty.io.netty.channel.socket.nio.NioSocketChannel.doFinishConnect(NioSocketChannel.java:327)
	at org.apache.ratis.thirdparty.io.netty.channel.nio.AbstractNioChannel$AbstractNioUnsafe.finishConnect(AbstractNioChannel.java:340)
	at org.apache.ratis.thirdparty.io.netty.channel.nio.NioEventLoop.processSelectedKey(NioEventLoop.java:632)
	at org.apache.ratis.thirdparty.io.netty.channel.nio.NioEventLoop.processSelectedKeysOptimized(NioEventLoop.java:579)
	at org.apache.ratis.thirdparty.io.netty.channel.nio.NioEventLoop.processSelectedKeys(NioEventLoop.java:496)
	at org.apache.ratis.thirdparty.io.netty.channel.nio.NioEventLoop.run(NioEventLoop.java:458)
	at org.apache.ratis.thirdparty.io.netty.util.concurrent.SingleThreadEventExecutor$5.run(SingleThreadEventExecutor.java:897)
	at org.apache.ratis.thirdparty.io.netty.util.concurrent.FastThreadLocalRunnable.run(FastThreadLocalRunnable.java:30)
	... 1 more
Caused by: java.net.ConnectException: Connection refused
	... 11 more
2019-08-27 09:30:25,364 [dc9c49c4-fcba-44d3-8e03-8b7afae22bc1:group-C900A224E225:LeaderElection10] INFO  impl.LeaderElection (LeaderElection.java:logAndReturn(56)) - dc9c49c4-fcba-44d3-8e03-8b7afae22bc1:group-C900A224E225:LeaderElection10: Election REJECTED; received 1 response(s) [dc9c49c4-fcba-44d3-8e03-8b7afae22bc1<-72c22e3c-3c05-4243-bffb-0059d6f14df8#0:FAIL-t1] and 1 exception(s); dc9c49c4-fcba-44d3-8e03-8b7afae22bc1:t1, leader=null, voted=dc9c49c4-fcba-44d3-8e03-8b7afae22bc1, raftlog=dc9c49c4-fcba-44d3-8e03-8b7afae22bc1-SegmentedRaftLog:OPENED:c-1,f-1,i0, conf=-1: [d2df9428-4997-4acb-8edc-b870657dabff:192.168.34.1:33819, dc9c49c4-fcba-44d3-8e03-8b7afae22bc1:192.168.34.1:33097, 72c22e3c-3c05-4243-bffb-0059d6f14df8:192.168.34.1:43192], old=null
2019-08-27 09:30:25,369 [dc9c49c4-fcba-44d3-8e03-8b7afae22bc1:group-C900A224E225:LeaderElection10] INFO  impl.LeaderElection (LogUtils.java:infoOrTrace(149)) -   Exception 0: {}
java.util.concurrent.ExecutionException: org.apache.ratis.thirdparty.io.grpc.StatusRuntimeException: UNAVAILABLE: io exception
	at java.util.concurrent.FutureTask.report(FutureTask.java:122)
	at java.util.concurrent.FutureTask.get(FutureTask.java:192)
	at org.apache.ratis.server.impl.LeaderElection.waitForResults(LeaderElection.java:262)
	at org.apache.ratis.server.impl.LeaderElection.askForVotes(LeaderElection.java:200)
	at org.apache.ratis.server.impl.LeaderElection.run(LeaderElection.java:130)
	at java.lang.Thread.run(Thread.java:748)
Caused by: org.apache.ratis.thirdparty.io.grpc.StatusRuntimeException: UNAVAILABLE: io exception
	at org.apache.ratis.thirdparty.io.grpc.stub.ClientCalls.toStatusRuntimeException(ClientCalls.java:233)
	at org.apache.ratis.thirdparty.io.grpc.stub.ClientCalls.getUnchecked(ClientCalls.java:214)
	at org.apache.ratis.thirdparty.io.grpc.stub.ClientCalls.blockingUnaryCall(ClientCalls.java:139)
	at org.apache.ratis.proto.grpc.RaftServerProtocolServiceGrpc$RaftServerProtocolServiceBlockingStub.requestVote(RaftServerProtocolServiceGrpc.java:265)
	at org.apache.ratis.grpc.server.GrpcServerProtocolClient.requestVote(GrpcServerProtocolClient.java:83)
	at org.apache.ratis.grpc.server.GrpcService.requestVote(GrpcService.java:195)
	at org.apache.ratis.server.impl.LeaderElection.lambda$submitRequests$1(LeaderElection.java:237)
	at java.util.concurrent.FutureTask.run(FutureTask.java:266)
	at java.util.concurrent.Executors$RunnableAdapter.call(Executors.java:511)
	at java.util.concurrent.FutureTask.run(FutureTask.java:266)
	at java.util.concurrent.ThreadPoolExecutor.runWorker(ThreadPoolExecutor.java:1149)
	at java.util.concurrent.ThreadPoolExecutor$Worker.run(ThreadPoolExecutor.java:624)
	... 1 more
Caused by: org.apache.ratis.thirdparty.io.netty.channel.AbstractChannel$AnnotatedConnectException: Connection refused: /192.168.34.1:33819
	at sun.nio.ch.SocketChannelImpl.checkConnect(Native Method)
	at sun.nio.ch.SocketChannelImpl.finishConnect(SocketChannelImpl.java:717)
	at org.apache.ratis.thirdparty.io.netty.channel.socket.nio.NioSocketChannel.doFinishConnect(NioSocketChannel.java:327)
	at org.apache.ratis.thirdparty.io.netty.channel.nio.AbstractNioChannel$AbstractNioUnsafe.finishConnect(AbstractNioChannel.java:340)
	at org.apache.ratis.thirdparty.io.netty.channel.nio.NioEventLoop.processSelectedKey(NioEventLoop.java:632)
	at org.apache.ratis.thirdparty.io.netty.channel.nio.NioEventLoop.processSelectedKeysOptimized(NioEventLoop.java:579)
	at org.apache.ratis.thirdparty.io.netty.channel.nio.NioEventLoop.processSelectedKeys(NioEventLoop.java:496)
	at org.apache.ratis.thirdparty.io.netty.channel.nio.NioEventLoop.run(NioEventLoop.java:458)
	at org.apache.ratis.thirdparty.io.netty.util.concurrent.SingleThreadEventExecutor$5.run(SingleThreadEventExecutor.java:897)
	at org.apache.ratis.thirdparty.io.netty.util.concurrent.FastThreadLocalRunnable.run(FastThreadLocalRunnable.java:30)
	... 1 more
Caused by: java.net.ConnectException: Connection refused
	... 11 more
2019-08-27 09:30:25,365 [dc9c49c4-fcba-44d3-8e03-8b7afae22bc1:group-452BC1B4A176:LeaderElection7] INFO  impl.RaftServerImpl (RaftServerImpl.java:setRole(171)) - dc9c49c4-fcba-44d3-8e03-8b7afae22bc1:group-452BC1B4A176 changes role from CANDIDATE to FOLLOWER at term 1 for DISCOVERED_A_NEW_TERM
2019-08-27 09:30:25,371 [dc9c49c4-fcba-44d3-8e03-8b7afae22bc1:group-C900A224E225:LeaderElection10] INFO  impl.RaftServerImpl (RaftServerImpl.java:setRole(171)) - dc9c49c4-fcba-44d3-8e03-8b7afae22bc1:group-C900A224E225 changes role from CANDIDATE to FOLLOWER at term 1 for DISCOVERED_A_NEW_TERM
2019-08-27 09:30:25,371 [grpc-default-executor-1] INFO  impl.RaftServerImpl (ServerState.java:setLeader(263)) - dc9c49c4-fcba-44d3-8e03-8b7afae22bc1:group-C8FAD5C087BC change Leader from null to 72c22e3c-3c05-4243-bffb-0059d6f14df8 at term 1 for appendEntries, leader elected after 5331ms
2019-08-27 09:30:25,373 [dc9c49c4-fcba-44d3-8e03-8b7afae22bc1:group-C900A224E225:LeaderElection10] INFO  impl.RoleInfo (RoleInfo.java:shutdownLeaderElection(134)) - dc9c49c4-fcba-44d3-8e03-8b7afae22bc1: shutdown LeaderElection
2019-08-27 09:30:25,373 [dc9c49c4-fcba-44d3-8e03-8b7afae22bc1:group-452BC1B4A176:LeaderElection7] INFO  impl.RoleInfo (RoleInfo.java:shutdownLeaderElection(134)) - dc9c49c4-fcba-44d3-8e03-8b7afae22bc1: shutdown LeaderElection
2019-08-27 09:30:25,374 [dc9c49c4-fcba-44d3-8e03-8b7afae22bc1:group-C900A224E225:LeaderElection10] INFO  impl.RoleInfo (RoleInfo.java:updateAndGet(143)) - dc9c49c4-fcba-44d3-8e03-8b7afae22bc1: start FollowerState
2019-08-27 09:30:25,374 [dc9c49c4-fcba-44d3-8e03-8b7afae22bc1:group-452BC1B4A176:LeaderElection7] INFO  impl.RoleInfo (RoleInfo.java:updateAndGet(143)) - dc9c49c4-fcba-44d3-8e03-8b7afae22bc1: start FollowerState
2019-08-27 09:30:25,374 [grpc-default-executor-3] WARN  server.GrpcLogAppender (LogUtils.java:warn(134)) - 72c22e3c-3c05-4243-bffb-0059d6f14df8->d2df9428-4997-4acb-8edc-b870657dabff: Failed appendEntries: org.apache.ratis.thirdparty.io.grpc.StatusRuntimeException: UNAVAILABLE: io exception
2019-08-27 09:30:25,378 [grpc-default-executor-3] INFO  impl.FollowerInfo (FollowerInfo.java:lambda$new$0(50)) - 72c22e3c-3c05-4243-bffb-0059d6f14df8->d2df9428-4997-4acb-8edc-b870657dabff: nextIndex: updateUnconditionally 1 -> 0
2019-08-27 09:30:25,398 [grpc-default-executor-1] INFO  impl.RaftServerImpl (ServerState.java:setRaftConf(361)) - dc9c49c4-fcba-44d3-8e03-8b7afae22bc1:group-C8FAD5C087BC set configuration 0: [d2df9428-4997-4acb-8edc-b870657dabff:192.168.34.1:33819, dc9c49c4-fcba-44d3-8e03-8b7afae22bc1:192.168.34.1:33097, 72c22e3c-3c05-4243-bffb-0059d6f14df8:192.168.34.1:43192], old=null at 0
2019-08-27 09:30:25,398 [grpc-default-executor-1] INFO  segmented.SegmentedRaftLogWorker (SegmentedRaftLogWorker.java:startLogSegment(380)) - dc9c49c4-fcba-44d3-8e03-8b7afae22bc1-SegmentedRaftLogWorker:Storage Directory /workdir/hadoop-ozone/integration-test/target/test-dir/MiniOzoneClusterImpl-e06e3fd2-9840-4528-8a25-31a0cd6e3a97/datanode-3/data/ratis/aeb21a99-9e0f-465d-9294-c8fad5c087bc: Starting segment from index:0
2019-08-27 09:30:25,444 [dc9c49c4-fcba-44d3-8e03-8b7afae22bc1-SegmentedRaftLogWorker:Storage Directory /workdir/hadoop-ozone/integration-test/target/test-dir/MiniOzoneClusterImpl-e06e3fd2-9840-4528-8a25-31a0cd6e3a97/datanode-3/data/ratis/aeb21a99-9e0f-465d-9294-c8fad5c087bc] INFO  segmented.SegmentedRaftLogWorker (SegmentedRaftLogWorker.java:execute(569)) - dc9c49c4-fcba-44d3-8e03-8b7afae22bc1-SegmentedRaftLogWorker:Storage Directory /workdir/hadoop-ozone/integration-test/target/test-dir/MiniOzoneClusterImpl-e06e3fd2-9840-4528-8a25-31a0cd6e3a97/datanode-3/data/ratis/aeb21a99-9e0f-465d-9294-c8fad5c087bc: created new log segment /workdir/hadoop-ozone/integration-test/target/test-dir/MiniOzoneClusterImpl-e06e3fd2-9840-4528-8a25-31a0cd6e3a97/datanode-3/data/ratis/aeb21a99-9e0f-465d-9294-c8fad5c087bc/current/log_inprogress_0
2019-08-27 09:30:25,685 | INFO  | SCMAudit | user=jenkins1000 | ip=192.168.34.1 | op=SEND_HEARTBEAT {datanodeUUID=dc9c49c4-fcba-44d3-8e03-8b7afae22bc1, command=[]} | ret=SUCCESS |  
2019-08-27 09:30:26,684 | INFO  | SCMAudit | user=jenkins1000 | ip=192.168.34.1 | op=SEND_HEARTBEAT {datanodeUUID=dc9c49c4-fcba-44d3-8e03-8b7afae22bc1, command=[]} | ret=SUCCESS |  
2019-08-27 09:30:26,767 [ForkJoinPool.commonPool-worker-0] INFO  ozoneimpl.OzoneContainer (OzoneContainer.java:stop(199)) - Attempting to stop container services.
2019-08-27 09:30:26,768 [main] INFO  ozoneimpl.OzoneContainer (OzoneContainer.java:stop(199)) - Attempting to stop container services.
2019-08-27 09:30:26,770 [ForkJoinPool.commonPool-worker-0] INFO  impl.RaftServerProxy (RaftServerProxy.java:lambda$close$4(314)) - 72c22e3c-3c05-4243-bffb-0059d6f14df8: close
2019-08-27 09:30:26,775 [main] INFO  impl.RaftServerProxy (RaftServerProxy.java:lambda$close$4(314)) - b87db874-79e1-4895-a6f5-a01095987c8b: close
2019-08-27 09:30:26,776 [ForkJoinPool.commonPool-worker-0] INFO  impl.RaftServerImpl (RaftServerImpl.java:lambda$shutdown$3(245)) - 72c22e3c-3c05-4243-bffb-0059d6f14df8: shutdown group-452BC1B4A176
2019-08-27 09:30:26,776 [main] INFO  impl.RaftServerImpl (RaftServerImpl.java:lambda$shutdown$3(245)) - b87db874-79e1-4895-a6f5-a01095987c8b: shutdown group-0F42991698CD
2019-08-27 09:30:26,776 [ForkJoinPool.commonPool-worker-0] INFO  util.JmxRegister (JmxRegister.java:unregister(73)) - Successfully un-registered JMX Bean with object name Ratis:service=RaftServer,group=group-452BC1B4A176,id=72c22e3c-3c05-4243-bffb-0059d6f14df8
2019-08-27 09:30:26,777 [main] INFO  util.JmxRegister (JmxRegister.java:unregister(73)) - Successfully un-registered JMX Bean with object name Ratis:service=RaftServer,group=group-0F42991698CD,id=b87db874-79e1-4895-a6f5-a01095987c8b
2019-08-27 09:30:26,777 [ForkJoinPool.commonPool-worker-0] INFO  impl.RoleInfo (RoleInfo.java:shutdownFollowerState(121)) - 72c22e3c-3c05-4243-bffb-0059d6f14df8: shutdown FollowerState
2019-08-27 09:30:26,778 [main] INFO  impl.RoleInfo (RoleInfo.java:shutdownLeaderState(104)) - b87db874-79e1-4895-a6f5-a01095987c8b: shutdown LeaderState
2019-08-27 09:30:26,778 [Thread-282] INFO  impl.FollowerState (FollowerState.java:run(114)) - 72c22e3c-3c05-4243-bffb-0059d6f14df8: FollowerState was interrupted: java.lang.InterruptedException: sleep interrupted
2019-08-27 09:30:26,778 [ForkJoinPool.commonPool-worker-0] INFO  impl.StateMachineUpdater (StateMachineUpdater.java:stopAndJoin(115)) - StateMachineUpdater:72c22e3c-3c05-4243-bffb-0059d6f14df8:group-452BC1B4A176: set stopIndex = -1
2019-08-27 09:30:26,778 [main] INFO  impl.PendingRequests (PendingRequests.java:sendNotLeaderResponses(202)) - b87db874-79e1-4895-a6f5-a01095987c8b-PendingRequests: sendNotLeaderResponses
2019-08-27 09:30:26,784 [ForkJoinPool.commonPool-worker-0] INFO  impl.RaftServerImpl (ServerState.java:close(394)) - 72c22e3c-3c05-4243-bffb-0059d6f14df8:group-452BC1B4A176 closes. The last applied log index is -1
2019-08-27 09:30:26,784 [main] INFO  impl.StateMachineUpdater (StateMachineUpdater.java:stopAndJoin(115)) - StateMachineUpdater:b87db874-79e1-4895-a6f5-a01095987c8b:group-0F42991698CD: set stopIndex = 0
2019-08-27 09:30:26,785 [72c22e3c-3c05-4243-bffb-0059d6f14df8-SegmentedRaftLogWorker:Storage Directory /workdir/hadoop-ozone/integration-test/target/test-dir/MiniOzoneClusterImpl-e06e3fd2-9840-4528-8a25-31a0cd6e3a97/datanode-0/data/ratis/b6e9af7f-d4b6-41f2-bd9f-452bc1b4a176] INFO  segmented.SegmentedRaftLogWorker (SegmentedRaftLogWorker.java:run(313)) - 72c22e3c-3c05-4243-bffb-0059d6f14df8-SegmentedRaftLogWorker:Storage Directory /workdir/hadoop-ozone/integration-test/target/test-dir/MiniOzoneClusterImpl-e06e3fd2-9840-4528-8a25-31a0cd6e3a97/datanode-0/data/ratis/b6e9af7f-d4b6-41f2-bd9f-452bc1b4a176 was interrupted, exiting. There are 0 tasks remaining in the queue.
2019-08-27 09:30:26,785 [main] INFO  impl.RaftServerImpl (ServerState.java:close(394)) - b87db874-79e1-4895-a6f5-a01095987c8b:group-0F42991698CD closes. The last applied log index is 0
2019-08-27 09:30:26,785 [ForkJoinPool.commonPool-worker-0] INFO  segmented.SegmentedRaftLogWorker (SegmentedRaftLogWorker.java:close(228)) - 72c22e3c-3c05-4243-bffb-0059d6f14df8-SegmentedRaftLogWorker:Storage Directory /workdir/hadoop-ozone/integration-test/target/test-dir/MiniOzoneClusterImpl-e06e3fd2-9840-4528-8a25-31a0cd6e3a97/datanode-0/data/ratis/b6e9af7f-d4b6-41f2-bd9f-452bc1b4a176 close()
2019-08-27 09:30:26,787 [b87db874-79e1-4895-a6f5-a01095987c8b-SegmentedRaftLogWorker:Storage Directory /workdir/hadoop-ozone/integration-test/target/test-dir/MiniOzoneClusterImpl-e06e3fd2-9840-4528-8a25-31a0cd6e3a97/datanode-4/data/ratis/9886d751-8bce-4af4-be1f-0f42991698cd] INFO  segmented.SegmentedRaftLogWorker (SegmentedRaftLogWorker.java:run(313)) - b87db874-79e1-4895-a6f5-a01095987c8b-SegmentedRaftLogWorker:Storage Directory /workdir/hadoop-ozone/integration-test/target/test-dir/MiniOzoneClusterImpl-e06e3fd2-9840-4528-8a25-31a0cd6e3a97/datanode-4/data/ratis/9886d751-8bce-4af4-be1f-0f42991698cd was interrupted, exiting. There are 0 tasks remaining in the queue.
2019-08-27 09:30:26,790 [ForkJoinPool.commonPool-worker-0] INFO  impl.RaftServerImpl (RaftServerImpl.java:lambda$shutdown$3(245)) - 72c22e3c-3c05-4243-bffb-0059d6f14df8: shutdown group-C900A224E225
2019-08-27 09:30:26,791 [main] INFO  segmented.SegmentedRaftLogWorker (SegmentedRaftLogWorker.java:close(228)) - b87db874-79e1-4895-a6f5-a01095987c8b-SegmentedRaftLogWorker:Storage Directory /workdir/hadoop-ozone/integration-test/target/test-dir/MiniOzoneClusterImpl-e06e3fd2-9840-4528-8a25-31a0cd6e3a97/datanode-4/data/ratis/9886d751-8bce-4af4-be1f-0f42991698cd close()
2019-08-27 09:30:26,792 [ForkJoinPool.commonPool-worker-0] INFO  util.JmxRegister (JmxRegister.java:unregister(73)) - Successfully un-registered JMX Bean with object name Ratis:service=RaftServer,group=group-C900A224E225,id=72c22e3c-3c05-4243-bffb-0059d6f14df8
2019-08-27 09:30:26,795 [main] INFO  server.GrpcService (GrpcService.java:closeImpl(155)) - b87db874-79e1-4895-a6f5-a01095987c8b: shutdown server with port 35636 now
2019-08-27 09:30:26,795 [ForkJoinPool.commonPool-worker-0] INFO  impl.RoleInfo (RoleInfo.java:shutdownFollowerState(121)) - 72c22e3c-3c05-4243-bffb-0059d6f14df8: shutdown FollowerState
2019-08-27 09:30:26,795 [ForkJoinPool.commonPool-worker-0] INFO  impl.StateMachineUpdater (StateMachineUpdater.java:stopAndJoin(115)) - StateMachineUpdater:72c22e3c-3c05-4243-bffb-0059d6f14df8:group-C900A224E225: set stopIndex = -1
2019-08-27 09:30:26,797 [main] INFO  server.GrpcService (GrpcService.java:closeImpl(163)) - b87db874-79e1-4895-a6f5-a01095987c8b: shutdown server with port 35636 successfully
2019-08-27 09:30:26,796 [Thread-283] INFO  impl.FollowerState (FollowerState.java:run(114)) - 72c22e3c-3c05-4243-bffb-0059d6f14df8: FollowerState was interrupted: java.lang.InterruptedException: sleep interrupted
2019-08-27 09:30:26,797 [ForkJoinPool.commonPool-worker-0] INFO  impl.RaftServerImpl (ServerState.java:close(394)) - 72c22e3c-3c05-4243-bffb-0059d6f14df8:group-C900A224E225 closes. The last applied log index is -1
2019-08-27 09:30:26,799 [72c22e3c-3c05-4243-bffb-0059d6f14df8-SegmentedRaftLogWorker:Storage Directory /workdir/hadoop-ozone/integration-test/target/test-dir/MiniOzoneClusterImpl-e06e3fd2-9840-4528-8a25-31a0cd6e3a97/datanode-0/data/ratis/47a72fc0-6ae4-4d63-a978-c900a224e225] INFO  segmented.SegmentedRaftLogWorker (SegmentedRaftLogWorker.java:run(313)) - 72c22e3c-3c05-4243-bffb-0059d6f14df8-SegmentedRaftLogWorker:Storage Directory /workdir/hadoop-ozone/integration-test/target/test-dir/MiniOzoneClusterImpl-e06e3fd2-9840-4528-8a25-31a0cd6e3a97/datanode-0/data/ratis/47a72fc0-6ae4-4d63-a978-c900a224e225 was interrupted, exiting. There are 0 tasks remaining in the queue.
2019-08-27 09:30:26,800 [ForkJoinPool.commonPool-worker-0] INFO  segmented.SegmentedRaftLogWorker (SegmentedRaftLogWorker.java:close(228)) - 72c22e3c-3c05-4243-bffb-0059d6f14df8-SegmentedRaftLogWorker:Storage Directory /workdir/hadoop-ozone/integration-test/target/test-dir/MiniOzoneClusterImpl-e06e3fd2-9840-4528-8a25-31a0cd6e3a97/datanode-0/data/ratis/47a72fc0-6ae4-4d63-a978-c900a224e225 close()
2019-08-27 09:30:26,802 [ForkJoinPool.commonPool-worker-0] INFO  impl.RaftServerImpl (RaftServerImpl.java:lambda$shutdown$3(245)) - 72c22e3c-3c05-4243-bffb-0059d6f14df8: shutdown group-C8FAD5C087BC
2019-08-27 09:30:26,802 [main] INFO  utils.BackgroundService (BackgroundService.java:shutdown(148)) - Shutting down service BlockDeletingService
2019-08-27 09:30:26,804 [ForkJoinPool.commonPool-worker-0] INFO  util.JmxRegister (JmxRegister.java:unregister(73)) - Successfully un-registered JMX Bean with object name Ratis:service=RaftServer,group=group-C8FAD5C087BC,id=72c22e3c-3c05-4243-bffb-0059d6f14df8
2019-08-27 09:30:26,805 [ForkJoinPool.commonPool-worker-0] INFO  impl.RoleInfo (RoleInfo.java:shutdownLeaderState(104)) - 72c22e3c-3c05-4243-bffb-0059d6f14df8: shutdown LeaderState
2019-08-27 09:30:26,808 [refreshUsed-/workdir/hadoop-ozone/integration-test/target/test-dir/MiniOzoneClusterImpl-e06e3fd2-9840-4528-8a25-31a0cd6e3a97/datanode-4/data/containers] WARN  fs.CachingGetSpaceUsed (CachingGetSpaceUsed.java:run(183)) - Thread Interrupted waiting to refresh disk information: sleep interrupted
2019-08-27 09:30:26,808 [ForkJoinPool.commonPool-worker-0] INFO  impl.PendingRequests (PendingRequests.java:sendNotLeaderResponses(202)) - 72c22e3c-3c05-4243-bffb-0059d6f14df8-PendingRequests: sendNotLeaderResponses
2019-08-27 09:30:26,809 [org.apache.ratis.server.impl.LogAppender$AppenderDaemon$$Lambda$598/354716498@638ca8ad] WARN  server.GrpcLogAppender (GrpcLogAppender.java:mayWait(143)) - GrpcLogAppender(72c22e3c-3c05-4243-bffb-0059d6f14df8->dc9c49c4-fcba-44d3-8e03-8b7afae22bc1): Wait interrupted by java.lang.InterruptedException
2019-08-27 09:30:26,809 [org.apache.ratis.server.impl.LogAppender$AppenderDaemon$$Lambda$598/354716498@7e226c0f] WARN  server.GrpcLogAppender (GrpcLogAppender.java:mayWait(143)) - GrpcLogAppender(72c22e3c-3c05-4243-bffb-0059d6f14df8->d2df9428-4997-4acb-8edc-b870657dabff): Wait interrupted by java.lang.InterruptedException
2019-08-27 09:30:26,809 [ForkJoinPool.commonPool-worker-0] INFO  impl.StateMachineUpdater (StateMachineUpdater.java:stopAndJoin(115)) - StateMachineUpdater:72c22e3c-3c05-4243-bffb-0059d6f14df8:group-C8FAD5C087BC: set stopIndex = 0
2019-08-27 09:30:26,810 [ForkJoinPool.commonPool-worker-0] INFO  impl.RaftServerImpl (ServerState.java:close(394)) - 72c22e3c-3c05-4243-bffb-0059d6f14df8:group-C8FAD5C087BC closes. The last applied log index is 0
2019-08-27 09:30:26,810 [72c22e3c-3c05-4243-bffb-0059d6f14df8-SegmentedRaftLogWorker:Storage Directory /workdir/hadoop-ozone/integration-test/target/test-dir/MiniOzoneClusterImpl-e06e3fd2-9840-4528-8a25-31a0cd6e3a97/datanode-0/data/ratis/aeb21a99-9e0f-465d-9294-c8fad5c087bc] INFO  segmented.SegmentedRaftLogWorker (SegmentedRaftLogWorker.java:run(313)) - 72c22e3c-3c05-4243-bffb-0059d6f14df8-SegmentedRaftLogWorker:Storage Directory /workdir/hadoop-ozone/integration-test/target/test-dir/MiniOzoneClusterImpl-e06e3fd2-9840-4528-8a25-31a0cd6e3a97/datanode-0/data/ratis/aeb21a99-9e0f-465d-9294-c8fad5c087bc was interrupted, exiting. There are 0 tasks remaining in the queue.
2019-08-27 09:30:26,812 [ForkJoinPool.commonPool-worker-0] INFO  segmented.SegmentedRaftLogWorker (SegmentedRaftLogWorker.java:close(228)) - 72c22e3c-3c05-4243-bffb-0059d6f14df8-SegmentedRaftLogWorker:Storage Directory /workdir/hadoop-ozone/integration-test/target/test-dir/MiniOzoneClusterImpl-e06e3fd2-9840-4528-8a25-31a0cd6e3a97/datanode-0/data/ratis/aeb21a99-9e0f-465d-9294-c8fad5c087bc close()
2019-08-27 09:30:26,817 [ForkJoinPool.commonPool-worker-0] INFO  impl.RaftServerImpl (RaftServerImpl.java:lambda$shutdown$3(245)) - 72c22e3c-3c05-4243-bffb-0059d6f14df8: shutdown group-9CDE8B4A3DB1
2019-08-27 09:30:26,818 [ForkJoinPool.commonPool-worker-0] INFO  util.JmxRegister (JmxRegister.java:unregister(73)) - Successfully un-registered JMX Bean with object name Ratis:service=RaftServer,group=group-9CDE8B4A3DB1,id=72c22e3c-3c05-4243-bffb-0059d6f14df8
2019-08-27 09:30:26,818 [ForkJoinPool.commonPool-worker-0] INFO  impl.RoleInfo (RoleInfo.java:shutdownLeaderState(104)) - 72c22e3c-3c05-4243-bffb-0059d6f14df8: shutdown LeaderState
2019-08-27 09:30:26,818 [ForkJoinPool.commonPool-worker-0] INFO  impl.PendingRequests (PendingRequests.java:sendNotLeaderResponses(202)) - 72c22e3c-3c05-4243-bffb-0059d6f14df8-PendingRequests: sendNotLeaderResponses
2019-08-27 09:30:26,819 [ForkJoinPool.commonPool-worker-0] INFO  impl.StateMachineUpdater (StateMachineUpdater.java:stopAndJoin(115)) - StateMachineUpdater:72c22e3c-3c05-4243-bffb-0059d6f14df8:group-9CDE8B4A3DB1: set stopIndex = 0
2019-08-27 09:30:26,819 [ForkJoinPool.commonPool-worker-0] INFO  impl.RaftServerImpl (ServerState.java:close(394)) - 72c22e3c-3c05-4243-bffb-0059d6f14df8:group-9CDE8B4A3DB1 closes. The last applied log index is 0
2019-08-27 09:30:26,819 [72c22e3c-3c05-4243-bffb-0059d6f14df8-SegmentedRaftLogWorker:Storage Directory /workdir/hadoop-ozone/integration-test/target/test-dir/MiniOzoneClusterImpl-e06e3fd2-9840-4528-8a25-31a0cd6e3a97/datanode-0/data/ratis/153d3f26-9e42-4ac3-97d0-9cde8b4a3db1] INFO  segmented.SegmentedRaftLogWorker (SegmentedRaftLogWorker.java:run(313)) - 72c22e3c-3c05-4243-bffb-0059d6f14df8-SegmentedRaftLogWorker:Storage Directory /workdir/hadoop-ozone/integration-test/target/test-dir/MiniOzoneClusterImpl-e06e3fd2-9840-4528-8a25-31a0cd6e3a97/datanode-0/data/ratis/153d3f26-9e42-4ac3-97d0-9cde8b4a3db1 was interrupted, exiting. There are 0 tasks remaining in the queue.
2019-08-27 09:30:26,822 [ForkJoinPool.commonPool-worker-0] INFO  segmented.SegmentedRaftLogWorker (SegmentedRaftLogWorker.java:close(228)) - 72c22e3c-3c05-4243-bffb-0059d6f14df8-SegmentedRaftLogWorker:Storage Directory /workdir/hadoop-ozone/integration-test/target/test-dir/MiniOzoneClusterImpl-e06e3fd2-9840-4528-8a25-31a0cd6e3a97/datanode-0/data/ratis/153d3f26-9e42-4ac3-97d0-9cde8b4a3db1 close()
2019-08-27 09:30:26,822 [grpc-default-executor-1] INFO  server.GrpcServerProtocolService (GrpcServerProtocolService.java:onCompleted(104)) - dc9c49c4-fcba-44d3-8e03-8b7afae22bc1: appendEntries completed
2019-08-27 09:30:26,824 [ForkJoinPool.commonPool-worker-0] INFO  server.GrpcService (GrpcService.java:closeImpl(155)) - 72c22e3c-3c05-4243-bffb-0059d6f14df8: shutdown server with port 43192 now
2019-08-27 09:30:26,827 [ForkJoinPool.commonPool-worker-0] INFO  server.GrpcService (GrpcService.java:closeImpl(163)) - 72c22e3c-3c05-4243-bffb-0059d6f14df8: shutdown server with port 43192 successfully
2019-08-27 09:30:26,827 [grpc-default-executor-1] INFO  server.GrpcLogAppender (GrpcLogAppender.java:onError(281)) - GrpcLogAppender(72c22e3c-3c05-4243-bffb-0059d6f14df8->dc9c49c4-fcba-44d3-8e03-8b7afae22bc1) is stopped
2019-08-27 09:30:26,836 [ForkJoinPool.commonPool-worker-0] INFO  utils.BackgroundService (BackgroundService.java:shutdown(148)) - Shutting down service BlockDeletingService
2019-08-27 09:30:26,837 [refreshUsed-/workdir/hadoop-ozone/integration-test/target/test-dir/MiniOzoneClusterImpl-e06e3fd2-9840-4528-8a25-31a0cd6e3a97/datanode-0/data/containers] WARN  fs.CachingGetSpaceUsed (CachingGetSpaceUsed.java:run(183)) - Thread Interrupted waiting to refresh disk information: sleep interrupted
2019-08-27 09:30:26,853 [main] INFO  statemachine.DatanodeStateMachine (DatanodeStateMachine.java:stopDaemon(395)) - Ozone container server stopped.
2019-08-27 09:30:26,854 [main] INFO  handler.ContextHandler (ContextHandler.java:doStop(910)) - Stopped o.e.j.w.WebAppContext@54ccb3{/,null,UNAVAILABLE}{/hddsDatanode}
2019-08-27 09:30:26,855 [main] INFO  server.AbstractConnector (AbstractConnector.java:doStop(318)) - Stopped ServerConnector@9b2dc56{HTTP/1.1,[http/1.1]}{0.0.0.0:0}
2019-08-27 09:30:26,856 [main] INFO  handler.ContextHandler (ContextHandler.java:doStop(910)) - Stopped o.e.j.s.ServletContextHandler@7d50f2a8{/static,jar:file:/home/user/.m2/repository/org/apache/hadoop/hadoop-hdds-container-service/0.5.0-SNAPSHOT/hadoop-hdds-container-service-0.5.0-SNAPSHOT.jar!/webapps/static,UNAVAILABLE}
2019-08-27 09:30:26,856 [main] INFO  handler.ContextHandler (ContextHandler.java:doStop(910)) - Stopped o.e.j.s.ServletContextHandler@66713605{/logs,file:///workdir/hadoop-ozone/integration-test/target/log,UNAVAILABLE}
2019-08-27 09:30:26,857 [main] INFO  datanode.ObjectStoreHandler (ObjectStoreHandler.java:close(155)) - Closing ObjectStoreHandler.
2019-08-27 09:30:26,858 [main] INFO  ozone.HddsDatanodeService (HddsDatanodeService.java:stop(451)) - Stopped plug-in org.apache.hadoop.ozone.web.OzoneHddsDatanodeService@463045fb
2019-08-27 09:30:26,861 [ForkJoinPool.commonPool-worker-0] INFO  statemachine.DatanodeStateMachine (DatanodeStateMachine.java:stopDaemon(395)) - Ozone container server stopped.
2019-08-27 09:30:26,864 [ForkJoinPool.commonPool-worker-0] INFO  handler.ContextHandler (ContextHandler.java:doStop(910)) - Stopped o.e.j.w.WebAppContext@372ca2d6{/,null,UNAVAILABLE}{/hddsDatanode}
2019-08-27 09:30:26,865 [ForkJoinPool.commonPool-worker-0] INFO  server.AbstractConnector (AbstractConnector.java:doStop(318)) - Stopped ServerConnector@3204e238{HTTP/1.1,[http/1.1]}{0.0.0.0:0}
2019-08-27 09:30:26,866 [ForkJoinPool.commonPool-worker-0] INFO  handler.ContextHandler (ContextHandler.java:doStop(910)) - Stopped o.e.j.s.ServletContextHandler@6c0e13b7{/static,jar:file:/home/user/.m2/repository/org/apache/hadoop/hadoop-hdds-container-service/0.5.0-SNAPSHOT/hadoop-hdds-container-service-0.5.0-SNAPSHOT.jar!/webapps/static,UNAVAILABLE}
2019-08-27 09:30:26,867 [ForkJoinPool.commonPool-worker-0] INFO  handler.ContextHandler (ContextHandler.java:doStop(910)) - Stopped o.e.j.s.ServletContextHandler@77a074b4{/logs,file:///workdir/hadoop-ozone/integration-test/target/log,UNAVAILABLE}
2019-08-27 09:30:27,682 [Datanode State Machine Thread - 0] INFO  statemachine.DatanodeStateMachine (DatanodeStateMachine.java:lambda$startDaemon$0(350)) - Ozone container server started.
2019-08-27 09:30:30,413 [Thread-284] INFO  impl.FollowerState (FollowerState.java:run(106)) - dc9c49c4-fcba-44d3-8e03-8b7afae22bc1:group-C900A224E225 changes to CANDIDATE, lastRpcTime:5039, electionTimeout:5039ms
2019-08-27 09:30:30,413 [Thread-284] INFO  impl.RoleInfo (RoleInfo.java:shutdownFollowerState(121)) - dc9c49c4-fcba-44d3-8e03-8b7afae22bc1: shutdown FollowerState
2019-08-27 09:30:30,414 [Thread-284] INFO  impl.RaftServerImpl (RaftServerImpl.java:setRole(171)) - dc9c49c4-fcba-44d3-8e03-8b7afae22bc1:group-C900A224E225 changes role from FOLLOWER to CANDIDATE at term 1 for changeToCandidate
2019-08-27 09:30:30,414 [Thread-284] INFO  impl.RoleInfo (RoleInfo.java:updateAndGet(143)) - dc9c49c4-fcba-44d3-8e03-8b7afae22bc1: start LeaderElection
2019-08-27 09:30:30,433 [Thread-285] INFO  impl.FollowerState (FollowerState.java:run(106)) - dc9c49c4-fcba-44d3-8e03-8b7afae22bc1:group-452BC1B4A176 changes to CANDIDATE, lastRpcTime:5058, electionTimeout:5057ms
2019-08-27 09:30:30,433 [Thread-285] INFO  impl.RoleInfo (RoleInfo.java:shutdownFollowerState(121)) - dc9c49c4-fcba-44d3-8e03-8b7afae22bc1: shutdown FollowerState
2019-08-27 09:30:30,433 [Thread-285] INFO  impl.RaftServerImpl (RaftServerImpl.java:setRole(171)) - dc9c49c4-fcba-44d3-8e03-8b7afae22bc1:group-452BC1B4A176 changes role from FOLLOWER to CANDIDATE at term 1 for changeToCandidate
2019-08-27 09:30:30,433 [Thread-285] INFO  impl.RoleInfo (RoleInfo.java:updateAndGet(143)) - dc9c49c4-fcba-44d3-8e03-8b7afae22bc1: start LeaderElection
2019-08-27 09:30:30,439 [dc9c49c4-fcba-44d3-8e03-8b7afae22bc1:group-452BC1B4A176:LeaderElection12] INFO  impl.LeaderElection (LeaderElection.java:askForVotes(181)) - dc9c49c4-fcba-44d3-8e03-8b7afae22bc1:group-452BC1B4A176:LeaderElection12: begin an election at term 2 for -1: [d2df9428-4997-4acb-8edc-b870657dabff:192.168.34.1:33819, dc9c49c4-fcba-44d3-8e03-8b7afae22bc1:192.168.34.1:33097, 72c22e3c-3c05-4243-bffb-0059d6f14df8:192.168.34.1:43192], old=null
2019-08-27 09:30:30,439 [dc9c49c4-fcba-44d3-8e03-8b7afae22bc1:group-C900A224E225:LeaderElection11] INFO  impl.LeaderElection (LeaderElection.java:askForVotes(181)) - dc9c49c4-fcba-44d3-8e03-8b7afae22bc1:group-C900A224E225:LeaderElection11: begin an election at term 2 for -1: [d2df9428-4997-4acb-8edc-b870657dabff:192.168.34.1:33819, dc9c49c4-fcba-44d3-8e03-8b7afae22bc1:192.168.34.1:33097, 72c22e3c-3c05-4243-bffb-0059d6f14df8:192.168.34.1:43192], old=null
2019-08-27 09:30:30,441 [dc9c49c4-fcba-44d3-8e03-8b7afae22bc1:group-452BC1B4A176:LeaderElection12] INFO  impl.LeaderElection (LogUtils.java:infoOrTrace(149)) - dc9c49c4-fcba-44d3-8e03-8b7afae22bc1:group-452BC1B4A176:LeaderElection12 got exception when requesting votes: {}
java.util.concurrent.ExecutionException: org.apache.ratis.thirdparty.io.grpc.StatusRuntimeException: UNAVAILABLE: io exception
	at java.util.concurrent.FutureTask.report(FutureTask.java:122)
	at java.util.concurrent.FutureTask.get(FutureTask.java:192)
	at org.apache.ratis.server.impl.LeaderElection.waitForResults(LeaderElection.java:262)
	at org.apache.ratis.server.impl.LeaderElection.askForVotes(LeaderElection.java:200)
	at org.apache.ratis.server.impl.LeaderElection.run(LeaderElection.java:130)
	at java.lang.Thread.run(Thread.java:748)
Caused by: org.apache.ratis.thirdparty.io.grpc.StatusRuntimeException: UNAVAILABLE: io exception
	at org.apache.ratis.thirdparty.io.grpc.stub.ClientCalls.toStatusRuntimeException(ClientCalls.java:233)
	at org.apache.ratis.thirdparty.io.grpc.stub.ClientCalls.getUnchecked(ClientCalls.java:214)
	at org.apache.ratis.thirdparty.io.grpc.stub.ClientCalls.blockingUnaryCall(ClientCalls.java:139)
	at org.apache.ratis.proto.grpc.RaftServerProtocolServiceGrpc$RaftServerProtocolServiceBlockingStub.requestVote(RaftServerProtocolServiceGrpc.java:265)
	at org.apache.ratis.grpc.server.GrpcServerProtocolClient.requestVote(GrpcServerProtocolClient.java:83)
	at org.apache.ratis.grpc.server.GrpcService.requestVote(GrpcService.java:195)
	at org.apache.ratis.server.impl.LeaderElection.lambda$submitRequests$1(LeaderElection.java:237)
	at java.util.concurrent.FutureTask.run(FutureTask.java:266)
	at java.util.concurrent.Executors$RunnableAdapter.call(Executors.java:511)
	at java.util.concurrent.FutureTask.run(FutureTask.java:266)
	at java.util.concurrent.ThreadPoolExecutor.runWorker(ThreadPoolExecutor.java:1149)
	at java.util.concurrent.ThreadPoolExecutor$Worker.run(ThreadPoolExecutor.java:624)
	... 1 more
Caused by: org.apache.ratis.thirdparty.io.netty.channel.AbstractChannel$AnnotatedConnectException: Connection refused: /192.168.34.1:33819
	at sun.nio.ch.SocketChannelImpl.checkConnect(Native Method)
	at sun.nio.ch.SocketChannelImpl.finishConnect(SocketChannelImpl.java:717)
	at org.apache.ratis.thirdparty.io.netty.channel.socket.nio.NioSocketChannel.doFinishConnect(NioSocketChannel.java:327)
	at org.apache.ratis.thirdparty.io.netty.channel.nio.AbstractNioChannel$AbstractNioUnsafe.finishConnect(AbstractNioChannel.java:340)
	at org.apache.ratis.thirdparty.io.netty.channel.nio.NioEventLoop.processSelectedKey(NioEventLoop.java:632)
	at org.apache.ratis.thirdparty.io.netty.channel.nio.NioEventLoop.processSelectedKeysOptimized(NioEventLoop.java:579)
	at org.apache.ratis.thirdparty.io.netty.channel.nio.NioEventLoop.processSelectedKeys(NioEventLoop.java:496)
	at org.apache.ratis.thirdparty.io.netty.channel.nio.NioEventLoop.run(NioEventLoop.java:458)
	at org.apache.ratis.thirdparty.io.netty.util.concurrent.SingleThreadEventExecutor$5.run(SingleThreadEventExecutor.java:897)
	at org.apache.ratis.thirdparty.io.netty.util.concurrent.FastThreadLocalRunnable.run(FastThreadLocalRunnable.java:30)
	... 1 more
Caused by: java.net.ConnectException: Connection refused
	... 11 more
2019-08-27 09:30:30,441 [dc9c49c4-fcba-44d3-8e03-8b7afae22bc1:group-C900A224E225:LeaderElection11] INFO  impl.LeaderElection (LogUtils.java:infoOrTrace(149)) - dc9c49c4-fcba-44d3-8e03-8b7afae22bc1:group-C900A224E225:LeaderElection11 got exception when requesting votes: {}
java.util.concurrent.ExecutionException: org.apache.ratis.thirdparty.io.grpc.StatusRuntimeException: UNAVAILABLE: io exception
	at java.util.concurrent.FutureTask.report(FutureTask.java:122)
	at java.util.concurrent.FutureTask.get(FutureTask.java:192)
	at org.apache.ratis.server.impl.LeaderElection.waitForResults(LeaderElection.java:262)
	at org.apache.ratis.server.impl.LeaderElection.askForVotes(LeaderElection.java:200)
	at org.apache.ratis.server.impl.LeaderElection.run(LeaderElection.java:130)
	at java.lang.Thread.run(Thread.java:748)
Caused by: org.apache.ratis.thirdparty.io.grpc.StatusRuntimeException: UNAVAILABLE: io exception
	at org.apache.ratis.thirdparty.io.grpc.stub.ClientCalls.toStatusRuntimeException(ClientCalls.java:233)
	at org.apache.ratis.thirdparty.io.grpc.stub.ClientCalls.getUnchecked(ClientCalls.java:214)
	at org.apache.ratis.thirdparty.io.grpc.stub.ClientCalls.blockingUnaryCall(ClientCalls.java:139)
	at org.apache.ratis.proto.grpc.RaftServerProtocolServiceGrpc$RaftServerProtocolServiceBlockingStub.requestVote(RaftServerProtocolServiceGrpc.java:265)
	at org.apache.ratis.grpc.server.GrpcServerProtocolClient.requestVote(GrpcServerProtocolClient.java:83)
	at org.apache.ratis.grpc.server.GrpcService.requestVote(GrpcService.java:195)
	at org.apache.ratis.server.impl.LeaderElection.lambda$submitRequests$1(LeaderElection.java:237)
	at java.util.concurrent.FutureTask.run(FutureTask.java:266)
	at java.util.concurrent.Executors$RunnableAdapter.call(Executors.java:511)
	at java.util.concurrent.FutureTask.run(FutureTask.java:266)
	at java.util.concurrent.ThreadPoolExecutor.runWorker(ThreadPoolExecutor.java:1149)
	at java.util.concurrent.ThreadPoolExecutor$Worker.run(ThreadPoolExecutor.java:624)
	... 1 more
Caused by: org.apache.ratis.thirdparty.io.netty.channel.AbstractChannel$AnnotatedConnectException: Connection refused: /192.168.34.1:33819
	at sun.nio.ch.SocketChannelImpl.checkConnect(Native Method)
	at sun.nio.ch.SocketChannelImpl.finishConnect(SocketChannelImpl.java:717)
	at org.apache.ratis.thirdparty.io.netty.channel.socket.nio.NioSocketChannel.doFinishConnect(NioSocketChannel.java:327)
	at org.apache.ratis.thirdparty.io.netty.channel.nio.AbstractNioChannel$AbstractNioUnsafe.finishConnect(AbstractNioChannel.java:340)
	at org.apache.ratis.thirdparty.io.netty.channel.nio.NioEventLoop.processSelectedKey(NioEventLoop.java:632)
	at org.apache.ratis.thirdparty.io.netty.channel.nio.NioEventLoop.processSelectedKeysOptimized(NioEventLoop.java:579)
	at org.apache.ratis.thirdparty.io.netty.channel.nio.NioEventLoop.processSelectedKeys(NioEventLoop.java:496)
	at org.apache.ratis.thirdparty.io.netty.channel.nio.NioEventLoop.run(NioEventLoop.java:458)
	at org.apache.ratis.thirdparty.io.netty.util.concurrent.SingleThreadEventExecutor$5.run(SingleThreadEventExecutor.java:897)
	at org.apache.ratis.thirdparty.io.netty.util.concurrent.FastThreadLocalRunnable.run(FastThreadLocalRunnable.java:30)
	... 1 more
Caused by: java.net.ConnectException: Connection refused
	... 11 more
2019-08-27 09:30:30,445 [dc9c49c4-fcba-44d3-8e03-8b7afae22bc1:group-C900A224E225:LeaderElection11] INFO  impl.LeaderElection (LogUtils.java:infoOrTrace(149)) - dc9c49c4-fcba-44d3-8e03-8b7afae22bc1:group-C900A224E225:LeaderElection11 got exception when requesting votes: {}
java.util.concurrent.ExecutionException: org.apache.ratis.thirdparty.io.grpc.StatusRuntimeException: UNAVAILABLE: io exception
	at java.util.concurrent.FutureTask.report(FutureTask.java:122)
	at java.util.concurrent.FutureTask.get(FutureTask.java:192)
	at org.apache.ratis.server.impl.LeaderElection.waitForResults(LeaderElection.java:262)
	at org.apache.ratis.server.impl.LeaderElection.askForVotes(LeaderElection.java:200)
	at org.apache.ratis.server.impl.LeaderElection.run(LeaderElection.java:130)
	at java.lang.Thread.run(Thread.java:748)
Caused by: org.apache.ratis.thirdparty.io.grpc.StatusRuntimeException: UNAVAILABLE: io exception
	at org.apache.ratis.thirdparty.io.grpc.stub.ClientCalls.toStatusRuntimeException(ClientCalls.java:233)
	at org.apache.ratis.thirdparty.io.grpc.stub.ClientCalls.getUnchecked(ClientCalls.java:214)
	at org.apache.ratis.thirdparty.io.grpc.stub.ClientCalls.blockingUnaryCall(ClientCalls.java:139)
	at org.apache.ratis.proto.grpc.RaftServerProtocolServiceGrpc$RaftServerProtocolServiceBlockingStub.requestVote(RaftServerProtocolServiceGrpc.java:265)
	at org.apache.ratis.grpc.server.GrpcServerProtocolClient.requestVote(GrpcServerProtocolClient.java:83)
	at org.apache.ratis.grpc.server.GrpcService.requestVote(GrpcService.java:195)
	at org.apache.ratis.server.impl.LeaderElection.lambda$submitRequests$1(LeaderElection.java:237)
	at java.util.concurrent.FutureTask.run(FutureTask.java:266)
	at java.util.concurrent.Executors$RunnableAdapter.call(Executors.java:511)
	at java.util.concurrent.FutureTask.run(FutureTask.java:266)
	at java.util.concurrent.ThreadPoolExecutor.runWorker(ThreadPoolExecutor.java:1149)
	at java.util.concurrent.ThreadPoolExecutor$Worker.run(ThreadPoolExecutor.java:624)
	... 1 more
Caused by: org.apache.ratis.thirdparty.io.netty.channel.AbstractChannel$AnnotatedConnectException: Connection refused: /192.168.34.1:43192
	at sun.nio.ch.SocketChannelImpl.checkConnect(Native Method)
	at sun.nio.ch.SocketChannelImpl.finishConnect(SocketChannelImpl.java:717)
	at org.apache.ratis.thirdparty.io.netty.channel.socket.nio.NioSocketChannel.doFinishConnect(NioSocketChannel.java:327)
	at org.apache.ratis.thirdparty.io.netty.channel.nio.AbstractNioChannel$AbstractNioUnsafe.finishConnect(AbstractNioChannel.java:340)
	at org.apache.ratis.thirdparty.io.netty.channel.nio.NioEventLoop.processSelectedKey(NioEventLoop.java:632)
	at org.apache.ratis.thirdparty.io.netty.channel.nio.NioEventLoop.processSelectedKeysOptimized(NioEventLoop.java:579)
	at org.apache.ratis.thirdparty.io.netty.channel.nio.NioEventLoop.processSelectedKeys(NioEventLoop.java:496)
	at org.apache.ratis.thirdparty.io.netty.channel.nio.NioEventLoop.run(NioEventLoop.java:458)
	at org.apache.ratis.thirdparty.io.netty.util.concurrent.SingleThreadEventExecutor$5.run(SingleThreadEventExecutor.java:897)
	at org.apache.ratis.thirdparty.io.netty.util.concurrent.FastThreadLocalRunnable.run(FastThreadLocalRunnable.java:30)
	... 1 more
Caused by: java.net.ConnectException: Connection refused
	... 11 more
2019-08-27 09:30:30,445 [dc9c49c4-fcba-44d3-8e03-8b7afae22bc1:group-452BC1B4A176:LeaderElection12] INFO  impl.LeaderElection (LogUtils.java:infoOrTrace(149)) - dc9c49c4-fcba-44d3-8e03-8b7afae22bc1:group-452BC1B4A176:LeaderElection12 got exception when requesting votes: {}
java.util.concurrent.ExecutionException: org.apache.ratis.thirdparty.io.grpc.StatusRuntimeException: UNAVAILABLE: io exception
	at java.util.concurrent.FutureTask.report(FutureTask.java:122)
	at java.util.concurrent.FutureTask.get(FutureTask.java:192)
	at org.apache.ratis.server.impl.LeaderElection.waitForResults(LeaderElection.java:262)
	at org.apache.ratis.server.impl.LeaderElection.askForVotes(LeaderElection.java:200)
	at org.apache.ratis.server.impl.LeaderElection.run(LeaderElection.java:130)
	at java.lang.Thread.run(Thread.java:748)
Caused by: org.apache.ratis.thirdparty.io.grpc.StatusRuntimeException: UNAVAILABLE: io exception
	at org.apache.ratis.thirdparty.io.grpc.stub.ClientCalls.toStatusRuntimeException(ClientCalls.java:233)
	at org.apache.ratis.thirdparty.io.grpc.stub.ClientCalls.getUnchecked(ClientCalls.java:214)
	at org.apache.ratis.thirdparty.io.grpc.stub.ClientCalls.blockingUnaryCall(ClientCalls.java:139)
	at org.apache.ratis.proto.grpc.RaftServerProtocolServiceGrpc$RaftServerProtocolServiceBlockingStub.requestVote(RaftServerProtocolServiceGrpc.java:265)
	at org.apache.ratis.grpc.server.GrpcServerProtocolClient.requestVote(GrpcServerProtocolClient.java:83)
	at org.apache.ratis.grpc.server.GrpcService.requestVote(GrpcService.java:195)
	at org.apache.ratis.server.impl.LeaderElection.lambda$submitRequests$1(LeaderElection.java:237)
	at java.util.concurrent.FutureTask.run(FutureTask.java:266)
	at java.util.concurrent.Executors$RunnableAdapter.call(Executors.java:511)
	at java.util.concurrent.FutureTask.run(FutureTask.java:266)
	at java.util.concurrent.ThreadPoolExecutor.runWorker(ThreadPoolExecutor.java:1149)
	at java.util.concurrent.ThreadPoolExecutor$Worker.run(ThreadPoolExecutor.java:624)
	... 1 more
Caused by: org.apache.ratis.thirdparty.io.netty.channel.AbstractChannel$AnnotatedConnectException: Connection refused: /192.168.34.1:43192
	at sun.nio.ch.SocketChannelImpl.checkConnect(Native Method)
	at sun.nio.ch.SocketChannelImpl.finishConnect(SocketChannelImpl.java:717)
	at org.apache.ratis.thirdparty.io.netty.channel.socket.nio.NioSocketChannel.doFinishConnect(NioSocketChannel.java:327)
	at org.apache.ratis.thirdparty.io.netty.channel.nio.AbstractNioChannel$AbstractNioUnsafe.finishConnect(AbstractNioChannel.java:340)
	at org.apache.ratis.thirdparty.io.netty.channel.nio.NioEventLoop.processSelectedKey(NioEventLoop.java:632)
	at org.apache.ratis.thirdparty.io.netty.channel.nio.NioEventLoop.processSelectedKeysOptimized(NioEventLoop.java:579)
	at org.apache.ratis.thirdparty.io.netty.channel.nio.NioEventLoop.processSelectedKeys(NioEventLoop.java:496)
	at org.apache.ratis.thirdparty.io.netty.channel.nio.NioEventLoop.run(NioEventLoop.java:458)
	at org.apache.ratis.thirdparty.io.netty.util.concurrent.SingleThreadEventExecutor$5.run(SingleThreadEventExecutor.java:897)
	at org.apache.ratis.thirdparty.io.netty.util.concurrent.FastThreadLocalRunnable.run(FastThreadLocalRunnable.java:30)
	... 1 more
Caused by: java.net.ConnectException: Connection refused
	... 11 more
2019-08-27 09:30:30,446 [dc9c49c4-fcba-44d3-8e03-8b7afae22bc1:group-C900A224E225:LeaderElection11] INFO  impl.LeaderElection (LeaderElection.java:logAndReturn(56)) - dc9c49c4-fcba-44d3-8e03-8b7afae22bc1:group-C900A224E225:LeaderElection11: Election REJECTED; received 0 response(s) [] and 2 exception(s); dc9c49c4-fcba-44d3-8e03-8b7afae22bc1:t2, leader=null, voted=dc9c49c4-fcba-44d3-8e03-8b7afae22bc1, raftlog=dc9c49c4-fcba-44d3-8e03-8b7afae22bc1-SegmentedRaftLog:OPENED:c-1,f-1,i0, conf=-1: [d2df9428-4997-4acb-8edc-b870657dabff:192.168.34.1:33819, dc9c49c4-fcba-44d3-8e03-8b7afae22bc1:192.168.34.1:33097, 72c22e3c-3c05-4243-bffb-0059d6f14df8:192.168.34.1:43192], old=null
2019-08-27 09:30:30,448 [dc9c49c4-fcba-44d3-8e03-8b7afae22bc1:group-452BC1B4A176:LeaderElection12] INFO  impl.LeaderElection (LeaderElection.java:logAndReturn(56)) - dc9c49c4-fcba-44d3-8e03-8b7afae22bc1:group-452BC1B4A176:LeaderElection12: Election REJECTED; received 0 response(s) [] and 2 exception(s); dc9c49c4-fcba-44d3-8e03-8b7afae22bc1:t2, leader=null, voted=dc9c49c4-fcba-44d3-8e03-8b7afae22bc1, raftlog=dc9c49c4-fcba-44d3-8e03-8b7afae22bc1-SegmentedRaftLog:OPENED:c-1,f-1,i0, conf=-1: [d2df9428-4997-4acb-8edc-b870657dabff:192.168.34.1:33819, dc9c49c4-fcba-44d3-8e03-8b7afae22bc1:192.168.34.1:33097, 72c22e3c-3c05-4243-bffb-0059d6f14df8:192.168.34.1:43192], old=null
2019-08-27 09:30:30,448 [dc9c49c4-fcba-44d3-8e03-8b7afae22bc1:group-C900A224E225:LeaderElection11] INFO  impl.LeaderElection (LogUtils.java:infoOrTrace(149)) -   Exception 0: {}
java.util.concurrent.ExecutionException: org.apache.ratis.thirdparty.io.grpc.StatusRuntimeException: UNAVAILABLE: io exception
	at java.util.concurrent.FutureTask.report(FutureTask.java:122)
	at java.util.concurrent.FutureTask.get(FutureTask.java:192)
	at org.apache.ratis.server.impl.LeaderElection.waitForResults(LeaderElection.java:262)
	at org.apache.ratis.server.impl.LeaderElection.askForVotes(LeaderElection.java:200)
	at org.apache.ratis.server.impl.LeaderElection.run(LeaderElection.java:130)
	at java.lang.Thread.run(Thread.java:748)
Caused by: org.apache.ratis.thirdparty.io.grpc.StatusRuntimeException: UNAVAILABLE: io exception
	at org.apache.ratis.thirdparty.io.grpc.stub.ClientCalls.toStatusRuntimeException(ClientCalls.java:233)
	at org.apache.ratis.thirdparty.io.grpc.stub.ClientCalls.getUnchecked(ClientCalls.java:214)
	at org.apache.ratis.thirdparty.io.grpc.stub.ClientCalls.blockingUnaryCall(ClientCalls.java:139)
	at org.apache.ratis.proto.grpc.RaftServerProtocolServiceGrpc$RaftServerProtocolServiceBlockingStub.requestVote(RaftServerProtocolServiceGrpc.java:265)
	at org.apache.ratis.grpc.server.GrpcServerProtocolClient.requestVote(GrpcServerProtocolClient.java:83)
	at org.apache.ratis.grpc.server.GrpcService.requestVote(GrpcService.java:195)
	at org.apache.ratis.server.impl.LeaderElection.lambda$submitRequests$1(LeaderElection.java:237)
	at java.util.concurrent.FutureTask.run(FutureTask.java:266)
	at java.util.concurrent.Executors$RunnableAdapter.call(Executors.java:511)
	at java.util.concurrent.FutureTask.run(FutureTask.java:266)
	at java.util.concurrent.ThreadPoolExecutor.runWorker(ThreadPoolExecutor.java:1149)
	at java.util.concurrent.ThreadPoolExecutor$Worker.run(ThreadPoolExecutor.java:624)
	... 1 more
Caused by: org.apache.ratis.thirdparty.io.netty.channel.AbstractChannel$AnnotatedConnectException: Connection refused: /192.168.34.1:33819
	at sun.nio.ch.SocketChannelImpl.checkConnect(Native Method)
	at sun.nio.ch.SocketChannelImpl.finishConnect(SocketChannelImpl.java:717)
	at org.apache.ratis.thirdparty.io.netty.channel.socket.nio.NioSocketChannel.doFinishConnect(NioSocketChannel.java:327)
	at org.apache.ratis.thirdparty.io.netty.channel.nio.AbstractNioChannel$AbstractNioUnsafe.finishConnect(AbstractNioChannel.java:340)
	at org.apache.ratis.thirdparty.io.netty.channel.nio.NioEventLoop.processSelectedKey(NioEventLoop.java:632)
	at org.apache.ratis.thirdparty.io.netty.channel.nio.NioEventLoop.processSelectedKeysOptimized(NioEventLoop.java:579)
	at org.apache.ratis.thirdparty.io.netty.channel.nio.NioEventLoop.processSelectedKeys(NioEventLoop.java:496)
	at org.apache.ratis.thirdparty.io.netty.channel.nio.NioEventLoop.run(NioEventLoop.java:458)
	at org.apache.ratis.thirdparty.io.netty.util.concurrent.SingleThreadEventExecutor$5.run(SingleThreadEventExecutor.java:897)
	at org.apache.ratis.thirdparty.io.netty.util.concurrent.FastThreadLocalRunnable.run(FastThreadLocalRunnable.java:30)
	... 1 more
Caused by: java.net.ConnectException: Connection refused
	... 11 more
2019-08-27 09:30:30,448 [dc9c49c4-fcba-44d3-8e03-8b7afae22bc1:group-452BC1B4A176:LeaderElection12] INFO  impl.LeaderElection (LogUtils.java:infoOrTrace(149)) -   Exception 0: {}
java.util.concurrent.ExecutionException: org.apache.ratis.thirdparty.io.grpc.StatusRuntimeException: UNAVAILABLE: io exception
	at java.util.concurrent.FutureTask.report(FutureTask.java:122)
	at java.util.concurrent.FutureTask.get(FutureTask.java:192)
	at org.apache.ratis.server.impl.LeaderElection.waitForResults(LeaderElection.java:262)
	at org.apache.ratis.server.impl.LeaderElection.askForVotes(LeaderElection.java:200)
	at org.apache.ratis.server.impl.LeaderElection.run(LeaderElection.java:130)
	at java.lang.Thread.run(Thread.java:748)
Caused by: org.apache.ratis.thirdparty.io.grpc.StatusRuntimeException: UNAVAILABLE: io exception
	at org.apache.ratis.thirdparty.io.grpc.stub.ClientCalls.toStatusRuntimeException(ClientCalls.java:233)
	at org.apache.ratis.thirdparty.io.grpc.stub.ClientCalls.getUnchecked(ClientCalls.java:214)
	at org.apache.ratis.thirdparty.io.grpc.stub.ClientCalls.blockingUnaryCall(ClientCalls.java:139)
	at org.apache.ratis.proto.grpc.RaftServerProtocolServiceGrpc$RaftServerProtocolServiceBlockingStub.requestVote(RaftServerProtocolServiceGrpc.java:265)
	at org.apache.ratis.grpc.server.GrpcServerProtocolClient.requestVote(GrpcServerProtocolClient.java:83)
	at org.apache.ratis.grpc.server.GrpcService.requestVote(GrpcService.java:195)
	at org.apache.ratis.server.impl.LeaderElection.lambda$submitRequests$1(LeaderElection.java:237)
	at java.util.concurrent.FutureTask.run(FutureTask.java:266)
	at java.util.concurrent.Executors$RunnableAdapter.call(Executors.java:511)
	at java.util.concurrent.FutureTask.run(FutureTask.java:266)
	at java.util.concurrent.ThreadPoolExecutor.runWorker(ThreadPoolExecutor.java:1149)
	at java.util.concurrent.ThreadPoolExecutor$Worker.run(ThreadPoolExecutor.java:624)
	... 1 more
Caused by: org.apache.ratis.thirdparty.io.netty.channel.AbstractChannel$AnnotatedConnectException: Connection refused: /192.168.34.1:33819
	at sun.nio.ch.SocketChannelImpl.checkConnect(Native Method)
	at sun.nio.ch.SocketChannelImpl.finishConnect(SocketChannelImpl.java:717)
	at org.apache.ratis.thirdparty.io.netty.channel.socket.nio.NioSocketChannel.doFinishConnect(NioSocketChannel.java:327)
	at org.apache.ratis.thirdparty.io.netty.channel.nio.AbstractNioChannel$AbstractNioUnsafe.finishConnect(AbstractNioChannel.java:340)
	at org.apache.ratis.thirdparty.io.netty.channel.nio.NioEventLoop.processSelectedKey(NioEventLoop.java:632)
	at org.apache.ratis.thirdparty.io.netty.channel.nio.NioEventLoop.processSelectedKeysOptimized(NioEventLoop.java:579)
	at org.apache.ratis.thirdparty.io.netty.channel.nio.NioEventLoop.processSelectedKeys(NioEventLoop.java:496)
	at org.apache.ratis.thirdparty.io.netty.channel.nio.NioEventLoop.run(NioEventLoop.java:458)
	at org.apache.ratis.thirdparty.io.netty.util.concurrent.SingleThreadEventExecutor$5.run(SingleThreadEventExecutor.java:897)
	at org.apache.ratis.thirdparty.io.netty.util.concurrent.FastThreadLocalRunnable.run(FastThreadLocalRunnable.java:30)
	... 1 more
Caused by: java.net.ConnectException: Connection refused
	... 11 more
2019-08-27 09:30:30,449 [dc9c49c4-fcba-44d3-8e03-8b7afae22bc1:group-C900A224E225:LeaderElection11] INFO  impl.LeaderElection (LogUtils.java:infoOrTrace(149)) -   Exception 1: {}
java.util.concurrent.ExecutionException: org.apache.ratis.thirdparty.io.grpc.StatusRuntimeException: UNAVAILABLE: io exception
	at java.util.concurrent.FutureTask.report(FutureTask.java:122)
	at java.util.concurrent.FutureTask.get(FutureTask.java:192)
	at org.apache.ratis.server.impl.LeaderElection.waitForResults(LeaderElection.java:262)
	at org.apache.ratis.server.impl.LeaderElection.askForVotes(LeaderElection.java:200)
	at org.apache.ratis.server.impl.LeaderElection.run(LeaderElection.java:130)
	at java.lang.Thread.run(Thread.java:748)
Caused by: org.apache.ratis.thirdparty.io.grpc.StatusRuntimeException: UNAVAILABLE: io exception
	at org.apache.ratis.thirdparty.io.grpc.stub.ClientCalls.toStatusRuntimeException(ClientCalls.java:233)
	at org.apache.ratis.thirdparty.io.grpc.stub.ClientCalls.getUnchecked(ClientCalls.java:214)
	at org.apache.ratis.thirdparty.io.grpc.stub.ClientCalls.blockingUnaryCall(ClientCalls.java:139)
	at org.apache.ratis.proto.grpc.RaftServerProtocolServiceGrpc$RaftServerProtocolServiceBlockingStub.requestVote(RaftServerProtocolServiceGrpc.java:265)
	at org.apache.ratis.grpc.server.GrpcServerProtocolClient.requestVote(GrpcServerProtocolClient.java:83)
	at org.apache.ratis.grpc.server.GrpcService.requestVote(GrpcService.java:195)
	at org.apache.ratis.server.impl.LeaderElection.lambda$submitRequests$1(LeaderElection.java:237)
	at java.util.concurrent.FutureTask.run(FutureTask.java:266)
	at java.util.concurrent.Executors$RunnableAdapter.call(Executors.java:511)
	at java.util.concurrent.FutureTask.run(FutureTask.java:266)
	at java.util.concurrent.ThreadPoolExecutor.runWorker(ThreadPoolExecutor.java:1149)
	at java.util.concurrent.ThreadPoolExecutor$Worker.run(ThreadPoolExecutor.java:624)
	... 1 more
Caused by: org.apache.ratis.thirdparty.io.netty.channel.AbstractChannel$AnnotatedConnectException: Connection refused: /192.168.34.1:43192
	at sun.nio.ch.SocketChannelImpl.checkConnect(Native Method)
	at sun.nio.ch.SocketChannelImpl.finishConnect(SocketChannelImpl.java:717)
	at org.apache.ratis.thirdparty.io.netty.channel.socket.nio.NioSocketChannel.doFinishConnect(NioSocketChannel.java:327)
	at org.apache.ratis.thirdparty.io.netty.channel.nio.AbstractNioChannel$AbstractNioUnsafe.finishConnect(AbstractNioChannel.java:340)
	at org.apache.ratis.thirdparty.io.netty.channel.nio.NioEventLoop.processSelectedKey(NioEventLoop.java:632)
	at org.apache.ratis.thirdparty.io.netty.channel.nio.NioEventLoop.processSelectedKeysOptimized(NioEventLoop.java:579)
	at org.apache.ratis.thirdparty.io.netty.channel.nio.NioEventLoop.processSelectedKeys(NioEventLoop.java:496)
	at org.apache.ratis.thirdparty.io.netty.channel.nio.NioEventLoop.run(NioEventLoop.java:458)
	at org.apache.ratis.thirdparty.io.netty.util.concurrent.SingleThreadEventExecutor$5.run(SingleThreadEventExecutor.java:897)
	at org.apache.ratis.thirdparty.io.netty.util.concurrent.FastThreadLocalRunnable.run(FastThreadLocalRunnable.java:30)
	... 1 more
Caused by: java.net.ConnectException: Connection refused
	... 11 more
2019-08-27 09:30:30,450 [dc9c49c4-fcba-44d3-8e03-8b7afae22bc1:group-452BC1B4A176:LeaderElection12] INFO  impl.LeaderElection (LogUtils.java:infoOrTrace(149)) -   Exception 1: {}
java.util.concurrent.ExecutionException: org.apache.ratis.thirdparty.io.grpc.StatusRuntimeException: UNAVAILABLE: io exception
	at java.util.concurrent.FutureTask.report(FutureTask.java:122)
	at java.util.concurrent.FutureTask.get(FutureTask.java:192)
	at org.apache.ratis.server.impl.LeaderElection.waitForResults(LeaderElection.java:262)
	at org.apache.ratis.server.impl.LeaderElection.askForVotes(LeaderElection.java:200)
	at org.apache.ratis.server.impl.LeaderElection.run(LeaderElection.java:130)
	at java.lang.Thread.run(Thread.java:748)
Caused by: org.apache.ratis.thirdparty.io.grpc.StatusRuntimeException: UNAVAILABLE: io exception
	at org.apache.ratis.thirdparty.io.grpc.stub.ClientCalls.toStatusRuntimeException(ClientCalls.java:233)
	at org.apache.ratis.thirdparty.io.grpc.stub.ClientCalls.getUnchecked(ClientCalls.java:214)
	at org.apache.ratis.thirdparty.io.grpc.stub.ClientCalls.blockingUnaryCall(ClientCalls.java:139)
	at org.apache.ratis.proto.grpc.RaftServerProtocolServiceGrpc$RaftServerProtocolServiceBlockingStub.requestVote(RaftServerProtocolServiceGrpc.java:265)
	at org.apache.ratis.grpc.server.GrpcServerProtocolClient.requestVote(GrpcServerProtocolClient.java:83)
	at org.apache.ratis.grpc.server.GrpcService.requestVote(GrpcService.java:195)
	at org.apache.ratis.server.impl.LeaderElection.lambda$submitRequests$1(LeaderElection.java:237)
	at java.util.concurrent.FutureTask.run(FutureTask.java:266)
	at java.util.concurrent.Executors$RunnableAdapter.call(Executors.java:511)
	at java.util.concurrent.FutureTask.run(FutureTask.java:266)
	at java.util.concurrent.ThreadPoolExecutor.runWorker(ThreadPoolExecutor.java:1149)
	at java.util.concurrent.ThreadPoolExecutor$Worker.run(ThreadPoolExecutor.java:624)
	... 1 more
Caused by: org.apache.ratis.thirdparty.io.netty.channel.AbstractChannel$AnnotatedConnectException: Connection refused: /192.168.34.1:43192
	at sun.nio.ch.SocketChannelImpl.checkConnect(Native Method)
	at sun.nio.ch.SocketChannelImpl.finishConnect(SocketChannelImpl.java:717)
	at org.apache.ratis.thirdparty.io.netty.channel.socket.nio.NioSocketChannel.doFinishConnect(NioSocketChannel.java:327)
	at org.apache.ratis.thirdparty.io.netty.channel.nio.AbstractNioChannel$AbstractNioUnsafe.finishConnect(AbstractNioChannel.java:340)
	at org.apache.ratis.thirdparty.io.netty.channel.nio.NioEventLoop.processSelectedKey(NioEventLoop.java:632)
	at org.apache.ratis.thirdparty.io.netty.channel.nio.NioEventLoop.processSelectedKeysOptimized(NioEventLoop.java:579)
	at org.apache.ratis.thirdparty.io.netty.channel.nio.NioEventLoop.processSelectedKeys(NioEventLoop.java:496)
	at org.apache.ratis.thirdparty.io.netty.channel.nio.NioEventLoop.run(NioEventLoop.java:458)
	at org.apache.ratis.thirdparty.io.netty.util.concurrent.SingleThreadEventExecutor$5.run(SingleThreadEventExecutor.java:897)
	at org.apache.ratis.thirdparty.io.netty.util.concurrent.FastThreadLocalRunnable.run(FastThreadLocalRunnable.java:30)
	... 1 more
Caused by: java.net.ConnectException: Connection refused
	... 11 more
2019-08-27 09:30:30,451 [dc9c49c4-fcba-44d3-8e03-8b7afae22bc1:group-C900A224E225:LeaderElection11] INFO  impl.RaftServerImpl (RaftServerImpl.java:setRole(171)) - dc9c49c4-fcba-44d3-8e03-8b7afae22bc1:group-C900A224E225 changes role from CANDIDATE to FOLLOWER at term 2 for DISCOVERED_A_NEW_TERM
2019-08-27 09:30:30,452 [dc9c49c4-fcba-44d3-8e03-8b7afae22bc1:group-452BC1B4A176:LeaderElection12] INFO  impl.RaftServerImpl (RaftServerImpl.java:setRole(171)) - dc9c49c4-fcba-44d3-8e03-8b7afae22bc1:group-452BC1B4A176 changes role from CANDIDATE to FOLLOWER at term 2 for DISCOVERED_A_NEW_TERM
2019-08-27 09:30:30,453 [dc9c49c4-fcba-44d3-8e03-8b7afae22bc1:group-C900A224E225:LeaderElection11] INFO  impl.RoleInfo (RoleInfo.java:shutdownLeaderElection(134)) - dc9c49c4-fcba-44d3-8e03-8b7afae22bc1: shutdown LeaderElection
2019-08-27 09:30:30,453 [dc9c49c4-fcba-44d3-8e03-8b7afae22bc1:group-452BC1B4A176:LeaderElection12] INFO  impl.RoleInfo (RoleInfo.java:shutdownLeaderElection(134)) - dc9c49c4-fcba-44d3-8e03-8b7afae22bc1: shutdown LeaderElection
2019-08-27 09:30:30,454 [dc9c49c4-fcba-44d3-8e03-8b7afae22bc1:group-C900A224E225:LeaderElection11] INFO  impl.RoleInfo (RoleInfo.java:updateAndGet(143)) - dc9c49c4-fcba-44d3-8e03-8b7afae22bc1: start FollowerState
2019-08-27 09:30:30,454 [dc9c49c4-fcba-44d3-8e03-8b7afae22bc1:group-452BC1B4A176:LeaderElection12] INFO  impl.RoleInfo (RoleInfo.java:updateAndGet(143)) - dc9c49c4-fcba-44d3-8e03-8b7afae22bc1: start FollowerState
2019-08-27 09:30:31,859 [main] INFO  ozoneimpl.OzoneContainer (OzoneContainer.java:stop(199)) - Attempting to stop container services.
2019-08-27 09:30:31,860 [main] INFO  impl.RaftServerProxy (RaftServerProxy.java:lambda$close$4(314)) - dc9c49c4-fcba-44d3-8e03-8b7afae22bc1: close
2019-08-27 09:30:31,861 [main] INFO  impl.RaftServerImpl (RaftServerImpl.java:lambda$shutdown$3(245)) - dc9c49c4-fcba-44d3-8e03-8b7afae22bc1: shutdown group-452BC1B4A176
2019-08-27 09:30:31,861 [ForkJoinPool.commonPool-worker-1] INFO  impl.RaftServerImpl (RaftServerImpl.java:lambda$shutdown$3(245)) - dc9c49c4-fcba-44d3-8e03-8b7afae22bc1: shutdown group-C900A224E225
2019-08-27 09:30:31,861 [main] INFO  util.JmxRegister (JmxRegister.java:unregister(73)) - Successfully un-registered JMX Bean with object name Ratis:service=RaftServer,group=group-452BC1B4A176,id=dc9c49c4-fcba-44d3-8e03-8b7afae22bc1
2019-08-27 09:30:31,862 [ForkJoinPool.commonPool-worker-1] INFO  util.JmxRegister (JmxRegister.java:unregister(73)) - Successfully un-registered JMX Bean with object name Ratis:service=RaftServer,group=group-C900A224E225,id=dc9c49c4-fcba-44d3-8e03-8b7afae22bc1
2019-08-27 09:30:31,862 [main] INFO  impl.RoleInfo (RoleInfo.java:shutdownFollowerState(121)) - dc9c49c4-fcba-44d3-8e03-8b7afae22bc1: shutdown FollowerState
2019-08-27 09:30:31,862 [ForkJoinPool.commonPool-worker-1] INFO  impl.RoleInfo (RoleInfo.java:shutdownFollowerState(121)) - dc9c49c4-fcba-44d3-8e03-8b7afae22bc1: shutdown FollowerState
2019-08-27 09:30:31,863 [main] INFO  impl.StateMachineUpdater (StateMachineUpdater.java:stopAndJoin(115)) - StateMachineUpdater:dc9c49c4-fcba-44d3-8e03-8b7afae22bc1:group-452BC1B4A176: set stopIndex = -1
2019-08-27 09:30:31,863 [Thread-294] INFO  impl.FollowerState (FollowerState.java:run(114)) - dc9c49c4-fcba-44d3-8e03-8b7afae22bc1: FollowerState was interrupted: java.lang.InterruptedException: sleep interrupted
2019-08-27 09:30:31,863 [Thread-295] INFO  impl.FollowerState (FollowerState.java:run(114)) - dc9c49c4-fcba-44d3-8e03-8b7afae22bc1: FollowerState was interrupted: java.lang.InterruptedException: sleep interrupted
2019-08-27 09:30:31,863 [ForkJoinPool.commonPool-worker-1] INFO  impl.StateMachineUpdater (StateMachineUpdater.java:stopAndJoin(115)) - StateMachineUpdater:dc9c49c4-fcba-44d3-8e03-8b7afae22bc1:group-C900A224E225: set stopIndex = -1
2019-08-27 09:30:31,863 [main] INFO  impl.RaftServerImpl (ServerState.java:close(394)) - dc9c49c4-fcba-44d3-8e03-8b7afae22bc1:group-452BC1B4A176 closes. The last applied log index is -1
2019-08-27 09:30:31,868 [ForkJoinPool.commonPool-worker-1] INFO  impl.RaftServerImpl (ServerState.java:close(394)) - dc9c49c4-fcba-44d3-8e03-8b7afae22bc1:group-C900A224E225 closes. The last applied log index is -1
2019-08-27 09:30:31,869 [dc9c49c4-fcba-44d3-8e03-8b7afae22bc1-SegmentedRaftLogWorker:Storage Directory /workdir/hadoop-ozone/integration-test/target/test-dir/MiniOzoneClusterImpl-e06e3fd2-9840-4528-8a25-31a0cd6e3a97/datanode-3/data/ratis/b6e9af7f-d4b6-41f2-bd9f-452bc1b4a176] INFO  segmented.SegmentedRaftLogWorker (SegmentedRaftLogWorker.java:run(313)) - dc9c49c4-fcba-44d3-8e03-8b7afae22bc1-SegmentedRaftLogWorker:Storage Directory /workdir/hadoop-ozone/integration-test/target/test-dir/MiniOzoneClusterImpl-e06e3fd2-9840-4528-8a25-31a0cd6e3a97/datanode-3/data/ratis/b6e9af7f-d4b6-41f2-bd9f-452bc1b4a176 was interrupted, exiting. There are 0 tasks remaining in the queue.
2019-08-27 09:30:31,869 [dc9c49c4-fcba-44d3-8e03-8b7afae22bc1-SegmentedRaftLogWorker:Storage Directory /workdir/hadoop-ozone/integration-test/target/test-dir/MiniOzoneClusterImpl-e06e3fd2-9840-4528-8a25-31a0cd6e3a97/datanode-3/data/ratis/47a72fc0-6ae4-4d63-a978-c900a224e225] INFO  segmented.SegmentedRaftLogWorker (SegmentedRaftLogWorker.java:run(313)) - dc9c49c4-fcba-44d3-8e03-8b7afae22bc1-SegmentedRaftLogWorker:Storage Directory /workdir/hadoop-ozone/integration-test/target/test-dir/MiniOzoneClusterImpl-e06e3fd2-9840-4528-8a25-31a0cd6e3a97/datanode-3/data/ratis/47a72fc0-6ae4-4d63-a978-c900a224e225 was interrupted, exiting. There are 0 tasks remaining in the queue.
2019-08-27 09:30:31,869 [main] INFO  segmented.SegmentedRaftLogWorker (SegmentedRaftLogWorker.java:close(228)) - dc9c49c4-fcba-44d3-8e03-8b7afae22bc1-SegmentedRaftLogWorker:Storage Directory /workdir/hadoop-ozone/integration-test/target/test-dir/MiniOzoneClusterImpl-e06e3fd2-9840-4528-8a25-31a0cd6e3a97/datanode-3/data/ratis/b6e9af7f-d4b6-41f2-bd9f-452bc1b4a176 close()
2019-08-27 09:30:31,872 [ForkJoinPool.commonPool-worker-1] INFO  segmented.SegmentedRaftLogWorker (SegmentedRaftLogWorker.java:close(228)) - dc9c49c4-fcba-44d3-8e03-8b7afae22bc1-SegmentedRaftLogWorker:Storage Directory /workdir/hadoop-ozone/integration-test/target/test-dir/MiniOzoneClusterImpl-e06e3fd2-9840-4528-8a25-31a0cd6e3a97/datanode-3/data/ratis/47a72fc0-6ae4-4d63-a978-c900a224e225 close()
2019-08-27 09:30:31,874 [main] INFO  impl.RaftServerImpl (RaftServerImpl.java:lambda$shutdown$3(245)) - dc9c49c4-fcba-44d3-8e03-8b7afae22bc1: shutdown group-018EF1DD7F91
2019-08-27 09:30:31,875 [ForkJoinPool.commonPool-worker-1] INFO  impl.RaftServerImpl (RaftServerImpl.java:lambda$shutdown$3(245)) - dc9c49c4-fcba-44d3-8e03-8b7afae22bc1: shutdown group-C8FAD5C087BC
2019-08-27 09:30:31,876 [main] INFO  util.JmxRegister (JmxRegister.java:unregister(73)) - Successfully un-registered JMX Bean with object name Ratis:service=RaftServer,group=group-018EF1DD7F91,id=dc9c49c4-fcba-44d3-8e03-8b7afae22bc1
2019-08-27 09:30:31,876 [ForkJoinPool.commonPool-worker-1] INFO  util.JmxRegister (JmxRegister.java:unregister(73)) - Successfully un-registered JMX Bean with object name Ratis:service=RaftServer,group=group-C8FAD5C087BC,id=dc9c49c4-fcba-44d3-8e03-8b7afae22bc1
2019-08-27 09:30:31,876 [main] INFO  impl.RoleInfo (RoleInfo.java:shutdownLeaderState(104)) - dc9c49c4-fcba-44d3-8e03-8b7afae22bc1: shutdown LeaderState
2019-08-27 09:30:31,877 [ForkJoinPool.commonPool-worker-1] INFO  impl.RoleInfo (RoleInfo.java:shutdownFollowerState(121)) - dc9c49c4-fcba-44d3-8e03-8b7afae22bc1: shutdown FollowerState
2019-08-27 09:30:31,877 [main] INFO  impl.PendingRequests (PendingRequests.java:sendNotLeaderResponses(202)) - dc9c49c4-fcba-44d3-8e03-8b7afae22bc1-PendingRequests: sendNotLeaderResponses
2019-08-27 09:30:31,877 [Thread-264] INFO  impl.FollowerState (FollowerState.java:run(114)) - dc9c49c4-fcba-44d3-8e03-8b7afae22bc1: FollowerState was interrupted: java.lang.InterruptedException: sleep interrupted
2019-08-27 09:30:31,878 [main] INFO  impl.StateMachineUpdater (StateMachineUpdater.java:stopAndJoin(115)) - StateMachineUpdater:dc9c49c4-fcba-44d3-8e03-8b7afae22bc1:group-018EF1DD7F91: set stopIndex = 0
2019-08-27 09:30:31,878 [main] INFO  impl.RaftServerImpl (ServerState.java:close(394)) - dc9c49c4-fcba-44d3-8e03-8b7afae22bc1:group-018EF1DD7F91 closes. The last applied log index is 0
2019-08-27 09:30:31,877 [ForkJoinPool.commonPool-worker-1] INFO  impl.StateMachineUpdater (StateMachineUpdater.java:stopAndJoin(115)) - StateMachineUpdater:dc9c49c4-fcba-44d3-8e03-8b7afae22bc1:group-C8FAD5C087BC: set stopIndex = 0
2019-08-27 09:30:31,879 [dc9c49c4-fcba-44d3-8e03-8b7afae22bc1-SegmentedRaftLogWorker:Storage Directory /workdir/hadoop-ozone/integration-test/target/test-dir/MiniOzoneClusterImpl-e06e3fd2-9840-4528-8a25-31a0cd6e3a97/datanode-3/data/ratis/b35a3fa0-0821-4cd2-9c45-018ef1dd7f91] INFO  segmented.SegmentedRaftLogWorker (SegmentedRaftLogWorker.java:run(313)) - dc9c49c4-fcba-44d3-8e03-8b7afae22bc1-SegmentedRaftLogWorker:Storage Directory /workdir/hadoop-ozone/integration-test/target/test-dir/MiniOzoneClusterImpl-e06e3fd2-9840-4528-8a25-31a0cd6e3a97/datanode-3/data/ratis/b35a3fa0-0821-4cd2-9c45-018ef1dd7f91 was interrupted, exiting. There are 0 tasks remaining in the queue.
2019-08-27 09:30:31,879 [ForkJoinPool.commonPool-worker-1] INFO  impl.RaftServerImpl (ServerState.java:close(394)) - dc9c49c4-fcba-44d3-8e03-8b7afae22bc1:group-C8FAD5C087BC closes. The last applied log index is 0
2019-08-27 09:30:31,880 [main] INFO  segmented.SegmentedRaftLogWorker (SegmentedRaftLogWorker.java:close(228)) - dc9c49c4-fcba-44d3-8e03-8b7afae22bc1-SegmentedRaftLogWorker:Storage Directory /workdir/hadoop-ozone/integration-test/target/test-dir/MiniOzoneClusterImpl-e06e3fd2-9840-4528-8a25-31a0cd6e3a97/datanode-3/data/ratis/b35a3fa0-0821-4cd2-9c45-018ef1dd7f91 close()
2019-08-27 09:30:31,881 [dc9c49c4-fcba-44d3-8e03-8b7afae22bc1-SegmentedRaftLogWorker:Storage Directory /workdir/hadoop-ozone/integration-test/target/test-dir/MiniOzoneClusterImpl-e06e3fd2-9840-4528-8a25-31a0cd6e3a97/datanode-3/data/ratis/aeb21a99-9e0f-465d-9294-c8fad5c087bc] INFO  segmented.SegmentedRaftLogWorker (SegmentedRaftLogWorker.java:run(313)) - dc9c49c4-fcba-44d3-8e03-8b7afae22bc1-SegmentedRaftLogWorker:Storage Directory /workdir/hadoop-ozone/integration-test/target/test-dir/MiniOzoneClusterImpl-e06e3fd2-9840-4528-8a25-31a0cd6e3a97/datanode-3/data/ratis/aeb21a99-9e0f-465d-9294-c8fad5c087bc was interrupted, exiting. There are 0 tasks remaining in the queue.
2019-08-27 09:30:31,885 [ForkJoinPool.commonPool-worker-1] INFO  segmented.SegmentedRaftLogWorker (SegmentedRaftLogWorker.java:close(228)) - dc9c49c4-fcba-44d3-8e03-8b7afae22bc1-SegmentedRaftLogWorker:Storage Directory /workdir/hadoop-ozone/integration-test/target/test-dir/MiniOzoneClusterImpl-e06e3fd2-9840-4528-8a25-31a0cd6e3a97/datanode-3/data/ratis/aeb21a99-9e0f-465d-9294-c8fad5c087bc close()
2019-08-27 09:30:31,886 [main] INFO  server.GrpcService (GrpcService.java:closeImpl(155)) - dc9c49c4-fcba-44d3-8e03-8b7afae22bc1: shutdown server with port 33097 now
2019-08-27 09:30:31,887 [main] INFO  server.GrpcService (GrpcService.java:closeImpl(163)) - dc9c49c4-fcba-44d3-8e03-8b7afae22bc1: shutdown server with port 33097 successfully
2019-08-27 09:30:31,890 [main] INFO  utils.BackgroundService (BackgroundService.java:shutdown(148)) - Shutting down service BlockDeletingService
2019-08-27 09:30:31,891 [refreshUsed-/workdir/hadoop-ozone/integration-test/target/test-dir/MiniOzoneClusterImpl-e06e3fd2-9840-4528-8a25-31a0cd6e3a97/datanode-3/data/containers] WARN  fs.CachingGetSpaceUsed (CachingGetSpaceUsed.java:run(183)) - Thread Interrupted waiting to refresh disk information: sleep interrupted
2019-08-27 09:30:31,917 [main] INFO  statemachine.DatanodeStateMachine (DatanodeStateMachine.java:stopDaemon(395)) - Ozone container server stopped.
2019-08-27 09:30:31,919 [main] INFO  handler.ContextHandler (ContextHandler.java:doStop(910)) - Stopped o.e.j.w.WebAppContext@6f50d55c{/,null,UNAVAILABLE}{/hddsDatanode}
2019-08-27 09:30:31,920 [main] INFO  server.AbstractConnector (AbstractConnector.java:doStop(318)) - Stopped ServerConnector@19b5214b{HTTP/1.1,[http/1.1]}{0.0.0.0:0}
2019-08-27 09:30:31,921 [main] INFO  handler.ContextHandler (ContextHandler.java:doStop(910)) - Stopped o.e.j.s.ServletContextHandler@14f060b8{/static,jar:file:/home/user/.m2/repository/org/apache/hadoop/hadoop-hdds-container-service/0.5.0-SNAPSHOT/hadoop-hdds-container-service-0.5.0-SNAPSHOT.jar!/webapps/static,UNAVAILABLE}
2019-08-27 09:30:31,921 [main] INFO  handler.ContextHandler (ContextHandler.java:doStop(910)) - Stopped o.e.j.s.ServletContextHandler@723e2d08{/logs,file:///workdir/hadoop-ozone/integration-test/target/log,UNAVAILABLE}
2019-08-27 09:30:31,922 [main] INFO  ozone.MiniOzoneClusterImpl (MiniOzoneClusterImpl.java:stop(353)) - Stopping the StorageContainerManager
2019-08-27 09:30:31,923 [main] INFO  server.StorageContainerManager (StorageContainerManager.java:stop(797)) - Stopping Replication Manager Service.
2019-08-27 09:30:31,923 [main] INFO  container.ReplicationManager (ReplicationManager.java:stop(193)) - Stopping Replication Monitor Thread.
2019-08-27 09:30:31,923 [main] INFO  server.StorageContainerManager (StorageContainerManager.java:stop(804)) - Stopping Lease Manager of the command watchers
2019-08-27 09:30:31,924 [main] INFO  server.StorageContainerManager (StorageContainerManager.java:stop(811)) - Stopping datanode service RPC server
2019-08-27 09:30:31,924 [main] INFO  server.SCMDatanodeProtocolServer (SCMDatanodeProtocolServer.java:stop(367)) - Stopping the RPC server for DataNodes
2019-08-27 09:30:31,924 [main] INFO  ipc.Server (Server.java:stop(3082)) - Stopping server on 40250
2019-08-27 09:30:31,925 [IPC Server listener on 40250] INFO  ipc.Server (Server.java:run(1185)) - Stopping IPC Server listener on 40250
2019-08-27 09:30:31,927 [IPC Server Responder] INFO  ipc.Server (Server.java:run(1319)) - Stopping IPC Server Responder
2019-08-27 09:30:31,953 [SCM Heartbeat Processing Thread - 0] WARN  node.NodeStateManager (NodeStateManager.java:scheduleNextHealthCheck(646)) - Current Thread is interrupted, shutting down HB processing thread for Node Manager.
2019-08-27 09:30:31,953 [main] INFO  server.StorageContainerManager (StorageContainerManager.java:stop(819)) - Stopping block service RPC server
2019-08-27 09:30:31,954 [main] INFO  server.SCMBlockProtocolServer (SCMBlockProtocolServer.java:stop(148)) - Stopping the RPC server for Block Protocol
2019-08-27 09:30:31,954 [main] INFO  ipc.Server (Server.java:stop(3082)) - Stopping server on 38412
2019-08-27 09:30:31,955 [main] INFO  server.StorageContainerManager (StorageContainerManager.java:stop(826)) - Stopping the StorageContainerLocationProtocol RPC server
2019-08-27 09:30:31,956 [main] INFO  server.SCMClientProtocolServer (SCMClientProtocolServer.java:stop(159)) - Stopping the RPC server for Client Protocol
2019-08-27 09:30:31,956 [main] INFO  ipc.Server (Server.java:stop(3082)) - Stopping server on 39795
2019-08-27 09:30:31,956 [IPC Server Responder] INFO  ipc.Server (Server.java:run(1319)) - Stopping IPC Server Responder
2019-08-27 09:30:31,956 [IPC Server listener on 38412] INFO  ipc.Server (Server.java:run(1185)) - Stopping IPC Server listener on 38412
2019-08-27 09:30:31,958 [IPC Server listener on 39795] INFO  ipc.Server (Server.java:run(1185)) - Stopping IPC Server listener on 39795
2019-08-27 09:30:31,958 [main] INFO  server.StorageContainerManager (StorageContainerManager.java:stop(833)) - Stopping Storage Container Manager HTTP server.
2019-08-27 09:30:31,959 [IPC Server Responder] INFO  ipc.Server (Server.java:run(1319)) - Stopping IPC Server Responder
2019-08-27 09:30:31,959 [main] INFO  handler.ContextHandler (ContextHandler.java:doStop(910)) - Stopped o.e.j.w.WebAppContext@41394595{/,null,UNAVAILABLE}{/scm}
2019-08-27 09:30:31,960 [main] INFO  server.AbstractConnector (AbstractConnector.java:doStop(318)) - Stopped ServerConnector@158d255c{HTTP/1.1,[http/1.1]}{0.0.0.0:0}
2019-08-27 09:30:31,961 [main] INFO  handler.ContextHandler (ContextHandler.java:doStop(910)) - Stopped o.e.j.s.ServletContextHandler@74a6a609{/static,file:///workdir/hadoop-ozone/integration-test/target/test-classes/webapps/static,UNAVAILABLE}
2019-08-27 09:30:31,961 [main] INFO  handler.ContextHandler (ContextHandler.java:doStop(910)) - Stopped o.e.j.s.ServletContextHandler@14dda234{/logs,file:///workdir/hadoop-ozone/integration-test/target/log,UNAVAILABLE}
2019-08-27 09:30:31,962 [main] INFO  server.StorageContainerManager (StorageContainerManager.java:stop(844)) - Stopping Block Manager Service.
2019-08-27 09:30:31,963 [main] INFO  utils.BackgroundService (BackgroundService.java:shutdown(148)) - Shutting down service SCMBlockDeletingService
2019-08-27 09:30:31,963 [main] INFO  utils.BackgroundService (BackgroundService.java:shutdown(148)) - Shutting down service SCMBlockDeletingService
2019-08-27 09:30:31,964 [main] INFO  server.StorageContainerManager (StorageContainerManager.java:stop(866)) - Stopping SCM Event Queue.
2019-08-27 09:30:31,969 [main] INFO  impl.MetricsSystemImpl (MetricsSystemImpl.java:stop(210)) - Stopping HddsDatanode metrics system...
2019-08-27 09:30:31,974 [main] INFO  impl.MetricsSystemImpl (MetricsSystemImpl.java:stop(216)) - HddsDatanode metrics system stopped.
]]></system-out>
    <system-err><![CDATA[Aug 27, 2019 9:30:00 AM com.sun.jersey.server.impl.application.WebApplicationImpl _initiate
INFO: Initiating Jersey application, version 'Jersey: 1.19 02/11/2015 03:25 AM'
Aug 27, 2019 9:30:01 AM com.sun.jersey.server.impl.application.WebApplicationImpl _initiate
INFO: Initiating Jersey application, version 'Jersey: 1.19 02/11/2015 03:25 AM'
Aug 27, 2019 9:30:02 AM com.sun.jersey.server.impl.application.WebApplicationImpl _initiate
INFO: Initiating Jersey application, version 'Jersey: 1.19 02/11/2015 03:25 AM'
Aug 27, 2019 9:30:02 AM com.sun.jersey.server.impl.application.WebApplicationImpl _initiate
INFO: Initiating Jersey application, version 'Jersey: 1.19 02/11/2015 03:25 AM'
Aug 27, 2019 9:30:02 AM com.sun.jersey.server.impl.application.WebApplicationImpl _initiate
INFO: Initiating Jersey application, version 'Jersey: 1.19 02/11/2015 03:25 AM'
]]></system-err>
  </testcase>
</testsuite>