<?xml version="1.0" encoding="UTF-8"?>
<testsuite xmlns:xsi="http://www.w3.org/2001/XMLSchema-instance" xsi:noNamespaceSchemaLocation="https://maven.apache.org/surefire/maven-surefire-plugin/xsd/surefire-test-report.xsd" name="org.apache.hadoop.ozone.client.rpc.TestFailureHandlingByClient" time="301.539" tests="5" errors="0" skipped="0" failures="1">
  <properties>
    <property name="awt.toolkit" value="sun.awt.X11.XToolkit"/>
    <property name="file.encoding.pkg" value="sun.io"/>
    <property name="java.specification.version" value="1.8"/>
    <property name="sun.cpu.isalist" value=""/>
    <property name="sun.jnu.encoding" value="UTF-8"/>
    <property name="java.class.path" value="/workdir/hadoop-ozone/integration-test/target/test-classes:/workdir/hadoop-ozone/integration-test/target/classes:/home/user/.m2/repository/org/apache/hadoop/hadoop-ozone-common/0.5.0-SNAPSHOT/hadoop-ozone-common-0.5.0-SNAPSHOT.jar:/home/user/.m2/repository/org/apache/commons/commons-compress/1.4.1/commons-compress-1.4.1.jar:/home/user/.m2/repository/org/tukaani/xz/1.0/xz-1.0.jar:/home/user/.m2/repository/org/apache/hadoop/hadoop-common/3.2.0/hadoop-common-3.2.0.jar:/home/user/.m2/repository/org/apache/hadoop/hadoop-hdfs/3.2.0/hadoop-hdfs-3.2.0.jar:/home/user/.m2/repository/org/apache/hadoop/hadoop-hdfs-client/3.2.0/hadoop-hdfs-client-3.2.0.jar:/home/user/.m2/repository/com/fasterxml/jackson/core/jackson-annotations/2.9.5/jackson-annotations-2.9.5.jar:/home/user/.m2/repository/org/apache/hadoop/hadoop-hdds-common/0.5.0-SNAPSHOT/hadoop-hdds-common-0.5.0-SNAPSHOT.jar:/home/user/.m2/repository/javax/annotation/javax.annotation-api/1.2/javax.annotation-api-1.2.jar:/home/user/.m2/repository/org/apache/ratis/ratis-server/0.4.0-2337318-SNAPSHOT/ratis-server-0.4.0-2337318-SNAPSHOT.jar:/home/user/.m2/repository/org/apache/ratis/ratis-thirdparty-misc/0.2.0/ratis-thirdparty-misc-0.2.0.jar:/home/user/.m2/repository/org/apache/ratis/ratis-proto/0.4.0-2337318-SNAPSHOT/ratis-proto-0.4.0-2337318-SNAPSHOT.jar:/home/user/.m2/repository/org/apache/ratis/ratis-common/0.4.0-2337318-SNAPSHOT/ratis-common-0.4.0-2337318-SNAPSHOT.jar:/home/user/.m2/repository/org/apache/ratis/ratis-client/0.4.0-2337318-SNAPSHOT/ratis-client-0.4.0-2337318-SNAPSHOT.jar:/home/user/.m2/repository/org/apache/ratis/ratis-metrics/0.4.0-2337318-SNAPSHOT/ratis-metrics-0.4.0-2337318-SNAPSHOT.jar:/home/user/.m2/repository/org/apache/ratis/ratis-netty/0.4.0-2337318-SNAPSHOT/ratis-netty-0.4.0-2337318-SNAPSHOT.jar:/home/user/.m2/repository/org/apache/ratis/ratis-grpc/0.4.0-2337318-SNAPSHOT/ratis-grpc-0.4.0-2337318-SNAPSHOT.jar:/home/user/.m2/repository/org/rocksdb/rocksdbjni/6.0.1/rocksdbjni-6.0.1.jar:/home/user/.m2/repository/org/apache/logging/log4j/log4j-api/2.11.0/log4j-api-2.11.0.jar:/home/user/.m2/repository/org/apache/logging/log4j/log4j-core/2.11.0/log4j-core-2.11.0.jar:/home/user/.m2/repository/com/lmax/disruptor/3.4.2/disruptor-3.4.2.jar:/home/user/.m2/repository/org/apache/commons/commons-pool2/2.6.0/commons-pool2-2.6.0.jar:/home/user/.m2/repository/org/bouncycastle/bcpkix-jdk15on/1.60/bcpkix-jdk15on-1.60.jar:/home/user/.m2/repository/commons-validator/commons-validator/1.6/commons-validator-1.6.jar:/home/user/.m2/repository/commons-digester/commons-digester/1.8.1/commons-digester-1.8.1.jar:/home/user/.m2/repository/io/jaegertracing/jaeger-client/0.33.1/jaeger-client-0.33.1.jar:/home/user/.m2/repository/io/jaegertracing/jaeger-thrift/0.33.1/jaeger-thrift-0.33.1.jar:/home/user/.m2/repository/org/apache/thrift/libthrift/0.11.0/libthrift-0.11.0.jar:/home/user/.m2/repository/com/squareup/okhttp3/okhttp/3.9.0/okhttp-3.9.0.jar:/home/user/.m2/repository/com/squareup/okio/okio/1.13.0/okio-1.13.0.jar:/home/user/.m2/repository/io/jaegertracing/jaeger-core/0.33.1/jaeger-core-0.33.1.jar:/home/user/.m2/repository/io/jaegertracing/jaeger-tracerresolver/0.33.1/jaeger-tracerresolver-0.33.1.jar:/home/user/.m2/repository/io/opentracing/contrib/opentracing-tracerresolver/0.1.5/opentracing-tracerresolver-0.1.5.jar:/home/user/.m2/repository/io/opentracing/opentracing-util/0.31.0/opentracing-util-0.31.0.jar:/home/user/.m2/repository/io/opentracing/opentracing-api/0.31.0/opentracing-api-0.31.0.jar:/home/user/.m2/repository/io/opentracing/opentracing-noop/0.31.0/opentracing-noop-0.31.0.jar:/home/user/.m2/repository/org/apache/hadoop/hadoop-hdds-server-framework/0.5.0-SNAPSHOT/hadoop-hdds-server-framework-0.5.0-SNAPSHOT.jar:/home/user/.m2/repository/org/apache/hadoop/hadoop-hdds-container-service/0.5.0-SNAPSHOT/hadoop-hdds-container-service-0.5.0-SNAPSHOT.jar:/home/user/.m2/repository/org/apache/hadoop/hadoop-hdds-client/0.5.0-SNAPSHOT/hadoop-hdds-client-0.5.0-SNAPSHOT.jar:/home/user/.m2/repository/org/apache/hadoop/hadoop-hdds-tools/0.5.0-SNAPSHOT/hadoop-hdds-tools-0.5.0-SNAPSHOT.jar:/home/user/.m2/repository/org/apache/hadoop/hadoop-hdds-server-scm/0.5.0-SNAPSHOT/hadoop-hdds-server-scm-0.5.0-SNAPSHOT.jar:/home/user/.m2/repository/org/apache/hadoop/hadoop-hdds-docs/0.5.0-SNAPSHOT/hadoop-hdds-docs-0.5.0-SNAPSHOT.jar:/home/user/.m2/repository/io/dropwizard/metrics/metrics-core/3.2.4/metrics-core-3.2.4.jar:/home/user/.m2/repository/org/hamcrest/hamcrest-all/1.3/hamcrest-all-1.3.jar:/home/user/.m2/repository/org/bouncycastle/bcprov-jdk15on/1.60/bcprov-jdk15on-1.60.jar:/home/user/.m2/repository/info/picocli/picocli/3.9.6/picocli-3.9.6.jar:/home/user/.m2/repository/com/google/protobuf/protobuf-java/2.5.0/protobuf-java-2.5.0.jar:/home/user/.m2/repository/com/google/guava/guava/11.0.2/guava-11.0.2.jar:/home/user/.m2/repository/org/apache/hadoop/hadoop-ozone-ozone-manager/0.5.0-SNAPSHOT/hadoop-ozone-ozone-manager-0.5.0-SNAPSHOT.jar:/home/user/.m2/repository/org/apache/hadoop/hadoop-minikdc/3.2.0/hadoop-minikdc-3.2.0.jar:/home/user/.m2/repository/commons-io/commons-io/2.5/commons-io-2.5.jar:/home/user/.m2/repository/org/apache/kerby/kerb-simplekdc/1.0.1/kerb-simplekdc-1.0.1.jar:/home/user/.m2/repository/org/apache/kerby/kerb-client/1.0.1/kerb-client-1.0.1.jar:/home/user/.m2/repository/org/apache/kerby/kerby-config/1.0.1/kerby-config-1.0.1.jar:/home/user/.m2/repository/org/apache/kerby/kerb-core/1.0.1/kerb-core-1.0.1.jar:/home/user/.m2/repository/org/apache/kerby/kerby-pkix/1.0.1/kerby-pkix-1.0.1.jar:/home/user/.m2/repository/org/apache/kerby/kerby-asn1/1.0.1/kerby-asn1-1.0.1.jar:/home/user/.m2/repository/org/apache/kerby/kerby-util/1.0.1/kerby-util-1.0.1.jar:/home/user/.m2/repository/org/apache/kerby/kerb-common/1.0.1/kerb-common-1.0.1.jar:/home/user/.m2/repository/org/apache/kerby/kerb-crypto/1.0.1/kerb-crypto-1.0.1.jar:/home/user/.m2/repository/org/apache/kerby/kerb-util/1.0.1/kerb-util-1.0.1.jar:/home/user/.m2/repository/org/apache/kerby/token-provider/1.0.1/token-provider-1.0.1.jar:/home/user/.m2/repository/org/apache/kerby/kerb-admin/1.0.1/kerb-admin-1.0.1.jar:/home/user/.m2/repository/org/apache/kerby/kerb-server/1.0.1/kerb-server-1.0.1.jar:/home/user/.m2/repository/org/apache/kerby/kerb-identity/1.0.1/kerb-identity-1.0.1.jar:/home/user/.m2/repository/org/apache/kerby/kerby-xdr/1.0.1/kerby-xdr-1.0.1.jar:/home/user/.m2/repository/org/slf4j/slf4j-log4j12/1.7.25/slf4j-log4j12-1.7.25.jar:/home/user/.m2/repository/org/apache/hadoop/hadoop-ozone-objectstore-service/0.5.0-SNAPSHOT/hadoop-ozone-objectstore-service-0.5.0-SNAPSHOT.jar:/home/user/.m2/repository/org/apache/hadoop/hadoop-ozone-s3gateway/0.5.0-SNAPSHOT/hadoop-ozone-s3gateway-0.5.0-SNAPSHOT.jar:/home/user/.m2/repository/org/jboss/weld/servlet/weld-servlet/2.4.7.Final/weld-servlet-2.4.7.Final.jar:/home/user/.m2/repository/org/glassfish/jersey/containers/jersey-container-servlet-core/2.27/jersey-container-servlet-core-2.27.jar:/home/user/.m2/repository/org/glassfish/hk2/external/javax.inject/2.5.0-b42/javax.inject-2.5.0-b42.jar:/home/user/.m2/repository/org/glassfish/jersey/core/jersey-common/2.27/jersey-common-2.27.jar:/home/user/.m2/repository/org/glassfish/hk2/osgi-resource-locator/1.0.1/osgi-resource-locator-1.0.1.jar:/home/user/.m2/repository/javax/ws/rs/javax.ws.rs-api/2.1/javax.ws.rs-api-2.1.jar:/home/user/.m2/repository/org/glassfish/jersey/ext/cdi/jersey-cdi1x/2.27/jersey-cdi1x-2.27.jar:/home/user/.m2/repository/org/glassfish/jersey/inject/jersey-hk2/2.27/jersey-hk2-2.27.jar:/home/user/.m2/repository/org/glassfish/hk2/hk2-locator/2.5.0-b42/hk2-locator-2.5.0-b42.jar:/home/user/.m2/repository/org/javassist/javassist/3.22.0-CR2/javassist-3.22.0-CR2.jar:/home/user/.m2/repository/org/glassfish/hk2/hk2-api/2.5.0/hk2-api-2.5.0.jar:/home/user/.m2/repository/org/glassfish/hk2/external/jakarta.inject/2.5.0/jakarta.inject-2.5.0.jar:/home/user/.m2/repository/org/glassfish/hk2/hk2-utils/2.5.0/hk2-utils-2.5.0.jar:/home/user/.m2/repository/jakarta/annotation/jakarta.annotation-api/1.3.4/jakarta.annotation-api-1.3.4.jar:/home/user/.m2/repository/org/glassfish/hk2/external/aopalliance-repackaged/2.5.0/aopalliance-repackaged-2.5.0.jar:/home/user/.m2/repository/com/fasterxml/jackson/dataformat/jackson-dataformat-xml/2.9.0/jackson-dataformat-xml-2.9.0.jar:/home/user/.m2/repository/com/fasterxml/jackson/core/jackson-core/2.9.5/jackson-core-2.9.5.jar:/home/user/.m2/repository/com/fasterxml/jackson/module/jackson-module-jaxb-annotations/2.9.5/jackson-module-jaxb-annotations-2.9.5.jar:/home/user/.m2/repository/javax/enterprise/cdi-api/1.2/cdi-api-1.2.jar:/home/user/.m2/repository/javax/el/javax.el-api/3.0.0/javax.el-api-3.0.0.jar:/home/user/.m2/repository/javax/interceptor/javax.interceptor-api/1.2/javax.interceptor-api-1.2.jar:/home/user/.m2/repository/javax/inject/javax.inject/1/javax.inject-1.jar:/home/user/.m2/repository/com/sun/xml/bind/jaxb-impl/2.3.0.1/jaxb-impl-2.3.0.1.jar:/home/user/.m2/repository/com/sun/xml/bind/jaxb-core/2.3.0.1/jaxb-core-2.3.0.1.jar:/home/user/.m2/repository/javax/xml/bind/jaxb-api/2.3.0/jaxb-api-2.3.0.jar:/home/user/.m2/repository/javax/activation/activation/1.1.1/activation-1.1.1.jar:/home/user/.m2/repository/org/apache/hadoop/hadoop-ozone-csi/0.5.0-SNAPSHOT/hadoop-ozone-csi-0.5.0-SNAPSHOT.jar:/home/user/.m2/repository/com/google/protobuf/protobuf-java-util/3.5.1/protobuf-java-util-3.5.1.jar:/home/user/.m2/repository/org/apache/hadoop/hadoop-hdds-config/0.5.0-SNAPSHOT/hadoop-hdds-config-0.5.0-SNAPSHOT.jar:/home/user/.m2/repository/io/grpc/grpc-netty/1.17.1/grpc-netty-1.17.1.jar:/home/user/.m2/repository/io/grpc/grpc-core/1.17.1/grpc-core-1.17.1.jar:/home/user/.m2/repository/io/grpc/grpc-context/1.17.1/grpc-context-1.17.1.jar:/home/user/.m2/repository/com/google/errorprone/error_prone_annotations/2.2.0/error_prone_annotations-2.2.0.jar:/home/user/.m2/repository/org/codehaus/mojo/animal-sniffer-annotations/1.17/animal-sniffer-annotations-1.17.jar:/home/user/.m2/repository/io/opencensus/opencensus-api/0.17.0/opencensus-api-0.17.0.jar:/home/user/.m2/repository/io/opencensus/opencensus-contrib-grpc-metrics/0.17.0/opencensus-contrib-grpc-metrics-0.17.0.jar:/home/user/.m2/repository/io/netty/netty-codec-http2/4.1.30.Final/netty-codec-http2-4.1.30.Final.jar:/home/user/.m2/repository/io/netty/netty-codec-http/4.1.30.Final/netty-codec-http-4.1.30.Final.jar:/home/user/.m2/repository/io/netty/netty-codec/4.1.30.Final/netty-codec-4.1.30.Final.jar:/home/user/.m2/repository/io/netty/netty-handler/4.1.30.Final/netty-handler-4.1.30.Final.jar:/home/user/.m2/repository/io/netty/netty-handler-proxy/4.1.30.Final/netty-handler-proxy-4.1.30.Final.jar:/home/user/.m2/repository/io/netty/netty-codec-socks/4.1.30.Final/netty-codec-socks-4.1.30.Final.jar:/home/user/.m2/repository/io/netty/netty-transport-native-epoll/4.1.30.Final/netty-transport-native-epoll-4.1.30.Final.jar:/home/user/.m2/repository/io/netty/netty-common/4.1.30.Final/netty-common-4.1.30.Final.jar:/home/user/.m2/repository/io/netty/netty-buffer/4.1.30.Final/netty-buffer-4.1.30.Final.jar:/home/user/.m2/repository/io/netty/netty-transport/4.1.30.Final/netty-transport-4.1.30.Final.jar:/home/user/.m2/repository/io/netty/netty-resolver/4.1.30.Final/netty-resolver-4.1.30.Final.jar:/home/user/.m2/repository/io/netty/netty-transport-native-unix-common/4.1.30.Final/netty-transport-native-unix-common-4.1.30.Final.jar:/home/user/.m2/repository/io/grpc/grpc-protobuf/1.17.1/grpc-protobuf-1.17.1.jar:/home/user/.m2/repository/com/google/api/grpc/proto-google-common-protos/1.0.0/proto-google-common-protos-1.0.0.jar:/home/user/.m2/repository/io/grpc/grpc-protobuf-lite/1.17.1/grpc-protobuf-lite-1.17.1.jar:/home/user/.m2/repository/io/grpc/grpc-stub/1.17.1/grpc-stub-1.17.1.jar:/home/user/.m2/repository/org/apache/hadoop/hadoop-ozone-recon/0.5.0-SNAPSHOT/hadoop-ozone-recon-0.5.0-SNAPSHOT.jar:/home/user/.m2/repository/org/apache/hadoop/hadoop-ozone-reconcodegen/0.5.0-SNAPSHOT/hadoop-ozone-reconcodegen-0.5.0-SNAPSHOT.jar:/home/user/.m2/repository/com/google/inject/extensions/guice-multibindings/4.0/guice-multibindings-4.0.jar:/home/user/.m2/repository/com/google/inject/guice/4.0/guice-4.0.jar:/home/user/.m2/repository/aopalliance/aopalliance/1.0/aopalliance-1.0.jar:/home/user/.m2/repository/com/google/inject/extensions/guice-servlet/4.0/guice-servlet-4.0.jar:/home/user/.m2/repository/org/glassfish/jersey/containers/jersey-container-servlet/2.27/jersey-container-servlet-2.27.jar:/home/user/.m2/repository/org/glassfish/hk2/guice-bridge/2.5.0/guice-bridge-2.5.0.jar:/home/user/.m2/repository/org/glassfish/jersey/core/jersey-server/2.27/jersey-server-2.27.jar:/home/user/.m2/repository/org/glassfish/jersey/core/jersey-client/2.27/jersey-client-2.27.jar:/home/user/.m2/repository/org/glassfish/jersey/media/jersey-media-jaxb/2.27/jersey-media-jaxb-2.27.jar:/home/user/.m2/repository/javax/validation/validation-api/1.1.0.Final/validation-api-1.1.0.Final.jar:/home/user/.m2/repository/org/glassfish/jersey/media/jersey-media-json-jackson/2.27/jersey-media-json-jackson-2.27.jar:/home/user/.m2/repository/org/glassfish/jersey/ext/jersey-entity-filtering/2.27/jersey-entity-filtering-2.27.jar:/home/user/.m2/repository/com/google/inject/extensions/guice-assistedinject/4.0/guice-assistedinject-4.0.jar:/home/user/.m2/repository/org/jooq/jooq/3.11.10/jooq-3.11.10.jar:/home/user/.m2/repository/org/jooq/jooq-meta/3.11.10/jooq-meta-3.11.10.jar:/home/user/.m2/repository/org/jooq/jooq-codegen/3.11.10/jooq-codegen-3.11.10.jar:/home/user/.m2/repository/com/jolbox/bonecp/0.8.0.RELEASE/bonecp-0.8.0.RELEASE.jar:/home/user/.m2/repository/org/xerial/sqlite-jdbc/3.25.2/sqlite-jdbc-3.25.2.jar:/home/user/.m2/repository/org/springframework/spring-jdbc/5.1.3.RELEASE/spring-jdbc-5.1.3.RELEASE.jar:/home/user/.m2/repository/org/springframework/spring-beans/5.1.3.RELEASE/spring-beans-5.1.3.RELEASE.jar:/home/user/.m2/repository/org/springframework/spring-core/5.1.3.RELEASE/spring-core-5.1.3.RELEASE.jar:/home/user/.m2/repository/org/springframework/spring-jcl/5.1.3.RELEASE/spring-jcl-5.1.3.RELEASE.jar:/home/user/.m2/repository/org/springframework/spring-tx/5.1.3.RELEASE/spring-tx-5.1.3.RELEASE.jar:/home/user/.m2/repository/org/apache/hadoop/hadoop-ozone-client/0.5.0-SNAPSHOT/hadoop-ozone-client-0.5.0-SNAPSHOT.jar:/home/user/.m2/repository/commons-lang/commons-lang/2.6/commons-lang-2.6.jar:/home/user/.m2/repository/org/apache/hadoop/hadoop-ozone-ozone-manager/0.5.0-SNAPSHOT/hadoop-ozone-ozone-manager-0.5.0-SNAPSHOT-tests.jar:/home/user/.m2/repository/junit/junit/4.11/junit-4.11.jar:/home/user/.m2/repository/org/hamcrest/hamcrest-core/1.3/hamcrest-core-1.3.jar:/home/user/.m2/repository/org/openjdk/jmh/jmh-core/1.19/jmh-core-1.19.jar:/home/user/.m2/repository/net/sf/jopt-simple/jopt-simple/4.6/jopt-simple-4.6.jar:/home/user/.m2/repository/org/apache/commons/commons-math3/3.1.1/commons-math3-3.1.1.jar:/home/user/.m2/repository/org/openjdk/jmh/jmh-generator-annprocess/1.19/jmh-generator-annprocess-1.19.jar:/home/user/.m2/repository/org/mockito/mockito-all/1.8.5/mockito-all-1.8.5.jar:/home/user/.m2/repository/org/apache/hadoop/hadoop-kms/3.2.0/hadoop-kms-3.2.0.jar:/home/user/.m2/repository/org/apache/hadoop/hadoop-auth/3.2.0/hadoop-auth-3.2.0.jar:/home/user/.m2/repository/com/nimbusds/nimbus-jose-jwt/4.41.1/nimbus-jose-jwt-4.41.1.jar:/home/user/.m2/repository/com/github/stephenc/jcip/jcip-annotations/1.0-1/jcip-annotations-1.0-1.jar:/home/user/.m2/repository/net/minidev/json-smart/2.3/json-smart-2.3.jar:/home/user/.m2/repository/net/minidev/accessors-smart/1.2/accessors-smart-1.2.jar:/home/user/.m2/repository/org/ow2/asm/asm/5.0.4/asm-5.0.4.jar:/home/user/.m2/repository/org/apache/curator/curator-framework/2.12.0/curator-framework-2.12.0.jar:/home/user/.m2/repository/com/sun/jersey/jersey-core/1.19/jersey-core-1.19.jar:/home/user/.m2/repository/javax/ws/rs/jsr311-api/1.1.1/jsr311-api-1.1.1.jar:/home/user/.m2/repository/com/sun/jersey/jersey-server/1.19/jersey-server-1.19.jar:/home/user/.m2/repository/javax/servlet/javax.servlet-api/3.1.0/javax.servlet-api-3.1.0.jar:/home/user/.m2/repository/org/eclipse/jetty/jetty-server/9.3.24.v20180605/jetty-server-9.3.24.v20180605.jar:/home/user/.m2/repository/org/eclipse/jetty/jetty-http/9.3.24.v20180605/jetty-http-9.3.24.v20180605.jar:/home/user/.m2/repository/org/eclipse/jetty/jetty-io/9.3.24.v20180605/jetty-io-9.3.24.v20180605.jar:/home/user/.m2/repository/org/eclipse/jetty/jetty-webapp/9.3.24.v20180605/jetty-webapp-9.3.24.v20180605.jar:/home/user/.m2/repository/org/eclipse/jetty/jetty-xml/9.3.24.v20180605/jetty-xml-9.3.24.v20180605.jar:/home/user/.m2/repository/log4j/log4j/1.2.17/log4j-1.2.17.jar:/home/user/.m2/repository/org/slf4j/slf4j-api/1.7.25/slf4j-api-1.7.25.jar:/home/user/.m2/repository/org/slf4j/jul-to-slf4j/1.7.25/jul-to-slf4j-1.7.25.jar:/home/user/.m2/repository/org/eclipse/jetty/jetty-util/9.3.24.v20180605/jetty-util-9.3.24.v20180605.jar:/home/user/.m2/repository/com/fasterxml/jackson/core/jackson-databind/2.9.5/jackson-databind-2.9.5.jar:/home/user/.m2/repository/org/apache/hadoop/hadoop-kms/3.2.0/hadoop-kms-3.2.0-tests.jar:/home/user/.m2/repository/org/apache/hadoop/hadoop-hdds-server-scm/0.5.0-SNAPSHOT/hadoop-hdds-server-scm-0.5.0-SNAPSHOT-tests.jar:/home/user/.m2/repository/org/apache/hadoop/hadoop-hdds-container-service/0.5.0-SNAPSHOT/hadoop-hdds-container-service-0.5.0-SNAPSHOT-tests.jar:/home/user/.m2/repository/org/yaml/snakeyaml/1.16/snakeyaml-1.16.jar:/home/user/.m2/repository/org/apache/hadoop/hadoop-common/3.2.0/hadoop-common-3.2.0-tests.jar:/home/user/.m2/repository/org/apache/hadoop/hadoop-annotations/3.2.0/hadoop-annotations-3.2.0.jar:/usr/lib/jvm/java-1.8-openjdk/jre/../lib/tools.jar:/home/user/.m2/repository/commons-cli/commons-cli/1.2/commons-cli-1.2.jar:/home/user/.m2/repository/org/apache/httpcomponents/httpclient/4.5.2/httpclient-4.5.2.jar:/home/user/.m2/repository/org/apache/httpcomponents/httpcore/4.4.4/httpcore-4.4.4.jar:/home/user/.m2/repository/commons-codec/commons-codec/1.11/commons-codec-1.11.jar:/home/user/.m2/repository/commons-net/commons-net/3.6/commons-net-3.6.jar:/home/user/.m2/repository/commons-collections/commons-collections/3.2.2/commons-collections-3.2.2.jar:/home/user/.m2/repository/org/eclipse/jetty/jetty-servlet/9.3.24.v20180605/jetty-servlet-9.3.24.v20180605.jar:/home/user/.m2/repository/org/eclipse/jetty/jetty-security/9.3.24.v20180605/jetty-security-9.3.24.v20180605.jar:/home/user/.m2/repository/javax/servlet/jsp/jsp-api/2.1/jsp-api-2.1.jar:/home/user/.m2/repository/com/sun/jersey/jersey-servlet/1.19/jersey-servlet-1.19.jar:/home/user/.m2/repository/com/sun/jersey/jersey-json/1.19/jersey-json-1.19.jar:/home/user/.m2/repository/org/codehaus/jettison/jettison/1.1/jettison-1.1.jar:/home/user/.m2/repository/org/codehaus/jackson/jackson-core-asl/1.9.13/jackson-core-asl-1.9.13.jar:/home/user/.m2/repository/org/codehaus/jackson/jackson-mapper-asl/1.9.13/jackson-mapper-asl-1.9.13.jar:/home/user/.m2/repository/org/codehaus/jackson/jackson-jaxrs/1.9.13/jackson-jaxrs-1.9.13.jar:/home/user/.m2/repository/org/codehaus/jackson/jackson-xc/1.9.13/jackson-xc-1.9.13.jar:/home/user/.m2/repository/commons-logging/commons-logging/1.1.3/commons-logging-1.1.3.jar:/home/user/.m2/repository/commons-beanutils/commons-beanutils/1.9.3/commons-beanutils-1.9.3.jar:/home/user/.m2/repository/org/apache/commons/commons-configuration2/2.1.1/commons-configuration2-2.1.1.jar:/home/user/.m2/repository/org/apache/commons/commons-lang3/3.7/commons-lang3-3.7.jar:/home/user/.m2/repository/org/apache/commons/commons-text/1.4/commons-text-1.4.jar:/home/user/.m2/repository/org/apache/avro/avro/1.7.7/avro-1.7.7.jar:/home/user/.m2/repository/com/thoughtworks/paranamer/paranamer/2.3/paranamer-2.3.jar:/home/user/.m2/repository/org/xerial/snappy/snappy-java/1.0.5/snappy-java-1.0.5.jar:/home/user/.m2/repository/com/google/re2j/re2j/1.1/re2j-1.1.jar:/home/user/.m2/repository/com/google/code/gson/gson/2.2.4/gson-2.2.4.jar:/home/user/.m2/repository/com/jcraft/jsch/0.1.54/jsch-0.1.54.jar:/home/user/.m2/repository/org/apache/curator/curator-client/2.12.0/curator-client-2.12.0.jar:/home/user/.m2/repository/org/apache/curator/curator-recipes/2.12.0/curator-recipes-2.12.0.jar:/home/user/.m2/repository/com/google/code/findbugs/jsr305/3.0.0/jsr305-3.0.0.jar:/home/user/.m2/repository/org/apache/htrace/htrace-core4/4.1.0-incubating/htrace-core4-4.1.0-incubating.jar:/home/user/.m2/repository/org/apache/zookeeper/zookeeper/3.4.13/zookeeper-3.4.13.jar:/home/user/.m2/repository/org/apache/yetus/audience-annotations/0.5.0/audience-annotations-0.5.0.jar:/home/user/.m2/repository/org/codehaus/woodstox/stax2-api/3.1.4/stax2-api-3.1.4.jar:/home/user/.m2/repository/com/fasterxml/woodstox/woodstox-core/5.0.3/woodstox-core-5.0.3.jar:/home/user/.m2/repository/dnsjava/dnsjava/2.1.7/dnsjava-2.1.7.jar:/home/user/.m2/repository/org/apache/hadoop/hadoop-hdfs/3.2.0/hadoop-hdfs-3.2.0-tests.jar:/home/user/.m2/repository/org/eclipse/jetty/jetty-util-ajax/9.3.24.v20180605/jetty-util-ajax-9.3.24.v20180605.jar:/home/user/.m2/repository/commons-daemon/commons-daemon/1.0.13/commons-daemon-1.0.13.jar:/home/user/.m2/repository/io/netty/netty/3.10.5.Final/netty-3.10.5.Final.jar:/home/user/.m2/repository/io/netty/netty-all/4.0.52.Final/netty-all-4.0.52.Final.jar:/home/user/.m2/repository/org/fusesource/leveldbjni/leveldbjni-all/1.8/leveldbjni-all-1.8.jar:"/>
    <property name="java.vm.vendor" value="IcedTea"/>
    <property name="sun.arch.data.model" value="64"/>
    <property name="test.build.dir" value="/workdir/hadoop-ozone/integration-test/target/test-dir"/>
    <property name="test.cache.data" value=""/>
    <property name="java.vendor.url" value="https://icedtea.classpath.org"/>
    <property name="user.timezone" value=""/>
    <property name="java.vm.specification.version" value="1.8"/>
    <property name="os.name" value="Linux"/>
    <property name="test.build.data" value="/workdir/hadoop-ozone/integration-test/target/test-dir"/>
    <property name="user.country" value="US"/>
    <property name="sun.java.launcher" value="SUN_STANDARD"/>
    <property name="sun.boot.library.path" value="/usr/lib/jvm/java-1.8-openjdk/jre/lib/amd64"/>
    <property name="sun.java.command" value="/workdir/hadoop-ozone/integration-test/target/surefire/surefirebooter3223646074821292947.jar /workdir/hadoop-ozone/integration-test/target/surefire 2019-08-27T08-06-45_418-jvmRun1 surefire288571904968854002tmp surefire_657272370792991656453tmp"/>
    <property name="test" value="!TestMiniChaosOzoneCluster"/>
    <property name="surefire.test.class.path" value="/workdir/hadoop-ozone/integration-test/target/test-classes:/workdir/hadoop-ozone/integration-test/target/classes:/home/user/.m2/repository/org/apache/hadoop/hadoop-ozone-common/0.5.0-SNAPSHOT/hadoop-ozone-common-0.5.0-SNAPSHOT.jar:/home/user/.m2/repository/org/apache/commons/commons-compress/1.4.1/commons-compress-1.4.1.jar:/home/user/.m2/repository/org/tukaani/xz/1.0/xz-1.0.jar:/home/user/.m2/repository/org/apache/hadoop/hadoop-common/3.2.0/hadoop-common-3.2.0.jar:/home/user/.m2/repository/org/apache/hadoop/hadoop-hdfs/3.2.0/hadoop-hdfs-3.2.0.jar:/home/user/.m2/repository/org/apache/hadoop/hadoop-hdfs-client/3.2.0/hadoop-hdfs-client-3.2.0.jar:/home/user/.m2/repository/com/fasterxml/jackson/core/jackson-annotations/2.9.5/jackson-annotations-2.9.5.jar:/home/user/.m2/repository/org/apache/hadoop/hadoop-hdds-common/0.5.0-SNAPSHOT/hadoop-hdds-common-0.5.0-SNAPSHOT.jar:/home/user/.m2/repository/javax/annotation/javax.annotation-api/1.2/javax.annotation-api-1.2.jar:/home/user/.m2/repository/org/apache/ratis/ratis-server/0.4.0-2337318-SNAPSHOT/ratis-server-0.4.0-2337318-SNAPSHOT.jar:/home/user/.m2/repository/org/apache/ratis/ratis-thirdparty-misc/0.2.0/ratis-thirdparty-misc-0.2.0.jar:/home/user/.m2/repository/org/apache/ratis/ratis-proto/0.4.0-2337318-SNAPSHOT/ratis-proto-0.4.0-2337318-SNAPSHOT.jar:/home/user/.m2/repository/org/apache/ratis/ratis-common/0.4.0-2337318-SNAPSHOT/ratis-common-0.4.0-2337318-SNAPSHOT.jar:/home/user/.m2/repository/org/apache/ratis/ratis-client/0.4.0-2337318-SNAPSHOT/ratis-client-0.4.0-2337318-SNAPSHOT.jar:/home/user/.m2/repository/org/apache/ratis/ratis-metrics/0.4.0-2337318-SNAPSHOT/ratis-metrics-0.4.0-2337318-SNAPSHOT.jar:/home/user/.m2/repository/org/apache/ratis/ratis-netty/0.4.0-2337318-SNAPSHOT/ratis-netty-0.4.0-2337318-SNAPSHOT.jar:/home/user/.m2/repository/org/apache/ratis/ratis-grpc/0.4.0-2337318-SNAPSHOT/ratis-grpc-0.4.0-2337318-SNAPSHOT.jar:/home/user/.m2/repository/org/rocksdb/rocksdbjni/6.0.1/rocksdbjni-6.0.1.jar:/home/user/.m2/repository/org/apache/logging/log4j/log4j-api/2.11.0/log4j-api-2.11.0.jar:/home/user/.m2/repository/org/apache/logging/log4j/log4j-core/2.11.0/log4j-core-2.11.0.jar:/home/user/.m2/repository/com/lmax/disruptor/3.4.2/disruptor-3.4.2.jar:/home/user/.m2/repository/org/apache/commons/commons-pool2/2.6.0/commons-pool2-2.6.0.jar:/home/user/.m2/repository/org/bouncycastle/bcpkix-jdk15on/1.60/bcpkix-jdk15on-1.60.jar:/home/user/.m2/repository/commons-validator/commons-validator/1.6/commons-validator-1.6.jar:/home/user/.m2/repository/commons-digester/commons-digester/1.8.1/commons-digester-1.8.1.jar:/home/user/.m2/repository/io/jaegertracing/jaeger-client/0.33.1/jaeger-client-0.33.1.jar:/home/user/.m2/repository/io/jaegertracing/jaeger-thrift/0.33.1/jaeger-thrift-0.33.1.jar:/home/user/.m2/repository/org/apache/thrift/libthrift/0.11.0/libthrift-0.11.0.jar:/home/user/.m2/repository/com/squareup/okhttp3/okhttp/3.9.0/okhttp-3.9.0.jar:/home/user/.m2/repository/com/squareup/okio/okio/1.13.0/okio-1.13.0.jar:/home/user/.m2/repository/io/jaegertracing/jaeger-core/0.33.1/jaeger-core-0.33.1.jar:/home/user/.m2/repository/io/jaegertracing/jaeger-tracerresolver/0.33.1/jaeger-tracerresolver-0.33.1.jar:/home/user/.m2/repository/io/opentracing/contrib/opentracing-tracerresolver/0.1.5/opentracing-tracerresolver-0.1.5.jar:/home/user/.m2/repository/io/opentracing/opentracing-util/0.31.0/opentracing-util-0.31.0.jar:/home/user/.m2/repository/io/opentracing/opentracing-api/0.31.0/opentracing-api-0.31.0.jar:/home/user/.m2/repository/io/opentracing/opentracing-noop/0.31.0/opentracing-noop-0.31.0.jar:/home/user/.m2/repository/org/apache/hadoop/hadoop-hdds-server-framework/0.5.0-SNAPSHOT/hadoop-hdds-server-framework-0.5.0-SNAPSHOT.jar:/home/user/.m2/repository/org/apache/hadoop/hadoop-hdds-container-service/0.5.0-SNAPSHOT/hadoop-hdds-container-service-0.5.0-SNAPSHOT.jar:/home/user/.m2/repository/org/apache/hadoop/hadoop-hdds-client/0.5.0-SNAPSHOT/hadoop-hdds-client-0.5.0-SNAPSHOT.jar:/home/user/.m2/repository/org/apache/hadoop/hadoop-hdds-tools/0.5.0-SNAPSHOT/hadoop-hdds-tools-0.5.0-SNAPSHOT.jar:/home/user/.m2/repository/org/apache/hadoop/hadoop-hdds-server-scm/0.5.0-SNAPSHOT/hadoop-hdds-server-scm-0.5.0-SNAPSHOT.jar:/home/user/.m2/repository/org/apache/hadoop/hadoop-hdds-docs/0.5.0-SNAPSHOT/hadoop-hdds-docs-0.5.0-SNAPSHOT.jar:/home/user/.m2/repository/io/dropwizard/metrics/metrics-core/3.2.4/metrics-core-3.2.4.jar:/home/user/.m2/repository/org/hamcrest/hamcrest-all/1.3/hamcrest-all-1.3.jar:/home/user/.m2/repository/org/bouncycastle/bcprov-jdk15on/1.60/bcprov-jdk15on-1.60.jar:/home/user/.m2/repository/info/picocli/picocli/3.9.6/picocli-3.9.6.jar:/home/user/.m2/repository/com/google/protobuf/protobuf-java/2.5.0/protobuf-java-2.5.0.jar:/home/user/.m2/repository/com/google/guava/guava/11.0.2/guava-11.0.2.jar:/home/user/.m2/repository/org/apache/hadoop/hadoop-ozone-ozone-manager/0.5.0-SNAPSHOT/hadoop-ozone-ozone-manager-0.5.0-SNAPSHOT.jar:/home/user/.m2/repository/org/apache/hadoop/hadoop-minikdc/3.2.0/hadoop-minikdc-3.2.0.jar:/home/user/.m2/repository/commons-io/commons-io/2.5/commons-io-2.5.jar:/home/user/.m2/repository/org/apache/kerby/kerb-simplekdc/1.0.1/kerb-simplekdc-1.0.1.jar:/home/user/.m2/repository/org/apache/kerby/kerb-client/1.0.1/kerb-client-1.0.1.jar:/home/user/.m2/repository/org/apache/kerby/kerby-config/1.0.1/kerby-config-1.0.1.jar:/home/user/.m2/repository/org/apache/kerby/kerb-core/1.0.1/kerb-core-1.0.1.jar:/home/user/.m2/repository/org/apache/kerby/kerby-pkix/1.0.1/kerby-pkix-1.0.1.jar:/home/user/.m2/repository/org/apache/kerby/kerby-asn1/1.0.1/kerby-asn1-1.0.1.jar:/home/user/.m2/repository/org/apache/kerby/kerby-util/1.0.1/kerby-util-1.0.1.jar:/home/user/.m2/repository/org/apache/kerby/kerb-common/1.0.1/kerb-common-1.0.1.jar:/home/user/.m2/repository/org/apache/kerby/kerb-crypto/1.0.1/kerb-crypto-1.0.1.jar:/home/user/.m2/repository/org/apache/kerby/kerb-util/1.0.1/kerb-util-1.0.1.jar:/home/user/.m2/repository/org/apache/kerby/token-provider/1.0.1/token-provider-1.0.1.jar:/home/user/.m2/repository/org/apache/kerby/kerb-admin/1.0.1/kerb-admin-1.0.1.jar:/home/user/.m2/repository/org/apache/kerby/kerb-server/1.0.1/kerb-server-1.0.1.jar:/home/user/.m2/repository/org/apache/kerby/kerb-identity/1.0.1/kerb-identity-1.0.1.jar:/home/user/.m2/repository/org/apache/kerby/kerby-xdr/1.0.1/kerby-xdr-1.0.1.jar:/home/user/.m2/repository/org/slf4j/slf4j-log4j12/1.7.25/slf4j-log4j12-1.7.25.jar:/home/user/.m2/repository/org/apache/hadoop/hadoop-ozone-objectstore-service/0.5.0-SNAPSHOT/hadoop-ozone-objectstore-service-0.5.0-SNAPSHOT.jar:/home/user/.m2/repository/org/apache/hadoop/hadoop-ozone-s3gateway/0.5.0-SNAPSHOT/hadoop-ozone-s3gateway-0.5.0-SNAPSHOT.jar:/home/user/.m2/repository/org/jboss/weld/servlet/weld-servlet/2.4.7.Final/weld-servlet-2.4.7.Final.jar:/home/user/.m2/repository/org/glassfish/jersey/containers/jersey-container-servlet-core/2.27/jersey-container-servlet-core-2.27.jar:/home/user/.m2/repository/org/glassfish/hk2/external/javax.inject/2.5.0-b42/javax.inject-2.5.0-b42.jar:/home/user/.m2/repository/org/glassfish/jersey/core/jersey-common/2.27/jersey-common-2.27.jar:/home/user/.m2/repository/org/glassfish/hk2/osgi-resource-locator/1.0.1/osgi-resource-locator-1.0.1.jar:/home/user/.m2/repository/javax/ws/rs/javax.ws.rs-api/2.1/javax.ws.rs-api-2.1.jar:/home/user/.m2/repository/org/glassfish/jersey/ext/cdi/jersey-cdi1x/2.27/jersey-cdi1x-2.27.jar:/home/user/.m2/repository/org/glassfish/jersey/inject/jersey-hk2/2.27/jersey-hk2-2.27.jar:/home/user/.m2/repository/org/glassfish/hk2/hk2-locator/2.5.0-b42/hk2-locator-2.5.0-b42.jar:/home/user/.m2/repository/org/javassist/javassist/3.22.0-CR2/javassist-3.22.0-CR2.jar:/home/user/.m2/repository/org/glassfish/hk2/hk2-api/2.5.0/hk2-api-2.5.0.jar:/home/user/.m2/repository/org/glassfish/hk2/external/jakarta.inject/2.5.0/jakarta.inject-2.5.0.jar:/home/user/.m2/repository/org/glassfish/hk2/hk2-utils/2.5.0/hk2-utils-2.5.0.jar:/home/user/.m2/repository/jakarta/annotation/jakarta.annotation-api/1.3.4/jakarta.annotation-api-1.3.4.jar:/home/user/.m2/repository/org/glassfish/hk2/external/aopalliance-repackaged/2.5.0/aopalliance-repackaged-2.5.0.jar:/home/user/.m2/repository/com/fasterxml/jackson/dataformat/jackson-dataformat-xml/2.9.0/jackson-dataformat-xml-2.9.0.jar:/home/user/.m2/repository/com/fasterxml/jackson/core/jackson-core/2.9.5/jackson-core-2.9.5.jar:/home/user/.m2/repository/com/fasterxml/jackson/module/jackson-module-jaxb-annotations/2.9.5/jackson-module-jaxb-annotations-2.9.5.jar:/home/user/.m2/repository/javax/enterprise/cdi-api/1.2/cdi-api-1.2.jar:/home/user/.m2/repository/javax/el/javax.el-api/3.0.0/javax.el-api-3.0.0.jar:/home/user/.m2/repository/javax/interceptor/javax.interceptor-api/1.2/javax.interceptor-api-1.2.jar:/home/user/.m2/repository/javax/inject/javax.inject/1/javax.inject-1.jar:/home/user/.m2/repository/com/sun/xml/bind/jaxb-impl/2.3.0.1/jaxb-impl-2.3.0.1.jar:/home/user/.m2/repository/com/sun/xml/bind/jaxb-core/2.3.0.1/jaxb-core-2.3.0.1.jar:/home/user/.m2/repository/javax/xml/bind/jaxb-api/2.3.0/jaxb-api-2.3.0.jar:/home/user/.m2/repository/javax/activation/activation/1.1.1/activation-1.1.1.jar:/home/user/.m2/repository/org/apache/hadoop/hadoop-ozone-csi/0.5.0-SNAPSHOT/hadoop-ozone-csi-0.5.0-SNAPSHOT.jar:/home/user/.m2/repository/com/google/protobuf/protobuf-java-util/3.5.1/protobuf-java-util-3.5.1.jar:/home/user/.m2/repository/org/apache/hadoop/hadoop-hdds-config/0.5.0-SNAPSHOT/hadoop-hdds-config-0.5.0-SNAPSHOT.jar:/home/user/.m2/repository/io/grpc/grpc-netty/1.17.1/grpc-netty-1.17.1.jar:/home/user/.m2/repository/io/grpc/grpc-core/1.17.1/grpc-core-1.17.1.jar:/home/user/.m2/repository/io/grpc/grpc-context/1.17.1/grpc-context-1.17.1.jar:/home/user/.m2/repository/com/google/errorprone/error_prone_annotations/2.2.0/error_prone_annotations-2.2.0.jar:/home/user/.m2/repository/org/codehaus/mojo/animal-sniffer-annotations/1.17/animal-sniffer-annotations-1.17.jar:/home/user/.m2/repository/io/opencensus/opencensus-api/0.17.0/opencensus-api-0.17.0.jar:/home/user/.m2/repository/io/opencensus/opencensus-contrib-grpc-metrics/0.17.0/opencensus-contrib-grpc-metrics-0.17.0.jar:/home/user/.m2/repository/io/netty/netty-codec-http2/4.1.30.Final/netty-codec-http2-4.1.30.Final.jar:/home/user/.m2/repository/io/netty/netty-codec-http/4.1.30.Final/netty-codec-http-4.1.30.Final.jar:/home/user/.m2/repository/io/netty/netty-codec/4.1.30.Final/netty-codec-4.1.30.Final.jar:/home/user/.m2/repository/io/netty/netty-handler/4.1.30.Final/netty-handler-4.1.30.Final.jar:/home/user/.m2/repository/io/netty/netty-handler-proxy/4.1.30.Final/netty-handler-proxy-4.1.30.Final.jar:/home/user/.m2/repository/io/netty/netty-codec-socks/4.1.30.Final/netty-codec-socks-4.1.30.Final.jar:/home/user/.m2/repository/io/netty/netty-transport-native-epoll/4.1.30.Final/netty-transport-native-epoll-4.1.30.Final.jar:/home/user/.m2/repository/io/netty/netty-common/4.1.30.Final/netty-common-4.1.30.Final.jar:/home/user/.m2/repository/io/netty/netty-buffer/4.1.30.Final/netty-buffer-4.1.30.Final.jar:/home/user/.m2/repository/io/netty/netty-transport/4.1.30.Final/netty-transport-4.1.30.Final.jar:/home/user/.m2/repository/io/netty/netty-resolver/4.1.30.Final/netty-resolver-4.1.30.Final.jar:/home/user/.m2/repository/io/netty/netty-transport-native-unix-common/4.1.30.Final/netty-transport-native-unix-common-4.1.30.Final.jar:/home/user/.m2/repository/io/grpc/grpc-protobuf/1.17.1/grpc-protobuf-1.17.1.jar:/home/user/.m2/repository/com/google/api/grpc/proto-google-common-protos/1.0.0/proto-google-common-protos-1.0.0.jar:/home/user/.m2/repository/io/grpc/grpc-protobuf-lite/1.17.1/grpc-protobuf-lite-1.17.1.jar:/home/user/.m2/repository/io/grpc/grpc-stub/1.17.1/grpc-stub-1.17.1.jar:/home/user/.m2/repository/org/apache/hadoop/hadoop-ozone-recon/0.5.0-SNAPSHOT/hadoop-ozone-recon-0.5.0-SNAPSHOT.jar:/home/user/.m2/repository/org/apache/hadoop/hadoop-ozone-reconcodegen/0.5.0-SNAPSHOT/hadoop-ozone-reconcodegen-0.5.0-SNAPSHOT.jar:/home/user/.m2/repository/com/google/inject/extensions/guice-multibindings/4.0/guice-multibindings-4.0.jar:/home/user/.m2/repository/com/google/inject/guice/4.0/guice-4.0.jar:/home/user/.m2/repository/aopalliance/aopalliance/1.0/aopalliance-1.0.jar:/home/user/.m2/repository/com/google/inject/extensions/guice-servlet/4.0/guice-servlet-4.0.jar:/home/user/.m2/repository/org/glassfish/jersey/containers/jersey-container-servlet/2.27/jersey-container-servlet-2.27.jar:/home/user/.m2/repository/org/glassfish/hk2/guice-bridge/2.5.0/guice-bridge-2.5.0.jar:/home/user/.m2/repository/org/glassfish/jersey/core/jersey-server/2.27/jersey-server-2.27.jar:/home/user/.m2/repository/org/glassfish/jersey/core/jersey-client/2.27/jersey-client-2.27.jar:/home/user/.m2/repository/org/glassfish/jersey/media/jersey-media-jaxb/2.27/jersey-media-jaxb-2.27.jar:/home/user/.m2/repository/javax/validation/validation-api/1.1.0.Final/validation-api-1.1.0.Final.jar:/home/user/.m2/repository/org/glassfish/jersey/media/jersey-media-json-jackson/2.27/jersey-media-json-jackson-2.27.jar:/home/user/.m2/repository/org/glassfish/jersey/ext/jersey-entity-filtering/2.27/jersey-entity-filtering-2.27.jar:/home/user/.m2/repository/com/google/inject/extensions/guice-assistedinject/4.0/guice-assistedinject-4.0.jar:/home/user/.m2/repository/org/jooq/jooq/3.11.10/jooq-3.11.10.jar:/home/user/.m2/repository/org/jooq/jooq-meta/3.11.10/jooq-meta-3.11.10.jar:/home/user/.m2/repository/org/jooq/jooq-codegen/3.11.10/jooq-codegen-3.11.10.jar:/home/user/.m2/repository/com/jolbox/bonecp/0.8.0.RELEASE/bonecp-0.8.0.RELEASE.jar:/home/user/.m2/repository/org/xerial/sqlite-jdbc/3.25.2/sqlite-jdbc-3.25.2.jar:/home/user/.m2/repository/org/springframework/spring-jdbc/5.1.3.RELEASE/spring-jdbc-5.1.3.RELEASE.jar:/home/user/.m2/repository/org/springframework/spring-beans/5.1.3.RELEASE/spring-beans-5.1.3.RELEASE.jar:/home/user/.m2/repository/org/springframework/spring-core/5.1.3.RELEASE/spring-core-5.1.3.RELEASE.jar:/home/user/.m2/repository/org/springframework/spring-jcl/5.1.3.RELEASE/spring-jcl-5.1.3.RELEASE.jar:/home/user/.m2/repository/org/springframework/spring-tx/5.1.3.RELEASE/spring-tx-5.1.3.RELEASE.jar:/home/user/.m2/repository/org/apache/hadoop/hadoop-ozone-client/0.5.0-SNAPSHOT/hadoop-ozone-client-0.5.0-SNAPSHOT.jar:/home/user/.m2/repository/commons-lang/commons-lang/2.6/commons-lang-2.6.jar:/home/user/.m2/repository/org/apache/hadoop/hadoop-ozone-ozone-manager/0.5.0-SNAPSHOT/hadoop-ozone-ozone-manager-0.5.0-SNAPSHOT-tests.jar:/home/user/.m2/repository/junit/junit/4.11/junit-4.11.jar:/home/user/.m2/repository/org/hamcrest/hamcrest-core/1.3/hamcrest-core-1.3.jar:/home/user/.m2/repository/org/openjdk/jmh/jmh-core/1.19/jmh-core-1.19.jar:/home/user/.m2/repository/net/sf/jopt-simple/jopt-simple/4.6/jopt-simple-4.6.jar:/home/user/.m2/repository/org/apache/commons/commons-math3/3.1.1/commons-math3-3.1.1.jar:/home/user/.m2/repository/org/openjdk/jmh/jmh-generator-annprocess/1.19/jmh-generator-annprocess-1.19.jar:/home/user/.m2/repository/org/mockito/mockito-all/1.8.5/mockito-all-1.8.5.jar:/home/user/.m2/repository/org/apache/hadoop/hadoop-kms/3.2.0/hadoop-kms-3.2.0.jar:/home/user/.m2/repository/org/apache/hadoop/hadoop-auth/3.2.0/hadoop-auth-3.2.0.jar:/home/user/.m2/repository/com/nimbusds/nimbus-jose-jwt/4.41.1/nimbus-jose-jwt-4.41.1.jar:/home/user/.m2/repository/com/github/stephenc/jcip/jcip-annotations/1.0-1/jcip-annotations-1.0-1.jar:/home/user/.m2/repository/net/minidev/json-smart/2.3/json-smart-2.3.jar:/home/user/.m2/repository/net/minidev/accessors-smart/1.2/accessors-smart-1.2.jar:/home/user/.m2/repository/org/ow2/asm/asm/5.0.4/asm-5.0.4.jar:/home/user/.m2/repository/org/apache/curator/curator-framework/2.12.0/curator-framework-2.12.0.jar:/home/user/.m2/repository/com/sun/jersey/jersey-core/1.19/jersey-core-1.19.jar:/home/user/.m2/repository/javax/ws/rs/jsr311-api/1.1.1/jsr311-api-1.1.1.jar:/home/user/.m2/repository/com/sun/jersey/jersey-server/1.19/jersey-server-1.19.jar:/home/user/.m2/repository/javax/servlet/javax.servlet-api/3.1.0/javax.servlet-api-3.1.0.jar:/home/user/.m2/repository/org/eclipse/jetty/jetty-server/9.3.24.v20180605/jetty-server-9.3.24.v20180605.jar:/home/user/.m2/repository/org/eclipse/jetty/jetty-http/9.3.24.v20180605/jetty-http-9.3.24.v20180605.jar:/home/user/.m2/repository/org/eclipse/jetty/jetty-io/9.3.24.v20180605/jetty-io-9.3.24.v20180605.jar:/home/user/.m2/repository/org/eclipse/jetty/jetty-webapp/9.3.24.v20180605/jetty-webapp-9.3.24.v20180605.jar:/home/user/.m2/repository/org/eclipse/jetty/jetty-xml/9.3.24.v20180605/jetty-xml-9.3.24.v20180605.jar:/home/user/.m2/repository/log4j/log4j/1.2.17/log4j-1.2.17.jar:/home/user/.m2/repository/org/slf4j/slf4j-api/1.7.25/slf4j-api-1.7.25.jar:/home/user/.m2/repository/org/slf4j/jul-to-slf4j/1.7.25/jul-to-slf4j-1.7.25.jar:/home/user/.m2/repository/org/eclipse/jetty/jetty-util/9.3.24.v20180605/jetty-util-9.3.24.v20180605.jar:/home/user/.m2/repository/com/fasterxml/jackson/core/jackson-databind/2.9.5/jackson-databind-2.9.5.jar:/home/user/.m2/repository/org/apache/hadoop/hadoop-kms/3.2.0/hadoop-kms-3.2.0-tests.jar:/home/user/.m2/repository/org/apache/hadoop/hadoop-hdds-server-scm/0.5.0-SNAPSHOT/hadoop-hdds-server-scm-0.5.0-SNAPSHOT-tests.jar:/home/user/.m2/repository/org/apache/hadoop/hadoop-hdds-container-service/0.5.0-SNAPSHOT/hadoop-hdds-container-service-0.5.0-SNAPSHOT-tests.jar:/home/user/.m2/repository/org/yaml/snakeyaml/1.16/snakeyaml-1.16.jar:/home/user/.m2/repository/org/apache/hadoop/hadoop-common/3.2.0/hadoop-common-3.2.0-tests.jar:/home/user/.m2/repository/org/apache/hadoop/hadoop-annotations/3.2.0/hadoop-annotations-3.2.0.jar:/usr/lib/jvm/java-1.8-openjdk/jre/../lib/tools.jar:/home/user/.m2/repository/commons-cli/commons-cli/1.2/commons-cli-1.2.jar:/home/user/.m2/repository/org/apache/httpcomponents/httpclient/4.5.2/httpclient-4.5.2.jar:/home/user/.m2/repository/org/apache/httpcomponents/httpcore/4.4.4/httpcore-4.4.4.jar:/home/user/.m2/repository/commons-codec/commons-codec/1.11/commons-codec-1.11.jar:/home/user/.m2/repository/commons-net/commons-net/3.6/commons-net-3.6.jar:/home/user/.m2/repository/commons-collections/commons-collections/3.2.2/commons-collections-3.2.2.jar:/home/user/.m2/repository/org/eclipse/jetty/jetty-servlet/9.3.24.v20180605/jetty-servlet-9.3.24.v20180605.jar:/home/user/.m2/repository/org/eclipse/jetty/jetty-security/9.3.24.v20180605/jetty-security-9.3.24.v20180605.jar:/home/user/.m2/repository/javax/servlet/jsp/jsp-api/2.1/jsp-api-2.1.jar:/home/user/.m2/repository/com/sun/jersey/jersey-servlet/1.19/jersey-servlet-1.19.jar:/home/user/.m2/repository/com/sun/jersey/jersey-json/1.19/jersey-json-1.19.jar:/home/user/.m2/repository/org/codehaus/jettison/jettison/1.1/jettison-1.1.jar:/home/user/.m2/repository/org/codehaus/jackson/jackson-core-asl/1.9.13/jackson-core-asl-1.9.13.jar:/home/user/.m2/repository/org/codehaus/jackson/jackson-mapper-asl/1.9.13/jackson-mapper-asl-1.9.13.jar:/home/user/.m2/repository/org/codehaus/jackson/jackson-jaxrs/1.9.13/jackson-jaxrs-1.9.13.jar:/home/user/.m2/repository/org/codehaus/jackson/jackson-xc/1.9.13/jackson-xc-1.9.13.jar:/home/user/.m2/repository/commons-logging/commons-logging/1.1.3/commons-logging-1.1.3.jar:/home/user/.m2/repository/commons-beanutils/commons-beanutils/1.9.3/commons-beanutils-1.9.3.jar:/home/user/.m2/repository/org/apache/commons/commons-configuration2/2.1.1/commons-configuration2-2.1.1.jar:/home/user/.m2/repository/org/apache/commons/commons-lang3/3.7/commons-lang3-3.7.jar:/home/user/.m2/repository/org/apache/commons/commons-text/1.4/commons-text-1.4.jar:/home/user/.m2/repository/org/apache/avro/avro/1.7.7/avro-1.7.7.jar:/home/user/.m2/repository/com/thoughtworks/paranamer/paranamer/2.3/paranamer-2.3.jar:/home/user/.m2/repository/org/xerial/snappy/snappy-java/1.0.5/snappy-java-1.0.5.jar:/home/user/.m2/repository/com/google/re2j/re2j/1.1/re2j-1.1.jar:/home/user/.m2/repository/com/google/code/gson/gson/2.2.4/gson-2.2.4.jar:/home/user/.m2/repository/com/jcraft/jsch/0.1.54/jsch-0.1.54.jar:/home/user/.m2/repository/org/apache/curator/curator-client/2.12.0/curator-client-2.12.0.jar:/home/user/.m2/repository/org/apache/curator/curator-recipes/2.12.0/curator-recipes-2.12.0.jar:/home/user/.m2/repository/com/google/code/findbugs/jsr305/3.0.0/jsr305-3.0.0.jar:/home/user/.m2/repository/org/apache/htrace/htrace-core4/4.1.0-incubating/htrace-core4-4.1.0-incubating.jar:/home/user/.m2/repository/org/apache/zookeeper/zookeeper/3.4.13/zookeeper-3.4.13.jar:/home/user/.m2/repository/org/apache/yetus/audience-annotations/0.5.0/audience-annotations-0.5.0.jar:/home/user/.m2/repository/org/codehaus/woodstox/stax2-api/3.1.4/stax2-api-3.1.4.jar:/home/user/.m2/repository/com/fasterxml/woodstox/woodstox-core/5.0.3/woodstox-core-5.0.3.jar:/home/user/.m2/repository/dnsjava/dnsjava/2.1.7/dnsjava-2.1.7.jar:/home/user/.m2/repository/org/apache/hadoop/hadoop-hdfs/3.2.0/hadoop-hdfs-3.2.0-tests.jar:/home/user/.m2/repository/org/eclipse/jetty/jetty-util-ajax/9.3.24.v20180605/jetty-util-ajax-9.3.24.v20180605.jar:/home/user/.m2/repository/commons-daemon/commons-daemon/1.0.13/commons-daemon-1.0.13.jar:/home/user/.m2/repository/io/netty/netty/3.10.5.Final/netty-3.10.5.Final.jar:/home/user/.m2/repository/io/netty/netty-all/4.0.52.Final/netty-all-4.0.52.Final.jar:/home/user/.m2/repository/org/fusesource/leveldbjni/leveldbjni-all/1.8/leveldbjni-all-1.8.jar:"/>
    <property name="sun.cpu.endian" value="little"/>
    <property name="user.home" value="/home/user"/>
    <property name="user.language" value="en"/>
    <property name="java.specification.vendor" value="Oracle Corporation"/>
    <property name="java.home" value="/usr/lib/jvm/java-1.8-openjdk/jre"/>
    <property name="java.security.krb5.conf" value="/workdir/hadoop-ozone/integration-test/target/test-classes/krb5.conf"/>
    <property name="basedir" value="/workdir/hadoop-ozone/integration-test"/>
    <property name="file.separator" value="/"/>
    <property name="line.separator" value="&#10;"/>
    <property name="java.vm.specification.vendor" value="Oracle Corporation"/>
    <property name="java.specification.name" value="Java Platform API Specification"/>
    <property name="java.awt.graphicsenv" value="sun.awt.X11GraphicsEnvironment"/>
    <property name="surefire.real.class.path" value="/workdir/hadoop-ozone/integration-test/target/surefire/surefirebooter3223646074821292947.jar"/>
    <property name="hadoop.log.dir" value="/workdir/hadoop-ozone/integration-test/target/log"/>
    <property name="sun.boot.class.path" value="/usr/lib/jvm/java-1.8-openjdk/jre/lib/resources.jar:/usr/lib/jvm/java-1.8-openjdk/jre/lib/rt.jar:/usr/lib/jvm/java-1.8-openjdk/jre/lib/sunrsasign.jar:/usr/lib/jvm/java-1.8-openjdk/jre/lib/jsse.jar:/usr/lib/jvm/java-1.8-openjdk/jre/lib/jce.jar:/usr/lib/jvm/java-1.8-openjdk/jre/lib/charsets.jar:/usr/lib/jvm/java-1.8-openjdk/jre/lib/jfr.jar:/usr/lib/jvm/java-1.8-openjdk/jre/classes"/>
    <property name="sun.management.compiler" value="HotSpot 64-Bit Tiered Compilers"/>
    <property name="java.runtime.version" value="1.8.0_212-b04"/>
    <property name="java.net.preferIPv4Stack" value="true"/>
    <property name="user.name" value="jenkins1000"/>
    <property name="path.separator" value=":"/>
    <property name="java.security.egd" value="file:///dev/urandom"/>
    <property name="os.version" value="3.10.0-957.12.2.el7.x86_64"/>
    <property name="java.endorsed.dirs" value="/usr/lib/jvm/java-1.8-openjdk/jre/lib/endorsed"/>
    <property name="java.runtime.name" value="OpenJDK Runtime Environment"/>
    <property name="file.encoding" value="UTF-8"/>
    <property name="java.vm.name" value="OpenJDK 64-Bit Server VM"/>
    <property name="test.build.webapps" value=""/>
    <property name="localRepository" value="/home/user/.m2/repository"/>
    <property name="java.vendor.url.bug" value="https://icedtea.classpath.org/bugzilla"/>
    <property name="java.io.tmpdir" value="/tmp"/>
    <property name="require.test.libhadoop" value=""/>
    <property name="java.version" value="1.8.0_212"/>
    <property name="user.dir" value="/workdir/hadoop-ozone/integration-test"/>
    <property name="os.arch" value="amd64"/>
    <property name="java.vm.specification.name" value="Java Virtual Machine Specification"/>
    <property name="test.build.classes" value="/workdir/hadoop-ozone/integration-test/target/test-classes"/>
    <property name="java.awt.printerjob" value="sun.print.PSPrinterJob"/>
    <property name="sun.os.patch.level" value="unknown"/>
    <property name="hadoop.tmp.dir" value="/workdir/hadoop-ozone/integration-test/target/tmp"/>
    <property name="java.library.path" value="/usr/lib/jvm/java-1.8-openjdk/jre/lib/amd64/server:/usr/lib/jvm/java-1.8-openjdk/jre/lib/amd64:/usr/lib/jvm/java-1.8-openjdk/jre/../lib/amd64:/workdir/hadoop-ozone/integration-test/target/native/target/usr/local/lib:/workdir/hadoop-ozone/integration-test/../../hadoop-common-project/hadoop-common/target/native/target/usr/local/lib:/usr/java/packages/lib/amd64:/usr/lib64:/lib64:/lib:/usr/lib"/>
    <property name="java.vm.info" value="mixed mode"/>
    <property name="java.vendor" value="IcedTea"/>
    <property name="java.vm.version" value="25.212-b04"/>
    <property name="java.ext.dirs" value="/usr/lib/jvm/java-1.8-openjdk/jre/lib/ext:/usr/java/packages/lib/ext"/>
    <property name="sun.io.unicode.encoding" value="UnicodeLittle"/>
    <property name="java.class.version" value="52.0"/>
  </properties>
  <testcase name="testPipelineExclusionWithPipelineFailure" classname="org.apache.hadoop.ozone.client.rpc.TestFailureHandlingByClient" time="71.629"/>
  <testcase name="testContainerExclusionWithClosedContainerException" classname="org.apache.hadoop.ozone.client.rpc.TestFailureHandlingByClient" time="37.063"/>
  <testcase name="testWriteSmallFile" classname="org.apache.hadoop.ozone.client.rpc.TestFailureHandlingByClient" time="58.096"/>
  <testcase name="testBlockWritesWithDnFailures" classname="org.apache.hadoop.ozone.client.rpc.TestFailureHandlingByClient" time="67.45"/>
  <testcase name="testDatanodeExclusionWithMajorityCommit" classname="org.apache.hadoop.ozone.client.rpc.TestFailureHandlingByClient" time="67.232">
    <failure type="java.lang.AssertionError">java.lang.AssertionError
	at org.junit.Assert.fail(Assert.java:86)
	at org.junit.Assert.assertTrue(Assert.java:41)
	at org.junit.Assert.assertTrue(Assert.java:52)
	at org.apache.hadoop.ozone.client.rpc.TestFailureHandlingByClient.testDatanodeExclusionWithMajorityCommit(TestFailureHandlingByClient.java:318)
	at sun.reflect.NativeMethodAccessorImpl.invoke0(Native Method)
	at sun.reflect.NativeMethodAccessorImpl.invoke(NativeMethodAccessorImpl.java:62)
	at sun.reflect.DelegatingMethodAccessorImpl.invoke(DelegatingMethodAccessorImpl.java:43)
	at java.lang.reflect.Method.invoke(Method.java:498)
	at org.junit.runners.model.FrameworkMethod$1.runReflectiveCall(FrameworkMethod.java:47)
	at org.junit.internal.runners.model.ReflectiveCallable.run(ReflectiveCallable.java:12)
	at org.junit.runners.model.FrameworkMethod.invokeExplosively(FrameworkMethod.java:44)
	at org.junit.internal.runners.statements.InvokeMethod.evaluate(InvokeMethod.java:17)
	at org.junit.internal.runners.statements.RunAfters.evaluate(RunAfters.java:27)
	at org.junit.runners.ParentRunner.runLeaf(ParentRunner.java:271)
	at org.junit.runners.BlockJUnit4ClassRunner.runChild(BlockJUnit4ClassRunner.java:70)
	at org.junit.runners.BlockJUnit4ClassRunner.runChild(BlockJUnit4ClassRunner.java:50)
	at org.junit.runners.ParentRunner$3.run(ParentRunner.java:238)
	at org.junit.runners.ParentRunner$1.schedule(ParentRunner.java:63)
	at org.junit.runners.ParentRunner.runChildren(ParentRunner.java:236)
	at org.junit.runners.ParentRunner.access$000(ParentRunner.java:53)
	at org.junit.runners.ParentRunner$2.evaluate(ParentRunner.java:229)
	at org.junit.runners.ParentRunner.run(ParentRunner.java:309)
	at org.apache.maven.surefire.junit4.JUnit4Provider.execute(JUnit4Provider.java:365)
	at org.apache.maven.surefire.junit4.JUnit4Provider.executeWithRerun(JUnit4Provider.java:273)
	at org.apache.maven.surefire.junit4.JUnit4Provider.executeTestSet(JUnit4Provider.java:238)
	at org.apache.maven.surefire.junit4.JUnit4Provider.invoke(JUnit4Provider.java:159)
	at org.apache.maven.surefire.booter.ForkedBooter.invokeProviderInSameClassLoader(ForkedBooter.java:384)
	at org.apache.maven.surefire.booter.ForkedBooter.runSuitesInProcess(ForkedBooter.java:345)
	at org.apache.maven.surefire.booter.ForkedBooter.execute(ForkedBooter.java:126)
	at org.apache.maven.surefire.booter.ForkedBooter.main(ForkedBooter.java:418)
</failure>
    <system-out><![CDATA[2019-08-27 08:59:04,201 [main] WARN  server.ServerUtils (ServerUtils.java:getScmDbDir(145)) - ozone.scm.db.dirs is not configured. We recommend adding this setting. Falling back to ozone.metadata.dirs instead.
2019-08-27 08:59:04,289 [main] WARN  server.ServerUtils (ServerUtils.java:getScmDbDir(145)) - ozone.scm.db.dirs is not configured. We recommend adding this setting. Falling back to ozone.metadata.dirs instead.
2019-08-27 08:59:04,289 [main] WARN  server.ServerUtils (ServerUtils.java:getScmDbDir(145)) - ozone.scm.db.dirs is not configured. We recommend adding this setting. Falling back to ozone.metadata.dirs instead.
2019-08-27 08:59:04,290 [main] INFO  db.DBStoreBuilder (DBStoreBuilder.java:addTable(110)) - using custom profile for table: deletedBlocks
2019-08-27 08:59:04,290 [main] INFO  db.DBStoreBuilder (DBStoreBuilder.java:processTables(161)) - Using default column profile:DBProfile.DISK for Table:deletedBlocks
2019-08-27 08:59:04,290 [main] INFO  db.DBStoreBuilder (DBStoreBuilder.java:addTable(110)) - using custom profile for table: validCerts
2019-08-27 08:59:04,291 [main] INFO  db.DBStoreBuilder (DBStoreBuilder.java:processTables(161)) - Using default column profile:DBProfile.DISK for Table:validCerts
2019-08-27 08:59:04,291 [main] INFO  db.DBStoreBuilder (DBStoreBuilder.java:addTable(110)) - using custom profile for table: revokedCerts
2019-08-27 08:59:04,291 [main] INFO  db.DBStoreBuilder (DBStoreBuilder.java:processTables(161)) - Using default column profile:DBProfile.DISK for Table:revokedCerts
2019-08-27 08:59:04,291 [main] INFO  db.DBStoreBuilder (DBStoreBuilder.java:addTable(110)) - using custom profile for table: default
2019-08-27 08:59:04,291 [main] INFO  db.DBStoreBuilder (DBStoreBuilder.java:processTables(167)) - Using default column profile:DBProfile.DISK for Table:default
2019-08-27 08:59:04,292 [main] INFO  db.DBStoreBuilder (DBStoreBuilder.java:getDbProfile(198)) - Using default options. DBProfile.DISK
2019-08-27 08:59:04,530 [main] INFO  net.NodeSchemaLoader (NodeSchemaLoader.java:loadSchemaFromFile(125)) - Loading file from sun.misc.CompoundEnumeration@71669835
2019-08-27 08:59:04,530 [main] INFO  net.NodeSchemaLoader (NodeSchemaLoader.java:loadSchema(171)) - Loading network topology layer schema file
2019-08-27 08:59:04,536 [main] INFO  node.SCMNodeManager (SCMNodeManager.java:<init>(121)) - Entering startup safe mode.
2019-08-27 08:59:04,537 [main] INFO  algorithms.ContainerPlacementPolicyFactory (ContainerPlacementPolicyFactory.java:getPolicy(55)) - Create container placement policy of type org.apache.hadoop.hdds.scm.container.placement.algorithms.SCMContainerPlacementRandom
2019-08-27 08:59:04,537 [main] WARN  server.ServerUtils (ServerUtils.java:getScmDbDir(145)) - ozone.scm.db.dirs is not configured. We recommend adding this setting. Falling back to ozone.metadata.dirs instead.
2019-08-27 08:59:04,613 [main] INFO  pipeline.SCMPipelineManager (SCMPipelineManager.java:initializePipelineState(126)) - No pipeline exists in current db
2019-08-27 08:59:04,614 [main] WARN  server.ServerUtils (ServerUtils.java:getScmDbDir(145)) - ozone.scm.db.dirs is not configured. We recommend adding this setting. Falling back to ozone.metadata.dirs instead.
2019-08-27 08:59:04,708 [main] WARN  events.EventQueue (EventQueue.java:fireEvent(175)) - No event handler registered for event TypedEvent{payloadType=SafeModeStatus, name='SafeModeStatus'}
2019-08-27 08:59:04,709 [main] INFO  ipc.CallQueueManager (CallQueueManager.java:<init>(84)) - Using callQueue: class java.util.concurrent.LinkedBlockingQueue, queueCapacity: 2000, scheduler: class org.apache.hadoop.ipc.DefaultRpcScheduler, ipcBackoff: false.
2019-08-27 08:59:04,710 [Socket Reader #1 for port 38779] INFO  ipc.Server (Server.java:run(1074)) - Starting Socket Reader #1 for port 38779
2019-08-27 08:59:04,712 [main] INFO  ipc.CallQueueManager (CallQueueManager.java:<init>(84)) - Using callQueue: class java.util.concurrent.LinkedBlockingQueue, queueCapacity: 2000, scheduler: class org.apache.hadoop.ipc.DefaultRpcScheduler, ipcBackoff: false.
2019-08-27 08:59:04,713 [Socket Reader #1 for port 41059] INFO  ipc.Server (Server.java:run(1074)) - Starting Socket Reader #1 for port 41059
2019-08-27 08:59:04,714 [main] INFO  ipc.CallQueueManager (CallQueueManager.java:<init>(84)) - Using callQueue: class java.util.concurrent.LinkedBlockingQueue, queueCapacity: 2000, scheduler: class org.apache.hadoop.ipc.DefaultRpcScheduler, ipcBackoff: false.
2019-08-27 08:59:04,715 [Socket Reader #1 for port 45743] INFO  ipc.Server (Server.java:run(1074)) - Starting Socket Reader #1 for port 45743
2019-08-27 08:59:04,717 [main] INFO  hdfs.DFSUtil (DFSUtil.java:httpServerTemplateForNNAndJN(1641)) - Starting Web-server for scm at: http://0.0.0.0:0
2019-08-27 08:59:04,719 [main] INFO  server.AuthenticationFilter (AuthenticationFilter.java:constructSecretProvider(240)) - Unable to initialize FileSignerSecretProvider, falling back to use random secrets.
2019-08-27 08:59:04,719 [main] WARN  http.HttpRequestLog (HttpRequestLog.java:getRequestLog(97)) - Jetty request log can only be enabled using Log4j
2019-08-27 08:59:04,722 [main] INFO  http.HttpServer2 (HttpServer2.java:addGlobalFilter(975)) - Added global filter 'safety' (class=org.apache.hadoop.http.HttpServer2$QuotingInputFilter)
2019-08-27 08:59:04,722 [main] INFO  http.HttpServer2 (HttpServer2.java:addFilter(948)) - Added filter static_user_filter (class=org.apache.hadoop.http.lib.StaticUserWebFilter$StaticUserFilter) to context scm
2019-08-27 08:59:04,723 [main] INFO  http.HttpServer2 (HttpServer2.java:addFilter(958)) - Added filter static_user_filter (class=org.apache.hadoop.http.lib.StaticUserWebFilter$StaticUserFilter) to context logs
2019-08-27 08:59:04,723 [main] INFO  http.HttpServer2 (HttpServer2.java:addFilter(958)) - Added filter static_user_filter (class=org.apache.hadoop.http.lib.StaticUserWebFilter$StaticUserFilter) to context static
2019-08-27 08:59:04,725 [main] INFO  server.StorageContainerManager (StorageContainerManager.java:start(759)) - StorageContainerLocationProtocol RPC server is listening at /0.0.0.0:45743
2019-08-27 08:59:04,727 [main] WARN  impl.MetricsConfig (MetricsConfig.java:loadFirst(134)) - Cannot locate configuration: tried hadoop-metrics2-storagecontainermanager.properties,hadoop-metrics2.properties
2019-08-27 08:59:04,728 [main] INFO  impl.MetricsSystemImpl (MetricsSystemImpl.java:startTimer(374)) - Scheduled Metric snapshot period at 10 second(s).
2019-08-27 08:59:04,728 [main] INFO  impl.MetricsSystemImpl (MetricsSystemImpl.java:start(191)) - StorageContainerManager metrics system started
2019-08-27 08:59:04,816 [main] INFO  server.SCMClientProtocolServer (SCMClientProtocolServer.java:start(151)) - RPC server for Client  is listening at /0.0.0.0:45743
2019-08-27 08:59:04,816 [IPC Server Responder] INFO  ipc.Server (Server.java:run(1314)) - IPC Server Responder: starting
2019-08-27 08:59:04,816 [IPC Server listener on 45743] INFO  ipc.Server (Server.java:run(1153)) - IPC Server listener on 45743: starting
2019-08-27 08:59:04,820 [main] INFO  server.StorageContainerManager (StorageContainerManager.java:start(769)) - ScmBlockLocationProtocol RPC server is listening at /0.0.0.0:41059
2019-08-27 08:59:04,820 [main] INFO  server.SCMBlockProtocolServer (SCMBlockProtocolServer.java:start(140)) - RPC server for Block Protocol is listening at /0.0.0.0:41059
2019-08-27 08:59:04,820 [IPC Server Responder] INFO  ipc.Server (Server.java:run(1314)) - IPC Server Responder: starting
2019-08-27 08:59:04,820 [IPC Server listener on 41059] INFO  ipc.Server (Server.java:run(1153)) - IPC Server listener on 41059: starting
2019-08-27 08:59:04,824 [main] INFO  server.StorageContainerManager (StorageContainerManager.java:start(773)) - ScmDatanodeProtocl RPC server is listening at /0.0.0.0:38779
2019-08-27 08:59:05,079 [main] INFO  server.SCMDatanodeProtocolServer (SCMDatanodeProtocolServer.java:start(191)) - RPC server for DataNodes is listening at /0.0.0.0:38779
2019-08-27 08:59:05,101 [IPC Server Responder] INFO  ipc.Server (Server.java:run(1314)) - IPC Server Responder: starting
2019-08-27 08:59:05,101 [IPC Server listener on 38779] INFO  ipc.Server (Server.java:run(1153)) - IPC Server listener on 38779: starting
2019-08-27 08:59:05,164 [main] INFO  http.HttpServer2 (HttpServer2.java:bindListener(1191)) - Jetty bound to port 40559
2019-08-27 08:59:05,164 [main] INFO  server.Server (Server.java:doStart(351)) - jetty-9.3.24.v20180605, build timestamp: 2018-06-05T17:11:56Z, git hash: 84205aa28f11a4f31f2a3b86d1bba2cc8ab69827
2019-08-27 08:59:05,166 [main] INFO  handler.ContextHandler (ContextHandler.java:doStart(781)) - Started o.e.j.s.ServletContextHandler@6bbb3ec8{/logs,file:///workdir/hadoop-ozone/integration-test/target/log,AVAILABLE}
2019-08-27 08:59:05,167 [main] INFO  handler.ContextHandler (ContextHandler.java:doStart(781)) - Started o.e.j.s.ServletContextHandler@414b785c{/static,file:///workdir/hadoop-ozone/integration-test/target/test-classes/webapps/static,AVAILABLE}
2019-08-27 08:59:05,176 [main] INFO  handler.ContextHandler (ContextHandler.java:doStart(781)) - Started o.e.j.w.WebAppContext@79d538c1{/,file:///workdir/hadoop-ozone/integration-test/target/test-classes/webapps/scm/,AVAILABLE}{/scm}
2019-08-27 08:59:05,177 [main] INFO  server.AbstractConnector (AbstractConnector.java:doStart(278)) - Started ServerConnector@31e08c61{HTTP/1.1,[http/1.1]}{0.0.0.0:40559}
2019-08-27 08:59:05,177 [main] INFO  server.Server (Server.java:doStart(419)) - Started @235654ms
2019-08-27 08:59:05,178 [main] INFO  server.BaseHttpServer (BaseHttpServer.java:updateConnectorAddress(213)) - HTTP server of SCM is listening at http://0.0.0.0:40559
2019-08-27 08:59:05,179 [main] WARN  server.ServerUtils (ServerUtils.java:getDBPath(222)) - ozone.om.db.dirs is not configured. We recommend adding this setting. Falling back to ozone.metadata.dirs instead.
2019-08-27 08:59:05,180 [org.apache.hadoop.util.JvmPauseMonitor$Monitor@2db15764] INFO  util.JvmPauseMonitor (JvmPauseMonitor.java:run(188)) - Starting JVM pause monitor
2019-08-27 08:59:05,247 [main] WARN  server.ServerUtils (ServerUtils.java:getDBPath(222)) - ozone.om.db.dirs is not configured. We recommend adding this setting. Falling back to ozone.metadata.dirs instead.
2019-08-27 08:59:05,247 [main] WARN  server.ServerUtils (ServerUtils.java:getDBPath(222)) - ozone.om.db.dirs is not configured. We recommend adding this setting. Falling back to ozone.metadata.dirs instead.
2019-08-27 08:59:05,247 [main] INFO  om.OzoneManager (OzoneManager.java:setOMNodeDetails(645)) - OM Service ID is not set. Setting it to the default ID: omServiceIdDefault
2019-08-27 08:59:05,248 [main] INFO  om.OzoneManager (OzoneManager.java:setOMNodeDetails(651)) - OM Node ID is not set. Setting it to the OmStorage's OmID: 39398ba2-cf8b-4809-9d48-c88bbbfd1746
2019-08-27 08:59:05,248 [main] INFO  om.OzoneManager (OzoneManager.java:loadOMHAConfigs(602)) - Found matching OM address with OMServiceId: null, OMNodeId: null, RPC Address: localhost:0 and Ratis port: 9872
2019-08-27 08:59:05,252 | INFO  | SCMAudit | user=jenkins1000 | ip=192.168.34.1 | op=GET_SCM_INFO null | ret=SUCCESS |  
2019-08-27 08:59:05,255 [main] WARN  server.ServerUtils (ServerUtils.java:getDBPath(222)) - ozone.om.db.dirs is not configured. We recommend adding this setting. Falling back to ozone.metadata.dirs instead.
2019-08-27 08:59:05,255 [main] INFO  db.DBStoreBuilder (DBStoreBuilder.java:addTable(110)) - using custom profile for table: userTable
2019-08-27 08:59:05,256 [main] INFO  db.DBStoreBuilder (DBStoreBuilder.java:processTables(161)) - Using default column profile:DBProfile.DISK for Table:userTable
2019-08-27 08:59:05,256 [main] INFO  db.DBStoreBuilder (DBStoreBuilder.java:addTable(110)) - using custom profile for table: volumeTable
2019-08-27 08:59:05,256 [main] INFO  db.DBStoreBuilder (DBStoreBuilder.java:processTables(161)) - Using default column profile:DBProfile.DISK for Table:volumeTable
2019-08-27 08:59:05,256 [main] INFO  db.DBStoreBuilder (DBStoreBuilder.java:addTable(110)) - using custom profile for table: bucketTable
2019-08-27 08:59:05,256 [main] INFO  db.DBStoreBuilder (DBStoreBuilder.java:processTables(161)) - Using default column profile:DBProfile.DISK for Table:bucketTable
2019-08-27 08:59:05,256 [main] INFO  db.DBStoreBuilder (DBStoreBuilder.java:addTable(110)) - using custom profile for table: keyTable
2019-08-27 08:59:05,256 [main] INFO  db.DBStoreBuilder (DBStoreBuilder.java:processTables(161)) - Using default column profile:DBProfile.DISK for Table:keyTable
2019-08-27 08:59:05,257 [main] INFO  db.DBStoreBuilder (DBStoreBuilder.java:addTable(110)) - using custom profile for table: deletedTable
2019-08-27 08:59:05,257 [main] INFO  db.DBStoreBuilder (DBStoreBuilder.java:processTables(161)) - Using default column profile:DBProfile.DISK for Table:deletedTable
2019-08-27 08:59:05,257 [main] INFO  db.DBStoreBuilder (DBStoreBuilder.java:addTable(110)) - using custom profile for table: openKeyTable
2019-08-27 08:59:05,257 [main] INFO  db.DBStoreBuilder (DBStoreBuilder.java:processTables(161)) - Using default column profile:DBProfile.DISK for Table:openKeyTable
2019-08-27 08:59:05,257 [main] INFO  db.DBStoreBuilder (DBStoreBuilder.java:addTable(110)) - using custom profile for table: s3Table
2019-08-27 08:59:05,257 [main] INFO  db.DBStoreBuilder (DBStoreBuilder.java:processTables(161)) - Using default column profile:DBProfile.DISK for Table:s3Table
2019-08-27 08:59:05,258 [main] INFO  db.DBStoreBuilder (DBStoreBuilder.java:addTable(110)) - using custom profile for table: multipartInfoTable
2019-08-27 08:59:05,258 [main] INFO  db.DBStoreBuilder (DBStoreBuilder.java:processTables(161)) - Using default column profile:DBProfile.DISK for Table:multipartInfoTable
2019-08-27 08:59:05,258 [main] INFO  db.DBStoreBuilder (DBStoreBuilder.java:addTable(110)) - using custom profile for table: dTokenTable
2019-08-27 08:59:05,258 [main] INFO  db.DBStoreBuilder (DBStoreBuilder.java:processTables(161)) - Using default column profile:DBProfile.DISK for Table:dTokenTable
2019-08-27 08:59:05,258 [main] INFO  db.DBStoreBuilder (DBStoreBuilder.java:addTable(110)) - using custom profile for table: s3SecretTable
2019-08-27 08:59:05,258 [main] INFO  db.DBStoreBuilder (DBStoreBuilder.java:processTables(161)) - Using default column profile:DBProfile.DISK for Table:s3SecretTable
2019-08-27 08:59:05,258 [main] INFO  db.DBStoreBuilder (DBStoreBuilder.java:addTable(110)) - using custom profile for table: prefixTable
2019-08-27 08:59:05,258 [main] INFO  db.DBStoreBuilder (DBStoreBuilder.java:processTables(161)) - Using default column profile:DBProfile.DISK for Table:prefixTable
2019-08-27 08:59:05,259 [main] INFO  db.DBStoreBuilder (DBStoreBuilder.java:addTable(110)) - using custom profile for table: default
2019-08-27 08:59:05,259 [main] INFO  db.DBStoreBuilder (DBStoreBuilder.java:processTables(167)) - Using default column profile:DBProfile.DISK for Table:default
2019-08-27 08:59:05,259 [main] INFO  db.DBStoreBuilder (DBStoreBuilder.java:getDbProfile(198)) - Using default options. DBProfile.DISK
2019-08-27 08:59:08,366 [main] INFO  ipc.CallQueueManager (CallQueueManager.java:<init>(84)) - Using callQueue: class java.util.concurrent.LinkedBlockingQueue, queueCapacity: 2000, scheduler: class org.apache.hadoop.ipc.DefaultRpcScheduler, ipcBackoff: false.
2019-08-27 08:59:08,367 [Socket Reader #1 for port 46569] INFO  ipc.Server (Server.java:run(1074)) - Starting Socket Reader #1 for port 46569
2019-08-27 08:59:08,379 [main] INFO  om.OzoneManager (OzoneManager.java:start(1256)) - OzoneManager RPC server is listening at localhost/127.0.0.1:46569
2019-08-27 08:59:08,379 [main] INFO  impl.MetricsSystemImpl (MetricsSystemImpl.java:init(158)) - OzoneManager metrics system started (again)
2019-08-27 08:59:08,379 [IPC Server Responder] INFO  ipc.Server (Server.java:run(1314)) - IPC Server Responder: starting
2019-08-27 08:59:08,380 [IPC Server listener on 46569] INFO  ipc.Server (Server.java:run(1153)) - IPC Server listener on 46569: starting
2019-08-27 08:59:08,384 [main] INFO  hdfs.DFSUtil (DFSUtil.java:httpServerTemplateForNNAndJN(1641)) - Starting Web-server for ozoneManager at: http://0.0.0.0:0
2019-08-27 08:59:08,386 [main] INFO  server.AuthenticationFilter (AuthenticationFilter.java:constructSecretProvider(240)) - Unable to initialize FileSignerSecretProvider, falling back to use random secrets.
2019-08-27 08:59:08,386 [main] WARN  http.HttpRequestLog (HttpRequestLog.java:getRequestLog(97)) - Jetty request log can only be enabled using Log4j
2019-08-27 08:59:08,388 [main] INFO  http.HttpServer2 (HttpServer2.java:addGlobalFilter(975)) - Added global filter 'safety' (class=org.apache.hadoop.http.HttpServer2$QuotingInputFilter)
2019-08-27 08:59:08,389 [main] INFO  http.HttpServer2 (HttpServer2.java:addFilter(948)) - Added filter static_user_filter (class=org.apache.hadoop.http.lib.StaticUserWebFilter$StaticUserFilter) to context ozoneManager
2019-08-27 08:59:08,389 [main] INFO  http.HttpServer2 (HttpServer2.java:addFilter(958)) - Added filter static_user_filter (class=org.apache.hadoop.http.lib.StaticUserWebFilter$StaticUserFilter) to context logs
2019-08-27 08:59:08,389 [main] INFO  http.HttpServer2 (HttpServer2.java:addFilter(958)) - Added filter static_user_filter (class=org.apache.hadoop.http.lib.StaticUserWebFilter$StaticUserFilter) to context static
2019-08-27 08:59:08,390 [main] INFO  http.HttpServer2 (HttpServer2.java:bindListener(1191)) - Jetty bound to port 44943
2019-08-27 08:59:08,390 [main] INFO  server.Server (Server.java:doStart(351)) - jetty-9.3.24.v20180605, build timestamp: 2018-06-05T17:11:56Z, git hash: 84205aa28f11a4f31f2a3b86d1bba2cc8ab69827
2019-08-27 08:59:08,392 [main] INFO  handler.ContextHandler (ContextHandler.java:doStart(781)) - Started o.e.j.s.ServletContextHandler@2c51ff83{/logs,file:///workdir/hadoop-ozone/integration-test/target/log,AVAILABLE}
2019-08-27 08:59:08,393 [main] INFO  handler.ContextHandler (ContextHandler.java:doStart(781)) - Started o.e.j.s.ServletContextHandler@f341e3c{/static,file:///workdir/hadoop-ozone/integration-test/target/test-classes/webapps/static,AVAILABLE}
2019-08-27 08:59:08,397 [main] INFO  handler.ContextHandler (ContextHandler.java:doStart(781)) - Started o.e.j.w.WebAppContext@597ef918{/,file:///workdir/hadoop-ozone/integration-test/target/test-classes/webapps/ozoneManager/,AVAILABLE}{/ozoneManager}
2019-08-27 08:59:08,398 [main] INFO  server.AbstractConnector (AbstractConnector.java:doStart(278)) - Started ServerConnector@1af6cd73{HTTP/1.1,[http/1.1]}{0.0.0.0:44943}
2019-08-27 08:59:08,399 [main] INFO  server.Server (Server.java:doStart(419)) - Started @238875ms
2019-08-27 08:59:08,400 [main] INFO  server.BaseHttpServer (BaseHttpServer.java:updateConnectorAddress(213)) - HTTP server of OZONEMANAGER is listening at http://0.0.0.0:44943
2019-08-27 08:59:08,423 [main] INFO  impl.MetricsSystemImpl (MetricsSystemImpl.java:init(158)) - HddsDatanode metrics system started (again)
2019-08-27 08:59:08,425 [main] INFO  ozone.HddsDatanodeService (HddsDatanodeService.java:start(184)) - HddsDatanodeService host:trunk-nightly-adhoc-20190827-ds46k-2366760622 ip:192.168.34.1
2019-08-27 08:59:08,435 [main] INFO  volume.HddsVolume (HddsVolume.java:<init>(176)) - Creating Volume: /workdir/hadoop-ozone/integration-test/target/test-dir/MiniOzoneClusterImpl-5fa0230b-2e3b-4574-a1d1-aab0eaf0b74a/datanode-0/data/containers/hdds of  storage type : DISK and capacity : 1482555576320
2019-08-27 08:59:08,435 [main] INFO  volume.VolumeSet (VolumeSet.java:initializeVolumeSet(170)) - Added Volume : /workdir/hadoop-ozone/integration-test/target/test-dir/MiniOzoneClusterImpl-5fa0230b-2e3b-4574-a1d1-aab0eaf0b74a/datanode-0/data/containers/hdds to VolumeSet
2019-08-27 08:59:08,435 [main] INFO  volume.ThrottledAsyncChecker (ThrottledAsyncChecker.java:schedule(140)) - Scheduling a check for org.apache.hadoop.ozone.container.common.volume.HddsVolume@3299cc9f
2019-08-27 08:59:08,436 [main] INFO  volume.HddsVolumeChecker (HddsVolumeChecker.java:checkAllVolumes(203)) - Scheduled health check for volume org.apache.hadoop.ozone.container.common.volume.HddsVolume@3299cc9f
2019-08-27 08:59:08,451 [main] INFO  impl.RaftServerProxy (ConfUtils.java:logGet(43)) - raft.rpc.type = GRPC (default)
2019-08-27 08:59:08,451 [main] INFO  grpc.GrpcFactory (GrpcFactory.java:checkPooledByteBufAllocatorUseCacheForAllThreads(45)) - PERFORMANCE WARNING: useCacheForAllThreads is true that may cause Netty to create a lot garbage objects and, as a result, trigger GC.
	It is recommended to disable useCacheForAllThreads by setting -Dorg.apache.ratis.thirdparty.io.netty.allocator.useCacheForAllThreads=false in command line.
2019-08-27 08:59:08,452 [main] INFO  grpc.GrpcConfigKeys$Server (ConfUtils.java:logGet(43)) - raft.grpc.server.port = 0 (default)
2019-08-27 08:59:08,452 [main] INFO  server.GrpcService (ConfUtils.java:logGet(43)) - raft.grpc.message.size.max = 33570816 (custom)
2019-08-27 08:59:08,452 [main] INFO  server.RaftServerConfigKeys (ConfUtils.java:logGet(43)) - raft.server.log.appender.buffer.byte-limit = 33554432 (custom)
2019-08-27 08:59:08,452 [main] INFO  server.GrpcService (ConfUtils.java:logGet(43)) - raft.grpc.flow.control.window = 1MB (=1048576) (default)
2019-08-27 08:59:08,453 [main] INFO  server.RaftServerConfigKeys (ConfUtils.java:logGet(43)) - raft.server.rpc.request.timeout = 3000ms (default)
2019-08-27 08:59:08,453 [main] INFO  server.RaftServerConfigKeys (ConfUtils.java:logGet(43)) - raft.server.storage.dir = [/workdir/hadoop-ozone/integration-test/target/test-dir/MiniOzoneClusterImpl-5fa0230b-2e3b-4574-a1d1-aab0eaf0b74a/datanode-0/data/ratis] (custom)
2019-08-27 08:59:08,454 [main] INFO  replication.SimpleContainerDownloader (SimpleContainerDownloader.java:<init>(72)) - Starting container downloader service to copy containers to replicate.
2019-08-27 08:59:08,455 [main] INFO  hdfs.DFSUtil (DFSUtil.java:httpServerTemplateForNNAndJN(1641)) - Starting Web-server for hddsDatanode at: http://0.0.0.0:0
2019-08-27 08:59:08,457 [main] INFO  server.AuthenticationFilter (AuthenticationFilter.java:constructSecretProvider(240)) - Unable to initialize FileSignerSecretProvider, falling back to use random secrets.
2019-08-27 08:59:08,457 [main] WARN  http.HttpRequestLog (HttpRequestLog.java:getRequestLog(97)) - Jetty request log can only be enabled using Log4j
2019-08-27 08:59:08,459 [main] INFO  http.HttpServer2 (HttpServer2.java:addGlobalFilter(975)) - Added global filter 'safety' (class=org.apache.hadoop.http.HttpServer2$QuotingInputFilter)
2019-08-27 08:59:08,460 [main] INFO  http.HttpServer2 (HttpServer2.java:addFilter(948)) - Added filter static_user_filter (class=org.apache.hadoop.http.lib.StaticUserWebFilter$StaticUserFilter) to context hddsDatanode
2019-08-27 08:59:08,460 [main] INFO  http.HttpServer2 (HttpServer2.java:addFilter(958)) - Added filter static_user_filter (class=org.apache.hadoop.http.lib.StaticUserWebFilter$StaticUserFilter) to context static
2019-08-27 08:59:08,460 [main] INFO  http.HttpServer2 (HttpServer2.java:addFilter(958)) - Added filter static_user_filter (class=org.apache.hadoop.http.lib.StaticUserWebFilter$StaticUserFilter) to context logs
2019-08-27 08:59:08,461 [main] INFO  http.HttpServer2 (HttpServer2.java:bindListener(1191)) - Jetty bound to port 36117
2019-08-27 08:59:08,462 [main] INFO  server.Server (Server.java:doStart(351)) - jetty-9.3.24.v20180605, build timestamp: 2018-06-05T17:11:56Z, git hash: 84205aa28f11a4f31f2a3b86d1bba2cc8ab69827
2019-08-27 08:59:08,463 [main] INFO  handler.ContextHandler (ContextHandler.java:doStart(781)) - Started o.e.j.s.ServletContextHandler@6722f81a{/logs,file:///workdir/hadoop-ozone/integration-test/target/log,AVAILABLE}
2019-08-27 08:59:08,464 [main] INFO  handler.ContextHandler (ContextHandler.java:doStart(781)) - Started o.e.j.s.ServletContextHandler@5c934077{/static,jar:file:/home/user/.m2/repository/org/apache/hadoop/hadoop-hdds-container-service/0.5.0-SNAPSHOT/hadoop-hdds-container-service-0.5.0-SNAPSHOT.jar!/webapps/static,AVAILABLE}
2019-08-27 08:59:08,495 [main] INFO  handler.ContextHandler (ContextHandler.java:doStart(781)) - Started o.e.j.w.WebAppContext@4dd11699{/,file:///tmp/jetty-0.0.0.0-36117-hddsDatanode-_-any-5799202408808659482.dir/webapp/,AVAILABLE}{/hddsDatanode}
2019-08-27 08:59:08,496 [main] INFO  server.AbstractConnector (AbstractConnector.java:doStart(278)) - Started ServerConnector@3d805670{HTTP/1.1,[http/1.1]}{0.0.0.0:36117}
2019-08-27 08:59:08,497 [main] INFO  server.Server (Server.java:doStart(419)) - Started @238974ms
2019-08-27 08:59:08,498 [main] INFO  server.BaseHttpServer (BaseHttpServer.java:updateConnectorAddress(213)) - HTTP server of HDDSDATANODE is listening at http://0.0.0.0:36117
2019-08-27 08:59:08,621 | INFO  | ObjectStoreRestHttpServer | Listening HDDS REST traffic on /0.0.0.0:46004 |  
2019-08-27 08:59:08,621 [main] INFO  ozone.HddsDatanodeService (HddsDatanodeService.java:startPlugins(395)) - Started plug-in org.apache.hadoop.ozone.web.OzoneHddsDatanodeService@53a2dbf2
2019-08-27 08:59:08,621 [main] INFO  impl.MetricsSystemImpl (MetricsSystemImpl.java:init(158)) - HddsDatanode metrics system started (again)
2019-08-27 08:59:08,624 [org.apache.hadoop.util.JvmPauseMonitor$Monitor@571e7108] INFO  util.JvmPauseMonitor (JvmPauseMonitor.java:run(188)) - Starting JVM pause monitor
2019-08-27 08:59:08,666 [main] INFO  ozone.HddsDatanodeService (HddsDatanodeService.java:start(184)) - HddsDatanodeService host:trunk-nightly-adhoc-20190827-ds46k-2366760622 ip:192.168.34.1
2019-08-27 08:59:08,667 [Datanode State Machine Thread - 0] INFO  datanode.InitDatanodeState (InitDatanodeState.java:persistContainerDatanodeDetails(140)) - DatanodeDetails is persisted to /workdir/hadoop-ozone/integration-test/target/test-dir/MiniOzoneClusterImpl-5fa0230b-2e3b-4574-a1d1-aab0eaf0b74a/datanode-0/meta/datanode.id
2019-08-27 08:59:08,677 [main] INFO  volume.HddsVolume (HddsVolume.java:<init>(176)) - Creating Volume: /workdir/hadoop-ozone/integration-test/target/test-dir/MiniOzoneClusterImpl-5fa0230b-2e3b-4574-a1d1-aab0eaf0b74a/datanode-1/data/containers/hdds of  storage type : DISK and capacity : 1482555576320
2019-08-27 08:59:08,677 [main] INFO  volume.VolumeSet (VolumeSet.java:initializeVolumeSet(170)) - Added Volume : /workdir/hadoop-ozone/integration-test/target/test-dir/MiniOzoneClusterImpl-5fa0230b-2e3b-4574-a1d1-aab0eaf0b74a/datanode-1/data/containers/hdds to VolumeSet
2019-08-27 08:59:08,677 [main] INFO  volume.ThrottledAsyncChecker (ThrottledAsyncChecker.java:schedule(140)) - Scheduling a check for org.apache.hadoop.ozone.container.common.volume.HddsVolume@65a42136
2019-08-27 08:59:08,678 [main] INFO  volume.HddsVolumeChecker (HddsVolumeChecker.java:checkAllVolumes(203)) - Scheduled health check for volume org.apache.hadoop.ozone.container.common.volume.HddsVolume@65a42136
2019-08-27 08:59:08,692 [main] INFO  impl.RaftServerProxy (ConfUtils.java:logGet(43)) - raft.rpc.type = GRPC (default)
2019-08-27 08:59:08,692 [main] INFO  grpc.GrpcFactory (GrpcFactory.java:checkPooledByteBufAllocatorUseCacheForAllThreads(45)) - PERFORMANCE WARNING: useCacheForAllThreads is true that may cause Netty to create a lot garbage objects and, as a result, trigger GC.
	It is recommended to disable useCacheForAllThreads by setting -Dorg.apache.ratis.thirdparty.io.netty.allocator.useCacheForAllThreads=false in command line.
2019-08-27 08:59:08,693 [main] INFO  grpc.GrpcConfigKeys$Server (ConfUtils.java:logGet(43)) - raft.grpc.server.port = 0 (default)
2019-08-27 08:59:08,693 [main] INFO  server.GrpcService (ConfUtils.java:logGet(43)) - raft.grpc.message.size.max = 33570816 (custom)
2019-08-27 08:59:08,693 [main] INFO  server.RaftServerConfigKeys (ConfUtils.java:logGet(43)) - raft.server.log.appender.buffer.byte-limit = 33554432 (custom)
2019-08-27 08:59:08,693 [main] INFO  server.GrpcService (ConfUtils.java:logGet(43)) - raft.grpc.flow.control.window = 1MB (=1048576) (default)
2019-08-27 08:59:08,693 [main] INFO  server.RaftServerConfigKeys (ConfUtils.java:logGet(43)) - raft.server.rpc.request.timeout = 3000ms (default)
2019-08-27 08:59:08,694 [main] INFO  server.RaftServerConfigKeys (ConfUtils.java:logGet(43)) - raft.server.storage.dir = [/workdir/hadoop-ozone/integration-test/target/test-dir/MiniOzoneClusterImpl-5fa0230b-2e3b-4574-a1d1-aab0eaf0b74a/datanode-1/data/ratis] (custom)
2019-08-27 08:59:08,694 [main] INFO  replication.SimpleContainerDownloader (SimpleContainerDownloader.java:<init>(72)) - Starting container downloader service to copy containers to replicate.
2019-08-27 08:59:08,696 [main] INFO  hdfs.DFSUtil (DFSUtil.java:httpServerTemplateForNNAndJN(1641)) - Starting Web-server for hddsDatanode at: http://0.0.0.0:0
2019-08-27 08:59:08,697 [main] INFO  server.AuthenticationFilter (AuthenticationFilter.java:constructSecretProvider(240)) - Unable to initialize FileSignerSecretProvider, falling back to use random secrets.
2019-08-27 08:59:08,698 [main] WARN  http.HttpRequestLog (HttpRequestLog.java:getRequestLog(97)) - Jetty request log can only be enabled using Log4j
2019-08-27 08:59:08,700 [main] INFO  http.HttpServer2 (HttpServer2.java:addGlobalFilter(975)) - Added global filter 'safety' (class=org.apache.hadoop.http.HttpServer2$QuotingInputFilter)
2019-08-27 08:59:08,700 [main] INFO  http.HttpServer2 (HttpServer2.java:addFilter(948)) - Added filter static_user_filter (class=org.apache.hadoop.http.lib.StaticUserWebFilter$StaticUserFilter) to context hddsDatanode
2019-08-27 08:59:08,700 [main] INFO  http.HttpServer2 (HttpServer2.java:addFilter(958)) - Added filter static_user_filter (class=org.apache.hadoop.http.lib.StaticUserWebFilter$StaticUserFilter) to context static
2019-08-27 08:59:08,701 [main] INFO  http.HttpServer2 (HttpServer2.java:addFilter(958)) - Added filter static_user_filter (class=org.apache.hadoop.http.lib.StaticUserWebFilter$StaticUserFilter) to context logs
2019-08-27 08:59:08,701 [main] INFO  http.HttpServer2 (HttpServer2.java:bindListener(1191)) - Jetty bound to port 39015
2019-08-27 08:59:08,702 [main] INFO  server.Server (Server.java:doStart(351)) - jetty-9.3.24.v20180605, build timestamp: 2018-06-05T17:11:56Z, git hash: 84205aa28f11a4f31f2a3b86d1bba2cc8ab69827
2019-08-27 08:59:08,703 [main] INFO  handler.ContextHandler (ContextHandler.java:doStart(781)) - Started o.e.j.s.ServletContextHandler@3f29e67e{/logs,file:///workdir/hadoop-ozone/integration-test/target/log,AVAILABLE}
2019-08-27 08:59:08,704 [main] INFO  handler.ContextHandler (ContextHandler.java:doStart(781)) - Started o.e.j.s.ServletContextHandler@6aa16117{/static,jar:file:/home/user/.m2/repository/org/apache/hadoop/hadoop-hdds-container-service/0.5.0-SNAPSHOT/hadoop-hdds-container-service-0.5.0-SNAPSHOT.jar!/webapps/static,AVAILABLE}
2019-08-27 08:59:08,737 [main] INFO  handler.ContextHandler (ContextHandler.java:doStart(781)) - Started o.e.j.w.WebAppContext@661ec798{/,file:///tmp/jetty-0.0.0.0-39015-hddsDatanode-_-any-2826010180906677010.dir/webapp/,AVAILABLE}{/hddsDatanode}
2019-08-27 08:59:08,738 [main] INFO  server.AbstractConnector (AbstractConnector.java:doStart(278)) - Started ServerConnector@2c7fff1b{HTTP/1.1,[http/1.1]}{0.0.0.0:39015}
2019-08-27 08:59:08,739 [main] INFO  server.Server (Server.java:doStart(419)) - Started @239215ms
2019-08-27 08:59:08,740 [main] INFO  server.BaseHttpServer (BaseHttpServer.java:updateConnectorAddress(213)) - HTTP server of HDDSDATANODE is listening at http://0.0.0.0:39015
2019-08-27 08:59:08,885 | INFO  | ObjectStoreRestHttpServer | Listening HDDS REST traffic on /0.0.0.0:36456 |  
2019-08-27 08:59:08,885 [main] INFO  ozone.HddsDatanodeService (HddsDatanodeService.java:startPlugins(395)) - Started plug-in org.apache.hadoop.ozone.web.OzoneHddsDatanodeService@3a089620
2019-08-27 08:59:08,886 [main] INFO  impl.MetricsSystemImpl (MetricsSystemImpl.java:init(158)) - HddsDatanode metrics system started (again)
2019-08-27 08:59:08,888 [org.apache.hadoop.util.JvmPauseMonitor$Monitor@25d3cd94] INFO  util.JvmPauseMonitor (JvmPauseMonitor.java:run(188)) - Starting JVM pause monitor
2019-08-27 08:59:08,889 [main] INFO  ozone.HddsDatanodeService (HddsDatanodeService.java:start(184)) - HddsDatanodeService host:trunk-nightly-adhoc-20190827-ds46k-2366760622 ip:192.168.34.1
2019-08-27 08:59:08,889 [Datanode State Machine Thread - 0] INFO  datanode.InitDatanodeState (InitDatanodeState.java:persistContainerDatanodeDetails(140)) - DatanodeDetails is persisted to /workdir/hadoop-ozone/integration-test/target/test-dir/MiniOzoneClusterImpl-5fa0230b-2e3b-4574-a1d1-aab0eaf0b74a/datanode-1/meta/datanode.id
2019-08-27 08:59:08,900 [main] INFO  volume.HddsVolume (HddsVolume.java:<init>(176)) - Creating Volume: /workdir/hadoop-ozone/integration-test/target/test-dir/MiniOzoneClusterImpl-5fa0230b-2e3b-4574-a1d1-aab0eaf0b74a/datanode-2/data/containers/hdds of  storage type : DISK and capacity : 1482555576320
2019-08-27 08:59:08,900 [main] INFO  volume.VolumeSet (VolumeSet.java:initializeVolumeSet(170)) - Added Volume : /workdir/hadoop-ozone/integration-test/target/test-dir/MiniOzoneClusterImpl-5fa0230b-2e3b-4574-a1d1-aab0eaf0b74a/datanode-2/data/containers/hdds to VolumeSet
2019-08-27 08:59:08,900 [main] INFO  volume.ThrottledAsyncChecker (ThrottledAsyncChecker.java:schedule(140)) - Scheduling a check for org.apache.hadoop.ozone.container.common.volume.HddsVolume@45c57dbd
2019-08-27 08:59:08,900 [main] INFO  volume.HddsVolumeChecker (HddsVolumeChecker.java:checkAllVolumes(203)) - Scheduled health check for volume org.apache.hadoop.ozone.container.common.volume.HddsVolume@45c57dbd
2019-08-27 08:59:08,914 [main] INFO  impl.RaftServerProxy (ConfUtils.java:logGet(43)) - raft.rpc.type = GRPC (default)
2019-08-27 08:59:08,914 [main] INFO  grpc.GrpcFactory (GrpcFactory.java:checkPooledByteBufAllocatorUseCacheForAllThreads(45)) - PERFORMANCE WARNING: useCacheForAllThreads is true that may cause Netty to create a lot garbage objects and, as a result, trigger GC.
	It is recommended to disable useCacheForAllThreads by setting -Dorg.apache.ratis.thirdparty.io.netty.allocator.useCacheForAllThreads=false in command line.
2019-08-27 08:59:08,914 [main] INFO  grpc.GrpcConfigKeys$Server (ConfUtils.java:logGet(43)) - raft.grpc.server.port = 0 (default)
2019-08-27 08:59:08,914 [main] INFO  server.GrpcService (ConfUtils.java:logGet(43)) - raft.grpc.message.size.max = 33570816 (custom)
2019-08-27 08:59:08,915 [main] INFO  server.RaftServerConfigKeys (ConfUtils.java:logGet(43)) - raft.server.log.appender.buffer.byte-limit = 33554432 (custom)
2019-08-27 08:59:08,915 [main] INFO  server.GrpcService (ConfUtils.java:logGet(43)) - raft.grpc.flow.control.window = 1MB (=1048576) (default)
2019-08-27 08:59:08,915 [main] INFO  server.RaftServerConfigKeys (ConfUtils.java:logGet(43)) - raft.server.rpc.request.timeout = 3000ms (default)
2019-08-27 08:59:08,915 [main] INFO  server.RaftServerConfigKeys (ConfUtils.java:logGet(43)) - raft.server.storage.dir = [/workdir/hadoop-ozone/integration-test/target/test-dir/MiniOzoneClusterImpl-5fa0230b-2e3b-4574-a1d1-aab0eaf0b74a/datanode-2/data/ratis] (custom)
2019-08-27 08:59:08,916 [main] INFO  replication.SimpleContainerDownloader (SimpleContainerDownloader.java:<init>(72)) - Starting container downloader service to copy containers to replicate.
2019-08-27 08:59:08,917 [main] INFO  hdfs.DFSUtil (DFSUtil.java:httpServerTemplateForNNAndJN(1641)) - Starting Web-server for hddsDatanode at: http://0.0.0.0:0
2019-08-27 08:59:08,918 [main] INFO  server.AuthenticationFilter (AuthenticationFilter.java:constructSecretProvider(240)) - Unable to initialize FileSignerSecretProvider, falling back to use random secrets.
2019-08-27 08:59:08,918 [main] WARN  http.HttpRequestLog (HttpRequestLog.java:getRequestLog(97)) - Jetty request log can only be enabled using Log4j
2019-08-27 08:59:08,920 [main] INFO  http.HttpServer2 (HttpServer2.java:addGlobalFilter(975)) - Added global filter 'safety' (class=org.apache.hadoop.http.HttpServer2$QuotingInputFilter)
2019-08-27 08:59:08,920 [main] INFO  http.HttpServer2 (HttpServer2.java:addFilter(948)) - Added filter static_user_filter (class=org.apache.hadoop.http.lib.StaticUserWebFilter$StaticUserFilter) to context hddsDatanode
2019-08-27 08:59:08,920 [main] INFO  http.HttpServer2 (HttpServer2.java:addFilter(958)) - Added filter static_user_filter (class=org.apache.hadoop.http.lib.StaticUserWebFilter$StaticUserFilter) to context static
2019-08-27 08:59:08,920 [main] INFO  http.HttpServer2 (HttpServer2.java:addFilter(958)) - Added filter static_user_filter (class=org.apache.hadoop.http.lib.StaticUserWebFilter$StaticUserFilter) to context logs
2019-08-27 08:59:08,921 [main] INFO  http.HttpServer2 (HttpServer2.java:bindListener(1191)) - Jetty bound to port 34976
2019-08-27 08:59:08,921 [main] INFO  server.Server (Server.java:doStart(351)) - jetty-9.3.24.v20180605, build timestamp: 2018-06-05T17:11:56Z, git hash: 84205aa28f11a4f31f2a3b86d1bba2cc8ab69827
2019-08-27 08:59:08,923 [main] INFO  handler.ContextHandler (ContextHandler.java:doStart(781)) - Started o.e.j.s.ServletContextHandler@531bffd{/logs,file:///workdir/hadoop-ozone/integration-test/target/log,AVAILABLE}
2019-08-27 08:59:08,923 [main] INFO  handler.ContextHandler (ContextHandler.java:doStart(781)) - Started o.e.j.s.ServletContextHandler@6a4d72bd{/static,jar:file:/home/user/.m2/repository/org/apache/hadoop/hadoop-hdds-container-service/0.5.0-SNAPSHOT/hadoop-hdds-container-service-0.5.0-SNAPSHOT.jar!/webapps/static,AVAILABLE}
2019-08-27 08:59:08,951 [main] INFO  handler.ContextHandler (ContextHandler.java:doStart(781)) - Started o.e.j.w.WebAppContext@57cd5cc9{/,file:///tmp/jetty-0.0.0.0-34976-hddsDatanode-_-any-1363307239814267327.dir/webapp/,AVAILABLE}{/hddsDatanode}
2019-08-27 08:59:08,951 [main] INFO  server.AbstractConnector (AbstractConnector.java:doStart(278)) - Started ServerConnector@25ee6683{HTTP/1.1,[http/1.1]}{0.0.0.0:34976}
2019-08-27 08:59:08,951 [main] INFO  server.Server (Server.java:doStart(419)) - Started @239427ms
2019-08-27 08:59:08,953 [main] INFO  server.BaseHttpServer (BaseHttpServer.java:updateConnectorAddress(213)) - HTTP server of HDDSDATANODE is listening at http://0.0.0.0:34976
2019-08-27 08:59:09,096 | INFO  | ObjectStoreRestHttpServer | Listening HDDS REST traffic on /0.0.0.0:39605 |  
2019-08-27 08:59:09,096 [main] INFO  ozone.HddsDatanodeService (HddsDatanodeService.java:startPlugins(395)) - Started plug-in org.apache.hadoop.ozone.web.OzoneHddsDatanodeService@4623c0d3
2019-08-27 08:59:09,096 [main] INFO  impl.MetricsSystemImpl (MetricsSystemImpl.java:init(158)) - HddsDatanode metrics system started (again)
2019-08-27 08:59:09,099 [org.apache.hadoop.util.JvmPauseMonitor$Monitor@79b6fc9a] INFO  util.JvmPauseMonitor (JvmPauseMonitor.java:run(188)) - Starting JVM pause monitor
2019-08-27 08:59:09,100 [main] INFO  ozone.HddsDatanodeService (HddsDatanodeService.java:start(184)) - HddsDatanodeService host:trunk-nightly-adhoc-20190827-ds46k-2366760622 ip:192.168.34.1
2019-08-27 08:59:09,101 [Datanode State Machine Thread - 0] INFO  datanode.InitDatanodeState (InitDatanodeState.java:persistContainerDatanodeDetails(140)) - DatanodeDetails is persisted to /workdir/hadoop-ozone/integration-test/target/test-dir/MiniOzoneClusterImpl-5fa0230b-2e3b-4574-a1d1-aab0eaf0b74a/datanode-2/meta/datanode.id
2019-08-27 08:59:09,111 [main] INFO  volume.HddsVolume (HddsVolume.java:<init>(176)) - Creating Volume: /workdir/hadoop-ozone/integration-test/target/test-dir/MiniOzoneClusterImpl-5fa0230b-2e3b-4574-a1d1-aab0eaf0b74a/datanode-3/data/containers/hdds of  storage type : DISK and capacity : 1482555576320
2019-08-27 08:59:09,111 [main] INFO  volume.VolumeSet (VolumeSet.java:initializeVolumeSet(170)) - Added Volume : /workdir/hadoop-ozone/integration-test/target/test-dir/MiniOzoneClusterImpl-5fa0230b-2e3b-4574-a1d1-aab0eaf0b74a/datanode-3/data/containers/hdds to VolumeSet
2019-08-27 08:59:09,112 [main] INFO  volume.ThrottledAsyncChecker (ThrottledAsyncChecker.java:schedule(140)) - Scheduling a check for org.apache.hadoop.ozone.container.common.volume.HddsVolume@1c04dae9
2019-08-27 08:59:09,112 [main] INFO  volume.HddsVolumeChecker (HddsVolumeChecker.java:checkAllVolumes(203)) - Scheduled health check for volume org.apache.hadoop.ozone.container.common.volume.HddsVolume@1c04dae9
2019-08-27 08:59:09,125 [main] INFO  impl.RaftServerProxy (ConfUtils.java:logGet(43)) - raft.rpc.type = GRPC (default)
2019-08-27 08:59:09,125 [main] INFO  grpc.GrpcFactory (GrpcFactory.java:checkPooledByteBufAllocatorUseCacheForAllThreads(45)) - PERFORMANCE WARNING: useCacheForAllThreads is true that may cause Netty to create a lot garbage objects and, as a result, trigger GC.
	It is recommended to disable useCacheForAllThreads by setting -Dorg.apache.ratis.thirdparty.io.netty.allocator.useCacheForAllThreads=false in command line.
2019-08-27 08:59:09,126 [main] INFO  grpc.GrpcConfigKeys$Server (ConfUtils.java:logGet(43)) - raft.grpc.server.port = 0 (default)
2019-08-27 08:59:09,126 [main] INFO  server.GrpcService (ConfUtils.java:logGet(43)) - raft.grpc.message.size.max = 33570816 (custom)
2019-08-27 08:59:09,126 [main] INFO  server.RaftServerConfigKeys (ConfUtils.java:logGet(43)) - raft.server.log.appender.buffer.byte-limit = 33554432 (custom)
2019-08-27 08:59:09,126 [main] INFO  server.GrpcService (ConfUtils.java:logGet(43)) - raft.grpc.flow.control.window = 1MB (=1048576) (default)
2019-08-27 08:59:09,126 [main] INFO  server.RaftServerConfigKeys (ConfUtils.java:logGet(43)) - raft.server.rpc.request.timeout = 3000ms (default)
2019-08-27 08:59:09,127 [main] INFO  server.RaftServerConfigKeys (ConfUtils.java:logGet(43)) - raft.server.storage.dir = [/workdir/hadoop-ozone/integration-test/target/test-dir/MiniOzoneClusterImpl-5fa0230b-2e3b-4574-a1d1-aab0eaf0b74a/datanode-3/data/ratis] (custom)
2019-08-27 08:59:09,127 [main] INFO  replication.SimpleContainerDownloader (SimpleContainerDownloader.java:<init>(72)) - Starting container downloader service to copy containers to replicate.
2019-08-27 08:59:09,128 [main] INFO  hdfs.DFSUtil (DFSUtil.java:httpServerTemplateForNNAndJN(1641)) - Starting Web-server for hddsDatanode at: http://0.0.0.0:0
2019-08-27 08:59:09,129 [main] INFO  server.AuthenticationFilter (AuthenticationFilter.java:constructSecretProvider(240)) - Unable to initialize FileSignerSecretProvider, falling back to use random secrets.
2019-08-27 08:59:09,129 [main] WARN  http.HttpRequestLog (HttpRequestLog.java:getRequestLog(97)) - Jetty request log can only be enabled using Log4j
2019-08-27 08:59:09,130 [main] INFO  http.HttpServer2 (HttpServer2.java:addGlobalFilter(975)) - Added global filter 'safety' (class=org.apache.hadoop.http.HttpServer2$QuotingInputFilter)
2019-08-27 08:59:09,131 [main] INFO  http.HttpServer2 (HttpServer2.java:addFilter(948)) - Added filter static_user_filter (class=org.apache.hadoop.http.lib.StaticUserWebFilter$StaticUserFilter) to context hddsDatanode
2019-08-27 08:59:09,131 [main] INFO  http.HttpServer2 (HttpServer2.java:addFilter(958)) - Added filter static_user_filter (class=org.apache.hadoop.http.lib.StaticUserWebFilter$StaticUserFilter) to context static
2019-08-27 08:59:09,131 [main] INFO  http.HttpServer2 (HttpServer2.java:addFilter(958)) - Added filter static_user_filter (class=org.apache.hadoop.http.lib.StaticUserWebFilter$StaticUserFilter) to context logs
2019-08-27 08:59:09,132 [main] INFO  http.HttpServer2 (HttpServer2.java:bindListener(1191)) - Jetty bound to port 45537
2019-08-27 08:59:09,132 [main] INFO  server.Server (Server.java:doStart(351)) - jetty-9.3.24.v20180605, build timestamp: 2018-06-05T17:11:56Z, git hash: 84205aa28f11a4f31f2a3b86d1bba2cc8ab69827
2019-08-27 08:59:09,133 [main] INFO  handler.ContextHandler (ContextHandler.java:doStart(781)) - Started o.e.j.s.ServletContextHandler@5a32ab89{/logs,file:///workdir/hadoop-ozone/integration-test/target/log,AVAILABLE}
2019-08-27 08:59:09,133 [main] INFO  handler.ContextHandler (ContextHandler.java:doStart(781)) - Started o.e.j.s.ServletContextHandler@2693b289{/static,jar:file:/home/user/.m2/repository/org/apache/hadoop/hadoop-hdds-container-service/0.5.0-SNAPSHOT/hadoop-hdds-container-service-0.5.0-SNAPSHOT.jar!/webapps/static,AVAILABLE}
2019-08-27 08:59:09,160 [main] INFO  handler.ContextHandler (ContextHandler.java:doStart(781)) - Started o.e.j.w.WebAppContext@543895d2{/,file:///tmp/jetty-0.0.0.0-45537-hddsDatanode-_-any-5702771439983791134.dir/webapp/,AVAILABLE}{/hddsDatanode}
2019-08-27 08:59:09,160 [main] INFO  server.AbstractConnector (AbstractConnector.java:doStart(278)) - Started ServerConnector@3699c795{HTTP/1.1,[http/1.1]}{0.0.0.0:45537}
2019-08-27 08:59:09,161 [main] INFO  server.Server (Server.java:doStart(419)) - Started @239636ms
2019-08-27 08:59:09,162 [main] INFO  server.BaseHttpServer (BaseHttpServer.java:updateConnectorAddress(213)) - HTTP server of HDDSDATANODE is listening at http://0.0.0.0:45537
2019-08-27 08:59:09,270 | INFO  | ObjectStoreRestHttpServer | Listening HDDS REST traffic on /0.0.0.0:40564 |  
2019-08-27 08:59:09,270 [main] INFO  ozone.HddsDatanodeService (HddsDatanodeService.java:startPlugins(395)) - Started plug-in org.apache.hadoop.ozone.web.OzoneHddsDatanodeService@ff7042c
2019-08-27 08:59:09,271 [main] INFO  impl.MetricsSystemImpl (MetricsSystemImpl.java:init(158)) - HddsDatanode metrics system started (again)
2019-08-27 08:59:09,274 [main] INFO  ozone.HddsDatanodeService (HddsDatanodeService.java:start(184)) - HddsDatanodeService host:trunk-nightly-adhoc-20190827-ds46k-2366760622 ip:192.168.34.1
2019-08-27 08:59:09,274 [org.apache.hadoop.util.JvmPauseMonitor$Monitor@84c7219] INFO  util.JvmPauseMonitor (JvmPauseMonitor.java:run(188)) - Starting JVM pause monitor
2019-08-27 08:59:09,275 [Datanode State Machine Thread - 0] INFO  datanode.InitDatanodeState (InitDatanodeState.java:persistContainerDatanodeDetails(140)) - DatanodeDetails is persisted to /workdir/hadoop-ozone/integration-test/target/test-dir/MiniOzoneClusterImpl-5fa0230b-2e3b-4574-a1d1-aab0eaf0b74a/datanode-3/meta/datanode.id
2019-08-27 08:59:09,286 [main] INFO  volume.HddsVolume (HddsVolume.java:<init>(176)) - Creating Volume: /workdir/hadoop-ozone/integration-test/target/test-dir/MiniOzoneClusterImpl-5fa0230b-2e3b-4574-a1d1-aab0eaf0b74a/datanode-4/data/containers/hdds of  storage type : DISK and capacity : 1482555576320
2019-08-27 08:59:09,286 [main] INFO  volume.VolumeSet (VolumeSet.java:initializeVolumeSet(170)) - Added Volume : /workdir/hadoop-ozone/integration-test/target/test-dir/MiniOzoneClusterImpl-5fa0230b-2e3b-4574-a1d1-aab0eaf0b74a/datanode-4/data/containers/hdds to VolumeSet
2019-08-27 08:59:09,286 [main] INFO  volume.ThrottledAsyncChecker (ThrottledAsyncChecker.java:schedule(140)) - Scheduling a check for org.apache.hadoop.ozone.container.common.volume.HddsVolume@2b960c2b
2019-08-27 08:59:09,287 [main] INFO  volume.HddsVolumeChecker (HddsVolumeChecker.java:checkAllVolumes(203)) - Scheduled health check for volume org.apache.hadoop.ozone.container.common.volume.HddsVolume@2b960c2b
2019-08-27 08:59:09,301 [main] INFO  impl.RaftServerProxy (ConfUtils.java:logGet(43)) - raft.rpc.type = GRPC (default)
2019-08-27 08:59:09,301 [main] INFO  grpc.GrpcFactory (GrpcFactory.java:checkPooledByteBufAllocatorUseCacheForAllThreads(45)) - PERFORMANCE WARNING: useCacheForAllThreads is true that may cause Netty to create a lot garbage objects and, as a result, trigger GC.
	It is recommended to disable useCacheForAllThreads by setting -Dorg.apache.ratis.thirdparty.io.netty.allocator.useCacheForAllThreads=false in command line.
2019-08-27 08:59:09,301 [main] INFO  grpc.GrpcConfigKeys$Server (ConfUtils.java:logGet(43)) - raft.grpc.server.port = 0 (default)
2019-08-27 08:59:09,301 [main] INFO  server.GrpcService (ConfUtils.java:logGet(43)) - raft.grpc.message.size.max = 33570816 (custom)
2019-08-27 08:59:09,302 [main] INFO  server.RaftServerConfigKeys (ConfUtils.java:logGet(43)) - raft.server.log.appender.buffer.byte-limit = 33554432 (custom)
2019-08-27 08:59:09,302 [main] INFO  server.GrpcService (ConfUtils.java:logGet(43)) - raft.grpc.flow.control.window = 1MB (=1048576) (default)
2019-08-27 08:59:09,302 [main] INFO  server.RaftServerConfigKeys (ConfUtils.java:logGet(43)) - raft.server.rpc.request.timeout = 3000ms (default)
2019-08-27 08:59:09,302 [main] INFO  server.RaftServerConfigKeys (ConfUtils.java:logGet(43)) - raft.server.storage.dir = [/workdir/hadoop-ozone/integration-test/target/test-dir/MiniOzoneClusterImpl-5fa0230b-2e3b-4574-a1d1-aab0eaf0b74a/datanode-4/data/ratis] (custom)
2019-08-27 08:59:09,303 [main] INFO  replication.SimpleContainerDownloader (SimpleContainerDownloader.java:<init>(72)) - Starting container downloader service to copy containers to replicate.
2019-08-27 08:59:09,304 [main] INFO  hdfs.DFSUtil (DFSUtil.java:httpServerTemplateForNNAndJN(1641)) - Starting Web-server for hddsDatanode at: http://0.0.0.0:0
2019-08-27 08:59:09,305 [main] INFO  server.AuthenticationFilter (AuthenticationFilter.java:constructSecretProvider(240)) - Unable to initialize FileSignerSecretProvider, falling back to use random secrets.
2019-08-27 08:59:09,306 [main] WARN  http.HttpRequestLog (HttpRequestLog.java:getRequestLog(97)) - Jetty request log can only be enabled using Log4j
2019-08-27 08:59:09,307 [main] INFO  http.HttpServer2 (HttpServer2.java:addGlobalFilter(975)) - Added global filter 'safety' (class=org.apache.hadoop.http.HttpServer2$QuotingInputFilter)
2019-08-27 08:59:09,307 [main] INFO  http.HttpServer2 (HttpServer2.java:addFilter(948)) - Added filter static_user_filter (class=org.apache.hadoop.http.lib.StaticUserWebFilter$StaticUserFilter) to context hddsDatanode
2019-08-27 08:59:09,307 [main] INFO  http.HttpServer2 (HttpServer2.java:addFilter(958)) - Added filter static_user_filter (class=org.apache.hadoop.http.lib.StaticUserWebFilter$StaticUserFilter) to context logs
2019-08-27 08:59:09,308 [main] INFO  http.HttpServer2 (HttpServer2.java:addFilter(958)) - Added filter static_user_filter (class=org.apache.hadoop.http.lib.StaticUserWebFilter$StaticUserFilter) to context static
2019-08-27 08:59:09,308 [main] INFO  http.HttpServer2 (HttpServer2.java:bindListener(1191)) - Jetty bound to port 41586
2019-08-27 08:59:09,308 [main] INFO  server.Server (Server.java:doStart(351)) - jetty-9.3.24.v20180605, build timestamp: 2018-06-05T17:11:56Z, git hash: 84205aa28f11a4f31f2a3b86d1bba2cc8ab69827
2019-08-27 08:59:09,310 [main] INFO  handler.ContextHandler (ContextHandler.java:doStart(781)) - Started o.e.j.s.ServletContextHandler@7cad6289{/logs,file:///workdir/hadoop-ozone/integration-test/target/log,AVAILABLE}
2019-08-27 08:59:09,310 [main] INFO  handler.ContextHandler (ContextHandler.java:doStart(781)) - Started o.e.j.s.ServletContextHandler@22ff53d1{/static,jar:file:/home/user/.m2/repository/org/apache/hadoop/hadoop-hdds-container-service/0.5.0-SNAPSHOT/hadoop-hdds-container-service-0.5.0-SNAPSHOT.jar!/webapps/static,AVAILABLE}
2019-08-27 08:59:09,337 [main] INFO  handler.ContextHandler (ContextHandler.java:doStart(781)) - Started o.e.j.w.WebAppContext@37669c4{/,file:///tmp/jetty-0.0.0.0-41586-hddsDatanode-_-any-5750950548086108975.dir/webapp/,AVAILABLE}{/hddsDatanode}
2019-08-27 08:59:09,337 [main] INFO  server.AbstractConnector (AbstractConnector.java:doStart(278)) - Started ServerConnector@1e3469df{HTTP/1.1,[http/1.1]}{0.0.0.0:41586}
2019-08-27 08:59:09,339 [main] INFO  server.Server (Server.java:doStart(419)) - Started @239815ms
2019-08-27 08:59:09,340 [main] INFO  server.BaseHttpServer (BaseHttpServer.java:updateConnectorAddress(213)) - HTTP server of HDDSDATANODE is listening at http://0.0.0.0:41586
2019-08-27 08:59:09,445 | INFO  | ObjectStoreRestHttpServer | Listening HDDS REST traffic on /0.0.0.0:42013 |  
2019-08-27 08:59:09,445 [main] INFO  ozone.HddsDatanodeService (HddsDatanodeService.java:startPlugins(395)) - Started plug-in org.apache.hadoop.ozone.web.OzoneHddsDatanodeService@a8e649e
2019-08-27 08:59:09,445 [main] INFO  impl.MetricsSystemImpl (MetricsSystemImpl.java:init(158)) - HddsDatanode metrics system started (again)
2019-08-27 08:59:09,448 [org.apache.hadoop.util.JvmPauseMonitor$Monitor@729da74a] INFO  util.JvmPauseMonitor (JvmPauseMonitor.java:run(188)) - Starting JVM pause monitor
2019-08-27 08:59:09,449 [main] INFO  ozone.HddsDatanodeService (HddsDatanodeService.java:start(184)) - HddsDatanodeService host:trunk-nightly-adhoc-20190827-ds46k-2366760622 ip:192.168.34.1
2019-08-27 08:59:09,449 [Datanode State Machine Thread - 0] INFO  datanode.InitDatanodeState (InitDatanodeState.java:persistContainerDatanodeDetails(140)) - DatanodeDetails is persisted to /workdir/hadoop-ozone/integration-test/target/test-dir/MiniOzoneClusterImpl-5fa0230b-2e3b-4574-a1d1-aab0eaf0b74a/datanode-4/meta/datanode.id
2019-08-27 08:59:09,458 [main] INFO  volume.HddsVolume (HddsVolume.java:<init>(176)) - Creating Volume: /workdir/hadoop-ozone/integration-test/target/test-dir/MiniOzoneClusterImpl-5fa0230b-2e3b-4574-a1d1-aab0eaf0b74a/datanode-5/data/containers/hdds of  storage type : DISK and capacity : 1482555576320
2019-08-27 08:59:09,458 [main] INFO  volume.VolumeSet (VolumeSet.java:initializeVolumeSet(170)) - Added Volume : /workdir/hadoop-ozone/integration-test/target/test-dir/MiniOzoneClusterImpl-5fa0230b-2e3b-4574-a1d1-aab0eaf0b74a/datanode-5/data/containers/hdds to VolumeSet
2019-08-27 08:59:09,458 [main] INFO  volume.ThrottledAsyncChecker (ThrottledAsyncChecker.java:schedule(140)) - Scheduling a check for org.apache.hadoop.ozone.container.common.volume.HddsVolume@4928a347
2019-08-27 08:59:09,459 [main] INFO  volume.HddsVolumeChecker (HddsVolumeChecker.java:checkAllVolumes(203)) - Scheduled health check for volume org.apache.hadoop.ozone.container.common.volume.HddsVolume@4928a347
2019-08-27 08:59:09,475 [main] INFO  impl.RaftServerProxy (ConfUtils.java:logGet(43)) - raft.rpc.type = GRPC (default)
2019-08-27 08:59:09,475 [main] INFO  grpc.GrpcFactory (GrpcFactory.java:checkPooledByteBufAllocatorUseCacheForAllThreads(45)) - PERFORMANCE WARNING: useCacheForAllThreads is true that may cause Netty to create a lot garbage objects and, as a result, trigger GC.
	It is recommended to disable useCacheForAllThreads by setting -Dorg.apache.ratis.thirdparty.io.netty.allocator.useCacheForAllThreads=false in command line.
2019-08-27 08:59:09,475 [main] INFO  grpc.GrpcConfigKeys$Server (ConfUtils.java:logGet(43)) - raft.grpc.server.port = 0 (default)
2019-08-27 08:59:09,476 [main] INFO  server.GrpcService (ConfUtils.java:logGet(43)) - raft.grpc.message.size.max = 33570816 (custom)
2019-08-27 08:59:09,476 [main] INFO  server.RaftServerConfigKeys (ConfUtils.java:logGet(43)) - raft.server.log.appender.buffer.byte-limit = 33554432 (custom)
2019-08-27 08:59:09,476 [main] INFO  server.GrpcService (ConfUtils.java:logGet(43)) - raft.grpc.flow.control.window = 1MB (=1048576) (default)
2019-08-27 08:59:09,476 [main] INFO  server.RaftServerConfigKeys (ConfUtils.java:logGet(43)) - raft.server.rpc.request.timeout = 3000ms (default)
2019-08-27 08:59:09,477 [main] INFO  server.RaftServerConfigKeys (ConfUtils.java:logGet(43)) - raft.server.storage.dir = [/workdir/hadoop-ozone/integration-test/target/test-dir/MiniOzoneClusterImpl-5fa0230b-2e3b-4574-a1d1-aab0eaf0b74a/datanode-5/data/ratis] (custom)
2019-08-27 08:59:09,477 [main] INFO  replication.SimpleContainerDownloader (SimpleContainerDownloader.java:<init>(72)) - Starting container downloader service to copy containers to replicate.
2019-08-27 08:59:09,478 [main] INFO  hdfs.DFSUtil (DFSUtil.java:httpServerTemplateForNNAndJN(1641)) - Starting Web-server for hddsDatanode at: http://0.0.0.0:0
2019-08-27 08:59:09,479 [main] INFO  server.AuthenticationFilter (AuthenticationFilter.java:constructSecretProvider(240)) - Unable to initialize FileSignerSecretProvider, falling back to use random secrets.
2019-08-27 08:59:09,479 [main] WARN  http.HttpRequestLog (HttpRequestLog.java:getRequestLog(97)) - Jetty request log can only be enabled using Log4j
2019-08-27 08:59:09,480 [main] INFO  http.HttpServer2 (HttpServer2.java:addGlobalFilter(975)) - Added global filter 'safety' (class=org.apache.hadoop.http.HttpServer2$QuotingInputFilter)
2019-08-27 08:59:09,481 [main] INFO  http.HttpServer2 (HttpServer2.java:addFilter(948)) - Added filter static_user_filter (class=org.apache.hadoop.http.lib.StaticUserWebFilter$StaticUserFilter) to context hddsDatanode
2019-08-27 08:59:09,481 [main] INFO  http.HttpServer2 (HttpServer2.java:addFilter(958)) - Added filter static_user_filter (class=org.apache.hadoop.http.lib.StaticUserWebFilter$StaticUserFilter) to context logs
2019-08-27 08:59:09,481 [main] INFO  http.HttpServer2 (HttpServer2.java:addFilter(958)) - Added filter static_user_filter (class=org.apache.hadoop.http.lib.StaticUserWebFilter$StaticUserFilter) to context static
2019-08-27 08:59:09,482 [main] INFO  http.HttpServer2 (HttpServer2.java:bindListener(1191)) - Jetty bound to port 38488
2019-08-27 08:59:09,482 [main] INFO  server.Server (Server.java:doStart(351)) - jetty-9.3.24.v20180605, build timestamp: 2018-06-05T17:11:56Z, git hash: 84205aa28f11a4f31f2a3b86d1bba2cc8ab69827
2019-08-27 08:59:09,483 [main] INFO  handler.ContextHandler (ContextHandler.java:doStart(781)) - Started o.e.j.s.ServletContextHandler@cc655a{/logs,file:///workdir/hadoop-ozone/integration-test/target/log,AVAILABLE}
2019-08-27 08:59:09,484 [main] INFO  handler.ContextHandler (ContextHandler.java:doStart(781)) - Started o.e.j.s.ServletContextHandler@46b2e0e4{/static,jar:file:/home/user/.m2/repository/org/apache/hadoop/hadoop-hdds-container-service/0.5.0-SNAPSHOT/hadoop-hdds-container-service-0.5.0-SNAPSHOT.jar!/webapps/static,AVAILABLE}
2019-08-27 08:59:09,510 [main] INFO  handler.ContextHandler (ContextHandler.java:doStart(781)) - Started o.e.j.w.WebAppContext@1447bef2{/,file:///tmp/jetty-0.0.0.0-38488-hddsDatanode-_-any-425398254818794111.dir/webapp/,AVAILABLE}{/hddsDatanode}
2019-08-27 08:59:09,510 [main] INFO  server.AbstractConnector (AbstractConnector.java:doStart(278)) - Started ServerConnector@2b6c3f70{HTTP/1.1,[http/1.1]}{0.0.0.0:38488}
2019-08-27 08:59:09,512 [main] INFO  server.Server (Server.java:doStart(419)) - Started @239988ms
2019-08-27 08:59:09,513 [main] INFO  server.BaseHttpServer (BaseHttpServer.java:updateConnectorAddress(213)) - HTTP server of HDDSDATANODE is listening at http://0.0.0.0:38488
2019-08-27 08:59:09,645 | INFO  | ObjectStoreRestHttpServer | Listening HDDS REST traffic on /0.0.0.0:40530 |  
2019-08-27 08:59:09,645 [main] INFO  ozone.HddsDatanodeService (HddsDatanodeService.java:startPlugins(395)) - Started plug-in org.apache.hadoop.ozone.web.OzoneHddsDatanodeService@2153f0d7
2019-08-27 08:59:09,645 [main] INFO  impl.MetricsSystemImpl (MetricsSystemImpl.java:init(158)) - HddsDatanode metrics system started (again)
2019-08-27 08:59:09,649 [org.apache.hadoop.util.JvmPauseMonitor$Monitor@2cdbc5ea] INFO  util.JvmPauseMonitor (JvmPauseMonitor.java:run(188)) - Starting JVM pause monitor
2019-08-27 08:59:09,650 [main] INFO  ozone.HddsDatanodeService (HddsDatanodeService.java:start(184)) - HddsDatanodeService host:trunk-nightly-adhoc-20190827-ds46k-2366760622 ip:192.168.34.1
2019-08-27 08:59:09,651 [Datanode State Machine Thread - 0] INFO  datanode.InitDatanodeState (InitDatanodeState.java:persistContainerDatanodeDetails(140)) - DatanodeDetails is persisted to /workdir/hadoop-ozone/integration-test/target/test-dir/MiniOzoneClusterImpl-5fa0230b-2e3b-4574-a1d1-aab0eaf0b74a/datanode-5/meta/datanode.id
2019-08-27 08:59:09,659 [main] INFO  volume.HddsVolume (HddsVolume.java:<init>(176)) - Creating Volume: /workdir/hadoop-ozone/integration-test/target/test-dir/MiniOzoneClusterImpl-5fa0230b-2e3b-4574-a1d1-aab0eaf0b74a/datanode-6/data/containers/hdds of  storage type : DISK and capacity : 1482555576320
2019-08-27 08:59:09,659 [main] INFO  volume.VolumeSet (VolumeSet.java:initializeVolumeSet(170)) - Added Volume : /workdir/hadoop-ozone/integration-test/target/test-dir/MiniOzoneClusterImpl-5fa0230b-2e3b-4574-a1d1-aab0eaf0b74a/datanode-6/data/containers/hdds to VolumeSet
2019-08-27 08:59:09,659 [main] INFO  volume.ThrottledAsyncChecker (ThrottledAsyncChecker.java:schedule(140)) - Scheduling a check for org.apache.hadoop.ozone.container.common.volume.HddsVolume@5d4042fc
2019-08-27 08:59:09,659 [main] INFO  volume.HddsVolumeChecker (HddsVolumeChecker.java:checkAllVolumes(203)) - Scheduled health check for volume org.apache.hadoop.ozone.container.common.volume.HddsVolume@5d4042fc
2019-08-27 08:59:09,678 [main] INFO  impl.RaftServerProxy (ConfUtils.java:logGet(43)) - raft.rpc.type = GRPC (default)
2019-08-27 08:59:09,679 [main] INFO  grpc.GrpcFactory (GrpcFactory.java:checkPooledByteBufAllocatorUseCacheForAllThreads(45)) - PERFORMANCE WARNING: useCacheForAllThreads is true that may cause Netty to create a lot garbage objects and, as a result, trigger GC.
	It is recommended to disable useCacheForAllThreads by setting -Dorg.apache.ratis.thirdparty.io.netty.allocator.useCacheForAllThreads=false in command line.
2019-08-27 08:59:09,679 [main] INFO  grpc.GrpcConfigKeys$Server (ConfUtils.java:logGet(43)) - raft.grpc.server.port = 0 (default)
2019-08-27 08:59:09,679 [main] INFO  server.GrpcService (ConfUtils.java:logGet(43)) - raft.grpc.message.size.max = 33570816 (custom)
2019-08-27 08:59:09,679 [main] INFO  server.RaftServerConfigKeys (ConfUtils.java:logGet(43)) - raft.server.log.appender.buffer.byte-limit = 33554432 (custom)
2019-08-27 08:59:09,680 [main] INFO  server.GrpcService (ConfUtils.java:logGet(43)) - raft.grpc.flow.control.window = 1MB (=1048576) (default)
2019-08-27 08:59:09,680 [main] INFO  server.RaftServerConfigKeys (ConfUtils.java:logGet(43)) - raft.server.rpc.request.timeout = 3000ms (default)
2019-08-27 08:59:09,681 [main] INFO  server.RaftServerConfigKeys (ConfUtils.java:logGet(43)) - raft.server.storage.dir = [/workdir/hadoop-ozone/integration-test/target/test-dir/MiniOzoneClusterImpl-5fa0230b-2e3b-4574-a1d1-aab0eaf0b74a/datanode-6/data/ratis] (custom)
2019-08-27 08:59:09,681 [main] INFO  replication.SimpleContainerDownloader (SimpleContainerDownloader.java:<init>(72)) - Starting container downloader service to copy containers to replicate.
2019-08-27 08:59:09,682 [main] INFO  hdfs.DFSUtil (DFSUtil.java:httpServerTemplateForNNAndJN(1641)) - Starting Web-server for hddsDatanode at: http://0.0.0.0:0
2019-08-27 08:59:09,684 [main] INFO  server.AuthenticationFilter (AuthenticationFilter.java:constructSecretProvider(240)) - Unable to initialize FileSignerSecretProvider, falling back to use random secrets.
2019-08-27 08:59:09,684 [main] WARN  http.HttpRequestLog (HttpRequestLog.java:getRequestLog(97)) - Jetty request log can only be enabled using Log4j
2019-08-27 08:59:09,686 [main] INFO  http.HttpServer2 (HttpServer2.java:addGlobalFilter(975)) - Added global filter 'safety' (class=org.apache.hadoop.http.HttpServer2$QuotingInputFilter)
2019-08-27 08:59:09,686 [main] INFO  http.HttpServer2 (HttpServer2.java:addFilter(948)) - Added filter static_user_filter (class=org.apache.hadoop.http.lib.StaticUserWebFilter$StaticUserFilter) to context hddsDatanode
2019-08-27 08:59:09,687 [main] INFO  http.HttpServer2 (HttpServer2.java:addFilter(958)) - Added filter static_user_filter (class=org.apache.hadoop.http.lib.StaticUserWebFilter$StaticUserFilter) to context static
2019-08-27 08:59:09,687 [main] INFO  http.HttpServer2 (HttpServer2.java:addFilter(958)) - Added filter static_user_filter (class=org.apache.hadoop.http.lib.StaticUserWebFilter$StaticUserFilter) to context logs
2019-08-27 08:59:09,688 [main] INFO  http.HttpServer2 (HttpServer2.java:bindListener(1191)) - Jetty bound to port 46016
2019-08-27 08:59:09,688 [main] INFO  server.Server (Server.java:doStart(351)) - jetty-9.3.24.v20180605, build timestamp: 2018-06-05T17:11:56Z, git hash: 84205aa28f11a4f31f2a3b86d1bba2cc8ab69827
2019-08-27 08:59:09,689 [main] INFO  handler.ContextHandler (ContextHandler.java:doStart(781)) - Started o.e.j.s.ServletContextHandler@65b9ebee{/logs,file:///workdir/hadoop-ozone/integration-test/target/log,AVAILABLE}
2019-08-27 08:59:09,690 [main] INFO  handler.ContextHandler (ContextHandler.java:doStart(781)) - Started o.e.j.s.ServletContextHandler@25c5fc41{/static,jar:file:/home/user/.m2/repository/org/apache/hadoop/hadoop-hdds-container-service/0.5.0-SNAPSHOT/hadoop-hdds-container-service-0.5.0-SNAPSHOT.jar!/webapps/static,AVAILABLE}
2019-08-27 08:59:09,728 [main] INFO  handler.ContextHandler (ContextHandler.java:doStart(781)) - Started o.e.j.w.WebAppContext@7b3b0896{/,file:///tmp/jetty-0.0.0.0-46016-hddsDatanode-_-any-218158278994066409.dir/webapp/,AVAILABLE}{/hddsDatanode}
2019-08-27 08:59:09,728 [main] INFO  server.AbstractConnector (AbstractConnector.java:doStart(278)) - Started ServerConnector@d4a4ba{HTTP/1.1,[http/1.1]}{0.0.0.0:46016}
2019-08-27 08:59:09,730 [main] INFO  server.Server (Server.java:doStart(419)) - Started @240206ms
2019-08-27 08:59:09,731 [main] INFO  server.BaseHttpServer (BaseHttpServer.java:updateConnectorAddress(213)) - HTTP server of HDDSDATANODE is listening at http://0.0.0.0:46016
2019-08-27 08:59:09,834 | INFO  | ObjectStoreRestHttpServer | Listening HDDS REST traffic on /0.0.0.0:41123 |  
2019-08-27 08:59:09,834 [main] INFO  ozone.HddsDatanodeService (HddsDatanodeService.java:startPlugins(395)) - Started plug-in org.apache.hadoop.ozone.web.OzoneHddsDatanodeService@83b0d9f
2019-08-27 08:59:09,835 [main] INFO  impl.MetricsSystemImpl (MetricsSystemImpl.java:init(158)) - HddsDatanode metrics system started (again)
2019-08-27 08:59:09,838 [org.apache.hadoop.util.JvmPauseMonitor$Monitor@42293457] INFO  util.JvmPauseMonitor (JvmPauseMonitor.java:run(188)) - Starting JVM pause monitor
2019-08-27 08:59:09,839 [main] INFO  ozone.HddsDatanodeService (HddsDatanodeService.java:start(184)) - HddsDatanodeService host:trunk-nightly-adhoc-20190827-ds46k-2366760622 ip:192.168.34.1
2019-08-27 08:59:09,839 [Datanode State Machine Thread - 0] INFO  datanode.InitDatanodeState (InitDatanodeState.java:persistContainerDatanodeDetails(140)) - DatanodeDetails is persisted to /workdir/hadoop-ozone/integration-test/target/test-dir/MiniOzoneClusterImpl-5fa0230b-2e3b-4574-a1d1-aab0eaf0b74a/datanode-6/meta/datanode.id
2019-08-27 08:59:09,848 [main] INFO  volume.HddsVolume (HddsVolume.java:<init>(176)) - Creating Volume: /workdir/hadoop-ozone/integration-test/target/test-dir/MiniOzoneClusterImpl-5fa0230b-2e3b-4574-a1d1-aab0eaf0b74a/datanode-7/data/containers/hdds of  storage type : DISK and capacity : 1482555576320
2019-08-27 08:59:09,849 [main] INFO  volume.VolumeSet (VolumeSet.java:initializeVolumeSet(170)) - Added Volume : /workdir/hadoop-ozone/integration-test/target/test-dir/MiniOzoneClusterImpl-5fa0230b-2e3b-4574-a1d1-aab0eaf0b74a/datanode-7/data/containers/hdds to VolumeSet
2019-08-27 08:59:09,849 [main] INFO  volume.ThrottledAsyncChecker (ThrottledAsyncChecker.java:schedule(140)) - Scheduling a check for org.apache.hadoop.ozone.container.common.volume.HddsVolume@14d3bee8
2019-08-27 08:59:09,849 [main] INFO  volume.HddsVolumeChecker (HddsVolumeChecker.java:checkAllVolumes(203)) - Scheduled health check for volume org.apache.hadoop.ozone.container.common.volume.HddsVolume@14d3bee8
2019-08-27 08:59:09,864 [main] INFO  impl.RaftServerProxy (ConfUtils.java:logGet(43)) - raft.rpc.type = GRPC (default)
2019-08-27 08:59:09,864 [main] INFO  grpc.GrpcFactory (GrpcFactory.java:checkPooledByteBufAllocatorUseCacheForAllThreads(45)) - PERFORMANCE WARNING: useCacheForAllThreads is true that may cause Netty to create a lot garbage objects and, as a result, trigger GC.
	It is recommended to disable useCacheForAllThreads by setting -Dorg.apache.ratis.thirdparty.io.netty.allocator.useCacheForAllThreads=false in command line.
2019-08-27 08:59:09,864 [main] INFO  grpc.GrpcConfigKeys$Server (ConfUtils.java:logGet(43)) - raft.grpc.server.port = 0 (default)
2019-08-27 08:59:09,864 [main] INFO  server.GrpcService (ConfUtils.java:logGet(43)) - raft.grpc.message.size.max = 33570816 (custom)
2019-08-27 08:59:09,864 [main] INFO  server.RaftServerConfigKeys (ConfUtils.java:logGet(43)) - raft.server.log.appender.buffer.byte-limit = 33554432 (custom)
2019-08-27 08:59:09,865 [main] INFO  server.GrpcService (ConfUtils.java:logGet(43)) - raft.grpc.flow.control.window = 1MB (=1048576) (default)
2019-08-27 08:59:09,865 [main] INFO  server.RaftServerConfigKeys (ConfUtils.java:logGet(43)) - raft.server.rpc.request.timeout = 3000ms (default)
2019-08-27 08:59:09,865 [main] INFO  server.RaftServerConfigKeys (ConfUtils.java:logGet(43)) - raft.server.storage.dir = [/workdir/hadoop-ozone/integration-test/target/test-dir/MiniOzoneClusterImpl-5fa0230b-2e3b-4574-a1d1-aab0eaf0b74a/datanode-7/data/ratis] (custom)
2019-08-27 08:59:09,865 [main] INFO  replication.SimpleContainerDownloader (SimpleContainerDownloader.java:<init>(72)) - Starting container downloader service to copy containers to replicate.
2019-08-27 08:59:09,866 [main] INFO  hdfs.DFSUtil (DFSUtil.java:httpServerTemplateForNNAndJN(1641)) - Starting Web-server for hddsDatanode at: http://0.0.0.0:0
2019-08-27 08:59:09,867 [main] INFO  server.AuthenticationFilter (AuthenticationFilter.java:constructSecretProvider(240)) - Unable to initialize FileSignerSecretProvider, falling back to use random secrets.
2019-08-27 08:59:09,868 [main] WARN  http.HttpRequestLog (HttpRequestLog.java:getRequestLog(97)) - Jetty request log can only be enabled using Log4j
2019-08-27 08:59:09,869 [main] INFO  http.HttpServer2 (HttpServer2.java:addGlobalFilter(975)) - Added global filter 'safety' (class=org.apache.hadoop.http.HttpServer2$QuotingInputFilter)
2019-08-27 08:59:09,869 [main] INFO  http.HttpServer2 (HttpServer2.java:addFilter(948)) - Added filter static_user_filter (class=org.apache.hadoop.http.lib.StaticUserWebFilter$StaticUserFilter) to context hddsDatanode
2019-08-27 08:59:09,869 [main] INFO  http.HttpServer2 (HttpServer2.java:addFilter(958)) - Added filter static_user_filter (class=org.apache.hadoop.http.lib.StaticUserWebFilter$StaticUserFilter) to context logs
2019-08-27 08:59:09,869 [main] INFO  http.HttpServer2 (HttpServer2.java:addFilter(958)) - Added filter static_user_filter (class=org.apache.hadoop.http.lib.StaticUserWebFilter$StaticUserFilter) to context static
2019-08-27 08:59:09,870 [main] INFO  http.HttpServer2 (HttpServer2.java:bindListener(1191)) - Jetty bound to port 39705
2019-08-27 08:59:09,870 [main] INFO  server.Server (Server.java:doStart(351)) - jetty-9.3.24.v20180605, build timestamp: 2018-06-05T17:11:56Z, git hash: 84205aa28f11a4f31f2a3b86d1bba2cc8ab69827
2019-08-27 08:59:09,871 [main] INFO  handler.ContextHandler (ContextHandler.java:doStart(781)) - Started o.e.j.s.ServletContextHandler@49e69196{/logs,file:///workdir/hadoop-ozone/integration-test/target/log,AVAILABLE}
2019-08-27 08:59:09,872 [main] INFO  handler.ContextHandler (ContextHandler.java:doStart(781)) - Started o.e.j.s.ServletContextHandler@68178281{/static,jar:file:/home/user/.m2/repository/org/apache/hadoop/hadoop-hdds-container-service/0.5.0-SNAPSHOT/hadoop-hdds-container-service-0.5.0-SNAPSHOT.jar!/webapps/static,AVAILABLE}
2019-08-27 08:59:09,897 [main] INFO  handler.ContextHandler (ContextHandler.java:doStart(781)) - Started o.e.j.w.WebAppContext@43b3d197{/,file:///tmp/jetty-0.0.0.0-39705-hddsDatanode-_-any-3198618619457514833.dir/webapp/,AVAILABLE}{/hddsDatanode}
2019-08-27 08:59:09,898 [main] INFO  server.AbstractConnector (AbstractConnector.java:doStart(278)) - Started ServerConnector@4edd8b5b{HTTP/1.1,[http/1.1]}{0.0.0.0:39705}
2019-08-27 08:59:09,900 [main] INFO  server.Server (Server.java:doStart(419)) - Started @240376ms
2019-08-27 08:59:09,901 [main] INFO  server.BaseHttpServer (BaseHttpServer.java:updateConnectorAddress(213)) - HTTP server of HDDSDATANODE is listening at http://0.0.0.0:39705
2019-08-27 08:59:09,998 | INFO  | ObjectStoreRestHttpServer | Listening HDDS REST traffic on /0.0.0.0:41678 |  
2019-08-27 08:59:09,998 [main] INFO  ozone.HddsDatanodeService (HddsDatanodeService.java:startPlugins(395)) - Started plug-in org.apache.hadoop.ozone.web.OzoneHddsDatanodeService@6b732d6
2019-08-27 08:59:09,999 [main] INFO  impl.MetricsSystemImpl (MetricsSystemImpl.java:init(158)) - HddsDatanode metrics system started (again)
2019-08-27 08:59:10,003 [org.apache.hadoop.util.JvmPauseMonitor$Monitor@286d855] INFO  util.JvmPauseMonitor (JvmPauseMonitor.java:run(188)) - Starting JVM pause monitor
2019-08-27 08:59:10,003 [main] INFO  ozone.HddsDatanodeService (HddsDatanodeService.java:start(184)) - HddsDatanodeService host:trunk-nightly-adhoc-20190827-ds46k-2366760622 ip:192.168.34.1
2019-08-27 08:59:10,004 [Datanode State Machine Thread - 0] INFO  datanode.InitDatanodeState (InitDatanodeState.java:persistContainerDatanodeDetails(140)) - DatanodeDetails is persisted to /workdir/hadoop-ozone/integration-test/target/test-dir/MiniOzoneClusterImpl-5fa0230b-2e3b-4574-a1d1-aab0eaf0b74a/datanode-7/meta/datanode.id
2019-08-27 08:59:10,016 [main] INFO  volume.HddsVolume (HddsVolume.java:<init>(176)) - Creating Volume: /workdir/hadoop-ozone/integration-test/target/test-dir/MiniOzoneClusterImpl-5fa0230b-2e3b-4574-a1d1-aab0eaf0b74a/datanode-8/data/containers/hdds of  storage type : DISK and capacity : 1482555576320
2019-08-27 08:59:10,016 [main] INFO  volume.VolumeSet (VolumeSet.java:initializeVolumeSet(170)) - Added Volume : /workdir/hadoop-ozone/integration-test/target/test-dir/MiniOzoneClusterImpl-5fa0230b-2e3b-4574-a1d1-aab0eaf0b74a/datanode-8/data/containers/hdds to VolumeSet
2019-08-27 08:59:10,016 [main] INFO  volume.ThrottledAsyncChecker (ThrottledAsyncChecker.java:schedule(140)) - Scheduling a check for org.apache.hadoop.ozone.container.common.volume.HddsVolume@4df4f611
2019-08-27 08:59:10,017 [main] INFO  volume.HddsVolumeChecker (HddsVolumeChecker.java:checkAllVolumes(203)) - Scheduled health check for volume org.apache.hadoop.ozone.container.common.volume.HddsVolume@4df4f611
2019-08-27 08:59:10,028 [main] INFO  impl.RaftServerProxy (ConfUtils.java:logGet(43)) - raft.rpc.type = GRPC (default)
2019-08-27 08:59:10,030 [main] INFO  grpc.GrpcFactory (GrpcFactory.java:checkPooledByteBufAllocatorUseCacheForAllThreads(45)) - PERFORMANCE WARNING: useCacheForAllThreads is true that may cause Netty to create a lot garbage objects and, as a result, trigger GC.
	It is recommended to disable useCacheForAllThreads by setting -Dorg.apache.ratis.thirdparty.io.netty.allocator.useCacheForAllThreads=false in command line.
2019-08-27 08:59:10,030 [main] INFO  grpc.GrpcConfigKeys$Server (ConfUtils.java:logGet(43)) - raft.grpc.server.port = 0 (default)
2019-08-27 08:59:10,030 [main] INFO  server.GrpcService (ConfUtils.java:logGet(43)) - raft.grpc.message.size.max = 33570816 (custom)
2019-08-27 08:59:10,030 [main] INFO  server.RaftServerConfigKeys (ConfUtils.java:logGet(43)) - raft.server.log.appender.buffer.byte-limit = 33554432 (custom)
2019-08-27 08:59:10,030 [main] INFO  server.GrpcService (ConfUtils.java:logGet(43)) - raft.grpc.flow.control.window = 1MB (=1048576) (default)
2019-08-27 08:59:10,031 [main] INFO  server.RaftServerConfigKeys (ConfUtils.java:logGet(43)) - raft.server.rpc.request.timeout = 3000ms (default)
2019-08-27 08:59:10,031 [main] INFO  server.RaftServerConfigKeys (ConfUtils.java:logGet(43)) - raft.server.storage.dir = [/workdir/hadoop-ozone/integration-test/target/test-dir/MiniOzoneClusterImpl-5fa0230b-2e3b-4574-a1d1-aab0eaf0b74a/datanode-8/data/ratis] (custom)
2019-08-27 08:59:10,031 [main] INFO  replication.SimpleContainerDownloader (SimpleContainerDownloader.java:<init>(72)) - Starting container downloader service to copy containers to replicate.
2019-08-27 08:59:10,033 [main] INFO  hdfs.DFSUtil (DFSUtil.java:httpServerTemplateForNNAndJN(1641)) - Starting Web-server for hddsDatanode at: http://0.0.0.0:0
2019-08-27 08:59:10,034 [main] INFO  server.AuthenticationFilter (AuthenticationFilter.java:constructSecretProvider(240)) - Unable to initialize FileSignerSecretProvider, falling back to use random secrets.
2019-08-27 08:59:10,034 [main] WARN  http.HttpRequestLog (HttpRequestLog.java:getRequestLog(97)) - Jetty request log can only be enabled using Log4j
2019-08-27 08:59:10,035 [main] INFO  http.HttpServer2 (HttpServer2.java:addGlobalFilter(975)) - Added global filter 'safety' (class=org.apache.hadoop.http.HttpServer2$QuotingInputFilter)
2019-08-27 08:59:10,036 [main] INFO  http.HttpServer2 (HttpServer2.java:addFilter(948)) - Added filter static_user_filter (class=org.apache.hadoop.http.lib.StaticUserWebFilter$StaticUserFilter) to context hddsDatanode
2019-08-27 08:59:10,036 [main] INFO  http.HttpServer2 (HttpServer2.java:addFilter(958)) - Added filter static_user_filter (class=org.apache.hadoop.http.lib.StaticUserWebFilter$StaticUserFilter) to context logs
2019-08-27 08:59:10,036 [main] INFO  http.HttpServer2 (HttpServer2.java:addFilter(958)) - Added filter static_user_filter (class=org.apache.hadoop.http.lib.StaticUserWebFilter$StaticUserFilter) to context static
2019-08-27 08:59:10,036 [main] INFO  http.HttpServer2 (HttpServer2.java:bindListener(1191)) - Jetty bound to port 46664
2019-08-27 08:59:10,037 [main] INFO  server.Server (Server.java:doStart(351)) - jetty-9.3.24.v20180605, build timestamp: 2018-06-05T17:11:56Z, git hash: 84205aa28f11a4f31f2a3b86d1bba2cc8ab69827
2019-08-27 08:59:10,038 [main] INFO  handler.ContextHandler (ContextHandler.java:doStart(781)) - Started o.e.j.s.ServletContextHandler@7b78c40d{/logs,file:///workdir/hadoop-ozone/integration-test/target/log,AVAILABLE}
2019-08-27 08:59:10,038 [main] INFO  handler.ContextHandler (ContextHandler.java:doStart(781)) - Started o.e.j.s.ServletContextHandler@3564caf8{/static,jar:file:/home/user/.m2/repository/org/apache/hadoop/hadoop-hdds-container-service/0.5.0-SNAPSHOT/hadoop-hdds-container-service-0.5.0-SNAPSHOT.jar!/webapps/static,AVAILABLE}
2019-08-27 08:59:10,065 [main] INFO  handler.ContextHandler (ContextHandler.java:doStart(781)) - Started o.e.j.w.WebAppContext@83ec0b0{/,file:///tmp/jetty-0.0.0.0-46664-hddsDatanode-_-any-5477238199537350889.dir/webapp/,AVAILABLE}{/hddsDatanode}
2019-08-27 08:59:10,065 [main] INFO  server.AbstractConnector (AbstractConnector.java:doStart(278)) - Started ServerConnector@4ab4b4cd{HTTP/1.1,[http/1.1]}{0.0.0.0:46664}
2019-08-27 08:59:10,067 [main] INFO  server.Server (Server.java:doStart(419)) - Started @240543ms
2019-08-27 08:59:10,068 [main] INFO  server.BaseHttpServer (BaseHttpServer.java:updateConnectorAddress(213)) - HTTP server of HDDSDATANODE is listening at http://0.0.0.0:46664
2019-08-27 08:59:10,171 | INFO  | ObjectStoreRestHttpServer | Listening HDDS REST traffic on /0.0.0.0:42468 |  
2019-08-27 08:59:10,171 [main] INFO  ozone.HddsDatanodeService (HddsDatanodeService.java:startPlugins(395)) - Started plug-in org.apache.hadoop.ozone.web.OzoneHddsDatanodeService@339cedbb
2019-08-27 08:59:10,171 [main] INFO  impl.MetricsSystemImpl (MetricsSystemImpl.java:init(158)) - HddsDatanode metrics system started (again)
2019-08-27 08:59:10,176 [org.apache.hadoop.util.JvmPauseMonitor$Monitor@627cbb77] INFO  util.JvmPauseMonitor (JvmPauseMonitor.java:run(188)) - Starting JVM pause monitor
2019-08-27 08:59:10,176 [main] INFO  ozone.HddsDatanodeService (HddsDatanodeService.java:start(184)) - HddsDatanodeService host:trunk-nightly-adhoc-20190827-ds46k-2366760622 ip:192.168.34.1
2019-08-27 08:59:10,177 [Datanode State Machine Thread - 0] INFO  datanode.InitDatanodeState (InitDatanodeState.java:persistContainerDatanodeDetails(140)) - DatanodeDetails is persisted to /workdir/hadoop-ozone/integration-test/target/test-dir/MiniOzoneClusterImpl-5fa0230b-2e3b-4574-a1d1-aab0eaf0b74a/datanode-8/meta/datanode.id
2019-08-27 08:59:10,186 [main] INFO  volume.HddsVolume (HddsVolume.java:<init>(176)) - Creating Volume: /workdir/hadoop-ozone/integration-test/target/test-dir/MiniOzoneClusterImpl-5fa0230b-2e3b-4574-a1d1-aab0eaf0b74a/datanode-9/data/containers/hdds of  storage type : DISK and capacity : 1482555576320
2019-08-27 08:59:10,187 [main] INFO  volume.VolumeSet (VolumeSet.java:initializeVolumeSet(170)) - Added Volume : /workdir/hadoop-ozone/integration-test/target/test-dir/MiniOzoneClusterImpl-5fa0230b-2e3b-4574-a1d1-aab0eaf0b74a/datanode-9/data/containers/hdds to VolumeSet
2019-08-27 08:59:10,187 [main] INFO  volume.ThrottledAsyncChecker (ThrottledAsyncChecker.java:schedule(140)) - Scheduling a check for org.apache.hadoop.ozone.container.common.volume.HddsVolume@7ff89dc0
2019-08-27 08:59:10,187 [main] INFO  volume.HddsVolumeChecker (HddsVolumeChecker.java:checkAllVolumes(203)) - Scheduled health check for volume org.apache.hadoop.ozone.container.common.volume.HddsVolume@7ff89dc0
2019-08-27 08:59:10,200 [main] INFO  impl.RaftServerProxy (ConfUtils.java:logGet(43)) - raft.rpc.type = GRPC (default)
2019-08-27 08:59:10,200 [main] INFO  grpc.GrpcFactory (GrpcFactory.java:checkPooledByteBufAllocatorUseCacheForAllThreads(45)) - PERFORMANCE WARNING: useCacheForAllThreads is true that may cause Netty to create a lot garbage objects and, as a result, trigger GC.
	It is recommended to disable useCacheForAllThreads by setting -Dorg.apache.ratis.thirdparty.io.netty.allocator.useCacheForAllThreads=false in command line.
2019-08-27 08:59:10,200 [main] INFO  grpc.GrpcConfigKeys$Server (ConfUtils.java:logGet(43)) - raft.grpc.server.port = 0 (default)
2019-08-27 08:59:10,201 [main] INFO  server.GrpcService (ConfUtils.java:logGet(43)) - raft.grpc.message.size.max = 33570816 (custom)
2019-08-27 08:59:10,201 [main] INFO  server.RaftServerConfigKeys (ConfUtils.java:logGet(43)) - raft.server.log.appender.buffer.byte-limit = 33554432 (custom)
2019-08-27 08:59:10,201 [main] INFO  server.GrpcService (ConfUtils.java:logGet(43)) - raft.grpc.flow.control.window = 1MB (=1048576) (default)
2019-08-27 08:59:10,201 [main] INFO  server.RaftServerConfigKeys (ConfUtils.java:logGet(43)) - raft.server.rpc.request.timeout = 3000ms (default)
2019-08-27 08:59:10,202 [main] INFO  server.RaftServerConfigKeys (ConfUtils.java:logGet(43)) - raft.server.storage.dir = [/workdir/hadoop-ozone/integration-test/target/test-dir/MiniOzoneClusterImpl-5fa0230b-2e3b-4574-a1d1-aab0eaf0b74a/datanode-9/data/ratis] (custom)
2019-08-27 08:59:10,203 [main] INFO  replication.SimpleContainerDownloader (SimpleContainerDownloader.java:<init>(72)) - Starting container downloader service to copy containers to replicate.
2019-08-27 08:59:10,204 [main] INFO  hdfs.DFSUtil (DFSUtil.java:httpServerTemplateForNNAndJN(1641)) - Starting Web-server for hddsDatanode at: http://0.0.0.0:0
2019-08-27 08:59:10,205 [main] INFO  server.AuthenticationFilter (AuthenticationFilter.java:constructSecretProvider(240)) - Unable to initialize FileSignerSecretProvider, falling back to use random secrets.
2019-08-27 08:59:10,206 [main] WARN  http.HttpRequestLog (HttpRequestLog.java:getRequestLog(97)) - Jetty request log can only be enabled using Log4j
2019-08-27 08:59:10,208 [main] INFO  http.HttpServer2 (HttpServer2.java:addGlobalFilter(975)) - Added global filter 'safety' (class=org.apache.hadoop.http.HttpServer2$QuotingInputFilter)
2019-08-27 08:59:10,208 [main] INFO  http.HttpServer2 (HttpServer2.java:addFilter(948)) - Added filter static_user_filter (class=org.apache.hadoop.http.lib.StaticUserWebFilter$StaticUserFilter) to context hddsDatanode
2019-08-27 08:59:10,208 [main] INFO  http.HttpServer2 (HttpServer2.java:addFilter(958)) - Added filter static_user_filter (class=org.apache.hadoop.http.lib.StaticUserWebFilter$StaticUserFilter) to context logs
2019-08-27 08:59:10,209 [main] INFO  http.HttpServer2 (HttpServer2.java:addFilter(958)) - Added filter static_user_filter (class=org.apache.hadoop.http.lib.StaticUserWebFilter$StaticUserFilter) to context static
2019-08-27 08:59:10,209 [main] INFO  http.HttpServer2 (HttpServer2.java:bindListener(1191)) - Jetty bound to port 42317
2019-08-27 08:59:10,209 [main] INFO  server.Server (Server.java:doStart(351)) - jetty-9.3.24.v20180605, build timestamp: 2018-06-05T17:11:56Z, git hash: 84205aa28f11a4f31f2a3b86d1bba2cc8ab69827
2019-08-27 08:59:10,211 [main] INFO  handler.ContextHandler (ContextHandler.java:doStart(781)) - Started o.e.j.s.ServletContextHandler@6074f8f9{/logs,file:///workdir/hadoop-ozone/integration-test/target/log,AVAILABLE}
2019-08-27 08:59:10,212 [main] INFO  handler.ContextHandler (ContextHandler.java:doStart(781)) - Started o.e.j.s.ServletContextHandler@81da6a3{/static,jar:file:/home/user/.m2/repository/org/apache/hadoop/hadoop-hdds-container-service/0.5.0-SNAPSHOT/hadoop-hdds-container-service-0.5.0-SNAPSHOT.jar!/webapps/static,AVAILABLE}
2019-08-27 08:59:10,239 [main] INFO  handler.ContextHandler (ContextHandler.java:doStart(781)) - Started o.e.j.w.WebAppContext@5e05874c{/,file:///tmp/jetty-0.0.0.0-42317-hddsDatanode-_-any-4557100445104598592.dir/webapp/,AVAILABLE}{/hddsDatanode}
2019-08-27 08:59:10,239 [main] INFO  server.AbstractConnector (AbstractConnector.java:doStart(278)) - Started ServerConnector@5dca1c50{HTTP/1.1,[http/1.1]}{0.0.0.0:42317}
2019-08-27 08:59:10,241 [main] INFO  server.Server (Server.java:doStart(419)) - Started @240717ms
2019-08-27 08:59:10,242 [main] INFO  server.BaseHttpServer (BaseHttpServer.java:updateConnectorAddress(213)) - HTTP server of HDDSDATANODE is listening at http://0.0.0.0:42317
2019-08-27 08:59:10,345 | INFO  | ObjectStoreRestHttpServer | Listening HDDS REST traffic on /0.0.0.0:42050 |  
2019-08-27 08:59:10,345 [main] INFO  ozone.HddsDatanodeService (HddsDatanodeService.java:startPlugins(395)) - Started plug-in org.apache.hadoop.ozone.web.OzoneHddsDatanodeService@2ace94ff
2019-08-27 08:59:10,345 [main] INFO  ozone.MiniOzoneClusterImpl (MiniOzoneClusterImpl.java:lambda$waitForClusterToBeReady$0(142)) - Waiting for cluster to be ready. Got 0 of 10 DN Heartbeats.
2019-08-27 08:59:10,347 [org.apache.hadoop.util.JvmPauseMonitor$Monitor@2c2cec03] INFO  util.JvmPauseMonitor (JvmPauseMonitor.java:run(188)) - Starting JVM pause monitor
2019-08-27 08:59:10,348 [Datanode State Machine Thread - 0] INFO  datanode.InitDatanodeState (InitDatanodeState.java:persistContainerDatanodeDetails(140)) - DatanodeDetails is persisted to /workdir/hadoop-ozone/integration-test/target/test-dir/MiniOzoneClusterImpl-5fa0230b-2e3b-4574-a1d1-aab0eaf0b74a/datanode-9/meta/datanode.id
2019-08-27 08:59:10,631 | INFO  | SCMAudit | user=jenkins1000 | ip=192.168.34.1 | op=GET_VERSION null | ret=SUCCESS |  
2019-08-27 08:59:10,890 | INFO  | SCMAudit | user=jenkins1000 | ip=192.168.34.1 | op=GET_VERSION null | ret=SUCCESS |  
2019-08-27 08:59:11,100 | INFO  | SCMAudit | user=jenkins1000 | ip=192.168.34.1 | op=GET_VERSION null | ret=SUCCESS |  
2019-08-27 08:59:11,275 | INFO  | SCMAudit | user=jenkins1000 | ip=192.168.34.1 | op=GET_VERSION null | ret=SUCCESS |  
2019-08-27 08:59:11,346 [main] INFO  ozone.MiniOzoneClusterImpl (MiniOzoneClusterImpl.java:lambda$waitForClusterToBeReady$0(142)) - Waiting for cluster to be ready. Got 0 of 10 DN Heartbeats.
2019-08-27 08:59:11,448 | INFO  | SCMAudit | user=jenkins1000 | ip=192.168.34.1 | op=GET_VERSION null | ret=SUCCESS |  
2019-08-27 08:59:11,650 | INFO  | SCMAudit | user=jenkins1000 | ip=192.168.34.1 | op=GET_VERSION null | ret=SUCCESS |  
2019-08-27 08:59:11,839 | INFO  | SCMAudit | user=jenkins1000 | ip=192.168.34.1 | op=GET_VERSION null | ret=SUCCESS |  
2019-08-27 08:59:12,004 | INFO  | SCMAudit | user=jenkins1000 | ip=192.168.34.1 | op=GET_VERSION null | ret=SUCCESS |  
2019-08-27 08:59:12,176 | INFO  | SCMAudit | user=jenkins1000 | ip=192.168.34.1 | op=GET_VERSION null | ret=SUCCESS |  
2019-08-27 08:59:12,346 [main] INFO  ozone.MiniOzoneClusterImpl (MiniOzoneClusterImpl.java:lambda$waitForClusterToBeReady$0(142)) - Waiting for cluster to be ready. Got 0 of 10 DN Heartbeats.
2019-08-27 08:59:12,347 | INFO  | SCMAudit | user=jenkins1000 | ip=192.168.34.1 | op=GET_VERSION null | ret=SUCCESS |  
2019-08-27 08:59:13,090 [Datanode State Machine Thread - 0] INFO  ozoneimpl.OzoneContainer (OzoneContainer.java:start(186)) - Attempting to start container services.
2019-08-27 08:59:13,090 [Datanode State Machine Thread - 0] INFO  ozoneimpl.OzoneContainer (OzoneContainer.java:startContainerScrub(160)) - Background container scrubber has been disabled by hdds.containerscrub.enabled
2019-08-27 08:59:13,090 [Datanode State Machine Thread - 0] INFO  ratis.XceiverServerRatis (XceiverServerRatis.java:start(404)) - Starting XceiverServerRatis 83ad8e3f-e813-4fa1-9b9c-8cd3f6d9b12a at port 0
2019-08-27 08:59:13,090 [Datanode State Machine Thread - 0] INFO  ozoneimpl.OzoneContainer (OzoneContainer.java:start(186)) - Attempting to start container services.
2019-08-27 08:59:13,090 [Datanode State Machine Thread - 0] INFO  ozoneimpl.OzoneContainer (OzoneContainer.java:start(186)) - Attempting to start container services.
2019-08-27 08:59:13,091 [Datanode State Machine Thread - 0] INFO  ozoneimpl.OzoneContainer (OzoneContainer.java:startContainerScrub(160)) - Background container scrubber has been disabled by hdds.containerscrub.enabled
2019-08-27 08:59:13,091 [Datanode State Machine Thread - 0] INFO  ozoneimpl.OzoneContainer (OzoneContainer.java:start(186)) - Attempting to start container services.
2019-08-27 08:59:13,090 [Datanode State Machine Thread - 0] INFO  ozoneimpl.OzoneContainer (OzoneContainer.java:start(186)) - Attempting to start container services.
2019-08-27 08:59:13,090 [Datanode State Machine Thread - 0] INFO  ozoneimpl.OzoneContainer (OzoneContainer.java:start(186)) - Attempting to start container services.
2019-08-27 08:59:13,091 [Datanode State Machine Thread - 0] INFO  ozoneimpl.OzoneContainer (OzoneContainer.java:startContainerScrub(160)) - Background container scrubber has been disabled by hdds.containerscrub.enabled
2019-08-27 08:59:13,090 [Datanode State Machine Thread - 0] INFO  ozoneimpl.OzoneContainer (OzoneContainer.java:start(186)) - Attempting to start container services.
2019-08-27 08:59:13,090 [Datanode State Machine Thread - 0] INFO  ozoneimpl.OzoneContainer (OzoneContainer.java:start(186)) - Attempting to start container services.
2019-08-27 08:59:13,090 [Datanode State Machine Thread - 0] INFO  ozoneimpl.OzoneContainer (OzoneContainer.java:start(186)) - Attempting to start container services.
2019-08-27 08:59:13,092 [Datanode State Machine Thread - 0] INFO  ozoneimpl.OzoneContainer (OzoneContainer.java:startContainerScrub(160)) - Background container scrubber has been disabled by hdds.containerscrub.enabled
2019-08-27 08:59:13,091 [Datanode State Machine Thread - 0] INFO  ozoneimpl.OzoneContainer (OzoneContainer.java:startContainerScrub(160)) - Background container scrubber has been disabled by hdds.containerscrub.enabled
2019-08-27 08:59:13,091 [Datanode State Machine Thread - 0] INFO  ratis.XceiverServerRatis (XceiverServerRatis.java:start(404)) - Starting XceiverServerRatis 82911ef2-faee-43a5-9a1d-aeefe797784b at port 0
2019-08-27 08:59:13,091 [Datanode State Machine Thread - 0] INFO  ozoneimpl.OzoneContainer (OzoneContainer.java:startContainerScrub(160)) - Background container scrubber has been disabled by hdds.containerscrub.enabled
2019-08-27 08:59:13,091 [Datanode State Machine Thread - 0] INFO  ozoneimpl.OzoneContainer (OzoneContainer.java:startContainerScrub(160)) - Background container scrubber has been disabled by hdds.containerscrub.enabled
2019-08-27 08:59:13,091 [Datanode State Machine Thread - 0] INFO  ozoneimpl.OzoneContainer (OzoneContainer.java:startContainerScrub(160)) - Background container scrubber has been disabled by hdds.containerscrub.enabled
2019-08-27 08:59:13,091 [Datanode State Machine Thread - 0] INFO  ratis.XceiverServerRatis (XceiverServerRatis.java:start(404)) - Starting XceiverServerRatis bc465b15-8d97-4b40-b19d-df54ad9f54a7 at port 0
2019-08-27 08:59:13,092 [Datanode State Machine Thread - 0] INFO  ratis.XceiverServerRatis (XceiverServerRatis.java:start(404)) - Starting XceiverServerRatis 521aeba6-88aa-48b7-8766-3f4d75ba2df1 at port 0
2019-08-27 08:59:13,092 [Datanode State Machine Thread - 0] INFO  ratis.XceiverServerRatis (XceiverServerRatis.java:start(404)) - Starting XceiverServerRatis 99a28adf-5289-4cdd-a512-dfcc6dd17230 at port 0
2019-08-27 08:59:13,092 [Datanode State Machine Thread - 0] INFO  ratis.XceiverServerRatis (XceiverServerRatis.java:start(404)) - Starting XceiverServerRatis 85153711-0b9c-43d4-b6cb-489303a056f8 at port 0
2019-08-27 08:59:13,092 [Datanode State Machine Thread - 0] INFO  ratis.XceiverServerRatis (XceiverServerRatis.java:start(404)) - Starting XceiverServerRatis c23e5a6c-3b1c-4356-87ef-9558e93e4bf7 at port 0
2019-08-27 08:59:13,092 [Datanode State Machine Thread - 0] INFO  ratis.XceiverServerRatis (XceiverServerRatis.java:start(404)) - Starting XceiverServerRatis a728ac9e-8b42-42b3-9e87-ec98a1f6c46a at port 0
2019-08-27 08:59:13,092 [Datanode State Machine Thread - 0] INFO  ozoneimpl.OzoneContainer (OzoneContainer.java:startContainerScrub(160)) - Background container scrubber has been disabled by hdds.containerscrub.enabled
2019-08-27 08:59:13,093 [Datanode State Machine Thread - 0] INFO  ozoneimpl.OzoneContainer (OzoneContainer.java:start(186)) - Attempting to start container services.
2019-08-27 08:59:13,093 [Datanode State Machine Thread - 0] INFO  ratis.XceiverServerRatis (XceiverServerRatis.java:start(404)) - Starting XceiverServerRatis e2fc1c3c-e5fc-4e6c-82aa-5ea8b9bf1eb5 at port 0
2019-08-27 08:59:13,094 [Datanode State Machine Thread - 0] INFO  ozoneimpl.OzoneContainer (OzoneContainer.java:startContainerScrub(160)) - Background container scrubber has been disabled by hdds.containerscrub.enabled
2019-08-27 08:59:13,094 [Datanode State Machine Thread - 0] INFO  ratis.XceiverServerRatis (XceiverServerRatis.java:start(404)) - Starting XceiverServerRatis 4418b26a-a5e5-4792-b343-154b02de43dd at port 0
2019-08-27 08:59:13,125 [Datanode State Machine Thread - 0] INFO  impl.RaftServerProxy (RaftServerProxy.java:lambda$start$3(299)) - 83ad8e3f-e813-4fa1-9b9c-8cd3f6d9b12a: start RPC server
2019-08-27 08:59:13,128 [Datanode State Machine Thread - 0] INFO  server.GrpcService (GrpcService.java:startImpl(149)) - 83ad8e3f-e813-4fa1-9b9c-8cd3f6d9b12a: GrpcService started, listening on 0.0.0.0/0.0.0.0:44924
2019-08-27 08:59:13,128 [Datanode State Machine Thread - 0] INFO  ratis.XceiverServerRatis (XceiverServerRatis.java:start(414)) - XceiverServerRatis 83ad8e3f-e813-4fa1-9b9c-8cd3f6d9b12a is started using port 44924
2019-08-27 08:59:13,132 [Datanode State Machine Thread - 0] INFO  server.XceiverServerGrpc (XceiverServerGrpc.java:start(161)) - XceiverServerGrpc 83ad8e3f-e813-4fa1-9b9c-8cd3f6d9b12a is started using port 33303
2019-08-27 08:59:13,138 [Datanode State Machine Thread - 0] INFO  impl.RaftServerProxy (RaftServerProxy.java:lambda$start$3(299)) - c23e5a6c-3b1c-4356-87ef-9558e93e4bf7: start RPC server
2019-08-27 08:59:13,141 [Datanode State Machine Thread - 0] INFO  server.GrpcService (GrpcService.java:startImpl(149)) - c23e5a6c-3b1c-4356-87ef-9558e93e4bf7: GrpcService started, listening on 0.0.0.0/0.0.0.0:35583
2019-08-27 08:59:13,142 [Datanode State Machine Thread - 0] INFO  ratis.XceiverServerRatis (XceiverServerRatis.java:start(414)) - XceiverServerRatis c23e5a6c-3b1c-4356-87ef-9558e93e4bf7 is started using port 35583
2019-08-27 08:59:13,144 [Datanode State Machine Thread - 0] INFO  server.XceiverServerGrpc (XceiverServerGrpc.java:start(161)) - XceiverServerGrpc c23e5a6c-3b1c-4356-87ef-9558e93e4bf7 is started using port 40529
2019-08-27 08:59:13,148 [Datanode State Machine Thread - 0] INFO  impl.RaftServerProxy (RaftServerProxy.java:lambda$start$3(299)) - e2fc1c3c-e5fc-4e6c-82aa-5ea8b9bf1eb5: start RPC server
2019-08-27 08:59:13,148 [Datanode State Machine Thread - 0] INFO  impl.RaftServerProxy (RaftServerProxy.java:lambda$start$3(299)) - 4418b26a-a5e5-4792-b343-154b02de43dd: start RPC server
2019-08-27 08:59:13,150 [Datanode State Machine Thread - 0] INFO  server.GrpcService (GrpcService.java:startImpl(149)) - 4418b26a-a5e5-4792-b343-154b02de43dd: GrpcService started, listening on 0.0.0.0/0.0.0.0:34061
2019-08-27 08:59:13,150 [Datanode State Machine Thread - 0] INFO  ratis.XceiverServerRatis (XceiverServerRatis.java:start(414)) - XceiverServerRatis 4418b26a-a5e5-4792-b343-154b02de43dd is started using port 34061
2019-08-27 08:59:13,150 [Datanode State Machine Thread - 0] INFO  impl.RaftServerProxy (RaftServerProxy.java:lambda$start$3(299)) - 99a28adf-5289-4cdd-a512-dfcc6dd17230: start RPC server
2019-08-27 08:59:13,150 [Datanode State Machine Thread - 0] INFO  server.XceiverServerGrpc (XceiverServerGrpc.java:start(161)) - XceiverServerGrpc 4418b26a-a5e5-4792-b343-154b02de43dd is started using port 35470
2019-08-27 08:59:13,150 [Datanode State Machine Thread - 0] INFO  impl.RaftServerProxy (RaftServerProxy.java:lambda$start$3(299)) - 82911ef2-faee-43a5-9a1d-aeefe797784b: start RPC server
2019-08-27 08:59:13,151 [Datanode State Machine Thread - 0] INFO  server.GrpcService (GrpcService.java:startImpl(149)) - e2fc1c3c-e5fc-4e6c-82aa-5ea8b9bf1eb5: GrpcService started, listening on 0.0.0.0/0.0.0.0:41426
2019-08-27 08:59:13,151 [Datanode State Machine Thread - 0] INFO  server.GrpcService (GrpcService.java:startImpl(149)) - 99a28adf-5289-4cdd-a512-dfcc6dd17230: GrpcService started, listening on 0.0.0.0/0.0.0.0:34359
2019-08-27 08:59:13,151 [Datanode State Machine Thread - 0] INFO  ratis.XceiverServerRatis (XceiverServerRatis.java:start(414)) - XceiverServerRatis e2fc1c3c-e5fc-4e6c-82aa-5ea8b9bf1eb5 is started using port 41426
2019-08-27 08:59:13,151 [Datanode State Machine Thread - 0] INFO  ratis.XceiverServerRatis (XceiverServerRatis.java:start(414)) - XceiverServerRatis 99a28adf-5289-4cdd-a512-dfcc6dd17230 is started using port 34359
2019-08-27 08:59:13,153 [Datanode State Machine Thread - 0] INFO  server.GrpcService (GrpcService.java:startImpl(149)) - 82911ef2-faee-43a5-9a1d-aeefe797784b: GrpcService started, listening on 0.0.0.0/0.0.0.0:33806
2019-08-27 08:59:13,153 [Datanode State Machine Thread - 0] INFO  ratis.XceiverServerRatis (XceiverServerRatis.java:start(414)) - XceiverServerRatis 82911ef2-faee-43a5-9a1d-aeefe797784b is started using port 33806
2019-08-27 08:59:13,154 [Datanode State Machine Thread - 0] INFO  impl.RaftServerProxy (RaftServerProxy.java:lambda$start$3(299)) - 85153711-0b9c-43d4-b6cb-489303a056f8: start RPC server
2019-08-27 08:59:13,154 [Datanode State Machine Thread - 0] INFO  impl.RaftServerProxy (RaftServerProxy.java:lambda$start$3(299)) - a728ac9e-8b42-42b3-9e87-ec98a1f6c46a: start RPC server
2019-08-27 08:59:13,156 [Datanode State Machine Thread - 0] INFO  server.XceiverServerGrpc (XceiverServerGrpc.java:start(161)) - XceiverServerGrpc e2fc1c3c-e5fc-4e6c-82aa-5ea8b9bf1eb5 is started using port 45218
2019-08-27 08:59:13,157 [Datanode State Machine Thread - 0] INFO  server.XceiverServerGrpc (XceiverServerGrpc.java:start(161)) - XceiverServerGrpc 82911ef2-faee-43a5-9a1d-aeefe797784b is started using port 37961
2019-08-27 08:59:13,157 [Datanode State Machine Thread - 0] INFO  impl.RaftServerProxy (RaftServerProxy.java:lambda$start$3(299)) - 521aeba6-88aa-48b7-8766-3f4d75ba2df1: start RPC server
2019-08-27 08:59:13,157 [Datanode State Machine Thread - 0] INFO  server.XceiverServerGrpc (XceiverServerGrpc.java:start(161)) - XceiverServerGrpc 99a28adf-5289-4cdd-a512-dfcc6dd17230 is started using port 34862
2019-08-27 08:59:13,157 [Datanode State Machine Thread - 0] INFO  server.GrpcService (GrpcService.java:startImpl(149)) - 85153711-0b9c-43d4-b6cb-489303a056f8: GrpcService started, listening on 0.0.0.0/0.0.0.0:33207
2019-08-27 08:59:13,157 [Datanode State Machine Thread - 0] INFO  server.GrpcService (GrpcService.java:startImpl(149)) - a728ac9e-8b42-42b3-9e87-ec98a1f6c46a: GrpcService started, listening on 0.0.0.0/0.0.0.0:36002
2019-08-27 08:59:13,157 [Datanode State Machine Thread - 0] INFO  impl.RaftServerProxy (RaftServerProxy.java:lambda$start$3(299)) - bc465b15-8d97-4b40-b19d-df54ad9f54a7: start RPC server
2019-08-27 08:59:13,157 [Datanode State Machine Thread - 0] INFO  ratis.XceiverServerRatis (XceiverServerRatis.java:start(414)) - XceiverServerRatis 85153711-0b9c-43d4-b6cb-489303a056f8 is started using port 33207
2019-08-27 08:59:13,169 [Datanode State Machine Thread - 0] INFO  server.GrpcService (GrpcService.java:startImpl(149)) - 521aeba6-88aa-48b7-8766-3f4d75ba2df1: GrpcService started, listening on 0.0.0.0/0.0.0.0:36388
2019-08-27 08:59:13,169 [Datanode State Machine Thread - 0] INFO  ratis.XceiverServerRatis (XceiverServerRatis.java:start(414)) - XceiverServerRatis 521aeba6-88aa-48b7-8766-3f4d75ba2df1 is started using port 36388
2019-08-27 08:59:13,169 [Datanode State Machine Thread - 0] INFO  ratis.XceiverServerRatis (XceiverServerRatis.java:start(414)) - XceiverServerRatis a728ac9e-8b42-42b3-9e87-ec98a1f6c46a is started using port 36002
2019-08-27 08:59:13,169 [Datanode State Machine Thread - 0] INFO  server.XceiverServerGrpc (XceiverServerGrpc.java:start(161)) - XceiverServerGrpc 85153711-0b9c-43d4-b6cb-489303a056f8 is started using port 39769
2019-08-27 08:59:13,171 [Datanode State Machine Thread - 0] INFO  server.XceiverServerGrpc (XceiverServerGrpc.java:start(161)) - XceiverServerGrpc 521aeba6-88aa-48b7-8766-3f4d75ba2df1 is started using port 35785
2019-08-27 08:59:13,171 [Datanode State Machine Thread - 0] INFO  server.GrpcService (GrpcService.java:startImpl(149)) - bc465b15-8d97-4b40-b19d-df54ad9f54a7: GrpcService started, listening on 0.0.0.0/0.0.0.0:41376
2019-08-27 08:59:13,173 [Datanode State Machine Thread - 0] INFO  server.XceiverServerGrpc (XceiverServerGrpc.java:start(161)) - XceiverServerGrpc a728ac9e-8b42-42b3-9e87-ec98a1f6c46a is started using port 43664
2019-08-27 08:59:13,173 [Datanode State Machine Thread - 0] INFO  ratis.XceiverServerRatis (XceiverServerRatis.java:start(414)) - XceiverServerRatis bc465b15-8d97-4b40-b19d-df54ad9f54a7 is started using port 41376
2019-08-27 08:59:13,181 [Datanode State Machine Thread - 0] INFO  server.XceiverServerGrpc (XceiverServerGrpc.java:start(161)) - XceiverServerGrpc bc465b15-8d97-4b40-b19d-df54ad9f54a7 is started using port 36371
2019-08-27 08:59:13,278 [IPC Server handler 1 on 38779] INFO  net.NetworkTopology (NetworkTopologyImpl.java:add(110)) - Added a new node: /rack1/bc465b15-8d97-4b40-b19d-df54ad9f54a7
2019-08-27 08:59:13,281 [IPC Server handler 1 on 38779] INFO  node.SCMNodeManager (SCMNodeManager.java:register(273)) - Registered Data node : bc465b15-8d97-4b40-b19d-df54ad9f54a7{ip: 192.168.34.1, host: trunk-nightly-adhoc-20190827-ds46k-2366760622, networkLocation: /rack1, certSerialId: null}
2019-08-27 08:59:13,281 [EventQueue-NodeRegistrationContainerReportForDataNodeSafeModeRule] INFO  safemode.SCMSafeModeManager (DataNodeSafeModeRule.java:process(71)) - SCM in safe mode. 1 DataNodes registered, 1 required.
2019-08-27 08:59:13,282 | INFO  | SCMAudit | user=jenkins1000 | ip=192.168.34.1 | op=REGISTER {datanodeDetails=bc465b15-8d97-4b40-b19d-df54ad9f54a7{ip: 192.168.34.1, host: trunk-nightly-adhoc-20190827-ds46k-2366760622, networkLocation: /default-rack, certSerialId: null}} | ret=SUCCESS |  
2019-08-27 08:59:13,283 [EventQueue-NodeRegistrationContainerReportForDataNodeSafeModeRule] INFO  safemode.SCMSafeModeManager (SCMSafeModeManager.java:validateSafeModeExitRules(177)) - ScmSafeModeManager, all rules are successfully validated
2019-08-27 08:59:13,283 [EventQueue-NodeRegistrationContainerReportForDataNodeSafeModeRule] INFO  safemode.SCMSafeModeManager (SCMSafeModeManager.java:exitSafeMode(193)) - SCM exiting safe mode.
2019-08-27 08:59:13,303 [grpc-default-executor-11] INFO  impl.RaftServerProxy (RaftServerProxy.java:addNew(89)) - bc465b15-8d97-4b40-b19d-df54ad9f54a7: addNew group-73997096345A:[bc465b15-8d97-4b40-b19d-df54ad9f54a7:192.168.34.1:41376] returns group-73997096345A:java.util.concurrent.CompletableFuture@22c157f9[Not completed]
2019-08-27 08:59:13,304 [pool-582-thread-1] INFO  impl.RaftServerImpl (RaftServerImpl.java:<init>(93)) - bc465b15-8d97-4b40-b19d-df54ad9f54a7: new RaftServerImpl for group-73997096345A:[bc465b15-8d97-4b40-b19d-df54ad9f54a7:192.168.34.1:41376] with ContainerStateMachine:uninitialized
2019-08-27 08:59:13,304 [pool-582-thread-1] INFO  server.RaftServerConfigKeys (ConfUtils.java:logGet(43)) - raft.server.rpc.timeout.min = 1s (custom)
2019-08-27 08:59:13,304 [pool-582-thread-1] INFO  server.RaftServerConfigKeys (ConfUtils.java:logGet(43)) - raft.server.rpc.timeout.max = 1200ms (custom)
2019-08-27 08:59:13,305 [pool-582-thread-1] INFO  server.RaftServerConfigKeys (ConfUtils.java:logGet(43)) - raft.server.rpcslowness.timeout = 120s (custom)
2019-08-27 08:59:13,305 [pool-582-thread-1] INFO  server.RaftServerConfigKeys (ConfUtils.java:logGet(43)) - raft.server.sleep.deviation.threshold = 300 (default)
2019-08-27 08:59:13,305 [pool-582-thread-1] INFO  server.RaftServerConfigKeys (ConfUtils.java:logGet(43)) - raft.server.log.appender.install.snapshot.enabled = false (custom)
2019-08-27 08:59:13,305 [pool-582-thread-1] INFO  impl.RaftServerImpl (ServerState.java:<init>(105)) - bc465b15-8d97-4b40-b19d-df54ad9f54a7:group-73997096345A ConfigurationManager, init=-1: [bc465b15-8d97-4b40-b19d-df54ad9f54a7:192.168.34.1:41376], old=null, confs=<EMPTY_MAP>
2019-08-27 08:59:13,305 [pool-582-thread-1] INFO  server.RaftServerConfigKeys (ConfUtils.java:logGet(43)) - raft.server.storage.dir = [/workdir/hadoop-ozone/integration-test/target/test-dir/MiniOzoneClusterImpl-5fa0230b-2e3b-4574-a1d1-aab0eaf0b74a/datanode-3/data/ratis] (custom)
2019-08-27 08:59:13,306 [pool-582-thread-1] INFO  storage.RaftStorageDirectory (RaftStorageDirectory.java:analyzeStorage(246)) - The storage directory /workdir/hadoop-ozone/integration-test/target/test-dir/MiniOzoneClusterImpl-5fa0230b-2e3b-4574-a1d1-aab0eaf0b74a/datanode-3/data/ratis/cdb43c87-8909-4a2e-87da-73997096345a does not exist. Creating ...
2019-08-27 08:59:13,316 [pool-582-thread-1] INFO  storage.RaftStorageDirectory (RaftStorageDirectory.java:tryLock(328)) - Lock on /workdir/hadoop-ozone/integration-test/target/test-dir/MiniOzoneClusterImpl-5fa0230b-2e3b-4574-a1d1-aab0eaf0b74a/datanode-3/data/ratis/cdb43c87-8909-4a2e-87da-73997096345a/in_use.lock acquired by nodename 17688@trunk-nightly-adhoc-20190827-ds46k-2366760622
2019-08-27 08:59:13,333 [pool-582-thread-1] INFO  storage.RaftStorage (RaftStorage.java:format(72)) - Storage directory /workdir/hadoop-ozone/integration-test/target/test-dir/MiniOzoneClusterImpl-5fa0230b-2e3b-4574-a1d1-aab0eaf0b74a/datanode-3/data/ratis/cdb43c87-8909-4a2e-87da-73997096345a has been successfully formatted.
2019-08-27 08:59:13,334 [pool-582-thread-1] INFO  ratis.ContainerStateMachine (ContainerStateMachine.java:loadSnapshot(226)) - group-73997096345A: The snapshot info is null. Setting the last applied indexto:(t:0, i:~)
2019-08-27 08:59:13,334 [pool-582-thread-1] INFO  server.RaftServerConfigKeys (ConfUtils.java:logGet(43)) - raft.server.leader.election.timeout = 120s (custom)
2019-08-27 08:59:13,334 [pool-582-thread-1] INFO  server.RaftServerConfigKeys (ConfUtils.java:logGet(43)) - raft.server.log.use.memory = false (default)
2019-08-27 08:59:13,334 [pool-582-thread-1] INFO  server.RaftServerConfigKeys (ConfUtils.java:logGet(43)) - raft.server.log.purge.gap = 1000000 (custom)
2019-08-27 08:59:13,334 [pool-582-thread-1] INFO  server.RaftServerConfigKeys (ConfUtils.java:logGet(43)) - raft.server.log.appender.buffer.byte-limit = 33554432 (custom)
2019-08-27 08:59:13,334 [pool-582-thread-1] INFO  server.RaftServerConfigKeys (ConfUtils.java:logGet(43)) - raft.server.log.segment.size.max = 1048576 (custom)
2019-08-27 08:59:13,334 [pool-582-thread-1] INFO  server.RaftServerConfigKeys (ConfUtils.java:logGet(43)) - raft.server.log.segment.cache.num.max = 2 (custom)
2019-08-27 08:59:13,335 [pool-582-thread-1] INFO  segmented.SegmentedRaftLogWorker (SegmentedRaftLogWorker.java:<init>(172)) - new bc465b15-8d97-4b40-b19d-df54ad9f54a7-SegmentedRaftLogWorker:Storage Directory /workdir/hadoop-ozone/integration-test/target/test-dir/MiniOzoneClusterImpl-5fa0230b-2e3b-4574-a1d1-aab0eaf0b74a/datanode-3/data/ratis/cdb43c87-8909-4a2e-87da-73997096345a for RaftStorage:Storage Directory /workdir/hadoop-ozone/integration-test/target/test-dir/MiniOzoneClusterImpl-5fa0230b-2e3b-4574-a1d1-aab0eaf0b74a/datanode-3/data/ratis/cdb43c87-8909-4a2e-87da-73997096345a
2019-08-27 08:59:13,335 [pool-582-thread-1] INFO  server.RaftServerConfigKeys (ConfUtils.java:logGet(43)) - raft.server.log.queue.byte-limit = 2147483647 (custom)
2019-08-27 08:59:13,335 [pool-582-thread-1] INFO  server.RaftServerConfigKeys (ConfUtils.java:logGet(43)) - raft.server.log.queue.element-limit = 1024 (custom)
2019-08-27 08:59:13,335 [pool-582-thread-1] INFO  server.RaftServerConfigKeys (ConfUtils.java:logGet(43)) - raft.server.log.segment.size.max = 1048576 (custom)
2019-08-27 08:59:13,335 [pool-582-thread-1] INFO  server.RaftServerConfigKeys (ConfUtils.java:logGet(43)) - raft.server.log.preallocated.size = 16384 (custom)
2019-08-27 08:59:13,335 [pool-582-thread-1] INFO  server.RaftServerConfigKeys (ConfUtils.java:logGet(43)) - raft.server.log.write.buffer.size = 33554432 (custom)
2019-08-27 08:59:13,335 [pool-582-thread-1] INFO  server.RaftServerConfigKeys (ConfUtils.java:logGet(43)) - raft.server.log.force.sync.num = 128 (default)
2019-08-27 08:59:13,336 [pool-582-thread-1] INFO  server.RaftServerConfigKeys (ConfUtils.java:logGet(43)) - raft.server.log.statemachine.data.sync = true (default)
2019-08-27 08:59:13,336 [pool-582-thread-1] INFO  server.RaftServerConfigKeys (ConfUtils.java:logGet(43)) - raft.server.log.statemachine.data.sync.timeout = 10s (default)
2019-08-27 08:59:13,336 [pool-582-thread-1] INFO  server.RaftServerConfigKeys (ConfUtils.java:logGet(43)) - raft.server.log.statemachine.data.sync.timeout.retry = -1 (default)
2019-08-27 08:59:13,336 [pool-582-thread-1] INFO  server.RaftServerConfigKeys (ConfUtils.java:logGet(43)) - raft.server.log.statemachine.data.caching.enabled = true (custom)
2019-08-27 08:59:13,336 [pool-582-thread-1] INFO  segmented.SegmentedRaftLogWorker (SegmentedRaftLogWorker.java:lambda$new$0(132)) - bc465b15-8d97-4b40-b19d-df54ad9f54a7-SegmentedRaftLogWorker:Storage Directory /workdir/hadoop-ozone/integration-test/target/test-dir/MiniOzoneClusterImpl-5fa0230b-2e3b-4574-a1d1-aab0eaf0b74a/datanode-3/data/ratis/cdb43c87-8909-4a2e-87da-73997096345a: flushIndex: setUnconditionally 0 -> -1
2019-08-27 08:59:13,337 [pool-582-thread-1] INFO  server.RaftServerConfigKeys (ConfUtils.java:logGet(43)) - raft.server.snapshot.auto.trigger.enabled = true (custom)
2019-08-27 08:59:13,337 [pool-582-thread-1] INFO  server.RaftServerConfigKeys (ConfUtils.java:logGet(43)) - raft.server.snapshot.auto.trigger.threshold = 10000 (custom)
2019-08-27 08:59:13,337 [pool-582-thread-1] INFO  server.RaftServerConfigKeys (ConfUtils.java:logGet(43)) - raft.server.retrycache.expirytime = 600000ms (custom)
2019-08-27 08:59:13,337 [pool-582-thread-1] INFO  impl.RaftServerImpl (RaftServerImpl.java:start(180)) - bc465b15-8d97-4b40-b19d-df54ad9f54a7: start group-73997096345A
2019-08-27 08:59:13,337 [pool-582-thread-1] INFO  impl.RaftServerImpl (RaftServerImpl.java:setRole(171)) - bc465b15-8d97-4b40-b19d-df54ad9f54a7:group-73997096345A changes role from null to FOLLOWER at term 0 for startAsFollower
2019-08-27 08:59:13,337 [pool-582-thread-1] INFO  impl.RoleInfo (RoleInfo.java:updateAndGet(143)) - bc465b15-8d97-4b40-b19d-df54ad9f54a7: start FollowerState
2019-08-27 08:59:13,338 [pool-582-thread-1] INFO  util.JmxRegister (JmxRegister.java:tryRegister(44)) - Successfully registered JMX Bean with object name Ratis:service=RaftServer,group=group-73997096345A,id=bc465b15-8d97-4b40-b19d-df54ad9f54a7
2019-08-27 08:59:13,340 [RatisPipelineUtilsThread] INFO  pipeline.PipelineStateManager (PipelineStateManager.java:addPipeline(56)) - Created pipeline Pipeline[ Id: cdb43c87-8909-4a2e-87da-73997096345a, Nodes: bc465b15-8d97-4b40-b19d-df54ad9f54a7{ip: 192.168.34.1, host: trunk-nightly-adhoc-20190827-ds46k-2366760622, networkLocation: /rack1, certSerialId: null}, Type:RATIS, Factor:ONE, State:OPEN]
2019-08-27 08:59:13,347 [main] INFO  ozone.MiniOzoneClusterImpl (MiniOzoneClusterImpl.java:lambda$waitForClusterToBeReady$0(142)) - Waiting for cluster to be ready. Got 1 of 10 DN Heartbeats.
2019-08-27 08:59:13,449 [IPC Server handler 3 on 38779] INFO  net.NetworkTopology (NetworkTopologyImpl.java:add(110)) - Added a new node: /rack1/c23e5a6c-3b1c-4356-87ef-9558e93e4bf7
2019-08-27 08:59:13,449 [IPC Server handler 3 on 38779] INFO  node.SCMNodeManager (SCMNodeManager.java:register(273)) - Registered Data node : c23e5a6c-3b1c-4356-87ef-9558e93e4bf7{ip: 192.168.34.1, host: trunk-nightly-adhoc-20190827-ds46k-2366760622, networkLocation: /rack1, certSerialId: null}
2019-08-27 08:59:13,449 | INFO  | SCMAudit | user=jenkins1000 | ip=192.168.34.1 | op=REGISTER {datanodeDetails=c23e5a6c-3b1c-4356-87ef-9558e93e4bf7{ip: 192.168.34.1, host: trunk-nightly-adhoc-20190827-ds46k-2366760622, networkLocation: /default-rack, certSerialId: null}} | ret=SUCCESS |  
2019-08-27 08:59:13,457 [grpc-default-executor-11] INFO  impl.RaftServerProxy (RaftServerProxy.java:addNew(89)) - c23e5a6c-3b1c-4356-87ef-9558e93e4bf7: addNew group-7E108266D69A:[c23e5a6c-3b1c-4356-87ef-9558e93e4bf7:192.168.34.1:35583] returns group-7E108266D69A:java.util.concurrent.CompletableFuture@6a4a7d12[Not completed]
2019-08-27 08:59:13,458 [pool-593-thread-1] INFO  impl.RaftServerImpl (RaftServerImpl.java:<init>(93)) - c23e5a6c-3b1c-4356-87ef-9558e93e4bf7: new RaftServerImpl for group-7E108266D69A:[c23e5a6c-3b1c-4356-87ef-9558e93e4bf7:192.168.34.1:35583] with ContainerStateMachine:uninitialized
2019-08-27 08:59:13,458 [pool-593-thread-1] INFO  server.RaftServerConfigKeys (ConfUtils.java:logGet(43)) - raft.server.rpc.timeout.min = 1s (custom)
2019-08-27 08:59:13,458 [pool-593-thread-1] INFO  server.RaftServerConfigKeys (ConfUtils.java:logGet(43)) - raft.server.rpc.timeout.max = 1200ms (custom)
2019-08-27 08:59:13,459 [pool-593-thread-1] INFO  server.RaftServerConfigKeys (ConfUtils.java:logGet(43)) - raft.server.rpcslowness.timeout = 120s (custom)
2019-08-27 08:59:13,459 [pool-593-thread-1] INFO  server.RaftServerConfigKeys (ConfUtils.java:logGet(43)) - raft.server.sleep.deviation.threshold = 300 (default)
2019-08-27 08:59:13,459 [pool-593-thread-1] INFO  server.RaftServerConfigKeys (ConfUtils.java:logGet(43)) - raft.server.log.appender.install.snapshot.enabled = false (custom)
2019-08-27 08:59:13,459 [pool-593-thread-1] INFO  impl.RaftServerImpl (ServerState.java:<init>(105)) - c23e5a6c-3b1c-4356-87ef-9558e93e4bf7:group-7E108266D69A ConfigurationManager, init=-1: [c23e5a6c-3b1c-4356-87ef-9558e93e4bf7:192.168.34.1:35583], old=null, confs=<EMPTY_MAP>
2019-08-27 08:59:13,459 [pool-593-thread-1] INFO  server.RaftServerConfigKeys (ConfUtils.java:logGet(43)) - raft.server.storage.dir = [/workdir/hadoop-ozone/integration-test/target/test-dir/MiniOzoneClusterImpl-5fa0230b-2e3b-4574-a1d1-aab0eaf0b74a/datanode-4/data/ratis] (custom)
2019-08-27 08:59:13,459 [pool-593-thread-1] INFO  storage.RaftStorageDirectory (RaftStorageDirectory.java:analyzeStorage(246)) - The storage directory /workdir/hadoop-ozone/integration-test/target/test-dir/MiniOzoneClusterImpl-5fa0230b-2e3b-4574-a1d1-aab0eaf0b74a/datanode-4/data/ratis/0cd387dd-0176-4ff3-9175-7e108266d69a does not exist. Creating ...
2019-08-27 08:59:13,500 [pool-593-thread-1] INFO  storage.RaftStorageDirectory (RaftStorageDirectory.java:tryLock(328)) - Lock on /workdir/hadoop-ozone/integration-test/target/test-dir/MiniOzoneClusterImpl-5fa0230b-2e3b-4574-a1d1-aab0eaf0b74a/datanode-4/data/ratis/0cd387dd-0176-4ff3-9175-7e108266d69a/in_use.lock acquired by nodename 17688@trunk-nightly-adhoc-20190827-ds46k-2366760622
2019-08-27 08:59:13,513 [pool-593-thread-1] INFO  storage.RaftStorage (RaftStorage.java:format(72)) - Storage directory /workdir/hadoop-ozone/integration-test/target/test-dir/MiniOzoneClusterImpl-5fa0230b-2e3b-4574-a1d1-aab0eaf0b74a/datanode-4/data/ratis/0cd387dd-0176-4ff3-9175-7e108266d69a has been successfully formatted.
2019-08-27 08:59:13,513 [pool-593-thread-1] INFO  ratis.ContainerStateMachine (ContainerStateMachine.java:loadSnapshot(226)) - group-7E108266D69A: The snapshot info is null. Setting the last applied indexto:(t:0, i:~)
2019-08-27 08:59:13,513 [pool-593-thread-1] INFO  server.RaftServerConfigKeys (ConfUtils.java:logGet(43)) - raft.server.leader.election.timeout = 120s (custom)
2019-08-27 08:59:13,514 [pool-593-thread-1] INFO  server.RaftServerConfigKeys (ConfUtils.java:logGet(43)) - raft.server.log.use.memory = false (default)
2019-08-27 08:59:13,514 [pool-593-thread-1] INFO  server.RaftServerConfigKeys (ConfUtils.java:logGet(43)) - raft.server.log.purge.gap = 1000000 (custom)
2019-08-27 08:59:13,514 [pool-593-thread-1] INFO  server.RaftServerConfigKeys (ConfUtils.java:logGet(43)) - raft.server.log.appender.buffer.byte-limit = 33554432 (custom)
2019-08-27 08:59:13,514 [pool-593-thread-1] INFO  server.RaftServerConfigKeys (ConfUtils.java:logGet(43)) - raft.server.log.segment.size.max = 1048576 (custom)
2019-08-27 08:59:13,514 [pool-593-thread-1] INFO  server.RaftServerConfigKeys (ConfUtils.java:logGet(43)) - raft.server.log.segment.cache.num.max = 2 (custom)
2019-08-27 08:59:13,514 [pool-593-thread-1] INFO  segmented.SegmentedRaftLogWorker (SegmentedRaftLogWorker.java:<init>(172)) - new c23e5a6c-3b1c-4356-87ef-9558e93e4bf7-SegmentedRaftLogWorker:Storage Directory /workdir/hadoop-ozone/integration-test/target/test-dir/MiniOzoneClusterImpl-5fa0230b-2e3b-4574-a1d1-aab0eaf0b74a/datanode-4/data/ratis/0cd387dd-0176-4ff3-9175-7e108266d69a for RaftStorage:Storage Directory /workdir/hadoop-ozone/integration-test/target/test-dir/MiniOzoneClusterImpl-5fa0230b-2e3b-4574-a1d1-aab0eaf0b74a/datanode-4/data/ratis/0cd387dd-0176-4ff3-9175-7e108266d69a
2019-08-27 08:59:13,514 [pool-593-thread-1] INFO  server.RaftServerConfigKeys (ConfUtils.java:logGet(43)) - raft.server.log.queue.byte-limit = 2147483647 (custom)
2019-08-27 08:59:13,514 [pool-593-thread-1] INFO  server.RaftServerConfigKeys (ConfUtils.java:logGet(43)) - raft.server.log.queue.element-limit = 1024 (custom)
2019-08-27 08:59:13,515 [pool-593-thread-1] INFO  server.RaftServerConfigKeys (ConfUtils.java:logGet(43)) - raft.server.log.segment.size.max = 1048576 (custom)
2019-08-27 08:59:13,515 [pool-593-thread-1] INFO  server.RaftServerConfigKeys (ConfUtils.java:logGet(43)) - raft.server.log.preallocated.size = 16384 (custom)
2019-08-27 08:59:13,515 [pool-593-thread-1] INFO  server.RaftServerConfigKeys (ConfUtils.java:logGet(43)) - raft.server.log.write.buffer.size = 33554432 (custom)
2019-08-27 08:59:13,515 [pool-593-thread-1] INFO  server.RaftServerConfigKeys (ConfUtils.java:logGet(43)) - raft.server.log.force.sync.num = 128 (default)
2019-08-27 08:59:13,515 [pool-593-thread-1] INFO  server.RaftServerConfigKeys (ConfUtils.java:logGet(43)) - raft.server.log.statemachine.data.sync = true (default)
2019-08-27 08:59:13,515 [pool-593-thread-1] INFO  server.RaftServerConfigKeys (ConfUtils.java:logGet(43)) - raft.server.log.statemachine.data.sync.timeout = 10s (default)
2019-08-27 08:59:13,515 [pool-593-thread-1] INFO  server.RaftServerConfigKeys (ConfUtils.java:logGet(43)) - raft.server.log.statemachine.data.sync.timeout.retry = -1 (default)
2019-08-27 08:59:13,515 [pool-593-thread-1] INFO  server.RaftServerConfigKeys (ConfUtils.java:logGet(43)) - raft.server.log.statemachine.data.caching.enabled = true (custom)
2019-08-27 08:59:13,516 [pool-593-thread-1] INFO  segmented.SegmentedRaftLogWorker (SegmentedRaftLogWorker.java:lambda$new$0(132)) - c23e5a6c-3b1c-4356-87ef-9558e93e4bf7-SegmentedRaftLogWorker:Storage Directory /workdir/hadoop-ozone/integration-test/target/test-dir/MiniOzoneClusterImpl-5fa0230b-2e3b-4574-a1d1-aab0eaf0b74a/datanode-4/data/ratis/0cd387dd-0176-4ff3-9175-7e108266d69a: flushIndex: setUnconditionally 0 -> -1
2019-08-27 08:59:13,516 [pool-593-thread-1] INFO  server.RaftServerConfigKeys (ConfUtils.java:logGet(43)) - raft.server.snapshot.auto.trigger.enabled = true (custom)
2019-08-27 08:59:13,516 [pool-593-thread-1] INFO  server.RaftServerConfigKeys (ConfUtils.java:logGet(43)) - raft.server.snapshot.auto.trigger.threshold = 10000 (custom)
2019-08-27 08:59:13,516 [pool-593-thread-1] INFO  server.RaftServerConfigKeys (ConfUtils.java:logGet(43)) - raft.server.retrycache.expirytime = 600000ms (custom)
2019-08-27 08:59:13,516 [pool-593-thread-1] INFO  impl.RaftServerImpl (RaftServerImpl.java:start(180)) - c23e5a6c-3b1c-4356-87ef-9558e93e4bf7: start group-7E108266D69A
2019-08-27 08:59:13,516 [pool-593-thread-1] INFO  impl.RaftServerImpl (RaftServerImpl.java:setRole(171)) - c23e5a6c-3b1c-4356-87ef-9558e93e4bf7:group-7E108266D69A changes role from null to FOLLOWER at term 0 for startAsFollower
2019-08-27 08:59:13,517 [pool-593-thread-1] INFO  impl.RoleInfo (RoleInfo.java:updateAndGet(143)) - c23e5a6c-3b1c-4356-87ef-9558e93e4bf7: start FollowerState
2019-08-27 08:59:13,517 [pool-593-thread-1] INFO  util.JmxRegister (JmxRegister.java:tryRegister(44)) - Successfully registered JMX Bean with object name Ratis:service=RaftServer,group=group-7E108266D69A,id=c23e5a6c-3b1c-4356-87ef-9558e93e4bf7
2019-08-27 08:59:13,519 [RatisPipelineUtilsThread] INFO  pipeline.PipelineStateManager (PipelineStateManager.java:addPipeline(56)) - Created pipeline Pipeline[ Id: 0cd387dd-0176-4ff3-9175-7e108266d69a, Nodes: c23e5a6c-3b1c-4356-87ef-9558e93e4bf7{ip: 192.168.34.1, host: trunk-nightly-adhoc-20190827-ds46k-2366760622, networkLocation: /rack1, certSerialId: null}, Type:RATIS, Factor:ONE, State:OPEN]
2019-08-27 08:59:13,649 [IPC Server handler 2 on 38779] INFO  net.NetworkTopology (NetworkTopologyImpl.java:add(110)) - Added a new node: /rack1/99a28adf-5289-4cdd-a512-dfcc6dd17230
2019-08-27 08:59:13,650 [IPC Server handler 2 on 38779] INFO  node.SCMNodeManager (SCMNodeManager.java:register(273)) - Registered Data node : 99a28adf-5289-4cdd-a512-dfcc6dd17230{ip: 192.168.34.1, host: trunk-nightly-adhoc-20190827-ds46k-2366760622, networkLocation: /rack1, certSerialId: null}
2019-08-27 08:59:13,650 | INFO  | SCMAudit | user=jenkins1000 | ip=192.168.34.1 | op=REGISTER {datanodeDetails=99a28adf-5289-4cdd-a512-dfcc6dd17230{ip: 192.168.34.1, host: trunk-nightly-adhoc-20190827-ds46k-2366760622, networkLocation: /default-rack, certSerialId: null}} | ret=SUCCESS |  
2019-08-27 08:59:13,658 [grpc-default-executor-11] INFO  impl.RaftServerProxy (RaftServerProxy.java:addNew(89)) - 99a28adf-5289-4cdd-a512-dfcc6dd17230: addNew group-D9B1591BD076:[99a28adf-5289-4cdd-a512-dfcc6dd17230:192.168.34.1:34359] returns group-D9B1591BD076:java.util.concurrent.CompletableFuture@25f06748[Not completed]
2019-08-27 08:59:13,659 [pool-604-thread-1] INFO  impl.RaftServerImpl (RaftServerImpl.java:<init>(93)) - 99a28adf-5289-4cdd-a512-dfcc6dd17230: new RaftServerImpl for group-D9B1591BD076:[99a28adf-5289-4cdd-a512-dfcc6dd17230:192.168.34.1:34359] with ContainerStateMachine:uninitialized
2019-08-27 08:59:13,659 [pool-604-thread-1] INFO  server.RaftServerConfigKeys (ConfUtils.java:logGet(43)) - raft.server.rpc.timeout.min = 1s (custom)
2019-08-27 08:59:13,659 [pool-604-thread-1] INFO  server.RaftServerConfigKeys (ConfUtils.java:logGet(43)) - raft.server.rpc.timeout.max = 1200ms (custom)
2019-08-27 08:59:13,659 [pool-604-thread-1] INFO  server.RaftServerConfigKeys (ConfUtils.java:logGet(43)) - raft.server.rpcslowness.timeout = 120s (custom)
2019-08-27 08:59:13,659 [pool-604-thread-1] INFO  server.RaftServerConfigKeys (ConfUtils.java:logGet(43)) - raft.server.sleep.deviation.threshold = 300 (default)
2019-08-27 08:59:13,659 [pool-604-thread-1] INFO  server.RaftServerConfigKeys (ConfUtils.java:logGet(43)) - raft.server.log.appender.install.snapshot.enabled = false (custom)
2019-08-27 08:59:13,660 [pool-604-thread-1] INFO  impl.RaftServerImpl (ServerState.java:<init>(105)) - 99a28adf-5289-4cdd-a512-dfcc6dd17230:group-D9B1591BD076 ConfigurationManager, init=-1: [99a28adf-5289-4cdd-a512-dfcc6dd17230:192.168.34.1:34359], old=null, confs=<EMPTY_MAP>
2019-08-27 08:59:13,660 [pool-604-thread-1] INFO  server.RaftServerConfigKeys (ConfUtils.java:logGet(43)) - raft.server.storage.dir = [/workdir/hadoop-ozone/integration-test/target/test-dir/MiniOzoneClusterImpl-5fa0230b-2e3b-4574-a1d1-aab0eaf0b74a/datanode-5/data/ratis] (custom)
2019-08-27 08:59:13,660 [pool-604-thread-1] INFO  storage.RaftStorageDirectory (RaftStorageDirectory.java:analyzeStorage(246)) - The storage directory /workdir/hadoop-ozone/integration-test/target/test-dir/MiniOzoneClusterImpl-5fa0230b-2e3b-4574-a1d1-aab0eaf0b74a/datanode-5/data/ratis/9dbaaf57-a3e1-4468-a62f-d9b1591bd076 does not exist. Creating ...
2019-08-27 08:59:13,666 [pool-604-thread-1] INFO  storage.RaftStorageDirectory (RaftStorageDirectory.java:tryLock(328)) - Lock on /workdir/hadoop-ozone/integration-test/target/test-dir/MiniOzoneClusterImpl-5fa0230b-2e3b-4574-a1d1-aab0eaf0b74a/datanode-5/data/ratis/9dbaaf57-a3e1-4468-a62f-d9b1591bd076/in_use.lock acquired by nodename 17688@trunk-nightly-adhoc-20190827-ds46k-2366760622
2019-08-27 08:59:13,674 [pool-604-thread-1] INFO  storage.RaftStorage (RaftStorage.java:format(72)) - Storage directory /workdir/hadoop-ozone/integration-test/target/test-dir/MiniOzoneClusterImpl-5fa0230b-2e3b-4574-a1d1-aab0eaf0b74a/datanode-5/data/ratis/9dbaaf57-a3e1-4468-a62f-d9b1591bd076 has been successfully formatted.
2019-08-27 08:59:13,674 [pool-604-thread-1] INFO  ratis.ContainerStateMachine (ContainerStateMachine.java:loadSnapshot(226)) - group-D9B1591BD076: The snapshot info is null. Setting the last applied indexto:(t:0, i:~)
2019-08-27 08:59:13,674 [pool-604-thread-1] INFO  server.RaftServerConfigKeys (ConfUtils.java:logGet(43)) - raft.server.leader.election.timeout = 120s (custom)
2019-08-27 08:59:13,674 [pool-604-thread-1] INFO  server.RaftServerConfigKeys (ConfUtils.java:logGet(43)) - raft.server.log.use.memory = false (default)
2019-08-27 08:59:13,675 [pool-604-thread-1] INFO  server.RaftServerConfigKeys (ConfUtils.java:logGet(43)) - raft.server.log.purge.gap = 1000000 (custom)
2019-08-27 08:59:13,675 [pool-604-thread-1] INFO  server.RaftServerConfigKeys (ConfUtils.java:logGet(43)) - raft.server.log.appender.buffer.byte-limit = 33554432 (custom)
2019-08-27 08:59:13,675 [pool-604-thread-1] INFO  server.RaftServerConfigKeys (ConfUtils.java:logGet(43)) - raft.server.log.segment.size.max = 1048576 (custom)
2019-08-27 08:59:13,675 [pool-604-thread-1] INFO  server.RaftServerConfigKeys (ConfUtils.java:logGet(43)) - raft.server.log.segment.cache.num.max = 2 (custom)
2019-08-27 08:59:13,675 [pool-604-thread-1] INFO  segmented.SegmentedRaftLogWorker (SegmentedRaftLogWorker.java:<init>(172)) - new 99a28adf-5289-4cdd-a512-dfcc6dd17230-SegmentedRaftLogWorker:Storage Directory /workdir/hadoop-ozone/integration-test/target/test-dir/MiniOzoneClusterImpl-5fa0230b-2e3b-4574-a1d1-aab0eaf0b74a/datanode-5/data/ratis/9dbaaf57-a3e1-4468-a62f-d9b1591bd076 for RaftStorage:Storage Directory /workdir/hadoop-ozone/integration-test/target/test-dir/MiniOzoneClusterImpl-5fa0230b-2e3b-4574-a1d1-aab0eaf0b74a/datanode-5/data/ratis/9dbaaf57-a3e1-4468-a62f-d9b1591bd076
2019-08-27 08:59:13,675 [pool-604-thread-1] INFO  server.RaftServerConfigKeys (ConfUtils.java:logGet(43)) - raft.server.log.queue.byte-limit = 2147483647 (custom)
2019-08-27 08:59:13,675 [pool-604-thread-1] INFO  server.RaftServerConfigKeys (ConfUtils.java:logGet(43)) - raft.server.log.queue.element-limit = 1024 (custom)
2019-08-27 08:59:13,676 [pool-604-thread-1] INFO  server.RaftServerConfigKeys (ConfUtils.java:logGet(43)) - raft.server.log.segment.size.max = 1048576 (custom)
2019-08-27 08:59:13,676 [pool-604-thread-1] INFO  server.RaftServerConfigKeys (ConfUtils.java:logGet(43)) - raft.server.log.preallocated.size = 16384 (custom)
2019-08-27 08:59:13,676 [pool-604-thread-1] INFO  server.RaftServerConfigKeys (ConfUtils.java:logGet(43)) - raft.server.log.write.buffer.size = 33554432 (custom)
2019-08-27 08:59:13,676 [pool-604-thread-1] INFO  server.RaftServerConfigKeys (ConfUtils.java:logGet(43)) - raft.server.log.force.sync.num = 128 (default)
2019-08-27 08:59:13,676 [pool-604-thread-1] INFO  server.RaftServerConfigKeys (ConfUtils.java:logGet(43)) - raft.server.log.statemachine.data.sync = true (default)
2019-08-27 08:59:13,677 [pool-604-thread-1] INFO  server.RaftServerConfigKeys (ConfUtils.java:logGet(43)) - raft.server.log.statemachine.data.sync.timeout = 10s (default)
2019-08-27 08:59:13,677 [pool-604-thread-1] INFO  server.RaftServerConfigKeys (ConfUtils.java:logGet(43)) - raft.server.log.statemachine.data.sync.timeout.retry = -1 (default)
2019-08-27 08:59:13,677 [pool-604-thread-1] INFO  server.RaftServerConfigKeys (ConfUtils.java:logGet(43)) - raft.server.log.statemachine.data.caching.enabled = true (custom)
2019-08-27 08:59:13,677 [pool-604-thread-1] INFO  segmented.SegmentedRaftLogWorker (SegmentedRaftLogWorker.java:lambda$new$0(132)) - 99a28adf-5289-4cdd-a512-dfcc6dd17230-SegmentedRaftLogWorker:Storage Directory /workdir/hadoop-ozone/integration-test/target/test-dir/MiniOzoneClusterImpl-5fa0230b-2e3b-4574-a1d1-aab0eaf0b74a/datanode-5/data/ratis/9dbaaf57-a3e1-4468-a62f-d9b1591bd076: flushIndex: setUnconditionally 0 -> -1
2019-08-27 08:59:13,678 [pool-604-thread-1] INFO  server.RaftServerConfigKeys (ConfUtils.java:logGet(43)) - raft.server.snapshot.auto.trigger.enabled = true (custom)
2019-08-27 08:59:13,678 [pool-604-thread-1] INFO  server.RaftServerConfigKeys (ConfUtils.java:logGet(43)) - raft.server.snapshot.auto.trigger.threshold = 10000 (custom)
2019-08-27 08:59:13,678 [pool-604-thread-1] INFO  server.RaftServerConfigKeys (ConfUtils.java:logGet(43)) - raft.server.retrycache.expirytime = 600000ms (custom)
2019-08-27 08:59:13,678 [pool-604-thread-1] INFO  impl.RaftServerImpl (RaftServerImpl.java:start(180)) - 99a28adf-5289-4cdd-a512-dfcc6dd17230: start group-D9B1591BD076
2019-08-27 08:59:13,678 [pool-604-thread-1] INFO  impl.RaftServerImpl (RaftServerImpl.java:setRole(171)) - 99a28adf-5289-4cdd-a512-dfcc6dd17230:group-D9B1591BD076 changes role from null to FOLLOWER at term 0 for startAsFollower
2019-08-27 08:59:13,678 [pool-604-thread-1] INFO  impl.RoleInfo (RoleInfo.java:updateAndGet(143)) - 99a28adf-5289-4cdd-a512-dfcc6dd17230: start FollowerState
2019-08-27 08:59:13,679 [pool-604-thread-1] INFO  util.JmxRegister (JmxRegister.java:tryRegister(44)) - Successfully registered JMX Bean with object name Ratis:service=RaftServer,group=group-D9B1591BD076,id=99a28adf-5289-4cdd-a512-dfcc6dd17230
2019-08-27 08:59:13,681 [RatisPipelineUtilsThread] INFO  pipeline.PipelineStateManager (PipelineStateManager.java:addPipeline(56)) - Created pipeline Pipeline[ Id: 9dbaaf57-a3e1-4468-a62f-d9b1591bd076, Nodes: 99a28adf-5289-4cdd-a512-dfcc6dd17230{ip: 192.168.34.1, host: trunk-nightly-adhoc-20190827-ds46k-2366760622, networkLocation: /rack1, certSerialId: null}, Type:RATIS, Factor:ONE, State:OPEN]
2019-08-27 08:59:13,696 [grpc-default-executor-7] INFO  impl.RaftServerProxy (RaftServerProxy.java:addNew(89)) - bc465b15-8d97-4b40-b19d-df54ad9f54a7: addNew group-7C7B7DF1FA2A:[99a28adf-5289-4cdd-a512-dfcc6dd17230:192.168.34.1:34359, bc465b15-8d97-4b40-b19d-df54ad9f54a7:192.168.34.1:41376, c23e5a6c-3b1c-4356-87ef-9558e93e4bf7:192.168.34.1:35583] returns group-7C7B7DF1FA2A:java.util.concurrent.CompletableFuture@140c4fb4[Not completed]
2019-08-27 08:59:13,696 [grpc-default-executor-11] INFO  impl.RaftServerProxy (RaftServerProxy.java:addNew(89)) - c23e5a6c-3b1c-4356-87ef-9558e93e4bf7: addNew group-7C7B7DF1FA2A:[99a28adf-5289-4cdd-a512-dfcc6dd17230:192.168.34.1:34359, bc465b15-8d97-4b40-b19d-df54ad9f54a7:192.168.34.1:41376, c23e5a6c-3b1c-4356-87ef-9558e93e4bf7:192.168.34.1:35583] returns group-7C7B7DF1FA2A:java.util.concurrent.CompletableFuture@3a58c3c0[Not completed]
2019-08-27 08:59:13,696 [grpc-default-executor-5] INFO  impl.RaftServerProxy (RaftServerProxy.java:addNew(89)) - 99a28adf-5289-4cdd-a512-dfcc6dd17230: addNew group-7C7B7DF1FA2A:[99a28adf-5289-4cdd-a512-dfcc6dd17230:192.168.34.1:34359, bc465b15-8d97-4b40-b19d-df54ad9f54a7:192.168.34.1:41376, c23e5a6c-3b1c-4356-87ef-9558e93e4bf7:192.168.34.1:35583] returns group-7C7B7DF1FA2A:java.util.concurrent.CompletableFuture@20bc8eea[Not completed]
2019-08-27 08:59:13,697 [pool-582-thread-1] INFO  impl.RaftServerImpl (RaftServerImpl.java:<init>(93)) - bc465b15-8d97-4b40-b19d-df54ad9f54a7: new RaftServerImpl for group-7C7B7DF1FA2A:[99a28adf-5289-4cdd-a512-dfcc6dd17230:192.168.34.1:34359, bc465b15-8d97-4b40-b19d-df54ad9f54a7:192.168.34.1:41376, c23e5a6c-3b1c-4356-87ef-9558e93e4bf7:192.168.34.1:35583] with ContainerStateMachine:uninitialized
2019-08-27 08:59:13,697 [pool-582-thread-1] INFO  server.RaftServerConfigKeys (ConfUtils.java:logGet(43)) - raft.server.rpc.timeout.min = 1s (custom)
2019-08-27 08:59:13,697 [pool-582-thread-1] INFO  server.RaftServerConfigKeys (ConfUtils.java:logGet(43)) - raft.server.rpc.timeout.max = 1200ms (custom)
2019-08-27 08:59:13,697 [pool-604-thread-1] INFO  impl.RaftServerImpl (RaftServerImpl.java:<init>(93)) - 99a28adf-5289-4cdd-a512-dfcc6dd17230: new RaftServerImpl for group-7C7B7DF1FA2A:[99a28adf-5289-4cdd-a512-dfcc6dd17230:192.168.34.1:34359, bc465b15-8d97-4b40-b19d-df54ad9f54a7:192.168.34.1:41376, c23e5a6c-3b1c-4356-87ef-9558e93e4bf7:192.168.34.1:35583] with ContainerStateMachine:uninitialized
2019-08-27 08:59:13,697 [pool-582-thread-1] INFO  server.RaftServerConfigKeys (ConfUtils.java:logGet(43)) - raft.server.rpcslowness.timeout = 120s (custom)
2019-08-27 08:59:13,698 [pool-593-thread-1] INFO  impl.RaftServerImpl (RaftServerImpl.java:<init>(93)) - c23e5a6c-3b1c-4356-87ef-9558e93e4bf7: new RaftServerImpl for group-7C7B7DF1FA2A:[99a28adf-5289-4cdd-a512-dfcc6dd17230:192.168.34.1:34359, bc465b15-8d97-4b40-b19d-df54ad9f54a7:192.168.34.1:41376, c23e5a6c-3b1c-4356-87ef-9558e93e4bf7:192.168.34.1:35583] with ContainerStateMachine:uninitialized
2019-08-27 08:59:13,698 [pool-604-thread-1] INFO  server.RaftServerConfigKeys (ConfUtils.java:logGet(43)) - raft.server.rpc.timeout.min = 1s (custom)
2019-08-27 08:59:13,698 [pool-593-thread-1] INFO  server.RaftServerConfigKeys (ConfUtils.java:logGet(43)) - raft.server.rpc.timeout.min = 1s (custom)
2019-08-27 08:59:13,698 [pool-582-thread-1] INFO  server.RaftServerConfigKeys (ConfUtils.java:logGet(43)) - raft.server.sleep.deviation.threshold = 300 (default)
2019-08-27 08:59:13,698 [pool-593-thread-1] INFO  server.RaftServerConfigKeys (ConfUtils.java:logGet(43)) - raft.server.rpc.timeout.max = 1200ms (custom)
2019-08-27 08:59:13,698 [pool-604-thread-1] INFO  server.RaftServerConfigKeys (ConfUtils.java:logGet(43)) - raft.server.rpc.timeout.max = 1200ms (custom)
2019-08-27 08:59:13,698 [pool-593-thread-1] INFO  server.RaftServerConfigKeys (ConfUtils.java:logGet(43)) - raft.server.rpcslowness.timeout = 120s (custom)
2019-08-27 08:59:13,698 [pool-582-thread-1] INFO  server.RaftServerConfigKeys (ConfUtils.java:logGet(43)) - raft.server.log.appender.install.snapshot.enabled = false (custom)
2019-08-27 08:59:13,699 [pool-593-thread-1] INFO  server.RaftServerConfigKeys (ConfUtils.java:logGet(43)) - raft.server.sleep.deviation.threshold = 300 (default)
2019-08-27 08:59:13,699 [pool-593-thread-1] INFO  server.RaftServerConfigKeys (ConfUtils.java:logGet(43)) - raft.server.log.appender.install.snapshot.enabled = false (custom)
2019-08-27 08:59:13,699 [pool-604-thread-1] INFO  server.RaftServerConfigKeys (ConfUtils.java:logGet(43)) - raft.server.rpcslowness.timeout = 120s (custom)
2019-08-27 08:59:13,699 [pool-593-thread-1] INFO  impl.RaftServerImpl (ServerState.java:<init>(105)) - c23e5a6c-3b1c-4356-87ef-9558e93e4bf7:group-7C7B7DF1FA2A ConfigurationManager, init=-1: [99a28adf-5289-4cdd-a512-dfcc6dd17230:192.168.34.1:34359, bc465b15-8d97-4b40-b19d-df54ad9f54a7:192.168.34.1:41376, c23e5a6c-3b1c-4356-87ef-9558e93e4bf7:192.168.34.1:35583], old=null, confs=<EMPTY_MAP>
2019-08-27 08:59:13,699 [pool-582-thread-1] INFO  impl.RaftServerImpl (ServerState.java:<init>(105)) - bc465b15-8d97-4b40-b19d-df54ad9f54a7:group-7C7B7DF1FA2A ConfigurationManager, init=-1: [99a28adf-5289-4cdd-a512-dfcc6dd17230:192.168.34.1:34359, bc465b15-8d97-4b40-b19d-df54ad9f54a7:192.168.34.1:41376, c23e5a6c-3b1c-4356-87ef-9558e93e4bf7:192.168.34.1:35583], old=null, confs=<EMPTY_MAP>
2019-08-27 08:59:13,699 [pool-593-thread-1] INFO  server.RaftServerConfigKeys (ConfUtils.java:logGet(43)) - raft.server.storage.dir = [/workdir/hadoop-ozone/integration-test/target/test-dir/MiniOzoneClusterImpl-5fa0230b-2e3b-4574-a1d1-aab0eaf0b74a/datanode-4/data/ratis] (custom)
2019-08-27 08:59:13,699 [pool-604-thread-1] INFO  server.RaftServerConfigKeys (ConfUtils.java:logGet(43)) - raft.server.sleep.deviation.threshold = 300 (default)
2019-08-27 08:59:13,699 [pool-582-thread-1] INFO  server.RaftServerConfigKeys (ConfUtils.java:logGet(43)) - raft.server.storage.dir = [/workdir/hadoop-ozone/integration-test/target/test-dir/MiniOzoneClusterImpl-5fa0230b-2e3b-4574-a1d1-aab0eaf0b74a/datanode-3/data/ratis] (custom)
2019-08-27 08:59:13,700 [pool-604-thread-1] INFO  server.RaftServerConfigKeys (ConfUtils.java:logGet(43)) - raft.server.log.appender.install.snapshot.enabled = false (custom)
2019-08-27 08:59:13,700 [pool-593-thread-1] INFO  storage.RaftStorageDirectory (RaftStorageDirectory.java:analyzeStorage(246)) - The storage directory /workdir/hadoop-ozone/integration-test/target/test-dir/MiniOzoneClusterImpl-5fa0230b-2e3b-4574-a1d1-aab0eaf0b74a/datanode-4/data/ratis/52a28dc6-fa60-479a-a53d-7c7b7df1fa2a does not exist. Creating ...
2019-08-27 08:59:13,700 [pool-582-thread-1] INFO  storage.RaftStorageDirectory (RaftStorageDirectory.java:analyzeStorage(246)) - The storage directory /workdir/hadoop-ozone/integration-test/target/test-dir/MiniOzoneClusterImpl-5fa0230b-2e3b-4574-a1d1-aab0eaf0b74a/datanode-3/data/ratis/52a28dc6-fa60-479a-a53d-7c7b7df1fa2a does not exist. Creating ...
2019-08-27 08:59:13,700 [pool-604-thread-1] INFO  impl.RaftServerImpl (ServerState.java:<init>(105)) - 99a28adf-5289-4cdd-a512-dfcc6dd17230:group-7C7B7DF1FA2A ConfigurationManager, init=-1: [99a28adf-5289-4cdd-a512-dfcc6dd17230:192.168.34.1:34359, bc465b15-8d97-4b40-b19d-df54ad9f54a7:192.168.34.1:41376, c23e5a6c-3b1c-4356-87ef-9558e93e4bf7:192.168.34.1:35583], old=null, confs=<EMPTY_MAP>
2019-08-27 08:59:13,700 [pool-604-thread-1] INFO  server.RaftServerConfigKeys (ConfUtils.java:logGet(43)) - raft.server.storage.dir = [/workdir/hadoop-ozone/integration-test/target/test-dir/MiniOzoneClusterImpl-5fa0230b-2e3b-4574-a1d1-aab0eaf0b74a/datanode-5/data/ratis] (custom)
2019-08-27 08:59:13,701 [pool-604-thread-1] INFO  storage.RaftStorageDirectory (RaftStorageDirectory.java:analyzeStorage(246)) - The storage directory /workdir/hadoop-ozone/integration-test/target/test-dir/MiniOzoneClusterImpl-5fa0230b-2e3b-4574-a1d1-aab0eaf0b74a/datanode-5/data/ratis/52a28dc6-fa60-479a-a53d-7c7b7df1fa2a does not exist. Creating ...
2019-08-27 08:59:13,719 [pool-582-thread-1] INFO  storage.RaftStorageDirectory (RaftStorageDirectory.java:tryLock(328)) - Lock on /workdir/hadoop-ozone/integration-test/target/test-dir/MiniOzoneClusterImpl-5fa0230b-2e3b-4574-a1d1-aab0eaf0b74a/datanode-3/data/ratis/52a28dc6-fa60-479a-a53d-7c7b7df1fa2a/in_use.lock acquired by nodename 17688@trunk-nightly-adhoc-20190827-ds46k-2366760622
2019-08-27 08:59:13,719 [pool-593-thread-1] INFO  storage.RaftStorageDirectory (RaftStorageDirectory.java:tryLock(328)) - Lock on /workdir/hadoop-ozone/integration-test/target/test-dir/MiniOzoneClusterImpl-5fa0230b-2e3b-4574-a1d1-aab0eaf0b74a/datanode-4/data/ratis/52a28dc6-fa60-479a-a53d-7c7b7df1fa2a/in_use.lock acquired by nodename 17688@trunk-nightly-adhoc-20190827-ds46k-2366760622
2019-08-27 08:59:13,719 [pool-604-thread-1] INFO  storage.RaftStorageDirectory (RaftStorageDirectory.java:tryLock(328)) - Lock on /workdir/hadoop-ozone/integration-test/target/test-dir/MiniOzoneClusterImpl-5fa0230b-2e3b-4574-a1d1-aab0eaf0b74a/datanode-5/data/ratis/52a28dc6-fa60-479a-a53d-7c7b7df1fa2a/in_use.lock acquired by nodename 17688@trunk-nightly-adhoc-20190827-ds46k-2366760622
2019-08-27 08:59:13,743 [pool-604-thread-1] INFO  storage.RaftStorage (RaftStorage.java:format(72)) - Storage directory /workdir/hadoop-ozone/integration-test/target/test-dir/MiniOzoneClusterImpl-5fa0230b-2e3b-4574-a1d1-aab0eaf0b74a/datanode-5/data/ratis/52a28dc6-fa60-479a-a53d-7c7b7df1fa2a has been successfully formatted.
2019-08-27 08:59:13,743 [pool-582-thread-1] INFO  storage.RaftStorage (RaftStorage.java:format(72)) - Storage directory /workdir/hadoop-ozone/integration-test/target/test-dir/MiniOzoneClusterImpl-5fa0230b-2e3b-4574-a1d1-aab0eaf0b74a/datanode-3/data/ratis/52a28dc6-fa60-479a-a53d-7c7b7df1fa2a has been successfully formatted.
2019-08-27 08:59:13,743 [pool-593-thread-1] INFO  storage.RaftStorage (RaftStorage.java:format(72)) - Storage directory /workdir/hadoop-ozone/integration-test/target/test-dir/MiniOzoneClusterImpl-5fa0230b-2e3b-4574-a1d1-aab0eaf0b74a/datanode-4/data/ratis/52a28dc6-fa60-479a-a53d-7c7b7df1fa2a has been successfully formatted.
2019-08-27 08:59:13,744 [pool-604-thread-1] INFO  ratis.ContainerStateMachine (ContainerStateMachine.java:loadSnapshot(226)) - group-7C7B7DF1FA2A: The snapshot info is null. Setting the last applied indexto:(t:0, i:~)
2019-08-27 08:59:13,744 [pool-593-thread-1] INFO  ratis.ContainerStateMachine (ContainerStateMachine.java:loadSnapshot(226)) - group-7C7B7DF1FA2A: The snapshot info is null. Setting the last applied indexto:(t:0, i:~)
2019-08-27 08:59:13,744 [pool-582-thread-1] INFO  ratis.ContainerStateMachine (ContainerStateMachine.java:loadSnapshot(226)) - group-7C7B7DF1FA2A: The snapshot info is null. Setting the last applied indexto:(t:0, i:~)
2019-08-27 08:59:13,744 [pool-593-thread-1] INFO  server.RaftServerConfigKeys (ConfUtils.java:logGet(43)) - raft.server.leader.election.timeout = 120s (custom)
2019-08-27 08:59:13,744 [pool-604-thread-1] INFO  server.RaftServerConfigKeys (ConfUtils.java:logGet(43)) - raft.server.leader.election.timeout = 120s (custom)
2019-08-27 08:59:13,744 [pool-593-thread-1] INFO  server.RaftServerConfigKeys (ConfUtils.java:logGet(43)) - raft.server.log.use.memory = false (default)
2019-08-27 08:59:13,744 [pool-582-thread-1] INFO  server.RaftServerConfigKeys (ConfUtils.java:logGet(43)) - raft.server.leader.election.timeout = 120s (custom)
2019-08-27 08:59:13,744 [pool-593-thread-1] INFO  server.RaftServerConfigKeys (ConfUtils.java:logGet(43)) - raft.server.log.purge.gap = 1000000 (custom)
2019-08-27 08:59:13,745 [pool-593-thread-1] INFO  server.RaftServerConfigKeys (ConfUtils.java:logGet(43)) - raft.server.log.appender.buffer.byte-limit = 33554432 (custom)
2019-08-27 08:59:13,744 [pool-604-thread-1] INFO  server.RaftServerConfigKeys (ConfUtils.java:logGet(43)) - raft.server.log.use.memory = false (default)
2019-08-27 08:59:13,745 [pool-593-thread-1] INFO  server.RaftServerConfigKeys (ConfUtils.java:logGet(43)) - raft.server.log.segment.size.max = 1048576 (custom)
2019-08-27 08:59:13,744 [pool-582-thread-1] INFO  server.RaftServerConfigKeys (ConfUtils.java:logGet(43)) - raft.server.log.use.memory = false (default)
2019-08-27 08:59:13,745 [pool-593-thread-1] INFO  server.RaftServerConfigKeys (ConfUtils.java:logGet(43)) - raft.server.log.segment.cache.num.max = 2 (custom)
2019-08-27 08:59:13,745 [pool-604-thread-1] INFO  server.RaftServerConfigKeys (ConfUtils.java:logGet(43)) - raft.server.log.purge.gap = 1000000 (custom)
2019-08-27 08:59:13,745 [pool-593-thread-1] INFO  segmented.SegmentedRaftLogWorker (SegmentedRaftLogWorker.java:<init>(172)) - new c23e5a6c-3b1c-4356-87ef-9558e93e4bf7-SegmentedRaftLogWorker:Storage Directory /workdir/hadoop-ozone/integration-test/target/test-dir/MiniOzoneClusterImpl-5fa0230b-2e3b-4574-a1d1-aab0eaf0b74a/datanode-4/data/ratis/52a28dc6-fa60-479a-a53d-7c7b7df1fa2a for RaftStorage:Storage Directory /workdir/hadoop-ozone/integration-test/target/test-dir/MiniOzoneClusterImpl-5fa0230b-2e3b-4574-a1d1-aab0eaf0b74a/datanode-4/data/ratis/52a28dc6-fa60-479a-a53d-7c7b7df1fa2a
2019-08-27 08:59:13,745 [pool-582-thread-1] INFO  server.RaftServerConfigKeys (ConfUtils.java:logGet(43)) - raft.server.log.purge.gap = 1000000 (custom)
2019-08-27 08:59:13,745 [pool-593-thread-1] INFO  server.RaftServerConfigKeys (ConfUtils.java:logGet(43)) - raft.server.log.queue.byte-limit = 2147483647 (custom)
2019-08-27 08:59:13,745 [pool-604-thread-1] INFO  server.RaftServerConfigKeys (ConfUtils.java:logGet(43)) - raft.server.log.appender.buffer.byte-limit = 33554432 (custom)
2019-08-27 08:59:13,746 [pool-593-thread-1] INFO  server.RaftServerConfigKeys (ConfUtils.java:logGet(43)) - raft.server.log.queue.element-limit = 1024 (custom)
2019-08-27 08:59:13,746 [pool-582-thread-1] INFO  server.RaftServerConfigKeys (ConfUtils.java:logGet(43)) - raft.server.log.appender.buffer.byte-limit = 33554432 (custom)
2019-08-27 08:59:13,746 [pool-593-thread-1] INFO  server.RaftServerConfigKeys (ConfUtils.java:logGet(43)) - raft.server.log.segment.size.max = 1048576 (custom)
2019-08-27 08:59:13,746 [pool-604-thread-1] INFO  server.RaftServerConfigKeys (ConfUtils.java:logGet(43)) - raft.server.log.segment.size.max = 1048576 (custom)
2019-08-27 08:59:13,746 [pool-593-thread-1] INFO  server.RaftServerConfigKeys (ConfUtils.java:logGet(43)) - raft.server.log.preallocated.size = 16384 (custom)
2019-08-27 08:59:13,746 [pool-582-thread-1] INFO  server.RaftServerConfigKeys (ConfUtils.java:logGet(43)) - raft.server.log.segment.size.max = 1048576 (custom)
2019-08-27 08:59:13,746 [pool-593-thread-1] INFO  server.RaftServerConfigKeys (ConfUtils.java:logGet(43)) - raft.server.log.write.buffer.size = 33554432 (custom)
2019-08-27 08:59:13,747 [pool-593-thread-1] INFO  server.RaftServerConfigKeys (ConfUtils.java:logGet(43)) - raft.server.log.force.sync.num = 128 (default)
2019-08-27 08:59:13,746 [pool-604-thread-1] INFO  server.RaftServerConfigKeys (ConfUtils.java:logGet(43)) - raft.server.log.segment.cache.num.max = 2 (custom)
2019-08-27 08:59:13,747 [pool-593-thread-1] INFO  server.RaftServerConfigKeys (ConfUtils.java:logGet(43)) - raft.server.log.statemachine.data.sync = true (default)
2019-08-27 08:59:13,747 [pool-582-thread-1] INFO  server.RaftServerConfigKeys (ConfUtils.java:logGet(43)) - raft.server.log.segment.cache.num.max = 2 (custom)
2019-08-27 08:59:13,747 [pool-593-thread-1] INFO  server.RaftServerConfigKeys (ConfUtils.java:logGet(43)) - raft.server.log.statemachine.data.sync.timeout = 10s (default)
2019-08-27 08:59:13,747 [pool-604-thread-1] INFO  segmented.SegmentedRaftLogWorker (SegmentedRaftLogWorker.java:<init>(172)) - new 99a28adf-5289-4cdd-a512-dfcc6dd17230-SegmentedRaftLogWorker:Storage Directory /workdir/hadoop-ozone/integration-test/target/test-dir/MiniOzoneClusterImpl-5fa0230b-2e3b-4574-a1d1-aab0eaf0b74a/datanode-5/data/ratis/52a28dc6-fa60-479a-a53d-7c7b7df1fa2a for RaftStorage:Storage Directory /workdir/hadoop-ozone/integration-test/target/test-dir/MiniOzoneClusterImpl-5fa0230b-2e3b-4574-a1d1-aab0eaf0b74a/datanode-5/data/ratis/52a28dc6-fa60-479a-a53d-7c7b7df1fa2a
2019-08-27 08:59:13,747 [pool-593-thread-1] INFO  server.RaftServerConfigKeys (ConfUtils.java:logGet(43)) - raft.server.log.statemachine.data.sync.timeout.retry = -1 (default)
2019-08-27 08:59:13,747 [pool-582-thread-1] INFO  segmented.SegmentedRaftLogWorker (SegmentedRaftLogWorker.java:<init>(172)) - new bc465b15-8d97-4b40-b19d-df54ad9f54a7-SegmentedRaftLogWorker:Storage Directory /workdir/hadoop-ozone/integration-test/target/test-dir/MiniOzoneClusterImpl-5fa0230b-2e3b-4574-a1d1-aab0eaf0b74a/datanode-3/data/ratis/52a28dc6-fa60-479a-a53d-7c7b7df1fa2a for RaftStorage:Storage Directory /workdir/hadoop-ozone/integration-test/target/test-dir/MiniOzoneClusterImpl-5fa0230b-2e3b-4574-a1d1-aab0eaf0b74a/datanode-3/data/ratis/52a28dc6-fa60-479a-a53d-7c7b7df1fa2a
2019-08-27 08:59:13,747 [pool-593-thread-1] INFO  server.RaftServerConfigKeys (ConfUtils.java:logGet(43)) - raft.server.log.statemachine.data.caching.enabled = true (custom)
2019-08-27 08:59:13,747 [pool-604-thread-1] INFO  server.RaftServerConfigKeys (ConfUtils.java:logGet(43)) - raft.server.log.queue.byte-limit = 2147483647 (custom)
2019-08-27 08:59:13,748 [pool-582-thread-1] INFO  server.RaftServerConfigKeys (ConfUtils.java:logGet(43)) - raft.server.log.queue.byte-limit = 2147483647 (custom)
2019-08-27 08:59:13,748 [pool-593-thread-1] INFO  segmented.SegmentedRaftLogWorker (SegmentedRaftLogWorker.java:lambda$new$0(132)) - c23e5a6c-3b1c-4356-87ef-9558e93e4bf7-SegmentedRaftLogWorker:Storage Directory /workdir/hadoop-ozone/integration-test/target/test-dir/MiniOzoneClusterImpl-5fa0230b-2e3b-4574-a1d1-aab0eaf0b74a/datanode-4/data/ratis/52a28dc6-fa60-479a-a53d-7c7b7df1fa2a: flushIndex: setUnconditionally 0 -> -1
2019-08-27 08:59:13,748 [pool-604-thread-1] INFO  server.RaftServerConfigKeys (ConfUtils.java:logGet(43)) - raft.server.log.queue.element-limit = 1024 (custom)
2019-08-27 08:59:13,748 [pool-582-thread-1] INFO  server.RaftServerConfigKeys (ConfUtils.java:logGet(43)) - raft.server.log.queue.element-limit = 1024 (custom)
2019-08-27 08:59:13,748 [pool-593-thread-1] INFO  server.RaftServerConfigKeys (ConfUtils.java:logGet(43)) - raft.server.snapshot.auto.trigger.enabled = true (custom)
2019-08-27 08:59:13,748 [pool-604-thread-1] INFO  server.RaftServerConfigKeys (ConfUtils.java:logGet(43)) - raft.server.log.segment.size.max = 1048576 (custom)
2019-08-27 08:59:13,748 [pool-593-thread-1] INFO  server.RaftServerConfigKeys (ConfUtils.java:logGet(43)) - raft.server.snapshot.auto.trigger.threshold = 10000 (custom)
2019-08-27 08:59:13,748 [pool-582-thread-1] INFO  server.RaftServerConfigKeys (ConfUtils.java:logGet(43)) - raft.server.log.segment.size.max = 1048576 (custom)
2019-08-27 08:59:13,749 [pool-593-thread-1] INFO  server.RaftServerConfigKeys (ConfUtils.java:logGet(43)) - raft.server.retrycache.expirytime = 600000ms (custom)
2019-08-27 08:59:13,748 [pool-604-thread-1] INFO  server.RaftServerConfigKeys (ConfUtils.java:logGet(43)) - raft.server.log.preallocated.size = 16384 (custom)
2019-08-27 08:59:13,749 [pool-593-thread-1] INFO  impl.RaftServerImpl (RaftServerImpl.java:start(180)) - c23e5a6c-3b1c-4356-87ef-9558e93e4bf7: start group-7C7B7DF1FA2A
2019-08-27 08:59:13,749 [pool-582-thread-1] INFO  server.RaftServerConfigKeys (ConfUtils.java:logGet(43)) - raft.server.log.preallocated.size = 16384 (custom)
2019-08-27 08:59:13,749 [pool-593-thread-1] INFO  impl.RaftServerImpl (RaftServerImpl.java:setRole(171)) - c23e5a6c-3b1c-4356-87ef-9558e93e4bf7:group-7C7B7DF1FA2A changes role from null to FOLLOWER at term 0 for startAsFollower
2019-08-27 08:59:13,749 [pool-604-thread-1] INFO  server.RaftServerConfigKeys (ConfUtils.java:logGet(43)) - raft.server.log.write.buffer.size = 33554432 (custom)
2019-08-27 08:59:13,749 [pool-593-thread-1] INFO  impl.RoleInfo (RoleInfo.java:updateAndGet(143)) - c23e5a6c-3b1c-4356-87ef-9558e93e4bf7: start FollowerState
2019-08-27 08:59:13,749 [pool-582-thread-1] INFO  server.RaftServerConfigKeys (ConfUtils.java:logGet(43)) - raft.server.log.write.buffer.size = 33554432 (custom)
2019-08-27 08:59:13,749 [pool-604-thread-1] INFO  server.RaftServerConfigKeys (ConfUtils.java:logGet(43)) - raft.server.log.force.sync.num = 128 (default)
2019-08-27 08:59:13,749 [pool-582-thread-1] INFO  server.RaftServerConfigKeys (ConfUtils.java:logGet(43)) - raft.server.log.force.sync.num = 128 (default)
2019-08-27 08:59:13,750 [pool-593-thread-1] INFO  util.JmxRegister (JmxRegister.java:tryRegister(44)) - Successfully registered JMX Bean with object name Ratis:service=RaftServer,group=group-7C7B7DF1FA2A,id=c23e5a6c-3b1c-4356-87ef-9558e93e4bf7
2019-08-27 08:59:13,750 [pool-604-thread-1] INFO  server.RaftServerConfigKeys (ConfUtils.java:logGet(43)) - raft.server.log.statemachine.data.sync = true (default)
2019-08-27 08:59:13,750 [pool-582-thread-1] INFO  server.RaftServerConfigKeys (ConfUtils.java:logGet(43)) - raft.server.log.statemachine.data.sync = true (default)
2019-08-27 08:59:13,750 [pool-604-thread-1] INFO  server.RaftServerConfigKeys (ConfUtils.java:logGet(43)) - raft.server.log.statemachine.data.sync.timeout = 10s (default)
2019-08-27 08:59:13,750 [pool-582-thread-1] INFO  server.RaftServerConfigKeys (ConfUtils.java:logGet(43)) - raft.server.log.statemachine.data.sync.timeout = 10s (default)
2019-08-27 08:59:13,750 [pool-604-thread-1] INFO  server.RaftServerConfigKeys (ConfUtils.java:logGet(43)) - raft.server.log.statemachine.data.sync.timeout.retry = -1 (default)
2019-08-27 08:59:13,750 [pool-582-thread-1] INFO  server.RaftServerConfigKeys (ConfUtils.java:logGet(43)) - raft.server.log.statemachine.data.sync.timeout.retry = -1 (default)
2019-08-27 08:59:13,750 [pool-604-thread-1] INFO  server.RaftServerConfigKeys (ConfUtils.java:logGet(43)) - raft.server.log.statemachine.data.caching.enabled = true (custom)
2019-08-27 08:59:13,750 [pool-582-thread-1] INFO  server.RaftServerConfigKeys (ConfUtils.java:logGet(43)) - raft.server.log.statemachine.data.caching.enabled = true (custom)
2019-08-27 08:59:13,751 [pool-604-thread-1] INFO  segmented.SegmentedRaftLogWorker (SegmentedRaftLogWorker.java:lambda$new$0(132)) - 99a28adf-5289-4cdd-a512-dfcc6dd17230-SegmentedRaftLogWorker:Storage Directory /workdir/hadoop-ozone/integration-test/target/test-dir/MiniOzoneClusterImpl-5fa0230b-2e3b-4574-a1d1-aab0eaf0b74a/datanode-5/data/ratis/52a28dc6-fa60-479a-a53d-7c7b7df1fa2a: flushIndex: setUnconditionally 0 -> -1
2019-08-27 08:59:13,751 [pool-582-thread-1] INFO  segmented.SegmentedRaftLogWorker (SegmentedRaftLogWorker.java:lambda$new$0(132)) - bc465b15-8d97-4b40-b19d-df54ad9f54a7-SegmentedRaftLogWorker:Storage Directory /workdir/hadoop-ozone/integration-test/target/test-dir/MiniOzoneClusterImpl-5fa0230b-2e3b-4574-a1d1-aab0eaf0b74a/datanode-3/data/ratis/52a28dc6-fa60-479a-a53d-7c7b7df1fa2a: flushIndex: setUnconditionally 0 -> -1
2019-08-27 08:59:13,751 [pool-604-thread-1] INFO  server.RaftServerConfigKeys (ConfUtils.java:logGet(43)) - raft.server.snapshot.auto.trigger.enabled = true (custom)
2019-08-27 08:59:13,751 [pool-604-thread-1] INFO  server.RaftServerConfigKeys (ConfUtils.java:logGet(43)) - raft.server.snapshot.auto.trigger.threshold = 10000 (custom)
2019-08-27 08:59:13,751 [pool-582-thread-1] INFO  server.RaftServerConfigKeys (ConfUtils.java:logGet(43)) - raft.server.snapshot.auto.trigger.enabled = true (custom)
2019-08-27 08:59:13,751 [pool-604-thread-1] INFO  server.RaftServerConfigKeys (ConfUtils.java:logGet(43)) - raft.server.retrycache.expirytime = 600000ms (custom)
2019-08-27 08:59:13,751 [pool-582-thread-1] INFO  server.RaftServerConfigKeys (ConfUtils.java:logGet(43)) - raft.server.snapshot.auto.trigger.threshold = 10000 (custom)
2019-08-27 08:59:13,751 [pool-604-thread-1] INFO  impl.RaftServerImpl (RaftServerImpl.java:start(180)) - 99a28adf-5289-4cdd-a512-dfcc6dd17230: start group-7C7B7DF1FA2A
2019-08-27 08:59:13,751 [pool-582-thread-1] INFO  server.RaftServerConfigKeys (ConfUtils.java:logGet(43)) - raft.server.retrycache.expirytime = 600000ms (custom)
2019-08-27 08:59:13,751 [pool-604-thread-1] INFO  impl.RaftServerImpl (RaftServerImpl.java:setRole(171)) - 99a28adf-5289-4cdd-a512-dfcc6dd17230:group-7C7B7DF1FA2A changes role from null to FOLLOWER at term 0 for startAsFollower
2019-08-27 08:59:13,752 [pool-582-thread-1] INFO  impl.RaftServerImpl (RaftServerImpl.java:start(180)) - bc465b15-8d97-4b40-b19d-df54ad9f54a7: start group-7C7B7DF1FA2A
2019-08-27 08:59:13,752 [pool-604-thread-1] INFO  impl.RoleInfo (RoleInfo.java:updateAndGet(143)) - 99a28adf-5289-4cdd-a512-dfcc6dd17230: start FollowerState
2019-08-27 08:59:13,752 [pool-582-thread-1] INFO  impl.RaftServerImpl (RaftServerImpl.java:setRole(171)) - bc465b15-8d97-4b40-b19d-df54ad9f54a7:group-7C7B7DF1FA2A changes role from null to FOLLOWER at term 0 for startAsFollower
2019-08-27 08:59:13,752 [pool-582-thread-1] INFO  impl.RoleInfo (RoleInfo.java:updateAndGet(143)) - bc465b15-8d97-4b40-b19d-df54ad9f54a7: start FollowerState
2019-08-27 08:59:13,752 [pool-604-thread-1] INFO  util.JmxRegister (JmxRegister.java:tryRegister(44)) - Successfully registered JMX Bean with object name Ratis:service=RaftServer,group=group-7C7B7DF1FA2A,id=99a28adf-5289-4cdd-a512-dfcc6dd17230
2019-08-27 08:59:13,752 [pool-582-thread-1] INFO  util.JmxRegister (JmxRegister.java:tryRegister(44)) - Successfully registered JMX Bean with object name Ratis:service=RaftServer,group=group-7C7B7DF1FA2A,id=bc465b15-8d97-4b40-b19d-df54ad9f54a7
2019-08-27 08:59:13,754 [RatisPipelineUtilsThread] INFO  pipeline.PipelineStateManager (PipelineStateManager.java:addPipeline(56)) - Created pipeline Pipeline[ Id: 52a28dc6-fa60-479a-a53d-7c7b7df1fa2a, Nodes: bc465b15-8d97-4b40-b19d-df54ad9f54a7{ip: 192.168.34.1, host: trunk-nightly-adhoc-20190827-ds46k-2366760622, networkLocation: /rack1, certSerialId: null}c23e5a6c-3b1c-4356-87ef-9558e93e4bf7{ip: 192.168.34.1, host: trunk-nightly-adhoc-20190827-ds46k-2366760622, networkLocation: /rack1, certSerialId: null}99a28adf-5289-4cdd-a512-dfcc6dd17230{ip: 192.168.34.1, host: trunk-nightly-adhoc-20190827-ds46k-2366760622, networkLocation: /rack1, certSerialId: null}, Type:RATIS, Factor:THREE, State:OPEN]
2019-08-27 08:59:13,840 [IPC Server handler 5 on 38779] INFO  net.NetworkTopology (NetworkTopologyImpl.java:add(110)) - Added a new node: /rack1/521aeba6-88aa-48b7-8766-3f4d75ba2df1
2019-08-27 08:59:13,841 [IPC Server handler 5 on 38779] INFO  node.SCMNodeManager (SCMNodeManager.java:register(273)) - Registered Data node : 521aeba6-88aa-48b7-8766-3f4d75ba2df1{ip: 192.168.34.1, host: trunk-nightly-adhoc-20190827-ds46k-2366760622, networkLocation: /rack1, certSerialId: null}
2019-08-27 08:59:13,841 | INFO  | SCMAudit | user=jenkins1000 | ip=192.168.34.1 | op=REGISTER {datanodeDetails=521aeba6-88aa-48b7-8766-3f4d75ba2df1{ip: 192.168.34.1, host: trunk-nightly-adhoc-20190827-ds46k-2366760622, networkLocation: /default-rack, certSerialId: null}} | ret=SUCCESS |  
2019-08-27 08:59:13,847 [grpc-default-executor-5] INFO  impl.RaftServerProxy (RaftServerProxy.java:addNew(89)) - 521aeba6-88aa-48b7-8766-3f4d75ba2df1: addNew group-8EE4029E1F45:[521aeba6-88aa-48b7-8766-3f4d75ba2df1:192.168.34.1:36388] returns group-8EE4029E1F45:java.util.concurrent.CompletableFuture@4501a60e[Not completed]
2019-08-27 08:59:13,848 [pool-615-thread-1] INFO  impl.RaftServerImpl (RaftServerImpl.java:<init>(93)) - 521aeba6-88aa-48b7-8766-3f4d75ba2df1: new RaftServerImpl for group-8EE4029E1F45:[521aeba6-88aa-48b7-8766-3f4d75ba2df1:192.168.34.1:36388] with ContainerStateMachine:uninitialized
2019-08-27 08:59:13,848 [pool-615-thread-1] INFO  server.RaftServerConfigKeys (ConfUtils.java:logGet(43)) - raft.server.rpc.timeout.min = 1s (custom)
2019-08-27 08:59:13,849 [pool-615-thread-1] INFO  server.RaftServerConfigKeys (ConfUtils.java:logGet(43)) - raft.server.rpc.timeout.max = 1200ms (custom)
2019-08-27 08:59:13,849 [pool-615-thread-1] INFO  server.RaftServerConfigKeys (ConfUtils.java:logGet(43)) - raft.server.rpcslowness.timeout = 120s (custom)
2019-08-27 08:59:13,849 [pool-615-thread-1] INFO  server.RaftServerConfigKeys (ConfUtils.java:logGet(43)) - raft.server.sleep.deviation.threshold = 300 (default)
2019-08-27 08:59:13,849 [pool-615-thread-1] INFO  server.RaftServerConfigKeys (ConfUtils.java:logGet(43)) - raft.server.log.appender.install.snapshot.enabled = false (custom)
2019-08-27 08:59:13,849 [pool-615-thread-1] INFO  impl.RaftServerImpl (ServerState.java:<init>(105)) - 521aeba6-88aa-48b7-8766-3f4d75ba2df1:group-8EE4029E1F45 ConfigurationManager, init=-1: [521aeba6-88aa-48b7-8766-3f4d75ba2df1:192.168.34.1:36388], old=null, confs=<EMPTY_MAP>
2019-08-27 08:59:13,849 [pool-615-thread-1] INFO  server.RaftServerConfigKeys (ConfUtils.java:logGet(43)) - raft.server.storage.dir = [/workdir/hadoop-ozone/integration-test/target/test-dir/MiniOzoneClusterImpl-5fa0230b-2e3b-4574-a1d1-aab0eaf0b74a/datanode-6/data/ratis] (custom)
2019-08-27 08:59:13,849 [pool-615-thread-1] INFO  storage.RaftStorageDirectory (RaftStorageDirectory.java:analyzeStorage(246)) - The storage directory /workdir/hadoop-ozone/integration-test/target/test-dir/MiniOzoneClusterImpl-5fa0230b-2e3b-4574-a1d1-aab0eaf0b74a/datanode-6/data/ratis/689f77b6-87ea-4586-9b93-8ee4029e1f45 does not exist. Creating ...
2019-08-27 08:59:13,861 [pool-615-thread-1] INFO  storage.RaftStorageDirectory (RaftStorageDirectory.java:tryLock(328)) - Lock on /workdir/hadoop-ozone/integration-test/target/test-dir/MiniOzoneClusterImpl-5fa0230b-2e3b-4574-a1d1-aab0eaf0b74a/datanode-6/data/ratis/689f77b6-87ea-4586-9b93-8ee4029e1f45/in_use.lock acquired by nodename 17688@trunk-nightly-adhoc-20190827-ds46k-2366760622
2019-08-27 08:59:13,870 [pool-615-thread-1] INFO  storage.RaftStorage (RaftStorage.java:format(72)) - Storage directory /workdir/hadoop-ozone/integration-test/target/test-dir/MiniOzoneClusterImpl-5fa0230b-2e3b-4574-a1d1-aab0eaf0b74a/datanode-6/data/ratis/689f77b6-87ea-4586-9b93-8ee4029e1f45 has been successfully formatted.
2019-08-27 08:59:13,870 [pool-615-thread-1] INFO  ratis.ContainerStateMachine (ContainerStateMachine.java:loadSnapshot(226)) - group-8EE4029E1F45: The snapshot info is null. Setting the last applied indexto:(t:0, i:~)
2019-08-27 08:59:13,870 [pool-615-thread-1] INFO  server.RaftServerConfigKeys (ConfUtils.java:logGet(43)) - raft.server.leader.election.timeout = 120s (custom)
2019-08-27 08:59:13,870 [pool-615-thread-1] INFO  server.RaftServerConfigKeys (ConfUtils.java:logGet(43)) - raft.server.log.use.memory = false (default)
2019-08-27 08:59:13,870 [pool-615-thread-1] INFO  server.RaftServerConfigKeys (ConfUtils.java:logGet(43)) - raft.server.log.purge.gap = 1000000 (custom)
2019-08-27 08:59:13,870 [pool-615-thread-1] INFO  server.RaftServerConfigKeys (ConfUtils.java:logGet(43)) - raft.server.log.appender.buffer.byte-limit = 33554432 (custom)
2019-08-27 08:59:13,871 [pool-615-thread-1] INFO  server.RaftServerConfigKeys (ConfUtils.java:logGet(43)) - raft.server.log.segment.size.max = 1048576 (custom)
2019-08-27 08:59:13,871 [pool-615-thread-1] INFO  server.RaftServerConfigKeys (ConfUtils.java:logGet(43)) - raft.server.log.segment.cache.num.max = 2 (custom)
2019-08-27 08:59:13,871 [pool-615-thread-1] INFO  segmented.SegmentedRaftLogWorker (SegmentedRaftLogWorker.java:<init>(172)) - new 521aeba6-88aa-48b7-8766-3f4d75ba2df1-SegmentedRaftLogWorker:Storage Directory /workdir/hadoop-ozone/integration-test/target/test-dir/MiniOzoneClusterImpl-5fa0230b-2e3b-4574-a1d1-aab0eaf0b74a/datanode-6/data/ratis/689f77b6-87ea-4586-9b93-8ee4029e1f45 for RaftStorage:Storage Directory /workdir/hadoop-ozone/integration-test/target/test-dir/MiniOzoneClusterImpl-5fa0230b-2e3b-4574-a1d1-aab0eaf0b74a/datanode-6/data/ratis/689f77b6-87ea-4586-9b93-8ee4029e1f45
2019-08-27 08:59:13,871 [pool-615-thread-1] INFO  server.RaftServerConfigKeys (ConfUtils.java:logGet(43)) - raft.server.log.queue.byte-limit = 2147483647 (custom)
2019-08-27 08:59:13,871 [pool-615-thread-1] INFO  server.RaftServerConfigKeys (ConfUtils.java:logGet(43)) - raft.server.log.queue.element-limit = 1024 (custom)
2019-08-27 08:59:13,871 [pool-615-thread-1] INFO  server.RaftServerConfigKeys (ConfUtils.java:logGet(43)) - raft.server.log.segment.size.max = 1048576 (custom)
2019-08-27 08:59:13,871 [pool-615-thread-1] INFO  server.RaftServerConfigKeys (ConfUtils.java:logGet(43)) - raft.server.log.preallocated.size = 16384 (custom)
2019-08-27 08:59:13,871 [pool-615-thread-1] INFO  server.RaftServerConfigKeys (ConfUtils.java:logGet(43)) - raft.server.log.write.buffer.size = 33554432 (custom)
2019-08-27 08:59:13,871 [pool-615-thread-1] INFO  server.RaftServerConfigKeys (ConfUtils.java:logGet(43)) - raft.server.log.force.sync.num = 128 (default)
2019-08-27 08:59:13,872 [pool-615-thread-1] INFO  server.RaftServerConfigKeys (ConfUtils.java:logGet(43)) - raft.server.log.statemachine.data.sync = true (default)
2019-08-27 08:59:13,872 [pool-615-thread-1] INFO  server.RaftServerConfigKeys (ConfUtils.java:logGet(43)) - raft.server.log.statemachine.data.sync.timeout = 10s (default)
2019-08-27 08:59:13,872 [pool-615-thread-1] INFO  server.RaftServerConfigKeys (ConfUtils.java:logGet(43)) - raft.server.log.statemachine.data.sync.timeout.retry = -1 (default)
2019-08-27 08:59:13,872 [pool-615-thread-1] INFO  server.RaftServerConfigKeys (ConfUtils.java:logGet(43)) - raft.server.log.statemachine.data.caching.enabled = true (custom)
2019-08-27 08:59:13,872 [pool-615-thread-1] INFO  segmented.SegmentedRaftLogWorker (SegmentedRaftLogWorker.java:lambda$new$0(132)) - 521aeba6-88aa-48b7-8766-3f4d75ba2df1-SegmentedRaftLogWorker:Storage Directory /workdir/hadoop-ozone/integration-test/target/test-dir/MiniOzoneClusterImpl-5fa0230b-2e3b-4574-a1d1-aab0eaf0b74a/datanode-6/data/ratis/689f77b6-87ea-4586-9b93-8ee4029e1f45: flushIndex: setUnconditionally 0 -> -1
2019-08-27 08:59:13,872 [pool-615-thread-1] INFO  server.RaftServerConfigKeys (ConfUtils.java:logGet(43)) - raft.server.snapshot.auto.trigger.enabled = true (custom)
2019-08-27 08:59:13,872 [pool-615-thread-1] INFO  server.RaftServerConfigKeys (ConfUtils.java:logGet(43)) - raft.server.snapshot.auto.trigger.threshold = 10000 (custom)
2019-08-27 08:59:13,873 [pool-615-thread-1] INFO  server.RaftServerConfigKeys (ConfUtils.java:logGet(43)) - raft.server.retrycache.expirytime = 600000ms (custom)
2019-08-27 08:59:13,873 [pool-615-thread-1] INFO  impl.RaftServerImpl (RaftServerImpl.java:start(180)) - 521aeba6-88aa-48b7-8766-3f4d75ba2df1: start group-8EE4029E1F45
2019-08-27 08:59:13,873 [pool-615-thread-1] INFO  impl.RaftServerImpl (RaftServerImpl.java:setRole(171)) - 521aeba6-88aa-48b7-8766-3f4d75ba2df1:group-8EE4029E1F45 changes role from null to FOLLOWER at term 0 for startAsFollower
2019-08-27 08:59:13,873 [pool-615-thread-1] INFO  impl.RoleInfo (RoleInfo.java:updateAndGet(143)) - 521aeba6-88aa-48b7-8766-3f4d75ba2df1: start FollowerState
2019-08-27 08:59:13,873 [pool-615-thread-1] INFO  util.JmxRegister (JmxRegister.java:tryRegister(44)) - Successfully registered JMX Bean with object name Ratis:service=RaftServer,group=group-8EE4029E1F45,id=521aeba6-88aa-48b7-8766-3f4d75ba2df1
2019-08-27 08:59:13,875 [RatisPipelineUtilsThread] INFO  pipeline.PipelineStateManager (PipelineStateManager.java:addPipeline(56)) - Created pipeline Pipeline[ Id: 689f77b6-87ea-4586-9b93-8ee4029e1f45, Nodes: 521aeba6-88aa-48b7-8766-3f4d75ba2df1{ip: 192.168.34.1, host: trunk-nightly-adhoc-20190827-ds46k-2366760622, networkLocation: /rack1, certSerialId: null}, Type:RATIS, Factor:ONE, State:OPEN]
2019-08-27 08:59:14,003 [IPC Server handler 4 on 38779] INFO  net.NetworkTopology (NetworkTopologyImpl.java:add(110)) - Added a new node: /rack1/a728ac9e-8b42-42b3-9e87-ec98a1f6c46a
2019-08-27 08:59:14,004 [IPC Server handler 4 on 38779] INFO  node.SCMNodeManager (SCMNodeManager.java:register(273)) - Registered Data node : a728ac9e-8b42-42b3-9e87-ec98a1f6c46a{ip: 192.168.34.1, host: trunk-nightly-adhoc-20190827-ds46k-2366760622, networkLocation: /rack1, certSerialId: null}
2019-08-27 08:59:14,004 | INFO  | SCMAudit | user=jenkins1000 | ip=192.168.34.1 | op=REGISTER {datanodeDetails=a728ac9e-8b42-42b3-9e87-ec98a1f6c46a{ip: 192.168.34.1, host: trunk-nightly-adhoc-20190827-ds46k-2366760622, networkLocation: /default-rack, certSerialId: null}} | ret=SUCCESS |  
2019-08-27 08:59:14,010 [grpc-default-executor-5] INFO  impl.RaftServerProxy (RaftServerProxy.java:addNew(89)) - a728ac9e-8b42-42b3-9e87-ec98a1f6c46a: addNew group-29DF459D7DF8:[a728ac9e-8b42-42b3-9e87-ec98a1f6c46a:192.168.34.1:36002] returns group-29DF459D7DF8:java.util.concurrent.CompletableFuture@1523c2ba[Not completed]
2019-08-27 08:59:14,012 [pool-626-thread-1] INFO  impl.RaftServerImpl (RaftServerImpl.java:<init>(93)) - a728ac9e-8b42-42b3-9e87-ec98a1f6c46a: new RaftServerImpl for group-29DF459D7DF8:[a728ac9e-8b42-42b3-9e87-ec98a1f6c46a:192.168.34.1:36002] with ContainerStateMachine:uninitialized
2019-08-27 08:59:14,012 [pool-626-thread-1] INFO  server.RaftServerConfigKeys (ConfUtils.java:logGet(43)) - raft.server.rpc.timeout.min = 1s (custom)
2019-08-27 08:59:14,012 [pool-626-thread-1] INFO  server.RaftServerConfigKeys (ConfUtils.java:logGet(43)) - raft.server.rpc.timeout.max = 1200ms (custom)
2019-08-27 08:59:14,012 [pool-626-thread-1] INFO  server.RaftServerConfigKeys (ConfUtils.java:logGet(43)) - raft.server.rpcslowness.timeout = 120s (custom)
2019-08-27 08:59:14,012 [pool-626-thread-1] INFO  server.RaftServerConfigKeys (ConfUtils.java:logGet(43)) - raft.server.sleep.deviation.threshold = 300 (default)
2019-08-27 08:59:14,013 [pool-626-thread-1] INFO  server.RaftServerConfigKeys (ConfUtils.java:logGet(43)) - raft.server.log.appender.install.snapshot.enabled = false (custom)
2019-08-27 08:59:14,013 [pool-626-thread-1] INFO  impl.RaftServerImpl (ServerState.java:<init>(105)) - a728ac9e-8b42-42b3-9e87-ec98a1f6c46a:group-29DF459D7DF8 ConfigurationManager, init=-1: [a728ac9e-8b42-42b3-9e87-ec98a1f6c46a:192.168.34.1:36002], old=null, confs=<EMPTY_MAP>
2019-08-27 08:59:14,013 [pool-626-thread-1] INFO  server.RaftServerConfigKeys (ConfUtils.java:logGet(43)) - raft.server.storage.dir = [/workdir/hadoop-ozone/integration-test/target/test-dir/MiniOzoneClusterImpl-5fa0230b-2e3b-4574-a1d1-aab0eaf0b74a/datanode-7/data/ratis] (custom)
2019-08-27 08:59:14,013 [pool-626-thread-1] INFO  storage.RaftStorageDirectory (RaftStorageDirectory.java:analyzeStorage(246)) - The storage directory /workdir/hadoop-ozone/integration-test/target/test-dir/MiniOzoneClusterImpl-5fa0230b-2e3b-4574-a1d1-aab0eaf0b74a/datanode-7/data/ratis/f1f0b6d6-bd80-4011-a65b-29df459d7df8 does not exist. Creating ...
2019-08-27 08:59:14,040 [pool-626-thread-1] INFO  storage.RaftStorageDirectory (RaftStorageDirectory.java:tryLock(328)) - Lock on /workdir/hadoop-ozone/integration-test/target/test-dir/MiniOzoneClusterImpl-5fa0230b-2e3b-4574-a1d1-aab0eaf0b74a/datanode-7/data/ratis/f1f0b6d6-bd80-4011-a65b-29df459d7df8/in_use.lock acquired by nodename 17688@trunk-nightly-adhoc-20190827-ds46k-2366760622
2019-08-27 08:59:14,056 [pool-626-thread-1] INFO  storage.RaftStorage (RaftStorage.java:format(72)) - Storage directory /workdir/hadoop-ozone/integration-test/target/test-dir/MiniOzoneClusterImpl-5fa0230b-2e3b-4574-a1d1-aab0eaf0b74a/datanode-7/data/ratis/f1f0b6d6-bd80-4011-a65b-29df459d7df8 has been successfully formatted.
2019-08-27 08:59:14,057 [pool-626-thread-1] INFO  ratis.ContainerStateMachine (ContainerStateMachine.java:loadSnapshot(226)) - group-29DF459D7DF8: The snapshot info is null. Setting the last applied indexto:(t:0, i:~)
2019-08-27 08:59:14,057 [pool-626-thread-1] INFO  server.RaftServerConfigKeys (ConfUtils.java:logGet(43)) - raft.server.leader.election.timeout = 120s (custom)
2019-08-27 08:59:14,057 [pool-626-thread-1] INFO  server.RaftServerConfigKeys (ConfUtils.java:logGet(43)) - raft.server.log.use.memory = false (default)
2019-08-27 08:59:14,057 [pool-626-thread-1] INFO  server.RaftServerConfigKeys (ConfUtils.java:logGet(43)) - raft.server.log.purge.gap = 1000000 (custom)
2019-08-27 08:59:14,057 [pool-626-thread-1] INFO  server.RaftServerConfigKeys (ConfUtils.java:logGet(43)) - raft.server.log.appender.buffer.byte-limit = 33554432 (custom)
2019-08-27 08:59:14,057 [pool-626-thread-1] INFO  server.RaftServerConfigKeys (ConfUtils.java:logGet(43)) - raft.server.log.segment.size.max = 1048576 (custom)
2019-08-27 08:59:14,057 [pool-626-thread-1] INFO  server.RaftServerConfigKeys (ConfUtils.java:logGet(43)) - raft.server.log.segment.cache.num.max = 2 (custom)
2019-08-27 08:59:14,057 [pool-626-thread-1] INFO  segmented.SegmentedRaftLogWorker (SegmentedRaftLogWorker.java:<init>(172)) - new a728ac9e-8b42-42b3-9e87-ec98a1f6c46a-SegmentedRaftLogWorker:Storage Directory /workdir/hadoop-ozone/integration-test/target/test-dir/MiniOzoneClusterImpl-5fa0230b-2e3b-4574-a1d1-aab0eaf0b74a/datanode-7/data/ratis/f1f0b6d6-bd80-4011-a65b-29df459d7df8 for RaftStorage:Storage Directory /workdir/hadoop-ozone/integration-test/target/test-dir/MiniOzoneClusterImpl-5fa0230b-2e3b-4574-a1d1-aab0eaf0b74a/datanode-7/data/ratis/f1f0b6d6-bd80-4011-a65b-29df459d7df8
2019-08-27 08:59:14,058 [pool-626-thread-1] INFO  server.RaftServerConfigKeys (ConfUtils.java:logGet(43)) - raft.server.log.queue.byte-limit = 2147483647 (custom)
2019-08-27 08:59:14,058 [pool-626-thread-1] INFO  server.RaftServerConfigKeys (ConfUtils.java:logGet(43)) - raft.server.log.queue.element-limit = 1024 (custom)
2019-08-27 08:59:14,058 [pool-626-thread-1] INFO  server.RaftServerConfigKeys (ConfUtils.java:logGet(43)) - raft.server.log.segment.size.max = 1048576 (custom)
2019-08-27 08:59:14,058 [pool-626-thread-1] INFO  server.RaftServerConfigKeys (ConfUtils.java:logGet(43)) - raft.server.log.preallocated.size = 16384 (custom)
2019-08-27 08:59:14,058 [pool-626-thread-1] INFO  server.RaftServerConfigKeys (ConfUtils.java:logGet(43)) - raft.server.log.write.buffer.size = 33554432 (custom)
2019-08-27 08:59:14,058 [pool-626-thread-1] INFO  server.RaftServerConfigKeys (ConfUtils.java:logGet(43)) - raft.server.log.force.sync.num = 128 (default)
2019-08-27 08:59:14,058 [pool-626-thread-1] INFO  server.RaftServerConfigKeys (ConfUtils.java:logGet(43)) - raft.server.log.statemachine.data.sync = true (default)
2019-08-27 08:59:14,058 [pool-626-thread-1] INFO  server.RaftServerConfigKeys (ConfUtils.java:logGet(43)) - raft.server.log.statemachine.data.sync.timeout = 10s (default)
2019-08-27 08:59:14,058 [pool-626-thread-1] INFO  server.RaftServerConfigKeys (ConfUtils.java:logGet(43)) - raft.server.log.statemachine.data.sync.timeout.retry = -1 (default)
2019-08-27 08:59:14,059 [pool-626-thread-1] INFO  server.RaftServerConfigKeys (ConfUtils.java:logGet(43)) - raft.server.log.statemachine.data.caching.enabled = true (custom)
2019-08-27 08:59:14,059 [pool-626-thread-1] INFO  segmented.SegmentedRaftLogWorker (SegmentedRaftLogWorker.java:lambda$new$0(132)) - a728ac9e-8b42-42b3-9e87-ec98a1f6c46a-SegmentedRaftLogWorker:Storage Directory /workdir/hadoop-ozone/integration-test/target/test-dir/MiniOzoneClusterImpl-5fa0230b-2e3b-4574-a1d1-aab0eaf0b74a/datanode-7/data/ratis/f1f0b6d6-bd80-4011-a65b-29df459d7df8: flushIndex: setUnconditionally 0 -> -1
2019-08-27 08:59:14,059 [pool-626-thread-1] INFO  server.RaftServerConfigKeys (ConfUtils.java:logGet(43)) - raft.server.snapshot.auto.trigger.enabled = true (custom)
2019-08-27 08:59:14,059 [pool-626-thread-1] INFO  server.RaftServerConfigKeys (ConfUtils.java:logGet(43)) - raft.server.snapshot.auto.trigger.threshold = 10000 (custom)
2019-08-27 08:59:14,059 [pool-626-thread-1] INFO  server.RaftServerConfigKeys (ConfUtils.java:logGet(43)) - raft.server.retrycache.expirytime = 600000ms (custom)
2019-08-27 08:59:14,060 [pool-626-thread-1] INFO  impl.RaftServerImpl (RaftServerImpl.java:start(180)) - a728ac9e-8b42-42b3-9e87-ec98a1f6c46a: start group-29DF459D7DF8
2019-08-27 08:59:14,060 [pool-626-thread-1] INFO  impl.RaftServerImpl (RaftServerImpl.java:setRole(171)) - a728ac9e-8b42-42b3-9e87-ec98a1f6c46a:group-29DF459D7DF8 changes role from null to FOLLOWER at term 0 for startAsFollower
2019-08-27 08:59:14,060 [pool-626-thread-1] INFO  impl.RoleInfo (RoleInfo.java:updateAndGet(143)) - a728ac9e-8b42-42b3-9e87-ec98a1f6c46a: start FollowerState
2019-08-27 08:59:14,060 [pool-626-thread-1] INFO  util.JmxRegister (JmxRegister.java:tryRegister(44)) - Successfully registered JMX Bean with object name Ratis:service=RaftServer,group=group-29DF459D7DF8,id=a728ac9e-8b42-42b3-9e87-ec98a1f6c46a
2019-08-27 08:59:14,062 [RatisPipelineUtilsThread] INFO  pipeline.PipelineStateManager (PipelineStateManager.java:addPipeline(56)) - Created pipeline Pipeline[ Id: f1f0b6d6-bd80-4011-a65b-29df459d7df8, Nodes: a728ac9e-8b42-42b3-9e87-ec98a1f6c46a{ip: 192.168.34.1, host: trunk-nightly-adhoc-20190827-ds46k-2366760622, networkLocation: /rack1, certSerialId: null}, Type:RATIS, Factor:ONE, State:OPEN]
2019-08-27 08:59:14,177 [IPC Server handler 0 on 38779] INFO  net.NetworkTopology (NetworkTopologyImpl.java:add(110)) - Added a new node: /rack1/82911ef2-faee-43a5-9a1d-aeefe797784b
2019-08-27 08:59:14,177 [IPC Server handler 0 on 38779] INFO  node.SCMNodeManager (SCMNodeManager.java:register(273)) - Registered Data node : 82911ef2-faee-43a5-9a1d-aeefe797784b{ip: 192.168.34.1, host: trunk-nightly-adhoc-20190827-ds46k-2366760622, networkLocation: /rack1, certSerialId: null}
2019-08-27 08:59:14,177 | INFO  | SCMAudit | user=jenkins1000 | ip=192.168.34.1 | op=REGISTER {datanodeDetails=82911ef2-faee-43a5-9a1d-aeefe797784b{ip: 192.168.34.1, host: trunk-nightly-adhoc-20190827-ds46k-2366760622, networkLocation: /default-rack, certSerialId: null}} | ret=SUCCESS |  
2019-08-27 08:59:14,184 [grpc-default-executor-5] INFO  impl.RaftServerProxy (RaftServerProxy.java:addNew(89)) - 82911ef2-faee-43a5-9a1d-aeefe797784b: addNew group-BA8887B2158D:[82911ef2-faee-43a5-9a1d-aeefe797784b:192.168.34.1:33806] returns group-BA8887B2158D:java.util.concurrent.CompletableFuture@4b5d1bdd[Not completed]
2019-08-27 08:59:14,185 [pool-637-thread-1] INFO  impl.RaftServerImpl (RaftServerImpl.java:<init>(93)) - 82911ef2-faee-43a5-9a1d-aeefe797784b: new RaftServerImpl for group-BA8887B2158D:[82911ef2-faee-43a5-9a1d-aeefe797784b:192.168.34.1:33806] with ContainerStateMachine:uninitialized
2019-08-27 08:59:14,185 [pool-637-thread-1] INFO  server.RaftServerConfigKeys (ConfUtils.java:logGet(43)) - raft.server.rpc.timeout.min = 1s (custom)
2019-08-27 08:59:14,185 [pool-637-thread-1] INFO  server.RaftServerConfigKeys (ConfUtils.java:logGet(43)) - raft.server.rpc.timeout.max = 1200ms (custom)
2019-08-27 08:59:14,185 [pool-637-thread-1] INFO  server.RaftServerConfigKeys (ConfUtils.java:logGet(43)) - raft.server.rpcslowness.timeout = 120s (custom)
2019-08-27 08:59:14,185 [pool-637-thread-1] INFO  server.RaftServerConfigKeys (ConfUtils.java:logGet(43)) - raft.server.sleep.deviation.threshold = 300 (default)
2019-08-27 08:59:14,185 [pool-637-thread-1] INFO  server.RaftServerConfigKeys (ConfUtils.java:logGet(43)) - raft.server.log.appender.install.snapshot.enabled = false (custom)
2019-08-27 08:59:14,185 [pool-637-thread-1] INFO  impl.RaftServerImpl (ServerState.java:<init>(105)) - 82911ef2-faee-43a5-9a1d-aeefe797784b:group-BA8887B2158D ConfigurationManager, init=-1: [82911ef2-faee-43a5-9a1d-aeefe797784b:192.168.34.1:33806], old=null, confs=<EMPTY_MAP>
2019-08-27 08:59:14,185 [pool-637-thread-1] INFO  server.RaftServerConfigKeys (ConfUtils.java:logGet(43)) - raft.server.storage.dir = [/workdir/hadoop-ozone/integration-test/target/test-dir/MiniOzoneClusterImpl-5fa0230b-2e3b-4574-a1d1-aab0eaf0b74a/datanode-8/data/ratis] (custom)
2019-08-27 08:59:14,186 [pool-637-thread-1] INFO  storage.RaftStorageDirectory (RaftStorageDirectory.java:analyzeStorage(246)) - The storage directory /workdir/hadoop-ozone/integration-test/target/test-dir/MiniOzoneClusterImpl-5fa0230b-2e3b-4574-a1d1-aab0eaf0b74a/datanode-8/data/ratis/c5469fe1-2700-4f07-960b-ba8887b2158d does not exist. Creating ...
2019-08-27 08:59:14,199 [pool-637-thread-1] INFO  storage.RaftStorageDirectory (RaftStorageDirectory.java:tryLock(328)) - Lock on /workdir/hadoop-ozone/integration-test/target/test-dir/MiniOzoneClusterImpl-5fa0230b-2e3b-4574-a1d1-aab0eaf0b74a/datanode-8/data/ratis/c5469fe1-2700-4f07-960b-ba8887b2158d/in_use.lock acquired by nodename 17688@trunk-nightly-adhoc-20190827-ds46k-2366760622
2019-08-27 08:59:14,212 [pool-637-thread-1] INFO  storage.RaftStorage (RaftStorage.java:format(72)) - Storage directory /workdir/hadoop-ozone/integration-test/target/test-dir/MiniOzoneClusterImpl-5fa0230b-2e3b-4574-a1d1-aab0eaf0b74a/datanode-8/data/ratis/c5469fe1-2700-4f07-960b-ba8887b2158d has been successfully formatted.
2019-08-27 08:59:14,212 [pool-637-thread-1] INFO  ratis.ContainerStateMachine (ContainerStateMachine.java:loadSnapshot(226)) - group-BA8887B2158D: The snapshot info is null. Setting the last applied indexto:(t:0, i:~)
2019-08-27 08:59:14,213 [pool-637-thread-1] INFO  server.RaftServerConfigKeys (ConfUtils.java:logGet(43)) - raft.server.leader.election.timeout = 120s (custom)
2019-08-27 08:59:14,213 [pool-637-thread-1] INFO  server.RaftServerConfigKeys (ConfUtils.java:logGet(43)) - raft.server.log.use.memory = false (default)
2019-08-27 08:59:14,213 [pool-637-thread-1] INFO  server.RaftServerConfigKeys (ConfUtils.java:logGet(43)) - raft.server.log.purge.gap = 1000000 (custom)
2019-08-27 08:59:14,213 [pool-637-thread-1] INFO  server.RaftServerConfigKeys (ConfUtils.java:logGet(43)) - raft.server.log.appender.buffer.byte-limit = 33554432 (custom)
2019-08-27 08:59:14,213 [pool-637-thread-1] INFO  server.RaftServerConfigKeys (ConfUtils.java:logGet(43)) - raft.server.log.segment.size.max = 1048576 (custom)
2019-08-27 08:59:14,213 [pool-637-thread-1] INFO  server.RaftServerConfigKeys (ConfUtils.java:logGet(43)) - raft.server.log.segment.cache.num.max = 2 (custom)
2019-08-27 08:59:14,213 [pool-637-thread-1] INFO  segmented.SegmentedRaftLogWorker (SegmentedRaftLogWorker.java:<init>(172)) - new 82911ef2-faee-43a5-9a1d-aeefe797784b-SegmentedRaftLogWorker:Storage Directory /workdir/hadoop-ozone/integration-test/target/test-dir/MiniOzoneClusterImpl-5fa0230b-2e3b-4574-a1d1-aab0eaf0b74a/datanode-8/data/ratis/c5469fe1-2700-4f07-960b-ba8887b2158d for RaftStorage:Storage Directory /workdir/hadoop-ozone/integration-test/target/test-dir/MiniOzoneClusterImpl-5fa0230b-2e3b-4574-a1d1-aab0eaf0b74a/datanode-8/data/ratis/c5469fe1-2700-4f07-960b-ba8887b2158d
2019-08-27 08:59:14,214 [pool-637-thread-1] INFO  server.RaftServerConfigKeys (ConfUtils.java:logGet(43)) - raft.server.log.queue.byte-limit = 2147483647 (custom)
2019-08-27 08:59:14,214 [pool-637-thread-1] INFO  server.RaftServerConfigKeys (ConfUtils.java:logGet(43)) - raft.server.log.queue.element-limit = 1024 (custom)
2019-08-27 08:59:14,214 [pool-637-thread-1] INFO  server.RaftServerConfigKeys (ConfUtils.java:logGet(43)) - raft.server.log.segment.size.max = 1048576 (custom)
2019-08-27 08:59:14,214 [pool-637-thread-1] INFO  server.RaftServerConfigKeys (ConfUtils.java:logGet(43)) - raft.server.log.preallocated.size = 16384 (custom)
2019-08-27 08:59:14,214 [pool-637-thread-1] INFO  server.RaftServerConfigKeys (ConfUtils.java:logGet(43)) - raft.server.log.write.buffer.size = 33554432 (custom)
2019-08-27 08:59:14,214 [pool-637-thread-1] INFO  server.RaftServerConfigKeys (ConfUtils.java:logGet(43)) - raft.server.log.force.sync.num = 128 (default)
2019-08-27 08:59:14,214 [pool-637-thread-1] INFO  server.RaftServerConfigKeys (ConfUtils.java:logGet(43)) - raft.server.log.statemachine.data.sync = true (default)
2019-08-27 08:59:14,214 [pool-637-thread-1] INFO  server.RaftServerConfigKeys (ConfUtils.java:logGet(43)) - raft.server.log.statemachine.data.sync.timeout = 10s (default)
2019-08-27 08:59:14,214 [pool-637-thread-1] INFO  server.RaftServerConfigKeys (ConfUtils.java:logGet(43)) - raft.server.log.statemachine.data.sync.timeout.retry = -1 (default)
2019-08-27 08:59:14,214 [pool-637-thread-1] INFO  server.RaftServerConfigKeys (ConfUtils.java:logGet(43)) - raft.server.log.statemachine.data.caching.enabled = true (custom)
2019-08-27 08:59:14,215 [pool-637-thread-1] INFO  segmented.SegmentedRaftLogWorker (SegmentedRaftLogWorker.java:lambda$new$0(132)) - 82911ef2-faee-43a5-9a1d-aeefe797784b-SegmentedRaftLogWorker:Storage Directory /workdir/hadoop-ozone/integration-test/target/test-dir/MiniOzoneClusterImpl-5fa0230b-2e3b-4574-a1d1-aab0eaf0b74a/datanode-8/data/ratis/c5469fe1-2700-4f07-960b-ba8887b2158d: flushIndex: setUnconditionally 0 -> -1
2019-08-27 08:59:14,215 [pool-637-thread-1] INFO  server.RaftServerConfigKeys (ConfUtils.java:logGet(43)) - raft.server.snapshot.auto.trigger.enabled = true (custom)
2019-08-27 08:59:14,215 [pool-637-thread-1] INFO  server.RaftServerConfigKeys (ConfUtils.java:logGet(43)) - raft.server.snapshot.auto.trigger.threshold = 10000 (custom)
2019-08-27 08:59:14,215 [pool-637-thread-1] INFO  server.RaftServerConfigKeys (ConfUtils.java:logGet(43)) - raft.server.retrycache.expirytime = 600000ms (custom)
2019-08-27 08:59:14,215 [pool-637-thread-1] INFO  impl.RaftServerImpl (RaftServerImpl.java:start(180)) - 82911ef2-faee-43a5-9a1d-aeefe797784b: start group-BA8887B2158D
2019-08-27 08:59:14,215 [pool-637-thread-1] INFO  impl.RaftServerImpl (RaftServerImpl.java:setRole(171)) - 82911ef2-faee-43a5-9a1d-aeefe797784b:group-BA8887B2158D changes role from null to FOLLOWER at term 0 for startAsFollower
2019-08-27 08:59:14,216 [pool-637-thread-1] INFO  impl.RoleInfo (RoleInfo.java:updateAndGet(143)) - 82911ef2-faee-43a5-9a1d-aeefe797784b: start FollowerState
2019-08-27 08:59:14,216 [pool-637-thread-1] INFO  util.JmxRegister (JmxRegister.java:tryRegister(44)) - Successfully registered JMX Bean with object name Ratis:service=RaftServer,group=group-BA8887B2158D,id=82911ef2-faee-43a5-9a1d-aeefe797784b
2019-08-27 08:59:14,218 [RatisPipelineUtilsThread] INFO  pipeline.PipelineStateManager (PipelineStateManager.java:addPipeline(56)) - Created pipeline Pipeline[ Id: c5469fe1-2700-4f07-960b-ba8887b2158d, Nodes: 82911ef2-faee-43a5-9a1d-aeefe797784b{ip: 192.168.34.1, host: trunk-nightly-adhoc-20190827-ds46k-2366760622, networkLocation: /rack1, certSerialId: null}, Type:RATIS, Factor:ONE, State:OPEN]
2019-08-27 08:59:14,228 [grpc-default-executor-7] INFO  impl.RaftServerProxy (RaftServerProxy.java:addNew(89)) - 82911ef2-faee-43a5-9a1d-aeefe797784b: addNew group-9BDE53BF1F89:[521aeba6-88aa-48b7-8766-3f4d75ba2df1:192.168.34.1:36388, 82911ef2-faee-43a5-9a1d-aeefe797784b:192.168.34.1:33806, a728ac9e-8b42-42b3-9e87-ec98a1f6c46a:192.168.34.1:36002] returns group-9BDE53BF1F89:java.util.concurrent.CompletableFuture@cbcfb24[Not completed]
2019-08-27 08:59:14,228 [grpc-default-executor-5] INFO  impl.RaftServerProxy (RaftServerProxy.java:addNew(89)) - a728ac9e-8b42-42b3-9e87-ec98a1f6c46a: addNew group-9BDE53BF1F89:[521aeba6-88aa-48b7-8766-3f4d75ba2df1:192.168.34.1:36388, 82911ef2-faee-43a5-9a1d-aeefe797784b:192.168.34.1:33806, a728ac9e-8b42-42b3-9e87-ec98a1f6c46a:192.168.34.1:36002] returns group-9BDE53BF1F89:java.util.concurrent.CompletableFuture@4c08cdc3[Not completed]
2019-08-27 08:59:14,228 [grpc-default-executor-11] INFO  impl.RaftServerProxy (RaftServerProxy.java:addNew(89)) - 521aeba6-88aa-48b7-8766-3f4d75ba2df1: addNew group-9BDE53BF1F89:[521aeba6-88aa-48b7-8766-3f4d75ba2df1:192.168.34.1:36388, 82911ef2-faee-43a5-9a1d-aeefe797784b:192.168.34.1:33806, a728ac9e-8b42-42b3-9e87-ec98a1f6c46a:192.168.34.1:36002] returns group-9BDE53BF1F89:java.util.concurrent.CompletableFuture@2bd9ced6[Not completed]
2019-08-27 08:59:14,229 [pool-626-thread-1] INFO  impl.RaftServerImpl (RaftServerImpl.java:<init>(93)) - a728ac9e-8b42-42b3-9e87-ec98a1f6c46a: new RaftServerImpl for group-9BDE53BF1F89:[521aeba6-88aa-48b7-8766-3f4d75ba2df1:192.168.34.1:36388, 82911ef2-faee-43a5-9a1d-aeefe797784b:192.168.34.1:33806, a728ac9e-8b42-42b3-9e87-ec98a1f6c46a:192.168.34.1:36002] with ContainerStateMachine:uninitialized
2019-08-27 08:59:14,229 [pool-626-thread-1] INFO  server.RaftServerConfigKeys (ConfUtils.java:logGet(43)) - raft.server.rpc.timeout.min = 1s (custom)
2019-08-27 08:59:14,229 [pool-626-thread-1] INFO  server.RaftServerConfigKeys (ConfUtils.java:logGet(43)) - raft.server.rpc.timeout.max = 1200ms (custom)
2019-08-27 08:59:14,229 [pool-626-thread-1] INFO  server.RaftServerConfigKeys (ConfUtils.java:logGet(43)) - raft.server.rpcslowness.timeout = 120s (custom)
2019-08-27 08:59:14,229 [pool-615-thread-1] INFO  impl.RaftServerImpl (RaftServerImpl.java:<init>(93)) - 521aeba6-88aa-48b7-8766-3f4d75ba2df1: new RaftServerImpl for group-9BDE53BF1F89:[521aeba6-88aa-48b7-8766-3f4d75ba2df1:192.168.34.1:36388, 82911ef2-faee-43a5-9a1d-aeefe797784b:192.168.34.1:33806, a728ac9e-8b42-42b3-9e87-ec98a1f6c46a:192.168.34.1:36002] with ContainerStateMachine:uninitialized
2019-08-27 08:59:14,229 [pool-626-thread-1] INFO  server.RaftServerConfigKeys (ConfUtils.java:logGet(43)) - raft.server.sleep.deviation.threshold = 300 (default)
2019-08-27 08:59:14,229 [pool-615-thread-1] INFO  server.RaftServerConfigKeys (ConfUtils.java:logGet(43)) - raft.server.rpc.timeout.min = 1s (custom)
2019-08-27 08:59:14,230 [pool-637-thread-1] INFO  impl.RaftServerImpl (RaftServerImpl.java:<init>(93)) - 82911ef2-faee-43a5-9a1d-aeefe797784b: new RaftServerImpl for group-9BDE53BF1F89:[521aeba6-88aa-48b7-8766-3f4d75ba2df1:192.168.34.1:36388, 82911ef2-faee-43a5-9a1d-aeefe797784b:192.168.34.1:33806, a728ac9e-8b42-42b3-9e87-ec98a1f6c46a:192.168.34.1:36002] with ContainerStateMachine:uninitialized
2019-08-27 08:59:14,230 [pool-626-thread-1] INFO  server.RaftServerConfigKeys (ConfUtils.java:logGet(43)) - raft.server.log.appender.install.snapshot.enabled = false (custom)
2019-08-27 08:59:14,230 [pool-637-thread-1] INFO  server.RaftServerConfigKeys (ConfUtils.java:logGet(43)) - raft.server.rpc.timeout.min = 1s (custom)
2019-08-27 08:59:14,230 [pool-615-thread-1] INFO  server.RaftServerConfigKeys (ConfUtils.java:logGet(43)) - raft.server.rpc.timeout.max = 1200ms (custom)
2019-08-27 08:59:14,230 [pool-637-thread-1] INFO  server.RaftServerConfigKeys (ConfUtils.java:logGet(43)) - raft.server.rpc.timeout.max = 1200ms (custom)
2019-08-27 08:59:14,230 [pool-626-thread-1] INFO  impl.RaftServerImpl (ServerState.java:<init>(105)) - a728ac9e-8b42-42b3-9e87-ec98a1f6c46a:group-9BDE53BF1F89 ConfigurationManager, init=-1: [521aeba6-88aa-48b7-8766-3f4d75ba2df1:192.168.34.1:36388, 82911ef2-faee-43a5-9a1d-aeefe797784b:192.168.34.1:33806, a728ac9e-8b42-42b3-9e87-ec98a1f6c46a:192.168.34.1:36002], old=null, confs=<EMPTY_MAP>
2019-08-27 08:59:14,230 [pool-637-thread-1] INFO  server.RaftServerConfigKeys (ConfUtils.java:logGet(43)) - raft.server.rpcslowness.timeout = 120s (custom)
2019-08-27 08:59:14,230 [pool-615-thread-1] INFO  server.RaftServerConfigKeys (ConfUtils.java:logGet(43)) - raft.server.rpcslowness.timeout = 120s (custom)
2019-08-27 08:59:14,230 [pool-637-thread-1] INFO  server.RaftServerConfigKeys (ConfUtils.java:logGet(43)) - raft.server.sleep.deviation.threshold = 300 (default)
2019-08-27 08:59:14,230 [pool-626-thread-1] INFO  server.RaftServerConfigKeys (ConfUtils.java:logGet(43)) - raft.server.storage.dir = [/workdir/hadoop-ozone/integration-test/target/test-dir/MiniOzoneClusterImpl-5fa0230b-2e3b-4574-a1d1-aab0eaf0b74a/datanode-7/data/ratis] (custom)
2019-08-27 08:59:14,230 [pool-637-thread-1] INFO  server.RaftServerConfigKeys (ConfUtils.java:logGet(43)) - raft.server.log.appender.install.snapshot.enabled = false (custom)
2019-08-27 08:59:14,230 [pool-615-thread-1] INFO  server.RaftServerConfigKeys (ConfUtils.java:logGet(43)) - raft.server.sleep.deviation.threshold = 300 (default)
2019-08-27 08:59:14,230 [pool-637-thread-1] INFO  impl.RaftServerImpl (ServerState.java:<init>(105)) - 82911ef2-faee-43a5-9a1d-aeefe797784b:group-9BDE53BF1F89 ConfigurationManager, init=-1: [521aeba6-88aa-48b7-8766-3f4d75ba2df1:192.168.34.1:36388, 82911ef2-faee-43a5-9a1d-aeefe797784b:192.168.34.1:33806, a728ac9e-8b42-42b3-9e87-ec98a1f6c46a:192.168.34.1:36002], old=null, confs=<EMPTY_MAP>
2019-08-27 08:59:14,231 [pool-626-thread-1] INFO  storage.RaftStorageDirectory (RaftStorageDirectory.java:analyzeStorage(246)) - The storage directory /workdir/hadoop-ozone/integration-test/target/test-dir/MiniOzoneClusterImpl-5fa0230b-2e3b-4574-a1d1-aab0eaf0b74a/datanode-7/data/ratis/9303588b-cf83-416f-8dbd-9bde53bf1f89 does not exist. Creating ...
2019-08-27 08:59:14,231 [pool-615-thread-1] INFO  server.RaftServerConfigKeys (ConfUtils.java:logGet(43)) - raft.server.log.appender.install.snapshot.enabled = false (custom)
2019-08-27 08:59:14,231 [pool-637-thread-1] INFO  server.RaftServerConfigKeys (ConfUtils.java:logGet(43)) - raft.server.storage.dir = [/workdir/hadoop-ozone/integration-test/target/test-dir/MiniOzoneClusterImpl-5fa0230b-2e3b-4574-a1d1-aab0eaf0b74a/datanode-8/data/ratis] (custom)
2019-08-27 08:59:14,231 [pool-615-thread-1] INFO  impl.RaftServerImpl (ServerState.java:<init>(105)) - 521aeba6-88aa-48b7-8766-3f4d75ba2df1:group-9BDE53BF1F89 ConfigurationManager, init=-1: [521aeba6-88aa-48b7-8766-3f4d75ba2df1:192.168.34.1:36388, 82911ef2-faee-43a5-9a1d-aeefe797784b:192.168.34.1:33806, a728ac9e-8b42-42b3-9e87-ec98a1f6c46a:192.168.34.1:36002], old=null, confs=<EMPTY_MAP>
2019-08-27 08:59:14,231 [pool-615-thread-1] INFO  server.RaftServerConfigKeys (ConfUtils.java:logGet(43)) - raft.server.storage.dir = [/workdir/hadoop-ozone/integration-test/target/test-dir/MiniOzoneClusterImpl-5fa0230b-2e3b-4574-a1d1-aab0eaf0b74a/datanode-6/data/ratis] (custom)
2019-08-27 08:59:14,231 [pool-637-thread-1] INFO  storage.RaftStorageDirectory (RaftStorageDirectory.java:analyzeStorage(246)) - The storage directory /workdir/hadoop-ozone/integration-test/target/test-dir/MiniOzoneClusterImpl-5fa0230b-2e3b-4574-a1d1-aab0eaf0b74a/datanode-8/data/ratis/9303588b-cf83-416f-8dbd-9bde53bf1f89 does not exist. Creating ...
2019-08-27 08:59:14,231 [pool-615-thread-1] INFO  storage.RaftStorageDirectory (RaftStorageDirectory.java:analyzeStorage(246)) - The storage directory /workdir/hadoop-ozone/integration-test/target/test-dir/MiniOzoneClusterImpl-5fa0230b-2e3b-4574-a1d1-aab0eaf0b74a/datanode-6/data/ratis/9303588b-cf83-416f-8dbd-9bde53bf1f89 does not exist. Creating ...
2019-08-27 08:59:14,239 [pool-615-thread-1] INFO  storage.RaftStorageDirectory (RaftStorageDirectory.java:tryLock(328)) - Lock on /workdir/hadoop-ozone/integration-test/target/test-dir/MiniOzoneClusterImpl-5fa0230b-2e3b-4574-a1d1-aab0eaf0b74a/datanode-6/data/ratis/9303588b-cf83-416f-8dbd-9bde53bf1f89/in_use.lock acquired by nodename 17688@trunk-nightly-adhoc-20190827-ds46k-2366760622
2019-08-27 08:59:14,239 [pool-626-thread-1] INFO  storage.RaftStorageDirectory (RaftStorageDirectory.java:tryLock(328)) - Lock on /workdir/hadoop-ozone/integration-test/target/test-dir/MiniOzoneClusterImpl-5fa0230b-2e3b-4574-a1d1-aab0eaf0b74a/datanode-7/data/ratis/9303588b-cf83-416f-8dbd-9bde53bf1f89/in_use.lock acquired by nodename 17688@trunk-nightly-adhoc-20190827-ds46k-2366760622
2019-08-27 08:59:14,239 [pool-637-thread-1] INFO  storage.RaftStorageDirectory (RaftStorageDirectory.java:tryLock(328)) - Lock on /workdir/hadoop-ozone/integration-test/target/test-dir/MiniOzoneClusterImpl-5fa0230b-2e3b-4574-a1d1-aab0eaf0b74a/datanode-8/data/ratis/9303588b-cf83-416f-8dbd-9bde53bf1f89/in_use.lock acquired by nodename 17688@trunk-nightly-adhoc-20190827-ds46k-2366760622
2019-08-27 08:59:14,252 [pool-637-thread-1] INFO  storage.RaftStorage (RaftStorage.java:format(72)) - Storage directory /workdir/hadoop-ozone/integration-test/target/test-dir/MiniOzoneClusterImpl-5fa0230b-2e3b-4574-a1d1-aab0eaf0b74a/datanode-8/data/ratis/9303588b-cf83-416f-8dbd-9bde53bf1f89 has been successfully formatted.
2019-08-27 08:59:14,252 [pool-626-thread-1] INFO  storage.RaftStorage (RaftStorage.java:format(72)) - Storage directory /workdir/hadoop-ozone/integration-test/target/test-dir/MiniOzoneClusterImpl-5fa0230b-2e3b-4574-a1d1-aab0eaf0b74a/datanode-7/data/ratis/9303588b-cf83-416f-8dbd-9bde53bf1f89 has been successfully formatted.
2019-08-27 08:59:14,252 [pool-615-thread-1] INFO  storage.RaftStorage (RaftStorage.java:format(72)) - Storage directory /workdir/hadoop-ozone/integration-test/target/test-dir/MiniOzoneClusterImpl-5fa0230b-2e3b-4574-a1d1-aab0eaf0b74a/datanode-6/data/ratis/9303588b-cf83-416f-8dbd-9bde53bf1f89 has been successfully formatted.
2019-08-27 08:59:14,253 [pool-637-thread-1] INFO  ratis.ContainerStateMachine (ContainerStateMachine.java:loadSnapshot(226)) - group-9BDE53BF1F89: The snapshot info is null. Setting the last applied indexto:(t:0, i:~)
2019-08-27 08:59:14,253 [pool-615-thread-1] INFO  ratis.ContainerStateMachine (ContainerStateMachine.java:loadSnapshot(226)) - group-9BDE53BF1F89: The snapshot info is null. Setting the last applied indexto:(t:0, i:~)
2019-08-27 08:59:14,253 [pool-626-thread-1] INFO  ratis.ContainerStateMachine (ContainerStateMachine.java:loadSnapshot(226)) - group-9BDE53BF1F89: The snapshot info is null. Setting the last applied indexto:(t:0, i:~)
2019-08-27 08:59:14,253 [pool-615-thread-1] INFO  server.RaftServerConfigKeys (ConfUtils.java:logGet(43)) - raft.server.leader.election.timeout = 120s (custom)
2019-08-27 08:59:14,253 [pool-637-thread-1] INFO  server.RaftServerConfigKeys (ConfUtils.java:logGet(43)) - raft.server.leader.election.timeout = 120s (custom)
2019-08-27 08:59:14,253 [pool-615-thread-1] INFO  server.RaftServerConfigKeys (ConfUtils.java:logGet(43)) - raft.server.log.use.memory = false (default)
2019-08-27 08:59:14,253 [pool-626-thread-1] INFO  server.RaftServerConfigKeys (ConfUtils.java:logGet(43)) - raft.server.leader.election.timeout = 120s (custom)
2019-08-27 08:59:14,253 [pool-615-thread-1] INFO  server.RaftServerConfigKeys (ConfUtils.java:logGet(43)) - raft.server.log.purge.gap = 1000000 (custom)
2019-08-27 08:59:14,253 [pool-637-thread-1] INFO  server.RaftServerConfigKeys (ConfUtils.java:logGet(43)) - raft.server.log.use.memory = false (default)
2019-08-27 08:59:14,254 [pool-615-thread-1] INFO  server.RaftServerConfigKeys (ConfUtils.java:logGet(43)) - raft.server.log.appender.buffer.byte-limit = 33554432 (custom)
2019-08-27 08:59:14,254 [pool-626-thread-1] INFO  server.RaftServerConfigKeys (ConfUtils.java:logGet(43)) - raft.server.log.use.memory = false (default)
2019-08-27 08:59:14,254 [pool-615-thread-1] INFO  server.RaftServerConfigKeys (ConfUtils.java:logGet(43)) - raft.server.log.segment.size.max = 1048576 (custom)
2019-08-27 08:59:14,254 [pool-637-thread-1] INFO  server.RaftServerConfigKeys (ConfUtils.java:logGet(43)) - raft.server.log.purge.gap = 1000000 (custom)
2019-08-27 08:59:14,254 [pool-615-thread-1] INFO  server.RaftServerConfigKeys (ConfUtils.java:logGet(43)) - raft.server.log.segment.cache.num.max = 2 (custom)
2019-08-27 08:59:14,254 [pool-626-thread-1] INFO  server.RaftServerConfigKeys (ConfUtils.java:logGet(43)) - raft.server.log.purge.gap = 1000000 (custom)
2019-08-27 08:59:14,254 [pool-615-thread-1] INFO  segmented.SegmentedRaftLogWorker (SegmentedRaftLogWorker.java:<init>(172)) - new 521aeba6-88aa-48b7-8766-3f4d75ba2df1-SegmentedRaftLogWorker:Storage Directory /workdir/hadoop-ozone/integration-test/target/test-dir/MiniOzoneClusterImpl-5fa0230b-2e3b-4574-a1d1-aab0eaf0b74a/datanode-6/data/ratis/9303588b-cf83-416f-8dbd-9bde53bf1f89 for RaftStorage:Storage Directory /workdir/hadoop-ozone/integration-test/target/test-dir/MiniOzoneClusterImpl-5fa0230b-2e3b-4574-a1d1-aab0eaf0b74a/datanode-6/data/ratis/9303588b-cf83-416f-8dbd-9bde53bf1f89
2019-08-27 08:59:14,254 [pool-637-thread-1] INFO  server.RaftServerConfigKeys (ConfUtils.java:logGet(43)) - raft.server.log.appender.buffer.byte-limit = 33554432 (custom)
2019-08-27 08:59:14,255 [pool-615-thread-1] INFO  server.RaftServerConfigKeys (ConfUtils.java:logGet(43)) - raft.server.log.queue.byte-limit = 2147483647 (custom)
2019-08-27 08:59:14,255 [pool-615-thread-1] INFO  server.RaftServerConfigKeys (ConfUtils.java:logGet(43)) - raft.server.log.queue.element-limit = 1024 (custom)
2019-08-27 08:59:14,254 [pool-626-thread-1] INFO  server.RaftServerConfigKeys (ConfUtils.java:logGet(43)) - raft.server.log.appender.buffer.byte-limit = 33554432 (custom)
2019-08-27 08:59:14,255 [pool-615-thread-1] INFO  server.RaftServerConfigKeys (ConfUtils.java:logGet(43)) - raft.server.log.segment.size.max = 1048576 (custom)
2019-08-27 08:59:14,255 [pool-637-thread-1] INFO  server.RaftServerConfigKeys (ConfUtils.java:logGet(43)) - raft.server.log.segment.size.max = 1048576 (custom)
2019-08-27 08:59:14,255 [pool-615-thread-1] INFO  server.RaftServerConfigKeys (ConfUtils.java:logGet(43)) - raft.server.log.preallocated.size = 16384 (custom)
2019-08-27 08:59:14,255 [pool-626-thread-1] INFO  server.RaftServerConfigKeys (ConfUtils.java:logGet(43)) - raft.server.log.segment.size.max = 1048576 (custom)
2019-08-27 08:59:14,255 [pool-615-thread-1] INFO  server.RaftServerConfigKeys (ConfUtils.java:logGet(43)) - raft.server.log.write.buffer.size = 33554432 (custom)
2019-08-27 08:59:14,255 [pool-637-thread-1] INFO  server.RaftServerConfigKeys (ConfUtils.java:logGet(43)) - raft.server.log.segment.cache.num.max = 2 (custom)
2019-08-27 08:59:14,256 [pool-615-thread-1] INFO  server.RaftServerConfigKeys (ConfUtils.java:logGet(43)) - raft.server.log.force.sync.num = 128 (default)
2019-08-27 08:59:14,256 [pool-626-thread-1] INFO  server.RaftServerConfigKeys (ConfUtils.java:logGet(43)) - raft.server.log.segment.cache.num.max = 2 (custom)
2019-08-27 08:59:14,256 [pool-615-thread-1] INFO  server.RaftServerConfigKeys (ConfUtils.java:logGet(43)) - raft.server.log.statemachine.data.sync = true (default)
2019-08-27 08:59:14,256 [pool-637-thread-1] INFO  segmented.SegmentedRaftLogWorker (SegmentedRaftLogWorker.java:<init>(172)) - new 82911ef2-faee-43a5-9a1d-aeefe797784b-SegmentedRaftLogWorker:Storage Directory /workdir/hadoop-ozone/integration-test/target/test-dir/MiniOzoneClusterImpl-5fa0230b-2e3b-4574-a1d1-aab0eaf0b74a/datanode-8/data/ratis/9303588b-cf83-416f-8dbd-9bde53bf1f89 for RaftStorage:Storage Directory /workdir/hadoop-ozone/integration-test/target/test-dir/MiniOzoneClusterImpl-5fa0230b-2e3b-4574-a1d1-aab0eaf0b74a/datanode-8/data/ratis/9303588b-cf83-416f-8dbd-9bde53bf1f89
2019-08-27 08:59:14,256 [pool-615-thread-1] INFO  server.RaftServerConfigKeys (ConfUtils.java:logGet(43)) - raft.server.log.statemachine.data.sync.timeout = 10s (default)
2019-08-27 08:59:14,256 [pool-626-thread-1] INFO  segmented.SegmentedRaftLogWorker (SegmentedRaftLogWorker.java:<init>(172)) - new a728ac9e-8b42-42b3-9e87-ec98a1f6c46a-SegmentedRaftLogWorker:Storage Directory /workdir/hadoop-ozone/integration-test/target/test-dir/MiniOzoneClusterImpl-5fa0230b-2e3b-4574-a1d1-aab0eaf0b74a/datanode-7/data/ratis/9303588b-cf83-416f-8dbd-9bde53bf1f89 for RaftStorage:Storage Directory /workdir/hadoop-ozone/integration-test/target/test-dir/MiniOzoneClusterImpl-5fa0230b-2e3b-4574-a1d1-aab0eaf0b74a/datanode-7/data/ratis/9303588b-cf83-416f-8dbd-9bde53bf1f89
2019-08-27 08:59:14,256 [pool-615-thread-1] INFO  server.RaftServerConfigKeys (ConfUtils.java:logGet(43)) - raft.server.log.statemachine.data.sync.timeout.retry = -1 (default)
2019-08-27 08:59:14,256 [pool-637-thread-1] INFO  server.RaftServerConfigKeys (ConfUtils.java:logGet(43)) - raft.server.log.queue.byte-limit = 2147483647 (custom)
2019-08-27 08:59:14,257 [pool-615-thread-1] INFO  server.RaftServerConfigKeys (ConfUtils.java:logGet(43)) - raft.server.log.statemachine.data.caching.enabled = true (custom)
2019-08-27 08:59:14,257 [pool-626-thread-1] INFO  server.RaftServerConfigKeys (ConfUtils.java:logGet(43)) - raft.server.log.queue.byte-limit = 2147483647 (custom)
2019-08-27 08:59:14,257 [pool-637-thread-1] INFO  server.RaftServerConfigKeys (ConfUtils.java:logGet(43)) - raft.server.log.queue.element-limit = 1024 (custom)
2019-08-27 08:59:14,257 [pool-615-thread-1] INFO  segmented.SegmentedRaftLogWorker (SegmentedRaftLogWorker.java:lambda$new$0(132)) - 521aeba6-88aa-48b7-8766-3f4d75ba2df1-SegmentedRaftLogWorker:Storage Directory /workdir/hadoop-ozone/integration-test/target/test-dir/MiniOzoneClusterImpl-5fa0230b-2e3b-4574-a1d1-aab0eaf0b74a/datanode-6/data/ratis/9303588b-cf83-416f-8dbd-9bde53bf1f89: flushIndex: setUnconditionally 0 -> -1
2019-08-27 08:59:14,257 [pool-626-thread-1] INFO  server.RaftServerConfigKeys (ConfUtils.java:logGet(43)) - raft.server.log.queue.element-limit = 1024 (custom)
2019-08-27 08:59:14,257 [pool-637-thread-1] INFO  server.RaftServerConfigKeys (ConfUtils.java:logGet(43)) - raft.server.log.segment.size.max = 1048576 (custom)
2019-08-27 08:59:14,257 [pool-615-thread-1] INFO  server.RaftServerConfigKeys (ConfUtils.java:logGet(43)) - raft.server.snapshot.auto.trigger.enabled = true (custom)
2019-08-27 08:59:14,257 [pool-626-thread-1] INFO  server.RaftServerConfigKeys (ConfUtils.java:logGet(43)) - raft.server.log.segment.size.max = 1048576 (custom)
2019-08-27 08:59:14,257 [pool-615-thread-1] INFO  server.RaftServerConfigKeys (ConfUtils.java:logGet(43)) - raft.server.snapshot.auto.trigger.threshold = 10000 (custom)
2019-08-27 08:59:14,257 [pool-637-thread-1] INFO  server.RaftServerConfigKeys (ConfUtils.java:logGet(43)) - raft.server.log.preallocated.size = 16384 (custom)
2019-08-27 08:59:14,258 [pool-615-thread-1] INFO  server.RaftServerConfigKeys (ConfUtils.java:logGet(43)) - raft.server.retrycache.expirytime = 600000ms (custom)
2019-08-27 08:59:14,257 [pool-626-thread-1] INFO  server.RaftServerConfigKeys (ConfUtils.java:logGet(43)) - raft.server.log.preallocated.size = 16384 (custom)
2019-08-27 08:59:14,258 [pool-637-thread-1] INFO  server.RaftServerConfigKeys (ConfUtils.java:logGet(43)) - raft.server.log.write.buffer.size = 33554432 (custom)
2019-08-27 08:59:14,258 [pool-615-thread-1] INFO  impl.RaftServerImpl (RaftServerImpl.java:start(180)) - 521aeba6-88aa-48b7-8766-3f4d75ba2df1: start group-9BDE53BF1F89
2019-08-27 08:59:14,258 [pool-626-thread-1] INFO  server.RaftServerConfigKeys (ConfUtils.java:logGet(43)) - raft.server.log.write.buffer.size = 33554432 (custom)
2019-08-27 08:59:14,258 [pool-615-thread-1] INFO  impl.RaftServerImpl (RaftServerImpl.java:setRole(171)) - 521aeba6-88aa-48b7-8766-3f4d75ba2df1:group-9BDE53BF1F89 changes role from null to FOLLOWER at term 0 for startAsFollower
2019-08-27 08:59:14,258 [pool-637-thread-1] INFO  server.RaftServerConfigKeys (ConfUtils.java:logGet(43)) - raft.server.log.force.sync.num = 128 (default)
2019-08-27 08:59:14,258 [pool-615-thread-1] INFO  impl.RoleInfo (RoleInfo.java:updateAndGet(143)) - 521aeba6-88aa-48b7-8766-3f4d75ba2df1: start FollowerState
2019-08-27 08:59:14,258 [pool-626-thread-1] INFO  server.RaftServerConfigKeys (ConfUtils.java:logGet(43)) - raft.server.log.force.sync.num = 128 (default)
2019-08-27 08:59:14,258 [pool-637-thread-1] INFO  server.RaftServerConfigKeys (ConfUtils.java:logGet(43)) - raft.server.log.statemachine.data.sync = true (default)
2019-08-27 08:59:14,259 [pool-615-thread-1] INFO  util.JmxRegister (JmxRegister.java:tryRegister(44)) - Successfully registered JMX Bean with object name Ratis:service=RaftServer,group=group-9BDE53BF1F89,id=521aeba6-88aa-48b7-8766-3f4d75ba2df1
2019-08-27 08:59:14,258 [pool-626-thread-1] INFO  server.RaftServerConfigKeys (ConfUtils.java:logGet(43)) - raft.server.log.statemachine.data.sync = true (default)
2019-08-27 08:59:14,259 [pool-637-thread-1] INFO  server.RaftServerConfigKeys (ConfUtils.java:logGet(43)) - raft.server.log.statemachine.data.sync.timeout = 10s (default)
2019-08-27 08:59:14,259 [pool-626-thread-1] INFO  server.RaftServerConfigKeys (ConfUtils.java:logGet(43)) - raft.server.log.statemachine.data.sync.timeout = 10s (default)
2019-08-27 08:59:14,259 [pool-637-thread-1] INFO  server.RaftServerConfigKeys (ConfUtils.java:logGet(43)) - raft.server.log.statemachine.data.sync.timeout.retry = -1 (default)
2019-08-27 08:59:14,259 [pool-626-thread-1] INFO  server.RaftServerConfigKeys (ConfUtils.java:logGet(43)) - raft.server.log.statemachine.data.sync.timeout.retry = -1 (default)
2019-08-27 08:59:14,259 [pool-637-thread-1] INFO  server.RaftServerConfigKeys (ConfUtils.java:logGet(43)) - raft.server.log.statemachine.data.caching.enabled = true (custom)
2019-08-27 08:59:14,259 [pool-626-thread-1] INFO  server.RaftServerConfigKeys (ConfUtils.java:logGet(43)) - raft.server.log.statemachine.data.caching.enabled = true (custom)
2019-08-27 08:59:14,259 [pool-637-thread-1] INFO  segmented.SegmentedRaftLogWorker (SegmentedRaftLogWorker.java:lambda$new$0(132)) - 82911ef2-faee-43a5-9a1d-aeefe797784b-SegmentedRaftLogWorker:Storage Directory /workdir/hadoop-ozone/integration-test/target/test-dir/MiniOzoneClusterImpl-5fa0230b-2e3b-4574-a1d1-aab0eaf0b74a/datanode-8/data/ratis/9303588b-cf83-416f-8dbd-9bde53bf1f89: flushIndex: setUnconditionally 0 -> -1
2019-08-27 08:59:14,260 [pool-626-thread-1] INFO  segmented.SegmentedRaftLogWorker (SegmentedRaftLogWorker.java:lambda$new$0(132)) - a728ac9e-8b42-42b3-9e87-ec98a1f6c46a-SegmentedRaftLogWorker:Storage Directory /workdir/hadoop-ozone/integration-test/target/test-dir/MiniOzoneClusterImpl-5fa0230b-2e3b-4574-a1d1-aab0eaf0b74a/datanode-7/data/ratis/9303588b-cf83-416f-8dbd-9bde53bf1f89: flushIndex: setUnconditionally 0 -> -1
2019-08-27 08:59:14,260 [pool-637-thread-1] INFO  server.RaftServerConfigKeys (ConfUtils.java:logGet(43)) - raft.server.snapshot.auto.trigger.enabled = true (custom)
2019-08-27 08:59:14,260 [pool-637-thread-1] INFO  server.RaftServerConfigKeys (ConfUtils.java:logGet(43)) - raft.server.snapshot.auto.trigger.threshold = 10000 (custom)
2019-08-27 08:59:14,260 [pool-626-thread-1] INFO  server.RaftServerConfigKeys (ConfUtils.java:logGet(43)) - raft.server.snapshot.auto.trigger.enabled = true (custom)
2019-08-27 08:59:14,260 [pool-637-thread-1] INFO  server.RaftServerConfigKeys (ConfUtils.java:logGet(43)) - raft.server.retrycache.expirytime = 600000ms (custom)
2019-08-27 08:59:14,260 [pool-626-thread-1] INFO  server.RaftServerConfigKeys (ConfUtils.java:logGet(43)) - raft.server.snapshot.auto.trigger.threshold = 10000 (custom)
2019-08-27 08:59:14,260 [pool-637-thread-1] INFO  impl.RaftServerImpl (RaftServerImpl.java:start(180)) - 82911ef2-faee-43a5-9a1d-aeefe797784b: start group-9BDE53BF1F89
2019-08-27 08:59:14,260 [pool-626-thread-1] INFO  server.RaftServerConfigKeys (ConfUtils.java:logGet(43)) - raft.server.retrycache.expirytime = 600000ms (custom)
2019-08-27 08:59:14,260 [pool-637-thread-1] INFO  impl.RaftServerImpl (RaftServerImpl.java:setRole(171)) - 82911ef2-faee-43a5-9a1d-aeefe797784b:group-9BDE53BF1F89 changes role from null to FOLLOWER at term 0 for startAsFollower
2019-08-27 08:59:14,260 [pool-626-thread-1] INFO  impl.RaftServerImpl (RaftServerImpl.java:start(180)) - a728ac9e-8b42-42b3-9e87-ec98a1f6c46a: start group-9BDE53BF1F89
2019-08-27 08:59:14,260 [pool-637-thread-1] INFO  impl.RoleInfo (RoleInfo.java:updateAndGet(143)) - 82911ef2-faee-43a5-9a1d-aeefe797784b: start FollowerState
2019-08-27 08:59:14,261 [pool-626-thread-1] INFO  impl.RaftServerImpl (RaftServerImpl.java:setRole(171)) - a728ac9e-8b42-42b3-9e87-ec98a1f6c46a:group-9BDE53BF1F89 changes role from null to FOLLOWER at term 0 for startAsFollower
2019-08-27 08:59:14,261 [pool-626-thread-1] INFO  impl.RoleInfo (RoleInfo.java:updateAndGet(143)) - a728ac9e-8b42-42b3-9e87-ec98a1f6c46a: start FollowerState
2019-08-27 08:59:14,261 [pool-637-thread-1] INFO  util.JmxRegister (JmxRegister.java:tryRegister(44)) - Successfully registered JMX Bean with object name Ratis:service=RaftServer,group=group-9BDE53BF1F89,id=82911ef2-faee-43a5-9a1d-aeefe797784b
2019-08-27 08:59:14,261 [pool-626-thread-1] INFO  util.JmxRegister (JmxRegister.java:tryRegister(44)) - Successfully registered JMX Bean with object name Ratis:service=RaftServer,group=group-9BDE53BF1F89,id=a728ac9e-8b42-42b3-9e87-ec98a1f6c46a
2019-08-27 08:59:14,262 [RatisPipelineUtilsThread] INFO  pipeline.PipelineStateManager (PipelineStateManager.java:addPipeline(56)) - Created pipeline Pipeline[ Id: 9303588b-cf83-416f-8dbd-9bde53bf1f89, Nodes: 521aeba6-88aa-48b7-8766-3f4d75ba2df1{ip: 192.168.34.1, host: trunk-nightly-adhoc-20190827-ds46k-2366760622, networkLocation: /rack1, certSerialId: null}a728ac9e-8b42-42b3-9e87-ec98a1f6c46a{ip: 192.168.34.1, host: trunk-nightly-adhoc-20190827-ds46k-2366760622, networkLocation: /rack1, certSerialId: null}82911ef2-faee-43a5-9a1d-aeefe797784b{ip: 192.168.34.1, host: trunk-nightly-adhoc-20190827-ds46k-2366760622, networkLocation: /rack1, certSerialId: null}, Type:RATIS, Factor:THREE, State:OPEN]
2019-08-27 08:59:14,347 [main] INFO  ozone.MiniOzoneClusterImpl (MiniOzoneClusterImpl.java:lambda$waitForClusterToBeReady$0(142)) - Waiting for cluster to be ready. Got 6 of 10 DN Heartbeats.
2019-08-27 08:59:14,348 [IPC Server handler 3 on 38779] INFO  net.NetworkTopology (NetworkTopologyImpl.java:add(110)) - Added a new node: /rack1/4418b26a-a5e5-4792-b343-154b02de43dd
2019-08-27 08:59:14,348 [IPC Server handler 3 on 38779] INFO  node.SCMNodeManager (SCMNodeManager.java:register(273)) - Registered Data node : 4418b26a-a5e5-4792-b343-154b02de43dd{ip: 192.168.34.1, host: trunk-nightly-adhoc-20190827-ds46k-2366760622, networkLocation: /rack1, certSerialId: null}
2019-08-27 08:59:14,348 | INFO  | SCMAudit | user=jenkins1000 | ip=192.168.34.1 | op=REGISTER {datanodeDetails=4418b26a-a5e5-4792-b343-154b02de43dd{ip: 192.168.34.1, host: trunk-nightly-adhoc-20190827-ds46k-2366760622, networkLocation: /default-rack, certSerialId: null}} | ret=SUCCESS |  
2019-08-27 08:59:14,354 [grpc-default-executor-11] INFO  impl.RaftServerProxy (RaftServerProxy.java:addNew(89)) - 4418b26a-a5e5-4792-b343-154b02de43dd: addNew group-BE3F8BD500CC:[4418b26a-a5e5-4792-b343-154b02de43dd:192.168.34.1:34061] returns group-BE3F8BD500CC:java.util.concurrent.CompletableFuture@36ac5181[Not completed]
2019-08-27 08:59:14,355 [pool-648-thread-1] INFO  impl.RaftServerImpl (RaftServerImpl.java:<init>(93)) - 4418b26a-a5e5-4792-b343-154b02de43dd: new RaftServerImpl for group-BE3F8BD500CC:[4418b26a-a5e5-4792-b343-154b02de43dd:192.168.34.1:34061] with ContainerStateMachine:uninitialized
2019-08-27 08:59:14,355 [pool-648-thread-1] INFO  server.RaftServerConfigKeys (ConfUtils.java:logGet(43)) - raft.server.rpc.timeout.min = 1s (custom)
2019-08-27 08:59:14,355 [pool-648-thread-1] INFO  server.RaftServerConfigKeys (ConfUtils.java:logGet(43)) - raft.server.rpc.timeout.max = 1200ms (custom)
2019-08-27 08:59:14,355 [pool-648-thread-1] INFO  server.RaftServerConfigKeys (ConfUtils.java:logGet(43)) - raft.server.rpcslowness.timeout = 120s (custom)
2019-08-27 08:59:14,355 [pool-648-thread-1] INFO  server.RaftServerConfigKeys (ConfUtils.java:logGet(43)) - raft.server.sleep.deviation.threshold = 300 (default)
2019-08-27 08:59:14,355 [pool-648-thread-1] INFO  server.RaftServerConfigKeys (ConfUtils.java:logGet(43)) - raft.server.log.appender.install.snapshot.enabled = false (custom)
2019-08-27 08:59:14,355 [pool-648-thread-1] INFO  impl.RaftServerImpl (ServerState.java:<init>(105)) - 4418b26a-a5e5-4792-b343-154b02de43dd:group-BE3F8BD500CC ConfigurationManager, init=-1: [4418b26a-a5e5-4792-b343-154b02de43dd:192.168.34.1:34061], old=null, confs=<EMPTY_MAP>
2019-08-27 08:59:14,355 [pool-648-thread-1] INFO  server.RaftServerConfigKeys (ConfUtils.java:logGet(43)) - raft.server.storage.dir = [/workdir/hadoop-ozone/integration-test/target/test-dir/MiniOzoneClusterImpl-5fa0230b-2e3b-4574-a1d1-aab0eaf0b74a/datanode-9/data/ratis] (custom)
2019-08-27 08:59:14,356 [pool-648-thread-1] INFO  storage.RaftStorageDirectory (RaftStorageDirectory.java:analyzeStorage(246)) - The storage directory /workdir/hadoop-ozone/integration-test/target/test-dir/MiniOzoneClusterImpl-5fa0230b-2e3b-4574-a1d1-aab0eaf0b74a/datanode-9/data/ratis/81109abf-e465-42f4-97a2-be3f8bd500cc does not exist. Creating ...
2019-08-27 08:59:14,369 [pool-648-thread-1] INFO  storage.RaftStorageDirectory (RaftStorageDirectory.java:tryLock(328)) - Lock on /workdir/hadoop-ozone/integration-test/target/test-dir/MiniOzoneClusterImpl-5fa0230b-2e3b-4574-a1d1-aab0eaf0b74a/datanode-9/data/ratis/81109abf-e465-42f4-97a2-be3f8bd500cc/in_use.lock acquired by nodename 17688@trunk-nightly-adhoc-20190827-ds46k-2366760622
2019-08-27 08:59:14,382 [pool-648-thread-1] INFO  storage.RaftStorage (RaftStorage.java:format(72)) - Storage directory /workdir/hadoop-ozone/integration-test/target/test-dir/MiniOzoneClusterImpl-5fa0230b-2e3b-4574-a1d1-aab0eaf0b74a/datanode-9/data/ratis/81109abf-e465-42f4-97a2-be3f8bd500cc has been successfully formatted.
2019-08-27 08:59:14,382 [pool-648-thread-1] INFO  ratis.ContainerStateMachine (ContainerStateMachine.java:loadSnapshot(226)) - group-BE3F8BD500CC: The snapshot info is null. Setting the last applied indexto:(t:0, i:~)
2019-08-27 08:59:14,382 [pool-648-thread-1] INFO  server.RaftServerConfigKeys (ConfUtils.java:logGet(43)) - raft.server.leader.election.timeout = 120s (custom)
2019-08-27 08:59:14,382 [pool-648-thread-1] INFO  server.RaftServerConfigKeys (ConfUtils.java:logGet(43)) - raft.server.log.use.memory = false (default)
2019-08-27 08:59:14,383 [pool-648-thread-1] INFO  server.RaftServerConfigKeys (ConfUtils.java:logGet(43)) - raft.server.log.purge.gap = 1000000 (custom)
2019-08-27 08:59:14,383 [pool-648-thread-1] INFO  server.RaftServerConfigKeys (ConfUtils.java:logGet(43)) - raft.server.log.appender.buffer.byte-limit = 33554432 (custom)
2019-08-27 08:59:14,383 [pool-648-thread-1] INFO  server.RaftServerConfigKeys (ConfUtils.java:logGet(43)) - raft.server.log.segment.size.max = 1048576 (custom)
2019-08-27 08:59:14,383 [pool-648-thread-1] INFO  server.RaftServerConfigKeys (ConfUtils.java:logGet(43)) - raft.server.log.segment.cache.num.max = 2 (custom)
2019-08-27 08:59:14,383 [pool-648-thread-1] INFO  segmented.SegmentedRaftLogWorker (SegmentedRaftLogWorker.java:<init>(172)) - new 4418b26a-a5e5-4792-b343-154b02de43dd-SegmentedRaftLogWorker:Storage Directory /workdir/hadoop-ozone/integration-test/target/test-dir/MiniOzoneClusterImpl-5fa0230b-2e3b-4574-a1d1-aab0eaf0b74a/datanode-9/data/ratis/81109abf-e465-42f4-97a2-be3f8bd500cc for RaftStorage:Storage Directory /workdir/hadoop-ozone/integration-test/target/test-dir/MiniOzoneClusterImpl-5fa0230b-2e3b-4574-a1d1-aab0eaf0b74a/datanode-9/data/ratis/81109abf-e465-42f4-97a2-be3f8bd500cc
2019-08-27 08:59:14,383 [pool-648-thread-1] INFO  server.RaftServerConfigKeys (ConfUtils.java:logGet(43)) - raft.server.log.queue.byte-limit = 2147483647 (custom)
2019-08-27 08:59:14,383 [pool-648-thread-1] INFO  server.RaftServerConfigKeys (ConfUtils.java:logGet(43)) - raft.server.log.queue.element-limit = 1024 (custom)
2019-08-27 08:59:14,384 [pool-648-thread-1] INFO  server.RaftServerConfigKeys (ConfUtils.java:logGet(43)) - raft.server.log.segment.size.max = 1048576 (custom)
2019-08-27 08:59:14,384 [pool-648-thread-1] INFO  server.RaftServerConfigKeys (ConfUtils.java:logGet(43)) - raft.server.log.preallocated.size = 16384 (custom)
2019-08-27 08:59:14,384 [pool-648-thread-1] INFO  server.RaftServerConfigKeys (ConfUtils.java:logGet(43)) - raft.server.log.write.buffer.size = 33554432 (custom)
2019-08-27 08:59:14,384 [pool-648-thread-1] INFO  server.RaftServerConfigKeys (ConfUtils.java:logGet(43)) - raft.server.log.force.sync.num = 128 (default)
2019-08-27 08:59:14,384 [pool-648-thread-1] INFO  server.RaftServerConfigKeys (ConfUtils.java:logGet(43)) - raft.server.log.statemachine.data.sync = true (default)
2019-08-27 08:59:14,384 [pool-648-thread-1] INFO  server.RaftServerConfigKeys (ConfUtils.java:logGet(43)) - raft.server.log.statemachine.data.sync.timeout = 10s (default)
2019-08-27 08:59:14,384 [pool-648-thread-1] INFO  server.RaftServerConfigKeys (ConfUtils.java:logGet(43)) - raft.server.log.statemachine.data.sync.timeout.retry = -1 (default)
2019-08-27 08:59:14,384 [pool-648-thread-1] INFO  server.RaftServerConfigKeys (ConfUtils.java:logGet(43)) - raft.server.log.statemachine.data.caching.enabled = true (custom)
2019-08-27 08:59:14,385 [pool-648-thread-1] INFO  segmented.SegmentedRaftLogWorker (SegmentedRaftLogWorker.java:lambda$new$0(132)) - 4418b26a-a5e5-4792-b343-154b02de43dd-SegmentedRaftLogWorker:Storage Directory /workdir/hadoop-ozone/integration-test/target/test-dir/MiniOzoneClusterImpl-5fa0230b-2e3b-4574-a1d1-aab0eaf0b74a/datanode-9/data/ratis/81109abf-e465-42f4-97a2-be3f8bd500cc: flushIndex: setUnconditionally 0 -> -1
2019-08-27 08:59:14,385 [pool-648-thread-1] INFO  server.RaftServerConfigKeys (ConfUtils.java:logGet(43)) - raft.server.snapshot.auto.trigger.enabled = true (custom)
2019-08-27 08:59:14,385 [pool-648-thread-1] INFO  server.RaftServerConfigKeys (ConfUtils.java:logGet(43)) - raft.server.snapshot.auto.trigger.threshold = 10000 (custom)
2019-08-27 08:59:14,385 [pool-648-thread-1] INFO  server.RaftServerConfigKeys (ConfUtils.java:logGet(43)) - raft.server.retrycache.expirytime = 600000ms (custom)
2019-08-27 08:59:14,385 [pool-648-thread-1] INFO  impl.RaftServerImpl (RaftServerImpl.java:start(180)) - 4418b26a-a5e5-4792-b343-154b02de43dd: start group-BE3F8BD500CC
2019-08-27 08:59:14,385 [pool-648-thread-1] INFO  impl.RaftServerImpl (RaftServerImpl.java:setRole(171)) - 4418b26a-a5e5-4792-b343-154b02de43dd:group-BE3F8BD500CC changes role from null to FOLLOWER at term 0 for startAsFollower
2019-08-27 08:59:14,385 [pool-648-thread-1] INFO  impl.RoleInfo (RoleInfo.java:updateAndGet(143)) - 4418b26a-a5e5-4792-b343-154b02de43dd: start FollowerState
2019-08-27 08:59:14,386 [pool-648-thread-1] INFO  util.JmxRegister (JmxRegister.java:tryRegister(44)) - Successfully registered JMX Bean with object name Ratis:service=RaftServer,group=group-BE3F8BD500CC,id=4418b26a-a5e5-4792-b343-154b02de43dd
2019-08-27 08:59:14,387 [RatisPipelineUtilsThread] INFO  pipeline.PipelineStateManager (PipelineStateManager.java:addPipeline(56)) - Created pipeline Pipeline[ Id: 81109abf-e465-42f4-97a2-be3f8bd500cc, Nodes: 4418b26a-a5e5-4792-b343-154b02de43dd{ip: 192.168.34.1, host: trunk-nightly-adhoc-20190827-ds46k-2366760622, networkLocation: /rack1, certSerialId: null}, Type:RATIS, Factor:ONE, State:OPEN]
2019-08-27 08:59:14,425 [Thread-3647] INFO  impl.FollowerState (FollowerState.java:run(106)) - bc465b15-8d97-4b40-b19d-df54ad9f54a7:group-73997096345A changes to CANDIDATE, lastRpcTime:1087, electionTimeout:1087ms
2019-08-27 08:59:14,425 [Thread-3647] INFO  impl.RoleInfo (RoleInfo.java:shutdownFollowerState(121)) - bc465b15-8d97-4b40-b19d-df54ad9f54a7: shutdown FollowerState
2019-08-27 08:59:14,425 [Thread-3647] INFO  impl.RaftServerImpl (RaftServerImpl.java:setRole(171)) - bc465b15-8d97-4b40-b19d-df54ad9f54a7:group-73997096345A changes role from FOLLOWER to CANDIDATE at term 0 for changeToCandidate
2019-08-27 08:59:14,425 [Thread-3647] INFO  impl.RoleInfo (RoleInfo.java:updateAndGet(143)) - bc465b15-8d97-4b40-b19d-df54ad9f54a7: start LeaderElection
2019-08-27 08:59:14,445 [bc465b15-8d97-4b40-b19d-df54ad9f54a7:group-73997096345A:LeaderElection115] INFO  impl.LeaderElection (LeaderElection.java:askForVotes(181)) - bc465b15-8d97-4b40-b19d-df54ad9f54a7:group-73997096345A:LeaderElection115: begin an election at term 1 for -1: [bc465b15-8d97-4b40-b19d-df54ad9f54a7:192.168.34.1:41376], old=null
2019-08-27 08:59:14,445 [bc465b15-8d97-4b40-b19d-df54ad9f54a7:group-73997096345A:LeaderElection115] INFO  impl.RoleInfo (RoleInfo.java:shutdownLeaderElection(134)) - bc465b15-8d97-4b40-b19d-df54ad9f54a7: shutdown LeaderElection
2019-08-27 08:59:14,445 [bc465b15-8d97-4b40-b19d-df54ad9f54a7:group-73997096345A:LeaderElection115] INFO  impl.RaftServerImpl (RaftServerImpl.java:setRole(171)) - bc465b15-8d97-4b40-b19d-df54ad9f54a7:group-73997096345A changes role from CANDIDATE to LEADER at term 1 for changeToLeader
2019-08-27 08:59:14,445 [bc465b15-8d97-4b40-b19d-df54ad9f54a7:group-73997096345A:LeaderElection115] INFO  impl.RaftServerImpl (ServerState.java:setLeader(263)) - bc465b15-8d97-4b40-b19d-df54ad9f54a7:group-73997096345A change Leader from null to bc465b15-8d97-4b40-b19d-df54ad9f54a7 at term 1 for becomeLeader, leader elected after 1111ms
2019-08-27 08:59:14,445 [bc465b15-8d97-4b40-b19d-df54ad9f54a7:group-73997096345A:LeaderElection115] INFO  server.RaftServerConfigKeys (ConfUtils.java:logGet(43)) - raft.server.staging.catchup.gap = 1000 (default)
2019-08-27 08:59:14,445 [bc465b15-8d97-4b40-b19d-df54ad9f54a7:group-73997096345A:LeaderElection115] INFO  server.RaftServerConfigKeys (ConfUtils.java:logGet(43)) - raft.server.rpc.sleep.time = 25ms (default)
2019-08-27 08:59:14,445 [bc465b15-8d97-4b40-b19d-df54ad9f54a7:group-73997096345A:LeaderElection115] INFO  server.RaftServerConfigKeys (ConfUtils.java:logGet(43)) - raft.server.write.element-limit = 4096 (default)
2019-08-27 08:59:14,445 [bc465b15-8d97-4b40-b19d-df54ad9f54a7:group-73997096345A:LeaderElection115] INFO  server.RaftServerConfigKeys (ConfUtils.java:logGet(43)) - raft.server.watch.timeout = 10s (default)
2019-08-27 08:59:14,445 [bc465b15-8d97-4b40-b19d-df54ad9f54a7:group-73997096345A:LeaderElection115] INFO  server.RaftServerConfigKeys (ConfUtils.java:logGet(43)) - raft.server.watch.timeout.denomination = 1s (default)
2019-08-27 08:59:14,445 [bc465b15-8d97-4b40-b19d-df54ad9f54a7:group-73997096345A:LeaderElection115] INFO  server.RaftServerConfigKeys (ConfUtils.java:logGet(43)) - raft.server.watch.element-limit = 65536 (default)
2019-08-27 08:59:14,446 [bc465b15-8d97-4b40-b19d-df54ad9f54a7:group-73997096345A:LeaderElection115] INFO  impl.RoleInfo (RoleInfo.java:updateAndGet(143)) - bc465b15-8d97-4b40-b19d-df54ad9f54a7: start LeaderState
2019-08-27 08:59:14,446 [bc465b15-8d97-4b40-b19d-df54ad9f54a7:group-73997096345A:LeaderElection115] INFO  segmented.SegmentedRaftLogWorker (SegmentedRaftLogWorker.java:startLogSegment(380)) - bc465b15-8d97-4b40-b19d-df54ad9f54a7-SegmentedRaftLogWorker:Storage Directory /workdir/hadoop-ozone/integration-test/target/test-dir/MiniOzoneClusterImpl-5fa0230b-2e3b-4574-a1d1-aab0eaf0b74a/datanode-3/data/ratis/cdb43c87-8909-4a2e-87da-73997096345a: Starting segment from index:0
2019-08-27 08:59:14,446 [bc465b15-8d97-4b40-b19d-df54ad9f54a7:group-73997096345A:LeaderElection115] INFO  impl.RaftServerImpl (ServerState.java:setRaftConf(361)) - bc465b15-8d97-4b40-b19d-df54ad9f54a7:group-73997096345A set configuration 0: [bc465b15-8d97-4b40-b19d-df54ad9f54a7:192.168.34.1:41376], old=null at 0
2019-08-27 08:59:14,482 [bc465b15-8d97-4b40-b19d-df54ad9f54a7-SegmentedRaftLogWorker:Storage Directory /workdir/hadoop-ozone/integration-test/target/test-dir/MiniOzoneClusterImpl-5fa0230b-2e3b-4574-a1d1-aab0eaf0b74a/datanode-3/data/ratis/cdb43c87-8909-4a2e-87da-73997096345a] INFO  segmented.SegmentedRaftLogWorker (SegmentedRaftLogWorker.java:execute(569)) - bc465b15-8d97-4b40-b19d-df54ad9f54a7-SegmentedRaftLogWorker:Storage Directory /workdir/hadoop-ozone/integration-test/target/test-dir/MiniOzoneClusterImpl-5fa0230b-2e3b-4574-a1d1-aab0eaf0b74a/datanode-3/data/ratis/cdb43c87-8909-4a2e-87da-73997096345a: created new log segment /workdir/hadoop-ozone/integration-test/target/test-dir/MiniOzoneClusterImpl-5fa0230b-2e3b-4574-a1d1-aab0eaf0b74a/datanode-3/data/ratis/cdb43c87-8909-4a2e-87da-73997096345a/current/log_inprogress_0
2019-08-27 08:59:14,549 [Thread-3650] INFO  impl.FollowerState (FollowerState.java:run(106)) - c23e5a6c-3b1c-4356-87ef-9558e93e4bf7:group-7E108266D69A changes to CANDIDATE, lastRpcTime:1032, electionTimeout:1032ms
2019-08-27 08:59:14,549 [Thread-3650] INFO  impl.RoleInfo (RoleInfo.java:shutdownFollowerState(121)) - c23e5a6c-3b1c-4356-87ef-9558e93e4bf7: shutdown FollowerState
2019-08-27 08:59:14,549 [Thread-3650] INFO  impl.RaftServerImpl (RaftServerImpl.java:setRole(171)) - c23e5a6c-3b1c-4356-87ef-9558e93e4bf7:group-7E108266D69A changes role from FOLLOWER to CANDIDATE at term 0 for changeToCandidate
2019-08-27 08:59:14,549 [Thread-3650] INFO  impl.RoleInfo (RoleInfo.java:updateAndGet(143)) - c23e5a6c-3b1c-4356-87ef-9558e93e4bf7: start LeaderElection
2019-08-27 08:59:14,573 [c23e5a6c-3b1c-4356-87ef-9558e93e4bf7:group-7E108266D69A:LeaderElection116] INFO  impl.LeaderElection (LeaderElection.java:askForVotes(181)) - c23e5a6c-3b1c-4356-87ef-9558e93e4bf7:group-7E108266D69A:LeaderElection116: begin an election at term 1 for -1: [c23e5a6c-3b1c-4356-87ef-9558e93e4bf7:192.168.34.1:35583], old=null
2019-08-27 08:59:14,574 [c23e5a6c-3b1c-4356-87ef-9558e93e4bf7:group-7E108266D69A:LeaderElection116] INFO  impl.RoleInfo (RoleInfo.java:shutdownLeaderElection(134)) - c23e5a6c-3b1c-4356-87ef-9558e93e4bf7: shutdown LeaderElection
2019-08-27 08:59:14,574 [c23e5a6c-3b1c-4356-87ef-9558e93e4bf7:group-7E108266D69A:LeaderElection116] INFO  impl.RaftServerImpl (RaftServerImpl.java:setRole(171)) - c23e5a6c-3b1c-4356-87ef-9558e93e4bf7:group-7E108266D69A changes role from CANDIDATE to LEADER at term 1 for changeToLeader
2019-08-27 08:59:14,574 [c23e5a6c-3b1c-4356-87ef-9558e93e4bf7:group-7E108266D69A:LeaderElection116] INFO  impl.RaftServerImpl (ServerState.java:setLeader(263)) - c23e5a6c-3b1c-4356-87ef-9558e93e4bf7:group-7E108266D69A change Leader from null to c23e5a6c-3b1c-4356-87ef-9558e93e4bf7 at term 1 for becomeLeader, leader elected after 1060ms
2019-08-27 08:59:14,574 [c23e5a6c-3b1c-4356-87ef-9558e93e4bf7:group-7E108266D69A:LeaderElection116] INFO  server.RaftServerConfigKeys (ConfUtils.java:logGet(43)) - raft.server.staging.catchup.gap = 1000 (default)
2019-08-27 08:59:14,574 [c23e5a6c-3b1c-4356-87ef-9558e93e4bf7:group-7E108266D69A:LeaderElection116] INFO  server.RaftServerConfigKeys (ConfUtils.java:logGet(43)) - raft.server.rpc.sleep.time = 25ms (default)
2019-08-27 08:59:14,574 [c23e5a6c-3b1c-4356-87ef-9558e93e4bf7:group-7E108266D69A:LeaderElection116] INFO  server.RaftServerConfigKeys (ConfUtils.java:logGet(43)) - raft.server.write.element-limit = 4096 (default)
2019-08-27 08:59:14,574 [c23e5a6c-3b1c-4356-87ef-9558e93e4bf7:group-7E108266D69A:LeaderElection116] INFO  server.RaftServerConfigKeys (ConfUtils.java:logGet(43)) - raft.server.watch.timeout = 10s (default)
2019-08-27 08:59:14,574 [c23e5a6c-3b1c-4356-87ef-9558e93e4bf7:group-7E108266D69A:LeaderElection116] INFO  server.RaftServerConfigKeys (ConfUtils.java:logGet(43)) - raft.server.watch.timeout.denomination = 1s (default)
2019-08-27 08:59:14,574 [c23e5a6c-3b1c-4356-87ef-9558e93e4bf7:group-7E108266D69A:LeaderElection116] INFO  server.RaftServerConfigKeys (ConfUtils.java:logGet(43)) - raft.server.watch.element-limit = 65536 (default)
2019-08-27 08:59:14,575 [c23e5a6c-3b1c-4356-87ef-9558e93e4bf7:group-7E108266D69A:LeaderElection116] INFO  impl.RoleInfo (RoleInfo.java:updateAndGet(143)) - c23e5a6c-3b1c-4356-87ef-9558e93e4bf7: start LeaderState
2019-08-27 08:59:14,575 [c23e5a6c-3b1c-4356-87ef-9558e93e4bf7:group-7E108266D69A:LeaderElection116] INFO  segmented.SegmentedRaftLogWorker (SegmentedRaftLogWorker.java:startLogSegment(380)) - c23e5a6c-3b1c-4356-87ef-9558e93e4bf7-SegmentedRaftLogWorker:Storage Directory /workdir/hadoop-ozone/integration-test/target/test-dir/MiniOzoneClusterImpl-5fa0230b-2e3b-4574-a1d1-aab0eaf0b74a/datanode-4/data/ratis/0cd387dd-0176-4ff3-9175-7e108266d69a: Starting segment from index:0
2019-08-27 08:59:14,575 [c23e5a6c-3b1c-4356-87ef-9558e93e4bf7:group-7E108266D69A:LeaderElection116] INFO  impl.RaftServerImpl (ServerState.java:setRaftConf(361)) - c23e5a6c-3b1c-4356-87ef-9558e93e4bf7:group-7E108266D69A set configuration 0: [c23e5a6c-3b1c-4356-87ef-9558e93e4bf7:192.168.34.1:35583], old=null at 0
2019-08-27 08:59:14,620 [c23e5a6c-3b1c-4356-87ef-9558e93e4bf7-SegmentedRaftLogWorker:Storage Directory /workdir/hadoop-ozone/integration-test/target/test-dir/MiniOzoneClusterImpl-5fa0230b-2e3b-4574-a1d1-aab0eaf0b74a/datanode-4/data/ratis/0cd387dd-0176-4ff3-9175-7e108266d69a] INFO  segmented.SegmentedRaftLogWorker (SegmentedRaftLogWorker.java:execute(569)) - c23e5a6c-3b1c-4356-87ef-9558e93e4bf7-SegmentedRaftLogWorker:Storage Directory /workdir/hadoop-ozone/integration-test/target/test-dir/MiniOzoneClusterImpl-5fa0230b-2e3b-4574-a1d1-aab0eaf0b74a/datanode-4/data/ratis/0cd387dd-0176-4ff3-9175-7e108266d69a: created new log segment /workdir/hadoop-ozone/integration-test/target/test-dir/MiniOzoneClusterImpl-5fa0230b-2e3b-4574-a1d1-aab0eaf0b74a/datanode-4/data/ratis/0cd387dd-0176-4ff3-9175-7e108266d69a/current/log_inprogress_0
2019-08-27 08:59:14,630 [IPC Server handler 2 on 38779] INFO  net.NetworkTopology (NetworkTopologyImpl.java:add(110)) - Added a new node: /rack1/83ad8e3f-e813-4fa1-9b9c-8cd3f6d9b12a
2019-08-27 08:59:14,630 [IPC Server handler 2 on 38779] INFO  node.SCMNodeManager (SCMNodeManager.java:register(273)) - Registered Data node : 83ad8e3f-e813-4fa1-9b9c-8cd3f6d9b12a{ip: 192.168.34.1, host: trunk-nightly-adhoc-20190827-ds46k-2366760622, networkLocation: /rack1, certSerialId: null}
2019-08-27 08:59:14,630 | INFO  | SCMAudit | user=jenkins1000 | ip=192.168.34.1 | op=REGISTER {datanodeDetails=83ad8e3f-e813-4fa1-9b9c-8cd3f6d9b12a{ip: 192.168.34.1, host: trunk-nightly-adhoc-20190827-ds46k-2366760622, networkLocation: /default-rack, certSerialId: null}} | ret=SUCCESS |  
2019-08-27 08:59:14,634 [grpc-default-executor-11] INFO  impl.RaftServerProxy (RaftServerProxy.java:addNew(89)) - 83ad8e3f-e813-4fa1-9b9c-8cd3f6d9b12a: addNew group-74C3B2D94B1C:[83ad8e3f-e813-4fa1-9b9c-8cd3f6d9b12a:192.168.34.1:44924] returns group-74C3B2D94B1C:java.util.concurrent.CompletableFuture@7bb2f0d1[Not completed]
2019-08-27 08:59:14,635 [pool-549-thread-1] INFO  impl.RaftServerImpl (RaftServerImpl.java:<init>(93)) - 83ad8e3f-e813-4fa1-9b9c-8cd3f6d9b12a: new RaftServerImpl for group-74C3B2D94B1C:[83ad8e3f-e813-4fa1-9b9c-8cd3f6d9b12a:192.168.34.1:44924] with ContainerStateMachine:uninitialized
2019-08-27 08:59:14,635 [pool-549-thread-1] INFO  server.RaftServerConfigKeys (ConfUtils.java:logGet(43)) - raft.server.rpc.timeout.min = 1s (custom)
2019-08-27 08:59:14,635 [pool-549-thread-1] INFO  server.RaftServerConfigKeys (ConfUtils.java:logGet(43)) - raft.server.rpc.timeout.max = 1200ms (custom)
2019-08-27 08:59:14,635 [pool-549-thread-1] INFO  server.RaftServerConfigKeys (ConfUtils.java:logGet(43)) - raft.server.rpcslowness.timeout = 120s (custom)
2019-08-27 08:59:14,635 [pool-549-thread-1] INFO  server.RaftServerConfigKeys (ConfUtils.java:logGet(43)) - raft.server.sleep.deviation.threshold = 300 (default)
2019-08-27 08:59:14,635 [pool-549-thread-1] INFO  server.RaftServerConfigKeys (ConfUtils.java:logGet(43)) - raft.server.log.appender.install.snapshot.enabled = false (custom)
2019-08-27 08:59:14,635 [pool-549-thread-1] INFO  impl.RaftServerImpl (ServerState.java:<init>(105)) - 83ad8e3f-e813-4fa1-9b9c-8cd3f6d9b12a:group-74C3B2D94B1C ConfigurationManager, init=-1: [83ad8e3f-e813-4fa1-9b9c-8cd3f6d9b12a:192.168.34.1:44924], old=null, confs=<EMPTY_MAP>
2019-08-27 08:59:14,635 [pool-549-thread-1] INFO  server.RaftServerConfigKeys (ConfUtils.java:logGet(43)) - raft.server.storage.dir = [/workdir/hadoop-ozone/integration-test/target/test-dir/MiniOzoneClusterImpl-5fa0230b-2e3b-4574-a1d1-aab0eaf0b74a/datanode-0/data/ratis] (custom)
2019-08-27 08:59:14,636 [pool-549-thread-1] INFO  storage.RaftStorageDirectory (RaftStorageDirectory.java:analyzeStorage(246)) - The storage directory /workdir/hadoop-ozone/integration-test/target/test-dir/MiniOzoneClusterImpl-5fa0230b-2e3b-4574-a1d1-aab0eaf0b74a/datanode-0/data/ratis/0e077bf6-c050-4063-bc1d-74c3b2d94b1c does not exist. Creating ...
2019-08-27 08:59:14,648 [pool-549-thread-1] INFO  storage.RaftStorageDirectory (RaftStorageDirectory.java:tryLock(328)) - Lock on /workdir/hadoop-ozone/integration-test/target/test-dir/MiniOzoneClusterImpl-5fa0230b-2e3b-4574-a1d1-aab0eaf0b74a/datanode-0/data/ratis/0e077bf6-c050-4063-bc1d-74c3b2d94b1c/in_use.lock acquired by nodename 17688@trunk-nightly-adhoc-20190827-ds46k-2366760622
2019-08-27 08:59:14,661 [pool-549-thread-1] INFO  storage.RaftStorage (RaftStorage.java:format(72)) - Storage directory /workdir/hadoop-ozone/integration-test/target/test-dir/MiniOzoneClusterImpl-5fa0230b-2e3b-4574-a1d1-aab0eaf0b74a/datanode-0/data/ratis/0e077bf6-c050-4063-bc1d-74c3b2d94b1c has been successfully formatted.
2019-08-27 08:59:14,661 [pool-549-thread-1] INFO  ratis.ContainerStateMachine (ContainerStateMachine.java:loadSnapshot(226)) - group-74C3B2D94B1C: The snapshot info is null. Setting the last applied indexto:(t:0, i:~)
2019-08-27 08:59:14,661 [pool-549-thread-1] INFO  server.RaftServerConfigKeys (ConfUtils.java:logGet(43)) - raft.server.leader.election.timeout = 120s (custom)
2019-08-27 08:59:14,662 [pool-549-thread-1] INFO  server.RaftServerConfigKeys (ConfUtils.java:logGet(43)) - raft.server.log.use.memory = false (default)
2019-08-27 08:59:14,662 [pool-549-thread-1] INFO  server.RaftServerConfigKeys (ConfUtils.java:logGet(43)) - raft.server.log.purge.gap = 1000000 (custom)
2019-08-27 08:59:14,662 [pool-549-thread-1] INFO  server.RaftServerConfigKeys (ConfUtils.java:logGet(43)) - raft.server.log.appender.buffer.byte-limit = 33554432 (custom)
2019-08-27 08:59:14,662 [pool-549-thread-1] INFO  server.RaftServerConfigKeys (ConfUtils.java:logGet(43)) - raft.server.log.segment.size.max = 1048576 (custom)
2019-08-27 08:59:14,662 [pool-549-thread-1] INFO  server.RaftServerConfigKeys (ConfUtils.java:logGet(43)) - raft.server.log.segment.cache.num.max = 2 (custom)
2019-08-27 08:59:14,662 [pool-549-thread-1] INFO  segmented.SegmentedRaftLogWorker (SegmentedRaftLogWorker.java:<init>(172)) - new 83ad8e3f-e813-4fa1-9b9c-8cd3f6d9b12a-SegmentedRaftLogWorker:Storage Directory /workdir/hadoop-ozone/integration-test/target/test-dir/MiniOzoneClusterImpl-5fa0230b-2e3b-4574-a1d1-aab0eaf0b74a/datanode-0/data/ratis/0e077bf6-c050-4063-bc1d-74c3b2d94b1c for RaftStorage:Storage Directory /workdir/hadoop-ozone/integration-test/target/test-dir/MiniOzoneClusterImpl-5fa0230b-2e3b-4574-a1d1-aab0eaf0b74a/datanode-0/data/ratis/0e077bf6-c050-4063-bc1d-74c3b2d94b1c
2019-08-27 08:59:14,662 [pool-549-thread-1] INFO  server.RaftServerConfigKeys (ConfUtils.java:logGet(43)) - raft.server.log.queue.byte-limit = 2147483647 (custom)
2019-08-27 08:59:14,662 [pool-549-thread-1] INFO  server.RaftServerConfigKeys (ConfUtils.java:logGet(43)) - raft.server.log.queue.element-limit = 1024 (custom)
2019-08-27 08:59:14,663 [pool-549-thread-1] INFO  server.RaftServerConfigKeys (ConfUtils.java:logGet(43)) - raft.server.log.segment.size.max = 1048576 (custom)
2019-08-27 08:59:14,663 [pool-549-thread-1] INFO  server.RaftServerConfigKeys (ConfUtils.java:logGet(43)) - raft.server.log.preallocated.size = 16384 (custom)
2019-08-27 08:59:14,663 [pool-549-thread-1] INFO  server.RaftServerConfigKeys (ConfUtils.java:logGet(43)) - raft.server.log.write.buffer.size = 33554432 (custom)
2019-08-27 08:59:14,663 [pool-549-thread-1] INFO  server.RaftServerConfigKeys (ConfUtils.java:logGet(43)) - raft.server.log.force.sync.num = 128 (default)
2019-08-27 08:59:14,663 [pool-549-thread-1] INFO  server.RaftServerConfigKeys (ConfUtils.java:logGet(43)) - raft.server.log.statemachine.data.sync = true (default)
2019-08-27 08:59:14,663 [pool-549-thread-1] INFO  server.RaftServerConfigKeys (ConfUtils.java:logGet(43)) - raft.server.log.statemachine.data.sync.timeout = 10s (default)
2019-08-27 08:59:14,663 [pool-549-thread-1] INFO  server.RaftServerConfigKeys (ConfUtils.java:logGet(43)) - raft.server.log.statemachine.data.sync.timeout.retry = -1 (default)
2019-08-27 08:59:14,663 [pool-549-thread-1] INFO  server.RaftServerConfigKeys (ConfUtils.java:logGet(43)) - raft.server.log.statemachine.data.caching.enabled = true (custom)
2019-08-27 08:59:14,663 [pool-549-thread-1] INFO  segmented.SegmentedRaftLogWorker (SegmentedRaftLogWorker.java:lambda$new$0(132)) - 83ad8e3f-e813-4fa1-9b9c-8cd3f6d9b12a-SegmentedRaftLogWorker:Storage Directory /workdir/hadoop-ozone/integration-test/target/test-dir/MiniOzoneClusterImpl-5fa0230b-2e3b-4574-a1d1-aab0eaf0b74a/datanode-0/data/ratis/0e077bf6-c050-4063-bc1d-74c3b2d94b1c: flushIndex: setUnconditionally 0 -> -1
2019-08-27 08:59:14,664 [pool-549-thread-1] INFO  server.RaftServerConfigKeys (ConfUtils.java:logGet(43)) - raft.server.snapshot.auto.trigger.enabled = true (custom)
2019-08-27 08:59:14,664 [pool-549-thread-1] INFO  server.RaftServerConfigKeys (ConfUtils.java:logGet(43)) - raft.server.snapshot.auto.trigger.threshold = 10000 (custom)
2019-08-27 08:59:14,664 [pool-549-thread-1] INFO  server.RaftServerConfigKeys (ConfUtils.java:logGet(43)) - raft.server.retrycache.expirytime = 600000ms (custom)
2019-08-27 08:59:14,664 [pool-549-thread-1] INFO  impl.RaftServerImpl (RaftServerImpl.java:start(180)) - 83ad8e3f-e813-4fa1-9b9c-8cd3f6d9b12a: start group-74C3B2D94B1C
2019-08-27 08:59:14,664 [pool-549-thread-1] INFO  impl.RaftServerImpl (RaftServerImpl.java:setRole(171)) - 83ad8e3f-e813-4fa1-9b9c-8cd3f6d9b12a:group-74C3B2D94B1C changes role from null to FOLLOWER at term 0 for startAsFollower
2019-08-27 08:59:14,664 [pool-549-thread-1] INFO  impl.RoleInfo (RoleInfo.java:updateAndGet(143)) - 83ad8e3f-e813-4fa1-9b9c-8cd3f6d9b12a: start FollowerState
2019-08-27 08:59:14,664 [pool-549-thread-1] INFO  util.JmxRegister (JmxRegister.java:tryRegister(44)) - Successfully registered JMX Bean with object name Ratis:service=RaftServer,group=group-74C3B2D94B1C,id=83ad8e3f-e813-4fa1-9b9c-8cd3f6d9b12a
2019-08-27 08:59:14,666 [RatisPipelineUtilsThread] INFO  pipeline.PipelineStateManager (PipelineStateManager.java:addPipeline(56)) - Created pipeline Pipeline[ Id: 0e077bf6-c050-4063-bc1d-74c3b2d94b1c, Nodes: 83ad8e3f-e813-4fa1-9b9c-8cd3f6d9b12a{ip: 192.168.34.1, host: trunk-nightly-adhoc-20190827-ds46k-2366760622, networkLocation: /rack1, certSerialId: null}, Type:RATIS, Factor:ONE, State:OPEN]
2019-08-27 08:59:14,797 [Thread-3661] INFO  impl.FollowerState (FollowerState.java:run(106)) - bc465b15-8d97-4b40-b19d-df54ad9f54a7:group-7C7B7DF1FA2A changes to CANDIDATE, lastRpcTime:1045, electionTimeout:1045ms
2019-08-27 08:59:14,797 [Thread-3661] INFO  impl.RoleInfo (RoleInfo.java:shutdownFollowerState(121)) - bc465b15-8d97-4b40-b19d-df54ad9f54a7: shutdown FollowerState
2019-08-27 08:59:14,798 [Thread-3661] INFO  impl.RaftServerImpl (RaftServerImpl.java:setRole(171)) - bc465b15-8d97-4b40-b19d-df54ad9f54a7:group-7C7B7DF1FA2A changes role from FOLLOWER to CANDIDATE at term 0 for changeToCandidate
2019-08-27 08:59:14,798 [Thread-3661] INFO  impl.RoleInfo (RoleInfo.java:updateAndGet(143)) - bc465b15-8d97-4b40-b19d-df54ad9f54a7: start LeaderElection
2019-08-27 08:59:14,812 [Thread-3656] INFO  impl.FollowerState (FollowerState.java:run(106)) - c23e5a6c-3b1c-4356-87ef-9558e93e4bf7:group-7C7B7DF1FA2A changes to CANDIDATE, lastRpcTime:1062, electionTimeout:1062ms
2019-08-27 08:59:14,812 [Thread-3656] INFO  impl.RoleInfo (RoleInfo.java:shutdownFollowerState(121)) - c23e5a6c-3b1c-4356-87ef-9558e93e4bf7: shutdown FollowerState
2019-08-27 08:59:14,812 [Thread-3656] INFO  impl.RaftServerImpl (RaftServerImpl.java:setRole(171)) - c23e5a6c-3b1c-4356-87ef-9558e93e4bf7:group-7C7B7DF1FA2A changes role from FOLLOWER to CANDIDATE at term 0 for changeToCandidate
2019-08-27 08:59:14,812 [Thread-3656] INFO  impl.RoleInfo (RoleInfo.java:updateAndGet(143)) - c23e5a6c-3b1c-4356-87ef-9558e93e4bf7: start LeaderElection
2019-08-27 08:59:14,821 [bc465b15-8d97-4b40-b19d-df54ad9f54a7:group-7C7B7DF1FA2A:LeaderElection117] INFO  impl.LeaderElection (LeaderElection.java:askForVotes(181)) - bc465b15-8d97-4b40-b19d-df54ad9f54a7:group-7C7B7DF1FA2A:LeaderElection117: begin an election at term 1 for -1: [99a28adf-5289-4cdd-a512-dfcc6dd17230:192.168.34.1:34359, bc465b15-8d97-4b40-b19d-df54ad9f54a7:192.168.34.1:41376, c23e5a6c-3b1c-4356-87ef-9558e93e4bf7:192.168.34.1:35583], old=null
2019-08-27 08:59:14,825 [c23e5a6c-3b1c-4356-87ef-9558e93e4bf7:group-7C7B7DF1FA2A:LeaderElection118] INFO  impl.LeaderElection (LeaderElection.java:askForVotes(181)) - c23e5a6c-3b1c-4356-87ef-9558e93e4bf7:group-7C7B7DF1FA2A:LeaderElection118: begin an election at term 1 for -1: [99a28adf-5289-4cdd-a512-dfcc6dd17230:192.168.34.1:34359, bc465b15-8d97-4b40-b19d-df54ad9f54a7:192.168.34.1:41376, c23e5a6c-3b1c-4356-87ef-9558e93e4bf7:192.168.34.1:35583], old=null
2019-08-27 08:59:14,828 [grpc-default-executor-11] INFO  impl.RaftServerImpl (RaftServerImpl.java:setRole(171)) - 99a28adf-5289-4cdd-a512-dfcc6dd17230:group-7C7B7DF1FA2A changes role from FOLLOWER to FOLLOWER at term 1 for recognizeCandidate:bc465b15-8d97-4b40-b19d-df54ad9f54a7
2019-08-27 08:59:14,828 [grpc-default-executor-11] INFO  impl.RoleInfo (RoleInfo.java:shutdownFollowerState(121)) - 99a28adf-5289-4cdd-a512-dfcc6dd17230: shutdown FollowerState
2019-08-27 08:59:14,828 [grpc-default-executor-11] INFO  impl.RoleInfo (RoleInfo.java:updateAndGet(143)) - 99a28adf-5289-4cdd-a512-dfcc6dd17230: start FollowerState
2019-08-27 08:59:14,829 [Thread-3660] INFO  impl.FollowerState (FollowerState.java:run(114)) - 99a28adf-5289-4cdd-a512-dfcc6dd17230: FollowerState was interrupted: java.lang.InterruptedException: sleep interrupted
2019-08-27 08:59:14,844 [bc465b15-8d97-4b40-b19d-df54ad9f54a7:group-7C7B7DF1FA2A:LeaderElection117] INFO  impl.LeaderElection (LeaderElection.java:logAndReturn(56)) - bc465b15-8d97-4b40-b19d-df54ad9f54a7:group-7C7B7DF1FA2A:LeaderElection117: Election PASSED; received 2 response(s) [bc465b15-8d97-4b40-b19d-df54ad9f54a7<-99a28adf-5289-4cdd-a512-dfcc6dd17230#0:OK-t1, bc465b15-8d97-4b40-b19d-df54ad9f54a7<-c23e5a6c-3b1c-4356-87ef-9558e93e4bf7#0:FAIL-t1] and 0 exception(s); bc465b15-8d97-4b40-b19d-df54ad9f54a7:t1, leader=null, voted=bc465b15-8d97-4b40-b19d-df54ad9f54a7, raftlog=bc465b15-8d97-4b40-b19d-df54ad9f54a7-SegmentedRaftLog:OPENED:c-1,f-1,i0, conf=-1: [99a28adf-5289-4cdd-a512-dfcc6dd17230:192.168.34.1:34359, bc465b15-8d97-4b40-b19d-df54ad9f54a7:192.168.34.1:41376, c23e5a6c-3b1c-4356-87ef-9558e93e4bf7:192.168.34.1:35583], old=null
2019-08-27 08:59:14,844 [bc465b15-8d97-4b40-b19d-df54ad9f54a7:group-7C7B7DF1FA2A:LeaderElection117] INFO  impl.RoleInfo (RoleInfo.java:shutdownLeaderElection(134)) - bc465b15-8d97-4b40-b19d-df54ad9f54a7: shutdown LeaderElection
2019-08-27 08:59:14,844 [c23e5a6c-3b1c-4356-87ef-9558e93e4bf7:group-7C7B7DF1FA2A:LeaderElection118] INFO  impl.LeaderElection (LeaderElection.java:logAndReturn(56)) - c23e5a6c-3b1c-4356-87ef-9558e93e4bf7:group-7C7B7DF1FA2A:LeaderElection118: Election REJECTED; received 2 response(s) [c23e5a6c-3b1c-4356-87ef-9558e93e4bf7<-99a28adf-5289-4cdd-a512-dfcc6dd17230#0:FAIL-t1, c23e5a6c-3b1c-4356-87ef-9558e93e4bf7<-bc465b15-8d97-4b40-b19d-df54ad9f54a7#0:FAIL-t1] and 0 exception(s); c23e5a6c-3b1c-4356-87ef-9558e93e4bf7:t1, leader=null, voted=c23e5a6c-3b1c-4356-87ef-9558e93e4bf7, raftlog=c23e5a6c-3b1c-4356-87ef-9558e93e4bf7-SegmentedRaftLog:OPENED:c-1,f-1,i0, conf=-1: [99a28adf-5289-4cdd-a512-dfcc6dd17230:192.168.34.1:34359, bc465b15-8d97-4b40-b19d-df54ad9f54a7:192.168.34.1:41376, c23e5a6c-3b1c-4356-87ef-9558e93e4bf7:192.168.34.1:35583], old=null
2019-08-27 08:59:14,845 [bc465b15-8d97-4b40-b19d-df54ad9f54a7:group-7C7B7DF1FA2A:LeaderElection117] INFO  impl.RaftServerImpl (RaftServerImpl.java:setRole(171)) - bc465b15-8d97-4b40-b19d-df54ad9f54a7:group-7C7B7DF1FA2A changes role from CANDIDATE to LEADER at term 1 for changeToLeader
2019-08-27 08:59:14,845 [c23e5a6c-3b1c-4356-87ef-9558e93e4bf7:group-7C7B7DF1FA2A:LeaderElection118] INFO  impl.RaftServerImpl (RaftServerImpl.java:setRole(171)) - c23e5a6c-3b1c-4356-87ef-9558e93e4bf7:group-7C7B7DF1FA2A changes role from CANDIDATE to FOLLOWER at term 1 for DISCOVERED_A_NEW_TERM
2019-08-27 08:59:14,845 [bc465b15-8d97-4b40-b19d-df54ad9f54a7:group-7C7B7DF1FA2A:LeaderElection117] INFO  impl.RaftServerImpl (ServerState.java:setLeader(263)) - bc465b15-8d97-4b40-b19d-df54ad9f54a7:group-7C7B7DF1FA2A change Leader from null to bc465b15-8d97-4b40-b19d-df54ad9f54a7 at term 1 for becomeLeader, leader elected after 1100ms
2019-08-27 08:59:14,845 [c23e5a6c-3b1c-4356-87ef-9558e93e4bf7:group-7C7B7DF1FA2A:LeaderElection118] INFO  impl.RoleInfo (RoleInfo.java:shutdownLeaderElection(134)) - c23e5a6c-3b1c-4356-87ef-9558e93e4bf7: shutdown LeaderElection
2019-08-27 08:59:14,845 [bc465b15-8d97-4b40-b19d-df54ad9f54a7:group-7C7B7DF1FA2A:LeaderElection117] INFO  server.RaftServerConfigKeys (ConfUtils.java:logGet(43)) - raft.server.staging.catchup.gap = 1000 (default)
2019-08-27 08:59:14,845 [c23e5a6c-3b1c-4356-87ef-9558e93e4bf7:group-7C7B7DF1FA2A:LeaderElection118] INFO  impl.RoleInfo (RoleInfo.java:updateAndGet(143)) - c23e5a6c-3b1c-4356-87ef-9558e93e4bf7: start FollowerState
2019-08-27 08:59:14,845 [bc465b15-8d97-4b40-b19d-df54ad9f54a7:group-7C7B7DF1FA2A:LeaderElection117] INFO  server.RaftServerConfigKeys (ConfUtils.java:logGet(43)) - raft.server.rpc.sleep.time = 25ms (default)
2019-08-27 08:59:14,846 [bc465b15-8d97-4b40-b19d-df54ad9f54a7:group-7C7B7DF1FA2A:LeaderElection117] INFO  server.RaftServerConfigKeys (ConfUtils.java:logGet(43)) - raft.server.write.element-limit = 4096 (default)
2019-08-27 08:59:14,846 [bc465b15-8d97-4b40-b19d-df54ad9f54a7:group-7C7B7DF1FA2A:LeaderElection117] INFO  server.RaftServerConfigKeys (ConfUtils.java:logGet(43)) - raft.server.watch.timeout = 10s (default)
2019-08-27 08:59:14,846 [bc465b15-8d97-4b40-b19d-df54ad9f54a7:group-7C7B7DF1FA2A:LeaderElection117] INFO  server.RaftServerConfigKeys (ConfUtils.java:logGet(43)) - raft.server.watch.timeout.denomination = 1s (default)
2019-08-27 08:59:14,846 [bc465b15-8d97-4b40-b19d-df54ad9f54a7:group-7C7B7DF1FA2A:LeaderElection117] INFO  server.RaftServerConfigKeys (ConfUtils.java:logGet(43)) - raft.server.watch.element-limit = 65536 (default)
2019-08-27 08:59:14,846 [bc465b15-8d97-4b40-b19d-df54ad9f54a7:group-7C7B7DF1FA2A:LeaderElection117] INFO  server.RaftServerConfigKeys (ConfUtils.java:logGet(43)) - raft.server.log.appender.snapshot.chunk.size.max = 16MB (=16777216) (default)
2019-08-27 08:59:14,846 [bc465b15-8d97-4b40-b19d-df54ad9f54a7:group-7C7B7DF1FA2A:LeaderElection117] INFO  server.RaftServerConfigKeys (ConfUtils.java:logGet(43)) - raft.server.log.appender.buffer.byte-limit = 33554432 (custom)
2019-08-27 08:59:14,847 [bc465b15-8d97-4b40-b19d-df54ad9f54a7:group-7C7B7DF1FA2A:LeaderElection117] INFO  server.RaftServerConfigKeys (ConfUtils.java:logGet(43)) - raft.server.log.appender.buffer.element-limit = 1 (custom)
2019-08-27 08:59:14,847 [bc465b15-8d97-4b40-b19d-df54ad9f54a7:group-7C7B7DF1FA2A:LeaderElection117] INFO  grpc.GrpcConfigKeys$Server (ConfUtils.java:logGet(43)) - raft.grpc.server.leader.outstanding.appends.max = 128 (default)
2019-08-27 08:59:14,847 [bc465b15-8d97-4b40-b19d-df54ad9f54a7:group-7C7B7DF1FA2A:LeaderElection117] INFO  server.RaftServerConfigKeys (ConfUtils.java:logGet(43)) - raft.server.rpc.request.timeout = 3000ms (default)
2019-08-27 08:59:14,847 [bc465b15-8d97-4b40-b19d-df54ad9f54a7:group-7C7B7DF1FA2A:LeaderElection117] INFO  server.RaftServerConfigKeys (ConfUtils.java:logGet(43)) - raft.server.log.appender.install.snapshot.enabled = false (custom)
2019-08-27 08:59:14,847 [bc465b15-8d97-4b40-b19d-df54ad9f54a7:group-7C7B7DF1FA2A:LeaderElection117] INFO  server.RaftServerConfigKeys (ConfUtils.java:logGet(43)) - raft.server.log.appender.snapshot.chunk.size.max = 16MB (=16777216) (default)
2019-08-27 08:59:14,848 [bc465b15-8d97-4b40-b19d-df54ad9f54a7:group-7C7B7DF1FA2A:LeaderElection117] INFO  server.RaftServerConfigKeys (ConfUtils.java:logGet(43)) - raft.server.log.appender.buffer.byte-limit = 33554432 (custom)
2019-08-27 08:59:14,848 [bc465b15-8d97-4b40-b19d-df54ad9f54a7:group-7C7B7DF1FA2A:LeaderElection117] INFO  server.RaftServerConfigKeys (ConfUtils.java:logGet(43)) - raft.server.log.appender.buffer.element-limit = 1 (custom)
2019-08-27 08:59:14,848 [bc465b15-8d97-4b40-b19d-df54ad9f54a7:group-7C7B7DF1FA2A:LeaderElection117] INFO  grpc.GrpcConfigKeys$Server (ConfUtils.java:logGet(43)) - raft.grpc.server.leader.outstanding.appends.max = 128 (default)
2019-08-27 08:59:14,848 [bc465b15-8d97-4b40-b19d-df54ad9f54a7:group-7C7B7DF1FA2A:LeaderElection117] INFO  server.RaftServerConfigKeys (ConfUtils.java:logGet(43)) - raft.server.rpc.request.timeout = 3000ms (default)
2019-08-27 08:59:14,848 [bc465b15-8d97-4b40-b19d-df54ad9f54a7:group-7C7B7DF1FA2A:LeaderElection117] INFO  server.RaftServerConfigKeys (ConfUtils.java:logGet(43)) - raft.server.log.appender.install.snapshot.enabled = false (custom)
2019-08-27 08:59:14,849 [bc465b15-8d97-4b40-b19d-df54ad9f54a7:group-7C7B7DF1FA2A:LeaderElection117] INFO  impl.RoleInfo (RoleInfo.java:updateAndGet(143)) - bc465b15-8d97-4b40-b19d-df54ad9f54a7: start LeaderState
2019-08-27 08:59:14,849 [bc465b15-8d97-4b40-b19d-df54ad9f54a7:group-7C7B7DF1FA2A:LeaderElection117] INFO  segmented.SegmentedRaftLogWorker (SegmentedRaftLogWorker.java:startLogSegment(380)) - bc465b15-8d97-4b40-b19d-df54ad9f54a7-SegmentedRaftLogWorker:Storage Directory /workdir/hadoop-ozone/integration-test/target/test-dir/MiniOzoneClusterImpl-5fa0230b-2e3b-4574-a1d1-aab0eaf0b74a/datanode-3/data/ratis/52a28dc6-fa60-479a-a53d-7c7b7df1fa2a: Starting segment from index:0
2019-08-27 08:59:14,849 [bc465b15-8d97-4b40-b19d-df54ad9f54a7:group-7C7B7DF1FA2A:LeaderElection117] INFO  impl.RaftServerImpl (ServerState.java:setRaftConf(361)) - bc465b15-8d97-4b40-b19d-df54ad9f54a7:group-7C7B7DF1FA2A set configuration 0: [99a28adf-5289-4cdd-a512-dfcc6dd17230:192.168.34.1:34359, bc465b15-8d97-4b40-b19d-df54ad9f54a7:192.168.34.1:41376, c23e5a6c-3b1c-4356-87ef-9558e93e4bf7:192.168.34.1:35583], old=null at 0
2019-08-27 08:59:14,850 [grpc-default-executor-7] INFO  impl.RaftServerImpl (ServerState.java:setLeader(263)) - 99a28adf-5289-4cdd-a512-dfcc6dd17230:group-7C7B7DF1FA2A change Leader from null to bc465b15-8d97-4b40-b19d-df54ad9f54a7 at term 1 for appendEntries, leader elected after 1106ms
2019-08-27 08:59:14,850 [grpc-default-executor-11] INFO  impl.RaftServerImpl (ServerState.java:setLeader(263)) - c23e5a6c-3b1c-4356-87ef-9558e93e4bf7:group-7C7B7DF1FA2A change Leader from null to bc465b15-8d97-4b40-b19d-df54ad9f54a7 at term 1 for appendEntries, leader elected after 1106ms
2019-08-27 08:59:14,852 [grpc-default-executor-11] INFO  impl.RaftServerImpl (ServerState.java:setRaftConf(361)) - 99a28adf-5289-4cdd-a512-dfcc6dd17230:group-7C7B7DF1FA2A set configuration 0: [99a28adf-5289-4cdd-a512-dfcc6dd17230:192.168.34.1:34359, bc465b15-8d97-4b40-b19d-df54ad9f54a7:192.168.34.1:41376, c23e5a6c-3b1c-4356-87ef-9558e93e4bf7:192.168.34.1:35583], old=null at 0
2019-08-27 08:59:14,852 [grpc-default-executor-7] INFO  impl.RaftServerImpl (ServerState.java:setRaftConf(361)) - c23e5a6c-3b1c-4356-87ef-9558e93e4bf7:group-7C7B7DF1FA2A set configuration 0: [99a28adf-5289-4cdd-a512-dfcc6dd17230:192.168.34.1:34359, bc465b15-8d97-4b40-b19d-df54ad9f54a7:192.168.34.1:41376, c23e5a6c-3b1c-4356-87ef-9558e93e4bf7:192.168.34.1:35583], old=null at 0
2019-08-27 08:59:14,852 [grpc-default-executor-11] INFO  segmented.SegmentedRaftLogWorker (SegmentedRaftLogWorker.java:startLogSegment(380)) - 99a28adf-5289-4cdd-a512-dfcc6dd17230-SegmentedRaftLogWorker:Storage Directory /workdir/hadoop-ozone/integration-test/target/test-dir/MiniOzoneClusterImpl-5fa0230b-2e3b-4574-a1d1-aab0eaf0b74a/datanode-5/data/ratis/52a28dc6-fa60-479a-a53d-7c7b7df1fa2a: Starting segment from index:0
2019-08-27 08:59:14,852 [grpc-default-executor-7] INFO  segmented.SegmentedRaftLogWorker (SegmentedRaftLogWorker.java:startLogSegment(380)) - c23e5a6c-3b1c-4356-87ef-9558e93e4bf7-SegmentedRaftLogWorker:Storage Directory /workdir/hadoop-ozone/integration-test/target/test-dir/MiniOzoneClusterImpl-5fa0230b-2e3b-4574-a1d1-aab0eaf0b74a/datanode-4/data/ratis/52a28dc6-fa60-479a-a53d-7c7b7df1fa2a: Starting segment from index:0
2019-08-27 08:59:14,864 [Thread-3653] INFO  impl.FollowerState (FollowerState.java:run(106)) - 99a28adf-5289-4cdd-a512-dfcc6dd17230:group-D9B1591BD076 changes to CANDIDATE, lastRpcTime:1185, electionTimeout:1185ms
2019-08-27 08:59:14,864 [Thread-3653] INFO  impl.RoleInfo (RoleInfo.java:shutdownFollowerState(121)) - 99a28adf-5289-4cdd-a512-dfcc6dd17230: shutdown FollowerState
2019-08-27 08:59:14,864 [Thread-3653] INFO  impl.RaftServerImpl (RaftServerImpl.java:setRole(171)) - 99a28adf-5289-4cdd-a512-dfcc6dd17230:group-D9B1591BD076 changes role from FOLLOWER to CANDIDATE at term 0 for changeToCandidate
2019-08-27 08:59:14,864 [Thread-3653] INFO  impl.RoleInfo (RoleInfo.java:updateAndGet(143)) - 99a28adf-5289-4cdd-a512-dfcc6dd17230: start LeaderElection
2019-08-27 08:59:14,900 [IPC Server handler 4 on 38779] INFO  net.NetworkTopology (NetworkTopologyImpl.java:add(110)) - Added a new node: /rack1/e2fc1c3c-e5fc-4e6c-82aa-5ea8b9bf1eb5
2019-08-27 08:59:14,901 [IPC Server handler 4 on 38779] INFO  node.SCMNodeManager (SCMNodeManager.java:register(273)) - Registered Data node : e2fc1c3c-e5fc-4e6c-82aa-5ea8b9bf1eb5{ip: 192.168.34.1, host: trunk-nightly-adhoc-20190827-ds46k-2366760622, networkLocation: /rack1, certSerialId: null}
2019-08-27 08:59:14,901 | INFO  | SCMAudit | user=jenkins1000 | ip=192.168.34.1 | op=REGISTER {datanodeDetails=e2fc1c3c-e5fc-4e6c-82aa-5ea8b9bf1eb5{ip: 192.168.34.1, host: trunk-nightly-adhoc-20190827-ds46k-2366760622, networkLocation: /default-rack, certSerialId: null}} | ret=SUCCESS |  
2019-08-27 08:59:14,904 [grpc-default-executor-7] INFO  impl.RaftServerProxy (RaftServerProxy.java:addNew(89)) - e2fc1c3c-e5fc-4e6c-82aa-5ea8b9bf1eb5: addNew group-9E29733F755E:[e2fc1c3c-e5fc-4e6c-82aa-5ea8b9bf1eb5:192.168.34.1:41426] returns group-9E29733F755E:java.util.concurrent.CompletableFuture@6bdb7ab6[Not completed]
2019-08-27 08:59:14,905 [pool-560-thread-1] INFO  impl.RaftServerImpl (RaftServerImpl.java:<init>(93)) - e2fc1c3c-e5fc-4e6c-82aa-5ea8b9bf1eb5: new RaftServerImpl for group-9E29733F755E:[e2fc1c3c-e5fc-4e6c-82aa-5ea8b9bf1eb5:192.168.34.1:41426] with ContainerStateMachine:uninitialized
2019-08-27 08:59:14,905 [pool-560-thread-1] INFO  server.RaftServerConfigKeys (ConfUtils.java:logGet(43)) - raft.server.rpc.timeout.min = 1s (custom)
2019-08-27 08:59:14,905 [pool-560-thread-1] INFO  server.RaftServerConfigKeys (ConfUtils.java:logGet(43)) - raft.server.rpc.timeout.max = 1200ms (custom)
2019-08-27 08:59:14,905 [pool-560-thread-1] INFO  server.RaftServerConfigKeys (ConfUtils.java:logGet(43)) - raft.server.rpcslowness.timeout = 120s (custom)
2019-08-27 08:59:14,905 [pool-560-thread-1] INFO  server.RaftServerConfigKeys (ConfUtils.java:logGet(43)) - raft.server.sleep.deviation.threshold = 300 (default)
2019-08-27 08:59:14,905 [pool-560-thread-1] INFO  server.RaftServerConfigKeys (ConfUtils.java:logGet(43)) - raft.server.log.appender.install.snapshot.enabled = false (custom)
2019-08-27 08:59:14,905 [pool-560-thread-1] INFO  impl.RaftServerImpl (ServerState.java:<init>(105)) - e2fc1c3c-e5fc-4e6c-82aa-5ea8b9bf1eb5:group-9E29733F755E ConfigurationManager, init=-1: [e2fc1c3c-e5fc-4e6c-82aa-5ea8b9bf1eb5:192.168.34.1:41426], old=null, confs=<EMPTY_MAP>
2019-08-27 08:59:14,905 [pool-560-thread-1] INFO  server.RaftServerConfigKeys (ConfUtils.java:logGet(43)) - raft.server.storage.dir = [/workdir/hadoop-ozone/integration-test/target/test-dir/MiniOzoneClusterImpl-5fa0230b-2e3b-4574-a1d1-aab0eaf0b74a/datanode-1/data/ratis] (custom)
2019-08-27 08:59:14,906 [pool-560-thread-1] INFO  storage.RaftStorageDirectory (RaftStorageDirectory.java:analyzeStorage(246)) - The storage directory /workdir/hadoop-ozone/integration-test/target/test-dir/MiniOzoneClusterImpl-5fa0230b-2e3b-4574-a1d1-aab0eaf0b74a/datanode-1/data/ratis/4c15f319-0417-4838-b7d8-9e29733f755e does not exist. Creating ...
2019-08-27 08:59:14,907 [bc465b15-8d97-4b40-b19d-df54ad9f54a7-SegmentedRaftLogWorker:Storage Directory /workdir/hadoop-ozone/integration-test/target/test-dir/MiniOzoneClusterImpl-5fa0230b-2e3b-4574-a1d1-aab0eaf0b74a/datanode-3/data/ratis/52a28dc6-fa60-479a-a53d-7c7b7df1fa2a] INFO  segmented.SegmentedRaftLogWorker (SegmentedRaftLogWorker.java:execute(569)) - bc465b15-8d97-4b40-b19d-df54ad9f54a7-SegmentedRaftLogWorker:Storage Directory /workdir/hadoop-ozone/integration-test/target/test-dir/MiniOzoneClusterImpl-5fa0230b-2e3b-4574-a1d1-aab0eaf0b74a/datanode-3/data/ratis/52a28dc6-fa60-479a-a53d-7c7b7df1fa2a: created new log segment /workdir/hadoop-ozone/integration-test/target/test-dir/MiniOzoneClusterImpl-5fa0230b-2e3b-4574-a1d1-aab0eaf0b74a/datanode-3/data/ratis/52a28dc6-fa60-479a-a53d-7c7b7df1fa2a/current/log_inprogress_0
2019-08-27 08:59:14,907 [99a28adf-5289-4cdd-a512-dfcc6dd17230-SegmentedRaftLogWorker:Storage Directory /workdir/hadoop-ozone/integration-test/target/test-dir/MiniOzoneClusterImpl-5fa0230b-2e3b-4574-a1d1-aab0eaf0b74a/datanode-5/data/ratis/52a28dc6-fa60-479a-a53d-7c7b7df1fa2a] INFO  segmented.SegmentedRaftLogWorker (SegmentedRaftLogWorker.java:execute(569)) - 99a28adf-5289-4cdd-a512-dfcc6dd17230-SegmentedRaftLogWorker:Storage Directory /workdir/hadoop-ozone/integration-test/target/test-dir/MiniOzoneClusterImpl-5fa0230b-2e3b-4574-a1d1-aab0eaf0b74a/datanode-5/data/ratis/52a28dc6-fa60-479a-a53d-7c7b7df1fa2a: created new log segment /workdir/hadoop-ozone/integration-test/target/test-dir/MiniOzoneClusterImpl-5fa0230b-2e3b-4574-a1d1-aab0eaf0b74a/datanode-5/data/ratis/52a28dc6-fa60-479a-a53d-7c7b7df1fa2a/current/log_inprogress_0
2019-08-27 08:59:14,907 [99a28adf-5289-4cdd-a512-dfcc6dd17230:group-D9B1591BD076:LeaderElection119] INFO  impl.LeaderElection (LeaderElection.java:askForVotes(181)) - 99a28adf-5289-4cdd-a512-dfcc6dd17230:group-D9B1591BD076:LeaderElection119: begin an election at term 1 for -1: [99a28adf-5289-4cdd-a512-dfcc6dd17230:192.168.34.1:34359], old=null
2019-08-27 08:59:14,907 [c23e5a6c-3b1c-4356-87ef-9558e93e4bf7-SegmentedRaftLogWorker:Storage Directory /workdir/hadoop-ozone/integration-test/target/test-dir/MiniOzoneClusterImpl-5fa0230b-2e3b-4574-a1d1-aab0eaf0b74a/datanode-4/data/ratis/52a28dc6-fa60-479a-a53d-7c7b7df1fa2a] INFO  segmented.SegmentedRaftLogWorker (SegmentedRaftLogWorker.java:execute(569)) - c23e5a6c-3b1c-4356-87ef-9558e93e4bf7-SegmentedRaftLogWorker:Storage Directory /workdir/hadoop-ozone/integration-test/target/test-dir/MiniOzoneClusterImpl-5fa0230b-2e3b-4574-a1d1-aab0eaf0b74a/datanode-4/data/ratis/52a28dc6-fa60-479a-a53d-7c7b7df1fa2a: created new log segment /workdir/hadoop-ozone/integration-test/target/test-dir/MiniOzoneClusterImpl-5fa0230b-2e3b-4574-a1d1-aab0eaf0b74a/datanode-4/data/ratis/52a28dc6-fa60-479a-a53d-7c7b7df1fa2a/current/log_inprogress_0
2019-08-27 08:59:14,907 [99a28adf-5289-4cdd-a512-dfcc6dd17230:group-D9B1591BD076:LeaderElection119] INFO  impl.RoleInfo (RoleInfo.java:shutdownLeaderElection(134)) - 99a28adf-5289-4cdd-a512-dfcc6dd17230: shutdown LeaderElection
2019-08-27 08:59:14,908 [99a28adf-5289-4cdd-a512-dfcc6dd17230:group-D9B1591BD076:LeaderElection119] INFO  impl.RaftServerImpl (RaftServerImpl.java:setRole(171)) - 99a28adf-5289-4cdd-a512-dfcc6dd17230:group-D9B1591BD076 changes role from CANDIDATE to LEADER at term 1 for changeToLeader
2019-08-27 08:59:14,908 [99a28adf-5289-4cdd-a512-dfcc6dd17230:group-D9B1591BD076:LeaderElection119] INFO  impl.RaftServerImpl (ServerState.java:setLeader(263)) - 99a28adf-5289-4cdd-a512-dfcc6dd17230:group-D9B1591BD076 change Leader from null to 99a28adf-5289-4cdd-a512-dfcc6dd17230 at term 1 for becomeLeader, leader elected after 1233ms
2019-08-27 08:59:14,908 [99a28adf-5289-4cdd-a512-dfcc6dd17230:group-D9B1591BD076:LeaderElection119] INFO  server.RaftServerConfigKeys (ConfUtils.java:logGet(43)) - raft.server.staging.catchup.gap = 1000 (default)
2019-08-27 08:59:14,908 [99a28adf-5289-4cdd-a512-dfcc6dd17230:group-D9B1591BD076:LeaderElection119] INFO  server.RaftServerConfigKeys (ConfUtils.java:logGet(43)) - raft.server.rpc.sleep.time = 25ms (default)
2019-08-27 08:59:14,908 [99a28adf-5289-4cdd-a512-dfcc6dd17230:group-D9B1591BD076:LeaderElection119] INFO  server.RaftServerConfigKeys (ConfUtils.java:logGet(43)) - raft.server.write.element-limit = 4096 (default)
2019-08-27 08:59:14,908 [99a28adf-5289-4cdd-a512-dfcc6dd17230:group-D9B1591BD076:LeaderElection119] INFO  server.RaftServerConfigKeys (ConfUtils.java:logGet(43)) - raft.server.watch.timeout = 10s (default)
2019-08-27 08:59:14,908 [99a28adf-5289-4cdd-a512-dfcc6dd17230:group-D9B1591BD076:LeaderElection119] INFO  server.RaftServerConfigKeys (ConfUtils.java:logGet(43)) - raft.server.watch.timeout.denomination = 1s (default)
2019-08-27 08:59:14,908 [99a28adf-5289-4cdd-a512-dfcc6dd17230:group-D9B1591BD076:LeaderElection119] INFO  server.RaftServerConfigKeys (ConfUtils.java:logGet(43)) - raft.server.watch.element-limit = 65536 (default)
2019-08-27 08:59:14,909 [99a28adf-5289-4cdd-a512-dfcc6dd17230:group-D9B1591BD076:LeaderElection119] INFO  impl.RoleInfo (RoleInfo.java:updateAndGet(143)) - 99a28adf-5289-4cdd-a512-dfcc6dd17230: start LeaderState
2019-08-27 08:59:14,909 [99a28adf-5289-4cdd-a512-dfcc6dd17230:group-D9B1591BD076:LeaderElection119] INFO  segmented.SegmentedRaftLogWorker (SegmentedRaftLogWorker.java:startLogSegment(380)) - 99a28adf-5289-4cdd-a512-dfcc6dd17230-SegmentedRaftLogWorker:Storage Directory /workdir/hadoop-ozone/integration-test/target/test-dir/MiniOzoneClusterImpl-5fa0230b-2e3b-4574-a1d1-aab0eaf0b74a/datanode-5/data/ratis/9dbaaf57-a3e1-4468-a62f-d9b1591bd076: Starting segment from index:0
2019-08-27 08:59:14,909 [99a28adf-5289-4cdd-a512-dfcc6dd17230:group-D9B1591BD076:LeaderElection119] INFO  impl.RaftServerImpl (ServerState.java:setRaftConf(361)) - 99a28adf-5289-4cdd-a512-dfcc6dd17230:group-D9B1591BD076 set configuration 0: [99a28adf-5289-4cdd-a512-dfcc6dd17230:192.168.34.1:34359], old=null at 0
2019-08-27 08:59:14,910 [pool-560-thread-1] INFO  storage.RaftStorageDirectory (RaftStorageDirectory.java:tryLock(328)) - Lock on /workdir/hadoop-ozone/integration-test/target/test-dir/MiniOzoneClusterImpl-5fa0230b-2e3b-4574-a1d1-aab0eaf0b74a/datanode-1/data/ratis/4c15f319-0417-4838-b7d8-9e29733f755e/in_use.lock acquired by nodename 17688@trunk-nightly-adhoc-20190827-ds46k-2366760622
2019-08-27 08:59:14,919 [Thread-3665] INFO  impl.FollowerState (FollowerState.java:run(106)) - 521aeba6-88aa-48b7-8766-3f4d75ba2df1:group-8EE4029E1F45 changes to CANDIDATE, lastRpcTime:1046, electionTimeout:1046ms
2019-08-27 08:59:14,919 [Thread-3665] INFO  impl.RoleInfo (RoleInfo.java:shutdownFollowerState(121)) - 521aeba6-88aa-48b7-8766-3f4d75ba2df1: shutdown FollowerState
2019-08-27 08:59:14,920 [Thread-3665] INFO  impl.RaftServerImpl (RaftServerImpl.java:setRole(171)) - 521aeba6-88aa-48b7-8766-3f4d75ba2df1:group-8EE4029E1F45 changes role from FOLLOWER to CANDIDATE at term 0 for changeToCandidate
2019-08-27 08:59:14,920 [Thread-3665] INFO  impl.RoleInfo (RoleInfo.java:updateAndGet(143)) - 521aeba6-88aa-48b7-8766-3f4d75ba2df1: start LeaderElection
2019-08-27 08:59:14,941 [pool-560-thread-1] INFO  storage.RaftStorage (RaftStorage.java:format(72)) - Storage directory /workdir/hadoop-ozone/integration-test/target/test-dir/MiniOzoneClusterImpl-5fa0230b-2e3b-4574-a1d1-aab0eaf0b74a/datanode-1/data/ratis/4c15f319-0417-4838-b7d8-9e29733f755e has been successfully formatted.
2019-08-27 08:59:14,943 [pool-560-thread-1] INFO  ratis.ContainerStateMachine (ContainerStateMachine.java:loadSnapshot(226)) - group-9E29733F755E: The snapshot info is null. Setting the last applied indexto:(t:0, i:~)
2019-08-27 08:59:14,943 [pool-560-thread-1] INFO  server.RaftServerConfigKeys (ConfUtils.java:logGet(43)) - raft.server.leader.election.timeout = 120s (custom)
2019-08-27 08:59:14,943 [pool-560-thread-1] INFO  server.RaftServerConfigKeys (ConfUtils.java:logGet(43)) - raft.server.log.use.memory = false (default)
2019-08-27 08:59:14,943 [pool-560-thread-1] INFO  server.RaftServerConfigKeys (ConfUtils.java:logGet(43)) - raft.server.log.purge.gap = 1000000 (custom)
2019-08-27 08:59:14,943 [pool-560-thread-1] INFO  server.RaftServerConfigKeys (ConfUtils.java:logGet(43)) - raft.server.log.appender.buffer.byte-limit = 33554432 (custom)
2019-08-27 08:59:14,944 [pool-560-thread-1] INFO  server.RaftServerConfigKeys (ConfUtils.java:logGet(43)) - raft.server.log.segment.size.max = 1048576 (custom)
2019-08-27 08:59:14,944 [pool-560-thread-1] INFO  server.RaftServerConfigKeys (ConfUtils.java:logGet(43)) - raft.server.log.segment.cache.num.max = 2 (custom)
2019-08-27 08:59:14,944 [pool-560-thread-1] INFO  segmented.SegmentedRaftLogWorker (SegmentedRaftLogWorker.java:<init>(172)) - new e2fc1c3c-e5fc-4e6c-82aa-5ea8b9bf1eb5-SegmentedRaftLogWorker:Storage Directory /workdir/hadoop-ozone/integration-test/target/test-dir/MiniOzoneClusterImpl-5fa0230b-2e3b-4574-a1d1-aab0eaf0b74a/datanode-1/data/ratis/4c15f319-0417-4838-b7d8-9e29733f755e for RaftStorage:Storage Directory /workdir/hadoop-ozone/integration-test/target/test-dir/MiniOzoneClusterImpl-5fa0230b-2e3b-4574-a1d1-aab0eaf0b74a/datanode-1/data/ratis/4c15f319-0417-4838-b7d8-9e29733f755e
2019-08-27 08:59:14,944 [pool-560-thread-1] INFO  server.RaftServerConfigKeys (ConfUtils.java:logGet(43)) - raft.server.log.queue.byte-limit = 2147483647 (custom)
2019-08-27 08:59:14,944 [pool-560-thread-1] INFO  server.RaftServerConfigKeys (ConfUtils.java:logGet(43)) - raft.server.log.queue.element-limit = 1024 (custom)
2019-08-27 08:59:14,944 [pool-560-thread-1] INFO  server.RaftServerConfigKeys (ConfUtils.java:logGet(43)) - raft.server.log.segment.size.max = 1048576 (custom)
2019-08-27 08:59:14,944 [pool-560-thread-1] INFO  server.RaftServerConfigKeys (ConfUtils.java:logGet(43)) - raft.server.log.preallocated.size = 16384 (custom)
2019-08-27 08:59:14,944 [pool-560-thread-1] INFO  server.RaftServerConfigKeys (ConfUtils.java:logGet(43)) - raft.server.log.write.buffer.size = 33554432 (custom)
2019-08-27 08:59:14,944 [pool-560-thread-1] INFO  server.RaftServerConfigKeys (ConfUtils.java:logGet(43)) - raft.server.log.force.sync.num = 128 (default)
2019-08-27 08:59:14,944 [pool-560-thread-1] INFO  server.RaftServerConfigKeys (ConfUtils.java:logGet(43)) - raft.server.log.statemachine.data.sync = true (default)
2019-08-27 08:59:14,945 [pool-560-thread-1] INFO  server.RaftServerConfigKeys (ConfUtils.java:logGet(43)) - raft.server.log.statemachine.data.sync.timeout = 10s (default)
2019-08-27 08:59:14,945 [pool-560-thread-1] INFO  server.RaftServerConfigKeys (ConfUtils.java:logGet(43)) - raft.server.log.statemachine.data.sync.timeout.retry = -1 (default)
2019-08-27 08:59:14,945 [pool-560-thread-1] INFO  server.RaftServerConfigKeys (ConfUtils.java:logGet(43)) - raft.server.log.statemachine.data.caching.enabled = true (custom)
2019-08-27 08:59:14,945 [pool-560-thread-1] INFO  segmented.SegmentedRaftLogWorker (SegmentedRaftLogWorker.java:lambda$new$0(132)) - e2fc1c3c-e5fc-4e6c-82aa-5ea8b9bf1eb5-SegmentedRaftLogWorker:Storage Directory /workdir/hadoop-ozone/integration-test/target/test-dir/MiniOzoneClusterImpl-5fa0230b-2e3b-4574-a1d1-aab0eaf0b74a/datanode-1/data/ratis/4c15f319-0417-4838-b7d8-9e29733f755e: flushIndex: setUnconditionally 0 -> -1
2019-08-27 08:59:14,945 [pool-560-thread-1] INFO  server.RaftServerConfigKeys (ConfUtils.java:logGet(43)) - raft.server.snapshot.auto.trigger.enabled = true (custom)
2019-08-27 08:59:14,945 [pool-560-thread-1] INFO  server.RaftServerConfigKeys (ConfUtils.java:logGet(43)) - raft.server.snapshot.auto.trigger.threshold = 10000 (custom)
2019-08-27 08:59:14,945 [pool-560-thread-1] INFO  server.RaftServerConfigKeys (ConfUtils.java:logGet(43)) - raft.server.retrycache.expirytime = 600000ms (custom)
2019-08-27 08:59:14,946 [pool-560-thread-1] INFO  impl.RaftServerImpl (RaftServerImpl.java:start(180)) - e2fc1c3c-e5fc-4e6c-82aa-5ea8b9bf1eb5: start group-9E29733F755E
2019-08-27 08:59:14,946 [pool-560-thread-1] INFO  impl.RaftServerImpl (RaftServerImpl.java:setRole(171)) - e2fc1c3c-e5fc-4e6c-82aa-5ea8b9bf1eb5:group-9E29733F755E changes role from null to FOLLOWER at term 0 for startAsFollower
2019-08-27 08:59:14,946 [pool-560-thread-1] INFO  impl.RoleInfo (RoleInfo.java:updateAndGet(143)) - e2fc1c3c-e5fc-4e6c-82aa-5ea8b9bf1eb5: start FollowerState
2019-08-27 08:59:14,946 [pool-560-thread-1] INFO  util.JmxRegister (JmxRegister.java:tryRegister(44)) - Successfully registered JMX Bean with object name Ratis:service=RaftServer,group=group-9E29733F755E,id=e2fc1c3c-e5fc-4e6c-82aa-5ea8b9bf1eb5
2019-08-27 08:59:14,948 [RatisPipelineUtilsThread] INFO  pipeline.PipelineStateManager (PipelineStateManager.java:addPipeline(56)) - Created pipeline Pipeline[ Id: 4c15f319-0417-4838-b7d8-9e29733f755e, Nodes: e2fc1c3c-e5fc-4e6c-82aa-5ea8b9bf1eb5{ip: 192.168.34.1, host: trunk-nightly-adhoc-20190827-ds46k-2366760622, networkLocation: /rack1, certSerialId: null}, Type:RATIS, Factor:ONE, State:OPEN]
2019-08-27 08:59:14,955 [99a28adf-5289-4cdd-a512-dfcc6dd17230-SegmentedRaftLogWorker:Storage Directory /workdir/hadoop-ozone/integration-test/target/test-dir/MiniOzoneClusterImpl-5fa0230b-2e3b-4574-a1d1-aab0eaf0b74a/datanode-5/data/ratis/9dbaaf57-a3e1-4468-a62f-d9b1591bd076] INFO  segmented.SegmentedRaftLogWorker (SegmentedRaftLogWorker.java:execute(569)) - 99a28adf-5289-4cdd-a512-dfcc6dd17230-SegmentedRaftLogWorker:Storage Directory /workdir/hadoop-ozone/integration-test/target/test-dir/MiniOzoneClusterImpl-5fa0230b-2e3b-4574-a1d1-aab0eaf0b74a/datanode-5/data/ratis/9dbaaf57-a3e1-4468-a62f-d9b1591bd076: created new log segment /workdir/hadoop-ozone/integration-test/target/test-dir/MiniOzoneClusterImpl-5fa0230b-2e3b-4574-a1d1-aab0eaf0b74a/datanode-5/data/ratis/9dbaaf57-a3e1-4468-a62f-d9b1591bd076/current/log_inprogress_0
2019-08-27 08:59:14,955 [521aeba6-88aa-48b7-8766-3f4d75ba2df1:group-8EE4029E1F45:LeaderElection120] INFO  impl.LeaderElection (LeaderElection.java:askForVotes(181)) - 521aeba6-88aa-48b7-8766-3f4d75ba2df1:group-8EE4029E1F45:LeaderElection120: begin an election at term 1 for -1: [521aeba6-88aa-48b7-8766-3f4d75ba2df1:192.168.34.1:36388], old=null
2019-08-27 08:59:14,956 [521aeba6-88aa-48b7-8766-3f4d75ba2df1:group-8EE4029E1F45:LeaderElection120] INFO  impl.RoleInfo (RoleInfo.java:shutdownLeaderElection(134)) - 521aeba6-88aa-48b7-8766-3f4d75ba2df1: shutdown LeaderElection
2019-08-27 08:59:14,956 [521aeba6-88aa-48b7-8766-3f4d75ba2df1:group-8EE4029E1F45:LeaderElection120] INFO  impl.RaftServerImpl (RaftServerImpl.java:setRole(171)) - 521aeba6-88aa-48b7-8766-3f4d75ba2df1:group-8EE4029E1F45 changes role from CANDIDATE to LEADER at term 1 for changeToLeader
2019-08-27 08:59:14,956 [521aeba6-88aa-48b7-8766-3f4d75ba2df1:group-8EE4029E1F45:LeaderElection120] INFO  impl.RaftServerImpl (ServerState.java:setLeader(263)) - 521aeba6-88aa-48b7-8766-3f4d75ba2df1:group-8EE4029E1F45 change Leader from null to 521aeba6-88aa-48b7-8766-3f4d75ba2df1 at term 1 for becomeLeader, leader elected after 1085ms
2019-08-27 08:59:14,956 [521aeba6-88aa-48b7-8766-3f4d75ba2df1:group-8EE4029E1F45:LeaderElection120] INFO  server.RaftServerConfigKeys (ConfUtils.java:logGet(43)) - raft.server.staging.catchup.gap = 1000 (default)
2019-08-27 08:59:14,956 [521aeba6-88aa-48b7-8766-3f4d75ba2df1:group-8EE4029E1F45:LeaderElection120] INFO  server.RaftServerConfigKeys (ConfUtils.java:logGet(43)) - raft.server.rpc.sleep.time = 25ms (default)
2019-08-27 08:59:14,956 [grpc-default-executor-11] INFO  impl.RaftServerProxy (RaftServerProxy.java:addNew(89)) - 4418b26a-a5e5-4792-b343-154b02de43dd: addNew group-FD56A270C3EE:[4418b26a-a5e5-4792-b343-154b02de43dd:192.168.34.1:34061, e2fc1c3c-e5fc-4e6c-82aa-5ea8b9bf1eb5:192.168.34.1:41426, 83ad8e3f-e813-4fa1-9b9c-8cd3f6d9b12a:192.168.34.1:44924] returns group-FD56A270C3EE:java.util.concurrent.CompletableFuture@20e38ee0[Not completed]
2019-08-27 08:59:14,956 [521aeba6-88aa-48b7-8766-3f4d75ba2df1:group-8EE4029E1F45:LeaderElection120] INFO  server.RaftServerConfigKeys (ConfUtils.java:logGet(43)) - raft.server.write.element-limit = 4096 (default)
2019-08-27 08:59:14,956 [grpc-default-executor-7] INFO  impl.RaftServerProxy (RaftServerProxy.java:addNew(89)) - e2fc1c3c-e5fc-4e6c-82aa-5ea8b9bf1eb5: addNew group-FD56A270C3EE:[4418b26a-a5e5-4792-b343-154b02de43dd:192.168.34.1:34061, e2fc1c3c-e5fc-4e6c-82aa-5ea8b9bf1eb5:192.168.34.1:41426, 83ad8e3f-e813-4fa1-9b9c-8cd3f6d9b12a:192.168.34.1:44924] returns group-FD56A270C3EE:java.util.concurrent.CompletableFuture@78fbe721[Not completed]
2019-08-27 08:59:14,956 [grpc-default-executor-5] INFO  impl.RaftServerProxy (RaftServerProxy.java:addNew(89)) - 83ad8e3f-e813-4fa1-9b9c-8cd3f6d9b12a: addNew group-FD56A270C3EE:[4418b26a-a5e5-4792-b343-154b02de43dd:192.168.34.1:34061, e2fc1c3c-e5fc-4e6c-82aa-5ea8b9bf1eb5:192.168.34.1:41426, 83ad8e3f-e813-4fa1-9b9c-8cd3f6d9b12a:192.168.34.1:44924] returns group-FD56A270C3EE:java.util.concurrent.CompletableFuture@6948bc4b[Not completed]
2019-08-27 08:59:14,956 [521aeba6-88aa-48b7-8766-3f4d75ba2df1:group-8EE4029E1F45:LeaderElection120] INFO  server.RaftServerConfigKeys (ConfUtils.java:logGet(43)) - raft.server.watch.timeout = 10s (default)
2019-08-27 08:59:14,957 [521aeba6-88aa-48b7-8766-3f4d75ba2df1:group-8EE4029E1F45:LeaderElection120] INFO  server.RaftServerConfigKeys (ConfUtils.java:logGet(43)) - raft.server.watch.timeout.denomination = 1s (default)
2019-08-27 08:59:14,957 [521aeba6-88aa-48b7-8766-3f4d75ba2df1:group-8EE4029E1F45:LeaderElection120] INFO  server.RaftServerConfigKeys (ConfUtils.java:logGet(43)) - raft.server.watch.element-limit = 65536 (default)
2019-08-27 08:59:14,957 [521aeba6-88aa-48b7-8766-3f4d75ba2df1:group-8EE4029E1F45:LeaderElection120] INFO  impl.RoleInfo (RoleInfo.java:updateAndGet(143)) - 521aeba6-88aa-48b7-8766-3f4d75ba2df1: start LeaderState
2019-08-27 08:59:14,957 [pool-648-thread-1] INFO  impl.RaftServerImpl (RaftServerImpl.java:<init>(93)) - 4418b26a-a5e5-4792-b343-154b02de43dd: new RaftServerImpl for group-FD56A270C3EE:[4418b26a-a5e5-4792-b343-154b02de43dd:192.168.34.1:34061, e2fc1c3c-e5fc-4e6c-82aa-5ea8b9bf1eb5:192.168.34.1:41426, 83ad8e3f-e813-4fa1-9b9c-8cd3f6d9b12a:192.168.34.1:44924] with ContainerStateMachine:uninitialized
2019-08-27 08:59:14,957 [521aeba6-88aa-48b7-8766-3f4d75ba2df1:group-8EE4029E1F45:LeaderElection120] INFO  segmented.SegmentedRaftLogWorker (SegmentedRaftLogWorker.java:startLogSegment(380)) - 521aeba6-88aa-48b7-8766-3f4d75ba2df1-SegmentedRaftLogWorker:Storage Directory /workdir/hadoop-ozone/integration-test/target/test-dir/MiniOzoneClusterImpl-5fa0230b-2e3b-4574-a1d1-aab0eaf0b74a/datanode-6/data/ratis/689f77b6-87ea-4586-9b93-8ee4029e1f45: Starting segment from index:0
2019-08-27 08:59:14,957 [pool-648-thread-1] INFO  server.RaftServerConfigKeys (ConfUtils.java:logGet(43)) - raft.server.rpc.timeout.min = 1s (custom)
2019-08-27 08:59:14,957 [pool-648-thread-1] INFO  server.RaftServerConfigKeys (ConfUtils.java:logGet(43)) - raft.server.rpc.timeout.max = 1200ms (custom)
2019-08-27 08:59:14,957 [pool-549-thread-1] INFO  impl.RaftServerImpl (RaftServerImpl.java:<init>(93)) - 83ad8e3f-e813-4fa1-9b9c-8cd3f6d9b12a: new RaftServerImpl for group-FD56A270C3EE:[4418b26a-a5e5-4792-b343-154b02de43dd:192.168.34.1:34061, e2fc1c3c-e5fc-4e6c-82aa-5ea8b9bf1eb5:192.168.34.1:41426, 83ad8e3f-e813-4fa1-9b9c-8cd3f6d9b12a:192.168.34.1:44924] with ContainerStateMachine:uninitialized
2019-08-27 08:59:14,957 [521aeba6-88aa-48b7-8766-3f4d75ba2df1:group-8EE4029E1F45:LeaderElection120] INFO  impl.RaftServerImpl (ServerState.java:setRaftConf(361)) - 521aeba6-88aa-48b7-8766-3f4d75ba2df1:group-8EE4029E1F45 set configuration 0: [521aeba6-88aa-48b7-8766-3f4d75ba2df1:192.168.34.1:36388], old=null at 0
2019-08-27 08:59:14,957 [pool-648-thread-1] INFO  server.RaftServerConfigKeys (ConfUtils.java:logGet(43)) - raft.server.rpcslowness.timeout = 120s (custom)
2019-08-27 08:59:14,957 [pool-549-thread-1] INFO  server.RaftServerConfigKeys (ConfUtils.java:logGet(43)) - raft.server.rpc.timeout.min = 1s (custom)
2019-08-27 08:59:14,957 [pool-560-thread-1] INFO  impl.RaftServerImpl (RaftServerImpl.java:<init>(93)) - e2fc1c3c-e5fc-4e6c-82aa-5ea8b9bf1eb5: new RaftServerImpl for group-FD56A270C3EE:[4418b26a-a5e5-4792-b343-154b02de43dd:192.168.34.1:34061, e2fc1c3c-e5fc-4e6c-82aa-5ea8b9bf1eb5:192.168.34.1:41426, 83ad8e3f-e813-4fa1-9b9c-8cd3f6d9b12a:192.168.34.1:44924] with ContainerStateMachine:uninitialized
2019-08-27 08:59:14,958 [pool-549-thread-1] INFO  server.RaftServerConfigKeys (ConfUtils.java:logGet(43)) - raft.server.rpc.timeout.max = 1200ms (custom)
2019-08-27 08:59:14,958 [pool-648-thread-1] INFO  server.RaftServerConfigKeys (ConfUtils.java:logGet(43)) - raft.server.sleep.deviation.threshold = 300 (default)
2019-08-27 08:59:14,958 [pool-549-thread-1] INFO  server.RaftServerConfigKeys (ConfUtils.java:logGet(43)) - raft.server.rpcslowness.timeout = 120s (custom)
2019-08-27 08:59:14,958 [pool-560-thread-1] INFO  server.RaftServerConfigKeys (ConfUtils.java:logGet(43)) - raft.server.rpc.timeout.min = 1s (custom)
2019-08-27 08:59:14,958 [pool-549-thread-1] INFO  server.RaftServerConfigKeys (ConfUtils.java:logGet(43)) - raft.server.sleep.deviation.threshold = 300 (default)
2019-08-27 08:59:14,958 [pool-648-thread-1] INFO  server.RaftServerConfigKeys (ConfUtils.java:logGet(43)) - raft.server.log.appender.install.snapshot.enabled = false (custom)
2019-08-27 08:59:14,958 [pool-549-thread-1] INFO  server.RaftServerConfigKeys (ConfUtils.java:logGet(43)) - raft.server.log.appender.install.snapshot.enabled = false (custom)
2019-08-27 08:59:14,958 [pool-560-thread-1] INFO  server.RaftServerConfigKeys (ConfUtils.java:logGet(43)) - raft.server.rpc.timeout.max = 1200ms (custom)
2019-08-27 08:59:14,958 [pool-549-thread-1] INFO  impl.RaftServerImpl (ServerState.java:<init>(105)) - 83ad8e3f-e813-4fa1-9b9c-8cd3f6d9b12a:group-FD56A270C3EE ConfigurationManager, init=-1: [4418b26a-a5e5-4792-b343-154b02de43dd:192.168.34.1:34061, e2fc1c3c-e5fc-4e6c-82aa-5ea8b9bf1eb5:192.168.34.1:41426, 83ad8e3f-e813-4fa1-9b9c-8cd3f6d9b12a:192.168.34.1:44924], old=null, confs=<EMPTY_MAP>
2019-08-27 08:59:14,958 [pool-648-thread-1] INFO  impl.RaftServerImpl (ServerState.java:<init>(105)) - 4418b26a-a5e5-4792-b343-154b02de43dd:group-FD56A270C3EE ConfigurationManager, init=-1: [4418b26a-a5e5-4792-b343-154b02de43dd:192.168.34.1:34061, e2fc1c3c-e5fc-4e6c-82aa-5ea8b9bf1eb5:192.168.34.1:41426, 83ad8e3f-e813-4fa1-9b9c-8cd3f6d9b12a:192.168.34.1:44924], old=null, confs=<EMPTY_MAP>
2019-08-27 08:59:14,959 [pool-549-thread-1] INFO  server.RaftServerConfigKeys (ConfUtils.java:logGet(43)) - raft.server.storage.dir = [/workdir/hadoop-ozone/integration-test/target/test-dir/MiniOzoneClusterImpl-5fa0230b-2e3b-4574-a1d1-aab0eaf0b74a/datanode-0/data/ratis] (custom)
2019-08-27 08:59:14,958 [pool-560-thread-1] INFO  server.RaftServerConfigKeys (ConfUtils.java:logGet(43)) - raft.server.rpcslowness.timeout = 120s (custom)
2019-08-27 08:59:14,959 [pool-648-thread-1] INFO  server.RaftServerConfigKeys (ConfUtils.java:logGet(43)) - raft.server.storage.dir = [/workdir/hadoop-ozone/integration-test/target/test-dir/MiniOzoneClusterImpl-5fa0230b-2e3b-4574-a1d1-aab0eaf0b74a/datanode-9/data/ratis] (custom)
2019-08-27 08:59:14,959 [pool-560-thread-1] INFO  server.RaftServerConfigKeys (ConfUtils.java:logGet(43)) - raft.server.sleep.deviation.threshold = 300 (default)
2019-08-27 08:59:14,959 [pool-549-thread-1] INFO  storage.RaftStorageDirectory (RaftStorageDirectory.java:analyzeStorage(246)) - The storage directory /workdir/hadoop-ozone/integration-test/target/test-dir/MiniOzoneClusterImpl-5fa0230b-2e3b-4574-a1d1-aab0eaf0b74a/datanode-0/data/ratis/48182f6a-c132-4916-82ba-fd56a270c3ee does not exist. Creating ...
2019-08-27 08:59:14,959 [pool-560-thread-1] INFO  server.RaftServerConfigKeys (ConfUtils.java:logGet(43)) - raft.server.log.appender.install.snapshot.enabled = false (custom)
2019-08-27 08:59:14,959 [pool-648-thread-1] INFO  storage.RaftStorageDirectory (RaftStorageDirectory.java:analyzeStorage(246)) - The storage directory /workdir/hadoop-ozone/integration-test/target/test-dir/MiniOzoneClusterImpl-5fa0230b-2e3b-4574-a1d1-aab0eaf0b74a/datanode-9/data/ratis/48182f6a-c132-4916-82ba-fd56a270c3ee does not exist. Creating ...
2019-08-27 08:59:14,959 [pool-560-thread-1] INFO  impl.RaftServerImpl (ServerState.java:<init>(105)) - e2fc1c3c-e5fc-4e6c-82aa-5ea8b9bf1eb5:group-FD56A270C3EE ConfigurationManager, init=-1: [4418b26a-a5e5-4792-b343-154b02de43dd:192.168.34.1:34061, e2fc1c3c-e5fc-4e6c-82aa-5ea8b9bf1eb5:192.168.34.1:41426, 83ad8e3f-e813-4fa1-9b9c-8cd3f6d9b12a:192.168.34.1:44924], old=null, confs=<EMPTY_MAP>
2019-08-27 08:59:14,959 [pool-560-thread-1] INFO  server.RaftServerConfigKeys (ConfUtils.java:logGet(43)) - raft.server.storage.dir = [/workdir/hadoop-ozone/integration-test/target/test-dir/MiniOzoneClusterImpl-5fa0230b-2e3b-4574-a1d1-aab0eaf0b74a/datanode-1/data/ratis] (custom)
2019-08-27 08:59:14,960 [pool-560-thread-1] INFO  storage.RaftStorageDirectory (RaftStorageDirectory.java:analyzeStorage(246)) - The storage directory /workdir/hadoop-ozone/integration-test/target/test-dir/MiniOzoneClusterImpl-5fa0230b-2e3b-4574-a1d1-aab0eaf0b74a/datanode-1/data/ratis/48182f6a-c132-4916-82ba-fd56a270c3ee does not exist. Creating ...
2019-08-27 08:59:14,972 [pool-549-thread-1] INFO  storage.RaftStorageDirectory (RaftStorageDirectory.java:tryLock(328)) - Lock on /workdir/hadoop-ozone/integration-test/target/test-dir/MiniOzoneClusterImpl-5fa0230b-2e3b-4574-a1d1-aab0eaf0b74a/datanode-0/data/ratis/48182f6a-c132-4916-82ba-fd56a270c3ee/in_use.lock acquired by nodename 17688@trunk-nightly-adhoc-20190827-ds46k-2366760622
2019-08-27 08:59:14,972 [pool-560-thread-1] INFO  storage.RaftStorageDirectory (RaftStorageDirectory.java:tryLock(328)) - Lock on /workdir/hadoop-ozone/integration-test/target/test-dir/MiniOzoneClusterImpl-5fa0230b-2e3b-4574-a1d1-aab0eaf0b74a/datanode-1/data/ratis/48182f6a-c132-4916-82ba-fd56a270c3ee/in_use.lock acquired by nodename 17688@trunk-nightly-adhoc-20190827-ds46k-2366760622
2019-08-27 08:59:14,972 [pool-648-thread-1] INFO  storage.RaftStorageDirectory (RaftStorageDirectory.java:tryLock(328)) - Lock on /workdir/hadoop-ozone/integration-test/target/test-dir/MiniOzoneClusterImpl-5fa0230b-2e3b-4574-a1d1-aab0eaf0b74a/datanode-9/data/ratis/48182f6a-c132-4916-82ba-fd56a270c3ee/in_use.lock acquired by nodename 17688@trunk-nightly-adhoc-20190827-ds46k-2366760622
2019-08-27 08:59:14,986 [pool-560-thread-1] INFO  storage.RaftStorage (RaftStorage.java:format(72)) - Storage directory /workdir/hadoop-ozone/integration-test/target/test-dir/MiniOzoneClusterImpl-5fa0230b-2e3b-4574-a1d1-aab0eaf0b74a/datanode-1/data/ratis/48182f6a-c132-4916-82ba-fd56a270c3ee has been successfully formatted.
2019-08-27 08:59:14,986 [pool-648-thread-1] INFO  storage.RaftStorage (RaftStorage.java:format(72)) - Storage directory /workdir/hadoop-ozone/integration-test/target/test-dir/MiniOzoneClusterImpl-5fa0230b-2e3b-4574-a1d1-aab0eaf0b74a/datanode-9/data/ratis/48182f6a-c132-4916-82ba-fd56a270c3ee has been successfully formatted.
2019-08-27 08:59:14,986 [pool-549-thread-1] INFO  storage.RaftStorage (RaftStorage.java:format(72)) - Storage directory /workdir/hadoop-ozone/integration-test/target/test-dir/MiniOzoneClusterImpl-5fa0230b-2e3b-4574-a1d1-aab0eaf0b74a/datanode-0/data/ratis/48182f6a-c132-4916-82ba-fd56a270c3ee has been successfully formatted.
2019-08-27 08:59:14,986 [pool-560-thread-1] INFO  ratis.ContainerStateMachine (ContainerStateMachine.java:loadSnapshot(226)) - group-FD56A270C3EE: The snapshot info is null. Setting the last applied indexto:(t:0, i:~)
2019-08-27 08:59:14,987 [pool-549-thread-1] INFO  ratis.ContainerStateMachine (ContainerStateMachine.java:loadSnapshot(226)) - group-FD56A270C3EE: The snapshot info is null. Setting the last applied indexto:(t:0, i:~)
2019-08-27 08:59:14,987 [pool-648-thread-1] INFO  ratis.ContainerStateMachine (ContainerStateMachine.java:loadSnapshot(226)) - group-FD56A270C3EE: The snapshot info is null. Setting the last applied indexto:(t:0, i:~)
2019-08-27 08:59:14,987 [pool-549-thread-1] INFO  server.RaftServerConfigKeys (ConfUtils.java:logGet(43)) - raft.server.leader.election.timeout = 120s (custom)
2019-08-27 08:59:14,987 [pool-560-thread-1] INFO  server.RaftServerConfigKeys (ConfUtils.java:logGet(43)) - raft.server.leader.election.timeout = 120s (custom)
2019-08-27 08:59:14,987 [pool-549-thread-1] INFO  server.RaftServerConfigKeys (ConfUtils.java:logGet(43)) - raft.server.log.use.memory = false (default)
2019-08-27 08:59:14,987 [pool-648-thread-1] INFO  server.RaftServerConfigKeys (ConfUtils.java:logGet(43)) - raft.server.leader.election.timeout = 120s (custom)
2019-08-27 08:59:14,987 [pool-549-thread-1] INFO  server.RaftServerConfigKeys (ConfUtils.java:logGet(43)) - raft.server.log.purge.gap = 1000000 (custom)
2019-08-27 08:59:14,987 [pool-560-thread-1] INFO  server.RaftServerConfigKeys (ConfUtils.java:logGet(43)) - raft.server.log.use.memory = false (default)
2019-08-27 08:59:14,987 [pool-549-thread-1] INFO  server.RaftServerConfigKeys (ConfUtils.java:logGet(43)) - raft.server.log.appender.buffer.byte-limit = 33554432 (custom)
2019-08-27 08:59:14,987 [pool-648-thread-1] INFO  server.RaftServerConfigKeys (ConfUtils.java:logGet(43)) - raft.server.log.use.memory = false (default)
2019-08-27 08:59:14,988 [pool-549-thread-1] INFO  server.RaftServerConfigKeys (ConfUtils.java:logGet(43)) - raft.server.log.segment.size.max = 1048576 (custom)
2019-08-27 08:59:14,987 [pool-560-thread-1] INFO  server.RaftServerConfigKeys (ConfUtils.java:logGet(43)) - raft.server.log.purge.gap = 1000000 (custom)
2019-08-27 08:59:14,988 [pool-549-thread-1] INFO  server.RaftServerConfigKeys (ConfUtils.java:logGet(43)) - raft.server.log.segment.cache.num.max = 2 (custom)
2019-08-27 08:59:14,988 [pool-648-thread-1] INFO  server.RaftServerConfigKeys (ConfUtils.java:logGet(43)) - raft.server.log.purge.gap = 1000000 (custom)
2019-08-27 08:59:14,988 [pool-549-thread-1] INFO  segmented.SegmentedRaftLogWorker (SegmentedRaftLogWorker.java:<init>(172)) - new 83ad8e3f-e813-4fa1-9b9c-8cd3f6d9b12a-SegmentedRaftLogWorker:Storage Directory /workdir/hadoop-ozone/integration-test/target/test-dir/MiniOzoneClusterImpl-5fa0230b-2e3b-4574-a1d1-aab0eaf0b74a/datanode-0/data/ratis/48182f6a-c132-4916-82ba-fd56a270c3ee for RaftStorage:Storage Directory /workdir/hadoop-ozone/integration-test/target/test-dir/MiniOzoneClusterImpl-5fa0230b-2e3b-4574-a1d1-aab0eaf0b74a/datanode-0/data/ratis/48182f6a-c132-4916-82ba-fd56a270c3ee
2019-08-27 08:59:14,988 [pool-560-thread-1] INFO  server.RaftServerConfigKeys (ConfUtils.java:logGet(43)) - raft.server.log.appender.buffer.byte-limit = 33554432 (custom)
2019-08-27 08:59:14,988 [pool-549-thread-1] INFO  server.RaftServerConfigKeys (ConfUtils.java:logGet(43)) - raft.server.log.queue.byte-limit = 2147483647 (custom)
2019-08-27 08:59:14,988 [pool-648-thread-1] INFO  server.RaftServerConfigKeys (ConfUtils.java:logGet(43)) - raft.server.log.appender.buffer.byte-limit = 33554432 (custom)
2019-08-27 08:59:14,988 [pool-549-thread-1] INFO  server.RaftServerConfigKeys (ConfUtils.java:logGet(43)) - raft.server.log.queue.element-limit = 1024 (custom)
2019-08-27 08:59:14,988 [pool-560-thread-1] INFO  server.RaftServerConfigKeys (ConfUtils.java:logGet(43)) - raft.server.log.segment.size.max = 1048576 (custom)
2019-08-27 08:59:14,989 [pool-549-thread-1] INFO  server.RaftServerConfigKeys (ConfUtils.java:logGet(43)) - raft.server.log.segment.size.max = 1048576 (custom)
2019-08-27 08:59:14,988 [pool-648-thread-1] INFO  server.RaftServerConfigKeys (ConfUtils.java:logGet(43)) - raft.server.log.segment.size.max = 1048576 (custom)
2019-08-27 08:59:14,989 [pool-549-thread-1] INFO  server.RaftServerConfigKeys (ConfUtils.java:logGet(43)) - raft.server.log.preallocated.size = 16384 (custom)
2019-08-27 08:59:14,989 [pool-560-thread-1] INFO  server.RaftServerConfigKeys (ConfUtils.java:logGet(43)) - raft.server.log.segment.cache.num.max = 2 (custom)
2019-08-27 08:59:14,989 [521aeba6-88aa-48b7-8766-3f4d75ba2df1-SegmentedRaftLogWorker:Storage Directory /workdir/hadoop-ozone/integration-test/target/test-dir/MiniOzoneClusterImpl-5fa0230b-2e3b-4574-a1d1-aab0eaf0b74a/datanode-6/data/ratis/689f77b6-87ea-4586-9b93-8ee4029e1f45] INFO  segmented.SegmentedRaftLogWorker (SegmentedRaftLogWorker.java:execute(569)) - 521aeba6-88aa-48b7-8766-3f4d75ba2df1-SegmentedRaftLogWorker:Storage Directory /workdir/hadoop-ozone/integration-test/target/test-dir/MiniOzoneClusterImpl-5fa0230b-2e3b-4574-a1d1-aab0eaf0b74a/datanode-6/data/ratis/689f77b6-87ea-4586-9b93-8ee4029e1f45: created new log segment /workdir/hadoop-ozone/integration-test/target/test-dir/MiniOzoneClusterImpl-5fa0230b-2e3b-4574-a1d1-aab0eaf0b74a/datanode-6/data/ratis/689f77b6-87ea-4586-9b93-8ee4029e1f45/current/log_inprogress_0
2019-08-27 08:59:14,989 [pool-560-thread-1] INFO  segmented.SegmentedRaftLogWorker (SegmentedRaftLogWorker.java:<init>(172)) - new e2fc1c3c-e5fc-4e6c-82aa-5ea8b9bf1eb5-SegmentedRaftLogWorker:Storage Directory /workdir/hadoop-ozone/integration-test/target/test-dir/MiniOzoneClusterImpl-5fa0230b-2e3b-4574-a1d1-aab0eaf0b74a/datanode-1/data/ratis/48182f6a-c132-4916-82ba-fd56a270c3ee for RaftStorage:Storage Directory /workdir/hadoop-ozone/integration-test/target/test-dir/MiniOzoneClusterImpl-5fa0230b-2e3b-4574-a1d1-aab0eaf0b74a/datanode-1/data/ratis/48182f6a-c132-4916-82ba-fd56a270c3ee
2019-08-27 08:59:14,989 [pool-549-thread-1] INFO  server.RaftServerConfigKeys (ConfUtils.java:logGet(43)) - raft.server.log.write.buffer.size = 33554432 (custom)
2019-08-27 08:59:14,989 [pool-648-thread-1] INFO  server.RaftServerConfigKeys (ConfUtils.java:logGet(43)) - raft.server.log.segment.cache.num.max = 2 (custom)
2019-08-27 08:59:14,989 [pool-549-thread-1] INFO  server.RaftServerConfigKeys (ConfUtils.java:logGet(43)) - raft.server.log.force.sync.num = 128 (default)
2019-08-27 08:59:14,989 [pool-560-thread-1] INFO  server.RaftServerConfigKeys (ConfUtils.java:logGet(43)) - raft.server.log.queue.byte-limit = 2147483647 (custom)
2019-08-27 08:59:14,989 [pool-549-thread-1] INFO  server.RaftServerConfigKeys (ConfUtils.java:logGet(43)) - raft.server.log.statemachine.data.sync = true (default)
2019-08-27 08:59:14,989 [pool-648-thread-1] INFO  segmented.SegmentedRaftLogWorker (SegmentedRaftLogWorker.java:<init>(172)) - new 4418b26a-a5e5-4792-b343-154b02de43dd-SegmentedRaftLogWorker:Storage Directory /workdir/hadoop-ozone/integration-test/target/test-dir/MiniOzoneClusterImpl-5fa0230b-2e3b-4574-a1d1-aab0eaf0b74a/datanode-9/data/ratis/48182f6a-c132-4916-82ba-fd56a270c3ee for RaftStorage:Storage Directory /workdir/hadoop-ozone/integration-test/target/test-dir/MiniOzoneClusterImpl-5fa0230b-2e3b-4574-a1d1-aab0eaf0b74a/datanode-9/data/ratis/48182f6a-c132-4916-82ba-fd56a270c3ee
2019-08-27 08:59:14,990 [pool-549-thread-1] INFO  server.RaftServerConfigKeys (ConfUtils.java:logGet(43)) - raft.server.log.statemachine.data.sync.timeout = 10s (default)
2019-08-27 08:59:14,989 [pool-560-thread-1] INFO  server.RaftServerConfigKeys (ConfUtils.java:logGet(43)) - raft.server.log.queue.element-limit = 1024 (custom)
2019-08-27 08:59:14,990 [pool-549-thread-1] INFO  server.RaftServerConfigKeys (ConfUtils.java:logGet(43)) - raft.server.log.statemachine.data.sync.timeout.retry = -1 (default)
2019-08-27 08:59:14,990 [pool-648-thread-1] INFO  server.RaftServerConfigKeys (ConfUtils.java:logGet(43)) - raft.server.log.queue.byte-limit = 2147483647 (custom)
2019-08-27 08:59:14,990 [pool-549-thread-1] INFO  server.RaftServerConfigKeys (ConfUtils.java:logGet(43)) - raft.server.log.statemachine.data.caching.enabled = true (custom)
2019-08-27 08:59:14,990 [pool-560-thread-1] INFO  server.RaftServerConfigKeys (ConfUtils.java:logGet(43)) - raft.server.log.segment.size.max = 1048576 (custom)
2019-08-27 08:59:14,990 [pool-648-thread-1] INFO  server.RaftServerConfigKeys (ConfUtils.java:logGet(43)) - raft.server.log.queue.element-limit = 1024 (custom)
2019-08-27 08:59:14,990 [pool-549-thread-1] INFO  segmented.SegmentedRaftLogWorker (SegmentedRaftLogWorker.java:lambda$new$0(132)) - 83ad8e3f-e813-4fa1-9b9c-8cd3f6d9b12a-SegmentedRaftLogWorker:Storage Directory /workdir/hadoop-ozone/integration-test/target/test-dir/MiniOzoneClusterImpl-5fa0230b-2e3b-4574-a1d1-aab0eaf0b74a/datanode-0/data/ratis/48182f6a-c132-4916-82ba-fd56a270c3ee: flushIndex: setUnconditionally 0 -> -1
2019-08-27 08:59:14,990 [pool-560-thread-1] INFO  server.RaftServerConfigKeys (ConfUtils.java:logGet(43)) - raft.server.log.preallocated.size = 16384 (custom)
2019-08-27 08:59:14,990 [pool-648-thread-1] INFO  server.RaftServerConfigKeys (ConfUtils.java:logGet(43)) - raft.server.log.segment.size.max = 1048576 (custom)
2019-08-27 08:59:14,991 [pool-549-thread-1] INFO  server.RaftServerConfigKeys (ConfUtils.java:logGet(43)) - raft.server.snapshot.auto.trigger.enabled = true (custom)
2019-08-27 08:59:14,990 [pool-560-thread-1] INFO  server.RaftServerConfigKeys (ConfUtils.java:logGet(43)) - raft.server.log.write.buffer.size = 33554432 (custom)
2019-08-27 08:59:14,991 [pool-549-thread-1] INFO  server.RaftServerConfigKeys (ConfUtils.java:logGet(43)) - raft.server.snapshot.auto.trigger.threshold = 10000 (custom)
2019-08-27 08:59:14,991 [pool-648-thread-1] INFO  server.RaftServerConfigKeys (ConfUtils.java:logGet(43)) - raft.server.log.preallocated.size = 16384 (custom)
2019-08-27 08:59:14,991 [pool-549-thread-1] INFO  server.RaftServerConfigKeys (ConfUtils.java:logGet(43)) - raft.server.retrycache.expirytime = 600000ms (custom)
2019-08-27 08:59:14,991 [pool-560-thread-1] INFO  server.RaftServerConfigKeys (ConfUtils.java:logGet(43)) - raft.server.log.force.sync.num = 128 (default)
2019-08-27 08:59:14,991 [pool-648-thread-1] INFO  server.RaftServerConfigKeys (ConfUtils.java:logGet(43)) - raft.server.log.write.buffer.size = 33554432 (custom)
2019-08-27 08:59:14,991 [pool-549-thread-1] INFO  impl.RaftServerImpl (RaftServerImpl.java:start(180)) - 83ad8e3f-e813-4fa1-9b9c-8cd3f6d9b12a: start group-FD56A270C3EE
2019-08-27 08:59:14,991 [pool-560-thread-1] INFO  server.RaftServerConfigKeys (ConfUtils.java:logGet(43)) - raft.server.log.statemachine.data.sync = true (default)
2019-08-27 08:59:14,991 [pool-549-thread-1] INFO  impl.RaftServerImpl (RaftServerImpl.java:setRole(171)) - 83ad8e3f-e813-4fa1-9b9c-8cd3f6d9b12a:group-FD56A270C3EE changes role from null to FOLLOWER at term 0 for startAsFollower
2019-08-27 08:59:14,991 [pool-648-thread-1] INFO  server.RaftServerConfigKeys (ConfUtils.java:logGet(43)) - raft.server.log.force.sync.num = 128 (default)
2019-08-27 08:59:14,991 [pool-549-thread-1] INFO  impl.RoleInfo (RoleInfo.java:updateAndGet(143)) - 83ad8e3f-e813-4fa1-9b9c-8cd3f6d9b12a: start FollowerState
2019-08-27 08:59:14,991 [pool-560-thread-1] INFO  server.RaftServerConfigKeys (ConfUtils.java:logGet(43)) - raft.server.log.statemachine.data.sync.timeout = 10s (default)
2019-08-27 08:59:14,992 [pool-648-thread-1] INFO  server.RaftServerConfigKeys (ConfUtils.java:logGet(43)) - raft.server.log.statemachine.data.sync = true (default)
2019-08-27 08:59:14,992 [pool-560-thread-1] INFO  server.RaftServerConfigKeys (ConfUtils.java:logGet(43)) - raft.server.log.statemachine.data.sync.timeout.retry = -1 (default)
2019-08-27 08:59:14,992 [pool-549-thread-1] INFO  util.JmxRegister (JmxRegister.java:tryRegister(44)) - Successfully registered JMX Bean with object name Ratis:service=RaftServer,group=group-FD56A270C3EE,id=83ad8e3f-e813-4fa1-9b9c-8cd3f6d9b12a
2019-08-27 08:59:14,992 [pool-648-thread-1] INFO  server.RaftServerConfigKeys (ConfUtils.java:logGet(43)) - raft.server.log.statemachine.data.sync.timeout = 10s (default)
2019-08-27 08:59:14,992 [pool-560-thread-1] INFO  server.RaftServerConfigKeys (ConfUtils.java:logGet(43)) - raft.server.log.statemachine.data.caching.enabled = true (custom)
2019-08-27 08:59:14,992 [pool-648-thread-1] INFO  server.RaftServerConfigKeys (ConfUtils.java:logGet(43)) - raft.server.log.statemachine.data.sync.timeout.retry = -1 (default)
2019-08-27 08:59:14,992 [pool-560-thread-1] INFO  segmented.SegmentedRaftLogWorker (SegmentedRaftLogWorker.java:lambda$new$0(132)) - e2fc1c3c-e5fc-4e6c-82aa-5ea8b9bf1eb5-SegmentedRaftLogWorker:Storage Directory /workdir/hadoop-ozone/integration-test/target/test-dir/MiniOzoneClusterImpl-5fa0230b-2e3b-4574-a1d1-aab0eaf0b74a/datanode-1/data/ratis/48182f6a-c132-4916-82ba-fd56a270c3ee: flushIndex: setUnconditionally 0 -> -1
2019-08-27 08:59:14,992 [pool-648-thread-1] INFO  server.RaftServerConfigKeys (ConfUtils.java:logGet(43)) - raft.server.log.statemachine.data.caching.enabled = true (custom)
2019-08-27 08:59:14,992 [pool-560-thread-1] INFO  server.RaftServerConfigKeys (ConfUtils.java:logGet(43)) - raft.server.snapshot.auto.trigger.enabled = true (custom)
2019-08-27 08:59:14,993 [pool-648-thread-1] INFO  segmented.SegmentedRaftLogWorker (SegmentedRaftLogWorker.java:lambda$new$0(132)) - 4418b26a-a5e5-4792-b343-154b02de43dd-SegmentedRaftLogWorker:Storage Directory /workdir/hadoop-ozone/integration-test/target/test-dir/MiniOzoneClusterImpl-5fa0230b-2e3b-4574-a1d1-aab0eaf0b74a/datanode-9/data/ratis/48182f6a-c132-4916-82ba-fd56a270c3ee: flushIndex: setUnconditionally 0 -> -1
2019-08-27 08:59:14,993 [pool-560-thread-1] INFO  server.RaftServerConfigKeys (ConfUtils.java:logGet(43)) - raft.server.snapshot.auto.trigger.threshold = 10000 (custom)
2019-08-27 08:59:14,993 [pool-560-thread-1] INFO  server.RaftServerConfigKeys (ConfUtils.java:logGet(43)) - raft.server.retrycache.expirytime = 600000ms (custom)
2019-08-27 08:59:14,993 [pool-648-thread-1] INFO  server.RaftServerConfigKeys (ConfUtils.java:logGet(43)) - raft.server.snapshot.auto.trigger.enabled = true (custom)
2019-08-27 08:59:14,993 [pool-560-thread-1] INFO  impl.RaftServerImpl (RaftServerImpl.java:start(180)) - e2fc1c3c-e5fc-4e6c-82aa-5ea8b9bf1eb5: start group-FD56A270C3EE
2019-08-27 08:59:14,993 [pool-648-thread-1] INFO  server.RaftServerConfigKeys (ConfUtils.java:logGet(43)) - raft.server.snapshot.auto.trigger.threshold = 10000 (custom)
2019-08-27 08:59:14,993 [pool-560-thread-1] INFO  impl.RaftServerImpl (RaftServerImpl.java:setRole(171)) - e2fc1c3c-e5fc-4e6c-82aa-5ea8b9bf1eb5:group-FD56A270C3EE changes role from null to FOLLOWER at term 0 for startAsFollower
2019-08-27 08:59:14,993 [pool-648-thread-1] INFO  server.RaftServerConfigKeys (ConfUtils.java:logGet(43)) - raft.server.retrycache.expirytime = 600000ms (custom)
2019-08-27 08:59:14,993 [pool-560-thread-1] INFO  impl.RoleInfo (RoleInfo.java:updateAndGet(143)) - e2fc1c3c-e5fc-4e6c-82aa-5ea8b9bf1eb5: start FollowerState
2019-08-27 08:59:14,993 [pool-648-thread-1] INFO  impl.RaftServerImpl (RaftServerImpl.java:start(180)) - 4418b26a-a5e5-4792-b343-154b02de43dd: start group-FD56A270C3EE
2019-08-27 08:59:14,993 [pool-648-thread-1] INFO  impl.RaftServerImpl (RaftServerImpl.java:setRole(171)) - 4418b26a-a5e5-4792-b343-154b02de43dd:group-FD56A270C3EE changes role from null to FOLLOWER at term 0 for startAsFollower
2019-08-27 08:59:14,994 [pool-560-thread-1] INFO  util.JmxRegister (JmxRegister.java:tryRegister(44)) - Successfully registered JMX Bean with object name Ratis:service=RaftServer,group=group-FD56A270C3EE,id=e2fc1c3c-e5fc-4e6c-82aa-5ea8b9bf1eb5
2019-08-27 08:59:14,994 [pool-648-thread-1] INFO  impl.RoleInfo (RoleInfo.java:updateAndGet(143)) - 4418b26a-a5e5-4792-b343-154b02de43dd: start FollowerState
2019-08-27 08:59:14,994 [pool-648-thread-1] INFO  util.JmxRegister (JmxRegister.java:tryRegister(44)) - Successfully registered JMX Bean with object name Ratis:service=RaftServer,group=group-FD56A270C3EE,id=4418b26a-a5e5-4792-b343-154b02de43dd
2019-08-27 08:59:14,995 [RatisPipelineUtilsThread] INFO  pipeline.PipelineStateManager (PipelineStateManager.java:addPipeline(56)) - Created pipeline Pipeline[ Id: 48182f6a-c132-4916-82ba-fd56a270c3ee, Nodes: e2fc1c3c-e5fc-4e6c-82aa-5ea8b9bf1eb5{ip: 192.168.34.1, host: trunk-nightly-adhoc-20190827-ds46k-2366760622, networkLocation: /rack1, certSerialId: null}83ad8e3f-e813-4fa1-9b9c-8cd3f6d9b12a{ip: 192.168.34.1, host: trunk-nightly-adhoc-20190827-ds46k-2366760622, networkLocation: /rack1, certSerialId: null}4418b26a-a5e5-4792-b343-154b02de43dd{ip: 192.168.34.1, host: trunk-nightly-adhoc-20190827-ds46k-2366760622, networkLocation: /rack1, certSerialId: null}, Type:RATIS, Factor:THREE, State:OPEN]
2019-08-27 08:59:15,104 [IPC Server handler 6 on 38779] INFO  net.NetworkTopology (NetworkTopologyImpl.java:add(110)) - Added a new node: /rack1/85153711-0b9c-43d4-b6cb-489303a056f8
2019-08-27 08:59:15,104 [IPC Server handler 6 on 38779] INFO  node.SCMNodeManager (SCMNodeManager.java:register(273)) - Registered Data node : 85153711-0b9c-43d4-b6cb-489303a056f8{ip: 192.168.34.1, host: trunk-nightly-adhoc-20190827-ds46k-2366760622, networkLocation: /rack1, certSerialId: null}
2019-08-27 08:59:15,105 | INFO  | SCMAudit | user=jenkins1000 | ip=192.168.34.1 | op=REGISTER {datanodeDetails=85153711-0b9c-43d4-b6cb-489303a056f8{ip: 192.168.34.1, host: trunk-nightly-adhoc-20190827-ds46k-2366760622, networkLocation: /default-rack, certSerialId: null}} | ret=SUCCESS |  
2019-08-27 08:59:15,107 [grpc-default-executor-5] INFO  impl.RaftServerProxy (RaftServerProxy.java:addNew(89)) - 85153711-0b9c-43d4-b6cb-489303a056f8: addNew group-E05EE70660D0:[85153711-0b9c-43d4-b6cb-489303a056f8:192.168.34.1:33207] returns group-E05EE70660D0:java.util.concurrent.CompletableFuture@ab666da[Not completed]
2019-08-27 08:59:15,109 [pool-571-thread-1] INFO  impl.RaftServerImpl (RaftServerImpl.java:<init>(93)) - 85153711-0b9c-43d4-b6cb-489303a056f8: new RaftServerImpl for group-E05EE70660D0:[85153711-0b9c-43d4-b6cb-489303a056f8:192.168.34.1:33207] with ContainerStateMachine:uninitialized
2019-08-27 08:59:15,109 [pool-571-thread-1] INFO  server.RaftServerConfigKeys (ConfUtils.java:logGet(43)) - raft.server.rpc.timeout.min = 1s (custom)
2019-08-27 08:59:15,109 [pool-571-thread-1] INFO  server.RaftServerConfigKeys (ConfUtils.java:logGet(43)) - raft.server.rpc.timeout.max = 1200ms (custom)
2019-08-27 08:59:15,109 [pool-571-thread-1] INFO  server.RaftServerConfigKeys (ConfUtils.java:logGet(43)) - raft.server.rpcslowness.timeout = 120s (custom)
2019-08-27 08:59:15,109 [pool-571-thread-1] INFO  server.RaftServerConfigKeys (ConfUtils.java:logGet(43)) - raft.server.sleep.deviation.threshold = 300 (default)
2019-08-27 08:59:15,109 [pool-571-thread-1] INFO  server.RaftServerConfigKeys (ConfUtils.java:logGet(43)) - raft.server.log.appender.install.snapshot.enabled = false (custom)
2019-08-27 08:59:15,109 [pool-571-thread-1] INFO  impl.RaftServerImpl (ServerState.java:<init>(105)) - 85153711-0b9c-43d4-b6cb-489303a056f8:group-E05EE70660D0 ConfigurationManager, init=-1: [85153711-0b9c-43d4-b6cb-489303a056f8:192.168.34.1:33207], old=null, confs=<EMPTY_MAP>
2019-08-27 08:59:15,109 [pool-571-thread-1] INFO  server.RaftServerConfigKeys (ConfUtils.java:logGet(43)) - raft.server.storage.dir = [/workdir/hadoop-ozone/integration-test/target/test-dir/MiniOzoneClusterImpl-5fa0230b-2e3b-4574-a1d1-aab0eaf0b74a/datanode-2/data/ratis] (custom)
2019-08-27 08:59:15,110 [pool-571-thread-1] INFO  storage.RaftStorageDirectory (RaftStorageDirectory.java:analyzeStorage(246)) - The storage directory /workdir/hadoop-ozone/integration-test/target/test-dir/MiniOzoneClusterImpl-5fa0230b-2e3b-4574-a1d1-aab0eaf0b74a/datanode-2/data/ratis/e69cffb5-115d-488a-82d0-e05ee70660d0 does not exist. Creating ...
2019-08-27 08:59:15,186 [Thread-3668] INFO  impl.FollowerState (FollowerState.java:run(106)) - a728ac9e-8b42-42b3-9e87-ec98a1f6c46a:group-29DF459D7DF8 changes to CANDIDATE, lastRpcTime:1126, electionTimeout:1126ms
2019-08-27 08:59:15,186 [Thread-3668] INFO  impl.RoleInfo (RoleInfo.java:shutdownFollowerState(121)) - a728ac9e-8b42-42b3-9e87-ec98a1f6c46a: shutdown FollowerState
2019-08-27 08:59:15,186 [Thread-3668] INFO  impl.RaftServerImpl (RaftServerImpl.java:setRole(171)) - a728ac9e-8b42-42b3-9e87-ec98a1f6c46a:group-29DF459D7DF8 changes role from FOLLOWER to CANDIDATE at term 0 for changeToCandidate
2019-08-27 08:59:15,186 [Thread-3668] INFO  impl.RoleInfo (RoleInfo.java:updateAndGet(143)) - a728ac9e-8b42-42b3-9e87-ec98a1f6c46a: start LeaderElection
2019-08-27 08:59:15,264 [pool-571-thread-1] INFO  storage.RaftStorageDirectory (RaftStorageDirectory.java:tryLock(328)) - Lock on /workdir/hadoop-ozone/integration-test/target/test-dir/MiniOzoneClusterImpl-5fa0230b-2e3b-4574-a1d1-aab0eaf0b74a/datanode-2/data/ratis/e69cffb5-115d-488a-82d0-e05ee70660d0/in_use.lock acquired by nodename 17688@trunk-nightly-adhoc-20190827-ds46k-2366760622
2019-08-27 08:59:15,267 [pool-571-thread-1] INFO  storage.RaftStorage (RaftStorage.java:format(72)) - Storage directory /workdir/hadoop-ozone/integration-test/target/test-dir/MiniOzoneClusterImpl-5fa0230b-2e3b-4574-a1d1-aab0eaf0b74a/datanode-2/data/ratis/e69cffb5-115d-488a-82d0-e05ee70660d0 has been successfully formatted.
2019-08-27 08:59:15,267 [a728ac9e-8b42-42b3-9e87-ec98a1f6c46a:group-29DF459D7DF8:LeaderElection121] INFO  impl.LeaderElection (LeaderElection.java:askForVotes(181)) - a728ac9e-8b42-42b3-9e87-ec98a1f6c46a:group-29DF459D7DF8:LeaderElection121: begin an election at term 1 for -1: [a728ac9e-8b42-42b3-9e87-ec98a1f6c46a:192.168.34.1:36002], old=null
2019-08-27 08:59:15,268 [a728ac9e-8b42-42b3-9e87-ec98a1f6c46a:group-29DF459D7DF8:LeaderElection121] INFO  impl.RoleInfo (RoleInfo.java:shutdownLeaderElection(134)) - a728ac9e-8b42-42b3-9e87-ec98a1f6c46a: shutdown LeaderElection
2019-08-27 08:59:15,268 [pool-571-thread-1] INFO  ratis.ContainerStateMachine (ContainerStateMachine.java:loadSnapshot(226)) - group-E05EE70660D0: The snapshot info is null. Setting the last applied indexto:(t:0, i:~)
2019-08-27 08:59:15,268 [a728ac9e-8b42-42b3-9e87-ec98a1f6c46a:group-29DF459D7DF8:LeaderElection121] INFO  impl.RaftServerImpl (RaftServerImpl.java:setRole(171)) - a728ac9e-8b42-42b3-9e87-ec98a1f6c46a:group-29DF459D7DF8 changes role from CANDIDATE to LEADER at term 1 for changeToLeader
2019-08-27 08:59:15,268 [pool-571-thread-1] INFO  server.RaftServerConfigKeys (ConfUtils.java:logGet(43)) - raft.server.leader.election.timeout = 120s (custom)
2019-08-27 08:59:15,268 [a728ac9e-8b42-42b3-9e87-ec98a1f6c46a:group-29DF459D7DF8:LeaderElection121] INFO  impl.RaftServerImpl (ServerState.java:setLeader(263)) - a728ac9e-8b42-42b3-9e87-ec98a1f6c46a:group-29DF459D7DF8 change Leader from null to a728ac9e-8b42-42b3-9e87-ec98a1f6c46a at term 1 for becomeLeader, leader elected after 1211ms
2019-08-27 08:59:15,268 [pool-571-thread-1] INFO  server.RaftServerConfigKeys (ConfUtils.java:logGet(43)) - raft.server.log.use.memory = false (default)
2019-08-27 08:59:15,268 [a728ac9e-8b42-42b3-9e87-ec98a1f6c46a:group-29DF459D7DF8:LeaderElection121] INFO  server.RaftServerConfigKeys (ConfUtils.java:logGet(43)) - raft.server.staging.catchup.gap = 1000 (default)
2019-08-27 08:59:15,268 [pool-571-thread-1] INFO  server.RaftServerConfigKeys (ConfUtils.java:logGet(43)) - raft.server.log.purge.gap = 1000000 (custom)
2019-08-27 08:59:15,268 [a728ac9e-8b42-42b3-9e87-ec98a1f6c46a:group-29DF459D7DF8:LeaderElection121] INFO  server.RaftServerConfigKeys (ConfUtils.java:logGet(43)) - raft.server.rpc.sleep.time = 25ms (default)
2019-08-27 08:59:15,269 [pool-571-thread-1] INFO  server.RaftServerConfigKeys (ConfUtils.java:logGet(43)) - raft.server.log.appender.buffer.byte-limit = 33554432 (custom)
2019-08-27 08:59:15,269 [a728ac9e-8b42-42b3-9e87-ec98a1f6c46a:group-29DF459D7DF8:LeaderElection121] INFO  server.RaftServerConfigKeys (ConfUtils.java:logGet(43)) - raft.server.write.element-limit = 4096 (default)
2019-08-27 08:59:15,269 [pool-571-thread-1] INFO  server.RaftServerConfigKeys (ConfUtils.java:logGet(43)) - raft.server.log.segment.size.max = 1048576 (custom)
2019-08-27 08:59:15,269 [a728ac9e-8b42-42b3-9e87-ec98a1f6c46a:group-29DF459D7DF8:LeaderElection121] INFO  server.RaftServerConfigKeys (ConfUtils.java:logGet(43)) - raft.server.watch.timeout = 10s (default)
2019-08-27 08:59:15,269 [pool-571-thread-1] INFO  server.RaftServerConfigKeys (ConfUtils.java:logGet(43)) - raft.server.log.segment.cache.num.max = 2 (custom)
2019-08-27 08:59:15,269 [a728ac9e-8b42-42b3-9e87-ec98a1f6c46a:group-29DF459D7DF8:LeaderElection121] INFO  server.RaftServerConfigKeys (ConfUtils.java:logGet(43)) - raft.server.watch.timeout.denomination = 1s (default)
2019-08-27 08:59:15,269 [pool-571-thread-1] INFO  segmented.SegmentedRaftLogWorker (SegmentedRaftLogWorker.java:<init>(172)) - new 85153711-0b9c-43d4-b6cb-489303a056f8-SegmentedRaftLogWorker:Storage Directory /workdir/hadoop-ozone/integration-test/target/test-dir/MiniOzoneClusterImpl-5fa0230b-2e3b-4574-a1d1-aab0eaf0b74a/datanode-2/data/ratis/e69cffb5-115d-488a-82d0-e05ee70660d0 for RaftStorage:Storage Directory /workdir/hadoop-ozone/integration-test/target/test-dir/MiniOzoneClusterImpl-5fa0230b-2e3b-4574-a1d1-aab0eaf0b74a/datanode-2/data/ratis/e69cffb5-115d-488a-82d0-e05ee70660d0
2019-08-27 08:59:15,269 [a728ac9e-8b42-42b3-9e87-ec98a1f6c46a:group-29DF459D7DF8:LeaderElection121] INFO  server.RaftServerConfigKeys (ConfUtils.java:logGet(43)) - raft.server.watch.element-limit = 65536 (default)
2019-08-27 08:59:15,270 [pool-571-thread-1] INFO  server.RaftServerConfigKeys (ConfUtils.java:logGet(43)) - raft.server.log.queue.byte-limit = 2147483647 (custom)
2019-08-27 08:59:15,270 [pool-571-thread-1] INFO  server.RaftServerConfigKeys (ConfUtils.java:logGet(43)) - raft.server.log.queue.element-limit = 1024 (custom)
2019-08-27 08:59:15,270 [a728ac9e-8b42-42b3-9e87-ec98a1f6c46a:group-29DF459D7DF8:LeaderElection121] INFO  impl.RoleInfo (RoleInfo.java:updateAndGet(143)) - a728ac9e-8b42-42b3-9e87-ec98a1f6c46a: start LeaderState
2019-08-27 08:59:15,270 [pool-571-thread-1] INFO  server.RaftServerConfigKeys (ConfUtils.java:logGet(43)) - raft.server.log.segment.size.max = 1048576 (custom)
2019-08-27 08:59:15,270 [a728ac9e-8b42-42b3-9e87-ec98a1f6c46a:group-29DF459D7DF8:LeaderElection121] INFO  segmented.SegmentedRaftLogWorker (SegmentedRaftLogWorker.java:startLogSegment(380)) - a728ac9e-8b42-42b3-9e87-ec98a1f6c46a-SegmentedRaftLogWorker:Storage Directory /workdir/hadoop-ozone/integration-test/target/test-dir/MiniOzoneClusterImpl-5fa0230b-2e3b-4574-a1d1-aab0eaf0b74a/datanode-7/data/ratis/f1f0b6d6-bd80-4011-a65b-29df459d7df8: Starting segment from index:0
2019-08-27 08:59:15,270 [pool-571-thread-1] INFO  server.RaftServerConfigKeys (ConfUtils.java:logGet(43)) - raft.server.log.preallocated.size = 16384 (custom)
2019-08-27 08:59:15,270 [pool-571-thread-1] INFO  server.RaftServerConfigKeys (ConfUtils.java:logGet(43)) - raft.server.log.write.buffer.size = 33554432 (custom)
2019-08-27 08:59:15,271 [pool-571-thread-1] INFO  server.RaftServerConfigKeys (ConfUtils.java:logGet(43)) - raft.server.log.force.sync.num = 128 (default)
2019-08-27 08:59:15,271 [a728ac9e-8b42-42b3-9e87-ec98a1f6c46a:group-29DF459D7DF8:LeaderElection121] INFO  impl.RaftServerImpl (ServerState.java:setRaftConf(361)) - a728ac9e-8b42-42b3-9e87-ec98a1f6c46a:group-29DF459D7DF8 set configuration 0: [a728ac9e-8b42-42b3-9e87-ec98a1f6c46a:192.168.34.1:36002], old=null at 0
2019-08-27 08:59:15,271 [pool-571-thread-1] INFO  server.RaftServerConfigKeys (ConfUtils.java:logGet(43)) - raft.server.log.statemachine.data.sync = true (default)
2019-08-27 08:59:15,271 [pool-571-thread-1] INFO  server.RaftServerConfigKeys (ConfUtils.java:logGet(43)) - raft.server.log.statemachine.data.sync.timeout = 10s (default)
2019-08-27 08:59:15,271 [pool-571-thread-1] INFO  server.RaftServerConfigKeys (ConfUtils.java:logGet(43)) - raft.server.log.statemachine.data.sync.timeout.retry = -1 (default)
2019-08-27 08:59:15,271 [pool-571-thread-1] INFO  server.RaftServerConfigKeys (ConfUtils.java:logGet(43)) - raft.server.log.statemachine.data.caching.enabled = true (custom)
2019-08-27 08:59:15,272 [pool-571-thread-1] INFO  segmented.SegmentedRaftLogWorker (SegmentedRaftLogWorker.java:lambda$new$0(132)) - 85153711-0b9c-43d4-b6cb-489303a056f8-SegmentedRaftLogWorker:Storage Directory /workdir/hadoop-ozone/integration-test/target/test-dir/MiniOzoneClusterImpl-5fa0230b-2e3b-4574-a1d1-aab0eaf0b74a/datanode-2/data/ratis/e69cffb5-115d-488a-82d0-e05ee70660d0: flushIndex: setUnconditionally 0 -> -1
2019-08-27 08:59:15,272 [pool-571-thread-1] INFO  server.RaftServerConfigKeys (ConfUtils.java:logGet(43)) - raft.server.snapshot.auto.trigger.enabled = true (custom)
2019-08-27 08:59:15,272 [pool-571-thread-1] INFO  server.RaftServerConfigKeys (ConfUtils.java:logGet(43)) - raft.server.snapshot.auto.trigger.threshold = 10000 (custom)
2019-08-27 08:59:15,272 [pool-571-thread-1] INFO  server.RaftServerConfigKeys (ConfUtils.java:logGet(43)) - raft.server.retrycache.expirytime = 600000ms (custom)
2019-08-27 08:59:15,273 [pool-571-thread-1] INFO  impl.RaftServerImpl (RaftServerImpl.java:start(180)) - 85153711-0b9c-43d4-b6cb-489303a056f8: start group-E05EE70660D0
2019-08-27 08:59:15,273 [pool-571-thread-1] INFO  impl.RaftServerImpl (RaftServerImpl.java:setRole(171)) - 85153711-0b9c-43d4-b6cb-489303a056f8:group-E05EE70660D0 changes role from null to FOLLOWER at term 0 for startAsFollower
2019-08-27 08:59:15,273 [pool-571-thread-1] INFO  impl.RoleInfo (RoleInfo.java:updateAndGet(143)) - 85153711-0b9c-43d4-b6cb-489303a056f8: start FollowerState
2019-08-27 08:59:15,273 [pool-571-thread-1] INFO  util.JmxRegister (JmxRegister.java:tryRegister(44)) - Successfully registered JMX Bean with object name Ratis:service=RaftServer,group=group-E05EE70660D0,id=85153711-0b9c-43d4-b6cb-489303a056f8
2019-08-27 08:59:15,275 | INFO  | SCMAudit | user=jenkins1000 | ip=192.168.34.1 | op=SEND_HEARTBEAT {datanodeUUID=bc465b15-8d97-4b40-b19d-df54ad9f54a7, command=[]} | ret=SUCCESS |  
2019-08-27 08:59:15,275 [RatisPipelineUtilsThread] INFO  pipeline.PipelineStateManager (PipelineStateManager.java:addPipeline(56)) - Created pipeline Pipeline[ Id: e69cffb5-115d-488a-82d0-e05ee70660d0, Nodes: 85153711-0b9c-43d4-b6cb-489303a056f8{ip: 192.168.34.1, host: trunk-nightly-adhoc-20190827-ds46k-2366760622, networkLocation: /rack1, certSerialId: null}, Type:RATIS, Factor:ONE, State:OPEN]
2019-08-27 08:59:15,285 [Thread-3671] INFO  impl.FollowerState (FollowerState.java:run(106)) - 82911ef2-faee-43a5-9a1d-aeefe797784b:group-BA8887B2158D changes to CANDIDATE, lastRpcTime:1069, electionTimeout:1069ms
2019-08-27 08:59:15,285 [Thread-3671] INFO  impl.RoleInfo (RoleInfo.java:shutdownFollowerState(121)) - 82911ef2-faee-43a5-9a1d-aeefe797784b: shutdown FollowerState
2019-08-27 08:59:15,285 [Thread-3671] INFO  impl.RaftServerImpl (RaftServerImpl.java:setRole(171)) - 82911ef2-faee-43a5-9a1d-aeefe797784b:group-BA8887B2158D changes role from FOLLOWER to CANDIDATE at term 0 for changeToCandidate
2019-08-27 08:59:15,285 [Thread-3671] INFO  impl.RoleInfo (RoleInfo.java:updateAndGet(143)) - 82911ef2-faee-43a5-9a1d-aeefe797784b: start LeaderElection
2019-08-27 08:59:15,347 [Thread-3679] INFO  impl.FollowerState (FollowerState.java:run(106)) - a728ac9e-8b42-42b3-9e87-ec98a1f6c46a:group-9BDE53BF1F89 changes to CANDIDATE, lastRpcTime:1086, electionTimeout:1086ms
2019-08-27 08:59:15,347 [Thread-3679] INFO  impl.RoleInfo (RoleInfo.java:shutdownFollowerState(121)) - a728ac9e-8b42-42b3-9e87-ec98a1f6c46a: shutdown FollowerState
2019-08-27 08:59:15,347 [main] INFO  ozone.MiniOzoneClusterImpl (MiniOzoneClusterImpl.java:lambda$waitForClusterToBeReady$0(142)) - Cluster is ready. Got 10 of 10 DN Heartbeats.
2019-08-27 08:59:15,347 [Thread-3679] INFO  impl.RaftServerImpl (RaftServerImpl.java:setRole(171)) - a728ac9e-8b42-42b3-9e87-ec98a1f6c46a:group-9BDE53BF1F89 changes role from FOLLOWER to CANDIDATE at term 0 for changeToCandidate
2019-08-27 08:59:15,348 [Thread-3679] INFO  impl.RoleInfo (RoleInfo.java:updateAndGet(143)) - a728ac9e-8b42-42b3-9e87-ec98a1f6c46a: start LeaderElection
2019-08-27 08:59:15,359 [a728ac9e-8b42-42b3-9e87-ec98a1f6c46a-SegmentedRaftLogWorker:Storage Directory /workdir/hadoop-ozone/integration-test/target/test-dir/MiniOzoneClusterImpl-5fa0230b-2e3b-4574-a1d1-aab0eaf0b74a/datanode-7/data/ratis/f1f0b6d6-bd80-4011-a65b-29df459d7df8] INFO  segmented.SegmentedRaftLogWorker (SegmentedRaftLogWorker.java:execute(569)) - a728ac9e-8b42-42b3-9e87-ec98a1f6c46a-SegmentedRaftLogWorker:Storage Directory /workdir/hadoop-ozone/integration-test/target/test-dir/MiniOzoneClusterImpl-5fa0230b-2e3b-4574-a1d1-aab0eaf0b74a/datanode-7/data/ratis/f1f0b6d6-bd80-4011-a65b-29df459d7df8: created new log segment /workdir/hadoop-ozone/integration-test/target/test-dir/MiniOzoneClusterImpl-5fa0230b-2e3b-4574-a1d1-aab0eaf0b74a/datanode-7/data/ratis/f1f0b6d6-bd80-4011-a65b-29df459d7df8/current/log_inprogress_0
2019-08-27 08:59:15,359 [82911ef2-faee-43a5-9a1d-aeefe797784b:group-BA8887B2158D:LeaderElection122] INFO  impl.LeaderElection (LeaderElection.java:askForVotes(181)) - 82911ef2-faee-43a5-9a1d-aeefe797784b:group-BA8887B2158D:LeaderElection122: begin an election at term 1 for -1: [82911ef2-faee-43a5-9a1d-aeefe797784b:192.168.34.1:33806], old=null
2019-08-27 08:59:15,359 [82911ef2-faee-43a5-9a1d-aeefe797784b:group-BA8887B2158D:LeaderElection122] INFO  impl.RoleInfo (RoleInfo.java:shutdownLeaderElection(134)) - 82911ef2-faee-43a5-9a1d-aeefe797784b: shutdown LeaderElection
2019-08-27 08:59:15,360 [82911ef2-faee-43a5-9a1d-aeefe797784b:group-BA8887B2158D:LeaderElection122] INFO  impl.RaftServerImpl (RaftServerImpl.java:setRole(171)) - 82911ef2-faee-43a5-9a1d-aeefe797784b:group-BA8887B2158D changes role from CANDIDATE to LEADER at term 1 for changeToLeader
2019-08-27 08:59:15,360 [82911ef2-faee-43a5-9a1d-aeefe797784b:group-BA8887B2158D:LeaderElection122] INFO  impl.RaftServerImpl (ServerState.java:setLeader(263)) - 82911ef2-faee-43a5-9a1d-aeefe797784b:group-BA8887B2158D change Leader from null to 82911ef2-faee-43a5-9a1d-aeefe797784b at term 1 for becomeLeader, leader elected after 1147ms
2019-08-27 08:59:15,360 [82911ef2-faee-43a5-9a1d-aeefe797784b:group-BA8887B2158D:LeaderElection122] INFO  server.RaftServerConfigKeys (ConfUtils.java:logGet(43)) - raft.server.staging.catchup.gap = 1000 (default)
2019-08-27 08:59:15,360 [82911ef2-faee-43a5-9a1d-aeefe797784b:group-BA8887B2158D:LeaderElection122] INFO  server.RaftServerConfigKeys (ConfUtils.java:logGet(43)) - raft.server.rpc.sleep.time = 25ms (default)
2019-08-27 08:59:15,360 [82911ef2-faee-43a5-9a1d-aeefe797784b:group-BA8887B2158D:LeaderElection122] INFO  server.RaftServerConfigKeys (ConfUtils.java:logGet(43)) - raft.server.write.element-limit = 4096 (default)
2019-08-27 08:59:15,360 [82911ef2-faee-43a5-9a1d-aeefe797784b:group-BA8887B2158D:LeaderElection122] INFO  server.RaftServerConfigKeys (ConfUtils.java:logGet(43)) - raft.server.watch.timeout = 10s (default)
2019-08-27 08:59:15,368 [82911ef2-faee-43a5-9a1d-aeefe797784b:group-BA8887B2158D:LeaderElection122] INFO  server.RaftServerConfigKeys (ConfUtils.java:logGet(43)) - raft.server.watch.timeout.denomination = 1s (default)
2019-08-27 08:59:15,368 [82911ef2-faee-43a5-9a1d-aeefe797784b:group-BA8887B2158D:LeaderElection122] INFO  server.RaftServerConfigKeys (ConfUtils.java:logGet(43)) - raft.server.watch.element-limit = 65536 (default)
2019-08-27 08:59:15,368 [82911ef2-faee-43a5-9a1d-aeefe797784b:group-BA8887B2158D:LeaderElection122] INFO  impl.RoleInfo (RoleInfo.java:updateAndGet(143)) - 82911ef2-faee-43a5-9a1d-aeefe797784b: start LeaderState
2019-08-27 08:59:15,369 [82911ef2-faee-43a5-9a1d-aeefe797784b:group-BA8887B2158D:LeaderElection122] INFO  segmented.SegmentedRaftLogWorker (SegmentedRaftLogWorker.java:startLogSegment(380)) - 82911ef2-faee-43a5-9a1d-aeefe797784b-SegmentedRaftLogWorker:Storage Directory /workdir/hadoop-ozone/integration-test/target/test-dir/MiniOzoneClusterImpl-5fa0230b-2e3b-4574-a1d1-aab0eaf0b74a/datanode-8/data/ratis/c5469fe1-2700-4f07-960b-ba8887b2158d: Starting segment from index:0
2019-08-27 08:59:15,369 [82911ef2-faee-43a5-9a1d-aeefe797784b:group-BA8887B2158D:LeaderElection122] INFO  impl.RaftServerImpl (ServerState.java:setRaftConf(361)) - 82911ef2-faee-43a5-9a1d-aeefe797784b:group-BA8887B2158D set configuration 0: [82911ef2-faee-43a5-9a1d-aeefe797784b:192.168.34.1:33806], old=null at 0
2019-08-27 08:59:15,409 [Thread-3678] INFO  impl.FollowerState (FollowerState.java:run(106)) - 82911ef2-faee-43a5-9a1d-aeefe797784b:group-9BDE53BF1F89 changes to CANDIDATE, lastRpcTime:1148, electionTimeout:1136ms
2019-08-27 08:59:15,410 [Thread-3678] INFO  impl.RoleInfo (RoleInfo.java:shutdownFollowerState(121)) - 82911ef2-faee-43a5-9a1d-aeefe797784b: shutdown FollowerState
2019-08-27 08:59:15,410 [Thread-3678] INFO  impl.RaftServerImpl (RaftServerImpl.java:setRole(171)) - 82911ef2-faee-43a5-9a1d-aeefe797784b:group-9BDE53BF1F89 changes role from FOLLOWER to CANDIDATE at term 0 for changeToCandidate
2019-08-27 08:59:15,410 [Thread-3678] INFO  impl.RoleInfo (RoleInfo.java:updateAndGet(143)) - 82911ef2-faee-43a5-9a1d-aeefe797784b: start LeaderElection
2019-08-27 08:59:15,436 [Thread-3674] INFO  impl.FollowerState (FollowerState.java:run(106)) - 521aeba6-88aa-48b7-8766-3f4d75ba2df1:group-9BDE53BF1F89 changes to CANDIDATE, lastRpcTime:1177, electionTimeout:1164ms
2019-08-27 08:59:15,436 [Thread-3674] INFO  impl.RoleInfo (RoleInfo.java:shutdownFollowerState(121)) - 521aeba6-88aa-48b7-8766-3f4d75ba2df1: shutdown FollowerState
2019-08-27 08:59:15,436 [Thread-3674] INFO  impl.RaftServerImpl (RaftServerImpl.java:setRole(171)) - 521aeba6-88aa-48b7-8766-3f4d75ba2df1:group-9BDE53BF1F89 changes role from FOLLOWER to CANDIDATE at term 0 for changeToCandidate
2019-08-27 08:59:15,436 [Thread-3674] INFO  impl.RoleInfo (RoleInfo.java:updateAndGet(143)) - 521aeba6-88aa-48b7-8766-3f4d75ba2df1: start LeaderElection
2019-08-27 08:59:15,444 [82911ef2-faee-43a5-9a1d-aeefe797784b-SegmentedRaftLogWorker:Storage Directory /workdir/hadoop-ozone/integration-test/target/test-dir/MiniOzoneClusterImpl-5fa0230b-2e3b-4574-a1d1-aab0eaf0b74a/datanode-8/data/ratis/c5469fe1-2700-4f07-960b-ba8887b2158d] INFO  segmented.SegmentedRaftLogWorker (SegmentedRaftLogWorker.java:execute(569)) - 82911ef2-faee-43a5-9a1d-aeefe797784b-SegmentedRaftLogWorker:Storage Directory /workdir/hadoop-ozone/integration-test/target/test-dir/MiniOzoneClusterImpl-5fa0230b-2e3b-4574-a1d1-aab0eaf0b74a/datanode-8/data/ratis/c5469fe1-2700-4f07-960b-ba8887b2158d: created new log segment /workdir/hadoop-ozone/integration-test/target/test-dir/MiniOzoneClusterImpl-5fa0230b-2e3b-4574-a1d1-aab0eaf0b74a/datanode-8/data/ratis/c5469fe1-2700-4f07-960b-ba8887b2158d/current/log_inprogress_0
2019-08-27 08:59:15,449 [82911ef2-faee-43a5-9a1d-aeefe797784b:group-9BDE53BF1F89:LeaderElection124] INFO  impl.LeaderElection (LeaderElection.java:askForVotes(181)) - 82911ef2-faee-43a5-9a1d-aeefe797784b:group-9BDE53BF1F89:LeaderElection124: begin an election at term 1 for -1: [521aeba6-88aa-48b7-8766-3f4d75ba2df1:192.168.34.1:36388, 82911ef2-faee-43a5-9a1d-aeefe797784b:192.168.34.1:33806, a728ac9e-8b42-42b3-9e87-ec98a1f6c46a:192.168.34.1:36002], old=null
2019-08-27 08:59:15,444 [a728ac9e-8b42-42b3-9e87-ec98a1f6c46a:group-9BDE53BF1F89:LeaderElection123] INFO  impl.LeaderElection (LeaderElection.java:askForVotes(181)) - a728ac9e-8b42-42b3-9e87-ec98a1f6c46a:group-9BDE53BF1F89:LeaderElection123: begin an election at term 1 for -1: [521aeba6-88aa-48b7-8766-3f4d75ba2df1:192.168.34.1:36388, 82911ef2-faee-43a5-9a1d-aeefe797784b:192.168.34.1:33806, a728ac9e-8b42-42b3-9e87-ec98a1f6c46a:192.168.34.1:36002], old=null
2019-08-27 08:59:15,450 | INFO  | SCMAudit | user=jenkins1000 | ip=192.168.34.1 | op=SEND_HEARTBEAT {datanodeUUID=c23e5a6c-3b1c-4356-87ef-9558e93e4bf7, command=[]} | ret=SUCCESS |  
2019-08-27 08:59:15,459 [main] INFO  rpc.RpcClient (RpcClient.java:createVolume(293)) - Creating Volume: datanodefailurehandlingtest, with jenkins1000 as owner.
2019-08-27 08:59:15,470 | INFO  | OMAudit | user=jenkins1000 | ip=127.0.0.1 | op=CREATE_VOLUME {admin=jenkins1000, owner=jenkins1000, volume=datanodefailurehandlingtest, creationTime=1566896355461, quotaInBytes=1152921504606846976} | ret=SUCCESS |  
2019-08-27 08:59:15,482 | INFO  | OMAudit | user=jenkins1000 | ip=127.0.0.1 | op=READ_VOLUME {volume=datanodefailurehandlingtest} | ret=SUCCESS |  
2019-08-27 08:59:15,482 [521aeba6-88aa-48b7-8766-3f4d75ba2df1:group-9BDE53BF1F89:LeaderElection125] INFO  impl.LeaderElection (LeaderElection.java:askForVotes(181)) - 521aeba6-88aa-48b7-8766-3f4d75ba2df1:group-9BDE53BF1F89:LeaderElection125: begin an election at term 1 for -1: [521aeba6-88aa-48b7-8766-3f4d75ba2df1:192.168.34.1:36388, 82911ef2-faee-43a5-9a1d-aeefe797784b:192.168.34.1:33806, a728ac9e-8b42-42b3-9e87-ec98a1f6c46a:192.168.34.1:36002], old=null
2019-08-27 08:59:15,483 [main] INFO  rpc.RpcClient (RpcClient.java:createBucket(432)) - Creating Bucket: datanodefailurehandlingtest/datanodefailurehandlingtest, with Versioning false and Storage Type set to DISK and Encryption set to false 
2019-08-27 08:59:15,483 [a728ac9e-8b42-42b3-9e87-ec98a1f6c46a:group-9BDE53BF1F89:LeaderElection123] INFO  impl.LeaderElection (LeaderElection.java:logAndReturn(56)) - a728ac9e-8b42-42b3-9e87-ec98a1f6c46a:group-9BDE53BF1F89:LeaderElection123: Election REJECTED; received 2 response(s) [a728ac9e-8b42-42b3-9e87-ec98a1f6c46a<-521aeba6-88aa-48b7-8766-3f4d75ba2df1#0:FAIL-t1, a728ac9e-8b42-42b3-9e87-ec98a1f6c46a<-82911ef2-faee-43a5-9a1d-aeefe797784b#0:FAIL-t1] and 0 exception(s); a728ac9e-8b42-42b3-9e87-ec98a1f6c46a:t1, leader=null, voted=a728ac9e-8b42-42b3-9e87-ec98a1f6c46a, raftlog=a728ac9e-8b42-42b3-9e87-ec98a1f6c46a-SegmentedRaftLog:OPENED:c-1,f-1,i0, conf=-1: [521aeba6-88aa-48b7-8766-3f4d75ba2df1:192.168.34.1:36388, 82911ef2-faee-43a5-9a1d-aeefe797784b:192.168.34.1:33806, a728ac9e-8b42-42b3-9e87-ec98a1f6c46a:192.168.34.1:36002], old=null
2019-08-27 08:59:15,483 [82911ef2-faee-43a5-9a1d-aeefe797784b:group-9BDE53BF1F89:LeaderElection124] INFO  impl.LeaderElection (LeaderElection.java:logAndReturn(56)) - 82911ef2-faee-43a5-9a1d-aeefe797784b:group-9BDE53BF1F89:LeaderElection124: Election REJECTED; received 2 response(s) [82911ef2-faee-43a5-9a1d-aeefe797784b<-521aeba6-88aa-48b7-8766-3f4d75ba2df1#0:FAIL-t1, 82911ef2-faee-43a5-9a1d-aeefe797784b<-a728ac9e-8b42-42b3-9e87-ec98a1f6c46a#0:FAIL-t1] and 0 exception(s); 82911ef2-faee-43a5-9a1d-aeefe797784b:t1, leader=null, voted=82911ef2-faee-43a5-9a1d-aeefe797784b, raftlog=82911ef2-faee-43a5-9a1d-aeefe797784b-SegmentedRaftLog:OPENED:c-1,f-1,i0, conf=-1: [521aeba6-88aa-48b7-8766-3f4d75ba2df1:192.168.34.1:36388, 82911ef2-faee-43a5-9a1d-aeefe797784b:192.168.34.1:33806, a728ac9e-8b42-42b3-9e87-ec98a1f6c46a:192.168.34.1:36002], old=null
2019-08-27 08:59:15,483 [a728ac9e-8b42-42b3-9e87-ec98a1f6c46a:group-9BDE53BF1F89:LeaderElection123] INFO  impl.RaftServerImpl (RaftServerImpl.java:setRole(171)) - a728ac9e-8b42-42b3-9e87-ec98a1f6c46a:group-9BDE53BF1F89 changes role from CANDIDATE to FOLLOWER at term 1 for DISCOVERED_A_NEW_TERM
2019-08-27 08:59:15,483 [82911ef2-faee-43a5-9a1d-aeefe797784b:group-9BDE53BF1F89:LeaderElection124] INFO  impl.RaftServerImpl (RaftServerImpl.java:setRole(171)) - 82911ef2-faee-43a5-9a1d-aeefe797784b:group-9BDE53BF1F89 changes role from CANDIDATE to FOLLOWER at term 1 for DISCOVERED_A_NEW_TERM
2019-08-27 08:59:15,483 [a728ac9e-8b42-42b3-9e87-ec98a1f6c46a:group-9BDE53BF1F89:LeaderElection123] INFO  impl.RoleInfo (RoleInfo.java:shutdownLeaderElection(134)) - a728ac9e-8b42-42b3-9e87-ec98a1f6c46a: shutdown LeaderElection
2019-08-27 08:59:15,483 [82911ef2-faee-43a5-9a1d-aeefe797784b:group-9BDE53BF1F89:LeaderElection124] INFO  impl.RoleInfo (RoleInfo.java:shutdownLeaderElection(134)) - 82911ef2-faee-43a5-9a1d-aeefe797784b: shutdown LeaderElection
2019-08-27 08:59:15,484 [a728ac9e-8b42-42b3-9e87-ec98a1f6c46a:group-9BDE53BF1F89:LeaderElection123] INFO  impl.RoleInfo (RoleInfo.java:updateAndGet(143)) - a728ac9e-8b42-42b3-9e87-ec98a1f6c46a: start FollowerState
2019-08-27 08:59:15,484 [82911ef2-faee-43a5-9a1d-aeefe797784b:group-9BDE53BF1F89:LeaderElection124] INFO  impl.RoleInfo (RoleInfo.java:updateAndGet(143)) - 82911ef2-faee-43a5-9a1d-aeefe797784b: start FollowerState
2019-08-27 08:59:15,487 | INFO  | OMAudit | user=jenkins1000 | ip=127.0.0.1 | op=CREATE_BUCKET {volume=datanodefailurehandlingtest, bucket=datanodefailurehandlingtest, acls=[user:jenkins1000:a[ACCESS], group:default:a[ACCESS]], isVersionEnabled=false, storageType=DISK, creationTime=0} | ret=SUCCESS |  
2019-08-27 08:59:15,487 [521aeba6-88aa-48b7-8766-3f4d75ba2df1:group-9BDE53BF1F89:LeaderElection125] INFO  impl.LeaderElection (LeaderElection.java:logAndReturn(56)) - 521aeba6-88aa-48b7-8766-3f4d75ba2df1:group-9BDE53BF1F89:LeaderElection125: Election REJECTED; received 2 response(s) [521aeba6-88aa-48b7-8766-3f4d75ba2df1<-82911ef2-faee-43a5-9a1d-aeefe797784b#0:FAIL-t1, 521aeba6-88aa-48b7-8766-3f4d75ba2df1<-a728ac9e-8b42-42b3-9e87-ec98a1f6c46a#0:FAIL-t1] and 0 exception(s); 521aeba6-88aa-48b7-8766-3f4d75ba2df1:t1, leader=null, voted=521aeba6-88aa-48b7-8766-3f4d75ba2df1, raftlog=521aeba6-88aa-48b7-8766-3f4d75ba2df1-SegmentedRaftLog:OPENED:c-1,f-1,i0, conf=-1: [521aeba6-88aa-48b7-8766-3f4d75ba2df1:192.168.34.1:36388, 82911ef2-faee-43a5-9a1d-aeefe797784b:192.168.34.1:33806, a728ac9e-8b42-42b3-9e87-ec98a1f6c46a:192.168.34.1:36002], old=null
2019-08-27 08:59:15,488 [521aeba6-88aa-48b7-8766-3f4d75ba2df1:group-9BDE53BF1F89:LeaderElection125] INFO  impl.RaftServerImpl (RaftServerImpl.java:setRole(171)) - 521aeba6-88aa-48b7-8766-3f4d75ba2df1:group-9BDE53BF1F89 changes role from CANDIDATE to FOLLOWER at term 1 for DISCOVERED_A_NEW_TERM
2019-08-27 08:59:15,488 [521aeba6-88aa-48b7-8766-3f4d75ba2df1:group-9BDE53BF1F89:LeaderElection125] INFO  impl.RoleInfo (RoleInfo.java:shutdownLeaderElection(134)) - 521aeba6-88aa-48b7-8766-3f4d75ba2df1: shutdown LeaderElection
2019-08-27 08:59:15,488 [521aeba6-88aa-48b7-8766-3f4d75ba2df1:group-9BDE53BF1F89:LeaderElection125] INFO  impl.RoleInfo (RoleInfo.java:updateAndGet(143)) - 521aeba6-88aa-48b7-8766-3f4d75ba2df1: start FollowerState
2019-08-27 08:59:15,488 | INFO  | OMAudit | user=jenkins1000 | ip=127.0.0.1 | op=READ_VOLUME {volume=datanodefailurehandlingtest} | ret=SUCCESS |  
2019-08-27 08:59:15,490 | INFO  | OMAudit | user=jenkins1000 | ip=127.0.0.1 | op=READ_BUCKET {volume=datanodefailurehandlingtest, bucket=datanodefailurehandlingtest} | ret=SUCCESS |  
2019-08-27 08:59:15,498 | INFO  | SCMAudit | user=jenkins1000 | ip=192.168.34.1 | op=ALLOCATE_BLOCK {owner=39398ba2-cf8b-4809-9d48-c88bbbfd1746, size=4194304, type=RATIS, factor=THREE} | ret=SUCCESS |  
2019-08-27 08:59:15,499 | INFO  | OMAudit | user=jenkins1000 | ip=127.0.0.1 | op=ALLOCATE_KEY {volume=datanodefailurehandlingtest, bucket=datanodefailurehandlingtest, key=043a6a6d-902d-4d4c-a3d7-5d3f2258509c, dataSize=4194304, replicationType=RATIS, replicationFactor=THREE, keyLocationInfo=null} | ret=SUCCESS |  
2019-08-27 08:59:15,664 [Thread-3683] INFO  impl.FollowerState (FollowerState.java:run(106)) - 4418b26a-a5e5-4792-b343-154b02de43dd:group-BE3F8BD500CC changes to CANDIDATE, lastRpcTime:1278, electionTimeout:1195ms
2019-08-27 08:59:15,664 [Thread-3683] INFO  impl.RoleInfo (RoleInfo.java:shutdownFollowerState(121)) - 4418b26a-a5e5-4792-b343-154b02de43dd: shutdown FollowerState
2019-08-27 08:59:15,664 [Thread-3683] INFO  impl.RaftServerImpl (RaftServerImpl.java:setRole(171)) - 4418b26a-a5e5-4792-b343-154b02de43dd:group-BE3F8BD500CC changes role from FOLLOWER to CANDIDATE at term 0 for changeToCandidate
2019-08-27 08:59:15,664 [Thread-3683] INFO  impl.RoleInfo (RoleInfo.java:updateAndGet(143)) - 4418b26a-a5e5-4792-b343-154b02de43dd: start LeaderElection
2019-08-27 08:59:15,664 | INFO  | SCMAudit | user=jenkins1000 | ip=192.168.34.1 | op=SEND_HEARTBEAT {datanodeUUID=99a28adf-5289-4cdd-a512-dfcc6dd17230, command=[]} | ret=SUCCESS |  
2019-08-27 08:59:15,689 [4418b26a-a5e5-4792-b343-154b02de43dd:group-BE3F8BD500CC:LeaderElection126] INFO  impl.LeaderElection (LeaderElection.java:askForVotes(181)) - 4418b26a-a5e5-4792-b343-154b02de43dd:group-BE3F8BD500CC:LeaderElection126: begin an election at term 1 for -1: [4418b26a-a5e5-4792-b343-154b02de43dd:192.168.34.1:34061], old=null
2019-08-27 08:59:15,690 [4418b26a-a5e5-4792-b343-154b02de43dd:group-BE3F8BD500CC:LeaderElection126] INFO  impl.RoleInfo (RoleInfo.java:shutdownLeaderElection(134)) - 4418b26a-a5e5-4792-b343-154b02de43dd: shutdown LeaderElection
2019-08-27 08:59:15,690 [4418b26a-a5e5-4792-b343-154b02de43dd:group-BE3F8BD500CC:LeaderElection126] INFO  impl.RaftServerImpl (RaftServerImpl.java:setRole(171)) - 4418b26a-a5e5-4792-b343-154b02de43dd:group-BE3F8BD500CC changes role from CANDIDATE to LEADER at term 1 for changeToLeader
2019-08-27 08:59:15,690 [4418b26a-a5e5-4792-b343-154b02de43dd:group-BE3F8BD500CC:LeaderElection126] INFO  impl.RaftServerImpl (ServerState.java:setLeader(263)) - 4418b26a-a5e5-4792-b343-154b02de43dd:group-BE3F8BD500CC change Leader from null to 4418b26a-a5e5-4792-b343-154b02de43dd at term 1 for becomeLeader, leader elected after 1307ms
2019-08-27 08:59:15,690 [4418b26a-a5e5-4792-b343-154b02de43dd:group-BE3F8BD500CC:LeaderElection126] INFO  server.RaftServerConfigKeys (ConfUtils.java:logGet(43)) - raft.server.staging.catchup.gap = 1000 (default)
2019-08-27 08:59:15,690 [4418b26a-a5e5-4792-b343-154b02de43dd:group-BE3F8BD500CC:LeaderElection126] INFO  server.RaftServerConfigKeys (ConfUtils.java:logGet(43)) - raft.server.rpc.sleep.time = 25ms (default)
2019-08-27 08:59:15,690 [4418b26a-a5e5-4792-b343-154b02de43dd:group-BE3F8BD500CC:LeaderElection126] INFO  server.RaftServerConfigKeys (ConfUtils.java:logGet(43)) - raft.server.write.element-limit = 4096 (default)
2019-08-27 08:59:15,690 [4418b26a-a5e5-4792-b343-154b02de43dd:group-BE3F8BD500CC:LeaderElection126] INFO  server.RaftServerConfigKeys (ConfUtils.java:logGet(43)) - raft.server.watch.timeout = 10s (default)
2019-08-27 08:59:15,690 [4418b26a-a5e5-4792-b343-154b02de43dd:group-BE3F8BD500CC:LeaderElection126] INFO  server.RaftServerConfigKeys (ConfUtils.java:logGet(43)) - raft.server.watch.timeout.denomination = 1s (default)
2019-08-27 08:59:15,690 [4418b26a-a5e5-4792-b343-154b02de43dd:group-BE3F8BD500CC:LeaderElection126] INFO  server.RaftServerConfigKeys (ConfUtils.java:logGet(43)) - raft.server.watch.element-limit = 65536 (default)
2019-08-27 08:59:15,690 [4418b26a-a5e5-4792-b343-154b02de43dd:group-BE3F8BD500CC:LeaderElection126] INFO  impl.RoleInfo (RoleInfo.java:updateAndGet(143)) - 4418b26a-a5e5-4792-b343-154b02de43dd: start LeaderState
2019-08-27 08:59:15,691 [4418b26a-a5e5-4792-b343-154b02de43dd:group-BE3F8BD500CC:LeaderElection126] INFO  segmented.SegmentedRaftLogWorker (SegmentedRaftLogWorker.java:startLogSegment(380)) - 4418b26a-a5e5-4792-b343-154b02de43dd-SegmentedRaftLogWorker:Storage Directory /workdir/hadoop-ozone/integration-test/target/test-dir/MiniOzoneClusterImpl-5fa0230b-2e3b-4574-a1d1-aab0eaf0b74a/datanode-9/data/ratis/81109abf-e465-42f4-97a2-be3f8bd500cc: Starting segment from index:0
2019-08-27 08:59:15,691 [4418b26a-a5e5-4792-b343-154b02de43dd:group-BE3F8BD500CC:LeaderElection126] INFO  impl.RaftServerImpl (ServerState.java:setRaftConf(361)) - 4418b26a-a5e5-4792-b343-154b02de43dd:group-BE3F8BD500CC set configuration 0: [4418b26a-a5e5-4792-b343-154b02de43dd:192.168.34.1:34061], old=null at 0
2019-08-27 08:59:15,728 [grpc-default-executor-11] INFO  client.GrpcClientProtocolClient (GrpcClientProtocolClient.java:onNext(255)) - client-86439C56C7EB->e2fc1c3c-e5fc-4e6c-82aa-5ea8b9bf1eb5: receive RaftClientReply:client-86439C56C7EB->e2fc1c3c-e5fc-4e6c-82aa-5ea8b9bf1eb5@group-FD56A270C3EE, cid=121, FAILED org.apache.ratis.protocol.NotLeaderException: Server e2fc1c3c-e5fc-4e6c-82aa-5ea8b9bf1eb5 is not the leader (null). Request must be sent to leader., logIndex=0, commits[e2fc1c3c-e5fc-4e6c-82aa-5ea8b9bf1eb5:c-1]
2019-08-27 08:59:15,747 [4418b26a-a5e5-4792-b343-154b02de43dd-SegmentedRaftLogWorker:Storage Directory /workdir/hadoop-ozone/integration-test/target/test-dir/MiniOzoneClusterImpl-5fa0230b-2e3b-4574-a1d1-aab0eaf0b74a/datanode-9/data/ratis/81109abf-e465-42f4-97a2-be3f8bd500cc] INFO  segmented.SegmentedRaftLogWorker (SegmentedRaftLogWorker.java:execute(569)) - 4418b26a-a5e5-4792-b343-154b02de43dd-SegmentedRaftLogWorker:Storage Directory /workdir/hadoop-ozone/integration-test/target/test-dir/MiniOzoneClusterImpl-5fa0230b-2e3b-4574-a1d1-aab0eaf0b74a/datanode-9/data/ratis/81109abf-e465-42f4-97a2-be3f8bd500cc: created new log segment /workdir/hadoop-ozone/integration-test/target/test-dir/MiniOzoneClusterImpl-5fa0230b-2e3b-4574-a1d1-aab0eaf0b74a/datanode-9/data/ratis/81109abf-e465-42f4-97a2-be3f8bd500cc/current/log_inprogress_0
2019-08-27 08:59:15,796 [Thread-3690] INFO  impl.FollowerState (FollowerState.java:run(106)) - 83ad8e3f-e813-4fa1-9b9c-8cd3f6d9b12a:group-74C3B2D94B1C changes to CANDIDATE, lastRpcTime:1131, electionTimeout:1131ms
2019-08-27 08:59:15,796 [Thread-3690] INFO  impl.RoleInfo (RoleInfo.java:shutdownFollowerState(121)) - 83ad8e3f-e813-4fa1-9b9c-8cd3f6d9b12a: shutdown FollowerState
2019-08-27 08:59:15,796 [Thread-3690] INFO  impl.RaftServerImpl (RaftServerImpl.java:setRole(171)) - 83ad8e3f-e813-4fa1-9b9c-8cd3f6d9b12a:group-74C3B2D94B1C changes role from FOLLOWER to CANDIDATE at term 0 for changeToCandidate
2019-08-27 08:59:15,796 [Thread-3690] INFO  impl.RoleInfo (RoleInfo.java:updateAndGet(143)) - 83ad8e3f-e813-4fa1-9b9c-8cd3f6d9b12a: start LeaderElection
2019-08-27 08:59:15,816 [83ad8e3f-e813-4fa1-9b9c-8cd3f6d9b12a:group-74C3B2D94B1C:LeaderElection127] INFO  impl.LeaderElection (LeaderElection.java:askForVotes(181)) - 83ad8e3f-e813-4fa1-9b9c-8cd3f6d9b12a:group-74C3B2D94B1C:LeaderElection127: begin an election at term 1 for -1: [83ad8e3f-e813-4fa1-9b9c-8cd3f6d9b12a:192.168.34.1:44924], old=null
2019-08-27 08:59:15,816 [83ad8e3f-e813-4fa1-9b9c-8cd3f6d9b12a:group-74C3B2D94B1C:LeaderElection127] INFO  impl.RoleInfo (RoleInfo.java:shutdownLeaderElection(134)) - 83ad8e3f-e813-4fa1-9b9c-8cd3f6d9b12a: shutdown LeaderElection
2019-08-27 08:59:15,816 [83ad8e3f-e813-4fa1-9b9c-8cd3f6d9b12a:group-74C3B2D94B1C:LeaderElection127] INFO  impl.RaftServerImpl (RaftServerImpl.java:setRole(171)) - 83ad8e3f-e813-4fa1-9b9c-8cd3f6d9b12a:group-74C3B2D94B1C changes role from CANDIDATE to LEADER at term 1 for changeToLeader
2019-08-27 08:59:15,816 [83ad8e3f-e813-4fa1-9b9c-8cd3f6d9b12a:group-74C3B2D94B1C:LeaderElection127] INFO  impl.RaftServerImpl (ServerState.java:setLeader(263)) - 83ad8e3f-e813-4fa1-9b9c-8cd3f6d9b12a:group-74C3B2D94B1C change Leader from null to 83ad8e3f-e813-4fa1-9b9c-8cd3f6d9b12a at term 1 for becomeLeader, leader elected after 1154ms
2019-08-27 08:59:15,817 [83ad8e3f-e813-4fa1-9b9c-8cd3f6d9b12a:group-74C3B2D94B1C:LeaderElection127] INFO  server.RaftServerConfigKeys (ConfUtils.java:logGet(43)) - raft.server.staging.catchup.gap = 1000 (default)
2019-08-27 08:59:15,817 [83ad8e3f-e813-4fa1-9b9c-8cd3f6d9b12a:group-74C3B2D94B1C:LeaderElection127] INFO  server.RaftServerConfigKeys (ConfUtils.java:logGet(43)) - raft.server.rpc.sleep.time = 25ms (default)
2019-08-27 08:59:15,817 [83ad8e3f-e813-4fa1-9b9c-8cd3f6d9b12a:group-74C3B2D94B1C:LeaderElection127] INFO  server.RaftServerConfigKeys (ConfUtils.java:logGet(43)) - raft.server.write.element-limit = 4096 (default)
2019-08-27 08:59:15,817 [83ad8e3f-e813-4fa1-9b9c-8cd3f6d9b12a:group-74C3B2D94B1C:LeaderElection127] INFO  server.RaftServerConfigKeys (ConfUtils.java:logGet(43)) - raft.server.watch.timeout = 10s (default)
2019-08-27 08:59:15,817 [83ad8e3f-e813-4fa1-9b9c-8cd3f6d9b12a:group-74C3B2D94B1C:LeaderElection127] INFO  server.RaftServerConfigKeys (ConfUtils.java:logGet(43)) - raft.server.watch.timeout.denomination = 1s (default)
2019-08-27 08:59:15,817 [83ad8e3f-e813-4fa1-9b9c-8cd3f6d9b12a:group-74C3B2D94B1C:LeaderElection127] INFO  server.RaftServerConfigKeys (ConfUtils.java:logGet(43)) - raft.server.watch.element-limit = 65536 (default)
2019-08-27 08:59:15,818 [83ad8e3f-e813-4fa1-9b9c-8cd3f6d9b12a:group-74C3B2D94B1C:LeaderElection127] INFO  impl.RoleInfo (RoleInfo.java:updateAndGet(143)) - 83ad8e3f-e813-4fa1-9b9c-8cd3f6d9b12a: start LeaderState
2019-08-27 08:59:15,818 [83ad8e3f-e813-4fa1-9b9c-8cd3f6d9b12a:group-74C3B2D94B1C:LeaderElection127] INFO  segmented.SegmentedRaftLogWorker (SegmentedRaftLogWorker.java:startLogSegment(380)) - 83ad8e3f-e813-4fa1-9b9c-8cd3f6d9b12a-SegmentedRaftLogWorker:Storage Directory /workdir/hadoop-ozone/integration-test/target/test-dir/MiniOzoneClusterImpl-5fa0230b-2e3b-4574-a1d1-aab0eaf0b74a/datanode-0/data/ratis/0e077bf6-c050-4063-bc1d-74c3b2d94b1c: Starting segment from index:0
2019-08-27 08:59:15,818 [83ad8e3f-e813-4fa1-9b9c-8cd3f6d9b12a:group-74C3B2D94B1C:LeaderElection127] INFO  impl.RaftServerImpl (ServerState.java:setRaftConf(361)) - 83ad8e3f-e813-4fa1-9b9c-8cd3f6d9b12a:group-74C3B2D94B1C set configuration 0: [83ad8e3f-e813-4fa1-9b9c-8cd3f6d9b12a:192.168.34.1:44924], old=null at 0
2019-08-27 08:59:15,839 | INFO  | SCMAudit | user=jenkins1000 | ip=192.168.34.1 | op=SEND_HEARTBEAT {datanodeUUID=521aeba6-88aa-48b7-8766-3f4d75ba2df1, command=[]} | ret=SUCCESS |  
2019-08-27 08:59:15,845 [83ad8e3f-e813-4fa1-9b9c-8cd3f6d9b12a-SegmentedRaftLogWorker:Storage Directory /workdir/hadoop-ozone/integration-test/target/test-dir/MiniOzoneClusterImpl-5fa0230b-2e3b-4574-a1d1-aab0eaf0b74a/datanode-0/data/ratis/0e077bf6-c050-4063-bc1d-74c3b2d94b1c] INFO  segmented.SegmentedRaftLogWorker (SegmentedRaftLogWorker.java:execute(569)) - 83ad8e3f-e813-4fa1-9b9c-8cd3f6d9b12a-SegmentedRaftLogWorker:Storage Directory /workdir/hadoop-ozone/integration-test/target/test-dir/MiniOzoneClusterImpl-5fa0230b-2e3b-4574-a1d1-aab0eaf0b74a/datanode-0/data/ratis/0e077bf6-c050-4063-bc1d-74c3b2d94b1c: created new log segment /workdir/hadoop-ozone/integration-test/target/test-dir/MiniOzoneClusterImpl-5fa0230b-2e3b-4574-a1d1-aab0eaf0b74a/datanode-0/data/ratis/0e077bf6-c050-4063-bc1d-74c3b2d94b1c/current/log_inprogress_0
2019-08-27 08:59:15,989 [Thread-3713] INFO  impl.FollowerState (FollowerState.java:run(106)) - e2fc1c3c-e5fc-4e6c-82aa-5ea8b9bf1eb5:group-9E29733F755E changes to CANDIDATE, lastRpcTime:1043, electionTimeout:1043ms
2019-08-27 08:59:15,989 [Thread-3713] INFO  impl.RoleInfo (RoleInfo.java:shutdownFollowerState(121)) - e2fc1c3c-e5fc-4e6c-82aa-5ea8b9bf1eb5: shutdown FollowerState
2019-08-27 08:59:15,990 [Thread-3713] INFO  impl.RaftServerImpl (RaftServerImpl.java:setRole(171)) - e2fc1c3c-e5fc-4e6c-82aa-5ea8b9bf1eb5:group-9E29733F755E changes role from FOLLOWER to CANDIDATE at term 0 for changeToCandidate
2019-08-27 08:59:15,990 [Thread-3713] INFO  impl.RoleInfo (RoleInfo.java:updateAndGet(143)) - e2fc1c3c-e5fc-4e6c-82aa-5ea8b9bf1eb5: start LeaderElection
2019-08-27 08:59:16,003 | INFO  | SCMAudit | user=jenkins1000 | ip=192.168.34.1 | op=SEND_HEARTBEAT {datanodeUUID=a728ac9e-8b42-42b3-9e87-ec98a1f6c46a, command=[]} | ret=SUCCESS |  
2019-08-27 08:59:16,010 [e2fc1c3c-e5fc-4e6c-82aa-5ea8b9bf1eb5:group-9E29733F755E:LeaderElection128] INFO  impl.LeaderElection (LeaderElection.java:askForVotes(181)) - e2fc1c3c-e5fc-4e6c-82aa-5ea8b9bf1eb5:group-9E29733F755E:LeaderElection128: begin an election at term 1 for -1: [e2fc1c3c-e5fc-4e6c-82aa-5ea8b9bf1eb5:192.168.34.1:41426], old=null
2019-08-27 08:59:16,010 [e2fc1c3c-e5fc-4e6c-82aa-5ea8b9bf1eb5:group-9E29733F755E:LeaderElection128] INFO  impl.RoleInfo (RoleInfo.java:shutdownLeaderElection(134)) - e2fc1c3c-e5fc-4e6c-82aa-5ea8b9bf1eb5: shutdown LeaderElection
2019-08-27 08:59:16,010 [e2fc1c3c-e5fc-4e6c-82aa-5ea8b9bf1eb5:group-9E29733F755E:LeaderElection128] INFO  impl.RaftServerImpl (RaftServerImpl.java:setRole(171)) - e2fc1c3c-e5fc-4e6c-82aa-5ea8b9bf1eb5:group-9E29733F755E changes role from CANDIDATE to LEADER at term 1 for changeToLeader
2019-08-27 08:59:16,010 [e2fc1c3c-e5fc-4e6c-82aa-5ea8b9bf1eb5:group-9E29733F755E:LeaderElection128] INFO  impl.RaftServerImpl (ServerState.java:setLeader(263)) - e2fc1c3c-e5fc-4e6c-82aa-5ea8b9bf1eb5:group-9E29733F755E change Leader from null to e2fc1c3c-e5fc-4e6c-82aa-5ea8b9bf1eb5 at term 1 for becomeLeader, leader elected after 1066ms
2019-08-27 08:59:16,010 [e2fc1c3c-e5fc-4e6c-82aa-5ea8b9bf1eb5:group-9E29733F755E:LeaderElection128] INFO  server.RaftServerConfigKeys (ConfUtils.java:logGet(43)) - raft.server.staging.catchup.gap = 1000 (default)
2019-08-27 08:59:16,010 [e2fc1c3c-e5fc-4e6c-82aa-5ea8b9bf1eb5:group-9E29733F755E:LeaderElection128] INFO  server.RaftServerConfigKeys (ConfUtils.java:logGet(43)) - raft.server.rpc.sleep.time = 25ms (default)
2019-08-27 08:59:16,010 [e2fc1c3c-e5fc-4e6c-82aa-5ea8b9bf1eb5:group-9E29733F755E:LeaderElection128] INFO  server.RaftServerConfigKeys (ConfUtils.java:logGet(43)) - raft.server.write.element-limit = 4096 (default)
2019-08-27 08:59:16,010 [e2fc1c3c-e5fc-4e6c-82aa-5ea8b9bf1eb5:group-9E29733F755E:LeaderElection128] INFO  server.RaftServerConfigKeys (ConfUtils.java:logGet(43)) - raft.server.watch.timeout = 10s (default)
2019-08-27 08:59:16,011 [e2fc1c3c-e5fc-4e6c-82aa-5ea8b9bf1eb5:group-9E29733F755E:LeaderElection128] INFO  server.RaftServerConfigKeys (ConfUtils.java:logGet(43)) - raft.server.watch.timeout.denomination = 1s (default)
2019-08-27 08:59:16,011 [e2fc1c3c-e5fc-4e6c-82aa-5ea8b9bf1eb5:group-9E29733F755E:LeaderElection128] INFO  server.RaftServerConfigKeys (ConfUtils.java:logGet(43)) - raft.server.watch.element-limit = 65536 (default)
2019-08-27 08:59:16,011 [e2fc1c3c-e5fc-4e6c-82aa-5ea8b9bf1eb5:group-9E29733F755E:LeaderElection128] INFO  impl.RoleInfo (RoleInfo.java:updateAndGet(143)) - e2fc1c3c-e5fc-4e6c-82aa-5ea8b9bf1eb5: start LeaderState
2019-08-27 08:59:16,011 [e2fc1c3c-e5fc-4e6c-82aa-5ea8b9bf1eb5:group-9E29733F755E:LeaderElection128] INFO  segmented.SegmentedRaftLogWorker (SegmentedRaftLogWorker.java:startLogSegment(380)) - e2fc1c3c-e5fc-4e6c-82aa-5ea8b9bf1eb5-SegmentedRaftLogWorker:Storage Directory /workdir/hadoop-ozone/integration-test/target/test-dir/MiniOzoneClusterImpl-5fa0230b-2e3b-4574-a1d1-aab0eaf0b74a/datanode-1/data/ratis/4c15f319-0417-4838-b7d8-9e29733f755e: Starting segment from index:0
2019-08-27 08:59:16,012 [e2fc1c3c-e5fc-4e6c-82aa-5ea8b9bf1eb5:group-9E29733F755E:LeaderElection128] INFO  impl.RaftServerImpl (ServerState.java:setRaftConf(361)) - e2fc1c3c-e5fc-4e6c-82aa-5ea8b9bf1eb5:group-9E29733F755E set configuration 0: [e2fc1c3c-e5fc-4e6c-82aa-5ea8b9bf1eb5:192.168.34.1:41426], old=null at 0
2019-08-27 08:59:16,033 [Thread-3722] INFO  impl.FollowerState (FollowerState.java:run(106)) - 4418b26a-a5e5-4792-b343-154b02de43dd:group-FD56A270C3EE changes to CANDIDATE, lastRpcTime:1039, electionTimeout:1039ms
2019-08-27 08:59:16,033 [Thread-3722] INFO  impl.RoleInfo (RoleInfo.java:shutdownFollowerState(121)) - 4418b26a-a5e5-4792-b343-154b02de43dd: shutdown FollowerState
2019-08-27 08:59:16,033 [Thread-3722] INFO  impl.RaftServerImpl (RaftServerImpl.java:setRole(171)) - 4418b26a-a5e5-4792-b343-154b02de43dd:group-FD56A270C3EE changes role from FOLLOWER to CANDIDATE at term 0 for changeToCandidate
2019-08-27 08:59:16,033 [Thread-3722] INFO  impl.RoleInfo (RoleInfo.java:updateAndGet(143)) - 4418b26a-a5e5-4792-b343-154b02de43dd: start LeaderElection
2019-08-27 08:59:16,058 [e2fc1c3c-e5fc-4e6c-82aa-5ea8b9bf1eb5-SegmentedRaftLogWorker:Storage Directory /workdir/hadoop-ozone/integration-test/target/test-dir/MiniOzoneClusterImpl-5fa0230b-2e3b-4574-a1d1-aab0eaf0b74a/datanode-1/data/ratis/4c15f319-0417-4838-b7d8-9e29733f755e] INFO  segmented.SegmentedRaftLogWorker (SegmentedRaftLogWorker.java:execute(569)) - e2fc1c3c-e5fc-4e6c-82aa-5ea8b9bf1eb5-SegmentedRaftLogWorker:Storage Directory /workdir/hadoop-ozone/integration-test/target/test-dir/MiniOzoneClusterImpl-5fa0230b-2e3b-4574-a1d1-aab0eaf0b74a/datanode-1/data/ratis/4c15f319-0417-4838-b7d8-9e29733f755e: created new log segment /workdir/hadoop-ozone/integration-test/target/test-dir/MiniOzoneClusterImpl-5fa0230b-2e3b-4574-a1d1-aab0eaf0b74a/datanode-1/data/ratis/4c15f319-0417-4838-b7d8-9e29733f755e/current/log_inprogress_0
2019-08-27 08:59:16,058 [4418b26a-a5e5-4792-b343-154b02de43dd:group-FD56A270C3EE:LeaderElection129] INFO  impl.LeaderElection (LeaderElection.java:askForVotes(181)) - 4418b26a-a5e5-4792-b343-154b02de43dd:group-FD56A270C3EE:LeaderElection129: begin an election at term 1 for -1: [4418b26a-a5e5-4792-b343-154b02de43dd:192.168.34.1:34061, e2fc1c3c-e5fc-4e6c-82aa-5ea8b9bf1eb5:192.168.34.1:41426, 83ad8e3f-e813-4fa1-9b9c-8cd3f6d9b12a:192.168.34.1:44924], old=null
2019-08-27 08:59:16,065 [grpc-default-executor-11] INFO  impl.RaftServerImpl (RaftServerImpl.java:setRole(171)) - 83ad8e3f-e813-4fa1-9b9c-8cd3f6d9b12a:group-FD56A270C3EE changes role from FOLLOWER to FOLLOWER at term 1 for recognizeCandidate:4418b26a-a5e5-4792-b343-154b02de43dd
2019-08-27 08:59:16,065 [grpc-default-executor-10] INFO  impl.RaftServerImpl (RaftServerImpl.java:setRole(171)) - e2fc1c3c-e5fc-4e6c-82aa-5ea8b9bf1eb5:group-FD56A270C3EE changes role from FOLLOWER to FOLLOWER at term 1 for recognizeCandidate:4418b26a-a5e5-4792-b343-154b02de43dd
2019-08-27 08:59:16,065 [grpc-default-executor-11] INFO  impl.RoleInfo (RoleInfo.java:shutdownFollowerState(121)) - 83ad8e3f-e813-4fa1-9b9c-8cd3f6d9b12a: shutdown FollowerState
2019-08-27 08:59:16,065 [grpc-default-executor-10] INFO  impl.RoleInfo (RoleInfo.java:shutdownFollowerState(121)) - e2fc1c3c-e5fc-4e6c-82aa-5ea8b9bf1eb5: shutdown FollowerState
2019-08-27 08:59:16,066 [Thread-3717] INFO  impl.FollowerState (FollowerState.java:run(114)) - 83ad8e3f-e813-4fa1-9b9c-8cd3f6d9b12a: FollowerState was interrupted: java.lang.InterruptedException: sleep interrupted
2019-08-27 08:59:16,065 [grpc-default-executor-11] INFO  impl.RoleInfo (RoleInfo.java:updateAndGet(143)) - 83ad8e3f-e813-4fa1-9b9c-8cd3f6d9b12a: start FollowerState
2019-08-27 08:59:16,066 [Thread-3721] INFO  impl.FollowerState (FollowerState.java:run(114)) - e2fc1c3c-e5fc-4e6c-82aa-5ea8b9bf1eb5: FollowerState was interrupted: java.lang.InterruptedException: sleep interrupted
2019-08-27 08:59:16,066 [grpc-default-executor-10] INFO  impl.RoleInfo (RoleInfo.java:updateAndGet(143)) - e2fc1c3c-e5fc-4e6c-82aa-5ea8b9bf1eb5: start FollowerState
2019-08-27 08:59:16,078 [4418b26a-a5e5-4792-b343-154b02de43dd:group-FD56A270C3EE:LeaderElection129] INFO  impl.LeaderElection (LeaderElection.java:logAndReturn(56)) - 4418b26a-a5e5-4792-b343-154b02de43dd:group-FD56A270C3EE:LeaderElection129: Election PASSED; received 1 response(s) [4418b26a-a5e5-4792-b343-154b02de43dd<-e2fc1c3c-e5fc-4e6c-82aa-5ea8b9bf1eb5#0:OK-t1] and 0 exception(s); 4418b26a-a5e5-4792-b343-154b02de43dd:t1, leader=null, voted=4418b26a-a5e5-4792-b343-154b02de43dd, raftlog=4418b26a-a5e5-4792-b343-154b02de43dd-SegmentedRaftLog:OPENED:c-1,f-1,i0, conf=-1: [4418b26a-a5e5-4792-b343-154b02de43dd:192.168.34.1:34061, e2fc1c3c-e5fc-4e6c-82aa-5ea8b9bf1eb5:192.168.34.1:41426, 83ad8e3f-e813-4fa1-9b9c-8cd3f6d9b12a:192.168.34.1:44924], old=null
2019-08-27 08:59:16,078 [4418b26a-a5e5-4792-b343-154b02de43dd:group-FD56A270C3EE:LeaderElection129] INFO  impl.RoleInfo (RoleInfo.java:shutdownLeaderElection(134)) - 4418b26a-a5e5-4792-b343-154b02de43dd: shutdown LeaderElection
2019-08-27 08:59:16,078 [4418b26a-a5e5-4792-b343-154b02de43dd:group-FD56A270C3EE:LeaderElection129] INFO  impl.RaftServerImpl (RaftServerImpl.java:setRole(171)) - 4418b26a-a5e5-4792-b343-154b02de43dd:group-FD56A270C3EE changes role from CANDIDATE to LEADER at term 1 for changeToLeader
2019-08-27 08:59:16,078 [4418b26a-a5e5-4792-b343-154b02de43dd:group-FD56A270C3EE:LeaderElection129] INFO  impl.RaftServerImpl (ServerState.java:setLeader(263)) - 4418b26a-a5e5-4792-b343-154b02de43dd:group-FD56A270C3EE change Leader from null to 4418b26a-a5e5-4792-b343-154b02de43dd at term 1 for becomeLeader, leader elected after 1091ms
2019-08-27 08:59:16,078 [4418b26a-a5e5-4792-b343-154b02de43dd:group-FD56A270C3EE:LeaderElection129] INFO  server.RaftServerConfigKeys (ConfUtils.java:logGet(43)) - raft.server.staging.catchup.gap = 1000 (default)
2019-08-27 08:59:16,079 [4418b26a-a5e5-4792-b343-154b02de43dd:group-FD56A270C3EE:LeaderElection129] INFO  server.RaftServerConfigKeys (ConfUtils.java:logGet(43)) - raft.server.rpc.sleep.time = 25ms (default)
2019-08-27 08:59:16,079 [4418b26a-a5e5-4792-b343-154b02de43dd:group-FD56A270C3EE:LeaderElection129] INFO  server.RaftServerConfigKeys (ConfUtils.java:logGet(43)) - raft.server.write.element-limit = 4096 (default)
2019-08-27 08:59:16,079 [4418b26a-a5e5-4792-b343-154b02de43dd:group-FD56A270C3EE:LeaderElection129] INFO  server.RaftServerConfigKeys (ConfUtils.java:logGet(43)) - raft.server.watch.timeout = 10s (default)
2019-08-27 08:59:16,079 [4418b26a-a5e5-4792-b343-154b02de43dd:group-FD56A270C3EE:LeaderElection129] INFO  server.RaftServerConfigKeys (ConfUtils.java:logGet(43)) - raft.server.watch.timeout.denomination = 1s (default)
2019-08-27 08:59:16,079 [4418b26a-a5e5-4792-b343-154b02de43dd:group-FD56A270C3EE:LeaderElection129] INFO  server.RaftServerConfigKeys (ConfUtils.java:logGet(43)) - raft.server.watch.element-limit = 65536 (default)
2019-08-27 08:59:16,079 [4418b26a-a5e5-4792-b343-154b02de43dd:group-FD56A270C3EE:LeaderElection129] INFO  server.RaftServerConfigKeys (ConfUtils.java:logGet(43)) - raft.server.log.appender.snapshot.chunk.size.max = 16MB (=16777216) (default)
2019-08-27 08:59:16,080 [4418b26a-a5e5-4792-b343-154b02de43dd:group-FD56A270C3EE:LeaderElection129] INFO  server.RaftServerConfigKeys (ConfUtils.java:logGet(43)) - raft.server.log.appender.buffer.byte-limit = 33554432 (custom)
2019-08-27 08:59:16,080 [4418b26a-a5e5-4792-b343-154b02de43dd:group-FD56A270C3EE:LeaderElection129] INFO  server.RaftServerConfigKeys (ConfUtils.java:logGet(43)) - raft.server.log.appender.buffer.element-limit = 1 (custom)
2019-08-27 08:59:16,080 [4418b26a-a5e5-4792-b343-154b02de43dd:group-FD56A270C3EE:LeaderElection129] INFO  grpc.GrpcConfigKeys$Server (ConfUtils.java:logGet(43)) - raft.grpc.server.leader.outstanding.appends.max = 128 (default)
2019-08-27 08:59:16,080 [4418b26a-a5e5-4792-b343-154b02de43dd:group-FD56A270C3EE:LeaderElection129] INFO  server.RaftServerConfigKeys (ConfUtils.java:logGet(43)) - raft.server.rpc.request.timeout = 3000ms (default)
2019-08-27 08:59:16,080 [4418b26a-a5e5-4792-b343-154b02de43dd:group-FD56A270C3EE:LeaderElection129] INFO  server.RaftServerConfigKeys (ConfUtils.java:logGet(43)) - raft.server.log.appender.install.snapshot.enabled = false (custom)
2019-08-27 08:59:16,080 [4418b26a-a5e5-4792-b343-154b02de43dd:group-FD56A270C3EE:LeaderElection129] INFO  server.RaftServerConfigKeys (ConfUtils.java:logGet(43)) - raft.server.log.appender.snapshot.chunk.size.max = 16MB (=16777216) (default)
2019-08-27 08:59:16,081 [4418b26a-a5e5-4792-b343-154b02de43dd:group-FD56A270C3EE:LeaderElection129] INFO  server.RaftServerConfigKeys (ConfUtils.java:logGet(43)) - raft.server.log.appender.buffer.byte-limit = 33554432 (custom)
2019-08-27 08:59:16,081 [4418b26a-a5e5-4792-b343-154b02de43dd:group-FD56A270C3EE:LeaderElection129] INFO  server.RaftServerConfigKeys (ConfUtils.java:logGet(43)) - raft.server.log.appender.buffer.element-limit = 1 (custom)
2019-08-27 08:59:16,081 [4418b26a-a5e5-4792-b343-154b02de43dd:group-FD56A270C3EE:LeaderElection129] INFO  grpc.GrpcConfigKeys$Server (ConfUtils.java:logGet(43)) - raft.grpc.server.leader.outstanding.appends.max = 128 (default)
2019-08-27 08:59:16,081 [4418b26a-a5e5-4792-b343-154b02de43dd:group-FD56A270C3EE:LeaderElection129] INFO  server.RaftServerConfigKeys (ConfUtils.java:logGet(43)) - raft.server.rpc.request.timeout = 3000ms (default)
2019-08-27 08:59:16,081 [4418b26a-a5e5-4792-b343-154b02de43dd:group-FD56A270C3EE:LeaderElection129] INFO  server.RaftServerConfigKeys (ConfUtils.java:logGet(43)) - raft.server.log.appender.install.snapshot.enabled = false (custom)
2019-08-27 08:59:16,081 [4418b26a-a5e5-4792-b343-154b02de43dd:group-FD56A270C3EE:LeaderElection129] INFO  impl.RoleInfo (RoleInfo.java:updateAndGet(143)) - 4418b26a-a5e5-4792-b343-154b02de43dd: start LeaderState
2019-08-27 08:59:16,082 [4418b26a-a5e5-4792-b343-154b02de43dd:group-FD56A270C3EE:LeaderElection129] INFO  segmented.SegmentedRaftLogWorker (SegmentedRaftLogWorker.java:startLogSegment(380)) - 4418b26a-a5e5-4792-b343-154b02de43dd-SegmentedRaftLogWorker:Storage Directory /workdir/hadoop-ozone/integration-test/target/test-dir/MiniOzoneClusterImpl-5fa0230b-2e3b-4574-a1d1-aab0eaf0b74a/datanode-9/data/ratis/48182f6a-c132-4916-82ba-fd56a270c3ee: Starting segment from index:0
2019-08-27 08:59:16,082 [4418b26a-a5e5-4792-b343-154b02de43dd:group-FD56A270C3EE:LeaderElection129] INFO  impl.RaftServerImpl (ServerState.java:setRaftConf(361)) - 4418b26a-a5e5-4792-b343-154b02de43dd:group-FD56A270C3EE set configuration 0: [4418b26a-a5e5-4792-b343-154b02de43dd:192.168.34.1:34061, e2fc1c3c-e5fc-4e6c-82aa-5ea8b9bf1eb5:192.168.34.1:41426, 83ad8e3f-e813-4fa1-9b9c-8cd3f6d9b12a:192.168.34.1:44924], old=null at 0
2019-08-27 08:59:16,083 [grpc-default-executor-10] INFO  impl.RaftServerImpl (ServerState.java:setLeader(263)) - e2fc1c3c-e5fc-4e6c-82aa-5ea8b9bf1eb5:group-FD56A270C3EE change Leader from null to 4418b26a-a5e5-4792-b343-154b02de43dd at term 1 for appendEntries, leader elected after 1096ms
2019-08-27 08:59:16,083 [grpc-default-executor-11] INFO  impl.RaftServerImpl (ServerState.java:setLeader(263)) - 83ad8e3f-e813-4fa1-9b9c-8cd3f6d9b12a:group-FD56A270C3EE change Leader from null to 4418b26a-a5e5-4792-b343-154b02de43dd at term 1 for appendEntries, leader elected after 1096ms
2019-08-27 08:59:16,122 [grpc-default-executor-11] INFO  impl.RaftServerImpl (ServerState.java:setRaftConf(361)) - e2fc1c3c-e5fc-4e6c-82aa-5ea8b9bf1eb5:group-FD56A270C3EE set configuration 0: [4418b26a-a5e5-4792-b343-154b02de43dd:192.168.34.1:34061, e2fc1c3c-e5fc-4e6c-82aa-5ea8b9bf1eb5:192.168.34.1:41426, 83ad8e3f-e813-4fa1-9b9c-8cd3f6d9b12a:192.168.34.1:44924], old=null at 0
2019-08-27 08:59:16,122 [grpc-default-executor-10] INFO  impl.RaftServerImpl (ServerState.java:setRaftConf(361)) - 83ad8e3f-e813-4fa1-9b9c-8cd3f6d9b12a:group-FD56A270C3EE set configuration 0: [4418b26a-a5e5-4792-b343-154b02de43dd:192.168.34.1:34061, e2fc1c3c-e5fc-4e6c-82aa-5ea8b9bf1eb5:192.168.34.1:41426, 83ad8e3f-e813-4fa1-9b9c-8cd3f6d9b12a:192.168.34.1:44924], old=null at 0
2019-08-27 08:59:16,122 [grpc-default-executor-11] INFO  segmented.SegmentedRaftLogWorker (SegmentedRaftLogWorker.java:startLogSegment(380)) - e2fc1c3c-e5fc-4e6c-82aa-5ea8b9bf1eb5-SegmentedRaftLogWorker:Storage Directory /workdir/hadoop-ozone/integration-test/target/test-dir/MiniOzoneClusterImpl-5fa0230b-2e3b-4574-a1d1-aab0eaf0b74a/datanode-1/data/ratis/48182f6a-c132-4916-82ba-fd56a270c3ee: Starting segment from index:0
2019-08-27 08:59:16,123 [grpc-default-executor-10] INFO  segmented.SegmentedRaftLogWorker (SegmentedRaftLogWorker.java:startLogSegment(380)) - 83ad8e3f-e813-4fa1-9b9c-8cd3f6d9b12a-SegmentedRaftLogWorker:Storage Directory /workdir/hadoop-ozone/integration-test/target/test-dir/MiniOzoneClusterImpl-5fa0230b-2e3b-4574-a1d1-aab0eaf0b74a/datanode-0/data/ratis/48182f6a-c132-4916-82ba-fd56a270c3ee: Starting segment from index:0
2019-08-27 08:59:16,130 [4418b26a-a5e5-4792-b343-154b02de43dd-SegmentedRaftLogWorker:Storage Directory /workdir/hadoop-ozone/integration-test/target/test-dir/MiniOzoneClusterImpl-5fa0230b-2e3b-4574-a1d1-aab0eaf0b74a/datanode-9/data/ratis/48182f6a-c132-4916-82ba-fd56a270c3ee] INFO  segmented.SegmentedRaftLogWorker (SegmentedRaftLogWorker.java:execute(569)) - 4418b26a-a5e5-4792-b343-154b02de43dd-SegmentedRaftLogWorker:Storage Directory /workdir/hadoop-ozone/integration-test/target/test-dir/MiniOzoneClusterImpl-5fa0230b-2e3b-4574-a1d1-aab0eaf0b74a/datanode-9/data/ratis/48182f6a-c132-4916-82ba-fd56a270c3ee: created new log segment /workdir/hadoop-ozone/integration-test/target/test-dir/MiniOzoneClusterImpl-5fa0230b-2e3b-4574-a1d1-aab0eaf0b74a/datanode-9/data/ratis/48182f6a-c132-4916-82ba-fd56a270c3ee/current/log_inprogress_0
2019-08-27 08:59:16,178 | INFO  | SCMAudit | user=jenkins1000 | ip=192.168.34.1 | op=SEND_HEARTBEAT {datanodeUUID=82911ef2-faee-43a5-9a1d-aeefe797784b, command=[]} | ret=SUCCESS |  
2019-08-27 08:59:16,275 | INFO  | SCMAudit | user=jenkins1000 | ip=192.168.34.1 | op=SEND_HEARTBEAT {datanodeUUID=bc465b15-8d97-4b40-b19d-df54ad9f54a7, command=[]} | ret=SUCCESS |  
2019-08-27 08:59:16,284 [Thread-3645] INFO  container.ReplicationManager (ReplicationManager.java:start(152)) - Starting Replication Monitor Thread.
2019-08-27 08:59:16,288 [ReplicationMonitor] INFO  container.ReplicationManager (ReplicationManager.java:run(215)) - Replication Monitor Thread took 0 milliseconds for processing 1 containers.
2019-08-27 08:59:16,348 | INFO  | SCMAudit | user=jenkins1000 | ip=192.168.34.1 | op=SEND_HEARTBEAT {datanodeUUID=4418b26a-a5e5-4792-b343-154b02de43dd, command=[]} | ret=SUCCESS |  
2019-08-27 08:59:16,382 [Thread-3728] INFO  impl.FollowerState (FollowerState.java:run(106)) - 85153711-0b9c-43d4-b6cb-489303a056f8:group-E05EE70660D0 changes to CANDIDATE, lastRpcTime:1109, electionTimeout:1109ms
2019-08-27 08:59:16,383 [Thread-3728] INFO  impl.RoleInfo (RoleInfo.java:shutdownFollowerState(121)) - 85153711-0b9c-43d4-b6cb-489303a056f8: shutdown FollowerState
2019-08-27 08:59:16,383 [Thread-3728] INFO  impl.RaftServerImpl (RaftServerImpl.java:setRole(171)) - 85153711-0b9c-43d4-b6cb-489303a056f8:group-E05EE70660D0 changes role from FOLLOWER to CANDIDATE at term 0 for changeToCandidate
2019-08-27 08:59:16,383 [Thread-3728] INFO  impl.RoleInfo (RoleInfo.java:updateAndGet(143)) - 85153711-0b9c-43d4-b6cb-489303a056f8: start LeaderElection
2019-08-27 08:59:16,450 | INFO  | SCMAudit | user=jenkins1000 | ip=192.168.34.1 | op=SEND_HEARTBEAT {datanodeUUID=c23e5a6c-3b1c-4356-87ef-9558e93e4bf7, command=[]} | ret=SUCCESS |  
2019-08-27 08:59:16,620 [Thread-3745] INFO  impl.FollowerState (FollowerState.java:run(106)) - a728ac9e-8b42-42b3-9e87-ec98a1f6c46a:group-9BDE53BF1F89 changes to CANDIDATE, lastRpcTime:1136, electionTimeout:1136ms
2019-08-27 08:59:16,621 [Thread-3745] INFO  impl.RoleInfo (RoleInfo.java:shutdownFollowerState(121)) - a728ac9e-8b42-42b3-9e87-ec98a1f6c46a: shutdown FollowerState
2019-08-27 08:59:16,621 [Thread-3745] INFO  impl.RaftServerImpl (RaftServerImpl.java:setRole(171)) - a728ac9e-8b42-42b3-9e87-ec98a1f6c46a:group-9BDE53BF1F89 changes role from FOLLOWER to CANDIDATE at term 1 for changeToCandidate
2019-08-27 08:59:16,621 [Thread-3745] INFO  impl.RoleInfo (RoleInfo.java:updateAndGet(143)) - a728ac9e-8b42-42b3-9e87-ec98a1f6c46a: start LeaderElection
2019-08-27 08:59:16,635 | INFO  | SCMAudit | user=jenkins1000 | ip=192.168.34.1 | op=SEND_HEARTBEAT {datanodeUUID=83ad8e3f-e813-4fa1-9b9c-8cd3f6d9b12a, command=[]} | ret=SUCCESS |  
2019-08-27 08:59:16,659 [Thread-3747] INFO  impl.FollowerState (FollowerState.java:run(106)) - 521aeba6-88aa-48b7-8766-3f4d75ba2df1:group-9BDE53BF1F89 changes to CANDIDATE, lastRpcTime:1171, electionTimeout:1171ms
2019-08-27 08:59:16,659 [Thread-3747] INFO  impl.RoleInfo (RoleInfo.java:shutdownFollowerState(121)) - 521aeba6-88aa-48b7-8766-3f4d75ba2df1: shutdown FollowerState
2019-08-27 08:59:16,659 [Thread-3747] INFO  impl.RaftServerImpl (RaftServerImpl.java:setRole(171)) - 521aeba6-88aa-48b7-8766-3f4d75ba2df1:group-9BDE53BF1F89 changes role from FOLLOWER to CANDIDATE at term 1 for changeToCandidate
2019-08-27 08:59:16,660 [Thread-3747] INFO  impl.RoleInfo (RoleInfo.java:updateAndGet(143)) - 521aeba6-88aa-48b7-8766-3f4d75ba2df1: start LeaderElection
2019-08-27 08:59:16,661 | INFO  | SCMAudit | user=jenkins1000 | ip=192.168.34.1 | op=SEND_HEARTBEAT {datanodeUUID=99a28adf-5289-4cdd-a512-dfcc6dd17230, command=[]} | ret=SUCCESS |  
2019-08-27 08:59:16,680 [Thread-3746] INFO  impl.FollowerState (FollowerState.java:run(106)) - 82911ef2-faee-43a5-9a1d-aeefe797784b:group-9BDE53BF1F89 changes to CANDIDATE, lastRpcTime:1196, electionTimeout:1196ms
2019-08-27 08:59:16,680 [Thread-3746] INFO  impl.RoleInfo (RoleInfo.java:shutdownFollowerState(121)) - 82911ef2-faee-43a5-9a1d-aeefe797784b: shutdown FollowerState
2019-08-27 08:59:16,681 [Thread-3746] INFO  impl.RaftServerImpl (RaftServerImpl.java:setRole(171)) - 82911ef2-faee-43a5-9a1d-aeefe797784b:group-9BDE53BF1F89 changes role from FOLLOWER to CANDIDATE at term 1 for changeToCandidate
2019-08-27 08:59:16,681 [Thread-3746] INFO  impl.RoleInfo (RoleInfo.java:updateAndGet(143)) - 82911ef2-faee-43a5-9a1d-aeefe797784b: start LeaderElection
2019-08-27 08:59:16,751 [grpc-default-executor-11] INFO  client.GrpcClientProtocolClient (GrpcClientProtocolClient.java:onNext(255)) - client-86439C56C7EB->83ad8e3f-e813-4fa1-9b9c-8cd3f6d9b12a: receive RaftClientReply:client-86439C56C7EB->83ad8e3f-e813-4fa1-9b9c-8cd3f6d9b12a@group-FD56A270C3EE, cid=121, FAILED org.apache.ratis.protocol.NotLeaderException: Server 83ad8e3f-e813-4fa1-9b9c-8cd3f6d9b12a is not the leader (4418b26a-a5e5-4792-b343-154b02de43dd:192.168.34.1:34061). Request must be sent to leader., logIndex=0, commits[83ad8e3f-e813-4fa1-9b9c-8cd3f6d9b12a:c-1, 4418b26a-a5e5-4792-b343-154b02de43dd:c0, e2fc1c3c-e5fc-4e6c-82aa-5ea8b9bf1eb5:c-1]
2019-08-27 08:59:16,840 | INFO  | SCMAudit | user=jenkins1000 | ip=192.168.34.1 | op=SEND_HEARTBEAT {datanodeUUID=521aeba6-88aa-48b7-8766-3f4d75ba2df1, command=[]} | ret=SUCCESS |  
2019-08-27 08:59:16,895 | INFO  | SCMAudit | user=jenkins1000 | ip=192.168.34.1 | op=SEND_HEARTBEAT {datanodeUUID=e2fc1c3c-e5fc-4e6c-82aa-5ea8b9bf1eb5, command=[]} | ret=SUCCESS |  
2019-08-27 08:59:17,003 | INFO  | SCMAudit | user=jenkins1000 | ip=192.168.34.1 | op=SEND_HEARTBEAT {datanodeUUID=a728ac9e-8b42-42b3-9e87-ec98a1f6c46a, command=[]} | ret=SUCCESS |  
2019-08-27 08:59:17,101 | INFO  | SCMAudit | user=jenkins1000 | ip=192.168.34.1 | op=SEND_HEARTBEAT {datanodeUUID=85153711-0b9c-43d4-b6cb-489303a056f8, command=[]} | ret=SUCCESS |  
2019-08-27 08:59:17,178 | INFO  | SCMAudit | user=jenkins1000 | ip=192.168.34.1 | op=SEND_HEARTBEAT {datanodeUUID=82911ef2-faee-43a5-9a1d-aeefe797784b, command=[]} | ret=SUCCESS |  
2019-08-27 08:59:17,275 | INFO  | SCMAudit | user=jenkins1000 | ip=192.168.34.1 | op=SEND_HEARTBEAT {datanodeUUID=bc465b15-8d97-4b40-b19d-df54ad9f54a7, command=[]} | ret=SUCCESS |  
2019-08-27 08:59:17,348 | INFO  | SCMAudit | user=jenkins1000 | ip=192.168.34.1 | op=SEND_HEARTBEAT {datanodeUUID=4418b26a-a5e5-4792-b343-154b02de43dd, command=[]} | ret=SUCCESS |  
2019-08-27 08:59:17,450 | INFO  | SCMAudit | user=jenkins1000 | ip=192.168.34.1 | op=SEND_HEARTBEAT {datanodeUUID=c23e5a6c-3b1c-4356-87ef-9558e93e4bf7, command=[]} | ret=SUCCESS |  
2019-08-27 08:59:17,635 | INFO  | SCMAudit | user=jenkins1000 | ip=192.168.34.1 | op=SEND_HEARTBEAT {datanodeUUID=83ad8e3f-e813-4fa1-9b9c-8cd3f6d9b12a, command=[]} | ret=SUCCESS |  
2019-08-27 08:59:17,661 | INFO  | SCMAudit | user=jenkins1000 | ip=192.168.34.1 | op=SEND_HEARTBEAT {datanodeUUID=99a28adf-5289-4cdd-a512-dfcc6dd17230, command=[]} | ret=SUCCESS |  
2019-08-27 08:59:17,840 | INFO  | SCMAudit | user=jenkins1000 | ip=192.168.34.1 | op=SEND_HEARTBEAT {datanodeUUID=521aeba6-88aa-48b7-8766-3f4d75ba2df1, command=[]} | ret=SUCCESS |  
2019-08-27 08:59:17,895 | INFO  | SCMAudit | user=jenkins1000 | ip=192.168.34.1 | op=SEND_HEARTBEAT {datanodeUUID=e2fc1c3c-e5fc-4e6c-82aa-5ea8b9bf1eb5, command=[]} | ret=SUCCESS |  
2019-08-27 08:59:17,953 [83ad8e3f-e813-4fa1-9b9c-8cd3f6d9b12a-SegmentedRaftLogWorker:Storage Directory /workdir/hadoop-ozone/integration-test/target/test-dir/MiniOzoneClusterImpl-5fa0230b-2e3b-4574-a1d1-aab0eaf0b74a/datanode-0/data/ratis/48182f6a-c132-4916-82ba-fd56a270c3ee] INFO  segmented.SegmentedRaftLogWorker (SegmentedRaftLogWorker.java:execute(569)) - 83ad8e3f-e813-4fa1-9b9c-8cd3f6d9b12a-SegmentedRaftLogWorker:Storage Directory /workdir/hadoop-ozone/integration-test/target/test-dir/MiniOzoneClusterImpl-5fa0230b-2e3b-4574-a1d1-aab0eaf0b74a/datanode-0/data/ratis/48182f6a-c132-4916-82ba-fd56a270c3ee: created new log segment /workdir/hadoop-ozone/integration-test/target/test-dir/MiniOzoneClusterImpl-5fa0230b-2e3b-4574-a1d1-aab0eaf0b74a/datanode-0/data/ratis/48182f6a-c132-4916-82ba-fd56a270c3ee/current/log_inprogress_0
2019-08-27 08:59:17,953 [e2fc1c3c-e5fc-4e6c-82aa-5ea8b9bf1eb5-SegmentedRaftLogWorker:Storage Directory /workdir/hadoop-ozone/integration-test/target/test-dir/MiniOzoneClusterImpl-5fa0230b-2e3b-4574-a1d1-aab0eaf0b74a/datanode-1/data/ratis/48182f6a-c132-4916-82ba-fd56a270c3ee] INFO  segmented.SegmentedRaftLogWorker (SegmentedRaftLogWorker.java:execute(569)) - e2fc1c3c-e5fc-4e6c-82aa-5ea8b9bf1eb5-SegmentedRaftLogWorker:Storage Directory /workdir/hadoop-ozone/integration-test/target/test-dir/MiniOzoneClusterImpl-5fa0230b-2e3b-4574-a1d1-aab0eaf0b74a/datanode-1/data/ratis/48182f6a-c132-4916-82ba-fd56a270c3ee: created new log segment /workdir/hadoop-ozone/integration-test/target/test-dir/MiniOzoneClusterImpl-5fa0230b-2e3b-4574-a1d1-aab0eaf0b74a/datanode-1/data/ratis/48182f6a-c132-4916-82ba-fd56a270c3ee/current/log_inprogress_0
2019-08-27 08:59:18,003 | INFO  | SCMAudit | user=jenkins1000 | ip=192.168.34.1 | op=SEND_HEARTBEAT {datanodeUUID=a728ac9e-8b42-42b3-9e87-ec98a1f6c46a, command=[]} | ret=SUCCESS |  
2019-08-27 08:59:18,100 | INFO  | SCMAudit | user=jenkins1000 | ip=192.168.34.1 | op=SEND_HEARTBEAT {datanodeUUID=85153711-0b9c-43d4-b6cb-489303a056f8, command=[]} | ret=SUCCESS |  
2019-08-27 08:59:18,177 | INFO  | SCMAudit | user=jenkins1000 | ip=192.168.34.1 | op=SEND_HEARTBEAT {datanodeUUID=82911ef2-faee-43a5-9a1d-aeefe797784b, command=[]} | ret=SUCCESS |  
2019-08-27 08:59:18,274 | INFO  | SCMAudit | user=jenkins1000 | ip=192.168.34.1 | op=SEND_HEARTBEAT {datanodeUUID=bc465b15-8d97-4b40-b19d-df54ad9f54a7, command=[]} | ret=SUCCESS |  
2019-08-27 08:59:18,348 | INFO  | SCMAudit | user=jenkins1000 | ip=192.168.34.1 | op=SEND_HEARTBEAT {datanodeUUID=4418b26a-a5e5-4792-b343-154b02de43dd, command=[]} | ret=SUCCESS |  
2019-08-27 08:59:18,450 | INFO  | SCMAudit | user=jenkins1000 | ip=192.168.34.1 | op=SEND_HEARTBEAT {datanodeUUID=c23e5a6c-3b1c-4356-87ef-9558e93e4bf7, command=[]} | ret=SUCCESS |  
2019-08-27 08:59:18,636 | INFO  | SCMAudit | user=jenkins1000 | ip=192.168.34.1 | op=SEND_HEARTBEAT {datanodeUUID=83ad8e3f-e813-4fa1-9b9c-8cd3f6d9b12a, command=[]} | ret=SUCCESS |  
2019-08-27 08:59:18,662 | INFO  | SCMAudit | user=jenkins1000 | ip=192.168.34.1 | op=SEND_HEARTBEAT {datanodeUUID=99a28adf-5289-4cdd-a512-dfcc6dd17230, command=[]} | ret=SUCCESS |  
2019-08-27 08:59:18,840 | INFO  | SCMAudit | user=jenkins1000 | ip=192.168.34.1 | op=SEND_HEARTBEAT {datanodeUUID=521aeba6-88aa-48b7-8766-3f4d75ba2df1, command=[]} | ret=SUCCESS |  
2019-08-27 08:59:18,895 | INFO  | SCMAudit | user=jenkins1000 | ip=192.168.34.1 | op=SEND_HEARTBEAT {datanodeUUID=e2fc1c3c-e5fc-4e6c-82aa-5ea8b9bf1eb5, command=[]} | ret=SUCCESS |  
2019-08-27 08:59:19,004 | INFO  | SCMAudit | user=jenkins1000 | ip=192.168.34.1 | op=SEND_HEARTBEAT {datanodeUUID=a728ac9e-8b42-42b3-9e87-ec98a1f6c46a, command=[]} | ret=SUCCESS |  
2019-08-27 08:59:19,101 | INFO  | SCMAudit | user=jenkins1000 | ip=192.168.34.1 | op=SEND_HEARTBEAT {datanodeUUID=85153711-0b9c-43d4-b6cb-489303a056f8, command=[]} | ret=SUCCESS |  
2019-08-27 08:59:19,177 | INFO  | SCMAudit | user=jenkins1000 | ip=192.168.34.1 | op=SEND_HEARTBEAT {datanodeUUID=82911ef2-faee-43a5-9a1d-aeefe797784b, command=[]} | ret=SUCCESS |  
2019-08-27 08:59:19,274 | INFO  | SCMAudit | user=jenkins1000 | ip=192.168.34.1 | op=SEND_HEARTBEAT {datanodeUUID=bc465b15-8d97-4b40-b19d-df54ad9f54a7, command=[]} | ret=SUCCESS |  
2019-08-27 08:59:19,348 | INFO  | SCMAudit | user=jenkins1000 | ip=192.168.34.1 | op=SEND_HEARTBEAT {datanodeUUID=4418b26a-a5e5-4792-b343-154b02de43dd, command=[]} | ret=SUCCESS |  
2019-08-27 08:59:19,450 | INFO  | SCMAudit | user=jenkins1000 | ip=192.168.34.1 | op=SEND_HEARTBEAT {datanodeUUID=c23e5a6c-3b1c-4356-87ef-9558e93e4bf7, command=[]} | ret=SUCCESS |  
2019-08-27 08:59:19,636 | INFO  | SCMAudit | user=jenkins1000 | ip=192.168.34.1 | op=SEND_HEARTBEAT {datanodeUUID=83ad8e3f-e813-4fa1-9b9c-8cd3f6d9b12a, command=[]} | ret=SUCCESS |  
2019-08-27 08:59:19,662 | INFO  | SCMAudit | user=jenkins1000 | ip=192.168.34.1 | op=SEND_HEARTBEAT {datanodeUUID=99a28adf-5289-4cdd-a512-dfcc6dd17230, command=[]} | ret=SUCCESS |  
2019-08-27 08:59:19,771 [java.util.concurrent.ThreadPoolExecutor$Worker@670cb2b2[State = -1, empty queue]] WARN  server.GrpcLogAppender (GrpcLogAppender.java:timeoutAppendRequest(200)) - GrpcLogAppender(4418b26a-a5e5-4792-b343-154b02de43dd->83ad8e3f-e813-4fa1-9b9c-8cd3f6d9b12a): appendEntries Timeout, request=4418b26a-a5e5-4792-b343-154b02de43dd->83ad8e3f-e813-4fa1-9b9c-8cd3f6d9b12a#3-t1, previous=(t:1, i:0), leaderCommit=0, initializing? false, entries: size=1, first=(t:1, i:1), STATEMACHINELOGENTRY, client-86439C56C7EB, cid=121
2019-08-27 08:59:19,771 [java.util.concurrent.ThreadPoolExecutor$Worker@5c814b93[State = -1, empty queue]] WARN  server.GrpcLogAppender (GrpcLogAppender.java:timeoutAppendRequest(200)) - GrpcLogAppender(4418b26a-a5e5-4792-b343-154b02de43dd->e2fc1c3c-e5fc-4e6c-82aa-5ea8b9bf1eb5): appendEntries Timeout, request=4418b26a-a5e5-4792-b343-154b02de43dd->e2fc1c3c-e5fc-4e6c-82aa-5ea8b9bf1eb5#3-t1, previous=(t:1, i:0), leaderCommit=0, initializing? false, entries: size=1, first=(t:1, i:1), STATEMACHINELOGENTRY, client-86439C56C7EB, cid=121
2019-08-27 08:59:19,840 | INFO  | SCMAudit | user=jenkins1000 | ip=192.168.34.1 | op=SEND_HEARTBEAT {datanodeUUID=521aeba6-88aa-48b7-8766-3f4d75ba2df1, command=[]} | ret=SUCCESS |  
2019-08-27 08:59:19,895 | INFO  | SCMAudit | user=jenkins1000 | ip=192.168.34.1 | op=SEND_HEARTBEAT {datanodeUUID=e2fc1c3c-e5fc-4e6c-82aa-5ea8b9bf1eb5, command=[]} | ret=SUCCESS |  
2019-08-27 08:59:19,899 [82911ef2-faee-43a5-9a1d-aeefe797784b:group-9BDE53BF1F89:LeaderElection133] INFO  impl.LeaderElection (LeaderElection.java:askForVotes(181)) - 82911ef2-faee-43a5-9a1d-aeefe797784b:group-9BDE53BF1F89:LeaderElection133: begin an election at term 2 for -1: [521aeba6-88aa-48b7-8766-3f4d75ba2df1:192.168.34.1:36388, 82911ef2-faee-43a5-9a1d-aeefe797784b:192.168.34.1:33806, a728ac9e-8b42-42b3-9e87-ec98a1f6c46a:192.168.34.1:36002], old=null
2019-08-27 08:59:19,899 [a728ac9e-8b42-42b3-9e87-ec98a1f6c46a:group-9BDE53BF1F89:LeaderElection131] INFO  impl.LeaderElection (LeaderElection.java:askForVotes(181)) - a728ac9e-8b42-42b3-9e87-ec98a1f6c46a:group-9BDE53BF1F89:LeaderElection131: begin an election at term 2 for -1: [521aeba6-88aa-48b7-8766-3f4d75ba2df1:192.168.34.1:36388, 82911ef2-faee-43a5-9a1d-aeefe797784b:192.168.34.1:33806, a728ac9e-8b42-42b3-9e87-ec98a1f6c46a:192.168.34.1:36002], old=null
2019-08-27 08:59:19,899 [85153711-0b9c-43d4-b6cb-489303a056f8:group-E05EE70660D0:LeaderElection130] INFO  impl.LeaderElection (LeaderElection.java:askForVotes(181)) - 85153711-0b9c-43d4-b6cb-489303a056f8:group-E05EE70660D0:LeaderElection130: begin an election at term 1 for -1: [85153711-0b9c-43d4-b6cb-489303a056f8:192.168.34.1:33207], old=null
2019-08-27 08:59:19,899 [521aeba6-88aa-48b7-8766-3f4d75ba2df1:group-9BDE53BF1F89:LeaderElection132] INFO  impl.LeaderElection (LeaderElection.java:askForVotes(181)) - 521aeba6-88aa-48b7-8766-3f4d75ba2df1:group-9BDE53BF1F89:LeaderElection132: begin an election at term 2 for -1: [521aeba6-88aa-48b7-8766-3f4d75ba2df1:192.168.34.1:36388, 82911ef2-faee-43a5-9a1d-aeefe797784b:192.168.34.1:33806, a728ac9e-8b42-42b3-9e87-ec98a1f6c46a:192.168.34.1:36002], old=null
2019-08-27 08:59:19,899 [85153711-0b9c-43d4-b6cb-489303a056f8:group-E05EE70660D0:LeaderElection130] INFO  impl.RoleInfo (RoleInfo.java:shutdownLeaderElection(134)) - 85153711-0b9c-43d4-b6cb-489303a056f8: shutdown LeaderElection
2019-08-27 08:59:19,900 [85153711-0b9c-43d4-b6cb-489303a056f8:group-E05EE70660D0:LeaderElection130] INFO  impl.RaftServerImpl (RaftServerImpl.java:setRole(171)) - 85153711-0b9c-43d4-b6cb-489303a056f8:group-E05EE70660D0 changes role from CANDIDATE to LEADER at term 1 for changeToLeader
2019-08-27 08:59:19,900 [85153711-0b9c-43d4-b6cb-489303a056f8:group-E05EE70660D0:LeaderElection130] INFO  impl.RaftServerImpl (ServerState.java:setLeader(263)) - 85153711-0b9c-43d4-b6cb-489303a056f8:group-E05EE70660D0 change Leader from null to 85153711-0b9c-43d4-b6cb-489303a056f8 at term 1 for becomeLeader, leader elected after 4631ms
2019-08-27 08:59:19,900 [85153711-0b9c-43d4-b6cb-489303a056f8:group-E05EE70660D0:LeaderElection130] INFO  server.RaftServerConfigKeys (ConfUtils.java:logGet(43)) - raft.server.staging.catchup.gap = 1000 (default)
2019-08-27 08:59:19,900 [85153711-0b9c-43d4-b6cb-489303a056f8:group-E05EE70660D0:LeaderElection130] INFO  server.RaftServerConfigKeys (ConfUtils.java:logGet(43)) - raft.server.rpc.sleep.time = 25ms (default)
2019-08-27 08:59:19,900 [85153711-0b9c-43d4-b6cb-489303a056f8:group-E05EE70660D0:LeaderElection130] INFO  server.RaftServerConfigKeys (ConfUtils.java:logGet(43)) - raft.server.write.element-limit = 4096 (default)
2019-08-27 08:59:19,900 [85153711-0b9c-43d4-b6cb-489303a056f8:group-E05EE70660D0:LeaderElection130] INFO  server.RaftServerConfigKeys (ConfUtils.java:logGet(43)) - raft.server.watch.timeout = 10s (default)
2019-08-27 08:59:19,900 [85153711-0b9c-43d4-b6cb-489303a056f8:group-E05EE70660D0:LeaderElection130] INFO  server.RaftServerConfigKeys (ConfUtils.java:logGet(43)) - raft.server.watch.timeout.denomination = 1s (default)
2019-08-27 08:59:19,900 [85153711-0b9c-43d4-b6cb-489303a056f8:group-E05EE70660D0:LeaderElection130] INFO  server.RaftServerConfigKeys (ConfUtils.java:logGet(43)) - raft.server.watch.element-limit = 65536 (default)
2019-08-27 08:59:19,901 [85153711-0b9c-43d4-b6cb-489303a056f8:group-E05EE70660D0:LeaderElection130] INFO  impl.RoleInfo (RoleInfo.java:updateAndGet(143)) - 85153711-0b9c-43d4-b6cb-489303a056f8: start LeaderState
2019-08-27 08:59:19,901 [85153711-0b9c-43d4-b6cb-489303a056f8:group-E05EE70660D0:LeaderElection130] INFO  segmented.SegmentedRaftLogWorker (SegmentedRaftLogWorker.java:startLogSegment(380)) - 85153711-0b9c-43d4-b6cb-489303a056f8-SegmentedRaftLogWorker:Storage Directory /workdir/hadoop-ozone/integration-test/target/test-dir/MiniOzoneClusterImpl-5fa0230b-2e3b-4574-a1d1-aab0eaf0b74a/datanode-2/data/ratis/e69cffb5-115d-488a-82d0-e05ee70660d0: Starting segment from index:0
2019-08-27 08:59:19,901 [85153711-0b9c-43d4-b6cb-489303a056f8:group-E05EE70660D0:LeaderElection130] INFO  impl.RaftServerImpl (ServerState.java:setRaftConf(361)) - 85153711-0b9c-43d4-b6cb-489303a056f8:group-E05EE70660D0 set configuration 0: [85153711-0b9c-43d4-b6cb-489303a056f8:192.168.34.1:33207], old=null at 0
2019-08-27 08:59:19,902 [82911ef2-faee-43a5-9a1d-aeefe797784b:group-9BDE53BF1F89:LeaderElection133] INFO  impl.LeaderElection (LeaderElection.java:logAndReturn(56)) - 82911ef2-faee-43a5-9a1d-aeefe797784b:group-9BDE53BF1F89:LeaderElection133: Election REJECTED; received 2 response(s) [82911ef2-faee-43a5-9a1d-aeefe797784b<-521aeba6-88aa-48b7-8766-3f4d75ba2df1#0:FAIL-t2, 82911ef2-faee-43a5-9a1d-aeefe797784b<-a728ac9e-8b42-42b3-9e87-ec98a1f6c46a#0:FAIL-t2] and 0 exception(s); 82911ef2-faee-43a5-9a1d-aeefe797784b:t2, leader=null, voted=82911ef2-faee-43a5-9a1d-aeefe797784b, raftlog=82911ef2-faee-43a5-9a1d-aeefe797784b-SegmentedRaftLog:OPENED:c-1,f-1,i0, conf=-1: [521aeba6-88aa-48b7-8766-3f4d75ba2df1:192.168.34.1:36388, 82911ef2-faee-43a5-9a1d-aeefe797784b:192.168.34.1:33806, a728ac9e-8b42-42b3-9e87-ec98a1f6c46a:192.168.34.1:36002], old=null
2019-08-27 08:59:19,902 [82911ef2-faee-43a5-9a1d-aeefe797784b:group-9BDE53BF1F89:LeaderElection133] INFO  impl.RaftServerImpl (RaftServerImpl.java:setRole(171)) - 82911ef2-faee-43a5-9a1d-aeefe797784b:group-9BDE53BF1F89 changes role from CANDIDATE to FOLLOWER at term 2 for DISCOVERED_A_NEW_TERM
2019-08-27 08:59:19,902 [82911ef2-faee-43a5-9a1d-aeefe797784b:group-9BDE53BF1F89:LeaderElection133] INFO  impl.RoleInfo (RoleInfo.java:shutdownLeaderElection(134)) - 82911ef2-faee-43a5-9a1d-aeefe797784b: shutdown LeaderElection
2019-08-27 08:59:19,902 [82911ef2-faee-43a5-9a1d-aeefe797784b:group-9BDE53BF1F89:LeaderElection133] INFO  impl.RoleInfo (RoleInfo.java:updateAndGet(143)) - 82911ef2-faee-43a5-9a1d-aeefe797784b: start FollowerState
2019-08-27 08:59:19,903 [521aeba6-88aa-48b7-8766-3f4d75ba2df1:group-9BDE53BF1F89:LeaderElection132] INFO  impl.LeaderElection (LeaderElection.java:logAndReturn(56)) - 521aeba6-88aa-48b7-8766-3f4d75ba2df1:group-9BDE53BF1F89:LeaderElection132: Election REJECTED; received 2 response(s) [521aeba6-88aa-48b7-8766-3f4d75ba2df1<-82911ef2-faee-43a5-9a1d-aeefe797784b#0:FAIL-t2, 521aeba6-88aa-48b7-8766-3f4d75ba2df1<-a728ac9e-8b42-42b3-9e87-ec98a1f6c46a#0:FAIL-t2] and 0 exception(s); 521aeba6-88aa-48b7-8766-3f4d75ba2df1:t2, leader=null, voted=521aeba6-88aa-48b7-8766-3f4d75ba2df1, raftlog=521aeba6-88aa-48b7-8766-3f4d75ba2df1-SegmentedRaftLog:OPENED:c-1,f-1,i0, conf=-1: [521aeba6-88aa-48b7-8766-3f4d75ba2df1:192.168.34.1:36388, 82911ef2-faee-43a5-9a1d-aeefe797784b:192.168.34.1:33806, a728ac9e-8b42-42b3-9e87-ec98a1f6c46a:192.168.34.1:36002], old=null
2019-08-27 08:59:19,903 [521aeba6-88aa-48b7-8766-3f4d75ba2df1:group-9BDE53BF1F89:LeaderElection132] INFO  impl.RaftServerImpl (RaftServerImpl.java:setRole(171)) - 521aeba6-88aa-48b7-8766-3f4d75ba2df1:group-9BDE53BF1F89 changes role from CANDIDATE to FOLLOWER at term 2 for DISCOVERED_A_NEW_TERM
2019-08-27 08:59:19,903 [521aeba6-88aa-48b7-8766-3f4d75ba2df1:group-9BDE53BF1F89:LeaderElection132] INFO  impl.RoleInfo (RoleInfo.java:shutdownLeaderElection(134)) - 521aeba6-88aa-48b7-8766-3f4d75ba2df1: shutdown LeaderElection
2019-08-27 08:59:19,903 [521aeba6-88aa-48b7-8766-3f4d75ba2df1:group-9BDE53BF1F89:LeaderElection132] INFO  impl.RoleInfo (RoleInfo.java:updateAndGet(143)) - 521aeba6-88aa-48b7-8766-3f4d75ba2df1: start FollowerState
2019-08-27 08:59:19,904 [a728ac9e-8b42-42b3-9e87-ec98a1f6c46a:group-9BDE53BF1F89:LeaderElection131] INFO  impl.LeaderElection (LeaderElection.java:logAndReturn(56)) - a728ac9e-8b42-42b3-9e87-ec98a1f6c46a:group-9BDE53BF1F89:LeaderElection131: Election REJECTED; received 2 response(s) [a728ac9e-8b42-42b3-9e87-ec98a1f6c46a<-521aeba6-88aa-48b7-8766-3f4d75ba2df1#0:FAIL-t2, a728ac9e-8b42-42b3-9e87-ec98a1f6c46a<-82911ef2-faee-43a5-9a1d-aeefe797784b#0:FAIL-t2] and 0 exception(s); a728ac9e-8b42-42b3-9e87-ec98a1f6c46a:t2, leader=null, voted=a728ac9e-8b42-42b3-9e87-ec98a1f6c46a, raftlog=a728ac9e-8b42-42b3-9e87-ec98a1f6c46a-SegmentedRaftLog:OPENED:c-1,f-1,i0, conf=-1: [521aeba6-88aa-48b7-8766-3f4d75ba2df1:192.168.34.1:36388, 82911ef2-faee-43a5-9a1d-aeefe797784b:192.168.34.1:33806, a728ac9e-8b42-42b3-9e87-ec98a1f6c46a:192.168.34.1:36002], old=null
2019-08-27 08:59:19,904 [a728ac9e-8b42-42b3-9e87-ec98a1f6c46a:group-9BDE53BF1F89:LeaderElection131] INFO  impl.RaftServerImpl (RaftServerImpl.java:setRole(171)) - a728ac9e-8b42-42b3-9e87-ec98a1f6c46a:group-9BDE53BF1F89 changes role from CANDIDATE to FOLLOWER at term 2 for DISCOVERED_A_NEW_TERM
2019-08-27 08:59:19,904 [a728ac9e-8b42-42b3-9e87-ec98a1f6c46a:group-9BDE53BF1F89:LeaderElection131] INFO  impl.RoleInfo (RoleInfo.java:shutdownLeaderElection(134)) - a728ac9e-8b42-42b3-9e87-ec98a1f6c46a: shutdown LeaderElection
2019-08-27 08:59:19,904 [a728ac9e-8b42-42b3-9e87-ec98a1f6c46a:group-9BDE53BF1F89:LeaderElection131] INFO  impl.RoleInfo (RoleInfo.java:updateAndGet(143)) - a728ac9e-8b42-42b3-9e87-ec98a1f6c46a: start FollowerState
2019-08-27 08:59:20,004 | INFO  | SCMAudit | user=jenkins1000 | ip=192.168.34.1 | op=SEND_HEARTBEAT {datanodeUUID=a728ac9e-8b42-42b3-9e87-ec98a1f6c46a, command=[]} | ret=SUCCESS |  
2019-08-27 08:59:20,100 | INFO  | SCMAudit | user=jenkins1000 | ip=192.168.34.1 | op=SEND_HEARTBEAT {datanodeUUID=85153711-0b9c-43d4-b6cb-489303a056f8, command=[]} | ret=SUCCESS |  
2019-08-27 08:59:20,177 | INFO  | SCMAudit | user=jenkins1000 | ip=192.168.34.1 | op=SEND_HEARTBEAT {datanodeUUID=82911ef2-faee-43a5-9a1d-aeefe797784b, command=[]} | ret=SUCCESS |  
2019-08-27 08:59:20,271 [java.util.concurrent.ThreadPoolExecutor$Worker@670cb2b2[State = -1, empty queue]] WARN  server.GrpcLogAppender (GrpcLogAppender.java:timeoutAppendRequest(200)) - GrpcLogAppender(4418b26a-a5e5-4792-b343-154b02de43dd->83ad8e3f-e813-4fa1-9b9c-8cd3f6d9b12a): appendEntries Timeout, request=4418b26a-a5e5-4792-b343-154b02de43dd->83ad8e3f-e813-4fa1-9b9c-8cd3f6d9b12a#4-t1, previous=(t:1, i:1), leaderCommit=0, initializing? false, entries: <empty>
2019-08-27 08:59:20,271 [java.util.concurrent.ThreadPoolExecutor$Worker@5c814b93[State = -1, empty queue]] WARN  server.GrpcLogAppender (GrpcLogAppender.java:timeoutAppendRequest(200)) - GrpcLogAppender(4418b26a-a5e5-4792-b343-154b02de43dd->e2fc1c3c-e5fc-4e6c-82aa-5ea8b9bf1eb5): appendEntries Timeout, request=4418b26a-a5e5-4792-b343-154b02de43dd->e2fc1c3c-e5fc-4e6c-82aa-5ea8b9bf1eb5#4-t1, previous=(t:1, i:1), leaderCommit=0, initializing? false, entries: <empty>
2019-08-27 08:59:20,275 | INFO  | SCMAudit | user=jenkins1000 | ip=192.168.34.1 | op=SEND_HEARTBEAT {datanodeUUID=bc465b15-8d97-4b40-b19d-df54ad9f54a7, command=[]} | ret=SUCCESS |  
2019-08-27 08:59:20,348 | INFO  | SCMAudit | user=jenkins1000 | ip=192.168.34.1 | op=SEND_HEARTBEAT {datanodeUUID=4418b26a-a5e5-4792-b343-154b02de43dd, command=[]} | ret=SUCCESS |  
2019-08-27 08:59:20,450 | INFO  | SCMAudit | user=jenkins1000 | ip=192.168.34.1 | op=SEND_HEARTBEAT {datanodeUUID=c23e5a6c-3b1c-4356-87ef-9558e93e4bf7, command=[]} | ret=SUCCESS |  
2019-08-27 08:59:20,635 | INFO  | SCMAudit | user=jenkins1000 | ip=192.168.34.1 | op=SEND_HEARTBEAT {datanodeUUID=83ad8e3f-e813-4fa1-9b9c-8cd3f6d9b12a, command=[]} | ret=SUCCESS |  
2019-08-27 08:59:20,661 | INFO  | SCMAudit | user=jenkins1000 | ip=192.168.34.1 | op=SEND_HEARTBEAT {datanodeUUID=99a28adf-5289-4cdd-a512-dfcc6dd17230, command=[]} | ret=SUCCESS |  
2019-08-27 08:59:20,771 [java.util.concurrent.ThreadPoolExecutor$Worker@670cb2b2[State = -1, empty queue]] WARN  server.GrpcLogAppender (GrpcLogAppender.java:timeoutAppendRequest(200)) - GrpcLogAppender(4418b26a-a5e5-4792-b343-154b02de43dd->83ad8e3f-e813-4fa1-9b9c-8cd3f6d9b12a): appendEntries Timeout, request=4418b26a-a5e5-4792-b343-154b02de43dd->83ad8e3f-e813-4fa1-9b9c-8cd3f6d9b12a#5-t1, previous=(t:1, i:1), leaderCommit=0, initializing? false, entries: <empty>
2019-08-27 08:59:20,772 [java.util.concurrent.ThreadPoolExecutor$Worker@5c814b93[State = -1, empty queue]] WARN  server.GrpcLogAppender (GrpcLogAppender.java:timeoutAppendRequest(200)) - GrpcLogAppender(4418b26a-a5e5-4792-b343-154b02de43dd->e2fc1c3c-e5fc-4e6c-82aa-5ea8b9bf1eb5): appendEntries Timeout, request=4418b26a-a5e5-4792-b343-154b02de43dd->e2fc1c3c-e5fc-4e6c-82aa-5ea8b9bf1eb5#5-t1, previous=(t:1, i:1), leaderCommit=0, initializing? false, entries: <empty>
2019-08-27 08:59:20,842 | INFO  | SCMAudit | user=jenkins1000 | ip=192.168.34.1 | op=SEND_HEARTBEAT {datanodeUUID=521aeba6-88aa-48b7-8766-3f4d75ba2df1, command=[]} | ret=SUCCESS |  
2019-08-27 08:59:20,895 | INFO  | SCMAudit | user=jenkins1000 | ip=192.168.34.1 | op=SEND_HEARTBEAT {datanodeUUID=e2fc1c3c-e5fc-4e6c-82aa-5ea8b9bf1eb5, command=[]} | ret=SUCCESS |  
2019-08-27 08:59:20,904 [Thread-3820] INFO  impl.FollowerState (FollowerState.java:run(106)) - 82911ef2-faee-43a5-9a1d-aeefe797784b:group-9BDE53BF1F89 changes to CANDIDATE, lastRpcTime:1001, electionTimeout:1001ms
2019-08-27 08:59:20,905 [Thread-3820] INFO  impl.RoleInfo (RoleInfo.java:shutdownFollowerState(121)) - 82911ef2-faee-43a5-9a1d-aeefe797784b: shutdown FollowerState
2019-08-27 08:59:20,905 [Thread-3820] INFO  impl.RaftServerImpl (RaftServerImpl.java:setRole(171)) - 82911ef2-faee-43a5-9a1d-aeefe797784b:group-9BDE53BF1F89 changes role from FOLLOWER to CANDIDATE at term 2 for changeToCandidate
2019-08-27 08:59:20,905 [Thread-3820] INFO  impl.RoleInfo (RoleInfo.java:updateAndGet(143)) - 82911ef2-faee-43a5-9a1d-aeefe797784b: start LeaderElection
2019-08-27 08:59:20,993 [Thread-3821] INFO  impl.FollowerState (FollowerState.java:run(106)) - 521aeba6-88aa-48b7-8766-3f4d75ba2df1:group-9BDE53BF1F89 changes to CANDIDATE, lastRpcTime:1089, electionTimeout:1089ms
2019-08-27 08:59:20,993 [Thread-3821] INFO  impl.RoleInfo (RoleInfo.java:shutdownFollowerState(121)) - 521aeba6-88aa-48b7-8766-3f4d75ba2df1: shutdown FollowerState
2019-08-27 08:59:20,993 [Thread-3821] INFO  impl.RaftServerImpl (RaftServerImpl.java:setRole(171)) - 521aeba6-88aa-48b7-8766-3f4d75ba2df1:group-9BDE53BF1F89 changes role from FOLLOWER to CANDIDATE at term 2 for changeToCandidate
2019-08-27 08:59:20,993 [Thread-3821] INFO  impl.RoleInfo (RoleInfo.java:updateAndGet(143)) - 521aeba6-88aa-48b7-8766-3f4d75ba2df1: start LeaderElection
2019-08-27 08:59:21,004 | INFO  | SCMAudit | user=jenkins1000 | ip=192.168.34.1 | op=SEND_HEARTBEAT {datanodeUUID=a728ac9e-8b42-42b3-9e87-ec98a1f6c46a, command=[]} | ret=SUCCESS |  
2019-08-27 08:59:21,079 [Thread-3822] INFO  impl.FollowerState (FollowerState.java:run(106)) - a728ac9e-8b42-42b3-9e87-ec98a1f6c46a:group-9BDE53BF1F89 changes to CANDIDATE, lastRpcTime:1175, electionTimeout:1175ms
2019-08-27 08:59:21,080 [Thread-3822] INFO  impl.RoleInfo (RoleInfo.java:shutdownFollowerState(121)) - a728ac9e-8b42-42b3-9e87-ec98a1f6c46a: shutdown FollowerState
2019-08-27 08:59:21,080 [Thread-3822] INFO  impl.RaftServerImpl (RaftServerImpl.java:setRole(171)) - a728ac9e-8b42-42b3-9e87-ec98a1f6c46a:group-9BDE53BF1F89 changes role from FOLLOWER to CANDIDATE at term 2 for changeToCandidate
2019-08-27 08:59:21,080 [Thread-3822] INFO  impl.RoleInfo (RoleInfo.java:updateAndGet(143)) - a728ac9e-8b42-42b3-9e87-ec98a1f6c46a: start LeaderElection
2019-08-27 08:59:21,100 | INFO  | SCMAudit | user=jenkins1000 | ip=192.168.34.1 | op=SEND_HEARTBEAT {datanodeUUID=85153711-0b9c-43d4-b6cb-489303a056f8, command=[]} | ret=SUCCESS |  
2019-08-27 08:59:21,178 | INFO  | SCMAudit | user=jenkins1000 | ip=192.168.34.1 | op=SEND_HEARTBEAT {datanodeUUID=82911ef2-faee-43a5-9a1d-aeefe797784b, command=[]} | ret=SUCCESS |  
2019-08-27 08:59:21,275 | INFO  | SCMAudit | user=jenkins1000 | ip=192.168.34.1 | op=SEND_HEARTBEAT {datanodeUUID=bc465b15-8d97-4b40-b19d-df54ad9f54a7, command=[]} | ret=SUCCESS |  
2019-08-27 08:59:21,348 | INFO  | SCMAudit | user=jenkins1000 | ip=192.168.34.1 | op=SEND_HEARTBEAT {datanodeUUID=4418b26a-a5e5-4792-b343-154b02de43dd, command=[]} | ret=SUCCESS |  
2019-08-27 08:59:21,451 | INFO  | SCMAudit | user=jenkins1000 | ip=192.168.34.1 | op=SEND_HEARTBEAT {datanodeUUID=c23e5a6c-3b1c-4356-87ef-9558e93e4bf7, command=[]} | ret=SUCCESS |  
2019-08-27 08:59:21,455 [java.util.concurrent.ThreadPoolExecutor$Worker@670cb2b2[State = -1, empty queue]] WARN  server.GrpcLogAppender (GrpcLogAppender.java:timeoutAppendRequest(200)) - GrpcLogAppender(4418b26a-a5e5-4792-b343-154b02de43dd->83ad8e3f-e813-4fa1-9b9c-8cd3f6d9b12a): appendEntries Timeout, request=4418b26a-a5e5-4792-b343-154b02de43dd->83ad8e3f-e813-4fa1-9b9c-8cd3f6d9b12a#6-t1, previous=(t:1, i:1), leaderCommit=0, initializing? false, entries: <empty>
2019-08-27 08:59:21,455 [java.util.concurrent.ThreadPoolExecutor$Worker@5c814b93[State = -1, empty queue]] WARN  server.GrpcLogAppender (GrpcLogAppender.java:timeoutAppendRequest(200)) - GrpcLogAppender(4418b26a-a5e5-4792-b343-154b02de43dd->e2fc1c3c-e5fc-4e6c-82aa-5ea8b9bf1eb5): appendEntries Timeout, request=4418b26a-a5e5-4792-b343-154b02de43dd->e2fc1c3c-e5fc-4e6c-82aa-5ea8b9bf1eb5#6-t1, previous=(t:1, i:1), leaderCommit=0, initializing? false, entries: <empty>
2019-08-27 08:59:21,635 | INFO  | SCMAudit | user=jenkins1000 | ip=192.168.34.1 | op=SEND_HEARTBEAT {datanodeUUID=83ad8e3f-e813-4fa1-9b9c-8cd3f6d9b12a, command=[]} | ret=SUCCESS |  
2019-08-27 08:59:21,661 | INFO  | SCMAudit | user=jenkins1000 | ip=192.168.34.1 | op=SEND_HEARTBEAT {datanodeUUID=99a28adf-5289-4cdd-a512-dfcc6dd17230, command=[]} | ret=SUCCESS |  
2019-08-27 08:59:21,799 [grpc-default-executor-7] INFO  client.GrpcClientProtocolClient (GrpcClientProtocolClient.java:onNext(255)) - client-86439C56C7EB->83ad8e3f-e813-4fa1-9b9c-8cd3f6d9b12a: receive RaftClientReply:client-86439C56C7EB->83ad8e3f-e813-4fa1-9b9c-8cd3f6d9b12a@group-FD56A270C3EE, cid=121, FAILED org.apache.ratis.protocol.NotLeaderException: Server 83ad8e3f-e813-4fa1-9b9c-8cd3f6d9b12a is not the leader (4418b26a-a5e5-4792-b343-154b02de43dd:192.168.34.1:34061). Request must be sent to leader., logIndex=0, commits[83ad8e3f-e813-4fa1-9b9c-8cd3f6d9b12a:c-1, 4418b26a-a5e5-4792-b343-154b02de43dd:c0, e2fc1c3c-e5fc-4e6c-82aa-5ea8b9bf1eb5:c-1]
2019-08-27 08:59:21,840 | INFO  | SCMAudit | user=jenkins1000 | ip=192.168.34.1 | op=SEND_HEARTBEAT {datanodeUUID=521aeba6-88aa-48b7-8766-3f4d75ba2df1, command=[]} | ret=SUCCESS |  
2019-08-27 08:59:21,895 | INFO  | SCMAudit | user=jenkins1000 | ip=192.168.34.1 | op=SEND_HEARTBEAT {datanodeUUID=e2fc1c3c-e5fc-4e6c-82aa-5ea8b9bf1eb5, command=[]} | ret=SUCCESS |  
2019-08-27 08:59:21,955 [java.util.concurrent.ThreadPoolExecutor$Worker@670cb2b2[State = -1, empty queue]] WARN  server.GrpcLogAppender (GrpcLogAppender.java:timeoutAppendRequest(200)) - GrpcLogAppender(4418b26a-a5e5-4792-b343-154b02de43dd->83ad8e3f-e813-4fa1-9b9c-8cd3f6d9b12a): appendEntries Timeout, request=4418b26a-a5e5-4792-b343-154b02de43dd->83ad8e3f-e813-4fa1-9b9c-8cd3f6d9b12a#7-t1, previous=(t:1, i:1), leaderCommit=0, initializing? false, entries: <empty>
2019-08-27 08:59:21,955 [java.util.concurrent.ThreadPoolExecutor$Worker@5c814b93[State = -1, empty queue]] WARN  server.GrpcLogAppender (GrpcLogAppender.java:timeoutAppendRequest(200)) - GrpcLogAppender(4418b26a-a5e5-4792-b343-154b02de43dd->e2fc1c3c-e5fc-4e6c-82aa-5ea8b9bf1eb5): appendEntries Timeout, request=4418b26a-a5e5-4792-b343-154b02de43dd->e2fc1c3c-e5fc-4e6c-82aa-5ea8b9bf1eb5#7-t1, previous=(t:1, i:1), leaderCommit=0, initializing? false, entries: <empty>
2019-08-27 08:59:22,004 | INFO  | SCMAudit | user=jenkins1000 | ip=192.168.34.1 | op=SEND_HEARTBEAT {datanodeUUID=a728ac9e-8b42-42b3-9e87-ec98a1f6c46a, command=[]} | ret=SUCCESS |  
2019-08-27 08:59:22,101 | INFO  | SCMAudit | user=jenkins1000 | ip=192.168.34.1 | op=SEND_HEARTBEAT {datanodeUUID=85153711-0b9c-43d4-b6cb-489303a056f8, command=[]} | ret=SUCCESS |  
2019-08-27 08:59:22,178 | INFO  | SCMAudit | user=jenkins1000 | ip=192.168.34.1 | op=SEND_HEARTBEAT {datanodeUUID=82911ef2-faee-43a5-9a1d-aeefe797784b, command=[]} | ret=SUCCESS |  
2019-08-27 08:59:22,275 | INFO  | SCMAudit | user=jenkins1000 | ip=192.168.34.1 | op=SEND_HEARTBEAT {datanodeUUID=bc465b15-8d97-4b40-b19d-df54ad9f54a7, command=[]} | ret=SUCCESS |  
2019-08-27 08:59:22,348 | INFO  | SCMAudit | user=jenkins1000 | ip=192.168.34.1 | op=SEND_HEARTBEAT {datanodeUUID=4418b26a-a5e5-4792-b343-154b02de43dd, command=[]} | ret=SUCCESS |  
2019-08-27 08:59:22,451 | INFO  | SCMAudit | user=jenkins1000 | ip=192.168.34.1 | op=SEND_HEARTBEAT {datanodeUUID=c23e5a6c-3b1c-4356-87ef-9558e93e4bf7, command=[]} | ret=SUCCESS |  
2019-08-27 08:59:22,455 [java.util.concurrent.ThreadPoolExecutor$Worker@670cb2b2[State = -1, empty queue]] WARN  server.GrpcLogAppender (GrpcLogAppender.java:timeoutAppendRequest(200)) - GrpcLogAppender(4418b26a-a5e5-4792-b343-154b02de43dd->83ad8e3f-e813-4fa1-9b9c-8cd3f6d9b12a): appendEntries Timeout, request=4418b26a-a5e5-4792-b343-154b02de43dd->83ad8e3f-e813-4fa1-9b9c-8cd3f6d9b12a#8-t1, previous=(t:1, i:1), leaderCommit=0, initializing? false, entries: <empty>
2019-08-27 08:59:22,455 [java.util.concurrent.ThreadPoolExecutor$Worker@5c814b93[State = -1, empty queue]] WARN  server.GrpcLogAppender (GrpcLogAppender.java:timeoutAppendRequest(200)) - GrpcLogAppender(4418b26a-a5e5-4792-b343-154b02de43dd->e2fc1c3c-e5fc-4e6c-82aa-5ea8b9bf1eb5): appendEntries Timeout, request=4418b26a-a5e5-4792-b343-154b02de43dd->e2fc1c3c-e5fc-4e6c-82aa-5ea8b9bf1eb5#8-t1, previous=(t:1, i:1), leaderCommit=0, initializing? false, entries: <empty>
2019-08-27 08:59:22,635 | INFO  | SCMAudit | user=jenkins1000 | ip=192.168.34.1 | op=SEND_HEARTBEAT {datanodeUUID=83ad8e3f-e813-4fa1-9b9c-8cd3f6d9b12a, command=[]} | ret=SUCCESS |  
2019-08-27 08:59:22,662 | INFO  | SCMAudit | user=jenkins1000 | ip=192.168.34.1 | op=SEND_HEARTBEAT {datanodeUUID=99a28adf-5289-4cdd-a512-dfcc6dd17230, command=[]} | ret=SUCCESS |  
2019-08-27 08:59:22,690 [85153711-0b9c-43d4-b6cb-489303a056f8-SegmentedRaftLogWorker:Storage Directory /workdir/hadoop-ozone/integration-test/target/test-dir/MiniOzoneClusterImpl-5fa0230b-2e3b-4574-a1d1-aab0eaf0b74a/datanode-2/data/ratis/e69cffb5-115d-488a-82d0-e05ee70660d0] INFO  segmented.SegmentedRaftLogWorker (SegmentedRaftLogWorker.java:execute(569)) - 85153711-0b9c-43d4-b6cb-489303a056f8-SegmentedRaftLogWorker:Storage Directory /workdir/hadoop-ozone/integration-test/target/test-dir/MiniOzoneClusterImpl-5fa0230b-2e3b-4574-a1d1-aab0eaf0b74a/datanode-2/data/ratis/e69cffb5-115d-488a-82d0-e05ee70660d0: created new log segment /workdir/hadoop-ozone/integration-test/target/test-dir/MiniOzoneClusterImpl-5fa0230b-2e3b-4574-a1d1-aab0eaf0b74a/datanode-2/data/ratis/e69cffb5-115d-488a-82d0-e05ee70660d0/current/log_inprogress_0
2019-08-27 08:59:22,840 | INFO  | SCMAudit | user=jenkins1000 | ip=192.168.34.1 | op=SEND_HEARTBEAT {datanodeUUID=521aeba6-88aa-48b7-8766-3f4d75ba2df1, command=[]} | ret=SUCCESS |  
2019-08-27 08:59:22,895 | INFO  | SCMAudit | user=jenkins1000 | ip=192.168.34.1 | op=SEND_HEARTBEAT {datanodeUUID=e2fc1c3c-e5fc-4e6c-82aa-5ea8b9bf1eb5, command=[]} | ret=SUCCESS |  
2019-08-27 08:59:22,956 [java.util.concurrent.ThreadPoolExecutor$Worker@670cb2b2[State = -1, empty queue]] WARN  server.GrpcLogAppender (GrpcLogAppender.java:timeoutAppendRequest(200)) - GrpcLogAppender(4418b26a-a5e5-4792-b343-154b02de43dd->83ad8e3f-e813-4fa1-9b9c-8cd3f6d9b12a): appendEntries Timeout, request=4418b26a-a5e5-4792-b343-154b02de43dd->83ad8e3f-e813-4fa1-9b9c-8cd3f6d9b12a#9-t1, previous=(t:1, i:1), leaderCommit=0, initializing? false, entries: <empty>
2019-08-27 08:59:22,956 [java.util.concurrent.ThreadPoolExecutor$Worker@5c814b93[State = -1, empty queue]] WARN  server.GrpcLogAppender (GrpcLogAppender.java:timeoutAppendRequest(200)) - GrpcLogAppender(4418b26a-a5e5-4792-b343-154b02de43dd->e2fc1c3c-e5fc-4e6c-82aa-5ea8b9bf1eb5): appendEntries Timeout, request=4418b26a-a5e5-4792-b343-154b02de43dd->e2fc1c3c-e5fc-4e6c-82aa-5ea8b9bf1eb5#9-t1, previous=(t:1, i:1), leaderCommit=0, initializing? false, entries: <empty>
2019-08-27 08:59:23,004 | INFO  | SCMAudit | user=jenkins1000 | ip=192.168.34.1 | op=SEND_HEARTBEAT {datanodeUUID=a728ac9e-8b42-42b3-9e87-ec98a1f6c46a, command=[]} | ret=SUCCESS |  
2019-08-27 08:59:23,101 | INFO  | SCMAudit | user=jenkins1000 | ip=192.168.34.1 | op=SEND_HEARTBEAT {datanodeUUID=85153711-0b9c-43d4-b6cb-489303a056f8, command=[]} | ret=SUCCESS |  
2019-08-27 08:59:23,178 | INFO  | SCMAudit | user=jenkins1000 | ip=192.168.34.1 | op=SEND_HEARTBEAT {datanodeUUID=82911ef2-faee-43a5-9a1d-aeefe797784b, command=[]} | ret=SUCCESS |  
2019-08-27 08:59:23,276 | INFO  | SCMAudit | user=jenkins1000 | ip=192.168.34.1 | op=SEND_HEARTBEAT {datanodeUUID=bc465b15-8d97-4b40-b19d-df54ad9f54a7, command=[]} | ret=SUCCESS |  
2019-08-27 08:59:23,349 | INFO  | SCMAudit | user=jenkins1000 | ip=192.168.34.1 | op=SEND_HEARTBEAT {datanodeUUID=4418b26a-a5e5-4792-b343-154b02de43dd, command=[]} | ret=SUCCESS |  
2019-08-27 08:59:23,451 | INFO  | SCMAudit | user=jenkins1000 | ip=192.168.34.1 | op=SEND_HEARTBEAT {datanodeUUID=c23e5a6c-3b1c-4356-87ef-9558e93e4bf7, command=[]} | ret=SUCCESS |  
2019-08-27 08:59:23,456 [java.util.concurrent.ThreadPoolExecutor$Worker@670cb2b2[State = -1, empty queue]] WARN  server.GrpcLogAppender (GrpcLogAppender.java:timeoutAppendRequest(200)) - GrpcLogAppender(4418b26a-a5e5-4792-b343-154b02de43dd->83ad8e3f-e813-4fa1-9b9c-8cd3f6d9b12a): appendEntries Timeout, request=4418b26a-a5e5-4792-b343-154b02de43dd->83ad8e3f-e813-4fa1-9b9c-8cd3f6d9b12a#10-t1, previous=(t:1, i:1), leaderCommit=0, initializing? false, entries: <empty>
2019-08-27 08:59:23,456 [java.util.concurrent.ThreadPoolExecutor$Worker@5c814b93[State = -1, empty queue]] WARN  server.GrpcLogAppender (GrpcLogAppender.java:timeoutAppendRequest(200)) - GrpcLogAppender(4418b26a-a5e5-4792-b343-154b02de43dd->e2fc1c3c-e5fc-4e6c-82aa-5ea8b9bf1eb5): appendEntries Timeout, request=4418b26a-a5e5-4792-b343-154b02de43dd->e2fc1c3c-e5fc-4e6c-82aa-5ea8b9bf1eb5#10-t1, previous=(t:1, i:1), leaderCommit=0, initializing? false, entries: <empty>
2019-08-27 08:59:23,636 | INFO  | SCMAudit | user=jenkins1000 | ip=192.168.34.1 | op=SEND_HEARTBEAT {datanodeUUID=83ad8e3f-e813-4fa1-9b9c-8cd3f6d9b12a, command=[]} | ret=SUCCESS |  
2019-08-27 08:59:23,662 | INFO  | SCMAudit | user=jenkins1000 | ip=192.168.34.1 | op=SEND_HEARTBEAT {datanodeUUID=99a28adf-5289-4cdd-a512-dfcc6dd17230, command=[]} | ret=SUCCESS |  
2019-08-27 08:59:23,840 | INFO  | SCMAudit | user=jenkins1000 | ip=192.168.34.1 | op=SEND_HEARTBEAT {datanodeUUID=521aeba6-88aa-48b7-8766-3f4d75ba2df1, command=[]} | ret=SUCCESS |  
2019-08-27 08:59:23,896 | INFO  | SCMAudit | user=jenkins1000 | ip=192.168.34.1 | op=SEND_HEARTBEAT {datanodeUUID=e2fc1c3c-e5fc-4e6c-82aa-5ea8b9bf1eb5, command=[]} | ret=SUCCESS |  
2019-08-27 08:59:23,956 [java.util.concurrent.ThreadPoolExecutor$Worker@670cb2b2[State = -1, empty queue]] WARN  server.GrpcLogAppender (GrpcLogAppender.java:timeoutAppendRequest(200)) - GrpcLogAppender(4418b26a-a5e5-4792-b343-154b02de43dd->83ad8e3f-e813-4fa1-9b9c-8cd3f6d9b12a): appendEntries Timeout, request=4418b26a-a5e5-4792-b343-154b02de43dd->83ad8e3f-e813-4fa1-9b9c-8cd3f6d9b12a#11-t1, previous=(t:1, i:1), leaderCommit=0, initializing? false, entries: <empty>
2019-08-27 08:59:23,956 [java.util.concurrent.ThreadPoolExecutor$Worker@5c814b93[State = -1, empty queue]] WARN  server.GrpcLogAppender (GrpcLogAppender.java:timeoutAppendRequest(200)) - GrpcLogAppender(4418b26a-a5e5-4792-b343-154b02de43dd->e2fc1c3c-e5fc-4e6c-82aa-5ea8b9bf1eb5): appendEntries Timeout, request=4418b26a-a5e5-4792-b343-154b02de43dd->e2fc1c3c-e5fc-4e6c-82aa-5ea8b9bf1eb5#11-t1, previous=(t:1, i:1), leaderCommit=0, initializing? false, entries: <empty>
2019-08-27 08:59:24,005 | INFO  | SCMAudit | user=jenkins1000 | ip=192.168.34.1 | op=SEND_HEARTBEAT {datanodeUUID=a728ac9e-8b42-42b3-9e87-ec98a1f6c46a, command=[]} | ret=SUCCESS |  
2019-08-27 08:59:24,101 | INFO  | SCMAudit | user=jenkins1000 | ip=192.168.34.1 | op=SEND_HEARTBEAT {datanodeUUID=85153711-0b9c-43d4-b6cb-489303a056f8, command=[]} | ret=SUCCESS |  
2019-08-27 08:59:24,178 | INFO  | SCMAudit | user=jenkins1000 | ip=192.168.34.1 | op=SEND_HEARTBEAT {datanodeUUID=82911ef2-faee-43a5-9a1d-aeefe797784b, command=[]} | ret=SUCCESS |  
2019-08-27 08:59:24,275 | INFO  | SCMAudit | user=jenkins1000 | ip=192.168.34.1 | op=SEND_HEARTBEAT {datanodeUUID=bc465b15-8d97-4b40-b19d-df54ad9f54a7, command=[]} | ret=SUCCESS |  
2019-08-27 08:59:24,348 | INFO  | SCMAudit | user=jenkins1000 | ip=192.168.34.1 | op=SEND_HEARTBEAT {datanodeUUID=4418b26a-a5e5-4792-b343-154b02de43dd, command=[]} | ret=SUCCESS |  
2019-08-27 08:59:24,451 | INFO  | SCMAudit | user=jenkins1000 | ip=192.168.34.1 | op=SEND_HEARTBEAT {datanodeUUID=c23e5a6c-3b1c-4356-87ef-9558e93e4bf7, command=[]} | ret=SUCCESS |  
2019-08-27 08:59:24,456 [java.util.concurrent.ThreadPoolExecutor$Worker@670cb2b2[State = -1, empty queue]] WARN  server.GrpcLogAppender (GrpcLogAppender.java:timeoutAppendRequest(200)) - GrpcLogAppender(4418b26a-a5e5-4792-b343-154b02de43dd->83ad8e3f-e813-4fa1-9b9c-8cd3f6d9b12a): appendEntries Timeout, request=4418b26a-a5e5-4792-b343-154b02de43dd->83ad8e3f-e813-4fa1-9b9c-8cd3f6d9b12a#12-t1, previous=(t:1, i:1), leaderCommit=0, initializing? false, entries: <empty>
2019-08-27 08:59:24,456 [java.util.concurrent.ThreadPoolExecutor$Worker@5c814b93[State = -1, empty queue]] WARN  server.GrpcLogAppender (GrpcLogAppender.java:timeoutAppendRequest(200)) - GrpcLogAppender(4418b26a-a5e5-4792-b343-154b02de43dd->e2fc1c3c-e5fc-4e6c-82aa-5ea8b9bf1eb5): appendEntries Timeout, request=4418b26a-a5e5-4792-b343-154b02de43dd->e2fc1c3c-e5fc-4e6c-82aa-5ea8b9bf1eb5#12-t1, previous=(t:1, i:1), leaderCommit=0, initializing? false, entries: <empty>
2019-08-27 08:59:24,636 | INFO  | SCMAudit | user=jenkins1000 | ip=192.168.34.1 | op=SEND_HEARTBEAT {datanodeUUID=83ad8e3f-e813-4fa1-9b9c-8cd3f6d9b12a, command=[]} | ret=SUCCESS |  
2019-08-27 08:59:24,662 | INFO  | SCMAudit | user=jenkins1000 | ip=192.168.34.1 | op=SEND_HEARTBEAT {datanodeUUID=99a28adf-5289-4cdd-a512-dfcc6dd17230, command=[]} | ret=SUCCESS |  
2019-08-27 08:59:24,841 | INFO  | SCMAudit | user=jenkins1000 | ip=192.168.34.1 | op=SEND_HEARTBEAT {datanodeUUID=521aeba6-88aa-48b7-8766-3f4d75ba2df1, command=[]} | ret=SUCCESS |  
2019-08-27 08:59:24,896 | INFO  | SCMAudit | user=jenkins1000 | ip=192.168.34.1 | op=SEND_HEARTBEAT {datanodeUUID=e2fc1c3c-e5fc-4e6c-82aa-5ea8b9bf1eb5, command=[]} | ret=SUCCESS |  
2019-08-27 08:59:24,956 [java.util.concurrent.ThreadPoolExecutor$Worker@5c814b93[State = -1, empty queue]] WARN  server.GrpcLogAppender (GrpcLogAppender.java:timeoutAppendRequest(200)) - GrpcLogAppender(4418b26a-a5e5-4792-b343-154b02de43dd->e2fc1c3c-e5fc-4e6c-82aa-5ea8b9bf1eb5): appendEntries Timeout, request=4418b26a-a5e5-4792-b343-154b02de43dd->e2fc1c3c-e5fc-4e6c-82aa-5ea8b9bf1eb5#13-t1, previous=(t:1, i:1), leaderCommit=0, initializing? false, entries: <empty>
2019-08-27 08:59:24,956 [java.util.concurrent.ThreadPoolExecutor$Worker@670cb2b2[State = -1, empty queue]] WARN  server.GrpcLogAppender (GrpcLogAppender.java:timeoutAppendRequest(200)) - GrpcLogAppender(4418b26a-a5e5-4792-b343-154b02de43dd->83ad8e3f-e813-4fa1-9b9c-8cd3f6d9b12a): appendEntries Timeout, request=4418b26a-a5e5-4792-b343-154b02de43dd->83ad8e3f-e813-4fa1-9b9c-8cd3f6d9b12a#13-t1, previous=(t:1, i:1), leaderCommit=0, initializing? false, entries: <empty>
2019-08-27 08:59:25,005 | INFO  | SCMAudit | user=jenkins1000 | ip=192.168.34.1 | op=SEND_HEARTBEAT {datanodeUUID=a728ac9e-8b42-42b3-9e87-ec98a1f6c46a, command=[]} | ret=SUCCESS |  
2019-08-27 08:59:25,101 | INFO  | SCMAudit | user=jenkins1000 | ip=192.168.34.1 | op=SEND_HEARTBEAT {datanodeUUID=85153711-0b9c-43d4-b6cb-489303a056f8, command=[]} | ret=SUCCESS |  
2019-08-27 08:59:25,178 | INFO  | SCMAudit | user=jenkins1000 | ip=192.168.34.1 | op=SEND_HEARTBEAT {datanodeUUID=82911ef2-faee-43a5-9a1d-aeefe797784b, command=[]} | ret=SUCCESS |  
2019-08-27 08:59:25,275 | INFO  | SCMAudit | user=jenkins1000 | ip=192.168.34.1 | op=SEND_HEARTBEAT {datanodeUUID=bc465b15-8d97-4b40-b19d-df54ad9f54a7, command=[]} | ret=SUCCESS |  
2019-08-27 08:59:25,348 | INFO  | SCMAudit | user=jenkins1000 | ip=192.168.34.1 | op=SEND_HEARTBEAT {datanodeUUID=4418b26a-a5e5-4792-b343-154b02de43dd, command=[]} | ret=SUCCESS |  
2019-08-27 08:59:25,451 | INFO  | SCMAudit | user=jenkins1000 | ip=192.168.34.1 | op=SEND_HEARTBEAT {datanodeUUID=c23e5a6c-3b1c-4356-87ef-9558e93e4bf7, command=[]} | ret=SUCCESS |  
2019-08-27 08:59:25,457 [java.util.concurrent.ThreadPoolExecutor$Worker@670cb2b2[State = -1, empty queue]] WARN  server.GrpcLogAppender (GrpcLogAppender.java:timeoutAppendRequest(200)) - GrpcLogAppender(4418b26a-a5e5-4792-b343-154b02de43dd->83ad8e3f-e813-4fa1-9b9c-8cd3f6d9b12a): appendEntries Timeout, request=4418b26a-a5e5-4792-b343-154b02de43dd->83ad8e3f-e813-4fa1-9b9c-8cd3f6d9b12a#14-t1, previous=(t:1, i:1), leaderCommit=0, initializing? false, entries: <empty>
2019-08-27 08:59:25,457 [java.util.concurrent.ThreadPoolExecutor$Worker@5c814b93[State = -1, empty queue]] WARN  server.GrpcLogAppender (GrpcLogAppender.java:timeoutAppendRequest(200)) - GrpcLogAppender(4418b26a-a5e5-4792-b343-154b02de43dd->e2fc1c3c-e5fc-4e6c-82aa-5ea8b9bf1eb5): appendEntries Timeout, request=4418b26a-a5e5-4792-b343-154b02de43dd->e2fc1c3c-e5fc-4e6c-82aa-5ea8b9bf1eb5#14-t1, previous=(t:1, i:1), leaderCommit=0, initializing? false, entries: <empty>
2019-08-27 08:59:25,494 [a728ac9e-8b42-42b3-9e87-ec98a1f6c46a:group-9BDE53BF1F89:LeaderElection136] INFO  impl.LeaderElection (LeaderElection.java:askForVotes(181)) - a728ac9e-8b42-42b3-9e87-ec98a1f6c46a:group-9BDE53BF1F89:LeaderElection136: begin an election at term 3 for -1: [521aeba6-88aa-48b7-8766-3f4d75ba2df1:192.168.34.1:36388, 82911ef2-faee-43a5-9a1d-aeefe797784b:192.168.34.1:33806, a728ac9e-8b42-42b3-9e87-ec98a1f6c46a:192.168.34.1:36002], old=null
2019-08-27 08:59:25,494 [521aeba6-88aa-48b7-8766-3f4d75ba2df1:group-9BDE53BF1F89:LeaderElection135] INFO  impl.LeaderElection (LeaderElection.java:askForVotes(181)) - 521aeba6-88aa-48b7-8766-3f4d75ba2df1:group-9BDE53BF1F89:LeaderElection135: begin an election at term 3 for -1: [521aeba6-88aa-48b7-8766-3f4d75ba2df1:192.168.34.1:36388, 82911ef2-faee-43a5-9a1d-aeefe797784b:192.168.34.1:33806, a728ac9e-8b42-42b3-9e87-ec98a1f6c46a:192.168.34.1:36002], old=null
2019-08-27 08:59:25,494 [82911ef2-faee-43a5-9a1d-aeefe797784b:group-9BDE53BF1F89:LeaderElection134] INFO  impl.LeaderElection (LeaderElection.java:askForVotes(181)) - 82911ef2-faee-43a5-9a1d-aeefe797784b:group-9BDE53BF1F89:LeaderElection134: begin an election at term 3 for -1: [521aeba6-88aa-48b7-8766-3f4d75ba2df1:192.168.34.1:36388, 82911ef2-faee-43a5-9a1d-aeefe797784b:192.168.34.1:33806, a728ac9e-8b42-42b3-9e87-ec98a1f6c46a:192.168.34.1:36002], old=null
2019-08-27 08:59:25,498 [a728ac9e-8b42-42b3-9e87-ec98a1f6c46a:group-9BDE53BF1F89:LeaderElection136] INFO  impl.LeaderElection (LeaderElection.java:logAndReturn(56)) - a728ac9e-8b42-42b3-9e87-ec98a1f6c46a:group-9BDE53BF1F89:LeaderElection136: Election REJECTED; received 2 response(s) [a728ac9e-8b42-42b3-9e87-ec98a1f6c46a<-521aeba6-88aa-48b7-8766-3f4d75ba2df1#0:FAIL-t3, a728ac9e-8b42-42b3-9e87-ec98a1f6c46a<-82911ef2-faee-43a5-9a1d-aeefe797784b#0:FAIL-t3] and 0 exception(s); a728ac9e-8b42-42b3-9e87-ec98a1f6c46a:t3, leader=null, voted=a728ac9e-8b42-42b3-9e87-ec98a1f6c46a, raftlog=a728ac9e-8b42-42b3-9e87-ec98a1f6c46a-SegmentedRaftLog:OPENED:c-1,f-1,i0, conf=-1: [521aeba6-88aa-48b7-8766-3f4d75ba2df1:192.168.34.1:36388, 82911ef2-faee-43a5-9a1d-aeefe797784b:192.168.34.1:33806, a728ac9e-8b42-42b3-9e87-ec98a1f6c46a:192.168.34.1:36002], old=null
2019-08-27 08:59:25,498 [a728ac9e-8b42-42b3-9e87-ec98a1f6c46a:group-9BDE53BF1F89:LeaderElection136] INFO  impl.RaftServerImpl (RaftServerImpl.java:setRole(171)) - a728ac9e-8b42-42b3-9e87-ec98a1f6c46a:group-9BDE53BF1F89 changes role from CANDIDATE to FOLLOWER at term 3 for DISCOVERED_A_NEW_TERM
2019-08-27 08:59:25,498 [a728ac9e-8b42-42b3-9e87-ec98a1f6c46a:group-9BDE53BF1F89:LeaderElection136] INFO  impl.RoleInfo (RoleInfo.java:shutdownLeaderElection(134)) - a728ac9e-8b42-42b3-9e87-ec98a1f6c46a: shutdown LeaderElection
2019-08-27 08:59:25,498 [a728ac9e-8b42-42b3-9e87-ec98a1f6c46a:group-9BDE53BF1F89:LeaderElection136] INFO  impl.RoleInfo (RoleInfo.java:updateAndGet(143)) - a728ac9e-8b42-42b3-9e87-ec98a1f6c46a: start FollowerState
2019-08-27 08:59:25,499 [521aeba6-88aa-48b7-8766-3f4d75ba2df1:group-9BDE53BF1F89:LeaderElection135] INFO  impl.LeaderElection (LeaderElection.java:logAndReturn(56)) - 521aeba6-88aa-48b7-8766-3f4d75ba2df1:group-9BDE53BF1F89:LeaderElection135: Election REJECTED; received 2 response(s) [521aeba6-88aa-48b7-8766-3f4d75ba2df1<-82911ef2-faee-43a5-9a1d-aeefe797784b#0:FAIL-t3, 521aeba6-88aa-48b7-8766-3f4d75ba2df1<-a728ac9e-8b42-42b3-9e87-ec98a1f6c46a#0:FAIL-t3] and 0 exception(s); 521aeba6-88aa-48b7-8766-3f4d75ba2df1:t3, leader=null, voted=521aeba6-88aa-48b7-8766-3f4d75ba2df1, raftlog=521aeba6-88aa-48b7-8766-3f4d75ba2df1-SegmentedRaftLog:OPENED:c-1,f-1,i0, conf=-1: [521aeba6-88aa-48b7-8766-3f4d75ba2df1:192.168.34.1:36388, 82911ef2-faee-43a5-9a1d-aeefe797784b:192.168.34.1:33806, a728ac9e-8b42-42b3-9e87-ec98a1f6c46a:192.168.34.1:36002], old=null
2019-08-27 08:59:25,499 [82911ef2-faee-43a5-9a1d-aeefe797784b:group-9BDE53BF1F89:LeaderElection134] INFO  impl.LeaderElection (LeaderElection.java:logAndReturn(56)) - 82911ef2-faee-43a5-9a1d-aeefe797784b:group-9BDE53BF1F89:LeaderElection134: Election REJECTED; received 2 response(s) [82911ef2-faee-43a5-9a1d-aeefe797784b<-521aeba6-88aa-48b7-8766-3f4d75ba2df1#0:FAIL-t3, 82911ef2-faee-43a5-9a1d-aeefe797784b<-a728ac9e-8b42-42b3-9e87-ec98a1f6c46a#0:FAIL-t3] and 0 exception(s); 82911ef2-faee-43a5-9a1d-aeefe797784b:t3, leader=null, voted=82911ef2-faee-43a5-9a1d-aeefe797784b, raftlog=82911ef2-faee-43a5-9a1d-aeefe797784b-SegmentedRaftLog:OPENED:c-1,f-1,i0, conf=-1: [521aeba6-88aa-48b7-8766-3f4d75ba2df1:192.168.34.1:36388, 82911ef2-faee-43a5-9a1d-aeefe797784b:192.168.34.1:33806, a728ac9e-8b42-42b3-9e87-ec98a1f6c46a:192.168.34.1:36002], old=null
2019-08-27 08:59:25,499 [521aeba6-88aa-48b7-8766-3f4d75ba2df1:group-9BDE53BF1F89:LeaderElection135] INFO  impl.RaftServerImpl (RaftServerImpl.java:setRole(171)) - 521aeba6-88aa-48b7-8766-3f4d75ba2df1:group-9BDE53BF1F89 changes role from CANDIDATE to FOLLOWER at term 3 for DISCOVERED_A_NEW_TERM
2019-08-27 08:59:25,499 [82911ef2-faee-43a5-9a1d-aeefe797784b:group-9BDE53BF1F89:LeaderElection134] INFO  impl.RaftServerImpl (RaftServerImpl.java:setRole(171)) - 82911ef2-faee-43a5-9a1d-aeefe797784b:group-9BDE53BF1F89 changes role from CANDIDATE to FOLLOWER at term 3 for DISCOVERED_A_NEW_TERM
2019-08-27 08:59:25,499 [521aeba6-88aa-48b7-8766-3f4d75ba2df1:group-9BDE53BF1F89:LeaderElection135] INFO  impl.RoleInfo (RoleInfo.java:shutdownLeaderElection(134)) - 521aeba6-88aa-48b7-8766-3f4d75ba2df1: shutdown LeaderElection
2019-08-27 08:59:25,500 [82911ef2-faee-43a5-9a1d-aeefe797784b:group-9BDE53BF1F89:LeaderElection134] INFO  impl.RoleInfo (RoleInfo.java:shutdownLeaderElection(134)) - 82911ef2-faee-43a5-9a1d-aeefe797784b: shutdown LeaderElection
2019-08-27 08:59:25,500 [521aeba6-88aa-48b7-8766-3f4d75ba2df1:group-9BDE53BF1F89:LeaderElection135] INFO  impl.RoleInfo (RoleInfo.java:updateAndGet(143)) - 521aeba6-88aa-48b7-8766-3f4d75ba2df1: start FollowerState
2019-08-27 08:59:25,500 [82911ef2-faee-43a5-9a1d-aeefe797784b:group-9BDE53BF1F89:LeaderElection134] INFO  impl.RoleInfo (RoleInfo.java:updateAndGet(143)) - 82911ef2-faee-43a5-9a1d-aeefe797784b: start FollowerState
2019-08-27 08:59:25,636 | INFO  | SCMAudit | user=jenkins1000 | ip=192.168.34.1 | op=SEND_HEARTBEAT {datanodeUUID=83ad8e3f-e813-4fa1-9b9c-8cd3f6d9b12a, command=[]} | ret=SUCCESS |  
2019-08-27 08:59:25,662 | INFO  | SCMAudit | user=jenkins1000 | ip=192.168.34.1 | op=SEND_HEARTBEAT {datanodeUUID=99a28adf-5289-4cdd-a512-dfcc6dd17230, command=[]} | ret=SUCCESS |  
2019-08-27 08:59:25,841 | INFO  | SCMAudit | user=jenkins1000 | ip=192.168.34.1 | op=SEND_HEARTBEAT {datanodeUUID=521aeba6-88aa-48b7-8766-3f4d75ba2df1, command=[]} | ret=SUCCESS |  
2019-08-27 08:59:25,896 | INFO  | SCMAudit | user=jenkins1000 | ip=192.168.34.1 | op=SEND_HEARTBEAT {datanodeUUID=e2fc1c3c-e5fc-4e6c-82aa-5ea8b9bf1eb5, command=[]} | ret=SUCCESS |  
2019-08-27 08:59:25,957 [java.util.concurrent.ThreadPoolExecutor$Worker@670cb2b2[State = -1, empty queue]] WARN  server.GrpcLogAppender (GrpcLogAppender.java:timeoutAppendRequest(200)) - GrpcLogAppender(4418b26a-a5e5-4792-b343-154b02de43dd->83ad8e3f-e813-4fa1-9b9c-8cd3f6d9b12a): appendEntries Timeout, request=4418b26a-a5e5-4792-b343-154b02de43dd->83ad8e3f-e813-4fa1-9b9c-8cd3f6d9b12a#15-t1, previous=(t:1, i:1), leaderCommit=0, initializing? false, entries: <empty>
2019-08-27 08:59:25,957 [java.util.concurrent.ThreadPoolExecutor$Worker@5c814b93[State = -1, empty queue]] WARN  server.GrpcLogAppender (GrpcLogAppender.java:timeoutAppendRequest(200)) - GrpcLogAppender(4418b26a-a5e5-4792-b343-154b02de43dd->e2fc1c3c-e5fc-4e6c-82aa-5ea8b9bf1eb5): appendEntries Timeout, request=4418b26a-a5e5-4792-b343-154b02de43dd->e2fc1c3c-e5fc-4e6c-82aa-5ea8b9bf1eb5#15-t1, previous=(t:1, i:1), leaderCommit=0, initializing? false, entries: <empty>
2019-08-27 08:59:26,006 | INFO  | SCMAudit | user=jenkins1000 | ip=192.168.34.1 | op=SEND_HEARTBEAT {datanodeUUID=a728ac9e-8b42-42b3-9e87-ec98a1f6c46a, command=[]} | ret=SUCCESS |  
2019-08-27 08:59:26,101 | INFO  | SCMAudit | user=jenkins1000 | ip=192.168.34.1 | op=SEND_HEARTBEAT {datanodeUUID=85153711-0b9c-43d4-b6cb-489303a056f8, command=[]} | ret=SUCCESS |  
2019-08-27 08:59:26,178 | INFO  | SCMAudit | user=jenkins1000 | ip=192.168.34.1 | op=SEND_HEARTBEAT {datanodeUUID=82911ef2-faee-43a5-9a1d-aeefe797784b, command=[]} | ret=SUCCESS |  
2019-08-27 08:59:26,276 | INFO  | SCMAudit | user=jenkins1000 | ip=192.168.34.1 | op=SEND_HEARTBEAT {datanodeUUID=bc465b15-8d97-4b40-b19d-df54ad9f54a7, command=[]} | ret=SUCCESS |  
2019-08-27 08:59:26,348 | INFO  | SCMAudit | user=jenkins1000 | ip=192.168.34.1 | op=SEND_HEARTBEAT {datanodeUUID=4418b26a-a5e5-4792-b343-154b02de43dd, command=[]} | ret=SUCCESS |  
2019-08-27 08:59:26,451 | INFO  | SCMAudit | user=jenkins1000 | ip=192.168.34.1 | op=SEND_HEARTBEAT {datanodeUUID=c23e5a6c-3b1c-4356-87ef-9558e93e4bf7, command=[]} | ret=SUCCESS |  
2019-08-27 08:59:26,457 [java.util.concurrent.ThreadPoolExecutor$Worker@5c814b93[State = -1, empty queue]] WARN  server.GrpcLogAppender (GrpcLogAppender.java:timeoutAppendRequest(200)) - GrpcLogAppender(4418b26a-a5e5-4792-b343-154b02de43dd->e2fc1c3c-e5fc-4e6c-82aa-5ea8b9bf1eb5): appendEntries Timeout, request=4418b26a-a5e5-4792-b343-154b02de43dd->e2fc1c3c-e5fc-4e6c-82aa-5ea8b9bf1eb5#16-t1, previous=(t:1, i:1), leaderCommit=0, initializing? false, entries: <empty>
2019-08-27 08:59:26,457 [java.util.concurrent.ThreadPoolExecutor$Worker@670cb2b2[State = -1, empty queue]] WARN  server.GrpcLogAppender (GrpcLogAppender.java:timeoutAppendRequest(200)) - GrpcLogAppender(4418b26a-a5e5-4792-b343-154b02de43dd->83ad8e3f-e813-4fa1-9b9c-8cd3f6d9b12a): appendEntries Timeout, request=4418b26a-a5e5-4792-b343-154b02de43dd->83ad8e3f-e813-4fa1-9b9c-8cd3f6d9b12a#16-t1, previous=(t:1, i:1), leaderCommit=0, initializing? false, entries: <empty>
2019-08-27 08:59:26,536 [Thread-3887] INFO  impl.FollowerState (FollowerState.java:run(106)) - 521aeba6-88aa-48b7-8766-3f4d75ba2df1:group-9BDE53BF1F89 changes to CANDIDATE, lastRpcTime:1035, electionTimeout:1035ms
2019-08-27 08:59:26,536 [Thread-3887] INFO  impl.RoleInfo (RoleInfo.java:shutdownFollowerState(121)) - 521aeba6-88aa-48b7-8766-3f4d75ba2df1: shutdown FollowerState
2019-08-27 08:59:26,536 [Thread-3887] INFO  impl.RaftServerImpl (RaftServerImpl.java:setRole(171)) - 521aeba6-88aa-48b7-8766-3f4d75ba2df1:group-9BDE53BF1F89 changes role from FOLLOWER to CANDIDATE at term 3 for changeToCandidate
2019-08-27 08:59:26,536 [Thread-3887] INFO  impl.RoleInfo (RoleInfo.java:updateAndGet(143)) - 521aeba6-88aa-48b7-8766-3f4d75ba2df1: start LeaderElection
2019-08-27 08:59:26,565 [Thread-3886] INFO  impl.FollowerState (FollowerState.java:run(106)) - a728ac9e-8b42-42b3-9e87-ec98a1f6c46a:group-9BDE53BF1F89 changes to CANDIDATE, lastRpcTime:1066, electionTimeout:1066ms
2019-08-27 08:59:26,565 [Thread-3886] INFO  impl.RoleInfo (RoleInfo.java:shutdownFollowerState(121)) - a728ac9e-8b42-42b3-9e87-ec98a1f6c46a: shutdown FollowerState
2019-08-27 08:59:26,565 [Thread-3886] INFO  impl.RaftServerImpl (RaftServerImpl.java:setRole(171)) - a728ac9e-8b42-42b3-9e87-ec98a1f6c46a:group-9BDE53BF1F89 changes role from FOLLOWER to CANDIDATE at term 3 for changeToCandidate
2019-08-27 08:59:26,565 [Thread-3886] INFO  impl.RoleInfo (RoleInfo.java:updateAndGet(143)) - a728ac9e-8b42-42b3-9e87-ec98a1f6c46a: start LeaderElection
2019-08-27 08:59:26,623 [Thread-3888] INFO  impl.FollowerState (FollowerState.java:run(106)) - 82911ef2-faee-43a5-9a1d-aeefe797784b:group-9BDE53BF1F89 changes to CANDIDATE, lastRpcTime:1123, electionTimeout:1123ms
2019-08-27 08:59:26,624 [Thread-3888] INFO  impl.RoleInfo (RoleInfo.java:shutdownFollowerState(121)) - 82911ef2-faee-43a5-9a1d-aeefe797784b: shutdown FollowerState
2019-08-27 08:59:26,624 [Thread-3888] INFO  impl.RaftServerImpl (RaftServerImpl.java:setRole(171)) - 82911ef2-faee-43a5-9a1d-aeefe797784b:group-9BDE53BF1F89 changes role from FOLLOWER to CANDIDATE at term 3 for changeToCandidate
2019-08-27 08:59:26,624 [Thread-3888] INFO  impl.RoleInfo (RoleInfo.java:updateAndGet(143)) - 82911ef2-faee-43a5-9a1d-aeefe797784b: start LeaderElection
2019-08-27 08:59:26,636 | INFO  | SCMAudit | user=jenkins1000 | ip=192.168.34.1 | op=SEND_HEARTBEAT {datanodeUUID=83ad8e3f-e813-4fa1-9b9c-8cd3f6d9b12a, command=[]} | ret=SUCCESS |  
2019-08-27 08:59:26,662 | INFO  | SCMAudit | user=jenkins1000 | ip=192.168.34.1 | op=SEND_HEARTBEAT {datanodeUUID=99a28adf-5289-4cdd-a512-dfcc6dd17230, command=[]} | ret=SUCCESS |  
2019-08-27 08:59:26,770 [4418b26a-a5e5-4792-b343-154b02de43dd-SegmentedRaftLogWorker:Storage Directory /workdir/hadoop-ozone/integration-test/target/test-dir/MiniOzoneClusterImpl-5fa0230b-2e3b-4574-a1d1-aab0eaf0b74a/datanode-9/data/ratis/48182f6a-c132-4916-82ba-fd56a270c3ee] WARN  segmented.SegmentedRaftLogWorker (SegmentedRaftLogWorker.java:getFromFuture(90)) - Timeout 0/~
org.apache.ratis.protocol.TimeoutIOException: Timeout 10s: WriteLog:1: (t:1, i:1), STATEMACHINELOGENTRY, client-86439C56C7EB, cid=121-writeStateMachineData
	at org.apache.ratis.util.IOUtils.getFromFuture(IOUtils.java:87)
	at org.apache.ratis.server.raftlog.segmented.SegmentedRaftLogWorker$StateMachineDataPolicy.getFromFuture(SegmentedRaftLogWorker.java:87)
	at org.apache.ratis.server.raftlog.segmented.SegmentedRaftLogWorker$WriteLog.execute(SegmentedRaftLogWorker.java:477)
	at org.apache.ratis.server.raftlog.segmented.SegmentedRaftLogWorker.run(SegmentedRaftLogWorker.java:289)
	at java.lang.Thread.run(Thread.java:748)
Caused by: java.util.concurrent.TimeoutException
	at java.util.concurrent.CompletableFuture.timedGet(CompletableFuture.java:1771)
	at java.util.concurrent.CompletableFuture.get(CompletableFuture.java:1915)
	at org.apache.ratis.util.IOUtils.getFromFuture(IOUtils.java:79)
	... 4 more
2019-08-27 08:59:26,838 [grpc-default-executor-10] INFO  client.GrpcClientProtocolClient (GrpcClientProtocolClient.java:onNext(255)) - client-86439C56C7EB->e2fc1c3c-e5fc-4e6c-82aa-5ea8b9bf1eb5: receive RaftClientReply:client-86439C56C7EB->e2fc1c3c-e5fc-4e6c-82aa-5ea8b9bf1eb5@group-FD56A270C3EE, cid=121, FAILED org.apache.ratis.protocol.NotLeaderException: Server e2fc1c3c-e5fc-4e6c-82aa-5ea8b9bf1eb5 is not the leader (4418b26a-a5e5-4792-b343-154b02de43dd:192.168.34.1:34061). Request must be sent to leader., logIndex=0, commits[e2fc1c3c-e5fc-4e6c-82aa-5ea8b9bf1eb5:c-1, 4418b26a-a5e5-4792-b343-154b02de43dd:c0, 83ad8e3f-e813-4fa1-9b9c-8cd3f6d9b12a:c-1]
2019-08-27 08:59:26,858 | INFO  | SCMAudit | user=jenkins1000 | ip=192.168.34.1 | op=SEND_HEARTBEAT {datanodeUUID=521aeba6-88aa-48b7-8766-3f4d75ba2df1, command=[]} | ret=SUCCESS |  
2019-08-27 08:59:26,897 | INFO  | SCMAudit | user=jenkins1000 | ip=192.168.34.1 | op=SEND_HEARTBEAT {datanodeUUID=e2fc1c3c-e5fc-4e6c-82aa-5ea8b9bf1eb5, command=[]} | ret=SUCCESS |  
2019-08-27 08:59:26,957 [java.util.concurrent.ThreadPoolExecutor$Worker@5c814b93[State = -1, empty queue]] WARN  server.GrpcLogAppender (GrpcLogAppender.java:timeoutAppendRequest(200)) - GrpcLogAppender(4418b26a-a5e5-4792-b343-154b02de43dd->e2fc1c3c-e5fc-4e6c-82aa-5ea8b9bf1eb5): appendEntries Timeout, request=4418b26a-a5e5-4792-b343-154b02de43dd->e2fc1c3c-e5fc-4e6c-82aa-5ea8b9bf1eb5#17-t1, previous=(t:1, i:1), leaderCommit=0, initializing? false, entries: <empty>
2019-08-27 08:59:26,957 [java.util.concurrent.ThreadPoolExecutor$Worker@670cb2b2[State = -1, empty queue]] WARN  server.GrpcLogAppender (GrpcLogAppender.java:timeoutAppendRequest(200)) - GrpcLogAppender(4418b26a-a5e5-4792-b343-154b02de43dd->83ad8e3f-e813-4fa1-9b9c-8cd3f6d9b12a): appendEntries Timeout, request=4418b26a-a5e5-4792-b343-154b02de43dd->83ad8e3f-e813-4fa1-9b9c-8cd3f6d9b12a#17-t1, previous=(t:1, i:1), leaderCommit=0, initializing? false, entries: <empty>
2019-08-27 08:59:27,007 | INFO  | SCMAudit | user=jenkins1000 | ip=192.168.34.1 | op=SEND_HEARTBEAT {datanodeUUID=a728ac9e-8b42-42b3-9e87-ec98a1f6c46a, command=[]} | ret=SUCCESS |  
2019-08-27 08:59:27,101 | INFO  | SCMAudit | user=jenkins1000 | ip=192.168.34.1 | op=SEND_HEARTBEAT {datanodeUUID=85153711-0b9c-43d4-b6cb-489303a056f8, command=[]} | ret=SUCCESS |  
2019-08-27 08:59:27,177 | INFO  | SCMAudit | user=jenkins1000 | ip=192.168.34.1 | op=SEND_HEARTBEAT {datanodeUUID=82911ef2-faee-43a5-9a1d-aeefe797784b, command=[]} | ret=SUCCESS |  
2019-08-27 08:59:27,275 | INFO  | SCMAudit | user=jenkins1000 | ip=192.168.34.1 | op=SEND_HEARTBEAT {datanodeUUID=bc465b15-8d97-4b40-b19d-df54ad9f54a7, command=[]} | ret=SUCCESS |  
2019-08-27 08:59:27,349 | INFO  | SCMAudit | user=jenkins1000 | ip=192.168.34.1 | op=SEND_HEARTBEAT {datanodeUUID=4418b26a-a5e5-4792-b343-154b02de43dd, command=[]} | ret=SUCCESS |  
2019-08-27 08:59:27,451 | INFO  | SCMAudit | user=jenkins1000 | ip=192.168.34.1 | op=SEND_HEARTBEAT {datanodeUUID=c23e5a6c-3b1c-4356-87ef-9558e93e4bf7, command=[]} | ret=SUCCESS |  
2019-08-27 08:59:27,458 [java.util.concurrent.ThreadPoolExecutor$Worker@5c814b93[State = -1, empty queue]] WARN  server.GrpcLogAppender (GrpcLogAppender.java:timeoutAppendRequest(200)) - GrpcLogAppender(4418b26a-a5e5-4792-b343-154b02de43dd->e2fc1c3c-e5fc-4e6c-82aa-5ea8b9bf1eb5): appendEntries Timeout, request=4418b26a-a5e5-4792-b343-154b02de43dd->e2fc1c3c-e5fc-4e6c-82aa-5ea8b9bf1eb5#18-t1, previous=(t:1, i:1), leaderCommit=0, initializing? false, entries: <empty>
2019-08-27 08:59:27,458 [java.util.concurrent.ThreadPoolExecutor$Worker@670cb2b2[State = -1, empty queue]] WARN  server.GrpcLogAppender (GrpcLogAppender.java:timeoutAppendRequest(200)) - GrpcLogAppender(4418b26a-a5e5-4792-b343-154b02de43dd->83ad8e3f-e813-4fa1-9b9c-8cd3f6d9b12a): appendEntries Timeout, request=4418b26a-a5e5-4792-b343-154b02de43dd->83ad8e3f-e813-4fa1-9b9c-8cd3f6d9b12a#18-t1, previous=(t:1, i:1), leaderCommit=0, initializing? false, entries: <empty>
2019-08-27 08:59:27,636 | INFO  | SCMAudit | user=jenkins1000 | ip=192.168.34.1 | op=SEND_HEARTBEAT {datanodeUUID=83ad8e3f-e813-4fa1-9b9c-8cd3f6d9b12a, command=[]} | ret=SUCCESS |  
2019-08-27 08:59:27,662 | INFO  | SCMAudit | user=jenkins1000 | ip=192.168.34.1 | op=SEND_HEARTBEAT {datanodeUUID=99a28adf-5289-4cdd-a512-dfcc6dd17230, command=[]} | ret=SUCCESS |  
2019-08-27 08:59:27,857 | INFO  | SCMAudit | user=jenkins1000 | ip=192.168.34.1 | op=SEND_HEARTBEAT {datanodeUUID=521aeba6-88aa-48b7-8766-3f4d75ba2df1, command=[]} | ret=SUCCESS |  
2019-08-27 08:59:27,898 | INFO  | SCMAudit | user=jenkins1000 | ip=192.168.34.1 | op=SEND_HEARTBEAT {datanodeUUID=e2fc1c3c-e5fc-4e6c-82aa-5ea8b9bf1eb5, command=[]} | ret=SUCCESS |  
2019-08-27 08:59:27,954 [e2fc1c3c-e5fc-4e6c-82aa-5ea8b9bf1eb5-SegmentedRaftLogWorker:Storage Directory /workdir/hadoop-ozone/integration-test/target/test-dir/MiniOzoneClusterImpl-5fa0230b-2e3b-4574-a1d1-aab0eaf0b74a/datanode-1/data/ratis/48182f6a-c132-4916-82ba-fd56a270c3ee] WARN  segmented.SegmentedRaftLogWorker (SegmentedRaftLogWorker.java:getFromFuture(90)) - Timeout 0/~
org.apache.ratis.protocol.TimeoutIOException: Timeout 10s: WriteLog:1: (t:1, i:1), STATEMACHINELOGENTRY, client-86439C56C7EB, cid=121-writeStateMachineData
	at org.apache.ratis.util.IOUtils.getFromFuture(IOUtils.java:87)
	at org.apache.ratis.server.raftlog.segmented.SegmentedRaftLogWorker$StateMachineDataPolicy.getFromFuture(SegmentedRaftLogWorker.java:87)
	at org.apache.ratis.server.raftlog.segmented.SegmentedRaftLogWorker$WriteLog.execute(SegmentedRaftLogWorker.java:477)
	at org.apache.ratis.server.raftlog.segmented.SegmentedRaftLogWorker.run(SegmentedRaftLogWorker.java:289)
	at java.lang.Thread.run(Thread.java:748)
Caused by: java.util.concurrent.TimeoutException
	at java.util.concurrent.CompletableFuture.timedGet(CompletableFuture.java:1771)
	at java.util.concurrent.CompletableFuture.get(CompletableFuture.java:1915)
	at org.apache.ratis.util.IOUtils.getFromFuture(IOUtils.java:79)
	... 4 more
2019-08-27 08:59:27,954 [83ad8e3f-e813-4fa1-9b9c-8cd3f6d9b12a-SegmentedRaftLogWorker:Storage Directory /workdir/hadoop-ozone/integration-test/target/test-dir/MiniOzoneClusterImpl-5fa0230b-2e3b-4574-a1d1-aab0eaf0b74a/datanode-0/data/ratis/48182f6a-c132-4916-82ba-fd56a270c3ee] WARN  segmented.SegmentedRaftLogWorker (SegmentedRaftLogWorker.java:getFromFuture(90)) - Timeout 0/~
org.apache.ratis.protocol.TimeoutIOException: Timeout 10s: WriteLog:1: (t:1, i:1), STATEMACHINELOGENTRY, client-86439C56C7EB, cid=121-writeStateMachineData
	at org.apache.ratis.util.IOUtils.getFromFuture(IOUtils.java:87)
	at org.apache.ratis.server.raftlog.segmented.SegmentedRaftLogWorker$StateMachineDataPolicy.getFromFuture(SegmentedRaftLogWorker.java:87)
	at org.apache.ratis.server.raftlog.segmented.SegmentedRaftLogWorker$WriteLog.execute(SegmentedRaftLogWorker.java:477)
	at org.apache.ratis.server.raftlog.segmented.SegmentedRaftLogWorker.run(SegmentedRaftLogWorker.java:289)
	at java.lang.Thread.run(Thread.java:748)
Caused by: java.util.concurrent.TimeoutException
	at java.util.concurrent.CompletableFuture.timedGet(CompletableFuture.java:1771)
	at java.util.concurrent.CompletableFuture.get(CompletableFuture.java:1915)
	at org.apache.ratis.util.IOUtils.getFromFuture(IOUtils.java:79)
	... 4 more
2019-08-27 08:59:27,958 [java.util.concurrent.ThreadPoolExecutor$Worker@5c814b93[State = -1, empty queue]] WARN  server.GrpcLogAppender (GrpcLogAppender.java:timeoutAppendRequest(200)) - GrpcLogAppender(4418b26a-a5e5-4792-b343-154b02de43dd->e2fc1c3c-e5fc-4e6c-82aa-5ea8b9bf1eb5): appendEntries Timeout, request=4418b26a-a5e5-4792-b343-154b02de43dd->e2fc1c3c-e5fc-4e6c-82aa-5ea8b9bf1eb5#19-t1, previous=(t:1, i:1), leaderCommit=0, initializing? false, entries: <empty>
2019-08-27 08:59:27,958 [java.util.concurrent.ThreadPoolExecutor$Worker@670cb2b2[State = -1, empty queue]] WARN  server.GrpcLogAppender (GrpcLogAppender.java:timeoutAppendRequest(200)) - GrpcLogAppender(4418b26a-a5e5-4792-b343-154b02de43dd->83ad8e3f-e813-4fa1-9b9c-8cd3f6d9b12a): appendEntries Timeout, request=4418b26a-a5e5-4792-b343-154b02de43dd->83ad8e3f-e813-4fa1-9b9c-8cd3f6d9b12a#19-t1, previous=(t:1, i:1), leaderCommit=0, initializing? false, entries: <empty>
2019-08-27 08:59:28,006 | INFO  | SCMAudit | user=jenkins1000 | ip=192.168.34.1 | op=SEND_HEARTBEAT {datanodeUUID=a728ac9e-8b42-42b3-9e87-ec98a1f6c46a, command=[]} | ret=SUCCESS |  
2019-08-27 08:59:28,101 | INFO  | SCMAudit | user=jenkins1000 | ip=192.168.34.1 | op=SEND_HEARTBEAT {datanodeUUID=85153711-0b9c-43d4-b6cb-489303a056f8, command=[]} | ret=SUCCESS |  
2019-08-27 08:59:28,177 | INFO  | SCMAudit | user=jenkins1000 | ip=192.168.34.1 | op=SEND_HEARTBEAT {datanodeUUID=82911ef2-faee-43a5-9a1d-aeefe797784b, command=[]} | ret=SUCCESS |  
2019-08-27 08:59:28,275 | INFO  | SCMAudit | user=jenkins1000 | ip=192.168.34.1 | op=SEND_HEARTBEAT {datanodeUUID=bc465b15-8d97-4b40-b19d-df54ad9f54a7, command=[]} | ret=SUCCESS |  
2019-08-27 08:59:28,349 | INFO  | SCMAudit | user=jenkins1000 | ip=192.168.34.1 | op=SEND_HEARTBEAT {datanodeUUID=4418b26a-a5e5-4792-b343-154b02de43dd, command=[]} | ret=SUCCESS |  
2019-08-27 08:59:28,451 | INFO  | SCMAudit | user=jenkins1000 | ip=192.168.34.1 | op=SEND_HEARTBEAT {datanodeUUID=c23e5a6c-3b1c-4356-87ef-9558e93e4bf7, command=[]} | ret=SUCCESS |  
2019-08-27 08:59:28,458 [java.util.concurrent.ThreadPoolExecutor$Worker@5c814b93[State = -1, empty queue]] WARN  server.GrpcLogAppender (GrpcLogAppender.java:timeoutAppendRequest(200)) - GrpcLogAppender(4418b26a-a5e5-4792-b343-154b02de43dd->e2fc1c3c-e5fc-4e6c-82aa-5ea8b9bf1eb5): appendEntries Timeout, request=4418b26a-a5e5-4792-b343-154b02de43dd->e2fc1c3c-e5fc-4e6c-82aa-5ea8b9bf1eb5#20-t1, previous=(t:1, i:1), leaderCommit=0, initializing? false, entries: <empty>
2019-08-27 08:59:28,458 [java.util.concurrent.ThreadPoolExecutor$Worker@670cb2b2[State = -1, empty queue]] WARN  server.GrpcLogAppender (GrpcLogAppender.java:timeoutAppendRequest(200)) - GrpcLogAppender(4418b26a-a5e5-4792-b343-154b02de43dd->83ad8e3f-e813-4fa1-9b9c-8cd3f6d9b12a): appendEntries Timeout, request=4418b26a-a5e5-4792-b343-154b02de43dd->83ad8e3f-e813-4fa1-9b9c-8cd3f6d9b12a#20-t1, previous=(t:1, i:1), leaderCommit=0, initializing? false, entries: <empty>
2019-08-27 08:59:28,636 | INFO  | SCMAudit | user=jenkins1000 | ip=192.168.34.1 | op=SEND_HEARTBEAT {datanodeUUID=83ad8e3f-e813-4fa1-9b9c-8cd3f6d9b12a, command=[]} | ret=SUCCESS |  
2019-08-27 08:59:28,661 | INFO  | SCMAudit | user=jenkins1000 | ip=192.168.34.1 | op=SEND_HEARTBEAT {datanodeUUID=99a28adf-5289-4cdd-a512-dfcc6dd17230, command=[]} | ret=SUCCESS |  
2019-08-27 08:59:28,856 | INFO  | SCMAudit | user=jenkins1000 | ip=192.168.34.1 | op=SEND_HEARTBEAT {datanodeUUID=521aeba6-88aa-48b7-8766-3f4d75ba2df1, command=[]} | ret=SUCCESS |  
2019-08-27 08:59:28,899 | INFO  | SCMAudit | user=jenkins1000 | ip=192.168.34.1 | op=SEND_HEARTBEAT {datanodeUUID=e2fc1c3c-e5fc-4e6c-82aa-5ea8b9bf1eb5, command=[]} | ret=SUCCESS |  
2019-08-27 08:59:28,958 [java.util.concurrent.ThreadPoolExecutor$Worker@5c814b93[State = -1, empty queue]] WARN  server.GrpcLogAppender (GrpcLogAppender.java:timeoutAppendRequest(200)) - GrpcLogAppender(4418b26a-a5e5-4792-b343-154b02de43dd->e2fc1c3c-e5fc-4e6c-82aa-5ea8b9bf1eb5): appendEntries Timeout, request=4418b26a-a5e5-4792-b343-154b02de43dd->e2fc1c3c-e5fc-4e6c-82aa-5ea8b9bf1eb5#21-t1, previous=(t:1, i:1), leaderCommit=0, initializing? false, entries: <empty>
2019-08-27 08:59:28,959 [java.util.concurrent.ThreadPoolExecutor$Worker@670cb2b2[State = -1, empty queue]] WARN  server.GrpcLogAppender (GrpcLogAppender.java:timeoutAppendRequest(200)) - GrpcLogAppender(4418b26a-a5e5-4792-b343-154b02de43dd->83ad8e3f-e813-4fa1-9b9c-8cd3f6d9b12a): appendEntries Timeout, request=4418b26a-a5e5-4792-b343-154b02de43dd->83ad8e3f-e813-4fa1-9b9c-8cd3f6d9b12a#21-t1, previous=(t:1, i:1), leaderCommit=0, initializing? false, entries: <empty>
2019-08-27 08:59:29,006 | INFO  | SCMAudit | user=jenkins1000 | ip=192.168.34.1 | op=SEND_HEARTBEAT {datanodeUUID=a728ac9e-8b42-42b3-9e87-ec98a1f6c46a, command=[]} | ret=SUCCESS |  
2019-08-27 08:59:29,102 | INFO  | SCMAudit | user=jenkins1000 | ip=192.168.34.1 | op=SEND_HEARTBEAT {datanodeUUID=85153711-0b9c-43d4-b6cb-489303a056f8, command=[]} | ret=SUCCESS |  
2019-08-27 08:59:29,177 | INFO  | SCMAudit | user=jenkins1000 | ip=192.168.34.1 | op=SEND_HEARTBEAT {datanodeUUID=82911ef2-faee-43a5-9a1d-aeefe797784b, command=[]} | ret=SUCCESS |  
2019-08-27 08:59:29,276 | INFO  | SCMAudit | user=jenkins1000 | ip=192.168.34.1 | op=SEND_HEARTBEAT {datanodeUUID=bc465b15-8d97-4b40-b19d-df54ad9f54a7, command=[]} | ret=SUCCESS |  
2019-08-27 08:59:29,349 | INFO  | SCMAudit | user=jenkins1000 | ip=192.168.34.1 | op=SEND_HEARTBEAT {datanodeUUID=4418b26a-a5e5-4792-b343-154b02de43dd, command=[]} | ret=SUCCESS |  
2019-08-27 08:59:29,451 | INFO  | SCMAudit | user=jenkins1000 | ip=192.168.34.1 | op=SEND_HEARTBEAT {datanodeUUID=c23e5a6c-3b1c-4356-87ef-9558e93e4bf7, command=[]} | ret=SUCCESS |  
2019-08-27 08:59:29,459 [java.util.concurrent.ThreadPoolExecutor$Worker@5c814b93[State = -1, empty queue]] WARN  server.GrpcLogAppender (GrpcLogAppender.java:timeoutAppendRequest(200)) - GrpcLogAppender(4418b26a-a5e5-4792-b343-154b02de43dd->e2fc1c3c-e5fc-4e6c-82aa-5ea8b9bf1eb5): appendEntries Timeout, request=4418b26a-a5e5-4792-b343-154b02de43dd->e2fc1c3c-e5fc-4e6c-82aa-5ea8b9bf1eb5#22-t1, previous=(t:1, i:1), leaderCommit=0, initializing? false, entries: <empty>
2019-08-27 08:59:29,459 [java.util.concurrent.ThreadPoolExecutor$Worker@670cb2b2[State = -1, empty queue]] WARN  server.GrpcLogAppender (GrpcLogAppender.java:timeoutAppendRequest(200)) - GrpcLogAppender(4418b26a-a5e5-4792-b343-154b02de43dd->83ad8e3f-e813-4fa1-9b9c-8cd3f6d9b12a): appendEntries Timeout, request=4418b26a-a5e5-4792-b343-154b02de43dd->83ad8e3f-e813-4fa1-9b9c-8cd3f6d9b12a#22-t1, previous=(t:1, i:1), leaderCommit=0, initializing? false, entries: <empty>
2019-08-27 08:59:29,636 | INFO  | SCMAudit | user=jenkins1000 | ip=192.168.34.1 | op=SEND_HEARTBEAT {datanodeUUID=83ad8e3f-e813-4fa1-9b9c-8cd3f6d9b12a, command=[]} | ret=SUCCESS |  
2019-08-27 08:59:29,661 | INFO  | SCMAudit | user=jenkins1000 | ip=192.168.34.1 | op=SEND_HEARTBEAT {datanodeUUID=99a28adf-5289-4cdd-a512-dfcc6dd17230, command=[]} | ret=SUCCESS |  
2019-08-27 08:59:29,856 | INFO  | SCMAudit | user=jenkins1000 | ip=192.168.34.1 | op=SEND_HEARTBEAT {datanodeUUID=521aeba6-88aa-48b7-8766-3f4d75ba2df1, command=[]} | ret=SUCCESS |  
2019-08-27 08:59:29,899 | INFO  | SCMAudit | user=jenkins1000 | ip=192.168.34.1 | op=SEND_HEARTBEAT {datanodeUUID=e2fc1c3c-e5fc-4e6c-82aa-5ea8b9bf1eb5, command=[]} | ret=SUCCESS |  
2019-08-27 08:59:29,959 [java.util.concurrent.ThreadPoolExecutor$Worker@5c814b93[State = -1, empty queue]] WARN  server.GrpcLogAppender (GrpcLogAppender.java:timeoutAppendRequest(200)) - GrpcLogAppender(4418b26a-a5e5-4792-b343-154b02de43dd->e2fc1c3c-e5fc-4e6c-82aa-5ea8b9bf1eb5): appendEntries Timeout, request=4418b26a-a5e5-4792-b343-154b02de43dd->e2fc1c3c-e5fc-4e6c-82aa-5ea8b9bf1eb5#23-t1, previous=(t:1, i:1), leaderCommit=0, initializing? false, entries: <empty>
2019-08-27 08:59:29,959 [java.util.concurrent.ThreadPoolExecutor$Worker@670cb2b2[State = -1, empty queue]] WARN  server.GrpcLogAppender (GrpcLogAppender.java:timeoutAppendRequest(200)) - GrpcLogAppender(4418b26a-a5e5-4792-b343-154b02de43dd->83ad8e3f-e813-4fa1-9b9c-8cd3f6d9b12a): appendEntries Timeout, request=4418b26a-a5e5-4792-b343-154b02de43dd->83ad8e3f-e813-4fa1-9b9c-8cd3f6d9b12a#23-t1, previous=(t:1, i:1), leaderCommit=0, initializing? false, entries: <empty>
2019-08-27 08:59:30,006 | INFO  | SCMAudit | user=jenkins1000 | ip=192.168.34.1 | op=SEND_HEARTBEAT {datanodeUUID=a728ac9e-8b42-42b3-9e87-ec98a1f6c46a, command=[]} | ret=SUCCESS |  
2019-08-27 08:59:30,102 | INFO  | SCMAudit | user=jenkins1000 | ip=192.168.34.1 | op=SEND_HEARTBEAT {datanodeUUID=85153711-0b9c-43d4-b6cb-489303a056f8, command=[]} | ret=SUCCESS |  
2019-08-27 08:59:30,177 | INFO  | SCMAudit | user=jenkins1000 | ip=192.168.34.1 | op=SEND_HEARTBEAT {datanodeUUID=82911ef2-faee-43a5-9a1d-aeefe797784b, command=[]} | ret=SUCCESS |  
2019-08-27 08:59:30,275 | INFO  | SCMAudit | user=jenkins1000 | ip=192.168.34.1 | op=SEND_HEARTBEAT {datanodeUUID=bc465b15-8d97-4b40-b19d-df54ad9f54a7, command=[]} | ret=SUCCESS |  
2019-08-27 08:59:30,349 | INFO  | SCMAudit | user=jenkins1000 | ip=192.168.34.1 | op=SEND_HEARTBEAT {datanodeUUID=4418b26a-a5e5-4792-b343-154b02de43dd, command=[]} | ret=SUCCESS |  
2019-08-27 08:59:30,451 | INFO  | SCMAudit | user=jenkins1000 | ip=192.168.34.1 | op=SEND_HEARTBEAT {datanodeUUID=c23e5a6c-3b1c-4356-87ef-9558e93e4bf7, command=[]} | ret=SUCCESS |  
2019-08-27 08:59:30,459 [java.util.concurrent.ThreadPoolExecutor$Worker@5c814b93[State = -1, empty queue]] WARN  server.GrpcLogAppender (GrpcLogAppender.java:timeoutAppendRequest(200)) - GrpcLogAppender(4418b26a-a5e5-4792-b343-154b02de43dd->e2fc1c3c-e5fc-4e6c-82aa-5ea8b9bf1eb5): appendEntries Timeout, request=4418b26a-a5e5-4792-b343-154b02de43dd->e2fc1c3c-e5fc-4e6c-82aa-5ea8b9bf1eb5#24-t1, previous=(t:1, i:1), leaderCommit=0, initializing? false, entries: <empty>
2019-08-27 08:59:30,459 [java.util.concurrent.ThreadPoolExecutor$Worker@670cb2b2[State = -1, empty queue]] WARN  server.GrpcLogAppender (GrpcLogAppender.java:timeoutAppendRequest(200)) - GrpcLogAppender(4418b26a-a5e5-4792-b343-154b02de43dd->83ad8e3f-e813-4fa1-9b9c-8cd3f6d9b12a): appendEntries Timeout, request=4418b26a-a5e5-4792-b343-154b02de43dd->83ad8e3f-e813-4fa1-9b9c-8cd3f6d9b12a#24-t1, previous=(t:1, i:1), leaderCommit=0, initializing? false, entries: <empty>
2019-08-27 08:59:30,636 | INFO  | SCMAudit | user=jenkins1000 | ip=192.168.34.1 | op=SEND_HEARTBEAT {datanodeUUID=83ad8e3f-e813-4fa1-9b9c-8cd3f6d9b12a, command=[]} | ret=SUCCESS |  
2019-08-27 08:59:30,661 | INFO  | SCMAudit | user=jenkins1000 | ip=192.168.34.1 | op=SEND_HEARTBEAT {datanodeUUID=99a28adf-5289-4cdd-a512-dfcc6dd17230, command=[]} | ret=SUCCESS |  
2019-08-27 08:59:30,856 | INFO  | SCMAudit | user=jenkins1000 | ip=192.168.34.1 | op=SEND_HEARTBEAT {datanodeUUID=521aeba6-88aa-48b7-8766-3f4d75ba2df1, command=[]} | ret=SUCCESS |  
2019-08-27 08:59:30,901 [main] WARN  io.KeyOutputStream (KeyOutputStream.java:handleException(276)) - Encountered exception java.io.IOException: Unexpected Storage Container Exception: java.util.concurrent.CompletionException: java.util.concurrent.CompletionException: org.apache.ratis.protocol.RaftRetryFailureException: Failed RaftClientRequest:client-86439C56C7EB->4418b26a-a5e5-4792-b343-154b02de43dd@group-FD56A270C3EE, cid=121, seq=1*, RW, org.apache.hadoop.hdds.scm.XceiverClientRatis$$Lambda$368/1496102000@2ccc2ae4 for 10 attempts with RetryLimited(maxAttempts=10, sleepTime=1000ms) on the pipeline Pipeline[ Id: 48182f6a-c132-4916-82ba-fd56a270c3ee, Nodes: e2fc1c3c-e5fc-4e6c-82aa-5ea8b9bf1eb5{ip: 192.168.34.1, host: trunk-nightly-adhoc-20190827-ds46k-2366760622, networkLocation: /rack1, certSerialId: null}83ad8e3f-e813-4fa1-9b9c-8cd3f6d9b12a{ip: 192.168.34.1, host: trunk-nightly-adhoc-20190827-ds46k-2366760622, networkLocation: /rack1, certSerialId: null}4418b26a-a5e5-4792-b343-154b02de43dd{ip: 192.168.34.1, host: trunk-nightly-adhoc-20190827-ds46k-2366760622, networkLocation: /rack1, certSerialId: null}, Type:RATIS, Factor:THREE, State:OPEN]. The last committed block length is 0, uncommitted data length is 1048576 retry count 0
2019-08-27 08:59:30,901 | INFO  | SCMAudit | user=jenkins1000 | ip=192.168.34.1 | op=SEND_HEARTBEAT {datanodeUUID=e2fc1c3c-e5fc-4e6c-82aa-5ea8b9bf1eb5, command=[]} | ret=SUCCESS |  
2019-08-27 08:59:30,933 | INFO  | SCMAudit | user=jenkins1000 | ip=192.168.34.1 | op=ALLOCATE_BLOCK {owner=39398ba2-cf8b-4809-9d48-c88bbbfd1746, size=4194304, type=RATIS, factor=THREE} | ret=SUCCESS |  
2019-08-27 08:59:30,934 | INFO  | OMAudit | user=jenkins1000 | ip=127.0.0.1 | op=ALLOCATE_BLOCK {volume=datanodefailurehandlingtest, bucket=datanodefailurehandlingtest, key=043a6a6d-902d-4d4c-a3d7-5d3f2258509c, dataSize=0, replicationType=null, replicationFactor=null, keyLocationInfo=null, clientID=102688119553458188} | ret=SUCCESS |  
2019-08-27 08:59:30,958 [grpc-default-executor-10] INFO  client.GrpcClientProtocolClient (GrpcClientProtocolClient.java:onNext(255)) - client-BD42B13CD7B7->521aeba6-88aa-48b7-8766-3f4d75ba2df1: receive RaftClientReply:client-BD42B13CD7B7->521aeba6-88aa-48b7-8766-3f4d75ba2df1@group-9BDE53BF1F89, cid=123, FAILED org.apache.ratis.protocol.NotLeaderException: Server 521aeba6-88aa-48b7-8766-3f4d75ba2df1 is not the leader (null). Request must be sent to leader., logIndex=0, commits[521aeba6-88aa-48b7-8766-3f4d75ba2df1:c-1]
2019-08-27 08:59:30,963 [java.util.concurrent.ThreadPoolExecutor$Worker@5c814b93[State = -1, empty queue]] WARN  server.GrpcLogAppender (GrpcLogAppender.java:timeoutAppendRequest(200)) - GrpcLogAppender(4418b26a-a5e5-4792-b343-154b02de43dd->e2fc1c3c-e5fc-4e6c-82aa-5ea8b9bf1eb5): appendEntries Timeout, request=4418b26a-a5e5-4792-b343-154b02de43dd->e2fc1c3c-e5fc-4e6c-82aa-5ea8b9bf1eb5#25-t1, previous=(t:1, i:1), leaderCommit=0, initializing? false, entries: <empty>
2019-08-27 08:59:30,963 [java.util.concurrent.ThreadPoolExecutor$Worker@670cb2b2[State = -1, empty queue]] WARN  server.GrpcLogAppender (GrpcLogAppender.java:timeoutAppendRequest(200)) - GrpcLogAppender(4418b26a-a5e5-4792-b343-154b02de43dd->83ad8e3f-e813-4fa1-9b9c-8cd3f6d9b12a): appendEntries Timeout, request=4418b26a-a5e5-4792-b343-154b02de43dd->83ad8e3f-e813-4fa1-9b9c-8cd3f6d9b12a#25-t1, previous=(t:1, i:1), leaderCommit=0, initializing? false, entries: <empty>
2019-08-27 08:59:31,006 | INFO  | SCMAudit | user=jenkins1000 | ip=192.168.34.1 | op=SEND_HEARTBEAT {datanodeUUID=a728ac9e-8b42-42b3-9e87-ec98a1f6c46a, command=[]} | ret=SUCCESS |  
2019-08-27 08:59:31,103 | INFO  | SCMAudit | user=jenkins1000 | ip=192.168.34.1 | op=SEND_HEARTBEAT {datanodeUUID=85153711-0b9c-43d4-b6cb-489303a056f8, command=[]} | ret=SUCCESS |  
2019-08-27 08:59:31,177 | INFO  | SCMAudit | user=jenkins1000 | ip=192.168.34.1 | op=SEND_HEARTBEAT {datanodeUUID=82911ef2-faee-43a5-9a1d-aeefe797784b, command=[]} | ret=SUCCESS |  
2019-08-27 08:59:31,275 | INFO  | SCMAudit | user=jenkins1000 | ip=192.168.34.1 | op=SEND_HEARTBEAT {datanodeUUID=bc465b15-8d97-4b40-b19d-df54ad9f54a7, command=[]} | ret=SUCCESS |  
2019-08-27 08:59:31,349 | INFO  | SCMAudit | user=jenkins1000 | ip=192.168.34.1 | op=SEND_HEARTBEAT {datanodeUUID=4418b26a-a5e5-4792-b343-154b02de43dd, command=[]} | ret=SUCCESS |  
2019-08-27 08:59:31,451 | INFO  | SCMAudit | user=jenkins1000 | ip=192.168.34.1 | op=SEND_HEARTBEAT {datanodeUUID=c23e5a6c-3b1c-4356-87ef-9558e93e4bf7, command=[]} | ret=SUCCESS |  
2019-08-27 08:59:31,460 [java.util.concurrent.ThreadPoolExecutor$Worker@5c814b93[State = -1, empty queue]] WARN  server.GrpcLogAppender (GrpcLogAppender.java:timeoutAppendRequest(200)) - GrpcLogAppender(4418b26a-a5e5-4792-b343-154b02de43dd->e2fc1c3c-e5fc-4e6c-82aa-5ea8b9bf1eb5): appendEntries Timeout, request=4418b26a-a5e5-4792-b343-154b02de43dd->e2fc1c3c-e5fc-4e6c-82aa-5ea8b9bf1eb5#26-t1, previous=(t:1, i:1), leaderCommit=0, initializing? false, entries: <empty>
2019-08-27 08:59:31,460 [java.util.concurrent.ThreadPoolExecutor$Worker@670cb2b2[State = -1, empty queue]] WARN  server.GrpcLogAppender (GrpcLogAppender.java:timeoutAppendRequest(200)) - GrpcLogAppender(4418b26a-a5e5-4792-b343-154b02de43dd->83ad8e3f-e813-4fa1-9b9c-8cd3f6d9b12a): appendEntries Timeout, request=4418b26a-a5e5-4792-b343-154b02de43dd->83ad8e3f-e813-4fa1-9b9c-8cd3f6d9b12a#26-t1, previous=(t:1, i:1), leaderCommit=0, initializing? false, entries: <empty>
2019-08-27 08:59:31,636 | INFO  | SCMAudit | user=jenkins1000 | ip=192.168.34.1 | op=SEND_HEARTBEAT {datanodeUUID=83ad8e3f-e813-4fa1-9b9c-8cd3f6d9b12a, command=[]} | ret=SUCCESS |  
2019-08-27 08:59:31,661 | INFO  | SCMAudit | user=jenkins1000 | ip=192.168.34.1 | op=SEND_HEARTBEAT {datanodeUUID=99a28adf-5289-4cdd-a512-dfcc6dd17230, command=[]} | ret=SUCCESS |  
2019-08-27 08:59:31,856 | INFO  | SCMAudit | user=jenkins1000 | ip=192.168.34.1 | op=SEND_HEARTBEAT {datanodeUUID=521aeba6-88aa-48b7-8766-3f4d75ba2df1, command=[]} | ret=SUCCESS |  
2019-08-27 08:59:31,901 | INFO  | SCMAudit | user=jenkins1000 | ip=192.168.34.1 | op=SEND_HEARTBEAT {datanodeUUID=e2fc1c3c-e5fc-4e6c-82aa-5ea8b9bf1eb5, command=[]} | ret=SUCCESS |  
2019-08-27 08:59:31,960 [java.util.concurrent.ThreadPoolExecutor$Worker@5c814b93[State = -1, empty queue]] WARN  server.GrpcLogAppender (GrpcLogAppender.java:timeoutAppendRequest(200)) - GrpcLogAppender(4418b26a-a5e5-4792-b343-154b02de43dd->e2fc1c3c-e5fc-4e6c-82aa-5ea8b9bf1eb5): appendEntries Timeout, request=4418b26a-a5e5-4792-b343-154b02de43dd->e2fc1c3c-e5fc-4e6c-82aa-5ea8b9bf1eb5#27-t1, previous=(t:1, i:1), leaderCommit=0, initializing? false, entries: <empty>
2019-08-27 08:59:31,960 [java.util.concurrent.ThreadPoolExecutor$Worker@670cb2b2[State = -1, empty queue]] WARN  server.GrpcLogAppender (GrpcLogAppender.java:timeoutAppendRequest(200)) - GrpcLogAppender(4418b26a-a5e5-4792-b343-154b02de43dd->83ad8e3f-e813-4fa1-9b9c-8cd3f6d9b12a): appendEntries Timeout, request=4418b26a-a5e5-4792-b343-154b02de43dd->83ad8e3f-e813-4fa1-9b9c-8cd3f6d9b12a#27-t1, previous=(t:1, i:1), leaderCommit=0, initializing? false, entries: <empty>
2019-08-27 08:59:31,982 [grpc-default-executor-5] INFO  client.GrpcClientProtocolClient (GrpcClientProtocolClient.java:onNext(255)) - client-BD42B13CD7B7->82911ef2-faee-43a5-9a1d-aeefe797784b: receive RaftClientReply:client-BD42B13CD7B7->82911ef2-faee-43a5-9a1d-aeefe797784b@group-9BDE53BF1F89, cid=123, FAILED org.apache.ratis.protocol.NotLeaderException: Server 82911ef2-faee-43a5-9a1d-aeefe797784b is not the leader (null). Request must be sent to leader., logIndex=0, commits[82911ef2-faee-43a5-9a1d-aeefe797784b:c-1]
2019-08-27 08:59:32,006 | INFO  | SCMAudit | user=jenkins1000 | ip=192.168.34.1 | op=SEND_HEARTBEAT {datanodeUUID=a728ac9e-8b42-42b3-9e87-ec98a1f6c46a, command=[]} | ret=SUCCESS |  
2019-08-27 08:59:32,103 | INFO  | SCMAudit | user=jenkins1000 | ip=192.168.34.1 | op=SEND_HEARTBEAT {datanodeUUID=85153711-0b9c-43d4-b6cb-489303a056f8, command=[]} | ret=SUCCESS |  
2019-08-27 08:59:32,177 | INFO  | SCMAudit | user=jenkins1000 | ip=192.168.34.1 | op=SEND_HEARTBEAT {datanodeUUID=82911ef2-faee-43a5-9a1d-aeefe797784b, command=[]} | ret=SUCCESS |  
2019-08-27 08:59:32,275 | INFO  | SCMAudit | user=jenkins1000 | ip=192.168.34.1 | op=SEND_HEARTBEAT {datanodeUUID=bc465b15-8d97-4b40-b19d-df54ad9f54a7, command=[]} | ret=SUCCESS |  
2019-08-27 08:59:32,349 | INFO  | SCMAudit | user=jenkins1000 | ip=192.168.34.1 | op=SEND_HEARTBEAT {datanodeUUID=4418b26a-a5e5-4792-b343-154b02de43dd, command=[]} | ret=SUCCESS |  
2019-08-27 08:59:32,451 | INFO  | SCMAudit | user=jenkins1000 | ip=192.168.34.1 | op=SEND_HEARTBEAT {datanodeUUID=c23e5a6c-3b1c-4356-87ef-9558e93e4bf7, command=[]} | ret=SUCCESS |  
2019-08-27 08:59:32,460 [java.util.concurrent.ThreadPoolExecutor$Worker@5c814b93[State = -1, empty queue]] WARN  server.GrpcLogAppender (GrpcLogAppender.java:timeoutAppendRequest(200)) - GrpcLogAppender(4418b26a-a5e5-4792-b343-154b02de43dd->e2fc1c3c-e5fc-4e6c-82aa-5ea8b9bf1eb5): appendEntries Timeout, request=4418b26a-a5e5-4792-b343-154b02de43dd->e2fc1c3c-e5fc-4e6c-82aa-5ea8b9bf1eb5#28-t1, previous=(t:1, i:1), leaderCommit=0, initializing? false, entries: <empty>
2019-08-27 08:59:32,460 [java.util.concurrent.ThreadPoolExecutor$Worker@670cb2b2[State = -1, empty queue]] WARN  server.GrpcLogAppender (GrpcLogAppender.java:timeoutAppendRequest(200)) - GrpcLogAppender(4418b26a-a5e5-4792-b343-154b02de43dd->83ad8e3f-e813-4fa1-9b9c-8cd3f6d9b12a): appendEntries Timeout, request=4418b26a-a5e5-4792-b343-154b02de43dd->83ad8e3f-e813-4fa1-9b9c-8cd3f6d9b12a#28-t1, previous=(t:1, i:1), leaderCommit=0, initializing? false, entries: <empty>
2019-08-27 08:59:32,636 | INFO  | SCMAudit | user=jenkins1000 | ip=192.168.34.1 | op=SEND_HEARTBEAT {datanodeUUID=83ad8e3f-e813-4fa1-9b9c-8cd3f6d9b12a, command=[]} | ret=SUCCESS |  
2019-08-27 08:59:32,662 | INFO  | SCMAudit | user=jenkins1000 | ip=192.168.34.1 | op=SEND_HEARTBEAT {datanodeUUID=99a28adf-5289-4cdd-a512-dfcc6dd17230, command=[]} | ret=SUCCESS |  
2019-08-27 08:59:32,856 | INFO  | SCMAudit | user=jenkins1000 | ip=192.168.34.1 | op=SEND_HEARTBEAT {datanodeUUID=521aeba6-88aa-48b7-8766-3f4d75ba2df1, command=[]} | ret=SUCCESS |  
2019-08-27 08:59:32,901 | INFO  | SCMAudit | user=jenkins1000 | ip=192.168.34.1 | op=SEND_HEARTBEAT {datanodeUUID=e2fc1c3c-e5fc-4e6c-82aa-5ea8b9bf1eb5, command=[]} | ret=SUCCESS |  
2019-08-27 08:59:32,960 [java.util.concurrent.ThreadPoolExecutor$Worker@5c814b93[State = -1, empty queue]] WARN  server.GrpcLogAppender (GrpcLogAppender.java:timeoutAppendRequest(200)) - GrpcLogAppender(4418b26a-a5e5-4792-b343-154b02de43dd->e2fc1c3c-e5fc-4e6c-82aa-5ea8b9bf1eb5): appendEntries Timeout, request=4418b26a-a5e5-4792-b343-154b02de43dd->e2fc1c3c-e5fc-4e6c-82aa-5ea8b9bf1eb5#29-t1, previous=(t:1, i:1), leaderCommit=0, initializing? false, entries: <empty>
2019-08-27 08:59:32,961 [java.util.concurrent.ThreadPoolExecutor$Worker@670cb2b2[State = -1, empty queue]] WARN  server.GrpcLogAppender (GrpcLogAppender.java:timeoutAppendRequest(200)) - GrpcLogAppender(4418b26a-a5e5-4792-b343-154b02de43dd->83ad8e3f-e813-4fa1-9b9c-8cd3f6d9b12a): appendEntries Timeout, request=4418b26a-a5e5-4792-b343-154b02de43dd->83ad8e3f-e813-4fa1-9b9c-8cd3f6d9b12a#29-t1, previous=(t:1, i:1), leaderCommit=0, initializing? false, entries: <empty>
2019-08-27 08:59:33,001 [grpc-default-executor-10] INFO  client.GrpcClientProtocolClient (GrpcClientProtocolClient.java:onNext(255)) - client-BD42B13CD7B7->521aeba6-88aa-48b7-8766-3f4d75ba2df1: receive RaftClientReply:client-BD42B13CD7B7->521aeba6-88aa-48b7-8766-3f4d75ba2df1@group-9BDE53BF1F89, cid=123, FAILED org.apache.ratis.protocol.NotLeaderException: Server 521aeba6-88aa-48b7-8766-3f4d75ba2df1 is not the leader (null). Request must be sent to leader., logIndex=0, commits[521aeba6-88aa-48b7-8766-3f4d75ba2df1:c-1]
2019-08-27 08:59:33,011 | INFO  | SCMAudit | user=jenkins1000 | ip=192.168.34.1 | op=SEND_HEARTBEAT {datanodeUUID=a728ac9e-8b42-42b3-9e87-ec98a1f6c46a, command=[]} | ret=SUCCESS |  
2019-08-27 08:59:33,104 | INFO  | SCMAudit | user=jenkins1000 | ip=192.168.34.1 | op=SEND_HEARTBEAT {datanodeUUID=85153711-0b9c-43d4-b6cb-489303a056f8, command=[]} | ret=SUCCESS |  
2019-08-27 08:59:33,178 | INFO  | SCMAudit | user=jenkins1000 | ip=192.168.34.1 | op=SEND_HEARTBEAT {datanodeUUID=82911ef2-faee-43a5-9a1d-aeefe797784b, command=[]} | ret=SUCCESS |  
2019-08-27 08:59:33,275 | INFO  | SCMAudit | user=jenkins1000 | ip=192.168.34.1 | op=SEND_HEARTBEAT {datanodeUUID=bc465b15-8d97-4b40-b19d-df54ad9f54a7, command=[]} | ret=SUCCESS |  
2019-08-27 08:59:33,349 | INFO  | SCMAudit | user=jenkins1000 | ip=192.168.34.1 | op=SEND_HEARTBEAT {datanodeUUID=4418b26a-a5e5-4792-b343-154b02de43dd, command=[]} | ret=SUCCESS |  
2019-08-27 08:59:33,451 | INFO  | SCMAudit | user=jenkins1000 | ip=192.168.34.1 | op=SEND_HEARTBEAT {datanodeUUID=c23e5a6c-3b1c-4356-87ef-9558e93e4bf7, command=[]} | ret=SUCCESS |  
2019-08-27 08:59:33,461 [java.util.concurrent.ThreadPoolExecutor$Worker@5c814b93[State = -1, empty queue]] WARN  server.GrpcLogAppender (GrpcLogAppender.java:timeoutAppendRequest(200)) - GrpcLogAppender(4418b26a-a5e5-4792-b343-154b02de43dd->e2fc1c3c-e5fc-4e6c-82aa-5ea8b9bf1eb5): appendEntries Timeout, request=4418b26a-a5e5-4792-b343-154b02de43dd->e2fc1c3c-e5fc-4e6c-82aa-5ea8b9bf1eb5#30-t1, previous=(t:1, i:1), leaderCommit=0, initializing? false, entries: <empty>
2019-08-27 08:59:33,461 [java.util.concurrent.ThreadPoolExecutor$Worker@670cb2b2[State = -1, empty queue]] WARN  server.GrpcLogAppender (GrpcLogAppender.java:timeoutAppendRequest(200)) - GrpcLogAppender(4418b26a-a5e5-4792-b343-154b02de43dd->83ad8e3f-e813-4fa1-9b9c-8cd3f6d9b12a): appendEntries Timeout, request=4418b26a-a5e5-4792-b343-154b02de43dd->83ad8e3f-e813-4fa1-9b9c-8cd3f6d9b12a#30-t1, previous=(t:1, i:1), leaderCommit=0, initializing? false, entries: <empty>
2019-08-27 08:59:33,636 | INFO  | SCMAudit | user=jenkins1000 | ip=192.168.34.1 | op=SEND_HEARTBEAT {datanodeUUID=83ad8e3f-e813-4fa1-9b9c-8cd3f6d9b12a, command=[]} | ret=SUCCESS |  
2019-08-27 08:59:33,662 | INFO  | SCMAudit | user=jenkins1000 | ip=192.168.34.1 | op=SEND_HEARTBEAT {datanodeUUID=99a28adf-5289-4cdd-a512-dfcc6dd17230, command=[]} | ret=SUCCESS |  
2019-08-27 08:59:33,856 | INFO  | SCMAudit | user=jenkins1000 | ip=192.168.34.1 | op=SEND_HEARTBEAT {datanodeUUID=521aeba6-88aa-48b7-8766-3f4d75ba2df1, command=[]} | ret=SUCCESS |  
2019-08-27 08:59:33,901 | INFO  | SCMAudit | user=jenkins1000 | ip=192.168.34.1 | op=SEND_HEARTBEAT {datanodeUUID=e2fc1c3c-e5fc-4e6c-82aa-5ea8b9bf1eb5, command=[]} | ret=SUCCESS |  
2019-08-27 08:59:33,963 [java.util.concurrent.ThreadPoolExecutor$Worker@670cb2b2[State = -1, empty queue]] WARN  server.GrpcLogAppender (GrpcLogAppender.java:timeoutAppendRequest(200)) - GrpcLogAppender(4418b26a-a5e5-4792-b343-154b02de43dd->83ad8e3f-e813-4fa1-9b9c-8cd3f6d9b12a): appendEntries Timeout, request=4418b26a-a5e5-4792-b343-154b02de43dd->83ad8e3f-e813-4fa1-9b9c-8cd3f6d9b12a#31-t1, previous=(t:1, i:1), leaderCommit=0, initializing? false, entries: <empty>
2019-08-27 08:59:33,963 [java.util.concurrent.ThreadPoolExecutor$Worker@5c814b93[State = -1, empty queue]] WARN  server.GrpcLogAppender (GrpcLogAppender.java:timeoutAppendRequest(200)) - GrpcLogAppender(4418b26a-a5e5-4792-b343-154b02de43dd->e2fc1c3c-e5fc-4e6c-82aa-5ea8b9bf1eb5): appendEntries Timeout, request=4418b26a-a5e5-4792-b343-154b02de43dd->e2fc1c3c-e5fc-4e6c-82aa-5ea8b9bf1eb5#31-t1, previous=(t:1, i:1), leaderCommit=0, initializing? false, entries: <empty>
2019-08-27 08:59:34,009 | INFO  | SCMAudit | user=jenkins1000 | ip=192.168.34.1 | op=SEND_HEARTBEAT {datanodeUUID=a728ac9e-8b42-42b3-9e87-ec98a1f6c46a, command=[]} | ret=SUCCESS |  
2019-08-27 08:59:34,019 [grpc-default-executor-10] INFO  client.GrpcClientProtocolClient (GrpcClientProtocolClient.java:onNext(255)) - client-BD42B13CD7B7->82911ef2-faee-43a5-9a1d-aeefe797784b: receive RaftClientReply:client-BD42B13CD7B7->82911ef2-faee-43a5-9a1d-aeefe797784b@group-9BDE53BF1F89, cid=123, FAILED org.apache.ratis.protocol.NotLeaderException: Server 82911ef2-faee-43a5-9a1d-aeefe797784b is not the leader (null). Request must be sent to leader., logIndex=0, commits[82911ef2-faee-43a5-9a1d-aeefe797784b:c-1]
2019-08-27 08:59:34,103 | INFO  | SCMAudit | user=jenkins1000 | ip=192.168.34.1 | op=SEND_HEARTBEAT {datanodeUUID=85153711-0b9c-43d4-b6cb-489303a056f8, command=[]} | ret=SUCCESS |  
2019-08-27 08:59:34,178 | INFO  | SCMAudit | user=jenkins1000 | ip=192.168.34.1 | op=SEND_HEARTBEAT {datanodeUUID=82911ef2-faee-43a5-9a1d-aeefe797784b, command=[]} | ret=SUCCESS |  
2019-08-27 08:59:34,275 | INFO  | SCMAudit | user=jenkins1000 | ip=192.168.34.1 | op=SEND_HEARTBEAT {datanodeUUID=bc465b15-8d97-4b40-b19d-df54ad9f54a7, command=[]} | ret=SUCCESS |  
2019-08-27 08:59:34,349 | INFO  | SCMAudit | user=jenkins1000 | ip=192.168.34.1 | op=SEND_HEARTBEAT {datanodeUUID=4418b26a-a5e5-4792-b343-154b02de43dd, command=[]} | ret=SUCCESS |  
2019-08-27 08:59:34,451 | INFO  | SCMAudit | user=jenkins1000 | ip=192.168.34.1 | op=SEND_HEARTBEAT {datanodeUUID=c23e5a6c-3b1c-4356-87ef-9558e93e4bf7, command=[]} | ret=SUCCESS |  
2019-08-27 08:59:34,463 [java.util.concurrent.ThreadPoolExecutor$Worker@5c814b93[State = -1, empty queue]] WARN  server.GrpcLogAppender (GrpcLogAppender.java:timeoutAppendRequest(200)) - GrpcLogAppender(4418b26a-a5e5-4792-b343-154b02de43dd->e2fc1c3c-e5fc-4e6c-82aa-5ea8b9bf1eb5): appendEntries Timeout, request=4418b26a-a5e5-4792-b343-154b02de43dd->e2fc1c3c-e5fc-4e6c-82aa-5ea8b9bf1eb5#32-t1, previous=(t:1, i:1), leaderCommit=0, initializing? false, entries: <empty>
2019-08-27 08:59:34,466 [java.util.concurrent.ThreadPoolExecutor$Worker@670cb2b2[State = -1, empty queue]] WARN  server.GrpcLogAppender (GrpcLogAppender.java:timeoutAppendRequest(200)) - GrpcLogAppender(4418b26a-a5e5-4792-b343-154b02de43dd->83ad8e3f-e813-4fa1-9b9c-8cd3f6d9b12a): appendEntries Timeout, request=4418b26a-a5e5-4792-b343-154b02de43dd->83ad8e3f-e813-4fa1-9b9c-8cd3f6d9b12a#32-t1, previous=(t:1, i:1), leaderCommit=0, initializing? false, entries: <empty>
2019-08-27 08:59:34,636 | INFO  | SCMAudit | user=jenkins1000 | ip=192.168.34.1 | op=SEND_HEARTBEAT {datanodeUUID=83ad8e3f-e813-4fa1-9b9c-8cd3f6d9b12a, command=[]} | ret=SUCCESS |  
2019-08-27 08:59:34,662 | INFO  | SCMAudit | user=jenkins1000 | ip=192.168.34.1 | op=SEND_HEARTBEAT {datanodeUUID=99a28adf-5289-4cdd-a512-dfcc6dd17230, command=[]} | ret=SUCCESS |  
2019-08-27 08:59:34,856 | INFO  | SCMAudit | user=jenkins1000 | ip=192.168.34.1 | op=SEND_HEARTBEAT {datanodeUUID=521aeba6-88aa-48b7-8766-3f4d75ba2df1, command=[]} | ret=SUCCESS |  
2019-08-27 08:59:34,901 | INFO  | SCMAudit | user=jenkins1000 | ip=192.168.34.1 | op=SEND_HEARTBEAT {datanodeUUID=e2fc1c3c-e5fc-4e6c-82aa-5ea8b9bf1eb5, command=[]} | ret=SUCCESS |  
2019-08-27 08:59:34,963 [java.util.concurrent.ThreadPoolExecutor$Worker@5c814b93[State = -1, empty queue]] WARN  server.GrpcLogAppender (GrpcLogAppender.java:timeoutAppendRequest(200)) - GrpcLogAppender(4418b26a-a5e5-4792-b343-154b02de43dd->e2fc1c3c-e5fc-4e6c-82aa-5ea8b9bf1eb5): appendEntries Timeout, request=4418b26a-a5e5-4792-b343-154b02de43dd->e2fc1c3c-e5fc-4e6c-82aa-5ea8b9bf1eb5#33-t1, previous=(t:1, i:1), leaderCommit=0, initializing? false, entries: <empty>
2019-08-27 08:59:34,966 [java.util.concurrent.ThreadPoolExecutor$Worker@670cb2b2[State = -1, empty queue]] WARN  server.GrpcLogAppender (GrpcLogAppender.java:timeoutAppendRequest(200)) - GrpcLogAppender(4418b26a-a5e5-4792-b343-154b02de43dd->83ad8e3f-e813-4fa1-9b9c-8cd3f6d9b12a): appendEntries Timeout, request=4418b26a-a5e5-4792-b343-154b02de43dd->83ad8e3f-e813-4fa1-9b9c-8cd3f6d9b12a#33-t1, previous=(t:1, i:1), leaderCommit=0, initializing? false, entries: <empty>
2019-08-27 08:59:35,010 | INFO  | SCMAudit | user=jenkins1000 | ip=192.168.34.1 | op=SEND_HEARTBEAT {datanodeUUID=a728ac9e-8b42-42b3-9e87-ec98a1f6c46a, command=[]} | ret=SUCCESS |  
2019-08-27 08:59:35,032 [grpc-default-executor-11] INFO  client.GrpcClientProtocolClient (GrpcClientProtocolClient.java:onNext(255)) - client-BD42B13CD7B7->a728ac9e-8b42-42b3-9e87-ec98a1f6c46a: receive RaftClientReply:client-BD42B13CD7B7->a728ac9e-8b42-42b3-9e87-ec98a1f6c46a@group-9BDE53BF1F89, cid=123, FAILED org.apache.ratis.protocol.NotLeaderException: Server a728ac9e-8b42-42b3-9e87-ec98a1f6c46a is not the leader (null). Request must be sent to leader., logIndex=0, commits[a728ac9e-8b42-42b3-9e87-ec98a1f6c46a:c-1]
2019-08-27 08:59:35,103 | INFO  | SCMAudit | user=jenkins1000 | ip=192.168.34.1 | op=SEND_HEARTBEAT {datanodeUUID=85153711-0b9c-43d4-b6cb-489303a056f8, command=[]} | ret=SUCCESS |  
2019-08-27 08:59:35,178 | INFO  | SCMAudit | user=jenkins1000 | ip=192.168.34.1 | op=SEND_HEARTBEAT {datanodeUUID=82911ef2-faee-43a5-9a1d-aeefe797784b, command=[]} | ret=SUCCESS |  
2019-08-27 08:59:35,275 | INFO  | SCMAudit | user=jenkins1000 | ip=192.168.34.1 | op=SEND_HEARTBEAT {datanodeUUID=bc465b15-8d97-4b40-b19d-df54ad9f54a7, command=[]} | ret=SUCCESS |  
2019-08-27 08:59:35,349 | INFO  | SCMAudit | user=jenkins1000 | ip=192.168.34.1 | op=SEND_HEARTBEAT {datanodeUUID=4418b26a-a5e5-4792-b343-154b02de43dd, command=[]} | ret=SUCCESS |  
2019-08-27 08:59:35,451 | INFO  | SCMAudit | user=jenkins1000 | ip=192.168.34.1 | op=SEND_HEARTBEAT {datanodeUUID=c23e5a6c-3b1c-4356-87ef-9558e93e4bf7, command=[]} | ret=SUCCESS |  
2019-08-27 08:59:35,464 [java.util.concurrent.ThreadPoolExecutor$Worker@5c814b93[State = -1, empty queue]] WARN  server.GrpcLogAppender (GrpcLogAppender.java:timeoutAppendRequest(200)) - GrpcLogAppender(4418b26a-a5e5-4792-b343-154b02de43dd->e2fc1c3c-e5fc-4e6c-82aa-5ea8b9bf1eb5): appendEntries Timeout, request=4418b26a-a5e5-4792-b343-154b02de43dd->e2fc1c3c-e5fc-4e6c-82aa-5ea8b9bf1eb5#34-t1, previous=(t:1, i:1), leaderCommit=0, initializing? false, entries: <empty>
2019-08-27 08:59:35,466 [java.util.concurrent.ThreadPoolExecutor$Worker@670cb2b2[State = -1, empty queue]] WARN  server.GrpcLogAppender (GrpcLogAppender.java:timeoutAppendRequest(200)) - GrpcLogAppender(4418b26a-a5e5-4792-b343-154b02de43dd->83ad8e3f-e813-4fa1-9b9c-8cd3f6d9b12a): appendEntries Timeout, request=4418b26a-a5e5-4792-b343-154b02de43dd->83ad8e3f-e813-4fa1-9b9c-8cd3f6d9b12a#34-t1, previous=(t:1, i:1), leaderCommit=0, initializing? false, entries: <empty>
2019-08-27 08:59:35,636 | INFO  | SCMAudit | user=jenkins1000 | ip=192.168.34.1 | op=SEND_HEARTBEAT {datanodeUUID=83ad8e3f-e813-4fa1-9b9c-8cd3f6d9b12a, command=[]} | ret=SUCCESS |  
2019-08-27 08:59:35,662 | INFO  | SCMAudit | user=jenkins1000 | ip=192.168.34.1 | op=SEND_HEARTBEAT {datanodeUUID=99a28adf-5289-4cdd-a512-dfcc6dd17230, command=[]} | ret=SUCCESS |  
2019-08-27 08:59:35,856 | INFO  | SCMAudit | user=jenkins1000 | ip=192.168.34.1 | op=SEND_HEARTBEAT {datanodeUUID=521aeba6-88aa-48b7-8766-3f4d75ba2df1, command=[]} | ret=SUCCESS |  
2019-08-27 08:59:35,873 [a728ac9e-8b42-42b3-9e87-ec98a1f6c46a:group-9BDE53BF1F89:LeaderElection138] INFO  impl.LeaderElection (LeaderElection.java:askForVotes(181)) - a728ac9e-8b42-42b3-9e87-ec98a1f6c46a:group-9BDE53BF1F89:LeaderElection138: begin an election at term 4 for -1: [521aeba6-88aa-48b7-8766-3f4d75ba2df1:192.168.34.1:36388, 82911ef2-faee-43a5-9a1d-aeefe797784b:192.168.34.1:33806, a728ac9e-8b42-42b3-9e87-ec98a1f6c46a:192.168.34.1:36002], old=null
2019-08-27 08:59:35,873 [82911ef2-faee-43a5-9a1d-aeefe797784b:group-9BDE53BF1F89:LeaderElection139] INFO  impl.LeaderElection (LeaderElection.java:askForVotes(181)) - 82911ef2-faee-43a5-9a1d-aeefe797784b:group-9BDE53BF1F89:LeaderElection139: begin an election at term 4 for -1: [521aeba6-88aa-48b7-8766-3f4d75ba2df1:192.168.34.1:36388, 82911ef2-faee-43a5-9a1d-aeefe797784b:192.168.34.1:33806, a728ac9e-8b42-42b3-9e87-ec98a1f6c46a:192.168.34.1:36002], old=null
2019-08-27 08:59:35,873 [521aeba6-88aa-48b7-8766-3f4d75ba2df1:group-9BDE53BF1F89:LeaderElection137] INFO  impl.LeaderElection (LeaderElection.java:askForVotes(181)) - 521aeba6-88aa-48b7-8766-3f4d75ba2df1:group-9BDE53BF1F89:LeaderElection137: begin an election at term 4 for -1: [521aeba6-88aa-48b7-8766-3f4d75ba2df1:192.168.34.1:36388, 82911ef2-faee-43a5-9a1d-aeefe797784b:192.168.34.1:33806, a728ac9e-8b42-42b3-9e87-ec98a1f6c46a:192.168.34.1:36002], old=null
2019-08-27 08:59:35,879 [a728ac9e-8b42-42b3-9e87-ec98a1f6c46a:group-9BDE53BF1F89:LeaderElection138] INFO  impl.LeaderElection (LeaderElection.java:logAndReturn(56)) - a728ac9e-8b42-42b3-9e87-ec98a1f6c46a:group-9BDE53BF1F89:LeaderElection138: Election REJECTED; received 2 response(s) [a728ac9e-8b42-42b3-9e87-ec98a1f6c46a<-521aeba6-88aa-48b7-8766-3f4d75ba2df1#0:FAIL-t4, a728ac9e-8b42-42b3-9e87-ec98a1f6c46a<-82911ef2-faee-43a5-9a1d-aeefe797784b#0:FAIL-t4] and 0 exception(s); a728ac9e-8b42-42b3-9e87-ec98a1f6c46a:t4, leader=null, voted=a728ac9e-8b42-42b3-9e87-ec98a1f6c46a, raftlog=a728ac9e-8b42-42b3-9e87-ec98a1f6c46a-SegmentedRaftLog:OPENED:c-1,f-1,i0, conf=-1: [521aeba6-88aa-48b7-8766-3f4d75ba2df1:192.168.34.1:36388, 82911ef2-faee-43a5-9a1d-aeefe797784b:192.168.34.1:33806, a728ac9e-8b42-42b3-9e87-ec98a1f6c46a:192.168.34.1:36002], old=null
2019-08-27 08:59:35,879 [82911ef2-faee-43a5-9a1d-aeefe797784b:group-9BDE53BF1F89:LeaderElection139] INFO  impl.LeaderElection (LeaderElection.java:logAndReturn(56)) - 82911ef2-faee-43a5-9a1d-aeefe797784b:group-9BDE53BF1F89:LeaderElection139: Election REJECTED; received 2 response(s) [82911ef2-faee-43a5-9a1d-aeefe797784b<-521aeba6-88aa-48b7-8766-3f4d75ba2df1#0:FAIL-t4, 82911ef2-faee-43a5-9a1d-aeefe797784b<-a728ac9e-8b42-42b3-9e87-ec98a1f6c46a#0:FAIL-t4] and 0 exception(s); 82911ef2-faee-43a5-9a1d-aeefe797784b:t4, leader=null, voted=82911ef2-faee-43a5-9a1d-aeefe797784b, raftlog=82911ef2-faee-43a5-9a1d-aeefe797784b-SegmentedRaftLog:OPENED:c-1,f-1,i0, conf=-1: [521aeba6-88aa-48b7-8766-3f4d75ba2df1:192.168.34.1:36388, 82911ef2-faee-43a5-9a1d-aeefe797784b:192.168.34.1:33806, a728ac9e-8b42-42b3-9e87-ec98a1f6c46a:192.168.34.1:36002], old=null
2019-08-27 08:59:35,879 [a728ac9e-8b42-42b3-9e87-ec98a1f6c46a:group-9BDE53BF1F89:LeaderElection138] INFO  impl.RaftServerImpl (RaftServerImpl.java:setRole(171)) - a728ac9e-8b42-42b3-9e87-ec98a1f6c46a:group-9BDE53BF1F89 changes role from CANDIDATE to FOLLOWER at term 4 for DISCOVERED_A_NEW_TERM
2019-08-27 08:59:35,879 [82911ef2-faee-43a5-9a1d-aeefe797784b:group-9BDE53BF1F89:LeaderElection139] INFO  impl.RaftServerImpl (RaftServerImpl.java:setRole(171)) - 82911ef2-faee-43a5-9a1d-aeefe797784b:group-9BDE53BF1F89 changes role from CANDIDATE to FOLLOWER at term 4 for DISCOVERED_A_NEW_TERM
2019-08-27 08:59:35,880 [a728ac9e-8b42-42b3-9e87-ec98a1f6c46a:group-9BDE53BF1F89:LeaderElection138] INFO  impl.RoleInfo (RoleInfo.java:shutdownLeaderElection(134)) - a728ac9e-8b42-42b3-9e87-ec98a1f6c46a: shutdown LeaderElection
2019-08-27 08:59:35,880 [521aeba6-88aa-48b7-8766-3f4d75ba2df1:group-9BDE53BF1F89:LeaderElection137] INFO  impl.LeaderElection (LeaderElection.java:logAndReturn(56)) - 521aeba6-88aa-48b7-8766-3f4d75ba2df1:group-9BDE53BF1F89:LeaderElection137: Election REJECTED; received 2 response(s) [521aeba6-88aa-48b7-8766-3f4d75ba2df1<-82911ef2-faee-43a5-9a1d-aeefe797784b#0:FAIL-t4, 521aeba6-88aa-48b7-8766-3f4d75ba2df1<-a728ac9e-8b42-42b3-9e87-ec98a1f6c46a#0:FAIL-t4] and 0 exception(s); 521aeba6-88aa-48b7-8766-3f4d75ba2df1:t4, leader=null, voted=521aeba6-88aa-48b7-8766-3f4d75ba2df1, raftlog=521aeba6-88aa-48b7-8766-3f4d75ba2df1-SegmentedRaftLog:OPENED:c-1,f-1,i0, conf=-1: [521aeba6-88aa-48b7-8766-3f4d75ba2df1:192.168.34.1:36388, 82911ef2-faee-43a5-9a1d-aeefe797784b:192.168.34.1:33806, a728ac9e-8b42-42b3-9e87-ec98a1f6c46a:192.168.34.1:36002], old=null
2019-08-27 08:59:35,880 [a728ac9e-8b42-42b3-9e87-ec98a1f6c46a:group-9BDE53BF1F89:LeaderElection138] INFO  impl.RoleInfo (RoleInfo.java:updateAndGet(143)) - a728ac9e-8b42-42b3-9e87-ec98a1f6c46a: start FollowerState
2019-08-27 08:59:35,880 [82911ef2-faee-43a5-9a1d-aeefe797784b:group-9BDE53BF1F89:LeaderElection139] INFO  impl.RoleInfo (RoleInfo.java:shutdownLeaderElection(134)) - 82911ef2-faee-43a5-9a1d-aeefe797784b: shutdown LeaderElection
2019-08-27 08:59:35,880 [521aeba6-88aa-48b7-8766-3f4d75ba2df1:group-9BDE53BF1F89:LeaderElection137] INFO  impl.RaftServerImpl (RaftServerImpl.java:setRole(171)) - 521aeba6-88aa-48b7-8766-3f4d75ba2df1:group-9BDE53BF1F89 changes role from CANDIDATE to FOLLOWER at term 4 for DISCOVERED_A_NEW_TERM
2019-08-27 08:59:35,880 [82911ef2-faee-43a5-9a1d-aeefe797784b:group-9BDE53BF1F89:LeaderElection139] INFO  impl.RoleInfo (RoleInfo.java:updateAndGet(143)) - 82911ef2-faee-43a5-9a1d-aeefe797784b: start FollowerState
2019-08-27 08:59:35,880 [521aeba6-88aa-48b7-8766-3f4d75ba2df1:group-9BDE53BF1F89:LeaderElection137] INFO  impl.RoleInfo (RoleInfo.java:shutdownLeaderElection(134)) - 521aeba6-88aa-48b7-8766-3f4d75ba2df1: shutdown LeaderElection
2019-08-27 08:59:35,881 [521aeba6-88aa-48b7-8766-3f4d75ba2df1:group-9BDE53BF1F89:LeaderElection137] INFO  impl.RoleInfo (RoleInfo.java:updateAndGet(143)) - 521aeba6-88aa-48b7-8766-3f4d75ba2df1: start FollowerState
2019-08-27 08:59:35,901 | INFO  | SCMAudit | user=jenkins1000 | ip=192.168.34.1 | op=SEND_HEARTBEAT {datanodeUUID=e2fc1c3c-e5fc-4e6c-82aa-5ea8b9bf1eb5, command=[]} | ret=SUCCESS |  
2019-08-27 08:59:35,964 [java.util.concurrent.ThreadPoolExecutor$Worker@5c814b93[State = -1, empty queue]] WARN  server.GrpcLogAppender (GrpcLogAppender.java:timeoutAppendRequest(200)) - GrpcLogAppender(4418b26a-a5e5-4792-b343-154b02de43dd->e2fc1c3c-e5fc-4e6c-82aa-5ea8b9bf1eb5): appendEntries Timeout, request=4418b26a-a5e5-4792-b343-154b02de43dd->e2fc1c3c-e5fc-4e6c-82aa-5ea8b9bf1eb5#35-t1, previous=(t:1, i:1), leaderCommit=0, initializing? false, entries: <empty>
2019-08-27 08:59:35,967 [java.util.concurrent.ThreadPoolExecutor$Worker@670cb2b2[State = -1, empty queue]] WARN  server.GrpcLogAppender (GrpcLogAppender.java:timeoutAppendRequest(200)) - GrpcLogAppender(4418b26a-a5e5-4792-b343-154b02de43dd->83ad8e3f-e813-4fa1-9b9c-8cd3f6d9b12a): appendEntries Timeout, request=4418b26a-a5e5-4792-b343-154b02de43dd->83ad8e3f-e813-4fa1-9b9c-8cd3f6d9b12a#35-t1, previous=(t:1, i:1), leaderCommit=0, initializing? false, entries: <empty>
2019-08-27 08:59:36,010 | INFO  | SCMAudit | user=jenkins1000 | ip=192.168.34.1 | op=SEND_HEARTBEAT {datanodeUUID=a728ac9e-8b42-42b3-9e87-ec98a1f6c46a, command=[]} | ret=SUCCESS |  
2019-08-27 08:59:36,050 [grpc-default-executor-13] INFO  client.GrpcClientProtocolClient (GrpcClientProtocolClient.java:onNext(255)) - client-BD42B13CD7B7->521aeba6-88aa-48b7-8766-3f4d75ba2df1: receive RaftClientReply:client-BD42B13CD7B7->521aeba6-88aa-48b7-8766-3f4d75ba2df1@group-9BDE53BF1F89, cid=123, FAILED org.apache.ratis.protocol.NotLeaderException: Server 521aeba6-88aa-48b7-8766-3f4d75ba2df1 is not the leader (null). Request must be sent to leader., logIndex=0, commits[521aeba6-88aa-48b7-8766-3f4d75ba2df1:c-1]
2019-08-27 08:59:36,103 | INFO  | SCMAudit | user=jenkins1000 | ip=192.168.34.1 | op=SEND_HEARTBEAT {datanodeUUID=85153711-0b9c-43d4-b6cb-489303a056f8, command=[]} | ret=SUCCESS |  
2019-08-27 08:59:36,178 | INFO  | SCMAudit | user=jenkins1000 | ip=192.168.34.1 | op=SEND_HEARTBEAT {datanodeUUID=82911ef2-faee-43a5-9a1d-aeefe797784b, command=[]} | ret=SUCCESS |  
2019-08-27 08:59:36,275 | INFO  | SCMAudit | user=jenkins1000 | ip=192.168.34.1 | op=SEND_HEARTBEAT {datanodeUUID=bc465b15-8d97-4b40-b19d-df54ad9f54a7, command=[]} | ret=SUCCESS |  
2019-08-27 08:59:36,349 | INFO  | SCMAudit | user=jenkins1000 | ip=192.168.34.1 | op=SEND_HEARTBEAT {datanodeUUID=4418b26a-a5e5-4792-b343-154b02de43dd, command=[]} | ret=SUCCESS |  
2019-08-27 08:59:36,451 | INFO  | SCMAudit | user=jenkins1000 | ip=192.168.34.1 | op=SEND_HEARTBEAT {datanodeUUID=c23e5a6c-3b1c-4356-87ef-9558e93e4bf7, command=[]} | ret=SUCCESS |  
2019-08-27 08:59:36,464 [java.util.concurrent.ThreadPoolExecutor$Worker@5c814b93[State = -1, empty queue]] WARN  server.GrpcLogAppender (GrpcLogAppender.java:timeoutAppendRequest(200)) - GrpcLogAppender(4418b26a-a5e5-4792-b343-154b02de43dd->e2fc1c3c-e5fc-4e6c-82aa-5ea8b9bf1eb5): appendEntries Timeout, request=4418b26a-a5e5-4792-b343-154b02de43dd->e2fc1c3c-e5fc-4e6c-82aa-5ea8b9bf1eb5#36-t1, previous=(t:1, i:1), leaderCommit=0, initializing? false, entries: <empty>
2019-08-27 08:59:36,467 [java.util.concurrent.ThreadPoolExecutor$Worker@670cb2b2[State = -1, empty queue]] WARN  server.GrpcLogAppender (GrpcLogAppender.java:timeoutAppendRequest(200)) - GrpcLogAppender(4418b26a-a5e5-4792-b343-154b02de43dd->83ad8e3f-e813-4fa1-9b9c-8cd3f6d9b12a): appendEntries Timeout, request=4418b26a-a5e5-4792-b343-154b02de43dd->83ad8e3f-e813-4fa1-9b9c-8cd3f6d9b12a#36-t1, previous=(t:1, i:1), leaderCommit=0, initializing? false, entries: <empty>
2019-08-27 08:59:36,637 | INFO  | SCMAudit | user=jenkins1000 | ip=192.168.34.1 | op=SEND_HEARTBEAT {datanodeUUID=83ad8e3f-e813-4fa1-9b9c-8cd3f6d9b12a, command=[]} | ret=SUCCESS |  
2019-08-27 08:59:36,662 | INFO  | SCMAudit | user=jenkins1000 | ip=192.168.34.1 | op=SEND_HEARTBEAT {datanodeUUID=99a28adf-5289-4cdd-a512-dfcc6dd17230, command=[]} | ret=SUCCESS |  
2019-08-27 08:59:36,771 [4418b26a-a5e5-4792-b343-154b02de43dd-SegmentedRaftLogWorker:Storage Directory /workdir/hadoop-ozone/integration-test/target/test-dir/MiniOzoneClusterImpl-5fa0230b-2e3b-4574-a1d1-aab0eaf0b74a/datanode-9/data/ratis/48182f6a-c132-4916-82ba-fd56a270c3ee] WARN  segmented.SegmentedRaftLogWorker (SegmentedRaftLogWorker.java:getFromFuture(90)) - Timeout 1/~
org.apache.ratis.protocol.TimeoutIOException: Timeout 10s: WriteLog:1: (t:1, i:1), STATEMACHINELOGENTRY, client-86439C56C7EB, cid=121-writeStateMachineData
	at org.apache.ratis.util.IOUtils.getFromFuture(IOUtils.java:87)
	at org.apache.ratis.server.raftlog.segmented.SegmentedRaftLogWorker$StateMachineDataPolicy.getFromFuture(SegmentedRaftLogWorker.java:87)
	at org.apache.ratis.server.raftlog.segmented.SegmentedRaftLogWorker$WriteLog.execute(SegmentedRaftLogWorker.java:477)
	at org.apache.ratis.server.raftlog.segmented.SegmentedRaftLogWorker.run(SegmentedRaftLogWorker.java:289)
	at java.lang.Thread.run(Thread.java:748)
Caused by: java.util.concurrent.TimeoutException
	at java.util.concurrent.CompletableFuture.timedGet(CompletableFuture.java:1771)
	at java.util.concurrent.CompletableFuture.get(CompletableFuture.java:1915)
	at org.apache.ratis.util.IOUtils.getFromFuture(IOUtils.java:79)
	... 4 more
2019-08-27 08:59:36,856 | INFO  | SCMAudit | user=jenkins1000 | ip=192.168.34.1 | op=SEND_HEARTBEAT {datanodeUUID=521aeba6-88aa-48b7-8766-3f4d75ba2df1, command=[]} | ret=SUCCESS |  
2019-08-27 08:59:36,901 | INFO  | SCMAudit | user=jenkins1000 | ip=192.168.34.1 | op=SEND_HEARTBEAT {datanodeUUID=e2fc1c3c-e5fc-4e6c-82aa-5ea8b9bf1eb5, command=[]} | ret=SUCCESS |  
2019-08-27 08:59:36,930 [Thread-4003] INFO  impl.FollowerState (FollowerState.java:run(106)) - 82911ef2-faee-43a5-9a1d-aeefe797784b:group-9BDE53BF1F89 changes to CANDIDATE, lastRpcTime:1049, electionTimeout:1049ms
2019-08-27 08:59:36,930 [Thread-4003] INFO  impl.RoleInfo (RoleInfo.java:shutdownFollowerState(121)) - 82911ef2-faee-43a5-9a1d-aeefe797784b: shutdown FollowerState
2019-08-27 08:59:36,930 [Thread-4003] INFO  impl.RaftServerImpl (RaftServerImpl.java:setRole(171)) - 82911ef2-faee-43a5-9a1d-aeefe797784b:group-9BDE53BF1F89 changes role from FOLLOWER to CANDIDATE at term 4 for changeToCandidate
2019-08-27 08:59:36,930 [Thread-4003] INFO  impl.RoleInfo (RoleInfo.java:updateAndGet(143)) - 82911ef2-faee-43a5-9a1d-aeefe797784b: start LeaderElection
2019-08-27 08:59:36,964 [java.util.concurrent.ThreadPoolExecutor$Worker@5c814b93[State = -1, empty queue]] WARN  server.GrpcLogAppender (GrpcLogAppender.java:timeoutAppendRequest(200)) - GrpcLogAppender(4418b26a-a5e5-4792-b343-154b02de43dd->e2fc1c3c-e5fc-4e6c-82aa-5ea8b9bf1eb5): appendEntries Timeout, request=4418b26a-a5e5-4792-b343-154b02de43dd->e2fc1c3c-e5fc-4e6c-82aa-5ea8b9bf1eb5#37-t1, previous=(t:1, i:1), leaderCommit=0, initializing? false, entries: <empty>
2019-08-27 08:59:36,967 [java.util.concurrent.ThreadPoolExecutor$Worker@670cb2b2[State = -1, empty queue]] WARN  server.GrpcLogAppender (GrpcLogAppender.java:timeoutAppendRequest(200)) - GrpcLogAppender(4418b26a-a5e5-4792-b343-154b02de43dd->83ad8e3f-e813-4fa1-9b9c-8cd3f6d9b12a): appendEntries Timeout, request=4418b26a-a5e5-4792-b343-154b02de43dd->83ad8e3f-e813-4fa1-9b9c-8cd3f6d9b12a#37-t1, previous=(t:1, i:1), leaderCommit=0, initializing? false, entries: <empty>
2019-08-27 08:59:36,994 [Thread-4002] INFO  impl.FollowerState (FollowerState.java:run(106)) - a728ac9e-8b42-42b3-9e87-ec98a1f6c46a:group-9BDE53BF1F89 changes to CANDIDATE, lastRpcTime:1113, electionTimeout:1113ms
2019-08-27 08:59:36,994 [Thread-4002] INFO  impl.RoleInfo (RoleInfo.java:shutdownFollowerState(121)) - a728ac9e-8b42-42b3-9e87-ec98a1f6c46a: shutdown FollowerState
2019-08-27 08:59:36,994 [Thread-4002] INFO  impl.RaftServerImpl (RaftServerImpl.java:setRole(171)) - a728ac9e-8b42-42b3-9e87-ec98a1f6c46a:group-9BDE53BF1F89 changes role from FOLLOWER to CANDIDATE at term 4 for changeToCandidate
2019-08-27 08:59:36,994 [Thread-4002] INFO  impl.RoleInfo (RoleInfo.java:updateAndGet(143)) - a728ac9e-8b42-42b3-9e87-ec98a1f6c46a: start LeaderElection
2019-08-27 08:59:37,003 [Thread-4004] INFO  impl.FollowerState (FollowerState.java:run(106)) - 521aeba6-88aa-48b7-8766-3f4d75ba2df1:group-9BDE53BF1F89 changes to CANDIDATE, lastRpcTime:1122, electionTimeout:1122ms
2019-08-27 08:59:37,003 [Thread-4004] INFO  impl.RoleInfo (RoleInfo.java:shutdownFollowerState(121)) - 521aeba6-88aa-48b7-8766-3f4d75ba2df1: shutdown FollowerState
2019-08-27 08:59:37,003 [Thread-4004] INFO  impl.RaftServerImpl (RaftServerImpl.java:setRole(171)) - 521aeba6-88aa-48b7-8766-3f4d75ba2df1:group-9BDE53BF1F89 changes role from FOLLOWER to CANDIDATE at term 4 for changeToCandidate
2019-08-27 08:59:37,004 [Thread-4004] INFO  impl.RoleInfo (RoleInfo.java:updateAndGet(143)) - 521aeba6-88aa-48b7-8766-3f4d75ba2df1: start LeaderElection
2019-08-27 08:59:37,013 | INFO  | SCMAudit | user=jenkins1000 | ip=192.168.34.1 | op=SEND_HEARTBEAT {datanodeUUID=a728ac9e-8b42-42b3-9e87-ec98a1f6c46a, command=[]} | ret=SUCCESS |  
2019-08-27 08:59:37,064 [grpc-default-executor-13] INFO  client.GrpcClientProtocolClient (GrpcClientProtocolClient.java:onNext(255)) - client-BD42B13CD7B7->82911ef2-faee-43a5-9a1d-aeefe797784b: receive RaftClientReply:client-BD42B13CD7B7->82911ef2-faee-43a5-9a1d-aeefe797784b@group-9BDE53BF1F89, cid=123, FAILED org.apache.ratis.protocol.NotLeaderException: Server 82911ef2-faee-43a5-9a1d-aeefe797784b is not the leader (null). Request must be sent to leader., logIndex=0, commits[82911ef2-faee-43a5-9a1d-aeefe797784b:c-1]
2019-08-27 08:59:37,103 | INFO  | SCMAudit | user=jenkins1000 | ip=192.168.34.1 | op=SEND_HEARTBEAT {datanodeUUID=85153711-0b9c-43d4-b6cb-489303a056f8, command=[]} | ret=SUCCESS |  
2019-08-27 08:59:37,177 | INFO  | SCMAudit | user=jenkins1000 | ip=192.168.34.1 | op=SEND_HEARTBEAT {datanodeUUID=82911ef2-faee-43a5-9a1d-aeefe797784b, command=[]} | ret=SUCCESS |  
2019-08-27 08:59:37,275 | INFO  | SCMAudit | user=jenkins1000 | ip=192.168.34.1 | op=SEND_HEARTBEAT {datanodeUUID=bc465b15-8d97-4b40-b19d-df54ad9f54a7, command=[]} | ret=SUCCESS |  
2019-08-27 08:59:37,349 | INFO  | SCMAudit | user=jenkins1000 | ip=192.168.34.1 | op=SEND_HEARTBEAT {datanodeUUID=4418b26a-a5e5-4792-b343-154b02de43dd, command=[]} | ret=SUCCESS |  
2019-08-27 08:59:37,451 | INFO  | SCMAudit | user=jenkins1000 | ip=192.168.34.1 | op=SEND_HEARTBEAT {datanodeUUID=c23e5a6c-3b1c-4356-87ef-9558e93e4bf7, command=[]} | ret=SUCCESS |  
2019-08-27 08:59:37,465 [java.util.concurrent.ThreadPoolExecutor$Worker@5c814b93[State = -1, empty queue]] WARN  server.GrpcLogAppender (GrpcLogAppender.java:timeoutAppendRequest(200)) - GrpcLogAppender(4418b26a-a5e5-4792-b343-154b02de43dd->e2fc1c3c-e5fc-4e6c-82aa-5ea8b9bf1eb5): appendEntries Timeout, request=4418b26a-a5e5-4792-b343-154b02de43dd->e2fc1c3c-e5fc-4e6c-82aa-5ea8b9bf1eb5#38-t1, previous=(t:1, i:1), leaderCommit=0, initializing? false, entries: <empty>
2019-08-27 08:59:37,467 [java.util.concurrent.ThreadPoolExecutor$Worker@670cb2b2[State = -1, empty queue]] WARN  server.GrpcLogAppender (GrpcLogAppender.java:timeoutAppendRequest(200)) - GrpcLogAppender(4418b26a-a5e5-4792-b343-154b02de43dd->83ad8e3f-e813-4fa1-9b9c-8cd3f6d9b12a): appendEntries Timeout, request=4418b26a-a5e5-4792-b343-154b02de43dd->83ad8e3f-e813-4fa1-9b9c-8cd3f6d9b12a#38-t1, previous=(t:1, i:1), leaderCommit=0, initializing? false, entries: <empty>
2019-08-27 08:59:37,637 | INFO  | SCMAudit | user=jenkins1000 | ip=192.168.34.1 | op=SEND_HEARTBEAT {datanodeUUID=83ad8e3f-e813-4fa1-9b9c-8cd3f6d9b12a, command=[]} | ret=SUCCESS |  
2019-08-27 08:59:37,663 | INFO  | SCMAudit | user=jenkins1000 | ip=192.168.34.1 | op=SEND_HEARTBEAT {datanodeUUID=99a28adf-5289-4cdd-a512-dfcc6dd17230, command=[]} | ret=SUCCESS |  
2019-08-27 08:59:37,856 | INFO  | SCMAudit | user=jenkins1000 | ip=192.168.34.1 | op=SEND_HEARTBEAT {datanodeUUID=521aeba6-88aa-48b7-8766-3f4d75ba2df1, command=[]} | ret=SUCCESS |  
2019-08-27 08:59:37,901 | INFO  | SCMAudit | user=jenkins1000 | ip=192.168.34.1 | op=SEND_HEARTBEAT {datanodeUUID=e2fc1c3c-e5fc-4e6c-82aa-5ea8b9bf1eb5, command=[]} | ret=SUCCESS |  
2019-08-27 08:59:37,955 [e2fc1c3c-e5fc-4e6c-82aa-5ea8b9bf1eb5-SegmentedRaftLogWorker:Storage Directory /workdir/hadoop-ozone/integration-test/target/test-dir/MiniOzoneClusterImpl-5fa0230b-2e3b-4574-a1d1-aab0eaf0b74a/datanode-1/data/ratis/48182f6a-c132-4916-82ba-fd56a270c3ee] WARN  segmented.SegmentedRaftLogWorker (SegmentedRaftLogWorker.java:getFromFuture(90)) - Timeout 1/~
org.apache.ratis.protocol.TimeoutIOException: Timeout 10s: WriteLog:1: (t:1, i:1), STATEMACHINELOGENTRY, client-86439C56C7EB, cid=121-writeStateMachineData
	at org.apache.ratis.util.IOUtils.getFromFuture(IOUtils.java:87)
	at org.apache.ratis.server.raftlog.segmented.SegmentedRaftLogWorker$StateMachineDataPolicy.getFromFuture(SegmentedRaftLogWorker.java:87)
	at org.apache.ratis.server.raftlog.segmented.SegmentedRaftLogWorker$WriteLog.execute(SegmentedRaftLogWorker.java:477)
	at org.apache.ratis.server.raftlog.segmented.SegmentedRaftLogWorker.run(SegmentedRaftLogWorker.java:289)
	at java.lang.Thread.run(Thread.java:748)
Caused by: java.util.concurrent.TimeoutException
	at java.util.concurrent.CompletableFuture.timedGet(CompletableFuture.java:1771)
	at java.util.concurrent.CompletableFuture.get(CompletableFuture.java:1915)
	at org.apache.ratis.util.IOUtils.getFromFuture(IOUtils.java:79)
	... 4 more
2019-08-27 08:59:37,955 [83ad8e3f-e813-4fa1-9b9c-8cd3f6d9b12a-SegmentedRaftLogWorker:Storage Directory /workdir/hadoop-ozone/integration-test/target/test-dir/MiniOzoneClusterImpl-5fa0230b-2e3b-4574-a1d1-aab0eaf0b74a/datanode-0/data/ratis/48182f6a-c132-4916-82ba-fd56a270c3ee] WARN  segmented.SegmentedRaftLogWorker (SegmentedRaftLogWorker.java:getFromFuture(90)) - Timeout 1/~
org.apache.ratis.protocol.TimeoutIOException: Timeout 10s: WriteLog:1: (t:1, i:1), STATEMACHINELOGENTRY, client-86439C56C7EB, cid=121-writeStateMachineData
	at org.apache.ratis.util.IOUtils.getFromFuture(IOUtils.java:87)
	at org.apache.ratis.server.raftlog.segmented.SegmentedRaftLogWorker$StateMachineDataPolicy.getFromFuture(SegmentedRaftLogWorker.java:87)
	at org.apache.ratis.server.raftlog.segmented.SegmentedRaftLogWorker$WriteLog.execute(SegmentedRaftLogWorker.java:477)
	at org.apache.ratis.server.raftlog.segmented.SegmentedRaftLogWorker.run(SegmentedRaftLogWorker.java:289)
	at java.lang.Thread.run(Thread.java:748)
Caused by: java.util.concurrent.TimeoutException
	at java.util.concurrent.CompletableFuture.timedGet(CompletableFuture.java:1771)
	at java.util.concurrent.CompletableFuture.get(CompletableFuture.java:1915)
	at org.apache.ratis.util.IOUtils.getFromFuture(IOUtils.java:79)
	... 4 more
2019-08-27 08:59:37,965 [java.util.concurrent.ThreadPoolExecutor$Worker@5c814b93[State = -1, empty queue]] WARN  server.GrpcLogAppender (GrpcLogAppender.java:timeoutAppendRequest(200)) - GrpcLogAppender(4418b26a-a5e5-4792-b343-154b02de43dd->e2fc1c3c-e5fc-4e6c-82aa-5ea8b9bf1eb5): appendEntries Timeout, request=4418b26a-a5e5-4792-b343-154b02de43dd->e2fc1c3c-e5fc-4e6c-82aa-5ea8b9bf1eb5#39-t1, previous=(t:1, i:1), leaderCommit=0, initializing? false, entries: <empty>
2019-08-27 08:59:37,967 [java.util.concurrent.ThreadPoolExecutor$Worker@670cb2b2[State = -1, empty queue]] WARN  server.GrpcLogAppender (GrpcLogAppender.java:timeoutAppendRequest(200)) - GrpcLogAppender(4418b26a-a5e5-4792-b343-154b02de43dd->83ad8e3f-e813-4fa1-9b9c-8cd3f6d9b12a): appendEntries Timeout, request=4418b26a-a5e5-4792-b343-154b02de43dd->83ad8e3f-e813-4fa1-9b9c-8cd3f6d9b12a#39-t1, previous=(t:1, i:1), leaderCommit=0, initializing? false, entries: <empty>
2019-08-27 08:59:38,014 | INFO  | SCMAudit | user=jenkins1000 | ip=192.168.34.1 | op=SEND_HEARTBEAT {datanodeUUID=a728ac9e-8b42-42b3-9e87-ec98a1f6c46a, command=[]} | ret=SUCCESS |  
2019-08-27 08:59:38,080 [grpc-default-executor-10] INFO  client.GrpcClientProtocolClient (GrpcClientProtocolClient.java:onNext(255)) - client-BD42B13CD7B7->521aeba6-88aa-48b7-8766-3f4d75ba2df1: receive RaftClientReply:client-BD42B13CD7B7->521aeba6-88aa-48b7-8766-3f4d75ba2df1@group-9BDE53BF1F89, cid=123, FAILED org.apache.ratis.protocol.NotLeaderException: Server 521aeba6-88aa-48b7-8766-3f4d75ba2df1 is not the leader (null). Request must be sent to leader., logIndex=0, commits[521aeba6-88aa-48b7-8766-3f4d75ba2df1:c-1]
2019-08-27 08:59:38,103 | INFO  | SCMAudit | user=jenkins1000 | ip=192.168.34.1 | op=SEND_HEARTBEAT {datanodeUUID=85153711-0b9c-43d4-b6cb-489303a056f8, command=[]} | ret=SUCCESS |  
2019-08-27 08:59:38,178 | INFO  | SCMAudit | user=jenkins1000 | ip=192.168.34.1 | op=SEND_HEARTBEAT {datanodeUUID=82911ef2-faee-43a5-9a1d-aeefe797784b, command=[]} | ret=SUCCESS |  
2019-08-27 08:59:38,275 | INFO  | SCMAudit | user=jenkins1000 | ip=192.168.34.1 | op=SEND_HEARTBEAT {datanodeUUID=bc465b15-8d97-4b40-b19d-df54ad9f54a7, command=[]} | ret=SUCCESS |  
2019-08-27 08:59:38,350 | INFO  | SCMAudit | user=jenkins1000 | ip=192.168.34.1 | op=SEND_HEARTBEAT {datanodeUUID=4418b26a-a5e5-4792-b343-154b02de43dd, command=[]} | ret=SUCCESS |  
2019-08-27 08:59:38,451 | INFO  | SCMAudit | user=jenkins1000 | ip=192.168.34.1 | op=SEND_HEARTBEAT {datanodeUUID=c23e5a6c-3b1c-4356-87ef-9558e93e4bf7, command=[]} | ret=SUCCESS |  
2019-08-27 08:59:38,465 [java.util.concurrent.ThreadPoolExecutor$Worker@5c814b93[State = -1, empty queue]] WARN  server.GrpcLogAppender (GrpcLogAppender.java:timeoutAppendRequest(200)) - GrpcLogAppender(4418b26a-a5e5-4792-b343-154b02de43dd->e2fc1c3c-e5fc-4e6c-82aa-5ea8b9bf1eb5): appendEntries Timeout, request=4418b26a-a5e5-4792-b343-154b02de43dd->e2fc1c3c-e5fc-4e6c-82aa-5ea8b9bf1eb5#40-t1, previous=(t:1, i:1), leaderCommit=0, initializing? false, entries: <empty>
2019-08-27 08:59:38,468 [java.util.concurrent.ThreadPoolExecutor$Worker@670cb2b2[State = -1, empty queue]] WARN  server.GrpcLogAppender (GrpcLogAppender.java:timeoutAppendRequest(200)) - GrpcLogAppender(4418b26a-a5e5-4792-b343-154b02de43dd->83ad8e3f-e813-4fa1-9b9c-8cd3f6d9b12a): appendEntries Timeout, request=4418b26a-a5e5-4792-b343-154b02de43dd->83ad8e3f-e813-4fa1-9b9c-8cd3f6d9b12a#40-t1, previous=(t:1, i:1), leaderCommit=0, initializing? false, entries: <empty>
2019-08-27 08:59:38,638 | INFO  | SCMAudit | user=jenkins1000 | ip=192.168.34.1 | op=SEND_HEARTBEAT {datanodeUUID=83ad8e3f-e813-4fa1-9b9c-8cd3f6d9b12a, command=[]} | ret=SUCCESS |  
2019-08-27 08:59:38,664 | INFO  | SCMAudit | user=jenkins1000 | ip=192.168.34.1 | op=SEND_HEARTBEAT {datanodeUUID=99a28adf-5289-4cdd-a512-dfcc6dd17230, command=[]} | ret=SUCCESS |  
2019-08-27 08:59:38,857 | INFO  | SCMAudit | user=jenkins1000 | ip=192.168.34.1 | op=SEND_HEARTBEAT {datanodeUUID=521aeba6-88aa-48b7-8766-3f4d75ba2df1, command=[]} | ret=SUCCESS |  
2019-08-27 08:59:38,901 | INFO  | SCMAudit | user=jenkins1000 | ip=192.168.34.1 | op=SEND_HEARTBEAT {datanodeUUID=e2fc1c3c-e5fc-4e6c-82aa-5ea8b9bf1eb5, command=[]} | ret=SUCCESS |  
2019-08-27 08:59:38,966 [java.util.concurrent.ThreadPoolExecutor$Worker@5c814b93[State = -1, empty queue]] WARN  server.GrpcLogAppender (GrpcLogAppender.java:timeoutAppendRequest(200)) - GrpcLogAppender(4418b26a-a5e5-4792-b343-154b02de43dd->e2fc1c3c-e5fc-4e6c-82aa-5ea8b9bf1eb5): appendEntries Timeout, request=4418b26a-a5e5-4792-b343-154b02de43dd->e2fc1c3c-e5fc-4e6c-82aa-5ea8b9bf1eb5#41-t1, previous=(t:1, i:1), leaderCommit=0, initializing? false, entries: <empty>
2019-08-27 08:59:38,968 [java.util.concurrent.ThreadPoolExecutor$Worker@670cb2b2[State = -1, empty queue]] WARN  server.GrpcLogAppender (GrpcLogAppender.java:timeoutAppendRequest(200)) - GrpcLogAppender(4418b26a-a5e5-4792-b343-154b02de43dd->83ad8e3f-e813-4fa1-9b9c-8cd3f6d9b12a): appendEntries Timeout, request=4418b26a-a5e5-4792-b343-154b02de43dd->83ad8e3f-e813-4fa1-9b9c-8cd3f6d9b12a#41-t1, previous=(t:1, i:1), leaderCommit=0, initializing? false, entries: <empty>
2019-08-27 08:59:39,014 | INFO  | SCMAudit | user=jenkins1000 | ip=192.168.34.1 | op=SEND_HEARTBEAT {datanodeUUID=a728ac9e-8b42-42b3-9e87-ec98a1f6c46a, command=[]} | ret=SUCCESS |  
2019-08-27 08:59:39,099 [grpc-default-executor-10] INFO  client.GrpcClientProtocolClient (GrpcClientProtocolClient.java:onNext(255)) - client-BD42B13CD7B7->a728ac9e-8b42-42b3-9e87-ec98a1f6c46a: receive RaftClientReply:client-BD42B13CD7B7->a728ac9e-8b42-42b3-9e87-ec98a1f6c46a@group-9BDE53BF1F89, cid=123, FAILED org.apache.ratis.protocol.NotLeaderException: Server a728ac9e-8b42-42b3-9e87-ec98a1f6c46a is not the leader (null). Request must be sent to leader., logIndex=0, commits[a728ac9e-8b42-42b3-9e87-ec98a1f6c46a:c-1]
2019-08-27 08:59:39,107 | INFO  | SCMAudit | user=jenkins1000 | ip=192.168.34.1 | op=SEND_HEARTBEAT {datanodeUUID=85153711-0b9c-43d4-b6cb-489303a056f8, command=[]} | ret=SUCCESS |  
2019-08-27 08:59:39,163 [521aeba6-88aa-48b7-8766-3f4d75ba2df1:group-9BDE53BF1F89:LeaderElection142] INFO  impl.LeaderElection (LeaderElection.java:askForVotes(181)) - 521aeba6-88aa-48b7-8766-3f4d75ba2df1:group-9BDE53BF1F89:LeaderElection142: begin an election at term 5 for -1: [521aeba6-88aa-48b7-8766-3f4d75ba2df1:192.168.34.1:36388, 82911ef2-faee-43a5-9a1d-aeefe797784b:192.168.34.1:33806, a728ac9e-8b42-42b3-9e87-ec98a1f6c46a:192.168.34.1:36002], old=null
2019-08-27 08:59:39,164 [a728ac9e-8b42-42b3-9e87-ec98a1f6c46a:group-9BDE53BF1F89:LeaderElection141] INFO  impl.LeaderElection (LeaderElection.java:askForVotes(181)) - a728ac9e-8b42-42b3-9e87-ec98a1f6c46a:group-9BDE53BF1F89:LeaderElection141: begin an election at term 5 for -1: [521aeba6-88aa-48b7-8766-3f4d75ba2df1:192.168.34.1:36388, 82911ef2-faee-43a5-9a1d-aeefe797784b:192.168.34.1:33806, a728ac9e-8b42-42b3-9e87-ec98a1f6c46a:192.168.34.1:36002], old=null
2019-08-27 08:59:39,164 [82911ef2-faee-43a5-9a1d-aeefe797784b:group-9BDE53BF1F89:LeaderElection140] INFO  impl.LeaderElection (LeaderElection.java:askForVotes(181)) - 82911ef2-faee-43a5-9a1d-aeefe797784b:group-9BDE53BF1F89:LeaderElection140: begin an election at term 5 for -1: [521aeba6-88aa-48b7-8766-3f4d75ba2df1:192.168.34.1:36388, 82911ef2-faee-43a5-9a1d-aeefe797784b:192.168.34.1:33806, a728ac9e-8b42-42b3-9e87-ec98a1f6c46a:192.168.34.1:36002], old=null
2019-08-27 08:59:39,168 [521aeba6-88aa-48b7-8766-3f4d75ba2df1:group-9BDE53BF1F89:LeaderElection142] INFO  impl.LeaderElection (LeaderElection.java:logAndReturn(56)) - 521aeba6-88aa-48b7-8766-3f4d75ba2df1:group-9BDE53BF1F89:LeaderElection142: Election REJECTED; received 2 response(s) [521aeba6-88aa-48b7-8766-3f4d75ba2df1<-82911ef2-faee-43a5-9a1d-aeefe797784b#0:FAIL-t5, 521aeba6-88aa-48b7-8766-3f4d75ba2df1<-a728ac9e-8b42-42b3-9e87-ec98a1f6c46a#0:FAIL-t5] and 0 exception(s); 521aeba6-88aa-48b7-8766-3f4d75ba2df1:t5, leader=null, voted=521aeba6-88aa-48b7-8766-3f4d75ba2df1, raftlog=521aeba6-88aa-48b7-8766-3f4d75ba2df1-SegmentedRaftLog:OPENED:c-1,f-1,i0, conf=-1: [521aeba6-88aa-48b7-8766-3f4d75ba2df1:192.168.34.1:36388, 82911ef2-faee-43a5-9a1d-aeefe797784b:192.168.34.1:33806, a728ac9e-8b42-42b3-9e87-ec98a1f6c46a:192.168.34.1:36002], old=null
2019-08-27 08:59:39,168 [521aeba6-88aa-48b7-8766-3f4d75ba2df1:group-9BDE53BF1F89:LeaderElection142] INFO  impl.RaftServerImpl (RaftServerImpl.java:setRole(171)) - 521aeba6-88aa-48b7-8766-3f4d75ba2df1:group-9BDE53BF1F89 changes role from CANDIDATE to FOLLOWER at term 5 for DISCOVERED_A_NEW_TERM
2019-08-27 08:59:39,168 [521aeba6-88aa-48b7-8766-3f4d75ba2df1:group-9BDE53BF1F89:LeaderElection142] INFO  impl.RoleInfo (RoleInfo.java:shutdownLeaderElection(134)) - 521aeba6-88aa-48b7-8766-3f4d75ba2df1: shutdown LeaderElection
2019-08-27 08:59:39,168 [521aeba6-88aa-48b7-8766-3f4d75ba2df1:group-9BDE53BF1F89:LeaderElection142] INFO  impl.RoleInfo (RoleInfo.java:updateAndGet(143)) - 521aeba6-88aa-48b7-8766-3f4d75ba2df1: start FollowerState
2019-08-27 08:59:39,168 [a728ac9e-8b42-42b3-9e87-ec98a1f6c46a:group-9BDE53BF1F89:LeaderElection141] INFO  impl.LeaderElection (LeaderElection.java:logAndReturn(56)) - a728ac9e-8b42-42b3-9e87-ec98a1f6c46a:group-9BDE53BF1F89:LeaderElection141: Election REJECTED; received 2 response(s) [a728ac9e-8b42-42b3-9e87-ec98a1f6c46a<-521aeba6-88aa-48b7-8766-3f4d75ba2df1#0:FAIL-t5, a728ac9e-8b42-42b3-9e87-ec98a1f6c46a<-82911ef2-faee-43a5-9a1d-aeefe797784b#0:FAIL-t5] and 0 exception(s); a728ac9e-8b42-42b3-9e87-ec98a1f6c46a:t5, leader=null, voted=a728ac9e-8b42-42b3-9e87-ec98a1f6c46a, raftlog=a728ac9e-8b42-42b3-9e87-ec98a1f6c46a-SegmentedRaftLog:OPENED:c-1,f-1,i0, conf=-1: [521aeba6-88aa-48b7-8766-3f4d75ba2df1:192.168.34.1:36388, 82911ef2-faee-43a5-9a1d-aeefe797784b:192.168.34.1:33806, a728ac9e-8b42-42b3-9e87-ec98a1f6c46a:192.168.34.1:36002], old=null
2019-08-27 08:59:39,168 [82911ef2-faee-43a5-9a1d-aeefe797784b:group-9BDE53BF1F89:LeaderElection140] INFO  impl.LeaderElection (LeaderElection.java:logAndReturn(56)) - 82911ef2-faee-43a5-9a1d-aeefe797784b:group-9BDE53BF1F89:LeaderElection140: Election REJECTED; received 2 response(s) [82911ef2-faee-43a5-9a1d-aeefe797784b<-521aeba6-88aa-48b7-8766-3f4d75ba2df1#0:FAIL-t5, 82911ef2-faee-43a5-9a1d-aeefe797784b<-a728ac9e-8b42-42b3-9e87-ec98a1f6c46a#0:FAIL-t5] and 0 exception(s); 82911ef2-faee-43a5-9a1d-aeefe797784b:t5, leader=null, voted=82911ef2-faee-43a5-9a1d-aeefe797784b, raftlog=82911ef2-faee-43a5-9a1d-aeefe797784b-SegmentedRaftLog:OPENED:c-1,f-1,i0, conf=-1: [521aeba6-88aa-48b7-8766-3f4d75ba2df1:192.168.34.1:36388, 82911ef2-faee-43a5-9a1d-aeefe797784b:192.168.34.1:33806, a728ac9e-8b42-42b3-9e87-ec98a1f6c46a:192.168.34.1:36002], old=null
2019-08-27 08:59:39,168 [a728ac9e-8b42-42b3-9e87-ec98a1f6c46a:group-9BDE53BF1F89:LeaderElection141] INFO  impl.RaftServerImpl (RaftServerImpl.java:setRole(171)) - a728ac9e-8b42-42b3-9e87-ec98a1f6c46a:group-9BDE53BF1F89 changes role from CANDIDATE to FOLLOWER at term 5 for DISCOVERED_A_NEW_TERM
2019-08-27 08:59:39,169 [82911ef2-faee-43a5-9a1d-aeefe797784b:group-9BDE53BF1F89:LeaderElection140] INFO  impl.RaftServerImpl (RaftServerImpl.java:setRole(171)) - 82911ef2-faee-43a5-9a1d-aeefe797784b:group-9BDE53BF1F89 changes role from CANDIDATE to FOLLOWER at term 5 for DISCOVERED_A_NEW_TERM
2019-08-27 08:59:39,169 [a728ac9e-8b42-42b3-9e87-ec98a1f6c46a:group-9BDE53BF1F89:LeaderElection141] INFO  impl.RoleInfo (RoleInfo.java:shutdownLeaderElection(134)) - a728ac9e-8b42-42b3-9e87-ec98a1f6c46a: shutdown LeaderElection
2019-08-27 08:59:39,169 [82911ef2-faee-43a5-9a1d-aeefe797784b:group-9BDE53BF1F89:LeaderElection140] INFO  impl.RoleInfo (RoleInfo.java:shutdownLeaderElection(134)) - 82911ef2-faee-43a5-9a1d-aeefe797784b: shutdown LeaderElection
2019-08-27 08:59:39,169 [a728ac9e-8b42-42b3-9e87-ec98a1f6c46a:group-9BDE53BF1F89:LeaderElection141] INFO  impl.RoleInfo (RoleInfo.java:updateAndGet(143)) - a728ac9e-8b42-42b3-9e87-ec98a1f6c46a: start FollowerState
2019-08-27 08:59:39,169 [82911ef2-faee-43a5-9a1d-aeefe797784b:group-9BDE53BF1F89:LeaderElection140] INFO  impl.RoleInfo (RoleInfo.java:updateAndGet(143)) - 82911ef2-faee-43a5-9a1d-aeefe797784b: start FollowerState
2019-08-27 08:59:39,178 | INFO  | SCMAudit | user=jenkins1000 | ip=192.168.34.1 | op=SEND_HEARTBEAT {datanodeUUID=82911ef2-faee-43a5-9a1d-aeefe797784b, command=[]} | ret=SUCCESS |  
2019-08-27 08:59:39,275 | INFO  | SCMAudit | user=jenkins1000 | ip=192.168.34.1 | op=SEND_HEARTBEAT {datanodeUUID=bc465b15-8d97-4b40-b19d-df54ad9f54a7, command=[]} | ret=SUCCESS |  
2019-08-27 08:59:39,337 | INFO  | SCMAudit | user=jenkins1000 | ip=192.168.34.1 | op=SEND_HEARTBEAT {datanodeUUID=83ad8e3f-e813-4fa1-9b9c-8cd3f6d9b12a, command=[]} | ret=SUCCESS |  
2019-08-27 08:59:39,337 | INFO  | SCMAudit | user=jenkins1000 | ip=192.168.34.1 | op=SEND_HEARTBEAT {datanodeUUID=e2fc1c3c-e5fc-4e6c-82aa-5ea8b9bf1eb5, command=[]} | ret=SUCCESS |  
2019-08-27 08:59:39,337 | INFO  | SCMAudit | user=jenkins1000 | ip=192.168.34.1 | op=SEND_HEARTBEAT {datanodeUUID=4418b26a-a5e5-4792-b343-154b02de43dd, command=[]} | ret=SUCCESS |  
2019-08-27 08:59:39,345 | INFO  | DNAudit | user=null | ip=null | op=WRITE_CHUNK {blockData=conID: 1 locID: 102688119553916941 bcsId: 0} | ret=SUCCESS |  
2019-08-27 08:59:39,348 | INFO  | DNAudit | user=null | ip=null | op=WRITE_CHUNK {blockData=conID: 1 locID: 102688119553916941 bcsId: 0} | ret=SUCCESS |  
2019-08-27 08:59:39,348 | INFO  | DNAudit | user=null | ip=null | op=WRITE_CHUNK {blockData=conID: 1 locID: 102688119553916941 bcsId: 0} | ret=SUCCESS |  
2019-08-27 08:59:39,379 [grpc-default-executor-10] WARN  server.GrpcLogAppender (GrpcLogAppender.java:onNextImpl(250)) - org.apache.ratis.grpc.server.GrpcLogAppender$AppendLogResponseHandler@6b5b88dc: Request not found, ignoring reply: 4418b26a-a5e5-4792-b343-154b02de43dd<-83ad8e3f-e813-4fa1-9b9c-8cd3f6d9b12a#3:OK,SUCCESS,nextIndex:2,term:1,followerCommit:0
2019-08-27 08:59:39,379 [grpc-default-executor-10] WARN  server.GrpcLogAppender (GrpcLogAppender.java:onNextImpl(250)) - org.apache.ratis.grpc.server.GrpcLogAppender$AppendLogResponseHandler@6b5b88dc: Request not found, ignoring reply: 4418b26a-a5e5-4792-b343-154b02de43dd<-83ad8e3f-e813-4fa1-9b9c-8cd3f6d9b12a#4:OK,SUCCESS,nextIndex:2,term:1,followerCommit:-1
2019-08-27 08:59:39,380 [grpc-default-executor-10] WARN  server.GrpcLogAppender (GrpcLogAppender.java:onNextImpl(250)) - org.apache.ratis.grpc.server.GrpcLogAppender$AppendLogResponseHandler@6b5b88dc: Request not found, ignoring reply: 4418b26a-a5e5-4792-b343-154b02de43dd<-83ad8e3f-e813-4fa1-9b9c-8cd3f6d9b12a#5:OK,SUCCESS,nextIndex:2,term:1,followerCommit:-1
2019-08-27 08:59:39,380 [grpc-default-executor-10] WARN  server.GrpcLogAppender (GrpcLogAppender.java:onNextImpl(250)) - org.apache.ratis.grpc.server.GrpcLogAppender$AppendLogResponseHandler@6b5b88dc: Request not found, ignoring reply: 4418b26a-a5e5-4792-b343-154b02de43dd<-83ad8e3f-e813-4fa1-9b9c-8cd3f6d9b12a#6:OK,SUCCESS,nextIndex:2,term:1,followerCommit:-1
2019-08-27 08:59:39,380 [grpc-default-executor-10] WARN  server.GrpcLogAppender (GrpcLogAppender.java:onNextImpl(250)) - org.apache.ratis.grpc.server.GrpcLogAppender$AppendLogResponseHandler@6b5b88dc: Request not found, ignoring reply: 4418b26a-a5e5-4792-b343-154b02de43dd<-83ad8e3f-e813-4fa1-9b9c-8cd3f6d9b12a#7:OK,SUCCESS,nextIndex:2,term:1,followerCommit:-1
2019-08-27 08:59:39,380 [grpc-default-executor-11] WARN  server.GrpcLogAppender (GrpcLogAppender.java:onNextImpl(250)) - org.apache.ratis.grpc.server.GrpcLogAppender$AppendLogResponseHandler@5a255e90: Request not found, ignoring reply: 4418b26a-a5e5-4792-b343-154b02de43dd<-e2fc1c3c-e5fc-4e6c-82aa-5ea8b9bf1eb5#3:OK,SUCCESS,nextIndex:2,term:1,followerCommit:0
2019-08-27 08:59:39,380 [grpc-default-executor-10] WARN  server.GrpcLogAppender (GrpcLogAppender.java:onNextImpl(250)) - org.apache.ratis.grpc.server.GrpcLogAppender$AppendLogResponseHandler@6b5b88dc: Request not found, ignoring reply: 4418b26a-a5e5-4792-b343-154b02de43dd<-83ad8e3f-e813-4fa1-9b9c-8cd3f6d9b12a#8:OK,SUCCESS,nextIndex:2,term:1,followerCommit:-1
2019-08-27 08:59:39,380 [grpc-default-executor-11] WARN  server.GrpcLogAppender (GrpcLogAppender.java:onNextImpl(250)) - org.apache.ratis.grpc.server.GrpcLogAppender$AppendLogResponseHandler@5a255e90: Request not found, ignoring reply: 4418b26a-a5e5-4792-b343-154b02de43dd<-e2fc1c3c-e5fc-4e6c-82aa-5ea8b9bf1eb5#4:OK,SUCCESS,nextIndex:2,term:1,followerCommit:-1
2019-08-27 08:59:39,380 [grpc-default-executor-10] WARN  server.GrpcLogAppender (GrpcLogAppender.java:onNextImpl(250)) - org.apache.ratis.grpc.server.GrpcLogAppender$AppendLogResponseHandler@6b5b88dc: Request not found, ignoring reply: 4418b26a-a5e5-4792-b343-154b02de43dd<-83ad8e3f-e813-4fa1-9b9c-8cd3f6d9b12a#9:OK,SUCCESS,nextIndex:2,term:1,followerCommit:-1
2019-08-27 08:59:39,381 [grpc-default-executor-11] WARN  server.GrpcLogAppender (GrpcLogAppender.java:onNextImpl(250)) - org.apache.ratis.grpc.server.GrpcLogAppender$AppendLogResponseHandler@5a255e90: Request not found, ignoring reply: 4418b26a-a5e5-4792-b343-154b02de43dd<-e2fc1c3c-e5fc-4e6c-82aa-5ea8b9bf1eb5#5:OK,SUCCESS,nextIndex:2,term:1,followerCommit:-1
2019-08-27 08:59:39,381 [grpc-default-executor-10] WARN  server.GrpcLogAppender (GrpcLogAppender.java:onNextImpl(250)) - org.apache.ratis.grpc.server.GrpcLogAppender$AppendLogResponseHandler@6b5b88dc: Request not found, ignoring reply: 4418b26a-a5e5-4792-b343-154b02de43dd<-83ad8e3f-e813-4fa1-9b9c-8cd3f6d9b12a#10:OK,SUCCESS,nextIndex:2,term:1,followerCommit:-1
2019-08-27 08:59:39,381 [grpc-default-executor-11] WARN  server.GrpcLogAppender (GrpcLogAppender.java:onNextImpl(250)) - org.apache.ratis.grpc.server.GrpcLogAppender$AppendLogResponseHandler@5a255e90: Request not found, ignoring reply: 4418b26a-a5e5-4792-b343-154b02de43dd<-e2fc1c3c-e5fc-4e6c-82aa-5ea8b9bf1eb5#6:OK,SUCCESS,nextIndex:2,term:1,followerCommit:-1
2019-08-27 08:59:39,381 [grpc-default-executor-10] WARN  server.GrpcLogAppender (GrpcLogAppender.java:onNextImpl(250)) - org.apache.ratis.grpc.server.GrpcLogAppender$AppendLogResponseHandler@6b5b88dc: Request not found, ignoring reply: 4418b26a-a5e5-4792-b343-154b02de43dd<-83ad8e3f-e813-4fa1-9b9c-8cd3f6d9b12a#11:OK,SUCCESS,nextIndex:2,term:1,followerCommit:-1
2019-08-27 08:59:39,381 [grpc-default-executor-11] WARN  server.GrpcLogAppender (GrpcLogAppender.java:onNextImpl(250)) - org.apache.ratis.grpc.server.GrpcLogAppender$AppendLogResponseHandler@5a255e90: Request not found, ignoring reply: 4418b26a-a5e5-4792-b343-154b02de43dd<-e2fc1c3c-e5fc-4e6c-82aa-5ea8b9bf1eb5#7:OK,SUCCESS,nextIndex:2,term:1,followerCommit:-1
2019-08-27 08:59:39,381 [grpc-default-executor-10] WARN  server.GrpcLogAppender (GrpcLogAppender.java:onNextImpl(250)) - org.apache.ratis.grpc.server.GrpcLogAppender$AppendLogResponseHandler@6b5b88dc: Request not found, ignoring reply: 4418b26a-a5e5-4792-b343-154b02de43dd<-83ad8e3f-e813-4fa1-9b9c-8cd3f6d9b12a#12:OK,SUCCESS,nextIndex:2,term:1,followerCommit:-1
2019-08-27 08:59:39,381 [grpc-default-executor-11] WARN  server.GrpcLogAppender (GrpcLogAppender.java:onNextImpl(250)) - org.apache.ratis.grpc.server.GrpcLogAppender$AppendLogResponseHandler@5a255e90: Request not found, ignoring reply: 4418b26a-a5e5-4792-b343-154b02de43dd<-e2fc1c3c-e5fc-4e6c-82aa-5ea8b9bf1eb5#8:OK,SUCCESS,nextIndex:2,term:1,followerCommit:-1
2019-08-27 08:59:39,381 [grpc-default-executor-10] WARN  server.GrpcLogAppender (GrpcLogAppender.java:onNextImpl(250)) - org.apache.ratis.grpc.server.GrpcLogAppender$AppendLogResponseHandler@6b5b88dc: Request not found, ignoring reply: 4418b26a-a5e5-4792-b343-154b02de43dd<-83ad8e3f-e813-4fa1-9b9c-8cd3f6d9b12a#13:OK,SUCCESS,nextIndex:2,term:1,followerCommit:-1
2019-08-27 08:59:39,381 [grpc-default-executor-11] WARN  server.GrpcLogAppender (GrpcLogAppender.java:onNextImpl(250)) - org.apache.ratis.grpc.server.GrpcLogAppender$AppendLogResponseHandler@5a255e90: Request not found, ignoring reply: 4418b26a-a5e5-4792-b343-154b02de43dd<-e2fc1c3c-e5fc-4e6c-82aa-5ea8b9bf1eb5#9:OK,SUCCESS,nextIndex:2,term:1,followerCommit:-1
2019-08-27 08:59:39,381 [grpc-default-executor-10] WARN  server.GrpcLogAppender (GrpcLogAppender.java:onNextImpl(250)) - org.apache.ratis.grpc.server.GrpcLogAppender$AppendLogResponseHandler@6b5b88dc: Request not found, ignoring reply: 4418b26a-a5e5-4792-b343-154b02de43dd<-83ad8e3f-e813-4fa1-9b9c-8cd3f6d9b12a#14:OK,SUCCESS,nextIndex:2,term:1,followerCommit:-1
2019-08-27 08:59:39,382 [grpc-default-executor-11] WARN  server.GrpcLogAppender (GrpcLogAppender.java:onNextImpl(250)) - org.apache.ratis.grpc.server.GrpcLogAppender$AppendLogResponseHandler@5a255e90: Request not found, ignoring reply: 4418b26a-a5e5-4792-b343-154b02de43dd<-e2fc1c3c-e5fc-4e6c-82aa-5ea8b9bf1eb5#10:OK,SUCCESS,nextIndex:2,term:1,followerCommit:-1
2019-08-27 08:59:39,382 [grpc-default-executor-10] WARN  server.GrpcLogAppender (GrpcLogAppender.java:onNextImpl(250)) - org.apache.ratis.grpc.server.GrpcLogAppender$AppendLogResponseHandler@6b5b88dc: Request not found, ignoring reply: 4418b26a-a5e5-4792-b343-154b02de43dd<-83ad8e3f-e813-4fa1-9b9c-8cd3f6d9b12a#15:OK,SUCCESS,nextIndex:2,term:1,followerCommit:-1
2019-08-27 08:59:39,382 [grpc-default-executor-11] WARN  server.GrpcLogAppender (GrpcLogAppender.java:onNextImpl(250)) - org.apache.ratis.grpc.server.GrpcLogAppender$AppendLogResponseHandler@5a255e90: Request not found, ignoring reply: 4418b26a-a5e5-4792-b343-154b02de43dd<-e2fc1c3c-e5fc-4e6c-82aa-5ea8b9bf1eb5#11:OK,SUCCESS,nextIndex:2,term:1,followerCommit:-1
2019-08-27 08:59:39,382 [grpc-default-executor-10] WARN  server.GrpcLogAppender (GrpcLogAppender.java:onNextImpl(250)) - org.apache.ratis.grpc.server.GrpcLogAppender$AppendLogResponseHandler@6b5b88dc: Request not found, ignoring reply: 4418b26a-a5e5-4792-b343-154b02de43dd<-83ad8e3f-e813-4fa1-9b9c-8cd3f6d9b12a#16:OK,SUCCESS,nextIndex:2,term:1,followerCommit:-1
2019-08-27 08:59:39,382 [grpc-default-executor-11] WARN  server.GrpcLogAppender (GrpcLogAppender.java:onNextImpl(250)) - org.apache.ratis.grpc.server.GrpcLogAppender$AppendLogResponseHandler@5a255e90: Request not found, ignoring reply: 4418b26a-a5e5-4792-b343-154b02de43dd<-e2fc1c3c-e5fc-4e6c-82aa-5ea8b9bf1eb5#12:OK,SUCCESS,nextIndex:2,term:1,followerCommit:-1
2019-08-27 08:59:39,382 [grpc-default-executor-10] WARN  server.GrpcLogAppender (GrpcLogAppender.java:onNextImpl(250)) - org.apache.ratis.grpc.server.GrpcLogAppender$AppendLogResponseHandler@6b5b88dc: Request not found, ignoring reply: 4418b26a-a5e5-4792-b343-154b02de43dd<-83ad8e3f-e813-4fa1-9b9c-8cd3f6d9b12a#17:OK,SUCCESS,nextIndex:2,term:1,followerCommit:-1
2019-08-27 08:59:39,382 [grpc-default-executor-11] WARN  server.GrpcLogAppender (GrpcLogAppender.java:onNextImpl(250)) - org.apache.ratis.grpc.server.GrpcLogAppender$AppendLogResponseHandler@5a255e90: Request not found, ignoring reply: 4418b26a-a5e5-4792-b343-154b02de43dd<-e2fc1c3c-e5fc-4e6c-82aa-5ea8b9bf1eb5#13:OK,SUCCESS,nextIndex:2,term:1,followerCommit:-1
2019-08-27 08:59:39,382 [grpc-default-executor-10] WARN  server.GrpcLogAppender (GrpcLogAppender.java:onNextImpl(250)) - org.apache.ratis.grpc.server.GrpcLogAppender$AppendLogResponseHandler@6b5b88dc: Request not found, ignoring reply: 4418b26a-a5e5-4792-b343-154b02de43dd<-83ad8e3f-e813-4fa1-9b9c-8cd3f6d9b12a#18:OK,SUCCESS,nextIndex:2,term:1,followerCommit:-1
2019-08-27 08:59:39,382 [grpc-default-executor-11] WARN  server.GrpcLogAppender (GrpcLogAppender.java:onNextImpl(250)) - org.apache.ratis.grpc.server.GrpcLogAppender$AppendLogResponseHandler@5a255e90: Request not found, ignoring reply: 4418b26a-a5e5-4792-b343-154b02de43dd<-e2fc1c3c-e5fc-4e6c-82aa-5ea8b9bf1eb5#14:OK,SUCCESS,nextIndex:2,term:1,followerCommit:-1
2019-08-27 08:59:39,382 [grpc-default-executor-10] WARN  server.GrpcLogAppender (GrpcLogAppender.java:onNextImpl(250)) - org.apache.ratis.grpc.server.GrpcLogAppender$AppendLogResponseHandler@6b5b88dc: Request not found, ignoring reply: 4418b26a-a5e5-4792-b343-154b02de43dd<-83ad8e3f-e813-4fa1-9b9c-8cd3f6d9b12a#19:OK,SUCCESS,nextIndex:2,term:1,followerCommit:-1
2019-08-27 08:59:39,383 [grpc-default-executor-11] WARN  server.GrpcLogAppender (GrpcLogAppender.java:onNextImpl(250)) - org.apache.ratis.grpc.server.GrpcLogAppender$AppendLogResponseHandler@5a255e90: Request not found, ignoring reply: 4418b26a-a5e5-4792-b343-154b02de43dd<-e2fc1c3c-e5fc-4e6c-82aa-5ea8b9bf1eb5#15:OK,SUCCESS,nextIndex:2,term:1,followerCommit:-1
2019-08-27 08:59:39,383 [grpc-default-executor-10] WARN  server.GrpcLogAppender (GrpcLogAppender.java:onNextImpl(250)) - org.apache.ratis.grpc.server.GrpcLogAppender$AppendLogResponseHandler@6b5b88dc: Request not found, ignoring reply: 4418b26a-a5e5-4792-b343-154b02de43dd<-83ad8e3f-e813-4fa1-9b9c-8cd3f6d9b12a#20:OK,SUCCESS,nextIndex:2,term:1,followerCommit:-1
2019-08-27 08:59:39,383 [grpc-default-executor-11] WARN  server.GrpcLogAppender (GrpcLogAppender.java:onNextImpl(250)) - org.apache.ratis.grpc.server.GrpcLogAppender$AppendLogResponseHandler@5a255e90: Request not found, ignoring reply: 4418b26a-a5e5-4792-b343-154b02de43dd<-e2fc1c3c-e5fc-4e6c-82aa-5ea8b9bf1eb5#16:OK,SUCCESS,nextIndex:2,term:1,followerCommit:-1
2019-08-27 08:59:39,383 [grpc-default-executor-10] WARN  server.GrpcLogAppender (GrpcLogAppender.java:onNextImpl(250)) - org.apache.ratis.grpc.server.GrpcLogAppender$AppendLogResponseHandler@6b5b88dc: Request not found, ignoring reply: 4418b26a-a5e5-4792-b343-154b02de43dd<-83ad8e3f-e813-4fa1-9b9c-8cd3f6d9b12a#21:OK,SUCCESS,nextIndex:2,term:1,followerCommit:-1
2019-08-27 08:59:39,383 [grpc-default-executor-11] WARN  server.GrpcLogAppender (GrpcLogAppender.java:onNextImpl(250)) - org.apache.ratis.grpc.server.GrpcLogAppender$AppendLogResponseHandler@5a255e90: Request not found, ignoring reply: 4418b26a-a5e5-4792-b343-154b02de43dd<-e2fc1c3c-e5fc-4e6c-82aa-5ea8b9bf1eb5#17:OK,SUCCESS,nextIndex:2,term:1,followerCommit:-1
2019-08-27 08:59:39,383 [grpc-default-executor-10] WARN  server.GrpcLogAppender (GrpcLogAppender.java:onNextImpl(250)) - org.apache.ratis.grpc.server.GrpcLogAppender$AppendLogResponseHandler@6b5b88dc: Request not found, ignoring reply: 4418b26a-a5e5-4792-b343-154b02de43dd<-83ad8e3f-e813-4fa1-9b9c-8cd3f6d9b12a#22:OK,SUCCESS,nextIndex:2,term:1,followerCommit:-1
2019-08-27 08:59:39,385 [grpc-default-executor-11] WARN  server.GrpcLogAppender (GrpcLogAppender.java:onNextImpl(250)) - org.apache.ratis.grpc.server.GrpcLogAppender$AppendLogResponseHandler@5a255e90: Request not found, ignoring reply: 4418b26a-a5e5-4792-b343-154b02de43dd<-e2fc1c3c-e5fc-4e6c-82aa-5ea8b9bf1eb5#18:OK,SUCCESS,nextIndex:2,term:1,followerCommit:-1
2019-08-27 08:59:39,385 [grpc-default-executor-10] WARN  server.GrpcLogAppender (GrpcLogAppender.java:onNextImpl(250)) - org.apache.ratis.grpc.server.GrpcLogAppender$AppendLogResponseHandler@6b5b88dc: Request not found, ignoring reply: 4418b26a-a5e5-4792-b343-154b02de43dd<-83ad8e3f-e813-4fa1-9b9c-8cd3f6d9b12a#23:OK,SUCCESS,nextIndex:2,term:1,followerCommit:-1
2019-08-27 08:59:39,385 [grpc-default-executor-11] WARN  server.GrpcLogAppender (GrpcLogAppender.java:onNextImpl(250)) - org.apache.ratis.grpc.server.GrpcLogAppender$AppendLogResponseHandler@5a255e90: Request not found, ignoring reply: 4418b26a-a5e5-4792-b343-154b02de43dd<-e2fc1c3c-e5fc-4e6c-82aa-5ea8b9bf1eb5#19:OK,SUCCESS,nextIndex:2,term:1,followerCommit:-1
2019-08-27 08:59:39,385 [grpc-default-executor-10] WARN  server.GrpcLogAppender (GrpcLogAppender.java:onNextImpl(250)) - org.apache.ratis.grpc.server.GrpcLogAppender$AppendLogResponseHandler@6b5b88dc: Request not found, ignoring reply: 4418b26a-a5e5-4792-b343-154b02de43dd<-83ad8e3f-e813-4fa1-9b9c-8cd3f6d9b12a#24:OK,SUCCESS,nextIndex:2,term:1,followerCommit:-1
2019-08-27 08:59:39,385 [grpc-default-executor-11] WARN  server.GrpcLogAppender (GrpcLogAppender.java:onNextImpl(250)) - org.apache.ratis.grpc.server.GrpcLogAppender$AppendLogResponseHandler@5a255e90: Request not found, ignoring reply: 4418b26a-a5e5-4792-b343-154b02de43dd<-e2fc1c3c-e5fc-4e6c-82aa-5ea8b9bf1eb5#20:OK,SUCCESS,nextIndex:2,term:1,followerCommit:-1
2019-08-27 08:59:39,385 [grpc-default-executor-10] WARN  server.GrpcLogAppender (GrpcLogAppender.java:onNextImpl(250)) - org.apache.ratis.grpc.server.GrpcLogAppender$AppendLogResponseHandler@6b5b88dc: Request not found, ignoring reply: 4418b26a-a5e5-4792-b343-154b02de43dd<-83ad8e3f-e813-4fa1-9b9c-8cd3f6d9b12a#25:OK,SUCCESS,nextIndex:2,term:1,followerCommit:-1
2019-08-27 08:59:39,385 [grpc-default-executor-11] WARN  server.GrpcLogAppender (GrpcLogAppender.java:onNextImpl(250)) - org.apache.ratis.grpc.server.GrpcLogAppender$AppendLogResponseHandler@5a255e90: Request not found, ignoring reply: 4418b26a-a5e5-4792-b343-154b02de43dd<-e2fc1c3c-e5fc-4e6c-82aa-5ea8b9bf1eb5#21:OK,SUCCESS,nextIndex:2,term:1,followerCommit:-1
2019-08-27 08:59:39,386 [grpc-default-executor-10] WARN  server.GrpcLogAppender (GrpcLogAppender.java:onNextImpl(250)) - org.apache.ratis.grpc.server.GrpcLogAppender$AppendLogResponseHandler@6b5b88dc: Request not found, ignoring reply: 4418b26a-a5e5-4792-b343-154b02de43dd<-83ad8e3f-e813-4fa1-9b9c-8cd3f6d9b12a#26:OK,SUCCESS,nextIndex:2,term:1,followerCommit:-1
2019-08-27 08:59:39,386 [grpc-default-executor-11] WARN  server.GrpcLogAppender (GrpcLogAppender.java:onNextImpl(250)) - org.apache.ratis.grpc.server.GrpcLogAppender$AppendLogResponseHandler@5a255e90: Request not found, ignoring reply: 4418b26a-a5e5-4792-b343-154b02de43dd<-e2fc1c3c-e5fc-4e6c-82aa-5ea8b9bf1eb5#22:OK,SUCCESS,nextIndex:2,term:1,followerCommit:-1
2019-08-27 08:59:39,386 [grpc-default-executor-10] WARN  server.GrpcLogAppender (GrpcLogAppender.java:onNextImpl(250)) - org.apache.ratis.grpc.server.GrpcLogAppender$AppendLogResponseHandler@6b5b88dc: Request not found, ignoring reply: 4418b26a-a5e5-4792-b343-154b02de43dd<-83ad8e3f-e813-4fa1-9b9c-8cd3f6d9b12a#27:OK,SUCCESS,nextIndex:2,term:1,followerCommit:-1
2019-08-27 08:59:39,386 [grpc-default-executor-11] WARN  server.GrpcLogAppender (GrpcLogAppender.java:onNextImpl(250)) - org.apache.ratis.grpc.server.GrpcLogAppender$AppendLogResponseHandler@5a255e90: Request not found, ignoring reply: 4418b26a-a5e5-4792-b343-154b02de43dd<-e2fc1c3c-e5fc-4e6c-82aa-5ea8b9bf1eb5#23:OK,SUCCESS,nextIndex:2,term:1,followerCommit:-1
2019-08-27 08:59:39,386 [grpc-default-executor-10] WARN  server.GrpcLogAppender (GrpcLogAppender.java:onNextImpl(250)) - org.apache.ratis.grpc.server.GrpcLogAppender$AppendLogResponseHandler@6b5b88dc: Request not found, ignoring reply: 4418b26a-a5e5-4792-b343-154b02de43dd<-83ad8e3f-e813-4fa1-9b9c-8cd3f6d9b12a#28:OK,SUCCESS,nextIndex:2,term:1,followerCommit:-1
2019-08-27 08:59:39,386 [grpc-default-executor-11] WARN  server.GrpcLogAppender (GrpcLogAppender.java:onNextImpl(250)) - org.apache.ratis.grpc.server.GrpcLogAppender$AppendLogResponseHandler@5a255e90: Request not found, ignoring reply: 4418b26a-a5e5-4792-b343-154b02de43dd<-e2fc1c3c-e5fc-4e6c-82aa-5ea8b9bf1eb5#24:OK,SUCCESS,nextIndex:2,term:1,followerCommit:-1
2019-08-27 08:59:39,386 [grpc-default-executor-10] WARN  server.GrpcLogAppender (GrpcLogAppender.java:onNextImpl(250)) - org.apache.ratis.grpc.server.GrpcLogAppender$AppendLogResponseHandler@6b5b88dc: Request not found, ignoring reply: 4418b26a-a5e5-4792-b343-154b02de43dd<-83ad8e3f-e813-4fa1-9b9c-8cd3f6d9b12a#29:OK,SUCCESS,nextIndex:2,term:1,followerCommit:-1
2019-08-27 08:59:39,386 [grpc-default-executor-11] WARN  server.GrpcLogAppender (GrpcLogAppender.java:onNextImpl(250)) - org.apache.ratis.grpc.server.GrpcLogAppender$AppendLogResponseHandler@5a255e90: Request not found, ignoring reply: 4418b26a-a5e5-4792-b343-154b02de43dd<-e2fc1c3c-e5fc-4e6c-82aa-5ea8b9bf1eb5#25:OK,SUCCESS,nextIndex:2,term:1,followerCommit:-1
2019-08-27 08:59:39,386 [grpc-default-executor-10] WARN  server.GrpcLogAppender (GrpcLogAppender.java:onNextImpl(250)) - org.apache.ratis.grpc.server.GrpcLogAppender$AppendLogResponseHandler@6b5b88dc: Request not found, ignoring reply: 4418b26a-a5e5-4792-b343-154b02de43dd<-83ad8e3f-e813-4fa1-9b9c-8cd3f6d9b12a#30:OK,SUCCESS,nextIndex:2,term:1,followerCommit:-1
2019-08-27 08:59:39,386 [grpc-default-executor-11] WARN  server.GrpcLogAppender (GrpcLogAppender.java:onNextImpl(250)) - org.apache.ratis.grpc.server.GrpcLogAppender$AppendLogResponseHandler@5a255e90: Request not found, ignoring reply: 4418b26a-a5e5-4792-b343-154b02de43dd<-e2fc1c3c-e5fc-4e6c-82aa-5ea8b9bf1eb5#26:OK,SUCCESS,nextIndex:2,term:1,followerCommit:-1
2019-08-27 08:59:39,387 [grpc-default-executor-10] WARN  server.GrpcLogAppender (GrpcLogAppender.java:onNextImpl(250)) - org.apache.ratis.grpc.server.GrpcLogAppender$AppendLogResponseHandler@6b5b88dc: Request not found, ignoring reply: 4418b26a-a5e5-4792-b343-154b02de43dd<-83ad8e3f-e813-4fa1-9b9c-8cd3f6d9b12a#31:OK,SUCCESS,nextIndex:2,term:1,followerCommit:-1
2019-08-27 08:59:39,387 [grpc-default-executor-11] WARN  server.GrpcLogAppender (GrpcLogAppender.java:onNextImpl(250)) - org.apache.ratis.grpc.server.GrpcLogAppender$AppendLogResponseHandler@5a255e90: Request not found, ignoring reply: 4418b26a-a5e5-4792-b343-154b02de43dd<-e2fc1c3c-e5fc-4e6c-82aa-5ea8b9bf1eb5#27:OK,SUCCESS,nextIndex:2,term:1,followerCommit:-1
2019-08-27 08:59:39,387 [grpc-default-executor-10] WARN  server.GrpcLogAppender (GrpcLogAppender.java:onNextImpl(250)) - org.apache.ratis.grpc.server.GrpcLogAppender$AppendLogResponseHandler@6b5b88dc: Request not found, ignoring reply: 4418b26a-a5e5-4792-b343-154b02de43dd<-83ad8e3f-e813-4fa1-9b9c-8cd3f6d9b12a#32:OK,SUCCESS,nextIndex:2,term:1,followerCommit:-1
2019-08-27 08:59:39,387 [grpc-default-executor-11] WARN  server.GrpcLogAppender (GrpcLogAppender.java:onNextImpl(250)) - org.apache.ratis.grpc.server.GrpcLogAppender$AppendLogResponseHandler@5a255e90: Request not found, ignoring reply: 4418b26a-a5e5-4792-b343-154b02de43dd<-e2fc1c3c-e5fc-4e6c-82aa-5ea8b9bf1eb5#28:OK,SUCCESS,nextIndex:2,term:1,followerCommit:-1
2019-08-27 08:59:39,387 [grpc-default-executor-10] WARN  server.GrpcLogAppender (GrpcLogAppender.java:onNextImpl(250)) - org.apache.ratis.grpc.server.GrpcLogAppender$AppendLogResponseHandler@6b5b88dc: Request not found, ignoring reply: 4418b26a-a5e5-4792-b343-154b02de43dd<-83ad8e3f-e813-4fa1-9b9c-8cd3f6d9b12a#33:OK,SUCCESS,nextIndex:2,term:1,followerCommit:-1
2019-08-27 08:59:39,387 [grpc-default-executor-11] WARN  server.GrpcLogAppender (GrpcLogAppender.java:onNextImpl(250)) - org.apache.ratis.grpc.server.GrpcLogAppender$AppendLogResponseHandler@5a255e90: Request not found, ignoring reply: 4418b26a-a5e5-4792-b343-154b02de43dd<-e2fc1c3c-e5fc-4e6c-82aa-5ea8b9bf1eb5#29:OK,SUCCESS,nextIndex:2,term:1,followerCommit:-1
2019-08-27 08:59:39,387 [grpc-default-executor-10] WARN  server.GrpcLogAppender (GrpcLogAppender.java:onNextImpl(250)) - org.apache.ratis.grpc.server.GrpcLogAppender$AppendLogResponseHandler@6b5b88dc: Request not found, ignoring reply: 4418b26a-a5e5-4792-b343-154b02de43dd<-83ad8e3f-e813-4fa1-9b9c-8cd3f6d9b12a#34:OK,SUCCESS,nextIndex:2,term:1,followerCommit:-1
2019-08-27 08:59:39,387 [grpc-default-executor-11] WARN  server.GrpcLogAppender (GrpcLogAppender.java:onNextImpl(250)) - org.apache.ratis.grpc.server.GrpcLogAppender$AppendLogResponseHandler@5a255e90: Request not found, ignoring reply: 4418b26a-a5e5-4792-b343-154b02de43dd<-e2fc1c3c-e5fc-4e6c-82aa-5ea8b9bf1eb5#30:OK,SUCCESS,nextIndex:2,term:1,followerCommit:-1
2019-08-27 08:59:39,387 [grpc-default-executor-10] WARN  server.GrpcLogAppender (GrpcLogAppender.java:onNextImpl(250)) - org.apache.ratis.grpc.server.GrpcLogAppender$AppendLogResponseHandler@6b5b88dc: Request not found, ignoring reply: 4418b26a-a5e5-4792-b343-154b02de43dd<-83ad8e3f-e813-4fa1-9b9c-8cd3f6d9b12a#35:OK,SUCCESS,nextIndex:2,term:1,followerCommit:-1
2019-08-27 08:59:39,387 [grpc-default-executor-11] WARN  server.GrpcLogAppender (GrpcLogAppender.java:onNextImpl(250)) - org.apache.ratis.grpc.server.GrpcLogAppender$AppendLogResponseHandler@5a255e90: Request not found, ignoring reply: 4418b26a-a5e5-4792-b343-154b02de43dd<-e2fc1c3c-e5fc-4e6c-82aa-5ea8b9bf1eb5#31:OK,SUCCESS,nextIndex:2,term:1,followerCommit:-1
2019-08-27 08:59:39,388 [grpc-default-executor-10] WARN  server.GrpcLogAppender (GrpcLogAppender.java:onNextImpl(250)) - org.apache.ratis.grpc.server.GrpcLogAppender$AppendLogResponseHandler@6b5b88dc: Request not found, ignoring reply: 4418b26a-a5e5-4792-b343-154b02de43dd<-83ad8e3f-e813-4fa1-9b9c-8cd3f6d9b12a#36:OK,SUCCESS,nextIndex:2,term:1,followerCommit:-1
2019-08-27 08:59:39,388 [grpc-default-executor-11] WARN  server.GrpcLogAppender (GrpcLogAppender.java:onNextImpl(250)) - org.apache.ratis.grpc.server.GrpcLogAppender$AppendLogResponseHandler@5a255e90: Request not found, ignoring reply: 4418b26a-a5e5-4792-b343-154b02de43dd<-e2fc1c3c-e5fc-4e6c-82aa-5ea8b9bf1eb5#32:OK,SUCCESS,nextIndex:2,term:1,followerCommit:-1
2019-08-27 08:59:39,388 [grpc-default-executor-10] WARN  server.GrpcLogAppender (GrpcLogAppender.java:onNextImpl(250)) - org.apache.ratis.grpc.server.GrpcLogAppender$AppendLogResponseHandler@6b5b88dc: Request not found, ignoring reply: 4418b26a-a5e5-4792-b343-154b02de43dd<-83ad8e3f-e813-4fa1-9b9c-8cd3f6d9b12a#37:OK,SUCCESS,nextIndex:2,term:1,followerCommit:-1
2019-08-27 08:59:39,388 [grpc-default-executor-11] WARN  server.GrpcLogAppender (GrpcLogAppender.java:onNextImpl(250)) - org.apache.ratis.grpc.server.GrpcLogAppender$AppendLogResponseHandler@5a255e90: Request not found, ignoring reply: 4418b26a-a5e5-4792-b343-154b02de43dd<-e2fc1c3c-e5fc-4e6c-82aa-5ea8b9bf1eb5#33:OK,SUCCESS,nextIndex:2,term:1,followerCommit:-1
2019-08-27 08:59:39,388 [grpc-default-executor-10] WARN  server.GrpcLogAppender (GrpcLogAppender.java:onNextImpl(250)) - org.apache.ratis.grpc.server.GrpcLogAppender$AppendLogResponseHandler@6b5b88dc: Request not found, ignoring reply: 4418b26a-a5e5-4792-b343-154b02de43dd<-83ad8e3f-e813-4fa1-9b9c-8cd3f6d9b12a#38:OK,SUCCESS,nextIndex:2,term:1,followerCommit:-1
2019-08-27 08:59:39,388 [grpc-default-executor-11] WARN  server.GrpcLogAppender (GrpcLogAppender.java:onNextImpl(250)) - org.apache.ratis.grpc.server.GrpcLogAppender$AppendLogResponseHandler@5a255e90: Request not found, ignoring reply: 4418b26a-a5e5-4792-b343-154b02de43dd<-e2fc1c3c-e5fc-4e6c-82aa-5ea8b9bf1eb5#34:OK,SUCCESS,nextIndex:2,term:1,followerCommit:-1
2019-08-27 08:59:39,388 [grpc-default-executor-10] WARN  server.GrpcLogAppender (GrpcLogAppender.java:onNextImpl(250)) - org.apache.ratis.grpc.server.GrpcLogAppender$AppendLogResponseHandler@6b5b88dc: Request not found, ignoring reply: 4418b26a-a5e5-4792-b343-154b02de43dd<-83ad8e3f-e813-4fa1-9b9c-8cd3f6d9b12a#39:OK,SUCCESS,nextIndex:2,term:1,followerCommit:-1
2019-08-27 08:59:39,388 [grpc-default-executor-11] WARN  server.GrpcLogAppender (GrpcLogAppender.java:onNextImpl(250)) - org.apache.ratis.grpc.server.GrpcLogAppender$AppendLogResponseHandler@5a255e90: Request not found, ignoring reply: 4418b26a-a5e5-4792-b343-154b02de43dd<-e2fc1c3c-e5fc-4e6c-82aa-5ea8b9bf1eb5#35:OK,SUCCESS,nextIndex:2,term:1,followerCommit:-1
2019-08-27 08:59:39,388 [grpc-default-executor-10] WARN  server.GrpcLogAppender (GrpcLogAppender.java:onNextImpl(250)) - org.apache.ratis.grpc.server.GrpcLogAppender$AppendLogResponseHandler@6b5b88dc: Request not found, ignoring reply: 4418b26a-a5e5-4792-b343-154b02de43dd<-83ad8e3f-e813-4fa1-9b9c-8cd3f6d9b12a#40:OK,SUCCESS,nextIndex:2,term:1,followerCommit:-1
2019-08-27 08:59:39,388 [grpc-default-executor-11] WARN  server.GrpcLogAppender (GrpcLogAppender.java:onNextImpl(250)) - org.apache.ratis.grpc.server.GrpcLogAppender$AppendLogResponseHandler@5a255e90: Request not found, ignoring reply: 4418b26a-a5e5-4792-b343-154b02de43dd<-e2fc1c3c-e5fc-4e6c-82aa-5ea8b9bf1eb5#36:OK,SUCCESS,nextIndex:2,term:1,followerCommit:-1
2019-08-27 08:59:39,388 [grpc-default-executor-10] WARN  server.GrpcLogAppender (GrpcLogAppender.java:onNextImpl(250)) - org.apache.ratis.grpc.server.GrpcLogAppender$AppendLogResponseHandler@6b5b88dc: Request not found, ignoring reply: 4418b26a-a5e5-4792-b343-154b02de43dd<-83ad8e3f-e813-4fa1-9b9c-8cd3f6d9b12a#41:OK,SUCCESS,nextIndex:2,term:1,followerCommit:-1
2019-08-27 08:59:39,389 [grpc-default-executor-11] WARN  server.GrpcLogAppender (GrpcLogAppender.java:onNextImpl(250)) - org.apache.ratis.grpc.server.GrpcLogAppender$AppendLogResponseHandler@5a255e90: Request not found, ignoring reply: 4418b26a-a5e5-4792-b343-154b02de43dd<-e2fc1c3c-e5fc-4e6c-82aa-5ea8b9bf1eb5#37:OK,SUCCESS,nextIndex:2,term:1,followerCommit:-1
2019-08-27 08:59:39,389 [grpc-default-executor-11] WARN  server.GrpcLogAppender (GrpcLogAppender.java:onNextImpl(250)) - org.apache.ratis.grpc.server.GrpcLogAppender$AppendLogResponseHandler@5a255e90: Request not found, ignoring reply: 4418b26a-a5e5-4792-b343-154b02de43dd<-e2fc1c3c-e5fc-4e6c-82aa-5ea8b9bf1eb5#38:OK,SUCCESS,nextIndex:2,term:1,followerCommit:-1
2019-08-27 08:59:39,389 [grpc-default-executor-11] WARN  server.GrpcLogAppender (GrpcLogAppender.java:onNextImpl(250)) - org.apache.ratis.grpc.server.GrpcLogAppender$AppendLogResponseHandler@5a255e90: Request not found, ignoring reply: 4418b26a-a5e5-4792-b343-154b02de43dd<-e2fc1c3c-e5fc-4e6c-82aa-5ea8b9bf1eb5#39:OK,SUCCESS,nextIndex:2,term:1,followerCommit:-1
2019-08-27 08:59:39,389 [grpc-default-executor-11] WARN  server.GrpcLogAppender (GrpcLogAppender.java:onNextImpl(250)) - org.apache.ratis.grpc.server.GrpcLogAppender$AppendLogResponseHandler@5a255e90: Request not found, ignoring reply: 4418b26a-a5e5-4792-b343-154b02de43dd<-e2fc1c3c-e5fc-4e6c-82aa-5ea8b9bf1eb5#40:OK,SUCCESS,nextIndex:2,term:1,followerCommit:-1
2019-08-27 08:59:39,389 [grpc-default-executor-11] WARN  server.GrpcLogAppender (GrpcLogAppender.java:onNextImpl(250)) - org.apache.ratis.grpc.server.GrpcLogAppender$AppendLogResponseHandler@5a255e90: Request not found, ignoring reply: 4418b26a-a5e5-4792-b343-154b02de43dd<-e2fc1c3c-e5fc-4e6c-82aa-5ea8b9bf1eb5#41:OK,SUCCESS,nextIndex:2,term:1,followerCommit:-1
2019-08-27 08:59:39,392 | INFO  | DNAudit | user=null | ip=null | op=WRITE_CHUNK {blockData=conID: 1 locID: 102688119553916941 bcsId: 0} | ret=SUCCESS |  
2019-08-27 08:59:39,439 | INFO  | DNAudit | user=null | ip=null | op=WRITE_CHUNK {blockData=conID: 1 locID: 102688119553916941 bcsId: 0} | ret=SUCCESS |  
2019-08-27 08:59:39,439 | INFO  | DNAudit | user=null | ip=null | op=WRITE_CHUNK {blockData=conID: 1 locID: 102688119553916941 bcsId: 0} | ret=SUCCESS |  
2019-08-27 08:59:39,452 | INFO  | SCMAudit | user=jenkins1000 | ip=192.168.34.1 | op=SEND_HEARTBEAT {datanodeUUID=c23e5a6c-3b1c-4356-87ef-9558e93e4bf7, command=[]} | ret=SUCCESS |  
2019-08-27 08:59:39,663 | INFO  | SCMAudit | user=jenkins1000 | ip=192.168.34.1 | op=SEND_HEARTBEAT {datanodeUUID=99a28adf-5289-4cdd-a512-dfcc6dd17230, command=[]} | ret=SUCCESS |  
2019-08-27 08:59:39,857 | INFO  | SCMAudit | user=jenkins1000 | ip=192.168.34.1 | op=SEND_HEARTBEAT {datanodeUUID=521aeba6-88aa-48b7-8766-3f4d75ba2df1, command=[]} | ret=SUCCESS |  
2019-08-27 08:59:40,014 | INFO  | SCMAudit | user=jenkins1000 | ip=192.168.34.1 | op=SEND_HEARTBEAT {datanodeUUID=a728ac9e-8b42-42b3-9e87-ec98a1f6c46a, command=[]} | ret=SUCCESS |  
2019-08-27 08:59:40,105 | INFO  | SCMAudit | user=jenkins1000 | ip=192.168.34.1 | op=SEND_HEARTBEAT {datanodeUUID=85153711-0b9c-43d4-b6cb-489303a056f8, command=[]} | ret=SUCCESS |  
2019-08-27 08:59:40,117 [grpc-default-executor-10] INFO  client.GrpcClientProtocolClient (GrpcClientProtocolClient.java:onNext(255)) - client-BD42B13CD7B7->82911ef2-faee-43a5-9a1d-aeefe797784b: receive RaftClientReply:client-BD42B13CD7B7->82911ef2-faee-43a5-9a1d-aeefe797784b@group-9BDE53BF1F89, cid=123, FAILED org.apache.ratis.protocol.NotLeaderException: Server 82911ef2-faee-43a5-9a1d-aeefe797784b is not the leader (null). Request must be sent to leader., logIndex=0, commits[82911ef2-faee-43a5-9a1d-aeefe797784b:c-1]
2019-08-27 08:59:40,133 [main] WARN  io.KeyOutputStream (KeyOutputStream.java:handleException(276)) - Encountered exception java.io.IOException: Unexpected Storage Container Exception: java.util.concurrent.CompletionException: java.util.concurrent.CompletionException: org.apache.ratis.protocol.RaftRetryFailureException: Failed RaftClientRequest:client-BD42B13CD7B7->82911ef2-faee-43a5-9a1d-aeefe797784b@group-9BDE53BF1F89, cid=123, seq=1*, RW, org.apache.hadoop.hdds.scm.XceiverClientRatis$$Lambda$368/1496102000@2a9d9983 for 10 attempts with RetryLimited(maxAttempts=10, sleepTime=1000ms) on the pipeline Pipeline[ Id: 9303588b-cf83-416f-8dbd-9bde53bf1f89, Nodes: 521aeba6-88aa-48b7-8766-3f4d75ba2df1{ip: 192.168.34.1, host: trunk-nightly-adhoc-20190827-ds46k-2366760622, networkLocation: /rack1, certSerialId: null}a728ac9e-8b42-42b3-9e87-ec98a1f6c46a{ip: 192.168.34.1, host: trunk-nightly-adhoc-20190827-ds46k-2366760622, networkLocation: /rack1, certSerialId: null}82911ef2-faee-43a5-9a1d-aeefe797784b{ip: 192.168.34.1, host: trunk-nightly-adhoc-20190827-ds46k-2366760622, networkLocation: /rack1, certSerialId: null}, Type:RATIS, Factor:THREE, State:OPEN]. The last committed block length is 0, uncommitted data length is 1048576 retry count 0
2019-08-27 08:59:40,150 | INFO  | SCMAudit | user=jenkins1000 | ip=192.168.34.1 | op=ALLOCATE_BLOCK {owner=39398ba2-cf8b-4809-9d48-c88bbbfd1746, size=4194304, type=RATIS, factor=THREE} | ret=SUCCESS |  
2019-08-27 08:59:40,155 | INFO  | OMAudit | user=jenkins1000 | ip=127.0.0.1 | op=ALLOCATE_BLOCK {volume=datanodefailurehandlingtest, bucket=datanodefailurehandlingtest, key=043a6a6d-902d-4d4c-a3d7-5d3f2258509c, dataSize=0, replicationType=null, replicationFactor=null, keyLocationInfo=null, clientID=102688119553458188} | ret=SUCCESS |  
2019-08-27 08:59:40,178 | INFO  | SCMAudit | user=jenkins1000 | ip=192.168.34.1 | op=SEND_HEARTBEAT {datanodeUUID=82911ef2-faee-43a5-9a1d-aeefe797784b, command=[]} | ret=SUCCESS |  
2019-08-27 08:59:40,275 | INFO  | SCMAudit | user=jenkins1000 | ip=192.168.34.1 | op=SEND_HEARTBEAT {datanodeUUID=bc465b15-8d97-4b40-b19d-df54ad9f54a7, command=[]} | ret=SUCCESS |  
2019-08-27 08:59:40,298 | INFO  | SCMAudit | user=jenkins1000 | ip=192.168.34.1 | op=SEND_HEARTBEAT {datanodeUUID=c23e5a6c-3b1c-4356-87ef-9558e93e4bf7, command=[]} | ret=SUCCESS |  
2019-08-27 08:59:40,299 | INFO  | SCMAudit | user=jenkins1000 | ip=192.168.34.1 | op=SEND_HEARTBEAT {datanodeUUID=bc465b15-8d97-4b40-b19d-df54ad9f54a7, command=[]} | ret=SUCCESS |  
2019-08-27 08:59:40,299 | INFO  | SCMAudit | user=jenkins1000 | ip=192.168.34.1 | op=SEND_HEARTBEAT {datanodeUUID=99a28adf-5289-4cdd-a512-dfcc6dd17230, command=[]} | ret=SUCCESS |  
2019-08-27 08:59:40,304 | INFO  | DNAudit | user=null | ip=null | op=WRITE_CHUNK {blockData=conID: 3 locID: 102688121169510415 bcsId: 0} | ret=SUCCESS |  
2019-08-27 08:59:40,304 | INFO  | DNAudit | user=null | ip=null | op=WRITE_CHUNK {blockData=conID: 3 locID: 102688121169510415 bcsId: 0} | ret=SUCCESS |  
2019-08-27 08:59:40,307 | INFO  | DNAudit | user=null | ip=null | op=WRITE_CHUNK {blockData=conID: 3 locID: 102688121169510415 bcsId: 0} | ret=SUCCESS |  
2019-08-27 08:59:40,321 | INFO  | DNAudit | user=null | ip=null | op=WRITE_CHUNK {blockData=conID: 3 locID: 102688121169510415 bcsId: 0} | ret=SUCCESS |  
2019-08-27 08:59:40,329 [grpc-default-executor-10] INFO  client.GrpcClientProtocolClient (GrpcClientProtocolClient.java:onNext(255)) - client-FDFBFEE2A36A->bc465b15-8d97-4b40-b19d-df54ad9f54a7: receive RaftClientReply:client-FDFBFEE2A36A->bc465b15-8d97-4b40-b19d-df54ad9f54a7@group-7C7B7DF1FA2A, cid=125, SUCCESS, logIndex=1, commits[bc465b15-8d97-4b40-b19d-df54ad9f54a7:c1, 99a28adf-5289-4cdd-a512-dfcc6dd17230:c0, c23e5a6c-3b1c-4356-87ef-9558e93e4bf7:c0]
2019-08-27 08:59:40,338 | INFO  | SCMAudit | user=jenkins1000 | ip=192.168.34.1 | op=SEND_HEARTBEAT {datanodeUUID=e2fc1c3c-e5fc-4e6c-82aa-5ea8b9bf1eb5, command=[]} | ret=SUCCESS |  
2019-08-27 08:59:40,338 | INFO  | SCMAudit | user=jenkins1000 | ip=192.168.34.1 | op=SEND_HEARTBEAT {datanodeUUID=4418b26a-a5e5-4792-b343-154b02de43dd, command=[]} | ret=SUCCESS |  
2019-08-27 08:59:40,338 | INFO  | SCMAudit | user=jenkins1000 | ip=192.168.34.1 | op=SEND_HEARTBEAT {datanodeUUID=83ad8e3f-e813-4fa1-9b9c-8cd3f6d9b12a, command=[]} | ret=SUCCESS |  
2019-08-27 08:59:40,338 | INFO  | DNAudit | user=null | ip=null | op=WRITE_CHUNK {blockData=conID: 3 locID: 102688121169510415 bcsId: 0} | ret=SUCCESS |  
2019-08-27 08:59:40,338 | INFO  | DNAudit | user=null | ip=null | op=WRITE_CHUNK {blockData=conID: 3 locID: 102688121169510415 bcsId: 0} | ret=SUCCESS |  
2019-08-27 08:59:40,349 [Thread-4055] INFO  impl.FollowerState (FollowerState.java:run(106)) - a728ac9e-8b42-42b3-9e87-ec98a1f6c46a:group-9BDE53BF1F89 changes to CANDIDATE, lastRpcTime:1179, electionTimeout:1179ms
2019-08-27 08:59:40,349 [Thread-4055] INFO  impl.RoleInfo (RoleInfo.java:shutdownFollowerState(121)) - a728ac9e-8b42-42b3-9e87-ec98a1f6c46a: shutdown FollowerState
2019-08-27 08:59:40,349 [Thread-4055] INFO  impl.RaftServerImpl (RaftServerImpl.java:setRole(171)) - a728ac9e-8b42-42b3-9e87-ec98a1f6c46a:group-9BDE53BF1F89 changes role from FOLLOWER to CANDIDATE at term 5 for changeToCandidate
2019-08-27 08:59:40,349 [Thread-4055] INFO  impl.RoleInfo (RoleInfo.java:updateAndGet(143)) - a728ac9e-8b42-42b3-9e87-ec98a1f6c46a: start LeaderElection
2019-08-27 08:59:40,351 [Thread-4054] INFO  impl.FollowerState (FollowerState.java:run(106)) - 521aeba6-88aa-48b7-8766-3f4d75ba2df1:group-9BDE53BF1F89 changes to CANDIDATE, lastRpcTime:1182, electionTimeout:1182ms
2019-08-27 08:59:40,351 [Thread-4054] INFO  impl.RoleInfo (RoleInfo.java:shutdownFollowerState(121)) - 521aeba6-88aa-48b7-8766-3f4d75ba2df1: shutdown FollowerState
2019-08-27 08:59:40,351 [Thread-4054] INFO  impl.RaftServerImpl (RaftServerImpl.java:setRole(171)) - 521aeba6-88aa-48b7-8766-3f4d75ba2df1:group-9BDE53BF1F89 changes role from FOLLOWER to CANDIDATE at term 5 for changeToCandidate
2019-08-27 08:59:40,351 [Thread-4054] INFO  impl.RoleInfo (RoleInfo.java:updateAndGet(143)) - 521aeba6-88aa-48b7-8766-3f4d75ba2df1: start LeaderElection
2019-08-27 08:59:40,355 [a728ac9e-8b42-42b3-9e87-ec98a1f6c46a:group-9BDE53BF1F89:LeaderElection143] INFO  impl.LeaderElection (LeaderElection.java:askForVotes(181)) - a728ac9e-8b42-42b3-9e87-ec98a1f6c46a:group-9BDE53BF1F89:LeaderElection143: begin an election at term 6 for -1: [521aeba6-88aa-48b7-8766-3f4d75ba2df1:192.168.34.1:36388, 82911ef2-faee-43a5-9a1d-aeefe797784b:192.168.34.1:33806, a728ac9e-8b42-42b3-9e87-ec98a1f6c46a:192.168.34.1:36002], old=null
2019-08-27 08:59:40,357 [grpc-default-executor-10] INFO  impl.RaftServerImpl (RaftServerImpl.java:setRole(171)) - 82911ef2-faee-43a5-9a1d-aeefe797784b:group-9BDE53BF1F89 changes role from FOLLOWER to FOLLOWER at term 6 for recognizeCandidate:a728ac9e-8b42-42b3-9e87-ec98a1f6c46a
2019-08-27 08:59:40,357 [grpc-default-executor-10] INFO  impl.RoleInfo (RoleInfo.java:shutdownFollowerState(121)) - 82911ef2-faee-43a5-9a1d-aeefe797784b: shutdown FollowerState
2019-08-27 08:59:40,357 [grpc-default-executor-10] INFO  impl.RoleInfo (RoleInfo.java:updateAndGet(143)) - 82911ef2-faee-43a5-9a1d-aeefe797784b: start FollowerState
2019-08-27 08:59:40,357 [Thread-4056] INFO  impl.FollowerState (FollowerState.java:run(114)) - 82911ef2-faee-43a5-9a1d-aeefe797784b: FollowerState was interrupted: java.lang.InterruptedException: sleep interrupted
2019-08-27 08:59:40,371 [521aeba6-88aa-48b7-8766-3f4d75ba2df1:group-9BDE53BF1F89:LeaderElection144] INFO  impl.LeaderElection (LeaderElection.java:askForVotes(181)) - 521aeba6-88aa-48b7-8766-3f4d75ba2df1:group-9BDE53BF1F89:LeaderElection144: begin an election at term 6 for -1: [521aeba6-88aa-48b7-8766-3f4d75ba2df1:192.168.34.1:36388, 82911ef2-faee-43a5-9a1d-aeefe797784b:192.168.34.1:33806, a728ac9e-8b42-42b3-9e87-ec98a1f6c46a:192.168.34.1:36002], old=null
2019-08-27 08:59:40,372 [a728ac9e-8b42-42b3-9e87-ec98a1f6c46a:group-9BDE53BF1F89:LeaderElection143] INFO  impl.LeaderElection (LeaderElection.java:logAndReturn(56)) - a728ac9e-8b42-42b3-9e87-ec98a1f6c46a:group-9BDE53BF1F89:LeaderElection143: Election PASSED; received 2 response(s) [a728ac9e-8b42-42b3-9e87-ec98a1f6c46a<-521aeba6-88aa-48b7-8766-3f4d75ba2df1#0:FAIL-t6, a728ac9e-8b42-42b3-9e87-ec98a1f6c46a<-82911ef2-faee-43a5-9a1d-aeefe797784b#0:OK-t6] and 0 exception(s); a728ac9e-8b42-42b3-9e87-ec98a1f6c46a:t6, leader=null, voted=a728ac9e-8b42-42b3-9e87-ec98a1f6c46a, raftlog=a728ac9e-8b42-42b3-9e87-ec98a1f6c46a-SegmentedRaftLog:OPENED:c-1,f-1,i0, conf=-1: [521aeba6-88aa-48b7-8766-3f4d75ba2df1:192.168.34.1:36388, 82911ef2-faee-43a5-9a1d-aeefe797784b:192.168.34.1:33806, a728ac9e-8b42-42b3-9e87-ec98a1f6c46a:192.168.34.1:36002], old=null
2019-08-27 08:59:40,372 [a728ac9e-8b42-42b3-9e87-ec98a1f6c46a:group-9BDE53BF1F89:LeaderElection143] INFO  impl.RoleInfo (RoleInfo.java:shutdownLeaderElection(134)) - a728ac9e-8b42-42b3-9e87-ec98a1f6c46a: shutdown LeaderElection
2019-08-27 08:59:40,372 [a728ac9e-8b42-42b3-9e87-ec98a1f6c46a:group-9BDE53BF1F89:LeaderElection143] INFO  impl.RaftServerImpl (RaftServerImpl.java:setRole(171)) - a728ac9e-8b42-42b3-9e87-ec98a1f6c46a:group-9BDE53BF1F89 changes role from CANDIDATE to LEADER at term 6 for changeToLeader
2019-08-27 08:59:40,373 [a728ac9e-8b42-42b3-9e87-ec98a1f6c46a:group-9BDE53BF1F89:LeaderElection143] INFO  impl.RaftServerImpl (ServerState.java:setLeader(263)) - a728ac9e-8b42-42b3-9e87-ec98a1f6c46a:group-9BDE53BF1F89 change Leader from null to a728ac9e-8b42-42b3-9e87-ec98a1f6c46a at term 6 for becomeLeader, leader elected after 26119ms
2019-08-27 08:59:40,373 [a728ac9e-8b42-42b3-9e87-ec98a1f6c46a:group-9BDE53BF1F89:LeaderElection143] INFO  server.RaftServerConfigKeys (ConfUtils.java:logGet(43)) - raft.server.staging.catchup.gap = 1000 (default)
2019-08-27 08:59:40,373 [a728ac9e-8b42-42b3-9e87-ec98a1f6c46a:group-9BDE53BF1F89:LeaderElection143] INFO  server.RaftServerConfigKeys (ConfUtils.java:logGet(43)) - raft.server.rpc.sleep.time = 25ms (default)
2019-08-27 08:59:40,373 [a728ac9e-8b42-42b3-9e87-ec98a1f6c46a:group-9BDE53BF1F89:LeaderElection143] INFO  server.RaftServerConfigKeys (ConfUtils.java:logGet(43)) - raft.server.write.element-limit = 4096 (default)
2019-08-27 08:59:40,373 [a728ac9e-8b42-42b3-9e87-ec98a1f6c46a:group-9BDE53BF1F89:LeaderElection143] INFO  server.RaftServerConfigKeys (ConfUtils.java:logGet(43)) - raft.server.watch.timeout = 10s (default)
2019-08-27 08:59:40,373 [a728ac9e-8b42-42b3-9e87-ec98a1f6c46a:group-9BDE53BF1F89:LeaderElection143] INFO  server.RaftServerConfigKeys (ConfUtils.java:logGet(43)) - raft.server.watch.timeout.denomination = 1s (default)
2019-08-27 08:59:40,373 [a728ac9e-8b42-42b3-9e87-ec98a1f6c46a:group-9BDE53BF1F89:LeaderElection143] INFO  server.RaftServerConfigKeys (ConfUtils.java:logGet(43)) - raft.server.watch.element-limit = 65536 (default)
2019-08-27 08:59:40,373 [a728ac9e-8b42-42b3-9e87-ec98a1f6c46a:group-9BDE53BF1F89:LeaderElection143] INFO  server.RaftServerConfigKeys (ConfUtils.java:logGet(43)) - raft.server.log.appender.snapshot.chunk.size.max = 16MB (=16777216) (default)
2019-08-27 08:59:40,374 [a728ac9e-8b42-42b3-9e87-ec98a1f6c46a:group-9BDE53BF1F89:LeaderElection143] INFO  server.RaftServerConfigKeys (ConfUtils.java:logGet(43)) - raft.server.log.appender.buffer.byte-limit = 33554432 (custom)
2019-08-27 08:59:40,374 [a728ac9e-8b42-42b3-9e87-ec98a1f6c46a:group-9BDE53BF1F89:LeaderElection143] INFO  server.RaftServerConfigKeys (ConfUtils.java:logGet(43)) - raft.server.log.appender.buffer.element-limit = 1 (custom)
2019-08-27 08:59:40,374 [a728ac9e-8b42-42b3-9e87-ec98a1f6c46a:group-9BDE53BF1F89:LeaderElection143] INFO  grpc.GrpcConfigKeys$Server (ConfUtils.java:logGet(43)) - raft.grpc.server.leader.outstanding.appends.max = 128 (default)
2019-08-27 08:59:40,374 [a728ac9e-8b42-42b3-9e87-ec98a1f6c46a:group-9BDE53BF1F89:LeaderElection143] INFO  server.RaftServerConfigKeys (ConfUtils.java:logGet(43)) - raft.server.rpc.request.timeout = 3000ms (default)
2019-08-27 08:59:40,374 [a728ac9e-8b42-42b3-9e87-ec98a1f6c46a:group-9BDE53BF1F89:LeaderElection143] INFO  server.RaftServerConfigKeys (ConfUtils.java:logGet(43)) - raft.server.log.appender.install.snapshot.enabled = false (custom)
2019-08-27 08:59:40,374 [a728ac9e-8b42-42b3-9e87-ec98a1f6c46a:group-9BDE53BF1F89:LeaderElection143] INFO  server.RaftServerConfigKeys (ConfUtils.java:logGet(43)) - raft.server.log.appender.snapshot.chunk.size.max = 16MB (=16777216) (default)
2019-08-27 08:59:40,374 [a728ac9e-8b42-42b3-9e87-ec98a1f6c46a:group-9BDE53BF1F89:LeaderElection143] INFO  server.RaftServerConfigKeys (ConfUtils.java:logGet(43)) - raft.server.log.appender.buffer.byte-limit = 33554432 (custom)
2019-08-27 08:59:40,374 [a728ac9e-8b42-42b3-9e87-ec98a1f6c46a:group-9BDE53BF1F89:LeaderElection143] INFO  server.RaftServerConfigKeys (ConfUtils.java:logGet(43)) - raft.server.log.appender.buffer.element-limit = 1 (custom)
2019-08-27 08:59:40,375 [a728ac9e-8b42-42b3-9e87-ec98a1f6c46a:group-9BDE53BF1F89:LeaderElection143] INFO  grpc.GrpcConfigKeys$Server (ConfUtils.java:logGet(43)) - raft.grpc.server.leader.outstanding.appends.max = 128 (default)
2019-08-27 08:59:40,375 [a728ac9e-8b42-42b3-9e87-ec98a1f6c46a:group-9BDE53BF1F89:LeaderElection143] INFO  server.RaftServerConfigKeys (ConfUtils.java:logGet(43)) - raft.server.rpc.request.timeout = 3000ms (default)
2019-08-27 08:59:40,375 [a728ac9e-8b42-42b3-9e87-ec98a1f6c46a:group-9BDE53BF1F89:LeaderElection143] INFO  server.RaftServerConfigKeys (ConfUtils.java:logGet(43)) - raft.server.log.appender.install.snapshot.enabled = false (custom)
2019-08-27 08:59:40,375 [a728ac9e-8b42-42b3-9e87-ec98a1f6c46a:group-9BDE53BF1F89:LeaderElection143] INFO  impl.RoleInfo (RoleInfo.java:updateAndGet(143)) - a728ac9e-8b42-42b3-9e87-ec98a1f6c46a: start LeaderState
2019-08-27 08:59:40,375 [a728ac9e-8b42-42b3-9e87-ec98a1f6c46a:group-9BDE53BF1F89:LeaderElection143] INFO  segmented.SegmentedRaftLogWorker (SegmentedRaftLogWorker.java:startLogSegment(380)) - a728ac9e-8b42-42b3-9e87-ec98a1f6c46a-SegmentedRaftLogWorker:Storage Directory /workdir/hadoop-ozone/integration-test/target/test-dir/MiniOzoneClusterImpl-5fa0230b-2e3b-4574-a1d1-aab0eaf0b74a/datanode-7/data/ratis/9303588b-cf83-416f-8dbd-9bde53bf1f89: Starting segment from index:0
2019-08-27 08:59:40,376 [a728ac9e-8b42-42b3-9e87-ec98a1f6c46a:group-9BDE53BF1F89:LeaderElection143] INFO  impl.RaftServerImpl (ServerState.java:setRaftConf(361)) - a728ac9e-8b42-42b3-9e87-ec98a1f6c46a:group-9BDE53BF1F89 set configuration 0: [521aeba6-88aa-48b7-8766-3f4d75ba2df1:192.168.34.1:36388, 82911ef2-faee-43a5-9a1d-aeefe797784b:192.168.34.1:33806, a728ac9e-8b42-42b3-9e87-ec98a1f6c46a:192.168.34.1:36002], old=null at 0
2019-08-27 08:59:40,376 [grpc-default-executor-11] INFO  impl.RaftServerImpl (RaftServerImpl.java:requestVote(754)) - a728ac9e-8b42-42b3-9e87-ec98a1f6c46a-LEADER: Withhold vote from candidate 521aeba6-88aa-48b7-8766-3f4d75ba2df1 with term 6. State: leader=a728ac9e-8b42-42b3-9e87-ec98a1f6c46a, term=6, lastRpcElapsed=null
2019-08-27 08:59:40,393 [grpc-default-executor-10] INFO  impl.RaftServerImpl (ServerState.java:setLeader(263)) - 82911ef2-faee-43a5-9a1d-aeefe797784b:group-9BDE53BF1F89 change Leader from null to a728ac9e-8b42-42b3-9e87-ec98a1f6c46a at term 6 for appendEntries, leader elected after 26123ms
2019-08-27 08:59:40,393 [521aeba6-88aa-48b7-8766-3f4d75ba2df1:group-9BDE53BF1F89:LeaderElection144] INFO  impl.LeaderElection (LeaderElection.java:logAndReturn(56)) - 521aeba6-88aa-48b7-8766-3f4d75ba2df1:group-9BDE53BF1F89:LeaderElection144: Election REJECTED; received 2 response(s) [521aeba6-88aa-48b7-8766-3f4d75ba2df1<-82911ef2-faee-43a5-9a1d-aeefe797784b#0:FAIL-t6, 521aeba6-88aa-48b7-8766-3f4d75ba2df1<-a728ac9e-8b42-42b3-9e87-ec98a1f6c46a#0:FAIL-t6] and 0 exception(s); 521aeba6-88aa-48b7-8766-3f4d75ba2df1:t6, leader=null, voted=521aeba6-88aa-48b7-8766-3f4d75ba2df1, raftlog=521aeba6-88aa-48b7-8766-3f4d75ba2df1-SegmentedRaftLog:OPENED:c-1,f-1,i0, conf=-1: [521aeba6-88aa-48b7-8766-3f4d75ba2df1:192.168.34.1:36388, 82911ef2-faee-43a5-9a1d-aeefe797784b:192.168.34.1:33806, a728ac9e-8b42-42b3-9e87-ec98a1f6c46a:192.168.34.1:36002], old=null
2019-08-27 08:59:40,393 [grpc-default-executor-11] INFO  impl.RaftServerImpl (RaftServerImpl.java:setRole(171)) - 521aeba6-88aa-48b7-8766-3f4d75ba2df1:group-9BDE53BF1F89 changes role from CANDIDATE to FOLLOWER at term 6 for appendEntries
2019-08-27 08:59:40,393 [grpc-default-executor-11] INFO  impl.RoleInfo (RoleInfo.java:shutdownLeaderElection(134)) - 521aeba6-88aa-48b7-8766-3f4d75ba2df1: shutdown LeaderElection
2019-08-27 08:59:40,394 [grpc-default-executor-11] INFO  impl.RoleInfo (RoleInfo.java:updateAndGet(143)) - 521aeba6-88aa-48b7-8766-3f4d75ba2df1: start FollowerState
2019-08-27 08:59:40,394 [grpc-default-executor-11] INFO  impl.RaftServerImpl (ServerState.java:setLeader(263)) - 521aeba6-88aa-48b7-8766-3f4d75ba2df1:group-9BDE53BF1F89 change Leader from null to a728ac9e-8b42-42b3-9e87-ec98a1f6c46a at term 6 for appendEntries, leader elected after 26140ms
2019-08-27 08:59:40,394 [grpc-default-executor-11] INFO  impl.RaftServerImpl (ServerState.java:setRaftConf(361)) - 82911ef2-faee-43a5-9a1d-aeefe797784b:group-9BDE53BF1F89 set configuration 0: [521aeba6-88aa-48b7-8766-3f4d75ba2df1:192.168.34.1:36388, 82911ef2-faee-43a5-9a1d-aeefe797784b:192.168.34.1:33806, a728ac9e-8b42-42b3-9e87-ec98a1f6c46a:192.168.34.1:36002], old=null at 0
2019-08-27 08:59:40,395 [grpc-default-executor-11] INFO  segmented.SegmentedRaftLogWorker (SegmentedRaftLogWorker.java:startLogSegment(380)) - 82911ef2-faee-43a5-9a1d-aeefe797784b-SegmentedRaftLogWorker:Storage Directory /workdir/hadoop-ozone/integration-test/target/test-dir/MiniOzoneClusterImpl-5fa0230b-2e3b-4574-a1d1-aab0eaf0b74a/datanode-8/data/ratis/9303588b-cf83-416f-8dbd-9bde53bf1f89: Starting segment from index:0
2019-08-27 08:59:40,395 [grpc-default-executor-11] INFO  impl.RaftServerImpl (ServerState.java:setRaftConf(361)) - 521aeba6-88aa-48b7-8766-3f4d75ba2df1:group-9BDE53BF1F89 set configuration 0: [521aeba6-88aa-48b7-8766-3f4d75ba2df1:192.168.34.1:36388, 82911ef2-faee-43a5-9a1d-aeefe797784b:192.168.34.1:33806, a728ac9e-8b42-42b3-9e87-ec98a1f6c46a:192.168.34.1:36002], old=null at 0
2019-08-27 08:59:40,395 [grpc-default-executor-11] INFO  segmented.SegmentedRaftLogWorker (SegmentedRaftLogWorker.java:startLogSegment(380)) - 521aeba6-88aa-48b7-8766-3f4d75ba2df1-SegmentedRaftLogWorker:Storage Directory /workdir/hadoop-ozone/integration-test/target/test-dir/MiniOzoneClusterImpl-5fa0230b-2e3b-4574-a1d1-aab0eaf0b74a/datanode-6/data/ratis/9303588b-cf83-416f-8dbd-9bde53bf1f89: Starting segment from index:0
2019-08-27 08:59:40,426 | INFO  | DNAudit | user=null | ip=null | op=PUT_BLOCK {blockData=[blockId=conID: 3 locID: 102688121169510415 bcsId: 0,size=1048576]} | ret=SUCCESS |  
2019-08-27 08:59:40,431 [grpc-default-executor-11] INFO  client.GrpcClientProtocolClient (GrpcClientProtocolClient.java:onNext(255)) - client-FDFBFEE2A36A->bc465b15-8d97-4b40-b19d-df54ad9f54a7: receive RaftClientReply:client-FDFBFEE2A36A->bc465b15-8d97-4b40-b19d-df54ad9f54a7@group-7C7B7DF1FA2A, cid=126, SUCCESS, logIndex=3, commits[bc465b15-8d97-4b40-b19d-df54ad9f54a7:c4, 99a28adf-5289-4cdd-a512-dfcc6dd17230:c3, c23e5a6c-3b1c-4356-87ef-9558e93e4bf7:c3]
2019-08-27 08:59:40,432 [main] INFO  datanode.ObjectStoreHandler (ObjectStoreHandler.java:close(155)) - Closing ObjectStoreHandler.
2019-08-27 08:59:40,432 [main] INFO  ozone.HddsDatanodeService (HddsDatanodeService.java:stop(451)) - Stopped plug-in org.apache.hadoop.ozone.web.OzoneHddsDatanodeService@3a089620
2019-08-27 08:59:40,434 [521aeba6-88aa-48b7-8766-3f4d75ba2df1-SegmentedRaftLogWorker:Storage Directory /workdir/hadoop-ozone/integration-test/target/test-dir/MiniOzoneClusterImpl-5fa0230b-2e3b-4574-a1d1-aab0eaf0b74a/datanode-6/data/ratis/9303588b-cf83-416f-8dbd-9bde53bf1f89] INFO  segmented.SegmentedRaftLogWorker (SegmentedRaftLogWorker.java:execute(569)) - 521aeba6-88aa-48b7-8766-3f4d75ba2df1-SegmentedRaftLogWorker:Storage Directory /workdir/hadoop-ozone/integration-test/target/test-dir/MiniOzoneClusterImpl-5fa0230b-2e3b-4574-a1d1-aab0eaf0b74a/datanode-6/data/ratis/9303588b-cf83-416f-8dbd-9bde53bf1f89: created new log segment /workdir/hadoop-ozone/integration-test/target/test-dir/MiniOzoneClusterImpl-5fa0230b-2e3b-4574-a1d1-aab0eaf0b74a/datanode-6/data/ratis/9303588b-cf83-416f-8dbd-9bde53bf1f89/current/log_inprogress_0
2019-08-27 08:59:40,434 [82911ef2-faee-43a5-9a1d-aeefe797784b-SegmentedRaftLogWorker:Storage Directory /workdir/hadoop-ozone/integration-test/target/test-dir/MiniOzoneClusterImpl-5fa0230b-2e3b-4574-a1d1-aab0eaf0b74a/datanode-8/data/ratis/9303588b-cf83-416f-8dbd-9bde53bf1f89] INFO  segmented.SegmentedRaftLogWorker (SegmentedRaftLogWorker.java:execute(569)) - 82911ef2-faee-43a5-9a1d-aeefe797784b-SegmentedRaftLogWorker:Storage Directory /workdir/hadoop-ozone/integration-test/target/test-dir/MiniOzoneClusterImpl-5fa0230b-2e3b-4574-a1d1-aab0eaf0b74a/datanode-8/data/ratis/9303588b-cf83-416f-8dbd-9bde53bf1f89: created new log segment /workdir/hadoop-ozone/integration-test/target/test-dir/MiniOzoneClusterImpl-5fa0230b-2e3b-4574-a1d1-aab0eaf0b74a/datanode-8/data/ratis/9303588b-cf83-416f-8dbd-9bde53bf1f89/current/log_inprogress_0
2019-08-27 08:59:40,434 [a728ac9e-8b42-42b3-9e87-ec98a1f6c46a-SegmentedRaftLogWorker:Storage Directory /workdir/hadoop-ozone/integration-test/target/test-dir/MiniOzoneClusterImpl-5fa0230b-2e3b-4574-a1d1-aab0eaf0b74a/datanode-7/data/ratis/9303588b-cf83-416f-8dbd-9bde53bf1f89] INFO  segmented.SegmentedRaftLogWorker (SegmentedRaftLogWorker.java:execute(569)) - a728ac9e-8b42-42b3-9e87-ec98a1f6c46a-SegmentedRaftLogWorker:Storage Directory /workdir/hadoop-ozone/integration-test/target/test-dir/MiniOzoneClusterImpl-5fa0230b-2e3b-4574-a1d1-aab0eaf0b74a/datanode-7/data/ratis/9303588b-cf83-416f-8dbd-9bde53bf1f89: created new log segment /workdir/hadoop-ozone/integration-test/target/test-dir/MiniOzoneClusterImpl-5fa0230b-2e3b-4574-a1d1-aab0eaf0b74a/datanode-7/data/ratis/9303588b-cf83-416f-8dbd-9bde53bf1f89/current/log_inprogress_0
2019-08-27 08:59:40,441 | INFO  | DNAudit | user=null | ip=null | op=PUT_BLOCK {blockData=[blockId=conID: 3 locID: 102688121169510415 bcsId: 0,size=1048576]} | ret=SUCCESS |  
2019-08-27 08:59:40,459 | INFO  | DNAudit | user=null | ip=null | op=PUT_BLOCK {blockData=[blockId=conID: 3 locID: 102688121169510415 bcsId: 0,size=1048576]} | ret=SUCCESS |  
2019-08-27 08:59:40,857 | INFO  | SCMAudit | user=jenkins1000 | ip=192.168.34.1 | op=SEND_HEARTBEAT {datanodeUUID=521aeba6-88aa-48b7-8766-3f4d75ba2df1, command=[]} | ret=SUCCESS |  
2019-08-27 08:59:41,015 | INFO  | SCMAudit | user=jenkins1000 | ip=192.168.34.1 | op=SEND_HEARTBEAT {datanodeUUID=a728ac9e-8b42-42b3-9e87-ec98a1f6c46a, command=[]} | ret=SUCCESS |  
2019-08-27 08:59:41,106 | INFO  | SCMAudit | user=jenkins1000 | ip=192.168.34.1 | op=SEND_HEARTBEAT {datanodeUUID=85153711-0b9c-43d4-b6cb-489303a056f8, command=[]} | ret=SUCCESS |  
2019-08-27 08:59:41,177 | INFO  | SCMAudit | user=jenkins1000 | ip=192.168.34.1 | op=SEND_HEARTBEAT {datanodeUUID=82911ef2-faee-43a5-9a1d-aeefe797784b, command=[]} | ret=SUCCESS |  
2019-08-27 08:59:41,298 | INFO  | SCMAudit | user=jenkins1000 | ip=192.168.34.1 | op=SEND_HEARTBEAT {datanodeUUID=bc465b15-8d97-4b40-b19d-df54ad9f54a7, command=[]} | ret=SUCCESS |  
2019-08-27 08:59:41,298 | INFO  | SCMAudit | user=jenkins1000 | ip=192.168.34.1 | op=SEND_HEARTBEAT {datanodeUUID=99a28adf-5289-4cdd-a512-dfcc6dd17230, command=[]} | ret=SUCCESS |  
2019-08-27 08:59:41,298 | INFO  | SCMAudit | user=jenkins1000 | ip=192.168.34.1 | op=SEND_HEARTBEAT {datanodeUUID=c23e5a6c-3b1c-4356-87ef-9558e93e4bf7, command=[]} | ret=SUCCESS |  
2019-08-27 08:59:41,337 [Datanode State Machine Thread - 0] INFO  statemachine.DatanodeStateMachine (DatanodeStateMachine.java:lambda$startDaemon$0(350)) - Ozone container server started.
2019-08-27 08:59:41,338 | INFO  | SCMAudit | user=jenkins1000 | ip=192.168.34.1 | op=SEND_HEARTBEAT {datanodeUUID=83ad8e3f-e813-4fa1-9b9c-8cd3f6d9b12a, command=[]} | ret=SUCCESS |  
2019-08-27 08:59:41,338 | INFO  | SCMAudit | user=jenkins1000 | ip=192.168.34.1 | op=SEND_HEARTBEAT {datanodeUUID=4418b26a-a5e5-4792-b343-154b02de43dd, command=[]} | ret=SUCCESS |  
2019-08-27 08:59:41,857 | INFO  | SCMAudit | user=jenkins1000 | ip=192.168.34.1 | op=SEND_HEARTBEAT {datanodeUUID=521aeba6-88aa-48b7-8766-3f4d75ba2df1, command=[]} | ret=SUCCESS |  
2019-08-27 08:59:42,015 | INFO  | SCMAudit | user=jenkins1000 | ip=192.168.34.1 | op=SEND_HEARTBEAT {datanodeUUID=a728ac9e-8b42-42b3-9e87-ec98a1f6c46a, command=[]} | ret=SUCCESS |  
2019-08-27 08:59:42,106 | INFO  | SCMAudit | user=jenkins1000 | ip=192.168.34.1 | op=SEND_HEARTBEAT {datanodeUUID=85153711-0b9c-43d4-b6cb-489303a056f8, command=[]} | ret=SUCCESS |  
2019-08-27 08:59:42,177 | INFO  | SCMAudit | user=jenkins1000 | ip=192.168.34.1 | op=SEND_HEARTBEAT {datanodeUUID=82911ef2-faee-43a5-9a1d-aeefe797784b, command=[]} | ret=SUCCESS |  
2019-08-27 08:59:42,299 | INFO  | SCMAudit | user=jenkins1000 | ip=192.168.34.1 | op=SEND_HEARTBEAT {datanodeUUID=bc465b15-8d97-4b40-b19d-df54ad9f54a7, command=[]} | ret=SUCCESS |  
2019-08-27 08:59:42,299 | INFO  | SCMAudit | user=jenkins1000 | ip=192.168.34.1 | op=SEND_HEARTBEAT {datanodeUUID=99a28adf-5289-4cdd-a512-dfcc6dd17230, command=[]} | ret=SUCCESS |  
2019-08-27 08:59:42,299 | INFO  | SCMAudit | user=jenkins1000 | ip=192.168.34.1 | op=SEND_HEARTBEAT {datanodeUUID=c23e5a6c-3b1c-4356-87ef-9558e93e4bf7, command=[]} | ret=SUCCESS |  
2019-08-27 08:59:42,338 | INFO  | SCMAudit | user=jenkins1000 | ip=192.168.34.1 | op=SEND_HEARTBEAT {datanodeUUID=4418b26a-a5e5-4792-b343-154b02de43dd, command=[]} | ret=SUCCESS |  
2019-08-27 08:59:42,338 | INFO  | SCMAudit | user=jenkins1000 | ip=192.168.34.1 | op=SEND_HEARTBEAT {datanodeUUID=83ad8e3f-e813-4fa1-9b9c-8cd3f6d9b12a, command=[]} | ret=SUCCESS |  
2019-08-27 08:59:42,857 | INFO  | SCMAudit | user=jenkins1000 | ip=192.168.34.1 | op=SEND_HEARTBEAT {datanodeUUID=521aeba6-88aa-48b7-8766-3f4d75ba2df1, command=[]} | ret=SUCCESS |  
2019-08-27 08:59:43,015 | INFO  | SCMAudit | user=jenkins1000 | ip=192.168.34.1 | op=SEND_HEARTBEAT {datanodeUUID=a728ac9e-8b42-42b3-9e87-ec98a1f6c46a, command=[]} | ret=SUCCESS |  
2019-08-27 08:59:43,106 | INFO  | SCMAudit | user=jenkins1000 | ip=192.168.34.1 | op=SEND_HEARTBEAT {datanodeUUID=85153711-0b9c-43d4-b6cb-489303a056f8, command=[]} | ret=SUCCESS |  
2019-08-27 08:59:43,177 | INFO  | SCMAudit | user=jenkins1000 | ip=192.168.34.1 | op=SEND_HEARTBEAT {datanodeUUID=82911ef2-faee-43a5-9a1d-aeefe797784b, command=[]} | ret=SUCCESS |  
2019-08-27 08:59:43,299 | INFO  | SCMAudit | user=jenkins1000 | ip=192.168.34.1 | op=SEND_HEARTBEAT {datanodeUUID=bc465b15-8d97-4b40-b19d-df54ad9f54a7, command=[]} | ret=SUCCESS |  
2019-08-27 08:59:43,299 | INFO  | SCMAudit | user=jenkins1000 | ip=192.168.34.1 | op=SEND_HEARTBEAT {datanodeUUID=99a28adf-5289-4cdd-a512-dfcc6dd17230, command=[]} | ret=SUCCESS |  
2019-08-27 08:59:43,299 | INFO  | SCMAudit | user=jenkins1000 | ip=192.168.34.1 | op=SEND_HEARTBEAT {datanodeUUID=c23e5a6c-3b1c-4356-87ef-9558e93e4bf7, command=[]} | ret=SUCCESS |  
2019-08-27 08:59:43,338 | INFO  | SCMAudit | user=jenkins1000 | ip=192.168.34.1 | op=SEND_HEARTBEAT {datanodeUUID=83ad8e3f-e813-4fa1-9b9c-8cd3f6d9b12a, command=[]} | ret=SUCCESS |  
2019-08-27 08:59:43,338 | INFO  | SCMAudit | user=jenkins1000 | ip=192.168.34.1 | op=SEND_HEARTBEAT {datanodeUUID=4418b26a-a5e5-4792-b343-154b02de43dd, command=[]} | ret=SUCCESS |  
2019-08-27 08:59:43,857 | INFO  | SCMAudit | user=jenkins1000 | ip=192.168.34.1 | op=SEND_HEARTBEAT {datanodeUUID=521aeba6-88aa-48b7-8766-3f4d75ba2df1, command=[]} | ret=SUCCESS |  
2019-08-27 08:59:44,014 | INFO  | SCMAudit | user=jenkins1000 | ip=192.168.34.1 | op=SEND_HEARTBEAT {datanodeUUID=a728ac9e-8b42-42b3-9e87-ec98a1f6c46a, command=[]} | ret=SUCCESS |  
2019-08-27 08:59:44,105 | INFO  | SCMAudit | user=jenkins1000 | ip=192.168.34.1 | op=SEND_HEARTBEAT {datanodeUUID=85153711-0b9c-43d4-b6cb-489303a056f8, command=[]} | ret=SUCCESS |  
2019-08-27 08:59:44,177 | INFO  | SCMAudit | user=jenkins1000 | ip=192.168.34.1 | op=SEND_HEARTBEAT {datanodeUUID=82911ef2-faee-43a5-9a1d-aeefe797784b, command=[]} | ret=SUCCESS |  
2019-08-27 08:59:44,299 | INFO  | SCMAudit | user=jenkins1000 | ip=192.168.34.1 | op=SEND_HEARTBEAT {datanodeUUID=bc465b15-8d97-4b40-b19d-df54ad9f54a7, command=[]} | ret=SUCCESS |  
2019-08-27 08:59:44,299 | INFO  | SCMAudit | user=jenkins1000 | ip=192.168.34.1 | op=SEND_HEARTBEAT {datanodeUUID=99a28adf-5289-4cdd-a512-dfcc6dd17230, command=[]} | ret=SUCCESS |  
2019-08-27 08:59:44,299 | INFO  | SCMAudit | user=jenkins1000 | ip=192.168.34.1 | op=SEND_HEARTBEAT {datanodeUUID=c23e5a6c-3b1c-4356-87ef-9558e93e4bf7, command=[]} | ret=SUCCESS |  
2019-08-27 08:59:44,338 | INFO  | SCMAudit | user=jenkins1000 | ip=192.168.34.1 | op=SEND_HEARTBEAT {datanodeUUID=83ad8e3f-e813-4fa1-9b9c-8cd3f6d9b12a, command=[]} | ret=SUCCESS |  
2019-08-27 08:59:44,338 | INFO  | SCMAudit | user=jenkins1000 | ip=192.168.34.1 | op=SEND_HEARTBEAT {datanodeUUID=4418b26a-a5e5-4792-b343-154b02de43dd, command=[]} | ret=SUCCESS |  
2019-08-27 08:59:44,857 | INFO  | SCMAudit | user=jenkins1000 | ip=192.168.34.1 | op=SEND_HEARTBEAT {datanodeUUID=521aeba6-88aa-48b7-8766-3f4d75ba2df1, command=[]} | ret=SUCCESS |  
2019-08-27 08:59:45,014 | INFO  | SCMAudit | user=jenkins1000 | ip=192.168.34.1 | op=SEND_HEARTBEAT {datanodeUUID=a728ac9e-8b42-42b3-9e87-ec98a1f6c46a, command=[]} | ret=SUCCESS |  
2019-08-27 08:59:45,105 | INFO  | SCMAudit | user=jenkins1000 | ip=192.168.34.1 | op=SEND_HEARTBEAT {datanodeUUID=85153711-0b9c-43d4-b6cb-489303a056f8, command=[]} | ret=SUCCESS |  
2019-08-27 08:59:45,177 | INFO  | SCMAudit | user=jenkins1000 | ip=192.168.34.1 | op=SEND_HEARTBEAT {datanodeUUID=82911ef2-faee-43a5-9a1d-aeefe797784b, command=[]} | ret=SUCCESS |  
2019-08-27 08:59:45,299 | INFO  | SCMAudit | user=jenkins1000 | ip=192.168.34.1 | op=SEND_HEARTBEAT {datanodeUUID=bc465b15-8d97-4b40-b19d-df54ad9f54a7, command=[]} | ret=SUCCESS |  
2019-08-27 08:59:45,300 | INFO  | SCMAudit | user=jenkins1000 | ip=192.168.34.1 | op=SEND_HEARTBEAT {datanodeUUID=99a28adf-5289-4cdd-a512-dfcc6dd17230, command=[]} | ret=SUCCESS |  
2019-08-27 08:59:45,300 | INFO  | SCMAudit | user=jenkins1000 | ip=192.168.34.1 | op=SEND_HEARTBEAT {datanodeUUID=c23e5a6c-3b1c-4356-87ef-9558e93e4bf7, command=[]} | ret=SUCCESS |  
2019-08-27 08:59:45,338 | INFO  | SCMAudit | user=jenkins1000 | ip=192.168.34.1 | op=SEND_HEARTBEAT {datanodeUUID=83ad8e3f-e813-4fa1-9b9c-8cd3f6d9b12a, command=[]} | ret=SUCCESS |  
2019-08-27 08:59:45,338 | INFO  | SCMAudit | user=jenkins1000 | ip=192.168.34.1 | op=SEND_HEARTBEAT {datanodeUUID=4418b26a-a5e5-4792-b343-154b02de43dd, command=[]} | ret=SUCCESS |  
2019-08-27 08:59:45,433 [main] INFO  ozoneimpl.OzoneContainer (OzoneContainer.java:stop(199)) - Attempting to stop container services.
2019-08-27 08:59:45,434 [main] INFO  impl.RaftServerProxy (RaftServerProxy.java:lambda$close$4(314)) - e2fc1c3c-e5fc-4e6c-82aa-5ea8b9bf1eb5: close
2019-08-27 08:59:45,434 [main] INFO  impl.RaftServerImpl (RaftServerImpl.java:lambda$shutdown$3(245)) - e2fc1c3c-e5fc-4e6c-82aa-5ea8b9bf1eb5: shutdown group-9E29733F755E
2019-08-27 08:59:45,434 [main] INFO  util.JmxRegister (JmxRegister.java:unregister(73)) - Successfully un-registered JMX Bean with object name Ratis:service=RaftServer,group=group-9E29733F755E,id=e2fc1c3c-e5fc-4e6c-82aa-5ea8b9bf1eb5
2019-08-27 08:59:45,435 [main] INFO  impl.RoleInfo (RoleInfo.java:shutdownLeaderState(104)) - e2fc1c3c-e5fc-4e6c-82aa-5ea8b9bf1eb5: shutdown LeaderState
2019-08-27 08:59:45,435 [main] INFO  impl.PendingRequests (PendingRequests.java:sendNotLeaderResponses(202)) - e2fc1c3c-e5fc-4e6c-82aa-5ea8b9bf1eb5-PendingRequests: sendNotLeaderResponses
2019-08-27 08:59:45,435 [main] INFO  impl.StateMachineUpdater (StateMachineUpdater.java:stopAndJoin(115)) - StateMachineUpdater:e2fc1c3c-e5fc-4e6c-82aa-5ea8b9bf1eb5:group-9E29733F755E: set stopIndex = 0
2019-08-27 08:59:45,435 [main] INFO  impl.RaftServerImpl (ServerState.java:close(394)) - e2fc1c3c-e5fc-4e6c-82aa-5ea8b9bf1eb5:group-9E29733F755E closes. The last applied log index is 0
2019-08-27 08:59:45,436 [e2fc1c3c-e5fc-4e6c-82aa-5ea8b9bf1eb5-SegmentedRaftLogWorker:Storage Directory /workdir/hadoop-ozone/integration-test/target/test-dir/MiniOzoneClusterImpl-5fa0230b-2e3b-4574-a1d1-aab0eaf0b74a/datanode-1/data/ratis/4c15f319-0417-4838-b7d8-9e29733f755e] INFO  segmented.SegmentedRaftLogWorker (SegmentedRaftLogWorker.java:run(313)) - e2fc1c3c-e5fc-4e6c-82aa-5ea8b9bf1eb5-SegmentedRaftLogWorker:Storage Directory /workdir/hadoop-ozone/integration-test/target/test-dir/MiniOzoneClusterImpl-5fa0230b-2e3b-4574-a1d1-aab0eaf0b74a/datanode-1/data/ratis/4c15f319-0417-4838-b7d8-9e29733f755e was interrupted, exiting. There are 0 tasks remaining in the queue.
2019-08-27 08:59:45,440 [main] INFO  segmented.SegmentedRaftLogWorker (SegmentedRaftLogWorker.java:close(228)) - e2fc1c3c-e5fc-4e6c-82aa-5ea8b9bf1eb5-SegmentedRaftLogWorker:Storage Directory /workdir/hadoop-ozone/integration-test/target/test-dir/MiniOzoneClusterImpl-5fa0230b-2e3b-4574-a1d1-aab0eaf0b74a/datanode-1/data/ratis/4c15f319-0417-4838-b7d8-9e29733f755e close()
2019-08-27 08:59:45,447 [main] INFO  impl.RaftServerImpl (RaftServerImpl.java:lambda$shutdown$3(245)) - e2fc1c3c-e5fc-4e6c-82aa-5ea8b9bf1eb5: shutdown group-FD56A270C3EE
2019-08-27 08:59:45,447 [main] INFO  util.JmxRegister (JmxRegister.java:unregister(73)) - Successfully un-registered JMX Bean with object name Ratis:service=RaftServer,group=group-FD56A270C3EE,id=e2fc1c3c-e5fc-4e6c-82aa-5ea8b9bf1eb5
2019-08-27 08:59:45,447 [main] INFO  impl.RoleInfo (RoleInfo.java:shutdownFollowerState(121)) - e2fc1c3c-e5fc-4e6c-82aa-5ea8b9bf1eb5: shutdown FollowerState
2019-08-27 08:59:45,447 [main] INFO  impl.StateMachineUpdater (StateMachineUpdater.java:stopAndJoin(115)) - StateMachineUpdater:e2fc1c3c-e5fc-4e6c-82aa-5ea8b9bf1eb5:group-FD56A270C3EE: set stopIndex = 2
2019-08-27 08:59:45,447 [Thread-3764] INFO  impl.FollowerState (FollowerState.java:run(114)) - e2fc1c3c-e5fc-4e6c-82aa-5ea8b9bf1eb5: FollowerState was interrupted: java.lang.InterruptedException: sleep interrupted
2019-08-27 08:59:45,447 [StateMachineUpdater:e2fc1c3c-e5fc-4e6c-82aa-5ea8b9bf1eb5:group-FD56A270C3EE] INFO  ratis.ContainerStateMachine (ContainerStateMachine.java:takeSnapshot(283)) - group-FD56A270C3EE: Taking a snapshot at:(t:1, i:1) file /workdir/hadoop-ozone/integration-test/target/test-dir/MiniOzoneClusterImpl-5fa0230b-2e3b-4574-a1d1-aab0eaf0b74a/datanode-1/data/ratis/48182f6a-c132-4916-82ba-fd56a270c3ee/sm/snapshot.1_1
2019-08-27 08:59:45,461 [StateMachineUpdater:e2fc1c3c-e5fc-4e6c-82aa-5ea8b9bf1eb5:group-FD56A270C3EE] INFO  ratis.ContainerStateMachine (ContainerStateMachine.java:takeSnapshot(294)) - group-FD56A270C3EE: Finished taking a snapshot at:(t:1, i:1) file:/workdir/hadoop-ozone/integration-test/target/test-dir/MiniOzoneClusterImpl-5fa0230b-2e3b-4574-a1d1-aab0eaf0b74a/datanode-1/data/ratis/48182f6a-c132-4916-82ba-fd56a270c3ee/sm/snapshot.1_1 time:14
2019-08-27 08:59:45,461 [StateMachineUpdater:e2fc1c3c-e5fc-4e6c-82aa-5ea8b9bf1eb5:group-FD56A270C3EE] INFO  impl.StateMachineUpdater (StateMachineUpdater.java:takeSnapshot(242)) - StateMachineUpdater:e2fc1c3c-e5fc-4e6c-82aa-5ea8b9bf1eb5:group-FD56A270C3EE: Took a snapshot at index 1
2019-08-27 08:59:45,461 [StateMachineUpdater:e2fc1c3c-e5fc-4e6c-82aa-5ea8b9bf1eb5:group-FD56A270C3EE] INFO  impl.StateMachineUpdater (StateMachineUpdater.java:lambda$new$0(80)) - StateMachineUpdater:e2fc1c3c-e5fc-4e6c-82aa-5ea8b9bf1eb5:group-FD56A270C3EE: snapshotIndex: updateIncreasingly -1 -> 1
2019-08-27 08:59:45,462 [main] INFO  impl.RaftServerImpl (ServerState.java:close(394)) - e2fc1c3c-e5fc-4e6c-82aa-5ea8b9bf1eb5:group-FD56A270C3EE closes. The last applied log index is 2
2019-08-27 08:59:45,462 [e2fc1c3c-e5fc-4e6c-82aa-5ea8b9bf1eb5-SegmentedRaftLogWorker:Storage Directory /workdir/hadoop-ozone/integration-test/target/test-dir/MiniOzoneClusterImpl-5fa0230b-2e3b-4574-a1d1-aab0eaf0b74a/datanode-1/data/ratis/48182f6a-c132-4916-82ba-fd56a270c3ee] INFO  segmented.SegmentedRaftLogWorker (SegmentedRaftLogWorker.java:run(313)) - e2fc1c3c-e5fc-4e6c-82aa-5ea8b9bf1eb5-SegmentedRaftLogWorker:Storage Directory /workdir/hadoop-ozone/integration-test/target/test-dir/MiniOzoneClusterImpl-5fa0230b-2e3b-4574-a1d1-aab0eaf0b74a/datanode-1/data/ratis/48182f6a-c132-4916-82ba-fd56a270c3ee was interrupted, exiting. There are 0 tasks remaining in the queue.
2019-08-27 08:59:45,466 [main] INFO  segmented.SegmentedRaftLogWorker (SegmentedRaftLogWorker.java:close(228)) - e2fc1c3c-e5fc-4e6c-82aa-5ea8b9bf1eb5-SegmentedRaftLogWorker:Storage Directory /workdir/hadoop-ozone/integration-test/target/test-dir/MiniOzoneClusterImpl-5fa0230b-2e3b-4574-a1d1-aab0eaf0b74a/datanode-1/data/ratis/48182f6a-c132-4916-82ba-fd56a270c3ee close()
2019-08-27 08:59:45,472 [main] INFO  server.GrpcService (GrpcService.java:closeImpl(155)) - e2fc1c3c-e5fc-4e6c-82aa-5ea8b9bf1eb5: shutdown server with port 41426 now
2019-08-27 08:59:45,473 [grpc-default-executor-11] WARN  server.GrpcServerProtocolService (LogUtils.java:warn(134)) - e2fc1c3c-e5fc-4e6c-82aa-5ea8b9bf1eb5: appendEntries onError: org.apache.ratis.thirdparty.io.grpc.StatusRuntimeException: CANCELLED: cancelled before receiving half close
2019-08-27 08:59:45,473 [main] INFO  server.GrpcService (GrpcService.java:closeImpl(163)) - e2fc1c3c-e5fc-4e6c-82aa-5ea8b9bf1eb5: shutdown server with port 41426 successfully
2019-08-27 08:59:45,474 [grpc-default-executor-10] WARN  server.GrpcLogAppender (LogUtils.java:warn(134)) - 4418b26a-a5e5-4792-b343-154b02de43dd->e2fc1c3c-e5fc-4e6c-82aa-5ea8b9bf1eb5: Failed appendEntries: org.apache.ratis.thirdparty.io.grpc.StatusRuntimeException: CANCELLED: HTTP/2 error code: CANCEL
Received Rst Stream
2019-08-27 08:59:45,474 [grpc-default-executor-10] INFO  impl.FollowerInfo (FollowerInfo.java:lambda$new$0(50)) - 4418b26a-a5e5-4792-b343-154b02de43dd->e2fc1c3c-e5fc-4e6c-82aa-5ea8b9bf1eb5: nextIndex: updateUnconditionally 3 -> 2
2019-08-27 08:59:45,474 [main] INFO  utils.BackgroundService (BackgroundService.java:shutdown(148)) - Shutting down service BlockDeletingService
2019-08-27 08:59:45,475 [refreshUsed-/workdir/hadoop-ozone/integration-test/target/test-dir/MiniOzoneClusterImpl-5fa0230b-2e3b-4574-a1d1-aab0eaf0b74a/datanode-1/data/containers] WARN  fs.CachingGetSpaceUsed (CachingGetSpaceUsed.java:run(183)) - Thread Interrupted waiting to refresh disk information: sleep interrupted
2019-08-27 08:59:45,498 [main] INFO  statemachine.DatanodeStateMachine (DatanodeStateMachine.java:stopDaemon(395)) - Ozone container server stopped.
2019-08-27 08:59:45,499 [main] INFO  handler.ContextHandler (ContextHandler.java:doStop(910)) - Stopped o.e.j.w.WebAppContext@661ec798{/,null,UNAVAILABLE}{/hddsDatanode}
2019-08-27 08:59:45,500 [main] INFO  server.AbstractConnector (AbstractConnector.java:doStop(318)) - Stopped ServerConnector@2c7fff1b{HTTP/1.1,[http/1.1]}{0.0.0.0:0}
2019-08-27 08:59:45,500 [main] INFO  handler.ContextHandler (ContextHandler.java:doStop(910)) - Stopped o.e.j.s.ServletContextHandler@6aa16117{/static,jar:file:/home/user/.m2/repository/org/apache/hadoop/hadoop-hdds-container-service/0.5.0-SNAPSHOT/hadoop-hdds-container-service-0.5.0-SNAPSHOT.jar!/webapps/static,UNAVAILABLE}
2019-08-27 08:59:45,501 [main] INFO  handler.ContextHandler (ContextHandler.java:doStop(910)) - Stopped o.e.j.s.ServletContextHandler@3f29e67e{/logs,file:///workdir/hadoop-ozone/integration-test/target/log,UNAVAILABLE}
2019-08-27 08:59:45,521 | INFO  | DNAudit | user=null | ip=null | op=WRITE_CHUNK {blockData=conID: 3 locID: 102688121169510415 bcsId: 3} | ret=SUCCESS |  
2019-08-27 08:59:45,529 | INFO  | DNAudit | user=null | ip=null | op=WRITE_CHUNK {blockData=conID: 3 locID: 102688121169510415 bcsId: 3} | ret=SUCCESS |  
2019-08-27 08:59:45,530 | INFO  | DNAudit | user=null | ip=null | op=WRITE_CHUNK {blockData=conID: 3 locID: 102688121169510415 bcsId: 3} | ret=SUCCESS |  
2019-08-27 08:59:45,531 | INFO  | DNAudit | user=null | ip=null | op=WRITE_CHUNK {blockData=conID: 3 locID: 102688121169510415 bcsId: 3} | ret=SUCCESS |  
2019-08-27 08:59:45,534 | INFO  | DNAudit | user=null | ip=null | op=WRITE_CHUNK {blockData=conID: 3 locID: 102688121169510415 bcsId: 3} | ret=SUCCESS |  
2019-08-27 08:59:45,535 | INFO  | DNAudit | user=null | ip=null | op=WRITE_CHUNK {blockData=conID: 3 locID: 102688121169510415 bcsId: 3} | ret=SUCCESS |  
2019-08-27 08:59:45,537 | INFO  | DNAudit | user=null | ip=null | op=WRITE_CHUNK {blockData=conID: 3 locID: 102688121169510415 bcsId: 3} | ret=SUCCESS |  
2019-08-27 08:59:45,546 | INFO  | DNAudit | user=null | ip=null | op=PUT_BLOCK {blockData=[blockId=conID: 3 locID: 102688121169510415 bcsId: 0,size=2097152]} | ret=SUCCESS |  
2019-08-27 08:59:45,546 | INFO  | DNAudit | user=null | ip=null | op=WRITE_CHUNK {blockData=conID: 3 locID: 102688121169510415 bcsId: 3} | ret=SUCCESS |  
2019-08-27 08:59:45,546 | INFO  | DNAudit | user=null | ip=null | op=WRITE_CHUNK {blockData=conID: 3 locID: 102688121169510415 bcsId: 3} | ret=SUCCESS |  
2019-08-27 08:59:45,549 | INFO  | DNAudit | user=null | ip=null | op=WRITE_CHUNK {blockData=conID: 3 locID: 102688121169510415 bcsId: 3} | ret=SUCCESS |  
2019-08-27 08:59:45,546 [grpc-default-executor-5] INFO  client.GrpcClientProtocolClient (GrpcClientProtocolClient.java:onNext(255)) - client-FDFBFEE2A36A->bc465b15-8d97-4b40-b19d-df54ad9f54a7: receive RaftClientReply:client-FDFBFEE2A36A->bc465b15-8d97-4b40-b19d-df54ad9f54a7@group-7C7B7DF1FA2A, cid=127, SUCCESS, logIndex=5, commits[bc465b15-8d97-4b40-b19d-df54ad9f54a7:c7, 99a28adf-5289-4cdd-a512-dfcc6dd17230:c4, c23e5a6c-3b1c-4356-87ef-9558e93e4bf7:c4]
2019-08-27 08:59:45,550 | INFO  | DNAudit | user=null | ip=null | op=PUT_BLOCK {blockData=[blockId=conID: 3 locID: 102688121169510415 bcsId: 0,size=2097152]} | ret=SUCCESS |  
2019-08-27 08:59:45,550 [grpc-default-executor-5] INFO  client.GrpcClientProtocolClient (GrpcClientProtocolClient.java:onNext(255)) - client-FDFBFEE2A36A->bc465b15-8d97-4b40-b19d-df54ad9f54a7: receive RaftClientReply:client-FDFBFEE2A36A->bc465b15-8d97-4b40-b19d-df54ad9f54a7@group-7C7B7DF1FA2A, cid=128, SUCCESS, logIndex=6, commits[bc465b15-8d97-4b40-b19d-df54ad9f54a7:c9, 99a28adf-5289-4cdd-a512-dfcc6dd17230:c6, c23e5a6c-3b1c-4356-87ef-9558e93e4bf7:c4]
2019-08-27 08:59:45,552 | INFO  | DNAudit | user=null | ip=null | op=PUT_BLOCK {blockData=[blockId=conID: 3 locID: 102688121169510415 bcsId: 0,size=3145728]} | ret=SUCCESS |  
2019-08-27 08:59:45,553 | INFO  | DNAudit | user=null | ip=null | op=PUT_BLOCK {blockData=[blockId=conID: 3 locID: 102688121169510415 bcsId: 0,size=2097152]} | ret=SUCCESS |  
2019-08-27 08:59:45,553 [grpc-default-executor-5] INFO  client.GrpcClientProtocolClient (GrpcClientProtocolClient.java:onNext(255)) - client-FDFBFEE2A36A->bc465b15-8d97-4b40-b19d-df54ad9f54a7: receive RaftClientReply:client-FDFBFEE2A36A->bc465b15-8d97-4b40-b19d-df54ad9f54a7@group-7C7B7DF1FA2A, cid=129, SUCCESS, logIndex=7, commits[bc465b15-8d97-4b40-b19d-df54ad9f54a7:c10, 99a28adf-5289-4cdd-a512-dfcc6dd17230:c6, c23e5a6c-3b1c-4356-87ef-9558e93e4bf7:c6]
2019-08-27 08:59:45,553 [grpc-default-executor-5] INFO  client.GrpcClientProtocolClient (GrpcClientProtocolClient.java:onNext(255)) - client-FDFBFEE2A36A->bc465b15-8d97-4b40-b19d-df54ad9f54a7: receive RaftClientReply:client-FDFBFEE2A36A->bc465b15-8d97-4b40-b19d-df54ad9f54a7@group-7C7B7DF1FA2A, cid=130, SUCCESS, logIndex=8, commits[bc465b15-8d97-4b40-b19d-df54ad9f54a7:c10, 99a28adf-5289-4cdd-a512-dfcc6dd17230:c6, c23e5a6c-3b1c-4356-87ef-9558e93e4bf7:c6]
2019-08-27 08:59:45,556 | INFO  | DNAudit | user=null | ip=null | op=WRITE_CHUNK {blockData=conID: 3 locID: 102688121169510415 bcsId: 3} | ret=SUCCESS |  
2019-08-27 08:59:45,556 | INFO  | DNAudit | user=null | ip=null | op=WRITE_CHUNK {blockData=conID: 3 locID: 102688121169510415 bcsId: 3} | ret=SUCCESS |  
2019-08-27 08:59:45,560 | INFO  | DNAudit | user=null | ip=null | op=PUT_BLOCK {blockData=[blockId=conID: 3 locID: 102688121169510415 bcsId: 0,size=3145728]} | ret=SUCCESS |  
2019-08-27 08:59:45,579 | INFO  | DNAudit | user=null | ip=null | op=PUT_BLOCK {blockData=[blockId=conID: 3 locID: 102688121169510415 bcsId: 0,size=3145728]} | ret=SUCCESS |  
2019-08-27 08:59:45,592 [grpc-default-executor-5] INFO  client.GrpcClientProtocolClient (GrpcClientProtocolClient.java:onNext(255)) - client-FDFBFEE2A36A->bc465b15-8d97-4b40-b19d-df54ad9f54a7: receive RaftClientReply:client-FDFBFEE2A36A->bc465b15-8d97-4b40-b19d-df54ad9f54a7@group-7C7B7DF1FA2A, cid=131, SUCCESS, logIndex=0, commits[bc465b15-8d97-4b40-b19d-df54ad9f54a7:c12, 99a28adf-5289-4cdd-a512-dfcc6dd17230:c8, c23e5a6c-3b1c-4356-87ef-9558e93e4bf7:c8]
2019-08-27 08:59:45,593 [main] INFO  ozone.MiniOzoneClusterImpl (MiniOzoneClusterImpl.java:shutdown(321)) - Shutting down the Mini Ozone Cluster
2019-08-27 08:59:45,593 | INFO  | SCMAudit | user=null | ip=null | op=GET_SCM_INFO null | ret=SUCCESS |  
2019-08-27 08:59:45,593 [main] INFO  ozone.MiniOzoneClusterImpl (MiniOzoneClusterImpl.java:stop(336)) - Stopping the Mini Ozone Cluster
2019-08-27 08:59:45,594 [main] INFO  ozone.MiniOzoneClusterImpl (MiniOzoneClusterImpl.java:stop(338)) - Stopping the OzoneManager
2019-08-27 08:59:45,594 [main] INFO  ipc.Server (Server.java:stop(3082)) - Stopping server on 46569
2019-08-27 08:59:45,607 [IPC Server listener on 46569] INFO  ipc.Server (Server.java:run(1185)) - Stopping IPC Server listener on 46569
2019-08-27 08:59:45,611 [main] INFO  ratis.OzoneManagerDoubleBuffer (OzoneManagerDoubleBuffer.java:stop(248)) - Stopping OMDoubleBuffer flush thread
2019-08-27 08:59:45,614 [IPC Server Responder] INFO  ipc.Server (Server.java:run(1319)) - Stopping IPC Server Responder
2019-08-27 08:59:45,628 [OMDoubleBufferFlushThread] INFO  ratis.OzoneManagerDoubleBuffer (OzoneManagerDoubleBuffer.java:flushTransactions(191)) - OMDoubleBuffer flush thread OMDoubleBufferFlushThread is interrupted and will exit. OMDoubleBufferFlushThread
2019-08-27 08:59:45,629 [main] INFO  utils.BackgroundService (BackgroundService.java:shutdown(148)) - Shutting down service KeyDeletingService
2019-08-27 08:59:45,630 [main] INFO  handler.ContextHandler (ContextHandler.java:doStop(910)) - Stopped o.e.j.w.WebAppContext@597ef918{/,null,UNAVAILABLE}{/ozoneManager}
2019-08-27 08:59:45,630 [main] INFO  server.AbstractConnector (AbstractConnector.java:doStop(318)) - Stopped ServerConnector@1af6cd73{HTTP/1.1,[http/1.1]}{0.0.0.0:0}
2019-08-27 08:59:45,631 [main] INFO  handler.ContextHandler (ContextHandler.java:doStop(910)) - Stopped o.e.j.s.ServletContextHandler@f341e3c{/static,file:///workdir/hadoop-ozone/integration-test/target/test-classes/webapps/static,UNAVAILABLE}
2019-08-27 08:59:45,631 [main] INFO  handler.ContextHandler (ContextHandler.java:doStop(910)) - Stopped o.e.j.s.ServletContextHandler@2c51ff83{/logs,file:///workdir/hadoop-ozone/integration-test/target/log,UNAVAILABLE}
2019-08-27 08:59:45,633 [main] INFO  ozone.MiniOzoneClusterImpl (MiniOzoneClusterImpl.java:stop(344)) - Shutting the HddsDatanodes
2019-08-27 08:59:45,633 [main] INFO  datanode.ObjectStoreHandler (ObjectStoreHandler.java:close(155)) - Closing ObjectStoreHandler.
2019-08-27 08:59:45,634 [ForkJoinPool.commonPool-worker-1] INFO  datanode.ObjectStoreHandler (ObjectStoreHandler.java:close(155)) - Closing ObjectStoreHandler.
2019-08-27 08:59:45,634 [main] INFO  ozone.HddsDatanodeService (HddsDatanodeService.java:stop(451)) - Stopped plug-in org.apache.hadoop.ozone.web.OzoneHddsDatanodeService@2153f0d7
2019-08-27 08:59:45,634 [ForkJoinPool.commonPool-worker-1] INFO  ozone.HddsDatanodeService (HddsDatanodeService.java:stop(451)) - Stopped plug-in org.apache.hadoop.ozone.web.OzoneHddsDatanodeService@4623c0d3
2019-08-27 08:59:45,857 | INFO  | SCMAudit | user=jenkins1000 | ip=192.168.34.1 | op=SEND_HEARTBEAT {datanodeUUID=521aeba6-88aa-48b7-8766-3f4d75ba2df1, command=[]} | ret=SUCCESS |  
2019-08-27 08:59:45,953 [grpc-default-executor-5] WARN  server.GrpcLogAppender (LogUtils.java:warn(134)) - 4418b26a-a5e5-4792-b343-154b02de43dd->e2fc1c3c-e5fc-4e6c-82aa-5ea8b9bf1eb5: Failed appendEntries: org.apache.ratis.thirdparty.io.grpc.StatusRuntimeException: UNAVAILABLE: io exception
2019-08-27 08:59:45,953 [grpc-default-executor-5] INFO  impl.FollowerInfo (FollowerInfo.java:lambda$new$0(50)) - 4418b26a-a5e5-4792-b343-154b02de43dd->e2fc1c3c-e5fc-4e6c-82aa-5ea8b9bf1eb5: nextIndex: updateUnconditionally 2 -> 1
2019-08-27 08:59:46,014 | INFO  | SCMAudit | user=jenkins1000 | ip=192.168.34.1 | op=SEND_HEARTBEAT {datanodeUUID=a728ac9e-8b42-42b3-9e87-ec98a1f6c46a, command=[]} | ret=SUCCESS |  
2019-08-27 08:59:46,105 [Datanode State Machine Thread - 0] INFO  statemachine.DatanodeStateMachine (DatanodeStateMachine.java:lambda$startDaemon$0(350)) - Ozone container server started.
2019-08-27 08:59:46,177 | INFO  | SCMAudit | user=jenkins1000 | ip=192.168.34.1 | op=SEND_HEARTBEAT {datanodeUUID=82911ef2-faee-43a5-9a1d-aeefe797784b, command=[]} | ret=SUCCESS |  
2019-08-27 08:59:46,299 | INFO  | SCMAudit | user=jenkins1000 | ip=192.168.34.1 | op=SEND_HEARTBEAT {datanodeUUID=bc465b15-8d97-4b40-b19d-df54ad9f54a7, command=[]} | ret=SUCCESS |  
2019-08-27 08:59:46,299 [Datanode State Machine Thread - 0] INFO  statemachine.DatanodeStateMachine (DatanodeStateMachine.java:lambda$startDaemon$0(350)) - Ozone container server started.
2019-08-27 08:59:46,300 | INFO  | SCMAudit | user=jenkins1000 | ip=192.168.34.1 | op=SEND_HEARTBEAT {datanodeUUID=c23e5a6c-3b1c-4356-87ef-9558e93e4bf7, command=[]} | ret=SUCCESS |  
2019-08-27 08:59:46,338 | INFO  | SCMAudit | user=jenkins1000 | ip=192.168.34.1 | op=SEND_HEARTBEAT {datanodeUUID=83ad8e3f-e813-4fa1-9b9c-8cd3f6d9b12a, command=[]} | ret=SUCCESS |  
2019-08-27 08:59:46,338 | INFO  | SCMAudit | user=jenkins1000 | ip=192.168.34.1 | op=SEND_HEARTBEAT {datanodeUUID=4418b26a-a5e5-4792-b343-154b02de43dd, command=[]} | ret=SUCCESS |  
2019-08-27 08:59:46,453 [grpc-default-executor-5] WARN  server.GrpcLogAppender (LogUtils.java:warn(134)) - 4418b26a-a5e5-4792-b343-154b02de43dd->e2fc1c3c-e5fc-4e6c-82aa-5ea8b9bf1eb5: Failed appendEntries: org.apache.ratis.thirdparty.io.grpc.StatusRuntimeException: UNAVAILABLE: io exception
2019-08-27 08:59:46,453 [grpc-default-executor-5] INFO  impl.FollowerInfo (FollowerInfo.java:lambda$new$0(50)) - 4418b26a-a5e5-4792-b343-154b02de43dd->e2fc1c3c-e5fc-4e6c-82aa-5ea8b9bf1eb5: nextIndex: updateUnconditionally 1 -> 0
2019-08-27 08:59:46,856 | INFO  | SCMAudit | user=jenkins1000 | ip=192.168.34.1 | op=SEND_HEARTBEAT {datanodeUUID=521aeba6-88aa-48b7-8766-3f4d75ba2df1, command=[]} | ret=SUCCESS |  
2019-08-27 08:59:46,953 [grpc-default-executor-5] WARN  server.GrpcLogAppender (LogUtils.java:warn(134)) - 4418b26a-a5e5-4792-b343-154b02de43dd->e2fc1c3c-e5fc-4e6c-82aa-5ea8b9bf1eb5: Failed appendEntries: org.apache.ratis.thirdparty.io.grpc.StatusRuntimeException: UNAVAILABLE: io exception
2019-08-27 08:59:46,953 [grpc-default-executor-5] INFO  impl.FollowerInfo (FollowerInfo.java:lambda$new$0(50)) - 4418b26a-a5e5-4792-b343-154b02de43dd->e2fc1c3c-e5fc-4e6c-82aa-5ea8b9bf1eb5: nextIndex: updateUnconditionally 0 -> 0
2019-08-27 08:59:47,014 | INFO  | SCMAudit | user=jenkins1000 | ip=192.168.34.1 | op=SEND_HEARTBEAT {datanodeUUID=a728ac9e-8b42-42b3-9e87-ec98a1f6c46a, command=[]} | ret=SUCCESS |  
2019-08-27 08:59:47,177 | INFO  | SCMAudit | user=jenkins1000 | ip=192.168.34.1 | op=SEND_HEARTBEAT {datanodeUUID=82911ef2-faee-43a5-9a1d-aeefe797784b, command=[]} | ret=SUCCESS |  
2019-08-27 08:59:47,299 | INFO  | SCMAudit | user=jenkins1000 | ip=192.168.34.1 | op=SEND_HEARTBEAT {datanodeUUID=bc465b15-8d97-4b40-b19d-df54ad9f54a7, command=[]} | ret=SUCCESS |  
2019-08-27 08:59:47,300 | INFO  | SCMAudit | user=jenkins1000 | ip=192.168.34.1 | op=SEND_HEARTBEAT {datanodeUUID=c23e5a6c-3b1c-4356-87ef-9558e93e4bf7, command=[]} | ret=SUCCESS |  
2019-08-27 08:59:47,338 | INFO  | SCMAudit | user=jenkins1000 | ip=192.168.34.1 | op=SEND_HEARTBEAT {datanodeUUID=4418b26a-a5e5-4792-b343-154b02de43dd, command=[]} | ret=SUCCESS |  
2019-08-27 08:59:47,338 | INFO  | SCMAudit | user=jenkins1000 | ip=192.168.34.1 | op=SEND_HEARTBEAT {datanodeUUID=83ad8e3f-e813-4fa1-9b9c-8cd3f6d9b12a, command=[]} | ret=SUCCESS |  
2019-08-27 08:59:47,454 [grpc-default-executor-5] WARN  server.GrpcLogAppender (LogUtils.java:warn(134)) - 4418b26a-a5e5-4792-b343-154b02de43dd->e2fc1c3c-e5fc-4e6c-82aa-5ea8b9bf1eb5: Failed appendEntries: org.apache.ratis.thirdparty.io.grpc.StatusRuntimeException: UNAVAILABLE: io exception
2019-08-27 08:59:47,454 [grpc-default-executor-5] INFO  impl.FollowerInfo (FollowerInfo.java:lambda$new$0(50)) - 4418b26a-a5e5-4792-b343-154b02de43dd->e2fc1c3c-e5fc-4e6c-82aa-5ea8b9bf1eb5: nextIndex: updateUnconditionally 0 -> 0
2019-08-27 08:59:47,856 | INFO  | SCMAudit | user=jenkins1000 | ip=192.168.34.1 | op=SEND_HEARTBEAT {datanodeUUID=521aeba6-88aa-48b7-8766-3f4d75ba2df1, command=[]} | ret=SUCCESS |  
2019-08-27 08:59:47,954 [grpc-default-executor-5] WARN  server.GrpcLogAppender (LogUtils.java:warn(134)) - 4418b26a-a5e5-4792-b343-154b02de43dd->e2fc1c3c-e5fc-4e6c-82aa-5ea8b9bf1eb5: Failed appendEntries: org.apache.ratis.thirdparty.io.grpc.StatusRuntimeException: UNAVAILABLE: io exception
2019-08-27 08:59:47,954 [grpc-default-executor-5] INFO  impl.FollowerInfo (FollowerInfo.java:lambda$new$0(50)) - 4418b26a-a5e5-4792-b343-154b02de43dd->e2fc1c3c-e5fc-4e6c-82aa-5ea8b9bf1eb5: nextIndex: updateUnconditionally 0 -> 0
2019-08-27 08:59:48,014 | INFO  | SCMAudit | user=jenkins1000 | ip=192.168.34.1 | op=SEND_HEARTBEAT {datanodeUUID=a728ac9e-8b42-42b3-9e87-ec98a1f6c46a, command=[]} | ret=SUCCESS |  
2019-08-27 08:59:48,177 | INFO  | SCMAudit | user=jenkins1000 | ip=192.168.34.1 | op=SEND_HEARTBEAT {datanodeUUID=82911ef2-faee-43a5-9a1d-aeefe797784b, command=[]} | ret=SUCCESS |  
2019-08-27 08:59:48,299 | INFO  | SCMAudit | user=jenkins1000 | ip=192.168.34.1 | op=SEND_HEARTBEAT {datanodeUUID=bc465b15-8d97-4b40-b19d-df54ad9f54a7, command=[]} | ret=SUCCESS |  
2019-08-27 08:59:48,300 | INFO  | SCMAudit | user=jenkins1000 | ip=192.168.34.1 | op=SEND_HEARTBEAT {datanodeUUID=c23e5a6c-3b1c-4356-87ef-9558e93e4bf7, command=[]} | ret=SUCCESS |  
2019-08-27 08:59:48,338 | INFO  | SCMAudit | user=jenkins1000 | ip=192.168.34.1 | op=SEND_HEARTBEAT {datanodeUUID=4418b26a-a5e5-4792-b343-154b02de43dd, command=[]} | ret=SUCCESS |  
2019-08-27 08:59:48,338 | INFO  | SCMAudit | user=jenkins1000 | ip=192.168.34.1 | op=SEND_HEARTBEAT {datanodeUUID=83ad8e3f-e813-4fa1-9b9c-8cd3f6d9b12a, command=[]} | ret=SUCCESS |  
2019-08-27 08:59:48,455 [grpc-default-executor-10] WARN  server.GrpcLogAppender (LogUtils.java:warn(134)) - 4418b26a-a5e5-4792-b343-154b02de43dd->e2fc1c3c-e5fc-4e6c-82aa-5ea8b9bf1eb5: Failed appendEntries: org.apache.ratis.thirdparty.io.grpc.StatusRuntimeException: UNAVAILABLE: io exception
2019-08-27 08:59:48,455 [grpc-default-executor-10] INFO  impl.FollowerInfo (FollowerInfo.java:lambda$new$0(50)) - 4418b26a-a5e5-4792-b343-154b02de43dd->e2fc1c3c-e5fc-4e6c-82aa-5ea8b9bf1eb5: nextIndex: updateUnconditionally 0 -> 0
2019-08-27 08:59:48,856 | INFO  | SCMAudit | user=jenkins1000 | ip=192.168.34.1 | op=SEND_HEARTBEAT {datanodeUUID=521aeba6-88aa-48b7-8766-3f4d75ba2df1, command=[]} | ret=SUCCESS |  
2019-08-27 08:59:48,955 [grpc-default-executor-11] WARN  server.GrpcLogAppender (LogUtils.java:warn(134)) - 4418b26a-a5e5-4792-b343-154b02de43dd->e2fc1c3c-e5fc-4e6c-82aa-5ea8b9bf1eb5: Failed appendEntries: org.apache.ratis.thirdparty.io.grpc.StatusRuntimeException: UNAVAILABLE: io exception
2019-08-27 08:59:48,956 [grpc-default-executor-11] INFO  impl.FollowerInfo (FollowerInfo.java:lambda$new$0(50)) - 4418b26a-a5e5-4792-b343-154b02de43dd->e2fc1c3c-e5fc-4e6c-82aa-5ea8b9bf1eb5: nextIndex: updateUnconditionally 0 -> 0
2019-08-27 08:59:49,014 | INFO  | SCMAudit | user=jenkins1000 | ip=192.168.34.1 | op=SEND_HEARTBEAT {datanodeUUID=a728ac9e-8b42-42b3-9e87-ec98a1f6c46a, command=[]} | ret=SUCCESS |  
2019-08-27 08:59:49,177 | INFO  | SCMAudit | user=jenkins1000 | ip=192.168.34.1 | op=SEND_HEARTBEAT {datanodeUUID=82911ef2-faee-43a5-9a1d-aeefe797784b, command=[]} | ret=SUCCESS |  
2019-08-27 08:59:49,299 | INFO  | SCMAudit | user=jenkins1000 | ip=192.168.34.1 | op=SEND_HEARTBEAT {datanodeUUID=bc465b15-8d97-4b40-b19d-df54ad9f54a7, command=[]} | ret=SUCCESS |  
2019-08-27 08:59:49,300 | INFO  | SCMAudit | user=jenkins1000 | ip=192.168.34.1 | op=SEND_HEARTBEAT {datanodeUUID=c23e5a6c-3b1c-4356-87ef-9558e93e4bf7, command=[]} | ret=SUCCESS |  
2019-08-27 08:59:49,338 | INFO  | SCMAudit | user=jenkins1000 | ip=192.168.34.1 | op=SEND_HEARTBEAT {datanodeUUID=83ad8e3f-e813-4fa1-9b9c-8cd3f6d9b12a, command=[]} | ret=SUCCESS |  
2019-08-27 08:59:49,338 | INFO  | SCMAudit | user=jenkins1000 | ip=192.168.34.1 | op=SEND_HEARTBEAT {datanodeUUID=4418b26a-a5e5-4792-b343-154b02de43dd, command=[]} | ret=SUCCESS |  
2019-08-27 08:59:49,455 [grpc-default-executor-10] WARN  server.GrpcLogAppender (LogUtils.java:warn(134)) - 4418b26a-a5e5-4792-b343-154b02de43dd->e2fc1c3c-e5fc-4e6c-82aa-5ea8b9bf1eb5: Failed appendEntries: org.apache.ratis.thirdparty.io.grpc.StatusRuntimeException: UNAVAILABLE: io exception
2019-08-27 08:59:49,456 [grpc-default-executor-10] INFO  impl.FollowerInfo (FollowerInfo.java:lambda$new$0(50)) - 4418b26a-a5e5-4792-b343-154b02de43dd->e2fc1c3c-e5fc-4e6c-82aa-5ea8b9bf1eb5: nextIndex: updateUnconditionally 0 -> 0
2019-08-27 08:59:49,857 | INFO  | SCMAudit | user=jenkins1000 | ip=192.168.34.1 | op=SEND_HEARTBEAT {datanodeUUID=521aeba6-88aa-48b7-8766-3f4d75ba2df1, command=[]} | ret=SUCCESS |  
2019-08-27 08:59:49,956 [grpc-default-executor-5] WARN  server.GrpcLogAppender (LogUtils.java:warn(134)) - 4418b26a-a5e5-4792-b343-154b02de43dd->e2fc1c3c-e5fc-4e6c-82aa-5ea8b9bf1eb5: Failed appendEntries: org.apache.ratis.thirdparty.io.grpc.StatusRuntimeException: UNAVAILABLE: io exception
2019-08-27 08:59:49,957 [grpc-default-executor-5] INFO  impl.FollowerInfo (FollowerInfo.java:lambda$new$0(50)) - 4418b26a-a5e5-4792-b343-154b02de43dd->e2fc1c3c-e5fc-4e6c-82aa-5ea8b9bf1eb5: nextIndex: updateUnconditionally 0 -> 0
2019-08-27 08:59:50,015 | INFO  | SCMAudit | user=jenkins1000 | ip=192.168.34.1 | op=SEND_HEARTBEAT {datanodeUUID=a728ac9e-8b42-42b3-9e87-ec98a1f6c46a, command=[]} | ret=SUCCESS |  
2019-08-27 08:59:50,177 | INFO  | SCMAudit | user=jenkins1000 | ip=192.168.34.1 | op=SEND_HEARTBEAT {datanodeUUID=82911ef2-faee-43a5-9a1d-aeefe797784b, command=[]} | ret=SUCCESS |  
2019-08-27 08:59:50,299 | INFO  | SCMAudit | user=jenkins1000 | ip=192.168.34.1 | op=SEND_HEARTBEAT {datanodeUUID=bc465b15-8d97-4b40-b19d-df54ad9f54a7, command=[]} | ret=SUCCESS |  
2019-08-27 08:59:50,300 | INFO  | SCMAudit | user=jenkins1000 | ip=192.168.34.1 | op=SEND_HEARTBEAT {datanodeUUID=c23e5a6c-3b1c-4356-87ef-9558e93e4bf7, command=[]} | ret=SUCCESS |  
2019-08-27 08:59:50,339 | INFO  | SCMAudit | user=jenkins1000 | ip=192.168.34.1 | op=SEND_HEARTBEAT {datanodeUUID=83ad8e3f-e813-4fa1-9b9c-8cd3f6d9b12a, command=[]} | ret=SUCCESS |  
2019-08-27 08:59:50,339 | INFO  | SCMAudit | user=jenkins1000 | ip=192.168.34.1 | op=SEND_HEARTBEAT {datanodeUUID=4418b26a-a5e5-4792-b343-154b02de43dd, command=[]} | ret=SUCCESS |  
2019-08-27 08:59:50,457 [grpc-default-executor-11] WARN  server.GrpcLogAppender (LogUtils.java:warn(134)) - 4418b26a-a5e5-4792-b343-154b02de43dd->e2fc1c3c-e5fc-4e6c-82aa-5ea8b9bf1eb5: Failed appendEntries: org.apache.ratis.thirdparty.io.grpc.StatusRuntimeException: UNAVAILABLE: io exception
2019-08-27 08:59:50,457 [grpc-default-executor-11] INFO  impl.FollowerInfo (FollowerInfo.java:lambda$new$0(50)) - 4418b26a-a5e5-4792-b343-154b02de43dd->e2fc1c3c-e5fc-4e6c-82aa-5ea8b9bf1eb5: nextIndex: updateUnconditionally 0 -> 0
2019-08-27 08:59:50,634 [main] INFO  ozoneimpl.OzoneContainer (OzoneContainer.java:stop(199)) - Attempting to stop container services.
2019-08-27 08:59:50,635 [ForkJoinPool.commonPool-worker-1] INFO  ozoneimpl.OzoneContainer (OzoneContainer.java:stop(199)) - Attempting to stop container services.
2019-08-27 08:59:50,635 [main] INFO  impl.RaftServerProxy (RaftServerProxy.java:lambda$close$4(314)) - 99a28adf-5289-4cdd-a512-dfcc6dd17230: close
2019-08-27 08:59:50,635 [ForkJoinPool.commonPool-worker-1] INFO  impl.RaftServerProxy (RaftServerProxy.java:lambda$close$4(314)) - 85153711-0b9c-43d4-b6cb-489303a056f8: close
2019-08-27 08:59:50,636 [main] INFO  impl.RaftServerImpl (RaftServerImpl.java:lambda$shutdown$3(245)) - 99a28adf-5289-4cdd-a512-dfcc6dd17230: shutdown group-7C7B7DF1FA2A
2019-08-27 08:59:50,636 [ForkJoinPool.commonPool-worker-1] INFO  impl.RaftServerImpl (RaftServerImpl.java:lambda$shutdown$3(245)) - 85153711-0b9c-43d4-b6cb-489303a056f8: shutdown group-E05EE70660D0
2019-08-27 08:59:50,636 [main] INFO  util.JmxRegister (JmxRegister.java:unregister(73)) - Successfully un-registered JMX Bean with object name Ratis:service=RaftServer,group=group-7C7B7DF1FA2A,id=99a28adf-5289-4cdd-a512-dfcc6dd17230
2019-08-27 08:59:50,636 [ForkJoinPool.commonPool-worker-1] INFO  util.JmxRegister (JmxRegister.java:unregister(73)) - Successfully un-registered JMX Bean with object name Ratis:service=RaftServer,group=group-E05EE70660D0,id=85153711-0b9c-43d4-b6cb-489303a056f8
2019-08-27 08:59:50,637 [main] INFO  impl.RoleInfo (RoleInfo.java:shutdownFollowerState(121)) - 99a28adf-5289-4cdd-a512-dfcc6dd17230: shutdown FollowerState
2019-08-27 08:59:50,637 [ForkJoinPool.commonPool-worker-1] INFO  impl.RoleInfo (RoleInfo.java:shutdownLeaderState(104)) - 85153711-0b9c-43d4-b6cb-489303a056f8: shutdown LeaderState
2019-08-27 08:59:50,637 [Thread-3698] INFO  impl.FollowerState (FollowerState.java:run(114)) - 99a28adf-5289-4cdd-a512-dfcc6dd17230: FollowerState was interrupted: java.lang.InterruptedException: sleep interrupted
2019-08-27 08:59:50,637 [StateMachineUpdater:99a28adf-5289-4cdd-a512-dfcc6dd17230:group-7C7B7DF1FA2A] INFO  ratis.ContainerStateMachine (ContainerStateMachine.java:takeSnapshot(283)) - group-7C7B7DF1FA2A: Taking a snapshot at:(t:1, i:8) file /workdir/hadoop-ozone/integration-test/target/test-dir/MiniOzoneClusterImpl-5fa0230b-2e3b-4574-a1d1-aab0eaf0b74a/datanode-5/data/ratis/52a28dc6-fa60-479a-a53d-7c7b7df1fa2a/sm/snapshot.1_8
2019-08-27 08:59:50,637 [main] INFO  impl.StateMachineUpdater (StateMachineUpdater.java:stopAndJoin(115)) - StateMachineUpdater:99a28adf-5289-4cdd-a512-dfcc6dd17230:group-7C7B7DF1FA2A: set stopIndex = 12
2019-08-27 08:59:50,637 [ForkJoinPool.commonPool-worker-1] INFO  impl.PendingRequests (PendingRequests.java:sendNotLeaderResponses(202)) - 85153711-0b9c-43d4-b6cb-489303a056f8-PendingRequests: sendNotLeaderResponses
2019-08-27 08:59:50,638 [ForkJoinPool.commonPool-worker-1] INFO  impl.StateMachineUpdater (StateMachineUpdater.java:stopAndJoin(115)) - StateMachineUpdater:85153711-0b9c-43d4-b6cb-489303a056f8:group-E05EE70660D0: set stopIndex = 0
2019-08-27 08:59:50,638 [ForkJoinPool.commonPool-worker-1] INFO  impl.RaftServerImpl (ServerState.java:close(394)) - 85153711-0b9c-43d4-b6cb-489303a056f8:group-E05EE70660D0 closes. The last applied log index is 0
2019-08-27 08:59:50,639 [85153711-0b9c-43d4-b6cb-489303a056f8-SegmentedRaftLogWorker:Storage Directory /workdir/hadoop-ozone/integration-test/target/test-dir/MiniOzoneClusterImpl-5fa0230b-2e3b-4574-a1d1-aab0eaf0b74a/datanode-2/data/ratis/e69cffb5-115d-488a-82d0-e05ee70660d0] INFO  segmented.SegmentedRaftLogWorker (SegmentedRaftLogWorker.java:run(313)) - 85153711-0b9c-43d4-b6cb-489303a056f8-SegmentedRaftLogWorker:Storage Directory /workdir/hadoop-ozone/integration-test/target/test-dir/MiniOzoneClusterImpl-5fa0230b-2e3b-4574-a1d1-aab0eaf0b74a/datanode-2/data/ratis/e69cffb5-115d-488a-82d0-e05ee70660d0 was interrupted, exiting. There are 0 tasks remaining in the queue.
2019-08-27 08:59:50,641 [ForkJoinPool.commonPool-worker-1] INFO  segmented.SegmentedRaftLogWorker (SegmentedRaftLogWorker.java:close(228)) - 85153711-0b9c-43d4-b6cb-489303a056f8-SegmentedRaftLogWorker:Storage Directory /workdir/hadoop-ozone/integration-test/target/test-dir/MiniOzoneClusterImpl-5fa0230b-2e3b-4574-a1d1-aab0eaf0b74a/datanode-2/data/ratis/e69cffb5-115d-488a-82d0-e05ee70660d0 close()
2019-08-27 08:59:50,644 [ForkJoinPool.commonPool-worker-1] INFO  server.GrpcService (GrpcService.java:closeImpl(155)) - 85153711-0b9c-43d4-b6cb-489303a056f8: shutdown server with port 33207 now
2019-08-27 08:59:50,646 [ForkJoinPool.commonPool-worker-1] INFO  server.GrpcService (GrpcService.java:closeImpl(163)) - 85153711-0b9c-43d4-b6cb-489303a056f8: shutdown server with port 33207 successfully
2019-08-27 08:59:50,647 [ForkJoinPool.commonPool-worker-1] INFO  utils.BackgroundService (BackgroundService.java:shutdown(148)) - Shutting down service BlockDeletingService
2019-08-27 08:59:50,648 [refreshUsed-/workdir/hadoop-ozone/integration-test/target/test-dir/MiniOzoneClusterImpl-5fa0230b-2e3b-4574-a1d1-aab0eaf0b74a/datanode-2/data/containers] WARN  fs.CachingGetSpaceUsed (CachingGetSpaceUsed.java:run(183)) - Thread Interrupted waiting to refresh disk information: sleep interrupted
2019-08-27 08:59:50,675 [ForkJoinPool.commonPool-worker-1] INFO  statemachine.DatanodeStateMachine (DatanodeStateMachine.java:stopDaemon(395)) - Ozone container server stopped.
2019-08-27 08:59:50,675 [StateMachineUpdater:99a28adf-5289-4cdd-a512-dfcc6dd17230:group-7C7B7DF1FA2A] INFO  ratis.ContainerStateMachine (ContainerStateMachine.java:takeSnapshot(294)) - group-7C7B7DF1FA2A: Finished taking a snapshot at:(t:1, i:8) file:/workdir/hadoop-ozone/integration-test/target/test-dir/MiniOzoneClusterImpl-5fa0230b-2e3b-4574-a1d1-aab0eaf0b74a/datanode-5/data/ratis/52a28dc6-fa60-479a-a53d-7c7b7df1fa2a/sm/snapshot.1_8 time:38
2019-08-27 08:59:50,684 [StateMachineUpdater:99a28adf-5289-4cdd-a512-dfcc6dd17230:group-7C7B7DF1FA2A] INFO  impl.StateMachineUpdater (StateMachineUpdater.java:takeSnapshot(242)) - StateMachineUpdater:99a28adf-5289-4cdd-a512-dfcc6dd17230:group-7C7B7DF1FA2A: Took a snapshot at index 8
2019-08-27 08:59:50,684 [StateMachineUpdater:99a28adf-5289-4cdd-a512-dfcc6dd17230:group-7C7B7DF1FA2A] INFO  impl.StateMachineUpdater (StateMachineUpdater.java:lambda$new$0(80)) - StateMachineUpdater:99a28adf-5289-4cdd-a512-dfcc6dd17230:group-7C7B7DF1FA2A: snapshotIndex: updateIncreasingly -1 -> 8
2019-08-27 08:59:50,690 [ForkJoinPool.commonPool-worker-1] INFO  handler.ContextHandler (ContextHandler.java:doStop(910)) - Stopped o.e.j.w.WebAppContext@57cd5cc9{/,null,UNAVAILABLE}{/hddsDatanode}
2019-08-27 08:59:50,690 [main] INFO  impl.RaftServerImpl (ServerState.java:close(394)) - 99a28adf-5289-4cdd-a512-dfcc6dd17230:group-7C7B7DF1FA2A closes. The last applied log index is 12
2019-08-27 08:59:50,691 [ForkJoinPool.commonPool-worker-1] INFO  server.AbstractConnector (AbstractConnector.java:doStop(318)) - Stopped ServerConnector@25ee6683{HTTP/1.1,[http/1.1]}{0.0.0.0:0}
2019-08-27 08:59:50,691 [99a28adf-5289-4cdd-a512-dfcc6dd17230-SegmentedRaftLogWorker:Storage Directory /workdir/hadoop-ozone/integration-test/target/test-dir/MiniOzoneClusterImpl-5fa0230b-2e3b-4574-a1d1-aab0eaf0b74a/datanode-5/data/ratis/52a28dc6-fa60-479a-a53d-7c7b7df1fa2a] INFO  segmented.SegmentedRaftLogWorker (SegmentedRaftLogWorker.java:run(313)) - 99a28adf-5289-4cdd-a512-dfcc6dd17230-SegmentedRaftLogWorker:Storage Directory /workdir/hadoop-ozone/integration-test/target/test-dir/MiniOzoneClusterImpl-5fa0230b-2e3b-4574-a1d1-aab0eaf0b74a/datanode-5/data/ratis/52a28dc6-fa60-479a-a53d-7c7b7df1fa2a was interrupted, exiting. There are 0 tasks remaining in the queue.
2019-08-27 08:59:50,693 [ForkJoinPool.commonPool-worker-1] INFO  handler.ContextHandler (ContextHandler.java:doStop(910)) - Stopped o.e.j.s.ServletContextHandler@6a4d72bd{/static,jar:file:/home/user/.m2/repository/org/apache/hadoop/hadoop-hdds-container-service/0.5.0-SNAPSHOT/hadoop-hdds-container-service-0.5.0-SNAPSHOT.jar!/webapps/static,UNAVAILABLE}
2019-08-27 08:59:50,695 [main] INFO  segmented.SegmentedRaftLogWorker (SegmentedRaftLogWorker.java:close(228)) - 99a28adf-5289-4cdd-a512-dfcc6dd17230-SegmentedRaftLogWorker:Storage Directory /workdir/hadoop-ozone/integration-test/target/test-dir/MiniOzoneClusterImpl-5fa0230b-2e3b-4574-a1d1-aab0eaf0b74a/datanode-5/data/ratis/52a28dc6-fa60-479a-a53d-7c7b7df1fa2a close()
2019-08-27 08:59:50,696 [ForkJoinPool.commonPool-worker-1] INFO  handler.ContextHandler (ContextHandler.java:doStop(910)) - Stopped o.e.j.s.ServletContextHandler@531bffd{/logs,file:///workdir/hadoop-ozone/integration-test/target/log,UNAVAILABLE}
2019-08-27 08:59:50,699 [main] INFO  impl.RaftServerImpl (RaftServerImpl.java:lambda$shutdown$3(245)) - 99a28adf-5289-4cdd-a512-dfcc6dd17230: shutdown group-D9B1591BD076
2019-08-27 08:59:50,700 [main] INFO  util.JmxRegister (JmxRegister.java:unregister(73)) - Successfully un-registered JMX Bean with object name Ratis:service=RaftServer,group=group-D9B1591BD076,id=99a28adf-5289-4cdd-a512-dfcc6dd17230
2019-08-27 08:59:50,700 [main] INFO  impl.RoleInfo (RoleInfo.java:shutdownLeaderState(104)) - 99a28adf-5289-4cdd-a512-dfcc6dd17230: shutdown LeaderState
2019-08-27 08:59:50,700 [ForkJoinPool.commonPool-worker-1] INFO  datanode.ObjectStoreHandler (ObjectStoreHandler.java:close(155)) - Closing ObjectStoreHandler.
2019-08-27 08:59:50,700 [main] INFO  impl.PendingRequests (PendingRequests.java:sendNotLeaderResponses(202)) - 99a28adf-5289-4cdd-a512-dfcc6dd17230-PendingRequests: sendNotLeaderResponses
2019-08-27 08:59:50,701 [ForkJoinPool.commonPool-worker-1] INFO  ozone.HddsDatanodeService (HddsDatanodeService.java:stop(451)) - Stopped plug-in org.apache.hadoop.ozone.web.OzoneHddsDatanodeService@ff7042c
2019-08-27 08:59:50,701 [main] INFO  impl.StateMachineUpdater (StateMachineUpdater.java:stopAndJoin(115)) - StateMachineUpdater:99a28adf-5289-4cdd-a512-dfcc6dd17230:group-D9B1591BD076: set stopIndex = 0
2019-08-27 08:59:50,701 [main] INFO  impl.RaftServerImpl (ServerState.java:close(394)) - 99a28adf-5289-4cdd-a512-dfcc6dd17230:group-D9B1591BD076 closes. The last applied log index is 0
2019-08-27 08:59:50,701 [99a28adf-5289-4cdd-a512-dfcc6dd17230-SegmentedRaftLogWorker:Storage Directory /workdir/hadoop-ozone/integration-test/target/test-dir/MiniOzoneClusterImpl-5fa0230b-2e3b-4574-a1d1-aab0eaf0b74a/datanode-5/data/ratis/9dbaaf57-a3e1-4468-a62f-d9b1591bd076] INFO  segmented.SegmentedRaftLogWorker (SegmentedRaftLogWorker.java:run(313)) - 99a28adf-5289-4cdd-a512-dfcc6dd17230-SegmentedRaftLogWorker:Storage Directory /workdir/hadoop-ozone/integration-test/target/test-dir/MiniOzoneClusterImpl-5fa0230b-2e3b-4574-a1d1-aab0eaf0b74a/datanode-5/data/ratis/9dbaaf57-a3e1-4468-a62f-d9b1591bd076 was interrupted, exiting. There are 0 tasks remaining in the queue.
2019-08-27 08:59:50,704 [main] INFO  segmented.SegmentedRaftLogWorker (SegmentedRaftLogWorker.java:close(228)) - 99a28adf-5289-4cdd-a512-dfcc6dd17230-SegmentedRaftLogWorker:Storage Directory /workdir/hadoop-ozone/integration-test/target/test-dir/MiniOzoneClusterImpl-5fa0230b-2e3b-4574-a1d1-aab0eaf0b74a/datanode-5/data/ratis/9dbaaf57-a3e1-4468-a62f-d9b1591bd076 close()
2019-08-27 08:59:50,709 [main] INFO  server.GrpcService (GrpcService.java:closeImpl(155)) - 99a28adf-5289-4cdd-a512-dfcc6dd17230: shutdown server with port 34359 now
2019-08-27 08:59:50,711 [grpc-default-executor-5] WARN  server.GrpcServerProtocolService (LogUtils.java:warn(134)) - 99a28adf-5289-4cdd-a512-dfcc6dd17230: appendEntries onError: org.apache.ratis.thirdparty.io.grpc.StatusRuntimeException: CANCELLED: cancelled before receiving half close
2019-08-27 08:59:50,711 [grpc-default-executor-5] WARN  server.GrpcLogAppender (LogUtils.java:warn(134)) - bc465b15-8d97-4b40-b19d-df54ad9f54a7->99a28adf-5289-4cdd-a512-dfcc6dd17230: Failed appendEntries: org.apache.ratis.thirdparty.io.grpc.StatusRuntimeException: CANCELLED: HTTP/2 error code: CANCEL
Received Rst Stream
2019-08-27 08:59:50,712 [grpc-default-executor-5] INFO  impl.FollowerInfo (FollowerInfo.java:lambda$new$0(50)) - bc465b15-8d97-4b40-b19d-df54ad9f54a7->99a28adf-5289-4cdd-a512-dfcc6dd17230: nextIndex: updateUnconditionally 13 -> 12
2019-08-27 08:59:50,712 [main] INFO  server.GrpcService (GrpcService.java:closeImpl(163)) - 99a28adf-5289-4cdd-a512-dfcc6dd17230: shutdown server with port 34359 successfully
2019-08-27 08:59:50,713 [main] INFO  utils.BackgroundService (BackgroundService.java:shutdown(148)) - Shutting down service BlockDeletingService
2019-08-27 08:59:50,713 [refreshUsed-/workdir/hadoop-ozone/integration-test/target/test-dir/MiniOzoneClusterImpl-5fa0230b-2e3b-4574-a1d1-aab0eaf0b74a/datanode-5/data/containers] WARN  fs.CachingGetSpaceUsed (CachingGetSpaceUsed.java:run(183)) - Thread Interrupted waiting to refresh disk information: sleep interrupted
2019-08-27 08:59:50,727 [main] INFO  statemachine.DatanodeStateMachine (DatanodeStateMachine.java:stopDaemon(395)) - Ozone container server stopped.
2019-08-27 08:59:50,728 [main] INFO  handler.ContextHandler (ContextHandler.java:doStop(910)) - Stopped o.e.j.w.WebAppContext@1447bef2{/,null,UNAVAILABLE}{/hddsDatanode}
2019-08-27 08:59:50,728 [main] INFO  server.AbstractConnector (AbstractConnector.java:doStop(318)) - Stopped ServerConnector@2b6c3f70{HTTP/1.1,[http/1.1]}{0.0.0.0:0}
2019-08-27 08:59:50,729 [main] INFO  handler.ContextHandler (ContextHandler.java:doStop(910)) - Stopped o.e.j.s.ServletContextHandler@46b2e0e4{/static,jar:file:/home/user/.m2/repository/org/apache/hadoop/hadoop-hdds-container-service/0.5.0-SNAPSHOT/hadoop-hdds-container-service-0.5.0-SNAPSHOT.jar!/webapps/static,UNAVAILABLE}
2019-08-27 08:59:50,729 [main] INFO  handler.ContextHandler (ContextHandler.java:doStop(910)) - Stopped o.e.j.s.ServletContextHandler@cc655a{/logs,file:///workdir/hadoop-ozone/integration-test/target/log,UNAVAILABLE}
2019-08-27 08:59:50,730 [main] INFO  datanode.ObjectStoreHandler (ObjectStoreHandler.java:close(155)) - Closing ObjectStoreHandler.
2019-08-27 08:59:50,730 [main] INFO  ozone.HddsDatanodeService (HddsDatanodeService.java:stop(451)) - Stopped plug-in org.apache.hadoop.ozone.web.OzoneHddsDatanodeService@83b0d9f
2019-08-27 08:59:50,856 [Datanode State Machine Thread - 0] INFO  statemachine.DatanodeStateMachine (DatanodeStateMachine.java:lambda$startDaemon$0(350)) - Ozone container server started.
2019-08-27 08:59:50,957 [grpc-default-executor-11] WARN  server.GrpcLogAppender (LogUtils.java:warn(134)) - 4418b26a-a5e5-4792-b343-154b02de43dd->e2fc1c3c-e5fc-4e6c-82aa-5ea8b9bf1eb5: Failed appendEntries: org.apache.ratis.thirdparty.io.grpc.StatusRuntimeException: UNAVAILABLE: io exception
2019-08-27 08:59:50,957 [grpc-default-executor-11] INFO  impl.FollowerInfo (FollowerInfo.java:lambda$new$0(50)) - 4418b26a-a5e5-4792-b343-154b02de43dd->e2fc1c3c-e5fc-4e6c-82aa-5ea8b9bf1eb5: nextIndex: updateUnconditionally 0 -> 0
2019-08-27 08:59:51,014 | INFO  | SCMAudit | user=jenkins1000 | ip=192.168.34.1 | op=SEND_HEARTBEAT {datanodeUUID=a728ac9e-8b42-42b3-9e87-ec98a1f6c46a, command=[]} | ret=SUCCESS |  
2019-08-27 08:59:51,079 [grpc-default-executor-13] WARN  server.GrpcLogAppender (LogUtils.java:warn(134)) - bc465b15-8d97-4b40-b19d-df54ad9f54a7->99a28adf-5289-4cdd-a512-dfcc6dd17230: Failed appendEntries: org.apache.ratis.thirdparty.io.grpc.StatusRuntimeException: UNAVAILABLE: io exception
2019-08-27 08:59:51,080 [grpc-default-executor-13] INFO  impl.FollowerInfo (FollowerInfo.java:lambda$new$0(50)) - bc465b15-8d97-4b40-b19d-df54ad9f54a7->99a28adf-5289-4cdd-a512-dfcc6dd17230: nextIndex: updateUnconditionally 12 -> 11
2019-08-27 08:59:51,177 | INFO  | SCMAudit | user=jenkins1000 | ip=192.168.34.1 | op=SEND_HEARTBEAT {datanodeUUID=82911ef2-faee-43a5-9a1d-aeefe797784b, command=[]} | ret=SUCCESS |  
2019-08-27 08:59:51,299 [Datanode State Machine Thread - 0] INFO  statemachine.DatanodeStateMachine (DatanodeStateMachine.java:lambda$startDaemon$0(350)) - Ozone container server started.
2019-08-27 08:59:51,300 | INFO  | SCMAudit | user=jenkins1000 | ip=192.168.34.1 | op=SEND_HEARTBEAT {datanodeUUID=c23e5a6c-3b1c-4356-87ef-9558e93e4bf7, command=[]} | ret=SUCCESS |  
2019-08-27 08:59:51,338 | INFO  | SCMAudit | user=jenkins1000 | ip=192.168.34.1 | op=SEND_HEARTBEAT {datanodeUUID=83ad8e3f-e813-4fa1-9b9c-8cd3f6d9b12a, command=[]} | ret=SUCCESS |  
2019-08-27 08:59:51,339 | INFO  | SCMAudit | user=jenkins1000 | ip=192.168.34.1 | op=SEND_HEARTBEAT {datanodeUUID=4418b26a-a5e5-4792-b343-154b02de43dd, command=[]} | ret=SUCCESS |  
2019-08-27 08:59:51,458 [grpc-default-executor-13] WARN  server.GrpcLogAppender (LogUtils.java:warn(134)) - 4418b26a-a5e5-4792-b343-154b02de43dd->e2fc1c3c-e5fc-4e6c-82aa-5ea8b9bf1eb5: Failed appendEntries: org.apache.ratis.thirdparty.io.grpc.StatusRuntimeException: UNAVAILABLE: io exception
2019-08-27 08:59:51,458 [grpc-default-executor-13] INFO  impl.FollowerInfo (FollowerInfo.java:lambda$new$0(50)) - 4418b26a-a5e5-4792-b343-154b02de43dd->e2fc1c3c-e5fc-4e6c-82aa-5ea8b9bf1eb5: nextIndex: updateUnconditionally 0 -> 0
2019-08-27 08:59:51,580 [grpc-default-executor-13] WARN  server.GrpcLogAppender (LogUtils.java:warn(134)) - bc465b15-8d97-4b40-b19d-df54ad9f54a7->99a28adf-5289-4cdd-a512-dfcc6dd17230: Failed appendEntries: org.apache.ratis.thirdparty.io.grpc.StatusRuntimeException: UNAVAILABLE: io exception
2019-08-27 08:59:51,580 [grpc-default-executor-13] INFO  impl.FollowerInfo (FollowerInfo.java:lambda$new$0(50)) - bc465b15-8d97-4b40-b19d-df54ad9f54a7->99a28adf-5289-4cdd-a512-dfcc6dd17230: nextIndex: updateUnconditionally 11 -> 10
2019-08-27 08:59:51,958 [grpc-default-executor-13] WARN  server.GrpcLogAppender (LogUtils.java:warn(134)) - 4418b26a-a5e5-4792-b343-154b02de43dd->e2fc1c3c-e5fc-4e6c-82aa-5ea8b9bf1eb5: Failed appendEntries: org.apache.ratis.thirdparty.io.grpc.StatusRuntimeException: UNAVAILABLE: io exception
2019-08-27 08:59:51,958 [grpc-default-executor-13] INFO  impl.FollowerInfo (FollowerInfo.java:lambda$new$0(50)) - 4418b26a-a5e5-4792-b343-154b02de43dd->e2fc1c3c-e5fc-4e6c-82aa-5ea8b9bf1eb5: nextIndex: updateUnconditionally 0 -> 0
2019-08-27 08:59:52,014 | INFO  | SCMAudit | user=jenkins1000 | ip=192.168.34.1 | op=SEND_HEARTBEAT {datanodeUUID=a728ac9e-8b42-42b3-9e87-ec98a1f6c46a, command=[]} | ret=SUCCESS |  
2019-08-27 08:59:52,081 [grpc-default-executor-13] WARN  server.GrpcLogAppender (LogUtils.java:warn(134)) - bc465b15-8d97-4b40-b19d-df54ad9f54a7->99a28adf-5289-4cdd-a512-dfcc6dd17230: Failed appendEntries: org.apache.ratis.thirdparty.io.grpc.StatusRuntimeException: UNAVAILABLE: io exception
2019-08-27 08:59:52,081 [grpc-default-executor-13] INFO  impl.FollowerInfo (FollowerInfo.java:lambda$new$0(50)) - bc465b15-8d97-4b40-b19d-df54ad9f54a7->99a28adf-5289-4cdd-a512-dfcc6dd17230: nextIndex: updateUnconditionally 10 -> 9
2019-08-27 08:59:52,177 | INFO  | SCMAudit | user=jenkins1000 | ip=192.168.34.1 | op=SEND_HEARTBEAT {datanodeUUID=82911ef2-faee-43a5-9a1d-aeefe797784b, command=[]} | ret=SUCCESS |  
2019-08-27 08:59:52,300 | INFO  | SCMAudit | user=jenkins1000 | ip=192.168.34.1 | op=SEND_HEARTBEAT {datanodeUUID=c23e5a6c-3b1c-4356-87ef-9558e93e4bf7, command=[]} | ret=SUCCESS |  
2019-08-27 08:59:52,339 | INFO  | SCMAudit | user=jenkins1000 | ip=192.168.34.1 | op=SEND_HEARTBEAT {datanodeUUID=83ad8e3f-e813-4fa1-9b9c-8cd3f6d9b12a, command=[]} | ret=SUCCESS |  
2019-08-27 08:59:52,339 | INFO  | SCMAudit | user=jenkins1000 | ip=192.168.34.1 | op=SEND_HEARTBEAT {datanodeUUID=4418b26a-a5e5-4792-b343-154b02de43dd, command=[]} | ret=SUCCESS |  
2019-08-27 08:59:52,458 [grpc-default-executor-13] WARN  server.GrpcLogAppender (LogUtils.java:warn(134)) - 4418b26a-a5e5-4792-b343-154b02de43dd->e2fc1c3c-e5fc-4e6c-82aa-5ea8b9bf1eb5: Failed appendEntries: org.apache.ratis.thirdparty.io.grpc.StatusRuntimeException: UNAVAILABLE: io exception
2019-08-27 08:59:52,459 [grpc-default-executor-13] INFO  impl.FollowerInfo (FollowerInfo.java:lambda$new$0(50)) - 4418b26a-a5e5-4792-b343-154b02de43dd->e2fc1c3c-e5fc-4e6c-82aa-5ea8b9bf1eb5: nextIndex: updateUnconditionally 0 -> 0
2019-08-27 08:59:52,581 [grpc-default-executor-13] WARN  server.GrpcLogAppender (LogUtils.java:warn(134)) - bc465b15-8d97-4b40-b19d-df54ad9f54a7->99a28adf-5289-4cdd-a512-dfcc6dd17230: Failed appendEntries: org.apache.ratis.thirdparty.io.grpc.StatusRuntimeException: UNAVAILABLE: io exception
2019-08-27 08:59:52,581 [grpc-default-executor-13] INFO  impl.FollowerInfo (FollowerInfo.java:lambda$new$0(50)) - bc465b15-8d97-4b40-b19d-df54ad9f54a7->99a28adf-5289-4cdd-a512-dfcc6dd17230: nextIndex: updateUnconditionally 9 -> 8
2019-08-27 08:59:52,959 [grpc-default-executor-10] WARN  server.GrpcLogAppender (LogUtils.java:warn(134)) - 4418b26a-a5e5-4792-b343-154b02de43dd->e2fc1c3c-e5fc-4e6c-82aa-5ea8b9bf1eb5: Failed appendEntries: org.apache.ratis.thirdparty.io.grpc.StatusRuntimeException: UNAVAILABLE: io exception
2019-08-27 08:59:52,959 [grpc-default-executor-10] INFO  impl.FollowerInfo (FollowerInfo.java:lambda$new$0(50)) - 4418b26a-a5e5-4792-b343-154b02de43dd->e2fc1c3c-e5fc-4e6c-82aa-5ea8b9bf1eb5: nextIndex: updateUnconditionally 0 -> 0
2019-08-27 08:59:53,014 | INFO  | SCMAudit | user=jenkins1000 | ip=192.168.34.1 | op=SEND_HEARTBEAT {datanodeUUID=a728ac9e-8b42-42b3-9e87-ec98a1f6c46a, command=[]} | ret=SUCCESS |  
2019-08-27 08:59:53,081 [grpc-default-executor-10] WARN  server.GrpcLogAppender (LogUtils.java:warn(134)) - bc465b15-8d97-4b40-b19d-df54ad9f54a7->99a28adf-5289-4cdd-a512-dfcc6dd17230: Failed appendEntries: org.apache.ratis.thirdparty.io.grpc.StatusRuntimeException: UNAVAILABLE: io exception
2019-08-27 08:59:53,082 [grpc-default-executor-10] INFO  impl.FollowerInfo (FollowerInfo.java:lambda$new$0(50)) - bc465b15-8d97-4b40-b19d-df54ad9f54a7->99a28adf-5289-4cdd-a512-dfcc6dd17230: nextIndex: updateUnconditionally 8 -> 7
2019-08-27 08:59:53,177 | INFO  | SCMAudit | user=jenkins1000 | ip=192.168.34.1 | op=SEND_HEARTBEAT {datanodeUUID=82911ef2-faee-43a5-9a1d-aeefe797784b, command=[]} | ret=SUCCESS |  
2019-08-27 08:59:53,300 | INFO  | SCMAudit | user=jenkins1000 | ip=192.168.34.1 | op=SEND_HEARTBEAT {datanodeUUID=c23e5a6c-3b1c-4356-87ef-9558e93e4bf7, command=[]} | ret=SUCCESS |  
2019-08-27 08:59:53,339 | INFO  | SCMAudit | user=jenkins1000 | ip=192.168.34.1 | op=SEND_HEARTBEAT {datanodeUUID=83ad8e3f-e813-4fa1-9b9c-8cd3f6d9b12a, command=[]} | ret=SUCCESS |  
2019-08-27 08:59:53,339 | INFO  | SCMAudit | user=jenkins1000 | ip=192.168.34.1 | op=SEND_HEARTBEAT {datanodeUUID=4418b26a-a5e5-4792-b343-154b02de43dd, command=[]} | ret=SUCCESS |  
2019-08-27 08:59:53,459 [grpc-default-executor-5] WARN  server.GrpcLogAppender (LogUtils.java:warn(134)) - 4418b26a-a5e5-4792-b343-154b02de43dd->e2fc1c3c-e5fc-4e6c-82aa-5ea8b9bf1eb5: Failed appendEntries: org.apache.ratis.thirdparty.io.grpc.StatusRuntimeException: UNAVAILABLE: io exception
2019-08-27 08:59:53,459 [grpc-default-executor-5] INFO  impl.FollowerInfo (FollowerInfo.java:lambda$new$0(50)) - 4418b26a-a5e5-4792-b343-154b02de43dd->e2fc1c3c-e5fc-4e6c-82aa-5ea8b9bf1eb5: nextIndex: updateUnconditionally 0 -> 0
2019-08-27 08:59:53,582 [grpc-default-executor-13] WARN  server.GrpcLogAppender (LogUtils.java:warn(134)) - bc465b15-8d97-4b40-b19d-df54ad9f54a7->99a28adf-5289-4cdd-a512-dfcc6dd17230: Failed appendEntries: org.apache.ratis.thirdparty.io.grpc.StatusRuntimeException: UNAVAILABLE: io exception
2019-08-27 08:59:53,582 [grpc-default-executor-13] INFO  impl.FollowerInfo (FollowerInfo.java:lambda$new$0(50)) - bc465b15-8d97-4b40-b19d-df54ad9f54a7->99a28adf-5289-4cdd-a512-dfcc6dd17230: nextIndex: updateUnconditionally 7 -> 6
2019-08-27 08:59:53,959 [grpc-default-executor-10] WARN  server.GrpcLogAppender (LogUtils.java:warn(134)) - 4418b26a-a5e5-4792-b343-154b02de43dd->e2fc1c3c-e5fc-4e6c-82aa-5ea8b9bf1eb5: Failed appendEntries: org.apache.ratis.thirdparty.io.grpc.StatusRuntimeException: UNAVAILABLE: io exception
2019-08-27 08:59:53,960 [grpc-default-executor-10] INFO  impl.FollowerInfo (FollowerInfo.java:lambda$new$0(50)) - 4418b26a-a5e5-4792-b343-154b02de43dd->e2fc1c3c-e5fc-4e6c-82aa-5ea8b9bf1eb5: nextIndex: updateUnconditionally 0 -> 0
2019-08-27 08:59:54,014 | INFO  | SCMAudit | user=jenkins1000 | ip=192.168.34.1 | op=SEND_HEARTBEAT {datanodeUUID=a728ac9e-8b42-42b3-9e87-ec98a1f6c46a, command=[]} | ret=SUCCESS |  
2019-08-27 08:59:54,082 [grpc-default-executor-5] WARN  server.GrpcLogAppender (LogUtils.java:warn(134)) - bc465b15-8d97-4b40-b19d-df54ad9f54a7->99a28adf-5289-4cdd-a512-dfcc6dd17230: Failed appendEntries: org.apache.ratis.thirdparty.io.grpc.StatusRuntimeException: UNAVAILABLE: io exception
2019-08-27 08:59:54,082 [grpc-default-executor-5] INFO  impl.FollowerInfo (FollowerInfo.java:lambda$new$0(50)) - bc465b15-8d97-4b40-b19d-df54ad9f54a7->99a28adf-5289-4cdd-a512-dfcc6dd17230: nextIndex: updateUnconditionally 6 -> 5
2019-08-27 08:59:54,177 | INFO  | SCMAudit | user=jenkins1000 | ip=192.168.34.1 | op=SEND_HEARTBEAT {datanodeUUID=82911ef2-faee-43a5-9a1d-aeefe797784b, command=[]} | ret=SUCCESS |  
2019-08-27 08:59:54,300 | INFO  | SCMAudit | user=jenkins1000 | ip=192.168.34.1 | op=SEND_HEARTBEAT {datanodeUUID=c23e5a6c-3b1c-4356-87ef-9558e93e4bf7, command=[]} | ret=SUCCESS |  
2019-08-27 08:59:54,339 | INFO  | SCMAudit | user=jenkins1000 | ip=192.168.34.1 | op=SEND_HEARTBEAT {datanodeUUID=4418b26a-a5e5-4792-b343-154b02de43dd, command=[]} | ret=SUCCESS |  
2019-08-27 08:59:54,339 | INFO  | SCMAudit | user=jenkins1000 | ip=192.168.34.1 | op=SEND_HEARTBEAT {datanodeUUID=83ad8e3f-e813-4fa1-9b9c-8cd3f6d9b12a, command=[]} | ret=SUCCESS |  
2019-08-27 08:59:54,460 [grpc-default-executor-13] WARN  server.GrpcLogAppender (LogUtils.java:warn(134)) - 4418b26a-a5e5-4792-b343-154b02de43dd->e2fc1c3c-e5fc-4e6c-82aa-5ea8b9bf1eb5: Failed appendEntries: org.apache.ratis.thirdparty.io.grpc.StatusRuntimeException: UNAVAILABLE: io exception
2019-08-27 08:59:54,460 [grpc-default-executor-13] INFO  impl.FollowerInfo (FollowerInfo.java:lambda$new$0(50)) - 4418b26a-a5e5-4792-b343-154b02de43dd->e2fc1c3c-e5fc-4e6c-82aa-5ea8b9bf1eb5: nextIndex: updateUnconditionally 0 -> 0
2019-08-27 08:59:54,583 [grpc-default-executor-10] WARN  server.GrpcLogAppender (LogUtils.java:warn(134)) - bc465b15-8d97-4b40-b19d-df54ad9f54a7->99a28adf-5289-4cdd-a512-dfcc6dd17230: Failed appendEntries: org.apache.ratis.thirdparty.io.grpc.StatusRuntimeException: UNAVAILABLE: io exception
2019-08-27 08:59:54,583 [grpc-default-executor-10] INFO  impl.FollowerInfo (FollowerInfo.java:lambda$new$0(50)) - bc465b15-8d97-4b40-b19d-df54ad9f54a7->99a28adf-5289-4cdd-a512-dfcc6dd17230: nextIndex: updateUnconditionally 5 -> 4
2019-08-27 08:59:54,960 [grpc-default-executor-13] WARN  server.GrpcLogAppender (LogUtils.java:warn(134)) - 4418b26a-a5e5-4792-b343-154b02de43dd->e2fc1c3c-e5fc-4e6c-82aa-5ea8b9bf1eb5: Failed appendEntries: org.apache.ratis.thirdparty.io.grpc.StatusRuntimeException: UNAVAILABLE: io exception
2019-08-27 08:59:54,961 [grpc-default-executor-13] INFO  impl.FollowerInfo (FollowerInfo.java:lambda$new$0(50)) - 4418b26a-a5e5-4792-b343-154b02de43dd->e2fc1c3c-e5fc-4e6c-82aa-5ea8b9bf1eb5: nextIndex: updateUnconditionally 0 -> 0
2019-08-27 08:59:55,014 | INFO  | SCMAudit | user=jenkins1000 | ip=192.168.34.1 | op=SEND_HEARTBEAT {datanodeUUID=a728ac9e-8b42-42b3-9e87-ec98a1f6c46a, command=[]} | ret=SUCCESS |  
2019-08-27 08:59:55,083 [grpc-default-executor-13] WARN  server.GrpcLogAppender (LogUtils.java:warn(134)) - bc465b15-8d97-4b40-b19d-df54ad9f54a7->99a28adf-5289-4cdd-a512-dfcc6dd17230: Failed appendEntries: org.apache.ratis.thirdparty.io.grpc.StatusRuntimeException: UNAVAILABLE: io exception
2019-08-27 08:59:55,083 [grpc-default-executor-13] INFO  impl.FollowerInfo (FollowerInfo.java:lambda$new$0(50)) - bc465b15-8d97-4b40-b19d-df54ad9f54a7->99a28adf-5289-4cdd-a512-dfcc6dd17230: nextIndex: updateUnconditionally 4 -> 3
2019-08-27 08:59:55,177 | INFO  | SCMAudit | user=jenkins1000 | ip=192.168.34.1 | op=SEND_HEARTBEAT {datanodeUUID=82911ef2-faee-43a5-9a1d-aeefe797784b, command=[]} | ret=SUCCESS |  
2019-08-27 08:59:55,300 | INFO  | SCMAudit | user=jenkins1000 | ip=192.168.34.1 | op=SEND_HEARTBEAT {datanodeUUID=c23e5a6c-3b1c-4356-87ef-9558e93e4bf7, command=[]} | ret=SUCCESS |  
2019-08-27 08:59:55,339 | INFO  | SCMAudit | user=jenkins1000 | ip=192.168.34.1 | op=SEND_HEARTBEAT {datanodeUUID=4418b26a-a5e5-4792-b343-154b02de43dd, command=[]} | ret=SUCCESS |  
2019-08-27 08:59:55,339 | INFO  | SCMAudit | user=jenkins1000 | ip=192.168.34.1 | op=SEND_HEARTBEAT {datanodeUUID=83ad8e3f-e813-4fa1-9b9c-8cd3f6d9b12a, command=[]} | ret=SUCCESS |  
2019-08-27 08:59:55,462 [grpc-default-executor-13] WARN  server.GrpcLogAppender (LogUtils.java:warn(134)) - 4418b26a-a5e5-4792-b343-154b02de43dd->e2fc1c3c-e5fc-4e6c-82aa-5ea8b9bf1eb5: Failed appendEntries: org.apache.ratis.thirdparty.io.grpc.StatusRuntimeException: UNAVAILABLE: io exception
2019-08-27 08:59:55,463 [grpc-default-executor-13] INFO  impl.FollowerInfo (FollowerInfo.java:lambda$new$0(50)) - 4418b26a-a5e5-4792-b343-154b02de43dd->e2fc1c3c-e5fc-4e6c-82aa-5ea8b9bf1eb5: nextIndex: updateUnconditionally 0 -> 0
2019-08-27 08:59:55,583 [grpc-default-executor-13] WARN  server.GrpcLogAppender (LogUtils.java:warn(134)) - bc465b15-8d97-4b40-b19d-df54ad9f54a7->99a28adf-5289-4cdd-a512-dfcc6dd17230: Failed appendEntries: org.apache.ratis.thirdparty.io.grpc.StatusRuntimeException: UNAVAILABLE: io exception
2019-08-27 08:59:55,584 [grpc-default-executor-13] INFO  impl.FollowerInfo (FollowerInfo.java:lambda$new$0(50)) - bc465b15-8d97-4b40-b19d-df54ad9f54a7->99a28adf-5289-4cdd-a512-dfcc6dd17230: nextIndex: updateUnconditionally 3 -> 2
2019-08-27 08:59:55,701 [ForkJoinPool.commonPool-worker-1] INFO  ozoneimpl.OzoneContainer (OzoneContainer.java:stop(199)) - Attempting to stop container services.
2019-08-27 08:59:55,702 [ForkJoinPool.commonPool-worker-1] INFO  impl.RaftServerProxy (RaftServerProxy.java:lambda$close$4(314)) - bc465b15-8d97-4b40-b19d-df54ad9f54a7: close
2019-08-27 08:59:55,702 [ForkJoinPool.commonPool-worker-1] INFO  impl.RaftServerImpl (RaftServerImpl.java:lambda$shutdown$3(245)) - bc465b15-8d97-4b40-b19d-df54ad9f54a7: shutdown group-7C7B7DF1FA2A
2019-08-27 08:59:55,703 [ForkJoinPool.commonPool-worker-1] INFO  util.JmxRegister (JmxRegister.java:unregister(73)) - Successfully un-registered JMX Bean with object name Ratis:service=RaftServer,group=group-7C7B7DF1FA2A,id=bc465b15-8d97-4b40-b19d-df54ad9f54a7
2019-08-27 08:59:55,703 [ForkJoinPool.commonPool-worker-1] INFO  impl.RoleInfo (RoleInfo.java:shutdownLeaderState(104)) - bc465b15-8d97-4b40-b19d-df54ad9f54a7: shutdown LeaderState
2019-08-27 08:59:55,709 [ForkJoinPool.commonPool-worker-1] INFO  impl.PendingRequests (PendingRequests.java:sendNotLeaderResponses(202)) - bc465b15-8d97-4b40-b19d-df54ad9f54a7-PendingRequests: sendNotLeaderResponses
2019-08-27 08:59:55,709 [org.apache.ratis.server.impl.LogAppender$AppenderDaemon$$Lambda$531/1030378757@4f859a50] WARN  server.GrpcLogAppender (GrpcLogAppender.java:mayWait(143)) - GrpcLogAppender(bc465b15-8d97-4b40-b19d-df54ad9f54a7->c23e5a6c-3b1c-4356-87ef-9558e93e4bf7): Wait interrupted by java.lang.InterruptedException
2019-08-27 08:59:55,709 [org.apache.ratis.server.impl.LogAppender$AppenderDaemon$$Lambda$531/1030378757@a870564] WARN  server.GrpcLogAppender (GrpcLogAppender.java:mayWait(143)) - GrpcLogAppender(bc465b15-8d97-4b40-b19d-df54ad9f54a7->99a28adf-5289-4cdd-a512-dfcc6dd17230): Wait interrupted by java.lang.InterruptedException
2019-08-27 08:59:55,713 [ForkJoinPool.commonPool-worker-1] INFO  impl.StateMachineUpdater (StateMachineUpdater.java:stopAndJoin(115)) - StateMachineUpdater:bc465b15-8d97-4b40-b19d-df54ad9f54a7:group-7C7B7DF1FA2A: set stopIndex = 12
2019-08-27 08:59:55,713 [grpc-default-executor-13] INFO  server.GrpcServerProtocolService (GrpcServerProtocolService.java:onCompleted(104)) - c23e5a6c-3b1c-4356-87ef-9558e93e4bf7: appendEntries completed
2019-08-27 08:59:55,713 [StateMachineUpdater:bc465b15-8d97-4b40-b19d-df54ad9f54a7:group-7C7B7DF1FA2A] INFO  ratis.ContainerStateMachine (ContainerStateMachine.java:takeSnapshot(283)) - group-7C7B7DF1FA2A: Taking a snapshot at:(t:1, i:10) file /workdir/hadoop-ozone/integration-test/target/test-dir/MiniOzoneClusterImpl-5fa0230b-2e3b-4574-a1d1-aab0eaf0b74a/datanode-3/data/ratis/52a28dc6-fa60-479a-a53d-7c7b7df1fa2a/sm/snapshot.1_10
2019-08-27 08:59:55,713 [grpc-default-executor-5] INFO  server.GrpcLogAppender (GrpcLogAppender.java:onCompleted(292)) - bc465b15-8d97-4b40-b19d-df54ad9f54a7->c23e5a6c-3b1c-4356-87ef-9558e93e4bf7: follower responses appendEntries COMPLETED
2019-08-27 08:59:55,713 [grpc-default-executor-5] INFO  impl.FollowerInfo (FollowerInfo.java:lambda$new$0(50)) - bc465b15-8d97-4b40-b19d-df54ad9f54a7->c23e5a6c-3b1c-4356-87ef-9558e93e4bf7: nextIndex: updateUnconditionally 13 -> 12
2019-08-27 08:59:55,726 [StateMachineUpdater:bc465b15-8d97-4b40-b19d-df54ad9f54a7:group-7C7B7DF1FA2A] INFO  ratis.ContainerStateMachine (ContainerStateMachine.java:takeSnapshot(294)) - group-7C7B7DF1FA2A: Finished taking a snapshot at:(t:1, i:10) file:/workdir/hadoop-ozone/integration-test/target/test-dir/MiniOzoneClusterImpl-5fa0230b-2e3b-4574-a1d1-aab0eaf0b74a/datanode-3/data/ratis/52a28dc6-fa60-479a-a53d-7c7b7df1fa2a/sm/snapshot.1_10 time:14
2019-08-27 08:59:55,726 [StateMachineUpdater:bc465b15-8d97-4b40-b19d-df54ad9f54a7:group-7C7B7DF1FA2A] INFO  impl.StateMachineUpdater (StateMachineUpdater.java:takeSnapshot(242)) - StateMachineUpdater:bc465b15-8d97-4b40-b19d-df54ad9f54a7:group-7C7B7DF1FA2A: Took a snapshot at index 10
2019-08-27 08:59:55,726 [StateMachineUpdater:bc465b15-8d97-4b40-b19d-df54ad9f54a7:group-7C7B7DF1FA2A] INFO  impl.StateMachineUpdater (StateMachineUpdater.java:lambda$new$0(80)) - StateMachineUpdater:bc465b15-8d97-4b40-b19d-df54ad9f54a7:group-7C7B7DF1FA2A: snapshotIndex: updateIncreasingly -1 -> 10
2019-08-27 08:59:55,727 [ForkJoinPool.commonPool-worker-1] INFO  impl.RaftServerImpl (ServerState.java:close(394)) - bc465b15-8d97-4b40-b19d-df54ad9f54a7:group-7C7B7DF1FA2A closes. The last applied log index is 12
2019-08-27 08:59:55,727 [bc465b15-8d97-4b40-b19d-df54ad9f54a7-SegmentedRaftLogWorker:Storage Directory /workdir/hadoop-ozone/integration-test/target/test-dir/MiniOzoneClusterImpl-5fa0230b-2e3b-4574-a1d1-aab0eaf0b74a/datanode-3/data/ratis/52a28dc6-fa60-479a-a53d-7c7b7df1fa2a] INFO  segmented.SegmentedRaftLogWorker (SegmentedRaftLogWorker.java:run(313)) - bc465b15-8d97-4b40-b19d-df54ad9f54a7-SegmentedRaftLogWorker:Storage Directory /workdir/hadoop-ozone/integration-test/target/test-dir/MiniOzoneClusterImpl-5fa0230b-2e3b-4574-a1d1-aab0eaf0b74a/datanode-3/data/ratis/52a28dc6-fa60-479a-a53d-7c7b7df1fa2a was interrupted, exiting. There are 0 tasks remaining in the queue.
2019-08-27 08:59:55,730 [ForkJoinPool.commonPool-worker-1] INFO  segmented.SegmentedRaftLogWorker (SegmentedRaftLogWorker.java:close(228)) - bc465b15-8d97-4b40-b19d-df54ad9f54a7-SegmentedRaftLogWorker:Storage Directory /workdir/hadoop-ozone/integration-test/target/test-dir/MiniOzoneClusterImpl-5fa0230b-2e3b-4574-a1d1-aab0eaf0b74a/datanode-3/data/ratis/52a28dc6-fa60-479a-a53d-7c7b7df1fa2a close()
2019-08-27 08:59:55,734 [ForkJoinPool.commonPool-worker-1] INFO  impl.RaftServerImpl (RaftServerImpl.java:lambda$shutdown$3(245)) - bc465b15-8d97-4b40-b19d-df54ad9f54a7: shutdown group-73997096345A
2019-08-27 08:59:55,734 [main] INFO  ozoneimpl.OzoneContainer (OzoneContainer.java:stop(199)) - Attempting to stop container services.
2019-08-27 08:59:55,734 [ForkJoinPool.commonPool-worker-1] INFO  util.JmxRegister (JmxRegister.java:unregister(73)) - Successfully un-registered JMX Bean with object name Ratis:service=RaftServer,group=group-73997096345A,id=bc465b15-8d97-4b40-b19d-df54ad9f54a7
2019-08-27 08:59:55,735 [main] INFO  impl.RaftServerProxy (RaftServerProxy.java:lambda$close$4(314)) - 521aeba6-88aa-48b7-8766-3f4d75ba2df1: close
2019-08-27 08:59:55,735 [ForkJoinPool.commonPool-worker-1] INFO  impl.RoleInfo (RoleInfo.java:shutdownLeaderState(104)) - bc465b15-8d97-4b40-b19d-df54ad9f54a7: shutdown LeaderState
2019-08-27 08:59:55,735 [main] INFO  impl.RaftServerImpl (RaftServerImpl.java:lambda$shutdown$3(245)) - 521aeba6-88aa-48b7-8766-3f4d75ba2df1: shutdown group-9BDE53BF1F89
2019-08-27 08:59:55,735 [ForkJoinPool.commonPool-worker-1] INFO  impl.PendingRequests (PendingRequests.java:sendNotLeaderResponses(202)) - bc465b15-8d97-4b40-b19d-df54ad9f54a7-PendingRequests: sendNotLeaderResponses
2019-08-27 08:59:55,735 [main] INFO  util.JmxRegister (JmxRegister.java:unregister(73)) - Successfully un-registered JMX Bean with object name Ratis:service=RaftServer,group=group-9BDE53BF1F89,id=521aeba6-88aa-48b7-8766-3f4d75ba2df1
2019-08-27 08:59:55,735 [ForkJoinPool.commonPool-worker-1] INFO  impl.StateMachineUpdater (StateMachineUpdater.java:stopAndJoin(115)) - StateMachineUpdater:bc465b15-8d97-4b40-b19d-df54ad9f54a7:group-73997096345A: set stopIndex = 0
2019-08-27 08:59:55,736 [main] INFO  impl.RoleInfo (RoleInfo.java:shutdownFollowerState(121)) - 521aeba6-88aa-48b7-8766-3f4d75ba2df1: shutdown FollowerState
2019-08-27 08:59:55,736 [ForkJoinPool.commonPool-worker-1] INFO  impl.RaftServerImpl (ServerState.java:close(394)) - bc465b15-8d97-4b40-b19d-df54ad9f54a7:group-73997096345A closes. The last applied log index is 0
2019-08-27 08:59:55,736 [Thread-4104] INFO  impl.FollowerState (FollowerState.java:run(114)) - 521aeba6-88aa-48b7-8766-3f4d75ba2df1: FollowerState was interrupted: java.lang.InterruptedException: sleep interrupted
2019-08-27 08:59:55,736 [main] INFO  impl.StateMachineUpdater (StateMachineUpdater.java:stopAndJoin(115)) - StateMachineUpdater:521aeba6-88aa-48b7-8766-3f4d75ba2df1:group-9BDE53BF1F89: set stopIndex = 0
2019-08-27 08:59:55,736 [bc465b15-8d97-4b40-b19d-df54ad9f54a7-SegmentedRaftLogWorker:Storage Directory /workdir/hadoop-ozone/integration-test/target/test-dir/MiniOzoneClusterImpl-5fa0230b-2e3b-4574-a1d1-aab0eaf0b74a/datanode-3/data/ratis/cdb43c87-8909-4a2e-87da-73997096345a] INFO  segmented.SegmentedRaftLogWorker (SegmentedRaftLogWorker.java:run(313)) - bc465b15-8d97-4b40-b19d-df54ad9f54a7-SegmentedRaftLogWorker:Storage Directory /workdir/hadoop-ozone/integration-test/target/test-dir/MiniOzoneClusterImpl-5fa0230b-2e3b-4574-a1d1-aab0eaf0b74a/datanode-3/data/ratis/cdb43c87-8909-4a2e-87da-73997096345a was interrupted, exiting. There are 0 tasks remaining in the queue.
2019-08-27 08:59:55,737 [main] INFO  impl.RaftServerImpl (ServerState.java:close(394)) - 521aeba6-88aa-48b7-8766-3f4d75ba2df1:group-9BDE53BF1F89 closes. The last applied log index is 0
2019-08-27 08:59:55,739 [ForkJoinPool.commonPool-worker-1] INFO  segmented.SegmentedRaftLogWorker (SegmentedRaftLogWorker.java:close(228)) - bc465b15-8d97-4b40-b19d-df54ad9f54a7-SegmentedRaftLogWorker:Storage Directory /workdir/hadoop-ozone/integration-test/target/test-dir/MiniOzoneClusterImpl-5fa0230b-2e3b-4574-a1d1-aab0eaf0b74a/datanode-3/data/ratis/cdb43c87-8909-4a2e-87da-73997096345a close()
2019-08-27 08:59:55,739 [521aeba6-88aa-48b7-8766-3f4d75ba2df1-SegmentedRaftLogWorker:Storage Directory /workdir/hadoop-ozone/integration-test/target/test-dir/MiniOzoneClusterImpl-5fa0230b-2e3b-4574-a1d1-aab0eaf0b74a/datanode-6/data/ratis/9303588b-cf83-416f-8dbd-9bde53bf1f89] INFO  segmented.SegmentedRaftLogWorker (SegmentedRaftLogWorker.java:run(313)) - 521aeba6-88aa-48b7-8766-3f4d75ba2df1-SegmentedRaftLogWorker:Storage Directory /workdir/hadoop-ozone/integration-test/target/test-dir/MiniOzoneClusterImpl-5fa0230b-2e3b-4574-a1d1-aab0eaf0b74a/datanode-6/data/ratis/9303588b-cf83-416f-8dbd-9bde53bf1f89 was interrupted, exiting. There are 0 tasks remaining in the queue.
2019-08-27 08:59:55,743 [ForkJoinPool.commonPool-worker-1] INFO  server.GrpcService (GrpcService.java:closeImpl(155)) - bc465b15-8d97-4b40-b19d-df54ad9f54a7: shutdown server with port 41376 now
2019-08-27 08:59:55,745 [main] INFO  segmented.SegmentedRaftLogWorker (SegmentedRaftLogWorker.java:close(228)) - 521aeba6-88aa-48b7-8766-3f4d75ba2df1-SegmentedRaftLogWorker:Storage Directory /workdir/hadoop-ozone/integration-test/target/test-dir/MiniOzoneClusterImpl-5fa0230b-2e3b-4574-a1d1-aab0eaf0b74a/datanode-6/data/ratis/9303588b-cf83-416f-8dbd-9bde53bf1f89 close()
2019-08-27 08:59:55,749 [main] INFO  impl.RaftServerImpl (RaftServerImpl.java:lambda$shutdown$3(245)) - 521aeba6-88aa-48b7-8766-3f4d75ba2df1: shutdown group-8EE4029E1F45
2019-08-27 08:59:55,749 [ForkJoinPool.commonPool-worker-1] INFO  server.GrpcService (GrpcService.java:closeImpl(163)) - bc465b15-8d97-4b40-b19d-df54ad9f54a7: shutdown server with port 41376 successfully
2019-08-27 08:59:55,751 [main] INFO  util.JmxRegister (JmxRegister.java:unregister(73)) - Successfully un-registered JMX Bean with object name Ratis:service=RaftServer,group=group-8EE4029E1F45,id=521aeba6-88aa-48b7-8766-3f4d75ba2df1
2019-08-27 08:59:55,752 [main] INFO  impl.RoleInfo (RoleInfo.java:shutdownLeaderState(104)) - 521aeba6-88aa-48b7-8766-3f4d75ba2df1: shutdown LeaderState
2019-08-27 08:59:55,752 [main] INFO  impl.PendingRequests (PendingRequests.java:sendNotLeaderResponses(202)) - 521aeba6-88aa-48b7-8766-3f4d75ba2df1-PendingRequests: sendNotLeaderResponses
2019-08-27 08:59:55,752 [main] INFO  impl.StateMachineUpdater (StateMachineUpdater.java:stopAndJoin(115)) - StateMachineUpdater:521aeba6-88aa-48b7-8766-3f4d75ba2df1:group-8EE4029E1F45: set stopIndex = 0
2019-08-27 08:59:55,752 [grpc-default-executor-13] WARN  client.GrpcClientProtocolService (LogUtils.java:warn(134)) - 1-UnorderedRequestStreamObserver1: onError: org.apache.ratis.thirdparty.io.grpc.StatusRuntimeException: CANCELLED: cancelled before receiving half close
2019-08-27 08:59:55,755 [ForkJoinPool.commonPool-worker-1] INFO  utils.BackgroundService (BackgroundService.java:shutdown(148)) - Shutting down service BlockDeletingService
2019-08-27 08:59:55,755 [main] INFO  impl.RaftServerImpl (ServerState.java:close(394)) - 521aeba6-88aa-48b7-8766-3f4d75ba2df1:group-8EE4029E1F45 closes. The last applied log index is 0
2019-08-27 08:59:55,756 [521aeba6-88aa-48b7-8766-3f4d75ba2df1-SegmentedRaftLogWorker:Storage Directory /workdir/hadoop-ozone/integration-test/target/test-dir/MiniOzoneClusterImpl-5fa0230b-2e3b-4574-a1d1-aab0eaf0b74a/datanode-6/data/ratis/689f77b6-87ea-4586-9b93-8ee4029e1f45] INFO  segmented.SegmentedRaftLogWorker (SegmentedRaftLogWorker.java:run(313)) - 521aeba6-88aa-48b7-8766-3f4d75ba2df1-SegmentedRaftLogWorker:Storage Directory /workdir/hadoop-ozone/integration-test/target/test-dir/MiniOzoneClusterImpl-5fa0230b-2e3b-4574-a1d1-aab0eaf0b74a/datanode-6/data/ratis/689f77b6-87ea-4586-9b93-8ee4029e1f45 was interrupted, exiting. There are 0 tasks remaining in the queue.
2019-08-27 08:59:55,756 [refreshUsed-/workdir/hadoop-ozone/integration-test/target/test-dir/MiniOzoneClusterImpl-5fa0230b-2e3b-4574-a1d1-aab0eaf0b74a/datanode-3/data/containers] WARN  fs.CachingGetSpaceUsed (CachingGetSpaceUsed.java:run(183)) - Thread Interrupted waiting to refresh disk information: sleep interrupted
2019-08-27 08:59:55,757 [main] INFO  segmented.SegmentedRaftLogWorker (SegmentedRaftLogWorker.java:close(228)) - 521aeba6-88aa-48b7-8766-3f4d75ba2df1-SegmentedRaftLogWorker:Storage Directory /workdir/hadoop-ozone/integration-test/target/test-dir/MiniOzoneClusterImpl-5fa0230b-2e3b-4574-a1d1-aab0eaf0b74a/datanode-6/data/ratis/689f77b6-87ea-4586-9b93-8ee4029e1f45 close()
2019-08-27 08:59:55,760 [main] INFO  server.GrpcService (GrpcService.java:closeImpl(155)) - 521aeba6-88aa-48b7-8766-3f4d75ba2df1: shutdown server with port 36388 now
2019-08-27 08:59:55,761 [grpc-default-executor-5] WARN  server.GrpcServerProtocolService (LogUtils.java:warn(134)) - 521aeba6-88aa-48b7-8766-3f4d75ba2df1: appendEntries onError: org.apache.ratis.thirdparty.io.grpc.StatusRuntimeException: CANCELLED: cancelled before receiving half close
2019-08-27 08:59:55,762 [main] INFO  server.GrpcService (GrpcService.java:closeImpl(163)) - 521aeba6-88aa-48b7-8766-3f4d75ba2df1: shutdown server with port 36388 successfully
2019-08-27 08:59:55,763 [grpc-default-executor-5] WARN  server.GrpcLogAppender (LogUtils.java:warn(134)) - a728ac9e-8b42-42b3-9e87-ec98a1f6c46a->521aeba6-88aa-48b7-8766-3f4d75ba2df1: Failed appendEntries: org.apache.ratis.thirdparty.io.grpc.StatusRuntimeException: CANCELLED: HTTP/2 error code: CANCEL
Received Rst Stream
2019-08-27 08:59:55,763 [grpc-default-executor-5] INFO  impl.FollowerInfo (FollowerInfo.java:lambda$new$0(50)) - a728ac9e-8b42-42b3-9e87-ec98a1f6c46a->521aeba6-88aa-48b7-8766-3f4d75ba2df1: nextIndex: updateUnconditionally 1 -> 0
2019-08-27 08:59:55,764 [main] INFO  utils.BackgroundService (BackgroundService.java:shutdown(148)) - Shutting down service BlockDeletingService
2019-08-27 08:59:55,766 [refreshUsed-/workdir/hadoop-ozone/integration-test/target/test-dir/MiniOzoneClusterImpl-5fa0230b-2e3b-4574-a1d1-aab0eaf0b74a/datanode-6/data/containers] WARN  fs.CachingGetSpaceUsed (CachingGetSpaceUsed.java:run(183)) - Thread Interrupted waiting to refresh disk information: sleep interrupted
2019-08-27 08:59:55,781 [ForkJoinPool.commonPool-worker-1] INFO  statemachine.DatanodeStateMachine (DatanodeStateMachine.java:stopDaemon(395)) - Ozone container server stopped.
2019-08-27 08:59:55,784 [main] INFO  statemachine.DatanodeStateMachine (DatanodeStateMachine.java:stopDaemon(395)) - Ozone container server stopped.
2019-08-27 08:59:55,785 [ForkJoinPool.commonPool-worker-1] INFO  handler.ContextHandler (ContextHandler.java:doStop(910)) - Stopped o.e.j.w.WebAppContext@543895d2{/,null,UNAVAILABLE}{/hddsDatanode}
2019-08-27 08:59:55,785 [main] INFO  handler.ContextHandler (ContextHandler.java:doStop(910)) - Stopped o.e.j.w.WebAppContext@7b3b0896{/,null,UNAVAILABLE}{/hddsDatanode}
2019-08-27 08:59:55,785 [ForkJoinPool.commonPool-worker-1] INFO  server.AbstractConnector (AbstractConnector.java:doStop(318)) - Stopped ServerConnector@3699c795{HTTP/1.1,[http/1.1]}{0.0.0.0:0}
2019-08-27 08:59:55,787 [ForkJoinPool.commonPool-worker-1] INFO  handler.ContextHandler (ContextHandler.java:doStop(910)) - Stopped o.e.j.s.ServletContextHandler@2693b289{/static,jar:file:/home/user/.m2/repository/org/apache/hadoop/hadoop-hdds-container-service/0.5.0-SNAPSHOT/hadoop-hdds-container-service-0.5.0-SNAPSHOT.jar!/webapps/static,UNAVAILABLE}
2019-08-27 08:59:55,787 [main] INFO  server.AbstractConnector (AbstractConnector.java:doStop(318)) - Stopped ServerConnector@d4a4ba{HTTP/1.1,[http/1.1]}{0.0.0.0:0}
2019-08-27 08:59:55,788 [ForkJoinPool.commonPool-worker-1] INFO  handler.ContextHandler (ContextHandler.java:doStop(910)) - Stopped o.e.j.s.ServletContextHandler@5a32ab89{/logs,file:///workdir/hadoop-ozone/integration-test/target/log,UNAVAILABLE}
2019-08-27 08:59:55,789 [main] INFO  handler.ContextHandler (ContextHandler.java:doStop(910)) - Stopped o.e.j.s.ServletContextHandler@25c5fc41{/static,jar:file:/home/user/.m2/repository/org/apache/hadoop/hadoop-hdds-container-service/0.5.0-SNAPSHOT/hadoop-hdds-container-service-0.5.0-SNAPSHOT.jar!/webapps/static,UNAVAILABLE}
2019-08-27 08:59:55,789 [ForkJoinPool.commonPool-worker-1] INFO  datanode.ObjectStoreHandler (ObjectStoreHandler.java:close(155)) - Closing ObjectStoreHandler.
2019-08-27 08:59:55,789 [main] INFO  handler.ContextHandler (ContextHandler.java:doStop(910)) - Stopped o.e.j.s.ServletContextHandler@65b9ebee{/logs,file:///workdir/hadoop-ozone/integration-test/target/log,UNAVAILABLE}
2019-08-27 08:59:55,790 [ForkJoinPool.commonPool-worker-1] INFO  ozone.HddsDatanodeService (HddsDatanodeService.java:stop(451)) - Stopped plug-in org.apache.hadoop.ozone.web.OzoneHddsDatanodeService@a8e649e
2019-08-27 08:59:55,790 [main] INFO  datanode.ObjectStoreHandler (ObjectStoreHandler.java:close(155)) - Closing ObjectStoreHandler.
2019-08-27 08:59:55,791 [main] INFO  ozone.HddsDatanodeService (HddsDatanodeService.java:stop(451)) - Stopped plug-in org.apache.hadoop.ozone.web.OzoneHddsDatanodeService@339cedbb
2019-08-27 08:59:55,962 [grpc-default-executor-5] WARN  server.GrpcLogAppender (LogUtils.java:warn(134)) - 4418b26a-a5e5-4792-b343-154b02de43dd->e2fc1c3c-e5fc-4e6c-82aa-5ea8b9bf1eb5: Failed appendEntries: org.apache.ratis.thirdparty.io.grpc.StatusRuntimeException: UNAVAILABLE: io exception
2019-08-27 08:59:55,962 [grpc-default-executor-5] INFO  impl.FollowerInfo (FollowerInfo.java:lambda$new$0(50)) - 4418b26a-a5e5-4792-b343-154b02de43dd->e2fc1c3c-e5fc-4e6c-82aa-5ea8b9bf1eb5: nextIndex: updateUnconditionally 0 -> 0
2019-08-27 08:59:55,982 [grpc-default-executor-5] WARN  server.GrpcLogAppender (LogUtils.java:warn(134)) - a728ac9e-8b42-42b3-9e87-ec98a1f6c46a->521aeba6-88aa-48b7-8766-3f4d75ba2df1: Failed appendEntries: org.apache.ratis.thirdparty.io.grpc.StatusRuntimeException: UNAVAILABLE: io exception
2019-08-27 08:59:55,983 [grpc-default-executor-5] INFO  impl.FollowerInfo (FollowerInfo.java:lambda$new$0(50)) - a728ac9e-8b42-42b3-9e87-ec98a1f6c46a->521aeba6-88aa-48b7-8766-3f4d75ba2df1: nextIndex: updateUnconditionally 0 -> 0
2019-08-27 08:59:56,015 | INFO  | SCMAudit | user=jenkins1000 | ip=192.168.34.1 | op=SEND_HEARTBEAT {datanodeUUID=a728ac9e-8b42-42b3-9e87-ec98a1f6c46a, command=[]} | ret=SUCCESS |  
2019-08-27 08:59:56,177 [Datanode State Machine Thread - 0] INFO  statemachine.DatanodeStateMachine (DatanodeStateMachine.java:lambda$startDaemon$0(350)) - Ozone container server started.
2019-08-27 08:59:56,299 [Datanode State Machine Thread - 0] INFO  statemachine.DatanodeStateMachine (DatanodeStateMachine.java:lambda$startDaemon$0(350)) - Ozone container server started.
2019-08-27 08:59:56,339 | INFO  | SCMAudit | user=jenkins1000 | ip=192.168.34.1 | op=SEND_HEARTBEAT {datanodeUUID=83ad8e3f-e813-4fa1-9b9c-8cd3f6d9b12a, command=[]} | ret=SUCCESS |  
2019-08-27 08:59:56,339 | INFO  | SCMAudit | user=jenkins1000 | ip=192.168.34.1 | op=SEND_HEARTBEAT {datanodeUUID=4418b26a-a5e5-4792-b343-154b02de43dd, command=[]} | ret=SUCCESS |  
2019-08-27 08:59:56,462 [grpc-default-executor-13] WARN  server.GrpcLogAppender (LogUtils.java:warn(134)) - 4418b26a-a5e5-4792-b343-154b02de43dd->e2fc1c3c-e5fc-4e6c-82aa-5ea8b9bf1eb5: Failed appendEntries: org.apache.ratis.thirdparty.io.grpc.StatusRuntimeException: UNAVAILABLE: io exception
2019-08-27 08:59:56,463 [grpc-default-executor-13] INFO  impl.FollowerInfo (FollowerInfo.java:lambda$new$0(50)) - 4418b26a-a5e5-4792-b343-154b02de43dd->e2fc1c3c-e5fc-4e6c-82aa-5ea8b9bf1eb5: nextIndex: updateUnconditionally 0 -> 0
2019-08-27 08:59:56,483 [grpc-default-executor-10] WARN  server.GrpcLogAppender (LogUtils.java:warn(134)) - a728ac9e-8b42-42b3-9e87-ec98a1f6c46a->521aeba6-88aa-48b7-8766-3f4d75ba2df1: Failed appendEntries: org.apache.ratis.thirdparty.io.grpc.StatusRuntimeException: UNAVAILABLE: io exception
2019-08-27 08:59:56,483 [grpc-default-executor-10] INFO  impl.FollowerInfo (FollowerInfo.java:lambda$new$0(50)) - a728ac9e-8b42-42b3-9e87-ec98a1f6c46a->521aeba6-88aa-48b7-8766-3f4d75ba2df1: nextIndex: updateUnconditionally 0 -> 0
2019-08-27 08:59:56,963 [grpc-default-executor-10] WARN  server.GrpcLogAppender (LogUtils.java:warn(134)) - 4418b26a-a5e5-4792-b343-154b02de43dd->e2fc1c3c-e5fc-4e6c-82aa-5ea8b9bf1eb5: Failed appendEntries: org.apache.ratis.thirdparty.io.grpc.StatusRuntimeException: UNAVAILABLE: io exception
2019-08-27 08:59:56,964 [grpc-default-executor-10] INFO  impl.FollowerInfo (FollowerInfo.java:lambda$new$0(50)) - 4418b26a-a5e5-4792-b343-154b02de43dd->e2fc1c3c-e5fc-4e6c-82aa-5ea8b9bf1eb5: nextIndex: updateUnconditionally 0 -> 0
2019-08-27 08:59:56,983 [grpc-default-executor-13] WARN  server.GrpcLogAppender (LogUtils.java:warn(134)) - a728ac9e-8b42-42b3-9e87-ec98a1f6c46a->521aeba6-88aa-48b7-8766-3f4d75ba2df1: Failed appendEntries: org.apache.ratis.thirdparty.io.grpc.StatusRuntimeException: UNAVAILABLE: io exception
2019-08-27 08:59:56,984 [grpc-default-executor-13] INFO  impl.FollowerInfo (FollowerInfo.java:lambda$new$0(50)) - a728ac9e-8b42-42b3-9e87-ec98a1f6c46a->521aeba6-88aa-48b7-8766-3f4d75ba2df1: nextIndex: updateUnconditionally 0 -> 0
2019-08-27 08:59:57,015 | INFO  | SCMAudit | user=jenkins1000 | ip=192.168.34.1 | op=SEND_HEARTBEAT {datanodeUUID=a728ac9e-8b42-42b3-9e87-ec98a1f6c46a, command=[]} | ret=SUCCESS |  
2019-08-27 08:59:57,317 [Thread-3699] INFO  impl.FollowerState (FollowerState.java:run(106)) - c23e5a6c-3b1c-4356-87ef-9558e93e4bf7:group-7C7B7DF1FA2A changes to CANDIDATE, lastRpcTime:1726, electionTimeout:1086ms
2019-08-27 08:59:57,317 [Thread-3699] INFO  impl.RoleInfo (RoleInfo.java:shutdownFollowerState(121)) - c23e5a6c-3b1c-4356-87ef-9558e93e4bf7: shutdown FollowerState
2019-08-27 08:59:57,318 [Thread-3699] INFO  impl.RaftServerImpl (RaftServerImpl.java:setRole(171)) - c23e5a6c-3b1c-4356-87ef-9558e93e4bf7:group-7C7B7DF1FA2A changes role from FOLLOWER to CANDIDATE at term 1 for changeToCandidate
2019-08-27 08:59:57,318 [Thread-3699] INFO  impl.RoleInfo (RoleInfo.java:updateAndGet(143)) - c23e5a6c-3b1c-4356-87ef-9558e93e4bf7: start LeaderElection
2019-08-27 08:59:57,318 [c23e5a6c-3b1c-4356-87ef-9558e93e4bf7:group-7C7B7DF1FA2A:LeaderElection145] INFO  impl.RaftServerImpl (ServerState.java:setLeader(263)) - c23e5a6c-3b1c-4356-87ef-9558e93e4bf7:group-7C7B7DF1FA2A change Leader from bc465b15-8d97-4b40-b19d-df54ad9f54a7 to null at term 1 for initElection
2019-08-27 08:59:57,332 [c23e5a6c-3b1c-4356-87ef-9558e93e4bf7:group-7C7B7DF1FA2A:LeaderElection145] INFO  impl.LeaderElection (LeaderElection.java:askForVotes(181)) - c23e5a6c-3b1c-4356-87ef-9558e93e4bf7:group-7C7B7DF1FA2A:LeaderElection145: begin an election at term 2 for 0: [99a28adf-5289-4cdd-a512-dfcc6dd17230:192.168.34.1:34359, bc465b15-8d97-4b40-b19d-df54ad9f54a7:192.168.34.1:41376, c23e5a6c-3b1c-4356-87ef-9558e93e4bf7:192.168.34.1:35583], old=null
2019-08-27 08:59:57,334 [c23e5a6c-3b1c-4356-87ef-9558e93e4bf7:group-7C7B7DF1FA2A:LeaderElection145] INFO  impl.LeaderElection (LogUtils.java:infoOrTrace(149)) - c23e5a6c-3b1c-4356-87ef-9558e93e4bf7:group-7C7B7DF1FA2A:LeaderElection145 got exception when requesting votes: {}
java.util.concurrent.ExecutionException: org.apache.ratis.thirdparty.io.grpc.StatusRuntimeException: UNAVAILABLE: io exception
	at java.util.concurrent.FutureTask.report(FutureTask.java:122)
	at java.util.concurrent.FutureTask.get(FutureTask.java:192)
	at org.apache.ratis.server.impl.LeaderElection.waitForResults(LeaderElection.java:262)
	at org.apache.ratis.server.impl.LeaderElection.askForVotes(LeaderElection.java:200)
	at org.apache.ratis.server.impl.LeaderElection.run(LeaderElection.java:130)
	at java.lang.Thread.run(Thread.java:748)
Caused by: org.apache.ratis.thirdparty.io.grpc.StatusRuntimeException: UNAVAILABLE: io exception
	at org.apache.ratis.thirdparty.io.grpc.stub.ClientCalls.toStatusRuntimeException(ClientCalls.java:233)
	at org.apache.ratis.thirdparty.io.grpc.stub.ClientCalls.getUnchecked(ClientCalls.java:214)
	at org.apache.ratis.thirdparty.io.grpc.stub.ClientCalls.blockingUnaryCall(ClientCalls.java:139)
	at org.apache.ratis.proto.grpc.RaftServerProtocolServiceGrpc$RaftServerProtocolServiceBlockingStub.requestVote(RaftServerProtocolServiceGrpc.java:265)
	at org.apache.ratis.grpc.server.GrpcServerProtocolClient.requestVote(GrpcServerProtocolClient.java:83)
	at org.apache.ratis.grpc.server.GrpcService.requestVote(GrpcService.java:195)
	at org.apache.ratis.server.impl.LeaderElection.lambda$submitRequests$1(LeaderElection.java:237)
	at java.util.concurrent.FutureTask.run(FutureTask.java:266)
	at java.util.concurrent.Executors$RunnableAdapter.call(Executors.java:511)
	at java.util.concurrent.FutureTask.run(FutureTask.java:266)
	at java.util.concurrent.ThreadPoolExecutor.runWorker(ThreadPoolExecutor.java:1149)
	at java.util.concurrent.ThreadPoolExecutor$Worker.run(ThreadPoolExecutor.java:624)
	... 1 more
Caused by: org.apache.ratis.thirdparty.io.netty.channel.AbstractChannel$AnnotatedConnectException: Connection refused: /192.168.34.1:41376
	at sun.nio.ch.SocketChannelImpl.checkConnect(Native Method)
	at sun.nio.ch.SocketChannelImpl.finishConnect(SocketChannelImpl.java:717)
	at org.apache.ratis.thirdparty.io.netty.channel.socket.nio.NioSocketChannel.doFinishConnect(NioSocketChannel.java:327)
	at org.apache.ratis.thirdparty.io.netty.channel.nio.AbstractNioChannel$AbstractNioUnsafe.finishConnect(AbstractNioChannel.java:340)
	at org.apache.ratis.thirdparty.io.netty.channel.nio.NioEventLoop.processSelectedKey(NioEventLoop.java:632)
	at org.apache.ratis.thirdparty.io.netty.channel.nio.NioEventLoop.processSelectedKeysOptimized(NioEventLoop.java:579)
	at org.apache.ratis.thirdparty.io.netty.channel.nio.NioEventLoop.processSelectedKeys(NioEventLoop.java:496)
	at org.apache.ratis.thirdparty.io.netty.channel.nio.NioEventLoop.run(NioEventLoop.java:458)
	at org.apache.ratis.thirdparty.io.netty.util.concurrent.SingleThreadEventExecutor$5.run(SingleThreadEventExecutor.java:897)
	at org.apache.ratis.thirdparty.io.netty.util.concurrent.FastThreadLocalRunnable.run(FastThreadLocalRunnable.java:30)
	... 1 more
Caused by: java.net.ConnectException: Connection refused
	... 11 more
2019-08-27 08:59:57,334 [c23e5a6c-3b1c-4356-87ef-9558e93e4bf7:group-7C7B7DF1FA2A:LeaderElection145] INFO  impl.LeaderElection (LogUtils.java:infoOrTrace(149)) - c23e5a6c-3b1c-4356-87ef-9558e93e4bf7:group-7C7B7DF1FA2A:LeaderElection145 got exception when requesting votes: {}
java.util.concurrent.ExecutionException: org.apache.ratis.thirdparty.io.grpc.StatusRuntimeException: UNAVAILABLE: io exception
	at java.util.concurrent.FutureTask.report(FutureTask.java:122)
	at java.util.concurrent.FutureTask.get(FutureTask.java:192)
	at org.apache.ratis.server.impl.LeaderElection.waitForResults(LeaderElection.java:262)
	at org.apache.ratis.server.impl.LeaderElection.askForVotes(LeaderElection.java:200)
	at org.apache.ratis.server.impl.LeaderElection.run(LeaderElection.java:130)
	at java.lang.Thread.run(Thread.java:748)
Caused by: org.apache.ratis.thirdparty.io.grpc.StatusRuntimeException: UNAVAILABLE: io exception
	at org.apache.ratis.thirdparty.io.grpc.stub.ClientCalls.toStatusRuntimeException(ClientCalls.java:233)
	at org.apache.ratis.thirdparty.io.grpc.stub.ClientCalls.getUnchecked(ClientCalls.java:214)
	at org.apache.ratis.thirdparty.io.grpc.stub.ClientCalls.blockingUnaryCall(ClientCalls.java:139)
	at org.apache.ratis.proto.grpc.RaftServerProtocolServiceGrpc$RaftServerProtocolServiceBlockingStub.requestVote(RaftServerProtocolServiceGrpc.java:265)
	at org.apache.ratis.grpc.server.GrpcServerProtocolClient.requestVote(GrpcServerProtocolClient.java:83)
	at org.apache.ratis.grpc.server.GrpcService.requestVote(GrpcService.java:195)
	at org.apache.ratis.server.impl.LeaderElection.lambda$submitRequests$1(LeaderElection.java:237)
	at java.util.concurrent.FutureTask.run(FutureTask.java:266)
	at java.util.concurrent.Executors$RunnableAdapter.call(Executors.java:511)
	at java.util.concurrent.FutureTask.run(FutureTask.java:266)
	at java.util.concurrent.ThreadPoolExecutor.runWorker(ThreadPoolExecutor.java:1149)
	at java.util.concurrent.ThreadPoolExecutor$Worker.run(ThreadPoolExecutor.java:624)
	... 1 more
Caused by: org.apache.ratis.thirdparty.io.netty.channel.AbstractChannel$AnnotatedConnectException: Connection refused: /192.168.34.1:34359
	at sun.nio.ch.SocketChannelImpl.checkConnect(Native Method)
	at sun.nio.ch.SocketChannelImpl.finishConnect(SocketChannelImpl.java:717)
	at org.apache.ratis.thirdparty.io.netty.channel.socket.nio.NioSocketChannel.doFinishConnect(NioSocketChannel.java:327)
	at org.apache.ratis.thirdparty.io.netty.channel.nio.AbstractNioChannel$AbstractNioUnsafe.finishConnect(AbstractNioChannel.java:340)
	at org.apache.ratis.thirdparty.io.netty.channel.nio.NioEventLoop.processSelectedKey(NioEventLoop.java:632)
	at org.apache.ratis.thirdparty.io.netty.channel.nio.NioEventLoop.processSelectedKeysOptimized(NioEventLoop.java:579)
	at org.apache.ratis.thirdparty.io.netty.channel.nio.NioEventLoop.processSelectedKeys(NioEventLoop.java:496)
	at org.apache.ratis.thirdparty.io.netty.channel.nio.NioEventLoop.run(NioEventLoop.java:458)
	at org.apache.ratis.thirdparty.io.netty.util.concurrent.SingleThreadEventExecutor$5.run(SingleThreadEventExecutor.java:897)
	at org.apache.ratis.thirdparty.io.netty.util.concurrent.FastThreadLocalRunnable.run(FastThreadLocalRunnable.java:30)
	... 1 more
Caused by: java.net.ConnectException: Connection refused
	... 11 more
2019-08-27 08:59:57,335 [c23e5a6c-3b1c-4356-87ef-9558e93e4bf7:group-7C7B7DF1FA2A:LeaderElection145] INFO  impl.LeaderElection (LeaderElection.java:logAndReturn(56)) - c23e5a6c-3b1c-4356-87ef-9558e93e4bf7:group-7C7B7DF1FA2A:LeaderElection145: Election REJECTED; received 0 response(s) [] and 2 exception(s); c23e5a6c-3b1c-4356-87ef-9558e93e4bf7:t2, leader=null, voted=c23e5a6c-3b1c-4356-87ef-9558e93e4bf7, raftlog=c23e5a6c-3b1c-4356-87ef-9558e93e4bf7-SegmentedRaftLog:OPENED:c12,f12,i12, conf=0: [99a28adf-5289-4cdd-a512-dfcc6dd17230:192.168.34.1:34359, bc465b15-8d97-4b40-b19d-df54ad9f54a7:192.168.34.1:41376, c23e5a6c-3b1c-4356-87ef-9558e93e4bf7:192.168.34.1:35583], old=null
2019-08-27 08:59:57,335 [c23e5a6c-3b1c-4356-87ef-9558e93e4bf7:group-7C7B7DF1FA2A:LeaderElection145] INFO  impl.LeaderElection (LogUtils.java:infoOrTrace(149)) -   Exception 0: {}
java.util.concurrent.ExecutionException: org.apache.ratis.thirdparty.io.grpc.StatusRuntimeException: UNAVAILABLE: io exception
	at java.util.concurrent.FutureTask.report(FutureTask.java:122)
	at java.util.concurrent.FutureTask.get(FutureTask.java:192)
	at org.apache.ratis.server.impl.LeaderElection.waitForResults(LeaderElection.java:262)
	at org.apache.ratis.server.impl.LeaderElection.askForVotes(LeaderElection.java:200)
	at org.apache.ratis.server.impl.LeaderElection.run(LeaderElection.java:130)
	at java.lang.Thread.run(Thread.java:748)
Caused by: org.apache.ratis.thirdparty.io.grpc.StatusRuntimeException: UNAVAILABLE: io exception
	at org.apache.ratis.thirdparty.io.grpc.stub.ClientCalls.toStatusRuntimeException(ClientCalls.java:233)
	at org.apache.ratis.thirdparty.io.grpc.stub.ClientCalls.getUnchecked(ClientCalls.java:214)
	at org.apache.ratis.thirdparty.io.grpc.stub.ClientCalls.blockingUnaryCall(ClientCalls.java:139)
	at org.apache.ratis.proto.grpc.RaftServerProtocolServiceGrpc$RaftServerProtocolServiceBlockingStub.requestVote(RaftServerProtocolServiceGrpc.java:265)
	at org.apache.ratis.grpc.server.GrpcServerProtocolClient.requestVote(GrpcServerProtocolClient.java:83)
	at org.apache.ratis.grpc.server.GrpcService.requestVote(GrpcService.java:195)
	at org.apache.ratis.server.impl.LeaderElection.lambda$submitRequests$1(LeaderElection.java:237)
	at java.util.concurrent.FutureTask.run(FutureTask.java:266)
	at java.util.concurrent.Executors$RunnableAdapter.call(Executors.java:511)
	at java.util.concurrent.FutureTask.run(FutureTask.java:266)
	at java.util.concurrent.ThreadPoolExecutor.runWorker(ThreadPoolExecutor.java:1149)
	at java.util.concurrent.ThreadPoolExecutor$Worker.run(ThreadPoolExecutor.java:624)
	... 1 more
Caused by: org.apache.ratis.thirdparty.io.netty.channel.AbstractChannel$AnnotatedConnectException: Connection refused: /192.168.34.1:41376
	at sun.nio.ch.SocketChannelImpl.checkConnect(Native Method)
	at sun.nio.ch.SocketChannelImpl.finishConnect(SocketChannelImpl.java:717)
	at org.apache.ratis.thirdparty.io.netty.channel.socket.nio.NioSocketChannel.doFinishConnect(NioSocketChannel.java:327)
	at org.apache.ratis.thirdparty.io.netty.channel.nio.AbstractNioChannel$AbstractNioUnsafe.finishConnect(AbstractNioChannel.java:340)
	at org.apache.ratis.thirdparty.io.netty.channel.nio.NioEventLoop.processSelectedKey(NioEventLoop.java:632)
	at org.apache.ratis.thirdparty.io.netty.channel.nio.NioEventLoop.processSelectedKeysOptimized(NioEventLoop.java:579)
	at org.apache.ratis.thirdparty.io.netty.channel.nio.NioEventLoop.processSelectedKeys(NioEventLoop.java:496)
	at org.apache.ratis.thirdparty.io.netty.channel.nio.NioEventLoop.run(NioEventLoop.java:458)
	at org.apache.ratis.thirdparty.io.netty.util.concurrent.SingleThreadEventExecutor$5.run(SingleThreadEventExecutor.java:897)
	at org.apache.ratis.thirdparty.io.netty.util.concurrent.FastThreadLocalRunnable.run(FastThreadLocalRunnable.java:30)
	... 1 more
Caused by: java.net.ConnectException: Connection refused
	... 11 more
2019-08-27 08:59:57,335 [c23e5a6c-3b1c-4356-87ef-9558e93e4bf7:group-7C7B7DF1FA2A:LeaderElection145] INFO  impl.LeaderElection (LogUtils.java:infoOrTrace(149)) -   Exception 1: {}
java.util.concurrent.ExecutionException: org.apache.ratis.thirdparty.io.grpc.StatusRuntimeException: UNAVAILABLE: io exception
	at java.util.concurrent.FutureTask.report(FutureTask.java:122)
	at java.util.concurrent.FutureTask.get(FutureTask.java:192)
	at org.apache.ratis.server.impl.LeaderElection.waitForResults(LeaderElection.java:262)
	at org.apache.ratis.server.impl.LeaderElection.askForVotes(LeaderElection.java:200)
	at org.apache.ratis.server.impl.LeaderElection.run(LeaderElection.java:130)
	at java.lang.Thread.run(Thread.java:748)
Caused by: org.apache.ratis.thirdparty.io.grpc.StatusRuntimeException: UNAVAILABLE: io exception
	at org.apache.ratis.thirdparty.io.grpc.stub.ClientCalls.toStatusRuntimeException(ClientCalls.java:233)
	at org.apache.ratis.thirdparty.io.grpc.stub.ClientCalls.getUnchecked(ClientCalls.java:214)
	at org.apache.ratis.thirdparty.io.grpc.stub.ClientCalls.blockingUnaryCall(ClientCalls.java:139)
	at org.apache.ratis.proto.grpc.RaftServerProtocolServiceGrpc$RaftServerProtocolServiceBlockingStub.requestVote(RaftServerProtocolServiceGrpc.java:265)
	at org.apache.ratis.grpc.server.GrpcServerProtocolClient.requestVote(GrpcServerProtocolClient.java:83)
	at org.apache.ratis.grpc.server.GrpcService.requestVote(GrpcService.java:195)
	at org.apache.ratis.server.impl.LeaderElection.lambda$submitRequests$1(LeaderElection.java:237)
	at java.util.concurrent.FutureTask.run(FutureTask.java:266)
	at java.util.concurrent.Executors$RunnableAdapter.call(Executors.java:511)
	at java.util.concurrent.FutureTask.run(FutureTask.java:266)
	at java.util.concurrent.ThreadPoolExecutor.runWorker(ThreadPoolExecutor.java:1149)
	at java.util.concurrent.ThreadPoolExecutor$Worker.run(ThreadPoolExecutor.java:624)
	... 1 more
Caused by: org.apache.ratis.thirdparty.io.netty.channel.AbstractChannel$AnnotatedConnectException: Connection refused: /192.168.34.1:34359
	at sun.nio.ch.SocketChannelImpl.checkConnect(Native Method)
	at sun.nio.ch.SocketChannelImpl.finishConnect(SocketChannelImpl.java:717)
	at org.apache.ratis.thirdparty.io.netty.channel.socket.nio.NioSocketChannel.doFinishConnect(NioSocketChannel.java:327)
	at org.apache.ratis.thirdparty.io.netty.channel.nio.AbstractNioChannel$AbstractNioUnsafe.finishConnect(AbstractNioChannel.java:340)
	at org.apache.ratis.thirdparty.io.netty.channel.nio.NioEventLoop.processSelectedKey(NioEventLoop.java:632)
	at org.apache.ratis.thirdparty.io.netty.channel.nio.NioEventLoop.processSelectedKeysOptimized(NioEventLoop.java:579)
	at org.apache.ratis.thirdparty.io.netty.channel.nio.NioEventLoop.processSelectedKeys(NioEventLoop.java:496)
	at org.apache.ratis.thirdparty.io.netty.channel.nio.NioEventLoop.run(NioEventLoop.java:458)
	at org.apache.ratis.thirdparty.io.netty.util.concurrent.SingleThreadEventExecutor$5.run(SingleThreadEventExecutor.java:897)
	at org.apache.ratis.thirdparty.io.netty.util.concurrent.FastThreadLocalRunnable.run(FastThreadLocalRunnable.java:30)
	... 1 more
Caused by: java.net.ConnectException: Connection refused
	... 11 more
2019-08-27 08:59:57,336 [c23e5a6c-3b1c-4356-87ef-9558e93e4bf7:group-7C7B7DF1FA2A:LeaderElection145] INFO  impl.RaftServerImpl (RaftServerImpl.java:setRole(171)) - c23e5a6c-3b1c-4356-87ef-9558e93e4bf7:group-7C7B7DF1FA2A changes role from CANDIDATE to FOLLOWER at term 2 for DISCOVERED_A_NEW_TERM
2019-08-27 08:59:57,336 [c23e5a6c-3b1c-4356-87ef-9558e93e4bf7:group-7C7B7DF1FA2A:LeaderElection145] INFO  impl.RoleInfo (RoleInfo.java:shutdownLeaderElection(134)) - c23e5a6c-3b1c-4356-87ef-9558e93e4bf7: shutdown LeaderElection
2019-08-27 08:59:57,336 [c23e5a6c-3b1c-4356-87ef-9558e93e4bf7:group-7C7B7DF1FA2A:LeaderElection145] INFO  impl.RoleInfo (RoleInfo.java:updateAndGet(143)) - c23e5a6c-3b1c-4356-87ef-9558e93e4bf7: start FollowerState
2019-08-27 08:59:57,339 | INFO  | SCMAudit | user=jenkins1000 | ip=192.168.34.1 | op=SEND_HEARTBEAT {datanodeUUID=83ad8e3f-e813-4fa1-9b9c-8cd3f6d9b12a, command=[]} | ret=SUCCESS |  
2019-08-27 08:59:57,339 | INFO  | SCMAudit | user=jenkins1000 | ip=192.168.34.1 | op=SEND_HEARTBEAT {datanodeUUID=4418b26a-a5e5-4792-b343-154b02de43dd, command=[]} | ret=SUCCESS |  
2019-08-27 08:59:57,464 [grpc-default-executor-10] WARN  server.GrpcLogAppender (LogUtils.java:warn(134)) - 4418b26a-a5e5-4792-b343-154b02de43dd->e2fc1c3c-e5fc-4e6c-82aa-5ea8b9bf1eb5: Failed appendEntries: org.apache.ratis.thirdparty.io.grpc.StatusRuntimeException: UNAVAILABLE: io exception
2019-08-27 08:59:57,464 [grpc-default-executor-10] INFO  impl.FollowerInfo (FollowerInfo.java:lambda$new$0(50)) - 4418b26a-a5e5-4792-b343-154b02de43dd->e2fc1c3c-e5fc-4e6c-82aa-5ea8b9bf1eb5: nextIndex: updateUnconditionally 0 -> 0
2019-08-27 08:59:57,484 [grpc-default-executor-10] WARN  server.GrpcLogAppender (LogUtils.java:warn(134)) - a728ac9e-8b42-42b3-9e87-ec98a1f6c46a->521aeba6-88aa-48b7-8766-3f4d75ba2df1: Failed appendEntries: org.apache.ratis.thirdparty.io.grpc.StatusRuntimeException: UNAVAILABLE: io exception
2019-08-27 08:59:57,484 [grpc-default-executor-10] INFO  impl.FollowerInfo (FollowerInfo.java:lambda$new$0(50)) - a728ac9e-8b42-42b3-9e87-ec98a1f6c46a->521aeba6-88aa-48b7-8766-3f4d75ba2df1: nextIndex: updateUnconditionally 0 -> 0
2019-08-27 08:59:57,964 [grpc-default-executor-13] WARN  server.GrpcLogAppender (LogUtils.java:warn(134)) - 4418b26a-a5e5-4792-b343-154b02de43dd->e2fc1c3c-e5fc-4e6c-82aa-5ea8b9bf1eb5: Failed appendEntries: org.apache.ratis.thirdparty.io.grpc.StatusRuntimeException: UNAVAILABLE: io exception
2019-08-27 08:59:57,964 [grpc-default-executor-13] INFO  impl.FollowerInfo (FollowerInfo.java:lambda$new$0(50)) - 4418b26a-a5e5-4792-b343-154b02de43dd->e2fc1c3c-e5fc-4e6c-82aa-5ea8b9bf1eb5: nextIndex: updateUnconditionally 0 -> 0
2019-08-27 08:59:57,984 [grpc-default-executor-13] WARN  server.GrpcLogAppender (LogUtils.java:warn(134)) - a728ac9e-8b42-42b3-9e87-ec98a1f6c46a->521aeba6-88aa-48b7-8766-3f4d75ba2df1: Failed appendEntries: org.apache.ratis.thirdparty.io.grpc.StatusRuntimeException: UNAVAILABLE: io exception
2019-08-27 08:59:57,984 [grpc-default-executor-13] INFO  impl.FollowerInfo (FollowerInfo.java:lambda$new$0(50)) - a728ac9e-8b42-42b3-9e87-ec98a1f6c46a->521aeba6-88aa-48b7-8766-3f4d75ba2df1: nextIndex: updateUnconditionally 0 -> 0
2019-08-27 08:59:58,015 | INFO  | SCMAudit | user=jenkins1000 | ip=192.168.34.1 | op=SEND_HEARTBEAT {datanodeUUID=a728ac9e-8b42-42b3-9e87-ec98a1f6c46a, command=[]} | ret=SUCCESS |  
2019-08-27 08:59:58,339 | INFO  | SCMAudit | user=jenkins1000 | ip=192.168.34.1 | op=SEND_HEARTBEAT {datanodeUUID=4418b26a-a5e5-4792-b343-154b02de43dd, command=[]} | ret=SUCCESS |  
2019-08-27 08:59:58,339 | INFO  | SCMAudit | user=jenkins1000 | ip=192.168.34.1 | op=SEND_HEARTBEAT {datanodeUUID=83ad8e3f-e813-4fa1-9b9c-8cd3f6d9b12a, command=[]} | ret=SUCCESS |  
2019-08-27 08:59:58,422 [Thread-4295] INFO  impl.FollowerState (FollowerState.java:run(106)) - c23e5a6c-3b1c-4356-87ef-9558e93e4bf7:group-7C7B7DF1FA2A changes to CANDIDATE, lastRpcTime:1086, electionTimeout:1086ms
2019-08-27 08:59:58,423 [Thread-4295] INFO  impl.RoleInfo (RoleInfo.java:shutdownFollowerState(121)) - c23e5a6c-3b1c-4356-87ef-9558e93e4bf7: shutdown FollowerState
2019-08-27 08:59:58,423 [Thread-4295] INFO  impl.RaftServerImpl (RaftServerImpl.java:setRole(171)) - c23e5a6c-3b1c-4356-87ef-9558e93e4bf7:group-7C7B7DF1FA2A changes role from FOLLOWER to CANDIDATE at term 2 for changeToCandidate
2019-08-27 08:59:58,423 [Thread-4295] INFO  impl.RoleInfo (RoleInfo.java:updateAndGet(143)) - c23e5a6c-3b1c-4356-87ef-9558e93e4bf7: start LeaderElection
2019-08-27 08:59:58,438 [c23e5a6c-3b1c-4356-87ef-9558e93e4bf7:group-7C7B7DF1FA2A:LeaderElection146] INFO  impl.LeaderElection (LeaderElection.java:askForVotes(181)) - c23e5a6c-3b1c-4356-87ef-9558e93e4bf7:group-7C7B7DF1FA2A:LeaderElection146: begin an election at term 3 for 0: [99a28adf-5289-4cdd-a512-dfcc6dd17230:192.168.34.1:34359, bc465b15-8d97-4b40-b19d-df54ad9f54a7:192.168.34.1:41376, c23e5a6c-3b1c-4356-87ef-9558e93e4bf7:192.168.34.1:35583], old=null
2019-08-27 08:59:58,439 [c23e5a6c-3b1c-4356-87ef-9558e93e4bf7:group-7C7B7DF1FA2A:LeaderElection146] INFO  impl.LeaderElection (LogUtils.java:infoOrTrace(149)) - c23e5a6c-3b1c-4356-87ef-9558e93e4bf7:group-7C7B7DF1FA2A:LeaderElection146 got exception when requesting votes: {}
java.util.concurrent.ExecutionException: org.apache.ratis.thirdparty.io.grpc.StatusRuntimeException: UNAVAILABLE: io exception
	at java.util.concurrent.FutureTask.report(FutureTask.java:122)
	at java.util.concurrent.FutureTask.get(FutureTask.java:192)
	at org.apache.ratis.server.impl.LeaderElection.waitForResults(LeaderElection.java:262)
	at org.apache.ratis.server.impl.LeaderElection.askForVotes(LeaderElection.java:200)
	at org.apache.ratis.server.impl.LeaderElection.run(LeaderElection.java:130)
	at java.lang.Thread.run(Thread.java:748)
Caused by: org.apache.ratis.thirdparty.io.grpc.StatusRuntimeException: UNAVAILABLE: io exception
	at org.apache.ratis.thirdparty.io.grpc.stub.ClientCalls.toStatusRuntimeException(ClientCalls.java:233)
	at org.apache.ratis.thirdparty.io.grpc.stub.ClientCalls.getUnchecked(ClientCalls.java:214)
	at org.apache.ratis.thirdparty.io.grpc.stub.ClientCalls.blockingUnaryCall(ClientCalls.java:139)
	at org.apache.ratis.proto.grpc.RaftServerProtocolServiceGrpc$RaftServerProtocolServiceBlockingStub.requestVote(RaftServerProtocolServiceGrpc.java:265)
	at org.apache.ratis.grpc.server.GrpcServerProtocolClient.requestVote(GrpcServerProtocolClient.java:83)
	at org.apache.ratis.grpc.server.GrpcService.requestVote(GrpcService.java:195)
	at org.apache.ratis.server.impl.LeaderElection.lambda$submitRequests$1(LeaderElection.java:237)
	at java.util.concurrent.FutureTask.run(FutureTask.java:266)
	at java.util.concurrent.Executors$RunnableAdapter.call(Executors.java:511)
	at java.util.concurrent.FutureTask.run(FutureTask.java:266)
	at java.util.concurrent.ThreadPoolExecutor.runWorker(ThreadPoolExecutor.java:1149)
	at java.util.concurrent.ThreadPoolExecutor$Worker.run(ThreadPoolExecutor.java:624)
	... 1 more
Caused by: org.apache.ratis.thirdparty.io.netty.channel.AbstractChannel$AnnotatedConnectException: Connection refused: /192.168.34.1:34359
	at sun.nio.ch.SocketChannelImpl.checkConnect(Native Method)
	at sun.nio.ch.SocketChannelImpl.finishConnect(SocketChannelImpl.java:717)
	at org.apache.ratis.thirdparty.io.netty.channel.socket.nio.NioSocketChannel.doFinishConnect(NioSocketChannel.java:327)
	at org.apache.ratis.thirdparty.io.netty.channel.nio.AbstractNioChannel$AbstractNioUnsafe.finishConnect(AbstractNioChannel.java:340)
	at org.apache.ratis.thirdparty.io.netty.channel.nio.NioEventLoop.processSelectedKey(NioEventLoop.java:632)
	at org.apache.ratis.thirdparty.io.netty.channel.nio.NioEventLoop.processSelectedKeysOptimized(NioEventLoop.java:579)
	at org.apache.ratis.thirdparty.io.netty.channel.nio.NioEventLoop.processSelectedKeys(NioEventLoop.java:496)
	at org.apache.ratis.thirdparty.io.netty.channel.nio.NioEventLoop.run(NioEventLoop.java:458)
	at org.apache.ratis.thirdparty.io.netty.util.concurrent.SingleThreadEventExecutor$5.run(SingleThreadEventExecutor.java:897)
	at org.apache.ratis.thirdparty.io.netty.util.concurrent.FastThreadLocalRunnable.run(FastThreadLocalRunnable.java:30)
	... 1 more
Caused by: java.net.ConnectException: Connection refused
	... 11 more
2019-08-27 08:59:58,439 [c23e5a6c-3b1c-4356-87ef-9558e93e4bf7:group-7C7B7DF1FA2A:LeaderElection146] INFO  impl.LeaderElection (LogUtils.java:infoOrTrace(149)) - c23e5a6c-3b1c-4356-87ef-9558e93e4bf7:group-7C7B7DF1FA2A:LeaderElection146 got exception when requesting votes: {}
java.util.concurrent.ExecutionException: org.apache.ratis.thirdparty.io.grpc.StatusRuntimeException: UNAVAILABLE: io exception
	at java.util.concurrent.FutureTask.report(FutureTask.java:122)
	at java.util.concurrent.FutureTask.get(FutureTask.java:192)
	at org.apache.ratis.server.impl.LeaderElection.waitForResults(LeaderElection.java:262)
	at org.apache.ratis.server.impl.LeaderElection.askForVotes(LeaderElection.java:200)
	at org.apache.ratis.server.impl.LeaderElection.run(LeaderElection.java:130)
	at java.lang.Thread.run(Thread.java:748)
Caused by: org.apache.ratis.thirdparty.io.grpc.StatusRuntimeException: UNAVAILABLE: io exception
	at org.apache.ratis.thirdparty.io.grpc.stub.ClientCalls.toStatusRuntimeException(ClientCalls.java:233)
	at org.apache.ratis.thirdparty.io.grpc.stub.ClientCalls.getUnchecked(ClientCalls.java:214)
	at org.apache.ratis.thirdparty.io.grpc.stub.ClientCalls.blockingUnaryCall(ClientCalls.java:139)
	at org.apache.ratis.proto.grpc.RaftServerProtocolServiceGrpc$RaftServerProtocolServiceBlockingStub.requestVote(RaftServerProtocolServiceGrpc.java:265)
	at org.apache.ratis.grpc.server.GrpcServerProtocolClient.requestVote(GrpcServerProtocolClient.java:83)
	at org.apache.ratis.grpc.server.GrpcService.requestVote(GrpcService.java:195)
	at org.apache.ratis.server.impl.LeaderElection.lambda$submitRequests$1(LeaderElection.java:237)
	at java.util.concurrent.FutureTask.run(FutureTask.java:266)
	at java.util.concurrent.Executors$RunnableAdapter.call(Executors.java:511)
	at java.util.concurrent.FutureTask.run(FutureTask.java:266)
	at java.util.concurrent.ThreadPoolExecutor.runWorker(ThreadPoolExecutor.java:1149)
	at java.util.concurrent.ThreadPoolExecutor$Worker.run(ThreadPoolExecutor.java:624)
	... 1 more
Caused by: org.apache.ratis.thirdparty.io.netty.channel.AbstractChannel$AnnotatedConnectException: Connection refused: /192.168.34.1:41376
	at sun.nio.ch.SocketChannelImpl.checkConnect(Native Method)
	at sun.nio.ch.SocketChannelImpl.finishConnect(SocketChannelImpl.java:717)
	at org.apache.ratis.thirdparty.io.netty.channel.socket.nio.NioSocketChannel.doFinishConnect(NioSocketChannel.java:327)
	at org.apache.ratis.thirdparty.io.netty.channel.nio.AbstractNioChannel$AbstractNioUnsafe.finishConnect(AbstractNioChannel.java:340)
	at org.apache.ratis.thirdparty.io.netty.channel.nio.NioEventLoop.processSelectedKey(NioEventLoop.java:632)
	at org.apache.ratis.thirdparty.io.netty.channel.nio.NioEventLoop.processSelectedKeysOptimized(NioEventLoop.java:579)
	at org.apache.ratis.thirdparty.io.netty.channel.nio.NioEventLoop.processSelectedKeys(NioEventLoop.java:496)
	at org.apache.ratis.thirdparty.io.netty.channel.nio.NioEventLoop.run(NioEventLoop.java:458)
	at org.apache.ratis.thirdparty.io.netty.util.concurrent.SingleThreadEventExecutor$5.run(SingleThreadEventExecutor.java:897)
	at org.apache.ratis.thirdparty.io.netty.util.concurrent.FastThreadLocalRunnable.run(FastThreadLocalRunnable.java:30)
	... 1 more
Caused by: java.net.ConnectException: Connection refused
	... 11 more
2019-08-27 08:59:58,439 [c23e5a6c-3b1c-4356-87ef-9558e93e4bf7:group-7C7B7DF1FA2A:LeaderElection146] INFO  impl.LeaderElection (LeaderElection.java:logAndReturn(56)) - c23e5a6c-3b1c-4356-87ef-9558e93e4bf7:group-7C7B7DF1FA2A:LeaderElection146: Election REJECTED; received 0 response(s) [] and 2 exception(s); c23e5a6c-3b1c-4356-87ef-9558e93e4bf7:t3, leader=null, voted=c23e5a6c-3b1c-4356-87ef-9558e93e4bf7, raftlog=c23e5a6c-3b1c-4356-87ef-9558e93e4bf7-SegmentedRaftLog:OPENED:c12,f12,i12, conf=0: [99a28adf-5289-4cdd-a512-dfcc6dd17230:192.168.34.1:34359, bc465b15-8d97-4b40-b19d-df54ad9f54a7:192.168.34.1:41376, c23e5a6c-3b1c-4356-87ef-9558e93e4bf7:192.168.34.1:35583], old=null
2019-08-27 08:59:58,440 [c23e5a6c-3b1c-4356-87ef-9558e93e4bf7:group-7C7B7DF1FA2A:LeaderElection146] INFO  impl.LeaderElection (LogUtils.java:infoOrTrace(149)) -   Exception 0: {}
java.util.concurrent.ExecutionException: org.apache.ratis.thirdparty.io.grpc.StatusRuntimeException: UNAVAILABLE: io exception
	at java.util.concurrent.FutureTask.report(FutureTask.java:122)
	at java.util.concurrent.FutureTask.get(FutureTask.java:192)
	at org.apache.ratis.server.impl.LeaderElection.waitForResults(LeaderElection.java:262)
	at org.apache.ratis.server.impl.LeaderElection.askForVotes(LeaderElection.java:200)
	at org.apache.ratis.server.impl.LeaderElection.run(LeaderElection.java:130)
	at java.lang.Thread.run(Thread.java:748)
Caused by: org.apache.ratis.thirdparty.io.grpc.StatusRuntimeException: UNAVAILABLE: io exception
	at org.apache.ratis.thirdparty.io.grpc.stub.ClientCalls.toStatusRuntimeException(ClientCalls.java:233)
	at org.apache.ratis.thirdparty.io.grpc.stub.ClientCalls.getUnchecked(ClientCalls.java:214)
	at org.apache.ratis.thirdparty.io.grpc.stub.ClientCalls.blockingUnaryCall(ClientCalls.java:139)
	at org.apache.ratis.proto.grpc.RaftServerProtocolServiceGrpc$RaftServerProtocolServiceBlockingStub.requestVote(RaftServerProtocolServiceGrpc.java:265)
	at org.apache.ratis.grpc.server.GrpcServerProtocolClient.requestVote(GrpcServerProtocolClient.java:83)
	at org.apache.ratis.grpc.server.GrpcService.requestVote(GrpcService.java:195)
	at org.apache.ratis.server.impl.LeaderElection.lambda$submitRequests$1(LeaderElection.java:237)
	at java.util.concurrent.FutureTask.run(FutureTask.java:266)
	at java.util.concurrent.Executors$RunnableAdapter.call(Executors.java:511)
	at java.util.concurrent.FutureTask.run(FutureTask.java:266)
	at java.util.concurrent.ThreadPoolExecutor.runWorker(ThreadPoolExecutor.java:1149)
	at java.util.concurrent.ThreadPoolExecutor$Worker.run(ThreadPoolExecutor.java:624)
	... 1 more
Caused by: org.apache.ratis.thirdparty.io.netty.channel.AbstractChannel$AnnotatedConnectException: Connection refused: /192.168.34.1:34359
	at sun.nio.ch.SocketChannelImpl.checkConnect(Native Method)
	at sun.nio.ch.SocketChannelImpl.finishConnect(SocketChannelImpl.java:717)
	at org.apache.ratis.thirdparty.io.netty.channel.socket.nio.NioSocketChannel.doFinishConnect(NioSocketChannel.java:327)
	at org.apache.ratis.thirdparty.io.netty.channel.nio.AbstractNioChannel$AbstractNioUnsafe.finishConnect(AbstractNioChannel.java:340)
	at org.apache.ratis.thirdparty.io.netty.channel.nio.NioEventLoop.processSelectedKey(NioEventLoop.java:632)
	at org.apache.ratis.thirdparty.io.netty.channel.nio.NioEventLoop.processSelectedKeysOptimized(NioEventLoop.java:579)
	at org.apache.ratis.thirdparty.io.netty.channel.nio.NioEventLoop.processSelectedKeys(NioEventLoop.java:496)
	at org.apache.ratis.thirdparty.io.netty.channel.nio.NioEventLoop.run(NioEventLoop.java:458)
	at org.apache.ratis.thirdparty.io.netty.util.concurrent.SingleThreadEventExecutor$5.run(SingleThreadEventExecutor.java:897)
	at org.apache.ratis.thirdparty.io.netty.util.concurrent.FastThreadLocalRunnable.run(FastThreadLocalRunnable.java:30)
	... 1 more
Caused by: java.net.ConnectException: Connection refused
	... 11 more
2019-08-27 08:59:58,440 [c23e5a6c-3b1c-4356-87ef-9558e93e4bf7:group-7C7B7DF1FA2A:LeaderElection146] INFO  impl.LeaderElection (LogUtils.java:infoOrTrace(149)) -   Exception 1: {}
java.util.concurrent.ExecutionException: org.apache.ratis.thirdparty.io.grpc.StatusRuntimeException: UNAVAILABLE: io exception
	at java.util.concurrent.FutureTask.report(FutureTask.java:122)
	at java.util.concurrent.FutureTask.get(FutureTask.java:192)
	at org.apache.ratis.server.impl.LeaderElection.waitForResults(LeaderElection.java:262)
	at org.apache.ratis.server.impl.LeaderElection.askForVotes(LeaderElection.java:200)
	at org.apache.ratis.server.impl.LeaderElection.run(LeaderElection.java:130)
	at java.lang.Thread.run(Thread.java:748)
Caused by: org.apache.ratis.thirdparty.io.grpc.StatusRuntimeException: UNAVAILABLE: io exception
	at org.apache.ratis.thirdparty.io.grpc.stub.ClientCalls.toStatusRuntimeException(ClientCalls.java:233)
	at org.apache.ratis.thirdparty.io.grpc.stub.ClientCalls.getUnchecked(ClientCalls.java:214)
	at org.apache.ratis.thirdparty.io.grpc.stub.ClientCalls.blockingUnaryCall(ClientCalls.java:139)
	at org.apache.ratis.proto.grpc.RaftServerProtocolServiceGrpc$RaftServerProtocolServiceBlockingStub.requestVote(RaftServerProtocolServiceGrpc.java:265)
	at org.apache.ratis.grpc.server.GrpcServerProtocolClient.requestVote(GrpcServerProtocolClient.java:83)
	at org.apache.ratis.grpc.server.GrpcService.requestVote(GrpcService.java:195)
	at org.apache.ratis.server.impl.LeaderElection.lambda$submitRequests$1(LeaderElection.java:237)
	at java.util.concurrent.FutureTask.run(FutureTask.java:266)
	at java.util.concurrent.Executors$RunnableAdapter.call(Executors.java:511)
	at java.util.concurrent.FutureTask.run(FutureTask.java:266)
	at java.util.concurrent.ThreadPoolExecutor.runWorker(ThreadPoolExecutor.java:1149)
	at java.util.concurrent.ThreadPoolExecutor$Worker.run(ThreadPoolExecutor.java:624)
	... 1 more
Caused by: org.apache.ratis.thirdparty.io.netty.channel.AbstractChannel$AnnotatedConnectException: Connection refused: /192.168.34.1:41376
	at sun.nio.ch.SocketChannelImpl.checkConnect(Native Method)
	at sun.nio.ch.SocketChannelImpl.finishConnect(SocketChannelImpl.java:717)
	at org.apache.ratis.thirdparty.io.netty.channel.socket.nio.NioSocketChannel.doFinishConnect(NioSocketChannel.java:327)
	at org.apache.ratis.thirdparty.io.netty.channel.nio.AbstractNioChannel$AbstractNioUnsafe.finishConnect(AbstractNioChannel.java:340)
	at org.apache.ratis.thirdparty.io.netty.channel.nio.NioEventLoop.processSelectedKey(NioEventLoop.java:632)
	at org.apache.ratis.thirdparty.io.netty.channel.nio.NioEventLoop.processSelectedKeysOptimized(NioEventLoop.java:579)
	at org.apache.ratis.thirdparty.io.netty.channel.nio.NioEventLoop.processSelectedKeys(NioEventLoop.java:496)
	at org.apache.ratis.thirdparty.io.netty.channel.nio.NioEventLoop.run(NioEventLoop.java:458)
	at org.apache.ratis.thirdparty.io.netty.util.concurrent.SingleThreadEventExecutor$5.run(SingleThreadEventExecutor.java:897)
	at org.apache.ratis.thirdparty.io.netty.util.concurrent.FastThreadLocalRunnable.run(FastThreadLocalRunnable.java:30)
	... 1 more
Caused by: java.net.ConnectException: Connection refused
	... 11 more
2019-08-27 08:59:58,440 [c23e5a6c-3b1c-4356-87ef-9558e93e4bf7:group-7C7B7DF1FA2A:LeaderElection146] INFO  impl.RaftServerImpl (RaftServerImpl.java:setRole(171)) - c23e5a6c-3b1c-4356-87ef-9558e93e4bf7:group-7C7B7DF1FA2A changes role from CANDIDATE to FOLLOWER at term 3 for DISCOVERED_A_NEW_TERM
2019-08-27 08:59:58,440 [c23e5a6c-3b1c-4356-87ef-9558e93e4bf7:group-7C7B7DF1FA2A:LeaderElection146] INFO  impl.RoleInfo (RoleInfo.java:shutdownLeaderElection(134)) - c23e5a6c-3b1c-4356-87ef-9558e93e4bf7: shutdown LeaderElection
2019-08-27 08:59:58,440 [c23e5a6c-3b1c-4356-87ef-9558e93e4bf7:group-7C7B7DF1FA2A:LeaderElection146] INFO  impl.RoleInfo (RoleInfo.java:updateAndGet(143)) - c23e5a6c-3b1c-4356-87ef-9558e93e4bf7: start FollowerState
2019-08-27 08:59:58,464 [grpc-default-executor-5] WARN  server.GrpcLogAppender (LogUtils.java:warn(134)) - 4418b26a-a5e5-4792-b343-154b02de43dd->e2fc1c3c-e5fc-4e6c-82aa-5ea8b9bf1eb5: Failed appendEntries: org.apache.ratis.thirdparty.io.grpc.StatusRuntimeException: UNAVAILABLE: io exception
2019-08-27 08:59:58,465 [grpc-default-executor-5] INFO  impl.FollowerInfo (FollowerInfo.java:lambda$new$0(50)) - 4418b26a-a5e5-4792-b343-154b02de43dd->e2fc1c3c-e5fc-4e6c-82aa-5ea8b9bf1eb5: nextIndex: updateUnconditionally 0 -> 0
2019-08-27 08:59:58,485 [grpc-default-executor-13] WARN  server.GrpcLogAppender (LogUtils.java:warn(134)) - a728ac9e-8b42-42b3-9e87-ec98a1f6c46a->521aeba6-88aa-48b7-8766-3f4d75ba2df1: Failed appendEntries: org.apache.ratis.thirdparty.io.grpc.StatusRuntimeException: UNAVAILABLE: io exception
2019-08-27 08:59:58,485 [grpc-default-executor-13] INFO  impl.FollowerInfo (FollowerInfo.java:lambda$new$0(50)) - a728ac9e-8b42-42b3-9e87-ec98a1f6c46a->521aeba6-88aa-48b7-8766-3f4d75ba2df1: nextIndex: updateUnconditionally 0 -> 0
2019-08-27 08:59:58,965 [grpc-default-executor-10] WARN  server.GrpcLogAppender (LogUtils.java:warn(134)) - 4418b26a-a5e5-4792-b343-154b02de43dd->e2fc1c3c-e5fc-4e6c-82aa-5ea8b9bf1eb5: Failed appendEntries: org.apache.ratis.thirdparty.io.grpc.StatusRuntimeException: UNAVAILABLE: io exception
2019-08-27 08:59:58,965 [grpc-default-executor-10] INFO  impl.FollowerInfo (FollowerInfo.java:lambda$new$0(50)) - 4418b26a-a5e5-4792-b343-154b02de43dd->e2fc1c3c-e5fc-4e6c-82aa-5ea8b9bf1eb5: nextIndex: updateUnconditionally 0 -> 0
2019-08-27 08:59:58,985 [grpc-default-executor-5] WARN  server.GrpcLogAppender (LogUtils.java:warn(134)) - a728ac9e-8b42-42b3-9e87-ec98a1f6c46a->521aeba6-88aa-48b7-8766-3f4d75ba2df1: Failed appendEntries: org.apache.ratis.thirdparty.io.grpc.StatusRuntimeException: UNAVAILABLE: io exception
2019-08-27 08:59:58,985 [grpc-default-executor-5] INFO  impl.FollowerInfo (FollowerInfo.java:lambda$new$0(50)) - a728ac9e-8b42-42b3-9e87-ec98a1f6c46a->521aeba6-88aa-48b7-8766-3f4d75ba2df1: nextIndex: updateUnconditionally 0 -> 0
2019-08-27 08:59:59,014 | INFO  | SCMAudit | user=jenkins1000 | ip=192.168.34.1 | op=SEND_HEARTBEAT {datanodeUUID=a728ac9e-8b42-42b3-9e87-ec98a1f6c46a, command=[]} | ret=SUCCESS |  
2019-08-27 08:59:59,339 | INFO  | SCMAudit | user=jenkins1000 | ip=192.168.34.1 | op=SEND_HEARTBEAT {datanodeUUID=83ad8e3f-e813-4fa1-9b9c-8cd3f6d9b12a, command=[]} | ret=SUCCESS |  
2019-08-27 08:59:59,339 | INFO  | SCMAudit | user=jenkins1000 | ip=192.168.34.1 | op=SEND_HEARTBEAT {datanodeUUID=4418b26a-a5e5-4792-b343-154b02de43dd, command=[]} | ret=SUCCESS |  
2019-08-27 08:59:59,465 [grpc-default-executor-10] WARN  server.GrpcLogAppender (LogUtils.java:warn(134)) - 4418b26a-a5e5-4792-b343-154b02de43dd->e2fc1c3c-e5fc-4e6c-82aa-5ea8b9bf1eb5: Failed appendEntries: org.apache.ratis.thirdparty.io.grpc.StatusRuntimeException: UNAVAILABLE: io exception
2019-08-27 08:59:59,465 [grpc-default-executor-10] INFO  impl.FollowerInfo (FollowerInfo.java:lambda$new$0(50)) - 4418b26a-a5e5-4792-b343-154b02de43dd->e2fc1c3c-e5fc-4e6c-82aa-5ea8b9bf1eb5: nextIndex: updateUnconditionally 0 -> 0
2019-08-27 08:59:59,485 [grpc-default-executor-5] WARN  server.GrpcLogAppender (LogUtils.java:warn(134)) - a728ac9e-8b42-42b3-9e87-ec98a1f6c46a->521aeba6-88aa-48b7-8766-3f4d75ba2df1: Failed appendEntries: org.apache.ratis.thirdparty.io.grpc.StatusRuntimeException: UNAVAILABLE: io exception
2019-08-27 08:59:59,485 [grpc-default-executor-5] INFO  impl.FollowerInfo (FollowerInfo.java:lambda$new$0(50)) - a728ac9e-8b42-42b3-9e87-ec98a1f6c46a->521aeba6-88aa-48b7-8766-3f4d75ba2df1: nextIndex: updateUnconditionally 0 -> 0
2019-08-27 08:59:59,560 [Thread-4303] INFO  impl.FollowerState (FollowerState.java:run(106)) - c23e5a6c-3b1c-4356-87ef-9558e93e4bf7:group-7C7B7DF1FA2A changes to CANDIDATE, lastRpcTime:1119, electionTimeout:1119ms
2019-08-27 08:59:59,560 [Thread-4303] INFO  impl.RoleInfo (RoleInfo.java:shutdownFollowerState(121)) - c23e5a6c-3b1c-4356-87ef-9558e93e4bf7: shutdown FollowerState
2019-08-27 08:59:59,560 [Thread-4303] INFO  impl.RaftServerImpl (RaftServerImpl.java:setRole(171)) - c23e5a6c-3b1c-4356-87ef-9558e93e4bf7:group-7C7B7DF1FA2A changes role from FOLLOWER to CANDIDATE at term 3 for changeToCandidate
2019-08-27 08:59:59,560 [Thread-4303] INFO  impl.RoleInfo (RoleInfo.java:updateAndGet(143)) - c23e5a6c-3b1c-4356-87ef-9558e93e4bf7: start LeaderElection
2019-08-27 08:59:59,575 [c23e5a6c-3b1c-4356-87ef-9558e93e4bf7:group-7C7B7DF1FA2A:LeaderElection147] INFO  impl.LeaderElection (LeaderElection.java:askForVotes(181)) - c23e5a6c-3b1c-4356-87ef-9558e93e4bf7:group-7C7B7DF1FA2A:LeaderElection147: begin an election at term 4 for 0: [99a28adf-5289-4cdd-a512-dfcc6dd17230:192.168.34.1:34359, bc465b15-8d97-4b40-b19d-df54ad9f54a7:192.168.34.1:41376, c23e5a6c-3b1c-4356-87ef-9558e93e4bf7:192.168.34.1:35583], old=null
2019-08-27 08:59:59,576 [c23e5a6c-3b1c-4356-87ef-9558e93e4bf7:group-7C7B7DF1FA2A:LeaderElection147] INFO  impl.LeaderElection (LogUtils.java:infoOrTrace(149)) - c23e5a6c-3b1c-4356-87ef-9558e93e4bf7:group-7C7B7DF1FA2A:LeaderElection147 got exception when requesting votes: {}
java.util.concurrent.ExecutionException: org.apache.ratis.thirdparty.io.grpc.StatusRuntimeException: UNAVAILABLE: io exception
	at java.util.concurrent.FutureTask.report(FutureTask.java:122)
	at java.util.concurrent.FutureTask.get(FutureTask.java:192)
	at org.apache.ratis.server.impl.LeaderElection.waitForResults(LeaderElection.java:262)
	at org.apache.ratis.server.impl.LeaderElection.askForVotes(LeaderElection.java:200)
	at org.apache.ratis.server.impl.LeaderElection.run(LeaderElection.java:130)
	at java.lang.Thread.run(Thread.java:748)
Caused by: org.apache.ratis.thirdparty.io.grpc.StatusRuntimeException: UNAVAILABLE: io exception
	at org.apache.ratis.thirdparty.io.grpc.stub.ClientCalls.toStatusRuntimeException(ClientCalls.java:233)
	at org.apache.ratis.thirdparty.io.grpc.stub.ClientCalls.getUnchecked(ClientCalls.java:214)
	at org.apache.ratis.thirdparty.io.grpc.stub.ClientCalls.blockingUnaryCall(ClientCalls.java:139)
	at org.apache.ratis.proto.grpc.RaftServerProtocolServiceGrpc$RaftServerProtocolServiceBlockingStub.requestVote(RaftServerProtocolServiceGrpc.java:265)
	at org.apache.ratis.grpc.server.GrpcServerProtocolClient.requestVote(GrpcServerProtocolClient.java:83)
	at org.apache.ratis.grpc.server.GrpcService.requestVote(GrpcService.java:195)
	at org.apache.ratis.server.impl.LeaderElection.lambda$submitRequests$1(LeaderElection.java:237)
	at java.util.concurrent.FutureTask.run(FutureTask.java:266)
	at java.util.concurrent.Executors$RunnableAdapter.call(Executors.java:511)
	at java.util.concurrent.FutureTask.run(FutureTask.java:266)
	at java.util.concurrent.ThreadPoolExecutor.runWorker(ThreadPoolExecutor.java:1149)
	at java.util.concurrent.ThreadPoolExecutor$Worker.run(ThreadPoolExecutor.java:624)
	... 1 more
Caused by: org.apache.ratis.thirdparty.io.netty.channel.AbstractChannel$AnnotatedConnectException: Connection refused: /192.168.34.1:34359
	at sun.nio.ch.SocketChannelImpl.checkConnect(Native Method)
	at sun.nio.ch.SocketChannelImpl.finishConnect(SocketChannelImpl.java:717)
	at org.apache.ratis.thirdparty.io.netty.channel.socket.nio.NioSocketChannel.doFinishConnect(NioSocketChannel.java:327)
	at org.apache.ratis.thirdparty.io.netty.channel.nio.AbstractNioChannel$AbstractNioUnsafe.finishConnect(AbstractNioChannel.java:340)
	at org.apache.ratis.thirdparty.io.netty.channel.nio.NioEventLoop.processSelectedKey(NioEventLoop.java:632)
	at org.apache.ratis.thirdparty.io.netty.channel.nio.NioEventLoop.processSelectedKeysOptimized(NioEventLoop.java:579)
	at org.apache.ratis.thirdparty.io.netty.channel.nio.NioEventLoop.processSelectedKeys(NioEventLoop.java:496)
	at org.apache.ratis.thirdparty.io.netty.channel.nio.NioEventLoop.run(NioEventLoop.java:458)
	at org.apache.ratis.thirdparty.io.netty.util.concurrent.SingleThreadEventExecutor$5.run(SingleThreadEventExecutor.java:897)
	at org.apache.ratis.thirdparty.io.netty.util.concurrent.FastThreadLocalRunnable.run(FastThreadLocalRunnable.java:30)
	... 1 more
Caused by: java.net.ConnectException: Connection refused
	... 11 more
2019-08-27 08:59:59,577 [c23e5a6c-3b1c-4356-87ef-9558e93e4bf7:group-7C7B7DF1FA2A:LeaderElection147] INFO  impl.LeaderElection (LogUtils.java:infoOrTrace(149)) - c23e5a6c-3b1c-4356-87ef-9558e93e4bf7:group-7C7B7DF1FA2A:LeaderElection147 got exception when requesting votes: {}
java.util.concurrent.ExecutionException: org.apache.ratis.thirdparty.io.grpc.StatusRuntimeException: UNAVAILABLE: io exception
	at java.util.concurrent.FutureTask.report(FutureTask.java:122)
	at java.util.concurrent.FutureTask.get(FutureTask.java:192)
	at org.apache.ratis.server.impl.LeaderElection.waitForResults(LeaderElection.java:262)
	at org.apache.ratis.server.impl.LeaderElection.askForVotes(LeaderElection.java:200)
	at org.apache.ratis.server.impl.LeaderElection.run(LeaderElection.java:130)
	at java.lang.Thread.run(Thread.java:748)
Caused by: org.apache.ratis.thirdparty.io.grpc.StatusRuntimeException: UNAVAILABLE: io exception
	at org.apache.ratis.thirdparty.io.grpc.stub.ClientCalls.toStatusRuntimeException(ClientCalls.java:233)
	at org.apache.ratis.thirdparty.io.grpc.stub.ClientCalls.getUnchecked(ClientCalls.java:214)
	at org.apache.ratis.thirdparty.io.grpc.stub.ClientCalls.blockingUnaryCall(ClientCalls.java:139)
	at org.apache.ratis.proto.grpc.RaftServerProtocolServiceGrpc$RaftServerProtocolServiceBlockingStub.requestVote(RaftServerProtocolServiceGrpc.java:265)
	at org.apache.ratis.grpc.server.GrpcServerProtocolClient.requestVote(GrpcServerProtocolClient.java:83)
	at org.apache.ratis.grpc.server.GrpcService.requestVote(GrpcService.java:195)
	at org.apache.ratis.server.impl.LeaderElection.lambda$submitRequests$1(LeaderElection.java:237)
	at java.util.concurrent.FutureTask.run(FutureTask.java:266)
	at java.util.concurrent.Executors$RunnableAdapter.call(Executors.java:511)
	at java.util.concurrent.FutureTask.run(FutureTask.java:266)
	at java.util.concurrent.ThreadPoolExecutor.runWorker(ThreadPoolExecutor.java:1149)
	at java.util.concurrent.ThreadPoolExecutor$Worker.run(ThreadPoolExecutor.java:624)
	... 1 more
Caused by: org.apache.ratis.thirdparty.io.netty.channel.AbstractChannel$AnnotatedConnectException: Connection refused: /192.168.34.1:41376
	at sun.nio.ch.SocketChannelImpl.checkConnect(Native Method)
	at sun.nio.ch.SocketChannelImpl.finishConnect(SocketChannelImpl.java:717)
	at org.apache.ratis.thirdparty.io.netty.channel.socket.nio.NioSocketChannel.doFinishConnect(NioSocketChannel.java:327)
	at org.apache.ratis.thirdparty.io.netty.channel.nio.AbstractNioChannel$AbstractNioUnsafe.finishConnect(AbstractNioChannel.java:340)
	at org.apache.ratis.thirdparty.io.netty.channel.nio.NioEventLoop.processSelectedKey(NioEventLoop.java:632)
	at org.apache.ratis.thirdparty.io.netty.channel.nio.NioEventLoop.processSelectedKeysOptimized(NioEventLoop.java:579)
	at org.apache.ratis.thirdparty.io.netty.channel.nio.NioEventLoop.processSelectedKeys(NioEventLoop.java:496)
	at org.apache.ratis.thirdparty.io.netty.channel.nio.NioEventLoop.run(NioEventLoop.java:458)
	at org.apache.ratis.thirdparty.io.netty.util.concurrent.SingleThreadEventExecutor$5.run(SingleThreadEventExecutor.java:897)
	at org.apache.ratis.thirdparty.io.netty.util.concurrent.FastThreadLocalRunnable.run(FastThreadLocalRunnable.java:30)
	... 1 more
Caused by: java.net.ConnectException: Connection refused
	... 11 more
2019-08-27 08:59:59,577 [c23e5a6c-3b1c-4356-87ef-9558e93e4bf7:group-7C7B7DF1FA2A:LeaderElection147] INFO  impl.LeaderElection (LeaderElection.java:logAndReturn(56)) - c23e5a6c-3b1c-4356-87ef-9558e93e4bf7:group-7C7B7DF1FA2A:LeaderElection147: Election REJECTED; received 0 response(s) [] and 2 exception(s); c23e5a6c-3b1c-4356-87ef-9558e93e4bf7:t4, leader=null, voted=c23e5a6c-3b1c-4356-87ef-9558e93e4bf7, raftlog=c23e5a6c-3b1c-4356-87ef-9558e93e4bf7-SegmentedRaftLog:OPENED:c12,f12,i12, conf=0: [99a28adf-5289-4cdd-a512-dfcc6dd17230:192.168.34.1:34359, bc465b15-8d97-4b40-b19d-df54ad9f54a7:192.168.34.1:41376, c23e5a6c-3b1c-4356-87ef-9558e93e4bf7:192.168.34.1:35583], old=null
2019-08-27 08:59:59,577 [c23e5a6c-3b1c-4356-87ef-9558e93e4bf7:group-7C7B7DF1FA2A:LeaderElection147] INFO  impl.LeaderElection (LogUtils.java:infoOrTrace(149)) -   Exception 0: {}
java.util.concurrent.ExecutionException: org.apache.ratis.thirdparty.io.grpc.StatusRuntimeException: UNAVAILABLE: io exception
	at java.util.concurrent.FutureTask.report(FutureTask.java:122)
	at java.util.concurrent.FutureTask.get(FutureTask.java:192)
	at org.apache.ratis.server.impl.LeaderElection.waitForResults(LeaderElection.java:262)
	at org.apache.ratis.server.impl.LeaderElection.askForVotes(LeaderElection.java:200)
	at org.apache.ratis.server.impl.LeaderElection.run(LeaderElection.java:130)
	at java.lang.Thread.run(Thread.java:748)
Caused by: org.apache.ratis.thirdparty.io.grpc.StatusRuntimeException: UNAVAILABLE: io exception
	at org.apache.ratis.thirdparty.io.grpc.stub.ClientCalls.toStatusRuntimeException(ClientCalls.java:233)
	at org.apache.ratis.thirdparty.io.grpc.stub.ClientCalls.getUnchecked(ClientCalls.java:214)
	at org.apache.ratis.thirdparty.io.grpc.stub.ClientCalls.blockingUnaryCall(ClientCalls.java:139)
	at org.apache.ratis.proto.grpc.RaftServerProtocolServiceGrpc$RaftServerProtocolServiceBlockingStub.requestVote(RaftServerProtocolServiceGrpc.java:265)
	at org.apache.ratis.grpc.server.GrpcServerProtocolClient.requestVote(GrpcServerProtocolClient.java:83)
	at org.apache.ratis.grpc.server.GrpcService.requestVote(GrpcService.java:195)
	at org.apache.ratis.server.impl.LeaderElection.lambda$submitRequests$1(LeaderElection.java:237)
	at java.util.concurrent.FutureTask.run(FutureTask.java:266)
	at java.util.concurrent.Executors$RunnableAdapter.call(Executors.java:511)
	at java.util.concurrent.FutureTask.run(FutureTask.java:266)
	at java.util.concurrent.ThreadPoolExecutor.runWorker(ThreadPoolExecutor.java:1149)
	at java.util.concurrent.ThreadPoolExecutor$Worker.run(ThreadPoolExecutor.java:624)
	... 1 more
Caused by: org.apache.ratis.thirdparty.io.netty.channel.AbstractChannel$AnnotatedConnectException: Connection refused: /192.168.34.1:34359
	at sun.nio.ch.SocketChannelImpl.checkConnect(Native Method)
	at sun.nio.ch.SocketChannelImpl.finishConnect(SocketChannelImpl.java:717)
	at org.apache.ratis.thirdparty.io.netty.channel.socket.nio.NioSocketChannel.doFinishConnect(NioSocketChannel.java:327)
	at org.apache.ratis.thirdparty.io.netty.channel.nio.AbstractNioChannel$AbstractNioUnsafe.finishConnect(AbstractNioChannel.java:340)
	at org.apache.ratis.thirdparty.io.netty.channel.nio.NioEventLoop.processSelectedKey(NioEventLoop.java:632)
	at org.apache.ratis.thirdparty.io.netty.channel.nio.NioEventLoop.processSelectedKeysOptimized(NioEventLoop.java:579)
	at org.apache.ratis.thirdparty.io.netty.channel.nio.NioEventLoop.processSelectedKeys(NioEventLoop.java:496)
	at org.apache.ratis.thirdparty.io.netty.channel.nio.NioEventLoop.run(NioEventLoop.java:458)
	at org.apache.ratis.thirdparty.io.netty.util.concurrent.SingleThreadEventExecutor$5.run(SingleThreadEventExecutor.java:897)
	at org.apache.ratis.thirdparty.io.netty.util.concurrent.FastThreadLocalRunnable.run(FastThreadLocalRunnable.java:30)
	... 1 more
Caused by: java.net.ConnectException: Connection refused
	... 11 more
2019-08-27 08:59:59,577 [c23e5a6c-3b1c-4356-87ef-9558e93e4bf7:group-7C7B7DF1FA2A:LeaderElection147] INFO  impl.LeaderElection (LogUtils.java:infoOrTrace(149)) -   Exception 1: {}
java.util.concurrent.ExecutionException: org.apache.ratis.thirdparty.io.grpc.StatusRuntimeException: UNAVAILABLE: io exception
	at java.util.concurrent.FutureTask.report(FutureTask.java:122)
	at java.util.concurrent.FutureTask.get(FutureTask.java:192)
	at org.apache.ratis.server.impl.LeaderElection.waitForResults(LeaderElection.java:262)
	at org.apache.ratis.server.impl.LeaderElection.askForVotes(LeaderElection.java:200)
	at org.apache.ratis.server.impl.LeaderElection.run(LeaderElection.java:130)
	at java.lang.Thread.run(Thread.java:748)
Caused by: org.apache.ratis.thirdparty.io.grpc.StatusRuntimeException: UNAVAILABLE: io exception
	at org.apache.ratis.thirdparty.io.grpc.stub.ClientCalls.toStatusRuntimeException(ClientCalls.java:233)
	at org.apache.ratis.thirdparty.io.grpc.stub.ClientCalls.getUnchecked(ClientCalls.java:214)
	at org.apache.ratis.thirdparty.io.grpc.stub.ClientCalls.blockingUnaryCall(ClientCalls.java:139)
	at org.apache.ratis.proto.grpc.RaftServerProtocolServiceGrpc$RaftServerProtocolServiceBlockingStub.requestVote(RaftServerProtocolServiceGrpc.java:265)
	at org.apache.ratis.grpc.server.GrpcServerProtocolClient.requestVote(GrpcServerProtocolClient.java:83)
	at org.apache.ratis.grpc.server.GrpcService.requestVote(GrpcService.java:195)
	at org.apache.ratis.server.impl.LeaderElection.lambda$submitRequests$1(LeaderElection.java:237)
	at java.util.concurrent.FutureTask.run(FutureTask.java:266)
	at java.util.concurrent.Executors$RunnableAdapter.call(Executors.java:511)
	at java.util.concurrent.FutureTask.run(FutureTask.java:266)
	at java.util.concurrent.ThreadPoolExecutor.runWorker(ThreadPoolExecutor.java:1149)
	at java.util.concurrent.ThreadPoolExecutor$Worker.run(ThreadPoolExecutor.java:624)
	... 1 more
Caused by: org.apache.ratis.thirdparty.io.netty.channel.AbstractChannel$AnnotatedConnectException: Connection refused: /192.168.34.1:41376
	at sun.nio.ch.SocketChannelImpl.checkConnect(Native Method)
	at sun.nio.ch.SocketChannelImpl.finishConnect(SocketChannelImpl.java:717)
	at org.apache.ratis.thirdparty.io.netty.channel.socket.nio.NioSocketChannel.doFinishConnect(NioSocketChannel.java:327)
	at org.apache.ratis.thirdparty.io.netty.channel.nio.AbstractNioChannel$AbstractNioUnsafe.finishConnect(AbstractNioChannel.java:340)
	at org.apache.ratis.thirdparty.io.netty.channel.nio.NioEventLoop.processSelectedKey(NioEventLoop.java:632)
	at org.apache.ratis.thirdparty.io.netty.channel.nio.NioEventLoop.processSelectedKeysOptimized(NioEventLoop.java:579)
	at org.apache.ratis.thirdparty.io.netty.channel.nio.NioEventLoop.processSelectedKeys(NioEventLoop.java:496)
	at org.apache.ratis.thirdparty.io.netty.channel.nio.NioEventLoop.run(NioEventLoop.java:458)
	at org.apache.ratis.thirdparty.io.netty.util.concurrent.SingleThreadEventExecutor$5.run(SingleThreadEventExecutor.java:897)
	at org.apache.ratis.thirdparty.io.netty.util.concurrent.FastThreadLocalRunnable.run(FastThreadLocalRunnable.java:30)
	... 1 more
Caused by: java.net.ConnectException: Connection refused
	... 11 more
2019-08-27 08:59:59,578 [c23e5a6c-3b1c-4356-87ef-9558e93e4bf7:group-7C7B7DF1FA2A:LeaderElection147] INFO  impl.RaftServerImpl (RaftServerImpl.java:setRole(171)) - c23e5a6c-3b1c-4356-87ef-9558e93e4bf7:group-7C7B7DF1FA2A changes role from CANDIDATE to FOLLOWER at term 4 for DISCOVERED_A_NEW_TERM
2019-08-27 08:59:59,578 [c23e5a6c-3b1c-4356-87ef-9558e93e4bf7:group-7C7B7DF1FA2A:LeaderElection147] INFO  impl.RoleInfo (RoleInfo.java:shutdownLeaderElection(134)) - c23e5a6c-3b1c-4356-87ef-9558e93e4bf7: shutdown LeaderElection
2019-08-27 08:59:59,578 [c23e5a6c-3b1c-4356-87ef-9558e93e4bf7:group-7C7B7DF1FA2A:LeaderElection147] INFO  impl.RoleInfo (RoleInfo.java:updateAndGet(143)) - c23e5a6c-3b1c-4356-87ef-9558e93e4bf7: start FollowerState
2019-08-27 08:59:59,966 [grpc-default-executor-13] WARN  server.GrpcLogAppender (LogUtils.java:warn(134)) - 4418b26a-a5e5-4792-b343-154b02de43dd->e2fc1c3c-e5fc-4e6c-82aa-5ea8b9bf1eb5: Failed appendEntries: org.apache.ratis.thirdparty.io.grpc.StatusRuntimeException: UNAVAILABLE: io exception
2019-08-27 08:59:59,966 [grpc-default-executor-13] INFO  impl.FollowerInfo (FollowerInfo.java:lambda$new$0(50)) - 4418b26a-a5e5-4792-b343-154b02de43dd->e2fc1c3c-e5fc-4e6c-82aa-5ea8b9bf1eb5: nextIndex: updateUnconditionally 0 -> 0
2019-08-27 08:59:59,986 [grpc-default-executor-13] WARN  server.GrpcLogAppender (LogUtils.java:warn(134)) - a728ac9e-8b42-42b3-9e87-ec98a1f6c46a->521aeba6-88aa-48b7-8766-3f4d75ba2df1: Failed appendEntries: org.apache.ratis.thirdparty.io.grpc.StatusRuntimeException: UNAVAILABLE: io exception
2019-08-27 08:59:59,986 [grpc-default-executor-13] INFO  impl.FollowerInfo (FollowerInfo.java:lambda$new$0(50)) - a728ac9e-8b42-42b3-9e87-ec98a1f6c46a->521aeba6-88aa-48b7-8766-3f4d75ba2df1: nextIndex: updateUnconditionally 0 -> 0
2019-08-27 09:00:00,015 | INFO  | SCMAudit | user=jenkins1000 | ip=192.168.34.1 | op=SEND_HEARTBEAT {datanodeUUID=a728ac9e-8b42-42b3-9e87-ec98a1f6c46a, command=[]} | ret=SUCCESS |  
2019-08-27 09:00:00,340 | INFO  | SCMAudit | user=jenkins1000 | ip=192.168.34.1 | op=SEND_HEARTBEAT {datanodeUUID=83ad8e3f-e813-4fa1-9b9c-8cd3f6d9b12a, command=[]} | ret=SUCCESS |  
2019-08-27 09:00:00,340 | INFO  | SCMAudit | user=jenkins1000 | ip=192.168.34.1 | op=SEND_HEARTBEAT {datanodeUUID=4418b26a-a5e5-4792-b343-154b02de43dd, command=[]} | ret=SUCCESS |  
2019-08-27 09:00:00,466 [grpc-default-executor-10] WARN  server.GrpcLogAppender (LogUtils.java:warn(134)) - 4418b26a-a5e5-4792-b343-154b02de43dd->e2fc1c3c-e5fc-4e6c-82aa-5ea8b9bf1eb5: Failed appendEntries: org.apache.ratis.thirdparty.io.grpc.StatusRuntimeException: UNAVAILABLE: io exception
2019-08-27 09:00:00,467 [grpc-default-executor-10] INFO  impl.FollowerInfo (FollowerInfo.java:lambda$new$0(50)) - 4418b26a-a5e5-4792-b343-154b02de43dd->e2fc1c3c-e5fc-4e6c-82aa-5ea8b9bf1eb5: nextIndex: updateUnconditionally 0 -> 0
2019-08-27 09:00:00,486 [grpc-default-executor-5] WARN  server.GrpcLogAppender (LogUtils.java:warn(134)) - a728ac9e-8b42-42b3-9e87-ec98a1f6c46a->521aeba6-88aa-48b7-8766-3f4d75ba2df1: Failed appendEntries: org.apache.ratis.thirdparty.io.grpc.StatusRuntimeException: UNAVAILABLE: io exception
2019-08-27 09:00:00,486 [grpc-default-executor-5] INFO  impl.FollowerInfo (FollowerInfo.java:lambda$new$0(50)) - a728ac9e-8b42-42b3-9e87-ec98a1f6c46a->521aeba6-88aa-48b7-8766-3f4d75ba2df1: nextIndex: updateUnconditionally 0 -> 0
2019-08-27 09:00:00,700 [Thread-4313] INFO  impl.FollowerState (FollowerState.java:run(106)) - c23e5a6c-3b1c-4356-87ef-9558e93e4bf7:group-7C7B7DF1FA2A changes to CANDIDATE, lastRpcTime:1122, electionTimeout:1122ms
2019-08-27 09:00:00,701 [Thread-4313] INFO  impl.RoleInfo (RoleInfo.java:shutdownFollowerState(121)) - c23e5a6c-3b1c-4356-87ef-9558e93e4bf7: shutdown FollowerState
2019-08-27 09:00:00,701 [Thread-4313] INFO  impl.RaftServerImpl (RaftServerImpl.java:setRole(171)) - c23e5a6c-3b1c-4356-87ef-9558e93e4bf7:group-7C7B7DF1FA2A changes role from FOLLOWER to CANDIDATE at term 4 for changeToCandidate
2019-08-27 09:00:00,701 [Thread-4313] INFO  impl.RoleInfo (RoleInfo.java:updateAndGet(143)) - c23e5a6c-3b1c-4356-87ef-9558e93e4bf7: start LeaderElection
2019-08-27 09:00:00,714 [c23e5a6c-3b1c-4356-87ef-9558e93e4bf7:group-7C7B7DF1FA2A:LeaderElection148] INFO  impl.LeaderElection (LeaderElection.java:askForVotes(181)) - c23e5a6c-3b1c-4356-87ef-9558e93e4bf7:group-7C7B7DF1FA2A:LeaderElection148: begin an election at term 5 for 0: [99a28adf-5289-4cdd-a512-dfcc6dd17230:192.168.34.1:34359, bc465b15-8d97-4b40-b19d-df54ad9f54a7:192.168.34.1:41376, c23e5a6c-3b1c-4356-87ef-9558e93e4bf7:192.168.34.1:35583], old=null
2019-08-27 09:00:00,715 [c23e5a6c-3b1c-4356-87ef-9558e93e4bf7:group-7C7B7DF1FA2A:LeaderElection148] INFO  impl.LeaderElection (LogUtils.java:infoOrTrace(149)) - c23e5a6c-3b1c-4356-87ef-9558e93e4bf7:group-7C7B7DF1FA2A:LeaderElection148 got exception when requesting votes: {}
java.util.concurrent.ExecutionException: org.apache.ratis.thirdparty.io.grpc.StatusRuntimeException: UNAVAILABLE: io exception
	at java.util.concurrent.FutureTask.report(FutureTask.java:122)
	at java.util.concurrent.FutureTask.get(FutureTask.java:192)
	at org.apache.ratis.server.impl.LeaderElection.waitForResults(LeaderElection.java:262)
	at org.apache.ratis.server.impl.LeaderElection.askForVotes(LeaderElection.java:200)
	at org.apache.ratis.server.impl.LeaderElection.run(LeaderElection.java:130)
	at java.lang.Thread.run(Thread.java:748)
Caused by: org.apache.ratis.thirdparty.io.grpc.StatusRuntimeException: UNAVAILABLE: io exception
	at org.apache.ratis.thirdparty.io.grpc.stub.ClientCalls.toStatusRuntimeException(ClientCalls.java:233)
	at org.apache.ratis.thirdparty.io.grpc.stub.ClientCalls.getUnchecked(ClientCalls.java:214)
	at org.apache.ratis.thirdparty.io.grpc.stub.ClientCalls.blockingUnaryCall(ClientCalls.java:139)
	at org.apache.ratis.proto.grpc.RaftServerProtocolServiceGrpc$RaftServerProtocolServiceBlockingStub.requestVote(RaftServerProtocolServiceGrpc.java:265)
	at org.apache.ratis.grpc.server.GrpcServerProtocolClient.requestVote(GrpcServerProtocolClient.java:83)
	at org.apache.ratis.grpc.server.GrpcService.requestVote(GrpcService.java:195)
	at org.apache.ratis.server.impl.LeaderElection.lambda$submitRequests$1(LeaderElection.java:237)
	at java.util.concurrent.FutureTask.run(FutureTask.java:266)
	at java.util.concurrent.Executors$RunnableAdapter.call(Executors.java:511)
	at java.util.concurrent.FutureTask.run(FutureTask.java:266)
	at java.util.concurrent.ThreadPoolExecutor.runWorker(ThreadPoolExecutor.java:1149)
	at java.util.concurrent.ThreadPoolExecutor$Worker.run(ThreadPoolExecutor.java:624)
	... 1 more
Caused by: org.apache.ratis.thirdparty.io.netty.channel.AbstractChannel$AnnotatedConnectException: Connection refused: /192.168.34.1:41376
	at sun.nio.ch.SocketChannelImpl.checkConnect(Native Method)
	at sun.nio.ch.SocketChannelImpl.finishConnect(SocketChannelImpl.java:717)
	at org.apache.ratis.thirdparty.io.netty.channel.socket.nio.NioSocketChannel.doFinishConnect(NioSocketChannel.java:327)
	at org.apache.ratis.thirdparty.io.netty.channel.nio.AbstractNioChannel$AbstractNioUnsafe.finishConnect(AbstractNioChannel.java:340)
	at org.apache.ratis.thirdparty.io.netty.channel.nio.NioEventLoop.processSelectedKey(NioEventLoop.java:632)
	at org.apache.ratis.thirdparty.io.netty.channel.nio.NioEventLoop.processSelectedKeysOptimized(NioEventLoop.java:579)
	at org.apache.ratis.thirdparty.io.netty.channel.nio.NioEventLoop.processSelectedKeys(NioEventLoop.java:496)
	at org.apache.ratis.thirdparty.io.netty.channel.nio.NioEventLoop.run(NioEventLoop.java:458)
	at org.apache.ratis.thirdparty.io.netty.util.concurrent.SingleThreadEventExecutor$5.run(SingleThreadEventExecutor.java:897)
	at org.apache.ratis.thirdparty.io.netty.util.concurrent.FastThreadLocalRunnable.run(FastThreadLocalRunnable.java:30)
	... 1 more
Caused by: java.net.ConnectException: Connection refused
	... 11 more
2019-08-27 09:00:00,716 [c23e5a6c-3b1c-4356-87ef-9558e93e4bf7:group-7C7B7DF1FA2A:LeaderElection148] INFO  impl.LeaderElection (LogUtils.java:infoOrTrace(149)) - c23e5a6c-3b1c-4356-87ef-9558e93e4bf7:group-7C7B7DF1FA2A:LeaderElection148 got exception when requesting votes: {}
java.util.concurrent.ExecutionException: org.apache.ratis.thirdparty.io.grpc.StatusRuntimeException: UNAVAILABLE: io exception
	at java.util.concurrent.FutureTask.report(FutureTask.java:122)
	at java.util.concurrent.FutureTask.get(FutureTask.java:192)
	at org.apache.ratis.server.impl.LeaderElection.waitForResults(LeaderElection.java:262)
	at org.apache.ratis.server.impl.LeaderElection.askForVotes(LeaderElection.java:200)
	at org.apache.ratis.server.impl.LeaderElection.run(LeaderElection.java:130)
	at java.lang.Thread.run(Thread.java:748)
Caused by: org.apache.ratis.thirdparty.io.grpc.StatusRuntimeException: UNAVAILABLE: io exception
	at org.apache.ratis.thirdparty.io.grpc.stub.ClientCalls.toStatusRuntimeException(ClientCalls.java:233)
	at org.apache.ratis.thirdparty.io.grpc.stub.ClientCalls.getUnchecked(ClientCalls.java:214)
	at org.apache.ratis.thirdparty.io.grpc.stub.ClientCalls.blockingUnaryCall(ClientCalls.java:139)
	at org.apache.ratis.proto.grpc.RaftServerProtocolServiceGrpc$RaftServerProtocolServiceBlockingStub.requestVote(RaftServerProtocolServiceGrpc.java:265)
	at org.apache.ratis.grpc.server.GrpcServerProtocolClient.requestVote(GrpcServerProtocolClient.java:83)
	at org.apache.ratis.grpc.server.GrpcService.requestVote(GrpcService.java:195)
	at org.apache.ratis.server.impl.LeaderElection.lambda$submitRequests$1(LeaderElection.java:237)
	at java.util.concurrent.FutureTask.run(FutureTask.java:266)
	at java.util.concurrent.Executors$RunnableAdapter.call(Executors.java:511)
	at java.util.concurrent.FutureTask.run(FutureTask.java:266)
	at java.util.concurrent.ThreadPoolExecutor.runWorker(ThreadPoolExecutor.java:1149)
	at java.util.concurrent.ThreadPoolExecutor$Worker.run(ThreadPoolExecutor.java:624)
	... 1 more
Caused by: org.apache.ratis.thirdparty.io.netty.channel.AbstractChannel$AnnotatedConnectException: Connection refused: /192.168.34.1:34359
	at sun.nio.ch.SocketChannelImpl.checkConnect(Native Method)
	at sun.nio.ch.SocketChannelImpl.finishConnect(SocketChannelImpl.java:717)
	at org.apache.ratis.thirdparty.io.netty.channel.socket.nio.NioSocketChannel.doFinishConnect(NioSocketChannel.java:327)
	at org.apache.ratis.thirdparty.io.netty.channel.nio.AbstractNioChannel$AbstractNioUnsafe.finishConnect(AbstractNioChannel.java:340)
	at org.apache.ratis.thirdparty.io.netty.channel.nio.NioEventLoop.processSelectedKey(NioEventLoop.java:632)
	at org.apache.ratis.thirdparty.io.netty.channel.nio.NioEventLoop.processSelectedKeysOptimized(NioEventLoop.java:579)
	at org.apache.ratis.thirdparty.io.netty.channel.nio.NioEventLoop.processSelectedKeys(NioEventLoop.java:496)
	at org.apache.ratis.thirdparty.io.netty.channel.nio.NioEventLoop.run(NioEventLoop.java:458)
	at org.apache.ratis.thirdparty.io.netty.util.concurrent.SingleThreadEventExecutor$5.run(SingleThreadEventExecutor.java:897)
	at org.apache.ratis.thirdparty.io.netty.util.concurrent.FastThreadLocalRunnable.run(FastThreadLocalRunnable.java:30)
	... 1 more
Caused by: java.net.ConnectException: Connection refused
	... 11 more
2019-08-27 09:00:00,716 [c23e5a6c-3b1c-4356-87ef-9558e93e4bf7:group-7C7B7DF1FA2A:LeaderElection148] INFO  impl.LeaderElection (LeaderElection.java:logAndReturn(56)) - c23e5a6c-3b1c-4356-87ef-9558e93e4bf7:group-7C7B7DF1FA2A:LeaderElection148: Election REJECTED; received 0 response(s) [] and 2 exception(s); c23e5a6c-3b1c-4356-87ef-9558e93e4bf7:t5, leader=null, voted=c23e5a6c-3b1c-4356-87ef-9558e93e4bf7, raftlog=c23e5a6c-3b1c-4356-87ef-9558e93e4bf7-SegmentedRaftLog:OPENED:c12,f12,i12, conf=0: [99a28adf-5289-4cdd-a512-dfcc6dd17230:192.168.34.1:34359, bc465b15-8d97-4b40-b19d-df54ad9f54a7:192.168.34.1:41376, c23e5a6c-3b1c-4356-87ef-9558e93e4bf7:192.168.34.1:35583], old=null
2019-08-27 09:00:00,716 [c23e5a6c-3b1c-4356-87ef-9558e93e4bf7:group-7C7B7DF1FA2A:LeaderElection148] INFO  impl.LeaderElection (LogUtils.java:infoOrTrace(149)) -   Exception 0: {}
java.util.concurrent.ExecutionException: org.apache.ratis.thirdparty.io.grpc.StatusRuntimeException: UNAVAILABLE: io exception
	at java.util.concurrent.FutureTask.report(FutureTask.java:122)
	at java.util.concurrent.FutureTask.get(FutureTask.java:192)
	at org.apache.ratis.server.impl.LeaderElection.waitForResults(LeaderElection.java:262)
	at org.apache.ratis.server.impl.LeaderElection.askForVotes(LeaderElection.java:200)
	at org.apache.ratis.server.impl.LeaderElection.run(LeaderElection.java:130)
	at java.lang.Thread.run(Thread.java:748)
Caused by: org.apache.ratis.thirdparty.io.grpc.StatusRuntimeException: UNAVAILABLE: io exception
	at org.apache.ratis.thirdparty.io.grpc.stub.ClientCalls.toStatusRuntimeException(ClientCalls.java:233)
	at org.apache.ratis.thirdparty.io.grpc.stub.ClientCalls.getUnchecked(ClientCalls.java:214)
	at org.apache.ratis.thirdparty.io.grpc.stub.ClientCalls.blockingUnaryCall(ClientCalls.java:139)
	at org.apache.ratis.proto.grpc.RaftServerProtocolServiceGrpc$RaftServerProtocolServiceBlockingStub.requestVote(RaftServerProtocolServiceGrpc.java:265)
	at org.apache.ratis.grpc.server.GrpcServerProtocolClient.requestVote(GrpcServerProtocolClient.java:83)
	at org.apache.ratis.grpc.server.GrpcService.requestVote(GrpcService.java:195)
	at org.apache.ratis.server.impl.LeaderElection.lambda$submitRequests$1(LeaderElection.java:237)
	at java.util.concurrent.FutureTask.run(FutureTask.java:266)
	at java.util.concurrent.Executors$RunnableAdapter.call(Executors.java:511)
	at java.util.concurrent.FutureTask.run(FutureTask.java:266)
	at java.util.concurrent.ThreadPoolExecutor.runWorker(ThreadPoolExecutor.java:1149)
	at java.util.concurrent.ThreadPoolExecutor$Worker.run(ThreadPoolExecutor.java:624)
	... 1 more
Caused by: org.apache.ratis.thirdparty.io.netty.channel.AbstractChannel$AnnotatedConnectException: Connection refused: /192.168.34.1:41376
	at sun.nio.ch.SocketChannelImpl.checkConnect(Native Method)
	at sun.nio.ch.SocketChannelImpl.finishConnect(SocketChannelImpl.java:717)
	at org.apache.ratis.thirdparty.io.netty.channel.socket.nio.NioSocketChannel.doFinishConnect(NioSocketChannel.java:327)
	at org.apache.ratis.thirdparty.io.netty.channel.nio.AbstractNioChannel$AbstractNioUnsafe.finishConnect(AbstractNioChannel.java:340)
	at org.apache.ratis.thirdparty.io.netty.channel.nio.NioEventLoop.processSelectedKey(NioEventLoop.java:632)
	at org.apache.ratis.thirdparty.io.netty.channel.nio.NioEventLoop.processSelectedKeysOptimized(NioEventLoop.java:579)
	at org.apache.ratis.thirdparty.io.netty.channel.nio.NioEventLoop.processSelectedKeys(NioEventLoop.java:496)
	at org.apache.ratis.thirdparty.io.netty.channel.nio.NioEventLoop.run(NioEventLoop.java:458)
	at org.apache.ratis.thirdparty.io.netty.util.concurrent.SingleThreadEventExecutor$5.run(SingleThreadEventExecutor.java:897)
	at org.apache.ratis.thirdparty.io.netty.util.concurrent.FastThreadLocalRunnable.run(FastThreadLocalRunnable.java:30)
	... 1 more
Caused by: java.net.ConnectException: Connection refused
	... 11 more
2019-08-27 09:00:00,716 [c23e5a6c-3b1c-4356-87ef-9558e93e4bf7:group-7C7B7DF1FA2A:LeaderElection148] INFO  impl.LeaderElection (LogUtils.java:infoOrTrace(149)) -   Exception 1: {}
java.util.concurrent.ExecutionException: org.apache.ratis.thirdparty.io.grpc.StatusRuntimeException: UNAVAILABLE: io exception
	at java.util.concurrent.FutureTask.report(FutureTask.java:122)
	at java.util.concurrent.FutureTask.get(FutureTask.java:192)
	at org.apache.ratis.server.impl.LeaderElection.waitForResults(LeaderElection.java:262)
	at org.apache.ratis.server.impl.LeaderElection.askForVotes(LeaderElection.java:200)
	at org.apache.ratis.server.impl.LeaderElection.run(LeaderElection.java:130)
	at java.lang.Thread.run(Thread.java:748)
Caused by: org.apache.ratis.thirdparty.io.grpc.StatusRuntimeException: UNAVAILABLE: io exception
	at org.apache.ratis.thirdparty.io.grpc.stub.ClientCalls.toStatusRuntimeException(ClientCalls.java:233)
	at org.apache.ratis.thirdparty.io.grpc.stub.ClientCalls.getUnchecked(ClientCalls.java:214)
	at org.apache.ratis.thirdparty.io.grpc.stub.ClientCalls.blockingUnaryCall(ClientCalls.java:139)
	at org.apache.ratis.proto.grpc.RaftServerProtocolServiceGrpc$RaftServerProtocolServiceBlockingStub.requestVote(RaftServerProtocolServiceGrpc.java:265)
	at org.apache.ratis.grpc.server.GrpcServerProtocolClient.requestVote(GrpcServerProtocolClient.java:83)
	at org.apache.ratis.grpc.server.GrpcService.requestVote(GrpcService.java:195)
	at org.apache.ratis.server.impl.LeaderElection.lambda$submitRequests$1(LeaderElection.java:237)
	at java.util.concurrent.FutureTask.run(FutureTask.java:266)
	at java.util.concurrent.Executors$RunnableAdapter.call(Executors.java:511)
	at java.util.concurrent.FutureTask.run(FutureTask.java:266)
	at java.util.concurrent.ThreadPoolExecutor.runWorker(ThreadPoolExecutor.java:1149)
	at java.util.concurrent.ThreadPoolExecutor$Worker.run(ThreadPoolExecutor.java:624)
	... 1 more
Caused by: org.apache.ratis.thirdparty.io.netty.channel.AbstractChannel$AnnotatedConnectException: Connection refused: /192.168.34.1:34359
	at sun.nio.ch.SocketChannelImpl.checkConnect(Native Method)
	at sun.nio.ch.SocketChannelImpl.finishConnect(SocketChannelImpl.java:717)
	at org.apache.ratis.thirdparty.io.netty.channel.socket.nio.NioSocketChannel.doFinishConnect(NioSocketChannel.java:327)
	at org.apache.ratis.thirdparty.io.netty.channel.nio.AbstractNioChannel$AbstractNioUnsafe.finishConnect(AbstractNioChannel.java:340)
	at org.apache.ratis.thirdparty.io.netty.channel.nio.NioEventLoop.processSelectedKey(NioEventLoop.java:632)
	at org.apache.ratis.thirdparty.io.netty.channel.nio.NioEventLoop.processSelectedKeysOptimized(NioEventLoop.java:579)
	at org.apache.ratis.thirdparty.io.netty.channel.nio.NioEventLoop.processSelectedKeys(NioEventLoop.java:496)
	at org.apache.ratis.thirdparty.io.netty.channel.nio.NioEventLoop.run(NioEventLoop.java:458)
	at org.apache.ratis.thirdparty.io.netty.util.concurrent.SingleThreadEventExecutor$5.run(SingleThreadEventExecutor.java:897)
	at org.apache.ratis.thirdparty.io.netty.util.concurrent.FastThreadLocalRunnable.run(FastThreadLocalRunnable.java:30)
	... 1 more
Caused by: java.net.ConnectException: Connection refused
	... 11 more
2019-08-27 09:00:00,717 [c23e5a6c-3b1c-4356-87ef-9558e93e4bf7:group-7C7B7DF1FA2A:LeaderElection148] INFO  impl.RaftServerImpl (RaftServerImpl.java:setRole(171)) - c23e5a6c-3b1c-4356-87ef-9558e93e4bf7:group-7C7B7DF1FA2A changes role from CANDIDATE to FOLLOWER at term 5 for DISCOVERED_A_NEW_TERM
2019-08-27 09:00:00,717 [c23e5a6c-3b1c-4356-87ef-9558e93e4bf7:group-7C7B7DF1FA2A:LeaderElection148] INFO  impl.RoleInfo (RoleInfo.java:shutdownLeaderElection(134)) - c23e5a6c-3b1c-4356-87ef-9558e93e4bf7: shutdown LeaderElection
2019-08-27 09:00:00,717 [c23e5a6c-3b1c-4356-87ef-9558e93e4bf7:group-7C7B7DF1FA2A:LeaderElection148] INFO  impl.RoleInfo (RoleInfo.java:updateAndGet(143)) - c23e5a6c-3b1c-4356-87ef-9558e93e4bf7: start FollowerState
2019-08-27 09:00:00,790 [ForkJoinPool.commonPool-worker-1] INFO  ozoneimpl.OzoneContainer (OzoneContainer.java:stop(199)) - Attempting to stop container services.
2019-08-27 09:00:00,791 [ForkJoinPool.commonPool-worker-1] INFO  impl.RaftServerProxy (RaftServerProxy.java:lambda$close$4(314)) - c23e5a6c-3b1c-4356-87ef-9558e93e4bf7: close
2019-08-27 09:00:00,791 [ForkJoinPool.commonPool-worker-1] INFO  impl.RaftServerImpl (RaftServerImpl.java:lambda$shutdown$3(245)) - c23e5a6c-3b1c-4356-87ef-9558e93e4bf7: shutdown group-7E108266D69A
2019-08-27 09:00:00,791 [main] INFO  ozoneimpl.OzoneContainer (OzoneContainer.java:stop(199)) - Attempting to stop container services.
2019-08-27 09:00:00,791 [ForkJoinPool.commonPool-worker-1] INFO  util.JmxRegister (JmxRegister.java:unregister(73)) - Successfully un-registered JMX Bean with object name Ratis:service=RaftServer,group=group-7E108266D69A,id=c23e5a6c-3b1c-4356-87ef-9558e93e4bf7
2019-08-27 09:00:00,792 [main] INFO  impl.RaftServerProxy (RaftServerProxy.java:lambda$close$4(314)) - 82911ef2-faee-43a5-9a1d-aeefe797784b: close
2019-08-27 09:00:00,792 [ForkJoinPool.commonPool-worker-1] INFO  impl.RoleInfo (RoleInfo.java:shutdownLeaderState(104)) - c23e5a6c-3b1c-4356-87ef-9558e93e4bf7: shutdown LeaderState
2019-08-27 09:00:00,792 [main] INFO  impl.RaftServerImpl (RaftServerImpl.java:lambda$shutdown$3(245)) - 82911ef2-faee-43a5-9a1d-aeefe797784b: shutdown group-9BDE53BF1F89
2019-08-27 09:00:00,793 [ForkJoinPool.commonPool-worker-1] INFO  impl.PendingRequests (PendingRequests.java:sendNotLeaderResponses(202)) - c23e5a6c-3b1c-4356-87ef-9558e93e4bf7-PendingRequests: sendNotLeaderResponses
2019-08-27 09:00:00,793 [main] INFO  util.JmxRegister (JmxRegister.java:unregister(73)) - Successfully un-registered JMX Bean with object name Ratis:service=RaftServer,group=group-9BDE53BF1F89,id=82911ef2-faee-43a5-9a1d-aeefe797784b
2019-08-27 09:00:00,793 [ForkJoinPool.commonPool-worker-1] INFO  impl.StateMachineUpdater (StateMachineUpdater.java:stopAndJoin(115)) - StateMachineUpdater:c23e5a6c-3b1c-4356-87ef-9558e93e4bf7:group-7E108266D69A: set stopIndex = 0
2019-08-27 09:00:00,794 [main] INFO  impl.RoleInfo (RoleInfo.java:shutdownFollowerState(121)) - 82911ef2-faee-43a5-9a1d-aeefe797784b: shutdown FollowerState
2019-08-27 09:00:00,794 [ForkJoinPool.commonPool-worker-1] INFO  impl.RaftServerImpl (ServerState.java:close(394)) - c23e5a6c-3b1c-4356-87ef-9558e93e4bf7:group-7E108266D69A closes. The last applied log index is 0
2019-08-27 09:00:00,794 [Thread-4093] INFO  impl.FollowerState (FollowerState.java:run(114)) - 82911ef2-faee-43a5-9a1d-aeefe797784b: FollowerState was interrupted: java.lang.InterruptedException: sleep interrupted
2019-08-27 09:00:00,794 [main] INFO  impl.StateMachineUpdater (StateMachineUpdater.java:stopAndJoin(115)) - StateMachineUpdater:82911ef2-faee-43a5-9a1d-aeefe797784b:group-9BDE53BF1F89: set stopIndex = 0
2019-08-27 09:00:00,795 [c23e5a6c-3b1c-4356-87ef-9558e93e4bf7-SegmentedRaftLogWorker:Storage Directory /workdir/hadoop-ozone/integration-test/target/test-dir/MiniOzoneClusterImpl-5fa0230b-2e3b-4574-a1d1-aab0eaf0b74a/datanode-4/data/ratis/0cd387dd-0176-4ff3-9175-7e108266d69a] INFO  segmented.SegmentedRaftLogWorker (SegmentedRaftLogWorker.java:run(313)) - c23e5a6c-3b1c-4356-87ef-9558e93e4bf7-SegmentedRaftLogWorker:Storage Directory /workdir/hadoop-ozone/integration-test/target/test-dir/MiniOzoneClusterImpl-5fa0230b-2e3b-4574-a1d1-aab0eaf0b74a/datanode-4/data/ratis/0cd387dd-0176-4ff3-9175-7e108266d69a was interrupted, exiting. There are 0 tasks remaining in the queue.
2019-08-27 09:00:00,795 [main] INFO  impl.RaftServerImpl (ServerState.java:close(394)) - 82911ef2-faee-43a5-9a1d-aeefe797784b:group-9BDE53BF1F89 closes. The last applied log index is 0
2019-08-27 09:00:00,797 [ForkJoinPool.commonPool-worker-1] INFO  segmented.SegmentedRaftLogWorker (SegmentedRaftLogWorker.java:close(228)) - c23e5a6c-3b1c-4356-87ef-9558e93e4bf7-SegmentedRaftLogWorker:Storage Directory /workdir/hadoop-ozone/integration-test/target/test-dir/MiniOzoneClusterImpl-5fa0230b-2e3b-4574-a1d1-aab0eaf0b74a/datanode-4/data/ratis/0cd387dd-0176-4ff3-9175-7e108266d69a close()
2019-08-27 09:00:00,797 [82911ef2-faee-43a5-9a1d-aeefe797784b-SegmentedRaftLogWorker:Storage Directory /workdir/hadoop-ozone/integration-test/target/test-dir/MiniOzoneClusterImpl-5fa0230b-2e3b-4574-a1d1-aab0eaf0b74a/datanode-8/data/ratis/9303588b-cf83-416f-8dbd-9bde53bf1f89] INFO  segmented.SegmentedRaftLogWorker (SegmentedRaftLogWorker.java:run(313)) - 82911ef2-faee-43a5-9a1d-aeefe797784b-SegmentedRaftLogWorker:Storage Directory /workdir/hadoop-ozone/integration-test/target/test-dir/MiniOzoneClusterImpl-5fa0230b-2e3b-4574-a1d1-aab0eaf0b74a/datanode-8/data/ratis/9303588b-cf83-416f-8dbd-9bde53bf1f89 was interrupted, exiting. There are 0 tasks remaining in the queue.
2019-08-27 09:00:00,804 [ForkJoinPool.commonPool-worker-1] INFO  impl.RaftServerImpl (RaftServerImpl.java:lambda$shutdown$3(245)) - c23e5a6c-3b1c-4356-87ef-9558e93e4bf7: shutdown group-7C7B7DF1FA2A
2019-08-27 09:00:00,804 [main] INFO  segmented.SegmentedRaftLogWorker (SegmentedRaftLogWorker.java:close(228)) - 82911ef2-faee-43a5-9a1d-aeefe797784b-SegmentedRaftLogWorker:Storage Directory /workdir/hadoop-ozone/integration-test/target/test-dir/MiniOzoneClusterImpl-5fa0230b-2e3b-4574-a1d1-aab0eaf0b74a/datanode-8/data/ratis/9303588b-cf83-416f-8dbd-9bde53bf1f89 close()
2019-08-27 09:00:00,804 [ForkJoinPool.commonPool-worker-1] INFO  util.JmxRegister (JmxRegister.java:unregister(73)) - Successfully un-registered JMX Bean with object name Ratis:service=RaftServer,group=group-7C7B7DF1FA2A,id=c23e5a6c-3b1c-4356-87ef-9558e93e4bf7
2019-08-27 09:00:00,807 [main] INFO  impl.RaftServerImpl (RaftServerImpl.java:lambda$shutdown$3(245)) - 82911ef2-faee-43a5-9a1d-aeefe797784b: shutdown group-BA8887B2158D
2019-08-27 09:00:00,807 [ForkJoinPool.commonPool-worker-1] INFO  impl.RoleInfo (RoleInfo.java:shutdownFollowerState(121)) - c23e5a6c-3b1c-4356-87ef-9558e93e4bf7: shutdown FollowerState
2019-08-27 09:00:00,807 [main] INFO  util.JmxRegister (JmxRegister.java:unregister(73)) - Successfully un-registered JMX Bean with object name Ratis:service=RaftServer,group=group-BA8887B2158D,id=82911ef2-faee-43a5-9a1d-aeefe797784b
2019-08-27 09:00:00,807 [StateMachineUpdater:c23e5a6c-3b1c-4356-87ef-9558e93e4bf7:group-7C7B7DF1FA2A] INFO  ratis.ContainerStateMachine (ContainerStateMachine.java:takeSnapshot(283)) - group-7C7B7DF1FA2A: Taking a snapshot at:(t:1, i:8) file /workdir/hadoop-ozone/integration-test/target/test-dir/MiniOzoneClusterImpl-5fa0230b-2e3b-4574-a1d1-aab0eaf0b74a/datanode-4/data/ratis/52a28dc6-fa60-479a-a53d-7c7b7df1fa2a/sm/snapshot.1_8
2019-08-27 09:00:00,807 [Thread-4321] INFO  impl.FollowerState (FollowerState.java:run(114)) - c23e5a6c-3b1c-4356-87ef-9558e93e4bf7: FollowerState was interrupted: java.lang.InterruptedException: sleep interrupted
2019-08-27 09:00:00,807 [ForkJoinPool.commonPool-worker-1] INFO  impl.StateMachineUpdater (StateMachineUpdater.java:stopAndJoin(115)) - StateMachineUpdater:c23e5a6c-3b1c-4356-87ef-9558e93e4bf7:group-7C7B7DF1FA2A: set stopIndex = 12
2019-08-27 09:00:00,807 [main] INFO  impl.RoleInfo (RoleInfo.java:shutdownLeaderState(104)) - 82911ef2-faee-43a5-9a1d-aeefe797784b: shutdown LeaderState
2019-08-27 09:00:00,808 [main] INFO  impl.PendingRequests (PendingRequests.java:sendNotLeaderResponses(202)) - 82911ef2-faee-43a5-9a1d-aeefe797784b-PendingRequests: sendNotLeaderResponses
2019-08-27 09:00:00,808 [main] INFO  impl.StateMachineUpdater (StateMachineUpdater.java:stopAndJoin(115)) - StateMachineUpdater:82911ef2-faee-43a5-9a1d-aeefe797784b:group-BA8887B2158D: set stopIndex = 0
2019-08-27 09:00:00,809 [main] INFO  impl.RaftServerImpl (ServerState.java:close(394)) - 82911ef2-faee-43a5-9a1d-aeefe797784b:group-BA8887B2158D closes. The last applied log index is 0
2019-08-27 09:00:00,809 [82911ef2-faee-43a5-9a1d-aeefe797784b-SegmentedRaftLogWorker:Storage Directory /workdir/hadoop-ozone/integration-test/target/test-dir/MiniOzoneClusterImpl-5fa0230b-2e3b-4574-a1d1-aab0eaf0b74a/datanode-8/data/ratis/c5469fe1-2700-4f07-960b-ba8887b2158d] INFO  segmented.SegmentedRaftLogWorker (SegmentedRaftLogWorker.java:run(313)) - 82911ef2-faee-43a5-9a1d-aeefe797784b-SegmentedRaftLogWorker:Storage Directory /workdir/hadoop-ozone/integration-test/target/test-dir/MiniOzoneClusterImpl-5fa0230b-2e3b-4574-a1d1-aab0eaf0b74a/datanode-8/data/ratis/c5469fe1-2700-4f07-960b-ba8887b2158d was interrupted, exiting. There are 0 tasks remaining in the queue.
2019-08-27 09:00:00,809 [main] INFO  segmented.SegmentedRaftLogWorker (SegmentedRaftLogWorker.java:close(228)) - 82911ef2-faee-43a5-9a1d-aeefe797784b-SegmentedRaftLogWorker:Storage Directory /workdir/hadoop-ozone/integration-test/target/test-dir/MiniOzoneClusterImpl-5fa0230b-2e3b-4574-a1d1-aab0eaf0b74a/datanode-8/data/ratis/c5469fe1-2700-4f07-960b-ba8887b2158d close()
2019-08-27 09:00:00,812 [main] INFO  server.GrpcService (GrpcService.java:closeImpl(155)) - 82911ef2-faee-43a5-9a1d-aeefe797784b: shutdown server with port 33806 now
2019-08-27 09:00:00,812 [grpc-default-executor-10] WARN  server.GrpcServerProtocolService (LogUtils.java:warn(134)) - 82911ef2-faee-43a5-9a1d-aeefe797784b: appendEntries onError: org.apache.ratis.thirdparty.io.grpc.StatusRuntimeException: CANCELLED: cancelled before receiving half close
2019-08-27 09:00:00,812 [main] INFO  server.GrpcService (GrpcService.java:closeImpl(163)) - 82911ef2-faee-43a5-9a1d-aeefe797784b: shutdown server with port 33806 successfully
2019-08-27 09:00:00,812 [grpc-default-executor-10] WARN  server.GrpcLogAppender (LogUtils.java:warn(134)) - a728ac9e-8b42-42b3-9e87-ec98a1f6c46a->82911ef2-faee-43a5-9a1d-aeefe797784b: Failed appendEntries: org.apache.ratis.thirdparty.io.grpc.StatusRuntimeException: CANCELLED: HTTP/2 error code: CANCEL
Received Rst Stream
2019-08-27 09:00:00,814 [grpc-default-executor-10] INFO  impl.FollowerInfo (FollowerInfo.java:lambda$new$0(50)) - a728ac9e-8b42-42b3-9e87-ec98a1f6c46a->82911ef2-faee-43a5-9a1d-aeefe797784b: nextIndex: updateUnconditionally 1 -> 0
2019-08-27 09:00:00,816 [main] INFO  utils.BackgroundService (BackgroundService.java:shutdown(148)) - Shutting down service BlockDeletingService
2019-08-27 09:00:00,819 [refreshUsed-/workdir/hadoop-ozone/integration-test/target/test-dir/MiniOzoneClusterImpl-5fa0230b-2e3b-4574-a1d1-aab0eaf0b74a/datanode-8/data/containers] WARN  fs.CachingGetSpaceUsed (CachingGetSpaceUsed.java:run(183)) - Thread Interrupted waiting to refresh disk information: sleep interrupted
2019-08-27 09:00:00,821 [StateMachineUpdater:c23e5a6c-3b1c-4356-87ef-9558e93e4bf7:group-7C7B7DF1FA2A] INFO  ratis.ContainerStateMachine (ContainerStateMachine.java:takeSnapshot(294)) - group-7C7B7DF1FA2A: Finished taking a snapshot at:(t:1, i:8) file:/workdir/hadoop-ozone/integration-test/target/test-dir/MiniOzoneClusterImpl-5fa0230b-2e3b-4574-a1d1-aab0eaf0b74a/datanode-4/data/ratis/52a28dc6-fa60-479a-a53d-7c7b7df1fa2a/sm/snapshot.1_8 time:13
2019-08-27 09:00:00,821 [StateMachineUpdater:c23e5a6c-3b1c-4356-87ef-9558e93e4bf7:group-7C7B7DF1FA2A] INFO  impl.StateMachineUpdater (StateMachineUpdater.java:takeSnapshot(242)) - StateMachineUpdater:c23e5a6c-3b1c-4356-87ef-9558e93e4bf7:group-7C7B7DF1FA2A: Took a snapshot at index 8
2019-08-27 09:00:00,821 [StateMachineUpdater:c23e5a6c-3b1c-4356-87ef-9558e93e4bf7:group-7C7B7DF1FA2A] INFO  impl.StateMachineUpdater (StateMachineUpdater.java:lambda$new$0(80)) - StateMachineUpdater:c23e5a6c-3b1c-4356-87ef-9558e93e4bf7:group-7C7B7DF1FA2A: snapshotIndex: updateIncreasingly -1 -> 8
2019-08-27 09:00:00,821 [ForkJoinPool.commonPool-worker-1] INFO  impl.RaftServerImpl (ServerState.java:close(394)) - c23e5a6c-3b1c-4356-87ef-9558e93e4bf7:group-7C7B7DF1FA2A closes. The last applied log index is 12
2019-08-27 09:00:00,822 [c23e5a6c-3b1c-4356-87ef-9558e93e4bf7-SegmentedRaftLogWorker:Storage Directory /workdir/hadoop-ozone/integration-test/target/test-dir/MiniOzoneClusterImpl-5fa0230b-2e3b-4574-a1d1-aab0eaf0b74a/datanode-4/data/ratis/52a28dc6-fa60-479a-a53d-7c7b7df1fa2a] INFO  segmented.SegmentedRaftLogWorker (SegmentedRaftLogWorker.java:run(313)) - c23e5a6c-3b1c-4356-87ef-9558e93e4bf7-SegmentedRaftLogWorker:Storage Directory /workdir/hadoop-ozone/integration-test/target/test-dir/MiniOzoneClusterImpl-5fa0230b-2e3b-4574-a1d1-aab0eaf0b74a/datanode-4/data/ratis/52a28dc6-fa60-479a-a53d-7c7b7df1fa2a was interrupted, exiting. There are 0 tasks remaining in the queue.
2019-08-27 09:00:00,822 [ForkJoinPool.commonPool-worker-1] INFO  segmented.SegmentedRaftLogWorker (SegmentedRaftLogWorker.java:close(228)) - c23e5a6c-3b1c-4356-87ef-9558e93e4bf7-SegmentedRaftLogWorker:Storage Directory /workdir/hadoop-ozone/integration-test/target/test-dir/MiniOzoneClusterImpl-5fa0230b-2e3b-4574-a1d1-aab0eaf0b74a/datanode-4/data/ratis/52a28dc6-fa60-479a-a53d-7c7b7df1fa2a close()
2019-08-27 09:00:00,823 [ForkJoinPool.commonPool-worker-1] INFO  server.GrpcService (GrpcService.java:closeImpl(155)) - c23e5a6c-3b1c-4356-87ef-9558e93e4bf7: shutdown server with port 35583 now
2019-08-27 09:00:00,823 [ForkJoinPool.commonPool-worker-1] INFO  server.GrpcService (GrpcService.java:closeImpl(163)) - c23e5a6c-3b1c-4356-87ef-9558e93e4bf7: shutdown server with port 35583 successfully
2019-08-27 09:00:00,826 [ForkJoinPool.commonPool-worker-1] INFO  utils.BackgroundService (BackgroundService.java:shutdown(148)) - Shutting down service BlockDeletingService
2019-08-27 09:00:00,828 [refreshUsed-/workdir/hadoop-ozone/integration-test/target/test-dir/MiniOzoneClusterImpl-5fa0230b-2e3b-4574-a1d1-aab0eaf0b74a/datanode-4/data/containers] WARN  fs.CachingGetSpaceUsed (CachingGetSpaceUsed.java:run(183)) - Thread Interrupted waiting to refresh disk information: sleep interrupted
2019-08-27 09:00:00,835 [main] INFO  statemachine.DatanodeStateMachine (DatanodeStateMachine.java:stopDaemon(395)) - Ozone container server stopped.
2019-08-27 09:00:00,836 [main] INFO  handler.ContextHandler (ContextHandler.java:doStop(910)) - Stopped o.e.j.w.WebAppContext@83ec0b0{/,null,UNAVAILABLE}{/hddsDatanode}
2019-08-27 09:00:00,836 [main] INFO  server.AbstractConnector (AbstractConnector.java:doStop(318)) - Stopped ServerConnector@4ab4b4cd{HTTP/1.1,[http/1.1]}{0.0.0.0:0}
2019-08-27 09:00:00,836 [main] INFO  handler.ContextHandler (ContextHandler.java:doStop(910)) - Stopped o.e.j.s.ServletContextHandler@3564caf8{/static,jar:file:/home/user/.m2/repository/org/apache/hadoop/hadoop-hdds-container-service/0.5.0-SNAPSHOT/hadoop-hdds-container-service-0.5.0-SNAPSHOT.jar!/webapps/static,UNAVAILABLE}
2019-08-27 09:00:00,837 [main] INFO  handler.ContextHandler (ContextHandler.java:doStop(910)) - Stopped o.e.j.s.ServletContextHandler@7b78c40d{/logs,file:///workdir/hadoop-ozone/integration-test/target/log,UNAVAILABLE}
2019-08-27 09:00:00,838 [main] INFO  datanode.ObjectStoreHandler (ObjectStoreHandler.java:close(155)) - Closing ObjectStoreHandler.
2019-08-27 09:00:00,838 [main] INFO  ozone.HddsDatanodeService (HddsDatanodeService.java:stop(451)) - Stopped plug-in org.apache.hadoop.ozone.web.OzoneHddsDatanodeService@2ace94ff
2019-08-27 09:00:00,843 [ForkJoinPool.commonPool-worker-1] INFO  statemachine.DatanodeStateMachine (DatanodeStateMachine.java:stopDaemon(395)) - Ozone container server stopped.
2019-08-27 09:00:00,845 [ForkJoinPool.commonPool-worker-1] INFO  handler.ContextHandler (ContextHandler.java:doStop(910)) - Stopped o.e.j.w.WebAppContext@37669c4{/,null,UNAVAILABLE}{/hddsDatanode}
2019-08-27 09:00:00,845 [ForkJoinPool.commonPool-worker-1] INFO  server.AbstractConnector (AbstractConnector.java:doStop(318)) - Stopped ServerConnector@1e3469df{HTTP/1.1,[http/1.1]}{0.0.0.0:0}
2019-08-27 09:00:00,847 [ForkJoinPool.commonPool-worker-1] INFO  handler.ContextHandler (ContextHandler.java:doStop(910)) - Stopped o.e.j.s.ServletContextHandler@22ff53d1{/static,jar:file:/home/user/.m2/repository/org/apache/hadoop/hadoop-hdds-container-service/0.5.0-SNAPSHOT/hadoop-hdds-container-service-0.5.0-SNAPSHOT.jar!/webapps/static,UNAVAILABLE}
2019-08-27 09:00:00,848 [ForkJoinPool.commonPool-worker-1] INFO  handler.ContextHandler (ContextHandler.java:doStop(910)) - Stopped o.e.j.s.ServletContextHandler@7cad6289{/logs,file:///workdir/hadoop-ozone/integration-test/target/log,UNAVAILABLE}
2019-08-27 09:00:00,849 [ForkJoinPool.commonPool-worker-1] INFO  datanode.ObjectStoreHandler (ObjectStoreHandler.java:close(155)) - Closing ObjectStoreHandler.
2019-08-27 09:00:00,849 [ForkJoinPool.commonPool-worker-1] INFO  ozone.HddsDatanodeService (HddsDatanodeService.java:stop(451)) - Stopped plug-in org.apache.hadoop.ozone.web.OzoneHddsDatanodeService@53a2dbf2
2019-08-27 09:00:00,967 [grpc-default-executor-10] WARN  server.GrpcLogAppender (LogUtils.java:warn(134)) - 4418b26a-a5e5-4792-b343-154b02de43dd->e2fc1c3c-e5fc-4e6c-82aa-5ea8b9bf1eb5: Failed appendEntries: org.apache.ratis.thirdparty.io.grpc.StatusRuntimeException: UNAVAILABLE: io exception
2019-08-27 09:00:00,967 [grpc-default-executor-10] INFO  impl.FollowerInfo (FollowerInfo.java:lambda$new$0(50)) - 4418b26a-a5e5-4792-b343-154b02de43dd->e2fc1c3c-e5fc-4e6c-82aa-5ea8b9bf1eb5: nextIndex: updateUnconditionally 0 -> 0
2019-08-27 09:00:00,987 [grpc-default-executor-13] WARN  server.GrpcLogAppender (LogUtils.java:warn(134)) - a728ac9e-8b42-42b3-9e87-ec98a1f6c46a->521aeba6-88aa-48b7-8766-3f4d75ba2df1: Failed appendEntries: org.apache.ratis.thirdparty.io.grpc.StatusRuntimeException: UNAVAILABLE: io exception
2019-08-27 09:00:00,987 [grpc-default-executor-13] INFO  impl.FollowerInfo (FollowerInfo.java:lambda$new$0(50)) - a728ac9e-8b42-42b3-9e87-ec98a1f6c46a->521aeba6-88aa-48b7-8766-3f4d75ba2df1: nextIndex: updateUnconditionally 0 -> 0
2019-08-27 09:00:00,997 [grpc-default-executor-10] WARN  server.GrpcLogAppender (LogUtils.java:warn(134)) - a728ac9e-8b42-42b3-9e87-ec98a1f6c46a->82911ef2-faee-43a5-9a1d-aeefe797784b: Failed appendEntries: org.apache.ratis.thirdparty.io.grpc.StatusRuntimeException: UNAVAILABLE: io exception
2019-08-27 09:00:00,998 [grpc-default-executor-10] INFO  impl.FollowerInfo (FollowerInfo.java:lambda$new$0(50)) - a728ac9e-8b42-42b3-9e87-ec98a1f6c46a->82911ef2-faee-43a5-9a1d-aeefe797784b: nextIndex: updateUnconditionally 0 -> 0
2019-08-27 09:00:01,015 | INFO  | SCMAudit | user=jenkins1000 | ip=192.168.34.1 | op=SEND_HEARTBEAT {datanodeUUID=a728ac9e-8b42-42b3-9e87-ec98a1f6c46a, command=[]} | ret=SUCCESS |  
2019-08-27 09:00:01,339 [Datanode State Machine Thread - 0] INFO  statemachine.DatanodeStateMachine (DatanodeStateMachine.java:lambda$startDaemon$0(350)) - Ozone container server started.
2019-08-27 09:00:01,339 [Datanode State Machine Thread - 0] INFO  statemachine.DatanodeStateMachine (DatanodeStateMachine.java:lambda$startDaemon$0(350)) - Ozone container server started.
2019-08-27 09:00:01,467 [grpc-default-executor-5] WARN  server.GrpcLogAppender (LogUtils.java:warn(134)) - 4418b26a-a5e5-4792-b343-154b02de43dd->e2fc1c3c-e5fc-4e6c-82aa-5ea8b9bf1eb5: Failed appendEntries: org.apache.ratis.thirdparty.io.grpc.StatusRuntimeException: UNAVAILABLE: io exception
2019-08-27 09:00:01,467 [grpc-default-executor-5] INFO  impl.FollowerInfo (FollowerInfo.java:lambda$new$0(50)) - 4418b26a-a5e5-4792-b343-154b02de43dd->e2fc1c3c-e5fc-4e6c-82aa-5ea8b9bf1eb5: nextIndex: updateUnconditionally 0 -> 0
2019-08-27 09:00:01,487 [grpc-default-executor-13] WARN  server.GrpcLogAppender (LogUtils.java:warn(134)) - a728ac9e-8b42-42b3-9e87-ec98a1f6c46a->521aeba6-88aa-48b7-8766-3f4d75ba2df1: Failed appendEntries: org.apache.ratis.thirdparty.io.grpc.StatusRuntimeException: UNAVAILABLE: io exception
2019-08-27 09:00:01,487 [grpc-default-executor-13] INFO  impl.FollowerInfo (FollowerInfo.java:lambda$new$0(50)) - a728ac9e-8b42-42b3-9e87-ec98a1f6c46a->521aeba6-88aa-48b7-8766-3f4d75ba2df1: nextIndex: updateUnconditionally 0 -> 0
2019-08-27 09:00:01,497 [grpc-default-executor-5] WARN  server.GrpcLogAppender (LogUtils.java:warn(134)) - a728ac9e-8b42-42b3-9e87-ec98a1f6c46a->82911ef2-faee-43a5-9a1d-aeefe797784b: Failed appendEntries: org.apache.ratis.thirdparty.io.grpc.StatusRuntimeException: UNAVAILABLE: io exception
2019-08-27 09:00:01,498 [grpc-default-executor-5] INFO  impl.FollowerInfo (FollowerInfo.java:lambda$new$0(50)) - a728ac9e-8b42-42b3-9e87-ec98a1f6c46a->82911ef2-faee-43a5-9a1d-aeefe797784b: nextIndex: updateUnconditionally 0 -> 0
2019-08-27 09:00:01,968 [grpc-default-executor-5] WARN  server.GrpcLogAppender (LogUtils.java:warn(134)) - 4418b26a-a5e5-4792-b343-154b02de43dd->e2fc1c3c-e5fc-4e6c-82aa-5ea8b9bf1eb5: Failed appendEntries: org.apache.ratis.thirdparty.io.grpc.StatusRuntimeException: UNAVAILABLE: io exception
2019-08-27 09:00:01,968 [grpc-default-executor-5] INFO  impl.FollowerInfo (FollowerInfo.java:lambda$new$0(50)) - 4418b26a-a5e5-4792-b343-154b02de43dd->e2fc1c3c-e5fc-4e6c-82aa-5ea8b9bf1eb5: nextIndex: updateUnconditionally 0 -> 0
2019-08-27 09:00:01,987 [grpc-default-executor-10] WARN  server.GrpcLogAppender (LogUtils.java:warn(134)) - a728ac9e-8b42-42b3-9e87-ec98a1f6c46a->521aeba6-88aa-48b7-8766-3f4d75ba2df1: Failed appendEntries: org.apache.ratis.thirdparty.io.grpc.StatusRuntimeException: UNAVAILABLE: io exception
2019-08-27 09:00:01,987 [grpc-default-executor-10] INFO  impl.FollowerInfo (FollowerInfo.java:lambda$new$0(50)) - a728ac9e-8b42-42b3-9e87-ec98a1f6c46a->521aeba6-88aa-48b7-8766-3f4d75ba2df1: nextIndex: updateUnconditionally 0 -> 0
2019-08-27 09:00:01,998 [grpc-default-executor-10] WARN  server.GrpcLogAppender (LogUtils.java:warn(134)) - a728ac9e-8b42-42b3-9e87-ec98a1f6c46a->82911ef2-faee-43a5-9a1d-aeefe797784b: Failed appendEntries: org.apache.ratis.thirdparty.io.grpc.StatusRuntimeException: UNAVAILABLE: io exception
2019-08-27 09:00:01,998 [grpc-default-executor-10] INFO  impl.FollowerInfo (FollowerInfo.java:lambda$new$0(50)) - a728ac9e-8b42-42b3-9e87-ec98a1f6c46a->82911ef2-faee-43a5-9a1d-aeefe797784b: nextIndex: updateUnconditionally 0 -> 0
2019-08-27 09:00:02,014 | INFO  | SCMAudit | user=jenkins1000 | ip=192.168.34.1 | op=SEND_HEARTBEAT {datanodeUUID=a728ac9e-8b42-42b3-9e87-ec98a1f6c46a, command=[]} | ret=SUCCESS |  
2019-08-27 09:00:02,468 [grpc-default-executor-13] WARN  server.GrpcLogAppender (LogUtils.java:warn(134)) - 4418b26a-a5e5-4792-b343-154b02de43dd->e2fc1c3c-e5fc-4e6c-82aa-5ea8b9bf1eb5: Failed appendEntries: org.apache.ratis.thirdparty.io.grpc.StatusRuntimeException: UNAVAILABLE: io exception
2019-08-27 09:00:02,468 [grpc-default-executor-13] INFO  impl.FollowerInfo (FollowerInfo.java:lambda$new$0(50)) - 4418b26a-a5e5-4792-b343-154b02de43dd->e2fc1c3c-e5fc-4e6c-82aa-5ea8b9bf1eb5: nextIndex: updateUnconditionally 0 -> 0
2019-08-27 09:00:02,488 [grpc-default-executor-10] WARN  server.GrpcLogAppender (LogUtils.java:warn(134)) - a728ac9e-8b42-42b3-9e87-ec98a1f6c46a->521aeba6-88aa-48b7-8766-3f4d75ba2df1: Failed appendEntries: org.apache.ratis.thirdparty.io.grpc.StatusRuntimeException: UNAVAILABLE: io exception
2019-08-27 09:00:02,488 [grpc-default-executor-10] INFO  impl.FollowerInfo (FollowerInfo.java:lambda$new$0(50)) - a728ac9e-8b42-42b3-9e87-ec98a1f6c46a->521aeba6-88aa-48b7-8766-3f4d75ba2df1: nextIndex: updateUnconditionally 0 -> 0
2019-08-27 09:00:02,498 [grpc-default-executor-5] WARN  server.GrpcLogAppender (LogUtils.java:warn(134)) - a728ac9e-8b42-42b3-9e87-ec98a1f6c46a->82911ef2-faee-43a5-9a1d-aeefe797784b: Failed appendEntries: org.apache.ratis.thirdparty.io.grpc.StatusRuntimeException: UNAVAILABLE: io exception
2019-08-27 09:00:02,498 [grpc-default-executor-5] INFO  impl.FollowerInfo (FollowerInfo.java:lambda$new$0(50)) - a728ac9e-8b42-42b3-9e87-ec98a1f6c46a->82911ef2-faee-43a5-9a1d-aeefe797784b: nextIndex: updateUnconditionally 0 -> 0
2019-08-27 09:00:02,969 [grpc-default-executor-13] WARN  server.GrpcLogAppender (LogUtils.java:warn(134)) - 4418b26a-a5e5-4792-b343-154b02de43dd->e2fc1c3c-e5fc-4e6c-82aa-5ea8b9bf1eb5: Failed appendEntries: org.apache.ratis.thirdparty.io.grpc.StatusRuntimeException: UNAVAILABLE: io exception
2019-08-27 09:00:02,969 [grpc-default-executor-13] INFO  impl.FollowerInfo (FollowerInfo.java:lambda$new$0(50)) - 4418b26a-a5e5-4792-b343-154b02de43dd->e2fc1c3c-e5fc-4e6c-82aa-5ea8b9bf1eb5: nextIndex: updateUnconditionally 0 -> 0
2019-08-27 09:00:02,988 [grpc-default-executor-13] WARN  server.GrpcLogAppender (LogUtils.java:warn(134)) - a728ac9e-8b42-42b3-9e87-ec98a1f6c46a->521aeba6-88aa-48b7-8766-3f4d75ba2df1: Failed appendEntries: org.apache.ratis.thirdparty.io.grpc.StatusRuntimeException: UNAVAILABLE: io exception
2019-08-27 09:00:02,988 [grpc-default-executor-13] INFO  impl.FollowerInfo (FollowerInfo.java:lambda$new$0(50)) - a728ac9e-8b42-42b3-9e87-ec98a1f6c46a->521aeba6-88aa-48b7-8766-3f4d75ba2df1: nextIndex: updateUnconditionally 0 -> 0
2019-08-27 09:00:02,999 [grpc-default-executor-13] WARN  server.GrpcLogAppender (LogUtils.java:warn(134)) - a728ac9e-8b42-42b3-9e87-ec98a1f6c46a->82911ef2-faee-43a5-9a1d-aeefe797784b: Failed appendEntries: org.apache.ratis.thirdparty.io.grpc.StatusRuntimeException: UNAVAILABLE: io exception
2019-08-27 09:00:02,999 [grpc-default-executor-13] INFO  impl.FollowerInfo (FollowerInfo.java:lambda$new$0(50)) - a728ac9e-8b42-42b3-9e87-ec98a1f6c46a->82911ef2-faee-43a5-9a1d-aeefe797784b: nextIndex: updateUnconditionally 0 -> 0
2019-08-27 09:00:03,014 | INFO  | SCMAudit | user=jenkins1000 | ip=192.168.34.1 | op=SEND_HEARTBEAT {datanodeUUID=a728ac9e-8b42-42b3-9e87-ec98a1f6c46a, command=[]} | ret=SUCCESS |  
2019-08-27 09:00:03,469 [grpc-default-executor-10] WARN  server.GrpcLogAppender (LogUtils.java:warn(134)) - 4418b26a-a5e5-4792-b343-154b02de43dd->e2fc1c3c-e5fc-4e6c-82aa-5ea8b9bf1eb5: Failed appendEntries: org.apache.ratis.thirdparty.io.grpc.StatusRuntimeException: UNAVAILABLE: io exception
2019-08-27 09:00:03,470 [grpc-default-executor-10] INFO  impl.FollowerInfo (FollowerInfo.java:lambda$new$0(50)) - 4418b26a-a5e5-4792-b343-154b02de43dd->e2fc1c3c-e5fc-4e6c-82aa-5ea8b9bf1eb5: nextIndex: updateUnconditionally 0 -> 0
2019-08-27 09:00:03,489 [grpc-default-executor-5] WARN  server.GrpcLogAppender (LogUtils.java:warn(134)) - a728ac9e-8b42-42b3-9e87-ec98a1f6c46a->521aeba6-88aa-48b7-8766-3f4d75ba2df1: Failed appendEntries: org.apache.ratis.thirdparty.io.grpc.StatusRuntimeException: UNAVAILABLE: io exception
2019-08-27 09:00:03,489 [grpc-default-executor-5] INFO  impl.FollowerInfo (FollowerInfo.java:lambda$new$0(50)) - a728ac9e-8b42-42b3-9e87-ec98a1f6c46a->521aeba6-88aa-48b7-8766-3f4d75ba2df1: nextIndex: updateUnconditionally 0 -> 0
2019-08-27 09:00:03,499 [grpc-default-executor-13] WARN  server.GrpcLogAppender (LogUtils.java:warn(134)) - a728ac9e-8b42-42b3-9e87-ec98a1f6c46a->82911ef2-faee-43a5-9a1d-aeefe797784b: Failed appendEntries: org.apache.ratis.thirdparty.io.grpc.StatusRuntimeException: UNAVAILABLE: io exception
2019-08-27 09:00:03,499 [grpc-default-executor-13] INFO  impl.FollowerInfo (FollowerInfo.java:lambda$new$0(50)) - a728ac9e-8b42-42b3-9e87-ec98a1f6c46a->82911ef2-faee-43a5-9a1d-aeefe797784b: nextIndex: updateUnconditionally 0 -> 0
2019-08-27 09:00:03,970 [grpc-default-executor-13] WARN  server.GrpcLogAppender (LogUtils.java:warn(134)) - 4418b26a-a5e5-4792-b343-154b02de43dd->e2fc1c3c-e5fc-4e6c-82aa-5ea8b9bf1eb5: Failed appendEntries: org.apache.ratis.thirdparty.io.grpc.StatusRuntimeException: UNAVAILABLE: io exception
2019-08-27 09:00:03,970 [grpc-default-executor-13] INFO  impl.FollowerInfo (FollowerInfo.java:lambda$new$0(50)) - 4418b26a-a5e5-4792-b343-154b02de43dd->e2fc1c3c-e5fc-4e6c-82aa-5ea8b9bf1eb5: nextIndex: updateUnconditionally 0 -> 0
2019-08-27 09:00:03,989 [grpc-default-executor-13] WARN  server.GrpcLogAppender (LogUtils.java:warn(134)) - a728ac9e-8b42-42b3-9e87-ec98a1f6c46a->521aeba6-88aa-48b7-8766-3f4d75ba2df1: Failed appendEntries: org.apache.ratis.thirdparty.io.grpc.StatusRuntimeException: UNAVAILABLE: io exception
2019-08-27 09:00:03,989 [grpc-default-executor-13] INFO  impl.FollowerInfo (FollowerInfo.java:lambda$new$0(50)) - a728ac9e-8b42-42b3-9e87-ec98a1f6c46a->521aeba6-88aa-48b7-8766-3f4d75ba2df1: nextIndex: updateUnconditionally 0 -> 0
2019-08-27 09:00:04,000 [grpc-default-executor-13] WARN  server.GrpcLogAppender (LogUtils.java:warn(134)) - a728ac9e-8b42-42b3-9e87-ec98a1f6c46a->82911ef2-faee-43a5-9a1d-aeefe797784b: Failed appendEntries: org.apache.ratis.thirdparty.io.grpc.StatusRuntimeException: UNAVAILABLE: io exception
2019-08-27 09:00:04,000 [grpc-default-executor-13] INFO  impl.FollowerInfo (FollowerInfo.java:lambda$new$0(50)) - a728ac9e-8b42-42b3-9e87-ec98a1f6c46a->82911ef2-faee-43a5-9a1d-aeefe797784b: nextIndex: updateUnconditionally 0 -> 0
2019-08-27 09:00:04,014 | INFO  | SCMAudit | user=jenkins1000 | ip=192.168.34.1 | op=SEND_HEARTBEAT {datanodeUUID=a728ac9e-8b42-42b3-9e87-ec98a1f6c46a, command=[]} | ret=SUCCESS |  
2019-08-27 09:00:04,470 [grpc-default-executor-10] WARN  server.GrpcLogAppender (LogUtils.java:warn(134)) - 4418b26a-a5e5-4792-b343-154b02de43dd->e2fc1c3c-e5fc-4e6c-82aa-5ea8b9bf1eb5: Failed appendEntries: org.apache.ratis.thirdparty.io.grpc.StatusRuntimeException: UNAVAILABLE: io exception
2019-08-27 09:00:04,470 [grpc-default-executor-10] INFO  impl.FollowerInfo (FollowerInfo.java:lambda$new$0(50)) - 4418b26a-a5e5-4792-b343-154b02de43dd->e2fc1c3c-e5fc-4e6c-82aa-5ea8b9bf1eb5: nextIndex: updateUnconditionally 0 -> 0
2019-08-27 09:00:04,489 [grpc-default-executor-13] WARN  server.GrpcLogAppender (LogUtils.java:warn(134)) - a728ac9e-8b42-42b3-9e87-ec98a1f6c46a->521aeba6-88aa-48b7-8766-3f4d75ba2df1: Failed appendEntries: org.apache.ratis.thirdparty.io.grpc.StatusRuntimeException: UNAVAILABLE: io exception
2019-08-27 09:00:04,490 [grpc-default-executor-13] INFO  impl.FollowerInfo (FollowerInfo.java:lambda$new$0(50)) - a728ac9e-8b42-42b3-9e87-ec98a1f6c46a->521aeba6-88aa-48b7-8766-3f4d75ba2df1: nextIndex: updateUnconditionally 0 -> 0
2019-08-27 09:00:04,500 [grpc-default-executor-13] WARN  server.GrpcLogAppender (LogUtils.java:warn(134)) - a728ac9e-8b42-42b3-9e87-ec98a1f6c46a->82911ef2-faee-43a5-9a1d-aeefe797784b: Failed appendEntries: org.apache.ratis.thirdparty.io.grpc.StatusRuntimeException: UNAVAILABLE: io exception
2019-08-27 09:00:04,500 [grpc-default-executor-13] INFO  impl.FollowerInfo (FollowerInfo.java:lambda$new$0(50)) - a728ac9e-8b42-42b3-9e87-ec98a1f6c46a->82911ef2-faee-43a5-9a1d-aeefe797784b: nextIndex: updateUnconditionally 0 -> 0
2019-08-27 09:00:04,971 [grpc-default-executor-13] WARN  server.GrpcLogAppender (LogUtils.java:warn(134)) - 4418b26a-a5e5-4792-b343-154b02de43dd->e2fc1c3c-e5fc-4e6c-82aa-5ea8b9bf1eb5: Failed appendEntries: org.apache.ratis.thirdparty.io.grpc.StatusRuntimeException: UNAVAILABLE: io exception
2019-08-27 09:00:04,971 [grpc-default-executor-13] INFO  impl.FollowerInfo (FollowerInfo.java:lambda$new$0(50)) - 4418b26a-a5e5-4792-b343-154b02de43dd->e2fc1c3c-e5fc-4e6c-82aa-5ea8b9bf1eb5: nextIndex: updateUnconditionally 0 -> 0
2019-08-27 09:00:04,990 [grpc-default-executor-13] WARN  server.GrpcLogAppender (LogUtils.java:warn(134)) - a728ac9e-8b42-42b3-9e87-ec98a1f6c46a->521aeba6-88aa-48b7-8766-3f4d75ba2df1: Failed appendEntries: org.apache.ratis.thirdparty.io.grpc.StatusRuntimeException: UNAVAILABLE: io exception
2019-08-27 09:00:04,990 [grpc-default-executor-13] INFO  impl.FollowerInfo (FollowerInfo.java:lambda$new$0(50)) - a728ac9e-8b42-42b3-9e87-ec98a1f6c46a->521aeba6-88aa-48b7-8766-3f4d75ba2df1: nextIndex: updateUnconditionally 0 -> 0
2019-08-27 09:00:05,000 [grpc-default-executor-13] WARN  server.GrpcLogAppender (LogUtils.java:warn(134)) - a728ac9e-8b42-42b3-9e87-ec98a1f6c46a->82911ef2-faee-43a5-9a1d-aeefe797784b: Failed appendEntries: org.apache.ratis.thirdparty.io.grpc.StatusRuntimeException: UNAVAILABLE: io exception
2019-08-27 09:00:05,000 [grpc-default-executor-13] INFO  impl.FollowerInfo (FollowerInfo.java:lambda$new$0(50)) - a728ac9e-8b42-42b3-9e87-ec98a1f6c46a->82911ef2-faee-43a5-9a1d-aeefe797784b: nextIndex: updateUnconditionally 0 -> 0
2019-08-27 09:00:05,014 | INFO  | SCMAudit | user=jenkins1000 | ip=192.168.34.1 | op=SEND_HEARTBEAT {datanodeUUID=a728ac9e-8b42-42b3-9e87-ec98a1f6c46a, command=[]} | ret=SUCCESS |  
2019-08-27 09:00:05,471 [grpc-default-executor-13] WARN  server.GrpcLogAppender (LogUtils.java:warn(134)) - 4418b26a-a5e5-4792-b343-154b02de43dd->e2fc1c3c-e5fc-4e6c-82aa-5ea8b9bf1eb5: Failed appendEntries: org.apache.ratis.thirdparty.io.grpc.StatusRuntimeException: UNAVAILABLE: io exception
2019-08-27 09:00:05,471 [grpc-default-executor-13] INFO  impl.FollowerInfo (FollowerInfo.java:lambda$new$0(50)) - 4418b26a-a5e5-4792-b343-154b02de43dd->e2fc1c3c-e5fc-4e6c-82aa-5ea8b9bf1eb5: nextIndex: updateUnconditionally 0 -> 0
2019-08-27 09:00:05,490 [grpc-default-executor-5] WARN  server.GrpcLogAppender (LogUtils.java:warn(134)) - a728ac9e-8b42-42b3-9e87-ec98a1f6c46a->521aeba6-88aa-48b7-8766-3f4d75ba2df1: Failed appendEntries: org.apache.ratis.thirdparty.io.grpc.StatusRuntimeException: UNAVAILABLE: io exception
2019-08-27 09:00:05,491 [grpc-default-executor-5] INFO  impl.FollowerInfo (FollowerInfo.java:lambda$new$0(50)) - a728ac9e-8b42-42b3-9e87-ec98a1f6c46a->521aeba6-88aa-48b7-8766-3f4d75ba2df1: nextIndex: updateUnconditionally 0 -> 0
2019-08-27 09:00:05,501 [grpc-default-executor-10] WARN  server.GrpcLogAppender (LogUtils.java:warn(134)) - a728ac9e-8b42-42b3-9e87-ec98a1f6c46a->82911ef2-faee-43a5-9a1d-aeefe797784b: Failed appendEntries: org.apache.ratis.thirdparty.io.grpc.StatusRuntimeException: UNAVAILABLE: io exception
2019-08-27 09:00:05,501 [grpc-default-executor-10] INFO  impl.FollowerInfo (FollowerInfo.java:lambda$new$0(50)) - a728ac9e-8b42-42b3-9e87-ec98a1f6c46a->82911ef2-faee-43a5-9a1d-aeefe797784b: nextIndex: updateUnconditionally 0 -> 0
2019-08-27 09:00:05,839 [main] INFO  ozoneimpl.OzoneContainer (OzoneContainer.java:stop(199)) - Attempting to stop container services.
2019-08-27 09:00:05,839 [main] INFO  impl.RaftServerProxy (RaftServerProxy.java:lambda$close$4(314)) - 4418b26a-a5e5-4792-b343-154b02de43dd: close
2019-08-27 09:00:05,839 [main] INFO  impl.RaftServerImpl (RaftServerImpl.java:lambda$shutdown$3(245)) - 4418b26a-a5e5-4792-b343-154b02de43dd: shutdown group-FD56A270C3EE
2019-08-27 09:00:05,839 [main] INFO  util.JmxRegister (JmxRegister.java:unregister(73)) - Successfully un-registered JMX Bean with object name Ratis:service=RaftServer,group=group-FD56A270C3EE,id=4418b26a-a5e5-4792-b343-154b02de43dd
2019-08-27 09:00:05,840 [main] INFO  impl.RoleInfo (RoleInfo.java:shutdownLeaderState(104)) - 4418b26a-a5e5-4792-b343-154b02de43dd: shutdown LeaderState
2019-08-27 09:00:05,849 [main] INFO  impl.PendingRequests (PendingRequests.java:sendNotLeaderResponses(202)) - 4418b26a-a5e5-4792-b343-154b02de43dd-PendingRequests: sendNotLeaderResponses
2019-08-27 09:00:05,849 [org.apache.ratis.server.impl.LogAppender$AppenderDaemon$$Lambda$531/1030378757@7345a315] WARN  server.GrpcLogAppender (GrpcLogAppender.java:mayWait(143)) - GrpcLogAppender(4418b26a-a5e5-4792-b343-154b02de43dd->83ad8e3f-e813-4fa1-9b9c-8cd3f6d9b12a): Wait interrupted by java.lang.InterruptedException
2019-08-27 09:00:05,849 [org.apache.ratis.server.impl.LogAppender$AppenderDaemon$$Lambda$531/1030378757@36473bb9] WARN  server.GrpcLogAppender (GrpcLogAppender.java:mayWait(143)) - GrpcLogAppender(4418b26a-a5e5-4792-b343-154b02de43dd->e2fc1c3c-e5fc-4e6c-82aa-5ea8b9bf1eb5): Wait interrupted by java.lang.InterruptedException
2019-08-27 09:00:05,855 [main] INFO  impl.StateMachineUpdater (StateMachineUpdater.java:stopAndJoin(115)) - StateMachineUpdater:4418b26a-a5e5-4792-b343-154b02de43dd:group-FD56A270C3EE: set stopIndex = 2
2019-08-27 09:00:05,856 [StateMachineUpdater:4418b26a-a5e5-4792-b343-154b02de43dd:group-FD56A270C3EE] INFO  ratis.ContainerStateMachine (ContainerStateMachine.java:takeSnapshot(283)) - group-FD56A270C3EE: Taking a snapshot at:(t:1, i:1) file /workdir/hadoop-ozone/integration-test/target/test-dir/MiniOzoneClusterImpl-5fa0230b-2e3b-4574-a1d1-aab0eaf0b74a/datanode-9/data/ratis/48182f6a-c132-4916-82ba-fd56a270c3ee/sm/snapshot.1_1
2019-08-27 09:00:05,856 [grpc-default-executor-10] INFO  server.GrpcServerProtocolService (GrpcServerProtocolService.java:onCompleted(104)) - 83ad8e3f-e813-4fa1-9b9c-8cd3f6d9b12a: appendEntries completed
2019-08-27 09:00:05,856 [ForkJoinPool.commonPool-worker-1] INFO  ozoneimpl.OzoneContainer (OzoneContainer.java:stop(199)) - Attempting to stop container services.
2019-08-27 09:00:05,857 [grpc-default-executor-10] INFO  server.GrpcLogAppender (GrpcLogAppender.java:onCompleted(292)) - 4418b26a-a5e5-4792-b343-154b02de43dd->83ad8e3f-e813-4fa1-9b9c-8cd3f6d9b12a: follower responses appendEntries COMPLETED
2019-08-27 09:00:05,857 [ForkJoinPool.commonPool-worker-1] INFO  impl.RaftServerProxy (RaftServerProxy.java:lambda$close$4(314)) - 83ad8e3f-e813-4fa1-9b9c-8cd3f6d9b12a: close
2019-08-27 09:00:05,857 [grpc-default-executor-10] INFO  impl.FollowerInfo (FollowerInfo.java:lambda$new$0(50)) - 4418b26a-a5e5-4792-b343-154b02de43dd->83ad8e3f-e813-4fa1-9b9c-8cd3f6d9b12a: nextIndex: updateUnconditionally 3 -> 2
2019-08-27 09:00:05,857 [ForkJoinPool.commonPool-worker-1] INFO  impl.RaftServerImpl (RaftServerImpl.java:lambda$shutdown$3(245)) - 83ad8e3f-e813-4fa1-9b9c-8cd3f6d9b12a: shutdown group-FD56A270C3EE
2019-08-27 09:00:05,857 [ForkJoinPool.commonPool-worker-1] INFO  util.JmxRegister (JmxRegister.java:unregister(73)) - Successfully un-registered JMX Bean with object name Ratis:service=RaftServer,group=group-FD56A270C3EE,id=83ad8e3f-e813-4fa1-9b9c-8cd3f6d9b12a
2019-08-27 09:00:05,858 [ForkJoinPool.commonPool-worker-1] INFO  impl.RoleInfo (RoleInfo.java:shutdownFollowerState(121)) - 83ad8e3f-e813-4fa1-9b9c-8cd3f6d9b12a: shutdown FollowerState
2019-08-27 09:00:05,858 [ForkJoinPool.commonPool-worker-1] INFO  impl.StateMachineUpdater (StateMachineUpdater.java:stopAndJoin(115)) - StateMachineUpdater:83ad8e3f-e813-4fa1-9b9c-8cd3f6d9b12a:group-FD56A270C3EE: set stopIndex = 2
2019-08-27 09:00:05,858 [StateMachineUpdater:83ad8e3f-e813-4fa1-9b9c-8cd3f6d9b12a:group-FD56A270C3EE] INFO  ratis.ContainerStateMachine (ContainerStateMachine.java:takeSnapshot(283)) - group-FD56A270C3EE: Taking a snapshot at:(t:1, i:1) file /workdir/hadoop-ozone/integration-test/target/test-dir/MiniOzoneClusterImpl-5fa0230b-2e3b-4574-a1d1-aab0eaf0b74a/datanode-0/data/ratis/48182f6a-c132-4916-82ba-fd56a270c3ee/sm/snapshot.1_1
2019-08-27 09:00:05,858 [Thread-3763] INFO  impl.FollowerState (FollowerState.java:run(114)) - 83ad8e3f-e813-4fa1-9b9c-8cd3f6d9b12a: FollowerState was interrupted: java.lang.InterruptedException: sleep interrupted
2019-08-27 09:00:05,868 [StateMachineUpdater:4418b26a-a5e5-4792-b343-154b02de43dd:group-FD56A270C3EE] INFO  ratis.ContainerStateMachine (ContainerStateMachine.java:takeSnapshot(294)) - group-FD56A270C3EE: Finished taking a snapshot at:(t:1, i:1) file:/workdir/hadoop-ozone/integration-test/target/test-dir/MiniOzoneClusterImpl-5fa0230b-2e3b-4574-a1d1-aab0eaf0b74a/datanode-9/data/ratis/48182f6a-c132-4916-82ba-fd56a270c3ee/sm/snapshot.1_1 time:12
2019-08-27 09:00:05,868 [StateMachineUpdater:4418b26a-a5e5-4792-b343-154b02de43dd:group-FD56A270C3EE] INFO  impl.StateMachineUpdater (StateMachineUpdater.java:takeSnapshot(242)) - StateMachineUpdater:4418b26a-a5e5-4792-b343-154b02de43dd:group-FD56A270C3EE: Took a snapshot at index 1
2019-08-27 09:00:05,868 [StateMachineUpdater:83ad8e3f-e813-4fa1-9b9c-8cd3f6d9b12a:group-FD56A270C3EE] INFO  ratis.ContainerStateMachine (ContainerStateMachine.java:takeSnapshot(294)) - group-FD56A270C3EE: Finished taking a snapshot at:(t:1, i:1) file:/workdir/hadoop-ozone/integration-test/target/test-dir/MiniOzoneClusterImpl-5fa0230b-2e3b-4574-a1d1-aab0eaf0b74a/datanode-0/data/ratis/48182f6a-c132-4916-82ba-fd56a270c3ee/sm/snapshot.1_1 time:11
2019-08-27 09:00:05,868 [StateMachineUpdater:4418b26a-a5e5-4792-b343-154b02de43dd:group-FD56A270C3EE] INFO  impl.StateMachineUpdater (StateMachineUpdater.java:lambda$new$0(80)) - StateMachineUpdater:4418b26a-a5e5-4792-b343-154b02de43dd:group-FD56A270C3EE: snapshotIndex: updateIncreasingly -1 -> 1
2019-08-27 09:00:05,868 [StateMachineUpdater:83ad8e3f-e813-4fa1-9b9c-8cd3f6d9b12a:group-FD56A270C3EE] INFO  impl.StateMachineUpdater (StateMachineUpdater.java:takeSnapshot(242)) - StateMachineUpdater:83ad8e3f-e813-4fa1-9b9c-8cd3f6d9b12a:group-FD56A270C3EE: Took a snapshot at index 1
2019-08-27 09:00:05,869 [StateMachineUpdater:83ad8e3f-e813-4fa1-9b9c-8cd3f6d9b12a:group-FD56A270C3EE] INFO  impl.StateMachineUpdater (StateMachineUpdater.java:lambda$new$0(80)) - StateMachineUpdater:83ad8e3f-e813-4fa1-9b9c-8cd3f6d9b12a:group-FD56A270C3EE: snapshotIndex: updateIncreasingly -1 -> 1
2019-08-27 09:00:05,869 [main] INFO  impl.RaftServerImpl (ServerState.java:close(394)) - 4418b26a-a5e5-4792-b343-154b02de43dd:group-FD56A270C3EE closes. The last applied log index is 2
2019-08-27 09:00:05,869 [ForkJoinPool.commonPool-worker-1] INFO  impl.RaftServerImpl (ServerState.java:close(394)) - 83ad8e3f-e813-4fa1-9b9c-8cd3f6d9b12a:group-FD56A270C3EE closes. The last applied log index is 2
2019-08-27 09:00:05,869 [4418b26a-a5e5-4792-b343-154b02de43dd-SegmentedRaftLogWorker:Storage Directory /workdir/hadoop-ozone/integration-test/target/test-dir/MiniOzoneClusterImpl-5fa0230b-2e3b-4574-a1d1-aab0eaf0b74a/datanode-9/data/ratis/48182f6a-c132-4916-82ba-fd56a270c3ee] INFO  segmented.SegmentedRaftLogWorker (SegmentedRaftLogWorker.java:run(313)) - 4418b26a-a5e5-4792-b343-154b02de43dd-SegmentedRaftLogWorker:Storage Directory /workdir/hadoop-ozone/integration-test/target/test-dir/MiniOzoneClusterImpl-5fa0230b-2e3b-4574-a1d1-aab0eaf0b74a/datanode-9/data/ratis/48182f6a-c132-4916-82ba-fd56a270c3ee was interrupted, exiting. There are 0 tasks remaining in the queue.
2019-08-27 09:00:05,870 [83ad8e3f-e813-4fa1-9b9c-8cd3f6d9b12a-SegmentedRaftLogWorker:Storage Directory /workdir/hadoop-ozone/integration-test/target/test-dir/MiniOzoneClusterImpl-5fa0230b-2e3b-4574-a1d1-aab0eaf0b74a/datanode-0/data/ratis/48182f6a-c132-4916-82ba-fd56a270c3ee] INFO  segmented.SegmentedRaftLogWorker (SegmentedRaftLogWorker.java:run(313)) - 83ad8e3f-e813-4fa1-9b9c-8cd3f6d9b12a-SegmentedRaftLogWorker:Storage Directory /workdir/hadoop-ozone/integration-test/target/test-dir/MiniOzoneClusterImpl-5fa0230b-2e3b-4574-a1d1-aab0eaf0b74a/datanode-0/data/ratis/48182f6a-c132-4916-82ba-fd56a270c3ee was interrupted, exiting. There are 0 tasks remaining in the queue.
2019-08-27 09:00:05,870 [main] INFO  segmented.SegmentedRaftLogWorker (SegmentedRaftLogWorker.java:close(228)) - 4418b26a-a5e5-4792-b343-154b02de43dd-SegmentedRaftLogWorker:Storage Directory /workdir/hadoop-ozone/integration-test/target/test-dir/MiniOzoneClusterImpl-5fa0230b-2e3b-4574-a1d1-aab0eaf0b74a/datanode-9/data/ratis/48182f6a-c132-4916-82ba-fd56a270c3ee close()
2019-08-27 09:00:05,870 [ForkJoinPool.commonPool-worker-1] INFO  segmented.SegmentedRaftLogWorker (SegmentedRaftLogWorker.java:close(228)) - 83ad8e3f-e813-4fa1-9b9c-8cd3f6d9b12a-SegmentedRaftLogWorker:Storage Directory /workdir/hadoop-ozone/integration-test/target/test-dir/MiniOzoneClusterImpl-5fa0230b-2e3b-4574-a1d1-aab0eaf0b74a/datanode-0/data/ratis/48182f6a-c132-4916-82ba-fd56a270c3ee close()
2019-08-27 09:00:05,872 [main] INFO  impl.RaftServerImpl (RaftServerImpl.java:lambda$shutdown$3(245)) - 4418b26a-a5e5-4792-b343-154b02de43dd: shutdown group-BE3F8BD500CC
2019-08-27 09:00:05,873 [ForkJoinPool.commonPool-worker-1] INFO  impl.RaftServerImpl (RaftServerImpl.java:lambda$shutdown$3(245)) - 83ad8e3f-e813-4fa1-9b9c-8cd3f6d9b12a: shutdown group-74C3B2D94B1C
2019-08-27 09:00:05,873 [main] INFO  util.JmxRegister (JmxRegister.java:unregister(73)) - Successfully un-registered JMX Bean with object name Ratis:service=RaftServer,group=group-BE3F8BD500CC,id=4418b26a-a5e5-4792-b343-154b02de43dd
2019-08-27 09:00:05,874 [ForkJoinPool.commonPool-worker-1] INFO  util.JmxRegister (JmxRegister.java:unregister(73)) - Successfully un-registered JMX Bean with object name Ratis:service=RaftServer,group=group-74C3B2D94B1C,id=83ad8e3f-e813-4fa1-9b9c-8cd3f6d9b12a
2019-08-27 09:00:05,874 [main] INFO  impl.RoleInfo (RoleInfo.java:shutdownLeaderState(104)) - 4418b26a-a5e5-4792-b343-154b02de43dd: shutdown LeaderState
2019-08-27 09:00:05,874 [ForkJoinPool.commonPool-worker-1] INFO  impl.RoleInfo (RoleInfo.java:shutdownLeaderState(104)) - 83ad8e3f-e813-4fa1-9b9c-8cd3f6d9b12a: shutdown LeaderState
2019-08-27 09:00:05,875 [main] INFO  impl.PendingRequests (PendingRequests.java:sendNotLeaderResponses(202)) - 4418b26a-a5e5-4792-b343-154b02de43dd-PendingRequests: sendNotLeaderResponses
2019-08-27 09:00:05,875 [ForkJoinPool.commonPool-worker-1] INFO  impl.PendingRequests (PendingRequests.java:sendNotLeaderResponses(202)) - 83ad8e3f-e813-4fa1-9b9c-8cd3f6d9b12a-PendingRequests: sendNotLeaderResponses
2019-08-27 09:00:05,875 [main] INFO  impl.StateMachineUpdater (StateMachineUpdater.java:stopAndJoin(115)) - StateMachineUpdater:4418b26a-a5e5-4792-b343-154b02de43dd:group-BE3F8BD500CC: set stopIndex = 0
2019-08-27 09:00:05,876 [ForkJoinPool.commonPool-worker-1] INFO  impl.StateMachineUpdater (StateMachineUpdater.java:stopAndJoin(115)) - StateMachineUpdater:83ad8e3f-e813-4fa1-9b9c-8cd3f6d9b12a:group-74C3B2D94B1C: set stopIndex = 0
2019-08-27 09:00:05,876 [main] INFO  impl.RaftServerImpl (ServerState.java:close(394)) - 4418b26a-a5e5-4792-b343-154b02de43dd:group-BE3F8BD500CC closes. The last applied log index is 0
2019-08-27 09:00:05,876 [ForkJoinPool.commonPool-worker-1] INFO  impl.RaftServerImpl (ServerState.java:close(394)) - 83ad8e3f-e813-4fa1-9b9c-8cd3f6d9b12a:group-74C3B2D94B1C closes. The last applied log index is 0
2019-08-27 09:00:05,876 [4418b26a-a5e5-4792-b343-154b02de43dd-SegmentedRaftLogWorker:Storage Directory /workdir/hadoop-ozone/integration-test/target/test-dir/MiniOzoneClusterImpl-5fa0230b-2e3b-4574-a1d1-aab0eaf0b74a/datanode-9/data/ratis/81109abf-e465-42f4-97a2-be3f8bd500cc] INFO  segmented.SegmentedRaftLogWorker (SegmentedRaftLogWorker.java:run(313)) - 4418b26a-a5e5-4792-b343-154b02de43dd-SegmentedRaftLogWorker:Storage Directory /workdir/hadoop-ozone/integration-test/target/test-dir/MiniOzoneClusterImpl-5fa0230b-2e3b-4574-a1d1-aab0eaf0b74a/datanode-9/data/ratis/81109abf-e465-42f4-97a2-be3f8bd500cc was interrupted, exiting. There are 0 tasks remaining in the queue.
2019-08-27 09:00:05,877 [83ad8e3f-e813-4fa1-9b9c-8cd3f6d9b12a-SegmentedRaftLogWorker:Storage Directory /workdir/hadoop-ozone/integration-test/target/test-dir/MiniOzoneClusterImpl-5fa0230b-2e3b-4574-a1d1-aab0eaf0b74a/datanode-0/data/ratis/0e077bf6-c050-4063-bc1d-74c3b2d94b1c] INFO  segmented.SegmentedRaftLogWorker (SegmentedRaftLogWorker.java:run(313)) - 83ad8e3f-e813-4fa1-9b9c-8cd3f6d9b12a-SegmentedRaftLogWorker:Storage Directory /workdir/hadoop-ozone/integration-test/target/test-dir/MiniOzoneClusterImpl-5fa0230b-2e3b-4574-a1d1-aab0eaf0b74a/datanode-0/data/ratis/0e077bf6-c050-4063-bc1d-74c3b2d94b1c was interrupted, exiting. There are 0 tasks remaining in the queue.
2019-08-27 09:00:05,877 [main] INFO  segmented.SegmentedRaftLogWorker (SegmentedRaftLogWorker.java:close(228)) - 4418b26a-a5e5-4792-b343-154b02de43dd-SegmentedRaftLogWorker:Storage Directory /workdir/hadoop-ozone/integration-test/target/test-dir/MiniOzoneClusterImpl-5fa0230b-2e3b-4574-a1d1-aab0eaf0b74a/datanode-9/data/ratis/81109abf-e465-42f4-97a2-be3f8bd500cc close()
2019-08-27 09:00:05,877 [ForkJoinPool.commonPool-worker-1] INFO  segmented.SegmentedRaftLogWorker (SegmentedRaftLogWorker.java:close(228)) - 83ad8e3f-e813-4fa1-9b9c-8cd3f6d9b12a-SegmentedRaftLogWorker:Storage Directory /workdir/hadoop-ozone/integration-test/target/test-dir/MiniOzoneClusterImpl-5fa0230b-2e3b-4574-a1d1-aab0eaf0b74a/datanode-0/data/ratis/0e077bf6-c050-4063-bc1d-74c3b2d94b1c close()
2019-08-27 09:00:05,878 [main] INFO  server.GrpcService (GrpcService.java:closeImpl(155)) - 4418b26a-a5e5-4792-b343-154b02de43dd: shutdown server with port 34061 now
2019-08-27 09:00:05,879 [ForkJoinPool.commonPool-worker-1] INFO  server.GrpcService (GrpcService.java:closeImpl(155)) - 83ad8e3f-e813-4fa1-9b9c-8cd3f6d9b12a: shutdown server with port 44924 now
2019-08-27 09:00:05,880 [main] INFO  server.GrpcService (GrpcService.java:closeImpl(163)) - 4418b26a-a5e5-4792-b343-154b02de43dd: shutdown server with port 34061 successfully
2019-08-27 09:00:05,880 [ForkJoinPool.commonPool-worker-1] INFO  server.GrpcService (GrpcService.java:closeImpl(163)) - 83ad8e3f-e813-4fa1-9b9c-8cd3f6d9b12a: shutdown server with port 44924 successfully
2019-08-27 09:00:05,882 [ForkJoinPool.commonPool-worker-1] INFO  utils.BackgroundService (BackgroundService.java:shutdown(148)) - Shutting down service BlockDeletingService
2019-08-27 09:00:05,882 [main] INFO  utils.BackgroundService (BackgroundService.java:shutdown(148)) - Shutting down service BlockDeletingService
2019-08-27 09:00:05,883 [refreshUsed-/workdir/hadoop-ozone/integration-test/target/test-dir/MiniOzoneClusterImpl-5fa0230b-2e3b-4574-a1d1-aab0eaf0b74a/datanode-9/data/containers] WARN  fs.CachingGetSpaceUsed (CachingGetSpaceUsed.java:run(183)) - Thread Interrupted waiting to refresh disk information: sleep interrupted
2019-08-27 09:00:05,883 [refreshUsed-/workdir/hadoop-ozone/integration-test/target/test-dir/MiniOzoneClusterImpl-5fa0230b-2e3b-4574-a1d1-aab0eaf0b74a/datanode-0/data/containers] WARN  fs.CachingGetSpaceUsed (CachingGetSpaceUsed.java:run(183)) - Thread Interrupted waiting to refresh disk information: sleep interrupted
2019-08-27 09:00:05,900 [main] INFO  statemachine.DatanodeStateMachine (DatanodeStateMachine.java:stopDaemon(395)) - Ozone container server stopped.
2019-08-27 09:00:05,901 [main] INFO  handler.ContextHandler (ContextHandler.java:doStop(910)) - Stopped o.e.j.w.WebAppContext@5e05874c{/,null,UNAVAILABLE}{/hddsDatanode}
2019-08-27 09:00:05,902 [ForkJoinPool.commonPool-worker-1] INFO  statemachine.DatanodeStateMachine (DatanodeStateMachine.java:stopDaemon(395)) - Ozone container server stopped.
2019-08-27 09:00:05,903 [main] INFO  server.AbstractConnector (AbstractConnector.java:doStop(318)) - Stopped ServerConnector@5dca1c50{HTTP/1.1,[http/1.1]}{0.0.0.0:0}
2019-08-27 09:00:05,904 [main] INFO  handler.ContextHandler (ContextHandler.java:doStop(910)) - Stopped o.e.j.s.ServletContextHandler@81da6a3{/static,jar:file:/home/user/.m2/repository/org/apache/hadoop/hadoop-hdds-container-service/0.5.0-SNAPSHOT/hadoop-hdds-container-service-0.5.0-SNAPSHOT.jar!/webapps/static,UNAVAILABLE}
2019-08-27 09:00:05,904 [ForkJoinPool.commonPool-worker-1] INFO  handler.ContextHandler (ContextHandler.java:doStop(910)) - Stopped o.e.j.w.WebAppContext@4dd11699{/,null,UNAVAILABLE}{/hddsDatanode}
2019-08-27 09:00:05,904 [main] INFO  handler.ContextHandler (ContextHandler.java:doStop(910)) - Stopped o.e.j.s.ServletContextHandler@6074f8f9{/logs,file:///workdir/hadoop-ozone/integration-test/target/log,UNAVAILABLE}
2019-08-27 09:00:05,905 [ForkJoinPool.commonPool-worker-1] INFO  server.AbstractConnector (AbstractConnector.java:doStop(318)) - Stopped ServerConnector@3d805670{HTTP/1.1,[http/1.1]}{0.0.0.0:0}
2019-08-27 09:00:05,906 [ForkJoinPool.commonPool-worker-1] INFO  handler.ContextHandler (ContextHandler.java:doStop(910)) - Stopped o.e.j.s.ServletContextHandler@5c934077{/static,jar:file:/home/user/.m2/repository/org/apache/hadoop/hadoop-hdds-container-service/0.5.0-SNAPSHOT/hadoop-hdds-container-service-0.5.0-SNAPSHOT.jar!/webapps/static,UNAVAILABLE}
2019-08-27 09:00:05,906 [main] INFO  datanode.ObjectStoreHandler (ObjectStoreHandler.java:close(155)) - Closing ObjectStoreHandler.
2019-08-27 09:00:05,907 [ForkJoinPool.commonPool-worker-1] INFO  handler.ContextHandler (ContextHandler.java:doStop(910)) - Stopped o.e.j.s.ServletContextHandler@6722f81a{/logs,file:///workdir/hadoop-ozone/integration-test/target/log,UNAVAILABLE}
2019-08-27 09:00:05,907 [main] INFO  ozone.HddsDatanodeService (HddsDatanodeService.java:stop(451)) - Stopped plug-in org.apache.hadoop.ozone.web.OzoneHddsDatanodeService@6b732d6
2019-08-27 09:00:05,991 [grpc-default-executor-10] WARN  server.GrpcLogAppender (LogUtils.java:warn(134)) - a728ac9e-8b42-42b3-9e87-ec98a1f6c46a->521aeba6-88aa-48b7-8766-3f4d75ba2df1: Failed appendEntries: org.apache.ratis.thirdparty.io.grpc.StatusRuntimeException: UNAVAILABLE: io exception
2019-08-27 09:00:05,992 [grpc-default-executor-10] INFO  impl.FollowerInfo (FollowerInfo.java:lambda$new$0(50)) - a728ac9e-8b42-42b3-9e87-ec98a1f6c46a->521aeba6-88aa-48b7-8766-3f4d75ba2df1: nextIndex: updateUnconditionally 0 -> 0
2019-08-27 09:00:06,001 [grpc-default-executor-13] WARN  server.GrpcLogAppender (LogUtils.java:warn(134)) - a728ac9e-8b42-42b3-9e87-ec98a1f6c46a->82911ef2-faee-43a5-9a1d-aeefe797784b: Failed appendEntries: org.apache.ratis.thirdparty.io.grpc.StatusRuntimeException: UNAVAILABLE: io exception
2019-08-27 09:00:06,001 [grpc-default-executor-13] INFO  impl.FollowerInfo (FollowerInfo.java:lambda$new$0(50)) - a728ac9e-8b42-42b3-9e87-ec98a1f6c46a->82911ef2-faee-43a5-9a1d-aeefe797784b: nextIndex: updateUnconditionally 0 -> 0
2019-08-27 09:00:06,014 [Datanode State Machine Thread - 0] INFO  statemachine.DatanodeStateMachine (DatanodeStateMachine.java:lambda$startDaemon$0(350)) - Ozone container server started.
2019-08-27 09:00:06,492 [grpc-default-executor-10] WARN  server.GrpcLogAppender (LogUtils.java:warn(134)) - a728ac9e-8b42-42b3-9e87-ec98a1f6c46a->521aeba6-88aa-48b7-8766-3f4d75ba2df1: Failed appendEntries: org.apache.ratis.thirdparty.io.grpc.StatusRuntimeException: UNAVAILABLE: io exception
2019-08-27 09:00:06,492 [grpc-default-executor-10] INFO  impl.FollowerInfo (FollowerInfo.java:lambda$new$0(50)) - a728ac9e-8b42-42b3-9e87-ec98a1f6c46a->521aeba6-88aa-48b7-8766-3f4d75ba2df1: nextIndex: updateUnconditionally 0 -> 0
2019-08-27 09:00:06,501 [grpc-default-executor-5] WARN  server.GrpcLogAppender (LogUtils.java:warn(134)) - a728ac9e-8b42-42b3-9e87-ec98a1f6c46a->82911ef2-faee-43a5-9a1d-aeefe797784b: Failed appendEntries: org.apache.ratis.thirdparty.io.grpc.StatusRuntimeException: UNAVAILABLE: io exception
2019-08-27 09:00:06,502 [grpc-default-executor-5] INFO  impl.FollowerInfo (FollowerInfo.java:lambda$new$0(50)) - a728ac9e-8b42-42b3-9e87-ec98a1f6c46a->82911ef2-faee-43a5-9a1d-aeefe797784b: nextIndex: updateUnconditionally 0 -> 0
2019-08-27 09:00:06,992 [grpc-default-executor-13] WARN  server.GrpcLogAppender (LogUtils.java:warn(134)) - a728ac9e-8b42-42b3-9e87-ec98a1f6c46a->521aeba6-88aa-48b7-8766-3f4d75ba2df1: Failed appendEntries: org.apache.ratis.thirdparty.io.grpc.StatusRuntimeException: UNAVAILABLE: io exception
2019-08-27 09:00:06,992 [grpc-default-executor-13] INFO  impl.FollowerInfo (FollowerInfo.java:lambda$new$0(50)) - a728ac9e-8b42-42b3-9e87-ec98a1f6c46a->521aeba6-88aa-48b7-8766-3f4d75ba2df1: nextIndex: updateUnconditionally 0 -> 0
2019-08-27 09:00:07,002 [grpc-default-executor-13] WARN  server.GrpcLogAppender (LogUtils.java:warn(134)) - a728ac9e-8b42-42b3-9e87-ec98a1f6c46a->82911ef2-faee-43a5-9a1d-aeefe797784b: Failed appendEntries: org.apache.ratis.thirdparty.io.grpc.StatusRuntimeException: UNAVAILABLE: io exception
2019-08-27 09:00:07,002 [grpc-default-executor-13] INFO  impl.FollowerInfo (FollowerInfo.java:lambda$new$0(50)) - a728ac9e-8b42-42b3-9e87-ec98a1f6c46a->82911ef2-faee-43a5-9a1d-aeefe797784b: nextIndex: updateUnconditionally 0 -> 0
2019-08-27 09:00:07,492 [grpc-default-executor-13] WARN  server.GrpcLogAppender (LogUtils.java:warn(134)) - a728ac9e-8b42-42b3-9e87-ec98a1f6c46a->521aeba6-88aa-48b7-8766-3f4d75ba2df1: Failed appendEntries: org.apache.ratis.thirdparty.io.grpc.StatusRuntimeException: UNAVAILABLE: io exception
2019-08-27 09:00:07,493 [grpc-default-executor-13] INFO  impl.FollowerInfo (FollowerInfo.java:lambda$new$0(50)) - a728ac9e-8b42-42b3-9e87-ec98a1f6c46a->521aeba6-88aa-48b7-8766-3f4d75ba2df1: nextIndex: updateUnconditionally 0 -> 0
2019-08-27 09:00:07,502 [grpc-default-executor-13] WARN  server.GrpcLogAppender (LogUtils.java:warn(134)) - a728ac9e-8b42-42b3-9e87-ec98a1f6c46a->82911ef2-faee-43a5-9a1d-aeefe797784b: Failed appendEntries: org.apache.ratis.thirdparty.io.grpc.StatusRuntimeException: UNAVAILABLE: io exception
2019-08-27 09:00:07,502 [grpc-default-executor-13] INFO  impl.FollowerInfo (FollowerInfo.java:lambda$new$0(50)) - a728ac9e-8b42-42b3-9e87-ec98a1f6c46a->82911ef2-faee-43a5-9a1d-aeefe797784b: nextIndex: updateUnconditionally 0 -> 0
2019-08-27 09:00:07,993 [grpc-default-executor-5] WARN  server.GrpcLogAppender (LogUtils.java:warn(134)) - a728ac9e-8b42-42b3-9e87-ec98a1f6c46a->521aeba6-88aa-48b7-8766-3f4d75ba2df1: Failed appendEntries: org.apache.ratis.thirdparty.io.grpc.StatusRuntimeException: UNAVAILABLE: io exception
2019-08-27 09:00:07,993 [grpc-default-executor-5] INFO  impl.FollowerInfo (FollowerInfo.java:lambda$new$0(50)) - a728ac9e-8b42-42b3-9e87-ec98a1f6c46a->521aeba6-88aa-48b7-8766-3f4d75ba2df1: nextIndex: updateUnconditionally 0 -> 0
2019-08-27 09:00:08,003 [grpc-default-executor-13] WARN  server.GrpcLogAppender (LogUtils.java:warn(134)) - a728ac9e-8b42-42b3-9e87-ec98a1f6c46a->82911ef2-faee-43a5-9a1d-aeefe797784b: Failed appendEntries: org.apache.ratis.thirdparty.io.grpc.StatusRuntimeException: UNAVAILABLE: io exception
2019-08-27 09:00:08,003 [grpc-default-executor-13] INFO  impl.FollowerInfo (FollowerInfo.java:lambda$new$0(50)) - a728ac9e-8b42-42b3-9e87-ec98a1f6c46a->82911ef2-faee-43a5-9a1d-aeefe797784b: nextIndex: updateUnconditionally 0 -> 0
2019-08-27 09:00:08,493 [grpc-default-executor-10] WARN  server.GrpcLogAppender (LogUtils.java:warn(134)) - a728ac9e-8b42-42b3-9e87-ec98a1f6c46a->521aeba6-88aa-48b7-8766-3f4d75ba2df1: Failed appendEntries: org.apache.ratis.thirdparty.io.grpc.StatusRuntimeException: UNAVAILABLE: io exception
2019-08-27 09:00:08,493 [grpc-default-executor-10] INFO  impl.FollowerInfo (FollowerInfo.java:lambda$new$0(50)) - a728ac9e-8b42-42b3-9e87-ec98a1f6c46a->521aeba6-88aa-48b7-8766-3f4d75ba2df1: nextIndex: updateUnconditionally 0 -> 0
2019-08-27 09:00:08,503 [grpc-default-executor-13] WARN  server.GrpcLogAppender (LogUtils.java:warn(134)) - a728ac9e-8b42-42b3-9e87-ec98a1f6c46a->82911ef2-faee-43a5-9a1d-aeefe797784b: Failed appendEntries: org.apache.ratis.thirdparty.io.grpc.StatusRuntimeException: UNAVAILABLE: io exception
2019-08-27 09:00:08,503 [grpc-default-executor-13] INFO  impl.FollowerInfo (FollowerInfo.java:lambda$new$0(50)) - a728ac9e-8b42-42b3-9e87-ec98a1f6c46a->82911ef2-faee-43a5-9a1d-aeefe797784b: nextIndex: updateUnconditionally 0 -> 0
2019-08-27 09:00:08,994 [grpc-default-executor-5] WARN  server.GrpcLogAppender (LogUtils.java:warn(134)) - a728ac9e-8b42-42b3-9e87-ec98a1f6c46a->521aeba6-88aa-48b7-8766-3f4d75ba2df1: Failed appendEntries: org.apache.ratis.thirdparty.io.grpc.StatusRuntimeException: UNAVAILABLE: io exception
2019-08-27 09:00:08,994 [grpc-default-executor-5] INFO  impl.FollowerInfo (FollowerInfo.java:lambda$new$0(50)) - a728ac9e-8b42-42b3-9e87-ec98a1f6c46a->521aeba6-88aa-48b7-8766-3f4d75ba2df1: nextIndex: updateUnconditionally 0 -> 0
2019-08-27 09:00:09,003 [grpc-default-executor-10] WARN  server.GrpcLogAppender (LogUtils.java:warn(134)) - a728ac9e-8b42-42b3-9e87-ec98a1f6c46a->82911ef2-faee-43a5-9a1d-aeefe797784b: Failed appendEntries: org.apache.ratis.thirdparty.io.grpc.StatusRuntimeException: UNAVAILABLE: io exception
2019-08-27 09:00:09,004 [grpc-default-executor-10] INFO  impl.FollowerInfo (FollowerInfo.java:lambda$new$0(50)) - a728ac9e-8b42-42b3-9e87-ec98a1f6c46a->82911ef2-faee-43a5-9a1d-aeefe797784b: nextIndex: updateUnconditionally 0 -> 0
2019-08-27 09:00:09,494 [grpc-default-executor-10] WARN  server.GrpcLogAppender (LogUtils.java:warn(134)) - a728ac9e-8b42-42b3-9e87-ec98a1f6c46a->521aeba6-88aa-48b7-8766-3f4d75ba2df1: Failed appendEntries: org.apache.ratis.thirdparty.io.grpc.StatusRuntimeException: UNAVAILABLE: io exception
2019-08-27 09:00:09,494 [grpc-default-executor-10] INFO  impl.FollowerInfo (FollowerInfo.java:lambda$new$0(50)) - a728ac9e-8b42-42b3-9e87-ec98a1f6c46a->521aeba6-88aa-48b7-8766-3f4d75ba2df1: nextIndex: updateUnconditionally 0 -> 0
2019-08-27 09:00:09,495 [grpc-default-worker-ELG-3-4] WARN  nio.NioEventLoop (NioEventLoop.java:select(786)) - Selector.select() returned prematurely {} times in a row; rebuilding Selector {}.
2019-08-27 09:00:09,496 [grpc-default-worker-ELG-3-4] INFO  nio.NioEventLoop (NioEventLoop.java:rebuildSelector0(396)) - Migrated 0 channel(s) to the new Selector.
2019-08-27 09:00:09,504 [grpc-default-executor-10] WARN  server.GrpcLogAppender (LogUtils.java:warn(134)) - a728ac9e-8b42-42b3-9e87-ec98a1f6c46a->82911ef2-faee-43a5-9a1d-aeefe797784b: Failed appendEntries: org.apache.ratis.thirdparty.io.grpc.StatusRuntimeException: UNAVAILABLE: io exception
2019-08-27 09:00:09,504 [grpc-default-executor-10] INFO  impl.FollowerInfo (FollowerInfo.java:lambda$new$0(50)) - a728ac9e-8b42-42b3-9e87-ec98a1f6c46a->82911ef2-faee-43a5-9a1d-aeefe797784b: nextIndex: updateUnconditionally 0 -> 0
2019-08-27 09:00:09,995 [grpc-default-executor-10] WARN  server.GrpcLogAppender (LogUtils.java:warn(134)) - a728ac9e-8b42-42b3-9e87-ec98a1f6c46a->521aeba6-88aa-48b7-8766-3f4d75ba2df1: Failed appendEntries: org.apache.ratis.thirdparty.io.grpc.StatusRuntimeException: UNAVAILABLE: io exception
2019-08-27 09:00:09,995 [grpc-default-executor-10] INFO  impl.FollowerInfo (FollowerInfo.java:lambda$new$0(50)) - a728ac9e-8b42-42b3-9e87-ec98a1f6c46a->521aeba6-88aa-48b7-8766-3f4d75ba2df1: nextIndex: updateUnconditionally 0 -> 0
2019-08-27 09:00:10,004 [grpc-default-executor-10] WARN  server.GrpcLogAppender (LogUtils.java:warn(134)) - a728ac9e-8b42-42b3-9e87-ec98a1f6c46a->82911ef2-faee-43a5-9a1d-aeefe797784b: Failed appendEntries: org.apache.ratis.thirdparty.io.grpc.StatusRuntimeException: UNAVAILABLE: io exception
2019-08-27 09:00:10,004 [grpc-default-executor-10] INFO  impl.FollowerInfo (FollowerInfo.java:lambda$new$0(50)) - a728ac9e-8b42-42b3-9e87-ec98a1f6c46a->82911ef2-faee-43a5-9a1d-aeefe797784b: nextIndex: updateUnconditionally 0 -> 0
2019-08-27 09:00:10,495 [grpc-default-executor-13] WARN  server.GrpcLogAppender (LogUtils.java:warn(134)) - a728ac9e-8b42-42b3-9e87-ec98a1f6c46a->521aeba6-88aa-48b7-8766-3f4d75ba2df1: Failed appendEntries: org.apache.ratis.thirdparty.io.grpc.StatusRuntimeException: UNAVAILABLE: io exception
2019-08-27 09:00:10,495 [grpc-default-executor-13] INFO  impl.FollowerInfo (FollowerInfo.java:lambda$new$0(50)) - a728ac9e-8b42-42b3-9e87-ec98a1f6c46a->521aeba6-88aa-48b7-8766-3f4d75ba2df1: nextIndex: updateUnconditionally 0 -> 0
2019-08-27 09:00:10,504 [grpc-default-executor-10] WARN  server.GrpcLogAppender (LogUtils.java:warn(134)) - a728ac9e-8b42-42b3-9e87-ec98a1f6c46a->82911ef2-faee-43a5-9a1d-aeefe797784b: Failed appendEntries: org.apache.ratis.thirdparty.io.grpc.StatusRuntimeException: UNAVAILABLE: io exception
2019-08-27 09:00:10,505 [grpc-default-executor-10] INFO  impl.FollowerInfo (FollowerInfo.java:lambda$new$0(50)) - a728ac9e-8b42-42b3-9e87-ec98a1f6c46a->82911ef2-faee-43a5-9a1d-aeefe797784b: nextIndex: updateUnconditionally 0 -> 0
2019-08-27 09:00:10,908 [main] INFO  ozoneimpl.OzoneContainer (OzoneContainer.java:stop(199)) - Attempting to stop container services.
2019-08-27 09:00:10,909 [main] INFO  impl.RaftServerProxy (RaftServerProxy.java:lambda$close$4(314)) - a728ac9e-8b42-42b3-9e87-ec98a1f6c46a: close
2019-08-27 09:00:10,909 [main] INFO  impl.RaftServerImpl (RaftServerImpl.java:lambda$shutdown$3(245)) - a728ac9e-8b42-42b3-9e87-ec98a1f6c46a: shutdown group-9BDE53BF1F89
2019-08-27 09:00:10,910 [main] INFO  util.JmxRegister (JmxRegister.java:unregister(73)) - Successfully un-registered JMX Bean with object name Ratis:service=RaftServer,group=group-9BDE53BF1F89,id=a728ac9e-8b42-42b3-9e87-ec98a1f6c46a
2019-08-27 09:00:10,910 [main] INFO  impl.RoleInfo (RoleInfo.java:shutdownLeaderState(104)) - a728ac9e-8b42-42b3-9e87-ec98a1f6c46a: shutdown LeaderState
2019-08-27 09:00:10,910 [main] INFO  impl.PendingRequests (PendingRequests.java:sendNotLeaderResponses(202)) - a728ac9e-8b42-42b3-9e87-ec98a1f6c46a-PendingRequests: sendNotLeaderResponses
2019-08-27 09:00:10,910 [org.apache.ratis.server.impl.LogAppender$AppenderDaemon$$Lambda$531/1030378757@3b52967d] WARN  server.GrpcLogAppender (GrpcLogAppender.java:mayWait(143)) - GrpcLogAppender(a728ac9e-8b42-42b3-9e87-ec98a1f6c46a->521aeba6-88aa-48b7-8766-3f4d75ba2df1): Wait interrupted by java.lang.InterruptedException
2019-08-27 09:00:10,910 [org.apache.ratis.server.impl.LogAppender$AppenderDaemon$$Lambda$531/1030378757@7e501f73] WARN  server.GrpcLogAppender (GrpcLogAppender.java:mayWait(143)) - GrpcLogAppender(a728ac9e-8b42-42b3-9e87-ec98a1f6c46a->82911ef2-faee-43a5-9a1d-aeefe797784b): Wait interrupted by java.lang.InterruptedException
2019-08-27 09:00:10,911 [main] INFO  impl.StateMachineUpdater (StateMachineUpdater.java:stopAndJoin(115)) - StateMachineUpdater:a728ac9e-8b42-42b3-9e87-ec98a1f6c46a:group-9BDE53BF1F89: set stopIndex = 0
2019-08-27 09:00:10,911 [main] INFO  impl.RaftServerImpl (ServerState.java:close(394)) - a728ac9e-8b42-42b3-9e87-ec98a1f6c46a:group-9BDE53BF1F89 closes. The last applied log index is 0
2019-08-27 09:00:10,911 [a728ac9e-8b42-42b3-9e87-ec98a1f6c46a-SegmentedRaftLogWorker:Storage Directory /workdir/hadoop-ozone/integration-test/target/test-dir/MiniOzoneClusterImpl-5fa0230b-2e3b-4574-a1d1-aab0eaf0b74a/datanode-7/data/ratis/9303588b-cf83-416f-8dbd-9bde53bf1f89] INFO  segmented.SegmentedRaftLogWorker (SegmentedRaftLogWorker.java:run(313)) - a728ac9e-8b42-42b3-9e87-ec98a1f6c46a-SegmentedRaftLogWorker:Storage Directory /workdir/hadoop-ozone/integration-test/target/test-dir/MiniOzoneClusterImpl-5fa0230b-2e3b-4574-a1d1-aab0eaf0b74a/datanode-7/data/ratis/9303588b-cf83-416f-8dbd-9bde53bf1f89 was interrupted, exiting. There are 0 tasks remaining in the queue.
2019-08-27 09:00:10,912 [main] INFO  segmented.SegmentedRaftLogWorker (SegmentedRaftLogWorker.java:close(228)) - a728ac9e-8b42-42b3-9e87-ec98a1f6c46a-SegmentedRaftLogWorker:Storage Directory /workdir/hadoop-ozone/integration-test/target/test-dir/MiniOzoneClusterImpl-5fa0230b-2e3b-4574-a1d1-aab0eaf0b74a/datanode-7/data/ratis/9303588b-cf83-416f-8dbd-9bde53bf1f89 close()
2019-08-27 09:00:10,913 [main] INFO  impl.RaftServerImpl (RaftServerImpl.java:lambda$shutdown$3(245)) - a728ac9e-8b42-42b3-9e87-ec98a1f6c46a: shutdown group-29DF459D7DF8
2019-08-27 09:00:10,913 [main] INFO  util.JmxRegister (JmxRegister.java:unregister(73)) - Successfully un-registered JMX Bean with object name Ratis:service=RaftServer,group=group-29DF459D7DF8,id=a728ac9e-8b42-42b3-9e87-ec98a1f6c46a
2019-08-27 09:00:10,914 [main] INFO  impl.RoleInfo (RoleInfo.java:shutdownLeaderState(104)) - a728ac9e-8b42-42b3-9e87-ec98a1f6c46a: shutdown LeaderState
2019-08-27 09:00:10,914 [main] INFO  impl.PendingRequests (PendingRequests.java:sendNotLeaderResponses(202)) - a728ac9e-8b42-42b3-9e87-ec98a1f6c46a-PendingRequests: sendNotLeaderResponses
2019-08-27 09:00:10,914 [main] INFO  impl.StateMachineUpdater (StateMachineUpdater.java:stopAndJoin(115)) - StateMachineUpdater:a728ac9e-8b42-42b3-9e87-ec98a1f6c46a:group-29DF459D7DF8: set stopIndex = 0
2019-08-27 09:00:10,915 [main] INFO  impl.RaftServerImpl (ServerState.java:close(394)) - a728ac9e-8b42-42b3-9e87-ec98a1f6c46a:group-29DF459D7DF8 closes. The last applied log index is 0
2019-08-27 09:00:10,915 [a728ac9e-8b42-42b3-9e87-ec98a1f6c46a-SegmentedRaftLogWorker:Storage Directory /workdir/hadoop-ozone/integration-test/target/test-dir/MiniOzoneClusterImpl-5fa0230b-2e3b-4574-a1d1-aab0eaf0b74a/datanode-7/data/ratis/f1f0b6d6-bd80-4011-a65b-29df459d7df8] INFO  segmented.SegmentedRaftLogWorker (SegmentedRaftLogWorker.java:run(313)) - a728ac9e-8b42-42b3-9e87-ec98a1f6c46a-SegmentedRaftLogWorker:Storage Directory /workdir/hadoop-ozone/integration-test/target/test-dir/MiniOzoneClusterImpl-5fa0230b-2e3b-4574-a1d1-aab0eaf0b74a/datanode-7/data/ratis/f1f0b6d6-bd80-4011-a65b-29df459d7df8 was interrupted, exiting. There are 0 tasks remaining in the queue.
2019-08-27 09:00:10,915 [main] INFO  segmented.SegmentedRaftLogWorker (SegmentedRaftLogWorker.java:close(228)) - a728ac9e-8b42-42b3-9e87-ec98a1f6c46a-SegmentedRaftLogWorker:Storage Directory /workdir/hadoop-ozone/integration-test/target/test-dir/MiniOzoneClusterImpl-5fa0230b-2e3b-4574-a1d1-aab0eaf0b74a/datanode-7/data/ratis/f1f0b6d6-bd80-4011-a65b-29df459d7df8 close()
2019-08-27 09:00:10,917 [main] INFO  server.GrpcService (GrpcService.java:closeImpl(155)) - a728ac9e-8b42-42b3-9e87-ec98a1f6c46a: shutdown server with port 36002 now
2019-08-27 09:00:10,917 [main] INFO  server.GrpcService (GrpcService.java:closeImpl(163)) - a728ac9e-8b42-42b3-9e87-ec98a1f6c46a: shutdown server with port 36002 successfully
2019-08-27 09:00:10,918 [main] INFO  utils.BackgroundService (BackgroundService.java:shutdown(148)) - Shutting down service BlockDeletingService
2019-08-27 09:00:10,919 [refreshUsed-/workdir/hadoop-ozone/integration-test/target/test-dir/MiniOzoneClusterImpl-5fa0230b-2e3b-4574-a1d1-aab0eaf0b74a/datanode-7/data/containers] WARN  fs.CachingGetSpaceUsed (CachingGetSpaceUsed.java:run(183)) - Thread Interrupted waiting to refresh disk information: sleep interrupted
2019-08-27 09:00:10,932 [main] INFO  statemachine.DatanodeStateMachine (DatanodeStateMachine.java:stopDaemon(395)) - Ozone container server stopped.
2019-08-27 09:00:10,933 [main] INFO  handler.ContextHandler (ContextHandler.java:doStop(910)) - Stopped o.e.j.w.WebAppContext@43b3d197{/,null,UNAVAILABLE}{/hddsDatanode}
2019-08-27 09:00:10,934 [main] INFO  server.AbstractConnector (AbstractConnector.java:doStop(318)) - Stopped ServerConnector@4edd8b5b{HTTP/1.1,[http/1.1]}{0.0.0.0:0}
2019-08-27 09:00:10,934 [main] INFO  handler.ContextHandler (ContextHandler.java:doStop(910)) - Stopped o.e.j.s.ServletContextHandler@68178281{/static,jar:file:/home/user/.m2/repository/org/apache/hadoop/hadoop-hdds-container-service/0.5.0-SNAPSHOT/hadoop-hdds-container-service-0.5.0-SNAPSHOT.jar!/webapps/static,UNAVAILABLE}
2019-08-27 09:00:10,934 [main] INFO  handler.ContextHandler (ContextHandler.java:doStop(910)) - Stopped o.e.j.s.ServletContextHandler@49e69196{/logs,file:///workdir/hadoop-ozone/integration-test/target/log,UNAVAILABLE}
2019-08-27 09:00:10,935 [main] INFO  ozone.MiniOzoneClusterImpl (MiniOzoneClusterImpl.java:stop(353)) - Stopping the StorageContainerManager
2019-08-27 09:00:10,935 [main] INFO  server.StorageContainerManager (StorageContainerManager.java:stop(797)) - Stopping Replication Manager Service.
2019-08-27 09:00:10,935 [main] INFO  container.ReplicationManager (ReplicationManager.java:stop(193)) - Stopping Replication Monitor Thread.
2019-08-27 09:00:10,935 [main] INFO  server.StorageContainerManager (StorageContainerManager.java:stop(804)) - Stopping Lease Manager of the command watchers
2019-08-27 09:00:10,935 [main] INFO  server.StorageContainerManager (StorageContainerManager.java:stop(811)) - Stopping datanode service RPC server
2019-08-27 09:00:10,935 [main] INFO  server.SCMDatanodeProtocolServer (SCMDatanodeProtocolServer.java:stop(367)) - Stopping the RPC server for DataNodes
2019-08-27 09:00:10,935 [main] INFO  ipc.Server (Server.java:stop(3082)) - Stopping server on 38779
2019-08-27 09:00:10,938 [IPC Server listener on 38779] INFO  ipc.Server (Server.java:run(1185)) - Stopping IPC Server listener on 38779
2019-08-27 09:00:10,938 [IPC Server Responder] INFO  ipc.Server (Server.java:run(1319)) - Stopping IPC Server Responder
2019-08-27 09:00:10,966 [SCM Heartbeat Processing Thread - 0] WARN  node.NodeStateManager (NodeStateManager.java:scheduleNextHealthCheck(646)) - Current Thread is interrupted, shutting down HB processing thread for Node Manager.
2019-08-27 09:00:10,967 [main] INFO  server.StorageContainerManager (StorageContainerManager.java:stop(819)) - Stopping block service RPC server
2019-08-27 09:00:10,967 [main] INFO  server.SCMBlockProtocolServer (SCMBlockProtocolServer.java:stop(148)) - Stopping the RPC server for Block Protocol
2019-08-27 09:00:10,967 [main] INFO  ipc.Server (Server.java:stop(3082)) - Stopping server on 41059
2019-08-27 09:00:10,969 [main] INFO  server.StorageContainerManager (StorageContainerManager.java:stop(826)) - Stopping the StorageContainerLocationProtocol RPC server
2019-08-27 09:00:10,970 [IPC Server Responder] INFO  ipc.Server (Server.java:run(1319)) - Stopping IPC Server Responder
2019-08-27 09:00:10,970 [main] INFO  server.SCMClientProtocolServer (SCMClientProtocolServer.java:stop(159)) - Stopping the RPC server for Client Protocol
2019-08-27 09:00:10,970 [IPC Server listener on 41059] INFO  ipc.Server (Server.java:run(1185)) - Stopping IPC Server listener on 41059
2019-08-27 09:00:10,970 [main] INFO  ipc.Server (Server.java:stop(3082)) - Stopping server on 45743
2019-08-27 09:00:10,972 [main] INFO  server.StorageContainerManager (StorageContainerManager.java:stop(833)) - Stopping Storage Container Manager HTTP server.
2019-08-27 09:00:10,972 [IPC Server Responder] INFO  ipc.Server (Server.java:run(1319)) - Stopping IPC Server Responder
2019-08-27 09:00:10,973 [main] INFO  handler.ContextHandler (ContextHandler.java:doStop(910)) - Stopped o.e.j.w.WebAppContext@79d538c1{/,null,UNAVAILABLE}{/scm}
2019-08-27 09:00:10,974 [main] INFO  server.AbstractConnector (AbstractConnector.java:doStop(318)) - Stopped ServerConnector@31e08c61{HTTP/1.1,[http/1.1]}{0.0.0.0:0}
2019-08-27 09:00:10,974 [main] INFO  handler.ContextHandler (ContextHandler.java:doStop(910)) - Stopped o.e.j.s.ServletContextHandler@414b785c{/static,file:///workdir/hadoop-ozone/integration-test/target/test-classes/webapps/static,UNAVAILABLE}
2019-08-27 09:00:10,974 [main] INFO  handler.ContextHandler (ContextHandler.java:doStop(910)) - Stopped o.e.j.s.ServletContextHandler@6bbb3ec8{/logs,file:///workdir/hadoop-ozone/integration-test/target/log,UNAVAILABLE}
2019-08-27 09:00:10,975 [main] INFO  server.StorageContainerManager (StorageContainerManager.java:stop(844)) - Stopping Block Manager Service.
2019-08-27 09:00:10,976 [main] INFO  utils.BackgroundService (BackgroundService.java:shutdown(148)) - Shutting down service SCMBlockDeletingService
2019-08-27 09:00:10,976 [IPC Server listener on 45743] INFO  ipc.Server (Server.java:run(1185)) - Stopping IPC Server listener on 45743
2019-08-27 09:00:10,976 [main] INFO  utils.BackgroundService (BackgroundService.java:shutdown(148)) - Shutting down service SCMBlockDeletingService
2019-08-27 09:00:10,978 [main] INFO  server.StorageContainerManager (StorageContainerManager.java:stop(866)) - Stopping SCM Event Queue.
2019-08-27 09:00:10,981 [main] INFO  impl.MetricsSystemImpl (MetricsSystemImpl.java:stop(210)) - Stopping HddsDatanode metrics system...
2019-08-27 09:00:10,991 [main] INFO  impl.MetricsSystemImpl (MetricsSystemImpl.java:stop(216)) - HddsDatanode metrics system stopped.
]]></system-out>
    <system-err><![CDATA[Aug 27, 2019 8:59:08 AM com.sun.jersey.server.impl.application.WebApplicationImpl _initiate
INFO: Initiating Jersey application, version 'Jersey: 1.19 02/11/2015 03:25 AM'
Aug 27, 2019 8:59:08 AM com.sun.jersey.server.impl.application.WebApplicationImpl _initiate
INFO: Initiating Jersey application, version 'Jersey: 1.19 02/11/2015 03:25 AM'
Aug 27, 2019 8:59:08 AM com.sun.jersey.server.impl.application.WebApplicationImpl _initiate
INFO: Initiating Jersey application, version 'Jersey: 1.19 02/11/2015 03:25 AM'
Aug 27, 2019 8:59:09 AM com.sun.jersey.server.impl.application.WebApplicationImpl _initiate
INFO: Initiating Jersey application, version 'Jersey: 1.19 02/11/2015 03:25 AM'
Aug 27, 2019 8:59:09 AM com.sun.jersey.server.impl.application.WebApplicationImpl _initiate
INFO: Initiating Jersey application, version 'Jersey: 1.19 02/11/2015 03:25 AM'
Aug 27, 2019 8:59:09 AM com.sun.jersey.server.impl.application.WebApplicationImpl _initiate
INFO: Initiating Jersey application, version 'Jersey: 1.19 02/11/2015 03:25 AM'
Aug 27, 2019 8:59:09 AM com.sun.jersey.server.impl.application.WebApplicationImpl _initiate
INFO: Initiating Jersey application, version 'Jersey: 1.19 02/11/2015 03:25 AM'
Aug 27, 2019 8:59:09 AM com.sun.jersey.server.impl.application.WebApplicationImpl _initiate
INFO: Initiating Jersey application, version 'Jersey: 1.19 02/11/2015 03:25 AM'
Aug 27, 2019 8:59:10 AM com.sun.jersey.server.impl.application.WebApplicationImpl _initiate
INFO: Initiating Jersey application, version 'Jersey: 1.19 02/11/2015 03:25 AM'
Aug 27, 2019 8:59:10 AM com.sun.jersey.server.impl.application.WebApplicationImpl _initiate
INFO: Initiating Jersey application, version 'Jersey: 1.19 02/11/2015 03:25 AM'
Aug 27, 2019 8:59:13 AM org.apache.ratis.thirdparty.io.grpc.internal.ManagedChannelOrphanWrapper$ManagedChannelReference cleanQueue
SEVERE: *~*~*~ Channel ManagedChannelImpl{logId=3073, target=192.168.34.1:43894} was not shutdown properly!!! ~*~*~*
    Make sure to call shutdown()/shutdownNow() and wait until awaitTermination() returns true.
java.lang.RuntimeException: ManagedChannel allocation site
	at org.apache.ratis.thirdparty.io.grpc.internal.ManagedChannelOrphanWrapper$ManagedChannelReference.<init>(ManagedChannelOrphanWrapper.java:103)
	at org.apache.ratis.thirdparty.io.grpc.internal.ManagedChannelOrphanWrapper.<init>(ManagedChannelOrphanWrapper.java:53)
	at org.apache.ratis.thirdparty.io.grpc.internal.ManagedChannelOrphanWrapper.<init>(ManagedChannelOrphanWrapper.java:44)
	at org.apache.ratis.thirdparty.io.grpc.internal.AbstractManagedChannelImplBuilder.build(AbstractManagedChannelImplBuilder.java:411)
	at org.apache.hadoop.hdds.scm.XceiverClientGrpc.connectToDatanode(XceiverClientGrpc.java:174)
	at org.apache.hadoop.hdds.scm.XceiverClientGrpc.reconnect(XceiverClientGrpc.java:422)
	at org.apache.hadoop.hdds.scm.XceiverClientGrpc.sendCommandAsync(XceiverClientGrpc.java:371)
	at org.apache.hadoop.hdds.scm.XceiverClientGrpc.sendCommandWithRetry(XceiverClientGrpc.java:284)
	at org.apache.hadoop.hdds.scm.XceiverClientGrpc.sendCommandWithTraceIDAndRetry(XceiverClientGrpc.java:250)
	at org.apache.hadoop.hdds.scm.XceiverClientGrpc.sendCommand(XceiverClientGrpc.java:233)
	at org.apache.hadoop.hdds.scm.storage.ContainerProtocolCalls.getBlock(ContainerProtocolCalls.java:118)
	at org.apache.hadoop.hdds.scm.storage.BlockInputStream.getChunkInfos(BlockInputStream.java:167)
	at org.apache.hadoop.hdds.scm.storage.BlockInputStream.initialize(BlockInputStream.java:118)
	at org.apache.hadoop.hdds.scm.storage.BlockInputStream.read(BlockInputStream.java:222)
	at org.apache.hadoop.ozone.client.io.KeyInputStream.read(KeyInputStream.java:171)
	at org.apache.hadoop.ozone.client.io.OzoneInputStream.read(OzoneInputStream.java:47)
	at java.io.InputStream.read(InputStream.java:101)
	at org.apache.hadoop.ozone.container.ContainerTestHelper.validateData(ContainerTestHelper.java:713)
	at org.apache.hadoop.ozone.client.rpc.TestFailureHandlingByClient.validateData(TestFailureHandlingByClient.java:413)
	at org.apache.hadoop.ozone.client.rpc.TestFailureHandlingByClient.testBlockWritesWithDnFailures(TestFailureHandlingByClient.java:172)
	at sun.reflect.NativeMethodAccessorImpl.invoke0(Native Method)
	at sun.reflect.NativeMethodAccessorImpl.invoke(NativeMethodAccessorImpl.java:62)
	at sun.reflect.DelegatingMethodAccessorImpl.invoke(DelegatingMethodAccessorImpl.java:43)
	at java.lang.reflect.Method.invoke(Method.java:498)
	at org.junit.runners.model.FrameworkMethod$1.runReflectiveCall(FrameworkMethod.java:47)
	at org.junit.internal.runners.model.ReflectiveCallable.run(ReflectiveCallable.java:12)
	at org.junit.runners.model.FrameworkMethod.invokeExplosively(FrameworkMethod.java:44)
	at org.junit.internal.runners.statements.InvokeMethod.evaluate(InvokeMethod.java:17)
	at org.junit.internal.runners.statements.RunAfters.evaluate(RunAfters.java:27)
	at org.junit.runners.ParentRunner.runLeaf(ParentRunner.java:271)
	at org.junit.runners.BlockJUnit4ClassRunner.runChild(BlockJUnit4ClassRunner.java:70)
	at org.junit.runners.BlockJUnit4ClassRunner.runChild(BlockJUnit4ClassRunner.java:50)
	at org.junit.runners.ParentRunner$3.run(ParentRunner.java:238)
	at org.junit.runners.ParentRunner$1.schedule(ParentRunner.java:63)
	at org.junit.runners.ParentRunner.runChildren(ParentRunner.java:236)
	at org.junit.runners.ParentRunner.access$000(ParentRunner.java:53)
	at org.junit.runners.ParentRunner$2.evaluate(ParentRunner.java:229)
	at org.junit.runners.ParentRunner.run(ParentRunner.java:309)
	at org.apache.maven.surefire.junit4.JUnit4Provider.execute(JUnit4Provider.java:365)
	at org.apache.maven.surefire.junit4.JUnit4Provider.executeWithRerun(JUnit4Provider.java:273)
	at org.apache.maven.surefire.junit4.JUnit4Provider.executeTestSet(JUnit4Provider.java:238)
	at org.apache.maven.surefire.junit4.JUnit4Provider.invoke(JUnit4Provider.java:159)
	at org.apache.maven.surefire.booter.ForkedBooter.invokeProviderInSameClassLoader(ForkedBooter.java:384)
	at org.apache.maven.surefire.booter.ForkedBooter.runSuitesInProcess(ForkedBooter.java:345)
	at org.apache.maven.surefire.booter.ForkedBooter.execute(ForkedBooter.java:126)
	at org.apache.maven.surefire.booter.ForkedBooter.main(ForkedBooter.java:418)

Aug 27, 2019 8:59:13 AM org.apache.ratis.thirdparty.io.grpc.internal.ManagedChannelOrphanWrapper$ManagedChannelReference cleanQueue
SEVERE: *~*~*~ Channel ManagedChannelImpl{logId=3082, target=192.168.34.1:38063} was not shutdown properly!!! ~*~*~*
    Make sure to call shutdown()/shutdownNow() and wait until awaitTermination() returns true.
java.lang.RuntimeException: ManagedChannel allocation site
	at org.apache.ratis.thirdparty.io.grpc.internal.ManagedChannelOrphanWrapper$ManagedChannelReference.<init>(ManagedChannelOrphanWrapper.java:103)
	at org.apache.ratis.thirdparty.io.grpc.internal.ManagedChannelOrphanWrapper.<init>(ManagedChannelOrphanWrapper.java:53)
	at org.apache.ratis.thirdparty.io.grpc.internal.ManagedChannelOrphanWrapper.<init>(ManagedChannelOrphanWrapper.java:44)
	at org.apache.ratis.thirdparty.io.grpc.internal.AbstractManagedChannelImplBuilder.build(AbstractManagedChannelImplBuilder.java:411)
	at org.apache.hadoop.hdds.scm.XceiverClientGrpc.connectToDatanode(XceiverClientGrpc.java:174)
	at org.apache.hadoop.hdds.scm.XceiverClientGrpc.reconnect(XceiverClientGrpc.java:422)
	at org.apache.hadoop.hdds.scm.XceiverClientGrpc.sendCommandAsync(XceiverClientGrpc.java:371)
	at org.apache.hadoop.hdds.scm.XceiverClientGrpc.sendCommandWithRetry(XceiverClientGrpc.java:284)
	at org.apache.hadoop.hdds.scm.XceiverClientGrpc.sendCommandWithTraceIDAndRetry(XceiverClientGrpc.java:250)
	at org.apache.hadoop.hdds.scm.XceiverClientGrpc.sendCommand(XceiverClientGrpc.java:233)
	at org.apache.hadoop.hdds.scm.storage.ContainerProtocolCalls.readChunk(ContainerProtocolCalls.java:245)
	at org.apache.hadoop.hdds.scm.storage.ChunkInputStream.readChunk(ChunkInputStream.java:335)
	at org.apache.hadoop.hdds.scm.storage.ChunkInputStream.readChunkFromContainer(ChunkInputStream.java:307)
	at org.apache.hadoop.hdds.scm.storage.ChunkInputStream.prepareRead(ChunkInputStream.java:259)
	at org.apache.hadoop.hdds.scm.storage.ChunkInputStream.read(ChunkInputStream.java:144)
	at org.apache.hadoop.hdds.scm.storage.BlockInputStream.read(BlockInputStream.java:239)
	at org.apache.hadoop.ozone.client.io.KeyInputStream.read(KeyInputStream.java:171)
	at org.apache.hadoop.ozone.client.io.OzoneInputStream.read(OzoneInputStream.java:47)
	at java.io.InputStream.read(InputStream.java:101)
	at org.apache.hadoop.ozone.container.ContainerTestHelper.validateData(ContainerTestHelper.java:713)
	at org.apache.hadoop.ozone.client.rpc.TestFailureHandlingByClient.validateData(TestFailureHandlingByClient.java:413)
	at org.apache.hadoop.ozone.client.rpc.TestFailureHandlingByClient.testBlockWritesWithDnFailures(TestFailureHandlingByClient.java:172)
	at sun.reflect.NativeMethodAccessorImpl.invoke0(Native Method)
	at sun.reflect.NativeMethodAccessorImpl.invoke(NativeMethodAccessorImpl.java:62)
	at sun.reflect.DelegatingMethodAccessorImpl.invoke(DelegatingMethodAccessorImpl.java:43)
	at java.lang.reflect.Method.invoke(Method.java:498)
	at org.junit.runners.model.FrameworkMethod$1.runReflectiveCall(FrameworkMethod.java:47)
	at org.junit.internal.runners.model.ReflectiveCallable.run(ReflectiveCallable.java:12)
	at org.junit.runners.model.FrameworkMethod.invokeExplosively(FrameworkMethod.java:44)
	at org.junit.internal.runners.statements.InvokeMethod.evaluate(InvokeMethod.java:17)
	at org.junit.internal.runners.statements.RunAfters.evaluate(RunAfters.java:27)
	at org.junit.runners.ParentRunner.runLeaf(ParentRunner.java:271)
	at org.junit.runners.BlockJUnit4ClassRunner.runChild(BlockJUnit4ClassRunner.java:70)
	at org.junit.runners.BlockJUnit4ClassRunner.runChild(BlockJUnit4ClassRunner.java:50)
	at org.junit.runners.ParentRunner$3.run(ParentRunner.java:238)
	at org.junit.runners.ParentRunner$1.schedule(ParentRunner.java:63)
	at org.junit.runners.ParentRunner.runChildren(ParentRunner.java:236)
	at org.junit.runners.ParentRunner.access$000(ParentRunner.java:53)
	at org.junit.runners.ParentRunner$2.evaluate(ParentRunner.java:229)
	at org.junit.runners.ParentRunner.run(ParentRunner.java:309)
	at org.apache.maven.surefire.junit4.JUnit4Provider.execute(JUnit4Provider.java:365)
	at org.apache.maven.surefire.junit4.JUnit4Provider.executeWithRerun(JUnit4Provider.java:273)
	at org.apache.maven.surefire.junit4.JUnit4Provider.executeTestSet(JUnit4Provider.java:238)
	at org.apache.maven.surefire.junit4.JUnit4Provider.invoke(JUnit4Provider.java:159)
	at org.apache.maven.surefire.booter.ForkedBooter.invokeProviderInSameClassLoader(ForkedBooter.java:384)
	at org.apache.maven.surefire.booter.ForkedBooter.runSuitesInProcess(ForkedBooter.java:345)
	at org.apache.maven.surefire.booter.ForkedBooter.execute(ForkedBooter.java:126)
	at org.apache.maven.surefire.booter.ForkedBooter.main(ForkedBooter.java:418)

Aug 27, 2019 8:59:13 AM org.apache.ratis.thirdparty.io.grpc.internal.ManagedChannelOrphanWrapper$ManagedChannelReference cleanQueue
SEVERE: *~*~*~ Channel ManagedChannelImpl{logId=3086, target=192.168.34.1:39135} was not shutdown properly!!! ~*~*~*
    Make sure to call shutdown()/shutdownNow() and wait until awaitTermination() returns true.
java.lang.RuntimeException: ManagedChannel allocation site
	at org.apache.ratis.thirdparty.io.grpc.internal.ManagedChannelOrphanWrapper$ManagedChannelReference.<init>(ManagedChannelOrphanWrapper.java:103)
	at org.apache.ratis.thirdparty.io.grpc.internal.ManagedChannelOrphanWrapper.<init>(ManagedChannelOrphanWrapper.java:53)
	at org.apache.ratis.thirdparty.io.grpc.internal.ManagedChannelOrphanWrapper.<init>(ManagedChannelOrphanWrapper.java:44)
	at org.apache.ratis.thirdparty.io.grpc.internal.AbstractManagedChannelImplBuilder.build(AbstractManagedChannelImplBuilder.java:411)
	at org.apache.hadoop.hdds.scm.XceiverClientGrpc.connectToDatanode(XceiverClientGrpc.java:174)
	at org.apache.hadoop.hdds.scm.XceiverClientGrpc.reconnect(XceiverClientGrpc.java:422)
	at org.apache.hadoop.hdds.scm.XceiverClientGrpc.sendCommandAsync(XceiverClientGrpc.java:371)
	at org.apache.hadoop.hdds.scm.XceiverClientGrpc.sendCommandWithRetry(XceiverClientGrpc.java:284)
	at org.apache.hadoop.hdds.scm.XceiverClientGrpc.sendCommandWithTraceIDAndRetry(XceiverClientGrpc.java:250)
	at org.apache.hadoop.hdds.scm.XceiverClientGrpc.sendCommand(XceiverClientGrpc.java:233)
	at org.apache.hadoop.hdds.scm.storage.ContainerProtocolCalls.getBlock(ContainerProtocolCalls.java:118)
	at org.apache.hadoop.hdds.scm.storage.BlockInputStream.getChunkInfos(BlockInputStream.java:167)
	at org.apache.hadoop.hdds.scm.storage.BlockInputStream.initialize(BlockInputStream.java:118)
	at org.apache.hadoop.hdds.scm.storage.BlockInputStream.read(BlockInputStream.java:222)
	at org.apache.hadoop.ozone.client.io.KeyInputStream.read(KeyInputStream.java:171)
	at org.apache.hadoop.ozone.client.io.OzoneInputStream.read(OzoneInputStream.java:47)
	at java.io.InputStream.read(InputStream.java:101)
	at org.apache.hadoop.ozone.container.ContainerTestHelper.validateData(ContainerTestHelper.java:713)
	at org.apache.hadoop.ozone.client.rpc.TestFailureHandlingByClient.validateData(TestFailureHandlingByClient.java:413)
	at org.apache.hadoop.ozone.client.rpc.TestFailureHandlingByClient.testBlockWritesWithDnFailures(TestFailureHandlingByClient.java:172)
	at sun.reflect.NativeMethodAccessorImpl.invoke0(Native Method)
	at sun.reflect.NativeMethodAccessorImpl.invoke(NativeMethodAccessorImpl.java:62)
	at sun.reflect.DelegatingMethodAccessorImpl.invoke(DelegatingMethodAccessorImpl.java:43)
	at java.lang.reflect.Method.invoke(Method.java:498)
	at org.junit.runners.model.FrameworkMethod$1.runReflectiveCall(FrameworkMethod.java:47)
	at org.junit.internal.runners.model.ReflectiveCallable.run(ReflectiveCallable.java:12)
	at org.junit.runners.model.FrameworkMethod.invokeExplosively(FrameworkMethod.java:44)
	at org.junit.internal.runners.statements.InvokeMethod.evaluate(InvokeMethod.java:17)
	at org.junit.internal.runners.statements.RunAfters.evaluate(RunAfters.java:27)
	at org.junit.runners.ParentRunner.runLeaf(ParentRunner.java:271)
	at org.junit.runners.BlockJUnit4ClassRunner.runChild(BlockJUnit4ClassRunner.java:70)
	at org.junit.runners.BlockJUnit4ClassRunner.runChild(BlockJUnit4ClassRunner.java:50)
	at org.junit.runners.ParentRunner$3.run(ParentRunner.java:238)
	at org.junit.runners.ParentRunner$1.schedule(ParentRunner.java:63)
	at org.junit.runners.ParentRunner.runChildren(ParentRunner.java:236)
	at org.junit.runners.ParentRunner.access$000(ParentRunner.java:53)
	at org.junit.runners.ParentRunner$2.evaluate(ParentRunner.java:229)
	at org.junit.runners.ParentRunner.run(ParentRunner.java:309)
	at org.apache.maven.surefire.junit4.JUnit4Provider.execute(JUnit4Provider.java:365)
	at org.apache.maven.surefire.junit4.JUnit4Provider.executeWithRerun(JUnit4Provider.java:273)
	at org.apache.maven.surefire.junit4.JUnit4Provider.executeTestSet(JUnit4Provider.java:238)
	at org.apache.maven.surefire.junit4.JUnit4Provider.invoke(JUnit4Provider.java:159)
	at org.apache.maven.surefire.booter.ForkedBooter.invokeProviderInSameClassLoader(ForkedBooter.java:384)
	at org.apache.maven.surefire.booter.ForkedBooter.runSuitesInProcess(ForkedBooter.java:345)
	at org.apache.maven.surefire.booter.ForkedBooter.execute(ForkedBooter.java:126)
	at org.apache.maven.surefire.booter.ForkedBooter.main(ForkedBooter.java:418)

Aug 27, 2019 8:59:13 AM org.apache.ratis.thirdparty.io.grpc.internal.ManagedChannelOrphanWrapper$ManagedChannelReference cleanQueue
SEVERE: *~*~*~ Channel ManagedChannelImpl{logId=3078, target=192.168.34.1:40231} was not shutdown properly!!! ~*~*~*
    Make sure to call shutdown()/shutdownNow() and wait until awaitTermination() returns true.
java.lang.RuntimeException: ManagedChannel allocation site
	at org.apache.ratis.thirdparty.io.grpc.internal.ManagedChannelOrphanWrapper$ManagedChannelReference.<init>(ManagedChannelOrphanWrapper.java:103)
	at org.apache.ratis.thirdparty.io.grpc.internal.ManagedChannelOrphanWrapper.<init>(ManagedChannelOrphanWrapper.java:53)
	at org.apache.ratis.thirdparty.io.grpc.internal.ManagedChannelOrphanWrapper.<init>(ManagedChannelOrphanWrapper.java:44)
	at org.apache.ratis.thirdparty.io.grpc.internal.AbstractManagedChannelImplBuilder.build(AbstractManagedChannelImplBuilder.java:411)
	at org.apache.hadoop.hdds.scm.XceiverClientGrpc.connectToDatanode(XceiverClientGrpc.java:174)
	at org.apache.hadoop.hdds.scm.XceiverClientGrpc.reconnect(XceiverClientGrpc.java:422)
	at org.apache.hadoop.hdds.scm.XceiverClientGrpc.sendCommandAsync(XceiverClientGrpc.java:371)
	at org.apache.hadoop.hdds.scm.XceiverClientGrpc.sendCommandWithRetry(XceiverClientGrpc.java:284)
	at org.apache.hadoop.hdds.scm.XceiverClientGrpc.sendCommandWithTraceIDAndRetry(XceiverClientGrpc.java:250)
	at org.apache.hadoop.hdds.scm.XceiverClientGrpc.sendCommand(XceiverClientGrpc.java:233)
	at org.apache.hadoop.hdds.scm.storage.ContainerProtocolCalls.readChunk(ContainerProtocolCalls.java:245)
	at org.apache.hadoop.hdds.scm.storage.ChunkInputStream.readChunk(ChunkInputStream.java:335)
	at org.apache.hadoop.hdds.scm.storage.ChunkInputStream.readChunkFromContainer(ChunkInputStream.java:307)
	at org.apache.hadoop.hdds.scm.storage.ChunkInputStream.prepareRead(ChunkInputStream.java:259)
	at org.apache.hadoop.hdds.scm.storage.ChunkInputStream.read(ChunkInputStream.java:144)
	at org.apache.hadoop.hdds.scm.storage.BlockInputStream.read(BlockInputStream.java:239)
	at org.apache.hadoop.ozone.client.io.KeyInputStream.read(KeyInputStream.java:171)
	at org.apache.hadoop.ozone.client.io.OzoneInputStream.read(OzoneInputStream.java:47)
	at java.io.InputStream.read(InputStream.java:101)
	at org.apache.hadoop.ozone.container.ContainerTestHelper.validateData(ContainerTestHelper.java:713)
	at org.apache.hadoop.ozone.client.rpc.TestFailureHandlingByClient.validateData(TestFailureHandlingByClient.java:413)
	at org.apache.hadoop.ozone.client.rpc.TestFailureHandlingByClient.testBlockWritesWithDnFailures(TestFailureHandlingByClient.java:172)
	at sun.reflect.NativeMethodAccessorImpl.invoke0(Native Method)
	at sun.reflect.NativeMethodAccessorImpl.invoke(NativeMethodAccessorImpl.java:62)
	at sun.reflect.DelegatingMethodAccessorImpl.invoke(DelegatingMethodAccessorImpl.java:43)
	at java.lang.reflect.Method.invoke(Method.java:498)
	at org.junit.runners.model.FrameworkMethod$1.runReflectiveCall(FrameworkMethod.java:47)
	at org.junit.internal.runners.model.ReflectiveCallable.run(ReflectiveCallable.java:12)
	at org.junit.runners.model.FrameworkMethod.invokeExplosively(FrameworkMethod.java:44)
	at org.junit.internal.runners.statements.InvokeMethod.evaluate(InvokeMethod.java:17)
	at org.junit.internal.runners.statements.RunAfters.evaluate(RunAfters.java:27)
	at org.junit.runners.ParentRunner.runLeaf(ParentRunner.java:271)
	at org.junit.runners.BlockJUnit4ClassRunner.runChild(BlockJUnit4ClassRunner.java:70)
	at org.junit.runners.BlockJUnit4ClassRunner.runChild(BlockJUnit4ClassRunner.java:50)
	at org.junit.runners.ParentRunner$3.run(ParentRunner.java:238)
	at org.junit.runners.ParentRunner$1.schedule(ParentRunner.java:63)
	at org.junit.runners.ParentRunner.runChildren(ParentRunner.java:236)
	at org.junit.runners.ParentRunner.access$000(ParentRunner.java:53)
	at org.junit.runners.ParentRunner$2.evaluate(ParentRunner.java:229)
	at org.junit.runners.ParentRunner.run(ParentRunner.java:309)
	at org.apache.maven.surefire.junit4.JUnit4Provider.execute(JUnit4Provider.java:365)
	at org.apache.maven.surefire.junit4.JUnit4Provider.executeWithRerun(JUnit4Provider.java:273)
	at org.apache.maven.surefire.junit4.JUnit4Provider.executeTestSet(JUnit4Provider.java:238)
	at org.apache.maven.surefire.junit4.JUnit4Provider.invoke(JUnit4Provider.java:159)
	at org.apache.maven.surefire.booter.ForkedBooter.invokeProviderInSameClassLoader(ForkedBooter.java:384)
	at org.apache.maven.surefire.booter.ForkedBooter.runSuitesInProcess(ForkedBooter.java:345)
	at org.apache.maven.surefire.booter.ForkedBooter.execute(ForkedBooter.java:126)
	at org.apache.maven.surefire.booter.ForkedBooter.main(ForkedBooter.java:418)

Aug 27, 2019 8:59:13 AM org.apache.ratis.thirdparty.io.grpc.internal.ManagedChannelOrphanWrapper$ManagedChannelReference cleanQueue
SEVERE: *~*~*~ Channel ManagedChannelImpl{logId=3068, target=192.168.34.1:34735} was not shutdown properly!!! ~*~*~*
    Make sure to call shutdown()/shutdownNow() and wait until awaitTermination() returns true.
java.lang.RuntimeException: ManagedChannel allocation site
	at org.apache.ratis.thirdparty.io.grpc.internal.ManagedChannelOrphanWrapper$ManagedChannelReference.<init>(ManagedChannelOrphanWrapper.java:103)
	at org.apache.ratis.thirdparty.io.grpc.internal.ManagedChannelOrphanWrapper.<init>(ManagedChannelOrphanWrapper.java:53)
	at org.apache.ratis.thirdparty.io.grpc.internal.ManagedChannelOrphanWrapper.<init>(ManagedChannelOrphanWrapper.java:44)
	at org.apache.ratis.thirdparty.io.grpc.internal.AbstractManagedChannelImplBuilder.build(AbstractManagedChannelImplBuilder.java:411)
	at org.apache.ratis.grpc.client.GrpcClientProtocolClient.<init>(GrpcClientProtocolClient.java:119)
	at org.apache.ratis.grpc.client.GrpcClientRpc.lambda$new$0(GrpcClientRpc.java:55)
	at org.apache.ratis.util.PeerProxyMap$PeerAndProxy.lambda$getProxy$0(PeerProxyMap.java:61)
	at org.apache.ratis.util.LifeCycle.startAndTransition(LifeCycle.java:202)
	at org.apache.ratis.util.PeerProxyMap$PeerAndProxy.getProxy(PeerProxyMap.java:60)
	at org.apache.ratis.util.PeerProxyMap.getProxy(PeerProxyMap.java:107)
	at org.apache.ratis.grpc.client.GrpcClientRpc.sendRequestAsync(GrpcClientRpc.java:66)
	at org.apache.ratis.client.impl.OrderedAsync.sendRequest(OrderedAsync.java:208)
	at org.apache.ratis.client.impl.OrderedAsync.sendRequestWithRetry(OrderedAsync.java:169)
	at org.apache.ratis.util.SlidingWindow$Client.sendOrDelayRequest(SlidingWindow.java:278)
	at org.apache.ratis.util.SlidingWindow$Client.retry(SlidingWindow.java:294)
	at org.apache.ratis.client.impl.OrderedAsync.lambda$scheduleWithTimeout$7(OrderedAsync.java:195)
	at org.apache.ratis.util.TimeoutScheduler.lambda$onTimeout$0(TimeoutScheduler.java:85)
	at org.apache.ratis.util.TimeoutScheduler.lambda$onTimeout$1(TimeoutScheduler.java:104)
	at org.apache.ratis.util.LogUtils.runAndLog(LogUtils.java:50)
	at org.apache.ratis.util.LogUtils$1.run(LogUtils.java:91)
	at java.util.concurrent.Executors$RunnableAdapter.call(Executors.java:511)
	at java.util.concurrent.FutureTask.run(FutureTask.java:266)
	at java.util.concurrent.ScheduledThreadPoolExecutor$ScheduledFutureTask.access$201(ScheduledThreadPoolExecutor.java:180)
	at java.util.concurrent.ScheduledThreadPoolExecutor$ScheduledFutureTask.run(ScheduledThreadPoolExecutor.java:293)
	at java.util.concurrent.ThreadPoolExecutor.runWorker(ThreadPoolExecutor.java:1149)
	at java.util.concurrent.ThreadPoolExecutor$Worker.run(ThreadPoolExecutor.java:624)
	at java.lang.Thread.run(Thread.java:748)

Aug 27, 2019 8:59:13 AM org.apache.ratis.thirdparty.io.grpc.internal.ManagedChannelOrphanWrapper$ManagedChannelReference cleanQueue
SEVERE: *~*~*~ Channel ManagedChannelImpl{logId=3045, target=192.168.34.1:43420} was not shutdown properly!!! ~*~*~*
    Make sure to call shutdown()/shutdownNow() and wait until awaitTermination() returns true.
java.lang.RuntimeException: ManagedChannel allocation site
	at org.apache.ratis.thirdparty.io.grpc.internal.ManagedChannelOrphanWrapper$ManagedChannelReference.<init>(ManagedChannelOrphanWrapper.java:103)
	at org.apache.ratis.thirdparty.io.grpc.internal.ManagedChannelOrphanWrapper.<init>(ManagedChannelOrphanWrapper.java:53)
	at org.apache.ratis.thirdparty.io.grpc.internal.ManagedChannelOrphanWrapper.<init>(ManagedChannelOrphanWrapper.java:44)
	at org.apache.ratis.thirdparty.io.grpc.internal.AbstractManagedChannelImplBuilder.build(AbstractManagedChannelImplBuilder.java:411)
	at org.apache.ratis.grpc.client.GrpcClientProtocolClient.<init>(GrpcClientProtocolClient.java:119)
	at org.apache.ratis.grpc.client.GrpcClientRpc.lambda$new$0(GrpcClientRpc.java:55)
	at org.apache.ratis.util.PeerProxyMap$PeerAndProxy.lambda$getProxy$0(PeerProxyMap.java:61)
	at org.apache.ratis.util.LifeCycle.startAndTransition(LifeCycle.java:202)
	at org.apache.ratis.util.PeerProxyMap$PeerAndProxy.getProxy(PeerProxyMap.java:60)
	at org.apache.ratis.util.PeerProxyMap.getProxy(PeerProxyMap.java:107)
	at org.apache.ratis.grpc.client.GrpcClientRpc.sendRequestAsync(GrpcClientRpc.java:66)
	at org.apache.ratis.client.impl.OrderedAsync.sendRequest(OrderedAsync.java:208)
	at org.apache.ratis.client.impl.OrderedAsync.sendRequestWithRetry(OrderedAsync.java:169)
	at org.apache.ratis.util.SlidingWindow$Client.sendOrDelayRequest(SlidingWindow.java:278)
	at org.apache.ratis.util.SlidingWindow$Client.retry(SlidingWindow.java:294)
	at org.apache.ratis.client.impl.OrderedAsync.lambda$scheduleWithTimeout$7(OrderedAsync.java:195)
	at org.apache.ratis.util.TimeoutScheduler.lambda$onTimeout$0(TimeoutScheduler.java:85)
	at org.apache.ratis.util.TimeoutScheduler.lambda$onTimeout$1(TimeoutScheduler.java:104)
	at org.apache.ratis.util.LogUtils.runAndLog(LogUtils.java:50)
	at org.apache.ratis.util.LogUtils$1.run(LogUtils.java:91)
	at java.util.concurrent.Executors$RunnableAdapter.call(Executors.java:511)
	at java.util.concurrent.FutureTask.run(FutureTask.java:266)
	at java.util.concurrent.ScheduledThreadPoolExecutor$ScheduledFutureTask.access$201(ScheduledThreadPoolExecutor.java:180)
	at java.util.concurrent.ScheduledThreadPoolExecutor$ScheduledFutureTask.run(ScheduledThreadPoolExecutor.java:293)
	at java.util.concurrent.ThreadPoolExecutor.runWorker(ThreadPoolExecutor.java:1149)
	at java.util.concurrent.ThreadPoolExecutor$Worker.run(ThreadPoolExecutor.java:624)
	at java.lang.Thread.run(Thread.java:748)

]]></system-err>
  </testcase>
</testsuite>