<?xml version="1.0" encoding="UTF-8"?>
<testsuite xmlns:xsi="http://www.w3.org/2001/XMLSchema-instance" xsi:noNamespaceSchemaLocation="https://maven.apache.org/surefire/maven-surefire-plugin/xsd/surefire-test-report.xsd" name="org.apache.hadoop.ozone.client.rpc.TestBlockOutputStreamWithFailures" time="772.219" tests="8" errors="0" skipped="0" failures="1">
  <properties>
    <property name="awt.toolkit" value="sun.awt.X11.XToolkit"/>
    <property name="file.encoding.pkg" value="sun.io"/>
    <property name="java.specification.version" value="1.8"/>
    <property name="sun.cpu.isalist" value=""/>
    <property name="sun.jnu.encoding" value="UTF-8"/>
    <property name="java.class.path" value="/workdir/hadoop-ozone/integration-test/target/test-classes:/workdir/hadoop-ozone/integration-test/target/classes:/home/user/.m2/repository/org/apache/hadoop/hadoop-ozone-common/0.5.0-SNAPSHOT/hadoop-ozone-common-0.5.0-SNAPSHOT.jar:/home/user/.m2/repository/org/apache/commons/commons-compress/1.4.1/commons-compress-1.4.1.jar:/home/user/.m2/repository/org/tukaani/xz/1.0/xz-1.0.jar:/home/user/.m2/repository/org/apache/hadoop/hadoop-common/3.2.0/hadoop-common-3.2.0.jar:/home/user/.m2/repository/org/apache/hadoop/hadoop-hdfs/3.2.0/hadoop-hdfs-3.2.0.jar:/home/user/.m2/repository/org/apache/hadoop/hadoop-hdfs-client/3.2.0/hadoop-hdfs-client-3.2.0.jar:/home/user/.m2/repository/com/fasterxml/jackson/core/jackson-annotations/2.9.5/jackson-annotations-2.9.5.jar:/home/user/.m2/repository/org/apache/hadoop/hadoop-hdds-common/0.5.0-SNAPSHOT/hadoop-hdds-common-0.5.0-SNAPSHOT.jar:/home/user/.m2/repository/javax/annotation/javax.annotation-api/1.2/javax.annotation-api-1.2.jar:/home/user/.m2/repository/org/apache/ratis/ratis-server/0.4.0-2337318-SNAPSHOT/ratis-server-0.4.0-2337318-SNAPSHOT.jar:/home/user/.m2/repository/org/apache/ratis/ratis-thirdparty-misc/0.2.0/ratis-thirdparty-misc-0.2.0.jar:/home/user/.m2/repository/org/apache/ratis/ratis-proto/0.4.0-2337318-SNAPSHOT/ratis-proto-0.4.0-2337318-SNAPSHOT.jar:/home/user/.m2/repository/org/apache/ratis/ratis-common/0.4.0-2337318-SNAPSHOT/ratis-common-0.4.0-2337318-SNAPSHOT.jar:/home/user/.m2/repository/org/apache/ratis/ratis-client/0.4.0-2337318-SNAPSHOT/ratis-client-0.4.0-2337318-SNAPSHOT.jar:/home/user/.m2/repository/org/apache/ratis/ratis-metrics/0.4.0-2337318-SNAPSHOT/ratis-metrics-0.4.0-2337318-SNAPSHOT.jar:/home/user/.m2/repository/org/apache/ratis/ratis-netty/0.4.0-2337318-SNAPSHOT/ratis-netty-0.4.0-2337318-SNAPSHOT.jar:/home/user/.m2/repository/org/apache/ratis/ratis-grpc/0.4.0-2337318-SNAPSHOT/ratis-grpc-0.4.0-2337318-SNAPSHOT.jar:/home/user/.m2/repository/org/rocksdb/rocksdbjni/6.0.1/rocksdbjni-6.0.1.jar:/home/user/.m2/repository/org/apache/logging/log4j/log4j-api/2.11.0/log4j-api-2.11.0.jar:/home/user/.m2/repository/org/apache/logging/log4j/log4j-core/2.11.0/log4j-core-2.11.0.jar:/home/user/.m2/repository/com/lmax/disruptor/3.4.2/disruptor-3.4.2.jar:/home/user/.m2/repository/org/apache/commons/commons-pool2/2.6.0/commons-pool2-2.6.0.jar:/home/user/.m2/repository/org/bouncycastle/bcpkix-jdk15on/1.60/bcpkix-jdk15on-1.60.jar:/home/user/.m2/repository/commons-validator/commons-validator/1.6/commons-validator-1.6.jar:/home/user/.m2/repository/commons-digester/commons-digester/1.8.1/commons-digester-1.8.1.jar:/home/user/.m2/repository/io/jaegertracing/jaeger-client/0.33.1/jaeger-client-0.33.1.jar:/home/user/.m2/repository/io/jaegertracing/jaeger-thrift/0.33.1/jaeger-thrift-0.33.1.jar:/home/user/.m2/repository/org/apache/thrift/libthrift/0.11.0/libthrift-0.11.0.jar:/home/user/.m2/repository/com/squareup/okhttp3/okhttp/3.9.0/okhttp-3.9.0.jar:/home/user/.m2/repository/com/squareup/okio/okio/1.13.0/okio-1.13.0.jar:/home/user/.m2/repository/io/jaegertracing/jaeger-core/0.33.1/jaeger-core-0.33.1.jar:/home/user/.m2/repository/io/jaegertracing/jaeger-tracerresolver/0.33.1/jaeger-tracerresolver-0.33.1.jar:/home/user/.m2/repository/io/opentracing/contrib/opentracing-tracerresolver/0.1.5/opentracing-tracerresolver-0.1.5.jar:/home/user/.m2/repository/io/opentracing/opentracing-util/0.31.0/opentracing-util-0.31.0.jar:/home/user/.m2/repository/io/opentracing/opentracing-api/0.31.0/opentracing-api-0.31.0.jar:/home/user/.m2/repository/io/opentracing/opentracing-noop/0.31.0/opentracing-noop-0.31.0.jar:/home/user/.m2/repository/org/apache/hadoop/hadoop-hdds-server-framework/0.5.0-SNAPSHOT/hadoop-hdds-server-framework-0.5.0-SNAPSHOT.jar:/home/user/.m2/repository/org/apache/hadoop/hadoop-hdds-container-service/0.5.0-SNAPSHOT/hadoop-hdds-container-service-0.5.0-SNAPSHOT.jar:/home/user/.m2/repository/org/apache/hadoop/hadoop-hdds-client/0.5.0-SNAPSHOT/hadoop-hdds-client-0.5.0-SNAPSHOT.jar:/home/user/.m2/repository/org/apache/hadoop/hadoop-hdds-tools/0.5.0-SNAPSHOT/hadoop-hdds-tools-0.5.0-SNAPSHOT.jar:/home/user/.m2/repository/org/apache/hadoop/hadoop-hdds-server-scm/0.5.0-SNAPSHOT/hadoop-hdds-server-scm-0.5.0-SNAPSHOT.jar:/home/user/.m2/repository/org/apache/hadoop/hadoop-hdds-docs/0.5.0-SNAPSHOT/hadoop-hdds-docs-0.5.0-SNAPSHOT.jar:/home/user/.m2/repository/io/dropwizard/metrics/metrics-core/3.2.4/metrics-core-3.2.4.jar:/home/user/.m2/repository/org/hamcrest/hamcrest-all/1.3/hamcrest-all-1.3.jar:/home/user/.m2/repository/org/bouncycastle/bcprov-jdk15on/1.60/bcprov-jdk15on-1.60.jar:/home/user/.m2/repository/info/picocli/picocli/3.9.6/picocli-3.9.6.jar:/home/user/.m2/repository/com/google/protobuf/protobuf-java/2.5.0/protobuf-java-2.5.0.jar:/home/user/.m2/repository/com/google/guava/guava/11.0.2/guava-11.0.2.jar:/home/user/.m2/repository/org/apache/hadoop/hadoop-ozone-ozone-manager/0.5.0-SNAPSHOT/hadoop-ozone-ozone-manager-0.5.0-SNAPSHOT.jar:/home/user/.m2/repository/org/apache/hadoop/hadoop-minikdc/3.2.0/hadoop-minikdc-3.2.0.jar:/home/user/.m2/repository/commons-io/commons-io/2.5/commons-io-2.5.jar:/home/user/.m2/repository/org/apache/kerby/kerb-simplekdc/1.0.1/kerb-simplekdc-1.0.1.jar:/home/user/.m2/repository/org/apache/kerby/kerb-client/1.0.1/kerb-client-1.0.1.jar:/home/user/.m2/repository/org/apache/kerby/kerby-config/1.0.1/kerby-config-1.0.1.jar:/home/user/.m2/repository/org/apache/kerby/kerb-core/1.0.1/kerb-core-1.0.1.jar:/home/user/.m2/repository/org/apache/kerby/kerby-pkix/1.0.1/kerby-pkix-1.0.1.jar:/home/user/.m2/repository/org/apache/kerby/kerby-asn1/1.0.1/kerby-asn1-1.0.1.jar:/home/user/.m2/repository/org/apache/kerby/kerby-util/1.0.1/kerby-util-1.0.1.jar:/home/user/.m2/repository/org/apache/kerby/kerb-common/1.0.1/kerb-common-1.0.1.jar:/home/user/.m2/repository/org/apache/kerby/kerb-crypto/1.0.1/kerb-crypto-1.0.1.jar:/home/user/.m2/repository/org/apache/kerby/kerb-util/1.0.1/kerb-util-1.0.1.jar:/home/user/.m2/repository/org/apache/kerby/token-provider/1.0.1/token-provider-1.0.1.jar:/home/user/.m2/repository/org/apache/kerby/kerb-admin/1.0.1/kerb-admin-1.0.1.jar:/home/user/.m2/repository/org/apache/kerby/kerb-server/1.0.1/kerb-server-1.0.1.jar:/home/user/.m2/repository/org/apache/kerby/kerb-identity/1.0.1/kerb-identity-1.0.1.jar:/home/user/.m2/repository/org/apache/kerby/kerby-xdr/1.0.1/kerby-xdr-1.0.1.jar:/home/user/.m2/repository/org/slf4j/slf4j-log4j12/1.7.25/slf4j-log4j12-1.7.25.jar:/home/user/.m2/repository/org/apache/hadoop/hadoop-ozone-objectstore-service/0.5.0-SNAPSHOT/hadoop-ozone-objectstore-service-0.5.0-SNAPSHOT.jar:/home/user/.m2/repository/org/apache/hadoop/hadoop-ozone-s3gateway/0.5.0-SNAPSHOT/hadoop-ozone-s3gateway-0.5.0-SNAPSHOT.jar:/home/user/.m2/repository/org/jboss/weld/servlet/weld-servlet/2.4.7.Final/weld-servlet-2.4.7.Final.jar:/home/user/.m2/repository/org/glassfish/jersey/containers/jersey-container-servlet-core/2.27/jersey-container-servlet-core-2.27.jar:/home/user/.m2/repository/org/glassfish/hk2/external/javax.inject/2.5.0-b42/javax.inject-2.5.0-b42.jar:/home/user/.m2/repository/org/glassfish/jersey/core/jersey-common/2.27/jersey-common-2.27.jar:/home/user/.m2/repository/org/glassfish/hk2/osgi-resource-locator/1.0.1/osgi-resource-locator-1.0.1.jar:/home/user/.m2/repository/javax/ws/rs/javax.ws.rs-api/2.1/javax.ws.rs-api-2.1.jar:/home/user/.m2/repository/org/glassfish/jersey/ext/cdi/jersey-cdi1x/2.27/jersey-cdi1x-2.27.jar:/home/user/.m2/repository/org/glassfish/jersey/inject/jersey-hk2/2.27/jersey-hk2-2.27.jar:/home/user/.m2/repository/org/glassfish/hk2/hk2-locator/2.5.0-b42/hk2-locator-2.5.0-b42.jar:/home/user/.m2/repository/org/javassist/javassist/3.22.0-CR2/javassist-3.22.0-CR2.jar:/home/user/.m2/repository/org/glassfish/hk2/hk2-api/2.5.0/hk2-api-2.5.0.jar:/home/user/.m2/repository/org/glassfish/hk2/external/jakarta.inject/2.5.0/jakarta.inject-2.5.0.jar:/home/user/.m2/repository/org/glassfish/hk2/hk2-utils/2.5.0/hk2-utils-2.5.0.jar:/home/user/.m2/repository/jakarta/annotation/jakarta.annotation-api/1.3.4/jakarta.annotation-api-1.3.4.jar:/home/user/.m2/repository/org/glassfish/hk2/external/aopalliance-repackaged/2.5.0/aopalliance-repackaged-2.5.0.jar:/home/user/.m2/repository/com/fasterxml/jackson/dataformat/jackson-dataformat-xml/2.9.0/jackson-dataformat-xml-2.9.0.jar:/home/user/.m2/repository/com/fasterxml/jackson/core/jackson-core/2.9.5/jackson-core-2.9.5.jar:/home/user/.m2/repository/com/fasterxml/jackson/module/jackson-module-jaxb-annotations/2.9.5/jackson-module-jaxb-annotations-2.9.5.jar:/home/user/.m2/repository/javax/enterprise/cdi-api/1.2/cdi-api-1.2.jar:/home/user/.m2/repository/javax/el/javax.el-api/3.0.0/javax.el-api-3.0.0.jar:/home/user/.m2/repository/javax/interceptor/javax.interceptor-api/1.2/javax.interceptor-api-1.2.jar:/home/user/.m2/repository/javax/inject/javax.inject/1/javax.inject-1.jar:/home/user/.m2/repository/com/sun/xml/bind/jaxb-impl/2.3.0.1/jaxb-impl-2.3.0.1.jar:/home/user/.m2/repository/com/sun/xml/bind/jaxb-core/2.3.0.1/jaxb-core-2.3.0.1.jar:/home/user/.m2/repository/javax/xml/bind/jaxb-api/2.3.0/jaxb-api-2.3.0.jar:/home/user/.m2/repository/javax/activation/activation/1.1.1/activation-1.1.1.jar:/home/user/.m2/repository/org/apache/hadoop/hadoop-ozone-csi/0.5.0-SNAPSHOT/hadoop-ozone-csi-0.5.0-SNAPSHOT.jar:/home/user/.m2/repository/com/google/protobuf/protobuf-java-util/3.5.1/protobuf-java-util-3.5.1.jar:/home/user/.m2/repository/org/apache/hadoop/hadoop-hdds-config/0.5.0-SNAPSHOT/hadoop-hdds-config-0.5.0-SNAPSHOT.jar:/home/user/.m2/repository/io/grpc/grpc-netty/1.17.1/grpc-netty-1.17.1.jar:/home/user/.m2/repository/io/grpc/grpc-core/1.17.1/grpc-core-1.17.1.jar:/home/user/.m2/repository/io/grpc/grpc-context/1.17.1/grpc-context-1.17.1.jar:/home/user/.m2/repository/com/google/errorprone/error_prone_annotations/2.2.0/error_prone_annotations-2.2.0.jar:/home/user/.m2/repository/org/codehaus/mojo/animal-sniffer-annotations/1.17/animal-sniffer-annotations-1.17.jar:/home/user/.m2/repository/io/opencensus/opencensus-api/0.17.0/opencensus-api-0.17.0.jar:/home/user/.m2/repository/io/opencensus/opencensus-contrib-grpc-metrics/0.17.0/opencensus-contrib-grpc-metrics-0.17.0.jar:/home/user/.m2/repository/io/netty/netty-codec-http2/4.1.30.Final/netty-codec-http2-4.1.30.Final.jar:/home/user/.m2/repository/io/netty/netty-codec-http/4.1.30.Final/netty-codec-http-4.1.30.Final.jar:/home/user/.m2/repository/io/netty/netty-codec/4.1.30.Final/netty-codec-4.1.30.Final.jar:/home/user/.m2/repository/io/netty/netty-handler/4.1.30.Final/netty-handler-4.1.30.Final.jar:/home/user/.m2/repository/io/netty/netty-handler-proxy/4.1.30.Final/netty-handler-proxy-4.1.30.Final.jar:/home/user/.m2/repository/io/netty/netty-codec-socks/4.1.30.Final/netty-codec-socks-4.1.30.Final.jar:/home/user/.m2/repository/io/netty/netty-transport-native-epoll/4.1.30.Final/netty-transport-native-epoll-4.1.30.Final.jar:/home/user/.m2/repository/io/netty/netty-common/4.1.30.Final/netty-common-4.1.30.Final.jar:/home/user/.m2/repository/io/netty/netty-buffer/4.1.30.Final/netty-buffer-4.1.30.Final.jar:/home/user/.m2/repository/io/netty/netty-transport/4.1.30.Final/netty-transport-4.1.30.Final.jar:/home/user/.m2/repository/io/netty/netty-resolver/4.1.30.Final/netty-resolver-4.1.30.Final.jar:/home/user/.m2/repository/io/netty/netty-transport-native-unix-common/4.1.30.Final/netty-transport-native-unix-common-4.1.30.Final.jar:/home/user/.m2/repository/io/grpc/grpc-protobuf/1.17.1/grpc-protobuf-1.17.1.jar:/home/user/.m2/repository/com/google/api/grpc/proto-google-common-protos/1.0.0/proto-google-common-protos-1.0.0.jar:/home/user/.m2/repository/io/grpc/grpc-protobuf-lite/1.17.1/grpc-protobuf-lite-1.17.1.jar:/home/user/.m2/repository/io/grpc/grpc-stub/1.17.1/grpc-stub-1.17.1.jar:/home/user/.m2/repository/org/apache/hadoop/hadoop-ozone-recon/0.5.0-SNAPSHOT/hadoop-ozone-recon-0.5.0-SNAPSHOT.jar:/home/user/.m2/repository/org/apache/hadoop/hadoop-ozone-reconcodegen/0.5.0-SNAPSHOT/hadoop-ozone-reconcodegen-0.5.0-SNAPSHOT.jar:/home/user/.m2/repository/com/google/inject/extensions/guice-multibindings/4.0/guice-multibindings-4.0.jar:/home/user/.m2/repository/com/google/inject/guice/4.0/guice-4.0.jar:/home/user/.m2/repository/aopalliance/aopalliance/1.0/aopalliance-1.0.jar:/home/user/.m2/repository/com/google/inject/extensions/guice-servlet/4.0/guice-servlet-4.0.jar:/home/user/.m2/repository/org/glassfish/jersey/containers/jersey-container-servlet/2.27/jersey-container-servlet-2.27.jar:/home/user/.m2/repository/org/glassfish/hk2/guice-bridge/2.5.0/guice-bridge-2.5.0.jar:/home/user/.m2/repository/org/glassfish/jersey/core/jersey-server/2.27/jersey-server-2.27.jar:/home/user/.m2/repository/org/glassfish/jersey/core/jersey-client/2.27/jersey-client-2.27.jar:/home/user/.m2/repository/org/glassfish/jersey/media/jersey-media-jaxb/2.27/jersey-media-jaxb-2.27.jar:/home/user/.m2/repository/javax/validation/validation-api/1.1.0.Final/validation-api-1.1.0.Final.jar:/home/user/.m2/repository/org/glassfish/jersey/media/jersey-media-json-jackson/2.27/jersey-media-json-jackson-2.27.jar:/home/user/.m2/repository/org/glassfish/jersey/ext/jersey-entity-filtering/2.27/jersey-entity-filtering-2.27.jar:/home/user/.m2/repository/com/google/inject/extensions/guice-assistedinject/4.0/guice-assistedinject-4.0.jar:/home/user/.m2/repository/org/jooq/jooq/3.11.10/jooq-3.11.10.jar:/home/user/.m2/repository/org/jooq/jooq-meta/3.11.10/jooq-meta-3.11.10.jar:/home/user/.m2/repository/org/jooq/jooq-codegen/3.11.10/jooq-codegen-3.11.10.jar:/home/user/.m2/repository/com/jolbox/bonecp/0.8.0.RELEASE/bonecp-0.8.0.RELEASE.jar:/home/user/.m2/repository/org/xerial/sqlite-jdbc/3.25.2/sqlite-jdbc-3.25.2.jar:/home/user/.m2/repository/org/springframework/spring-jdbc/5.1.3.RELEASE/spring-jdbc-5.1.3.RELEASE.jar:/home/user/.m2/repository/org/springframework/spring-beans/5.1.3.RELEASE/spring-beans-5.1.3.RELEASE.jar:/home/user/.m2/repository/org/springframework/spring-core/5.1.3.RELEASE/spring-core-5.1.3.RELEASE.jar:/home/user/.m2/repository/org/springframework/spring-jcl/5.1.3.RELEASE/spring-jcl-5.1.3.RELEASE.jar:/home/user/.m2/repository/org/springframework/spring-tx/5.1.3.RELEASE/spring-tx-5.1.3.RELEASE.jar:/home/user/.m2/repository/org/apache/hadoop/hadoop-ozone-client/0.5.0-SNAPSHOT/hadoop-ozone-client-0.5.0-SNAPSHOT.jar:/home/user/.m2/repository/commons-lang/commons-lang/2.6/commons-lang-2.6.jar:/home/user/.m2/repository/org/apache/hadoop/hadoop-ozone-ozone-manager/0.5.0-SNAPSHOT/hadoop-ozone-ozone-manager-0.5.0-SNAPSHOT-tests.jar:/home/user/.m2/repository/junit/junit/4.11/junit-4.11.jar:/home/user/.m2/repository/org/hamcrest/hamcrest-core/1.3/hamcrest-core-1.3.jar:/home/user/.m2/repository/org/openjdk/jmh/jmh-core/1.19/jmh-core-1.19.jar:/home/user/.m2/repository/net/sf/jopt-simple/jopt-simple/4.6/jopt-simple-4.6.jar:/home/user/.m2/repository/org/apache/commons/commons-math3/3.1.1/commons-math3-3.1.1.jar:/home/user/.m2/repository/org/openjdk/jmh/jmh-generator-annprocess/1.19/jmh-generator-annprocess-1.19.jar:/home/user/.m2/repository/org/mockito/mockito-all/1.8.5/mockito-all-1.8.5.jar:/home/user/.m2/repository/org/apache/hadoop/hadoop-kms/3.2.0/hadoop-kms-3.2.0.jar:/home/user/.m2/repository/org/apache/hadoop/hadoop-auth/3.2.0/hadoop-auth-3.2.0.jar:/home/user/.m2/repository/com/nimbusds/nimbus-jose-jwt/4.41.1/nimbus-jose-jwt-4.41.1.jar:/home/user/.m2/repository/com/github/stephenc/jcip/jcip-annotations/1.0-1/jcip-annotations-1.0-1.jar:/home/user/.m2/repository/net/minidev/json-smart/2.3/json-smart-2.3.jar:/home/user/.m2/repository/net/minidev/accessors-smart/1.2/accessors-smart-1.2.jar:/home/user/.m2/repository/org/ow2/asm/asm/5.0.4/asm-5.0.4.jar:/home/user/.m2/repository/org/apache/curator/curator-framework/2.12.0/curator-framework-2.12.0.jar:/home/user/.m2/repository/com/sun/jersey/jersey-core/1.19/jersey-core-1.19.jar:/home/user/.m2/repository/javax/ws/rs/jsr311-api/1.1.1/jsr311-api-1.1.1.jar:/home/user/.m2/repository/com/sun/jersey/jersey-server/1.19/jersey-server-1.19.jar:/home/user/.m2/repository/javax/servlet/javax.servlet-api/3.1.0/javax.servlet-api-3.1.0.jar:/home/user/.m2/repository/org/eclipse/jetty/jetty-server/9.3.24.v20180605/jetty-server-9.3.24.v20180605.jar:/home/user/.m2/repository/org/eclipse/jetty/jetty-http/9.3.24.v20180605/jetty-http-9.3.24.v20180605.jar:/home/user/.m2/repository/org/eclipse/jetty/jetty-io/9.3.24.v20180605/jetty-io-9.3.24.v20180605.jar:/home/user/.m2/repository/org/eclipse/jetty/jetty-webapp/9.3.24.v20180605/jetty-webapp-9.3.24.v20180605.jar:/home/user/.m2/repository/org/eclipse/jetty/jetty-xml/9.3.24.v20180605/jetty-xml-9.3.24.v20180605.jar:/home/user/.m2/repository/log4j/log4j/1.2.17/log4j-1.2.17.jar:/home/user/.m2/repository/org/slf4j/slf4j-api/1.7.25/slf4j-api-1.7.25.jar:/home/user/.m2/repository/org/slf4j/jul-to-slf4j/1.7.25/jul-to-slf4j-1.7.25.jar:/home/user/.m2/repository/org/eclipse/jetty/jetty-util/9.3.24.v20180605/jetty-util-9.3.24.v20180605.jar:/home/user/.m2/repository/com/fasterxml/jackson/core/jackson-databind/2.9.5/jackson-databind-2.9.5.jar:/home/user/.m2/repository/org/apache/hadoop/hadoop-kms/3.2.0/hadoop-kms-3.2.0-tests.jar:/home/user/.m2/repository/org/apache/hadoop/hadoop-hdds-server-scm/0.5.0-SNAPSHOT/hadoop-hdds-server-scm-0.5.0-SNAPSHOT-tests.jar:/home/user/.m2/repository/org/apache/hadoop/hadoop-hdds-container-service/0.5.0-SNAPSHOT/hadoop-hdds-container-service-0.5.0-SNAPSHOT-tests.jar:/home/user/.m2/repository/org/yaml/snakeyaml/1.16/snakeyaml-1.16.jar:/home/user/.m2/repository/org/apache/hadoop/hadoop-common/3.2.0/hadoop-common-3.2.0-tests.jar:/home/user/.m2/repository/org/apache/hadoop/hadoop-annotations/3.2.0/hadoop-annotations-3.2.0.jar:/usr/lib/jvm/java-1.8-openjdk/jre/../lib/tools.jar:/home/user/.m2/repository/commons-cli/commons-cli/1.2/commons-cli-1.2.jar:/home/user/.m2/repository/org/apache/httpcomponents/httpclient/4.5.2/httpclient-4.5.2.jar:/home/user/.m2/repository/org/apache/httpcomponents/httpcore/4.4.4/httpcore-4.4.4.jar:/home/user/.m2/repository/commons-codec/commons-codec/1.11/commons-codec-1.11.jar:/home/user/.m2/repository/commons-net/commons-net/3.6/commons-net-3.6.jar:/home/user/.m2/repository/commons-collections/commons-collections/3.2.2/commons-collections-3.2.2.jar:/home/user/.m2/repository/org/eclipse/jetty/jetty-servlet/9.3.24.v20180605/jetty-servlet-9.3.24.v20180605.jar:/home/user/.m2/repository/org/eclipse/jetty/jetty-security/9.3.24.v20180605/jetty-security-9.3.24.v20180605.jar:/home/user/.m2/repository/javax/servlet/jsp/jsp-api/2.1/jsp-api-2.1.jar:/home/user/.m2/repository/com/sun/jersey/jersey-servlet/1.19/jersey-servlet-1.19.jar:/home/user/.m2/repository/com/sun/jersey/jersey-json/1.19/jersey-json-1.19.jar:/home/user/.m2/repository/org/codehaus/jettison/jettison/1.1/jettison-1.1.jar:/home/user/.m2/repository/org/codehaus/jackson/jackson-core-asl/1.9.13/jackson-core-asl-1.9.13.jar:/home/user/.m2/repository/org/codehaus/jackson/jackson-mapper-asl/1.9.13/jackson-mapper-asl-1.9.13.jar:/home/user/.m2/repository/org/codehaus/jackson/jackson-jaxrs/1.9.13/jackson-jaxrs-1.9.13.jar:/home/user/.m2/repository/org/codehaus/jackson/jackson-xc/1.9.13/jackson-xc-1.9.13.jar:/home/user/.m2/repository/commons-logging/commons-logging/1.1.3/commons-logging-1.1.3.jar:/home/user/.m2/repository/commons-beanutils/commons-beanutils/1.9.3/commons-beanutils-1.9.3.jar:/home/user/.m2/repository/org/apache/commons/commons-configuration2/2.1.1/commons-configuration2-2.1.1.jar:/home/user/.m2/repository/org/apache/commons/commons-lang3/3.7/commons-lang3-3.7.jar:/home/user/.m2/repository/org/apache/commons/commons-text/1.4/commons-text-1.4.jar:/home/user/.m2/repository/org/apache/avro/avro/1.7.7/avro-1.7.7.jar:/home/user/.m2/repository/com/thoughtworks/paranamer/paranamer/2.3/paranamer-2.3.jar:/home/user/.m2/repository/org/xerial/snappy/snappy-java/1.0.5/snappy-java-1.0.5.jar:/home/user/.m2/repository/com/google/re2j/re2j/1.1/re2j-1.1.jar:/home/user/.m2/repository/com/google/code/gson/gson/2.2.4/gson-2.2.4.jar:/home/user/.m2/repository/com/jcraft/jsch/0.1.54/jsch-0.1.54.jar:/home/user/.m2/repository/org/apache/curator/curator-client/2.12.0/curator-client-2.12.0.jar:/home/user/.m2/repository/org/apache/curator/curator-recipes/2.12.0/curator-recipes-2.12.0.jar:/home/user/.m2/repository/com/google/code/findbugs/jsr305/3.0.0/jsr305-3.0.0.jar:/home/user/.m2/repository/org/apache/htrace/htrace-core4/4.1.0-incubating/htrace-core4-4.1.0-incubating.jar:/home/user/.m2/repository/org/apache/zookeeper/zookeeper/3.4.13/zookeeper-3.4.13.jar:/home/user/.m2/repository/org/apache/yetus/audience-annotations/0.5.0/audience-annotations-0.5.0.jar:/home/user/.m2/repository/org/codehaus/woodstox/stax2-api/3.1.4/stax2-api-3.1.4.jar:/home/user/.m2/repository/com/fasterxml/woodstox/woodstox-core/5.0.3/woodstox-core-5.0.3.jar:/home/user/.m2/repository/dnsjava/dnsjava/2.1.7/dnsjava-2.1.7.jar:/home/user/.m2/repository/org/apache/hadoop/hadoop-hdfs/3.2.0/hadoop-hdfs-3.2.0-tests.jar:/home/user/.m2/repository/org/eclipse/jetty/jetty-util-ajax/9.3.24.v20180605/jetty-util-ajax-9.3.24.v20180605.jar:/home/user/.m2/repository/commons-daemon/commons-daemon/1.0.13/commons-daemon-1.0.13.jar:/home/user/.m2/repository/io/netty/netty/3.10.5.Final/netty-3.10.5.Final.jar:/home/user/.m2/repository/io/netty/netty-all/4.0.52.Final/netty-all-4.0.52.Final.jar:/home/user/.m2/repository/org/fusesource/leveldbjni/leveldbjni-all/1.8/leveldbjni-all-1.8.jar:"/>
    <property name="java.vm.vendor" value="IcedTea"/>
    <property name="sun.arch.data.model" value="64"/>
    <property name="test.build.dir" value="/workdir/hadoop-ozone/integration-test/target/test-dir"/>
    <property name="test.cache.data" value=""/>
    <property name="java.vendor.url" value="https://icedtea.classpath.org"/>
    <property name="user.timezone" value=""/>
    <property name="java.vm.specification.version" value="1.8"/>
    <property name="os.name" value="Linux"/>
    <property name="test.build.data" value="/workdir/hadoop-ozone/integration-test/target/test-dir"/>
    <property name="user.country" value="US"/>
    <property name="sun.java.launcher" value="SUN_STANDARD"/>
    <property name="sun.boot.library.path" value="/usr/lib/jvm/java-1.8-openjdk/jre/lib/amd64"/>
    <property name="sun.java.command" value="/workdir/hadoop-ozone/integration-test/target/surefire/surefirebooter1781839748718632344.jar /workdir/hadoop-ozone/integration-test/target/surefire 2019-08-21T17-19-33_753-jvmRun1 surefire5756123944434811290tmp surefire_208230928376026361659tmp"/>
    <property name="test" value="!TestMiniChaosOzoneCluster"/>
    <property name="surefire.test.class.path" value="/workdir/hadoop-ozone/integration-test/target/test-classes:/workdir/hadoop-ozone/integration-test/target/classes:/home/user/.m2/repository/org/apache/hadoop/hadoop-ozone-common/0.5.0-SNAPSHOT/hadoop-ozone-common-0.5.0-SNAPSHOT.jar:/home/user/.m2/repository/org/apache/commons/commons-compress/1.4.1/commons-compress-1.4.1.jar:/home/user/.m2/repository/org/tukaani/xz/1.0/xz-1.0.jar:/home/user/.m2/repository/org/apache/hadoop/hadoop-common/3.2.0/hadoop-common-3.2.0.jar:/home/user/.m2/repository/org/apache/hadoop/hadoop-hdfs/3.2.0/hadoop-hdfs-3.2.0.jar:/home/user/.m2/repository/org/apache/hadoop/hadoop-hdfs-client/3.2.0/hadoop-hdfs-client-3.2.0.jar:/home/user/.m2/repository/com/fasterxml/jackson/core/jackson-annotations/2.9.5/jackson-annotations-2.9.5.jar:/home/user/.m2/repository/org/apache/hadoop/hadoop-hdds-common/0.5.0-SNAPSHOT/hadoop-hdds-common-0.5.0-SNAPSHOT.jar:/home/user/.m2/repository/javax/annotation/javax.annotation-api/1.2/javax.annotation-api-1.2.jar:/home/user/.m2/repository/org/apache/ratis/ratis-server/0.4.0-2337318-SNAPSHOT/ratis-server-0.4.0-2337318-SNAPSHOT.jar:/home/user/.m2/repository/org/apache/ratis/ratis-thirdparty-misc/0.2.0/ratis-thirdparty-misc-0.2.0.jar:/home/user/.m2/repository/org/apache/ratis/ratis-proto/0.4.0-2337318-SNAPSHOT/ratis-proto-0.4.0-2337318-SNAPSHOT.jar:/home/user/.m2/repository/org/apache/ratis/ratis-common/0.4.0-2337318-SNAPSHOT/ratis-common-0.4.0-2337318-SNAPSHOT.jar:/home/user/.m2/repository/org/apache/ratis/ratis-client/0.4.0-2337318-SNAPSHOT/ratis-client-0.4.0-2337318-SNAPSHOT.jar:/home/user/.m2/repository/org/apache/ratis/ratis-metrics/0.4.0-2337318-SNAPSHOT/ratis-metrics-0.4.0-2337318-SNAPSHOT.jar:/home/user/.m2/repository/org/apache/ratis/ratis-netty/0.4.0-2337318-SNAPSHOT/ratis-netty-0.4.0-2337318-SNAPSHOT.jar:/home/user/.m2/repository/org/apache/ratis/ratis-grpc/0.4.0-2337318-SNAPSHOT/ratis-grpc-0.4.0-2337318-SNAPSHOT.jar:/home/user/.m2/repository/org/rocksdb/rocksdbjni/6.0.1/rocksdbjni-6.0.1.jar:/home/user/.m2/repository/org/apache/logging/log4j/log4j-api/2.11.0/log4j-api-2.11.0.jar:/home/user/.m2/repository/org/apache/logging/log4j/log4j-core/2.11.0/log4j-core-2.11.0.jar:/home/user/.m2/repository/com/lmax/disruptor/3.4.2/disruptor-3.4.2.jar:/home/user/.m2/repository/org/apache/commons/commons-pool2/2.6.0/commons-pool2-2.6.0.jar:/home/user/.m2/repository/org/bouncycastle/bcpkix-jdk15on/1.60/bcpkix-jdk15on-1.60.jar:/home/user/.m2/repository/commons-validator/commons-validator/1.6/commons-validator-1.6.jar:/home/user/.m2/repository/commons-digester/commons-digester/1.8.1/commons-digester-1.8.1.jar:/home/user/.m2/repository/io/jaegertracing/jaeger-client/0.33.1/jaeger-client-0.33.1.jar:/home/user/.m2/repository/io/jaegertracing/jaeger-thrift/0.33.1/jaeger-thrift-0.33.1.jar:/home/user/.m2/repository/org/apache/thrift/libthrift/0.11.0/libthrift-0.11.0.jar:/home/user/.m2/repository/com/squareup/okhttp3/okhttp/3.9.0/okhttp-3.9.0.jar:/home/user/.m2/repository/com/squareup/okio/okio/1.13.0/okio-1.13.0.jar:/home/user/.m2/repository/io/jaegertracing/jaeger-core/0.33.1/jaeger-core-0.33.1.jar:/home/user/.m2/repository/io/jaegertracing/jaeger-tracerresolver/0.33.1/jaeger-tracerresolver-0.33.1.jar:/home/user/.m2/repository/io/opentracing/contrib/opentracing-tracerresolver/0.1.5/opentracing-tracerresolver-0.1.5.jar:/home/user/.m2/repository/io/opentracing/opentracing-util/0.31.0/opentracing-util-0.31.0.jar:/home/user/.m2/repository/io/opentracing/opentracing-api/0.31.0/opentracing-api-0.31.0.jar:/home/user/.m2/repository/io/opentracing/opentracing-noop/0.31.0/opentracing-noop-0.31.0.jar:/home/user/.m2/repository/org/apache/hadoop/hadoop-hdds-server-framework/0.5.0-SNAPSHOT/hadoop-hdds-server-framework-0.5.0-SNAPSHOT.jar:/home/user/.m2/repository/org/apache/hadoop/hadoop-hdds-container-service/0.5.0-SNAPSHOT/hadoop-hdds-container-service-0.5.0-SNAPSHOT.jar:/home/user/.m2/repository/org/apache/hadoop/hadoop-hdds-client/0.5.0-SNAPSHOT/hadoop-hdds-client-0.5.0-SNAPSHOT.jar:/home/user/.m2/repository/org/apache/hadoop/hadoop-hdds-tools/0.5.0-SNAPSHOT/hadoop-hdds-tools-0.5.0-SNAPSHOT.jar:/home/user/.m2/repository/org/apache/hadoop/hadoop-hdds-server-scm/0.5.0-SNAPSHOT/hadoop-hdds-server-scm-0.5.0-SNAPSHOT.jar:/home/user/.m2/repository/org/apache/hadoop/hadoop-hdds-docs/0.5.0-SNAPSHOT/hadoop-hdds-docs-0.5.0-SNAPSHOT.jar:/home/user/.m2/repository/io/dropwizard/metrics/metrics-core/3.2.4/metrics-core-3.2.4.jar:/home/user/.m2/repository/org/hamcrest/hamcrest-all/1.3/hamcrest-all-1.3.jar:/home/user/.m2/repository/org/bouncycastle/bcprov-jdk15on/1.60/bcprov-jdk15on-1.60.jar:/home/user/.m2/repository/info/picocli/picocli/3.9.6/picocli-3.9.6.jar:/home/user/.m2/repository/com/google/protobuf/protobuf-java/2.5.0/protobuf-java-2.5.0.jar:/home/user/.m2/repository/com/google/guava/guava/11.0.2/guava-11.0.2.jar:/home/user/.m2/repository/org/apache/hadoop/hadoop-ozone-ozone-manager/0.5.0-SNAPSHOT/hadoop-ozone-ozone-manager-0.5.0-SNAPSHOT.jar:/home/user/.m2/repository/org/apache/hadoop/hadoop-minikdc/3.2.0/hadoop-minikdc-3.2.0.jar:/home/user/.m2/repository/commons-io/commons-io/2.5/commons-io-2.5.jar:/home/user/.m2/repository/org/apache/kerby/kerb-simplekdc/1.0.1/kerb-simplekdc-1.0.1.jar:/home/user/.m2/repository/org/apache/kerby/kerb-client/1.0.1/kerb-client-1.0.1.jar:/home/user/.m2/repository/org/apache/kerby/kerby-config/1.0.1/kerby-config-1.0.1.jar:/home/user/.m2/repository/org/apache/kerby/kerb-core/1.0.1/kerb-core-1.0.1.jar:/home/user/.m2/repository/org/apache/kerby/kerby-pkix/1.0.1/kerby-pkix-1.0.1.jar:/home/user/.m2/repository/org/apache/kerby/kerby-asn1/1.0.1/kerby-asn1-1.0.1.jar:/home/user/.m2/repository/org/apache/kerby/kerby-util/1.0.1/kerby-util-1.0.1.jar:/home/user/.m2/repository/org/apache/kerby/kerb-common/1.0.1/kerb-common-1.0.1.jar:/home/user/.m2/repository/org/apache/kerby/kerb-crypto/1.0.1/kerb-crypto-1.0.1.jar:/home/user/.m2/repository/org/apache/kerby/kerb-util/1.0.1/kerb-util-1.0.1.jar:/home/user/.m2/repository/org/apache/kerby/token-provider/1.0.1/token-provider-1.0.1.jar:/home/user/.m2/repository/org/apache/kerby/kerb-admin/1.0.1/kerb-admin-1.0.1.jar:/home/user/.m2/repository/org/apache/kerby/kerb-server/1.0.1/kerb-server-1.0.1.jar:/home/user/.m2/repository/org/apache/kerby/kerb-identity/1.0.1/kerb-identity-1.0.1.jar:/home/user/.m2/repository/org/apache/kerby/kerby-xdr/1.0.1/kerby-xdr-1.0.1.jar:/home/user/.m2/repository/org/slf4j/slf4j-log4j12/1.7.25/slf4j-log4j12-1.7.25.jar:/home/user/.m2/repository/org/apache/hadoop/hadoop-ozone-objectstore-service/0.5.0-SNAPSHOT/hadoop-ozone-objectstore-service-0.5.0-SNAPSHOT.jar:/home/user/.m2/repository/org/apache/hadoop/hadoop-ozone-s3gateway/0.5.0-SNAPSHOT/hadoop-ozone-s3gateway-0.5.0-SNAPSHOT.jar:/home/user/.m2/repository/org/jboss/weld/servlet/weld-servlet/2.4.7.Final/weld-servlet-2.4.7.Final.jar:/home/user/.m2/repository/org/glassfish/jersey/containers/jersey-container-servlet-core/2.27/jersey-container-servlet-core-2.27.jar:/home/user/.m2/repository/org/glassfish/hk2/external/javax.inject/2.5.0-b42/javax.inject-2.5.0-b42.jar:/home/user/.m2/repository/org/glassfish/jersey/core/jersey-common/2.27/jersey-common-2.27.jar:/home/user/.m2/repository/org/glassfish/hk2/osgi-resource-locator/1.0.1/osgi-resource-locator-1.0.1.jar:/home/user/.m2/repository/javax/ws/rs/javax.ws.rs-api/2.1/javax.ws.rs-api-2.1.jar:/home/user/.m2/repository/org/glassfish/jersey/ext/cdi/jersey-cdi1x/2.27/jersey-cdi1x-2.27.jar:/home/user/.m2/repository/org/glassfish/jersey/inject/jersey-hk2/2.27/jersey-hk2-2.27.jar:/home/user/.m2/repository/org/glassfish/hk2/hk2-locator/2.5.0-b42/hk2-locator-2.5.0-b42.jar:/home/user/.m2/repository/org/javassist/javassist/3.22.0-CR2/javassist-3.22.0-CR2.jar:/home/user/.m2/repository/org/glassfish/hk2/hk2-api/2.5.0/hk2-api-2.5.0.jar:/home/user/.m2/repository/org/glassfish/hk2/external/jakarta.inject/2.5.0/jakarta.inject-2.5.0.jar:/home/user/.m2/repository/org/glassfish/hk2/hk2-utils/2.5.0/hk2-utils-2.5.0.jar:/home/user/.m2/repository/jakarta/annotation/jakarta.annotation-api/1.3.4/jakarta.annotation-api-1.3.4.jar:/home/user/.m2/repository/org/glassfish/hk2/external/aopalliance-repackaged/2.5.0/aopalliance-repackaged-2.5.0.jar:/home/user/.m2/repository/com/fasterxml/jackson/dataformat/jackson-dataformat-xml/2.9.0/jackson-dataformat-xml-2.9.0.jar:/home/user/.m2/repository/com/fasterxml/jackson/core/jackson-core/2.9.5/jackson-core-2.9.5.jar:/home/user/.m2/repository/com/fasterxml/jackson/module/jackson-module-jaxb-annotations/2.9.5/jackson-module-jaxb-annotations-2.9.5.jar:/home/user/.m2/repository/javax/enterprise/cdi-api/1.2/cdi-api-1.2.jar:/home/user/.m2/repository/javax/el/javax.el-api/3.0.0/javax.el-api-3.0.0.jar:/home/user/.m2/repository/javax/interceptor/javax.interceptor-api/1.2/javax.interceptor-api-1.2.jar:/home/user/.m2/repository/javax/inject/javax.inject/1/javax.inject-1.jar:/home/user/.m2/repository/com/sun/xml/bind/jaxb-impl/2.3.0.1/jaxb-impl-2.3.0.1.jar:/home/user/.m2/repository/com/sun/xml/bind/jaxb-core/2.3.0.1/jaxb-core-2.3.0.1.jar:/home/user/.m2/repository/javax/xml/bind/jaxb-api/2.3.0/jaxb-api-2.3.0.jar:/home/user/.m2/repository/javax/activation/activation/1.1.1/activation-1.1.1.jar:/home/user/.m2/repository/org/apache/hadoop/hadoop-ozone-csi/0.5.0-SNAPSHOT/hadoop-ozone-csi-0.5.0-SNAPSHOT.jar:/home/user/.m2/repository/com/google/protobuf/protobuf-java-util/3.5.1/protobuf-java-util-3.5.1.jar:/home/user/.m2/repository/org/apache/hadoop/hadoop-hdds-config/0.5.0-SNAPSHOT/hadoop-hdds-config-0.5.0-SNAPSHOT.jar:/home/user/.m2/repository/io/grpc/grpc-netty/1.17.1/grpc-netty-1.17.1.jar:/home/user/.m2/repository/io/grpc/grpc-core/1.17.1/grpc-core-1.17.1.jar:/home/user/.m2/repository/io/grpc/grpc-context/1.17.1/grpc-context-1.17.1.jar:/home/user/.m2/repository/com/google/errorprone/error_prone_annotations/2.2.0/error_prone_annotations-2.2.0.jar:/home/user/.m2/repository/org/codehaus/mojo/animal-sniffer-annotations/1.17/animal-sniffer-annotations-1.17.jar:/home/user/.m2/repository/io/opencensus/opencensus-api/0.17.0/opencensus-api-0.17.0.jar:/home/user/.m2/repository/io/opencensus/opencensus-contrib-grpc-metrics/0.17.0/opencensus-contrib-grpc-metrics-0.17.0.jar:/home/user/.m2/repository/io/netty/netty-codec-http2/4.1.30.Final/netty-codec-http2-4.1.30.Final.jar:/home/user/.m2/repository/io/netty/netty-codec-http/4.1.30.Final/netty-codec-http-4.1.30.Final.jar:/home/user/.m2/repository/io/netty/netty-codec/4.1.30.Final/netty-codec-4.1.30.Final.jar:/home/user/.m2/repository/io/netty/netty-handler/4.1.30.Final/netty-handler-4.1.30.Final.jar:/home/user/.m2/repository/io/netty/netty-handler-proxy/4.1.30.Final/netty-handler-proxy-4.1.30.Final.jar:/home/user/.m2/repository/io/netty/netty-codec-socks/4.1.30.Final/netty-codec-socks-4.1.30.Final.jar:/home/user/.m2/repository/io/netty/netty-transport-native-epoll/4.1.30.Final/netty-transport-native-epoll-4.1.30.Final.jar:/home/user/.m2/repository/io/netty/netty-common/4.1.30.Final/netty-common-4.1.30.Final.jar:/home/user/.m2/repository/io/netty/netty-buffer/4.1.30.Final/netty-buffer-4.1.30.Final.jar:/home/user/.m2/repository/io/netty/netty-transport/4.1.30.Final/netty-transport-4.1.30.Final.jar:/home/user/.m2/repository/io/netty/netty-resolver/4.1.30.Final/netty-resolver-4.1.30.Final.jar:/home/user/.m2/repository/io/netty/netty-transport-native-unix-common/4.1.30.Final/netty-transport-native-unix-common-4.1.30.Final.jar:/home/user/.m2/repository/io/grpc/grpc-protobuf/1.17.1/grpc-protobuf-1.17.1.jar:/home/user/.m2/repository/com/google/api/grpc/proto-google-common-protos/1.0.0/proto-google-common-protos-1.0.0.jar:/home/user/.m2/repository/io/grpc/grpc-protobuf-lite/1.17.1/grpc-protobuf-lite-1.17.1.jar:/home/user/.m2/repository/io/grpc/grpc-stub/1.17.1/grpc-stub-1.17.1.jar:/home/user/.m2/repository/org/apache/hadoop/hadoop-ozone-recon/0.5.0-SNAPSHOT/hadoop-ozone-recon-0.5.0-SNAPSHOT.jar:/home/user/.m2/repository/org/apache/hadoop/hadoop-ozone-reconcodegen/0.5.0-SNAPSHOT/hadoop-ozone-reconcodegen-0.5.0-SNAPSHOT.jar:/home/user/.m2/repository/com/google/inject/extensions/guice-multibindings/4.0/guice-multibindings-4.0.jar:/home/user/.m2/repository/com/google/inject/guice/4.0/guice-4.0.jar:/home/user/.m2/repository/aopalliance/aopalliance/1.0/aopalliance-1.0.jar:/home/user/.m2/repository/com/google/inject/extensions/guice-servlet/4.0/guice-servlet-4.0.jar:/home/user/.m2/repository/org/glassfish/jersey/containers/jersey-container-servlet/2.27/jersey-container-servlet-2.27.jar:/home/user/.m2/repository/org/glassfish/hk2/guice-bridge/2.5.0/guice-bridge-2.5.0.jar:/home/user/.m2/repository/org/glassfish/jersey/core/jersey-server/2.27/jersey-server-2.27.jar:/home/user/.m2/repository/org/glassfish/jersey/core/jersey-client/2.27/jersey-client-2.27.jar:/home/user/.m2/repository/org/glassfish/jersey/media/jersey-media-jaxb/2.27/jersey-media-jaxb-2.27.jar:/home/user/.m2/repository/javax/validation/validation-api/1.1.0.Final/validation-api-1.1.0.Final.jar:/home/user/.m2/repository/org/glassfish/jersey/media/jersey-media-json-jackson/2.27/jersey-media-json-jackson-2.27.jar:/home/user/.m2/repository/org/glassfish/jersey/ext/jersey-entity-filtering/2.27/jersey-entity-filtering-2.27.jar:/home/user/.m2/repository/com/google/inject/extensions/guice-assistedinject/4.0/guice-assistedinject-4.0.jar:/home/user/.m2/repository/org/jooq/jooq/3.11.10/jooq-3.11.10.jar:/home/user/.m2/repository/org/jooq/jooq-meta/3.11.10/jooq-meta-3.11.10.jar:/home/user/.m2/repository/org/jooq/jooq-codegen/3.11.10/jooq-codegen-3.11.10.jar:/home/user/.m2/repository/com/jolbox/bonecp/0.8.0.RELEASE/bonecp-0.8.0.RELEASE.jar:/home/user/.m2/repository/org/xerial/sqlite-jdbc/3.25.2/sqlite-jdbc-3.25.2.jar:/home/user/.m2/repository/org/springframework/spring-jdbc/5.1.3.RELEASE/spring-jdbc-5.1.3.RELEASE.jar:/home/user/.m2/repository/org/springframework/spring-beans/5.1.3.RELEASE/spring-beans-5.1.3.RELEASE.jar:/home/user/.m2/repository/org/springframework/spring-core/5.1.3.RELEASE/spring-core-5.1.3.RELEASE.jar:/home/user/.m2/repository/org/springframework/spring-jcl/5.1.3.RELEASE/spring-jcl-5.1.3.RELEASE.jar:/home/user/.m2/repository/org/springframework/spring-tx/5.1.3.RELEASE/spring-tx-5.1.3.RELEASE.jar:/home/user/.m2/repository/org/apache/hadoop/hadoop-ozone-client/0.5.0-SNAPSHOT/hadoop-ozone-client-0.5.0-SNAPSHOT.jar:/home/user/.m2/repository/commons-lang/commons-lang/2.6/commons-lang-2.6.jar:/home/user/.m2/repository/org/apache/hadoop/hadoop-ozone-ozone-manager/0.5.0-SNAPSHOT/hadoop-ozone-ozone-manager-0.5.0-SNAPSHOT-tests.jar:/home/user/.m2/repository/junit/junit/4.11/junit-4.11.jar:/home/user/.m2/repository/org/hamcrest/hamcrest-core/1.3/hamcrest-core-1.3.jar:/home/user/.m2/repository/org/openjdk/jmh/jmh-core/1.19/jmh-core-1.19.jar:/home/user/.m2/repository/net/sf/jopt-simple/jopt-simple/4.6/jopt-simple-4.6.jar:/home/user/.m2/repository/org/apache/commons/commons-math3/3.1.1/commons-math3-3.1.1.jar:/home/user/.m2/repository/org/openjdk/jmh/jmh-generator-annprocess/1.19/jmh-generator-annprocess-1.19.jar:/home/user/.m2/repository/org/mockito/mockito-all/1.8.5/mockito-all-1.8.5.jar:/home/user/.m2/repository/org/apache/hadoop/hadoop-kms/3.2.0/hadoop-kms-3.2.0.jar:/home/user/.m2/repository/org/apache/hadoop/hadoop-auth/3.2.0/hadoop-auth-3.2.0.jar:/home/user/.m2/repository/com/nimbusds/nimbus-jose-jwt/4.41.1/nimbus-jose-jwt-4.41.1.jar:/home/user/.m2/repository/com/github/stephenc/jcip/jcip-annotations/1.0-1/jcip-annotations-1.0-1.jar:/home/user/.m2/repository/net/minidev/json-smart/2.3/json-smart-2.3.jar:/home/user/.m2/repository/net/minidev/accessors-smart/1.2/accessors-smart-1.2.jar:/home/user/.m2/repository/org/ow2/asm/asm/5.0.4/asm-5.0.4.jar:/home/user/.m2/repository/org/apache/curator/curator-framework/2.12.0/curator-framework-2.12.0.jar:/home/user/.m2/repository/com/sun/jersey/jersey-core/1.19/jersey-core-1.19.jar:/home/user/.m2/repository/javax/ws/rs/jsr311-api/1.1.1/jsr311-api-1.1.1.jar:/home/user/.m2/repository/com/sun/jersey/jersey-server/1.19/jersey-server-1.19.jar:/home/user/.m2/repository/javax/servlet/javax.servlet-api/3.1.0/javax.servlet-api-3.1.0.jar:/home/user/.m2/repository/org/eclipse/jetty/jetty-server/9.3.24.v20180605/jetty-server-9.3.24.v20180605.jar:/home/user/.m2/repository/org/eclipse/jetty/jetty-http/9.3.24.v20180605/jetty-http-9.3.24.v20180605.jar:/home/user/.m2/repository/org/eclipse/jetty/jetty-io/9.3.24.v20180605/jetty-io-9.3.24.v20180605.jar:/home/user/.m2/repository/org/eclipse/jetty/jetty-webapp/9.3.24.v20180605/jetty-webapp-9.3.24.v20180605.jar:/home/user/.m2/repository/org/eclipse/jetty/jetty-xml/9.3.24.v20180605/jetty-xml-9.3.24.v20180605.jar:/home/user/.m2/repository/log4j/log4j/1.2.17/log4j-1.2.17.jar:/home/user/.m2/repository/org/slf4j/slf4j-api/1.7.25/slf4j-api-1.7.25.jar:/home/user/.m2/repository/org/slf4j/jul-to-slf4j/1.7.25/jul-to-slf4j-1.7.25.jar:/home/user/.m2/repository/org/eclipse/jetty/jetty-util/9.3.24.v20180605/jetty-util-9.3.24.v20180605.jar:/home/user/.m2/repository/com/fasterxml/jackson/core/jackson-databind/2.9.5/jackson-databind-2.9.5.jar:/home/user/.m2/repository/org/apache/hadoop/hadoop-kms/3.2.0/hadoop-kms-3.2.0-tests.jar:/home/user/.m2/repository/org/apache/hadoop/hadoop-hdds-server-scm/0.5.0-SNAPSHOT/hadoop-hdds-server-scm-0.5.0-SNAPSHOT-tests.jar:/home/user/.m2/repository/org/apache/hadoop/hadoop-hdds-container-service/0.5.0-SNAPSHOT/hadoop-hdds-container-service-0.5.0-SNAPSHOT-tests.jar:/home/user/.m2/repository/org/yaml/snakeyaml/1.16/snakeyaml-1.16.jar:/home/user/.m2/repository/org/apache/hadoop/hadoop-common/3.2.0/hadoop-common-3.2.0-tests.jar:/home/user/.m2/repository/org/apache/hadoop/hadoop-annotations/3.2.0/hadoop-annotations-3.2.0.jar:/usr/lib/jvm/java-1.8-openjdk/jre/../lib/tools.jar:/home/user/.m2/repository/commons-cli/commons-cli/1.2/commons-cli-1.2.jar:/home/user/.m2/repository/org/apache/httpcomponents/httpclient/4.5.2/httpclient-4.5.2.jar:/home/user/.m2/repository/org/apache/httpcomponents/httpcore/4.4.4/httpcore-4.4.4.jar:/home/user/.m2/repository/commons-codec/commons-codec/1.11/commons-codec-1.11.jar:/home/user/.m2/repository/commons-net/commons-net/3.6/commons-net-3.6.jar:/home/user/.m2/repository/commons-collections/commons-collections/3.2.2/commons-collections-3.2.2.jar:/home/user/.m2/repository/org/eclipse/jetty/jetty-servlet/9.3.24.v20180605/jetty-servlet-9.3.24.v20180605.jar:/home/user/.m2/repository/org/eclipse/jetty/jetty-security/9.3.24.v20180605/jetty-security-9.3.24.v20180605.jar:/home/user/.m2/repository/javax/servlet/jsp/jsp-api/2.1/jsp-api-2.1.jar:/home/user/.m2/repository/com/sun/jersey/jersey-servlet/1.19/jersey-servlet-1.19.jar:/home/user/.m2/repository/com/sun/jersey/jersey-json/1.19/jersey-json-1.19.jar:/home/user/.m2/repository/org/codehaus/jettison/jettison/1.1/jettison-1.1.jar:/home/user/.m2/repository/org/codehaus/jackson/jackson-core-asl/1.9.13/jackson-core-asl-1.9.13.jar:/home/user/.m2/repository/org/codehaus/jackson/jackson-mapper-asl/1.9.13/jackson-mapper-asl-1.9.13.jar:/home/user/.m2/repository/org/codehaus/jackson/jackson-jaxrs/1.9.13/jackson-jaxrs-1.9.13.jar:/home/user/.m2/repository/org/codehaus/jackson/jackson-xc/1.9.13/jackson-xc-1.9.13.jar:/home/user/.m2/repository/commons-logging/commons-logging/1.1.3/commons-logging-1.1.3.jar:/home/user/.m2/repository/commons-beanutils/commons-beanutils/1.9.3/commons-beanutils-1.9.3.jar:/home/user/.m2/repository/org/apache/commons/commons-configuration2/2.1.1/commons-configuration2-2.1.1.jar:/home/user/.m2/repository/org/apache/commons/commons-lang3/3.7/commons-lang3-3.7.jar:/home/user/.m2/repository/org/apache/commons/commons-text/1.4/commons-text-1.4.jar:/home/user/.m2/repository/org/apache/avro/avro/1.7.7/avro-1.7.7.jar:/home/user/.m2/repository/com/thoughtworks/paranamer/paranamer/2.3/paranamer-2.3.jar:/home/user/.m2/repository/org/xerial/snappy/snappy-java/1.0.5/snappy-java-1.0.5.jar:/home/user/.m2/repository/com/google/re2j/re2j/1.1/re2j-1.1.jar:/home/user/.m2/repository/com/google/code/gson/gson/2.2.4/gson-2.2.4.jar:/home/user/.m2/repository/com/jcraft/jsch/0.1.54/jsch-0.1.54.jar:/home/user/.m2/repository/org/apache/curator/curator-client/2.12.0/curator-client-2.12.0.jar:/home/user/.m2/repository/org/apache/curator/curator-recipes/2.12.0/curator-recipes-2.12.0.jar:/home/user/.m2/repository/com/google/code/findbugs/jsr305/3.0.0/jsr305-3.0.0.jar:/home/user/.m2/repository/org/apache/htrace/htrace-core4/4.1.0-incubating/htrace-core4-4.1.0-incubating.jar:/home/user/.m2/repository/org/apache/zookeeper/zookeeper/3.4.13/zookeeper-3.4.13.jar:/home/user/.m2/repository/org/apache/yetus/audience-annotations/0.5.0/audience-annotations-0.5.0.jar:/home/user/.m2/repository/org/codehaus/woodstox/stax2-api/3.1.4/stax2-api-3.1.4.jar:/home/user/.m2/repository/com/fasterxml/woodstox/woodstox-core/5.0.3/woodstox-core-5.0.3.jar:/home/user/.m2/repository/dnsjava/dnsjava/2.1.7/dnsjava-2.1.7.jar:/home/user/.m2/repository/org/apache/hadoop/hadoop-hdfs/3.2.0/hadoop-hdfs-3.2.0-tests.jar:/home/user/.m2/repository/org/eclipse/jetty/jetty-util-ajax/9.3.24.v20180605/jetty-util-ajax-9.3.24.v20180605.jar:/home/user/.m2/repository/commons-daemon/commons-daemon/1.0.13/commons-daemon-1.0.13.jar:/home/user/.m2/repository/io/netty/netty/3.10.5.Final/netty-3.10.5.Final.jar:/home/user/.m2/repository/io/netty/netty-all/4.0.52.Final/netty-all-4.0.52.Final.jar:/home/user/.m2/repository/org/fusesource/leveldbjni/leveldbjni-all/1.8/leveldbjni-all-1.8.jar:"/>
    <property name="sun.cpu.endian" value="little"/>
    <property name="user.home" value="/home/user"/>
    <property name="user.language" value="en"/>
    <property name="java.specification.vendor" value="Oracle Corporation"/>
    <property name="java.home" value="/usr/lib/jvm/java-1.8-openjdk/jre"/>
    <property name="java.security.krb5.conf" value="/workdir/hadoop-ozone/integration-test/target/test-classes/krb5.conf"/>
    <property name="basedir" value="/workdir/hadoop-ozone/integration-test"/>
    <property name="file.separator" value="/"/>
    <property name="line.separator" value="&#10;"/>
    <property name="java.vm.specification.vendor" value="Oracle Corporation"/>
    <property name="java.specification.name" value="Java Platform API Specification"/>
    <property name="java.awt.graphicsenv" value="sun.awt.X11GraphicsEnvironment"/>
    <property name="surefire.real.class.path" value="/workdir/hadoop-ozone/integration-test/target/surefire/surefirebooter1781839748718632344.jar"/>
    <property name="hadoop.log.dir" value="/workdir/hadoop-ozone/integration-test/target/log"/>
    <property name="sun.boot.class.path" value="/usr/lib/jvm/java-1.8-openjdk/jre/lib/resources.jar:/usr/lib/jvm/java-1.8-openjdk/jre/lib/rt.jar:/usr/lib/jvm/java-1.8-openjdk/jre/lib/sunrsasign.jar:/usr/lib/jvm/java-1.8-openjdk/jre/lib/jsse.jar:/usr/lib/jvm/java-1.8-openjdk/jre/lib/jce.jar:/usr/lib/jvm/java-1.8-openjdk/jre/lib/charsets.jar:/usr/lib/jvm/java-1.8-openjdk/jre/lib/jfr.jar:/usr/lib/jvm/java-1.8-openjdk/jre/classes"/>
    <property name="sun.management.compiler" value="HotSpot 64-Bit Tiered Compilers"/>
    <property name="java.runtime.version" value="1.8.0_212-b04"/>
    <property name="java.net.preferIPv4Stack" value="true"/>
    <property name="user.name" value="jenkins1000"/>
    <property name="path.separator" value=":"/>
    <property name="java.security.egd" value="file:///dev/urandom"/>
    <property name="os.version" value="3.10.0-957.12.2.el7.x86_64"/>
    <property name="java.endorsed.dirs" value="/usr/lib/jvm/java-1.8-openjdk/jre/lib/endorsed"/>
    <property name="java.runtime.name" value="OpenJDK Runtime Environment"/>
    <property name="file.encoding" value="UTF-8"/>
    <property name="java.vm.name" value="OpenJDK 64-Bit Server VM"/>
    <property name="test.build.webapps" value=""/>
    <property name="localRepository" value="/home/user/.m2/repository"/>
    <property name="java.vendor.url.bug" value="https://icedtea.classpath.org/bugzilla"/>
    <property name="java.io.tmpdir" value="/tmp"/>
    <property name="require.test.libhadoop" value=""/>
    <property name="java.version" value="1.8.0_212"/>
    <property name="user.dir" value="/workdir/hadoop-ozone/integration-test"/>
    <property name="os.arch" value="amd64"/>
    <property name="java.vm.specification.name" value="Java Virtual Machine Specification"/>
    <property name="test.build.classes" value="/workdir/hadoop-ozone/integration-test/target/test-classes"/>
    <property name="java.awt.printerjob" value="sun.print.PSPrinterJob"/>
    <property name="sun.os.patch.level" value="unknown"/>
    <property name="hadoop.tmp.dir" value="/workdir/hadoop-ozone/integration-test/target/tmp"/>
    <property name="java.library.path" value="/usr/lib/jvm/java-1.8-openjdk/jre/lib/amd64/server:/usr/lib/jvm/java-1.8-openjdk/jre/lib/amd64:/usr/lib/jvm/java-1.8-openjdk/jre/../lib/amd64:/workdir/hadoop-ozone/integration-test/target/native/target/usr/local/lib:/workdir/hadoop-ozone/integration-test/../../hadoop-common-project/hadoop-common/target/native/target/usr/local/lib:/usr/java/packages/lib/amd64:/usr/lib64:/lib64:/lib:/usr/lib"/>
    <property name="java.vm.info" value="mixed mode"/>
    <property name="java.vendor" value="IcedTea"/>
    <property name="java.vm.version" value="25.212-b04"/>
    <property name="java.ext.dirs" value="/usr/lib/jvm/java-1.8-openjdk/jre/lib/ext:/usr/java/packages/lib/ext"/>
    <property name="sun.io.unicode.encoding" value="UnicodeLittle"/>
    <property name="java.class.version" value="52.0"/>
  </properties>
  <testcase name="test2DatanodesFailure" classname="org.apache.hadoop.ozone.client.rpc.TestBlockOutputStreamWithFailures" time="110.668"/>
  <testcase name="testDatanodeFailureWithPreAllocation" classname="org.apache.hadoop.ozone.client.rpc.TestBlockOutputStreamWithFailures" time="226.347"/>
  <testcase name="testDatanodeFailureWithSingleNodeRatis" classname="org.apache.hadoop.ozone.client.rpc.TestBlockOutputStreamWithFailures" time="230.146"/>
  <testcase name="testWatchForCommitWithSingleNodeRatis" classname="org.apache.hadoop.ozone.client.rpc.TestBlockOutputStreamWithFailures" time="35.774"/>
  <testcase name="testWatchForCommitDatanodeFailure" classname="org.apache.hadoop.ozone.client.rpc.TestBlockOutputStreamWithFailures" time="43.027">
    <failure message="expected:&lt;2&gt; but was:&lt;3&gt;" type="java.lang.AssertionError"><![CDATA[java.lang.AssertionError: expected:<2> but was:<3>
	at org.junit.Assert.fail(Assert.java:88)
	at org.junit.Assert.failNotEquals(Assert.java:743)
	at org.junit.Assert.assertEquals(Assert.java:118)
	at org.junit.Assert.assertEquals(Assert.java:555)
	at org.junit.Assert.assertEquals(Assert.java:542)
	at org.apache.hadoop.ozone.client.rpc.TestBlockOutputStreamWithFailures.testWatchForCommitDatanodeFailure(TestBlockOutputStreamWithFailures.java:366)
	at sun.reflect.NativeMethodAccessorImpl.invoke0(Native Method)
	at sun.reflect.NativeMethodAccessorImpl.invoke(NativeMethodAccessorImpl.java:62)
	at sun.reflect.DelegatingMethodAccessorImpl.invoke(DelegatingMethodAccessorImpl.java:43)
	at java.lang.reflect.Method.invoke(Method.java:498)
	at org.junit.runners.model.FrameworkMethod$1.runReflectiveCall(FrameworkMethod.java:47)
	at org.junit.internal.runners.model.ReflectiveCallable.run(ReflectiveCallable.java:12)
	at org.junit.runners.model.FrameworkMethod.invokeExplosively(FrameworkMethod.java:44)
	at org.junit.internal.runners.statements.InvokeMethod.evaluate(InvokeMethod.java:17)
	at org.junit.internal.runners.statements.RunBefores.evaluate(RunBefores.java:26)
	at org.junit.internal.runners.statements.RunAfters.evaluate(RunAfters.java:27)
	at org.junit.runners.ParentRunner.runLeaf(ParentRunner.java:271)
	at org.junit.runners.BlockJUnit4ClassRunner.runChild(BlockJUnit4ClassRunner.java:70)
	at org.junit.runners.BlockJUnit4ClassRunner.runChild(BlockJUnit4ClassRunner.java:50)
	at org.junit.runners.ParentRunner$3.run(ParentRunner.java:238)
	at org.junit.runners.ParentRunner$1.schedule(ParentRunner.java:63)
	at org.junit.runners.ParentRunner.runChildren(ParentRunner.java:236)
	at org.junit.runners.ParentRunner.access$000(ParentRunner.java:53)
	at org.junit.runners.ParentRunner$2.evaluate(ParentRunner.java:229)
	at org.junit.runners.ParentRunner.run(ParentRunner.java:309)
	at org.apache.maven.surefire.junit4.JUnit4Provider.execute(JUnit4Provider.java:365)
	at org.apache.maven.surefire.junit4.JUnit4Provider.executeWithRerun(JUnit4Provider.java:273)
	at org.apache.maven.surefire.junit4.JUnit4Provider.executeTestSet(JUnit4Provider.java:238)
	at org.apache.maven.surefire.junit4.JUnit4Provider.invoke(JUnit4Provider.java:159)
	at org.apache.maven.surefire.booter.ForkedBooter.invokeProviderInSameClassLoader(ForkedBooter.java:384)
	at org.apache.maven.surefire.booter.ForkedBooter.runSuitesInProcess(ForkedBooter.java:345)
	at org.apache.maven.surefire.booter.ForkedBooter.execute(ForkedBooter.java:126)
	at org.apache.maven.surefire.booter.ForkedBooter.main(ForkedBooter.java:418)
]]></failure>
    <system-out><![CDATA[2019-08-21 17:38:40,723 [main] WARN  server.ServerUtils (ServerUtils.java:getScmDbDir(145)) - ozone.scm.db.dirs is not configured. We recommend adding this setting. Falling back to ozone.metadata.dirs instead.
2019-08-21 17:38:40,752 [main] WARN  server.ServerUtils (ServerUtils.java:getScmDbDir(145)) - ozone.scm.db.dirs is not configured. We recommend adding this setting. Falling back to ozone.metadata.dirs instead.
2019-08-21 17:38:40,752 [main] WARN  server.ServerUtils (ServerUtils.java:getScmDbDir(145)) - ozone.scm.db.dirs is not configured. We recommend adding this setting. Falling back to ozone.metadata.dirs instead.
2019-08-21 17:38:40,753 [main] INFO  db.DBStoreBuilder (DBStoreBuilder.java:addTable(110)) - using custom profile for table: deletedBlocks
2019-08-21 17:38:40,753 [main] INFO  db.DBStoreBuilder (DBStoreBuilder.java:processTables(161)) - Using default column profile:DBProfile.DISK for Table:deletedBlocks
2019-08-21 17:38:40,753 [main] INFO  db.DBStoreBuilder (DBStoreBuilder.java:addTable(110)) - using custom profile for table: validCerts
2019-08-21 17:38:40,753 [main] INFO  db.DBStoreBuilder (DBStoreBuilder.java:processTables(161)) - Using default column profile:DBProfile.DISK for Table:validCerts
2019-08-21 17:38:40,754 [main] INFO  db.DBStoreBuilder (DBStoreBuilder.java:addTable(110)) - using custom profile for table: revokedCerts
2019-08-21 17:38:40,754 [main] INFO  db.DBStoreBuilder (DBStoreBuilder.java:processTables(161)) - Using default column profile:DBProfile.DISK for Table:revokedCerts
2019-08-21 17:38:40,754 [main] INFO  db.DBStoreBuilder (DBStoreBuilder.java:addTable(110)) - using custom profile for table: default
2019-08-21 17:38:40,754 [main] INFO  db.DBStoreBuilder (DBStoreBuilder.java:processTables(167)) - Using default column profile:DBProfile.DISK for Table:default
2019-08-21 17:38:40,754 [main] INFO  db.DBStoreBuilder (DBStoreBuilder.java:getDbProfile(198)) - Using default options. DBProfile.DISK
2019-08-21 17:38:41,009 [main] INFO  net.NodeSchemaLoader (NodeSchemaLoader.java:loadSchemaFromFile(125)) - Loading file from sun.misc.CompoundEnumeration@78a46d7b
2019-08-21 17:38:41,010 [main] INFO  net.NodeSchemaLoader (NodeSchemaLoader.java:loadSchema(171)) - Loading network topology layer schema file
2019-08-21 17:38:41,016 [main] INFO  node.SCMNodeManager (SCMNodeManager.java:<init>(114)) - Entering startup safe mode.
2019-08-21 17:38:41,017 [main] INFO  algorithms.ContainerPlacementPolicyFactory (ContainerPlacementPolicyFactory.java:getPolicy(55)) - Create container placement policy of type org.apache.hadoop.hdds.scm.container.placement.algorithms.SCMContainerPlacementRandom
2019-08-21 17:38:41,017 [main] WARN  server.ServerUtils (ServerUtils.java:getScmDbDir(145)) - ozone.scm.db.dirs is not configured. We recommend adding this setting. Falling back to ozone.metadata.dirs instead.
2019-08-21 17:38:41,124 [main] INFO  pipeline.SCMPipelineManager (SCMPipelineManager.java:initializePipelineState(126)) - No pipeline exists in current db
2019-08-21 17:38:41,124 [main] WARN  server.ServerUtils (ServerUtils.java:getScmDbDir(145)) - ozone.scm.db.dirs is not configured. We recommend adding this setting. Falling back to ozone.metadata.dirs instead.
2019-08-21 17:38:41,221 [main] WARN  events.EventQueue (EventQueue.java:fireEvent(183)) - No event handler registered for event TypedEvent{payloadType=SafeModeStatus, name='SafeModeStatus'}
2019-08-21 17:38:41,223 [main] INFO  ipc.CallQueueManager (CallQueueManager.java:<init>(84)) - Using callQueue: class java.util.concurrent.LinkedBlockingQueue, queueCapacity: 2000, scheduler: class org.apache.hadoop.ipc.DefaultRpcScheduler, ipcBackoff: false.
2019-08-21 17:38:41,224 [Socket Reader #1 for port 41845] INFO  ipc.Server (Server.java:run(1074)) - Starting Socket Reader #1 for port 41845
2019-08-21 17:38:41,226 [main] INFO  ipc.CallQueueManager (CallQueueManager.java:<init>(84)) - Using callQueue: class java.util.concurrent.LinkedBlockingQueue, queueCapacity: 2000, scheduler: class org.apache.hadoop.ipc.DefaultRpcScheduler, ipcBackoff: false.
2019-08-21 17:38:41,227 [Socket Reader #1 for port 45791] INFO  ipc.Server (Server.java:run(1074)) - Starting Socket Reader #1 for port 45791
2019-08-21 17:38:41,228 [main] INFO  ipc.CallQueueManager (CallQueueManager.java:<init>(84)) - Using callQueue: class java.util.concurrent.LinkedBlockingQueue, queueCapacity: 2000, scheduler: class org.apache.hadoop.ipc.DefaultRpcScheduler, ipcBackoff: false.
2019-08-21 17:38:41,229 [Socket Reader #1 for port 35080] INFO  ipc.Server (Server.java:run(1074)) - Starting Socket Reader #1 for port 35080
2019-08-21 17:38:41,232 [main] INFO  hdfs.DFSUtil (DFSUtil.java:httpServerTemplateForNNAndJN(1641)) - Starting Web-server for scm at: http://0.0.0.0:0
2019-08-21 17:38:41,233 [main] INFO  server.AuthenticationFilter (AuthenticationFilter.java:constructSecretProvider(240)) - Unable to initialize FileSignerSecretProvider, falling back to use random secrets.
2019-08-21 17:38:41,234 [main] WARN  http.HttpRequestLog (HttpRequestLog.java:getRequestLog(97)) - Jetty request log can only be enabled using Log4j
2019-08-21 17:38:41,235 [main] INFO  http.HttpServer2 (HttpServer2.java:addGlobalFilter(975)) - Added global filter 'safety' (class=org.apache.hadoop.http.HttpServer2$QuotingInputFilter)
2019-08-21 17:38:41,236 [main] INFO  http.HttpServer2 (HttpServer2.java:addFilter(948)) - Added filter static_user_filter (class=org.apache.hadoop.http.lib.StaticUserWebFilter$StaticUserFilter) to context scm
2019-08-21 17:38:41,236 [main] INFO  http.HttpServer2 (HttpServer2.java:addFilter(958)) - Added filter static_user_filter (class=org.apache.hadoop.http.lib.StaticUserWebFilter$StaticUserFilter) to context logs
2019-08-21 17:38:41,236 [main] INFO  http.HttpServer2 (HttpServer2.java:addFilter(958)) - Added filter static_user_filter (class=org.apache.hadoop.http.lib.StaticUserWebFilter$StaticUserFilter) to context static
2019-08-21 17:38:41,238 [main] INFO  server.StorageContainerManager (StorageContainerManager.java:start(759)) - StorageContainerLocationProtocol RPC server is listening at /0.0.0.0:35080
2019-08-21 17:38:41,240 [main] WARN  impl.MetricsConfig (MetricsConfig.java:loadFirst(134)) - Cannot locate configuration: tried hadoop-metrics2-storagecontainermanager.properties,hadoop-metrics2.properties
2019-08-21 17:38:41,240 [main] INFO  impl.MetricsSystemImpl (MetricsSystemImpl.java:startTimer(374)) - Scheduled Metric snapshot period at 10 second(s).
2019-08-21 17:38:41,241 [main] INFO  impl.MetricsSystemImpl (MetricsSystemImpl.java:start(191)) - StorageContainerManager metrics system started
2019-08-21 17:38:41,262 [main] WARN  impl.MetricsSystemImpl (MetricsSystemImpl.java:register(276)) - Sink prometheus already exists!
2019-08-21 17:38:41,299 [main] INFO  server.SCMClientProtocolServer (SCMClientProtocolServer.java:start(151)) - RPC server for Client  is listening at /0.0.0.0:35080
2019-08-21 17:38:41,299 [IPC Server Responder] INFO  ipc.Server (Server.java:run(1314)) - IPC Server Responder: starting
2019-08-21 17:38:41,299 [IPC Server listener on 35080] INFO  ipc.Server (Server.java:run(1153)) - IPC Server listener on 35080: starting
2019-08-21 17:38:41,302 [main] INFO  server.StorageContainerManager (StorageContainerManager.java:start(769)) - ScmBlockLocationProtocol RPC server is listening at /0.0.0.0:45791
2019-08-21 17:38:41,303 [main] INFO  server.SCMBlockProtocolServer (SCMBlockProtocolServer.java:start(146)) - RPC server for Block Protocol is listening at /0.0.0.0:45791
2019-08-21 17:38:41,303 [IPC Server Responder] INFO  ipc.Server (Server.java:run(1314)) - IPC Server Responder: starting
2019-08-21 17:38:41,303 [IPC Server listener on 45791] INFO  ipc.Server (Server.java:run(1153)) - IPC Server listener on 45791: starting
2019-08-21 17:38:41,306 [main] INFO  server.StorageContainerManager (StorageContainerManager.java:start(773)) - ScmDatanodeProtocl RPC server is listening at /0.0.0.0:41845
2019-08-21 17:38:41,306 [main] INFO  server.SCMDatanodeProtocolServer (SCMDatanodeProtocolServer.java:start(191)) - RPC server for DataNodes is listening at /0.0.0.0:41845
2019-08-21 17:38:41,307 [IPC Server Responder] INFO  ipc.Server (Server.java:run(1314)) - IPC Server Responder: starting
2019-08-21 17:38:41,307 [IPC Server listener on 41845] INFO  ipc.Server (Server.java:run(1153)) - IPC Server listener on 41845: starting
2019-08-21 17:38:41,310 [main] INFO  http.HttpServer2 (HttpServer2.java:bindListener(1191)) - Jetty bound to port 40919
2019-08-21 17:38:41,310 [main] INFO  server.Server (Server.java:doStart(351)) - jetty-9.3.24.v20180605, build timestamp: 2018-06-05T17:11:56Z, git hash: 84205aa28f11a4f31f2a3b86d1bba2cc8ab69827
2019-08-21 17:38:41,312 [main] INFO  handler.ContextHandler (ContextHandler.java:doStart(781)) - Started o.e.j.s.ServletContextHandler@69c53b72{/logs,file:///workdir/hadoop-ozone/integration-test/target/log,AVAILABLE}
2019-08-21 17:38:41,312 [main] INFO  handler.ContextHandler (ContextHandler.java:doStart(781)) - Started o.e.j.s.ServletContextHandler@116fe252{/static,file:///workdir/hadoop-ozone/integration-test/target/test-classes/webapps/static,AVAILABLE}
2019-08-21 17:38:41,316 [main] INFO  handler.ContextHandler (ContextHandler.java:doStart(781)) - Started o.e.j.w.WebAppContext@2afa1b1a{/,file:///workdir/hadoop-ozone/integration-test/target/test-classes/webapps/scm/,AVAILABLE}{/scm}
2019-08-21 17:38:41,316 [main] INFO  server.AbstractConnector (AbstractConnector.java:doStart(278)) - Started ServerConnector@30fffb53{HTTP/1.1,[http/1.1]}{0.0.0.0:40919}
2019-08-21 17:38:41,317 [main] INFO  server.Server (Server.java:doStart(419)) - Started @604101ms
2019-08-21 17:38:41,317 [main] WARN  impl.MetricsSystemImpl (MetricsSystemImpl.java:register(276)) - Sink prometheus already exists!
2019-08-21 17:38:41,318 [main] INFO  server.BaseHttpServer (BaseHttpServer.java:updateConnectorAddress(215)) - HTTP server of SCM is listening at http://0.0.0.0:40919
2019-08-21 17:38:41,319 [main] WARN  server.ServerUtils (ServerUtils.java:getDBPath(222)) - ozone.om.db.dirs is not configured. We recommend adding this setting. Falling back to ozone.metadata.dirs instead.
2019-08-21 17:38:41,553 [org.apache.hadoop.util.JvmPauseMonitor$Monitor@1e8c9083] INFO  util.JvmPauseMonitor (JvmPauseMonitor.java:run(188)) - Starting JVM pause monitor
2019-08-21 17:38:41,612 [main] WARN  server.ServerUtils (ServerUtils.java:getDBPath(222)) - ozone.om.db.dirs is not configured. We recommend adding this setting. Falling back to ozone.metadata.dirs instead.
2019-08-21 17:38:41,629 [main] WARN  server.ServerUtils (ServerUtils.java:getDBPath(222)) - ozone.om.db.dirs is not configured. We recommend adding this setting. Falling back to ozone.metadata.dirs instead.
2019-08-21 17:38:41,634 [main] INFO  om.OzoneManager (OzoneManager.java:setOMNodeDetails(655)) - OM Service ID is not set. Setting it to the default ID: omServiceIdDefault
2019-08-21 17:38:41,643 [main] INFO  om.OzoneManager (OzoneManager.java:setOMNodeDetails(661)) - OM Node ID is not set. Setting it to the OmStorage's OmID: 0104a91f-d1f6-4933-a37c-3510a7f94728
2019-08-21 17:38:41,648 [main] INFO  om.OzoneManager (OzoneManager.java:loadOMHAConfigs(612)) - Found matching OM address with OMServiceId: null, OMNodeId: null, RPC Address: localhost:0 and Ratis port: 9872
2019-08-21 17:38:41,691 | INFO  | SCMAudit | user=jenkins1000 | ip=192.168.69.88 | op=GET_SCM_INFO null | ret=SUCCESS |  
2019-08-21 17:38:41,697 [main] WARN  server.ServerUtils (ServerUtils.java:getDBPath(222)) - ozone.om.db.dirs is not configured. We recommend adding this setting. Falling back to ozone.metadata.dirs instead.
2019-08-21 17:38:41,697 [main] INFO  db.DBStoreBuilder (DBStoreBuilder.java:addTable(110)) - using custom profile for table: userTable
2019-08-21 17:38:41,697 [main] INFO  db.DBStoreBuilder (DBStoreBuilder.java:processTables(161)) - Using default column profile:DBProfile.DISK for Table:userTable
2019-08-21 17:38:41,698 [main] INFO  db.DBStoreBuilder (DBStoreBuilder.java:addTable(110)) - using custom profile for table: volumeTable
2019-08-21 17:38:41,698 [main] INFO  db.DBStoreBuilder (DBStoreBuilder.java:processTables(161)) - Using default column profile:DBProfile.DISK for Table:volumeTable
2019-08-21 17:38:41,698 [main] INFO  db.DBStoreBuilder (DBStoreBuilder.java:addTable(110)) - using custom profile for table: bucketTable
2019-08-21 17:38:41,698 [main] INFO  db.DBStoreBuilder (DBStoreBuilder.java:processTables(161)) - Using default column profile:DBProfile.DISK for Table:bucketTable
2019-08-21 17:38:41,699 [main] INFO  db.DBStoreBuilder (DBStoreBuilder.java:addTable(110)) - using custom profile for table: keyTable
2019-08-21 17:38:41,699 [main] INFO  db.DBStoreBuilder (DBStoreBuilder.java:processTables(161)) - Using default column profile:DBProfile.DISK for Table:keyTable
2019-08-21 17:38:41,699 [main] INFO  db.DBStoreBuilder (DBStoreBuilder.java:addTable(110)) - using custom profile for table: deletedTable
2019-08-21 17:38:41,699 [main] INFO  db.DBStoreBuilder (DBStoreBuilder.java:processTables(161)) - Using default column profile:DBProfile.DISK for Table:deletedTable
2019-08-21 17:38:41,699 [main] INFO  db.DBStoreBuilder (DBStoreBuilder.java:addTable(110)) - using custom profile for table: openKeyTable
2019-08-21 17:38:41,700 [main] INFO  db.DBStoreBuilder (DBStoreBuilder.java:processTables(161)) - Using default column profile:DBProfile.DISK for Table:openKeyTable
2019-08-21 17:38:41,700 [main] INFO  db.DBStoreBuilder (DBStoreBuilder.java:addTable(110)) - using custom profile for table: s3Table
2019-08-21 17:38:41,700 [main] INFO  db.DBStoreBuilder (DBStoreBuilder.java:processTables(161)) - Using default column profile:DBProfile.DISK for Table:s3Table
2019-08-21 17:38:41,700 [main] INFO  db.DBStoreBuilder (DBStoreBuilder.java:addTable(110)) - using custom profile for table: multipartInfoTable
2019-08-21 17:38:41,701 [main] INFO  db.DBStoreBuilder (DBStoreBuilder.java:processTables(161)) - Using default column profile:DBProfile.DISK for Table:multipartInfoTable
2019-08-21 17:38:41,701 [main] INFO  db.DBStoreBuilder (DBStoreBuilder.java:addTable(110)) - using custom profile for table: dTokenTable
2019-08-21 17:38:41,701 [main] INFO  db.DBStoreBuilder (DBStoreBuilder.java:processTables(161)) - Using default column profile:DBProfile.DISK for Table:dTokenTable
2019-08-21 17:38:41,701 [main] INFO  db.DBStoreBuilder (DBStoreBuilder.java:addTable(110)) - using custom profile for table: s3SecretTable
2019-08-21 17:38:41,701 [main] INFO  db.DBStoreBuilder (DBStoreBuilder.java:processTables(161)) - Using default column profile:DBProfile.DISK for Table:s3SecretTable
2019-08-21 17:38:41,702 [main] INFO  db.DBStoreBuilder (DBStoreBuilder.java:addTable(110)) - using custom profile for table: prefixTable
2019-08-21 17:38:41,702 [main] INFO  db.DBStoreBuilder (DBStoreBuilder.java:processTables(161)) - Using default column profile:DBProfile.DISK for Table:prefixTable
2019-08-21 17:38:41,702 [main] INFO  db.DBStoreBuilder (DBStoreBuilder.java:addTable(110)) - using custom profile for table: default
2019-08-21 17:38:41,702 [main] INFO  db.DBStoreBuilder (DBStoreBuilder.java:processTables(167)) - Using default column profile:DBProfile.DISK for Table:default
2019-08-21 17:38:41,703 [main] INFO  db.DBStoreBuilder (DBStoreBuilder.java:getDbProfile(198)) - Using default options. DBProfile.DISK
2019-08-21 17:38:42,487 [main] INFO  ipc.CallQueueManager (CallQueueManager.java:<init>(84)) - Using callQueue: class java.util.concurrent.LinkedBlockingQueue, queueCapacity: 2000, scheduler: class org.apache.hadoop.ipc.DefaultRpcScheduler, ipcBackoff: false.
2019-08-21 17:38:42,488 [Socket Reader #1 for port 38325] INFO  ipc.Server (Server.java:run(1074)) - Starting Socket Reader #1 for port 38325
2019-08-21 17:38:42,506 [main] INFO  om.OzoneManager (OzoneManager.java:start(1269)) - OzoneManager RPC server is listening at localhost/127.0.0.1:38325
2019-08-21 17:38:42,506 [main] INFO  impl.MetricsSystemImpl (MetricsSystemImpl.java:init(158)) - OzoneManager metrics system started (again)
2019-08-21 17:38:42,507 [IPC Server Responder] INFO  ipc.Server (Server.java:run(1314)) - IPC Server Responder: starting
2019-08-21 17:38:42,508 [IPC Server listener on 38325] INFO  ipc.Server (Server.java:run(1153)) - IPC Server listener on 38325: starting
2019-08-21 17:38:42,513 [main] INFO  hdfs.DFSUtil (DFSUtil.java:httpServerTemplateForNNAndJN(1641)) - Starting Web-server for ozoneManager at: http://0.0.0.0:0
2019-08-21 17:38:42,515 [main] INFO  server.AuthenticationFilter (AuthenticationFilter.java:constructSecretProvider(240)) - Unable to initialize FileSignerSecretProvider, falling back to use random secrets.
2019-08-21 17:38:42,515 [main] WARN  http.HttpRequestLog (HttpRequestLog.java:getRequestLog(97)) - Jetty request log can only be enabled using Log4j
2019-08-21 17:38:42,518 [main] INFO  http.HttpServer2 (HttpServer2.java:addGlobalFilter(975)) - Added global filter 'safety' (class=org.apache.hadoop.http.HttpServer2$QuotingInputFilter)
2019-08-21 17:38:42,518 [main] INFO  http.HttpServer2 (HttpServer2.java:addFilter(948)) - Added filter static_user_filter (class=org.apache.hadoop.http.lib.StaticUserWebFilter$StaticUserFilter) to context ozoneManager
2019-08-21 17:38:42,518 [main] INFO  http.HttpServer2 (HttpServer2.java:addFilter(958)) - Added filter static_user_filter (class=org.apache.hadoop.http.lib.StaticUserWebFilter$StaticUserFilter) to context static
2019-08-21 17:38:42,519 [main] INFO  http.HttpServer2 (HttpServer2.java:addFilter(958)) - Added filter static_user_filter (class=org.apache.hadoop.http.lib.StaticUserWebFilter$StaticUserFilter) to context logs
2019-08-21 17:38:42,520 [main] INFO  http.HttpServer2 (HttpServer2.java:bindListener(1191)) - Jetty bound to port 40289
2019-08-21 17:38:42,520 [main] INFO  server.Server (Server.java:doStart(351)) - jetty-9.3.24.v20180605, build timestamp: 2018-06-05T17:11:56Z, git hash: 84205aa28f11a4f31f2a3b86d1bba2cc8ab69827
2019-08-21 17:38:42,522 [main] INFO  handler.ContextHandler (ContextHandler.java:doStart(781)) - Started o.e.j.s.ServletContextHandler@63ead376{/logs,file:///workdir/hadoop-ozone/integration-test/target/log,AVAILABLE}
2019-08-21 17:38:42,523 [main] INFO  handler.ContextHandler (ContextHandler.java:doStart(781)) - Started o.e.j.s.ServletContextHandler@639c5ab4{/static,file:///workdir/hadoop-ozone/integration-test/target/test-classes/webapps/static,AVAILABLE}
2019-08-21 17:38:42,540 [main] INFO  handler.ContextHandler (ContextHandler.java:doStart(781)) - Started o.e.j.w.WebAppContext@369f85c6{/,file:///workdir/hadoop-ozone/integration-test/target/test-classes/webapps/ozoneManager/,AVAILABLE}{/ozoneManager}
2019-08-21 17:38:42,540 [main] INFO  server.AbstractConnector (AbstractConnector.java:doStart(278)) - Started ServerConnector@5b6637f3{HTTP/1.1,[http/1.1]}{0.0.0.0:40289}
2019-08-21 17:38:42,541 [main] INFO  server.Server (Server.java:doStart(419)) - Started @605326ms
2019-08-21 17:38:42,542 [main] WARN  impl.MetricsSystemImpl (MetricsSystemImpl.java:register(276)) - Sink prometheus already exists!
2019-08-21 17:38:42,542 [main] INFO  server.BaseHttpServer (BaseHttpServer.java:updateConnectorAddress(215)) - HTTP server of OZONEMANAGER is listening at http://0.0.0.0:40289
2019-08-21 17:38:42,560 [main] INFO  impl.MetricsSystemImpl (MetricsSystemImpl.java:init(158)) - HddsDatanode metrics system started (again)
2019-08-21 17:38:42,563 [main] INFO  ozone.HddsDatanodeService (HddsDatanodeService.java:start(184)) - HddsDatanodeService host:pr-hdds-1935-w6pq9-1452708900 ip:192.168.69.88
2019-08-21 17:38:42,574 [main] INFO  volume.HddsVolume (HddsVolume.java:<init>(176)) - Creating Volume: /workdir/hadoop-ozone/integration-test/target/test-dir/MiniOzoneClusterImpl-c619d2d6-0016-4a2b-bb48-151a7992e575/datanode-0/data/containers/hdds of  storage type : DISK and capacity : 1482555576320
2019-08-21 17:38:42,574 [main] INFO  volume.VolumeSet (VolumeSet.java:initializeVolumeSet(170)) - Added Volume : /workdir/hadoop-ozone/integration-test/target/test-dir/MiniOzoneClusterImpl-c619d2d6-0016-4a2b-bb48-151a7992e575/datanode-0/data/containers/hdds to VolumeSet
2019-08-21 17:38:42,574 [main] INFO  volume.ThrottledAsyncChecker (ThrottledAsyncChecker.java:schedule(140)) - Scheduling a check for org.apache.hadoop.ozone.container.common.volume.HddsVolume@74997ca6
2019-08-21 17:38:42,575 [main] INFO  volume.HddsVolumeChecker (HddsVolumeChecker.java:checkAllVolumes(203)) - Scheduled health check for volume org.apache.hadoop.ozone.container.common.volume.HddsVolume@74997ca6
2019-08-21 17:38:42,596 [main] INFO  impl.RaftServerProxy (ConfUtils.java:logGet(43)) - raft.rpc.type = GRPC (default)
2019-08-21 17:38:42,597 [main] INFO  grpc.GrpcFactory (GrpcFactory.java:checkPooledByteBufAllocatorUseCacheForAllThreads(45)) - PERFORMANCE WARNING: useCacheForAllThreads is true that may cause Netty to create a lot garbage objects and, as a result, trigger GC.
	It is recommended to disable useCacheForAllThreads by setting -Dorg.apache.ratis.thirdparty.io.netty.allocator.useCacheForAllThreads=false in command line.
2019-08-21 17:38:42,597 [main] INFO  grpc.GrpcConfigKeys$Server (ConfUtils.java:logGet(43)) - raft.grpc.server.port = 0 (default)
2019-08-21 17:38:42,597 [main] INFO  server.GrpcService (ConfUtils.java:logGet(43)) - raft.grpc.message.size.max = 33570816 (custom)
2019-08-21 17:38:42,597 [main] INFO  server.RaftServerConfigKeys (ConfUtils.java:logGet(43)) - raft.server.log.appender.buffer.byte-limit = 33554432 (custom)
2019-08-21 17:38:42,598 [main] INFO  server.GrpcService (ConfUtils.java:logGet(43)) - raft.grpc.flow.control.window = 1MB (=1048576) (default)
2019-08-21 17:38:42,598 [main] INFO  server.RaftServerConfigKeys (ConfUtils.java:logGet(43)) - raft.server.rpc.request.timeout = 3000ms (default)
2019-08-21 17:38:42,598 [main] INFO  server.RaftServerConfigKeys (ConfUtils.java:logGet(43)) - raft.server.storage.dir = [/workdir/hadoop-ozone/integration-test/target/test-dir/MiniOzoneClusterImpl-c619d2d6-0016-4a2b-bb48-151a7992e575/datanode-0/data/ratis] (custom)
2019-08-21 17:38:42,599 [main] INFO  replication.SimpleContainerDownloader (SimpleContainerDownloader.java:<init>(72)) - Starting container downloader service to copy containers to replicate.
2019-08-21 17:38:42,600 [main] INFO  hdfs.DFSUtil (DFSUtil.java:httpServerTemplateForNNAndJN(1641)) - Starting Web-server for hddsDatanode at: http://0.0.0.0:0
2019-08-21 17:38:42,602 [main] INFO  server.AuthenticationFilter (AuthenticationFilter.java:constructSecretProvider(240)) - Unable to initialize FileSignerSecretProvider, falling back to use random secrets.
2019-08-21 17:38:42,602 [main] WARN  http.HttpRequestLog (HttpRequestLog.java:getRequestLog(97)) - Jetty request log can only be enabled using Log4j
2019-08-21 17:38:42,604 [main] INFO  http.HttpServer2 (HttpServer2.java:addGlobalFilter(975)) - Added global filter 'safety' (class=org.apache.hadoop.http.HttpServer2$QuotingInputFilter)
2019-08-21 17:38:42,604 [main] INFO  http.HttpServer2 (HttpServer2.java:addFilter(948)) - Added filter static_user_filter (class=org.apache.hadoop.http.lib.StaticUserWebFilter$StaticUserFilter) to context hddsDatanode
2019-08-21 17:38:42,604 [main] INFO  http.HttpServer2 (HttpServer2.java:addFilter(958)) - Added filter static_user_filter (class=org.apache.hadoop.http.lib.StaticUserWebFilter$StaticUserFilter) to context logs
2019-08-21 17:38:42,604 [main] INFO  http.HttpServer2 (HttpServer2.java:addFilter(958)) - Added filter static_user_filter (class=org.apache.hadoop.http.lib.StaticUserWebFilter$StaticUserFilter) to context static
2019-08-21 17:38:42,605 [main] INFO  http.HttpServer2 (HttpServer2.java:bindListener(1191)) - Jetty bound to port 38369
2019-08-21 17:38:42,605 [main] INFO  server.Server (Server.java:doStart(351)) - jetty-9.3.24.v20180605, build timestamp: 2018-06-05T17:11:56Z, git hash: 84205aa28f11a4f31f2a3b86d1bba2cc8ab69827
2019-08-21 17:38:42,607 [main] INFO  handler.ContextHandler (ContextHandler.java:doStart(781)) - Started o.e.j.s.ServletContextHandler@1455a374{/logs,file:///workdir/hadoop-ozone/integration-test/target/log,AVAILABLE}
2019-08-21 17:38:42,608 [main] INFO  handler.ContextHandler (ContextHandler.java:doStart(781)) - Started o.e.j.s.ServletContextHandler@54418834{/static,jar:file:/home/user/.m2/repository/org/apache/hadoop/hadoop-hdds-container-service/0.5.0-SNAPSHOT/hadoop-hdds-container-service-0.5.0-SNAPSHOT.jar!/webapps/static,AVAILABLE}
2019-08-21 17:38:42,636 [main] INFO  handler.ContextHandler (ContextHandler.java:doStart(781)) - Started o.e.j.w.WebAppContext@6cb1da13{/,file:///tmp/jetty-0.0.0.0-38369-hddsDatanode-_-any-5304356582457287304.dir/webapp/,AVAILABLE}{/hddsDatanode}
2019-08-21 17:38:42,636 [main] INFO  server.AbstractConnector (AbstractConnector.java:doStart(278)) - Started ServerConnector@2250deae{HTTP/1.1,[http/1.1]}{0.0.0.0:38369}
2019-08-21 17:38:42,636 [main] INFO  server.Server (Server.java:doStart(419)) - Started @605420ms
2019-08-21 17:38:42,637 [main] WARN  impl.MetricsSystemImpl (MetricsSystemImpl.java:register(276)) - Sink prometheus already exists!
2019-08-21 17:38:42,638 [main] INFO  server.BaseHttpServer (BaseHttpServer.java:updateConnectorAddress(215)) - HTTP server of HDDSDATANODE is listening at http://0.0.0.0:38369
2019-08-21 17:38:42,751 | INFO  | ObjectStoreRestHttpServer | Listening HDDS REST traffic on /0.0.0.0:41210 |  
2019-08-21 17:38:42,751 [main] INFO  ozone.HddsDatanodeService (HddsDatanodeService.java:startPlugins(395)) - Started plug-in org.apache.hadoop.ozone.web.OzoneHddsDatanodeService@7a925ac4
2019-08-21 17:38:42,752 [main] INFO  impl.MetricsSystemImpl (MetricsSystemImpl.java:init(158)) - HddsDatanode metrics system started (again)
2019-08-21 17:38:42,755 [main] INFO  ozone.HddsDatanodeService (HddsDatanodeService.java:start(184)) - HddsDatanodeService host:pr-hdds-1935-w6pq9-1452708900 ip:192.168.69.88
2019-08-21 17:38:42,755 [org.apache.hadoop.util.JvmPauseMonitor$Monitor@62369828] INFO  util.JvmPauseMonitor (JvmPauseMonitor.java:run(188)) - Starting JVM pause monitor
2019-08-21 17:38:42,757 [Datanode State Machine Thread - 0] INFO  datanode.InitDatanodeState (InitDatanodeState.java:persistContainerDatanodeDetails(140)) - DatanodeDetails is persisted to /workdir/hadoop-ozone/integration-test/target/test-dir/MiniOzoneClusterImpl-c619d2d6-0016-4a2b-bb48-151a7992e575/datanode-0/meta/datanode.id
2019-08-21 17:38:42,766 [main] INFO  volume.HddsVolume (HddsVolume.java:<init>(176)) - Creating Volume: /workdir/hadoop-ozone/integration-test/target/test-dir/MiniOzoneClusterImpl-c619d2d6-0016-4a2b-bb48-151a7992e575/datanode-1/data/containers/hdds of  storage type : DISK and capacity : 1482555576320
2019-08-21 17:38:42,766 [main] INFO  volume.VolumeSet (VolumeSet.java:initializeVolumeSet(170)) - Added Volume : /workdir/hadoop-ozone/integration-test/target/test-dir/MiniOzoneClusterImpl-c619d2d6-0016-4a2b-bb48-151a7992e575/datanode-1/data/containers/hdds to VolumeSet
2019-08-21 17:38:42,766 [main] INFO  volume.ThrottledAsyncChecker (ThrottledAsyncChecker.java:schedule(140)) - Scheduling a check for org.apache.hadoop.ozone.container.common.volume.HddsVolume@31e3b882
2019-08-21 17:38:42,767 [main] INFO  volume.HddsVolumeChecker (HddsVolumeChecker.java:checkAllVolumes(203)) - Scheduled health check for volume org.apache.hadoop.ozone.container.common.volume.HddsVolume@31e3b882
2019-08-21 17:38:42,781 [main] INFO  impl.RaftServerProxy (ConfUtils.java:logGet(43)) - raft.rpc.type = GRPC (default)
2019-08-21 17:38:42,781 [main] INFO  grpc.GrpcFactory (GrpcFactory.java:checkPooledByteBufAllocatorUseCacheForAllThreads(45)) - PERFORMANCE WARNING: useCacheForAllThreads is true that may cause Netty to create a lot garbage objects and, as a result, trigger GC.
	It is recommended to disable useCacheForAllThreads by setting -Dorg.apache.ratis.thirdparty.io.netty.allocator.useCacheForAllThreads=false in command line.
2019-08-21 17:38:42,781 [main] INFO  grpc.GrpcConfigKeys$Server (ConfUtils.java:logGet(43)) - raft.grpc.server.port = 0 (default)
2019-08-21 17:38:42,781 [main] INFO  server.GrpcService (ConfUtils.java:logGet(43)) - raft.grpc.message.size.max = 33570816 (custom)
2019-08-21 17:38:42,781 [main] INFO  server.RaftServerConfigKeys (ConfUtils.java:logGet(43)) - raft.server.log.appender.buffer.byte-limit = 33554432 (custom)
2019-08-21 17:38:42,782 [main] INFO  server.GrpcService (ConfUtils.java:logGet(43)) - raft.grpc.flow.control.window = 1MB (=1048576) (default)
2019-08-21 17:38:42,782 [main] INFO  server.RaftServerConfigKeys (ConfUtils.java:logGet(43)) - raft.server.rpc.request.timeout = 3000ms (default)
2019-08-21 17:38:42,782 [main] INFO  server.RaftServerConfigKeys (ConfUtils.java:logGet(43)) - raft.server.storage.dir = [/workdir/hadoop-ozone/integration-test/target/test-dir/MiniOzoneClusterImpl-c619d2d6-0016-4a2b-bb48-151a7992e575/datanode-1/data/ratis] (custom)
2019-08-21 17:38:42,783 [main] INFO  replication.SimpleContainerDownloader (SimpleContainerDownloader.java:<init>(72)) - Starting container downloader service to copy containers to replicate.
2019-08-21 17:38:42,784 [main] INFO  hdfs.DFSUtil (DFSUtil.java:httpServerTemplateForNNAndJN(1641)) - Starting Web-server for hddsDatanode at: http://0.0.0.0:0
2019-08-21 17:38:42,785 [main] INFO  server.AuthenticationFilter (AuthenticationFilter.java:constructSecretProvider(240)) - Unable to initialize FileSignerSecretProvider, falling back to use random secrets.
2019-08-21 17:38:42,786 [main] WARN  http.HttpRequestLog (HttpRequestLog.java:getRequestLog(97)) - Jetty request log can only be enabled using Log4j
2019-08-21 17:38:42,787 [main] INFO  http.HttpServer2 (HttpServer2.java:addGlobalFilter(975)) - Added global filter 'safety' (class=org.apache.hadoop.http.HttpServer2$QuotingInputFilter)
2019-08-21 17:38:42,787 [main] INFO  http.HttpServer2 (HttpServer2.java:addFilter(948)) - Added filter static_user_filter (class=org.apache.hadoop.http.lib.StaticUserWebFilter$StaticUserFilter) to context hddsDatanode
2019-08-21 17:38:42,787 [main] INFO  http.HttpServer2 (HttpServer2.java:addFilter(958)) - Added filter static_user_filter (class=org.apache.hadoop.http.lib.StaticUserWebFilter$StaticUserFilter) to context static
2019-08-21 17:38:42,788 [main] INFO  http.HttpServer2 (HttpServer2.java:addFilter(958)) - Added filter static_user_filter (class=org.apache.hadoop.http.lib.StaticUserWebFilter$StaticUserFilter) to context logs
2019-08-21 17:38:42,788 [main] INFO  http.HttpServer2 (HttpServer2.java:bindListener(1191)) - Jetty bound to port 37973
2019-08-21 17:38:42,788 [main] INFO  server.Server (Server.java:doStart(351)) - jetty-9.3.24.v20180605, build timestamp: 2018-06-05T17:11:56Z, git hash: 84205aa28f11a4f31f2a3b86d1bba2cc8ab69827
2019-08-21 17:38:42,790 [main] INFO  handler.ContextHandler (ContextHandler.java:doStart(781)) - Started o.e.j.s.ServletContextHandler@cc4a0dd{/logs,file:///workdir/hadoop-ozone/integration-test/target/log,AVAILABLE}
2019-08-21 17:38:42,791 [main] INFO  handler.ContextHandler (ContextHandler.java:doStart(781)) - Started o.e.j.s.ServletContextHandler@4f78adf{/static,jar:file:/home/user/.m2/repository/org/apache/hadoop/hadoop-hdds-container-service/0.5.0-SNAPSHOT/hadoop-hdds-container-service-0.5.0-SNAPSHOT.jar!/webapps/static,AVAILABLE}
2019-08-21 17:38:42,818 [main] INFO  handler.ContextHandler (ContextHandler.java:doStart(781)) - Started o.e.j.w.WebAppContext@65e4eba5{/,file:///tmp/jetty-0.0.0.0-37973-hddsDatanode-_-any-8334328599230995736.dir/webapp/,AVAILABLE}{/hddsDatanode}
2019-08-21 17:38:42,818 [main] INFO  server.AbstractConnector (AbstractConnector.java:doStart(278)) - Started ServerConnector@77eb76f{HTTP/1.1,[http/1.1]}{0.0.0.0:37973}
2019-08-21 17:38:42,818 [main] INFO  server.Server (Server.java:doStart(419)) - Started @605603ms
2019-08-21 17:38:42,820 [main] WARN  impl.MetricsSystemImpl (MetricsSystemImpl.java:register(276)) - Sink prometheus already exists!
2019-08-21 17:38:42,820 [main] INFO  server.BaseHttpServer (BaseHttpServer.java:updateConnectorAddress(215)) - HTTP server of HDDSDATANODE is listening at http://0.0.0.0:37973
2019-08-21 17:38:42,981 | INFO  | ObjectStoreRestHttpServer | Listening HDDS REST traffic on /0.0.0.0:39075 |  
2019-08-21 17:38:42,981 [main] INFO  ozone.HddsDatanodeService (HddsDatanodeService.java:startPlugins(395)) - Started plug-in org.apache.hadoop.ozone.web.OzoneHddsDatanodeService@16021f6e
2019-08-21 17:38:42,982 [main] INFO  impl.MetricsSystemImpl (MetricsSystemImpl.java:init(158)) - HddsDatanode metrics system started (again)
2019-08-21 17:38:42,983 [org.apache.hadoop.util.JvmPauseMonitor$Monitor@52e438f4] INFO  util.JvmPauseMonitor (JvmPauseMonitor.java:run(188)) - Starting JVM pause monitor
2019-08-21 17:38:42,986 [main] INFO  ozone.HddsDatanodeService (HddsDatanodeService.java:start(184)) - HddsDatanodeService host:pr-hdds-1935-w6pq9-1452708900 ip:192.168.69.88
2019-08-21 17:38:42,987 [Datanode State Machine Thread - 0] INFO  datanode.InitDatanodeState (InitDatanodeState.java:persistContainerDatanodeDetails(140)) - DatanodeDetails is persisted to /workdir/hadoop-ozone/integration-test/target/test-dir/MiniOzoneClusterImpl-c619d2d6-0016-4a2b-bb48-151a7992e575/datanode-1/meta/datanode.id
2019-08-21 17:38:42,997 [main] INFO  volume.HddsVolume (HddsVolume.java:<init>(176)) - Creating Volume: /workdir/hadoop-ozone/integration-test/target/test-dir/MiniOzoneClusterImpl-c619d2d6-0016-4a2b-bb48-151a7992e575/datanode-2/data/containers/hdds of  storage type : DISK and capacity : 1482555576320
2019-08-21 17:38:42,998 [main] INFO  volume.VolumeSet (VolumeSet.java:initializeVolumeSet(170)) - Added Volume : /workdir/hadoop-ozone/integration-test/target/test-dir/MiniOzoneClusterImpl-c619d2d6-0016-4a2b-bb48-151a7992e575/datanode-2/data/containers/hdds to VolumeSet
2019-08-21 17:38:42,998 [main] INFO  volume.ThrottledAsyncChecker (ThrottledAsyncChecker.java:schedule(140)) - Scheduling a check for org.apache.hadoop.ozone.container.common.volume.HddsVolume@72499396
2019-08-21 17:38:42,999 [main] INFO  volume.HddsVolumeChecker (HddsVolumeChecker.java:checkAllVolumes(203)) - Scheduled health check for volume org.apache.hadoop.ozone.container.common.volume.HddsVolume@72499396
2019-08-21 17:38:43,019 [main] INFO  impl.RaftServerProxy (ConfUtils.java:logGet(43)) - raft.rpc.type = GRPC (default)
2019-08-21 17:38:43,019 [main] INFO  grpc.GrpcFactory (GrpcFactory.java:checkPooledByteBufAllocatorUseCacheForAllThreads(45)) - PERFORMANCE WARNING: useCacheForAllThreads is true that may cause Netty to create a lot garbage objects and, as a result, trigger GC.
	It is recommended to disable useCacheForAllThreads by setting -Dorg.apache.ratis.thirdparty.io.netty.allocator.useCacheForAllThreads=false in command line.
2019-08-21 17:38:43,020 [main] INFO  grpc.GrpcConfigKeys$Server (ConfUtils.java:logGet(43)) - raft.grpc.server.port = 0 (default)
2019-08-21 17:38:43,020 [main] INFO  server.GrpcService (ConfUtils.java:logGet(43)) - raft.grpc.message.size.max = 33570816 (custom)
2019-08-21 17:38:43,020 [main] INFO  server.RaftServerConfigKeys (ConfUtils.java:logGet(43)) - raft.server.log.appender.buffer.byte-limit = 33554432 (custom)
2019-08-21 17:38:43,021 [main] INFO  server.GrpcService (ConfUtils.java:logGet(43)) - raft.grpc.flow.control.window = 1MB (=1048576) (default)
2019-08-21 17:38:43,021 [main] INFO  server.RaftServerConfigKeys (ConfUtils.java:logGet(43)) - raft.server.rpc.request.timeout = 3000ms (default)
2019-08-21 17:38:43,021 [main] INFO  server.RaftServerConfigKeys (ConfUtils.java:logGet(43)) - raft.server.storage.dir = [/workdir/hadoop-ozone/integration-test/target/test-dir/MiniOzoneClusterImpl-c619d2d6-0016-4a2b-bb48-151a7992e575/datanode-2/data/ratis] (custom)
2019-08-21 17:38:43,022 [main] INFO  replication.SimpleContainerDownloader (SimpleContainerDownloader.java:<init>(72)) - Starting container downloader service to copy containers to replicate.
2019-08-21 17:38:43,023 [main] INFO  hdfs.DFSUtil (DFSUtil.java:httpServerTemplateForNNAndJN(1641)) - Starting Web-server for hddsDatanode at: http://0.0.0.0:0
2019-08-21 17:38:43,026 [main] INFO  server.AuthenticationFilter (AuthenticationFilter.java:constructSecretProvider(240)) - Unable to initialize FileSignerSecretProvider, falling back to use random secrets.
2019-08-21 17:38:43,026 [main] WARN  http.HttpRequestLog (HttpRequestLog.java:getRequestLog(97)) - Jetty request log can only be enabled using Log4j
2019-08-21 17:38:43,029 [main] INFO  http.HttpServer2 (HttpServer2.java:addGlobalFilter(975)) - Added global filter 'safety' (class=org.apache.hadoop.http.HttpServer2$QuotingInputFilter)
2019-08-21 17:38:43,030 [main] INFO  http.HttpServer2 (HttpServer2.java:addFilter(948)) - Added filter static_user_filter (class=org.apache.hadoop.http.lib.StaticUserWebFilter$StaticUserFilter) to context hddsDatanode
2019-08-21 17:38:43,030 [main] INFO  http.HttpServer2 (HttpServer2.java:addFilter(958)) - Added filter static_user_filter (class=org.apache.hadoop.http.lib.StaticUserWebFilter$StaticUserFilter) to context logs
2019-08-21 17:38:43,030 [main] INFO  http.HttpServer2 (HttpServer2.java:addFilter(958)) - Added filter static_user_filter (class=org.apache.hadoop.http.lib.StaticUserWebFilter$StaticUserFilter) to context static
2019-08-21 17:38:43,031 [main] INFO  http.HttpServer2 (HttpServer2.java:bindListener(1191)) - Jetty bound to port 41074
2019-08-21 17:38:43,031 [main] INFO  server.Server (Server.java:doStart(351)) - jetty-9.3.24.v20180605, build timestamp: 2018-06-05T17:11:56Z, git hash: 84205aa28f11a4f31f2a3b86d1bba2cc8ab69827
2019-08-21 17:38:43,033 [main] INFO  handler.ContextHandler (ContextHandler.java:doStart(781)) - Started o.e.j.s.ServletContextHandler@28c38eeb{/logs,file:///workdir/hadoop-ozone/integration-test/target/log,AVAILABLE}
2019-08-21 17:38:43,034 [main] INFO  handler.ContextHandler (ContextHandler.java:doStart(781)) - Started o.e.j.s.ServletContextHandler@4283f29b{/static,jar:file:/home/user/.m2/repository/org/apache/hadoop/hadoop-hdds-container-service/0.5.0-SNAPSHOT/hadoop-hdds-container-service-0.5.0-SNAPSHOT.jar!/webapps/static,AVAILABLE}
2019-08-21 17:38:43,076 [main] INFO  handler.ContextHandler (ContextHandler.java:doStart(781)) - Started o.e.j.w.WebAppContext@470c2a7a{/,file:///tmp/jetty-0.0.0.0-41074-hddsDatanode-_-any-609703816205610482.dir/webapp/,AVAILABLE}{/hddsDatanode}
2019-08-21 17:38:43,076 [main] INFO  server.AbstractConnector (AbstractConnector.java:doStart(278)) - Started ServerConnector@62b3871{HTTP/1.1,[http/1.1]}{0.0.0.0:41074}
2019-08-21 17:38:43,077 [main] INFO  server.Server (Server.java:doStart(419)) - Started @605862ms
2019-08-21 17:38:43,078 [main] WARN  impl.MetricsSystemImpl (MetricsSystemImpl.java:register(276)) - Sink prometheus already exists!
2019-08-21 17:38:43,079 [main] INFO  server.BaseHttpServer (BaseHttpServer.java:updateConnectorAddress(215)) - HTTP server of HDDSDATANODE is listening at http://0.0.0.0:41074
2019-08-21 17:38:43,215 | INFO  | ObjectStoreRestHttpServer | Listening HDDS REST traffic on /0.0.0.0:35838 |  
2019-08-21 17:38:43,215 [main] INFO  ozone.HddsDatanodeService (HddsDatanodeService.java:startPlugins(395)) - Started plug-in org.apache.hadoop.ozone.web.OzoneHddsDatanodeService@62b72289
2019-08-21 17:38:43,216 [main] INFO  impl.MetricsSystemImpl (MetricsSystemImpl.java:init(158)) - HddsDatanode metrics system started (again)
2019-08-21 17:38:43,218 [main] INFO  ozone.HddsDatanodeService (HddsDatanodeService.java:start(184)) - HddsDatanodeService host:pr-hdds-1935-w6pq9-1452708900 ip:192.168.69.88
2019-08-21 17:38:43,219 [org.apache.hadoop.util.JvmPauseMonitor$Monitor@7b6b3809] INFO  util.JvmPauseMonitor (JvmPauseMonitor.java:run(188)) - Starting JVM pause monitor
2019-08-21 17:38:43,220 [Datanode State Machine Thread - 0] INFO  datanode.InitDatanodeState (InitDatanodeState.java:persistContainerDatanodeDetails(140)) - DatanodeDetails is persisted to /workdir/hadoop-ozone/integration-test/target/test-dir/MiniOzoneClusterImpl-c619d2d6-0016-4a2b-bb48-151a7992e575/datanode-2/meta/datanode.id
2019-08-21 17:38:43,229 [main] INFO  volume.HddsVolume (HddsVolume.java:<init>(176)) - Creating Volume: /workdir/hadoop-ozone/integration-test/target/test-dir/MiniOzoneClusterImpl-c619d2d6-0016-4a2b-bb48-151a7992e575/datanode-3/data/containers/hdds of  storage type : DISK and capacity : 1482555576320
2019-08-21 17:38:43,230 [main] INFO  volume.VolumeSet (VolumeSet.java:initializeVolumeSet(170)) - Added Volume : /workdir/hadoop-ozone/integration-test/target/test-dir/MiniOzoneClusterImpl-c619d2d6-0016-4a2b-bb48-151a7992e575/datanode-3/data/containers/hdds to VolumeSet
2019-08-21 17:38:43,230 [main] INFO  volume.ThrottledAsyncChecker (ThrottledAsyncChecker.java:schedule(140)) - Scheduling a check for org.apache.hadoop.ozone.container.common.volume.HddsVolume@4fc9e73d
2019-08-21 17:38:43,230 [main] INFO  volume.HddsVolumeChecker (HddsVolumeChecker.java:checkAllVolumes(203)) - Scheduled health check for volume org.apache.hadoop.ozone.container.common.volume.HddsVolume@4fc9e73d
2019-08-21 17:38:43,254 [main] INFO  impl.RaftServerProxy (ConfUtils.java:logGet(43)) - raft.rpc.type = GRPC (default)
2019-08-21 17:38:43,255 [main] INFO  grpc.GrpcFactory (GrpcFactory.java:checkPooledByteBufAllocatorUseCacheForAllThreads(45)) - PERFORMANCE WARNING: useCacheForAllThreads is true that may cause Netty to create a lot garbage objects and, as a result, trigger GC.
	It is recommended to disable useCacheForAllThreads by setting -Dorg.apache.ratis.thirdparty.io.netty.allocator.useCacheForAllThreads=false in command line.
2019-08-21 17:38:43,255 [main] INFO  grpc.GrpcConfigKeys$Server (ConfUtils.java:logGet(43)) - raft.grpc.server.port = 0 (default)
2019-08-21 17:38:43,256 [main] INFO  server.GrpcService (ConfUtils.java:logGet(43)) - raft.grpc.message.size.max = 33570816 (custom)
2019-08-21 17:38:43,256 [main] INFO  server.RaftServerConfigKeys (ConfUtils.java:logGet(43)) - raft.server.log.appender.buffer.byte-limit = 33554432 (custom)
2019-08-21 17:38:43,256 [main] INFO  server.GrpcService (ConfUtils.java:logGet(43)) - raft.grpc.flow.control.window = 1MB (=1048576) (default)
2019-08-21 17:38:43,256 [main] INFO  server.RaftServerConfigKeys (ConfUtils.java:logGet(43)) - raft.server.rpc.request.timeout = 3000ms (default)
2019-08-21 17:38:43,257 [main] INFO  server.RaftServerConfigKeys (ConfUtils.java:logGet(43)) - raft.server.storage.dir = [/workdir/hadoop-ozone/integration-test/target/test-dir/MiniOzoneClusterImpl-c619d2d6-0016-4a2b-bb48-151a7992e575/datanode-3/data/ratis] (custom)
2019-08-21 17:38:43,258 [main] INFO  replication.SimpleContainerDownloader (SimpleContainerDownloader.java:<init>(72)) - Starting container downloader service to copy containers to replicate.
2019-08-21 17:38:43,259 [main] INFO  hdfs.DFSUtil (DFSUtil.java:httpServerTemplateForNNAndJN(1641)) - Starting Web-server for hddsDatanode at: http://0.0.0.0:0
2019-08-21 17:38:43,261 [main] INFO  server.AuthenticationFilter (AuthenticationFilter.java:constructSecretProvider(240)) - Unable to initialize FileSignerSecretProvider, falling back to use random secrets.
2019-08-21 17:38:43,262 [main] WARN  http.HttpRequestLog (HttpRequestLog.java:getRequestLog(97)) - Jetty request log can only be enabled using Log4j
2019-08-21 17:38:43,264 [main] INFO  http.HttpServer2 (HttpServer2.java:addGlobalFilter(975)) - Added global filter 'safety' (class=org.apache.hadoop.http.HttpServer2$QuotingInputFilter)
2019-08-21 17:38:43,265 [main] INFO  http.HttpServer2 (HttpServer2.java:addFilter(948)) - Added filter static_user_filter (class=org.apache.hadoop.http.lib.StaticUserWebFilter$StaticUserFilter) to context hddsDatanode
2019-08-21 17:38:43,265 [main] INFO  http.HttpServer2 (HttpServer2.java:addFilter(958)) - Added filter static_user_filter (class=org.apache.hadoop.http.lib.StaticUserWebFilter$StaticUserFilter) to context logs
2019-08-21 17:38:43,265 [main] INFO  http.HttpServer2 (HttpServer2.java:addFilter(958)) - Added filter static_user_filter (class=org.apache.hadoop.http.lib.StaticUserWebFilter$StaticUserFilter) to context static
2019-08-21 17:38:43,266 [main] INFO  http.HttpServer2 (HttpServer2.java:bindListener(1191)) - Jetty bound to port 40780
2019-08-21 17:38:43,266 [main] INFO  server.Server (Server.java:doStart(351)) - jetty-9.3.24.v20180605, build timestamp: 2018-06-05T17:11:56Z, git hash: 84205aa28f11a4f31f2a3b86d1bba2cc8ab69827
2019-08-21 17:38:43,268 [main] INFO  handler.ContextHandler (ContextHandler.java:doStart(781)) - Started o.e.j.s.ServletContextHandler@5f6dd89c{/logs,file:///workdir/hadoop-ozone/integration-test/target/log,AVAILABLE}
2019-08-21 17:38:43,269 [main] INFO  handler.ContextHandler (ContextHandler.java:doStart(781)) - Started o.e.j.s.ServletContextHandler@1b914e36{/static,jar:file:/home/user/.m2/repository/org/apache/hadoop/hadoop-hdds-container-service/0.5.0-SNAPSHOT/hadoop-hdds-container-service-0.5.0-SNAPSHOT.jar!/webapps/static,AVAILABLE}
2019-08-21 17:38:43,316 [main] INFO  handler.ContextHandler (ContextHandler.java:doStart(781)) - Started o.e.j.w.WebAppContext@6992a147{/,file:///tmp/jetty-0.0.0.0-40780-hddsDatanode-_-any-1521114386251675620.dir/webapp/,AVAILABLE}{/hddsDatanode}
2019-08-21 17:38:43,317 [main] INFO  server.AbstractConnector (AbstractConnector.java:doStart(278)) - Started ServerConnector@f3ae18f{HTTP/1.1,[http/1.1]}{0.0.0.0:40780}
2019-08-21 17:38:43,318 [main] INFO  server.Server (Server.java:doStart(419)) - Started @606103ms
2019-08-21 17:38:43,319 [main] WARN  impl.MetricsSystemImpl (MetricsSystemImpl.java:register(276)) - Sink prometheus already exists!
2019-08-21 17:38:43,320 [main] INFO  server.BaseHttpServer (BaseHttpServer.java:updateConnectorAddress(215)) - HTTP server of HDDSDATANODE is listening at http://0.0.0.0:40780
2019-08-21 17:38:43,464 | INFO  | ObjectStoreRestHttpServer | Listening HDDS REST traffic on /0.0.0.0:34015 |  
2019-08-21 17:38:43,464 [main] INFO  ozone.HddsDatanodeService (HddsDatanodeService.java:startPlugins(395)) - Started plug-in org.apache.hadoop.ozone.web.OzoneHddsDatanodeService@697797e4
2019-08-21 17:38:43,464 [main] INFO  impl.MetricsSystemImpl (MetricsSystemImpl.java:init(158)) - HddsDatanode metrics system started (again)
2019-08-21 17:38:43,467 [main] INFO  ozone.HddsDatanodeService (HddsDatanodeService.java:start(184)) - HddsDatanodeService host:pr-hdds-1935-w6pq9-1452708900 ip:192.168.69.88
2019-08-21 17:38:43,468 [org.apache.hadoop.util.JvmPauseMonitor$Monitor@3b4e62e] INFO  util.JvmPauseMonitor (JvmPauseMonitor.java:run(188)) - Starting JVM pause monitor
2019-08-21 17:38:43,469 [Datanode State Machine Thread - 0] INFO  datanode.InitDatanodeState (InitDatanodeState.java:persistContainerDatanodeDetails(140)) - DatanodeDetails is persisted to /workdir/hadoop-ozone/integration-test/target/test-dir/MiniOzoneClusterImpl-c619d2d6-0016-4a2b-bb48-151a7992e575/datanode-3/meta/datanode.id
2019-08-21 17:38:43,478 [main] INFO  volume.HddsVolume (HddsVolume.java:<init>(176)) - Creating Volume: /workdir/hadoop-ozone/integration-test/target/test-dir/MiniOzoneClusterImpl-c619d2d6-0016-4a2b-bb48-151a7992e575/datanode-4/data/containers/hdds of  storage type : DISK and capacity : 1482555576320
2019-08-21 17:38:43,478 [main] INFO  volume.VolumeSet (VolumeSet.java:initializeVolumeSet(170)) - Added Volume : /workdir/hadoop-ozone/integration-test/target/test-dir/MiniOzoneClusterImpl-c619d2d6-0016-4a2b-bb48-151a7992e575/datanode-4/data/containers/hdds to VolumeSet
2019-08-21 17:38:43,479 [main] INFO  volume.ThrottledAsyncChecker (ThrottledAsyncChecker.java:schedule(140)) - Scheduling a check for org.apache.hadoop.ozone.container.common.volume.HddsVolume@3ca43e5d
2019-08-21 17:38:43,479 [main] INFO  volume.HddsVolumeChecker (HddsVolumeChecker.java:checkAllVolumes(203)) - Scheduled health check for volume org.apache.hadoop.ozone.container.common.volume.HddsVolume@3ca43e5d
2019-08-21 17:38:43,494 [main] INFO  impl.RaftServerProxy (ConfUtils.java:logGet(43)) - raft.rpc.type = GRPC (default)
2019-08-21 17:38:43,494 [main] INFO  grpc.GrpcFactory (GrpcFactory.java:checkPooledByteBufAllocatorUseCacheForAllThreads(45)) - PERFORMANCE WARNING: useCacheForAllThreads is true that may cause Netty to create a lot garbage objects and, as a result, trigger GC.
	It is recommended to disable useCacheForAllThreads by setting -Dorg.apache.ratis.thirdparty.io.netty.allocator.useCacheForAllThreads=false in command line.
2019-08-21 17:38:43,494 [main] INFO  grpc.GrpcConfigKeys$Server (ConfUtils.java:logGet(43)) - raft.grpc.server.port = 0 (default)
2019-08-21 17:38:43,494 [main] INFO  server.GrpcService (ConfUtils.java:logGet(43)) - raft.grpc.message.size.max = 33570816 (custom)
2019-08-21 17:38:43,494 [main] INFO  server.RaftServerConfigKeys (ConfUtils.java:logGet(43)) - raft.server.log.appender.buffer.byte-limit = 33554432 (custom)
2019-08-21 17:38:43,494 [main] INFO  server.GrpcService (ConfUtils.java:logGet(43)) - raft.grpc.flow.control.window = 1MB (=1048576) (default)
2019-08-21 17:38:43,495 [main] INFO  server.RaftServerConfigKeys (ConfUtils.java:logGet(43)) - raft.server.rpc.request.timeout = 3000ms (default)
2019-08-21 17:38:43,495 [main] INFO  server.RaftServerConfigKeys (ConfUtils.java:logGet(43)) - raft.server.storage.dir = [/workdir/hadoop-ozone/integration-test/target/test-dir/MiniOzoneClusterImpl-c619d2d6-0016-4a2b-bb48-151a7992e575/datanode-4/data/ratis] (custom)
2019-08-21 17:38:43,495 [main] INFO  replication.SimpleContainerDownloader (SimpleContainerDownloader.java:<init>(72)) - Starting container downloader service to copy containers to replicate.
2019-08-21 17:38:43,496 [main] INFO  hdfs.DFSUtil (DFSUtil.java:httpServerTemplateForNNAndJN(1641)) - Starting Web-server for hddsDatanode at: http://0.0.0.0:0
2019-08-21 17:38:43,497 [main] INFO  server.AuthenticationFilter (AuthenticationFilter.java:constructSecretProvider(240)) - Unable to initialize FileSignerSecretProvider, falling back to use random secrets.
2019-08-21 17:38:43,498 [main] WARN  http.HttpRequestLog (HttpRequestLog.java:getRequestLog(97)) - Jetty request log can only be enabled using Log4j
2019-08-21 17:38:43,499 [main] INFO  http.HttpServer2 (HttpServer2.java:addGlobalFilter(975)) - Added global filter 'safety' (class=org.apache.hadoop.http.HttpServer2$QuotingInputFilter)
2019-08-21 17:38:43,499 [main] INFO  http.HttpServer2 (HttpServer2.java:addFilter(948)) - Added filter static_user_filter (class=org.apache.hadoop.http.lib.StaticUserWebFilter$StaticUserFilter) to context hddsDatanode
2019-08-21 17:38:43,499 [main] INFO  http.HttpServer2 (HttpServer2.java:addFilter(958)) - Added filter static_user_filter (class=org.apache.hadoop.http.lib.StaticUserWebFilter$StaticUserFilter) to context static
2019-08-21 17:38:43,500 [main] INFO  http.HttpServer2 (HttpServer2.java:addFilter(958)) - Added filter static_user_filter (class=org.apache.hadoop.http.lib.StaticUserWebFilter$StaticUserFilter) to context logs
2019-08-21 17:38:43,500 [main] INFO  http.HttpServer2 (HttpServer2.java:bindListener(1191)) - Jetty bound to port 32882
2019-08-21 17:38:43,500 [main] INFO  server.Server (Server.java:doStart(351)) - jetty-9.3.24.v20180605, build timestamp: 2018-06-05T17:11:56Z, git hash: 84205aa28f11a4f31f2a3b86d1bba2cc8ab69827
2019-08-21 17:38:43,502 [main] INFO  handler.ContextHandler (ContextHandler.java:doStart(781)) - Started o.e.j.s.ServletContextHandler@18d76c14{/logs,file:///workdir/hadoop-ozone/integration-test/target/log,AVAILABLE}
2019-08-21 17:38:43,502 [main] INFO  handler.ContextHandler (ContextHandler.java:doStart(781)) - Started o.e.j.s.ServletContextHandler@7011eee0{/static,jar:file:/home/user/.m2/repository/org/apache/hadoop/hadoop-hdds-container-service/0.5.0-SNAPSHOT/hadoop-hdds-container-service-0.5.0-SNAPSHOT.jar!/webapps/static,AVAILABLE}
2019-08-21 17:38:43,544 [main] INFO  handler.ContextHandler (ContextHandler.java:doStart(781)) - Started o.e.j.w.WebAppContext@27ae6f9e{/,file:///tmp/jetty-0.0.0.0-32882-hddsDatanode-_-any-5612181202480675688.dir/webapp/,AVAILABLE}{/hddsDatanode}
2019-08-21 17:38:43,544 [main] INFO  server.AbstractConnector (AbstractConnector.java:doStart(278)) - Started ServerConnector@4fdea2de{HTTP/1.1,[http/1.1]}{0.0.0.0:32882}
2019-08-21 17:38:43,546 [main] INFO  server.Server (Server.java:doStart(419)) - Started @606330ms
2019-08-21 17:38:43,546 [main] WARN  impl.MetricsSystemImpl (MetricsSystemImpl.java:register(276)) - Sink prometheus already exists!
2019-08-21 17:38:43,547 [main] INFO  server.BaseHttpServer (BaseHttpServer.java:updateConnectorAddress(215)) - HTTP server of HDDSDATANODE is listening at http://0.0.0.0:32882
2019-08-21 17:38:43,703 | INFO  | ObjectStoreRestHttpServer | Listening HDDS REST traffic on /0.0.0.0:36033 |  
2019-08-21 17:38:43,703 [main] INFO  ozone.HddsDatanodeService (HddsDatanodeService.java:startPlugins(395)) - Started plug-in org.apache.hadoop.ozone.web.OzoneHddsDatanodeService@2d094add
2019-08-21 17:38:43,704 [main] INFO  impl.MetricsSystemImpl (MetricsSystemImpl.java:init(158)) - HddsDatanode metrics system started (again)
2019-08-21 17:38:43,707 [org.apache.hadoop.util.JvmPauseMonitor$Monitor@1254b0e3] INFO  util.JvmPauseMonitor (JvmPauseMonitor.java:run(188)) - Starting JVM pause monitor
2019-08-21 17:38:43,707 [main] INFO  ozone.HddsDatanodeService (HddsDatanodeService.java:start(184)) - HddsDatanodeService host:pr-hdds-1935-w6pq9-1452708900 ip:192.168.69.88
2019-08-21 17:38:43,709 [Datanode State Machine Thread - 0] INFO  datanode.InitDatanodeState (InitDatanodeState.java:persistContainerDatanodeDetails(140)) - DatanodeDetails is persisted to /workdir/hadoop-ozone/integration-test/target/test-dir/MiniOzoneClusterImpl-c619d2d6-0016-4a2b-bb48-151a7992e575/datanode-4/meta/datanode.id
2019-08-21 17:38:43,718 [main] INFO  volume.HddsVolume (HddsVolume.java:<init>(176)) - Creating Volume: /workdir/hadoop-ozone/integration-test/target/test-dir/MiniOzoneClusterImpl-c619d2d6-0016-4a2b-bb48-151a7992e575/datanode-5/data/containers/hdds of  storage type : DISK and capacity : 1482555576320
2019-08-21 17:38:43,718 [main] INFO  volume.VolumeSet (VolumeSet.java:initializeVolumeSet(170)) - Added Volume : /workdir/hadoop-ozone/integration-test/target/test-dir/MiniOzoneClusterImpl-c619d2d6-0016-4a2b-bb48-151a7992e575/datanode-5/data/containers/hdds to VolumeSet
2019-08-21 17:38:43,719 [main] INFO  volume.ThrottledAsyncChecker (ThrottledAsyncChecker.java:schedule(140)) - Scheduling a check for org.apache.hadoop.ozone.container.common.volume.HddsVolume@54602d5a
2019-08-21 17:38:43,719 [main] INFO  volume.HddsVolumeChecker (HddsVolumeChecker.java:checkAllVolumes(203)) - Scheduled health check for volume org.apache.hadoop.ozone.container.common.volume.HddsVolume@54602d5a
2019-08-21 17:38:43,738 [main] INFO  impl.RaftServerProxy (ConfUtils.java:logGet(43)) - raft.rpc.type = GRPC (default)
2019-08-21 17:38:43,738 [main] INFO  grpc.GrpcFactory (GrpcFactory.java:checkPooledByteBufAllocatorUseCacheForAllThreads(45)) - PERFORMANCE WARNING: useCacheForAllThreads is true that may cause Netty to create a lot garbage objects and, as a result, trigger GC.
	It is recommended to disable useCacheForAllThreads by setting -Dorg.apache.ratis.thirdparty.io.netty.allocator.useCacheForAllThreads=false in command line.
2019-08-21 17:38:43,738 [main] INFO  grpc.GrpcConfigKeys$Server (ConfUtils.java:logGet(43)) - raft.grpc.server.port = 0 (default)
2019-08-21 17:38:43,739 [main] INFO  server.GrpcService (ConfUtils.java:logGet(43)) - raft.grpc.message.size.max = 33570816 (custom)
2019-08-21 17:38:43,739 [main] INFO  server.RaftServerConfigKeys (ConfUtils.java:logGet(43)) - raft.server.log.appender.buffer.byte-limit = 33554432 (custom)
2019-08-21 17:38:43,739 [main] INFO  server.GrpcService (ConfUtils.java:logGet(43)) - raft.grpc.flow.control.window = 1MB (=1048576) (default)
2019-08-21 17:38:43,739 [main] INFO  server.RaftServerConfigKeys (ConfUtils.java:logGet(43)) - raft.server.rpc.request.timeout = 3000ms (default)
2019-08-21 17:38:43,740 [main] INFO  server.RaftServerConfigKeys (ConfUtils.java:logGet(43)) - raft.server.storage.dir = [/workdir/hadoop-ozone/integration-test/target/test-dir/MiniOzoneClusterImpl-c619d2d6-0016-4a2b-bb48-151a7992e575/datanode-5/data/ratis] (custom)
2019-08-21 17:38:43,740 [main] INFO  replication.SimpleContainerDownloader (SimpleContainerDownloader.java:<init>(72)) - Starting container downloader service to copy containers to replicate.
2019-08-21 17:38:43,741 [main] INFO  hdfs.DFSUtil (DFSUtil.java:httpServerTemplateForNNAndJN(1641)) - Starting Web-server for hddsDatanode at: http://0.0.0.0:0
2019-08-21 17:38:43,743 [main] INFO  server.AuthenticationFilter (AuthenticationFilter.java:constructSecretProvider(240)) - Unable to initialize FileSignerSecretProvider, falling back to use random secrets.
2019-08-21 17:38:43,744 [main] WARN  http.HttpRequestLog (HttpRequestLog.java:getRequestLog(97)) - Jetty request log can only be enabled using Log4j
2019-08-21 17:38:43,746 [main] INFO  http.HttpServer2 (HttpServer2.java:addGlobalFilter(975)) - Added global filter 'safety' (class=org.apache.hadoop.http.HttpServer2$QuotingInputFilter)
2019-08-21 17:38:43,747 [main] INFO  http.HttpServer2 (HttpServer2.java:addFilter(948)) - Added filter static_user_filter (class=org.apache.hadoop.http.lib.StaticUserWebFilter$StaticUserFilter) to context hddsDatanode
2019-08-21 17:38:43,747 [main] INFO  http.HttpServer2 (HttpServer2.java:addFilter(958)) - Added filter static_user_filter (class=org.apache.hadoop.http.lib.StaticUserWebFilter$StaticUserFilter) to context logs
2019-08-21 17:38:43,747 [main] INFO  http.HttpServer2 (HttpServer2.java:addFilter(958)) - Added filter static_user_filter (class=org.apache.hadoop.http.lib.StaticUserWebFilter$StaticUserFilter) to context static
2019-08-21 17:38:43,748 [main] INFO  http.HttpServer2 (HttpServer2.java:bindListener(1191)) - Jetty bound to port 43457
2019-08-21 17:38:43,748 [main] INFO  server.Server (Server.java:doStart(351)) - jetty-9.3.24.v20180605, build timestamp: 2018-06-05T17:11:56Z, git hash: 84205aa28f11a4f31f2a3b86d1bba2cc8ab69827
2019-08-21 17:38:43,750 [main] INFO  handler.ContextHandler (ContextHandler.java:doStart(781)) - Started o.e.j.s.ServletContextHandler@2080ee70{/logs,file:///workdir/hadoop-ozone/integration-test/target/log,AVAILABLE}
2019-08-21 17:38:43,751 [main] INFO  handler.ContextHandler (ContextHandler.java:doStart(781)) - Started o.e.j.s.ServletContextHandler@4c1f4817{/static,jar:file:/home/user/.m2/repository/org/apache/hadoop/hadoop-hdds-container-service/0.5.0-SNAPSHOT/hadoop-hdds-container-service-0.5.0-SNAPSHOT.jar!/webapps/static,AVAILABLE}
2019-08-21 17:38:43,793 [main] INFO  handler.ContextHandler (ContextHandler.java:doStart(781)) - Started o.e.j.w.WebAppContext@cede70a{/,file:///tmp/jetty-0.0.0.0-43457-hddsDatanode-_-any-7270339465136515845.dir/webapp/,AVAILABLE}{/hddsDatanode}
2019-08-21 17:38:43,794 [main] INFO  server.AbstractConnector (AbstractConnector.java:doStart(278)) - Started ServerConnector@6dc8a602{HTTP/1.1,[http/1.1]}{0.0.0.0:43457}
2019-08-21 17:38:43,796 [main] INFO  server.Server (Server.java:doStart(419)) - Started @606578ms
2019-08-21 17:38:43,796 [main] WARN  impl.MetricsSystemImpl (MetricsSystemImpl.java:register(276)) - Sink prometheus already exists!
2019-08-21 17:38:43,797 [main] INFO  server.BaseHttpServer (BaseHttpServer.java:updateConnectorAddress(215)) - HTTP server of HDDSDATANODE is listening at http://0.0.0.0:43457
2019-08-21 17:38:43,914 | INFO  | ObjectStoreRestHttpServer | Listening HDDS REST traffic on /0.0.0.0:41840 |  
2019-08-21 17:38:43,914 [main] INFO  ozone.HddsDatanodeService (HddsDatanodeService.java:startPlugins(395)) - Started plug-in org.apache.hadoop.ozone.web.OzoneHddsDatanodeService@1895f7fe
2019-08-21 17:38:43,915 [main] INFO  impl.MetricsSystemImpl (MetricsSystemImpl.java:init(158)) - HddsDatanode metrics system started (again)
2019-08-21 17:38:43,918 [org.apache.hadoop.util.JvmPauseMonitor$Monitor@5744be63] INFO  util.JvmPauseMonitor (JvmPauseMonitor.java:run(188)) - Starting JVM pause monitor
2019-08-21 17:38:43,918 [main] INFO  ozone.HddsDatanodeService (HddsDatanodeService.java:start(184)) - HddsDatanodeService host:pr-hdds-1935-w6pq9-1452708900 ip:192.168.69.88
2019-08-21 17:38:43,920 [Datanode State Machine Thread - 0] INFO  datanode.InitDatanodeState (InitDatanodeState.java:persistContainerDatanodeDetails(140)) - DatanodeDetails is persisted to /workdir/hadoop-ozone/integration-test/target/test-dir/MiniOzoneClusterImpl-c619d2d6-0016-4a2b-bb48-151a7992e575/datanode-5/meta/datanode.id
2019-08-21 17:38:43,929 [main] INFO  volume.HddsVolume (HddsVolume.java:<init>(176)) - Creating Volume: /workdir/hadoop-ozone/integration-test/target/test-dir/MiniOzoneClusterImpl-c619d2d6-0016-4a2b-bb48-151a7992e575/datanode-6/data/containers/hdds of  storage type : DISK and capacity : 1482555576320
2019-08-21 17:38:43,929 [main] INFO  volume.VolumeSet (VolumeSet.java:initializeVolumeSet(170)) - Added Volume : /workdir/hadoop-ozone/integration-test/target/test-dir/MiniOzoneClusterImpl-c619d2d6-0016-4a2b-bb48-151a7992e575/datanode-6/data/containers/hdds to VolumeSet
2019-08-21 17:38:43,930 [main] INFO  volume.ThrottledAsyncChecker (ThrottledAsyncChecker.java:schedule(140)) - Scheduling a check for org.apache.hadoop.ozone.container.common.volume.HddsVolume@49d658bf
2019-08-21 17:38:43,930 [main] INFO  volume.HddsVolumeChecker (HddsVolumeChecker.java:checkAllVolumes(203)) - Scheduled health check for volume org.apache.hadoop.ozone.container.common.volume.HddsVolume@49d658bf
2019-08-21 17:38:43,944 [main] INFO  impl.RaftServerProxy (ConfUtils.java:logGet(43)) - raft.rpc.type = GRPC (default)
2019-08-21 17:38:43,945 [main] INFO  grpc.GrpcFactory (GrpcFactory.java:checkPooledByteBufAllocatorUseCacheForAllThreads(45)) - PERFORMANCE WARNING: useCacheForAllThreads is true that may cause Netty to create a lot garbage objects and, as a result, trigger GC.
	It is recommended to disable useCacheForAllThreads by setting -Dorg.apache.ratis.thirdparty.io.netty.allocator.useCacheForAllThreads=false in command line.
2019-08-21 17:38:43,945 [main] INFO  grpc.GrpcConfigKeys$Server (ConfUtils.java:logGet(43)) - raft.grpc.server.port = 0 (default)
2019-08-21 17:38:43,945 [main] INFO  server.GrpcService (ConfUtils.java:logGet(43)) - raft.grpc.message.size.max = 33570816 (custom)
2019-08-21 17:38:43,945 [main] INFO  server.RaftServerConfigKeys (ConfUtils.java:logGet(43)) - raft.server.log.appender.buffer.byte-limit = 33554432 (custom)
2019-08-21 17:38:43,946 [main] INFO  server.GrpcService (ConfUtils.java:logGet(43)) - raft.grpc.flow.control.window = 1MB (=1048576) (default)
2019-08-21 17:38:43,946 [main] INFO  server.RaftServerConfigKeys (ConfUtils.java:logGet(43)) - raft.server.rpc.request.timeout = 3000ms (default)
2019-08-21 17:38:43,946 [main] INFO  server.RaftServerConfigKeys (ConfUtils.java:logGet(43)) - raft.server.storage.dir = [/workdir/hadoop-ozone/integration-test/target/test-dir/MiniOzoneClusterImpl-c619d2d6-0016-4a2b-bb48-151a7992e575/datanode-6/data/ratis] (custom)
2019-08-21 17:38:43,947 [main] INFO  replication.SimpleContainerDownloader (SimpleContainerDownloader.java:<init>(72)) - Starting container downloader service to copy containers to replicate.
2019-08-21 17:38:43,948 [main] INFO  hdfs.DFSUtil (DFSUtil.java:httpServerTemplateForNNAndJN(1641)) - Starting Web-server for hddsDatanode at: http://0.0.0.0:0
2019-08-21 17:38:43,949 [main] INFO  server.AuthenticationFilter (AuthenticationFilter.java:constructSecretProvider(240)) - Unable to initialize FileSignerSecretProvider, falling back to use random secrets.
2019-08-21 17:38:43,949 [main] WARN  http.HttpRequestLog (HttpRequestLog.java:getRequestLog(97)) - Jetty request log can only be enabled using Log4j
2019-08-21 17:38:43,950 [main] INFO  http.HttpServer2 (HttpServer2.java:addGlobalFilter(975)) - Added global filter 'safety' (class=org.apache.hadoop.http.HttpServer2$QuotingInputFilter)
2019-08-21 17:38:43,951 [main] INFO  http.HttpServer2 (HttpServer2.java:addFilter(948)) - Added filter static_user_filter (class=org.apache.hadoop.http.lib.StaticUserWebFilter$StaticUserFilter) to context hddsDatanode
2019-08-21 17:38:43,951 [main] INFO  http.HttpServer2 (HttpServer2.java:addFilter(958)) - Added filter static_user_filter (class=org.apache.hadoop.http.lib.StaticUserWebFilter$StaticUserFilter) to context logs
2019-08-21 17:38:43,951 [main] INFO  http.HttpServer2 (HttpServer2.java:addFilter(958)) - Added filter static_user_filter (class=org.apache.hadoop.http.lib.StaticUserWebFilter$StaticUserFilter) to context static
2019-08-21 17:38:43,952 [main] INFO  http.HttpServer2 (HttpServer2.java:bindListener(1191)) - Jetty bound to port 39367
2019-08-21 17:38:43,952 [main] INFO  server.Server (Server.java:doStart(351)) - jetty-9.3.24.v20180605, build timestamp: 2018-06-05T17:11:56Z, git hash: 84205aa28f11a4f31f2a3b86d1bba2cc8ab69827
2019-08-21 17:38:43,953 [main] INFO  handler.ContextHandler (ContextHandler.java:doStart(781)) - Started o.e.j.s.ServletContextHandler@50ccd6a{/logs,file:///workdir/hadoop-ozone/integration-test/target/log,AVAILABLE}
2019-08-21 17:38:43,954 [main] INFO  handler.ContextHandler (ContextHandler.java:doStart(781)) - Started o.e.j.s.ServletContextHandler@26c7940a{/static,jar:file:/home/user/.m2/repository/org/apache/hadoop/hadoop-hdds-container-service/0.5.0-SNAPSHOT/hadoop-hdds-container-service-0.5.0-SNAPSHOT.jar!/webapps/static,AVAILABLE}
2019-08-21 17:38:43,981 [main] INFO  handler.ContextHandler (ContextHandler.java:doStart(781)) - Started o.e.j.w.WebAppContext@5df17e60{/,file:///tmp/jetty-0.0.0.0-39367-hddsDatanode-_-any-6590296486200637256.dir/webapp/,AVAILABLE}{/hddsDatanode}
2019-08-21 17:38:43,981 [main] INFO  server.AbstractConnector (AbstractConnector.java:doStart(278)) - Started ServerConnector@f9d7d3f{HTTP/1.1,[http/1.1]}{0.0.0.0:39367}
2019-08-21 17:38:43,981 [main] INFO  server.Server (Server.java:doStart(419)) - Started @606766ms
2019-08-21 17:38:43,987 [main] WARN  impl.MetricsSystemImpl (MetricsSystemImpl.java:register(276)) - Sink prometheus already exists!
2019-08-21 17:38:43,988 [main] INFO  server.BaseHttpServer (BaseHttpServer.java:updateConnectorAddress(215)) - HTTP server of HDDSDATANODE is listening at http://0.0.0.0:39367
2019-08-21 17:38:44,108 | INFO  | ObjectStoreRestHttpServer | Listening HDDS REST traffic on /0.0.0.0:35500 |  
2019-08-21 17:38:44,108 [main] INFO  ozone.HddsDatanodeService (HddsDatanodeService.java:startPlugins(395)) - Started plug-in org.apache.hadoop.ozone.web.OzoneHddsDatanodeService@4f93816d
2019-08-21 17:38:44,108 [main] INFO  ozone.MiniOzoneClusterImpl (MiniOzoneClusterImpl.java:lambda$waitForClusterToBeReady$0(142)) - Waiting for cluster to be ready. Got 0 of 7 DN Heartbeats.
2019-08-21 17:38:44,110 [org.apache.hadoop.util.JvmPauseMonitor$Monitor@8e5c3c] INFO  util.JvmPauseMonitor (JvmPauseMonitor.java:run(188)) - Starting JVM pause monitor
2019-08-21 17:38:44,111 [Datanode State Machine Thread - 0] INFO  datanode.InitDatanodeState (InitDatanodeState.java:persistContainerDatanodeDetails(140)) - DatanodeDetails is persisted to /workdir/hadoop-ozone/integration-test/target/test-dir/MiniOzoneClusterImpl-c619d2d6-0016-4a2b-bb48-151a7992e575/datanode-6/meta/datanode.id
2019-08-21 17:38:44,761 | INFO  | SCMAudit | user=jenkins1000 | ip=192.168.69.88 | op=GET_VERSION null | ret=SUCCESS |  
2019-08-21 17:38:44,789 [Datanode State Machine Thread - 0] INFO  ozoneimpl.OzoneContainer (OzoneContainer.java:start(186)) - Attempting to start container services.
2019-08-21 17:38:44,789 [Datanode State Machine Thread - 0] INFO  ozoneimpl.OzoneContainer (OzoneContainer.java:startContainerScrub(160)) - Background container scrubber has been disabled by hdds.containerscrub.enabled
2019-08-21 17:38:44,789 [Datanode State Machine Thread - 0] INFO  ratis.XceiverServerRatis (XceiverServerRatis.java:start(404)) - Starting XceiverServerRatis 7eca2edd-1c28-4c17-b74d-733c4dbe681b at port 0
2019-08-21 17:38:44,798 [Datanode State Machine Thread - 0] INFO  impl.RaftServerProxy (RaftServerProxy.java:lambda$start$3(299)) - 7eca2edd-1c28-4c17-b74d-733c4dbe681b: start RPC server
2019-08-21 17:38:44,800 [Datanode State Machine Thread - 0] INFO  server.GrpcService (GrpcService.java:startImpl(149)) - 7eca2edd-1c28-4c17-b74d-733c4dbe681b: GrpcService started, listening on 0.0.0.0/0.0.0.0:38334
2019-08-21 17:38:44,800 [Datanode State Machine Thread - 0] INFO  ratis.XceiverServerRatis (XceiverServerRatis.java:start(414)) - XceiverServerRatis 7eca2edd-1c28-4c17-b74d-733c4dbe681b is started using port 38334
2019-08-21 17:38:44,801 [Datanode State Machine Thread - 0] INFO  server.XceiverServerGrpc (XceiverServerGrpc.java:start(161)) - XceiverServerGrpc 7eca2edd-1c28-4c17-b74d-733c4dbe681b is started using port 45489
2019-08-21 17:38:44,984 | INFO  | SCMAudit | user=jenkins1000 | ip=192.168.69.88 | op=GET_VERSION null | ret=SUCCESS |  
2019-08-21 17:38:44,999 [Datanode State Machine Thread - 0] INFO  ozoneimpl.OzoneContainer (OzoneContainer.java:start(186)) - Attempting to start container services.
2019-08-21 17:38:44,999 [Datanode State Machine Thread - 0] INFO  ozoneimpl.OzoneContainer (OzoneContainer.java:startContainerScrub(160)) - Background container scrubber has been disabled by hdds.containerscrub.enabled
2019-08-21 17:38:44,999 [Datanode State Machine Thread - 0] INFO  ratis.XceiverServerRatis (XceiverServerRatis.java:start(404)) - Starting XceiverServerRatis d093da97-bee2-4e07-af8f-bafb3556f13f at port 0
2019-08-21 17:38:45,008 [Datanode State Machine Thread - 0] INFO  impl.RaftServerProxy (RaftServerProxy.java:lambda$start$3(299)) - d093da97-bee2-4e07-af8f-bafb3556f13f: start RPC server
2019-08-21 17:38:45,009 [Datanode State Machine Thread - 0] INFO  server.GrpcService (GrpcService.java:startImpl(149)) - d093da97-bee2-4e07-af8f-bafb3556f13f: GrpcService started, listening on 0.0.0.0/0.0.0.0:38106
2019-08-21 17:38:45,009 [Datanode State Machine Thread - 0] INFO  ratis.XceiverServerRatis (XceiverServerRatis.java:start(414)) - XceiverServerRatis d093da97-bee2-4e07-af8f-bafb3556f13f is started using port 38106
2019-08-21 17:38:45,009 [Datanode State Machine Thread - 0] INFO  server.XceiverServerGrpc (XceiverServerGrpc.java:start(161)) - XceiverServerGrpc d093da97-bee2-4e07-af8f-bafb3556f13f is started using port 40373
2019-08-21 17:38:45,109 [main] INFO  ozone.MiniOzoneClusterImpl (MiniOzoneClusterImpl.java:lambda$waitForClusterToBeReady$0(142)) - Waiting for cluster to be ready. Got 0 of 7 DN Heartbeats.
2019-08-21 17:38:45,219 | INFO  | SCMAudit | user=jenkins1000 | ip=192.168.69.88 | op=GET_VERSION null | ret=SUCCESS |  
2019-08-21 17:38:45,245 [Datanode State Machine Thread - 0] INFO  ozoneimpl.OzoneContainer (OzoneContainer.java:start(186)) - Attempting to start container services.
2019-08-21 17:38:45,245 [Datanode State Machine Thread - 0] INFO  ozoneimpl.OzoneContainer (OzoneContainer.java:startContainerScrub(160)) - Background container scrubber has been disabled by hdds.containerscrub.enabled
2019-08-21 17:38:45,245 [Datanode State Machine Thread - 0] INFO  ratis.XceiverServerRatis (XceiverServerRatis.java:start(404)) - Starting XceiverServerRatis 8c197040-db5a-409b-844d-bbce80f31f7a at port 0
2019-08-21 17:38:45,253 [Datanode State Machine Thread - 0] INFO  impl.RaftServerProxy (RaftServerProxy.java:lambda$start$3(299)) - 8c197040-db5a-409b-844d-bbce80f31f7a: start RPC server
2019-08-21 17:38:45,257 [Datanode State Machine Thread - 0] INFO  server.GrpcService (GrpcService.java:startImpl(149)) - 8c197040-db5a-409b-844d-bbce80f31f7a: GrpcService started, listening on 0.0.0.0/0.0.0.0:45801
2019-08-21 17:38:45,257 [Datanode State Machine Thread - 0] INFO  ratis.XceiverServerRatis (XceiverServerRatis.java:start(414)) - XceiverServerRatis 8c197040-db5a-409b-844d-bbce80f31f7a is started using port 45801
2019-08-21 17:38:45,257 [Datanode State Machine Thread - 0] INFO  server.XceiverServerGrpc (XceiverServerGrpc.java:start(161)) - XceiverServerGrpc 8c197040-db5a-409b-844d-bbce80f31f7a is started using port 33980
2019-08-21 17:38:45,469 | INFO  | SCMAudit | user=jenkins1000 | ip=192.168.69.88 | op=GET_VERSION null | ret=SUCCESS |  
2019-08-21 17:38:45,491 [Datanode State Machine Thread - 0] INFO  ozoneimpl.OzoneContainer (OzoneContainer.java:start(186)) - Attempting to start container services.
2019-08-21 17:38:45,491 [Datanode State Machine Thread - 0] INFO  ozoneimpl.OzoneContainer (OzoneContainer.java:startContainerScrub(160)) - Background container scrubber has been disabled by hdds.containerscrub.enabled
2019-08-21 17:38:45,491 [Datanode State Machine Thread - 0] INFO  ratis.XceiverServerRatis (XceiverServerRatis.java:start(404)) - Starting XceiverServerRatis 076b8a8c-935b-40a1-9166-aa87fdf8f32e at port 0
2019-08-21 17:38:45,500 [Datanode State Machine Thread - 0] INFO  impl.RaftServerProxy (RaftServerProxy.java:lambda$start$3(299)) - 076b8a8c-935b-40a1-9166-aa87fdf8f32e: start RPC server
2019-08-21 17:38:45,501 [Datanode State Machine Thread - 0] INFO  server.GrpcService (GrpcService.java:startImpl(149)) - 076b8a8c-935b-40a1-9166-aa87fdf8f32e: GrpcService started, listening on 0.0.0.0/0.0.0.0:37700
2019-08-21 17:38:45,501 [Datanode State Machine Thread - 0] INFO  ratis.XceiverServerRatis (XceiverServerRatis.java:start(414)) - XceiverServerRatis 076b8a8c-935b-40a1-9166-aa87fdf8f32e is started using port 37700
2019-08-21 17:38:45,502 [Datanode State Machine Thread - 0] INFO  server.XceiverServerGrpc (XceiverServerGrpc.java:start(161)) - XceiverServerGrpc 076b8a8c-935b-40a1-9166-aa87fdf8f32e is started using port 42954
2019-08-21 17:38:45,708 | INFO  | SCMAudit | user=jenkins1000 | ip=192.168.69.88 | op=GET_VERSION null | ret=SUCCESS |  
2019-08-21 17:38:45,733 [Datanode State Machine Thread - 0] INFO  ozoneimpl.OzoneContainer (OzoneContainer.java:start(186)) - Attempting to start container services.
2019-08-21 17:38:45,734 [Datanode State Machine Thread - 0] INFO  ozoneimpl.OzoneContainer (OzoneContainer.java:startContainerScrub(160)) - Background container scrubber has been disabled by hdds.containerscrub.enabled
2019-08-21 17:38:45,734 [Datanode State Machine Thread - 0] INFO  ratis.XceiverServerRatis (XceiverServerRatis.java:start(404)) - Starting XceiverServerRatis 57e59194-3b1d-4665-b11f-1ec0556c47eb at port 0
2019-08-21 17:38:45,743 [Datanode State Machine Thread - 0] INFO  impl.RaftServerProxy (RaftServerProxy.java:lambda$start$3(299)) - 57e59194-3b1d-4665-b11f-1ec0556c47eb: start RPC server
2019-08-21 17:38:45,743 [Datanode State Machine Thread - 0] INFO  server.GrpcService (GrpcService.java:startImpl(149)) - 57e59194-3b1d-4665-b11f-1ec0556c47eb: GrpcService started, listening on 0.0.0.0/0.0.0.0:45230
2019-08-21 17:38:45,744 [Datanode State Machine Thread - 0] INFO  ratis.XceiverServerRatis (XceiverServerRatis.java:start(414)) - XceiverServerRatis 57e59194-3b1d-4665-b11f-1ec0556c47eb is started using port 45230
2019-08-21 17:38:45,747 [Datanode State Machine Thread - 0] INFO  server.XceiverServerGrpc (XceiverServerGrpc.java:start(161)) - XceiverServerGrpc 57e59194-3b1d-4665-b11f-1ec0556c47eb is started using port 37236
2019-08-21 17:38:45,919 | INFO  | SCMAudit | user=jenkins1000 | ip=192.168.69.88 | op=GET_VERSION null | ret=SUCCESS |  
2019-08-21 17:38:45,944 [Datanode State Machine Thread - 0] INFO  ozoneimpl.OzoneContainer (OzoneContainer.java:start(186)) - Attempting to start container services.
2019-08-21 17:38:45,944 [Datanode State Machine Thread - 0] INFO  ozoneimpl.OzoneContainer (OzoneContainer.java:startContainerScrub(160)) - Background container scrubber has been disabled by hdds.containerscrub.enabled
2019-08-21 17:38:45,944 [Datanode State Machine Thread - 0] INFO  ratis.XceiverServerRatis (XceiverServerRatis.java:start(404)) - Starting XceiverServerRatis 802f8fbc-decc-4fe0-8596-5227c01e58c6 at port 0
2019-08-21 17:38:45,953 [Datanode State Machine Thread - 0] INFO  impl.RaftServerProxy (RaftServerProxy.java:lambda$start$3(299)) - 802f8fbc-decc-4fe0-8596-5227c01e58c6: start RPC server
2019-08-21 17:38:45,956 [Datanode State Machine Thread - 0] INFO  server.GrpcService (GrpcService.java:startImpl(149)) - 802f8fbc-decc-4fe0-8596-5227c01e58c6: GrpcService started, listening on 0.0.0.0/0.0.0.0:44406
2019-08-21 17:38:45,956 [Datanode State Machine Thread - 0] INFO  ratis.XceiverServerRatis (XceiverServerRatis.java:start(414)) - XceiverServerRatis 802f8fbc-decc-4fe0-8596-5227c01e58c6 is started using port 44406
2019-08-21 17:38:45,957 [Datanode State Machine Thread - 0] INFO  server.XceiverServerGrpc (XceiverServerGrpc.java:start(161)) - XceiverServerGrpc 802f8fbc-decc-4fe0-8596-5227c01e58c6 is started using port 40548
2019-08-21 17:38:46,109 [main] INFO  ozone.MiniOzoneClusterImpl (MiniOzoneClusterImpl.java:lambda$waitForClusterToBeReady$0(142)) - Waiting for cluster to be ready. Got 0 of 7 DN Heartbeats.
2019-08-21 17:38:46,110 | INFO  | SCMAudit | user=jenkins1000 | ip=192.168.69.88 | op=GET_VERSION null | ret=SUCCESS |  
2019-08-21 17:38:46,136 [Datanode State Machine Thread - 0] INFO  ozoneimpl.OzoneContainer (OzoneContainer.java:start(186)) - Attempting to start container services.
2019-08-21 17:38:46,136 [Datanode State Machine Thread - 0] INFO  ozoneimpl.OzoneContainer (OzoneContainer.java:startContainerScrub(160)) - Background container scrubber has been disabled by hdds.containerscrub.enabled
2019-08-21 17:38:46,136 [Datanode State Machine Thread - 0] INFO  ratis.XceiverServerRatis (XceiverServerRatis.java:start(404)) - Starting XceiverServerRatis 76d52cc5-9633-42a9-b84b-2c228ac1c43f at port 0
2019-08-21 17:38:46,145 [Datanode State Machine Thread - 0] INFO  impl.RaftServerProxy (RaftServerProxy.java:lambda$start$3(299)) - 76d52cc5-9633-42a9-b84b-2c228ac1c43f: start RPC server
2019-08-21 17:38:46,146 [Datanode State Machine Thread - 0] INFO  server.GrpcService (GrpcService.java:startImpl(149)) - 76d52cc5-9633-42a9-b84b-2c228ac1c43f: GrpcService started, listening on 0.0.0.0/0.0.0.0:36204
2019-08-21 17:38:46,146 [Datanode State Machine Thread - 0] INFO  ratis.XceiverServerRatis (XceiverServerRatis.java:start(414)) - XceiverServerRatis 76d52cc5-9633-42a9-b84b-2c228ac1c43f is started using port 36204
2019-08-21 17:38:46,146 [Datanode State Machine Thread - 0] INFO  server.XceiverServerGrpc (XceiverServerGrpc.java:start(161)) - XceiverServerGrpc 76d52cc5-9633-42a9-b84b-2c228ac1c43f is started using port 34052
2019-08-21 17:38:46,761 [IPC Server handler 2 on 41845] INFO  net.NetworkTopology (NetworkTopologyImpl.java:add(110)) - Added a new node: /default-rack/7eca2edd-1c28-4c17-b74d-733c4dbe681b
2019-08-21 17:38:46,764 [IPC Server handler 2 on 41845] INFO  node.SCMNodeManager (SCMNodeManager.java:register(266)) - Registered Data node : 7eca2edd-1c28-4c17-b74d-733c4dbe681b{ip: 192.168.69.88, host: pr-hdds-1935-w6pq9-1452708900, networkLocation: /default-rack, certSerialId: null}
2019-08-21 17:38:46,765 | INFO  | SCMAudit | user=jenkins1000 | ip=192.168.69.88 | op=REGISTER {datanodeDetails=7eca2edd-1c28-4c17-b74d-733c4dbe681b{ip: 192.168.69.88, host: pr-hdds-1935-w6pq9-1452708900, networkLocation: /default-rack, certSerialId: null}} | ret=SUCCESS |  
2019-08-21 17:38:46,765 [EventQueue-NodeRegistrationContainerReportForDataNodeSafeModeRule] INFO  safemode.SCMSafeModeManager (DataNodeSafeModeRule.java:process(71)) - SCM in safe mode. 1 DataNodes registered, 1 required.
2019-08-21 17:38:46,768 [EventQueue-NodeRegistrationContainerReportForDataNodeSafeModeRule] INFO  safemode.SCMSafeModeManager (SCMSafeModeManager.java:validateSafeModeExitRules(177)) - ScmSafeModeManager, all rules are successfully validated
2019-08-21 17:38:46,768 [EventQueue-NodeRegistrationContainerReportForDataNodeSafeModeRule] INFO  safemode.SCMSafeModeManager (SCMSafeModeManager.java:exitSafeMode(193)) - SCM exiting safe mode.
2019-08-21 17:38:46,798 [grpc-default-executor-9] INFO  impl.RaftServerProxy (RaftServerProxy.java:addNew(89)) - 7eca2edd-1c28-4c17-b74d-733c4dbe681b: addNew group-BED3559ADD8F:[7eca2edd-1c28-4c17-b74d-733c4dbe681b:192.168.69.88:38334] returns group-BED3559ADD8F:java.util.concurrent.CompletableFuture@47f313af[Not completed]
2019-08-21 17:38:46,800 [pool-439-thread-1] INFO  impl.RaftServerImpl (RaftServerImpl.java:<init>(93)) - 7eca2edd-1c28-4c17-b74d-733c4dbe681b: new RaftServerImpl for group-BED3559ADD8F:[7eca2edd-1c28-4c17-b74d-733c4dbe681b:192.168.69.88:38334] with ContainerStateMachine:uninitialized
2019-08-21 17:38:46,800 [pool-439-thread-1] INFO  server.RaftServerConfigKeys (ConfUtils.java:logGet(43)) - raft.server.rpc.timeout.min = 5s (custom)
2019-08-21 17:38:46,800 [pool-439-thread-1] INFO  server.RaftServerConfigKeys (ConfUtils.java:logGet(43)) - raft.server.rpc.timeout.max = 5200ms (custom)
2019-08-21 17:38:46,800 [pool-439-thread-1] INFO  server.RaftServerConfigKeys (ConfUtils.java:logGet(43)) - raft.server.rpcslowness.timeout = 120s (custom)
2019-08-21 17:38:46,801 [pool-439-thread-1] INFO  server.RaftServerConfigKeys (ConfUtils.java:logGet(43)) - raft.server.sleep.deviation.threshold = 300 (default)
2019-08-21 17:38:46,801 [pool-439-thread-1] INFO  server.RaftServerConfigKeys (ConfUtils.java:logGet(43)) - raft.server.log.appender.install.snapshot.enabled = false (custom)
2019-08-21 17:38:46,801 [pool-439-thread-1] INFO  impl.RaftServerImpl (ServerState.java:<init>(105)) - 7eca2edd-1c28-4c17-b74d-733c4dbe681b:group-BED3559ADD8F ConfigurationManager, init=-1: [7eca2edd-1c28-4c17-b74d-733c4dbe681b:192.168.69.88:38334], old=null, confs=<EMPTY_MAP>
2019-08-21 17:38:46,801 [pool-439-thread-1] INFO  server.RaftServerConfigKeys (ConfUtils.java:logGet(43)) - raft.server.storage.dir = [/workdir/hadoop-ozone/integration-test/target/test-dir/MiniOzoneClusterImpl-c619d2d6-0016-4a2b-bb48-151a7992e575/datanode-0/data/ratis] (custom)
2019-08-21 17:38:46,802 [pool-439-thread-1] INFO  storage.RaftStorageDirectory (RaftStorageDirectory.java:analyzeStorage(246)) - The storage directory /workdir/hadoop-ozone/integration-test/target/test-dir/MiniOzoneClusterImpl-c619d2d6-0016-4a2b-bb48-151a7992e575/datanode-0/data/ratis/3e0e7ad7-7f08-4fdc-9e48-bed3559add8f does not exist. Creating ...
2019-08-21 17:38:46,816 [pool-439-thread-1] INFO  storage.RaftStorageDirectory (RaftStorageDirectory.java:tryLock(328)) - Lock on /workdir/hadoop-ozone/integration-test/target/test-dir/MiniOzoneClusterImpl-c619d2d6-0016-4a2b-bb48-151a7992e575/datanode-0/data/ratis/3e0e7ad7-7f08-4fdc-9e48-bed3559add8f/in_use.lock acquired by nodename 17022@pr-hdds-1935-w6pq9-1452708900
2019-08-21 17:38:46,837 [pool-439-thread-1] INFO  storage.RaftStorage (RaftStorage.java:format(72)) - Storage directory /workdir/hadoop-ozone/integration-test/target/test-dir/MiniOzoneClusterImpl-c619d2d6-0016-4a2b-bb48-151a7992e575/datanode-0/data/ratis/3e0e7ad7-7f08-4fdc-9e48-bed3559add8f has been successfully formatted.
2019-08-21 17:38:46,837 [pool-439-thread-1] INFO  ratis.ContainerStateMachine (ContainerStateMachine.java:loadSnapshot(226)) - group-BED3559ADD8F: The snapshot info is null. Setting the last applied indexto:(t:0, i:~)
2019-08-21 17:38:46,838 [pool-439-thread-1] INFO  server.RaftServerConfigKeys (ConfUtils.java:logGet(43)) - raft.server.leader.election.timeout = 120s (custom)
2019-08-21 17:38:46,838 [pool-439-thread-1] INFO  server.RaftServerConfigKeys (ConfUtils.java:logGet(43)) - raft.server.log.use.memory = false (default)
2019-08-21 17:38:46,838 [pool-439-thread-1] INFO  server.RaftServerConfigKeys (ConfUtils.java:logGet(43)) - raft.server.log.purge.gap = 1000000 (custom)
2019-08-21 17:38:46,838 [pool-439-thread-1] INFO  server.RaftServerConfigKeys (ConfUtils.java:logGet(43)) - raft.server.log.appender.buffer.byte-limit = 33554432 (custom)
2019-08-21 17:38:46,838 [pool-439-thread-1] INFO  server.RaftServerConfigKeys (ConfUtils.java:logGet(43)) - raft.server.log.segment.size.max = 1048576 (custom)
2019-08-21 17:38:46,838 [pool-439-thread-1] INFO  server.RaftServerConfigKeys (ConfUtils.java:logGet(43)) - raft.server.log.segment.cache.num.max = 2 (custom)
2019-08-21 17:38:46,839 [pool-439-thread-1] INFO  segmented.SegmentedRaftLogWorker (SegmentedRaftLogWorker.java:<init>(172)) - new 7eca2edd-1c28-4c17-b74d-733c4dbe681b-SegmentedRaftLogWorker:Storage Directory /workdir/hadoop-ozone/integration-test/target/test-dir/MiniOzoneClusterImpl-c619d2d6-0016-4a2b-bb48-151a7992e575/datanode-0/data/ratis/3e0e7ad7-7f08-4fdc-9e48-bed3559add8f for RaftStorage:Storage Directory /workdir/hadoop-ozone/integration-test/target/test-dir/MiniOzoneClusterImpl-c619d2d6-0016-4a2b-bb48-151a7992e575/datanode-0/data/ratis/3e0e7ad7-7f08-4fdc-9e48-bed3559add8f
2019-08-21 17:38:46,839 [pool-439-thread-1] INFO  server.RaftServerConfigKeys (ConfUtils.java:logGet(43)) - raft.server.log.queue.byte-limit = 2147483647 (custom)
2019-08-21 17:38:46,839 [pool-439-thread-1] INFO  server.RaftServerConfigKeys (ConfUtils.java:logGet(43)) - raft.server.log.queue.element-limit = 1024 (custom)
2019-08-21 17:38:46,839 [pool-439-thread-1] INFO  server.RaftServerConfigKeys (ConfUtils.java:logGet(43)) - raft.server.log.segment.size.max = 1048576 (custom)
2019-08-21 17:38:46,840 [pool-439-thread-1] INFO  server.RaftServerConfigKeys (ConfUtils.java:logGet(43)) - raft.server.log.preallocated.size = 16384 (custom)
2019-08-21 17:38:46,840 [pool-439-thread-1] INFO  server.RaftServerConfigKeys (ConfUtils.java:logGet(43)) - raft.server.log.write.buffer.size = 33554432 (custom)
2019-08-21 17:38:46,840 [pool-439-thread-1] INFO  server.RaftServerConfigKeys (ConfUtils.java:logGet(43)) - raft.server.log.force.sync.num = 128 (default)
2019-08-21 17:38:46,840 [pool-439-thread-1] INFO  server.RaftServerConfigKeys (ConfUtils.java:logGet(43)) - raft.server.log.statemachine.data.sync = true (default)
2019-08-21 17:38:46,840 [pool-439-thread-1] INFO  server.RaftServerConfigKeys (ConfUtils.java:logGet(43)) - raft.server.log.statemachine.data.sync.timeout = 10s (default)
2019-08-21 17:38:46,840 [pool-439-thread-1] INFO  server.RaftServerConfigKeys (ConfUtils.java:logGet(43)) - raft.server.log.statemachine.data.sync.timeout.retry = -1 (default)
2019-08-21 17:38:46,841 [pool-439-thread-1] INFO  server.RaftServerConfigKeys (ConfUtils.java:logGet(43)) - raft.server.log.statemachine.data.caching.enabled = true (custom)
2019-08-21 17:38:46,841 [pool-439-thread-1] INFO  segmented.SegmentedRaftLogWorker (SegmentedRaftLogWorker.java:lambda$new$0(132)) - 7eca2edd-1c28-4c17-b74d-733c4dbe681b-SegmentedRaftLogWorker:Storage Directory /workdir/hadoop-ozone/integration-test/target/test-dir/MiniOzoneClusterImpl-c619d2d6-0016-4a2b-bb48-151a7992e575/datanode-0/data/ratis/3e0e7ad7-7f08-4fdc-9e48-bed3559add8f: flushIndex: setUnconditionally 0 -> -1
2019-08-21 17:38:46,841 [pool-439-thread-1] INFO  server.RaftServerConfigKeys (ConfUtils.java:logGet(43)) - raft.server.snapshot.auto.trigger.enabled = true (custom)
2019-08-21 17:38:46,842 [pool-439-thread-1] INFO  server.RaftServerConfigKeys (ConfUtils.java:logGet(43)) - raft.server.snapshot.auto.trigger.threshold = 10000 (custom)
2019-08-21 17:38:46,842 [pool-439-thread-1] INFO  server.RaftServerConfigKeys (ConfUtils.java:logGet(43)) - raft.server.retrycache.expirytime = 600000ms (custom)
2019-08-21 17:38:46,842 [pool-439-thread-1] INFO  impl.RaftServerImpl (RaftServerImpl.java:start(180)) - 7eca2edd-1c28-4c17-b74d-733c4dbe681b: start group-BED3559ADD8F
2019-08-21 17:38:46,842 [pool-439-thread-1] INFO  impl.RaftServerImpl (RaftServerImpl.java:setRole(171)) - 7eca2edd-1c28-4c17-b74d-733c4dbe681b:group-BED3559ADD8F changes role from null to FOLLOWER at term 0 for startAsFollower
2019-08-21 17:38:46,842 [pool-439-thread-1] INFO  impl.RoleInfo (RoleInfo.java:updateAndGet(143)) - 7eca2edd-1c28-4c17-b74d-733c4dbe681b: start FollowerState
2019-08-21 17:38:46,844 [pool-439-thread-1] INFO  util.JmxRegister (JmxRegister.java:tryRegister(44)) - Successfully registered JMX Bean with object name Ratis:service=RaftServer,group=group-BED3559ADD8F,id=7eca2edd-1c28-4c17-b74d-733c4dbe681b
2019-08-21 17:38:46,861 [RatisPipelineUtilsThread] INFO  pipeline.PipelineStateManager (PipelineStateManager.java:addPipeline(56)) - Created pipeline Pipeline[ Id: 3e0e7ad7-7f08-4fdc-9e48-bed3559add8f, Nodes: 7eca2edd-1c28-4c17-b74d-733c4dbe681b{ip: 192.168.69.88, host: pr-hdds-1935-w6pq9-1452708900, networkLocation: /default-rack, certSerialId: null}, Type:RATIS, Factor:ONE, State:OPEN]
2019-08-21 17:38:46,985 [IPC Server handler 3 on 41845] INFO  net.NetworkTopology (NetworkTopologyImpl.java:add(110)) - Added a new node: /default-rack/d093da97-bee2-4e07-af8f-bafb3556f13f
2019-08-21 17:38:46,985 [IPC Server handler 3 on 41845] INFO  node.SCMNodeManager (SCMNodeManager.java:register(266)) - Registered Data node : d093da97-bee2-4e07-af8f-bafb3556f13f{ip: 192.168.69.88, host: pr-hdds-1935-w6pq9-1452708900, networkLocation: /default-rack, certSerialId: null}
2019-08-21 17:38:46,986 | INFO  | SCMAudit | user=jenkins1000 | ip=192.168.69.88 | op=REGISTER {datanodeDetails=d093da97-bee2-4e07-af8f-bafb3556f13f{ip: 192.168.69.88, host: pr-hdds-1935-w6pq9-1452708900, networkLocation: /default-rack, certSerialId: null}} | ret=SUCCESS |  
2019-08-21 17:38:46,992 [grpc-default-executor-9] INFO  impl.RaftServerProxy (RaftServerProxy.java:addNew(89)) - d093da97-bee2-4e07-af8f-bafb3556f13f: addNew group-4A874FA7F551:[d093da97-bee2-4e07-af8f-bafb3556f13f:192.168.69.88:38106] returns group-4A874FA7F551:java.util.concurrent.CompletableFuture@7c2fc612[Not completed]
2019-08-21 17:38:46,994 [pool-450-thread-1] INFO  impl.RaftServerImpl (RaftServerImpl.java:<init>(93)) - d093da97-bee2-4e07-af8f-bafb3556f13f: new RaftServerImpl for group-4A874FA7F551:[d093da97-bee2-4e07-af8f-bafb3556f13f:192.168.69.88:38106] with ContainerStateMachine:uninitialized
2019-08-21 17:38:46,994 [pool-450-thread-1] INFO  server.RaftServerConfigKeys (ConfUtils.java:logGet(43)) - raft.server.rpc.timeout.min = 5s (custom)
2019-08-21 17:38:46,994 [pool-450-thread-1] INFO  server.RaftServerConfigKeys (ConfUtils.java:logGet(43)) - raft.server.rpc.timeout.max = 5200ms (custom)
2019-08-21 17:38:46,994 [pool-450-thread-1] INFO  server.RaftServerConfigKeys (ConfUtils.java:logGet(43)) - raft.server.rpcslowness.timeout = 120s (custom)
2019-08-21 17:38:46,994 [pool-450-thread-1] INFO  server.RaftServerConfigKeys (ConfUtils.java:logGet(43)) - raft.server.sleep.deviation.threshold = 300 (default)
2019-08-21 17:38:46,995 [pool-450-thread-1] INFO  server.RaftServerConfigKeys (ConfUtils.java:logGet(43)) - raft.server.log.appender.install.snapshot.enabled = false (custom)
2019-08-21 17:38:46,995 [pool-450-thread-1] INFO  impl.RaftServerImpl (ServerState.java:<init>(105)) - d093da97-bee2-4e07-af8f-bafb3556f13f:group-4A874FA7F551 ConfigurationManager, init=-1: [d093da97-bee2-4e07-af8f-bafb3556f13f:192.168.69.88:38106], old=null, confs=<EMPTY_MAP>
2019-08-21 17:38:46,995 [pool-450-thread-1] INFO  server.RaftServerConfigKeys (ConfUtils.java:logGet(43)) - raft.server.storage.dir = [/workdir/hadoop-ozone/integration-test/target/test-dir/MiniOzoneClusterImpl-c619d2d6-0016-4a2b-bb48-151a7992e575/datanode-1/data/ratis] (custom)
2019-08-21 17:38:46,995 [pool-450-thread-1] INFO  storage.RaftStorageDirectory (RaftStorageDirectory.java:analyzeStorage(246)) - The storage directory /workdir/hadoop-ozone/integration-test/target/test-dir/MiniOzoneClusterImpl-c619d2d6-0016-4a2b-bb48-151a7992e575/datanode-1/data/ratis/0fc31a31-edbd-473a-b719-4a874fa7f551 does not exist. Creating ...
2019-08-21 17:38:47,020 [pool-450-thread-1] INFO  storage.RaftStorageDirectory (RaftStorageDirectory.java:tryLock(328)) - Lock on /workdir/hadoop-ozone/integration-test/target/test-dir/MiniOzoneClusterImpl-c619d2d6-0016-4a2b-bb48-151a7992e575/datanode-1/data/ratis/0fc31a31-edbd-473a-b719-4a874fa7f551/in_use.lock acquired by nodename 17022@pr-hdds-1935-w6pq9-1452708900
2019-08-21 17:38:47,035 [pool-450-thread-1] INFO  storage.RaftStorage (RaftStorage.java:format(72)) - Storage directory /workdir/hadoop-ozone/integration-test/target/test-dir/MiniOzoneClusterImpl-c619d2d6-0016-4a2b-bb48-151a7992e575/datanode-1/data/ratis/0fc31a31-edbd-473a-b719-4a874fa7f551 has been successfully formatted.
2019-08-21 17:38:47,036 [pool-450-thread-1] INFO  ratis.ContainerStateMachine (ContainerStateMachine.java:loadSnapshot(226)) - group-4A874FA7F551: The snapshot info is null. Setting the last applied indexto:(t:0, i:~)
2019-08-21 17:38:47,036 [pool-450-thread-1] INFO  server.RaftServerConfigKeys (ConfUtils.java:logGet(43)) - raft.server.leader.election.timeout = 120s (custom)
2019-08-21 17:38:47,036 [pool-450-thread-1] INFO  server.RaftServerConfigKeys (ConfUtils.java:logGet(43)) - raft.server.log.use.memory = false (default)
2019-08-21 17:38:47,036 [pool-450-thread-1] INFO  server.RaftServerConfigKeys (ConfUtils.java:logGet(43)) - raft.server.log.purge.gap = 1000000 (custom)
2019-08-21 17:38:47,036 [pool-450-thread-1] INFO  server.RaftServerConfigKeys (ConfUtils.java:logGet(43)) - raft.server.log.appender.buffer.byte-limit = 33554432 (custom)
2019-08-21 17:38:47,036 [pool-450-thread-1] INFO  server.RaftServerConfigKeys (ConfUtils.java:logGet(43)) - raft.server.log.segment.size.max = 1048576 (custom)
2019-08-21 17:38:47,037 [pool-450-thread-1] INFO  server.RaftServerConfigKeys (ConfUtils.java:logGet(43)) - raft.server.log.segment.cache.num.max = 2 (custom)
2019-08-21 17:38:47,037 [pool-450-thread-1] INFO  segmented.SegmentedRaftLogWorker (SegmentedRaftLogWorker.java:<init>(172)) - new d093da97-bee2-4e07-af8f-bafb3556f13f-SegmentedRaftLogWorker:Storage Directory /workdir/hadoop-ozone/integration-test/target/test-dir/MiniOzoneClusterImpl-c619d2d6-0016-4a2b-bb48-151a7992e575/datanode-1/data/ratis/0fc31a31-edbd-473a-b719-4a874fa7f551 for RaftStorage:Storage Directory /workdir/hadoop-ozone/integration-test/target/test-dir/MiniOzoneClusterImpl-c619d2d6-0016-4a2b-bb48-151a7992e575/datanode-1/data/ratis/0fc31a31-edbd-473a-b719-4a874fa7f551
2019-08-21 17:38:47,037 [pool-450-thread-1] INFO  server.RaftServerConfigKeys (ConfUtils.java:logGet(43)) - raft.server.log.queue.byte-limit = 2147483647 (custom)
2019-08-21 17:38:47,037 [pool-450-thread-1] INFO  server.RaftServerConfigKeys (ConfUtils.java:logGet(43)) - raft.server.log.queue.element-limit = 1024 (custom)
2019-08-21 17:38:47,037 [pool-450-thread-1] INFO  server.RaftServerConfigKeys (ConfUtils.java:logGet(43)) - raft.server.log.segment.size.max = 1048576 (custom)
2019-08-21 17:38:47,038 [pool-450-thread-1] INFO  server.RaftServerConfigKeys (ConfUtils.java:logGet(43)) - raft.server.log.preallocated.size = 16384 (custom)
2019-08-21 17:38:47,038 [pool-450-thread-1] INFO  server.RaftServerConfigKeys (ConfUtils.java:logGet(43)) - raft.server.log.write.buffer.size = 33554432 (custom)
2019-08-21 17:38:47,038 [pool-450-thread-1] INFO  server.RaftServerConfigKeys (ConfUtils.java:logGet(43)) - raft.server.log.force.sync.num = 128 (default)
2019-08-21 17:38:47,038 [pool-450-thread-1] INFO  server.RaftServerConfigKeys (ConfUtils.java:logGet(43)) - raft.server.log.statemachine.data.sync = true (default)
2019-08-21 17:38:47,038 [pool-450-thread-1] INFO  server.RaftServerConfigKeys (ConfUtils.java:logGet(43)) - raft.server.log.statemachine.data.sync.timeout = 10s (default)
2019-08-21 17:38:47,038 [pool-450-thread-1] INFO  server.RaftServerConfigKeys (ConfUtils.java:logGet(43)) - raft.server.log.statemachine.data.sync.timeout.retry = -1 (default)
2019-08-21 17:38:47,039 [pool-450-thread-1] INFO  server.RaftServerConfigKeys (ConfUtils.java:logGet(43)) - raft.server.log.statemachine.data.caching.enabled = true (custom)
2019-08-21 17:38:47,040 [pool-450-thread-1] INFO  segmented.SegmentedRaftLogWorker (SegmentedRaftLogWorker.java:lambda$new$0(132)) - d093da97-bee2-4e07-af8f-bafb3556f13f-SegmentedRaftLogWorker:Storage Directory /workdir/hadoop-ozone/integration-test/target/test-dir/MiniOzoneClusterImpl-c619d2d6-0016-4a2b-bb48-151a7992e575/datanode-1/data/ratis/0fc31a31-edbd-473a-b719-4a874fa7f551: flushIndex: setUnconditionally 0 -> -1
2019-08-21 17:38:47,040 [pool-450-thread-1] INFO  server.RaftServerConfigKeys (ConfUtils.java:logGet(43)) - raft.server.snapshot.auto.trigger.enabled = true (custom)
2019-08-21 17:38:47,040 [pool-450-thread-1] INFO  server.RaftServerConfigKeys (ConfUtils.java:logGet(43)) - raft.server.snapshot.auto.trigger.threshold = 10000 (custom)
2019-08-21 17:38:47,040 [pool-450-thread-1] INFO  server.RaftServerConfigKeys (ConfUtils.java:logGet(43)) - raft.server.retrycache.expirytime = 600000ms (custom)
2019-08-21 17:38:47,041 [pool-450-thread-1] INFO  impl.RaftServerImpl (RaftServerImpl.java:start(180)) - d093da97-bee2-4e07-af8f-bafb3556f13f: start group-4A874FA7F551
2019-08-21 17:38:47,041 [pool-450-thread-1] INFO  impl.RaftServerImpl (RaftServerImpl.java:setRole(171)) - d093da97-bee2-4e07-af8f-bafb3556f13f:group-4A874FA7F551 changes role from null to FOLLOWER at term 0 for startAsFollower
2019-08-21 17:38:47,041 [pool-450-thread-1] INFO  impl.RoleInfo (RoleInfo.java:updateAndGet(143)) - d093da97-bee2-4e07-af8f-bafb3556f13f: start FollowerState
2019-08-21 17:38:47,041 [pool-450-thread-1] INFO  util.JmxRegister (JmxRegister.java:tryRegister(44)) - Successfully registered JMX Bean with object name Ratis:service=RaftServer,group=group-4A874FA7F551,id=d093da97-bee2-4e07-af8f-bafb3556f13f
2019-08-21 17:38:47,044 [RatisPipelineUtilsThread] INFO  pipeline.PipelineStateManager (PipelineStateManager.java:addPipeline(56)) - Created pipeline Pipeline[ Id: 0fc31a31-edbd-473a-b719-4a874fa7f551, Nodes: d093da97-bee2-4e07-af8f-bafb3556f13f{ip: 192.168.69.88, host: pr-hdds-1935-w6pq9-1452708900, networkLocation: /default-rack, certSerialId: null}, Type:RATIS, Factor:ONE, State:OPEN]
2019-08-21 17:38:47,110 [main] INFO  ozone.MiniOzoneClusterImpl (MiniOzoneClusterImpl.java:lambda$waitForClusterToBeReady$0(142)) - Waiting for cluster to be ready. Got 2 of 7 DN Heartbeats.
2019-08-21 17:38:47,220 [IPC Server handler 6 on 41845] INFO  net.NetworkTopology (NetworkTopologyImpl.java:add(110)) - Added a new node: /default-rack/8c197040-db5a-409b-844d-bbce80f31f7a
2019-08-21 17:38:47,220 [IPC Server handler 6 on 41845] INFO  node.SCMNodeManager (SCMNodeManager.java:register(266)) - Registered Data node : 8c197040-db5a-409b-844d-bbce80f31f7a{ip: 192.168.69.88, host: pr-hdds-1935-w6pq9-1452708900, networkLocation: /default-rack, certSerialId: null}
2019-08-21 17:38:47,221 | INFO  | SCMAudit | user=jenkins1000 | ip=192.168.69.88 | op=REGISTER {datanodeDetails=8c197040-db5a-409b-844d-bbce80f31f7a{ip: 192.168.69.88, host: pr-hdds-1935-w6pq9-1452708900, networkLocation: /default-rack, certSerialId: null}} | ret=SUCCESS |  
2019-08-21 17:38:47,228 [grpc-default-executor-9] INFO  impl.RaftServerProxy (RaftServerProxy.java:addNew(89)) - 8c197040-db5a-409b-844d-bbce80f31f7a: addNew group-F136FBEB3874:[8c197040-db5a-409b-844d-bbce80f31f7a:192.168.69.88:45801] returns group-F136FBEB3874:java.util.concurrent.CompletableFuture@6edc6d90[Not completed]
2019-08-21 17:38:47,229 [pool-461-thread-1] INFO  impl.RaftServerImpl (RaftServerImpl.java:<init>(93)) - 8c197040-db5a-409b-844d-bbce80f31f7a: new RaftServerImpl for group-F136FBEB3874:[8c197040-db5a-409b-844d-bbce80f31f7a:192.168.69.88:45801] with ContainerStateMachine:uninitialized
2019-08-21 17:38:47,229 [pool-461-thread-1] INFO  server.RaftServerConfigKeys (ConfUtils.java:logGet(43)) - raft.server.rpc.timeout.min = 5s (custom)
2019-08-21 17:38:47,229 [pool-461-thread-1] INFO  server.RaftServerConfigKeys (ConfUtils.java:logGet(43)) - raft.server.rpc.timeout.max = 5200ms (custom)
2019-08-21 17:38:47,229 [pool-461-thread-1] INFO  server.RaftServerConfigKeys (ConfUtils.java:logGet(43)) - raft.server.rpcslowness.timeout = 120s (custom)
2019-08-21 17:38:47,230 [pool-461-thread-1] INFO  server.RaftServerConfigKeys (ConfUtils.java:logGet(43)) - raft.server.sleep.deviation.threshold = 300 (default)
2019-08-21 17:38:47,230 [pool-461-thread-1] INFO  server.RaftServerConfigKeys (ConfUtils.java:logGet(43)) - raft.server.log.appender.install.snapshot.enabled = false (custom)
2019-08-21 17:38:47,230 [pool-461-thread-1] INFO  impl.RaftServerImpl (ServerState.java:<init>(105)) - 8c197040-db5a-409b-844d-bbce80f31f7a:group-F136FBEB3874 ConfigurationManager, init=-1: [8c197040-db5a-409b-844d-bbce80f31f7a:192.168.69.88:45801], old=null, confs=<EMPTY_MAP>
2019-08-21 17:38:47,230 [pool-461-thread-1] INFO  server.RaftServerConfigKeys (ConfUtils.java:logGet(43)) - raft.server.storage.dir = [/workdir/hadoop-ozone/integration-test/target/test-dir/MiniOzoneClusterImpl-c619d2d6-0016-4a2b-bb48-151a7992e575/datanode-2/data/ratis] (custom)
2019-08-21 17:38:47,231 [pool-461-thread-1] INFO  storage.RaftStorageDirectory (RaftStorageDirectory.java:analyzeStorage(246)) - The storage directory /workdir/hadoop-ozone/integration-test/target/test-dir/MiniOzoneClusterImpl-c619d2d6-0016-4a2b-bb48-151a7992e575/datanode-2/data/ratis/d9938e08-f084-4a5d-a8f7-f136fbeb3874 does not exist. Creating ...
2019-08-21 17:38:47,255 [pool-461-thread-1] INFO  storage.RaftStorageDirectory (RaftStorageDirectory.java:tryLock(328)) - Lock on /workdir/hadoop-ozone/integration-test/target/test-dir/MiniOzoneClusterImpl-c619d2d6-0016-4a2b-bb48-151a7992e575/datanode-2/data/ratis/d9938e08-f084-4a5d-a8f7-f136fbeb3874/in_use.lock acquired by nodename 17022@pr-hdds-1935-w6pq9-1452708900
2019-08-21 17:38:47,270 [pool-461-thread-1] INFO  storage.RaftStorage (RaftStorage.java:format(72)) - Storage directory /workdir/hadoop-ozone/integration-test/target/test-dir/MiniOzoneClusterImpl-c619d2d6-0016-4a2b-bb48-151a7992e575/datanode-2/data/ratis/d9938e08-f084-4a5d-a8f7-f136fbeb3874 has been successfully formatted.
2019-08-21 17:38:47,270 [pool-461-thread-1] INFO  ratis.ContainerStateMachine (ContainerStateMachine.java:loadSnapshot(226)) - group-F136FBEB3874: The snapshot info is null. Setting the last applied indexto:(t:0, i:~)
2019-08-21 17:38:47,270 [pool-461-thread-1] INFO  server.RaftServerConfigKeys (ConfUtils.java:logGet(43)) - raft.server.leader.election.timeout = 120s (custom)
2019-08-21 17:38:47,271 [pool-461-thread-1] INFO  server.RaftServerConfigKeys (ConfUtils.java:logGet(43)) - raft.server.log.use.memory = false (default)
2019-08-21 17:38:47,271 [pool-461-thread-1] INFO  server.RaftServerConfigKeys (ConfUtils.java:logGet(43)) - raft.server.log.purge.gap = 1000000 (custom)
2019-08-21 17:38:47,271 [pool-461-thread-1] INFO  server.RaftServerConfigKeys (ConfUtils.java:logGet(43)) - raft.server.log.appender.buffer.byte-limit = 33554432 (custom)
2019-08-21 17:38:47,271 [pool-461-thread-1] INFO  server.RaftServerConfigKeys (ConfUtils.java:logGet(43)) - raft.server.log.segment.size.max = 1048576 (custom)
2019-08-21 17:38:47,271 [pool-461-thread-1] INFO  server.RaftServerConfigKeys (ConfUtils.java:logGet(43)) - raft.server.log.segment.cache.num.max = 2 (custom)
2019-08-21 17:38:47,271 [pool-461-thread-1] INFO  segmented.SegmentedRaftLogWorker (SegmentedRaftLogWorker.java:<init>(172)) - new 8c197040-db5a-409b-844d-bbce80f31f7a-SegmentedRaftLogWorker:Storage Directory /workdir/hadoop-ozone/integration-test/target/test-dir/MiniOzoneClusterImpl-c619d2d6-0016-4a2b-bb48-151a7992e575/datanode-2/data/ratis/d9938e08-f084-4a5d-a8f7-f136fbeb3874 for RaftStorage:Storage Directory /workdir/hadoop-ozone/integration-test/target/test-dir/MiniOzoneClusterImpl-c619d2d6-0016-4a2b-bb48-151a7992e575/datanode-2/data/ratis/d9938e08-f084-4a5d-a8f7-f136fbeb3874
2019-08-21 17:38:47,272 [pool-461-thread-1] INFO  server.RaftServerConfigKeys (ConfUtils.java:logGet(43)) - raft.server.log.queue.byte-limit = 2147483647 (custom)
2019-08-21 17:38:47,272 [pool-461-thread-1] INFO  server.RaftServerConfigKeys (ConfUtils.java:logGet(43)) - raft.server.log.queue.element-limit = 1024 (custom)
2019-08-21 17:38:47,272 [pool-461-thread-1] INFO  server.RaftServerConfigKeys (ConfUtils.java:logGet(43)) - raft.server.log.segment.size.max = 1048576 (custom)
2019-08-21 17:38:47,272 [pool-461-thread-1] INFO  server.RaftServerConfigKeys (ConfUtils.java:logGet(43)) - raft.server.log.preallocated.size = 16384 (custom)
2019-08-21 17:38:47,272 [pool-461-thread-1] INFO  server.RaftServerConfigKeys (ConfUtils.java:logGet(43)) - raft.server.log.write.buffer.size = 33554432 (custom)
2019-08-21 17:38:47,272 [pool-461-thread-1] INFO  server.RaftServerConfigKeys (ConfUtils.java:logGet(43)) - raft.server.log.force.sync.num = 128 (default)
2019-08-21 17:38:47,272 [pool-461-thread-1] INFO  server.RaftServerConfigKeys (ConfUtils.java:logGet(43)) - raft.server.log.statemachine.data.sync = true (default)
2019-08-21 17:38:47,273 [pool-461-thread-1] INFO  server.RaftServerConfigKeys (ConfUtils.java:logGet(43)) - raft.server.log.statemachine.data.sync.timeout = 10s (default)
2019-08-21 17:38:47,273 [pool-461-thread-1] INFO  server.RaftServerConfigKeys (ConfUtils.java:logGet(43)) - raft.server.log.statemachine.data.sync.timeout.retry = -1 (default)
2019-08-21 17:38:47,273 [pool-461-thread-1] INFO  server.RaftServerConfigKeys (ConfUtils.java:logGet(43)) - raft.server.log.statemachine.data.caching.enabled = true (custom)
2019-08-21 17:38:47,273 [pool-461-thread-1] INFO  segmented.SegmentedRaftLogWorker (SegmentedRaftLogWorker.java:lambda$new$0(132)) - 8c197040-db5a-409b-844d-bbce80f31f7a-SegmentedRaftLogWorker:Storage Directory /workdir/hadoop-ozone/integration-test/target/test-dir/MiniOzoneClusterImpl-c619d2d6-0016-4a2b-bb48-151a7992e575/datanode-2/data/ratis/d9938e08-f084-4a5d-a8f7-f136fbeb3874: flushIndex: setUnconditionally 0 -> -1
2019-08-21 17:38:47,274 [pool-461-thread-1] INFO  server.RaftServerConfigKeys (ConfUtils.java:logGet(43)) - raft.server.snapshot.auto.trigger.enabled = true (custom)
2019-08-21 17:38:47,274 [pool-461-thread-1] INFO  server.RaftServerConfigKeys (ConfUtils.java:logGet(43)) - raft.server.snapshot.auto.trigger.threshold = 10000 (custom)
2019-08-21 17:38:47,274 [pool-461-thread-1] INFO  server.RaftServerConfigKeys (ConfUtils.java:logGet(43)) - raft.server.retrycache.expirytime = 600000ms (custom)
2019-08-21 17:38:47,274 [pool-461-thread-1] INFO  impl.RaftServerImpl (RaftServerImpl.java:start(180)) - 8c197040-db5a-409b-844d-bbce80f31f7a: start group-F136FBEB3874
2019-08-21 17:38:47,274 [pool-461-thread-1] INFO  impl.RaftServerImpl (RaftServerImpl.java:setRole(171)) - 8c197040-db5a-409b-844d-bbce80f31f7a:group-F136FBEB3874 changes role from null to FOLLOWER at term 0 for startAsFollower
2019-08-21 17:38:47,275 [pool-461-thread-1] INFO  impl.RoleInfo (RoleInfo.java:updateAndGet(143)) - 8c197040-db5a-409b-844d-bbce80f31f7a: start FollowerState
2019-08-21 17:38:47,275 [pool-461-thread-1] INFO  util.JmxRegister (JmxRegister.java:tryRegister(44)) - Successfully registered JMX Bean with object name Ratis:service=RaftServer,group=group-F136FBEB3874,id=8c197040-db5a-409b-844d-bbce80f31f7a
2019-08-21 17:38:47,277 [RatisPipelineUtilsThread] INFO  pipeline.PipelineStateManager (PipelineStateManager.java:addPipeline(56)) - Created pipeline Pipeline[ Id: d9938e08-f084-4a5d-a8f7-f136fbeb3874, Nodes: 8c197040-db5a-409b-844d-bbce80f31f7a{ip: 192.168.69.88, host: pr-hdds-1935-w6pq9-1452708900, networkLocation: /default-rack, certSerialId: null}, Type:RATIS, Factor:ONE, State:OPEN]
2019-08-21 17:38:47,292 [grpc-default-executor-8] INFO  impl.RaftServerProxy (RaftServerProxy.java:addNew(89)) - 7eca2edd-1c28-4c17-b74d-733c4dbe681b: addNew group-A0FD3ED41361:[8c197040-db5a-409b-844d-bbce80f31f7a:192.168.69.88:45801, 7eca2edd-1c28-4c17-b74d-733c4dbe681b:192.168.69.88:38334, d093da97-bee2-4e07-af8f-bafb3556f13f:192.168.69.88:38106] returns group-A0FD3ED41361:java.util.concurrent.CompletableFuture@1778f24c[Not completed]
2019-08-21 17:38:47,292 [grpc-default-executor-9] INFO  impl.RaftServerProxy (RaftServerProxy.java:addNew(89)) - d093da97-bee2-4e07-af8f-bafb3556f13f: addNew group-A0FD3ED41361:[8c197040-db5a-409b-844d-bbce80f31f7a:192.168.69.88:45801, 7eca2edd-1c28-4c17-b74d-733c4dbe681b:192.168.69.88:38334, d093da97-bee2-4e07-af8f-bafb3556f13f:192.168.69.88:38106] returns group-A0FD3ED41361:java.util.concurrent.CompletableFuture@39e88c90[Not completed]
2019-08-21 17:38:47,292 [grpc-default-executor-1] INFO  impl.RaftServerProxy (RaftServerProxy.java:addNew(89)) - 8c197040-db5a-409b-844d-bbce80f31f7a: addNew group-A0FD3ED41361:[8c197040-db5a-409b-844d-bbce80f31f7a:192.168.69.88:45801, 7eca2edd-1c28-4c17-b74d-733c4dbe681b:192.168.69.88:38334, d093da97-bee2-4e07-af8f-bafb3556f13f:192.168.69.88:38106] returns group-A0FD3ED41361:java.util.concurrent.CompletableFuture@5189c194[Not completed]
2019-08-21 17:38:47,294 [pool-439-thread-1] INFO  impl.RaftServerImpl (RaftServerImpl.java:<init>(93)) - 7eca2edd-1c28-4c17-b74d-733c4dbe681b: new RaftServerImpl for group-A0FD3ED41361:[8c197040-db5a-409b-844d-bbce80f31f7a:192.168.69.88:45801, 7eca2edd-1c28-4c17-b74d-733c4dbe681b:192.168.69.88:38334, d093da97-bee2-4e07-af8f-bafb3556f13f:192.168.69.88:38106] with ContainerStateMachine:uninitialized
2019-08-21 17:38:47,294 [pool-439-thread-1] INFO  server.RaftServerConfigKeys (ConfUtils.java:logGet(43)) - raft.server.rpc.timeout.min = 5s (custom)
2019-08-21 17:38:47,294 [pool-439-thread-1] INFO  server.RaftServerConfigKeys (ConfUtils.java:logGet(43)) - raft.server.rpc.timeout.max = 5200ms (custom)
2019-08-21 17:38:47,294 [pool-439-thread-1] INFO  server.RaftServerConfigKeys (ConfUtils.java:logGet(43)) - raft.server.rpcslowness.timeout = 120s (custom)
2019-08-21 17:38:47,294 [pool-461-thread-1] INFO  impl.RaftServerImpl (RaftServerImpl.java:<init>(93)) - 8c197040-db5a-409b-844d-bbce80f31f7a: new RaftServerImpl for group-A0FD3ED41361:[8c197040-db5a-409b-844d-bbce80f31f7a:192.168.69.88:45801, 7eca2edd-1c28-4c17-b74d-733c4dbe681b:192.168.69.88:38334, d093da97-bee2-4e07-af8f-bafb3556f13f:192.168.69.88:38106] with ContainerStateMachine:uninitialized
2019-08-21 17:38:47,294 [pool-439-thread-1] INFO  server.RaftServerConfigKeys (ConfUtils.java:logGet(43)) - raft.server.sleep.deviation.threshold = 300 (default)
2019-08-21 17:38:47,294 [pool-461-thread-1] INFO  server.RaftServerConfigKeys (ConfUtils.java:logGet(43)) - raft.server.rpc.timeout.min = 5s (custom)
2019-08-21 17:38:47,294 [pool-439-thread-1] INFO  server.RaftServerConfigKeys (ConfUtils.java:logGet(43)) - raft.server.log.appender.install.snapshot.enabled = false (custom)
2019-08-21 17:38:47,295 [pool-461-thread-1] INFO  server.RaftServerConfigKeys (ConfUtils.java:logGet(43)) - raft.server.rpc.timeout.max = 5200ms (custom)
2019-08-21 17:38:47,295 [pool-439-thread-1] INFO  impl.RaftServerImpl (ServerState.java:<init>(105)) - 7eca2edd-1c28-4c17-b74d-733c4dbe681b:group-A0FD3ED41361 ConfigurationManager, init=-1: [8c197040-db5a-409b-844d-bbce80f31f7a:192.168.69.88:45801, 7eca2edd-1c28-4c17-b74d-733c4dbe681b:192.168.69.88:38334, d093da97-bee2-4e07-af8f-bafb3556f13f:192.168.69.88:38106], old=null, confs=<EMPTY_MAP>
2019-08-21 17:38:47,295 [pool-450-thread-1] INFO  impl.RaftServerImpl (RaftServerImpl.java:<init>(93)) - d093da97-bee2-4e07-af8f-bafb3556f13f: new RaftServerImpl for group-A0FD3ED41361:[8c197040-db5a-409b-844d-bbce80f31f7a:192.168.69.88:45801, 7eca2edd-1c28-4c17-b74d-733c4dbe681b:192.168.69.88:38334, d093da97-bee2-4e07-af8f-bafb3556f13f:192.168.69.88:38106] with ContainerStateMachine:uninitialized
2019-08-21 17:38:47,295 [pool-439-thread-1] INFO  server.RaftServerConfigKeys (ConfUtils.java:logGet(43)) - raft.server.storage.dir = [/workdir/hadoop-ozone/integration-test/target/test-dir/MiniOzoneClusterImpl-c619d2d6-0016-4a2b-bb48-151a7992e575/datanode-0/data/ratis] (custom)
2019-08-21 17:38:47,295 [pool-461-thread-1] INFO  server.RaftServerConfigKeys (ConfUtils.java:logGet(43)) - raft.server.rpcslowness.timeout = 120s (custom)
2019-08-21 17:38:47,295 [pool-450-thread-1] INFO  server.RaftServerConfigKeys (ConfUtils.java:logGet(43)) - raft.server.rpc.timeout.min = 5s (custom)
2019-08-21 17:38:47,295 [pool-461-thread-1] INFO  server.RaftServerConfigKeys (ConfUtils.java:logGet(43)) - raft.server.sleep.deviation.threshold = 300 (default)
2019-08-21 17:38:47,295 [pool-439-thread-1] INFO  storage.RaftStorageDirectory (RaftStorageDirectory.java:analyzeStorage(246)) - The storage directory /workdir/hadoop-ozone/integration-test/target/test-dir/MiniOzoneClusterImpl-c619d2d6-0016-4a2b-bb48-151a7992e575/datanode-0/data/ratis/063cef92-52c6-41d5-9d3d-a0fd3ed41361 does not exist. Creating ...
2019-08-21 17:38:47,295 [pool-450-thread-1] INFO  server.RaftServerConfigKeys (ConfUtils.java:logGet(43)) - raft.server.rpc.timeout.max = 5200ms (custom)
2019-08-21 17:38:47,296 [pool-461-thread-1] INFO  server.RaftServerConfigKeys (ConfUtils.java:logGet(43)) - raft.server.log.appender.install.snapshot.enabled = false (custom)
2019-08-21 17:38:47,296 [pool-450-thread-1] INFO  server.RaftServerConfigKeys (ConfUtils.java:logGet(43)) - raft.server.rpcslowness.timeout = 120s (custom)
2019-08-21 17:38:47,296 [pool-461-thread-1] INFO  impl.RaftServerImpl (ServerState.java:<init>(105)) - 8c197040-db5a-409b-844d-bbce80f31f7a:group-A0FD3ED41361 ConfigurationManager, init=-1: [8c197040-db5a-409b-844d-bbce80f31f7a:192.168.69.88:45801, 7eca2edd-1c28-4c17-b74d-733c4dbe681b:192.168.69.88:38334, d093da97-bee2-4e07-af8f-bafb3556f13f:192.168.69.88:38106], old=null, confs=<EMPTY_MAP>
2019-08-21 17:38:47,296 [pool-450-thread-1] INFO  server.RaftServerConfigKeys (ConfUtils.java:logGet(43)) - raft.server.sleep.deviation.threshold = 300 (default)
2019-08-21 17:38:47,296 [pool-461-thread-1] INFO  server.RaftServerConfigKeys (ConfUtils.java:logGet(43)) - raft.server.storage.dir = [/workdir/hadoop-ozone/integration-test/target/test-dir/MiniOzoneClusterImpl-c619d2d6-0016-4a2b-bb48-151a7992e575/datanode-2/data/ratis] (custom)
2019-08-21 17:38:47,296 [pool-450-thread-1] INFO  server.RaftServerConfigKeys (ConfUtils.java:logGet(43)) - raft.server.log.appender.install.snapshot.enabled = false (custom)
2019-08-21 17:38:47,297 [pool-450-thread-1] INFO  impl.RaftServerImpl (ServerState.java:<init>(105)) - d093da97-bee2-4e07-af8f-bafb3556f13f:group-A0FD3ED41361 ConfigurationManager, init=-1: [8c197040-db5a-409b-844d-bbce80f31f7a:192.168.69.88:45801, 7eca2edd-1c28-4c17-b74d-733c4dbe681b:192.168.69.88:38334, d093da97-bee2-4e07-af8f-bafb3556f13f:192.168.69.88:38106], old=null, confs=<EMPTY_MAP>
2019-08-21 17:38:47,297 [pool-461-thread-1] INFO  storage.RaftStorageDirectory (RaftStorageDirectory.java:analyzeStorage(246)) - The storage directory /workdir/hadoop-ozone/integration-test/target/test-dir/MiniOzoneClusterImpl-c619d2d6-0016-4a2b-bb48-151a7992e575/datanode-2/data/ratis/063cef92-52c6-41d5-9d3d-a0fd3ed41361 does not exist. Creating ...
2019-08-21 17:38:47,297 [pool-450-thread-1] INFO  server.RaftServerConfigKeys (ConfUtils.java:logGet(43)) - raft.server.storage.dir = [/workdir/hadoop-ozone/integration-test/target/test-dir/MiniOzoneClusterImpl-c619d2d6-0016-4a2b-bb48-151a7992e575/datanode-1/data/ratis] (custom)
2019-08-21 17:38:47,297 [pool-450-thread-1] INFO  storage.RaftStorageDirectory (RaftStorageDirectory.java:analyzeStorage(246)) - The storage directory /workdir/hadoop-ozone/integration-test/target/test-dir/MiniOzoneClusterImpl-c619d2d6-0016-4a2b-bb48-151a7992e575/datanode-1/data/ratis/063cef92-52c6-41d5-9d3d-a0fd3ed41361 does not exist. Creating ...
2019-08-21 17:38:47,317 [pool-439-thread-1] INFO  storage.RaftStorageDirectory (RaftStorageDirectory.java:tryLock(328)) - Lock on /workdir/hadoop-ozone/integration-test/target/test-dir/MiniOzoneClusterImpl-c619d2d6-0016-4a2b-bb48-151a7992e575/datanode-0/data/ratis/063cef92-52c6-41d5-9d3d-a0fd3ed41361/in_use.lock acquired by nodename 17022@pr-hdds-1935-w6pq9-1452708900
2019-08-21 17:38:47,317 [pool-450-thread-1] INFO  storage.RaftStorageDirectory (RaftStorageDirectory.java:tryLock(328)) - Lock on /workdir/hadoop-ozone/integration-test/target/test-dir/MiniOzoneClusterImpl-c619d2d6-0016-4a2b-bb48-151a7992e575/datanode-1/data/ratis/063cef92-52c6-41d5-9d3d-a0fd3ed41361/in_use.lock acquired by nodename 17022@pr-hdds-1935-w6pq9-1452708900
2019-08-21 17:38:47,317 [pool-461-thread-1] INFO  storage.RaftStorageDirectory (RaftStorageDirectory.java:tryLock(328)) - Lock on /workdir/hadoop-ozone/integration-test/target/test-dir/MiniOzoneClusterImpl-c619d2d6-0016-4a2b-bb48-151a7992e575/datanode-2/data/ratis/063cef92-52c6-41d5-9d3d-a0fd3ed41361/in_use.lock acquired by nodename 17022@pr-hdds-1935-w6pq9-1452708900
2019-08-21 17:38:47,343 [pool-439-thread-1] INFO  storage.RaftStorage (RaftStorage.java:format(72)) - Storage directory /workdir/hadoop-ozone/integration-test/target/test-dir/MiniOzoneClusterImpl-c619d2d6-0016-4a2b-bb48-151a7992e575/datanode-0/data/ratis/063cef92-52c6-41d5-9d3d-a0fd3ed41361 has been successfully formatted.
2019-08-21 17:38:47,343 [pool-450-thread-1] INFO  storage.RaftStorage (RaftStorage.java:format(72)) - Storage directory /workdir/hadoop-ozone/integration-test/target/test-dir/MiniOzoneClusterImpl-c619d2d6-0016-4a2b-bb48-151a7992e575/datanode-1/data/ratis/063cef92-52c6-41d5-9d3d-a0fd3ed41361 has been successfully formatted.
2019-08-21 17:38:47,343 [pool-439-thread-1] INFO  ratis.ContainerStateMachine (ContainerStateMachine.java:loadSnapshot(226)) - group-A0FD3ED41361: The snapshot info is null. Setting the last applied indexto:(t:0, i:~)
2019-08-21 17:38:47,343 [pool-461-thread-1] INFO  storage.RaftStorage (RaftStorage.java:format(72)) - Storage directory /workdir/hadoop-ozone/integration-test/target/test-dir/MiniOzoneClusterImpl-c619d2d6-0016-4a2b-bb48-151a7992e575/datanode-2/data/ratis/063cef92-52c6-41d5-9d3d-a0fd3ed41361 has been successfully formatted.
2019-08-21 17:38:47,344 [pool-439-thread-1] INFO  server.RaftServerConfigKeys (ConfUtils.java:logGet(43)) - raft.server.leader.election.timeout = 120s (custom)
2019-08-21 17:38:47,344 [pool-450-thread-1] INFO  ratis.ContainerStateMachine (ContainerStateMachine.java:loadSnapshot(226)) - group-A0FD3ED41361: The snapshot info is null. Setting the last applied indexto:(t:0, i:~)
2019-08-21 17:38:47,344 [pool-461-thread-1] INFO  ratis.ContainerStateMachine (ContainerStateMachine.java:loadSnapshot(226)) - group-A0FD3ED41361: The snapshot info is null. Setting the last applied indexto:(t:0, i:~)
2019-08-21 17:38:47,344 [pool-439-thread-1] INFO  server.RaftServerConfigKeys (ConfUtils.java:logGet(43)) - raft.server.log.use.memory = false (default)
2019-08-21 17:38:47,344 [pool-461-thread-1] INFO  server.RaftServerConfigKeys (ConfUtils.java:logGet(43)) - raft.server.leader.election.timeout = 120s (custom)
2019-08-21 17:38:47,344 [pool-450-thread-1] INFO  server.RaftServerConfigKeys (ConfUtils.java:logGet(43)) - raft.server.leader.election.timeout = 120s (custom)
2019-08-21 17:38:47,344 [pool-461-thread-1] INFO  server.RaftServerConfigKeys (ConfUtils.java:logGet(43)) - raft.server.log.use.memory = false (default)
2019-08-21 17:38:47,344 [pool-439-thread-1] INFO  server.RaftServerConfigKeys (ConfUtils.java:logGet(43)) - raft.server.log.purge.gap = 1000000 (custom)
2019-08-21 17:38:47,345 [pool-461-thread-1] INFO  server.RaftServerConfigKeys (ConfUtils.java:logGet(43)) - raft.server.log.purge.gap = 1000000 (custom)
2019-08-21 17:38:47,345 [pool-450-thread-1] INFO  server.RaftServerConfigKeys (ConfUtils.java:logGet(43)) - raft.server.log.use.memory = false (default)
2019-08-21 17:38:47,345 [pool-461-thread-1] INFO  server.RaftServerConfigKeys (ConfUtils.java:logGet(43)) - raft.server.log.appender.buffer.byte-limit = 33554432 (custom)
2019-08-21 17:38:47,345 [pool-439-thread-1] INFO  server.RaftServerConfigKeys (ConfUtils.java:logGet(43)) - raft.server.log.appender.buffer.byte-limit = 33554432 (custom)
2019-08-21 17:38:47,345 [pool-461-thread-1] INFO  server.RaftServerConfigKeys (ConfUtils.java:logGet(43)) - raft.server.log.segment.size.max = 1048576 (custom)
2019-08-21 17:38:47,345 [pool-450-thread-1] INFO  server.RaftServerConfigKeys (ConfUtils.java:logGet(43)) - raft.server.log.purge.gap = 1000000 (custom)
2019-08-21 17:38:47,346 [pool-461-thread-1] INFO  server.RaftServerConfigKeys (ConfUtils.java:logGet(43)) - raft.server.log.segment.cache.num.max = 2 (custom)
2019-08-21 17:38:47,345 [pool-439-thread-1] INFO  server.RaftServerConfigKeys (ConfUtils.java:logGet(43)) - raft.server.log.segment.size.max = 1048576 (custom)
2019-08-21 17:38:47,346 [pool-461-thread-1] INFO  segmented.SegmentedRaftLogWorker (SegmentedRaftLogWorker.java:<init>(172)) - new 8c197040-db5a-409b-844d-bbce80f31f7a-SegmentedRaftLogWorker:Storage Directory /workdir/hadoop-ozone/integration-test/target/test-dir/MiniOzoneClusterImpl-c619d2d6-0016-4a2b-bb48-151a7992e575/datanode-2/data/ratis/063cef92-52c6-41d5-9d3d-a0fd3ed41361 for RaftStorage:Storage Directory /workdir/hadoop-ozone/integration-test/target/test-dir/MiniOzoneClusterImpl-c619d2d6-0016-4a2b-bb48-151a7992e575/datanode-2/data/ratis/063cef92-52c6-41d5-9d3d-a0fd3ed41361
2019-08-21 17:38:47,346 [pool-450-thread-1] INFO  server.RaftServerConfigKeys (ConfUtils.java:logGet(43)) - raft.server.log.appender.buffer.byte-limit = 33554432 (custom)
2019-08-21 17:38:47,346 [pool-461-thread-1] INFO  server.RaftServerConfigKeys (ConfUtils.java:logGet(43)) - raft.server.log.queue.byte-limit = 2147483647 (custom)
2019-08-21 17:38:47,346 [pool-439-thread-1] INFO  server.RaftServerConfigKeys (ConfUtils.java:logGet(43)) - raft.server.log.segment.cache.num.max = 2 (custom)
2019-08-21 17:38:47,347 [pool-461-thread-1] INFO  server.RaftServerConfigKeys (ConfUtils.java:logGet(43)) - raft.server.log.queue.element-limit = 1024 (custom)
2019-08-21 17:38:47,347 [pool-450-thread-1] INFO  server.RaftServerConfigKeys (ConfUtils.java:logGet(43)) - raft.server.log.segment.size.max = 1048576 (custom)
2019-08-21 17:38:47,347 [pool-461-thread-1] INFO  server.RaftServerConfigKeys (ConfUtils.java:logGet(43)) - raft.server.log.segment.size.max = 1048576 (custom)
2019-08-21 17:38:47,347 [pool-439-thread-1] INFO  segmented.SegmentedRaftLogWorker (SegmentedRaftLogWorker.java:<init>(172)) - new 7eca2edd-1c28-4c17-b74d-733c4dbe681b-SegmentedRaftLogWorker:Storage Directory /workdir/hadoop-ozone/integration-test/target/test-dir/MiniOzoneClusterImpl-c619d2d6-0016-4a2b-bb48-151a7992e575/datanode-0/data/ratis/063cef92-52c6-41d5-9d3d-a0fd3ed41361 for RaftStorage:Storage Directory /workdir/hadoop-ozone/integration-test/target/test-dir/MiniOzoneClusterImpl-c619d2d6-0016-4a2b-bb48-151a7992e575/datanode-0/data/ratis/063cef92-52c6-41d5-9d3d-a0fd3ed41361
2019-08-21 17:38:47,347 [pool-461-thread-1] INFO  server.RaftServerConfigKeys (ConfUtils.java:logGet(43)) - raft.server.log.preallocated.size = 16384 (custom)
2019-08-21 17:38:47,347 [pool-450-thread-1] INFO  server.RaftServerConfigKeys (ConfUtils.java:logGet(43)) - raft.server.log.segment.cache.num.max = 2 (custom)
2019-08-21 17:38:47,348 [pool-461-thread-1] INFO  server.RaftServerConfigKeys (ConfUtils.java:logGet(43)) - raft.server.log.write.buffer.size = 33554432 (custom)
2019-08-21 17:38:47,347 [pool-439-thread-1] INFO  server.RaftServerConfigKeys (ConfUtils.java:logGet(43)) - raft.server.log.queue.byte-limit = 2147483647 (custom)
2019-08-21 17:38:47,348 [pool-461-thread-1] INFO  server.RaftServerConfigKeys (ConfUtils.java:logGet(43)) - raft.server.log.force.sync.num = 128 (default)
2019-08-21 17:38:47,348 [pool-461-thread-1] INFO  server.RaftServerConfigKeys (ConfUtils.java:logGet(43)) - raft.server.log.statemachine.data.sync = true (default)
2019-08-21 17:38:47,348 [pool-450-thread-1] INFO  segmented.SegmentedRaftLogWorker (SegmentedRaftLogWorker.java:<init>(172)) - new d093da97-bee2-4e07-af8f-bafb3556f13f-SegmentedRaftLogWorker:Storage Directory /workdir/hadoop-ozone/integration-test/target/test-dir/MiniOzoneClusterImpl-c619d2d6-0016-4a2b-bb48-151a7992e575/datanode-1/data/ratis/063cef92-52c6-41d5-9d3d-a0fd3ed41361 for RaftStorage:Storage Directory /workdir/hadoop-ozone/integration-test/target/test-dir/MiniOzoneClusterImpl-c619d2d6-0016-4a2b-bb48-151a7992e575/datanode-1/data/ratis/063cef92-52c6-41d5-9d3d-a0fd3ed41361
2019-08-21 17:38:47,348 [pool-461-thread-1] INFO  server.RaftServerConfigKeys (ConfUtils.java:logGet(43)) - raft.server.log.statemachine.data.sync.timeout = 10s (default)
2019-08-21 17:38:47,348 [pool-439-thread-1] INFO  server.RaftServerConfigKeys (ConfUtils.java:logGet(43)) - raft.server.log.queue.element-limit = 1024 (custom)
2019-08-21 17:38:47,349 [pool-461-thread-1] INFO  server.RaftServerConfigKeys (ConfUtils.java:logGet(43)) - raft.server.log.statemachine.data.sync.timeout.retry = -1 (default)
2019-08-21 17:38:47,349 [pool-450-thread-1] INFO  server.RaftServerConfigKeys (ConfUtils.java:logGet(43)) - raft.server.log.queue.byte-limit = 2147483647 (custom)
2019-08-21 17:38:47,349 [pool-461-thread-1] INFO  server.RaftServerConfigKeys (ConfUtils.java:logGet(43)) - raft.server.log.statemachine.data.caching.enabled = true (custom)
2019-08-21 17:38:47,349 [pool-439-thread-1] INFO  server.RaftServerConfigKeys (ConfUtils.java:logGet(43)) - raft.server.log.segment.size.max = 1048576 (custom)
2019-08-21 17:38:47,349 [pool-450-thread-1] INFO  server.RaftServerConfigKeys (ConfUtils.java:logGet(43)) - raft.server.log.queue.element-limit = 1024 (custom)
2019-08-21 17:38:47,350 [pool-461-thread-1] INFO  segmented.SegmentedRaftLogWorker (SegmentedRaftLogWorker.java:lambda$new$0(132)) - 8c197040-db5a-409b-844d-bbce80f31f7a-SegmentedRaftLogWorker:Storage Directory /workdir/hadoop-ozone/integration-test/target/test-dir/MiniOzoneClusterImpl-c619d2d6-0016-4a2b-bb48-151a7992e575/datanode-2/data/ratis/063cef92-52c6-41d5-9d3d-a0fd3ed41361: flushIndex: setUnconditionally 0 -> -1
2019-08-21 17:38:47,350 [pool-439-thread-1] INFO  server.RaftServerConfigKeys (ConfUtils.java:logGet(43)) - raft.server.log.preallocated.size = 16384 (custom)
2019-08-21 17:38:47,350 [pool-439-thread-1] INFO  server.RaftServerConfigKeys (ConfUtils.java:logGet(43)) - raft.server.log.write.buffer.size = 33554432 (custom)
2019-08-21 17:38:47,350 [pool-450-thread-1] INFO  server.RaftServerConfigKeys (ConfUtils.java:logGet(43)) - raft.server.log.segment.size.max = 1048576 (custom)
2019-08-21 17:38:47,350 [pool-461-thread-1] INFO  server.RaftServerConfigKeys (ConfUtils.java:logGet(43)) - raft.server.snapshot.auto.trigger.enabled = true (custom)
2019-08-21 17:38:47,350 [pool-439-thread-1] INFO  server.RaftServerConfigKeys (ConfUtils.java:logGet(43)) - raft.server.log.force.sync.num = 128 (default)
2019-08-21 17:38:47,351 [pool-461-thread-1] INFO  server.RaftServerConfigKeys (ConfUtils.java:logGet(43)) - raft.server.snapshot.auto.trigger.threshold = 10000 (custom)
2019-08-21 17:38:47,350 [pool-450-thread-1] INFO  server.RaftServerConfigKeys (ConfUtils.java:logGet(43)) - raft.server.log.preallocated.size = 16384 (custom)
2019-08-21 17:38:47,351 [pool-461-thread-1] INFO  server.RaftServerConfigKeys (ConfUtils.java:logGet(43)) - raft.server.retrycache.expirytime = 600000ms (custom)
2019-08-21 17:38:47,351 [pool-439-thread-1] INFO  server.RaftServerConfigKeys (ConfUtils.java:logGet(43)) - raft.server.log.statemachine.data.sync = true (default)
2019-08-21 17:38:47,351 [pool-461-thread-1] INFO  impl.RaftServerImpl (RaftServerImpl.java:start(180)) - 8c197040-db5a-409b-844d-bbce80f31f7a: start group-A0FD3ED41361
2019-08-21 17:38:47,351 [pool-450-thread-1] INFO  server.RaftServerConfigKeys (ConfUtils.java:logGet(43)) - raft.server.log.write.buffer.size = 33554432 (custom)
2019-08-21 17:38:47,352 [pool-461-thread-1] INFO  impl.RaftServerImpl (RaftServerImpl.java:setRole(171)) - 8c197040-db5a-409b-844d-bbce80f31f7a:group-A0FD3ED41361 changes role from null to FOLLOWER at term 0 for startAsFollower
2019-08-21 17:38:47,351 [pool-439-thread-1] INFO  server.RaftServerConfigKeys (ConfUtils.java:logGet(43)) - raft.server.log.statemachine.data.sync.timeout = 10s (default)
2019-08-21 17:38:47,352 [pool-461-thread-1] INFO  impl.RoleInfo (RoleInfo.java:updateAndGet(143)) - 8c197040-db5a-409b-844d-bbce80f31f7a: start FollowerState
2019-08-21 17:38:47,352 [pool-450-thread-1] INFO  server.RaftServerConfigKeys (ConfUtils.java:logGet(43)) - raft.server.log.force.sync.num = 128 (default)
2019-08-21 17:38:47,352 [pool-439-thread-1] INFO  server.RaftServerConfigKeys (ConfUtils.java:logGet(43)) - raft.server.log.statemachine.data.sync.timeout.retry = -1 (default)
2019-08-21 17:38:47,352 [pool-450-thread-1] INFO  server.RaftServerConfigKeys (ConfUtils.java:logGet(43)) - raft.server.log.statemachine.data.sync = true (default)
2019-08-21 17:38:47,363 [pool-461-thread-1] INFO  util.JmxRegister (JmxRegister.java:tryRegister(44)) - Successfully registered JMX Bean with object name Ratis:service=RaftServer,group=group-A0FD3ED41361,id=8c197040-db5a-409b-844d-bbce80f31f7a
2019-08-21 17:38:47,353 [pool-439-thread-1] INFO  server.RaftServerConfigKeys (ConfUtils.java:logGet(43)) - raft.server.log.statemachine.data.caching.enabled = true (custom)
2019-08-21 17:38:47,363 [pool-450-thread-1] INFO  server.RaftServerConfigKeys (ConfUtils.java:logGet(43)) - raft.server.log.statemachine.data.sync.timeout = 10s (default)
2019-08-21 17:38:47,363 [pool-450-thread-1] INFO  server.RaftServerConfigKeys (ConfUtils.java:logGet(43)) - raft.server.log.statemachine.data.sync.timeout.retry = -1 (default)
2019-08-21 17:38:47,373 [pool-439-thread-1] INFO  segmented.SegmentedRaftLogWorker (SegmentedRaftLogWorker.java:lambda$new$0(132)) - 7eca2edd-1c28-4c17-b74d-733c4dbe681b-SegmentedRaftLogWorker:Storage Directory /workdir/hadoop-ozone/integration-test/target/test-dir/MiniOzoneClusterImpl-c619d2d6-0016-4a2b-bb48-151a7992e575/datanode-0/data/ratis/063cef92-52c6-41d5-9d3d-a0fd3ed41361: flushIndex: setUnconditionally 0 -> -1
2019-08-21 17:38:47,373 [pool-450-thread-1] INFO  server.RaftServerConfigKeys (ConfUtils.java:logGet(43)) - raft.server.log.statemachine.data.caching.enabled = true (custom)
2019-08-21 17:38:47,374 [pool-439-thread-1] INFO  server.RaftServerConfigKeys (ConfUtils.java:logGet(43)) - raft.server.snapshot.auto.trigger.enabled = true (custom)
2019-08-21 17:38:47,374 [pool-439-thread-1] INFO  server.RaftServerConfigKeys (ConfUtils.java:logGet(43)) - raft.server.snapshot.auto.trigger.threshold = 10000 (custom)
2019-08-21 17:38:47,374 [pool-450-thread-1] INFO  segmented.SegmentedRaftLogWorker (SegmentedRaftLogWorker.java:lambda$new$0(132)) - d093da97-bee2-4e07-af8f-bafb3556f13f-SegmentedRaftLogWorker:Storage Directory /workdir/hadoop-ozone/integration-test/target/test-dir/MiniOzoneClusterImpl-c619d2d6-0016-4a2b-bb48-151a7992e575/datanode-1/data/ratis/063cef92-52c6-41d5-9d3d-a0fd3ed41361: flushIndex: setUnconditionally 0 -> -1
2019-08-21 17:38:47,374 [pool-439-thread-1] INFO  server.RaftServerConfigKeys (ConfUtils.java:logGet(43)) - raft.server.retrycache.expirytime = 600000ms (custom)
2019-08-21 17:38:47,374 [pool-450-thread-1] INFO  server.RaftServerConfigKeys (ConfUtils.java:logGet(43)) - raft.server.snapshot.auto.trigger.enabled = true (custom)
2019-08-21 17:38:47,374 [pool-439-thread-1] INFO  impl.RaftServerImpl (RaftServerImpl.java:start(180)) - 7eca2edd-1c28-4c17-b74d-733c4dbe681b: start group-A0FD3ED41361
2019-08-21 17:38:47,375 [pool-450-thread-1] INFO  server.RaftServerConfigKeys (ConfUtils.java:logGet(43)) - raft.server.snapshot.auto.trigger.threshold = 10000 (custom)
2019-08-21 17:38:47,375 [pool-439-thread-1] INFO  impl.RaftServerImpl (RaftServerImpl.java:setRole(171)) - 7eca2edd-1c28-4c17-b74d-733c4dbe681b:group-A0FD3ED41361 changes role from null to FOLLOWER at term 0 for startAsFollower
2019-08-21 17:38:47,375 [pool-450-thread-1] INFO  server.RaftServerConfigKeys (ConfUtils.java:logGet(43)) - raft.server.retrycache.expirytime = 600000ms (custom)
2019-08-21 17:38:47,375 [pool-439-thread-1] INFO  impl.RoleInfo (RoleInfo.java:updateAndGet(143)) - 7eca2edd-1c28-4c17-b74d-733c4dbe681b: start FollowerState
2019-08-21 17:38:47,375 [pool-450-thread-1] INFO  impl.RaftServerImpl (RaftServerImpl.java:start(180)) - d093da97-bee2-4e07-af8f-bafb3556f13f: start group-A0FD3ED41361
2019-08-21 17:38:47,375 [pool-450-thread-1] INFO  impl.RaftServerImpl (RaftServerImpl.java:setRole(171)) - d093da97-bee2-4e07-af8f-bafb3556f13f:group-A0FD3ED41361 changes role from null to FOLLOWER at term 0 for startAsFollower
2019-08-21 17:38:47,376 [pool-439-thread-1] INFO  util.JmxRegister (JmxRegister.java:tryRegister(44)) - Successfully registered JMX Bean with object name Ratis:service=RaftServer,group=group-A0FD3ED41361,id=7eca2edd-1c28-4c17-b74d-733c4dbe681b
2019-08-21 17:38:47,376 [pool-450-thread-1] INFO  impl.RoleInfo (RoleInfo.java:updateAndGet(143)) - d093da97-bee2-4e07-af8f-bafb3556f13f: start FollowerState
2019-08-21 17:38:47,378 [pool-450-thread-1] INFO  util.JmxRegister (JmxRegister.java:tryRegister(44)) - Successfully registered JMX Bean with object name Ratis:service=RaftServer,group=group-A0FD3ED41361,id=d093da97-bee2-4e07-af8f-bafb3556f13f
2019-08-21 17:38:47,380 [RatisPipelineUtilsThread] INFO  pipeline.PipelineStateManager (PipelineStateManager.java:addPipeline(56)) - Created pipeline Pipeline[ Id: 063cef92-52c6-41d5-9d3d-a0fd3ed41361, Nodes: 8c197040-db5a-409b-844d-bbce80f31f7a{ip: 192.168.69.88, host: pr-hdds-1935-w6pq9-1452708900, networkLocation: /default-rack, certSerialId: null}7eca2edd-1c28-4c17-b74d-733c4dbe681b{ip: 192.168.69.88, host: pr-hdds-1935-w6pq9-1452708900, networkLocation: /default-rack, certSerialId: null}d093da97-bee2-4e07-af8f-bafb3556f13f{ip: 192.168.69.88, host: pr-hdds-1935-w6pq9-1452708900, networkLocation: /default-rack, certSerialId: null}, Type:RATIS, Factor:THREE, State:OPEN]
2019-08-21 17:38:47,469 [IPC Server handler 0 on 41845] INFO  net.NetworkTopology (NetworkTopologyImpl.java:add(110)) - Added a new node: /default-rack/076b8a8c-935b-40a1-9166-aa87fdf8f32e
2019-08-21 17:38:47,470 [IPC Server handler 0 on 41845] INFO  node.SCMNodeManager (SCMNodeManager.java:register(266)) - Registered Data node : 076b8a8c-935b-40a1-9166-aa87fdf8f32e{ip: 192.168.69.88, host: pr-hdds-1935-w6pq9-1452708900, networkLocation: /default-rack, certSerialId: null}
2019-08-21 17:38:47,474 | INFO  | SCMAudit | user=jenkins1000 | ip=192.168.69.88 | op=REGISTER {datanodeDetails=076b8a8c-935b-40a1-9166-aa87fdf8f32e{ip: 192.168.69.88, host: pr-hdds-1935-w6pq9-1452708900, networkLocation: /default-rack, certSerialId: null}} | ret=SUCCESS |  
2019-08-21 17:38:47,482 [grpc-default-executor-1] INFO  impl.RaftServerProxy (RaftServerProxy.java:addNew(89)) - 076b8a8c-935b-40a1-9166-aa87fdf8f32e: addNew group-EB983F72D836:[076b8a8c-935b-40a1-9166-aa87fdf8f32e:192.168.69.88:37700] returns group-EB983F72D836:java.util.concurrent.CompletableFuture@49f773dd[Not completed]
2019-08-21 17:38:47,483 [pool-472-thread-1] INFO  impl.RaftServerImpl (RaftServerImpl.java:<init>(93)) - 076b8a8c-935b-40a1-9166-aa87fdf8f32e: new RaftServerImpl for group-EB983F72D836:[076b8a8c-935b-40a1-9166-aa87fdf8f32e:192.168.69.88:37700] with ContainerStateMachine:uninitialized
2019-08-21 17:38:47,484 [pool-472-thread-1] INFO  server.RaftServerConfigKeys (ConfUtils.java:logGet(43)) - raft.server.rpc.timeout.min = 5s (custom)
2019-08-21 17:38:47,484 [pool-472-thread-1] INFO  server.RaftServerConfigKeys (ConfUtils.java:logGet(43)) - raft.server.rpc.timeout.max = 5200ms (custom)
2019-08-21 17:38:47,484 [pool-472-thread-1] INFO  server.RaftServerConfigKeys (ConfUtils.java:logGet(43)) - raft.server.rpcslowness.timeout = 120s (custom)
2019-08-21 17:38:47,484 [pool-472-thread-1] INFO  server.RaftServerConfigKeys (ConfUtils.java:logGet(43)) - raft.server.sleep.deviation.threshold = 300 (default)
2019-08-21 17:38:47,484 [pool-472-thread-1] INFO  server.RaftServerConfigKeys (ConfUtils.java:logGet(43)) - raft.server.log.appender.install.snapshot.enabled = false (custom)
2019-08-21 17:38:47,484 [pool-472-thread-1] INFO  impl.RaftServerImpl (ServerState.java:<init>(105)) - 076b8a8c-935b-40a1-9166-aa87fdf8f32e:group-EB983F72D836 ConfigurationManager, init=-1: [076b8a8c-935b-40a1-9166-aa87fdf8f32e:192.168.69.88:37700], old=null, confs=<EMPTY_MAP>
2019-08-21 17:38:47,485 [pool-472-thread-1] INFO  server.RaftServerConfigKeys (ConfUtils.java:logGet(43)) - raft.server.storage.dir = [/workdir/hadoop-ozone/integration-test/target/test-dir/MiniOzoneClusterImpl-c619d2d6-0016-4a2b-bb48-151a7992e575/datanode-3/data/ratis] (custom)
2019-08-21 17:38:47,485 [pool-472-thread-1] INFO  storage.RaftStorageDirectory (RaftStorageDirectory.java:analyzeStorage(246)) - The storage directory /workdir/hadoop-ozone/integration-test/target/test-dir/MiniOzoneClusterImpl-c619d2d6-0016-4a2b-bb48-151a7992e575/datanode-3/data/ratis/fdd7aed2-df6d-4b30-bc8e-eb983f72d836 does not exist. Creating ...
2019-08-21 17:38:47,498 [pool-472-thread-1] INFO  storage.RaftStorageDirectory (RaftStorageDirectory.java:tryLock(328)) - Lock on /workdir/hadoop-ozone/integration-test/target/test-dir/MiniOzoneClusterImpl-c619d2d6-0016-4a2b-bb48-151a7992e575/datanode-3/data/ratis/fdd7aed2-df6d-4b30-bc8e-eb983f72d836/in_use.lock acquired by nodename 17022@pr-hdds-1935-w6pq9-1452708900
2019-08-21 17:38:47,521 [pool-472-thread-1] INFO  storage.RaftStorage (RaftStorage.java:format(72)) - Storage directory /workdir/hadoop-ozone/integration-test/target/test-dir/MiniOzoneClusterImpl-c619d2d6-0016-4a2b-bb48-151a7992e575/datanode-3/data/ratis/fdd7aed2-df6d-4b30-bc8e-eb983f72d836 has been successfully formatted.
2019-08-21 17:38:47,521 [pool-472-thread-1] INFO  ratis.ContainerStateMachine (ContainerStateMachine.java:loadSnapshot(226)) - group-EB983F72D836: The snapshot info is null. Setting the last applied indexto:(t:0, i:~)
2019-08-21 17:38:47,521 [pool-472-thread-1] INFO  server.RaftServerConfigKeys (ConfUtils.java:logGet(43)) - raft.server.leader.election.timeout = 120s (custom)
2019-08-21 17:38:47,521 [pool-472-thread-1] INFO  server.RaftServerConfigKeys (ConfUtils.java:logGet(43)) - raft.server.log.use.memory = false (default)
2019-08-21 17:38:47,522 [pool-472-thread-1] INFO  server.RaftServerConfigKeys (ConfUtils.java:logGet(43)) - raft.server.log.purge.gap = 1000000 (custom)
2019-08-21 17:38:47,522 [pool-472-thread-1] INFO  server.RaftServerConfigKeys (ConfUtils.java:logGet(43)) - raft.server.log.appender.buffer.byte-limit = 33554432 (custom)
2019-08-21 17:38:47,522 [pool-472-thread-1] INFO  server.RaftServerConfigKeys (ConfUtils.java:logGet(43)) - raft.server.log.segment.size.max = 1048576 (custom)
2019-08-21 17:38:47,522 [pool-472-thread-1] INFO  server.RaftServerConfigKeys (ConfUtils.java:logGet(43)) - raft.server.log.segment.cache.num.max = 2 (custom)
2019-08-21 17:38:47,522 [pool-472-thread-1] INFO  segmented.SegmentedRaftLogWorker (SegmentedRaftLogWorker.java:<init>(172)) - new 076b8a8c-935b-40a1-9166-aa87fdf8f32e-SegmentedRaftLogWorker:Storage Directory /workdir/hadoop-ozone/integration-test/target/test-dir/MiniOzoneClusterImpl-c619d2d6-0016-4a2b-bb48-151a7992e575/datanode-3/data/ratis/fdd7aed2-df6d-4b30-bc8e-eb983f72d836 for RaftStorage:Storage Directory /workdir/hadoop-ozone/integration-test/target/test-dir/MiniOzoneClusterImpl-c619d2d6-0016-4a2b-bb48-151a7992e575/datanode-3/data/ratis/fdd7aed2-df6d-4b30-bc8e-eb983f72d836
2019-08-21 17:38:47,523 [pool-472-thread-1] INFO  server.RaftServerConfigKeys (ConfUtils.java:logGet(43)) - raft.server.log.queue.byte-limit = 2147483647 (custom)
2019-08-21 17:38:47,523 [pool-472-thread-1] INFO  server.RaftServerConfigKeys (ConfUtils.java:logGet(43)) - raft.server.log.queue.element-limit = 1024 (custom)
2019-08-21 17:38:47,523 [pool-472-thread-1] INFO  server.RaftServerConfigKeys (ConfUtils.java:logGet(43)) - raft.server.log.segment.size.max = 1048576 (custom)
2019-08-21 17:38:47,523 [pool-472-thread-1] INFO  server.RaftServerConfigKeys (ConfUtils.java:logGet(43)) - raft.server.log.preallocated.size = 16384 (custom)
2019-08-21 17:38:47,523 [pool-472-thread-1] INFO  server.RaftServerConfigKeys (ConfUtils.java:logGet(43)) - raft.server.log.write.buffer.size = 33554432 (custom)
2019-08-21 17:38:47,523 [pool-472-thread-1] INFO  server.RaftServerConfigKeys (ConfUtils.java:logGet(43)) - raft.server.log.force.sync.num = 128 (default)
2019-08-21 17:38:47,524 [pool-472-thread-1] INFO  server.RaftServerConfigKeys (ConfUtils.java:logGet(43)) - raft.server.log.statemachine.data.sync = true (default)
2019-08-21 17:38:47,524 [pool-472-thread-1] INFO  server.RaftServerConfigKeys (ConfUtils.java:logGet(43)) - raft.server.log.statemachine.data.sync.timeout = 10s (default)
2019-08-21 17:38:47,524 [pool-472-thread-1] INFO  server.RaftServerConfigKeys (ConfUtils.java:logGet(43)) - raft.server.log.statemachine.data.sync.timeout.retry = -1 (default)
2019-08-21 17:38:47,524 [pool-472-thread-1] INFO  server.RaftServerConfigKeys (ConfUtils.java:logGet(43)) - raft.server.log.statemachine.data.caching.enabled = true (custom)
2019-08-21 17:38:47,524 [pool-472-thread-1] INFO  segmented.SegmentedRaftLogWorker (SegmentedRaftLogWorker.java:lambda$new$0(132)) - 076b8a8c-935b-40a1-9166-aa87fdf8f32e-SegmentedRaftLogWorker:Storage Directory /workdir/hadoop-ozone/integration-test/target/test-dir/MiniOzoneClusterImpl-c619d2d6-0016-4a2b-bb48-151a7992e575/datanode-3/data/ratis/fdd7aed2-df6d-4b30-bc8e-eb983f72d836: flushIndex: setUnconditionally 0 -> -1
2019-08-21 17:38:47,525 [pool-472-thread-1] INFO  server.RaftServerConfigKeys (ConfUtils.java:logGet(43)) - raft.server.snapshot.auto.trigger.enabled = true (custom)
2019-08-21 17:38:47,525 [pool-472-thread-1] INFO  server.RaftServerConfigKeys (ConfUtils.java:logGet(43)) - raft.server.snapshot.auto.trigger.threshold = 10000 (custom)
2019-08-21 17:38:47,525 [pool-472-thread-1] INFO  server.RaftServerConfigKeys (ConfUtils.java:logGet(43)) - raft.server.retrycache.expirytime = 600000ms (custom)
2019-08-21 17:38:47,525 [pool-472-thread-1] INFO  impl.RaftServerImpl (RaftServerImpl.java:start(180)) - 076b8a8c-935b-40a1-9166-aa87fdf8f32e: start group-EB983F72D836
2019-08-21 17:38:47,526 [pool-472-thread-1] INFO  impl.RaftServerImpl (RaftServerImpl.java:setRole(171)) - 076b8a8c-935b-40a1-9166-aa87fdf8f32e:group-EB983F72D836 changes role from null to FOLLOWER at term 0 for startAsFollower
2019-08-21 17:38:47,526 [pool-472-thread-1] INFO  impl.RoleInfo (RoleInfo.java:updateAndGet(143)) - 076b8a8c-935b-40a1-9166-aa87fdf8f32e: start FollowerState
2019-08-21 17:38:47,526 [pool-472-thread-1] INFO  util.JmxRegister (JmxRegister.java:tryRegister(44)) - Successfully registered JMX Bean with object name Ratis:service=RaftServer,group=group-EB983F72D836,id=076b8a8c-935b-40a1-9166-aa87fdf8f32e
2019-08-21 17:38:47,529 [RatisPipelineUtilsThread] INFO  pipeline.PipelineStateManager (PipelineStateManager.java:addPipeline(56)) - Created pipeline Pipeline[ Id: fdd7aed2-df6d-4b30-bc8e-eb983f72d836, Nodes: 076b8a8c-935b-40a1-9166-aa87fdf8f32e{ip: 192.168.69.88, host: pr-hdds-1935-w6pq9-1452708900, networkLocation: /default-rack, certSerialId: null}, Type:RATIS, Factor:ONE, State:OPEN]
2019-08-21 17:38:47,711 [IPC Server handler 2 on 41845] INFO  net.NetworkTopology (NetworkTopologyImpl.java:add(110)) - Added a new node: /default-rack/57e59194-3b1d-4665-b11f-1ec0556c47eb
2019-08-21 17:38:47,712 [IPC Server handler 2 on 41845] INFO  node.SCMNodeManager (SCMNodeManager.java:register(266)) - Registered Data node : 57e59194-3b1d-4665-b11f-1ec0556c47eb{ip: 192.168.69.88, host: pr-hdds-1935-w6pq9-1452708900, networkLocation: /default-rack, certSerialId: null}
2019-08-21 17:38:47,712 | INFO  | SCMAudit | user=jenkins1000 | ip=192.168.69.88 | op=REGISTER {datanodeDetails=57e59194-3b1d-4665-b11f-1ec0556c47eb{ip: 192.168.69.88, host: pr-hdds-1935-w6pq9-1452708900, networkLocation: /default-rack, certSerialId: null}} | ret=SUCCESS |  
2019-08-21 17:38:47,722 [grpc-default-executor-1] INFO  impl.RaftServerProxy (RaftServerProxy.java:addNew(89)) - 57e59194-3b1d-4665-b11f-1ec0556c47eb: addNew group-499BD1497D99:[57e59194-3b1d-4665-b11f-1ec0556c47eb:192.168.69.88:45230] returns group-499BD1497D99:java.util.concurrent.CompletableFuture@39b03f02[Not completed]
2019-08-21 17:38:47,723 [pool-483-thread-1] INFO  impl.RaftServerImpl (RaftServerImpl.java:<init>(93)) - 57e59194-3b1d-4665-b11f-1ec0556c47eb: new RaftServerImpl for group-499BD1497D99:[57e59194-3b1d-4665-b11f-1ec0556c47eb:192.168.69.88:45230] with ContainerStateMachine:uninitialized
2019-08-21 17:38:47,723 [pool-483-thread-1] INFO  server.RaftServerConfigKeys (ConfUtils.java:logGet(43)) - raft.server.rpc.timeout.min = 5s (custom)
2019-08-21 17:38:47,724 [pool-483-thread-1] INFO  server.RaftServerConfigKeys (ConfUtils.java:logGet(43)) - raft.server.rpc.timeout.max = 5200ms (custom)
2019-08-21 17:38:47,724 [pool-483-thread-1] INFO  server.RaftServerConfigKeys (ConfUtils.java:logGet(43)) - raft.server.rpcslowness.timeout = 120s (custom)
2019-08-21 17:38:47,724 [pool-483-thread-1] INFO  server.RaftServerConfigKeys (ConfUtils.java:logGet(43)) - raft.server.sleep.deviation.threshold = 300 (default)
2019-08-21 17:38:47,724 [pool-483-thread-1] INFO  server.RaftServerConfigKeys (ConfUtils.java:logGet(43)) - raft.server.log.appender.install.snapshot.enabled = false (custom)
2019-08-21 17:38:47,724 [pool-483-thread-1] INFO  impl.RaftServerImpl (ServerState.java:<init>(105)) - 57e59194-3b1d-4665-b11f-1ec0556c47eb:group-499BD1497D99 ConfigurationManager, init=-1: [57e59194-3b1d-4665-b11f-1ec0556c47eb:192.168.69.88:45230], old=null, confs=<EMPTY_MAP>
2019-08-21 17:38:47,724 [pool-483-thread-1] INFO  server.RaftServerConfigKeys (ConfUtils.java:logGet(43)) - raft.server.storage.dir = [/workdir/hadoop-ozone/integration-test/target/test-dir/MiniOzoneClusterImpl-c619d2d6-0016-4a2b-bb48-151a7992e575/datanode-4/data/ratis] (custom)
2019-08-21 17:38:47,725 [pool-483-thread-1] INFO  storage.RaftStorageDirectory (RaftStorageDirectory.java:analyzeStorage(246)) - The storage directory /workdir/hadoop-ozone/integration-test/target/test-dir/MiniOzoneClusterImpl-c619d2d6-0016-4a2b-bb48-151a7992e575/datanode-4/data/ratis/19f6c661-e1cf-40ae-b255-499bd1497d99 does not exist. Creating ...
2019-08-21 17:38:47,749 [pool-483-thread-1] INFO  storage.RaftStorageDirectory (RaftStorageDirectory.java:tryLock(328)) - Lock on /workdir/hadoop-ozone/integration-test/target/test-dir/MiniOzoneClusterImpl-c619d2d6-0016-4a2b-bb48-151a7992e575/datanode-4/data/ratis/19f6c661-e1cf-40ae-b255-499bd1497d99/in_use.lock acquired by nodename 17022@pr-hdds-1935-w6pq9-1452708900
2019-08-21 17:38:47,780 [pool-483-thread-1] INFO  storage.RaftStorage (RaftStorage.java:format(72)) - Storage directory /workdir/hadoop-ozone/integration-test/target/test-dir/MiniOzoneClusterImpl-c619d2d6-0016-4a2b-bb48-151a7992e575/datanode-4/data/ratis/19f6c661-e1cf-40ae-b255-499bd1497d99 has been successfully formatted.
2019-08-21 17:38:47,780 [pool-483-thread-1] INFO  ratis.ContainerStateMachine (ContainerStateMachine.java:loadSnapshot(226)) - group-499BD1497D99: The snapshot info is null. Setting the last applied indexto:(t:0, i:~)
2019-08-21 17:38:47,780 [pool-483-thread-1] INFO  server.RaftServerConfigKeys (ConfUtils.java:logGet(43)) - raft.server.leader.election.timeout = 120s (custom)
2019-08-21 17:38:47,780 [pool-483-thread-1] INFO  server.RaftServerConfigKeys (ConfUtils.java:logGet(43)) - raft.server.log.use.memory = false (default)
2019-08-21 17:38:47,780 [pool-483-thread-1] INFO  server.RaftServerConfigKeys (ConfUtils.java:logGet(43)) - raft.server.log.purge.gap = 1000000 (custom)
2019-08-21 17:38:47,780 [pool-483-thread-1] INFO  server.RaftServerConfigKeys (ConfUtils.java:logGet(43)) - raft.server.log.appender.buffer.byte-limit = 33554432 (custom)
2019-08-21 17:38:47,781 [pool-483-thread-1] INFO  server.RaftServerConfigKeys (ConfUtils.java:logGet(43)) - raft.server.log.segment.size.max = 1048576 (custom)
2019-08-21 17:38:47,781 [pool-483-thread-1] INFO  server.RaftServerConfigKeys (ConfUtils.java:logGet(43)) - raft.server.log.segment.cache.num.max = 2 (custom)
2019-08-21 17:38:47,781 [pool-483-thread-1] INFO  segmented.SegmentedRaftLogWorker (SegmentedRaftLogWorker.java:<init>(172)) - new 57e59194-3b1d-4665-b11f-1ec0556c47eb-SegmentedRaftLogWorker:Storage Directory /workdir/hadoop-ozone/integration-test/target/test-dir/MiniOzoneClusterImpl-c619d2d6-0016-4a2b-bb48-151a7992e575/datanode-4/data/ratis/19f6c661-e1cf-40ae-b255-499bd1497d99 for RaftStorage:Storage Directory /workdir/hadoop-ozone/integration-test/target/test-dir/MiniOzoneClusterImpl-c619d2d6-0016-4a2b-bb48-151a7992e575/datanode-4/data/ratis/19f6c661-e1cf-40ae-b255-499bd1497d99
2019-08-21 17:38:47,781 [pool-483-thread-1] INFO  server.RaftServerConfigKeys (ConfUtils.java:logGet(43)) - raft.server.log.queue.byte-limit = 2147483647 (custom)
2019-08-21 17:38:47,781 [pool-483-thread-1] INFO  server.RaftServerConfigKeys (ConfUtils.java:logGet(43)) - raft.server.log.queue.element-limit = 1024 (custom)
2019-08-21 17:38:47,781 [pool-483-thread-1] INFO  server.RaftServerConfigKeys (ConfUtils.java:logGet(43)) - raft.server.log.segment.size.max = 1048576 (custom)
2019-08-21 17:38:47,782 [pool-483-thread-1] INFO  server.RaftServerConfigKeys (ConfUtils.java:logGet(43)) - raft.server.log.preallocated.size = 16384 (custom)
2019-08-21 17:38:47,782 [pool-483-thread-1] INFO  server.RaftServerConfigKeys (ConfUtils.java:logGet(43)) - raft.server.log.write.buffer.size = 33554432 (custom)
2019-08-21 17:38:47,782 [pool-483-thread-1] INFO  server.RaftServerConfigKeys (ConfUtils.java:logGet(43)) - raft.server.log.force.sync.num = 128 (default)
2019-08-21 17:38:47,782 [pool-483-thread-1] INFO  server.RaftServerConfigKeys (ConfUtils.java:logGet(43)) - raft.server.log.statemachine.data.sync = true (default)
2019-08-21 17:38:47,782 [pool-483-thread-1] INFO  server.RaftServerConfigKeys (ConfUtils.java:logGet(43)) - raft.server.log.statemachine.data.sync.timeout = 10s (default)
2019-08-21 17:38:47,782 [pool-483-thread-1] INFO  server.RaftServerConfigKeys (ConfUtils.java:logGet(43)) - raft.server.log.statemachine.data.sync.timeout.retry = -1 (default)
2019-08-21 17:38:47,782 [pool-483-thread-1] INFO  server.RaftServerConfigKeys (ConfUtils.java:logGet(43)) - raft.server.log.statemachine.data.caching.enabled = true (custom)
2019-08-21 17:38:47,783 [pool-483-thread-1] INFO  segmented.SegmentedRaftLogWorker (SegmentedRaftLogWorker.java:lambda$new$0(132)) - 57e59194-3b1d-4665-b11f-1ec0556c47eb-SegmentedRaftLogWorker:Storage Directory /workdir/hadoop-ozone/integration-test/target/test-dir/MiniOzoneClusterImpl-c619d2d6-0016-4a2b-bb48-151a7992e575/datanode-4/data/ratis/19f6c661-e1cf-40ae-b255-499bd1497d99: flushIndex: setUnconditionally 0 -> -1
2019-08-21 17:38:47,783 [pool-483-thread-1] INFO  server.RaftServerConfigKeys (ConfUtils.java:logGet(43)) - raft.server.snapshot.auto.trigger.enabled = true (custom)
2019-08-21 17:38:47,783 [pool-483-thread-1] INFO  server.RaftServerConfigKeys (ConfUtils.java:logGet(43)) - raft.server.snapshot.auto.trigger.threshold = 10000 (custom)
2019-08-21 17:38:47,783 [pool-483-thread-1] INFO  server.RaftServerConfigKeys (ConfUtils.java:logGet(43)) - raft.server.retrycache.expirytime = 600000ms (custom)
2019-08-21 17:38:47,783 [pool-483-thread-1] INFO  impl.RaftServerImpl (RaftServerImpl.java:start(180)) - 57e59194-3b1d-4665-b11f-1ec0556c47eb: start group-499BD1497D99
2019-08-21 17:38:47,784 [pool-483-thread-1] INFO  impl.RaftServerImpl (RaftServerImpl.java:setRole(171)) - 57e59194-3b1d-4665-b11f-1ec0556c47eb:group-499BD1497D99 changes role from null to FOLLOWER at term 0 for startAsFollower
2019-08-21 17:38:47,784 [pool-483-thread-1] INFO  impl.RoleInfo (RoleInfo.java:updateAndGet(143)) - 57e59194-3b1d-4665-b11f-1ec0556c47eb: start FollowerState
2019-08-21 17:38:47,784 [pool-483-thread-1] INFO  util.JmxRegister (JmxRegister.java:tryRegister(44)) - Successfully registered JMX Bean with object name Ratis:service=RaftServer,group=group-499BD1497D99,id=57e59194-3b1d-4665-b11f-1ec0556c47eb
2019-08-21 17:38:47,786 [RatisPipelineUtilsThread] INFO  pipeline.PipelineStateManager (PipelineStateManager.java:addPipeline(56)) - Created pipeline Pipeline[ Id: 19f6c661-e1cf-40ae-b255-499bd1497d99, Nodes: 57e59194-3b1d-4665-b11f-1ec0556c47eb{ip: 192.168.69.88, host: pr-hdds-1935-w6pq9-1452708900, networkLocation: /default-rack, certSerialId: null}, Type:RATIS, Factor:ONE, State:OPEN]
2019-08-21 17:38:47,920 [IPC Server handler 3 on 41845] INFO  net.NetworkTopology (NetworkTopologyImpl.java:add(110)) - Added a new node: /default-rack/802f8fbc-decc-4fe0-8596-5227c01e58c6
2019-08-21 17:38:47,920 [IPC Server handler 3 on 41845] INFO  node.SCMNodeManager (SCMNodeManager.java:register(266)) - Registered Data node : 802f8fbc-decc-4fe0-8596-5227c01e58c6{ip: 192.168.69.88, host: pr-hdds-1935-w6pq9-1452708900, networkLocation: /default-rack, certSerialId: null}
2019-08-21 17:38:47,921 | INFO  | SCMAudit | user=jenkins1000 | ip=192.168.69.88 | op=REGISTER {datanodeDetails=802f8fbc-decc-4fe0-8596-5227c01e58c6{ip: 192.168.69.88, host: pr-hdds-1935-w6pq9-1452708900, networkLocation: /default-rack, certSerialId: null}} | ret=SUCCESS |  
2019-08-21 17:38:47,927 [grpc-default-executor-1] INFO  impl.RaftServerProxy (RaftServerProxy.java:addNew(89)) - 802f8fbc-decc-4fe0-8596-5227c01e58c6: addNew group-1AD2519776B6:[802f8fbc-decc-4fe0-8596-5227c01e58c6:192.168.69.88:44406] returns group-1AD2519776B6:java.util.concurrent.CompletableFuture@10f93dd6[Not completed]
2019-08-21 17:38:47,928 [pool-494-thread-1] INFO  impl.RaftServerImpl (RaftServerImpl.java:<init>(93)) - 802f8fbc-decc-4fe0-8596-5227c01e58c6: new RaftServerImpl for group-1AD2519776B6:[802f8fbc-decc-4fe0-8596-5227c01e58c6:192.168.69.88:44406] with ContainerStateMachine:uninitialized
2019-08-21 17:38:47,928 [pool-494-thread-1] INFO  server.RaftServerConfigKeys (ConfUtils.java:logGet(43)) - raft.server.rpc.timeout.min = 5s (custom)
2019-08-21 17:38:47,928 [pool-494-thread-1] INFO  server.RaftServerConfigKeys (ConfUtils.java:logGet(43)) - raft.server.rpc.timeout.max = 5200ms (custom)
2019-08-21 17:38:47,928 [pool-494-thread-1] INFO  server.RaftServerConfigKeys (ConfUtils.java:logGet(43)) - raft.server.rpcslowness.timeout = 120s (custom)
2019-08-21 17:38:47,929 [pool-494-thread-1] INFO  server.RaftServerConfigKeys (ConfUtils.java:logGet(43)) - raft.server.sleep.deviation.threshold = 300 (default)
2019-08-21 17:38:47,929 [pool-494-thread-1] INFO  server.RaftServerConfigKeys (ConfUtils.java:logGet(43)) - raft.server.log.appender.install.snapshot.enabled = false (custom)
2019-08-21 17:38:47,929 [pool-494-thread-1] INFO  impl.RaftServerImpl (ServerState.java:<init>(105)) - 802f8fbc-decc-4fe0-8596-5227c01e58c6:group-1AD2519776B6 ConfigurationManager, init=-1: [802f8fbc-decc-4fe0-8596-5227c01e58c6:192.168.69.88:44406], old=null, confs=<EMPTY_MAP>
2019-08-21 17:38:47,929 [pool-494-thread-1] INFO  server.RaftServerConfigKeys (ConfUtils.java:logGet(43)) - raft.server.storage.dir = [/workdir/hadoop-ozone/integration-test/target/test-dir/MiniOzoneClusterImpl-c619d2d6-0016-4a2b-bb48-151a7992e575/datanode-5/data/ratis] (custom)
2019-08-21 17:38:47,930 [pool-494-thread-1] INFO  storage.RaftStorageDirectory (RaftStorageDirectory.java:analyzeStorage(246)) - The storage directory /workdir/hadoop-ozone/integration-test/target/test-dir/MiniOzoneClusterImpl-c619d2d6-0016-4a2b-bb48-151a7992e575/datanode-5/data/ratis/8f0b68ac-6ea3-4721-ae0c-1ad2519776b6 does not exist. Creating ...
2019-08-21 17:38:47,955 [pool-494-thread-1] INFO  storage.RaftStorageDirectory (RaftStorageDirectory.java:tryLock(328)) - Lock on /workdir/hadoop-ozone/integration-test/target/test-dir/MiniOzoneClusterImpl-c619d2d6-0016-4a2b-bb48-151a7992e575/datanode-5/data/ratis/8f0b68ac-6ea3-4721-ae0c-1ad2519776b6/in_use.lock acquired by nodename 17022@pr-hdds-1935-w6pq9-1452708900
2019-08-21 17:38:47,976 [pool-494-thread-1] INFO  storage.RaftStorage (RaftStorage.java:format(72)) - Storage directory /workdir/hadoop-ozone/integration-test/target/test-dir/MiniOzoneClusterImpl-c619d2d6-0016-4a2b-bb48-151a7992e575/datanode-5/data/ratis/8f0b68ac-6ea3-4721-ae0c-1ad2519776b6 has been successfully formatted.
2019-08-21 17:38:47,977 [pool-494-thread-1] INFO  ratis.ContainerStateMachine (ContainerStateMachine.java:loadSnapshot(226)) - group-1AD2519776B6: The snapshot info is null. Setting the last applied indexto:(t:0, i:~)
2019-08-21 17:38:47,977 [pool-494-thread-1] INFO  server.RaftServerConfigKeys (ConfUtils.java:logGet(43)) - raft.server.leader.election.timeout = 120s (custom)
2019-08-21 17:38:47,977 [pool-494-thread-1] INFO  server.RaftServerConfigKeys (ConfUtils.java:logGet(43)) - raft.server.log.use.memory = false (default)
2019-08-21 17:38:47,977 [pool-494-thread-1] INFO  server.RaftServerConfigKeys (ConfUtils.java:logGet(43)) - raft.server.log.purge.gap = 1000000 (custom)
2019-08-21 17:38:47,977 [pool-494-thread-1] INFO  server.RaftServerConfigKeys (ConfUtils.java:logGet(43)) - raft.server.log.appender.buffer.byte-limit = 33554432 (custom)
2019-08-21 17:38:47,978 [pool-494-thread-1] INFO  server.RaftServerConfigKeys (ConfUtils.java:logGet(43)) - raft.server.log.segment.size.max = 1048576 (custom)
2019-08-21 17:38:47,978 [pool-494-thread-1] INFO  server.RaftServerConfigKeys (ConfUtils.java:logGet(43)) - raft.server.log.segment.cache.num.max = 2 (custom)
2019-08-21 17:38:47,978 [pool-494-thread-1] INFO  segmented.SegmentedRaftLogWorker (SegmentedRaftLogWorker.java:<init>(172)) - new 802f8fbc-decc-4fe0-8596-5227c01e58c6-SegmentedRaftLogWorker:Storage Directory /workdir/hadoop-ozone/integration-test/target/test-dir/MiniOzoneClusterImpl-c619d2d6-0016-4a2b-bb48-151a7992e575/datanode-5/data/ratis/8f0b68ac-6ea3-4721-ae0c-1ad2519776b6 for RaftStorage:Storage Directory /workdir/hadoop-ozone/integration-test/target/test-dir/MiniOzoneClusterImpl-c619d2d6-0016-4a2b-bb48-151a7992e575/datanode-5/data/ratis/8f0b68ac-6ea3-4721-ae0c-1ad2519776b6
2019-08-21 17:38:47,978 [pool-494-thread-1] INFO  server.RaftServerConfigKeys (ConfUtils.java:logGet(43)) - raft.server.log.queue.byte-limit = 2147483647 (custom)
2019-08-21 17:38:47,978 [pool-494-thread-1] INFO  server.RaftServerConfigKeys (ConfUtils.java:logGet(43)) - raft.server.log.queue.element-limit = 1024 (custom)
2019-08-21 17:38:47,979 [pool-494-thread-1] INFO  server.RaftServerConfigKeys (ConfUtils.java:logGet(43)) - raft.server.log.segment.size.max = 1048576 (custom)
2019-08-21 17:38:47,979 [pool-494-thread-1] INFO  server.RaftServerConfigKeys (ConfUtils.java:logGet(43)) - raft.server.log.preallocated.size = 16384 (custom)
2019-08-21 17:38:47,979 [pool-494-thread-1] INFO  server.RaftServerConfigKeys (ConfUtils.java:logGet(43)) - raft.server.log.write.buffer.size = 33554432 (custom)
2019-08-21 17:38:47,979 [pool-494-thread-1] INFO  server.RaftServerConfigKeys (ConfUtils.java:logGet(43)) - raft.server.log.force.sync.num = 128 (default)
2019-08-21 17:38:47,979 [pool-494-thread-1] INFO  server.RaftServerConfigKeys (ConfUtils.java:logGet(43)) - raft.server.log.statemachine.data.sync = true (default)
2019-08-21 17:38:47,979 [pool-494-thread-1] INFO  server.RaftServerConfigKeys (ConfUtils.java:logGet(43)) - raft.server.log.statemachine.data.sync.timeout = 10s (default)
2019-08-21 17:38:47,980 [pool-494-thread-1] INFO  server.RaftServerConfigKeys (ConfUtils.java:logGet(43)) - raft.server.log.statemachine.data.sync.timeout.retry = -1 (default)
2019-08-21 17:38:47,980 [pool-494-thread-1] INFO  server.RaftServerConfigKeys (ConfUtils.java:logGet(43)) - raft.server.log.statemachine.data.caching.enabled = true (custom)
2019-08-21 17:38:47,980 [pool-494-thread-1] INFO  segmented.SegmentedRaftLogWorker (SegmentedRaftLogWorker.java:lambda$new$0(132)) - 802f8fbc-decc-4fe0-8596-5227c01e58c6-SegmentedRaftLogWorker:Storage Directory /workdir/hadoop-ozone/integration-test/target/test-dir/MiniOzoneClusterImpl-c619d2d6-0016-4a2b-bb48-151a7992e575/datanode-5/data/ratis/8f0b68ac-6ea3-4721-ae0c-1ad2519776b6: flushIndex: setUnconditionally 0 -> -1
2019-08-21 17:38:47,981 [pool-494-thread-1] INFO  server.RaftServerConfigKeys (ConfUtils.java:logGet(43)) - raft.server.snapshot.auto.trigger.enabled = true (custom)
2019-08-21 17:38:47,981 [pool-494-thread-1] INFO  server.RaftServerConfigKeys (ConfUtils.java:logGet(43)) - raft.server.snapshot.auto.trigger.threshold = 10000 (custom)
2019-08-21 17:38:47,981 [pool-494-thread-1] INFO  server.RaftServerConfigKeys (ConfUtils.java:logGet(43)) - raft.server.retrycache.expirytime = 600000ms (custom)
2019-08-21 17:38:47,981 [pool-494-thread-1] INFO  impl.RaftServerImpl (RaftServerImpl.java:start(180)) - 802f8fbc-decc-4fe0-8596-5227c01e58c6: start group-1AD2519776B6
2019-08-21 17:38:47,981 [pool-494-thread-1] INFO  impl.RaftServerImpl (RaftServerImpl.java:setRole(171)) - 802f8fbc-decc-4fe0-8596-5227c01e58c6:group-1AD2519776B6 changes role from null to FOLLOWER at term 0 for startAsFollower
2019-08-21 17:38:47,981 [pool-494-thread-1] INFO  impl.RoleInfo (RoleInfo.java:updateAndGet(143)) - 802f8fbc-decc-4fe0-8596-5227c01e58c6: start FollowerState
2019-08-21 17:38:47,982 [pool-494-thread-1] INFO  util.JmxRegister (JmxRegister.java:tryRegister(44)) - Successfully registered JMX Bean with object name Ratis:service=RaftServer,group=group-1AD2519776B6,id=802f8fbc-decc-4fe0-8596-5227c01e58c6
2019-08-21 17:38:47,984 [RatisPipelineUtilsThread] INFO  pipeline.PipelineStateManager (PipelineStateManager.java:addPipeline(56)) - Created pipeline Pipeline[ Id: 8f0b68ac-6ea3-4721-ae0c-1ad2519776b6, Nodes: 802f8fbc-decc-4fe0-8596-5227c01e58c6{ip: 192.168.69.88, host: pr-hdds-1935-w6pq9-1452708900, networkLocation: /default-rack, certSerialId: null}, Type:RATIS, Factor:ONE, State:OPEN]
2019-08-21 17:38:47,998 [grpc-default-executor-8] INFO  impl.RaftServerProxy (RaftServerProxy.java:addNew(89)) - 802f8fbc-decc-4fe0-8596-5227c01e58c6: addNew group-976DBCC56D49:[076b8a8c-935b-40a1-9166-aa87fdf8f32e:192.168.69.88:37700, 802f8fbc-decc-4fe0-8596-5227c01e58c6:192.168.69.88:44406, 57e59194-3b1d-4665-b11f-1ec0556c47eb:192.168.69.88:45230] returns group-976DBCC56D49:java.util.concurrent.CompletableFuture@48fa391b[Not completed]
2019-08-21 17:38:47,998 [grpc-default-executor-1] INFO  impl.RaftServerProxy (RaftServerProxy.java:addNew(89)) - 076b8a8c-935b-40a1-9166-aa87fdf8f32e: addNew group-976DBCC56D49:[076b8a8c-935b-40a1-9166-aa87fdf8f32e:192.168.69.88:37700, 802f8fbc-decc-4fe0-8596-5227c01e58c6:192.168.69.88:44406, 57e59194-3b1d-4665-b11f-1ec0556c47eb:192.168.69.88:45230] returns group-976DBCC56D49:java.util.concurrent.CompletableFuture@3de4efcd[Not completed]
2019-08-21 17:38:47,998 [grpc-default-executor-9] INFO  impl.RaftServerProxy (RaftServerProxy.java:addNew(89)) - 57e59194-3b1d-4665-b11f-1ec0556c47eb: addNew group-976DBCC56D49:[076b8a8c-935b-40a1-9166-aa87fdf8f32e:192.168.69.88:37700, 802f8fbc-decc-4fe0-8596-5227c01e58c6:192.168.69.88:44406, 57e59194-3b1d-4665-b11f-1ec0556c47eb:192.168.69.88:45230] returns group-976DBCC56D49:java.util.concurrent.CompletableFuture@5251fb85[Not completed]
2019-08-21 17:38:47,999 [pool-483-thread-1] INFO  impl.RaftServerImpl (RaftServerImpl.java:<init>(93)) - 57e59194-3b1d-4665-b11f-1ec0556c47eb: new RaftServerImpl for group-976DBCC56D49:[076b8a8c-935b-40a1-9166-aa87fdf8f32e:192.168.69.88:37700, 802f8fbc-decc-4fe0-8596-5227c01e58c6:192.168.69.88:44406, 57e59194-3b1d-4665-b11f-1ec0556c47eb:192.168.69.88:45230] with ContainerStateMachine:uninitialized
2019-08-21 17:38:47,999 [pool-483-thread-1] INFO  server.RaftServerConfigKeys (ConfUtils.java:logGet(43)) - raft.server.rpc.timeout.min = 5s (custom)
2019-08-21 17:38:48,000 [pool-483-thread-1] INFO  server.RaftServerConfigKeys (ConfUtils.java:logGet(43)) - raft.server.rpc.timeout.max = 5200ms (custom)
2019-08-21 17:38:48,000 [pool-483-thread-1] INFO  server.RaftServerConfigKeys (ConfUtils.java:logGet(43)) - raft.server.rpcslowness.timeout = 120s (custom)
2019-08-21 17:38:48,000 [pool-494-thread-1] INFO  impl.RaftServerImpl (RaftServerImpl.java:<init>(93)) - 802f8fbc-decc-4fe0-8596-5227c01e58c6: new RaftServerImpl for group-976DBCC56D49:[076b8a8c-935b-40a1-9166-aa87fdf8f32e:192.168.69.88:37700, 802f8fbc-decc-4fe0-8596-5227c01e58c6:192.168.69.88:44406, 57e59194-3b1d-4665-b11f-1ec0556c47eb:192.168.69.88:45230] with ContainerStateMachine:uninitialized
2019-08-21 17:38:48,000 [pool-483-thread-1] INFO  server.RaftServerConfigKeys (ConfUtils.java:logGet(43)) - raft.server.sleep.deviation.threshold = 300 (default)
2019-08-21 17:38:48,000 [pool-472-thread-1] INFO  impl.RaftServerImpl (RaftServerImpl.java:<init>(93)) - 076b8a8c-935b-40a1-9166-aa87fdf8f32e: new RaftServerImpl for group-976DBCC56D49:[076b8a8c-935b-40a1-9166-aa87fdf8f32e:192.168.69.88:37700, 802f8fbc-decc-4fe0-8596-5227c01e58c6:192.168.69.88:44406, 57e59194-3b1d-4665-b11f-1ec0556c47eb:192.168.69.88:45230] with ContainerStateMachine:uninitialized
2019-08-21 17:38:48,000 [pool-483-thread-1] INFO  server.RaftServerConfigKeys (ConfUtils.java:logGet(43)) - raft.server.log.appender.install.snapshot.enabled = false (custom)
2019-08-21 17:38:48,000 [pool-494-thread-1] INFO  server.RaftServerConfigKeys (ConfUtils.java:logGet(43)) - raft.server.rpc.timeout.min = 5s (custom)
2019-08-21 17:38:48,001 [pool-483-thread-1] INFO  impl.RaftServerImpl (ServerState.java:<init>(105)) - 57e59194-3b1d-4665-b11f-1ec0556c47eb:group-976DBCC56D49 ConfigurationManager, init=-1: [076b8a8c-935b-40a1-9166-aa87fdf8f32e:192.168.69.88:37700, 802f8fbc-decc-4fe0-8596-5227c01e58c6:192.168.69.88:44406, 57e59194-3b1d-4665-b11f-1ec0556c47eb:192.168.69.88:45230], old=null, confs=<EMPTY_MAP>
2019-08-21 17:38:48,000 [pool-472-thread-1] INFO  server.RaftServerConfigKeys (ConfUtils.java:logGet(43)) - raft.server.rpc.timeout.min = 5s (custom)
2019-08-21 17:38:48,001 [pool-494-thread-1] INFO  server.RaftServerConfigKeys (ConfUtils.java:logGet(43)) - raft.server.rpc.timeout.max = 5200ms (custom)
2019-08-21 17:38:48,001 [pool-483-thread-1] INFO  server.RaftServerConfigKeys (ConfUtils.java:logGet(43)) - raft.server.storage.dir = [/workdir/hadoop-ozone/integration-test/target/test-dir/MiniOzoneClusterImpl-c619d2d6-0016-4a2b-bb48-151a7992e575/datanode-4/data/ratis] (custom)
2019-08-21 17:38:48,001 [pool-472-thread-1] INFO  server.RaftServerConfigKeys (ConfUtils.java:logGet(43)) - raft.server.rpc.timeout.max = 5200ms (custom)
2019-08-21 17:38:48,001 [pool-494-thread-1] INFO  server.RaftServerConfigKeys (ConfUtils.java:logGet(43)) - raft.server.rpcslowness.timeout = 120s (custom)
2019-08-21 17:38:48,001 [pool-472-thread-1] INFO  server.RaftServerConfigKeys (ConfUtils.java:logGet(43)) - raft.server.rpcslowness.timeout = 120s (custom)
2019-08-21 17:38:48,001 [pool-483-thread-1] INFO  storage.RaftStorageDirectory (RaftStorageDirectory.java:analyzeStorage(246)) - The storage directory /workdir/hadoop-ozone/integration-test/target/test-dir/MiniOzoneClusterImpl-c619d2d6-0016-4a2b-bb48-151a7992e575/datanode-4/data/ratis/43d3813c-eae5-475a-b560-976dbcc56d49 does not exist. Creating ...
2019-08-21 17:38:48,001 [pool-494-thread-1] INFO  server.RaftServerConfigKeys (ConfUtils.java:logGet(43)) - raft.server.sleep.deviation.threshold = 300 (default)
2019-08-21 17:38:48,002 [pool-472-thread-1] INFO  server.RaftServerConfigKeys (ConfUtils.java:logGet(43)) - raft.server.sleep.deviation.threshold = 300 (default)
2019-08-21 17:38:48,002 [pool-494-thread-1] INFO  server.RaftServerConfigKeys (ConfUtils.java:logGet(43)) - raft.server.log.appender.install.snapshot.enabled = false (custom)
2019-08-21 17:38:48,002 [pool-472-thread-1] INFO  server.RaftServerConfigKeys (ConfUtils.java:logGet(43)) - raft.server.log.appender.install.snapshot.enabled = false (custom)
2019-08-21 17:38:48,002 [pool-494-thread-1] INFO  impl.RaftServerImpl (ServerState.java:<init>(105)) - 802f8fbc-decc-4fe0-8596-5227c01e58c6:group-976DBCC56D49 ConfigurationManager, init=-1: [076b8a8c-935b-40a1-9166-aa87fdf8f32e:192.168.69.88:37700, 802f8fbc-decc-4fe0-8596-5227c01e58c6:192.168.69.88:44406, 57e59194-3b1d-4665-b11f-1ec0556c47eb:192.168.69.88:45230], old=null, confs=<EMPTY_MAP>
2019-08-21 17:38:48,002 [pool-472-thread-1] INFO  impl.RaftServerImpl (ServerState.java:<init>(105)) - 076b8a8c-935b-40a1-9166-aa87fdf8f32e:group-976DBCC56D49 ConfigurationManager, init=-1: [076b8a8c-935b-40a1-9166-aa87fdf8f32e:192.168.69.88:37700, 802f8fbc-decc-4fe0-8596-5227c01e58c6:192.168.69.88:44406, 57e59194-3b1d-4665-b11f-1ec0556c47eb:192.168.69.88:45230], old=null, confs=<EMPTY_MAP>
2019-08-21 17:38:48,003 [pool-494-thread-1] INFO  server.RaftServerConfigKeys (ConfUtils.java:logGet(43)) - raft.server.storage.dir = [/workdir/hadoop-ozone/integration-test/target/test-dir/MiniOzoneClusterImpl-c619d2d6-0016-4a2b-bb48-151a7992e575/datanode-5/data/ratis] (custom)
2019-08-21 17:38:48,003 [pool-472-thread-1] INFO  server.RaftServerConfigKeys (ConfUtils.java:logGet(43)) - raft.server.storage.dir = [/workdir/hadoop-ozone/integration-test/target/test-dir/MiniOzoneClusterImpl-c619d2d6-0016-4a2b-bb48-151a7992e575/datanode-3/data/ratis] (custom)
2019-08-21 17:38:48,003 [pool-494-thread-1] INFO  storage.RaftStorageDirectory (RaftStorageDirectory.java:analyzeStorage(246)) - The storage directory /workdir/hadoop-ozone/integration-test/target/test-dir/MiniOzoneClusterImpl-c619d2d6-0016-4a2b-bb48-151a7992e575/datanode-5/data/ratis/43d3813c-eae5-475a-b560-976dbcc56d49 does not exist. Creating ...
2019-08-21 17:38:48,003 [pool-472-thread-1] INFO  storage.RaftStorageDirectory (RaftStorageDirectory.java:analyzeStorage(246)) - The storage directory /workdir/hadoop-ozone/integration-test/target/test-dir/MiniOzoneClusterImpl-c619d2d6-0016-4a2b-bb48-151a7992e575/datanode-3/data/ratis/43d3813c-eae5-475a-b560-976dbcc56d49 does not exist. Creating ...
2019-08-21 17:38:48,027 [pool-494-thread-1] INFO  storage.RaftStorageDirectory (RaftStorageDirectory.java:tryLock(328)) - Lock on /workdir/hadoop-ozone/integration-test/target/test-dir/MiniOzoneClusterImpl-c619d2d6-0016-4a2b-bb48-151a7992e575/datanode-5/data/ratis/43d3813c-eae5-475a-b560-976dbcc56d49/in_use.lock acquired by nodename 17022@pr-hdds-1935-w6pq9-1452708900
2019-08-21 17:38:48,027 [pool-483-thread-1] INFO  storage.RaftStorageDirectory (RaftStorageDirectory.java:tryLock(328)) - Lock on /workdir/hadoop-ozone/integration-test/target/test-dir/MiniOzoneClusterImpl-c619d2d6-0016-4a2b-bb48-151a7992e575/datanode-4/data/ratis/43d3813c-eae5-475a-b560-976dbcc56d49/in_use.lock acquired by nodename 17022@pr-hdds-1935-w6pq9-1452708900
2019-08-21 17:38:48,027 [pool-472-thread-1] INFO  storage.RaftStorageDirectory (RaftStorageDirectory.java:tryLock(328)) - Lock on /workdir/hadoop-ozone/integration-test/target/test-dir/MiniOzoneClusterImpl-c619d2d6-0016-4a2b-bb48-151a7992e575/datanode-3/data/ratis/43d3813c-eae5-475a-b560-976dbcc56d49/in_use.lock acquired by nodename 17022@pr-hdds-1935-w6pq9-1452708900
2019-08-21 17:38:48,044 [pool-472-thread-1] INFO  storage.RaftStorage (RaftStorage.java:format(72)) - Storage directory /workdir/hadoop-ozone/integration-test/target/test-dir/MiniOzoneClusterImpl-c619d2d6-0016-4a2b-bb48-151a7992e575/datanode-3/data/ratis/43d3813c-eae5-475a-b560-976dbcc56d49 has been successfully formatted.
2019-08-21 17:38:48,044 [pool-494-thread-1] INFO  storage.RaftStorage (RaftStorage.java:format(72)) - Storage directory /workdir/hadoop-ozone/integration-test/target/test-dir/MiniOzoneClusterImpl-c619d2d6-0016-4a2b-bb48-151a7992e575/datanode-5/data/ratis/43d3813c-eae5-475a-b560-976dbcc56d49 has been successfully formatted.
2019-08-21 17:38:48,044 [pool-472-thread-1] INFO  ratis.ContainerStateMachine (ContainerStateMachine.java:loadSnapshot(226)) - group-976DBCC56D49: The snapshot info is null. Setting the last applied indexto:(t:0, i:~)
2019-08-21 17:38:48,044 [pool-483-thread-1] INFO  storage.RaftStorage (RaftStorage.java:format(72)) - Storage directory /workdir/hadoop-ozone/integration-test/target/test-dir/MiniOzoneClusterImpl-c619d2d6-0016-4a2b-bb48-151a7992e575/datanode-4/data/ratis/43d3813c-eae5-475a-b560-976dbcc56d49 has been successfully formatted.
2019-08-21 17:38:48,044 [pool-472-thread-1] INFO  server.RaftServerConfigKeys (ConfUtils.java:logGet(43)) - raft.server.leader.election.timeout = 120s (custom)
2019-08-21 17:38:48,044 [pool-494-thread-1] INFO  ratis.ContainerStateMachine (ContainerStateMachine.java:loadSnapshot(226)) - group-976DBCC56D49: The snapshot info is null. Setting the last applied indexto:(t:0, i:~)
2019-08-21 17:38:48,045 [pool-472-thread-1] INFO  server.RaftServerConfigKeys (ConfUtils.java:logGet(43)) - raft.server.log.use.memory = false (default)
2019-08-21 17:38:48,045 [pool-483-thread-1] INFO  ratis.ContainerStateMachine (ContainerStateMachine.java:loadSnapshot(226)) - group-976DBCC56D49: The snapshot info is null. Setting the last applied indexto:(t:0, i:~)
2019-08-21 17:38:48,045 [pool-472-thread-1] INFO  server.RaftServerConfigKeys (ConfUtils.java:logGet(43)) - raft.server.log.purge.gap = 1000000 (custom)
2019-08-21 17:38:48,045 [pool-494-thread-1] INFO  server.RaftServerConfigKeys (ConfUtils.java:logGet(43)) - raft.server.leader.election.timeout = 120s (custom)
2019-08-21 17:38:48,045 [pool-472-thread-1] INFO  server.RaftServerConfigKeys (ConfUtils.java:logGet(43)) - raft.server.log.appender.buffer.byte-limit = 33554432 (custom)
2019-08-21 17:38:48,045 [pool-483-thread-1] INFO  server.RaftServerConfigKeys (ConfUtils.java:logGet(43)) - raft.server.leader.election.timeout = 120s (custom)
2019-08-21 17:38:48,045 [pool-472-thread-1] INFO  server.RaftServerConfigKeys (ConfUtils.java:logGet(43)) - raft.server.log.segment.size.max = 1048576 (custom)
2019-08-21 17:38:48,045 [pool-494-thread-1] INFO  server.RaftServerConfigKeys (ConfUtils.java:logGet(43)) - raft.server.log.use.memory = false (default)
2019-08-21 17:38:48,046 [pool-472-thread-1] INFO  server.RaftServerConfigKeys (ConfUtils.java:logGet(43)) - raft.server.log.segment.cache.num.max = 2 (custom)
2019-08-21 17:38:48,045 [pool-483-thread-1] INFO  server.RaftServerConfigKeys (ConfUtils.java:logGet(43)) - raft.server.log.use.memory = false (default)
2019-08-21 17:38:48,046 [pool-472-thread-1] INFO  segmented.SegmentedRaftLogWorker (SegmentedRaftLogWorker.java:<init>(172)) - new 076b8a8c-935b-40a1-9166-aa87fdf8f32e-SegmentedRaftLogWorker:Storage Directory /workdir/hadoop-ozone/integration-test/target/test-dir/MiniOzoneClusterImpl-c619d2d6-0016-4a2b-bb48-151a7992e575/datanode-3/data/ratis/43d3813c-eae5-475a-b560-976dbcc56d49 for RaftStorage:Storage Directory /workdir/hadoop-ozone/integration-test/target/test-dir/MiniOzoneClusterImpl-c619d2d6-0016-4a2b-bb48-151a7992e575/datanode-3/data/ratis/43d3813c-eae5-475a-b560-976dbcc56d49
2019-08-21 17:38:48,046 [pool-494-thread-1] INFO  server.RaftServerConfigKeys (ConfUtils.java:logGet(43)) - raft.server.log.purge.gap = 1000000 (custom)
2019-08-21 17:38:48,046 [pool-472-thread-1] INFO  server.RaftServerConfigKeys (ConfUtils.java:logGet(43)) - raft.server.log.queue.byte-limit = 2147483647 (custom)
2019-08-21 17:38:48,046 [pool-483-thread-1] INFO  server.RaftServerConfigKeys (ConfUtils.java:logGet(43)) - raft.server.log.purge.gap = 1000000 (custom)
2019-08-21 17:38:48,046 [pool-472-thread-1] INFO  server.RaftServerConfigKeys (ConfUtils.java:logGet(43)) - raft.server.log.queue.element-limit = 1024 (custom)
2019-08-21 17:38:48,046 [pool-494-thread-1] INFO  server.RaftServerConfigKeys (ConfUtils.java:logGet(43)) - raft.server.log.appender.buffer.byte-limit = 33554432 (custom)
2019-08-21 17:38:48,046 [pool-472-thread-1] INFO  server.RaftServerConfigKeys (ConfUtils.java:logGet(43)) - raft.server.log.segment.size.max = 1048576 (custom)
2019-08-21 17:38:48,046 [pool-483-thread-1] INFO  server.RaftServerConfigKeys (ConfUtils.java:logGet(43)) - raft.server.log.appender.buffer.byte-limit = 33554432 (custom)
2019-08-21 17:38:48,047 [pool-472-thread-1] INFO  server.RaftServerConfigKeys (ConfUtils.java:logGet(43)) - raft.server.log.preallocated.size = 16384 (custom)
2019-08-21 17:38:48,047 [pool-494-thread-1] INFO  server.RaftServerConfigKeys (ConfUtils.java:logGet(43)) - raft.server.log.segment.size.max = 1048576 (custom)
2019-08-21 17:38:48,047 [pool-472-thread-1] INFO  server.RaftServerConfigKeys (ConfUtils.java:logGet(43)) - raft.server.log.write.buffer.size = 33554432 (custom)
2019-08-21 17:38:48,047 [pool-472-thread-1] INFO  server.RaftServerConfigKeys (ConfUtils.java:logGet(43)) - raft.server.log.force.sync.num = 128 (default)
2019-08-21 17:38:48,047 [pool-483-thread-1] INFO  server.RaftServerConfigKeys (ConfUtils.java:logGet(43)) - raft.server.log.segment.size.max = 1048576 (custom)
2019-08-21 17:38:48,047 [pool-472-thread-1] INFO  server.RaftServerConfigKeys (ConfUtils.java:logGet(43)) - raft.server.log.statemachine.data.sync = true (default)
2019-08-21 17:38:48,047 [pool-494-thread-1] INFO  server.RaftServerConfigKeys (ConfUtils.java:logGet(43)) - raft.server.log.segment.cache.num.max = 2 (custom)
2019-08-21 17:38:48,047 [pool-472-thread-1] INFO  server.RaftServerConfigKeys (ConfUtils.java:logGet(43)) - raft.server.log.statemachine.data.sync.timeout = 10s (default)
2019-08-21 17:38:48,048 [pool-472-thread-1] INFO  server.RaftServerConfigKeys (ConfUtils.java:logGet(43)) - raft.server.log.statemachine.data.sync.timeout.retry = -1 (default)
2019-08-21 17:38:48,047 [pool-483-thread-1] INFO  server.RaftServerConfigKeys (ConfUtils.java:logGet(43)) - raft.server.log.segment.cache.num.max = 2 (custom)
2019-08-21 17:38:48,048 [pool-472-thread-1] INFO  server.RaftServerConfigKeys (ConfUtils.java:logGet(43)) - raft.server.log.statemachine.data.caching.enabled = true (custom)
2019-08-21 17:38:48,048 [pool-494-thread-1] INFO  segmented.SegmentedRaftLogWorker (SegmentedRaftLogWorker.java:<init>(172)) - new 802f8fbc-decc-4fe0-8596-5227c01e58c6-SegmentedRaftLogWorker:Storage Directory /workdir/hadoop-ozone/integration-test/target/test-dir/MiniOzoneClusterImpl-c619d2d6-0016-4a2b-bb48-151a7992e575/datanode-5/data/ratis/43d3813c-eae5-475a-b560-976dbcc56d49 for RaftStorage:Storage Directory /workdir/hadoop-ozone/integration-test/target/test-dir/MiniOzoneClusterImpl-c619d2d6-0016-4a2b-bb48-151a7992e575/datanode-5/data/ratis/43d3813c-eae5-475a-b560-976dbcc56d49
2019-08-21 17:38:48,048 [pool-483-thread-1] INFO  segmented.SegmentedRaftLogWorker (SegmentedRaftLogWorker.java:<init>(172)) - new 57e59194-3b1d-4665-b11f-1ec0556c47eb-SegmentedRaftLogWorker:Storage Directory /workdir/hadoop-ozone/integration-test/target/test-dir/MiniOzoneClusterImpl-c619d2d6-0016-4a2b-bb48-151a7992e575/datanode-4/data/ratis/43d3813c-eae5-475a-b560-976dbcc56d49 for RaftStorage:Storage Directory /workdir/hadoop-ozone/integration-test/target/test-dir/MiniOzoneClusterImpl-c619d2d6-0016-4a2b-bb48-151a7992e575/datanode-4/data/ratis/43d3813c-eae5-475a-b560-976dbcc56d49
2019-08-21 17:38:48,048 [pool-472-thread-1] INFO  segmented.SegmentedRaftLogWorker (SegmentedRaftLogWorker.java:lambda$new$0(132)) - 076b8a8c-935b-40a1-9166-aa87fdf8f32e-SegmentedRaftLogWorker:Storage Directory /workdir/hadoop-ozone/integration-test/target/test-dir/MiniOzoneClusterImpl-c619d2d6-0016-4a2b-bb48-151a7992e575/datanode-3/data/ratis/43d3813c-eae5-475a-b560-976dbcc56d49: flushIndex: setUnconditionally 0 -> -1
2019-08-21 17:38:48,048 [pool-494-thread-1] INFO  server.RaftServerConfigKeys (ConfUtils.java:logGet(43)) - raft.server.log.queue.byte-limit = 2147483647 (custom)
2019-08-21 17:38:48,048 [pool-483-thread-1] INFO  server.RaftServerConfigKeys (ConfUtils.java:logGet(43)) - raft.server.log.queue.byte-limit = 2147483647 (custom)
2019-08-21 17:38:48,049 [pool-472-thread-1] INFO  server.RaftServerConfigKeys (ConfUtils.java:logGet(43)) - raft.server.snapshot.auto.trigger.enabled = true (custom)
2019-08-21 17:38:48,049 [pool-494-thread-1] INFO  server.RaftServerConfigKeys (ConfUtils.java:logGet(43)) - raft.server.log.queue.element-limit = 1024 (custom)
2019-08-21 17:38:48,049 [pool-472-thread-1] INFO  server.RaftServerConfigKeys (ConfUtils.java:logGet(43)) - raft.server.snapshot.auto.trigger.threshold = 10000 (custom)
2019-08-21 17:38:48,049 [pool-483-thread-1] INFO  server.RaftServerConfigKeys (ConfUtils.java:logGet(43)) - raft.server.log.queue.element-limit = 1024 (custom)
2019-08-21 17:38:48,049 [pool-472-thread-1] INFO  server.RaftServerConfigKeys (ConfUtils.java:logGet(43)) - raft.server.retrycache.expirytime = 600000ms (custom)
2019-08-21 17:38:48,049 [pool-494-thread-1] INFO  server.RaftServerConfigKeys (ConfUtils.java:logGet(43)) - raft.server.log.segment.size.max = 1048576 (custom)
2019-08-21 17:38:48,049 [pool-472-thread-1] INFO  impl.RaftServerImpl (RaftServerImpl.java:start(180)) - 076b8a8c-935b-40a1-9166-aa87fdf8f32e: start group-976DBCC56D49
2019-08-21 17:38:48,049 [pool-483-thread-1] INFO  server.RaftServerConfigKeys (ConfUtils.java:logGet(43)) - raft.server.log.segment.size.max = 1048576 (custom)
2019-08-21 17:38:48,050 [pool-472-thread-1] INFO  impl.RaftServerImpl (RaftServerImpl.java:setRole(171)) - 076b8a8c-935b-40a1-9166-aa87fdf8f32e:group-976DBCC56D49 changes role from null to FOLLOWER at term 0 for startAsFollower
2019-08-21 17:38:48,049 [pool-494-thread-1] INFO  server.RaftServerConfigKeys (ConfUtils.java:logGet(43)) - raft.server.log.preallocated.size = 16384 (custom)
2019-08-21 17:38:48,050 [pool-472-thread-1] INFO  impl.RoleInfo (RoleInfo.java:updateAndGet(143)) - 076b8a8c-935b-40a1-9166-aa87fdf8f32e: start FollowerState
2019-08-21 17:38:48,050 [pool-483-thread-1] INFO  server.RaftServerConfigKeys (ConfUtils.java:logGet(43)) - raft.server.log.preallocated.size = 16384 (custom)
2019-08-21 17:38:48,050 [pool-494-thread-1] INFO  server.RaftServerConfigKeys (ConfUtils.java:logGet(43)) - raft.server.log.write.buffer.size = 33554432 (custom)
2019-08-21 17:38:48,050 [pool-483-thread-1] INFO  server.RaftServerConfigKeys (ConfUtils.java:logGet(43)) - raft.server.log.write.buffer.size = 33554432 (custom)
2019-08-21 17:38:48,050 [pool-472-thread-1] INFO  util.JmxRegister (JmxRegister.java:tryRegister(44)) - Successfully registered JMX Bean with object name Ratis:service=RaftServer,group=group-976DBCC56D49,id=076b8a8c-935b-40a1-9166-aa87fdf8f32e
2019-08-21 17:38:48,050 [pool-494-thread-1] INFO  server.RaftServerConfigKeys (ConfUtils.java:logGet(43)) - raft.server.log.force.sync.num = 128 (default)
2019-08-21 17:38:48,050 [pool-483-thread-1] INFO  server.RaftServerConfigKeys (ConfUtils.java:logGet(43)) - raft.server.log.force.sync.num = 128 (default)
2019-08-21 17:38:48,051 [pool-494-thread-1] INFO  server.RaftServerConfigKeys (ConfUtils.java:logGet(43)) - raft.server.log.statemachine.data.sync = true (default)
2019-08-21 17:38:48,051 [pool-483-thread-1] INFO  server.RaftServerConfigKeys (ConfUtils.java:logGet(43)) - raft.server.log.statemachine.data.sync = true (default)
2019-08-21 17:38:48,051 [pool-494-thread-1] INFO  server.RaftServerConfigKeys (ConfUtils.java:logGet(43)) - raft.server.log.statemachine.data.sync.timeout = 10s (default)
2019-08-21 17:38:48,051 [pool-483-thread-1] INFO  server.RaftServerConfigKeys (ConfUtils.java:logGet(43)) - raft.server.log.statemachine.data.sync.timeout = 10s (default)
2019-08-21 17:38:48,051 [pool-494-thread-1] INFO  server.RaftServerConfigKeys (ConfUtils.java:logGet(43)) - raft.server.log.statemachine.data.sync.timeout.retry = -1 (default)
2019-08-21 17:38:48,051 [pool-483-thread-1] INFO  server.RaftServerConfigKeys (ConfUtils.java:logGet(43)) - raft.server.log.statemachine.data.sync.timeout.retry = -1 (default)
2019-08-21 17:38:48,051 [pool-494-thread-1] INFO  server.RaftServerConfigKeys (ConfUtils.java:logGet(43)) - raft.server.log.statemachine.data.caching.enabled = true (custom)
2019-08-21 17:38:48,052 [pool-483-thread-1] INFO  server.RaftServerConfigKeys (ConfUtils.java:logGet(43)) - raft.server.log.statemachine.data.caching.enabled = true (custom)
2019-08-21 17:38:48,052 [pool-494-thread-1] INFO  segmented.SegmentedRaftLogWorker (SegmentedRaftLogWorker.java:lambda$new$0(132)) - 802f8fbc-decc-4fe0-8596-5227c01e58c6-SegmentedRaftLogWorker:Storage Directory /workdir/hadoop-ozone/integration-test/target/test-dir/MiniOzoneClusterImpl-c619d2d6-0016-4a2b-bb48-151a7992e575/datanode-5/data/ratis/43d3813c-eae5-475a-b560-976dbcc56d49: flushIndex: setUnconditionally 0 -> -1
2019-08-21 17:38:48,052 [pool-483-thread-1] INFO  segmented.SegmentedRaftLogWorker (SegmentedRaftLogWorker.java:lambda$new$0(132)) - 57e59194-3b1d-4665-b11f-1ec0556c47eb-SegmentedRaftLogWorker:Storage Directory /workdir/hadoop-ozone/integration-test/target/test-dir/MiniOzoneClusterImpl-c619d2d6-0016-4a2b-bb48-151a7992e575/datanode-4/data/ratis/43d3813c-eae5-475a-b560-976dbcc56d49: flushIndex: setUnconditionally 0 -> -1
2019-08-21 17:38:48,052 [pool-494-thread-1] INFO  server.RaftServerConfigKeys (ConfUtils.java:logGet(43)) - raft.server.snapshot.auto.trigger.enabled = true (custom)
2019-08-21 17:38:48,052 [pool-494-thread-1] INFO  server.RaftServerConfigKeys (ConfUtils.java:logGet(43)) - raft.server.snapshot.auto.trigger.threshold = 10000 (custom)
2019-08-21 17:38:48,052 [pool-483-thread-1] INFO  server.RaftServerConfigKeys (ConfUtils.java:logGet(43)) - raft.server.snapshot.auto.trigger.enabled = true (custom)
2019-08-21 17:38:48,052 [pool-494-thread-1] INFO  server.RaftServerConfigKeys (ConfUtils.java:logGet(43)) - raft.server.retrycache.expirytime = 600000ms (custom)
2019-08-21 17:38:48,053 [pool-483-thread-1] INFO  server.RaftServerConfigKeys (ConfUtils.java:logGet(43)) - raft.server.snapshot.auto.trigger.threshold = 10000 (custom)
2019-08-21 17:38:48,053 [pool-494-thread-1] INFO  impl.RaftServerImpl (RaftServerImpl.java:start(180)) - 802f8fbc-decc-4fe0-8596-5227c01e58c6: start group-976DBCC56D49
2019-08-21 17:38:48,053 [pool-483-thread-1] INFO  server.RaftServerConfigKeys (ConfUtils.java:logGet(43)) - raft.server.retrycache.expirytime = 600000ms (custom)
2019-08-21 17:38:48,053 [pool-494-thread-1] INFO  impl.RaftServerImpl (RaftServerImpl.java:setRole(171)) - 802f8fbc-decc-4fe0-8596-5227c01e58c6:group-976DBCC56D49 changes role from null to FOLLOWER at term 0 for startAsFollower
2019-08-21 17:38:48,053 [pool-483-thread-1] INFO  impl.RaftServerImpl (RaftServerImpl.java:start(180)) - 57e59194-3b1d-4665-b11f-1ec0556c47eb: start group-976DBCC56D49
2019-08-21 17:38:48,053 [pool-494-thread-1] INFO  impl.RoleInfo (RoleInfo.java:updateAndGet(143)) - 802f8fbc-decc-4fe0-8596-5227c01e58c6: start FollowerState
2019-08-21 17:38:48,053 [pool-483-thread-1] INFO  impl.RaftServerImpl (RaftServerImpl.java:setRole(171)) - 57e59194-3b1d-4665-b11f-1ec0556c47eb:group-976DBCC56D49 changes role from null to FOLLOWER at term 0 for startAsFollower
2019-08-21 17:38:48,053 [pool-483-thread-1] INFO  impl.RoleInfo (RoleInfo.java:updateAndGet(143)) - 57e59194-3b1d-4665-b11f-1ec0556c47eb: start FollowerState
2019-08-21 17:38:48,054 [pool-494-thread-1] INFO  util.JmxRegister (JmxRegister.java:tryRegister(44)) - Successfully registered JMX Bean with object name Ratis:service=RaftServer,group=group-976DBCC56D49,id=802f8fbc-decc-4fe0-8596-5227c01e58c6
2019-08-21 17:38:48,054 [pool-483-thread-1] INFO  util.JmxRegister (JmxRegister.java:tryRegister(44)) - Successfully registered JMX Bean with object name Ratis:service=RaftServer,group=group-976DBCC56D49,id=57e59194-3b1d-4665-b11f-1ec0556c47eb
2019-08-21 17:38:48,056 [RatisPipelineUtilsThread] INFO  pipeline.PipelineStateManager (PipelineStateManager.java:addPipeline(56)) - Created pipeline Pipeline[ Id: 43d3813c-eae5-475a-b560-976dbcc56d49, Nodes: 57e59194-3b1d-4665-b11f-1ec0556c47eb{ip: 192.168.69.88, host: pr-hdds-1935-w6pq9-1452708900, networkLocation: /default-rack, certSerialId: null}802f8fbc-decc-4fe0-8596-5227c01e58c6{ip: 192.168.69.88, host: pr-hdds-1935-w6pq9-1452708900, networkLocation: /default-rack, certSerialId: null}076b8a8c-935b-40a1-9166-aa87fdf8f32e{ip: 192.168.69.88, host: pr-hdds-1935-w6pq9-1452708900, networkLocation: /default-rack, certSerialId: null}, Type:RATIS, Factor:THREE, State:OPEN]
2019-08-21 17:38:48,110 [main] INFO  ozone.MiniOzoneClusterImpl (MiniOzoneClusterImpl.java:lambda$waitForClusterToBeReady$0(142)) - Waiting for cluster to be ready. Got 6 of 7 DN Heartbeats.
2019-08-21 17:38:48,111 [IPC Server handler 6 on 41845] INFO  net.NetworkTopology (NetworkTopologyImpl.java:add(110)) - Added a new node: /default-rack/76d52cc5-9633-42a9-b84b-2c228ac1c43f
2019-08-21 17:38:48,111 [IPC Server handler 6 on 41845] INFO  node.SCMNodeManager (SCMNodeManager.java:register(266)) - Registered Data node : 76d52cc5-9633-42a9-b84b-2c228ac1c43f{ip: 192.168.69.88, host: pr-hdds-1935-w6pq9-1452708900, networkLocation: /default-rack, certSerialId: null}
2019-08-21 17:38:48,114 | INFO  | SCMAudit | user=jenkins1000 | ip=192.168.69.88 | op=REGISTER {datanodeDetails=76d52cc5-9633-42a9-b84b-2c228ac1c43f{ip: 192.168.69.88, host: pr-hdds-1935-w6pq9-1452708900, networkLocation: /default-rack, certSerialId: null}} | ret=SUCCESS |  
2019-08-21 17:38:48,120 [grpc-default-executor-9] INFO  impl.RaftServerProxy (RaftServerProxy.java:addNew(89)) - 76d52cc5-9633-42a9-b84b-2c228ac1c43f: addNew group-E18F233E8EC5:[76d52cc5-9633-42a9-b84b-2c228ac1c43f:192.168.69.88:36204] returns group-E18F233E8EC5:java.util.concurrent.CompletableFuture@70f227b3[Not completed]
2019-08-21 17:38:48,122 [pool-505-thread-1] INFO  impl.RaftServerImpl (RaftServerImpl.java:<init>(93)) - 76d52cc5-9633-42a9-b84b-2c228ac1c43f: new RaftServerImpl for group-E18F233E8EC5:[76d52cc5-9633-42a9-b84b-2c228ac1c43f:192.168.69.88:36204] with ContainerStateMachine:uninitialized
2019-08-21 17:38:48,122 [pool-505-thread-1] INFO  server.RaftServerConfigKeys (ConfUtils.java:logGet(43)) - raft.server.rpc.timeout.min = 5s (custom)
2019-08-21 17:38:48,122 [pool-505-thread-1] INFO  server.RaftServerConfigKeys (ConfUtils.java:logGet(43)) - raft.server.rpc.timeout.max = 5200ms (custom)
2019-08-21 17:38:48,123 [pool-505-thread-1] INFO  server.RaftServerConfigKeys (ConfUtils.java:logGet(43)) - raft.server.rpcslowness.timeout = 120s (custom)
2019-08-21 17:38:48,123 [pool-505-thread-1] INFO  server.RaftServerConfigKeys (ConfUtils.java:logGet(43)) - raft.server.sleep.deviation.threshold = 300 (default)
2019-08-21 17:38:48,123 [pool-505-thread-1] INFO  server.RaftServerConfigKeys (ConfUtils.java:logGet(43)) - raft.server.log.appender.install.snapshot.enabled = false (custom)
2019-08-21 17:38:48,123 [pool-505-thread-1] INFO  impl.RaftServerImpl (ServerState.java:<init>(105)) - 76d52cc5-9633-42a9-b84b-2c228ac1c43f:group-E18F233E8EC5 ConfigurationManager, init=-1: [76d52cc5-9633-42a9-b84b-2c228ac1c43f:192.168.69.88:36204], old=null, confs=<EMPTY_MAP>
2019-08-21 17:38:48,123 [pool-505-thread-1] INFO  server.RaftServerConfigKeys (ConfUtils.java:logGet(43)) - raft.server.storage.dir = [/workdir/hadoop-ozone/integration-test/target/test-dir/MiniOzoneClusterImpl-c619d2d6-0016-4a2b-bb48-151a7992e575/datanode-6/data/ratis] (custom)
2019-08-21 17:38:48,124 [pool-505-thread-1] INFO  storage.RaftStorageDirectory (RaftStorageDirectory.java:analyzeStorage(246)) - The storage directory /workdir/hadoop-ozone/integration-test/target/test-dir/MiniOzoneClusterImpl-c619d2d6-0016-4a2b-bb48-151a7992e575/datanode-6/data/ratis/e15a341e-c40b-4a02-a398-e18f233e8ec5 does not exist. Creating ...
2019-08-21 17:38:48,149 [pool-505-thread-1] INFO  storage.RaftStorageDirectory (RaftStorageDirectory.java:tryLock(328)) - Lock on /workdir/hadoop-ozone/integration-test/target/test-dir/MiniOzoneClusterImpl-c619d2d6-0016-4a2b-bb48-151a7992e575/datanode-6/data/ratis/e15a341e-c40b-4a02-a398-e18f233e8ec5/in_use.lock acquired by nodename 17022@pr-hdds-1935-w6pq9-1452708900
2019-08-21 17:38:48,756 | INFO  | SCMAudit | user=jenkins1000 | ip=192.168.69.88 | op=SEND_HEARTBEAT {datanodeUUID=7eca2edd-1c28-4c17-b74d-733c4dbe681b, command=[]} | ret=SUCCESS |  
2019-08-21 17:38:48,841 [pool-505-thread-1] INFO  storage.RaftStorage (RaftStorage.java:format(72)) - Storage directory /workdir/hadoop-ozone/integration-test/target/test-dir/MiniOzoneClusterImpl-c619d2d6-0016-4a2b-bb48-151a7992e575/datanode-6/data/ratis/e15a341e-c40b-4a02-a398-e18f233e8ec5 has been successfully formatted.
2019-08-21 17:38:48,841 [pool-505-thread-1] INFO  ratis.ContainerStateMachine (ContainerStateMachine.java:loadSnapshot(226)) - group-E18F233E8EC5: The snapshot info is null. Setting the last applied indexto:(t:0, i:~)
2019-08-21 17:38:48,841 [pool-505-thread-1] INFO  server.RaftServerConfigKeys (ConfUtils.java:logGet(43)) - raft.server.leader.election.timeout = 120s (custom)
2019-08-21 17:38:48,841 [pool-505-thread-1] INFO  server.RaftServerConfigKeys (ConfUtils.java:logGet(43)) - raft.server.log.use.memory = false (default)
2019-08-21 17:38:48,842 [pool-505-thread-1] INFO  server.RaftServerConfigKeys (ConfUtils.java:logGet(43)) - raft.server.log.purge.gap = 1000000 (custom)
2019-08-21 17:38:48,842 [pool-505-thread-1] INFO  server.RaftServerConfigKeys (ConfUtils.java:logGet(43)) - raft.server.log.appender.buffer.byte-limit = 33554432 (custom)
2019-08-21 17:38:48,842 [pool-505-thread-1] INFO  server.RaftServerConfigKeys (ConfUtils.java:logGet(43)) - raft.server.log.segment.size.max = 1048576 (custom)
2019-08-21 17:38:48,842 [pool-505-thread-1] INFO  server.RaftServerConfigKeys (ConfUtils.java:logGet(43)) - raft.server.log.segment.cache.num.max = 2 (custom)
2019-08-21 17:38:48,842 [pool-505-thread-1] INFO  segmented.SegmentedRaftLogWorker (SegmentedRaftLogWorker.java:<init>(172)) - new 76d52cc5-9633-42a9-b84b-2c228ac1c43f-SegmentedRaftLogWorker:Storage Directory /workdir/hadoop-ozone/integration-test/target/test-dir/MiniOzoneClusterImpl-c619d2d6-0016-4a2b-bb48-151a7992e575/datanode-6/data/ratis/e15a341e-c40b-4a02-a398-e18f233e8ec5 for RaftStorage:Storage Directory /workdir/hadoop-ozone/integration-test/target/test-dir/MiniOzoneClusterImpl-c619d2d6-0016-4a2b-bb48-151a7992e575/datanode-6/data/ratis/e15a341e-c40b-4a02-a398-e18f233e8ec5
2019-08-21 17:38:48,843 [pool-505-thread-1] INFO  server.RaftServerConfigKeys (ConfUtils.java:logGet(43)) - raft.server.log.queue.byte-limit = 2147483647 (custom)
2019-08-21 17:38:48,843 [pool-505-thread-1] INFO  server.RaftServerConfigKeys (ConfUtils.java:logGet(43)) - raft.server.log.queue.element-limit = 1024 (custom)
2019-08-21 17:38:48,843 [pool-505-thread-1] INFO  server.RaftServerConfigKeys (ConfUtils.java:logGet(43)) - raft.server.log.segment.size.max = 1048576 (custom)
2019-08-21 17:38:48,843 [pool-505-thread-1] INFO  server.RaftServerConfigKeys (ConfUtils.java:logGet(43)) - raft.server.log.preallocated.size = 16384 (custom)
2019-08-21 17:38:48,843 [pool-505-thread-1] INFO  server.RaftServerConfigKeys (ConfUtils.java:logGet(43)) - raft.server.log.write.buffer.size = 33554432 (custom)
2019-08-21 17:38:48,844 [pool-505-thread-1] INFO  server.RaftServerConfigKeys (ConfUtils.java:logGet(43)) - raft.server.log.force.sync.num = 128 (default)
2019-08-21 17:38:48,844 [pool-505-thread-1] INFO  server.RaftServerConfigKeys (ConfUtils.java:logGet(43)) - raft.server.log.statemachine.data.sync = true (default)
2019-08-21 17:38:48,844 [pool-505-thread-1] INFO  server.RaftServerConfigKeys (ConfUtils.java:logGet(43)) - raft.server.log.statemachine.data.sync.timeout = 10s (default)
2019-08-21 17:38:48,844 [pool-505-thread-1] INFO  server.RaftServerConfigKeys (ConfUtils.java:logGet(43)) - raft.server.log.statemachine.data.sync.timeout.retry = -1 (default)
2019-08-21 17:38:48,844 [pool-505-thread-1] INFO  server.RaftServerConfigKeys (ConfUtils.java:logGet(43)) - raft.server.log.statemachine.data.caching.enabled = true (custom)
2019-08-21 17:38:48,845 [pool-505-thread-1] INFO  segmented.SegmentedRaftLogWorker (SegmentedRaftLogWorker.java:lambda$new$0(132)) - 76d52cc5-9633-42a9-b84b-2c228ac1c43f-SegmentedRaftLogWorker:Storage Directory /workdir/hadoop-ozone/integration-test/target/test-dir/MiniOzoneClusterImpl-c619d2d6-0016-4a2b-bb48-151a7992e575/datanode-6/data/ratis/e15a341e-c40b-4a02-a398-e18f233e8ec5: flushIndex: setUnconditionally 0 -> -1
2019-08-21 17:38:48,845 [pool-505-thread-1] INFO  server.RaftServerConfigKeys (ConfUtils.java:logGet(43)) - raft.server.snapshot.auto.trigger.enabled = true (custom)
2019-08-21 17:38:48,845 [pool-505-thread-1] INFO  server.RaftServerConfigKeys (ConfUtils.java:logGet(43)) - raft.server.snapshot.auto.trigger.threshold = 10000 (custom)
2019-08-21 17:38:48,846 [pool-505-thread-1] INFO  server.RaftServerConfigKeys (ConfUtils.java:logGet(43)) - raft.server.retrycache.expirytime = 600000ms (custom)
2019-08-21 17:38:48,846 [pool-505-thread-1] INFO  impl.RaftServerImpl (RaftServerImpl.java:start(180)) - 76d52cc5-9633-42a9-b84b-2c228ac1c43f: start group-E18F233E8EC5
2019-08-21 17:38:48,846 [pool-505-thread-1] INFO  impl.RaftServerImpl (RaftServerImpl.java:setRole(171)) - 76d52cc5-9633-42a9-b84b-2c228ac1c43f:group-E18F233E8EC5 changes role from null to FOLLOWER at term 0 for startAsFollower
2019-08-21 17:38:48,846 [pool-505-thread-1] INFO  impl.RoleInfo (RoleInfo.java:updateAndGet(143)) - 76d52cc5-9633-42a9-b84b-2c228ac1c43f: start FollowerState
2019-08-21 17:38:48,847 [pool-505-thread-1] INFO  util.JmxRegister (JmxRegister.java:tryRegister(44)) - Successfully registered JMX Bean with object name Ratis:service=RaftServer,group=group-E18F233E8EC5,id=76d52cc5-9633-42a9-b84b-2c228ac1c43f
2019-08-21 17:38:48,850 [RatisPipelineUtilsThread] INFO  pipeline.PipelineStateManager (PipelineStateManager.java:addPipeline(56)) - Created pipeline Pipeline[ Id: e15a341e-c40b-4a02-a398-e18f233e8ec5, Nodes: 76d52cc5-9633-42a9-b84b-2c228ac1c43f{ip: 192.168.69.88, host: pr-hdds-1935-w6pq9-1452708900, networkLocation: /default-rack, certSerialId: null}, Type:RATIS, Factor:ONE, State:OPEN]
2019-08-21 17:38:48,984 | INFO  | SCMAudit | user=jenkins1000 | ip=192.168.69.88 | op=SEND_HEARTBEAT {datanodeUUID=d093da97-bee2-4e07-af8f-bafb3556f13f, command=[]} | ret=SUCCESS |  
2019-08-21 17:38:49,111 [main] INFO  ozone.MiniOzoneClusterImpl (MiniOzoneClusterImpl.java:lambda$waitForClusterToBeReady$0(142)) - Cluster is ready. Got 7 of 7 DN Heartbeats.
2019-08-21 17:38:49,144 [main] INFO  rpc.RpcClient (RpcClient.java:createVolume(292)) - Creating Volume: testblockoutputstream, with jenkins1000 as owner.
2019-08-21 17:38:49,147 | INFO  | OMAudit | user=jenkins1000 | ip=127.0.0.1 | op=CREATE_VOLUME {admin=jenkins1000, owner=jenkins1000, volume=testblockoutputstream, creationTime=1566409129146, quotaInBytes=1152921504606846976} | ret=SUCCESS |  
2019-08-21 17:38:49,158 | INFO  | OMAudit | user=jenkins1000 | ip=127.0.0.1 | op=READ_VOLUME {volume=testblockoutputstream} | ret=SUCCESS |  
2019-08-21 17:38:49,159 [main] INFO  rpc.RpcClient (RpcClient.java:createBucket(431)) - Creating Bucket: testblockoutputstream/testblockoutputstream, with Versioning false and Storage Type set to DISK and Encryption set to false 
2019-08-21 17:38:49,162 | INFO  | OMAudit | user=jenkins1000 | ip=127.0.0.1 | op=CREATE_BUCKET {volume=testblockoutputstream, bucket=testblockoutputstream, acls=[user:jenkins1000:a[ACCESS], group:default:a[ACCESS]], isVersionEnabled=false, storageType=DISK, creationTime=0} | ret=SUCCESS |  
2019-08-21 17:38:49,163 | INFO  | OMAudit | user=jenkins1000 | ip=127.0.0.1 | op=READ_VOLUME {volume=testblockoutputstream} | ret=SUCCESS |  
2019-08-21 17:38:49,164 | INFO  | OMAudit | user=jenkins1000 | ip=127.0.0.1 | op=READ_BUCKET {volume=testblockoutputstream, bucket=testblockoutputstream} | ret=SUCCESS |  
2019-08-21 17:38:49,168 | INFO  | SCMAudit | user=jenkins1000 | ip=192.168.69.88 | op=ALLOCATE_BLOCK {owner=0104a91f-d1f6-4933-a37c-3510a7f94728, size=800, type=RATIS, factor=THREE} | ret=SUCCESS |  
2019-08-21 17:38:49,172 | INFO  | OMAudit | user=jenkins1000 | ip=127.0.0.1 | op=ALLOCATE_KEY {volume=testblockoutputstream, bucket=testblockoutputstream, key=dedb13ff-e895-4bce-b6bb-e4070a28846f, dataSize=0, replicationType=RATIS, replicationFactor=THREE, keyLocationInfo=null} | ret=SUCCESS |  
2019-08-21 17:38:49,181 [grpc-default-executor-9] INFO  client.GrpcClientProtocolClient (GrpcClientProtocolClient.java:onNext(255)) - client-FB7BD17F629F->8c197040-db5a-409b-844d-bbce80f31f7a: receive RaftClientReply:client-FB7BD17F629F->8c197040-db5a-409b-844d-bbce80f31f7a@group-A0FD3ED41361, cid=183, FAILED org.apache.ratis.protocol.NotLeaderException: Server 8c197040-db5a-409b-844d-bbce80f31f7a is not the leader (null). Request must be sent to leader., logIndex=0, commits[8c197040-db5a-409b-844d-bbce80f31f7a:c-1]
2019-08-21 17:38:49,219 | INFO  | SCMAudit | user=jenkins1000 | ip=192.168.69.88 | op=SEND_HEARTBEAT {datanodeUUID=8c197040-db5a-409b-844d-bbce80f31f7a, command=[]} | ret=SUCCESS |  
2019-08-21 17:38:49,469 | INFO  | SCMAudit | user=jenkins1000 | ip=192.168.69.88 | op=SEND_HEARTBEAT {datanodeUUID=076b8a8c-935b-40a1-9166-aa87fdf8f32e, command=[]} | ret=SUCCESS |  
2019-08-21 17:38:49,709 | INFO  | SCMAudit | user=jenkins1000 | ip=192.168.69.88 | op=SEND_HEARTBEAT {datanodeUUID=57e59194-3b1d-4665-b11f-1ec0556c47eb, command=[]} | ret=SUCCESS |  
2019-08-21 17:38:49,756 | INFO  | SCMAudit | user=jenkins1000 | ip=192.168.69.88 | op=SEND_HEARTBEAT {datanodeUUID=7eca2edd-1c28-4c17-b74d-733c4dbe681b, command=[]} | ret=SUCCESS |  
2019-08-21 17:38:49,770 [Thread-3553] INFO  container.ReplicationManager (ReplicationManager.java:start(162)) - Starting Replication Monitor Thread.
2019-08-21 17:38:49,774 [ReplicationMonitor] INFO  container.ReplicationManager (ReplicationManager.java:run(225)) - Replication Monitor Thread took 0 milliseconds for processing 1 containers.
2019-08-21 17:38:49,920 | INFO  | SCMAudit | user=jenkins1000 | ip=192.168.69.88 | op=SEND_HEARTBEAT {datanodeUUID=802f8fbc-decc-4fe0-8596-5227c01e58c6, command=[]} | ret=SUCCESS |  
2019-08-21 17:38:49,984 | INFO  | SCMAudit | user=jenkins1000 | ip=192.168.69.88 | op=SEND_HEARTBEAT {datanodeUUID=d093da97-bee2-4e07-af8f-bafb3556f13f, command=[]} | ret=SUCCESS |  
2019-08-21 17:38:50,110 | INFO  | SCMAudit | user=jenkins1000 | ip=192.168.69.88 | op=SEND_HEARTBEAT {datanodeUUID=76d52cc5-9633-42a9-b84b-2c228ac1c43f, command=[]} | ret=SUCCESS |  
2019-08-21 17:38:50,198 [grpc-default-executor-9] INFO  client.GrpcClientProtocolClient (GrpcClientProtocolClient.java:onNext(255)) - client-FB7BD17F629F->7eca2edd-1c28-4c17-b74d-733c4dbe681b: receive RaftClientReply:client-FB7BD17F629F->7eca2edd-1c28-4c17-b74d-733c4dbe681b@group-A0FD3ED41361, cid=183, FAILED org.apache.ratis.protocol.NotLeaderException: Server 7eca2edd-1c28-4c17-b74d-733c4dbe681b is not the leader (null). Request must be sent to leader., logIndex=0, commits[7eca2edd-1c28-4c17-b74d-733c4dbe681b:c-1]
2019-08-21 17:38:50,219 | INFO  | SCMAudit | user=jenkins1000 | ip=192.168.69.88 | op=SEND_HEARTBEAT {datanodeUUID=8c197040-db5a-409b-844d-bbce80f31f7a, command=[]} | ret=SUCCESS |  
2019-08-21 17:38:50,470 | INFO  | SCMAudit | user=jenkins1000 | ip=192.168.69.88 | op=SEND_HEARTBEAT {datanodeUUID=076b8a8c-935b-40a1-9166-aa87fdf8f32e, command=[]} | ret=SUCCESS |  
2019-08-21 17:38:50,708 | INFO  | SCMAudit | user=jenkins1000 | ip=192.168.69.88 | op=SEND_HEARTBEAT {datanodeUUID=57e59194-3b1d-4665-b11f-1ec0556c47eb, command=[]} | ret=SUCCESS |  
2019-08-21 17:38:50,758 | INFO  | SCMAudit | user=jenkins1000 | ip=192.168.69.88 | op=SEND_HEARTBEAT {datanodeUUID=7eca2edd-1c28-4c17-b74d-733c4dbe681b, command=[]} | ret=SUCCESS |  
2019-08-21 17:38:50,920 | INFO  | SCMAudit | user=jenkins1000 | ip=192.168.69.88 | op=SEND_HEARTBEAT {datanodeUUID=802f8fbc-decc-4fe0-8596-5227c01e58c6, command=[]} | ret=SUCCESS |  
2019-08-21 17:38:50,984 | INFO  | SCMAudit | user=jenkins1000 | ip=192.168.69.88 | op=SEND_HEARTBEAT {datanodeUUID=d093da97-bee2-4e07-af8f-bafb3556f13f, command=[]} | ret=SUCCESS |  
2019-08-21 17:38:51,110 | INFO  | SCMAudit | user=jenkins1000 | ip=192.168.69.88 | op=SEND_HEARTBEAT {datanodeUUID=76d52cc5-9633-42a9-b84b-2c228ac1c43f, command=[]} | ret=SUCCESS |  
2019-08-21 17:38:51,210 [grpc-default-executor-1] INFO  client.GrpcClientProtocolClient (GrpcClientProtocolClient.java:onNext(255)) - client-FB7BD17F629F->d093da97-bee2-4e07-af8f-bafb3556f13f: receive RaftClientReply:client-FB7BD17F629F->d093da97-bee2-4e07-af8f-bafb3556f13f@group-A0FD3ED41361, cid=183, FAILED org.apache.ratis.protocol.NotLeaderException: Server d093da97-bee2-4e07-af8f-bafb3556f13f is not the leader (null). Request must be sent to leader., logIndex=0, commits[d093da97-bee2-4e07-af8f-bafb3556f13f:c-1]
2019-08-21 17:38:51,219 | INFO  | SCMAudit | user=jenkins1000 | ip=192.168.69.88 | op=SEND_HEARTBEAT {datanodeUUID=8c197040-db5a-409b-844d-bbce80f31f7a, command=[]} | ret=SUCCESS |  
2019-08-21 17:38:51,469 | INFO  | SCMAudit | user=jenkins1000 | ip=192.168.69.88 | op=SEND_HEARTBEAT {datanodeUUID=076b8a8c-935b-40a1-9166-aa87fdf8f32e, command=[]} | ret=SUCCESS |  
2019-08-21 17:38:51,708 | INFO  | SCMAudit | user=jenkins1000 | ip=192.168.69.88 | op=SEND_HEARTBEAT {datanodeUUID=57e59194-3b1d-4665-b11f-1ec0556c47eb, command=[]} | ret=SUCCESS |  
2019-08-21 17:38:51,758 | INFO  | SCMAudit | user=jenkins1000 | ip=192.168.69.88 | op=SEND_HEARTBEAT {datanodeUUID=7eca2edd-1c28-4c17-b74d-733c4dbe681b, command=[]} | ret=SUCCESS |  
2019-08-21 17:38:51,920 | INFO  | SCMAudit | user=jenkins1000 | ip=192.168.69.88 | op=SEND_HEARTBEAT {datanodeUUID=802f8fbc-decc-4fe0-8596-5227c01e58c6, command=[]} | ret=SUCCESS |  
2019-08-21 17:38:51,984 | INFO  | SCMAudit | user=jenkins1000 | ip=192.168.69.88 | op=SEND_HEARTBEAT {datanodeUUID=d093da97-bee2-4e07-af8f-bafb3556f13f, command=[]} | ret=SUCCESS |  
2019-08-21 17:38:52,018 [Thread-3555] INFO  impl.FollowerState (FollowerState.java:run(106)) - 7eca2edd-1c28-4c17-b74d-733c4dbe681b:group-BED3559ADD8F changes to CANDIDATE, lastRpcTime:5175, electionTimeout:5175ms
2019-08-21 17:38:52,018 [Thread-3555] INFO  impl.RoleInfo (RoleInfo.java:shutdownFollowerState(121)) - 7eca2edd-1c28-4c17-b74d-733c4dbe681b: shutdown FollowerState
2019-08-21 17:38:52,018 [Thread-3555] INFO  impl.RaftServerImpl (RaftServerImpl.java:setRole(171)) - 7eca2edd-1c28-4c17-b74d-733c4dbe681b:group-BED3559ADD8F changes role from FOLLOWER to CANDIDATE at term 0 for changeToCandidate
2019-08-21 17:38:52,019 [Thread-3555] INFO  impl.RoleInfo (RoleInfo.java:updateAndGet(143)) - 7eca2edd-1c28-4c17-b74d-733c4dbe681b: start LeaderElection
2019-08-21 17:38:52,043 [Thread-3558] INFO  impl.FollowerState (FollowerState.java:run(106)) - d093da97-bee2-4e07-af8f-bafb3556f13f:group-4A874FA7F551 changes to CANDIDATE, lastRpcTime:5001, electionTimeout:5001ms
2019-08-21 17:38:52,043 [Thread-3558] INFO  impl.RoleInfo (RoleInfo.java:shutdownFollowerState(121)) - d093da97-bee2-4e07-af8f-bafb3556f13f: shutdown FollowerState
2019-08-21 17:38:52,043 [Thread-3558] INFO  impl.RaftServerImpl (RaftServerImpl.java:setRole(171)) - d093da97-bee2-4e07-af8f-bafb3556f13f:group-4A874FA7F551 changes role from FOLLOWER to CANDIDATE at term 0 for changeToCandidate
2019-08-21 17:38:52,043 [Thread-3558] INFO  impl.RoleInfo (RoleInfo.java:updateAndGet(143)) - d093da97-bee2-4e07-af8f-bafb3556f13f: start LeaderElection
2019-08-21 17:38:52,052 [d093da97-bee2-4e07-af8f-bafb3556f13f:group-4A874FA7F551:LeaderElection71] INFO  impl.LeaderElection (LeaderElection.java:askForVotes(181)) - d093da97-bee2-4e07-af8f-bafb3556f13f:group-4A874FA7F551:LeaderElection71: begin an election at term 1 for -1: [d093da97-bee2-4e07-af8f-bafb3556f13f:192.168.69.88:38106], old=null
2019-08-21 17:38:52,052 [7eca2edd-1c28-4c17-b74d-733c4dbe681b:group-BED3559ADD8F:LeaderElection70] INFO  impl.LeaderElection (LeaderElection.java:askForVotes(181)) - 7eca2edd-1c28-4c17-b74d-733c4dbe681b:group-BED3559ADD8F:LeaderElection70: begin an election at term 1 for -1: [7eca2edd-1c28-4c17-b74d-733c4dbe681b:192.168.69.88:38334], old=null
2019-08-21 17:38:52,052 [d093da97-bee2-4e07-af8f-bafb3556f13f:group-4A874FA7F551:LeaderElection71] INFO  impl.RoleInfo (RoleInfo.java:shutdownLeaderElection(134)) - d093da97-bee2-4e07-af8f-bafb3556f13f: shutdown LeaderElection
2019-08-21 17:38:52,052 [7eca2edd-1c28-4c17-b74d-733c4dbe681b:group-BED3559ADD8F:LeaderElection70] INFO  impl.RoleInfo (RoleInfo.java:shutdownLeaderElection(134)) - 7eca2edd-1c28-4c17-b74d-733c4dbe681b: shutdown LeaderElection
2019-08-21 17:38:52,052 [d093da97-bee2-4e07-af8f-bafb3556f13f:group-4A874FA7F551:LeaderElection71] INFO  impl.RaftServerImpl (RaftServerImpl.java:setRole(171)) - d093da97-bee2-4e07-af8f-bafb3556f13f:group-4A874FA7F551 changes role from CANDIDATE to LEADER at term 1 for changeToLeader
2019-08-21 17:38:52,053 [7eca2edd-1c28-4c17-b74d-733c4dbe681b:group-BED3559ADD8F:LeaderElection70] INFO  impl.RaftServerImpl (RaftServerImpl.java:setRole(171)) - 7eca2edd-1c28-4c17-b74d-733c4dbe681b:group-BED3559ADD8F changes role from CANDIDATE to LEADER at term 1 for changeToLeader
2019-08-21 17:38:52,053 [d093da97-bee2-4e07-af8f-bafb3556f13f:group-4A874FA7F551:LeaderElection71] INFO  impl.RaftServerImpl (ServerState.java:setLeader(263)) - d093da97-bee2-4e07-af8f-bafb3556f13f:group-4A874FA7F551 change Leader from null to d093da97-bee2-4e07-af8f-bafb3556f13f at term 1 for becomeLeader, leader elected after 5017ms
2019-08-21 17:38:52,053 [7eca2edd-1c28-4c17-b74d-733c4dbe681b:group-BED3559ADD8F:LeaderElection70] INFO  impl.RaftServerImpl (ServerState.java:setLeader(263)) - 7eca2edd-1c28-4c17-b74d-733c4dbe681b:group-BED3559ADD8F change Leader from null to 7eca2edd-1c28-4c17-b74d-733c4dbe681b at term 1 for becomeLeader, leader elected after 5215ms
2019-08-21 17:38:52,053 [d093da97-bee2-4e07-af8f-bafb3556f13f:group-4A874FA7F551:LeaderElection71] INFO  server.RaftServerConfigKeys (ConfUtils.java:logGet(43)) - raft.server.staging.catchup.gap = 1000 (default)
2019-08-21 17:38:52,053 [7eca2edd-1c28-4c17-b74d-733c4dbe681b:group-BED3559ADD8F:LeaderElection70] INFO  server.RaftServerConfigKeys (ConfUtils.java:logGet(43)) - raft.server.staging.catchup.gap = 1000 (default)
2019-08-21 17:38:52,054 [d093da97-bee2-4e07-af8f-bafb3556f13f:group-4A874FA7F551:LeaderElection71] INFO  server.RaftServerConfigKeys (ConfUtils.java:logGet(43)) - raft.server.rpc.sleep.time = 25ms (default)
2019-08-21 17:38:52,054 [7eca2edd-1c28-4c17-b74d-733c4dbe681b:group-BED3559ADD8F:LeaderElection70] INFO  server.RaftServerConfigKeys (ConfUtils.java:logGet(43)) - raft.server.rpc.sleep.time = 25ms (default)
2019-08-21 17:38:52,054 [d093da97-bee2-4e07-af8f-bafb3556f13f:group-4A874FA7F551:LeaderElection71] INFO  server.RaftServerConfigKeys (ConfUtils.java:logGet(43)) - raft.server.write.element-limit = 4096 (default)
2019-08-21 17:38:52,054 [7eca2edd-1c28-4c17-b74d-733c4dbe681b:group-BED3559ADD8F:LeaderElection70] INFO  server.RaftServerConfigKeys (ConfUtils.java:logGet(43)) - raft.server.write.element-limit = 4096 (default)
2019-08-21 17:38:52,054 [d093da97-bee2-4e07-af8f-bafb3556f13f:group-4A874FA7F551:LeaderElection71] INFO  server.RaftServerConfigKeys (ConfUtils.java:logGet(43)) - raft.server.watch.timeout = 10s (default)
2019-08-21 17:38:52,054 [7eca2edd-1c28-4c17-b74d-733c4dbe681b:group-BED3559ADD8F:LeaderElection70] INFO  server.RaftServerConfigKeys (ConfUtils.java:logGet(43)) - raft.server.watch.timeout = 10s (default)
2019-08-21 17:38:52,054 [d093da97-bee2-4e07-af8f-bafb3556f13f:group-4A874FA7F551:LeaderElection71] INFO  server.RaftServerConfigKeys (ConfUtils.java:logGet(43)) - raft.server.watch.timeout.denomination = 1s (default)
2019-08-21 17:38:52,055 [7eca2edd-1c28-4c17-b74d-733c4dbe681b:group-BED3559ADD8F:LeaderElection70] INFO  server.RaftServerConfigKeys (ConfUtils.java:logGet(43)) - raft.server.watch.timeout.denomination = 1s (default)
2019-08-21 17:38:52,055 [d093da97-bee2-4e07-af8f-bafb3556f13f:group-4A874FA7F551:LeaderElection71] INFO  server.RaftServerConfigKeys (ConfUtils.java:logGet(43)) - raft.server.watch.element-limit = 65536 (default)
2019-08-21 17:38:52,055 [7eca2edd-1c28-4c17-b74d-733c4dbe681b:group-BED3559ADD8F:LeaderElection70] INFO  server.RaftServerConfigKeys (ConfUtils.java:logGet(43)) - raft.server.watch.element-limit = 65536 (default)
2019-08-21 17:38:52,055 [d093da97-bee2-4e07-af8f-bafb3556f13f:group-4A874FA7F551:LeaderElection71] INFO  impl.RoleInfo (RoleInfo.java:updateAndGet(143)) - d093da97-bee2-4e07-af8f-bafb3556f13f: start LeaderState
2019-08-21 17:38:52,055 [7eca2edd-1c28-4c17-b74d-733c4dbe681b:group-BED3559ADD8F:LeaderElection70] INFO  impl.RoleInfo (RoleInfo.java:updateAndGet(143)) - 7eca2edd-1c28-4c17-b74d-733c4dbe681b: start LeaderState
2019-08-21 17:38:52,056 [d093da97-bee2-4e07-af8f-bafb3556f13f:group-4A874FA7F551:LeaderElection71] INFO  segmented.SegmentedRaftLogWorker (SegmentedRaftLogWorker.java:startLogSegment(380)) - d093da97-bee2-4e07-af8f-bafb3556f13f-SegmentedRaftLogWorker:Storage Directory /workdir/hadoop-ozone/integration-test/target/test-dir/MiniOzoneClusterImpl-c619d2d6-0016-4a2b-bb48-151a7992e575/datanode-1/data/ratis/0fc31a31-edbd-473a-b719-4a874fa7f551: Starting segment from index:0
2019-08-21 17:38:52,056 [7eca2edd-1c28-4c17-b74d-733c4dbe681b:group-BED3559ADD8F:LeaderElection70] INFO  segmented.SegmentedRaftLogWorker (SegmentedRaftLogWorker.java:startLogSegment(380)) - 7eca2edd-1c28-4c17-b74d-733c4dbe681b-SegmentedRaftLogWorker:Storage Directory /workdir/hadoop-ozone/integration-test/target/test-dir/MiniOzoneClusterImpl-c619d2d6-0016-4a2b-bb48-151a7992e575/datanode-0/data/ratis/3e0e7ad7-7f08-4fdc-9e48-bed3559add8f: Starting segment from index:0
2019-08-21 17:38:52,057 [d093da97-bee2-4e07-af8f-bafb3556f13f:group-4A874FA7F551:LeaderElection71] INFO  impl.RaftServerImpl (ServerState.java:setRaftConf(361)) - d093da97-bee2-4e07-af8f-bafb3556f13f:group-4A874FA7F551 set configuration 0: [d093da97-bee2-4e07-af8f-bafb3556f13f:192.168.69.88:38106], old=null at 0
2019-08-21 17:38:52,057 [7eca2edd-1c28-4c17-b74d-733c4dbe681b:group-BED3559ADD8F:LeaderElection70] INFO  impl.RaftServerImpl (ServerState.java:setRaftConf(361)) - 7eca2edd-1c28-4c17-b74d-733c4dbe681b:group-BED3559ADD8F set configuration 0: [7eca2edd-1c28-4c17-b74d-733c4dbe681b:192.168.69.88:38334], old=null at 0
2019-08-21 17:38:52,103 [d093da97-bee2-4e07-af8f-bafb3556f13f-SegmentedRaftLogWorker:Storage Directory /workdir/hadoop-ozone/integration-test/target/test-dir/MiniOzoneClusterImpl-c619d2d6-0016-4a2b-bb48-151a7992e575/datanode-1/data/ratis/0fc31a31-edbd-473a-b719-4a874fa7f551] INFO  segmented.SegmentedRaftLogWorker (SegmentedRaftLogWorker.java:execute(569)) - d093da97-bee2-4e07-af8f-bafb3556f13f-SegmentedRaftLogWorker:Storage Directory /workdir/hadoop-ozone/integration-test/target/test-dir/MiniOzoneClusterImpl-c619d2d6-0016-4a2b-bb48-151a7992e575/datanode-1/data/ratis/0fc31a31-edbd-473a-b719-4a874fa7f551: created new log segment /workdir/hadoop-ozone/integration-test/target/test-dir/MiniOzoneClusterImpl-c619d2d6-0016-4a2b-bb48-151a7992e575/datanode-1/data/ratis/0fc31a31-edbd-473a-b719-4a874fa7f551/current/log_inprogress_0
2019-08-21 17:38:52,103 [7eca2edd-1c28-4c17-b74d-733c4dbe681b-SegmentedRaftLogWorker:Storage Directory /workdir/hadoop-ozone/integration-test/target/test-dir/MiniOzoneClusterImpl-c619d2d6-0016-4a2b-bb48-151a7992e575/datanode-0/data/ratis/3e0e7ad7-7f08-4fdc-9e48-bed3559add8f] INFO  segmented.SegmentedRaftLogWorker (SegmentedRaftLogWorker.java:execute(569)) - 7eca2edd-1c28-4c17-b74d-733c4dbe681b-SegmentedRaftLogWorker:Storage Directory /workdir/hadoop-ozone/integration-test/target/test-dir/MiniOzoneClusterImpl-c619d2d6-0016-4a2b-bb48-151a7992e575/datanode-0/data/ratis/3e0e7ad7-7f08-4fdc-9e48-bed3559add8f: created new log segment /workdir/hadoop-ozone/integration-test/target/test-dir/MiniOzoneClusterImpl-c619d2d6-0016-4a2b-bb48-151a7992e575/datanode-0/data/ratis/3e0e7ad7-7f08-4fdc-9e48-bed3559add8f/current/log_inprogress_0
2019-08-21 17:38:52,110 | INFO  | SCMAudit | user=jenkins1000 | ip=192.168.69.88 | op=SEND_HEARTBEAT {datanodeUUID=76d52cc5-9633-42a9-b84b-2c228ac1c43f, command=[]} | ret=SUCCESS |  
2019-08-21 17:38:52,218 [grpc-default-executor-9] INFO  client.GrpcClientProtocolClient (GrpcClientProtocolClient.java:onNext(255)) - client-FB7BD17F629F->7eca2edd-1c28-4c17-b74d-733c4dbe681b: receive RaftClientReply:client-FB7BD17F629F->7eca2edd-1c28-4c17-b74d-733c4dbe681b@group-A0FD3ED41361, cid=183, FAILED org.apache.ratis.protocol.NotLeaderException: Server 7eca2edd-1c28-4c17-b74d-733c4dbe681b is not the leader (null). Request must be sent to leader., logIndex=0, commits[7eca2edd-1c28-4c17-b74d-733c4dbe681b:c-1]
2019-08-21 17:38:52,222 | INFO  | SCMAudit | user=jenkins1000 | ip=192.168.69.88 | op=SEND_HEARTBEAT {datanodeUUID=8c197040-db5a-409b-844d-bbce80f31f7a, command=[]} | ret=SUCCESS |  
2019-08-21 17:38:52,397 [Thread-3564] INFO  impl.FollowerState (FollowerState.java:run(106)) - 8c197040-db5a-409b-844d-bbce80f31f7a:group-A0FD3ED41361 changes to CANDIDATE, lastRpcTime:5044, electionTimeout:5044ms
2019-08-21 17:38:52,397 [Thread-3564] INFO  impl.RoleInfo (RoleInfo.java:shutdownFollowerState(121)) - 8c197040-db5a-409b-844d-bbce80f31f7a: shutdown FollowerState
2019-08-21 17:38:52,397 [Thread-3564] INFO  impl.RaftServerImpl (RaftServerImpl.java:setRole(171)) - 8c197040-db5a-409b-844d-bbce80f31f7a:group-A0FD3ED41361 changes role from FOLLOWER to CANDIDATE at term 0 for changeToCandidate
2019-08-21 17:38:52,397 [Thread-3564] INFO  impl.RoleInfo (RoleInfo.java:updateAndGet(143)) - 8c197040-db5a-409b-844d-bbce80f31f7a: start LeaderElection
2019-08-21 17:38:52,415 [8c197040-db5a-409b-844d-bbce80f31f7a:group-A0FD3ED41361:LeaderElection72] INFO  impl.LeaderElection (LeaderElection.java:askForVotes(181)) - 8c197040-db5a-409b-844d-bbce80f31f7a:group-A0FD3ED41361:LeaderElection72: begin an election at term 1 for -1: [8c197040-db5a-409b-844d-bbce80f31f7a:192.168.69.88:45801, 7eca2edd-1c28-4c17-b74d-733c4dbe681b:192.168.69.88:38334, d093da97-bee2-4e07-af8f-bafb3556f13f:192.168.69.88:38106], old=null
2019-08-21 17:38:52,419 [grpc-default-executor-1] INFO  impl.RaftServerImpl (RaftServerImpl.java:setRole(171)) - 7eca2edd-1c28-4c17-b74d-733c4dbe681b:group-A0FD3ED41361 changes role from FOLLOWER to FOLLOWER at term 1 for recognizeCandidate:8c197040-db5a-409b-844d-bbce80f31f7a
2019-08-21 17:38:52,419 [grpc-default-executor-9] INFO  impl.RaftServerImpl (RaftServerImpl.java:setRole(171)) - d093da97-bee2-4e07-af8f-bafb3556f13f:group-A0FD3ED41361 changes role from FOLLOWER to FOLLOWER at term 1 for recognizeCandidate:8c197040-db5a-409b-844d-bbce80f31f7a
2019-08-21 17:38:52,419 [grpc-default-executor-1] INFO  impl.RoleInfo (RoleInfo.java:shutdownFollowerState(121)) - 7eca2edd-1c28-4c17-b74d-733c4dbe681b: shutdown FollowerState
2019-08-21 17:38:52,420 [grpc-default-executor-9] INFO  impl.RoleInfo (RoleInfo.java:shutdownFollowerState(121)) - d093da97-bee2-4e07-af8f-bafb3556f13f: shutdown FollowerState
2019-08-21 17:38:52,420 [grpc-default-executor-1] INFO  impl.RoleInfo (RoleInfo.java:updateAndGet(143)) - 7eca2edd-1c28-4c17-b74d-733c4dbe681b: start FollowerState
2019-08-21 17:38:52,420 [Thread-3569] INFO  impl.FollowerState (FollowerState.java:run(114)) - d093da97-bee2-4e07-af8f-bafb3556f13f: FollowerState was interrupted: java.lang.InterruptedException: sleep interrupted
2019-08-21 17:38:52,420 [grpc-default-executor-9] INFO  impl.RoleInfo (RoleInfo.java:updateAndGet(143)) - d093da97-bee2-4e07-af8f-bafb3556f13f: start FollowerState
2019-08-21 17:38:52,420 [Thread-3568] INFO  impl.FollowerState (FollowerState.java:run(114)) - 7eca2edd-1c28-4c17-b74d-733c4dbe681b: FollowerState was interrupted: java.lang.InterruptedException: sleep interrupted
2019-08-21 17:38:52,451 [8c197040-db5a-409b-844d-bbce80f31f7a:group-A0FD3ED41361:LeaderElection72] INFO  impl.LeaderElection (LeaderElection.java:logAndReturn(56)) - 8c197040-db5a-409b-844d-bbce80f31f7a:group-A0FD3ED41361:LeaderElection72: Election PASSED; received 1 response(s) [8c197040-db5a-409b-844d-bbce80f31f7a<-7eca2edd-1c28-4c17-b74d-733c4dbe681b#0:OK-t1] and 0 exception(s); 8c197040-db5a-409b-844d-bbce80f31f7a:t1, leader=null, voted=8c197040-db5a-409b-844d-bbce80f31f7a, raftlog=8c197040-db5a-409b-844d-bbce80f31f7a-SegmentedRaftLog:OPENED:c-1,f-1,i0, conf=-1: [8c197040-db5a-409b-844d-bbce80f31f7a:192.168.69.88:45801, 7eca2edd-1c28-4c17-b74d-733c4dbe681b:192.168.69.88:38334, d093da97-bee2-4e07-af8f-bafb3556f13f:192.168.69.88:38106], old=null
2019-08-21 17:38:52,451 [8c197040-db5a-409b-844d-bbce80f31f7a:group-A0FD3ED41361:LeaderElection72] INFO  impl.RoleInfo (RoleInfo.java:shutdownLeaderElection(134)) - 8c197040-db5a-409b-844d-bbce80f31f7a: shutdown LeaderElection
2019-08-21 17:38:52,452 [8c197040-db5a-409b-844d-bbce80f31f7a:group-A0FD3ED41361:LeaderElection72] INFO  impl.RaftServerImpl (RaftServerImpl.java:setRole(171)) - 8c197040-db5a-409b-844d-bbce80f31f7a:group-A0FD3ED41361 changes role from CANDIDATE to LEADER at term 1 for changeToLeader
2019-08-21 17:38:52,452 [8c197040-db5a-409b-844d-bbce80f31f7a:group-A0FD3ED41361:LeaderElection72] INFO  impl.RaftServerImpl (ServerState.java:setLeader(263)) - 8c197040-db5a-409b-844d-bbce80f31f7a:group-A0FD3ED41361 change Leader from null to 8c197040-db5a-409b-844d-bbce80f31f7a at term 1 for becomeLeader, leader elected after 5107ms
2019-08-21 17:38:52,452 [8c197040-db5a-409b-844d-bbce80f31f7a:group-A0FD3ED41361:LeaderElection72] INFO  server.RaftServerConfigKeys (ConfUtils.java:logGet(43)) - raft.server.staging.catchup.gap = 1000 (default)
2019-08-21 17:38:52,452 [8c197040-db5a-409b-844d-bbce80f31f7a:group-A0FD3ED41361:LeaderElection72] INFO  server.RaftServerConfigKeys (ConfUtils.java:logGet(43)) - raft.server.rpc.sleep.time = 25ms (default)
2019-08-21 17:38:52,452 [8c197040-db5a-409b-844d-bbce80f31f7a:group-A0FD3ED41361:LeaderElection72] INFO  server.RaftServerConfigKeys (ConfUtils.java:logGet(43)) - raft.server.write.element-limit = 4096 (default)
2019-08-21 17:38:52,452 [8c197040-db5a-409b-844d-bbce80f31f7a:group-A0FD3ED41361:LeaderElection72] INFO  server.RaftServerConfigKeys (ConfUtils.java:logGet(43)) - raft.server.watch.timeout = 10s (default)
2019-08-21 17:38:52,452 [8c197040-db5a-409b-844d-bbce80f31f7a:group-A0FD3ED41361:LeaderElection72] INFO  server.RaftServerConfigKeys (ConfUtils.java:logGet(43)) - raft.server.watch.timeout.denomination = 1s (default)
2019-08-21 17:38:52,453 [8c197040-db5a-409b-844d-bbce80f31f7a:group-A0FD3ED41361:LeaderElection72] INFO  server.RaftServerConfigKeys (ConfUtils.java:logGet(43)) - raft.server.watch.element-limit = 65536 (default)
2019-08-21 17:38:52,453 [8c197040-db5a-409b-844d-bbce80f31f7a:group-A0FD3ED41361:LeaderElection72] INFO  server.RaftServerConfigKeys (ConfUtils.java:logGet(43)) - raft.server.log.appender.snapshot.chunk.size.max = 16MB (=16777216) (default)
2019-08-21 17:38:52,453 [8c197040-db5a-409b-844d-bbce80f31f7a:group-A0FD3ED41361:LeaderElection72] INFO  server.RaftServerConfigKeys (ConfUtils.java:logGet(43)) - raft.server.log.appender.buffer.byte-limit = 33554432 (custom)
2019-08-21 17:38:52,453 [8c197040-db5a-409b-844d-bbce80f31f7a:group-A0FD3ED41361:LeaderElection72] INFO  server.RaftServerConfigKeys (ConfUtils.java:logGet(43)) - raft.server.log.appender.buffer.element-limit = 1 (custom)
2019-08-21 17:38:52,454 [8c197040-db5a-409b-844d-bbce80f31f7a:group-A0FD3ED41361:LeaderElection72] INFO  grpc.GrpcConfigKeys$Server (ConfUtils.java:logGet(43)) - raft.grpc.server.leader.outstanding.appends.max = 128 (default)
2019-08-21 17:38:52,454 [8c197040-db5a-409b-844d-bbce80f31f7a:group-A0FD3ED41361:LeaderElection72] INFO  server.RaftServerConfigKeys (ConfUtils.java:logGet(43)) - raft.server.rpc.request.timeout = 3000ms (default)
2019-08-21 17:38:52,454 [8c197040-db5a-409b-844d-bbce80f31f7a:group-A0FD3ED41361:LeaderElection72] INFO  server.RaftServerConfigKeys (ConfUtils.java:logGet(43)) - raft.server.log.appender.install.snapshot.enabled = false (custom)
2019-08-21 17:38:52,454 [8c197040-db5a-409b-844d-bbce80f31f7a:group-A0FD3ED41361:LeaderElection72] INFO  server.RaftServerConfigKeys (ConfUtils.java:logGet(43)) - raft.server.log.appender.snapshot.chunk.size.max = 16MB (=16777216) (default)
2019-08-21 17:38:52,454 [8c197040-db5a-409b-844d-bbce80f31f7a:group-A0FD3ED41361:LeaderElection72] INFO  server.RaftServerConfigKeys (ConfUtils.java:logGet(43)) - raft.server.log.appender.buffer.byte-limit = 33554432 (custom)
2019-08-21 17:38:52,455 [8c197040-db5a-409b-844d-bbce80f31f7a:group-A0FD3ED41361:LeaderElection72] INFO  server.RaftServerConfigKeys (ConfUtils.java:logGet(43)) - raft.server.log.appender.buffer.element-limit = 1 (custom)
2019-08-21 17:38:52,455 [8c197040-db5a-409b-844d-bbce80f31f7a:group-A0FD3ED41361:LeaderElection72] INFO  grpc.GrpcConfigKeys$Server (ConfUtils.java:logGet(43)) - raft.grpc.server.leader.outstanding.appends.max = 128 (default)
2019-08-21 17:38:52,455 [8c197040-db5a-409b-844d-bbce80f31f7a:group-A0FD3ED41361:LeaderElection72] INFO  server.RaftServerConfigKeys (ConfUtils.java:logGet(43)) - raft.server.rpc.request.timeout = 3000ms (default)
2019-08-21 17:38:52,455 [8c197040-db5a-409b-844d-bbce80f31f7a:group-A0FD3ED41361:LeaderElection72] INFO  server.RaftServerConfigKeys (ConfUtils.java:logGet(43)) - raft.server.log.appender.install.snapshot.enabled = false (custom)
2019-08-21 17:38:52,455 [8c197040-db5a-409b-844d-bbce80f31f7a:group-A0FD3ED41361:LeaderElection72] INFO  impl.RoleInfo (RoleInfo.java:updateAndGet(143)) - 8c197040-db5a-409b-844d-bbce80f31f7a: start LeaderState
2019-08-21 17:38:52,456 [8c197040-db5a-409b-844d-bbce80f31f7a:group-A0FD3ED41361:LeaderElection72] INFO  segmented.SegmentedRaftLogWorker (SegmentedRaftLogWorker.java:startLogSegment(380)) - 8c197040-db5a-409b-844d-bbce80f31f7a-SegmentedRaftLogWorker:Storage Directory /workdir/hadoop-ozone/integration-test/target/test-dir/MiniOzoneClusterImpl-c619d2d6-0016-4a2b-bb48-151a7992e575/datanode-2/data/ratis/063cef92-52c6-41d5-9d3d-a0fd3ed41361: Starting segment from index:0
2019-08-21 17:38:52,456 [8c197040-db5a-409b-844d-bbce80f31f7a:group-A0FD3ED41361:LeaderElection72] INFO  impl.RaftServerImpl (ServerState.java:setRaftConf(361)) - 8c197040-db5a-409b-844d-bbce80f31f7a:group-A0FD3ED41361 set configuration 0: [8c197040-db5a-409b-844d-bbce80f31f7a:192.168.69.88:45801, 7eca2edd-1c28-4c17-b74d-733c4dbe681b:192.168.69.88:38334, d093da97-bee2-4e07-af8f-bafb3556f13f:192.168.69.88:38106], old=null at 0
2019-08-21 17:38:52,493 [Thread-3561] INFO  impl.FollowerState (FollowerState.java:run(106)) - 8c197040-db5a-409b-844d-bbce80f31f7a:group-F136FBEB3874 changes to CANDIDATE, lastRpcTime:5218, electionTimeout:5199ms
2019-08-21 17:38:52,493 [Thread-3561] INFO  impl.RoleInfo (RoleInfo.java:shutdownFollowerState(121)) - 8c197040-db5a-409b-844d-bbce80f31f7a: shutdown FollowerState
2019-08-21 17:38:52,493 [Thread-3561] INFO  impl.RaftServerImpl (RaftServerImpl.java:setRole(171)) - 8c197040-db5a-409b-844d-bbce80f31f7a:group-F136FBEB3874 changes role from FOLLOWER to CANDIDATE at term 0 for changeToCandidate
2019-08-21 17:38:52,493 [Thread-3561] INFO  impl.RoleInfo (RoleInfo.java:updateAndGet(143)) - 8c197040-db5a-409b-844d-bbce80f31f7a: start LeaderElection
2019-08-21 17:38:52,494 | INFO  | SCMAudit | user=jenkins1000 | ip=192.168.69.88 | op=SEND_HEARTBEAT {datanodeUUID=076b8a8c-935b-40a1-9166-aa87fdf8f32e, command=[]} | ret=SUCCESS |  
2019-08-21 17:38:52,497 [grpc-default-executor-9] INFO  impl.RaftServerImpl (ServerState.java:setLeader(263)) - d093da97-bee2-4e07-af8f-bafb3556f13f:group-A0FD3ED41361 change Leader from null to 8c197040-db5a-409b-844d-bbce80f31f7a at term 1 for appendEntries, leader elected after 5152ms
2019-08-21 17:38:52,497 [grpc-default-executor-1] INFO  impl.RaftServerImpl (ServerState.java:setLeader(263)) - 7eca2edd-1c28-4c17-b74d-733c4dbe681b:group-A0FD3ED41361 change Leader from null to 8c197040-db5a-409b-844d-bbce80f31f7a at term 1 for appendEntries, leader elected after 5153ms
2019-08-21 17:38:52,509 [8c197040-db5a-409b-844d-bbce80f31f7a-SegmentedRaftLogWorker:Storage Directory /workdir/hadoop-ozone/integration-test/target/test-dir/MiniOzoneClusterImpl-c619d2d6-0016-4a2b-bb48-151a7992e575/datanode-2/data/ratis/063cef92-52c6-41d5-9d3d-a0fd3ed41361] INFO  segmented.SegmentedRaftLogWorker (SegmentedRaftLogWorker.java:execute(569)) - 8c197040-db5a-409b-844d-bbce80f31f7a-SegmentedRaftLogWorker:Storage Directory /workdir/hadoop-ozone/integration-test/target/test-dir/MiniOzoneClusterImpl-c619d2d6-0016-4a2b-bb48-151a7992e575/datanode-2/data/ratis/063cef92-52c6-41d5-9d3d-a0fd3ed41361: created new log segment /workdir/hadoop-ozone/integration-test/target/test-dir/MiniOzoneClusterImpl-c619d2d6-0016-4a2b-bb48-151a7992e575/datanode-2/data/ratis/063cef92-52c6-41d5-9d3d-a0fd3ed41361/current/log_inprogress_0
2019-08-21 17:38:52,509 [8c197040-db5a-409b-844d-bbce80f31f7a:group-F136FBEB3874:LeaderElection73] INFO  impl.LeaderElection (LeaderElection.java:askForVotes(181)) - 8c197040-db5a-409b-844d-bbce80f31f7a:group-F136FBEB3874:LeaderElection73: begin an election at term 1 for -1: [8c197040-db5a-409b-844d-bbce80f31f7a:192.168.69.88:45801], old=null
2019-08-21 17:38:52,509 [8c197040-db5a-409b-844d-bbce80f31f7a:group-F136FBEB3874:LeaderElection73] INFO  impl.RoleInfo (RoleInfo.java:shutdownLeaderElection(134)) - 8c197040-db5a-409b-844d-bbce80f31f7a: shutdown LeaderElection
2019-08-21 17:38:52,509 [8c197040-db5a-409b-844d-bbce80f31f7a:group-F136FBEB3874:LeaderElection73] INFO  impl.RaftServerImpl (RaftServerImpl.java:setRole(171)) - 8c197040-db5a-409b-844d-bbce80f31f7a:group-F136FBEB3874 changes role from CANDIDATE to LEADER at term 1 for changeToLeader
2019-08-21 17:38:52,509 [8c197040-db5a-409b-844d-bbce80f31f7a:group-F136FBEB3874:LeaderElection73] INFO  impl.RaftServerImpl (ServerState.java:setLeader(263)) - 8c197040-db5a-409b-844d-bbce80f31f7a:group-F136FBEB3874 change Leader from null to 8c197040-db5a-409b-844d-bbce80f31f7a at term 1 for becomeLeader, leader elected after 5238ms
2019-08-21 17:38:52,509 [8c197040-db5a-409b-844d-bbce80f31f7a:group-F136FBEB3874:LeaderElection73] INFO  server.RaftServerConfigKeys (ConfUtils.java:logGet(43)) - raft.server.staging.catchup.gap = 1000 (default)
2019-08-21 17:38:52,510 [8c197040-db5a-409b-844d-bbce80f31f7a:group-F136FBEB3874:LeaderElection73] INFO  server.RaftServerConfigKeys (ConfUtils.java:logGet(43)) - raft.server.rpc.sleep.time = 25ms (default)
2019-08-21 17:38:52,510 [8c197040-db5a-409b-844d-bbce80f31f7a:group-F136FBEB3874:LeaderElection73] INFO  server.RaftServerConfigKeys (ConfUtils.java:logGet(43)) - raft.server.write.element-limit = 4096 (default)
2019-08-21 17:38:52,510 [8c197040-db5a-409b-844d-bbce80f31f7a:group-F136FBEB3874:LeaderElection73] INFO  server.RaftServerConfigKeys (ConfUtils.java:logGet(43)) - raft.server.watch.timeout = 10s (default)
2019-08-21 17:38:52,510 [8c197040-db5a-409b-844d-bbce80f31f7a:group-F136FBEB3874:LeaderElection73] INFO  server.RaftServerConfigKeys (ConfUtils.java:logGet(43)) - raft.server.watch.timeout.denomination = 1s (default)
2019-08-21 17:38:52,512 [grpc-default-executor-1] INFO  impl.RaftServerImpl (ServerState.java:setRaftConf(361)) - 7eca2edd-1c28-4c17-b74d-733c4dbe681b:group-A0FD3ED41361 set configuration 0: [8c197040-db5a-409b-844d-bbce80f31f7a:192.168.69.88:45801, 7eca2edd-1c28-4c17-b74d-733c4dbe681b:192.168.69.88:38334, d093da97-bee2-4e07-af8f-bafb3556f13f:192.168.69.88:38106], old=null at 0
2019-08-21 17:38:52,513 [grpc-default-executor-9] INFO  impl.RaftServerImpl (ServerState.java:setRaftConf(361)) - d093da97-bee2-4e07-af8f-bafb3556f13f:group-A0FD3ED41361 set configuration 0: [8c197040-db5a-409b-844d-bbce80f31f7a:192.168.69.88:45801, 7eca2edd-1c28-4c17-b74d-733c4dbe681b:192.168.69.88:38334, d093da97-bee2-4e07-af8f-bafb3556f13f:192.168.69.88:38106], old=null at 0
2019-08-21 17:38:52,513 [8c197040-db5a-409b-844d-bbce80f31f7a:group-F136FBEB3874:LeaderElection73] INFO  server.RaftServerConfigKeys (ConfUtils.java:logGet(43)) - raft.server.watch.element-limit = 65536 (default)
2019-08-21 17:38:52,513 [grpc-default-executor-9] INFO  segmented.SegmentedRaftLogWorker (SegmentedRaftLogWorker.java:startLogSegment(380)) - d093da97-bee2-4e07-af8f-bafb3556f13f-SegmentedRaftLogWorker:Storage Directory /workdir/hadoop-ozone/integration-test/target/test-dir/MiniOzoneClusterImpl-c619d2d6-0016-4a2b-bb48-151a7992e575/datanode-1/data/ratis/063cef92-52c6-41d5-9d3d-a0fd3ed41361: Starting segment from index:0
2019-08-21 17:38:52,513 [grpc-default-executor-1] INFO  segmented.SegmentedRaftLogWorker (SegmentedRaftLogWorker.java:startLogSegment(380)) - 7eca2edd-1c28-4c17-b74d-733c4dbe681b-SegmentedRaftLogWorker:Storage Directory /workdir/hadoop-ozone/integration-test/target/test-dir/MiniOzoneClusterImpl-c619d2d6-0016-4a2b-bb48-151a7992e575/datanode-0/data/ratis/063cef92-52c6-41d5-9d3d-a0fd3ed41361: Starting segment from index:0
2019-08-21 17:38:52,513 [8c197040-db5a-409b-844d-bbce80f31f7a:group-F136FBEB3874:LeaderElection73] INFO  impl.RoleInfo (RoleInfo.java:updateAndGet(143)) - 8c197040-db5a-409b-844d-bbce80f31f7a: start LeaderState
2019-08-21 17:38:52,514 [8c197040-db5a-409b-844d-bbce80f31f7a:group-F136FBEB3874:LeaderElection73] INFO  segmented.SegmentedRaftLogWorker (SegmentedRaftLogWorker.java:startLogSegment(380)) - 8c197040-db5a-409b-844d-bbce80f31f7a-SegmentedRaftLogWorker:Storage Directory /workdir/hadoop-ozone/integration-test/target/test-dir/MiniOzoneClusterImpl-c619d2d6-0016-4a2b-bb48-151a7992e575/datanode-2/data/ratis/d9938e08-f084-4a5d-a8f7-f136fbeb3874: Starting segment from index:0
2019-08-21 17:38:52,514 [8c197040-db5a-409b-844d-bbce80f31f7a:group-F136FBEB3874:LeaderElection73] INFO  impl.RaftServerImpl (ServerState.java:setRaftConf(361)) - 8c197040-db5a-409b-844d-bbce80f31f7a:group-F136FBEB3874 set configuration 0: [8c197040-db5a-409b-844d-bbce80f31f7a:192.168.69.88:45801], old=null at 0
2019-08-21 17:38:52,567 [7eca2edd-1c28-4c17-b74d-733c4dbe681b-SegmentedRaftLogWorker:Storage Directory /workdir/hadoop-ozone/integration-test/target/test-dir/MiniOzoneClusterImpl-c619d2d6-0016-4a2b-bb48-151a7992e575/datanode-0/data/ratis/063cef92-52c6-41d5-9d3d-a0fd3ed41361] INFO  segmented.SegmentedRaftLogWorker (SegmentedRaftLogWorker.java:execute(569)) - 7eca2edd-1c28-4c17-b74d-733c4dbe681b-SegmentedRaftLogWorker:Storage Directory /workdir/hadoop-ozone/integration-test/target/test-dir/MiniOzoneClusterImpl-c619d2d6-0016-4a2b-bb48-151a7992e575/datanode-0/data/ratis/063cef92-52c6-41d5-9d3d-a0fd3ed41361: created new log segment /workdir/hadoop-ozone/integration-test/target/test-dir/MiniOzoneClusterImpl-c619d2d6-0016-4a2b-bb48-151a7992e575/datanode-0/data/ratis/063cef92-52c6-41d5-9d3d-a0fd3ed41361/current/log_inprogress_0
2019-08-21 17:38:52,568 [d093da97-bee2-4e07-af8f-bafb3556f13f-SegmentedRaftLogWorker:Storage Directory /workdir/hadoop-ozone/integration-test/target/test-dir/MiniOzoneClusterImpl-c619d2d6-0016-4a2b-bb48-151a7992e575/datanode-1/data/ratis/063cef92-52c6-41d5-9d3d-a0fd3ed41361] INFO  segmented.SegmentedRaftLogWorker (SegmentedRaftLogWorker.java:execute(569)) - d093da97-bee2-4e07-af8f-bafb3556f13f-SegmentedRaftLogWorker:Storage Directory /workdir/hadoop-ozone/integration-test/target/test-dir/MiniOzoneClusterImpl-c619d2d6-0016-4a2b-bb48-151a7992e575/datanode-1/data/ratis/063cef92-52c6-41d5-9d3d-a0fd3ed41361: created new log segment /workdir/hadoop-ozone/integration-test/target/test-dir/MiniOzoneClusterImpl-c619d2d6-0016-4a2b-bb48-151a7992e575/datanode-1/data/ratis/063cef92-52c6-41d5-9d3d-a0fd3ed41361/current/log_inprogress_0
2019-08-21 17:38:52,567 [8c197040-db5a-409b-844d-bbce80f31f7a-SegmentedRaftLogWorker:Storage Directory /workdir/hadoop-ozone/integration-test/target/test-dir/MiniOzoneClusterImpl-c619d2d6-0016-4a2b-bb48-151a7992e575/datanode-2/data/ratis/d9938e08-f084-4a5d-a8f7-f136fbeb3874] INFO  segmented.SegmentedRaftLogWorker (SegmentedRaftLogWorker.java:execute(569)) - 8c197040-db5a-409b-844d-bbce80f31f7a-SegmentedRaftLogWorker:Storage Directory /workdir/hadoop-ozone/integration-test/target/test-dir/MiniOzoneClusterImpl-c619d2d6-0016-4a2b-bb48-151a7992e575/datanode-2/data/ratis/d9938e08-f084-4a5d-a8f7-f136fbeb3874: created new log segment /workdir/hadoop-ozone/integration-test/target/test-dir/MiniOzoneClusterImpl-c619d2d6-0016-4a2b-bb48-151a7992e575/datanode-2/data/ratis/d9938e08-f084-4a5d-a8f7-f136fbeb3874/current/log_inprogress_0
2019-08-21 17:38:52,583 [Thread-3573] INFO  impl.FollowerState (FollowerState.java:run(106)) - 076b8a8c-935b-40a1-9166-aa87fdf8f32e:group-EB983F72D836 changes to CANDIDATE, lastRpcTime:5057, electionTimeout:5057ms
2019-08-21 17:38:52,583 [Thread-3573] INFO  impl.RoleInfo (RoleInfo.java:shutdownFollowerState(121)) - 076b8a8c-935b-40a1-9166-aa87fdf8f32e: shutdown FollowerState
2019-08-21 17:38:52,583 [Thread-3573] INFO  impl.RaftServerImpl (RaftServerImpl.java:setRole(171)) - 076b8a8c-935b-40a1-9166-aa87fdf8f32e:group-EB983F72D836 changes role from FOLLOWER to CANDIDATE at term 0 for changeToCandidate
2019-08-21 17:38:52,584 [Thread-3573] INFO  impl.RoleInfo (RoleInfo.java:updateAndGet(143)) - 076b8a8c-935b-40a1-9166-aa87fdf8f32e: start LeaderElection
2019-08-21 17:38:52,598 [076b8a8c-935b-40a1-9166-aa87fdf8f32e:group-EB983F72D836:LeaderElection74] INFO  impl.LeaderElection (LeaderElection.java:askForVotes(181)) - 076b8a8c-935b-40a1-9166-aa87fdf8f32e:group-EB983F72D836:LeaderElection74: begin an election at term 1 for -1: [076b8a8c-935b-40a1-9166-aa87fdf8f32e:192.168.69.88:37700], old=null
2019-08-21 17:38:52,598 [076b8a8c-935b-40a1-9166-aa87fdf8f32e:group-EB983F72D836:LeaderElection74] INFO  impl.RoleInfo (RoleInfo.java:shutdownLeaderElection(134)) - 076b8a8c-935b-40a1-9166-aa87fdf8f32e: shutdown LeaderElection
2019-08-21 17:38:52,598 [076b8a8c-935b-40a1-9166-aa87fdf8f32e:group-EB983F72D836:LeaderElection74] INFO  impl.RaftServerImpl (RaftServerImpl.java:setRole(171)) - 076b8a8c-935b-40a1-9166-aa87fdf8f32e:group-EB983F72D836 changes role from CANDIDATE to LEADER at term 1 for changeToLeader
2019-08-21 17:38:52,598 [076b8a8c-935b-40a1-9166-aa87fdf8f32e:group-EB983F72D836:LeaderElection74] INFO  impl.RaftServerImpl (ServerState.java:setLeader(263)) - 076b8a8c-935b-40a1-9166-aa87fdf8f32e:group-EB983F72D836 change Leader from null to 076b8a8c-935b-40a1-9166-aa87fdf8f32e at term 1 for becomeLeader, leader elected after 5077ms
2019-08-21 17:38:52,599 [076b8a8c-935b-40a1-9166-aa87fdf8f32e:group-EB983F72D836:LeaderElection74] INFO  server.RaftServerConfigKeys (ConfUtils.java:logGet(43)) - raft.server.staging.catchup.gap = 1000 (default)
2019-08-21 17:38:52,599 [076b8a8c-935b-40a1-9166-aa87fdf8f32e:group-EB983F72D836:LeaderElection74] INFO  server.RaftServerConfigKeys (ConfUtils.java:logGet(43)) - raft.server.rpc.sleep.time = 25ms (default)
2019-08-21 17:38:52,599 [076b8a8c-935b-40a1-9166-aa87fdf8f32e:group-EB983F72D836:LeaderElection74] INFO  server.RaftServerConfigKeys (ConfUtils.java:logGet(43)) - raft.server.write.element-limit = 4096 (default)
2019-08-21 17:38:52,599 [076b8a8c-935b-40a1-9166-aa87fdf8f32e:group-EB983F72D836:LeaderElection74] INFO  server.RaftServerConfigKeys (ConfUtils.java:logGet(43)) - raft.server.watch.timeout = 10s (default)
2019-08-21 17:38:52,599 [076b8a8c-935b-40a1-9166-aa87fdf8f32e:group-EB983F72D836:LeaderElection74] INFO  server.RaftServerConfigKeys (ConfUtils.java:logGet(43)) - raft.server.watch.timeout.denomination = 1s (default)
2019-08-21 17:38:52,599 [076b8a8c-935b-40a1-9166-aa87fdf8f32e:group-EB983F72D836:LeaderElection74] INFO  server.RaftServerConfigKeys (ConfUtils.java:logGet(43)) - raft.server.watch.element-limit = 65536 (default)
2019-08-21 17:38:52,600 [076b8a8c-935b-40a1-9166-aa87fdf8f32e:group-EB983F72D836:LeaderElection74] INFO  impl.RoleInfo (RoleInfo.java:updateAndGet(143)) - 076b8a8c-935b-40a1-9166-aa87fdf8f32e: start LeaderState
2019-08-21 17:38:52,600 [076b8a8c-935b-40a1-9166-aa87fdf8f32e:group-EB983F72D836:LeaderElection74] INFO  segmented.SegmentedRaftLogWorker (SegmentedRaftLogWorker.java:startLogSegment(380)) - 076b8a8c-935b-40a1-9166-aa87fdf8f32e-SegmentedRaftLogWorker:Storage Directory /workdir/hadoop-ozone/integration-test/target/test-dir/MiniOzoneClusterImpl-c619d2d6-0016-4a2b-bb48-151a7992e575/datanode-3/data/ratis/fdd7aed2-df6d-4b30-bc8e-eb983f72d836: Starting segment from index:0
2019-08-21 17:38:52,600 [076b8a8c-935b-40a1-9166-aa87fdf8f32e:group-EB983F72D836:LeaderElection74] INFO  impl.RaftServerImpl (ServerState.java:setRaftConf(361)) - 076b8a8c-935b-40a1-9166-aa87fdf8f32e:group-EB983F72D836 set configuration 0: [076b8a8c-935b-40a1-9166-aa87fdf8f32e:192.168.69.88:37700], old=null at 0
2019-08-21 17:38:52,651 [076b8a8c-935b-40a1-9166-aa87fdf8f32e-SegmentedRaftLogWorker:Storage Directory /workdir/hadoop-ozone/integration-test/target/test-dir/MiniOzoneClusterImpl-c619d2d6-0016-4a2b-bb48-151a7992e575/datanode-3/data/ratis/fdd7aed2-df6d-4b30-bc8e-eb983f72d836] INFO  segmented.SegmentedRaftLogWorker (SegmentedRaftLogWorker.java:execute(569)) - 076b8a8c-935b-40a1-9166-aa87fdf8f32e-SegmentedRaftLogWorker:Storage Directory /workdir/hadoop-ozone/integration-test/target/test-dir/MiniOzoneClusterImpl-c619d2d6-0016-4a2b-bb48-151a7992e575/datanode-3/data/ratis/fdd7aed2-df6d-4b30-bc8e-eb983f72d836: created new log segment /workdir/hadoop-ozone/integration-test/target/test-dir/MiniOzoneClusterImpl-c619d2d6-0016-4a2b-bb48-151a7992e575/datanode-3/data/ratis/fdd7aed2-df6d-4b30-bc8e-eb983f72d836/current/log_inprogress_0
2019-08-21 17:38:52,708 | INFO  | SCMAudit | user=jenkins1000 | ip=192.168.69.88 | op=SEND_HEARTBEAT {datanodeUUID=57e59194-3b1d-4665-b11f-1ec0556c47eb, command=[]} | ret=SUCCESS |  
2019-08-21 17:38:52,758 | INFO  | SCMAudit | user=jenkins1000 | ip=192.168.69.88 | op=SEND_HEARTBEAT {datanodeUUID=7eca2edd-1c28-4c17-b74d-733c4dbe681b, command=[]} | ret=SUCCESS |  
2019-08-21 17:38:52,912 [Thread-3576] INFO  impl.FollowerState (FollowerState.java:run(106)) - 57e59194-3b1d-4665-b11f-1ec0556c47eb:group-499BD1497D99 changes to CANDIDATE, lastRpcTime:5128, electionTimeout:5128ms
2019-08-21 17:38:52,912 [Thread-3576] INFO  impl.RoleInfo (RoleInfo.java:shutdownFollowerState(121)) - 57e59194-3b1d-4665-b11f-1ec0556c47eb: shutdown FollowerState
2019-08-21 17:38:52,913 [Thread-3576] INFO  impl.RaftServerImpl (RaftServerImpl.java:setRole(171)) - 57e59194-3b1d-4665-b11f-1ec0556c47eb:group-499BD1497D99 changes role from FOLLOWER to CANDIDATE at term 0 for changeToCandidate
2019-08-21 17:38:52,913 [Thread-3576] INFO  impl.RoleInfo (RoleInfo.java:updateAndGet(143)) - 57e59194-3b1d-4665-b11f-1ec0556c47eb: start LeaderElection
2019-08-21 17:38:52,920 | INFO  | SCMAudit | user=jenkins1000 | ip=192.168.69.88 | op=SEND_HEARTBEAT {datanodeUUID=802f8fbc-decc-4fe0-8596-5227c01e58c6, command=[]} | ret=SUCCESS |  
2019-08-21 17:38:52,943 [57e59194-3b1d-4665-b11f-1ec0556c47eb:group-499BD1497D99:LeaderElection75] INFO  impl.LeaderElection (LeaderElection.java:askForVotes(181)) - 57e59194-3b1d-4665-b11f-1ec0556c47eb:group-499BD1497D99:LeaderElection75: begin an election at term 1 for -1: [57e59194-3b1d-4665-b11f-1ec0556c47eb:192.168.69.88:45230], old=null
2019-08-21 17:38:52,944 [57e59194-3b1d-4665-b11f-1ec0556c47eb:group-499BD1497D99:LeaderElection75] INFO  impl.RoleInfo (RoleInfo.java:shutdownLeaderElection(134)) - 57e59194-3b1d-4665-b11f-1ec0556c47eb: shutdown LeaderElection
2019-08-21 17:38:52,944 [57e59194-3b1d-4665-b11f-1ec0556c47eb:group-499BD1497D99:LeaderElection75] INFO  impl.RaftServerImpl (RaftServerImpl.java:setRole(171)) - 57e59194-3b1d-4665-b11f-1ec0556c47eb:group-499BD1497D99 changes role from CANDIDATE to LEADER at term 1 for changeToLeader
2019-08-21 17:38:52,944 [57e59194-3b1d-4665-b11f-1ec0556c47eb:group-499BD1497D99:LeaderElection75] INFO  impl.RaftServerImpl (ServerState.java:setLeader(263)) - 57e59194-3b1d-4665-b11f-1ec0556c47eb:group-499BD1497D99 change Leader from null to 57e59194-3b1d-4665-b11f-1ec0556c47eb at term 1 for becomeLeader, leader elected after 5163ms
2019-08-21 17:38:52,944 [57e59194-3b1d-4665-b11f-1ec0556c47eb:group-499BD1497D99:LeaderElection75] INFO  server.RaftServerConfigKeys (ConfUtils.java:logGet(43)) - raft.server.staging.catchup.gap = 1000 (default)
2019-08-21 17:38:52,944 [57e59194-3b1d-4665-b11f-1ec0556c47eb:group-499BD1497D99:LeaderElection75] INFO  server.RaftServerConfigKeys (ConfUtils.java:logGet(43)) - raft.server.rpc.sleep.time = 25ms (default)
2019-08-21 17:38:52,944 [57e59194-3b1d-4665-b11f-1ec0556c47eb:group-499BD1497D99:LeaderElection75] INFO  server.RaftServerConfigKeys (ConfUtils.java:logGet(43)) - raft.server.write.element-limit = 4096 (default)
2019-08-21 17:38:52,945 [57e59194-3b1d-4665-b11f-1ec0556c47eb:group-499BD1497D99:LeaderElection75] INFO  server.RaftServerConfigKeys (ConfUtils.java:logGet(43)) - raft.server.watch.timeout = 10s (default)
2019-08-21 17:38:52,945 [57e59194-3b1d-4665-b11f-1ec0556c47eb:group-499BD1497D99:LeaderElection75] INFO  server.RaftServerConfigKeys (ConfUtils.java:logGet(43)) - raft.server.watch.timeout.denomination = 1s (default)
2019-08-21 17:38:52,945 [57e59194-3b1d-4665-b11f-1ec0556c47eb:group-499BD1497D99:LeaderElection75] INFO  server.RaftServerConfigKeys (ConfUtils.java:logGet(43)) - raft.server.watch.element-limit = 65536 (default)
2019-08-21 17:38:52,945 [57e59194-3b1d-4665-b11f-1ec0556c47eb:group-499BD1497D99:LeaderElection75] INFO  impl.RoleInfo (RoleInfo.java:updateAndGet(143)) - 57e59194-3b1d-4665-b11f-1ec0556c47eb: start LeaderState
2019-08-21 17:38:52,945 [57e59194-3b1d-4665-b11f-1ec0556c47eb:group-499BD1497D99:LeaderElection75] INFO  segmented.SegmentedRaftLogWorker (SegmentedRaftLogWorker.java:startLogSegment(380)) - 57e59194-3b1d-4665-b11f-1ec0556c47eb-SegmentedRaftLogWorker:Storage Directory /workdir/hadoop-ozone/integration-test/target/test-dir/MiniOzoneClusterImpl-c619d2d6-0016-4a2b-bb48-151a7992e575/datanode-4/data/ratis/19f6c661-e1cf-40ae-b255-499bd1497d99: Starting segment from index:0
2019-08-21 17:38:52,946 [57e59194-3b1d-4665-b11f-1ec0556c47eb:group-499BD1497D99:LeaderElection75] INFO  impl.RaftServerImpl (ServerState.java:setRaftConf(361)) - 57e59194-3b1d-4665-b11f-1ec0556c47eb:group-499BD1497D99 set configuration 0: [57e59194-3b1d-4665-b11f-1ec0556c47eb:192.168.69.88:45230], old=null at 0
2019-08-21 17:38:52,984 | INFO  | SCMAudit | user=jenkins1000 | ip=192.168.69.88 | op=SEND_HEARTBEAT {datanodeUUID=d093da97-bee2-4e07-af8f-bafb3556f13f, command=[]} | ret=SUCCESS |  
2019-08-21 17:38:53,000 [Thread-3579] INFO  impl.FollowerState (FollowerState.java:run(106)) - 802f8fbc-decc-4fe0-8596-5227c01e58c6:group-1AD2519776B6 changes to CANDIDATE, lastRpcTime:5018, electionTimeout:5018ms
2019-08-21 17:38:53,000 [Thread-3579] INFO  impl.RoleInfo (RoleInfo.java:shutdownFollowerState(121)) - 802f8fbc-decc-4fe0-8596-5227c01e58c6: shutdown FollowerState
2019-08-21 17:38:53,000 [Thread-3579] INFO  impl.RaftServerImpl (RaftServerImpl.java:setRole(171)) - 802f8fbc-decc-4fe0-8596-5227c01e58c6:group-1AD2519776B6 changes role from FOLLOWER to CANDIDATE at term 0 for changeToCandidate
2019-08-21 17:38:53,000 [Thread-3579] INFO  impl.RoleInfo (RoleInfo.java:updateAndGet(143)) - 802f8fbc-decc-4fe0-8596-5227c01e58c6: start LeaderElection
2019-08-21 17:38:53,007 [57e59194-3b1d-4665-b11f-1ec0556c47eb-SegmentedRaftLogWorker:Storage Directory /workdir/hadoop-ozone/integration-test/target/test-dir/MiniOzoneClusterImpl-c619d2d6-0016-4a2b-bb48-151a7992e575/datanode-4/data/ratis/19f6c661-e1cf-40ae-b255-499bd1497d99] INFO  segmented.SegmentedRaftLogWorker (SegmentedRaftLogWorker.java:execute(569)) - 57e59194-3b1d-4665-b11f-1ec0556c47eb-SegmentedRaftLogWorker:Storage Directory /workdir/hadoop-ozone/integration-test/target/test-dir/MiniOzoneClusterImpl-c619d2d6-0016-4a2b-bb48-151a7992e575/datanode-4/data/ratis/19f6c661-e1cf-40ae-b255-499bd1497d99: created new log segment /workdir/hadoop-ozone/integration-test/target/test-dir/MiniOzoneClusterImpl-c619d2d6-0016-4a2b-bb48-151a7992e575/datanode-4/data/ratis/19f6c661-e1cf-40ae-b255-499bd1497d99/current/log_inprogress_0
2019-08-21 17:38:53,022 [802f8fbc-decc-4fe0-8596-5227c01e58c6:group-1AD2519776B6:LeaderElection76] INFO  impl.LeaderElection (LeaderElection.java:askForVotes(181)) - 802f8fbc-decc-4fe0-8596-5227c01e58c6:group-1AD2519776B6:LeaderElection76: begin an election at term 1 for -1: [802f8fbc-decc-4fe0-8596-5227c01e58c6:192.168.69.88:44406], old=null
2019-08-21 17:38:53,022 [802f8fbc-decc-4fe0-8596-5227c01e58c6:group-1AD2519776B6:LeaderElection76] INFO  impl.RoleInfo (RoleInfo.java:shutdownLeaderElection(134)) - 802f8fbc-decc-4fe0-8596-5227c01e58c6: shutdown LeaderElection
2019-08-21 17:38:53,022 [802f8fbc-decc-4fe0-8596-5227c01e58c6:group-1AD2519776B6:LeaderElection76] INFO  impl.RaftServerImpl (RaftServerImpl.java:setRole(171)) - 802f8fbc-decc-4fe0-8596-5227c01e58c6:group-1AD2519776B6 changes role from CANDIDATE to LEADER at term 1 for changeToLeader
2019-08-21 17:38:53,022 [802f8fbc-decc-4fe0-8596-5227c01e58c6:group-1AD2519776B6:LeaderElection76] INFO  impl.RaftServerImpl (ServerState.java:setLeader(263)) - 802f8fbc-decc-4fe0-8596-5227c01e58c6:group-1AD2519776B6 change Leader from null to 802f8fbc-decc-4fe0-8596-5227c01e58c6 at term 1 for becomeLeader, leader elected after 5045ms
2019-08-21 17:38:53,022 [802f8fbc-decc-4fe0-8596-5227c01e58c6:group-1AD2519776B6:LeaderElection76] INFO  server.RaftServerConfigKeys (ConfUtils.java:logGet(43)) - raft.server.staging.catchup.gap = 1000 (default)
2019-08-21 17:38:53,023 [802f8fbc-decc-4fe0-8596-5227c01e58c6:group-1AD2519776B6:LeaderElection76] INFO  server.RaftServerConfigKeys (ConfUtils.java:logGet(43)) - raft.server.rpc.sleep.time = 25ms (default)
2019-08-21 17:38:53,023 [802f8fbc-decc-4fe0-8596-5227c01e58c6:group-1AD2519776B6:LeaderElection76] INFO  server.RaftServerConfigKeys (ConfUtils.java:logGet(43)) - raft.server.write.element-limit = 4096 (default)
2019-08-21 17:38:53,023 [802f8fbc-decc-4fe0-8596-5227c01e58c6:group-1AD2519776B6:LeaderElection76] INFO  server.RaftServerConfigKeys (ConfUtils.java:logGet(43)) - raft.server.watch.timeout = 10s (default)
2019-08-21 17:38:53,023 [802f8fbc-decc-4fe0-8596-5227c01e58c6:group-1AD2519776B6:LeaderElection76] INFO  server.RaftServerConfigKeys (ConfUtils.java:logGet(43)) - raft.server.watch.timeout.denomination = 1s (default)
2019-08-21 17:38:53,023 [802f8fbc-decc-4fe0-8596-5227c01e58c6:group-1AD2519776B6:LeaderElection76] INFO  server.RaftServerConfigKeys (ConfUtils.java:logGet(43)) - raft.server.watch.element-limit = 65536 (default)
2019-08-21 17:38:53,023 [802f8fbc-decc-4fe0-8596-5227c01e58c6:group-1AD2519776B6:LeaderElection76] INFO  impl.RoleInfo (RoleInfo.java:updateAndGet(143)) - 802f8fbc-decc-4fe0-8596-5227c01e58c6: start LeaderState
2019-08-21 17:38:53,024 [802f8fbc-decc-4fe0-8596-5227c01e58c6:group-1AD2519776B6:LeaderElection76] INFO  segmented.SegmentedRaftLogWorker (SegmentedRaftLogWorker.java:startLogSegment(380)) - 802f8fbc-decc-4fe0-8596-5227c01e58c6-SegmentedRaftLogWorker:Storage Directory /workdir/hadoop-ozone/integration-test/target/test-dir/MiniOzoneClusterImpl-c619d2d6-0016-4a2b-bb48-151a7992e575/datanode-5/data/ratis/8f0b68ac-6ea3-4721-ae0c-1ad2519776b6: Starting segment from index:0
2019-08-21 17:38:53,024 [802f8fbc-decc-4fe0-8596-5227c01e58c6:group-1AD2519776B6:LeaderElection76] INFO  impl.RaftServerImpl (ServerState.java:setRaftConf(361)) - 802f8fbc-decc-4fe0-8596-5227c01e58c6:group-1AD2519776B6 set configuration 0: [802f8fbc-decc-4fe0-8596-5227c01e58c6:192.168.69.88:44406], old=null at 0
2019-08-21 17:38:53,060 [Thread-3586] INFO  impl.FollowerState (FollowerState.java:run(106)) - 802f8fbc-decc-4fe0-8596-5227c01e58c6:group-976DBCC56D49 changes to CANDIDATE, lastRpcTime:5006, electionTimeout:5006ms
2019-08-21 17:38:53,060 [Thread-3586] INFO  impl.RoleInfo (RoleInfo.java:shutdownFollowerState(121)) - 802f8fbc-decc-4fe0-8596-5227c01e58c6: shutdown FollowerState
2019-08-21 17:38:53,060 [Thread-3586] INFO  impl.RaftServerImpl (RaftServerImpl.java:setRole(171)) - 802f8fbc-decc-4fe0-8596-5227c01e58c6:group-976DBCC56D49 changes role from FOLLOWER to CANDIDATE at term 0 for changeToCandidate
2019-08-21 17:38:53,060 [Thread-3586] INFO  impl.RoleInfo (RoleInfo.java:updateAndGet(143)) - 802f8fbc-decc-4fe0-8596-5227c01e58c6: start LeaderElection
2019-08-21 17:38:53,071 [802f8fbc-decc-4fe0-8596-5227c01e58c6-SegmentedRaftLogWorker:Storage Directory /workdir/hadoop-ozone/integration-test/target/test-dir/MiniOzoneClusterImpl-c619d2d6-0016-4a2b-bb48-151a7992e575/datanode-5/data/ratis/8f0b68ac-6ea3-4721-ae0c-1ad2519776b6] INFO  segmented.SegmentedRaftLogWorker (SegmentedRaftLogWorker.java:execute(569)) - 802f8fbc-decc-4fe0-8596-5227c01e58c6-SegmentedRaftLogWorker:Storage Directory /workdir/hadoop-ozone/integration-test/target/test-dir/MiniOzoneClusterImpl-c619d2d6-0016-4a2b-bb48-151a7992e575/datanode-5/data/ratis/8f0b68ac-6ea3-4721-ae0c-1ad2519776b6: created new log segment /workdir/hadoop-ozone/integration-test/target/test-dir/MiniOzoneClusterImpl-c619d2d6-0016-4a2b-bb48-151a7992e575/datanode-5/data/ratis/8f0b68ac-6ea3-4721-ae0c-1ad2519776b6/current/log_inprogress_0
2019-08-21 17:38:53,071 [802f8fbc-decc-4fe0-8596-5227c01e58c6:group-976DBCC56D49:LeaderElection77] INFO  impl.LeaderElection (LeaderElection.java:askForVotes(181)) - 802f8fbc-decc-4fe0-8596-5227c01e58c6:group-976DBCC56D49:LeaderElection77: begin an election at term 1 for -1: [076b8a8c-935b-40a1-9166-aa87fdf8f32e:192.168.69.88:37700, 802f8fbc-decc-4fe0-8596-5227c01e58c6:192.168.69.88:44406, 57e59194-3b1d-4665-b11f-1ec0556c47eb:192.168.69.88:45230], old=null
2019-08-21 17:38:53,074 [grpc-default-executor-9] INFO  impl.RaftServerImpl (RaftServerImpl.java:setRole(171)) - 076b8a8c-935b-40a1-9166-aa87fdf8f32e:group-976DBCC56D49 changes role from FOLLOWER to FOLLOWER at term 1 for recognizeCandidate:802f8fbc-decc-4fe0-8596-5227c01e58c6
2019-08-21 17:38:53,074 [grpc-default-executor-9] INFO  impl.RoleInfo (RoleInfo.java:shutdownFollowerState(121)) - 076b8a8c-935b-40a1-9166-aa87fdf8f32e: shutdown FollowerState
2019-08-21 17:38:53,074 [grpc-default-executor-1] INFO  impl.RaftServerImpl (RaftServerImpl.java:setRole(171)) - 57e59194-3b1d-4665-b11f-1ec0556c47eb:group-976DBCC56D49 changes role from FOLLOWER to FOLLOWER at term 1 for recognizeCandidate:802f8fbc-decc-4fe0-8596-5227c01e58c6
2019-08-21 17:38:53,074 [grpc-default-executor-9] INFO  impl.RoleInfo (RoleInfo.java:updateAndGet(143)) - 076b8a8c-935b-40a1-9166-aa87fdf8f32e: start FollowerState
2019-08-21 17:38:53,074 [Thread-3582] INFO  impl.FollowerState (FollowerState.java:run(114)) - 076b8a8c-935b-40a1-9166-aa87fdf8f32e: FollowerState was interrupted: java.lang.InterruptedException: sleep interrupted
2019-08-21 17:38:53,074 [grpc-default-executor-1] INFO  impl.RoleInfo (RoleInfo.java:shutdownFollowerState(121)) - 57e59194-3b1d-4665-b11f-1ec0556c47eb: shutdown FollowerState
2019-08-21 17:38:53,077 [grpc-default-executor-1] INFO  impl.RoleInfo (RoleInfo.java:updateAndGet(143)) - 57e59194-3b1d-4665-b11f-1ec0556c47eb: start FollowerState
2019-08-21 17:38:53,077 [Thread-3587] INFO  impl.FollowerState (FollowerState.java:run(114)) - 57e59194-3b1d-4665-b11f-1ec0556c47eb: FollowerState was interrupted: java.lang.InterruptedException: sleep interrupted
2019-08-21 17:38:53,105 [802f8fbc-decc-4fe0-8596-5227c01e58c6:group-976DBCC56D49:LeaderElection77] INFO  impl.LeaderElection (LeaderElection.java:logAndReturn(56)) - 802f8fbc-decc-4fe0-8596-5227c01e58c6:group-976DBCC56D49:LeaderElection77: Election PASSED; received 1 response(s) [802f8fbc-decc-4fe0-8596-5227c01e58c6<-076b8a8c-935b-40a1-9166-aa87fdf8f32e#0:OK-t1] and 0 exception(s); 802f8fbc-decc-4fe0-8596-5227c01e58c6:t1, leader=null, voted=802f8fbc-decc-4fe0-8596-5227c01e58c6, raftlog=802f8fbc-decc-4fe0-8596-5227c01e58c6-SegmentedRaftLog:OPENED:c-1,f-1,i0, conf=-1: [076b8a8c-935b-40a1-9166-aa87fdf8f32e:192.168.69.88:37700, 802f8fbc-decc-4fe0-8596-5227c01e58c6:192.168.69.88:44406, 57e59194-3b1d-4665-b11f-1ec0556c47eb:192.168.69.88:45230], old=null
2019-08-21 17:38:53,105 [802f8fbc-decc-4fe0-8596-5227c01e58c6:group-976DBCC56D49:LeaderElection77] INFO  impl.RoleInfo (RoleInfo.java:shutdownLeaderElection(134)) - 802f8fbc-decc-4fe0-8596-5227c01e58c6: shutdown LeaderElection
2019-08-21 17:38:53,105 [802f8fbc-decc-4fe0-8596-5227c01e58c6:group-976DBCC56D49:LeaderElection77] INFO  impl.RaftServerImpl (RaftServerImpl.java:setRole(171)) - 802f8fbc-decc-4fe0-8596-5227c01e58c6:group-976DBCC56D49 changes role from CANDIDATE to LEADER at term 1 for changeToLeader
2019-08-21 17:38:53,105 [802f8fbc-decc-4fe0-8596-5227c01e58c6:group-976DBCC56D49:LeaderElection77] INFO  impl.RaftServerImpl (ServerState.java:setLeader(263)) - 802f8fbc-decc-4fe0-8596-5227c01e58c6:group-976DBCC56D49 change Leader from null to 802f8fbc-decc-4fe0-8596-5227c01e58c6 at term 1 for becomeLeader, leader elected after 5060ms
2019-08-21 17:38:53,105 [802f8fbc-decc-4fe0-8596-5227c01e58c6:group-976DBCC56D49:LeaderElection77] INFO  server.RaftServerConfigKeys (ConfUtils.java:logGet(43)) - raft.server.staging.catchup.gap = 1000 (default)
2019-08-21 17:38:53,106 [802f8fbc-decc-4fe0-8596-5227c01e58c6:group-976DBCC56D49:LeaderElection77] INFO  server.RaftServerConfigKeys (ConfUtils.java:logGet(43)) - raft.server.rpc.sleep.time = 25ms (default)
2019-08-21 17:38:53,106 [802f8fbc-decc-4fe0-8596-5227c01e58c6:group-976DBCC56D49:LeaderElection77] INFO  server.RaftServerConfigKeys (ConfUtils.java:logGet(43)) - raft.server.write.element-limit = 4096 (default)
2019-08-21 17:38:53,106 [802f8fbc-decc-4fe0-8596-5227c01e58c6:group-976DBCC56D49:LeaderElection77] INFO  server.RaftServerConfigKeys (ConfUtils.java:logGet(43)) - raft.server.watch.timeout = 10s (default)
2019-08-21 17:38:53,106 [802f8fbc-decc-4fe0-8596-5227c01e58c6:group-976DBCC56D49:LeaderElection77] INFO  server.RaftServerConfigKeys (ConfUtils.java:logGet(43)) - raft.server.watch.timeout.denomination = 1s (default)
2019-08-21 17:38:53,106 [802f8fbc-decc-4fe0-8596-5227c01e58c6:group-976DBCC56D49:LeaderElection77] INFO  server.RaftServerConfigKeys (ConfUtils.java:logGet(43)) - raft.server.watch.element-limit = 65536 (default)
2019-08-21 17:38:53,106 [802f8fbc-decc-4fe0-8596-5227c01e58c6:group-976DBCC56D49:LeaderElection77] INFO  server.RaftServerConfigKeys (ConfUtils.java:logGet(43)) - raft.server.log.appender.snapshot.chunk.size.max = 16MB (=16777216) (default)
2019-08-21 17:38:53,107 [802f8fbc-decc-4fe0-8596-5227c01e58c6:group-976DBCC56D49:LeaderElection77] INFO  server.RaftServerConfigKeys (ConfUtils.java:logGet(43)) - raft.server.log.appender.buffer.byte-limit = 33554432 (custom)
2019-08-21 17:38:53,107 [802f8fbc-decc-4fe0-8596-5227c01e58c6:group-976DBCC56D49:LeaderElection77] INFO  server.RaftServerConfigKeys (ConfUtils.java:logGet(43)) - raft.server.log.appender.buffer.element-limit = 1 (custom)
2019-08-21 17:38:53,107 [802f8fbc-decc-4fe0-8596-5227c01e58c6:group-976DBCC56D49:LeaderElection77] INFO  grpc.GrpcConfigKeys$Server (ConfUtils.java:logGet(43)) - raft.grpc.server.leader.outstanding.appends.max = 128 (default)
2019-08-21 17:38:53,107 [802f8fbc-decc-4fe0-8596-5227c01e58c6:group-976DBCC56D49:LeaderElection77] INFO  server.RaftServerConfigKeys (ConfUtils.java:logGet(43)) - raft.server.rpc.request.timeout = 3000ms (default)
2019-08-21 17:38:53,107 [802f8fbc-decc-4fe0-8596-5227c01e58c6:group-976DBCC56D49:LeaderElection77] INFO  server.RaftServerConfigKeys (ConfUtils.java:logGet(43)) - raft.server.log.appender.install.snapshot.enabled = false (custom)
2019-08-21 17:38:53,108 [802f8fbc-decc-4fe0-8596-5227c01e58c6:group-976DBCC56D49:LeaderElection77] INFO  server.RaftServerConfigKeys (ConfUtils.java:logGet(43)) - raft.server.log.appender.snapshot.chunk.size.max = 16MB (=16777216) (default)
2019-08-21 17:38:53,108 [802f8fbc-decc-4fe0-8596-5227c01e58c6:group-976DBCC56D49:LeaderElection77] INFO  server.RaftServerConfigKeys (ConfUtils.java:logGet(43)) - raft.server.log.appender.buffer.byte-limit = 33554432 (custom)
2019-08-21 17:38:53,108 [802f8fbc-decc-4fe0-8596-5227c01e58c6:group-976DBCC56D49:LeaderElection77] INFO  server.RaftServerConfigKeys (ConfUtils.java:logGet(43)) - raft.server.log.appender.buffer.element-limit = 1 (custom)
2019-08-21 17:38:53,108 [802f8fbc-decc-4fe0-8596-5227c01e58c6:group-976DBCC56D49:LeaderElection77] INFO  grpc.GrpcConfigKeys$Server (ConfUtils.java:logGet(43)) - raft.grpc.server.leader.outstanding.appends.max = 128 (default)
2019-08-21 17:38:53,108 [802f8fbc-decc-4fe0-8596-5227c01e58c6:group-976DBCC56D49:LeaderElection77] INFO  server.RaftServerConfigKeys (ConfUtils.java:logGet(43)) - raft.server.rpc.request.timeout = 3000ms (default)
2019-08-21 17:38:53,108 [802f8fbc-decc-4fe0-8596-5227c01e58c6:group-976DBCC56D49:LeaderElection77] INFO  server.RaftServerConfigKeys (ConfUtils.java:logGet(43)) - raft.server.log.appender.install.snapshot.enabled = false (custom)
2019-08-21 17:38:53,109 [802f8fbc-decc-4fe0-8596-5227c01e58c6:group-976DBCC56D49:LeaderElection77] INFO  impl.RoleInfo (RoleInfo.java:updateAndGet(143)) - 802f8fbc-decc-4fe0-8596-5227c01e58c6: start LeaderState
2019-08-21 17:38:53,109 [802f8fbc-decc-4fe0-8596-5227c01e58c6:group-976DBCC56D49:LeaderElection77] INFO  segmented.SegmentedRaftLogWorker (SegmentedRaftLogWorker.java:startLogSegment(380)) - 802f8fbc-decc-4fe0-8596-5227c01e58c6-SegmentedRaftLogWorker:Storage Directory /workdir/hadoop-ozone/integration-test/target/test-dir/MiniOzoneClusterImpl-c619d2d6-0016-4a2b-bb48-151a7992e575/datanode-5/data/ratis/43d3813c-eae5-475a-b560-976dbcc56d49: Starting segment from index:0
2019-08-21 17:38:53,110 [802f8fbc-decc-4fe0-8596-5227c01e58c6:group-976DBCC56D49:LeaderElection77] INFO  impl.RaftServerImpl (ServerState.java:setRaftConf(361)) - 802f8fbc-decc-4fe0-8596-5227c01e58c6:group-976DBCC56D49 set configuration 0: [076b8a8c-935b-40a1-9166-aa87fdf8f32e:192.168.69.88:37700, 802f8fbc-decc-4fe0-8596-5227c01e58c6:192.168.69.88:44406, 57e59194-3b1d-4665-b11f-1ec0556c47eb:192.168.69.88:45230], old=null at 0
2019-08-21 17:38:53,146 | INFO  | SCMAudit | user=jenkins1000 | ip=192.168.69.88 | op=SEND_HEARTBEAT {datanodeUUID=76d52cc5-9633-42a9-b84b-2c228ac1c43f, command=[]} | ret=SUCCESS |  
2019-08-21 17:38:53,147 [grpc-default-executor-9] INFO  impl.RaftServerImpl (ServerState.java:setLeader(263)) - 076b8a8c-935b-40a1-9166-aa87fdf8f32e:group-976DBCC56D49 change Leader from null to 802f8fbc-decc-4fe0-8596-5227c01e58c6 at term 1 for appendEntries, leader elected after 5102ms
2019-08-21 17:38:53,147 [grpc-default-executor-1] INFO  impl.RaftServerImpl (ServerState.java:setLeader(263)) - 57e59194-3b1d-4665-b11f-1ec0556c47eb:group-976DBCC56D49 change Leader from null to 802f8fbc-decc-4fe0-8596-5227c01e58c6 at term 1 for appendEntries, leader elected after 5101ms
2019-08-21 17:38:53,157 [grpc-default-executor-1] INFO  impl.RaftServerImpl (ServerState.java:setRaftConf(361)) - 57e59194-3b1d-4665-b11f-1ec0556c47eb:group-976DBCC56D49 set configuration 0: [076b8a8c-935b-40a1-9166-aa87fdf8f32e:192.168.69.88:37700, 802f8fbc-decc-4fe0-8596-5227c01e58c6:192.168.69.88:44406, 57e59194-3b1d-4665-b11f-1ec0556c47eb:192.168.69.88:45230], old=null at 0
2019-08-21 17:38:53,158 [grpc-default-executor-1] INFO  segmented.SegmentedRaftLogWorker (SegmentedRaftLogWorker.java:startLogSegment(380)) - 57e59194-3b1d-4665-b11f-1ec0556c47eb-SegmentedRaftLogWorker:Storage Directory /workdir/hadoop-ozone/integration-test/target/test-dir/MiniOzoneClusterImpl-c619d2d6-0016-4a2b-bb48-151a7992e575/datanode-4/data/ratis/43d3813c-eae5-475a-b560-976dbcc56d49: Starting segment from index:0
2019-08-21 17:38:53,158 [grpc-default-executor-9] INFO  impl.RaftServerImpl (ServerState.java:setRaftConf(361)) - 076b8a8c-935b-40a1-9166-aa87fdf8f32e:group-976DBCC56D49 set configuration 0: [076b8a8c-935b-40a1-9166-aa87fdf8f32e:192.168.69.88:37700, 802f8fbc-decc-4fe0-8596-5227c01e58c6:192.168.69.88:44406, 57e59194-3b1d-4665-b11f-1ec0556c47eb:192.168.69.88:45230], old=null at 0
2019-08-21 17:38:53,159 [802f8fbc-decc-4fe0-8596-5227c01e58c6-SegmentedRaftLogWorker:Storage Directory /workdir/hadoop-ozone/integration-test/target/test-dir/MiniOzoneClusterImpl-c619d2d6-0016-4a2b-bb48-151a7992e575/datanode-5/data/ratis/43d3813c-eae5-475a-b560-976dbcc56d49] INFO  segmented.SegmentedRaftLogWorker (SegmentedRaftLogWorker.java:execute(569)) - 802f8fbc-decc-4fe0-8596-5227c01e58c6-SegmentedRaftLogWorker:Storage Directory /workdir/hadoop-ozone/integration-test/target/test-dir/MiniOzoneClusterImpl-c619d2d6-0016-4a2b-bb48-151a7992e575/datanode-5/data/ratis/43d3813c-eae5-475a-b560-976dbcc56d49: created new log segment /workdir/hadoop-ozone/integration-test/target/test-dir/MiniOzoneClusterImpl-c619d2d6-0016-4a2b-bb48-151a7992e575/datanode-5/data/ratis/43d3813c-eae5-475a-b560-976dbcc56d49/current/log_inprogress_0
2019-08-21 17:38:53,159 [grpc-default-executor-9] INFO  segmented.SegmentedRaftLogWorker (SegmentedRaftLogWorker.java:startLogSegment(380)) - 076b8a8c-935b-40a1-9166-aa87fdf8f32e-SegmentedRaftLogWorker:Storage Directory /workdir/hadoop-ozone/integration-test/target/test-dir/MiniOzoneClusterImpl-c619d2d6-0016-4a2b-bb48-151a7992e575/datanode-3/data/ratis/43d3813c-eae5-475a-b560-976dbcc56d49: Starting segment from index:0
2019-08-21 17:38:53,192 [57e59194-3b1d-4665-b11f-1ec0556c47eb-SegmentedRaftLogWorker:Storage Directory /workdir/hadoop-ozone/integration-test/target/test-dir/MiniOzoneClusterImpl-c619d2d6-0016-4a2b-bb48-151a7992e575/datanode-4/data/ratis/43d3813c-eae5-475a-b560-976dbcc56d49] INFO  segmented.SegmentedRaftLogWorker (SegmentedRaftLogWorker.java:execute(569)) - 57e59194-3b1d-4665-b11f-1ec0556c47eb-SegmentedRaftLogWorker:Storage Directory /workdir/hadoop-ozone/integration-test/target/test-dir/MiniOzoneClusterImpl-c619d2d6-0016-4a2b-bb48-151a7992e575/datanode-4/data/ratis/43d3813c-eae5-475a-b560-976dbcc56d49: created new log segment /workdir/hadoop-ozone/integration-test/target/test-dir/MiniOzoneClusterImpl-c619d2d6-0016-4a2b-bb48-151a7992e575/datanode-4/data/ratis/43d3813c-eae5-475a-b560-976dbcc56d49/current/log_inprogress_0
2019-08-21 17:38:53,213 [076b8a8c-935b-40a1-9166-aa87fdf8f32e-SegmentedRaftLogWorker:Storage Directory /workdir/hadoop-ozone/integration-test/target/test-dir/MiniOzoneClusterImpl-c619d2d6-0016-4a2b-bb48-151a7992e575/datanode-3/data/ratis/43d3813c-eae5-475a-b560-976dbcc56d49] INFO  segmented.SegmentedRaftLogWorker (SegmentedRaftLogWorker.java:execute(569)) - 076b8a8c-935b-40a1-9166-aa87fdf8f32e-SegmentedRaftLogWorker:Storage Directory /workdir/hadoop-ozone/integration-test/target/test-dir/MiniOzoneClusterImpl-c619d2d6-0016-4a2b-bb48-151a7992e575/datanode-3/data/ratis/43d3813c-eae5-475a-b560-976dbcc56d49: created new log segment /workdir/hadoop-ozone/integration-test/target/test-dir/MiniOzoneClusterImpl-c619d2d6-0016-4a2b-bb48-151a7992e575/datanode-3/data/ratis/43d3813c-eae5-475a-b560-976dbcc56d49/current/log_inprogress_0
2019-08-21 17:38:53,222 | INFO  | SCMAudit | user=jenkins1000 | ip=192.168.69.88 | op=SEND_HEARTBEAT {datanodeUUID=8c197040-db5a-409b-844d-bbce80f31f7a, command=[]} | ret=SUCCESS |  
2019-08-21 17:38:53,227 [grpc-default-executor-1] INFO  client.GrpcClientProtocolClient (GrpcClientProtocolClient.java:onNext(255)) - client-FB7BD17F629F->d093da97-bee2-4e07-af8f-bafb3556f13f: receive RaftClientReply:client-FB7BD17F629F->d093da97-bee2-4e07-af8f-bafb3556f13f@group-A0FD3ED41361, cid=183, FAILED org.apache.ratis.protocol.NotLeaderException: Server d093da97-bee2-4e07-af8f-bafb3556f13f is not the leader (8c197040-db5a-409b-844d-bbce80f31f7a:192.168.69.88:45801). Request must be sent to leader., logIndex=0, commits[d093da97-bee2-4e07-af8f-bafb3556f13f:c-1, 8c197040-db5a-409b-844d-bbce80f31f7a:c-1, 7eca2edd-1c28-4c17-b74d-733c4dbe681b:c-1]
2019-08-21 17:38:53,361 | INFO  | DNAudit | user=null | ip=null | op=WRITE_CHUNK {blockData=conID: 1 locID: 102656188689154063 bcsId: 0} | ret=SUCCESS |  
2019-08-21 17:38:53,361 | INFO  | DNAudit | user=null | ip=null | op=WRITE_CHUNK {blockData=conID: 1 locID: 102656188689154063 bcsId: 0} | ret=SUCCESS |  
2019-08-21 17:38:53,361 | INFO  | DNAudit | user=null | ip=null | op=WRITE_CHUNK {blockData=conID: 1 locID: 102656188689154063 bcsId: 0} | ret=SUCCESS |  
2019-08-21 17:38:53,361 | INFO  | SCMAudit | user=jenkins1000 | ip=192.168.69.88 | op=SEND_HEARTBEAT {datanodeUUID=8c197040-db5a-409b-844d-bbce80f31f7a, command=[]} | ret=SUCCESS |  
2019-08-21 17:38:53,361 | INFO  | SCMAudit | user=jenkins1000 | ip=192.168.69.88 | op=SEND_HEARTBEAT {datanodeUUID=d093da97-bee2-4e07-af8f-bafb3556f13f, command=[]} | ret=SUCCESS |  
2019-08-21 17:38:53,361 | INFO  | SCMAudit | user=jenkins1000 | ip=192.168.69.88 | op=SEND_HEARTBEAT {datanodeUUID=7eca2edd-1c28-4c17-b74d-733c4dbe681b, command=[]} | ret=SUCCESS |  
2019-08-21 17:38:53,375 | INFO  | DNAudit | user=null | ip=null | op=WRITE_CHUNK {blockData=conID: 1 locID: 102656188689154063 bcsId: 0} | ret=SUCCESS |  
2019-08-21 17:38:53,386 [grpc-default-executor-9] INFO  client.GrpcClientProtocolClient (GrpcClientProtocolClient.java:onNext(255)) - client-FB7BD17F629F->8c197040-db5a-409b-844d-bbce80f31f7a: receive RaftClientReply:client-FB7BD17F629F->8c197040-db5a-409b-844d-bbce80f31f7a@group-A0FD3ED41361, cid=183, SUCCESS, logIndex=1, commits[8c197040-db5a-409b-844d-bbce80f31f7a:c1, 7eca2edd-1c28-4c17-b74d-733c4dbe681b:c0, d093da97-bee2-4e07-af8f-bafb3556f13f:c0]
2019-08-21 17:38:53,388 | INFO  | DNAudit | user=null | ip=null | op=WRITE_CHUNK {blockData=conID: 1 locID: 102656188689154063 bcsId: 0} | ret=SUCCESS |  
2019-08-21 17:38:53,388 | INFO  | DNAudit | user=null | ip=null | op=WRITE_CHUNK {blockData=conID: 1 locID: 102656188689154063 bcsId: 0} | ret=SUCCESS |  
2019-08-21 17:38:53,394 | INFO  | DNAudit | user=null | ip=null | op=WRITE_CHUNK {blockData=conID: 1 locID: 102656188689154063 bcsId: 0} | ret=SUCCESS |  
2019-08-21 17:38:53,395 | INFO  | DNAudit | user=null | ip=null | op=WRITE_CHUNK {blockData=conID: 1 locID: 102656188689154063 bcsId: 0} | ret=SUCCESS |  
2019-08-21 17:38:53,395 | INFO  | DNAudit | user=null | ip=null | op=WRITE_CHUNK {blockData=conID: 1 locID: 102656188689154063 bcsId: 0} | ret=SUCCESS |  
2019-08-21 17:38:53,395 | INFO  | DNAudit | user=null | ip=null | op=WRITE_CHUNK {blockData=conID: 1 locID: 102656188689154063 bcsId: 0} | ret=SUCCESS |  
2019-08-21 17:38:53,396 | INFO  | DNAudit | user=null | ip=null | op=WRITE_CHUNK {blockData=conID: 1 locID: 102656188689154063 bcsId: 0} | ret=SUCCESS |  
2019-08-21 17:38:53,398 | INFO  | DNAudit | user=null | ip=null | op=WRITE_CHUNK {blockData=conID: 1 locID: 102656188689154063 bcsId: 0} | ret=SUCCESS |  
2019-08-21 17:38:53,398 | INFO  | DNAudit | user=null | ip=null | op=WRITE_CHUNK {blockData=conID: 1 locID: 102656188689154063 bcsId: 0} | ret=SUCCESS |  
2019-08-21 17:38:53,399 | INFO  | DNAudit | user=null | ip=null | op=WRITE_CHUNK {blockData=conID: 1 locID: 102656188689154063 bcsId: 0} | ret=SUCCESS |  
2019-08-21 17:38:53,399 | INFO  | DNAudit | user=null | ip=null | op=WRITE_CHUNK {blockData=conID: 1 locID: 102656188689154063 bcsId: 0} | ret=SUCCESS |  
2019-08-21 17:38:53,408 | INFO  | DNAudit | user=null | ip=null | op=WRITE_CHUNK {blockData=conID: 1 locID: 102656188689154063 bcsId: 0} | ret=SUCCESS |  
2019-08-21 17:38:53,418 [grpc-default-executor-8] INFO  client.GrpcClientProtocolClient (GrpcClientProtocolClient.java:onNext(255)) - client-FB7BD17F629F->8c197040-db5a-409b-844d-bbce80f31f7a: receive RaftClientReply:client-FB7BD17F629F->8c197040-db5a-409b-844d-bbce80f31f7a@group-A0FD3ED41361, cid=184, SUCCESS, logIndex=3, commits[8c197040-db5a-409b-844d-bbce80f31f7a:c4, 7eca2edd-1c28-4c17-b74d-733c4dbe681b:c2, d093da97-bee2-4e07-af8f-bafb3556f13f:c2]
2019-08-21 17:38:53,418 | INFO  | DNAudit | user=null | ip=null | op=WRITE_CHUNK {blockData=conID: 1 locID: 102656188689154063 bcsId: 0} | ret=SUCCESS |  
2019-08-21 17:38:53,435 | INFO  | DNAudit | user=null | ip=null | op=WRITE_CHUNK {blockData=conID: 1 locID: 102656188689154063 bcsId: 0} | ret=SUCCESS |  
2019-08-21 17:38:53,480 | INFO  | DNAudit | user=null | ip=null | op=PUT_BLOCK {blockData=[blockId=conID: 1 locID: 102656188689154063 bcsId: 0,size=200]} | ret=SUCCESS |  
2019-08-21 17:38:53,484 | INFO  | DNAudit | user=null | ip=null | op=WRITE_CHUNK {blockData=conID: 1 locID: 102656188689154063 bcsId: 0} | ret=SUCCESS |  
2019-08-21 17:38:53,484 | INFO  | DNAudit | user=null | ip=null | op=WRITE_CHUNK {blockData=conID: 1 locID: 102656188689154063 bcsId: 0} | ret=SUCCESS |  
2019-08-21 17:38:53,484 [grpc-default-executor-1] INFO  client.GrpcClientProtocolClient (GrpcClientProtocolClient.java:onNext(255)) - client-FB7BD17F629F->8c197040-db5a-409b-844d-bbce80f31f7a: receive RaftClientReply:client-FB7BD17F629F->8c197040-db5a-409b-844d-bbce80f31f7a@group-A0FD3ED41361, cid=185, SUCCESS, logIndex=4, commits[8c197040-db5a-409b-844d-bbce80f31f7a:c11, 7eca2edd-1c28-4c17-b74d-733c4dbe681b:c7, d093da97-bee2-4e07-af8f-bafb3556f13f:c7]
2019-08-21 17:38:53,490 [grpc-default-executor-1] INFO  client.GrpcClientProtocolClient (GrpcClientProtocolClient.java:onNext(255)) - client-FB7BD17F629F->8c197040-db5a-409b-844d-bbce80f31f7a: receive RaftClientReply:client-FB7BD17F629F->8c197040-db5a-409b-844d-bbce80f31f7a@group-A0FD3ED41361, cid=186, SUCCESS, logIndex=5, commits[8c197040-db5a-409b-844d-bbce80f31f7a:c11, 7eca2edd-1c28-4c17-b74d-733c4dbe681b:c7, d093da97-bee2-4e07-af8f-bafb3556f13f:c7]
2019-08-21 17:38:53,490 [grpc-default-executor-1] INFO  client.GrpcClientProtocolClient (GrpcClientProtocolClient.java:onNext(255)) - client-FB7BD17F629F->8c197040-db5a-409b-844d-bbce80f31f7a: receive RaftClientReply:client-FB7BD17F629F->8c197040-db5a-409b-844d-bbce80f31f7a@group-A0FD3ED41361, cid=187, SUCCESS, logIndex=6, commits[8c197040-db5a-409b-844d-bbce80f31f7a:c11, 7eca2edd-1c28-4c17-b74d-733c4dbe681b:c7, d093da97-bee2-4e07-af8f-bafb3556f13f:c7]
2019-08-21 17:38:53,494 | INFO  | SCMAudit | user=jenkins1000 | ip=192.168.69.88 | op=SEND_HEARTBEAT {datanodeUUID=076b8a8c-935b-40a1-9166-aa87fdf8f32e, command=[]} | ret=SUCCESS |  
2019-08-21 17:38:53,559 | INFO  | DNAudit | user=null | ip=null | op=PUT_BLOCK {blockData=[blockId=conID: 1 locID: 102656188689154063 bcsId: 0,size=200]} | ret=SUCCESS |  
2019-08-21 17:38:53,560 | INFO  | DNAudit | user=null | ip=null | op=WRITE_CHUNK {blockData=conID: 1 locID: 102656188689154063 bcsId: 0} | ret=SUCCESS |  
2019-08-21 17:38:53,561 | INFO  | DNAudit | user=null | ip=null | op=WRITE_CHUNK {blockData=conID: 1 locID: 102656188689154063 bcsId: 0} | ret=SUCCESS |  
2019-08-21 17:38:53,614 | INFO  | DNAudit | user=null | ip=null | op=PUT_BLOCK {blockData=[blockId=conID: 1 locID: 102656188689154063 bcsId: 0,size=400]} | ret=SUCCESS |  
2019-08-21 17:38:53,614 | INFO  | DNAudit | user=null | ip=null | op=PUT_BLOCK {blockData=[blockId=conID: 1 locID: 102656188689154063 bcsId: 0,size=200]} | ret=SUCCESS |  
2019-08-21 17:38:53,614 | INFO  | DNAudit | user=null | ip=null | op=PUT_BLOCK {blockData=[blockId=conID: 1 locID: 102656188689154063 bcsId: 0,size=400]} | ret=SUCCESS |  
2019-08-21 17:38:53,614 | INFO  | DNAudit | user=null | ip=null | op=WRITE_CHUNK {blockData=conID: 1 locID: 102656188689154063 bcsId: 0} | ret=SUCCESS |  
2019-08-21 17:38:53,615 | INFO  | DNAudit | user=null | ip=null | op=WRITE_CHUNK {blockData=conID: 1 locID: 102656188689154063 bcsId: 0} | ret=SUCCESS |  
2019-08-21 17:38:53,615 | INFO  | DNAudit | user=null | ip=null | op=PUT_BLOCK {blockData=[blockId=conID: 1 locID: 102656188689154063 bcsId: 0,size=400]} | ret=SUCCESS |  
2019-08-21 17:38:53,615 [grpc-default-executor-1] INFO  client.GrpcClientProtocolClient (GrpcClientProtocolClient.java:onNext(255)) - client-FB7BD17F629F->8c197040-db5a-409b-844d-bbce80f31f7a: receive RaftClientReply:client-FB7BD17F629F->8c197040-db5a-409b-844d-bbce80f31f7a@group-A0FD3ED41361, cid=188, SUCCESS, logIndex=7, commits[8c197040-db5a-409b-844d-bbce80f31f7a:c11, 7eca2edd-1c28-4c17-b74d-733c4dbe681b:c7, d093da97-bee2-4e07-af8f-bafb3556f13f:c7]
2019-08-21 17:38:53,618 | INFO  | DNAudit | user=null | ip=null | op=WRITE_CHUNK {blockData=conID: 1 locID: 102656188689154063 bcsId: 7} | ret=SUCCESS |  
2019-08-21 17:38:53,620 | INFO  | DNAudit | user=null | ip=null | op=WRITE_CHUNK {blockData=conID: 1 locID: 102656188689154063 bcsId: 7} | ret=SUCCESS |  
2019-08-21 17:38:53,620 | INFO  | DNAudit | user=null | ip=null | op=WRITE_CHUNK {blockData=conID: 1 locID: 102656188689154063 bcsId: 7} | ret=SUCCESS |  
2019-08-21 17:38:53,632 | INFO  | DNAudit | user=null | ip=null | op=WRITE_CHUNK {blockData=conID: 1 locID: 102656188689154063 bcsId: 7} | ret=SUCCESS |  
2019-08-21 17:38:53,633 | INFO  | DNAudit | user=null | ip=null | op=PUT_BLOCK {blockData=[blockId=conID: 1 locID: 102656188689154063 bcsId: 0,size=450]} | ret=SUCCESS |  
2019-08-21 17:38:53,633 [grpc-default-executor-9] INFO  client.GrpcClientProtocolClient (GrpcClientProtocolClient.java:onNext(255)) - client-FB7BD17F629F->8c197040-db5a-409b-844d-bbce80f31f7a: receive RaftClientReply:client-FB7BD17F629F->8c197040-db5a-409b-844d-bbce80f31f7a@group-A0FD3ED41361, cid=189, SUCCESS, logIndex=12, commits[8c197040-db5a-409b-844d-bbce80f31f7a:c13, 7eca2edd-1c28-4c17-b74d-733c4dbe681b:c11, d093da97-bee2-4e07-af8f-bafb3556f13f:c11]
2019-08-21 17:38:53,634 [grpc-default-executor-9] INFO  client.GrpcClientProtocolClient (GrpcClientProtocolClient.java:onNext(255)) - client-FB7BD17F629F->8c197040-db5a-409b-844d-bbce80f31f7a: receive RaftClientReply:client-FB7BD17F629F->8c197040-db5a-409b-844d-bbce80f31f7a@group-A0FD3ED41361, cid=190, SUCCESS, logIndex=13, commits[8c197040-db5a-409b-844d-bbce80f31f7a:c13, 7eca2edd-1c28-4c17-b74d-733c4dbe681b:c11, d093da97-bee2-4e07-af8f-bafb3556f13f:c11]
2019-08-21 17:38:53,644 | INFO  | DNAudit | user=null | ip=null | op=WRITE_CHUNK {blockData=conID: 1 locID: 102656188689154063 bcsId: 7} | ret=SUCCESS |  
2019-08-21 17:38:53,644 | INFO  | DNAudit | user=null | ip=null | op=WRITE_CHUNK {blockData=conID: 1 locID: 102656188689154063 bcsId: 7} | ret=SUCCESS |  
2019-08-21 17:38:53,648 | INFO  | DNAudit | user=null | ip=null | op=PUT_BLOCK {blockData=[blockId=conID: 1 locID: 102656188689154063 bcsId: 0,size=450]} | ret=SUCCESS |  
2019-08-21 17:38:53,648 | INFO  | DNAudit | user=null | ip=null | op=PUT_BLOCK {blockData=[blockId=conID: 1 locID: 102656188689154063 bcsId: 0,size=450]} | ret=SUCCESS |  
2019-08-21 17:38:53,648 [grpc-default-executor-9] INFO  client.GrpcClientProtocolClient (GrpcClientProtocolClient.java:onNext(255)) - client-FB7BD17F629F->8c197040-db5a-409b-844d-bbce80f31f7a: receive RaftClientReply:client-FB7BD17F629F->8c197040-db5a-409b-844d-bbce80f31f7a@group-A0FD3ED41361, cid=191, SUCCESS, logIndex=0, commits[8c197040-db5a-409b-844d-bbce80f31f7a:c14, 7eca2edd-1c28-4c17-b74d-733c4dbe681b:c13, d093da97-bee2-4e07-af8f-bafb3556f13f:c13]
2019-08-21 17:38:53,649 [main] INFO  datanode.ObjectStoreHandler (ObjectStoreHandler.java:close(155)) - Closing ObjectStoreHandler.
2019-08-21 17:38:53,649 [main] INFO  ozone.HddsDatanodeService (HddsDatanodeService.java:stop(451)) - Stopped plug-in org.apache.hadoop.ozone.web.OzoneHddsDatanodeService@62b72289
2019-08-21 17:38:53,708 | INFO  | SCMAudit | user=jenkins1000 | ip=192.168.69.88 | op=SEND_HEARTBEAT {datanodeUUID=57e59194-3b1d-4665-b11f-1ec0556c47eb, command=[]} | ret=SUCCESS |  
2019-08-21 17:38:53,920 | INFO  | SCMAudit | user=jenkins1000 | ip=192.168.69.88 | op=SEND_HEARTBEAT {datanodeUUID=802f8fbc-decc-4fe0-8596-5227c01e58c6, command=[]} | ret=SUCCESS |  
2019-08-21 17:38:53,936 [Thread-3591] INFO  impl.FollowerState (FollowerState.java:run(106)) - 76d52cc5-9633-42a9-b84b-2c228ac1c43f:group-E18F233E8EC5 changes to CANDIDATE, lastRpcTime:5089, electionTimeout:5089ms
2019-08-21 17:38:53,936 [Thread-3591] INFO  impl.RoleInfo (RoleInfo.java:shutdownFollowerState(121)) - 76d52cc5-9633-42a9-b84b-2c228ac1c43f: shutdown FollowerState
2019-08-21 17:38:53,936 [Thread-3591] INFO  impl.RaftServerImpl (RaftServerImpl.java:setRole(171)) - 76d52cc5-9633-42a9-b84b-2c228ac1c43f:group-E18F233E8EC5 changes role from FOLLOWER to CANDIDATE at term 0 for changeToCandidate
2019-08-21 17:38:53,936 [Thread-3591] INFO  impl.RoleInfo (RoleInfo.java:updateAndGet(143)) - 76d52cc5-9633-42a9-b84b-2c228ac1c43f: start LeaderElection
2019-08-21 17:38:53,956 [76d52cc5-9633-42a9-b84b-2c228ac1c43f:group-E18F233E8EC5:LeaderElection78] INFO  impl.LeaderElection (LeaderElection.java:askForVotes(181)) - 76d52cc5-9633-42a9-b84b-2c228ac1c43f:group-E18F233E8EC5:LeaderElection78: begin an election at term 1 for -1: [76d52cc5-9633-42a9-b84b-2c228ac1c43f:192.168.69.88:36204], old=null
2019-08-21 17:38:53,956 [76d52cc5-9633-42a9-b84b-2c228ac1c43f:group-E18F233E8EC5:LeaderElection78] INFO  impl.RoleInfo (RoleInfo.java:shutdownLeaderElection(134)) - 76d52cc5-9633-42a9-b84b-2c228ac1c43f: shutdown LeaderElection
2019-08-21 17:38:53,956 [76d52cc5-9633-42a9-b84b-2c228ac1c43f:group-E18F233E8EC5:LeaderElection78] INFO  impl.RaftServerImpl (RaftServerImpl.java:setRole(171)) - 76d52cc5-9633-42a9-b84b-2c228ac1c43f:group-E18F233E8EC5 changes role from CANDIDATE to LEADER at term 1 for changeToLeader
2019-08-21 17:38:53,956 [76d52cc5-9633-42a9-b84b-2c228ac1c43f:group-E18F233E8EC5:LeaderElection78] INFO  impl.RaftServerImpl (ServerState.java:setLeader(263)) - 76d52cc5-9633-42a9-b84b-2c228ac1c43f:group-E18F233E8EC5 change Leader from null to 76d52cc5-9633-42a9-b84b-2c228ac1c43f at term 1 for becomeLeader, leader elected after 5115ms
2019-08-21 17:38:53,956 [76d52cc5-9633-42a9-b84b-2c228ac1c43f:group-E18F233E8EC5:LeaderElection78] INFO  server.RaftServerConfigKeys (ConfUtils.java:logGet(43)) - raft.server.staging.catchup.gap = 1000 (default)
2019-08-21 17:38:53,957 [76d52cc5-9633-42a9-b84b-2c228ac1c43f:group-E18F233E8EC5:LeaderElection78] INFO  server.RaftServerConfigKeys (ConfUtils.java:logGet(43)) - raft.server.rpc.sleep.time = 25ms (default)
2019-08-21 17:38:53,957 [76d52cc5-9633-42a9-b84b-2c228ac1c43f:group-E18F233E8EC5:LeaderElection78] INFO  server.RaftServerConfigKeys (ConfUtils.java:logGet(43)) - raft.server.write.element-limit = 4096 (default)
2019-08-21 17:38:53,957 [76d52cc5-9633-42a9-b84b-2c228ac1c43f:group-E18F233E8EC5:LeaderElection78] INFO  server.RaftServerConfigKeys (ConfUtils.java:logGet(43)) - raft.server.watch.timeout = 10s (default)
2019-08-21 17:38:53,957 [76d52cc5-9633-42a9-b84b-2c228ac1c43f:group-E18F233E8EC5:LeaderElection78] INFO  server.RaftServerConfigKeys (ConfUtils.java:logGet(43)) - raft.server.watch.timeout.denomination = 1s (default)
2019-08-21 17:38:53,957 [76d52cc5-9633-42a9-b84b-2c228ac1c43f:group-E18F233E8EC5:LeaderElection78] INFO  server.RaftServerConfigKeys (ConfUtils.java:logGet(43)) - raft.server.watch.element-limit = 65536 (default)
2019-08-21 17:38:53,958 [76d52cc5-9633-42a9-b84b-2c228ac1c43f:group-E18F233E8EC5:LeaderElection78] INFO  impl.RoleInfo (RoleInfo.java:updateAndGet(143)) - 76d52cc5-9633-42a9-b84b-2c228ac1c43f: start LeaderState
2019-08-21 17:38:53,958 [76d52cc5-9633-42a9-b84b-2c228ac1c43f:group-E18F233E8EC5:LeaderElection78] INFO  segmented.SegmentedRaftLogWorker (SegmentedRaftLogWorker.java:startLogSegment(380)) - 76d52cc5-9633-42a9-b84b-2c228ac1c43f-SegmentedRaftLogWorker:Storage Directory /workdir/hadoop-ozone/integration-test/target/test-dir/MiniOzoneClusterImpl-c619d2d6-0016-4a2b-bb48-151a7992e575/datanode-6/data/ratis/e15a341e-c40b-4a02-a398-e18f233e8ec5: Starting segment from index:0
2019-08-21 17:38:53,958 [76d52cc5-9633-42a9-b84b-2c228ac1c43f:group-E18F233E8EC5:LeaderElection78] INFO  impl.RaftServerImpl (ServerState.java:setRaftConf(361)) - 76d52cc5-9633-42a9-b84b-2c228ac1c43f:group-E18F233E8EC5 set configuration 0: [76d52cc5-9633-42a9-b84b-2c228ac1c43f:192.168.69.88:36204], old=null at 0
2019-08-21 17:38:54,009 [76d52cc5-9633-42a9-b84b-2c228ac1c43f-SegmentedRaftLogWorker:Storage Directory /workdir/hadoop-ozone/integration-test/target/test-dir/MiniOzoneClusterImpl-c619d2d6-0016-4a2b-bb48-151a7992e575/datanode-6/data/ratis/e15a341e-c40b-4a02-a398-e18f233e8ec5] INFO  segmented.SegmentedRaftLogWorker (SegmentedRaftLogWorker.java:execute(569)) - 76d52cc5-9633-42a9-b84b-2c228ac1c43f-SegmentedRaftLogWorker:Storage Directory /workdir/hadoop-ozone/integration-test/target/test-dir/MiniOzoneClusterImpl-c619d2d6-0016-4a2b-bb48-151a7992e575/datanode-6/data/ratis/e15a341e-c40b-4a02-a398-e18f233e8ec5: created new log segment /workdir/hadoop-ozone/integration-test/target/test-dir/MiniOzoneClusterImpl-c619d2d6-0016-4a2b-bb48-151a7992e575/datanode-6/data/ratis/e15a341e-c40b-4a02-a398-e18f233e8ec5/current/log_inprogress_0
2019-08-21 17:38:54,110 | INFO  | SCMAudit | user=jenkins1000 | ip=192.168.69.88 | op=SEND_HEARTBEAT {datanodeUUID=76d52cc5-9633-42a9-b84b-2c228ac1c43f, command=[]} | ret=SUCCESS |  
2019-08-21 17:38:54,361 [Datanode State Machine Thread - 0] INFO  statemachine.DatanodeStateMachine (DatanodeStateMachine.java:lambda$startDaemon$0(350)) - Ozone container server started.
2019-08-21 17:38:54,362 | INFO  | SCMAudit | user=jenkins1000 | ip=192.168.69.88 | op=SEND_HEARTBEAT {datanodeUUID=d093da97-bee2-4e07-af8f-bafb3556f13f, command=[]} | ret=SUCCESS |  
2019-08-21 17:38:54,362 | INFO  | SCMAudit | user=jenkins1000 | ip=192.168.69.88 | op=SEND_HEARTBEAT {datanodeUUID=7eca2edd-1c28-4c17-b74d-733c4dbe681b, command=[]} | ret=SUCCESS |  
2019-08-21 17:38:54,495 | INFO  | SCMAudit | user=jenkins1000 | ip=192.168.69.88 | op=SEND_HEARTBEAT {datanodeUUID=076b8a8c-935b-40a1-9166-aa87fdf8f32e, command=[]} | ret=SUCCESS |  
2019-08-21 17:38:54,708 | INFO  | SCMAudit | user=jenkins1000 | ip=192.168.69.88 | op=SEND_HEARTBEAT {datanodeUUID=57e59194-3b1d-4665-b11f-1ec0556c47eb, command=[]} | ret=SUCCESS |  
2019-08-21 17:38:54,921 | INFO  | SCMAudit | user=jenkins1000 | ip=192.168.69.88 | op=SEND_HEARTBEAT {datanodeUUID=802f8fbc-decc-4fe0-8596-5227c01e58c6, command=[]} | ret=SUCCESS |  
2019-08-21 17:38:55,110 | INFO  | SCMAudit | user=jenkins1000 | ip=192.168.69.88 | op=SEND_HEARTBEAT {datanodeUUID=76d52cc5-9633-42a9-b84b-2c228ac1c43f, command=[]} | ret=SUCCESS |  
2019-08-21 17:38:55,361 | INFO  | SCMAudit | user=jenkins1000 | ip=192.168.69.88 | op=SEND_HEARTBEAT {datanodeUUID=d093da97-bee2-4e07-af8f-bafb3556f13f, command=[]} | ret=SUCCESS |  
2019-08-21 17:38:55,361 | INFO  | SCMAudit | user=jenkins1000 | ip=192.168.69.88 | op=SEND_HEARTBEAT {datanodeUUID=7eca2edd-1c28-4c17-b74d-733c4dbe681b, command=[]} | ret=SUCCESS |  
2019-08-21 17:38:55,494 | INFO  | SCMAudit | user=jenkins1000 | ip=192.168.69.88 | op=SEND_HEARTBEAT {datanodeUUID=076b8a8c-935b-40a1-9166-aa87fdf8f32e, command=[]} | ret=SUCCESS |  
2019-08-21 17:38:55,709 | INFO  | SCMAudit | user=jenkins1000 | ip=192.168.69.88 | op=SEND_HEARTBEAT {datanodeUUID=57e59194-3b1d-4665-b11f-1ec0556c47eb, command=[]} | ret=SUCCESS |  
2019-08-21 17:38:55,921 | INFO  | SCMAudit | user=jenkins1000 | ip=192.168.69.88 | op=SEND_HEARTBEAT {datanodeUUID=802f8fbc-decc-4fe0-8596-5227c01e58c6, command=[]} | ret=SUCCESS |  
2019-08-21 17:38:56,111 | INFO  | SCMAudit | user=jenkins1000 | ip=192.168.69.88 | op=SEND_HEARTBEAT {datanodeUUID=76d52cc5-9633-42a9-b84b-2c228ac1c43f, command=[]} | ret=SUCCESS |  
2019-08-21 17:38:56,361 | INFO  | SCMAudit | user=jenkins1000 | ip=192.168.69.88 | op=SEND_HEARTBEAT {datanodeUUID=7eca2edd-1c28-4c17-b74d-733c4dbe681b, command=[]} | ret=SUCCESS |  
2019-08-21 17:38:56,361 | INFO  | SCMAudit | user=jenkins1000 | ip=192.168.69.88 | op=SEND_HEARTBEAT {datanodeUUID=d093da97-bee2-4e07-af8f-bafb3556f13f, command=[]} | ret=SUCCESS |  
2019-08-21 17:38:56,494 | INFO  | SCMAudit | user=jenkins1000 | ip=192.168.69.88 | op=SEND_HEARTBEAT {datanodeUUID=076b8a8c-935b-40a1-9166-aa87fdf8f32e, command=[]} | ret=SUCCESS |  
2019-08-21 17:38:56,710 | INFO  | SCMAudit | user=jenkins1000 | ip=192.168.69.88 | op=SEND_HEARTBEAT {datanodeUUID=57e59194-3b1d-4665-b11f-1ec0556c47eb, command=[]} | ret=SUCCESS |  
2019-08-21 17:38:56,921 | INFO  | SCMAudit | user=jenkins1000 | ip=192.168.69.88 | op=SEND_HEARTBEAT {datanodeUUID=802f8fbc-decc-4fe0-8596-5227c01e58c6, command=[]} | ret=SUCCESS |  
2019-08-21 17:38:57,110 | INFO  | SCMAudit | user=jenkins1000 | ip=192.168.69.88 | op=SEND_HEARTBEAT {datanodeUUID=76d52cc5-9633-42a9-b84b-2c228ac1c43f, command=[]} | ret=SUCCESS |  
2019-08-21 17:38:57,361 | INFO  | SCMAudit | user=jenkins1000 | ip=192.168.69.88 | op=SEND_HEARTBEAT {datanodeUUID=d093da97-bee2-4e07-af8f-bafb3556f13f, command=[]} | ret=SUCCESS |  
2019-08-21 17:38:57,361 | INFO  | SCMAudit | user=jenkins1000 | ip=192.168.69.88 | op=SEND_HEARTBEAT {datanodeUUID=7eca2edd-1c28-4c17-b74d-733c4dbe681b, command=[]} | ret=SUCCESS |  
2019-08-21 17:38:57,494 | INFO  | SCMAudit | user=jenkins1000 | ip=192.168.69.88 | op=SEND_HEARTBEAT {datanodeUUID=076b8a8c-935b-40a1-9166-aa87fdf8f32e, command=[]} | ret=SUCCESS |  
2019-08-21 17:38:57,710 | INFO  | SCMAudit | user=jenkins1000 | ip=192.168.69.88 | op=SEND_HEARTBEAT {datanodeUUID=57e59194-3b1d-4665-b11f-1ec0556c47eb, command=[]} | ret=SUCCESS |  
2019-08-21 17:38:57,921 | INFO  | SCMAudit | user=jenkins1000 | ip=192.168.69.88 | op=SEND_HEARTBEAT {datanodeUUID=802f8fbc-decc-4fe0-8596-5227c01e58c6, command=[]} | ret=SUCCESS |  
2019-08-21 17:38:58,110 | INFO  | SCMAudit | user=jenkins1000 | ip=192.168.69.88 | op=SEND_HEARTBEAT {datanodeUUID=76d52cc5-9633-42a9-b84b-2c228ac1c43f, command=[]} | ret=SUCCESS |  
2019-08-21 17:38:58,362 | INFO  | SCMAudit | user=jenkins1000 | ip=192.168.69.88 | op=SEND_HEARTBEAT {datanodeUUID=7eca2edd-1c28-4c17-b74d-733c4dbe681b, command=[]} | ret=SUCCESS |  
2019-08-21 17:38:58,362 | INFO  | SCMAudit | user=jenkins1000 | ip=192.168.69.88 | op=SEND_HEARTBEAT {datanodeUUID=d093da97-bee2-4e07-af8f-bafb3556f13f, command=[]} | ret=SUCCESS |  
2019-08-21 17:38:58,401 [EventQueue-StaleNodeForStaleNodeHandler] INFO  node.StaleNodeHandler (StaleNodeHandler.java:onMessage(58)) - Datanode 8c197040-db5a-409b-844d-bbce80f31f7a{ip: 192.168.69.88, host: pr-hdds-1935-w6pq9-1452708900, networkLocation: /default-rack, certSerialId: null} moved to stale state. Finalizing its pipelines [PipelineID=063cef92-52c6-41d5-9d3d-a0fd3ed41361, PipelineID=d9938e08-f084-4a5d-a8f7-f136fbeb3874]
2019-08-21 17:38:58,402 [EventQueue-StaleNodeForStaleNodeHandler] INFO  pipeline.SCMPipelineManager (SCMPipelineManager.java:finalizeAndDestroyPipeline(309)) - destroying pipeline:Pipeline[ Id: 063cef92-52c6-41d5-9d3d-a0fd3ed41361, Nodes: 8c197040-db5a-409b-844d-bbce80f31f7a{ip: 192.168.69.88, host: pr-hdds-1935-w6pq9-1452708900, networkLocation: /default-rack, certSerialId: null}7eca2edd-1c28-4c17-b74d-733c4dbe681b{ip: 192.168.69.88, host: pr-hdds-1935-w6pq9-1452708900, networkLocation: /default-rack, certSerialId: null}d093da97-bee2-4e07-af8f-bafb3556f13f{ip: 192.168.69.88, host: pr-hdds-1935-w6pq9-1452708900, networkLocation: /default-rack, certSerialId: null}, Type:RATIS, Factor:THREE, State:OPEN]
2019-08-21 17:38:58,402 [EventQueue-StaleNodeForStaleNodeHandler] INFO  pipeline.PipelineStateManager (PipelineStateManager.java:finalizePipeline(123)) - Pipeline Pipeline[ Id: 063cef92-52c6-41d5-9d3d-a0fd3ed41361, Nodes: 8c197040-db5a-409b-844d-bbce80f31f7a{ip: 192.168.69.88, host: pr-hdds-1935-w6pq9-1452708900, networkLocation: /default-rack, certSerialId: null}7eca2edd-1c28-4c17-b74d-733c4dbe681b{ip: 192.168.69.88, host: pr-hdds-1935-w6pq9-1452708900, networkLocation: /default-rack, certSerialId: null}d093da97-bee2-4e07-af8f-bafb3556f13f{ip: 192.168.69.88, host: pr-hdds-1935-w6pq9-1452708900, networkLocation: /default-rack, certSerialId: null}, Type:RATIS, Factor:THREE, State:CLOSED] moved to CLOSED state
2019-08-21 17:38:58,403 [EventQueue-StaleNodeForStaleNodeHandler] INFO  pipeline.SCMPipelineManager (SCMPipelineManager.java:finalizeAndDestroyPipeline(309)) - destroying pipeline:Pipeline[ Id: d9938e08-f084-4a5d-a8f7-f136fbeb3874, Nodes: 8c197040-db5a-409b-844d-bbce80f31f7a{ip: 192.168.69.88, host: pr-hdds-1935-w6pq9-1452708900, networkLocation: /default-rack, certSerialId: null}, Type:RATIS, Factor:ONE, State:OPEN]
2019-08-21 17:38:58,403 [EventQueue-CloseContainerForCloseContainerEventHandler] INFO  container.CloseContainerEventHandler (CloseContainerEventHandler.java:onMessage(61)) - Close container Event triggered for container : #1
2019-08-21 17:38:58,403 [EventQueue-StaleNodeForStaleNodeHandler] INFO  pipeline.PipelineStateManager (PipelineStateManager.java:finalizePipeline(123)) - Pipeline Pipeline[ Id: d9938e08-f084-4a5d-a8f7-f136fbeb3874, Nodes: 8c197040-db5a-409b-844d-bbce80f31f7a{ip: 192.168.69.88, host: pr-hdds-1935-w6pq9-1452708900, networkLocation: /default-rack, certSerialId: null}, Type:RATIS, Factor:ONE, State:CLOSED] moved to CLOSED state
2019-08-21 17:38:58,494 | INFO  | SCMAudit | user=jenkins1000 | ip=192.168.69.88 | op=SEND_HEARTBEAT {datanodeUUID=076b8a8c-935b-40a1-9166-aa87fdf8f32e, command=[]} | ret=SUCCESS |  
2019-08-21 17:38:58,650 [main] INFO  ozoneimpl.OzoneContainer (OzoneContainer.java:stop(199)) - Attempting to stop container services.
2019-08-21 17:38:58,650 [main] INFO  impl.RaftServerProxy (RaftServerProxy.java:lambda$close$4(314)) - 8c197040-db5a-409b-844d-bbce80f31f7a: close
2019-08-21 17:38:58,650 [main] INFO  impl.RaftServerImpl (RaftServerImpl.java:lambda$shutdown$3(245)) - 8c197040-db5a-409b-844d-bbce80f31f7a: shutdown group-A0FD3ED41361
2019-08-21 17:38:58,651 [main] INFO  util.JmxRegister (JmxRegister.java:unregister(73)) - Successfully un-registered JMX Bean with object name Ratis:service=RaftServer,group=group-A0FD3ED41361,id=8c197040-db5a-409b-844d-bbce80f31f7a
2019-08-21 17:38:58,651 [main] INFO  impl.RoleInfo (RoleInfo.java:shutdownLeaderState(104)) - 8c197040-db5a-409b-844d-bbce80f31f7a: shutdown LeaderState
2019-08-21 17:38:58,657 [main] INFO  impl.PendingRequests (PendingRequests.java:sendNotLeaderResponses(202)) - 8c197040-db5a-409b-844d-bbce80f31f7a-PendingRequests: sendNotLeaderResponses
2019-08-21 17:38:58,657 [org.apache.ratis.server.impl.LogAppender$AppenderDaemon$$Lambda$529/1160415056@2bf0368a] WARN  server.GrpcLogAppender (GrpcLogAppender.java:mayWait(143)) - GrpcLogAppender(8c197040-db5a-409b-844d-bbce80f31f7a->7eca2edd-1c28-4c17-b74d-733c4dbe681b): Wait interrupted by java.lang.InterruptedException
2019-08-21 17:38:58,659 [StateMachineUpdater:8c197040-db5a-409b-844d-bbce80f31f7a:group-A0FD3ED41361] INFO  ratis.ContainerStateMachine (ContainerStateMachine.java:takeSnapshot(283)) - group-A0FD3ED41361: Taking a snapshot at:(t:1, i:13) file /workdir/hadoop-ozone/integration-test/target/test-dir/MiniOzoneClusterImpl-c619d2d6-0016-4a2b-bb48-151a7992e575/datanode-2/data/ratis/063cef92-52c6-41d5-9d3d-a0fd3ed41361/sm/snapshot.1_13
2019-08-21 17:38:58,659 [grpc-default-executor-9] INFO  server.GrpcServerProtocolService (GrpcServerProtocolService.java:onCompleted(104)) - 7eca2edd-1c28-4c17-b74d-733c4dbe681b: appendEntries completed
2019-08-21 17:38:58,659 [main] INFO  impl.StateMachineUpdater (StateMachineUpdater.java:stopAndJoin(115)) - StateMachineUpdater:8c197040-db5a-409b-844d-bbce80f31f7a:group-A0FD3ED41361: set stopIndex = 15
2019-08-21 17:38:58,657 [org.apache.ratis.server.impl.LogAppender$AppenderDaemon$$Lambda$529/1160415056@6ef2bd90] WARN  server.GrpcLogAppender (GrpcLogAppender.java:mayWait(143)) - GrpcLogAppender(8c197040-db5a-409b-844d-bbce80f31f7a->d093da97-bee2-4e07-af8f-bafb3556f13f): Wait interrupted by java.lang.InterruptedException
2019-08-21 17:38:58,660 [grpc-default-executor-9] INFO  server.GrpcLogAppender (GrpcLogAppender.java:onCompleted(292)) - 8c197040-db5a-409b-844d-bbce80f31f7a->7eca2edd-1c28-4c17-b74d-733c4dbe681b: follower responses appendEntries COMPLETED
2019-08-21 17:38:58,660 [grpc-default-executor-1] INFO  server.GrpcServerProtocolService (GrpcServerProtocolService.java:onCompleted(104)) - d093da97-bee2-4e07-af8f-bafb3556f13f: appendEntries completed
2019-08-21 17:38:58,660 [grpc-default-executor-9] INFO  impl.FollowerInfo (FollowerInfo.java:lambda$new$0(50)) - 8c197040-db5a-409b-844d-bbce80f31f7a->7eca2edd-1c28-4c17-b74d-733c4dbe681b: nextIndex: updateUnconditionally 16 -> 15
2019-08-21 17:38:58,660 [grpc-default-executor-1] INFO  server.GrpcLogAppender (GrpcLogAppender.java:onCompleted(292)) - 8c197040-db5a-409b-844d-bbce80f31f7a->d093da97-bee2-4e07-af8f-bafb3556f13f: follower responses appendEntries COMPLETED
2019-08-21 17:38:58,661 [grpc-default-executor-1] INFO  impl.FollowerInfo (FollowerInfo.java:lambda$new$0(50)) - 8c197040-db5a-409b-844d-bbce80f31f7a->d093da97-bee2-4e07-af8f-bafb3556f13f: nextIndex: updateUnconditionally 16 -> 15
2019-08-21 17:38:58,671 [StateMachineUpdater:8c197040-db5a-409b-844d-bbce80f31f7a:group-A0FD3ED41361] INFO  ratis.ContainerStateMachine (ContainerStateMachine.java:takeSnapshot(294)) - group-A0FD3ED41361: Finished taking a snapshot at:(t:1, i:13) file:/workdir/hadoop-ozone/integration-test/target/test-dir/MiniOzoneClusterImpl-c619d2d6-0016-4a2b-bb48-151a7992e575/datanode-2/data/ratis/063cef92-52c6-41d5-9d3d-a0fd3ed41361/sm/snapshot.1_13 time:13
2019-08-21 17:38:58,671 [StateMachineUpdater:8c197040-db5a-409b-844d-bbce80f31f7a:group-A0FD3ED41361] INFO  impl.StateMachineUpdater (StateMachineUpdater.java:takeSnapshot(242)) - StateMachineUpdater:8c197040-db5a-409b-844d-bbce80f31f7a:group-A0FD3ED41361: Took a snapshot at index 13
2019-08-21 17:38:58,671 [StateMachineUpdater:8c197040-db5a-409b-844d-bbce80f31f7a:group-A0FD3ED41361] INFO  impl.StateMachineUpdater (StateMachineUpdater.java:lambda$new$0(80)) - StateMachineUpdater:8c197040-db5a-409b-844d-bbce80f31f7a:group-A0FD3ED41361: snapshotIndex: updateIncreasingly -1 -> 13
2019-08-21 17:38:58,672 [main] INFO  impl.RaftServerImpl (ServerState.java:close(394)) - 8c197040-db5a-409b-844d-bbce80f31f7a:group-A0FD3ED41361 closes. The last applied log index is 15
2019-08-21 17:38:58,672 [8c197040-db5a-409b-844d-bbce80f31f7a-SegmentedRaftLogWorker:Storage Directory /workdir/hadoop-ozone/integration-test/target/test-dir/MiniOzoneClusterImpl-c619d2d6-0016-4a2b-bb48-151a7992e575/datanode-2/data/ratis/063cef92-52c6-41d5-9d3d-a0fd3ed41361] INFO  segmented.SegmentedRaftLogWorker (SegmentedRaftLogWorker.java:run(313)) - 8c197040-db5a-409b-844d-bbce80f31f7a-SegmentedRaftLogWorker:Storage Directory /workdir/hadoop-ozone/integration-test/target/test-dir/MiniOzoneClusterImpl-c619d2d6-0016-4a2b-bb48-151a7992e575/datanode-2/data/ratis/063cef92-52c6-41d5-9d3d-a0fd3ed41361 was interrupted, exiting. There are 0 tasks remaining in the queue.
2019-08-21 17:38:58,674 [main] INFO  segmented.SegmentedRaftLogWorker (SegmentedRaftLogWorker.java:close(228)) - 8c197040-db5a-409b-844d-bbce80f31f7a-SegmentedRaftLogWorker:Storage Directory /workdir/hadoop-ozone/integration-test/target/test-dir/MiniOzoneClusterImpl-c619d2d6-0016-4a2b-bb48-151a7992e575/datanode-2/data/ratis/063cef92-52c6-41d5-9d3d-a0fd3ed41361 close()
2019-08-21 17:38:58,677 [main] INFO  impl.RaftServerImpl (RaftServerImpl.java:lambda$shutdown$3(245)) - 8c197040-db5a-409b-844d-bbce80f31f7a: shutdown group-F136FBEB3874
2019-08-21 17:38:58,678 [main] INFO  util.JmxRegister (JmxRegister.java:unregister(73)) - Successfully un-registered JMX Bean with object name Ratis:service=RaftServer,group=group-F136FBEB3874,id=8c197040-db5a-409b-844d-bbce80f31f7a
2019-08-21 17:38:58,678 [main] INFO  impl.RoleInfo (RoleInfo.java:shutdownLeaderState(104)) - 8c197040-db5a-409b-844d-bbce80f31f7a: shutdown LeaderState
2019-08-21 17:38:58,678 [main] INFO  impl.PendingRequests (PendingRequests.java:sendNotLeaderResponses(202)) - 8c197040-db5a-409b-844d-bbce80f31f7a-PendingRequests: sendNotLeaderResponses
2019-08-21 17:38:58,679 [main] INFO  impl.StateMachineUpdater (StateMachineUpdater.java:stopAndJoin(115)) - StateMachineUpdater:8c197040-db5a-409b-844d-bbce80f31f7a:group-F136FBEB3874: set stopIndex = 0
2019-08-21 17:38:58,679 [main] INFO  impl.RaftServerImpl (ServerState.java:close(394)) - 8c197040-db5a-409b-844d-bbce80f31f7a:group-F136FBEB3874 closes. The last applied log index is 0
2019-08-21 17:38:58,680 [8c197040-db5a-409b-844d-bbce80f31f7a-SegmentedRaftLogWorker:Storage Directory /workdir/hadoop-ozone/integration-test/target/test-dir/MiniOzoneClusterImpl-c619d2d6-0016-4a2b-bb48-151a7992e575/datanode-2/data/ratis/d9938e08-f084-4a5d-a8f7-f136fbeb3874] INFO  segmented.SegmentedRaftLogWorker (SegmentedRaftLogWorker.java:run(313)) - 8c197040-db5a-409b-844d-bbce80f31f7a-SegmentedRaftLogWorker:Storage Directory /workdir/hadoop-ozone/integration-test/target/test-dir/MiniOzoneClusterImpl-c619d2d6-0016-4a2b-bb48-151a7992e575/datanode-2/data/ratis/d9938e08-f084-4a5d-a8f7-f136fbeb3874 was interrupted, exiting. There are 0 tasks remaining in the queue.
2019-08-21 17:38:58,681 [main] INFO  segmented.SegmentedRaftLogWorker (SegmentedRaftLogWorker.java:close(228)) - 8c197040-db5a-409b-844d-bbce80f31f7a-SegmentedRaftLogWorker:Storage Directory /workdir/hadoop-ozone/integration-test/target/test-dir/MiniOzoneClusterImpl-c619d2d6-0016-4a2b-bb48-151a7992e575/datanode-2/data/ratis/d9938e08-f084-4a5d-a8f7-f136fbeb3874 close()
2019-08-21 17:38:58,684 [main] INFO  server.GrpcService (GrpcService.java:closeImpl(155)) - 8c197040-db5a-409b-844d-bbce80f31f7a: shutdown server with port 45801 now
2019-08-21 17:38:58,685 [grpc-default-executor-9] WARN  client.GrpcClientProtocolService (LogUtils.java:warn(134)) - 2-UnorderedRequestStreamObserver2: onError: org.apache.ratis.thirdparty.io.grpc.StatusRuntimeException: CANCELLED: cancelled before receiving half close
2019-08-21 17:38:58,686 [main] INFO  server.GrpcService (GrpcService.java:closeImpl(163)) - 8c197040-db5a-409b-844d-bbce80f31f7a: shutdown server with port 45801 successfully
2019-08-21 17:38:58,687 [main] INFO  utils.BackgroundService (BackgroundService.java:shutdown(148)) - Shutting down service BlockDeletingService
2019-08-21 17:38:58,689 [refreshUsed-/workdir/hadoop-ozone/integration-test/target/test-dir/MiniOzoneClusterImpl-c619d2d6-0016-4a2b-bb48-151a7992e575/datanode-2/data/containers] WARN  fs.CachingGetSpaceUsed (CachingGetSpaceUsed.java:run(183)) - Thread Interrupted waiting to refresh disk information: sleep interrupted
2019-08-21 17:38:58,704 [main] INFO  statemachine.DatanodeStateMachine (DatanodeStateMachine.java:stopDaemon(395)) - Ozone container server stopped.
2019-08-21 17:38:58,704 [main] INFO  handler.ContextHandler (ContextHandler.java:doStop(910)) - Stopped o.e.j.w.WebAppContext@470c2a7a{/,null,UNAVAILABLE}{/hddsDatanode}
2019-08-21 17:38:58,705 [main] INFO  server.AbstractConnector (AbstractConnector.java:doStop(318)) - Stopped ServerConnector@62b3871{HTTP/1.1,[http/1.1]}{0.0.0.0:0}
2019-08-21 17:38:58,705 [main] INFO  handler.ContextHandler (ContextHandler.java:doStop(910)) - Stopped o.e.j.s.ServletContextHandler@4283f29b{/static,jar:file:/home/user/.m2/repository/org/apache/hadoop/hadoop-hdds-container-service/0.5.0-SNAPSHOT/hadoop-hdds-container-service-0.5.0-SNAPSHOT.jar!/webapps/static,UNAVAILABLE}
2019-08-21 17:38:58,705 [main] INFO  handler.ContextHandler (ContextHandler.java:doStop(910)) - Stopped o.e.j.s.ServletContextHandler@28c38eeb{/logs,file:///workdir/hadoop-ozone/integration-test/target/log,UNAVAILABLE}
2019-08-21 17:38:58,709 | INFO  | SCMAudit | user=jenkins1000 | ip=192.168.69.88 | op=SEND_HEARTBEAT {datanodeUUID=57e59194-3b1d-4665-b11f-1ec0556c47eb, command=[]} | ret=SUCCESS |  
2019-08-21 17:38:58,921 | INFO  | SCMAudit | user=jenkins1000 | ip=192.168.69.88 | op=SEND_HEARTBEAT {datanodeUUID=802f8fbc-decc-4fe0-8596-5227c01e58c6, command=[]} | ret=SUCCESS |  
2019-08-21 17:38:59,110 | INFO  | SCMAudit | user=jenkins1000 | ip=192.168.69.88 | op=SEND_HEARTBEAT {datanodeUUID=76d52cc5-9633-42a9-b84b-2c228ac1c43f, command=[]} | ret=SUCCESS |  
2019-08-21 17:38:59,362 | INFO  | SCMAudit | user=jenkins1000 | ip=192.168.69.88 | op=SEND_HEARTBEAT {datanodeUUID=d093da97-bee2-4e07-af8f-bafb3556f13f, command=[commandType: closeContainerCommand closeContainerCommandProto { containerID: 1 pipelineID { id: "063cef92-52c6-41d5-9d3d-a0fd3ed41361" } cmdId: 1 force: false } ]} | ret=SUCCESS |  
2019-08-21 17:38:59,362 | INFO  | SCMAudit | user=jenkins1000 | ip=192.168.69.88 | op=SEND_HEARTBEAT {datanodeUUID=7eca2edd-1c28-4c17-b74d-733c4dbe681b, command=[commandType: closeContainerCommand closeContainerCommandProto { containerID: 1 pipelineID { id: "063cef92-52c6-41d5-9d3d-a0fd3ed41361" } cmdId: 1 force: false } ]} | ret=SUCCESS |  
2019-08-21 17:38:59,495 | INFO  | SCMAudit | user=jenkins1000 | ip=192.168.69.88 | op=SEND_HEARTBEAT {datanodeUUID=076b8a8c-935b-40a1-9166-aa87fdf8f32e, command=[]} | ret=SUCCESS |  
2019-08-21 17:38:59,711 | INFO  | SCMAudit | user=jenkins1000 | ip=192.168.69.88 | op=SEND_HEARTBEAT {datanodeUUID=57e59194-3b1d-4665-b11f-1ec0556c47eb, command=[]} | ret=SUCCESS |  
2019-08-21 17:38:59,922 | INFO  | SCMAudit | user=jenkins1000 | ip=192.168.69.88 | op=SEND_HEARTBEAT {datanodeUUID=802f8fbc-decc-4fe0-8596-5227c01e58c6, command=[]} | ret=SUCCESS |  
2019-08-21 17:39:00,111 | INFO  | SCMAudit | user=jenkins1000 | ip=192.168.69.88 | op=SEND_HEARTBEAT {datanodeUUID=76d52cc5-9633-42a9-b84b-2c228ac1c43f, command=[]} | ret=SUCCESS |  
2019-08-21 17:39:00,361 | INFO  | SCMAudit | user=jenkins1000 | ip=192.168.69.88 | op=SEND_HEARTBEAT {datanodeUUID=d093da97-bee2-4e07-af8f-bafb3556f13f, command=[]} | ret=SUCCESS |  
2019-08-21 17:39:00,362 | INFO  | SCMAudit | user=jenkins1000 | ip=192.168.69.88 | op=SEND_HEARTBEAT {datanodeUUID=7eca2edd-1c28-4c17-b74d-733c4dbe681b, command=[]} | ret=SUCCESS |  
2019-08-21 17:39:00,388 | INFO  | SCMAudit | user=jenkins1000 | ip=192.168.69.88 | op=SEND_HEARTBEAT {datanodeUUID=7eca2edd-1c28-4c17-b74d-733c4dbe681b, command=[]} | ret=SUCCESS |  
2019-08-21 17:39:00,494 | INFO  | SCMAudit | user=jenkins1000 | ip=192.168.69.88 | op=SEND_HEARTBEAT {datanodeUUID=076b8a8c-935b-40a1-9166-aa87fdf8f32e, command=[]} | ret=SUCCESS |  
2019-08-21 17:39:00,710 | INFO  | SCMAudit | user=jenkins1000 | ip=192.168.69.88 | op=SEND_HEARTBEAT {datanodeUUID=57e59194-3b1d-4665-b11f-1ec0556c47eb, command=[]} | ret=SUCCESS |  
2019-08-21 17:39:00,718 [grpc-default-executor-6] INFO  client.GrpcClientProtocolClient (GrpcClientProtocolClient.java:onNext(255)) - client-FB7BD17F629F->7eca2edd-1c28-4c17-b74d-733c4dbe681b: receive RaftClientReply:client-FB7BD17F629F->7eca2edd-1c28-4c17-b74d-733c4dbe681b@group-A0FD3ED41361, cid=192, FAILED org.apache.ratis.protocol.NotLeaderException: Server 7eca2edd-1c28-4c17-b74d-733c4dbe681b is not the leader (8c197040-db5a-409b-844d-bbce80f31f7a:192.168.69.88:45801). Request must be sent to leader., logIndex=0, commits[7eca2edd-1c28-4c17-b74d-733c4dbe681b:c15, 8c197040-db5a-409b-844d-bbce80f31f7a:c15, d093da97-bee2-4e07-af8f-bafb3556f13f:c13]
2019-08-21 17:39:00,922 | INFO  | SCMAudit | user=jenkins1000 | ip=192.168.69.88 | op=SEND_HEARTBEAT {datanodeUUID=802f8fbc-decc-4fe0-8596-5227c01e58c6, command=[]} | ret=SUCCESS |  
2019-08-21 17:39:01,110 | INFO  | SCMAudit | user=jenkins1000 | ip=192.168.69.88 | op=SEND_HEARTBEAT {datanodeUUID=76d52cc5-9633-42a9-b84b-2c228ac1c43f, command=[]} | ret=SUCCESS |  
2019-08-21 17:39:01,361 | INFO  | SCMAudit | user=jenkins1000 | ip=192.168.69.88 | op=SEND_HEARTBEAT {datanodeUUID=d093da97-bee2-4e07-af8f-bafb3556f13f, command=[]} | ret=SUCCESS |  
2019-08-21 17:39:01,387 | INFO  | SCMAudit | user=jenkins1000 | ip=192.168.69.88 | op=SEND_HEARTBEAT {datanodeUUID=d093da97-bee2-4e07-af8f-bafb3556f13f, command=[]} | ret=SUCCESS |  
2019-08-21 17:39:01,387 | INFO  | SCMAudit | user=jenkins1000 | ip=192.168.69.88 | op=SEND_HEARTBEAT {datanodeUUID=7eca2edd-1c28-4c17-b74d-733c4dbe681b, command=[]} | ret=SUCCESS |  
2019-08-21 17:39:01,494 | INFO  | SCMAudit | user=jenkins1000 | ip=192.168.69.88 | op=SEND_HEARTBEAT {datanodeUUID=076b8a8c-935b-40a1-9166-aa87fdf8f32e, command=[]} | ret=SUCCESS |  
2019-08-21 17:39:01,710 | INFO  | SCMAudit | user=jenkins1000 | ip=192.168.69.88 | op=SEND_HEARTBEAT {datanodeUUID=57e59194-3b1d-4665-b11f-1ec0556c47eb, command=[]} | ret=SUCCESS |  
2019-08-21 17:39:01,730 [grpc-default-executor-9] INFO  client.GrpcClientProtocolClient (GrpcClientProtocolClient.java:onNext(255)) - client-FB7BD17F629F->7eca2edd-1c28-4c17-b74d-733c4dbe681b: receive RaftClientReply:client-FB7BD17F629F->7eca2edd-1c28-4c17-b74d-733c4dbe681b@group-A0FD3ED41361, cid=192, FAILED org.apache.ratis.protocol.NotLeaderException: Server 7eca2edd-1c28-4c17-b74d-733c4dbe681b is not the leader (8c197040-db5a-409b-844d-bbce80f31f7a:192.168.69.88:45801). Request must be sent to leader., logIndex=0, commits[7eca2edd-1c28-4c17-b74d-733c4dbe681b:c15, 8c197040-db5a-409b-844d-bbce80f31f7a:c15, d093da97-bee2-4e07-af8f-bafb3556f13f:c13]
2019-08-21 17:39:01,922 | INFO  | SCMAudit | user=jenkins1000 | ip=192.168.69.88 | op=SEND_HEARTBEAT {datanodeUUID=802f8fbc-decc-4fe0-8596-5227c01e58c6, command=[]} | ret=SUCCESS |  
2019-08-21 17:39:02,110 | INFO  | SCMAudit | user=jenkins1000 | ip=192.168.69.88 | op=SEND_HEARTBEAT {datanodeUUID=76d52cc5-9633-42a9-b84b-2c228ac1c43f, command=[]} | ret=SUCCESS |  
2019-08-21 17:39:02,387 | INFO  | SCMAudit | user=jenkins1000 | ip=192.168.69.88 | op=SEND_HEARTBEAT {datanodeUUID=d093da97-bee2-4e07-af8f-bafb3556f13f, command=[]} | ret=SUCCESS |  
2019-08-21 17:39:02,388 | INFO  | SCMAudit | user=jenkins1000 | ip=192.168.69.88 | op=SEND_HEARTBEAT {datanodeUUID=7eca2edd-1c28-4c17-b74d-733c4dbe681b, command=[]} | ret=SUCCESS |  
2019-08-21 17:39:02,494 | INFO  | SCMAudit | user=jenkins1000 | ip=192.168.69.88 | op=SEND_HEARTBEAT {datanodeUUID=076b8a8c-935b-40a1-9166-aa87fdf8f32e, command=[]} | ret=SUCCESS |  
2019-08-21 17:39:02,710 | INFO  | SCMAudit | user=jenkins1000 | ip=192.168.69.88 | op=SEND_HEARTBEAT {datanodeUUID=57e59194-3b1d-4665-b11f-1ec0556c47eb, command=[]} | ret=SUCCESS |  
2019-08-21 17:39:02,743 [grpc-default-executor-6] INFO  client.GrpcClientProtocolClient (GrpcClientProtocolClient.java:onNext(255)) - client-FB7BD17F629F->d093da97-bee2-4e07-af8f-bafb3556f13f: receive RaftClientReply:client-FB7BD17F629F->d093da97-bee2-4e07-af8f-bafb3556f13f@group-A0FD3ED41361, cid=192, FAILED org.apache.ratis.protocol.NotLeaderException: Server d093da97-bee2-4e07-af8f-bafb3556f13f is not the leader (8c197040-db5a-409b-844d-bbce80f31f7a:192.168.69.88:45801). Request must be sent to leader., logIndex=0, commits[d093da97-bee2-4e07-af8f-bafb3556f13f:c15, 8c197040-db5a-409b-844d-bbce80f31f7a:c15, 7eca2edd-1c28-4c17-b74d-733c4dbe681b:c13]
2019-08-21 17:39:02,922 | INFO  | SCMAudit | user=jenkins1000 | ip=192.168.69.88 | op=SEND_HEARTBEAT {datanodeUUID=802f8fbc-decc-4fe0-8596-5227c01e58c6, command=[]} | ret=SUCCESS |  
2019-08-21 17:39:03,110 | INFO  | SCMAudit | user=jenkins1000 | ip=192.168.69.88 | op=SEND_HEARTBEAT {datanodeUUID=76d52cc5-9633-42a9-b84b-2c228ac1c43f, command=[]} | ret=SUCCESS |  
2019-08-21 17:39:03,387 | INFO  | SCMAudit | user=jenkins1000 | ip=192.168.69.88 | op=SEND_HEARTBEAT {datanodeUUID=d093da97-bee2-4e07-af8f-bafb3556f13f, command=[]} | ret=SUCCESS |  
2019-08-21 17:39:03,388 | INFO  | SCMAudit | user=jenkins1000 | ip=192.168.69.88 | op=SEND_HEARTBEAT {datanodeUUID=7eca2edd-1c28-4c17-b74d-733c4dbe681b, command=[]} | ret=SUCCESS |  
2019-08-21 17:39:03,494 | INFO  | SCMAudit | user=jenkins1000 | ip=192.168.69.88 | op=SEND_HEARTBEAT {datanodeUUID=076b8a8c-935b-40a1-9166-aa87fdf8f32e, command=[]} | ret=SUCCESS |  
2019-08-21 17:39:03,710 | INFO  | SCMAudit | user=jenkins1000 | ip=192.168.69.88 | op=SEND_HEARTBEAT {datanodeUUID=57e59194-3b1d-4665-b11f-1ec0556c47eb, command=[]} | ret=SUCCESS |  
2019-08-21 17:39:03,756 [grpc-default-executor-9] INFO  client.GrpcClientProtocolClient (GrpcClientProtocolClient.java:onNext(255)) - client-FB7BD17F629F->7eca2edd-1c28-4c17-b74d-733c4dbe681b: receive RaftClientReply:client-FB7BD17F629F->7eca2edd-1c28-4c17-b74d-733c4dbe681b@group-A0FD3ED41361, cid=192, FAILED org.apache.ratis.protocol.NotLeaderException: Server 7eca2edd-1c28-4c17-b74d-733c4dbe681b is not the leader (8c197040-db5a-409b-844d-bbce80f31f7a:192.168.69.88:45801). Request must be sent to leader., logIndex=0, commits[7eca2edd-1c28-4c17-b74d-733c4dbe681b:c15, 8c197040-db5a-409b-844d-bbce80f31f7a:c15, d093da97-bee2-4e07-af8f-bafb3556f13f:c13]
2019-08-21 17:39:03,922 | INFO  | SCMAudit | user=jenkins1000 | ip=192.168.69.88 | op=SEND_HEARTBEAT {datanodeUUID=802f8fbc-decc-4fe0-8596-5227c01e58c6, command=[]} | ret=SUCCESS |  
2019-08-21 17:39:04,110 | INFO  | SCMAudit | user=jenkins1000 | ip=192.168.69.88 | op=SEND_HEARTBEAT {datanodeUUID=76d52cc5-9633-42a9-b84b-2c228ac1c43f, command=[]} | ret=SUCCESS |  
2019-08-21 17:39:04,387 | INFO  | SCMAudit | user=jenkins1000 | ip=192.168.69.88 | op=SEND_HEARTBEAT {datanodeUUID=d093da97-bee2-4e07-af8f-bafb3556f13f, command=[]} | ret=SUCCESS |  
2019-08-21 17:39:04,388 | INFO  | SCMAudit | user=jenkins1000 | ip=192.168.69.88 | op=SEND_HEARTBEAT {datanodeUUID=7eca2edd-1c28-4c17-b74d-733c4dbe681b, command=[]} | ret=SUCCESS |  
2019-08-21 17:39:04,494 | INFO  | SCMAudit | user=jenkins1000 | ip=192.168.69.88 | op=SEND_HEARTBEAT {datanodeUUID=076b8a8c-935b-40a1-9166-aa87fdf8f32e, command=[]} | ret=SUCCESS |  
2019-08-21 17:39:04,711 | INFO  | SCMAudit | user=jenkins1000 | ip=192.168.69.88 | op=SEND_HEARTBEAT {datanodeUUID=57e59194-3b1d-4665-b11f-1ec0556c47eb, command=[]} | ret=SUCCESS |  
2019-08-21 17:39:04,775 [grpc-default-executor-6] INFO  client.GrpcClientProtocolClient (GrpcClientProtocolClient.java:onNext(255)) - client-FB7BD17F629F->d093da97-bee2-4e07-af8f-bafb3556f13f: receive RaftClientReply:client-FB7BD17F629F->d093da97-bee2-4e07-af8f-bafb3556f13f@group-A0FD3ED41361, cid=192, FAILED org.apache.ratis.protocol.NotLeaderException: Server d093da97-bee2-4e07-af8f-bafb3556f13f is not the leader (8c197040-db5a-409b-844d-bbce80f31f7a:192.168.69.88:45801). Request must be sent to leader., logIndex=0, commits[d093da97-bee2-4e07-af8f-bafb3556f13f:c15, 8c197040-db5a-409b-844d-bbce80f31f7a:c15, 7eca2edd-1c28-4c17-b74d-733c4dbe681b:c13]
2019-08-21 17:39:04,923 | INFO  | SCMAudit | user=jenkins1000 | ip=192.168.69.88 | op=SEND_HEARTBEAT {datanodeUUID=802f8fbc-decc-4fe0-8596-5227c01e58c6, command=[]} | ret=SUCCESS |  
2019-08-21 17:39:05,111 | INFO  | SCMAudit | user=jenkins1000 | ip=192.168.69.88 | op=SEND_HEARTBEAT {datanodeUUID=76d52cc5-9633-42a9-b84b-2c228ac1c43f, command=[]} | ret=SUCCESS |  
2019-08-21 17:39:05,388 | INFO  | SCMAudit | user=jenkins1000 | ip=192.168.69.88 | op=SEND_HEARTBEAT {datanodeUUID=d093da97-bee2-4e07-af8f-bafb3556f13f, command=[]} | ret=SUCCESS |  
2019-08-21 17:39:05,388 | INFO  | SCMAudit | user=jenkins1000 | ip=192.168.69.88 | op=SEND_HEARTBEAT {datanodeUUID=7eca2edd-1c28-4c17-b74d-733c4dbe681b, command=[]} | ret=SUCCESS |  
2019-08-21 17:39:05,494 | INFO  | SCMAudit | user=jenkins1000 | ip=192.168.69.88 | op=SEND_HEARTBEAT {datanodeUUID=076b8a8c-935b-40a1-9166-aa87fdf8f32e, command=[]} | ret=SUCCESS |  
2019-08-21 17:39:05,711 | INFO  | SCMAudit | user=jenkins1000 | ip=192.168.69.88 | op=SEND_HEARTBEAT {datanodeUUID=57e59194-3b1d-4665-b11f-1ec0556c47eb, command=[]} | ret=SUCCESS |  
2019-08-21 17:39:05,790 [grpc-default-executor-1] INFO  client.GrpcClientProtocolClient (GrpcClientProtocolClient.java:onNext(255)) - client-FB7BD17F629F->d093da97-bee2-4e07-af8f-bafb3556f13f: receive RaftClientReply:client-FB7BD17F629F->d093da97-bee2-4e07-af8f-bafb3556f13f@group-A0FD3ED41361, cid=192, FAILED org.apache.ratis.protocol.NotLeaderException: Server d093da97-bee2-4e07-af8f-bafb3556f13f is not the leader (8c197040-db5a-409b-844d-bbce80f31f7a:192.168.69.88:45801). Request must be sent to leader., logIndex=0, commits[d093da97-bee2-4e07-af8f-bafb3556f13f:c15, 8c197040-db5a-409b-844d-bbce80f31f7a:c15, 7eca2edd-1c28-4c17-b74d-733c4dbe681b:c13]
2019-08-21 17:39:05,922 | INFO  | SCMAudit | user=jenkins1000 | ip=192.168.69.88 | op=SEND_HEARTBEAT {datanodeUUID=802f8fbc-decc-4fe0-8596-5227c01e58c6, command=[]} | ret=SUCCESS |  
2019-08-21 17:39:06,111 | INFO  | SCMAudit | user=jenkins1000 | ip=192.168.69.88 | op=SEND_HEARTBEAT {datanodeUUID=76d52cc5-9633-42a9-b84b-2c228ac1c43f, command=[]} | ret=SUCCESS |  
2019-08-21 17:39:06,387 | INFO  | SCMAudit | user=jenkins1000 | ip=192.168.69.88 | op=SEND_HEARTBEAT {datanodeUUID=d093da97-bee2-4e07-af8f-bafb3556f13f, command=[]} | ret=SUCCESS |  
2019-08-21 17:39:06,388 | INFO  | SCMAudit | user=jenkins1000 | ip=192.168.69.88 | op=SEND_HEARTBEAT {datanodeUUID=7eca2edd-1c28-4c17-b74d-733c4dbe681b, command=[]} | ret=SUCCESS |  
2019-08-21 17:39:06,495 | INFO  | SCMAudit | user=jenkins1000 | ip=192.168.69.88 | op=SEND_HEARTBEAT {datanodeUUID=076b8a8c-935b-40a1-9166-aa87fdf8f32e, command=[]} | ret=SUCCESS |  
2019-08-21 17:39:06,711 | INFO  | SCMAudit | user=jenkins1000 | ip=192.168.69.88 | op=SEND_HEARTBEAT {datanodeUUID=57e59194-3b1d-4665-b11f-1ec0556c47eb, command=[]} | ret=SUCCESS |  
2019-08-21 17:39:06,807 [grpc-default-executor-9] INFO  client.GrpcClientProtocolClient (GrpcClientProtocolClient.java:onNext(255)) - client-FB7BD17F629F->d093da97-bee2-4e07-af8f-bafb3556f13f: receive RaftClientReply:client-FB7BD17F629F->d093da97-bee2-4e07-af8f-bafb3556f13f@group-A0FD3ED41361, cid=192, FAILED org.apache.ratis.protocol.NotLeaderException: Server d093da97-bee2-4e07-af8f-bafb3556f13f is not the leader (8c197040-db5a-409b-844d-bbce80f31f7a:192.168.69.88:45801). Request must be sent to leader., logIndex=0, commits[d093da97-bee2-4e07-af8f-bafb3556f13f:c15, 8c197040-db5a-409b-844d-bbce80f31f7a:c15, 7eca2edd-1c28-4c17-b74d-733c4dbe681b:c13]
2019-08-21 17:39:06,922 | INFO  | SCMAudit | user=jenkins1000 | ip=192.168.69.88 | op=SEND_HEARTBEAT {datanodeUUID=802f8fbc-decc-4fe0-8596-5227c01e58c6, command=[]} | ret=SUCCESS |  
2019-08-21 17:39:07,111 | INFO  | SCMAudit | user=jenkins1000 | ip=192.168.69.88 | op=SEND_HEARTBEAT {datanodeUUID=76d52cc5-9633-42a9-b84b-2c228ac1c43f, command=[]} | ret=SUCCESS |  
2019-08-21 17:39:07,388 | INFO  | SCMAudit | user=jenkins1000 | ip=192.168.69.88 | op=SEND_HEARTBEAT {datanodeUUID=d093da97-bee2-4e07-af8f-bafb3556f13f, command=[]} | ret=SUCCESS |  
2019-08-21 17:39:07,389 | INFO  | SCMAudit | user=jenkins1000 | ip=192.168.69.88 | op=SEND_HEARTBEAT {datanodeUUID=7eca2edd-1c28-4c17-b74d-733c4dbe681b, command=[]} | ret=SUCCESS |  
2019-08-21 17:39:07,495 | INFO  | SCMAudit | user=jenkins1000 | ip=192.168.69.88 | op=SEND_HEARTBEAT {datanodeUUID=076b8a8c-935b-40a1-9166-aa87fdf8f32e, command=[]} | ret=SUCCESS |  
2019-08-21 17:39:07,660 [Thread-3616] INFO  impl.FollowerState (FollowerState.java:run(106)) - d093da97-bee2-4e07-af8f-bafb3556f13f:group-A0FD3ED41361 changes to CANDIDATE, lastRpcTime:9001, electionTimeout:5032ms
2019-08-21 17:39:07,660 [Thread-3616] INFO  impl.RoleInfo (RoleInfo.java:shutdownFollowerState(121)) - d093da97-bee2-4e07-af8f-bafb3556f13f: shutdown FollowerState
2019-08-21 17:39:07,660 [Thread-3616] INFO  impl.RaftServerImpl (RaftServerImpl.java:setRole(171)) - d093da97-bee2-4e07-af8f-bafb3556f13f:group-A0FD3ED41361 changes role from FOLLOWER to CANDIDATE at term 1 for changeToCandidate
2019-08-21 17:39:07,660 [Thread-3616] INFO  impl.RoleInfo (RoleInfo.java:updateAndGet(143)) - d093da97-bee2-4e07-af8f-bafb3556f13f: start LeaderElection
2019-08-21 17:39:07,664 [d093da97-bee2-4e07-af8f-bafb3556f13f:group-A0FD3ED41361:LeaderElection79] INFO  impl.RaftServerImpl (ServerState.java:setLeader(263)) - d093da97-bee2-4e07-af8f-bafb3556f13f:group-A0FD3ED41361 change Leader from 8c197040-db5a-409b-844d-bbce80f31f7a to null at term 1 for initElection
2019-08-21 17:39:07,677 [d093da97-bee2-4e07-af8f-bafb3556f13f:group-A0FD3ED41361:LeaderElection79] INFO  impl.LeaderElection (LeaderElection.java:askForVotes(181)) - d093da97-bee2-4e07-af8f-bafb3556f13f:group-A0FD3ED41361:LeaderElection79: begin an election at term 2 for 0: [8c197040-db5a-409b-844d-bbce80f31f7a:192.168.69.88:45801, 7eca2edd-1c28-4c17-b74d-733c4dbe681b:192.168.69.88:38334, d093da97-bee2-4e07-af8f-bafb3556f13f:192.168.69.88:38106], old=null
2019-08-21 17:39:07,680 [d093da97-bee2-4e07-af8f-bafb3556f13f:group-A0FD3ED41361:LeaderElection79] INFO  impl.LeaderElection (LogUtils.java:infoOrTrace(149)) - d093da97-bee2-4e07-af8f-bafb3556f13f:group-A0FD3ED41361:LeaderElection79 got exception when requesting votes: {}
java.util.concurrent.ExecutionException: org.apache.ratis.thirdparty.io.grpc.StatusRuntimeException: UNAVAILABLE: io exception
	at java.util.concurrent.FutureTask.report(FutureTask.java:122)
	at java.util.concurrent.FutureTask.get(FutureTask.java:192)
	at org.apache.ratis.server.impl.LeaderElection.waitForResults(LeaderElection.java:262)
	at org.apache.ratis.server.impl.LeaderElection.askForVotes(LeaderElection.java:200)
	at org.apache.ratis.server.impl.LeaderElection.run(LeaderElection.java:130)
	at java.lang.Thread.run(Thread.java:748)
Caused by: org.apache.ratis.thirdparty.io.grpc.StatusRuntimeException: UNAVAILABLE: io exception
	at org.apache.ratis.thirdparty.io.grpc.stub.ClientCalls.toStatusRuntimeException(ClientCalls.java:233)
	at org.apache.ratis.thirdparty.io.grpc.stub.ClientCalls.getUnchecked(ClientCalls.java:214)
	at org.apache.ratis.thirdparty.io.grpc.stub.ClientCalls.blockingUnaryCall(ClientCalls.java:139)
	at org.apache.ratis.proto.grpc.RaftServerProtocolServiceGrpc$RaftServerProtocolServiceBlockingStub.requestVote(RaftServerProtocolServiceGrpc.java:265)
	at org.apache.ratis.grpc.server.GrpcServerProtocolClient.requestVote(GrpcServerProtocolClient.java:83)
	at org.apache.ratis.grpc.server.GrpcService.requestVote(GrpcService.java:195)
	at org.apache.ratis.server.impl.LeaderElection.lambda$submitRequests$1(LeaderElection.java:237)
	at java.util.concurrent.FutureTask.run(FutureTask.java:266)
	at java.util.concurrent.Executors$RunnableAdapter.call(Executors.java:511)
	at java.util.concurrent.FutureTask.run(FutureTask.java:266)
	at java.util.concurrent.ThreadPoolExecutor.runWorker(ThreadPoolExecutor.java:1149)
	at java.util.concurrent.ThreadPoolExecutor$Worker.run(ThreadPoolExecutor.java:624)
	... 1 more
Caused by: org.apache.ratis.thirdparty.io.netty.channel.AbstractChannel$AnnotatedConnectException: Connection refused: /192.168.69.88:45801
	at sun.nio.ch.SocketChannelImpl.checkConnect(Native Method)
	at sun.nio.ch.SocketChannelImpl.finishConnect(SocketChannelImpl.java:717)
	at org.apache.ratis.thirdparty.io.netty.channel.socket.nio.NioSocketChannel.doFinishConnect(NioSocketChannel.java:327)
	at org.apache.ratis.thirdparty.io.netty.channel.nio.AbstractNioChannel$AbstractNioUnsafe.finishConnect(AbstractNioChannel.java:340)
	at org.apache.ratis.thirdparty.io.netty.channel.nio.NioEventLoop.processSelectedKey(NioEventLoop.java:632)
	at org.apache.ratis.thirdparty.io.netty.channel.nio.NioEventLoop.processSelectedKeysOptimized(NioEventLoop.java:579)
	at org.apache.ratis.thirdparty.io.netty.channel.nio.NioEventLoop.processSelectedKeys(NioEventLoop.java:496)
	at org.apache.ratis.thirdparty.io.netty.channel.nio.NioEventLoop.run(NioEventLoop.java:458)
	at org.apache.ratis.thirdparty.io.netty.util.concurrent.SingleThreadEventExecutor$5.run(SingleThreadEventExecutor.java:897)
	at org.apache.ratis.thirdparty.io.netty.util.concurrent.FastThreadLocalRunnable.run(FastThreadLocalRunnable.java:30)
	... 1 more
Caused by: java.net.ConnectException: Connection refused
	... 11 more
2019-08-21 17:39:07,685 [grpc-default-executor-1] INFO  impl.RaftServerImpl (ServerState.java:setLeader(263)) - 7eca2edd-1c28-4c17-b74d-733c4dbe681b:group-A0FD3ED41361 change Leader from 8c197040-db5a-409b-844d-bbce80f31f7a to null at term 2 for updateCurrentTerm
2019-08-21 17:39:07,685 [grpc-default-executor-1] INFO  impl.RaftServerImpl (RaftServerImpl.java:setRole(171)) - 7eca2edd-1c28-4c17-b74d-733c4dbe681b:group-A0FD3ED41361 changes role from FOLLOWER to FOLLOWER at term 2 for recognizeCandidate:d093da97-bee2-4e07-af8f-bafb3556f13f
2019-08-21 17:39:07,685 [grpc-default-executor-1] INFO  impl.RoleInfo (RoleInfo.java:shutdownFollowerState(121)) - 7eca2edd-1c28-4c17-b74d-733c4dbe681b: shutdown FollowerState
2019-08-21 17:39:07,685 [grpc-default-executor-1] INFO  impl.RoleInfo (RoleInfo.java:updateAndGet(143)) - 7eca2edd-1c28-4c17-b74d-733c4dbe681b: start FollowerState
2019-08-21 17:39:07,685 [Thread-3615] INFO  impl.FollowerState (FollowerState.java:run(114)) - 7eca2edd-1c28-4c17-b74d-733c4dbe681b: FollowerState was interrupted: java.lang.InterruptedException: sleep interrupted
2019-08-21 17:39:07,704 [d093da97-bee2-4e07-af8f-bafb3556f13f:group-A0FD3ED41361:LeaderElection79] INFO  impl.LeaderElection (LeaderElection.java:logAndReturn(56)) - d093da97-bee2-4e07-af8f-bafb3556f13f:group-A0FD3ED41361:LeaderElection79: Election PASSED; received 1 response(s) [d093da97-bee2-4e07-af8f-bafb3556f13f<-7eca2edd-1c28-4c17-b74d-733c4dbe681b#0:OK-t2] and 1 exception(s); d093da97-bee2-4e07-af8f-bafb3556f13f:t2, leader=null, voted=d093da97-bee2-4e07-af8f-bafb3556f13f, raftlog=d093da97-bee2-4e07-af8f-bafb3556f13f-SegmentedRaftLog:OPENED:c15,f15,i15, conf=0: [8c197040-db5a-409b-844d-bbce80f31f7a:192.168.69.88:45801, 7eca2edd-1c28-4c17-b74d-733c4dbe681b:192.168.69.88:38334, d093da97-bee2-4e07-af8f-bafb3556f13f:192.168.69.88:38106], old=null
2019-08-21 17:39:07,704 [d093da97-bee2-4e07-af8f-bafb3556f13f:group-A0FD3ED41361:LeaderElection79] INFO  impl.LeaderElection (LogUtils.java:infoOrTrace(149)) -   Exception 0: {}
java.util.concurrent.ExecutionException: org.apache.ratis.thirdparty.io.grpc.StatusRuntimeException: UNAVAILABLE: io exception
	at java.util.concurrent.FutureTask.report(FutureTask.java:122)
	at java.util.concurrent.FutureTask.get(FutureTask.java:192)
	at org.apache.ratis.server.impl.LeaderElection.waitForResults(LeaderElection.java:262)
	at org.apache.ratis.server.impl.LeaderElection.askForVotes(LeaderElection.java:200)
	at org.apache.ratis.server.impl.LeaderElection.run(LeaderElection.java:130)
	at java.lang.Thread.run(Thread.java:748)
Caused by: org.apache.ratis.thirdparty.io.grpc.StatusRuntimeException: UNAVAILABLE: io exception
	at org.apache.ratis.thirdparty.io.grpc.stub.ClientCalls.toStatusRuntimeException(ClientCalls.java:233)
	at org.apache.ratis.thirdparty.io.grpc.stub.ClientCalls.getUnchecked(ClientCalls.java:214)
	at org.apache.ratis.thirdparty.io.grpc.stub.ClientCalls.blockingUnaryCall(ClientCalls.java:139)
	at org.apache.ratis.proto.grpc.RaftServerProtocolServiceGrpc$RaftServerProtocolServiceBlockingStub.requestVote(RaftServerProtocolServiceGrpc.java:265)
	at org.apache.ratis.grpc.server.GrpcServerProtocolClient.requestVote(GrpcServerProtocolClient.java:83)
	at org.apache.ratis.grpc.server.GrpcService.requestVote(GrpcService.java:195)
	at org.apache.ratis.server.impl.LeaderElection.lambda$submitRequests$1(LeaderElection.java:237)
	at java.util.concurrent.FutureTask.run(FutureTask.java:266)
	at java.util.concurrent.Executors$RunnableAdapter.call(Executors.java:511)
	at java.util.concurrent.FutureTask.run(FutureTask.java:266)
	at java.util.concurrent.ThreadPoolExecutor.runWorker(ThreadPoolExecutor.java:1149)
	at java.util.concurrent.ThreadPoolExecutor$Worker.run(ThreadPoolExecutor.java:624)
	... 1 more
Caused by: org.apache.ratis.thirdparty.io.netty.channel.AbstractChannel$AnnotatedConnectException: Connection refused: /192.168.69.88:45801
	at sun.nio.ch.SocketChannelImpl.checkConnect(Native Method)
	at sun.nio.ch.SocketChannelImpl.finishConnect(SocketChannelImpl.java:717)
	at org.apache.ratis.thirdparty.io.netty.channel.socket.nio.NioSocketChannel.doFinishConnect(NioSocketChannel.java:327)
	at org.apache.ratis.thirdparty.io.netty.channel.nio.AbstractNioChannel$AbstractNioUnsafe.finishConnect(AbstractNioChannel.java:340)
	at org.apache.ratis.thirdparty.io.netty.channel.nio.NioEventLoop.processSelectedKey(NioEventLoop.java:632)
	at org.apache.ratis.thirdparty.io.netty.channel.nio.NioEventLoop.processSelectedKeysOptimized(NioEventLoop.java:579)
	at org.apache.ratis.thirdparty.io.netty.channel.nio.NioEventLoop.processSelectedKeys(NioEventLoop.java:496)
	at org.apache.ratis.thirdparty.io.netty.channel.nio.NioEventLoop.run(NioEventLoop.java:458)
	at org.apache.ratis.thirdparty.io.netty.util.concurrent.SingleThreadEventExecutor$5.run(SingleThreadEventExecutor.java:897)
	at org.apache.ratis.thirdparty.io.netty.util.concurrent.FastThreadLocalRunnable.run(FastThreadLocalRunnable.java:30)
	... 1 more
Caused by: java.net.ConnectException: Connection refused
	... 11 more
2019-08-21 17:39:07,705 [d093da97-bee2-4e07-af8f-bafb3556f13f:group-A0FD3ED41361:LeaderElection79] INFO  impl.RoleInfo (RoleInfo.java:shutdownLeaderElection(134)) - d093da97-bee2-4e07-af8f-bafb3556f13f: shutdown LeaderElection
2019-08-21 17:39:07,705 [d093da97-bee2-4e07-af8f-bafb3556f13f:group-A0FD3ED41361:LeaderElection79] INFO  impl.RaftServerImpl (RaftServerImpl.java:setRole(171)) - d093da97-bee2-4e07-af8f-bafb3556f13f:group-A0FD3ED41361 changes role from CANDIDATE to LEADER at term 2 for changeToLeader
2019-08-21 17:39:07,705 [d093da97-bee2-4e07-af8f-bafb3556f13f:group-A0FD3ED41361:LeaderElection79] INFO  impl.RaftServerImpl (ServerState.java:setLeader(263)) - d093da97-bee2-4e07-af8f-bafb3556f13f:group-A0FD3ED41361 change Leader from null to d093da97-bee2-4e07-af8f-bafb3556f13f at term 2 for becomeLeader, leader elected after 41ms
2019-08-21 17:39:07,705 [d093da97-bee2-4e07-af8f-bafb3556f13f:group-A0FD3ED41361:LeaderElection79] INFO  server.RaftServerConfigKeys (ConfUtils.java:logGet(43)) - raft.server.staging.catchup.gap = 1000 (default)
2019-08-21 17:39:07,705 [d093da97-bee2-4e07-af8f-bafb3556f13f:group-A0FD3ED41361:LeaderElection79] INFO  server.RaftServerConfigKeys (ConfUtils.java:logGet(43)) - raft.server.rpc.sleep.time = 25ms (default)
2019-08-21 17:39:07,706 [d093da97-bee2-4e07-af8f-bafb3556f13f:group-A0FD3ED41361:LeaderElection79] INFO  server.RaftServerConfigKeys (ConfUtils.java:logGet(43)) - raft.server.write.element-limit = 4096 (default)
2019-08-21 17:39:07,706 [d093da97-bee2-4e07-af8f-bafb3556f13f:group-A0FD3ED41361:LeaderElection79] INFO  server.RaftServerConfigKeys (ConfUtils.java:logGet(43)) - raft.server.watch.timeout = 10s (default)
2019-08-21 17:39:07,706 [d093da97-bee2-4e07-af8f-bafb3556f13f:group-A0FD3ED41361:LeaderElection79] INFO  server.RaftServerConfigKeys (ConfUtils.java:logGet(43)) - raft.server.watch.timeout.denomination = 1s (default)
2019-08-21 17:39:07,706 [d093da97-bee2-4e07-af8f-bafb3556f13f:group-A0FD3ED41361:LeaderElection79] INFO  server.RaftServerConfigKeys (ConfUtils.java:logGet(43)) - raft.server.watch.element-limit = 65536 (default)
2019-08-21 17:39:07,707 [d093da97-bee2-4e07-af8f-bafb3556f13f:group-A0FD3ED41361:LeaderElection79] INFO  server.RaftServerConfigKeys (ConfUtils.java:logGet(43)) - raft.server.log.appender.snapshot.chunk.size.max = 16MB (=16777216) (default)
2019-08-21 17:39:07,707 [d093da97-bee2-4e07-af8f-bafb3556f13f:group-A0FD3ED41361:LeaderElection79] INFO  server.RaftServerConfigKeys (ConfUtils.java:logGet(43)) - raft.server.log.appender.buffer.byte-limit = 33554432 (custom)
2019-08-21 17:39:07,707 [d093da97-bee2-4e07-af8f-bafb3556f13f:group-A0FD3ED41361:LeaderElection79] INFO  server.RaftServerConfigKeys (ConfUtils.java:logGet(43)) - raft.server.log.appender.buffer.element-limit = 1 (custom)
2019-08-21 17:39:07,707 [d093da97-bee2-4e07-af8f-bafb3556f13f:group-A0FD3ED41361:LeaderElection79] INFO  grpc.GrpcConfigKeys$Server (ConfUtils.java:logGet(43)) - raft.grpc.server.leader.outstanding.appends.max = 128 (default)
2019-08-21 17:39:07,708 [d093da97-bee2-4e07-af8f-bafb3556f13f:group-A0FD3ED41361:LeaderElection79] INFO  server.RaftServerConfigKeys (ConfUtils.java:logGet(43)) - raft.server.rpc.request.timeout = 3000ms (default)
2019-08-21 17:39:07,708 [d093da97-bee2-4e07-af8f-bafb3556f13f:group-A0FD3ED41361:LeaderElection79] INFO  server.RaftServerConfigKeys (ConfUtils.java:logGet(43)) - raft.server.log.appender.install.snapshot.enabled = false (custom)
2019-08-21 17:39:07,708 [d093da97-bee2-4e07-af8f-bafb3556f13f:group-A0FD3ED41361:LeaderElection79] INFO  server.RaftServerConfigKeys (ConfUtils.java:logGet(43)) - raft.server.log.appender.snapshot.chunk.size.max = 16MB (=16777216) (default)
2019-08-21 17:39:07,708 [d093da97-bee2-4e07-af8f-bafb3556f13f:group-A0FD3ED41361:LeaderElection79] INFO  server.RaftServerConfigKeys (ConfUtils.java:logGet(43)) - raft.server.log.appender.buffer.byte-limit = 33554432 (custom)
2019-08-21 17:39:07,708 [d093da97-bee2-4e07-af8f-bafb3556f13f:group-A0FD3ED41361:LeaderElection79] INFO  server.RaftServerConfigKeys (ConfUtils.java:logGet(43)) - raft.server.log.appender.buffer.element-limit = 1 (custom)
2019-08-21 17:39:07,709 [d093da97-bee2-4e07-af8f-bafb3556f13f:group-A0FD3ED41361:LeaderElection79] INFO  grpc.GrpcConfigKeys$Server (ConfUtils.java:logGet(43)) - raft.grpc.server.leader.outstanding.appends.max = 128 (default)
2019-08-21 17:39:07,709 [d093da97-bee2-4e07-af8f-bafb3556f13f:group-A0FD3ED41361:LeaderElection79] INFO  server.RaftServerConfigKeys (ConfUtils.java:logGet(43)) - raft.server.rpc.request.timeout = 3000ms (default)
2019-08-21 17:39:07,709 [d093da97-bee2-4e07-af8f-bafb3556f13f:group-A0FD3ED41361:LeaderElection79] INFO  server.RaftServerConfigKeys (ConfUtils.java:logGet(43)) - raft.server.log.appender.install.snapshot.enabled = false (custom)
2019-08-21 17:39:07,709 [d093da97-bee2-4e07-af8f-bafb3556f13f:group-A0FD3ED41361:LeaderElection79] INFO  impl.RoleInfo (RoleInfo.java:updateAndGet(143)) - d093da97-bee2-4e07-af8f-bafb3556f13f: start LeaderState
2019-08-21 17:39:07,710 [d093da97-bee2-4e07-af8f-bafb3556f13f:group-A0FD3ED41361:LeaderElection79] INFO  segmented.SegmentedRaftLogWorker (SegmentedRaftLogWorker.java:rollLogSegment(385)) - d093da97-bee2-4e07-af8f-bafb3556f13f-SegmentedRaftLogWorker:Storage Directory /workdir/hadoop-ozone/integration-test/target/test-dir/MiniOzoneClusterImpl-c619d2d6-0016-4a2b-bb48-151a7992e575/datanode-1/data/ratis/063cef92-52c6-41d5-9d3d-a0fd3ed41361: Rolling segment log-0_15 to index:15
2019-08-21 17:39:07,711 [d093da97-bee2-4e07-af8f-bafb3556f13f-SegmentedRaftLogWorker:Storage Directory /workdir/hadoop-ozone/integration-test/target/test-dir/MiniOzoneClusterImpl-c619d2d6-0016-4a2b-bb48-151a7992e575/datanode-1/data/ratis/063cef92-52c6-41d5-9d3d-a0fd3ed41361] INFO  segmented.SegmentedRaftLogWorker (SegmentedRaftLogWorker.java:execute(526)) - d093da97-bee2-4e07-af8f-bafb3556f13f-SegmentedRaftLogWorker:Storage Directory /workdir/hadoop-ozone/integration-test/target/test-dir/MiniOzoneClusterImpl-c619d2d6-0016-4a2b-bb48-151a7992e575/datanode-1/data/ratis/063cef92-52c6-41d5-9d3d-a0fd3ed41361: Rolled log segment from /workdir/hadoop-ozone/integration-test/target/test-dir/MiniOzoneClusterImpl-c619d2d6-0016-4a2b-bb48-151a7992e575/datanode-1/data/ratis/063cef92-52c6-41d5-9d3d-a0fd3ed41361/current/log_inprogress_0 to /workdir/hadoop-ozone/integration-test/target/test-dir/MiniOzoneClusterImpl-c619d2d6-0016-4a2b-bb48-151a7992e575/datanode-1/data/ratis/063cef92-52c6-41d5-9d3d-a0fd3ed41361/current/log_0-15
2019-08-21 17:39:07,711 [d093da97-bee2-4e07-af8f-bafb3556f13f:group-A0FD3ED41361:LeaderElection79] INFO  impl.RaftServerImpl (ServerState.java:setRaftConf(361)) - d093da97-bee2-4e07-af8f-bafb3556f13f:group-A0FD3ED41361 set configuration 16: [8c197040-db5a-409b-844d-bbce80f31f7a:192.168.69.88:45801, 7eca2edd-1c28-4c17-b74d-733c4dbe681b:192.168.69.88:38334, d093da97-bee2-4e07-af8f-bafb3556f13f:192.168.69.88:38106], old=null at 16
2019-08-21 17:39:07,711 | INFO  | SCMAudit | user=jenkins1000 | ip=192.168.69.88 | op=SEND_HEARTBEAT {datanodeUUID=57e59194-3b1d-4665-b11f-1ec0556c47eb, command=[]} | ret=SUCCESS |  
2019-08-21 17:39:07,711 [grpc-default-executor-1] WARN  server.GrpcLogAppender (LogUtils.java:warn(134)) - d093da97-bee2-4e07-af8f-bafb3556f13f->8c197040-db5a-409b-844d-bbce80f31f7a: Failed appendEntries: org.apache.ratis.thirdparty.io.grpc.StatusRuntimeException: UNAVAILABLE: io exception
2019-08-21 17:39:07,712 [grpc-default-executor-1] INFO  impl.FollowerInfo (FollowerInfo.java:lambda$new$0(50)) - d093da97-bee2-4e07-af8f-bafb3556f13f->8c197040-db5a-409b-844d-bbce80f31f7a: nextIndex: updateUnconditionally 16 -> 1
2019-08-21 17:39:07,712 [grpc-default-executor-6] INFO  impl.RaftServerImpl (ServerState.java:setLeader(263)) - 7eca2edd-1c28-4c17-b74d-733c4dbe681b:group-A0FD3ED41361 change Leader from null to d093da97-bee2-4e07-af8f-bafb3556f13f at term 2 for appendEntries, leader elected after 27ms
2019-08-21 17:39:07,715 [grpc-default-executor-6] INFO  impl.RaftServerImpl (ServerState.java:setRaftConf(361)) - 7eca2edd-1c28-4c17-b74d-733c4dbe681b:group-A0FD3ED41361 set configuration 16: [8c197040-db5a-409b-844d-bbce80f31f7a:192.168.69.88:45801, 7eca2edd-1c28-4c17-b74d-733c4dbe681b:192.168.69.88:38334, d093da97-bee2-4e07-af8f-bafb3556f13f:192.168.69.88:38106], old=null at 16
2019-08-21 17:39:07,715 [grpc-default-executor-6] INFO  segmented.SegmentedRaftLogWorker (SegmentedRaftLogWorker.java:rollLogSegment(385)) - 7eca2edd-1c28-4c17-b74d-733c4dbe681b-SegmentedRaftLogWorker:Storage Directory /workdir/hadoop-ozone/integration-test/target/test-dir/MiniOzoneClusterImpl-c619d2d6-0016-4a2b-bb48-151a7992e575/datanode-0/data/ratis/063cef92-52c6-41d5-9d3d-a0fd3ed41361: Rolling segment log-0_15 to index:15
2019-08-21 17:39:07,716 [7eca2edd-1c28-4c17-b74d-733c4dbe681b-SegmentedRaftLogWorker:Storage Directory /workdir/hadoop-ozone/integration-test/target/test-dir/MiniOzoneClusterImpl-c619d2d6-0016-4a2b-bb48-151a7992e575/datanode-0/data/ratis/063cef92-52c6-41d5-9d3d-a0fd3ed41361] INFO  segmented.SegmentedRaftLogWorker (SegmentedRaftLogWorker.java:execute(526)) - 7eca2edd-1c28-4c17-b74d-733c4dbe681b-SegmentedRaftLogWorker:Storage Directory /workdir/hadoop-ozone/integration-test/target/test-dir/MiniOzoneClusterImpl-c619d2d6-0016-4a2b-bb48-151a7992e575/datanode-0/data/ratis/063cef92-52c6-41d5-9d3d-a0fd3ed41361: Rolled log segment from /workdir/hadoop-ozone/integration-test/target/test-dir/MiniOzoneClusterImpl-c619d2d6-0016-4a2b-bb48-151a7992e575/datanode-0/data/ratis/063cef92-52c6-41d5-9d3d-a0fd3ed41361/current/log_inprogress_0 to /workdir/hadoop-ozone/integration-test/target/test-dir/MiniOzoneClusterImpl-c619d2d6-0016-4a2b-bb48-151a7992e575/datanode-0/data/ratis/063cef92-52c6-41d5-9d3d-a0fd3ed41361/current/log_0-15
2019-08-21 17:39:07,774 [7eca2edd-1c28-4c17-b74d-733c4dbe681b-SegmentedRaftLogWorker:Storage Directory /workdir/hadoop-ozone/integration-test/target/test-dir/MiniOzoneClusterImpl-c619d2d6-0016-4a2b-bb48-151a7992e575/datanode-0/data/ratis/063cef92-52c6-41d5-9d3d-a0fd3ed41361] INFO  segmented.SegmentedRaftLogWorker (SegmentedRaftLogWorker.java:execute(569)) - 7eca2edd-1c28-4c17-b74d-733c4dbe681b-SegmentedRaftLogWorker:Storage Directory /workdir/hadoop-ozone/integration-test/target/test-dir/MiniOzoneClusterImpl-c619d2d6-0016-4a2b-bb48-151a7992e575/datanode-0/data/ratis/063cef92-52c6-41d5-9d3d-a0fd3ed41361: created new log segment /workdir/hadoop-ozone/integration-test/target/test-dir/MiniOzoneClusterImpl-c619d2d6-0016-4a2b-bb48-151a7992e575/datanode-0/data/ratis/063cef92-52c6-41d5-9d3d-a0fd3ed41361/current/log_inprogress_16
2019-08-21 17:39:07,774 [d093da97-bee2-4e07-af8f-bafb3556f13f-SegmentedRaftLogWorker:Storage Directory /workdir/hadoop-ozone/integration-test/target/test-dir/MiniOzoneClusterImpl-c619d2d6-0016-4a2b-bb48-151a7992e575/datanode-1/data/ratis/063cef92-52c6-41d5-9d3d-a0fd3ed41361] INFO  segmented.SegmentedRaftLogWorker (SegmentedRaftLogWorker.java:execute(569)) - d093da97-bee2-4e07-af8f-bafb3556f13f-SegmentedRaftLogWorker:Storage Directory /workdir/hadoop-ozone/integration-test/target/test-dir/MiniOzoneClusterImpl-c619d2d6-0016-4a2b-bb48-151a7992e575/datanode-1/data/ratis/063cef92-52c6-41d5-9d3d-a0fd3ed41361: created new log segment /workdir/hadoop-ozone/integration-test/target/test-dir/MiniOzoneClusterImpl-c619d2d6-0016-4a2b-bb48-151a7992e575/datanode-1/data/ratis/063cef92-52c6-41d5-9d3d-a0fd3ed41361/current/log_inprogress_16
2019-08-21 17:39:07,795 | INFO  | DNAudit | user=null | ip=null | op=READ_CHUNK {blockData=conID: 1 locID: 102656188689154063 bcsId: 0} | ret=SUCCESS |  
2019-08-21 17:39:07,798 [grpc-default-executor-6] WARN  server.GrpcLogAppender (LogUtils.java:warn(134)) - d093da97-bee2-4e07-af8f-bafb3556f13f->8c197040-db5a-409b-844d-bbce80f31f7a: Failed appendEntries: org.apache.ratis.thirdparty.io.grpc.StatusRuntimeException: UNAVAILABLE: io exception
2019-08-21 17:39:07,798 [grpc-default-executor-6] INFO  impl.FollowerInfo (FollowerInfo.java:lambda$new$0(50)) - d093da97-bee2-4e07-af8f-bafb3556f13f->8c197040-db5a-409b-844d-bbce80f31f7a: nextIndex: updateUnconditionally 2 -> 1
2019-08-21 17:39:07,801 [grpc-default-executor-9] WARN  server.GrpcLogAppender (LogUtils.java:warn(134)) - d093da97-bee2-4e07-af8f-bafb3556f13f->8c197040-db5a-409b-844d-bbce80f31f7a: Failed appendEntries: org.apache.ratis.thirdparty.io.grpc.StatusRuntimeException: UNAVAILABLE: io exception
2019-08-21 17:39:07,802 [grpc-default-executor-9] INFO  impl.FollowerInfo (FollowerInfo.java:lambda$new$0(50)) - d093da97-bee2-4e07-af8f-bafb3556f13f->8c197040-db5a-409b-844d-bbce80f31f7a: nextIndex: updateUnconditionally 2 -> 1
2019-08-21 17:39:07,819 [grpc-default-executor-9] INFO  client.GrpcClientProtocolClient (GrpcClientProtocolClient.java:onNext(255)) - client-FB7BD17F629F->7eca2edd-1c28-4c17-b74d-733c4dbe681b: receive RaftClientReply:client-FB7BD17F629F->7eca2edd-1c28-4c17-b74d-733c4dbe681b@group-A0FD3ED41361, cid=192, FAILED org.apache.ratis.protocol.NotLeaderException: Server 7eca2edd-1c28-4c17-b74d-733c4dbe681b is not the leader (d093da97-bee2-4e07-af8f-bafb3556f13f:192.168.69.88:38106). Request must be sent to leader., logIndex=0, commits[7eca2edd-1c28-4c17-b74d-733c4dbe681b:c16, 8c197040-db5a-409b-844d-bbce80f31f7a:c15, d093da97-bee2-4e07-af8f-bafb3556f13f:c16]
2019-08-21 17:39:07,824 | ERROR | DNAudit | user=null | ip=null | op=WRITE_CHUNK {blockData=conID: 1 locID: 102656188689154063 bcsId: 13} | ret=FAILURE | org.apache.hadoop.hdds.scm.container.common.helpers.ContainerNotOpenException: Container 1 in CLOSING state
	at org.apache.hadoop.ozone.container.common.impl.HddsDispatcher.validateContainerCommand(HddsDispatcher.java:408)
	at org.apache.hadoop.ozone.container.common.transport.server.ratis.ContainerStateMachine.startTransaction(ContainerStateMachine.java:309) 
2019-08-21 17:39:07,831 [grpc-default-executor-1] INFO  client.GrpcClientProtocolClient (GrpcClientProtocolClient.java:onNext(255)) - client-FB7BD17F629F->d093da97-bee2-4e07-af8f-bafb3556f13f: receive RaftClientReply:client-FB7BD17F629F->d093da97-bee2-4e07-af8f-bafb3556f13f@group-A0FD3ED41361, cid=192, FAILED org.apache.ratis.protocol.StateMachineException: org.apache.hadoop.hdds.scm.container.common.helpers.ContainerNotOpenException from Server d093da97-bee2-4e07-af8f-bafb3556f13f: Container 1 in CLOSING state, logIndex=0, commits[d093da97-bee2-4e07-af8f-bafb3556f13f:c17, 8c197040-db5a-409b-844d-bbce80f31f7a:c15, 7eca2edd-1c28-4c17-b74d-733c4dbe681b:c16]
2019-08-21 17:39:07,832 | ERROR | DNAudit | user=null | ip=null | op=WRITE_CHUNK {blockData=conID: 1 locID: 102656188689154063 bcsId: 13} | ret=FAILURE | org.apache.hadoop.hdds.scm.container.common.helpers.ContainerNotOpenException: Container 1 in CLOSING state
	at org.apache.hadoop.ozone.container.common.impl.HddsDispatcher.validateContainerCommand(HddsDispatcher.java:408)
	at org.apache.hadoop.ozone.container.common.transport.server.ratis.ContainerStateMachine.startTransaction(ContainerStateMachine.java:309) 
2019-08-21 17:39:07,833 | ERROR | DNAudit | user=null | ip=null | op=PUT_BLOCK {blockData=[blockId=conID: 1 locID: 102656188689154063 bcsId: 0,size=650]} | ret=FAILURE | org.apache.hadoop.hdds.scm.container.common.helpers.ContainerNotOpenException: Container 1 in CLOSING state
	at org.apache.hadoop.ozone.container.common.impl.HddsDispatcher.validateContainerCommand(HddsDispatcher.java:408)
	at org.apache.hadoop.ozone.container.common.transport.server.ratis.ContainerStateMachine.startTransaction(ContainerStateMachine.java:309) 
2019-08-21 17:39:07,841 [grpc-default-executor-1] INFO  client.GrpcClientProtocolClient (GrpcClientProtocolClient.java:onNext(255)) - client-FB7BD17F629F->d093da97-bee2-4e07-af8f-bafb3556f13f: receive RaftClientReply:client-FB7BD17F629F->d093da97-bee2-4e07-af8f-bafb3556f13f@group-A0FD3ED41361, cid=193, FAILED org.apache.ratis.protocol.StateMachineException: org.apache.hadoop.hdds.scm.container.common.helpers.ContainerNotOpenException from Server d093da97-bee2-4e07-af8f-bafb3556f13f: Container 1 in CLOSING state, logIndex=0, commits[d093da97-bee2-4e07-af8f-bafb3556f13f:c17, 8c197040-db5a-409b-844d-bbce80f31f7a:c15, 7eca2edd-1c28-4c17-b74d-733c4dbe681b:c16]
2019-08-21 17:39:07,841 | ERROR | DNAudit | user=null | ip=null | op=WRITE_CHUNK {blockData=conID: 1 locID: 102656188689154063 bcsId: 13} | ret=FAILURE | org.apache.hadoop.hdds.scm.container.common.helpers.ContainerNotOpenException: Container 1 in CLOSING state
	at org.apache.hadoop.ozone.container.common.impl.HddsDispatcher.validateContainerCommand(HddsDispatcher.java:408)
	at org.apache.hadoop.ozone.container.common.transport.server.ratis.ContainerStateMachine.startTransaction(ContainerStateMachine.java:309) 
2019-08-21 17:39:07,844 [grpc-default-executor-1] INFO  client.GrpcClientProtocolClient (GrpcClientProtocolClient.java:onNext(255)) - client-FB7BD17F629F->d093da97-bee2-4e07-af8f-bafb3556f13f: receive RaftClientReply:client-FB7BD17F629F->d093da97-bee2-4e07-af8f-bafb3556f13f@group-A0FD3ED41361, cid=194, FAILED org.apache.ratis.protocol.StateMachineException: org.apache.hadoop.hdds.scm.container.common.helpers.ContainerNotOpenException from Server d093da97-bee2-4e07-af8f-bafb3556f13f: Container 1 in CLOSING state, logIndex=0, commits[d093da97-bee2-4e07-af8f-bafb3556f13f:c17, 8c197040-db5a-409b-844d-bbce80f31f7a:c15, 7eca2edd-1c28-4c17-b74d-733c4dbe681b:c16]
2019-08-21 17:39:07,844 | ERROR | DNAudit | user=null | ip=null | op=WRITE_CHUNK {blockData=conID: 1 locID: 102656188689154063 bcsId: 13} | ret=FAILURE | org.apache.hadoop.hdds.scm.container.common.helpers.ContainerNotOpenException: Container 1 in CLOSING state
	at org.apache.hadoop.ozone.container.common.impl.HddsDispatcher.validateContainerCommand(HddsDispatcher.java:408)
	at org.apache.hadoop.ozone.container.common.transport.server.ratis.ContainerStateMachine.startTransaction(ContainerStateMachine.java:309) 
2019-08-21 17:39:07,845 | ERROR | DNAudit | user=null | ip=null | op=PUT_BLOCK {blockData=[blockId=conID: 1 locID: 102656188689154063 bcsId: 0,size=800]} | ret=FAILURE | org.apache.hadoop.hdds.scm.container.common.helpers.ContainerNotOpenException: Container 1 in CLOSING state
	at org.apache.hadoop.ozone.container.common.impl.HddsDispatcher.validateContainerCommand(HddsDispatcher.java:408)
	at org.apache.hadoop.ozone.container.common.transport.server.ratis.ContainerStateMachine.startTransaction(ContainerStateMachine.java:309) 
2019-08-21 17:39:07,845 [grpc-default-executor-1] INFO  client.GrpcClientProtocolClient (GrpcClientProtocolClient.java:onNext(255)) - client-FB7BD17F629F->d093da97-bee2-4e07-af8f-bafb3556f13f: receive RaftClientReply:client-FB7BD17F629F->d093da97-bee2-4e07-af8f-bafb3556f13f@group-A0FD3ED41361, cid=195, FAILED org.apache.ratis.protocol.StateMachineException: org.apache.hadoop.hdds.scm.container.common.helpers.ContainerNotOpenException from Server d093da97-bee2-4e07-af8f-bafb3556f13f: Container 1 in CLOSING state, logIndex=0, commits[d093da97-bee2-4e07-af8f-bafb3556f13f:c17, 8c197040-db5a-409b-844d-bbce80f31f7a:c15, 7eca2edd-1c28-4c17-b74d-733c4dbe681b:c16]
2019-08-21 17:39:07,852 [grpc-default-executor-1] INFO  client.GrpcClientProtocolClient (GrpcClientProtocolClient.java:onNext(255)) - client-FB7BD17F629F->d093da97-bee2-4e07-af8f-bafb3556f13f: receive RaftClientReply:client-FB7BD17F629F->d093da97-bee2-4e07-af8f-bafb3556f13f@group-A0FD3ED41361, cid=196, FAILED org.apache.ratis.protocol.StateMachineException: org.apache.hadoop.hdds.scm.container.common.helpers.ContainerNotOpenException from Server d093da97-bee2-4e07-af8f-bafb3556f13f: Container 1 in CLOSING state, logIndex=0, commits[d093da97-bee2-4e07-af8f-bafb3556f13f:c17, 8c197040-db5a-409b-844d-bbce80f31f7a:c15, 7eca2edd-1c28-4c17-b74d-733c4dbe681b:c16]
2019-08-21 17:39:07,853 [grpc-default-executor-1] INFO  client.GrpcClientProtocolClient (GrpcClientProtocolClient.java:onNext(255)) - client-FB7BD17F629F->d093da97-bee2-4e07-af8f-bafb3556f13f: receive RaftClientReply:client-FB7BD17F629F->d093da97-bee2-4e07-af8f-bafb3556f13f@group-A0FD3ED41361, cid=197, FAILED org.apache.ratis.protocol.StateMachineException: org.apache.hadoop.hdds.scm.container.common.helpers.ContainerNotOpenException from Server d093da97-bee2-4e07-af8f-bafb3556f13f: Container 1 in CLOSING state, logIndex=0, commits[d093da97-bee2-4e07-af8f-bafb3556f13f:c17, 8c197040-db5a-409b-844d-bbce80f31f7a:c15, 7eca2edd-1c28-4c17-b74d-733c4dbe681b:c16]
2019-08-21 17:39:07,883 | INFO  | SCMAudit | user=jenkins1000 | ip=192.168.69.88 | op=ALLOCATE_BLOCK {owner=0104a91f-d1f6-4933-a37c-3510a7f94728, size=800, type=RATIS, factor=THREE} | ret=SUCCESS |  
2019-08-21 17:39:07,884 | INFO  | OMAudit | user=jenkins1000 | ip=127.0.0.1 | op=ALLOCATE_BLOCK {volume=testblockoutputstream, bucket=testblockoutputstream, key=dedb13ff-e895-4bce-b6bb-e4070a28846f, dataSize=0, replicationType=null, replicationFactor=null, keyLocationInfo=null, clientID=102656188689022990} | ret=SUCCESS |  
2019-08-21 17:39:07,894 [grpc-default-executor-9] INFO  client.GrpcClientProtocolClient (GrpcClientProtocolClient.java:onNext(255)) - client-5B90CF091895->57e59194-3b1d-4665-b11f-1ec0556c47eb: receive RaftClientReply:client-5B90CF091895->57e59194-3b1d-4665-b11f-1ec0556c47eb@group-976DBCC56D49, cid=198, FAILED org.apache.ratis.protocol.NotLeaderException: Server 57e59194-3b1d-4665-b11f-1ec0556c47eb is not the leader (802f8fbc-decc-4fe0-8596-5227c01e58c6:192.168.69.88:44406). Request must be sent to leader., logIndex=0, commits[57e59194-3b1d-4665-b11f-1ec0556c47eb:c0, 076b8a8c-935b-40a1-9166-aa87fdf8f32e:c0, 802f8fbc-decc-4fe0-8596-5227c01e58c6:c0]
2019-08-21 17:39:07,922 | INFO  | SCMAudit | user=jenkins1000 | ip=192.168.69.88 | op=SEND_HEARTBEAT {datanodeUUID=802f8fbc-decc-4fe0-8596-5227c01e58c6, command=[]} | ret=SUCCESS |  
2019-08-21 17:39:08,002 | INFO  | SCMAudit | user=jenkins1000 | ip=192.168.69.88 | op=SEND_HEARTBEAT {datanodeUUID=802f8fbc-decc-4fe0-8596-5227c01e58c6, command=[]} | ret=SUCCESS |  
2019-08-21 17:39:08,008 | INFO  | DNAudit | user=null | ip=null | op=WRITE_CHUNK {blockData=conID: 2 locID: 102656189915660304 bcsId: 0} | ret=SUCCESS |  
2019-08-21 17:39:08,022 | INFO  | DNAudit | user=null | ip=null | op=WRITE_CHUNK {blockData=conID: 2 locID: 102656189915660304 bcsId: 0} | ret=SUCCESS |  
2019-08-21 17:39:08,024 | INFO  | DNAudit | user=null | ip=null | op=WRITE_CHUNK {blockData=conID: 2 locID: 102656189915660304 bcsId: 0} | ret=SUCCESS |  
2019-08-21 17:39:08,024 | INFO  | SCMAudit | user=jenkins1000 | ip=192.168.69.88 | op=SEND_HEARTBEAT {datanodeUUID=076b8a8c-935b-40a1-9166-aa87fdf8f32e, command=[]} | ret=SUCCESS |  
2019-08-21 17:39:08,024 | INFO  | SCMAudit | user=jenkins1000 | ip=192.168.69.88 | op=SEND_HEARTBEAT {datanodeUUID=57e59194-3b1d-4665-b11f-1ec0556c47eb, command=[]} | ret=SUCCESS |  
2019-08-21 17:39:08,037 | INFO  | DNAudit | user=null | ip=null | op=WRITE_CHUNK {blockData=conID: 2 locID: 102656189915660304 bcsId: 0} | ret=SUCCESS |  
2019-08-21 17:39:08,040 [grpc-default-executor-1] INFO  client.GrpcClientProtocolClient (GrpcClientProtocolClient.java:onNext(255)) - client-5B90CF091895->802f8fbc-decc-4fe0-8596-5227c01e58c6: receive RaftClientReply:client-5B90CF091895->802f8fbc-decc-4fe0-8596-5227c01e58c6@group-976DBCC56D49, cid=198, SUCCESS, logIndex=1, commits[802f8fbc-decc-4fe0-8596-5227c01e58c6:c1, 076b8a8c-935b-40a1-9166-aa87fdf8f32e:c0, 57e59194-3b1d-4665-b11f-1ec0556c47eb:c0]
2019-08-21 17:39:08,042 | INFO  | DNAudit | user=null | ip=null | op=WRITE_CHUNK {blockData=conID: 2 locID: 102656189915660304 bcsId: 0} | ret=SUCCESS |  
2019-08-21 17:39:08,044 | INFO  | DNAudit | user=null | ip=null | op=WRITE_CHUNK {blockData=conID: 2 locID: 102656189915660304 bcsId: 0} | ret=SUCCESS |  
2019-08-21 17:39:08,045 | INFO  | DNAudit | user=null | ip=null | op=WRITE_CHUNK {blockData=conID: 2 locID: 102656189915660304 bcsId: 0} | ret=SUCCESS |  
2019-08-21 17:39:08,046 | INFO  | DNAudit | user=null | ip=null | op=WRITE_CHUNK {blockData=conID: 2 locID: 102656189915660304 bcsId: 0} | ret=SUCCESS |  
2019-08-21 17:39:08,050 | INFO  | DNAudit | user=null | ip=null | op=WRITE_CHUNK {blockData=conID: 2 locID: 102656189915660304 bcsId: 0} | ret=SUCCESS |  
2019-08-21 17:39:08,051 | INFO  | DNAudit | user=null | ip=null | op=WRITE_CHUNK {blockData=conID: 2 locID: 102656189915660304 bcsId: 0} | ret=SUCCESS |  
2019-08-21 17:39:08,051 | INFO  | DNAudit | user=null | ip=null | op=WRITE_CHUNK {blockData=conID: 2 locID: 102656189915660304 bcsId: 0} | ret=SUCCESS |  
2019-08-21 17:39:08,051 | INFO  | DNAudit | user=null | ip=null | op=WRITE_CHUNK {blockData=conID: 2 locID: 102656189915660304 bcsId: 0} | ret=SUCCESS |  
2019-08-21 17:39:08,051 | INFO  | DNAudit | user=null | ip=null | op=WRITE_CHUNK {blockData=conID: 2 locID: 102656189915660304 bcsId: 0} | ret=SUCCESS |  
2019-08-21 17:39:08,051 | INFO  | DNAudit | user=null | ip=null | op=WRITE_CHUNK {blockData=conID: 2 locID: 102656189915660304 bcsId: 0} | ret=SUCCESS |  
2019-08-21 17:39:08,051 | INFO  | DNAudit | user=null | ip=null | op=WRITE_CHUNK {blockData=conID: 2 locID: 102656189915660304 bcsId: 0} | ret=SUCCESS |  
2019-08-21 17:39:08,057 | INFO  | DNAudit | user=null | ip=null | op=WRITE_CHUNK {blockData=conID: 2 locID: 102656189915660304 bcsId: 0} | ret=SUCCESS |  
2019-08-21 17:39:08,061 [grpc-default-executor-6] INFO  client.GrpcClientProtocolClient (GrpcClientProtocolClient.java:onNext(255)) - client-5B90CF091895->802f8fbc-decc-4fe0-8596-5227c01e58c6: receive RaftClientReply:client-5B90CF091895->802f8fbc-decc-4fe0-8596-5227c01e58c6@group-976DBCC56D49, cid=199, SUCCESS, logIndex=3, commits[802f8fbc-decc-4fe0-8596-5227c01e58c6:c4, 076b8a8c-935b-40a1-9166-aa87fdf8f32e:c2, 57e59194-3b1d-4665-b11f-1ec0556c47eb:c2]
2019-08-21 17:39:08,068 | INFO  | DNAudit | user=null | ip=null | op=WRITE_CHUNK {blockData=conID: 2 locID: 102656189915660304 bcsId: 0} | ret=SUCCESS |  
2019-08-21 17:39:08,069 | INFO  | DNAudit | user=null | ip=null | op=WRITE_CHUNK {blockData=conID: 2 locID: 102656189915660304 bcsId: 0} | ret=SUCCESS |  
2019-08-21 17:39:08,099 | INFO  | DNAudit | user=null | ip=null | op=PUT_BLOCK {blockData=[blockId=conID: 2 locID: 102656189915660304 bcsId: 0,size=200]} | ret=SUCCESS |  
2019-08-21 17:39:08,100 | INFO  | DNAudit | user=null | ip=null | op=WRITE_CHUNK {blockData=conID: 2 locID: 102656189915660304 bcsId: 0} | ret=SUCCESS |  
2019-08-21 17:39:08,101 [grpc-default-executor-9] INFO  client.GrpcClientProtocolClient (GrpcClientProtocolClient.java:onNext(255)) - client-5B90CF091895->802f8fbc-decc-4fe0-8596-5227c01e58c6: receive RaftClientReply:client-5B90CF091895->802f8fbc-decc-4fe0-8596-5227c01e58c6@group-976DBCC56D49, cid=200, SUCCESS, logIndex=4, commits[802f8fbc-decc-4fe0-8596-5227c01e58c6:c12, 076b8a8c-935b-40a1-9166-aa87fdf8f32e:c7, 57e59194-3b1d-4665-b11f-1ec0556c47eb:c7]
2019-08-21 17:39:08,101 | INFO  | DNAudit | user=null | ip=null | op=WRITE_CHUNK {blockData=conID: 2 locID: 102656189915660304 bcsId: 0} | ret=SUCCESS |  
2019-08-21 17:39:08,102 [grpc-default-executor-9] INFO  client.GrpcClientProtocolClient (GrpcClientProtocolClient.java:onNext(255)) - client-5B90CF091895->802f8fbc-decc-4fe0-8596-5227c01e58c6: receive RaftClientReply:client-5B90CF091895->802f8fbc-decc-4fe0-8596-5227c01e58c6@group-976DBCC56D49, cid=201, SUCCESS, logIndex=5, commits[802f8fbc-decc-4fe0-8596-5227c01e58c6:c12, 076b8a8c-935b-40a1-9166-aa87fdf8f32e:c7, 57e59194-3b1d-4665-b11f-1ec0556c47eb:c7]
2019-08-21 17:39:08,103 [grpc-default-executor-9] INFO  client.GrpcClientProtocolClient (GrpcClientProtocolClient.java:onNext(255)) - client-5B90CF091895->802f8fbc-decc-4fe0-8596-5227c01e58c6: receive RaftClientReply:client-5B90CF091895->802f8fbc-decc-4fe0-8596-5227c01e58c6@group-976DBCC56D49, cid=202, SUCCESS, logIndex=6, commits[802f8fbc-decc-4fe0-8596-5227c01e58c6:c12, 076b8a8c-935b-40a1-9166-aa87fdf8f32e:c7, 57e59194-3b1d-4665-b11f-1ec0556c47eb:c7]
2019-08-21 17:39:08,111 | INFO  | SCMAudit | user=jenkins1000 | ip=192.168.69.88 | op=SEND_HEARTBEAT {datanodeUUID=76d52cc5-9633-42a9-b84b-2c228ac1c43f, command=[]} | ret=SUCCESS |  
2019-08-21 17:39:08,158 | INFO  | DNAudit | user=null | ip=null | op=PUT_BLOCK {blockData=[blockId=conID: 2 locID: 102656189915660304 bcsId: 0,size=200]} | ret=SUCCESS |  
2019-08-21 17:39:08,159 | INFO  | DNAudit | user=null | ip=null | op=WRITE_CHUNK {blockData=conID: 2 locID: 102656189915660304 bcsId: 0} | ret=SUCCESS |  
2019-08-21 17:39:08,159 | INFO  | DNAudit | user=null | ip=null | op=WRITE_CHUNK {blockData=conID: 2 locID: 102656189915660304 bcsId: 0} | ret=SUCCESS |  
2019-08-21 17:39:08,228 | INFO  | DNAudit | user=null | ip=null | op=PUT_BLOCK {blockData=[blockId=conID: 2 locID: 102656189915660304 bcsId: 0,size=400]} | ret=SUCCESS |  
2019-08-21 17:39:08,228 | INFO  | DNAudit | user=null | ip=null | op=PUT_BLOCK {blockData=[blockId=conID: 2 locID: 102656189915660304 bcsId: 0,size=400]} | ret=SUCCESS |  
2019-08-21 17:39:08,228 | INFO  | DNAudit | user=null | ip=null | op=PUT_BLOCK {blockData=[blockId=conID: 2 locID: 102656189915660304 bcsId: 0,size=200]} | ret=SUCCESS |  
2019-08-21 17:39:08,229 | INFO  | DNAudit | user=null | ip=null | op=WRITE_CHUNK {blockData=conID: 2 locID: 102656189915660304 bcsId: 0} | ret=SUCCESS |  
2019-08-21 17:39:08,229 | INFO  | DNAudit | user=null | ip=null | op=WRITE_CHUNK {blockData=conID: 2 locID: 102656189915660304 bcsId: 0} | ret=SUCCESS |  
2019-08-21 17:39:08,230 [grpc-default-executor-9] INFO  client.GrpcClientProtocolClient (GrpcClientProtocolClient.java:onNext(255)) - client-5B90CF091895->802f8fbc-decc-4fe0-8596-5227c01e58c6: receive RaftClientReply:client-5B90CF091895->802f8fbc-decc-4fe0-8596-5227c01e58c6@group-976DBCC56D49, cid=203, SUCCESS, logIndex=7, commits[802f8fbc-decc-4fe0-8596-5227c01e58c6:c12, 076b8a8c-935b-40a1-9166-aa87fdf8f32e:c7, 57e59194-3b1d-4665-b11f-1ec0556c47eb:c7]
2019-08-21 17:39:08,230 | INFO  | DNAudit | user=null | ip=null | op=PUT_BLOCK {blockData=[blockId=conID: 2 locID: 102656189915660304 bcsId: 0,size=400]} | ret=SUCCESS |  
2019-08-21 17:39:08,233 | INFO  | DNAudit | user=null | ip=null | op=WRITE_CHUNK {blockData=conID: 2 locID: 102656189915660304 bcsId: 7} | ret=SUCCESS |  
2019-08-21 17:39:08,234 | INFO  | DNAudit | user=null | ip=null | op=WRITE_CHUNK {blockData=conID: 2 locID: 102656189915660304 bcsId: 7} | ret=SUCCESS |  
2019-08-21 17:39:08,234 | INFO  | DNAudit | user=null | ip=null | op=WRITE_CHUNK {blockData=conID: 2 locID: 102656189915660304 bcsId: 7} | ret=SUCCESS |  
2019-08-21 17:39:08,248 | INFO  | DNAudit | user=null | ip=null | op=WRITE_CHUNK {blockData=conID: 2 locID: 102656189915660304 bcsId: 7} | ret=SUCCESS |  
2019-08-21 17:39:08,261 | INFO  | DNAudit | user=null | ip=null | op=PUT_BLOCK {blockData=[blockId=conID: 2 locID: 102656189915660304 bcsId: 0,size=450]} | ret=SUCCESS |  
2019-08-21 17:39:08,261 | INFO  | DNAudit | user=null | ip=null | op=WRITE_CHUNK {blockData=conID: 2 locID: 102656189915660304 bcsId: 7} | ret=SUCCESS |  
2019-08-21 17:39:08,261 [grpc-default-executor-9] INFO  client.GrpcClientProtocolClient (GrpcClientProtocolClient.java:onNext(255)) - client-5B90CF091895->802f8fbc-decc-4fe0-8596-5227c01e58c6: receive RaftClientReply:client-5B90CF091895->802f8fbc-decc-4fe0-8596-5227c01e58c6@group-976DBCC56D49, cid=204, SUCCESS, logIndex=13, commits[802f8fbc-decc-4fe0-8596-5227c01e58c6:c14, 076b8a8c-935b-40a1-9166-aa87fdf8f32e:c12, 57e59194-3b1d-4665-b11f-1ec0556c47eb:c12]
2019-08-21 17:39:08,262 | INFO  | DNAudit | user=null | ip=null | op=WRITE_CHUNK {blockData=conID: 2 locID: 102656189915660304 bcsId: 7} | ret=SUCCESS |  
2019-08-21 17:39:08,262 | INFO  | DNAudit | user=null | ip=null | op=PUT_BLOCK {blockData=[blockId=conID: 2 locID: 102656189915660304 bcsId: 0,size=450]} | ret=SUCCESS |  
2019-08-21 17:39:08,262 [grpc-default-executor-9] INFO  client.GrpcClientProtocolClient (GrpcClientProtocolClient.java:onNext(255)) - client-5B90CF091895->802f8fbc-decc-4fe0-8596-5227c01e58c6: receive RaftClientReply:client-5B90CF091895->802f8fbc-decc-4fe0-8596-5227c01e58c6@group-976DBCC56D49, cid=205, SUCCESS, logIndex=14, commits[802f8fbc-decc-4fe0-8596-5227c01e58c6:c14, 076b8a8c-935b-40a1-9166-aa87fdf8f32e:c12, 57e59194-3b1d-4665-b11f-1ec0556c47eb:c12]
2019-08-21 17:39:08,263 | INFO  | DNAudit | user=null | ip=null | op=PUT_BLOCK {blockData=[blockId=conID: 2 locID: 102656189915660304 bcsId: 0,size=450]} | ret=SUCCESS |  
2019-08-21 17:39:08,268 [grpc-default-executor-9] INFO  client.GrpcClientProtocolClient (GrpcClientProtocolClient.java:onNext(255)) - client-5B90CF091895->802f8fbc-decc-4fe0-8596-5227c01e58c6: receive RaftClientReply:client-5B90CF091895->802f8fbc-decc-4fe0-8596-5227c01e58c6@group-976DBCC56D49, cid=206, SUCCESS, logIndex=0, commits[802f8fbc-decc-4fe0-8596-5227c01e58c6:c15, 076b8a8c-935b-40a1-9166-aa87fdf8f32e:c14, 57e59194-3b1d-4665-b11f-1ec0556c47eb:c14]
2019-08-21 17:39:08,269 [main] INFO  ozone.MiniOzoneClusterImpl (MiniOzoneClusterImpl.java:shutdown(321)) - Shutting down the Mini Ozone Cluster
2019-08-21 17:39:08,270 | INFO  | SCMAudit | user=null | ip=null | op=GET_SCM_INFO null | ret=SUCCESS |  
2019-08-21 17:39:08,270 [main] INFO  ozone.MiniOzoneClusterImpl (MiniOzoneClusterImpl.java:stop(336)) - Stopping the Mini Ozone Cluster
2019-08-21 17:39:08,270 [main] INFO  ozone.MiniOzoneClusterImpl (MiniOzoneClusterImpl.java:stop(338)) - Stopping the OzoneManager
2019-08-21 17:39:08,270 [main] INFO  ipc.Server (Server.java:stop(3082)) - Stopping server on 38325
2019-08-21 17:39:08,286 [IPC Server listener on 38325] INFO  ipc.Server (Server.java:run(1185)) - Stopping IPC Server listener on 38325
2019-08-21 17:39:08,291 [IPC Server Responder] INFO  ipc.Server (Server.java:run(1319)) - Stopping IPC Server Responder
2019-08-21 17:39:08,291 [main] INFO  ratis.OzoneManagerDoubleBuffer (OzoneManagerDoubleBuffer.java:stop(248)) - Stopping OMDoubleBuffer flush thread
2019-08-21 17:39:08,299 [OMDoubleBufferFlushThread] INFO  ratis.OzoneManagerDoubleBuffer (OzoneManagerDoubleBuffer.java:flushTransactions(191)) - OMDoubleBuffer flush thread OMDoubleBufferFlushThread is interrupted and will exit. OMDoubleBufferFlushThread
2019-08-21 17:39:08,303 [main] INFO  utils.BackgroundService (BackgroundService.java:shutdown(148)) - Shutting down service KeyDeletingService
2019-08-21 17:39:08,314 [main] INFO  handler.ContextHandler (ContextHandler.java:doStop(910)) - Stopped o.e.j.w.WebAppContext@369f85c6{/,null,UNAVAILABLE}{/ozoneManager}
2019-08-21 17:39:08,315 [main] INFO  server.AbstractConnector (AbstractConnector.java:doStop(318)) - Stopped ServerConnector@5b6637f3{HTTP/1.1,[http/1.1]}{0.0.0.0:0}
2019-08-21 17:39:08,316 [main] INFO  handler.ContextHandler (ContextHandler.java:doStop(910)) - Stopped o.e.j.s.ServletContextHandler@639c5ab4{/static,file:///workdir/hadoop-ozone/integration-test/target/test-classes/webapps/static,UNAVAILABLE}
2019-08-21 17:39:08,316 [main] INFO  handler.ContextHandler (ContextHandler.java:doStop(910)) - Stopped o.e.j.s.ServletContextHandler@63ead376{/logs,file:///workdir/hadoop-ozone/integration-test/target/log,UNAVAILABLE}
2019-08-21 17:39:08,329 [main] INFO  ozone.MiniOzoneClusterImpl (MiniOzoneClusterImpl.java:stop(344)) - Shutting the HddsDatanodes
2019-08-21 17:39:08,329 [main] INFO  datanode.ObjectStoreHandler (ObjectStoreHandler.java:close(155)) - Closing ObjectStoreHandler.
2019-08-21 17:39:08,329 [ForkJoinPool.commonPool-worker-1] INFO  datanode.ObjectStoreHandler (ObjectStoreHandler.java:close(155)) - Closing ObjectStoreHandler.
2019-08-21 17:39:08,329 [main] INFO  ozone.HddsDatanodeService (HddsDatanodeService.java:stop(451)) - Stopped plug-in org.apache.hadoop.ozone.web.OzoneHddsDatanodeService@2d094add
2019-08-21 17:39:08,330 [ForkJoinPool.commonPool-worker-1] INFO  ozone.HddsDatanodeService (HddsDatanodeService.java:stop(451)) - Stopped plug-in org.apache.hadoop.ozone.web.OzoneHddsDatanodeService@16021f6e
2019-08-21 17:39:08,386 [Datanode State Machine Thread - 0] INFO  statemachine.DatanodeStateMachine (DatanodeStateMachine.java:lambda$startDaemon$0(350)) - Ozone container server started.
2019-08-21 17:39:08,389 | INFO  | SCMAudit | user=jenkins1000 | ip=192.168.69.88 | op=SEND_HEARTBEAT {datanodeUUID=7eca2edd-1c28-4c17-b74d-733c4dbe681b, command=[]} | ret=SUCCESS |  
2019-08-21 17:39:09,001 | INFO  | SCMAudit | user=jenkins1000 | ip=192.168.69.88 | op=SEND_HEARTBEAT {datanodeUUID=802f8fbc-decc-4fe0-8596-5227c01e58c6, command=[]} | ret=SUCCESS |  
2019-08-21 17:39:09,021 [Datanode State Machine Thread - 0] INFO  statemachine.DatanodeStateMachine (DatanodeStateMachine.java:lambda$startDaemon$0(350)) - Ozone container server started.
2019-08-21 17:39:09,021 | INFO  | SCMAudit | user=jenkins1000 | ip=192.168.69.88 | op=SEND_HEARTBEAT {datanodeUUID=076b8a8c-935b-40a1-9166-aa87fdf8f32e, command=[]} | ret=SUCCESS |  
2019-08-21 17:39:09,111 | INFO  | SCMAudit | user=jenkins1000 | ip=192.168.69.88 | op=SEND_HEARTBEAT {datanodeUUID=76d52cc5-9633-42a9-b84b-2c228ac1c43f, command=[]} | ret=SUCCESS |  
2019-08-21 17:39:09,389 | INFO  | SCMAudit | user=jenkins1000 | ip=192.168.69.88 | op=SEND_HEARTBEAT {datanodeUUID=7eca2edd-1c28-4c17-b74d-733c4dbe681b, command=[]} | ret=SUCCESS |  
2019-08-21 17:39:10,001 | INFO  | SCMAudit | user=jenkins1000 | ip=192.168.69.88 | op=SEND_HEARTBEAT {datanodeUUID=802f8fbc-decc-4fe0-8596-5227c01e58c6, command=[]} | ret=SUCCESS |  
2019-08-21 17:39:10,021 | INFO  | SCMAudit | user=jenkins1000 | ip=192.168.69.88 | op=SEND_HEARTBEAT {datanodeUUID=076b8a8c-935b-40a1-9166-aa87fdf8f32e, command=[]} | ret=SUCCESS |  
2019-08-21 17:39:10,111 | INFO  | SCMAudit | user=jenkins1000 | ip=192.168.69.88 | op=SEND_HEARTBEAT {datanodeUUID=76d52cc5-9633-42a9-b84b-2c228ac1c43f, command=[]} | ret=SUCCESS |  
2019-08-21 17:39:10,303 [grpc-default-executor-8] WARN  server.GrpcLogAppender (LogUtils.java:warn(134)) - d093da97-bee2-4e07-af8f-bafb3556f13f->8c197040-db5a-409b-844d-bbce80f31f7a: Failed appendEntries: org.apache.ratis.thirdparty.io.grpc.StatusRuntimeException: UNAVAILABLE: io exception
2019-08-21 17:39:10,303 [grpc-default-executor-8] INFO  impl.FollowerInfo (FollowerInfo.java:lambda$new$0(50)) - d093da97-bee2-4e07-af8f-bafb3556f13f->8c197040-db5a-409b-844d-bbce80f31f7a: nextIndex: updateUnconditionally 1 -> 0
2019-08-21 17:39:10,389 | INFO  | SCMAudit | user=jenkins1000 | ip=192.168.69.88 | op=SEND_HEARTBEAT {datanodeUUID=7eca2edd-1c28-4c17-b74d-733c4dbe681b, command=[]} | ret=SUCCESS |  
2019-08-21 17:39:11,002 | INFO  | SCMAudit | user=jenkins1000 | ip=192.168.69.88 | op=SEND_HEARTBEAT {datanodeUUID=802f8fbc-decc-4fe0-8596-5227c01e58c6, command=[]} | ret=SUCCESS |  
2019-08-21 17:39:11,021 | INFO  | SCMAudit | user=jenkins1000 | ip=192.168.69.88 | op=SEND_HEARTBEAT {datanodeUUID=076b8a8c-935b-40a1-9166-aa87fdf8f32e, command=[]} | ret=SUCCESS |  
2019-08-21 17:39:11,111 | INFO  | SCMAudit | user=jenkins1000 | ip=192.168.69.88 | op=SEND_HEARTBEAT {datanodeUUID=76d52cc5-9633-42a9-b84b-2c228ac1c43f, command=[]} | ret=SUCCESS |  
2019-08-21 17:39:11,389 | INFO  | SCMAudit | user=jenkins1000 | ip=192.168.69.88 | op=SEND_HEARTBEAT {datanodeUUID=7eca2edd-1c28-4c17-b74d-733c4dbe681b, command=[]} | ret=SUCCESS |  
2019-08-21 17:39:12,001 | INFO  | SCMAudit | user=jenkins1000 | ip=192.168.69.88 | op=SEND_HEARTBEAT {datanodeUUID=802f8fbc-decc-4fe0-8596-5227c01e58c6, command=[]} | ret=SUCCESS |  
2019-08-21 17:39:12,021 | INFO  | SCMAudit | user=jenkins1000 | ip=192.168.69.88 | op=SEND_HEARTBEAT {datanodeUUID=076b8a8c-935b-40a1-9166-aa87fdf8f32e, command=[]} | ret=SUCCESS |  
2019-08-21 17:39:12,111 | INFO  | SCMAudit | user=jenkins1000 | ip=192.168.69.88 | op=SEND_HEARTBEAT {datanodeUUID=76d52cc5-9633-42a9-b84b-2c228ac1c43f, command=[]} | ret=SUCCESS |  
2019-08-21 17:39:12,389 | INFO  | SCMAudit | user=jenkins1000 | ip=192.168.69.88 | op=SEND_HEARTBEAT {datanodeUUID=7eca2edd-1c28-4c17-b74d-733c4dbe681b, command=[]} | ret=SUCCESS |  
2019-08-21 17:39:12,421 [EventQueue-StaleNodeForStaleNodeHandler] INFO  node.StaleNodeHandler (StaleNodeHandler.java:onMessage(58)) - Datanode d093da97-bee2-4e07-af8f-bafb3556f13f{ip: 192.168.69.88, host: pr-hdds-1935-w6pq9-1452708900, networkLocation: /default-rack, certSerialId: null} moved to stale state. Finalizing its pipelines [PipelineID=063cef92-52c6-41d5-9d3d-a0fd3ed41361, PipelineID=0fc31a31-edbd-473a-b719-4a874fa7f551]
2019-08-21 17:39:12,422 [EventQueue-StaleNodeForStaleNodeHandler] INFO  pipeline.SCMPipelineManager (SCMPipelineManager.java:finalizeAndDestroyPipeline(309)) - destroying pipeline:Pipeline[ Id: 063cef92-52c6-41d5-9d3d-a0fd3ed41361, Nodes: 8c197040-db5a-409b-844d-bbce80f31f7a{ip: 192.168.69.88, host: pr-hdds-1935-w6pq9-1452708900, networkLocation: /default-rack, certSerialId: null}7eca2edd-1c28-4c17-b74d-733c4dbe681b{ip: 192.168.69.88, host: pr-hdds-1935-w6pq9-1452708900, networkLocation: /default-rack, certSerialId: null}d093da97-bee2-4e07-af8f-bafb3556f13f{ip: 192.168.69.88, host: pr-hdds-1935-w6pq9-1452708900, networkLocation: /default-rack, certSerialId: null}, Type:RATIS, Factor:THREE, State:CLOSED]
2019-08-21 17:39:12,423 [EventQueue-StaleNodeForStaleNodeHandler] INFO  pipeline.SCMPipelineManager (SCMPipelineManager.java:finalizeAndDestroyPipeline(309)) - destroying pipeline:Pipeline[ Id: 0fc31a31-edbd-473a-b719-4a874fa7f551, Nodes: d093da97-bee2-4e07-af8f-bafb3556f13f{ip: 192.168.69.88, host: pr-hdds-1935-w6pq9-1452708900, networkLocation: /default-rack, certSerialId: null}, Type:RATIS, Factor:ONE, State:OPEN]
2019-08-21 17:39:12,423 [EventQueue-StaleNodeForStaleNodeHandler] INFO  pipeline.PipelineStateManager (PipelineStateManager.java:finalizePipeline(123)) - Pipeline Pipeline[ Id: 0fc31a31-edbd-473a-b719-4a874fa7f551, Nodes: d093da97-bee2-4e07-af8f-bafb3556f13f{ip: 192.168.69.88, host: pr-hdds-1935-w6pq9-1452708900, networkLocation: /default-rack, certSerialId: null}, Type:RATIS, Factor:ONE, State:CLOSED] moved to CLOSED state
2019-08-21 17:39:12,804 [grpc-default-executor-8] WARN  server.GrpcLogAppender (LogUtils.java:warn(134)) - d093da97-bee2-4e07-af8f-bafb3556f13f->8c197040-db5a-409b-844d-bbce80f31f7a: Failed appendEntries: org.apache.ratis.thirdparty.io.grpc.StatusRuntimeException: UNAVAILABLE: io exception
2019-08-21 17:39:12,804 [grpc-default-executor-8] INFO  impl.FollowerInfo (FollowerInfo.java:lambda$new$0(50)) - d093da97-bee2-4e07-af8f-bafb3556f13f->8c197040-db5a-409b-844d-bbce80f31f7a: nextIndex: updateUnconditionally 0 -> 0
2019-08-21 17:39:13,001 | INFO  | SCMAudit | user=jenkins1000 | ip=192.168.69.88 | op=SEND_HEARTBEAT {datanodeUUID=802f8fbc-decc-4fe0-8596-5227c01e58c6, command=[]} | ret=SUCCESS |  
2019-08-21 17:39:13,021 | INFO  | SCMAudit | user=jenkins1000 | ip=192.168.69.88 | op=SEND_HEARTBEAT {datanodeUUID=076b8a8c-935b-40a1-9166-aa87fdf8f32e, command=[]} | ret=SUCCESS |  
2019-08-21 17:39:13,111 | INFO  | SCMAudit | user=jenkins1000 | ip=192.168.69.88 | op=SEND_HEARTBEAT {datanodeUUID=76d52cc5-9633-42a9-b84b-2c228ac1c43f, command=[]} | ret=SUCCESS |  
2019-08-21 17:39:13,122 [EventQueue-StaleNodeForStaleNodeHandler] INFO  node.StaleNodeHandler (StaleNodeHandler.java:onMessage(58)) - Datanode 57e59194-3b1d-4665-b11f-1ec0556c47eb{ip: 192.168.69.88, host: pr-hdds-1935-w6pq9-1452708900, networkLocation: /default-rack, certSerialId: null} moved to stale state. Finalizing its pipelines [PipelineID=43d3813c-eae5-475a-b560-976dbcc56d49, PipelineID=19f6c661-e1cf-40ae-b255-499bd1497d99]
2019-08-21 17:39:13,123 [EventQueue-StaleNodeForStaleNodeHandler] INFO  pipeline.SCMPipelineManager (SCMPipelineManager.java:finalizeAndDestroyPipeline(309)) - destroying pipeline:Pipeline[ Id: 43d3813c-eae5-475a-b560-976dbcc56d49, Nodes: 57e59194-3b1d-4665-b11f-1ec0556c47eb{ip: 192.168.69.88, host: pr-hdds-1935-w6pq9-1452708900, networkLocation: /default-rack, certSerialId: null}802f8fbc-decc-4fe0-8596-5227c01e58c6{ip: 192.168.69.88, host: pr-hdds-1935-w6pq9-1452708900, networkLocation: /default-rack, certSerialId: null}076b8a8c-935b-40a1-9166-aa87fdf8f32e{ip: 192.168.69.88, host: pr-hdds-1935-w6pq9-1452708900, networkLocation: /default-rack, certSerialId: null}, Type:RATIS, Factor:THREE, State:OPEN]
2019-08-21 17:39:13,123 [EventQueue-StaleNodeForStaleNodeHandler] INFO  pipeline.PipelineStateManager (PipelineStateManager.java:finalizePipeline(123)) - Pipeline Pipeline[ Id: 43d3813c-eae5-475a-b560-976dbcc56d49, Nodes: 57e59194-3b1d-4665-b11f-1ec0556c47eb{ip: 192.168.69.88, host: pr-hdds-1935-w6pq9-1452708900, networkLocation: /default-rack, certSerialId: null}802f8fbc-decc-4fe0-8596-5227c01e58c6{ip: 192.168.69.88, host: pr-hdds-1935-w6pq9-1452708900, networkLocation: /default-rack, certSerialId: null}076b8a8c-935b-40a1-9166-aa87fdf8f32e{ip: 192.168.69.88, host: pr-hdds-1935-w6pq9-1452708900, networkLocation: /default-rack, certSerialId: null}, Type:RATIS, Factor:THREE, State:CLOSED] moved to CLOSED state
2019-08-21 17:39:13,123 [EventQueue-CloseContainerForCloseContainerEventHandler] INFO  container.CloseContainerEventHandler (CloseContainerEventHandler.java:onMessage(61)) - Close container Event triggered for container : #2
2019-08-21 17:39:13,123 [EventQueue-StaleNodeForStaleNodeHandler] INFO  pipeline.SCMPipelineManager (SCMPipelineManager.java:finalizeAndDestroyPipeline(309)) - destroying pipeline:Pipeline[ Id: 19f6c661-e1cf-40ae-b255-499bd1497d99, Nodes: 57e59194-3b1d-4665-b11f-1ec0556c47eb{ip: 192.168.69.88, host: pr-hdds-1935-w6pq9-1452708900, networkLocation: /default-rack, certSerialId: null}, Type:RATIS, Factor:ONE, State:OPEN]
2019-08-21 17:39:13,124 [EventQueue-StaleNodeForStaleNodeHandler] INFO  pipeline.PipelineStateManager (PipelineStateManager.java:finalizePipeline(123)) - Pipeline Pipeline[ Id: 19f6c661-e1cf-40ae-b255-499bd1497d99, Nodes: 57e59194-3b1d-4665-b11f-1ec0556c47eb{ip: 192.168.69.88, host: pr-hdds-1935-w6pq9-1452708900, networkLocation: /default-rack, certSerialId: null}, Type:RATIS, Factor:ONE, State:CLOSED] moved to CLOSED state
2019-08-21 17:39:13,330 [main] INFO  ozoneimpl.OzoneContainer (OzoneContainer.java:stop(199)) - Attempting to stop container services.
2019-08-21 17:39:13,331 [ForkJoinPool.commonPool-worker-1] INFO  ozoneimpl.OzoneContainer (OzoneContainer.java:stop(199)) - Attempting to stop container services.
2019-08-21 17:39:13,331 [main] INFO  impl.RaftServerProxy (RaftServerProxy.java:lambda$close$4(314)) - 57e59194-3b1d-4665-b11f-1ec0556c47eb: close
2019-08-21 17:39:13,332 [ForkJoinPool.commonPool-worker-1] INFO  impl.RaftServerProxy (RaftServerProxy.java:lambda$close$4(314)) - d093da97-bee2-4e07-af8f-bafb3556f13f: close
2019-08-21 17:39:13,332 [main] INFO  impl.RaftServerImpl (RaftServerImpl.java:lambda$shutdown$3(245)) - 57e59194-3b1d-4665-b11f-1ec0556c47eb: shutdown group-976DBCC56D49
2019-08-21 17:39:13,332 [ForkJoinPool.commonPool-worker-1] INFO  impl.RaftServerImpl (RaftServerImpl.java:lambda$shutdown$3(245)) - d093da97-bee2-4e07-af8f-bafb3556f13f: shutdown group-A0FD3ED41361
2019-08-21 17:39:13,333 [main] INFO  util.JmxRegister (JmxRegister.java:unregister(73)) - Successfully un-registered JMX Bean with object name Ratis:service=RaftServer,group=group-976DBCC56D49,id=57e59194-3b1d-4665-b11f-1ec0556c47eb
2019-08-21 17:39:13,333 [ForkJoinPool.commonPool-worker-1] INFO  util.JmxRegister (JmxRegister.java:unregister(73)) - Successfully un-registered JMX Bean with object name Ratis:service=RaftServer,group=group-A0FD3ED41361,id=d093da97-bee2-4e07-af8f-bafb3556f13f
2019-08-21 17:39:13,334 [main] INFO  impl.RoleInfo (RoleInfo.java:shutdownFollowerState(121)) - 57e59194-3b1d-4665-b11f-1ec0556c47eb: shutdown FollowerState
2019-08-21 17:39:13,334 [ForkJoinPool.commonPool-worker-1] INFO  impl.RoleInfo (RoleInfo.java:shutdownLeaderState(104)) - d093da97-bee2-4e07-af8f-bafb3556f13f: shutdown LeaderState
2019-08-21 17:39:13,335 [StateMachineUpdater:57e59194-3b1d-4665-b11f-1ec0556c47eb:group-976DBCC56D49] INFO  ratis.ContainerStateMachine (ContainerStateMachine.java:takeSnapshot(283)) - group-976DBCC56D49: Taking a snapshot at:(t:1, i:14) file /workdir/hadoop-ozone/integration-test/target/test-dir/MiniOzoneClusterImpl-c619d2d6-0016-4a2b-bb48-151a7992e575/datanode-4/data/ratis/43d3813c-eae5-475a-b560-976dbcc56d49/sm/snapshot.1_14
2019-08-21 17:39:13,335 [Thread-3638] INFO  impl.FollowerState (FollowerState.java:run(114)) - 57e59194-3b1d-4665-b11f-1ec0556c47eb: FollowerState was interrupted: java.lang.InterruptedException: sleep interrupted
2019-08-21 17:39:13,334 [main] INFO  impl.StateMachineUpdater (StateMachineUpdater.java:stopAndJoin(115)) - StateMachineUpdater:57e59194-3b1d-4665-b11f-1ec0556c47eb:group-976DBCC56D49: set stopIndex = 16
2019-08-21 17:39:13,340 [ForkJoinPool.commonPool-worker-1] INFO  impl.PendingRequests (PendingRequests.java:sendNotLeaderResponses(202)) - d093da97-bee2-4e07-af8f-bafb3556f13f-PendingRequests: sendNotLeaderResponses
2019-08-21 17:39:13,340 [org.apache.ratis.server.impl.LogAppender$AppenderDaemon$$Lambda$529/1160415056@2e455f88] WARN  server.GrpcLogAppender (GrpcLogAppender.java:mayWait(143)) - GrpcLogAppender(d093da97-bee2-4e07-af8f-bafb3556f13f->7eca2edd-1c28-4c17-b74d-733c4dbe681b): Wait interrupted by java.lang.InterruptedException
2019-08-21 17:39:13,339 [org.apache.ratis.server.impl.LogAppender$AppenderDaemon$$Lambda$529/1160415056@193390a5] WARN  server.GrpcLogAppender (GrpcLogAppender.java:mayWait(143)) - GrpcLogAppender(d093da97-bee2-4e07-af8f-bafb3556f13f->8c197040-db5a-409b-844d-bbce80f31f7a): Wait interrupted by java.lang.InterruptedException
2019-08-21 17:39:13,346 [ForkJoinPool.commonPool-worker-1] INFO  impl.StateMachineUpdater (StateMachineUpdater.java:stopAndJoin(115)) - StateMachineUpdater:d093da97-bee2-4e07-af8f-bafb3556f13f:group-A0FD3ED41361: set stopIndex = 17
2019-08-21 17:39:13,346 [grpc-default-executor-8] INFO  server.GrpcServerProtocolService (GrpcServerProtocolService.java:onCompleted(104)) - 7eca2edd-1c28-4c17-b74d-733c4dbe681b: appendEntries completed
2019-08-21 17:39:13,346 [StateMachineUpdater:d093da97-bee2-4e07-af8f-bafb3556f13f:group-A0FD3ED41361] INFO  ratis.ContainerStateMachine (ContainerStateMachine.java:takeSnapshot(283)) - group-A0FD3ED41361: Taking a snapshot at:(t:1, i:13) file /workdir/hadoop-ozone/integration-test/target/test-dir/MiniOzoneClusterImpl-c619d2d6-0016-4a2b-bb48-151a7992e575/datanode-1/data/ratis/063cef92-52c6-41d5-9d3d-a0fd3ed41361/sm/snapshot.1_13
2019-08-21 17:39:13,347 [grpc-default-executor-8] INFO  server.GrpcLogAppender (GrpcLogAppender.java:onCompleted(292)) - d093da97-bee2-4e07-af8f-bafb3556f13f->7eca2edd-1c28-4c17-b74d-733c4dbe681b: follower responses appendEntries COMPLETED
2019-08-21 17:39:13,347 [grpc-default-executor-8] INFO  impl.FollowerInfo (FollowerInfo.java:lambda$new$0(50)) - d093da97-bee2-4e07-af8f-bafb3556f13f->7eca2edd-1c28-4c17-b74d-733c4dbe681b: nextIndex: updateUnconditionally 18 -> 17
2019-08-21 17:39:13,355 [StateMachineUpdater:d093da97-bee2-4e07-af8f-bafb3556f13f:group-A0FD3ED41361] INFO  ratis.ContainerStateMachine (ContainerStateMachine.java:takeSnapshot(294)) - group-A0FD3ED41361: Finished taking a snapshot at:(t:1, i:13) file:/workdir/hadoop-ozone/integration-test/target/test-dir/MiniOzoneClusterImpl-c619d2d6-0016-4a2b-bb48-151a7992e575/datanode-1/data/ratis/063cef92-52c6-41d5-9d3d-a0fd3ed41361/sm/snapshot.1_13 time:9
2019-08-21 17:39:13,356 [StateMachineUpdater:d093da97-bee2-4e07-af8f-bafb3556f13f:group-A0FD3ED41361] INFO  impl.StateMachineUpdater (StateMachineUpdater.java:takeSnapshot(242)) - StateMachineUpdater:d093da97-bee2-4e07-af8f-bafb3556f13f:group-A0FD3ED41361: Took a snapshot at index 13
2019-08-21 17:39:13,355 [StateMachineUpdater:57e59194-3b1d-4665-b11f-1ec0556c47eb:group-976DBCC56D49] INFO  ratis.ContainerStateMachine (ContainerStateMachine.java:takeSnapshot(294)) - group-976DBCC56D49: Finished taking a snapshot at:(t:1, i:14) file:/workdir/hadoop-ozone/integration-test/target/test-dir/MiniOzoneClusterImpl-c619d2d6-0016-4a2b-bb48-151a7992e575/datanode-4/data/ratis/43d3813c-eae5-475a-b560-976dbcc56d49/sm/snapshot.1_14 time:21
2019-08-21 17:39:13,356 [StateMachineUpdater:d093da97-bee2-4e07-af8f-bafb3556f13f:group-A0FD3ED41361] INFO  impl.StateMachineUpdater (StateMachineUpdater.java:lambda$new$0(80)) - StateMachineUpdater:d093da97-bee2-4e07-af8f-bafb3556f13f:group-A0FD3ED41361: snapshotIndex: updateIncreasingly -1 -> 13
2019-08-21 17:39:13,356 [StateMachineUpdater:57e59194-3b1d-4665-b11f-1ec0556c47eb:group-976DBCC56D49] INFO  impl.StateMachineUpdater (StateMachineUpdater.java:takeSnapshot(242)) - StateMachineUpdater:57e59194-3b1d-4665-b11f-1ec0556c47eb:group-976DBCC56D49: Took a snapshot at index 14
2019-08-21 17:39:13,356 [StateMachineUpdater:57e59194-3b1d-4665-b11f-1ec0556c47eb:group-976DBCC56D49] INFO  impl.StateMachineUpdater (StateMachineUpdater.java:lambda$new$0(80)) - StateMachineUpdater:57e59194-3b1d-4665-b11f-1ec0556c47eb:group-976DBCC56D49: snapshotIndex: updateIncreasingly -1 -> 14
2019-08-21 17:39:13,356 [ForkJoinPool.commonPool-worker-1] INFO  impl.RaftServerImpl (ServerState.java:close(394)) - d093da97-bee2-4e07-af8f-bafb3556f13f:group-A0FD3ED41361 closes. The last applied log index is 17
2019-08-21 17:39:13,357 [main] INFO  impl.RaftServerImpl (ServerState.java:close(394)) - 57e59194-3b1d-4665-b11f-1ec0556c47eb:group-976DBCC56D49 closes. The last applied log index is 16
2019-08-21 17:39:13,357 [d093da97-bee2-4e07-af8f-bafb3556f13f-SegmentedRaftLogWorker:Storage Directory /workdir/hadoop-ozone/integration-test/target/test-dir/MiniOzoneClusterImpl-c619d2d6-0016-4a2b-bb48-151a7992e575/datanode-1/data/ratis/063cef92-52c6-41d5-9d3d-a0fd3ed41361] INFO  segmented.SegmentedRaftLogWorker (SegmentedRaftLogWorker.java:run(313)) - d093da97-bee2-4e07-af8f-bafb3556f13f-SegmentedRaftLogWorker:Storage Directory /workdir/hadoop-ozone/integration-test/target/test-dir/MiniOzoneClusterImpl-c619d2d6-0016-4a2b-bb48-151a7992e575/datanode-1/data/ratis/063cef92-52c6-41d5-9d3d-a0fd3ed41361 was interrupted, exiting. There are 0 tasks remaining in the queue.
2019-08-21 17:39:13,357 [57e59194-3b1d-4665-b11f-1ec0556c47eb-SegmentedRaftLogWorker:Storage Directory /workdir/hadoop-ozone/integration-test/target/test-dir/MiniOzoneClusterImpl-c619d2d6-0016-4a2b-bb48-151a7992e575/datanode-4/data/ratis/43d3813c-eae5-475a-b560-976dbcc56d49] INFO  segmented.SegmentedRaftLogWorker (SegmentedRaftLogWorker.java:run(313)) - 57e59194-3b1d-4665-b11f-1ec0556c47eb-SegmentedRaftLogWorker:Storage Directory /workdir/hadoop-ozone/integration-test/target/test-dir/MiniOzoneClusterImpl-c619d2d6-0016-4a2b-bb48-151a7992e575/datanode-4/data/ratis/43d3813c-eae5-475a-b560-976dbcc56d49 was interrupted, exiting. There are 0 tasks remaining in the queue.
2019-08-21 17:39:13,362 [ForkJoinPool.commonPool-worker-1] INFO  segmented.SegmentedRaftLogWorker (SegmentedRaftLogWorker.java:close(228)) - d093da97-bee2-4e07-af8f-bafb3556f13f-SegmentedRaftLogWorker:Storage Directory /workdir/hadoop-ozone/integration-test/target/test-dir/MiniOzoneClusterImpl-c619d2d6-0016-4a2b-bb48-151a7992e575/datanode-1/data/ratis/063cef92-52c6-41d5-9d3d-a0fd3ed41361 close()
2019-08-21 17:39:13,363 [main] INFO  segmented.SegmentedRaftLogWorker (SegmentedRaftLogWorker.java:close(228)) - 57e59194-3b1d-4665-b11f-1ec0556c47eb-SegmentedRaftLogWorker:Storage Directory /workdir/hadoop-ozone/integration-test/target/test-dir/MiniOzoneClusterImpl-c619d2d6-0016-4a2b-bb48-151a7992e575/datanode-4/data/ratis/43d3813c-eae5-475a-b560-976dbcc56d49 close()
2019-08-21 17:39:13,367 [ForkJoinPool.commonPool-worker-1] INFO  impl.RaftServerImpl (RaftServerImpl.java:lambda$shutdown$3(245)) - d093da97-bee2-4e07-af8f-bafb3556f13f: shutdown group-4A874FA7F551
2019-08-21 17:39:13,373 [main] INFO  impl.RaftServerImpl (RaftServerImpl.java:lambda$shutdown$3(245)) - 57e59194-3b1d-4665-b11f-1ec0556c47eb: shutdown group-499BD1497D99
2019-08-21 17:39:13,373 [ForkJoinPool.commonPool-worker-1] INFO  util.JmxRegister (JmxRegister.java:unregister(73)) - Successfully un-registered JMX Bean with object name Ratis:service=RaftServer,group=group-4A874FA7F551,id=d093da97-bee2-4e07-af8f-bafb3556f13f
2019-08-21 17:39:13,373 [main] INFO  util.JmxRegister (JmxRegister.java:unregister(73)) - Successfully un-registered JMX Bean with object name Ratis:service=RaftServer,group=group-499BD1497D99,id=57e59194-3b1d-4665-b11f-1ec0556c47eb
2019-08-21 17:39:13,373 [ForkJoinPool.commonPool-worker-1] INFO  impl.RoleInfo (RoleInfo.java:shutdownLeaderState(104)) - d093da97-bee2-4e07-af8f-bafb3556f13f: shutdown LeaderState
2019-08-21 17:39:13,374 [main] INFO  impl.RoleInfo (RoleInfo.java:shutdownLeaderState(104)) - 57e59194-3b1d-4665-b11f-1ec0556c47eb: shutdown LeaderState
2019-08-21 17:39:13,374 [ForkJoinPool.commonPool-worker-1] INFO  impl.PendingRequests (PendingRequests.java:sendNotLeaderResponses(202)) - d093da97-bee2-4e07-af8f-bafb3556f13f-PendingRequests: sendNotLeaderResponses
2019-08-21 17:39:13,375 [main] INFO  impl.PendingRequests (PendingRequests.java:sendNotLeaderResponses(202)) - 57e59194-3b1d-4665-b11f-1ec0556c47eb-PendingRequests: sendNotLeaderResponses
2019-08-21 17:39:13,375 [ForkJoinPool.commonPool-worker-1] INFO  impl.StateMachineUpdater (StateMachineUpdater.java:stopAndJoin(115)) - StateMachineUpdater:d093da97-bee2-4e07-af8f-bafb3556f13f:group-4A874FA7F551: set stopIndex = 0
2019-08-21 17:39:13,375 [main] INFO  impl.StateMachineUpdater (StateMachineUpdater.java:stopAndJoin(115)) - StateMachineUpdater:57e59194-3b1d-4665-b11f-1ec0556c47eb:group-499BD1497D99: set stopIndex = 0
2019-08-21 17:39:13,376 [ForkJoinPool.commonPool-worker-1] INFO  impl.RaftServerImpl (ServerState.java:close(394)) - d093da97-bee2-4e07-af8f-bafb3556f13f:group-4A874FA7F551 closes. The last applied log index is 0
2019-08-21 17:39:13,376 [main] INFO  impl.RaftServerImpl (ServerState.java:close(394)) - 57e59194-3b1d-4665-b11f-1ec0556c47eb:group-499BD1497D99 closes. The last applied log index is 0
2019-08-21 17:39:13,377 [d093da97-bee2-4e07-af8f-bafb3556f13f-SegmentedRaftLogWorker:Storage Directory /workdir/hadoop-ozone/integration-test/target/test-dir/MiniOzoneClusterImpl-c619d2d6-0016-4a2b-bb48-151a7992e575/datanode-1/data/ratis/0fc31a31-edbd-473a-b719-4a874fa7f551] INFO  segmented.SegmentedRaftLogWorker (SegmentedRaftLogWorker.java:run(313)) - d093da97-bee2-4e07-af8f-bafb3556f13f-SegmentedRaftLogWorker:Storage Directory /workdir/hadoop-ozone/integration-test/target/test-dir/MiniOzoneClusterImpl-c619d2d6-0016-4a2b-bb48-151a7992e575/datanode-1/data/ratis/0fc31a31-edbd-473a-b719-4a874fa7f551 was interrupted, exiting. There are 0 tasks remaining in the queue.
2019-08-21 17:39:13,377 [57e59194-3b1d-4665-b11f-1ec0556c47eb-SegmentedRaftLogWorker:Storage Directory /workdir/hadoop-ozone/integration-test/target/test-dir/MiniOzoneClusterImpl-c619d2d6-0016-4a2b-bb48-151a7992e575/datanode-4/data/ratis/19f6c661-e1cf-40ae-b255-499bd1497d99] INFO  segmented.SegmentedRaftLogWorker (SegmentedRaftLogWorker.java:run(313)) - 57e59194-3b1d-4665-b11f-1ec0556c47eb-SegmentedRaftLogWorker:Storage Directory /workdir/hadoop-ozone/integration-test/target/test-dir/MiniOzoneClusterImpl-c619d2d6-0016-4a2b-bb48-151a7992e575/datanode-4/data/ratis/19f6c661-e1cf-40ae-b255-499bd1497d99 was interrupted, exiting. There are 0 tasks remaining in the queue.
2019-08-21 17:39:13,380 [ForkJoinPool.commonPool-worker-1] INFO  segmented.SegmentedRaftLogWorker (SegmentedRaftLogWorker.java:close(228)) - d093da97-bee2-4e07-af8f-bafb3556f13f-SegmentedRaftLogWorker:Storage Directory /workdir/hadoop-ozone/integration-test/target/test-dir/MiniOzoneClusterImpl-c619d2d6-0016-4a2b-bb48-151a7992e575/datanode-1/data/ratis/0fc31a31-edbd-473a-b719-4a874fa7f551 close()
2019-08-21 17:39:13,380 [main] INFO  segmented.SegmentedRaftLogWorker (SegmentedRaftLogWorker.java:close(228)) - 57e59194-3b1d-4665-b11f-1ec0556c47eb-SegmentedRaftLogWorker:Storage Directory /workdir/hadoop-ozone/integration-test/target/test-dir/MiniOzoneClusterImpl-c619d2d6-0016-4a2b-bb48-151a7992e575/datanode-4/data/ratis/19f6c661-e1cf-40ae-b255-499bd1497d99 close()
2019-08-21 17:39:13,384 [ForkJoinPool.commonPool-worker-1] INFO  server.GrpcService (GrpcService.java:closeImpl(155)) - d093da97-bee2-4e07-af8f-bafb3556f13f: shutdown server with port 38106 now
2019-08-21 17:39:13,387 [main] INFO  server.GrpcService (GrpcService.java:closeImpl(155)) - 57e59194-3b1d-4665-b11f-1ec0556c47eb: shutdown server with port 45230 now
2019-08-21 17:39:13,388 [ForkJoinPool.commonPool-worker-1] INFO  server.GrpcService (GrpcService.java:closeImpl(163)) - d093da97-bee2-4e07-af8f-bafb3556f13f: shutdown server with port 38106 successfully
2019-08-21 17:39:13,390 [grpc-default-executor-6] WARN  server.GrpcServerProtocolService (LogUtils.java:warn(134)) - 57e59194-3b1d-4665-b11f-1ec0556c47eb: appendEntries onError: org.apache.ratis.thirdparty.io.grpc.StatusRuntimeException: CANCELLED: cancelled before receiving half close
2019-08-21 17:39:13,390 [main] INFO  server.GrpcService (GrpcService.java:closeImpl(163)) - 57e59194-3b1d-4665-b11f-1ec0556c47eb: shutdown server with port 45230 successfully
2019-08-21 17:39:13,391 | INFO  | SCMAudit | user=jenkins1000 | ip=192.168.69.88 | op=SEND_HEARTBEAT {datanodeUUID=7eca2edd-1c28-4c17-b74d-733c4dbe681b, command=[]} | ret=SUCCESS |  
2019-08-21 17:39:13,391 [grpc-default-executor-6] WARN  server.GrpcLogAppender (LogUtils.java:warn(134)) - 802f8fbc-decc-4fe0-8596-5227c01e58c6->57e59194-3b1d-4665-b11f-1ec0556c47eb: Failed appendEntries: org.apache.ratis.thirdparty.io.grpc.StatusRuntimeException: CANCELLED: HTTP/2 error code: CANCEL
Received Rst Stream
2019-08-21 17:39:13,391 [grpc-default-executor-6] INFO  impl.FollowerInfo (FollowerInfo.java:lambda$new$0(50)) - 802f8fbc-decc-4fe0-8596-5227c01e58c6->57e59194-3b1d-4665-b11f-1ec0556c47eb: nextIndex: updateUnconditionally 17 -> 16
2019-08-21 17:39:13,392 [ForkJoinPool.commonPool-worker-1] INFO  utils.BackgroundService (BackgroundService.java:shutdown(148)) - Shutting down service BlockDeletingService
2019-08-21 17:39:13,394 [refreshUsed-/workdir/hadoop-ozone/integration-test/target/test-dir/MiniOzoneClusterImpl-c619d2d6-0016-4a2b-bb48-151a7992e575/datanode-1/data/containers] WARN  fs.CachingGetSpaceUsed (CachingGetSpaceUsed.java:run(183)) - Thread Interrupted waiting to refresh disk information: sleep interrupted
2019-08-21 17:39:13,394 [main] INFO  utils.BackgroundService (BackgroundService.java:shutdown(148)) - Shutting down service BlockDeletingService
2019-08-21 17:39:13,401 [refreshUsed-/workdir/hadoop-ozone/integration-test/target/test-dir/MiniOzoneClusterImpl-c619d2d6-0016-4a2b-bb48-151a7992e575/datanode-4/data/containers] WARN  fs.CachingGetSpaceUsed (CachingGetSpaceUsed.java:run(183)) - Thread Interrupted waiting to refresh disk information: sleep interrupted
2019-08-21 17:39:13,421 [main] INFO  statemachine.DatanodeStateMachine (DatanodeStateMachine.java:stopDaemon(395)) - Ozone container server stopped.
2019-08-21 17:39:13,426 [ForkJoinPool.commonPool-worker-1] INFO  statemachine.DatanodeStateMachine (DatanodeStateMachine.java:stopDaemon(395)) - Ozone container server stopped.
2019-08-21 17:39:13,430 [main] INFO  handler.ContextHandler (ContextHandler.java:doStop(910)) - Stopped o.e.j.w.WebAppContext@27ae6f9e{/,null,UNAVAILABLE}{/hddsDatanode}
2019-08-21 17:39:13,431 [ForkJoinPool.commonPool-worker-1] INFO  handler.ContextHandler (ContextHandler.java:doStop(910)) - Stopped o.e.j.w.WebAppContext@65e4eba5{/,null,UNAVAILABLE}{/hddsDatanode}
2019-08-21 17:39:13,432 [main] INFO  server.AbstractConnector (AbstractConnector.java:doStop(318)) - Stopped ServerConnector@4fdea2de{HTTP/1.1,[http/1.1]}{0.0.0.0:0}
2019-08-21 17:39:13,432 [ForkJoinPool.commonPool-worker-1] INFO  server.AbstractConnector (AbstractConnector.java:doStop(318)) - Stopped ServerConnector@77eb76f{HTTP/1.1,[http/1.1]}{0.0.0.0:0}
2019-08-21 17:39:13,432 [main] INFO  handler.ContextHandler (ContextHandler.java:doStop(910)) - Stopped o.e.j.s.ServletContextHandler@7011eee0{/static,jar:file:/home/user/.m2/repository/org/apache/hadoop/hadoop-hdds-container-service/0.5.0-SNAPSHOT/hadoop-hdds-container-service-0.5.0-SNAPSHOT.jar!/webapps/static,UNAVAILABLE}
2019-08-21 17:39:13,443 [ForkJoinPool.commonPool-worker-1] INFO  handler.ContextHandler (ContextHandler.java:doStop(910)) - Stopped o.e.j.s.ServletContextHandler@4f78adf{/static,jar:file:/home/user/.m2/repository/org/apache/hadoop/hadoop-hdds-container-service/0.5.0-SNAPSHOT/hadoop-hdds-container-service-0.5.0-SNAPSHOT.jar!/webapps/static,UNAVAILABLE}
2019-08-21 17:39:13,443 [main] INFO  handler.ContextHandler (ContextHandler.java:doStop(910)) - Stopped o.e.j.s.ServletContextHandler@18d76c14{/logs,file:///workdir/hadoop-ozone/integration-test/target/log,UNAVAILABLE}
2019-08-21 17:39:13,443 [ForkJoinPool.commonPool-worker-1] INFO  handler.ContextHandler (ContextHandler.java:doStop(910)) - Stopped o.e.j.s.ServletContextHandler@cc4a0dd{/logs,file:///workdir/hadoop-ozone/integration-test/target/log,UNAVAILABLE}
2019-08-21 17:39:13,445 [main] INFO  datanode.ObjectStoreHandler (ObjectStoreHandler.java:close(155)) - Closing ObjectStoreHandler.
2019-08-21 17:39:13,445 [ForkJoinPool.commonPool-worker-1] INFO  datanode.ObjectStoreHandler (ObjectStoreHandler.java:close(155)) - Closing ObjectStoreHandler.
2019-08-21 17:39:13,445 [ForkJoinPool.commonPool-worker-1] INFO  ozone.HddsDatanodeService (HddsDatanodeService.java:stop(451)) - Stopped plug-in org.apache.hadoop.ozone.web.OzoneHddsDatanodeService@7a925ac4
2019-08-21 17:39:13,445 [main] INFO  ozone.HddsDatanodeService (HddsDatanodeService.java:stop(451)) - Stopped plug-in org.apache.hadoop.ozone.web.OzoneHddsDatanodeService@697797e4
2019-08-21 17:39:14,002 | INFO  | SCMAudit | user=jenkins1000 | ip=192.168.69.88 | op=SEND_HEARTBEAT {datanodeUUID=802f8fbc-decc-4fe0-8596-5227c01e58c6, command=[commandType: closeContainerCommand closeContainerCommandProto { containerID: 2 pipelineID { id: "43d3813c-eae5-475a-b560-976dbcc56d49" } cmdId: 2 force: false } ]} | ret=SUCCESS |  
2019-08-21 17:39:14,021 [Datanode State Machine Thread - 0] INFO  statemachine.DatanodeStateMachine (DatanodeStateMachine.java:lambda$startDaemon$0(350)) - Ozone container server started.
2019-08-21 17:39:14,112 | INFO  | SCMAudit | user=jenkins1000 | ip=192.168.69.88 | op=SEND_HEARTBEAT {datanodeUUID=76d52cc5-9633-42a9-b84b-2c228ac1c43f, command=[]} | ret=SUCCESS |  
2019-08-21 17:39:14,389 [Datanode State Machine Thread - 0] INFO  statemachine.DatanodeStateMachine (DatanodeStateMachine.java:lambda$startDaemon$0(350)) - Ozone container server started.
2019-08-21 17:39:15,001 | INFO  | SCMAudit | user=jenkins1000 | ip=192.168.69.88 | op=SEND_HEARTBEAT {datanodeUUID=802f8fbc-decc-4fe0-8596-5227c01e58c6, command=[]} | ret=SUCCESS |  
2019-08-21 17:39:15,112 | INFO  | SCMAudit | user=jenkins1000 | ip=192.168.69.88 | op=SEND_HEARTBEAT {datanodeUUID=76d52cc5-9633-42a9-b84b-2c228ac1c43f, command=[]} | ret=SUCCESS |  
2019-08-21 17:39:15,791 [grpc-default-executor-6] WARN  server.GrpcLogAppender (LogUtils.java:warn(134)) - 802f8fbc-decc-4fe0-8596-5227c01e58c6->57e59194-3b1d-4665-b11f-1ec0556c47eb: Failed appendEntries: org.apache.ratis.thirdparty.io.grpc.StatusRuntimeException: UNAVAILABLE: io exception
2019-08-21 17:39:15,792 [grpc-default-executor-6] INFO  impl.FollowerInfo (FollowerInfo.java:lambda$new$0(50)) - 802f8fbc-decc-4fe0-8596-5227c01e58c6->57e59194-3b1d-4665-b11f-1ec0556c47eb: nextIndex: updateUnconditionally 16 -> 15
2019-08-21 17:39:16,001 | INFO  | SCMAudit | user=jenkins1000 | ip=192.168.69.88 | op=SEND_HEARTBEAT {datanodeUUID=802f8fbc-decc-4fe0-8596-5227c01e58c6, command=[]} | ret=SUCCESS |  
2019-08-21 17:39:16,020 | INFO  | SCMAudit | user=jenkins1000 | ip=192.168.69.88 | op=SEND_HEARTBEAT {datanodeUUID=802f8fbc-decc-4fe0-8596-5227c01e58c6, command=[]} | ret=SUCCESS |  
2019-08-21 17:39:16,022 [grpc-default-executor-8] WARN  server.GrpcLogAppender (LogUtils.java:warn(134)) - 802f8fbc-decc-4fe0-8596-5227c01e58c6->57e59194-3b1d-4665-b11f-1ec0556c47eb: Failed appendEntries: org.apache.ratis.thirdparty.io.grpc.StatusRuntimeException: UNAVAILABLE: io exception
2019-08-21 17:39:16,022 [grpc-default-executor-8] INFO  impl.FollowerInfo (FollowerInfo.java:lambda$new$0(50)) - 802f8fbc-decc-4fe0-8596-5227c01e58c6->57e59194-3b1d-4665-b11f-1ec0556c47eb: nextIndex: updateUnconditionally 16 -> 15
2019-08-21 17:39:16,033 [grpc-default-executor-9] WARN  server.GrpcLogAppender (LogUtils.java:warn(134)) - 802f8fbc-decc-4fe0-8596-5227c01e58c6->57e59194-3b1d-4665-b11f-1ec0556c47eb: Failed appendEntries: org.apache.ratis.thirdparty.io.grpc.StatusRuntimeException: UNAVAILABLE: io exception
2019-08-21 17:39:16,033 [grpc-default-executor-9] INFO  impl.FollowerInfo (FollowerInfo.java:lambda$new$0(50)) - 802f8fbc-decc-4fe0-8596-5227c01e58c6->57e59194-3b1d-4665-b11f-1ec0556c47eb: nextIndex: updateUnconditionally 16 -> 15
2019-08-21 17:39:16,044 [grpc-default-executor-8] WARN  server.GrpcLogAppender (LogUtils.java:warn(134)) - 802f8fbc-decc-4fe0-8596-5227c01e58c6->57e59194-3b1d-4665-b11f-1ec0556c47eb: Failed appendEntries: org.apache.ratis.thirdparty.io.grpc.StatusRuntimeException: UNAVAILABLE: io exception
2019-08-21 17:39:16,044 [grpc-default-executor-8] INFO  impl.FollowerInfo (FollowerInfo.java:lambda$new$0(50)) - 802f8fbc-decc-4fe0-8596-5227c01e58c6->57e59194-3b1d-4665-b11f-1ec0556c47eb: nextIndex: updateUnconditionally 16 -> 15
2019-08-21 17:39:16,086 [RatisApplyTransactionExecutor 2] INFO  interfaces.Container (KeyValueContainer.java:compactDB(356)) - Container 2 is closed with bcsId 14.
2019-08-21 17:39:16,088 | INFO  | DNAudit | user=null | ip=null | op=CLOSE_CONTAINER {containerID=2} | ret=SUCCESS |  
2019-08-21 17:39:16,089 | INFO  | SCMAudit | user=jenkins1000 | ip=192.168.69.88 | op=SEND_HEARTBEAT {datanodeUUID=802f8fbc-decc-4fe0-8596-5227c01e58c6, command=[]} | ret=SUCCESS |  
2019-08-21 17:39:16,089 [EventQueue-IncrementalContainerReportForIncrementalContainerReportHandler] INFO  container.IncrementalContainerReportHandler (AbstractContainerReportHandler.java:updateContainerState(176)) - Moving container #2 to CLOSED state, datanode 802f8fbc-decc-4fe0-8596-5227c01e58c6{ip: 192.168.69.88, host: pr-hdds-1935-w6pq9-1452708900, networkLocation: /default-rack, certSerialId: null} reported CLOSED replica.
2019-08-21 17:39:16,112 | INFO  | SCMAudit | user=jenkins1000 | ip=192.168.69.88 | op=SEND_HEARTBEAT {datanodeUUID=76d52cc5-9633-42a9-b84b-2c228ac1c43f, command=[]} | ret=SUCCESS |  
2019-08-21 17:39:16,130 [RatisApplyTransactionExecutor 2] INFO  interfaces.Container (KeyValueContainer.java:compactDB(356)) - Container 2 is closed with bcsId 14.
2019-08-21 17:39:16,131 | INFO  | DNAudit | user=null | ip=null | op=CLOSE_CONTAINER {containerID=2} | ret=SUCCESS |  
2019-08-21 17:39:17,089 | INFO  | SCMAudit | user=jenkins1000 | ip=192.168.69.88 | op=SEND_HEARTBEAT {datanodeUUID=802f8fbc-decc-4fe0-8596-5227c01e58c6, command=[]} | ret=SUCCESS |  
2019-08-21 17:39:17,112 | INFO  | SCMAudit | user=jenkins1000 | ip=192.168.69.88 | op=SEND_HEARTBEAT {datanodeUUID=76d52cc5-9633-42a9-b84b-2c228ac1c43f, command=[]} | ret=SUCCESS |  
2019-08-21 17:39:17,886 [Thread-3756] INFO  impl.FollowerState (FollowerState.java:run(106)) - 7eca2edd-1c28-4c17-b74d-733c4dbe681b:group-A0FD3ED41361 changes to CANDIDATE, lastRpcTime:5081, electionTimeout:5066ms
2019-08-21 17:39:17,887 [Thread-3756] INFO  impl.RoleInfo (RoleInfo.java:shutdownFollowerState(121)) - 7eca2edd-1c28-4c17-b74d-733c4dbe681b: shutdown FollowerState
2019-08-21 17:39:17,887 [Thread-3756] INFO  impl.RaftServerImpl (RaftServerImpl.java:setRole(171)) - 7eca2edd-1c28-4c17-b74d-733c4dbe681b:group-A0FD3ED41361 changes role from FOLLOWER to CANDIDATE at term 2 for changeToCandidate
2019-08-21 17:39:17,887 [Thread-3756] INFO  impl.RoleInfo (RoleInfo.java:updateAndGet(143)) - 7eca2edd-1c28-4c17-b74d-733c4dbe681b: start LeaderElection
2019-08-21 17:39:17,890 [7eca2edd-1c28-4c17-b74d-733c4dbe681b:group-A0FD3ED41361:LeaderElection80] INFO  impl.RaftServerImpl (ServerState.java:setLeader(263)) - 7eca2edd-1c28-4c17-b74d-733c4dbe681b:group-A0FD3ED41361 change Leader from d093da97-bee2-4e07-af8f-bafb3556f13f to null at term 2 for initElection
2019-08-21 17:39:17,909 [7eca2edd-1c28-4c17-b74d-733c4dbe681b:group-A0FD3ED41361:LeaderElection80] INFO  impl.LeaderElection (LeaderElection.java:askForVotes(181)) - 7eca2edd-1c28-4c17-b74d-733c4dbe681b:group-A0FD3ED41361:LeaderElection80: begin an election at term 3 for 16: [8c197040-db5a-409b-844d-bbce80f31f7a:192.168.69.88:45801, 7eca2edd-1c28-4c17-b74d-733c4dbe681b:192.168.69.88:38334, d093da97-bee2-4e07-af8f-bafb3556f13f:192.168.69.88:38106], old=null
2019-08-21 17:39:17,912 [7eca2edd-1c28-4c17-b74d-733c4dbe681b:group-A0FD3ED41361:LeaderElection80] INFO  impl.LeaderElection (LogUtils.java:infoOrTrace(149)) - 7eca2edd-1c28-4c17-b74d-733c4dbe681b:group-A0FD3ED41361:LeaderElection80 got exception when requesting votes: {}
java.util.concurrent.ExecutionException: org.apache.ratis.thirdparty.io.grpc.StatusRuntimeException: UNAVAILABLE: io exception
	at java.util.concurrent.FutureTask.report(FutureTask.java:122)
	at java.util.concurrent.FutureTask.get(FutureTask.java:192)
	at org.apache.ratis.server.impl.LeaderElection.waitForResults(LeaderElection.java:262)
	at org.apache.ratis.server.impl.LeaderElection.askForVotes(LeaderElection.java:200)
	at org.apache.ratis.server.impl.LeaderElection.run(LeaderElection.java:130)
	at java.lang.Thread.run(Thread.java:748)
Caused by: org.apache.ratis.thirdparty.io.grpc.StatusRuntimeException: UNAVAILABLE: io exception
	at org.apache.ratis.thirdparty.io.grpc.stub.ClientCalls.toStatusRuntimeException(ClientCalls.java:233)
	at org.apache.ratis.thirdparty.io.grpc.stub.ClientCalls.getUnchecked(ClientCalls.java:214)
	at org.apache.ratis.thirdparty.io.grpc.stub.ClientCalls.blockingUnaryCall(ClientCalls.java:139)
	at org.apache.ratis.proto.grpc.RaftServerProtocolServiceGrpc$RaftServerProtocolServiceBlockingStub.requestVote(RaftServerProtocolServiceGrpc.java:265)
	at org.apache.ratis.grpc.server.GrpcServerProtocolClient.requestVote(GrpcServerProtocolClient.java:83)
	at org.apache.ratis.grpc.server.GrpcService.requestVote(GrpcService.java:195)
	at org.apache.ratis.server.impl.LeaderElection.lambda$submitRequests$1(LeaderElection.java:237)
	at java.util.concurrent.FutureTask.run(FutureTask.java:266)
	at java.util.concurrent.Executors$RunnableAdapter.call(Executors.java:511)
	at java.util.concurrent.FutureTask.run(FutureTask.java:266)
	at java.util.concurrent.ThreadPoolExecutor.runWorker(ThreadPoolExecutor.java:1149)
	at java.util.concurrent.ThreadPoolExecutor$Worker.run(ThreadPoolExecutor.java:624)
	... 1 more
Caused by: org.apache.ratis.thirdparty.io.netty.channel.AbstractChannel$AnnotatedConnectException: Connection refused: /192.168.69.88:38106
	at sun.nio.ch.SocketChannelImpl.checkConnect(Native Method)
	at sun.nio.ch.SocketChannelImpl.finishConnect(SocketChannelImpl.java:717)
	at org.apache.ratis.thirdparty.io.netty.channel.socket.nio.NioSocketChannel.doFinishConnect(NioSocketChannel.java:327)
	at org.apache.ratis.thirdparty.io.netty.channel.nio.AbstractNioChannel$AbstractNioUnsafe.finishConnect(AbstractNioChannel.java:340)
	at org.apache.ratis.thirdparty.io.netty.channel.nio.NioEventLoop.processSelectedKey(NioEventLoop.java:632)
	at org.apache.ratis.thirdparty.io.netty.channel.nio.NioEventLoop.processSelectedKeysOptimized(NioEventLoop.java:579)
	at org.apache.ratis.thirdparty.io.netty.channel.nio.NioEventLoop.processSelectedKeys(NioEventLoop.java:496)
	at org.apache.ratis.thirdparty.io.netty.channel.nio.NioEventLoop.run(NioEventLoop.java:458)
	at org.apache.ratis.thirdparty.io.netty.util.concurrent.SingleThreadEventExecutor$5.run(SingleThreadEventExecutor.java:897)
	at org.apache.ratis.thirdparty.io.netty.util.concurrent.FastThreadLocalRunnable.run(FastThreadLocalRunnable.java:30)
	... 1 more
Caused by: java.net.ConnectException: Connection refused
	... 11 more
2019-08-21 17:39:17,914 [7eca2edd-1c28-4c17-b74d-733c4dbe681b:group-A0FD3ED41361:LeaderElection80] INFO  impl.LeaderElection (LogUtils.java:infoOrTrace(149)) - 7eca2edd-1c28-4c17-b74d-733c4dbe681b:group-A0FD3ED41361:LeaderElection80 got exception when requesting votes: {}
java.util.concurrent.ExecutionException: org.apache.ratis.thirdparty.io.grpc.StatusRuntimeException: UNAVAILABLE: io exception
	at java.util.concurrent.FutureTask.report(FutureTask.java:122)
	at java.util.concurrent.FutureTask.get(FutureTask.java:192)
	at org.apache.ratis.server.impl.LeaderElection.waitForResults(LeaderElection.java:262)
	at org.apache.ratis.server.impl.LeaderElection.askForVotes(LeaderElection.java:200)
	at org.apache.ratis.server.impl.LeaderElection.run(LeaderElection.java:130)
	at java.lang.Thread.run(Thread.java:748)
Caused by: org.apache.ratis.thirdparty.io.grpc.StatusRuntimeException: UNAVAILABLE: io exception
	at org.apache.ratis.thirdparty.io.grpc.stub.ClientCalls.toStatusRuntimeException(ClientCalls.java:233)
	at org.apache.ratis.thirdparty.io.grpc.stub.ClientCalls.getUnchecked(ClientCalls.java:214)
	at org.apache.ratis.thirdparty.io.grpc.stub.ClientCalls.blockingUnaryCall(ClientCalls.java:139)
	at org.apache.ratis.proto.grpc.RaftServerProtocolServiceGrpc$RaftServerProtocolServiceBlockingStub.requestVote(RaftServerProtocolServiceGrpc.java:265)
	at org.apache.ratis.grpc.server.GrpcServerProtocolClient.requestVote(GrpcServerProtocolClient.java:83)
	at org.apache.ratis.grpc.server.GrpcService.requestVote(GrpcService.java:195)
	at org.apache.ratis.server.impl.LeaderElection.lambda$submitRequests$1(LeaderElection.java:237)
	at java.util.concurrent.FutureTask.run(FutureTask.java:266)
	at java.util.concurrent.Executors$RunnableAdapter.call(Executors.java:511)
	at java.util.concurrent.FutureTask.run(FutureTask.java:266)
	at java.util.concurrent.ThreadPoolExecutor.runWorker(ThreadPoolExecutor.java:1149)
	at java.util.concurrent.ThreadPoolExecutor$Worker.run(ThreadPoolExecutor.java:624)
	... 1 more
Caused by: org.apache.ratis.thirdparty.io.netty.channel.AbstractChannel$AnnotatedConnectException: Connection refused: /192.168.69.88:45801
	at sun.nio.ch.SocketChannelImpl.checkConnect(Native Method)
	at sun.nio.ch.SocketChannelImpl.finishConnect(SocketChannelImpl.java:717)
	at org.apache.ratis.thirdparty.io.netty.channel.socket.nio.NioSocketChannel.doFinishConnect(NioSocketChannel.java:327)
	at org.apache.ratis.thirdparty.io.netty.channel.nio.AbstractNioChannel$AbstractNioUnsafe.finishConnect(AbstractNioChannel.java:340)
	at org.apache.ratis.thirdparty.io.netty.channel.nio.NioEventLoop.processSelectedKey(NioEventLoop.java:632)
	at org.apache.ratis.thirdparty.io.netty.channel.nio.NioEventLoop.processSelectedKeysOptimized(NioEventLoop.java:579)
	at org.apache.ratis.thirdparty.io.netty.channel.nio.NioEventLoop.processSelectedKeys(NioEventLoop.java:496)
	at org.apache.ratis.thirdparty.io.netty.channel.nio.NioEventLoop.run(NioEventLoop.java:458)
	at org.apache.ratis.thirdparty.io.netty.util.concurrent.SingleThreadEventExecutor$5.run(SingleThreadEventExecutor.java:897)
	at org.apache.ratis.thirdparty.io.netty.util.concurrent.FastThreadLocalRunnable.run(FastThreadLocalRunnable.java:30)
	... 1 more
Caused by: java.net.ConnectException: Connection refused
	... 11 more
2019-08-21 17:39:17,917 [7eca2edd-1c28-4c17-b74d-733c4dbe681b:group-A0FD3ED41361:LeaderElection80] INFO  impl.LeaderElection (LeaderElection.java:logAndReturn(56)) - 7eca2edd-1c28-4c17-b74d-733c4dbe681b:group-A0FD3ED41361:LeaderElection80: Election REJECTED; received 0 response(s) [] and 2 exception(s); 7eca2edd-1c28-4c17-b74d-733c4dbe681b:t3, leader=null, voted=7eca2edd-1c28-4c17-b74d-733c4dbe681b, raftlog=7eca2edd-1c28-4c17-b74d-733c4dbe681b-SegmentedRaftLog:OPENED:c17,f17,i17, conf=16: [8c197040-db5a-409b-844d-bbce80f31f7a:192.168.69.88:45801, 7eca2edd-1c28-4c17-b74d-733c4dbe681b:192.168.69.88:38334, d093da97-bee2-4e07-af8f-bafb3556f13f:192.168.69.88:38106], old=null
2019-08-21 17:39:17,917 [7eca2edd-1c28-4c17-b74d-733c4dbe681b:group-A0FD3ED41361:LeaderElection80] INFO  impl.LeaderElection (LogUtils.java:infoOrTrace(149)) -   Exception 0: {}
java.util.concurrent.ExecutionException: org.apache.ratis.thirdparty.io.grpc.StatusRuntimeException: UNAVAILABLE: io exception
	at java.util.concurrent.FutureTask.report(FutureTask.java:122)
	at java.util.concurrent.FutureTask.get(FutureTask.java:192)
	at org.apache.ratis.server.impl.LeaderElection.waitForResults(LeaderElection.java:262)
	at org.apache.ratis.server.impl.LeaderElection.askForVotes(LeaderElection.java:200)
	at org.apache.ratis.server.impl.LeaderElection.run(LeaderElection.java:130)
	at java.lang.Thread.run(Thread.java:748)
Caused by: org.apache.ratis.thirdparty.io.grpc.StatusRuntimeException: UNAVAILABLE: io exception
	at org.apache.ratis.thirdparty.io.grpc.stub.ClientCalls.toStatusRuntimeException(ClientCalls.java:233)
	at org.apache.ratis.thirdparty.io.grpc.stub.ClientCalls.getUnchecked(ClientCalls.java:214)
	at org.apache.ratis.thirdparty.io.grpc.stub.ClientCalls.blockingUnaryCall(ClientCalls.java:139)
	at org.apache.ratis.proto.grpc.RaftServerProtocolServiceGrpc$RaftServerProtocolServiceBlockingStub.requestVote(RaftServerProtocolServiceGrpc.java:265)
	at org.apache.ratis.grpc.server.GrpcServerProtocolClient.requestVote(GrpcServerProtocolClient.java:83)
	at org.apache.ratis.grpc.server.GrpcService.requestVote(GrpcService.java:195)
	at org.apache.ratis.server.impl.LeaderElection.lambda$submitRequests$1(LeaderElection.java:237)
	at java.util.concurrent.FutureTask.run(FutureTask.java:266)
	at java.util.concurrent.Executors$RunnableAdapter.call(Executors.java:511)
	at java.util.concurrent.FutureTask.run(FutureTask.java:266)
	at java.util.concurrent.ThreadPoolExecutor.runWorker(ThreadPoolExecutor.java:1149)
	at java.util.concurrent.ThreadPoolExecutor$Worker.run(ThreadPoolExecutor.java:624)
	... 1 more
Caused by: org.apache.ratis.thirdparty.io.netty.channel.AbstractChannel$AnnotatedConnectException: Connection refused: /192.168.69.88:38106
	at sun.nio.ch.SocketChannelImpl.checkConnect(Native Method)
	at sun.nio.ch.SocketChannelImpl.finishConnect(SocketChannelImpl.java:717)
	at org.apache.ratis.thirdparty.io.netty.channel.socket.nio.NioSocketChannel.doFinishConnect(NioSocketChannel.java:327)
	at org.apache.ratis.thirdparty.io.netty.channel.nio.AbstractNioChannel$AbstractNioUnsafe.finishConnect(AbstractNioChannel.java:340)
	at org.apache.ratis.thirdparty.io.netty.channel.nio.NioEventLoop.processSelectedKey(NioEventLoop.java:632)
	at org.apache.ratis.thirdparty.io.netty.channel.nio.NioEventLoop.processSelectedKeysOptimized(NioEventLoop.java:579)
	at org.apache.ratis.thirdparty.io.netty.channel.nio.NioEventLoop.processSelectedKeys(NioEventLoop.java:496)
	at org.apache.ratis.thirdparty.io.netty.channel.nio.NioEventLoop.run(NioEventLoop.java:458)
	at org.apache.ratis.thirdparty.io.netty.util.concurrent.SingleThreadEventExecutor$5.run(SingleThreadEventExecutor.java:897)
	at org.apache.ratis.thirdparty.io.netty.util.concurrent.FastThreadLocalRunnable.run(FastThreadLocalRunnable.java:30)
	... 1 more
Caused by: java.net.ConnectException: Connection refused
	... 11 more
2019-08-21 17:39:17,917 [7eca2edd-1c28-4c17-b74d-733c4dbe681b:group-A0FD3ED41361:LeaderElection80] INFO  impl.LeaderElection (LogUtils.java:infoOrTrace(149)) -   Exception 1: {}
java.util.concurrent.ExecutionException: org.apache.ratis.thirdparty.io.grpc.StatusRuntimeException: UNAVAILABLE: io exception
	at java.util.concurrent.FutureTask.report(FutureTask.java:122)
	at java.util.concurrent.FutureTask.get(FutureTask.java:192)
	at org.apache.ratis.server.impl.LeaderElection.waitForResults(LeaderElection.java:262)
	at org.apache.ratis.server.impl.LeaderElection.askForVotes(LeaderElection.java:200)
	at org.apache.ratis.server.impl.LeaderElection.run(LeaderElection.java:130)
	at java.lang.Thread.run(Thread.java:748)
Caused by: org.apache.ratis.thirdparty.io.grpc.StatusRuntimeException: UNAVAILABLE: io exception
	at org.apache.ratis.thirdparty.io.grpc.stub.ClientCalls.toStatusRuntimeException(ClientCalls.java:233)
	at org.apache.ratis.thirdparty.io.grpc.stub.ClientCalls.getUnchecked(ClientCalls.java:214)
	at org.apache.ratis.thirdparty.io.grpc.stub.ClientCalls.blockingUnaryCall(ClientCalls.java:139)
	at org.apache.ratis.proto.grpc.RaftServerProtocolServiceGrpc$RaftServerProtocolServiceBlockingStub.requestVote(RaftServerProtocolServiceGrpc.java:265)
	at org.apache.ratis.grpc.server.GrpcServerProtocolClient.requestVote(GrpcServerProtocolClient.java:83)
	at org.apache.ratis.grpc.server.GrpcService.requestVote(GrpcService.java:195)
	at org.apache.ratis.server.impl.LeaderElection.lambda$submitRequests$1(LeaderElection.java:237)
	at java.util.concurrent.FutureTask.run(FutureTask.java:266)
	at java.util.concurrent.Executors$RunnableAdapter.call(Executors.java:511)
	at java.util.concurrent.FutureTask.run(FutureTask.java:266)
	at java.util.concurrent.ThreadPoolExecutor.runWorker(ThreadPoolExecutor.java:1149)
	at java.util.concurrent.ThreadPoolExecutor$Worker.run(ThreadPoolExecutor.java:624)
	... 1 more
Caused by: org.apache.ratis.thirdparty.io.netty.channel.AbstractChannel$AnnotatedConnectException: Connection refused: /192.168.69.88:45801
	at sun.nio.ch.SocketChannelImpl.checkConnect(Native Method)
	at sun.nio.ch.SocketChannelImpl.finishConnect(SocketChannelImpl.java:717)
	at org.apache.ratis.thirdparty.io.netty.channel.socket.nio.NioSocketChannel.doFinishConnect(NioSocketChannel.java:327)
	at org.apache.ratis.thirdparty.io.netty.channel.nio.AbstractNioChannel$AbstractNioUnsafe.finishConnect(AbstractNioChannel.java:340)
	at org.apache.ratis.thirdparty.io.netty.channel.nio.NioEventLoop.processSelectedKey(NioEventLoop.java:632)
	at org.apache.ratis.thirdparty.io.netty.channel.nio.NioEventLoop.processSelectedKeysOptimized(NioEventLoop.java:579)
	at org.apache.ratis.thirdparty.io.netty.channel.nio.NioEventLoop.processSelectedKeys(NioEventLoop.java:496)
	at org.apache.ratis.thirdparty.io.netty.channel.nio.NioEventLoop.run(NioEventLoop.java:458)
	at org.apache.ratis.thirdparty.io.netty.util.concurrent.SingleThreadEventExecutor$5.run(SingleThreadEventExecutor.java:897)
	at org.apache.ratis.thirdparty.io.netty.util.concurrent.FastThreadLocalRunnable.run(FastThreadLocalRunnable.java:30)
	... 1 more
Caused by: java.net.ConnectException: Connection refused
	... 11 more
2019-08-21 17:39:17,917 [7eca2edd-1c28-4c17-b74d-733c4dbe681b:group-A0FD3ED41361:LeaderElection80] INFO  impl.RaftServerImpl (RaftServerImpl.java:setRole(171)) - 7eca2edd-1c28-4c17-b74d-733c4dbe681b:group-A0FD3ED41361 changes role from CANDIDATE to FOLLOWER at term 3 for DISCOVERED_A_NEW_TERM
2019-08-21 17:39:17,918 [7eca2edd-1c28-4c17-b74d-733c4dbe681b:group-A0FD3ED41361:LeaderElection80] INFO  impl.RoleInfo (RoleInfo.java:shutdownLeaderElection(134)) - 7eca2edd-1c28-4c17-b74d-733c4dbe681b: shutdown LeaderElection
2019-08-21 17:39:17,918 [7eca2edd-1c28-4c17-b74d-733c4dbe681b:group-A0FD3ED41361:LeaderElection80] INFO  impl.RoleInfo (RoleInfo.java:updateAndGet(143)) - 7eca2edd-1c28-4c17-b74d-733c4dbe681b: start FollowerState
2019-08-21 17:39:18,030 [EventQueue-StaleNodeForStaleNodeHandler] INFO  node.StaleNodeHandler (StaleNodeHandler.java:onMessage(58)) - Datanode 076b8a8c-935b-40a1-9166-aa87fdf8f32e{ip: 192.168.69.88, host: pr-hdds-1935-w6pq9-1452708900, networkLocation: /default-rack, certSerialId: null} moved to stale state. Finalizing its pipelines [PipelineID=43d3813c-eae5-475a-b560-976dbcc56d49, PipelineID=fdd7aed2-df6d-4b30-bc8e-eb983f72d836]
2019-08-21 17:39:18,030 [EventQueue-StaleNodeForStaleNodeHandler] INFO  pipeline.SCMPipelineManager (SCMPipelineManager.java:finalizeAndDestroyPipeline(309)) - destroying pipeline:Pipeline[ Id: 43d3813c-eae5-475a-b560-976dbcc56d49, Nodes: 57e59194-3b1d-4665-b11f-1ec0556c47eb{ip: 192.168.69.88, host: pr-hdds-1935-w6pq9-1452708900, networkLocation: /default-rack, certSerialId: null}802f8fbc-decc-4fe0-8596-5227c01e58c6{ip: 192.168.69.88, host: pr-hdds-1935-w6pq9-1452708900, networkLocation: /default-rack, certSerialId: null}076b8a8c-935b-40a1-9166-aa87fdf8f32e{ip: 192.168.69.88, host: pr-hdds-1935-w6pq9-1452708900, networkLocation: /default-rack, certSerialId: null}, Type:RATIS, Factor:THREE, State:CLOSED]
2019-08-21 17:39:18,030 [EventQueue-StaleNodeForStaleNodeHandler] INFO  pipeline.SCMPipelineManager (SCMPipelineManager.java:finalizeAndDestroyPipeline(309)) - destroying pipeline:Pipeline[ Id: fdd7aed2-df6d-4b30-bc8e-eb983f72d836, Nodes: 076b8a8c-935b-40a1-9166-aa87fdf8f32e{ip: 192.168.69.88, host: pr-hdds-1935-w6pq9-1452708900, networkLocation: /default-rack, certSerialId: null}, Type:RATIS, Factor:ONE, State:OPEN]
2019-08-21 17:39:18,030 [EventQueue-StaleNodeForStaleNodeHandler] INFO  pipeline.PipelineStateManager (PipelineStateManager.java:finalizePipeline(123)) - Pipeline Pipeline[ Id: fdd7aed2-df6d-4b30-bc8e-eb983f72d836, Nodes: 076b8a8c-935b-40a1-9166-aa87fdf8f32e{ip: 192.168.69.88, host: pr-hdds-1935-w6pq9-1452708900, networkLocation: /default-rack, certSerialId: null}, Type:RATIS, Factor:ONE, State:CLOSED] moved to CLOSED state
2019-08-21 17:39:18,089 | INFO  | SCMAudit | user=jenkins1000 | ip=192.168.69.88 | op=SEND_HEARTBEAT {datanodeUUID=802f8fbc-decc-4fe0-8596-5227c01e58c6, command=[]} | ret=SUCCESS |  
2019-08-21 17:39:18,112 | INFO  | SCMAudit | user=jenkins1000 | ip=192.168.69.88 | op=SEND_HEARTBEAT {datanodeUUID=76d52cc5-9633-42a9-b84b-2c228ac1c43f, command=[]} | ret=SUCCESS |  
2019-08-21 17:39:18,430 [EventQueue-StaleNodeForStaleNodeHandler] INFO  node.StaleNodeHandler (StaleNodeHandler.java:onMessage(58)) - Datanode 7eca2edd-1c28-4c17-b74d-733c4dbe681b{ip: 192.168.69.88, host: pr-hdds-1935-w6pq9-1452708900, networkLocation: /default-rack, certSerialId: null} moved to stale state. Finalizing its pipelines [PipelineID=3e0e7ad7-7f08-4fdc-9e48-bed3559add8f, PipelineID=063cef92-52c6-41d5-9d3d-a0fd3ed41361]
2019-08-21 17:39:18,430 [EventQueue-StaleNodeForStaleNodeHandler] INFO  pipeline.SCMPipelineManager (SCMPipelineManager.java:finalizeAndDestroyPipeline(309)) - destroying pipeline:Pipeline[ Id: 3e0e7ad7-7f08-4fdc-9e48-bed3559add8f, Nodes: 7eca2edd-1c28-4c17-b74d-733c4dbe681b{ip: 192.168.69.88, host: pr-hdds-1935-w6pq9-1452708900, networkLocation: /default-rack, certSerialId: null}, Type:RATIS, Factor:ONE, State:OPEN]
2019-08-21 17:39:18,431 [EventQueue-StaleNodeForStaleNodeHandler] INFO  pipeline.PipelineStateManager (PipelineStateManager.java:finalizePipeline(123)) - Pipeline Pipeline[ Id: 3e0e7ad7-7f08-4fdc-9e48-bed3559add8f, Nodes: 7eca2edd-1c28-4c17-b74d-733c4dbe681b{ip: 192.168.69.88, host: pr-hdds-1935-w6pq9-1452708900, networkLocation: /default-rack, certSerialId: null}, Type:RATIS, Factor:ONE, State:CLOSED] moved to CLOSED state
2019-08-21 17:39:18,431 [EventQueue-StaleNodeForStaleNodeHandler] INFO  pipeline.SCMPipelineManager (SCMPipelineManager.java:finalizeAndDestroyPipeline(309)) - destroying pipeline:Pipeline[ Id: 063cef92-52c6-41d5-9d3d-a0fd3ed41361, Nodes: 8c197040-db5a-409b-844d-bbce80f31f7a{ip: 192.168.69.88, host: pr-hdds-1935-w6pq9-1452708900, networkLocation: /default-rack, certSerialId: null}7eca2edd-1c28-4c17-b74d-733c4dbe681b{ip: 192.168.69.88, host: pr-hdds-1935-w6pq9-1452708900, networkLocation: /default-rack, certSerialId: null}d093da97-bee2-4e07-af8f-bafb3556f13f{ip: 192.168.69.88, host: pr-hdds-1935-w6pq9-1452708900, networkLocation: /default-rack, certSerialId: null}, Type:RATIS, Factor:THREE, State:CLOSED]
2019-08-21 17:39:18,446 [ForkJoinPool.commonPool-worker-1] INFO  ozoneimpl.OzoneContainer (OzoneContainer.java:stop(199)) - Attempting to stop container services.
2019-08-21 17:39:18,446 [main] INFO  ozoneimpl.OzoneContainer (OzoneContainer.java:stop(199)) - Attempting to stop container services.
2019-08-21 17:39:18,447 [ForkJoinPool.commonPool-worker-1] INFO  impl.RaftServerProxy (RaftServerProxy.java:lambda$close$4(314)) - 7eca2edd-1c28-4c17-b74d-733c4dbe681b: close
2019-08-21 17:39:18,447 [main] INFO  impl.RaftServerProxy (RaftServerProxy.java:lambda$close$4(314)) - 076b8a8c-935b-40a1-9166-aa87fdf8f32e: close
2019-08-21 17:39:18,447 [ForkJoinPool.commonPool-worker-1] INFO  impl.RaftServerImpl (RaftServerImpl.java:lambda$shutdown$3(245)) - 7eca2edd-1c28-4c17-b74d-733c4dbe681b: shutdown group-BED3559ADD8F
2019-08-21 17:39:18,447 [main] INFO  impl.RaftServerImpl (RaftServerImpl.java:lambda$shutdown$3(245)) - 076b8a8c-935b-40a1-9166-aa87fdf8f32e: shutdown group-976DBCC56D49
2019-08-21 17:39:18,448 [ForkJoinPool.commonPool-worker-1] INFO  util.JmxRegister (JmxRegister.java:unregister(73)) - Successfully un-registered JMX Bean with object name Ratis:service=RaftServer,group=group-BED3559ADD8F,id=7eca2edd-1c28-4c17-b74d-733c4dbe681b
2019-08-21 17:39:18,448 [main] INFO  util.JmxRegister (JmxRegister.java:unregister(73)) - Successfully un-registered JMX Bean with object name Ratis:service=RaftServer,group=group-976DBCC56D49,id=076b8a8c-935b-40a1-9166-aa87fdf8f32e
2019-08-21 17:39:18,448 [main] INFO  impl.RoleInfo (RoleInfo.java:shutdownFollowerState(121)) - 076b8a8c-935b-40a1-9166-aa87fdf8f32e: shutdown FollowerState
2019-08-21 17:39:18,448 [ForkJoinPool.commonPool-worker-1] INFO  impl.RoleInfo (RoleInfo.java:shutdownLeaderState(104)) - 7eca2edd-1c28-4c17-b74d-733c4dbe681b: shutdown LeaderState
2019-08-21 17:39:18,449 [Thread-3637] INFO  impl.FollowerState (FollowerState.java:run(114)) - 076b8a8c-935b-40a1-9166-aa87fdf8f32e: FollowerState was interrupted: java.lang.InterruptedException: sleep interrupted
2019-08-21 17:39:18,449 [StateMachineUpdater:076b8a8c-935b-40a1-9166-aa87fdf8f32e:group-976DBCC56D49] INFO  ratis.ContainerStateMachine (ContainerStateMachine.java:takeSnapshot(283)) - group-976DBCC56D49: Taking a snapshot at:(t:1, i:17) file /workdir/hadoop-ozone/integration-test/target/test-dir/MiniOzoneClusterImpl-c619d2d6-0016-4a2b-bb48-151a7992e575/datanode-3/data/ratis/43d3813c-eae5-475a-b560-976dbcc56d49/sm/snapshot.1_17
2019-08-21 17:39:18,449 [main] INFO  impl.StateMachineUpdater (StateMachineUpdater.java:stopAndJoin(115)) - StateMachineUpdater:076b8a8c-935b-40a1-9166-aa87fdf8f32e:group-976DBCC56D49: set stopIndex = 17
2019-08-21 17:39:18,449 [ForkJoinPool.commonPool-worker-1] INFO  impl.PendingRequests (PendingRequests.java:sendNotLeaderResponses(202)) - 7eca2edd-1c28-4c17-b74d-733c4dbe681b-PendingRequests: sendNotLeaderResponses
2019-08-21 17:39:18,452 [ForkJoinPool.commonPool-worker-1] INFO  impl.StateMachineUpdater (StateMachineUpdater.java:stopAndJoin(115)) - StateMachineUpdater:7eca2edd-1c28-4c17-b74d-733c4dbe681b:group-BED3559ADD8F: set stopIndex = 0
2019-08-21 17:39:18,453 [ForkJoinPool.commonPool-worker-1] INFO  impl.RaftServerImpl (ServerState.java:close(394)) - 7eca2edd-1c28-4c17-b74d-733c4dbe681b:group-BED3559ADD8F closes. The last applied log index is 0
2019-08-21 17:39:18,453 [7eca2edd-1c28-4c17-b74d-733c4dbe681b-SegmentedRaftLogWorker:Storage Directory /workdir/hadoop-ozone/integration-test/target/test-dir/MiniOzoneClusterImpl-c619d2d6-0016-4a2b-bb48-151a7992e575/datanode-0/data/ratis/3e0e7ad7-7f08-4fdc-9e48-bed3559add8f] INFO  segmented.SegmentedRaftLogWorker (SegmentedRaftLogWorker.java:run(313)) - 7eca2edd-1c28-4c17-b74d-733c4dbe681b-SegmentedRaftLogWorker:Storage Directory /workdir/hadoop-ozone/integration-test/target/test-dir/MiniOzoneClusterImpl-c619d2d6-0016-4a2b-bb48-151a7992e575/datanode-0/data/ratis/3e0e7ad7-7f08-4fdc-9e48-bed3559add8f was interrupted, exiting. There are 0 tasks remaining in the queue.
2019-08-21 17:39:18,455 [ForkJoinPool.commonPool-worker-1] INFO  segmented.SegmentedRaftLogWorker (SegmentedRaftLogWorker.java:close(228)) - 7eca2edd-1c28-4c17-b74d-733c4dbe681b-SegmentedRaftLogWorker:Storage Directory /workdir/hadoop-ozone/integration-test/target/test-dir/MiniOzoneClusterImpl-c619d2d6-0016-4a2b-bb48-151a7992e575/datanode-0/data/ratis/3e0e7ad7-7f08-4fdc-9e48-bed3559add8f close()
2019-08-21 17:39:18,457 [ForkJoinPool.commonPool-worker-1] INFO  impl.RaftServerImpl (RaftServerImpl.java:lambda$shutdown$3(245)) - 7eca2edd-1c28-4c17-b74d-733c4dbe681b: shutdown group-A0FD3ED41361
2019-08-21 17:39:18,458 [ForkJoinPool.commonPool-worker-1] INFO  util.JmxRegister (JmxRegister.java:unregister(73)) - Successfully un-registered JMX Bean with object name Ratis:service=RaftServer,group=group-A0FD3ED41361,id=7eca2edd-1c28-4c17-b74d-733c4dbe681b
2019-08-21 17:39:18,458 [ForkJoinPool.commonPool-worker-1] INFO  impl.RoleInfo (RoleInfo.java:shutdownFollowerState(121)) - 7eca2edd-1c28-4c17-b74d-733c4dbe681b: shutdown FollowerState
2019-08-21 17:39:18,458 [ForkJoinPool.commonPool-worker-1] INFO  impl.StateMachineUpdater (StateMachineUpdater.java:stopAndJoin(115)) - StateMachineUpdater:7eca2edd-1c28-4c17-b74d-733c4dbe681b:group-A0FD3ED41361: set stopIndex = 17
2019-08-21 17:39:18,458 [Thread-3850] INFO  impl.FollowerState (FollowerState.java:run(114)) - 7eca2edd-1c28-4c17-b74d-733c4dbe681b: FollowerState was interrupted: java.lang.InterruptedException: sleep interrupted
2019-08-21 17:39:18,458 [StateMachineUpdater:7eca2edd-1c28-4c17-b74d-733c4dbe681b:group-A0FD3ED41361] INFO  ratis.ContainerStateMachine (ContainerStateMachine.java:takeSnapshot(283)) - group-A0FD3ED41361: Taking a snapshot at:(t:1, i:13) file /workdir/hadoop-ozone/integration-test/target/test-dir/MiniOzoneClusterImpl-c619d2d6-0016-4a2b-bb48-151a7992e575/datanode-0/data/ratis/063cef92-52c6-41d5-9d3d-a0fd3ed41361/sm/snapshot.1_13
2019-08-21 17:39:18,460 [StateMachineUpdater:076b8a8c-935b-40a1-9166-aa87fdf8f32e:group-976DBCC56D49] INFO  ratis.ContainerStateMachine (ContainerStateMachine.java:takeSnapshot(294)) - group-976DBCC56D49: Finished taking a snapshot at:(t:1, i:17) file:/workdir/hadoop-ozone/integration-test/target/test-dir/MiniOzoneClusterImpl-c619d2d6-0016-4a2b-bb48-151a7992e575/datanode-3/data/ratis/43d3813c-eae5-475a-b560-976dbcc56d49/sm/snapshot.1_17 time:10
2019-08-21 17:39:18,460 [StateMachineUpdater:076b8a8c-935b-40a1-9166-aa87fdf8f32e:group-976DBCC56D49] INFO  impl.StateMachineUpdater (StateMachineUpdater.java:takeSnapshot(242)) - StateMachineUpdater:076b8a8c-935b-40a1-9166-aa87fdf8f32e:group-976DBCC56D49: Took a snapshot at index 17
2019-08-21 17:39:18,460 [StateMachineUpdater:076b8a8c-935b-40a1-9166-aa87fdf8f32e:group-976DBCC56D49] INFO  impl.StateMachineUpdater (StateMachineUpdater.java:lambda$new$0(80)) - StateMachineUpdater:076b8a8c-935b-40a1-9166-aa87fdf8f32e:group-976DBCC56D49: snapshotIndex: updateIncreasingly -1 -> 17
2019-08-21 17:39:18,460 [main] INFO  impl.RaftServerImpl (ServerState.java:close(394)) - 076b8a8c-935b-40a1-9166-aa87fdf8f32e:group-976DBCC56D49 closes. The last applied log index is 17
2019-08-21 17:39:18,461 [076b8a8c-935b-40a1-9166-aa87fdf8f32e-SegmentedRaftLogWorker:Storage Directory /workdir/hadoop-ozone/integration-test/target/test-dir/MiniOzoneClusterImpl-c619d2d6-0016-4a2b-bb48-151a7992e575/datanode-3/data/ratis/43d3813c-eae5-475a-b560-976dbcc56d49] INFO  segmented.SegmentedRaftLogWorker (SegmentedRaftLogWorker.java:run(313)) - 076b8a8c-935b-40a1-9166-aa87fdf8f32e-SegmentedRaftLogWorker:Storage Directory /workdir/hadoop-ozone/integration-test/target/test-dir/MiniOzoneClusterImpl-c619d2d6-0016-4a2b-bb48-151a7992e575/datanode-3/data/ratis/43d3813c-eae5-475a-b560-976dbcc56d49 was interrupted, exiting. There are 0 tasks remaining in the queue.
2019-08-21 17:39:18,463 [main] INFO  segmented.SegmentedRaftLogWorker (SegmentedRaftLogWorker.java:close(228)) - 076b8a8c-935b-40a1-9166-aa87fdf8f32e-SegmentedRaftLogWorker:Storage Directory /workdir/hadoop-ozone/integration-test/target/test-dir/MiniOzoneClusterImpl-c619d2d6-0016-4a2b-bb48-151a7992e575/datanode-3/data/ratis/43d3813c-eae5-475a-b560-976dbcc56d49 close()
2019-08-21 17:39:18,465 [main] INFO  impl.RaftServerImpl (RaftServerImpl.java:lambda$shutdown$3(245)) - 076b8a8c-935b-40a1-9166-aa87fdf8f32e: shutdown group-EB983F72D836
2019-08-21 17:39:18,466 [main] INFO  util.JmxRegister (JmxRegister.java:unregister(73)) - Successfully un-registered JMX Bean with object name Ratis:service=RaftServer,group=group-EB983F72D836,id=076b8a8c-935b-40a1-9166-aa87fdf8f32e
2019-08-21 17:39:18,466 [main] INFO  impl.RoleInfo (RoleInfo.java:shutdownLeaderState(104)) - 076b8a8c-935b-40a1-9166-aa87fdf8f32e: shutdown LeaderState
2019-08-21 17:39:18,466 [main] INFO  impl.PendingRequests (PendingRequests.java:sendNotLeaderResponses(202)) - 076b8a8c-935b-40a1-9166-aa87fdf8f32e-PendingRequests: sendNotLeaderResponses
2019-08-21 17:39:18,467 [main] INFO  impl.StateMachineUpdater (StateMachineUpdater.java:stopAndJoin(115)) - StateMachineUpdater:076b8a8c-935b-40a1-9166-aa87fdf8f32e:group-EB983F72D836: set stopIndex = 0
2019-08-21 17:39:18,467 [main] INFO  impl.RaftServerImpl (ServerState.java:close(394)) - 076b8a8c-935b-40a1-9166-aa87fdf8f32e:group-EB983F72D836 closes. The last applied log index is 0
2019-08-21 17:39:18,467 [076b8a8c-935b-40a1-9166-aa87fdf8f32e-SegmentedRaftLogWorker:Storage Directory /workdir/hadoop-ozone/integration-test/target/test-dir/MiniOzoneClusterImpl-c619d2d6-0016-4a2b-bb48-151a7992e575/datanode-3/data/ratis/fdd7aed2-df6d-4b30-bc8e-eb983f72d836] INFO  segmented.SegmentedRaftLogWorker (SegmentedRaftLogWorker.java:run(313)) - 076b8a8c-935b-40a1-9166-aa87fdf8f32e-SegmentedRaftLogWorker:Storage Directory /workdir/hadoop-ozone/integration-test/target/test-dir/MiniOzoneClusterImpl-c619d2d6-0016-4a2b-bb48-151a7992e575/datanode-3/data/ratis/fdd7aed2-df6d-4b30-bc8e-eb983f72d836 was interrupted, exiting. There are 0 tasks remaining in the queue.
2019-08-21 17:39:18,469 [main] INFO  segmented.SegmentedRaftLogWorker (SegmentedRaftLogWorker.java:close(228)) - 076b8a8c-935b-40a1-9166-aa87fdf8f32e-SegmentedRaftLogWorker:Storage Directory /workdir/hadoop-ozone/integration-test/target/test-dir/MiniOzoneClusterImpl-c619d2d6-0016-4a2b-bb48-151a7992e575/datanode-3/data/ratis/fdd7aed2-df6d-4b30-bc8e-eb983f72d836 close()
2019-08-21 17:39:18,471 [main] INFO  server.GrpcService (GrpcService.java:closeImpl(155)) - 076b8a8c-935b-40a1-9166-aa87fdf8f32e: shutdown server with port 37700 now
2019-08-21 17:39:18,472 [grpc-default-executor-8] WARN  server.GrpcServerProtocolService (LogUtils.java:warn(134)) - 076b8a8c-935b-40a1-9166-aa87fdf8f32e: appendEntries onError: org.apache.ratis.thirdparty.io.grpc.StatusRuntimeException: CANCELLED: cancelled before receiving half close
2019-08-21 17:39:18,472 [main] INFO  server.GrpcService (GrpcService.java:closeImpl(163)) - 076b8a8c-935b-40a1-9166-aa87fdf8f32e: shutdown server with port 37700 successfully
2019-08-21 17:39:18,472 [grpc-default-executor-9] WARN  server.GrpcLogAppender (LogUtils.java:warn(134)) - 802f8fbc-decc-4fe0-8596-5227c01e58c6->076b8a8c-935b-40a1-9166-aa87fdf8f32e: Failed appendEntries: org.apache.ratis.thirdparty.io.grpc.StatusRuntimeException: CANCELLED: HTTP/2 error code: CANCEL
Received Rst Stream
2019-08-21 17:39:18,473 [grpc-default-executor-9] INFO  impl.FollowerInfo (FollowerInfo.java:lambda$new$0(50)) - 802f8fbc-decc-4fe0-8596-5227c01e58c6->076b8a8c-935b-40a1-9166-aa87fdf8f32e: nextIndex: updateUnconditionally 19 -> 18
2019-08-21 17:39:18,473 [main] INFO  utils.BackgroundService (BackgroundService.java:shutdown(148)) - Shutting down service BlockDeletingService
2019-08-21 17:39:18,485 [refreshUsed-/workdir/hadoop-ozone/integration-test/target/test-dir/MiniOzoneClusterImpl-c619d2d6-0016-4a2b-bb48-151a7992e575/datanode-3/data/containers] WARN  fs.CachingGetSpaceUsed (CachingGetSpaceUsed.java:run(183)) - Thread Interrupted waiting to refresh disk information: sleep interrupted
2019-08-21 17:39:18,486 [StateMachineUpdater:7eca2edd-1c28-4c17-b74d-733c4dbe681b:group-A0FD3ED41361] INFO  ratis.ContainerStateMachine (ContainerStateMachine.java:takeSnapshot(294)) - group-A0FD3ED41361: Finished taking a snapshot at:(t:1, i:13) file:/workdir/hadoop-ozone/integration-test/target/test-dir/MiniOzoneClusterImpl-c619d2d6-0016-4a2b-bb48-151a7992e575/datanode-0/data/ratis/063cef92-52c6-41d5-9d3d-a0fd3ed41361/sm/snapshot.1_13 time:27
2019-08-21 17:39:18,486 [StateMachineUpdater:7eca2edd-1c28-4c17-b74d-733c4dbe681b:group-A0FD3ED41361] INFO  impl.StateMachineUpdater (StateMachineUpdater.java:takeSnapshot(242)) - StateMachineUpdater:7eca2edd-1c28-4c17-b74d-733c4dbe681b:group-A0FD3ED41361: Took a snapshot at index 13
2019-08-21 17:39:18,486 [StateMachineUpdater:7eca2edd-1c28-4c17-b74d-733c4dbe681b:group-A0FD3ED41361] INFO  impl.StateMachineUpdater (StateMachineUpdater.java:lambda$new$0(80)) - StateMachineUpdater:7eca2edd-1c28-4c17-b74d-733c4dbe681b:group-A0FD3ED41361: snapshotIndex: updateIncreasingly -1 -> 13
2019-08-21 17:39:18,486 [ForkJoinPool.commonPool-worker-1] INFO  impl.RaftServerImpl (ServerState.java:close(394)) - 7eca2edd-1c28-4c17-b74d-733c4dbe681b:group-A0FD3ED41361 closes. The last applied log index is 17
2019-08-21 17:39:18,487 [7eca2edd-1c28-4c17-b74d-733c4dbe681b-SegmentedRaftLogWorker:Storage Directory /workdir/hadoop-ozone/integration-test/target/test-dir/MiniOzoneClusterImpl-c619d2d6-0016-4a2b-bb48-151a7992e575/datanode-0/data/ratis/063cef92-52c6-41d5-9d3d-a0fd3ed41361] INFO  segmented.SegmentedRaftLogWorker (SegmentedRaftLogWorker.java:run(313)) - 7eca2edd-1c28-4c17-b74d-733c4dbe681b-SegmentedRaftLogWorker:Storage Directory /workdir/hadoop-ozone/integration-test/target/test-dir/MiniOzoneClusterImpl-c619d2d6-0016-4a2b-bb48-151a7992e575/datanode-0/data/ratis/063cef92-52c6-41d5-9d3d-a0fd3ed41361 was interrupted, exiting. There are 0 tasks remaining in the queue.
2019-08-21 17:39:18,492 [ForkJoinPool.commonPool-worker-1] INFO  segmented.SegmentedRaftLogWorker (SegmentedRaftLogWorker.java:close(228)) - 7eca2edd-1c28-4c17-b74d-733c4dbe681b-SegmentedRaftLogWorker:Storage Directory /workdir/hadoop-ozone/integration-test/target/test-dir/MiniOzoneClusterImpl-c619d2d6-0016-4a2b-bb48-151a7992e575/datanode-0/data/ratis/063cef92-52c6-41d5-9d3d-a0fd3ed41361 close()
2019-08-21 17:39:18,493 [ForkJoinPool.commonPool-worker-1] INFO  server.GrpcService (GrpcService.java:closeImpl(155)) - 7eca2edd-1c28-4c17-b74d-733c4dbe681b: shutdown server with port 38334 now
2019-08-21 17:39:18,494 [ForkJoinPool.commonPool-worker-1] INFO  server.GrpcService (GrpcService.java:closeImpl(163)) - 7eca2edd-1c28-4c17-b74d-733c4dbe681b: shutdown server with port 38334 successfully
2019-08-21 17:39:18,498 [ForkJoinPool.commonPool-worker-1] INFO  utils.BackgroundService (BackgroundService.java:shutdown(148)) - Shutting down service BlockDeletingService
2019-08-21 17:39:18,499 [refreshUsed-/workdir/hadoop-ozone/integration-test/target/test-dir/MiniOzoneClusterImpl-c619d2d6-0016-4a2b-bb48-151a7992e575/datanode-0/data/containers] WARN  fs.CachingGetSpaceUsed (CachingGetSpaceUsed.java:run(183)) - Thread Interrupted waiting to refresh disk information: sleep interrupted
2019-08-21 17:39:18,510 [main] INFO  statemachine.DatanodeStateMachine (DatanodeStateMachine.java:stopDaemon(395)) - Ozone container server stopped.
2019-08-21 17:39:18,511 [main] INFO  handler.ContextHandler (ContextHandler.java:doStop(910)) - Stopped o.e.j.w.WebAppContext@6992a147{/,null,UNAVAILABLE}{/hddsDatanode}
2019-08-21 17:39:18,511 [main] INFO  server.AbstractConnector (AbstractConnector.java:doStop(318)) - Stopped ServerConnector@f3ae18f{HTTP/1.1,[http/1.1]}{0.0.0.0:0}
2019-08-21 17:39:18,512 [main] INFO  handler.ContextHandler (ContextHandler.java:doStop(910)) - Stopped o.e.j.s.ServletContextHandler@1b914e36{/static,jar:file:/home/user/.m2/repository/org/apache/hadoop/hadoop-hdds-container-service/0.5.0-SNAPSHOT/hadoop-hdds-container-service-0.5.0-SNAPSHOT.jar!/webapps/static,UNAVAILABLE}
2019-08-21 17:39:18,512 [main] INFO  handler.ContextHandler (ContextHandler.java:doStop(910)) - Stopped o.e.j.s.ServletContextHandler@5f6dd89c{/logs,file:///workdir/hadoop-ozone/integration-test/target/log,UNAVAILABLE}
2019-08-21 17:39:18,513 [main] INFO  datanode.ObjectStoreHandler (ObjectStoreHandler.java:close(155)) - Closing ObjectStoreHandler.
2019-08-21 17:39:18,513 [main] INFO  ozone.HddsDatanodeService (HddsDatanodeService.java:stop(451)) - Stopped plug-in org.apache.hadoop.ozone.web.OzoneHddsDatanodeService@4f93816d
2019-08-21 17:39:18,519 [ForkJoinPool.commonPool-worker-1] INFO  statemachine.DatanodeStateMachine (DatanodeStateMachine.java:stopDaemon(395)) - Ozone container server stopped.
2019-08-21 17:39:18,521 [ForkJoinPool.commonPool-worker-1] INFO  handler.ContextHandler (ContextHandler.java:doStop(910)) - Stopped o.e.j.w.WebAppContext@6cb1da13{/,null,UNAVAILABLE}{/hddsDatanode}
2019-08-21 17:39:18,522 [ForkJoinPool.commonPool-worker-1] INFO  server.AbstractConnector (AbstractConnector.java:doStop(318)) - Stopped ServerConnector@2250deae{HTTP/1.1,[http/1.1]}{0.0.0.0:0}
2019-08-21 17:39:18,522 [ForkJoinPool.commonPool-worker-1] INFO  handler.ContextHandler (ContextHandler.java:doStop(910)) - Stopped o.e.j.s.ServletContextHandler@54418834{/static,jar:file:/home/user/.m2/repository/org/apache/hadoop/hadoop-hdds-container-service/0.5.0-SNAPSHOT/hadoop-hdds-container-service-0.5.0-SNAPSHOT.jar!/webapps/static,UNAVAILABLE}
2019-08-21 17:39:18,523 [ForkJoinPool.commonPool-worker-1] INFO  handler.ContextHandler (ContextHandler.java:doStop(910)) - Stopped o.e.j.s.ServletContextHandler@1455a374{/logs,file:///workdir/hadoop-ozone/integration-test/target/log,UNAVAILABLE}
2019-08-21 17:39:18,524 [ForkJoinPool.commonPool-worker-1] INFO  datanode.ObjectStoreHandler (ObjectStoreHandler.java:close(155)) - Closing ObjectStoreHandler.
2019-08-21 17:39:18,524 [ForkJoinPool.commonPool-worker-1] INFO  ozone.HddsDatanodeService (HddsDatanodeService.java:stop(451)) - Stopped plug-in org.apache.hadoop.ozone.web.OzoneHddsDatanodeService@1895f7fe
2019-08-21 17:39:18,544 [grpc-default-executor-8] WARN  server.GrpcLogAppender (LogUtils.java:warn(134)) - 802f8fbc-decc-4fe0-8596-5227c01e58c6->076b8a8c-935b-40a1-9166-aa87fdf8f32e: Failed appendEntries: org.apache.ratis.thirdparty.io.grpc.StatusRuntimeException: UNAVAILABLE: io exception
2019-08-21 17:39:18,545 [grpc-default-executor-8] INFO  impl.FollowerInfo (FollowerInfo.java:lambda$new$0(50)) - 802f8fbc-decc-4fe0-8596-5227c01e58c6->076b8a8c-935b-40a1-9166-aa87fdf8f32e: nextIndex: updateUnconditionally 18 -> 17
2019-08-21 17:39:18,545 [grpc-default-executor-10] WARN  server.GrpcLogAppender (LogUtils.java:warn(134)) - 802f8fbc-decc-4fe0-8596-5227c01e58c6->57e59194-3b1d-4665-b11f-1ec0556c47eb: Failed appendEntries: org.apache.ratis.thirdparty.io.grpc.StatusRuntimeException: UNAVAILABLE: io exception
2019-08-21 17:39:18,546 [grpc-default-executor-10] INFO  impl.FollowerInfo (FollowerInfo.java:lambda$new$0(50)) - 802f8fbc-decc-4fe0-8596-5227c01e58c6->57e59194-3b1d-4665-b11f-1ec0556c47eb: nextIndex: updateUnconditionally 15 -> 14
2019-08-21 17:39:19,089 [Datanode State Machine Thread - 0] INFO  statemachine.DatanodeStateMachine (DatanodeStateMachine.java:lambda$startDaemon$0(350)) - Ozone container server started.
2019-08-21 17:39:19,111 [Datanode State Machine Thread - 0] INFO  statemachine.DatanodeStateMachine (DatanodeStateMachine.java:lambda$startDaemon$0(350)) - Ozone container server started.
2019-08-21 17:39:21,045 [grpc-default-executor-9] WARN  server.GrpcLogAppender (LogUtils.java:warn(134)) - 802f8fbc-decc-4fe0-8596-5227c01e58c6->076b8a8c-935b-40a1-9166-aa87fdf8f32e: Failed appendEntries: org.apache.ratis.thirdparty.io.grpc.StatusRuntimeException: UNAVAILABLE: io exception
2019-08-21 17:39:21,045 [grpc-default-executor-8] WARN  server.GrpcLogAppender (LogUtils.java:warn(134)) - 802f8fbc-decc-4fe0-8596-5227c01e58c6->57e59194-3b1d-4665-b11f-1ec0556c47eb: Failed appendEntries: org.apache.ratis.thirdparty.io.grpc.StatusRuntimeException: UNAVAILABLE: io exception
2019-08-21 17:39:21,045 [grpc-default-executor-9] INFO  impl.FollowerInfo (FollowerInfo.java:lambda$new$0(50)) - 802f8fbc-decc-4fe0-8596-5227c01e58c6->076b8a8c-935b-40a1-9166-aa87fdf8f32e: nextIndex: updateUnconditionally 17 -> 16
2019-08-21 17:39:21,046 [grpc-default-executor-8] INFO  impl.FollowerInfo (FollowerInfo.java:lambda$new$0(50)) - 802f8fbc-decc-4fe0-8596-5227c01e58c6->57e59194-3b1d-4665-b11f-1ec0556c47eb: nextIndex: updateUnconditionally 14 -> 13
2019-08-21 17:39:23,136 [EventQueue-StaleNodeForStaleNodeHandler] INFO  node.StaleNodeHandler (StaleNodeHandler.java:onMessage(58)) - Datanode 802f8fbc-decc-4fe0-8596-5227c01e58c6{ip: 192.168.69.88, host: pr-hdds-1935-w6pq9-1452708900, networkLocation: /default-rack, certSerialId: null} moved to stale state. Finalizing its pipelines [PipelineID=43d3813c-eae5-475a-b560-976dbcc56d49, PipelineID=8f0b68ac-6ea3-4721-ae0c-1ad2519776b6]
2019-08-21 17:39:23,136 [EventQueue-StaleNodeForStaleNodeHandler] INFO  pipeline.SCMPipelineManager (SCMPipelineManager.java:finalizeAndDestroyPipeline(309)) - destroying pipeline:Pipeline[ Id: 43d3813c-eae5-475a-b560-976dbcc56d49, Nodes: 57e59194-3b1d-4665-b11f-1ec0556c47eb{ip: 192.168.69.88, host: pr-hdds-1935-w6pq9-1452708900, networkLocation: /default-rack, certSerialId: null}802f8fbc-decc-4fe0-8596-5227c01e58c6{ip: 192.168.69.88, host: pr-hdds-1935-w6pq9-1452708900, networkLocation: /default-rack, certSerialId: null}076b8a8c-935b-40a1-9166-aa87fdf8f32e{ip: 192.168.69.88, host: pr-hdds-1935-w6pq9-1452708900, networkLocation: /default-rack, certSerialId: null}, Type:RATIS, Factor:THREE, State:CLOSED]
2019-08-21 17:39:23,136 [EventQueue-StaleNodeForStaleNodeHandler] INFO  pipeline.SCMPipelineManager (SCMPipelineManager.java:finalizeAndDestroyPipeline(309)) - destroying pipeline:Pipeline[ Id: 8f0b68ac-6ea3-4721-ae0c-1ad2519776b6, Nodes: 802f8fbc-decc-4fe0-8596-5227c01e58c6{ip: 192.168.69.88, host: pr-hdds-1935-w6pq9-1452708900, networkLocation: /default-rack, certSerialId: null}, Type:RATIS, Factor:ONE, State:OPEN]
2019-08-21 17:39:23,137 [EventQueue-StaleNodeForStaleNodeHandler] INFO  pipeline.PipelineStateManager (PipelineStateManager.java:finalizePipeline(123)) - Pipeline Pipeline[ Id: 8f0b68ac-6ea3-4721-ae0c-1ad2519776b6, Nodes: 802f8fbc-decc-4fe0-8596-5227c01e58c6{ip: 192.168.69.88, host: pr-hdds-1935-w6pq9-1452708900, networkLocation: /default-rack, certSerialId: null}, Type:RATIS, Factor:ONE, State:CLOSED] moved to CLOSED state
2019-08-21 17:39:23,137 [EventQueue-StaleNodeForStaleNodeHandler] INFO  node.StaleNodeHandler (StaleNodeHandler.java:onMessage(58)) - Datanode 76d52cc5-9633-42a9-b84b-2c228ac1c43f{ip: 192.168.69.88, host: pr-hdds-1935-w6pq9-1452708900, networkLocation: /default-rack, certSerialId: null} moved to stale state. Finalizing its pipelines [PipelineID=e15a341e-c40b-4a02-a398-e18f233e8ec5]
2019-08-21 17:39:23,137 [EventQueue-StaleNodeForStaleNodeHandler] INFO  pipeline.SCMPipelineManager (SCMPipelineManager.java:finalizeAndDestroyPipeline(309)) - destroying pipeline:Pipeline[ Id: e15a341e-c40b-4a02-a398-e18f233e8ec5, Nodes: 76d52cc5-9633-42a9-b84b-2c228ac1c43f{ip: 192.168.69.88, host: pr-hdds-1935-w6pq9-1452708900, networkLocation: /default-rack, certSerialId: null}, Type:RATIS, Factor:ONE, State:OPEN]
2019-08-21 17:39:23,137 [EventQueue-StaleNodeForStaleNodeHandler] INFO  pipeline.PipelineStateManager (PipelineStateManager.java:finalizePipeline(123)) - Pipeline Pipeline[ Id: e15a341e-c40b-4a02-a398-e18f233e8ec5, Nodes: 76d52cc5-9633-42a9-b84b-2c228ac1c43f{ip: 192.168.69.88, host: pr-hdds-1935-w6pq9-1452708900, networkLocation: /default-rack, certSerialId: null}, Type:RATIS, Factor:ONE, State:CLOSED] moved to CLOSED state
2019-08-21 17:39:23,514 [main] INFO  ozoneimpl.OzoneContainer (OzoneContainer.java:stop(199)) - Attempting to stop container services.
2019-08-21 17:39:23,515 [main] INFO  impl.RaftServerProxy (RaftServerProxy.java:lambda$close$4(314)) - 76d52cc5-9633-42a9-b84b-2c228ac1c43f: close
2019-08-21 17:39:23,515 [main] INFO  impl.RaftServerImpl (RaftServerImpl.java:lambda$shutdown$3(245)) - 76d52cc5-9633-42a9-b84b-2c228ac1c43f: shutdown group-E18F233E8EC5
2019-08-21 17:39:23,516 [main] INFO  util.JmxRegister (JmxRegister.java:unregister(73)) - Successfully un-registered JMX Bean with object name Ratis:service=RaftServer,group=group-E18F233E8EC5,id=76d52cc5-9633-42a9-b84b-2c228ac1c43f
2019-08-21 17:39:23,516 [main] INFO  impl.RoleInfo (RoleInfo.java:shutdownLeaderState(104)) - 76d52cc5-9633-42a9-b84b-2c228ac1c43f: shutdown LeaderState
2019-08-21 17:39:23,516 [main] INFO  impl.PendingRequests (PendingRequests.java:sendNotLeaderResponses(202)) - 76d52cc5-9633-42a9-b84b-2c228ac1c43f-PendingRequests: sendNotLeaderResponses
2019-08-21 17:39:23,517 [main] INFO  impl.StateMachineUpdater (StateMachineUpdater.java:stopAndJoin(115)) - StateMachineUpdater:76d52cc5-9633-42a9-b84b-2c228ac1c43f:group-E18F233E8EC5: set stopIndex = 0
2019-08-21 17:39:23,517 [main] INFO  impl.RaftServerImpl (ServerState.java:close(394)) - 76d52cc5-9633-42a9-b84b-2c228ac1c43f:group-E18F233E8EC5 closes. The last applied log index is 0
2019-08-21 17:39:23,518 [76d52cc5-9633-42a9-b84b-2c228ac1c43f-SegmentedRaftLogWorker:Storage Directory /workdir/hadoop-ozone/integration-test/target/test-dir/MiniOzoneClusterImpl-c619d2d6-0016-4a2b-bb48-151a7992e575/datanode-6/data/ratis/e15a341e-c40b-4a02-a398-e18f233e8ec5] INFO  segmented.SegmentedRaftLogWorker (SegmentedRaftLogWorker.java:run(313)) - 76d52cc5-9633-42a9-b84b-2c228ac1c43f-SegmentedRaftLogWorker:Storage Directory /workdir/hadoop-ozone/integration-test/target/test-dir/MiniOzoneClusterImpl-c619d2d6-0016-4a2b-bb48-151a7992e575/datanode-6/data/ratis/e15a341e-c40b-4a02-a398-e18f233e8ec5 was interrupted, exiting. There are 0 tasks remaining in the queue.
2019-08-21 17:39:23,518 [main] INFO  segmented.SegmentedRaftLogWorker (SegmentedRaftLogWorker.java:close(228)) - 76d52cc5-9633-42a9-b84b-2c228ac1c43f-SegmentedRaftLogWorker:Storage Directory /workdir/hadoop-ozone/integration-test/target/test-dir/MiniOzoneClusterImpl-c619d2d6-0016-4a2b-bb48-151a7992e575/datanode-6/data/ratis/e15a341e-c40b-4a02-a398-e18f233e8ec5 close()
2019-08-21 17:39:23,521 [main] INFO  server.GrpcService (GrpcService.java:closeImpl(155)) - 76d52cc5-9633-42a9-b84b-2c228ac1c43f: shutdown server with port 36204 now
2019-08-21 17:39:23,523 [main] INFO  server.GrpcService (GrpcService.java:closeImpl(163)) - 76d52cc5-9633-42a9-b84b-2c228ac1c43f: shutdown server with port 36204 successfully
2019-08-21 17:39:23,524 [main] INFO  utils.BackgroundService (BackgroundService.java:shutdown(148)) - Shutting down service BlockDeletingService
2019-08-21 17:39:23,525 [ForkJoinPool.commonPool-worker-1] INFO  ozoneimpl.OzoneContainer (OzoneContainer.java:stop(199)) - Attempting to stop container services.
2019-08-21 17:39:23,526 [ForkJoinPool.commonPool-worker-1] INFO  impl.RaftServerProxy (RaftServerProxy.java:lambda$close$4(314)) - 802f8fbc-decc-4fe0-8596-5227c01e58c6: close
2019-08-21 17:39:23,526 [ForkJoinPool.commonPool-worker-1] INFO  impl.RaftServerImpl (RaftServerImpl.java:lambda$shutdown$3(245)) - 802f8fbc-decc-4fe0-8596-5227c01e58c6: shutdown group-976DBCC56D49
2019-08-21 17:39:23,526 [ForkJoinPool.commonPool-worker-1] INFO  util.JmxRegister (JmxRegister.java:unregister(73)) - Successfully un-registered JMX Bean with object name Ratis:service=RaftServer,group=group-976DBCC56D49,id=802f8fbc-decc-4fe0-8596-5227c01e58c6
2019-08-21 17:39:23,527 [refreshUsed-/workdir/hadoop-ozone/integration-test/target/test-dir/MiniOzoneClusterImpl-c619d2d6-0016-4a2b-bb48-151a7992e575/datanode-6/data/containers] WARN  fs.CachingGetSpaceUsed (CachingGetSpaceUsed.java:run(183)) - Thread Interrupted waiting to refresh disk information: sleep interrupted
2019-08-21 17:39:23,527 [ForkJoinPool.commonPool-worker-1] INFO  impl.RoleInfo (RoleInfo.java:shutdownLeaderState(104)) - 802f8fbc-decc-4fe0-8596-5227c01e58c6: shutdown LeaderState
2019-08-21 17:39:23,531 [ForkJoinPool.commonPool-worker-1] INFO  impl.PendingRequests (PendingRequests.java:sendNotLeaderResponses(202)) - 802f8fbc-decc-4fe0-8596-5227c01e58c6-PendingRequests: sendNotLeaderResponses
2019-08-21 17:39:23,531 [org.apache.ratis.server.impl.LogAppender$AppenderDaemon$$Lambda$529/1160415056@5ef78e41] WARN  server.GrpcLogAppender (GrpcLogAppender.java:mayWait(143)) - GrpcLogAppender(802f8fbc-decc-4fe0-8596-5227c01e58c6->076b8a8c-935b-40a1-9166-aa87fdf8f32e): Wait interrupted by java.lang.InterruptedException
2019-08-21 17:39:23,531 [org.apache.ratis.server.impl.LogAppender$AppenderDaemon$$Lambda$529/1160415056@1bf50bfb] WARN  server.GrpcLogAppender (GrpcLogAppender.java:mayWait(143)) - GrpcLogAppender(802f8fbc-decc-4fe0-8596-5227c01e58c6->57e59194-3b1d-4665-b11f-1ec0556c47eb): Wait interrupted by java.lang.InterruptedException
2019-08-21 17:39:23,534 [ForkJoinPool.commonPool-worker-1] INFO  impl.StateMachineUpdater (StateMachineUpdater.java:stopAndJoin(115)) - StateMachineUpdater:802f8fbc-decc-4fe0-8596-5227c01e58c6:group-976DBCC56D49: set stopIndex = 18
2019-08-21 17:39:23,534 [StateMachineUpdater:802f8fbc-decc-4fe0-8596-5227c01e58c6:group-976DBCC56D49] INFO  ratis.ContainerStateMachine (ContainerStateMachine.java:takeSnapshot(283)) - group-976DBCC56D49: Taking a snapshot at:(t:1, i:18) file /workdir/hadoop-ozone/integration-test/target/test-dir/MiniOzoneClusterImpl-c619d2d6-0016-4a2b-bb48-151a7992e575/datanode-5/data/ratis/43d3813c-eae5-475a-b560-976dbcc56d49/sm/snapshot.1_18
2019-08-21 17:39:23,549 [StateMachineUpdater:802f8fbc-decc-4fe0-8596-5227c01e58c6:group-976DBCC56D49] INFO  ratis.ContainerStateMachine (ContainerStateMachine.java:takeSnapshot(294)) - group-976DBCC56D49: Finished taking a snapshot at:(t:1, i:18) file:/workdir/hadoop-ozone/integration-test/target/test-dir/MiniOzoneClusterImpl-c619d2d6-0016-4a2b-bb48-151a7992e575/datanode-5/data/ratis/43d3813c-eae5-475a-b560-976dbcc56d49/sm/snapshot.1_18 time:15
2019-08-21 17:39:23,550 [StateMachineUpdater:802f8fbc-decc-4fe0-8596-5227c01e58c6:group-976DBCC56D49] INFO  impl.StateMachineUpdater (StateMachineUpdater.java:takeSnapshot(242)) - StateMachineUpdater:802f8fbc-decc-4fe0-8596-5227c01e58c6:group-976DBCC56D49: Took a snapshot at index 18
2019-08-21 17:39:23,550 [StateMachineUpdater:802f8fbc-decc-4fe0-8596-5227c01e58c6:group-976DBCC56D49] INFO  impl.StateMachineUpdater (StateMachineUpdater.java:lambda$new$0(80)) - StateMachineUpdater:802f8fbc-decc-4fe0-8596-5227c01e58c6:group-976DBCC56D49: snapshotIndex: updateIncreasingly -1 -> 18
2019-08-21 17:39:23,550 [ForkJoinPool.commonPool-worker-1] INFO  impl.RaftServerImpl (ServerState.java:close(394)) - 802f8fbc-decc-4fe0-8596-5227c01e58c6:group-976DBCC56D49 closes. The last applied log index is 18
2019-08-21 17:39:23,550 [802f8fbc-decc-4fe0-8596-5227c01e58c6-SegmentedRaftLogWorker:Storage Directory /workdir/hadoop-ozone/integration-test/target/test-dir/MiniOzoneClusterImpl-c619d2d6-0016-4a2b-bb48-151a7992e575/datanode-5/data/ratis/43d3813c-eae5-475a-b560-976dbcc56d49] INFO  segmented.SegmentedRaftLogWorker (SegmentedRaftLogWorker.java:run(313)) - 802f8fbc-decc-4fe0-8596-5227c01e58c6-SegmentedRaftLogWorker:Storage Directory /workdir/hadoop-ozone/integration-test/target/test-dir/MiniOzoneClusterImpl-c619d2d6-0016-4a2b-bb48-151a7992e575/datanode-5/data/ratis/43d3813c-eae5-475a-b560-976dbcc56d49 was interrupted, exiting. There are 0 tasks remaining in the queue.
2019-08-21 17:39:23,553 [ForkJoinPool.commonPool-worker-1] INFO  segmented.SegmentedRaftLogWorker (SegmentedRaftLogWorker.java:close(228)) - 802f8fbc-decc-4fe0-8596-5227c01e58c6-SegmentedRaftLogWorker:Storage Directory /workdir/hadoop-ozone/integration-test/target/test-dir/MiniOzoneClusterImpl-c619d2d6-0016-4a2b-bb48-151a7992e575/datanode-5/data/ratis/43d3813c-eae5-475a-b560-976dbcc56d49 close()
2019-08-21 17:39:23,554 [main] INFO  statemachine.DatanodeStateMachine (DatanodeStateMachine.java:stopDaemon(395)) - Ozone container server stopped.
2019-08-21 17:39:23,555 [ForkJoinPool.commonPool-worker-1] INFO  impl.RaftServerImpl (RaftServerImpl.java:lambda$shutdown$3(245)) - 802f8fbc-decc-4fe0-8596-5227c01e58c6: shutdown group-1AD2519776B6
2019-08-21 17:39:23,556 [ForkJoinPool.commonPool-worker-1] INFO  util.JmxRegister (JmxRegister.java:unregister(73)) - Successfully un-registered JMX Bean with object name Ratis:service=RaftServer,group=group-1AD2519776B6,id=802f8fbc-decc-4fe0-8596-5227c01e58c6
2019-08-21 17:39:23,556 [main] INFO  handler.ContextHandler (ContextHandler.java:doStop(910)) - Stopped o.e.j.w.WebAppContext@5df17e60{/,null,UNAVAILABLE}{/hddsDatanode}
2019-08-21 17:39:23,556 [ForkJoinPool.commonPool-worker-1] INFO  impl.RoleInfo (RoleInfo.java:shutdownLeaderState(104)) - 802f8fbc-decc-4fe0-8596-5227c01e58c6: shutdown LeaderState
2019-08-21 17:39:23,557 [ForkJoinPool.commonPool-worker-1] INFO  impl.PendingRequests (PendingRequests.java:sendNotLeaderResponses(202)) - 802f8fbc-decc-4fe0-8596-5227c01e58c6-PendingRequests: sendNotLeaderResponses
2019-08-21 17:39:23,558 [main] INFO  server.AbstractConnector (AbstractConnector.java:doStop(318)) - Stopped ServerConnector@f9d7d3f{HTTP/1.1,[http/1.1]}{0.0.0.0:0}
2019-08-21 17:39:23,558 [ForkJoinPool.commonPool-worker-1] INFO  impl.StateMachineUpdater (StateMachineUpdater.java:stopAndJoin(115)) - StateMachineUpdater:802f8fbc-decc-4fe0-8596-5227c01e58c6:group-1AD2519776B6: set stopIndex = 0
2019-08-21 17:39:23,558 [main] INFO  handler.ContextHandler (ContextHandler.java:doStop(910)) - Stopped o.e.j.s.ServletContextHandler@26c7940a{/static,jar:file:/home/user/.m2/repository/org/apache/hadoop/hadoop-hdds-container-service/0.5.0-SNAPSHOT/hadoop-hdds-container-service-0.5.0-SNAPSHOT.jar!/webapps/static,UNAVAILABLE}
2019-08-21 17:39:23,559 [ForkJoinPool.commonPool-worker-1] INFO  impl.RaftServerImpl (ServerState.java:close(394)) - 802f8fbc-decc-4fe0-8596-5227c01e58c6:group-1AD2519776B6 closes. The last applied log index is 0
2019-08-21 17:39:23,559 [main] INFO  handler.ContextHandler (ContextHandler.java:doStop(910)) - Stopped o.e.j.s.ServletContextHandler@50ccd6a{/logs,file:///workdir/hadoop-ozone/integration-test/target/log,UNAVAILABLE}
2019-08-21 17:39:23,559 [802f8fbc-decc-4fe0-8596-5227c01e58c6-SegmentedRaftLogWorker:Storage Directory /workdir/hadoop-ozone/integration-test/target/test-dir/MiniOzoneClusterImpl-c619d2d6-0016-4a2b-bb48-151a7992e575/datanode-5/data/ratis/8f0b68ac-6ea3-4721-ae0c-1ad2519776b6] INFO  segmented.SegmentedRaftLogWorker (SegmentedRaftLogWorker.java:run(313)) - 802f8fbc-decc-4fe0-8596-5227c01e58c6-SegmentedRaftLogWorker:Storage Directory /workdir/hadoop-ozone/integration-test/target/test-dir/MiniOzoneClusterImpl-c619d2d6-0016-4a2b-bb48-151a7992e575/datanode-5/data/ratis/8f0b68ac-6ea3-4721-ae0c-1ad2519776b6 was interrupted, exiting. There are 0 tasks remaining in the queue.
2019-08-21 17:39:23,565 [ForkJoinPool.commonPool-worker-1] INFO  segmented.SegmentedRaftLogWorker (SegmentedRaftLogWorker.java:close(228)) - 802f8fbc-decc-4fe0-8596-5227c01e58c6-SegmentedRaftLogWorker:Storage Directory /workdir/hadoop-ozone/integration-test/target/test-dir/MiniOzoneClusterImpl-c619d2d6-0016-4a2b-bb48-151a7992e575/datanode-5/data/ratis/8f0b68ac-6ea3-4721-ae0c-1ad2519776b6 close()
2019-08-21 17:39:23,566 [ForkJoinPool.commonPool-worker-1] INFO  server.GrpcService (GrpcService.java:closeImpl(155)) - 802f8fbc-decc-4fe0-8596-5227c01e58c6: shutdown server with port 44406 now
2019-08-21 17:39:23,566 [grpc-default-executor-9] WARN  client.GrpcClientProtocolService (LogUtils.java:warn(134)) - 1-UnorderedRequestStreamObserver1: onError: org.apache.ratis.thirdparty.io.grpc.StatusRuntimeException: CANCELLED: cancelled before receiving half close
2019-08-21 17:39:23,566 [ForkJoinPool.commonPool-worker-1] INFO  server.GrpcService (GrpcService.java:closeImpl(163)) - 802f8fbc-decc-4fe0-8596-5227c01e58c6: shutdown server with port 44406 successfully
2019-08-21 17:39:23,568 [ForkJoinPool.commonPool-worker-1] INFO  utils.BackgroundService (BackgroundService.java:shutdown(148)) - Shutting down service BlockDeletingService
2019-08-21 17:39:23,570 [refreshUsed-/workdir/hadoop-ozone/integration-test/target/test-dir/MiniOzoneClusterImpl-c619d2d6-0016-4a2b-bb48-151a7992e575/datanode-5/data/containers] WARN  fs.CachingGetSpaceUsed (CachingGetSpaceUsed.java:run(183)) - Thread Interrupted waiting to refresh disk information: sleep interrupted
2019-08-21 17:39:23,588 [ForkJoinPool.commonPool-worker-1] INFO  statemachine.DatanodeStateMachine (DatanodeStateMachine.java:stopDaemon(395)) - Ozone container server stopped.
2019-08-21 17:39:23,590 [ForkJoinPool.commonPool-worker-1] INFO  handler.ContextHandler (ContextHandler.java:doStop(910)) - Stopped o.e.j.w.WebAppContext@cede70a{/,null,UNAVAILABLE}{/hddsDatanode}
2019-08-21 17:39:23,591 [ForkJoinPool.commonPool-worker-1] INFO  server.AbstractConnector (AbstractConnector.java:doStop(318)) - Stopped ServerConnector@6dc8a602{HTTP/1.1,[http/1.1]}{0.0.0.0:0}
2019-08-21 17:39:23,591 [ForkJoinPool.commonPool-worker-1] INFO  handler.ContextHandler (ContextHandler.java:doStop(910)) - Stopped o.e.j.s.ServletContextHandler@4c1f4817{/static,jar:file:/home/user/.m2/repository/org/apache/hadoop/hadoop-hdds-container-service/0.5.0-SNAPSHOT/hadoop-hdds-container-service-0.5.0-SNAPSHOT.jar!/webapps/static,UNAVAILABLE}
2019-08-21 17:39:23,591 [ForkJoinPool.commonPool-worker-1] INFO  handler.ContextHandler (ContextHandler.java:doStop(910)) - Stopped o.e.j.s.ServletContextHandler@2080ee70{/logs,file:///workdir/hadoop-ozone/integration-test/target/log,UNAVAILABLE}
2019-08-21 17:39:23,592 [main] INFO  ozone.MiniOzoneClusterImpl (MiniOzoneClusterImpl.java:stop(353)) - Stopping the StorageContainerManager
2019-08-21 17:39:23,592 [main] INFO  server.StorageContainerManager (StorageContainerManager.java:stop(797)) - Stopping Replication Manager Service.
2019-08-21 17:39:23,592 [main] INFO  container.ReplicationManager (ReplicationManager.java:stop(203)) - Stopping Replication Monitor Thread.
2019-08-21 17:39:23,592 [main] INFO  server.StorageContainerManager (StorageContainerManager.java:stop(804)) - Stopping Lease Manager of the command watchers
2019-08-21 17:39:23,593 [main] INFO  server.StorageContainerManager (StorageContainerManager.java:stop(811)) - Stopping datanode service RPC server
2019-08-21 17:39:23,593 [main] INFO  server.SCMDatanodeProtocolServer (SCMDatanodeProtocolServer.java:stop(367)) - Stopping the RPC server for DataNodes
2019-08-21 17:39:23,593 [main] INFO  ipc.Server (Server.java:stop(3082)) - Stopping server on 41845
2019-08-21 17:39:23,595 [IPC Server listener on 41845] INFO  ipc.Server (Server.java:run(1185)) - Stopping IPC Server listener on 41845
2019-08-21 17:39:23,596 [IPC Server Responder] INFO  ipc.Server (Server.java:run(1319)) - Stopping IPC Server Responder
2019-08-21 17:39:23,636 [SCM Heartbeat Processing Thread - 0] WARN  node.NodeStateManager (NodeStateManager.java:scheduleNextHealthCheck(646)) - Current Thread is interrupted, shutting down HB processing thread for Node Manager.
2019-08-21 17:39:23,636 [main] INFO  server.StorageContainerManager (StorageContainerManager.java:stop(819)) - Stopping block service RPC server
2019-08-21 17:39:23,637 [main] INFO  server.SCMBlockProtocolServer (SCMBlockProtocolServer.java:stop(155)) - Stopping the RPC server for Block Protocol
2019-08-21 17:39:23,637 [main] INFO  ipc.Server (Server.java:stop(3082)) - Stopping server on 45791
2019-08-21 17:39:23,639 [IPC Server listener on 45791] INFO  ipc.Server (Server.java:run(1185)) - Stopping IPC Server listener on 45791
2019-08-21 17:39:23,639 [main] INFO  server.StorageContainerManager (StorageContainerManager.java:stop(826)) - Stopping the StorageContainerLocationProtocol RPC server
2019-08-21 17:39:23,640 [main] INFO  server.SCMClientProtocolServer (SCMClientProtocolServer.java:stop(159)) - Stopping the RPC server for Client Protocol
2019-08-21 17:39:23,640 [main] INFO  ipc.Server (Server.java:stop(3082)) - Stopping server on 35080
2019-08-21 17:39:23,641 [IPC Server Responder] INFO  ipc.Server (Server.java:run(1319)) - Stopping IPC Server Responder
2019-08-21 17:39:23,642 [IPC Server listener on 35080] INFO  ipc.Server (Server.java:run(1185)) - Stopping IPC Server listener on 35080
2019-08-21 17:39:23,642 [main] INFO  server.StorageContainerManager (StorageContainerManager.java:stop(833)) - Stopping Storage Container Manager HTTP server.
2019-08-21 17:39:23,644 [IPC Server Responder] INFO  ipc.Server (Server.java:run(1319)) - Stopping IPC Server Responder
2019-08-21 17:39:23,644 [main] INFO  handler.ContextHandler (ContextHandler.java:doStop(910)) - Stopped o.e.j.w.WebAppContext@2afa1b1a{/,null,UNAVAILABLE}{/scm}
2019-08-21 17:39:23,644 [main] INFO  server.AbstractConnector (AbstractConnector.java:doStop(318)) - Stopped ServerConnector@30fffb53{HTTP/1.1,[http/1.1]}{0.0.0.0:0}
2019-08-21 17:39:23,645 [main] INFO  handler.ContextHandler (ContextHandler.java:doStop(910)) - Stopped o.e.j.s.ServletContextHandler@116fe252{/static,file:///workdir/hadoop-ozone/integration-test/target/test-classes/webapps/static,UNAVAILABLE}
2019-08-21 17:39:23,645 [main] INFO  handler.ContextHandler (ContextHandler.java:doStop(910)) - Stopped o.e.j.s.ServletContextHandler@69c53b72{/logs,file:///workdir/hadoop-ozone/integration-test/target/log,UNAVAILABLE}
2019-08-21 17:39:23,646 [main] INFO  server.StorageContainerManager (StorageContainerManager.java:stop(844)) - Stopping Block Manager Service.
2019-08-21 17:39:23,646 [main] INFO  utils.BackgroundService (BackgroundService.java:shutdown(148)) - Shutting down service SCMBlockDeletingService
2019-08-21 17:39:23,647 [main] INFO  utils.BackgroundService (BackgroundService.java:shutdown(148)) - Shutting down service SCMBlockDeletingService
2019-08-21 17:39:23,647 [main] INFO  server.StorageContainerManager (StorageContainerManager.java:stop(866)) - Stopping SCM Event Queue.
2019-08-21 17:39:23,651 [main] INFO  impl.MetricsSystemImpl (MetricsSystemImpl.java:stop(210)) - Stopping HddsDatanode metrics system...
2019-08-21 17:39:23,658 [main] INFO  impl.MetricsSystemImpl (MetricsSystemImpl.java:stop(216)) - HddsDatanode metrics system stopped.
]]></system-out>
    <system-err><![CDATA[Aug 21, 2019 5:38:42 PM com.sun.jersey.server.impl.application.WebApplicationImpl _initiate
INFO: Initiating Jersey application, version 'Jersey: 1.19 02/11/2015 03:25 AM'
Aug 21, 2019 5:38:42 PM com.sun.jersey.server.impl.application.WebApplicationImpl _initiate
INFO: Initiating Jersey application, version 'Jersey: 1.19 02/11/2015 03:25 AM'
Aug 21, 2019 5:38:43 PM com.sun.jersey.server.impl.application.WebApplicationImpl _initiate
INFO: Initiating Jersey application, version 'Jersey: 1.19 02/11/2015 03:25 AM'
Aug 21, 2019 5:38:43 PM com.sun.jersey.server.impl.application.WebApplicationImpl _initiate
INFO: Initiating Jersey application, version 'Jersey: 1.19 02/11/2015 03:25 AM'
Aug 21, 2019 5:38:43 PM com.sun.jersey.server.impl.application.WebApplicationImpl _initiate
INFO: Initiating Jersey application, version 'Jersey: 1.19 02/11/2015 03:25 AM'
Aug 21, 2019 5:38:43 PM com.sun.jersey.server.impl.application.WebApplicationImpl _initiate
INFO: Initiating Jersey application, version 'Jersey: 1.19 02/11/2015 03:25 AM'
Aug 21, 2019 5:38:43 PM com.sun.jersey.server.impl.application.WebApplicationImpl _initiate
INFO: Initiating Jersey application, version 'Jersey: 1.19 02/11/2015 03:25 AM'
Aug 21, 2019 5:38:46 PM org.apache.ratis.thirdparty.io.grpc.internal.ManagedChannelOrphanWrapper$ManagedChannelReference cleanQueue
SEVERE: *~*~*~ Channel ManagedChannelImpl{logId=2935, target=192.168.69.88:40127} was not shutdown properly!!! ~*~*~*
    Make sure to call shutdown()/shutdownNow() and wait until awaitTermination() returns true.
java.lang.RuntimeException: ManagedChannel allocation site
	at org.apache.ratis.thirdparty.io.grpc.internal.ManagedChannelOrphanWrapper$ManagedChannelReference.<init>(ManagedChannelOrphanWrapper.java:103)
	at org.apache.ratis.thirdparty.io.grpc.internal.ManagedChannelOrphanWrapper.<init>(ManagedChannelOrphanWrapper.java:53)
	at org.apache.ratis.thirdparty.io.grpc.internal.ManagedChannelOrphanWrapper.<init>(ManagedChannelOrphanWrapper.java:44)
	at org.apache.ratis.thirdparty.io.grpc.internal.AbstractManagedChannelImplBuilder.build(AbstractManagedChannelImplBuilder.java:411)
	at org.apache.hadoop.hdds.scm.XceiverClientGrpc.connectToDatanode(XceiverClientGrpc.java:174)
	at org.apache.hadoop.hdds.scm.XceiverClientGrpc.reconnect(XceiverClientGrpc.java:422)
	at org.apache.hadoop.hdds.scm.XceiverClientGrpc.sendCommandAsync(XceiverClientGrpc.java:371)
	at org.apache.hadoop.hdds.scm.XceiverClientGrpc.sendCommandWithRetry(XceiverClientGrpc.java:284)
	at org.apache.hadoop.hdds.scm.XceiverClientGrpc.sendCommandWithTraceIDAndRetry(XceiverClientGrpc.java:250)
	at org.apache.hadoop.hdds.scm.XceiverClientGrpc.sendCommand(XceiverClientGrpc.java:233)
	at org.apache.hadoop.hdds.scm.storage.ContainerProtocolCalls.getBlock(ContainerProtocolCalls.java:118)
	at org.apache.hadoop.hdds.scm.storage.BlockInputStream.getChunkInfos(BlockInputStream.java:167)
	at org.apache.hadoop.hdds.scm.storage.BlockInputStream.initialize(BlockInputStream.java:118)
	at org.apache.hadoop.hdds.scm.storage.BlockInputStream.read(BlockInputStream.java:222)
	at org.apache.hadoop.ozone.client.io.KeyInputStream.read(KeyInputStream.java:171)
	at org.apache.hadoop.ozone.client.io.OzoneInputStream.read(OzoneInputStream.java:47)
	at java.io.InputStream.read(InputStream.java:101)
	at org.apache.hadoop.ozone.container.ContainerTestHelper.validateData(ContainerTestHelper.java:713)
	at org.apache.hadoop.ozone.client.rpc.TestBlockOutputStreamWithFailures.validateData(TestBlockOutputStreamWithFailures.java:1216)
	at org.apache.hadoop.ozone.client.rpc.TestBlockOutputStreamWithFailures.testWatchForCommitWithSingleNodeRatis(TestBlockOutputStreamWithFailures.java:918)
	at sun.reflect.NativeMethodAccessorImpl.invoke0(Native Method)
	at sun.reflect.NativeMethodAccessorImpl.invoke(NativeMethodAccessorImpl.java:62)
	at sun.reflect.DelegatingMethodAccessorImpl.invoke(DelegatingMethodAccessorImpl.java:43)
	at java.lang.reflect.Method.invoke(Method.java:498)
	at org.junit.runners.model.FrameworkMethod$1.runReflectiveCall(FrameworkMethod.java:47)
	at org.junit.internal.runners.model.ReflectiveCallable.run(ReflectiveCallable.java:12)
	at org.junit.runners.model.FrameworkMethod.invokeExplosively(FrameworkMethod.java:44)
	at org.junit.internal.runners.statements.InvokeMethod.evaluate(InvokeMethod.java:17)
	at org.junit.internal.runners.statements.RunBefores.evaluate(RunBefores.java:26)
	at org.junit.internal.runners.statements.RunAfters.evaluate(RunAfters.java:27)
	at org.junit.runners.ParentRunner.runLeaf(ParentRunner.java:271)
	at org.junit.runners.BlockJUnit4ClassRunner.runChild(BlockJUnit4ClassRunner.java:70)
	at org.junit.runners.BlockJUnit4ClassRunner.runChild(BlockJUnit4ClassRunner.java:50)
	at org.junit.runners.ParentRunner$3.run(ParentRunner.java:238)
	at org.junit.runners.ParentRunner$1.schedule(ParentRunner.java:63)
	at org.junit.runners.ParentRunner.runChildren(ParentRunner.java:236)
	at org.junit.runners.ParentRunner.access$000(ParentRunner.java:53)
	at org.junit.runners.ParentRunner$2.evaluate(ParentRunner.java:229)
	at org.junit.runners.ParentRunner.run(ParentRunner.java:309)
	at org.apache.maven.surefire.junit4.JUnit4Provider.execute(JUnit4Provider.java:365)
	at org.apache.maven.surefire.junit4.JUnit4Provider.executeWithRerun(JUnit4Provider.java:273)
	at org.apache.maven.surefire.junit4.JUnit4Provider.executeTestSet(JUnit4Provider.java:238)
	at org.apache.maven.surefire.junit4.JUnit4Provider.invoke(JUnit4Provider.java:159)
	at org.apache.maven.surefire.booter.ForkedBooter.invokeProviderInSameClassLoader(ForkedBooter.java:384)
	at org.apache.maven.surefire.booter.ForkedBooter.runSuitesInProcess(ForkedBooter.java:345)
	at org.apache.maven.surefire.booter.ForkedBooter.execute(ForkedBooter.java:126)
	at org.apache.maven.surefire.booter.ForkedBooter.main(ForkedBooter.java:418)

Aug 21, 2019 5:38:46 PM org.apache.ratis.thirdparty.io.grpc.internal.ManagedChannelOrphanWrapper$ManagedChannelReference cleanQueue
SEVERE: *~*~*~ Channel ManagedChannelImpl{logId=2930, target=192.168.69.88:35365} was not shutdown properly!!! ~*~*~*
    Make sure to call shutdown()/shutdownNow() and wait until awaitTermination() returns true.
java.lang.RuntimeException: ManagedChannel allocation site
	at org.apache.ratis.thirdparty.io.grpc.internal.ManagedChannelOrphanWrapper$ManagedChannelReference.<init>(ManagedChannelOrphanWrapper.java:103)
	at org.apache.ratis.thirdparty.io.grpc.internal.ManagedChannelOrphanWrapper.<init>(ManagedChannelOrphanWrapper.java:53)
	at org.apache.ratis.thirdparty.io.grpc.internal.ManagedChannelOrphanWrapper.<init>(ManagedChannelOrphanWrapper.java:44)
	at org.apache.ratis.thirdparty.io.grpc.internal.AbstractManagedChannelImplBuilder.build(AbstractManagedChannelImplBuilder.java:411)
	at org.apache.ratis.grpc.client.GrpcClientProtocolClient.<init>(GrpcClientProtocolClient.java:119)
	at org.apache.ratis.grpc.client.GrpcClientRpc.lambda$new$0(GrpcClientRpc.java:55)
	at org.apache.ratis.util.PeerProxyMap$PeerAndProxy.lambda$getProxy$0(PeerProxyMap.java:61)
	at org.apache.ratis.util.LifeCycle.startAndTransition(LifeCycle.java:202)
	at org.apache.ratis.util.PeerProxyMap$PeerAndProxy.getProxy(PeerProxyMap.java:60)
	at org.apache.ratis.util.PeerProxyMap.getProxy(PeerProxyMap.java:107)
	at org.apache.ratis.grpc.client.GrpcClientRpc.sendRequestAsync(GrpcClientRpc.java:66)
	at org.apache.ratis.client.impl.OrderedAsync.sendRequest(OrderedAsync.java:208)
	at org.apache.ratis.client.impl.OrderedAsync.sendRequestWithRetry(OrderedAsync.java:169)
	at org.apache.ratis.util.SlidingWindow$Client.sendOrDelayRequest(SlidingWindow.java:278)
	at org.apache.ratis.util.SlidingWindow$Client.retry(SlidingWindow.java:294)
	at org.apache.ratis.client.impl.OrderedAsync.lambda$scheduleWithTimeout$7(OrderedAsync.java:195)
	at org.apache.ratis.util.TimeoutScheduler.lambda$onTimeout$0(TimeoutScheduler.java:85)
	at org.apache.ratis.util.TimeoutScheduler.lambda$onTimeout$1(TimeoutScheduler.java:104)
	at org.apache.ratis.util.LogUtils.runAndLog(LogUtils.java:50)
	at org.apache.ratis.util.LogUtils$1.run(LogUtils.java:91)
	at java.util.concurrent.Executors$RunnableAdapter.call(Executors.java:511)
	at java.util.concurrent.FutureTask.run(FutureTask.java:266)
	at java.util.concurrent.ScheduledThreadPoolExecutor$ScheduledFutureTask.access$201(ScheduledThreadPoolExecutor.java:180)
	at java.util.concurrent.ScheduledThreadPoolExecutor$ScheduledFutureTask.run(ScheduledThreadPoolExecutor.java:293)
	at java.util.concurrent.ThreadPoolExecutor.runWorker(ThreadPoolExecutor.java:1149)
	at java.util.concurrent.ThreadPoolExecutor$Worker.run(ThreadPoolExecutor.java:624)
	at java.lang.Thread.run(Thread.java:748)

Aug 21, 2019 5:38:46 PM org.apache.ratis.thirdparty.io.grpc.internal.ManagedChannelOrphanWrapper$ManagedChannelReference cleanQueue
SEVERE: *~*~*~ Channel ManagedChannelImpl{logId=2764, target=192.168.69.88:43824} was not shutdown properly!!! ~*~*~*
    Make sure to call shutdown()/shutdownNow() and wait until awaitTermination() returns true.
java.lang.RuntimeException: ManagedChannel allocation site
	at org.apache.ratis.thirdparty.io.grpc.internal.ManagedChannelOrphanWrapper$ManagedChannelReference.<init>(ManagedChannelOrphanWrapper.java:103)
	at org.apache.ratis.thirdparty.io.grpc.internal.ManagedChannelOrphanWrapper.<init>(ManagedChannelOrphanWrapper.java:53)
	at org.apache.ratis.thirdparty.io.grpc.internal.ManagedChannelOrphanWrapper.<init>(ManagedChannelOrphanWrapper.java:44)
	at org.apache.ratis.thirdparty.io.grpc.internal.AbstractManagedChannelImplBuilder.build(AbstractManagedChannelImplBuilder.java:411)
	at org.apache.hadoop.hdds.scm.XceiverClientGrpc.connectToDatanode(XceiverClientGrpc.java:174)
	at org.apache.hadoop.hdds.scm.XceiverClientGrpc.reconnect(XceiverClientGrpc.java:422)
	at org.apache.hadoop.hdds.scm.XceiverClientGrpc.sendCommandAsync(XceiverClientGrpc.java:371)
	at org.apache.hadoop.hdds.scm.XceiverClientGrpc.sendCommandWithRetry(XceiverClientGrpc.java:284)
	at org.apache.hadoop.hdds.scm.XceiverClientGrpc.sendCommandWithTraceIDAndRetry(XceiverClientGrpc.java:250)
	at org.apache.hadoop.hdds.scm.XceiverClientGrpc.sendCommand(XceiverClientGrpc.java:233)
	at org.apache.hadoop.hdds.scm.storage.ContainerProtocolCalls.getBlock(ContainerProtocolCalls.java:118)
	at org.apache.hadoop.hdds.scm.storage.BlockInputStream.getChunkInfos(BlockInputStream.java:167)
	at org.apache.hadoop.hdds.scm.storage.BlockInputStream.initialize(BlockInputStream.java:118)
	at org.apache.hadoop.hdds.scm.storage.BlockInputStream.read(BlockInputStream.java:222)
	at org.apache.hadoop.ozone.client.io.KeyInputStream.read(KeyInputStream.java:171)
	at org.apache.hadoop.ozone.client.io.OzoneInputStream.read(OzoneInputStream.java:47)
	at java.io.InputStream.read(InputStream.java:101)
	at org.apache.hadoop.ozone.container.ContainerTestHelper.validateData(ContainerTestHelper.java:713)
	at org.apache.hadoop.ozone.client.rpc.TestBlockOutputStreamWithFailures.validateData(TestBlockOutputStreamWithFailures.java:1216)
	at org.apache.hadoop.ozone.client.rpc.TestBlockOutputStreamWithFailures.testDatanodeFailureWithSingleNodeRatis(TestBlockOutputStreamWithFailures.java:1058)
	at sun.reflect.NativeMethodAccessorImpl.invoke0(Native Method)
	at sun.reflect.NativeMethodAccessorImpl.invoke(NativeMethodAccessorImpl.java:62)
	at sun.reflect.DelegatingMethodAccessorImpl.invoke(DelegatingMethodAccessorImpl.java:43)
	at java.lang.reflect.Method.invoke(Method.java:498)
	at org.junit.runners.model.FrameworkMethod$1.runReflectiveCall(FrameworkMethod.java:47)
	at org.junit.internal.runners.model.ReflectiveCallable.run(ReflectiveCallable.java:12)
	at org.junit.runners.model.FrameworkMethod.invokeExplosively(FrameworkMethod.java:44)
	at org.junit.internal.runners.statements.InvokeMethod.evaluate(InvokeMethod.java:17)
	at org.junit.internal.runners.statements.RunBefores.evaluate(RunBefores.java:26)
	at org.junit.internal.runners.statements.RunAfters.evaluate(RunAfters.java:27)
	at org.junit.runners.ParentRunner.runLeaf(ParentRunner.java:271)
	at org.junit.runners.BlockJUnit4ClassRunner.runChild(BlockJUnit4ClassRunner.java:70)
	at org.junit.runners.BlockJUnit4ClassRunner.runChild(BlockJUnit4ClassRunner.java:50)
	at org.junit.runners.ParentRunner$3.run(ParentRunner.java:238)
	at org.junit.runners.ParentRunner$1.schedule(ParentRunner.java:63)
	at org.junit.runners.ParentRunner.runChildren(ParentRunner.java:236)
	at org.junit.runners.ParentRunner.access$000(ParentRunner.java:53)
	at org.junit.runners.ParentRunner$2.evaluate(ParentRunner.java:229)
	at org.junit.runners.ParentRunner.run(ParentRunner.java:309)
	at org.apache.maven.surefire.junit4.JUnit4Provider.execute(JUnit4Provider.java:365)
	at org.apache.maven.surefire.junit4.JUnit4Provider.executeWithRerun(JUnit4Provider.java:273)
	at org.apache.maven.surefire.junit4.JUnit4Provider.executeTestSet(JUnit4Provider.java:238)
	at org.apache.maven.surefire.junit4.JUnit4Provider.invoke(JUnit4Provider.java:159)
	at org.apache.maven.surefire.booter.ForkedBooter.invokeProviderInSameClassLoader(ForkedBooter.java:384)
	at org.apache.maven.surefire.booter.ForkedBooter.runSuitesInProcess(ForkedBooter.java:345)
	at org.apache.maven.surefire.booter.ForkedBooter.execute(ForkedBooter.java:126)
	at org.apache.maven.surefire.booter.ForkedBooter.main(ForkedBooter.java:418)

Aug 21, 2019 5:38:46 PM org.apache.ratis.thirdparty.io.grpc.internal.ManagedChannelOrphanWrapper$ManagedChannelReference cleanQueue
SEVERE: *~*~*~ Channel ManagedChannelImpl{logId=2769, target=192.168.69.88:39003} was not shutdown properly!!! ~*~*~*
    Make sure to call shutdown()/shutdownNow() and wait until awaitTermination() returns true.
java.lang.RuntimeException: ManagedChannel allocation site
	at org.apache.ratis.thirdparty.io.grpc.internal.ManagedChannelOrphanWrapper$ManagedChannelReference.<init>(ManagedChannelOrphanWrapper.java:103)
	at org.apache.ratis.thirdparty.io.grpc.internal.ManagedChannelOrphanWrapper.<init>(ManagedChannelOrphanWrapper.java:53)
	at org.apache.ratis.thirdparty.io.grpc.internal.ManagedChannelOrphanWrapper.<init>(ManagedChannelOrphanWrapper.java:44)
	at org.apache.ratis.thirdparty.io.grpc.internal.AbstractManagedChannelImplBuilder.build(AbstractManagedChannelImplBuilder.java:411)
	at org.apache.hadoop.hdds.scm.XceiverClientGrpc.connectToDatanode(XceiverClientGrpc.java:174)
	at org.apache.hadoop.hdds.scm.XceiverClientGrpc.reconnect(XceiverClientGrpc.java:422)
	at org.apache.hadoop.hdds.scm.XceiverClientGrpc.sendCommandAsync(XceiverClientGrpc.java:371)
	at org.apache.hadoop.hdds.scm.XceiverClientGrpc.sendCommandWithRetry(XceiverClientGrpc.java:284)
	at org.apache.hadoop.hdds.scm.XceiverClientGrpc.sendCommandWithTraceIDAndRetry(XceiverClientGrpc.java:250)
	at org.apache.hadoop.hdds.scm.XceiverClientGrpc.sendCommand(XceiverClientGrpc.java:233)
	at org.apache.hadoop.hdds.scm.storage.ContainerProtocolCalls.getBlock(ContainerProtocolCalls.java:118)
	at org.apache.hadoop.hdds.scm.storage.BlockInputStream.getChunkInfos(BlockInputStream.java:167)
	at org.apache.hadoop.hdds.scm.storage.BlockInputStream.initialize(BlockInputStream.java:118)
	at org.apache.hadoop.hdds.scm.storage.BlockInputStream.read(BlockInputStream.java:222)
	at org.apache.hadoop.ozone.client.io.KeyInputStream.read(KeyInputStream.java:171)
	at org.apache.hadoop.ozone.client.io.OzoneInputStream.read(OzoneInputStream.java:47)
	at java.io.InputStream.read(InputStream.java:101)
	at org.apache.hadoop.ozone.container.ContainerTestHelper.validateData(ContainerTestHelper.java:713)
	at org.apache.hadoop.ozone.client.rpc.TestBlockOutputStreamWithFailures.validateData(TestBlockOutputStreamWithFailures.java:1216)
	at org.apache.hadoop.ozone.client.rpc.TestBlockOutputStreamWithFailures.testDatanodeFailureWithSingleNodeRatis(TestBlockOutputStreamWithFailures.java:1058)
	at sun.reflect.NativeMethodAccessorImpl.invoke0(Native Method)
	at sun.reflect.NativeMethodAccessorImpl.invoke(NativeMethodAccessorImpl.java:62)
	at sun.reflect.DelegatingMethodAccessorImpl.invoke(DelegatingMethodAccessorImpl.java:43)
	at java.lang.reflect.Method.invoke(Method.java:498)
	at org.junit.runners.model.FrameworkMethod$1.runReflectiveCall(FrameworkMethod.java:47)
	at org.junit.internal.runners.model.ReflectiveCallable.run(ReflectiveCallable.java:12)
	at org.junit.runners.model.FrameworkMethod.invokeExplosively(FrameworkMethod.java:44)
	at org.junit.internal.runners.statements.InvokeMethod.evaluate(InvokeMethod.java:17)
	at org.junit.internal.runners.statements.RunBefores.evaluate(RunBefores.java:26)
	at org.junit.internal.runners.statements.RunAfters.evaluate(RunAfters.java:27)
	at org.junit.runners.ParentRunner.runLeaf(ParentRunner.java:271)
	at org.junit.runners.BlockJUnit4ClassRunner.runChild(BlockJUnit4ClassRunner.java:70)
	at org.junit.runners.BlockJUnit4ClassRunner.runChild(BlockJUnit4ClassRunner.java:50)
	at org.junit.runners.ParentRunner$3.run(ParentRunner.java:238)
	at org.junit.runners.ParentRunner$1.schedule(ParentRunner.java:63)
	at org.junit.runners.ParentRunner.runChildren(ParentRunner.java:236)
	at org.junit.runners.ParentRunner.access$000(ParentRunner.java:53)
	at org.junit.runners.ParentRunner$2.evaluate(ParentRunner.java:229)
	at org.junit.runners.ParentRunner.run(ParentRunner.java:309)
	at org.apache.maven.surefire.junit4.JUnit4Provider.execute(JUnit4Provider.java:365)
	at org.apache.maven.surefire.junit4.JUnit4Provider.executeWithRerun(JUnit4Provider.java:273)
	at org.apache.maven.surefire.junit4.JUnit4Provider.executeTestSet(JUnit4Provider.java:238)
	at org.apache.maven.surefire.junit4.JUnit4Provider.invoke(JUnit4Provider.java:159)
	at org.apache.maven.surefire.booter.ForkedBooter.invokeProviderInSameClassLoader(ForkedBooter.java:384)
	at org.apache.maven.surefire.booter.ForkedBooter.runSuitesInProcess(ForkedBooter.java:345)
	at org.apache.maven.surefire.booter.ForkedBooter.execute(ForkedBooter.java:126)
	at org.apache.maven.surefire.booter.ForkedBooter.main(ForkedBooter.java:418)

Aug 21, 2019 5:38:46 PM org.apache.ratis.thirdparty.io.grpc.internal.ManagedChannelOrphanWrapper$ManagedChannelReference cleanQueue
SEVERE: *~*~*~ Channel ManagedChannelImpl{logId=2940, target=192.168.69.88:40127} was not shutdown properly!!! ~*~*~*
    Make sure to call shutdown()/shutdownNow() and wait until awaitTermination() returns true.
java.lang.RuntimeException: ManagedChannel allocation site
	at org.apache.ratis.thirdparty.io.grpc.internal.ManagedChannelOrphanWrapper$ManagedChannelReference.<init>(ManagedChannelOrphanWrapper.java:103)
	at org.apache.ratis.thirdparty.io.grpc.internal.ManagedChannelOrphanWrapper.<init>(ManagedChannelOrphanWrapper.java:53)
	at org.apache.ratis.thirdparty.io.grpc.internal.ManagedChannelOrphanWrapper.<init>(ManagedChannelOrphanWrapper.java:44)
	at org.apache.ratis.thirdparty.io.grpc.internal.AbstractManagedChannelImplBuilder.build(AbstractManagedChannelImplBuilder.java:411)
	at org.apache.hadoop.hdds.scm.XceiverClientGrpc.connectToDatanode(XceiverClientGrpc.java:174)
	at org.apache.hadoop.hdds.scm.XceiverClientGrpc.reconnect(XceiverClientGrpc.java:422)
	at org.apache.hadoop.hdds.scm.XceiverClientGrpc.sendCommandAsync(XceiverClientGrpc.java:371)
	at org.apache.hadoop.hdds.scm.XceiverClientGrpc.sendCommandWithRetry(XceiverClientGrpc.java:284)
	at org.apache.hadoop.hdds.scm.XceiverClientGrpc.sendCommandWithTraceIDAndRetry(XceiverClientGrpc.java:250)
	at org.apache.hadoop.hdds.scm.XceiverClientGrpc.sendCommand(XceiverClientGrpc.java:233)
	at org.apache.hadoop.hdds.scm.storage.ContainerProtocolCalls.getBlock(ContainerProtocolCalls.java:118)
	at org.apache.hadoop.hdds.scm.storage.BlockInputStream.getChunkInfos(BlockInputStream.java:167)
	at org.apache.hadoop.hdds.scm.storage.BlockInputStream.initialize(BlockInputStream.java:118)
	at org.apache.hadoop.hdds.scm.storage.BlockInputStream.read(BlockInputStream.java:222)
	at org.apache.hadoop.ozone.client.io.KeyInputStream.read(KeyInputStream.java:171)
	at org.apache.hadoop.ozone.client.io.OzoneInputStream.read(OzoneInputStream.java:47)
	at java.io.InputStream.read(InputStream.java:101)
	at org.apache.hadoop.ozone.container.ContainerTestHelper.validateData(ContainerTestHelper.java:713)
	at org.apache.hadoop.ozone.client.rpc.TestBlockOutputStreamWithFailures.validateData(TestBlockOutputStreamWithFailures.java:1216)
	at org.apache.hadoop.ozone.client.rpc.TestBlockOutputStreamWithFailures.testWatchForCommitWithSingleNodeRatis(TestBlockOutputStreamWithFailures.java:918)
	at sun.reflect.NativeMethodAccessorImpl.invoke0(Native Method)
	at sun.reflect.NativeMethodAccessorImpl.invoke(NativeMethodAccessorImpl.java:62)
	at sun.reflect.DelegatingMethodAccessorImpl.invoke(DelegatingMethodAccessorImpl.java:43)
	at java.lang.reflect.Method.invoke(Method.java:498)
	at org.junit.runners.model.FrameworkMethod$1.runReflectiveCall(FrameworkMethod.java:47)
	at org.junit.internal.runners.model.ReflectiveCallable.run(ReflectiveCallable.java:12)
	at org.junit.runners.model.FrameworkMethod.invokeExplosively(FrameworkMethod.java:44)
	at org.junit.internal.runners.statements.InvokeMethod.evaluate(InvokeMethod.java:17)
	at org.junit.internal.runners.statements.RunBefores.evaluate(RunBefores.java:26)
	at org.junit.internal.runners.statements.RunAfters.evaluate(RunAfters.java:27)
	at org.junit.runners.ParentRunner.runLeaf(ParentRunner.java:271)
	at org.junit.runners.BlockJUnit4ClassRunner.runChild(BlockJUnit4ClassRunner.java:70)
	at org.junit.runners.BlockJUnit4ClassRunner.runChild(BlockJUnit4ClassRunner.java:50)
	at org.junit.runners.ParentRunner$3.run(ParentRunner.java:238)
	at org.junit.runners.ParentRunner$1.schedule(ParentRunner.java:63)
	at org.junit.runners.ParentRunner.runChildren(ParentRunner.java:236)
	at org.junit.runners.ParentRunner.access$000(ParentRunner.java:53)
	at org.junit.runners.ParentRunner$2.evaluate(ParentRunner.java:229)
	at org.junit.runners.ParentRunner.run(ParentRunner.java:309)
	at org.apache.maven.surefire.junit4.JUnit4Provider.execute(JUnit4Provider.java:365)
	at org.apache.maven.surefire.junit4.JUnit4Provider.executeWithRerun(JUnit4Provider.java:273)
	at org.apache.maven.surefire.junit4.JUnit4Provider.executeTestSet(JUnit4Provider.java:238)
	at org.apache.maven.surefire.junit4.JUnit4Provider.invoke(JUnit4Provider.java:159)
	at org.apache.maven.surefire.booter.ForkedBooter.invokeProviderInSameClassLoader(ForkedBooter.java:384)
	at org.apache.maven.surefire.booter.ForkedBooter.runSuitesInProcess(ForkedBooter.java:345)
	at org.apache.maven.surefire.booter.ForkedBooter.execute(ForkedBooter.java:126)
	at org.apache.maven.surefire.booter.ForkedBooter.main(ForkedBooter.java:418)

Aug 21, 2019 5:38:46 PM org.apache.ratis.thirdparty.io.grpc.internal.ManagedChannelOrphanWrapper$ManagedChannelReference cleanQueue
SEVERE: *~*~*~ Channel ManagedChannelImpl{logId=2738, target=192.168.69.88:41819} was not shutdown properly!!! ~*~*~*
    Make sure to call shutdown()/shutdownNow() and wait until awaitTermination() returns true.
java.lang.RuntimeException: ManagedChannel allocation site
	at org.apache.ratis.thirdparty.io.grpc.internal.ManagedChannelOrphanWrapper$ManagedChannelReference.<init>(ManagedChannelOrphanWrapper.java:103)
	at org.apache.ratis.thirdparty.io.grpc.internal.ManagedChannelOrphanWrapper.<init>(ManagedChannelOrphanWrapper.java:53)
	at org.apache.ratis.thirdparty.io.grpc.internal.ManagedChannelOrphanWrapper.<init>(ManagedChannelOrphanWrapper.java:44)
	at org.apache.ratis.thirdparty.io.grpc.internal.AbstractManagedChannelImplBuilder.build(AbstractManagedChannelImplBuilder.java:411)
	at org.apache.ratis.grpc.client.GrpcClientProtocolClient.<init>(GrpcClientProtocolClient.java:119)
	at org.apache.ratis.grpc.client.GrpcClientRpc.lambda$new$0(GrpcClientRpc.java:55)
	at org.apache.ratis.util.PeerProxyMap$PeerAndProxy.lambda$getProxy$0(PeerProxyMap.java:61)
	at org.apache.ratis.util.LifeCycle.startAndTransition(LifeCycle.java:202)
	at org.apache.ratis.util.PeerProxyMap$PeerAndProxy.getProxy(PeerProxyMap.java:60)
	at org.apache.ratis.util.PeerProxyMap.getProxy(PeerProxyMap.java:107)
	at org.apache.ratis.grpc.client.GrpcClientRpc.sendRequestAsync(GrpcClientRpc.java:66)
	at org.apache.ratis.client.impl.OrderedAsync.sendRequest(OrderedAsync.java:208)
	at org.apache.ratis.client.impl.OrderedAsync.sendRequestWithRetry(OrderedAsync.java:169)
	at org.apache.ratis.util.SlidingWindow$Client.sendOrDelayRequest(SlidingWindow.java:278)
	at org.apache.ratis.util.SlidingWindow$Client.submitNewRequest(SlidingWindow.java:257)
	at org.apache.ratis.client.impl.OrderedAsync.send(OrderedAsync.java:155)
	at org.apache.ratis.client.impl.RaftClientImpl.sendAsync(RaftClientImpl.java:145)
	at org.apache.ratis.client.impl.RaftClientImpl.sendAsync(RaftClientImpl.java:125)
	at org.apache.hadoop.hdds.scm.XceiverClientRatis.sendRequestAsync(XceiverClientRatis.java:224)
	at org.apache.hadoop.hdds.scm.XceiverClientRatis.sendCommandAsync(XceiverClientRatis.java:302)
	at org.apache.hadoop.hdds.scm.storage.ContainerProtocolCalls.writeChunkAsync(ContainerProtocolCalls.java:310)
	at org.apache.hadoop.hdds.scm.storage.BlockOutputStream.writeChunkToContainer(BlockOutputStream.java:601)
	at org.apache.hadoop.hdds.scm.storage.BlockOutputStream.writeChunk(BlockOutputStream.java:459)
	at org.apache.hadoop.hdds.scm.storage.BlockOutputStream.writeOnRetry(BlockOutputStream.java:285)
	at org.apache.hadoop.ozone.client.io.BlockOutputStreamEntry.writeOnRetry(BlockOutputStreamEntry.java:200)
	at org.apache.hadoop.ozone.client.io.KeyOutputStream.handleWrite(KeyOutputStream.java:209)
	at org.apache.hadoop.ozone.client.io.KeyOutputStream.handleRetry(KeyOutputStream.java:376)
	at org.apache.hadoop.ozone.client.io.KeyOutputStream.handleException(KeyOutputStream.java:325)
	at org.apache.hadoop.ozone.client.io.KeyOutputStream.handleFlushOrClose(KeyOutputStream.java:448)
	at org.apache.hadoop.ozone.client.io.KeyOutputStream.handleWrite(KeyOutputStream.java:235)
	at org.apache.hadoop.ozone.client.io.KeyOutputStream.write(KeyOutputStream.java:193)
	at org.apache.hadoop.ozone.client.io.OzoneOutputStream.write(OzoneOutputStream.java:49)
	at java.io.OutputStream.write(OutputStream.java:75)
	at org.apache.hadoop.ozone.client.rpc.TestBlockOutputStreamWithFailures.testDatanodeFailureWithSingleNodeRatis(TestBlockOutputStreamWithFailures.java:1021)
	at sun.reflect.NativeMethodAccessorImpl.invoke0(Native Method)
	at sun.reflect.NativeMethodAccessorImpl.invoke(NativeMethodAccessorImpl.java:62)
	at sun.reflect.DelegatingMethodAccessorImpl.invoke(DelegatingMethodAccessorImpl.java:43)
	at java.lang.reflect.Method.invoke(Method.java:498)
	at org.junit.runners.model.FrameworkMethod$1.runReflectiveCall(FrameworkMethod.java:47)
	at org.junit.internal.runners.model.ReflectiveCallable.run(ReflectiveCallable.java:12)
	at org.junit.runners.model.FrameworkMethod.invokeExplosively(FrameworkMethod.java:44)
	at org.junit.internal.runners.statements.InvokeMethod.evaluate(InvokeMethod.java:17)
	at org.junit.internal.runners.statements.RunBefores.evaluate(RunBefores.java:26)
	at org.junit.internal.runners.statements.RunAfters.evaluate(RunAfters.java:27)
	at org.junit.runners.ParentRunner.runLeaf(ParentRunner.java:271)
	at org.junit.runners.BlockJUnit4ClassRunner.runChild(BlockJUnit4ClassRunner.java:70)
	at org.junit.runners.BlockJUnit4ClassRunner.runChild(BlockJUnit4ClassRunner.java:50)
	at org.junit.runners.ParentRunner$3.run(ParentRunner.java:238)
	at org.junit.runners.ParentRunner$1.schedule(ParentRunner.java:63)
	at org.junit.runners.ParentRunner.runChildren(ParentRunner.java:236)
	at org.junit.runners.ParentRunner.access$000(ParentRunner.java:53)
	at org.junit.runners.ParentRunner$2.evaluate(ParentRunner.java:229)
	at org.junit.runners.ParentRunner.run(ParentRunner.java:309)
	at org.apache.maven.surefire.junit4.JUnit4Provider.execute(JUnit4Provider.java:365)
	at org.apache.maven.surefire.junit4.JUnit4Provider.executeWithRerun(JUnit4Provider.java:273)
	at org.apache.maven.surefire.junit4.JUnit4Provider.executeTestSet(JUnit4Provider.java:238)
	at org.apache.maven.surefire.junit4.JUnit4Provider.invoke(JUnit4Provider.java:159)
	at org.apache.maven.surefire.booter.ForkedBooter.invokeProviderInSameClassLoader(ForkedBooter.java:384)
	at org.apache.maven.surefire.booter.ForkedBooter.runSuitesInProcess(ForkedBooter.java:345)
	at org.apache.maven.surefire.booter.ForkedBooter.execute(ForkedBooter.java:126)
	at org.apache.maven.surefire.booter.ForkedBooter.main(ForkedBooter.java:418)

]]></system-err>
  </testcase>
  <testcase name="testFailureWithPrimeSizedData" classname="org.apache.hadoop.ozone.client.rpc.TestBlockOutputStreamWithFailures" time="39.664"/>
  <testcase name="testWatchForCommitWithCloseContainerException" classname="org.apache.hadoop.ozone.client.rpc.TestBlockOutputStreamWithFailures" time="38.154"/>
  <testcase name="testExceptionDuringClose" classname="org.apache.hadoop.ozone.client.rpc.TestBlockOutputStreamWithFailures" time="48.211"/>
</testsuite>